<?xml version="1.0" encoding="UTF-8"?>
<testsuite xmlns:xsi="http://www.w3.org/2001/XMLSchema-instance" xsi:noNamespaceSchemaLocation="https://maven.apache.org/surefire/maven-surefire-plugin/xsd/surefire-test-report-3.0.xsd" version="3.0" name="org.apache.hadoop.ozone.TestHddsSecureDatanodeInit" time="35.287" tests="11" errors="1" skipped="0" failures="0">
  <properties>
    <property name="awt.toolkit" value="sun.awt.X11.XToolkit"/>
    <property name="file.encoding.pkg" value="sun.io"/>
    <property name="java.specification.version" value="1.8"/>
    <property name="sun.cpu.isalist" value=""/>
    <property name="sun.jnu.encoding" value="UTF-8"/>
    <property name="java.class.path" value="/home/runner/work/ozone/ozone/hadoop-hdds/container-service/target/test-classes:/home/runner/work/ozone/ozone/hadoop-hdds/container-service/target/classes:/home/runner/work/ozone/ozone/hadoop-hdds/common/target/classes:/home/runner/work/ozone/ozone/hadoop-hdds/hadoop-dependency-client/target/classes:/home/runner/.m2/repository/org/apache/hadoop/hadoop-annotations/3.3.4/hadoop-annotations-3.3.4.jar:/usr/lib/jvm/temurin-8-jdk-amd64/jre/../lib/tools.jar:/home/runner/.m2/repository/org/apache/hadoop/hadoop-common/3.3.4/hadoop-common-3.3.4.jar:/home/runner/.m2/repository/org/apache/hadoop/thirdparty/hadoop-shaded-guava/1.1.1/hadoop-shaded-guava-1.1.1.jar:/home/runner/.m2/repository/org/apache/httpcomponents/httpclient/4.5.13/httpclient-4.5.13.jar:/home/runner/.m2/repository/org/apache/httpcomponents/httpcore/4.4.13/httpcore-4.4.13.jar:/home/runner/.m2/repository/jakarta/activation/jakarta.activation-api/1.2.1/jakarta.activation-api-1.2.1.jar:/home/runner/.m2/repository/com/google/re2j/re2j/1.1/re2j-1.1.jar:/home/runner/.m2/repository/org/apache/hadoop/hadoop-auth/3.3.4/hadoop-auth-3.3.4.jar:/home/runner/.m2/repository/org/apache/kerby/kerb-core/1.0.1/kerb-core-1.0.1.jar:/home/runner/.m2/repository/org/apache/kerby/kerby-pkix/1.0.1/kerby-pkix-1.0.1.jar:/home/runner/.m2/repository/org/apache/kerby/kerby-asn1/1.0.1/kerby-asn1-1.0.1.jar:/home/runner/.m2/repository/org/apache/kerby/kerby-util/1.0.1/kerby-util-1.0.1.jar:/home/runner/.m2/repository/org/codehaus/woodstox/stax2-api/4.2.1/stax2-api-4.2.1.jar:/home/runner/.m2/repository/com/fasterxml/woodstox/woodstox-core/5.4.0/woodstox-core-5.4.0.jar:/home/runner/.m2/repository/org/xerial/snappy/snappy-java/1.1.8.2/snappy-java-1.1.8.2.jar:/home/runner/.m2/repository/org/apache/hadoop/hadoop-hdfs/3.3.4/hadoop-hdfs-3.3.4.jar:/home/runner/.m2/repository/info/picocli/picocli/4.6.1/picocli-4.6.1.jar:/home/runner/.m2/repository/com/google/protobuf/protobuf-java/2.5.0/protobuf-java-2.5.0.jar:/home/runner/.m2/repository/com/google/guava/guava/31.1-jre/guava-31.1-jre.jar:/home/runner/.m2/repository/com/google/guava/failureaccess/1.0.1/failureaccess-1.0.1.jar:/home/runner/.m2/repository/com/google/guava/listenablefuture/9999.0-empty-to-avoid-conflict-with-guava/listenablefuture-9999.0-empty-to-avoid-conflict-with-guava.jar:/home/runner/.m2/repository/org/checkerframework/checker-qual/3.12.0/checker-qual-3.12.0.jar:/home/runner/.m2/repository/com/google/errorprone/error_prone_annotations/2.2.0/error_prone_annotations-2.2.0.jar:/home/runner/.m2/repository/com/google/j2objc/j2objc-annotations/1.3/j2objc-annotations-1.3.jar:/home/runner/.m2/repository/org/apache/commons/commons-lang3/3.7/commons-lang3-3.7.jar:/home/runner/.m2/repository/commons-io/commons-io/2.11.0/commons-io-2.11.0.jar:/home/runner/.m2/repository/com/fasterxml/jackson/core/jackson-annotations/2.13.4/jackson-annotations-2.13.4.jar:/home/runner/.m2/repository/com/fasterxml/jackson/datatype/jackson-datatype-jsr310/2.13.4/jackson-datatype-jsr310-2.13.4.jar:/home/runner/.m2/repository/com/fasterxml/jackson/core/jackson-core/2.13.4/jackson-core-2.13.4.jar:/home/runner/.m2/repository/com/fasterxml/jackson/core/jackson-databind/2.13.4.2/jackson-databind-2.13.4.2.jar:/home/runner/work/ozone/ozone/hadoop-hdds/annotations/target/classes:/home/runner/work/ozone/ozone/hadoop-hdds/config/target/classes:/home/runner/.m2/repository/javax/annotation/javax.annotation-api/1.2/javax.annotation-api-1.2.jar:/home/runner/.m2/repository/org/apache/ratis/ratis-server/2.4.2-8b8bdda-SNAPSHOT/ratis-server-2.4.2-8b8bdda-SNAPSHOT.jar:/home/runner/.m2/repository/org/apache/ratis/ratis-thirdparty-misc/1.0.3/ratis-thirdparty-misc-1.0.3.jar:/home/runner/.m2/repository/org/apache/ratis/ratis-proto/2.4.2-8b8bdda-SNAPSHOT/ratis-proto-2.4.2-8b8bdda-SNAPSHOT.jar:/home/runner/.m2/repository/org/apache/ratis/ratis-common/2.4.2-8b8bdda-SNAPSHOT/ratis-common-2.4.2-8b8bdda-SNAPSHOT.jar:/home/runner/.m2/repository/org/apache/ratis/ratis-client/2.4.2-8b8bdda-SNAPSHOT/ratis-client-2.4.2-8b8bdda-SNAPSHOT.jar:/home/runner/.m2/repository/org/apache/ratis/ratis-server-api/2.4.2-8b8bdda-SNAPSHOT/ratis-server-api-2.4.2-8b8bdda-SNAPSHOT.jar:/home/runner/.m2/repository/org/apache/ratis/ratis-metrics/2.4.2-8b8bdda-SNAPSHOT/ratis-metrics-2.4.2-8b8bdda-SNAPSHOT.jar:/home/runner/.m2/repository/org/apache/ratis/ratis-netty/2.4.2-8b8bdda-SNAPSHOT/ratis-netty-2.4.2-8b8bdda-SNAPSHOT.jar:/home/runner/.m2/repository/org/apache/ratis/ratis-grpc/2.4.2-8b8bdda-SNAPSHOT/ratis-grpc-2.4.2-8b8bdda-SNAPSHOT.jar:/home/runner/.m2/repository/org/apache/logging/log4j/log4j-api/2.17.1/log4j-api-2.17.1.jar:/home/runner/.m2/repository/org/apache/commons/commons-pool2/2.6.0/commons-pool2-2.6.0.jar:/home/runner/.m2/repository/org/bouncycastle/bcpkix-jdk15on/1.67/bcpkix-jdk15on-1.67.jar:/home/runner/.m2/repository/org/bouncycastle/bcprov-jdk15on/1.67/bcprov-jdk15on-1.67.jar:/home/runner/.m2/repository/commons-validator/commons-validator/1.6/commons-validator-1.6.jar:/home/runner/.m2/repository/commons-beanutils/commons-beanutils/1.9.4/commons-beanutils-1.9.4.jar:/home/runner/.m2/repository/commons-digester/commons-digester/1.8.1/commons-digester-1.8.1.jar:/home/runner/.m2/repository/commons-collections/commons-collections/3.2.2/commons-collections-3.2.2.jar:/home/runner/.m2/repository/io/jaegertracing/jaeger-client/1.6.0/jaeger-client-1.6.0.jar:/home/runner/.m2/repository/io/jaegertracing/jaeger-thrift/1.6.0/jaeger-thrift-1.6.0.jar:/home/runner/.m2/repository/org/apache/thrift/libthrift/0.14.1/libthrift-0.14.1.jar:/home/runner/.m2/repository/io/jaegertracing/jaeger-core/1.6.0/jaeger-core-1.6.0.jar:/home/runner/.m2/repository/com/google/code/gson/gson/2.9.0/gson-2.9.0.jar:/home/runner/.m2/repository/io/jaegertracing/jaeger-tracerresolver/1.6.0/jaeger-tracerresolver-1.6.0.jar:/home/runner/.m2/repository/io/opentracing/contrib/opentracing-tracerresolver/0.1.8/opentracing-tracerresolver-0.1.8.jar:/home/runner/.m2/repository/org/jetbrains/kotlin/kotlin-stdlib/1.6.21/kotlin-stdlib-1.6.21.jar:/home/runner/.m2/repository/org/jetbrains/kotlin/kotlin-stdlib-common/1.6.21/kotlin-stdlib-common-1.6.21.jar:/home/runner/.m2/repository/org/jetbrains/annotations/13.0/annotations-13.0.jar:/home/runner/.m2/repository/io/opentracing/opentracing-util/0.33.0/opentracing-util-0.33.0.jar:/home/runner/.m2/repository/io/opentracing/opentracing-api/0.33.0/opentracing-api-0.33.0.jar:/home/runner/.m2/repository/io/opentracing/opentracing-noop/0.33.0/opentracing-noop-0.33.0.jar:/home/runner/.m2/repository/org/reflections/reflections/0.9.11/reflections-0.9.11.jar:/home/runner/.m2/repository/org/javassist/javassist/3.21.0-GA/javassist-3.21.0-GA.jar:/home/runner/work/ozone/ozone/hadoop-hdds/interface-client/target/classes:/home/runner/.m2/repository/org/apache/hadoop/thirdparty/hadoop-shaded-protobuf_3_7/1.1.1/hadoop-shaded-protobuf_3_7-1.1.1.jar:/home/runner/work/ozone/ozone/hadoop-hdds/interface-admin/target/classes:/home/runner/work/ozone/ozone/hadoop-hdds/test-utils/target/classes:/home/runner/.m2/repository/commons-logging/commons-logging/1.2/commons-logging-1.2.jar:/home/runner/.m2/repository/org/junit/jupiter/junit-jupiter-api/5.8.2/junit-jupiter-api-5.8.2.jar:/home/runner/.m2/repository/org/opentest4j/opentest4j/1.2.0/opentest4j-1.2.0.jar:/home/runner/.m2/repository/org/junit/platform/junit-platform-commons/1.8.2/junit-platform-commons-1.8.2.jar:/home/runner/.m2/repository/org/apiguardian/apiguardian-api/1.1.2/apiguardian-api-1.1.2.jar:/home/runner/.m2/repository/ch/qos/reload4j/reload4j/1.2.22/reload4j-1.2.22.jar:/home/runner/.m2/repository/org/slf4j/slf4j-api/1.7.36/slf4j-api-1.7.36.jar:/home/runner/.m2/repository/org/apache/commons/commons-compress/1.21/commons-compress-1.21.jar:/home/runner/.m2/repository/com/github/luben/zstd-jni/1.5.2-5/zstd-jni-1.5.2-5.jar:/home/runner/work/ozone/ozone/hadoop-hdds/common/target/test-classes:/home/runner/work/ozone/ozone/hadoop-hdds/framework/target/classes:/home/runner/work/ozone/ozone/hadoop-hdds/interface-server/target/classes:/home/runner/work/ozone/ozone/hadoop-hdds/hadoop-dependency-server/target/classes:/home/runner/.m2/repository/commons-cli/commons-cli/1.2/commons-cli-1.2.jar:/home/runner/.m2/repository/org/apache/commons/commons-configuration2/2.1.1/commons-configuration2-2.1.1.jar:/home/runner/.m2/repository/org/apache/logging/log4j/log4j-core/2.17.1/log4j-core-2.17.1.jar:/home/runner/.m2/repository/com/lmax/disruptor/3.4.2/disruptor-3.4.2.jar:/home/runner/.m2/repository/org/eclipse/jetty/jetty-util/9.4.49.v20220914/jetty-util-9.4.49.v20220914.jar:/home/runner/.m2/repository/org/eclipse/jetty/jetty-server/9.4.49.v20220914/jetty-server-9.4.49.v20220914.jar:/home/runner/.m2/repository/javax/servlet/javax.servlet-api/3.1.0/javax.servlet-api-3.1.0.jar:/home/runner/.m2/repository/org/eclipse/jetty/jetty-http/9.4.49.v20220914/jetty-http-9.4.49.v20220914.jar:/home/runner/.m2/repository/org/eclipse/jetty/jetty-io/9.4.49.v20220914/jetty-io-9.4.49.v20220914.jar:/home/runner/.m2/repository/org/eclipse/jetty/jetty-servlet/9.4.49.v20220914/jetty-servlet-9.4.49.v20220914.jar:/home/runner/.m2/repository/org/eclipse/jetty/jetty-security/9.4.49.v20220914/jetty-security-9.4.49.v20220914.jar:/home/runner/.m2/repository/org/eclipse/jetty/jetty-util-ajax/9.4.49.v20220914/jetty-util-ajax-9.4.49.v20220914.jar:/home/runner/.m2/repository/org/eclipse/jetty/jetty-webapp/9.4.49.v20220914/jetty-webapp-9.4.49.v20220914.jar:/home/runner/.m2/repository/org/eclipse/jetty/jetty-xml/9.4.49.v20220914/jetty-xml-9.4.49.v20220914.jar:/home/runner/.m2/repository/org/rocksdb/rocksdbjni/7.7.3/rocksdbjni-7.7.3.jar:/home/runner/.m2/repository/io/prometheus/simpleclient_dropwizard/0.7.0/simpleclient_dropwizard-0.7.0.jar:/home/runner/.m2/repository/io/prometheus/simpleclient/0.7.0/simpleclient-0.7.0.jar:/home/runner/.m2/repository/io/prometheus/simpleclient_common/0.7.0/simpleclient_common-0.7.0.jar:/home/runner/.m2/repository/org/apache/hadoop/hadoop-hdfs-client/3.3.4/hadoop-hdfs-client-3.3.4.jar:/home/runner/.m2/repository/com/squareup/okhttp3/okhttp/4.9.3/okhttp-4.9.3.jar:/home/runner/.m2/repository/com/squareup/okio/okio/2.8.0/okio-2.8.0.jar:/home/runner/work/ozone/ozone/hadoop-hdds/client/target/classes:/home/runner/work/ozone/ozone/hadoop-hdds/erasurecode/target/classes:/home/runner/.m2/repository/commons-codec/commons-codec/1.15/commons-codec-1.15.jar:/home/runner/.m2/repository/io/dropwizard/metrics/metrics-core/3.2.4/metrics-core-3.2.4.jar:/home/runner/.m2/repository/org/mockito/mockito-core/2.28.2/mockito-core-2.28.2.jar:/home/runner/.m2/repository/net/bytebuddy/byte-buddy/1.9.10/byte-buddy-1.9.10.jar:/home/runner/.m2/repository/net/bytebuddy/byte-buddy-agent/1.9.10/byte-buddy-agent-1.9.10.jar:/home/runner/.m2/repository/org/objenesis/objenesis/1.0/objenesis-1.0.jar:/home/runner/.m2/repository/org/yaml/snakeyaml/1.33/snakeyaml-1.33.jar:/home/runner/work/ozone/ozone/hadoop-hdds/docs/target/classes:/home/runner/.m2/repository/com/github/spotbugs/spotbugs-annotations/3.1.12/spotbugs-annotations-3.1.12.jar:/home/runner/.m2/repository/com/google/code/findbugs/jsr305/3.0.0/jsr305-3.0.0.jar:/home/runner/.m2/repository/org/powermock/powermock-module-junit4/2.0.4/powermock-module-junit4-2.0.4.jar:/home/runner/.m2/repository/org/powermock/powermock-module-junit4-common/2.0.4/powermock-module-junit4-common-2.0.4.jar:/home/runner/.m2/repository/org/powermock/powermock-reflect/2.0.4/powermock-reflect-2.0.4.jar:/home/runner/.m2/repository/org/powermock/powermock-core/2.0.4/powermock-core-2.0.4.jar:/home/runner/.m2/repository/org/hamcrest/hamcrest-core/1.3/hamcrest-core-1.3.jar:/home/runner/.m2/repository/org/powermock/powermock-api-mockito2/2.0.4/powermock-api-mockito2-2.0.4.jar:/home/runner/.m2/repository/org/powermock/powermock-api-support/2.0.4/powermock-api-support-2.0.4.jar:/home/runner/work/ozone/ozone/hadoop-hdds/hadoop-dependency-test/target/classes:/home/runner/.m2/repository/org/apache/hadoop/hadoop-common/3.3.4/hadoop-common-3.3.4-tests.jar:/home/runner/.m2/repository/org/apache/hadoop/hadoop-hdfs/3.3.4/hadoop-hdfs-3.3.4-tests.jar:/home/runner/.m2/repository/org/assertj/assertj-core/3.12.2/assertj-core-3.12.2.jar:/home/runner/.m2/repository/org/slf4j/slf4j-reload4j/1.7.36/slf4j-reload4j-1.7.36.jar:/home/runner/.m2/repository/javax/xml/bind/jaxb-api/2.3.0/jaxb-api-2.3.0.jar:/home/runner/.m2/repository/org/glassfish/jaxb/jaxb-runtime/2.3.0.1/jaxb-runtime-2.3.0.1.jar:/home/runner/.m2/repository/org/glassfish/jaxb/jaxb-core/2.3.0.1/jaxb-core-2.3.0.1.jar:/home/runner/.m2/repository/org/glassfish/jaxb/txw2/2.3.0.1/txw2-2.3.0.1.jar:/home/runner/.m2/repository/com/sun/istack/istack-commons-runtime/3.0.5/istack-commons-runtime-3.0.5.jar:/home/runner/.m2/repository/org/jvnet/staxex/stax-ex/1.7.8/stax-ex-1.7.8.jar:/home/runner/.m2/repository/com/sun/xml/fastinfoset/FastInfoset/1.2.13/FastInfoset-1.2.13.jar:/home/runner/.m2/repository/io/netty/netty-transport/4.1.77.Final/netty-transport-4.1.77.Final.jar:/home/runner/.m2/repository/io/netty/netty-common/4.1.77.Final/netty-common-4.1.77.Final.jar:/home/runner/.m2/repository/io/netty/netty-buffer/4.1.77.Final/netty-buffer-4.1.77.Final.jar:/home/runner/.m2/repository/io/netty/netty-resolver/4.1.77.Final/netty-resolver-4.1.77.Final.jar:/home/runner/.m2/repository/io/netty/netty-codec/4.1.77.Final/netty-codec-4.1.77.Final.jar:/home/runner/.m2/repository/io/netty/netty-handler/4.1.77.Final/netty-handler-4.1.77.Final.jar:/home/runner/.m2/repository/org/apache/commons/commons-text/1.4/commons-text-1.4.jar:/home/runner/.m2/repository/org/mockito/mockito-junit-jupiter/2.28.2/mockito-junit-jupiter-2.28.2.jar:/home/runner/.m2/repository/junit/junit/4.13.1/junit-4.13.1.jar:"/>
    <property name="java.vm.vendor" value="Temurin"/>
    <property name="sun.arch.data.model" value="64"/>
    <property name="test.build.dir" value="/home/runner/work/ozone/ozone/hadoop-hdds/container-service/target/test-dir"/>
    <property name="test.cache.data" value=""/>
    <property name="java.vendor.url" value="https://adoptium.net/"/>
    <property name="user.timezone" value="Etc/UTC"/>
    <property name="java.vm.specification.version" value="1.8"/>
    <property name="os.name" value="Linux"/>
    <property name="test.build.data" value="/home/runner/work/ozone/ozone/hadoop-hdds/container-service/target/test-dir"/>
    <property name="sun.java.launcher" value="SUN_STANDARD"/>
    <property name="sun.boot.library.path" value="/usr/lib/jvm/temurin-8-jdk-amd64/jre/lib/amd64"/>
    <property name="sun.java.command" value="/home/runner/work/ozone/ozone/hadoop-hdds/container-service/target/surefire/surefirebooter1736113882304296143.jar /home/runner/work/ozone/ozone/hadoop-hdds/container-service/target/surefire 2023-01-12T05-09-29_255-jvmRun1 surefire2915919575449018811tmp surefire_1955818490104768961695tmp"/>
    <property name="surefire.test.class.path" value="/home/runner/work/ozone/ozone/hadoop-hdds/container-service/target/test-classes:/home/runner/work/ozone/ozone/hadoop-hdds/container-service/target/classes:/home/runner/work/ozone/ozone/hadoop-hdds/common/target/classes:/home/runner/work/ozone/ozone/hadoop-hdds/hadoop-dependency-client/target/classes:/home/runner/.m2/repository/org/apache/hadoop/hadoop-annotations/3.3.4/hadoop-annotations-3.3.4.jar:/usr/lib/jvm/temurin-8-jdk-amd64/jre/../lib/tools.jar:/home/runner/.m2/repository/org/apache/hadoop/hadoop-common/3.3.4/hadoop-common-3.3.4.jar:/home/runner/.m2/repository/org/apache/hadoop/thirdparty/hadoop-shaded-guava/1.1.1/hadoop-shaded-guava-1.1.1.jar:/home/runner/.m2/repository/org/apache/httpcomponents/httpclient/4.5.13/httpclient-4.5.13.jar:/home/runner/.m2/repository/org/apache/httpcomponents/httpcore/4.4.13/httpcore-4.4.13.jar:/home/runner/.m2/repository/jakarta/activation/jakarta.activation-api/1.2.1/jakarta.activation-api-1.2.1.jar:/home/runner/.m2/repository/com/google/re2j/re2j/1.1/re2j-1.1.jar:/home/runner/.m2/repository/org/apache/hadoop/hadoop-auth/3.3.4/hadoop-auth-3.3.4.jar:/home/runner/.m2/repository/org/apache/kerby/kerb-core/1.0.1/kerb-core-1.0.1.jar:/home/runner/.m2/repository/org/apache/kerby/kerby-pkix/1.0.1/kerby-pkix-1.0.1.jar:/home/runner/.m2/repository/org/apache/kerby/kerby-asn1/1.0.1/kerby-asn1-1.0.1.jar:/home/runner/.m2/repository/org/apache/kerby/kerby-util/1.0.1/kerby-util-1.0.1.jar:/home/runner/.m2/repository/org/codehaus/woodstox/stax2-api/4.2.1/stax2-api-4.2.1.jar:/home/runner/.m2/repository/com/fasterxml/woodstox/woodstox-core/5.4.0/woodstox-core-5.4.0.jar:/home/runner/.m2/repository/org/xerial/snappy/snappy-java/1.1.8.2/snappy-java-1.1.8.2.jar:/home/runner/.m2/repository/org/apache/hadoop/hadoop-hdfs/3.3.4/hadoop-hdfs-3.3.4.jar:/home/runner/.m2/repository/info/picocli/picocli/4.6.1/picocli-4.6.1.jar:/home/runner/.m2/repository/com/google/protobuf/protobuf-java/2.5.0/protobuf-java-2.5.0.jar:/home/runner/.m2/repository/com/google/guava/guava/31.1-jre/guava-31.1-jre.jar:/home/runner/.m2/repository/com/google/guava/failureaccess/1.0.1/failureaccess-1.0.1.jar:/home/runner/.m2/repository/com/google/guava/listenablefuture/9999.0-empty-to-avoid-conflict-with-guava/listenablefuture-9999.0-empty-to-avoid-conflict-with-guava.jar:/home/runner/.m2/repository/org/checkerframework/checker-qual/3.12.0/checker-qual-3.12.0.jar:/home/runner/.m2/repository/com/google/errorprone/error_prone_annotations/2.2.0/error_prone_annotations-2.2.0.jar:/home/runner/.m2/repository/com/google/j2objc/j2objc-annotations/1.3/j2objc-annotations-1.3.jar:/home/runner/.m2/repository/org/apache/commons/commons-lang3/3.7/commons-lang3-3.7.jar:/home/runner/.m2/repository/commons-io/commons-io/2.11.0/commons-io-2.11.0.jar:/home/runner/.m2/repository/com/fasterxml/jackson/core/jackson-annotations/2.13.4/jackson-annotations-2.13.4.jar:/home/runner/.m2/repository/com/fasterxml/jackson/datatype/jackson-datatype-jsr310/2.13.4/jackson-datatype-jsr310-2.13.4.jar:/home/runner/.m2/repository/com/fasterxml/jackson/core/jackson-core/2.13.4/jackson-core-2.13.4.jar:/home/runner/.m2/repository/com/fasterxml/jackson/core/jackson-databind/2.13.4.2/jackson-databind-2.13.4.2.jar:/home/runner/work/ozone/ozone/hadoop-hdds/annotations/target/classes:/home/runner/work/ozone/ozone/hadoop-hdds/config/target/classes:/home/runner/.m2/repository/javax/annotation/javax.annotation-api/1.2/javax.annotation-api-1.2.jar:/home/runner/.m2/repository/org/apache/ratis/ratis-server/2.4.2-8b8bdda-SNAPSHOT/ratis-server-2.4.2-8b8bdda-SNAPSHOT.jar:/home/runner/.m2/repository/org/apache/ratis/ratis-thirdparty-misc/1.0.3/ratis-thirdparty-misc-1.0.3.jar:/home/runner/.m2/repository/org/apache/ratis/ratis-proto/2.4.2-8b8bdda-SNAPSHOT/ratis-proto-2.4.2-8b8bdda-SNAPSHOT.jar:/home/runner/.m2/repository/org/apache/ratis/ratis-common/2.4.2-8b8bdda-SNAPSHOT/ratis-common-2.4.2-8b8bdda-SNAPSHOT.jar:/home/runner/.m2/repository/org/apache/ratis/ratis-client/2.4.2-8b8bdda-SNAPSHOT/ratis-client-2.4.2-8b8bdda-SNAPSHOT.jar:/home/runner/.m2/repository/org/apache/ratis/ratis-server-api/2.4.2-8b8bdda-SNAPSHOT/ratis-server-api-2.4.2-8b8bdda-SNAPSHOT.jar:/home/runner/.m2/repository/org/apache/ratis/ratis-metrics/2.4.2-8b8bdda-SNAPSHOT/ratis-metrics-2.4.2-8b8bdda-SNAPSHOT.jar:/home/runner/.m2/repository/org/apache/ratis/ratis-netty/2.4.2-8b8bdda-SNAPSHOT/ratis-netty-2.4.2-8b8bdda-SNAPSHOT.jar:/home/runner/.m2/repository/org/apache/ratis/ratis-grpc/2.4.2-8b8bdda-SNAPSHOT/ratis-grpc-2.4.2-8b8bdda-SNAPSHOT.jar:/home/runner/.m2/repository/org/apache/logging/log4j/log4j-api/2.17.1/log4j-api-2.17.1.jar:/home/runner/.m2/repository/org/apache/commons/commons-pool2/2.6.0/commons-pool2-2.6.0.jar:/home/runner/.m2/repository/org/bouncycastle/bcpkix-jdk15on/1.67/bcpkix-jdk15on-1.67.jar:/home/runner/.m2/repository/org/bouncycastle/bcprov-jdk15on/1.67/bcprov-jdk15on-1.67.jar:/home/runner/.m2/repository/commons-validator/commons-validator/1.6/commons-validator-1.6.jar:/home/runner/.m2/repository/commons-beanutils/commons-beanutils/1.9.4/commons-beanutils-1.9.4.jar:/home/runner/.m2/repository/commons-digester/commons-digester/1.8.1/commons-digester-1.8.1.jar:/home/runner/.m2/repository/commons-collections/commons-collections/3.2.2/commons-collections-3.2.2.jar:/home/runner/.m2/repository/io/jaegertracing/jaeger-client/1.6.0/jaeger-client-1.6.0.jar:/home/runner/.m2/repository/io/jaegertracing/jaeger-thrift/1.6.0/jaeger-thrift-1.6.0.jar:/home/runner/.m2/repository/org/apache/thrift/libthrift/0.14.1/libthrift-0.14.1.jar:/home/runner/.m2/repository/io/jaegertracing/jaeger-core/1.6.0/jaeger-core-1.6.0.jar:/home/runner/.m2/repository/com/google/code/gson/gson/2.9.0/gson-2.9.0.jar:/home/runner/.m2/repository/io/jaegertracing/jaeger-tracerresolver/1.6.0/jaeger-tracerresolver-1.6.0.jar:/home/runner/.m2/repository/io/opentracing/contrib/opentracing-tracerresolver/0.1.8/opentracing-tracerresolver-0.1.8.jar:/home/runner/.m2/repository/org/jetbrains/kotlin/kotlin-stdlib/1.6.21/kotlin-stdlib-1.6.21.jar:/home/runner/.m2/repository/org/jetbrains/kotlin/kotlin-stdlib-common/1.6.21/kotlin-stdlib-common-1.6.21.jar:/home/runner/.m2/repository/org/jetbrains/annotations/13.0/annotations-13.0.jar:/home/runner/.m2/repository/io/opentracing/opentracing-util/0.33.0/opentracing-util-0.33.0.jar:/home/runner/.m2/repository/io/opentracing/opentracing-api/0.33.0/opentracing-api-0.33.0.jar:/home/runner/.m2/repository/io/opentracing/opentracing-noop/0.33.0/opentracing-noop-0.33.0.jar:/home/runner/.m2/repository/org/reflections/reflections/0.9.11/reflections-0.9.11.jar:/home/runner/.m2/repository/org/javassist/javassist/3.21.0-GA/javassist-3.21.0-GA.jar:/home/runner/work/ozone/ozone/hadoop-hdds/interface-client/target/classes:/home/runner/.m2/repository/org/apache/hadoop/thirdparty/hadoop-shaded-protobuf_3_7/1.1.1/hadoop-shaded-protobuf_3_7-1.1.1.jar:/home/runner/work/ozone/ozone/hadoop-hdds/interface-admin/target/classes:/home/runner/work/ozone/ozone/hadoop-hdds/test-utils/target/classes:/home/runner/.m2/repository/commons-logging/commons-logging/1.2/commons-logging-1.2.jar:/home/runner/.m2/repository/org/junit/jupiter/junit-jupiter-api/5.8.2/junit-jupiter-api-5.8.2.jar:/home/runner/.m2/repository/org/opentest4j/opentest4j/1.2.0/opentest4j-1.2.0.jar:/home/runner/.m2/repository/org/junit/platform/junit-platform-commons/1.8.2/junit-platform-commons-1.8.2.jar:/home/runner/.m2/repository/org/apiguardian/apiguardian-api/1.1.2/apiguardian-api-1.1.2.jar:/home/runner/.m2/repository/ch/qos/reload4j/reload4j/1.2.22/reload4j-1.2.22.jar:/home/runner/.m2/repository/org/slf4j/slf4j-api/1.7.36/slf4j-api-1.7.36.jar:/home/runner/.m2/repository/org/apache/commons/commons-compress/1.21/commons-compress-1.21.jar:/home/runner/.m2/repository/com/github/luben/zstd-jni/1.5.2-5/zstd-jni-1.5.2-5.jar:/home/runner/work/ozone/ozone/hadoop-hdds/common/target/test-classes:/home/runner/work/ozone/ozone/hadoop-hdds/framework/target/classes:/home/runner/work/ozone/ozone/hadoop-hdds/interface-server/target/classes:/home/runner/work/ozone/ozone/hadoop-hdds/hadoop-dependency-server/target/classes:/home/runner/.m2/repository/commons-cli/commons-cli/1.2/commons-cli-1.2.jar:/home/runner/.m2/repository/org/apache/commons/commons-configuration2/2.1.1/commons-configuration2-2.1.1.jar:/home/runner/.m2/repository/org/apache/logging/log4j/log4j-core/2.17.1/log4j-core-2.17.1.jar:/home/runner/.m2/repository/com/lmax/disruptor/3.4.2/disruptor-3.4.2.jar:/home/runner/.m2/repository/org/eclipse/jetty/jetty-util/9.4.49.v20220914/jetty-util-9.4.49.v20220914.jar:/home/runner/.m2/repository/org/eclipse/jetty/jetty-server/9.4.49.v20220914/jetty-server-9.4.49.v20220914.jar:/home/runner/.m2/repository/javax/servlet/javax.servlet-api/3.1.0/javax.servlet-api-3.1.0.jar:/home/runner/.m2/repository/org/eclipse/jetty/jetty-http/9.4.49.v20220914/jetty-http-9.4.49.v20220914.jar:/home/runner/.m2/repository/org/eclipse/jetty/jetty-io/9.4.49.v20220914/jetty-io-9.4.49.v20220914.jar:/home/runner/.m2/repository/org/eclipse/jetty/jetty-servlet/9.4.49.v20220914/jetty-servlet-9.4.49.v20220914.jar:/home/runner/.m2/repository/org/eclipse/jetty/jetty-security/9.4.49.v20220914/jetty-security-9.4.49.v20220914.jar:/home/runner/.m2/repository/org/eclipse/jetty/jetty-util-ajax/9.4.49.v20220914/jetty-util-ajax-9.4.49.v20220914.jar:/home/runner/.m2/repository/org/eclipse/jetty/jetty-webapp/9.4.49.v20220914/jetty-webapp-9.4.49.v20220914.jar:/home/runner/.m2/repository/org/eclipse/jetty/jetty-xml/9.4.49.v20220914/jetty-xml-9.4.49.v20220914.jar:/home/runner/.m2/repository/org/rocksdb/rocksdbjni/7.7.3/rocksdbjni-7.7.3.jar:/home/runner/.m2/repository/io/prometheus/simpleclient_dropwizard/0.7.0/simpleclient_dropwizard-0.7.0.jar:/home/runner/.m2/repository/io/prometheus/simpleclient/0.7.0/simpleclient-0.7.0.jar:/home/runner/.m2/repository/io/prometheus/simpleclient_common/0.7.0/simpleclient_common-0.7.0.jar:/home/runner/.m2/repository/org/apache/hadoop/hadoop-hdfs-client/3.3.4/hadoop-hdfs-client-3.3.4.jar:/home/runner/.m2/repository/com/squareup/okhttp3/okhttp/4.9.3/okhttp-4.9.3.jar:/home/runner/.m2/repository/com/squareup/okio/okio/2.8.0/okio-2.8.0.jar:/home/runner/work/ozone/ozone/hadoop-hdds/client/target/classes:/home/runner/work/ozone/ozone/hadoop-hdds/erasurecode/target/classes:/home/runner/.m2/repository/commons-codec/commons-codec/1.15/commons-codec-1.15.jar:/home/runner/.m2/repository/io/dropwizard/metrics/metrics-core/3.2.4/metrics-core-3.2.4.jar:/home/runner/.m2/repository/org/mockito/mockito-core/2.28.2/mockito-core-2.28.2.jar:/home/runner/.m2/repository/net/bytebuddy/byte-buddy/1.9.10/byte-buddy-1.9.10.jar:/home/runner/.m2/repository/net/bytebuddy/byte-buddy-agent/1.9.10/byte-buddy-agent-1.9.10.jar:/home/runner/.m2/repository/org/objenesis/objenesis/1.0/objenesis-1.0.jar:/home/runner/.m2/repository/org/yaml/snakeyaml/1.33/snakeyaml-1.33.jar:/home/runner/work/ozone/ozone/hadoop-hdds/docs/target/classes:/home/runner/.m2/repository/com/github/spotbugs/spotbugs-annotations/3.1.12/spotbugs-annotations-3.1.12.jar:/home/runner/.m2/repository/com/google/code/findbugs/jsr305/3.0.0/jsr305-3.0.0.jar:/home/runner/.m2/repository/org/powermock/powermock-module-junit4/2.0.4/powermock-module-junit4-2.0.4.jar:/home/runner/.m2/repository/org/powermock/powermock-module-junit4-common/2.0.4/powermock-module-junit4-common-2.0.4.jar:/home/runner/.m2/repository/org/powermock/powermock-reflect/2.0.4/powermock-reflect-2.0.4.jar:/home/runner/.m2/repository/org/powermock/powermock-core/2.0.4/powermock-core-2.0.4.jar:/home/runner/.m2/repository/org/hamcrest/hamcrest-core/1.3/hamcrest-core-1.3.jar:/home/runner/.m2/repository/org/powermock/powermock-api-mockito2/2.0.4/powermock-api-mockito2-2.0.4.jar:/home/runner/.m2/repository/org/powermock/powermock-api-support/2.0.4/powermock-api-support-2.0.4.jar:/home/runner/work/ozone/ozone/hadoop-hdds/hadoop-dependency-test/target/classes:/home/runner/.m2/repository/org/apache/hadoop/hadoop-common/3.3.4/hadoop-common-3.3.4-tests.jar:/home/runner/.m2/repository/org/apache/hadoop/hadoop-hdfs/3.3.4/hadoop-hdfs-3.3.4-tests.jar:/home/runner/.m2/repository/org/assertj/assertj-core/3.12.2/assertj-core-3.12.2.jar:/home/runner/.m2/repository/org/slf4j/slf4j-reload4j/1.7.36/slf4j-reload4j-1.7.36.jar:/home/runner/.m2/repository/javax/xml/bind/jaxb-api/2.3.0/jaxb-api-2.3.0.jar:/home/runner/.m2/repository/org/glassfish/jaxb/jaxb-runtime/2.3.0.1/jaxb-runtime-2.3.0.1.jar:/home/runner/.m2/repository/org/glassfish/jaxb/jaxb-core/2.3.0.1/jaxb-core-2.3.0.1.jar:/home/runner/.m2/repository/org/glassfish/jaxb/txw2/2.3.0.1/txw2-2.3.0.1.jar:/home/runner/.m2/repository/com/sun/istack/istack-commons-runtime/3.0.5/istack-commons-runtime-3.0.5.jar:/home/runner/.m2/repository/org/jvnet/staxex/stax-ex/1.7.8/stax-ex-1.7.8.jar:/home/runner/.m2/repository/com/sun/xml/fastinfoset/FastInfoset/1.2.13/FastInfoset-1.2.13.jar:/home/runner/.m2/repository/io/netty/netty-transport/4.1.77.Final/netty-transport-4.1.77.Final.jar:/home/runner/.m2/repository/io/netty/netty-common/4.1.77.Final/netty-common-4.1.77.Final.jar:/home/runner/.m2/repository/io/netty/netty-buffer/4.1.77.Final/netty-buffer-4.1.77.Final.jar:/home/runner/.m2/repository/io/netty/netty-resolver/4.1.77.Final/netty-resolver-4.1.77.Final.jar:/home/runner/.m2/repository/io/netty/netty-codec/4.1.77.Final/netty-codec-4.1.77.Final.jar:/home/runner/.m2/repository/io/netty/netty-handler/4.1.77.Final/netty-handler-4.1.77.Final.jar:/home/runner/.m2/repository/org/apache/commons/commons-text/1.4/commons-text-1.4.jar:/home/runner/.m2/repository/org/mockito/mockito-junit-jupiter/2.28.2/mockito-junit-jupiter-2.28.2.jar:/home/runner/.m2/repository/junit/junit/4.13.1/junit-4.13.1.jar:"/>
    <property name="sun.cpu.endian" value="little"/>
    <property name="user.home" value="/home/runner"/>
    <property name="user.language" value="en"/>
    <property name="java.specification.vendor" value="Oracle Corporation"/>
    <property name="java.home" value="/usr/lib/jvm/temurin-8-jdk-amd64/jre"/>
    <property name="java.security.krb5.conf" value="/home/runner/work/ozone/ozone/hadoop-hdds/container-service/target/test-classes/krb5.conf"/>
    <property name="basedir" value="/home/runner/work/ozone/ozone/hadoop-hdds/container-service"/>
    <property name="file.separator" value="/"/>
    <property name="line.separator" value="&#10;"/>
    <property name="java.vm.specification.vendor" value="Oracle Corporation"/>
    <property name="java.specification.name" value="Java Platform API Specification"/>
    <property name="java.awt.graphicsenv" value="sun.awt.X11GraphicsEnvironment"/>
    <property name="skip.installnpx" value="true"/>
    <property name="surefire.real.class.path" value="/home/runner/work/ozone/ozone/hadoop-hdds/container-service/target/surefire/surefirebooter1736113882304296143.jar:/home/runner/.m2/repository/org/jacoco/org.jacoco.agent/0.8.5/org.jacoco.agent-0.8.5-runtime.jar"/>
    <property name="hadoop.log.dir" value="/home/runner/work/ozone/ozone/hadoop-hdds/container-service/target/log"/>
    <property name="sun.boot.class.path" value="/usr/lib/jvm/temurin-8-jdk-amd64/jre/lib/resources.jar:/usr/lib/jvm/temurin-8-jdk-amd64/jre/lib/rt.jar:/usr/lib/jvm/temurin-8-jdk-amd64/jre/lib/sunrsasign.jar:/usr/lib/jvm/temurin-8-jdk-amd64/jre/lib/jsse.jar:/usr/lib/jvm/temurin-8-jdk-amd64/jre/lib/jce.jar:/usr/lib/jvm/temurin-8-jdk-amd64/jre/lib/charsets.jar:/usr/lib/jvm/temurin-8-jdk-amd64/jre/lib/jfr.jar:/usr/lib/jvm/temurin-8-jdk-amd64/jre/classes"/>
    <property name="sun.management.compiler" value="HotSpot 64-Bit Tiered Compilers"/>
    <property name="skip.npx" value="true"/>
    <property name="java.runtime.version" value="1.8.0_352-b08"/>
    <property name="java.net.preferIPv4Stack" value="true"/>
    <property name="user.name" value="runner"/>
    <property name="path.separator" value=":"/>
    <property name="java.security.egd" value="file:///dev/urandom"/>
    <property name="os.version" value="5.15.0-1023-azure"/>
    <property name="java.endorsed.dirs" value="/usr/lib/jvm/temurin-8-jdk-amd64/jre/lib/endorsed"/>
    <property name="java.runtime.name" value="OpenJDK Runtime Environment"/>
    <property name="file.encoding" value="UTF-8"/>
    <property name="java.vm.name" value="OpenJDK 64-Bit Server VM"/>
    <property name="test.build.webapps" value=""/>
    <property name="localRepository" value="/home/runner/.m2/repository"/>
    <property name="java.vendor.url.bug" value="https://github.com/adoptium/adoptium-support/issues"/>
    <property name="java.io.tmpdir" value="/tmp"/>
    <property name="require.test.libhadoop" value=""/>
    <property name="java.version" value="1.8.0_352"/>
    <property name="user.dir" value="/home/runner/work/ozone/ozone/hadoop-hdds/container-service"/>
    <property name="os.arch" value="amd64"/>
    <property name="java.vm.specification.name" value="Java Virtual Machine Specification"/>
    <property name="test.build.classes" value="/home/runner/work/ozone/ozone/hadoop-hdds/container-service/target/test-classes"/>
    <property name="java.awt.printerjob" value="sun.print.PSPrinterJob"/>
    <property name="sun.os.patch.level" value="unknown"/>
    <property name="hadoop.tmp.dir" value="/home/runner/work/ozone/ozone/hadoop-hdds/container-service/target/tmp"/>
    <property name="java.library.path" value="/usr/java/packages/lib/amd64:/usr/lib64:/lib64:/lib:/usr/lib"/>
    <property name="java.vm.info" value="mixed mode"/>
    <property name="java.vendor" value="Temurin"/>
    <property name="java.vm.version" value="25.352-b08"/>
    <property name="java.specification.maintenance.version" value="4"/>
    <property name="java.ext.dirs" value="/usr/lib/jvm/temurin-8-jdk-amd64/jre/lib/ext:/usr/java/packages/lib/ext"/>
    <property name="sun.io.unicode.encoding" value="UnicodeLittle"/>
    <property name="java.class.version" value="52.0"/>
  </properties>
  <testcase name="testSecureDnStartupCase0" classname="org.apache.hadoop.ozone.TestHddsSecureDatanodeInit" time="0.384">
    <system-out><![CDATA[2023-01-12 05:26:29,068 [main] INFO  metrics.MetricRegistries (MetricRegistriesLoader.java:load(64)) - Loaded MetricRegistries class org.apache.ratis.metrics.impl.MetricRegistriesImpl
2023-01-12 05:26:29,141 [main] WARN  impl.MetricsConfig (MetricsConfig.java:loadFirst(136)) - Cannot locate configuration: tried hadoop-metrics2-hddsdatanode.properties,hadoop-metrics2.properties
2023-01-12 05:26:29,296 [main] INFO  impl.MetricsSystemImpl (MetricsSystemImpl.java:startTimer(378)) - Scheduled Metric snapshot period at 10 second(s).
2023-01-12 05:26:29,296 [main] INFO  impl.MetricsSystemImpl (MetricsSystemImpl.java:start(191)) - HddsDatanode metrics system started
2023-01-12 05:26:29,389 [main] INFO  ozone.HddsDatanodeService (HddsDatanodeService.java:start(228)) - HddsDatanodeService host:fv-az205-554.k2gd1z4tyxsu3cbgyjsjq30zwf.jx.internal.cloudapp.net ip:10.1.0.17
2023-01-12 05:26:29,423 [main] INFO  ozone.HddsDatanodeService (HddsDatanodeService.java:initializeCertificateClient(333)) - Initializing secure Datanode.
2023-01-12 05:26:29,423 [main] ERROR client.DNCertificateClient (DefaultCertificateClient.java:getCertificate(310)) - Default certificate serial id is not set. Can't locate the default certificate for this client.
2023-01-12 05:26:29,425 [main] INFO  client.DNCertificateClient (DefaultCertificateClient.java:init(792)) - Certificate client init case: 0
2023-01-12 05:26:29,426 [main] INFO  client.DNCertificateClient (DefaultCertificateClient.java:handleCase(806)) - Creating keypair for client as keypair and certificate not found.
2023-01-12 05:26:29,880 [main] INFO  ozone.HddsDatanodeService (HddsDatanodeService.java:initializeCertificateClient(342)) - Init response: GETCERT
2023-01-12 05:26:29,893 [main] INFO  ozone.OzoneSecurityUtil (OzoneSecurityUtil.java:getValidInetsForCurrentHost(119)) - ip:fe80:0:0:0:222:48ff:feaa:f404%eth0 not returned.
2023-01-12 05:26:29,894 [main] INFO  ozone.OzoneSecurityUtil (OzoneSecurityUtil.java:getValidInetsForCurrentHost(116)) - Adding ip:10.1.0.17,host:fv-az205-554.k2gd1z4tyxsu3cbgyjsjq30zwf.jx.internal.cloudapp.net
2023-01-12 05:26:29,894 [main] INFO  ozone.OzoneSecurityUtil (OzoneSecurityUtil.java:getValidInetsForCurrentHost(119)) - ip:0:0:0:0:0:0:0:1%lo not returned.
2023-01-12 05:26:29,895 [main] INFO  ozone.OzoneSecurityUtil (OzoneSecurityUtil.java:getValidInetsForCurrentHost(119)) - ip:127.0.0.1 not returned.
2023-01-12 05:26:29,919 [main] WARN  util.NativeCodeLoader (NativeCodeLoader.java:<clinit>(60)) - Unable to load native-hadoop library for your platform... using builtin-java classes where applicable
2023-01-12 05:26:29,947 [main] INFO  client.DNCertificateClient (DNCertificateClient.java:getCSRBuilder(98)) - Created csr for DN-> subject:runner@fv-az205-554.k2gd1z4tyxsu3cbgyjsjq30zwf.jx.internal.cloudapp.net
2023-01-12 05:26:30,151 [main] INFO  utils.SelfSignedCertificate (SelfSignedCertificate.java:generateCertificate(155)) - Certificate 1114356 is issued by CN=localhost,OU=test,O=cluster to CN=localhost,OU=test,O=cluster, valid from Thu Jan 12 05:26:30 UTC 2023 to Thu Jan 12 05:26:45 UTC 2023
2023-01-12 05:26:30,209 [main] INFO  ozone.HddsDatanodeService (HddsDatanodeService.java:initializeCertificateClient(333)) - Initializing secure Datanode.
2023-01-12 05:26:30,210 [main] INFO  client.DNCertificateClient (DefaultCertificateClient.java:init(792)) - Certificate client init case: 0
2023-01-12 05:26:30,210 [main] INFO  client.DNCertificateClient (DefaultCertificateClient.java:handleCase(806)) - Creating keypair for client as keypair and certificate not found.
2023-01-12 05:26:30,536 [main] INFO  ozone.HddsDatanodeService (HddsDatanodeService.java:initializeCertificateClient(342)) - Init response: GETCERT
2023-01-12 05:26:30,537 [main] INFO  ozone.OzoneSecurityUtil (OzoneSecurityUtil.java:getValidInetsForCurrentHost(119)) - ip:fe80:0:0:0:222:48ff:feaa:f404%eth0 not returned.
2023-01-12 05:26:30,537 [main] INFO  ozone.OzoneSecurityUtil (OzoneSecurityUtil.java:getValidInetsForCurrentHost(116)) - Adding ip:10.1.0.17,host:fv-az205-554.k2gd1z4tyxsu3cbgyjsjq30zwf.jx.internal.cloudapp.net
2023-01-12 05:26:30,538 [main] INFO  ozone.OzoneSecurityUtil (OzoneSecurityUtil.java:getValidInetsForCurrentHost(119)) - ip:0:0:0:0:0:0:0:1%lo not returned.
2023-01-12 05:26:30,538 [main] INFO  ozone.OzoneSecurityUtil (OzoneSecurityUtil.java:getValidInetsForCurrentHost(119)) - ip:127.0.0.1 not returned.
2023-01-12 05:26:30,538 [main] INFO  client.DNCertificateClient (DNCertificateClient.java:getCSRBuilder(98)) - Created csr for DN-> subject:runner@fv-az205-554.k2gd1z4tyxsu3cbgyjsjq30zwf.jx.internal.cloudapp.net
]]></system-out>
  </testcase>
  <testcase name="testSecureDnStartupCase1" classname="org.apache.hadoop.ozone.TestHddsSecureDatanodeInit" time="0.044">
    <system-out><![CDATA[2023-01-12 05:26:30,606 [main] INFO  ozone.HddsDatanodeService (HddsDatanodeService.java:initializeCertificateClient(333)) - Initializing secure Datanode.
2023-01-12 05:26:30,608 [main] INFO  client.DNCertificateClient (DefaultCertificateClient.java:loadAllCertificates(177)) - Loading certificate from location:/home/runner/work/ozone/ozone/hadoop-hdds/container-service/target/test-dir/cYBBMTvROp/dn/certs.
2023-01-12 05:26:30,622 [main] INFO  client.DNCertificateClient (DefaultCertificateClient.java:loadAllCertificates(218)) - Added certificate [
[
  Version: V3
  Subject: O=cluster, OU=test, CN=localhost
  Signature Algorithm: SHA256withRSA, OID = 1.2.840.113549.1.1.11

  Key:  Sun RSA public key, 2048 bits
  params: null
  modulus: 22603540662134967536138824098123850180169934635248581521541528984309008487704485007116438610580301917001552121108391104054261536724314845414164907668997064526234515832313473500877775785358680376888827475602597947079711948391970693236078886792302660267858724121965893756627102696132921702390407667877152289097735953147477661122387567069589028804624287570288092033688292988952843919002496021814322652076662081453605722813528226224103098819913012732536362034817707768533942964314782557648798626565262040846614427049546616493610488017739905257668825091415502496529042635722863271438499240573839105783595159315699534249601
  public exponent: 65537
  Validity: [From: Thu Jan 12 05:26:30 UTC 2023,
               To: Thu Jan 12 05:26:45 UTC 2023]
  Issuer: O=cluster, OU=test, CN=localhost
  SerialNumber: [    1100f4]

]
  Algorithm: [SHA256withRSA]
  Signature:
0000: 0C 9A 7E 3A 77 EA 46 C9   5F 20 0F 42 E2 FF 28 20  ...:w.F._ .B..( 
0010: 23 A9 F2 7D A5 0F F8 82   6B 88 17 12 66 02 9E 2B  #.......k...f..+
0020: BE 18 7B 60 35 2E BE CB   60 01 BA 0B 51 FF 38 02  ...`5...`...Q.8.
0030: C8 E3 37 08 C1 1B 79 EE   57 91 21 E2 AD 17 3C CB  ..7...y.W.!...<.
0040: B3 CF 32 E0 30 B6 1A F9   D4 2E 33 B6 DA AB 2D B5  ..2.0.....3...-.
0050: C5 75 B5 E4 4D 1F 9F 66   65 15 40 22 AC 8D 25 81  .u..M..fe.@"..%.
0060: 13 12 E7 85 31 21 A6 1D   8A 89 57 26 C4 EF A6 B6  ....1!....W&....
0070: 50 B1 FB 83 12 58 07 2D   44 3F 2C 38 F0 39 DB 87  P....X.-D?,8.9..
0080: 96 60 3F 52 F8 D5 C5 8D   5C 39 E9 F0 EF 23 01 7A  .`?R....\9...#.z
0090: AA A1 DD 97 0B E8 60 F2   05 79 DF D5 17 07 4A B8  ......`..y....J.
00A0: 9D 9D DC 16 55 D2 BA 40   8B 3A 17 C7 6F 4E A1 C8  ....U..@.:..oN..
00B0: 88 4C 8E 83 1E DC 0B F0   42 39 2F AB 88 77 BE 8C  .L......B9/..w..
00C0: BC 62 29 FD FD 48 FA C3   DB 90 AA EB FE 98 65 07  .b)..H........e.
00D0: 7D 03 30 0A 63 3B 11 30   60 03 C6 62 51 FF 66 A0  ..0.c;.0`..bQ.f.
00E0: A1 EB 22 6A DF 66 18 2F   0E 3B D2 1E 74 C2 70 D6  .."j.f./.;..t.p.
00F0: 36 66 EC 01 11 94 22 2E   9A 8B 8A 76 F5 10 F0 86  6f...."....v....

] from file:/home/runner/work/ozone/ozone/hadoop-hdds/container-service/target/test-dir/cYBBMTvROp/dn/certs/certificate.crt.
2023-01-12 05:26:30,628 [main] INFO  client.DNCertificateClient (DefaultCertificateClient.java:startCertificateMonitor(1393)) - CertificateLifetimeMonitor is started with first delay 9377 ms and interval 1666 ms.
2023-01-12 05:26:30,628 [main] INFO  client.DNCertificateClient (DefaultCertificateClient.java:init(792)) - Certificate client init case: 1
2023-01-12 05:26:30,629 [main] ERROR client.DNCertificateClient (DefaultCertificateClient.java:handleCase(811)) - Private key not found, while certificate is still present. Delete keypair and try again.
2023-01-12 05:26:30,629 [main] INFO  ozone.HddsDatanodeService (HddsDatanodeService.java:initializeCertificateClient(342)) - Init response: FAILURE
2023-01-12 05:26:30,629 [main] ERROR ozone.HddsDatanodeService (HddsDatanodeService.java:initializeCertificateClient(360)) - DN security initialization failed, case:FAILURE.
]]></system-out>
  </testcase>
  <testcase name="testSecureDnStartupCase2" classname="org.apache.hadoop.ozone.TestHddsSecureDatanodeInit" time="0.009">
    <system-out><![CDATA[2023-01-12 05:26:30,635 [main] INFO  client.DNCertificateClient (DefaultCertificateClient.java:loadAllCertificates(177)) - Loading certificate from location:/home/runner/work/ozone/ozone/hadoop-hdds/container-service/target/test-dir/cYBBMTvROp/dn/certs.
2023-01-12 05:26:30,635 [main] WARN  client.DNCertificateClient (DefaultCertificateClient.java:loadAllCertificates(242)) - CertificateLifetimeMonitor is not started this time because certificate is empty.
2023-01-12 05:26:30,636 [main] INFO  ozone.HddsDatanodeService (HddsDatanodeService.java:initializeCertificateClient(333)) - Initializing secure Datanode.
2023-01-12 05:26:30,639 [main] INFO  client.DNCertificateClient (DefaultCertificateClient.java:loadAllCertificates(177)) - Loading certificate from location:/home/runner/work/ozone/ozone/hadoop-hdds/container-service/target/test-dir/cYBBMTvROp/dn/certs.
2023-01-12 05:26:30,640 [main] WARN  client.DNCertificateClient (DefaultCertificateClient.java:loadAllCertificates(242)) - CertificateLifetimeMonitor is not started this time because certificate is empty.
2023-01-12 05:26:30,640 [main] INFO  client.DNCertificateClient (DefaultCertificateClient.java:init(792)) - Certificate client init case: 2
2023-01-12 05:26:30,640 [main] ERROR client.DNCertificateClient (DefaultCertificateClient.java:handleCase(815)) - Found public key but private key and certificate missing.
2023-01-12 05:26:30,640 [main] INFO  ozone.HddsDatanodeService (HddsDatanodeService.java:initializeCertificateClient(342)) - Init response: FAILURE
2023-01-12 05:26:30,641 [main] ERROR ozone.HddsDatanodeService (HddsDatanodeService.java:initializeCertificateClient(360)) - DN security initialization failed, case:FAILURE.
2023-01-12 05:26:30,641 [main] INFO  client.DNCertificateClient (DefaultCertificateClient.java:loadAllCertificates(177)) - Loading certificate from location:/home/runner/work/ozone/ozone/hadoop-hdds/container-service/target/test-dir/cYBBMTvROp/dn/certs.
2023-01-12 05:26:30,641 [main] WARN  client.DNCertificateClient (DefaultCertificateClient.java:loadAllCertificates(242)) - CertificateLifetimeMonitor is not started this time because certificate is empty.
]]></system-out>
  </testcase>
  <testcase name="testSecureDnStartupCase3" classname="org.apache.hadoop.ozone.TestHddsSecureDatanodeInit" time="0.01">
    <system-out><![CDATA[2023-01-12 05:26:30,644 [main] INFO  client.DNCertificateClient (DefaultCertificateClient.java:loadAllCertificates(177)) - Loading certificate from location:/home/runner/work/ozone/ozone/hadoop-hdds/container-service/target/test-dir/cYBBMTvROp/dn/certs.
2023-01-12 05:26:30,645 [main] WARN  client.DNCertificateClient (DefaultCertificateClient.java:loadAllCertificates(242)) - CertificateLifetimeMonitor is not started this time because certificate is empty.
2023-01-12 05:26:30,647 [main] INFO  ozone.HddsDatanodeService (HddsDatanodeService.java:initializeCertificateClient(333)) - Initializing secure Datanode.
2023-01-12 05:26:30,647 [main] INFO  client.DNCertificateClient (DefaultCertificateClient.java:loadAllCertificates(177)) - Loading certificate from location:/home/runner/work/ozone/ozone/hadoop-hdds/container-service/target/test-dir/cYBBMTvROp/dn/certs.
2023-01-12 05:26:30,650 [main] INFO  client.DNCertificateClient (DefaultCertificateClient.java:loadAllCertificates(218)) - Added certificate [
[
  Version: V3
  Subject: O=cluster, OU=test, CN=localhost
  Signature Algorithm: SHA256withRSA, OID = 1.2.840.113549.1.1.11

  Key:  Sun RSA public key, 2048 bits
  params: null
  modulus: 22603540662134967536138824098123850180169934635248581521541528984309008487704485007116438610580301917001552121108391104054261536724314845414164907668997064526234515832313473500877775785358680376888827475602597947079711948391970693236078886792302660267858724121965893756627102696132921702390407667877152289097735953147477661122387567069589028804624287570288092033688292988952843919002496021814322652076662081453605722813528226224103098819913012732536362034817707768533942964314782557648798626565262040846614427049546616493610488017739905257668825091415502496529042635722863271438499240573839105783595159315699534249601
  public exponent: 65537
  Validity: [From: Thu Jan 12 05:26:30 UTC 2023,
               To: Thu Jan 12 05:26:45 UTC 2023]
  Issuer: O=cluster, OU=test, CN=localhost
  SerialNumber: [    1100f4]

]
  Algorithm: [SHA256withRSA]
  Signature:
0000: 0C 9A 7E 3A 77 EA 46 C9   5F 20 0F 42 E2 FF 28 20  ...:w.F._ .B..( 
0010: 23 A9 F2 7D A5 0F F8 82   6B 88 17 12 66 02 9E 2B  #.......k...f..+
0020: BE 18 7B 60 35 2E BE CB   60 01 BA 0B 51 FF 38 02  ...`5...`...Q.8.
0030: C8 E3 37 08 C1 1B 79 EE   57 91 21 E2 AD 17 3C CB  ..7...y.W.!...<.
0040: B3 CF 32 E0 30 B6 1A F9   D4 2E 33 B6 DA AB 2D B5  ..2.0.....3...-.
0050: C5 75 B5 E4 4D 1F 9F 66   65 15 40 22 AC 8D 25 81  .u..M..fe.@"..%.
0060: 13 12 E7 85 31 21 A6 1D   8A 89 57 26 C4 EF A6 B6  ....1!....W&....
0070: 50 B1 FB 83 12 58 07 2D   44 3F 2C 38 F0 39 DB 87  P....X.-D?,8.9..
0080: 96 60 3F 52 F8 D5 C5 8D   5C 39 E9 F0 EF 23 01 7A  .`?R....\9...#.z
0090: AA A1 DD 97 0B E8 60 F2   05 79 DF D5 17 07 4A B8  ......`..y....J.
00A0: 9D 9D DC 16 55 D2 BA 40   8B 3A 17 C7 6F 4E A1 C8  ....U..@.:..oN..
00B0: 88 4C 8E 83 1E DC 0B F0   42 39 2F AB 88 77 BE 8C  .L......B9/..w..
00C0: BC 62 29 FD FD 48 FA C3   DB 90 AA EB FE 98 65 07  .b)..H........e.
00D0: 7D 03 30 0A 63 3B 11 30   60 03 C6 62 51 FF 66 A0  ..0.c;.0`..bQ.f.
00E0: A1 EB 22 6A DF 66 18 2F   0E 3B D2 1E 74 C2 70 D6  .."j.f./.;..t.p.
00F0: 36 66 EC 01 11 94 22 2E   9A 8B 8A 76 F5 10 F0 86  6f...."....v....

] from file:/home/runner/work/ozone/ozone/hadoop-hdds/container-service/target/test-dir/cYBBMTvROp/dn/certs/certificate.crt.
2023-01-12 05:26:30,651 [main] INFO  client.DNCertificateClient (DefaultCertificateClient.java:startCertificateMonitor(1393)) - CertificateLifetimeMonitor is started with first delay 9349 ms and interval 1666 ms.
2023-01-12 05:26:30,651 [main] INFO  client.DNCertificateClient (DefaultCertificateClient.java:init(792)) - Certificate client init case: 3
2023-01-12 05:26:30,652 [main] ERROR client.DNCertificateClient (DefaultCertificateClient.java:handleCase(825)) - Found public key and certificate but private key is missing.
2023-01-12 05:26:30,652 [main] INFO  ozone.HddsDatanodeService (HddsDatanodeService.java:initializeCertificateClient(342)) - Init response: FAILURE
2023-01-12 05:26:30,652 [main] ERROR ozone.HddsDatanodeService (HddsDatanodeService.java:initializeCertificateClient(360)) - DN security initialization failed, case:FAILURE.
]]></system-out>
  </testcase>
  <testcase name="testSecureDnStartupCase4" classname="org.apache.hadoop.ozone.TestHddsSecureDatanodeInit" time="0.006">
    <system-out><![CDATA[2023-01-12 05:26:30,655 [main] INFO  client.DNCertificateClient (DefaultCertificateClient.java:loadAllCertificates(177)) - Loading certificate from location:/home/runner/work/ozone/ozone/hadoop-hdds/container-service/target/test-dir/cYBBMTvROp/dn/certs.
2023-01-12 05:26:30,655 [main] WARN  client.DNCertificateClient (DefaultCertificateClient.java:loadAllCertificates(242)) - CertificateLifetimeMonitor is not started this time because certificate is empty.
2023-01-12 05:26:30,656 [main] INFO  ozone.HddsDatanodeService (HddsDatanodeService.java:initializeCertificateClient(333)) - Initializing secure Datanode.
2023-01-12 05:26:30,657 [main] INFO  client.DNCertificateClient (DefaultCertificateClient.java:loadAllCertificates(177)) - Loading certificate from location:/home/runner/work/ozone/ozone/hadoop-hdds/container-service/target/test-dir/cYBBMTvROp/dn/certs.
2023-01-12 05:26:30,658 [main] WARN  client.DNCertificateClient (DefaultCertificateClient.java:loadAllCertificates(242)) - CertificateLifetimeMonitor is not started this time because certificate is empty.
2023-01-12 05:26:30,658 [main] INFO  client.DNCertificateClient (DefaultCertificateClient.java:init(792)) - Certificate client init case: 4
2023-01-12 05:26:30,658 [main] INFO  client.DNCertificateClient (DefaultCertificateClient.java:handleCase(819)) - Found private key but public key and certificate is missing.
2023-01-12 05:26:30,658 [main] INFO  ozone.HddsDatanodeService (HddsDatanodeService.java:initializeCertificateClient(342)) - Init response: FAILURE
2023-01-12 05:26:30,658 [main] ERROR ozone.HddsDatanodeService (HddsDatanodeService.java:initializeCertificateClient(360)) - DN security initialization failed, case:FAILURE.
2023-01-12 05:26:30,660 [main] INFO  client.DNCertificateClient (DefaultCertificateClient.java:loadAllCertificates(177)) - Loading certificate from location:/home/runner/work/ozone/ozone/hadoop-hdds/container-service/target/test-dir/cYBBMTvROp/dn/certs.
2023-01-12 05:26:30,660 [main] WARN  client.DNCertificateClient (DefaultCertificateClient.java:loadAllCertificates(242)) - CertificateLifetimeMonitor is not started this time because certificate is empty.
]]></system-out>
  </testcase>
  <testcase name="testSecureDnStartupCase5" classname="org.apache.hadoop.ozone.TestHddsSecureDatanodeInit" time="0.02">
    <system-out><![CDATA[2023-01-12 05:26:30,662 [main] INFO  client.DNCertificateClient (DefaultCertificateClient.java:loadAllCertificates(177)) - Loading certificate from location:/home/runner/work/ozone/ozone/hadoop-hdds/container-service/target/test-dir/cYBBMTvROp/dn/certs.
2023-01-12 05:26:30,663 [main] WARN  client.DNCertificateClient (DefaultCertificateClient.java:loadAllCertificates(242)) - CertificateLifetimeMonitor is not started this time because certificate is empty.
2023-01-12 05:26:30,664 [main] INFO  ozone.HddsDatanodeService (HddsDatanodeService.java:initializeCertificateClient(333)) - Initializing secure Datanode.
2023-01-12 05:26:30,665 [main] INFO  client.DNCertificateClient (DefaultCertificateClient.java:loadAllCertificates(177)) - Loading certificate from location:/home/runner/work/ozone/ozone/hadoop-hdds/container-service/target/test-dir/cYBBMTvROp/dn/certs.
2023-01-12 05:26:30,668 [main] INFO  client.DNCertificateClient (DefaultCertificateClient.java:loadAllCertificates(218)) - Added certificate [
[
  Version: V3
  Subject: O=cluster, OU=test, CN=localhost
  Signature Algorithm: SHA256withRSA, OID = 1.2.840.113549.1.1.11

  Key:  Sun RSA public key, 2048 bits
  params: null
  modulus: 22603540662134967536138824098123850180169934635248581521541528984309008487704485007116438610580301917001552121108391104054261536724314845414164907668997064526234515832313473500877775785358680376888827475602597947079711948391970693236078886792302660267858724121965893756627102696132921702390407667877152289097735953147477661122387567069589028804624287570288092033688292988952843919002496021814322652076662081453605722813528226224103098819913012732536362034817707768533942964314782557648798626565262040846614427049546616493610488017739905257668825091415502496529042635722863271438499240573839105783595159315699534249601
  public exponent: 65537
  Validity: [From: Thu Jan 12 05:26:30 UTC 2023,
               To: Thu Jan 12 05:26:45 UTC 2023]
  Issuer: O=cluster, OU=test, CN=localhost
  SerialNumber: [    1100f4]

]
  Algorithm: [SHA256withRSA]
  Signature:
0000: 0C 9A 7E 3A 77 EA 46 C9   5F 20 0F 42 E2 FF 28 20  ...:w.F._ .B..( 
0010: 23 A9 F2 7D A5 0F F8 82   6B 88 17 12 66 02 9E 2B  #.......k...f..+
0020: BE 18 7B 60 35 2E BE CB   60 01 BA 0B 51 FF 38 02  ...`5...`...Q.8.
0030: C8 E3 37 08 C1 1B 79 EE   57 91 21 E2 AD 17 3C CB  ..7...y.W.!...<.
0040: B3 CF 32 E0 30 B6 1A F9   D4 2E 33 B6 DA AB 2D B5  ..2.0.....3...-.
0050: C5 75 B5 E4 4D 1F 9F 66   65 15 40 22 AC 8D 25 81  .u..M..fe.@"..%.
0060: 13 12 E7 85 31 21 A6 1D   8A 89 57 26 C4 EF A6 B6  ....1!....W&....
0070: 50 B1 FB 83 12 58 07 2D   44 3F 2C 38 F0 39 DB 87  P....X.-D?,8.9..
0080: 96 60 3F 52 F8 D5 C5 8D   5C 39 E9 F0 EF 23 01 7A  .`?R....\9...#.z
0090: AA A1 DD 97 0B E8 60 F2   05 79 DF D5 17 07 4A B8  ......`..y....J.
00A0: 9D 9D DC 16 55 D2 BA 40   8B 3A 17 C7 6F 4E A1 C8  ....U..@.:..oN..
00B0: 88 4C 8E 83 1E DC 0B F0   42 39 2F AB 88 77 BE 8C  .L......B9/..w..
00C0: BC 62 29 FD FD 48 FA C3   DB 90 AA EB FE 98 65 07  .b)..H........e.
00D0: 7D 03 30 0A 63 3B 11 30   60 03 C6 62 51 FF 66 A0  ..0.c;.0`..bQ.f.
00E0: A1 EB 22 6A DF 66 18 2F   0E 3B D2 1E 74 C2 70 D6  .."j.f./.;..t.p.
00F0: 36 66 EC 01 11 94 22 2E   9A 8B 8A 76 F5 10 F0 86  6f...."....v....

] from file:/home/runner/work/ozone/ozone/hadoop-hdds/container-service/target/test-dir/cYBBMTvROp/dn/certs/certificate.crt.
2023-01-12 05:26:30,668 [main] INFO  client.DNCertificateClient (DefaultCertificateClient.java:startCertificateMonitor(1393)) - CertificateLifetimeMonitor is started with first delay 9332 ms and interval 1666 ms.
2023-01-12 05:26:30,668 [main] INFO  client.DNCertificateClient (DefaultCertificateClient.java:init(792)) - Certificate client init case: 5
2023-01-12 05:26:30,669 [main] INFO  client.DNCertificateClient (DefaultCertificateClient.java:handleCase(829)) - Found private key and certificate but public key missing.
2023-01-12 05:26:30,680 [main] INFO  ozone.HddsDatanodeService (HddsDatanodeService.java:initializeCertificateClient(342)) - Init response: SUCCESS
2023-01-12 05:26:30,680 [main] INFO  ozone.HddsDatanodeService (HddsDatanodeService.java:initializeCertificateClient(345)) - Initialization successful, case:SUCCESS.
]]></system-out>
  </testcase>
  <testcase name="testSecureDnStartupCase6" classname="org.apache.hadoop.ozone.TestHddsSecureDatanodeInit" time="0.018">
    <system-out><![CDATA[2023-01-12 05:26:30,684 [main] INFO  client.DNCertificateClient (DefaultCertificateClient.java:loadAllCertificates(177)) - Loading certificate from location:/home/runner/work/ozone/ozone/hadoop-hdds/container-service/target/test-dir/cYBBMTvROp/dn/certs.
2023-01-12 05:26:30,684 [main] WARN  client.DNCertificateClient (DefaultCertificateClient.java:loadAllCertificates(242)) - CertificateLifetimeMonitor is not started this time because certificate is empty.
2023-01-12 05:26:30,685 [main] INFO  ozone.HddsDatanodeService (HddsDatanodeService.java:initializeCertificateClient(333)) - Initializing secure Datanode.
2023-01-12 05:26:30,686 [main] INFO  client.DNCertificateClient (DefaultCertificateClient.java:loadAllCertificates(177)) - Loading certificate from location:/home/runner/work/ozone/ozone/hadoop-hdds/container-service/target/test-dir/cYBBMTvROp/dn/certs.
2023-01-12 05:26:30,687 [main] WARN  client.DNCertificateClient (DefaultCertificateClient.java:loadAllCertificates(242)) - CertificateLifetimeMonitor is not started this time because certificate is empty.
2023-01-12 05:26:30,687 [main] INFO  client.DNCertificateClient (DefaultCertificateClient.java:init(792)) - Certificate client init case: 6
2023-01-12 05:26:30,687 [main] INFO  client.DNCertificateClient (DefaultCertificateClient.java:handleCase(838)) - Found private and public key but certificate is missing.
2023-01-12 05:26:30,694 [main] INFO  ozone.HddsDatanodeService (HddsDatanodeService.java:initializeCertificateClient(342)) - Init response: GETCERT
2023-01-12 05:26:30,695 [main] INFO  ozone.OzoneSecurityUtil (OzoneSecurityUtil.java:getValidInetsForCurrentHost(119)) - ip:fe80:0:0:0:222:48ff:feaa:f404%eth0 not returned.
2023-01-12 05:26:30,695 [main] INFO  ozone.OzoneSecurityUtil (OzoneSecurityUtil.java:getValidInetsForCurrentHost(116)) - Adding ip:10.1.0.17,host:fv-az205-554.k2gd1z4tyxsu3cbgyjsjq30zwf.jx.internal.cloudapp.net
2023-01-12 05:26:30,695 [main] INFO  ozone.OzoneSecurityUtil (OzoneSecurityUtil.java:getValidInetsForCurrentHost(119)) - ip:0:0:0:0:0:0:0:1%lo not returned.
2023-01-12 05:26:30,695 [main] INFO  ozone.OzoneSecurityUtil (OzoneSecurityUtil.java:getValidInetsForCurrentHost(119)) - ip:127.0.0.1 not returned.
2023-01-12 05:26:30,696 [main] INFO  client.DNCertificateClient (DNCertificateClient.java:getCSRBuilder(98)) - Created csr for DN-> subject:runner@fv-az205-554.k2gd1z4tyxsu3cbgyjsjq30zwf.jx.internal.cloudapp.net
2023-01-12 05:26:30,700 [main] INFO  client.DNCertificateClient (DefaultCertificateClient.java:loadAllCertificates(177)) - Loading certificate from location:/home/runner/work/ozone/ozone/hadoop-hdds/container-service/target/test-dir/cYBBMTvROp/dn/certs.
2023-01-12 05:26:30,700 [main] WARN  client.DNCertificateClient (DefaultCertificateClient.java:loadAllCertificates(242)) - CertificateLifetimeMonitor is not started this time because certificate is empty.
]]></system-out>
  </testcase>
  <testcase name="testSecureDnStartupCase7" classname="org.apache.hadoop.ozone.TestHddsSecureDatanodeInit" time="0.022">
    <system-out><![CDATA[2023-01-12 05:26:30,703 [main] INFO  client.DNCertificateClient (DefaultCertificateClient.java:loadAllCertificates(177)) - Loading certificate from location:/home/runner/work/ozone/ozone/hadoop-hdds/container-service/target/test-dir/cYBBMTvROp/dn/certs.
2023-01-12 05:26:30,703 [main] WARN  client.DNCertificateClient (DefaultCertificateClient.java:loadAllCertificates(242)) - CertificateLifetimeMonitor is not started this time because certificate is empty.
2023-01-12 05:26:30,705 [main] INFO  ozone.HddsDatanodeService (HddsDatanodeService.java:initializeCertificateClient(333)) - Initializing secure Datanode.
2023-01-12 05:26:30,706 [main] INFO  client.DNCertificateClient (DefaultCertificateClient.java:loadAllCertificates(177)) - Loading certificate from location:/home/runner/work/ozone/ozone/hadoop-hdds/container-service/target/test-dir/cYBBMTvROp/dn/certs.
2023-01-12 05:26:30,708 [main] INFO  client.DNCertificateClient (DefaultCertificateClient.java:loadAllCertificates(218)) - Added certificate [
[
  Version: V3
  Subject: O=cluster, OU=test, CN=localhost
  Signature Algorithm: SHA256withRSA, OID = 1.2.840.113549.1.1.11

  Key:  Sun RSA public key, 2048 bits
  params: null
  modulus: 22603540662134967536138824098123850180169934635248581521541528984309008487704485007116438610580301917001552121108391104054261536724314845414164907668997064526234515832313473500877775785358680376888827475602597947079711948391970693236078886792302660267858724121965893756627102696132921702390407667877152289097735953147477661122387567069589028804624287570288092033688292988952843919002496021814322652076662081453605722813528226224103098819913012732536362034817707768533942964314782557648798626565262040846614427049546616493610488017739905257668825091415502496529042635722863271438499240573839105783595159315699534249601
  public exponent: 65537
  Validity: [From: Thu Jan 12 05:26:30 UTC 2023,
               To: Thu Jan 12 05:26:45 UTC 2023]
  Issuer: O=cluster, OU=test, CN=localhost
  SerialNumber: [    1100f4]

]
  Algorithm: [SHA256withRSA]
  Signature:
0000: 0C 9A 7E 3A 77 EA 46 C9   5F 20 0F 42 E2 FF 28 20  ...:w.F._ .B..( 
0010: 23 A9 F2 7D A5 0F F8 82   6B 88 17 12 66 02 9E 2B  #.......k...f..+
0020: BE 18 7B 60 35 2E BE CB   60 01 BA 0B 51 FF 38 02  ...`5...`...Q.8.
0030: C8 E3 37 08 C1 1B 79 EE   57 91 21 E2 AD 17 3C CB  ..7...y.W.!...<.
0040: B3 CF 32 E0 30 B6 1A F9   D4 2E 33 B6 DA AB 2D B5  ..2.0.....3...-.
0050: C5 75 B5 E4 4D 1F 9F 66   65 15 40 22 AC 8D 25 81  .u..M..fe.@"..%.
0060: 13 12 E7 85 31 21 A6 1D   8A 89 57 26 C4 EF A6 B6  ....1!....W&....
0070: 50 B1 FB 83 12 58 07 2D   44 3F 2C 38 F0 39 DB 87  P....X.-D?,8.9..
0080: 96 60 3F 52 F8 D5 C5 8D   5C 39 E9 F0 EF 23 01 7A  .`?R....\9...#.z
0090: AA A1 DD 97 0B E8 60 F2   05 79 DF D5 17 07 4A B8  ......`..y....J.
00A0: 9D 9D DC 16 55 D2 BA 40   8B 3A 17 C7 6F 4E A1 C8  ....U..@.:..oN..
00B0: 88 4C 8E 83 1E DC 0B F0   42 39 2F AB 88 77 BE 8C  .L......B9/..w..
00C0: BC 62 29 FD FD 48 FA C3   DB 90 AA EB FE 98 65 07  .b)..H........e.
00D0: 7D 03 30 0A 63 3B 11 30   60 03 C6 62 51 FF 66 A0  ..0.c;.0`..bQ.f.
00E0: A1 EB 22 6A DF 66 18 2F   0E 3B D2 1E 74 C2 70 D6  .."j.f./.;..t.p.
00F0: 36 66 EC 01 11 94 22 2E   9A 8B 8A 76 F5 10 F0 86  6f...."....v....

] from file:/home/runner/work/ozone/ozone/hadoop-hdds/container-service/target/test-dir/cYBBMTvROp/dn/certs/certificate.crt.
2023-01-12 05:26:30,709 [main] INFO  client.DNCertificateClient (DefaultCertificateClient.java:startCertificateMonitor(1393)) - CertificateLifetimeMonitor is started with first delay 9291 ms and interval 1666 ms.
2023-01-12 05:26:30,709 [main] INFO  client.DNCertificateClient (DefaultCertificateClient.java:init(792)) - Certificate client init case: 7
2023-01-12 05:26:30,710 [main] INFO  client.DNCertificateClient (DefaultCertificateClient.java:handleCase(847)) - Found certificate file along with KeyPair.
2023-01-12 05:26:30,716 [main] INFO  client.DNCertificateClient (DefaultCertificateClient.java:validateKeyPairAndCertificate(886)) - Keypair validated.
2023-01-12 05:26:30,723 [main] INFO  client.DNCertificateClient (DefaultCertificateClient.java:validateKeyPairAndCertificate(889)) - Keypair validated with certificate.
2023-01-12 05:26:30,723 [main] INFO  ozone.HddsDatanodeService (HddsDatanodeService.java:initializeCertificateClient(342)) - Init response: SUCCESS
2023-01-12 05:26:30,724 [main] INFO  ozone.HddsDatanodeService (HddsDatanodeService.java:initializeCertificateClient(345)) - Initialization successful, case:SUCCESS.
]]></system-out>
  </testcase>
  <testcase name="testCertificateRotation" classname="org.apache.hadoop.ozone.TestHddsSecureDatanodeInit" time="16.721">
    <error type="java.util.concurrent.TimeoutException"><![CDATA[java.util.concurrent.TimeoutException: 
Timed out waiting for condition. Thread diagnostics:
Timestamp: 2023-01-12 05:26:47,416

"Timer for 'HddsDatanode' metrics system" daemon prio=5 tid=14 timed_waiting
java.lang.Thread.State: TIMED_WAITING
        at java.lang.Object.wait(Native Method)
        at java.util.TimerThread.mainLoop(Timer.java:552)
        at java.util.TimerThread.run(Timer.java:505)
"surefire-forkedjvm-command-thread" daemon prio=5 tid=10 runnable
java.lang.Thread.State: RUNNABLE
        at java.io.FileInputStream.readBytes(Native Method)
        at java.io.FileInputStream.read(FileInputStream.java:255)
        at java.io.BufferedInputStream.read1(BufferedInputStream.java:284)
        at java.io.BufferedInputStream.read(BufferedInputStream.java:345)
        at java.io.BufferedInputStream.fill(BufferedInputStream.java:246)
        at java.io.BufferedInputStream.read1(BufferedInputStream.java:286)
        at java.io.BufferedInputStream.read(BufferedInputStream.java:345)
        at org.apache.maven.surefire.api.util.internal.Channels$3.readImpl(Channels.java:214)
        at org.apache.maven.surefire.api.util.internal.AbstractNoninterruptibleReadableChannel.read(AbstractNoninterruptibleReadableChannel.java:54)
        at org.apache.maven.surefire.booter.spi.LegacyMasterProcessChannelDecoder.decode(LegacyMasterProcessChannelDecoder.java:80)
        at org.apache.maven.surefire.booter.CommandReader$CommandRunnable.run(CommandReader.java:343)
        at java.lang.Thread.run(Thread.java:750)
"CertificateLifetimeMonitor" daemon prio=5 tid=16 runnable
java.lang.Thread.State: RUNNABLE
        at java.math.BigInteger.oddModPow(BigInteger.java:2943)
        at java.math.BigInteger.modPow(BigInteger.java:2605)
        at java.math.BigInteger.passesMillerRabin(BigInteger.java:1038)
        at java.math.BigInteger.primeToCertainty(BigInteger.java:894)
        at java.math.BigInteger.isProbablePrime(BigInteger.java:3603)
        at org.bouncycastle.util.BigIntegers.createRandomPrime(Unknown Source)
        at org.bouncycastle.crypto.generators.RSAKeyPairGenerator.chooseRandomPrime(Unknown Source)
        at org.bouncycastle.crypto.generators.RSAKeyPairGenerator.generateKeyPair(Unknown Source)
        at org.bouncycastle.jcajce.provider.asymmetric.rsa.KeyPairGeneratorSpi.generateKeyPair(Unknown Source)
        at org.apache.hadoop.hdds.security.x509.keys.HDDSKeyGenerator.generateKey(HDDSKeyGenerator.java:119)
        at org.apache.hadoop.hdds.security.x509.keys.HDDSKeyGenerator.generateKey(HDDSKeyGenerator.java:78)
        at org.apache.hadoop.hdds.security.x509.certificate.client.DefaultCertificateClient.createKeyPair(DefaultCertificateClient.java:962)
        at org.apache.hadoop.hdds.security.x509.certificate.client.DefaultCertificateClient.renewAndStoreKeyAndCertificate(DefaultCertificateClient.java:1172)
        at org.apache.hadoop.hdds.security.x509.certificate.client.DefaultCertificateClient$CertificateLifetimeMonitor.run(DefaultCertificateClient.java:1413)
        at java.util.concurrent.Executors$RunnableAdapter.call(Executors.java:511)
        at java.util.concurrent.FutureTask.runAndReset(FutureTask.java:308)
        at java.util.concurrent.ScheduledThreadPoolExecutor$ScheduledFutureTask.access$301(ScheduledThreadPoolExecutor.java:180)
        at java.util.concurrent.ScheduledThreadPoolExecutor$ScheduledFutureTask.run(ScheduledThreadPoolExecutor.java:294)
        at java.util.concurrent.ThreadPoolExecutor.runWorker(ThreadPoolExecutor.java:1149)
        at java.util.concurrent.ThreadPoolExecutor$Worker.run(ThreadPoolExecutor.java:624)
        at java.lang.Thread.run(Thread.java:750)
"Reference Handler" daemon prio=10 tid=2 in Object.wait()
java.lang.Thread.State: WAITING (on object monitor)
        at java.lang.Object.wait(Native Method)
        at java.lang.Object.wait(Object.java:502)
        at java.lang.ref.Reference.tryHandlePending(Reference.java:191)
        at java.lang.ref.Reference$ReferenceHandler.run(Reference.java:153)
"CertificateLifetimeMonitor" daemon prio=5 tid=17 timed_waiting
java.lang.Thread.State: TIMED_WAITING
        at sun.misc.Unsafe.park(Native Method)
        at java.util.concurrent.locks.LockSupport.parkNanos(LockSupport.java:215)
        at java.util.concurrent.locks.AbstractQueuedSynchronizer$ConditionObject.awaitNanos(AbstractQueuedSynchronizer.java:2078)
        at java.util.concurrent.ScheduledThreadPoolExecutor$DelayedWorkQueue.take(ScheduledThreadPoolExecutor.java:1093)
        at java.util.concurrent.ScheduledThreadPoolExecutor$DelayedWorkQueue.take(ScheduledThreadPoolExecutor.java:809)
        at java.util.concurrent.ThreadPoolExecutor.getTask(ThreadPoolExecutor.java:1074)
        at java.util.concurrent.ThreadPoolExecutor.runWorker(ThreadPoolExecutor.java:1134)
        at java.util.concurrent.ThreadPoolExecutor$Worker.run(ThreadPoolExecutor.java:624)
        at java.lang.Thread.run(Thread.java:750)
"main"  prio=5 tid=1 runnable
java.lang.Thread.State: RUNNABLE
        at java.lang.Thread.dumpThreads(Native Method)
        at java.lang.Thread.getAllStackTraces(Thread.java:1615)
        at org.apache.ozone.test.TimedOutTestsListener.buildThreadDump(TimedOutTestsListener.java:93)
        at org.apache.ozone.test.TimedOutTestsListener.buildThreadDiagnosticString(TimedOutTestsListener.java:79)
        at org.apache.ozone.test.GenericTestUtils.waitFor(GenericTestUtils.java:231)
        at org.apache.hadoop.ozone.TestHddsSecureDatanodeInit.testCertificateRotation(TestHddsSecureDatanodeInit.java:330)
        at sun.reflect.NativeMethodAccessorImpl.invoke0(Native Method)
        at sun.reflect.NativeMethodAccessorImpl.invoke(NativeMethodAccessorImpl.java:62)
        at sun.reflect.DelegatingMethodAccessorImpl.invoke(DelegatingMethodAccessorImpl.java:43)
        at java.lang.reflect.Method.invoke(Method.java:498)
        at org.junit.platform.commons.util.ReflectionUtils.invokeMethod(ReflectionUtils.java:725)
        at org.junit.jupiter.engine.execution.MethodInvocation.proceed(MethodInvocation.java:60)
        at org.junit.jupiter.engine.execution.InvocationInterceptorChain$ValidatingInvocation.proceed(InvocationInterceptorChain.java:131)
        at org.junit.jupiter.engine.extension.TimeoutExtension.intercept(TimeoutExtension.java:149)
        at org.junit.jupiter.engine.extension.TimeoutExtension.interceptTestableMethod(TimeoutExtension.java:140)
        at org.junit.jupiter.engine.extension.TimeoutExtension.interceptTestMethod(TimeoutExtension.java:84)
        at org.junit.jupiter.engine.descriptor.TestMethodTestDescriptor$$Lambda$130/1076770748.apply(Unknown Source)
        at org.junit.jupiter.engine.execution.ExecutableInvoker$ReflectiveInterceptorCall.lambda$ofVoidMethod$0(ExecutableInvoker.java:115)
        at org.junit.jupiter.engine.execution.ExecutableInvoker$ReflectiveInterceptorCall$$Lambda$131/111156771.apply(Unknown Source)
        at org.junit.jupiter.engine.execution.ExecutableInvoker.lambda$invoke$0(ExecutableInvoker.java:105)
        at org.junit.jupiter.engine.execution.ExecutableInvoker$$Lambda$284/530539368.apply(Unknown Source)
        at org.junit.jupiter.engine.execution.InvocationInterceptorChain$InterceptedInvocation.proceed(InvocationInterceptorChain.java:106)
        at org.junit.jupiter.engine.execution.InvocationInterceptorChain.proceed(InvocationInterceptorChain.java:64)
        at org.junit.jupiter.engine.execution.InvocationInterceptorChain.chainAndInvoke(InvocationInterceptorChain.java:45)
        at org.junit.jupiter.engine.execution.InvocationInterceptorChain.invoke(InvocationInterceptorChain.java:37)
        at org.junit.jupiter.engine.execution.ExecutableInvoker.invoke(ExecutableInvoker.java:104)
        at org.junit.jupiter.engine.execution.ExecutableInvoker.invoke(ExecutableInvoker.java:98)
        at org.junit.jupiter.engine.descriptor.TestMethodTestDescriptor.lambda$invokeTestMethod$7(TestMethodTestDescriptor.java:214)
        at org.junit.jupiter.engine.descriptor.TestMethodTestDescriptor$$Lambda$369/757779849.execute(Unknown Source)
        at org.junit.platform.engine.support.hierarchical.ThrowableCollector.execute(ThrowableCollector.java:73)
        at org.junit.jupiter.engine.descriptor.TestMethodTestDescriptor.invokeTestMethod(TestMethodTestDescriptor.java:210)
        at org.junit.jupiter.engine.descriptor.TestMethodTestDescriptor.execute(TestMethodTestDescriptor.java:135)
        at org.junit.jupiter.engine.descriptor.TestMethodTestDescriptor.execute(TestMethodTestDescriptor.java:66)
        at org.junit.platform.engine.support.hierarchical.NodeTestTask.lambda$executeRecursively$6(NodeTestTask.java:151)
        at org.junit.platform.engine.support.hierarchical.NodeTestTask$$Lambda$227/902830499.execute(Unknown Source)
        at org.junit.platform.engine.support.hierarchical.ThrowableCollector.execute(ThrowableCollector.java:73)
        at org.junit.platform.engine.support.hierarchical.NodeTestTask.lambda$executeRecursively$8(NodeTestTask.java:141)
        at org.junit.platform.engine.support.hierarchical.NodeTestTask$$Lambda$226/1438030319.invoke(Unknown Source)
        at org.junit.platform.engine.support.hierarchical.Node.around(Node.java:137)
        at org.junit.platform.engine.support.hierarchical.NodeTestTask.lambda$executeRecursively$9(NodeTestTask.java:139)
        at org.junit.platform.engine.support.hierarchical.NodeTestTask$$Lambda$225/1083962448.execute(Unknown Source)
        at org.junit.platform.engine.support.hierarchical.ThrowableCollector.execute(ThrowableCollector.java:73)
        at org.junit.platform.engine.support.hierarchical.NodeTestTask.executeRecursively(NodeTestTask.java:138)
        at org.junit.platform.engine.support.hierarchical.NodeTestTask.execute(NodeTestTask.java:95)
        at org.junit.platform.engine.support.hierarchical.SameThreadHierarchicalTestExecutorService$$Lambda$231/825936265.accept(Unknown Source)
        at java.util.ArrayList.forEach(ArrayList.java:1259)
        at org.junit.platform.engine.support.hierarchical.SameThreadHierarchicalTestExecutorService.invokeAll(SameThreadHierarchicalTestExecutorService.java:41)
        at org.junit.platform.engine.support.hierarchical.NodeTestTask.lambda$executeRecursively$6(NodeTestTask.java:155)
        at org.junit.platform.engine.support.hierarchical.NodeTestTask$$Lambda$227/902830499.execute(Unknown Source)
        at org.junit.platform.engine.support.hierarchical.ThrowableCollector.execute(ThrowableCollector.java:73)
        at org.junit.platform.engine.support.hierarchical.NodeTestTask.lambda$executeRecursively$8(NodeTestTask.java:141)
        at org.junit.platform.engine.support.hierarchical.NodeTestTask$$Lambda$226/1438030319.invoke(Unknown Source)
        at org.junit.platform.engine.support.hierarchical.Node.around(Node.java:137)
        at org.junit.platform.engine.support.hierarchical.NodeTestTask.lambda$executeRecursively$9(NodeTestTask.java:139)
        at org.junit.platform.engine.support.hierarchical.NodeTestTask$$Lambda$225/1083962448.execute(Unknown Source)
        at org.junit.platform.engine.support.hierarchical.ThrowableCollector.execute(ThrowableCollector.java:73)
        at org.junit.platform.engine.support.hierarchical.NodeTestTask.executeRecursively(NodeTestTask.java:138)
        at org.junit.platform.engine.support.hierarchical.NodeTestTask.execute(NodeTestTask.java:95)
        at org.junit.platform.engine.support.hierarchical.SameThreadHierarchicalTestExecutorService$$Lambda$231/825936265.accept(Unknown Source)
        at java.util.ArrayList.forEach(ArrayList.java:1259)
        at org.junit.platform.engine.support.hierarchical.SameThreadHierarchicalTestExecutorService.invokeAll(SameThreadHierarchicalTestExecutorService.java:41)
        at org.junit.platform.engine.support.hierarchical.NodeTestTask.lambda$executeRecursively$6(NodeTestTask.java:155)
        at org.junit.platform.engine.support.hierarchical.NodeTestTask$$Lambda$227/902830499.execute(Unknown Source)
        at org.junit.platform.engine.support.hierarchical.ThrowableCollector.execute(ThrowableCollector.java:73)
        at org.junit.platform.engine.support.hierarchical.NodeTestTask.lambda$executeRecursively$8(NodeTestTask.java:141)
        at org.junit.platform.engine.support.hierarchical.NodeTestTask$$Lambda$226/1438030319.invoke(Unknown Source)
        at org.junit.platform.engine.support.hierarchical.Node.around(Node.java:137)
        at org.junit.platform.engine.support.hierarchical.NodeTestTask.lambda$executeRecursively$9(NodeTestTask.java:139)
        at org.junit.platform.engine.support.hierarchical.NodeTestTask$$Lambda$225/1083962448.execute(Unknown Source)
        at org.junit.platform.engine.support.hierarchical.ThrowableCollector.execute(ThrowableCollector.java:73)
        at org.junit.platform.engine.support.hierarchical.NodeTestTask.executeRecursively(NodeTestTask.java:138)
        at org.junit.platform.engine.support.hierarchical.NodeTestTask.execute(NodeTestTask.java:95)
        at org.junit.platform.engine.support.hierarchical.SameThreadHierarchicalTestExecutorService.submit(SameThreadHierarchicalTestExecutorService.java:35)
        at org.junit.platform.engine.support.hierarchical.HierarchicalTestExecutor.execute(HierarchicalTestExecutor.java:57)
        at org.junit.platform.engine.support.hierarchical.HierarchicalTestEngine.execute(HierarchicalTestEngine.java:54)
        at org.junit.platform.launcher.core.EngineExecutionOrchestrator.execute(EngineExecutionOrchestrator.java:107)
        at org.junit.platform.launcher.core.EngineExecutionOrchestrator.execute(EngineExecutionOrchestrator.java:88)
        at org.junit.platform.launcher.core.EngineExecutionOrchestrator.lambda$execute$0(EngineExecutionOrchestrator.java:54)
        at org.junit.platform.launcher.core.EngineExecutionOrchestrator$$Lambda$179/1585635178.accept(Unknown Source)
        at org.junit.platform.launcher.core.EngineExecutionOrchestrator.withInterceptedStreams(EngineExecutionOrchestrator.java:67)
        at org.junit.platform.launcher.core.EngineExecutionOrchestrator.execute(EngineExecutionOrchestrator.java:52)
        at org.junit.platform.launcher.core.DefaultLauncher.execute(DefaultLauncher.java:114)
        at org.junit.platform.launcher.core.DefaultLauncher.execute(DefaultLauncher.java:86)
        at org.junit.platform.launcher.core.DefaultLauncherSession$DelegatingLauncher.execute(DefaultLauncherSession.java:86)
        at org.junit.platform.launcher.core.SessionPerRequestLauncher.execute(SessionPerRequestLauncher.java:53)
        at org.apache.maven.surefire.junitplatform.JUnitPlatformProvider.execute(JUnitPlatformProvider.java:188)
        at org.apache.maven.surefire.junitplatform.JUnitPlatformProvider.invokeAllTests(JUnitPlatformProvider.java:154)
        at org.apache.maven.surefire.junitplatform.JUnitPlatformProvider.invoke(JUnitPlatformProvider.java:124)
        at org.apache.maven.surefire.booter.ForkedBooter.runSuitesInProcess(ForkedBooter.java:428)
        at org.apache.maven.surefire.booter.ForkedBooter.execute(ForkedBooter.java:162)
        at org.apache.maven.surefire.booter.ForkedBooter.run(ForkedBooter.java:562)
        at org.apache.maven.surefire.booter.ForkedBooter.main(ForkedBooter.java:548)
"Attach Listener" daemon prio=9 tid=19 runnable
java.lang.Thread.State: RUNNABLE
"CertificateLifetimeMonitor" daemon prio=5 tid=20 timed_waiting
java.lang.Thread.State: TIMED_WAITING
        at sun.misc.Unsafe.park(Native Method)
        at java.util.concurrent.locks.LockSupport.parkNanos(LockSupport.java:215)
        at java.util.concurrent.locks.AbstractQueuedSynchronizer$ConditionObject.awaitNanos(AbstractQueuedSynchronizer.java:2078)
        at java.util.concurrent.ScheduledThreadPoolExecutor$DelayedWorkQueue.take(ScheduledThreadPoolExecutor.java:1093)
        at java.util.concurrent.ScheduledThreadPoolExecutor$DelayedWorkQueue.take(ScheduledThreadPoolExecutor.java:809)
        at java.util.concurrent.ThreadPoolExecutor.getTask(ThreadPoolExecutor.java:1074)
        at java.util.concurrent.ThreadPoolExecutor.runWorker(ThreadPoolExecutor.java:1134)
        at java.util.concurrent.ThreadPoolExecutor$Worker.run(ThreadPoolExecutor.java:624)
        at java.lang.Thread.run(Thread.java:750)
"process reaper" daemon prio=10 tid=12 timed_waiting
java.lang.Thread.State: TIMED_WAITING
        at sun.misc.Unsafe.park(Native Method)
        at java.util.concurrent.locks.LockSupport.parkNanos(LockSupport.java:215)
        at java.util.concurrent.SynchronousQueue$TransferStack.awaitFulfill(SynchronousQueue.java:460)
        at java.util.concurrent.SynchronousQueue$TransferStack.transfer(SynchronousQueue.java:362)
        at java.util.concurrent.SynchronousQueue.poll(SynchronousQueue.java:941)
        at java.util.concurrent.ThreadPoolExecutor.getTask(ThreadPoolExecutor.java:1073)
        at java.util.concurrent.ThreadPoolExecutor.runWorker(ThreadPoolExecutor.java:1134)
        at java.util.concurrent.ThreadPoolExecutor$Worker.run(ThreadPoolExecutor.java:624)
        at java.lang.Thread.run(Thread.java:750)
"CertificateLifetimeMonitor" daemon prio=5 tid=18 timed_waiting
java.lang.Thread.State: TIMED_WAITING
        at sun.misc.Unsafe.park(Native Method)
        at java.util.concurrent.locks.LockSupport.parkNanos(LockSupport.java:215)
        at java.util.concurrent.locks.AbstractQueuedSynchronizer$ConditionObject.awaitNanos(AbstractQueuedSynchronizer.java:2078)
        at java.util.concurrent.ScheduledThreadPoolExecutor$DelayedWorkQueue.take(ScheduledThreadPoolExecutor.java:1093)
        at java.util.concurrent.ScheduledThreadPoolExecutor$DelayedWorkQueue.take(ScheduledThreadPoolExecutor.java:809)
        at java.util.concurrent.ThreadPoolExecutor.getTask(ThreadPoolExecutor.java:1074)
        at java.util.concurrent.ThreadPoolExecutor.runWorker(ThreadPoolExecutor.java:1134)
        at java.util.concurrent.ThreadPoolExecutor$Worker.run(ThreadPoolExecutor.java:624)
        at java.lang.Thread.run(Thread.java:750)
"Signal Dispatcher" daemon prio=9 tid=4 runnable
java.lang.Thread.State: RUNNABLE
"CertificateLifetimeMonitor" daemon prio=5 tid=15 runnable
java.lang.Thread.State: RUNNABLE
        at java.math.BigInteger.oddModPow(BigInteger.java:2943)
        at java.math.BigInteger.modPow(BigInteger.java:2605)
        at java.math.BigInteger.passesMillerRabin(BigInteger.java:1038)
        at java.math.BigInteger.primeToCertainty(BigInteger.java:894)
        at java.math.BigInteger.isProbablePrime(BigInteger.java:3603)
        at org.bouncycastle.util.BigIntegers.createRandomPrime(Unknown Source)
        at org.bouncycastle.crypto.generators.RSAKeyPairGenerator.chooseRandomPrime(Unknown Source)
        at org.bouncycastle.crypto.generators.RSAKeyPairGenerator.generateKeyPair(Unknown Source)
        at org.bouncycastle.jcajce.provider.asymmetric.rsa.KeyPairGeneratorSpi.generateKeyPair(Unknown Source)
        at org.apache.hadoop.hdds.security.x509.keys.HDDSKeyGenerator.generateKey(HDDSKeyGenerator.java:119)
        at org.apache.hadoop.hdds.security.x509.keys.HDDSKeyGenerator.generateKey(HDDSKeyGenerator.java:78)
        at org.apache.hadoop.hdds.security.x509.certificate.client.DefaultCertificateClient.createKeyPair(DefaultCertificateClient.java:962)
        at org.apache.hadoop.hdds.security.x509.certificate.client.DefaultCertificateClient.renewAndStoreKeyAndCertificate(DefaultCertificateClient.java:1172)
        at org.apache.hadoop.hdds.security.x509.certificate.client.DefaultCertificateClient$CertificateLifetimeMonitor.run(DefaultCertificateClient.java:1413)
        at java.util.concurrent.Executors$RunnableAdapter.call(Executors.java:511)
        at java.util.concurrent.FutureTask.runAndReset(FutureTask.java:308)
        at java.util.concurrent.ScheduledThreadPoolExecutor$ScheduledFutureTask.access$301(ScheduledThreadPoolExecutor.java:180)
        at java.util.concurrent.ScheduledThreadPoolExecutor$ScheduledFutureTask.run(ScheduledThreadPoolExecutor.java:294)
        at java.util.concurrent.ThreadPoolExecutor.runWorker(ThreadPoolExecutor.java:1149)
        at java.util.concurrent.ThreadPoolExecutor$Worker.run(ThreadPoolExecutor.java:624)
        at java.lang.Thread.run(Thread.java:750)
"Finalizer" daemon prio=8 tid=3 in Object.wait()
java.lang.Thread.State: WAITING (on object monitor)
        at java.lang.Object.wait(Native Method)
        at java.lang.ref.ReferenceQueue.remove(ReferenceQueue.java:144)
        at java.lang.ref.ReferenceQueue.remove(ReferenceQueue.java:165)
        at java.lang.ref.Finalizer$FinalizerThread.run(Finalizer.java:188)


	at org.apache.ozone.test.GenericTestUtils.waitFor(GenericTestUtils.java:231)
	at org.apache.hadoop.ozone.TestHddsSecureDatanodeInit.testCertificateRotation(TestHddsSecureDatanodeInit.java:330)
	at sun.reflect.NativeMethodAccessorImpl.invoke0(Native Method)
	at sun.reflect.NativeMethodAccessorImpl.invoke(NativeMethodAccessorImpl.java:62)
	at sun.reflect.DelegatingMethodAccessorImpl.invoke(DelegatingMethodAccessorImpl.java:43)
	at java.lang.reflect.Method.invoke(Method.java:498)
	at org.junit.platform.commons.util.ReflectionUtils.invokeMethod(ReflectionUtils.java:725)
	at org.junit.jupiter.engine.execution.MethodInvocation.proceed(MethodInvocation.java:60)
	at org.junit.jupiter.engine.execution.InvocationInterceptorChain$ValidatingInvocation.proceed(InvocationInterceptorChain.java:131)
	at org.junit.jupiter.engine.extension.TimeoutExtension.intercept(TimeoutExtension.java:149)
	at org.junit.jupiter.engine.extension.TimeoutExtension.interceptTestableMethod(TimeoutExtension.java:140)
	at org.junit.jupiter.engine.extension.TimeoutExtension.interceptTestMethod(TimeoutExtension.java:84)
	at org.junit.jupiter.engine.execution.ExecutableInvoker$ReflectiveInterceptorCall.lambda$ofVoidMethod$0(ExecutableInvoker.java:115)
	at org.junit.jupiter.engine.execution.ExecutableInvoker.lambda$invoke$0(ExecutableInvoker.java:105)
	at org.junit.jupiter.engine.execution.InvocationInterceptorChain$InterceptedInvocation.proceed(InvocationInterceptorChain.java:106)
	at org.junit.jupiter.engine.execution.InvocationInterceptorChain.proceed(InvocationInterceptorChain.java:64)
	at org.junit.jupiter.engine.execution.InvocationInterceptorChain.chainAndInvoke(InvocationInterceptorChain.java:45)
	at org.junit.jupiter.engine.execution.InvocationInterceptorChain.invoke(InvocationInterceptorChain.java:37)
	at org.junit.jupiter.engine.execution.ExecutableInvoker.invoke(ExecutableInvoker.java:104)
	at org.junit.jupiter.engine.execution.ExecutableInvoker.invoke(ExecutableInvoker.java:98)
	at org.junit.jupiter.engine.descriptor.TestMethodTestDescriptor.lambda$invokeTestMethod$7(TestMethodTestDescriptor.java:214)
	at org.junit.platform.engine.support.hierarchical.ThrowableCollector.execute(ThrowableCollector.java:73)
	at org.junit.jupiter.engine.descriptor.TestMethodTestDescriptor.invokeTestMethod(TestMethodTestDescriptor.java:210)
	at org.junit.jupiter.engine.descriptor.TestMethodTestDescriptor.execute(TestMethodTestDescriptor.java:135)
	at org.junit.jupiter.engine.descriptor.TestMethodTestDescriptor.execute(TestMethodTestDescriptor.java:66)
	at org.junit.platform.engine.support.hierarchical.NodeTestTask.lambda$executeRecursively$6(NodeTestTask.java:151)
	at org.junit.platform.engine.support.hierarchical.ThrowableCollector.execute(ThrowableCollector.java:73)
	at org.junit.platform.engine.support.hierarchical.NodeTestTask.lambda$executeRecursively$8(NodeTestTask.java:141)
	at org.junit.platform.engine.support.hierarchical.Node.around(Node.java:137)
	at org.junit.platform.engine.support.hierarchical.NodeTestTask.lambda$executeRecursively$9(NodeTestTask.java:139)
	at org.junit.platform.engine.support.hierarchical.ThrowableCollector.execute(ThrowableCollector.java:73)
	at org.junit.platform.engine.support.hierarchical.NodeTestTask.executeRecursively(NodeTestTask.java:138)
	at org.junit.platform.engine.support.hierarchical.NodeTestTask.execute(NodeTestTask.java:95)
	at java.util.ArrayList.forEach(ArrayList.java:1259)
	at org.junit.platform.engine.support.hierarchical.SameThreadHierarchicalTestExecutorService.invokeAll(SameThreadHierarchicalTestExecutorService.java:41)
	at org.junit.platform.engine.support.hierarchical.NodeTestTask.lambda$executeRecursively$6(NodeTestTask.java:155)
	at org.junit.platform.engine.support.hierarchical.ThrowableCollector.execute(ThrowableCollector.java:73)
	at org.junit.platform.engine.support.hierarchical.NodeTestTask.lambda$executeRecursively$8(NodeTestTask.java:141)
	at org.junit.platform.engine.support.hierarchical.Node.around(Node.java:137)
	at org.junit.platform.engine.support.hierarchical.NodeTestTask.lambda$executeRecursively$9(NodeTestTask.java:139)
	at org.junit.platform.engine.support.hierarchical.ThrowableCollector.execute(ThrowableCollector.java:73)
	at org.junit.platform.engine.support.hierarchical.NodeTestTask.executeRecursively(NodeTestTask.java:138)
	at org.junit.platform.engine.support.hierarchical.NodeTestTask.execute(NodeTestTask.java:95)
	at java.util.ArrayList.forEach(ArrayList.java:1259)
	at org.junit.platform.engine.support.hierarchical.SameThreadHierarchicalTestExecutorService.invokeAll(SameThreadHierarchicalTestExecutorService.java:41)
	at org.junit.platform.engine.support.hierarchical.NodeTestTask.lambda$executeRecursively$6(NodeTestTask.java:155)
	at org.junit.platform.engine.support.hierarchical.ThrowableCollector.execute(ThrowableCollector.java:73)
	at org.junit.platform.engine.support.hierarchical.NodeTestTask.lambda$executeRecursively$8(NodeTestTask.java:141)
	at org.junit.platform.engine.support.hierarchical.Node.around(Node.java:137)
	at org.junit.platform.engine.support.hierarchical.NodeTestTask.lambda$executeRecursively$9(NodeTestTask.java:139)
	at org.junit.platform.engine.support.hierarchical.ThrowableCollector.execute(ThrowableCollector.java:73)
	at org.junit.platform.engine.support.hierarchical.NodeTestTask.executeRecursively(NodeTestTask.java:138)
	at org.junit.platform.engine.support.hierarchical.NodeTestTask.execute(NodeTestTask.java:95)
	at org.junit.platform.engine.support.hierarchical.SameThreadHierarchicalTestExecutorService.submit(SameThreadHierarchicalTestExecutorService.java:35)
	at org.junit.platform.engine.support.hierarchical.HierarchicalTestExecutor.execute(HierarchicalTestExecutor.java:57)
	at org.junit.platform.engine.support.hierarchical.HierarchicalTestEngine.execute(HierarchicalTestEngine.java:54)
	at org.junit.platform.launcher.core.EngineExecutionOrchestrator.execute(EngineExecutionOrchestrator.java:107)
	at org.junit.platform.launcher.core.EngineExecutionOrchestrator.execute(EngineExecutionOrchestrator.java:88)
	at org.junit.platform.launcher.core.EngineExecutionOrchestrator.lambda$execute$0(EngineExecutionOrchestrator.java:54)
	at org.junit.platform.launcher.core.EngineExecutionOrchestrator.withInterceptedStreams(EngineExecutionOrchestrator.java:67)
	at org.junit.platform.launcher.core.EngineExecutionOrchestrator.execute(EngineExecutionOrchestrator.java:52)
	at org.junit.platform.launcher.core.DefaultLauncher.execute(DefaultLauncher.java:114)
	at org.junit.platform.launcher.core.DefaultLauncher.execute(DefaultLauncher.java:86)
	at org.junit.platform.launcher.core.DefaultLauncherSession$DelegatingLauncher.execute(DefaultLauncherSession.java:86)
	at org.junit.platform.launcher.core.SessionPerRequestLauncher.execute(SessionPerRequestLauncher.java:53)
	at org.apache.maven.surefire.junitplatform.JUnitPlatformProvider.execute(JUnitPlatformProvider.java:188)
	at org.apache.maven.surefire.junitplatform.JUnitPlatformProvider.invokeAllTests(JUnitPlatformProvider.java:154)
	at org.apache.maven.surefire.junitplatform.JUnitPlatformProvider.invoke(JUnitPlatformProvider.java:124)
	at org.apache.maven.surefire.booter.ForkedBooter.runSuitesInProcess(ForkedBooter.java:428)
	at org.apache.maven.surefire.booter.ForkedBooter.execute(ForkedBooter.java:162)
	at org.apache.maven.surefire.booter.ForkedBooter.run(ForkedBooter.java:562)
	at org.apache.maven.surefire.booter.ForkedBooter.main(ForkedBooter.java:548)
]]></error>
    <system-out><![CDATA[2023-01-12 05:26:30,730 [main] INFO  client.DNCertificateClient (DefaultCertificateClient.java:loadAllCertificates(177)) - Loading certificate from location:/home/runner/work/ozone/ozone/hadoop-hdds/container-service/target/test-dir/cYBBMTvROp/dn/certs.
2023-01-12 05:26:30,730 [main] WARN  client.DNCertificateClient (DefaultCertificateClient.java:loadAllCertificates(242)) - CertificateLifetimeMonitor is not started this time because certificate is empty.
2023-01-12 05:26:32,199 [main] INFO  utils.SelfSignedCertificate (SelfSignedCertificate.java:generateCertificate(155)) - Certificate 1116412 is issued by CN=localhost,OU=test,O=cluster to CN=localhost,OU=test,O=cluster, valid from Thu Jan 12 05:26:36 UTC 2023 to Thu Jan 12 05:26:51 UTC 2023
2023-01-12 05:26:32,385 [main] INFO  client.DNCertificateClient (DefaultCertificateClient.java:loadAllCertificates(177)) - Loading certificate from location:/home/runner/work/ozone/ozone/hadoop-hdds/container-service/target/test-dir/cYBBMTvROp/dn/certs.
2023-01-12 05:26:32,398 [main] INFO  client.DNCertificateClient (DefaultCertificateClient.java:loadAllCertificates(218)) - Added certificate [
[
  Version: V3
  Subject: O=cluster, OU=test, CN=localhost
  Signature Algorithm: SHA256withRSA, OID = 1.2.840.113549.1.1.11

  Key:  Sun RSA public key, 2048 bits
  params: null
  modulus: 22603540662134967536138824098123850180169934635248581521541528984309008487704485007116438610580301917001552121108391104054261536724314845414164907668997064526234515832313473500877775785358680376888827475602597947079711948391970693236078886792302660267858724121965893756627102696132921702390407667877152289097735953147477661122387567069589028804624287570288092033688292988952843919002496021814322652076662081453605722813528226224103098819913012732536362034817707768533942964314782557648798626565262040846614427049546616493610488017739905257668825091415502496529042635722863271438499240573839105783595159315699534249601
  public exponent: 65537
  Validity: [From: Thu Jan 12 05:26:30 UTC 2023,
               To: Thu Jan 12 05:26:45 UTC 2023]
  Issuer: O=cluster, OU=test, CN=localhost
  SerialNumber: [    1100f4]

]
  Algorithm: [SHA256withRSA]
  Signature:
0000: 0C 9A 7E 3A 77 EA 46 C9   5F 20 0F 42 E2 FF 28 20  ...:w.F._ .B..( 
0010: 23 A9 F2 7D A5 0F F8 82   6B 88 17 12 66 02 9E 2B  #.......k...f..+
0020: BE 18 7B 60 35 2E BE CB   60 01 BA 0B 51 FF 38 02  ...`5...`...Q.8.
0030: C8 E3 37 08 C1 1B 79 EE   57 91 21 E2 AD 17 3C CB  ..7...y.W.!...<.
0040: B3 CF 32 E0 30 B6 1A F9   D4 2E 33 B6 DA AB 2D B5  ..2.0.....3...-.
0050: C5 75 B5 E4 4D 1F 9F 66   65 15 40 22 AC 8D 25 81  .u..M..fe.@"..%.
0060: 13 12 E7 85 31 21 A6 1D   8A 89 57 26 C4 EF A6 B6  ....1!....W&....
0070: 50 B1 FB 83 12 58 07 2D   44 3F 2C 38 F0 39 DB 87  P....X.-D?,8.9..
0080: 96 60 3F 52 F8 D5 C5 8D   5C 39 E9 F0 EF 23 01 7A  .`?R....\9...#.z
0090: AA A1 DD 97 0B E8 60 F2   05 79 DF D5 17 07 4A B8  ......`..y....J.
00A0: 9D 9D DC 16 55 D2 BA 40   8B 3A 17 C7 6F 4E A1 C8  ....U..@.:..oN..
00B0: 88 4C 8E 83 1E DC 0B F0   42 39 2F AB 88 77 BE 8C  .L......B9/..w..
00C0: BC 62 29 FD FD 48 FA C3   DB 90 AA EB FE 98 65 07  .b)..H........e.
00D0: 7D 03 30 0A 63 3B 11 30   60 03 C6 62 51 FF 66 A0  ..0.c;.0`..bQ.f.
00E0: A1 EB 22 6A DF 66 18 2F   0E 3B D2 1E 74 C2 70 D6  .."j.f./.;..t.p.
00F0: 36 66 EC 01 11 94 22 2E   9A 8B 8A 76 F5 10 F0 86  6f...."....v....

] from file:/home/runner/work/ozone/ozone/hadoop-hdds/container-service/target/test-dir/cYBBMTvROp/dn/certs/certificate.crt.
2023-01-12 05:26:32,408 [main] INFO  client.DNCertificateClient (DefaultCertificateClient.java:startCertificateMonitor(1393)) - CertificateLifetimeMonitor is started with first delay 7602 ms and interval 1666 ms.
2023-01-12 05:26:32,409 [main] INFO  client.DNCertificateClient (DefaultCertificateClient.java:startCertificateMonitor(1393)) - CertificateLifetimeMonitor is started with first delay 7592 ms and interval 1666 ms.
2023-01-12 05:26:40,001 [CertificateLifetimeMonitor] INFO  client.DNCertificateClient (DefaultCertificateClient.java:run(1410)) - Current certificate has entered the expiry grace period PT0S. Starting renew key and certs.
2023-01-12 05:26:40,001 [CertificateLifetimeMonitor] INFO  client.DNCertificateClient (DefaultCertificateClient.java:run(1410)) - Current certificate has entered the expiry grace period PT0S. Starting renew key and certs.
2023-01-12 05:26:40,004 [CertificateLifetimeMonitor] INFO  client.DNCertificateClient (DefaultCertificateClient.java:run(1410)) - Current certificate has entered the expiry grace period PT0S. Starting renew key and certs.
2023-01-12 05:26:40,001 [CertificateLifetimeMonitor] INFO  client.DNCertificateClient (DefaultCertificateClient.java:run(1410)) - Current certificate has entered the expiry grace period PT0S. Starting renew key and certs.
2023-01-12 05:26:40,005 [CertificateLifetimeMonitor] INFO  client.DNCertificateClient (DefaultCertificateClient.java:run(1410)) - Current certificate has entered the expiry grace period PT0S. Starting renew key and certs.
2023-01-12 05:26:40,376 [CertificateLifetimeMonitor] INFO  ozone.OzoneSecurityUtil (OzoneSecurityUtil.java:getValidInetsForCurrentHost(119)) - ip:fe80:0:0:0:222:48ff:feaa:f404%eth0 not returned.
2023-01-12 05:26:40,376 [CertificateLifetimeMonitor] INFO  ozone.OzoneSecurityUtil (OzoneSecurityUtil.java:getValidInetsForCurrentHost(116)) - Adding ip:10.1.0.17,host:fv-az205-554.k2gd1z4tyxsu3cbgyjsjq30zwf.jx.internal.cloudapp.net
2023-01-12 05:26:40,376 [CertificateLifetimeMonitor] INFO  ozone.OzoneSecurityUtil (OzoneSecurityUtil.java:getValidInetsForCurrentHost(119)) - ip:0:0:0:0:0:0:0:1%lo not returned.
2023-01-12 05:26:40,376 [CertificateLifetimeMonitor] INFO  ozone.OzoneSecurityUtil (OzoneSecurityUtil.java:getValidInetsForCurrentHost(119)) - ip:127.0.0.1 not returned.
2023-01-12 05:26:40,377 [CertificateLifetimeMonitor] INFO  client.DNCertificateClient (DNCertificateClient.java:getCSRBuilder(98)) - Created csr for DN-> subject:runner@fv-az205-554.k2gd1z4tyxsu3cbgyjsjq30zwf.jx.internal.cloudapp.net
2023-01-12 05:26:40,415 [CertificateLifetimeMonitor] ERROR client.DNCertificateClient (DefaultCertificateClient.java:run(1423)) - Failed to renew and store key and cert. Keep using existing certificates.
org.apache.hadoop.hdds.security.x509.exceptions.CertificateException: Error while signing and storing new certificates.
	at org.apache.hadoop.hdds.security.x509.certificate.client.DefaultCertificateClient.renewAndStoreKeyAndCertificate(DefaultCertificateClient.java:1185)
	at org.apache.hadoop.hdds.security.x509.certificate.client.DefaultCertificateClient$CertificateLifetimeMonitor.run(DefaultCertificateClient.java:1413)
	at java.util.concurrent.Executors$RunnableAdapter.call(Executors.java:511)
	at java.util.concurrent.FutureTask.runAndReset(FutureTask.java:308)
	at java.util.concurrent.ScheduledThreadPoolExecutor$ScheduledFutureTask.access$301(ScheduledThreadPoolExecutor.java:180)
	at java.util.concurrent.ScheduledThreadPoolExecutor$ScheduledFutureTask.run(ScheduledThreadPoolExecutor.java:294)
	at java.util.concurrent.ThreadPoolExecutor.runWorker(ThreadPoolExecutor.java:1149)
	at java.util.concurrent.ThreadPoolExecutor$Worker.run(ThreadPoolExecutor.java:624)
	at java.lang.Thread.run(Thread.java:750)
Caused by: org.apache.hadoop.hdds.conf.ConfigurationException: SCM Client Address could not be obtained from config. Config is not properly defined
	at org.apache.hadoop.hdds.scm.proxy.SCMSecurityProtocolFailoverProxyProvider.loadConfigs(SCMSecurityProtocolFailoverProxyProvider.java:120)
	at org.apache.hadoop.hdds.scm.proxy.SCMSecurityProtocolFailoverProxyProvider.<init>(SCMSecurityProtocolFailoverProxyProvider.java:105)
	at org.apache.hadoop.hdds.utils.HddsServerUtil.getScmSecurityClientWithMaxRetry(HddsServerUtil.java:467)
	at org.apache.hadoop.hdds.security.x509.certificate.client.DefaultCertificateClient.getScmSecureClient(DefaultCertificateClient.java:1363)
	at org.apache.hadoop.hdds.security.x509.certificate.client.DNCertificateClient.signAndStoreCertificate(DNCertificateClient.java:113)
	at org.apache.hadoop.hdds.security.x509.certificate.client.DefaultCertificateClient.renewAndStoreKeyAndCertificate(DefaultCertificateClient.java:1182)
	... 8 more
2023-01-12 05:26:40,555 [CertificateLifetimeMonitor] ERROR client.DNCertificateClient (DefaultCertificateClient.java:createKeyPair(967)) - Error while bootstrapping certificate client.
java.io.IOException: Private key already exist.
	at org.apache.hadoop.hdds.security.x509.keys.KeyCodec.writePublicKey(KeyCodec.java:197)
	at org.apache.hadoop.hdds.security.x509.certificate.client.DefaultCertificateClient.createKeyPair(DefaultCertificateClient.java:963)
	at org.apache.hadoop.hdds.security.x509.certificate.client.DefaultCertificateClient.renewAndStoreKeyAndCertificate(DefaultCertificateClient.java:1172)
	at org.apache.hadoop.hdds.security.x509.certificate.client.DefaultCertificateClient$CertificateLifetimeMonitor.run(DefaultCertificateClient.java:1413)
	at java.util.concurrent.Executors$RunnableAdapter.call(Executors.java:511)
	at java.util.concurrent.FutureTask.runAndReset(FutureTask.java:308)
	at java.util.concurrent.ScheduledThreadPoolExecutor$ScheduledFutureTask.access$301(ScheduledThreadPoolExecutor.java:180)
	at java.util.concurrent.ScheduledThreadPoolExecutor$ScheduledFutureTask.run(ScheduledThreadPoolExecutor.java:294)
	at java.util.concurrent.ThreadPoolExecutor.runWorker(ThreadPoolExecutor.java:1149)
	at java.util.concurrent.ThreadPoolExecutor$Worker.run(ThreadPoolExecutor.java:624)
	at java.lang.Thread.run(Thread.java:750)
2023-01-12 05:26:40,555 [CertificateLifetimeMonitor] ERROR client.DNCertificateClient (DefaultCertificateClient.java:run(1423)) - Failed to renew and store key and cert. Keep using existing certificates.
org.apache.hadoop.hdds.security.x509.exceptions.CertificateException: Error while creating new key pair.
	at org.apache.hadoop.hdds.security.x509.certificate.client.DefaultCertificateClient.renewAndStoreKeyAndCertificate(DefaultCertificateClient.java:1174)
	at org.apache.hadoop.hdds.security.x509.certificate.client.DefaultCertificateClient$CertificateLifetimeMonitor.run(DefaultCertificateClient.java:1413)
	at java.util.concurrent.Executors$RunnableAdapter.call(Executors.java:511)
	at java.util.concurrent.FutureTask.runAndReset(FutureTask.java:308)
	at java.util.concurrent.ScheduledThreadPoolExecutor$ScheduledFutureTask.access$301(ScheduledThreadPoolExecutor.java:180)
	at java.util.concurrent.ScheduledThreadPoolExecutor$ScheduledFutureTask.run(ScheduledThreadPoolExecutor.java:294)
	at java.util.concurrent.ThreadPoolExecutor.runWorker(ThreadPoolExecutor.java:1149)
	at java.util.concurrent.ThreadPoolExecutor$Worker.run(ThreadPoolExecutor.java:624)
	at java.lang.Thread.run(Thread.java:750)
Caused by: org.apache.hadoop.hdds.security.x509.exceptions.CertificateException: Error while bootstrapping certificate.
	at org.apache.hadoop.hdds.security.x509.certificate.client.DefaultCertificateClient.createKeyPair(DefaultCertificateClient.java:968)
	at org.apache.hadoop.hdds.security.x509.certificate.client.DefaultCertificateClient.renewAndStoreKeyAndCertificate(DefaultCertificateClient.java:1172)
	... 8 more
2023-01-12 05:26:40,556 [CertificateLifetimeMonitor] INFO  client.DNCertificateClient (DefaultCertificateClient.java:run(1410)) - Current certificate has entered the expiry grace period PT0S. Starting renew key and certs.
2023-01-12 05:26:40,972 [CertificateLifetimeMonitor] INFO  ozone.OzoneSecurityUtil (OzoneSecurityUtil.java:getValidInetsForCurrentHost(119)) - ip:fe80:0:0:0:222:48ff:feaa:f404%eth0 not returned.
2023-01-12 05:26:40,972 [CertificateLifetimeMonitor] INFO  ozone.OzoneSecurityUtil (OzoneSecurityUtil.java:getValidInetsForCurrentHost(116)) - Adding ip:10.1.0.17,host:fv-az205-554.k2gd1z4tyxsu3cbgyjsjq30zwf.jx.internal.cloudapp.net
2023-01-12 05:26:40,972 [CertificateLifetimeMonitor] INFO  ozone.OzoneSecurityUtil (OzoneSecurityUtil.java:getValidInetsForCurrentHost(119)) - ip:0:0:0:0:0:0:0:1%lo not returned.
2023-01-12 05:26:40,972 [CertificateLifetimeMonitor] INFO  ozone.OzoneSecurityUtil (OzoneSecurityUtil.java:getValidInetsForCurrentHost(119)) - ip:127.0.0.1 not returned.
2023-01-12 05:26:40,973 [CertificateLifetimeMonitor] INFO  client.DNCertificateClient (DNCertificateClient.java:getCSRBuilder(98)) - Created csr for DN-> subject:runner@fv-az205-554.k2gd1z4tyxsu3cbgyjsjq30zwf.jx.internal.cloudapp.net
2023-01-12 05:26:40,982 [CertificateLifetimeMonitor] ERROR client.DNCertificateClient (DefaultCertificateClient.java:run(1423)) - Failed to renew and store key and cert. Keep using existing certificates.
org.apache.hadoop.hdds.security.x509.exceptions.CertificateException: Error while signing and storing new certificates.
	at org.apache.hadoop.hdds.security.x509.certificate.client.DefaultCertificateClient.renewAndStoreKeyAndCertificate(DefaultCertificateClient.java:1185)
	at org.apache.hadoop.hdds.security.x509.certificate.client.DefaultCertificateClient$CertificateLifetimeMonitor.run(DefaultCertificateClient.java:1413)
	at java.util.concurrent.Executors$RunnableAdapter.call(Executors.java:511)
	at java.util.concurrent.FutureTask.runAndReset(FutureTask.java:308)
	at java.util.concurrent.ScheduledThreadPoolExecutor$ScheduledFutureTask.access$301(ScheduledThreadPoolExecutor.java:180)
	at java.util.concurrent.ScheduledThreadPoolExecutor$ScheduledFutureTask.run(ScheduledThreadPoolExecutor.java:294)
	at java.util.concurrent.ThreadPoolExecutor.runWorker(ThreadPoolExecutor.java:1149)
	at java.util.concurrent.ThreadPoolExecutor$Worker.run(ThreadPoolExecutor.java:624)
	at java.lang.Thread.run(Thread.java:750)
Caused by: org.apache.hadoop.hdds.conf.ConfigurationException: SCM Client Address could not be obtained from config. Config is not properly defined
	at org.apache.hadoop.hdds.scm.proxy.SCMSecurityProtocolFailoverProxyProvider.loadConfigs(SCMSecurityProtocolFailoverProxyProvider.java:120)
	at org.apache.hadoop.hdds.scm.proxy.SCMSecurityProtocolFailoverProxyProvider.<init>(SCMSecurityProtocolFailoverProxyProvider.java:105)
	at org.apache.hadoop.hdds.utils.HddsServerUtil.getScmSecurityClientWithMaxRetry(HddsServerUtil.java:467)
	at org.apache.hadoop.hdds.security.x509.certificate.client.DefaultCertificateClient.getScmSecureClient(DefaultCertificateClient.java:1363)
	at org.apache.hadoop.hdds.security.x509.certificate.client.DNCertificateClient.signAndStoreCertificate(DNCertificateClient.java:113)
	at org.apache.hadoop.hdds.security.x509.certificate.client.DefaultCertificateClient.renewAndStoreKeyAndCertificate(DefaultCertificateClient.java:1182)
	... 8 more
2023-01-12 05:26:41,228 [CertificateLifetimeMonitor] ERROR client.DNCertificateClient (DefaultCertificateClient.java:createKeyPair(967)) - Error while bootstrapping certificate client.
java.io.IOException: Private key already exist.
	at org.apache.hadoop.hdds.security.x509.keys.KeyCodec.writePublicKey(KeyCodec.java:197)
	at org.apache.hadoop.hdds.security.x509.certificate.client.DefaultCertificateClient.createKeyPair(DefaultCertificateClient.java:963)
	at org.apache.hadoop.hdds.security.x509.certificate.client.DefaultCertificateClient.renewAndStoreKeyAndCertificate(DefaultCertificateClient.java:1172)
	at org.apache.hadoop.hdds.security.x509.certificate.client.DefaultCertificateClient$CertificateLifetimeMonitor.run(DefaultCertificateClient.java:1413)
	at java.util.concurrent.Executors$RunnableAdapter.call(Executors.java:511)
	at java.util.concurrent.FutureTask.runAndReset(FutureTask.java:308)
	at java.util.concurrent.ScheduledThreadPoolExecutor$ScheduledFutureTask.access$301(ScheduledThreadPoolExecutor.java:180)
	at java.util.concurrent.ScheduledThreadPoolExecutor$ScheduledFutureTask.run(ScheduledThreadPoolExecutor.java:294)
	at java.util.concurrent.ThreadPoolExecutor.runWorker(ThreadPoolExecutor.java:1149)
	at java.util.concurrent.ThreadPoolExecutor$Worker.run(ThreadPoolExecutor.java:624)
	at java.lang.Thread.run(Thread.java:750)
2023-01-12 05:26:41,228 [CertificateLifetimeMonitor] ERROR client.DNCertificateClient (DefaultCertificateClient.java:run(1423)) - Failed to renew and store key and cert. Keep using existing certificates.
org.apache.hadoop.hdds.security.x509.exceptions.CertificateException: Error while creating new key pair.
	at org.apache.hadoop.hdds.security.x509.certificate.client.DefaultCertificateClient.renewAndStoreKeyAndCertificate(DefaultCertificateClient.java:1174)
	at org.apache.hadoop.hdds.security.x509.certificate.client.DefaultCertificateClient$CertificateLifetimeMonitor.run(DefaultCertificateClient.java:1413)
	at java.util.concurrent.Executors$RunnableAdapter.call(Executors.java:511)
	at java.util.concurrent.FutureTask.runAndReset(FutureTask.java:308)
	at java.util.concurrent.ScheduledThreadPoolExecutor$ScheduledFutureTask.access$301(ScheduledThreadPoolExecutor.java:180)
	at java.util.concurrent.ScheduledThreadPoolExecutor$ScheduledFutureTask.run(ScheduledThreadPoolExecutor.java:294)
	at java.util.concurrent.ThreadPoolExecutor.runWorker(ThreadPoolExecutor.java:1149)
	at java.util.concurrent.ThreadPoolExecutor$Worker.run(ThreadPoolExecutor.java:624)
	at java.lang.Thread.run(Thread.java:750)
Caused by: org.apache.hadoop.hdds.security.x509.exceptions.CertificateException: Error while bootstrapping certificate.
	at org.apache.hadoop.hdds.security.x509.certificate.client.DefaultCertificateClient.createKeyPair(DefaultCertificateClient.java:968)
	at org.apache.hadoop.hdds.security.x509.certificate.client.DefaultCertificateClient.renewAndStoreKeyAndCertificate(DefaultCertificateClient.java:1172)
	... 8 more
2023-01-12 05:26:41,233 [CertificateLifetimeMonitor] ERROR client.DNCertificateClient (DefaultCertificateClient.java:createKeyPair(967)) - Error while bootstrapping certificate client.
java.io.IOException: Private key already exist.
	at org.apache.hadoop.hdds.security.x509.keys.KeyCodec.writePublicKey(KeyCodec.java:197)
	at org.apache.hadoop.hdds.security.x509.certificate.client.DefaultCertificateClient.createKeyPair(DefaultCertificateClient.java:963)
	at org.apache.hadoop.hdds.security.x509.certificate.client.DefaultCertificateClient.renewAndStoreKeyAndCertificate(DefaultCertificateClient.java:1172)
	at org.apache.hadoop.hdds.security.x509.certificate.client.DefaultCertificateClient$CertificateLifetimeMonitor.run(DefaultCertificateClient.java:1413)
	at java.util.concurrent.Executors$RunnableAdapter.call(Executors.java:511)
	at java.util.concurrent.FutureTask.runAndReset(FutureTask.java:308)
	at java.util.concurrent.ScheduledThreadPoolExecutor$ScheduledFutureTask.access$301(ScheduledThreadPoolExecutor.java:180)
	at java.util.concurrent.ScheduledThreadPoolExecutor$ScheduledFutureTask.run(ScheduledThreadPoolExecutor.java:294)
	at java.util.concurrent.ThreadPoolExecutor.runWorker(ThreadPoolExecutor.java:1149)
	at java.util.concurrent.ThreadPoolExecutor$Worker.run(ThreadPoolExecutor.java:624)
	at java.lang.Thread.run(Thread.java:750)
2023-01-12 05:26:41,234 [CertificateLifetimeMonitor] ERROR client.DNCertificateClient (DefaultCertificateClient.java:run(1423)) - Failed to renew and store key and cert. Keep using existing certificates.
org.apache.hadoop.hdds.security.x509.exceptions.CertificateException: Error while creating new key pair.
	at org.apache.hadoop.hdds.security.x509.certificate.client.DefaultCertificateClient.renewAndStoreKeyAndCertificate(DefaultCertificateClient.java:1174)
	at org.apache.hadoop.hdds.security.x509.certificate.client.DefaultCertificateClient$CertificateLifetimeMonitor.run(DefaultCertificateClient.java:1413)
	at java.util.concurrent.Executors$RunnableAdapter.call(Executors.java:511)
	at java.util.concurrent.FutureTask.runAndReset(FutureTask.java:308)
	at java.util.concurrent.ScheduledThreadPoolExecutor$ScheduledFutureTask.access$301(ScheduledThreadPoolExecutor.java:180)
	at java.util.concurrent.ScheduledThreadPoolExecutor$ScheduledFutureTask.run(ScheduledThreadPoolExecutor.java:294)
	at java.util.concurrent.ThreadPoolExecutor.runWorker(ThreadPoolExecutor.java:1149)
	at java.util.concurrent.ThreadPoolExecutor$Worker.run(ThreadPoolExecutor.java:624)
	at java.lang.Thread.run(Thread.java:750)
Caused by: org.apache.hadoop.hdds.security.x509.exceptions.CertificateException: Error while bootstrapping certificate.
	at org.apache.hadoop.hdds.security.x509.certificate.client.DefaultCertificateClient.createKeyPair(DefaultCertificateClient.java:968)
	at org.apache.hadoop.hdds.security.x509.certificate.client.DefaultCertificateClient.renewAndStoreKeyAndCertificate(DefaultCertificateClient.java:1172)
	... 8 more
2023-01-12 05:26:41,463 [CertificateLifetimeMonitor] ERROR client.DNCertificateClient (DefaultCertificateClient.java:createKeyPair(967)) - Error while bootstrapping certificate client.
java.io.IOException: Private key already exist.
	at org.apache.hadoop.hdds.security.x509.keys.KeyCodec.writePublicKey(KeyCodec.java:197)
	at org.apache.hadoop.hdds.security.x509.certificate.client.DefaultCertificateClient.createKeyPair(DefaultCertificateClient.java:963)
	at org.apache.hadoop.hdds.security.x509.certificate.client.DefaultCertificateClient.renewAndStoreKeyAndCertificate(DefaultCertificateClient.java:1172)
	at org.apache.hadoop.hdds.security.x509.certificate.client.DefaultCertificateClient$CertificateLifetimeMonitor.run(DefaultCertificateClient.java:1413)
	at java.util.concurrent.Executors$RunnableAdapter.call(Executors.java:511)
	at java.util.concurrent.FutureTask.runAndReset(FutureTask.java:308)
	at java.util.concurrent.ScheduledThreadPoolExecutor$ScheduledFutureTask.access$301(ScheduledThreadPoolExecutor.java:180)
	at java.util.concurrent.ScheduledThreadPoolExecutor$ScheduledFutureTask.run(ScheduledThreadPoolExecutor.java:294)
	at java.util.concurrent.ThreadPoolExecutor.runWorker(ThreadPoolExecutor.java:1149)
	at java.util.concurrent.ThreadPoolExecutor$Worker.run(ThreadPoolExecutor.java:624)
	at java.lang.Thread.run(Thread.java:750)
2023-01-12 05:26:41,463 [CertificateLifetimeMonitor] ERROR client.DNCertificateClient (DefaultCertificateClient.java:run(1423)) - Failed to renew and store key and cert. Keep using existing certificates.
org.apache.hadoop.hdds.security.x509.exceptions.CertificateException: Error while creating new key pair.
	at org.apache.hadoop.hdds.security.x509.certificate.client.DefaultCertificateClient.renewAndStoreKeyAndCertificate(DefaultCertificateClient.java:1174)
	at org.apache.hadoop.hdds.security.x509.certificate.client.DefaultCertificateClient$CertificateLifetimeMonitor.run(DefaultCertificateClient.java:1413)
	at java.util.concurrent.Executors$RunnableAdapter.call(Executors.java:511)
	at java.util.concurrent.FutureTask.runAndReset(FutureTask.java:308)
	at java.util.concurrent.ScheduledThreadPoolExecutor$ScheduledFutureTask.access$301(ScheduledThreadPoolExecutor.java:180)
	at java.util.concurrent.ScheduledThreadPoolExecutor$ScheduledFutureTask.run(ScheduledThreadPoolExecutor.java:294)
	at java.util.concurrent.ThreadPoolExecutor.runWorker(ThreadPoolExecutor.java:1149)
	at java.util.concurrent.ThreadPoolExecutor$Worker.run(ThreadPoolExecutor.java:624)
	at java.lang.Thread.run(Thread.java:750)
Caused by: org.apache.hadoop.hdds.security.x509.exceptions.CertificateException: Error while bootstrapping certificate.
	at org.apache.hadoop.hdds.security.x509.certificate.client.DefaultCertificateClient.createKeyPair(DefaultCertificateClient.java:968)
	at org.apache.hadoop.hdds.security.x509.certificate.client.DefaultCertificateClient.renewAndStoreKeyAndCertificate(DefaultCertificateClient.java:1172)
	... 8 more
2023-01-12 05:26:41,666 [CertificateLifetimeMonitor] INFO  client.DNCertificateClient (DefaultCertificateClient.java:run(1410)) - Current certificate has entered the expiry grace period PT0S. Starting renew key and certs.
2023-01-12 05:26:41,666 [CertificateLifetimeMonitor] INFO  client.DNCertificateClient (DefaultCertificateClient.java:run(1410)) - Current certificate has entered the expiry grace period PT0S. Starting renew key and certs.
2023-01-12 05:26:41,670 [CertificateLifetimeMonitor] INFO  client.DNCertificateClient (DefaultCertificateClient.java:run(1410)) - Current certificate has entered the expiry grace period PT0S. Starting renew key and certs.
2023-01-12 05:26:41,667 [CertificateLifetimeMonitor] INFO  client.DNCertificateClient (DefaultCertificateClient.java:run(1410)) - Current certificate has entered the expiry grace period PT0S. Starting renew key and certs.
2023-01-12 05:26:41,667 [CertificateLifetimeMonitor] INFO  client.DNCertificateClient (DefaultCertificateClient.java:run(1410)) - Current certificate has entered the expiry grace period PT0S. Starting renew key and certs.
2023-01-12 05:26:41,967 [CertificateLifetimeMonitor] INFO  ozone.OzoneSecurityUtil (OzoneSecurityUtil.java:getValidInetsForCurrentHost(119)) - ip:fe80:0:0:0:222:48ff:feaa:f404%eth0 not returned.
2023-01-12 05:26:41,967 [CertificateLifetimeMonitor] INFO  ozone.OzoneSecurityUtil (OzoneSecurityUtil.java:getValidInetsForCurrentHost(116)) - Adding ip:10.1.0.17,host:fv-az205-554.k2gd1z4tyxsu3cbgyjsjq30zwf.jx.internal.cloudapp.net
2023-01-12 05:26:41,967 [CertificateLifetimeMonitor] INFO  ozone.OzoneSecurityUtil (OzoneSecurityUtil.java:getValidInetsForCurrentHost(119)) - ip:0:0:0:0:0:0:0:1%lo not returned.
2023-01-12 05:26:41,968 [CertificateLifetimeMonitor] INFO  ozone.OzoneSecurityUtil (OzoneSecurityUtil.java:getValidInetsForCurrentHost(119)) - ip:127.0.0.1 not returned.
2023-01-12 05:26:41,968 [CertificateLifetimeMonitor] INFO  client.DNCertificateClient (DNCertificateClient.java:getCSRBuilder(98)) - Created csr for DN-> subject:runner@fv-az205-554.k2gd1z4tyxsu3cbgyjsjq30zwf.jx.internal.cloudapp.net
2023-01-12 05:26:41,972 [CertificateLifetimeMonitor] ERROR client.DNCertificateClient (DefaultCertificateClient.java:run(1423)) - Failed to renew and store key and cert. Keep using existing certificates.
org.apache.hadoop.hdds.security.x509.exceptions.CertificateException: Error while signing and storing new certificates.
	at org.apache.hadoop.hdds.security.x509.certificate.client.DefaultCertificateClient.renewAndStoreKeyAndCertificate(DefaultCertificateClient.java:1185)
	at org.apache.hadoop.hdds.security.x509.certificate.client.DefaultCertificateClient$CertificateLifetimeMonitor.run(DefaultCertificateClient.java:1413)
	at java.util.concurrent.Executors$RunnableAdapter.call(Executors.java:511)
	at java.util.concurrent.FutureTask.runAndReset(FutureTask.java:308)
	at java.util.concurrent.ScheduledThreadPoolExecutor$ScheduledFutureTask.access$301(ScheduledThreadPoolExecutor.java:180)
	at java.util.concurrent.ScheduledThreadPoolExecutor$ScheduledFutureTask.run(ScheduledThreadPoolExecutor.java:294)
	at java.util.concurrent.ThreadPoolExecutor.runWorker(ThreadPoolExecutor.java:1149)
	at java.util.concurrent.ThreadPoolExecutor$Worker.run(ThreadPoolExecutor.java:624)
	at java.lang.Thread.run(Thread.java:750)
Caused by: org.apache.hadoop.hdds.conf.ConfigurationException: SCM Client Address could not be obtained from config. Config is not properly defined
	at org.apache.hadoop.hdds.scm.proxy.SCMSecurityProtocolFailoverProxyProvider.loadConfigs(SCMSecurityProtocolFailoverProxyProvider.java:120)
	at org.apache.hadoop.hdds.scm.proxy.SCMSecurityProtocolFailoverProxyProvider.<init>(SCMSecurityProtocolFailoverProxyProvider.java:105)
	at org.apache.hadoop.hdds.utils.HddsServerUtil.getScmSecurityClientWithMaxRetry(HddsServerUtil.java:467)
	at org.apache.hadoop.hdds.security.x509.certificate.client.DefaultCertificateClient.getScmSecureClient(DefaultCertificateClient.java:1363)
	at org.apache.hadoop.hdds.security.x509.certificate.client.DNCertificateClient.signAndStoreCertificate(DNCertificateClient.java:113)
	at org.apache.hadoop.hdds.security.x509.certificate.client.DefaultCertificateClient.renewAndStoreKeyAndCertificate(DefaultCertificateClient.java:1182)
	... 8 more
2023-01-12 05:26:42,100 [CertificateLifetimeMonitor] ERROR client.DNCertificateClient (DefaultCertificateClient.java:createKeyPair(967)) - Error while bootstrapping certificate client.
java.io.IOException: Private key already exist.
	at org.apache.hadoop.hdds.security.x509.keys.KeyCodec.writePublicKey(KeyCodec.java:197)
	at org.apache.hadoop.hdds.security.x509.certificate.client.DefaultCertificateClient.createKeyPair(DefaultCertificateClient.java:963)
	at org.apache.hadoop.hdds.security.x509.certificate.client.DefaultCertificateClient.renewAndStoreKeyAndCertificate(DefaultCertificateClient.java:1172)
	at org.apache.hadoop.hdds.security.x509.certificate.client.DefaultCertificateClient$CertificateLifetimeMonitor.run(DefaultCertificateClient.java:1413)
	at java.util.concurrent.Executors$RunnableAdapter.call(Executors.java:511)
	at java.util.concurrent.FutureTask.runAndReset(FutureTask.java:308)
	at java.util.concurrent.ScheduledThreadPoolExecutor$ScheduledFutureTask.access$301(ScheduledThreadPoolExecutor.java:180)
	at java.util.concurrent.ScheduledThreadPoolExecutor$ScheduledFutureTask.run(ScheduledThreadPoolExecutor.java:294)
	at java.util.concurrent.ThreadPoolExecutor.runWorker(ThreadPoolExecutor.java:1149)
	at java.util.concurrent.ThreadPoolExecutor$Worker.run(ThreadPoolExecutor.java:624)
	at java.lang.Thread.run(Thread.java:750)
2023-01-12 05:26:42,103 [CertificateLifetimeMonitor] ERROR client.DNCertificateClient (DefaultCertificateClient.java:run(1423)) - Failed to renew and store key and cert. Keep using existing certificates.
org.apache.hadoop.hdds.security.x509.exceptions.CertificateException: Error while creating new key pair.
	at org.apache.hadoop.hdds.security.x509.certificate.client.DefaultCertificateClient.renewAndStoreKeyAndCertificate(DefaultCertificateClient.java:1174)
	at org.apache.hadoop.hdds.security.x509.certificate.client.DefaultCertificateClient$CertificateLifetimeMonitor.run(DefaultCertificateClient.java:1413)
	at java.util.concurrent.Executors$RunnableAdapter.call(Executors.java:511)
	at java.util.concurrent.FutureTask.runAndReset(FutureTask.java:308)
	at java.util.concurrent.ScheduledThreadPoolExecutor$ScheduledFutureTask.access$301(ScheduledThreadPoolExecutor.java:180)
	at java.util.concurrent.ScheduledThreadPoolExecutor$ScheduledFutureTask.run(ScheduledThreadPoolExecutor.java:294)
	at java.util.concurrent.ThreadPoolExecutor.runWorker(ThreadPoolExecutor.java:1149)
	at java.util.concurrent.ThreadPoolExecutor$Worker.run(ThreadPoolExecutor.java:624)
	at java.lang.Thread.run(Thread.java:750)
Caused by: org.apache.hadoop.hdds.security.x509.exceptions.CertificateException: Error while bootstrapping certificate.
	at org.apache.hadoop.hdds.security.x509.certificate.client.DefaultCertificateClient.createKeyPair(DefaultCertificateClient.java:968)
	at org.apache.hadoop.hdds.security.x509.certificate.client.DefaultCertificateClient.renewAndStoreKeyAndCertificate(DefaultCertificateClient.java:1172)
	... 8 more
2023-01-12 05:26:42,180 [CertificateLifetimeMonitor] ERROR client.DNCertificateClient (DefaultCertificateClient.java:createKeyPair(967)) - Error while bootstrapping certificate client.
java.io.IOException: Private key already exist.
	at org.apache.hadoop.hdds.security.x509.keys.KeyCodec.writePublicKey(KeyCodec.java:197)
	at org.apache.hadoop.hdds.security.x509.certificate.client.DefaultCertificateClient.createKeyPair(DefaultCertificateClient.java:963)
	at org.apache.hadoop.hdds.security.x509.certificate.client.DefaultCertificateClient.renewAndStoreKeyAndCertificate(DefaultCertificateClient.java:1172)
	at org.apache.hadoop.hdds.security.x509.certificate.client.DefaultCertificateClient$CertificateLifetimeMonitor.run(DefaultCertificateClient.java:1413)
	at java.util.concurrent.Executors$RunnableAdapter.call(Executors.java:511)
	at java.util.concurrent.FutureTask.runAndReset(FutureTask.java:308)
	at java.util.concurrent.ScheduledThreadPoolExecutor$ScheduledFutureTask.access$301(ScheduledThreadPoolExecutor.java:180)
	at java.util.concurrent.ScheduledThreadPoolExecutor$ScheduledFutureTask.run(ScheduledThreadPoolExecutor.java:294)
	at java.util.concurrent.ThreadPoolExecutor.runWorker(ThreadPoolExecutor.java:1149)
	at java.util.concurrent.ThreadPoolExecutor$Worker.run(ThreadPoolExecutor.java:624)
	at java.lang.Thread.run(Thread.java:750)
2023-01-12 05:26:42,180 [CertificateLifetimeMonitor] ERROR client.DNCertificateClient (DefaultCertificateClient.java:run(1423)) - Failed to renew and store key and cert. Keep using existing certificates.
org.apache.hadoop.hdds.security.x509.exceptions.CertificateException: Error while creating new key pair.
	at org.apache.hadoop.hdds.security.x509.certificate.client.DefaultCertificateClient.renewAndStoreKeyAndCertificate(DefaultCertificateClient.java:1174)
	at org.apache.hadoop.hdds.security.x509.certificate.client.DefaultCertificateClient$CertificateLifetimeMonitor.run(DefaultCertificateClient.java:1413)
	at java.util.concurrent.Executors$RunnableAdapter.call(Executors.java:511)
	at java.util.concurrent.FutureTask.runAndReset(FutureTask.java:308)
	at java.util.concurrent.ScheduledThreadPoolExecutor$ScheduledFutureTask.access$301(ScheduledThreadPoolExecutor.java:180)
	at java.util.concurrent.ScheduledThreadPoolExecutor$ScheduledFutureTask.run(ScheduledThreadPoolExecutor.java:294)
	at java.util.concurrent.ThreadPoolExecutor.runWorker(ThreadPoolExecutor.java:1149)
	at java.util.concurrent.ThreadPoolExecutor$Worker.run(ThreadPoolExecutor.java:624)
	at java.lang.Thread.run(Thread.java:750)
Caused by: org.apache.hadoop.hdds.security.x509.exceptions.CertificateException: Error while bootstrapping certificate.
	at org.apache.hadoop.hdds.security.x509.certificate.client.DefaultCertificateClient.createKeyPair(DefaultCertificateClient.java:968)
	at org.apache.hadoop.hdds.security.x509.certificate.client.DefaultCertificateClient.renewAndStoreKeyAndCertificate(DefaultCertificateClient.java:1172)
	... 8 more
2023-01-12 05:26:42,181 [CertificateLifetimeMonitor] INFO  client.DNCertificateClient (DefaultCertificateClient.java:run(1410)) - Current certificate has entered the expiry grace period PT0S. Starting renew key and certs.
2023-01-12 05:26:42,236 [CertificateLifetimeMonitor] INFO  ozone.OzoneSecurityUtil (OzoneSecurityUtil.java:getValidInetsForCurrentHost(119)) - ip:fe80:0:0:0:222:48ff:feaa:f404%eth0 not returned.
2023-01-12 05:26:42,237 [CertificateLifetimeMonitor] INFO  ozone.OzoneSecurityUtil (OzoneSecurityUtil.java:getValidInetsForCurrentHost(116)) - Adding ip:10.1.0.17,host:fv-az205-554.k2gd1z4tyxsu3cbgyjsjq30zwf.jx.internal.cloudapp.net
2023-01-12 05:26:42,237 [CertificateLifetimeMonitor] INFO  ozone.OzoneSecurityUtil (OzoneSecurityUtil.java:getValidInetsForCurrentHost(119)) - ip:0:0:0:0:0:0:0:1%lo not returned.
2023-01-12 05:26:42,237 [CertificateLifetimeMonitor] INFO  ozone.OzoneSecurityUtil (OzoneSecurityUtil.java:getValidInetsForCurrentHost(119)) - ip:127.0.0.1 not returned.
2023-01-12 05:26:42,237 [CertificateLifetimeMonitor] INFO  client.DNCertificateClient (DNCertificateClient.java:getCSRBuilder(98)) - Created csr for DN-> subject:runner@fv-az205-554.k2gd1z4tyxsu3cbgyjsjq30zwf.jx.internal.cloudapp.net
2023-01-12 05:26:42,241 [CertificateLifetimeMonitor] ERROR client.DNCertificateClient (DefaultCertificateClient.java:run(1423)) - Failed to renew and store key and cert. Keep using existing certificates.
org.apache.hadoop.hdds.security.x509.exceptions.CertificateException: Error while signing and storing new certificates.
	at org.apache.hadoop.hdds.security.x509.certificate.client.DefaultCertificateClient.renewAndStoreKeyAndCertificate(DefaultCertificateClient.java:1185)
	at org.apache.hadoop.hdds.security.x509.certificate.client.DefaultCertificateClient$CertificateLifetimeMonitor.run(DefaultCertificateClient.java:1413)
	at java.util.concurrent.Executors$RunnableAdapter.call(Executors.java:511)
	at java.util.concurrent.FutureTask.runAndReset(FutureTask.java:308)
	at java.util.concurrent.ScheduledThreadPoolExecutor$ScheduledFutureTask.access$301(ScheduledThreadPoolExecutor.java:180)
	at java.util.concurrent.ScheduledThreadPoolExecutor$ScheduledFutureTask.run(ScheduledThreadPoolExecutor.java:294)
	at java.util.concurrent.ThreadPoolExecutor.runWorker(ThreadPoolExecutor.java:1149)
	at java.util.concurrent.ThreadPoolExecutor$Worker.run(ThreadPoolExecutor.java:624)
	at java.lang.Thread.run(Thread.java:750)
Caused by: org.apache.hadoop.hdds.conf.ConfigurationException: SCM Client Address could not be obtained from config. Config is not properly defined
	at org.apache.hadoop.hdds.scm.proxy.SCMSecurityProtocolFailoverProxyProvider.loadConfigs(SCMSecurityProtocolFailoverProxyProvider.java:120)
	at org.apache.hadoop.hdds.scm.proxy.SCMSecurityProtocolFailoverProxyProvider.<init>(SCMSecurityProtocolFailoverProxyProvider.java:105)
	at org.apache.hadoop.hdds.utils.HddsServerUtil.getScmSecurityClientWithMaxRetry(HddsServerUtil.java:467)
	at org.apache.hadoop.hdds.security.x509.certificate.client.DefaultCertificateClient.getScmSecureClient(DefaultCertificateClient.java:1363)
	at org.apache.hadoop.hdds.security.x509.certificate.client.DNCertificateClient.signAndStoreCertificate(DNCertificateClient.java:113)
	at org.apache.hadoop.hdds.security.x509.certificate.client.DefaultCertificateClient.renewAndStoreKeyAndCertificate(DefaultCertificateClient.java:1182)
	... 8 more
2023-01-12 05:26:42,317 [CertificateLifetimeMonitor] ERROR client.DNCertificateClient (DefaultCertificateClient.java:createKeyPair(967)) - Error while bootstrapping certificate client.
java.io.IOException: Private key already exist.
	at org.apache.hadoop.hdds.security.x509.keys.KeyCodec.writePublicKey(KeyCodec.java:197)
	at org.apache.hadoop.hdds.security.x509.certificate.client.DefaultCertificateClient.createKeyPair(DefaultCertificateClient.java:963)
	at org.apache.hadoop.hdds.security.x509.certificate.client.DefaultCertificateClient.renewAndStoreKeyAndCertificate(DefaultCertificateClient.java:1172)
	at org.apache.hadoop.hdds.security.x509.certificate.client.DefaultCertificateClient$CertificateLifetimeMonitor.run(DefaultCertificateClient.java:1413)
	at java.util.concurrent.Executors$RunnableAdapter.call(Executors.java:511)
	at java.util.concurrent.FutureTask.runAndReset(FutureTask.java:308)
	at java.util.concurrent.ScheduledThreadPoolExecutor$ScheduledFutureTask.access$301(ScheduledThreadPoolExecutor.java:180)
	at java.util.concurrent.ScheduledThreadPoolExecutor$ScheduledFutureTask.run(ScheduledThreadPoolExecutor.java:294)
	at java.util.concurrent.ThreadPoolExecutor.runWorker(ThreadPoolExecutor.java:1149)
	at java.util.concurrent.ThreadPoolExecutor$Worker.run(ThreadPoolExecutor.java:624)
	at java.lang.Thread.run(Thread.java:750)
2023-01-12 05:26:42,325 [CertificateLifetimeMonitor] ERROR client.DNCertificateClient (DefaultCertificateClient.java:run(1423)) - Failed to renew and store key and cert. Keep using existing certificates.
org.apache.hadoop.hdds.security.x509.exceptions.CertificateException: Error while creating new key pair.
	at org.apache.hadoop.hdds.security.x509.certificate.client.DefaultCertificateClient.renewAndStoreKeyAndCertificate(DefaultCertificateClient.java:1174)
	at org.apache.hadoop.hdds.security.x509.certificate.client.DefaultCertificateClient$CertificateLifetimeMonitor.run(DefaultCertificateClient.java:1413)
	at java.util.concurrent.Executors$RunnableAdapter.call(Executors.java:511)
	at java.util.concurrent.FutureTask.runAndReset(FutureTask.java:308)
	at java.util.concurrent.ScheduledThreadPoolExecutor$ScheduledFutureTask.access$301(ScheduledThreadPoolExecutor.java:180)
	at java.util.concurrent.ScheduledThreadPoolExecutor$ScheduledFutureTask.run(ScheduledThreadPoolExecutor.java:294)
	at java.util.concurrent.ThreadPoolExecutor.runWorker(ThreadPoolExecutor.java:1149)
	at java.util.concurrent.ThreadPoolExecutor$Worker.run(ThreadPoolExecutor.java:624)
	at java.lang.Thread.run(Thread.java:750)
Caused by: org.apache.hadoop.hdds.security.x509.exceptions.CertificateException: Error while bootstrapping certificate.
	at org.apache.hadoop.hdds.security.x509.certificate.client.DefaultCertificateClient.createKeyPair(DefaultCertificateClient.java:968)
	at org.apache.hadoop.hdds.security.x509.certificate.client.DefaultCertificateClient.renewAndStoreKeyAndCertificate(DefaultCertificateClient.java:1172)
	... 8 more
2023-01-12 05:26:42,640 [CertificateLifetimeMonitor] ERROR client.DNCertificateClient (DefaultCertificateClient.java:createKeyPair(967)) - Error while bootstrapping certificate client.
java.io.IOException: Private key already exist.
	at org.apache.hadoop.hdds.security.x509.keys.KeyCodec.writePublicKey(KeyCodec.java:197)
	at org.apache.hadoop.hdds.security.x509.certificate.client.DefaultCertificateClient.createKeyPair(DefaultCertificateClient.java:963)
	at org.apache.hadoop.hdds.security.x509.certificate.client.DefaultCertificateClient.renewAndStoreKeyAndCertificate(DefaultCertificateClient.java:1172)
	at org.apache.hadoop.hdds.security.x509.certificate.client.DefaultCertificateClient$CertificateLifetimeMonitor.run(DefaultCertificateClient.java:1413)
	at java.util.concurrent.Executors$RunnableAdapter.call(Executors.java:511)
	at java.util.concurrent.FutureTask.runAndReset(FutureTask.java:308)
	at java.util.concurrent.ScheduledThreadPoolExecutor$ScheduledFutureTask.access$301(ScheduledThreadPoolExecutor.java:180)
	at java.util.concurrent.ScheduledThreadPoolExecutor$ScheduledFutureTask.run(ScheduledThreadPoolExecutor.java:294)
	at java.util.concurrent.ThreadPoolExecutor.runWorker(ThreadPoolExecutor.java:1149)
	at java.util.concurrent.ThreadPoolExecutor$Worker.run(ThreadPoolExecutor.java:624)
	at java.lang.Thread.run(Thread.java:750)
2023-01-12 05:26:42,640 [CertificateLifetimeMonitor] ERROR client.DNCertificateClient (DefaultCertificateClient.java:run(1423)) - Failed to renew and store key and cert. Keep using existing certificates.
org.apache.hadoop.hdds.security.x509.exceptions.CertificateException: Error while creating new key pair.
	at org.apache.hadoop.hdds.security.x509.certificate.client.DefaultCertificateClient.renewAndStoreKeyAndCertificate(DefaultCertificateClient.java:1174)
	at org.apache.hadoop.hdds.security.x509.certificate.client.DefaultCertificateClient$CertificateLifetimeMonitor.run(DefaultCertificateClient.java:1413)
	at java.util.concurrent.Executors$RunnableAdapter.call(Executors.java:511)
	at java.util.concurrent.FutureTask.runAndReset(FutureTask.java:308)
	at java.util.concurrent.ScheduledThreadPoolExecutor$ScheduledFutureTask.access$301(ScheduledThreadPoolExecutor.java:180)
	at java.util.concurrent.ScheduledThreadPoolExecutor$ScheduledFutureTask.run(ScheduledThreadPoolExecutor.java:294)
	at java.util.concurrent.ThreadPoolExecutor.runWorker(ThreadPoolExecutor.java:1149)
	at java.util.concurrent.ThreadPoolExecutor$Worker.run(ThreadPoolExecutor.java:624)
	at java.lang.Thread.run(Thread.java:750)
Caused by: org.apache.hadoop.hdds.security.x509.exceptions.CertificateException: Error while bootstrapping certificate.
	at org.apache.hadoop.hdds.security.x509.certificate.client.DefaultCertificateClient.createKeyPair(DefaultCertificateClient.java:968)
	at org.apache.hadoop.hdds.security.x509.certificate.client.DefaultCertificateClient.renewAndStoreKeyAndCertificate(DefaultCertificateClient.java:1172)
	... 8 more
2023-01-12 05:26:43,332 [CertificateLifetimeMonitor] INFO  client.DNCertificateClient (DefaultCertificateClient.java:run(1410)) - Current certificate has entered the expiry grace period PT0S. Starting renew key and certs.
2023-01-12 05:26:43,333 [CertificateLifetimeMonitor] INFO  client.DNCertificateClient (DefaultCertificateClient.java:run(1410)) - Current certificate has entered the expiry grace period PT0S. Starting renew key and certs.
2023-01-12 05:26:43,334 [CertificateLifetimeMonitor] ERROR client.DNCertificateClient (DefaultCertificateClient.java:run(1423)) - Failed to renew and store key and cert. Keep using existing certificates.
org.apache.hadoop.hdds.security.x509.exceptions.CertificateException: Error while deleting/creating /home/runner/work/ozone/ozone/hadoop-hdds/container-service/target/test-dir/cYBBMTvROp/dn/keys-next or /home/runner/work/ozone/ozone/hadoop-hdds/container-service/target/test-dir/cYBBMTvROp/dn/certs-next directories to cleanup  certificate storage. 
	at org.apache.hadoop.hdds.security.x509.certificate.client.DefaultCertificateClient.renewAndStoreKeyAndCertificate(DefaultCertificateClient.java:1163)
	at org.apache.hadoop.hdds.security.x509.certificate.client.DefaultCertificateClient$CertificateLifetimeMonitor.run(DefaultCertificateClient.java:1413)
	at java.util.concurrent.Executors$RunnableAdapter.call(Executors.java:511)
	at java.util.concurrent.FutureTask.runAndReset(FutureTask.java:308)
	at java.util.concurrent.ScheduledThreadPoolExecutor$ScheduledFutureTask.access$301(ScheduledThreadPoolExecutor.java:180)
	at java.util.concurrent.ScheduledThreadPoolExecutor$ScheduledFutureTask.run(ScheduledThreadPoolExecutor.java:294)
	at java.util.concurrent.ThreadPoolExecutor.runWorker(ThreadPoolExecutor.java:1149)
	at java.util.concurrent.ThreadPoolExecutor$Worker.run(ThreadPoolExecutor.java:624)
	at java.lang.Thread.run(Thread.java:750)
Caused by: org.apache.commons.io.IOExceptionList: /home/runner/work/ozone/ozone/hadoop-hdds/container-service/target/test-dir/cYBBMTvROp/dn/keys-next
	at org.apache.commons.io.FileUtils.cleanDirectory(FileUtils.java:331)
	at org.apache.commons.io.FileUtils.deleteDirectory(FileUtils.java:1192)
	at org.apache.hadoop.hdds.security.x509.certificate.client.DefaultCertificateClient.renewAndStoreKeyAndCertificate(DefaultCertificateClient.java:1158)
	... 8 more
Caused by: java.io.IOException: Cannot delete file: /home/runner/work/ozone/ozone/hadoop-hdds/container-service/target/test-dir/cYBBMTvROp/dn/keys-next/private.pem
	at org.apache.commons.io.FileUtils.forceDelete(FileUtils.java:1344)
	at org.apache.commons.io.FileUtils.cleanDirectory(FileUtils.java:324)
	... 10 more
Caused by: java.nio.file.NoSuchFileException: /home/runner/work/ozone/ozone/hadoop-hdds/container-service/target/test-dir/cYBBMTvROp/dn/keys-next/private.pem
	at sun.nio.fs.UnixException.translateToIOException(UnixException.java:86)
	at sun.nio.fs.UnixException.rethrowAsIOException(UnixException.java:102)
	at sun.nio.fs.UnixException.rethrowAsIOException(UnixException.java:107)
	at sun.nio.fs.UnixFileAttributeViews$Posix.readAttributes(UnixFileAttributeViews.java:218)
	at sun.nio.fs.UnixFileAttributeViews$Posix.readAttributes(UnixFileAttributeViews.java:131)
	at org.apache.commons.io.file.PathUtils.setReadOnly(PathUtils.java:927)
	at org.apache.commons.io.file.PathUtils.deleteFile(PathUtils.java:485)
	at org.apache.commons.io.file.PathUtils.delete(PathUtils.java:392)
	at org.apache.commons.io.FileUtils.forceDelete(FileUtils.java:1341)
	... 11 more
2023-01-12 05:26:43,332 [CertificateLifetimeMonitor] INFO  client.DNCertificateClient (DefaultCertificateClient.java:run(1410)) - Current certificate has entered the expiry grace period PT0S. Starting renew key and certs.
2023-01-12 05:26:43,335 [CertificateLifetimeMonitor] INFO  client.DNCertificateClient (DefaultCertificateClient.java:run(1410)) - Current certificate has entered the expiry grace period PT0S. Starting renew key and certs.
2023-01-12 05:26:43,340 [CertificateLifetimeMonitor] INFO  client.DNCertificateClient (DefaultCertificateClient.java:run(1410)) - Current certificate has entered the expiry grace period PT0S. Starting renew key and certs.
2023-01-12 05:26:43,453 [CertificateLifetimeMonitor] INFO  ozone.OzoneSecurityUtil (OzoneSecurityUtil.java:getValidInetsForCurrentHost(119)) - ip:fe80:0:0:0:222:48ff:feaa:f404%eth0 not returned.
2023-01-12 05:26:43,453 [CertificateLifetimeMonitor] INFO  ozone.OzoneSecurityUtil (OzoneSecurityUtil.java:getValidInetsForCurrentHost(116)) - Adding ip:10.1.0.17,host:fv-az205-554.k2gd1z4tyxsu3cbgyjsjq30zwf.jx.internal.cloudapp.net
2023-01-12 05:26:43,453 [CertificateLifetimeMonitor] INFO  ozone.OzoneSecurityUtil (OzoneSecurityUtil.java:getValidInetsForCurrentHost(119)) - ip:0:0:0:0:0:0:0:1%lo not returned.
2023-01-12 05:26:43,453 [CertificateLifetimeMonitor] INFO  ozone.OzoneSecurityUtil (OzoneSecurityUtil.java:getValidInetsForCurrentHost(119)) - ip:127.0.0.1 not returned.
2023-01-12 05:26:43,454 [CertificateLifetimeMonitor] INFO  client.DNCertificateClient (DNCertificateClient.java:getCSRBuilder(98)) - Created csr for DN-> subject:runner@fv-az205-554.k2gd1z4tyxsu3cbgyjsjq30zwf.jx.internal.cloudapp.net
2023-01-12 05:26:43,466 [CertificateLifetimeMonitor] ERROR client.DNCertificateClient (DefaultCertificateClient.java:run(1423)) - Failed to renew and store key and cert. Keep using existing certificates.
org.apache.hadoop.hdds.security.x509.exceptions.CertificateException: Error while signing and storing new certificates.
	at org.apache.hadoop.hdds.security.x509.certificate.client.DefaultCertificateClient.renewAndStoreKeyAndCertificate(DefaultCertificateClient.java:1185)
	at org.apache.hadoop.hdds.security.x509.certificate.client.DefaultCertificateClient$CertificateLifetimeMonitor.run(DefaultCertificateClient.java:1413)
	at java.util.concurrent.Executors$RunnableAdapter.call(Executors.java:511)
	at java.util.concurrent.FutureTask.runAndReset(FutureTask.java:308)
	at java.util.concurrent.ScheduledThreadPoolExecutor$ScheduledFutureTask.access$301(ScheduledThreadPoolExecutor.java:180)
	at java.util.concurrent.ScheduledThreadPoolExecutor$ScheduledFutureTask.run(ScheduledThreadPoolExecutor.java:294)
	at java.util.concurrent.ThreadPoolExecutor.runWorker(ThreadPoolExecutor.java:1149)
	at java.util.concurrent.ThreadPoolExecutor$Worker.run(ThreadPoolExecutor.java:624)
	at java.lang.Thread.run(Thread.java:750)
Caused by: org.apache.hadoop.hdds.conf.ConfigurationException: SCM Client Address could not be obtained from config. Config is not properly defined
	at org.apache.hadoop.hdds.scm.proxy.SCMSecurityProtocolFailoverProxyProvider.loadConfigs(SCMSecurityProtocolFailoverProxyProvider.java:120)
	at org.apache.hadoop.hdds.scm.proxy.SCMSecurityProtocolFailoverProxyProvider.<init>(SCMSecurityProtocolFailoverProxyProvider.java:105)
	at org.apache.hadoop.hdds.utils.HddsServerUtil.getScmSecurityClientWithMaxRetry(HddsServerUtil.java:467)
	at org.apache.hadoop.hdds.security.x509.certificate.client.DefaultCertificateClient.getScmSecureClient(DefaultCertificateClient.java:1363)
	at org.apache.hadoop.hdds.security.x509.certificate.client.DNCertificateClient.signAndStoreCertificate(DNCertificateClient.java:113)
	at org.apache.hadoop.hdds.security.x509.certificate.client.DefaultCertificateClient.renewAndStoreKeyAndCertificate(DefaultCertificateClient.java:1182)
	... 8 more
2023-01-12 05:26:43,812 [CertificateLifetimeMonitor] ERROR client.DNCertificateClient (DefaultCertificateClient.java:createKeyPair(967)) - Error while bootstrapping certificate client.
java.io.IOException: Private key already exist.
	at org.apache.hadoop.hdds.security.x509.keys.KeyCodec.writePublicKey(KeyCodec.java:197)
	at org.apache.hadoop.hdds.security.x509.certificate.client.DefaultCertificateClient.createKeyPair(DefaultCertificateClient.java:963)
	at org.apache.hadoop.hdds.security.x509.certificate.client.DefaultCertificateClient.renewAndStoreKeyAndCertificate(DefaultCertificateClient.java:1172)
	at org.apache.hadoop.hdds.security.x509.certificate.client.DefaultCertificateClient$CertificateLifetimeMonitor.run(DefaultCertificateClient.java:1413)
	at java.util.concurrent.Executors$RunnableAdapter.call(Executors.java:511)
	at java.util.concurrent.FutureTask.runAndReset(FutureTask.java:308)
	at java.util.concurrent.ScheduledThreadPoolExecutor$ScheduledFutureTask.access$301(ScheduledThreadPoolExecutor.java:180)
	at java.util.concurrent.ScheduledThreadPoolExecutor$ScheduledFutureTask.run(ScheduledThreadPoolExecutor.java:294)
	at java.util.concurrent.ThreadPoolExecutor.runWorker(ThreadPoolExecutor.java:1149)
	at java.util.concurrent.ThreadPoolExecutor$Worker.run(ThreadPoolExecutor.java:624)
	at java.lang.Thread.run(Thread.java:750)
2023-01-12 05:26:43,812 [CertificateLifetimeMonitor] ERROR client.DNCertificateClient (DefaultCertificateClient.java:run(1423)) - Failed to renew and store key and cert. Keep using existing certificates.
org.apache.hadoop.hdds.security.x509.exceptions.CertificateException: Error while creating new key pair.
	at org.apache.hadoop.hdds.security.x509.certificate.client.DefaultCertificateClient.renewAndStoreKeyAndCertificate(DefaultCertificateClient.java:1174)
	at org.apache.hadoop.hdds.security.x509.certificate.client.DefaultCertificateClient$CertificateLifetimeMonitor.run(DefaultCertificateClient.java:1413)
	at java.util.concurrent.Executors$RunnableAdapter.call(Executors.java:511)
	at java.util.concurrent.FutureTask.runAndReset(FutureTask.java:308)
	at java.util.concurrent.ScheduledThreadPoolExecutor$ScheduledFutureTask.access$301(ScheduledThreadPoolExecutor.java:180)
	at java.util.concurrent.ScheduledThreadPoolExecutor$ScheduledFutureTask.run(ScheduledThreadPoolExecutor.java:294)
	at java.util.concurrent.ThreadPoolExecutor.runWorker(ThreadPoolExecutor.java:1149)
	at java.util.concurrent.ThreadPoolExecutor$Worker.run(ThreadPoolExecutor.java:624)
	at java.lang.Thread.run(Thread.java:750)
Caused by: org.apache.hadoop.hdds.security.x509.exceptions.CertificateException: Error while bootstrapping certificate.
	at org.apache.hadoop.hdds.security.x509.certificate.client.DefaultCertificateClient.createKeyPair(DefaultCertificateClient.java:968)
	at org.apache.hadoop.hdds.security.x509.certificate.client.DefaultCertificateClient.renewAndStoreKeyAndCertificate(DefaultCertificateClient.java:1172)
	... 8 more
2023-01-12 05:26:43,831 [CertificateLifetimeMonitor] ERROR client.DNCertificateClient (DefaultCertificateClient.java:createKeyPair(967)) - Error while bootstrapping certificate client.
java.io.IOException: Private key already exist.
	at org.apache.hadoop.hdds.security.x509.keys.KeyCodec.writePublicKey(KeyCodec.java:197)
	at org.apache.hadoop.hdds.security.x509.certificate.client.DefaultCertificateClient.createKeyPair(DefaultCertificateClient.java:963)
	at org.apache.hadoop.hdds.security.x509.certificate.client.DefaultCertificateClient.renewAndStoreKeyAndCertificate(DefaultCertificateClient.java:1172)
	at org.apache.hadoop.hdds.security.x509.certificate.client.DefaultCertificateClient$CertificateLifetimeMonitor.run(DefaultCertificateClient.java:1413)
	at java.util.concurrent.Executors$RunnableAdapter.call(Executors.java:511)
	at java.util.concurrent.FutureTask.runAndReset(FutureTask.java:308)
	at java.util.concurrent.ScheduledThreadPoolExecutor$ScheduledFutureTask.access$301(ScheduledThreadPoolExecutor.java:180)
	at java.util.concurrent.ScheduledThreadPoolExecutor$ScheduledFutureTask.run(ScheduledThreadPoolExecutor.java:294)
	at java.util.concurrent.ThreadPoolExecutor.runWorker(ThreadPoolExecutor.java:1149)
	at java.util.concurrent.ThreadPoolExecutor$Worker.run(ThreadPoolExecutor.java:624)
	at java.lang.Thread.run(Thread.java:750)
2023-01-12 05:26:43,839 [CertificateLifetimeMonitor] ERROR client.DNCertificateClient (DefaultCertificateClient.java:run(1423)) - Failed to renew and store key and cert. Keep using existing certificates.
org.apache.hadoop.hdds.security.x509.exceptions.CertificateException: Error while creating new key pair.
	at org.apache.hadoop.hdds.security.x509.certificate.client.DefaultCertificateClient.renewAndStoreKeyAndCertificate(DefaultCertificateClient.java:1174)
	at org.apache.hadoop.hdds.security.x509.certificate.client.DefaultCertificateClient$CertificateLifetimeMonitor.run(DefaultCertificateClient.java:1413)
	at java.util.concurrent.Executors$RunnableAdapter.call(Executors.java:511)
	at java.util.concurrent.FutureTask.runAndReset(FutureTask.java:308)
	at java.util.concurrent.ScheduledThreadPoolExecutor$ScheduledFutureTask.access$301(ScheduledThreadPoolExecutor.java:180)
	at java.util.concurrent.ScheduledThreadPoolExecutor$ScheduledFutureTask.run(ScheduledThreadPoolExecutor.java:294)
	at java.util.concurrent.ThreadPoolExecutor.runWorker(ThreadPoolExecutor.java:1149)
	at java.util.concurrent.ThreadPoolExecutor$Worker.run(ThreadPoolExecutor.java:624)
	at java.lang.Thread.run(Thread.java:750)
Caused by: org.apache.hadoop.hdds.security.x509.exceptions.CertificateException: Error while bootstrapping certificate.
	at org.apache.hadoop.hdds.security.x509.certificate.client.DefaultCertificateClient.createKeyPair(DefaultCertificateClient.java:968)
	at org.apache.hadoop.hdds.security.x509.certificate.client.DefaultCertificateClient.renewAndStoreKeyAndCertificate(DefaultCertificateClient.java:1172)
	... 8 more
2023-01-12 05:26:43,839 [CertificateLifetimeMonitor] INFO  client.DNCertificateClient (DefaultCertificateClient.java:run(1410)) - Current certificate has entered the expiry grace period PT0S. Starting renew key and certs.
2023-01-12 05:26:43,888 [CertificateLifetimeMonitor] INFO  ozone.OzoneSecurityUtil (OzoneSecurityUtil.java:getValidInetsForCurrentHost(119)) - ip:fe80:0:0:0:222:48ff:feaa:f404%eth0 not returned.
2023-01-12 05:26:43,889 [CertificateLifetimeMonitor] INFO  ozone.OzoneSecurityUtil (OzoneSecurityUtil.java:getValidInetsForCurrentHost(116)) - Adding ip:10.1.0.17,host:fv-az205-554.k2gd1z4tyxsu3cbgyjsjq30zwf.jx.internal.cloudapp.net
2023-01-12 05:26:43,889 [CertificateLifetimeMonitor] INFO  ozone.OzoneSecurityUtil (OzoneSecurityUtil.java:getValidInetsForCurrentHost(119)) - ip:0:0:0:0:0:0:0:1%lo not returned.
2023-01-12 05:26:43,889 [CertificateLifetimeMonitor] INFO  ozone.OzoneSecurityUtil (OzoneSecurityUtil.java:getValidInetsForCurrentHost(119)) - ip:127.0.0.1 not returned.
2023-01-12 05:26:43,889 [CertificateLifetimeMonitor] INFO  client.DNCertificateClient (DNCertificateClient.java:getCSRBuilder(98)) - Created csr for DN-> subject:runner@fv-az205-554.k2gd1z4tyxsu3cbgyjsjq30zwf.jx.internal.cloudapp.net
2023-01-12 05:26:43,907 [CertificateLifetimeMonitor] ERROR client.DNCertificateClient (DefaultCertificateClient.java:run(1423)) - Failed to renew and store key and cert. Keep using existing certificates.
org.apache.hadoop.hdds.security.x509.exceptions.CertificateException: Error while signing and storing new certificates.
	at org.apache.hadoop.hdds.security.x509.certificate.client.DefaultCertificateClient.renewAndStoreKeyAndCertificate(DefaultCertificateClient.java:1185)
	at org.apache.hadoop.hdds.security.x509.certificate.client.DefaultCertificateClient$CertificateLifetimeMonitor.run(DefaultCertificateClient.java:1413)
	at java.util.concurrent.Executors$RunnableAdapter.call(Executors.java:511)
	at java.util.concurrent.FutureTask.runAndReset(FutureTask.java:308)
	at java.util.concurrent.ScheduledThreadPoolExecutor$ScheduledFutureTask.access$301(ScheduledThreadPoolExecutor.java:180)
	at java.util.concurrent.ScheduledThreadPoolExecutor$ScheduledFutureTask.run(ScheduledThreadPoolExecutor.java:294)
	at java.util.concurrent.ThreadPoolExecutor.runWorker(ThreadPoolExecutor.java:1149)
	at java.util.concurrent.ThreadPoolExecutor$Worker.run(ThreadPoolExecutor.java:624)
	at java.lang.Thread.run(Thread.java:750)
Caused by: org.apache.hadoop.hdds.conf.ConfigurationException: SCM Client Address could not be obtained from config. Config is not properly defined
	at org.apache.hadoop.hdds.scm.proxy.SCMSecurityProtocolFailoverProxyProvider.loadConfigs(SCMSecurityProtocolFailoverProxyProvider.java:120)
	at org.apache.hadoop.hdds.scm.proxy.SCMSecurityProtocolFailoverProxyProvider.<init>(SCMSecurityProtocolFailoverProxyProvider.java:105)
	at org.apache.hadoop.hdds.utils.HddsServerUtil.getScmSecurityClientWithMaxRetry(HddsServerUtil.java:467)
	at org.apache.hadoop.hdds.security.x509.certificate.client.DefaultCertificateClient.getScmSecureClient(DefaultCertificateClient.java:1363)
	at org.apache.hadoop.hdds.security.x509.certificate.client.DNCertificateClient.signAndStoreCertificate(DNCertificateClient.java:113)
	at org.apache.hadoop.hdds.security.x509.certificate.client.DefaultCertificateClient.renewAndStoreKeyAndCertificate(DefaultCertificateClient.java:1182)
	... 8 more
2023-01-12 05:26:44,039 [CertificateLifetimeMonitor] ERROR client.DNCertificateClient (DefaultCertificateClient.java:createKeyPair(967)) - Error while bootstrapping certificate client.
java.io.IOException: Private key already exist.
	at org.apache.hadoop.hdds.security.x509.keys.KeyCodec.writePublicKey(KeyCodec.java:197)
	at org.apache.hadoop.hdds.security.x509.certificate.client.DefaultCertificateClient.createKeyPair(DefaultCertificateClient.java:963)
	at org.apache.hadoop.hdds.security.x509.certificate.client.DefaultCertificateClient.renewAndStoreKeyAndCertificate(DefaultCertificateClient.java:1172)
	at org.apache.hadoop.hdds.security.x509.certificate.client.DefaultCertificateClient$CertificateLifetimeMonitor.run(DefaultCertificateClient.java:1413)
	at java.util.concurrent.Executors$RunnableAdapter.call(Executors.java:511)
	at java.util.concurrent.FutureTask.runAndReset(FutureTask.java:308)
	at java.util.concurrent.ScheduledThreadPoolExecutor$ScheduledFutureTask.access$301(ScheduledThreadPoolExecutor.java:180)
	at java.util.concurrent.ScheduledThreadPoolExecutor$ScheduledFutureTask.run(ScheduledThreadPoolExecutor.java:294)
	at java.util.concurrent.ThreadPoolExecutor.runWorker(ThreadPoolExecutor.java:1149)
	at java.util.concurrent.ThreadPoolExecutor$Worker.run(ThreadPoolExecutor.java:624)
	at java.lang.Thread.run(Thread.java:750)
2023-01-12 05:26:44,040 [CertificateLifetimeMonitor] ERROR client.DNCertificateClient (DefaultCertificateClient.java:run(1423)) - Failed to renew and store key and cert. Keep using existing certificates.
org.apache.hadoop.hdds.security.x509.exceptions.CertificateException: Error while creating new key pair.
	at org.apache.hadoop.hdds.security.x509.certificate.client.DefaultCertificateClient.renewAndStoreKeyAndCertificate(DefaultCertificateClient.java:1174)
	at org.apache.hadoop.hdds.security.x509.certificate.client.DefaultCertificateClient$CertificateLifetimeMonitor.run(DefaultCertificateClient.java:1413)
	at java.util.concurrent.Executors$RunnableAdapter.call(Executors.java:511)
	at java.util.concurrent.FutureTask.runAndReset(FutureTask.java:308)
	at java.util.concurrent.ScheduledThreadPoolExecutor$ScheduledFutureTask.access$301(ScheduledThreadPoolExecutor.java:180)
	at java.util.concurrent.ScheduledThreadPoolExecutor$ScheduledFutureTask.run(ScheduledThreadPoolExecutor.java:294)
	at java.util.concurrent.ThreadPoolExecutor.runWorker(ThreadPoolExecutor.java:1149)
	at java.util.concurrent.ThreadPoolExecutor$Worker.run(ThreadPoolExecutor.java:624)
	at java.lang.Thread.run(Thread.java:750)
Caused by: org.apache.hadoop.hdds.security.x509.exceptions.CertificateException: Error while bootstrapping certificate.
	at org.apache.hadoop.hdds.security.x509.certificate.client.DefaultCertificateClient.createKeyPair(DefaultCertificateClient.java:968)
	at org.apache.hadoop.hdds.security.x509.certificate.client.DefaultCertificateClient.renewAndStoreKeyAndCertificate(DefaultCertificateClient.java:1172)
	... 8 more
2023-01-12 05:26:44,998 [CertificateLifetimeMonitor] INFO  client.DNCertificateClient (DefaultCertificateClient.java:run(1410)) - Current certificate has entered the expiry grace period PT0S. Starting renew key and certs.
2023-01-12 05:26:44,999 [CertificateLifetimeMonitor] INFO  client.DNCertificateClient (DefaultCertificateClient.java:run(1410)) - Current certificate has entered the expiry grace period PT0S. Starting renew key and certs.
2023-01-12 05:26:45,000 [CertificateLifetimeMonitor] ERROR client.DNCertificateClient (DefaultCertificateClient.java:run(1423)) - Failed to renew and store key and cert. Keep using existing certificates.
org.apache.hadoop.hdds.security.x509.exceptions.CertificateException: Error while deleting/creating /home/runner/work/ozone/ozone/hadoop-hdds/container-service/target/test-dir/cYBBMTvROp/dn/keys-next or /home/runner/work/ozone/ozone/hadoop-hdds/container-service/target/test-dir/cYBBMTvROp/dn/certs-next directories to cleanup  certificate storage. 
	at org.apache.hadoop.hdds.security.x509.certificate.client.DefaultCertificateClient.renewAndStoreKeyAndCertificate(DefaultCertificateClient.java:1163)
	at org.apache.hadoop.hdds.security.x509.certificate.client.DefaultCertificateClient$CertificateLifetimeMonitor.run(DefaultCertificateClient.java:1413)
	at java.util.concurrent.Executors$RunnableAdapter.call(Executors.java:511)
	at java.util.concurrent.FutureTask.runAndReset(FutureTask.java:308)
	at java.util.concurrent.ScheduledThreadPoolExecutor$ScheduledFutureTask.access$301(ScheduledThreadPoolExecutor.java:180)
	at java.util.concurrent.ScheduledThreadPoolExecutor$ScheduledFutureTask.run(ScheduledThreadPoolExecutor.java:294)
	at java.util.concurrent.ThreadPoolExecutor.runWorker(ThreadPoolExecutor.java:1149)
	at java.util.concurrent.ThreadPoolExecutor$Worker.run(ThreadPoolExecutor.java:624)
	at java.lang.Thread.run(Thread.java:750)
Caused by: org.apache.commons.io.IOExceptionList: /home/runner/work/ozone/ozone/hadoop-hdds/container-service/target/test-dir/cYBBMTvROp/dn/keys-next
	at org.apache.commons.io.FileUtils.cleanDirectory(FileUtils.java:331)
	at org.apache.commons.io.FileUtils.deleteDirectory(FileUtils.java:1192)
	at org.apache.hadoop.hdds.security.x509.certificate.client.DefaultCertificateClient.renewAndStoreKeyAndCertificate(DefaultCertificateClient.java:1158)
	... 8 more
Caused by: java.io.FileNotFoundException: File does not exist: /home/runner/work/ozone/ozone/hadoop-hdds/container-service/target/test-dir/cYBBMTvROp/dn/keys-next/public.pem
	at org.apache.commons.io.FileUtils.forceDelete(FileUtils.java:1349)
	at org.apache.commons.io.FileUtils.cleanDirectory(FileUtils.java:324)
	... 10 more
2023-01-12 05:26:45,000 [CertificateLifetimeMonitor] INFO  client.DNCertificateClient (DefaultCertificateClient.java:run(1410)) - Current certificate has entered the expiry grace period PT0S. Starting renew key and certs.
2023-01-12 05:26:45,002 [CertificateLifetimeMonitor] INFO  client.DNCertificateClient (DefaultCertificateClient.java:run(1410)) - Current certificate has entered the expiry grace period PT0S. Starting renew key and certs.
2023-01-12 05:26:44,998 [CertificateLifetimeMonitor] INFO  client.DNCertificateClient (DefaultCertificateClient.java:run(1410)) - Current certificate has entered the expiry grace period PT0S. Starting renew key and certs.
2023-01-12 05:26:45,015 [CertificateLifetimeMonitor] INFO  client.DNCertificateClient (DefaultCertificateClient.java:run(1410)) - Current certificate has entered the expiry grace period PT0S. Starting renew key and certs.
2023-01-12 05:26:45,319 [CertificateLifetimeMonitor] INFO  ozone.OzoneSecurityUtil (OzoneSecurityUtil.java:getValidInetsForCurrentHost(119)) - ip:fe80:0:0:0:222:48ff:feaa:f404%eth0 not returned.
2023-01-12 05:26:45,319 [CertificateLifetimeMonitor] INFO  ozone.OzoneSecurityUtil (OzoneSecurityUtil.java:getValidInetsForCurrentHost(116)) - Adding ip:10.1.0.17,host:fv-az205-554.k2gd1z4tyxsu3cbgyjsjq30zwf.jx.internal.cloudapp.net
2023-01-12 05:26:45,319 [CertificateLifetimeMonitor] INFO  ozone.OzoneSecurityUtil (OzoneSecurityUtil.java:getValidInetsForCurrentHost(119)) - ip:0:0:0:0:0:0:0:1%lo not returned.
2023-01-12 05:26:45,319 [CertificateLifetimeMonitor] INFO  ozone.OzoneSecurityUtil (OzoneSecurityUtil.java:getValidInetsForCurrentHost(119)) - ip:127.0.0.1 not returned.
2023-01-12 05:26:45,319 [CertificateLifetimeMonitor] INFO  client.DNCertificateClient (DNCertificateClient.java:getCSRBuilder(98)) - Created csr for DN-> subject:runner@fv-az205-554.k2gd1z4tyxsu3cbgyjsjq30zwf.jx.internal.cloudapp.net
2023-01-12 05:26:45,332 [CertificateLifetimeMonitor] ERROR client.DNCertificateClient (DefaultCertificateClient.java:run(1423)) - Failed to renew and store key and cert. Keep using existing certificates.
org.apache.hadoop.hdds.security.x509.exceptions.CertificateException: Error while signing and storing new certificates.
	at org.apache.hadoop.hdds.security.x509.certificate.client.DefaultCertificateClient.renewAndStoreKeyAndCertificate(DefaultCertificateClient.java:1185)
	at org.apache.hadoop.hdds.security.x509.certificate.client.DefaultCertificateClient$CertificateLifetimeMonitor.run(DefaultCertificateClient.java:1413)
	at java.util.concurrent.Executors$RunnableAdapter.call(Executors.java:511)
	at java.util.concurrent.FutureTask.runAndReset(FutureTask.java:308)
	at java.util.concurrent.ScheduledThreadPoolExecutor$ScheduledFutureTask.access$301(ScheduledThreadPoolExecutor.java:180)
	at java.util.concurrent.ScheduledThreadPoolExecutor$ScheduledFutureTask.run(ScheduledThreadPoolExecutor.java:294)
	at java.util.concurrent.ThreadPoolExecutor.runWorker(ThreadPoolExecutor.java:1149)
	at java.util.concurrent.ThreadPoolExecutor$Worker.run(ThreadPoolExecutor.java:624)
	at java.lang.Thread.run(Thread.java:750)
Caused by: org.apache.hadoop.hdds.conf.ConfigurationException: SCM Client Address could not be obtained from config. Config is not properly defined
	at org.apache.hadoop.hdds.scm.proxy.SCMSecurityProtocolFailoverProxyProvider.loadConfigs(SCMSecurityProtocolFailoverProxyProvider.java:120)
	at org.apache.hadoop.hdds.scm.proxy.SCMSecurityProtocolFailoverProxyProvider.<init>(SCMSecurityProtocolFailoverProxyProvider.java:105)
	at org.apache.hadoop.hdds.utils.HddsServerUtil.getScmSecurityClientWithMaxRetry(HddsServerUtil.java:467)
	at org.apache.hadoop.hdds.security.x509.certificate.client.DefaultCertificateClient.getScmSecureClient(DefaultCertificateClient.java:1363)
	at org.apache.hadoop.hdds.security.x509.certificate.client.DNCertificateClient.signAndStoreCertificate(DNCertificateClient.java:113)
	at org.apache.hadoop.hdds.security.x509.certificate.client.DefaultCertificateClient.renewAndStoreKeyAndCertificate(DefaultCertificateClient.java:1182)
	... 8 more
2023-01-12 05:26:45,434 [CertificateLifetimeMonitor] ERROR client.DNCertificateClient (DefaultCertificateClient.java:createKeyPair(967)) - Error while bootstrapping certificate client.
java.io.IOException: Private key already exist.
	at org.apache.hadoop.hdds.security.x509.keys.KeyCodec.writePublicKey(KeyCodec.java:197)
	at org.apache.hadoop.hdds.security.x509.certificate.client.DefaultCertificateClient.createKeyPair(DefaultCertificateClient.java:963)
	at org.apache.hadoop.hdds.security.x509.certificate.client.DefaultCertificateClient.renewAndStoreKeyAndCertificate(DefaultCertificateClient.java:1172)
	at org.apache.hadoop.hdds.security.x509.certificate.client.DefaultCertificateClient$CertificateLifetimeMonitor.run(DefaultCertificateClient.java:1413)
	at java.util.concurrent.Executors$RunnableAdapter.call(Executors.java:511)
	at java.util.concurrent.FutureTask.runAndReset(FutureTask.java:308)
	at java.util.concurrent.ScheduledThreadPoolExecutor$ScheduledFutureTask.access$301(ScheduledThreadPoolExecutor.java:180)
	at java.util.concurrent.ScheduledThreadPoolExecutor$ScheduledFutureTask.run(ScheduledThreadPoolExecutor.java:294)
	at java.util.concurrent.ThreadPoolExecutor.runWorker(ThreadPoolExecutor.java:1149)
	at java.util.concurrent.ThreadPoolExecutor$Worker.run(ThreadPoolExecutor.java:624)
	at java.lang.Thread.run(Thread.java:750)
2023-01-12 05:26:45,439 [CertificateLifetimeMonitor] ERROR client.DNCertificateClient (DefaultCertificateClient.java:run(1423)) - Failed to renew and store key and cert. Keep using existing certificates.
org.apache.hadoop.hdds.security.x509.exceptions.CertificateException: Error while creating new key pair.
	at org.apache.hadoop.hdds.security.x509.certificate.client.DefaultCertificateClient.renewAndStoreKeyAndCertificate(DefaultCertificateClient.java:1174)
	at org.apache.hadoop.hdds.security.x509.certificate.client.DefaultCertificateClient$CertificateLifetimeMonitor.run(DefaultCertificateClient.java:1413)
	at java.util.concurrent.Executors$RunnableAdapter.call(Executors.java:511)
	at java.util.concurrent.FutureTask.runAndReset(FutureTask.java:308)
	at java.util.concurrent.ScheduledThreadPoolExecutor$ScheduledFutureTask.access$301(ScheduledThreadPoolExecutor.java:180)
	at java.util.concurrent.ScheduledThreadPoolExecutor$ScheduledFutureTask.run(ScheduledThreadPoolExecutor.java:294)
	at java.util.concurrent.ThreadPoolExecutor.runWorker(ThreadPoolExecutor.java:1149)
	at java.util.concurrent.ThreadPoolExecutor$Worker.run(ThreadPoolExecutor.java:624)
	at java.lang.Thread.run(Thread.java:750)
Caused by: org.apache.hadoop.hdds.security.x509.exceptions.CertificateException: Error while bootstrapping certificate.
	at org.apache.hadoop.hdds.security.x509.certificate.client.DefaultCertificateClient.createKeyPair(DefaultCertificateClient.java:968)
	at org.apache.hadoop.hdds.security.x509.certificate.client.DefaultCertificateClient.renewAndStoreKeyAndCertificate(DefaultCertificateClient.java:1172)
	... 8 more
2023-01-12 05:26:45,711 [CertificateLifetimeMonitor] ERROR client.DNCertificateClient (DefaultCertificateClient.java:createKeyPair(967)) - Error while bootstrapping certificate client.
java.io.IOException: Private key already exist.
	at org.apache.hadoop.hdds.security.x509.keys.KeyCodec.writePublicKey(KeyCodec.java:197)
	at org.apache.hadoop.hdds.security.x509.certificate.client.DefaultCertificateClient.createKeyPair(DefaultCertificateClient.java:963)
	at org.apache.hadoop.hdds.security.x509.certificate.client.DefaultCertificateClient.renewAndStoreKeyAndCertificate(DefaultCertificateClient.java:1172)
	at org.apache.hadoop.hdds.security.x509.certificate.client.DefaultCertificateClient$CertificateLifetimeMonitor.run(DefaultCertificateClient.java:1413)
	at java.util.concurrent.Executors$RunnableAdapter.call(Executors.java:511)
	at java.util.concurrent.FutureTask.runAndReset(FutureTask.java:308)
	at java.util.concurrent.ScheduledThreadPoolExecutor$ScheduledFutureTask.access$301(ScheduledThreadPoolExecutor.java:180)
	at java.util.concurrent.ScheduledThreadPoolExecutor$ScheduledFutureTask.run(ScheduledThreadPoolExecutor.java:294)
	at java.util.concurrent.ThreadPoolExecutor.runWorker(ThreadPoolExecutor.java:1149)
	at java.util.concurrent.ThreadPoolExecutor$Worker.run(ThreadPoolExecutor.java:624)
	at java.lang.Thread.run(Thread.java:750)
2023-01-12 05:26:45,712 [CertificateLifetimeMonitor] ERROR client.DNCertificateClient (DefaultCertificateClient.java:run(1423)) - Failed to renew and store key and cert. Keep using existing certificates.
org.apache.hadoop.hdds.security.x509.exceptions.CertificateException: Error while creating new key pair.
	at org.apache.hadoop.hdds.security.x509.certificate.client.DefaultCertificateClient.renewAndStoreKeyAndCertificate(DefaultCertificateClient.java:1174)
	at org.apache.hadoop.hdds.security.x509.certificate.client.DefaultCertificateClient$CertificateLifetimeMonitor.run(DefaultCertificateClient.java:1413)
	at java.util.concurrent.Executors$RunnableAdapter.call(Executors.java:511)
	at java.util.concurrent.FutureTask.runAndReset(FutureTask.java:308)
	at java.util.concurrent.ScheduledThreadPoolExecutor$ScheduledFutureTask.access$301(ScheduledThreadPoolExecutor.java:180)
	at java.util.concurrent.ScheduledThreadPoolExecutor$ScheduledFutureTask.run(ScheduledThreadPoolExecutor.java:294)
	at java.util.concurrent.ThreadPoolExecutor.runWorker(ThreadPoolExecutor.java:1149)
	at java.util.concurrent.ThreadPoolExecutor$Worker.run(ThreadPoolExecutor.java:624)
	at java.lang.Thread.run(Thread.java:750)
Caused by: org.apache.hadoop.hdds.security.x509.exceptions.CertificateException: Error while bootstrapping certificate.
	at org.apache.hadoop.hdds.security.x509.certificate.client.DefaultCertificateClient.createKeyPair(DefaultCertificateClient.java:968)
	at org.apache.hadoop.hdds.security.x509.certificate.client.DefaultCertificateClient.renewAndStoreKeyAndCertificate(DefaultCertificateClient.java:1172)
	... 8 more
2023-01-12 05:26:45,789 [CertificateLifetimeMonitor] ERROR client.DNCertificateClient (DefaultCertificateClient.java:createKeyPair(967)) - Error while bootstrapping certificate client.
java.io.IOException: Private key already exist.
	at org.apache.hadoop.hdds.security.x509.keys.KeyCodec.writePublicKey(KeyCodec.java:197)
	at org.apache.hadoop.hdds.security.x509.certificate.client.DefaultCertificateClient.createKeyPair(DefaultCertificateClient.java:963)
	at org.apache.hadoop.hdds.security.x509.certificate.client.DefaultCertificateClient.renewAndStoreKeyAndCertificate(DefaultCertificateClient.java:1172)
	at org.apache.hadoop.hdds.security.x509.certificate.client.DefaultCertificateClient$CertificateLifetimeMonitor.run(DefaultCertificateClient.java:1413)
	at java.util.concurrent.Executors$RunnableAdapter.call(Executors.java:511)
	at java.util.concurrent.FutureTask.runAndReset(FutureTask.java:308)
	at java.util.concurrent.ScheduledThreadPoolExecutor$ScheduledFutureTask.access$301(ScheduledThreadPoolExecutor.java:180)
	at java.util.concurrent.ScheduledThreadPoolExecutor$ScheduledFutureTask.run(ScheduledThreadPoolExecutor.java:294)
	at java.util.concurrent.ThreadPoolExecutor.runWorker(ThreadPoolExecutor.java:1149)
	at java.util.concurrent.ThreadPoolExecutor$Worker.run(ThreadPoolExecutor.java:624)
	at java.lang.Thread.run(Thread.java:750)
2023-01-12 05:26:45,789 [CertificateLifetimeMonitor] ERROR client.DNCertificateClient (DefaultCertificateClient.java:run(1423)) - Failed to renew and store key and cert. Keep using existing certificates.
org.apache.hadoop.hdds.security.x509.exceptions.CertificateException: Error while creating new key pair.
	at org.apache.hadoop.hdds.security.x509.certificate.client.DefaultCertificateClient.renewAndStoreKeyAndCertificate(DefaultCertificateClient.java:1174)
	at org.apache.hadoop.hdds.security.x509.certificate.client.DefaultCertificateClient$CertificateLifetimeMonitor.run(DefaultCertificateClient.java:1413)
	at java.util.concurrent.Executors$RunnableAdapter.call(Executors.java:511)
	at java.util.concurrent.FutureTask.runAndReset(FutureTask.java:308)
	at java.util.concurrent.ScheduledThreadPoolExecutor$ScheduledFutureTask.access$301(ScheduledThreadPoolExecutor.java:180)
	at java.util.concurrent.ScheduledThreadPoolExecutor$ScheduledFutureTask.run(ScheduledThreadPoolExecutor.java:294)
	at java.util.concurrent.ThreadPoolExecutor.runWorker(ThreadPoolExecutor.java:1149)
	at java.util.concurrent.ThreadPoolExecutor$Worker.run(ThreadPoolExecutor.java:624)
	at java.lang.Thread.run(Thread.java:750)
Caused by: org.apache.hadoop.hdds.security.x509.exceptions.CertificateException: Error while bootstrapping certificate.
	at org.apache.hadoop.hdds.security.x509.certificate.client.DefaultCertificateClient.createKeyPair(DefaultCertificateClient.java:968)
	at org.apache.hadoop.hdds.security.x509.certificate.client.DefaultCertificateClient.renewAndStoreKeyAndCertificate(DefaultCertificateClient.java:1172)
	... 8 more
2023-01-12 05:26:45,798 [CertificateLifetimeMonitor] ERROR client.DNCertificateClient (DefaultCertificateClient.java:createKeyPair(967)) - Error while bootstrapping certificate client.
java.io.IOException: Private key already exist.
	at org.apache.hadoop.hdds.security.x509.keys.KeyCodec.writePublicKey(KeyCodec.java:197)
	at org.apache.hadoop.hdds.security.x509.certificate.client.DefaultCertificateClient.createKeyPair(DefaultCertificateClient.java:963)
	at org.apache.hadoop.hdds.security.x509.certificate.client.DefaultCertificateClient.renewAndStoreKeyAndCertificate(DefaultCertificateClient.java:1172)
	at org.apache.hadoop.hdds.security.x509.certificate.client.DefaultCertificateClient$CertificateLifetimeMonitor.run(DefaultCertificateClient.java:1413)
	at java.util.concurrent.Executors$RunnableAdapter.call(Executors.java:511)
	at java.util.concurrent.FutureTask.runAndReset(FutureTask.java:308)
	at java.util.concurrent.ScheduledThreadPoolExecutor$ScheduledFutureTask.access$301(ScheduledThreadPoolExecutor.java:180)
	at java.util.concurrent.ScheduledThreadPoolExecutor$ScheduledFutureTask.run(ScheduledThreadPoolExecutor.java:294)
	at java.util.concurrent.ThreadPoolExecutor.runWorker(ThreadPoolExecutor.java:1149)
	at java.util.concurrent.ThreadPoolExecutor$Worker.run(ThreadPoolExecutor.java:624)
	at java.lang.Thread.run(Thread.java:750)
2023-01-12 05:26:45,798 [CertificateLifetimeMonitor] ERROR client.DNCertificateClient (DefaultCertificateClient.java:run(1423)) - Failed to renew and store key and cert. Keep using existing certificates.
org.apache.hadoop.hdds.security.x509.exceptions.CertificateException: Error while creating new key pair.
	at org.apache.hadoop.hdds.security.x509.certificate.client.DefaultCertificateClient.renewAndStoreKeyAndCertificate(DefaultCertificateClient.java:1174)
	at org.apache.hadoop.hdds.security.x509.certificate.client.DefaultCertificateClient$CertificateLifetimeMonitor.run(DefaultCertificateClient.java:1413)
	at java.util.concurrent.Executors$RunnableAdapter.call(Executors.java:511)
	at java.util.concurrent.FutureTask.runAndReset(FutureTask.java:308)
	at java.util.concurrent.ScheduledThreadPoolExecutor$ScheduledFutureTask.access$301(ScheduledThreadPoolExecutor.java:180)
	at java.util.concurrent.ScheduledThreadPoolExecutor$ScheduledFutureTask.run(ScheduledThreadPoolExecutor.java:294)
	at java.util.concurrent.ThreadPoolExecutor.runWorker(ThreadPoolExecutor.java:1149)
	at java.util.concurrent.ThreadPoolExecutor$Worker.run(ThreadPoolExecutor.java:624)
	at java.lang.Thread.run(Thread.java:750)
Caused by: org.apache.hadoop.hdds.security.x509.exceptions.CertificateException: Error while bootstrapping certificate.
	at org.apache.hadoop.hdds.security.x509.certificate.client.DefaultCertificateClient.createKeyPair(DefaultCertificateClient.java:968)
	at org.apache.hadoop.hdds.security.x509.certificate.client.DefaultCertificateClient.renewAndStoreKeyAndCertificate(DefaultCertificateClient.java:1172)
	... 8 more
2023-01-12 05:26:46,665 [CertificateLifetimeMonitor] INFO  client.DNCertificateClient (DefaultCertificateClient.java:run(1410)) - Current certificate has entered the expiry grace period PT0S. Starting renew key and certs.
2023-01-12 05:26:46,665 [CertificateLifetimeMonitor] INFO  client.DNCertificateClient (DefaultCertificateClient.java:run(1410)) - Current certificate has entered the expiry grace period PT0S. Starting renew key and certs.
2023-01-12 05:26:46,666 [CertificateLifetimeMonitor] ERROR client.DNCertificateClient (DefaultCertificateClient.java:run(1423)) - Failed to renew and store key and cert. Keep using existing certificates.
org.apache.hadoop.hdds.security.x509.exceptions.CertificateException: Error while deleting/creating /home/runner/work/ozone/ozone/hadoop-hdds/container-service/target/test-dir/cYBBMTvROp/dn/keys-next or /home/runner/work/ozone/ozone/hadoop-hdds/container-service/target/test-dir/cYBBMTvROp/dn/certs-next directories to cleanup  certificate storage. 
	at org.apache.hadoop.hdds.security.x509.certificate.client.DefaultCertificateClient.renewAndStoreKeyAndCertificate(DefaultCertificateClient.java:1163)
	at org.apache.hadoop.hdds.security.x509.certificate.client.DefaultCertificateClient$CertificateLifetimeMonitor.run(DefaultCertificateClient.java:1413)
	at java.util.concurrent.Executors$RunnableAdapter.call(Executors.java:511)
	at java.util.concurrent.FutureTask.runAndReset(FutureTask.java:308)
	at java.util.concurrent.ScheduledThreadPoolExecutor$ScheduledFutureTask.access$301(ScheduledThreadPoolExecutor.java:180)
	at java.util.concurrent.ScheduledThreadPoolExecutor$ScheduledFutureTask.run(ScheduledThreadPoolExecutor.java:294)
	at java.util.concurrent.ThreadPoolExecutor.runWorker(ThreadPoolExecutor.java:1149)
	at java.util.concurrent.ThreadPoolExecutor$Worker.run(ThreadPoolExecutor.java:624)
	at java.lang.Thread.run(Thread.java:750)
Caused by: org.apache.commons.io.IOExceptionList: /home/runner/work/ozone/ozone/hadoop-hdds/container-service/target/test-dir/cYBBMTvROp/dn/keys-next
	at org.apache.commons.io.FileUtils.cleanDirectory(FileUtils.java:331)
	at org.apache.commons.io.FileUtils.deleteDirectory(FileUtils.java:1192)
	at org.apache.hadoop.hdds.security.x509.certificate.client.DefaultCertificateClient.renewAndStoreKeyAndCertificate(DefaultCertificateClient.java:1158)
	... 8 more
Caused by: java.io.FileNotFoundException: File does not exist: /home/runner/work/ozone/ozone/hadoop-hdds/container-service/target/test-dir/cYBBMTvROp/dn/keys-next/private.pem
	at org.apache.commons.io.FileUtils.forceDelete(FileUtils.java:1349)
	at org.apache.commons.io.FileUtils.cleanDirectory(FileUtils.java:324)
	... 10 more
2023-01-12 05:26:46,665 [CertificateLifetimeMonitor] INFO  client.DNCertificateClient (DefaultCertificateClient.java:run(1410)) - Current certificate has entered the expiry grace period PT0S. Starting renew key and certs.
2023-01-12 05:26:46,665 [CertificateLifetimeMonitor] INFO  client.DNCertificateClient (DefaultCertificateClient.java:run(1410)) - Current certificate has entered the expiry grace period PT0S. Starting renew key and certs.
2023-01-12 05:26:46,675 [CertificateLifetimeMonitor] INFO  client.DNCertificateClient (DefaultCertificateClient.java:run(1410)) - Current certificate has entered the expiry grace period PT0S. Starting renew key and certs.
2023-01-12 05:26:46,689 [CertificateLifetimeMonitor] INFO  client.DNCertificateClient (DefaultCertificateClient.java:run(1410)) - Current certificate has entered the expiry grace period PT0S. Starting renew key and certs.
2023-01-12 05:26:47,021 [CertificateLifetimeMonitor] INFO  ozone.OzoneSecurityUtil (OzoneSecurityUtil.java:getValidInetsForCurrentHost(119)) - ip:fe80:0:0:0:222:48ff:feaa:f404%eth0 not returned.
2023-01-12 05:26:47,022 [CertificateLifetimeMonitor] INFO  ozone.OzoneSecurityUtil (OzoneSecurityUtil.java:getValidInetsForCurrentHost(116)) - Adding ip:10.1.0.17,host:fv-az205-554.k2gd1z4tyxsu3cbgyjsjq30zwf.jx.internal.cloudapp.net
2023-01-12 05:26:47,022 [CertificateLifetimeMonitor] INFO  ozone.OzoneSecurityUtil (OzoneSecurityUtil.java:getValidInetsForCurrentHost(119)) - ip:0:0:0:0:0:0:0:1%lo not returned.
2023-01-12 05:26:47,023 [CertificateLifetimeMonitor] INFO  ozone.OzoneSecurityUtil (OzoneSecurityUtil.java:getValidInetsForCurrentHost(119)) - ip:127.0.0.1 not returned.
2023-01-12 05:26:47,027 [CertificateLifetimeMonitor] INFO  client.DNCertificateClient (DNCertificateClient.java:getCSRBuilder(98)) - Created csr for DN-> subject:runner@fv-az205-554.k2gd1z4tyxsu3cbgyjsjq30zwf.jx.internal.cloudapp.net
2023-01-12 05:26:47,031 [CertificateLifetimeMonitor] ERROR client.DNCertificateClient (DefaultCertificateClient.java:run(1423)) - Failed to renew and store key and cert. Keep using existing certificates.
org.apache.hadoop.hdds.security.x509.exceptions.CertificateException: Error while signing and storing new certificates.
	at org.apache.hadoop.hdds.security.x509.certificate.client.DefaultCertificateClient.renewAndStoreKeyAndCertificate(DefaultCertificateClient.java:1185)
	at org.apache.hadoop.hdds.security.x509.certificate.client.DefaultCertificateClient$CertificateLifetimeMonitor.run(DefaultCertificateClient.java:1413)
	at java.util.concurrent.Executors$RunnableAdapter.call(Executors.java:511)
	at java.util.concurrent.FutureTask.runAndReset(FutureTask.java:308)
	at java.util.concurrent.ScheduledThreadPoolExecutor$ScheduledFutureTask.access$301(ScheduledThreadPoolExecutor.java:180)
	at java.util.concurrent.ScheduledThreadPoolExecutor$ScheduledFutureTask.run(ScheduledThreadPoolExecutor.java:294)
	at java.util.concurrent.ThreadPoolExecutor.runWorker(ThreadPoolExecutor.java:1149)
	at java.util.concurrent.ThreadPoolExecutor$Worker.run(ThreadPoolExecutor.java:624)
	at java.lang.Thread.run(Thread.java:750)
Caused by: org.apache.hadoop.hdds.conf.ConfigurationException: SCM Client Address could not be obtained from config. Config is not properly defined
	at org.apache.hadoop.hdds.scm.proxy.SCMSecurityProtocolFailoverProxyProvider.loadConfigs(SCMSecurityProtocolFailoverProxyProvider.java:120)
	at org.apache.hadoop.hdds.scm.proxy.SCMSecurityProtocolFailoverProxyProvider.<init>(SCMSecurityProtocolFailoverProxyProvider.java:105)
	at org.apache.hadoop.hdds.utils.HddsServerUtil.getScmSecurityClientWithMaxRetry(HddsServerUtil.java:467)
	at org.apache.hadoop.hdds.security.x509.certificate.client.DefaultCertificateClient.getScmSecureClient(DefaultCertificateClient.java:1363)
	at org.apache.hadoop.hdds.security.x509.certificate.client.DNCertificateClient.signAndStoreCertificate(DNCertificateClient.java:113)
	at org.apache.hadoop.hdds.security.x509.certificate.client.DefaultCertificateClient.renewAndStoreKeyAndCertificate(DefaultCertificateClient.java:1182)
	... 8 more
2023-01-12 05:26:47,185 [CertificateLifetimeMonitor] ERROR client.DNCertificateClient (DefaultCertificateClient.java:createKeyPair(967)) - Error while bootstrapping certificate client.
java.io.IOException: Private key already exist.
	at org.apache.hadoop.hdds.security.x509.keys.KeyCodec.writePublicKey(KeyCodec.java:197)
	at org.apache.hadoop.hdds.security.x509.certificate.client.DefaultCertificateClient.createKeyPair(DefaultCertificateClient.java:963)
	at org.apache.hadoop.hdds.security.x509.certificate.client.DefaultCertificateClient.renewAndStoreKeyAndCertificate(DefaultCertificateClient.java:1172)
	at org.apache.hadoop.hdds.security.x509.certificate.client.DefaultCertificateClient$CertificateLifetimeMonitor.run(DefaultCertificateClient.java:1413)
	at java.util.concurrent.Executors$RunnableAdapter.call(Executors.java:511)
	at java.util.concurrent.FutureTask.runAndReset(FutureTask.java:308)
	at java.util.concurrent.ScheduledThreadPoolExecutor$ScheduledFutureTask.access$301(ScheduledThreadPoolExecutor.java:180)
	at java.util.concurrent.ScheduledThreadPoolExecutor$ScheduledFutureTask.run(ScheduledThreadPoolExecutor.java:294)
	at java.util.concurrent.ThreadPoolExecutor.runWorker(ThreadPoolExecutor.java:1149)
	at java.util.concurrent.ThreadPoolExecutor$Worker.run(ThreadPoolExecutor.java:624)
	at java.lang.Thread.run(Thread.java:750)
2023-01-12 05:26:47,185 [CertificateLifetimeMonitor] ERROR client.DNCertificateClient (DefaultCertificateClient.java:run(1423)) - Failed to renew and store key and cert. Keep using existing certificates.
org.apache.hadoop.hdds.security.x509.exceptions.CertificateException: Error while creating new key pair.
	at org.apache.hadoop.hdds.security.x509.certificate.client.DefaultCertificateClient.renewAndStoreKeyAndCertificate(DefaultCertificateClient.java:1174)
	at org.apache.hadoop.hdds.security.x509.certificate.client.DefaultCertificateClient$CertificateLifetimeMonitor.run(DefaultCertificateClient.java:1413)
	at java.util.concurrent.Executors$RunnableAdapter.call(Executors.java:511)
	at java.util.concurrent.FutureTask.runAndReset(FutureTask.java:308)
	at java.util.concurrent.ScheduledThreadPoolExecutor$ScheduledFutureTask.access$301(ScheduledThreadPoolExecutor.java:180)
	at java.util.concurrent.ScheduledThreadPoolExecutor$ScheduledFutureTask.run(ScheduledThreadPoolExecutor.java:294)
	at java.util.concurrent.ThreadPoolExecutor.runWorker(ThreadPoolExecutor.java:1149)
	at java.util.concurrent.ThreadPoolExecutor$Worker.run(ThreadPoolExecutor.java:624)
	at java.lang.Thread.run(Thread.java:750)
Caused by: org.apache.hadoop.hdds.security.x509.exceptions.CertificateException: Error while bootstrapping certificate.
	at org.apache.hadoop.hdds.security.x509.certificate.client.DefaultCertificateClient.createKeyPair(DefaultCertificateClient.java:968)
	at org.apache.hadoop.hdds.security.x509.certificate.client.DefaultCertificateClient.renewAndStoreKeyAndCertificate(DefaultCertificateClient.java:1172)
	... 8 more
2023-01-12 05:26:47,348 [CertificateLifetimeMonitor] ERROR client.DNCertificateClient (DefaultCertificateClient.java:createKeyPair(967)) - Error while bootstrapping certificate client.
java.io.IOException: Private key already exist.
	at org.apache.hadoop.hdds.security.x509.keys.KeyCodec.writePublicKey(KeyCodec.java:197)
	at org.apache.hadoop.hdds.security.x509.certificate.client.DefaultCertificateClient.createKeyPair(DefaultCertificateClient.java:963)
	at org.apache.hadoop.hdds.security.x509.certificate.client.DefaultCertificateClient.renewAndStoreKeyAndCertificate(DefaultCertificateClient.java:1172)
	at org.apache.hadoop.hdds.security.x509.certificate.client.DefaultCertificateClient$CertificateLifetimeMonitor.run(DefaultCertificateClient.java:1413)
	at java.util.concurrent.Executors$RunnableAdapter.call(Executors.java:511)
	at java.util.concurrent.FutureTask.runAndReset(FutureTask.java:308)
	at java.util.concurrent.ScheduledThreadPoolExecutor$ScheduledFutureTask.access$301(ScheduledThreadPoolExecutor.java:180)
	at java.util.concurrent.ScheduledThreadPoolExecutor$ScheduledFutureTask.run(ScheduledThreadPoolExecutor.java:294)
	at java.util.concurrent.ThreadPoolExecutor.runWorker(ThreadPoolExecutor.java:1149)
	at java.util.concurrent.ThreadPoolExecutor$Worker.run(ThreadPoolExecutor.java:624)
	at java.lang.Thread.run(Thread.java:750)
2023-01-12 05:26:47,349 [CertificateLifetimeMonitor] ERROR client.DNCertificateClient (DefaultCertificateClient.java:run(1423)) - Failed to renew and store key and cert. Keep using existing certificates.
org.apache.hadoop.hdds.security.x509.exceptions.CertificateException: Error while creating new key pair.
	at org.apache.hadoop.hdds.security.x509.certificate.client.DefaultCertificateClient.renewAndStoreKeyAndCertificate(DefaultCertificateClient.java:1174)
	at org.apache.hadoop.hdds.security.x509.certificate.client.DefaultCertificateClient$CertificateLifetimeMonitor.run(DefaultCertificateClient.java:1413)
	at java.util.concurrent.Executors$RunnableAdapter.call(Executors.java:511)
	at java.util.concurrent.FutureTask.runAndReset(FutureTask.java:308)
	at java.util.concurrent.ScheduledThreadPoolExecutor$ScheduledFutureTask.access$301(ScheduledThreadPoolExecutor.java:180)
	at java.util.concurrent.ScheduledThreadPoolExecutor$ScheduledFutureTask.run(ScheduledThreadPoolExecutor.java:294)
	at java.util.concurrent.ThreadPoolExecutor.runWorker(ThreadPoolExecutor.java:1149)
	at java.util.concurrent.ThreadPoolExecutor$Worker.run(ThreadPoolExecutor.java:624)
	at java.lang.Thread.run(Thread.java:750)
Caused by: org.apache.hadoop.hdds.security.x509.exceptions.CertificateException: Error while bootstrapping certificate.
	at org.apache.hadoop.hdds.security.x509.certificate.client.DefaultCertificateClient.createKeyPair(DefaultCertificateClient.java:968)
	at org.apache.hadoop.hdds.security.x509.certificate.client.DefaultCertificateClient.renewAndStoreKeyAndCertificate(DefaultCertificateClient.java:1172)
	... 8 more
]]></system-out>
  </testcase>
  <testcase name="testGetCSR" classname="org.apache.hadoop.ozone.TestHddsSecureDatanodeInit" time="0.04">
    <system-out><![CDATA[2023-01-12 05:26:47,490 [main] INFO  client.DNCertificateClient (DefaultCertificateClient.java:loadAllCertificates(177)) - Loading certificate from location:/home/runner/work/ozone/ozone/hadoop-hdds/container-service/target/test-dir/cYBBMTvROp/dn/certs.
2023-01-12 05:26:47,490 [main] WARN  client.DNCertificateClient (DefaultCertificateClient.java:loadAllCertificates(242)) - CertificateLifetimeMonitor is not started this time because certificate is empty.
2023-01-12 05:26:47,495 [main] INFO  ozone.OzoneSecurityUtil (OzoneSecurityUtil.java:getValidInetsForCurrentHost(119)) - ip:fe80:0:0:0:222:48ff:feaa:f404%eth0 not returned.
2023-01-12 05:26:47,496 [main] INFO  ozone.OzoneSecurityUtil (OzoneSecurityUtil.java:getValidInetsForCurrentHost(116)) - Adding ip:10.1.0.17,host:fv-az205-554.k2gd1z4tyxsu3cbgyjsjq30zwf.jx.internal.cloudapp.net
2023-01-12 05:26:47,496 [main] INFO  ozone.OzoneSecurityUtil (OzoneSecurityUtil.java:getValidInetsForCurrentHost(119)) - ip:0:0:0:0:0:0:0:1%lo not returned.
2023-01-12 05:26:47,496 [main] INFO  ozone.OzoneSecurityUtil (OzoneSecurityUtil.java:getValidInetsForCurrentHost(119)) - ip:127.0.0.1 not returned.
2023-01-12 05:26:47,497 [main] INFO  client.DNCertificateClient (DNCertificateClient.java:getCSRBuilder(98)) - Created csr for DN-> subject:runner@fv-az205-554.k2gd1z4tyxsu3cbgyjsjq30zwf.jx.internal.cloudapp.net
2023-01-12 05:26:47,502 [main] INFO  ozone.OzoneSecurityUtil (OzoneSecurityUtil.java:getValidInetsForCurrentHost(119)) - ip:fe80:0:0:0:222:48ff:feaa:f404%eth0 not returned.
2023-01-12 05:26:47,503 [main] INFO  ozone.OzoneSecurityUtil (OzoneSecurityUtil.java:getValidInetsForCurrentHost(116)) - Adding ip:10.1.0.17,host:fv-az205-554.k2gd1z4tyxsu3cbgyjsjq30zwf.jx.internal.cloudapp.net
2023-01-12 05:26:47,503 [main] INFO  ozone.OzoneSecurityUtil (OzoneSecurityUtil.java:getValidInetsForCurrentHost(119)) - ip:0:0:0:0:0:0:0:1%lo not returned.
2023-01-12 05:26:47,503 [main] INFO  ozone.OzoneSecurityUtil (OzoneSecurityUtil.java:getValidInetsForCurrentHost(119)) - ip:127.0.0.1 not returned.
2023-01-12 05:26:47,503 [main] INFO  client.DNCertificateClient (DNCertificateClient.java:getCSRBuilder(98)) - Created csr for DN-> subject:runner@fv-az205-554.k2gd1z4tyxsu3cbgyjsjq30zwf.jx.internal.cloudapp.net
2023-01-12 05:26:47,506 [main] INFO  ozone.OzoneSecurityUtil (OzoneSecurityUtil.java:getValidInetsForCurrentHost(119)) - ip:fe80:0:0:0:222:48ff:feaa:f404%eth0 not returned.
2023-01-12 05:26:47,506 [main] INFO  ozone.OzoneSecurityUtil (OzoneSecurityUtil.java:getValidInetsForCurrentHost(116)) - Adding ip:10.1.0.17,host:fv-az205-554.k2gd1z4tyxsu3cbgyjsjq30zwf.jx.internal.cloudapp.net
2023-01-12 05:26:47,515 [main] INFO  ozone.OzoneSecurityUtil (OzoneSecurityUtil.java:getValidInetsForCurrentHost(119)) - ip:0:0:0:0:0:0:0:1%lo not returned.
2023-01-12 05:26:47,515 [main] INFO  ozone.OzoneSecurityUtil (OzoneSecurityUtil.java:getValidInetsForCurrentHost(119)) - ip:127.0.0.1 not returned.
2023-01-12 05:26:47,515 [main] INFO  client.DNCertificateClient (DNCertificateClient.java:getCSRBuilder(98)) - Created csr for DN-> subject:runner@fv-az205-554.k2gd1z4tyxsu3cbgyjsjq30zwf.jx.internal.cloudapp.net
2023-01-12 05:26:47,518 [main] INFO  ozone.OzoneSecurityUtil (OzoneSecurityUtil.java:getValidInetsForCurrentHost(119)) - ip:fe80:0:0:0:222:48ff:feaa:f404%eth0 not returned.
2023-01-12 05:26:47,524 [main] INFO  ozone.OzoneSecurityUtil (OzoneSecurityUtil.java:getValidInetsForCurrentHost(116)) - Adding ip:10.1.0.17,host:fv-az205-554.k2gd1z4tyxsu3cbgyjsjq30zwf.jx.internal.cloudapp.net
2023-01-12 05:26:47,524 [main] INFO  ozone.OzoneSecurityUtil (OzoneSecurityUtil.java:getValidInetsForCurrentHost(119)) - ip:0:0:0:0:0:0:0:1%lo not returned.
2023-01-12 05:26:47,525 [main] INFO  ozone.OzoneSecurityUtil (OzoneSecurityUtil.java:getValidInetsForCurrentHost(119)) - ip:127.0.0.1 not returned.
2023-01-12 05:26:47,525 [main] INFO  client.DNCertificateClient (DNCertificateClient.java:getCSRBuilder(98)) - Created csr for DN-> subject:runner@fv-az205-554.k2gd1z4tyxsu3cbgyjsjq30zwf.jx.internal.cloudapp.net
]]></system-out>
  </testcase>
  <testcase name="testCertificateRotationRecoverableFailure" classname="org.apache.hadoop.ozone.TestHddsSecureDatanodeInit" time="16.139">
    <system-out><![CDATA[2023-01-12 05:26:47,538 [main] INFO  client.DNCertificateClient (DefaultCertificateClient.java:loadAllCertificates(177)) - Loading certificate from location:/home/runner/work/ozone/ozone/hadoop-hdds/container-service/target/test-dir/cYBBMTvROp/dn/certs.
2023-01-12 05:26:47,538 [main] WARN  client.DNCertificateClient (DefaultCertificateClient.java:loadAllCertificates(242)) - CertificateLifetimeMonitor is not started this time because certificate is empty.
2023-01-12 05:26:47,597 [main] INFO  utils.SelfSignedCertificate (SelfSignedCertificate.java:generateCertificate(155)) - Certificate 1131790 is issued by CN=localhost,OU=test,O=cluster to CN=localhost,OU=test,O=cluster, valid from Thu Jan 12 05:26:52 UTC 2023 to Thu Jan 12 05:27:07 UTC 2023
2023-01-12 05:26:47,599 [main] INFO  client.DNCertificateClient (DefaultCertificateClient.java:loadAllCertificates(177)) - Loading certificate from location:/home/runner/work/ozone/ozone/hadoop-hdds/container-service/target/test-dir/cYBBMTvROp/dn/certs.
2023-01-12 05:26:47,602 [main] INFO  client.DNCertificateClient (DefaultCertificateClient.java:loadAllCertificates(218)) - Added certificate [
[
  Version: V3
  Subject: O=cluster, OU=test, CN=localhost
  Signature Algorithm: SHA256withRSA, OID = 1.2.840.113549.1.1.11

  Key:  Sun RSA public key, 2048 bits
  params: null
  modulus: 22603540662134967536138824098123850180169934635248581521541528984309008487704485007116438610580301917001552121108391104054261536724314845414164907668997064526234515832313473500877775785358680376888827475602597947079711948391970693236078886792302660267858724121965893756627102696132921702390407667877152289097735953147477661122387567069589028804624287570288092033688292988952843919002496021814322652076662081453605722813528226224103098819913012732536362034817707768533942964314782557648798626565262040846614427049546616493610488017739905257668825091415502496529042635722863271438499240573839105783595159315699534249601
  public exponent: 65537
  Validity: [From: Thu Jan 12 05:26:30 UTC 2023,
               To: Thu Jan 12 05:26:45 UTC 2023]
  Issuer: O=cluster, OU=test, CN=localhost
  SerialNumber: [    1100f4]

]
  Algorithm: [SHA256withRSA]
  Signature:
0000: 0C 9A 7E 3A 77 EA 46 C9   5F 20 0F 42 E2 FF 28 20  ...:w.F._ .B..( 
0010: 23 A9 F2 7D A5 0F F8 82   6B 88 17 12 66 02 9E 2B  #.......k...f..+
0020: BE 18 7B 60 35 2E BE CB   60 01 BA 0B 51 FF 38 02  ...`5...`...Q.8.
0030: C8 E3 37 08 C1 1B 79 EE   57 91 21 E2 AD 17 3C CB  ..7...y.W.!...<.
0040: B3 CF 32 E0 30 B6 1A F9   D4 2E 33 B6 DA AB 2D B5  ..2.0.....3...-.
0050: C5 75 B5 E4 4D 1F 9F 66   65 15 40 22 AC 8D 25 81  .u..M..fe.@"..%.
0060: 13 12 E7 85 31 21 A6 1D   8A 89 57 26 C4 EF A6 B6  ....1!....W&....
0070: 50 B1 FB 83 12 58 07 2D   44 3F 2C 38 F0 39 DB 87  P....X.-D?,8.9..
0080: 96 60 3F 52 F8 D5 C5 8D   5C 39 E9 F0 EF 23 01 7A  .`?R....\9...#.z
0090: AA A1 DD 97 0B E8 60 F2   05 79 DF D5 17 07 4A B8  ......`..y....J.
00A0: 9D 9D DC 16 55 D2 BA 40   8B 3A 17 C7 6F 4E A1 C8  ....U..@.:..oN..
00B0: 88 4C 8E 83 1E DC 0B F0   42 39 2F AB 88 77 BE 8C  .L......B9/..w..
00C0: BC 62 29 FD FD 48 FA C3   DB 90 AA EB FE 98 65 07  .b)..H........e.
00D0: 7D 03 30 0A 63 3B 11 30   60 03 C6 62 51 FF 66 A0  ..0.c;.0`..bQ.f.
00E0: A1 EB 22 6A DF 66 18 2F   0E 3B D2 1E 74 C2 70 D6  .."j.f./.;..t.p.
00F0: 36 66 EC 01 11 94 22 2E   9A 8B 8A 76 F5 10 F0 86  6f...."....v....

] from file:/home/runner/work/ozone/ozone/hadoop-hdds/container-service/target/test-dir/cYBBMTvROp/dn/certs/certificate.crt.
2023-01-12 05:26:47,619 [main] INFO  client.DNCertificateClient (DefaultCertificateClient.java:startCertificateMonitor(1393)) - CertificateLifetimeMonitor is started with first delay 0 ms and interval 1666 ms.
2023-01-12 05:26:47,623 [main] INFO  client.DNCertificateClient (DefaultCertificateClient.java:startCertificateMonitor(1393)) - CertificateLifetimeMonitor is started with first delay 0 ms and interval 1666 ms.
2023-01-12 05:26:47,631 [CertificateLifetimeMonitor] INFO  client.DNCertificateClient (DefaultCertificateClient.java:run(1410)) - Current certificate has entered the expiry grace period PT0S. Starting renew key and certs.
2023-01-12 05:26:47,745 [CertificateLifetimeMonitor] INFO  ozone.OzoneSecurityUtil (OzoneSecurityUtil.java:getValidInetsForCurrentHost(119)) - ip:fe80:0:0:0:222:48ff:feaa:f404%eth0 not returned.
2023-01-12 05:26:47,745 [CertificateLifetimeMonitor] INFO  ozone.OzoneSecurityUtil (OzoneSecurityUtil.java:getValidInetsForCurrentHost(116)) - Adding ip:10.1.0.17,host:fv-az205-554.k2gd1z4tyxsu3cbgyjsjq30zwf.jx.internal.cloudapp.net
2023-01-12 05:26:47,745 [CertificateLifetimeMonitor] INFO  ozone.OzoneSecurityUtil (OzoneSecurityUtil.java:getValidInetsForCurrentHost(119)) - ip:0:0:0:0:0:0:0:1%lo not returned.
2023-01-12 05:26:47,745 [CertificateLifetimeMonitor] INFO  ozone.OzoneSecurityUtil (OzoneSecurityUtil.java:getValidInetsForCurrentHost(119)) - ip:127.0.0.1 not returned.
2023-01-12 05:26:47,747 [CertificateLifetimeMonitor] INFO  client.DNCertificateClient (DNCertificateClient.java:getCSRBuilder(98)) - Created csr for DN-> subject:runner@fv-az205-554.k2gd1z4tyxsu3cbgyjsjq30zwf.jx.internal.cloudapp.net
2023-01-12 05:26:47,750 [CertificateLifetimeMonitor] ERROR client.DNCertificateClient (DefaultCertificateClient.java:run(1423)) - Failed to renew and store key and cert. Keep using existing certificates.
org.apache.hadoop.hdds.security.x509.exceptions.CertificateException: Error while signing and storing new certificates.
	at org.apache.hadoop.hdds.security.x509.certificate.client.DefaultCertificateClient.renewAndStoreKeyAndCertificate(DefaultCertificateClient.java:1185)
	at org.apache.hadoop.hdds.security.x509.certificate.client.DefaultCertificateClient$CertificateLifetimeMonitor.run(DefaultCertificateClient.java:1413)
	at java.util.concurrent.Executors$RunnableAdapter.call(Executors.java:511)
	at java.util.concurrent.FutureTask.runAndReset(FutureTask.java:308)
	at java.util.concurrent.ScheduledThreadPoolExecutor$ScheduledFutureTask.access$301(ScheduledThreadPoolExecutor.java:180)
	at java.util.concurrent.ScheduledThreadPoolExecutor$ScheduledFutureTask.run(ScheduledThreadPoolExecutor.java:294)
	at java.util.concurrent.ThreadPoolExecutor.runWorker(ThreadPoolExecutor.java:1149)
	at java.util.concurrent.ThreadPoolExecutor$Worker.run(ThreadPoolExecutor.java:624)
	at java.lang.Thread.run(Thread.java:750)
Caused by: org.apache.hadoop.hdds.conf.ConfigurationException: SCM Client Address could not be obtained from config. Config is not properly defined
	at org.apache.hadoop.hdds.scm.proxy.SCMSecurityProtocolFailoverProxyProvider.loadConfigs(SCMSecurityProtocolFailoverProxyProvider.java:120)
	at org.apache.hadoop.hdds.scm.proxy.SCMSecurityProtocolFailoverProxyProvider.<init>(SCMSecurityProtocolFailoverProxyProvider.java:105)
	at org.apache.hadoop.hdds.utils.HddsServerUtil.getScmSecurityClientWithMaxRetry(HddsServerUtil.java:467)
	at org.apache.hadoop.hdds.security.x509.certificate.client.DefaultCertificateClient.getScmSecureClient(DefaultCertificateClient.java:1363)
	at org.apache.hadoop.hdds.security.x509.certificate.client.DNCertificateClient.signAndStoreCertificate(DNCertificateClient.java:113)
	at org.apache.hadoop.hdds.security.x509.certificate.client.DefaultCertificateClient.renewAndStoreKeyAndCertificate(DefaultCertificateClient.java:1182)
	... 8 more
2023-01-12 05:26:47,861 [CertificateLifetimeMonitor] ERROR client.DNCertificateClient (DefaultCertificateClient.java:createKeyPair(967)) - Error while bootstrapping certificate client.
java.io.IOException: Private key already exist.
	at org.apache.hadoop.hdds.security.x509.keys.KeyCodec.writePublicKey(KeyCodec.java:197)
	at org.apache.hadoop.hdds.security.x509.certificate.client.DefaultCertificateClient.createKeyPair(DefaultCertificateClient.java:963)
	at org.apache.hadoop.hdds.security.x509.certificate.client.DefaultCertificateClient.renewAndStoreKeyAndCertificate(DefaultCertificateClient.java:1172)
	at org.apache.hadoop.hdds.security.x509.certificate.client.DefaultCertificateClient$CertificateLifetimeMonitor.run(DefaultCertificateClient.java:1413)
	at java.util.concurrent.Executors$RunnableAdapter.call(Executors.java:511)
	at java.util.concurrent.FutureTask.runAndReset(FutureTask.java:308)
	at java.util.concurrent.ScheduledThreadPoolExecutor$ScheduledFutureTask.access$301(ScheduledThreadPoolExecutor.java:180)
	at java.util.concurrent.ScheduledThreadPoolExecutor$ScheduledFutureTask.run(ScheduledThreadPoolExecutor.java:294)
	at java.util.concurrent.ThreadPoolExecutor.runWorker(ThreadPoolExecutor.java:1149)
	at java.util.concurrent.ThreadPoolExecutor$Worker.run(ThreadPoolExecutor.java:624)
	at java.lang.Thread.run(Thread.java:750)
2023-01-12 05:26:47,861 [CertificateLifetimeMonitor] ERROR client.DNCertificateClient (DefaultCertificateClient.java:run(1423)) - Failed to renew and store key and cert. Keep using existing certificates.
org.apache.hadoop.hdds.security.x509.exceptions.CertificateException: Error while creating new key pair.
	at org.apache.hadoop.hdds.security.x509.certificate.client.DefaultCertificateClient.renewAndStoreKeyAndCertificate(DefaultCertificateClient.java:1174)
	at org.apache.hadoop.hdds.security.x509.certificate.client.DefaultCertificateClient$CertificateLifetimeMonitor.run(DefaultCertificateClient.java:1413)
	at java.util.concurrent.Executors$RunnableAdapter.call(Executors.java:511)
	at java.util.concurrent.FutureTask.runAndReset(FutureTask.java:308)
	at java.util.concurrent.ScheduledThreadPoolExecutor$ScheduledFutureTask.access$301(ScheduledThreadPoolExecutor.java:180)
	at java.util.concurrent.ScheduledThreadPoolExecutor$ScheduledFutureTask.run(ScheduledThreadPoolExecutor.java:294)
	at java.util.concurrent.ThreadPoolExecutor.runWorker(ThreadPoolExecutor.java:1149)
	at java.util.concurrent.ThreadPoolExecutor$Worker.run(ThreadPoolExecutor.java:624)
	at java.lang.Thread.run(Thread.java:750)
Caused by: org.apache.hadoop.hdds.security.x509.exceptions.CertificateException: Error while bootstrapping certificate.
	at org.apache.hadoop.hdds.security.x509.certificate.client.DefaultCertificateClient.createKeyPair(DefaultCertificateClient.java:968)
	at org.apache.hadoop.hdds.security.x509.certificate.client.DefaultCertificateClient.renewAndStoreKeyAndCertificate(DefaultCertificateClient.java:1172)
	... 8 more
2023-01-12 05:26:47,942 [CertificateLifetimeMonitor] ERROR client.DNCertificateClient (DefaultCertificateClient.java:createKeyPair(967)) - Error while bootstrapping certificate client.
java.io.IOException: Private key already exist.
	at org.apache.hadoop.hdds.security.x509.keys.KeyCodec.writePublicKey(KeyCodec.java:197)
	at org.apache.hadoop.hdds.security.x509.certificate.client.DefaultCertificateClient.createKeyPair(DefaultCertificateClient.java:963)
	at org.apache.hadoop.hdds.security.x509.certificate.client.DefaultCertificateClient.renewAndStoreKeyAndCertificate(DefaultCertificateClient.java:1172)
	at org.apache.hadoop.hdds.security.x509.certificate.client.DefaultCertificateClient$CertificateLifetimeMonitor.run(DefaultCertificateClient.java:1413)
	at java.util.concurrent.Executors$RunnableAdapter.call(Executors.java:511)
	at java.util.concurrent.FutureTask.runAndReset(FutureTask.java:308)
	at java.util.concurrent.ScheduledThreadPoolExecutor$ScheduledFutureTask.access$301(ScheduledThreadPoolExecutor.java:180)
	at java.util.concurrent.ScheduledThreadPoolExecutor$ScheduledFutureTask.run(ScheduledThreadPoolExecutor.java:294)
	at java.util.concurrent.ThreadPoolExecutor.runWorker(ThreadPoolExecutor.java:1149)
	at java.util.concurrent.ThreadPoolExecutor$Worker.run(ThreadPoolExecutor.java:624)
	at java.lang.Thread.run(Thread.java:750)
2023-01-12 05:26:47,942 [CertificateLifetimeMonitor] ERROR client.DNCertificateClient (DefaultCertificateClient.java:run(1423)) - Failed to renew and store key and cert. Keep using existing certificates.
org.apache.hadoop.hdds.security.x509.exceptions.CertificateException: Error while creating new key pair.
	at org.apache.hadoop.hdds.security.x509.certificate.client.DefaultCertificateClient.renewAndStoreKeyAndCertificate(DefaultCertificateClient.java:1174)
	at org.apache.hadoop.hdds.security.x509.certificate.client.DefaultCertificateClient$CertificateLifetimeMonitor.run(DefaultCertificateClient.java:1413)
	at java.util.concurrent.Executors$RunnableAdapter.call(Executors.java:511)
	at java.util.concurrent.FutureTask.runAndReset(FutureTask.java:308)
	at java.util.concurrent.ScheduledThreadPoolExecutor$ScheduledFutureTask.access$301(ScheduledThreadPoolExecutor.java:180)
	at java.util.concurrent.ScheduledThreadPoolExecutor$ScheduledFutureTask.run(ScheduledThreadPoolExecutor.java:294)
	at java.util.concurrent.ThreadPoolExecutor.runWorker(ThreadPoolExecutor.java:1149)
	at java.util.concurrent.ThreadPoolExecutor$Worker.run(ThreadPoolExecutor.java:624)
	at java.lang.Thread.run(Thread.java:750)
Caused by: org.apache.hadoop.hdds.security.x509.exceptions.CertificateException: Error while bootstrapping certificate.
	at org.apache.hadoop.hdds.security.x509.certificate.client.DefaultCertificateClient.createKeyPair(DefaultCertificateClient.java:968)
	at org.apache.hadoop.hdds.security.x509.certificate.client.DefaultCertificateClient.renewAndStoreKeyAndCertificate(DefaultCertificateClient.java:1172)
	... 8 more
2023-01-12 05:26:47,943 [CertificateLifetimeMonitor] INFO  client.DNCertificateClient (DefaultCertificateClient.java:run(1410)) - Current certificate has entered the expiry grace period PT0S. Starting renew key and certs.
2023-01-12 05:26:48,190 [CertificateLifetimeMonitor] INFO  ozone.OzoneSecurityUtil (OzoneSecurityUtil.java:getValidInetsForCurrentHost(119)) - ip:fe80:0:0:0:222:48ff:feaa:f404%eth0 not returned.
2023-01-12 05:26:48,191 [CertificateLifetimeMonitor] INFO  ozone.OzoneSecurityUtil (OzoneSecurityUtil.java:getValidInetsForCurrentHost(116)) - Adding ip:10.1.0.17,host:fv-az205-554.k2gd1z4tyxsu3cbgyjsjq30zwf.jx.internal.cloudapp.net
2023-01-12 05:26:48,191 [CertificateLifetimeMonitor] INFO  ozone.OzoneSecurityUtil (OzoneSecurityUtil.java:getValidInetsForCurrentHost(119)) - ip:0:0:0:0:0:0:0:1%lo not returned.
2023-01-12 05:26:48,191 [CertificateLifetimeMonitor] INFO  ozone.OzoneSecurityUtil (OzoneSecurityUtil.java:getValidInetsForCurrentHost(119)) - ip:127.0.0.1 not returned.
2023-01-12 05:26:48,191 [CertificateLifetimeMonitor] INFO  client.DNCertificateClient (DNCertificateClient.java:getCSRBuilder(98)) - Created csr for DN-> subject:runner@fv-az205-554.k2gd1z4tyxsu3cbgyjsjq30zwf.jx.internal.cloudapp.net
2023-01-12 05:26:48,268 [CertificateLifetimeMonitor] ERROR client.DNCertificateClient (DNCertificateClient.java:signAndStoreCertificate(140)) - Error while signing and storing SCM signed certificate.
org.apache.hadoop.hdds.security.x509.exceptions.CertificateException: Unable to retrieve datanode certificate chain.
	at org.apache.hadoop.hdds.security.x509.certificate.client.DNCertificateClient.signAndStoreCertificate(DNCertificateClient.java:136)
	at org.apache.hadoop.hdds.security.x509.certificate.client.DefaultCertificateClient.renewAndStoreKeyAndCertificate(DefaultCertificateClient.java:1182)
	at org.apache.hadoop.hdds.security.x509.certificate.client.DefaultCertificateClient$CertificateLifetimeMonitor.run(DefaultCertificateClient.java:1413)
	at java.util.concurrent.Executors$RunnableAdapter.call(Executors.java:511)
	at java.util.concurrent.FutureTask.runAndReset(FutureTask.java:308)
	at java.util.concurrent.ScheduledThreadPoolExecutor$ScheduledFutureTask.access$301(ScheduledThreadPoolExecutor.java:180)
	at java.util.concurrent.ScheduledThreadPoolExecutor$ScheduledFutureTask.run(ScheduledThreadPoolExecutor.java:294)
	at java.util.concurrent.ThreadPoolExecutor.runWorker(ThreadPoolExecutor.java:1149)
	at java.util.concurrent.ThreadPoolExecutor$Worker.run(ThreadPoolExecutor.java:624)
	at java.lang.Thread.run(Thread.java:750)
2023-01-12 05:26:48,268 [CertificateLifetimeMonitor] ERROR client.DNCertificateClient (DefaultCertificateClient.java:run(1423)) - Failed to renew and store key and cert. Keep using existing certificates.
org.apache.hadoop.hdds.security.x509.exceptions.CertificateException: Error while signing and storing new certificates.
	at org.apache.hadoop.hdds.security.x509.certificate.client.DefaultCertificateClient.renewAndStoreKeyAndCertificate(DefaultCertificateClient.java:1185)
	at org.apache.hadoop.hdds.security.x509.certificate.client.DefaultCertificateClient$CertificateLifetimeMonitor.run(DefaultCertificateClient.java:1413)
	at java.util.concurrent.Executors$RunnableAdapter.call(Executors.java:511)
	at java.util.concurrent.FutureTask.runAndReset(FutureTask.java:308)
	at java.util.concurrent.ScheduledThreadPoolExecutor$ScheduledFutureTask.access$301(ScheduledThreadPoolExecutor.java:180)
	at java.util.concurrent.ScheduledThreadPoolExecutor$ScheduledFutureTask.run(ScheduledThreadPoolExecutor.java:294)
	at java.util.concurrent.ThreadPoolExecutor.runWorker(ThreadPoolExecutor.java:1149)
	at java.util.concurrent.ThreadPoolExecutor$Worker.run(ThreadPoolExecutor.java:624)
	at java.lang.Thread.run(Thread.java:750)
Caused by: org.apache.hadoop.hdds.security.x509.exceptions.CertificateException: Error while signing and storing SCM signed certificate.
	at org.apache.hadoop.hdds.security.x509.certificate.client.DNCertificateClient.signAndStoreCertificate(DNCertificateClient.java:141)
	at org.apache.hadoop.hdds.security.x509.certificate.client.DefaultCertificateClient.renewAndStoreKeyAndCertificate(DefaultCertificateClient.java:1182)
	... 8 more
Caused by: org.apache.hadoop.hdds.security.x509.exceptions.CertificateException: Unable to retrieve datanode certificate chain.
	at org.apache.hadoop.hdds.security.x509.certificate.client.DNCertificateClient.signAndStoreCertificate(DNCertificateClient.java:136)
	... 9 more
2023-01-12 05:26:48,330 [CertificateLifetimeMonitor] INFO  client.DNCertificateClient (DefaultCertificateClient.java:run(1410)) - Current certificate has entered the expiry grace period PT0S. Starting renew key and certs.
2023-01-12 05:26:48,331 [CertificateLifetimeMonitor] INFO  client.DNCertificateClient (DefaultCertificateClient.java:run(1410)) - Current certificate has entered the expiry grace period PT0S. Starting renew key and certs.
2023-01-12 05:26:48,331 [CertificateLifetimeMonitor] ERROR client.DNCertificateClient (DefaultCertificateClient.java:run(1423)) - Failed to renew and store key and cert. Keep using existing certificates.
org.apache.hadoop.hdds.security.x509.exceptions.CertificateException: Error while deleting/creating /home/runner/work/ozone/ozone/hadoop-hdds/container-service/target/test-dir/cYBBMTvROp/dn/keys-next or /home/runner/work/ozone/ozone/hadoop-hdds/container-service/target/test-dir/cYBBMTvROp/dn/certs-next directories to cleanup  certificate storage. 
	at org.apache.hadoop.hdds.security.x509.certificate.client.DefaultCertificateClient.renewAndStoreKeyAndCertificate(DefaultCertificateClient.java:1163)
	at org.apache.hadoop.hdds.security.x509.certificate.client.DefaultCertificateClient$CertificateLifetimeMonitor.run(DefaultCertificateClient.java:1413)
	at java.util.concurrent.Executors$RunnableAdapter.call(Executors.java:511)
	at java.util.concurrent.FutureTask.runAndReset(FutureTask.java:308)
	at java.util.concurrent.ScheduledThreadPoolExecutor$ScheduledFutureTask.access$301(ScheduledThreadPoolExecutor.java:180)
	at java.util.concurrent.ScheduledThreadPoolExecutor$ScheduledFutureTask.run(ScheduledThreadPoolExecutor.java:294)
	at java.util.concurrent.ThreadPoolExecutor.runWorker(ThreadPoolExecutor.java:1149)
	at java.util.concurrent.ThreadPoolExecutor$Worker.run(ThreadPoolExecutor.java:624)
	at java.lang.Thread.run(Thread.java:750)
Caused by: org.apache.commons.io.IOExceptionList: /home/runner/work/ozone/ozone/hadoop-hdds/container-service/target/test-dir/cYBBMTvROp/dn/keys-next
	at org.apache.commons.io.FileUtils.cleanDirectory(FileUtils.java:331)
	at org.apache.commons.io.FileUtils.deleteDirectory(FileUtils.java:1192)
	at org.apache.hadoop.hdds.security.x509.certificate.client.DefaultCertificateClient.renewAndStoreKeyAndCertificate(DefaultCertificateClient.java:1158)
	... 8 more
Caused by: java.io.FileNotFoundException: File does not exist: /home/runner/work/ozone/ozone/hadoop-hdds/container-service/target/test-dir/cYBBMTvROp/dn/keys-next/public.pem
	at org.apache.commons.io.FileUtils.forceDelete(FileUtils.java:1349)
	at org.apache.commons.io.FileUtils.cleanDirectory(FileUtils.java:324)
	... 10 more
2023-01-12 05:26:48,330 [CertificateLifetimeMonitor] INFO  client.DNCertificateClient (DefaultCertificateClient.java:run(1410)) - Current certificate has entered the expiry grace period PT0S. Starting renew key and certs.
2023-01-12 05:26:48,332 [CertificateLifetimeMonitor] INFO  client.DNCertificateClient (DefaultCertificateClient.java:run(1410)) - Current certificate has entered the expiry grace period PT0S. Starting renew key and certs.
2023-01-12 05:26:48,335 [CertificateLifetimeMonitor] INFO  client.DNCertificateClient (DefaultCertificateClient.java:run(1410)) - Current certificate has entered the expiry grace period PT0S. Starting renew key and certs.
2023-01-12 05:26:48,331 [CertificateLifetimeMonitor] ERROR client.DNCertificateClient (DefaultCertificateClient.java:run(1423)) - Failed to renew and store key and cert. Keep using existing certificates.
org.apache.hadoop.hdds.security.x509.exceptions.CertificateException: Error while deleting/creating /home/runner/work/ozone/ozone/hadoop-hdds/container-service/target/test-dir/cYBBMTvROp/dn/keys-next or /home/runner/work/ozone/ozone/hadoop-hdds/container-service/target/test-dir/cYBBMTvROp/dn/certs-next directories to cleanup  certificate storage. 
	at org.apache.hadoop.hdds.security.x509.certificate.client.DefaultCertificateClient.renewAndStoreKeyAndCertificate(DefaultCertificateClient.java:1163)
	at org.apache.hadoop.hdds.security.x509.certificate.client.DefaultCertificateClient$CertificateLifetimeMonitor.run(DefaultCertificateClient.java:1413)
	at java.util.concurrent.Executors$RunnableAdapter.call(Executors.java:511)
	at java.util.concurrent.FutureTask.runAndReset(FutureTask.java:308)
	at java.util.concurrent.ScheduledThreadPoolExecutor$ScheduledFutureTask.access$301(ScheduledThreadPoolExecutor.java:180)
	at java.util.concurrent.ScheduledThreadPoolExecutor$ScheduledFutureTask.run(ScheduledThreadPoolExecutor.java:294)
	at java.util.concurrent.ThreadPoolExecutor.runWorker(ThreadPoolExecutor.java:1149)
	at java.util.concurrent.ThreadPoolExecutor$Worker.run(ThreadPoolExecutor.java:624)
	at java.lang.Thread.run(Thread.java:750)
Caused by: org.apache.commons.io.IOExceptionList: /home/runner/work/ozone/ozone/hadoop-hdds/container-service/target/test-dir/cYBBMTvROp/dn/keys-next
	at org.apache.commons.io.FileUtils.cleanDirectory(FileUtils.java:331)
	at org.apache.commons.io.FileUtils.deleteDirectory(FileUtils.java:1192)
	at org.apache.hadoop.hdds.security.x509.certificate.client.DefaultCertificateClient.renewAndStoreKeyAndCertificate(DefaultCertificateClient.java:1158)
	... 8 more
Caused by: java.io.FileNotFoundException: File does not exist: /home/runner/work/ozone/ozone/hadoop-hdds/container-service/target/test-dir/cYBBMTvROp/dn/keys-next/private.pem
	at org.apache.commons.io.FileUtils.forceDelete(FileUtils.java:1349)
	at org.apache.commons.io.FileUtils.cleanDirectory(FileUtils.java:324)
	... 10 more
2023-01-12 05:26:48,339 [CertificateLifetimeMonitor] INFO  client.DNCertificateClient (DefaultCertificateClient.java:run(1410)) - Current certificate has entered the expiry grace period PT0S. Starting renew key and certs.
2023-01-12 05:26:48,473 [CertificateLifetimeMonitor] INFO  ozone.OzoneSecurityUtil (OzoneSecurityUtil.java:getValidInetsForCurrentHost(119)) - ip:fe80:0:0:0:222:48ff:feaa:f404%eth0 not returned.
2023-01-12 05:26:48,473 [CertificateLifetimeMonitor] INFO  ozone.OzoneSecurityUtil (OzoneSecurityUtil.java:getValidInetsForCurrentHost(116)) - Adding ip:10.1.0.17,host:fv-az205-554.k2gd1z4tyxsu3cbgyjsjq30zwf.jx.internal.cloudapp.net
2023-01-12 05:26:48,474 [CertificateLifetimeMonitor] INFO  ozone.OzoneSecurityUtil (OzoneSecurityUtil.java:getValidInetsForCurrentHost(119)) - ip:0:0:0:0:0:0:0:1%lo not returned.
2023-01-12 05:26:48,474 [CertificateLifetimeMonitor] INFO  ozone.OzoneSecurityUtil (OzoneSecurityUtil.java:getValidInetsForCurrentHost(119)) - ip:127.0.0.1 not returned.
2023-01-12 05:26:48,476 [CertificateLifetimeMonitor] INFO  client.DNCertificateClient (DNCertificateClient.java:getCSRBuilder(98)) - Created csr for DN-> subject:runner@fv-az205-554.k2gd1z4tyxsu3cbgyjsjq30zwf.jx.internal.cloudapp.net
2023-01-12 05:26:48,493 [CertificateLifetimeMonitor] ERROR client.DNCertificateClient (DefaultCertificateClient.java:run(1423)) - Failed to renew and store key and cert. Keep using existing certificates.
org.apache.hadoop.hdds.security.x509.exceptions.CertificateException: Error while signing and storing new certificates.
	at org.apache.hadoop.hdds.security.x509.certificate.client.DefaultCertificateClient.renewAndStoreKeyAndCertificate(DefaultCertificateClient.java:1185)
	at org.apache.hadoop.hdds.security.x509.certificate.client.DefaultCertificateClient$CertificateLifetimeMonitor.run(DefaultCertificateClient.java:1413)
	at java.util.concurrent.Executors$RunnableAdapter.call(Executors.java:511)
	at java.util.concurrent.FutureTask.runAndReset(FutureTask.java:308)
	at java.util.concurrent.ScheduledThreadPoolExecutor$ScheduledFutureTask.access$301(ScheduledThreadPoolExecutor.java:180)
	at java.util.concurrent.ScheduledThreadPoolExecutor$ScheduledFutureTask.run(ScheduledThreadPoolExecutor.java:294)
	at java.util.concurrent.ThreadPoolExecutor.runWorker(ThreadPoolExecutor.java:1149)
	at java.util.concurrent.ThreadPoolExecutor$Worker.run(ThreadPoolExecutor.java:624)
	at java.lang.Thread.run(Thread.java:750)
Caused by: org.apache.hadoop.hdds.conf.ConfigurationException: SCM Client Address could not be obtained from config. Config is not properly defined
	at org.apache.hadoop.hdds.scm.proxy.SCMSecurityProtocolFailoverProxyProvider.loadConfigs(SCMSecurityProtocolFailoverProxyProvider.java:120)
	at org.apache.hadoop.hdds.scm.proxy.SCMSecurityProtocolFailoverProxyProvider.<init>(SCMSecurityProtocolFailoverProxyProvider.java:105)
	at org.apache.hadoop.hdds.utils.HddsServerUtil.getScmSecurityClientWithMaxRetry(HddsServerUtil.java:467)
	at org.apache.hadoop.hdds.security.x509.certificate.client.DefaultCertificateClient.getScmSecureClient(DefaultCertificateClient.java:1363)
	at org.apache.hadoop.hdds.security.x509.certificate.client.DNCertificateClient.signAndStoreCertificate(DNCertificateClient.java:113)
	at org.apache.hadoop.hdds.security.x509.certificate.client.DefaultCertificateClient.renewAndStoreKeyAndCertificate(DefaultCertificateClient.java:1182)
	... 8 more
2023-01-12 05:26:48,658 [CertificateLifetimeMonitor] ERROR client.DNCertificateClient (DefaultCertificateClient.java:createKeyPair(967)) - Error while bootstrapping certificate client.
java.io.IOException: Private key already exist.
	at org.apache.hadoop.hdds.security.x509.keys.KeyCodec.writePublicKey(KeyCodec.java:197)
	at org.apache.hadoop.hdds.security.x509.certificate.client.DefaultCertificateClient.createKeyPair(DefaultCertificateClient.java:963)
	at org.apache.hadoop.hdds.security.x509.certificate.client.DefaultCertificateClient.renewAndStoreKeyAndCertificate(DefaultCertificateClient.java:1172)
	at org.apache.hadoop.hdds.security.x509.certificate.client.DefaultCertificateClient$CertificateLifetimeMonitor.run(DefaultCertificateClient.java:1413)
	at java.util.concurrent.Executors$RunnableAdapter.call(Executors.java:511)
	at java.util.concurrent.FutureTask.runAndReset(FutureTask.java:308)
	at java.util.concurrent.ScheduledThreadPoolExecutor$ScheduledFutureTask.access$301(ScheduledThreadPoolExecutor.java:180)
	at java.util.concurrent.ScheduledThreadPoolExecutor$ScheduledFutureTask.run(ScheduledThreadPoolExecutor.java:294)
	at java.util.concurrent.ThreadPoolExecutor.runWorker(ThreadPoolExecutor.java:1149)
	at java.util.concurrent.ThreadPoolExecutor$Worker.run(ThreadPoolExecutor.java:624)
	at java.lang.Thread.run(Thread.java:750)
2023-01-12 05:26:48,660 [CertificateLifetimeMonitor] ERROR client.DNCertificateClient (DefaultCertificateClient.java:run(1423)) - Failed to renew and store key and cert. Keep using existing certificates.
org.apache.hadoop.hdds.security.x509.exceptions.CertificateException: Error while creating new key pair.
	at org.apache.hadoop.hdds.security.x509.certificate.client.DefaultCertificateClient.renewAndStoreKeyAndCertificate(DefaultCertificateClient.java:1174)
	at org.apache.hadoop.hdds.security.x509.certificate.client.DefaultCertificateClient$CertificateLifetimeMonitor.run(DefaultCertificateClient.java:1413)
	at java.util.concurrent.Executors$RunnableAdapter.call(Executors.java:511)
	at java.util.concurrent.FutureTask.runAndReset(FutureTask.java:308)
	at java.util.concurrent.ScheduledThreadPoolExecutor$ScheduledFutureTask.access$301(ScheduledThreadPoolExecutor.java:180)
	at java.util.concurrent.ScheduledThreadPoolExecutor$ScheduledFutureTask.run(ScheduledThreadPoolExecutor.java:294)
	at java.util.concurrent.ThreadPoolExecutor.runWorker(ThreadPoolExecutor.java:1149)
	at java.util.concurrent.ThreadPoolExecutor$Worker.run(ThreadPoolExecutor.java:624)
	at java.lang.Thread.run(Thread.java:750)
Caused by: org.apache.hadoop.hdds.security.x509.exceptions.CertificateException: Error while bootstrapping certificate.
	at org.apache.hadoop.hdds.security.x509.certificate.client.DefaultCertificateClient.createKeyPair(DefaultCertificateClient.java:968)
	at org.apache.hadoop.hdds.security.x509.certificate.client.DefaultCertificateClient.renewAndStoreKeyAndCertificate(DefaultCertificateClient.java:1172)
	... 8 more
2023-01-12 05:26:48,929 [CertificateLifetimeMonitor] ERROR client.DNCertificateClient (DefaultCertificateClient.java:createKeyPair(967)) - Error while bootstrapping certificate client.
java.io.IOException: Private key already exist.
	at org.apache.hadoop.hdds.security.x509.keys.KeyCodec.writePublicKey(KeyCodec.java:197)
	at org.apache.hadoop.hdds.security.x509.certificate.client.DefaultCertificateClient.createKeyPair(DefaultCertificateClient.java:963)
	at org.apache.hadoop.hdds.security.x509.certificate.client.DefaultCertificateClient.renewAndStoreKeyAndCertificate(DefaultCertificateClient.java:1172)
	at org.apache.hadoop.hdds.security.x509.certificate.client.DefaultCertificateClient$CertificateLifetimeMonitor.run(DefaultCertificateClient.java:1413)
	at java.util.concurrent.Executors$RunnableAdapter.call(Executors.java:511)
	at java.util.concurrent.FutureTask.runAndReset(FutureTask.java:308)
	at java.util.concurrent.ScheduledThreadPoolExecutor$ScheduledFutureTask.access$301(ScheduledThreadPoolExecutor.java:180)
	at java.util.concurrent.ScheduledThreadPoolExecutor$ScheduledFutureTask.run(ScheduledThreadPoolExecutor.java:294)
	at java.util.concurrent.ThreadPoolExecutor.runWorker(ThreadPoolExecutor.java:1149)
	at java.util.concurrent.ThreadPoolExecutor$Worker.run(ThreadPoolExecutor.java:624)
	at java.lang.Thread.run(Thread.java:750)
2023-01-12 05:26:48,929 [CertificateLifetimeMonitor] ERROR client.DNCertificateClient (DefaultCertificateClient.java:run(1423)) - Failed to renew and store key and cert. Keep using existing certificates.
org.apache.hadoop.hdds.security.x509.exceptions.CertificateException: Error while creating new key pair.
	at org.apache.hadoop.hdds.security.x509.certificate.client.DefaultCertificateClient.renewAndStoreKeyAndCertificate(DefaultCertificateClient.java:1174)
	at org.apache.hadoop.hdds.security.x509.certificate.client.DefaultCertificateClient$CertificateLifetimeMonitor.run(DefaultCertificateClient.java:1413)
	at java.util.concurrent.Executors$RunnableAdapter.call(Executors.java:511)
	at java.util.concurrent.FutureTask.runAndReset(FutureTask.java:308)
	at java.util.concurrent.ScheduledThreadPoolExecutor$ScheduledFutureTask.access$301(ScheduledThreadPoolExecutor.java:180)
	at java.util.concurrent.ScheduledThreadPoolExecutor$ScheduledFutureTask.run(ScheduledThreadPoolExecutor.java:294)
	at java.util.concurrent.ThreadPoolExecutor.runWorker(ThreadPoolExecutor.java:1149)
	at java.util.concurrent.ThreadPoolExecutor$Worker.run(ThreadPoolExecutor.java:624)
	at java.lang.Thread.run(Thread.java:750)
Caused by: org.apache.hadoop.hdds.security.x509.exceptions.CertificateException: Error while bootstrapping certificate.
	at org.apache.hadoop.hdds.security.x509.certificate.client.DefaultCertificateClient.createKeyPair(DefaultCertificateClient.java:968)
	at org.apache.hadoop.hdds.security.x509.certificate.client.DefaultCertificateClient.renewAndStoreKeyAndCertificate(DefaultCertificateClient.java:1172)
	... 8 more
2023-01-12 05:26:48,938 [CertificateLifetimeMonitor] ERROR client.DNCertificateClient (DefaultCertificateClient.java:createKeyPair(967)) - Error while bootstrapping certificate client.
java.io.IOException: Private key already exist.
	at org.apache.hadoop.hdds.security.x509.keys.KeyCodec.writePublicKey(KeyCodec.java:197)
	at org.apache.hadoop.hdds.security.x509.certificate.client.DefaultCertificateClient.createKeyPair(DefaultCertificateClient.java:963)
	at org.apache.hadoop.hdds.security.x509.certificate.client.DefaultCertificateClient.renewAndStoreKeyAndCertificate(DefaultCertificateClient.java:1172)
	at org.apache.hadoop.hdds.security.x509.certificate.client.DefaultCertificateClient$CertificateLifetimeMonitor.run(DefaultCertificateClient.java:1413)
	at java.util.concurrent.Executors$RunnableAdapter.call(Executors.java:511)
	at java.util.concurrent.FutureTask.runAndReset(FutureTask.java:308)
	at java.util.concurrent.ScheduledThreadPoolExecutor$ScheduledFutureTask.access$301(ScheduledThreadPoolExecutor.java:180)
	at java.util.concurrent.ScheduledThreadPoolExecutor$ScheduledFutureTask.run(ScheduledThreadPoolExecutor.java:294)
	at java.util.concurrent.ThreadPoolExecutor.runWorker(ThreadPoolExecutor.java:1149)
	at java.util.concurrent.ThreadPoolExecutor$Worker.run(ThreadPoolExecutor.java:624)
	at java.lang.Thread.run(Thread.java:750)
2023-01-12 05:26:48,939 [CertificateLifetimeMonitor] ERROR client.DNCertificateClient (DefaultCertificateClient.java:run(1423)) - Failed to renew and store key and cert. Keep using existing certificates.
org.apache.hadoop.hdds.security.x509.exceptions.CertificateException: Error while creating new key pair.
	at org.apache.hadoop.hdds.security.x509.certificate.client.DefaultCertificateClient.renewAndStoreKeyAndCertificate(DefaultCertificateClient.java:1174)
	at org.apache.hadoop.hdds.security.x509.certificate.client.DefaultCertificateClient$CertificateLifetimeMonitor.run(DefaultCertificateClient.java:1413)
	at java.util.concurrent.Executors$RunnableAdapter.call(Executors.java:511)
	at java.util.concurrent.FutureTask.runAndReset(FutureTask.java:308)
	at java.util.concurrent.ScheduledThreadPoolExecutor$ScheduledFutureTask.access$301(ScheduledThreadPoolExecutor.java:180)
	at java.util.concurrent.ScheduledThreadPoolExecutor$ScheduledFutureTask.run(ScheduledThreadPoolExecutor.java:294)
	at java.util.concurrent.ThreadPoolExecutor.runWorker(ThreadPoolExecutor.java:1149)
	at java.util.concurrent.ThreadPoolExecutor$Worker.run(ThreadPoolExecutor.java:624)
	at java.lang.Thread.run(Thread.java:750)
Caused by: org.apache.hadoop.hdds.security.x509.exceptions.CertificateException: Error while bootstrapping certificate.
	at org.apache.hadoop.hdds.security.x509.certificate.client.DefaultCertificateClient.createKeyPair(DefaultCertificateClient.java:968)
	at org.apache.hadoop.hdds.security.x509.certificate.client.DefaultCertificateClient.renewAndStoreKeyAndCertificate(DefaultCertificateClient.java:1172)
	... 8 more
2023-01-12 05:26:49,269 [CertificateLifetimeMonitor] INFO  client.DNCertificateClient (DefaultCertificateClient.java:run(1410)) - Current certificate has entered the expiry grace period PT0S. Starting renew key and certs.
2023-01-12 05:26:49,556 [CertificateLifetimeMonitor] INFO  ozone.OzoneSecurityUtil (OzoneSecurityUtil.java:getValidInetsForCurrentHost(119)) - ip:fe80:0:0:0:222:48ff:feaa:f404%eth0 not returned.
2023-01-12 05:26:49,557 [CertificateLifetimeMonitor] INFO  ozone.OzoneSecurityUtil (OzoneSecurityUtil.java:getValidInetsForCurrentHost(116)) - Adding ip:10.1.0.17,host:fv-az205-554.k2gd1z4tyxsu3cbgyjsjq30zwf.jx.internal.cloudapp.net
2023-01-12 05:26:49,557 [CertificateLifetimeMonitor] INFO  ozone.OzoneSecurityUtil (OzoneSecurityUtil.java:getValidInetsForCurrentHost(119)) - ip:0:0:0:0:0:0:0:1%lo not returned.
2023-01-12 05:26:49,557 [CertificateLifetimeMonitor] INFO  ozone.OzoneSecurityUtil (OzoneSecurityUtil.java:getValidInetsForCurrentHost(119)) - ip:127.0.0.1 not returned.
2023-01-12 05:26:49,557 [CertificateLifetimeMonitor] INFO  client.DNCertificateClient (DNCertificateClient.java:getCSRBuilder(98)) - Created csr for DN-> subject:runner@fv-az205-554.k2gd1z4tyxsu3cbgyjsjq30zwf.jx.internal.cloudapp.net
2023-01-12 05:26:49,561 [CertificateLifetimeMonitor] ERROR client.DNCertificateClient (DNCertificateClient.java:signAndStoreCertificate(140)) - Error while signing and storing SCM signed certificate.
org.apache.hadoop.hdds.security.x509.exceptions.CertificateException: Unable to retrieve datanode certificate chain.
	at org.apache.hadoop.hdds.security.x509.certificate.client.DNCertificateClient.signAndStoreCertificate(DNCertificateClient.java:136)
	at org.apache.hadoop.hdds.security.x509.certificate.client.DefaultCertificateClient.renewAndStoreKeyAndCertificate(DefaultCertificateClient.java:1182)
	at org.apache.hadoop.hdds.security.x509.certificate.client.DefaultCertificateClient$CertificateLifetimeMonitor.run(DefaultCertificateClient.java:1413)
	at java.util.concurrent.Executors$RunnableAdapter.call(Executors.java:511)
	at java.util.concurrent.FutureTask.runAndReset(FutureTask.java:308)
	at java.util.concurrent.ScheduledThreadPoolExecutor$ScheduledFutureTask.access$301(ScheduledThreadPoolExecutor.java:180)
	at java.util.concurrent.ScheduledThreadPoolExecutor$ScheduledFutureTask.run(ScheduledThreadPoolExecutor.java:294)
	at java.util.concurrent.ThreadPoolExecutor.runWorker(ThreadPoolExecutor.java:1149)
	at java.util.concurrent.ThreadPoolExecutor$Worker.run(ThreadPoolExecutor.java:624)
	at java.lang.Thread.run(Thread.java:750)
2023-01-12 05:26:49,561 [CertificateLifetimeMonitor] ERROR client.DNCertificateClient (DefaultCertificateClient.java:run(1423)) - Failed to renew and store key and cert. Keep using existing certificates.
org.apache.hadoop.hdds.security.x509.exceptions.CertificateException: Error while signing and storing new certificates.
	at org.apache.hadoop.hdds.security.x509.certificate.client.DefaultCertificateClient.renewAndStoreKeyAndCertificate(DefaultCertificateClient.java:1185)
	at org.apache.hadoop.hdds.security.x509.certificate.client.DefaultCertificateClient$CertificateLifetimeMonitor.run(DefaultCertificateClient.java:1413)
	at java.util.concurrent.Executors$RunnableAdapter.call(Executors.java:511)
	at java.util.concurrent.FutureTask.runAndReset(FutureTask.java:308)
	at java.util.concurrent.ScheduledThreadPoolExecutor$ScheduledFutureTask.access$301(ScheduledThreadPoolExecutor.java:180)
	at java.util.concurrent.ScheduledThreadPoolExecutor$ScheduledFutureTask.run(ScheduledThreadPoolExecutor.java:294)
	at java.util.concurrent.ThreadPoolExecutor.runWorker(ThreadPoolExecutor.java:1149)
	at java.util.concurrent.ThreadPoolExecutor$Worker.run(ThreadPoolExecutor.java:624)
	at java.lang.Thread.run(Thread.java:750)
Caused by: org.apache.hadoop.hdds.security.x509.exceptions.CertificateException: Error while signing and storing SCM signed certificate.
	at org.apache.hadoop.hdds.security.x509.certificate.client.DNCertificateClient.signAndStoreCertificate(DNCertificateClient.java:141)
	at org.apache.hadoop.hdds.security.x509.certificate.client.DefaultCertificateClient.renewAndStoreKeyAndCertificate(DefaultCertificateClient.java:1182)
	... 8 more
Caused by: org.apache.hadoop.hdds.security.x509.exceptions.CertificateException: Unable to retrieve datanode certificate chain.
	at org.apache.hadoop.hdds.security.x509.certificate.client.DNCertificateClient.signAndStoreCertificate(DNCertificateClient.java:136)
	... 9 more
2023-01-12 05:26:49,561 [CertificateLifetimeMonitor] INFO  client.DNCertificateClient (DefaultCertificateClient.java:run(1410)) - Current certificate has entered the expiry grace period PT0S. Starting renew key and certs.
2023-01-12 05:26:49,770 [CertificateLifetimeMonitor] INFO  ozone.OzoneSecurityUtil (OzoneSecurityUtil.java:getValidInetsForCurrentHost(119)) - ip:fe80:0:0:0:222:48ff:feaa:f404%eth0 not returned.
2023-01-12 05:26:49,771 [CertificateLifetimeMonitor] INFO  ozone.OzoneSecurityUtil (OzoneSecurityUtil.java:getValidInetsForCurrentHost(116)) - Adding ip:10.1.0.17,host:fv-az205-554.k2gd1z4tyxsu3cbgyjsjq30zwf.jx.internal.cloudapp.net
2023-01-12 05:26:49,771 [CertificateLifetimeMonitor] INFO  ozone.OzoneSecurityUtil (OzoneSecurityUtil.java:getValidInetsForCurrentHost(119)) - ip:0:0:0:0:0:0:0:1%lo not returned.
2023-01-12 05:26:49,771 [CertificateLifetimeMonitor] INFO  ozone.OzoneSecurityUtil (OzoneSecurityUtil.java:getValidInetsForCurrentHost(119)) - ip:127.0.0.1 not returned.
2023-01-12 05:26:49,772 [CertificateLifetimeMonitor] INFO  client.DNCertificateClient (DNCertificateClient.java:getCSRBuilder(98)) - Created csr for DN-> subject:runner@fv-az205-554.k2gd1z4tyxsu3cbgyjsjq30zwf.jx.internal.cloudapp.net
2023-01-12 05:26:49,775 [CertificateLifetimeMonitor] ERROR client.DNCertificateClient (DNCertificateClient.java:signAndStoreCertificate(140)) - Error while signing and storing SCM signed certificate.
org.apache.hadoop.hdds.security.x509.exceptions.CertificateException: Unable to retrieve datanode certificate chain.
	at org.apache.hadoop.hdds.security.x509.certificate.client.DNCertificateClient.signAndStoreCertificate(DNCertificateClient.java:136)
	at org.apache.hadoop.hdds.security.x509.certificate.client.DefaultCertificateClient.renewAndStoreKeyAndCertificate(DefaultCertificateClient.java:1182)
	at org.apache.hadoop.hdds.security.x509.certificate.client.DefaultCertificateClient$CertificateLifetimeMonitor.run(DefaultCertificateClient.java:1413)
	at java.util.concurrent.Executors$RunnableAdapter.call(Executors.java:511)
	at java.util.concurrent.FutureTask.runAndReset(FutureTask.java:308)
	at java.util.concurrent.ScheduledThreadPoolExecutor$ScheduledFutureTask.access$301(ScheduledThreadPoolExecutor.java:180)
	at java.util.concurrent.ScheduledThreadPoolExecutor$ScheduledFutureTask.run(ScheduledThreadPoolExecutor.java:294)
	at java.util.concurrent.ThreadPoolExecutor.runWorker(ThreadPoolExecutor.java:1149)
	at java.util.concurrent.ThreadPoolExecutor$Worker.run(ThreadPoolExecutor.java:624)
	at java.lang.Thread.run(Thread.java:750)
2023-01-12 05:26:49,776 [CertificateLifetimeMonitor] ERROR client.DNCertificateClient (DefaultCertificateClient.java:run(1423)) - Failed to renew and store key and cert. Keep using existing certificates.
org.apache.hadoop.hdds.security.x509.exceptions.CertificateException: Error while signing and storing new certificates.
	at org.apache.hadoop.hdds.security.x509.certificate.client.DefaultCertificateClient.renewAndStoreKeyAndCertificate(DefaultCertificateClient.java:1185)
	at org.apache.hadoop.hdds.security.x509.certificate.client.DefaultCertificateClient$CertificateLifetimeMonitor.run(DefaultCertificateClient.java:1413)
	at java.util.concurrent.Executors$RunnableAdapter.call(Executors.java:511)
	at java.util.concurrent.FutureTask.runAndReset(FutureTask.java:308)
	at java.util.concurrent.ScheduledThreadPoolExecutor$ScheduledFutureTask.access$301(ScheduledThreadPoolExecutor.java:180)
	at java.util.concurrent.ScheduledThreadPoolExecutor$ScheduledFutureTask.run(ScheduledThreadPoolExecutor.java:294)
	at java.util.concurrent.ThreadPoolExecutor.runWorker(ThreadPoolExecutor.java:1149)
	at java.util.concurrent.ThreadPoolExecutor$Worker.run(ThreadPoolExecutor.java:624)
	at java.lang.Thread.run(Thread.java:750)
Caused by: org.apache.hadoop.hdds.security.x509.exceptions.CertificateException: Error while signing and storing SCM signed certificate.
	at org.apache.hadoop.hdds.security.x509.certificate.client.DNCertificateClient.signAndStoreCertificate(DNCertificateClient.java:141)
	at org.apache.hadoop.hdds.security.x509.certificate.client.DefaultCertificateClient.renewAndStoreKeyAndCertificate(DefaultCertificateClient.java:1182)
	... 8 more
Caused by: org.apache.hadoop.hdds.security.x509.exceptions.CertificateException: Unable to retrieve datanode certificate chain.
	at org.apache.hadoop.hdds.security.x509.certificate.client.DNCertificateClient.signAndStoreCertificate(DNCertificateClient.java:136)
	... 9 more
2023-01-12 05:26:49,996 [CertificateLifetimeMonitor] INFO  client.DNCertificateClient (DefaultCertificateClient.java:run(1410)) - Current certificate has entered the expiry grace period PT0S. Starting renew key and certs.
2023-01-12 05:26:49,996 [CertificateLifetimeMonitor] INFO  client.DNCertificateClient (DefaultCertificateClient.java:run(1410)) - Current certificate has entered the expiry grace period PT0S. Starting renew key and certs.
2023-01-12 05:26:49,997 [CertificateLifetimeMonitor] ERROR client.DNCertificateClient (DefaultCertificateClient.java:run(1423)) - Failed to renew and store key and cert. Keep using existing certificates.
org.apache.hadoop.hdds.security.x509.exceptions.CertificateException: Error while deleting/creating /home/runner/work/ozone/ozone/hadoop-hdds/container-service/target/test-dir/cYBBMTvROp/dn/keys-next or /home/runner/work/ozone/ozone/hadoop-hdds/container-service/target/test-dir/cYBBMTvROp/dn/certs-next directories to cleanup  certificate storage. 
	at org.apache.hadoop.hdds.security.x509.certificate.client.DefaultCertificateClient.renewAndStoreKeyAndCertificate(DefaultCertificateClient.java:1163)
	at org.apache.hadoop.hdds.security.x509.certificate.client.DefaultCertificateClient$CertificateLifetimeMonitor.run(DefaultCertificateClient.java:1413)
	at java.util.concurrent.Executors$RunnableAdapter.call(Executors.java:511)
	at java.util.concurrent.FutureTask.runAndReset(FutureTask.java:308)
	at java.util.concurrent.ScheduledThreadPoolExecutor$ScheduledFutureTask.access$301(ScheduledThreadPoolExecutor.java:180)
	at java.util.concurrent.ScheduledThreadPoolExecutor$ScheduledFutureTask.run(ScheduledThreadPoolExecutor.java:294)
	at java.util.concurrent.ThreadPoolExecutor.runWorker(ThreadPoolExecutor.java:1149)
	at java.util.concurrent.ThreadPoolExecutor$Worker.run(ThreadPoolExecutor.java:624)
	at java.lang.Thread.run(Thread.java:750)
Caused by: org.apache.commons.io.IOExceptionList: /home/runner/work/ozone/ozone/hadoop-hdds/container-service/target/test-dir/cYBBMTvROp/dn/keys-next
	at org.apache.commons.io.FileUtils.cleanDirectory(FileUtils.java:331)
	at org.apache.commons.io.FileUtils.deleteDirectory(FileUtils.java:1192)
	at org.apache.hadoop.hdds.security.x509.certificate.client.DefaultCertificateClient.renewAndStoreKeyAndCertificate(DefaultCertificateClient.java:1158)
	... 8 more
Caused by: java.io.FileNotFoundException: File does not exist: /home/runner/work/ozone/ozone/hadoop-hdds/container-service/target/test-dir/cYBBMTvROp/dn/keys-next/private.pem
	at org.apache.commons.io.FileUtils.forceDelete(FileUtils.java:1349)
	at org.apache.commons.io.FileUtils.cleanDirectory(FileUtils.java:324)
	... 10 more
2023-01-12 05:26:49,996 [CertificateLifetimeMonitor] INFO  client.DNCertificateClient (DefaultCertificateClient.java:run(1410)) - Current certificate has entered the expiry grace period PT0S. Starting renew key and certs.
2023-01-12 05:26:49,998 [CertificateLifetimeMonitor] INFO  client.DNCertificateClient (DefaultCertificateClient.java:run(1410)) - Current certificate has entered the expiry grace period PT0S. Starting renew key and certs.
2023-01-12 05:26:49,997 [CertificateLifetimeMonitor] ERROR client.DNCertificateClient (DefaultCertificateClient.java:run(1423)) - Failed to renew and store key and cert. Keep using existing certificates.
org.apache.hadoop.hdds.security.x509.exceptions.CertificateException: Error while deleting/creating /home/runner/work/ozone/ozone/hadoop-hdds/container-service/target/test-dir/cYBBMTvROp/dn/keys-next or /home/runner/work/ozone/ozone/hadoop-hdds/container-service/target/test-dir/cYBBMTvROp/dn/certs-next directories to cleanup  certificate storage. 
	at org.apache.hadoop.hdds.security.x509.certificate.client.DefaultCertificateClient.renewAndStoreKeyAndCertificate(DefaultCertificateClient.java:1163)
	at org.apache.hadoop.hdds.security.x509.certificate.client.DefaultCertificateClient$CertificateLifetimeMonitor.run(DefaultCertificateClient.java:1413)
	at java.util.concurrent.Executors$RunnableAdapter.call(Executors.java:511)
	at java.util.concurrent.FutureTask.runAndReset(FutureTask.java:308)
	at java.util.concurrent.ScheduledThreadPoolExecutor$ScheduledFutureTask.access$301(ScheduledThreadPoolExecutor.java:180)
	at java.util.concurrent.ScheduledThreadPoolExecutor$ScheduledFutureTask.run(ScheduledThreadPoolExecutor.java:294)
	at java.util.concurrent.ThreadPoolExecutor.runWorker(ThreadPoolExecutor.java:1149)
	at java.util.concurrent.ThreadPoolExecutor$Worker.run(ThreadPoolExecutor.java:624)
	at java.lang.Thread.run(Thread.java:750)
Caused by: org.apache.commons.io.IOExceptionList: /home/runner/work/ozone/ozone/hadoop-hdds/container-service/target/test-dir/cYBBMTvROp/dn/keys-next
	at org.apache.commons.io.FileUtils.cleanDirectory(FileUtils.java:331)
	at org.apache.commons.io.FileUtils.deleteDirectory(FileUtils.java:1192)
	at org.apache.hadoop.hdds.security.x509.certificate.client.DefaultCertificateClient.renewAndStoreKeyAndCertificate(DefaultCertificateClient.java:1158)
	... 8 more
Caused by: java.io.FileNotFoundException: File does not exist: /home/runner/work/ozone/ozone/hadoop-hdds/container-service/target/test-dir/cYBBMTvROp/dn/keys-next/public.pem
	at org.apache.commons.io.FileUtils.forceDelete(FileUtils.java:1349)
	at org.apache.commons.io.FileUtils.cleanDirectory(FileUtils.java:324)
	... 10 more
2023-01-12 05:26:50,000 [CertificateLifetimeMonitor] INFO  client.DNCertificateClient (DefaultCertificateClient.java:run(1410)) - Current certificate has entered the expiry grace period PT0S. Starting renew key and certs.
2023-01-12 05:26:50,234 [CertificateLifetimeMonitor] INFO  ozone.OzoneSecurityUtil (OzoneSecurityUtil.java:getValidInetsForCurrentHost(119)) - ip:fe80:0:0:0:222:48ff:feaa:f404%eth0 not returned.
2023-01-12 05:26:50,235 [CertificateLifetimeMonitor] INFO  ozone.OzoneSecurityUtil (OzoneSecurityUtil.java:getValidInetsForCurrentHost(116)) - Adding ip:10.1.0.17,host:fv-az205-554.k2gd1z4tyxsu3cbgyjsjq30zwf.jx.internal.cloudapp.net
2023-01-12 05:26:50,235 [CertificateLifetimeMonitor] INFO  ozone.OzoneSecurityUtil (OzoneSecurityUtil.java:getValidInetsForCurrentHost(119)) - ip:0:0:0:0:0:0:0:1%lo not returned.
2023-01-12 05:26:50,235 [CertificateLifetimeMonitor] INFO  ozone.OzoneSecurityUtil (OzoneSecurityUtil.java:getValidInetsForCurrentHost(119)) - ip:127.0.0.1 not returned.
2023-01-12 05:26:50,235 [CertificateLifetimeMonitor] INFO  client.DNCertificateClient (DNCertificateClient.java:getCSRBuilder(98)) - Created csr for DN-> subject:runner@fv-az205-554.k2gd1z4tyxsu3cbgyjsjq30zwf.jx.internal.cloudapp.net
2023-01-12 05:26:50,247 [CertificateLifetimeMonitor] ERROR client.DNCertificateClient (DefaultCertificateClient.java:run(1423)) - Failed to renew and store key and cert. Keep using existing certificates.
org.apache.hadoop.hdds.security.x509.exceptions.CertificateException: Error while signing and storing new certificates.
	at org.apache.hadoop.hdds.security.x509.certificate.client.DefaultCertificateClient.renewAndStoreKeyAndCertificate(DefaultCertificateClient.java:1185)
	at org.apache.hadoop.hdds.security.x509.certificate.client.DefaultCertificateClient$CertificateLifetimeMonitor.run(DefaultCertificateClient.java:1413)
	at java.util.concurrent.Executors$RunnableAdapter.call(Executors.java:511)
	at java.util.concurrent.FutureTask.runAndReset(FutureTask.java:308)
	at java.util.concurrent.ScheduledThreadPoolExecutor$ScheduledFutureTask.access$301(ScheduledThreadPoolExecutor.java:180)
	at java.util.concurrent.ScheduledThreadPoolExecutor$ScheduledFutureTask.run(ScheduledThreadPoolExecutor.java:294)
	at java.util.concurrent.ThreadPoolExecutor.runWorker(ThreadPoolExecutor.java:1149)
	at java.util.concurrent.ThreadPoolExecutor$Worker.run(ThreadPoolExecutor.java:624)
	at java.lang.Thread.run(Thread.java:750)
Caused by: org.apache.hadoop.hdds.conf.ConfigurationException: SCM Client Address could not be obtained from config. Config is not properly defined
	at org.apache.hadoop.hdds.scm.proxy.SCMSecurityProtocolFailoverProxyProvider.loadConfigs(SCMSecurityProtocolFailoverProxyProvider.java:120)
	at org.apache.hadoop.hdds.scm.proxy.SCMSecurityProtocolFailoverProxyProvider.<init>(SCMSecurityProtocolFailoverProxyProvider.java:105)
	at org.apache.hadoop.hdds.utils.HddsServerUtil.getScmSecurityClientWithMaxRetry(HddsServerUtil.java:467)
	at org.apache.hadoop.hdds.security.x509.certificate.client.DefaultCertificateClient.getScmSecureClient(DefaultCertificateClient.java:1363)
	at org.apache.hadoop.hdds.security.x509.certificate.client.DNCertificateClient.signAndStoreCertificate(DNCertificateClient.java:113)
	at org.apache.hadoop.hdds.security.x509.certificate.client.DefaultCertificateClient.renewAndStoreKeyAndCertificate(DefaultCertificateClient.java:1182)
	... 8 more
2023-01-12 05:26:50,492 [CertificateLifetimeMonitor] ERROR client.DNCertificateClient (DefaultCertificateClient.java:createKeyPair(967)) - Error while bootstrapping certificate client.
java.io.IOException: Private key already exist.
	at org.apache.hadoop.hdds.security.x509.keys.KeyCodec.writePublicKey(KeyCodec.java:197)
	at org.apache.hadoop.hdds.security.x509.certificate.client.DefaultCertificateClient.createKeyPair(DefaultCertificateClient.java:963)
	at org.apache.hadoop.hdds.security.x509.certificate.client.DefaultCertificateClient.renewAndStoreKeyAndCertificate(DefaultCertificateClient.java:1172)
	at org.apache.hadoop.hdds.security.x509.certificate.client.DefaultCertificateClient$CertificateLifetimeMonitor.run(DefaultCertificateClient.java:1413)
	at java.util.concurrent.Executors$RunnableAdapter.call(Executors.java:511)
	at java.util.concurrent.FutureTask.runAndReset(FutureTask.java:308)
	at java.util.concurrent.ScheduledThreadPoolExecutor$ScheduledFutureTask.access$301(ScheduledThreadPoolExecutor.java:180)
	at java.util.concurrent.ScheduledThreadPoolExecutor$ScheduledFutureTask.run(ScheduledThreadPoolExecutor.java:294)
	at java.util.concurrent.ThreadPoolExecutor.runWorker(ThreadPoolExecutor.java:1149)
	at java.util.concurrent.ThreadPoolExecutor$Worker.run(ThreadPoolExecutor.java:624)
	at java.lang.Thread.run(Thread.java:750)
2023-01-12 05:26:50,492 [CertificateLifetimeMonitor] ERROR client.DNCertificateClient (DefaultCertificateClient.java:run(1423)) - Failed to renew and store key and cert. Keep using existing certificates.
org.apache.hadoop.hdds.security.x509.exceptions.CertificateException: Error while creating new key pair.
	at org.apache.hadoop.hdds.security.x509.certificate.client.DefaultCertificateClient.renewAndStoreKeyAndCertificate(DefaultCertificateClient.java:1174)
	at org.apache.hadoop.hdds.security.x509.certificate.client.DefaultCertificateClient$CertificateLifetimeMonitor.run(DefaultCertificateClient.java:1413)
	at java.util.concurrent.Executors$RunnableAdapter.call(Executors.java:511)
	at java.util.concurrent.FutureTask.runAndReset(FutureTask.java:308)
	at java.util.concurrent.ScheduledThreadPoolExecutor$ScheduledFutureTask.access$301(ScheduledThreadPoolExecutor.java:180)
	at java.util.concurrent.ScheduledThreadPoolExecutor$ScheduledFutureTask.run(ScheduledThreadPoolExecutor.java:294)
	at java.util.concurrent.ThreadPoolExecutor.runWorker(ThreadPoolExecutor.java:1149)
	at java.util.concurrent.ThreadPoolExecutor$Worker.run(ThreadPoolExecutor.java:624)
	at java.lang.Thread.run(Thread.java:750)
Caused by: org.apache.hadoop.hdds.security.x509.exceptions.CertificateException: Error while bootstrapping certificate.
	at org.apache.hadoop.hdds.security.x509.certificate.client.DefaultCertificateClient.createKeyPair(DefaultCertificateClient.java:968)
	at org.apache.hadoop.hdds.security.x509.certificate.client.DefaultCertificateClient.renewAndStoreKeyAndCertificate(DefaultCertificateClient.java:1172)
	... 8 more
2023-01-12 05:26:50,493 [CertificateLifetimeMonitor] INFO  client.DNCertificateClient (DefaultCertificateClient.java:run(1410)) - Current certificate has entered the expiry grace period PT0S. Starting renew key and certs.
2023-01-12 05:26:50,570 [CertificateLifetimeMonitor] INFO  ozone.OzoneSecurityUtil (OzoneSecurityUtil.java:getValidInetsForCurrentHost(119)) - ip:fe80:0:0:0:222:48ff:feaa:f404%eth0 not returned.
2023-01-12 05:26:50,570 [CertificateLifetimeMonitor] INFO  ozone.OzoneSecurityUtil (OzoneSecurityUtil.java:getValidInetsForCurrentHost(116)) - Adding ip:10.1.0.17,host:fv-az205-554.k2gd1z4tyxsu3cbgyjsjq30zwf.jx.internal.cloudapp.net
2023-01-12 05:26:50,571 [CertificateLifetimeMonitor] INFO  ozone.OzoneSecurityUtil (OzoneSecurityUtil.java:getValidInetsForCurrentHost(119)) - ip:0:0:0:0:0:0:0:1%lo not returned.
2023-01-12 05:26:50,571 [CertificateLifetimeMonitor] INFO  ozone.OzoneSecurityUtil (OzoneSecurityUtil.java:getValidInetsForCurrentHost(119)) - ip:127.0.0.1 not returned.
2023-01-12 05:26:50,571 [CertificateLifetimeMonitor] INFO  client.DNCertificateClient (DNCertificateClient.java:getCSRBuilder(98)) - Created csr for DN-> subject:runner@fv-az205-554.k2gd1z4tyxsu3cbgyjsjq30zwf.jx.internal.cloudapp.net
2023-01-12 05:26:50,575 [CertificateLifetimeMonitor] ERROR client.DNCertificateClient (DefaultCertificateClient.java:run(1423)) - Failed to renew and store key and cert. Keep using existing certificates.
org.apache.hadoop.hdds.security.x509.exceptions.CertificateException: Error while signing and storing new certificates.
	at org.apache.hadoop.hdds.security.x509.certificate.client.DefaultCertificateClient.renewAndStoreKeyAndCertificate(DefaultCertificateClient.java:1185)
	at org.apache.hadoop.hdds.security.x509.certificate.client.DefaultCertificateClient$CertificateLifetimeMonitor.run(DefaultCertificateClient.java:1413)
	at java.util.concurrent.Executors$RunnableAdapter.call(Executors.java:511)
	at java.util.concurrent.FutureTask.runAndReset(FutureTask.java:308)
	at java.util.concurrent.ScheduledThreadPoolExecutor$ScheduledFutureTask.access$301(ScheduledThreadPoolExecutor.java:180)
	at java.util.concurrent.ScheduledThreadPoolExecutor$ScheduledFutureTask.run(ScheduledThreadPoolExecutor.java:294)
	at java.util.concurrent.ThreadPoolExecutor.runWorker(ThreadPoolExecutor.java:1149)
	at java.util.concurrent.ThreadPoolExecutor$Worker.run(ThreadPoolExecutor.java:624)
	at java.lang.Thread.run(Thread.java:750)
Caused by: org.apache.hadoop.hdds.conf.ConfigurationException: SCM Client Address could not be obtained from config. Config is not properly defined
	at org.apache.hadoop.hdds.scm.proxy.SCMSecurityProtocolFailoverProxyProvider.loadConfigs(SCMSecurityProtocolFailoverProxyProvider.java:120)
	at org.apache.hadoop.hdds.scm.proxy.SCMSecurityProtocolFailoverProxyProvider.<init>(SCMSecurityProtocolFailoverProxyProvider.java:105)
	at org.apache.hadoop.hdds.utils.HddsServerUtil.getScmSecurityClientWithMaxRetry(HddsServerUtil.java:467)
	at org.apache.hadoop.hdds.security.x509.certificate.client.DefaultCertificateClient.getScmSecureClient(DefaultCertificateClient.java:1363)
	at org.apache.hadoop.hdds.security.x509.certificate.client.DNCertificateClient.signAndStoreCertificate(DNCertificateClient.java:113)
	at org.apache.hadoop.hdds.security.x509.certificate.client.DefaultCertificateClient.renewAndStoreKeyAndCertificate(DefaultCertificateClient.java:1182)
	... 8 more
2023-01-12 05:26:50,719 [CertificateLifetimeMonitor] ERROR client.DNCertificateClient (DefaultCertificateClient.java:createKeyPair(967)) - Error while bootstrapping certificate client.
java.io.IOException: Private key already exist.
	at org.apache.hadoop.hdds.security.x509.keys.KeyCodec.writePublicKey(KeyCodec.java:197)
	at org.apache.hadoop.hdds.security.x509.certificate.client.DefaultCertificateClient.createKeyPair(DefaultCertificateClient.java:963)
	at org.apache.hadoop.hdds.security.x509.certificate.client.DefaultCertificateClient.renewAndStoreKeyAndCertificate(DefaultCertificateClient.java:1172)
	at org.apache.hadoop.hdds.security.x509.certificate.client.DefaultCertificateClient$CertificateLifetimeMonitor.run(DefaultCertificateClient.java:1413)
	at java.util.concurrent.Executors$RunnableAdapter.call(Executors.java:511)
	at java.util.concurrent.FutureTask.runAndReset(FutureTask.java:308)
	at java.util.concurrent.ScheduledThreadPoolExecutor$ScheduledFutureTask.access$301(ScheduledThreadPoolExecutor.java:180)
	at java.util.concurrent.ScheduledThreadPoolExecutor$ScheduledFutureTask.run(ScheduledThreadPoolExecutor.java:294)
	at java.util.concurrent.ThreadPoolExecutor.runWorker(ThreadPoolExecutor.java:1149)
	at java.util.concurrent.ThreadPoolExecutor$Worker.run(ThreadPoolExecutor.java:624)
	at java.lang.Thread.run(Thread.java:750)
2023-01-12 05:26:50,719 [CertificateLifetimeMonitor] ERROR client.DNCertificateClient (DefaultCertificateClient.java:run(1423)) - Failed to renew and store key and cert. Keep using existing certificates.
org.apache.hadoop.hdds.security.x509.exceptions.CertificateException: Error while creating new key pair.
	at org.apache.hadoop.hdds.security.x509.certificate.client.DefaultCertificateClient.renewAndStoreKeyAndCertificate(DefaultCertificateClient.java:1174)
	at org.apache.hadoop.hdds.security.x509.certificate.client.DefaultCertificateClient$CertificateLifetimeMonitor.run(DefaultCertificateClient.java:1413)
	at java.util.concurrent.Executors$RunnableAdapter.call(Executors.java:511)
	at java.util.concurrent.FutureTask.runAndReset(FutureTask.java:308)
	at java.util.concurrent.ScheduledThreadPoolExecutor$ScheduledFutureTask.access$301(ScheduledThreadPoolExecutor.java:180)
	at java.util.concurrent.ScheduledThreadPoolExecutor$ScheduledFutureTask.run(ScheduledThreadPoolExecutor.java:294)
	at java.util.concurrent.ThreadPoolExecutor.runWorker(ThreadPoolExecutor.java:1149)
	at java.util.concurrent.ThreadPoolExecutor$Worker.run(ThreadPoolExecutor.java:624)
	at java.lang.Thread.run(Thread.java:750)
Caused by: org.apache.hadoop.hdds.security.x509.exceptions.CertificateException: Error while bootstrapping certificate.
	at org.apache.hadoop.hdds.security.x509.certificate.client.DefaultCertificateClient.createKeyPair(DefaultCertificateClient.java:968)
	at org.apache.hadoop.hdds.security.x509.certificate.client.DefaultCertificateClient.renewAndStoreKeyAndCertificate(DefaultCertificateClient.java:1172)
	... 8 more
2023-01-12 05:26:50,935 [CertificateLifetimeMonitor] INFO  client.DNCertificateClient (DefaultCertificateClient.java:run(1410)) - Current certificate has entered the expiry grace period PT0S. Starting renew key and certs.
2023-01-12 05:26:51,016 [CertificateLifetimeMonitor] INFO  ozone.OzoneSecurityUtil (OzoneSecurityUtil.java:getValidInetsForCurrentHost(119)) - ip:fe80:0:0:0:222:48ff:feaa:f404%eth0 not returned.
2023-01-12 05:26:51,017 [CertificateLifetimeMonitor] INFO  ozone.OzoneSecurityUtil (OzoneSecurityUtil.java:getValidInetsForCurrentHost(116)) - Adding ip:10.1.0.17,host:fv-az205-554.k2gd1z4tyxsu3cbgyjsjq30zwf.jx.internal.cloudapp.net
2023-01-12 05:26:51,017 [CertificateLifetimeMonitor] INFO  ozone.OzoneSecurityUtil (OzoneSecurityUtil.java:getValidInetsForCurrentHost(119)) - ip:0:0:0:0:0:0:0:1%lo not returned.
2023-01-12 05:26:51,017 [CertificateLifetimeMonitor] INFO  ozone.OzoneSecurityUtil (OzoneSecurityUtil.java:getValidInetsForCurrentHost(119)) - ip:127.0.0.1 not returned.
2023-01-12 05:26:51,018 [CertificateLifetimeMonitor] INFO  client.DNCertificateClient (DNCertificateClient.java:getCSRBuilder(98)) - Created csr for DN-> subject:runner@fv-az205-554.k2gd1z4tyxsu3cbgyjsjq30zwf.jx.internal.cloudapp.net
2023-01-12 05:26:51,021 [CertificateLifetimeMonitor] ERROR client.DNCertificateClient (DNCertificateClient.java:signAndStoreCertificate(140)) - Error while signing and storing SCM signed certificate.
org.apache.hadoop.hdds.security.x509.exceptions.CertificateException: Unable to retrieve datanode certificate chain.
	at org.apache.hadoop.hdds.security.x509.certificate.client.DNCertificateClient.signAndStoreCertificate(DNCertificateClient.java:136)
	at org.apache.hadoop.hdds.security.x509.certificate.client.DefaultCertificateClient.renewAndStoreKeyAndCertificate(DefaultCertificateClient.java:1182)
	at org.apache.hadoop.hdds.security.x509.certificate.client.DefaultCertificateClient$CertificateLifetimeMonitor.run(DefaultCertificateClient.java:1413)
	at java.util.concurrent.Executors$RunnableAdapter.call(Executors.java:511)
	at java.util.concurrent.FutureTask.runAndReset(FutureTask.java:308)
	at java.util.concurrent.ScheduledThreadPoolExecutor$ScheduledFutureTask.access$301(ScheduledThreadPoolExecutor.java:180)
	at java.util.concurrent.ScheduledThreadPoolExecutor$ScheduledFutureTask.run(ScheduledThreadPoolExecutor.java:294)
	at java.util.concurrent.ThreadPoolExecutor.runWorker(ThreadPoolExecutor.java:1149)
	at java.util.concurrent.ThreadPoolExecutor$Worker.run(ThreadPoolExecutor.java:624)
	at java.lang.Thread.run(Thread.java:750)
2023-01-12 05:26:51,021 [CertificateLifetimeMonitor] ERROR client.DNCertificateClient (DefaultCertificateClient.java:run(1423)) - Failed to renew and store key and cert. Keep using existing certificates.
org.apache.hadoop.hdds.security.x509.exceptions.CertificateException: Error while signing and storing new certificates.
	at org.apache.hadoop.hdds.security.x509.certificate.client.DefaultCertificateClient.renewAndStoreKeyAndCertificate(DefaultCertificateClient.java:1185)
	at org.apache.hadoop.hdds.security.x509.certificate.client.DefaultCertificateClient$CertificateLifetimeMonitor.run(DefaultCertificateClient.java:1413)
	at java.util.concurrent.Executors$RunnableAdapter.call(Executors.java:511)
	at java.util.concurrent.FutureTask.runAndReset(FutureTask.java:308)
	at java.util.concurrent.ScheduledThreadPoolExecutor$ScheduledFutureTask.access$301(ScheduledThreadPoolExecutor.java:180)
	at java.util.concurrent.ScheduledThreadPoolExecutor$ScheduledFutureTask.run(ScheduledThreadPoolExecutor.java:294)
	at java.util.concurrent.ThreadPoolExecutor.runWorker(ThreadPoolExecutor.java:1149)
	at java.util.concurrent.ThreadPoolExecutor$Worker.run(ThreadPoolExecutor.java:624)
	at java.lang.Thread.run(Thread.java:750)
Caused by: org.apache.hadoop.hdds.security.x509.exceptions.CertificateException: Error while signing and storing SCM signed certificate.
	at org.apache.hadoop.hdds.security.x509.certificate.client.DNCertificateClient.signAndStoreCertificate(DNCertificateClient.java:141)
	at org.apache.hadoop.hdds.security.x509.certificate.client.DefaultCertificateClient.renewAndStoreKeyAndCertificate(DefaultCertificateClient.java:1182)
	... 8 more
Caused by: org.apache.hadoop.hdds.security.x509.exceptions.CertificateException: Unable to retrieve datanode certificate chain.
	at org.apache.hadoop.hdds.security.x509.certificate.client.DNCertificateClient.signAndStoreCertificate(DNCertificateClient.java:136)
	... 9 more
2023-01-12 05:26:51,022 [CertificateLifetimeMonitor] INFO  client.DNCertificateClient (DefaultCertificateClient.java:run(1410)) - Current certificate has entered the expiry grace period PT0S. Starting renew key and certs.
2023-01-12 05:26:51,662 [CertificateLifetimeMonitor] INFO  client.DNCertificateClient (DefaultCertificateClient.java:run(1410)) - Current certificate has entered the expiry grace period PT0S. Starting renew key and certs.
2023-01-12 05:26:51,662 [CertificateLifetimeMonitor] INFO  client.DNCertificateClient (DefaultCertificateClient.java:run(1410)) - Current certificate has entered the expiry grace period PT0S. Starting renew key and certs.
2023-01-12 05:26:51,663 [CertificateLifetimeMonitor] ERROR client.DNCertificateClient (DefaultCertificateClient.java:run(1423)) - Failed to renew and store key and cert. Keep using existing certificates.
org.apache.hadoop.hdds.security.x509.exceptions.CertificateException: Error while deleting/creating /home/runner/work/ozone/ozone/hadoop-hdds/container-service/target/test-dir/cYBBMTvROp/dn/keys-next or /home/runner/work/ozone/ozone/hadoop-hdds/container-service/target/test-dir/cYBBMTvROp/dn/certs-next directories to cleanup  certificate storage. 
	at org.apache.hadoop.hdds.security.x509.certificate.client.DefaultCertificateClient.renewAndStoreKeyAndCertificate(DefaultCertificateClient.java:1163)
	at org.apache.hadoop.hdds.security.x509.certificate.client.DefaultCertificateClient$CertificateLifetimeMonitor.run(DefaultCertificateClient.java:1413)
	at java.util.concurrent.Executors$RunnableAdapter.call(Executors.java:511)
	at java.util.concurrent.FutureTask.runAndReset(FutureTask.java:308)
	at java.util.concurrent.ScheduledThreadPoolExecutor$ScheduledFutureTask.access$301(ScheduledThreadPoolExecutor.java:180)
	at java.util.concurrent.ScheduledThreadPoolExecutor$ScheduledFutureTask.run(ScheduledThreadPoolExecutor.java:294)
	at java.util.concurrent.ThreadPoolExecutor.runWorker(ThreadPoolExecutor.java:1149)
	at java.util.concurrent.ThreadPoolExecutor$Worker.run(ThreadPoolExecutor.java:624)
	at java.lang.Thread.run(Thread.java:750)
Caused by: java.nio.file.NoSuchFileException: /home/runner/work/ozone/ozone/hadoop-hdds/container-service/target/test-dir/cYBBMTvROp/dn/keys-next
	at sun.nio.fs.UnixException.translateToIOException(UnixException.java:86)
	at sun.nio.fs.UnixException.rethrowAsIOException(UnixException.java:102)
	at sun.nio.fs.UnixException.rethrowAsIOException(UnixException.java:107)
	at sun.nio.fs.UnixFileSystemProvider.implDelete(UnixFileSystemProvider.java:244)
	at sun.nio.fs.AbstractFileSystemProvider.delete(AbstractFileSystemProvider.java:103)
	at java.nio.file.Files.delete(Files.java:1126)
	at org.apache.commons.io.FileUtils.delete(FileUtils.java:1175)
	at org.apache.commons.io.FileUtils.deleteDirectory(FileUtils.java:1194)
	at org.apache.hadoop.hdds.security.x509.certificate.client.DefaultCertificateClient.renewAndStoreKeyAndCertificate(DefaultCertificateClient.java:1158)
	... 8 more
2023-01-12 05:26:51,666 [CertificateLifetimeMonitor] INFO  client.DNCertificateClient (DefaultCertificateClient.java:run(1410)) - Current certificate has entered the expiry grace period PT0S. Starting renew key and certs.
2023-01-12 05:26:51,667 [CertificateLifetimeMonitor] INFO  client.DNCertificateClient (DefaultCertificateClient.java:run(1410)) - Current certificate has entered the expiry grace period PT0S. Starting renew key and certs.
2023-01-12 05:26:51,672 [CertificateLifetimeMonitor] INFO  client.DNCertificateClient (DefaultCertificateClient.java:run(1410)) - Current certificate has entered the expiry grace period PT0S. Starting renew key and certs.
2023-01-12 05:26:51,931 [CertificateLifetimeMonitor] INFO  ozone.OzoneSecurityUtil (OzoneSecurityUtil.java:getValidInetsForCurrentHost(119)) - ip:fe80:0:0:0:222:48ff:feaa:f404%eth0 not returned.
2023-01-12 05:26:51,932 [CertificateLifetimeMonitor] INFO  ozone.OzoneSecurityUtil (OzoneSecurityUtil.java:getValidInetsForCurrentHost(116)) - Adding ip:10.1.0.17,host:fv-az205-554.k2gd1z4tyxsu3cbgyjsjq30zwf.jx.internal.cloudapp.net
2023-01-12 05:26:51,933 [CertificateLifetimeMonitor] INFO  ozone.OzoneSecurityUtil (OzoneSecurityUtil.java:getValidInetsForCurrentHost(119)) - ip:0:0:0:0:0:0:0:1%lo not returned.
2023-01-12 05:26:51,933 [CertificateLifetimeMonitor] INFO  ozone.OzoneSecurityUtil (OzoneSecurityUtil.java:getValidInetsForCurrentHost(119)) - ip:127.0.0.1 not returned.
2023-01-12 05:26:51,934 [CertificateLifetimeMonitor] INFO  client.DNCertificateClient (DNCertificateClient.java:getCSRBuilder(98)) - Created csr for DN-> subject:runner@fv-az205-554.k2gd1z4tyxsu3cbgyjsjq30zwf.jx.internal.cloudapp.net
2023-01-12 05:26:51,940 [CertificateLifetimeMonitor] ERROR client.DNCertificateClient (DefaultCertificateClient.java:run(1423)) - Failed to renew and store key and cert. Keep using existing certificates.
org.apache.hadoop.hdds.security.x509.exceptions.CertificateException: Error while signing and storing new certificates.
	at org.apache.hadoop.hdds.security.x509.certificate.client.DefaultCertificateClient.renewAndStoreKeyAndCertificate(DefaultCertificateClient.java:1185)
	at org.apache.hadoop.hdds.security.x509.certificate.client.DefaultCertificateClient$CertificateLifetimeMonitor.run(DefaultCertificateClient.java:1413)
	at java.util.concurrent.Executors$RunnableAdapter.call(Executors.java:511)
	at java.util.concurrent.FutureTask.runAndReset(FutureTask.java:308)
	at java.util.concurrent.ScheduledThreadPoolExecutor$ScheduledFutureTask.access$301(ScheduledThreadPoolExecutor.java:180)
	at java.util.concurrent.ScheduledThreadPoolExecutor$ScheduledFutureTask.run(ScheduledThreadPoolExecutor.java:294)
	at java.util.concurrent.ThreadPoolExecutor.runWorker(ThreadPoolExecutor.java:1149)
	at java.util.concurrent.ThreadPoolExecutor$Worker.run(ThreadPoolExecutor.java:624)
	at java.lang.Thread.run(Thread.java:750)
Caused by: org.apache.hadoop.hdds.conf.ConfigurationException: SCM Client Address could not be obtained from config. Config is not properly defined
	at org.apache.hadoop.hdds.scm.proxy.SCMSecurityProtocolFailoverProxyProvider.loadConfigs(SCMSecurityProtocolFailoverProxyProvider.java:120)
	at org.apache.hadoop.hdds.scm.proxy.SCMSecurityProtocolFailoverProxyProvider.<init>(SCMSecurityProtocolFailoverProxyProvider.java:105)
	at org.apache.hadoop.hdds.utils.HddsServerUtil.getScmSecurityClientWithMaxRetry(HddsServerUtil.java:467)
	at org.apache.hadoop.hdds.security.x509.certificate.client.DefaultCertificateClient.getScmSecureClient(DefaultCertificateClient.java:1363)
	at org.apache.hadoop.hdds.security.x509.certificate.client.DNCertificateClient.signAndStoreCertificate(DNCertificateClient.java:113)
	at org.apache.hadoop.hdds.security.x509.certificate.client.DefaultCertificateClient.renewAndStoreKeyAndCertificate(DefaultCertificateClient.java:1182)
	... 8 more
2023-01-12 05:26:51,989 [CertificateLifetimeMonitor] ERROR client.DNCertificateClient (DefaultCertificateClient.java:createKeyPair(967)) - Error while bootstrapping certificate client.
java.io.IOException: Private key already exist.
	at org.apache.hadoop.hdds.security.x509.keys.KeyCodec.writePublicKey(KeyCodec.java:197)
	at org.apache.hadoop.hdds.security.x509.certificate.client.DefaultCertificateClient.createKeyPair(DefaultCertificateClient.java:963)
	at org.apache.hadoop.hdds.security.x509.certificate.client.DefaultCertificateClient.renewAndStoreKeyAndCertificate(DefaultCertificateClient.java:1172)
	at org.apache.hadoop.hdds.security.x509.certificate.client.DefaultCertificateClient$CertificateLifetimeMonitor.run(DefaultCertificateClient.java:1413)
	at java.util.concurrent.Executors$RunnableAdapter.call(Executors.java:511)
	at java.util.concurrent.FutureTask.runAndReset(FutureTask.java:308)
	at java.util.concurrent.ScheduledThreadPoolExecutor$ScheduledFutureTask.access$301(ScheduledThreadPoolExecutor.java:180)
	at java.util.concurrent.ScheduledThreadPoolExecutor$ScheduledFutureTask.run(ScheduledThreadPoolExecutor.java:294)
	at java.util.concurrent.ThreadPoolExecutor.runWorker(ThreadPoolExecutor.java:1149)
	at java.util.concurrent.ThreadPoolExecutor$Worker.run(ThreadPoolExecutor.java:624)
	at java.lang.Thread.run(Thread.java:750)
2023-01-12 05:26:51,990 [CertificateLifetimeMonitor] ERROR client.DNCertificateClient (DefaultCertificateClient.java:run(1423)) - Failed to renew and store key and cert. Keep using existing certificates.
org.apache.hadoop.hdds.security.x509.exceptions.CertificateException: Error while creating new key pair.
	at org.apache.hadoop.hdds.security.x509.certificate.client.DefaultCertificateClient.renewAndStoreKeyAndCertificate(DefaultCertificateClient.java:1174)
	at org.apache.hadoop.hdds.security.x509.certificate.client.DefaultCertificateClient$CertificateLifetimeMonitor.run(DefaultCertificateClient.java:1413)
	at java.util.concurrent.Executors$RunnableAdapter.call(Executors.java:511)
	at java.util.concurrent.FutureTask.runAndReset(FutureTask.java:308)
	at java.util.concurrent.ScheduledThreadPoolExecutor$ScheduledFutureTask.access$301(ScheduledThreadPoolExecutor.java:180)
	at java.util.concurrent.ScheduledThreadPoolExecutor$ScheduledFutureTask.run(ScheduledThreadPoolExecutor.java:294)
	at java.util.concurrent.ThreadPoolExecutor.runWorker(ThreadPoolExecutor.java:1149)
	at java.util.concurrent.ThreadPoolExecutor$Worker.run(ThreadPoolExecutor.java:624)
	at java.lang.Thread.run(Thread.java:750)
Caused by: org.apache.hadoop.hdds.security.x509.exceptions.CertificateException: Error while bootstrapping certificate.
	at org.apache.hadoop.hdds.security.x509.certificate.client.DefaultCertificateClient.createKeyPair(DefaultCertificateClient.java:968)
	at org.apache.hadoop.hdds.security.x509.certificate.client.DefaultCertificateClient.renewAndStoreKeyAndCertificate(DefaultCertificateClient.java:1172)
	... 8 more
2023-01-12 05:26:52,043 [CertificateLifetimeMonitor] ERROR client.DNCertificateClient (DefaultCertificateClient.java:createKeyPair(967)) - Error while bootstrapping certificate client.
java.io.IOException: Private key already exist.
	at org.apache.hadoop.hdds.security.x509.keys.KeyCodec.writePublicKey(KeyCodec.java:197)
	at org.apache.hadoop.hdds.security.x509.certificate.client.DefaultCertificateClient.createKeyPair(DefaultCertificateClient.java:963)
	at org.apache.hadoop.hdds.security.x509.certificate.client.DefaultCertificateClient.renewAndStoreKeyAndCertificate(DefaultCertificateClient.java:1172)
	at org.apache.hadoop.hdds.security.x509.certificate.client.DefaultCertificateClient$CertificateLifetimeMonitor.run(DefaultCertificateClient.java:1413)
	at java.util.concurrent.Executors$RunnableAdapter.call(Executors.java:511)
	at java.util.concurrent.FutureTask.runAndReset(FutureTask.java:308)
	at java.util.concurrent.ScheduledThreadPoolExecutor$ScheduledFutureTask.access$301(ScheduledThreadPoolExecutor.java:180)
	at java.util.concurrent.ScheduledThreadPoolExecutor$ScheduledFutureTask.run(ScheduledThreadPoolExecutor.java:294)
	at java.util.concurrent.ThreadPoolExecutor.runWorker(ThreadPoolExecutor.java:1149)
	at java.util.concurrent.ThreadPoolExecutor$Worker.run(ThreadPoolExecutor.java:624)
	at java.lang.Thread.run(Thread.java:750)
2023-01-12 05:26:52,043 [CertificateLifetimeMonitor] ERROR client.DNCertificateClient (DefaultCertificateClient.java:run(1423)) - Failed to renew and store key and cert. Keep using existing certificates.
org.apache.hadoop.hdds.security.x509.exceptions.CertificateException: Error while creating new key pair.
	at org.apache.hadoop.hdds.security.x509.certificate.client.DefaultCertificateClient.renewAndStoreKeyAndCertificate(DefaultCertificateClient.java:1174)
	at org.apache.hadoop.hdds.security.x509.certificate.client.DefaultCertificateClient$CertificateLifetimeMonitor.run(DefaultCertificateClient.java:1413)
	at java.util.concurrent.Executors$RunnableAdapter.call(Executors.java:511)
	at java.util.concurrent.FutureTask.runAndReset(FutureTask.java:308)
	at java.util.concurrent.ScheduledThreadPoolExecutor$ScheduledFutureTask.access$301(ScheduledThreadPoolExecutor.java:180)
	at java.util.concurrent.ScheduledThreadPoolExecutor$ScheduledFutureTask.run(ScheduledThreadPoolExecutor.java:294)
	at java.util.concurrent.ThreadPoolExecutor.runWorker(ThreadPoolExecutor.java:1149)
	at java.util.concurrent.ThreadPoolExecutor$Worker.run(ThreadPoolExecutor.java:624)
	at java.lang.Thread.run(Thread.java:750)
Caused by: org.apache.hadoop.hdds.security.x509.exceptions.CertificateException: Error while bootstrapping certificate.
	at org.apache.hadoop.hdds.security.x509.certificate.client.DefaultCertificateClient.createKeyPair(DefaultCertificateClient.java:968)
	at org.apache.hadoop.hdds.security.x509.certificate.client.DefaultCertificateClient.renewAndStoreKeyAndCertificate(DefaultCertificateClient.java:1172)
	... 8 more
2023-01-12 05:26:52,047 [CertificateLifetimeMonitor] ERROR client.DNCertificateClient (DefaultCertificateClient.java:createKeyPair(967)) - Error while bootstrapping certificate client.
java.io.IOException: Private key already exist.
	at org.apache.hadoop.hdds.security.x509.keys.KeyCodec.writePublicKey(KeyCodec.java:197)
	at org.apache.hadoop.hdds.security.x509.certificate.client.DefaultCertificateClient.createKeyPair(DefaultCertificateClient.java:963)
	at org.apache.hadoop.hdds.security.x509.certificate.client.DefaultCertificateClient.renewAndStoreKeyAndCertificate(DefaultCertificateClient.java:1172)
	at org.apache.hadoop.hdds.security.x509.certificate.client.DefaultCertificateClient$CertificateLifetimeMonitor.run(DefaultCertificateClient.java:1413)
	at java.util.concurrent.Executors$RunnableAdapter.call(Executors.java:511)
	at java.util.concurrent.FutureTask.runAndReset(FutureTask.java:308)
	at java.util.concurrent.ScheduledThreadPoolExecutor$ScheduledFutureTask.access$301(ScheduledThreadPoolExecutor.java:180)
	at java.util.concurrent.ScheduledThreadPoolExecutor$ScheduledFutureTask.run(ScheduledThreadPoolExecutor.java:294)
	at java.util.concurrent.ThreadPoolExecutor.runWorker(ThreadPoolExecutor.java:1149)
	at java.util.concurrent.ThreadPoolExecutor$Worker.run(ThreadPoolExecutor.java:624)
	at java.lang.Thread.run(Thread.java:750)
2023-01-12 05:26:52,047 [CertificateLifetimeMonitor] ERROR client.DNCertificateClient (DefaultCertificateClient.java:run(1423)) - Failed to renew and store key and cert. Keep using existing certificates.
org.apache.hadoop.hdds.security.x509.exceptions.CertificateException: Error while creating new key pair.
	at org.apache.hadoop.hdds.security.x509.certificate.client.DefaultCertificateClient.renewAndStoreKeyAndCertificate(DefaultCertificateClient.java:1174)
	at org.apache.hadoop.hdds.security.x509.certificate.client.DefaultCertificateClient$CertificateLifetimeMonitor.run(DefaultCertificateClient.java:1413)
	at java.util.concurrent.Executors$RunnableAdapter.call(Executors.java:511)
	at java.util.concurrent.FutureTask.runAndReset(FutureTask.java:308)
	at java.util.concurrent.ScheduledThreadPoolExecutor$ScheduledFutureTask.access$301(ScheduledThreadPoolExecutor.java:180)
	at java.util.concurrent.ScheduledThreadPoolExecutor$ScheduledFutureTask.run(ScheduledThreadPoolExecutor.java:294)
	at java.util.concurrent.ThreadPoolExecutor.runWorker(ThreadPoolExecutor.java:1149)
	at java.util.concurrent.ThreadPoolExecutor$Worker.run(ThreadPoolExecutor.java:624)
	at java.lang.Thread.run(Thread.java:750)
Caused by: org.apache.hadoop.hdds.security.x509.exceptions.CertificateException: Error while bootstrapping certificate.
	at org.apache.hadoop.hdds.security.x509.certificate.client.DefaultCertificateClient.createKeyPair(DefaultCertificateClient.java:968)
	at org.apache.hadoop.hdds.security.x509.certificate.client.DefaultCertificateClient.renewAndStoreKeyAndCertificate(DefaultCertificateClient.java:1172)
	... 8 more
2023-01-12 05:26:52,154 [CertificateLifetimeMonitor] ERROR client.DNCertificateClient (DefaultCertificateClient.java:createKeyPair(967)) - Error while bootstrapping certificate client.
java.io.IOException: Private key already exist.
	at org.apache.hadoop.hdds.security.x509.keys.KeyCodec.writePublicKey(KeyCodec.java:197)
	at org.apache.hadoop.hdds.security.x509.certificate.client.DefaultCertificateClient.createKeyPair(DefaultCertificateClient.java:963)
	at org.apache.hadoop.hdds.security.x509.certificate.client.DefaultCertificateClient.renewAndStoreKeyAndCertificate(DefaultCertificateClient.java:1172)
	at org.apache.hadoop.hdds.security.x509.certificate.client.DefaultCertificateClient$CertificateLifetimeMonitor.run(DefaultCertificateClient.java:1413)
	at java.util.concurrent.Executors$RunnableAdapter.call(Executors.java:511)
	at java.util.concurrent.FutureTask.runAndReset(FutureTask.java:308)
	at java.util.concurrent.ScheduledThreadPoolExecutor$ScheduledFutureTask.access$301(ScheduledThreadPoolExecutor.java:180)
	at java.util.concurrent.ScheduledThreadPoolExecutor$ScheduledFutureTask.run(ScheduledThreadPoolExecutor.java:294)
	at java.util.concurrent.ThreadPoolExecutor.runWorker(ThreadPoolExecutor.java:1149)
	at java.util.concurrent.ThreadPoolExecutor$Worker.run(ThreadPoolExecutor.java:624)
	at java.lang.Thread.run(Thread.java:750)
2023-01-12 05:26:52,154 [CertificateLifetimeMonitor] ERROR client.DNCertificateClient (DefaultCertificateClient.java:run(1423)) - Failed to renew and store key and cert. Keep using existing certificates.
org.apache.hadoop.hdds.security.x509.exceptions.CertificateException: Error while creating new key pair.
	at org.apache.hadoop.hdds.security.x509.certificate.client.DefaultCertificateClient.renewAndStoreKeyAndCertificate(DefaultCertificateClient.java:1174)
	at org.apache.hadoop.hdds.security.x509.certificate.client.DefaultCertificateClient$CertificateLifetimeMonitor.run(DefaultCertificateClient.java:1413)
	at java.util.concurrent.Executors$RunnableAdapter.call(Executors.java:511)
	at java.util.concurrent.FutureTask.runAndReset(FutureTask.java:308)
	at java.util.concurrent.ScheduledThreadPoolExecutor$ScheduledFutureTask.access$301(ScheduledThreadPoolExecutor.java:180)
	at java.util.concurrent.ScheduledThreadPoolExecutor$ScheduledFutureTask.run(ScheduledThreadPoolExecutor.java:294)
	at java.util.concurrent.ThreadPoolExecutor.runWorker(ThreadPoolExecutor.java:1149)
	at java.util.concurrent.ThreadPoolExecutor$Worker.run(ThreadPoolExecutor.java:624)
	at java.lang.Thread.run(Thread.java:750)
Caused by: org.apache.hadoop.hdds.security.x509.exceptions.CertificateException: Error while bootstrapping certificate.
	at org.apache.hadoop.hdds.security.x509.certificate.client.DefaultCertificateClient.createKeyPair(DefaultCertificateClient.java:968)
	at org.apache.hadoop.hdds.security.x509.certificate.client.DefaultCertificateClient.renewAndStoreKeyAndCertificate(DefaultCertificateClient.java:1172)
	... 8 more
2023-01-12 05:26:52,155 [CertificateLifetimeMonitor] INFO  client.DNCertificateClient (DefaultCertificateClient.java:run(1410)) - Current certificate has entered the expiry grace period PT0S. Starting renew key and certs.
2023-01-12 05:26:52,578 [CertificateLifetimeMonitor] INFO  ozone.OzoneSecurityUtil (OzoneSecurityUtil.java:getValidInetsForCurrentHost(119)) - ip:fe80:0:0:0:222:48ff:feaa:f404%eth0 not returned.
2023-01-12 05:26:52,579 [CertificateLifetimeMonitor] INFO  ozone.OzoneSecurityUtil (OzoneSecurityUtil.java:getValidInetsForCurrentHost(116)) - Adding ip:10.1.0.17,host:fv-az205-554.k2gd1z4tyxsu3cbgyjsjq30zwf.jx.internal.cloudapp.net
2023-01-12 05:26:52,579 [CertificateLifetimeMonitor] INFO  ozone.OzoneSecurityUtil (OzoneSecurityUtil.java:getValidInetsForCurrentHost(119)) - ip:0:0:0:0:0:0:0:1%lo not returned.
2023-01-12 05:26:52,579 [CertificateLifetimeMonitor] INFO  ozone.OzoneSecurityUtil (OzoneSecurityUtil.java:getValidInetsForCurrentHost(119)) - ip:127.0.0.1 not returned.
2023-01-12 05:26:52,580 [CertificateLifetimeMonitor] INFO  client.DNCertificateClient (DNCertificateClient.java:getCSRBuilder(98)) - Created csr for DN-> subject:runner@fv-az205-554.k2gd1z4tyxsu3cbgyjsjq30zwf.jx.internal.cloudapp.net
2023-01-12 05:26:52,587 [CertificateLifetimeMonitor] INFO  client.DNCertificateClient (DefaultCertificateClient.java:renewAndStoreKeyAndCertificate(1261)) - Successful renew key and certificate. New certificate 1116412.
2023-01-12 05:26:52,588 [CertificateLifetimeMonitor] INFO  client.DNCertificateClient (DefaultCertificateClient.java:loadAllCertificates(177)) - Loading certificate from location:/home/runner/work/ozone/ozone/hadoop-hdds/container-service/target/test-dir/cYBBMTvROp/dn/certs.
2023-01-12 05:26:52,595 [CertificateLifetimeMonitor] INFO  client.DNCertificateClient (DefaultCertificateClient.java:loadAllCertificates(218)) - Added certificate [
[
  Version: V3
  Subject: O=cluster, OU=test, CN=localhost
  Signature Algorithm: SHA256withRSA, OID = 1.2.840.113549.1.1.11

  Key:  Sun RSA public key, 1024 bits
  params: null
  modulus: 106409915867488285126068002460661911414681725694837656972462487937155027536689474725984094693078511776933523527589522666268646156150391306285474970781701588075628333273475365276052889399557167353092922166418611120043743668091374728597644944503121700909028055667829884383752018790887396871156917000085654587623
  public exponent: 65537
  Validity: [From: Thu Jan 12 05:26:36 UTC 2023,
               To: Thu Jan 12 05:26:51 UTC 2023]
  Issuer: O=cluster, OU=test, CN=localhost
  SerialNumber: [    1108fc]

]
  Algorithm: [SHA256withRSA]
  Signature:
0000: 7B 8B B2 F7 1F 6B 28 02   75 3D 86 25 0A A7 85 90  .....k(.u=.%....
0010: A0 CE F2 45 EC 3F 52 C8   53 B8 BD AE 00 94 68 4A  ...E.?R.S.....hJ
0020: 53 45 95 2D 1F AC 63 BA   A0 BF 39 C6 CD 77 4A F0  SE.-..c...9..wJ.
0030: C5 59 43 9C BA 96 06 13   DD C7 DC B4 E4 C3 B9 25  .YC............%
0040: 33 A6 F0 BF 19 28 75 DB   6A 60 FD 78 4A 02 02 04  3....(u.j`.xJ...
0050: 1D 13 DA 5E 41 EC F5 F7   B1 10 9E 9D 02 50 86 A6  ...^A........P..
0060: EB 67 F0 55 61 82 39 6F   94 29 51 86 48 DD E7 3A  .g.Ua.9o.)Q.H..:
0070: BE 54 43 95 76 44 CA F9   9C DB F6 94 CF 21 73 50  .TC.vD.......!sP

] from file:/home/runner/work/ozone/ozone/hadoop-hdds/container-service/target/test-dir/cYBBMTvROp/dn/certs/CA-1116412.crt.
2023-01-12 05:26:52,597 [CertificateLifetimeMonitor] INFO  client.DNCertificateClient (DefaultCertificateClient.java:loadAllCertificates(218)) - Added certificate [
[
  Version: V3
  Subject: O=cluster, OU=test, CN=localhost
  Signature Algorithm: SHA256withRSA, OID = 1.2.840.113549.1.1.11

  Key:  Sun RSA public key, 1024 bits
  params: null
  modulus: 106409915867488285126068002460661911414681725694837656972462487937155027536689474725984094693078511776933523527589522666268646156150391306285474970781701588075628333273475365276052889399557167353092922166418611120043743668091374728597644944503121700909028055667829884383752018790887396871156917000085654587623
  public exponent: 65537
  Validity: [From: Thu Jan 12 05:26:36 UTC 2023,
               To: Thu Jan 12 05:26:51 UTC 2023]
  Issuer: O=cluster, OU=test, CN=localhost
  SerialNumber: [    1108fc]

]
  Algorithm: [SHA256withRSA]
  Signature:
0000: 7B 8B B2 F7 1F 6B 28 02   75 3D 86 25 0A A7 85 90  .....k(.u=.%....
0010: A0 CE F2 45 EC 3F 52 C8   53 B8 BD AE 00 94 68 4A  ...E.?R.S.....hJ
0020: 53 45 95 2D 1F AC 63 BA   A0 BF 39 C6 CD 77 4A F0  SE.-..c...9..wJ.
0030: C5 59 43 9C BA 96 06 13   DD C7 DC B4 E4 C3 B9 25  .YC............%
0040: 33 A6 F0 BF 19 28 75 DB   6A 60 FD 78 4A 02 02 04  3....(u.j`.xJ...
0050: 1D 13 DA 5E 41 EC F5 F7   B1 10 9E 9D 02 50 86 A6  ...^A........P..
0060: EB 67 F0 55 61 82 39 6F   94 29 51 86 48 DD E7 3A  .g.Ua.9o.)Q.H..:
0070: BE 54 43 95 76 44 CA F9   9C DB F6 94 CF 21 73 50  .TC.vD.......!sP

] from file:/home/runner/work/ozone/ozone/hadoop-hdds/container-service/target/test-dir/cYBBMTvROp/dn/certs/1116412.crt.
2023-01-12 05:26:52,599 [CertificateLifetimeMonitor] INFO  client.DNCertificateClient (DefaultCertificateClient.java:loadAllCertificates(218)) - Added certificate [
[
  Version: V3
  Subject: O=cluster, OU=test, CN=localhost
  Signature Algorithm: SHA256withRSA, OID = 1.2.840.113549.1.1.11

  Key:  Sun RSA public key, 1024 bits
  params: null
  modulus: 106409915867488285126068002460661911414681725694837656972462487937155027536689474725984094693078511776933523527589522666268646156150391306285474970781701588075628333273475365276052889399557167353092922166418611120043743668091374728597644944503121700909028055667829884383752018790887396871156917000085654587623
  public exponent: 65537
  Validity: [From: Thu Jan 12 05:26:36 UTC 2023,
               To: Thu Jan 12 05:26:51 UTC 2023]
  Issuer: O=cluster, OU=test, CN=localhost
  SerialNumber: [    1108fc]

]
  Algorithm: [SHA256withRSA]
  Signature:
0000: 7B 8B B2 F7 1F 6B 28 02   75 3D 86 25 0A A7 85 90  .....k(.u=.%....
0010: A0 CE F2 45 EC 3F 52 C8   53 B8 BD AE 00 94 68 4A  ...E.?R.S.....hJ
0020: 53 45 95 2D 1F AC 63 BA   A0 BF 39 C6 CD 77 4A F0  SE.-..c...9..wJ.
0030: C5 59 43 9C BA 96 06 13   DD C7 DC B4 E4 C3 B9 25  .YC............%
0040: 33 A6 F0 BF 19 28 75 DB   6A 60 FD 78 4A 02 02 04  3....(u.j`.xJ...
0050: 1D 13 DA 5E 41 EC F5 F7   B1 10 9E 9D 02 50 86 A6  ...^A........P..
0060: EB 67 F0 55 61 82 39 6F   94 29 51 86 48 DD E7 3A  .g.Ua.9o.)Q.H..:
0070: BE 54 43 95 76 44 CA F9   9C DB F6 94 CF 21 73 50  .TC.vD.......!sP

] from file:/home/runner/work/ozone/ozone/hadoop-hdds/container-service/target/test-dir/cYBBMTvROp/dn/certs/ROOTCA-1116412.crt.
2023-01-12 05:26:52,601 [CertificateLifetimeMonitor] INFO  client.DNCertificateClient (DefaultCertificateClient.java:reloadKeyAndCertificate(1333)) - Reset and reload key and all certificates.
2023-01-12 05:26:52,603 [CertificateLifetimeMonitor] INFO  client.DNCertificateClient (DefaultCertificateClient.java:run(1410)) - Current certificate has entered the expiry grace period PT0S. Starting renew key and certs.
2023-01-12 05:26:52,664 [CertificateLifetimeMonitor] INFO  ozone.OzoneSecurityUtil (OzoneSecurityUtil.java:getValidInetsForCurrentHost(119)) - ip:fe80:0:0:0:222:48ff:feaa:f404%eth0 not returned.
2023-01-12 05:26:52,664 [CertificateLifetimeMonitor] INFO  ozone.OzoneSecurityUtil (OzoneSecurityUtil.java:getValidInetsForCurrentHost(116)) - Adding ip:10.1.0.17,host:fv-az205-554.k2gd1z4tyxsu3cbgyjsjq30zwf.jx.internal.cloudapp.net
2023-01-12 05:26:52,664 [CertificateLifetimeMonitor] INFO  ozone.OzoneSecurityUtil (OzoneSecurityUtil.java:getValidInetsForCurrentHost(119)) - ip:0:0:0:0:0:0:0:1%lo not returned.
2023-01-12 05:26:52,664 [CertificateLifetimeMonitor] INFO  ozone.OzoneSecurityUtil (OzoneSecurityUtil.java:getValidInetsForCurrentHost(119)) - ip:127.0.0.1 not returned.
2023-01-12 05:26:52,665 [CertificateLifetimeMonitor] INFO  client.DNCertificateClient (DNCertificateClient.java:getCSRBuilder(98)) - Created csr for DN-> subject:runner@fv-az205-554.k2gd1z4tyxsu3cbgyjsjq30zwf.jx.internal.cloudapp.net
2023-01-12 05:26:52,668 [CertificateLifetimeMonitor] ERROR client.DNCertificateClient (DNCertificateClient.java:signAndStoreCertificate(140)) - Error while signing and storing SCM signed certificate.
org.apache.hadoop.hdds.security.x509.exceptions.CertificateException: Unable to retrieve datanode certificate chain.
	at org.apache.hadoop.hdds.security.x509.certificate.client.DNCertificateClient.signAndStoreCertificate(DNCertificateClient.java:136)
	at org.apache.hadoop.hdds.security.x509.certificate.client.DefaultCertificateClient.renewAndStoreKeyAndCertificate(DefaultCertificateClient.java:1182)
	at org.apache.hadoop.hdds.security.x509.certificate.client.DefaultCertificateClient$CertificateLifetimeMonitor.run(DefaultCertificateClient.java:1413)
	at java.util.concurrent.Executors$RunnableAdapter.call(Executors.java:511)
	at java.util.concurrent.FutureTask.runAndReset(FutureTask.java:308)
	at java.util.concurrent.ScheduledThreadPoolExecutor$ScheduledFutureTask.access$301(ScheduledThreadPoolExecutor.java:180)
	at java.util.concurrent.ScheduledThreadPoolExecutor$ScheduledFutureTask.run(ScheduledThreadPoolExecutor.java:294)
	at java.util.concurrent.ThreadPoolExecutor.runWorker(ThreadPoolExecutor.java:1149)
	at java.util.concurrent.ThreadPoolExecutor$Worker.run(ThreadPoolExecutor.java:624)
	at java.lang.Thread.run(Thread.java:750)
2023-01-12 05:26:52,668 [CertificateLifetimeMonitor] ERROR client.DNCertificateClient (DefaultCertificateClient.java:run(1423)) - Failed to renew and store key and cert. Keep using existing certificates.
org.apache.hadoop.hdds.security.x509.exceptions.CertificateException: Error while signing and storing new certificates.
	at org.apache.hadoop.hdds.security.x509.certificate.client.DefaultCertificateClient.renewAndStoreKeyAndCertificate(DefaultCertificateClient.java:1185)
	at org.apache.hadoop.hdds.security.x509.certificate.client.DefaultCertificateClient$CertificateLifetimeMonitor.run(DefaultCertificateClient.java:1413)
	at java.util.concurrent.Executors$RunnableAdapter.call(Executors.java:511)
	at java.util.concurrent.FutureTask.runAndReset(FutureTask.java:308)
	at java.util.concurrent.ScheduledThreadPoolExecutor$ScheduledFutureTask.access$301(ScheduledThreadPoolExecutor.java:180)
	at java.util.concurrent.ScheduledThreadPoolExecutor$ScheduledFutureTask.run(ScheduledThreadPoolExecutor.java:294)
	at java.util.concurrent.ThreadPoolExecutor.runWorker(ThreadPoolExecutor.java:1149)
	at java.util.concurrent.ThreadPoolExecutor$Worker.run(ThreadPoolExecutor.java:624)
	at java.lang.Thread.run(Thread.java:750)
Caused by: org.apache.hadoop.hdds.security.x509.exceptions.CertificateException: Error while signing and storing SCM signed certificate.
	at org.apache.hadoop.hdds.security.x509.certificate.client.DNCertificateClient.signAndStoreCertificate(DNCertificateClient.java:141)
	at org.apache.hadoop.hdds.security.x509.certificate.client.DefaultCertificateClient.renewAndStoreKeyAndCertificate(DefaultCertificateClient.java:1182)
	... 8 more
Caused by: org.apache.hadoop.hdds.security.x509.exceptions.CertificateException: Unable to retrieve datanode certificate chain.
	at org.apache.hadoop.hdds.security.x509.certificate.client.DNCertificateClient.signAndStoreCertificate(DNCertificateClient.java:136)
	... 9 more
2023-01-12 05:26:52,668 [CertificateLifetimeMonitor] INFO  client.DNCertificateClient (DefaultCertificateClient.java:run(1410)) - Current certificate has entered the expiry grace period PT0S. Starting renew key and certs.
2023-01-12 05:26:52,896 [CertificateLifetimeMonitor] INFO  ozone.OzoneSecurityUtil (OzoneSecurityUtil.java:getValidInetsForCurrentHost(119)) - ip:fe80:0:0:0:222:48ff:feaa:f404%eth0 not returned.
2023-01-12 05:26:52,896 [CertificateLifetimeMonitor] INFO  ozone.OzoneSecurityUtil (OzoneSecurityUtil.java:getValidInetsForCurrentHost(116)) - Adding ip:10.1.0.17,host:fv-az205-554.k2gd1z4tyxsu3cbgyjsjq30zwf.jx.internal.cloudapp.net
2023-01-12 05:26:52,896 [CertificateLifetimeMonitor] INFO  ozone.OzoneSecurityUtil (OzoneSecurityUtil.java:getValidInetsForCurrentHost(119)) - ip:0:0:0:0:0:0:0:1%lo not returned.
2023-01-12 05:26:52,896 [CertificateLifetimeMonitor] INFO  ozone.OzoneSecurityUtil (OzoneSecurityUtil.java:getValidInetsForCurrentHost(119)) - ip:127.0.0.1 not returned.
2023-01-12 05:26:52,896 [CertificateLifetimeMonitor] INFO  client.DNCertificateClient (DNCertificateClient.java:getCSRBuilder(98)) - Created csr for DN-> subject:runner@fv-az205-554.k2gd1z4tyxsu3cbgyjsjq30zwf.jx.internal.cloudapp.net
2023-01-12 05:26:52,899 [CertificateLifetimeMonitor] ERROR client.DNCertificateClient (DNCertificateClient.java:signAndStoreCertificate(140)) - Error while signing and storing SCM signed certificate.
org.apache.hadoop.hdds.security.x509.exceptions.CertificateException: Unable to retrieve datanode certificate chain.
	at org.apache.hadoop.hdds.security.x509.certificate.client.DNCertificateClient.signAndStoreCertificate(DNCertificateClient.java:136)
	at org.apache.hadoop.hdds.security.x509.certificate.client.DefaultCertificateClient.renewAndStoreKeyAndCertificate(DefaultCertificateClient.java:1182)
	at org.apache.hadoop.hdds.security.x509.certificate.client.DefaultCertificateClient$CertificateLifetimeMonitor.run(DefaultCertificateClient.java:1413)
	at java.util.concurrent.Executors$RunnableAdapter.call(Executors.java:511)
	at java.util.concurrent.FutureTask.runAndReset(FutureTask.java:308)
	at java.util.concurrent.ScheduledThreadPoolExecutor$ScheduledFutureTask.access$301(ScheduledThreadPoolExecutor.java:180)
	at java.util.concurrent.ScheduledThreadPoolExecutor$ScheduledFutureTask.run(ScheduledThreadPoolExecutor.java:294)
	at java.util.concurrent.ThreadPoolExecutor.runWorker(ThreadPoolExecutor.java:1149)
	at java.util.concurrent.ThreadPoolExecutor$Worker.run(ThreadPoolExecutor.java:624)
	at java.lang.Thread.run(Thread.java:750)
2023-01-12 05:26:52,900 [CertificateLifetimeMonitor] ERROR client.DNCertificateClient (DefaultCertificateClient.java:run(1423)) - Failed to renew and store key and cert. Keep using existing certificates.
org.apache.hadoop.hdds.security.x509.exceptions.CertificateException: Error while signing and storing new certificates.
	at org.apache.hadoop.hdds.security.x509.certificate.client.DefaultCertificateClient.renewAndStoreKeyAndCertificate(DefaultCertificateClient.java:1185)
	at org.apache.hadoop.hdds.security.x509.certificate.client.DefaultCertificateClient$CertificateLifetimeMonitor.run(DefaultCertificateClient.java:1413)
	at java.util.concurrent.Executors$RunnableAdapter.call(Executors.java:511)
	at java.util.concurrent.FutureTask.runAndReset(FutureTask.java:308)
	at java.util.concurrent.ScheduledThreadPoolExecutor$ScheduledFutureTask.access$301(ScheduledThreadPoolExecutor.java:180)
	at java.util.concurrent.ScheduledThreadPoolExecutor$ScheduledFutureTask.run(ScheduledThreadPoolExecutor.java:294)
	at java.util.concurrent.ThreadPoolExecutor.runWorker(ThreadPoolExecutor.java:1149)
	at java.util.concurrent.ThreadPoolExecutor$Worker.run(ThreadPoolExecutor.java:624)
	at java.lang.Thread.run(Thread.java:750)
Caused by: org.apache.hadoop.hdds.security.x509.exceptions.CertificateException: Error while signing and storing SCM signed certificate.
	at org.apache.hadoop.hdds.security.x509.certificate.client.DNCertificateClient.signAndStoreCertificate(DNCertificateClient.java:141)
	at org.apache.hadoop.hdds.security.x509.certificate.client.DefaultCertificateClient.renewAndStoreKeyAndCertificate(DefaultCertificateClient.java:1182)
	... 8 more
Caused by: org.apache.hadoop.hdds.security.x509.exceptions.CertificateException: Unable to retrieve datanode certificate chain.
	at org.apache.hadoop.hdds.security.x509.certificate.client.DNCertificateClient.signAndStoreCertificate(DNCertificateClient.java:136)
	... 9 more
2023-01-12 05:26:53,328 [CertificateLifetimeMonitor] INFO  client.DNCertificateClient (DefaultCertificateClient.java:run(1410)) - Current certificate has entered the expiry grace period PT0S. Starting renew key and certs.
2023-01-12 05:26:53,328 [CertificateLifetimeMonitor] INFO  client.DNCertificateClient (DefaultCertificateClient.java:run(1410)) - Current certificate has entered the expiry grace period PT0S. Starting renew key and certs.
2023-01-12 05:26:53,331 [CertificateLifetimeMonitor] INFO  client.DNCertificateClient (DefaultCertificateClient.java:run(1410)) - Current certificate has entered the expiry grace period PT0S. Starting renew key and certs.
2023-01-12 05:26:53,332 [CertificateLifetimeMonitor] INFO  client.DNCertificateClient (DefaultCertificateClient.java:run(1410)) - Current certificate has entered the expiry grace period PT0S. Starting renew key and certs.
2023-01-12 05:26:53,328 [CertificateLifetimeMonitor] INFO  client.DNCertificateClient (DefaultCertificateClient.java:run(1410)) - Current certificate has entered the expiry grace period PT0S. Starting renew key and certs.
2023-01-12 05:26:53,711 [CertificateLifetimeMonitor] INFO  ozone.OzoneSecurityUtil (OzoneSecurityUtil.java:getValidInetsForCurrentHost(119)) - ip:fe80:0:0:0:222:48ff:feaa:f404%eth0 not returned.
2023-01-12 05:26:53,711 [CertificateLifetimeMonitor] INFO  ozone.OzoneSecurityUtil (OzoneSecurityUtil.java:getValidInetsForCurrentHost(116)) - Adding ip:10.1.0.17,host:fv-az205-554.k2gd1z4tyxsu3cbgyjsjq30zwf.jx.internal.cloudapp.net
2023-01-12 05:26:53,727 [CertificateLifetimeMonitor] INFO  ozone.OzoneSecurityUtil (OzoneSecurityUtil.java:getValidInetsForCurrentHost(119)) - ip:0:0:0:0:0:0:0:1%lo not returned.
2023-01-12 05:26:53,727 [CertificateLifetimeMonitor] INFO  ozone.OzoneSecurityUtil (OzoneSecurityUtil.java:getValidInetsForCurrentHost(119)) - ip:127.0.0.1 not returned.
2023-01-12 05:26:53,728 [CertificateLifetimeMonitor] INFO  client.DNCertificateClient (DNCertificateClient.java:getCSRBuilder(98)) - Created csr for DN-> subject:runner@fv-az205-554.k2gd1z4tyxsu3cbgyjsjq30zwf.jx.internal.cloudapp.net
2023-01-12 05:26:53,733 [CertificateLifetimeMonitor] ERROR client.DNCertificateClient (DefaultCertificateClient.java:run(1423)) - Failed to renew and store key and cert. Keep using existing certificates.
org.apache.hadoop.hdds.security.x509.exceptions.CertificateException: Error while signing and storing new certificates.
	at org.apache.hadoop.hdds.security.x509.certificate.client.DefaultCertificateClient.renewAndStoreKeyAndCertificate(DefaultCertificateClient.java:1185)
	at org.apache.hadoop.hdds.security.x509.certificate.client.DefaultCertificateClient$CertificateLifetimeMonitor.run(DefaultCertificateClient.java:1413)
	at java.util.concurrent.Executors$RunnableAdapter.call(Executors.java:511)
	at java.util.concurrent.FutureTask.runAndReset(FutureTask.java:308)
	at java.util.concurrent.ScheduledThreadPoolExecutor$ScheduledFutureTask.access$301(ScheduledThreadPoolExecutor.java:180)
	at java.util.concurrent.ScheduledThreadPoolExecutor$ScheduledFutureTask.run(ScheduledThreadPoolExecutor.java:294)
	at java.util.concurrent.ThreadPoolExecutor.runWorker(ThreadPoolExecutor.java:1149)
	at java.util.concurrent.ThreadPoolExecutor$Worker.run(ThreadPoolExecutor.java:624)
	at java.lang.Thread.run(Thread.java:750)
Caused by: org.apache.hadoop.hdds.conf.ConfigurationException: SCM Client Address could not be obtained from config. Config is not properly defined
	at org.apache.hadoop.hdds.scm.proxy.SCMSecurityProtocolFailoverProxyProvider.loadConfigs(SCMSecurityProtocolFailoverProxyProvider.java:120)
	at org.apache.hadoop.hdds.scm.proxy.SCMSecurityProtocolFailoverProxyProvider.<init>(SCMSecurityProtocolFailoverProxyProvider.java:105)
	at org.apache.hadoop.hdds.utils.HddsServerUtil.getScmSecurityClientWithMaxRetry(HddsServerUtil.java:467)
	at org.apache.hadoop.hdds.security.x509.certificate.client.DefaultCertificateClient.getScmSecureClient(DefaultCertificateClient.java:1363)
	at org.apache.hadoop.hdds.security.x509.certificate.client.DNCertificateClient.signAndStoreCertificate(DNCertificateClient.java:113)
	at org.apache.hadoop.hdds.security.x509.certificate.client.DefaultCertificateClient.renewAndStoreKeyAndCertificate(DefaultCertificateClient.java:1182)
	... 8 more
2023-01-12 05:26:53,807 [CertificateLifetimeMonitor] ERROR client.DNCertificateClient (DefaultCertificateClient.java:createKeyPair(967)) - Error while bootstrapping certificate client.
java.io.IOException: Private key already exist.
	at org.apache.hadoop.hdds.security.x509.keys.KeyCodec.writePublicKey(KeyCodec.java:197)
	at org.apache.hadoop.hdds.security.x509.certificate.client.DefaultCertificateClient.createKeyPair(DefaultCertificateClient.java:963)
	at org.apache.hadoop.hdds.security.x509.certificate.client.DefaultCertificateClient.renewAndStoreKeyAndCertificate(DefaultCertificateClient.java:1172)
	at org.apache.hadoop.hdds.security.x509.certificate.client.DefaultCertificateClient$CertificateLifetimeMonitor.run(DefaultCertificateClient.java:1413)
	at java.util.concurrent.Executors$RunnableAdapter.call(Executors.java:511)
	at java.util.concurrent.FutureTask.runAndReset(FutureTask.java:308)
	at java.util.concurrent.ScheduledThreadPoolExecutor$ScheduledFutureTask.access$301(ScheduledThreadPoolExecutor.java:180)
	at java.util.concurrent.ScheduledThreadPoolExecutor$ScheduledFutureTask.run(ScheduledThreadPoolExecutor.java:294)
	at java.util.concurrent.ThreadPoolExecutor.runWorker(ThreadPoolExecutor.java:1149)
	at java.util.concurrent.ThreadPoolExecutor$Worker.run(ThreadPoolExecutor.java:624)
	at java.lang.Thread.run(Thread.java:750)
2023-01-12 05:26:53,807 [CertificateLifetimeMonitor] ERROR client.DNCertificateClient (DefaultCertificateClient.java:run(1423)) - Failed to renew and store key and cert. Keep using existing certificates.
org.apache.hadoop.hdds.security.x509.exceptions.CertificateException: Error while creating new key pair.
	at org.apache.hadoop.hdds.security.x509.certificate.client.DefaultCertificateClient.renewAndStoreKeyAndCertificate(DefaultCertificateClient.java:1174)
	at org.apache.hadoop.hdds.security.x509.certificate.client.DefaultCertificateClient$CertificateLifetimeMonitor.run(DefaultCertificateClient.java:1413)
	at java.util.concurrent.Executors$RunnableAdapter.call(Executors.java:511)
	at java.util.concurrent.FutureTask.runAndReset(FutureTask.java:308)
	at java.util.concurrent.ScheduledThreadPoolExecutor$ScheduledFutureTask.access$301(ScheduledThreadPoolExecutor.java:180)
	at java.util.concurrent.ScheduledThreadPoolExecutor$ScheduledFutureTask.run(ScheduledThreadPoolExecutor.java:294)
	at java.util.concurrent.ThreadPoolExecutor.runWorker(ThreadPoolExecutor.java:1149)
	at java.util.concurrent.ThreadPoolExecutor$Worker.run(ThreadPoolExecutor.java:624)
	at java.lang.Thread.run(Thread.java:750)
Caused by: org.apache.hadoop.hdds.security.x509.exceptions.CertificateException: Error while bootstrapping certificate.
	at org.apache.hadoop.hdds.security.x509.certificate.client.DefaultCertificateClient.createKeyPair(DefaultCertificateClient.java:968)
	at org.apache.hadoop.hdds.security.x509.certificate.client.DefaultCertificateClient.renewAndStoreKeyAndCertificate(DefaultCertificateClient.java:1172)
	... 8 more
2023-01-12 05:26:54,267 [CertificateLifetimeMonitor] INFO  client.DNCertificateClient (DefaultCertificateClient.java:run(1410)) - Current certificate has entered the expiry grace period PT0S. Starting renew key and certs.
2023-01-12 05:26:54,307 [CertificateLifetimeMonitor] INFO  ozone.OzoneSecurityUtil (OzoneSecurityUtil.java:getValidInetsForCurrentHost(119)) - ip:fe80:0:0:0:222:48ff:feaa:f404%eth0 not returned.
2023-01-12 05:26:54,308 [CertificateLifetimeMonitor] INFO  ozone.OzoneSecurityUtil (OzoneSecurityUtil.java:getValidInetsForCurrentHost(116)) - Adding ip:10.1.0.17,host:fv-az205-554.k2gd1z4tyxsu3cbgyjsjq30zwf.jx.internal.cloudapp.net
2023-01-12 05:26:54,308 [CertificateLifetimeMonitor] INFO  ozone.OzoneSecurityUtil (OzoneSecurityUtil.java:getValidInetsForCurrentHost(119)) - ip:0:0:0:0:0:0:0:1%lo not returned.
2023-01-12 05:26:54,308 [CertificateLifetimeMonitor] INFO  ozone.OzoneSecurityUtil (OzoneSecurityUtil.java:getValidInetsForCurrentHost(119)) - ip:127.0.0.1 not returned.
2023-01-12 05:26:54,308 [CertificateLifetimeMonitor] INFO  client.DNCertificateClient (DNCertificateClient.java:getCSRBuilder(98)) - Created csr for DN-> subject:runner@fv-az205-554.k2gd1z4tyxsu3cbgyjsjq30zwf.jx.internal.cloudapp.net
2023-01-12 05:26:54,319 [CertificateLifetimeMonitor] INFO  client.DNCertificateClient (DefaultCertificateClient.java:renewAndStoreKeyAndCertificate(1261)) - Successful renew key and certificate. New certificate 1116412.
2023-01-12 05:26:54,319 [CertificateLifetimeMonitor] INFO  client.DNCertificateClient (DefaultCertificateClient.java:loadAllCertificates(177)) - Loading certificate from location:/home/runner/work/ozone/ozone/hadoop-hdds/container-service/target/test-dir/cYBBMTvROp/dn/certs.
2023-01-12 05:26:54,327 [CertificateLifetimeMonitor] INFO  client.DNCertificateClient (DefaultCertificateClient.java:loadAllCertificates(218)) - Added certificate [
[
  Version: V3
  Subject: O=cluster, OU=test, CN=localhost
  Signature Algorithm: SHA256withRSA, OID = 1.2.840.113549.1.1.11

  Key:  Sun RSA public key, 1024 bits
  params: null
  modulus: 106409915867488285126068002460661911414681725694837656972462487937155027536689474725984094693078511776933523527589522666268646156150391306285474970781701588075628333273475365276052889399557167353092922166418611120043743668091374728597644944503121700909028055667829884383752018790887396871156917000085654587623
  public exponent: 65537
  Validity: [From: Thu Jan 12 05:26:36 UTC 2023,
               To: Thu Jan 12 05:26:51 UTC 2023]
  Issuer: O=cluster, OU=test, CN=localhost
  SerialNumber: [    1108fc]

]
  Algorithm: [SHA256withRSA]
  Signature:
0000: 7B 8B B2 F7 1F 6B 28 02   75 3D 86 25 0A A7 85 90  .....k(.u=.%....
0010: A0 CE F2 45 EC 3F 52 C8   53 B8 BD AE 00 94 68 4A  ...E.?R.S.....hJ
0020: 53 45 95 2D 1F AC 63 BA   A0 BF 39 C6 CD 77 4A F0  SE.-..c...9..wJ.
0030: C5 59 43 9C BA 96 06 13   DD C7 DC B4 E4 C3 B9 25  .YC............%
0040: 33 A6 F0 BF 19 28 75 DB   6A 60 FD 78 4A 02 02 04  3....(u.j`.xJ...
0050: 1D 13 DA 5E 41 EC F5 F7   B1 10 9E 9D 02 50 86 A6  ...^A........P..
0060: EB 67 F0 55 61 82 39 6F   94 29 51 86 48 DD E7 3A  .g.Ua.9o.)Q.H..:
0070: BE 54 43 95 76 44 CA F9   9C DB F6 94 CF 21 73 50  .TC.vD.......!sP

] from file:/home/runner/work/ozone/ozone/hadoop-hdds/container-service/target/test-dir/cYBBMTvROp/dn/certs/CA-1116412.crt.
2023-01-12 05:26:54,329 [CertificateLifetimeMonitor] INFO  client.DNCertificateClient (DefaultCertificateClient.java:loadAllCertificates(218)) - Added certificate [
[
  Version: V3
  Subject: O=cluster, OU=test, CN=localhost
  Signature Algorithm: SHA256withRSA, OID = 1.2.840.113549.1.1.11

  Key:  Sun RSA public key, 1024 bits
  params: null
  modulus: 106409915867488285126068002460661911414681725694837656972462487937155027536689474725984094693078511776933523527589522666268646156150391306285474970781701588075628333273475365276052889399557167353092922166418611120043743668091374728597644944503121700909028055667829884383752018790887396871156917000085654587623
  public exponent: 65537
  Validity: [From: Thu Jan 12 05:26:36 UTC 2023,
               To: Thu Jan 12 05:26:51 UTC 2023]
  Issuer: O=cluster, OU=test, CN=localhost
  SerialNumber: [    1108fc]

]
  Algorithm: [SHA256withRSA]
  Signature:
0000: 7B 8B B2 F7 1F 6B 28 02   75 3D 86 25 0A A7 85 90  .....k(.u=.%....
0010: A0 CE F2 45 EC 3F 52 C8   53 B8 BD AE 00 94 68 4A  ...E.?R.S.....hJ
0020: 53 45 95 2D 1F AC 63 BA   A0 BF 39 C6 CD 77 4A F0  SE.-..c...9..wJ.
0030: C5 59 43 9C BA 96 06 13   DD C7 DC B4 E4 C3 B9 25  .YC............%
0040: 33 A6 F0 BF 19 28 75 DB   6A 60 FD 78 4A 02 02 04  3....(u.j`.xJ...
0050: 1D 13 DA 5E 41 EC F5 F7   B1 10 9E 9D 02 50 86 A6  ...^A........P..
0060: EB 67 F0 55 61 82 39 6F   94 29 51 86 48 DD E7 3A  .g.Ua.9o.)Q.H..:
0070: BE 54 43 95 76 44 CA F9   9C DB F6 94 CF 21 73 50  .TC.vD.......!sP

] from file:/home/runner/work/ozone/ozone/hadoop-hdds/container-service/target/test-dir/cYBBMTvROp/dn/certs/1116412.crt.
2023-01-12 05:26:54,335 [CertificateLifetimeMonitor] INFO  client.DNCertificateClient (DefaultCertificateClient.java:loadAllCertificates(218)) - Added certificate [
[
  Version: V3
  Subject: O=cluster, OU=test, CN=localhost
  Signature Algorithm: SHA256withRSA, OID = 1.2.840.113549.1.1.11

  Key:  Sun RSA public key, 1024 bits
  params: null
  modulus: 106409915867488285126068002460661911414681725694837656972462487937155027536689474725984094693078511776933523527589522666268646156150391306285474970781701588075628333273475365276052889399557167353092922166418611120043743668091374728597644944503121700909028055667829884383752018790887396871156917000085654587623
  public exponent: 65537
  Validity: [From: Thu Jan 12 05:26:36 UTC 2023,
               To: Thu Jan 12 05:26:51 UTC 2023]
  Issuer: O=cluster, OU=test, CN=localhost
  SerialNumber: [    1108fc]

]
  Algorithm: [SHA256withRSA]
  Signature:
0000: 7B 8B B2 F7 1F 6B 28 02   75 3D 86 25 0A A7 85 90  .....k(.u=.%....
0010: A0 CE F2 45 EC 3F 52 C8   53 B8 BD AE 00 94 68 4A  ...E.?R.S.....hJ
0020: 53 45 95 2D 1F AC 63 BA   A0 BF 39 C6 CD 77 4A F0  SE.-..c...9..wJ.
0030: C5 59 43 9C BA 96 06 13   DD C7 DC B4 E4 C3 B9 25  .YC............%
0040: 33 A6 F0 BF 19 28 75 DB   6A 60 FD 78 4A 02 02 04  3....(u.j`.xJ...
0050: 1D 13 DA 5E 41 EC F5 F7   B1 10 9E 9D 02 50 86 A6  ...^A........P..
0060: EB 67 F0 55 61 82 39 6F   94 29 51 86 48 DD E7 3A  .g.Ua.9o.)Q.H..:
0070: BE 54 43 95 76 44 CA F9   9C DB F6 94 CF 21 73 50  .TC.vD.......!sP

] from file:/home/runner/work/ozone/ozone/hadoop-hdds/container-service/target/test-dir/cYBBMTvROp/dn/certs/ROOTCA-1116412.crt.
2023-01-12 05:26:54,335 [CertificateLifetimeMonitor] INFO  client.DNCertificateClient (DefaultCertificateClient.java:reloadKeyAndCertificate(1333)) - Reset and reload key and all certificates.
2023-01-12 05:26:54,336 [CertificateLifetimeMonitor] INFO  client.DNCertificateClient (DefaultCertificateClient.java:run(1410)) - Current certificate has entered the expiry grace period PT0S. Starting renew key and certs.
2023-01-12 05:26:54,387 [CertificateLifetimeMonitor] INFO  ozone.OzoneSecurityUtil (OzoneSecurityUtil.java:getValidInetsForCurrentHost(119)) - ip:fe80:0:0:0:222:48ff:feaa:f404%eth0 not returned.
2023-01-12 05:26:54,427 [CertificateLifetimeMonitor] INFO  ozone.OzoneSecurityUtil (OzoneSecurityUtil.java:getValidInetsForCurrentHost(116)) - Adding ip:10.1.0.17,host:fv-az205-554.k2gd1z4tyxsu3cbgyjsjq30zwf.jx.internal.cloudapp.net
2023-01-12 05:26:54,427 [CertificateLifetimeMonitor] INFO  ozone.OzoneSecurityUtil (OzoneSecurityUtil.java:getValidInetsForCurrentHost(119)) - ip:0:0:0:0:0:0:0:1%lo not returned.
2023-01-12 05:26:54,427 [CertificateLifetimeMonitor] INFO  ozone.OzoneSecurityUtil (OzoneSecurityUtil.java:getValidInetsForCurrentHost(119)) - ip:127.0.0.1 not returned.
2023-01-12 05:26:54,428 [CertificateLifetimeMonitor] INFO  client.DNCertificateClient (DNCertificateClient.java:getCSRBuilder(98)) - Created csr for DN-> subject:runner@fv-az205-554.k2gd1z4tyxsu3cbgyjsjq30zwf.jx.internal.cloudapp.net
2023-01-12 05:26:54,412 [CertificateLifetimeMonitor] ERROR client.DNCertificateClient (DefaultCertificateClient.java:createKeyPair(967)) - Error while bootstrapping certificate client.
java.io.IOException: Private key already exist.
	at org.apache.hadoop.hdds.security.x509.keys.KeyCodec.writePublicKey(KeyCodec.java:197)
	at org.apache.hadoop.hdds.security.x509.certificate.client.DefaultCertificateClient.createKeyPair(DefaultCertificateClient.java:963)
	at org.apache.hadoop.hdds.security.x509.certificate.client.DefaultCertificateClient.renewAndStoreKeyAndCertificate(DefaultCertificateClient.java:1172)
	at org.apache.hadoop.hdds.security.x509.certificate.client.DefaultCertificateClient$CertificateLifetimeMonitor.run(DefaultCertificateClient.java:1413)
	at java.util.concurrent.Executors$RunnableAdapter.call(Executors.java:511)
	at java.util.concurrent.FutureTask.runAndReset(FutureTask.java:308)
	at java.util.concurrent.ScheduledThreadPoolExecutor$ScheduledFutureTask.access$301(ScheduledThreadPoolExecutor.java:180)
	at java.util.concurrent.ScheduledThreadPoolExecutor$ScheduledFutureTask.run(ScheduledThreadPoolExecutor.java:294)
	at java.util.concurrent.ThreadPoolExecutor.runWorker(ThreadPoolExecutor.java:1149)
	at java.util.concurrent.ThreadPoolExecutor$Worker.run(ThreadPoolExecutor.java:624)
	at java.lang.Thread.run(Thread.java:750)
2023-01-12 05:26:54,428 [CertificateLifetimeMonitor] ERROR client.DNCertificateClient (DefaultCertificateClient.java:run(1423)) - Failed to renew and store key and cert. Keep using existing certificates.
org.apache.hadoop.hdds.security.x509.exceptions.CertificateException: Error while creating new key pair.
	at org.apache.hadoop.hdds.security.x509.certificate.client.DefaultCertificateClient.renewAndStoreKeyAndCertificate(DefaultCertificateClient.java:1174)
	at org.apache.hadoop.hdds.security.x509.certificate.client.DefaultCertificateClient$CertificateLifetimeMonitor.run(DefaultCertificateClient.java:1413)
	at java.util.concurrent.Executors$RunnableAdapter.call(Executors.java:511)
	at java.util.concurrent.FutureTask.runAndReset(FutureTask.java:308)
	at java.util.concurrent.ScheduledThreadPoolExecutor$ScheduledFutureTask.access$301(ScheduledThreadPoolExecutor.java:180)
	at java.util.concurrent.ScheduledThreadPoolExecutor$ScheduledFutureTask.run(ScheduledThreadPoolExecutor.java:294)
	at java.util.concurrent.ThreadPoolExecutor.runWorker(ThreadPoolExecutor.java:1149)
	at java.util.concurrent.ThreadPoolExecutor$Worker.run(ThreadPoolExecutor.java:624)
	at java.lang.Thread.run(Thread.java:750)
Caused by: org.apache.hadoop.hdds.security.x509.exceptions.CertificateException: Error while bootstrapping certificate.
	at org.apache.hadoop.hdds.security.x509.certificate.client.DefaultCertificateClient.createKeyPair(DefaultCertificateClient.java:968)
	at org.apache.hadoop.hdds.security.x509.certificate.client.DefaultCertificateClient.renewAndStoreKeyAndCertificate(DefaultCertificateClient.java:1172)
	... 8 more
2023-01-12 05:26:54,433 [CertificateLifetimeMonitor] ERROR client.DNCertificateClient (DefaultCertificateClient.java:run(1423)) - Failed to renew and store key and cert. Keep using existing certificates.
org.apache.hadoop.hdds.security.x509.exceptions.CertificateException: Error while signing and storing new certificates.
	at org.apache.hadoop.hdds.security.x509.certificate.client.DefaultCertificateClient.renewAndStoreKeyAndCertificate(DefaultCertificateClient.java:1185)
	at org.apache.hadoop.hdds.security.x509.certificate.client.DefaultCertificateClient$CertificateLifetimeMonitor.run(DefaultCertificateClient.java:1413)
	at java.util.concurrent.Executors$RunnableAdapter.call(Executors.java:511)
	at java.util.concurrent.FutureTask.runAndReset(FutureTask.java:308)
	at java.util.concurrent.ScheduledThreadPoolExecutor$ScheduledFutureTask.access$301(ScheduledThreadPoolExecutor.java:180)
	at java.util.concurrent.ScheduledThreadPoolExecutor$ScheduledFutureTask.run(ScheduledThreadPoolExecutor.java:294)
	at java.util.concurrent.ThreadPoolExecutor.runWorker(ThreadPoolExecutor.java:1149)
	at java.util.concurrent.ThreadPoolExecutor$Worker.run(ThreadPoolExecutor.java:624)
	at java.lang.Thread.run(Thread.java:750)
Caused by: org.apache.hadoop.hdds.conf.ConfigurationException: SCM Client Address could not be obtained from config. Config is not properly defined
	at org.apache.hadoop.hdds.scm.proxy.SCMSecurityProtocolFailoverProxyProvider.loadConfigs(SCMSecurityProtocolFailoverProxyProvider.java:120)
	at org.apache.hadoop.hdds.scm.proxy.SCMSecurityProtocolFailoverProxyProvider.<init>(SCMSecurityProtocolFailoverProxyProvider.java:105)
	at org.apache.hadoop.hdds.utils.HddsServerUtil.getScmSecurityClientWithMaxRetry(HddsServerUtil.java:467)
	at org.apache.hadoop.hdds.security.x509.certificate.client.DefaultCertificateClient.getScmSecureClient(DefaultCertificateClient.java:1363)
	at org.apache.hadoop.hdds.security.x509.certificate.client.DNCertificateClient.signAndStoreCertificate(DNCertificateClient.java:113)
	at org.apache.hadoop.hdds.security.x509.certificate.client.DefaultCertificateClient.renewAndStoreKeyAndCertificate(DefaultCertificateClient.java:1182)
	... 8 more
2023-01-12 05:26:54,538 [CertificateLifetimeMonitor] ERROR client.DNCertificateClient (DefaultCertificateClient.java:createKeyPair(967)) - Error while bootstrapping certificate client.
java.io.IOException: Private key already exist.
	at org.apache.hadoop.hdds.security.x509.keys.KeyCodec.writePublicKey(KeyCodec.java:197)
	at org.apache.hadoop.hdds.security.x509.certificate.client.DefaultCertificateClient.createKeyPair(DefaultCertificateClient.java:963)
	at org.apache.hadoop.hdds.security.x509.certificate.client.DefaultCertificateClient.renewAndStoreKeyAndCertificate(DefaultCertificateClient.java:1172)
	at org.apache.hadoop.hdds.security.x509.certificate.client.DefaultCertificateClient$CertificateLifetimeMonitor.run(DefaultCertificateClient.java:1413)
	at java.util.concurrent.Executors$RunnableAdapter.call(Executors.java:511)
	at java.util.concurrent.FutureTask.runAndReset(FutureTask.java:308)
	at java.util.concurrent.ScheduledThreadPoolExecutor$ScheduledFutureTask.access$301(ScheduledThreadPoolExecutor.java:180)
	at java.util.concurrent.ScheduledThreadPoolExecutor$ScheduledFutureTask.run(ScheduledThreadPoolExecutor.java:294)
	at java.util.concurrent.ThreadPoolExecutor.runWorker(ThreadPoolExecutor.java:1149)
	at java.util.concurrent.ThreadPoolExecutor$Worker.run(ThreadPoolExecutor.java:624)
	at java.lang.Thread.run(Thread.java:750)
2023-01-12 05:26:54,539 [CertificateLifetimeMonitor] ERROR client.DNCertificateClient (DefaultCertificateClient.java:run(1423)) - Failed to renew and store key and cert. Keep using existing certificates.
org.apache.hadoop.hdds.security.x509.exceptions.CertificateException: Error while creating new key pair.
	at org.apache.hadoop.hdds.security.x509.certificate.client.DefaultCertificateClient.renewAndStoreKeyAndCertificate(DefaultCertificateClient.java:1174)
	at org.apache.hadoop.hdds.security.x509.certificate.client.DefaultCertificateClient$CertificateLifetimeMonitor.run(DefaultCertificateClient.java:1413)
	at java.util.concurrent.Executors$RunnableAdapter.call(Executors.java:511)
	at java.util.concurrent.FutureTask.runAndReset(FutureTask.java:308)
	at java.util.concurrent.ScheduledThreadPoolExecutor$ScheduledFutureTask.access$301(ScheduledThreadPoolExecutor.java:180)
	at java.util.concurrent.ScheduledThreadPoolExecutor$ScheduledFutureTask.run(ScheduledThreadPoolExecutor.java:294)
	at java.util.concurrent.ThreadPoolExecutor.runWorker(ThreadPoolExecutor.java:1149)
	at java.util.concurrent.ThreadPoolExecutor$Worker.run(ThreadPoolExecutor.java:624)
	at java.lang.Thread.run(Thread.java:750)
Caused by: org.apache.hadoop.hdds.security.x509.exceptions.CertificateException: Error while bootstrapping certificate.
	at org.apache.hadoop.hdds.security.x509.certificate.client.DefaultCertificateClient.createKeyPair(DefaultCertificateClient.java:968)
	at org.apache.hadoop.hdds.security.x509.certificate.client.DefaultCertificateClient.renewAndStoreKeyAndCertificate(DefaultCertificateClient.java:1172)
	... 8 more
2023-01-12 05:26:54,549 [CertificateLifetimeMonitor] ERROR client.DNCertificateClient (DefaultCertificateClient.java:createKeyPair(967)) - Error while bootstrapping certificate client.
java.io.IOException: Private key already exist.
	at org.apache.hadoop.hdds.security.x509.keys.KeyCodec.writePublicKey(KeyCodec.java:197)
	at org.apache.hadoop.hdds.security.x509.certificate.client.DefaultCertificateClient.createKeyPair(DefaultCertificateClient.java:963)
	at org.apache.hadoop.hdds.security.x509.certificate.client.DefaultCertificateClient.renewAndStoreKeyAndCertificate(DefaultCertificateClient.java:1172)
	at org.apache.hadoop.hdds.security.x509.certificate.client.DefaultCertificateClient$CertificateLifetimeMonitor.run(DefaultCertificateClient.java:1413)
	at java.util.concurrent.Executors$RunnableAdapter.call(Executors.java:511)
	at java.util.concurrent.FutureTask.runAndReset(FutureTask.java:308)
	at java.util.concurrent.ScheduledThreadPoolExecutor$ScheduledFutureTask.access$301(ScheduledThreadPoolExecutor.java:180)
	at java.util.concurrent.ScheduledThreadPoolExecutor$ScheduledFutureTask.run(ScheduledThreadPoolExecutor.java:294)
	at java.util.concurrent.ThreadPoolExecutor.runWorker(ThreadPoolExecutor.java:1149)
	at java.util.concurrent.ThreadPoolExecutor$Worker.run(ThreadPoolExecutor.java:624)
	at java.lang.Thread.run(Thread.java:750)
2023-01-12 05:26:54,549 [CertificateLifetimeMonitor] ERROR client.DNCertificateClient (DefaultCertificateClient.java:run(1423)) - Failed to renew and store key and cert. Keep using existing certificates.
org.apache.hadoop.hdds.security.x509.exceptions.CertificateException: Error while creating new key pair.
	at org.apache.hadoop.hdds.security.x509.certificate.client.DefaultCertificateClient.renewAndStoreKeyAndCertificate(DefaultCertificateClient.java:1174)
	at org.apache.hadoop.hdds.security.x509.certificate.client.DefaultCertificateClient$CertificateLifetimeMonitor.run(DefaultCertificateClient.java:1413)
	at java.util.concurrent.Executors$RunnableAdapter.call(Executors.java:511)
	at java.util.concurrent.FutureTask.runAndReset(FutureTask.java:308)
	at java.util.concurrent.ScheduledThreadPoolExecutor$ScheduledFutureTask.access$301(ScheduledThreadPoolExecutor.java:180)
	at java.util.concurrent.ScheduledThreadPoolExecutor$ScheduledFutureTask.run(ScheduledThreadPoolExecutor.java:294)
	at java.util.concurrent.ThreadPoolExecutor.runWorker(ThreadPoolExecutor.java:1149)
	at java.util.concurrent.ThreadPoolExecutor$Worker.run(ThreadPoolExecutor.java:624)
	at java.lang.Thread.run(Thread.java:750)
Caused by: org.apache.hadoop.hdds.security.x509.exceptions.CertificateException: Error while bootstrapping certificate.
	at org.apache.hadoop.hdds.security.x509.certificate.client.DefaultCertificateClient.createKeyPair(DefaultCertificateClient.java:968)
	at org.apache.hadoop.hdds.security.x509.certificate.client.DefaultCertificateClient.renewAndStoreKeyAndCertificate(DefaultCertificateClient.java:1172)
	... 8 more
2023-01-12 05:26:54,549 [CertificateLifetimeMonitor] INFO  client.DNCertificateClient (DefaultCertificateClient.java:run(1410)) - Current certificate has entered the expiry grace period PT0S. Starting renew key and certs.
2023-01-12 05:26:54,994 [CertificateLifetimeMonitor] INFO  client.DNCertificateClient (DefaultCertificateClient.java:run(1410)) - Current certificate has entered the expiry grace period PT0S. Starting renew key and certs.
2023-01-12 05:26:54,998 [CertificateLifetimeMonitor] INFO  client.DNCertificateClient (DefaultCertificateClient.java:run(1410)) - Current certificate has entered the expiry grace period PT0S. Starting renew key and certs.
2023-01-12 05:26:54,999 [CertificateLifetimeMonitor] INFO  client.DNCertificateClient (DefaultCertificateClient.java:run(1410)) - Current certificate has entered the expiry grace period PT0S. Starting renew key and certs.
2023-01-12 05:26:55,003 [CertificateLifetimeMonitor] INFO  client.DNCertificateClient (DefaultCertificateClient.java:run(1410)) - Current certificate has entered the expiry grace period PT0S. Starting renew key and certs.
2023-01-12 05:26:55,039 [CertificateLifetimeMonitor] INFO  client.DNCertificateClient (DefaultCertificateClient.java:run(1410)) - Current certificate has entered the expiry grace period PT0S. Starting renew key and certs.
2023-01-12 05:26:55,101 [CertificateLifetimeMonitor] INFO  ozone.OzoneSecurityUtil (OzoneSecurityUtil.java:getValidInetsForCurrentHost(119)) - ip:fe80:0:0:0:222:48ff:feaa:f404%eth0 not returned.
2023-01-12 05:26:55,101 [CertificateLifetimeMonitor] INFO  ozone.OzoneSecurityUtil (OzoneSecurityUtil.java:getValidInetsForCurrentHost(116)) - Adding ip:10.1.0.17,host:fv-az205-554.k2gd1z4tyxsu3cbgyjsjq30zwf.jx.internal.cloudapp.net
2023-01-12 05:26:55,102 [CertificateLifetimeMonitor] INFO  ozone.OzoneSecurityUtil (OzoneSecurityUtil.java:getValidInetsForCurrentHost(119)) - ip:0:0:0:0:0:0:0:1%lo not returned.
2023-01-12 05:26:55,102 [CertificateLifetimeMonitor] INFO  ozone.OzoneSecurityUtil (OzoneSecurityUtil.java:getValidInetsForCurrentHost(119)) - ip:127.0.0.1 not returned.
2023-01-12 05:26:55,102 [CertificateLifetimeMonitor] INFO  client.DNCertificateClient (DNCertificateClient.java:getCSRBuilder(98)) - Created csr for DN-> subject:runner@fv-az205-554.k2gd1z4tyxsu3cbgyjsjq30zwf.jx.internal.cloudapp.net
2023-01-12 05:26:55,121 [CertificateLifetimeMonitor] ERROR client.DNCertificateClient (DNCertificateClient.java:signAndStoreCertificate(140)) - Error while signing and storing SCM signed certificate.
org.apache.hadoop.hdds.security.x509.exceptions.CertificateException: Unable to retrieve datanode certificate chain.
	at org.apache.hadoop.hdds.security.x509.certificate.client.DNCertificateClient.signAndStoreCertificate(DNCertificateClient.java:136)
	at org.apache.hadoop.hdds.security.x509.certificate.client.DefaultCertificateClient.renewAndStoreKeyAndCertificate(DefaultCertificateClient.java:1182)
	at org.apache.hadoop.hdds.security.x509.certificate.client.DefaultCertificateClient$CertificateLifetimeMonitor.run(DefaultCertificateClient.java:1413)
	at java.util.concurrent.Executors$RunnableAdapter.call(Executors.java:511)
	at java.util.concurrent.FutureTask.runAndReset(FutureTask.java:308)
	at java.util.concurrent.ScheduledThreadPoolExecutor$ScheduledFutureTask.access$301(ScheduledThreadPoolExecutor.java:180)
	at java.util.concurrent.ScheduledThreadPoolExecutor$ScheduledFutureTask.run(ScheduledThreadPoolExecutor.java:294)
	at java.util.concurrent.ThreadPoolExecutor.runWorker(ThreadPoolExecutor.java:1149)
	at java.util.concurrent.ThreadPoolExecutor$Worker.run(ThreadPoolExecutor.java:624)
	at java.lang.Thread.run(Thread.java:750)
2023-01-12 05:26:55,121 [CertificateLifetimeMonitor] ERROR client.DNCertificateClient (DefaultCertificateClient.java:run(1423)) - Failed to renew and store key and cert. Keep using existing certificates.
org.apache.hadoop.hdds.security.x509.exceptions.CertificateException: Error while signing and storing new certificates.
	at org.apache.hadoop.hdds.security.x509.certificate.client.DefaultCertificateClient.renewAndStoreKeyAndCertificate(DefaultCertificateClient.java:1185)
	at org.apache.hadoop.hdds.security.x509.certificate.client.DefaultCertificateClient$CertificateLifetimeMonitor.run(DefaultCertificateClient.java:1413)
	at java.util.concurrent.Executors$RunnableAdapter.call(Executors.java:511)
	at java.util.concurrent.FutureTask.runAndReset(FutureTask.java:308)
	at java.util.concurrent.ScheduledThreadPoolExecutor$ScheduledFutureTask.access$301(ScheduledThreadPoolExecutor.java:180)
	at java.util.concurrent.ScheduledThreadPoolExecutor$ScheduledFutureTask.run(ScheduledThreadPoolExecutor.java:294)
	at java.util.concurrent.ThreadPoolExecutor.runWorker(ThreadPoolExecutor.java:1149)
	at java.util.concurrent.ThreadPoolExecutor$Worker.run(ThreadPoolExecutor.java:624)
	at java.lang.Thread.run(Thread.java:750)
Caused by: org.apache.hadoop.hdds.security.x509.exceptions.CertificateException: Error while signing and storing SCM signed certificate.
	at org.apache.hadoop.hdds.security.x509.certificate.client.DNCertificateClient.signAndStoreCertificate(DNCertificateClient.java:141)
	at org.apache.hadoop.hdds.security.x509.certificate.client.DefaultCertificateClient.renewAndStoreKeyAndCertificate(DefaultCertificateClient.java:1182)
	... 8 more
Caused by: org.apache.hadoop.hdds.security.x509.exceptions.CertificateException: Unable to retrieve datanode certificate chain.
	at org.apache.hadoop.hdds.security.x509.certificate.client.DNCertificateClient.signAndStoreCertificate(DNCertificateClient.java:136)
	... 9 more
2023-01-12 05:26:55,175 [CertificateLifetimeMonitor] ERROR client.DNCertificateClient (DefaultCertificateClient.java:createKeyPair(967)) - Error while bootstrapping certificate client.
java.io.IOException: Private key already exist.
	at org.apache.hadoop.hdds.security.x509.keys.KeyCodec.writePublicKey(KeyCodec.java:197)
	at org.apache.hadoop.hdds.security.x509.certificate.client.DefaultCertificateClient.createKeyPair(DefaultCertificateClient.java:963)
	at org.apache.hadoop.hdds.security.x509.certificate.client.DefaultCertificateClient.renewAndStoreKeyAndCertificate(DefaultCertificateClient.java:1172)
	at org.apache.hadoop.hdds.security.x509.certificate.client.DefaultCertificateClient$CertificateLifetimeMonitor.run(DefaultCertificateClient.java:1413)
	at java.util.concurrent.Executors$RunnableAdapter.call(Executors.java:511)
	at java.util.concurrent.FutureTask.runAndReset(FutureTask.java:308)
	at java.util.concurrent.ScheduledThreadPoolExecutor$ScheduledFutureTask.access$301(ScheduledThreadPoolExecutor.java:180)
	at java.util.concurrent.ScheduledThreadPoolExecutor$ScheduledFutureTask.run(ScheduledThreadPoolExecutor.java:294)
	at java.util.concurrent.ThreadPoolExecutor.runWorker(ThreadPoolExecutor.java:1149)
	at java.util.concurrent.ThreadPoolExecutor$Worker.run(ThreadPoolExecutor.java:624)
	at java.lang.Thread.run(Thread.java:750)
2023-01-12 05:26:55,176 [CertificateLifetimeMonitor] ERROR client.DNCertificateClient (DefaultCertificateClient.java:run(1423)) - Failed to renew and store key and cert. Keep using existing certificates.
org.apache.hadoop.hdds.security.x509.exceptions.CertificateException: Error while creating new key pair.
	at org.apache.hadoop.hdds.security.x509.certificate.client.DefaultCertificateClient.renewAndStoreKeyAndCertificate(DefaultCertificateClient.java:1174)
	at org.apache.hadoop.hdds.security.x509.certificate.client.DefaultCertificateClient$CertificateLifetimeMonitor.run(DefaultCertificateClient.java:1413)
	at java.util.concurrent.Executors$RunnableAdapter.call(Executors.java:511)
	at java.util.concurrent.FutureTask.runAndReset(FutureTask.java:308)
	at java.util.concurrent.ScheduledThreadPoolExecutor$ScheduledFutureTask.access$301(ScheduledThreadPoolExecutor.java:180)
	at java.util.concurrent.ScheduledThreadPoolExecutor$ScheduledFutureTask.run(ScheduledThreadPoolExecutor.java:294)
	at java.util.concurrent.ThreadPoolExecutor.runWorker(ThreadPoolExecutor.java:1149)
	at java.util.concurrent.ThreadPoolExecutor$Worker.run(ThreadPoolExecutor.java:624)
	at java.lang.Thread.run(Thread.java:750)
Caused by: org.apache.hadoop.hdds.security.x509.exceptions.CertificateException: Error while bootstrapping certificate.
	at org.apache.hadoop.hdds.security.x509.certificate.client.DefaultCertificateClient.createKeyPair(DefaultCertificateClient.java:968)
	at org.apache.hadoop.hdds.security.x509.certificate.client.DefaultCertificateClient.renewAndStoreKeyAndCertificate(DefaultCertificateClient.java:1172)
	... 8 more
2023-01-12 05:26:55,176 [CertificateLifetimeMonitor] INFO  client.DNCertificateClient (DefaultCertificateClient.java:run(1410)) - Current certificate has entered the expiry grace period PT0S. Starting renew key and certs.
2023-01-12 05:26:55,535 [CertificateLifetimeMonitor] INFO  ozone.OzoneSecurityUtil (OzoneSecurityUtil.java:getValidInetsForCurrentHost(119)) - ip:fe80:0:0:0:222:48ff:feaa:f404%eth0 not returned.
2023-01-12 05:26:55,535 [CertificateLifetimeMonitor] INFO  ozone.OzoneSecurityUtil (OzoneSecurityUtil.java:getValidInetsForCurrentHost(116)) - Adding ip:10.1.0.17,host:fv-az205-554.k2gd1z4tyxsu3cbgyjsjq30zwf.jx.internal.cloudapp.net
2023-01-12 05:26:55,535 [CertificateLifetimeMonitor] INFO  ozone.OzoneSecurityUtil (OzoneSecurityUtil.java:getValidInetsForCurrentHost(119)) - ip:0:0:0:0:0:0:0:1%lo not returned.
2023-01-12 05:26:55,536 [CertificateLifetimeMonitor] INFO  ozone.OzoneSecurityUtil (OzoneSecurityUtil.java:getValidInetsForCurrentHost(119)) - ip:127.0.0.1 not returned.
2023-01-12 05:26:55,536 [CertificateLifetimeMonitor] INFO  client.DNCertificateClient (DNCertificateClient.java:getCSRBuilder(98)) - Created csr for DN-> subject:runner@fv-az205-554.k2gd1z4tyxsu3cbgyjsjq30zwf.jx.internal.cloudapp.net
2023-01-12 05:26:55,547 [CertificateLifetimeMonitor] ERROR client.DNCertificateClient (DefaultCertificateClient.java:run(1423)) - Failed to renew and store key and cert. Keep using existing certificates.
org.apache.hadoop.hdds.security.x509.exceptions.CertificateException: Error while signing and storing new certificates.
	at org.apache.hadoop.hdds.security.x509.certificate.client.DefaultCertificateClient.renewAndStoreKeyAndCertificate(DefaultCertificateClient.java:1185)
	at org.apache.hadoop.hdds.security.x509.certificate.client.DefaultCertificateClient$CertificateLifetimeMonitor.run(DefaultCertificateClient.java:1413)
	at java.util.concurrent.Executors$RunnableAdapter.call(Executors.java:511)
	at java.util.concurrent.FutureTask.runAndReset(FutureTask.java:308)
	at java.util.concurrent.ScheduledThreadPoolExecutor$ScheduledFutureTask.access$301(ScheduledThreadPoolExecutor.java:180)
	at java.util.concurrent.ScheduledThreadPoolExecutor$ScheduledFutureTask.run(ScheduledThreadPoolExecutor.java:294)
	at java.util.concurrent.ThreadPoolExecutor.runWorker(ThreadPoolExecutor.java:1149)
	at java.util.concurrent.ThreadPoolExecutor$Worker.run(ThreadPoolExecutor.java:624)
	at java.lang.Thread.run(Thread.java:750)
Caused by: org.apache.hadoop.hdds.conf.ConfigurationException: SCM Client Address could not be obtained from config. Config is not properly defined
	at org.apache.hadoop.hdds.scm.proxy.SCMSecurityProtocolFailoverProxyProvider.loadConfigs(SCMSecurityProtocolFailoverProxyProvider.java:120)
	at org.apache.hadoop.hdds.scm.proxy.SCMSecurityProtocolFailoverProxyProvider.<init>(SCMSecurityProtocolFailoverProxyProvider.java:105)
	at org.apache.hadoop.hdds.utils.HddsServerUtil.getScmSecurityClientWithMaxRetry(HddsServerUtil.java:467)
	at org.apache.hadoop.hdds.security.x509.certificate.client.DefaultCertificateClient.getScmSecureClient(DefaultCertificateClient.java:1363)
	at org.apache.hadoop.hdds.security.x509.certificate.client.DNCertificateClient.signAndStoreCertificate(DNCertificateClient.java:113)
	at org.apache.hadoop.hdds.security.x509.certificate.client.DefaultCertificateClient.renewAndStoreKeyAndCertificate(DefaultCertificateClient.java:1182)
	... 8 more
2023-01-12 05:26:55,585 [CertificateLifetimeMonitor] ERROR client.DNCertificateClient (DefaultCertificateClient.java:createKeyPair(967)) - Error while bootstrapping certificate client.
java.io.IOException: Private key already exist.
	at org.apache.hadoop.hdds.security.x509.keys.KeyCodec.writePublicKey(KeyCodec.java:197)
	at org.apache.hadoop.hdds.security.x509.certificate.client.DefaultCertificateClient.createKeyPair(DefaultCertificateClient.java:963)
	at org.apache.hadoop.hdds.security.x509.certificate.client.DefaultCertificateClient.renewAndStoreKeyAndCertificate(DefaultCertificateClient.java:1172)
	at org.apache.hadoop.hdds.security.x509.certificate.client.DefaultCertificateClient$CertificateLifetimeMonitor.run(DefaultCertificateClient.java:1413)
	at java.util.concurrent.Executors$RunnableAdapter.call(Executors.java:511)
	at java.util.concurrent.FutureTask.runAndReset(FutureTask.java:308)
	at java.util.concurrent.ScheduledThreadPoolExecutor$ScheduledFutureTask.access$301(ScheduledThreadPoolExecutor.java:180)
	at java.util.concurrent.ScheduledThreadPoolExecutor$ScheduledFutureTask.run(ScheduledThreadPoolExecutor.java:294)
	at java.util.concurrent.ThreadPoolExecutor.runWorker(ThreadPoolExecutor.java:1149)
	at java.util.concurrent.ThreadPoolExecutor$Worker.run(ThreadPoolExecutor.java:624)
	at java.lang.Thread.run(Thread.java:750)
2023-01-12 05:26:55,586 [CertificateLifetimeMonitor] ERROR client.DNCertificateClient (DefaultCertificateClient.java:run(1423)) - Failed to renew and store key and cert. Keep using existing certificates.
org.apache.hadoop.hdds.security.x509.exceptions.CertificateException: Error while creating new key pair.
	at org.apache.hadoop.hdds.security.x509.certificate.client.DefaultCertificateClient.renewAndStoreKeyAndCertificate(DefaultCertificateClient.java:1174)
	at org.apache.hadoop.hdds.security.x509.certificate.client.DefaultCertificateClient$CertificateLifetimeMonitor.run(DefaultCertificateClient.java:1413)
	at java.util.concurrent.Executors$RunnableAdapter.call(Executors.java:511)
	at java.util.concurrent.FutureTask.runAndReset(FutureTask.java:308)
	at java.util.concurrent.ScheduledThreadPoolExecutor$ScheduledFutureTask.access$301(ScheduledThreadPoolExecutor.java:180)
	at java.util.concurrent.ScheduledThreadPoolExecutor$ScheduledFutureTask.run(ScheduledThreadPoolExecutor.java:294)
	at java.util.concurrent.ThreadPoolExecutor.runWorker(ThreadPoolExecutor.java:1149)
	at java.util.concurrent.ThreadPoolExecutor$Worker.run(ThreadPoolExecutor.java:624)
	at java.lang.Thread.run(Thread.java:750)
Caused by: org.apache.hadoop.hdds.security.x509.exceptions.CertificateException: Error while bootstrapping certificate.
	at org.apache.hadoop.hdds.security.x509.certificate.client.DefaultCertificateClient.createKeyPair(DefaultCertificateClient.java:968)
	at org.apache.hadoop.hdds.security.x509.certificate.client.DefaultCertificateClient.renewAndStoreKeyAndCertificate(DefaultCertificateClient.java:1172)
	... 8 more
2023-01-12 05:26:55,762 [CertificateLifetimeMonitor] ERROR client.DNCertificateClient (DefaultCertificateClient.java:createKeyPair(967)) - Error while bootstrapping certificate client.
java.io.IOException: Private key already exist.
	at org.apache.hadoop.hdds.security.x509.keys.KeyCodec.writePublicKey(KeyCodec.java:197)
	at org.apache.hadoop.hdds.security.x509.certificate.client.DefaultCertificateClient.createKeyPair(DefaultCertificateClient.java:963)
	at org.apache.hadoop.hdds.security.x509.certificate.client.DefaultCertificateClient.renewAndStoreKeyAndCertificate(DefaultCertificateClient.java:1172)
	at org.apache.hadoop.hdds.security.x509.certificate.client.DefaultCertificateClient$CertificateLifetimeMonitor.run(DefaultCertificateClient.java:1413)
	at java.util.concurrent.Executors$RunnableAdapter.call(Executors.java:511)
	at java.util.concurrent.FutureTask.runAndReset(FutureTask.java:308)
	at java.util.concurrent.ScheduledThreadPoolExecutor$ScheduledFutureTask.access$301(ScheduledThreadPoolExecutor.java:180)
	at java.util.concurrent.ScheduledThreadPoolExecutor$ScheduledFutureTask.run(ScheduledThreadPoolExecutor.java:294)
	at java.util.concurrent.ThreadPoolExecutor.runWorker(ThreadPoolExecutor.java:1149)
	at java.util.concurrent.ThreadPoolExecutor$Worker.run(ThreadPoolExecutor.java:624)
	at java.lang.Thread.run(Thread.java:750)
2023-01-12 05:26:55,762 [CertificateLifetimeMonitor] ERROR client.DNCertificateClient (DefaultCertificateClient.java:run(1423)) - Failed to renew and store key and cert. Keep using existing certificates.
org.apache.hadoop.hdds.security.x509.exceptions.CertificateException: Error while creating new key pair.
	at org.apache.hadoop.hdds.security.x509.certificate.client.DefaultCertificateClient.renewAndStoreKeyAndCertificate(DefaultCertificateClient.java:1174)
	at org.apache.hadoop.hdds.security.x509.certificate.client.DefaultCertificateClient$CertificateLifetimeMonitor.run(DefaultCertificateClient.java:1413)
	at java.util.concurrent.Executors$RunnableAdapter.call(Executors.java:511)
	at java.util.concurrent.FutureTask.runAndReset(FutureTask.java:308)
	at java.util.concurrent.ScheduledThreadPoolExecutor$ScheduledFutureTask.access$301(ScheduledThreadPoolExecutor.java:180)
	at java.util.concurrent.ScheduledThreadPoolExecutor$ScheduledFutureTask.run(ScheduledThreadPoolExecutor.java:294)
	at java.util.concurrent.ThreadPoolExecutor.runWorker(ThreadPoolExecutor.java:1149)
	at java.util.concurrent.ThreadPoolExecutor$Worker.run(ThreadPoolExecutor.java:624)
	at java.lang.Thread.run(Thread.java:750)
Caused by: org.apache.hadoop.hdds.security.x509.exceptions.CertificateException: Error while bootstrapping certificate.
	at org.apache.hadoop.hdds.security.x509.certificate.client.DefaultCertificateClient.createKeyPair(DefaultCertificateClient.java:968)
	at org.apache.hadoop.hdds.security.x509.certificate.client.DefaultCertificateClient.renewAndStoreKeyAndCertificate(DefaultCertificateClient.java:1172)
	... 8 more
2023-01-12 05:26:55,881 [CertificateLifetimeMonitor] ERROR client.DNCertificateClient (DefaultCertificateClient.java:createKeyPair(967)) - Error while bootstrapping certificate client.
java.io.IOException: Private key already exist.
	at org.apache.hadoop.hdds.security.x509.keys.KeyCodec.writePublicKey(KeyCodec.java:197)
	at org.apache.hadoop.hdds.security.x509.certificate.client.DefaultCertificateClient.createKeyPair(DefaultCertificateClient.java:963)
	at org.apache.hadoop.hdds.security.x509.certificate.client.DefaultCertificateClient.renewAndStoreKeyAndCertificate(DefaultCertificateClient.java:1172)
	at org.apache.hadoop.hdds.security.x509.certificate.client.DefaultCertificateClient$CertificateLifetimeMonitor.run(DefaultCertificateClient.java:1413)
	at java.util.concurrent.Executors$RunnableAdapter.call(Executors.java:511)
	at java.util.concurrent.FutureTask.runAndReset(FutureTask.java:308)
	at java.util.concurrent.ScheduledThreadPoolExecutor$ScheduledFutureTask.access$301(ScheduledThreadPoolExecutor.java:180)
	at java.util.concurrent.ScheduledThreadPoolExecutor$ScheduledFutureTask.run(ScheduledThreadPoolExecutor.java:294)
	at java.util.concurrent.ThreadPoolExecutor.runWorker(ThreadPoolExecutor.java:1149)
	at java.util.concurrent.ThreadPoolExecutor$Worker.run(ThreadPoolExecutor.java:624)
	at java.lang.Thread.run(Thread.java:750)
2023-01-12 05:26:55,881 [CertificateLifetimeMonitor] ERROR client.DNCertificateClient (DefaultCertificateClient.java:run(1423)) - Failed to renew and store key and cert. Keep using existing certificates.
org.apache.hadoop.hdds.security.x509.exceptions.CertificateException: Error while creating new key pair.
	at org.apache.hadoop.hdds.security.x509.certificate.client.DefaultCertificateClient.renewAndStoreKeyAndCertificate(DefaultCertificateClient.java:1174)
	at org.apache.hadoop.hdds.security.x509.certificate.client.DefaultCertificateClient$CertificateLifetimeMonitor.run(DefaultCertificateClient.java:1413)
	at java.util.concurrent.Executors$RunnableAdapter.call(Executors.java:511)
	at java.util.concurrent.FutureTask.runAndReset(FutureTask.java:308)
	at java.util.concurrent.ScheduledThreadPoolExecutor$ScheduledFutureTask.access$301(ScheduledThreadPoolExecutor.java:180)
	at java.util.concurrent.ScheduledThreadPoolExecutor$ScheduledFutureTask.run(ScheduledThreadPoolExecutor.java:294)
	at java.util.concurrent.ThreadPoolExecutor.runWorker(ThreadPoolExecutor.java:1149)
	at java.util.concurrent.ThreadPoolExecutor$Worker.run(ThreadPoolExecutor.java:624)
	at java.lang.Thread.run(Thread.java:750)
Caused by: org.apache.hadoop.hdds.security.x509.exceptions.CertificateException: Error while bootstrapping certificate.
	at org.apache.hadoop.hdds.security.x509.certificate.client.DefaultCertificateClient.createKeyPair(DefaultCertificateClient.java:968)
	at org.apache.hadoop.hdds.security.x509.certificate.client.DefaultCertificateClient.renewAndStoreKeyAndCertificate(DefaultCertificateClient.java:1172)
	... 8 more
2023-01-12 05:26:55,904 [CertificateLifetimeMonitor] ERROR client.DNCertificateClient (DefaultCertificateClient.java:createKeyPair(967)) - Error while bootstrapping certificate client.
java.io.IOException: Private key already exist.
	at org.apache.hadoop.hdds.security.x509.keys.KeyCodec.writePublicKey(KeyCodec.java:197)
	at org.apache.hadoop.hdds.security.x509.certificate.client.DefaultCertificateClient.createKeyPair(DefaultCertificateClient.java:963)
	at org.apache.hadoop.hdds.security.x509.certificate.client.DefaultCertificateClient.renewAndStoreKeyAndCertificate(DefaultCertificateClient.java:1172)
	at org.apache.hadoop.hdds.security.x509.certificate.client.DefaultCertificateClient$CertificateLifetimeMonitor.run(DefaultCertificateClient.java:1413)
	at java.util.concurrent.Executors$RunnableAdapter.call(Executors.java:511)
	at java.util.concurrent.FutureTask.runAndReset(FutureTask.java:308)
	at java.util.concurrent.ScheduledThreadPoolExecutor$ScheduledFutureTask.access$301(ScheduledThreadPoolExecutor.java:180)
	at java.util.concurrent.ScheduledThreadPoolExecutor$ScheduledFutureTask.run(ScheduledThreadPoolExecutor.java:294)
	at java.util.concurrent.ThreadPoolExecutor.runWorker(ThreadPoolExecutor.java:1149)
	at java.util.concurrent.ThreadPoolExecutor$Worker.run(ThreadPoolExecutor.java:624)
	at java.lang.Thread.run(Thread.java:750)
2023-01-12 05:26:55,904 [CertificateLifetimeMonitor] ERROR client.DNCertificateClient (DefaultCertificateClient.java:run(1423)) - Failed to renew and store key and cert. Keep using existing certificates.
org.apache.hadoop.hdds.security.x509.exceptions.CertificateException: Error while creating new key pair.
	at org.apache.hadoop.hdds.security.x509.certificate.client.DefaultCertificateClient.renewAndStoreKeyAndCertificate(DefaultCertificateClient.java:1174)
	at org.apache.hadoop.hdds.security.x509.certificate.client.DefaultCertificateClient$CertificateLifetimeMonitor.run(DefaultCertificateClient.java:1413)
	at java.util.concurrent.Executors$RunnableAdapter.call(Executors.java:511)
	at java.util.concurrent.FutureTask.runAndReset(FutureTask.java:308)
	at java.util.concurrent.ScheduledThreadPoolExecutor$ScheduledFutureTask.access$301(ScheduledThreadPoolExecutor.java:180)
	at java.util.concurrent.ScheduledThreadPoolExecutor$ScheduledFutureTask.run(ScheduledThreadPoolExecutor.java:294)
	at java.util.concurrent.ThreadPoolExecutor.runWorker(ThreadPoolExecutor.java:1149)
	at java.util.concurrent.ThreadPoolExecutor$Worker.run(ThreadPoolExecutor.java:624)
	at java.lang.Thread.run(Thread.java:750)
Caused by: org.apache.hadoop.hdds.security.x509.exceptions.CertificateException: Error while bootstrapping certificate.
	at org.apache.hadoop.hdds.security.x509.certificate.client.DefaultCertificateClient.createKeyPair(DefaultCertificateClient.java:968)
	at org.apache.hadoop.hdds.security.x509.certificate.client.DefaultCertificateClient.renewAndStoreKeyAndCertificate(DefaultCertificateClient.java:1172)
	... 8 more
2023-01-12 05:26:55,933 [CertificateLifetimeMonitor] INFO  client.DNCertificateClient (DefaultCertificateClient.java:run(1410)) - Current certificate has entered the expiry grace period PT0S. Starting renew key and certs.
2023-01-12 05:26:56,128 [CertificateLifetimeMonitor] INFO  ozone.OzoneSecurityUtil (OzoneSecurityUtil.java:getValidInetsForCurrentHost(119)) - ip:fe80:0:0:0:222:48ff:feaa:f404%eth0 not returned.
2023-01-12 05:26:56,128 [CertificateLifetimeMonitor] INFO  ozone.OzoneSecurityUtil (OzoneSecurityUtil.java:getValidInetsForCurrentHost(116)) - Adding ip:10.1.0.17,host:fv-az205-554.k2gd1z4tyxsu3cbgyjsjq30zwf.jx.internal.cloudapp.net
2023-01-12 05:26:56,128 [CertificateLifetimeMonitor] INFO  ozone.OzoneSecurityUtil (OzoneSecurityUtil.java:getValidInetsForCurrentHost(119)) - ip:0:0:0:0:0:0:0:1%lo not returned.
2023-01-12 05:26:56,128 [CertificateLifetimeMonitor] INFO  ozone.OzoneSecurityUtil (OzoneSecurityUtil.java:getValidInetsForCurrentHost(119)) - ip:127.0.0.1 not returned.
2023-01-12 05:26:56,129 [CertificateLifetimeMonitor] INFO  client.DNCertificateClient (DNCertificateClient.java:getCSRBuilder(98)) - Created csr for DN-> subject:runner@fv-az205-554.k2gd1z4tyxsu3cbgyjsjq30zwf.jx.internal.cloudapp.net
2023-01-12 05:26:56,132 [CertificateLifetimeMonitor] ERROR client.DNCertificateClient (DNCertificateClient.java:signAndStoreCertificate(140)) - Error while signing and storing SCM signed certificate.
org.apache.hadoop.hdds.security.x509.exceptions.CertificateException: Unable to retrieve datanode certificate chain.
	at org.apache.hadoop.hdds.security.x509.certificate.client.DNCertificateClient.signAndStoreCertificate(DNCertificateClient.java:136)
	at org.apache.hadoop.hdds.security.x509.certificate.client.DefaultCertificateClient.renewAndStoreKeyAndCertificate(DefaultCertificateClient.java:1182)
	at org.apache.hadoop.hdds.security.x509.certificate.client.DefaultCertificateClient$CertificateLifetimeMonitor.run(DefaultCertificateClient.java:1413)
	at java.util.concurrent.Executors$RunnableAdapter.call(Executors.java:511)
	at java.util.concurrent.FutureTask.runAndReset(FutureTask.java:308)
	at java.util.concurrent.ScheduledThreadPoolExecutor$ScheduledFutureTask.access$301(ScheduledThreadPoolExecutor.java:180)
	at java.util.concurrent.ScheduledThreadPoolExecutor$ScheduledFutureTask.run(ScheduledThreadPoolExecutor.java:294)
	at java.util.concurrent.ThreadPoolExecutor.runWorker(ThreadPoolExecutor.java:1149)
	at java.util.concurrent.ThreadPoolExecutor$Worker.run(ThreadPoolExecutor.java:624)
	at java.lang.Thread.run(Thread.java:750)
2023-01-12 05:26:56,132 [CertificateLifetimeMonitor] ERROR client.DNCertificateClient (DefaultCertificateClient.java:run(1423)) - Failed to renew and store key and cert. Keep using existing certificates.
org.apache.hadoop.hdds.security.x509.exceptions.CertificateException: Error while signing and storing new certificates.
	at org.apache.hadoop.hdds.security.x509.certificate.client.DefaultCertificateClient.renewAndStoreKeyAndCertificate(DefaultCertificateClient.java:1185)
	at org.apache.hadoop.hdds.security.x509.certificate.client.DefaultCertificateClient$CertificateLifetimeMonitor.run(DefaultCertificateClient.java:1413)
	at java.util.concurrent.Executors$RunnableAdapter.call(Executors.java:511)
	at java.util.concurrent.FutureTask.runAndReset(FutureTask.java:308)
	at java.util.concurrent.ScheduledThreadPoolExecutor$ScheduledFutureTask.access$301(ScheduledThreadPoolExecutor.java:180)
	at java.util.concurrent.ScheduledThreadPoolExecutor$ScheduledFutureTask.run(ScheduledThreadPoolExecutor.java:294)
	at java.util.concurrent.ThreadPoolExecutor.runWorker(ThreadPoolExecutor.java:1149)
	at java.util.concurrent.ThreadPoolExecutor$Worker.run(ThreadPoolExecutor.java:624)
	at java.lang.Thread.run(Thread.java:750)
Caused by: org.apache.hadoop.hdds.security.x509.exceptions.CertificateException: Error while signing and storing SCM signed certificate.
	at org.apache.hadoop.hdds.security.x509.certificate.client.DNCertificateClient.signAndStoreCertificate(DNCertificateClient.java:141)
	at org.apache.hadoop.hdds.security.x509.certificate.client.DefaultCertificateClient.renewAndStoreKeyAndCertificate(DefaultCertificateClient.java:1182)
	... 8 more
Caused by: org.apache.hadoop.hdds.security.x509.exceptions.CertificateException: Unable to retrieve datanode certificate chain.
	at org.apache.hadoop.hdds.security.x509.certificate.client.DNCertificateClient.signAndStoreCertificate(DNCertificateClient.java:136)
	... 9 more
2023-01-12 05:26:56,132 [CertificateLifetimeMonitor] INFO  client.DNCertificateClient (DefaultCertificateClient.java:run(1410)) - Current certificate has entered the expiry grace period PT0S. Starting renew key and certs.
2023-01-12 05:26:56,312 [CertificateLifetimeMonitor] INFO  ozone.OzoneSecurityUtil (OzoneSecurityUtil.java:getValidInetsForCurrentHost(119)) - ip:fe80:0:0:0:222:48ff:feaa:f404%eth0 not returned.
2023-01-12 05:26:56,312 [CertificateLifetimeMonitor] INFO  ozone.OzoneSecurityUtil (OzoneSecurityUtil.java:getValidInetsForCurrentHost(116)) - Adding ip:10.1.0.17,host:fv-az205-554.k2gd1z4tyxsu3cbgyjsjq30zwf.jx.internal.cloudapp.net
2023-01-12 05:26:56,312 [CertificateLifetimeMonitor] INFO  ozone.OzoneSecurityUtil (OzoneSecurityUtil.java:getValidInetsForCurrentHost(119)) - ip:0:0:0:0:0:0:0:1%lo not returned.
2023-01-12 05:26:56,312 [CertificateLifetimeMonitor] INFO  ozone.OzoneSecurityUtil (OzoneSecurityUtil.java:getValidInetsForCurrentHost(119)) - ip:127.0.0.1 not returned.
2023-01-12 05:26:56,313 [CertificateLifetimeMonitor] INFO  client.DNCertificateClient (DNCertificateClient.java:getCSRBuilder(98)) - Created csr for DN-> subject:runner@fv-az205-554.k2gd1z4tyxsu3cbgyjsjq30zwf.jx.internal.cloudapp.net
2023-01-12 05:26:56,316 [CertificateLifetimeMonitor] ERROR client.DNCertificateClient (DNCertificateClient.java:signAndStoreCertificate(140)) - Error while signing and storing SCM signed certificate.
org.apache.hadoop.hdds.security.x509.exceptions.CertificateException: Unable to retrieve datanode certificate chain.
	at org.apache.hadoop.hdds.security.x509.certificate.client.DNCertificateClient.signAndStoreCertificate(DNCertificateClient.java:136)
	at org.apache.hadoop.hdds.security.x509.certificate.client.DefaultCertificateClient.renewAndStoreKeyAndCertificate(DefaultCertificateClient.java:1182)
	at org.apache.hadoop.hdds.security.x509.certificate.client.DefaultCertificateClient$CertificateLifetimeMonitor.run(DefaultCertificateClient.java:1413)
	at java.util.concurrent.Executors$RunnableAdapter.call(Executors.java:511)
	at java.util.concurrent.FutureTask.runAndReset(FutureTask.java:308)
	at java.util.concurrent.ScheduledThreadPoolExecutor$ScheduledFutureTask.access$301(ScheduledThreadPoolExecutor.java:180)
	at java.util.concurrent.ScheduledThreadPoolExecutor$ScheduledFutureTask.run(ScheduledThreadPoolExecutor.java:294)
	at java.util.concurrent.ThreadPoolExecutor.runWorker(ThreadPoolExecutor.java:1149)
	at java.util.concurrent.ThreadPoolExecutor$Worker.run(ThreadPoolExecutor.java:624)
	at java.lang.Thread.run(Thread.java:750)
2023-01-12 05:26:56,316 [CertificateLifetimeMonitor] ERROR client.DNCertificateClient (DefaultCertificateClient.java:run(1423)) - Failed to renew and store key and cert. Keep using existing certificates.
org.apache.hadoop.hdds.security.x509.exceptions.CertificateException: Error while signing and storing new certificates.
	at org.apache.hadoop.hdds.security.x509.certificate.client.DefaultCertificateClient.renewAndStoreKeyAndCertificate(DefaultCertificateClient.java:1185)
	at org.apache.hadoop.hdds.security.x509.certificate.client.DefaultCertificateClient$CertificateLifetimeMonitor.run(DefaultCertificateClient.java:1413)
	at java.util.concurrent.Executors$RunnableAdapter.call(Executors.java:511)
	at java.util.concurrent.FutureTask.runAndReset(FutureTask.java:308)
	at java.util.concurrent.ScheduledThreadPoolExecutor$ScheduledFutureTask.access$301(ScheduledThreadPoolExecutor.java:180)
	at java.util.concurrent.ScheduledThreadPoolExecutor$ScheduledFutureTask.run(ScheduledThreadPoolExecutor.java:294)
	at java.util.concurrent.ThreadPoolExecutor.runWorker(ThreadPoolExecutor.java:1149)
	at java.util.concurrent.ThreadPoolExecutor$Worker.run(ThreadPoolExecutor.java:624)
	at java.lang.Thread.run(Thread.java:750)
Caused by: org.apache.hadoop.hdds.security.x509.exceptions.CertificateException: Error while signing and storing SCM signed certificate.
	at org.apache.hadoop.hdds.security.x509.certificate.client.DNCertificateClient.signAndStoreCertificate(DNCertificateClient.java:141)
	at org.apache.hadoop.hdds.security.x509.certificate.client.DefaultCertificateClient.renewAndStoreKeyAndCertificate(DefaultCertificateClient.java:1182)
	... 8 more
Caused by: org.apache.hadoop.hdds.security.x509.exceptions.CertificateException: Unable to retrieve datanode certificate chain.
	at org.apache.hadoop.hdds.security.x509.certificate.client.DNCertificateClient.signAndStoreCertificate(DNCertificateClient.java:136)
	... 9 more
2023-01-12 05:26:56,660 [CertificateLifetimeMonitor] INFO  client.DNCertificateClient (DefaultCertificateClient.java:run(1410)) - Current certificate has entered the expiry grace period PT0S. Starting renew key and certs.
2023-01-12 05:26:56,661 [CertificateLifetimeMonitor] INFO  client.DNCertificateClient (DefaultCertificateClient.java:run(1410)) - Current certificate has entered the expiry grace period PT0S. Starting renew key and certs.
2023-01-12 05:26:56,661 [CertificateLifetimeMonitor] INFO  client.DNCertificateClient (DefaultCertificateClient.java:run(1410)) - Current certificate has entered the expiry grace period PT0S. Starting renew key and certs.
2023-01-12 05:26:56,660 [CertificateLifetimeMonitor] INFO  client.DNCertificateClient (DefaultCertificateClient.java:run(1410)) - Current certificate has entered the expiry grace period PT0S. Starting renew key and certs.
2023-01-12 05:26:56,664 [CertificateLifetimeMonitor] ERROR client.DNCertificateClient (DefaultCertificateClient.java:run(1423)) - Failed to renew and store key and cert. Keep using existing certificates.
org.apache.hadoop.hdds.security.x509.exceptions.CertificateException: Error while deleting/creating /home/runner/work/ozone/ozone/hadoop-hdds/container-service/target/test-dir/cYBBMTvROp/dn/keys-next or /home/runner/work/ozone/ozone/hadoop-hdds/container-service/target/test-dir/cYBBMTvROp/dn/certs-next directories to cleanup  certificate storage. 
	at org.apache.hadoop.hdds.security.x509.certificate.client.DefaultCertificateClient.renewAndStoreKeyAndCertificate(DefaultCertificateClient.java:1163)
	at org.apache.hadoop.hdds.security.x509.certificate.client.DefaultCertificateClient$CertificateLifetimeMonitor.run(DefaultCertificateClient.java:1413)
	at java.util.concurrent.Executors$RunnableAdapter.call(Executors.java:511)
	at java.util.concurrent.FutureTask.runAndReset(FutureTask.java:308)
	at java.util.concurrent.ScheduledThreadPoolExecutor$ScheduledFutureTask.access$301(ScheduledThreadPoolExecutor.java:180)
	at java.util.concurrent.ScheduledThreadPoolExecutor$ScheduledFutureTask.run(ScheduledThreadPoolExecutor.java:294)
	at java.util.concurrent.ThreadPoolExecutor.runWorker(ThreadPoolExecutor.java:1149)
	at java.util.concurrent.ThreadPoolExecutor$Worker.run(ThreadPoolExecutor.java:624)
	at java.lang.Thread.run(Thread.java:750)
Caused by: org.apache.commons.io.IOExceptionList: /home/runner/work/ozone/ozone/hadoop-hdds/container-service/target/test-dir/cYBBMTvROp/dn/keys-next
	at org.apache.commons.io.FileUtils.cleanDirectory(FileUtils.java:331)
	at org.apache.commons.io.FileUtils.deleteDirectory(FileUtils.java:1192)
	at org.apache.hadoop.hdds.security.x509.certificate.client.DefaultCertificateClient.renewAndStoreKeyAndCertificate(DefaultCertificateClient.java:1158)
	... 8 more
Caused by: java.io.FileNotFoundException: File does not exist: /home/runner/work/ozone/ozone/hadoop-hdds/container-service/target/test-dir/cYBBMTvROp/dn/keys-next/private.pem
	at org.apache.commons.io.FileUtils.forceDelete(FileUtils.java:1349)
	at org.apache.commons.io.FileUtils.cleanDirectory(FileUtils.java:324)
	... 10 more
2023-01-12 05:26:56,664 [CertificateLifetimeMonitor] INFO  client.DNCertificateClient (DefaultCertificateClient.java:run(1410)) - Current certificate has entered the expiry grace period PT0S. Starting renew key and certs.
2023-01-12 05:26:56,667 [CertificateLifetimeMonitor] INFO  client.DNCertificateClient (DefaultCertificateClient.java:run(1410)) - Current certificate has entered the expiry grace period PT0S. Starting renew key and certs.
2023-01-12 05:26:56,782 [CertificateLifetimeMonitor] INFO  ozone.OzoneSecurityUtil (OzoneSecurityUtil.java:getValidInetsForCurrentHost(119)) - ip:fe80:0:0:0:222:48ff:feaa:f404%eth0 not returned.
2023-01-12 05:26:56,782 [CertificateLifetimeMonitor] INFO  ozone.OzoneSecurityUtil (OzoneSecurityUtil.java:getValidInetsForCurrentHost(116)) - Adding ip:10.1.0.17,host:fv-az205-554.k2gd1z4tyxsu3cbgyjsjq30zwf.jx.internal.cloudapp.net
2023-01-12 05:26:56,799 [CertificateLifetimeMonitor] INFO  ozone.OzoneSecurityUtil (OzoneSecurityUtil.java:getValidInetsForCurrentHost(119)) - ip:0:0:0:0:0:0:0:1%lo not returned.
2023-01-12 05:26:56,799 [CertificateLifetimeMonitor] INFO  ozone.OzoneSecurityUtil (OzoneSecurityUtil.java:getValidInetsForCurrentHost(119)) - ip:127.0.0.1 not returned.
2023-01-12 05:26:56,799 [CertificateLifetimeMonitor] INFO  client.DNCertificateClient (DNCertificateClient.java:getCSRBuilder(98)) - Created csr for DN-> subject:runner@fv-az205-554.k2gd1z4tyxsu3cbgyjsjq30zwf.jx.internal.cloudapp.net
2023-01-12 05:26:56,803 [CertificateLifetimeMonitor] ERROR client.DNCertificateClient (DefaultCertificateClient.java:run(1423)) - Failed to renew and store key and cert. Keep using existing certificates.
org.apache.hadoop.hdds.security.x509.exceptions.CertificateException: Error while signing and storing new certificates.
	at org.apache.hadoop.hdds.security.x509.certificate.client.DefaultCertificateClient.renewAndStoreKeyAndCertificate(DefaultCertificateClient.java:1185)
	at org.apache.hadoop.hdds.security.x509.certificate.client.DefaultCertificateClient$CertificateLifetimeMonitor.run(DefaultCertificateClient.java:1413)
	at java.util.concurrent.Executors$RunnableAdapter.call(Executors.java:511)
	at java.util.concurrent.FutureTask.runAndReset(FutureTask.java:308)
	at java.util.concurrent.ScheduledThreadPoolExecutor$ScheduledFutureTask.access$301(ScheduledThreadPoolExecutor.java:180)
	at java.util.concurrent.ScheduledThreadPoolExecutor$ScheduledFutureTask.run(ScheduledThreadPoolExecutor.java:294)
	at java.util.concurrent.ThreadPoolExecutor.runWorker(ThreadPoolExecutor.java:1149)
	at java.util.concurrent.ThreadPoolExecutor$Worker.run(ThreadPoolExecutor.java:624)
	at java.lang.Thread.run(Thread.java:750)
Caused by: org.apache.hadoop.hdds.conf.ConfigurationException: SCM Client Address could not be obtained from config. Config is not properly defined
	at org.apache.hadoop.hdds.scm.proxy.SCMSecurityProtocolFailoverProxyProvider.loadConfigs(SCMSecurityProtocolFailoverProxyProvider.java:120)
	at org.apache.hadoop.hdds.scm.proxy.SCMSecurityProtocolFailoverProxyProvider.<init>(SCMSecurityProtocolFailoverProxyProvider.java:105)
	at org.apache.hadoop.hdds.utils.HddsServerUtil.getScmSecurityClientWithMaxRetry(HddsServerUtil.java:467)
	at org.apache.hadoop.hdds.security.x509.certificate.client.DefaultCertificateClient.getScmSecureClient(DefaultCertificateClient.java:1363)
	at org.apache.hadoop.hdds.security.x509.certificate.client.DNCertificateClient.signAndStoreCertificate(DNCertificateClient.java:113)
	at org.apache.hadoop.hdds.security.x509.certificate.client.DefaultCertificateClient.renewAndStoreKeyAndCertificate(DefaultCertificateClient.java:1182)
	... 8 more
2023-01-12 05:26:56,931 [CertificateLifetimeMonitor] ERROR client.DNCertificateClient (DefaultCertificateClient.java:createKeyPair(967)) - Error while bootstrapping certificate client.
java.io.IOException: Private key already exist.
	at org.apache.hadoop.hdds.security.x509.keys.KeyCodec.writePublicKey(KeyCodec.java:197)
	at org.apache.hadoop.hdds.security.x509.certificate.client.DefaultCertificateClient.createKeyPair(DefaultCertificateClient.java:963)
	at org.apache.hadoop.hdds.security.x509.certificate.client.DefaultCertificateClient.renewAndStoreKeyAndCertificate(DefaultCertificateClient.java:1172)
	at org.apache.hadoop.hdds.security.x509.certificate.client.DefaultCertificateClient$CertificateLifetimeMonitor.run(DefaultCertificateClient.java:1413)
	at java.util.concurrent.Executors$RunnableAdapter.call(Executors.java:511)
	at java.util.concurrent.FutureTask.runAndReset(FutureTask.java:308)
	at java.util.concurrent.ScheduledThreadPoolExecutor$ScheduledFutureTask.access$301(ScheduledThreadPoolExecutor.java:180)
	at java.util.concurrent.ScheduledThreadPoolExecutor$ScheduledFutureTask.run(ScheduledThreadPoolExecutor.java:294)
	at java.util.concurrent.ThreadPoolExecutor.runWorker(ThreadPoolExecutor.java:1149)
	at java.util.concurrent.ThreadPoolExecutor$Worker.run(ThreadPoolExecutor.java:624)
	at java.lang.Thread.run(Thread.java:750)
2023-01-12 05:26:56,931 [CertificateLifetimeMonitor] ERROR client.DNCertificateClient (DefaultCertificateClient.java:run(1423)) - Failed to renew and store key and cert. Keep using existing certificates.
org.apache.hadoop.hdds.security.x509.exceptions.CertificateException: Error while creating new key pair.
	at org.apache.hadoop.hdds.security.x509.certificate.client.DefaultCertificateClient.renewAndStoreKeyAndCertificate(DefaultCertificateClient.java:1174)
	at org.apache.hadoop.hdds.security.x509.certificate.client.DefaultCertificateClient$CertificateLifetimeMonitor.run(DefaultCertificateClient.java:1413)
	at java.util.concurrent.Executors$RunnableAdapter.call(Executors.java:511)
	at java.util.concurrent.FutureTask.runAndReset(FutureTask.java:308)
	at java.util.concurrent.ScheduledThreadPoolExecutor$ScheduledFutureTask.access$301(ScheduledThreadPoolExecutor.java:180)
	at java.util.concurrent.ScheduledThreadPoolExecutor$ScheduledFutureTask.run(ScheduledThreadPoolExecutor.java:294)
	at java.util.concurrent.ThreadPoolExecutor.runWorker(ThreadPoolExecutor.java:1149)
	at java.util.concurrent.ThreadPoolExecutor$Worker.run(ThreadPoolExecutor.java:624)
	at java.lang.Thread.run(Thread.java:750)
Caused by: org.apache.hadoop.hdds.security.x509.exceptions.CertificateException: Error while bootstrapping certificate.
	at org.apache.hadoop.hdds.security.x509.certificate.client.DefaultCertificateClient.createKeyPair(DefaultCertificateClient.java:968)
	at org.apache.hadoop.hdds.security.x509.certificate.client.DefaultCertificateClient.renewAndStoreKeyAndCertificate(DefaultCertificateClient.java:1172)
	... 8 more
2023-01-12 05:26:56,936 [CertificateLifetimeMonitor] ERROR client.DNCertificateClient (DefaultCertificateClient.java:createKeyPair(967)) - Error while bootstrapping certificate client.
java.io.IOException: Private key already exist.
	at org.apache.hadoop.hdds.security.x509.keys.KeyCodec.writePublicKey(KeyCodec.java:197)
	at org.apache.hadoop.hdds.security.x509.certificate.client.DefaultCertificateClient.createKeyPair(DefaultCertificateClient.java:963)
	at org.apache.hadoop.hdds.security.x509.certificate.client.DefaultCertificateClient.renewAndStoreKeyAndCertificate(DefaultCertificateClient.java:1172)
	at org.apache.hadoop.hdds.security.x509.certificate.client.DefaultCertificateClient$CertificateLifetimeMonitor.run(DefaultCertificateClient.java:1413)
	at java.util.concurrent.Executors$RunnableAdapter.call(Executors.java:511)
	at java.util.concurrent.FutureTask.runAndReset(FutureTask.java:308)
	at java.util.concurrent.ScheduledThreadPoolExecutor$ScheduledFutureTask.access$301(ScheduledThreadPoolExecutor.java:180)
	at java.util.concurrent.ScheduledThreadPoolExecutor$ScheduledFutureTask.run(ScheduledThreadPoolExecutor.java:294)
	at java.util.concurrent.ThreadPoolExecutor.runWorker(ThreadPoolExecutor.java:1149)
	at java.util.concurrent.ThreadPoolExecutor$Worker.run(ThreadPoolExecutor.java:624)
	at java.lang.Thread.run(Thread.java:750)
2023-01-12 05:26:56,946 [CertificateLifetimeMonitor] ERROR client.DNCertificateClient (DefaultCertificateClient.java:run(1423)) - Failed to renew and store key and cert. Keep using existing certificates.
org.apache.hadoop.hdds.security.x509.exceptions.CertificateException: Error while creating new key pair.
	at org.apache.hadoop.hdds.security.x509.certificate.client.DefaultCertificateClient.renewAndStoreKeyAndCertificate(DefaultCertificateClient.java:1174)
	at org.apache.hadoop.hdds.security.x509.certificate.client.DefaultCertificateClient$CertificateLifetimeMonitor.run(DefaultCertificateClient.java:1413)
	at java.util.concurrent.Executors$RunnableAdapter.call(Executors.java:511)
	at java.util.concurrent.FutureTask.runAndReset(FutureTask.java:308)
	at java.util.concurrent.ScheduledThreadPoolExecutor$ScheduledFutureTask.access$301(ScheduledThreadPoolExecutor.java:180)
	at java.util.concurrent.ScheduledThreadPoolExecutor$ScheduledFutureTask.run(ScheduledThreadPoolExecutor.java:294)
	at java.util.concurrent.ThreadPoolExecutor.runWorker(ThreadPoolExecutor.java:1149)
	at java.util.concurrent.ThreadPoolExecutor$Worker.run(ThreadPoolExecutor.java:624)
	at java.lang.Thread.run(Thread.java:750)
Caused by: org.apache.hadoop.hdds.security.x509.exceptions.CertificateException: Error while bootstrapping certificate.
	at org.apache.hadoop.hdds.security.x509.certificate.client.DefaultCertificateClient.createKeyPair(DefaultCertificateClient.java:968)
	at org.apache.hadoop.hdds.security.x509.certificate.client.DefaultCertificateClient.renewAndStoreKeyAndCertificate(DefaultCertificateClient.java:1172)
	... 8 more
2023-01-12 05:26:57,099 [CertificateLifetimeMonitor] ERROR client.DNCertificateClient (DefaultCertificateClient.java:createKeyPair(967)) - Error while bootstrapping certificate client.
java.io.IOException: Private key already exist.
	at org.apache.hadoop.hdds.security.x509.keys.KeyCodec.writePublicKey(KeyCodec.java:197)
	at org.apache.hadoop.hdds.security.x509.certificate.client.DefaultCertificateClient.createKeyPair(DefaultCertificateClient.java:963)
	at org.apache.hadoop.hdds.security.x509.certificate.client.DefaultCertificateClient.renewAndStoreKeyAndCertificate(DefaultCertificateClient.java:1172)
	at org.apache.hadoop.hdds.security.x509.certificate.client.DefaultCertificateClient$CertificateLifetimeMonitor.run(DefaultCertificateClient.java:1413)
	at java.util.concurrent.Executors$RunnableAdapter.call(Executors.java:511)
	at java.util.concurrent.FutureTask.runAndReset(FutureTask.java:308)
	at java.util.concurrent.ScheduledThreadPoolExecutor$ScheduledFutureTask.access$301(ScheduledThreadPoolExecutor.java:180)
	at java.util.concurrent.ScheduledThreadPoolExecutor$ScheduledFutureTask.run(ScheduledThreadPoolExecutor.java:294)
	at java.util.concurrent.ThreadPoolExecutor.runWorker(ThreadPoolExecutor.java:1149)
	at java.util.concurrent.ThreadPoolExecutor$Worker.run(ThreadPoolExecutor.java:624)
	at java.lang.Thread.run(Thread.java:750)
2023-01-12 05:26:57,101 [CertificateLifetimeMonitor] ERROR client.DNCertificateClient (DefaultCertificateClient.java:run(1423)) - Failed to renew and store key and cert. Keep using existing certificates.
org.apache.hadoop.hdds.security.x509.exceptions.CertificateException: Error while creating new key pair.
	at org.apache.hadoop.hdds.security.x509.certificate.client.DefaultCertificateClient.renewAndStoreKeyAndCertificate(DefaultCertificateClient.java:1174)
	at org.apache.hadoop.hdds.security.x509.certificate.client.DefaultCertificateClient$CertificateLifetimeMonitor.run(DefaultCertificateClient.java:1413)
	at java.util.concurrent.Executors$RunnableAdapter.call(Executors.java:511)
	at java.util.concurrent.FutureTask.runAndReset(FutureTask.java:308)
	at java.util.concurrent.ScheduledThreadPoolExecutor$ScheduledFutureTask.access$301(ScheduledThreadPoolExecutor.java:180)
	at java.util.concurrent.ScheduledThreadPoolExecutor$ScheduledFutureTask.run(ScheduledThreadPoolExecutor.java:294)
	at java.util.concurrent.ThreadPoolExecutor.runWorker(ThreadPoolExecutor.java:1149)
	at java.util.concurrent.ThreadPoolExecutor$Worker.run(ThreadPoolExecutor.java:624)
	at java.lang.Thread.run(Thread.java:750)
Caused by: org.apache.hadoop.hdds.security.x509.exceptions.CertificateException: Error while bootstrapping certificate.
	at org.apache.hadoop.hdds.security.x509.certificate.client.DefaultCertificateClient.createKeyPair(DefaultCertificateClient.java:968)
	at org.apache.hadoop.hdds.security.x509.certificate.client.DefaultCertificateClient.renewAndStoreKeyAndCertificate(DefaultCertificateClient.java:1172)
	... 8 more
2023-01-12 05:26:57,334 [CertificateLifetimeMonitor] ERROR client.DNCertificateClient (DefaultCertificateClient.java:createKeyPair(967)) - Error while bootstrapping certificate client.
java.io.IOException: Private key already exist.
	at org.apache.hadoop.hdds.security.x509.keys.KeyCodec.writePublicKey(KeyCodec.java:197)
	at org.apache.hadoop.hdds.security.x509.certificate.client.DefaultCertificateClient.createKeyPair(DefaultCertificateClient.java:963)
	at org.apache.hadoop.hdds.security.x509.certificate.client.DefaultCertificateClient.renewAndStoreKeyAndCertificate(DefaultCertificateClient.java:1172)
	at org.apache.hadoop.hdds.security.x509.certificate.client.DefaultCertificateClient$CertificateLifetimeMonitor.run(DefaultCertificateClient.java:1413)
	at java.util.concurrent.Executors$RunnableAdapter.call(Executors.java:511)
	at java.util.concurrent.FutureTask.runAndReset(FutureTask.java:308)
	at java.util.concurrent.ScheduledThreadPoolExecutor$ScheduledFutureTask.access$301(ScheduledThreadPoolExecutor.java:180)
	at java.util.concurrent.ScheduledThreadPoolExecutor$ScheduledFutureTask.run(ScheduledThreadPoolExecutor.java:294)
	at java.util.concurrent.ThreadPoolExecutor.runWorker(ThreadPoolExecutor.java:1149)
	at java.util.concurrent.ThreadPoolExecutor$Worker.run(ThreadPoolExecutor.java:624)
	at java.lang.Thread.run(Thread.java:750)
2023-01-12 05:26:57,334 [CertificateLifetimeMonitor] ERROR client.DNCertificateClient (DefaultCertificateClient.java:run(1423)) - Failed to renew and store key and cert. Keep using existing certificates.
org.apache.hadoop.hdds.security.x509.exceptions.CertificateException: Error while creating new key pair.
	at org.apache.hadoop.hdds.security.x509.certificate.client.DefaultCertificateClient.renewAndStoreKeyAndCertificate(DefaultCertificateClient.java:1174)
	at org.apache.hadoop.hdds.security.x509.certificate.client.DefaultCertificateClient$CertificateLifetimeMonitor.run(DefaultCertificateClient.java:1413)
	at java.util.concurrent.Executors$RunnableAdapter.call(Executors.java:511)
	at java.util.concurrent.FutureTask.runAndReset(FutureTask.java:308)
	at java.util.concurrent.ScheduledThreadPoolExecutor$ScheduledFutureTask.access$301(ScheduledThreadPoolExecutor.java:180)
	at java.util.concurrent.ScheduledThreadPoolExecutor$ScheduledFutureTask.run(ScheduledThreadPoolExecutor.java:294)
	at java.util.concurrent.ThreadPoolExecutor.runWorker(ThreadPoolExecutor.java:1149)
	at java.util.concurrent.ThreadPoolExecutor$Worker.run(ThreadPoolExecutor.java:624)
	at java.lang.Thread.run(Thread.java:750)
Caused by: org.apache.hadoop.hdds.security.x509.exceptions.CertificateException: Error while bootstrapping certificate.
	at org.apache.hadoop.hdds.security.x509.certificate.client.DefaultCertificateClient.createKeyPair(DefaultCertificateClient.java:968)
	at org.apache.hadoop.hdds.security.x509.certificate.client.DefaultCertificateClient.renewAndStoreKeyAndCertificate(DefaultCertificateClient.java:1172)
	... 8 more
2023-01-12 05:26:57,599 [CertificateLifetimeMonitor] INFO  client.DNCertificateClient (DefaultCertificateClient.java:run(1410)) - Current certificate has entered the expiry grace period PT0S. Starting renew key and certs.
2023-01-12 05:26:58,020 [CertificateLifetimeMonitor] INFO  ozone.OzoneSecurityUtil (OzoneSecurityUtil.java:getValidInetsForCurrentHost(119)) - ip:fe80:0:0:0:222:48ff:feaa:f404%eth0 not returned.
2023-01-12 05:26:58,021 [CertificateLifetimeMonitor] INFO  ozone.OzoneSecurityUtil (OzoneSecurityUtil.java:getValidInetsForCurrentHost(116)) - Adding ip:10.1.0.17,host:fv-az205-554.k2gd1z4tyxsu3cbgyjsjq30zwf.jx.internal.cloudapp.net
2023-01-12 05:26:58,021 [CertificateLifetimeMonitor] INFO  ozone.OzoneSecurityUtil (OzoneSecurityUtil.java:getValidInetsForCurrentHost(119)) - ip:0:0:0:0:0:0:0:1%lo not returned.
2023-01-12 05:26:58,021 [CertificateLifetimeMonitor] INFO  ozone.OzoneSecurityUtil (OzoneSecurityUtil.java:getValidInetsForCurrentHost(119)) - ip:127.0.0.1 not returned.
2023-01-12 05:26:58,021 [CertificateLifetimeMonitor] INFO  client.DNCertificateClient (DNCertificateClient.java:getCSRBuilder(98)) - Created csr for DN-> subject:runner@fv-az205-554.k2gd1z4tyxsu3cbgyjsjq30zwf.jx.internal.cloudapp.net
2023-01-12 05:26:58,025 [CertificateLifetimeMonitor] ERROR client.DNCertificateClient (DNCertificateClient.java:signAndStoreCertificate(140)) - Error while signing and storing SCM signed certificate.
org.apache.hadoop.hdds.security.x509.exceptions.CertificateException: Unable to retrieve datanode certificate chain.
	at org.apache.hadoop.hdds.security.x509.certificate.client.DNCertificateClient.signAndStoreCertificate(DNCertificateClient.java:136)
	at org.apache.hadoop.hdds.security.x509.certificate.client.DefaultCertificateClient.renewAndStoreKeyAndCertificate(DefaultCertificateClient.java:1182)
	at org.apache.hadoop.hdds.security.x509.certificate.client.DefaultCertificateClient$CertificateLifetimeMonitor.run(DefaultCertificateClient.java:1413)
	at java.util.concurrent.Executors$RunnableAdapter.call(Executors.java:511)
	at java.util.concurrent.FutureTask.runAndReset(FutureTask.java:308)
	at java.util.concurrent.ScheduledThreadPoolExecutor$ScheduledFutureTask.access$301(ScheduledThreadPoolExecutor.java:180)
	at java.util.concurrent.ScheduledThreadPoolExecutor$ScheduledFutureTask.run(ScheduledThreadPoolExecutor.java:294)
	at java.util.concurrent.ThreadPoolExecutor.runWorker(ThreadPoolExecutor.java:1149)
	at java.util.concurrent.ThreadPoolExecutor$Worker.run(ThreadPoolExecutor.java:624)
	at java.lang.Thread.run(Thread.java:750)
2023-01-12 05:26:58,025 [CertificateLifetimeMonitor] ERROR client.DNCertificateClient (DefaultCertificateClient.java:run(1423)) - Failed to renew and store key and cert. Keep using existing certificates.
org.apache.hadoop.hdds.security.x509.exceptions.CertificateException: Error while signing and storing new certificates.
	at org.apache.hadoop.hdds.security.x509.certificate.client.DefaultCertificateClient.renewAndStoreKeyAndCertificate(DefaultCertificateClient.java:1185)
	at org.apache.hadoop.hdds.security.x509.certificate.client.DefaultCertificateClient$CertificateLifetimeMonitor.run(DefaultCertificateClient.java:1413)
	at java.util.concurrent.Executors$RunnableAdapter.call(Executors.java:511)
	at java.util.concurrent.FutureTask.runAndReset(FutureTask.java:308)
	at java.util.concurrent.ScheduledThreadPoolExecutor$ScheduledFutureTask.access$301(ScheduledThreadPoolExecutor.java:180)
	at java.util.concurrent.ScheduledThreadPoolExecutor$ScheduledFutureTask.run(ScheduledThreadPoolExecutor.java:294)
	at java.util.concurrent.ThreadPoolExecutor.runWorker(ThreadPoolExecutor.java:1149)
	at java.util.concurrent.ThreadPoolExecutor$Worker.run(ThreadPoolExecutor.java:624)
	at java.lang.Thread.run(Thread.java:750)
Caused by: org.apache.hadoop.hdds.security.x509.exceptions.CertificateException: Error while signing and storing SCM signed certificate.
	at org.apache.hadoop.hdds.security.x509.certificate.client.DNCertificateClient.signAndStoreCertificate(DNCertificateClient.java:141)
	at org.apache.hadoop.hdds.security.x509.certificate.client.DefaultCertificateClient.renewAndStoreKeyAndCertificate(DefaultCertificateClient.java:1182)
	... 8 more
Caused by: org.apache.hadoop.hdds.security.x509.exceptions.CertificateException: Unable to retrieve datanode certificate chain.
	at org.apache.hadoop.hdds.security.x509.certificate.client.DNCertificateClient.signAndStoreCertificate(DNCertificateClient.java:136)
	... 9 more
2023-01-12 05:26:58,027 [CertificateLifetimeMonitor] INFO  client.DNCertificateClient (DefaultCertificateClient.java:run(1410)) - Current certificate has entered the expiry grace period PT0S. Starting renew key and certs.
2023-01-12 05:26:58,265 [CertificateLifetimeMonitor] INFO  ozone.OzoneSecurityUtil (OzoneSecurityUtil.java:getValidInetsForCurrentHost(119)) - ip:fe80:0:0:0:222:48ff:feaa:f404%eth0 not returned.
2023-01-12 05:26:58,265 [CertificateLifetimeMonitor] INFO  ozone.OzoneSecurityUtil (OzoneSecurityUtil.java:getValidInetsForCurrentHost(116)) - Adding ip:10.1.0.17,host:fv-az205-554.k2gd1z4tyxsu3cbgyjsjq30zwf.jx.internal.cloudapp.net
2023-01-12 05:26:58,265 [CertificateLifetimeMonitor] INFO  ozone.OzoneSecurityUtil (OzoneSecurityUtil.java:getValidInetsForCurrentHost(119)) - ip:0:0:0:0:0:0:0:1%lo not returned.
2023-01-12 05:26:58,265 [CertificateLifetimeMonitor] INFO  ozone.OzoneSecurityUtil (OzoneSecurityUtil.java:getValidInetsForCurrentHost(119)) - ip:127.0.0.1 not returned.
2023-01-12 05:26:58,265 [CertificateLifetimeMonitor] INFO  client.DNCertificateClient (DNCertificateClient.java:getCSRBuilder(98)) - Created csr for DN-> subject:runner@fv-az205-554.k2gd1z4tyxsu3cbgyjsjq30zwf.jx.internal.cloudapp.net
2023-01-12 05:26:58,269 [CertificateLifetimeMonitor] ERROR client.DNCertificateClient (DNCertificateClient.java:signAndStoreCertificate(140)) - Error while signing and storing SCM signed certificate.
org.apache.hadoop.hdds.security.x509.exceptions.CertificateException: Unable to retrieve datanode certificate chain.
	at org.apache.hadoop.hdds.security.x509.certificate.client.DNCertificateClient.signAndStoreCertificate(DNCertificateClient.java:136)
	at org.apache.hadoop.hdds.security.x509.certificate.client.DefaultCertificateClient.renewAndStoreKeyAndCertificate(DefaultCertificateClient.java:1182)
	at org.apache.hadoop.hdds.security.x509.certificate.client.DefaultCertificateClient$CertificateLifetimeMonitor.run(DefaultCertificateClient.java:1413)
	at java.util.concurrent.Executors$RunnableAdapter.call(Executors.java:511)
	at java.util.concurrent.FutureTask.runAndReset(FutureTask.java:308)
	at java.util.concurrent.ScheduledThreadPoolExecutor$ScheduledFutureTask.access$301(ScheduledThreadPoolExecutor.java:180)
	at java.util.concurrent.ScheduledThreadPoolExecutor$ScheduledFutureTask.run(ScheduledThreadPoolExecutor.java:294)
	at java.util.concurrent.ThreadPoolExecutor.runWorker(ThreadPoolExecutor.java:1149)
	at java.util.concurrent.ThreadPoolExecutor$Worker.run(ThreadPoolExecutor.java:624)
	at java.lang.Thread.run(Thread.java:750)
2023-01-12 05:26:58,269 [CertificateLifetimeMonitor] ERROR client.DNCertificateClient (DefaultCertificateClient.java:run(1423)) - Failed to renew and store key and cert. Keep using existing certificates.
org.apache.hadoop.hdds.security.x509.exceptions.CertificateException: Error while signing and storing new certificates.
	at org.apache.hadoop.hdds.security.x509.certificate.client.DefaultCertificateClient.renewAndStoreKeyAndCertificate(DefaultCertificateClient.java:1185)
	at org.apache.hadoop.hdds.security.x509.certificate.client.DefaultCertificateClient$CertificateLifetimeMonitor.run(DefaultCertificateClient.java:1413)
	at java.util.concurrent.Executors$RunnableAdapter.call(Executors.java:511)
	at java.util.concurrent.FutureTask.runAndReset(FutureTask.java:308)
	at java.util.concurrent.ScheduledThreadPoolExecutor$ScheduledFutureTask.access$301(ScheduledThreadPoolExecutor.java:180)
	at java.util.concurrent.ScheduledThreadPoolExecutor$ScheduledFutureTask.run(ScheduledThreadPoolExecutor.java:294)
	at java.util.concurrent.ThreadPoolExecutor.runWorker(ThreadPoolExecutor.java:1149)
	at java.util.concurrent.ThreadPoolExecutor$Worker.run(ThreadPoolExecutor.java:624)
	at java.lang.Thread.run(Thread.java:750)
Caused by: org.apache.hadoop.hdds.security.x509.exceptions.CertificateException: Error while signing and storing SCM signed certificate.
	at org.apache.hadoop.hdds.security.x509.certificate.client.DNCertificateClient.signAndStoreCertificate(DNCertificateClient.java:141)
	at org.apache.hadoop.hdds.security.x509.certificate.client.DefaultCertificateClient.renewAndStoreKeyAndCertificate(DefaultCertificateClient.java:1182)
	... 8 more
Caused by: org.apache.hadoop.hdds.security.x509.exceptions.CertificateException: Unable to retrieve datanode certificate chain.
	at org.apache.hadoop.hdds.security.x509.certificate.client.DNCertificateClient.signAndStoreCertificate(DNCertificateClient.java:136)
	... 9 more
2023-01-12 05:26:58,326 [CertificateLifetimeMonitor] INFO  client.DNCertificateClient (DefaultCertificateClient.java:run(1410)) - Current certificate has entered the expiry grace period PT0S. Starting renew key and certs.
2023-01-12 05:26:58,327 [CertificateLifetimeMonitor] INFO  client.DNCertificateClient (DefaultCertificateClient.java:run(1410)) - Current certificate has entered the expiry grace period PT0S. Starting renew key and certs.
2023-01-12 05:26:58,327 [CertificateLifetimeMonitor] ERROR client.DNCertificateClient (DefaultCertificateClient.java:run(1423)) - Failed to renew and store key and cert. Keep using existing certificates.
org.apache.hadoop.hdds.security.x509.exceptions.CertificateException: Error while deleting/creating /home/runner/work/ozone/ozone/hadoop-hdds/container-service/target/test-dir/cYBBMTvROp/dn/keys-next or /home/runner/work/ozone/ozone/hadoop-hdds/container-service/target/test-dir/cYBBMTvROp/dn/certs-next directories to cleanup  certificate storage. 
	at org.apache.hadoop.hdds.security.x509.certificate.client.DefaultCertificateClient.renewAndStoreKeyAndCertificate(DefaultCertificateClient.java:1163)
	at org.apache.hadoop.hdds.security.x509.certificate.client.DefaultCertificateClient$CertificateLifetimeMonitor.run(DefaultCertificateClient.java:1413)
	at java.util.concurrent.Executors$RunnableAdapter.call(Executors.java:511)
	at java.util.concurrent.FutureTask.runAndReset(FutureTask.java:308)
	at java.util.concurrent.ScheduledThreadPoolExecutor$ScheduledFutureTask.access$301(ScheduledThreadPoolExecutor.java:180)
	at java.util.concurrent.ScheduledThreadPoolExecutor$ScheduledFutureTask.run(ScheduledThreadPoolExecutor.java:294)
	at java.util.concurrent.ThreadPoolExecutor.runWorker(ThreadPoolExecutor.java:1149)
	at java.util.concurrent.ThreadPoolExecutor$Worker.run(ThreadPoolExecutor.java:624)
	at java.lang.Thread.run(Thread.java:750)
Caused by: org.apache.commons.io.IOExceptionList: /home/runner/work/ozone/ozone/hadoop-hdds/container-service/target/test-dir/cYBBMTvROp/dn/keys-next
	at org.apache.commons.io.FileUtils.cleanDirectory(FileUtils.java:331)
	at org.apache.commons.io.FileUtils.deleteDirectory(FileUtils.java:1192)
	at org.apache.hadoop.hdds.security.x509.certificate.client.DefaultCertificateClient.renewAndStoreKeyAndCertificate(DefaultCertificateClient.java:1158)
	... 8 more
Caused by: java.io.FileNotFoundException: File does not exist: /home/runner/work/ozone/ozone/hadoop-hdds/container-service/target/test-dir/cYBBMTvROp/dn/keys-next/private.pem
	at org.apache.commons.io.FileUtils.forceDelete(FileUtils.java:1349)
	at org.apache.commons.io.FileUtils.cleanDirectory(FileUtils.java:324)
	... 10 more
2023-01-12 05:26:58,328 [CertificateLifetimeMonitor] INFO  client.DNCertificateClient (DefaultCertificateClient.java:run(1410)) - Current certificate has entered the expiry grace period PT0S. Starting renew key and certs.
2023-01-12 05:26:58,330 [CertificateLifetimeMonitor] INFO  client.DNCertificateClient (DefaultCertificateClient.java:run(1410)) - Current certificate has entered the expiry grace period PT0S. Starting renew key and certs.
2023-01-12 05:26:58,327 [CertificateLifetimeMonitor] INFO  client.DNCertificateClient (DefaultCertificateClient.java:run(1410)) - Current certificate has entered the expiry grace period PT0S. Starting renew key and certs.
2023-01-12 05:26:58,326 [CertificateLifetimeMonitor] INFO  client.DNCertificateClient (DefaultCertificateClient.java:run(1410)) - Current certificate has entered the expiry grace period PT0S. Starting renew key and certs.
2023-01-12 05:26:58,514 [CertificateLifetimeMonitor] INFO  ozone.OzoneSecurityUtil (OzoneSecurityUtil.java:getValidInetsForCurrentHost(119)) - ip:fe80:0:0:0:222:48ff:feaa:f404%eth0 not returned.
2023-01-12 05:26:58,514 [CertificateLifetimeMonitor] INFO  ozone.OzoneSecurityUtil (OzoneSecurityUtil.java:getValidInetsForCurrentHost(116)) - Adding ip:10.1.0.17,host:fv-az205-554.k2gd1z4tyxsu3cbgyjsjq30zwf.jx.internal.cloudapp.net
2023-01-12 05:26:58,514 [CertificateLifetimeMonitor] INFO  ozone.OzoneSecurityUtil (OzoneSecurityUtil.java:getValidInetsForCurrentHost(119)) - ip:0:0:0:0:0:0:0:1%lo not returned.
2023-01-12 05:26:58,514 [CertificateLifetimeMonitor] INFO  ozone.OzoneSecurityUtil (OzoneSecurityUtil.java:getValidInetsForCurrentHost(119)) - ip:127.0.0.1 not returned.
2023-01-12 05:26:58,523 [CertificateLifetimeMonitor] INFO  client.DNCertificateClient (DNCertificateClient.java:getCSRBuilder(98)) - Created csr for DN-> subject:runner@fv-az205-554.k2gd1z4tyxsu3cbgyjsjq30zwf.jx.internal.cloudapp.net
2023-01-12 05:26:58,536 [CertificateLifetimeMonitor] INFO  client.DNCertificateClient (DefaultCertificateClient.java:renewAndStoreKeyAndCertificate(1261)) - Successful renew key and certificate. New certificate 1116412.
2023-01-12 05:26:58,536 [CertificateLifetimeMonitor] INFO  client.DNCertificateClient (DefaultCertificateClient.java:loadAllCertificates(177)) - Loading certificate from location:/home/runner/work/ozone/ozone/hadoop-hdds/container-service/target/test-dir/cYBBMTvROp/dn/certs.
2023-01-12 05:26:58,539 [CertificateLifetimeMonitor] INFO  client.DNCertificateClient (DefaultCertificateClient.java:loadAllCertificates(218)) - Added certificate [
[
  Version: V3
  Subject: O=cluster, OU=test, CN=localhost
  Signature Algorithm: SHA256withRSA, OID = 1.2.840.113549.1.1.11

  Key:  Sun RSA public key, 1024 bits
  params: null
  modulus: 106409915867488285126068002460661911414681725694837656972462487937155027536689474725984094693078511776933523527589522666268646156150391306285474970781701588075628333273475365276052889399557167353092922166418611120043743668091374728597644944503121700909028055667829884383752018790887396871156917000085654587623
  public exponent: 65537
  Validity: [From: Thu Jan 12 05:26:36 UTC 2023,
               To: Thu Jan 12 05:26:51 UTC 2023]
  Issuer: O=cluster, OU=test, CN=localhost
  SerialNumber: [    1108fc]

]
  Algorithm: [SHA256withRSA]
  Signature:
0000: 7B 8B B2 F7 1F 6B 28 02   75 3D 86 25 0A A7 85 90  .....k(.u=.%....
0010: A0 CE F2 45 EC 3F 52 C8   53 B8 BD AE 00 94 68 4A  ...E.?R.S.....hJ
0020: 53 45 95 2D 1F AC 63 BA   A0 BF 39 C6 CD 77 4A F0  SE.-..c...9..wJ.
0030: C5 59 43 9C BA 96 06 13   DD C7 DC B4 E4 C3 B9 25  .YC............%
0040: 33 A6 F0 BF 19 28 75 DB   6A 60 FD 78 4A 02 02 04  3....(u.j`.xJ...
0050: 1D 13 DA 5E 41 EC F5 F7   B1 10 9E 9D 02 50 86 A6  ...^A........P..
0060: EB 67 F0 55 61 82 39 6F   94 29 51 86 48 DD E7 3A  .g.Ua.9o.)Q.H..:
0070: BE 54 43 95 76 44 CA F9   9C DB F6 94 CF 21 73 50  .TC.vD.......!sP

] from file:/home/runner/work/ozone/ozone/hadoop-hdds/container-service/target/test-dir/cYBBMTvROp/dn/certs/CA-1116412.crt.
2023-01-12 05:26:58,550 [CertificateLifetimeMonitor] INFO  client.DNCertificateClient (DefaultCertificateClient.java:loadAllCertificates(218)) - Added certificate [
[
  Version: V3
  Subject: O=cluster, OU=test, CN=localhost
  Signature Algorithm: SHA256withRSA, OID = 1.2.840.113549.1.1.11

  Key:  Sun RSA public key, 1024 bits
  params: null
  modulus: 106409915867488285126068002460661911414681725694837656972462487937155027536689474725984094693078511776933523527589522666268646156150391306285474970781701588075628333273475365276052889399557167353092922166418611120043743668091374728597644944503121700909028055667829884383752018790887396871156917000085654587623
  public exponent: 65537
  Validity: [From: Thu Jan 12 05:26:36 UTC 2023,
               To: Thu Jan 12 05:26:51 UTC 2023]
  Issuer: O=cluster, OU=test, CN=localhost
  SerialNumber: [    1108fc]

]
  Algorithm: [SHA256withRSA]
  Signature:
0000: 7B 8B B2 F7 1F 6B 28 02   75 3D 86 25 0A A7 85 90  .....k(.u=.%....
0010: A0 CE F2 45 EC 3F 52 C8   53 B8 BD AE 00 94 68 4A  ...E.?R.S.....hJ
0020: 53 45 95 2D 1F AC 63 BA   A0 BF 39 C6 CD 77 4A F0  SE.-..c...9..wJ.
0030: C5 59 43 9C BA 96 06 13   DD C7 DC B4 E4 C3 B9 25  .YC............%
0040: 33 A6 F0 BF 19 28 75 DB   6A 60 FD 78 4A 02 02 04  3....(u.j`.xJ...
0050: 1D 13 DA 5E 41 EC F5 F7   B1 10 9E 9D 02 50 86 A6  ...^A........P..
0060: EB 67 F0 55 61 82 39 6F   94 29 51 86 48 DD E7 3A  .g.Ua.9o.)Q.H..:
0070: BE 54 43 95 76 44 CA F9   9C DB F6 94 CF 21 73 50  .TC.vD.......!sP

] from file:/home/runner/work/ozone/ozone/hadoop-hdds/container-service/target/test-dir/cYBBMTvROp/dn/certs/1116412.crt.
2023-01-12 05:26:58,561 [CertificateLifetimeMonitor] INFO  client.DNCertificateClient (DefaultCertificateClient.java:loadAllCertificates(218)) - Added certificate [
[
  Version: V3
  Subject: O=cluster, OU=test, CN=localhost
  Signature Algorithm: SHA256withRSA, OID = 1.2.840.113549.1.1.11

  Key:  Sun RSA public key, 1024 bits
  params: null
  modulus: 106409915867488285126068002460661911414681725694837656972462487937155027536689474725984094693078511776933523527589522666268646156150391306285474970781701588075628333273475365276052889399557167353092922166418611120043743668091374728597644944503121700909028055667829884383752018790887396871156917000085654587623
  public exponent: 65537
  Validity: [From: Thu Jan 12 05:26:36 UTC 2023,
               To: Thu Jan 12 05:26:51 UTC 2023]
  Issuer: O=cluster, OU=test, CN=localhost
  SerialNumber: [    1108fc]

]
  Algorithm: [SHA256withRSA]
  Signature:
0000: 7B 8B B2 F7 1F 6B 28 02   75 3D 86 25 0A A7 85 90  .....k(.u=.%....
0010: A0 CE F2 45 EC 3F 52 C8   53 B8 BD AE 00 94 68 4A  ...E.?R.S.....hJ
0020: 53 45 95 2D 1F AC 63 BA   A0 BF 39 C6 CD 77 4A F0  SE.-..c...9..wJ.
0030: C5 59 43 9C BA 96 06 13   DD C7 DC B4 E4 C3 B9 25  .YC............%
0040: 33 A6 F0 BF 19 28 75 DB   6A 60 FD 78 4A 02 02 04  3....(u.j`.xJ...
0050: 1D 13 DA 5E 41 EC F5 F7   B1 10 9E 9D 02 50 86 A6  ...^A........P..
0060: EB 67 F0 55 61 82 39 6F   94 29 51 86 48 DD E7 3A  .g.Ua.9o.)Q.H..:
0070: BE 54 43 95 76 44 CA F9   9C DB F6 94 CF 21 73 50  .TC.vD.......!sP

] from file:/home/runner/work/ozone/ozone/hadoop-hdds/container-service/target/test-dir/cYBBMTvROp/dn/certs/ROOTCA-1116412.crt.
2023-01-12 05:26:58,561 [CertificateLifetimeMonitor] INFO  client.DNCertificateClient (DefaultCertificateClient.java:reloadKeyAndCertificate(1333)) - Reset and reload key and all certificates.
2023-01-12 05:26:58,690 [CertificateLifetimeMonitor] ERROR client.DNCertificateClient (DefaultCertificateClient.java:createKeyPair(967)) - Error while bootstrapping certificate client.
java.nio.file.NoSuchFileException: /home/runner/work/ozone/ozone/hadoop-hdds/container-service/target/test-dir/cYBBMTvROp/dn/keys-next/public.pem
	at sun.nio.fs.UnixException.translateToIOException(UnixException.java:86)
	at sun.nio.fs.UnixException.rethrowAsIOException(UnixException.java:102)
	at sun.nio.fs.UnixException.rethrowAsIOException(UnixException.java:107)
	at sun.nio.fs.UnixFileSystemProvider.newByteChannel(UnixFileSystemProvider.java:214)
	at java.nio.file.spi.FileSystemProvider.newOutputStream(FileSystemProvider.java:434)
	at java.nio.file.Files.newOutputStream(Files.java:216)
	at org.apache.commons.io.output.FileWriterWithEncoding.initWriter(FileWriterWithEncoding.java:230)
	at org.apache.commons.io.output.FileWriterWithEncoding.<init>(FileWriterWithEncoding.java:184)
	at org.apache.commons.io.output.FileWriterWithEncoding.<init>(FileWriterWithEncoding.java:171)
	at org.apache.hadoop.hdds.security.x509.keys.KeyCodec.writePublicKey(KeyCodec.java:200)
	at org.apache.hadoop.hdds.security.x509.certificate.client.DefaultCertificateClient.createKeyPair(DefaultCertificateClient.java:963)
	at org.apache.hadoop.hdds.security.x509.certificate.client.DefaultCertificateClient.renewAndStoreKeyAndCertificate(DefaultCertificateClient.java:1172)
	at org.apache.hadoop.hdds.security.x509.certificate.client.DefaultCertificateClient$CertificateLifetimeMonitor.run(DefaultCertificateClient.java:1413)
	at java.util.concurrent.Executors$RunnableAdapter.call(Executors.java:511)
	at java.util.concurrent.FutureTask.runAndReset(FutureTask.java:308)
	at java.util.concurrent.ScheduledThreadPoolExecutor$ScheduledFutureTask.access$301(ScheduledThreadPoolExecutor.java:180)
	at java.util.concurrent.ScheduledThreadPoolExecutor$ScheduledFutureTask.run(ScheduledThreadPoolExecutor.java:294)
	at java.util.concurrent.ThreadPoolExecutor.runWorker(ThreadPoolExecutor.java:1149)
	at java.util.concurrent.ThreadPoolExecutor$Worker.run(ThreadPoolExecutor.java:624)
	at java.lang.Thread.run(Thread.java:750)
2023-01-12 05:26:58,695 [CertificateLifetimeMonitor] ERROR client.DNCertificateClient (DefaultCertificateClient.java:run(1423)) - Failed to renew and store key and cert. Keep using existing certificates.
org.apache.hadoop.hdds.security.x509.exceptions.CertificateException: Error while creating new key pair.
	at org.apache.hadoop.hdds.security.x509.certificate.client.DefaultCertificateClient.renewAndStoreKeyAndCertificate(DefaultCertificateClient.java:1174)
	at org.apache.hadoop.hdds.security.x509.certificate.client.DefaultCertificateClient$CertificateLifetimeMonitor.run(DefaultCertificateClient.java:1413)
	at java.util.concurrent.Executors$RunnableAdapter.call(Executors.java:511)
	at java.util.concurrent.FutureTask.runAndReset(FutureTask.java:308)
	at java.util.concurrent.ScheduledThreadPoolExecutor$ScheduledFutureTask.access$301(ScheduledThreadPoolExecutor.java:180)
	at java.util.concurrent.ScheduledThreadPoolExecutor$ScheduledFutureTask.run(ScheduledThreadPoolExecutor.java:294)
	at java.util.concurrent.ThreadPoolExecutor.runWorker(ThreadPoolExecutor.java:1149)
	at java.util.concurrent.ThreadPoolExecutor$Worker.run(ThreadPoolExecutor.java:624)
	at java.lang.Thread.run(Thread.java:750)
Caused by: org.apache.hadoop.hdds.security.x509.exceptions.CertificateException: Error while bootstrapping certificate.
	at org.apache.hadoop.hdds.security.x509.certificate.client.DefaultCertificateClient.createKeyPair(DefaultCertificateClient.java:968)
	at org.apache.hadoop.hdds.security.x509.certificate.client.DefaultCertificateClient.renewAndStoreKeyAndCertificate(DefaultCertificateClient.java:1172)
	... 8 more
2023-01-12 05:26:58,861 [CertificateLifetimeMonitor] ERROR client.DNCertificateClient (DefaultCertificateClient.java:createKeyPair(967)) - Error while bootstrapping certificate client.
java.nio.file.NoSuchFileException: /home/runner/work/ozone/ozone/hadoop-hdds/container-service/target/test-dir/cYBBMTvROp/dn/keys-next/public.pem
	at sun.nio.fs.UnixException.translateToIOException(UnixException.java:86)
	at sun.nio.fs.UnixException.rethrowAsIOException(UnixException.java:102)
	at sun.nio.fs.UnixException.rethrowAsIOException(UnixException.java:107)
	at sun.nio.fs.UnixFileSystemProvider.newByteChannel(UnixFileSystemProvider.java:214)
	at java.nio.file.spi.FileSystemProvider.newOutputStream(FileSystemProvider.java:434)
	at java.nio.file.Files.newOutputStream(Files.java:216)
	at org.apache.commons.io.output.FileWriterWithEncoding.initWriter(FileWriterWithEncoding.java:230)
	at org.apache.commons.io.output.FileWriterWithEncoding.<init>(FileWriterWithEncoding.java:184)
	at org.apache.commons.io.output.FileWriterWithEncoding.<init>(FileWriterWithEncoding.java:171)
	at org.apache.hadoop.hdds.security.x509.keys.KeyCodec.writePublicKey(KeyCodec.java:200)
	at org.apache.hadoop.hdds.security.x509.certificate.client.DefaultCertificateClient.createKeyPair(DefaultCertificateClient.java:963)
	at org.apache.hadoop.hdds.security.x509.certificate.client.DefaultCertificateClient.renewAndStoreKeyAndCertificate(DefaultCertificateClient.java:1172)
	at org.apache.hadoop.hdds.security.x509.certificate.client.DefaultCertificateClient$CertificateLifetimeMonitor.run(DefaultCertificateClient.java:1413)
	at java.util.concurrent.Executors$RunnableAdapter.call(Executors.java:511)
	at java.util.concurrent.FutureTask.runAndReset(FutureTask.java:308)
	at java.util.concurrent.ScheduledThreadPoolExecutor$ScheduledFutureTask.access$301(ScheduledThreadPoolExecutor.java:180)
	at java.util.concurrent.ScheduledThreadPoolExecutor$ScheduledFutureTask.run(ScheduledThreadPoolExecutor.java:294)
	at java.util.concurrent.ThreadPoolExecutor.runWorker(ThreadPoolExecutor.java:1149)
	at java.util.concurrent.ThreadPoolExecutor$Worker.run(ThreadPoolExecutor.java:624)
	at java.lang.Thread.run(Thread.java:750)
2023-01-12 05:26:58,861 [CertificateLifetimeMonitor] ERROR client.DNCertificateClient (DefaultCertificateClient.java:run(1423)) - Failed to renew and store key and cert. Keep using existing certificates.
org.apache.hadoop.hdds.security.x509.exceptions.CertificateException: Error while creating new key pair.
	at org.apache.hadoop.hdds.security.x509.certificate.client.DefaultCertificateClient.renewAndStoreKeyAndCertificate(DefaultCertificateClient.java:1174)
	at org.apache.hadoop.hdds.security.x509.certificate.client.DefaultCertificateClient$CertificateLifetimeMonitor.run(DefaultCertificateClient.java:1413)
	at java.util.concurrent.Executors$RunnableAdapter.call(Executors.java:511)
	at java.util.concurrent.FutureTask.runAndReset(FutureTask.java:308)
	at java.util.concurrent.ScheduledThreadPoolExecutor$ScheduledFutureTask.access$301(ScheduledThreadPoolExecutor.java:180)
	at java.util.concurrent.ScheduledThreadPoolExecutor$ScheduledFutureTask.run(ScheduledThreadPoolExecutor.java:294)
	at java.util.concurrent.ThreadPoolExecutor.runWorker(ThreadPoolExecutor.java:1149)
	at java.util.concurrent.ThreadPoolExecutor$Worker.run(ThreadPoolExecutor.java:624)
	at java.lang.Thread.run(Thread.java:750)
Caused by: org.apache.hadoop.hdds.security.x509.exceptions.CertificateException: Error while bootstrapping certificate.
	at org.apache.hadoop.hdds.security.x509.certificate.client.DefaultCertificateClient.createKeyPair(DefaultCertificateClient.java:968)
	at org.apache.hadoop.hdds.security.x509.certificate.client.DefaultCertificateClient.renewAndStoreKeyAndCertificate(DefaultCertificateClient.java:1172)
	... 8 more
2023-01-12 05:26:59,039 [CertificateLifetimeMonitor] ERROR client.DNCertificateClient (DefaultCertificateClient.java:createKeyPair(967)) - Error while bootstrapping certificate client.
java.nio.file.NoSuchFileException: /home/runner/work/ozone/ozone/hadoop-hdds/container-service/target/test-dir/cYBBMTvROp/dn/keys-next/public.pem
	at sun.nio.fs.UnixException.translateToIOException(UnixException.java:86)
	at sun.nio.fs.UnixException.rethrowAsIOException(UnixException.java:102)
	at sun.nio.fs.UnixException.rethrowAsIOException(UnixException.java:107)
	at sun.nio.fs.UnixFileSystemProvider.newByteChannel(UnixFileSystemProvider.java:214)
	at java.nio.file.spi.FileSystemProvider.newOutputStream(FileSystemProvider.java:434)
	at java.nio.file.Files.newOutputStream(Files.java:216)
	at org.apache.commons.io.output.FileWriterWithEncoding.initWriter(FileWriterWithEncoding.java:230)
	at org.apache.commons.io.output.FileWriterWithEncoding.<init>(FileWriterWithEncoding.java:184)
	at org.apache.commons.io.output.FileWriterWithEncoding.<init>(FileWriterWithEncoding.java:171)
	at org.apache.hadoop.hdds.security.x509.keys.KeyCodec.writePublicKey(KeyCodec.java:200)
	at org.apache.hadoop.hdds.security.x509.certificate.client.DefaultCertificateClient.createKeyPair(DefaultCertificateClient.java:963)
	at org.apache.hadoop.hdds.security.x509.certificate.client.DefaultCertificateClient.renewAndStoreKeyAndCertificate(DefaultCertificateClient.java:1172)
	at org.apache.hadoop.hdds.security.x509.certificate.client.DefaultCertificateClient$CertificateLifetimeMonitor.run(DefaultCertificateClient.java:1413)
	at java.util.concurrent.Executors$RunnableAdapter.call(Executors.java:511)
	at java.util.concurrent.FutureTask.runAndReset(FutureTask.java:308)
	at java.util.concurrent.ScheduledThreadPoolExecutor$ScheduledFutureTask.access$301(ScheduledThreadPoolExecutor.java:180)
	at java.util.concurrent.ScheduledThreadPoolExecutor$ScheduledFutureTask.run(ScheduledThreadPoolExecutor.java:294)
	at java.util.concurrent.ThreadPoolExecutor.runWorker(ThreadPoolExecutor.java:1149)
	at java.util.concurrent.ThreadPoolExecutor$Worker.run(ThreadPoolExecutor.java:624)
	at java.lang.Thread.run(Thread.java:750)
2023-01-12 05:26:59,040 [CertificateLifetimeMonitor] ERROR client.DNCertificateClient (DefaultCertificateClient.java:run(1423)) - Failed to renew and store key and cert. Keep using existing certificates.
org.apache.hadoop.hdds.security.x509.exceptions.CertificateException: Error while creating new key pair.
	at org.apache.hadoop.hdds.security.x509.certificate.client.DefaultCertificateClient.renewAndStoreKeyAndCertificate(DefaultCertificateClient.java:1174)
	at org.apache.hadoop.hdds.security.x509.certificate.client.DefaultCertificateClient$CertificateLifetimeMonitor.run(DefaultCertificateClient.java:1413)
	at java.util.concurrent.Executors$RunnableAdapter.call(Executors.java:511)
	at java.util.concurrent.FutureTask.runAndReset(FutureTask.java:308)
	at java.util.concurrent.ScheduledThreadPoolExecutor$ScheduledFutureTask.access$301(ScheduledThreadPoolExecutor.java:180)
	at java.util.concurrent.ScheduledThreadPoolExecutor$ScheduledFutureTask.run(ScheduledThreadPoolExecutor.java:294)
	at java.util.concurrent.ThreadPoolExecutor.runWorker(ThreadPoolExecutor.java:1149)
	at java.util.concurrent.ThreadPoolExecutor$Worker.run(ThreadPoolExecutor.java:624)
	at java.lang.Thread.run(Thread.java:750)
Caused by: org.apache.hadoop.hdds.security.x509.exceptions.CertificateException: Error while bootstrapping certificate.
	at org.apache.hadoop.hdds.security.x509.certificate.client.DefaultCertificateClient.createKeyPair(DefaultCertificateClient.java:968)
	at org.apache.hadoop.hdds.security.x509.certificate.client.DefaultCertificateClient.renewAndStoreKeyAndCertificate(DefaultCertificateClient.java:1172)
	... 8 more
2023-01-12 05:26:59,084 [CertificateLifetimeMonitor] ERROR client.DNCertificateClient (DefaultCertificateClient.java:createKeyPair(967)) - Error while bootstrapping certificate client.
java.nio.file.NoSuchFileException: /home/runner/work/ozone/ozone/hadoop-hdds/container-service/target/test-dir/cYBBMTvROp/dn/keys-next/public.pem
	at sun.nio.fs.UnixException.translateToIOException(UnixException.java:86)
	at sun.nio.fs.UnixException.rethrowAsIOException(UnixException.java:102)
	at sun.nio.fs.UnixException.rethrowAsIOException(UnixException.java:107)
	at sun.nio.fs.UnixFileSystemProvider.newByteChannel(UnixFileSystemProvider.java:214)
	at java.nio.file.spi.FileSystemProvider.newOutputStream(FileSystemProvider.java:434)
	at java.nio.file.Files.newOutputStream(Files.java:216)
	at org.apache.commons.io.output.FileWriterWithEncoding.initWriter(FileWriterWithEncoding.java:230)
	at org.apache.commons.io.output.FileWriterWithEncoding.<init>(FileWriterWithEncoding.java:184)
	at org.apache.commons.io.output.FileWriterWithEncoding.<init>(FileWriterWithEncoding.java:171)
	at org.apache.hadoop.hdds.security.x509.keys.KeyCodec.writePublicKey(KeyCodec.java:200)
	at org.apache.hadoop.hdds.security.x509.certificate.client.DefaultCertificateClient.createKeyPair(DefaultCertificateClient.java:963)
	at org.apache.hadoop.hdds.security.x509.certificate.client.DefaultCertificateClient.renewAndStoreKeyAndCertificate(DefaultCertificateClient.java:1172)
	at org.apache.hadoop.hdds.security.x509.certificate.client.DefaultCertificateClient$CertificateLifetimeMonitor.run(DefaultCertificateClient.java:1413)
	at java.util.concurrent.Executors$RunnableAdapter.call(Executors.java:511)
	at java.util.concurrent.FutureTask.runAndReset(FutureTask.java:308)
	at java.util.concurrent.ScheduledThreadPoolExecutor$ScheduledFutureTask.access$301(ScheduledThreadPoolExecutor.java:180)
	at java.util.concurrent.ScheduledThreadPoolExecutor$ScheduledFutureTask.run(ScheduledThreadPoolExecutor.java:294)
	at java.util.concurrent.ThreadPoolExecutor.runWorker(ThreadPoolExecutor.java:1149)
	at java.util.concurrent.ThreadPoolExecutor$Worker.run(ThreadPoolExecutor.java:624)
	at java.lang.Thread.run(Thread.java:750)
2023-01-12 05:26:59,084 [CertificateLifetimeMonitor] ERROR client.DNCertificateClient (DefaultCertificateClient.java:run(1423)) - Failed to renew and store key and cert. Keep using existing certificates.
org.apache.hadoop.hdds.security.x509.exceptions.CertificateException: Error while creating new key pair.
	at org.apache.hadoop.hdds.security.x509.certificate.client.DefaultCertificateClient.renewAndStoreKeyAndCertificate(DefaultCertificateClient.java:1174)
	at org.apache.hadoop.hdds.security.x509.certificate.client.DefaultCertificateClient$CertificateLifetimeMonitor.run(DefaultCertificateClient.java:1413)
	at java.util.concurrent.Executors$RunnableAdapter.call(Executors.java:511)
	at java.util.concurrent.FutureTask.runAndReset(FutureTask.java:308)
	at java.util.concurrent.ScheduledThreadPoolExecutor$ScheduledFutureTask.access$301(ScheduledThreadPoolExecutor.java:180)
	at java.util.concurrent.ScheduledThreadPoolExecutor$ScheduledFutureTask.run(ScheduledThreadPoolExecutor.java:294)
	at java.util.concurrent.ThreadPoolExecutor.runWorker(ThreadPoolExecutor.java:1149)
	at java.util.concurrent.ThreadPoolExecutor$Worker.run(ThreadPoolExecutor.java:624)
	at java.lang.Thread.run(Thread.java:750)
Caused by: org.apache.hadoop.hdds.security.x509.exceptions.CertificateException: Error while bootstrapping certificate.
	at org.apache.hadoop.hdds.security.x509.certificate.client.DefaultCertificateClient.createKeyPair(DefaultCertificateClient.java:968)
	at org.apache.hadoop.hdds.security.x509.certificate.client.DefaultCertificateClient.renewAndStoreKeyAndCertificate(DefaultCertificateClient.java:1172)
	... 8 more
2023-01-12 05:26:59,265 [CertificateLifetimeMonitor] INFO  client.DNCertificateClient (DefaultCertificateClient.java:run(1410)) - Current certificate has entered the expiry grace period PT0S. Starting renew key and certs.
2023-01-12 05:26:59,639 [CertificateLifetimeMonitor] INFO  ozone.OzoneSecurityUtil (OzoneSecurityUtil.java:getValidInetsForCurrentHost(119)) - ip:fe80:0:0:0:222:48ff:feaa:f404%eth0 not returned.
2023-01-12 05:26:59,640 [CertificateLifetimeMonitor] INFO  ozone.OzoneSecurityUtil (OzoneSecurityUtil.java:getValidInetsForCurrentHost(116)) - Adding ip:10.1.0.17,host:fv-az205-554.k2gd1z4tyxsu3cbgyjsjq30zwf.jx.internal.cloudapp.net
2023-01-12 05:26:59,640 [CertificateLifetimeMonitor] INFO  ozone.OzoneSecurityUtil (OzoneSecurityUtil.java:getValidInetsForCurrentHost(119)) - ip:0:0:0:0:0:0:0:1%lo not returned.
2023-01-12 05:26:59,640 [CertificateLifetimeMonitor] INFO  ozone.OzoneSecurityUtil (OzoneSecurityUtil.java:getValidInetsForCurrentHost(119)) - ip:127.0.0.1 not returned.
2023-01-12 05:26:59,640 [CertificateLifetimeMonitor] INFO  client.DNCertificateClient (DNCertificateClient.java:getCSRBuilder(98)) - Created csr for DN-> subject:runner@fv-az205-554.k2gd1z4tyxsu3cbgyjsjq30zwf.jx.internal.cloudapp.net
2023-01-12 05:26:59,643 [CertificateLifetimeMonitor] ERROR client.DNCertificateClient (DNCertificateClient.java:signAndStoreCertificate(140)) - Error while signing and storing SCM signed certificate.
org.apache.hadoop.hdds.security.x509.exceptions.CertificateException: Unable to retrieve datanode certificate chain.
	at org.apache.hadoop.hdds.security.x509.certificate.client.DNCertificateClient.signAndStoreCertificate(DNCertificateClient.java:136)
	at org.apache.hadoop.hdds.security.x509.certificate.client.DefaultCertificateClient.renewAndStoreKeyAndCertificate(DefaultCertificateClient.java:1182)
	at org.apache.hadoop.hdds.security.x509.certificate.client.DefaultCertificateClient$CertificateLifetimeMonitor.run(DefaultCertificateClient.java:1413)
	at java.util.concurrent.Executors$RunnableAdapter.call(Executors.java:511)
	at java.util.concurrent.FutureTask.runAndReset(FutureTask.java:308)
	at java.util.concurrent.ScheduledThreadPoolExecutor$ScheduledFutureTask.access$301(ScheduledThreadPoolExecutor.java:180)
	at java.util.concurrent.ScheduledThreadPoolExecutor$ScheduledFutureTask.run(ScheduledThreadPoolExecutor.java:294)
	at java.util.concurrent.ThreadPoolExecutor.runWorker(ThreadPoolExecutor.java:1149)
	at java.util.concurrent.ThreadPoolExecutor$Worker.run(ThreadPoolExecutor.java:624)
	at java.lang.Thread.run(Thread.java:750)
2023-01-12 05:26:59,643 [CertificateLifetimeMonitor] ERROR client.DNCertificateClient (DefaultCertificateClient.java:run(1423)) - Failed to renew and store key and cert. Keep using existing certificates.
org.apache.hadoop.hdds.security.x509.exceptions.CertificateException: Error while signing and storing new certificates.
	at org.apache.hadoop.hdds.security.x509.certificate.client.DefaultCertificateClient.renewAndStoreKeyAndCertificate(DefaultCertificateClient.java:1185)
	at org.apache.hadoop.hdds.security.x509.certificate.client.DefaultCertificateClient$CertificateLifetimeMonitor.run(DefaultCertificateClient.java:1413)
	at java.util.concurrent.Executors$RunnableAdapter.call(Executors.java:511)
	at java.util.concurrent.FutureTask.runAndReset(FutureTask.java:308)
	at java.util.concurrent.ScheduledThreadPoolExecutor$ScheduledFutureTask.access$301(ScheduledThreadPoolExecutor.java:180)
	at java.util.concurrent.ScheduledThreadPoolExecutor$ScheduledFutureTask.run(ScheduledThreadPoolExecutor.java:294)
	at java.util.concurrent.ThreadPoolExecutor.runWorker(ThreadPoolExecutor.java:1149)
	at java.util.concurrent.ThreadPoolExecutor$Worker.run(ThreadPoolExecutor.java:624)
	at java.lang.Thread.run(Thread.java:750)
Caused by: org.apache.hadoop.hdds.security.x509.exceptions.CertificateException: Error while signing and storing SCM signed certificate.
	at org.apache.hadoop.hdds.security.x509.certificate.client.DNCertificateClient.signAndStoreCertificate(DNCertificateClient.java:141)
	at org.apache.hadoop.hdds.security.x509.certificate.client.DefaultCertificateClient.renewAndStoreKeyAndCertificate(DefaultCertificateClient.java:1182)
	... 8 more
Caused by: org.apache.hadoop.hdds.security.x509.exceptions.CertificateException: Unable to retrieve datanode certificate chain.
	at org.apache.hadoop.hdds.security.x509.certificate.client.DNCertificateClient.signAndStoreCertificate(DNCertificateClient.java:136)
	... 9 more
2023-01-12 05:26:59,643 [CertificateLifetimeMonitor] INFO  client.DNCertificateClient (DefaultCertificateClient.java:run(1410)) - Current certificate has entered the expiry grace period PT0S. Starting renew key and certs.
2023-01-12 05:26:59,782 [CertificateLifetimeMonitor] INFO  ozone.OzoneSecurityUtil (OzoneSecurityUtil.java:getValidInetsForCurrentHost(119)) - ip:fe80:0:0:0:222:48ff:feaa:f404%eth0 not returned.
2023-01-12 05:26:59,782 [CertificateLifetimeMonitor] INFO  ozone.OzoneSecurityUtil (OzoneSecurityUtil.java:getValidInetsForCurrentHost(116)) - Adding ip:10.1.0.17,host:fv-az205-554.k2gd1z4tyxsu3cbgyjsjq30zwf.jx.internal.cloudapp.net
2023-01-12 05:26:59,782 [CertificateLifetimeMonitor] INFO  ozone.OzoneSecurityUtil (OzoneSecurityUtil.java:getValidInetsForCurrentHost(119)) - ip:0:0:0:0:0:0:0:1%lo not returned.
2023-01-12 05:26:59,782 [CertificateLifetimeMonitor] INFO  ozone.OzoneSecurityUtil (OzoneSecurityUtil.java:getValidInetsForCurrentHost(119)) - ip:127.0.0.1 not returned.
2023-01-12 05:26:59,783 [CertificateLifetimeMonitor] INFO  client.DNCertificateClient (DNCertificateClient.java:getCSRBuilder(98)) - Created csr for DN-> subject:runner@fv-az205-554.k2gd1z4tyxsu3cbgyjsjq30zwf.jx.internal.cloudapp.net
2023-01-12 05:26:59,786 [CertificateLifetimeMonitor] ERROR client.DNCertificateClient (DNCertificateClient.java:signAndStoreCertificate(140)) - Error while signing and storing SCM signed certificate.
org.apache.hadoop.hdds.security.x509.exceptions.CertificateException: Unable to retrieve datanode certificate chain.
	at org.apache.hadoop.hdds.security.x509.certificate.client.DNCertificateClient.signAndStoreCertificate(DNCertificateClient.java:136)
	at org.apache.hadoop.hdds.security.x509.certificate.client.DefaultCertificateClient.renewAndStoreKeyAndCertificate(DefaultCertificateClient.java:1182)
	at org.apache.hadoop.hdds.security.x509.certificate.client.DefaultCertificateClient$CertificateLifetimeMonitor.run(DefaultCertificateClient.java:1413)
	at java.util.concurrent.Executors$RunnableAdapter.call(Executors.java:511)
	at java.util.concurrent.FutureTask.runAndReset(FutureTask.java:308)
	at java.util.concurrent.ScheduledThreadPoolExecutor$ScheduledFutureTask.access$301(ScheduledThreadPoolExecutor.java:180)
	at java.util.concurrent.ScheduledThreadPoolExecutor$ScheduledFutureTask.run(ScheduledThreadPoolExecutor.java:294)
	at java.util.concurrent.ThreadPoolExecutor.runWorker(ThreadPoolExecutor.java:1149)
	at java.util.concurrent.ThreadPoolExecutor$Worker.run(ThreadPoolExecutor.java:624)
	at java.lang.Thread.run(Thread.java:750)
2023-01-12 05:26:59,786 [CertificateLifetimeMonitor] ERROR client.DNCertificateClient (DefaultCertificateClient.java:run(1423)) - Failed to renew and store key and cert. Keep using existing certificates.
org.apache.hadoop.hdds.security.x509.exceptions.CertificateException: Error while signing and storing new certificates.
	at org.apache.hadoop.hdds.security.x509.certificate.client.DefaultCertificateClient.renewAndStoreKeyAndCertificate(DefaultCertificateClient.java:1185)
	at org.apache.hadoop.hdds.security.x509.certificate.client.DefaultCertificateClient$CertificateLifetimeMonitor.run(DefaultCertificateClient.java:1413)
	at java.util.concurrent.Executors$RunnableAdapter.call(Executors.java:511)
	at java.util.concurrent.FutureTask.runAndReset(FutureTask.java:308)
	at java.util.concurrent.ScheduledThreadPoolExecutor$ScheduledFutureTask.access$301(ScheduledThreadPoolExecutor.java:180)
	at java.util.concurrent.ScheduledThreadPoolExecutor$ScheduledFutureTask.run(ScheduledThreadPoolExecutor.java:294)
	at java.util.concurrent.ThreadPoolExecutor.runWorker(ThreadPoolExecutor.java:1149)
	at java.util.concurrent.ThreadPoolExecutor$Worker.run(ThreadPoolExecutor.java:624)
	at java.lang.Thread.run(Thread.java:750)
Caused by: org.apache.hadoop.hdds.security.x509.exceptions.CertificateException: Error while signing and storing SCM signed certificate.
	at org.apache.hadoop.hdds.security.x509.certificate.client.DNCertificateClient.signAndStoreCertificate(DNCertificateClient.java:141)
	at org.apache.hadoop.hdds.security.x509.certificate.client.DefaultCertificateClient.renewAndStoreKeyAndCertificate(DefaultCertificateClient.java:1182)
	... 8 more
Caused by: org.apache.hadoop.hdds.security.x509.exceptions.CertificateException: Unable to retrieve datanode certificate chain.
	at org.apache.hadoop.hdds.security.x509.certificate.client.DNCertificateClient.signAndStoreCertificate(DNCertificateClient.java:136)
	... 9 more
2023-01-12 05:26:59,992 [CertificateLifetimeMonitor] INFO  client.DNCertificateClient (DefaultCertificateClient.java:run(1410)) - Current certificate has entered the expiry grace period PT0S. Starting renew key and certs.
2023-01-12 05:26:59,992 [CertificateLifetimeMonitor] INFO  client.DNCertificateClient (DefaultCertificateClient.java:run(1410)) - Current certificate has entered the expiry grace period PT0S. Starting renew key and certs.
2023-01-12 05:26:59,995 [CertificateLifetimeMonitor] INFO  client.DNCertificateClient (DefaultCertificateClient.java:run(1410)) - Current certificate has entered the expiry grace period PT0S. Starting renew key and certs.
2023-01-12 05:26:59,995 [CertificateLifetimeMonitor] ERROR client.DNCertificateClient (DefaultCertificateClient.java:run(1423)) - Failed to renew and store key and cert. Keep using existing certificates.
org.apache.hadoop.hdds.security.x509.exceptions.CertificateException: Error while deleting/creating /home/runner/work/ozone/ozone/hadoop-hdds/container-service/target/test-dir/cYBBMTvROp/dn/keys-next or /home/runner/work/ozone/ozone/hadoop-hdds/container-service/target/test-dir/cYBBMTvROp/dn/certs-next directories to cleanup  certificate storage. 
	at org.apache.hadoop.hdds.security.x509.certificate.client.DefaultCertificateClient.renewAndStoreKeyAndCertificate(DefaultCertificateClient.java:1163)
	at org.apache.hadoop.hdds.security.x509.certificate.client.DefaultCertificateClient$CertificateLifetimeMonitor.run(DefaultCertificateClient.java:1413)
	at java.util.concurrent.Executors$RunnableAdapter.call(Executors.java:511)
	at java.util.concurrent.FutureTask.runAndReset(FutureTask.java:308)
	at java.util.concurrent.ScheduledThreadPoolExecutor$ScheduledFutureTask.access$301(ScheduledThreadPoolExecutor.java:180)
	at java.util.concurrent.ScheduledThreadPoolExecutor$ScheduledFutureTask.run(ScheduledThreadPoolExecutor.java:294)
	at java.util.concurrent.ThreadPoolExecutor.runWorker(ThreadPoolExecutor.java:1149)
	at java.util.concurrent.ThreadPoolExecutor$Worker.run(ThreadPoolExecutor.java:624)
	at java.lang.Thread.run(Thread.java:750)
Caused by: org.apache.commons.io.IOExceptionList: /home/runner/work/ozone/ozone/hadoop-hdds/container-service/target/test-dir/cYBBMTvROp/dn/keys-next
	at org.apache.commons.io.FileUtils.cleanDirectory(FileUtils.java:331)
	at org.apache.commons.io.FileUtils.deleteDirectory(FileUtils.java:1192)
	at org.apache.hadoop.hdds.security.x509.certificate.client.DefaultCertificateClient.renewAndStoreKeyAndCertificate(DefaultCertificateClient.java:1158)
	... 8 more
Caused by: java.io.FileNotFoundException: File does not exist: /home/runner/work/ozone/ozone/hadoop-hdds/container-service/target/test-dir/cYBBMTvROp/dn/keys-next/private.pem
	at org.apache.commons.io.FileUtils.forceDelete(FileUtils.java:1349)
	at org.apache.commons.io.FileUtils.cleanDirectory(FileUtils.java:324)
	... 10 more
2023-01-12 05:26:59,996 [CertificateLifetimeMonitor] INFO  client.DNCertificateClient (DefaultCertificateClient.java:run(1410)) - Current certificate has entered the expiry grace period PT0S. Starting renew key and certs.
2023-01-12 05:26:59,992 [CertificateLifetimeMonitor] INFO  client.DNCertificateClient (DefaultCertificateClient.java:run(1410)) - Current certificate has entered the expiry grace period PT0S. Starting renew key and certs.
2023-01-12 05:27:00,339 [CertificateLifetimeMonitor] INFO  ozone.OzoneSecurityUtil (OzoneSecurityUtil.java:getValidInetsForCurrentHost(119)) - ip:fe80:0:0:0:222:48ff:feaa:f404%eth0 not returned.
2023-01-12 05:27:00,339 [CertificateLifetimeMonitor] INFO  ozone.OzoneSecurityUtil (OzoneSecurityUtil.java:getValidInetsForCurrentHost(116)) - Adding ip:10.1.0.17,host:fv-az205-554.k2gd1z4tyxsu3cbgyjsjq30zwf.jx.internal.cloudapp.net
2023-01-12 05:27:00,339 [CertificateLifetimeMonitor] INFO  ozone.OzoneSecurityUtil (OzoneSecurityUtil.java:getValidInetsForCurrentHost(119)) - ip:0:0:0:0:0:0:0:1%lo not returned.
2023-01-12 05:27:00,339 [CertificateLifetimeMonitor] INFO  ozone.OzoneSecurityUtil (OzoneSecurityUtil.java:getValidInetsForCurrentHost(119)) - ip:127.0.0.1 not returned.
2023-01-12 05:27:00,340 [CertificateLifetimeMonitor] INFO  client.DNCertificateClient (DNCertificateClient.java:getCSRBuilder(98)) - Created csr for DN-> subject:runner@fv-az205-554.k2gd1z4tyxsu3cbgyjsjq30zwf.jx.internal.cloudapp.net
2023-01-12 05:27:00,343 [CertificateLifetimeMonitor] ERROR client.DNCertificateClient (DefaultCertificateClient.java:run(1423)) - Failed to renew and store key and cert. Keep using existing certificates.
org.apache.hadoop.hdds.security.x509.exceptions.CertificateException: Error while signing and storing new certificates.
	at org.apache.hadoop.hdds.security.x509.certificate.client.DefaultCertificateClient.renewAndStoreKeyAndCertificate(DefaultCertificateClient.java:1185)
	at org.apache.hadoop.hdds.security.x509.certificate.client.DefaultCertificateClient$CertificateLifetimeMonitor.run(DefaultCertificateClient.java:1413)
	at java.util.concurrent.Executors$RunnableAdapter.call(Executors.java:511)
	at java.util.concurrent.FutureTask.runAndReset(FutureTask.java:308)
	at java.util.concurrent.ScheduledThreadPoolExecutor$ScheduledFutureTask.access$301(ScheduledThreadPoolExecutor.java:180)
	at java.util.concurrent.ScheduledThreadPoolExecutor$ScheduledFutureTask.run(ScheduledThreadPoolExecutor.java:294)
	at java.util.concurrent.ThreadPoolExecutor.runWorker(ThreadPoolExecutor.java:1149)
	at java.util.concurrent.ThreadPoolExecutor$Worker.run(ThreadPoolExecutor.java:624)
	at java.lang.Thread.run(Thread.java:750)
Caused by: org.apache.hadoop.hdds.conf.ConfigurationException: SCM Client Address could not be obtained from config. Config is not properly defined
	at org.apache.hadoop.hdds.scm.proxy.SCMSecurityProtocolFailoverProxyProvider.loadConfigs(SCMSecurityProtocolFailoverProxyProvider.java:120)
	at org.apache.hadoop.hdds.scm.proxy.SCMSecurityProtocolFailoverProxyProvider.<init>(SCMSecurityProtocolFailoverProxyProvider.java:105)
	at org.apache.hadoop.hdds.utils.HddsServerUtil.getScmSecurityClientWithMaxRetry(HddsServerUtil.java:467)
	at org.apache.hadoop.hdds.security.x509.certificate.client.DefaultCertificateClient.getScmSecureClient(DefaultCertificateClient.java:1363)
	at org.apache.hadoop.hdds.security.x509.certificate.client.DNCertificateClient.signAndStoreCertificate(DNCertificateClient.java:113)
	at org.apache.hadoop.hdds.security.x509.certificate.client.DefaultCertificateClient.renewAndStoreKeyAndCertificate(DefaultCertificateClient.java:1182)
	... 8 more
2023-01-12 05:27:00,911 [CertificateLifetimeMonitor] ERROR client.DNCertificateClient (DefaultCertificateClient.java:createKeyPair(967)) - Error while bootstrapping certificate client.
java.io.IOException: Private key already exist.
	at org.apache.hadoop.hdds.security.x509.keys.KeyCodec.writePublicKey(KeyCodec.java:197)
	at org.apache.hadoop.hdds.security.x509.certificate.client.DefaultCertificateClient.createKeyPair(DefaultCertificateClient.java:963)
	at org.apache.hadoop.hdds.security.x509.certificate.client.DefaultCertificateClient.renewAndStoreKeyAndCertificate(DefaultCertificateClient.java:1172)
	at org.apache.hadoop.hdds.security.x509.certificate.client.DefaultCertificateClient$CertificateLifetimeMonitor.run(DefaultCertificateClient.java:1413)
	at java.util.concurrent.Executors$RunnableAdapter.call(Executors.java:511)
	at java.util.concurrent.FutureTask.runAndReset(FutureTask.java:308)
	at java.util.concurrent.ScheduledThreadPoolExecutor$ScheduledFutureTask.access$301(ScheduledThreadPoolExecutor.java:180)
	at java.util.concurrent.ScheduledThreadPoolExecutor$ScheduledFutureTask.run(ScheduledThreadPoolExecutor.java:294)
	at java.util.concurrent.ThreadPoolExecutor.runWorker(ThreadPoolExecutor.java:1149)
	at java.util.concurrent.ThreadPoolExecutor$Worker.run(ThreadPoolExecutor.java:624)
	at java.lang.Thread.run(Thread.java:750)
2023-01-12 05:27:00,912 [CertificateLifetimeMonitor] ERROR client.DNCertificateClient (DefaultCertificateClient.java:run(1423)) - Failed to renew and store key and cert. Keep using existing certificates.
org.apache.hadoop.hdds.security.x509.exceptions.CertificateException: Error while creating new key pair.
	at org.apache.hadoop.hdds.security.x509.certificate.client.DefaultCertificateClient.renewAndStoreKeyAndCertificate(DefaultCertificateClient.java:1174)
	at org.apache.hadoop.hdds.security.x509.certificate.client.DefaultCertificateClient$CertificateLifetimeMonitor.run(DefaultCertificateClient.java:1413)
	at java.util.concurrent.Executors$RunnableAdapter.call(Executors.java:511)
	at java.util.concurrent.FutureTask.runAndReset(FutureTask.java:308)
	at java.util.concurrent.ScheduledThreadPoolExecutor$ScheduledFutureTask.access$301(ScheduledThreadPoolExecutor.java:180)
	at java.util.concurrent.ScheduledThreadPoolExecutor$ScheduledFutureTask.run(ScheduledThreadPoolExecutor.java:294)
	at java.util.concurrent.ThreadPoolExecutor.runWorker(ThreadPoolExecutor.java:1149)
	at java.util.concurrent.ThreadPoolExecutor$Worker.run(ThreadPoolExecutor.java:624)
	at java.lang.Thread.run(Thread.java:750)
Caused by: org.apache.hadoop.hdds.security.x509.exceptions.CertificateException: Error while bootstrapping certificate.
	at org.apache.hadoop.hdds.security.x509.certificate.client.DefaultCertificateClient.createKeyPair(DefaultCertificateClient.java:968)
	at org.apache.hadoop.hdds.security.x509.certificate.client.DefaultCertificateClient.renewAndStoreKeyAndCertificate(DefaultCertificateClient.java:1172)
	... 8 more
2023-01-12 05:27:00,912 [CertificateLifetimeMonitor] INFO  client.DNCertificateClient (DefaultCertificateClient.java:run(1410)) - Current certificate has entered the expiry grace period PT0S. Starting renew key and certs.
2023-01-12 05:27:00,931 [CertificateLifetimeMonitor] INFO  client.DNCertificateClient (DefaultCertificateClient.java:run(1410)) - Current certificate has entered the expiry grace period PT0S. Starting renew key and certs.
2023-01-12 05:27:01,032 [CertificateLifetimeMonitor] INFO  ozone.OzoneSecurityUtil (OzoneSecurityUtil.java:getValidInetsForCurrentHost(119)) - ip:fe80:0:0:0:222:48ff:feaa:f404%eth0 not returned.
2023-01-12 05:27:01,032 [CertificateLifetimeMonitor] INFO  ozone.OzoneSecurityUtil (OzoneSecurityUtil.java:getValidInetsForCurrentHost(116)) - Adding ip:10.1.0.17,host:fv-az205-554.k2gd1z4tyxsu3cbgyjsjq30zwf.jx.internal.cloudapp.net
2023-01-12 05:27:01,033 [CertificateLifetimeMonitor] INFO  ozone.OzoneSecurityUtil (OzoneSecurityUtil.java:getValidInetsForCurrentHost(119)) - ip:0:0:0:0:0:0:0:1%lo not returned.
2023-01-12 05:27:01,033 [CertificateLifetimeMonitor] INFO  ozone.OzoneSecurityUtil (OzoneSecurityUtil.java:getValidInetsForCurrentHost(119)) - ip:127.0.0.1 not returned.
2023-01-12 05:27:01,033 [CertificateLifetimeMonitor] INFO  client.DNCertificateClient (DNCertificateClient.java:getCSRBuilder(98)) - Created csr for DN-> subject:runner@fv-az205-554.k2gd1z4tyxsu3cbgyjsjq30zwf.jx.internal.cloudapp.net
2023-01-12 05:27:01,036 [CertificateLifetimeMonitor] ERROR client.DNCertificateClient (DNCertificateClient.java:signAndStoreCertificate(140)) - Error while signing and storing SCM signed certificate.
org.apache.hadoop.hdds.security.x509.exceptions.CertificateException: Unable to retrieve datanode certificate chain.
	at org.apache.hadoop.hdds.security.x509.certificate.client.DNCertificateClient.signAndStoreCertificate(DNCertificateClient.java:136)
	at org.apache.hadoop.hdds.security.x509.certificate.client.DefaultCertificateClient.renewAndStoreKeyAndCertificate(DefaultCertificateClient.java:1182)
	at org.apache.hadoop.hdds.security.x509.certificate.client.DefaultCertificateClient$CertificateLifetimeMonitor.run(DefaultCertificateClient.java:1413)
	at java.util.concurrent.Executors$RunnableAdapter.call(Executors.java:511)
	at java.util.concurrent.FutureTask.runAndReset(FutureTask.java:308)
	at java.util.concurrent.ScheduledThreadPoolExecutor$ScheduledFutureTask.access$301(ScheduledThreadPoolExecutor.java:180)
	at java.util.concurrent.ScheduledThreadPoolExecutor$ScheduledFutureTask.run(ScheduledThreadPoolExecutor.java:294)
	at java.util.concurrent.ThreadPoolExecutor.runWorker(ThreadPoolExecutor.java:1149)
	at java.util.concurrent.ThreadPoolExecutor$Worker.run(ThreadPoolExecutor.java:624)
	at java.lang.Thread.run(Thread.java:750)
2023-01-12 05:27:01,036 [CertificateLifetimeMonitor] ERROR client.DNCertificateClient (DefaultCertificateClient.java:run(1423)) - Failed to renew and store key and cert. Keep using existing certificates.
org.apache.hadoop.hdds.security.x509.exceptions.CertificateException: Error while signing and storing new certificates.
	at org.apache.hadoop.hdds.security.x509.certificate.client.DefaultCertificateClient.renewAndStoreKeyAndCertificate(DefaultCertificateClient.java:1185)
	at org.apache.hadoop.hdds.security.x509.certificate.client.DefaultCertificateClient$CertificateLifetimeMonitor.run(DefaultCertificateClient.java:1413)
	at java.util.concurrent.Executors$RunnableAdapter.call(Executors.java:511)
	at java.util.concurrent.FutureTask.runAndReset(FutureTask.java:308)
	at java.util.concurrent.ScheduledThreadPoolExecutor$ScheduledFutureTask.access$301(ScheduledThreadPoolExecutor.java:180)
	at java.util.concurrent.ScheduledThreadPoolExecutor$ScheduledFutureTask.run(ScheduledThreadPoolExecutor.java:294)
	at java.util.concurrent.ThreadPoolExecutor.runWorker(ThreadPoolExecutor.java:1149)
	at java.util.concurrent.ThreadPoolExecutor$Worker.run(ThreadPoolExecutor.java:624)
	at java.lang.Thread.run(Thread.java:750)
Caused by: org.apache.hadoop.hdds.security.x509.exceptions.CertificateException: Error while signing and storing SCM signed certificate.
	at org.apache.hadoop.hdds.security.x509.certificate.client.DNCertificateClient.signAndStoreCertificate(DNCertificateClient.java:141)
	at org.apache.hadoop.hdds.security.x509.certificate.client.DefaultCertificateClient.renewAndStoreKeyAndCertificate(DefaultCertificateClient.java:1182)
	... 8 more
Caused by: org.apache.hadoop.hdds.security.x509.exceptions.CertificateException: Unable to retrieve datanode certificate chain.
	at org.apache.hadoop.hdds.security.x509.certificate.client.DNCertificateClient.signAndStoreCertificate(DNCertificateClient.java:136)
	... 9 more
2023-01-12 05:27:01,036 [CertificateLifetimeMonitor] INFO  client.DNCertificateClient (DefaultCertificateClient.java:run(1410)) - Current certificate has entered the expiry grace period PT0S. Starting renew key and certs.
2023-01-12 05:27:01,215 [CertificateLifetimeMonitor] INFO  ozone.OzoneSecurityUtil (OzoneSecurityUtil.java:getValidInetsForCurrentHost(119)) - ip:fe80:0:0:0:222:48ff:feaa:f404%eth0 not returned.
2023-01-12 05:27:01,216 [CertificateLifetimeMonitor] INFO  ozone.OzoneSecurityUtil (OzoneSecurityUtil.java:getValidInetsForCurrentHost(116)) - Adding ip:10.1.0.17,host:fv-az205-554.k2gd1z4tyxsu3cbgyjsjq30zwf.jx.internal.cloudapp.net
2023-01-12 05:27:01,216 [CertificateLifetimeMonitor] INFO  ozone.OzoneSecurityUtil (OzoneSecurityUtil.java:getValidInetsForCurrentHost(119)) - ip:0:0:0:0:0:0:0:1%lo not returned.
2023-01-12 05:27:01,217 [CertificateLifetimeMonitor] INFO  ozone.OzoneSecurityUtil (OzoneSecurityUtil.java:getValidInetsForCurrentHost(119)) - ip:127.0.0.1 not returned.
2023-01-12 05:27:01,217 [CertificateLifetimeMonitor] INFO  client.DNCertificateClient (DNCertificateClient.java:getCSRBuilder(98)) - Created csr for DN-> subject:runner@fv-az205-554.k2gd1z4tyxsu3cbgyjsjq30zwf.jx.internal.cloudapp.net
2023-01-12 05:27:01,221 [CertificateLifetimeMonitor] ERROR client.DNCertificateClient (DefaultCertificateClient.java:run(1423)) - Failed to renew and store key and cert. Keep using existing certificates.
org.apache.hadoop.hdds.security.x509.exceptions.CertificateException: Error while signing and storing new certificates.
	at org.apache.hadoop.hdds.security.x509.certificate.client.DefaultCertificateClient.renewAndStoreKeyAndCertificate(DefaultCertificateClient.java:1185)
	at org.apache.hadoop.hdds.security.x509.certificate.client.DefaultCertificateClient$CertificateLifetimeMonitor.run(DefaultCertificateClient.java:1413)
	at java.util.concurrent.Executors$RunnableAdapter.call(Executors.java:511)
	at java.util.concurrent.FutureTask.runAndReset(FutureTask.java:308)
	at java.util.concurrent.ScheduledThreadPoolExecutor$ScheduledFutureTask.access$301(ScheduledThreadPoolExecutor.java:180)
	at java.util.concurrent.ScheduledThreadPoolExecutor$ScheduledFutureTask.run(ScheduledThreadPoolExecutor.java:294)
	at java.util.concurrent.ThreadPoolExecutor.runWorker(ThreadPoolExecutor.java:1149)
	at java.util.concurrent.ThreadPoolExecutor$Worker.run(ThreadPoolExecutor.java:624)
	at java.lang.Thread.run(Thread.java:750)
Caused by: org.apache.hadoop.hdds.conf.ConfigurationException: SCM Client Address could not be obtained from config. Config is not properly defined
	at org.apache.hadoop.hdds.scm.proxy.SCMSecurityProtocolFailoverProxyProvider.loadConfigs(SCMSecurityProtocolFailoverProxyProvider.java:120)
	at org.apache.hadoop.hdds.scm.proxy.SCMSecurityProtocolFailoverProxyProvider.<init>(SCMSecurityProtocolFailoverProxyProvider.java:105)
	at org.apache.hadoop.hdds.utils.HddsServerUtil.getScmSecurityClientWithMaxRetry(HddsServerUtil.java:467)
	at org.apache.hadoop.hdds.security.x509.certificate.client.DefaultCertificateClient.getScmSecureClient(DefaultCertificateClient.java:1363)
	at org.apache.hadoop.hdds.security.x509.certificate.client.DNCertificateClient.signAndStoreCertificate(DNCertificateClient.java:113)
	at org.apache.hadoop.hdds.security.x509.certificate.client.DefaultCertificateClient.renewAndStoreKeyAndCertificate(DefaultCertificateClient.java:1182)
	... 8 more
2023-01-12 05:27:01,293 [CertificateLifetimeMonitor] ERROR client.DNCertificateClient (DefaultCertificateClient.java:createKeyPair(967)) - Error while bootstrapping certificate client.
java.io.IOException: Private key already exist.
	at org.apache.hadoop.hdds.security.x509.keys.KeyCodec.writePublicKey(KeyCodec.java:197)
	at org.apache.hadoop.hdds.security.x509.certificate.client.DefaultCertificateClient.createKeyPair(DefaultCertificateClient.java:963)
	at org.apache.hadoop.hdds.security.x509.certificate.client.DefaultCertificateClient.renewAndStoreKeyAndCertificate(DefaultCertificateClient.java:1172)
	at org.apache.hadoop.hdds.security.x509.certificate.client.DefaultCertificateClient$CertificateLifetimeMonitor.run(DefaultCertificateClient.java:1413)
	at java.util.concurrent.Executors$RunnableAdapter.call(Executors.java:511)
	at java.util.concurrent.FutureTask.runAndReset(FutureTask.java:308)
	at java.util.concurrent.ScheduledThreadPoolExecutor$ScheduledFutureTask.access$301(ScheduledThreadPoolExecutor.java:180)
	at java.util.concurrent.ScheduledThreadPoolExecutor$ScheduledFutureTask.run(ScheduledThreadPoolExecutor.java:294)
	at java.util.concurrent.ThreadPoolExecutor.runWorker(ThreadPoolExecutor.java:1149)
	at java.util.concurrent.ThreadPoolExecutor$Worker.run(ThreadPoolExecutor.java:624)
	at java.lang.Thread.run(Thread.java:750)
2023-01-12 05:27:01,293 [CertificateLifetimeMonitor] ERROR client.DNCertificateClient (DefaultCertificateClient.java:run(1423)) - Failed to renew and store key and cert. Keep using existing certificates.
org.apache.hadoop.hdds.security.x509.exceptions.CertificateException: Error while creating new key pair.
	at org.apache.hadoop.hdds.security.x509.certificate.client.DefaultCertificateClient.renewAndStoreKeyAndCertificate(DefaultCertificateClient.java:1174)
	at org.apache.hadoop.hdds.security.x509.certificate.client.DefaultCertificateClient$CertificateLifetimeMonitor.run(DefaultCertificateClient.java:1413)
	at java.util.concurrent.Executors$RunnableAdapter.call(Executors.java:511)
	at java.util.concurrent.FutureTask.runAndReset(FutureTask.java:308)
	at java.util.concurrent.ScheduledThreadPoolExecutor$ScheduledFutureTask.access$301(ScheduledThreadPoolExecutor.java:180)
	at java.util.concurrent.ScheduledThreadPoolExecutor$ScheduledFutureTask.run(ScheduledThreadPoolExecutor.java:294)
	at java.util.concurrent.ThreadPoolExecutor.runWorker(ThreadPoolExecutor.java:1149)
	at java.util.concurrent.ThreadPoolExecutor$Worker.run(ThreadPoolExecutor.java:624)
	at java.lang.Thread.run(Thread.java:750)
Caused by: org.apache.hadoop.hdds.security.x509.exceptions.CertificateException: Error while bootstrapping certificate.
	at org.apache.hadoop.hdds.security.x509.certificate.client.DefaultCertificateClient.createKeyPair(DefaultCertificateClient.java:968)
	at org.apache.hadoop.hdds.security.x509.certificate.client.DefaultCertificateClient.renewAndStoreKeyAndCertificate(DefaultCertificateClient.java:1172)
	... 8 more
2023-01-12 05:27:01,303 [CertificateLifetimeMonitor] ERROR client.DNCertificateClient (DefaultCertificateClient.java:createKeyPair(967)) - Error while bootstrapping certificate client.
java.io.IOException: Private key already exist.
	at org.apache.hadoop.hdds.security.x509.keys.KeyCodec.writePublicKey(KeyCodec.java:197)
	at org.apache.hadoop.hdds.security.x509.certificate.client.DefaultCertificateClient.createKeyPair(DefaultCertificateClient.java:963)
	at org.apache.hadoop.hdds.security.x509.certificate.client.DefaultCertificateClient.renewAndStoreKeyAndCertificate(DefaultCertificateClient.java:1172)
	at org.apache.hadoop.hdds.security.x509.certificate.client.DefaultCertificateClient$CertificateLifetimeMonitor.run(DefaultCertificateClient.java:1413)
	at java.util.concurrent.Executors$RunnableAdapter.call(Executors.java:511)
	at java.util.concurrent.FutureTask.runAndReset(FutureTask.java:308)
	at java.util.concurrent.ScheduledThreadPoolExecutor$ScheduledFutureTask.access$301(ScheduledThreadPoolExecutor.java:180)
	at java.util.concurrent.ScheduledThreadPoolExecutor$ScheduledFutureTask.run(ScheduledThreadPoolExecutor.java:294)
	at java.util.concurrent.ThreadPoolExecutor.runWorker(ThreadPoolExecutor.java:1149)
	at java.util.concurrent.ThreadPoolExecutor$Worker.run(ThreadPoolExecutor.java:624)
	at java.lang.Thread.run(Thread.java:750)
2023-01-12 05:27:01,303 [CertificateLifetimeMonitor] ERROR client.DNCertificateClient (DefaultCertificateClient.java:run(1423)) - Failed to renew and store key and cert. Keep using existing certificates.
org.apache.hadoop.hdds.security.x509.exceptions.CertificateException: Error while creating new key pair.
	at org.apache.hadoop.hdds.security.x509.certificate.client.DefaultCertificateClient.renewAndStoreKeyAndCertificate(DefaultCertificateClient.java:1174)
	at org.apache.hadoop.hdds.security.x509.certificate.client.DefaultCertificateClient$CertificateLifetimeMonitor.run(DefaultCertificateClient.java:1413)
	at java.util.concurrent.Executors$RunnableAdapter.call(Executors.java:511)
	at java.util.concurrent.FutureTask.runAndReset(FutureTask.java:308)
	at java.util.concurrent.ScheduledThreadPoolExecutor$ScheduledFutureTask.access$301(ScheduledThreadPoolExecutor.java:180)
	at java.util.concurrent.ScheduledThreadPoolExecutor$ScheduledFutureTask.run(ScheduledThreadPoolExecutor.java:294)
	at java.util.concurrent.ThreadPoolExecutor.runWorker(ThreadPoolExecutor.java:1149)
	at java.util.concurrent.ThreadPoolExecutor$Worker.run(ThreadPoolExecutor.java:624)
	at java.lang.Thread.run(Thread.java:750)
Caused by: org.apache.hadoop.hdds.security.x509.exceptions.CertificateException: Error while bootstrapping certificate.
	at org.apache.hadoop.hdds.security.x509.certificate.client.DefaultCertificateClient.createKeyPair(DefaultCertificateClient.java:968)
	at org.apache.hadoop.hdds.security.x509.certificate.client.DefaultCertificateClient.renewAndStoreKeyAndCertificate(DefaultCertificateClient.java:1172)
	... 8 more
2023-01-12 05:27:01,451 [CertificateLifetimeMonitor] ERROR client.DNCertificateClient (DefaultCertificateClient.java:createKeyPair(967)) - Error while bootstrapping certificate client.
java.io.IOException: Private key already exist.
	at org.apache.hadoop.hdds.security.x509.keys.KeyCodec.writePublicKey(KeyCodec.java:197)
	at org.apache.hadoop.hdds.security.x509.certificate.client.DefaultCertificateClient.createKeyPair(DefaultCertificateClient.java:963)
	at org.apache.hadoop.hdds.security.x509.certificate.client.DefaultCertificateClient.renewAndStoreKeyAndCertificate(DefaultCertificateClient.java:1172)
	at org.apache.hadoop.hdds.security.x509.certificate.client.DefaultCertificateClient$CertificateLifetimeMonitor.run(DefaultCertificateClient.java:1413)
	at java.util.concurrent.Executors$RunnableAdapter.call(Executors.java:511)
	at java.util.concurrent.FutureTask.runAndReset(FutureTask.java:308)
	at java.util.concurrent.ScheduledThreadPoolExecutor$ScheduledFutureTask.access$301(ScheduledThreadPoolExecutor.java:180)
	at java.util.concurrent.ScheduledThreadPoolExecutor$ScheduledFutureTask.run(ScheduledThreadPoolExecutor.java:294)
	at java.util.concurrent.ThreadPoolExecutor.runWorker(ThreadPoolExecutor.java:1149)
	at java.util.concurrent.ThreadPoolExecutor$Worker.run(ThreadPoolExecutor.java:624)
	at java.lang.Thread.run(Thread.java:750)
2023-01-12 05:27:01,452 [CertificateLifetimeMonitor] ERROR client.DNCertificateClient (DefaultCertificateClient.java:run(1423)) - Failed to renew and store key and cert. Keep using existing certificates.
org.apache.hadoop.hdds.security.x509.exceptions.CertificateException: Error while creating new key pair.
	at org.apache.hadoop.hdds.security.x509.certificate.client.DefaultCertificateClient.renewAndStoreKeyAndCertificate(DefaultCertificateClient.java:1174)
	at org.apache.hadoop.hdds.security.x509.certificate.client.DefaultCertificateClient$CertificateLifetimeMonitor.run(DefaultCertificateClient.java:1413)
	at java.util.concurrent.Executors$RunnableAdapter.call(Executors.java:511)
	at java.util.concurrent.FutureTask.runAndReset(FutureTask.java:308)
	at java.util.concurrent.ScheduledThreadPoolExecutor$ScheduledFutureTask.access$301(ScheduledThreadPoolExecutor.java:180)
	at java.util.concurrent.ScheduledThreadPoolExecutor$ScheduledFutureTask.run(ScheduledThreadPoolExecutor.java:294)
	at java.util.concurrent.ThreadPoolExecutor.runWorker(ThreadPoolExecutor.java:1149)
	at java.util.concurrent.ThreadPoolExecutor$Worker.run(ThreadPoolExecutor.java:624)
	at java.lang.Thread.run(Thread.java:750)
Caused by: org.apache.hadoop.hdds.security.x509.exceptions.CertificateException: Error while bootstrapping certificate.
	at org.apache.hadoop.hdds.security.x509.certificate.client.DefaultCertificateClient.createKeyPair(DefaultCertificateClient.java:968)
	at org.apache.hadoop.hdds.security.x509.certificate.client.DefaultCertificateClient.renewAndStoreKeyAndCertificate(DefaultCertificateClient.java:1172)
	... 8 more
2023-01-12 05:27:01,658 [CertificateLifetimeMonitor] INFO  client.DNCertificateClient (DefaultCertificateClient.java:run(1410)) - Current certificate has entered the expiry grace period PT0S. Starting renew key and certs.
2023-01-12 05:27:01,658 [CertificateLifetimeMonitor] INFO  client.DNCertificateClient (DefaultCertificateClient.java:run(1410)) - Current certificate has entered the expiry grace period PT0S. Starting renew key and certs.
2023-01-12 05:27:01,658 [CertificateLifetimeMonitor] INFO  client.DNCertificateClient (DefaultCertificateClient.java:run(1410)) - Current certificate has entered the expiry grace period PT0S. Starting renew key and certs.
2023-01-12 05:27:01,659 [CertificateLifetimeMonitor] INFO  client.DNCertificateClient (DefaultCertificateClient.java:run(1410)) - Current certificate has entered the expiry grace period PT0S. Starting renew key and certs.
2023-01-12 05:27:01,660 [CertificateLifetimeMonitor] ERROR client.DNCertificateClient (DefaultCertificateClient.java:run(1423)) - Failed to renew and store key and cert. Keep using existing certificates.
org.apache.hadoop.hdds.security.x509.exceptions.CertificateException: Error while deleting/creating /home/runner/work/ozone/ozone/hadoop-hdds/container-service/target/test-dir/cYBBMTvROp/dn/keys-next or /home/runner/work/ozone/ozone/hadoop-hdds/container-service/target/test-dir/cYBBMTvROp/dn/certs-next directories to cleanup  certificate storage. 
	at org.apache.hadoop.hdds.security.x509.certificate.client.DefaultCertificateClient.renewAndStoreKeyAndCertificate(DefaultCertificateClient.java:1163)
	at org.apache.hadoop.hdds.security.x509.certificate.client.DefaultCertificateClient$CertificateLifetimeMonitor.run(DefaultCertificateClient.java:1413)
	at java.util.concurrent.Executors$RunnableAdapter.call(Executors.java:511)
	at java.util.concurrent.FutureTask.runAndReset(FutureTask.java:308)
	at java.util.concurrent.ScheduledThreadPoolExecutor$ScheduledFutureTask.access$301(ScheduledThreadPoolExecutor.java:180)
	at java.util.concurrent.ScheduledThreadPoolExecutor$ScheduledFutureTask.run(ScheduledThreadPoolExecutor.java:294)
	at java.util.concurrent.ThreadPoolExecutor.runWorker(ThreadPoolExecutor.java:1149)
	at java.util.concurrent.ThreadPoolExecutor$Worker.run(ThreadPoolExecutor.java:624)
	at java.lang.Thread.run(Thread.java:750)
Caused by: org.apache.commons.io.IOExceptionList: /home/runner/work/ozone/ozone/hadoop-hdds/container-service/target/test-dir/cYBBMTvROp/dn/keys-next
	at org.apache.commons.io.FileUtils.cleanDirectory(FileUtils.java:331)
	at org.apache.commons.io.FileUtils.deleteDirectory(FileUtils.java:1192)
	at org.apache.hadoop.hdds.security.x509.certificate.client.DefaultCertificateClient.renewAndStoreKeyAndCertificate(DefaultCertificateClient.java:1158)
	... 8 more
Caused by: java.io.FileNotFoundException: File does not exist: /home/runner/work/ozone/ozone/hadoop-hdds/container-service/target/test-dir/cYBBMTvROp/dn/keys-next/private.pem
	at org.apache.commons.io.FileUtils.forceDelete(FileUtils.java:1349)
	at org.apache.commons.io.FileUtils.cleanDirectory(FileUtils.java:324)
	... 10 more
2023-01-12 05:27:01,660 [CertificateLifetimeMonitor] ERROR client.DNCertificateClient (DefaultCertificateClient.java:run(1423)) - Failed to renew and store key and cert. Keep using existing certificates.
org.apache.hadoop.hdds.security.x509.exceptions.CertificateException: Error while deleting/creating /home/runner/work/ozone/ozone/hadoop-hdds/container-service/target/test-dir/cYBBMTvROp/dn/keys-next or /home/runner/work/ozone/ozone/hadoop-hdds/container-service/target/test-dir/cYBBMTvROp/dn/certs-next directories to cleanup  certificate storage. 
	at org.apache.hadoop.hdds.security.x509.certificate.client.DefaultCertificateClient.renewAndStoreKeyAndCertificate(DefaultCertificateClient.java:1163)
	at org.apache.hadoop.hdds.security.x509.certificate.client.DefaultCertificateClient$CertificateLifetimeMonitor.run(DefaultCertificateClient.java:1413)
	at java.util.concurrent.Executors$RunnableAdapter.call(Executors.java:511)
	at java.util.concurrent.FutureTask.runAndReset(FutureTask.java:308)
	at java.util.concurrent.ScheduledThreadPoolExecutor$ScheduledFutureTask.access$301(ScheduledThreadPoolExecutor.java:180)
	at java.util.concurrent.ScheduledThreadPoolExecutor$ScheduledFutureTask.run(ScheduledThreadPoolExecutor.java:294)
	at java.util.concurrent.ThreadPoolExecutor.runWorker(ThreadPoolExecutor.java:1149)
	at java.util.concurrent.ThreadPoolExecutor$Worker.run(ThreadPoolExecutor.java:624)
	at java.lang.Thread.run(Thread.java:750)
Caused by: org.apache.commons.io.IOExceptionList: /home/runner/work/ozone/ozone/hadoop-hdds/container-service/target/test-dir/cYBBMTvROp/dn/keys-next
	at org.apache.commons.io.FileUtils.cleanDirectory(FileUtils.java:331)
	at org.apache.commons.io.FileUtils.deleteDirectory(FileUtils.java:1192)
	at org.apache.hadoop.hdds.security.x509.certificate.client.DefaultCertificateClient.renewAndStoreKeyAndCertificate(DefaultCertificateClient.java:1158)
	... 8 more
Caused by: java.io.FileNotFoundException: File does not exist: /home/runner/work/ozone/ozone/hadoop-hdds/container-service/target/test-dir/cYBBMTvROp/dn/keys-next/public.pem
	at org.apache.commons.io.FileUtils.forceDelete(FileUtils.java:1349)
	at org.apache.commons.io.FileUtils.cleanDirectory(FileUtils.java:324)
	... 10 more
2023-01-12 05:27:01,660 [CertificateLifetimeMonitor] ERROR client.DNCertificateClient (DefaultCertificateClient.java:run(1423)) - Failed to renew and store key and cert. Keep using existing certificates.
org.apache.hadoop.hdds.security.x509.exceptions.CertificateException: Error while deleting/creating /home/runner/work/ozone/ozone/hadoop-hdds/container-service/target/test-dir/cYBBMTvROp/dn/keys-next or /home/runner/work/ozone/ozone/hadoop-hdds/container-service/target/test-dir/cYBBMTvROp/dn/certs-next directories to cleanup  certificate storage. 
	at org.apache.hadoop.hdds.security.x509.certificate.client.DefaultCertificateClient.renewAndStoreKeyAndCertificate(DefaultCertificateClient.java:1163)
	at org.apache.hadoop.hdds.security.x509.certificate.client.DefaultCertificateClient$CertificateLifetimeMonitor.run(DefaultCertificateClient.java:1413)
	at java.util.concurrent.Executors$RunnableAdapter.call(Executors.java:511)
	at java.util.concurrent.FutureTask.runAndReset(FutureTask.java:308)
	at java.util.concurrent.ScheduledThreadPoolExecutor$ScheduledFutureTask.access$301(ScheduledThreadPoolExecutor.java:180)
	at java.util.concurrent.ScheduledThreadPoolExecutor$ScheduledFutureTask.run(ScheduledThreadPoolExecutor.java:294)
	at java.util.concurrent.ThreadPoolExecutor.runWorker(ThreadPoolExecutor.java:1149)
	at java.util.concurrent.ThreadPoolExecutor$Worker.run(ThreadPoolExecutor.java:624)
	at java.lang.Thread.run(Thread.java:750)
Caused by: org.apache.commons.io.IOExceptionList: /home/runner/work/ozone/ozone/hadoop-hdds/container-service/target/test-dir/cYBBMTvROp/dn/keys-next
	at org.apache.commons.io.FileUtils.cleanDirectory(FileUtils.java:331)
	at org.apache.commons.io.FileUtils.deleteDirectory(FileUtils.java:1192)
	at org.apache.hadoop.hdds.security.x509.certificate.client.DefaultCertificateClient.renewAndStoreKeyAndCertificate(DefaultCertificateClient.java:1158)
	... 8 more
Caused by: java.io.FileNotFoundException: File does not exist: /home/runner/work/ozone/ozone/hadoop-hdds/container-service/target/test-dir/cYBBMTvROp/dn/keys-next/public.pem
	at org.apache.commons.io.FileUtils.forceDelete(FileUtils.java:1349)
	at org.apache.commons.io.FileUtils.cleanDirectory(FileUtils.java:324)
	... 10 more
2023-01-12 05:27:01,662 [CertificateLifetimeMonitor] INFO  client.DNCertificateClient (DefaultCertificateClient.java:run(1410)) - Current certificate has entered the expiry grace period PT0S. Starting renew key and certs.
2023-01-12 05:27:01,743 [CertificateLifetimeMonitor] INFO  ozone.OzoneSecurityUtil (OzoneSecurityUtil.java:getValidInetsForCurrentHost(119)) - ip:fe80:0:0:0:222:48ff:feaa:f404%eth0 not returned.
2023-01-12 05:27:01,743 [CertificateLifetimeMonitor] INFO  ozone.OzoneSecurityUtil (OzoneSecurityUtil.java:getValidInetsForCurrentHost(116)) - Adding ip:10.1.0.17,host:fv-az205-554.k2gd1z4tyxsu3cbgyjsjq30zwf.jx.internal.cloudapp.net
2023-01-12 05:27:01,743 [CertificateLifetimeMonitor] INFO  ozone.OzoneSecurityUtil (OzoneSecurityUtil.java:getValidInetsForCurrentHost(119)) - ip:0:0:0:0:0:0:0:1%lo not returned.
2023-01-12 05:27:01,743 [CertificateLifetimeMonitor] INFO  ozone.OzoneSecurityUtil (OzoneSecurityUtil.java:getValidInetsForCurrentHost(119)) - ip:127.0.0.1 not returned.
2023-01-12 05:27:01,743 [CertificateLifetimeMonitor] INFO  client.DNCertificateClient (DNCertificateClient.java:getCSRBuilder(98)) - Created csr for DN-> subject:runner@fv-az205-554.k2gd1z4tyxsu3cbgyjsjq30zwf.jx.internal.cloudapp.net
2023-01-12 05:27:01,747 [CertificateLifetimeMonitor] ERROR client.DNCertificateClient (DefaultCertificateClient.java:run(1423)) - Failed to renew and store key and cert. Keep using existing certificates.
org.apache.hadoop.hdds.security.x509.exceptions.CertificateException: Error while signing and storing new certificates.
	at org.apache.hadoop.hdds.security.x509.certificate.client.DefaultCertificateClient.renewAndStoreKeyAndCertificate(DefaultCertificateClient.java:1185)
	at org.apache.hadoop.hdds.security.x509.certificate.client.DefaultCertificateClient$CertificateLifetimeMonitor.run(DefaultCertificateClient.java:1413)
	at java.util.concurrent.Executors$RunnableAdapter.call(Executors.java:511)
	at java.util.concurrent.FutureTask.runAndReset(FutureTask.java:308)
	at java.util.concurrent.ScheduledThreadPoolExecutor$ScheduledFutureTask.access$301(ScheduledThreadPoolExecutor.java:180)
	at java.util.concurrent.ScheduledThreadPoolExecutor$ScheduledFutureTask.run(ScheduledThreadPoolExecutor.java:294)
	at java.util.concurrent.ThreadPoolExecutor.runWorker(ThreadPoolExecutor.java:1149)
	at java.util.concurrent.ThreadPoolExecutor$Worker.run(ThreadPoolExecutor.java:624)
	at java.lang.Thread.run(Thread.java:750)
Caused by: org.apache.hadoop.hdds.conf.ConfigurationException: SCM Client Address could not be obtained from config. Config is not properly defined
	at org.apache.hadoop.hdds.scm.proxy.SCMSecurityProtocolFailoverProxyProvider.loadConfigs(SCMSecurityProtocolFailoverProxyProvider.java:120)
	at org.apache.hadoop.hdds.scm.proxy.SCMSecurityProtocolFailoverProxyProvider.<init>(SCMSecurityProtocolFailoverProxyProvider.java:105)
	at org.apache.hadoop.hdds.utils.HddsServerUtil.getScmSecurityClientWithMaxRetry(HddsServerUtil.java:467)
	at org.apache.hadoop.hdds.security.x509.certificate.client.DefaultCertificateClient.getScmSecureClient(DefaultCertificateClient.java:1363)
	at org.apache.hadoop.hdds.security.x509.certificate.client.DNCertificateClient.signAndStoreCertificate(DNCertificateClient.java:113)
	at org.apache.hadoop.hdds.security.x509.certificate.client.DefaultCertificateClient.renewAndStoreKeyAndCertificate(DefaultCertificateClient.java:1182)
	... 8 more
2023-01-12 05:27:01,891 [CertificateLifetimeMonitor] ERROR client.DNCertificateClient (DefaultCertificateClient.java:createKeyPair(967)) - Error while bootstrapping certificate client.
java.io.IOException: Private key already exist.
	at org.apache.hadoop.hdds.security.x509.keys.KeyCodec.writePublicKey(KeyCodec.java:197)
	at org.apache.hadoop.hdds.security.x509.certificate.client.DefaultCertificateClient.createKeyPair(DefaultCertificateClient.java:963)
	at org.apache.hadoop.hdds.security.x509.certificate.client.DefaultCertificateClient.renewAndStoreKeyAndCertificate(DefaultCertificateClient.java:1172)
	at org.apache.hadoop.hdds.security.x509.certificate.client.DefaultCertificateClient$CertificateLifetimeMonitor.run(DefaultCertificateClient.java:1413)
	at java.util.concurrent.Executors$RunnableAdapter.call(Executors.java:511)
	at java.util.concurrent.FutureTask.runAndReset(FutureTask.java:308)
	at java.util.concurrent.ScheduledThreadPoolExecutor$ScheduledFutureTask.access$301(ScheduledThreadPoolExecutor.java:180)
	at java.util.concurrent.ScheduledThreadPoolExecutor$ScheduledFutureTask.run(ScheduledThreadPoolExecutor.java:294)
	at java.util.concurrent.ThreadPoolExecutor.runWorker(ThreadPoolExecutor.java:1149)
	at java.util.concurrent.ThreadPoolExecutor$Worker.run(ThreadPoolExecutor.java:624)
	at java.lang.Thread.run(Thread.java:750)
2023-01-12 05:27:01,892 [CertificateLifetimeMonitor] ERROR client.DNCertificateClient (DefaultCertificateClient.java:run(1423)) - Failed to renew and store key and cert. Keep using existing certificates.
org.apache.hadoop.hdds.security.x509.exceptions.CertificateException: Error while creating new key pair.
	at org.apache.hadoop.hdds.security.x509.certificate.client.DefaultCertificateClient.renewAndStoreKeyAndCertificate(DefaultCertificateClient.java:1174)
	at org.apache.hadoop.hdds.security.x509.certificate.client.DefaultCertificateClient$CertificateLifetimeMonitor.run(DefaultCertificateClient.java:1413)
	at java.util.concurrent.Executors$RunnableAdapter.call(Executors.java:511)
	at java.util.concurrent.FutureTask.runAndReset(FutureTask.java:308)
	at java.util.concurrent.ScheduledThreadPoolExecutor$ScheduledFutureTask.access$301(ScheduledThreadPoolExecutor.java:180)
	at java.util.concurrent.ScheduledThreadPoolExecutor$ScheduledFutureTask.run(ScheduledThreadPoolExecutor.java:294)
	at java.util.concurrent.ThreadPoolExecutor.runWorker(ThreadPoolExecutor.java:1149)
	at java.util.concurrent.ThreadPoolExecutor$Worker.run(ThreadPoolExecutor.java:624)
	at java.lang.Thread.run(Thread.java:750)
Caused by: org.apache.hadoop.hdds.security.x509.exceptions.CertificateException: Error while bootstrapping certificate.
	at org.apache.hadoop.hdds.security.x509.certificate.client.DefaultCertificateClient.createKeyPair(DefaultCertificateClient.java:968)
	at org.apache.hadoop.hdds.security.x509.certificate.client.DefaultCertificateClient.renewAndStoreKeyAndCertificate(DefaultCertificateClient.java:1172)
	... 8 more
2023-01-12 05:27:01,892 [CertificateLifetimeMonitor] INFO  client.DNCertificateClient (DefaultCertificateClient.java:run(1410)) - Current certificate has entered the expiry grace period PT0S. Starting renew key and certs.
2023-01-12 05:27:02,146 [CertificateLifetimeMonitor] INFO  ozone.OzoneSecurityUtil (OzoneSecurityUtil.java:getValidInetsForCurrentHost(119)) - ip:fe80:0:0:0:222:48ff:feaa:f404%eth0 not returned.
2023-01-12 05:27:02,146 [CertificateLifetimeMonitor] INFO  ozone.OzoneSecurityUtil (OzoneSecurityUtil.java:getValidInetsForCurrentHost(116)) - Adding ip:10.1.0.17,host:fv-az205-554.k2gd1z4tyxsu3cbgyjsjq30zwf.jx.internal.cloudapp.net
2023-01-12 05:27:02,147 [CertificateLifetimeMonitor] INFO  ozone.OzoneSecurityUtil (OzoneSecurityUtil.java:getValidInetsForCurrentHost(119)) - ip:0:0:0:0:0:0:0:1%lo not returned.
2023-01-12 05:27:02,147 [CertificateLifetimeMonitor] INFO  ozone.OzoneSecurityUtil (OzoneSecurityUtil.java:getValidInetsForCurrentHost(119)) - ip:127.0.0.1 not returned.
2023-01-12 05:27:02,147 [CertificateLifetimeMonitor] INFO  client.DNCertificateClient (DNCertificateClient.java:getCSRBuilder(98)) - Created csr for DN-> subject:runner@fv-az205-554.k2gd1z4tyxsu3cbgyjsjq30zwf.jx.internal.cloudapp.net
2023-01-12 05:27:02,152 [CertificateLifetimeMonitor] INFO  client.DNCertificateClient (DefaultCertificateClient.java:renewAndStoreKeyAndCertificate(1261)) - Successful renew key and certificate. New certificate 1116412.
2023-01-12 05:27:02,152 [CertificateLifetimeMonitor] INFO  client.DNCertificateClient (DefaultCertificateClient.java:loadAllCertificates(177)) - Loading certificate from location:/home/runner/work/ozone/ozone/hadoop-hdds/container-service/target/test-dir/cYBBMTvROp/dn/certs.
2023-01-12 05:27:02,154 [CertificateLifetimeMonitor] INFO  client.DNCertificateClient (DefaultCertificateClient.java:loadAllCertificates(218)) - Added certificate [
[
  Version: V3
  Subject: O=cluster, OU=test, CN=localhost
  Signature Algorithm: SHA256withRSA, OID = 1.2.840.113549.1.1.11

  Key:  Sun RSA public key, 1024 bits
  params: null
  modulus: 106409915867488285126068002460661911414681725694837656972462487937155027536689474725984094693078511776933523527589522666268646156150391306285474970781701588075628333273475365276052889399557167353092922166418611120043743668091374728597644944503121700909028055667829884383752018790887396871156917000085654587623
  public exponent: 65537
  Validity: [From: Thu Jan 12 05:26:36 UTC 2023,
               To: Thu Jan 12 05:26:51 UTC 2023]
  Issuer: O=cluster, OU=test, CN=localhost
  SerialNumber: [    1108fc]

]
  Algorithm: [SHA256withRSA]
  Signature:
0000: 7B 8B B2 F7 1F 6B 28 02   75 3D 86 25 0A A7 85 90  .....k(.u=.%....
0010: A0 CE F2 45 EC 3F 52 C8   53 B8 BD AE 00 94 68 4A  ...E.?R.S.....hJ
0020: 53 45 95 2D 1F AC 63 BA   A0 BF 39 C6 CD 77 4A F0  SE.-..c...9..wJ.
0030: C5 59 43 9C BA 96 06 13   DD C7 DC B4 E4 C3 B9 25  .YC............%
0040: 33 A6 F0 BF 19 28 75 DB   6A 60 FD 78 4A 02 02 04  3....(u.j`.xJ...
0050: 1D 13 DA 5E 41 EC F5 F7   B1 10 9E 9D 02 50 86 A6  ...^A........P..
0060: EB 67 F0 55 61 82 39 6F   94 29 51 86 48 DD E7 3A  .g.Ua.9o.)Q.H..:
0070: BE 54 43 95 76 44 CA F9   9C DB F6 94 CF 21 73 50  .TC.vD.......!sP

] from file:/home/runner/work/ozone/ozone/hadoop-hdds/container-service/target/test-dir/cYBBMTvROp/dn/certs/CA-1116412.crt.
2023-01-12 05:27:02,155 [CertificateLifetimeMonitor] INFO  client.DNCertificateClient (DefaultCertificateClient.java:loadAllCertificates(218)) - Added certificate [
[
  Version: V3
  Subject: O=cluster, OU=test, CN=localhost
  Signature Algorithm: SHA256withRSA, OID = 1.2.840.113549.1.1.11

  Key:  Sun RSA public key, 1024 bits
  params: null
  modulus: 106409915867488285126068002460661911414681725694837656972462487937155027536689474725984094693078511776933523527589522666268646156150391306285474970781701588075628333273475365276052889399557167353092922166418611120043743668091374728597644944503121700909028055667829884383752018790887396871156917000085654587623
  public exponent: 65537
  Validity: [From: Thu Jan 12 05:26:36 UTC 2023,
               To: Thu Jan 12 05:26:51 UTC 2023]
  Issuer: O=cluster, OU=test, CN=localhost
  SerialNumber: [    1108fc]

]
  Algorithm: [SHA256withRSA]
  Signature:
0000: 7B 8B B2 F7 1F 6B 28 02   75 3D 86 25 0A A7 85 90  .....k(.u=.%....
0010: A0 CE F2 45 EC 3F 52 C8   53 B8 BD AE 00 94 68 4A  ...E.?R.S.....hJ
0020: 53 45 95 2D 1F AC 63 BA   A0 BF 39 C6 CD 77 4A F0  SE.-..c...9..wJ.
0030: C5 59 43 9C BA 96 06 13   DD C7 DC B4 E4 C3 B9 25  .YC............%
0040: 33 A6 F0 BF 19 28 75 DB   6A 60 FD 78 4A 02 02 04  3....(u.j`.xJ...
0050: 1D 13 DA 5E 41 EC F5 F7   B1 10 9E 9D 02 50 86 A6  ...^A........P..
0060: EB 67 F0 55 61 82 39 6F   94 29 51 86 48 DD E7 3A  .g.Ua.9o.)Q.H..:
0070: BE 54 43 95 76 44 CA F9   9C DB F6 94 CF 21 73 50  .TC.vD.......!sP

] from file:/home/runner/work/ozone/ozone/hadoop-hdds/container-service/target/test-dir/cYBBMTvROp/dn/certs/1116412.crt.
2023-01-12 05:27:02,157 [CertificateLifetimeMonitor] INFO  client.DNCertificateClient (DefaultCertificateClient.java:loadAllCertificates(218)) - Added certificate [
[
  Version: V3
  Subject: O=cluster, OU=test, CN=localhost
  Signature Algorithm: SHA256withRSA, OID = 1.2.840.113549.1.1.11

  Key:  Sun RSA public key, 1024 bits
  params: null
  modulus: 106409915867488285126068002460661911414681725694837656972462487937155027536689474725984094693078511776933523527589522666268646156150391306285474970781701588075628333273475365276052889399557167353092922166418611120043743668091374728597644944503121700909028055667829884383752018790887396871156917000085654587623
  public exponent: 65537
  Validity: [From: Thu Jan 12 05:26:36 UTC 2023,
               To: Thu Jan 12 05:26:51 UTC 2023]
  Issuer: O=cluster, OU=test, CN=localhost
  SerialNumber: [    1108fc]

]
  Algorithm: [SHA256withRSA]
  Signature:
0000: 7B 8B B2 F7 1F 6B 28 02   75 3D 86 25 0A A7 85 90  .....k(.u=.%....
0010: A0 CE F2 45 EC 3F 52 C8   53 B8 BD AE 00 94 68 4A  ...E.?R.S.....hJ
0020: 53 45 95 2D 1F AC 63 BA   A0 BF 39 C6 CD 77 4A F0  SE.-..c...9..wJ.
0030: C5 59 43 9C BA 96 06 13   DD C7 DC B4 E4 C3 B9 25  .YC............%
0040: 33 A6 F0 BF 19 28 75 DB   6A 60 FD 78 4A 02 02 04  3....(u.j`.xJ...
0050: 1D 13 DA 5E 41 EC F5 F7   B1 10 9E 9D 02 50 86 A6  ...^A........P..
0060: EB 67 F0 55 61 82 39 6F   94 29 51 86 48 DD E7 3A  .g.Ua.9o.)Q.H..:
0070: BE 54 43 95 76 44 CA F9   9C DB F6 94 CF 21 73 50  .TC.vD.......!sP

] from file:/home/runner/work/ozone/ozone/hadoop-hdds/container-service/target/test-dir/cYBBMTvROp/dn/certs/ROOTCA-1116412.crt.
2023-01-12 05:27:02,157 [CertificateLifetimeMonitor] INFO  client.DNCertificateClient (DefaultCertificateClient.java:reloadKeyAndCertificate(1333)) - Reset and reload key and all certificates.
2023-01-12 05:27:02,597 [CertificateLifetimeMonitor] INFO  client.DNCertificateClient (DefaultCertificateClient.java:run(1410)) - Current certificate has entered the expiry grace period PT0S. Starting renew key and certs.
2023-01-12 05:27:02,661 [main] INFO  utils.SelfSignedCertificate (SelfSignedCertificate.java:generateCertificate(155)) - Certificate 1146882 is issued by CN=localhost,OU=test,O=cluster to CN=localhost,OU=test,O=cluster, valid from Thu Jan 12 05:27:02 UTC 2023 to Thu Jan 12 05:27:17 UTC 2023
2023-01-12 05:27:03,028 [CertificateLifetimeMonitor] INFO  ozone.OzoneSecurityUtil (OzoneSecurityUtil.java:getValidInetsForCurrentHost(119)) - ip:fe80:0:0:0:222:48ff:feaa:f404%eth0 not returned.
2023-01-12 05:27:03,029 [CertificateLifetimeMonitor] INFO  ozone.OzoneSecurityUtil (OzoneSecurityUtil.java:getValidInetsForCurrentHost(116)) - Adding ip:10.1.0.17,host:fv-az205-554.k2gd1z4tyxsu3cbgyjsjq30zwf.jx.internal.cloudapp.net
2023-01-12 05:27:03,029 [CertificateLifetimeMonitor] INFO  ozone.OzoneSecurityUtil (OzoneSecurityUtil.java:getValidInetsForCurrentHost(119)) - ip:0:0:0:0:0:0:0:1%lo not returned.
2023-01-12 05:27:03,029 [CertificateLifetimeMonitor] INFO  ozone.OzoneSecurityUtil (OzoneSecurityUtil.java:getValidInetsForCurrentHost(119)) - ip:127.0.0.1 not returned.
2023-01-12 05:27:03,029 [CertificateLifetimeMonitor] INFO  client.DNCertificateClient (DNCertificateClient.java:getCSRBuilder(98)) - Created csr for DN-> subject:runner@fv-az205-554.k2gd1z4tyxsu3cbgyjsjq30zwf.jx.internal.cloudapp.net
2023-01-12 05:27:03,034 [CertificateLifetimeMonitor] INFO  client.DNCertificateClient (DefaultCertificateClient.java:renewAndStoreKeyAndCertificate(1261)) - Successful renew key and certificate. New certificate 1146882.
2023-01-12 05:27:03,034 [CertificateLifetimeMonitor] INFO  client.DNCertificateClient (DefaultCertificateClient.java:loadAllCertificates(177)) - Loading certificate from location:/home/runner/work/ozone/ozone/hadoop-hdds/container-service/target/test-dir/cYBBMTvROp/dn/certs.
2023-01-12 05:27:03,036 [CertificateLifetimeMonitor] INFO  client.DNCertificateClient (DefaultCertificateClient.java:loadAllCertificates(218)) - Added certificate [
[
  Version: V3
  Subject: O=cluster, OU=test, CN=localhost
  Signature Algorithm: SHA256withRSA, OID = 1.2.840.113549.1.1.11

  Key:  Sun RSA public key, 1024 bits
  params: null
  modulus: 112121661356801482841346557367554724840863180301087684256566328760517110287672809586401248309111070174525217687483893362269607978891526575274134911787813707235748363433239533302514952794541137009309999905704269171507221886006873111536886731639076569907158214346565989967853169121755043332481056023172501850121
  public exponent: 65537
  Validity: [From: Thu Jan 12 05:27:02 UTC 2023,
               To: Thu Jan 12 05:27:17 UTC 2023]
  Issuer: O=cluster, OU=test, CN=localhost
  SerialNumber: [    118002]

]
  Algorithm: [SHA256withRSA]
  Signature:
0000: 35 03 18 3D 26 7A B5 C3   B1 1B 43 23 92 10 30 03  5..=&z....C#..0.
0010: A5 EA 39 1A CA 41 3C 85   FE 20 C4 7F ED 5C 21 9B  ..9..A<.. ...\!.
0020: 1F 17 85 79 34 0F 1C 23   44 79 33 5D 05 08 61 10  ...y4..#Dy3]..a.
0030: 87 86 E8 D8 10 5D 3D A1   35 EC 38 8F 24 8E 42 2E  .....]=.5.8.$.B.
0040: E4 0A 3D 33 D7 56 63 AA   62 41 4B DD 7D D0 90 94  ..=3.Vc.bAK.....
0050: C5 CF AB 9A DB 84 E5 83   1D AB D4 DE 9A 08 13 1B  ................
0060: A0 CF 5E 0D D9 4D 69 61   76 7D 3A 42 3E A1 34 FB  ..^..Miav.:B>.4.
0070: C9 D2 2B AF 17 06 CF C9   6E 4B 84 61 75 63 EA 67  ..+.....nK.auc.g

] from file:/home/runner/work/ozone/ozone/hadoop-hdds/container-service/target/test-dir/cYBBMTvROp/dn/certs/1146882.crt.
2023-01-12 05:27:03,038 [CertificateLifetimeMonitor] INFO  client.DNCertificateClient (DefaultCertificateClient.java:loadAllCertificates(218)) - Added certificate [
[
  Version: V3
  Subject: O=cluster, OU=test, CN=localhost
  Signature Algorithm: SHA256withRSA, OID = 1.2.840.113549.1.1.11

  Key:  Sun RSA public key, 1024 bits
  params: null
  modulus: 112121661356801482841346557367554724840863180301087684256566328760517110287672809586401248309111070174525217687483893362269607978891526575274134911787813707235748363433239533302514952794541137009309999905704269171507221886006873111536886731639076569907158214346565989967853169121755043332481056023172501850121
  public exponent: 65537
  Validity: [From: Thu Jan 12 05:27:02 UTC 2023,
               To: Thu Jan 12 05:27:17 UTC 2023]
  Issuer: O=cluster, OU=test, CN=localhost
  SerialNumber: [    118002]

]
  Algorithm: [SHA256withRSA]
  Signature:
0000: 35 03 18 3D 26 7A B5 C3   B1 1B 43 23 92 10 30 03  5..=&z....C#..0.
0010: A5 EA 39 1A CA 41 3C 85   FE 20 C4 7F ED 5C 21 9B  ..9..A<.. ...\!.
0020: 1F 17 85 79 34 0F 1C 23   44 79 33 5D 05 08 61 10  ...y4..#Dy3]..a.
0030: 87 86 E8 D8 10 5D 3D A1   35 EC 38 8F 24 8E 42 2E  .....]=.5.8.$.B.
0040: E4 0A 3D 33 D7 56 63 AA   62 41 4B DD 7D D0 90 94  ..=3.Vc.bAK.....
0050: C5 CF AB 9A DB 84 E5 83   1D AB D4 DE 9A 08 13 1B  ................
0060: A0 CF 5E 0D D9 4D 69 61   76 7D 3A 42 3E A1 34 FB  ..^..Miav.:B>.4.
0070: C9 D2 2B AF 17 06 CF C9   6E 4B 84 61 75 63 EA 67  ..+.....nK.auc.g

] from file:/home/runner/work/ozone/ozone/hadoop-hdds/container-service/target/test-dir/cYBBMTvROp/dn/certs/CA-1146882.crt.
2023-01-12 05:27:03,038 [CertificateLifetimeMonitor] INFO  client.DNCertificateClient (DefaultCertificateClient.java:reloadKeyAndCertificate(1333)) - Reset and reload key and all certificates.
2023-01-12 05:27:03,324 [CertificateLifetimeMonitor] INFO  client.DNCertificateClient (DefaultCertificateClient.java:run(1410)) - Current certificate has entered the expiry grace period PT0S. Starting renew key and certs.
2023-01-12 05:27:03,325 [CertificateLifetimeMonitor] INFO  client.DNCertificateClient (DefaultCertificateClient.java:run(1410)) - Current certificate has entered the expiry grace period PT0S. Starting renew key and certs.
2023-01-12 05:27:03,328 [CertificateLifetimeMonitor] INFO  client.DNCertificateClient (DefaultCertificateClient.java:run(1410)) - Current certificate has entered the expiry grace period PT0S. Starting renew key and certs.
2023-01-12 05:27:03,325 [CertificateLifetimeMonitor] INFO  client.DNCertificateClient (DefaultCertificateClient.java:run(1410)) - Current certificate has entered the expiry grace period PT0S. Starting renew key and certs.
2023-01-12 05:27:03,325 [CertificateLifetimeMonitor] INFO  client.DNCertificateClient (DefaultCertificateClient.java:run(1410)) - Current certificate has entered the expiry grace period PT0S. Starting renew key and certs.
2023-01-12 05:27:03,660 [CertificateLifetimeMonitor] INFO  ozone.OzoneSecurityUtil (OzoneSecurityUtil.java:getValidInetsForCurrentHost(119)) - ip:fe80:0:0:0:222:48ff:feaa:f404%eth0 not returned.
2023-01-12 05:27:03,660 [CertificateLifetimeMonitor] INFO  ozone.OzoneSecurityUtil (OzoneSecurityUtil.java:getValidInetsForCurrentHost(116)) - Adding ip:10.1.0.17,host:fv-az205-554.k2gd1z4tyxsu3cbgyjsjq30zwf.jx.internal.cloudapp.net
2023-01-12 05:27:03,660 [CertificateLifetimeMonitor] INFO  ozone.OzoneSecurityUtil (OzoneSecurityUtil.java:getValidInetsForCurrentHost(119)) - ip:0:0:0:0:0:0:0:1%lo not returned.
2023-01-12 05:27:03,660 [CertificateLifetimeMonitor] INFO  ozone.OzoneSecurityUtil (OzoneSecurityUtil.java:getValidInetsForCurrentHost(119)) - ip:127.0.0.1 not returned.
2023-01-12 05:27:03,661 [CertificateLifetimeMonitor] INFO  client.DNCertificateClient (DNCertificateClient.java:getCSRBuilder(98)) - Created csr for DN-> subject:runner@fv-az205-554.k2gd1z4tyxsu3cbgyjsjq30zwf.jx.internal.cloudapp.net
2023-01-12 05:27:03,666 [CertificateLifetimeMonitor] ERROR client.DNCertificateClient (DefaultCertificateClient.java:createKeyPair(967)) - Error while bootstrapping certificate client.
java.io.IOException: Private key already exist.
	at org.apache.hadoop.hdds.security.x509.keys.KeyCodec.writePublicKey(KeyCodec.java:197)
	at org.apache.hadoop.hdds.security.x509.certificate.client.DefaultCertificateClient.createKeyPair(DefaultCertificateClient.java:963)
	at org.apache.hadoop.hdds.security.x509.certificate.client.DefaultCertificateClient.renewAndStoreKeyAndCertificate(DefaultCertificateClient.java:1172)
	at org.apache.hadoop.hdds.security.x509.certificate.client.DefaultCertificateClient$CertificateLifetimeMonitor.run(DefaultCertificateClient.java:1413)
	at java.util.concurrent.Executors$RunnableAdapter.call(Executors.java:511)
	at java.util.concurrent.FutureTask.runAndReset(FutureTask.java:308)
	at java.util.concurrent.ScheduledThreadPoolExecutor$ScheduledFutureTask.access$301(ScheduledThreadPoolExecutor.java:180)
	at java.util.concurrent.ScheduledThreadPoolExecutor$ScheduledFutureTask.run(ScheduledThreadPoolExecutor.java:294)
	at java.util.concurrent.ThreadPoolExecutor.runWorker(ThreadPoolExecutor.java:1149)
	at java.util.concurrent.ThreadPoolExecutor$Worker.run(ThreadPoolExecutor.java:624)
	at java.lang.Thread.run(Thread.java:750)
2023-01-12 05:27:03,667 [CertificateLifetimeMonitor] ERROR client.DNCertificateClient (DefaultCertificateClient.java:run(1423)) - Failed to renew and store key and cert. Keep using existing certificates.
org.apache.hadoop.hdds.security.x509.exceptions.CertificateException: Error while creating new key pair.
	at org.apache.hadoop.hdds.security.x509.certificate.client.DefaultCertificateClient.renewAndStoreKeyAndCertificate(DefaultCertificateClient.java:1174)
	at org.apache.hadoop.hdds.security.x509.certificate.client.DefaultCertificateClient$CertificateLifetimeMonitor.run(DefaultCertificateClient.java:1413)
	at java.util.concurrent.Executors$RunnableAdapter.call(Executors.java:511)
	at java.util.concurrent.FutureTask.runAndReset(FutureTask.java:308)
	at java.util.concurrent.ScheduledThreadPoolExecutor$ScheduledFutureTask.access$301(ScheduledThreadPoolExecutor.java:180)
	at java.util.concurrent.ScheduledThreadPoolExecutor$ScheduledFutureTask.run(ScheduledThreadPoolExecutor.java:294)
	at java.util.concurrent.ThreadPoolExecutor.runWorker(ThreadPoolExecutor.java:1149)
	at java.util.concurrent.ThreadPoolExecutor$Worker.run(ThreadPoolExecutor.java:624)
	at java.lang.Thread.run(Thread.java:750)
Caused by: org.apache.hadoop.hdds.security.x509.exceptions.CertificateException: Error while bootstrapping certificate.
	at org.apache.hadoop.hdds.security.x509.certificate.client.DefaultCertificateClient.createKeyPair(DefaultCertificateClient.java:968)
	at org.apache.hadoop.hdds.security.x509.certificate.client.DefaultCertificateClient.renewAndStoreKeyAndCertificate(DefaultCertificateClient.java:1172)
	... 8 more
2023-01-12 05:27:03,675 [CertificateLifetimeMonitor] INFO  client.DNCertificateClient (DefaultCertificateClient.java:renewAndStoreKeyAndCertificate(1261)) - Successful renew key and certificate. New certificate 1116412.
]]></system-out>
  </testcase>
</testsuite>