<?xml version="1.0" encoding="UTF-8"?>
<testsuite xmlns:xsi="http://www.w3.org/2001/XMLSchema-instance" xsi:noNamespaceSchemaLocation="https://maven.apache.org/surefire/maven-surefire-plugin/xsd/surefire-test-report-3.0.xsd" version="3.0" name="org.apache.hadoop.ozone.freon.TestRandomKeyGenerator" time="110.336" tests="7" errors="0" skipped="0" failures="1">
  <properties>
    <property name="awt.toolkit" value="sun.awt.X11.XToolkit"/>
    <property name="file.encoding.pkg" value="sun.io"/>
    <property name="java.specification.version" value="1.8"/>
    <property name="sun.cpu.isalist" value=""/>
    <property name="sun.jnu.encoding" value="UTF-8"/>
    <property name="java.class.path" value="/home/runner/work/ozone/ozone/hadoop-ozone/integration-test/target/test-classes:/home/runner/work/ozone/ozone/hadoop-ozone/integration-test/target/classes:/home/runner/.m2/repository/org/apache/ozone/ozone-common/1.4.0-SNAPSHOT/ozone-common-1.4.0-SNAPSHOT.jar:/home/runner/.m2/repository/io/grpc/grpc-netty/1.51.1/grpc-netty-1.51.1.jar:/home/runner/.m2/repository/io/grpc/grpc-core/1.51.1/grpc-core-1.51.1.jar:/home/runner/.m2/repository/com/google/android/annotations/4.1.1.4/annotations-4.1.1.4.jar:/home/runner/.m2/repository/org/codehaus/mojo/animal-sniffer-annotations/1.21/animal-sniffer-annotations-1.21.jar:/home/runner/.m2/repository/com/google/errorprone/error_prone_annotations/2.2.0/error_prone_annotations-2.2.0.jar:/home/runner/.m2/repository/io/perfmark/perfmark-api/0.25.0/perfmark-api-0.25.0.jar:/home/runner/.m2/repository/io/netty/netty-codec-http2/4.1.86.Final/netty-codec-http2-4.1.86.Final.jar:/home/runner/.m2/repository/io/netty/netty-common/4.1.86.Final/netty-common-4.1.86.Final.jar:/home/runner/.m2/repository/io/netty/netty-buffer/4.1.86.Final/netty-buffer-4.1.86.Final.jar:/home/runner/.m2/repository/io/netty/netty-codec-http/4.1.86.Final/netty-codec-http-4.1.86.Final.jar:/home/runner/.m2/repository/io/netty/netty-handler-proxy/4.1.86.Final/netty-handler-proxy-4.1.86.Final.jar:/home/runner/.m2/repository/io/netty/netty-codec-socks/4.1.86.Final/netty-codec-socks-4.1.86.Final.jar:/home/runner/.m2/repository/io/netty/netty-tcnative-boringssl-static/2.0.54.Final/netty-tcnative-boringssl-static-2.0.54.Final.jar:/home/runner/.m2/repository/io/netty/netty-tcnative-classes/2.0.54.Final/netty-tcnative-classes-2.0.54.Final.jar:/home/runner/.m2/repository/io/netty/netty-tcnative-boringssl-static/2.0.54.Final/netty-tcnative-boringssl-static-2.0.54.Final-linux-x86_64.jar:/home/runner/.m2/repository/io/netty/netty-tcnative-boringssl-static/2.0.54.Final/netty-tcnative-boringssl-static-2.0.54.Final-linux-aarch_64.jar:/home/runner/.m2/repository/io/netty/netty-tcnative-boringssl-static/2.0.54.Final/netty-tcnative-boringssl-static-2.0.54.Final-osx-x86_64.jar:/home/runner/.m2/repository/io/netty/netty-tcnative-boringssl-static/2.0.54.Final/netty-tcnative-boringssl-static-2.0.54.Final-osx-aarch_64.jar:/home/runner/.m2/repository/io/netty/netty-tcnative-boringssl-static/2.0.54.Final/netty-tcnative-boringssl-static-2.0.54.Final-windows-x86_64.jar:/home/runner/.m2/repository/org/apache/commons/commons-compress/1.21/commons-compress-1.21.jar:/home/runner/.m2/repository/org/apache/ozone/hdds-common/1.4.0-SNAPSHOT/hdds-common-1.4.0-SNAPSHOT.jar:/home/runner/.m2/repository/org/apache/ozone/hdds-client/1.4.0-SNAPSHOT/hdds-client-1.4.0-SNAPSHOT.jar:/home/runner/.m2/repository/org/apache/ozone/ozone-interface-client/1.4.0-SNAPSHOT/ozone-interface-client-1.4.0-SNAPSHOT.jar:/home/runner/.m2/repository/org/apache/ozone/hdds-test-utils/1.4.0-SNAPSHOT/hdds-test-utils-1.4.0-SNAPSHOT.jar:/home/runner/.m2/repository/com/google/guava/guava/31.1-jre/guava-31.1-jre.jar:/home/runner/.m2/repository/com/google/guava/failureaccess/1.0.1/failureaccess-1.0.1.jar:/home/runner/.m2/repository/com/google/guava/listenablefuture/9999.0-empty-to-avoid-conflict-with-guava/listenablefuture-9999.0-empty-to-avoid-conflict-with-guava.jar:/home/runner/.m2/repository/com/google/code/findbugs/jsr305/3.0.0/jsr305-3.0.0.jar:/home/runner/.m2/repository/org/checkerframework/checker-qual/3.12.0/checker-qual-3.12.0.jar:/home/runner/.m2/repository/com/google/j2objc/j2objc-annotations/1.3/j2objc-annotations-1.3.jar:/home/runner/.m2/repository/commons-io/commons-io/2.11.0/commons-io-2.11.0.jar:/home/runner/.m2/repository/commons-logging/commons-logging/1.2/commons-logging-1.2.jar:/home/runner/.m2/repository/ch/qos/reload4j/reload4j/1.2.22/reload4j-1.2.22.jar:/home/runner/.m2/repository/org/slf4j/slf4j-api/1.7.36/slf4j-api-1.7.36.jar:/home/runner/.m2/repository/org/apache/ozone/hdds-server-scm/1.4.0-SNAPSHOT/hdds-server-scm-1.4.0-SNAPSHOT.jar:/home/runner/.m2/repository/org/apache/ozone/hdds-container-service/1.4.0-SNAPSHOT/hdds-container-service-1.4.0-SNAPSHOT.jar:/home/runner/.m2/repository/org/apache/ozone/hdds-hadoop-dependency-server/1.4.0-SNAPSHOT/hdds-hadoop-dependency-server-1.4.0-SNAPSHOT.jar:/home/runner/.m2/repository/org/apache/hadoop/hadoop-hdfs/3.3.4/hadoop-hdfs-3.3.4.jar:/home/runner/.m2/repository/org/eclipse/jetty/jetty-util-ajax/9.4.49.v20220914/jetty-util-ajax-9.4.49.v20220914.jar:/home/runner/.m2/repository/commons-daemon/commons-daemon/1.0.13/commons-daemon-1.0.13.jar:/home/runner/.m2/repository/org/apache/ozone/hdds-server-framework/1.4.0-SNAPSHOT/hdds-server-framework-1.4.0-SNAPSHOT.jar:/home/runner/.m2/repository/org/apache/ozone/hdds-interface-server/1.4.0-SNAPSHOT/hdds-interface-server-1.4.0-SNAPSHOT.jar:/home/runner/.m2/repository/org/apache/commons/commons-configuration2/2.1.1/commons-configuration2-2.1.1.jar:/home/runner/.m2/repository/org/apache/logging/log4j/log4j-core/2.17.1/log4j-core-2.17.1.jar:/home/runner/.m2/repository/com/lmax/disruptor/3.4.2/disruptor-3.4.2.jar:/home/runner/.m2/repository/org/eclipse/jetty/jetty-servlet/9.4.49.v20220914/jetty-servlet-9.4.49.v20220914.jar:/home/runner/.m2/repository/org/eclipse/jetty/jetty-security/9.4.49.v20220914/jetty-security-9.4.49.v20220914.jar:/home/runner/.m2/repository/org/rocksdb/rocksdbjni/7.7.3/rocksdbjni-7.7.3.jar:/home/runner/.m2/repository/io/prometheus/simpleclient_dropwizard/0.7.0/simpleclient_dropwizard-0.7.0.jar:/home/runner/.m2/repository/io/prometheus/simpleclient/0.7.0/simpleclient-0.7.0.jar:/home/runner/.m2/repository/io/prometheus/simpleclient_common/0.7.0/simpleclient_common-0.7.0.jar:/home/runner/.m2/repository/com/github/spotbugs/spotbugs-annotations/3.1.12/spotbugs-annotations-3.1.12.jar:/home/runner/.m2/repository/io/dropwizard/metrics/metrics-core/3.2.4/metrics-core-3.2.4.jar:/home/runner/.m2/repository/org/apache/commons/commons-text/1.4/commons-text-1.4.jar:/home/runner/.m2/repository/org/apache/hadoop/hadoop-hdfs-client/3.3.4/hadoop-hdfs-client-3.3.4.jar:/home/runner/.m2/repository/com/squareup/okhttp3/okhttp/4.9.3/okhttp-4.9.3.jar:/home/runner/.m2/repository/com/squareup/okio/okio/2.8.0/okio-2.8.0.jar:/home/runner/.m2/repository/org/jetbrains/kotlin/kotlin-stdlib-common/1.4.10/kotlin-stdlib-common-1.4.10.jar:/home/runner/.m2/repository/org/bouncycastle/bcprov-jdk15on/1.67/bcprov-jdk15on-1.67.jar:/home/runner/.m2/repository/com/google/protobuf/protobuf-java/2.5.0/protobuf-java-2.5.0.jar:/home/runner/.m2/repository/org/apache/ozone/ozone-manager/1.4.0-SNAPSHOT/ozone-manager-1.4.0-SNAPSHOT.jar:/home/runner/.m2/repository/org/aspectj/aspectjrt/1.9.7/aspectjrt-1.9.7.jar:/home/runner/.m2/repository/org/aspectj/aspectjweaver/1.9.7/aspectjweaver-1.9.7.jar:/home/runner/.m2/repository/org/apache/ozone/hdds-interface-client/1.4.0-SNAPSHOT/hdds-interface-client-1.4.0-SNAPSHOT.jar:/home/runner/.m2/repository/org/apache/hadoop/thirdparty/hadoop-shaded-protobuf_3_7/1.1.1/hadoop-shaded-protobuf_3_7-1.1.1.jar:/home/runner/.m2/repository/org/apache/ozone/ozone-interface-storage/1.4.0-SNAPSHOT/ozone-interface-storage-1.4.0-SNAPSHOT.jar:/home/runner/.m2/repository/org/reflections/reflections/0.9.11/reflections-0.9.11.jar:/home/runner/.m2/repository/com/sun/jersey/jersey-client/1.19/jersey-client-1.19.jar:/home/runner/.m2/repository/org/apache/ranger/ranger-intg/2.3.0/ranger-intg-2.3.0.jar:/home/runner/.m2/repository/org/apache/ranger/ranger-plugins-common/2.3.0/ranger-plugins-common-2.3.0.jar:/home/runner/.m2/repository/commons-lang/commons-lang/2.6/commons-lang-2.6.jar:/home/runner/.m2/repository/org/codehaus/jackson/jackson-jaxrs/1.9.13/jackson-jaxrs-1.9.13.jar:/home/runner/.m2/repository/org/apache/ranger/ranger-plugins-cred/2.3.0/ranger-plugins-cred-2.3.0.jar:/home/runner/.m2/repository/org/apache/ranger/ranger-plugins-audit/2.3.0/ranger-plugins-audit-2.3.0.jar:/home/runner/.m2/repository/org/eclipse/jetty/jetty-client/9.4.31.v20200723/jetty-client-9.4.31.v20200723.jar:/home/runner/.m2/repository/org/apache/httpcomponents/httpmime/4.5.6/httpmime-4.5.6.jar:/home/runner/.m2/repository/org/apache/httpcomponents/httpcore-nio/4.4.6/httpcore-nio-4.4.6.jar:/home/runner/.m2/repository/org/apache/httpcomponents/httpasyncclient/4.1.3/httpasyncclient-4.1.3.jar:/home/runner/.m2/repository/com/carrotsearch/hppc/0.8.0/hppc-0.8.0.jar:/home/runner/.m2/repository/org/apache/orc/orc-core/1.5.8/orc-core-1.5.8.jar:/home/runner/.m2/repository/net/java/dev/jna/jna/5.2.0/jna-5.2.0.jar:/home/runner/.m2/repository/net/java/dev/jna/jna-platform/5.2.0/jna-platform-5.2.0.jar:/home/runner/.m2/repository/com/kstruct/gethostname4j/0.0.2/gethostname4j-0.0.2.jar:/home/runner/.m2/repository/org/apache/ranger/ranger-plugin-classloader/2.3.0/ranger-plugin-classloader-2.3.0.jar:/home/runner/.m2/repository/org/apache/hadoop/hadoop-minikdc/3.3.4/hadoop-minikdc-3.3.4.jar:/home/runner/.m2/repository/org/apache/kerby/kerb-simplekdc/1.0.1/kerb-simplekdc-1.0.1.jar:/home/runner/.m2/repository/org/apache/kerby/kerb-client/1.0.1/kerb-client-1.0.1.jar:/home/runner/.m2/repository/org/apache/kerby/kerby-config/1.0.1/kerby-config-1.0.1.jar:/home/runner/.m2/repository/org/apache/kerby/kerb-common/1.0.1/kerb-common-1.0.1.jar:/home/runner/.m2/repository/org/apache/kerby/kerb-crypto/1.0.1/kerb-crypto-1.0.1.jar:/home/runner/.m2/repository/org/apache/kerby/kerb-util/1.0.1/kerb-util-1.0.1.jar:/home/runner/.m2/repository/org/apache/kerby/token-provider/1.0.1/token-provider-1.0.1.jar:/home/runner/.m2/repository/org/apache/kerby/kerb-admin/1.0.1/kerb-admin-1.0.1.jar:/home/runner/.m2/repository/org/apache/kerby/kerb-server/1.0.1/kerb-server-1.0.1.jar:/home/runner/.m2/repository/org/apache/kerby/kerb-identity/1.0.1/kerb-identity-1.0.1.jar:/home/runner/.m2/repository/org/apache/kerby/kerby-xdr/1.0.1/kerby-xdr-1.0.1.jar:/home/runner/.m2/repository/org/apache/ozone/ozone-s3gateway/1.4.0-SNAPSHOT/ozone-s3gateway-1.4.0-SNAPSHOT.jar:/home/runner/.m2/repository/org/javassist/javassist/3.21.0-GA/javassist-3.21.0-GA.jar:/home/runner/.m2/repository/org/jboss/weld/servlet/weld-servlet/2.4.7.Final/weld-servlet-2.4.7.Final.jar:/home/runner/.m2/repository/org/glassfish/jersey/containers/jersey-container-servlet-core/2.34/jersey-container-servlet-core-2.34.jar:/home/runner/.m2/repository/org/glassfish/hk2/external/jakarta.inject/2.6.1/jakarta.inject-2.6.1.jar:/home/runner/.m2/repository/org/glassfish/jersey/core/jersey-common/2.34/jersey-common-2.34.jar:/home/runner/.m2/repository/jakarta/ws/rs/jakarta.ws.rs-api/2.1.6/jakarta.ws.rs-api-2.1.6.jar:/home/runner/.m2/repository/org/glassfish/jersey/ext/cdi/jersey-cdi1x/2.34/jersey-cdi1x-2.34.jar:/home/runner/.m2/repository/org/glassfish/jersey/inject/jersey-hk2/2.34/jersey-hk2-2.34.jar:/home/runner/.m2/repository/org/glassfish/hk2/hk2-locator/2.6.1/hk2-locator-2.6.1.jar:/home/runner/.m2/repository/org/glassfish/jersey/media/jersey-media-jaxb/2.34/jersey-media-jaxb-2.34.jar:/home/runner/.m2/repository/org/glassfish/hk2/osgi-resource-locator/1.0.3/osgi-resource-locator-1.0.3.jar:/home/runner/.m2/repository/org/glassfish/hk2/hk2-api/2.5.0/hk2-api-2.5.0.jar:/home/runner/.m2/repository/org/glassfish/hk2/hk2-utils/2.5.0/hk2-utils-2.5.0.jar:/home/runner/.m2/repository/org/glassfish/hk2/external/aopalliance-repackaged/2.5.0/aopalliance-repackaged-2.5.0.jar:/home/runner/.m2/repository/com/fasterxml/jackson/dataformat/jackson-dataformat-xml/2.13.4/jackson-dataformat-xml-2.13.4.jar:/home/runner/.m2/repository/com/fasterxml/jackson/core/jackson-core/2.13.4/jackson-core-2.13.4.jar:/home/runner/.m2/repository/org/codehaus/woodstox/stax2-api/4.2.1/stax2-api-4.2.1.jar:/home/runner/.m2/repository/com/fasterxml/woodstox/woodstox-core/5.4.0/woodstox-core-5.4.0.jar:/home/runner/.m2/repository/com/fasterxml/jackson/module/jackson-module-jaxb-annotations/2.13.4/jackson-module-jaxb-annotations-2.13.4.jar:/home/runner/.m2/repository/jakarta/xml/bind/jakarta.xml.bind-api/2.3.3/jakarta.xml.bind-api-2.3.3.jar:/home/runner/.m2/repository/jakarta/activation/jakarta.activation-api/1.2.1/jakarta.activation-api-1.2.1.jar:/home/runner/.m2/repository/javax/enterprise/cdi-api/1.2/cdi-api-1.2.jar:/home/runner/.m2/repository/javax/el/javax.el-api/3.0.0/javax.el-api-3.0.0.jar:/home/runner/.m2/repository/javax/interceptor/javax.interceptor-api/1.2/javax.interceptor-api-1.2.jar:/home/runner/.m2/repository/javax/inject/javax.inject/1/javax.inject-1.jar:/home/runner/.m2/repository/javax/xml/bind/jaxb-api/2.3.0/jaxb-api-2.3.0.jar:/home/runner/.m2/repository/org/glassfish/jaxb/jaxb-runtime/2.3.0.1/jaxb-runtime-2.3.0.1.jar:/home/runner/.m2/repository/org/glassfish/jaxb/jaxb-core/2.3.0.1/jaxb-core-2.3.0.1.jar:/home/runner/.m2/repository/org/glassfish/jaxb/txw2/2.3.0.1/txw2-2.3.0.1.jar:/home/runner/.m2/repository/com/sun/istack/istack-commons-runtime/3.0.5/istack-commons-runtime-3.0.5.jar:/home/runner/.m2/repository/org/jvnet/staxex/stax-ex/1.7.8/stax-ex-1.7.8.jar:/home/runner/.m2/repository/com/sun/xml/fastinfoset/FastInfoset/1.2.13/FastInfoset-1.2.13.jar:/home/runner/.m2/repository/javax/activation/activation/1.1.1/activation-1.1.1.jar:/home/runner/.m2/repository/io/grpc/grpc-protobuf/1.51.1/grpc-protobuf-1.51.1.jar:/home/runner/.m2/repository/io/grpc/grpc-api/1.51.1/grpc-api-1.51.1.jar:/home/runner/.m2/repository/io/grpc/grpc-context/1.51.1/grpc-context-1.51.1.jar:/home/runner/.m2/repository/com/google/api/grpc/proto-google-common-protos/2.9.0/proto-google-common-protos-2.9.0.jar:/home/runner/.m2/repository/io/grpc/grpc-protobuf-lite/1.51.1/grpc-protobuf-lite-1.51.1.jar:/home/runner/.m2/repository/io/grpc/grpc-stub/1.51.1/grpc-stub-1.51.1.jar:/home/runner/.m2/repository/io/netty/netty-transport/4.1.86.Final/netty-transport-4.1.86.Final.jar:/home/runner/.m2/repository/io/netty/netty-resolver/4.1.86.Final/netty-resolver-4.1.86.Final.jar:/home/runner/.m2/repository/org/apache/ozone/ozone-csi/1.4.0-SNAPSHOT/ozone-csi-1.4.0-SNAPSHOT.jar:/home/runner/.m2/repository/com/google/protobuf/protobuf-java-util/3.19.6/protobuf-java-util-3.19.6.jar:/home/runner/.m2/repository/com/google/code/gson/gson/2.9.0/gson-2.9.0.jar:/home/runner/.m2/repository/org/apache/ozone/hdds-config/1.4.0-SNAPSHOT/hdds-config-1.4.0-SNAPSHOT.jar:/home/runner/.m2/repository/io/netty/netty-transport-native-epoll/4.1.86.Final/netty-transport-native-epoll-4.1.86.Final-linux-x86_64.jar:/home/runner/.m2/repository/io/netty/netty-transport-classes-epoll/4.1.86.Final/netty-transport-classes-epoll-4.1.86.Final.jar:/home/runner/.m2/repository/io/netty/netty-transport-native-unix-common/4.1.86.Final/netty-transport-native-unix-common-4.1.86.Final.jar:/home/runner/.m2/repository/org/slf4j/slf4j-reload4j/1.7.36/slf4j-reload4j-1.7.36.jar:/home/runner/.m2/repository/org/apache/ozone/ozone-recon/1.4.0-SNAPSHOT/ozone-recon-1.4.0-SNAPSHOT.jar:/home/runner/.m2/repository/org/apache/ozone/ozone-reconcodegen/1.4.0-SNAPSHOT/ozone-reconcodegen-1.4.0-SNAPSHOT.jar:/home/runner/.m2/repository/com/google/inject/extensions/guice-multibindings/4.0/guice-multibindings-4.0.jar:/home/runner/.m2/repository/com/google/inject/guice/4.0/guice-4.0.jar:/home/runner/.m2/repository/aopalliance/aopalliance/1.0/aopalliance-1.0.jar:/home/runner/.m2/repository/com/google/inject/extensions/guice-assistedinject/4.0/guice-assistedinject-4.0.jar:/home/runner/.m2/repository/com/google/inject/extensions/guice-servlet/4.0/guice-servlet-4.0.jar:/home/runner/.m2/repository/org/glassfish/jersey/containers/jersey-container-servlet/2.34/jersey-container-servlet-2.34.jar:/home/runner/.m2/repository/org/glassfish/hk2/guice-bridge/2.5.0/guice-bridge-2.5.0.jar:/home/runner/.m2/repository/org/glassfish/jersey/core/jersey-server/2.34/jersey-server-2.34.jar:/home/runner/.m2/repository/org/glassfish/jersey/core/jersey-client/2.34/jersey-client-2.34.jar:/home/runner/.m2/repository/jakarta/annotation/jakarta.annotation-api/1.3.5/jakarta.annotation-api-1.3.5.jar:/home/runner/.m2/repository/jakarta/validation/jakarta.validation-api/2.0.2/jakarta.validation-api-2.0.2.jar:/home/runner/.m2/repository/org/glassfish/jersey/media/jersey-media-json-jackson/2.34/jersey-media-json-jackson-2.34.jar:/home/runner/.m2/repository/org/glassfish/jersey/ext/jersey-entity-filtering/2.34/jersey-entity-filtering-2.34.jar:/home/runner/.m2/repository/org/jooq/jooq/3.11.10/jooq-3.11.10.jar:/home/runner/.m2/repository/org/jooq/jooq-meta/3.11.10/jooq-meta-3.11.10.jar:/home/runner/.m2/repository/org/jooq/jooq-codegen/3.11.10/jooq-codegen-3.11.10.jar:/home/runner/.m2/repository/com/jolbox/bonecp/0.8.0.RELEASE/bonecp-0.8.0.RELEASE.jar:/home/runner/.m2/repository/org/apache/derby/derby/10.14.2.0/derby-10.14.2.0.jar:/home/runner/.m2/repository/org/xerial/sqlite-jdbc/3.25.2/sqlite-jdbc-3.25.2.jar:/home/runner/.m2/repository/org/springframework/spring-jdbc/5.3.23/spring-jdbc-5.3.23.jar:/home/runner/.m2/repository/org/springframework/spring-beans/5.3.23/spring-beans-5.3.23.jar:/home/runner/.m2/repository/org/springframework/spring-core/5.3.23/spring-core-5.3.23.jar:/home/runner/.m2/repository/org/springframework/spring-jcl/5.3.23/spring-jcl-5.3.23.jar:/home/runner/.m2/repository/org/springframework/spring-tx/5.3.23/spring-tx-5.3.23.jar:/home/runner/.m2/repository/org/apache/ozone/ozone-client/1.4.0-SNAPSHOT/ozone-client-1.4.0-SNAPSHOT.jar:/home/runner/.m2/repository/org/apache/ozone/hdds-erasurecode/1.4.0-SNAPSHOT/hdds-erasurecode-1.4.0-SNAPSHOT.jar:/home/runner/.m2/repository/org/apache/ozone/ozone-filesystem/1.4.0-SNAPSHOT/ozone-filesystem-1.4.0-SNAPSHOT.jar:/home/runner/.m2/repository/org/apache/ozone/ozone-filesystem-common/1.4.0-SNAPSHOT/ozone-filesystem-common-1.4.0-SNAPSHOT.jar:/home/runner/.m2/repository/org/apache/ozone/ozone-tools/1.4.0-SNAPSHOT/ozone-tools-1.4.0-SNAPSHOT.jar:/home/runner/.m2/repository/org/apache/ratis/ratis-tools/2.4.2-8b8bdda-SNAPSHOT/ratis-tools-2.4.2-8b8bdda-SNAPSHOT.jar:/home/runner/.m2/repository/com/amazonaws/aws-java-sdk-core/1.12.261/aws-java-sdk-core-1.12.261.jar:/home/runner/.m2/repository/org/apache/httpcomponents/httpclient/4.5.13/httpclient-4.5.13.jar:/home/runner/.m2/repository/org/apache/httpcomponents/httpcore/4.4.13/httpcore-4.4.13.jar:/home/runner/.m2/repository/software/amazon/ion/ion-java/1.0.2/ion-java-1.0.2.jar:/home/runner/.m2/repository/com/fasterxml/jackson/dataformat/jackson-dataformat-cbor/2.13.4/jackson-dataformat-cbor-2.13.4.jar:/home/runner/.m2/repository/joda-time/joda-time/2.8.1/joda-time-2.8.1.jar:/home/runner/.m2/repository/com/amazonaws/aws-java-sdk-s3/1.12.261/aws-java-sdk-s3-1.12.261.jar:/home/runner/.m2/repository/com/amazonaws/aws-java-sdk-kms/1.12.261/aws-java-sdk-kms-1.12.261.jar:/home/runner/.m2/repository/com/amazonaws/jmespath-java/1.12.261/jmespath-java-1.12.261.jar:/home/runner/.m2/repository/org/kohsuke/metainf-services/metainf-services/1.8/metainf-services-1.8.jar:/home/runner/.m2/repository/org/apache/ozone/hdds-tools/1.4.0-SNAPSHOT/hdds-tools-1.4.0-SNAPSHOT.jar:/home/runner/.m2/repository/commons-cli/commons-cli/1.2/commons-cli-1.2.jar:/home/runner/.m2/repository/org/apache/commons/commons-lang3/3.7/commons-lang3-3.7.jar:/home/runner/.m2/repository/org/apache/ozone/ozone-manager/1.4.0-SNAPSHOT/ozone-manager-1.4.0-SNAPSHOT-tests.jar:/home/runner/.m2/repository/org/apache/ozone/hdds-common/1.4.0-SNAPSHOT/hdds-common-1.4.0-SNAPSHOT-tests.jar:/home/runner/.m2/repository/org/apache/ozone/hdds-hadoop-dependency-client/1.4.0-SNAPSHOT/hdds-hadoop-dependency-client-1.4.0-SNAPSHOT.jar:/home/runner/.m2/repository/info/picocli/picocli/4.6.1/picocli-4.6.1.jar:/home/runner/.m2/repository/com/fasterxml/jackson/core/jackson-annotations/2.13.4/jackson-annotations-2.13.4.jar:/home/runner/.m2/repository/com/fasterxml/jackson/datatype/jackson-datatype-jsr310/2.13.4/jackson-datatype-jsr310-2.13.4.jar:/home/runner/.m2/repository/org/apache/ozone/hdds-annotation-processing/1.4.0-SNAPSHOT/hdds-annotation-processing-1.4.0-SNAPSHOT.jar:/home/runner/.m2/repository/javax/annotation/javax.annotation-api/1.2/javax.annotation-api-1.2.jar:/home/runner/.m2/repository/org/apache/ratis/ratis-server/2.4.2-8b8bdda-SNAPSHOT/ratis-server-2.4.2-8b8bdda-SNAPSHOT.jar:/home/runner/.m2/repository/org/apache/ratis/ratis-client/2.4.2-8b8bdda-SNAPSHOT/ratis-client-2.4.2-8b8bdda-SNAPSHOT.jar:/home/runner/.m2/repository/org/apache/ratis/ratis-server-api/2.4.2-8b8bdda-SNAPSHOT/ratis-server-api-2.4.2-8b8bdda-SNAPSHOT.jar:/home/runner/.m2/repository/org/apache/ratis/ratis-metrics/2.4.2-8b8bdda-SNAPSHOT/ratis-metrics-2.4.2-8b8bdda-SNAPSHOT.jar:/home/runner/.m2/repository/org/apache/ratis/ratis-netty/2.4.2-8b8bdda-SNAPSHOT/ratis-netty-2.4.2-8b8bdda-SNAPSHOT.jar:/home/runner/.m2/repository/org/apache/ratis/ratis-grpc/2.4.2-8b8bdda-SNAPSHOT/ratis-grpc-2.4.2-8b8bdda-SNAPSHOT.jar:/home/runner/.m2/repository/org/apache/logging/log4j/log4j-api/2.17.1/log4j-api-2.17.1.jar:/home/runner/.m2/repository/org/apache/commons/commons-pool2/2.6.0/commons-pool2-2.6.0.jar:/home/runner/.m2/repository/org/bouncycastle/bcpkix-jdk15on/1.67/bcpkix-jdk15on-1.67.jar:/home/runner/.m2/repository/commons-validator/commons-validator/1.6/commons-validator-1.6.jar:/home/runner/.m2/repository/commons-beanutils/commons-beanutils/1.9.4/commons-beanutils-1.9.4.jar:/home/runner/.m2/repository/commons-digester/commons-digester/1.8.1/commons-digester-1.8.1.jar:/home/runner/.m2/repository/commons-collections/commons-collections/3.2.2/commons-collections-3.2.2.jar:/home/runner/.m2/repository/io/jaegertracing/jaeger-client/1.6.0/jaeger-client-1.6.0.jar:/home/runner/.m2/repository/io/jaegertracing/jaeger-thrift/1.6.0/jaeger-thrift-1.6.0.jar:/home/runner/.m2/repository/org/apache/thrift/libthrift/0.14.1/libthrift-0.14.1.jar:/home/runner/.m2/repository/io/jaegertracing/jaeger-core/1.6.0/jaeger-core-1.6.0.jar:/home/runner/.m2/repository/io/jaegertracing/jaeger-tracerresolver/1.6.0/jaeger-tracerresolver-1.6.0.jar:/home/runner/.m2/repository/io/opentracing/contrib/opentracing-tracerresolver/0.1.8/opentracing-tracerresolver-0.1.8.jar:/home/runner/.m2/repository/org/jetbrains/kotlin/kotlin-stdlib/1.6.21/kotlin-stdlib-1.6.21.jar:/home/runner/.m2/repository/org/jetbrains/annotations/13.0/annotations-13.0.jar:/home/runner/.m2/repository/io/opentracing/opentracing-util/0.33.0/opentracing-util-0.33.0.jar:/home/runner/.m2/repository/io/opentracing/opentracing-api/0.33.0/opentracing-api-0.33.0.jar:/home/runner/.m2/repository/io/opentracing/opentracing-noop/0.33.0/opentracing-noop-0.33.0.jar:/home/runner/.m2/repository/org/yaml/snakeyaml/1.33/snakeyaml-1.33.jar:/home/runner/.m2/repository/org/apache/ozone/hdds-interface-admin/1.4.0-SNAPSHOT/hdds-interface-admin-1.4.0-SNAPSHOT.jar:/home/runner/.m2/repository/junit/junit/4.13.1/junit-4.13.1.jar:/home/runner/.m2/repository/org/hamcrest/hamcrest-core/1.3/hamcrest-core-1.3.jar:/home/runner/.m2/repository/org/junit/jupiter/junit-jupiter-api/5.8.2/junit-jupiter-api-5.8.2.jar:/home/runner/.m2/repository/org/opentest4j/opentest4j/1.2.0/opentest4j-1.2.0.jar:/home/runner/.m2/repository/org/junit/platform/junit-platform-commons/1.8.2/junit-platform-commons-1.8.2.jar:/home/runner/.m2/repository/org/apiguardian/apiguardian-api/1.1.2/apiguardian-api-1.1.2.jar:/home/runner/.m2/repository/org/junit/jupiter/junit-jupiter-params/5.8.2/junit-jupiter-params-5.8.2.jar:/home/runner/.m2/repository/org/junit/jupiter/junit-jupiter-migrationsupport/5.8.2/junit-jupiter-migrationsupport-5.8.2.jar:/home/runner/.m2/repository/org/junit/jupiter/junit-jupiter-engine/5.8.2/junit-jupiter-engine-5.8.2.jar:/home/runner/.m2/repository/org/junit/platform/junit-platform-engine/1.8.2/junit-platform-engine-1.8.2.jar:/home/runner/.m2/repository/org/junit/vintage/junit-vintage-engine/5.8.2/junit-vintage-engine-5.8.2.jar:/home/runner/.m2/repository/org/junit/platform/junit-platform-launcher/1.8.2/junit-platform-launcher-1.8.2.jar:/home/runner/.m2/repository/org/mockito/mockito-core/2.28.2/mockito-core-2.28.2.jar:/home/runner/.m2/repository/net/bytebuddy/byte-buddy/1.9.10/byte-buddy-1.9.10.jar:/home/runner/.m2/repository/net/bytebuddy/byte-buddy-agent/1.9.10/byte-buddy-agent-1.9.10.jar:/home/runner/.m2/repository/org/objenesis/objenesis/1.0/objenesis-1.0.jar:/home/runner/.m2/repository/org/apache/hadoop/hadoop-kms/3.3.4/hadoop-kms-3.3.4.jar:/home/runner/.m2/repository/org/apache/hadoop/hadoop-auth/3.3.4/hadoop-auth-3.3.4.jar:/home/runner/.m2/repository/com/nimbusds/nimbus-jose-jwt/9.8.1/nimbus-jose-jwt-9.8.1.jar:/home/runner/.m2/repository/com/github/stephenc/jcip/jcip-annotations/1.0-1/jcip-annotations-1.0-1.jar:/home/runner/.m2/repository/net/minidev/json-smart/2.4.7/json-smart-2.4.7.jar:/home/runner/.m2/repository/net/minidev/accessors-smart/2.4.7/accessors-smart-2.4.7.jar:/home/runner/.m2/repository/org/ow2/asm/asm/5.0.4/asm-5.0.4.jar:/home/runner/.m2/repository/org/apache/zookeeper/zookeeper/3.5.6/zookeeper-3.5.6.jar:/home/runner/.m2/repository/org/apache/zookeeper/zookeeper-jute/3.5.6/zookeeper-jute-3.5.6.jar:/home/runner/.m2/repository/org/apache/yetus/audience-annotations/0.5.0/audience-annotations-0.5.0.jar:/home/runner/.m2/repository/org/apache/curator/curator-framework/4.2.0/curator-framework-4.2.0.jar:/home/runner/.m2/repository/org/apache/hadoop/thirdparty/hadoop-shaded-guava/1.1.1/hadoop-shaded-guava-1.1.1.jar:/home/runner/.m2/repository/com/sun/jersey/jersey-core/1.19/jersey-core-1.19.jar:/home/runner/.m2/repository/javax/ws/rs/jsr311-api/1.1.1/jsr311-api-1.1.1.jar:/home/runner/.m2/repository/com/sun/jersey/jersey-server/1.19/jersey-server-1.19.jar:/home/runner/.m2/repository/javax/servlet/javax.servlet-api/3.1.0/javax.servlet-api-3.1.0.jar:/home/runner/.m2/repository/org/eclipse/jetty/jetty-server/9.4.49.v20220914/jetty-server-9.4.49.v20220914.jar:/home/runner/.m2/repository/org/eclipse/jetty/jetty-http/9.4.49.v20220914/jetty-http-9.4.49.v20220914.jar:/home/runner/.m2/repository/org/eclipse/jetty/jetty-io/9.4.49.v20220914/jetty-io-9.4.49.v20220914.jar:/home/runner/.m2/repository/org/eclipse/jetty/jetty-webapp/9.4.49.v20220914/jetty-webapp-9.4.49.v20220914.jar:/home/runner/.m2/repository/org/eclipse/jetty/jetty-xml/9.4.49.v20220914/jetty-xml-9.4.49.v20220914.jar:/home/runner/.m2/repository/org/apache/hadoop/hadoop-common/3.3.4/hadoop-common-3.3.4.jar:/home/runner/.m2/repository/org/apache/commons/commons-math3/3.1.1/commons-math3-3.1.1.jar:/home/runner/.m2/repository/commons-net/commons-net/3.9.0/commons-net-3.9.0.jar:/home/runner/.m2/repository/com/sun/jersey/jersey-servlet/1.19/jersey-servlet-1.19.jar:/home/runner/.m2/repository/com/sun/jersey/jersey-json/1.19/jersey-json-1.19.jar:/home/runner/.m2/repository/org/codehaus/jettison/jettison/1.1/jettison-1.1.jar:/home/runner/.m2/repository/com/sun/xml/bind/jaxb-impl/2.2.3-1/jaxb-impl-2.2.3-1.jar:/home/runner/.m2/repository/org/codehaus/jackson/jackson-xc/1.9.2/jackson-xc-1.9.2.jar:/home/runner/.m2/repository/com/google/re2j/re2j/1.1/re2j-1.1.jar:/home/runner/.m2/repository/com/jcraft/jsch/0.1.54/jsch-0.1.54.jar:/home/runner/.m2/repository/org/apache/curator/curator-client/4.2.0/curator-client-4.2.0.jar:/home/runner/.m2/repository/org/apache/curator/curator-recipes/4.2.0/curator-recipes-4.2.0.jar:/home/runner/.m2/repository/org/apache/kerby/kerb-core/1.0.1/kerb-core-1.0.1.jar:/home/runner/.m2/repository/org/apache/kerby/kerby-pkix/1.0.1/kerby-pkix-1.0.1.jar:/home/runner/.m2/repository/org/apache/kerby/kerby-asn1/1.0.1/kerby-asn1-1.0.1.jar:/home/runner/.m2/repository/org/apache/kerby/kerby-util/1.0.1/kerby-util-1.0.1.jar:/home/runner/.m2/repository/dnsjava/dnsjava/2.1.7/dnsjava-2.1.7.jar:/home/runner/.m2/repository/org/xerial/snappy/snappy-java/1.1.8.2/snappy-java-1.1.8.2.jar:/home/runner/.m2/repository/org/eclipse/jetty/jetty-util/9.4.49.v20220914/jetty-util-9.4.49.v20220914.jar:/home/runner/.m2/repository/com/fasterxml/jackson/core/jackson-databind/2.13.4.2/jackson-databind-2.13.4.2.jar:/home/runner/.m2/repository/org/apache/hadoop/hadoop-kms/3.3.4/hadoop-kms-3.3.4-tests.jar:/home/runner/.m2/repository/org/apache/ozone/hdds-server-scm/1.4.0-SNAPSHOT/hdds-server-scm-1.4.0-SNAPSHOT-tests.jar:/home/runner/.m2/repository/org/apache/ozone/hdds-container-service/1.4.0-SNAPSHOT/hdds-container-service-1.4.0-SNAPSHOT-tests.jar:/home/runner/.m2/repository/com/github/luben/zstd-jni/1.5.2-5/zstd-jni-1.5.2-5.jar:/home/runner/.m2/repository/commons-codec/commons-codec/1.15/commons-codec-1.15.jar:/home/runner/.m2/repository/io/netty/netty-codec/4.1.86.Final/netty-codec-4.1.86.Final.jar:/home/runner/.m2/repository/io/netty/netty-handler/4.1.86.Final/netty-handler-4.1.86.Final.jar:/home/runner/.m2/repository/org/apache/ozone/hdds-hadoop-dependency-test/1.4.0-SNAPSHOT/hdds-hadoop-dependency-test-1.4.0-SNAPSHOT.jar:/home/runner/.m2/repository/org/apache/hadoop/hadoop-common/3.3.4/hadoop-common-3.3.4-tests.jar:/home/runner/.m2/repository/org/apache/hadoop/hadoop-hdfs/3.3.4/hadoop-hdfs-3.3.4-tests.jar:/home/runner/.m2/repository/org/assertj/assertj-core/3.12.2/assertj-core-3.12.2.jar:/home/runner/.m2/repository/org/apache/hadoop/hadoop-distcp/3.3.4/hadoop-distcp-3.3.4.jar:/home/runner/.m2/repository/org/apache/hadoop/hadoop-mapreduce-client-jobclient/3.3.4/hadoop-mapreduce-client-jobclient-3.3.4.jar:/home/runner/.m2/repository/org/apache/hadoop/hadoop-mapreduce-client-common/3.3.4/hadoop-mapreduce-client-common-3.3.4.jar:/home/runner/.m2/repository/org/apache/hadoop/hadoop-yarn-common/3.3.4/hadoop-yarn-common-3.3.4.jar:/home/runner/.m2/repository/org/apache/hadoop/hadoop-yarn-api/3.3.4/hadoop-yarn-api-3.3.4.jar:/home/runner/.m2/repository/com/sun/jersey/contribs/jersey-guice/1.19/jersey-guice-1.19.jar:/home/runner/.m2/repository/com/fasterxml/jackson/jaxrs/jackson-jaxrs-json-provider/2.13.4/jackson-jaxrs-json-provider-2.13.4.jar:/home/runner/.m2/repository/com/fasterxml/jackson/jaxrs/jackson-jaxrs-base/2.13.4/jackson-jaxrs-base-2.13.4.jar:/home/runner/.m2/repository/org/apache/hadoop/hadoop-yarn-client/3.3.4/hadoop-yarn-client-3.3.4.jar:/home/runner/.m2/repository/org/eclipse/jetty/websocket/websocket-client/9.4.43.v20210629/websocket-client-9.4.43.v20210629.jar:/home/runner/.m2/repository/org/eclipse/jetty/websocket/websocket-common/9.4.43.v20210629/websocket-common-9.4.43.v20210629.jar:/home/runner/.m2/repository/org/eclipse/jetty/websocket/websocket-api/9.4.43.v20210629/websocket-api-9.4.43.v20210629.jar:/home/runner/.m2/repository/org/jline/jline/3.9.0/jline-3.9.0.jar:/home/runner/.m2/repository/org/apache/hadoop/hadoop-mapreduce-client-core/3.3.4/hadoop-mapreduce-client-core-3.3.4.jar:/home/runner/.m2/repository/org/apache/avro/avro/1.7.7/avro-1.7.7.jar:/home/runner/.m2/repository/org/codehaus/jackson/jackson-core-asl/1.9.13/jackson-core-asl-1.9.13.jar:/home/runner/.m2/repository/org/codehaus/jackson/jackson-mapper-asl/1.9.13/jackson-mapper-asl-1.9.13.jar:/home/runner/.m2/repository/com/thoughtworks/paranamer/paranamer/2.3/paranamer-2.3.jar:/home/runner/.m2/repository/org/apache/hadoop/hadoop-annotations/3.3.4/hadoop-annotations-3.3.4.jar:/usr/lib/jvm/temurin-8-jdk-amd64/jre/../lib/tools.jar:/home/runner/.m2/repository/io/netty/netty/3.10.6.Final/netty-3.10.6.Final.jar:/home/runner/.m2/repository/org/apache/hadoop/hadoop-distcp/3.3.4/hadoop-distcp-3.3.4-tests.jar:/home/runner/.m2/repository/org/slf4j/jul-to-slf4j/1.7.36/jul-to-slf4j-1.7.36.jar:/home/runner/.m2/repository/org/apache/ratis/ratis-common/2.4.2-8b8bdda-SNAPSHOT/ratis-common-2.4.2-8b8bdda-SNAPSHOT.jar:/home/runner/.m2/repository/org/apache/ratis/ratis-thirdparty-misc/1.0.3/ratis-thirdparty-misc-1.0.3.jar:/home/runner/.m2/repository/org/apache/ratis/ratis-proto/2.4.2-8b8bdda-SNAPSHOT/ratis-proto-2.4.2-8b8bdda-SNAPSHOT.jar:"/>
    <property name="java.vm.vendor" value="Temurin"/>
    <property name="sun.arch.data.model" value="64"/>
    <property name="test.build.dir" value="/home/runner/work/ozone/ozone/hadoop-ozone/integration-test/target/test-dir"/>
    <property name="test.cache.data" value=""/>
    <property name="java.vendor.url" value="https://adoptium.net/"/>
    <property name="user.timezone" value="Etc/UTC"/>
    <property name="java.vm.specification.version" value="1.8"/>
    <property name="os.name" value="Linux"/>
    <property name="test.build.data" value="/home/runner/work/ozone/ozone/hadoop-ozone/integration-test/target/test-dir"/>
    <property name="sun.java.launcher" value="SUN_STANDARD"/>
    <property name="sun.boot.library.path" value="/usr/lib/jvm/temurin-8-jdk-amd64/jre/lib/amd64"/>
    <property name="sun.java.command" value="/home/runner/work/ozone/ozone/hadoop-ozone/integration-test/target/surefire/surefirebooter3190528530663268676.jar /home/runner/work/ozone/ozone/hadoop-ozone/integration-test/target/surefire 2023-01-26T17-22-01_773-jvmRun1 surefire7689847409232212849tmp surefire_43598512998275940711tmp"/>
    <property name="surefire.test.class.path" value="/home/runner/work/ozone/ozone/hadoop-ozone/integration-test/target/test-classes:/home/runner/work/ozone/ozone/hadoop-ozone/integration-test/target/classes:/home/runner/.m2/repository/org/apache/ozone/ozone-common/1.4.0-SNAPSHOT/ozone-common-1.4.0-SNAPSHOT.jar:/home/runner/.m2/repository/io/grpc/grpc-netty/1.51.1/grpc-netty-1.51.1.jar:/home/runner/.m2/repository/io/grpc/grpc-core/1.51.1/grpc-core-1.51.1.jar:/home/runner/.m2/repository/com/google/android/annotations/4.1.1.4/annotations-4.1.1.4.jar:/home/runner/.m2/repository/org/codehaus/mojo/animal-sniffer-annotations/1.21/animal-sniffer-annotations-1.21.jar:/home/runner/.m2/repository/com/google/errorprone/error_prone_annotations/2.2.0/error_prone_annotations-2.2.0.jar:/home/runner/.m2/repository/io/perfmark/perfmark-api/0.25.0/perfmark-api-0.25.0.jar:/home/runner/.m2/repository/io/netty/netty-codec-http2/4.1.86.Final/netty-codec-http2-4.1.86.Final.jar:/home/runner/.m2/repository/io/netty/netty-common/4.1.86.Final/netty-common-4.1.86.Final.jar:/home/runner/.m2/repository/io/netty/netty-buffer/4.1.86.Final/netty-buffer-4.1.86.Final.jar:/home/runner/.m2/repository/io/netty/netty-codec-http/4.1.86.Final/netty-codec-http-4.1.86.Final.jar:/home/runner/.m2/repository/io/netty/netty-handler-proxy/4.1.86.Final/netty-handler-proxy-4.1.86.Final.jar:/home/runner/.m2/repository/io/netty/netty-codec-socks/4.1.86.Final/netty-codec-socks-4.1.86.Final.jar:/home/runner/.m2/repository/io/netty/netty-tcnative-boringssl-static/2.0.54.Final/netty-tcnative-boringssl-static-2.0.54.Final.jar:/home/runner/.m2/repository/io/netty/netty-tcnative-classes/2.0.54.Final/netty-tcnative-classes-2.0.54.Final.jar:/home/runner/.m2/repository/io/netty/netty-tcnative-boringssl-static/2.0.54.Final/netty-tcnative-boringssl-static-2.0.54.Final-linux-x86_64.jar:/home/runner/.m2/repository/io/netty/netty-tcnative-boringssl-static/2.0.54.Final/netty-tcnative-boringssl-static-2.0.54.Final-linux-aarch_64.jar:/home/runner/.m2/repository/io/netty/netty-tcnative-boringssl-static/2.0.54.Final/netty-tcnative-boringssl-static-2.0.54.Final-osx-x86_64.jar:/home/runner/.m2/repository/io/netty/netty-tcnative-boringssl-static/2.0.54.Final/netty-tcnative-boringssl-static-2.0.54.Final-osx-aarch_64.jar:/home/runner/.m2/repository/io/netty/netty-tcnative-boringssl-static/2.0.54.Final/netty-tcnative-boringssl-static-2.0.54.Final-windows-x86_64.jar:/home/runner/.m2/repository/org/apache/commons/commons-compress/1.21/commons-compress-1.21.jar:/home/runner/.m2/repository/org/apache/ozone/hdds-common/1.4.0-SNAPSHOT/hdds-common-1.4.0-SNAPSHOT.jar:/home/runner/.m2/repository/org/apache/ozone/hdds-client/1.4.0-SNAPSHOT/hdds-client-1.4.0-SNAPSHOT.jar:/home/runner/.m2/repository/org/apache/ozone/ozone-interface-client/1.4.0-SNAPSHOT/ozone-interface-client-1.4.0-SNAPSHOT.jar:/home/runner/.m2/repository/org/apache/ozone/hdds-test-utils/1.4.0-SNAPSHOT/hdds-test-utils-1.4.0-SNAPSHOT.jar:/home/runner/.m2/repository/com/google/guava/guava/31.1-jre/guava-31.1-jre.jar:/home/runner/.m2/repository/com/google/guava/failureaccess/1.0.1/failureaccess-1.0.1.jar:/home/runner/.m2/repository/com/google/guava/listenablefuture/9999.0-empty-to-avoid-conflict-with-guava/listenablefuture-9999.0-empty-to-avoid-conflict-with-guava.jar:/home/runner/.m2/repository/com/google/code/findbugs/jsr305/3.0.0/jsr305-3.0.0.jar:/home/runner/.m2/repository/org/checkerframework/checker-qual/3.12.0/checker-qual-3.12.0.jar:/home/runner/.m2/repository/com/google/j2objc/j2objc-annotations/1.3/j2objc-annotations-1.3.jar:/home/runner/.m2/repository/commons-io/commons-io/2.11.0/commons-io-2.11.0.jar:/home/runner/.m2/repository/commons-logging/commons-logging/1.2/commons-logging-1.2.jar:/home/runner/.m2/repository/ch/qos/reload4j/reload4j/1.2.22/reload4j-1.2.22.jar:/home/runner/.m2/repository/org/slf4j/slf4j-api/1.7.36/slf4j-api-1.7.36.jar:/home/runner/.m2/repository/org/apache/ozone/hdds-server-scm/1.4.0-SNAPSHOT/hdds-server-scm-1.4.0-SNAPSHOT.jar:/home/runner/.m2/repository/org/apache/ozone/hdds-container-service/1.4.0-SNAPSHOT/hdds-container-service-1.4.0-SNAPSHOT.jar:/home/runner/.m2/repository/org/apache/ozone/hdds-hadoop-dependency-server/1.4.0-SNAPSHOT/hdds-hadoop-dependency-server-1.4.0-SNAPSHOT.jar:/home/runner/.m2/repository/org/apache/hadoop/hadoop-hdfs/3.3.4/hadoop-hdfs-3.3.4.jar:/home/runner/.m2/repository/org/eclipse/jetty/jetty-util-ajax/9.4.49.v20220914/jetty-util-ajax-9.4.49.v20220914.jar:/home/runner/.m2/repository/commons-daemon/commons-daemon/1.0.13/commons-daemon-1.0.13.jar:/home/runner/.m2/repository/org/apache/ozone/hdds-server-framework/1.4.0-SNAPSHOT/hdds-server-framework-1.4.0-SNAPSHOT.jar:/home/runner/.m2/repository/org/apache/ozone/hdds-interface-server/1.4.0-SNAPSHOT/hdds-interface-server-1.4.0-SNAPSHOT.jar:/home/runner/.m2/repository/org/apache/commons/commons-configuration2/2.1.1/commons-configuration2-2.1.1.jar:/home/runner/.m2/repository/org/apache/logging/log4j/log4j-core/2.17.1/log4j-core-2.17.1.jar:/home/runner/.m2/repository/com/lmax/disruptor/3.4.2/disruptor-3.4.2.jar:/home/runner/.m2/repository/org/eclipse/jetty/jetty-servlet/9.4.49.v20220914/jetty-servlet-9.4.49.v20220914.jar:/home/runner/.m2/repository/org/eclipse/jetty/jetty-security/9.4.49.v20220914/jetty-security-9.4.49.v20220914.jar:/home/runner/.m2/repository/org/rocksdb/rocksdbjni/7.7.3/rocksdbjni-7.7.3.jar:/home/runner/.m2/repository/io/prometheus/simpleclient_dropwizard/0.7.0/simpleclient_dropwizard-0.7.0.jar:/home/runner/.m2/repository/io/prometheus/simpleclient/0.7.0/simpleclient-0.7.0.jar:/home/runner/.m2/repository/io/prometheus/simpleclient_common/0.7.0/simpleclient_common-0.7.0.jar:/home/runner/.m2/repository/com/github/spotbugs/spotbugs-annotations/3.1.12/spotbugs-annotations-3.1.12.jar:/home/runner/.m2/repository/io/dropwizard/metrics/metrics-core/3.2.4/metrics-core-3.2.4.jar:/home/runner/.m2/repository/org/apache/commons/commons-text/1.4/commons-text-1.4.jar:/home/runner/.m2/repository/org/apache/hadoop/hadoop-hdfs-client/3.3.4/hadoop-hdfs-client-3.3.4.jar:/home/runner/.m2/repository/com/squareup/okhttp3/okhttp/4.9.3/okhttp-4.9.3.jar:/home/runner/.m2/repository/com/squareup/okio/okio/2.8.0/okio-2.8.0.jar:/home/runner/.m2/repository/org/jetbrains/kotlin/kotlin-stdlib-common/1.4.10/kotlin-stdlib-common-1.4.10.jar:/home/runner/.m2/repository/org/bouncycastle/bcprov-jdk15on/1.67/bcprov-jdk15on-1.67.jar:/home/runner/.m2/repository/com/google/protobuf/protobuf-java/2.5.0/protobuf-java-2.5.0.jar:/home/runner/.m2/repository/org/apache/ozone/ozone-manager/1.4.0-SNAPSHOT/ozone-manager-1.4.0-SNAPSHOT.jar:/home/runner/.m2/repository/org/aspectj/aspectjrt/1.9.7/aspectjrt-1.9.7.jar:/home/runner/.m2/repository/org/aspectj/aspectjweaver/1.9.7/aspectjweaver-1.9.7.jar:/home/runner/.m2/repository/org/apache/ozone/hdds-interface-client/1.4.0-SNAPSHOT/hdds-interface-client-1.4.0-SNAPSHOT.jar:/home/runner/.m2/repository/org/apache/hadoop/thirdparty/hadoop-shaded-protobuf_3_7/1.1.1/hadoop-shaded-protobuf_3_7-1.1.1.jar:/home/runner/.m2/repository/org/apache/ozone/ozone-interface-storage/1.4.0-SNAPSHOT/ozone-interface-storage-1.4.0-SNAPSHOT.jar:/home/runner/.m2/repository/org/reflections/reflections/0.9.11/reflections-0.9.11.jar:/home/runner/.m2/repository/com/sun/jersey/jersey-client/1.19/jersey-client-1.19.jar:/home/runner/.m2/repository/org/apache/ranger/ranger-intg/2.3.0/ranger-intg-2.3.0.jar:/home/runner/.m2/repository/org/apache/ranger/ranger-plugins-common/2.3.0/ranger-plugins-common-2.3.0.jar:/home/runner/.m2/repository/commons-lang/commons-lang/2.6/commons-lang-2.6.jar:/home/runner/.m2/repository/org/codehaus/jackson/jackson-jaxrs/1.9.13/jackson-jaxrs-1.9.13.jar:/home/runner/.m2/repository/org/apache/ranger/ranger-plugins-cred/2.3.0/ranger-plugins-cred-2.3.0.jar:/home/runner/.m2/repository/org/apache/ranger/ranger-plugins-audit/2.3.0/ranger-plugins-audit-2.3.0.jar:/home/runner/.m2/repository/org/eclipse/jetty/jetty-client/9.4.31.v20200723/jetty-client-9.4.31.v20200723.jar:/home/runner/.m2/repository/org/apache/httpcomponents/httpmime/4.5.6/httpmime-4.5.6.jar:/home/runner/.m2/repository/org/apache/httpcomponents/httpcore-nio/4.4.6/httpcore-nio-4.4.6.jar:/home/runner/.m2/repository/org/apache/httpcomponents/httpasyncclient/4.1.3/httpasyncclient-4.1.3.jar:/home/runner/.m2/repository/com/carrotsearch/hppc/0.8.0/hppc-0.8.0.jar:/home/runner/.m2/repository/org/apache/orc/orc-core/1.5.8/orc-core-1.5.8.jar:/home/runner/.m2/repository/net/java/dev/jna/jna/5.2.0/jna-5.2.0.jar:/home/runner/.m2/repository/net/java/dev/jna/jna-platform/5.2.0/jna-platform-5.2.0.jar:/home/runner/.m2/repository/com/kstruct/gethostname4j/0.0.2/gethostname4j-0.0.2.jar:/home/runner/.m2/repository/org/apache/ranger/ranger-plugin-classloader/2.3.0/ranger-plugin-classloader-2.3.0.jar:/home/runner/.m2/repository/org/apache/hadoop/hadoop-minikdc/3.3.4/hadoop-minikdc-3.3.4.jar:/home/runner/.m2/repository/org/apache/kerby/kerb-simplekdc/1.0.1/kerb-simplekdc-1.0.1.jar:/home/runner/.m2/repository/org/apache/kerby/kerb-client/1.0.1/kerb-client-1.0.1.jar:/home/runner/.m2/repository/org/apache/kerby/kerby-config/1.0.1/kerby-config-1.0.1.jar:/home/runner/.m2/repository/org/apache/kerby/kerb-common/1.0.1/kerb-common-1.0.1.jar:/home/runner/.m2/repository/org/apache/kerby/kerb-crypto/1.0.1/kerb-crypto-1.0.1.jar:/home/runner/.m2/repository/org/apache/kerby/kerb-util/1.0.1/kerb-util-1.0.1.jar:/home/runner/.m2/repository/org/apache/kerby/token-provider/1.0.1/token-provider-1.0.1.jar:/home/runner/.m2/repository/org/apache/kerby/kerb-admin/1.0.1/kerb-admin-1.0.1.jar:/home/runner/.m2/repository/org/apache/kerby/kerb-server/1.0.1/kerb-server-1.0.1.jar:/home/runner/.m2/repository/org/apache/kerby/kerb-identity/1.0.1/kerb-identity-1.0.1.jar:/home/runner/.m2/repository/org/apache/kerby/kerby-xdr/1.0.1/kerby-xdr-1.0.1.jar:/home/runner/.m2/repository/org/apache/ozone/ozone-s3gateway/1.4.0-SNAPSHOT/ozone-s3gateway-1.4.0-SNAPSHOT.jar:/home/runner/.m2/repository/org/javassist/javassist/3.21.0-GA/javassist-3.21.0-GA.jar:/home/runner/.m2/repository/org/jboss/weld/servlet/weld-servlet/2.4.7.Final/weld-servlet-2.4.7.Final.jar:/home/runner/.m2/repository/org/glassfish/jersey/containers/jersey-container-servlet-core/2.34/jersey-container-servlet-core-2.34.jar:/home/runner/.m2/repository/org/glassfish/hk2/external/jakarta.inject/2.6.1/jakarta.inject-2.6.1.jar:/home/runner/.m2/repository/org/glassfish/jersey/core/jersey-common/2.34/jersey-common-2.34.jar:/home/runner/.m2/repository/jakarta/ws/rs/jakarta.ws.rs-api/2.1.6/jakarta.ws.rs-api-2.1.6.jar:/home/runner/.m2/repository/org/glassfish/jersey/ext/cdi/jersey-cdi1x/2.34/jersey-cdi1x-2.34.jar:/home/runner/.m2/repository/org/glassfish/jersey/inject/jersey-hk2/2.34/jersey-hk2-2.34.jar:/home/runner/.m2/repository/org/glassfish/hk2/hk2-locator/2.6.1/hk2-locator-2.6.1.jar:/home/runner/.m2/repository/org/glassfish/jersey/media/jersey-media-jaxb/2.34/jersey-media-jaxb-2.34.jar:/home/runner/.m2/repository/org/glassfish/hk2/osgi-resource-locator/1.0.3/osgi-resource-locator-1.0.3.jar:/home/runner/.m2/repository/org/glassfish/hk2/hk2-api/2.5.0/hk2-api-2.5.0.jar:/home/runner/.m2/repository/org/glassfish/hk2/hk2-utils/2.5.0/hk2-utils-2.5.0.jar:/home/runner/.m2/repository/org/glassfish/hk2/external/aopalliance-repackaged/2.5.0/aopalliance-repackaged-2.5.0.jar:/home/runner/.m2/repository/com/fasterxml/jackson/dataformat/jackson-dataformat-xml/2.13.4/jackson-dataformat-xml-2.13.4.jar:/home/runner/.m2/repository/com/fasterxml/jackson/core/jackson-core/2.13.4/jackson-core-2.13.4.jar:/home/runner/.m2/repository/org/codehaus/woodstox/stax2-api/4.2.1/stax2-api-4.2.1.jar:/home/runner/.m2/repository/com/fasterxml/woodstox/woodstox-core/5.4.0/woodstox-core-5.4.0.jar:/home/runner/.m2/repository/com/fasterxml/jackson/module/jackson-module-jaxb-annotations/2.13.4/jackson-module-jaxb-annotations-2.13.4.jar:/home/runner/.m2/repository/jakarta/xml/bind/jakarta.xml.bind-api/2.3.3/jakarta.xml.bind-api-2.3.3.jar:/home/runner/.m2/repository/jakarta/activation/jakarta.activation-api/1.2.1/jakarta.activation-api-1.2.1.jar:/home/runner/.m2/repository/javax/enterprise/cdi-api/1.2/cdi-api-1.2.jar:/home/runner/.m2/repository/javax/el/javax.el-api/3.0.0/javax.el-api-3.0.0.jar:/home/runner/.m2/repository/javax/interceptor/javax.interceptor-api/1.2/javax.interceptor-api-1.2.jar:/home/runner/.m2/repository/javax/inject/javax.inject/1/javax.inject-1.jar:/home/runner/.m2/repository/javax/xml/bind/jaxb-api/2.3.0/jaxb-api-2.3.0.jar:/home/runner/.m2/repository/org/glassfish/jaxb/jaxb-runtime/2.3.0.1/jaxb-runtime-2.3.0.1.jar:/home/runner/.m2/repository/org/glassfish/jaxb/jaxb-core/2.3.0.1/jaxb-core-2.3.0.1.jar:/home/runner/.m2/repository/org/glassfish/jaxb/txw2/2.3.0.1/txw2-2.3.0.1.jar:/home/runner/.m2/repository/com/sun/istack/istack-commons-runtime/3.0.5/istack-commons-runtime-3.0.5.jar:/home/runner/.m2/repository/org/jvnet/staxex/stax-ex/1.7.8/stax-ex-1.7.8.jar:/home/runner/.m2/repository/com/sun/xml/fastinfoset/FastInfoset/1.2.13/FastInfoset-1.2.13.jar:/home/runner/.m2/repository/javax/activation/activation/1.1.1/activation-1.1.1.jar:/home/runner/.m2/repository/io/grpc/grpc-protobuf/1.51.1/grpc-protobuf-1.51.1.jar:/home/runner/.m2/repository/io/grpc/grpc-api/1.51.1/grpc-api-1.51.1.jar:/home/runner/.m2/repository/io/grpc/grpc-context/1.51.1/grpc-context-1.51.1.jar:/home/runner/.m2/repository/com/google/api/grpc/proto-google-common-protos/2.9.0/proto-google-common-protos-2.9.0.jar:/home/runner/.m2/repository/io/grpc/grpc-protobuf-lite/1.51.1/grpc-protobuf-lite-1.51.1.jar:/home/runner/.m2/repository/io/grpc/grpc-stub/1.51.1/grpc-stub-1.51.1.jar:/home/runner/.m2/repository/io/netty/netty-transport/4.1.86.Final/netty-transport-4.1.86.Final.jar:/home/runner/.m2/repository/io/netty/netty-resolver/4.1.86.Final/netty-resolver-4.1.86.Final.jar:/home/runner/.m2/repository/org/apache/ozone/ozone-csi/1.4.0-SNAPSHOT/ozone-csi-1.4.0-SNAPSHOT.jar:/home/runner/.m2/repository/com/google/protobuf/protobuf-java-util/3.19.6/protobuf-java-util-3.19.6.jar:/home/runner/.m2/repository/com/google/code/gson/gson/2.9.0/gson-2.9.0.jar:/home/runner/.m2/repository/org/apache/ozone/hdds-config/1.4.0-SNAPSHOT/hdds-config-1.4.0-SNAPSHOT.jar:/home/runner/.m2/repository/io/netty/netty-transport-native-epoll/4.1.86.Final/netty-transport-native-epoll-4.1.86.Final-linux-x86_64.jar:/home/runner/.m2/repository/io/netty/netty-transport-classes-epoll/4.1.86.Final/netty-transport-classes-epoll-4.1.86.Final.jar:/home/runner/.m2/repository/io/netty/netty-transport-native-unix-common/4.1.86.Final/netty-transport-native-unix-common-4.1.86.Final.jar:/home/runner/.m2/repository/org/slf4j/slf4j-reload4j/1.7.36/slf4j-reload4j-1.7.36.jar:/home/runner/.m2/repository/org/apache/ozone/ozone-recon/1.4.0-SNAPSHOT/ozone-recon-1.4.0-SNAPSHOT.jar:/home/runner/.m2/repository/org/apache/ozone/ozone-reconcodegen/1.4.0-SNAPSHOT/ozone-reconcodegen-1.4.0-SNAPSHOT.jar:/home/runner/.m2/repository/com/google/inject/extensions/guice-multibindings/4.0/guice-multibindings-4.0.jar:/home/runner/.m2/repository/com/google/inject/guice/4.0/guice-4.0.jar:/home/runner/.m2/repository/aopalliance/aopalliance/1.0/aopalliance-1.0.jar:/home/runner/.m2/repository/com/google/inject/extensions/guice-assistedinject/4.0/guice-assistedinject-4.0.jar:/home/runner/.m2/repository/com/google/inject/extensions/guice-servlet/4.0/guice-servlet-4.0.jar:/home/runner/.m2/repository/org/glassfish/jersey/containers/jersey-container-servlet/2.34/jersey-container-servlet-2.34.jar:/home/runner/.m2/repository/org/glassfish/hk2/guice-bridge/2.5.0/guice-bridge-2.5.0.jar:/home/runner/.m2/repository/org/glassfish/jersey/core/jersey-server/2.34/jersey-server-2.34.jar:/home/runner/.m2/repository/org/glassfish/jersey/core/jersey-client/2.34/jersey-client-2.34.jar:/home/runner/.m2/repository/jakarta/annotation/jakarta.annotation-api/1.3.5/jakarta.annotation-api-1.3.5.jar:/home/runner/.m2/repository/jakarta/validation/jakarta.validation-api/2.0.2/jakarta.validation-api-2.0.2.jar:/home/runner/.m2/repository/org/glassfish/jersey/media/jersey-media-json-jackson/2.34/jersey-media-json-jackson-2.34.jar:/home/runner/.m2/repository/org/glassfish/jersey/ext/jersey-entity-filtering/2.34/jersey-entity-filtering-2.34.jar:/home/runner/.m2/repository/org/jooq/jooq/3.11.10/jooq-3.11.10.jar:/home/runner/.m2/repository/org/jooq/jooq-meta/3.11.10/jooq-meta-3.11.10.jar:/home/runner/.m2/repository/org/jooq/jooq-codegen/3.11.10/jooq-codegen-3.11.10.jar:/home/runner/.m2/repository/com/jolbox/bonecp/0.8.0.RELEASE/bonecp-0.8.0.RELEASE.jar:/home/runner/.m2/repository/org/apache/derby/derby/10.14.2.0/derby-10.14.2.0.jar:/home/runner/.m2/repository/org/xerial/sqlite-jdbc/3.25.2/sqlite-jdbc-3.25.2.jar:/home/runner/.m2/repository/org/springframework/spring-jdbc/5.3.23/spring-jdbc-5.3.23.jar:/home/runner/.m2/repository/org/springframework/spring-beans/5.3.23/spring-beans-5.3.23.jar:/home/runner/.m2/repository/org/springframework/spring-core/5.3.23/spring-core-5.3.23.jar:/home/runner/.m2/repository/org/springframework/spring-jcl/5.3.23/spring-jcl-5.3.23.jar:/home/runner/.m2/repository/org/springframework/spring-tx/5.3.23/spring-tx-5.3.23.jar:/home/runner/.m2/repository/org/apache/ozone/ozone-client/1.4.0-SNAPSHOT/ozone-client-1.4.0-SNAPSHOT.jar:/home/runner/.m2/repository/org/apache/ozone/hdds-erasurecode/1.4.0-SNAPSHOT/hdds-erasurecode-1.4.0-SNAPSHOT.jar:/home/runner/.m2/repository/org/apache/ozone/ozone-filesystem/1.4.0-SNAPSHOT/ozone-filesystem-1.4.0-SNAPSHOT.jar:/home/runner/.m2/repository/org/apache/ozone/ozone-filesystem-common/1.4.0-SNAPSHOT/ozone-filesystem-common-1.4.0-SNAPSHOT.jar:/home/runner/.m2/repository/org/apache/ozone/ozone-tools/1.4.0-SNAPSHOT/ozone-tools-1.4.0-SNAPSHOT.jar:/home/runner/.m2/repository/org/apache/ratis/ratis-tools/2.4.2-8b8bdda-SNAPSHOT/ratis-tools-2.4.2-8b8bdda-SNAPSHOT.jar:/home/runner/.m2/repository/com/amazonaws/aws-java-sdk-core/1.12.261/aws-java-sdk-core-1.12.261.jar:/home/runner/.m2/repository/org/apache/httpcomponents/httpclient/4.5.13/httpclient-4.5.13.jar:/home/runner/.m2/repository/org/apache/httpcomponents/httpcore/4.4.13/httpcore-4.4.13.jar:/home/runner/.m2/repository/software/amazon/ion/ion-java/1.0.2/ion-java-1.0.2.jar:/home/runner/.m2/repository/com/fasterxml/jackson/dataformat/jackson-dataformat-cbor/2.13.4/jackson-dataformat-cbor-2.13.4.jar:/home/runner/.m2/repository/joda-time/joda-time/2.8.1/joda-time-2.8.1.jar:/home/runner/.m2/repository/com/amazonaws/aws-java-sdk-s3/1.12.261/aws-java-sdk-s3-1.12.261.jar:/home/runner/.m2/repository/com/amazonaws/aws-java-sdk-kms/1.12.261/aws-java-sdk-kms-1.12.261.jar:/home/runner/.m2/repository/com/amazonaws/jmespath-java/1.12.261/jmespath-java-1.12.261.jar:/home/runner/.m2/repository/org/kohsuke/metainf-services/metainf-services/1.8/metainf-services-1.8.jar:/home/runner/.m2/repository/org/apache/ozone/hdds-tools/1.4.0-SNAPSHOT/hdds-tools-1.4.0-SNAPSHOT.jar:/home/runner/.m2/repository/commons-cli/commons-cli/1.2/commons-cli-1.2.jar:/home/runner/.m2/repository/org/apache/commons/commons-lang3/3.7/commons-lang3-3.7.jar:/home/runner/.m2/repository/org/apache/ozone/ozone-manager/1.4.0-SNAPSHOT/ozone-manager-1.4.0-SNAPSHOT-tests.jar:/home/runner/.m2/repository/org/apache/ozone/hdds-common/1.4.0-SNAPSHOT/hdds-common-1.4.0-SNAPSHOT-tests.jar:/home/runner/.m2/repository/org/apache/ozone/hdds-hadoop-dependency-client/1.4.0-SNAPSHOT/hdds-hadoop-dependency-client-1.4.0-SNAPSHOT.jar:/home/runner/.m2/repository/info/picocli/picocli/4.6.1/picocli-4.6.1.jar:/home/runner/.m2/repository/com/fasterxml/jackson/core/jackson-annotations/2.13.4/jackson-annotations-2.13.4.jar:/home/runner/.m2/repository/com/fasterxml/jackson/datatype/jackson-datatype-jsr310/2.13.4/jackson-datatype-jsr310-2.13.4.jar:/home/runner/.m2/repository/org/apache/ozone/hdds-annotation-processing/1.4.0-SNAPSHOT/hdds-annotation-processing-1.4.0-SNAPSHOT.jar:/home/runner/.m2/repository/javax/annotation/javax.annotation-api/1.2/javax.annotation-api-1.2.jar:/home/runner/.m2/repository/org/apache/ratis/ratis-server/2.4.2-8b8bdda-SNAPSHOT/ratis-server-2.4.2-8b8bdda-SNAPSHOT.jar:/home/runner/.m2/repository/org/apache/ratis/ratis-client/2.4.2-8b8bdda-SNAPSHOT/ratis-client-2.4.2-8b8bdda-SNAPSHOT.jar:/home/runner/.m2/repository/org/apache/ratis/ratis-server-api/2.4.2-8b8bdda-SNAPSHOT/ratis-server-api-2.4.2-8b8bdda-SNAPSHOT.jar:/home/runner/.m2/repository/org/apache/ratis/ratis-metrics/2.4.2-8b8bdda-SNAPSHOT/ratis-metrics-2.4.2-8b8bdda-SNAPSHOT.jar:/home/runner/.m2/repository/org/apache/ratis/ratis-netty/2.4.2-8b8bdda-SNAPSHOT/ratis-netty-2.4.2-8b8bdda-SNAPSHOT.jar:/home/runner/.m2/repository/org/apache/ratis/ratis-grpc/2.4.2-8b8bdda-SNAPSHOT/ratis-grpc-2.4.2-8b8bdda-SNAPSHOT.jar:/home/runner/.m2/repository/org/apache/logging/log4j/log4j-api/2.17.1/log4j-api-2.17.1.jar:/home/runner/.m2/repository/org/apache/commons/commons-pool2/2.6.0/commons-pool2-2.6.0.jar:/home/runner/.m2/repository/org/bouncycastle/bcpkix-jdk15on/1.67/bcpkix-jdk15on-1.67.jar:/home/runner/.m2/repository/commons-validator/commons-validator/1.6/commons-validator-1.6.jar:/home/runner/.m2/repository/commons-beanutils/commons-beanutils/1.9.4/commons-beanutils-1.9.4.jar:/home/runner/.m2/repository/commons-digester/commons-digester/1.8.1/commons-digester-1.8.1.jar:/home/runner/.m2/repository/commons-collections/commons-collections/3.2.2/commons-collections-3.2.2.jar:/home/runner/.m2/repository/io/jaegertracing/jaeger-client/1.6.0/jaeger-client-1.6.0.jar:/home/runner/.m2/repository/io/jaegertracing/jaeger-thrift/1.6.0/jaeger-thrift-1.6.0.jar:/home/runner/.m2/repository/org/apache/thrift/libthrift/0.14.1/libthrift-0.14.1.jar:/home/runner/.m2/repository/io/jaegertracing/jaeger-core/1.6.0/jaeger-core-1.6.0.jar:/home/runner/.m2/repository/io/jaegertracing/jaeger-tracerresolver/1.6.0/jaeger-tracerresolver-1.6.0.jar:/home/runner/.m2/repository/io/opentracing/contrib/opentracing-tracerresolver/0.1.8/opentracing-tracerresolver-0.1.8.jar:/home/runner/.m2/repository/org/jetbrains/kotlin/kotlin-stdlib/1.6.21/kotlin-stdlib-1.6.21.jar:/home/runner/.m2/repository/org/jetbrains/annotations/13.0/annotations-13.0.jar:/home/runner/.m2/repository/io/opentracing/opentracing-util/0.33.0/opentracing-util-0.33.0.jar:/home/runner/.m2/repository/io/opentracing/opentracing-api/0.33.0/opentracing-api-0.33.0.jar:/home/runner/.m2/repository/io/opentracing/opentracing-noop/0.33.0/opentracing-noop-0.33.0.jar:/home/runner/.m2/repository/org/yaml/snakeyaml/1.33/snakeyaml-1.33.jar:/home/runner/.m2/repository/org/apache/ozone/hdds-interface-admin/1.4.0-SNAPSHOT/hdds-interface-admin-1.4.0-SNAPSHOT.jar:/home/runner/.m2/repository/junit/junit/4.13.1/junit-4.13.1.jar:/home/runner/.m2/repository/org/hamcrest/hamcrest-core/1.3/hamcrest-core-1.3.jar:/home/runner/.m2/repository/org/junit/jupiter/junit-jupiter-api/5.8.2/junit-jupiter-api-5.8.2.jar:/home/runner/.m2/repository/org/opentest4j/opentest4j/1.2.0/opentest4j-1.2.0.jar:/home/runner/.m2/repository/org/junit/platform/junit-platform-commons/1.8.2/junit-platform-commons-1.8.2.jar:/home/runner/.m2/repository/org/apiguardian/apiguardian-api/1.1.2/apiguardian-api-1.1.2.jar:/home/runner/.m2/repository/org/junit/jupiter/junit-jupiter-params/5.8.2/junit-jupiter-params-5.8.2.jar:/home/runner/.m2/repository/org/junit/jupiter/junit-jupiter-migrationsupport/5.8.2/junit-jupiter-migrationsupport-5.8.2.jar:/home/runner/.m2/repository/org/junit/jupiter/junit-jupiter-engine/5.8.2/junit-jupiter-engine-5.8.2.jar:/home/runner/.m2/repository/org/junit/platform/junit-platform-engine/1.8.2/junit-platform-engine-1.8.2.jar:/home/runner/.m2/repository/org/junit/vintage/junit-vintage-engine/5.8.2/junit-vintage-engine-5.8.2.jar:/home/runner/.m2/repository/org/junit/platform/junit-platform-launcher/1.8.2/junit-platform-launcher-1.8.2.jar:/home/runner/.m2/repository/org/mockito/mockito-core/2.28.2/mockito-core-2.28.2.jar:/home/runner/.m2/repository/net/bytebuddy/byte-buddy/1.9.10/byte-buddy-1.9.10.jar:/home/runner/.m2/repository/net/bytebuddy/byte-buddy-agent/1.9.10/byte-buddy-agent-1.9.10.jar:/home/runner/.m2/repository/org/objenesis/objenesis/1.0/objenesis-1.0.jar:/home/runner/.m2/repository/org/apache/hadoop/hadoop-kms/3.3.4/hadoop-kms-3.3.4.jar:/home/runner/.m2/repository/org/apache/hadoop/hadoop-auth/3.3.4/hadoop-auth-3.3.4.jar:/home/runner/.m2/repository/com/nimbusds/nimbus-jose-jwt/9.8.1/nimbus-jose-jwt-9.8.1.jar:/home/runner/.m2/repository/com/github/stephenc/jcip/jcip-annotations/1.0-1/jcip-annotations-1.0-1.jar:/home/runner/.m2/repository/net/minidev/json-smart/2.4.7/json-smart-2.4.7.jar:/home/runner/.m2/repository/net/minidev/accessors-smart/2.4.7/accessors-smart-2.4.7.jar:/home/runner/.m2/repository/org/ow2/asm/asm/5.0.4/asm-5.0.4.jar:/home/runner/.m2/repository/org/apache/zookeeper/zookeeper/3.5.6/zookeeper-3.5.6.jar:/home/runner/.m2/repository/org/apache/zookeeper/zookeeper-jute/3.5.6/zookeeper-jute-3.5.6.jar:/home/runner/.m2/repository/org/apache/yetus/audience-annotations/0.5.0/audience-annotations-0.5.0.jar:/home/runner/.m2/repository/org/apache/curator/curator-framework/4.2.0/curator-framework-4.2.0.jar:/home/runner/.m2/repository/org/apache/hadoop/thirdparty/hadoop-shaded-guava/1.1.1/hadoop-shaded-guava-1.1.1.jar:/home/runner/.m2/repository/com/sun/jersey/jersey-core/1.19/jersey-core-1.19.jar:/home/runner/.m2/repository/javax/ws/rs/jsr311-api/1.1.1/jsr311-api-1.1.1.jar:/home/runner/.m2/repository/com/sun/jersey/jersey-server/1.19/jersey-server-1.19.jar:/home/runner/.m2/repository/javax/servlet/javax.servlet-api/3.1.0/javax.servlet-api-3.1.0.jar:/home/runner/.m2/repository/org/eclipse/jetty/jetty-server/9.4.49.v20220914/jetty-server-9.4.49.v20220914.jar:/home/runner/.m2/repository/org/eclipse/jetty/jetty-http/9.4.49.v20220914/jetty-http-9.4.49.v20220914.jar:/home/runner/.m2/repository/org/eclipse/jetty/jetty-io/9.4.49.v20220914/jetty-io-9.4.49.v20220914.jar:/home/runner/.m2/repository/org/eclipse/jetty/jetty-webapp/9.4.49.v20220914/jetty-webapp-9.4.49.v20220914.jar:/home/runner/.m2/repository/org/eclipse/jetty/jetty-xml/9.4.49.v20220914/jetty-xml-9.4.49.v20220914.jar:/home/runner/.m2/repository/org/apache/hadoop/hadoop-common/3.3.4/hadoop-common-3.3.4.jar:/home/runner/.m2/repository/org/apache/commons/commons-math3/3.1.1/commons-math3-3.1.1.jar:/home/runner/.m2/repository/commons-net/commons-net/3.9.0/commons-net-3.9.0.jar:/home/runner/.m2/repository/com/sun/jersey/jersey-servlet/1.19/jersey-servlet-1.19.jar:/home/runner/.m2/repository/com/sun/jersey/jersey-json/1.19/jersey-json-1.19.jar:/home/runner/.m2/repository/org/codehaus/jettison/jettison/1.1/jettison-1.1.jar:/home/runner/.m2/repository/com/sun/xml/bind/jaxb-impl/2.2.3-1/jaxb-impl-2.2.3-1.jar:/home/runner/.m2/repository/org/codehaus/jackson/jackson-xc/1.9.2/jackson-xc-1.9.2.jar:/home/runner/.m2/repository/com/google/re2j/re2j/1.1/re2j-1.1.jar:/home/runner/.m2/repository/com/jcraft/jsch/0.1.54/jsch-0.1.54.jar:/home/runner/.m2/repository/org/apache/curator/curator-client/4.2.0/curator-client-4.2.0.jar:/home/runner/.m2/repository/org/apache/curator/curator-recipes/4.2.0/curator-recipes-4.2.0.jar:/home/runner/.m2/repository/org/apache/kerby/kerb-core/1.0.1/kerb-core-1.0.1.jar:/home/runner/.m2/repository/org/apache/kerby/kerby-pkix/1.0.1/kerby-pkix-1.0.1.jar:/home/runner/.m2/repository/org/apache/kerby/kerby-asn1/1.0.1/kerby-asn1-1.0.1.jar:/home/runner/.m2/repository/org/apache/kerby/kerby-util/1.0.1/kerby-util-1.0.1.jar:/home/runner/.m2/repository/dnsjava/dnsjava/2.1.7/dnsjava-2.1.7.jar:/home/runner/.m2/repository/org/xerial/snappy/snappy-java/1.1.8.2/snappy-java-1.1.8.2.jar:/home/runner/.m2/repository/org/eclipse/jetty/jetty-util/9.4.49.v20220914/jetty-util-9.4.49.v20220914.jar:/home/runner/.m2/repository/com/fasterxml/jackson/core/jackson-databind/2.13.4.2/jackson-databind-2.13.4.2.jar:/home/runner/.m2/repository/org/apache/hadoop/hadoop-kms/3.3.4/hadoop-kms-3.3.4-tests.jar:/home/runner/.m2/repository/org/apache/ozone/hdds-server-scm/1.4.0-SNAPSHOT/hdds-server-scm-1.4.0-SNAPSHOT-tests.jar:/home/runner/.m2/repository/org/apache/ozone/hdds-container-service/1.4.0-SNAPSHOT/hdds-container-service-1.4.0-SNAPSHOT-tests.jar:/home/runner/.m2/repository/com/github/luben/zstd-jni/1.5.2-5/zstd-jni-1.5.2-5.jar:/home/runner/.m2/repository/commons-codec/commons-codec/1.15/commons-codec-1.15.jar:/home/runner/.m2/repository/io/netty/netty-codec/4.1.86.Final/netty-codec-4.1.86.Final.jar:/home/runner/.m2/repository/io/netty/netty-handler/4.1.86.Final/netty-handler-4.1.86.Final.jar:/home/runner/.m2/repository/org/apache/ozone/hdds-hadoop-dependency-test/1.4.0-SNAPSHOT/hdds-hadoop-dependency-test-1.4.0-SNAPSHOT.jar:/home/runner/.m2/repository/org/apache/hadoop/hadoop-common/3.3.4/hadoop-common-3.3.4-tests.jar:/home/runner/.m2/repository/org/apache/hadoop/hadoop-hdfs/3.3.4/hadoop-hdfs-3.3.4-tests.jar:/home/runner/.m2/repository/org/assertj/assertj-core/3.12.2/assertj-core-3.12.2.jar:/home/runner/.m2/repository/org/apache/hadoop/hadoop-distcp/3.3.4/hadoop-distcp-3.3.4.jar:/home/runner/.m2/repository/org/apache/hadoop/hadoop-mapreduce-client-jobclient/3.3.4/hadoop-mapreduce-client-jobclient-3.3.4.jar:/home/runner/.m2/repository/org/apache/hadoop/hadoop-mapreduce-client-common/3.3.4/hadoop-mapreduce-client-common-3.3.4.jar:/home/runner/.m2/repository/org/apache/hadoop/hadoop-yarn-common/3.3.4/hadoop-yarn-common-3.3.4.jar:/home/runner/.m2/repository/org/apache/hadoop/hadoop-yarn-api/3.3.4/hadoop-yarn-api-3.3.4.jar:/home/runner/.m2/repository/com/sun/jersey/contribs/jersey-guice/1.19/jersey-guice-1.19.jar:/home/runner/.m2/repository/com/fasterxml/jackson/jaxrs/jackson-jaxrs-json-provider/2.13.4/jackson-jaxrs-json-provider-2.13.4.jar:/home/runner/.m2/repository/com/fasterxml/jackson/jaxrs/jackson-jaxrs-base/2.13.4/jackson-jaxrs-base-2.13.4.jar:/home/runner/.m2/repository/org/apache/hadoop/hadoop-yarn-client/3.3.4/hadoop-yarn-client-3.3.4.jar:/home/runner/.m2/repository/org/eclipse/jetty/websocket/websocket-client/9.4.43.v20210629/websocket-client-9.4.43.v20210629.jar:/home/runner/.m2/repository/org/eclipse/jetty/websocket/websocket-common/9.4.43.v20210629/websocket-common-9.4.43.v20210629.jar:/home/runner/.m2/repository/org/eclipse/jetty/websocket/websocket-api/9.4.43.v20210629/websocket-api-9.4.43.v20210629.jar:/home/runner/.m2/repository/org/jline/jline/3.9.0/jline-3.9.0.jar:/home/runner/.m2/repository/org/apache/hadoop/hadoop-mapreduce-client-core/3.3.4/hadoop-mapreduce-client-core-3.3.4.jar:/home/runner/.m2/repository/org/apache/avro/avro/1.7.7/avro-1.7.7.jar:/home/runner/.m2/repository/org/codehaus/jackson/jackson-core-asl/1.9.13/jackson-core-asl-1.9.13.jar:/home/runner/.m2/repository/org/codehaus/jackson/jackson-mapper-asl/1.9.13/jackson-mapper-asl-1.9.13.jar:/home/runner/.m2/repository/com/thoughtworks/paranamer/paranamer/2.3/paranamer-2.3.jar:/home/runner/.m2/repository/org/apache/hadoop/hadoop-annotations/3.3.4/hadoop-annotations-3.3.4.jar:/usr/lib/jvm/temurin-8-jdk-amd64/jre/../lib/tools.jar:/home/runner/.m2/repository/io/netty/netty/3.10.6.Final/netty-3.10.6.Final.jar:/home/runner/.m2/repository/org/apache/hadoop/hadoop-distcp/3.3.4/hadoop-distcp-3.3.4-tests.jar:/home/runner/.m2/repository/org/slf4j/jul-to-slf4j/1.7.36/jul-to-slf4j-1.7.36.jar:/home/runner/.m2/repository/org/apache/ratis/ratis-common/2.4.2-8b8bdda-SNAPSHOT/ratis-common-2.4.2-8b8bdda-SNAPSHOT.jar:/home/runner/.m2/repository/org/apache/ratis/ratis-thirdparty-misc/1.0.3/ratis-thirdparty-misc-1.0.3.jar:/home/runner/.m2/repository/org/apache/ratis/ratis-proto/2.4.2-8b8bdda-SNAPSHOT/ratis-proto-2.4.2-8b8bdda-SNAPSHOT.jar:"/>
    <property name="sun.cpu.endian" value="little"/>
    <property name="user.home" value="/home/runner"/>
    <property name="user.language" value="en"/>
    <property name="java.specification.vendor" value="Oracle Corporation"/>
    <property name="java.home" value="/usr/lib/jvm/temurin-8-jdk-amd64/jre"/>
    <property name="java.security.krb5.conf" value="/home/runner/work/ozone/ozone/hadoop-ozone/integration-test/target/test-classes/krb5.conf"/>
    <property name="basedir" value="/home/runner/work/ozone/ozone/hadoop-ozone/integration-test"/>
    <property name="file.separator" value="/"/>
    <property name="line.separator" value="&#10;"/>
    <property name="java.vm.specification.vendor" value="Oracle Corporation"/>
    <property name="java.specification.name" value="Java Platform API Specification"/>
    <property name="java.awt.graphicsenv" value="sun.awt.X11GraphicsEnvironment"/>
    <property name="skip.installnpx" value="true"/>
    <property name="surefire.real.class.path" value="/home/runner/work/ozone/ozone/hadoop-ozone/integration-test/target/surefire/surefirebooter3190528530663268676.jar:/home/runner/.m2/repository/org/jacoco/org.jacoco.agent/0.8.5/org.jacoco.agent-0.8.5-runtime.jar"/>
    <property name="hadoop.log.dir" value="/home/runner/work/ozone/ozone/hadoop-ozone/integration-test/target/log"/>
    <property name="sun.boot.class.path" value="/usr/lib/jvm/temurin-8-jdk-amd64/jre/lib/resources.jar:/usr/lib/jvm/temurin-8-jdk-amd64/jre/lib/rt.jar:/usr/lib/jvm/temurin-8-jdk-amd64/jre/lib/sunrsasign.jar:/usr/lib/jvm/temurin-8-jdk-amd64/jre/lib/jsse.jar:/usr/lib/jvm/temurin-8-jdk-amd64/jre/lib/jce.jar:/usr/lib/jvm/temurin-8-jdk-amd64/jre/lib/charsets.jar:/usr/lib/jvm/temurin-8-jdk-amd64/jre/lib/jfr.jar:/usr/lib/jvm/temurin-8-jdk-amd64/jre/classes"/>
    <property name="sun.management.compiler" value="HotSpot 64-Bit Tiered Compilers"/>
    <property name="skip.npx" value="true"/>
    <property name="java.runtime.version" value="1.8.0_352-b08"/>
    <property name="java.net.preferIPv4Stack" value="true"/>
    <property name="user.name" value="runner"/>
    <property name="path.separator" value=":"/>
    <property name="java.security.egd" value="file:///dev/urandom"/>
    <property name="os.version" value="5.15.0-1031-azure"/>
    <property name="java.endorsed.dirs" value="/usr/lib/jvm/temurin-8-jdk-amd64/jre/lib/endorsed"/>
    <property name="java.runtime.name" value="OpenJDK Runtime Environment"/>
    <property name="file.encoding" value="UTF-8"/>
    <property name="java.vm.name" value="OpenJDK 64-Bit Server VM"/>
    <property name="test.build.webapps" value=""/>
    <property name="localRepository" value="/home/runner/.m2/repository"/>
    <property name="jetty.git.hash" value="4231a3b2e4cb8548a412a789936d640a97b1aa0a"/>
    <property name="java.vendor.url.bug" value="https://github.com/adoptium/adoptium-support/issues"/>
    <property name="java.io.tmpdir" value="/tmp"/>
    <property name="require.test.libhadoop" value=""/>
    <property name="java.version" value="1.8.0_352"/>
    <property name="user.dir" value="/home/runner/work/ozone/ozone/hadoop-ozone/integration-test"/>
    <property name="os.arch" value="amd64"/>
    <property name="java.vm.specification.name" value="Java Virtual Machine Specification"/>
    <property name="test.build.classes" value="/home/runner/work/ozone/ozone/hadoop-ozone/integration-test/target/test-classes"/>
    <property name="java.awt.printerjob" value="sun.print.PSPrinterJob"/>
    <property name="sun.os.patch.level" value="unknown"/>
    <property name="org.apache.ratis.thirdparty.io.netty.allocator.useCacheForAllThreads" value="false"/>
    <property name="hadoop.tmp.dir" value="/home/runner/work/ozone/ozone/hadoop-ozone/integration-test/target/tmp"/>
    <property name="java.library.path" value="/usr/java/packages/lib/amd64:/usr/lib64:/lib64:/lib:/usr/lib"/>
    <property name="java.vm.info" value="mixed mode"/>
    <property name="java.vendor" value="Temurin"/>
    <property name="java.vm.version" value="25.352-b08"/>
    <property name="java.specification.maintenance.version" value="4"/>
    <property name="java.ext.dirs" value="/usr/lib/jvm/temurin-8-jdk-amd64/jre/lib/ext:/usr/java/packages/lib/ext"/>
    <property name="sun.io.unicode.encoding" value="UnicodeLittle"/>
    <property name="java.class.version" value="52.0"/>
  </properties>
  <testcase name="testECKey" classname="org.apache.hadoop.ozone.freon.TestRandomKeyGenerator" time="5.517">
    <system-out><![CDATA[2023-01-26 17:25:03,962 [main] WARN  server.ServerUtils (ServerUtils.java:getScmDbDir(148)) - ozone.scm.db.dirs is not configured. We recommend adding this setting. Falling back to ozone.metadata.dirs instead.
2023-01-26 17:25:04,061 [main] WARN  server.ServerUtils (ServerUtils.java:getScmDbDir(148)) - ozone.scm.db.dirs is not configured. We recommend adding this setting. Falling back to ozone.metadata.dirs instead.
2023-01-26 17:25:04,064 [main] INFO  ha.SCMHANodeDetails (SCMHANodeDetails.java:loadSCMHAConfig(209)) - ServiceID for StorageContainerManager is null
2023-01-26 17:25:04,076 [main] WARN  ha.SCMHANodeDetails (SCMHANodeDetails.java:validateSCMHAConfig(182)) - Invalid config ozone.scm.ratis.enable. The config was not specified, but the default value true conflicts with the expected config value false. Falling back to the expected value. Current State of SCM: SCM is running in Non-HA without Ratis Ratis SCM -> Non Ratis SCM or Non HA SCM -> HA SCM is not supported
2023-01-26 17:25:04,077 [main] INFO  ha.SCMHANodeDetails (SCMHANodeDetails.java:loadSCMHAConfig(214)) - ozone.scm.default.service.id is not defined, falling back to ozone.scm.service.ids to find serviceID for StorageContainerManager if it is HA enabled cluster
2023-01-26 17:25:04,583 [main] WARN  utils.HAUtils (HAUtils.java:getMetaDir(342)) - ozone.scm.db.dirs is not configured. We recommend adding this setting. Falling back to ozone.metadata.dirs instead.
2023-01-26 17:25:04,722 [main] WARN  db.DBStoreBuilder (DBStoreBuilder.java:applyDBDefinition(144)) - ozone.scm.db.dirs is not configured. We recommend adding this setting. Falling back to ozone.metadata.dirs instead.
2023-01-26 17:25:04,983 [main] INFO  net.NodeSchemaLoader (NodeSchemaLoader.java:loadSchemaFromFile(129)) - Loading schema from [jar:file:/home/runner/.m2/repository/org/apache/ozone/hdds-common/1.4.0-SNAPSHOT/hdds-common-1.4.0-SNAPSHOT.jar!/network-topology-default.xml]
2023-01-26 17:25:04,985 [main] INFO  net.NodeSchemaLoader (NodeSchemaLoader.java:loadSchema(176)) - Loading network topology layer schema file
2023-01-26 17:25:05,026 [main] INFO  metrics.MetricRegistries (MetricRegistriesLoader.java:load(64)) - Loaded MetricRegistries class org.apache.ratis.metrics.impl.MetricRegistriesImpl
2023-01-26 17:25:05,030 [main] INFO  upgrade.AbstractLayoutVersionManager (AbstractLayoutVersionManager.java:init(83)) - Initializing Layout version manager with metadata layout = DATANODE_SCHEMA_V3 (version = 4), software layout = DATANODE_SCHEMA_V3 (version = 4)
2023-01-26 17:25:05,261 [main] INFO  reflections.Reflections (Reflections.java:scan(232)) - Reflections took 164 ms to scan 7 urls, producing 148 keys and 356 values 
2023-01-26 17:25:05,347 [main] INFO  ha.SequenceIdGenerator (SequenceIdGenerator.java:upgradeToSequenceId(349)) - upgrade localId to 111677748019200000
2023-01-26 17:25:05,348 [main] INFO  ha.SequenceIdGenerator (SequenceIdGenerator.java:upgradeToSequenceId(359)) - upgrade delTxnId to 0
2023-01-26 17:25:05,351 [main] INFO  ha.SequenceIdGenerator (SequenceIdGenerator.java:upgradeToSequenceId(376)) - upgrade containerId to 0
2023-01-26 17:25:05,353 [main] INFO  ha.SequenceIdGenerator (SequenceIdGenerator.java:<init>(220)) - Init the HA SequenceIdGenerator.
2023-01-26 17:25:05,398 [main] WARN  server.ServerUtils (ServerUtils.java:sanitizeUserArgs(73)) - ozone.scm.stale.node.interval value = 300000 is larger than max = 100000 based on the key value of ozone.scm.heartbeat.thread.interval, reset to the max value 100000.
2023-01-26 17:25:05,399 [main] WARN  server.ServerUtils (ServerUtils.java:sanitizeUserArgs(73)) - ozone.scm.stale.node.interval value = 300000 is larger than max = 100000 based on the key value of ozone.scm.heartbeat.thread.interval, reset to the max value 100000.
2023-01-26 17:25:05,404 [main] INFO  node.SCMNodeManager (SCMNodeManager.java:<init>(149)) - Entering startup safe mode.
2023-01-26 17:25:05,465 [main] INFO  algorithms.ContainerPlacementPolicyFactory (ContainerPlacementPolicyFactory.java:getPolicyInternal(86)) - Create container placement policy of type org.apache.hadoop.hdds.scm.container.placement.algorithms.SCMContainerPlacementRandom
2023-01-26 17:25:05,468 [main] INFO  algorithms.ContainerPlacementPolicyFactory (ContainerPlacementPolicyFactory.java:getPolicyInternal(86)) - Create container placement policy of type org.apache.hadoop.hdds.scm.container.placement.algorithms.SCMContainerPlacementRackScatter
2023-01-26 17:25:05,477 [main] INFO  pipeline.PipelineStateManagerImpl (PipelineStateManagerImpl.java:initialize(78)) - No pipeline exists in current db
2023-01-26 17:25:05,510 [main] INFO  algorithms.LeaderChoosePolicyFactory (LeaderChoosePolicyFactory.java:getPolicy(57)) - Create leader choose policy of type org.apache.hadoop.hdds.scm.pipeline.leader.choose.algorithms.MinLeaderCountChoosePolicy
2023-01-26 17:25:05,510 [main] INFO  algorithms.ContainerPlacementPolicyFactory (ContainerPlacementPolicyFactory.java:getPolicyInternal(86)) - Create container placement policy of type org.apache.hadoop.hdds.scm.container.placement.algorithms.SCMContainerPlacementRackScatter
2023-01-26 17:25:05,515 [main] INFO  ha.SCMServiceManager (SCMServiceManager.java:register(42)) - Registering service BackgroundPipelineCreator.
2023-01-26 17:25:05,516 [main] INFO  pipeline.BackgroundPipelineCreator (BackgroundPipelineCreator.java:start(124)) - Starting RatisPipelineUtilsThread.
2023-01-26 17:25:05,519 [main] INFO  BackgroundPipelineScrubber (BackgroundSCMService.java:start(68)) - Starting BackgroundPipelineScrubber Service.
2023-01-26 17:25:05,520 [main] INFO  ha.SCMServiceManager (SCMServiceManager.java:register(42)) - Registering service BackgroundPipelineScrubber.
2023-01-26 17:25:05,526 [main] INFO  ExpiredContainerReplicaOpScrubber (BackgroundSCMService.java:start(68)) - Starting ExpiredContainerReplicaOpScrubber Service.
2023-01-26 17:25:05,527 [main] INFO  ha.SCMServiceManager (SCMServiceManager.java:register(42)) - Registering service ExpiredContainerReplicaOpScrubber.
2023-01-26 17:25:05,570 [main] INFO  algorithms.PipelineChoosePolicyFactory (PipelineChoosePolicyFactory.java:createPipelineChoosePolicyFromClass(73)) - Create pipeline choose policy of type org.apache.hadoop.hdds.scm.pipeline.choose.algorithms.RandomPipelineChoosePolicy
2023-01-26 17:25:05,590 [main] INFO  ha.SCMServiceManager (SCMServiceManager.java:register(42)) - Registering service SCMBlockDeletingService.
2023-01-26 17:25:05,649 [main] INFO  replication.ReplicationManager (ReplicationManager.java:start(263)) - Starting Replication Monitor Thread.
2023-01-26 17:25:05,657 [main] INFO  ha.SCMServiceManager (SCMServiceManager.java:register(42)) - Registering service ReplicationManager.
2023-01-26 17:25:05,659 [ReplicationMonitor] INFO  replication.ReplicationManager (ReplicationManager.java:processAll(332)) - Replication Manager is not ready to run until 3000ms after safemode exit
2023-01-26 17:25:05,668 [main] INFO  safemode.ContainerSafeModeRule (ContainerSafeModeRule.java:<init>(89)) - containers with one replica threshold count 0
2023-01-26 17:25:05,672 [main] INFO  safemode.HealthyPipelineSafeModeRule (HealthyPipelineSafeModeRule.java:initializeRule(169)) - Total pipeline count is 0, healthy pipeline threshold count is 1
2023-01-26 17:25:05,674 [main] INFO  safemode.OneReplicaPipelineSafeModeRule (OneReplicaPipelineSafeModeRule.java:initializeRule(180)) - Total pipeline count is 0, pipeline's with at least one datanode reported threshold count is 0
2023-01-26 17:25:05,948 [main] INFO  audit.AuditLogger (AuditLogger.java:refreshDebugCmdSet(126)) - Refresh DebugCmdSet for SCMAudit to [].
2023-01-26 17:25:05,976 [main] INFO  ipc.CallQueueManager (CallQueueManager.java:<init>(90)) - Using callQueue: class java.util.concurrent.LinkedBlockingQueue, queueCapacity: 2000, scheduler: class org.apache.hadoop.ipc.DefaultRpcScheduler, ipcBackoff: false.
2023-01-26 17:25:06,011 [Socket Reader #1 for port 0] INFO  ipc.Server (Server.java:run(1273)) - Starting Socket Reader #1 for port 0
2023-01-26 17:25:06,070 [Listener at 0.0.0.0/40919] INFO  audit.AuditLogger (AuditLogger.java:refreshDebugCmdSet(126)) - Refresh DebugCmdSet for SCMAudit to [].
2023-01-26 17:25:06,075 [Listener at 0.0.0.0/40919] INFO  ipc.CallQueueManager (CallQueueManager.java:<init>(90)) - Using callQueue: class java.util.concurrent.LinkedBlockingQueue, queueCapacity: 2000, scheduler: class org.apache.hadoop.ipc.DefaultRpcScheduler, ipcBackoff: false.
2023-01-26 17:25:06,079 [Socket Reader #1 for port 0] INFO  ipc.Server (Server.java:run(1273)) - Starting Socket Reader #1 for port 0
2023-01-26 17:25:06,120 [Listener at 0.0.0.0/42545] INFO  audit.AuditLogger (AuditLogger.java:refreshDebugCmdSet(126)) - Refresh DebugCmdSet for SCMAudit to [].
2023-01-26 17:25:06,130 [Listener at 0.0.0.0/42545] INFO  ipc.CallQueueManager (CallQueueManager.java:<init>(90)) - Using callQueue: class java.util.concurrent.LinkedBlockingQueue, queueCapacity: 2000, scheduler: class org.apache.hadoop.ipc.DefaultRpcScheduler, ipcBackoff: false.
2023-01-26 17:25:06,131 [Socket Reader #1 for port 0] INFO  ipc.Server (Server.java:run(1273)) - Starting Socket Reader #1 for port 0
2023-01-26 17:25:06,176 [Listener at 0.0.0.0/46619] INFO  ha.SCMServiceManager (SCMServiceManager.java:register(42)) - Registering service ContainerBalancer.
2023-01-26 17:25:06,177 [Listener at 0.0.0.0/46619] INFO  server.StorageContainerManager (StorageContainerManager.java:<init>(401)) - 
Container Balancer status:
Key                            Value
Running                        true
Container Balancer Configuration values:
Key                                                Value
Threshold                                          10
Max Datanodes to Involve per Iteration(percent)    20
Max Size to Move per Iteration                     500GB
Max Size Entering Target per Iteration             26GB
Max Size Leaving Source per Iteration              26GB

2023-01-26 17:25:06,178 [Listener at 0.0.0.0/46619] INFO  ha.SCMContext (SCMContext.java:updateSafeModeStatus(228)) - Update SafeModeStatus from SafeModeStatus{safeModeStatus=true, preCheckPassed=false} to SafeModeStatus{safeModeStatus=true, preCheckPassed=false}.
2023-01-26 17:25:06,183 [Listener at 0.0.0.0/46619] INFO  server.StorageContainerManager (StorageContainerManager.java:start(1440)) - StorageContainerLocationProtocol RPC server is listening at /0.0.0.0:46619
2023-01-26 17:25:06,246 [Listener at 0.0.0.0/46619] WARN  impl.MetricsConfig (MetricsConfig.java:loadFirst(136)) - Cannot locate configuration: tried hadoop-metrics2-storagecontainermanager.properties,hadoop-metrics2.properties
2023-01-26 17:25:06,308 [Listener at 0.0.0.0/46619] INFO  impl.MetricsSystemImpl (MetricsSystemImpl.java:startTimer(378)) - Scheduled Metric snapshot period at 10 second(s).
2023-01-26 17:25:06,309 [Listener at 0.0.0.0/46619] INFO  impl.MetricsSystemImpl (MetricsSystemImpl.java:start(191)) - StorageContainerManager metrics system started
2023-01-26 17:25:06,532 [Listener at 0.0.0.0/46619] INFO  server.SCMClientProtocolServer (SCMClientProtocolServer.java:start(170)) - RPC server for Client  is listening at /0.0.0.0:46619
2023-01-26 17:25:06,532 [IPC Server Responder] INFO  ipc.Server (Server.java:run(1512)) - IPC Server Responder: starting
2023-01-26 17:25:06,533 [IPC Server listener on 0] INFO  ipc.Server (Server.java:run(1352)) - IPC Server listener on 0: starting
2023-01-26 17:25:06,536 [Listener at 0.0.0.0/46619] INFO  server.StorageContainerManager (StorageContainerManager.java:start(1454)) - ScmBlockLocationProtocol RPC server is listening at /0.0.0.0:42545
2023-01-26 17:25:06,536 [Listener at 0.0.0.0/46619] INFO  server.SCMBlockProtocolServer (SCMBlockProtocolServer.java:start(152)) - RPC server for Block Protocol is listening at /0.0.0.0:42545
2023-01-26 17:25:06,537 [IPC Server Responder] INFO  ipc.Server (Server.java:run(1512)) - IPC Server Responder: starting
2023-01-26 17:25:06,537 [IPC Server listener on 0] INFO  ipc.Server (Server.java:run(1352)) - IPC Server listener on 0: starting
2023-01-26 17:25:06,540 [Listener at 0.0.0.0/46619] INFO  server.SCMDatanodeProtocolServer (SCMDatanodeProtocolServer.java:start(194)) - ScmDatanodeProtocol RPC server for DataNodes is listening at /0.0.0.0:40919
2023-01-26 17:25:06,541 [IPC Server Responder] INFO  ipc.Server (Server.java:run(1512)) - IPC Server Responder: starting
2023-01-26 17:25:06,541 [IPC Server listener on 0] INFO  ipc.Server (Server.java:run(1352)) - IPC Server listener on 0: starting
2023-01-26 17:25:06,559 [org.apache.hadoop.util.JvmPauseMonitor$Monitor@56887c8f] INFO  util.JvmPauseMonitor (JvmPauseMonitor.java:run(188)) - Starting JVM pause monitor
2023-01-26 17:25:06,571 [Listener at 0.0.0.0/46619] INFO  http.BaseHttpServer (BaseHttpServer.java:newHttpServer2BuilderForOzone(213)) - Starting Web-server for scm at: http://0.0.0.0:0
2023-01-26 17:25:06,571 [Listener at 0.0.0.0/46619] INFO  http.BaseHttpServer (BaseHttpServer.java:<init>(108)) - Hadoop Security Enabled: false Ozone Security Enabled: false Ozone HTTP Security Enabled: false 
2023-01-26 17:25:06,593 [Listener at 0.0.0.0/46619] INFO  util.log (Log.java:initialized(170)) - Logging initialized @3951ms to org.eclipse.jetty.util.log.Slf4jLog
2023-01-26 17:25:06,681 [Listener at 0.0.0.0/46619] WARN  server.AuthenticationFilter (AuthenticationFilter.java:constructSecretProvider(240)) - Unable to initialize FileSignerSecretProvider, falling back to use random secrets. Reason: Could not read signature secret file: /home/runner/hadoop-http-auth-signature-secret
2023-01-26 17:25:06,687 [Listener at 0.0.0.0/46619] WARN  http.HttpRequestLog (HttpRequestLog.java:getRequestLog(103)) - Jetty request log can only be enabled using Log4j
2023-01-26 17:25:06,692 [Listener at 0.0.0.0/46619] INFO  http.HttpServer2 (HttpServer2.java:addGlobalFilter(1031)) - Added global filter 'safety' (class=org.apache.hadoop.hdds.server.http.HttpServer2$QuotingInputFilter)
2023-01-26 17:25:06,694 [Listener at 0.0.0.0/46619] INFO  http.HttpServer2 (HttpServer2.java:addFilter(1007)) - Added filter static_user_filter (class=org.apache.hadoop.http.lib.StaticUserWebFilter$StaticUserFilter) to context scm
2023-01-26 17:25:06,695 [Listener at 0.0.0.0/46619] INFO  http.HttpServer2 (HttpServer2.java:addFilter(1015)) - Added filter static_user_filter (class=org.apache.hadoop.http.lib.StaticUserWebFilter$StaticUserFilter) to context static
2023-01-26 17:25:06,695 [Listener at 0.0.0.0/46619] INFO  http.HttpServer2 (HttpServer2.java:addFilter(1015)) - Added filter static_user_filter (class=org.apache.hadoop.http.lib.StaticUserWebFilter$StaticUserFilter) to context logs
2023-01-26 17:25:06,729 [Listener at 0.0.0.0/46619] INFO  http.HttpServer2 (HttpServer2.java:bindListener(1250)) - Jetty bound to port 38207
2023-01-26 17:25:06,731 [Listener at 0.0.0.0/46619] INFO  server.Server (Server.java:doStart(375)) - jetty-9.4.49.v20220914; built: 2022-09-14T01:07:36.601Z; git: 4231a3b2e4cb8548a412a789936d640a97b1aa0a; jvm 1.8.0_352-b08
2023-01-26 17:25:06,763 [Listener at 0.0.0.0/46619] INFO  server.session (DefaultSessionIdManager.java:doStart(334)) - DefaultSessionIdManager workerName=node0
2023-01-26 17:25:06,763 [Listener at 0.0.0.0/46619] INFO  server.session (DefaultSessionIdManager.java:doStart(339)) - No SessionScavenger set, using defaults
2023-01-26 17:25:06,765 [Listener at 0.0.0.0/46619] INFO  server.session (HouseKeeper.java:startScavenging(132)) - node0 Scavenging every 660000ms
2023-01-26 17:25:06,776 [Listener at 0.0.0.0/46619] INFO  handler.ContextHandler (ContextHandler.java:doStart(921)) - Started o.e.j.s.ServletContextHandler@293ba26c{logs,/logs,file:///home/runner/work/ozone/ozone/hadoop-ozone/integration-test/target/log,AVAILABLE}
2023-01-26 17:25:06,776 [Listener at 0.0.0.0/46619] INFO  handler.ContextHandler (ContextHandler.java:doStart(921)) - Started o.e.j.s.ServletContextHandler@241abc2{static,/static,file:///home/runner/work/ozone/ozone/hadoop-ozone/integration-test/target/test-classes/webapps/static,AVAILABLE}
2023-01-26 17:25:06,825 [Listener at 0.0.0.0/46619] INFO  handler.ContextHandler (ContextHandler.java:doStart(921)) - Started o.e.j.w.WebAppContext@28796d0e{scm,/,file:///home/runner/work/ozone/ozone/hadoop-ozone/integration-test/target/test-classes/webapps/scm/,AVAILABLE}{file:/home/runner/work/ozone/ozone/hadoop-ozone/integration-test/target/test-classes/webapps/scm}
2023-01-26 17:25:06,837 [Listener at 0.0.0.0/46619] INFO  server.AbstractConnector (AbstractConnector.java:doStart(333)) - Started ServerConnector@2ba4b32b{HTTP/1.1, (http/1.1)}{0.0.0.0:38207}
2023-01-26 17:25:06,837 [Listener at 0.0.0.0/46619] INFO  server.Server (Server.java:doStart(415)) - Started @4195ms
2023-01-26 17:25:06,839 [Listener at 0.0.0.0/46619] INFO  impl.MetricsSinkAdapter (MetricsSinkAdapter.java:start(204)) - Sink prometheus started
2023-01-26 17:25:06,839 [Listener at 0.0.0.0/46619] INFO  impl.MetricsSystemImpl (MetricsSystemImpl.java:registerSink(305)) - Registered sink prometheus
2023-01-26 17:25:06,840 [Listener at 0.0.0.0/46619] INFO  http.BaseHttpServer (BaseHttpServer.java:updateConnectorAddress(333)) - HTTP server of scm listening at http://0.0.0.0:38207
2023-01-26 17:25:06,842 [Listener at 0.0.0.0/46619] WARN  server.ServerUtils (ServerUtils.java:getDBPath(225)) - ozone.om.db.dirs is not configured. We recommend adding this setting. Falling back to ozone.metadata.dirs instead.
2023-01-26 17:25:06,894 [Listener at 0.0.0.0/46619] INFO  audit.AuditLogger (AuditLogger.java:refreshDebugCmdSet(126)) - Refresh DebugCmdSet for OMAudit to [].
2023-01-26 17:25:06,970 [Listener at 0.0.0.0/46619] INFO  ha.OMHANodeDetails (OMHANodeDetails.java:loadOMHAConfig(115)) - ozone.om.internal.service.id is not defined, falling back to ozone.om.service.ids to find serviceID for OzoneManager if it is HA enabled cluster
2023-01-26 17:25:06,973 [Listener at 0.0.0.0/46619] INFO  ha.OMHANodeDetails (OMHANodeDetails.java:loadOMHAConfig(226)) - Configuration does not have ozone.om.address set. Falling back to the default OM address /127.0.0.1:0
2023-01-26 17:25:06,973 [Listener at 0.0.0.0/46619] INFO  ha.OMHANodeDetails (OMHANodeDetails.java:getOMNodeDetailsForNonHA(254)) - OM Service ID is not set. Setting it to the default ID: omServiceIdDefault
2023-01-26 17:25:06,973 [Listener at 0.0.0.0/46619] INFO  ha.OMHANodeDetails (OMHANodeDetails.java:getOMNodeDetailsForNonHA(261)) - OM Node ID is not set. Setting it to the default ID: om1
2023-01-26 17:25:06,976 [Listener at 0.0.0.0/46619] WARN  server.ServerUtils (ServerUtils.java:getDBPath(225)) - ozone.om.db.dirs is not configured. We recommend adding this setting. Falling back to ozone.metadata.dirs instead.
2023-01-26 17:25:06,979 [Listener at 0.0.0.0/46619] INFO  upgrade.AbstractLayoutVersionManager (AbstractLayoutVersionManager.java:init(83)) - Initializing Layout version manager with metadata layout = MULTITENANCY_SCHEMA (version = 3), software layout = MULTITENANCY_SCHEMA (version = 3)
2023-01-26 17:25:07,056 [Listener at 0.0.0.0/46619] INFO  reflections.Reflections (Reflections.java:scan(232)) - Reflections took 73 ms to scan 2 urls, producing 155 keys and 428 values [using 2 cores]
2023-01-26 17:25:07,060 [Listener at 0.0.0.0/46619] INFO  upgrade.OMLayoutVersionManager (OMLayoutVersionManager.java:lambda$0(115)) - Skipping Upgrade Action MockOmUpgradeAction since it has been finalized.
2023-01-26 17:25:07,061 [Listener at 0.0.0.0/46619] WARN  server.ServerUtils (ServerUtils.java:getDBPath(225)) - ozone.om.db.dirs is not configured. We recommend adding this setting. Falling back to ozone.metadata.dirs instead.
2023-01-26 17:25:07,207 [Listener at 0.0.0.0/46619] INFO  proxy.SCMBlockLocationFailoverProxyProvider (SCMBlockLocationFailoverProxyProvider.java:<init>(114)) - Created block location fail-over proxy with 1 nodes: [nodeId=scmNodeId,nodeAddress=/0.0.0.0:42545]
2023-01-26 17:25:07,237 [Listener at 0.0.0.0/46619] INFO  proxy.SCMBlockLocationFailoverProxyProvider (SCMBlockLocationFailoverProxyProvider.java:<init>(114)) - Created block location fail-over proxy with 1 nodes: [nodeId=scmNodeId,nodeAddress=/0.0.0.0:42545]
2023-01-26 17:25:07,408 [Listener at 0.0.0.0/46619] WARN  server.ServerUtils (ServerUtils.java:getDBPath(225)) - ozone.om.db.dirs is not configured. We recommend adding this setting. Falling back to ozone.metadata.dirs instead.
2023-01-26 17:25:07,415 [Listener at 0.0.0.0/46619] INFO  codec.OmKeyInfoCodec (OmKeyInfoCodec.java:<init>(49)) - OmKeyInfoCodec ignorePipeline = true
2023-01-26 17:25:07,417 [Listener at 0.0.0.0/46619] INFO  codec.RepeatedOmKeyInfoCodec (RepeatedOmKeyInfoCodec.java:<init>(41)) - RepeatedOmKeyInfoCodec ignorePipeline = true
2023-01-26 17:25:07,569 [Listener at 0.0.0.0/46619] INFO  om.OzoneManager (OzoneManager.java:instantiateServices(728)) - S3 Multi-Tenancy is disabled
2023-01-26 17:25:07,659 [Listener at 0.0.0.0/46619] INFO  om.OzoneManager (OzoneManager.java:addS3GVolumeToDB(4320)) - Created Volume s3v With Owner runner required for S3Gateway operations.
2023-01-26 17:25:07,711 [Listener at 0.0.0.0/46619] WARN  server.ServerUtils (ServerUtils.java:getDefaultRatisDirectory(237)) - Storage directory for Ratis is not configured. It is a good idea to map this to an SSD disk. Falling back to ozone.metadata.dirs
2023-01-26 17:25:07,712 [Listener at 0.0.0.0/46619] WARN  utils.OzoneManagerRatisUtils (OzoneManagerRatisUtils.java:getOMRatisSnapshotDirectory(431)) - ozone.om.ratis.snapshot.dir is not configured. Falling back to ozone.metadata.dirs config
2023-01-26 17:25:07,731 [Listener at 0.0.0.0/46619] WARN  server.ServerUtils (ServerUtils.java:getDefaultRatisDirectory(237)) - Storage directory for Ratis is not configured. It is a good idea to map this to an SSD disk. Falling back to ozone.metadata.dirs
2023-01-26 17:25:07,758 [Listener at 0.0.0.0/46619] INFO  ratis.OzoneManagerRatisServer (OzoneManagerRatisServer.java:<init>(160)) - Instantiating OM Ratis server with groupID: omServiceIdDefault and peers: localhost:9872
2023-01-26 17:25:07,766 [Listener at 0.0.0.0/46619] INFO  ratis.OzoneManagerStateMachine (OzoneManagerStateMachine.java:loadSnapshotInfoFromDB(636)) - LastAppliedIndex is set from TransactionInfo from OM DB as (t:0, i:~)
2023-01-26 17:25:07,811 [Listener at 0.0.0.0/46619] INFO  server.RaftServer (ConfUtils.java:logGet(46)) - raft.rpc.type = GRPC (default)
2023-01-26 17:25:07,887 [Listener at 0.0.0.0/46619] INFO  grpc.GrpcConfigKeys (ConfUtils.java:logFallback(53)) - raft.grpc.admin.host = null (fallback to raft.grpc.server.host)
2023-01-26 17:25:07,888 [Listener at 0.0.0.0/46619] INFO  grpc.GrpcConfigKeys (ConfUtils.java:logFallback(53)) - raft.grpc.admin.port = 9872 (fallback to raft.grpc.server.port)
2023-01-26 17:25:07,889 [Listener at 0.0.0.0/46619] INFO  grpc.GrpcConfigKeys (ConfUtils.java:logFallback(53)) - raft.grpc.client.host = null (fallback to raft.grpc.server.host)
2023-01-26 17:25:07,889 [Listener at 0.0.0.0/46619] INFO  grpc.GrpcConfigKeys (ConfUtils.java:logFallback(53)) - raft.grpc.client.port = 9872 (fallback to raft.grpc.server.port)
2023-01-26 17:25:07,889 [Listener at 0.0.0.0/46619] INFO  grpc.GrpcConfigKeys (ConfUtils.java:logGet(46)) - raft.grpc.server.host = null (default)
2023-01-26 17:25:07,890 [Listener at 0.0.0.0/46619] INFO  grpc.GrpcConfigKeys (ConfUtils.java:logGet(46)) - raft.grpc.server.port = 9872 (custom)
2023-01-26 17:25:07,890 [Listener at 0.0.0.0/46619] INFO  server.GrpcService (ConfUtils.java:logGet(46)) - raft.grpc.message.size.max = 33554432 (custom)
2023-01-26 17:25:07,891 [Listener at 0.0.0.0/46619] INFO  server.RaftServerConfigKeys (ConfUtils.java:logGet(46)) - raft.server.log.appender.buffer.byte-limit = 33554432 (custom)
2023-01-26 17:25:07,892 [Listener at 0.0.0.0/46619] INFO  server.GrpcService (ConfUtils.java:logGet(46)) - raft.grpc.flow.control.window = 1MB (=1048576) (default)
2023-01-26 17:25:07,892 [Listener at 0.0.0.0/46619] INFO  server.RaftServerConfigKeys (ConfUtils.java:logGet(46)) - raft.server.rpc.request.timeout = 3000ms (default)
2023-01-26 17:25:07,906 [Listener at 0.0.0.0/46619] INFO  grpc.GrpcConfigKeys (ConfUtils.java:logGet(46)) - raft.grpc.server.heartbeat.channel = true (default)
2023-01-26 17:25:07,909 [Listener at 0.0.0.0/46619] INFO  grpc.GrpcConfigKeys (ConfUtils.java:logGet(46)) - raft.grpc.server.async.request.thread.pool.cached = true (default)
2023-01-26 17:25:07,909 [Listener at 0.0.0.0/46619] INFO  grpc.GrpcConfigKeys (ConfUtils.java:logGet(46)) - raft.grpc.server.async.request.thread.pool.size = 32 (default)
2023-01-26 17:25:08,167 [Listener at 0.0.0.0/46619] INFO  impl.DataStreamServerImpl (ConfUtils.java:logGet(46)) - raft.datastream.type = NETTY (custom)
2023-01-26 17:25:08,186 [Listener at 0.0.0.0/46619] INFO  server.RaftServerConfigKeys (ConfUtils.java:logGet(46)) - raft.server.data-stream.async.request.thread.pool.cached = false (default)
2023-01-26 17:25:08,187 [Listener at 0.0.0.0/46619] INFO  server.RaftServerConfigKeys (ConfUtils.java:logGet(46)) - raft.server.data-stream.async.request.thread.pool.size = 32 (default)
2023-01-26 17:25:08,187 [Listener at 0.0.0.0/46619] INFO  server.RaftServerConfigKeys (ConfUtils.java:logGet(46)) - raft.server.data-stream.async.write.thread.pool.size = 16 (default)
2023-01-26 17:25:08,188 [Listener at 0.0.0.0/46619] INFO  server.RaftServerConfigKeys (ConfUtils.java:logGet(46)) - raft.server.data-stream.client.pool.size = 10 (default)
2023-01-26 17:25:08,192 [Listener at 0.0.0.0/46619] INFO  netty.NettyConfigKeys$DataStream (ConfUtils.java:logGet(46)) - raft.netty.dataStream.server.use-epoll = false (default)
2023-01-26 17:25:08,192 [Listener at 0.0.0.0/46619] INFO  netty.NettyConfigKeys$DataStream (ConfUtils.java:logGet(46)) - raft.netty.dataStream.server.boss-group.size = 0 (default)
2023-01-26 17:25:08,199 [Listener at 0.0.0.0/46619] INFO  netty.NettyConfigKeys$DataStream (ConfUtils.java:logGet(46)) - raft.netty.dataStream.server.worker-group.size = 0 (default)
2023-01-26 17:25:08,199 [Listener at 0.0.0.0/46619] INFO  netty.NettyConfigKeys$DataStream (ConfUtils.java:logGet(46)) - raft.netty.dataStream.server.tls.conf = null (default)
2023-01-26 17:25:08,201 [Listener at 0.0.0.0/46619] INFO  netty.NettyConfigKeys$DataStream (ConfUtils.java:logGet(46)) - raft.netty.dataStream.host = null (default)
2023-01-26 17:25:08,201 [Listener at 0.0.0.0/46619] INFO  netty.NettyConfigKeys$DataStream (ConfUtils.java:logGet(46)) - raft.netty.dataStream.port = 0 (default)
2023-01-26 17:25:08,247 [Listener at 0.0.0.0/46619] INFO  server.RaftServerConfigKeys (ConfUtils.java:logGet(46)) - raft.server.threadpool.proxy.cached = true (default)
2023-01-26 17:25:08,248 [Listener at 0.0.0.0/46619] INFO  server.RaftServerConfigKeys (ConfUtils.java:logGet(46)) - raft.server.threadpool.proxy.size = 0 (default)
2023-01-26 17:25:08,248 [Listener at 0.0.0.0/46619] INFO  server.RaftServerConfigKeys (ConfUtils.java:logGet(46)) - raft.server.rpc.slowness.timeout = 120s (custom)
2023-01-26 17:25:08,248 [Listener at 0.0.0.0/46619] INFO  server.RaftServerConfigKeys (ConfUtils.java:logGet(46)) - raft.server.leaderelection.leader.step-down.wait-time = 10s (default)
2023-01-26 17:25:08,251 [Listener at 0.0.0.0/46619] INFO  server.RaftServerConfigKeys (ConfUtils.java:logGet(46)) - raft.server.storage.dir = [/home/runner/work/ozone/ozone/hadoop-ozone/integration-test/target/test-dir/MiniOzoneClusterImpl-21eb6502-c8cc-4b95-8a64-0224a41eaf0d/ozone-meta/ratis] (custom)
2023-01-26 17:25:08,269 [Listener at 0.0.0.0/46619] INFO  server.RaftServer (RaftServerProxy.java:addNew(96)) - om1: addNew group-C5BA1605619E:[om1|rpc:localhost:9872|priority:0|startupRole:FOLLOWER] returns group-C5BA1605619E:java.util.concurrent.CompletableFuture@72dc7b05[Not completed]
2023-01-26 17:25:08,269 [Listener at 0.0.0.0/46619] INFO  om.OzoneManager (OzoneManager.java:initializeRatisServer(2012)) - OzoneManager Ratis server initialized at port 9872
2023-01-26 17:25:08,274 [om1-NettyServerStreamRpc-bossGroup--thread1] INFO  logging.LoggingHandler (AbstractInternalLogger.java:log(148)) - [id: 0x4188d2cb] REGISTERED
2023-01-26 17:25:08,283 [om1-NettyServerStreamRpc-bossGroup--thread1] INFO  logging.LoggingHandler (AbstractInternalLogger.java:log(148)) - [id: 0x4188d2cb] BIND: 0.0.0.0/0.0.0.0:0
2023-01-26 17:25:08,286 [Listener at 0.0.0.0/46619] INFO  om.OzoneManager (OzoneManager.java:getRpcServer(1135)) - Creating RPC Server
2023-01-26 17:25:08,299 [om1-NettyServerStreamRpc-bossGroup--thread1] INFO  logging.LoggingHandler (AbstractInternalLogger.java:log(148)) - [id: 0x4188d2cb, L:/0:0:0:0:0:0:0:0:41857] ACTIVE
2023-01-26 17:25:08,314 [pool-54-thread-1] INFO  server.RaftServer$Division (RaftServerImpl.java:<init>(195)) - om1: new RaftServerImpl for group-C5BA1605619E:[om1|rpc:localhost:9872|priority:0|startupRole:FOLLOWER] with OzoneManagerStateMachine:uninitialized
2023-01-26 17:25:08,317 [pool-54-thread-1] INFO  server.RaftServerConfigKeys (ConfUtils.java:logGet(46)) - raft.server.rpc.timeout.min = 1s (custom)
2023-01-26 17:25:08,317 [pool-54-thread-1] INFO  server.RaftServerConfigKeys (ConfUtils.java:logGet(46)) - raft.server.rpc.timeout.max = 1200ms (custom)
2023-01-26 17:25:08,317 [pool-54-thread-1] INFO  server.RaftServerConfigKeys (ConfUtils.java:logGet(46)) - raft.server.rpc.sleep.time = 25ms (default)
2023-01-26 17:25:08,317 [pool-54-thread-1] INFO  server.RaftServerConfigKeys (ConfUtils.java:logGet(46)) - raft.server.rpc.slowness.timeout = 120s (custom)
2023-01-26 17:25:08,317 [pool-54-thread-1] INFO  server.RaftServerConfigKeys (ConfUtils.java:logGet(46)) - raft.server.leaderelection.leader.step-down.wait-time = 10s (default)
2023-01-26 17:25:08,317 [pool-54-thread-1] INFO  server.RaftServerConfigKeys (ConfUtils.java:logGet(46)) - raft.server.sleep.deviation.threshold = 300ms (default)
2023-01-26 17:25:08,354 [pool-54-thread-1] INFO  server.RaftServer$Division (ServerState.java:<init>(118)) - om1@group-C5BA1605619E: ConfigurationManager, init=-1: peers:[om1|rpc:localhost:9872|priority:0|startupRole:FOLLOWER]|listeners:[], old=null, confs=<EMPTY_MAP>
2023-01-26 17:25:08,354 [pool-54-thread-1] INFO  server.RaftServerConfigKeys (ConfUtils.java:logGet(46)) - raft.server.storage.dir = [/home/runner/work/ozone/ozone/hadoop-ozone/integration-test/target/test-dir/MiniOzoneClusterImpl-21eb6502-c8cc-4b95-8a64-0224a41eaf0d/ozone-meta/ratis] (custom)
2023-01-26 17:25:08,383 [pool-54-thread-1] INFO  server.RaftServerConfigKeys (ConfUtils.java:logGet(46)) - raft.server.log.corruption.policy = EXCEPTION (default)
2023-01-26 17:25:08,384 [pool-54-thread-1] INFO  server.RaftServerConfigKeys (ConfUtils.java:logGet(46)) - raft.server.storage.free-space.min = 0MB (=0) (default)
2023-01-26 17:25:08,390 [pool-54-thread-1] INFO  server.RaftServerConfigKeys (ConfUtils.java:logGet(46)) - raft.server.notification.no-leader.timeout = 120s (custom)
2023-01-26 17:25:08,397 [pool-54-thread-1] INFO  server.RaftServerConfigKeys (ConfUtils.java:logGet(46)) - raft.server.retrycache.expirytime = 300s (custom)
2023-01-26 17:25:08,406 [pool-54-thread-1] INFO  server.RaftServerConfigKeys (ConfUtils.java:logGet(46)) - raft.server.retrycache.statistics.expirytime = 100μs (default)
2023-01-26 17:25:08,533 [pool-54-thread-1] INFO  server.RaftServerConfigKeys (ConfUtils.java:logGet(46)) - raft.server.log.appender.install.snapshot.enabled = false (custom)
2023-01-26 17:25:08,533 [pool-54-thread-1] INFO  server.RaftServerConfigKeys (ConfUtils.java:logGet(46)) - raft.server.threadpool.server.cached = true (default)
2023-01-26 17:25:08,534 [pool-54-thread-1] INFO  server.RaftServerConfigKeys (ConfUtils.java:logGet(46)) - raft.server.threadpool.server.size = 0 (default)
2023-01-26 17:25:08,535 [pool-54-thread-1] INFO  server.RaftServerConfigKeys (ConfUtils.java:logGet(46)) - raft.server.threadpool.client.cached = true (default)
2023-01-26 17:25:08,538 [pool-54-thread-1] INFO  server.RaftServerConfigKeys (ConfUtils.java:logGet(46)) - raft.server.threadpool.client.size = 0 (default)
2023-01-26 17:25:08,999 [Listener at 0.0.0.0/46619] INFO  reflections.Reflections (Reflections.java:scan(232)) - Reflections took 655 ms to scan 19 urls, producing 67 keys and 4589 values [using 2 cores]
2023-01-26 17:25:09,276 [Listener at 0.0.0.0/46619] INFO  ipc.CallQueueManager (CallQueueManager.java:<init>(90)) - Using callQueue: class java.util.concurrent.LinkedBlockingQueue, queueCapacity: 2000, scheduler: class org.apache.hadoop.ipc.DefaultRpcScheduler, ipcBackoff: false.
2023-01-26 17:25:09,277 [Socket Reader #1 for port 0] INFO  ipc.Server (Server.java:run(1273)) - Starting Socket Reader #1 for port 0
2023-01-26 17:25:09,307 [Listener at 127.0.0.1/34233] INFO  impl.MetricsSystemImpl (MetricsSystemImpl.java:init(158)) - OzoneManager metrics system started (again)
2023-01-26 17:25:09,323 [Listener at 127.0.0.1/34233] INFO  om.OzoneManager (OzoneManager.java:start(1519)) - OzoneManager RPC server is listening at localhost/127.0.0.1:34233
2023-01-26 17:25:09,323 [Listener at 127.0.0.1/34233] INFO  ratis.OzoneManagerRatisServer (OzoneManagerRatisServer.java:start(555)) - Starting OzoneManagerRatisServer om1 at port 9872
2023-01-26 17:25:09,326 [om1-impl-thread1] INFO  storage.RaftStorageDirectory (RaftStorageDirectoryImpl.java:analyzeStorage(137)) - The storage directory /home/runner/work/ozone/ozone/hadoop-ozone/integration-test/target/test-dir/MiniOzoneClusterImpl-21eb6502-c8cc-4b95-8a64-0224a41eaf0d/ozone-meta/ratis/bf265839-605b-3f16-9796-c5ba1605619e does not exist. Creating ...
2023-01-26 17:25:09,330 [om1-impl-thread1] INFO  storage.RaftStorageDirectory (RaftStorageDirectoryImpl.java:tryLock(231)) - Lock on /home/runner/work/ozone/ozone/hadoop-ozone/integration-test/target/test-dir/MiniOzoneClusterImpl-21eb6502-c8cc-4b95-8a64-0224a41eaf0d/ozone-meta/ratis/bf265839-605b-3f16-9796-c5ba1605619e/in_use.lock acquired by nodename 6553@fv-az133-476
2023-01-26 17:25:09,335 [om1-impl-thread1] INFO  storage.RaftStorage (RaftStorageImpl.java:format(96)) - Storage directory /home/runner/work/ozone/ozone/hadoop-ozone/integration-test/target/test-dir/MiniOzoneClusterImpl-21eb6502-c8cc-4b95-8a64-0224a41eaf0d/ozone-meta/ratis/bf265839-605b-3f16-9796-c5ba1605619e has been successfully formatted.
2023-01-26 17:25:09,337 [om1-impl-thread1] INFO  server.RaftServerConfigKeys (ConfUtils.java:logGet(46)) - raft.server.log.use.memory = false (default)
2023-01-26 17:25:09,343 [om1-impl-thread1] INFO  server.RaftServerConfigKeys (ConfUtils.java:logGet(46)) - raft.server.log.purge.gap = 1000000 (custom)
2023-01-26 17:25:09,344 [om1-impl-thread1] INFO  server.RaftServerConfigKeys (ConfUtils.java:logGet(46)) - raft.server.log.appender.buffer.byte-limit = 33554432 (custom)
2023-01-26 17:25:09,345 [om1-impl-thread1] INFO  server.RaftServerConfigKeys (ConfUtils.java:logGet(46)) - raft.server.log.statemachine.data.read.timeout = 1000ms (default)
2023-01-26 17:25:09,346 [om1-impl-thread1] INFO  server.RaftServerConfigKeys (ConfUtils.java:logGet(46)) - raft.server.log.purge.preservation.log.num = 0 (default)
2023-01-26 17:25:09,348 [om1-impl-thread1] INFO  server.RaftServerConfigKeys (ConfUtils.java:logGet(46)) - raft.server.log.segment.size.max = 4194304 (custom)
2023-01-26 17:25:09,353 [om1-impl-thread1] INFO  server.RaftServerConfigKeys (ConfUtils.java:logGet(46)) - raft.server.log.segment.cache.num.max = 2 (custom)
2023-01-26 17:25:09,353 [om1-impl-thread1] INFO  server.RaftServerConfigKeys (ConfUtils.java:logGet(46)) - raft.server.log.segment.cache.size.max = 200MB (=209715200) (default)
2023-01-26 17:25:09,359 [om1-impl-thread1] INFO  segmented.SegmentedRaftLogWorker (SegmentedRaftLogWorker.java:<init>(189)) - new om1@group-C5BA1605619E-SegmentedRaftLogWorker for RaftStorageImpl:Storage Directory /home/runner/work/ozone/ozone/hadoop-ozone/integration-test/target/test-dir/MiniOzoneClusterImpl-21eb6502-c8cc-4b95-8a64-0224a41eaf0d/ozone-meta/ratis/bf265839-605b-3f16-9796-c5ba1605619e
2023-01-26 17:25:09,359 [om1-impl-thread1] INFO  server.RaftServerConfigKeys (ConfUtils.java:logGet(46)) - raft.server.log.queue.byte-limit = 64MB (=67108864) (default)
2023-01-26 17:25:09,359 [om1-impl-thread1] INFO  server.RaftServerConfigKeys (ConfUtils.java:logGet(46)) - raft.server.log.queue.element-limit = 4096 (default)
2023-01-26 17:25:09,360 [om1-impl-thread1] INFO  server.RaftServerConfigKeys (ConfUtils.java:logGet(46)) - raft.server.log.segment.size.max = 4194304 (custom)
2023-01-26 17:25:09,361 [om1-impl-thread1] INFO  server.RaftServerConfigKeys (ConfUtils.java:logGet(46)) - raft.server.log.preallocated.size = 4194304 (custom)
2023-01-26 17:25:09,361 [om1-impl-thread1] INFO  server.RaftServerConfigKeys (ConfUtils.java:logGet(46)) - raft.server.log.force.sync.num = 128 (default)
2023-01-26 17:25:09,362 [om1-impl-thread1] INFO  server.RaftServerConfigKeys (ConfUtils.java:logGet(46)) - raft.server.log.statemachine.data.sync = true (default)
2023-01-26 17:25:09,363 [om1-impl-thread1] INFO  server.RaftServerConfigKeys (ConfUtils.java:logGet(46)) - raft.server.log.statemachine.data.sync.timeout = 10s (default)
2023-01-26 17:25:09,363 [om1-impl-thread1] INFO  server.RaftServerConfigKeys (ConfUtils.java:logGet(46)) - raft.server.log.statemachine.data.sync.timeout.retry = -1 (default)
2023-01-26 17:25:09,371 [om1-impl-thread1] INFO  server.RaftServerConfigKeys (ConfUtils.java:logGet(46)) - raft.server.log.write.buffer.size = 64KB (=65536) (default)
2023-01-26 17:25:09,372 [om1-impl-thread1] INFO  server.RaftServerConfigKeys (ConfUtils.java:logGet(46)) - raft.server.log.appender.buffer.byte-limit = 33554432 (custom)
2023-01-26 17:25:09,375 [om1-impl-thread1] INFO  server.RaftServerConfigKeys (ConfUtils.java:logGet(46)) - raft.server.log.unsafe-flush.enabled = false (default)
2023-01-26 17:25:09,376 [om1-impl-thread1] INFO  server.RaftServerConfigKeys (ConfUtils.java:logGet(46)) - raft.server.log.async-flush.enabled = false (default)
2023-01-26 17:25:09,377 [om1-impl-thread1] INFO  server.RaftServerConfigKeys (ConfUtils.java:logGet(46)) - raft.server.log.statemachine.data.caching.enabled = false (default)
2023-01-26 17:25:09,386 [om1-impl-thread1] INFO  segmented.SegmentedRaftLogWorker (SegmentedRaftLogWorker.java:lambda$new$0(135)) - om1@group-C5BA1605619E-SegmentedRaftLogWorker: flushIndex: setUnconditionally 0 -> -1
2023-01-26 17:25:09,386 [om1-impl-thread1] INFO  segmented.SegmentedRaftLogWorker (SegmentedRaftLogWorker.java:lambda$new$0(135)) - om1@group-C5BA1605619E-SegmentedRaftLogWorker: safeCacheEvictIndex: setUnconditionally 0 -> -1
2023-01-26 17:25:09,394 [om1-impl-thread1] INFO  server.RaftServer$Division (RaftServerImpl.java:start(334)) - om1@group-C5BA1605619E: start as a follower, conf=-1: peers:[om1|rpc:localhost:9872|priority:0|startupRole:FOLLOWER]|listeners:[], old=null
2023-01-26 17:25:09,395 [om1-impl-thread1] INFO  server.RaftServer$Division (RaftServerImpl.java:setRole(321)) - om1@group-C5BA1605619E: changes role from      null to FOLLOWER at term 0 for startAsFollower
2023-01-26 17:25:09,397 [om1-impl-thread1] INFO  impl.RoleInfo (RoleInfo.java:updateAndGet(139)) - om1: start om1@group-C5BA1605619E-FollowerState
2023-01-26 17:25:09,399 [om1-impl-thread1] INFO  util.JmxRegister (JmxRegister.java:tryRegister(44)) - Successfully registered JMX Bean with object name Ratis:service=RaftServer,group=group-C5BA1605619E,id=om1
2023-01-26 17:25:09,401 [om1-impl-thread1] INFO  server.RaftServerConfigKeys (ConfUtils.java:logGet(46)) - raft.server.snapshot.auto.trigger.enabled = true (custom)
2023-01-26 17:25:09,401 [om1-impl-thread1] INFO  server.RaftServerConfigKeys (ConfUtils.java:logGet(46)) - raft.server.snapshot.auto.trigger.threshold = 400000 (default)
2023-01-26 17:25:09,401 [om1-impl-thread1] INFO  server.RaftServerConfigKeys (ConfUtils.java:logGet(46)) - raft.server.snapshot.retention.file.num = -1 (default)
2023-01-26 17:25:09,402 [om1-impl-thread1] INFO  server.RaftServerConfigKeys (ConfUtils.java:logGet(46)) - raft.server.log.purge.upto.snapshot.index = true (custom)
2023-01-26 17:25:09,405 [om1@group-C5BA1605619E-FollowerState] INFO  server.RaftServerConfigKeys (ConfUtils.java:logFallback(53)) - raft.server.rpc.first-election.timeout.min = 1s (fallback to raft.server.rpc.timeout.min)
2023-01-26 17:25:09,405 [om1@group-C5BA1605619E-FollowerState] INFO  server.RaftServerConfigKeys (ConfUtils.java:logFallback(53)) - raft.server.rpc.first-election.timeout.max = 1200ms (fallback to raft.server.rpc.timeout.max)
2023-01-26 17:25:09,406 [Listener at 127.0.0.1/34233] INFO  server.RaftServer (RaftServerProxy.java:startImpl(393)) - om1: start RPC server
2023-01-26 17:25:09,425 [Listener at 127.0.0.1/34233] INFO  server.GrpcService (GrpcService.java:startImpl(262)) - om1: GrpcService started, listening on 9872
2023-01-26 17:25:09,431 [Listener at 127.0.0.1/34233] INFO  om.OzoneManager (OzoneManager.java:start(1535)) - Version File has different layout version (3) than OM DB (null). That is expected if this OM has never been finalized to a newer layout version.
2023-01-26 17:25:09,432 [JvmPauseMonitor0] INFO  util.JvmPauseMonitor (JvmPauseMonitor.java:run(105)) - JvmPauseMonitor-om1: Started
2023-01-26 17:25:09,449 [Listener at 127.0.0.1/34233] INFO  http.BaseHttpServer (BaseHttpServer.java:newHttpServer2BuilderForOzone(213)) - Starting Web-server for ozoneManager at: http://0.0.0.0:0
2023-01-26 17:25:09,450 [Listener at 127.0.0.1/34233] INFO  http.BaseHttpServer (BaseHttpServer.java:<init>(108)) - Hadoop Security Enabled: false Ozone Security Enabled: false Ozone HTTP Security Enabled: false 
2023-01-26 17:25:09,451 [Listener at 127.0.0.1/34233] WARN  server.AuthenticationFilter (AuthenticationFilter.java:constructSecretProvider(240)) - Unable to initialize FileSignerSecretProvider, falling back to use random secrets. Reason: Could not read signature secret file: /home/runner/hadoop-http-auth-signature-secret
2023-01-26 17:25:09,455 [Listener at 127.0.0.1/34233] WARN  http.HttpRequestLog (HttpRequestLog.java:getRequestLog(103)) - Jetty request log can only be enabled using Log4j
2023-01-26 17:25:09,457 [Listener at 127.0.0.1/34233] INFO  http.HttpServer2 (HttpServer2.java:addGlobalFilter(1031)) - Added global filter 'safety' (class=org.apache.hadoop.hdds.server.http.HttpServer2$QuotingInputFilter)
2023-01-26 17:25:09,458 [Listener at 127.0.0.1/34233] INFO  http.HttpServer2 (HttpServer2.java:addFilter(1007)) - Added filter static_user_filter (class=org.apache.hadoop.http.lib.StaticUserWebFilter$StaticUserFilter) to context ozoneManager
2023-01-26 17:25:09,458 [Listener at 127.0.0.1/34233] INFO  http.HttpServer2 (HttpServer2.java:addFilter(1015)) - Added filter static_user_filter (class=org.apache.hadoop.http.lib.StaticUserWebFilter$StaticUserFilter) to context static
2023-01-26 17:25:09,458 [Listener at 127.0.0.1/34233] INFO  http.HttpServer2 (HttpServer2.java:addFilter(1015)) - Added filter static_user_filter (class=org.apache.hadoop.http.lib.StaticUserWebFilter$StaticUserFilter) to context logs
2023-01-26 17:25:09,460 [Listener at 127.0.0.1/34233] INFO  http.HttpServer2 (HttpServer2.java:bindListener(1250)) - Jetty bound to port 38371
2023-01-26 17:25:09,460 [Listener at 127.0.0.1/34233] INFO  server.Server (Server.java:doStart(375)) - jetty-9.4.49.v20220914; built: 2022-09-14T01:07:36.601Z; git: 4231a3b2e4cb8548a412a789936d640a97b1aa0a; jvm 1.8.0_352-b08
2023-01-26 17:25:09,462 [Listener at 127.0.0.1/34233] INFO  server.session (DefaultSessionIdManager.java:doStart(334)) - DefaultSessionIdManager workerName=node0
2023-01-26 17:25:09,463 [Listener at 127.0.0.1/34233] INFO  server.session (DefaultSessionIdManager.java:doStart(339)) - No SessionScavenger set, using defaults
2023-01-26 17:25:09,463 [Listener at 127.0.0.1/34233] INFO  server.session (HouseKeeper.java:startScavenging(132)) - node0 Scavenging every 600000ms
2023-01-26 17:25:09,464 [Listener at 127.0.0.1/34233] INFO  handler.ContextHandler (ContextHandler.java:doStart(921)) - Started o.e.j.s.ServletContextHandler@13ff5061{logs,/logs,file:///home/runner/work/ozone/ozone/hadoop-ozone/integration-test/target/log,AVAILABLE}
2023-01-26 17:25:09,465 [Listener at 127.0.0.1/34233] INFO  handler.ContextHandler (ContextHandler.java:doStart(921)) - Started o.e.j.s.ServletContextHandler@5caa7cea{static,/static,file:///home/runner/work/ozone/ozone/hadoop-ozone/integration-test/target/test-classes/webapps/static,AVAILABLE}
2023-01-26 17:25:09,470 [Listener at 127.0.0.1/34233] INFO  handler.ContextHandler (ContextHandler.java:doStart(921)) - Started o.e.j.w.WebAppContext@22be8899{ozoneManager,/,file:///home/runner/work/ozone/ozone/hadoop-ozone/integration-test/target/test-classes/webapps/ozoneManager/,AVAILABLE}{file:/home/runner/work/ozone/ozone/hadoop-ozone/integration-test/target/test-classes/webapps/ozoneManager}
2023-01-26 17:25:09,476 [Listener at 127.0.0.1/34233] INFO  server.AbstractConnector (AbstractConnector.java:doStart(333)) - Started ServerConnector@4d79414{HTTP/1.1, (http/1.1)}{0.0.0.0:38371}
2023-01-26 17:25:09,476 [Listener at 127.0.0.1/34233] INFO  server.Server (Server.java:doStart(415)) - Started @6834ms
2023-01-26 17:25:09,476 [Listener at 127.0.0.1/34233] WARN  impl.MetricsSystemImpl (MetricsSystemImpl.java:register(279)) - Sink prometheus already exists!
2023-01-26 17:25:09,477 [Listener at 127.0.0.1/34233] INFO  http.BaseHttpServer (BaseHttpServer.java:updateConnectorAddress(333)) - HTTP server of ozoneManager listening at http://0.0.0.0:38371
2023-01-26 17:25:09,478 [IPC Server Responder] INFO  ipc.Server (Server.java:run(1512)) - IPC Server Responder: starting
2023-01-26 17:25:09,478 [IPC Server listener on 0] INFO  ipc.Server (Server.java:run(1352)) - IPC Server listener on 0: starting
2023-01-26 17:25:09,480 [Listener at 127.0.0.1/34233] INFO  om.OzoneManager (OzoneManager.java:startTrashEmptier(1956)) - Trash Interval set to 0. Files deleted won't move to trash
2023-01-26 17:25:09,492 [org.apache.hadoop.util.JvmPauseMonitor$Monitor@3f126927] INFO  util.JvmPauseMonitor (JvmPauseMonitor.java:run(188)) - Starting JVM pause monitor
2023-01-26 17:25:09,620 [Listener at 127.0.0.1/34233] WARN  impl.MetricRegistriesImpl (MetricRegistriesImpl.java:addReporterRegistration(111)) - New reporters are added after registries were created. Some metrics will be missing from the reporter. Please add reporter before adding any new registry.
2023-01-26 17:25:09,620 [Listener at 127.0.0.1/34233] WARN  impl.MetricRegistriesImpl (MetricRegistriesImpl.java:addReporterRegistration(111)) - New reporters are added after registries were created. Some metrics will be missing from the reporter. Please add reporter before adding any new registry.
2023-01-26 17:25:09,620 [Listener at 127.0.0.1/34233] INFO  impl.MetricsSystemImpl (MetricsSystemImpl.java:init(158)) - HddsDatanode metrics system started (again)
2023-01-26 17:25:09,639 [Listener at 127.0.0.1/34233] INFO  ozone.HddsDatanodeService (HddsDatanodeService.java:start(228)) - HddsDatanodeService host:fv-az133-476.yhipumr4050edinzmvad0xeera.cx.internal.cloudapp.net ip:10.1.0.200
2023-01-26 17:25:09,668 [Listener at 127.0.0.1/34233] INFO  upgrade.AbstractLayoutVersionManager (AbstractLayoutVersionManager.java:init(83)) - Initializing Layout version manager with metadata layout = DATANODE_SCHEMA_V3 (version = 4), software layout = DATANODE_SCHEMA_V3 (version = 4)
2023-01-26 17:25:09,717 [Listener at 127.0.0.1/34233] INFO  reflections.Reflections (Reflections.java:scan(232)) - Reflections took 46 ms to scan 7 urls, producing 148 keys and 356 values 
2023-01-26 17:25:09,726 [Listener at 127.0.0.1/34233] INFO  statemachine.DatanodeStateMachine (DatanodeStateMachine.java:getEndPointTaskThreadPoolSize(259)) - Datanode State Machine Task Thread Pool size 2
2023-01-26 17:25:09,777 [Listener at 127.0.0.1/34233] INFO  volume.HddsVolume (HddsVolume.java:<init>(117)) - Creating HddsVolume: /home/runner/work/ozone/ozone/hadoop-ozone/integration-test/target/test-dir/MiniOzoneClusterImpl-21eb6502-c8cc-4b95-8a64-0224a41eaf0d/datanode-0/data-0/containers/hdds of storage type : DISK capacity : 9223372036854775807
2023-01-26 17:25:09,779 [Listener at 127.0.0.1/34233] INFO  volume.MutableVolumeSet (MutableVolumeSet.java:initializeVolumeSet(174)) - Added Volume : /home/runner/work/ozone/ozone/hadoop-ozone/integration-test/target/test-dir/MiniOzoneClusterImpl-21eb6502-c8cc-4b95-8a64-0224a41eaf0d/datanode-0/data-0/containers/hdds to VolumeSet
2023-01-26 17:25:09,780 [Listener at 127.0.0.1/34233] INFO  volume.ThrottledAsyncChecker (ThrottledAsyncChecker.java:schedule(141)) - Scheduling a check for /home/runner/work/ozone/ozone/hadoop-ozone/integration-test/target/test-dir/MiniOzoneClusterImpl-21eb6502-c8cc-4b95-8a64-0224a41eaf0d/datanode-0/data-0/containers/hdds
2023-01-26 17:25:09,794 [Listener at 127.0.0.1/34233] INFO  volume.StorageVolumeChecker (StorageVolumeChecker.java:checkAllVolumes(202)) - Scheduled health check for volume /home/runner/work/ozone/ozone/hadoop-ozone/integration-test/target/test-dir/MiniOzoneClusterImpl-21eb6502-c8cc-4b95-8a64-0224a41eaf0d/datanode-0/data-0/containers/hdds
2023-01-26 17:25:09,810 [Listener at 127.0.0.1/34233] INFO  volume.MutableVolumeSet (MutableVolumeSet.java:initializeVolumeSet(174)) - Added Volume : /home/runner/work/ozone/ozone/hadoop-ozone/integration-test/target/test-dir/MiniOzoneClusterImpl-21eb6502-c8cc-4b95-8a64-0224a41eaf0d/datanode-0/data/ratis to VolumeSet
2023-01-26 17:25:09,810 [Listener at 127.0.0.1/34233] INFO  volume.ThrottledAsyncChecker (ThrottledAsyncChecker.java:schedule(141)) - Scheduling a check for /home/runner/work/ozone/ozone/hadoop-ozone/integration-test/target/test-dir/MiniOzoneClusterImpl-21eb6502-c8cc-4b95-8a64-0224a41eaf0d/datanode-0/data/ratis
2023-01-26 17:25:09,810 [Listener at 127.0.0.1/34233] INFO  volume.StorageVolumeChecker (StorageVolumeChecker.java:checkAllVolumes(202)) - Scheduled health check for volume /home/runner/work/ozone/ozone/hadoop-ozone/integration-test/target/test-dir/MiniOzoneClusterImpl-21eb6502-c8cc-4b95-8a64-0224a41eaf0d/datanode-0/data/ratis
2023-01-26 17:25:09,831 [Thread-136] INFO  ozoneimpl.ContainerReader (ContainerReader.java:readVolume(175)) - Finish verifying containers on volume /home/runner/work/ozone/ozone/hadoop-ozone/integration-test/target/test-dir/MiniOzoneClusterImpl-21eb6502-c8cc-4b95-8a64-0224a41eaf0d/datanode-0/data-0/containers/hdds
2023-01-26 17:25:09,831 [Listener at 127.0.0.1/34233] INFO  ozoneimpl.OzoneContainer (OzoneContainer.java:buildContainerSet(305)) - Build ContainerSet costs 0s
2023-01-26 17:25:09,875 [Listener at 127.0.0.1/34233] INFO  audit.AuditLogger (AuditLogger.java:refreshDebugCmdSet(126)) - Refresh DebugCmdSet for DNAudit to [].
2023-01-26 17:25:09,899 [Listener at 127.0.0.1/34233] INFO  server.RaftServer (ConfUtils.java:logGet(46)) - raft.rpc.type = GRPC (default)
2023-01-26 17:25:09,899 [Listener at 127.0.0.1/34233] INFO  grpc.GrpcConfigKeys (ConfUtils.java:logFallback(53)) - raft.grpc.admin.host = null (fallback to raft.grpc.server.host)
2023-01-26 17:25:09,900 [Listener at 127.0.0.1/34233] INFO  grpc.GrpcConfigKeys (ConfUtils.java:logGet(46)) - raft.grpc.admin.port = 0 (custom)
2023-01-26 17:25:09,900 [Listener at 127.0.0.1/34233] INFO  grpc.GrpcConfigKeys (ConfUtils.java:logFallback(53)) - raft.grpc.client.host = null (fallback to raft.grpc.server.host)
2023-01-26 17:25:09,900 [Listener at 127.0.0.1/34233] INFO  grpc.GrpcConfigKeys (ConfUtils.java:logGet(46)) - raft.grpc.client.port = 0 (custom)
2023-01-26 17:25:09,900 [Listener at 127.0.0.1/34233] INFO  grpc.GrpcConfigKeys (ConfUtils.java:logGet(46)) - raft.grpc.server.host = null (default)
2023-01-26 17:25:09,900 [Listener at 127.0.0.1/34233] INFO  grpc.GrpcConfigKeys (ConfUtils.java:logGet(46)) - raft.grpc.server.port = 0 (default)
2023-01-26 17:25:09,900 [Listener at 127.0.0.1/34233] INFO  server.GrpcService (ConfUtils.java:logGet(46)) - raft.grpc.message.size.max = 32MB (=33554432) (custom)
2023-01-26 17:25:09,900 [Listener at 127.0.0.1/34233] INFO  server.RaftServerConfigKeys (ConfUtils.java:logGet(46)) - raft.server.log.appender.buffer.byte-limit = 33554432 (custom)
2023-01-26 17:25:09,901 [Listener at 127.0.0.1/34233] INFO  server.GrpcService (ConfUtils.java:logGet(46)) - raft.grpc.flow.control.window = 5MB (=5242880) (custom)
2023-01-26 17:25:09,901 [Listener at 127.0.0.1/34233] INFO  server.RaftServerConfigKeys (ConfUtils.java:logGet(46)) - raft.server.rpc.request.timeout = 3000ms (default)
2023-01-26 17:25:09,901 [Listener at 127.0.0.1/34233] INFO  grpc.GrpcConfigKeys (ConfUtils.java:logGet(46)) - raft.grpc.server.heartbeat.channel = true (default)
2023-01-26 17:25:09,901 [Listener at 127.0.0.1/34233] INFO  grpc.GrpcConfigKeys (ConfUtils.java:logGet(46)) - raft.grpc.server.async.request.thread.pool.cached = true (default)
2023-01-26 17:25:09,901 [Listener at 127.0.0.1/34233] INFO  grpc.GrpcConfigKeys (ConfUtils.java:logGet(46)) - raft.grpc.server.async.request.thread.pool.size = 32 (default)
2023-01-26 17:25:09,902 [Listener at 127.0.0.1/34233] INFO  impl.DataStreamServerImpl (ConfUtils.java:logGet(46)) - raft.datastream.type = NETTY (custom)
2023-01-26 17:25:09,902 [Listener at 127.0.0.1/34233] INFO  server.RaftServerConfigKeys (ConfUtils.java:logGet(46)) - raft.server.data-stream.async.request.thread.pool.cached = false (default)
2023-01-26 17:25:09,903 [Listener at 127.0.0.1/34233] INFO  server.RaftServerConfigKeys (ConfUtils.java:logGet(46)) - raft.server.data-stream.async.request.thread.pool.size = 20 (custom)
2023-01-26 17:25:09,903 [Listener at 127.0.0.1/34233] INFO  server.RaftServerConfigKeys (ConfUtils.java:logGet(46)) - raft.server.data-stream.async.write.thread.pool.size = 16 (default)
2023-01-26 17:25:09,903 [Listener at 127.0.0.1/34233] INFO  server.RaftServerConfigKeys (ConfUtils.java:logGet(46)) - raft.server.data-stream.client.pool.size = 10 (default)
2023-01-26 17:25:09,903 [Listener at 127.0.0.1/34233] INFO  netty.NettyConfigKeys$DataStream (ConfUtils.java:logGet(46)) - raft.netty.dataStream.server.use-epoll = false (default)
2023-01-26 17:25:09,903 [Listener at 127.0.0.1/34233] INFO  netty.NettyConfigKeys$DataStream (ConfUtils.java:logGet(46)) - raft.netty.dataStream.server.boss-group.size = 0 (default)
2023-01-26 17:25:09,904 [Listener at 127.0.0.1/34233] INFO  netty.NettyConfigKeys$DataStream (ConfUtils.java:logGet(46)) - raft.netty.dataStream.server.worker-group.size = 0 (default)
2023-01-26 17:25:09,918 [Listener at 127.0.0.1/34233] INFO  netty.NettyConfigKeys$DataStream (ConfUtils.java:logGet(46)) - raft.netty.dataStream.server.tls.conf = null (default)
2023-01-26 17:25:09,918 [Listener at 127.0.0.1/34233] INFO  netty.NettyConfigKeys$DataStream (ConfUtils.java:logGet(46)) - raft.netty.dataStream.host = null (default)
2023-01-26 17:25:09,919 [Listener at 127.0.0.1/34233] INFO  netty.NettyConfigKeys$DataStream (ConfUtils.java:logGet(46)) - raft.netty.dataStream.port = 0 (default)
2023-01-26 17:25:09,919 [Listener at 127.0.0.1/34233] INFO  server.RaftServerConfigKeys (ConfUtils.java:logGet(46)) - raft.server.threadpool.proxy.cached = true (default)
2023-01-26 17:25:09,919 [Listener at 127.0.0.1/34233] INFO  server.RaftServerConfigKeys (ConfUtils.java:logGet(46)) - raft.server.threadpool.proxy.size = 0 (default)
2023-01-26 17:25:09,919 [Listener at 127.0.0.1/34233] INFO  server.RaftServerConfigKeys (ConfUtils.java:logGet(46)) - raft.server.rpc.slowness.timeout = 300000ms (custom)
2023-01-26 17:25:09,919 [Listener at 127.0.0.1/34233] INFO  server.RaftServerConfigKeys (ConfUtils.java:logGet(46)) - raft.server.leaderelection.leader.step-down.wait-time = 10s (default)
2023-01-26 17:25:09,920 [Listener at 127.0.0.1/34233] INFO  server.RaftServerConfigKeys (ConfUtils.java:logGet(46)) - raft.server.storage.dir = [/home/runner/work/ozone/ozone/hadoop-ozone/integration-test/target/test-dir/MiniOzoneClusterImpl-21eb6502-c8cc-4b95-8a64-0224a41eaf0d/datanode-0/data/ratis] (custom)
2023-01-26 17:25:09,921 [d082cfae-03ac-47dd-a559-6fd7cb4436a1-NettyServerStreamRpc-bossGroup--thread1] INFO  logging.LoggingHandler (AbstractInternalLogger.java:log(148)) - [id: 0x12f50748] REGISTERED
2023-01-26 17:25:09,921 [d082cfae-03ac-47dd-a559-6fd7cb4436a1-NettyServerStreamRpc-bossGroup--thread1] INFO  logging.LoggingHandler (AbstractInternalLogger.java:log(148)) - [id: 0x12f50748] BIND: 0.0.0.0/0.0.0.0:0
2023-01-26 17:25:09,922 [d082cfae-03ac-47dd-a559-6fd7cb4436a1-NettyServerStreamRpc-bossGroup--thread1] INFO  logging.LoggingHandler (AbstractInternalLogger.java:log(148)) - [id: 0x12f50748, L:/0:0:0:0:0:0:0:0:35799] ACTIVE
2023-01-26 17:25:09,945 [Listener at 127.0.0.1/34233] INFO  server.XceiverServerGrpc (XceiverServerGrpc.java:<init>(132)) - GrpcServer channel type EpollServerSocketChannel
2023-01-26 17:25:10,003 [Listener at 127.0.0.1/34233] INFO  http.BaseHttpServer (BaseHttpServer.java:newHttpServer2BuilderForOzone(213)) - Starting Web-server for hddsDatanode at: http://0.0.0.0:0
2023-01-26 17:25:10,004 [Listener at 127.0.0.1/34233] INFO  http.BaseHttpServer (BaseHttpServer.java:<init>(108)) - Hadoop Security Enabled: false Ozone Security Enabled: false Ozone HTTP Security Enabled: false 
2023-01-26 17:25:10,005 [Listener at 127.0.0.1/34233] WARN  server.AuthenticationFilter (AuthenticationFilter.java:constructSecretProvider(240)) - Unable to initialize FileSignerSecretProvider, falling back to use random secrets. Reason: Could not read signature secret file: /home/runner/hadoop-http-auth-signature-secret
2023-01-26 17:25:10,006 [Listener at 127.0.0.1/34233] WARN  http.HttpRequestLog (HttpRequestLog.java:getRequestLog(103)) - Jetty request log can only be enabled using Log4j
2023-01-26 17:25:10,008 [Listener at 127.0.0.1/34233] INFO  http.HttpServer2 (HttpServer2.java:addGlobalFilter(1031)) - Added global filter 'safety' (class=org.apache.hadoop.hdds.server.http.HttpServer2$QuotingInputFilter)
2023-01-26 17:25:10,009 [Listener at 127.0.0.1/34233] INFO  http.HttpServer2 (HttpServer2.java:addFilter(1007)) - Added filter static_user_filter (class=org.apache.hadoop.http.lib.StaticUserWebFilter$StaticUserFilter) to context hddsDatanode
2023-01-26 17:25:10,009 [Listener at 127.0.0.1/34233] INFO  http.HttpServer2 (HttpServer2.java:addFilter(1015)) - Added filter static_user_filter (class=org.apache.hadoop.http.lib.StaticUserWebFilter$StaticUserFilter) to context logs
2023-01-26 17:25:10,009 [Listener at 127.0.0.1/34233] INFO  http.HttpServer2 (HttpServer2.java:addFilter(1015)) - Added filter static_user_filter (class=org.apache.hadoop.http.lib.StaticUserWebFilter$StaticUserFilter) to context static
2023-01-26 17:25:10,010 [Listener at 127.0.0.1/34233] INFO  http.HttpServer2 (HttpServer2.java:bindListener(1250)) - Jetty bound to port 41371
2023-01-26 17:25:10,010 [Listener at 127.0.0.1/34233] INFO  server.Server (Server.java:doStart(375)) - jetty-9.4.49.v20220914; built: 2022-09-14T01:07:36.601Z; git: 4231a3b2e4cb8548a412a789936d640a97b1aa0a; jvm 1.8.0_352-b08
2023-01-26 17:25:10,016 [Listener at 127.0.0.1/34233] INFO  server.session (DefaultSessionIdManager.java:doStart(334)) - DefaultSessionIdManager workerName=node0
2023-01-26 17:25:10,016 [Listener at 127.0.0.1/34233] INFO  server.session (DefaultSessionIdManager.java:doStart(339)) - No SessionScavenger set, using defaults
2023-01-26 17:25:10,016 [Listener at 127.0.0.1/34233] INFO  server.session (HouseKeeper.java:startScavenging(132)) - node0 Scavenging every 660000ms
2023-01-26 17:25:10,017 [Listener at 127.0.0.1/34233] INFO  handler.ContextHandler (ContextHandler.java:doStart(921)) - Started o.e.j.s.ServletContextHandler@4d914933{logs,/logs,file:///home/runner/work/ozone/ozone/hadoop-ozone/integration-test/target/log,AVAILABLE}
2023-01-26 17:25:10,018 [Listener at 127.0.0.1/34233] INFO  handler.ContextHandler (ContextHandler.java:doStart(921)) - Started o.e.j.s.ServletContextHandler@3ecc4651{static,/static,jar:file:/home/runner/.m2/repository/org/apache/ozone/hdds-container-service/1.4.0-SNAPSHOT/hdds-container-service-1.4.0-SNAPSHOT.jar!/webapps/static,AVAILABLE}
2023-01-26 17:25:10,208 [Listener at 127.0.0.1/34233] INFO  handler.ContextHandler (ContextHandler.java:doStart(921)) - Started o.e.j.w.WebAppContext@7a8ee894{hddsDatanode,/,file:///tmp/jetty-0_0_0_0-41371-hdds-container-service-1_4_0-SNAPSHOT_jar-_-any-2513608401928987001/webapp/,AVAILABLE}{jar:file:/home/runner/.m2/repository/org/apache/ozone/hdds-container-service/1.4.0-SNAPSHOT/hdds-container-service-1.4.0-SNAPSHOT.jar!/webapps/hddsDatanode}
2023-01-26 17:25:10,209 [Listener at 127.0.0.1/34233] INFO  server.AbstractConnector (AbstractConnector.java:doStart(333)) - Started ServerConnector@66e6af49{HTTP/1.1, (http/1.1)}{0.0.0.0:41371}
2023-01-26 17:25:10,210 [Listener at 127.0.0.1/34233] INFO  server.Server (Server.java:doStart(415)) - Started @7568ms
2023-01-26 17:25:10,210 [Listener at 127.0.0.1/34233] WARN  impl.MetricsSystemImpl (MetricsSystemImpl.java:register(279)) - Sink prometheus already exists!
2023-01-26 17:25:10,210 [Listener at 127.0.0.1/34233] INFO  http.BaseHttpServer (BaseHttpServer.java:updateConnectorAddress(333)) - HTTP server of hddsDatanode listening at http://0.0.0.0:41371
2023-01-26 17:25:10,214 [Datanode State Machine Daemon Thread] INFO  statemachine.DatanodeStateMachine (DatanodeStateMachine.java:lambda$startDaemon$0(515)) - Ozone container server started.
2023-01-26 17:25:10,215 [Listener at 127.0.0.1/34233] WARN  impl.MetricRegistriesImpl (MetricRegistriesImpl.java:addReporterRegistration(111)) - New reporters are added after registries were created. Some metrics will be missing from the reporter. Please add reporter before adding any new registry.
2023-01-26 17:25:10,215 [Listener at 127.0.0.1/34233] WARN  impl.MetricRegistriesImpl (MetricRegistriesImpl.java:addReporterRegistration(111)) - New reporters are added after registries were created. Some metrics will be missing from the reporter. Please add reporter before adding any new registry.
2023-01-26 17:25:10,215 [Listener at 127.0.0.1/34233] INFO  impl.MetricsSystemImpl (MetricsSystemImpl.java:init(158)) - HddsDatanode metrics system started (again)
2023-01-26 17:25:10,227 [Listener at 127.0.0.1/34233] INFO  ozone.HddsDatanodeService (HddsDatanodeService.java:start(228)) - HddsDatanodeService host:fv-az133-476.yhipumr4050edinzmvad0xeera.cx.internal.cloudapp.net ip:10.1.0.200
2023-01-26 17:25:10,242 [org.apache.hadoop.util.JvmPauseMonitor$Monitor@53dd855e] INFO  util.JvmPauseMonitor (JvmPauseMonitor.java:run(188)) - Starting JVM pause monitor
2023-01-26 17:25:10,256 [Listener at 127.0.0.1/34233] INFO  upgrade.AbstractLayoutVersionManager (AbstractLayoutVersionManager.java:init(83)) - Initializing Layout version manager with metadata layout = DATANODE_SCHEMA_V3 (version = 4), software layout = DATANODE_SCHEMA_V3 (version = 4)
2023-01-26 17:25:10,339 [Listener at 127.0.0.1/34233] INFO  reflections.Reflections (Reflections.java:scan(232)) - Reflections took 82 ms to scan 7 urls, producing 148 keys and 356 values 
2023-01-26 17:25:10,340 [Listener at 127.0.0.1/34233] INFO  statemachine.DatanodeStateMachine (DatanodeStateMachine.java:getEndPointTaskThreadPoolSize(259)) - Datanode State Machine Task Thread Pool size 2
2023-01-26 17:25:10,345 [Listener at 127.0.0.1/34233] INFO  volume.HddsVolume (HddsVolume.java:<init>(117)) - Creating HddsVolume: /home/runner/work/ozone/ozone/hadoop-ozone/integration-test/target/test-dir/MiniOzoneClusterImpl-21eb6502-c8cc-4b95-8a64-0224a41eaf0d/datanode-1/data-0/containers/hdds of storage type : DISK capacity : 9223372036854775807
2023-01-26 17:25:10,346 [Listener at 127.0.0.1/34233] INFO  volume.MutableVolumeSet (MutableVolumeSet.java:initializeVolumeSet(174)) - Added Volume : /home/runner/work/ozone/ozone/hadoop-ozone/integration-test/target/test-dir/MiniOzoneClusterImpl-21eb6502-c8cc-4b95-8a64-0224a41eaf0d/datanode-1/data-0/containers/hdds to VolumeSet
2023-01-26 17:25:10,346 [Listener at 127.0.0.1/34233] INFO  volume.ThrottledAsyncChecker (ThrottledAsyncChecker.java:schedule(141)) - Scheduling a check for /home/runner/work/ozone/ozone/hadoop-ozone/integration-test/target/test-dir/MiniOzoneClusterImpl-21eb6502-c8cc-4b95-8a64-0224a41eaf0d/datanode-1/data-0/containers/hdds
2023-01-26 17:25:10,359 [Listener at 127.0.0.1/34233] INFO  volume.StorageVolumeChecker (StorageVolumeChecker.java:checkAllVolumes(202)) - Scheduled health check for volume /home/runner/work/ozone/ozone/hadoop-ozone/integration-test/target/test-dir/MiniOzoneClusterImpl-21eb6502-c8cc-4b95-8a64-0224a41eaf0d/datanode-1/data-0/containers/hdds
2023-01-26 17:25:10,401 [Listener at 127.0.0.1/34233] INFO  volume.MutableVolumeSet (MutableVolumeSet.java:initializeVolumeSet(174)) - Added Volume : /home/runner/work/ozone/ozone/hadoop-ozone/integration-test/target/test-dir/MiniOzoneClusterImpl-21eb6502-c8cc-4b95-8a64-0224a41eaf0d/datanode-1/data/ratis to VolumeSet
2023-01-26 17:25:10,401 [Listener at 127.0.0.1/34233] INFO  volume.ThrottledAsyncChecker (ThrottledAsyncChecker.java:schedule(141)) - Scheduling a check for /home/runner/work/ozone/ozone/hadoop-ozone/integration-test/target/test-dir/MiniOzoneClusterImpl-21eb6502-c8cc-4b95-8a64-0224a41eaf0d/datanode-1/data/ratis
2023-01-26 17:25:10,402 [Listener at 127.0.0.1/34233] INFO  volume.StorageVolumeChecker (StorageVolumeChecker.java:checkAllVolumes(202)) - Scheduled health check for volume /home/runner/work/ozone/ozone/hadoop-ozone/integration-test/target/test-dir/MiniOzoneClusterImpl-21eb6502-c8cc-4b95-8a64-0224a41eaf0d/datanode-1/data/ratis
2023-01-26 17:25:10,434 [Thread-150] INFO  ozoneimpl.ContainerReader (ContainerReader.java:readVolume(175)) - Finish verifying containers on volume /home/runner/work/ozone/ozone/hadoop-ozone/integration-test/target/test-dir/MiniOzoneClusterImpl-21eb6502-c8cc-4b95-8a64-0224a41eaf0d/datanode-1/data-0/containers/hdds
2023-01-26 17:25:10,435 [Listener at 127.0.0.1/34233] INFO  ozoneimpl.OzoneContainer (OzoneContainer.java:buildContainerSet(305)) - Build ContainerSet costs 0s
2023-01-26 17:25:10,439 [Listener at 127.0.0.1/34233] INFO  server.RaftServer (ConfUtils.java:logGet(46)) - raft.rpc.type = GRPC (default)
2023-01-26 17:25:10,439 [Listener at 127.0.0.1/34233] INFO  grpc.GrpcConfigKeys (ConfUtils.java:logFallback(53)) - raft.grpc.admin.host = null (fallback to raft.grpc.server.host)
2023-01-26 17:25:10,439 [Listener at 127.0.0.1/34233] INFO  grpc.GrpcConfigKeys (ConfUtils.java:logGet(46)) - raft.grpc.admin.port = 0 (custom)
2023-01-26 17:25:10,439 [Listener at 127.0.0.1/34233] INFO  grpc.GrpcConfigKeys (ConfUtils.java:logFallback(53)) - raft.grpc.client.host = null (fallback to raft.grpc.server.host)
2023-01-26 17:25:10,439 [Listener at 127.0.0.1/34233] INFO  grpc.GrpcConfigKeys (ConfUtils.java:logGet(46)) - raft.grpc.client.port = 0 (custom)
2023-01-26 17:25:10,440 [Listener at 127.0.0.1/34233] INFO  grpc.GrpcConfigKeys (ConfUtils.java:logGet(46)) - raft.grpc.server.host = null (default)
2023-01-26 17:25:10,440 [Listener at 127.0.0.1/34233] INFO  grpc.GrpcConfigKeys (ConfUtils.java:logGet(46)) - raft.grpc.server.port = 0 (default)
2023-01-26 17:25:10,440 [Datanode State Machine Task Thread - 0] INFO  datanode.InitDatanodeState (InitDatanodeState.java:persistContainerDatanodeDetails(138)) - DatanodeDetails is persisted to /home/runner/work/ozone/ozone/hadoop-ozone/integration-test/target/test-dir/MiniOzoneClusterImpl-21eb6502-c8cc-4b95-8a64-0224a41eaf0d/datanode-0/meta/datanode.id
2023-01-26 17:25:10,440 [Listener at 127.0.0.1/34233] INFO  server.GrpcService (ConfUtils.java:logGet(46)) - raft.grpc.message.size.max = 32MB (=33554432) (custom)
2023-01-26 17:25:10,440 [Listener at 127.0.0.1/34233] INFO  server.RaftServerConfigKeys (ConfUtils.java:logGet(46)) - raft.server.log.appender.buffer.byte-limit = 33554432 (custom)
2023-01-26 17:25:10,440 [Listener at 127.0.0.1/34233] INFO  server.GrpcService (ConfUtils.java:logGet(46)) - raft.grpc.flow.control.window = 5MB (=5242880) (custom)
2023-01-26 17:25:10,441 [Listener at 127.0.0.1/34233] INFO  server.RaftServerConfigKeys (ConfUtils.java:logGet(46)) - raft.server.rpc.request.timeout = 3000ms (default)
2023-01-26 17:25:10,441 [Listener at 127.0.0.1/34233] INFO  grpc.GrpcConfigKeys (ConfUtils.java:logGet(46)) - raft.grpc.server.heartbeat.channel = true (default)
2023-01-26 17:25:10,441 [Listener at 127.0.0.1/34233] INFO  grpc.GrpcConfigKeys (ConfUtils.java:logGet(46)) - raft.grpc.server.async.request.thread.pool.cached = true (default)
2023-01-26 17:25:10,441 [Listener at 127.0.0.1/34233] INFO  grpc.GrpcConfigKeys (ConfUtils.java:logGet(46)) - raft.grpc.server.async.request.thread.pool.size = 32 (default)
2023-01-26 17:25:10,442 [Listener at 127.0.0.1/34233] INFO  impl.DataStreamServerImpl (ConfUtils.java:logGet(46)) - raft.datastream.type = NETTY (custom)
2023-01-26 17:25:10,444 [Listener at 127.0.0.1/34233] INFO  server.RaftServerConfigKeys (ConfUtils.java:logGet(46)) - raft.server.data-stream.async.request.thread.pool.cached = false (default)
2023-01-26 17:25:10,444 [Listener at 127.0.0.1/34233] INFO  server.RaftServerConfigKeys (ConfUtils.java:logGet(46)) - raft.server.data-stream.async.request.thread.pool.size = 20 (custom)
2023-01-26 17:25:10,444 [Listener at 127.0.0.1/34233] INFO  server.RaftServerConfigKeys (ConfUtils.java:logGet(46)) - raft.server.data-stream.async.write.thread.pool.size = 16 (default)
2023-01-26 17:25:10,445 [Listener at 127.0.0.1/34233] INFO  server.RaftServerConfigKeys (ConfUtils.java:logGet(46)) - raft.server.data-stream.client.pool.size = 10 (default)
2023-01-26 17:25:10,445 [Listener at 127.0.0.1/34233] INFO  netty.NettyConfigKeys$DataStream (ConfUtils.java:logGet(46)) - raft.netty.dataStream.server.use-epoll = false (default)
2023-01-26 17:25:10,445 [Listener at 127.0.0.1/34233] INFO  netty.NettyConfigKeys$DataStream (ConfUtils.java:logGet(46)) - raft.netty.dataStream.server.boss-group.size = 0 (default)
2023-01-26 17:25:10,445 [Listener at 127.0.0.1/34233] INFO  netty.NettyConfigKeys$DataStream (ConfUtils.java:logGet(46)) - raft.netty.dataStream.server.worker-group.size = 0 (default)
2023-01-26 17:25:10,446 [Listener at 127.0.0.1/34233] INFO  netty.NettyConfigKeys$DataStream (ConfUtils.java:logGet(46)) - raft.netty.dataStream.server.tls.conf = null (default)
2023-01-26 17:25:10,446 [Listener at 127.0.0.1/34233] INFO  netty.NettyConfigKeys$DataStream (ConfUtils.java:logGet(46)) - raft.netty.dataStream.host = null (default)
2023-01-26 17:25:10,446 [Listener at 127.0.0.1/34233] INFO  netty.NettyConfigKeys$DataStream (ConfUtils.java:logGet(46)) - raft.netty.dataStream.port = 0 (default)
2023-01-26 17:25:10,446 [Listener at 127.0.0.1/34233] INFO  server.RaftServerConfigKeys (ConfUtils.java:logGet(46)) - raft.server.threadpool.proxy.cached = true (default)
2023-01-26 17:25:10,446 [Listener at 127.0.0.1/34233] INFO  server.RaftServerConfigKeys (ConfUtils.java:logGet(46)) - raft.server.threadpool.proxy.size = 0 (default)
2023-01-26 17:25:10,447 [Listener at 127.0.0.1/34233] INFO  server.RaftServerConfigKeys (ConfUtils.java:logGet(46)) - raft.server.rpc.slowness.timeout = 300000ms (custom)
2023-01-26 17:25:10,447 [Listener at 127.0.0.1/34233] INFO  server.RaftServerConfigKeys (ConfUtils.java:logGet(46)) - raft.server.leaderelection.leader.step-down.wait-time = 10s (default)
2023-01-26 17:25:10,447 [Listener at 127.0.0.1/34233] INFO  server.RaftServerConfigKeys (ConfUtils.java:logGet(46)) - raft.server.storage.dir = [/home/runner/work/ozone/ozone/hadoop-ozone/integration-test/target/test-dir/MiniOzoneClusterImpl-21eb6502-c8cc-4b95-8a64-0224a41eaf0d/datanode-1/data/ratis] (custom)
2023-01-26 17:25:10,451 [2cc4737a-7f72-4ede-9604-67be23ac19b5-NettyServerStreamRpc-bossGroup--thread1] INFO  logging.LoggingHandler (AbstractInternalLogger.java:log(148)) - [id: 0xc2813d80] REGISTERED
2023-01-26 17:25:10,451 [2cc4737a-7f72-4ede-9604-67be23ac19b5-NettyServerStreamRpc-bossGroup--thread1] INFO  logging.LoggingHandler (AbstractInternalLogger.java:log(148)) - [id: 0xc2813d80] BIND: 0.0.0.0/0.0.0.0:0
2023-01-26 17:25:10,451 [2cc4737a-7f72-4ede-9604-67be23ac19b5-NettyServerStreamRpc-bossGroup--thread1] INFO  logging.LoggingHandler (AbstractInternalLogger.java:log(148)) - [id: 0xc2813d80, L:/0:0:0:0:0:0:0:0:45267] ACTIVE
2023-01-26 17:25:10,453 [Listener at 127.0.0.1/34233] INFO  server.XceiverServerGrpc (XceiverServerGrpc.java:<init>(132)) - GrpcServer channel type EpollServerSocketChannel
2023-01-26 17:25:10,459 [Listener at 127.0.0.1/34233] INFO  http.BaseHttpServer (BaseHttpServer.java:newHttpServer2BuilderForOzone(213)) - Starting Web-server for hddsDatanode at: http://0.0.0.0:0
2023-01-26 17:25:10,459 [Listener at 127.0.0.1/34233] INFO  http.BaseHttpServer (BaseHttpServer.java:<init>(108)) - Hadoop Security Enabled: false Ozone Security Enabled: false Ozone HTTP Security Enabled: false 
2023-01-26 17:25:10,460 [Listener at 127.0.0.1/34233] WARN  server.AuthenticationFilter (AuthenticationFilter.java:constructSecretProvider(240)) - Unable to initialize FileSignerSecretProvider, falling back to use random secrets. Reason: Could not read signature secret file: /home/runner/hadoop-http-auth-signature-secret
2023-01-26 17:25:10,461 [Listener at 127.0.0.1/34233] WARN  http.HttpRequestLog (HttpRequestLog.java:getRequestLog(103)) - Jetty request log can only be enabled using Log4j
2023-01-26 17:25:10,462 [Listener at 127.0.0.1/34233] INFO  http.HttpServer2 (HttpServer2.java:addGlobalFilter(1031)) - Added global filter 'safety' (class=org.apache.hadoop.hdds.server.http.HttpServer2$QuotingInputFilter)
2023-01-26 17:25:10,463 [Listener at 127.0.0.1/34233] INFO  http.HttpServer2 (HttpServer2.java:addFilter(1007)) - Added filter static_user_filter (class=org.apache.hadoop.http.lib.StaticUserWebFilter$StaticUserFilter) to context hddsDatanode
2023-01-26 17:25:10,463 [Listener at 127.0.0.1/34233] INFO  http.HttpServer2 (HttpServer2.java:addFilter(1015)) - Added filter static_user_filter (class=org.apache.hadoop.http.lib.StaticUserWebFilter$StaticUserFilter) to context logs
2023-01-26 17:25:10,463 [Listener at 127.0.0.1/34233] INFO  http.HttpServer2 (HttpServer2.java:addFilter(1015)) - Added filter static_user_filter (class=org.apache.hadoop.http.lib.StaticUserWebFilter$StaticUserFilter) to context static
2023-01-26 17:25:10,464 [Listener at 127.0.0.1/34233] INFO  http.HttpServer2 (HttpServer2.java:bindListener(1250)) - Jetty bound to port 39081
2023-01-26 17:25:10,464 [Listener at 127.0.0.1/34233] INFO  server.Server (Server.java:doStart(375)) - jetty-9.4.49.v20220914; built: 2022-09-14T01:07:36.601Z; git: 4231a3b2e4cb8548a412a789936d640a97b1aa0a; jvm 1.8.0_352-b08
2023-01-26 17:25:10,466 [Listener at 127.0.0.1/34233] INFO  server.session (DefaultSessionIdManager.java:doStart(334)) - DefaultSessionIdManager workerName=node0
2023-01-26 17:25:10,466 [Listener at 127.0.0.1/34233] INFO  server.session (DefaultSessionIdManager.java:doStart(339)) - No SessionScavenger set, using defaults
2023-01-26 17:25:10,466 [Listener at 127.0.0.1/34233] INFO  server.session (HouseKeeper.java:startScavenging(132)) - node0 Scavenging every 660000ms
2023-01-26 17:25:10,467 [Listener at 127.0.0.1/34233] INFO  handler.ContextHandler (ContextHandler.java:doStart(921)) - Started o.e.j.s.ServletContextHandler@ef6f5c3{logs,/logs,file:///home/runner/work/ozone/ozone/hadoop-ozone/integration-test/target/log,AVAILABLE}
2023-01-26 17:25:10,467 [Listener at 127.0.0.1/34233] INFO  handler.ContextHandler (ContextHandler.java:doStart(921)) - Started o.e.j.s.ServletContextHandler@54a0f09d{static,/static,jar:file:/home/runner/.m2/repository/org/apache/ozone/hdds-container-service/1.4.0-SNAPSHOT/hdds-container-service-1.4.0-SNAPSHOT.jar!/webapps/static,AVAILABLE}
2023-01-26 17:25:10,584 [om1@group-C5BA1605619E-FollowerState] INFO  impl.FollowerState (FollowerState.java:run(143)) - om1@group-C5BA1605619E-FollowerState: change to CANDIDATE, lastRpcElapsedTime:1187305478ns, electionTimeout:1178ms
2023-01-26 17:25:10,585 [om1@group-C5BA1605619E-FollowerState] INFO  impl.RoleInfo (RoleInfo.java:shutdownFollowerState(110)) - om1: shutdown om1@group-C5BA1605619E-FollowerState
2023-01-26 17:25:10,586 [om1@group-C5BA1605619E-FollowerState] INFO  server.RaftServer$Division (RaftServerImpl.java:setRole(321)) - om1@group-C5BA1605619E: changes role from  FOLLOWER to CANDIDATE at term 0 for changeToCandidate
2023-01-26 17:25:10,589 [om1@group-C5BA1605619E-FollowerState] INFO  server.RaftServerConfigKeys (ConfUtils.java:logGet(46)) - raft.server.leaderelection.pre-vote = false (custom)
2023-01-26 17:25:10,589 [om1@group-C5BA1605619E-FollowerState] INFO  impl.RoleInfo (RoleInfo.java:updateAndGet(139)) - om1: start om1@group-C5BA1605619E-LeaderElection1
2023-01-26 17:25:10,594 [om1@group-C5BA1605619E-LeaderElection1] INFO  impl.LeaderElection (LeaderElection.java:askForVotes(312)) - om1@group-C5BA1605619E-LeaderElection1 ELECTION round 0: submit vote requests at term 1 for -1: peers:[om1|rpc:localhost:9872|priority:0|startupRole:FOLLOWER]|listeners:[], old=null
2023-01-26 17:25:10,595 [om1@group-C5BA1605619E-LeaderElection1] INFO  impl.LeaderElection (LeaderElection.java:askForVotes(314)) - om1@group-C5BA1605619E-LeaderElection1 ELECTION round 0: result PASSED (term=1)
2023-01-26 17:25:10,596 [om1@group-C5BA1605619E-LeaderElection1] INFO  impl.RoleInfo (RoleInfo.java:shutdownLeaderElection(130)) - om1: shutdown om1@group-C5BA1605619E-LeaderElection1
2023-01-26 17:25:10,599 [om1@group-C5BA1605619E-LeaderElection1] INFO  server.RaftServer$Division (RaftServerImpl.java:setRole(321)) - om1@group-C5BA1605619E: changes role from CANDIDATE to LEADER at term 1 for changeToLeader
2023-01-26 17:25:10,603 [om1@group-C5BA1605619E-LeaderElection1] INFO  server.RaftServer$Division (ServerState.java:setLeader(313)) - om1@group-C5BA1605619E: change Leader from null to om1 at term 1 for becomeLeader, leader elected after 2213ms
2023-01-26 17:25:10,611 [om1@group-C5BA1605619E-LeaderElection1] INFO  server.RaftServerConfigKeys (ConfUtils.java:logGet(46)) - raft.server.staging.catchup.gap = 1000 (default)
2023-01-26 17:25:10,617 [om1@group-C5BA1605619E-LeaderElection1] INFO  server.RaftServerConfigKeys (ConfUtils.java:logGet(46)) - raft.server.write.element-limit = 4096 (default)
2023-01-26 17:25:10,617 [om1@group-C5BA1605619E-LeaderElection1] INFO  server.RaftServerConfigKeys (ConfUtils.java:logGet(46)) - raft.server.write.byte-limit = 64MB (=67108864) (default)
2023-01-26 17:25:10,622 [om1@group-C5BA1605619E-LeaderElection1] INFO  server.RaftServerConfigKeys (ConfUtils.java:logGet(46)) - raft.server.watch.timeout = 10s (default)
2023-01-26 17:25:10,622 [om1@group-C5BA1605619E-LeaderElection1] INFO  server.RaftServerConfigKeys (ConfUtils.java:logGet(46)) - raft.server.watch.timeout.denomination = 1s (default)
2023-01-26 17:25:10,622 [om1@group-C5BA1605619E-LeaderElection1] INFO  server.RaftServerConfigKeys (ConfUtils.java:logGet(46)) - raft.server.watch.element-limit = 65536 (default)
2023-01-26 17:25:10,626 [om1@group-C5BA1605619E-LeaderElection1] INFO  server.RaftServerConfigKeys (ConfUtils.java:logGet(46)) - raft.server.write.element-limit = 4096 (default)
2023-01-26 17:25:10,629 [om1@group-C5BA1605619E-LeaderElection1] INFO  server.RaftServerConfigKeys (ConfUtils.java:logGet(46)) - raft.server.write.follower.gap.ratio.max = -1.0 (default)
2023-01-26 17:25:10,633 [om1@group-C5BA1605619E-LeaderElection1] INFO  impl.RoleInfo (RoleInfo.java:updateAndGet(139)) - om1: start om1@group-C5BA1605619E-LeaderStateImpl
2023-01-26 17:25:10,658 [om1@group-C5BA1605619E-LeaderElection1] INFO  segmented.SegmentedRaftLogWorker (SegmentedRaftLogWorker.java:startLogSegment(452)) - om1@group-C5BA1605619E-SegmentedRaftLogWorker: Starting segment from index:0
2023-01-26 17:25:10,714 [om1@group-C5BA1605619E-LeaderElection1] INFO  server.RaftServer$Division (ServerState.java:setRaftConf(430)) - om1@group-C5BA1605619E: set configuration 0: peers:[om1|rpc:localhost:9872|admin:|client:|dataStream:|priority:0|startupRole:FOLLOWER]|listeners:[], old=null
2023-01-26 17:25:10,720 [Listener at 127.0.0.1/34233] INFO  handler.ContextHandler (ContextHandler.java:doStart(921)) - Started o.e.j.w.WebAppContext@50829172{hddsDatanode,/,file:///tmp/jetty-0_0_0_0-39081-hdds-container-service-1_4_0-SNAPSHOT_jar-_-any-7410178120525563870/webapp/,AVAILABLE}{jar:file:/home/runner/.m2/repository/org/apache/ozone/hdds-container-service/1.4.0-SNAPSHOT/hdds-container-service-1.4.0-SNAPSHOT.jar!/webapps/hddsDatanode}
2023-01-26 17:25:10,723 [Listener at 127.0.0.1/34233] INFO  server.AbstractConnector (AbstractConnector.java:doStart(333)) - Started ServerConnector@518cd198{HTTP/1.1, (http/1.1)}{0.0.0.0:39081}
2023-01-26 17:25:10,724 [Listener at 127.0.0.1/34233] INFO  server.Server (Server.java:doStart(415)) - Started @8082ms
2023-01-26 17:25:10,724 [Listener at 127.0.0.1/34233] WARN  impl.MetricsSystemImpl (MetricsSystemImpl.java:register(279)) - Sink prometheus already exists!
2023-01-26 17:25:10,727 [Listener at 127.0.0.1/34233] INFO  http.BaseHttpServer (BaseHttpServer.java:updateConnectorAddress(333)) - HTTP server of hddsDatanode listening at http://0.0.0.0:39081
2023-01-26 17:25:10,732 [Listener at 127.0.0.1/34233] WARN  impl.MetricRegistriesImpl (MetricRegistriesImpl.java:addReporterRegistration(111)) - New reporters are added after registries were created. Some metrics will be missing from the reporter. Please add reporter before adding any new registry.
2023-01-26 17:25:10,732 [Listener at 127.0.0.1/34233] WARN  impl.MetricRegistriesImpl (MetricRegistriesImpl.java:addReporterRegistration(111)) - New reporters are added after registries were created. Some metrics will be missing from the reporter. Please add reporter before adding any new registry.
2023-01-26 17:25:10,732 [Listener at 127.0.0.1/34233] INFO  impl.MetricsSystemImpl (MetricsSystemImpl.java:init(158)) - HddsDatanode metrics system started (again)
2023-01-26 17:25:10,732 [Datanode State Machine Daemon Thread] INFO  statemachine.DatanodeStateMachine (DatanodeStateMachine.java:lambda$startDaemon$0(515)) - Ozone container server started.
2023-01-26 17:25:10,744 [org.apache.hadoop.util.JvmPauseMonitor$Monitor@be311] INFO  util.JvmPauseMonitor (JvmPauseMonitor.java:run(188)) - Starting JVM pause monitor
2023-01-26 17:25:10,760 [Datanode State Machine Task Thread - 0] INFO  datanode.InitDatanodeState (InitDatanodeState.java:persistContainerDatanodeDetails(138)) - DatanodeDetails is persisted to /home/runner/work/ozone/ozone/hadoop-ozone/integration-test/target/test-dir/MiniOzoneClusterImpl-21eb6502-c8cc-4b95-8a64-0224a41eaf0d/datanode-1/meta/datanode.id
2023-01-26 17:25:10,787 [Listener at 127.0.0.1/34233] INFO  ozone.HddsDatanodeService (HddsDatanodeService.java:start(228)) - HddsDatanodeService host:fv-az133-476.yhipumr4050edinzmvad0xeera.cx.internal.cloudapp.net ip:10.1.0.200
2023-01-26 17:25:10,806 [om1@group-C5BA1605619E-SegmentedRaftLogWorker] INFO  segmented.SegmentedRaftLogWorker (SegmentedRaftLogWorker.java:execute(656)) - om1@group-C5BA1605619E-SegmentedRaftLogWorker: created new log segment /home/runner/work/ozone/ozone/hadoop-ozone/integration-test/target/test-dir/MiniOzoneClusterImpl-21eb6502-c8cc-4b95-8a64-0224a41eaf0d/ozone-meta/ratis/bf265839-605b-3f16-9796-c5ba1605619e/current/log_inprogress_0
2023-01-26 17:25:10,814 [Listener at 127.0.0.1/34233] INFO  upgrade.AbstractLayoutVersionManager (AbstractLayoutVersionManager.java:init(83)) - Initializing Layout version manager with metadata layout = DATANODE_SCHEMA_V3 (version = 4), software layout = DATANODE_SCHEMA_V3 (version = 4)
2023-01-26 17:25:10,861 [Listener at 127.0.0.1/34233] INFO  reflections.Reflections (Reflections.java:scan(232)) - Reflections took 46 ms to scan 7 urls, producing 148 keys and 356 values 
2023-01-26 17:25:10,863 [Listener at 127.0.0.1/34233] INFO  statemachine.DatanodeStateMachine (DatanodeStateMachine.java:getEndPointTaskThreadPoolSize(259)) - Datanode State Machine Task Thread Pool size 2
2023-01-26 17:25:10,865 [Listener at 127.0.0.1/34233] INFO  volume.HddsVolume (HddsVolume.java:<init>(117)) - Creating HddsVolume: /home/runner/work/ozone/ozone/hadoop-ozone/integration-test/target/test-dir/MiniOzoneClusterImpl-21eb6502-c8cc-4b95-8a64-0224a41eaf0d/datanode-2/data-0/containers/hdds of storage type : DISK capacity : 9223372036854775807
2023-01-26 17:25:10,865 [Listener at 127.0.0.1/34233] INFO  volume.MutableVolumeSet (MutableVolumeSet.java:initializeVolumeSet(174)) - Added Volume : /home/runner/work/ozone/ozone/hadoop-ozone/integration-test/target/test-dir/MiniOzoneClusterImpl-21eb6502-c8cc-4b95-8a64-0224a41eaf0d/datanode-2/data-0/containers/hdds to VolumeSet
2023-01-26 17:25:10,865 [Listener at 127.0.0.1/34233] INFO  volume.ThrottledAsyncChecker (ThrottledAsyncChecker.java:schedule(141)) - Scheduling a check for /home/runner/work/ozone/ozone/hadoop-ozone/integration-test/target/test-dir/MiniOzoneClusterImpl-21eb6502-c8cc-4b95-8a64-0224a41eaf0d/datanode-2/data-0/containers/hdds
2023-01-26 17:25:10,870 [Listener at 127.0.0.1/34233] INFO  volume.StorageVolumeChecker (StorageVolumeChecker.java:checkAllVolumes(202)) - Scheduled health check for volume /home/runner/work/ozone/ozone/hadoop-ozone/integration-test/target/test-dir/MiniOzoneClusterImpl-21eb6502-c8cc-4b95-8a64-0224a41eaf0d/datanode-2/data-0/containers/hdds
2023-01-26 17:25:10,881 [Listener at 127.0.0.1/34233] INFO  volume.MutableVolumeSet (MutableVolumeSet.java:initializeVolumeSet(174)) - Added Volume : /home/runner/work/ozone/ozone/hadoop-ozone/integration-test/target/test-dir/MiniOzoneClusterImpl-21eb6502-c8cc-4b95-8a64-0224a41eaf0d/datanode-2/data/ratis to VolumeSet
2023-01-26 17:25:10,881 [Listener at 127.0.0.1/34233] INFO  volume.ThrottledAsyncChecker (ThrottledAsyncChecker.java:schedule(141)) - Scheduling a check for /home/runner/work/ozone/ozone/hadoop-ozone/integration-test/target/test-dir/MiniOzoneClusterImpl-21eb6502-c8cc-4b95-8a64-0224a41eaf0d/datanode-2/data/ratis
2023-01-26 17:25:10,882 [Listener at 127.0.0.1/34233] INFO  volume.StorageVolumeChecker (StorageVolumeChecker.java:checkAllVolumes(202)) - Scheduled health check for volume /home/runner/work/ozone/ozone/hadoop-ozone/integration-test/target/test-dir/MiniOzoneClusterImpl-21eb6502-c8cc-4b95-8a64-0224a41eaf0d/datanode-2/data/ratis
2023-01-26 17:25:10,892 [Thread-166] INFO  ozoneimpl.ContainerReader (ContainerReader.java:readVolume(175)) - Finish verifying containers on volume /home/runner/work/ozone/ozone/hadoop-ozone/integration-test/target/test-dir/MiniOzoneClusterImpl-21eb6502-c8cc-4b95-8a64-0224a41eaf0d/datanode-2/data-0/containers/hdds
2023-01-26 17:25:10,892 [Listener at 127.0.0.1/34233] INFO  ozoneimpl.OzoneContainer (OzoneContainer.java:buildContainerSet(305)) - Build ContainerSet costs 0s
2023-01-26 17:25:10,895 [Listener at 127.0.0.1/34233] INFO  server.RaftServer (ConfUtils.java:logGet(46)) - raft.rpc.type = GRPC (default)
2023-01-26 17:25:10,896 [Listener at 127.0.0.1/34233] INFO  grpc.GrpcConfigKeys (ConfUtils.java:logFallback(53)) - raft.grpc.admin.host = null (fallback to raft.grpc.server.host)
2023-01-26 17:25:10,896 [Listener at 127.0.0.1/34233] INFO  grpc.GrpcConfigKeys (ConfUtils.java:logGet(46)) - raft.grpc.admin.port = 0 (custom)
2023-01-26 17:25:10,896 [Listener at 127.0.0.1/34233] INFO  grpc.GrpcConfigKeys (ConfUtils.java:logFallback(53)) - raft.grpc.client.host = null (fallback to raft.grpc.server.host)
2023-01-26 17:25:10,896 [Listener at 127.0.0.1/34233] INFO  grpc.GrpcConfigKeys (ConfUtils.java:logGet(46)) - raft.grpc.client.port = 0 (custom)
2023-01-26 17:25:10,896 [Listener at 127.0.0.1/34233] INFO  grpc.GrpcConfigKeys (ConfUtils.java:logGet(46)) - raft.grpc.server.host = null (default)
2023-01-26 17:25:10,896 [Listener at 127.0.0.1/34233] INFO  grpc.GrpcConfigKeys (ConfUtils.java:logGet(46)) - raft.grpc.server.port = 0 (default)
2023-01-26 17:25:10,896 [Listener at 127.0.0.1/34233] INFO  server.GrpcService (ConfUtils.java:logGet(46)) - raft.grpc.message.size.max = 32MB (=33554432) (custom)
2023-01-26 17:25:10,897 [Listener at 127.0.0.1/34233] INFO  server.RaftServerConfigKeys (ConfUtils.java:logGet(46)) - raft.server.log.appender.buffer.byte-limit = 33554432 (custom)
2023-01-26 17:25:10,897 [Listener at 127.0.0.1/34233] INFO  server.GrpcService (ConfUtils.java:logGet(46)) - raft.grpc.flow.control.window = 5MB (=5242880) (custom)
2023-01-26 17:25:10,897 [Listener at 127.0.0.1/34233] INFO  server.RaftServerConfigKeys (ConfUtils.java:logGet(46)) - raft.server.rpc.request.timeout = 3000ms (default)
2023-01-26 17:25:10,897 [Listener at 127.0.0.1/34233] INFO  grpc.GrpcConfigKeys (ConfUtils.java:logGet(46)) - raft.grpc.server.heartbeat.channel = true (default)
2023-01-26 17:25:10,897 [Listener at 127.0.0.1/34233] INFO  grpc.GrpcConfigKeys (ConfUtils.java:logGet(46)) - raft.grpc.server.async.request.thread.pool.cached = true (default)
2023-01-26 17:25:10,897 [Listener at 127.0.0.1/34233] INFO  grpc.GrpcConfigKeys (ConfUtils.java:logGet(46)) - raft.grpc.server.async.request.thread.pool.size = 32 (default)
2023-01-26 17:25:10,898 [Listener at 127.0.0.1/34233] INFO  impl.DataStreamServerImpl (ConfUtils.java:logGet(46)) - raft.datastream.type = NETTY (custom)
2023-01-26 17:25:10,898 [Listener at 127.0.0.1/34233] INFO  server.RaftServerConfigKeys (ConfUtils.java:logGet(46)) - raft.server.data-stream.async.request.thread.pool.cached = false (default)
2023-01-26 17:25:10,899 [Listener at 127.0.0.1/34233] INFO  server.RaftServerConfigKeys (ConfUtils.java:logGet(46)) - raft.server.data-stream.async.request.thread.pool.size = 20 (custom)
2023-01-26 17:25:10,899 [Listener at 127.0.0.1/34233] INFO  server.RaftServerConfigKeys (ConfUtils.java:logGet(46)) - raft.server.data-stream.async.write.thread.pool.size = 16 (default)
2023-01-26 17:25:10,899 [Listener at 127.0.0.1/34233] INFO  server.RaftServerConfigKeys (ConfUtils.java:logGet(46)) - raft.server.data-stream.client.pool.size = 10 (default)
2023-01-26 17:25:10,899 [Listener at 127.0.0.1/34233] INFO  netty.NettyConfigKeys$DataStream (ConfUtils.java:logGet(46)) - raft.netty.dataStream.server.use-epoll = false (default)
2023-01-26 17:25:10,899 [Listener at 127.0.0.1/34233] INFO  netty.NettyConfigKeys$DataStream (ConfUtils.java:logGet(46)) - raft.netty.dataStream.server.boss-group.size = 0 (default)
2023-01-26 17:25:10,899 [Listener at 127.0.0.1/34233] INFO  netty.NettyConfigKeys$DataStream (ConfUtils.java:logGet(46)) - raft.netty.dataStream.server.worker-group.size = 0 (default)
2023-01-26 17:25:10,900 [Listener at 127.0.0.1/34233] INFO  netty.NettyConfigKeys$DataStream (ConfUtils.java:logGet(46)) - raft.netty.dataStream.server.tls.conf = null (default)
2023-01-26 17:25:10,900 [Listener at 127.0.0.1/34233] INFO  netty.NettyConfigKeys$DataStream (ConfUtils.java:logGet(46)) - raft.netty.dataStream.host = null (default)
2023-01-26 17:25:10,900 [Listener at 127.0.0.1/34233] INFO  netty.NettyConfigKeys$DataStream (ConfUtils.java:logGet(46)) - raft.netty.dataStream.port = 0 (default)
2023-01-26 17:25:10,900 [Listener at 127.0.0.1/34233] INFO  server.RaftServerConfigKeys (ConfUtils.java:logGet(46)) - raft.server.threadpool.proxy.cached = true (default)
2023-01-26 17:25:10,903 [Listener at 127.0.0.1/34233] INFO  server.RaftServerConfigKeys (ConfUtils.java:logGet(46)) - raft.server.threadpool.proxy.size = 0 (default)
2023-01-26 17:25:10,910 [Listener at 127.0.0.1/34233] INFO  server.RaftServerConfigKeys (ConfUtils.java:logGet(46)) - raft.server.rpc.slowness.timeout = 300000ms (custom)
2023-01-26 17:25:10,910 [Listener at 127.0.0.1/34233] INFO  server.RaftServerConfigKeys (ConfUtils.java:logGet(46)) - raft.server.leaderelection.leader.step-down.wait-time = 10s (default)
2023-01-26 17:25:10,910 [Listener at 127.0.0.1/34233] INFO  server.RaftServerConfigKeys (ConfUtils.java:logGet(46)) - raft.server.storage.dir = [/home/runner/work/ozone/ozone/hadoop-ozone/integration-test/target/test-dir/MiniOzoneClusterImpl-21eb6502-c8cc-4b95-8a64-0224a41eaf0d/datanode-2/data/ratis] (custom)
2023-01-26 17:25:10,921 [Listener at 127.0.0.1/34233] INFO  server.XceiverServerGrpc (XceiverServerGrpc.java:<init>(132)) - GrpcServer channel type EpollServerSocketChannel
2023-01-26 17:25:10,926 [122b4be6-0cee-49ba-a809-7fef5e0e1400-NettyServerStreamRpc-bossGroup--thread1] INFO  logging.LoggingHandler (AbstractInternalLogger.java:log(148)) - [id: 0x2586b70c] REGISTERED
2023-01-26 17:25:10,926 [122b4be6-0cee-49ba-a809-7fef5e0e1400-NettyServerStreamRpc-bossGroup--thread1] INFO  logging.LoggingHandler (AbstractInternalLogger.java:log(148)) - [id: 0x2586b70c] BIND: 0.0.0.0/0.0.0.0:0
2023-01-26 17:25:10,927 [122b4be6-0cee-49ba-a809-7fef5e0e1400-NettyServerStreamRpc-bossGroup--thread1] INFO  logging.LoggingHandler (AbstractInternalLogger.java:log(148)) - [id: 0x2586b70c, L:/0:0:0:0:0:0:0:0:46437] ACTIVE
2023-01-26 17:25:10,927 [Listener at 127.0.0.1/34233] INFO  http.BaseHttpServer (BaseHttpServer.java:newHttpServer2BuilderForOzone(213)) - Starting Web-server for hddsDatanode at: http://0.0.0.0:0
2023-01-26 17:25:10,927 [Listener at 127.0.0.1/34233] INFO  http.BaseHttpServer (BaseHttpServer.java:<init>(108)) - Hadoop Security Enabled: false Ozone Security Enabled: false Ozone HTTP Security Enabled: false 
2023-01-26 17:25:10,928 [Listener at 127.0.0.1/34233] WARN  server.AuthenticationFilter (AuthenticationFilter.java:constructSecretProvider(240)) - Unable to initialize FileSignerSecretProvider, falling back to use random secrets. Reason: Could not read signature secret file: /home/runner/hadoop-http-auth-signature-secret
2023-01-26 17:25:10,929 [Listener at 127.0.0.1/34233] WARN  http.HttpRequestLog (HttpRequestLog.java:getRequestLog(103)) - Jetty request log can only be enabled using Log4j
2023-01-26 17:25:10,930 [Listener at 127.0.0.1/34233] INFO  http.HttpServer2 (HttpServer2.java:addGlobalFilter(1031)) - Added global filter 'safety' (class=org.apache.hadoop.hdds.server.http.HttpServer2$QuotingInputFilter)
2023-01-26 17:25:10,931 [Listener at 127.0.0.1/34233] INFO  http.HttpServer2 (HttpServer2.java:addFilter(1007)) - Added filter static_user_filter (class=org.apache.hadoop.http.lib.StaticUserWebFilter$StaticUserFilter) to context hddsDatanode
2023-01-26 17:25:10,931 [Listener at 127.0.0.1/34233] INFO  http.HttpServer2 (HttpServer2.java:addFilter(1015)) - Added filter static_user_filter (class=org.apache.hadoop.http.lib.StaticUserWebFilter$StaticUserFilter) to context static
2023-01-26 17:25:10,931 [Listener at 127.0.0.1/34233] INFO  http.HttpServer2 (HttpServer2.java:addFilter(1015)) - Added filter static_user_filter (class=org.apache.hadoop.http.lib.StaticUserWebFilter$StaticUserFilter) to context logs
2023-01-26 17:25:10,932 [Listener at 127.0.0.1/34233] INFO  http.HttpServer2 (HttpServer2.java:bindListener(1250)) - Jetty bound to port 43815
2023-01-26 17:25:10,932 [Listener at 127.0.0.1/34233] INFO  server.Server (Server.java:doStart(375)) - jetty-9.4.49.v20220914; built: 2022-09-14T01:07:36.601Z; git: 4231a3b2e4cb8548a412a789936d640a97b1aa0a; jvm 1.8.0_352-b08
2023-01-26 17:25:10,967 [Listener at 127.0.0.1/34233] INFO  server.session (DefaultSessionIdManager.java:doStart(334)) - DefaultSessionIdManager workerName=node0
2023-01-26 17:25:10,967 [Listener at 127.0.0.1/34233] INFO  server.session (DefaultSessionIdManager.java:doStart(339)) - No SessionScavenger set, using defaults
2023-01-26 17:25:10,968 [Listener at 127.0.0.1/34233] INFO  server.session (HouseKeeper.java:startScavenging(132)) - node0 Scavenging every 600000ms
2023-01-26 17:25:10,969 [Listener at 127.0.0.1/34233] INFO  handler.ContextHandler (ContextHandler.java:doStart(921)) - Started o.e.j.s.ServletContextHandler@1b83579c{logs,/logs,file:///home/runner/work/ozone/ozone/hadoop-ozone/integration-test/target/log,AVAILABLE}
2023-01-26 17:25:10,970 [Listener at 127.0.0.1/34233] INFO  handler.ContextHandler (ContextHandler.java:doStart(921)) - Started o.e.j.s.ServletContextHandler@44953958{static,/static,jar:file:/home/runner/.m2/repository/org/apache/ozone/hdds-container-service/1.4.0-SNAPSHOT/hdds-container-service-1.4.0-SNAPSHOT.jar!/webapps/static,AVAILABLE}
2023-01-26 17:25:10,980 [om1@group-C5BA1605619E-StateMachineUpdater] INFO  ratis.OzoneManagerStateMachine (OzoneManagerStateMachine.java:notifyConfigurationChanged(192)) - Received Configuration change notification from Ratis. New Peer list:
[id: "om1"
address: "localhost:9872"
startupRole: FOLLOWER
]
2023-01-26 17:25:11,152 [Listener at 127.0.0.1/34233] INFO  handler.ContextHandler (ContextHandler.java:doStart(921)) - Started o.e.j.w.WebAppContext@53a233cb{hddsDatanode,/,file:///tmp/jetty-0_0_0_0-43815-hdds-container-service-1_4_0-SNAPSHOT_jar-_-any-7827911335683026047/webapp/,AVAILABLE}{jar:file:/home/runner/.m2/repository/org/apache/ozone/hdds-container-service/1.4.0-SNAPSHOT/hdds-container-service-1.4.0-SNAPSHOT.jar!/webapps/hddsDatanode}
2023-01-26 17:25:11,153 [Listener at 127.0.0.1/34233] INFO  server.AbstractConnector (AbstractConnector.java:doStart(333)) - Started ServerConnector@6d1cf84c{HTTP/1.1, (http/1.1)}{0.0.0.0:43815}
2023-01-26 17:25:11,153 [Listener at 127.0.0.1/34233] INFO  server.Server (Server.java:doStart(415)) - Started @8511ms
2023-01-26 17:25:11,153 [Listener at 127.0.0.1/34233] WARN  impl.MetricsSystemImpl (MetricsSystemImpl.java:register(279)) - Sink prometheus already exists!
2023-01-26 17:25:11,154 [Listener at 127.0.0.1/34233] INFO  http.BaseHttpServer (BaseHttpServer.java:updateConnectorAddress(333)) - HTTP server of hddsDatanode listening at http://0.0.0.0:43815
2023-01-26 17:25:11,154 [Listener at 127.0.0.1/34233] WARN  impl.MetricRegistriesImpl (MetricRegistriesImpl.java:addReporterRegistration(111)) - New reporters are added after registries were created. Some metrics will be missing from the reporter. Please add reporter before adding any new registry.
2023-01-26 17:25:11,155 [Listener at 127.0.0.1/34233] WARN  impl.MetricRegistriesImpl (MetricRegistriesImpl.java:addReporterRegistration(111)) - New reporters are added after registries were created. Some metrics will be missing from the reporter. Please add reporter before adding any new registry.
2023-01-26 17:25:11,155 [Listener at 127.0.0.1/34233] INFO  impl.MetricsSystemImpl (MetricsSystemImpl.java:init(158)) - HddsDatanode metrics system started (again)
2023-01-26 17:25:11,155 [Datanode State Machine Daemon Thread] INFO  statemachine.DatanodeStateMachine (DatanodeStateMachine.java:lambda$startDaemon$0(515)) - Ozone container server started.
2023-01-26 17:25:11,174 [org.apache.hadoop.util.JvmPauseMonitor$Monitor@42272c90] INFO  util.JvmPauseMonitor (JvmPauseMonitor.java:run(188)) - Starting JVM pause monitor
2023-01-26 17:25:11,176 [Listener at 127.0.0.1/34233] INFO  ozone.HddsDatanodeService (HddsDatanodeService.java:start(228)) - HddsDatanodeService host:fv-az133-476.yhipumr4050edinzmvad0xeera.cx.internal.cloudapp.net ip:10.1.0.200
2023-01-26 17:25:11,177 [Datanode State Machine Task Thread - 0] INFO  datanode.InitDatanodeState (InitDatanodeState.java:persistContainerDatanodeDetails(138)) - DatanodeDetails is persisted to /home/runner/work/ozone/ozone/hadoop-ozone/integration-test/target/test-dir/MiniOzoneClusterImpl-21eb6502-c8cc-4b95-8a64-0224a41eaf0d/datanode-2/meta/datanode.id
2023-01-26 17:25:11,191 [Listener at 127.0.0.1/34233] INFO  upgrade.AbstractLayoutVersionManager (AbstractLayoutVersionManager.java:init(83)) - Initializing Layout version manager with metadata layout = DATANODE_SCHEMA_V3 (version = 4), software layout = DATANODE_SCHEMA_V3 (version = 4)
2023-01-26 17:25:11,243 [Listener at 127.0.0.1/34233] INFO  reflections.Reflections (Reflections.java:scan(232)) - Reflections took 51 ms to scan 7 urls, producing 148 keys and 356 values 
2023-01-26 17:25:11,247 [Listener at 127.0.0.1/34233] INFO  statemachine.DatanodeStateMachine (DatanodeStateMachine.java:getEndPointTaskThreadPoolSize(259)) - Datanode State Machine Task Thread Pool size 2
2023-01-26 17:25:11,259 [Listener at 127.0.0.1/34233] INFO  volume.HddsVolume (HddsVolume.java:<init>(117)) - Creating HddsVolume: /home/runner/work/ozone/ozone/hadoop-ozone/integration-test/target/test-dir/MiniOzoneClusterImpl-21eb6502-c8cc-4b95-8a64-0224a41eaf0d/datanode-3/data-0/containers/hdds of storage type : DISK capacity : 9223372036854775807
2023-01-26 17:25:11,260 [Listener at 127.0.0.1/34233] INFO  volume.MutableVolumeSet (MutableVolumeSet.java:initializeVolumeSet(174)) - Added Volume : /home/runner/work/ozone/ozone/hadoop-ozone/integration-test/target/test-dir/MiniOzoneClusterImpl-21eb6502-c8cc-4b95-8a64-0224a41eaf0d/datanode-3/data-0/containers/hdds to VolumeSet
2023-01-26 17:25:11,260 [Listener at 127.0.0.1/34233] INFO  volume.ThrottledAsyncChecker (ThrottledAsyncChecker.java:schedule(141)) - Scheduling a check for /home/runner/work/ozone/ozone/hadoop-ozone/integration-test/target/test-dir/MiniOzoneClusterImpl-21eb6502-c8cc-4b95-8a64-0224a41eaf0d/datanode-3/data-0/containers/hdds
2023-01-26 17:25:11,261 [Listener at 127.0.0.1/34233] INFO  volume.StorageVolumeChecker (StorageVolumeChecker.java:checkAllVolumes(202)) - Scheduled health check for volume /home/runner/work/ozone/ozone/hadoop-ozone/integration-test/target/test-dir/MiniOzoneClusterImpl-21eb6502-c8cc-4b95-8a64-0224a41eaf0d/datanode-3/data-0/containers/hdds
2023-01-26 17:25:11,273 [Listener at 127.0.0.1/34233] INFO  volume.MutableVolumeSet (MutableVolumeSet.java:initializeVolumeSet(174)) - Added Volume : /home/runner/work/ozone/ozone/hadoop-ozone/integration-test/target/test-dir/MiniOzoneClusterImpl-21eb6502-c8cc-4b95-8a64-0224a41eaf0d/datanode-3/data/ratis to VolumeSet
2023-01-26 17:25:11,274 [Listener at 127.0.0.1/34233] INFO  volume.ThrottledAsyncChecker (ThrottledAsyncChecker.java:schedule(141)) - Scheduling a check for /home/runner/work/ozone/ozone/hadoop-ozone/integration-test/target/test-dir/MiniOzoneClusterImpl-21eb6502-c8cc-4b95-8a64-0224a41eaf0d/datanode-3/data/ratis
2023-01-26 17:25:11,274 [Listener at 127.0.0.1/34233] INFO  volume.StorageVolumeChecker (StorageVolumeChecker.java:checkAllVolumes(202)) - Scheduled health check for volume /home/runner/work/ozone/ozone/hadoop-ozone/integration-test/target/test-dir/MiniOzoneClusterImpl-21eb6502-c8cc-4b95-8a64-0224a41eaf0d/datanode-3/data/ratis
2023-01-26 17:25:11,286 [Thread-180] INFO  ozoneimpl.ContainerReader (ContainerReader.java:readVolume(175)) - Finish verifying containers on volume /home/runner/work/ozone/ozone/hadoop-ozone/integration-test/target/test-dir/MiniOzoneClusterImpl-21eb6502-c8cc-4b95-8a64-0224a41eaf0d/datanode-3/data-0/containers/hdds
2023-01-26 17:25:11,286 [Listener at 127.0.0.1/34233] INFO  ozoneimpl.OzoneContainer (OzoneContainer.java:buildContainerSet(305)) - Build ContainerSet costs 0s
2023-01-26 17:25:11,289 [Listener at 127.0.0.1/34233] INFO  server.RaftServer (ConfUtils.java:logGet(46)) - raft.rpc.type = GRPC (default)
2023-01-26 17:25:11,289 [Listener at 127.0.0.1/34233] INFO  grpc.GrpcConfigKeys (ConfUtils.java:logFallback(53)) - raft.grpc.admin.host = null (fallback to raft.grpc.server.host)
2023-01-26 17:25:11,289 [Listener at 127.0.0.1/34233] INFO  grpc.GrpcConfigKeys (ConfUtils.java:logGet(46)) - raft.grpc.admin.port = 0 (custom)
2023-01-26 17:25:11,289 [Listener at 127.0.0.1/34233] INFO  grpc.GrpcConfigKeys (ConfUtils.java:logFallback(53)) - raft.grpc.client.host = null (fallback to raft.grpc.server.host)
2023-01-26 17:25:11,290 [Listener at 127.0.0.1/34233] INFO  grpc.GrpcConfigKeys (ConfUtils.java:logGet(46)) - raft.grpc.client.port = 0 (custom)
2023-01-26 17:25:11,290 [Listener at 127.0.0.1/34233] INFO  grpc.GrpcConfigKeys (ConfUtils.java:logGet(46)) - raft.grpc.server.host = null (default)
2023-01-26 17:25:11,290 [Listener at 127.0.0.1/34233] INFO  grpc.GrpcConfigKeys (ConfUtils.java:logGet(46)) - raft.grpc.server.port = 0 (default)
2023-01-26 17:25:11,290 [Listener at 127.0.0.1/34233] INFO  server.GrpcService (ConfUtils.java:logGet(46)) - raft.grpc.message.size.max = 32MB (=33554432) (custom)
2023-01-26 17:25:11,290 [Listener at 127.0.0.1/34233] INFO  server.RaftServerConfigKeys (ConfUtils.java:logGet(46)) - raft.server.log.appender.buffer.byte-limit = 33554432 (custom)
2023-01-26 17:25:11,290 [Listener at 127.0.0.1/34233] INFO  server.GrpcService (ConfUtils.java:logGet(46)) - raft.grpc.flow.control.window = 5MB (=5242880) (custom)
2023-01-26 17:25:11,292 [Listener at 127.0.0.1/34233] INFO  server.RaftServerConfigKeys (ConfUtils.java:logGet(46)) - raft.server.rpc.request.timeout = 3000ms (default)
2023-01-26 17:25:11,292 [Listener at 127.0.0.1/34233] INFO  grpc.GrpcConfigKeys (ConfUtils.java:logGet(46)) - raft.grpc.server.heartbeat.channel = true (default)
2023-01-26 17:25:11,292 [Listener at 127.0.0.1/34233] INFO  grpc.GrpcConfigKeys (ConfUtils.java:logGet(46)) - raft.grpc.server.async.request.thread.pool.cached = true (default)
2023-01-26 17:25:11,292 [Listener at 127.0.0.1/34233] INFO  grpc.GrpcConfigKeys (ConfUtils.java:logGet(46)) - raft.grpc.server.async.request.thread.pool.size = 32 (default)
2023-01-26 17:25:11,293 [Listener at 127.0.0.1/34233] INFO  impl.DataStreamServerImpl (ConfUtils.java:logGet(46)) - raft.datastream.type = NETTY (custom)
2023-01-26 17:25:11,295 [Listener at 127.0.0.1/34233] INFO  server.RaftServerConfigKeys (ConfUtils.java:logGet(46)) - raft.server.data-stream.async.request.thread.pool.cached = false (default)
2023-01-26 17:25:11,297 [Listener at 127.0.0.1/34233] INFO  server.RaftServerConfigKeys (ConfUtils.java:logGet(46)) - raft.server.data-stream.async.request.thread.pool.size = 20 (custom)
2023-01-26 17:25:11,298 [Listener at 127.0.0.1/34233] INFO  server.RaftServerConfigKeys (ConfUtils.java:logGet(46)) - raft.server.data-stream.async.write.thread.pool.size = 16 (default)
2023-01-26 17:25:11,298 [Listener at 127.0.0.1/34233] INFO  server.RaftServerConfigKeys (ConfUtils.java:logGet(46)) - raft.server.data-stream.client.pool.size = 10 (default)
2023-01-26 17:25:11,298 [Listener at 127.0.0.1/34233] INFO  netty.NettyConfigKeys$DataStream (ConfUtils.java:logGet(46)) - raft.netty.dataStream.server.use-epoll = false (default)
2023-01-26 17:25:11,301 [Listener at 127.0.0.1/34233] INFO  netty.NettyConfigKeys$DataStream (ConfUtils.java:logGet(46)) - raft.netty.dataStream.server.boss-group.size = 0 (default)
2023-01-26 17:25:11,301 [Listener at 127.0.0.1/34233] INFO  netty.NettyConfigKeys$DataStream (ConfUtils.java:logGet(46)) - raft.netty.dataStream.server.worker-group.size = 0 (default)
2023-01-26 17:25:11,301 [Listener at 127.0.0.1/34233] INFO  netty.NettyConfigKeys$DataStream (ConfUtils.java:logGet(46)) - raft.netty.dataStream.server.tls.conf = null (default)
2023-01-26 17:25:11,301 [Listener at 127.0.0.1/34233] INFO  netty.NettyConfigKeys$DataStream (ConfUtils.java:logGet(46)) - raft.netty.dataStream.host = null (default)
2023-01-26 17:25:11,302 [Listener at 127.0.0.1/34233] INFO  netty.NettyConfigKeys$DataStream (ConfUtils.java:logGet(46)) - raft.netty.dataStream.port = 0 (default)
2023-01-26 17:25:11,302 [Listener at 127.0.0.1/34233] INFO  server.RaftServerConfigKeys (ConfUtils.java:logGet(46)) - raft.server.threadpool.proxy.cached = true (default)
2023-01-26 17:25:11,307 [71f3d3ef-41ca-413f-b126-a07e725e6122-NettyServerStreamRpc-bossGroup--thread1] INFO  logging.LoggingHandler (AbstractInternalLogger.java:log(148)) - [id: 0x2be8cb4e] REGISTERED
2023-01-26 17:25:11,307 [71f3d3ef-41ca-413f-b126-a07e725e6122-NettyServerStreamRpc-bossGroup--thread1] INFO  logging.LoggingHandler (AbstractInternalLogger.java:log(148)) - [id: 0x2be8cb4e] BIND: 0.0.0.0/0.0.0.0:0
2023-01-26 17:25:11,307 [71f3d3ef-41ca-413f-b126-a07e725e6122-NettyServerStreamRpc-bossGroup--thread1] INFO  logging.LoggingHandler (AbstractInternalLogger.java:log(148)) - [id: 0x2be8cb4e, L:/0:0:0:0:0:0:0:0:38403] ACTIVE
2023-01-26 17:25:11,307 [Listener at 127.0.0.1/34233] INFO  server.RaftServerConfigKeys (ConfUtils.java:logGet(46)) - raft.server.threadpool.proxy.size = 0 (default)
2023-01-26 17:25:11,308 [Listener at 127.0.0.1/34233] INFO  server.RaftServerConfigKeys (ConfUtils.java:logGet(46)) - raft.server.rpc.slowness.timeout = 300000ms (custom)
2023-01-26 17:25:11,308 [Listener at 127.0.0.1/34233] INFO  server.RaftServerConfigKeys (ConfUtils.java:logGet(46)) - raft.server.leaderelection.leader.step-down.wait-time = 10s (default)
2023-01-26 17:25:11,308 [Listener at 127.0.0.1/34233] INFO  server.RaftServerConfigKeys (ConfUtils.java:logGet(46)) - raft.server.storage.dir = [/home/runner/work/ozone/ozone/hadoop-ozone/integration-test/target/test-dir/MiniOzoneClusterImpl-21eb6502-c8cc-4b95-8a64-0224a41eaf0d/datanode-3/data/ratis] (custom)
2023-01-26 17:25:11,309 [Listener at 127.0.0.1/34233] INFO  server.XceiverServerGrpc (XceiverServerGrpc.java:<init>(132)) - GrpcServer channel type EpollServerSocketChannel
2023-01-26 17:25:11,314 [Listener at 127.0.0.1/34233] INFO  http.BaseHttpServer (BaseHttpServer.java:newHttpServer2BuilderForOzone(213)) - Starting Web-server for hddsDatanode at: http://0.0.0.0:0
2023-01-26 17:25:11,314 [Listener at 127.0.0.1/34233] INFO  http.BaseHttpServer (BaseHttpServer.java:<init>(108)) - Hadoop Security Enabled: false Ozone Security Enabled: false Ozone HTTP Security Enabled: false 
2023-01-26 17:25:11,315 [Listener at 127.0.0.1/34233] WARN  server.AuthenticationFilter (AuthenticationFilter.java:constructSecretProvider(240)) - Unable to initialize FileSignerSecretProvider, falling back to use random secrets. Reason: Could not read signature secret file: /home/runner/hadoop-http-auth-signature-secret
2023-01-26 17:25:11,316 [Listener at 127.0.0.1/34233] WARN  http.HttpRequestLog (HttpRequestLog.java:getRequestLog(103)) - Jetty request log can only be enabled using Log4j
2023-01-26 17:25:11,317 [Listener at 127.0.0.1/34233] INFO  http.HttpServer2 (HttpServer2.java:addGlobalFilter(1031)) - Added global filter 'safety' (class=org.apache.hadoop.hdds.server.http.HttpServer2$QuotingInputFilter)
2023-01-26 17:25:11,318 [Listener at 127.0.0.1/34233] INFO  http.HttpServer2 (HttpServer2.java:addFilter(1007)) - Added filter static_user_filter (class=org.apache.hadoop.http.lib.StaticUserWebFilter$StaticUserFilter) to context hddsDatanode
2023-01-26 17:25:11,318 [Listener at 127.0.0.1/34233] INFO  http.HttpServer2 (HttpServer2.java:addFilter(1015)) - Added filter static_user_filter (class=org.apache.hadoop.http.lib.StaticUserWebFilter$StaticUserFilter) to context static
2023-01-26 17:25:11,318 [Listener at 127.0.0.1/34233] INFO  http.HttpServer2 (HttpServer2.java:addFilter(1015)) - Added filter static_user_filter (class=org.apache.hadoop.http.lib.StaticUserWebFilter$StaticUserFilter) to context logs
2023-01-26 17:25:11,320 [Listener at 127.0.0.1/34233] INFO  http.HttpServer2 (HttpServer2.java:bindListener(1250)) - Jetty bound to port 35101
2023-01-26 17:25:11,320 [Listener at 127.0.0.1/34233] INFO  server.Server (Server.java:doStart(375)) - jetty-9.4.49.v20220914; built: 2022-09-14T01:07:36.601Z; git: 4231a3b2e4cb8548a412a789936d640a97b1aa0a; jvm 1.8.0_352-b08
2023-01-26 17:25:11,321 [Listener at 127.0.0.1/34233] INFO  server.session (DefaultSessionIdManager.java:doStart(334)) - DefaultSessionIdManager workerName=node0
2023-01-26 17:25:11,322 [Listener at 127.0.0.1/34233] INFO  server.session (DefaultSessionIdManager.java:doStart(339)) - No SessionScavenger set, using defaults
2023-01-26 17:25:11,322 [Listener at 127.0.0.1/34233] INFO  server.session (HouseKeeper.java:startScavenging(132)) - node0 Scavenging every 660000ms
2023-01-26 17:25:11,323 [Listener at 127.0.0.1/34233] INFO  handler.ContextHandler (ContextHandler.java:doStart(921)) - Started o.e.j.s.ServletContextHandler@26843c72{logs,/logs,file:///home/runner/work/ozone/ozone/hadoop-ozone/integration-test/target/log,AVAILABLE}
2023-01-26 17:25:11,324 [Listener at 127.0.0.1/34233] INFO  handler.ContextHandler (ContextHandler.java:doStart(921)) - Started o.e.j.s.ServletContextHandler@7ed3fbf6{static,/static,jar:file:/home/runner/.m2/repository/org/apache/ozone/hdds-container-service/1.4.0-SNAPSHOT/hdds-container-service-1.4.0-SNAPSHOT.jar!/webapps/static,AVAILABLE}
2023-01-26 17:25:11,496 [Listener at 127.0.0.1/34233] INFO  handler.ContextHandler (ContextHandler.java:doStart(921)) - Started o.e.j.w.WebAppContext@622f5b1d{hddsDatanode,/,file:///tmp/jetty-0_0_0_0-35101-hdds-container-service-1_4_0-SNAPSHOT_jar-_-any-4238268699858667647/webapp/,AVAILABLE}{jar:file:/home/runner/.m2/repository/org/apache/ozone/hdds-container-service/1.4.0-SNAPSHOT/hdds-container-service-1.4.0-SNAPSHOT.jar!/webapps/hddsDatanode}
2023-01-26 17:25:11,497 [Listener at 127.0.0.1/34233] INFO  server.AbstractConnector (AbstractConnector.java:doStart(333)) - Started ServerConnector@17fb194a{HTTP/1.1, (http/1.1)}{0.0.0.0:35101}
2023-01-26 17:25:11,497 [Listener at 127.0.0.1/34233] INFO  server.Server (Server.java:doStart(415)) - Started @8856ms
2023-01-26 17:25:11,498 [Listener at 127.0.0.1/34233] WARN  impl.MetricsSystemImpl (MetricsSystemImpl.java:register(279)) - Sink prometheus already exists!
2023-01-26 17:25:11,498 [Listener at 127.0.0.1/34233] INFO  http.BaseHttpServer (BaseHttpServer.java:updateConnectorAddress(333)) - HTTP server of hddsDatanode listening at http://0.0.0.0:35101
2023-01-26 17:25:11,502 [Listener at 127.0.0.1/34233] WARN  impl.MetricRegistriesImpl (MetricRegistriesImpl.java:addReporterRegistration(111)) - New reporters are added after registries were created. Some metrics will be missing from the reporter. Please add reporter before adding any new registry.
2023-01-26 17:25:11,503 [Listener at 127.0.0.1/34233] WARN  impl.MetricRegistriesImpl (MetricRegistriesImpl.java:addReporterRegistration(111)) - New reporters are added after registries were created. Some metrics will be missing from the reporter. Please add reporter before adding any new registry.
2023-01-26 17:25:11,503 [Listener at 127.0.0.1/34233] INFO  impl.MetricsSystemImpl (MetricsSystemImpl.java:init(158)) - HddsDatanode metrics system started (again)
2023-01-26 17:25:11,505 [Datanode State Machine Daemon Thread] INFO  statemachine.DatanodeStateMachine (DatanodeStateMachine.java:lambda$startDaemon$0(515)) - Ozone container server started.
2023-01-26 17:25:11,514 [Listener at 127.0.0.1/34233] INFO  ozone.HddsDatanodeService (HddsDatanodeService.java:start(228)) - HddsDatanodeService host:fv-az133-476.yhipumr4050edinzmvad0xeera.cx.internal.cloudapp.net ip:10.1.0.200
2023-01-26 17:25:11,514 [org.apache.hadoop.util.JvmPauseMonitor$Monitor@219ea9] INFO  util.JvmPauseMonitor (JvmPauseMonitor.java:run(188)) - Starting JVM pause monitor
2023-01-26 17:25:11,520 [Datanode State Machine Task Thread - 0] INFO  datanode.InitDatanodeState (InitDatanodeState.java:persistContainerDatanodeDetails(138)) - DatanodeDetails is persisted to /home/runner/work/ozone/ozone/hadoop-ozone/integration-test/target/test-dir/MiniOzoneClusterImpl-21eb6502-c8cc-4b95-8a64-0224a41eaf0d/datanode-3/meta/datanode.id
2023-01-26 17:25:11,531 [Listener at 127.0.0.1/34233] INFO  upgrade.AbstractLayoutVersionManager (AbstractLayoutVersionManager.java:init(83)) - Initializing Layout version manager with metadata layout = DATANODE_SCHEMA_V3 (version = 4), software layout = DATANODE_SCHEMA_V3 (version = 4)
2023-01-26 17:25:11,578 [Listener at 127.0.0.1/34233] INFO  reflections.Reflections (Reflections.java:scan(232)) - Reflections took 46 ms to scan 7 urls, producing 148 keys and 356 values 
2023-01-26 17:25:11,580 [Listener at 127.0.0.1/34233] INFO  statemachine.DatanodeStateMachine (DatanodeStateMachine.java:getEndPointTaskThreadPoolSize(259)) - Datanode State Machine Task Thread Pool size 2
2023-01-26 17:25:11,583 [Listener at 127.0.0.1/34233] INFO  volume.HddsVolume (HddsVolume.java:<init>(117)) - Creating HddsVolume: /home/runner/work/ozone/ozone/hadoop-ozone/integration-test/target/test-dir/MiniOzoneClusterImpl-21eb6502-c8cc-4b95-8a64-0224a41eaf0d/datanode-4/data-0/containers/hdds of storage type : DISK capacity : 9223372036854775807
2023-01-26 17:25:11,584 [Listener at 127.0.0.1/34233] INFO  volume.MutableVolumeSet (MutableVolumeSet.java:initializeVolumeSet(174)) - Added Volume : /home/runner/work/ozone/ozone/hadoop-ozone/integration-test/target/test-dir/MiniOzoneClusterImpl-21eb6502-c8cc-4b95-8a64-0224a41eaf0d/datanode-4/data-0/containers/hdds to VolumeSet
2023-01-26 17:25:11,584 [Listener at 127.0.0.1/34233] INFO  volume.ThrottledAsyncChecker (ThrottledAsyncChecker.java:schedule(141)) - Scheduling a check for /home/runner/work/ozone/ozone/hadoop-ozone/integration-test/target/test-dir/MiniOzoneClusterImpl-21eb6502-c8cc-4b95-8a64-0224a41eaf0d/datanode-4/data-0/containers/hdds
2023-01-26 17:25:11,589 [Listener at 127.0.0.1/34233] INFO  volume.StorageVolumeChecker (StorageVolumeChecker.java:checkAllVolumes(202)) - Scheduled health check for volume /home/runner/work/ozone/ozone/hadoop-ozone/integration-test/target/test-dir/MiniOzoneClusterImpl-21eb6502-c8cc-4b95-8a64-0224a41eaf0d/datanode-4/data-0/containers/hdds
2023-01-26 17:25:11,601 [Listener at 127.0.0.1/34233] INFO  volume.MutableVolumeSet (MutableVolumeSet.java:initializeVolumeSet(174)) - Added Volume : /home/runner/work/ozone/ozone/hadoop-ozone/integration-test/target/test-dir/MiniOzoneClusterImpl-21eb6502-c8cc-4b95-8a64-0224a41eaf0d/datanode-4/data/ratis to VolumeSet
2023-01-26 17:25:11,601 [Listener at 127.0.0.1/34233] INFO  volume.ThrottledAsyncChecker (ThrottledAsyncChecker.java:schedule(141)) - Scheduling a check for /home/runner/work/ozone/ozone/hadoop-ozone/integration-test/target/test-dir/MiniOzoneClusterImpl-21eb6502-c8cc-4b95-8a64-0224a41eaf0d/datanode-4/data/ratis
2023-01-26 17:25:11,601 [Listener at 127.0.0.1/34233] INFO  volume.StorageVolumeChecker (StorageVolumeChecker.java:checkAllVolumes(202)) - Scheduled health check for volume /home/runner/work/ozone/ozone/hadoop-ozone/integration-test/target/test-dir/MiniOzoneClusterImpl-21eb6502-c8cc-4b95-8a64-0224a41eaf0d/datanode-4/data/ratis
2023-01-26 17:25:11,613 [Thread-194] INFO  ozoneimpl.ContainerReader (ContainerReader.java:readVolume(175)) - Finish verifying containers on volume /home/runner/work/ozone/ozone/hadoop-ozone/integration-test/target/test-dir/MiniOzoneClusterImpl-21eb6502-c8cc-4b95-8a64-0224a41eaf0d/datanode-4/data-0/containers/hdds
2023-01-26 17:25:11,613 [Listener at 127.0.0.1/34233] INFO  ozoneimpl.OzoneContainer (OzoneContainer.java:buildContainerSet(305)) - Build ContainerSet costs 0s
2023-01-26 17:25:11,618 [Listener at 127.0.0.1/34233] INFO  server.RaftServer (ConfUtils.java:logGet(46)) - raft.rpc.type = GRPC (default)
2023-01-26 17:25:11,619 [Listener at 127.0.0.1/34233] INFO  grpc.GrpcConfigKeys (ConfUtils.java:logFallback(53)) - raft.grpc.admin.host = null (fallback to raft.grpc.server.host)
2023-01-26 17:25:11,620 [Listener at 127.0.0.1/34233] INFO  grpc.GrpcConfigKeys (ConfUtils.java:logGet(46)) - raft.grpc.admin.port = 0 (custom)
2023-01-26 17:25:11,620 [Listener at 127.0.0.1/34233] INFO  grpc.GrpcConfigKeys (ConfUtils.java:logFallback(53)) - raft.grpc.client.host = null (fallback to raft.grpc.server.host)
2023-01-26 17:25:11,620 [Listener at 127.0.0.1/34233] INFO  grpc.GrpcConfigKeys (ConfUtils.java:logGet(46)) - raft.grpc.client.port = 0 (custom)
2023-01-26 17:25:11,621 [Listener at 127.0.0.1/34233] INFO  grpc.GrpcConfigKeys (ConfUtils.java:logGet(46)) - raft.grpc.server.host = null (default)
2023-01-26 17:25:11,621 [Listener at 127.0.0.1/34233] INFO  grpc.GrpcConfigKeys (ConfUtils.java:logGet(46)) - raft.grpc.server.port = 0 (default)
2023-01-26 17:25:11,621 [Listener at 127.0.0.1/34233] INFO  server.GrpcService (ConfUtils.java:logGet(46)) - raft.grpc.message.size.max = 32MB (=33554432) (custom)
2023-01-26 17:25:11,621 [Listener at 127.0.0.1/34233] INFO  server.RaftServerConfigKeys (ConfUtils.java:logGet(46)) - raft.server.log.appender.buffer.byte-limit = 33554432 (custom)
2023-01-26 17:25:11,621 [Listener at 127.0.0.1/34233] INFO  server.GrpcService (ConfUtils.java:logGet(46)) - raft.grpc.flow.control.window = 5MB (=5242880) (custom)
2023-01-26 17:25:11,622 [Listener at 127.0.0.1/34233] INFO  server.RaftServerConfigKeys (ConfUtils.java:logGet(46)) - raft.server.rpc.request.timeout = 3000ms (default)
2023-01-26 17:25:11,622 [Listener at 127.0.0.1/34233] INFO  grpc.GrpcConfigKeys (ConfUtils.java:logGet(46)) - raft.grpc.server.heartbeat.channel = true (default)
2023-01-26 17:25:11,622 [Listener at 127.0.0.1/34233] INFO  grpc.GrpcConfigKeys (ConfUtils.java:logGet(46)) - raft.grpc.server.async.request.thread.pool.cached = true (default)
2023-01-26 17:25:11,622 [Listener at 127.0.0.1/34233] INFO  grpc.GrpcConfigKeys (ConfUtils.java:logGet(46)) - raft.grpc.server.async.request.thread.pool.size = 32 (default)
2023-01-26 17:25:11,624 [Listener at 127.0.0.1/34233] INFO  impl.DataStreamServerImpl (ConfUtils.java:logGet(46)) - raft.datastream.type = NETTY (custom)
2023-01-26 17:25:11,625 [Listener at 127.0.0.1/34233] INFO  server.RaftServerConfigKeys (ConfUtils.java:logGet(46)) - raft.server.data-stream.async.request.thread.pool.cached = false (default)
2023-01-26 17:25:11,625 [Listener at 127.0.0.1/34233] INFO  server.RaftServerConfigKeys (ConfUtils.java:logGet(46)) - raft.server.data-stream.async.request.thread.pool.size = 20 (custom)
2023-01-26 17:25:11,625 [Listener at 127.0.0.1/34233] INFO  server.RaftServerConfigKeys (ConfUtils.java:logGet(46)) - raft.server.data-stream.async.write.thread.pool.size = 16 (default)
2023-01-26 17:25:11,625 [Listener at 127.0.0.1/34233] INFO  server.RaftServerConfigKeys (ConfUtils.java:logGet(46)) - raft.server.data-stream.client.pool.size = 10 (default)
2023-01-26 17:25:11,625 [Listener at 127.0.0.1/34233] INFO  netty.NettyConfigKeys$DataStream (ConfUtils.java:logGet(46)) - raft.netty.dataStream.server.use-epoll = false (default)
2023-01-26 17:25:11,626 [Listener at 127.0.0.1/34233] INFO  netty.NettyConfigKeys$DataStream (ConfUtils.java:logGet(46)) - raft.netty.dataStream.server.boss-group.size = 0 (default)
2023-01-26 17:25:11,628 [Listener at 127.0.0.1/34233] INFO  netty.NettyConfigKeys$DataStream (ConfUtils.java:logGet(46)) - raft.netty.dataStream.server.worker-group.size = 0 (default)
2023-01-26 17:25:11,629 [Listener at 127.0.0.1/34233] INFO  netty.NettyConfigKeys$DataStream (ConfUtils.java:logGet(46)) - raft.netty.dataStream.server.tls.conf = null (default)
2023-01-26 17:25:11,629 [Listener at 127.0.0.1/34233] INFO  netty.NettyConfigKeys$DataStream (ConfUtils.java:logGet(46)) - raft.netty.dataStream.host = null (default)
2023-01-26 17:25:11,629 [Listener at 127.0.0.1/34233] INFO  netty.NettyConfigKeys$DataStream (ConfUtils.java:logGet(46)) - raft.netty.dataStream.port = 0 (default)
2023-01-26 17:25:11,630 [Listener at 127.0.0.1/34233] INFO  server.RaftServerConfigKeys (ConfUtils.java:logGet(46)) - raft.server.threadpool.proxy.cached = true (default)
2023-01-26 17:25:11,632 [Listener at 127.0.0.1/34233] INFO  server.RaftServerConfigKeys (ConfUtils.java:logGet(46)) - raft.server.threadpool.proxy.size = 0 (default)
2023-01-26 17:25:11,632 [Listener at 127.0.0.1/34233] INFO  server.RaftServerConfigKeys (ConfUtils.java:logGet(46)) - raft.server.rpc.slowness.timeout = 300000ms (custom)
2023-01-26 17:25:11,632 [Listener at 127.0.0.1/34233] INFO  server.RaftServerConfigKeys (ConfUtils.java:logGet(46)) - raft.server.leaderelection.leader.step-down.wait-time = 10s (default)
2023-01-26 17:25:11,632 [Listener at 127.0.0.1/34233] INFO  server.RaftServerConfigKeys (ConfUtils.java:logGet(46)) - raft.server.storage.dir = [/home/runner/work/ozone/ozone/hadoop-ozone/integration-test/target/test-dir/MiniOzoneClusterImpl-21eb6502-c8cc-4b95-8a64-0224a41eaf0d/datanode-4/data/ratis] (custom)
2023-01-26 17:25:11,633 [29fadfb4-950d-40e8-bbd4-05f10ea5ea2e-NettyServerStreamRpc-bossGroup--thread1] INFO  logging.LoggingHandler (AbstractInternalLogger.java:log(148)) - [id: 0x5699b256] REGISTERED
2023-01-26 17:25:11,633 [29fadfb4-950d-40e8-bbd4-05f10ea5ea2e-NettyServerStreamRpc-bossGroup--thread1] INFO  logging.LoggingHandler (AbstractInternalLogger.java:log(148)) - [id: 0x5699b256] BIND: 0.0.0.0/0.0.0.0:0
2023-01-26 17:25:11,633 [29fadfb4-950d-40e8-bbd4-05f10ea5ea2e-NettyServerStreamRpc-bossGroup--thread1] INFO  logging.LoggingHandler (AbstractInternalLogger.java:log(148)) - [id: 0x5699b256, L:/0:0:0:0:0:0:0:0:35985] ACTIVE
2023-01-26 17:25:11,634 [Listener at 127.0.0.1/34233] INFO  server.XceiverServerGrpc (XceiverServerGrpc.java:<init>(132)) - GrpcServer channel type EpollServerSocketChannel
2023-01-26 17:25:11,639 [Listener at 127.0.0.1/34233] INFO  http.BaseHttpServer (BaseHttpServer.java:newHttpServer2BuilderForOzone(213)) - Starting Web-server for hddsDatanode at: http://0.0.0.0:0
2023-01-26 17:25:11,639 [Listener at 127.0.0.1/34233] INFO  http.BaseHttpServer (BaseHttpServer.java:<init>(108)) - Hadoop Security Enabled: false Ozone Security Enabled: false Ozone HTTP Security Enabled: false 
2023-01-26 17:25:11,640 [Listener at 127.0.0.1/34233] WARN  server.AuthenticationFilter (AuthenticationFilter.java:constructSecretProvider(240)) - Unable to initialize FileSignerSecretProvider, falling back to use random secrets. Reason: Could not read signature secret file: /home/runner/hadoop-http-auth-signature-secret
2023-01-26 17:25:11,641 [Listener at 127.0.0.1/34233] WARN  http.HttpRequestLog (HttpRequestLog.java:getRequestLog(103)) - Jetty request log can only be enabled using Log4j
2023-01-26 17:25:11,643 [Listener at 127.0.0.1/34233] INFO  http.HttpServer2 (HttpServer2.java:addGlobalFilter(1031)) - Added global filter 'safety' (class=org.apache.hadoop.hdds.server.http.HttpServer2$QuotingInputFilter)
2023-01-26 17:25:11,644 [Listener at 127.0.0.1/34233] INFO  http.HttpServer2 (HttpServer2.java:addFilter(1007)) - Added filter static_user_filter (class=org.apache.hadoop.http.lib.StaticUserWebFilter$StaticUserFilter) to context hddsDatanode
2023-01-26 17:25:11,644 [Listener at 127.0.0.1/34233] INFO  http.HttpServer2 (HttpServer2.java:addFilter(1015)) - Added filter static_user_filter (class=org.apache.hadoop.http.lib.StaticUserWebFilter$StaticUserFilter) to context logs
2023-01-26 17:25:11,644 [Listener at 127.0.0.1/34233] INFO  http.HttpServer2 (HttpServer2.java:addFilter(1015)) - Added filter static_user_filter (class=org.apache.hadoop.http.lib.StaticUserWebFilter$StaticUserFilter) to context static
2023-01-26 17:25:11,644 [Listener at 127.0.0.1/34233] INFO  http.HttpServer2 (HttpServer2.java:bindListener(1250)) - Jetty bound to port 42275
2023-01-26 17:25:11,644 [Listener at 127.0.0.1/34233] INFO  server.Server (Server.java:doStart(375)) - jetty-9.4.49.v20220914; built: 2022-09-14T01:07:36.601Z; git: 4231a3b2e4cb8548a412a789936d640a97b1aa0a; jvm 1.8.0_352-b08
2023-01-26 17:25:11,646 [Listener at 127.0.0.1/34233] INFO  server.session (DefaultSessionIdManager.java:doStart(334)) - DefaultSessionIdManager workerName=node0
2023-01-26 17:25:11,646 [Listener at 127.0.0.1/34233] INFO  server.session (DefaultSessionIdManager.java:doStart(339)) - No SessionScavenger set, using defaults
2023-01-26 17:25:11,646 [Listener at 127.0.0.1/34233] INFO  server.session (HouseKeeper.java:startScavenging(132)) - node0 Scavenging every 660000ms
2023-01-26 17:25:11,647 [Listener at 127.0.0.1/34233] INFO  handler.ContextHandler (ContextHandler.java:doStart(921)) - Started o.e.j.s.ServletContextHandler@714eba7f{logs,/logs,file:///home/runner/work/ozone/ozone/hadoop-ozone/integration-test/target/log,AVAILABLE}
2023-01-26 17:25:11,647 [Listener at 127.0.0.1/34233] INFO  handler.ContextHandler (ContextHandler.java:doStart(921)) - Started o.e.j.s.ServletContextHandler@6510d718{static,/static,jar:file:/home/runner/.m2/repository/org/apache/ozone/hdds-container-service/1.4.0-SNAPSHOT/hdds-container-service-1.4.0-SNAPSHOT.jar!/webapps/static,AVAILABLE}
2023-01-26 17:25:11,828 [Listener at 127.0.0.1/34233] INFO  handler.ContextHandler (ContextHandler.java:doStart(921)) - Started o.e.j.w.WebAppContext@24bfa69f{hddsDatanode,/,file:///tmp/jetty-0_0_0_0-42275-hdds-container-service-1_4_0-SNAPSHOT_jar-_-any-3242807752199080107/webapp/,AVAILABLE}{jar:file:/home/runner/.m2/repository/org/apache/ozone/hdds-container-service/1.4.0-SNAPSHOT/hdds-container-service-1.4.0-SNAPSHOT.jar!/webapps/hddsDatanode}
2023-01-26 17:25:11,829 [Listener at 127.0.0.1/34233] INFO  server.AbstractConnector (AbstractConnector.java:doStart(333)) - Started ServerConnector@721b941b{HTTP/1.1, (http/1.1)}{0.0.0.0:42275}
2023-01-26 17:25:11,829 [Listener at 127.0.0.1/34233] INFO  server.Server (Server.java:doStart(415)) - Started @9188ms
2023-01-26 17:25:11,830 [Listener at 127.0.0.1/34233] WARN  impl.MetricsSystemImpl (MetricsSystemImpl.java:register(279)) - Sink prometheus already exists!
2023-01-26 17:25:11,830 [Listener at 127.0.0.1/34233] INFO  http.BaseHttpServer (BaseHttpServer.java:updateConnectorAddress(333)) - HTTP server of hddsDatanode listening at http://0.0.0.0:42275
2023-01-26 17:25:11,831 [Datanode State Machine Daemon Thread] INFO  statemachine.DatanodeStateMachine (DatanodeStateMachine.java:lambda$startDaemon$0(515)) - Ozone container server started.
2023-01-26 17:25:11,837 [Listener at 127.0.0.1/34233] INFO  ozone.MiniOzoneClusterImpl (MiniOzoneClusterImpl.java:lambda$waitForClusterToBeReady$0(218)) - Waiting for nodes to be ready. Got 0 of 5 DN Heartbeats.
2023-01-26 17:25:11,837 [Listener at 127.0.0.1/34233] INFO  ozone.MiniOzoneClusterImpl (MiniOzoneClusterImpl.java:lambda$waitForClusterToBeReady$0(221)) - Waiting for cluster to exit safe mode
2023-01-26 17:25:11,837 [Listener at 127.0.0.1/34233] INFO  ozone.MiniOzoneClusterImpl (MiniOzoneClusterImpl.java:lambda$waitForClusterToBeReady$0(223)) - SCM became leader
2023-01-26 17:25:11,838 [org.apache.hadoop.util.JvmPauseMonitor$Monitor@5e2a2859] INFO  util.JvmPauseMonitor (JvmPauseMonitor.java:run(188)) - Starting JVM pause monitor
2023-01-26 17:25:11,843 [Datanode State Machine Task Thread - 0] INFO  datanode.InitDatanodeState (InitDatanodeState.java:persistContainerDatanodeDetails(138)) - DatanodeDetails is persisted to /home/runner/work/ozone/ozone/hadoop-ozone/integration-test/target/test-dir/MiniOzoneClusterImpl-21eb6502-c8cc-4b95-8a64-0224a41eaf0d/datanode-4/meta/datanode.id
2023-01-26 17:25:12,336 [EndpointStateMachine task thread for /0.0.0.0:40919 - 0 ] INFO  utils.DatanodeStoreCache (DatanodeStoreCache.java:addDB(58)) - Added db /home/runner/work/ozone/ozone/hadoop-ozone/integration-test/target/test-dir/MiniOzoneClusterImpl-21eb6502-c8cc-4b95-8a64-0224a41eaf0d/datanode-0/data-0/containers/hdds/21eb6502-c8cc-4b95-8a64-0224a41eaf0d/DS-41ec92c7-3027-4f7c-ad6c-c02efbe881d4/container.db to cache
2023-01-26 17:25:12,336 [EndpointStateMachine task thread for /0.0.0.0:40919 - 0 ] INFO  volume.HddsVolume (HddsVolume.java:createDbStore(307)) - SchemaV3 db is created and loaded at /home/runner/work/ozone/ozone/hadoop-ozone/integration-test/target/test-dir/MiniOzoneClusterImpl-21eb6502-c8cc-4b95-8a64-0224a41eaf0d/datanode-0/data-0/containers/hdds/21eb6502-c8cc-4b95-8a64-0224a41eaf0d/DS-41ec92c7-3027-4f7c-ad6c-c02efbe881d4/container.db for volume DS-41ec92c7-3027-4f7c-ad6c-c02efbe881d4
2023-01-26 17:25:12,337 [EndpointStateMachine task thread for /0.0.0.0:40919 - 0 ] INFO  ozoneimpl.OzoneContainer (OzoneContainer.java:start(399)) - Attempting to start container services.
2023-01-26 17:25:12,339 [EndpointStateMachine task thread for /0.0.0.0:40919 - 0 ] INFO  ozoneimpl.OzoneContainer (OzoneContainer.java:startContainerScrub(316)) - Scheduled background container scanners and the on-demand container scanner have been disabled.
2023-01-26 17:25:12,341 [EndpointStateMachine task thread for /0.0.0.0:40919 - 0 ] INFO  replication.ReplicationServer (ReplicationServer.java:start(109)) - ReplicationServer is started using port 35637
2023-01-26 17:25:12,343 [EndpointStateMachine task thread for /0.0.0.0:40919 - 0 ] INFO  ratis.XceiverServerRatis (XceiverServerRatis.java:start(517)) - Starting XceiverServerRatis d082cfae-03ac-47dd-a559-6fd7cb4436a1
2023-01-26 17:25:12,344 [EndpointStateMachine task thread for /0.0.0.0:40919 - 0 ] INFO  server.RaftServer (RaftServerProxy.java:startImpl(393)) - d082cfae-03ac-47dd-a559-6fd7cb4436a1: start RPC server
2023-01-26 17:25:12,348 [EndpointStateMachine task thread for /0.0.0.0:40919 - 0 ] INFO  server.GrpcService (GrpcService.java:startImpl(262)) - d082cfae-03ac-47dd-a559-6fd7cb4436a1: GrpcService started, listening on 43095
2023-01-26 17:25:12,349 [EndpointStateMachine task thread for /0.0.0.0:40919 - 0 ] INFO  ratis.XceiverServerRatis (XceiverServerRatis.java:getRealPort(543)) - XceiverServerRatis d082cfae-03ac-47dd-a559-6fd7cb4436a1 is started using port 43095 for RATIS
2023-01-26 17:25:12,349 [JvmPauseMonitor1] INFO  util.JvmPauseMonitor (JvmPauseMonitor.java:run(105)) - JvmPauseMonitor-d082cfae-03ac-47dd-a559-6fd7cb4436a1: Started
2023-01-26 17:25:12,349 [EndpointStateMachine task thread for /0.0.0.0:40919 - 0 ] INFO  ratis.XceiverServerRatis (XceiverServerRatis.java:getRealPort(543)) - XceiverServerRatis d082cfae-03ac-47dd-a559-6fd7cb4436a1 is started using port 43095 for RATIS_ADMIN
2023-01-26 17:25:12,350 [EndpointStateMachine task thread for /0.0.0.0:40919 - 0 ] INFO  ratis.XceiverServerRatis (XceiverServerRatis.java:getRealPort(543)) - XceiverServerRatis d082cfae-03ac-47dd-a559-6fd7cb4436a1 is started using port 43095 for RATIS_SERVER
2023-01-26 17:25:12,350 [EndpointStateMachine task thread for /0.0.0.0:40919 - 0 ] INFO  ratis.XceiverServerRatis (XceiverServerRatis.java:getRealPort(543)) - XceiverServerRatis d082cfae-03ac-47dd-a559-6fd7cb4436a1 is started using port 35799 for RATIS_DATASTREAM
2023-01-26 17:25:12,352 [EndpointStateMachine task thread for /0.0.0.0:40919 - 0 ] INFO  server.XceiverServerGrpc (XceiverServerGrpc.java:start(180)) - XceiverServerGrpc d082cfae-03ac-47dd-a559-6fd7cb4436a1 is started using port 38193
2023-01-26 17:25:12,770 [EndpointStateMachine task thread for /0.0.0.0:40919 - 0 ] INFO  utils.DatanodeStoreCache (DatanodeStoreCache.java:addDB(58)) - Added db /home/runner/work/ozone/ozone/hadoop-ozone/integration-test/target/test-dir/MiniOzoneClusterImpl-21eb6502-c8cc-4b95-8a64-0224a41eaf0d/datanode-1/data-0/containers/hdds/21eb6502-c8cc-4b95-8a64-0224a41eaf0d/DS-eb19f9bb-4b78-4ce7-8a23-a70d1e9bcf2d/container.db to cache
2023-01-26 17:25:12,771 [EndpointStateMachine task thread for /0.0.0.0:40919 - 0 ] INFO  volume.HddsVolume (HddsVolume.java:createDbStore(307)) - SchemaV3 db is created and loaded at /home/runner/work/ozone/ozone/hadoop-ozone/integration-test/target/test-dir/MiniOzoneClusterImpl-21eb6502-c8cc-4b95-8a64-0224a41eaf0d/datanode-1/data-0/containers/hdds/21eb6502-c8cc-4b95-8a64-0224a41eaf0d/DS-eb19f9bb-4b78-4ce7-8a23-a70d1e9bcf2d/container.db for volume DS-eb19f9bb-4b78-4ce7-8a23-a70d1e9bcf2d
2023-01-26 17:25:12,771 [EndpointStateMachine task thread for /0.0.0.0:40919 - 0 ] INFO  ozoneimpl.OzoneContainer (OzoneContainer.java:start(399)) - Attempting to start container services.
2023-01-26 17:25:12,771 [EndpointStateMachine task thread for /0.0.0.0:40919 - 0 ] INFO  ozoneimpl.OzoneContainer (OzoneContainer.java:startContainerScrub(316)) - Scheduled background container scanners and the on-demand container scanner have been disabled.
2023-01-26 17:25:12,773 [EndpointStateMachine task thread for /0.0.0.0:40919 - 0 ] INFO  replication.ReplicationServer (ReplicationServer.java:start(109)) - ReplicationServer is started using port 40327
2023-01-26 17:25:12,773 [EndpointStateMachine task thread for /0.0.0.0:40919 - 0 ] INFO  ratis.XceiverServerRatis (XceiverServerRatis.java:start(517)) - Starting XceiverServerRatis 2cc4737a-7f72-4ede-9604-67be23ac19b5
2023-01-26 17:25:12,774 [EndpointStateMachine task thread for /0.0.0.0:40919 - 0 ] INFO  server.RaftServer (RaftServerProxy.java:startImpl(393)) - 2cc4737a-7f72-4ede-9604-67be23ac19b5: start RPC server
2023-01-26 17:25:12,775 [EndpointStateMachine task thread for /0.0.0.0:40919 - 0 ] INFO  server.GrpcService (GrpcService.java:startImpl(262)) - 2cc4737a-7f72-4ede-9604-67be23ac19b5: GrpcService started, listening on 34349
2023-01-26 17:25:12,775 [EndpointStateMachine task thread for /0.0.0.0:40919 - 0 ] INFO  ratis.XceiverServerRatis (XceiverServerRatis.java:getRealPort(543)) - XceiverServerRatis 2cc4737a-7f72-4ede-9604-67be23ac19b5 is started using port 34349 for RATIS
2023-01-26 17:25:12,775 [JvmPauseMonitor2] INFO  util.JvmPauseMonitor (JvmPauseMonitor.java:run(105)) - JvmPauseMonitor-2cc4737a-7f72-4ede-9604-67be23ac19b5: Started
2023-01-26 17:25:12,775 [EndpointStateMachine task thread for /0.0.0.0:40919 - 0 ] INFO  ratis.XceiverServerRatis (XceiverServerRatis.java:getRealPort(543)) - XceiverServerRatis 2cc4737a-7f72-4ede-9604-67be23ac19b5 is started using port 34349 for RATIS_ADMIN
2023-01-26 17:25:12,775 [EndpointStateMachine task thread for /0.0.0.0:40919 - 0 ] INFO  ratis.XceiverServerRatis (XceiverServerRatis.java:getRealPort(543)) - XceiverServerRatis 2cc4737a-7f72-4ede-9604-67be23ac19b5 is started using port 34349 for RATIS_SERVER
2023-01-26 17:25:12,775 [EndpointStateMachine task thread for /0.0.0.0:40919 - 0 ] INFO  ratis.XceiverServerRatis (XceiverServerRatis.java:getRealPort(543)) - XceiverServerRatis 2cc4737a-7f72-4ede-9604-67be23ac19b5 is started using port 45267 for RATIS_DATASTREAM
2023-01-26 17:25:12,778 [EndpointStateMachine task thread for /0.0.0.0:40919 - 0 ] INFO  server.XceiverServerGrpc (XceiverServerGrpc.java:start(180)) - XceiverServerGrpc 2cc4737a-7f72-4ede-9604-67be23ac19b5 is started using port 45877
2023-01-26 17:25:12,837 [Listener at 127.0.0.1/34233] INFO  ozone.MiniOzoneClusterImpl (MiniOzoneClusterImpl.java:lambda$waitForClusterToBeReady$0(218)) - Waiting for nodes to be ready. Got 0 of 5 DN Heartbeats.
2023-01-26 17:25:12,838 [Listener at 127.0.0.1/34233] INFO  ozone.MiniOzoneClusterImpl (MiniOzoneClusterImpl.java:lambda$waitForClusterToBeReady$0(221)) - Waiting for cluster to exit safe mode
2023-01-26 17:25:12,838 [Listener at 127.0.0.1/34233] INFO  ozone.MiniOzoneClusterImpl (MiniOzoneClusterImpl.java:lambda$waitForClusterToBeReady$0(223)) - SCM became leader
2023-01-26 17:25:13,198 [EndpointStateMachine task thread for /0.0.0.0:40919 - 0 ] INFO  utils.DatanodeStoreCache (DatanodeStoreCache.java:addDB(58)) - Added db /home/runner/work/ozone/ozone/hadoop-ozone/integration-test/target/test-dir/MiniOzoneClusterImpl-21eb6502-c8cc-4b95-8a64-0224a41eaf0d/datanode-2/data-0/containers/hdds/21eb6502-c8cc-4b95-8a64-0224a41eaf0d/DS-824daf49-1c8a-4c00-b341-bf78d44e73ec/container.db to cache
2023-01-26 17:25:13,199 [EndpointStateMachine task thread for /0.0.0.0:40919 - 0 ] INFO  volume.HddsVolume (HddsVolume.java:createDbStore(307)) - SchemaV3 db is created and loaded at /home/runner/work/ozone/ozone/hadoop-ozone/integration-test/target/test-dir/MiniOzoneClusterImpl-21eb6502-c8cc-4b95-8a64-0224a41eaf0d/datanode-2/data-0/containers/hdds/21eb6502-c8cc-4b95-8a64-0224a41eaf0d/DS-824daf49-1c8a-4c00-b341-bf78d44e73ec/container.db for volume DS-824daf49-1c8a-4c00-b341-bf78d44e73ec
2023-01-26 17:25:13,200 [EndpointStateMachine task thread for /0.0.0.0:40919 - 0 ] INFO  ozoneimpl.OzoneContainer (OzoneContainer.java:start(399)) - Attempting to start container services.
2023-01-26 17:25:13,200 [EndpointStateMachine task thread for /0.0.0.0:40919 - 0 ] INFO  ozoneimpl.OzoneContainer (OzoneContainer.java:startContainerScrub(316)) - Scheduled background container scanners and the on-demand container scanner have been disabled.
2023-01-26 17:25:13,203 [EndpointStateMachine task thread for /0.0.0.0:40919 - 0 ] INFO  replication.ReplicationServer (ReplicationServer.java:start(109)) - ReplicationServer is started using port 42963
2023-01-26 17:25:13,203 [EndpointStateMachine task thread for /0.0.0.0:40919 - 0 ] INFO  ratis.XceiverServerRatis (XceiverServerRatis.java:start(517)) - Starting XceiverServerRatis 122b4be6-0cee-49ba-a809-7fef5e0e1400
2023-01-26 17:25:13,205 [EndpointStateMachine task thread for /0.0.0.0:40919 - 0 ] INFO  server.RaftServer (RaftServerProxy.java:startImpl(393)) - 122b4be6-0cee-49ba-a809-7fef5e0e1400: start RPC server
2023-01-26 17:25:13,207 [EndpointStateMachine task thread for /0.0.0.0:40919 - 0 ] INFO  server.GrpcService (GrpcService.java:startImpl(262)) - 122b4be6-0cee-49ba-a809-7fef5e0e1400: GrpcService started, listening on 39289
2023-01-26 17:25:13,208 [EndpointStateMachine task thread for /0.0.0.0:40919 - 0 ] INFO  ratis.XceiverServerRatis (XceiverServerRatis.java:getRealPort(543)) - XceiverServerRatis 122b4be6-0cee-49ba-a809-7fef5e0e1400 is started using port 39289 for RATIS
2023-01-26 17:25:13,208 [EndpointStateMachine task thread for /0.0.0.0:40919 - 0 ] INFO  ratis.XceiverServerRatis (XceiverServerRatis.java:getRealPort(543)) - XceiverServerRatis 122b4be6-0cee-49ba-a809-7fef5e0e1400 is started using port 39289 for RATIS_ADMIN
2023-01-26 17:25:13,208 [JvmPauseMonitor3] INFO  util.JvmPauseMonitor (JvmPauseMonitor.java:run(105)) - JvmPauseMonitor-122b4be6-0cee-49ba-a809-7fef5e0e1400: Started
2023-01-26 17:25:13,208 [EndpointStateMachine task thread for /0.0.0.0:40919 - 0 ] INFO  ratis.XceiverServerRatis (XceiverServerRatis.java:getRealPort(543)) - XceiverServerRatis 122b4be6-0cee-49ba-a809-7fef5e0e1400 is started using port 39289 for RATIS_SERVER
2023-01-26 17:25:13,209 [EndpointStateMachine task thread for /0.0.0.0:40919 - 0 ] INFO  ratis.XceiverServerRatis (XceiverServerRatis.java:getRealPort(543)) - XceiverServerRatis 122b4be6-0cee-49ba-a809-7fef5e0e1400 is started using port 46437 for RATIS_DATASTREAM
2023-01-26 17:25:13,211 [EndpointStateMachine task thread for /0.0.0.0:40919 - 0 ] INFO  server.XceiverServerGrpc (XceiverServerGrpc.java:start(180)) - XceiverServerGrpc 122b4be6-0cee-49ba-a809-7fef5e0e1400 is started using port 41565
2023-01-26 17:25:13,538 [EndpointStateMachine task thread for /0.0.0.0:40919 - 0 ] INFO  utils.DatanodeStoreCache (DatanodeStoreCache.java:addDB(58)) - Added db /home/runner/work/ozone/ozone/hadoop-ozone/integration-test/target/test-dir/MiniOzoneClusterImpl-21eb6502-c8cc-4b95-8a64-0224a41eaf0d/datanode-3/data-0/containers/hdds/21eb6502-c8cc-4b95-8a64-0224a41eaf0d/DS-5f51d1e1-a892-45eb-8142-09c24c57fcd7/container.db to cache
2023-01-26 17:25:13,539 [EndpointStateMachine task thread for /0.0.0.0:40919 - 0 ] INFO  volume.HddsVolume (HddsVolume.java:createDbStore(307)) - SchemaV3 db is created and loaded at /home/runner/work/ozone/ozone/hadoop-ozone/integration-test/target/test-dir/MiniOzoneClusterImpl-21eb6502-c8cc-4b95-8a64-0224a41eaf0d/datanode-3/data-0/containers/hdds/21eb6502-c8cc-4b95-8a64-0224a41eaf0d/DS-5f51d1e1-a892-45eb-8142-09c24c57fcd7/container.db for volume DS-5f51d1e1-a892-45eb-8142-09c24c57fcd7
2023-01-26 17:25:13,539 [EndpointStateMachine task thread for /0.0.0.0:40919 - 0 ] INFO  ozoneimpl.OzoneContainer (OzoneContainer.java:start(399)) - Attempting to start container services.
2023-01-26 17:25:13,539 [EndpointStateMachine task thread for /0.0.0.0:40919 - 0 ] INFO  ozoneimpl.OzoneContainer (OzoneContainer.java:startContainerScrub(316)) - Scheduled background container scanners and the on-demand container scanner have been disabled.
2023-01-26 17:25:13,541 [EndpointStateMachine task thread for /0.0.0.0:40919 - 0 ] INFO  replication.ReplicationServer (ReplicationServer.java:start(109)) - ReplicationServer is started using port 33279
2023-01-26 17:25:13,541 [EndpointStateMachine task thread for /0.0.0.0:40919 - 0 ] INFO  ratis.XceiverServerRatis (XceiverServerRatis.java:start(517)) - Starting XceiverServerRatis 71f3d3ef-41ca-413f-b126-a07e725e6122
2023-01-26 17:25:13,543 [EndpointStateMachine task thread for /0.0.0.0:40919 - 0 ] INFO  server.RaftServer (RaftServerProxy.java:startImpl(393)) - 71f3d3ef-41ca-413f-b126-a07e725e6122: start RPC server
2023-01-26 17:25:13,544 [EndpointStateMachine task thread for /0.0.0.0:40919 - 0 ] INFO  server.GrpcService (GrpcService.java:startImpl(262)) - 71f3d3ef-41ca-413f-b126-a07e725e6122: GrpcService started, listening on 43017
2023-01-26 17:25:13,544 [EndpointStateMachine task thread for /0.0.0.0:40919 - 0 ] INFO  ratis.XceiverServerRatis (XceiverServerRatis.java:getRealPort(543)) - XceiverServerRatis 71f3d3ef-41ca-413f-b126-a07e725e6122 is started using port 43017 for RATIS
2023-01-26 17:25:13,544 [JvmPauseMonitor4] INFO  util.JvmPauseMonitor (JvmPauseMonitor.java:run(105)) - JvmPauseMonitor-71f3d3ef-41ca-413f-b126-a07e725e6122: Started
2023-01-26 17:25:13,544 [EndpointStateMachine task thread for /0.0.0.0:40919 - 0 ] INFO  ratis.XceiverServerRatis (XceiverServerRatis.java:getRealPort(543)) - XceiverServerRatis 71f3d3ef-41ca-413f-b126-a07e725e6122 is started using port 43017 for RATIS_ADMIN
2023-01-26 17:25:13,545 [EndpointStateMachine task thread for /0.0.0.0:40919 - 0 ] INFO  ratis.XceiverServerRatis (XceiverServerRatis.java:getRealPort(543)) - XceiverServerRatis 71f3d3ef-41ca-413f-b126-a07e725e6122 is started using port 43017 for RATIS_SERVER
2023-01-26 17:25:13,545 [EndpointStateMachine task thread for /0.0.0.0:40919 - 0 ] INFO  ratis.XceiverServerRatis (XceiverServerRatis.java:getRealPort(543)) - XceiverServerRatis 71f3d3ef-41ca-413f-b126-a07e725e6122 is started using port 38403 for RATIS_DATASTREAM
2023-01-26 17:25:13,548 [EndpointStateMachine task thread for /0.0.0.0:40919 - 0 ] INFO  server.XceiverServerGrpc (XceiverServerGrpc.java:start(180)) - XceiverServerGrpc 71f3d3ef-41ca-413f-b126-a07e725e6122 is started using port 44643
2023-01-26 17:25:13,838 [Listener at 127.0.0.1/34233] INFO  ozone.MiniOzoneClusterImpl (MiniOzoneClusterImpl.java:lambda$waitForClusterToBeReady$0(218)) - Waiting for nodes to be ready. Got 0 of 5 DN Heartbeats.
2023-01-26 17:25:13,838 [Listener at 127.0.0.1/34233] INFO  ozone.MiniOzoneClusterImpl (MiniOzoneClusterImpl.java:lambda$waitForClusterToBeReady$0(221)) - Waiting for cluster to exit safe mode
2023-01-26 17:25:13,838 [Listener at 127.0.0.1/34233] INFO  ozone.MiniOzoneClusterImpl (MiniOzoneClusterImpl.java:lambda$waitForClusterToBeReady$0(223)) - SCM became leader
2023-01-26 17:25:13,863 [EndpointStateMachine task thread for /0.0.0.0:40919 - 0 ] INFO  utils.DatanodeStoreCache (DatanodeStoreCache.java:addDB(58)) - Added db /home/runner/work/ozone/ozone/hadoop-ozone/integration-test/target/test-dir/MiniOzoneClusterImpl-21eb6502-c8cc-4b95-8a64-0224a41eaf0d/datanode-4/data-0/containers/hdds/21eb6502-c8cc-4b95-8a64-0224a41eaf0d/DS-4e0664cc-7b53-4e2f-b53a-ac2a948e5138/container.db to cache
2023-01-26 17:25:13,863 [EndpointStateMachine task thread for /0.0.0.0:40919 - 0 ] INFO  volume.HddsVolume (HddsVolume.java:createDbStore(307)) - SchemaV3 db is created and loaded at /home/runner/work/ozone/ozone/hadoop-ozone/integration-test/target/test-dir/MiniOzoneClusterImpl-21eb6502-c8cc-4b95-8a64-0224a41eaf0d/datanode-4/data-0/containers/hdds/21eb6502-c8cc-4b95-8a64-0224a41eaf0d/DS-4e0664cc-7b53-4e2f-b53a-ac2a948e5138/container.db for volume DS-4e0664cc-7b53-4e2f-b53a-ac2a948e5138
2023-01-26 17:25:13,863 [EndpointStateMachine task thread for /0.0.0.0:40919 - 0 ] INFO  ozoneimpl.OzoneContainer (OzoneContainer.java:start(399)) - Attempting to start container services.
2023-01-26 17:25:13,863 [EndpointStateMachine task thread for /0.0.0.0:40919 - 0 ] INFO  ozoneimpl.OzoneContainer (OzoneContainer.java:startContainerScrub(316)) - Scheduled background container scanners and the on-demand container scanner have been disabled.
2023-01-26 17:25:13,865 [EndpointStateMachine task thread for /0.0.0.0:40919 - 0 ] INFO  replication.ReplicationServer (ReplicationServer.java:start(109)) - ReplicationServer is started using port 36869
2023-01-26 17:25:13,865 [EndpointStateMachine task thread for /0.0.0.0:40919 - 0 ] INFO  ratis.XceiverServerRatis (XceiverServerRatis.java:start(517)) - Starting XceiverServerRatis 29fadfb4-950d-40e8-bbd4-05f10ea5ea2e
2023-01-26 17:25:13,870 [EndpointStateMachine task thread for /0.0.0.0:40919 - 0 ] INFO  server.RaftServer (RaftServerProxy.java:startImpl(393)) - 29fadfb4-950d-40e8-bbd4-05f10ea5ea2e: start RPC server
2023-01-26 17:25:13,871 [EndpointStateMachine task thread for /0.0.0.0:40919 - 0 ] INFO  server.GrpcService (GrpcService.java:startImpl(262)) - 29fadfb4-950d-40e8-bbd4-05f10ea5ea2e: GrpcService started, listening on 41529
2023-01-26 17:25:13,871 [EndpointStateMachine task thread for /0.0.0.0:40919 - 0 ] INFO  ratis.XceiverServerRatis (XceiverServerRatis.java:getRealPort(543)) - XceiverServerRatis 29fadfb4-950d-40e8-bbd4-05f10ea5ea2e is started using port 41529 for RATIS
2023-01-26 17:25:13,871 [JvmPauseMonitor5] INFO  util.JvmPauseMonitor (JvmPauseMonitor.java:run(105)) - JvmPauseMonitor-29fadfb4-950d-40e8-bbd4-05f10ea5ea2e: Started
2023-01-26 17:25:13,871 [EndpointStateMachine task thread for /0.0.0.0:40919 - 0 ] INFO  ratis.XceiverServerRatis (XceiverServerRatis.java:getRealPort(543)) - XceiverServerRatis 29fadfb4-950d-40e8-bbd4-05f10ea5ea2e is started using port 41529 for RATIS_ADMIN
2023-01-26 17:25:13,871 [EndpointStateMachine task thread for /0.0.0.0:40919 - 0 ] INFO  ratis.XceiverServerRatis (XceiverServerRatis.java:getRealPort(543)) - XceiverServerRatis 29fadfb4-950d-40e8-bbd4-05f10ea5ea2e is started using port 41529 for RATIS_SERVER
2023-01-26 17:25:13,871 [EndpointStateMachine task thread for /0.0.0.0:40919 - 0 ] INFO  ratis.XceiverServerRatis (XceiverServerRatis.java:getRealPort(543)) - XceiverServerRatis 29fadfb4-950d-40e8-bbd4-05f10ea5ea2e is started using port 35985 for RATIS_DATASTREAM
2023-01-26 17:25:13,874 [EndpointStateMachine task thread for /0.0.0.0:40919 - 0 ] INFO  server.XceiverServerGrpc (XceiverServerGrpc.java:start(180)) - XceiverServerGrpc 29fadfb4-950d-40e8-bbd4-05f10ea5ea2e is started using port 38977
2023-01-26 17:25:14,276 [IPC Server handler 2 on default port 40919] INFO  net.NetworkTopologyImpl (NetworkTopologyImpl.java:add(112)) - Added a new node: /default-rack/d082cfae-03ac-47dd-a559-6fd7cb4436a1
2023-01-26 17:25:14,278 [IPC Server handler 2 on default port 40919] INFO  node.SCMNodeManager (SCMNodeManager.java:register(397)) - Registered Data node : d082cfae-03ac-47dd-a559-6fd7cb4436a1{ip: 10.1.0.200, host: fv-az133-476.yhipumr4050edinzmvad0xeera.cx.internal.cloudapp.net, ports: [REPLICATION=35637, RATIS=43095, RATIS_ADMIN=43095, RATIS_SERVER=43095, RATIS_DATASTREAM=35799, STANDALONE=38193], networkLocation: /default-rack, certSerialId: null, persistedOpState: null, persistedOpStateExpiryEpochSec: 0}
2023-01-26 17:25:14,283 [EventQueue-NewNodeForNewNodeHandler] INFO  pipeline.BackgroundPipelineCreator (BackgroundPipelineCreator.java:notifyEventTriggered(276)) - trigger a one-shot run on RatisPipelineUtilsThread.
2023-01-26 17:25:14,285 [EventQueue-NodeRegistrationContainerReportForDataNodeSafeModeRule] INFO  safemode.SCMSafeModeManager (DataNodeSafeModeRule.java:process(71)) - SCM in safe mode. 1 DataNodes registered, 3 required.
2023-01-26 17:25:14,291 [RatisPipelineUtilsThread - 0] INFO  pipeline.RatisPipelineProvider (RatisPipelineProvider.java:lambda$create$0(206)) - Sending CreatePipelineCommand for pipeline:PipelineID=b0137afa-63ba-4cab-a645-cc3709107958 to datanode:d082cfae-03ac-47dd-a559-6fd7cb4436a1
2023-01-26 17:25:14,291 [EventQueue-NodeRegistrationContainerReportForContainerSafeModeRule] INFO  safemode.SCMSafeModeManager (SCMSafeModeManager.java:validateSafeModeExitRules(200)) - ContainerSafeModeRule rule is successfully validated
2023-01-26 17:25:14,313 [RatisPipelineUtilsThread - 0] INFO  pipeline.PipelineStateManagerImpl (PipelineStateManagerImpl.java:addPipeline(103)) - Created pipeline Pipeline[ Id: b0137afa-63ba-4cab-a645-cc3709107958, Nodes: d082cfae-03ac-47dd-a559-6fd7cb4436a1(fv-az133-476.yhipumr4050edinzmvad0xeera.cx.internal.cloudapp.net/10.1.0.200), ReplicationConfig: RATIS/ONE, State:ALLOCATED, leaderId:, CreationTimestamp2023-01-26T17:25:14.290Z[Etc/UTC]].
2023-01-26 17:25:14,318 [EventQueue-PipelineReportForOneReplicaPipelineSafeModeRule] INFO  safemode.SCMSafeModeManager (SCMSafeModeManager.java:validateSafeModeExitRules(200)) - AtleastOneDatanodeReportedRule rule is successfully validated
2023-01-26 17:25:14,747 [IPC Server handler 0 on default port 40919] INFO  net.NetworkTopologyImpl (NetworkTopologyImpl.java:add(112)) - Added a new node: /default-rack/2cc4737a-7f72-4ede-9604-67be23ac19b5
2023-01-26 17:25:14,747 [IPC Server handler 0 on default port 40919] INFO  node.SCMNodeManager (SCMNodeManager.java:register(397)) - Registered Data node : 2cc4737a-7f72-4ede-9604-67be23ac19b5{ip: 10.1.0.200, host: fv-az133-476.yhipumr4050edinzmvad0xeera.cx.internal.cloudapp.net, ports: [REPLICATION=40327, RATIS=34349, RATIS_ADMIN=34349, RATIS_SERVER=34349, RATIS_DATASTREAM=45267, STANDALONE=45877], networkLocation: /default-rack, certSerialId: null, persistedOpState: null, persistedOpStateExpiryEpochSec: 0}
2023-01-26 17:25:14,748 [EventQueue-NewNodeForNewNodeHandler] INFO  pipeline.BackgroundPipelineCreator (BackgroundPipelineCreator.java:notifyEventTriggered(276)) - trigger a one-shot run on RatisPipelineUtilsThread.
2023-01-26 17:25:14,748 [EventQueue-NodeRegistrationContainerReportForDataNodeSafeModeRule] INFO  safemode.SCMSafeModeManager (DataNodeSafeModeRule.java:process(71)) - SCM in safe mode. 2 DataNodes registered, 3 required.
2023-01-26 17:25:14,749 [RatisPipelineUtilsThread - 0] INFO  pipeline.RatisPipelineProvider (RatisPipelineProvider.java:lambda$create$0(206)) - Sending CreatePipelineCommand for pipeline:PipelineID=8c767852-a875-4506-8f66-bf0ed7aab015 to datanode:2cc4737a-7f72-4ede-9604-67be23ac19b5
2023-01-26 17:25:14,750 [RatisPipelineUtilsThread - 0] INFO  pipeline.PipelineStateManagerImpl (PipelineStateManagerImpl.java:addPipeline(103)) - Created pipeline Pipeline[ Id: 8c767852-a875-4506-8f66-bf0ed7aab015, Nodes: 2cc4737a-7f72-4ede-9604-67be23ac19b5(fv-az133-476.yhipumr4050edinzmvad0xeera.cx.internal.cloudapp.net/10.1.0.200), ReplicationConfig: RATIS/ONE, State:ALLOCATED, leaderId:, CreationTimestamp2023-01-26T17:25:14.749Z[Etc/UTC]].
2023-01-26 17:25:14,838 [Listener at 127.0.0.1/34233] INFO  ozone.MiniOzoneClusterImpl (MiniOzoneClusterImpl.java:lambda$waitForClusterToBeReady$0(218)) - Waiting for nodes to be ready. Got 2 of 5 DN Heartbeats.
2023-01-26 17:25:14,839 [Listener at 127.0.0.1/34233] INFO  ozone.MiniOzoneClusterImpl (MiniOzoneClusterImpl.java:lambda$waitForClusterToBeReady$0(221)) - Waiting for cluster to exit safe mode
2023-01-26 17:25:14,839 [Listener at 127.0.0.1/34233] INFO  ozone.MiniOzoneClusterImpl (MiniOzoneClusterImpl.java:lambda$waitForClusterToBeReady$0(223)) - SCM became leader
2023-01-26 17:25:15,177 [IPC Server handler 2 on default port 40919] INFO  net.NetworkTopologyImpl (NetworkTopologyImpl.java:add(112)) - Added a new node: /default-rack/122b4be6-0cee-49ba-a809-7fef5e0e1400
2023-01-26 17:25:15,177 [IPC Server handler 2 on default port 40919] INFO  node.SCMNodeManager (SCMNodeManager.java:register(397)) - Registered Data node : 122b4be6-0cee-49ba-a809-7fef5e0e1400{ip: 10.1.0.200, host: fv-az133-476.yhipumr4050edinzmvad0xeera.cx.internal.cloudapp.net, ports: [REPLICATION=42963, RATIS=39289, RATIS_ADMIN=39289, RATIS_SERVER=39289, RATIS_DATASTREAM=46437, STANDALONE=41565], networkLocation: /default-rack, certSerialId: null, persistedOpState: null, persistedOpStateExpiryEpochSec: 0}
2023-01-26 17:25:15,177 [EventQueue-NewNodeForNewNodeHandler] INFO  pipeline.BackgroundPipelineCreator (BackgroundPipelineCreator.java:notifyEventTriggered(276)) - trigger a one-shot run on RatisPipelineUtilsThread.
2023-01-26 17:25:15,177 [EventQueue-NodeRegistrationContainerReportForDataNodeSafeModeRule] INFO  safemode.SCMSafeModeManager (DataNodeSafeModeRule.java:process(71)) - SCM in safe mode. 3 DataNodes registered, 3 required.
2023-01-26 17:25:15,177 [EventQueue-NodeRegistrationContainerReportForDataNodeSafeModeRule] INFO  safemode.SCMSafeModeManager (SCMSafeModeManager.java:validateSafeModeExitRules(200)) - DataNodeSafeModeRule rule is successfully validated
2023-01-26 17:25:15,177 [EventQueue-NodeRegistrationContainerReportForDataNodeSafeModeRule] INFO  safemode.SCMSafeModeManager (SCMSafeModeManager.java:completePreCheck(229)) - All SCM safe mode pre check rules have passed
2023-01-26 17:25:15,177 [EventQueue-NodeRegistrationContainerReportForDataNodeSafeModeRule] INFO  ha.SCMContext (SCMContext.java:updateSafeModeStatus(228)) - Update SafeModeStatus from SafeModeStatus{safeModeStatus=true, preCheckPassed=false} to SafeModeStatus{safeModeStatus=true, preCheckPassed=true}.
2023-01-26 17:25:15,178 [EventQueue-NodeRegistrationContainerReportForDataNodeSafeModeRule] INFO  pipeline.BackgroundPipelineCreator (BackgroundPipelineCreator.java:notifyEventTriggered(276)) - trigger a one-shot run on RatisPipelineUtilsThread.
2023-01-26 17:25:15,178 [RatisPipelineUtilsThread - 0] INFO  pipeline.RatisPipelineProvider (RatisPipelineProvider.java:lambda$create$0(206)) - Sending CreatePipelineCommand for pipeline:PipelineID=c1c8fe48-6c0c-4f03-8206-8016b59c25e0 to datanode:122b4be6-0cee-49ba-a809-7fef5e0e1400
2023-01-26 17:25:15,178 [RatisPipelineUtilsThread - 0] INFO  pipeline.PipelineStateManagerImpl (PipelineStateManagerImpl.java:addPipeline(103)) - Created pipeline Pipeline[ Id: c1c8fe48-6c0c-4f03-8206-8016b59c25e0, Nodes: 122b4be6-0cee-49ba-a809-7fef5e0e1400(fv-az133-476.yhipumr4050edinzmvad0xeera.cx.internal.cloudapp.net/10.1.0.200), ReplicationConfig: RATIS/ONE, State:ALLOCATED, leaderId:, CreationTimestamp2023-01-26T17:25:15.178Z[Etc/UTC]].
2023-01-26 17:25:15,182 [RatisPipelineUtilsThread - 0] INFO  pipeline.RatisPipelineProvider (RatisPipelineProvider.java:lambda$create$0(206)) - Sending CreatePipelineCommand for pipeline:PipelineID=b8a516ca-0386-4654-a286-ef15663c4850 to datanode:2cc4737a-7f72-4ede-9604-67be23ac19b5
2023-01-26 17:25:15,182 [RatisPipelineUtilsThread - 0] INFO  pipeline.RatisPipelineProvider (RatisPipelineProvider.java:lambda$create$0(206)) - Sending CreatePipelineCommand for pipeline:PipelineID=b8a516ca-0386-4654-a286-ef15663c4850 to datanode:d082cfae-03ac-47dd-a559-6fd7cb4436a1
2023-01-26 17:25:15,182 [RatisPipelineUtilsThread - 0] INFO  pipeline.RatisPipelineProvider (RatisPipelineProvider.java:lambda$create$0(206)) - Sending CreatePipelineCommand for pipeline:PipelineID=b8a516ca-0386-4654-a286-ef15663c4850 to datanode:122b4be6-0cee-49ba-a809-7fef5e0e1400
2023-01-26 17:25:15,183 [RatisPipelineUtilsThread - 0] INFO  pipeline.PipelineStateManagerImpl (PipelineStateManagerImpl.java:addPipeline(103)) - Created pipeline Pipeline[ Id: b8a516ca-0386-4654-a286-ef15663c4850, Nodes: 2cc4737a-7f72-4ede-9604-67be23ac19b5(fv-az133-476.yhipumr4050edinzmvad0xeera.cx.internal.cloudapp.net/10.1.0.200)d082cfae-03ac-47dd-a559-6fd7cb4436a1(fv-az133-476.yhipumr4050edinzmvad0xeera.cx.internal.cloudapp.net/10.1.0.200)122b4be6-0cee-49ba-a809-7fef5e0e1400(fv-az133-476.yhipumr4050edinzmvad0xeera.cx.internal.cloudapp.net/10.1.0.200), ReplicationConfig: RATIS/THREE, State:ALLOCATED, leaderId:, CreationTimestamp2023-01-26T17:25:15.182Z[Etc/UTC]].
2023-01-26 17:25:15,184 [RatisPipelineUtilsThread - 0] INFO  pipeline.RatisPipelineProvider (RatisPipelineProvider.java:lambda$create$0(206)) - Sending CreatePipelineCommand for pipeline:PipelineID=894b5e50-d0aa-4189-909f-645e9061720e to datanode:d082cfae-03ac-47dd-a559-6fd7cb4436a1
2023-01-26 17:25:15,184 [RatisPipelineUtilsThread - 0] INFO  pipeline.RatisPipelineProvider (RatisPipelineProvider.java:lambda$create$0(206)) - Sending CreatePipelineCommand for pipeline:PipelineID=894b5e50-d0aa-4189-909f-645e9061720e to datanode:122b4be6-0cee-49ba-a809-7fef5e0e1400
2023-01-26 17:25:15,184 [RatisPipelineUtilsThread - 0] INFO  pipeline.RatisPipelineProvider (RatisPipelineProvider.java:lambda$create$0(206)) - Sending CreatePipelineCommand for pipeline:PipelineID=894b5e50-d0aa-4189-909f-645e9061720e to datanode:2cc4737a-7f72-4ede-9604-67be23ac19b5
2023-01-26 17:25:15,185 [RatisPipelineUtilsThread - 0] INFO  pipeline.PipelineStateManagerImpl (PipelineStateManagerImpl.java:addPipeline(103)) - Created pipeline Pipeline[ Id: 894b5e50-d0aa-4189-909f-645e9061720e, Nodes: d082cfae-03ac-47dd-a559-6fd7cb4436a1(fv-az133-476.yhipumr4050edinzmvad0xeera.cx.internal.cloudapp.net/10.1.0.200)122b4be6-0cee-49ba-a809-7fef5e0e1400(fv-az133-476.yhipumr4050edinzmvad0xeera.cx.internal.cloudapp.net/10.1.0.200)2cc4737a-7f72-4ede-9604-67be23ac19b5(fv-az133-476.yhipumr4050edinzmvad0xeera.cx.internal.cloudapp.net/10.1.0.200), ReplicationConfig: RATIS/THREE, State:ALLOCATED, leaderId:, CreationTimestamp2023-01-26T17:25:15.184Z[Etc/UTC]].
2023-01-26 17:25:15,185 [RatisPipelineUtilsThread - 0] INFO  pipeline.PipelineManagerImpl (PipelineManagerImpl.java:recordMetricsForPipeline(826)) - Pipeline: PipelineID=894b5e50-d0aa-4189-909f-645e9061720e contains same datanodes as previous pipelines: PipelineID=b8a516ca-0386-4654-a286-ef15663c4850 nodeIds: d082cfae-03ac-47dd-a559-6fd7cb4436a1, 122b4be6-0cee-49ba-a809-7fef5e0e1400, 2cc4737a-7f72-4ede-9604-67be23ac19b5
2023-01-26 17:25:15,186 [RatisPipelineUtilsThread - 0] WARN  pipeline.PipelinePlacementPolicy (PipelinePlacementPolicy.java:filterViableNodes(158)) - Pipeline creation failed due to no sufficient healthy datanodes. Required 3. Found 0.
2023-01-26 17:25:15,186 [RatisPipelineUtilsThread - 0] WARN  pipeline.PipelinePlacementPolicy (PipelinePlacementPolicy.java:filterViableNodes(158)) - Pipeline creation failed due to no sufficient healthy datanodes. Required 3. Found 0.
2023-01-26 17:25:15,516 [IPC Server handler 3 on default port 40919] INFO  net.NetworkTopologyImpl (NetworkTopologyImpl.java:add(112)) - Added a new node: /default-rack/71f3d3ef-41ca-413f-b126-a07e725e6122
2023-01-26 17:25:15,516 [IPC Server handler 3 on default port 40919] INFO  node.SCMNodeManager (SCMNodeManager.java:register(397)) - Registered Data node : 71f3d3ef-41ca-413f-b126-a07e725e6122{ip: 10.1.0.200, host: fv-az133-476.yhipumr4050edinzmvad0xeera.cx.internal.cloudapp.net, ports: [REPLICATION=33279, RATIS=43017, RATIS_ADMIN=43017, RATIS_SERVER=43017, RATIS_DATASTREAM=38403, STANDALONE=44643], networkLocation: /default-rack, certSerialId: null, persistedOpState: null, persistedOpStateExpiryEpochSec: 0}
2023-01-26 17:25:15,517 [EventQueue-NewNodeForNewNodeHandler] INFO  pipeline.BackgroundPipelineCreator (BackgroundPipelineCreator.java:notifyEventTriggered(276)) - trigger a one-shot run on RatisPipelineUtilsThread.
2023-01-26 17:25:15,518 [RatisPipelineUtilsThread - 0] INFO  pipeline.RatisPipelineProvider (RatisPipelineProvider.java:lambda$create$0(206)) - Sending CreatePipelineCommand for pipeline:PipelineID=cfed01db-d626-4d11-a3b2-6707b05ad539 to datanode:71f3d3ef-41ca-413f-b126-a07e725e6122
2023-01-26 17:25:15,518 [RatisPipelineUtilsThread - 0] INFO  pipeline.PipelineStateManagerImpl (PipelineStateManagerImpl.java:addPipeline(103)) - Created pipeline Pipeline[ Id: cfed01db-d626-4d11-a3b2-6707b05ad539, Nodes: 71f3d3ef-41ca-413f-b126-a07e725e6122(fv-az133-476.yhipumr4050edinzmvad0xeera.cx.internal.cloudapp.net/10.1.0.200), ReplicationConfig: RATIS/ONE, State:ALLOCATED, leaderId:, CreationTimestamp2023-01-26T17:25:15.518Z[Etc/UTC]].
2023-01-26 17:25:15,519 [RatisPipelineUtilsThread - 0] WARN  pipeline.PipelinePlacementPolicy (PipelinePlacementPolicy.java:filterViableNodes(158)) - Pipeline creation failed due to no sufficient healthy datanodes. Required 3. Found 1.
2023-01-26 17:25:15,840 [Listener at 127.0.0.1/34233] INFO  ozone.MiniOzoneClusterImpl (MiniOzoneClusterImpl.java:lambda$waitForClusterToBeReady$0(218)) - Waiting for nodes to be ready. Got 4 of 5 DN Heartbeats.
2023-01-26 17:25:15,840 [Listener at 127.0.0.1/34233] INFO  ozone.MiniOzoneClusterImpl (MiniOzoneClusterImpl.java:lambda$waitForClusterToBeReady$0(221)) - Waiting for cluster to exit safe mode
2023-01-26 17:25:15,840 [Listener at 127.0.0.1/34233] INFO  ozone.MiniOzoneClusterImpl (MiniOzoneClusterImpl.java:lambda$waitForClusterToBeReady$0(223)) - SCM became leader
2023-01-26 17:25:15,840 [IPC Server handler 1 on default port 40919] INFO  net.NetworkTopologyImpl (NetworkTopologyImpl.java:add(112)) - Added a new node: /default-rack/29fadfb4-950d-40e8-bbd4-05f10ea5ea2e
2023-01-26 17:25:15,841 [IPC Server handler 1 on default port 40919] INFO  node.SCMNodeManager (SCMNodeManager.java:register(397)) - Registered Data node : 29fadfb4-950d-40e8-bbd4-05f10ea5ea2e{ip: 10.1.0.200, host: fv-az133-476.yhipumr4050edinzmvad0xeera.cx.internal.cloudapp.net, ports: [REPLICATION=36869, RATIS=41529, RATIS_ADMIN=41529, RATIS_SERVER=41529, RATIS_DATASTREAM=35985, STANDALONE=38977], networkLocation: /default-rack, certSerialId: null, persistedOpState: null, persistedOpStateExpiryEpochSec: 0}
2023-01-26 17:25:15,841 [EventQueue-NewNodeForNewNodeHandler] INFO  pipeline.BackgroundPipelineCreator (BackgroundPipelineCreator.java:notifyEventTriggered(276)) - trigger a one-shot run on RatisPipelineUtilsThread.
2023-01-26 17:25:15,842 [RatisPipelineUtilsThread - 0] INFO  pipeline.RatisPipelineProvider (RatisPipelineProvider.java:lambda$create$0(206)) - Sending CreatePipelineCommand for pipeline:PipelineID=70281df7-ccfc-465d-83af-c512526317d4 to datanode:29fadfb4-950d-40e8-bbd4-05f10ea5ea2e
2023-01-26 17:25:15,843 [RatisPipelineUtilsThread - 0] INFO  pipeline.PipelineStateManagerImpl (PipelineStateManagerImpl.java:addPipeline(103)) - Created pipeline Pipeline[ Id: 70281df7-ccfc-465d-83af-c512526317d4, Nodes: 29fadfb4-950d-40e8-bbd4-05f10ea5ea2e(fv-az133-476.yhipumr4050edinzmvad0xeera.cx.internal.cloudapp.net/10.1.0.200), ReplicationConfig: RATIS/ONE, State:ALLOCATED, leaderId:, CreationTimestamp2023-01-26T17:25:15.842Z[Etc/UTC]].
2023-01-26 17:25:15,844 [RatisPipelineUtilsThread - 0] WARN  pipeline.PipelinePlacementPolicy (PipelinePlacementPolicy.java:filterViableNodes(158)) - Pipeline creation failed due to no sufficient healthy datanodes. Required 3. Found 2.
2023-01-26 17:25:16,840 [Listener at 127.0.0.1/34233] INFO  ozone.MiniOzoneClusterImpl (MiniOzoneClusterImpl.java:lambda$waitForClusterToBeReady$0(218)) - Nodes are ready. Got 5 of 5 DN Heartbeats.
2023-01-26 17:25:16,840 [Listener at 127.0.0.1/34233] INFO  ozone.MiniOzoneClusterImpl (MiniOzoneClusterImpl.java:lambda$waitForClusterToBeReady$0(221)) - Waiting for cluster to exit safe mode
2023-01-26 17:25:16,840 [Listener at 127.0.0.1/34233] INFO  ozone.MiniOzoneClusterImpl (MiniOzoneClusterImpl.java:lambda$waitForClusterToBeReady$0(223)) - SCM became leader
2023-01-26 17:25:17,308 [Command processor thread] INFO  server.RaftServer (RaftServerProxy.java:addNew(96)) - d082cfae-03ac-47dd-a559-6fd7cb4436a1: addNew group-CC3709107958:[d082cfae-03ac-47dd-a559-6fd7cb4436a1|rpc:10.1.0.200:43095|dataStream:10.1.0.200:35799|priority:1|startupRole:FOLLOWER] returns group-CC3709107958:java.util.concurrent.CompletableFuture@9c1db7b[Not completed]
2023-01-26 17:25:17,316 [pool-71-thread-1] INFO  server.RaftServer$Division (RaftServerImpl.java:<init>(195)) - d082cfae-03ac-47dd-a559-6fd7cb4436a1: new RaftServerImpl for group-CC3709107958:[d082cfae-03ac-47dd-a559-6fd7cb4436a1|rpc:10.1.0.200:43095|dataStream:10.1.0.200:35799|priority:1|startupRole:FOLLOWER] with ContainerStateMachine:uninitialized
2023-01-26 17:25:17,316 [pool-71-thread-1] INFO  server.RaftServerConfigKeys (ConfUtils.java:logGet(46)) - raft.server.rpc.timeout.min = 5s (custom)
2023-01-26 17:25:17,316 [pool-71-thread-1] INFO  server.RaftServerConfigKeys (ConfUtils.java:logGet(46)) - raft.server.rpc.timeout.max = 5200ms (custom)
2023-01-26 17:25:17,316 [pool-71-thread-1] INFO  server.RaftServerConfigKeys (ConfUtils.java:logGet(46)) - raft.server.rpc.sleep.time = 25ms (default)
2023-01-26 17:25:17,318 [pool-71-thread-1] INFO  server.RaftServerConfigKeys (ConfUtils.java:logGet(46)) - raft.server.rpc.slowness.timeout = 300000ms (custom)
2023-01-26 17:25:17,318 [pool-71-thread-1] INFO  server.RaftServerConfigKeys (ConfUtils.java:logGet(46)) - raft.server.leaderelection.leader.step-down.wait-time = 10s (default)
2023-01-26 17:25:17,318 [pool-71-thread-1] INFO  server.RaftServerConfigKeys (ConfUtils.java:logGet(46)) - raft.server.sleep.deviation.threshold = 300ms (default)
2023-01-26 17:25:17,318 [pool-71-thread-1] INFO  server.RaftServer$Division (ServerState.java:<init>(118)) - d082cfae-03ac-47dd-a559-6fd7cb4436a1@group-CC3709107958: ConfigurationManager, init=-1: peers:[d082cfae-03ac-47dd-a559-6fd7cb4436a1|rpc:10.1.0.200:43095|dataStream:10.1.0.200:35799|priority:1|startupRole:FOLLOWER]|listeners:[], old=null, confs=<EMPTY_MAP>
2023-01-26 17:25:17,318 [pool-71-thread-1] INFO  server.RaftServerConfigKeys (ConfUtils.java:logGet(46)) - raft.server.storage.dir = [/home/runner/work/ozone/ozone/hadoop-ozone/integration-test/target/test-dir/MiniOzoneClusterImpl-21eb6502-c8cc-4b95-8a64-0224a41eaf0d/datanode-0/data/ratis] (custom)
2023-01-26 17:25:17,318 [pool-71-thread-1] INFO  server.RaftServerConfigKeys (ConfUtils.java:logGet(46)) - raft.server.log.corruption.policy = EXCEPTION (default)
2023-01-26 17:25:17,318 [pool-71-thread-1] INFO  server.RaftServerConfigKeys (ConfUtils.java:logGet(46)) - raft.server.storage.free-space.min = 0MB (=0) (default)
2023-01-26 17:25:17,318 [pool-71-thread-1] INFO  server.RaftServerConfigKeys (ConfUtils.java:logGet(46)) - raft.server.notification.no-leader.timeout = 300000ms (custom)
2023-01-26 17:25:17,319 [pool-71-thread-1] INFO  server.RaftServerConfigKeys (ConfUtils.java:logGet(46)) - raft.server.retrycache.expirytime = 600000ms (custom)
2023-01-26 17:25:17,319 [pool-71-thread-1] INFO  server.RaftServerConfigKeys (ConfUtils.java:logGet(46)) - raft.server.retrycache.statistics.expirytime = 100μs (default)
2023-01-26 17:25:17,321 [pool-71-thread-1] INFO  server.RaftServerConfigKeys (ConfUtils.java:logGet(46)) - raft.server.log.appender.install.snapshot.enabled = false (custom)
2023-01-26 17:25:17,321 [pool-71-thread-1] INFO  server.RaftServerConfigKeys (ConfUtils.java:logGet(46)) - raft.server.threadpool.server.cached = true (default)
2023-01-26 17:25:17,321 [pool-71-thread-1] INFO  server.RaftServerConfigKeys (ConfUtils.java:logGet(46)) - raft.server.threadpool.server.size = 0 (default)
2023-01-26 17:25:17,321 [pool-71-thread-1] INFO  server.RaftServerConfigKeys (ConfUtils.java:logGet(46)) - raft.server.threadpool.client.cached = true (default)
2023-01-26 17:25:17,321 [pool-71-thread-1] INFO  server.RaftServerConfigKeys (ConfUtils.java:logGet(46)) - raft.server.threadpool.client.size = 0 (default)
2023-01-26 17:25:17,321 [pool-71-thread-1] INFO  storage.RaftStorageDirectory (RaftStorageDirectoryImpl.java:analyzeStorage(137)) - The storage directory /home/runner/work/ozone/ozone/hadoop-ozone/integration-test/target/test-dir/MiniOzoneClusterImpl-21eb6502-c8cc-4b95-8a64-0224a41eaf0d/datanode-0/data/ratis/b0137afa-63ba-4cab-a645-cc3709107958 does not exist. Creating ...
2023-01-26 17:25:17,323 [pool-71-thread-1] INFO  storage.RaftStorageDirectory (RaftStorageDirectoryImpl.java:tryLock(231)) - Lock on /home/runner/work/ozone/ozone/hadoop-ozone/integration-test/target/test-dir/MiniOzoneClusterImpl-21eb6502-c8cc-4b95-8a64-0224a41eaf0d/datanode-0/data/ratis/b0137afa-63ba-4cab-a645-cc3709107958/in_use.lock acquired by nodename 6553@fv-az133-476
2023-01-26 17:25:17,324 [pool-71-thread-1] INFO  storage.RaftStorage (RaftStorageImpl.java:format(96)) - Storage directory /home/runner/work/ozone/ozone/hadoop-ozone/integration-test/target/test-dir/MiniOzoneClusterImpl-21eb6502-c8cc-4b95-8a64-0224a41eaf0d/datanode-0/data/ratis/b0137afa-63ba-4cab-a645-cc3709107958 has been successfully formatted.
2023-01-26 17:25:17,329 [pool-71-thread-1] INFO  ratis.ContainerStateMachine (ContainerStateMachine.java:loadSnapshot(240)) - group-CC3709107958: The snapshot info is null. Setting the last applied indexto:(t:0, i:~)
2023-01-26 17:25:17,329 [pool-71-thread-1] INFO  server.RaftServerConfigKeys (ConfUtils.java:logGet(46)) - raft.server.log.use.memory = false (default)
2023-01-26 17:25:17,329 [pool-71-thread-1] INFO  server.RaftServerConfigKeys (ConfUtils.java:logGet(46)) - raft.server.log.purge.gap = 1000000 (custom)
2023-01-26 17:25:17,329 [pool-71-thread-1] INFO  server.RaftServerConfigKeys (ConfUtils.java:logGet(46)) - raft.server.log.appender.buffer.byte-limit = 33554432 (custom)
2023-01-26 17:25:17,329 [pool-71-thread-1] INFO  server.RaftServerConfigKeys (ConfUtils.java:logGet(46)) - raft.server.log.statemachine.data.read.timeout = 1000ms (default)
2023-01-26 17:25:17,329 [pool-71-thread-1] INFO  server.RaftServerConfigKeys (ConfUtils.java:logGet(46)) - raft.server.log.purge.preservation.log.num = 0 (default)
2023-01-26 17:25:17,329 [pool-71-thread-1] INFO  server.RaftServerConfigKeys (ConfUtils.java:logGet(46)) - raft.server.log.segment.size.max = 1048576 (custom)
2023-01-26 17:25:17,330 [pool-71-thread-1] INFO  server.RaftServerConfigKeys (ConfUtils.java:logGet(46)) - raft.server.log.segment.cache.num.max = 2 (custom)
2023-01-26 17:25:17,330 [pool-71-thread-1] INFO  server.RaftServerConfigKeys (ConfUtils.java:logGet(46)) - raft.server.log.segment.cache.size.max = 200MB (=209715200) (default)
2023-01-26 17:25:17,330 [pool-71-thread-1] INFO  segmented.SegmentedRaftLogWorker (SegmentedRaftLogWorker.java:<init>(189)) - new d082cfae-03ac-47dd-a559-6fd7cb4436a1@group-CC3709107958-SegmentedRaftLogWorker for RaftStorageImpl:Storage Directory /home/runner/work/ozone/ozone/hadoop-ozone/integration-test/target/test-dir/MiniOzoneClusterImpl-21eb6502-c8cc-4b95-8a64-0224a41eaf0d/datanode-0/data/ratis/b0137afa-63ba-4cab-a645-cc3709107958
2023-01-26 17:25:17,330 [pool-71-thread-1] INFO  server.RaftServerConfigKeys (ConfUtils.java:logGet(46)) - raft.server.log.queue.byte-limit = 4294967296 (custom)
2023-01-26 17:25:17,330 [pool-71-thread-1] INFO  server.RaftServerConfigKeys (ConfUtils.java:logGet(46)) - raft.server.log.queue.element-limit = 1024 (custom)
2023-01-26 17:25:17,330 [pool-71-thread-1] INFO  server.RaftServerConfigKeys (ConfUtils.java:logGet(46)) - raft.server.log.segment.size.max = 1048576 (custom)
2023-01-26 17:25:17,330 [pool-71-thread-1] INFO  server.RaftServerConfigKeys (ConfUtils.java:logGet(46)) - raft.server.log.preallocated.size = 16384 (custom)
2023-01-26 17:25:17,330 [pool-71-thread-1] INFO  server.RaftServerConfigKeys (ConfUtils.java:logGet(46)) - raft.server.log.force.sync.num = 128 (default)
2023-01-26 17:25:17,330 [pool-71-thread-1] INFO  server.RaftServerConfigKeys (ConfUtils.java:logGet(46)) - raft.server.log.statemachine.data.sync = true (default)
2023-01-26 17:25:17,330 [pool-71-thread-1] INFO  server.RaftServerConfigKeys (ConfUtils.java:logGet(46)) - raft.server.log.statemachine.data.sync.timeout = 10s (default)
2023-01-26 17:25:17,331 [pool-71-thread-1] INFO  server.RaftServerConfigKeys (ConfUtils.java:logGet(46)) - raft.server.log.statemachine.data.sync.timeout.retry = -1 (default)
2023-01-26 17:25:17,332 [pool-71-thread-1] INFO  server.RaftServerConfigKeys (ConfUtils.java:logGet(46)) - raft.server.log.write.buffer.size = 1048576 (custom)
2023-01-26 17:25:17,333 [pool-71-thread-1] INFO  server.RaftServerConfigKeys (ConfUtils.java:logGet(46)) - raft.server.log.appender.buffer.byte-limit = 33554432 (custom)
2023-01-26 17:25:17,335 [pool-71-thread-1] INFO  server.RaftServerConfigKeys (ConfUtils.java:logGet(46)) - raft.server.log.unsafe-flush.enabled = false (default)
2023-01-26 17:25:17,335 [pool-71-thread-1] INFO  server.RaftServerConfigKeys (ConfUtils.java:logGet(46)) - raft.server.log.async-flush.enabled = false (default)
2023-01-26 17:25:17,336 [pool-71-thread-1] INFO  server.RaftServerConfigKeys (ConfUtils.java:logGet(46)) - raft.server.log.statemachine.data.caching.enabled = true (custom)
2023-01-26 17:25:17,336 [pool-71-thread-1] INFO  segmented.SegmentedRaftLogWorker (SegmentedRaftLogWorker.java:lambda$new$0(135)) - d082cfae-03ac-47dd-a559-6fd7cb4436a1@group-CC3709107958-SegmentedRaftLogWorker: flushIndex: setUnconditionally 0 -> -1
2023-01-26 17:25:17,336 [pool-71-thread-1] INFO  segmented.SegmentedRaftLogWorker (SegmentedRaftLogWorker.java:lambda$new$0(135)) - d082cfae-03ac-47dd-a559-6fd7cb4436a1@group-CC3709107958-SegmentedRaftLogWorker: safeCacheEvictIndex: setUnconditionally 0 -> -1
2023-01-26 17:25:17,338 [pool-71-thread-1] INFO  server.RaftServer$Division (RaftServerImpl.java:start(334)) - d082cfae-03ac-47dd-a559-6fd7cb4436a1@group-CC3709107958: start as a follower, conf=-1: peers:[d082cfae-03ac-47dd-a559-6fd7cb4436a1|rpc:10.1.0.200:43095|dataStream:10.1.0.200:35799|priority:1|startupRole:FOLLOWER]|listeners:[], old=null
2023-01-26 17:25:17,338 [pool-71-thread-1] INFO  server.RaftServer$Division (RaftServerImpl.java:setRole(321)) - d082cfae-03ac-47dd-a559-6fd7cb4436a1@group-CC3709107958: changes role from      null to FOLLOWER at term 0 for startAsFollower
2023-01-26 17:25:17,338 [pool-71-thread-1] INFO  impl.RoleInfo (RoleInfo.java:updateAndGet(139)) - d082cfae-03ac-47dd-a559-6fd7cb4436a1: start d082cfae-03ac-47dd-a559-6fd7cb4436a1@group-CC3709107958-FollowerState
2023-01-26 17:25:17,339 [d082cfae-03ac-47dd-a559-6fd7cb4436a1@group-CC3709107958-FollowerState] INFO  server.RaftServerConfigKeys (ConfUtils.java:logFallback(53)) - raft.server.rpc.first-election.timeout.min = 5s (fallback to raft.server.rpc.timeout.min)
2023-01-26 17:25:17,339 [pool-71-thread-1] INFO  util.JmxRegister (JmxRegister.java:tryRegister(44)) - Successfully registered JMX Bean with object name Ratis:service=RaftServer,group=group-CC3709107958,id=d082cfae-03ac-47dd-a559-6fd7cb4436a1
2023-01-26 17:25:17,339 [d082cfae-03ac-47dd-a559-6fd7cb4436a1@group-CC3709107958-FollowerState] INFO  server.RaftServerConfigKeys (ConfUtils.java:logFallback(53)) - raft.server.rpc.first-election.timeout.max = 5200ms (fallback to raft.server.rpc.timeout.max)
2023-01-26 17:25:17,339 [pool-71-thread-1] INFO  server.RaftServerConfigKeys (ConfUtils.java:logGet(46)) - raft.server.snapshot.auto.trigger.enabled = true (custom)
2023-01-26 17:25:17,340 [pool-71-thread-1] INFO  server.RaftServerConfigKeys (ConfUtils.java:logGet(46)) - raft.server.snapshot.auto.trigger.threshold = 10000 (custom)
2023-01-26 17:25:17,340 [pool-71-thread-1] INFO  server.RaftServerConfigKeys (ConfUtils.java:logGet(46)) - raft.server.snapshot.retention.file.num = 5 (custom)
2023-01-26 17:25:17,340 [pool-71-thread-1] INFO  server.RaftServerConfigKeys (ConfUtils.java:logGet(46)) - raft.server.log.purge.upto.snapshot.index = false (default)
2023-01-26 17:25:17,351 [EventQueue-PipelineReportForPipelineReportHandler] INFO  pipeline.PipelineManagerImpl (PipelineManagerImpl.java:openPipeline(367)) - Pipeline Pipeline[ Id: b0137afa-63ba-4cab-a645-cc3709107958, Nodes: d082cfae-03ac-47dd-a559-6fd7cb4436a1(fv-az133-476.yhipumr4050edinzmvad0xeera.cx.internal.cloudapp.net/10.1.0.200), ReplicationConfig: RATIS/ONE, State:ALLOCATED, leaderId:d082cfae-03ac-47dd-a559-6fd7cb4436a1, CreationTimestamp2023-01-26T17:25:14.290Z[Etc/UTC]] moved to OPEN state
2023-01-26 17:25:17,357 [EventQueue-OpenPipelineForHealthyPipelineSafeModeRule] INFO  safemode.SCMSafeModeManager (HealthyPipelineSafeModeRule.java:process(137)) - SCM in safe mode. Healthy pipelines reported count is 0, required healthy pipeline reported count is 1
2023-01-26 17:25:17,357 [Command processor thread] INFO  ratis.XceiverServerRatis (XceiverServerRatis.java:addGroup(806)) - Created group PipelineID=b0137afa-63ba-4cab-a645-cc3709107958
2023-01-26 17:25:17,357 [Command processor thread] INFO  commandhandler.CreatePipelineCommandHandler (CreatePipelineCommandHandler.java:handle(113)) - Created Pipeline RATIS ONE PipelineID=b0137afa-63ba-4cab-a645-cc3709107958.
2023-01-26 17:25:17,358 [Command processor thread] INFO  server.RaftServer (RaftServerProxy.java:addNew(96)) - d082cfae-03ac-47dd-a559-6fd7cb4436a1: addNew group-EF15663C4850:[122b4be6-0cee-49ba-a809-7fef5e0e1400|rpc:10.1.0.200:39289|dataStream:10.1.0.200:46437|priority:0|startupRole:FOLLOWER, 2cc4737a-7f72-4ede-9604-67be23ac19b5|rpc:10.1.0.200:34349|dataStream:10.1.0.200:45267|priority:1|startupRole:FOLLOWER, d082cfae-03ac-47dd-a559-6fd7cb4436a1|rpc:10.1.0.200:43095|dataStream:10.1.0.200:35799|priority:0|startupRole:FOLLOWER] returns group-EF15663C4850:java.util.concurrent.CompletableFuture@2ce4ec56[Not completed]
2023-01-26 17:25:17,359 [pool-71-thread-1] INFO  server.RaftServer$Division (RaftServerImpl.java:<init>(195)) - d082cfae-03ac-47dd-a559-6fd7cb4436a1: new RaftServerImpl for group-EF15663C4850:[122b4be6-0cee-49ba-a809-7fef5e0e1400|rpc:10.1.0.200:39289|dataStream:10.1.0.200:46437|priority:0|startupRole:FOLLOWER, 2cc4737a-7f72-4ede-9604-67be23ac19b5|rpc:10.1.0.200:34349|dataStream:10.1.0.200:45267|priority:1|startupRole:FOLLOWER, d082cfae-03ac-47dd-a559-6fd7cb4436a1|rpc:10.1.0.200:43095|dataStream:10.1.0.200:35799|priority:0|startupRole:FOLLOWER] with ContainerStateMachine:uninitialized
2023-01-26 17:25:17,359 [pool-71-thread-1] INFO  server.RaftServerConfigKeys (ConfUtils.java:logGet(46)) - raft.server.rpc.timeout.min = 5s (custom)
2023-01-26 17:25:17,359 [pool-71-thread-1] INFO  server.RaftServerConfigKeys (ConfUtils.java:logGet(46)) - raft.server.rpc.timeout.max = 5200ms (custom)
2023-01-26 17:25:17,359 [pool-71-thread-1] INFO  server.RaftServerConfigKeys (ConfUtils.java:logGet(46)) - raft.server.rpc.sleep.time = 25ms (default)
2023-01-26 17:25:17,359 [pool-71-thread-1] INFO  server.RaftServerConfigKeys (ConfUtils.java:logGet(46)) - raft.server.rpc.slowness.timeout = 300000ms (custom)
2023-01-26 17:25:17,359 [pool-71-thread-1] INFO  server.RaftServerConfigKeys (ConfUtils.java:logGet(46)) - raft.server.leaderelection.leader.step-down.wait-time = 10s (default)
2023-01-26 17:25:17,359 [pool-71-thread-1] INFO  server.RaftServerConfigKeys (ConfUtils.java:logGet(46)) - raft.server.sleep.deviation.threshold = 300ms (default)
2023-01-26 17:25:17,359 [pool-71-thread-1] INFO  server.RaftServer$Division (ServerState.java:<init>(118)) - d082cfae-03ac-47dd-a559-6fd7cb4436a1@group-EF15663C4850: ConfigurationManager, init=-1: peers:[122b4be6-0cee-49ba-a809-7fef5e0e1400|rpc:10.1.0.200:39289|dataStream:10.1.0.200:46437|priority:0|startupRole:FOLLOWER, 2cc4737a-7f72-4ede-9604-67be23ac19b5|rpc:10.1.0.200:34349|dataStream:10.1.0.200:45267|priority:1|startupRole:FOLLOWER, d082cfae-03ac-47dd-a559-6fd7cb4436a1|rpc:10.1.0.200:43095|dataStream:10.1.0.200:35799|priority:0|startupRole:FOLLOWER]|listeners:[], old=null, confs=<EMPTY_MAP>
2023-01-26 17:25:17,359 [pool-71-thread-1] INFO  server.RaftServerConfigKeys (ConfUtils.java:logGet(46)) - raft.server.storage.dir = [/home/runner/work/ozone/ozone/hadoop-ozone/integration-test/target/test-dir/MiniOzoneClusterImpl-21eb6502-c8cc-4b95-8a64-0224a41eaf0d/datanode-0/data/ratis] (custom)
2023-01-26 17:25:17,359 [pool-71-thread-1] INFO  server.RaftServerConfigKeys (ConfUtils.java:logGet(46)) - raft.server.log.corruption.policy = EXCEPTION (default)
2023-01-26 17:25:17,359 [pool-71-thread-1] INFO  server.RaftServerConfigKeys (ConfUtils.java:logGet(46)) - raft.server.storage.free-space.min = 0MB (=0) (default)
2023-01-26 17:25:17,359 [pool-71-thread-1] INFO  server.RaftServerConfigKeys (ConfUtils.java:logGet(46)) - raft.server.notification.no-leader.timeout = 300000ms (custom)
2023-01-26 17:25:17,360 [pool-71-thread-1] INFO  server.RaftServerConfigKeys (ConfUtils.java:logGet(46)) - raft.server.retrycache.expirytime = 600000ms (custom)
2023-01-26 17:25:17,360 [pool-71-thread-1] INFO  server.RaftServerConfigKeys (ConfUtils.java:logGet(46)) - raft.server.retrycache.statistics.expirytime = 100μs (default)
2023-01-26 17:25:17,361 [pool-71-thread-1] INFO  server.RaftServerConfigKeys (ConfUtils.java:logGet(46)) - raft.server.log.appender.install.snapshot.enabled = false (custom)
2023-01-26 17:25:17,361 [pool-71-thread-1] INFO  server.RaftServerConfigKeys (ConfUtils.java:logGet(46)) - raft.server.threadpool.server.cached = true (default)
2023-01-26 17:25:17,361 [pool-71-thread-1] INFO  server.RaftServerConfigKeys (ConfUtils.java:logGet(46)) - raft.server.threadpool.server.size = 0 (default)
2023-01-26 17:25:17,361 [pool-71-thread-1] INFO  server.RaftServerConfigKeys (ConfUtils.java:logGet(46)) - raft.server.threadpool.client.cached = true (default)
2023-01-26 17:25:17,362 [pool-71-thread-1] INFO  server.RaftServerConfigKeys (ConfUtils.java:logGet(46)) - raft.server.threadpool.client.size = 0 (default)
2023-01-26 17:25:17,362 [pool-71-thread-1] INFO  storage.RaftStorageDirectory (RaftStorageDirectoryImpl.java:analyzeStorage(137)) - The storage directory /home/runner/work/ozone/ozone/hadoop-ozone/integration-test/target/test-dir/MiniOzoneClusterImpl-21eb6502-c8cc-4b95-8a64-0224a41eaf0d/datanode-0/data/ratis/b8a516ca-0386-4654-a286-ef15663c4850 does not exist. Creating ...
2023-01-26 17:25:17,362 [pool-71-thread-1] INFO  storage.RaftStorageDirectory (RaftStorageDirectoryImpl.java:tryLock(231)) - Lock on /home/runner/work/ozone/ozone/hadoop-ozone/integration-test/target/test-dir/MiniOzoneClusterImpl-21eb6502-c8cc-4b95-8a64-0224a41eaf0d/datanode-0/data/ratis/b8a516ca-0386-4654-a286-ef15663c4850/in_use.lock acquired by nodename 6553@fv-az133-476
2023-01-26 17:25:17,363 [pool-71-thread-1] INFO  storage.RaftStorage (RaftStorageImpl.java:format(96)) - Storage directory /home/runner/work/ozone/ozone/hadoop-ozone/integration-test/target/test-dir/MiniOzoneClusterImpl-21eb6502-c8cc-4b95-8a64-0224a41eaf0d/datanode-0/data/ratis/b8a516ca-0386-4654-a286-ef15663c4850 has been successfully formatted.
2023-01-26 17:25:17,366 [pool-71-thread-1] INFO  ratis.ContainerStateMachine (ContainerStateMachine.java:loadSnapshot(240)) - group-EF15663C4850: The snapshot info is null. Setting the last applied indexto:(t:0, i:~)
2023-01-26 17:25:17,367 [EventQueue-OpenPipelineForHealthyPipelineSafeModeRule] INFO  safemode.SCMSafeModeManager (HealthyPipelineSafeModeRule.java:process(137)) - SCM in safe mode. Healthy pipelines reported count is 0, required healthy pipeline reported count is 1
2023-01-26 17:25:17,369 [pool-71-thread-1] INFO  server.RaftServerConfigKeys (ConfUtils.java:logGet(46)) - raft.server.log.use.memory = false (default)
2023-01-26 17:25:17,369 [pool-71-thread-1] INFO  server.RaftServerConfigKeys (ConfUtils.java:logGet(46)) - raft.server.log.purge.gap = 1000000 (custom)
2023-01-26 17:25:17,369 [pool-71-thread-1] INFO  server.RaftServerConfigKeys (ConfUtils.java:logGet(46)) - raft.server.log.appender.buffer.byte-limit = 33554432 (custom)
2023-01-26 17:25:17,369 [pool-71-thread-1] INFO  server.RaftServerConfigKeys (ConfUtils.java:logGet(46)) - raft.server.log.statemachine.data.read.timeout = 1000ms (default)
2023-01-26 17:25:17,369 [pool-71-thread-1] INFO  server.RaftServerConfigKeys (ConfUtils.java:logGet(46)) - raft.server.log.purge.preservation.log.num = 0 (default)
2023-01-26 17:25:17,370 [pool-71-thread-1] INFO  server.RaftServerConfigKeys (ConfUtils.java:logGet(46)) - raft.server.log.segment.size.max = 1048576 (custom)
2023-01-26 17:25:17,370 [pool-71-thread-1] INFO  server.RaftServerConfigKeys (ConfUtils.java:logGet(46)) - raft.server.log.segment.cache.num.max = 2 (custom)
2023-01-26 17:25:17,370 [pool-71-thread-1] INFO  server.RaftServerConfigKeys (ConfUtils.java:logGet(46)) - raft.server.log.segment.cache.size.max = 200MB (=209715200) (default)
2023-01-26 17:25:17,370 [pool-71-thread-1] INFO  segmented.SegmentedRaftLogWorker (SegmentedRaftLogWorker.java:<init>(189)) - new d082cfae-03ac-47dd-a559-6fd7cb4436a1@group-EF15663C4850-SegmentedRaftLogWorker for RaftStorageImpl:Storage Directory /home/runner/work/ozone/ozone/hadoop-ozone/integration-test/target/test-dir/MiniOzoneClusterImpl-21eb6502-c8cc-4b95-8a64-0224a41eaf0d/datanode-0/data/ratis/b8a516ca-0386-4654-a286-ef15663c4850
2023-01-26 17:25:17,370 [pool-71-thread-1] INFO  server.RaftServerConfigKeys (ConfUtils.java:logGet(46)) - raft.server.log.queue.byte-limit = 4294967296 (custom)
2023-01-26 17:25:17,371 [pool-71-thread-1] INFO  server.RaftServerConfigKeys (ConfUtils.java:logGet(46)) - raft.server.log.queue.element-limit = 1024 (custom)
2023-01-26 17:25:17,371 [pool-71-thread-1] INFO  server.RaftServerConfigKeys (ConfUtils.java:logGet(46)) - raft.server.log.segment.size.max = 1048576 (custom)
2023-01-26 17:25:17,371 [pool-71-thread-1] INFO  server.RaftServerConfigKeys (ConfUtils.java:logGet(46)) - raft.server.log.preallocated.size = 16384 (custom)
2023-01-26 17:25:17,371 [pool-71-thread-1] INFO  server.RaftServerConfigKeys (ConfUtils.java:logGet(46)) - raft.server.log.force.sync.num = 128 (default)
2023-01-26 17:25:17,371 [pool-71-thread-1] INFO  server.RaftServerConfigKeys (ConfUtils.java:logGet(46)) - raft.server.log.statemachine.data.sync = true (default)
2023-01-26 17:25:17,371 [pool-71-thread-1] INFO  server.RaftServerConfigKeys (ConfUtils.java:logGet(46)) - raft.server.log.statemachine.data.sync.timeout = 10s (default)
2023-01-26 17:25:17,371 [pool-71-thread-1] INFO  server.RaftServerConfigKeys (ConfUtils.java:logGet(46)) - raft.server.log.statemachine.data.sync.timeout.retry = -1 (default)
2023-01-26 17:25:17,375 [pool-71-thread-1] INFO  server.RaftServerConfigKeys (ConfUtils.java:logGet(46)) - raft.server.log.write.buffer.size = 1048576 (custom)
2023-01-26 17:25:17,376 [pool-71-thread-1] INFO  server.RaftServerConfigKeys (ConfUtils.java:logGet(46)) - raft.server.log.appender.buffer.byte-limit = 33554432 (custom)
2023-01-26 17:25:17,378 [pool-71-thread-1] INFO  server.RaftServerConfigKeys (ConfUtils.java:logGet(46)) - raft.server.log.unsafe-flush.enabled = false (default)
2023-01-26 17:25:17,378 [pool-71-thread-1] INFO  server.RaftServerConfigKeys (ConfUtils.java:logGet(46)) - raft.server.log.async-flush.enabled = false (default)
2023-01-26 17:25:17,378 [pool-71-thread-1] INFO  server.RaftServerConfigKeys (ConfUtils.java:logGet(46)) - raft.server.log.statemachine.data.caching.enabled = true (custom)
2023-01-26 17:25:17,379 [pool-71-thread-1] INFO  segmented.SegmentedRaftLogWorker (SegmentedRaftLogWorker.java:lambda$new$0(135)) - d082cfae-03ac-47dd-a559-6fd7cb4436a1@group-EF15663C4850-SegmentedRaftLogWorker: flushIndex: setUnconditionally 0 -> -1
2023-01-26 17:25:17,379 [pool-71-thread-1] INFO  segmented.SegmentedRaftLogWorker (SegmentedRaftLogWorker.java:lambda$new$0(135)) - d082cfae-03ac-47dd-a559-6fd7cb4436a1@group-EF15663C4850-SegmentedRaftLogWorker: safeCacheEvictIndex: setUnconditionally 0 -> -1
2023-01-26 17:25:17,382 [pool-71-thread-1] INFO  server.RaftServer$Division (RaftServerImpl.java:start(334)) - d082cfae-03ac-47dd-a559-6fd7cb4436a1@group-EF15663C4850: start as a follower, conf=-1: peers:[122b4be6-0cee-49ba-a809-7fef5e0e1400|rpc:10.1.0.200:39289|dataStream:10.1.0.200:46437|priority:0|startupRole:FOLLOWER, 2cc4737a-7f72-4ede-9604-67be23ac19b5|rpc:10.1.0.200:34349|dataStream:10.1.0.200:45267|priority:1|startupRole:FOLLOWER, d082cfae-03ac-47dd-a559-6fd7cb4436a1|rpc:10.1.0.200:43095|dataStream:10.1.0.200:35799|priority:0|startupRole:FOLLOWER]|listeners:[], old=null
2023-01-26 17:25:17,382 [pool-71-thread-1] INFO  server.RaftServer$Division (RaftServerImpl.java:setRole(321)) - d082cfae-03ac-47dd-a559-6fd7cb4436a1@group-EF15663C4850: changes role from      null to FOLLOWER at term 0 for startAsFollower
2023-01-26 17:25:17,382 [pool-71-thread-1] INFO  impl.RoleInfo (RoleInfo.java:updateAndGet(139)) - d082cfae-03ac-47dd-a559-6fd7cb4436a1: start d082cfae-03ac-47dd-a559-6fd7cb4436a1@group-EF15663C4850-FollowerState
2023-01-26 17:25:17,389 [pool-71-thread-1] INFO  util.JmxRegister (JmxRegister.java:tryRegister(44)) - Successfully registered JMX Bean with object name Ratis:service=RaftServer,group=group-EF15663C4850,id=d082cfae-03ac-47dd-a559-6fd7cb4436a1
2023-01-26 17:25:17,389 [pool-71-thread-1] INFO  server.RaftServerConfigKeys (ConfUtils.java:logGet(46)) - raft.server.snapshot.auto.trigger.enabled = true (custom)
2023-01-26 17:25:17,389 [pool-71-thread-1] INFO  server.RaftServerConfigKeys (ConfUtils.java:logGet(46)) - raft.server.snapshot.auto.trigger.threshold = 10000 (custom)
2023-01-26 17:25:17,389 [pool-71-thread-1] INFO  server.RaftServerConfigKeys (ConfUtils.java:logGet(46)) - raft.server.snapshot.retention.file.num = 5 (custom)
2023-01-26 17:25:17,389 [pool-71-thread-1] INFO  server.RaftServerConfigKeys (ConfUtils.java:logGet(46)) - raft.server.log.purge.upto.snapshot.index = false (default)
2023-01-26 17:25:17,389 [d082cfae-03ac-47dd-a559-6fd7cb4436a1@group-EF15663C4850-FollowerState] INFO  server.RaftServerConfigKeys (ConfUtils.java:logFallback(53)) - raft.server.rpc.first-election.timeout.min = 5s (fallback to raft.server.rpc.timeout.min)
2023-01-26 17:25:17,390 [d082cfae-03ac-47dd-a559-6fd7cb4436a1@group-EF15663C4850-FollowerState] INFO  server.RaftServerConfigKeys (ConfUtils.java:logFallback(53)) - raft.server.rpc.first-election.timeout.max = 5200ms (fallback to raft.server.rpc.timeout.max)
2023-01-26 17:25:17,393 [Command processor thread] INFO  ratis.XceiverServerRatis (XceiverServerRatis.java:addGroup(806)) - Created group PipelineID=b8a516ca-0386-4654-a286-ef15663c4850
2023-01-26 17:25:17,746 [Command processor thread] INFO  server.RaftServer (RaftServerProxy.java:addNew(96)) - 2cc4737a-7f72-4ede-9604-67be23ac19b5: addNew group-BF0ED7AAB015:[2cc4737a-7f72-4ede-9604-67be23ac19b5|rpc:10.1.0.200:34349|dataStream:10.1.0.200:45267|priority:1|startupRole:FOLLOWER] returns group-BF0ED7AAB015:java.util.concurrent.CompletableFuture@d9f1db8[Not completed]
2023-01-26 17:25:17,757 [pool-93-thread-1] INFO  server.RaftServer$Division (RaftServerImpl.java:<init>(195)) - 2cc4737a-7f72-4ede-9604-67be23ac19b5: new RaftServerImpl for group-BF0ED7AAB015:[2cc4737a-7f72-4ede-9604-67be23ac19b5|rpc:10.1.0.200:34349|dataStream:10.1.0.200:45267|priority:1|startupRole:FOLLOWER] with ContainerStateMachine:uninitialized
2023-01-26 17:25:17,757 [pool-93-thread-1] INFO  server.RaftServerConfigKeys (ConfUtils.java:logGet(46)) - raft.server.rpc.timeout.min = 5s (custom)
2023-01-26 17:25:17,757 [pool-93-thread-1] INFO  server.RaftServerConfigKeys (ConfUtils.java:logGet(46)) - raft.server.rpc.timeout.max = 5200ms (custom)
2023-01-26 17:25:17,757 [pool-93-thread-1] INFO  server.RaftServerConfigKeys (ConfUtils.java:logGet(46)) - raft.server.rpc.sleep.time = 25ms (default)
2023-01-26 17:25:17,757 [pool-93-thread-1] INFO  server.RaftServerConfigKeys (ConfUtils.java:logGet(46)) - raft.server.rpc.slowness.timeout = 300000ms (custom)
2023-01-26 17:25:17,760 [pool-93-thread-1] INFO  server.RaftServerConfigKeys (ConfUtils.java:logGet(46)) - raft.server.leaderelection.leader.step-down.wait-time = 10s (default)
2023-01-26 17:25:17,760 [pool-93-thread-1] INFO  server.RaftServerConfigKeys (ConfUtils.java:logGet(46)) - raft.server.sleep.deviation.threshold = 300ms (default)
2023-01-26 17:25:17,760 [pool-93-thread-1] INFO  server.RaftServer$Division (ServerState.java:<init>(118)) - 2cc4737a-7f72-4ede-9604-67be23ac19b5@group-BF0ED7AAB015: ConfigurationManager, init=-1: peers:[2cc4737a-7f72-4ede-9604-67be23ac19b5|rpc:10.1.0.200:34349|dataStream:10.1.0.200:45267|priority:1|startupRole:FOLLOWER]|listeners:[], old=null, confs=<EMPTY_MAP>
2023-01-26 17:25:17,760 [pool-93-thread-1] INFO  server.RaftServerConfigKeys (ConfUtils.java:logGet(46)) - raft.server.storage.dir = [/home/runner/work/ozone/ozone/hadoop-ozone/integration-test/target/test-dir/MiniOzoneClusterImpl-21eb6502-c8cc-4b95-8a64-0224a41eaf0d/datanode-1/data/ratis] (custom)
2023-01-26 17:25:17,761 [pool-93-thread-1] INFO  server.RaftServerConfigKeys (ConfUtils.java:logGet(46)) - raft.server.log.corruption.policy = EXCEPTION (default)
2023-01-26 17:25:17,761 [pool-93-thread-1] INFO  server.RaftServerConfigKeys (ConfUtils.java:logGet(46)) - raft.server.storage.free-space.min = 0MB (=0) (default)
2023-01-26 17:25:17,761 [pool-93-thread-1] INFO  server.RaftServerConfigKeys (ConfUtils.java:logGet(46)) - raft.server.notification.no-leader.timeout = 300000ms (custom)
2023-01-26 17:25:17,761 [pool-93-thread-1] INFO  server.RaftServerConfigKeys (ConfUtils.java:logGet(46)) - raft.server.retrycache.expirytime = 600000ms (custom)
2023-01-26 17:25:17,761 [pool-93-thread-1] INFO  server.RaftServerConfigKeys (ConfUtils.java:logGet(46)) - raft.server.retrycache.statistics.expirytime = 100μs (default)
2023-01-26 17:25:17,763 [pool-93-thread-1] INFO  server.RaftServerConfigKeys (ConfUtils.java:logGet(46)) - raft.server.log.appender.install.snapshot.enabled = false (custom)
2023-01-26 17:25:17,766 [pool-93-thread-1] INFO  server.RaftServerConfigKeys (ConfUtils.java:logGet(46)) - raft.server.threadpool.server.cached = true (default)
2023-01-26 17:25:17,766 [pool-93-thread-1] INFO  server.RaftServerConfigKeys (ConfUtils.java:logGet(46)) - raft.server.threadpool.server.size = 0 (default)
2023-01-26 17:25:17,766 [pool-93-thread-1] INFO  server.RaftServerConfigKeys (ConfUtils.java:logGet(46)) - raft.server.threadpool.client.cached = true (default)
2023-01-26 17:25:17,766 [pool-93-thread-1] INFO  server.RaftServerConfigKeys (ConfUtils.java:logGet(46)) - raft.server.threadpool.client.size = 0 (default)
2023-01-26 17:25:17,766 [pool-93-thread-1] INFO  storage.RaftStorageDirectory (RaftStorageDirectoryImpl.java:analyzeStorage(137)) - The storage directory /home/runner/work/ozone/ozone/hadoop-ozone/integration-test/target/test-dir/MiniOzoneClusterImpl-21eb6502-c8cc-4b95-8a64-0224a41eaf0d/datanode-1/data/ratis/8c767852-a875-4506-8f66-bf0ed7aab015 does not exist. Creating ...
2023-01-26 17:25:17,767 [pool-93-thread-1] INFO  storage.RaftStorageDirectory (RaftStorageDirectoryImpl.java:tryLock(231)) - Lock on /home/runner/work/ozone/ozone/hadoop-ozone/integration-test/target/test-dir/MiniOzoneClusterImpl-21eb6502-c8cc-4b95-8a64-0224a41eaf0d/datanode-1/data/ratis/8c767852-a875-4506-8f66-bf0ed7aab015/in_use.lock acquired by nodename 6553@fv-az133-476
2023-01-26 17:25:17,768 [pool-93-thread-1] INFO  storage.RaftStorage (RaftStorageImpl.java:format(96)) - Storage directory /home/runner/work/ozone/ozone/hadoop-ozone/integration-test/target/test-dir/MiniOzoneClusterImpl-21eb6502-c8cc-4b95-8a64-0224a41eaf0d/datanode-1/data/ratis/8c767852-a875-4506-8f66-bf0ed7aab015 has been successfully formatted.
2023-01-26 17:25:17,769 [pool-93-thread-1] INFO  ratis.ContainerStateMachine (ContainerStateMachine.java:loadSnapshot(240)) - group-BF0ED7AAB015: The snapshot info is null. Setting the last applied indexto:(t:0, i:~)
2023-01-26 17:25:17,771 [pool-93-thread-1] INFO  server.RaftServerConfigKeys (ConfUtils.java:logGet(46)) - raft.server.log.use.memory = false (default)
2023-01-26 17:25:17,771 [pool-93-thread-1] INFO  server.RaftServerConfigKeys (ConfUtils.java:logGet(46)) - raft.server.log.purge.gap = 1000000 (custom)
2023-01-26 17:25:17,771 [pool-93-thread-1] INFO  server.RaftServerConfigKeys (ConfUtils.java:logGet(46)) - raft.server.log.appender.buffer.byte-limit = 33554432 (custom)
2023-01-26 17:25:17,771 [pool-93-thread-1] INFO  server.RaftServerConfigKeys (ConfUtils.java:logGet(46)) - raft.server.log.statemachine.data.read.timeout = 1000ms (default)
2023-01-26 17:25:17,771 [pool-93-thread-1] INFO  server.RaftServerConfigKeys (ConfUtils.java:logGet(46)) - raft.server.log.purge.preservation.log.num = 0 (default)
2023-01-26 17:25:17,772 [pool-93-thread-1] INFO  server.RaftServerConfigKeys (ConfUtils.java:logGet(46)) - raft.server.log.segment.size.max = 1048576 (custom)
2023-01-26 17:25:17,772 [pool-93-thread-1] INFO  server.RaftServerConfigKeys (ConfUtils.java:logGet(46)) - raft.server.log.segment.cache.num.max = 2 (custom)
2023-01-26 17:25:17,772 [pool-93-thread-1] INFO  server.RaftServerConfigKeys (ConfUtils.java:logGet(46)) - raft.server.log.segment.cache.size.max = 200MB (=209715200) (default)
2023-01-26 17:25:17,772 [pool-93-thread-1] INFO  segmented.SegmentedRaftLogWorker (SegmentedRaftLogWorker.java:<init>(189)) - new 2cc4737a-7f72-4ede-9604-67be23ac19b5@group-BF0ED7AAB015-SegmentedRaftLogWorker for RaftStorageImpl:Storage Directory /home/runner/work/ozone/ozone/hadoop-ozone/integration-test/target/test-dir/MiniOzoneClusterImpl-21eb6502-c8cc-4b95-8a64-0224a41eaf0d/datanode-1/data/ratis/8c767852-a875-4506-8f66-bf0ed7aab015
2023-01-26 17:25:17,772 [pool-93-thread-1] INFO  server.RaftServerConfigKeys (ConfUtils.java:logGet(46)) - raft.server.log.queue.byte-limit = 4294967296 (custom)
2023-01-26 17:25:17,772 [pool-93-thread-1] INFO  server.RaftServerConfigKeys (ConfUtils.java:logGet(46)) - raft.server.log.queue.element-limit = 1024 (custom)
2023-01-26 17:25:17,772 [pool-93-thread-1] INFO  server.RaftServerConfigKeys (ConfUtils.java:logGet(46)) - raft.server.log.segment.size.max = 1048576 (custom)
2023-01-26 17:25:17,772 [pool-93-thread-1] INFO  server.RaftServerConfigKeys (ConfUtils.java:logGet(46)) - raft.server.log.preallocated.size = 16384 (custom)
2023-01-26 17:25:17,772 [pool-93-thread-1] INFO  server.RaftServerConfigKeys (ConfUtils.java:logGet(46)) - raft.server.log.force.sync.num = 128 (default)
2023-01-26 17:25:17,772 [pool-93-thread-1] INFO  server.RaftServerConfigKeys (ConfUtils.java:logGet(46)) - raft.server.log.statemachine.data.sync = true (default)
2023-01-26 17:25:17,772 [pool-93-thread-1] INFO  server.RaftServerConfigKeys (ConfUtils.java:logGet(46)) - raft.server.log.statemachine.data.sync.timeout = 10s (default)
2023-01-26 17:25:17,772 [pool-93-thread-1] INFO  server.RaftServerConfigKeys (ConfUtils.java:logGet(46)) - raft.server.log.statemachine.data.sync.timeout.retry = -1 (default)
2023-01-26 17:25:17,774 [EventQueue-PipelineReportForPipelineReportHandler] INFO  pipeline.PipelineManagerImpl (PipelineManagerImpl.java:openPipeline(367)) - Pipeline Pipeline[ Id: 8c767852-a875-4506-8f66-bf0ed7aab015, Nodes: 2cc4737a-7f72-4ede-9604-67be23ac19b5(fv-az133-476.yhipumr4050edinzmvad0xeera.cx.internal.cloudapp.net/10.1.0.200), ReplicationConfig: RATIS/ONE, State:ALLOCATED, leaderId:2cc4737a-7f72-4ede-9604-67be23ac19b5, CreationTimestamp2023-01-26T17:25:14.749Z[Etc/UTC]] moved to OPEN state
2023-01-26 17:25:17,775 [EventQueue-OpenPipelineForHealthyPipelineSafeModeRule] INFO  safemode.SCMSafeModeManager (HealthyPipelineSafeModeRule.java:process(137)) - SCM in safe mode. Healthy pipelines reported count is 0, required healthy pipeline reported count is 1
2023-01-26 17:25:17,775 [pool-93-thread-1] INFO  server.RaftServerConfigKeys (ConfUtils.java:logGet(46)) - raft.server.log.write.buffer.size = 1048576 (custom)
2023-01-26 17:25:17,775 [pool-93-thread-1] INFO  server.RaftServerConfigKeys (ConfUtils.java:logGet(46)) - raft.server.log.appender.buffer.byte-limit = 33554432 (custom)
2023-01-26 17:25:17,782 [pool-93-thread-1] INFO  server.RaftServerConfigKeys (ConfUtils.java:logGet(46)) - raft.server.log.unsafe-flush.enabled = false (default)
2023-01-26 17:25:17,782 [pool-93-thread-1] INFO  server.RaftServerConfigKeys (ConfUtils.java:logGet(46)) - raft.server.log.async-flush.enabled = false (default)
2023-01-26 17:25:17,782 [pool-93-thread-1] INFO  server.RaftServerConfigKeys (ConfUtils.java:logGet(46)) - raft.server.log.statemachine.data.caching.enabled = true (custom)
2023-01-26 17:25:17,783 [pool-93-thread-1] INFO  segmented.SegmentedRaftLogWorker (SegmentedRaftLogWorker.java:lambda$new$0(135)) - 2cc4737a-7f72-4ede-9604-67be23ac19b5@group-BF0ED7AAB015-SegmentedRaftLogWorker: flushIndex: setUnconditionally 0 -> -1
2023-01-26 17:25:17,783 [pool-93-thread-1] INFO  segmented.SegmentedRaftLogWorker (SegmentedRaftLogWorker.java:lambda$new$0(135)) - 2cc4737a-7f72-4ede-9604-67be23ac19b5@group-BF0ED7AAB015-SegmentedRaftLogWorker: safeCacheEvictIndex: setUnconditionally 0 -> -1
2023-01-26 17:25:17,783 [pool-93-thread-1] INFO  server.RaftServer$Division (RaftServerImpl.java:start(334)) - 2cc4737a-7f72-4ede-9604-67be23ac19b5@group-BF0ED7AAB015: start as a follower, conf=-1: peers:[2cc4737a-7f72-4ede-9604-67be23ac19b5|rpc:10.1.0.200:34349|dataStream:10.1.0.200:45267|priority:1|startupRole:FOLLOWER]|listeners:[], old=null
2023-01-26 17:25:17,783 [pool-93-thread-1] INFO  server.RaftServer$Division (RaftServerImpl.java:setRole(321)) - 2cc4737a-7f72-4ede-9604-67be23ac19b5@group-BF0ED7AAB015: changes role from      null to FOLLOWER at term 0 for startAsFollower
2023-01-26 17:25:17,783 [pool-93-thread-1] INFO  impl.RoleInfo (RoleInfo.java:updateAndGet(139)) - 2cc4737a-7f72-4ede-9604-67be23ac19b5: start 2cc4737a-7f72-4ede-9604-67be23ac19b5@group-BF0ED7AAB015-FollowerState
2023-01-26 17:25:17,787 [pool-93-thread-1] INFO  util.JmxRegister (JmxRegister.java:tryRegister(44)) - Successfully registered JMX Bean with object name Ratis:service=RaftServer,group=group-BF0ED7AAB015,id=2cc4737a-7f72-4ede-9604-67be23ac19b5
2023-01-26 17:25:17,794 [pool-93-thread-1] INFO  server.RaftServerConfigKeys (ConfUtils.java:logGet(46)) - raft.server.snapshot.auto.trigger.enabled = true (custom)
2023-01-26 17:25:17,794 [pool-93-thread-1] INFO  server.RaftServerConfigKeys (ConfUtils.java:logGet(46)) - raft.server.snapshot.auto.trigger.threshold = 10000 (custom)
2023-01-26 17:25:17,794 [pool-93-thread-1] INFO  server.RaftServerConfigKeys (ConfUtils.java:logGet(46)) - raft.server.snapshot.retention.file.num = 5 (custom)
2023-01-26 17:25:17,794 [pool-93-thread-1] INFO  server.RaftServerConfigKeys (ConfUtils.java:logGet(46)) - raft.server.log.purge.upto.snapshot.index = false (default)
2023-01-26 17:25:17,795 [2cc4737a-7f72-4ede-9604-67be23ac19b5@group-BF0ED7AAB015-FollowerState] INFO  server.RaftServerConfigKeys (ConfUtils.java:logFallback(53)) - raft.server.rpc.first-election.timeout.min = 5s (fallback to raft.server.rpc.timeout.min)
2023-01-26 17:25:17,797 [2cc4737a-7f72-4ede-9604-67be23ac19b5@group-BF0ED7AAB015-FollowerState] INFO  server.RaftServerConfigKeys (ConfUtils.java:logFallback(53)) - raft.server.rpc.first-election.timeout.max = 5200ms (fallback to raft.server.rpc.timeout.max)
2023-01-26 17:25:17,806 [Command processor thread] INFO  ratis.XceiverServerRatis (XceiverServerRatis.java:addGroup(806)) - Created group PipelineID=8c767852-a875-4506-8f66-bf0ed7aab015
2023-01-26 17:25:17,806 [Command processor thread] INFO  commandhandler.CreatePipelineCommandHandler (CreatePipelineCommandHandler.java:handle(113)) - Created Pipeline RATIS ONE PipelineID=8c767852-a875-4506-8f66-bf0ed7aab015.
2023-01-26 17:25:17,807 [Command processor thread] INFO  server.RaftServer (RaftServerProxy.java:addNew(96)) - 2cc4737a-7f72-4ede-9604-67be23ac19b5: addNew group-EF15663C4850:[122b4be6-0cee-49ba-a809-7fef5e0e1400|rpc:10.1.0.200:39289|dataStream:10.1.0.200:46437|priority:0|startupRole:FOLLOWER, 2cc4737a-7f72-4ede-9604-67be23ac19b5|rpc:10.1.0.200:34349|dataStream:10.1.0.200:45267|priority:1|startupRole:FOLLOWER, d082cfae-03ac-47dd-a559-6fd7cb4436a1|rpc:10.1.0.200:43095|dataStream:10.1.0.200:35799|priority:0|startupRole:FOLLOWER] returns group-EF15663C4850:java.util.concurrent.CompletableFuture@9a088d3[Not completed]
2023-01-26 17:25:17,808 [pool-93-thread-1] INFO  server.RaftServer$Division (RaftServerImpl.java:<init>(195)) - 2cc4737a-7f72-4ede-9604-67be23ac19b5: new RaftServerImpl for group-EF15663C4850:[122b4be6-0cee-49ba-a809-7fef5e0e1400|rpc:10.1.0.200:39289|dataStream:10.1.0.200:46437|priority:0|startupRole:FOLLOWER, 2cc4737a-7f72-4ede-9604-67be23ac19b5|rpc:10.1.0.200:34349|dataStream:10.1.0.200:45267|priority:1|startupRole:FOLLOWER, d082cfae-03ac-47dd-a559-6fd7cb4436a1|rpc:10.1.0.200:43095|dataStream:10.1.0.200:35799|priority:0|startupRole:FOLLOWER] with ContainerStateMachine:uninitialized
2023-01-26 17:25:17,808 [pool-93-thread-1] INFO  server.RaftServerConfigKeys (ConfUtils.java:logGet(46)) - raft.server.rpc.timeout.min = 5s (custom)
2023-01-26 17:25:17,808 [pool-93-thread-1] INFO  server.RaftServerConfigKeys (ConfUtils.java:logGet(46)) - raft.server.rpc.timeout.max = 5200ms (custom)
2023-01-26 17:25:17,808 [pool-93-thread-1] INFO  server.RaftServerConfigKeys (ConfUtils.java:logGet(46)) - raft.server.rpc.sleep.time = 25ms (default)
2023-01-26 17:25:17,808 [pool-93-thread-1] INFO  server.RaftServerConfigKeys (ConfUtils.java:logGet(46)) - raft.server.rpc.slowness.timeout = 300000ms (custom)
2023-01-26 17:25:17,808 [pool-93-thread-1] INFO  server.RaftServerConfigKeys (ConfUtils.java:logGet(46)) - raft.server.leaderelection.leader.step-down.wait-time = 10s (default)
2023-01-26 17:25:17,808 [pool-93-thread-1] INFO  server.RaftServerConfigKeys (ConfUtils.java:logGet(46)) - raft.server.sleep.deviation.threshold = 300ms (default)
2023-01-26 17:25:17,809 [pool-93-thread-1] INFO  server.RaftServer$Division (ServerState.java:<init>(118)) - 2cc4737a-7f72-4ede-9604-67be23ac19b5@group-EF15663C4850: ConfigurationManager, init=-1: peers:[122b4be6-0cee-49ba-a809-7fef5e0e1400|rpc:10.1.0.200:39289|dataStream:10.1.0.200:46437|priority:0|startupRole:FOLLOWER, 2cc4737a-7f72-4ede-9604-67be23ac19b5|rpc:10.1.0.200:34349|dataStream:10.1.0.200:45267|priority:1|startupRole:FOLLOWER, d082cfae-03ac-47dd-a559-6fd7cb4436a1|rpc:10.1.0.200:43095|dataStream:10.1.0.200:35799|priority:0|startupRole:FOLLOWER]|listeners:[], old=null, confs=<EMPTY_MAP>
2023-01-26 17:25:17,809 [pool-93-thread-1] INFO  server.RaftServerConfigKeys (ConfUtils.java:logGet(46)) - raft.server.storage.dir = [/home/runner/work/ozone/ozone/hadoop-ozone/integration-test/target/test-dir/MiniOzoneClusterImpl-21eb6502-c8cc-4b95-8a64-0224a41eaf0d/datanode-1/data/ratis] (custom)
2023-01-26 17:25:17,809 [pool-93-thread-1] INFO  server.RaftServerConfigKeys (ConfUtils.java:logGet(46)) - raft.server.log.corruption.policy = EXCEPTION (default)
2023-01-26 17:25:17,809 [pool-93-thread-1] INFO  server.RaftServerConfigKeys (ConfUtils.java:logGet(46)) - raft.server.storage.free-space.min = 0MB (=0) (default)
2023-01-26 17:25:17,809 [pool-93-thread-1] INFO  server.RaftServerConfigKeys (ConfUtils.java:logGet(46)) - raft.server.notification.no-leader.timeout = 300000ms (custom)
2023-01-26 17:25:17,809 [pool-93-thread-1] INFO  server.RaftServerConfigKeys (ConfUtils.java:logGet(46)) - raft.server.retrycache.expirytime = 600000ms (custom)
2023-01-26 17:25:17,809 [pool-93-thread-1] INFO  server.RaftServerConfigKeys (ConfUtils.java:logGet(46)) - raft.server.retrycache.statistics.expirytime = 100μs (default)
2023-01-26 17:25:17,810 [pool-93-thread-1] INFO  server.RaftServerConfigKeys (ConfUtils.java:logGet(46)) - raft.server.log.appender.install.snapshot.enabled = false (custom)
2023-01-26 17:25:17,810 [pool-93-thread-1] INFO  server.RaftServerConfigKeys (ConfUtils.java:logGet(46)) - raft.server.threadpool.server.cached = true (default)
2023-01-26 17:25:17,810 [pool-93-thread-1] INFO  server.RaftServerConfigKeys (ConfUtils.java:logGet(46)) - raft.server.threadpool.server.size = 0 (default)
2023-01-26 17:25:17,810 [pool-93-thread-1] INFO  server.RaftServerConfigKeys (ConfUtils.java:logGet(46)) - raft.server.threadpool.client.cached = true (default)
2023-01-26 17:25:17,810 [pool-93-thread-1] INFO  server.RaftServerConfigKeys (ConfUtils.java:logGet(46)) - raft.server.threadpool.client.size = 0 (default)
2023-01-26 17:25:17,811 [pool-93-thread-1] INFO  storage.RaftStorageDirectory (RaftStorageDirectoryImpl.java:analyzeStorage(137)) - The storage directory /home/runner/work/ozone/ozone/hadoop-ozone/integration-test/target/test-dir/MiniOzoneClusterImpl-21eb6502-c8cc-4b95-8a64-0224a41eaf0d/datanode-1/data/ratis/b8a516ca-0386-4654-a286-ef15663c4850 does not exist. Creating ...
2023-01-26 17:25:17,811 [pool-93-thread-1] INFO  storage.RaftStorageDirectory (RaftStorageDirectoryImpl.java:tryLock(231)) - Lock on /home/runner/work/ozone/ozone/hadoop-ozone/integration-test/target/test-dir/MiniOzoneClusterImpl-21eb6502-c8cc-4b95-8a64-0224a41eaf0d/datanode-1/data/ratis/b8a516ca-0386-4654-a286-ef15663c4850/in_use.lock acquired by nodename 6553@fv-az133-476
2023-01-26 17:25:17,812 [pool-93-thread-1] INFO  storage.RaftStorage (RaftStorageImpl.java:format(96)) - Storage directory /home/runner/work/ozone/ozone/hadoop-ozone/integration-test/target/test-dir/MiniOzoneClusterImpl-21eb6502-c8cc-4b95-8a64-0224a41eaf0d/datanode-1/data/ratis/b8a516ca-0386-4654-a286-ef15663c4850 has been successfully formatted.
2023-01-26 17:25:17,812 [pool-93-thread-1] INFO  ratis.ContainerStateMachine (ContainerStateMachine.java:loadSnapshot(240)) - group-EF15663C4850: The snapshot info is null. Setting the last applied indexto:(t:0, i:~)
2023-01-26 17:25:17,812 [pool-93-thread-1] INFO  server.RaftServerConfigKeys (ConfUtils.java:logGet(46)) - raft.server.log.use.memory = false (default)
2023-01-26 17:25:17,812 [pool-93-thread-1] INFO  server.RaftServerConfigKeys (ConfUtils.java:logGet(46)) - raft.server.log.purge.gap = 1000000 (custom)
2023-01-26 17:25:17,813 [pool-93-thread-1] INFO  server.RaftServerConfigKeys (ConfUtils.java:logGet(46)) - raft.server.log.appender.buffer.byte-limit = 33554432 (custom)
2023-01-26 17:25:17,813 [pool-93-thread-1] INFO  server.RaftServerConfigKeys (ConfUtils.java:logGet(46)) - raft.server.log.statemachine.data.read.timeout = 1000ms (default)
2023-01-26 17:25:17,813 [pool-93-thread-1] INFO  server.RaftServerConfigKeys (ConfUtils.java:logGet(46)) - raft.server.log.purge.preservation.log.num = 0 (default)
2023-01-26 17:25:17,813 [pool-93-thread-1] INFO  server.RaftServerConfigKeys (ConfUtils.java:logGet(46)) - raft.server.log.segment.size.max = 1048576 (custom)
2023-01-26 17:25:17,813 [pool-93-thread-1] INFO  server.RaftServerConfigKeys (ConfUtils.java:logGet(46)) - raft.server.log.segment.cache.num.max = 2 (custom)
2023-01-26 17:25:17,813 [pool-93-thread-1] INFO  server.RaftServerConfigKeys (ConfUtils.java:logGet(46)) - raft.server.log.segment.cache.size.max = 200MB (=209715200) (default)
2023-01-26 17:25:17,813 [pool-93-thread-1] INFO  segmented.SegmentedRaftLogWorker (SegmentedRaftLogWorker.java:<init>(189)) - new 2cc4737a-7f72-4ede-9604-67be23ac19b5@group-EF15663C4850-SegmentedRaftLogWorker for RaftStorageImpl:Storage Directory /home/runner/work/ozone/ozone/hadoop-ozone/integration-test/target/test-dir/MiniOzoneClusterImpl-21eb6502-c8cc-4b95-8a64-0224a41eaf0d/datanode-1/data/ratis/b8a516ca-0386-4654-a286-ef15663c4850
2023-01-26 17:25:17,813 [pool-93-thread-1] INFO  server.RaftServerConfigKeys (ConfUtils.java:logGet(46)) - raft.server.log.queue.byte-limit = 4294967296 (custom)
2023-01-26 17:25:17,813 [pool-93-thread-1] INFO  server.RaftServerConfigKeys (ConfUtils.java:logGet(46)) - raft.server.log.queue.element-limit = 1024 (custom)
2023-01-26 17:25:17,813 [pool-93-thread-1] INFO  server.RaftServerConfigKeys (ConfUtils.java:logGet(46)) - raft.server.log.segment.size.max = 1048576 (custom)
2023-01-26 17:25:17,814 [pool-93-thread-1] INFO  server.RaftServerConfigKeys (ConfUtils.java:logGet(46)) - raft.server.log.preallocated.size = 16384 (custom)
2023-01-26 17:25:17,814 [pool-93-thread-1] INFO  server.RaftServerConfigKeys (ConfUtils.java:logGet(46)) - raft.server.log.force.sync.num = 128 (default)
2023-01-26 17:25:17,814 [pool-93-thread-1] INFO  server.RaftServerConfigKeys (ConfUtils.java:logGet(46)) - raft.server.log.statemachine.data.sync = true (default)
2023-01-26 17:25:17,814 [pool-93-thread-1] INFO  server.RaftServerConfigKeys (ConfUtils.java:logGet(46)) - raft.server.log.statemachine.data.sync.timeout = 10s (default)
2023-01-26 17:25:17,814 [pool-93-thread-1] INFO  server.RaftServerConfigKeys (ConfUtils.java:logGet(46)) - raft.server.log.statemachine.data.sync.timeout.retry = -1 (default)
2023-01-26 17:25:17,815 [EventQueue-OpenPipelineForHealthyPipelineSafeModeRule] INFO  safemode.SCMSafeModeManager (HealthyPipelineSafeModeRule.java:process(137)) - SCM in safe mode. Healthy pipelines reported count is 0, required healthy pipeline reported count is 1
2023-01-26 17:25:17,819 [pool-93-thread-1] INFO  server.RaftServerConfigKeys (ConfUtils.java:logGet(46)) - raft.server.log.write.buffer.size = 1048576 (custom)
2023-01-26 17:25:17,820 [pool-93-thread-1] INFO  server.RaftServerConfigKeys (ConfUtils.java:logGet(46)) - raft.server.log.appender.buffer.byte-limit = 33554432 (custom)
2023-01-26 17:25:17,823 [pool-93-thread-1] INFO  server.RaftServerConfigKeys (ConfUtils.java:logGet(46)) - raft.server.log.unsafe-flush.enabled = false (default)
2023-01-26 17:25:17,823 [pool-93-thread-1] INFO  server.RaftServerConfigKeys (ConfUtils.java:logGet(46)) - raft.server.log.async-flush.enabled = false (default)
2023-01-26 17:25:17,823 [pool-93-thread-1] INFO  server.RaftServerConfigKeys (ConfUtils.java:logGet(46)) - raft.server.log.statemachine.data.caching.enabled = true (custom)
2023-01-26 17:25:17,823 [pool-93-thread-1] INFO  segmented.SegmentedRaftLogWorker (SegmentedRaftLogWorker.java:lambda$new$0(135)) - 2cc4737a-7f72-4ede-9604-67be23ac19b5@group-EF15663C4850-SegmentedRaftLogWorker: flushIndex: setUnconditionally 0 -> -1
2023-01-26 17:25:17,823 [pool-93-thread-1] INFO  segmented.SegmentedRaftLogWorker (SegmentedRaftLogWorker.java:lambda$new$0(135)) - 2cc4737a-7f72-4ede-9604-67be23ac19b5@group-EF15663C4850-SegmentedRaftLogWorker: safeCacheEvictIndex: setUnconditionally 0 -> -1
2023-01-26 17:25:17,823 [pool-93-thread-1] INFO  server.RaftServer$Division (RaftServerImpl.java:start(334)) - 2cc4737a-7f72-4ede-9604-67be23ac19b5@group-EF15663C4850: start as a follower, conf=-1: peers:[122b4be6-0cee-49ba-a809-7fef5e0e1400|rpc:10.1.0.200:39289|dataStream:10.1.0.200:46437|priority:0|startupRole:FOLLOWER, 2cc4737a-7f72-4ede-9604-67be23ac19b5|rpc:10.1.0.200:34349|dataStream:10.1.0.200:45267|priority:1|startupRole:FOLLOWER, d082cfae-03ac-47dd-a559-6fd7cb4436a1|rpc:10.1.0.200:43095|dataStream:10.1.0.200:35799|priority:0|startupRole:FOLLOWER]|listeners:[], old=null
2023-01-26 17:25:17,823 [pool-93-thread-1] INFO  server.RaftServer$Division (RaftServerImpl.java:setRole(321)) - 2cc4737a-7f72-4ede-9604-67be23ac19b5@group-EF15663C4850: changes role from      null to FOLLOWER at term 0 for startAsFollower
2023-01-26 17:25:17,823 [pool-93-thread-1] INFO  impl.RoleInfo (RoleInfo.java:updateAndGet(139)) - 2cc4737a-7f72-4ede-9604-67be23ac19b5: start 2cc4737a-7f72-4ede-9604-67be23ac19b5@group-EF15663C4850-FollowerState
2023-01-26 17:25:17,824 [pool-93-thread-1] INFO  util.JmxRegister (JmxRegister.java:tryRegister(44)) - Successfully registered JMX Bean with object name Ratis:service=RaftServer,group=group-EF15663C4850,id=2cc4737a-7f72-4ede-9604-67be23ac19b5
2023-01-26 17:25:17,824 [pool-93-thread-1] INFO  server.RaftServerConfigKeys (ConfUtils.java:logGet(46)) - raft.server.snapshot.auto.trigger.enabled = true (custom)
2023-01-26 17:25:17,824 [pool-93-thread-1] INFO  server.RaftServerConfigKeys (ConfUtils.java:logGet(46)) - raft.server.snapshot.auto.trigger.threshold = 10000 (custom)
2023-01-26 17:25:17,824 [pool-93-thread-1] INFO  server.RaftServerConfigKeys (ConfUtils.java:logGet(46)) - raft.server.snapshot.retention.file.num = 5 (custom)
2023-01-26 17:25:17,824 [pool-93-thread-1] INFO  server.RaftServerConfigKeys (ConfUtils.java:logGet(46)) - raft.server.log.purge.upto.snapshot.index = false (default)
2023-01-26 17:25:17,824 [2cc4737a-7f72-4ede-9604-67be23ac19b5@group-EF15663C4850-FollowerState] INFO  server.RaftServerConfigKeys (ConfUtils.java:logFallback(53)) - raft.server.rpc.first-election.timeout.min = 5s (fallback to raft.server.rpc.timeout.min)
2023-01-26 17:25:17,827 [2cc4737a-7f72-4ede-9604-67be23ac19b5@group-EF15663C4850-FollowerState] INFO  server.RaftServerConfigKeys (ConfUtils.java:logFallback(53)) - raft.server.rpc.first-election.timeout.max = 5200ms (fallback to raft.server.rpc.timeout.max)
2023-01-26 17:25:17,828 [Command processor thread] INFO  ratis.XceiverServerRatis (XceiverServerRatis.java:addGroup(806)) - Created group PipelineID=b8a516ca-0386-4654-a286-ef15663c4850
2023-01-26 17:25:17,844 [Listener at 127.0.0.1/34233] INFO  ozone.MiniOzoneClusterImpl (MiniOzoneClusterImpl.java:lambda$waitForClusterToBeReady$0(218)) - Nodes are ready. Got 5 of 5 DN Heartbeats.
2023-01-26 17:25:17,845 [Listener at 127.0.0.1/34233] INFO  ozone.MiniOzoneClusterImpl (MiniOzoneClusterImpl.java:lambda$waitForClusterToBeReady$0(221)) - Waiting for cluster to exit safe mode
2023-01-26 17:25:17,845 [Listener at 127.0.0.1/34233] INFO  ozone.MiniOzoneClusterImpl (MiniOzoneClusterImpl.java:lambda$waitForClusterToBeReady$0(223)) - SCM became leader
2023-01-26 17:25:17,945 [grpc-default-executor-0] INFO  server.RaftServer (RaftServerProxy.java:addNew(96)) - 122b4be6-0cee-49ba-a809-7fef5e0e1400: addNew group-EF15663C4850:[122b4be6-0cee-49ba-a809-7fef5e0e1400|rpc:10.1.0.200:39289|dataStream:10.1.0.200:46437|priority:0|startupRole:FOLLOWER, 2cc4737a-7f72-4ede-9604-67be23ac19b5|rpc:10.1.0.200:34349|dataStream:10.1.0.200:45267|priority:1|startupRole:FOLLOWER, d082cfae-03ac-47dd-a559-6fd7cb4436a1|rpc:10.1.0.200:43095|dataStream:10.1.0.200:35799|priority:0|startupRole:FOLLOWER] returns group-EF15663C4850:java.util.concurrent.CompletableFuture@39b8a8b2[Not completed]
2023-01-26 17:25:17,947 [pool-115-thread-1] INFO  server.RaftServer$Division (RaftServerImpl.java:<init>(195)) - 122b4be6-0cee-49ba-a809-7fef5e0e1400: new RaftServerImpl for group-EF15663C4850:[122b4be6-0cee-49ba-a809-7fef5e0e1400|rpc:10.1.0.200:39289|dataStream:10.1.0.200:46437|priority:0|startupRole:FOLLOWER, 2cc4737a-7f72-4ede-9604-67be23ac19b5|rpc:10.1.0.200:34349|dataStream:10.1.0.200:45267|priority:1|startupRole:FOLLOWER, d082cfae-03ac-47dd-a559-6fd7cb4436a1|rpc:10.1.0.200:43095|dataStream:10.1.0.200:35799|priority:0|startupRole:FOLLOWER] with ContainerStateMachine:uninitialized
2023-01-26 17:25:17,947 [pool-115-thread-1] INFO  server.RaftServerConfigKeys (ConfUtils.java:logGet(46)) - raft.server.rpc.timeout.min = 5s (custom)
2023-01-26 17:25:17,947 [pool-115-thread-1] INFO  server.RaftServerConfigKeys (ConfUtils.java:logGet(46)) - raft.server.rpc.timeout.max = 5200ms (custom)
2023-01-26 17:25:17,947 [pool-115-thread-1] INFO  server.RaftServerConfigKeys (ConfUtils.java:logGet(46)) - raft.server.rpc.sleep.time = 25ms (default)
2023-01-26 17:25:17,947 [pool-115-thread-1] INFO  server.RaftServerConfigKeys (ConfUtils.java:logGet(46)) - raft.server.rpc.slowness.timeout = 300000ms (custom)
2023-01-26 17:25:17,947 [pool-115-thread-1] INFO  server.RaftServerConfigKeys (ConfUtils.java:logGet(46)) - raft.server.leaderelection.leader.step-down.wait-time = 10s (default)
2023-01-26 17:25:17,947 [pool-115-thread-1] INFO  server.RaftServerConfigKeys (ConfUtils.java:logGet(46)) - raft.server.sleep.deviation.threshold = 300ms (default)
2023-01-26 17:25:17,947 [pool-115-thread-1] INFO  server.RaftServer$Division (ServerState.java:<init>(118)) - 122b4be6-0cee-49ba-a809-7fef5e0e1400@group-EF15663C4850: ConfigurationManager, init=-1: peers:[122b4be6-0cee-49ba-a809-7fef5e0e1400|rpc:10.1.0.200:39289|dataStream:10.1.0.200:46437|priority:0|startupRole:FOLLOWER, 2cc4737a-7f72-4ede-9604-67be23ac19b5|rpc:10.1.0.200:34349|dataStream:10.1.0.200:45267|priority:1|startupRole:FOLLOWER, d082cfae-03ac-47dd-a559-6fd7cb4436a1|rpc:10.1.0.200:43095|dataStream:10.1.0.200:35799|priority:0|startupRole:FOLLOWER]|listeners:[], old=null, confs=<EMPTY_MAP>
2023-01-26 17:25:17,947 [pool-115-thread-1] INFO  server.RaftServerConfigKeys (ConfUtils.java:logGet(46)) - raft.server.storage.dir = [/home/runner/work/ozone/ozone/hadoop-ozone/integration-test/target/test-dir/MiniOzoneClusterImpl-21eb6502-c8cc-4b95-8a64-0224a41eaf0d/datanode-2/data/ratis] (custom)
2023-01-26 17:25:17,947 [pool-115-thread-1] INFO  server.RaftServerConfigKeys (ConfUtils.java:logGet(46)) - raft.server.log.corruption.policy = EXCEPTION (default)
2023-01-26 17:25:17,947 [pool-115-thread-1] INFO  server.RaftServerConfigKeys (ConfUtils.java:logGet(46)) - raft.server.storage.free-space.min = 0MB (=0) (default)
2023-01-26 17:25:17,947 [pool-115-thread-1] INFO  server.RaftServerConfigKeys (ConfUtils.java:logGet(46)) - raft.server.notification.no-leader.timeout = 300000ms (custom)
2023-01-26 17:25:17,948 [pool-115-thread-1] INFO  server.RaftServerConfigKeys (ConfUtils.java:logGet(46)) - raft.server.retrycache.expirytime = 600000ms (custom)
2023-01-26 17:25:17,948 [pool-115-thread-1] INFO  server.RaftServerConfigKeys (ConfUtils.java:logGet(46)) - raft.server.retrycache.statistics.expirytime = 100μs (default)
2023-01-26 17:25:17,948 [pool-115-thread-1] INFO  server.RaftServerConfigKeys (ConfUtils.java:logGet(46)) - raft.server.log.appender.install.snapshot.enabled = false (custom)
2023-01-26 17:25:17,949 [pool-115-thread-1] INFO  server.RaftServerConfigKeys (ConfUtils.java:logGet(46)) - raft.server.threadpool.server.cached = true (default)
2023-01-26 17:25:17,949 [pool-115-thread-1] INFO  server.RaftServerConfigKeys (ConfUtils.java:logGet(46)) - raft.server.threadpool.server.size = 0 (default)
2023-01-26 17:25:17,949 [pool-115-thread-1] INFO  server.RaftServerConfigKeys (ConfUtils.java:logGet(46)) - raft.server.threadpool.client.cached = true (default)
2023-01-26 17:25:17,949 [pool-115-thread-1] INFO  server.RaftServerConfigKeys (ConfUtils.java:logGet(46)) - raft.server.threadpool.client.size = 0 (default)
2023-01-26 17:25:17,949 [pool-115-thread-1] INFO  storage.RaftStorageDirectory (RaftStorageDirectoryImpl.java:analyzeStorage(137)) - The storage directory /home/runner/work/ozone/ozone/hadoop-ozone/integration-test/target/test-dir/MiniOzoneClusterImpl-21eb6502-c8cc-4b95-8a64-0224a41eaf0d/datanode-2/data/ratis/b8a516ca-0386-4654-a286-ef15663c4850 does not exist. Creating ...
2023-01-26 17:25:17,950 [pool-115-thread-1] INFO  storage.RaftStorageDirectory (RaftStorageDirectoryImpl.java:tryLock(231)) - Lock on /home/runner/work/ozone/ozone/hadoop-ozone/integration-test/target/test-dir/MiniOzoneClusterImpl-21eb6502-c8cc-4b95-8a64-0224a41eaf0d/datanode-2/data/ratis/b8a516ca-0386-4654-a286-ef15663c4850/in_use.lock acquired by nodename 6553@fv-az133-476
2023-01-26 17:25:17,950 [pool-115-thread-1] INFO  storage.RaftStorage (RaftStorageImpl.java:format(96)) - Storage directory /home/runner/work/ozone/ozone/hadoop-ozone/integration-test/target/test-dir/MiniOzoneClusterImpl-21eb6502-c8cc-4b95-8a64-0224a41eaf0d/datanode-2/data/ratis/b8a516ca-0386-4654-a286-ef15663c4850 has been successfully formatted.
2023-01-26 17:25:17,952 [pool-115-thread-1] INFO  ratis.ContainerStateMachine (ContainerStateMachine.java:loadSnapshot(240)) - group-EF15663C4850: The snapshot info is null. Setting the last applied indexto:(t:0, i:~)
2023-01-26 17:25:17,952 [pool-115-thread-1] INFO  server.RaftServerConfigKeys (ConfUtils.java:logGet(46)) - raft.server.log.use.memory = false (default)
2023-01-26 17:25:17,952 [pool-115-thread-1] INFO  server.RaftServerConfigKeys (ConfUtils.java:logGet(46)) - raft.server.log.purge.gap = 1000000 (custom)
2023-01-26 17:25:17,953 [pool-115-thread-1] INFO  server.RaftServerConfigKeys (ConfUtils.java:logGet(46)) - raft.server.log.appender.buffer.byte-limit = 33554432 (custom)
2023-01-26 17:25:17,953 [pool-115-thread-1] INFO  server.RaftServerConfigKeys (ConfUtils.java:logGet(46)) - raft.server.log.statemachine.data.read.timeout = 1000ms (default)
2023-01-26 17:25:17,953 [pool-115-thread-1] INFO  server.RaftServerConfigKeys (ConfUtils.java:logGet(46)) - raft.server.log.purge.preservation.log.num = 0 (default)
2023-01-26 17:25:17,953 [pool-115-thread-1] INFO  server.RaftServerConfigKeys (ConfUtils.java:logGet(46)) - raft.server.log.segment.size.max = 1048576 (custom)
2023-01-26 17:25:17,953 [pool-115-thread-1] INFO  server.RaftServerConfigKeys (ConfUtils.java:logGet(46)) - raft.server.log.segment.cache.num.max = 2 (custom)
2023-01-26 17:25:17,953 [pool-115-thread-1] INFO  server.RaftServerConfigKeys (ConfUtils.java:logGet(46)) - raft.server.log.segment.cache.size.max = 200MB (=209715200) (default)
2023-01-26 17:25:17,953 [pool-115-thread-1] INFO  segmented.SegmentedRaftLogWorker (SegmentedRaftLogWorker.java:<init>(189)) - new 122b4be6-0cee-49ba-a809-7fef5e0e1400@group-EF15663C4850-SegmentedRaftLogWorker for RaftStorageImpl:Storage Directory /home/runner/work/ozone/ozone/hadoop-ozone/integration-test/target/test-dir/MiniOzoneClusterImpl-21eb6502-c8cc-4b95-8a64-0224a41eaf0d/datanode-2/data/ratis/b8a516ca-0386-4654-a286-ef15663c4850
2023-01-26 17:25:17,953 [pool-115-thread-1] INFO  server.RaftServerConfigKeys (ConfUtils.java:logGet(46)) - raft.server.log.queue.byte-limit = 4294967296 (custom)
2023-01-26 17:25:17,953 [pool-115-thread-1] INFO  server.RaftServerConfigKeys (ConfUtils.java:logGet(46)) - raft.server.log.queue.element-limit = 1024 (custom)
2023-01-26 17:25:17,953 [pool-115-thread-1] INFO  server.RaftServerConfigKeys (ConfUtils.java:logGet(46)) - raft.server.log.segment.size.max = 1048576 (custom)
2023-01-26 17:25:17,953 [pool-115-thread-1] INFO  server.RaftServerConfigKeys (ConfUtils.java:logGet(46)) - raft.server.log.preallocated.size = 16384 (custom)
2023-01-26 17:25:17,953 [pool-115-thread-1] INFO  server.RaftServerConfigKeys (ConfUtils.java:logGet(46)) - raft.server.log.force.sync.num = 128 (default)
2023-01-26 17:25:17,953 [pool-115-thread-1] INFO  server.RaftServerConfigKeys (ConfUtils.java:logGet(46)) - raft.server.log.statemachine.data.sync = true (default)
2023-01-26 17:25:17,954 [pool-115-thread-1] INFO  server.RaftServerConfigKeys (ConfUtils.java:logGet(46)) - raft.server.log.statemachine.data.sync.timeout = 10s (default)
2023-01-26 17:25:17,954 [pool-115-thread-1] INFO  server.RaftServerConfigKeys (ConfUtils.java:logGet(46)) - raft.server.log.statemachine.data.sync.timeout.retry = -1 (default)
2023-01-26 17:25:17,954 [pool-115-thread-1] INFO  server.RaftServerConfigKeys (ConfUtils.java:logGet(46)) - raft.server.log.write.buffer.size = 1048576 (custom)
2023-01-26 17:25:17,954 [pool-115-thread-1] INFO  server.RaftServerConfigKeys (ConfUtils.java:logGet(46)) - raft.server.log.appender.buffer.byte-limit = 33554432 (custom)
2023-01-26 17:25:17,959 [pool-115-thread-1] INFO  server.RaftServerConfigKeys (ConfUtils.java:logGet(46)) - raft.server.log.unsafe-flush.enabled = false (default)
2023-01-26 17:25:17,959 [pool-115-thread-1] INFO  server.RaftServerConfigKeys (ConfUtils.java:logGet(46)) - raft.server.log.async-flush.enabled = false (default)
2023-01-26 17:25:17,963 [pool-115-thread-1] INFO  server.RaftServerConfigKeys (ConfUtils.java:logGet(46)) - raft.server.log.statemachine.data.caching.enabled = true (custom)
2023-01-26 17:25:17,963 [pool-115-thread-1] INFO  segmented.SegmentedRaftLogWorker (SegmentedRaftLogWorker.java:lambda$new$0(135)) - 122b4be6-0cee-49ba-a809-7fef5e0e1400@group-EF15663C4850-SegmentedRaftLogWorker: flushIndex: setUnconditionally 0 -> -1
2023-01-26 17:25:17,963 [pool-115-thread-1] INFO  segmented.SegmentedRaftLogWorker (SegmentedRaftLogWorker.java:lambda$new$0(135)) - 122b4be6-0cee-49ba-a809-7fef5e0e1400@group-EF15663C4850-SegmentedRaftLogWorker: safeCacheEvictIndex: setUnconditionally 0 -> -1
2023-01-26 17:25:17,966 [pool-115-thread-1] INFO  server.RaftServer$Division (RaftServerImpl.java:start(334)) - 122b4be6-0cee-49ba-a809-7fef5e0e1400@group-EF15663C4850: start as a follower, conf=-1: peers:[122b4be6-0cee-49ba-a809-7fef5e0e1400|rpc:10.1.0.200:39289|dataStream:10.1.0.200:46437|priority:0|startupRole:FOLLOWER, 2cc4737a-7f72-4ede-9604-67be23ac19b5|rpc:10.1.0.200:34349|dataStream:10.1.0.200:45267|priority:1|startupRole:FOLLOWER, d082cfae-03ac-47dd-a559-6fd7cb4436a1|rpc:10.1.0.200:43095|dataStream:10.1.0.200:35799|priority:0|startupRole:FOLLOWER]|listeners:[], old=null
2023-01-26 17:25:17,966 [pool-115-thread-1] INFO  server.RaftServer$Division (RaftServerImpl.java:setRole(321)) - 122b4be6-0cee-49ba-a809-7fef5e0e1400@group-EF15663C4850: changes role from      null to FOLLOWER at term 0 for startAsFollower
2023-01-26 17:25:17,966 [pool-115-thread-1] INFO  impl.RoleInfo (RoleInfo.java:updateAndGet(139)) - 122b4be6-0cee-49ba-a809-7fef5e0e1400: start 122b4be6-0cee-49ba-a809-7fef5e0e1400@group-EF15663C4850-FollowerState
2023-01-26 17:25:17,966 [pool-115-thread-1] INFO  util.JmxRegister (JmxRegister.java:tryRegister(44)) - Successfully registered JMX Bean with object name Ratis:service=RaftServer,group=group-EF15663C4850,id=122b4be6-0cee-49ba-a809-7fef5e0e1400
2023-01-26 17:25:17,966 [pool-115-thread-1] INFO  server.RaftServerConfigKeys (ConfUtils.java:logGet(46)) - raft.server.snapshot.auto.trigger.enabled = true (custom)
2023-01-26 17:25:17,966 [pool-115-thread-1] INFO  server.RaftServerConfigKeys (ConfUtils.java:logGet(46)) - raft.server.snapshot.auto.trigger.threshold = 10000 (custom)
2023-01-26 17:25:17,966 [pool-115-thread-1] INFO  server.RaftServerConfigKeys (ConfUtils.java:logGet(46)) - raft.server.snapshot.retention.file.num = 5 (custom)
2023-01-26 17:25:17,966 [pool-115-thread-1] INFO  server.RaftServerConfigKeys (ConfUtils.java:logGet(46)) - raft.server.log.purge.upto.snapshot.index = false (default)
2023-01-26 17:25:17,969 [122b4be6-0cee-49ba-a809-7fef5e0e1400@group-EF15663C4850-FollowerState] INFO  server.RaftServerConfigKeys (ConfUtils.java:logFallback(53)) - raft.server.rpc.first-election.timeout.min = 5s (fallback to raft.server.rpc.timeout.min)
2023-01-26 17:25:17,973 [122b4be6-0cee-49ba-a809-7fef5e0e1400@group-EF15663C4850-FollowerState] INFO  server.RaftServerConfigKeys (ConfUtils.java:logFallback(53)) - raft.server.rpc.first-election.timeout.max = 5200ms (fallback to raft.server.rpc.timeout.max)
2023-01-26 17:25:17,981 [Command processor thread] INFO  commandhandler.CreatePipelineCommandHandler (CreatePipelineCommandHandler.java:handle(113)) - Created Pipeline RATIS THREE PipelineID=b8a516ca-0386-4654-a286-ef15663c4850.
2023-01-26 17:25:17,981 [Command processor thread] INFO  server.RaftServer (RaftServerProxy.java:addNew(96)) - d082cfae-03ac-47dd-a559-6fd7cb4436a1: addNew group-645E9061720E:[122b4be6-0cee-49ba-a809-7fef5e0e1400|rpc:10.1.0.200:39289|dataStream:10.1.0.200:46437|priority:1|startupRole:FOLLOWER, 2cc4737a-7f72-4ede-9604-67be23ac19b5|rpc:10.1.0.200:34349|dataStream:10.1.0.200:45267|priority:0|startupRole:FOLLOWER, d082cfae-03ac-47dd-a559-6fd7cb4436a1|rpc:10.1.0.200:43095|dataStream:10.1.0.200:35799|priority:0|startupRole:FOLLOWER] returns group-645E9061720E:java.util.concurrent.CompletableFuture@7724e94d[Not completed]
2023-01-26 17:25:17,983 [pool-71-thread-1] INFO  server.RaftServer$Division (RaftServerImpl.java:<init>(195)) - d082cfae-03ac-47dd-a559-6fd7cb4436a1: new RaftServerImpl for group-645E9061720E:[122b4be6-0cee-49ba-a809-7fef5e0e1400|rpc:10.1.0.200:39289|dataStream:10.1.0.200:46437|priority:1|startupRole:FOLLOWER, 2cc4737a-7f72-4ede-9604-67be23ac19b5|rpc:10.1.0.200:34349|dataStream:10.1.0.200:45267|priority:0|startupRole:FOLLOWER, d082cfae-03ac-47dd-a559-6fd7cb4436a1|rpc:10.1.0.200:43095|dataStream:10.1.0.200:35799|priority:0|startupRole:FOLLOWER] with ContainerStateMachine:uninitialized
2023-01-26 17:25:17,983 [pool-71-thread-1] INFO  server.RaftServerConfigKeys (ConfUtils.java:logGet(46)) - raft.server.rpc.timeout.min = 5s (custom)
2023-01-26 17:25:17,983 [pool-71-thread-1] INFO  server.RaftServerConfigKeys (ConfUtils.java:logGet(46)) - raft.server.rpc.timeout.max = 5200ms (custom)
2023-01-26 17:25:17,983 [pool-71-thread-1] INFO  server.RaftServerConfigKeys (ConfUtils.java:logGet(46)) - raft.server.rpc.sleep.time = 25ms (default)
2023-01-26 17:25:17,983 [pool-71-thread-1] INFO  server.RaftServerConfigKeys (ConfUtils.java:logGet(46)) - raft.server.rpc.slowness.timeout = 300000ms (custom)
2023-01-26 17:25:17,983 [pool-71-thread-1] INFO  server.RaftServerConfigKeys (ConfUtils.java:logGet(46)) - raft.server.leaderelection.leader.step-down.wait-time = 10s (default)
2023-01-26 17:25:17,983 [pool-71-thread-1] INFO  server.RaftServerConfigKeys (ConfUtils.java:logGet(46)) - raft.server.sleep.deviation.threshold = 300ms (default)
2023-01-26 17:25:17,983 [pool-71-thread-1] INFO  server.RaftServer$Division (ServerState.java:<init>(118)) - d082cfae-03ac-47dd-a559-6fd7cb4436a1@group-645E9061720E: ConfigurationManager, init=-1: peers:[122b4be6-0cee-49ba-a809-7fef5e0e1400|rpc:10.1.0.200:39289|dataStream:10.1.0.200:46437|priority:1|startupRole:FOLLOWER, 2cc4737a-7f72-4ede-9604-67be23ac19b5|rpc:10.1.0.200:34349|dataStream:10.1.0.200:45267|priority:0|startupRole:FOLLOWER, d082cfae-03ac-47dd-a559-6fd7cb4436a1|rpc:10.1.0.200:43095|dataStream:10.1.0.200:35799|priority:0|startupRole:FOLLOWER]|listeners:[], old=null, confs=<EMPTY_MAP>
2023-01-26 17:25:17,983 [pool-71-thread-1] INFO  server.RaftServerConfigKeys (ConfUtils.java:logGet(46)) - raft.server.storage.dir = [/home/runner/work/ozone/ozone/hadoop-ozone/integration-test/target/test-dir/MiniOzoneClusterImpl-21eb6502-c8cc-4b95-8a64-0224a41eaf0d/datanode-0/data/ratis] (custom)
2023-01-26 17:25:17,983 [pool-71-thread-1] INFO  server.RaftServerConfigKeys (ConfUtils.java:logGet(46)) - raft.server.log.corruption.policy = EXCEPTION (default)
2023-01-26 17:25:17,984 [pool-71-thread-1] INFO  server.RaftServerConfigKeys (ConfUtils.java:logGet(46)) - raft.server.storage.free-space.min = 0MB (=0) (default)
2023-01-26 17:25:17,984 [pool-71-thread-1] INFO  server.RaftServerConfigKeys (ConfUtils.java:logGet(46)) - raft.server.notification.no-leader.timeout = 300000ms (custom)
2023-01-26 17:25:17,984 [pool-71-thread-1] INFO  server.RaftServerConfigKeys (ConfUtils.java:logGet(46)) - raft.server.retrycache.expirytime = 600000ms (custom)
2023-01-26 17:25:17,984 [pool-71-thread-1] INFO  server.RaftServerConfigKeys (ConfUtils.java:logGet(46)) - raft.server.retrycache.statistics.expirytime = 100μs (default)
2023-01-26 17:25:17,985 [pool-71-thread-1] INFO  server.RaftServerConfigKeys (ConfUtils.java:logGet(46)) - raft.server.log.appender.install.snapshot.enabled = false (custom)
2023-01-26 17:25:17,985 [pool-71-thread-1] INFO  server.RaftServerConfigKeys (ConfUtils.java:logGet(46)) - raft.server.threadpool.server.cached = true (default)
2023-01-26 17:25:17,985 [pool-71-thread-1] INFO  server.RaftServerConfigKeys (ConfUtils.java:logGet(46)) - raft.server.threadpool.server.size = 0 (default)
2023-01-26 17:25:17,985 [pool-71-thread-1] INFO  server.RaftServerConfigKeys (ConfUtils.java:logGet(46)) - raft.server.threadpool.client.cached = true (default)
2023-01-26 17:25:17,985 [pool-71-thread-1] INFO  server.RaftServerConfigKeys (ConfUtils.java:logGet(46)) - raft.server.threadpool.client.size = 0 (default)
2023-01-26 17:25:17,985 [pool-71-thread-1] INFO  storage.RaftStorageDirectory (RaftStorageDirectoryImpl.java:analyzeStorage(137)) - The storage directory /home/runner/work/ozone/ozone/hadoop-ozone/integration-test/target/test-dir/MiniOzoneClusterImpl-21eb6502-c8cc-4b95-8a64-0224a41eaf0d/datanode-0/data/ratis/894b5e50-d0aa-4189-909f-645e9061720e does not exist. Creating ...
2023-01-26 17:25:17,986 [pool-71-thread-1] INFO  storage.RaftStorageDirectory (RaftStorageDirectoryImpl.java:tryLock(231)) - Lock on /home/runner/work/ozone/ozone/hadoop-ozone/integration-test/target/test-dir/MiniOzoneClusterImpl-21eb6502-c8cc-4b95-8a64-0224a41eaf0d/datanode-0/data/ratis/894b5e50-d0aa-4189-909f-645e9061720e/in_use.lock acquired by nodename 6553@fv-az133-476
2023-01-26 17:25:17,987 [pool-71-thread-1] INFO  storage.RaftStorage (RaftStorageImpl.java:format(96)) - Storage directory /home/runner/work/ozone/ozone/hadoop-ozone/integration-test/target/test-dir/MiniOzoneClusterImpl-21eb6502-c8cc-4b95-8a64-0224a41eaf0d/datanode-0/data/ratis/894b5e50-d0aa-4189-909f-645e9061720e has been successfully formatted.
2023-01-26 17:25:17,988 [pool-71-thread-1] INFO  ratis.ContainerStateMachine (ContainerStateMachine.java:loadSnapshot(240)) - group-645E9061720E: The snapshot info is null. Setting the last applied indexto:(t:0, i:~)
2023-01-26 17:25:17,988 [pool-71-thread-1] INFO  server.RaftServerConfigKeys (ConfUtils.java:logGet(46)) - raft.server.log.use.memory = false (default)
2023-01-26 17:25:17,988 [pool-71-thread-1] INFO  server.RaftServerConfigKeys (ConfUtils.java:logGet(46)) - raft.server.log.purge.gap = 1000000 (custom)
2023-01-26 17:25:17,988 [pool-71-thread-1] INFO  server.RaftServerConfigKeys (ConfUtils.java:logGet(46)) - raft.server.log.appender.buffer.byte-limit = 33554432 (custom)
2023-01-26 17:25:17,988 [pool-71-thread-1] INFO  server.RaftServerConfigKeys (ConfUtils.java:logGet(46)) - raft.server.log.statemachine.data.read.timeout = 1000ms (default)
2023-01-26 17:25:17,988 [pool-71-thread-1] INFO  server.RaftServerConfigKeys (ConfUtils.java:logGet(46)) - raft.server.log.purge.preservation.log.num = 0 (default)
2023-01-26 17:25:17,988 [pool-71-thread-1] INFO  server.RaftServerConfigKeys (ConfUtils.java:logGet(46)) - raft.server.log.segment.size.max = 1048576 (custom)
2023-01-26 17:25:17,990 [EventQueue-OpenPipelineForHealthyPipelineSafeModeRule] INFO  safemode.SCMSafeModeManager (HealthyPipelineSafeModeRule.java:process(137)) - SCM in safe mode. Healthy pipelines reported count is 0, required healthy pipeline reported count is 1
2023-01-26 17:25:17,990 [pool-71-thread-1] INFO  server.RaftServerConfigKeys (ConfUtils.java:logGet(46)) - raft.server.log.segment.cache.num.max = 2 (custom)
2023-01-26 17:25:17,991 [pool-71-thread-1] INFO  server.RaftServerConfigKeys (ConfUtils.java:logGet(46)) - raft.server.log.segment.cache.size.max = 200MB (=209715200) (default)
2023-01-26 17:25:17,991 [pool-71-thread-1] INFO  segmented.SegmentedRaftLogWorker (SegmentedRaftLogWorker.java:<init>(189)) - new d082cfae-03ac-47dd-a559-6fd7cb4436a1@group-645E9061720E-SegmentedRaftLogWorker for RaftStorageImpl:Storage Directory /home/runner/work/ozone/ozone/hadoop-ozone/integration-test/target/test-dir/MiniOzoneClusterImpl-21eb6502-c8cc-4b95-8a64-0224a41eaf0d/datanode-0/data/ratis/894b5e50-d0aa-4189-909f-645e9061720e
2023-01-26 17:25:17,991 [pool-71-thread-1] INFO  server.RaftServerConfigKeys (ConfUtils.java:logGet(46)) - raft.server.log.queue.byte-limit = 4294967296 (custom)
2023-01-26 17:25:17,991 [pool-71-thread-1] INFO  server.RaftServerConfigKeys (ConfUtils.java:logGet(46)) - raft.server.log.queue.element-limit = 1024 (custom)
2023-01-26 17:25:17,991 [pool-71-thread-1] INFO  server.RaftServerConfigKeys (ConfUtils.java:logGet(46)) - raft.server.log.segment.size.max = 1048576 (custom)
2023-01-26 17:25:17,991 [pool-71-thread-1] INFO  server.RaftServerConfigKeys (ConfUtils.java:logGet(46)) - raft.server.log.preallocated.size = 16384 (custom)
2023-01-26 17:25:17,991 [pool-71-thread-1] INFO  server.RaftServerConfigKeys (ConfUtils.java:logGet(46)) - raft.server.log.force.sync.num = 128 (default)
2023-01-26 17:25:17,991 [pool-71-thread-1] INFO  server.RaftServerConfigKeys (ConfUtils.java:logGet(46)) - raft.server.log.statemachine.data.sync = true (default)
2023-01-26 17:25:17,991 [pool-71-thread-1] INFO  server.RaftServerConfigKeys (ConfUtils.java:logGet(46)) - raft.server.log.statemachine.data.sync.timeout = 10s (default)
2023-01-26 17:25:17,991 [pool-71-thread-1] INFO  server.RaftServerConfigKeys (ConfUtils.java:logGet(46)) - raft.server.log.statemachine.data.sync.timeout.retry = -1 (default)
2023-01-26 17:25:17,992 [pool-71-thread-1] INFO  server.RaftServerConfigKeys (ConfUtils.java:logGet(46)) - raft.server.log.write.buffer.size = 1048576 (custom)
2023-01-26 17:25:17,992 [pool-71-thread-1] INFO  server.RaftServerConfigKeys (ConfUtils.java:logGet(46)) - raft.server.log.appender.buffer.byte-limit = 33554432 (custom)
2023-01-26 17:25:18,155 [JvmPauseMonitor4] WARN  util.JvmPauseMonitor (JvmPauseMonitor.java:detectPause(126)) - JvmPauseMonitor-71f3d3ef-41ca-413f-b126-a07e725e6122: Detected pause in JVM or host machine (eg GC): pause of approximately 109192332ns.
GC pool 'PS MarkSweep' had collection(s): count=1 time=113ms
GC pool 'PS Scavenge' had collection(s): count=1 time=47ms
2023-01-26 17:25:18,159 [pool-71-thread-1] INFO  server.RaftServerConfigKeys (ConfUtils.java:logGet(46)) - raft.server.log.unsafe-flush.enabled = false (default)
2023-01-26 17:25:18,159 [pool-71-thread-1] INFO  server.RaftServerConfigKeys (ConfUtils.java:logGet(46)) - raft.server.log.async-flush.enabled = false (default)
2023-01-26 17:25:18,159 [pool-71-thread-1] INFO  server.RaftServerConfigKeys (ConfUtils.java:logGet(46)) - raft.server.log.statemachine.data.caching.enabled = true (custom)
2023-01-26 17:25:18,159 [pool-71-thread-1] INFO  segmented.SegmentedRaftLogWorker (SegmentedRaftLogWorker.java:lambda$new$0(135)) - d082cfae-03ac-47dd-a559-6fd7cb4436a1@group-645E9061720E-SegmentedRaftLogWorker: flushIndex: setUnconditionally 0 -> -1
2023-01-26 17:25:18,159 [pool-71-thread-1] INFO  segmented.SegmentedRaftLogWorker (SegmentedRaftLogWorker.java:lambda$new$0(135)) - d082cfae-03ac-47dd-a559-6fd7cb4436a1@group-645E9061720E-SegmentedRaftLogWorker: safeCacheEvictIndex: setUnconditionally 0 -> -1
2023-01-26 17:25:18,159 [pool-71-thread-1] INFO  server.RaftServer$Division (RaftServerImpl.java:start(334)) - d082cfae-03ac-47dd-a559-6fd7cb4436a1@group-645E9061720E: start as a follower, conf=-1: peers:[122b4be6-0cee-49ba-a809-7fef5e0e1400|rpc:10.1.0.200:39289|dataStream:10.1.0.200:46437|priority:1|startupRole:FOLLOWER, 2cc4737a-7f72-4ede-9604-67be23ac19b5|rpc:10.1.0.200:34349|dataStream:10.1.0.200:45267|priority:0|startupRole:FOLLOWER, d082cfae-03ac-47dd-a559-6fd7cb4436a1|rpc:10.1.0.200:43095|dataStream:10.1.0.200:35799|priority:0|startupRole:FOLLOWER]|listeners:[], old=null
2023-01-26 17:25:18,159 [pool-71-thread-1] INFO  server.RaftServer$Division (RaftServerImpl.java:setRole(321)) - d082cfae-03ac-47dd-a559-6fd7cb4436a1@group-645E9061720E: changes role from      null to FOLLOWER at term 0 for startAsFollower
2023-01-26 17:25:18,159 [pool-71-thread-1] INFO  impl.RoleInfo (RoleInfo.java:updateAndGet(139)) - d082cfae-03ac-47dd-a559-6fd7cb4436a1: start d082cfae-03ac-47dd-a559-6fd7cb4436a1@group-645E9061720E-FollowerState
2023-01-26 17:25:18,160 [pool-71-thread-1] INFO  util.JmxRegister (JmxRegister.java:tryRegister(44)) - Successfully registered JMX Bean with object name Ratis:service=RaftServer,group=group-645E9061720E,id=d082cfae-03ac-47dd-a559-6fd7cb4436a1
2023-01-26 17:25:18,160 [pool-71-thread-1] INFO  server.RaftServerConfigKeys (ConfUtils.java:logGet(46)) - raft.server.snapshot.auto.trigger.enabled = true (custom)
2023-01-26 17:25:18,160 [pool-71-thread-1] INFO  server.RaftServerConfigKeys (ConfUtils.java:logGet(46)) - raft.server.snapshot.auto.trigger.threshold = 10000 (custom)
2023-01-26 17:25:18,160 [pool-71-thread-1] INFO  server.RaftServerConfigKeys (ConfUtils.java:logGet(46)) - raft.server.snapshot.retention.file.num = 5 (custom)
2023-01-26 17:25:18,160 [pool-71-thread-1] INFO  server.RaftServerConfigKeys (ConfUtils.java:logGet(46)) - raft.server.log.purge.upto.snapshot.index = false (default)
2023-01-26 17:25:18,160 [d082cfae-03ac-47dd-a559-6fd7cb4436a1@group-645E9061720E-FollowerState] INFO  server.RaftServerConfigKeys (ConfUtils.java:logFallback(53)) - raft.server.rpc.first-election.timeout.min = 5s (fallback to raft.server.rpc.timeout.min)
2023-01-26 17:25:18,161 [d082cfae-03ac-47dd-a559-6fd7cb4436a1@group-645E9061720E-FollowerState] INFO  server.RaftServerConfigKeys (ConfUtils.java:logFallback(53)) - raft.server.rpc.first-election.timeout.max = 5200ms (fallback to raft.server.rpc.timeout.max)
2023-01-26 17:25:18,171 [Command processor thread] INFO  ratis.XceiverServerRatis (XceiverServerRatis.java:addGroup(806)) - Created group PipelineID=894b5e50-d0aa-4189-909f-645e9061720e
2023-01-26 17:25:18,174 [Command processor thread] INFO  server.RaftServer (RaftServerProxy.java:addNew(96)) - 122b4be6-0cee-49ba-a809-7fef5e0e1400: addNew group-8016B59C25E0:[122b4be6-0cee-49ba-a809-7fef5e0e1400|rpc:10.1.0.200:39289|dataStream:10.1.0.200:46437|priority:1|startupRole:FOLLOWER] returns group-8016B59C25E0:java.util.concurrent.CompletableFuture@7ab62f6f[Not completed]
2023-01-26 17:25:18,175 [pool-115-thread-1] INFO  server.RaftServer$Division (RaftServerImpl.java:<init>(195)) - 122b4be6-0cee-49ba-a809-7fef5e0e1400: new RaftServerImpl for group-8016B59C25E0:[122b4be6-0cee-49ba-a809-7fef5e0e1400|rpc:10.1.0.200:39289|dataStream:10.1.0.200:46437|priority:1|startupRole:FOLLOWER] with ContainerStateMachine:uninitialized
2023-01-26 17:25:18,175 [pool-115-thread-1] INFO  server.RaftServerConfigKeys (ConfUtils.java:logGet(46)) - raft.server.rpc.timeout.min = 5s (custom)
2023-01-26 17:25:18,175 [pool-115-thread-1] INFO  server.RaftServerConfigKeys (ConfUtils.java:logGet(46)) - raft.server.rpc.timeout.max = 5200ms (custom)
2023-01-26 17:25:18,176 [pool-115-thread-1] INFO  server.RaftServerConfigKeys (ConfUtils.java:logGet(46)) - raft.server.rpc.sleep.time = 25ms (default)
2023-01-26 17:25:18,176 [pool-115-thread-1] INFO  server.RaftServerConfigKeys (ConfUtils.java:logGet(46)) - raft.server.rpc.slowness.timeout = 300000ms (custom)
2023-01-26 17:25:18,176 [pool-115-thread-1] INFO  server.RaftServerConfigKeys (ConfUtils.java:logGet(46)) - raft.server.leaderelection.leader.step-down.wait-time = 10s (default)
2023-01-26 17:25:18,176 [pool-115-thread-1] INFO  server.RaftServerConfigKeys (ConfUtils.java:logGet(46)) - raft.server.sleep.deviation.threshold = 300ms (default)
2023-01-26 17:25:18,176 [pool-115-thread-1] INFO  server.RaftServer$Division (ServerState.java:<init>(118)) - 122b4be6-0cee-49ba-a809-7fef5e0e1400@group-8016B59C25E0: ConfigurationManager, init=-1: peers:[122b4be6-0cee-49ba-a809-7fef5e0e1400|rpc:10.1.0.200:39289|dataStream:10.1.0.200:46437|priority:1|startupRole:FOLLOWER]|listeners:[], old=null, confs=<EMPTY_MAP>
2023-01-26 17:25:18,176 [pool-115-thread-1] INFO  server.RaftServerConfigKeys (ConfUtils.java:logGet(46)) - raft.server.storage.dir = [/home/runner/work/ozone/ozone/hadoop-ozone/integration-test/target/test-dir/MiniOzoneClusterImpl-21eb6502-c8cc-4b95-8a64-0224a41eaf0d/datanode-2/data/ratis] (custom)
2023-01-26 17:25:18,176 [pool-115-thread-1] INFO  server.RaftServerConfigKeys (ConfUtils.java:logGet(46)) - raft.server.log.corruption.policy = EXCEPTION (default)
2023-01-26 17:25:18,176 [pool-115-thread-1] INFO  server.RaftServerConfigKeys (ConfUtils.java:logGet(46)) - raft.server.storage.free-space.min = 0MB (=0) (default)
2023-01-26 17:25:18,176 [pool-115-thread-1] INFO  server.RaftServerConfigKeys (ConfUtils.java:logGet(46)) - raft.server.notification.no-leader.timeout = 300000ms (custom)
2023-01-26 17:25:18,176 [pool-115-thread-1] INFO  server.RaftServerConfigKeys (ConfUtils.java:logGet(46)) - raft.server.retrycache.expirytime = 600000ms (custom)
2023-01-26 17:25:18,176 [pool-115-thread-1] INFO  server.RaftServerConfigKeys (ConfUtils.java:logGet(46)) - raft.server.retrycache.statistics.expirytime = 100μs (default)
2023-01-26 17:25:18,177 [pool-115-thread-1] INFO  server.RaftServerConfigKeys (ConfUtils.java:logGet(46)) - raft.server.log.appender.install.snapshot.enabled = false (custom)
2023-01-26 17:25:18,177 [pool-115-thread-1] INFO  server.RaftServerConfigKeys (ConfUtils.java:logGet(46)) - raft.server.threadpool.server.cached = true (default)
2023-01-26 17:25:18,177 [pool-115-thread-1] INFO  server.RaftServerConfigKeys (ConfUtils.java:logGet(46)) - raft.server.threadpool.server.size = 0 (default)
2023-01-26 17:25:18,177 [pool-115-thread-1] INFO  server.RaftServerConfigKeys (ConfUtils.java:logGet(46)) - raft.server.threadpool.client.cached = true (default)
2023-01-26 17:25:18,177 [pool-115-thread-1] INFO  server.RaftServerConfigKeys (ConfUtils.java:logGet(46)) - raft.server.threadpool.client.size = 0 (default)
2023-01-26 17:25:18,177 [pool-115-thread-1] INFO  storage.RaftStorageDirectory (RaftStorageDirectoryImpl.java:analyzeStorage(137)) - The storage directory /home/runner/work/ozone/ozone/hadoop-ozone/integration-test/target/test-dir/MiniOzoneClusterImpl-21eb6502-c8cc-4b95-8a64-0224a41eaf0d/datanode-2/data/ratis/c1c8fe48-6c0c-4f03-8206-8016b59c25e0 does not exist. Creating ...
2023-01-26 17:25:18,183 [pool-115-thread-1] INFO  storage.RaftStorageDirectory (RaftStorageDirectoryImpl.java:tryLock(231)) - Lock on /home/runner/work/ozone/ozone/hadoop-ozone/integration-test/target/test-dir/MiniOzoneClusterImpl-21eb6502-c8cc-4b95-8a64-0224a41eaf0d/datanode-2/data/ratis/c1c8fe48-6c0c-4f03-8206-8016b59c25e0/in_use.lock acquired by nodename 6553@fv-az133-476
2023-01-26 17:25:18,185 [pool-115-thread-1] INFO  storage.RaftStorage (RaftStorageImpl.java:format(96)) - Storage directory /home/runner/work/ozone/ozone/hadoop-ozone/integration-test/target/test-dir/MiniOzoneClusterImpl-21eb6502-c8cc-4b95-8a64-0224a41eaf0d/datanode-2/data/ratis/c1c8fe48-6c0c-4f03-8206-8016b59c25e0 has been successfully formatted.
2023-01-26 17:25:18,189 [pool-115-thread-1] INFO  ratis.ContainerStateMachine (ContainerStateMachine.java:loadSnapshot(240)) - group-8016B59C25E0: The snapshot info is null. Setting the last applied indexto:(t:0, i:~)
2023-01-26 17:25:18,189 [pool-115-thread-1] INFO  server.RaftServerConfigKeys (ConfUtils.java:logGet(46)) - raft.server.log.use.memory = false (default)
2023-01-26 17:25:18,189 [pool-115-thread-1] INFO  server.RaftServerConfigKeys (ConfUtils.java:logGet(46)) - raft.server.log.purge.gap = 1000000 (custom)
2023-01-26 17:25:18,189 [pool-115-thread-1] INFO  server.RaftServerConfigKeys (ConfUtils.java:logGet(46)) - raft.server.log.appender.buffer.byte-limit = 33554432 (custom)
2023-01-26 17:25:18,189 [pool-115-thread-1] INFO  server.RaftServerConfigKeys (ConfUtils.java:logGet(46)) - raft.server.log.statemachine.data.read.timeout = 1000ms (default)
2023-01-26 17:25:18,189 [pool-115-thread-1] INFO  server.RaftServerConfigKeys (ConfUtils.java:logGet(46)) - raft.server.log.purge.preservation.log.num = 0 (default)
2023-01-26 17:25:18,190 [EventQueue-PipelineReportForPipelineReportHandler] INFO  pipeline.PipelineManagerImpl (PipelineManagerImpl.java:openPipeline(367)) - Pipeline Pipeline[ Id: c1c8fe48-6c0c-4f03-8206-8016b59c25e0, Nodes: 122b4be6-0cee-49ba-a809-7fef5e0e1400(fv-az133-476.yhipumr4050edinzmvad0xeera.cx.internal.cloudapp.net/10.1.0.200), ReplicationConfig: RATIS/ONE, State:ALLOCATED, leaderId:122b4be6-0cee-49ba-a809-7fef5e0e1400, CreationTimestamp2023-01-26T17:25:15.178Z[Etc/UTC]] moved to OPEN state
2023-01-26 17:25:18,191 [EventQueue-OpenPipelineForHealthyPipelineSafeModeRule] INFO  safemode.SCMSafeModeManager (HealthyPipelineSafeModeRule.java:process(137)) - SCM in safe mode. Healthy pipelines reported count is 0, required healthy pipeline reported count is 1
2023-01-26 17:25:18,193 [pool-115-thread-1] INFO  server.RaftServerConfigKeys (ConfUtils.java:logGet(46)) - raft.server.log.segment.size.max = 1048576 (custom)
2023-01-26 17:25:18,194 [pool-115-thread-1] INFO  server.RaftServerConfigKeys (ConfUtils.java:logGet(46)) - raft.server.log.segment.cache.num.max = 2 (custom)
2023-01-26 17:25:18,194 [pool-115-thread-1] INFO  server.RaftServerConfigKeys (ConfUtils.java:logGet(46)) - raft.server.log.segment.cache.size.max = 200MB (=209715200) (default)
2023-01-26 17:25:18,194 [pool-115-thread-1] INFO  segmented.SegmentedRaftLogWorker (SegmentedRaftLogWorker.java:<init>(189)) - new 122b4be6-0cee-49ba-a809-7fef5e0e1400@group-8016B59C25E0-SegmentedRaftLogWorker for RaftStorageImpl:Storage Directory /home/runner/work/ozone/ozone/hadoop-ozone/integration-test/target/test-dir/MiniOzoneClusterImpl-21eb6502-c8cc-4b95-8a64-0224a41eaf0d/datanode-2/data/ratis/c1c8fe48-6c0c-4f03-8206-8016b59c25e0
2023-01-26 17:25:18,194 [pool-115-thread-1] INFO  server.RaftServerConfigKeys (ConfUtils.java:logGet(46)) - raft.server.log.queue.byte-limit = 4294967296 (custom)
2023-01-26 17:25:18,194 [pool-115-thread-1] INFO  server.RaftServerConfigKeys (ConfUtils.java:logGet(46)) - raft.server.log.queue.element-limit = 1024 (custom)
2023-01-26 17:25:18,194 [pool-115-thread-1] INFO  server.RaftServerConfigKeys (ConfUtils.java:logGet(46)) - raft.server.log.segment.size.max = 1048576 (custom)
2023-01-26 17:25:18,200 [Command processor thread] INFO  commandhandler.CreatePipelineCommandHandler (CreatePipelineCommandHandler.java:handle(113)) - Created Pipeline RATIS THREE PipelineID=b8a516ca-0386-4654-a286-ef15663c4850.
2023-01-26 17:25:18,202 [pool-93-thread-1] INFO  server.RaftServer$Division (RaftServerImpl.java:<init>(195)) - 2cc4737a-7f72-4ede-9604-67be23ac19b5: new RaftServerImpl for group-645E9061720E:[122b4be6-0cee-49ba-a809-7fef5e0e1400|rpc:10.1.0.200:39289|dataStream:10.1.0.200:46437|priority:1|startupRole:FOLLOWER, 2cc4737a-7f72-4ede-9604-67be23ac19b5|rpc:10.1.0.200:34349|dataStream:10.1.0.200:45267|priority:0|startupRole:FOLLOWER, d082cfae-03ac-47dd-a559-6fd7cb4436a1|rpc:10.1.0.200:43095|dataStream:10.1.0.200:35799|priority:0|startupRole:FOLLOWER] with ContainerStateMachine:uninitialized
2023-01-26 17:25:18,202 [pool-93-thread-1] INFO  server.RaftServerConfigKeys (ConfUtils.java:logGet(46)) - raft.server.rpc.timeout.min = 5s (custom)
2023-01-26 17:25:18,202 [pool-93-thread-1] INFO  server.RaftServerConfigKeys (ConfUtils.java:logGet(46)) - raft.server.rpc.timeout.max = 5200ms (custom)
2023-01-26 17:25:18,202 [pool-93-thread-1] INFO  server.RaftServerConfigKeys (ConfUtils.java:logGet(46)) - raft.server.rpc.sleep.time = 25ms (default)
2023-01-26 17:25:18,202 [pool-93-thread-1] INFO  server.RaftServerConfigKeys (ConfUtils.java:logGet(46)) - raft.server.rpc.slowness.timeout = 300000ms (custom)
2023-01-26 17:25:18,202 [pool-93-thread-1] INFO  server.RaftServerConfigKeys (ConfUtils.java:logGet(46)) - raft.server.leaderelection.leader.step-down.wait-time = 10s (default)
2023-01-26 17:25:18,202 [pool-93-thread-1] INFO  server.RaftServerConfigKeys (ConfUtils.java:logGet(46)) - raft.server.sleep.deviation.threshold = 300ms (default)
2023-01-26 17:25:18,202 [pool-93-thread-1] INFO  server.RaftServer$Division (ServerState.java:<init>(118)) - 2cc4737a-7f72-4ede-9604-67be23ac19b5@group-645E9061720E: ConfigurationManager, init=-1: peers:[122b4be6-0cee-49ba-a809-7fef5e0e1400|rpc:10.1.0.200:39289|dataStream:10.1.0.200:46437|priority:1|startupRole:FOLLOWER, 2cc4737a-7f72-4ede-9604-67be23ac19b5|rpc:10.1.0.200:34349|dataStream:10.1.0.200:45267|priority:0|startupRole:FOLLOWER, d082cfae-03ac-47dd-a559-6fd7cb4436a1|rpc:10.1.0.200:43095|dataStream:10.1.0.200:35799|priority:0|startupRole:FOLLOWER]|listeners:[], old=null, confs=<EMPTY_MAP>
2023-01-26 17:25:18,202 [pool-93-thread-1] INFO  server.RaftServerConfigKeys (ConfUtils.java:logGet(46)) - raft.server.storage.dir = [/home/runner/work/ozone/ozone/hadoop-ozone/integration-test/target/test-dir/MiniOzoneClusterImpl-21eb6502-c8cc-4b95-8a64-0224a41eaf0d/datanode-1/data/ratis] (custom)
2023-01-26 17:25:18,202 [pool-115-thread-1] INFO  server.RaftServerConfigKeys (ConfUtils.java:logGet(46)) - raft.server.log.preallocated.size = 16384 (custom)
2023-01-26 17:25:18,203 [pool-93-thread-1] INFO  server.RaftServerConfigKeys (ConfUtils.java:logGet(46)) - raft.server.log.corruption.policy = EXCEPTION (default)
2023-01-26 17:25:18,203 [pool-93-thread-1] INFO  server.RaftServerConfigKeys (ConfUtils.java:logGet(46)) - raft.server.storage.free-space.min = 0MB (=0) (default)
2023-01-26 17:25:18,203 [pool-93-thread-1] INFO  server.RaftServerConfigKeys (ConfUtils.java:logGet(46)) - raft.server.notification.no-leader.timeout = 300000ms (custom)
2023-01-26 17:25:18,203 [pool-93-thread-1] INFO  server.RaftServerConfigKeys (ConfUtils.java:logGet(46)) - raft.server.retrycache.expirytime = 600000ms (custom)
2023-01-26 17:25:18,203 [pool-93-thread-1] INFO  server.RaftServerConfigKeys (ConfUtils.java:logGet(46)) - raft.server.retrycache.statistics.expirytime = 100μs (default)
2023-01-26 17:25:18,203 [Command processor thread] INFO  server.RaftServer (RaftServerProxy.java:addNew(96)) - 2cc4737a-7f72-4ede-9604-67be23ac19b5: addNew group-645E9061720E:[122b4be6-0cee-49ba-a809-7fef5e0e1400|rpc:10.1.0.200:39289|dataStream:10.1.0.200:46437|priority:1|startupRole:FOLLOWER, 2cc4737a-7f72-4ede-9604-67be23ac19b5|rpc:10.1.0.200:34349|dataStream:10.1.0.200:45267|priority:0|startupRole:FOLLOWER, d082cfae-03ac-47dd-a559-6fd7cb4436a1|rpc:10.1.0.200:43095|dataStream:10.1.0.200:35799|priority:0|startupRole:FOLLOWER] returns group-645E9061720E:java.util.concurrent.CompletableFuture@7bae85dc[Not completed]
2023-01-26 17:25:18,203 [pool-115-thread-1] INFO  server.RaftServerConfigKeys (ConfUtils.java:logGet(46)) - raft.server.log.force.sync.num = 128 (default)
2023-01-26 17:25:18,204 [pool-115-thread-1] INFO  server.RaftServerConfigKeys (ConfUtils.java:logGet(46)) - raft.server.log.statemachine.data.sync = true (default)
2023-01-26 17:25:18,204 [pool-115-thread-1] INFO  server.RaftServerConfigKeys (ConfUtils.java:logGet(46)) - raft.server.log.statemachine.data.sync.timeout = 10s (default)
2023-01-26 17:25:18,204 [pool-115-thread-1] INFO  server.RaftServerConfigKeys (ConfUtils.java:logGet(46)) - raft.server.log.statemachine.data.sync.timeout.retry = -1 (default)
2023-01-26 17:25:18,205 [pool-115-thread-1] INFO  server.RaftServerConfigKeys (ConfUtils.java:logGet(46)) - raft.server.log.write.buffer.size = 1048576 (custom)
2023-01-26 17:25:18,205 [pool-115-thread-1] INFO  server.RaftServerConfigKeys (ConfUtils.java:logGet(46)) - raft.server.log.appender.buffer.byte-limit = 33554432 (custom)
2023-01-26 17:25:18,208 [pool-115-thread-1] INFO  server.RaftServerConfigKeys (ConfUtils.java:logGet(46)) - raft.server.log.unsafe-flush.enabled = false (default)
2023-01-26 17:25:18,208 [pool-115-thread-1] INFO  server.RaftServerConfigKeys (ConfUtils.java:logGet(46)) - raft.server.log.async-flush.enabled = false (default)
2023-01-26 17:25:18,208 [pool-115-thread-1] INFO  server.RaftServerConfigKeys (ConfUtils.java:logGet(46)) - raft.server.log.statemachine.data.caching.enabled = true (custom)
2023-01-26 17:25:18,208 [pool-115-thread-1] INFO  segmented.SegmentedRaftLogWorker (SegmentedRaftLogWorker.java:lambda$new$0(135)) - 122b4be6-0cee-49ba-a809-7fef5e0e1400@group-8016B59C25E0-SegmentedRaftLogWorker: flushIndex: setUnconditionally 0 -> -1
2023-01-26 17:25:18,208 [pool-115-thread-1] INFO  segmented.SegmentedRaftLogWorker (SegmentedRaftLogWorker.java:lambda$new$0(135)) - 122b4be6-0cee-49ba-a809-7fef5e0e1400@group-8016B59C25E0-SegmentedRaftLogWorker: safeCacheEvictIndex: setUnconditionally 0 -> -1
2023-01-26 17:25:18,208 [pool-115-thread-1] INFO  server.RaftServer$Division (RaftServerImpl.java:start(334)) - 122b4be6-0cee-49ba-a809-7fef5e0e1400@group-8016B59C25E0: start as a follower, conf=-1: peers:[122b4be6-0cee-49ba-a809-7fef5e0e1400|rpc:10.1.0.200:39289|dataStream:10.1.0.200:46437|priority:1|startupRole:FOLLOWER]|listeners:[], old=null
2023-01-26 17:25:18,208 [pool-115-thread-1] INFO  server.RaftServer$Division (RaftServerImpl.java:setRole(321)) - 122b4be6-0cee-49ba-a809-7fef5e0e1400@group-8016B59C25E0: changes role from      null to FOLLOWER at term 0 for startAsFollower
2023-01-26 17:25:18,208 [pool-115-thread-1] INFO  impl.RoleInfo (RoleInfo.java:updateAndGet(139)) - 122b4be6-0cee-49ba-a809-7fef5e0e1400: start 122b4be6-0cee-49ba-a809-7fef5e0e1400@group-8016B59C25E0-FollowerState
2023-01-26 17:25:18,208 [pool-93-thread-1] INFO  server.RaftServerConfigKeys (ConfUtils.java:logGet(46)) - raft.server.log.appender.install.snapshot.enabled = false (custom)
2023-01-26 17:25:18,215 [122b4be6-0cee-49ba-a809-7fef5e0e1400@group-8016B59C25E0-FollowerState] INFO  server.RaftServerConfigKeys (ConfUtils.java:logFallback(53)) - raft.server.rpc.first-election.timeout.min = 5s (fallback to raft.server.rpc.timeout.min)
2023-01-26 17:25:18,215 [122b4be6-0cee-49ba-a809-7fef5e0e1400@group-8016B59C25E0-FollowerState] INFO  server.RaftServerConfigKeys (ConfUtils.java:logFallback(53)) - raft.server.rpc.first-election.timeout.max = 5200ms (fallback to raft.server.rpc.timeout.max)
2023-01-26 17:25:18,211 [pool-115-thread-1] INFO  util.JmxRegister (JmxRegister.java:tryRegister(44)) - Successfully registered JMX Bean with object name Ratis:service=RaftServer,group=group-8016B59C25E0,id=122b4be6-0cee-49ba-a809-7fef5e0e1400
2023-01-26 17:25:18,215 [pool-115-thread-1] INFO  server.RaftServerConfigKeys (ConfUtils.java:logGet(46)) - raft.server.snapshot.auto.trigger.enabled = true (custom)
2023-01-26 17:25:18,215 [pool-115-thread-1] INFO  server.RaftServerConfigKeys (ConfUtils.java:logGet(46)) - raft.server.snapshot.auto.trigger.threshold = 10000 (custom)
2023-01-26 17:25:18,215 [pool-115-thread-1] INFO  server.RaftServerConfigKeys (ConfUtils.java:logGet(46)) - raft.server.snapshot.retention.file.num = 5 (custom)
2023-01-26 17:25:18,215 [pool-115-thread-1] INFO  server.RaftServerConfigKeys (ConfUtils.java:logGet(46)) - raft.server.log.purge.upto.snapshot.index = false (default)
2023-01-26 17:25:18,219 [grpc-default-executor-0] INFO  server.RaftServer (RaftServerProxy.java:addNew(96)) - 122b4be6-0cee-49ba-a809-7fef5e0e1400: addNew group-645E9061720E:[122b4be6-0cee-49ba-a809-7fef5e0e1400|rpc:10.1.0.200:39289|dataStream:10.1.0.200:46437|priority:1|startupRole:FOLLOWER, 2cc4737a-7f72-4ede-9604-67be23ac19b5|rpc:10.1.0.200:34349|dataStream:10.1.0.200:45267|priority:0|startupRole:FOLLOWER, d082cfae-03ac-47dd-a559-6fd7cb4436a1|rpc:10.1.0.200:43095|dataStream:10.1.0.200:35799|priority:0|startupRole:FOLLOWER] returns group-645E9061720E:java.util.concurrent.CompletableFuture@78060845[Not completed]
2023-01-26 17:25:18,219 [Command processor thread] INFO  ratis.XceiverServerRatis (XceiverServerRatis.java:addGroup(806)) - Created group PipelineID=c1c8fe48-6c0c-4f03-8206-8016b59c25e0
2023-01-26 17:25:18,219 [Command processor thread] INFO  commandhandler.CreatePipelineCommandHandler (CreatePipelineCommandHandler.java:handle(113)) - Created Pipeline RATIS ONE PipelineID=c1c8fe48-6c0c-4f03-8206-8016b59c25e0.
2023-01-26 17:25:18,220 [pool-115-thread-1] INFO  server.RaftServer$Division (RaftServerImpl.java:<init>(195)) - 122b4be6-0cee-49ba-a809-7fef5e0e1400: new RaftServerImpl for group-645E9061720E:[122b4be6-0cee-49ba-a809-7fef5e0e1400|rpc:10.1.0.200:39289|dataStream:10.1.0.200:46437|priority:1|startupRole:FOLLOWER, 2cc4737a-7f72-4ede-9604-67be23ac19b5|rpc:10.1.0.200:34349|dataStream:10.1.0.200:45267|priority:0|startupRole:FOLLOWER, d082cfae-03ac-47dd-a559-6fd7cb4436a1|rpc:10.1.0.200:43095|dataStream:10.1.0.200:35799|priority:0|startupRole:FOLLOWER] with ContainerStateMachine:uninitialized
2023-01-26 17:25:18,220 [pool-93-thread-1] INFO  server.RaftServerConfigKeys (ConfUtils.java:logGet(46)) - raft.server.threadpool.server.cached = true (default)
2023-01-26 17:25:18,220 [pool-115-thread-1] INFO  server.RaftServerConfigKeys (ConfUtils.java:logGet(46)) - raft.server.rpc.timeout.min = 5s (custom)
2023-01-26 17:25:18,221 [pool-115-thread-1] INFO  server.RaftServerConfigKeys (ConfUtils.java:logGet(46)) - raft.server.rpc.timeout.max = 5200ms (custom)
2023-01-26 17:25:18,221 [pool-115-thread-1] INFO  server.RaftServerConfigKeys (ConfUtils.java:logGet(46)) - raft.server.rpc.sleep.time = 25ms (default)
2023-01-26 17:25:18,221 [pool-115-thread-1] INFO  server.RaftServerConfigKeys (ConfUtils.java:logGet(46)) - raft.server.rpc.slowness.timeout = 300000ms (custom)
2023-01-26 17:25:18,221 [pool-115-thread-1] INFO  server.RaftServerConfigKeys (ConfUtils.java:logGet(46)) - raft.server.leaderelection.leader.step-down.wait-time = 10s (default)
2023-01-26 17:25:18,221 [pool-115-thread-1] INFO  server.RaftServerConfigKeys (ConfUtils.java:logGet(46)) - raft.server.sleep.deviation.threshold = 300ms (default)
2023-01-26 17:25:18,221 [pool-93-thread-1] INFO  server.RaftServerConfigKeys (ConfUtils.java:logGet(46)) - raft.server.threadpool.server.size = 0 (default)
2023-01-26 17:25:18,221 [pool-115-thread-1] INFO  server.RaftServer$Division (ServerState.java:<init>(118)) - 122b4be6-0cee-49ba-a809-7fef5e0e1400@group-645E9061720E: ConfigurationManager, init=-1: peers:[122b4be6-0cee-49ba-a809-7fef5e0e1400|rpc:10.1.0.200:39289|dataStream:10.1.0.200:46437|priority:1|startupRole:FOLLOWER, 2cc4737a-7f72-4ede-9604-67be23ac19b5|rpc:10.1.0.200:34349|dataStream:10.1.0.200:45267|priority:0|startupRole:FOLLOWER, d082cfae-03ac-47dd-a559-6fd7cb4436a1|rpc:10.1.0.200:43095|dataStream:10.1.0.200:35799|priority:0|startupRole:FOLLOWER]|listeners:[], old=null, confs=<EMPTY_MAP>
2023-01-26 17:25:18,221 [pool-93-thread-1] INFO  server.RaftServerConfigKeys (ConfUtils.java:logGet(46)) - raft.server.threadpool.client.cached = true (default)
2023-01-26 17:25:18,221 [pool-115-thread-1] INFO  server.RaftServerConfigKeys (ConfUtils.java:logGet(46)) - raft.server.storage.dir = [/home/runner/work/ozone/ozone/hadoop-ozone/integration-test/target/test-dir/MiniOzoneClusterImpl-21eb6502-c8cc-4b95-8a64-0224a41eaf0d/datanode-2/data/ratis] (custom)
2023-01-26 17:25:18,221 [pool-93-thread-1] INFO  server.RaftServerConfigKeys (ConfUtils.java:logGet(46)) - raft.server.threadpool.client.size = 0 (default)
2023-01-26 17:25:18,221 [pool-115-thread-1] INFO  server.RaftServerConfigKeys (ConfUtils.java:logGet(46)) - raft.server.log.corruption.policy = EXCEPTION (default)
2023-01-26 17:25:18,221 [pool-115-thread-1] INFO  server.RaftServerConfigKeys (ConfUtils.java:logGet(46)) - raft.server.storage.free-space.min = 0MB (=0) (default)
2023-01-26 17:25:18,221 [pool-93-thread-1] INFO  storage.RaftStorageDirectory (RaftStorageDirectoryImpl.java:analyzeStorage(137)) - The storage directory /home/runner/work/ozone/ozone/hadoop-ozone/integration-test/target/test-dir/MiniOzoneClusterImpl-21eb6502-c8cc-4b95-8a64-0224a41eaf0d/datanode-1/data/ratis/894b5e50-d0aa-4189-909f-645e9061720e does not exist. Creating ...
2023-01-26 17:25:18,222 [pool-115-thread-1] INFO  server.RaftServerConfigKeys (ConfUtils.java:logGet(46)) - raft.server.notification.no-leader.timeout = 300000ms (custom)
2023-01-26 17:25:18,222 [pool-115-thread-1] INFO  server.RaftServerConfigKeys (ConfUtils.java:logGet(46)) - raft.server.retrycache.expirytime = 600000ms (custom)
2023-01-26 17:25:18,222 [pool-115-thread-1] INFO  server.RaftServerConfigKeys (ConfUtils.java:logGet(46)) - raft.server.retrycache.statistics.expirytime = 100μs (default)
2023-01-26 17:25:18,222 [pool-93-thread-1] INFO  storage.RaftStorageDirectory (RaftStorageDirectoryImpl.java:tryLock(231)) - Lock on /home/runner/work/ozone/ozone/hadoop-ozone/integration-test/target/test-dir/MiniOzoneClusterImpl-21eb6502-c8cc-4b95-8a64-0224a41eaf0d/datanode-1/data/ratis/894b5e50-d0aa-4189-909f-645e9061720e/in_use.lock acquired by nodename 6553@fv-az133-476
2023-01-26 17:25:18,223 [pool-115-thread-1] INFO  server.RaftServerConfigKeys (ConfUtils.java:logGet(46)) - raft.server.log.appender.install.snapshot.enabled = false (custom)
2023-01-26 17:25:18,223 [pool-115-thread-1] INFO  server.RaftServerConfigKeys (ConfUtils.java:logGet(46)) - raft.server.threadpool.server.cached = true (default)
2023-01-26 17:25:18,223 [pool-115-thread-1] INFO  server.RaftServerConfigKeys (ConfUtils.java:logGet(46)) - raft.server.threadpool.server.size = 0 (default)
2023-01-26 17:25:18,223 [pool-115-thread-1] INFO  server.RaftServerConfigKeys (ConfUtils.java:logGet(46)) - raft.server.threadpool.client.cached = true (default)
2023-01-26 17:25:18,223 [pool-115-thread-1] INFO  server.RaftServerConfigKeys (ConfUtils.java:logGet(46)) - raft.server.threadpool.client.size = 0 (default)
2023-01-26 17:25:18,223 [pool-115-thread-1] INFO  storage.RaftStorageDirectory (RaftStorageDirectoryImpl.java:analyzeStorage(137)) - The storage directory /home/runner/work/ozone/ozone/hadoop-ozone/integration-test/target/test-dir/MiniOzoneClusterImpl-21eb6502-c8cc-4b95-8a64-0224a41eaf0d/datanode-2/data/ratis/894b5e50-d0aa-4189-909f-645e9061720e does not exist. Creating ...
2023-01-26 17:25:18,223 [pool-93-thread-1] INFO  storage.RaftStorage (RaftStorageImpl.java:format(96)) - Storage directory /home/runner/work/ozone/ozone/hadoop-ozone/integration-test/target/test-dir/MiniOzoneClusterImpl-21eb6502-c8cc-4b95-8a64-0224a41eaf0d/datanode-1/data/ratis/894b5e50-d0aa-4189-909f-645e9061720e has been successfully formatted.
2023-01-26 17:25:18,223 [pool-115-thread-1] INFO  storage.RaftStorageDirectory (RaftStorageDirectoryImpl.java:tryLock(231)) - Lock on /home/runner/work/ozone/ozone/hadoop-ozone/integration-test/target/test-dir/MiniOzoneClusterImpl-21eb6502-c8cc-4b95-8a64-0224a41eaf0d/datanode-2/data/ratis/894b5e50-d0aa-4189-909f-645e9061720e/in_use.lock acquired by nodename 6553@fv-az133-476
2023-01-26 17:25:18,224 [pool-93-thread-1] INFO  ratis.ContainerStateMachine (ContainerStateMachine.java:loadSnapshot(240)) - group-645E9061720E: The snapshot info is null. Setting the last applied indexto:(t:0, i:~)
2023-01-26 17:25:18,224 [pool-93-thread-1] INFO  server.RaftServerConfigKeys (ConfUtils.java:logGet(46)) - raft.server.log.use.memory = false (default)
2023-01-26 17:25:18,224 [pool-93-thread-1] INFO  server.RaftServerConfigKeys (ConfUtils.java:logGet(46)) - raft.server.log.purge.gap = 1000000 (custom)
2023-01-26 17:25:18,224 [pool-93-thread-1] INFO  server.RaftServerConfigKeys (ConfUtils.java:logGet(46)) - raft.server.log.appender.buffer.byte-limit = 33554432 (custom)
2023-01-26 17:25:18,224 [pool-93-thread-1] INFO  server.RaftServerConfigKeys (ConfUtils.java:logGet(46)) - raft.server.log.statemachine.data.read.timeout = 1000ms (default)
2023-01-26 17:25:18,224 [pool-93-thread-1] INFO  server.RaftServerConfigKeys (ConfUtils.java:logGet(46)) - raft.server.log.purge.preservation.log.num = 0 (default)
2023-01-26 17:25:18,224 [pool-93-thread-1] INFO  server.RaftServerConfigKeys (ConfUtils.java:logGet(46)) - raft.server.log.segment.size.max = 1048576 (custom)
2023-01-26 17:25:18,225 [pool-115-thread-1] INFO  storage.RaftStorage (RaftStorageImpl.java:format(96)) - Storage directory /home/runner/work/ozone/ozone/hadoop-ozone/integration-test/target/test-dir/MiniOzoneClusterImpl-21eb6502-c8cc-4b95-8a64-0224a41eaf0d/datanode-2/data/ratis/894b5e50-d0aa-4189-909f-645e9061720e has been successfully formatted.
2023-01-26 17:25:18,225 [pool-115-thread-1] INFO  ratis.ContainerStateMachine (ContainerStateMachine.java:loadSnapshot(240)) - group-645E9061720E: The snapshot info is null. Setting the last applied indexto:(t:0, i:~)
2023-01-26 17:25:18,225 [pool-115-thread-1] INFO  server.RaftServerConfigKeys (ConfUtils.java:logGet(46)) - raft.server.log.use.memory = false (default)
2023-01-26 17:25:18,226 [pool-115-thread-1] INFO  server.RaftServerConfigKeys (ConfUtils.java:logGet(46)) - raft.server.log.purge.gap = 1000000 (custom)
2023-01-26 17:25:18,226 [pool-115-thread-1] INFO  server.RaftServerConfigKeys (ConfUtils.java:logGet(46)) - raft.server.log.appender.buffer.byte-limit = 33554432 (custom)
2023-01-26 17:25:18,226 [pool-115-thread-1] INFO  server.RaftServerConfigKeys (ConfUtils.java:logGet(46)) - raft.server.log.statemachine.data.read.timeout = 1000ms (default)
2023-01-26 17:25:18,226 [pool-115-thread-1] INFO  server.RaftServerConfigKeys (ConfUtils.java:logGet(46)) - raft.server.log.purge.preservation.log.num = 0 (default)
2023-01-26 17:25:18,226 [pool-115-thread-1] INFO  server.RaftServerConfigKeys (ConfUtils.java:logGet(46)) - raft.server.log.segment.size.max = 1048576 (custom)
2023-01-26 17:25:18,226 [EventQueue-OpenPipelineForHealthyPipelineSafeModeRule] INFO  safemode.SCMSafeModeManager (HealthyPipelineSafeModeRule.java:process(137)) - SCM in safe mode. Healthy pipelines reported count is 0, required healthy pipeline reported count is 1
2023-01-26 17:25:18,226 [pool-115-thread-1] INFO  server.RaftServerConfigKeys (ConfUtils.java:logGet(46)) - raft.server.log.segment.cache.num.max = 2 (custom)
2023-01-26 17:25:18,226 [pool-115-thread-1] INFO  server.RaftServerConfigKeys (ConfUtils.java:logGet(46)) - raft.server.log.segment.cache.size.max = 200MB (=209715200) (default)
2023-01-26 17:25:18,226 [pool-115-thread-1] INFO  segmented.SegmentedRaftLogWorker (SegmentedRaftLogWorker.java:<init>(189)) - new 122b4be6-0cee-49ba-a809-7fef5e0e1400@group-645E9061720E-SegmentedRaftLogWorker for RaftStorageImpl:Storage Directory /home/runner/work/ozone/ozone/hadoop-ozone/integration-test/target/test-dir/MiniOzoneClusterImpl-21eb6502-c8cc-4b95-8a64-0224a41eaf0d/datanode-2/data/ratis/894b5e50-d0aa-4189-909f-645e9061720e
2023-01-26 17:25:18,226 [pool-115-thread-1] INFO  server.RaftServerConfigKeys (ConfUtils.java:logGet(46)) - raft.server.log.queue.byte-limit = 4294967296 (custom)
2023-01-26 17:25:18,226 [pool-115-thread-1] INFO  server.RaftServerConfigKeys (ConfUtils.java:logGet(46)) - raft.server.log.queue.element-limit = 1024 (custom)
2023-01-26 17:25:18,226 [pool-115-thread-1] INFO  server.RaftServerConfigKeys (ConfUtils.java:logGet(46)) - raft.server.log.segment.size.max = 1048576 (custom)
2023-01-26 17:25:18,226 [pool-115-thread-1] INFO  server.RaftServerConfigKeys (ConfUtils.java:logGet(46)) - raft.server.log.preallocated.size = 16384 (custom)
2023-01-26 17:25:18,226 [pool-115-thread-1] INFO  server.RaftServerConfigKeys (ConfUtils.java:logGet(46)) - raft.server.log.force.sync.num = 128 (default)
2023-01-26 17:25:18,227 [pool-115-thread-1] INFO  server.RaftServerConfigKeys (ConfUtils.java:logGet(46)) - raft.server.log.statemachine.data.sync = true (default)
2023-01-26 17:25:18,227 [pool-115-thread-1] INFO  server.RaftServerConfigKeys (ConfUtils.java:logGet(46)) - raft.server.log.statemachine.data.sync.timeout = 10s (default)
2023-01-26 17:25:18,228 [EventQueue-OpenPipelineForHealthyPipelineSafeModeRule] INFO  safemode.SCMSafeModeManager (HealthyPipelineSafeModeRule.java:process(137)) - SCM in safe mode. Healthy pipelines reported count is 0, required healthy pipeline reported count is 1
2023-01-26 17:25:18,228 [pool-115-thread-1] INFO  server.RaftServerConfigKeys (ConfUtils.java:logGet(46)) - raft.server.log.statemachine.data.sync.timeout.retry = -1 (default)
2023-01-26 17:25:18,229 [pool-93-thread-1] INFO  server.RaftServerConfigKeys (ConfUtils.java:logGet(46)) - raft.server.log.segment.cache.num.max = 2 (custom)
2023-01-26 17:25:18,229 [pool-115-thread-1] INFO  server.RaftServerConfigKeys (ConfUtils.java:logGet(46)) - raft.server.log.write.buffer.size = 1048576 (custom)
2023-01-26 17:25:18,229 [pool-93-thread-1] INFO  server.RaftServerConfigKeys (ConfUtils.java:logGet(46)) - raft.server.log.segment.cache.size.max = 200MB (=209715200) (default)
2023-01-26 17:25:18,229 [pool-93-thread-1] INFO  segmented.SegmentedRaftLogWorker (SegmentedRaftLogWorker.java:<init>(189)) - new 2cc4737a-7f72-4ede-9604-67be23ac19b5@group-645E9061720E-SegmentedRaftLogWorker for RaftStorageImpl:Storage Directory /home/runner/work/ozone/ozone/hadoop-ozone/integration-test/target/test-dir/MiniOzoneClusterImpl-21eb6502-c8cc-4b95-8a64-0224a41eaf0d/datanode-1/data/ratis/894b5e50-d0aa-4189-909f-645e9061720e
2023-01-26 17:25:18,229 [pool-93-thread-1] INFO  server.RaftServerConfigKeys (ConfUtils.java:logGet(46)) - raft.server.log.queue.byte-limit = 4294967296 (custom)
2023-01-26 17:25:18,229 [pool-93-thread-1] INFO  server.RaftServerConfigKeys (ConfUtils.java:logGet(46)) - raft.server.log.queue.element-limit = 1024 (custom)
2023-01-26 17:25:18,229 [pool-93-thread-1] INFO  server.RaftServerConfigKeys (ConfUtils.java:logGet(46)) - raft.server.log.segment.size.max = 1048576 (custom)
2023-01-26 17:25:18,229 [pool-93-thread-1] INFO  server.RaftServerConfigKeys (ConfUtils.java:logGet(46)) - raft.server.log.preallocated.size = 16384 (custom)
2023-01-26 17:25:18,229 [pool-93-thread-1] INFO  server.RaftServerConfigKeys (ConfUtils.java:logGet(46)) - raft.server.log.force.sync.num = 128 (default)
2023-01-26 17:25:18,229 [pool-93-thread-1] INFO  server.RaftServerConfigKeys (ConfUtils.java:logGet(46)) - raft.server.log.statemachine.data.sync = true (default)
2023-01-26 17:25:18,229 [pool-93-thread-1] INFO  server.RaftServerConfigKeys (ConfUtils.java:logGet(46)) - raft.server.log.statemachine.data.sync.timeout = 10s (default)
2023-01-26 17:25:18,229 [pool-93-thread-1] INFO  server.RaftServerConfigKeys (ConfUtils.java:logGet(46)) - raft.server.log.statemachine.data.sync.timeout.retry = -1 (default)
2023-01-26 17:25:18,230 [pool-93-thread-1] INFO  server.RaftServerConfigKeys (ConfUtils.java:logGet(46)) - raft.server.log.write.buffer.size = 1048576 (custom)
2023-01-26 17:25:18,231 [pool-93-thread-1] INFO  server.RaftServerConfigKeys (ConfUtils.java:logGet(46)) - raft.server.log.appender.buffer.byte-limit = 33554432 (custom)
2023-01-26 17:25:18,233 [pool-115-thread-1] INFO  server.RaftServerConfigKeys (ConfUtils.java:logGet(46)) - raft.server.log.appender.buffer.byte-limit = 33554432 (custom)
2023-01-26 17:25:18,235 [pool-93-thread-1] INFO  server.RaftServerConfigKeys (ConfUtils.java:logGet(46)) - raft.server.log.unsafe-flush.enabled = false (default)
2023-01-26 17:25:18,235 [pool-93-thread-1] INFO  server.RaftServerConfigKeys (ConfUtils.java:logGet(46)) - raft.server.log.async-flush.enabled = false (default)
2023-01-26 17:25:18,235 [pool-93-thread-1] INFO  server.RaftServerConfigKeys (ConfUtils.java:logGet(46)) - raft.server.log.statemachine.data.caching.enabled = true (custom)
2023-01-26 17:25:18,235 [pool-93-thread-1] INFO  segmented.SegmentedRaftLogWorker (SegmentedRaftLogWorker.java:lambda$new$0(135)) - 2cc4737a-7f72-4ede-9604-67be23ac19b5@group-645E9061720E-SegmentedRaftLogWorker: flushIndex: setUnconditionally 0 -> -1
2023-01-26 17:25:18,235 [pool-93-thread-1] INFO  segmented.SegmentedRaftLogWorker (SegmentedRaftLogWorker.java:lambda$new$0(135)) - 2cc4737a-7f72-4ede-9604-67be23ac19b5@group-645E9061720E-SegmentedRaftLogWorker: safeCacheEvictIndex: setUnconditionally 0 -> -1
2023-01-26 17:25:18,237 [pool-115-thread-1] INFO  server.RaftServerConfigKeys (ConfUtils.java:logGet(46)) - raft.server.log.unsafe-flush.enabled = false (default)
2023-01-26 17:25:18,237 [pool-115-thread-1] INFO  server.RaftServerConfigKeys (ConfUtils.java:logGet(46)) - raft.server.log.async-flush.enabled = false (default)
2023-01-26 17:25:18,237 [pool-115-thread-1] INFO  server.RaftServerConfigKeys (ConfUtils.java:logGet(46)) - raft.server.log.statemachine.data.caching.enabled = true (custom)
2023-01-26 17:25:18,237 [pool-115-thread-1] INFO  segmented.SegmentedRaftLogWorker (SegmentedRaftLogWorker.java:lambda$new$0(135)) - 122b4be6-0cee-49ba-a809-7fef5e0e1400@group-645E9061720E-SegmentedRaftLogWorker: flushIndex: setUnconditionally 0 -> -1
2023-01-26 17:25:18,237 [pool-115-thread-1] INFO  segmented.SegmentedRaftLogWorker (SegmentedRaftLogWorker.java:lambda$new$0(135)) - 122b4be6-0cee-49ba-a809-7fef5e0e1400@group-645E9061720E-SegmentedRaftLogWorker: safeCacheEvictIndex: setUnconditionally 0 -> -1
2023-01-26 17:25:18,242 [pool-93-thread-1] INFO  server.RaftServer$Division (RaftServerImpl.java:start(334)) - 2cc4737a-7f72-4ede-9604-67be23ac19b5@group-645E9061720E: start as a follower, conf=-1: peers:[122b4be6-0cee-49ba-a809-7fef5e0e1400|rpc:10.1.0.200:39289|dataStream:10.1.0.200:46437|priority:1|startupRole:FOLLOWER, 2cc4737a-7f72-4ede-9604-67be23ac19b5|rpc:10.1.0.200:34349|dataStream:10.1.0.200:45267|priority:0|startupRole:FOLLOWER, d082cfae-03ac-47dd-a559-6fd7cb4436a1|rpc:10.1.0.200:43095|dataStream:10.1.0.200:35799|priority:0|startupRole:FOLLOWER]|listeners:[], old=null
2023-01-26 17:25:18,242 [pool-93-thread-1] INFO  server.RaftServer$Division (RaftServerImpl.java:setRole(321)) - 2cc4737a-7f72-4ede-9604-67be23ac19b5@group-645E9061720E: changes role from      null to FOLLOWER at term 0 for startAsFollower
2023-01-26 17:25:18,242 [pool-93-thread-1] INFO  impl.RoleInfo (RoleInfo.java:updateAndGet(139)) - 2cc4737a-7f72-4ede-9604-67be23ac19b5: start 2cc4737a-7f72-4ede-9604-67be23ac19b5@group-645E9061720E-FollowerState
2023-01-26 17:25:18,246 [pool-93-thread-1] INFO  util.JmxRegister (JmxRegister.java:tryRegister(44)) - Successfully registered JMX Bean with object name Ratis:service=RaftServer,group=group-645E9061720E,id=2cc4737a-7f72-4ede-9604-67be23ac19b5
2023-01-26 17:25:18,246 [pool-93-thread-1] INFO  server.RaftServerConfigKeys (ConfUtils.java:logGet(46)) - raft.server.snapshot.auto.trigger.enabled = true (custom)
2023-01-26 17:25:18,246 [pool-93-thread-1] INFO  server.RaftServerConfigKeys (ConfUtils.java:logGet(46)) - raft.server.snapshot.auto.trigger.threshold = 10000 (custom)
2023-01-26 17:25:18,246 [pool-93-thread-1] INFO  server.RaftServerConfigKeys (ConfUtils.java:logGet(46)) - raft.server.snapshot.retention.file.num = 5 (custom)
2023-01-26 17:25:18,246 [pool-93-thread-1] INFO  server.RaftServerConfigKeys (ConfUtils.java:logGet(46)) - raft.server.log.purge.upto.snapshot.index = false (default)
2023-01-26 17:25:18,247 [pool-115-thread-1] INFO  server.RaftServer$Division (RaftServerImpl.java:start(334)) - 122b4be6-0cee-49ba-a809-7fef5e0e1400@group-645E9061720E: start as a follower, conf=-1: peers:[122b4be6-0cee-49ba-a809-7fef5e0e1400|rpc:10.1.0.200:39289|dataStream:10.1.0.200:46437|priority:1|startupRole:FOLLOWER, 2cc4737a-7f72-4ede-9604-67be23ac19b5|rpc:10.1.0.200:34349|dataStream:10.1.0.200:45267|priority:0|startupRole:FOLLOWER, d082cfae-03ac-47dd-a559-6fd7cb4436a1|rpc:10.1.0.200:43095|dataStream:10.1.0.200:35799|priority:0|startupRole:FOLLOWER]|listeners:[], old=null
2023-01-26 17:25:18,255 [pool-115-thread-1] INFO  server.RaftServer$Division (RaftServerImpl.java:setRole(321)) - 122b4be6-0cee-49ba-a809-7fef5e0e1400@group-645E9061720E: changes role from      null to FOLLOWER at term 0 for startAsFollower
2023-01-26 17:25:18,258 [pool-115-thread-1] INFO  impl.RoleInfo (RoleInfo.java:updateAndGet(139)) - 122b4be6-0cee-49ba-a809-7fef5e0e1400: start 122b4be6-0cee-49ba-a809-7fef5e0e1400@group-645E9061720E-FollowerState
2023-01-26 17:25:18,258 [Command processor thread] INFO  ratis.XceiverServerRatis (XceiverServerRatis.java:addGroup(806)) - Created group PipelineID=894b5e50-d0aa-4189-909f-645e9061720e
2023-01-26 17:25:18,258 [pool-115-thread-1] INFO  util.JmxRegister (JmxRegister.java:tryRegister(44)) - Successfully registered JMX Bean with object name Ratis:service=RaftServer,group=group-645E9061720E,id=122b4be6-0cee-49ba-a809-7fef5e0e1400
2023-01-26 17:25:18,261 [pool-115-thread-1] INFO  server.RaftServerConfigKeys (ConfUtils.java:logGet(46)) - raft.server.snapshot.auto.trigger.enabled = true (custom)
2023-01-26 17:25:18,261 [pool-115-thread-1] INFO  server.RaftServerConfigKeys (ConfUtils.java:logGet(46)) - raft.server.snapshot.auto.trigger.threshold = 10000 (custom)
2023-01-26 17:25:18,261 [pool-115-thread-1] INFO  server.RaftServerConfigKeys (ConfUtils.java:logGet(46)) - raft.server.snapshot.retention.file.num = 5 (custom)
2023-01-26 17:25:18,261 [pool-115-thread-1] INFO  server.RaftServerConfigKeys (ConfUtils.java:logGet(46)) - raft.server.log.purge.upto.snapshot.index = false (default)
2023-01-26 17:25:18,258 [2cc4737a-7f72-4ede-9604-67be23ac19b5@group-645E9061720E-FollowerState] INFO  server.RaftServerConfigKeys (ConfUtils.java:logFallback(53)) - raft.server.rpc.first-election.timeout.min = 5s (fallback to raft.server.rpc.timeout.min)
2023-01-26 17:25:18,262 [2cc4737a-7f72-4ede-9604-67be23ac19b5@group-645E9061720E-FollowerState] INFO  server.RaftServerConfigKeys (ConfUtils.java:logFallback(53)) - raft.server.rpc.first-election.timeout.max = 5200ms (fallback to raft.server.rpc.timeout.max)
2023-01-26 17:25:18,258 [122b4be6-0cee-49ba-a809-7fef5e0e1400@group-645E9061720E-FollowerState] INFO  server.RaftServerConfigKeys (ConfUtils.java:logFallback(53)) - raft.server.rpc.first-election.timeout.min = 5s (fallback to raft.server.rpc.timeout.min)
2023-01-26 17:25:18,263 [122b4be6-0cee-49ba-a809-7fef5e0e1400@group-645E9061720E-FollowerState] INFO  server.RaftServerConfigKeys (ConfUtils.java:logFallback(53)) - raft.server.rpc.first-election.timeout.max = 5200ms (fallback to raft.server.rpc.timeout.max)
2023-01-26 17:25:18,324 [Command processor thread] INFO  commandhandler.CreatePipelineCommandHandler (CreatePipelineCommandHandler.java:handle(113)) - Created Pipeline RATIS THREE PipelineID=894b5e50-d0aa-4189-909f-645e9061720e.
2023-01-26 17:25:18,329 [Command processor thread] INFO  commandhandler.CreatePipelineCommandHandler (CreatePipelineCommandHandler.java:handle(113)) - Created Pipeline RATIS THREE PipelineID=894b5e50-d0aa-4189-909f-645e9061720e.
2023-01-26 17:25:18,515 [Command processor thread] INFO  server.RaftServer (RaftServerProxy.java:addNew(96)) - 71f3d3ef-41ca-413f-b126-a07e725e6122: addNew group-6707B05AD539:[71f3d3ef-41ca-413f-b126-a07e725e6122|rpc:10.1.0.200:43017|dataStream:10.1.0.200:38403|priority:1|startupRole:FOLLOWER] returns group-6707B05AD539:java.util.concurrent.CompletableFuture@1afd5cbe[Not completed]
2023-01-26 17:25:18,516 [pool-137-thread-1] INFO  server.RaftServer$Division (RaftServerImpl.java:<init>(195)) - 71f3d3ef-41ca-413f-b126-a07e725e6122: new RaftServerImpl for group-6707B05AD539:[71f3d3ef-41ca-413f-b126-a07e725e6122|rpc:10.1.0.200:43017|dataStream:10.1.0.200:38403|priority:1|startupRole:FOLLOWER] with ContainerStateMachine:uninitialized
2023-01-26 17:25:18,517 [pool-137-thread-1] INFO  server.RaftServerConfigKeys (ConfUtils.java:logGet(46)) - raft.server.rpc.timeout.min = 5s (custom)
2023-01-26 17:25:18,517 [pool-137-thread-1] INFO  server.RaftServerConfigKeys (ConfUtils.java:logGet(46)) - raft.server.rpc.timeout.max = 5200ms (custom)
2023-01-26 17:25:18,517 [pool-137-thread-1] INFO  server.RaftServerConfigKeys (ConfUtils.java:logGet(46)) - raft.server.rpc.sleep.time = 25ms (default)
2023-01-26 17:25:18,517 [pool-137-thread-1] INFO  server.RaftServerConfigKeys (ConfUtils.java:logGet(46)) - raft.server.rpc.slowness.timeout = 300000ms (custom)
2023-01-26 17:25:18,517 [pool-137-thread-1] INFO  server.RaftServerConfigKeys (ConfUtils.java:logGet(46)) - raft.server.leaderelection.leader.step-down.wait-time = 10s (default)
2023-01-26 17:25:18,517 [pool-137-thread-1] INFO  server.RaftServerConfigKeys (ConfUtils.java:logGet(46)) - raft.server.sleep.deviation.threshold = 300ms (default)
2023-01-26 17:25:18,517 [pool-137-thread-1] INFO  server.RaftServer$Division (ServerState.java:<init>(118)) - 71f3d3ef-41ca-413f-b126-a07e725e6122@group-6707B05AD539: ConfigurationManager, init=-1: peers:[71f3d3ef-41ca-413f-b126-a07e725e6122|rpc:10.1.0.200:43017|dataStream:10.1.0.200:38403|priority:1|startupRole:FOLLOWER]|listeners:[], old=null, confs=<EMPTY_MAP>
2023-01-26 17:25:18,517 [pool-137-thread-1] INFO  server.RaftServerConfigKeys (ConfUtils.java:logGet(46)) - raft.server.storage.dir = [/home/runner/work/ozone/ozone/hadoop-ozone/integration-test/target/test-dir/MiniOzoneClusterImpl-21eb6502-c8cc-4b95-8a64-0224a41eaf0d/datanode-3/data/ratis] (custom)
2023-01-26 17:25:18,517 [pool-137-thread-1] INFO  server.RaftServerConfigKeys (ConfUtils.java:logGet(46)) - raft.server.log.corruption.policy = EXCEPTION (default)
2023-01-26 17:25:18,517 [pool-137-thread-1] INFO  server.RaftServerConfigKeys (ConfUtils.java:logGet(46)) - raft.server.storage.free-space.min = 0MB (=0) (default)
2023-01-26 17:25:18,519 [pool-137-thread-1] INFO  server.RaftServerConfigKeys (ConfUtils.java:logGet(46)) - raft.server.notification.no-leader.timeout = 300000ms (custom)
2023-01-26 17:25:18,519 [pool-137-thread-1] INFO  server.RaftServerConfigKeys (ConfUtils.java:logGet(46)) - raft.server.retrycache.expirytime = 600000ms (custom)
2023-01-26 17:25:18,519 [pool-137-thread-1] INFO  server.RaftServerConfigKeys (ConfUtils.java:logGet(46)) - raft.server.retrycache.statistics.expirytime = 100μs (default)
2023-01-26 17:25:18,520 [pool-137-thread-1] INFO  server.RaftServerConfigKeys (ConfUtils.java:logGet(46)) - raft.server.log.appender.install.snapshot.enabled = false (custom)
2023-01-26 17:25:18,520 [pool-137-thread-1] INFO  server.RaftServerConfigKeys (ConfUtils.java:logGet(46)) - raft.server.threadpool.server.cached = true (default)
2023-01-26 17:25:18,520 [pool-137-thread-1] INFO  server.RaftServerConfigKeys (ConfUtils.java:logGet(46)) - raft.server.threadpool.server.size = 0 (default)
2023-01-26 17:25:18,520 [pool-137-thread-1] INFO  server.RaftServerConfigKeys (ConfUtils.java:logGet(46)) - raft.server.threadpool.client.cached = true (default)
2023-01-26 17:25:18,521 [pool-137-thread-1] INFO  server.RaftServerConfigKeys (ConfUtils.java:logGet(46)) - raft.server.threadpool.client.size = 0 (default)
2023-01-26 17:25:18,521 [pool-137-thread-1] INFO  storage.RaftStorageDirectory (RaftStorageDirectoryImpl.java:analyzeStorage(137)) - The storage directory /home/runner/work/ozone/ozone/hadoop-ozone/integration-test/target/test-dir/MiniOzoneClusterImpl-21eb6502-c8cc-4b95-8a64-0224a41eaf0d/datanode-3/data/ratis/cfed01db-d626-4d11-a3b2-6707b05ad539 does not exist. Creating ...
2023-01-26 17:25:18,521 [pool-137-thread-1] INFO  storage.RaftStorageDirectory (RaftStorageDirectoryImpl.java:tryLock(231)) - Lock on /home/runner/work/ozone/ozone/hadoop-ozone/integration-test/target/test-dir/MiniOzoneClusterImpl-21eb6502-c8cc-4b95-8a64-0224a41eaf0d/datanode-3/data/ratis/cfed01db-d626-4d11-a3b2-6707b05ad539/in_use.lock acquired by nodename 6553@fv-az133-476
2023-01-26 17:25:18,522 [pool-137-thread-1] INFO  storage.RaftStorage (RaftStorageImpl.java:format(96)) - Storage directory /home/runner/work/ozone/ozone/hadoop-ozone/integration-test/target/test-dir/MiniOzoneClusterImpl-21eb6502-c8cc-4b95-8a64-0224a41eaf0d/datanode-3/data/ratis/cfed01db-d626-4d11-a3b2-6707b05ad539 has been successfully formatted.
2023-01-26 17:25:18,524 [pool-137-thread-1] INFO  ratis.ContainerStateMachine (ContainerStateMachine.java:loadSnapshot(240)) - group-6707B05AD539: The snapshot info is null. Setting the last applied indexto:(t:0, i:~)
2023-01-26 17:25:18,525 [EventQueue-PipelineReportForPipelineReportHandler] INFO  pipeline.PipelineManagerImpl (PipelineManagerImpl.java:openPipeline(367)) - Pipeline Pipeline[ Id: cfed01db-d626-4d11-a3b2-6707b05ad539, Nodes: 71f3d3ef-41ca-413f-b126-a07e725e6122(fv-az133-476.yhipumr4050edinzmvad0xeera.cx.internal.cloudapp.net/10.1.0.200), ReplicationConfig: RATIS/ONE, State:ALLOCATED, leaderId:71f3d3ef-41ca-413f-b126-a07e725e6122, CreationTimestamp2023-01-26T17:25:15.518Z[Etc/UTC]] moved to OPEN state
2023-01-26 17:25:18,527 [EventQueue-OpenPipelineForHealthyPipelineSafeModeRule] INFO  safemode.SCMSafeModeManager (HealthyPipelineSafeModeRule.java:process(137)) - SCM in safe mode. Healthy pipelines reported count is 0, required healthy pipeline reported count is 1
2023-01-26 17:25:18,527 [pool-137-thread-1] INFO  server.RaftServerConfigKeys (ConfUtils.java:logGet(46)) - raft.server.log.use.memory = false (default)
2023-01-26 17:25:18,527 [pool-137-thread-1] INFO  server.RaftServerConfigKeys (ConfUtils.java:logGet(46)) - raft.server.log.purge.gap = 1000000 (custom)
2023-01-26 17:25:18,527 [pool-137-thread-1] INFO  server.RaftServerConfigKeys (ConfUtils.java:logGet(46)) - raft.server.log.appender.buffer.byte-limit = 33554432 (custom)
2023-01-26 17:25:18,527 [pool-137-thread-1] INFO  server.RaftServerConfigKeys (ConfUtils.java:logGet(46)) - raft.server.log.statemachine.data.read.timeout = 1000ms (default)
2023-01-26 17:25:18,527 [pool-137-thread-1] INFO  server.RaftServerConfigKeys (ConfUtils.java:logGet(46)) - raft.server.log.purge.preservation.log.num = 0 (default)
2023-01-26 17:25:18,527 [pool-137-thread-1] INFO  server.RaftServerConfigKeys (ConfUtils.java:logGet(46)) - raft.server.log.segment.size.max = 1048576 (custom)
2023-01-26 17:25:18,527 [pool-137-thread-1] INFO  server.RaftServerConfigKeys (ConfUtils.java:logGet(46)) - raft.server.log.segment.cache.num.max = 2 (custom)
2023-01-26 17:25:18,527 [pool-137-thread-1] INFO  server.RaftServerConfigKeys (ConfUtils.java:logGet(46)) - raft.server.log.segment.cache.size.max = 200MB (=209715200) (default)
2023-01-26 17:25:18,528 [pool-137-thread-1] INFO  segmented.SegmentedRaftLogWorker (SegmentedRaftLogWorker.java:<init>(189)) - new 71f3d3ef-41ca-413f-b126-a07e725e6122@group-6707B05AD539-SegmentedRaftLogWorker for RaftStorageImpl:Storage Directory /home/runner/work/ozone/ozone/hadoop-ozone/integration-test/target/test-dir/MiniOzoneClusterImpl-21eb6502-c8cc-4b95-8a64-0224a41eaf0d/datanode-3/data/ratis/cfed01db-d626-4d11-a3b2-6707b05ad539
2023-01-26 17:25:18,528 [pool-137-thread-1] INFO  server.RaftServerConfigKeys (ConfUtils.java:logGet(46)) - raft.server.log.queue.byte-limit = 4294967296 (custom)
2023-01-26 17:25:18,528 [pool-137-thread-1] INFO  server.RaftServerConfigKeys (ConfUtils.java:logGet(46)) - raft.server.log.queue.element-limit = 1024 (custom)
2023-01-26 17:25:18,528 [pool-137-thread-1] INFO  server.RaftServerConfigKeys (ConfUtils.java:logGet(46)) - raft.server.log.segment.size.max = 1048576 (custom)
2023-01-26 17:25:18,528 [pool-137-thread-1] INFO  server.RaftServerConfigKeys (ConfUtils.java:logGet(46)) - raft.server.log.preallocated.size = 16384 (custom)
2023-01-26 17:25:18,528 [pool-137-thread-1] INFO  server.RaftServerConfigKeys (ConfUtils.java:logGet(46)) - raft.server.log.force.sync.num = 128 (default)
2023-01-26 17:25:18,528 [pool-137-thread-1] INFO  server.RaftServerConfigKeys (ConfUtils.java:logGet(46)) - raft.server.log.statemachine.data.sync = true (default)
2023-01-26 17:25:18,528 [pool-137-thread-1] INFO  server.RaftServerConfigKeys (ConfUtils.java:logGet(46)) - raft.server.log.statemachine.data.sync.timeout = 10s (default)
2023-01-26 17:25:18,528 [pool-137-thread-1] INFO  server.RaftServerConfigKeys (ConfUtils.java:logGet(46)) - raft.server.log.statemachine.data.sync.timeout.retry = -1 (default)
2023-01-26 17:25:18,528 [pool-137-thread-1] INFO  server.RaftServerConfigKeys (ConfUtils.java:logGet(46)) - raft.server.log.write.buffer.size = 1048576 (custom)
2023-01-26 17:25:18,529 [pool-137-thread-1] INFO  server.RaftServerConfigKeys (ConfUtils.java:logGet(46)) - raft.server.log.appender.buffer.byte-limit = 33554432 (custom)
2023-01-26 17:25:18,532 [pool-137-thread-1] INFO  server.RaftServerConfigKeys (ConfUtils.java:logGet(46)) - raft.server.log.unsafe-flush.enabled = false (default)
2023-01-26 17:25:18,532 [pool-137-thread-1] INFO  server.RaftServerConfigKeys (ConfUtils.java:logGet(46)) - raft.server.log.async-flush.enabled = false (default)
2023-01-26 17:25:18,532 [pool-137-thread-1] INFO  server.RaftServerConfigKeys (ConfUtils.java:logGet(46)) - raft.server.log.statemachine.data.caching.enabled = true (custom)
2023-01-26 17:25:18,532 [pool-137-thread-1] INFO  segmented.SegmentedRaftLogWorker (SegmentedRaftLogWorker.java:lambda$new$0(135)) - 71f3d3ef-41ca-413f-b126-a07e725e6122@group-6707B05AD539-SegmentedRaftLogWorker: flushIndex: setUnconditionally 0 -> -1
2023-01-26 17:25:18,532 [pool-137-thread-1] INFO  segmented.SegmentedRaftLogWorker (SegmentedRaftLogWorker.java:lambda$new$0(135)) - 71f3d3ef-41ca-413f-b126-a07e725e6122@group-6707B05AD539-SegmentedRaftLogWorker: safeCacheEvictIndex: setUnconditionally 0 -> -1
2023-01-26 17:25:18,532 [pool-137-thread-1] INFO  server.RaftServer$Division (RaftServerImpl.java:start(334)) - 71f3d3ef-41ca-413f-b126-a07e725e6122@group-6707B05AD539: start as a follower, conf=-1: peers:[71f3d3ef-41ca-413f-b126-a07e725e6122|rpc:10.1.0.200:43017|dataStream:10.1.0.200:38403|priority:1|startupRole:FOLLOWER]|listeners:[], old=null
2023-01-26 17:25:18,532 [pool-137-thread-1] INFO  server.RaftServer$Division (RaftServerImpl.java:setRole(321)) - 71f3d3ef-41ca-413f-b126-a07e725e6122@group-6707B05AD539: changes role from      null to FOLLOWER at term 0 for startAsFollower
2023-01-26 17:25:18,533 [pool-137-thread-1] INFO  impl.RoleInfo (RoleInfo.java:updateAndGet(139)) - 71f3d3ef-41ca-413f-b126-a07e725e6122: start 71f3d3ef-41ca-413f-b126-a07e725e6122@group-6707B05AD539-FollowerState
2023-01-26 17:25:18,533 [pool-137-thread-1] INFO  util.JmxRegister (JmxRegister.java:tryRegister(44)) - Successfully registered JMX Bean with object name Ratis:service=RaftServer,group=group-6707B05AD539,id=71f3d3ef-41ca-413f-b126-a07e725e6122
2023-01-26 17:25:18,533 [pool-137-thread-1] INFO  server.RaftServerConfigKeys (ConfUtils.java:logGet(46)) - raft.server.snapshot.auto.trigger.enabled = true (custom)
2023-01-26 17:25:18,533 [pool-137-thread-1] INFO  server.RaftServerConfigKeys (ConfUtils.java:logGet(46)) - raft.server.snapshot.auto.trigger.threshold = 10000 (custom)
2023-01-26 17:25:18,533 [pool-137-thread-1] INFO  server.RaftServerConfigKeys (ConfUtils.java:logGet(46)) - raft.server.snapshot.retention.file.num = 5 (custom)
2023-01-26 17:25:18,533 [pool-137-thread-1] INFO  server.RaftServerConfigKeys (ConfUtils.java:logGet(46)) - raft.server.log.purge.upto.snapshot.index = false (default)
2023-01-26 17:25:18,533 [71f3d3ef-41ca-413f-b126-a07e725e6122@group-6707B05AD539-FollowerState] INFO  server.RaftServerConfigKeys (ConfUtils.java:logFallback(53)) - raft.server.rpc.first-election.timeout.min = 5s (fallback to raft.server.rpc.timeout.min)
2023-01-26 17:25:18,534 [71f3d3ef-41ca-413f-b126-a07e725e6122@group-6707B05AD539-FollowerState] INFO  server.RaftServerConfigKeys (ConfUtils.java:logFallback(53)) - raft.server.rpc.first-election.timeout.max = 5200ms (fallback to raft.server.rpc.timeout.max)
2023-01-26 17:25:18,535 [Command processor thread] INFO  ratis.XceiverServerRatis (XceiverServerRatis.java:addGroup(806)) - Created group PipelineID=cfed01db-d626-4d11-a3b2-6707b05ad539
2023-01-26 17:25:18,535 [Command processor thread] INFO  commandhandler.CreatePipelineCommandHandler (CreatePipelineCommandHandler.java:handle(113)) - Created Pipeline RATIS ONE PipelineID=cfed01db-d626-4d11-a3b2-6707b05ad539.
2023-01-26 17:25:18,839 [Command processor thread] INFO  server.RaftServer (RaftServerProxy.java:addNew(96)) - 29fadfb4-950d-40e8-bbd4-05f10ea5ea2e: addNew group-C512526317D4:[29fadfb4-950d-40e8-bbd4-05f10ea5ea2e|rpc:10.1.0.200:41529|dataStream:10.1.0.200:35985|priority:1|startupRole:FOLLOWER] returns group-C512526317D4:java.util.concurrent.CompletableFuture@4b1f80cc[Not completed]
2023-01-26 17:25:18,841 [pool-159-thread-1] INFO  server.RaftServer$Division (RaftServerImpl.java:<init>(195)) - 29fadfb4-950d-40e8-bbd4-05f10ea5ea2e: new RaftServerImpl for group-C512526317D4:[29fadfb4-950d-40e8-bbd4-05f10ea5ea2e|rpc:10.1.0.200:41529|dataStream:10.1.0.200:35985|priority:1|startupRole:FOLLOWER] with ContainerStateMachine:uninitialized
2023-01-26 17:25:18,841 [pool-159-thread-1] INFO  server.RaftServerConfigKeys (ConfUtils.java:logGet(46)) - raft.server.rpc.timeout.min = 5s (custom)
2023-01-26 17:25:18,841 [pool-159-thread-1] INFO  server.RaftServerConfigKeys (ConfUtils.java:logGet(46)) - raft.server.rpc.timeout.max = 5200ms (custom)
2023-01-26 17:25:18,841 [pool-159-thread-1] INFO  server.RaftServerConfigKeys (ConfUtils.java:logGet(46)) - raft.server.rpc.sleep.time = 25ms (default)
2023-01-26 17:25:18,841 [pool-159-thread-1] INFO  server.RaftServerConfigKeys (ConfUtils.java:logGet(46)) - raft.server.rpc.slowness.timeout = 300000ms (custom)
2023-01-26 17:25:18,841 [pool-159-thread-1] INFO  server.RaftServerConfigKeys (ConfUtils.java:logGet(46)) - raft.server.leaderelection.leader.step-down.wait-time = 10s (default)
2023-01-26 17:25:18,842 [pool-159-thread-1] INFO  server.RaftServerConfigKeys (ConfUtils.java:logGet(46)) - raft.server.sleep.deviation.threshold = 300ms (default)
2023-01-26 17:25:18,842 [pool-159-thread-1] INFO  server.RaftServer$Division (ServerState.java:<init>(118)) - 29fadfb4-950d-40e8-bbd4-05f10ea5ea2e@group-C512526317D4: ConfigurationManager, init=-1: peers:[29fadfb4-950d-40e8-bbd4-05f10ea5ea2e|rpc:10.1.0.200:41529|dataStream:10.1.0.200:35985|priority:1|startupRole:FOLLOWER]|listeners:[], old=null, confs=<EMPTY_MAP>
2023-01-26 17:25:18,842 [pool-159-thread-1] INFO  server.RaftServerConfigKeys (ConfUtils.java:logGet(46)) - raft.server.storage.dir = [/home/runner/work/ozone/ozone/hadoop-ozone/integration-test/target/test-dir/MiniOzoneClusterImpl-21eb6502-c8cc-4b95-8a64-0224a41eaf0d/datanode-4/data/ratis] (custom)
2023-01-26 17:25:18,842 [pool-159-thread-1] INFO  server.RaftServerConfigKeys (ConfUtils.java:logGet(46)) - raft.server.log.corruption.policy = EXCEPTION (default)
2023-01-26 17:25:18,842 [pool-159-thread-1] INFO  server.RaftServerConfigKeys (ConfUtils.java:logGet(46)) - raft.server.storage.free-space.min = 0MB (=0) (default)
2023-01-26 17:25:18,842 [pool-159-thread-1] INFO  server.RaftServerConfigKeys (ConfUtils.java:logGet(46)) - raft.server.notification.no-leader.timeout = 300000ms (custom)
2023-01-26 17:25:18,842 [pool-159-thread-1] INFO  server.RaftServerConfigKeys (ConfUtils.java:logGet(46)) - raft.server.retrycache.expirytime = 600000ms (custom)
2023-01-26 17:25:18,842 [pool-159-thread-1] INFO  server.RaftServerConfigKeys (ConfUtils.java:logGet(46)) - raft.server.retrycache.statistics.expirytime = 100μs (default)
2023-01-26 17:25:18,845 [Listener at 127.0.0.1/34233] INFO  ozone.MiniOzoneClusterImpl (MiniOzoneClusterImpl.java:lambda$waitForClusterToBeReady$0(218)) - Nodes are ready. Got 5 of 5 DN Heartbeats.
2023-01-26 17:25:18,845 [Listener at 127.0.0.1/34233] INFO  ozone.MiniOzoneClusterImpl (MiniOzoneClusterImpl.java:lambda$waitForClusterToBeReady$0(221)) - Waiting for cluster to exit safe mode
2023-01-26 17:25:18,845 [Listener at 127.0.0.1/34233] INFO  ozone.MiniOzoneClusterImpl (MiniOzoneClusterImpl.java:lambda$waitForClusterToBeReady$0(223)) - SCM became leader
2023-01-26 17:25:18,847 [pool-159-thread-1] INFO  server.RaftServerConfigKeys (ConfUtils.java:logGet(46)) - raft.server.log.appender.install.snapshot.enabled = false (custom)
2023-01-26 17:25:18,847 [pool-159-thread-1] INFO  server.RaftServerConfigKeys (ConfUtils.java:logGet(46)) - raft.server.threadpool.server.cached = true (default)
2023-01-26 17:25:18,847 [pool-159-thread-1] INFO  server.RaftServerConfigKeys (ConfUtils.java:logGet(46)) - raft.server.threadpool.server.size = 0 (default)
2023-01-26 17:25:18,847 [pool-159-thread-1] INFO  server.RaftServerConfigKeys (ConfUtils.java:logGet(46)) - raft.server.threadpool.client.cached = true (default)
2023-01-26 17:25:18,848 [pool-159-thread-1] INFO  server.RaftServerConfigKeys (ConfUtils.java:logGet(46)) - raft.server.threadpool.client.size = 0 (default)
2023-01-26 17:25:18,848 [pool-159-thread-1] INFO  storage.RaftStorageDirectory (RaftStorageDirectoryImpl.java:analyzeStorage(137)) - The storage directory /home/runner/work/ozone/ozone/hadoop-ozone/integration-test/target/test-dir/MiniOzoneClusterImpl-21eb6502-c8cc-4b95-8a64-0224a41eaf0d/datanode-4/data/ratis/70281df7-ccfc-465d-83af-c512526317d4 does not exist. Creating ...
2023-01-26 17:25:18,848 [pool-159-thread-1] INFO  storage.RaftStorageDirectory (RaftStorageDirectoryImpl.java:tryLock(231)) - Lock on /home/runner/work/ozone/ozone/hadoop-ozone/integration-test/target/test-dir/MiniOzoneClusterImpl-21eb6502-c8cc-4b95-8a64-0224a41eaf0d/datanode-4/data/ratis/70281df7-ccfc-465d-83af-c512526317d4/in_use.lock acquired by nodename 6553@fv-az133-476
2023-01-26 17:25:18,849 [pool-159-thread-1] INFO  storage.RaftStorage (RaftStorageImpl.java:format(96)) - Storage directory /home/runner/work/ozone/ozone/hadoop-ozone/integration-test/target/test-dir/MiniOzoneClusterImpl-21eb6502-c8cc-4b95-8a64-0224a41eaf0d/datanode-4/data/ratis/70281df7-ccfc-465d-83af-c512526317d4 has been successfully formatted.
2023-01-26 17:25:18,851 [pool-159-thread-1] INFO  ratis.ContainerStateMachine (ContainerStateMachine.java:loadSnapshot(240)) - group-C512526317D4: The snapshot info is null. Setting the last applied indexto:(t:0, i:~)
2023-01-26 17:25:18,852 [pool-159-thread-1] INFO  server.RaftServerConfigKeys (ConfUtils.java:logGet(46)) - raft.server.log.use.memory = false (default)
2023-01-26 17:25:18,852 [pool-159-thread-1] INFO  server.RaftServerConfigKeys (ConfUtils.java:logGet(46)) - raft.server.log.purge.gap = 1000000 (custom)
2023-01-26 17:25:18,852 [pool-159-thread-1] INFO  server.RaftServerConfigKeys (ConfUtils.java:logGet(46)) - raft.server.log.appender.buffer.byte-limit = 33554432 (custom)
2023-01-26 17:25:18,852 [pool-159-thread-1] INFO  server.RaftServerConfigKeys (ConfUtils.java:logGet(46)) - raft.server.log.statemachine.data.read.timeout = 1000ms (default)
2023-01-26 17:25:18,852 [pool-159-thread-1] INFO  server.RaftServerConfigKeys (ConfUtils.java:logGet(46)) - raft.server.log.purge.preservation.log.num = 0 (default)
2023-01-26 17:25:18,852 [pool-159-thread-1] INFO  server.RaftServerConfigKeys (ConfUtils.java:logGet(46)) - raft.server.log.segment.size.max = 1048576 (custom)
2023-01-26 17:25:18,852 [EventQueue-PipelineReportForPipelineReportHandler] INFO  pipeline.PipelineManagerImpl (PipelineManagerImpl.java:openPipeline(367)) - Pipeline Pipeline[ Id: 70281df7-ccfc-465d-83af-c512526317d4, Nodes: 29fadfb4-950d-40e8-bbd4-05f10ea5ea2e(fv-az133-476.yhipumr4050edinzmvad0xeera.cx.internal.cloudapp.net/10.1.0.200), ReplicationConfig: RATIS/ONE, State:ALLOCATED, leaderId:29fadfb4-950d-40e8-bbd4-05f10ea5ea2e, CreationTimestamp2023-01-26T17:25:15.842Z[Etc/UTC]] moved to OPEN state
2023-01-26 17:25:18,852 [pool-159-thread-1] INFO  server.RaftServerConfigKeys (ConfUtils.java:logGet(46)) - raft.server.log.segment.cache.num.max = 2 (custom)
2023-01-26 17:25:18,852 [pool-159-thread-1] INFO  server.RaftServerConfigKeys (ConfUtils.java:logGet(46)) - raft.server.log.segment.cache.size.max = 200MB (=209715200) (default)
2023-01-26 17:25:18,852 [pool-159-thread-1] INFO  segmented.SegmentedRaftLogWorker (SegmentedRaftLogWorker.java:<init>(189)) - new 29fadfb4-950d-40e8-bbd4-05f10ea5ea2e@group-C512526317D4-SegmentedRaftLogWorker for RaftStorageImpl:Storage Directory /home/runner/work/ozone/ozone/hadoop-ozone/integration-test/target/test-dir/MiniOzoneClusterImpl-21eb6502-c8cc-4b95-8a64-0224a41eaf0d/datanode-4/data/ratis/70281df7-ccfc-465d-83af-c512526317d4
2023-01-26 17:25:18,852 [pool-159-thread-1] INFO  server.RaftServerConfigKeys (ConfUtils.java:logGet(46)) - raft.server.log.queue.byte-limit = 4294967296 (custom)
2023-01-26 17:25:18,852 [pool-159-thread-1] INFO  server.RaftServerConfigKeys (ConfUtils.java:logGet(46)) - raft.server.log.queue.element-limit = 1024 (custom)
2023-01-26 17:25:18,853 [pool-159-thread-1] INFO  server.RaftServerConfigKeys (ConfUtils.java:logGet(46)) - raft.server.log.segment.size.max = 1048576 (custom)
2023-01-26 17:25:18,853 [pool-159-thread-1] INFO  server.RaftServerConfigKeys (ConfUtils.java:logGet(46)) - raft.server.log.preallocated.size = 16384 (custom)
2023-01-26 17:25:18,853 [pool-159-thread-1] INFO  server.RaftServerConfigKeys (ConfUtils.java:logGet(46)) - raft.server.log.force.sync.num = 128 (default)
2023-01-26 17:25:18,853 [pool-159-thread-1] INFO  server.RaftServerConfigKeys (ConfUtils.java:logGet(46)) - raft.server.log.statemachine.data.sync = true (default)
2023-01-26 17:25:18,853 [EventQueue-OpenPipelineForHealthyPipelineSafeModeRule] INFO  safemode.SCMSafeModeManager (HealthyPipelineSafeModeRule.java:process(137)) - SCM in safe mode. Healthy pipelines reported count is 0, required healthy pipeline reported count is 1
2023-01-26 17:25:18,853 [pool-159-thread-1] INFO  server.RaftServerConfigKeys (ConfUtils.java:logGet(46)) - raft.server.log.statemachine.data.sync.timeout = 10s (default)
2023-01-26 17:25:18,853 [pool-159-thread-1] INFO  server.RaftServerConfigKeys (ConfUtils.java:logGet(46)) - raft.server.log.statemachine.data.sync.timeout.retry = -1 (default)
2023-01-26 17:25:18,854 [pool-159-thread-1] INFO  server.RaftServerConfigKeys (ConfUtils.java:logGet(46)) - raft.server.log.write.buffer.size = 1048576 (custom)
2023-01-26 17:25:18,854 [pool-159-thread-1] INFO  server.RaftServerConfigKeys (ConfUtils.java:logGet(46)) - raft.server.log.appender.buffer.byte-limit = 33554432 (custom)
2023-01-26 17:25:18,857 [pool-159-thread-1] INFO  server.RaftServerConfigKeys (ConfUtils.java:logGet(46)) - raft.server.log.unsafe-flush.enabled = false (default)
2023-01-26 17:25:18,857 [pool-159-thread-1] INFO  server.RaftServerConfigKeys (ConfUtils.java:logGet(46)) - raft.server.log.async-flush.enabled = false (default)
2023-01-26 17:25:18,857 [pool-159-thread-1] INFO  server.RaftServerConfigKeys (ConfUtils.java:logGet(46)) - raft.server.log.statemachine.data.caching.enabled = true (custom)
2023-01-26 17:25:18,858 [pool-159-thread-1] INFO  segmented.SegmentedRaftLogWorker (SegmentedRaftLogWorker.java:lambda$new$0(135)) - 29fadfb4-950d-40e8-bbd4-05f10ea5ea2e@group-C512526317D4-SegmentedRaftLogWorker: flushIndex: setUnconditionally 0 -> -1
2023-01-26 17:25:18,858 [pool-159-thread-1] INFO  segmented.SegmentedRaftLogWorker (SegmentedRaftLogWorker.java:lambda$new$0(135)) - 29fadfb4-950d-40e8-bbd4-05f10ea5ea2e@group-C512526317D4-SegmentedRaftLogWorker: safeCacheEvictIndex: setUnconditionally 0 -> -1
2023-01-26 17:25:18,858 [pool-159-thread-1] INFO  server.RaftServer$Division (RaftServerImpl.java:start(334)) - 29fadfb4-950d-40e8-bbd4-05f10ea5ea2e@group-C512526317D4: start as a follower, conf=-1: peers:[29fadfb4-950d-40e8-bbd4-05f10ea5ea2e|rpc:10.1.0.200:41529|dataStream:10.1.0.200:35985|priority:1|startupRole:FOLLOWER]|listeners:[], old=null
2023-01-26 17:25:18,858 [pool-159-thread-1] INFO  server.RaftServer$Division (RaftServerImpl.java:setRole(321)) - 29fadfb4-950d-40e8-bbd4-05f10ea5ea2e@group-C512526317D4: changes role from      null to FOLLOWER at term 0 for startAsFollower
2023-01-26 17:25:18,858 [pool-159-thread-1] INFO  impl.RoleInfo (RoleInfo.java:updateAndGet(139)) - 29fadfb4-950d-40e8-bbd4-05f10ea5ea2e: start 29fadfb4-950d-40e8-bbd4-05f10ea5ea2e@group-C512526317D4-FollowerState
2023-01-26 17:25:18,858 [pool-159-thread-1] INFO  util.JmxRegister (JmxRegister.java:tryRegister(44)) - Successfully registered JMX Bean with object name Ratis:service=RaftServer,group=group-C512526317D4,id=29fadfb4-950d-40e8-bbd4-05f10ea5ea2e
2023-01-26 17:25:18,858 [pool-159-thread-1] INFO  server.RaftServerConfigKeys (ConfUtils.java:logGet(46)) - raft.server.snapshot.auto.trigger.enabled = true (custom)
2023-01-26 17:25:18,858 [pool-159-thread-1] INFO  server.RaftServerConfigKeys (ConfUtils.java:logGet(46)) - raft.server.snapshot.auto.trigger.threshold = 10000 (custom)
2023-01-26 17:25:18,858 [pool-159-thread-1] INFO  server.RaftServerConfigKeys (ConfUtils.java:logGet(46)) - raft.server.snapshot.retention.file.num = 5 (custom)
2023-01-26 17:25:18,858 [pool-159-thread-1] INFO  server.RaftServerConfigKeys (ConfUtils.java:logGet(46)) - raft.server.log.purge.upto.snapshot.index = false (default)
2023-01-26 17:25:18,859 [29fadfb4-950d-40e8-bbd4-05f10ea5ea2e@group-C512526317D4-FollowerState] INFO  server.RaftServerConfigKeys (ConfUtils.java:logFallback(53)) - raft.server.rpc.first-election.timeout.min = 5s (fallback to raft.server.rpc.timeout.min)
2023-01-26 17:25:18,859 [29fadfb4-950d-40e8-bbd4-05f10ea5ea2e@group-C512526317D4-FollowerState] INFO  server.RaftServerConfigKeys (ConfUtils.java:logFallback(53)) - raft.server.rpc.first-election.timeout.max = 5200ms (fallback to raft.server.rpc.timeout.max)
2023-01-26 17:25:18,862 [Command processor thread] INFO  ratis.XceiverServerRatis (XceiverServerRatis.java:addGroup(806)) - Created group PipelineID=70281df7-ccfc-465d-83af-c512526317d4
2023-01-26 17:25:18,862 [Command processor thread] INFO  commandhandler.CreatePipelineCommandHandler (CreatePipelineCommandHandler.java:handle(113)) - Created Pipeline RATIS ONE PipelineID=70281df7-ccfc-465d-83af-c512526317d4.
2023-01-26 17:25:19,845 [Listener at 127.0.0.1/34233] INFO  ozone.MiniOzoneClusterImpl (MiniOzoneClusterImpl.java:lambda$waitForClusterToBeReady$0(218)) - Nodes are ready. Got 5 of 5 DN Heartbeats.
2023-01-26 17:25:19,846 [Listener at 127.0.0.1/34233] INFO  ozone.MiniOzoneClusterImpl (MiniOzoneClusterImpl.java:lambda$waitForClusterToBeReady$0(221)) - Waiting for cluster to exit safe mode
2023-01-26 17:25:19,846 [Listener at 127.0.0.1/34233] INFO  ozone.MiniOzoneClusterImpl (MiniOzoneClusterImpl.java:lambda$waitForClusterToBeReady$0(223)) - SCM became leader
2023-01-26 17:25:20,846 [Listener at 127.0.0.1/34233] INFO  ozone.MiniOzoneClusterImpl (MiniOzoneClusterImpl.java:lambda$waitForClusterToBeReady$0(218)) - Nodes are ready. Got 5 of 5 DN Heartbeats.
2023-01-26 17:25:20,846 [Listener at 127.0.0.1/34233] INFO  ozone.MiniOzoneClusterImpl (MiniOzoneClusterImpl.java:lambda$waitForClusterToBeReady$0(221)) - Waiting for cluster to exit safe mode
2023-01-26 17:25:20,846 [Listener at 127.0.0.1/34233] INFO  ozone.MiniOzoneClusterImpl (MiniOzoneClusterImpl.java:lambda$waitForClusterToBeReady$0(223)) - SCM became leader
2023-01-26 17:25:21,846 [Listener at 127.0.0.1/34233] INFO  ozone.MiniOzoneClusterImpl (MiniOzoneClusterImpl.java:lambda$waitForClusterToBeReady$0(218)) - Nodes are ready. Got 5 of 5 DN Heartbeats.
2023-01-26 17:25:21,847 [Listener at 127.0.0.1/34233] INFO  ozone.MiniOzoneClusterImpl (MiniOzoneClusterImpl.java:lambda$waitForClusterToBeReady$0(221)) - Waiting for cluster to exit safe mode
2023-01-26 17:25:21,847 [Listener at 127.0.0.1/34233] INFO  ozone.MiniOzoneClusterImpl (MiniOzoneClusterImpl.java:lambda$waitForClusterToBeReady$0(223)) - SCM became leader
2023-01-26 17:25:22,485 [d082cfae-03ac-47dd-a559-6fd7cb4436a1@group-EF15663C4850-FollowerState] INFO  impl.FollowerState (FollowerState.java:run(143)) - d082cfae-03ac-47dd-a559-6fd7cb4436a1@group-EF15663C4850-FollowerState: change to CANDIDATE, lastRpcElapsedTime:5102441142ns, electionTimeout:5095ms
2023-01-26 17:25:22,485 [d082cfae-03ac-47dd-a559-6fd7cb4436a1@group-EF15663C4850-FollowerState] INFO  impl.RoleInfo (RoleInfo.java:shutdownFollowerState(110)) - d082cfae-03ac-47dd-a559-6fd7cb4436a1: shutdown d082cfae-03ac-47dd-a559-6fd7cb4436a1@group-EF15663C4850-FollowerState
2023-01-26 17:25:22,485 [d082cfae-03ac-47dd-a559-6fd7cb4436a1@group-EF15663C4850-FollowerState] INFO  server.RaftServer$Division (RaftServerImpl.java:setRole(321)) - d082cfae-03ac-47dd-a559-6fd7cb4436a1@group-EF15663C4850: changes role from  FOLLOWER to CANDIDATE at term 0 for changeToCandidate
2023-01-26 17:25:22,485 [d082cfae-03ac-47dd-a559-6fd7cb4436a1@group-EF15663C4850-FollowerState] INFO  server.RaftServerConfigKeys (ConfUtils.java:logGet(46)) - raft.server.leaderelection.pre-vote = false (custom)
2023-01-26 17:25:22,485 [d082cfae-03ac-47dd-a559-6fd7cb4436a1@group-EF15663C4850-FollowerState] INFO  impl.RoleInfo (RoleInfo.java:updateAndGet(139)) - d082cfae-03ac-47dd-a559-6fd7cb4436a1: start d082cfae-03ac-47dd-a559-6fd7cb4436a1@group-EF15663C4850-LeaderElection2
2023-01-26 17:25:22,488 [d082cfae-03ac-47dd-a559-6fd7cb4436a1@group-EF15663C4850-LeaderElection2] INFO  impl.LeaderElection (LeaderElection.java:askForVotes(312)) - d082cfae-03ac-47dd-a559-6fd7cb4436a1@group-EF15663C4850-LeaderElection2 ELECTION round 0: submit vote requests at term 1 for -1: peers:[122b4be6-0cee-49ba-a809-7fef5e0e1400|rpc:10.1.0.200:39289|dataStream:10.1.0.200:46437|priority:0|startupRole:FOLLOWER, 2cc4737a-7f72-4ede-9604-67be23ac19b5|rpc:10.1.0.200:34349|dataStream:10.1.0.200:45267|priority:1|startupRole:FOLLOWER, d082cfae-03ac-47dd-a559-6fd7cb4436a1|rpc:10.1.0.200:43095|dataStream:10.1.0.200:35799|priority:0|startupRole:FOLLOWER]|listeners:[], old=null
2023-01-26 17:25:22,493 [d082cfae-03ac-47dd-a559-6fd7cb4436a1@group-EF15663C4850-LeaderElection2] INFO  server.RaftServerConfigKeys (ConfUtils.java:logFallback(53)) - raft.server.rpc.first-election.timeout.min = 5s (fallback to raft.server.rpc.timeout.min)
2023-01-26 17:25:22,493 [d082cfae-03ac-47dd-a559-6fd7cb4436a1@group-EF15663C4850-LeaderElection2] INFO  server.RaftServerConfigKeys (ConfUtils.java:logFallback(53)) - raft.server.rpc.first-election.timeout.max = 5200ms (fallback to raft.server.rpc.timeout.max)
2023-01-26 17:25:22,493 [d082cfae-03ac-47dd-a559-6fd7cb4436a1@group-EF15663C4850-LeaderElection2-1] INFO  server.GrpcServerProtocolClient (GrpcServerProtocolClient.java:<init>(63)) - Build channel for 122b4be6-0cee-49ba-a809-7fef5e0e1400
2023-01-26 17:25:22,495 [d082cfae-03ac-47dd-a559-6fd7cb4436a1@group-EF15663C4850-LeaderElection2-2] INFO  server.GrpcServerProtocolClient (GrpcServerProtocolClient.java:<init>(63)) - Build channel for 2cc4737a-7f72-4ede-9604-67be23ac19b5
2023-01-26 17:25:22,511 [grpc-default-executor-0] INFO  server.RaftServer$Division (RaftServerImpl.java:requestVote(1218)) - 2cc4737a-7f72-4ede-9604-67be23ac19b5@group-EF15663C4850: receive requestVote(ELECTION, d082cfae-03ac-47dd-a559-6fd7cb4436a1, group-EF15663C4850, 1, (t:0, i:0))
2023-01-26 17:25:22,513 [grpc-default-executor-0] INFO  impl.VoteContext (VoteContext.java:log(49)) - 2cc4737a-7f72-4ede-9604-67be23ac19b5@group-EF15663C4850-FOLLOWER: reject ELECTION from d082cfae-03ac-47dd-a559-6fd7cb4436a1: our priority 1 > candidate's priority 0
2023-01-26 17:25:22,513 [grpc-default-executor-0] INFO  server.RaftServer$Division (RaftServerImpl.java:setRole(321)) - 2cc4737a-7f72-4ede-9604-67be23ac19b5@group-EF15663C4850: changes role from  FOLLOWER to FOLLOWER at term 1 for candidate:d082cfae-03ac-47dd-a559-6fd7cb4436a1
2023-01-26 17:25:22,513 [grpc-default-executor-0] INFO  impl.RoleInfo (RoleInfo.java:shutdownFollowerState(110)) - 2cc4737a-7f72-4ede-9604-67be23ac19b5: shutdown 2cc4737a-7f72-4ede-9604-67be23ac19b5@group-EF15663C4850-FollowerState
2023-01-26 17:25:22,513 [grpc-default-executor-0] INFO  impl.RoleInfo (RoleInfo.java:updateAndGet(139)) - 2cc4737a-7f72-4ede-9604-67be23ac19b5: start 2cc4737a-7f72-4ede-9604-67be23ac19b5@group-EF15663C4850-FollowerState
2023-01-26 17:25:22,513 [2cc4737a-7f72-4ede-9604-67be23ac19b5@group-EF15663C4850-FollowerState] INFO  impl.FollowerState (FollowerState.java:run(152)) - 2cc4737a-7f72-4ede-9604-67be23ac19b5@group-EF15663C4850-FollowerState was interrupted
2023-01-26 17:25:22,523 [2cc4737a-7f72-4ede-9604-67be23ac19b5@group-EF15663C4850-FollowerState] INFO  server.RaftServerConfigKeys (ConfUtils.java:logFallback(53)) - raft.server.rpc.first-election.timeout.min = 5s (fallback to raft.server.rpc.timeout.min)
2023-01-26 17:25:22,523 [2cc4737a-7f72-4ede-9604-67be23ac19b5@group-EF15663C4850-FollowerState] INFO  server.RaftServerConfigKeys (ConfUtils.java:logFallback(53)) - raft.server.rpc.first-election.timeout.max = 5200ms (fallback to raft.server.rpc.timeout.max)
2023-01-26 17:25:22,525 [d082cfae-03ac-47dd-a559-6fd7cb4436a1@group-CC3709107958-FollowerState] INFO  impl.FollowerState (FollowerState.java:run(143)) - d082cfae-03ac-47dd-a559-6fd7cb4436a1@group-CC3709107958-FollowerState: change to CANDIDATE, lastRpcElapsedTime:5186256124ns, electionTimeout:5185ms
2023-01-26 17:25:22,525 [d082cfae-03ac-47dd-a559-6fd7cb4436a1@group-CC3709107958-FollowerState] INFO  impl.RoleInfo (RoleInfo.java:shutdownFollowerState(110)) - d082cfae-03ac-47dd-a559-6fd7cb4436a1: shutdown d082cfae-03ac-47dd-a559-6fd7cb4436a1@group-CC3709107958-FollowerState
2023-01-26 17:25:22,525 [d082cfae-03ac-47dd-a559-6fd7cb4436a1@group-CC3709107958-FollowerState] INFO  server.RaftServer$Division (RaftServerImpl.java:setRole(321)) - d082cfae-03ac-47dd-a559-6fd7cb4436a1@group-CC3709107958: changes role from  FOLLOWER to CANDIDATE at term 0 for changeToCandidate
2023-01-26 17:25:22,525 [d082cfae-03ac-47dd-a559-6fd7cb4436a1@group-CC3709107958-FollowerState] INFO  server.RaftServerConfigKeys (ConfUtils.java:logGet(46)) - raft.server.leaderelection.pre-vote = false (custom)
2023-01-26 17:25:22,525 [d082cfae-03ac-47dd-a559-6fd7cb4436a1@group-CC3709107958-FollowerState] INFO  impl.RoleInfo (RoleInfo.java:updateAndGet(139)) - d082cfae-03ac-47dd-a559-6fd7cb4436a1: start d082cfae-03ac-47dd-a559-6fd7cb4436a1@group-CC3709107958-LeaderElection3
2023-01-26 17:25:22,526 [grpc-default-executor-0] INFO  server.RaftServer$Division (RaftServerImpl.java:requestVote(1251)) - 2cc4737a-7f72-4ede-9604-67be23ac19b5@group-EF15663C4850 replies to ELECTION vote request: d082cfae-03ac-47dd-a559-6fd7cb4436a1<-2cc4737a-7f72-4ede-9604-67be23ac19b5#0:FAIL-t1. Peer's state: 2cc4737a-7f72-4ede-9604-67be23ac19b5@group-EF15663C4850:t1, leader=null, voted=null, raftlog=Memoized:2cc4737a-7f72-4ede-9604-67be23ac19b5@group-EF15663C4850-SegmentedRaftLog:OPENED:c-1, conf=-1: peers:[122b4be6-0cee-49ba-a809-7fef5e0e1400|rpc:10.1.0.200:39289|dataStream:10.1.0.200:46437|priority:0|startupRole:FOLLOWER, 2cc4737a-7f72-4ede-9604-67be23ac19b5|rpc:10.1.0.200:34349|dataStream:10.1.0.200:45267|priority:1|startupRole:FOLLOWER, d082cfae-03ac-47dd-a559-6fd7cb4436a1|rpc:10.1.0.200:43095|dataStream:10.1.0.200:35799|priority:0|startupRole:FOLLOWER]|listeners:[], old=null
2023-01-26 17:25:22,532 [d082cfae-03ac-47dd-a559-6fd7cb4436a1@group-EF15663C4850-LeaderElection2] INFO  impl.LeaderElection (LeaderElection.java:logAndReturn(90)) - d082cfae-03ac-47dd-a559-6fd7cb4436a1@group-EF15663C4850-LeaderElection2: ELECTION REJECTED received 1 response(s) and 0 exception(s):
2023-01-26 17:25:22,532 [d082cfae-03ac-47dd-a559-6fd7cb4436a1@group-EF15663C4850-LeaderElection2] INFO  impl.LeaderElection (LeaderElection.java:logAndReturn(94)) -   Response 0: d082cfae-03ac-47dd-a559-6fd7cb4436a1<-2cc4737a-7f72-4ede-9604-67be23ac19b5#0:FAIL-t1
2023-01-26 17:25:22,532 [d082cfae-03ac-47dd-a559-6fd7cb4436a1@group-EF15663C4850-LeaderElection2] INFO  impl.LeaderElection (LeaderElection.java:askForVotes(314)) - d082cfae-03ac-47dd-a559-6fd7cb4436a1@group-EF15663C4850-LeaderElection2 ELECTION round 0: result REJECTED
2023-01-26 17:25:22,532 [d082cfae-03ac-47dd-a559-6fd7cb4436a1@group-EF15663C4850-LeaderElection2] INFO  server.RaftServer$Division (RaftServerImpl.java:setRole(321)) - d082cfae-03ac-47dd-a559-6fd7cb4436a1@group-EF15663C4850: changes role from CANDIDATE to FOLLOWER at term 1 for REJECTED
2023-01-26 17:25:22,533 [d082cfae-03ac-47dd-a559-6fd7cb4436a1@group-EF15663C4850-LeaderElection2] INFO  impl.RoleInfo (RoleInfo.java:shutdownLeaderElection(130)) - d082cfae-03ac-47dd-a559-6fd7cb4436a1: shutdown d082cfae-03ac-47dd-a559-6fd7cb4436a1@group-EF15663C4850-LeaderElection2
2023-01-26 17:25:22,533 [d082cfae-03ac-47dd-a559-6fd7cb4436a1@group-EF15663C4850-LeaderElection2] INFO  impl.RoleInfo (RoleInfo.java:updateAndGet(139)) - d082cfae-03ac-47dd-a559-6fd7cb4436a1: start d082cfae-03ac-47dd-a559-6fd7cb4436a1@group-EF15663C4850-FollowerState
2023-01-26 17:25:22,533 [grpc-default-executor-0] INFO  server.RaftServer$Division (RaftServerImpl.java:requestVote(1218)) - 122b4be6-0cee-49ba-a809-7fef5e0e1400@group-EF15663C4850: receive requestVote(ELECTION, d082cfae-03ac-47dd-a559-6fd7cb4436a1, group-EF15663C4850, 1, (t:0, i:0))
2023-01-26 17:25:22,534 [grpc-default-executor-0] INFO  impl.VoteContext (VoteContext.java:log(49)) - 122b4be6-0cee-49ba-a809-7fef5e0e1400@group-EF15663C4850-FOLLOWER: accept ELECTION from d082cfae-03ac-47dd-a559-6fd7cb4436a1: our priority 0 <= candidate's priority 0
2023-01-26 17:25:22,534 [grpc-default-executor-0] INFO  server.RaftServer$Division (RaftServerImpl.java:setRole(321)) - 122b4be6-0cee-49ba-a809-7fef5e0e1400@group-EF15663C4850: changes role from  FOLLOWER to FOLLOWER at term 1 for candidate:d082cfae-03ac-47dd-a559-6fd7cb4436a1
2023-01-26 17:25:22,534 [grpc-default-executor-0] INFO  impl.RoleInfo (RoleInfo.java:shutdownFollowerState(110)) - 122b4be6-0cee-49ba-a809-7fef5e0e1400: shutdown 122b4be6-0cee-49ba-a809-7fef5e0e1400@group-EF15663C4850-FollowerState
2023-01-26 17:25:22,534 [122b4be6-0cee-49ba-a809-7fef5e0e1400@group-EF15663C4850-FollowerState] INFO  impl.FollowerState (FollowerState.java:run(152)) - 122b4be6-0cee-49ba-a809-7fef5e0e1400@group-EF15663C4850-FollowerState was interrupted
2023-01-26 17:25:22,533 [d082cfae-03ac-47dd-a559-6fd7cb4436a1@group-EF15663C4850-FollowerState] INFO  server.RaftServerConfigKeys (ConfUtils.java:logFallback(53)) - raft.server.rpc.first-election.timeout.min = 5s (fallback to raft.server.rpc.timeout.min)
2023-01-26 17:25:22,535 [grpc-default-executor-0] INFO  impl.RoleInfo (RoleInfo.java:updateAndGet(139)) - 122b4be6-0cee-49ba-a809-7fef5e0e1400: start 122b4be6-0cee-49ba-a809-7fef5e0e1400@group-EF15663C4850-FollowerState
2023-01-26 17:25:22,534 [d082cfae-03ac-47dd-a559-6fd7cb4436a1@group-CC3709107958-LeaderElection3] INFO  impl.LeaderElection (LeaderElection.java:askForVotes(312)) - d082cfae-03ac-47dd-a559-6fd7cb4436a1@group-CC3709107958-LeaderElection3 ELECTION round 0: submit vote requests at term 1 for -1: peers:[d082cfae-03ac-47dd-a559-6fd7cb4436a1|rpc:10.1.0.200:43095|dataStream:10.1.0.200:35799|priority:1|startupRole:FOLLOWER]|listeners:[], old=null
2023-01-26 17:25:22,535 [d082cfae-03ac-47dd-a559-6fd7cb4436a1@group-EF15663C4850-FollowerState] INFO  server.RaftServerConfigKeys (ConfUtils.java:logFallback(53)) - raft.server.rpc.first-election.timeout.max = 5200ms (fallback to raft.server.rpc.timeout.max)
2023-01-26 17:25:22,535 [d082cfae-03ac-47dd-a559-6fd7cb4436a1@group-CC3709107958-LeaderElection3] INFO  impl.LeaderElection (LeaderElection.java:askForVotes(314)) - d082cfae-03ac-47dd-a559-6fd7cb4436a1@group-CC3709107958-LeaderElection3 ELECTION round 0: result PASSED (term=1)
2023-01-26 17:25:22,535 [d082cfae-03ac-47dd-a559-6fd7cb4436a1@group-CC3709107958-LeaderElection3] INFO  impl.RoleInfo (RoleInfo.java:shutdownLeaderElection(130)) - d082cfae-03ac-47dd-a559-6fd7cb4436a1: shutdown d082cfae-03ac-47dd-a559-6fd7cb4436a1@group-CC3709107958-LeaderElection3
2023-01-26 17:25:22,535 [d082cfae-03ac-47dd-a559-6fd7cb4436a1@group-CC3709107958-LeaderElection3] INFO  server.RaftServer$Division (RaftServerImpl.java:setRole(321)) - d082cfae-03ac-47dd-a559-6fd7cb4436a1@group-CC3709107958: changes role from CANDIDATE to LEADER at term 1 for changeToLeader
2023-01-26 17:25:22,535 [d082cfae-03ac-47dd-a559-6fd7cb4436a1@group-CC3709107958-LeaderElection3] INFO  ratis.XceiverServerRatis (XceiverServerRatis.java:handleLeaderChangedNotification(904)) - Leader change notification received for group: group-CC3709107958 with new leaderId: d082cfae-03ac-47dd-a559-6fd7cb4436a1
2023-01-26 17:25:22,535 [d082cfae-03ac-47dd-a559-6fd7cb4436a1@group-CC3709107958-LeaderElection3] INFO  server.RaftServer$Division (ServerState.java:setLeader(313)) - d082cfae-03ac-47dd-a559-6fd7cb4436a1@group-CC3709107958: change Leader from null to d082cfae-03ac-47dd-a559-6fd7cb4436a1 at term 1 for becomeLeader, leader elected after 5216ms
2023-01-26 17:25:22,536 [d082cfae-03ac-47dd-a559-6fd7cb4436a1@group-CC3709107958-LeaderElection3] INFO  server.RaftServerConfigKeys (ConfUtils.java:logGet(46)) - raft.server.staging.catchup.gap = 1000 (default)
2023-01-26 17:25:22,536 [122b4be6-0cee-49ba-a809-7fef5e0e1400@group-EF15663C4850-FollowerState] INFO  server.RaftServerConfigKeys (ConfUtils.java:logFallback(53)) - raft.server.rpc.first-election.timeout.min = 5s (fallback to raft.server.rpc.timeout.min)
2023-01-26 17:25:22,536 [122b4be6-0cee-49ba-a809-7fef5e0e1400@group-EF15663C4850-FollowerState] INFO  server.RaftServerConfigKeys (ConfUtils.java:logFallback(53)) - raft.server.rpc.first-election.timeout.max = 5200ms (fallback to raft.server.rpc.timeout.max)
2023-01-26 17:25:22,538 [d082cfae-03ac-47dd-a559-6fd7cb4436a1@group-CC3709107958-LeaderElection3] INFO  server.RaftServerConfigKeys (ConfUtils.java:logGet(46)) - raft.server.write.element-limit = 1024 (custom)
2023-01-26 17:25:22,538 [d082cfae-03ac-47dd-a559-6fd7cb4436a1@group-CC3709107958-LeaderElection3] INFO  server.RaftServerConfigKeys (ConfUtils.java:logGet(46)) - raft.server.write.byte-limit = 1024 M (=1073741824) (custom)
2023-01-26 17:25:22,538 [d082cfae-03ac-47dd-a559-6fd7cb4436a1@group-CC3709107958-LeaderElection3] INFO  server.RaftServerConfigKeys (ConfUtils.java:logGet(46)) - raft.server.watch.timeout = 3000ms (custom)
2023-01-26 17:25:22,538 [d082cfae-03ac-47dd-a559-6fd7cb4436a1@group-CC3709107958-LeaderElection3] INFO  server.RaftServerConfigKeys (ConfUtils.java:logGet(46)) - raft.server.watch.timeout.denomination = 1s (default)
2023-01-26 17:25:22,538 [d082cfae-03ac-47dd-a559-6fd7cb4436a1@group-CC3709107958-LeaderElection3] INFO  server.RaftServerConfigKeys (ConfUtils.java:logGet(46)) - raft.server.watch.element-limit = 65536 (default)
2023-01-26 17:25:22,539 [d082cfae-03ac-47dd-a559-6fd7cb4436a1@group-CC3709107958-LeaderElection3] INFO  server.RaftServerConfigKeys (ConfUtils.java:logGet(46)) - raft.server.write.element-limit = 1024 (custom)
2023-01-26 17:25:22,539 [d082cfae-03ac-47dd-a559-6fd7cb4436a1@group-CC3709107958-LeaderElection3] INFO  server.RaftServerConfigKeys (ConfUtils.java:logGet(46)) - raft.server.write.follower.gap.ratio.max = -1.0 (default)
2023-01-26 17:25:22,539 [d082cfae-03ac-47dd-a559-6fd7cb4436a1@group-CC3709107958-LeaderElection3] INFO  impl.RoleInfo (RoleInfo.java:updateAndGet(139)) - d082cfae-03ac-47dd-a559-6fd7cb4436a1: start d082cfae-03ac-47dd-a559-6fd7cb4436a1@group-CC3709107958-LeaderStateImpl
2023-01-26 17:25:22,539 [d082cfae-03ac-47dd-a559-6fd7cb4436a1@group-CC3709107958-LeaderElection3] INFO  segmented.SegmentedRaftLogWorker (SegmentedRaftLogWorker.java:startLogSegment(452)) - d082cfae-03ac-47dd-a559-6fd7cb4436a1@group-CC3709107958-SegmentedRaftLogWorker: Starting segment from index:0
2023-01-26 17:25:22,540 [d082cfae-03ac-47dd-a559-6fd7cb4436a1@group-CC3709107958-SegmentedRaftLogWorker] INFO  segmented.SegmentedRaftLogWorker (SegmentedRaftLogWorker.java:execute(656)) - d082cfae-03ac-47dd-a559-6fd7cb4436a1@group-CC3709107958-SegmentedRaftLogWorker: created new log segment /home/runner/work/ozone/ozone/hadoop-ozone/integration-test/target/test-dir/MiniOzoneClusterImpl-21eb6502-c8cc-4b95-8a64-0224a41eaf0d/datanode-0/data/ratis/b0137afa-63ba-4cab-a645-cc3709107958/current/log_inprogress_0
2023-01-26 17:25:22,542 [EventQueue-OpenPipelineForHealthyPipelineSafeModeRule] INFO  safemode.SCMSafeModeManager (HealthyPipelineSafeModeRule.java:process(137)) - SCM in safe mode. Healthy pipelines reported count is 0, required healthy pipeline reported count is 1
2023-01-26 17:25:22,546 [d082cfae-03ac-47dd-a559-6fd7cb4436a1@group-CC3709107958-LeaderElection3] INFO  server.RaftServer$Division (ServerState.java:setRaftConf(430)) - d082cfae-03ac-47dd-a559-6fd7cb4436a1@group-CC3709107958: set configuration 0: peers:[d082cfae-03ac-47dd-a559-6fd7cb4436a1|rpc:10.1.0.200:43095|dataStream:10.1.0.200:35799|priority:1|startupRole:FOLLOWER]|listeners:[], old=null
2023-01-26 17:25:22,552 [grpc-default-executor-0] INFO  server.RaftServer$Division (RaftServerImpl.java:requestVote(1251)) - 122b4be6-0cee-49ba-a809-7fef5e0e1400@group-EF15663C4850 replies to ELECTION vote request: d082cfae-03ac-47dd-a559-6fd7cb4436a1<-122b4be6-0cee-49ba-a809-7fef5e0e1400#0:OK-t1. Peer's state: 122b4be6-0cee-49ba-a809-7fef5e0e1400@group-EF15663C4850:t1, leader=null, voted=d082cfae-03ac-47dd-a559-6fd7cb4436a1, raftlog=Memoized:122b4be6-0cee-49ba-a809-7fef5e0e1400@group-EF15663C4850-SegmentedRaftLog:OPENED:c-1, conf=-1: peers:[122b4be6-0cee-49ba-a809-7fef5e0e1400|rpc:10.1.0.200:39289|dataStream:10.1.0.200:46437|priority:0|startupRole:FOLLOWER, 2cc4737a-7f72-4ede-9604-67be23ac19b5|rpc:10.1.0.200:34349|dataStream:10.1.0.200:45267|priority:1|startupRole:FOLLOWER, d082cfae-03ac-47dd-a559-6fd7cb4436a1|rpc:10.1.0.200:43095|dataStream:10.1.0.200:35799|priority:0|startupRole:FOLLOWER]|listeners:[], old=null
2023-01-26 17:25:22,830 [2cc4737a-7f72-4ede-9604-67be23ac19b5@group-BF0ED7AAB015-FollowerState] INFO  impl.FollowerState (FollowerState.java:run(143)) - 2cc4737a-7f72-4ede-9604-67be23ac19b5@group-BF0ED7AAB015-FollowerState: change to CANDIDATE, lastRpcElapsedTime:5046931354ns, electionTimeout:5033ms
2023-01-26 17:25:22,830 [2cc4737a-7f72-4ede-9604-67be23ac19b5@group-BF0ED7AAB015-FollowerState] INFO  impl.RoleInfo (RoleInfo.java:shutdownFollowerState(110)) - 2cc4737a-7f72-4ede-9604-67be23ac19b5: shutdown 2cc4737a-7f72-4ede-9604-67be23ac19b5@group-BF0ED7AAB015-FollowerState
2023-01-26 17:25:22,830 [2cc4737a-7f72-4ede-9604-67be23ac19b5@group-BF0ED7AAB015-FollowerState] INFO  server.RaftServer$Division (RaftServerImpl.java:setRole(321)) - 2cc4737a-7f72-4ede-9604-67be23ac19b5@group-BF0ED7AAB015: changes role from  FOLLOWER to CANDIDATE at term 0 for changeToCandidate
2023-01-26 17:25:22,830 [2cc4737a-7f72-4ede-9604-67be23ac19b5@group-BF0ED7AAB015-FollowerState] INFO  server.RaftServerConfigKeys (ConfUtils.java:logGet(46)) - raft.server.leaderelection.pre-vote = false (custom)
2023-01-26 17:25:22,830 [2cc4737a-7f72-4ede-9604-67be23ac19b5@group-BF0ED7AAB015-FollowerState] INFO  impl.RoleInfo (RoleInfo.java:updateAndGet(139)) - 2cc4737a-7f72-4ede-9604-67be23ac19b5: start 2cc4737a-7f72-4ede-9604-67be23ac19b5@group-BF0ED7AAB015-LeaderElection4
2023-01-26 17:25:22,833 [2cc4737a-7f72-4ede-9604-67be23ac19b5@group-BF0ED7AAB015-LeaderElection4] INFO  impl.LeaderElection (LeaderElection.java:askForVotes(312)) - 2cc4737a-7f72-4ede-9604-67be23ac19b5@group-BF0ED7AAB015-LeaderElection4 ELECTION round 0: submit vote requests at term 1 for -1: peers:[2cc4737a-7f72-4ede-9604-67be23ac19b5|rpc:10.1.0.200:34349|dataStream:10.1.0.200:45267|priority:1|startupRole:FOLLOWER]|listeners:[], old=null
2023-01-26 17:25:22,833 [2cc4737a-7f72-4ede-9604-67be23ac19b5@group-BF0ED7AAB015-LeaderElection4] INFO  impl.LeaderElection (LeaderElection.java:askForVotes(314)) - 2cc4737a-7f72-4ede-9604-67be23ac19b5@group-BF0ED7AAB015-LeaderElection4 ELECTION round 0: result PASSED (term=1)
2023-01-26 17:25:22,833 [2cc4737a-7f72-4ede-9604-67be23ac19b5@group-BF0ED7AAB015-LeaderElection4] INFO  impl.RoleInfo (RoleInfo.java:shutdownLeaderElection(130)) - 2cc4737a-7f72-4ede-9604-67be23ac19b5: shutdown 2cc4737a-7f72-4ede-9604-67be23ac19b5@group-BF0ED7AAB015-LeaderElection4
2023-01-26 17:25:22,833 [2cc4737a-7f72-4ede-9604-67be23ac19b5@group-BF0ED7AAB015-LeaderElection4] INFO  server.RaftServer$Division (RaftServerImpl.java:setRole(321)) - 2cc4737a-7f72-4ede-9604-67be23ac19b5@group-BF0ED7AAB015: changes role from CANDIDATE to LEADER at term 1 for changeToLeader
2023-01-26 17:25:22,833 [2cc4737a-7f72-4ede-9604-67be23ac19b5@group-BF0ED7AAB015-LeaderElection4] INFO  ratis.XceiverServerRatis (XceiverServerRatis.java:handleLeaderChangedNotification(904)) - Leader change notification received for group: group-BF0ED7AAB015 with new leaderId: 2cc4737a-7f72-4ede-9604-67be23ac19b5
2023-01-26 17:25:22,833 [2cc4737a-7f72-4ede-9604-67be23ac19b5@group-BF0ED7AAB015-LeaderElection4] INFO  server.RaftServer$Division (ServerState.java:setLeader(313)) - 2cc4737a-7f72-4ede-9604-67be23ac19b5@group-BF0ED7AAB015: change Leader from null to 2cc4737a-7f72-4ede-9604-67be23ac19b5 at term 1 for becomeLeader, leader elected after 5072ms
2023-01-26 17:25:22,833 [2cc4737a-7f72-4ede-9604-67be23ac19b5@group-BF0ED7AAB015-LeaderElection4] INFO  server.RaftServerConfigKeys (ConfUtils.java:logGet(46)) - raft.server.staging.catchup.gap = 1000 (default)
2023-01-26 17:25:22,834 [2cc4737a-7f72-4ede-9604-67be23ac19b5@group-BF0ED7AAB015-LeaderElection4] INFO  server.RaftServerConfigKeys (ConfUtils.java:logGet(46)) - raft.server.write.element-limit = 1024 (custom)
2023-01-26 17:25:22,834 [2cc4737a-7f72-4ede-9604-67be23ac19b5@group-BF0ED7AAB015-LeaderElection4] INFO  server.RaftServerConfigKeys (ConfUtils.java:logGet(46)) - raft.server.write.byte-limit = 1024 M (=1073741824) (custom)
2023-01-26 17:25:22,835 [2cc4737a-7f72-4ede-9604-67be23ac19b5@group-BF0ED7AAB015-LeaderElection4] INFO  server.RaftServerConfigKeys (ConfUtils.java:logGet(46)) - raft.server.watch.timeout = 3000ms (custom)
2023-01-26 17:25:22,835 [2cc4737a-7f72-4ede-9604-67be23ac19b5@group-BF0ED7AAB015-LeaderElection4] INFO  server.RaftServerConfigKeys (ConfUtils.java:logGet(46)) - raft.server.watch.timeout.denomination = 1s (default)
2023-01-26 17:25:22,835 [EventQueue-OpenPipelineForHealthyPipelineSafeModeRule] INFO  safemode.SCMSafeModeManager (HealthyPipelineSafeModeRule.java:process(137)) - SCM in safe mode. Healthy pipelines reported count is 0, required healthy pipeline reported count is 1
2023-01-26 17:25:22,835 [2cc4737a-7f72-4ede-9604-67be23ac19b5@group-BF0ED7AAB015-LeaderElection4] INFO  server.RaftServerConfigKeys (ConfUtils.java:logGet(46)) - raft.server.watch.element-limit = 65536 (default)
2023-01-26 17:25:22,835 [2cc4737a-7f72-4ede-9604-67be23ac19b5@group-BF0ED7AAB015-LeaderElection4] INFO  server.RaftServerConfigKeys (ConfUtils.java:logGet(46)) - raft.server.write.element-limit = 1024 (custom)
2023-01-26 17:25:22,835 [2cc4737a-7f72-4ede-9604-67be23ac19b5@group-BF0ED7AAB015-LeaderElection4] INFO  server.RaftServerConfigKeys (ConfUtils.java:logGet(46)) - raft.server.write.follower.gap.ratio.max = -1.0 (default)
2023-01-26 17:25:22,836 [2cc4737a-7f72-4ede-9604-67be23ac19b5@group-BF0ED7AAB015-LeaderElection4] INFO  impl.RoleInfo (RoleInfo.java:updateAndGet(139)) - 2cc4737a-7f72-4ede-9604-67be23ac19b5: start 2cc4737a-7f72-4ede-9604-67be23ac19b5@group-BF0ED7AAB015-LeaderStateImpl
2023-01-26 17:25:22,836 [2cc4737a-7f72-4ede-9604-67be23ac19b5@group-BF0ED7AAB015-LeaderElection4] INFO  segmented.SegmentedRaftLogWorker (SegmentedRaftLogWorker.java:startLogSegment(452)) - 2cc4737a-7f72-4ede-9604-67be23ac19b5@group-BF0ED7AAB015-SegmentedRaftLogWorker: Starting segment from index:0
2023-01-26 17:25:22,837 [2cc4737a-7f72-4ede-9604-67be23ac19b5@group-BF0ED7AAB015-SegmentedRaftLogWorker] INFO  segmented.SegmentedRaftLogWorker (SegmentedRaftLogWorker.java:execute(656)) - 2cc4737a-7f72-4ede-9604-67be23ac19b5@group-BF0ED7AAB015-SegmentedRaftLogWorker: created new log segment /home/runner/work/ozone/ozone/hadoop-ozone/integration-test/target/test-dir/MiniOzoneClusterImpl-21eb6502-c8cc-4b95-8a64-0224a41eaf0d/datanode-1/data/ratis/8c767852-a875-4506-8f66-bf0ed7aab015/current/log_inprogress_0
2023-01-26 17:25:22,840 [2cc4737a-7f72-4ede-9604-67be23ac19b5@group-BF0ED7AAB015-LeaderElection4] INFO  server.RaftServer$Division (ServerState.java:setRaftConf(430)) - 2cc4737a-7f72-4ede-9604-67be23ac19b5@group-BF0ED7AAB015: set configuration 0: peers:[2cc4737a-7f72-4ede-9604-67be23ac19b5|rpc:10.1.0.200:34349|dataStream:10.1.0.200:45267|priority:1|startupRole:FOLLOWER]|listeners:[], old=null
2023-01-26 17:25:22,847 [Listener at 127.0.0.1/34233] INFO  ozone.MiniOzoneClusterImpl (MiniOzoneClusterImpl.java:lambda$waitForClusterToBeReady$0(218)) - Nodes are ready. Got 5 of 5 DN Heartbeats.
2023-01-26 17:25:22,847 [Listener at 127.0.0.1/34233] INFO  ozone.MiniOzoneClusterImpl (MiniOzoneClusterImpl.java:lambda$waitForClusterToBeReady$0(221)) - Waiting for cluster to exit safe mode
2023-01-26 17:25:22,847 [Listener at 127.0.0.1/34233] INFO  ozone.MiniOzoneClusterImpl (MiniOzoneClusterImpl.java:lambda$waitForClusterToBeReady$0(223)) - SCM became leader
2023-01-26 17:25:23,252 [d082cfae-03ac-47dd-a559-6fd7cb4436a1@group-645E9061720E-FollowerState] INFO  impl.FollowerState (FollowerState.java:run(143)) - d082cfae-03ac-47dd-a559-6fd7cb4436a1@group-645E9061720E-FollowerState: change to CANDIDATE, lastRpcElapsedTime:5092230931ns, electionTimeout:5083ms
2023-01-26 17:25:23,252 [d082cfae-03ac-47dd-a559-6fd7cb4436a1@group-645E9061720E-FollowerState] INFO  impl.RoleInfo (RoleInfo.java:shutdownFollowerState(110)) - d082cfae-03ac-47dd-a559-6fd7cb4436a1: shutdown d082cfae-03ac-47dd-a559-6fd7cb4436a1@group-645E9061720E-FollowerState
2023-01-26 17:25:23,252 [d082cfae-03ac-47dd-a559-6fd7cb4436a1@group-645E9061720E-FollowerState] INFO  server.RaftServer$Division (RaftServerImpl.java:setRole(321)) - d082cfae-03ac-47dd-a559-6fd7cb4436a1@group-645E9061720E: changes role from  FOLLOWER to CANDIDATE at term 0 for changeToCandidate
2023-01-26 17:25:23,252 [d082cfae-03ac-47dd-a559-6fd7cb4436a1@group-645E9061720E-FollowerState] INFO  server.RaftServerConfigKeys (ConfUtils.java:logGet(46)) - raft.server.leaderelection.pre-vote = false (custom)
2023-01-26 17:25:23,252 [d082cfae-03ac-47dd-a559-6fd7cb4436a1@group-645E9061720E-FollowerState] INFO  impl.RoleInfo (RoleInfo.java:updateAndGet(139)) - d082cfae-03ac-47dd-a559-6fd7cb4436a1: start d082cfae-03ac-47dd-a559-6fd7cb4436a1@group-645E9061720E-LeaderElection5
2023-01-26 17:25:23,254 [d082cfae-03ac-47dd-a559-6fd7cb4436a1@group-645E9061720E-LeaderElection5] INFO  impl.LeaderElection (LeaderElection.java:askForVotes(312)) - d082cfae-03ac-47dd-a559-6fd7cb4436a1@group-645E9061720E-LeaderElection5 ELECTION round 0: submit vote requests at term 1 for -1: peers:[122b4be6-0cee-49ba-a809-7fef5e0e1400|rpc:10.1.0.200:39289|dataStream:10.1.0.200:46437|priority:1|startupRole:FOLLOWER, 2cc4737a-7f72-4ede-9604-67be23ac19b5|rpc:10.1.0.200:34349|dataStream:10.1.0.200:45267|priority:0|startupRole:FOLLOWER, d082cfae-03ac-47dd-a559-6fd7cb4436a1|rpc:10.1.0.200:43095|dataStream:10.1.0.200:35799|priority:0|startupRole:FOLLOWER]|listeners:[], old=null
2023-01-26 17:25:23,255 [d082cfae-03ac-47dd-a559-6fd7cb4436a1@group-645E9061720E-LeaderElection5] INFO  server.RaftServerConfigKeys (ConfUtils.java:logFallback(53)) - raft.server.rpc.first-election.timeout.min = 5s (fallback to raft.server.rpc.timeout.min)
2023-01-26 17:25:23,255 [d082cfae-03ac-47dd-a559-6fd7cb4436a1@group-645E9061720E-LeaderElection5] INFO  server.RaftServerConfigKeys (ConfUtils.java:logFallback(53)) - raft.server.rpc.first-election.timeout.max = 5200ms (fallback to raft.server.rpc.timeout.max)
2023-01-26 17:25:23,261 [grpc-default-executor-0] INFO  server.RaftServer$Division (RaftServerImpl.java:requestVote(1218)) - 2cc4737a-7f72-4ede-9604-67be23ac19b5@group-645E9061720E: receive requestVote(ELECTION, d082cfae-03ac-47dd-a559-6fd7cb4436a1, group-645E9061720E, 1, (t:0, i:0))
2023-01-26 17:25:23,261 [grpc-default-executor-0] INFO  impl.VoteContext (VoteContext.java:log(49)) - 2cc4737a-7f72-4ede-9604-67be23ac19b5@group-645E9061720E-FOLLOWER: accept ELECTION from d082cfae-03ac-47dd-a559-6fd7cb4436a1: our priority 0 <= candidate's priority 0
2023-01-26 17:25:23,261 [grpc-default-executor-0] INFO  server.RaftServer$Division (RaftServerImpl.java:setRole(321)) - 2cc4737a-7f72-4ede-9604-67be23ac19b5@group-645E9061720E: changes role from  FOLLOWER to FOLLOWER at term 1 for candidate:d082cfae-03ac-47dd-a559-6fd7cb4436a1
2023-01-26 17:25:23,261 [grpc-default-executor-0] INFO  impl.RoleInfo (RoleInfo.java:shutdownFollowerState(110)) - 2cc4737a-7f72-4ede-9604-67be23ac19b5: shutdown 2cc4737a-7f72-4ede-9604-67be23ac19b5@group-645E9061720E-FollowerState
2023-01-26 17:25:23,261 [grpc-default-executor-0] INFO  impl.RoleInfo (RoleInfo.java:updateAndGet(139)) - 2cc4737a-7f72-4ede-9604-67be23ac19b5: start 2cc4737a-7f72-4ede-9604-67be23ac19b5@group-645E9061720E-FollowerState
2023-01-26 17:25:23,261 [2cc4737a-7f72-4ede-9604-67be23ac19b5@group-645E9061720E-FollowerState] INFO  impl.FollowerState (FollowerState.java:run(152)) - 2cc4737a-7f72-4ede-9604-67be23ac19b5@group-645E9061720E-FollowerState was interrupted
2023-01-26 17:25:23,263 [grpc-default-executor-0] INFO  server.RaftServer$Division (RaftServerImpl.java:requestVote(1251)) - 2cc4737a-7f72-4ede-9604-67be23ac19b5@group-645E9061720E replies to ELECTION vote request: d082cfae-03ac-47dd-a559-6fd7cb4436a1<-2cc4737a-7f72-4ede-9604-67be23ac19b5#0:OK-t1. Peer's state: 2cc4737a-7f72-4ede-9604-67be23ac19b5@group-645E9061720E:t1, leader=null, voted=d082cfae-03ac-47dd-a559-6fd7cb4436a1, raftlog=Memoized:2cc4737a-7f72-4ede-9604-67be23ac19b5@group-645E9061720E-SegmentedRaftLog:OPENED:c-1, conf=-1: peers:[122b4be6-0cee-49ba-a809-7fef5e0e1400|rpc:10.1.0.200:39289|dataStream:10.1.0.200:46437|priority:1|startupRole:FOLLOWER, 2cc4737a-7f72-4ede-9604-67be23ac19b5|rpc:10.1.0.200:34349|dataStream:10.1.0.200:45267|priority:0|startupRole:FOLLOWER, d082cfae-03ac-47dd-a559-6fd7cb4436a1|rpc:10.1.0.200:43095|dataStream:10.1.0.200:35799|priority:0|startupRole:FOLLOWER]|listeners:[], old=null
2023-01-26 17:25:23,269 [2cc4737a-7f72-4ede-9604-67be23ac19b5@group-645E9061720E-FollowerState] INFO  server.RaftServerConfigKeys (ConfUtils.java:logFallback(53)) - raft.server.rpc.first-election.timeout.min = 5s (fallback to raft.server.rpc.timeout.min)
2023-01-26 17:25:23,269 [2cc4737a-7f72-4ede-9604-67be23ac19b5@group-645E9061720E-FollowerState] INFO  server.RaftServerConfigKeys (ConfUtils.java:logFallback(53)) - raft.server.rpc.first-election.timeout.max = 5200ms (fallback to raft.server.rpc.timeout.max)
2023-01-26 17:25:23,271 [grpc-default-executor-1] INFO  server.RaftServer$Division (RaftServerImpl.java:requestVote(1218)) - 122b4be6-0cee-49ba-a809-7fef5e0e1400@group-645E9061720E: receive requestVote(ELECTION, d082cfae-03ac-47dd-a559-6fd7cb4436a1, group-645E9061720E, 1, (t:0, i:0))
2023-01-26 17:25:23,272 [grpc-default-executor-1] INFO  impl.VoteContext (VoteContext.java:log(49)) - 122b4be6-0cee-49ba-a809-7fef5e0e1400@group-645E9061720E-FOLLOWER: reject ELECTION from d082cfae-03ac-47dd-a559-6fd7cb4436a1: our priority 1 > candidate's priority 0
2023-01-26 17:25:23,272 [grpc-default-executor-1] INFO  server.RaftServer$Division (RaftServerImpl.java:setRole(321)) - 122b4be6-0cee-49ba-a809-7fef5e0e1400@group-645E9061720E: changes role from  FOLLOWER to FOLLOWER at term 1 for candidate:d082cfae-03ac-47dd-a559-6fd7cb4436a1
2023-01-26 17:25:23,273 [grpc-default-executor-1] INFO  impl.RoleInfo (RoleInfo.java:shutdownFollowerState(110)) - 122b4be6-0cee-49ba-a809-7fef5e0e1400: shutdown 122b4be6-0cee-49ba-a809-7fef5e0e1400@group-645E9061720E-FollowerState
2023-01-26 17:25:23,273 [grpc-default-executor-1] INFO  impl.RoleInfo (RoleInfo.java:updateAndGet(139)) - 122b4be6-0cee-49ba-a809-7fef5e0e1400: start 122b4be6-0cee-49ba-a809-7fef5e0e1400@group-645E9061720E-FollowerState
2023-01-26 17:25:23,273 [122b4be6-0cee-49ba-a809-7fef5e0e1400@group-645E9061720E-FollowerState] INFO  impl.FollowerState (FollowerState.java:run(152)) - 122b4be6-0cee-49ba-a809-7fef5e0e1400@group-645E9061720E-FollowerState was interrupted
2023-01-26 17:25:23,274 [122b4be6-0cee-49ba-a809-7fef5e0e1400@group-645E9061720E-FollowerState] INFO  server.RaftServerConfigKeys (ConfUtils.java:logFallback(53)) - raft.server.rpc.first-election.timeout.min = 5s (fallback to raft.server.rpc.timeout.min)
2023-01-26 17:25:23,274 [grpc-default-executor-1] INFO  server.RaftServer$Division (RaftServerImpl.java:requestVote(1251)) - 122b4be6-0cee-49ba-a809-7fef5e0e1400@group-645E9061720E replies to ELECTION vote request: d082cfae-03ac-47dd-a559-6fd7cb4436a1<-122b4be6-0cee-49ba-a809-7fef5e0e1400#0:FAIL-t1. Peer's state: 122b4be6-0cee-49ba-a809-7fef5e0e1400@group-645E9061720E:t1, leader=null, voted=null, raftlog=Memoized:122b4be6-0cee-49ba-a809-7fef5e0e1400@group-645E9061720E-SegmentedRaftLog:OPENED:c-1, conf=-1: peers:[122b4be6-0cee-49ba-a809-7fef5e0e1400|rpc:10.1.0.200:39289|dataStream:10.1.0.200:46437|priority:1|startupRole:FOLLOWER, 2cc4737a-7f72-4ede-9604-67be23ac19b5|rpc:10.1.0.200:34349|dataStream:10.1.0.200:45267|priority:0|startupRole:FOLLOWER, d082cfae-03ac-47dd-a559-6fd7cb4436a1|rpc:10.1.0.200:43095|dataStream:10.1.0.200:35799|priority:0|startupRole:FOLLOWER]|listeners:[], old=null
2023-01-26 17:25:23,274 [122b4be6-0cee-49ba-a809-7fef5e0e1400@group-645E9061720E-FollowerState] INFO  server.RaftServerConfigKeys (ConfUtils.java:logFallback(53)) - raft.server.rpc.first-election.timeout.max = 5200ms (fallback to raft.server.rpc.timeout.max)
2023-01-26 17:25:23,276 [d082cfae-03ac-47dd-a559-6fd7cb4436a1@group-645E9061720E-LeaderElection5] INFO  impl.LeaderElection (LeaderElection.java:logAndReturn(90)) - d082cfae-03ac-47dd-a559-6fd7cb4436a1@group-645E9061720E-LeaderElection5: ELECTION REJECTED received 2 response(s) and 0 exception(s):
2023-01-26 17:25:23,282 [d082cfae-03ac-47dd-a559-6fd7cb4436a1@group-645E9061720E-LeaderElection5] INFO  impl.LeaderElection (LeaderElection.java:logAndReturn(94)) -   Response 0: d082cfae-03ac-47dd-a559-6fd7cb4436a1<-122b4be6-0cee-49ba-a809-7fef5e0e1400#0:FAIL-t1
2023-01-26 17:25:23,283 [d082cfae-03ac-47dd-a559-6fd7cb4436a1@group-645E9061720E-LeaderElection5] INFO  impl.LeaderElection (LeaderElection.java:logAndReturn(94)) -   Response 1: d082cfae-03ac-47dd-a559-6fd7cb4436a1<-2cc4737a-7f72-4ede-9604-67be23ac19b5#0:OK-t1
2023-01-26 17:25:23,283 [d082cfae-03ac-47dd-a559-6fd7cb4436a1@group-645E9061720E-LeaderElection5] INFO  impl.LeaderElection (LeaderElection.java:askForVotes(314)) - d082cfae-03ac-47dd-a559-6fd7cb4436a1@group-645E9061720E-LeaderElection5 ELECTION round 0: result REJECTED
2023-01-26 17:25:23,283 [d082cfae-03ac-47dd-a559-6fd7cb4436a1@group-645E9061720E-LeaderElection5] INFO  server.RaftServer$Division (RaftServerImpl.java:setRole(321)) - d082cfae-03ac-47dd-a559-6fd7cb4436a1@group-645E9061720E: changes role from CANDIDATE to FOLLOWER at term 1 for REJECTED
2023-01-26 17:25:23,283 [d082cfae-03ac-47dd-a559-6fd7cb4436a1@group-645E9061720E-LeaderElection5] INFO  impl.RoleInfo (RoleInfo.java:shutdownLeaderElection(130)) - d082cfae-03ac-47dd-a559-6fd7cb4436a1: shutdown d082cfae-03ac-47dd-a559-6fd7cb4436a1@group-645E9061720E-LeaderElection5
2023-01-26 17:25:23,283 [d082cfae-03ac-47dd-a559-6fd7cb4436a1@group-645E9061720E-LeaderElection5] INFO  impl.RoleInfo (RoleInfo.java:updateAndGet(139)) - d082cfae-03ac-47dd-a559-6fd7cb4436a1: start d082cfae-03ac-47dd-a559-6fd7cb4436a1@group-645E9061720E-FollowerState
2023-01-26 17:25:23,288 [d082cfae-03ac-47dd-a559-6fd7cb4436a1@group-645E9061720E-FollowerState] INFO  server.RaftServerConfigKeys (ConfUtils.java:logFallback(53)) - raft.server.rpc.first-election.timeout.min = 5s (fallback to raft.server.rpc.timeout.min)
2023-01-26 17:25:23,288 [d082cfae-03ac-47dd-a559-6fd7cb4436a1@group-645E9061720E-FollowerState] INFO  server.RaftServerConfigKeys (ConfUtils.java:logFallback(53)) - raft.server.rpc.first-election.timeout.max = 5200ms (fallback to raft.server.rpc.timeout.max)
2023-01-26 17:25:23,378 [122b4be6-0cee-49ba-a809-7fef5e0e1400@group-8016B59C25E0-FollowerState] INFO  impl.FollowerState (FollowerState.java:run(143)) - 122b4be6-0cee-49ba-a809-7fef5e0e1400@group-8016B59C25E0-FollowerState: change to CANDIDATE, lastRpcElapsedTime:5169734871ns, electionTimeout:5163ms
2023-01-26 17:25:23,378 [122b4be6-0cee-49ba-a809-7fef5e0e1400@group-8016B59C25E0-FollowerState] INFO  impl.RoleInfo (RoleInfo.java:shutdownFollowerState(110)) - 122b4be6-0cee-49ba-a809-7fef5e0e1400: shutdown 122b4be6-0cee-49ba-a809-7fef5e0e1400@group-8016B59C25E0-FollowerState
2023-01-26 17:25:23,378 [122b4be6-0cee-49ba-a809-7fef5e0e1400@group-8016B59C25E0-FollowerState] INFO  server.RaftServer$Division (RaftServerImpl.java:setRole(321)) - 122b4be6-0cee-49ba-a809-7fef5e0e1400@group-8016B59C25E0: changes role from  FOLLOWER to CANDIDATE at term 0 for changeToCandidate
2023-01-26 17:25:23,378 [122b4be6-0cee-49ba-a809-7fef5e0e1400@group-8016B59C25E0-FollowerState] INFO  server.RaftServerConfigKeys (ConfUtils.java:logGet(46)) - raft.server.leaderelection.pre-vote = false (custom)
2023-01-26 17:25:23,378 [122b4be6-0cee-49ba-a809-7fef5e0e1400@group-8016B59C25E0-FollowerState] INFO  impl.RoleInfo (RoleInfo.java:updateAndGet(139)) - 122b4be6-0cee-49ba-a809-7fef5e0e1400: start 122b4be6-0cee-49ba-a809-7fef5e0e1400@group-8016B59C25E0-LeaderElection6
2023-01-26 17:25:23,380 [122b4be6-0cee-49ba-a809-7fef5e0e1400@group-8016B59C25E0-LeaderElection6] INFO  impl.LeaderElection (LeaderElection.java:askForVotes(312)) - 122b4be6-0cee-49ba-a809-7fef5e0e1400@group-8016B59C25E0-LeaderElection6 ELECTION round 0: submit vote requests at term 1 for -1: peers:[122b4be6-0cee-49ba-a809-7fef5e0e1400|rpc:10.1.0.200:39289|dataStream:10.1.0.200:46437|priority:1|startupRole:FOLLOWER]|listeners:[], old=null
2023-01-26 17:25:23,381 [122b4be6-0cee-49ba-a809-7fef5e0e1400@group-8016B59C25E0-LeaderElection6] INFO  impl.LeaderElection (LeaderElection.java:askForVotes(314)) - 122b4be6-0cee-49ba-a809-7fef5e0e1400@group-8016B59C25E0-LeaderElection6 ELECTION round 0: result PASSED (term=1)
2023-01-26 17:25:23,381 [122b4be6-0cee-49ba-a809-7fef5e0e1400@group-8016B59C25E0-LeaderElection6] INFO  impl.RoleInfo (RoleInfo.java:shutdownLeaderElection(130)) - 122b4be6-0cee-49ba-a809-7fef5e0e1400: shutdown 122b4be6-0cee-49ba-a809-7fef5e0e1400@group-8016B59C25E0-LeaderElection6
2023-01-26 17:25:23,381 [122b4be6-0cee-49ba-a809-7fef5e0e1400@group-8016B59C25E0-LeaderElection6] INFO  server.RaftServer$Division (RaftServerImpl.java:setRole(321)) - 122b4be6-0cee-49ba-a809-7fef5e0e1400@group-8016B59C25E0: changes role from CANDIDATE to LEADER at term 1 for changeToLeader
2023-01-26 17:25:23,381 [122b4be6-0cee-49ba-a809-7fef5e0e1400@group-8016B59C25E0-LeaderElection6] INFO  ratis.XceiverServerRatis (XceiverServerRatis.java:handleLeaderChangedNotification(904)) - Leader change notification received for group: group-8016B59C25E0 with new leaderId: 122b4be6-0cee-49ba-a809-7fef5e0e1400
2023-01-26 17:25:23,381 [122b4be6-0cee-49ba-a809-7fef5e0e1400@group-8016B59C25E0-LeaderElection6] INFO  server.RaftServer$Division (ServerState.java:setLeader(313)) - 122b4be6-0cee-49ba-a809-7fef5e0e1400@group-8016B59C25E0: change Leader from null to 122b4be6-0cee-49ba-a809-7fef5e0e1400 at term 1 for becomeLeader, leader elected after 5204ms
2023-01-26 17:25:23,381 [122b4be6-0cee-49ba-a809-7fef5e0e1400@group-8016B59C25E0-LeaderElection6] INFO  server.RaftServerConfigKeys (ConfUtils.java:logGet(46)) - raft.server.staging.catchup.gap = 1000 (default)
2023-01-26 17:25:23,382 [122b4be6-0cee-49ba-a809-7fef5e0e1400@group-8016B59C25E0-LeaderElection6] INFO  server.RaftServerConfigKeys (ConfUtils.java:logGet(46)) - raft.server.write.element-limit = 1024 (custom)
2023-01-26 17:25:23,382 [122b4be6-0cee-49ba-a809-7fef5e0e1400@group-8016B59C25E0-LeaderElection6] INFO  server.RaftServerConfigKeys (ConfUtils.java:logGet(46)) - raft.server.write.byte-limit = 1024 M (=1073741824) (custom)
2023-01-26 17:25:23,382 [122b4be6-0cee-49ba-a809-7fef5e0e1400@group-8016B59C25E0-LeaderElection6] INFO  server.RaftServerConfigKeys (ConfUtils.java:logGet(46)) - raft.server.watch.timeout = 3000ms (custom)
2023-01-26 17:25:23,382 [122b4be6-0cee-49ba-a809-7fef5e0e1400@group-8016B59C25E0-LeaderElection6] INFO  server.RaftServerConfigKeys (ConfUtils.java:logGet(46)) - raft.server.watch.timeout.denomination = 1s (default)
2023-01-26 17:25:23,382 [122b4be6-0cee-49ba-a809-7fef5e0e1400@group-8016B59C25E0-LeaderElection6] INFO  server.RaftServerConfigKeys (ConfUtils.java:logGet(46)) - raft.server.watch.element-limit = 65536 (default)
2023-01-26 17:25:23,382 [122b4be6-0cee-49ba-a809-7fef5e0e1400@group-8016B59C25E0-LeaderElection6] INFO  server.RaftServerConfigKeys (ConfUtils.java:logGet(46)) - raft.server.write.element-limit = 1024 (custom)
2023-01-26 17:25:23,382 [122b4be6-0cee-49ba-a809-7fef5e0e1400@group-8016B59C25E0-LeaderElection6] INFO  server.RaftServerConfigKeys (ConfUtils.java:logGet(46)) - raft.server.write.follower.gap.ratio.max = -1.0 (default)
2023-01-26 17:25:23,382 [122b4be6-0cee-49ba-a809-7fef5e0e1400@group-8016B59C25E0-LeaderElection6] INFO  impl.RoleInfo (RoleInfo.java:updateAndGet(139)) - 122b4be6-0cee-49ba-a809-7fef5e0e1400: start 122b4be6-0cee-49ba-a809-7fef5e0e1400@group-8016B59C25E0-LeaderStateImpl
2023-01-26 17:25:23,383 [122b4be6-0cee-49ba-a809-7fef5e0e1400@group-8016B59C25E0-LeaderElection6] INFO  segmented.SegmentedRaftLogWorker (SegmentedRaftLogWorker.java:startLogSegment(452)) - 122b4be6-0cee-49ba-a809-7fef5e0e1400@group-8016B59C25E0-SegmentedRaftLogWorker: Starting segment from index:0
2023-01-26 17:25:23,387 [122b4be6-0cee-49ba-a809-7fef5e0e1400@group-8016B59C25E0-LeaderElection6] INFO  server.RaftServer$Division (ServerState.java:setRaftConf(430)) - 122b4be6-0cee-49ba-a809-7fef5e0e1400@group-8016B59C25E0: set configuration 0: peers:[122b4be6-0cee-49ba-a809-7fef5e0e1400|rpc:10.1.0.200:39289|dataStream:10.1.0.200:46437|priority:1|startupRole:FOLLOWER]|listeners:[], old=null
2023-01-26 17:25:23,390 [EventQueue-OpenPipelineForHealthyPipelineSafeModeRule] INFO  safemode.SCMSafeModeManager (HealthyPipelineSafeModeRule.java:process(137)) - SCM in safe mode. Healthy pipelines reported count is 0, required healthy pipeline reported count is 1
2023-01-26 17:25:23,390 [122b4be6-0cee-49ba-a809-7fef5e0e1400@group-8016B59C25E0-SegmentedRaftLogWorker] INFO  segmented.SegmentedRaftLogWorker (SegmentedRaftLogWorker.java:execute(656)) - 122b4be6-0cee-49ba-a809-7fef5e0e1400@group-8016B59C25E0-SegmentedRaftLogWorker: created new log segment /home/runner/work/ozone/ozone/hadoop-ozone/integration-test/target/test-dir/MiniOzoneClusterImpl-21eb6502-c8cc-4b95-8a64-0224a41eaf0d/datanode-2/data/ratis/c1c8fe48-6c0c-4f03-8206-8016b59c25e0/current/log_inprogress_0
2023-01-26 17:25:23,660 [71f3d3ef-41ca-413f-b126-a07e725e6122@group-6707B05AD539-FollowerState] INFO  impl.FollowerState (FollowerState.java:run(143)) - 71f3d3ef-41ca-413f-b126-a07e725e6122@group-6707B05AD539-FollowerState: change to CANDIDATE, lastRpcElapsedTime:5127153279ns, electionTimeout:5126ms
2023-01-26 17:25:23,660 [71f3d3ef-41ca-413f-b126-a07e725e6122@group-6707B05AD539-FollowerState] INFO  impl.RoleInfo (RoleInfo.java:shutdownFollowerState(110)) - 71f3d3ef-41ca-413f-b126-a07e725e6122: shutdown 71f3d3ef-41ca-413f-b126-a07e725e6122@group-6707B05AD539-FollowerState
2023-01-26 17:25:23,660 [71f3d3ef-41ca-413f-b126-a07e725e6122@group-6707B05AD539-FollowerState] INFO  server.RaftServer$Division (RaftServerImpl.java:setRole(321)) - 71f3d3ef-41ca-413f-b126-a07e725e6122@group-6707B05AD539: changes role from  FOLLOWER to CANDIDATE at term 0 for changeToCandidate
2023-01-26 17:25:23,660 [71f3d3ef-41ca-413f-b126-a07e725e6122@group-6707B05AD539-FollowerState] INFO  server.RaftServerConfigKeys (ConfUtils.java:logGet(46)) - raft.server.leaderelection.pre-vote = false (custom)
2023-01-26 17:25:23,660 [71f3d3ef-41ca-413f-b126-a07e725e6122@group-6707B05AD539-FollowerState] INFO  impl.RoleInfo (RoleInfo.java:updateAndGet(139)) - 71f3d3ef-41ca-413f-b126-a07e725e6122: start 71f3d3ef-41ca-413f-b126-a07e725e6122@group-6707B05AD539-LeaderElection7
2023-01-26 17:25:23,663 [71f3d3ef-41ca-413f-b126-a07e725e6122@group-6707B05AD539-LeaderElection7] INFO  impl.LeaderElection (LeaderElection.java:askForVotes(312)) - 71f3d3ef-41ca-413f-b126-a07e725e6122@group-6707B05AD539-LeaderElection7 ELECTION round 0: submit vote requests at term 1 for -1: peers:[71f3d3ef-41ca-413f-b126-a07e725e6122|rpc:10.1.0.200:43017|dataStream:10.1.0.200:38403|priority:1|startupRole:FOLLOWER]|listeners:[], old=null
2023-01-26 17:25:23,663 [71f3d3ef-41ca-413f-b126-a07e725e6122@group-6707B05AD539-LeaderElection7] INFO  impl.LeaderElection (LeaderElection.java:askForVotes(314)) - 71f3d3ef-41ca-413f-b126-a07e725e6122@group-6707B05AD539-LeaderElection7 ELECTION round 0: result PASSED (term=1)
2023-01-26 17:25:23,663 [71f3d3ef-41ca-413f-b126-a07e725e6122@group-6707B05AD539-LeaderElection7] INFO  impl.RoleInfo (RoleInfo.java:shutdownLeaderElection(130)) - 71f3d3ef-41ca-413f-b126-a07e725e6122: shutdown 71f3d3ef-41ca-413f-b126-a07e725e6122@group-6707B05AD539-LeaderElection7
2023-01-26 17:25:23,663 [71f3d3ef-41ca-413f-b126-a07e725e6122@group-6707B05AD539-LeaderElection7] INFO  server.RaftServer$Division (RaftServerImpl.java:setRole(321)) - 71f3d3ef-41ca-413f-b126-a07e725e6122@group-6707B05AD539: changes role from CANDIDATE to LEADER at term 1 for changeToLeader
2023-01-26 17:25:23,663 [71f3d3ef-41ca-413f-b126-a07e725e6122@group-6707B05AD539-LeaderElection7] INFO  ratis.XceiverServerRatis (XceiverServerRatis.java:handleLeaderChangedNotification(904)) - Leader change notification received for group: group-6707B05AD539 with new leaderId: 71f3d3ef-41ca-413f-b126-a07e725e6122
2023-01-26 17:25:23,663 [71f3d3ef-41ca-413f-b126-a07e725e6122@group-6707B05AD539-LeaderElection7] INFO  server.RaftServer$Division (ServerState.java:setLeader(313)) - 71f3d3ef-41ca-413f-b126-a07e725e6122@group-6707B05AD539: change Leader from null to 71f3d3ef-41ca-413f-b126-a07e725e6122 at term 1 for becomeLeader, leader elected after 5144ms
2023-01-26 17:25:23,664 [71f3d3ef-41ca-413f-b126-a07e725e6122@group-6707B05AD539-LeaderElection7] INFO  server.RaftServerConfigKeys (ConfUtils.java:logGet(46)) - raft.server.staging.catchup.gap = 1000 (default)
2023-01-26 17:25:23,664 [71f3d3ef-41ca-413f-b126-a07e725e6122@group-6707B05AD539-LeaderElection7] INFO  server.RaftServerConfigKeys (ConfUtils.java:logGet(46)) - raft.server.write.element-limit = 1024 (custom)
2023-01-26 17:25:23,664 [71f3d3ef-41ca-413f-b126-a07e725e6122@group-6707B05AD539-LeaderElection7] INFO  server.RaftServerConfigKeys (ConfUtils.java:logGet(46)) - raft.server.write.byte-limit = 1024 M (=1073741824) (custom)
2023-01-26 17:25:23,665 [71f3d3ef-41ca-413f-b126-a07e725e6122@group-6707B05AD539-LeaderElection7] INFO  server.RaftServerConfigKeys (ConfUtils.java:logGet(46)) - raft.server.watch.timeout = 3000ms (custom)
2023-01-26 17:25:23,665 [71f3d3ef-41ca-413f-b126-a07e725e6122@group-6707B05AD539-LeaderElection7] INFO  server.RaftServerConfigKeys (ConfUtils.java:logGet(46)) - raft.server.watch.timeout.denomination = 1s (default)
2023-01-26 17:25:23,665 [71f3d3ef-41ca-413f-b126-a07e725e6122@group-6707B05AD539-LeaderElection7] INFO  server.RaftServerConfigKeys (ConfUtils.java:logGet(46)) - raft.server.watch.element-limit = 65536 (default)
2023-01-26 17:25:23,665 [71f3d3ef-41ca-413f-b126-a07e725e6122@group-6707B05AD539-LeaderElection7] INFO  server.RaftServerConfigKeys (ConfUtils.java:logGet(46)) - raft.server.write.element-limit = 1024 (custom)
2023-01-26 17:25:23,665 [71f3d3ef-41ca-413f-b126-a07e725e6122@group-6707B05AD539-LeaderElection7] INFO  server.RaftServerConfigKeys (ConfUtils.java:logGet(46)) - raft.server.write.follower.gap.ratio.max = -1.0 (default)
2023-01-26 17:25:23,665 [71f3d3ef-41ca-413f-b126-a07e725e6122@group-6707B05AD539-LeaderElection7] INFO  impl.RoleInfo (RoleInfo.java:updateAndGet(139)) - 71f3d3ef-41ca-413f-b126-a07e725e6122: start 71f3d3ef-41ca-413f-b126-a07e725e6122@group-6707B05AD539-LeaderStateImpl
2023-01-26 17:25:23,665 [EventQueue-OpenPipelineForHealthyPipelineSafeModeRule] INFO  safemode.SCMSafeModeManager (HealthyPipelineSafeModeRule.java:process(137)) - SCM in safe mode. Healthy pipelines reported count is 0, required healthy pipeline reported count is 1
2023-01-26 17:25:23,665 [71f3d3ef-41ca-413f-b126-a07e725e6122@group-6707B05AD539-LeaderElection7] INFO  segmented.SegmentedRaftLogWorker (SegmentedRaftLogWorker.java:startLogSegment(452)) - 71f3d3ef-41ca-413f-b126-a07e725e6122@group-6707B05AD539-SegmentedRaftLogWorker: Starting segment from index:0
2023-01-26 17:25:23,666 [71f3d3ef-41ca-413f-b126-a07e725e6122@group-6707B05AD539-SegmentedRaftLogWorker] INFO  segmented.SegmentedRaftLogWorker (SegmentedRaftLogWorker.java:execute(656)) - 71f3d3ef-41ca-413f-b126-a07e725e6122@group-6707B05AD539-SegmentedRaftLogWorker: created new log segment /home/runner/work/ozone/ozone/hadoop-ozone/integration-test/target/test-dir/MiniOzoneClusterImpl-21eb6502-c8cc-4b95-8a64-0224a41eaf0d/datanode-3/data/ratis/cfed01db-d626-4d11-a3b2-6707b05ad539/current/log_inprogress_0
2023-01-26 17:25:23,667 [71f3d3ef-41ca-413f-b126-a07e725e6122@group-6707B05AD539-LeaderElection7] INFO  server.RaftServer$Division (ServerState.java:setRaftConf(430)) - 71f3d3ef-41ca-413f-b126-a07e725e6122@group-6707B05AD539: set configuration 0: peers:[71f3d3ef-41ca-413f-b126-a07e725e6122|rpc:10.1.0.200:43017|dataStream:10.1.0.200:38403|priority:1|startupRole:FOLLOWER]|listeners:[], old=null
2023-01-26 17:25:23,847 [Listener at 127.0.0.1/34233] INFO  ozone.MiniOzoneClusterImpl (MiniOzoneClusterImpl.java:lambda$waitForClusterToBeReady$0(218)) - Nodes are ready. Got 5 of 5 DN Heartbeats.
2023-01-26 17:25:23,848 [Listener at 127.0.0.1/34233] INFO  ozone.MiniOzoneClusterImpl (MiniOzoneClusterImpl.java:lambda$waitForClusterToBeReady$0(221)) - Waiting for cluster to exit safe mode
2023-01-26 17:25:23,848 [Listener at 127.0.0.1/34233] INFO  ozone.MiniOzoneClusterImpl (MiniOzoneClusterImpl.java:lambda$waitForClusterToBeReady$0(223)) - SCM became leader
2023-01-26 17:25:23,911 [29fadfb4-950d-40e8-bbd4-05f10ea5ea2e@group-C512526317D4-FollowerState] INFO  impl.FollowerState (FollowerState.java:run(143)) - 29fadfb4-950d-40e8-bbd4-05f10ea5ea2e@group-C512526317D4-FollowerState: change to CANDIDATE, lastRpcElapsedTime:5053233613ns, electionTimeout:5052ms
2023-01-26 17:25:23,911 [29fadfb4-950d-40e8-bbd4-05f10ea5ea2e@group-C512526317D4-FollowerState] INFO  impl.RoleInfo (RoleInfo.java:shutdownFollowerState(110)) - 29fadfb4-950d-40e8-bbd4-05f10ea5ea2e: shutdown 29fadfb4-950d-40e8-bbd4-05f10ea5ea2e@group-C512526317D4-FollowerState
2023-01-26 17:25:23,911 [29fadfb4-950d-40e8-bbd4-05f10ea5ea2e@group-C512526317D4-FollowerState] INFO  server.RaftServer$Division (RaftServerImpl.java:setRole(321)) - 29fadfb4-950d-40e8-bbd4-05f10ea5ea2e@group-C512526317D4: changes role from  FOLLOWER to CANDIDATE at term 0 for changeToCandidate
2023-01-26 17:25:23,912 [29fadfb4-950d-40e8-bbd4-05f10ea5ea2e@group-C512526317D4-FollowerState] INFO  server.RaftServerConfigKeys (ConfUtils.java:logGet(46)) - raft.server.leaderelection.pre-vote = false (custom)
2023-01-26 17:25:23,912 [29fadfb4-950d-40e8-bbd4-05f10ea5ea2e@group-C512526317D4-FollowerState] INFO  impl.RoleInfo (RoleInfo.java:updateAndGet(139)) - 29fadfb4-950d-40e8-bbd4-05f10ea5ea2e: start 29fadfb4-950d-40e8-bbd4-05f10ea5ea2e@group-C512526317D4-LeaderElection8
2023-01-26 17:25:23,916 [29fadfb4-950d-40e8-bbd4-05f10ea5ea2e@group-C512526317D4-LeaderElection8] INFO  impl.LeaderElection (LeaderElection.java:askForVotes(312)) - 29fadfb4-950d-40e8-bbd4-05f10ea5ea2e@group-C512526317D4-LeaderElection8 ELECTION round 0: submit vote requests at term 1 for -1: peers:[29fadfb4-950d-40e8-bbd4-05f10ea5ea2e|rpc:10.1.0.200:41529|dataStream:10.1.0.200:35985|priority:1|startupRole:FOLLOWER]|listeners:[], old=null
2023-01-26 17:25:23,916 [29fadfb4-950d-40e8-bbd4-05f10ea5ea2e@group-C512526317D4-LeaderElection8] INFO  impl.LeaderElection (LeaderElection.java:askForVotes(314)) - 29fadfb4-950d-40e8-bbd4-05f10ea5ea2e@group-C512526317D4-LeaderElection8 ELECTION round 0: result PASSED (term=1)
2023-01-26 17:25:23,916 [29fadfb4-950d-40e8-bbd4-05f10ea5ea2e@group-C512526317D4-LeaderElection8] INFO  impl.RoleInfo (RoleInfo.java:shutdownLeaderElection(130)) - 29fadfb4-950d-40e8-bbd4-05f10ea5ea2e: shutdown 29fadfb4-950d-40e8-bbd4-05f10ea5ea2e@group-C512526317D4-LeaderElection8
2023-01-26 17:25:23,916 [29fadfb4-950d-40e8-bbd4-05f10ea5ea2e@group-C512526317D4-LeaderElection8] INFO  server.RaftServer$Division (RaftServerImpl.java:setRole(321)) - 29fadfb4-950d-40e8-bbd4-05f10ea5ea2e@group-C512526317D4: changes role from CANDIDATE to LEADER at term 1 for changeToLeader
2023-01-26 17:25:23,916 [29fadfb4-950d-40e8-bbd4-05f10ea5ea2e@group-C512526317D4-LeaderElection8] INFO  ratis.XceiverServerRatis (XceiverServerRatis.java:handleLeaderChangedNotification(904)) - Leader change notification received for group: group-C512526317D4 with new leaderId: 29fadfb4-950d-40e8-bbd4-05f10ea5ea2e
2023-01-26 17:25:23,917 [29fadfb4-950d-40e8-bbd4-05f10ea5ea2e@group-C512526317D4-LeaderElection8] INFO  server.RaftServer$Division (ServerState.java:setLeader(313)) - 29fadfb4-950d-40e8-bbd4-05f10ea5ea2e@group-C512526317D4: change Leader from null to 29fadfb4-950d-40e8-bbd4-05f10ea5ea2e at term 1 for becomeLeader, leader elected after 5074ms
2023-01-26 17:25:23,917 [29fadfb4-950d-40e8-bbd4-05f10ea5ea2e@group-C512526317D4-LeaderElection8] INFO  server.RaftServerConfigKeys (ConfUtils.java:logGet(46)) - raft.server.staging.catchup.gap = 1000 (default)
2023-01-26 17:25:23,917 [29fadfb4-950d-40e8-bbd4-05f10ea5ea2e@group-C512526317D4-LeaderElection8] INFO  server.RaftServerConfigKeys (ConfUtils.java:logGet(46)) - raft.server.write.element-limit = 1024 (custom)
2023-01-26 17:25:23,917 [29fadfb4-950d-40e8-bbd4-05f10ea5ea2e@group-C512526317D4-LeaderElection8] INFO  server.RaftServerConfigKeys (ConfUtils.java:logGet(46)) - raft.server.write.byte-limit = 1024 M (=1073741824) (custom)
2023-01-26 17:25:23,917 [29fadfb4-950d-40e8-bbd4-05f10ea5ea2e@group-C512526317D4-LeaderElection8] INFO  server.RaftServerConfigKeys (ConfUtils.java:logGet(46)) - raft.server.watch.timeout = 3000ms (custom)
2023-01-26 17:25:23,917 [29fadfb4-950d-40e8-bbd4-05f10ea5ea2e@group-C512526317D4-LeaderElection8] INFO  server.RaftServerConfigKeys (ConfUtils.java:logGet(46)) - raft.server.watch.timeout.denomination = 1s (default)
2023-01-26 17:25:23,917 [29fadfb4-950d-40e8-bbd4-05f10ea5ea2e@group-C512526317D4-LeaderElection8] INFO  server.RaftServerConfigKeys (ConfUtils.java:logGet(46)) - raft.server.watch.element-limit = 65536 (default)
2023-01-26 17:25:23,917 [29fadfb4-950d-40e8-bbd4-05f10ea5ea2e@group-C512526317D4-LeaderElection8] INFO  server.RaftServerConfigKeys (ConfUtils.java:logGet(46)) - raft.server.write.element-limit = 1024 (custom)
2023-01-26 17:25:23,918 [29fadfb4-950d-40e8-bbd4-05f10ea5ea2e@group-C512526317D4-LeaderElection8] INFO  server.RaftServerConfigKeys (ConfUtils.java:logGet(46)) - raft.server.write.follower.gap.ratio.max = -1.0 (default)
2023-01-26 17:25:23,918 [EventQueue-OpenPipelineForHealthyPipelineSafeModeRule] INFO  safemode.SCMSafeModeManager (HealthyPipelineSafeModeRule.java:process(137)) - SCM in safe mode. Healthy pipelines reported count is 0, required healthy pipeline reported count is 1
2023-01-26 17:25:23,919 [29fadfb4-950d-40e8-bbd4-05f10ea5ea2e@group-C512526317D4-LeaderElection8] INFO  impl.RoleInfo (RoleInfo.java:updateAndGet(139)) - 29fadfb4-950d-40e8-bbd4-05f10ea5ea2e: start 29fadfb4-950d-40e8-bbd4-05f10ea5ea2e@group-C512526317D4-LeaderStateImpl
2023-01-26 17:25:23,919 [29fadfb4-950d-40e8-bbd4-05f10ea5ea2e@group-C512526317D4-LeaderElection8] INFO  segmented.SegmentedRaftLogWorker (SegmentedRaftLogWorker.java:startLogSegment(452)) - 29fadfb4-950d-40e8-bbd4-05f10ea5ea2e@group-C512526317D4-SegmentedRaftLogWorker: Starting segment from index:0
2023-01-26 17:25:23,923 [29fadfb4-950d-40e8-bbd4-05f10ea5ea2e@group-C512526317D4-LeaderElection8] INFO  server.RaftServer$Division (ServerState.java:setRaftConf(430)) - 29fadfb4-950d-40e8-bbd4-05f10ea5ea2e@group-C512526317D4: set configuration 0: peers:[29fadfb4-950d-40e8-bbd4-05f10ea5ea2e|rpc:10.1.0.200:41529|dataStream:10.1.0.200:35985|priority:1|startupRole:FOLLOWER]|listeners:[], old=null
2023-01-26 17:25:23,924 [29fadfb4-950d-40e8-bbd4-05f10ea5ea2e@group-C512526317D4-SegmentedRaftLogWorker] INFO  segmented.SegmentedRaftLogWorker (SegmentedRaftLogWorker.java:execute(656)) - 29fadfb4-950d-40e8-bbd4-05f10ea5ea2e@group-C512526317D4-SegmentedRaftLogWorker: created new log segment /home/runner/work/ozone/ozone/hadoop-ozone/integration-test/target/test-dir/MiniOzoneClusterImpl-21eb6502-c8cc-4b95-8a64-0224a41eaf0d/datanode-4/data/ratis/70281df7-ccfc-465d-83af-c512526317d4/current/log_inprogress_0
2023-01-26 17:25:24,848 [Listener at 127.0.0.1/34233] INFO  ozone.MiniOzoneClusterImpl (MiniOzoneClusterImpl.java:lambda$waitForClusterToBeReady$0(218)) - Nodes are ready. Got 5 of 5 DN Heartbeats.
2023-01-26 17:25:24,848 [Listener at 127.0.0.1/34233] INFO  ozone.MiniOzoneClusterImpl (MiniOzoneClusterImpl.java:lambda$waitForClusterToBeReady$0(221)) - Waiting for cluster to exit safe mode
2023-01-26 17:25:24,848 [Listener at 127.0.0.1/34233] INFO  ozone.MiniOzoneClusterImpl (MiniOzoneClusterImpl.java:lambda$waitForClusterToBeReady$0(223)) - SCM became leader
2023-01-26 17:25:25,848 [Listener at 127.0.0.1/34233] INFO  ozone.MiniOzoneClusterImpl (MiniOzoneClusterImpl.java:lambda$waitForClusterToBeReady$0(218)) - Nodes are ready. Got 5 of 5 DN Heartbeats.
2023-01-26 17:25:25,849 [Listener at 127.0.0.1/34233] INFO  ozone.MiniOzoneClusterImpl (MiniOzoneClusterImpl.java:lambda$waitForClusterToBeReady$0(221)) - Waiting for cluster to exit safe mode
2023-01-26 17:25:25,849 [Listener at 127.0.0.1/34233] INFO  ozone.MiniOzoneClusterImpl (MiniOzoneClusterImpl.java:lambda$waitForClusterToBeReady$0(223)) - SCM became leader
2023-01-26 17:25:26,849 [Listener at 127.0.0.1/34233] INFO  ozone.MiniOzoneClusterImpl (MiniOzoneClusterImpl.java:lambda$waitForClusterToBeReady$0(218)) - Nodes are ready. Got 5 of 5 DN Heartbeats.
2023-01-26 17:25:26,849 [Listener at 127.0.0.1/34233] INFO  ozone.MiniOzoneClusterImpl (MiniOzoneClusterImpl.java:lambda$waitForClusterToBeReady$0(221)) - Waiting for cluster to exit safe mode
2023-01-26 17:25:26,849 [Listener at 127.0.0.1/34233] INFO  ozone.MiniOzoneClusterImpl (MiniOzoneClusterImpl.java:lambda$waitForClusterToBeReady$0(223)) - SCM became leader
2023-01-26 17:25:27,578 [d082cfae-03ac-47dd-a559-6fd7cb4436a1@group-EF15663C4850-FollowerState] INFO  impl.FollowerState (FollowerState.java:run(143)) - d082cfae-03ac-47dd-a559-6fd7cb4436a1@group-EF15663C4850-FollowerState: change to CANDIDATE, lastRpcElapsedTime:5045319971ns, electionTimeout:5043ms
2023-01-26 17:25:27,578 [d082cfae-03ac-47dd-a559-6fd7cb4436a1@group-EF15663C4850-FollowerState] INFO  impl.RoleInfo (RoleInfo.java:shutdownFollowerState(110)) - d082cfae-03ac-47dd-a559-6fd7cb4436a1: shutdown d082cfae-03ac-47dd-a559-6fd7cb4436a1@group-EF15663C4850-FollowerState
2023-01-26 17:25:27,578 [d082cfae-03ac-47dd-a559-6fd7cb4436a1@group-EF15663C4850-FollowerState] INFO  server.RaftServer$Division (RaftServerImpl.java:setRole(321)) - d082cfae-03ac-47dd-a559-6fd7cb4436a1@group-EF15663C4850: changes role from  FOLLOWER to CANDIDATE at term 1 for changeToCandidate
2023-01-26 17:25:27,578 [d082cfae-03ac-47dd-a559-6fd7cb4436a1@group-EF15663C4850-FollowerState] INFO  server.RaftServerConfigKeys (ConfUtils.java:logGet(46)) - raft.server.leaderelection.pre-vote = false (custom)
2023-01-26 17:25:27,578 [d082cfae-03ac-47dd-a559-6fd7cb4436a1@group-EF15663C4850-FollowerState] INFO  impl.RoleInfo (RoleInfo.java:updateAndGet(139)) - d082cfae-03ac-47dd-a559-6fd7cb4436a1: start d082cfae-03ac-47dd-a559-6fd7cb4436a1@group-EF15663C4850-LeaderElection9
2023-01-26 17:25:27,580 [d082cfae-03ac-47dd-a559-6fd7cb4436a1@group-EF15663C4850-LeaderElection9] INFO  impl.LeaderElection (LeaderElection.java:askForVotes(312)) - d082cfae-03ac-47dd-a559-6fd7cb4436a1@group-EF15663C4850-LeaderElection9 ELECTION round 0: submit vote requests at term 2 for -1: peers:[122b4be6-0cee-49ba-a809-7fef5e0e1400|rpc:10.1.0.200:39289|dataStream:10.1.0.200:46437|priority:0|startupRole:FOLLOWER, 2cc4737a-7f72-4ede-9604-67be23ac19b5|rpc:10.1.0.200:34349|dataStream:10.1.0.200:45267|priority:1|startupRole:FOLLOWER, d082cfae-03ac-47dd-a559-6fd7cb4436a1|rpc:10.1.0.200:43095|dataStream:10.1.0.200:35799|priority:0|startupRole:FOLLOWER]|listeners:[], old=null
2023-01-26 17:25:27,581 [d082cfae-03ac-47dd-a559-6fd7cb4436a1@group-EF15663C4850-LeaderElection9] INFO  server.RaftServerConfigKeys (ConfUtils.java:logFallback(53)) - raft.server.rpc.first-election.timeout.min = 5s (fallback to raft.server.rpc.timeout.min)
2023-01-26 17:25:27,581 [d082cfae-03ac-47dd-a559-6fd7cb4436a1@group-EF15663C4850-LeaderElection9] INFO  server.RaftServerConfigKeys (ConfUtils.java:logFallback(53)) - raft.server.rpc.first-election.timeout.max = 5200ms (fallback to raft.server.rpc.timeout.max)
2023-01-26 17:25:27,587 [grpc-default-executor-1] INFO  server.RaftServer$Division (RaftServerImpl.java:requestVote(1218)) - 122b4be6-0cee-49ba-a809-7fef5e0e1400@group-EF15663C4850: receive requestVote(ELECTION, d082cfae-03ac-47dd-a559-6fd7cb4436a1, group-EF15663C4850, 2, (t:0, i:0))
2023-01-26 17:25:27,587 [grpc-default-executor-1] INFO  impl.VoteContext (VoteContext.java:log(49)) - 122b4be6-0cee-49ba-a809-7fef5e0e1400@group-EF15663C4850-FOLLOWER: accept ELECTION from d082cfae-03ac-47dd-a559-6fd7cb4436a1: our priority 0 <= candidate's priority 0
2023-01-26 17:25:27,588 [grpc-default-executor-1] INFO  server.RaftServer$Division (RaftServerImpl.java:setRole(321)) - 122b4be6-0cee-49ba-a809-7fef5e0e1400@group-EF15663C4850: changes role from  FOLLOWER to FOLLOWER at term 2 for candidate:d082cfae-03ac-47dd-a559-6fd7cb4436a1
2023-01-26 17:25:27,588 [grpc-default-executor-1] INFO  impl.RoleInfo (RoleInfo.java:shutdownFollowerState(110)) - 122b4be6-0cee-49ba-a809-7fef5e0e1400: shutdown 122b4be6-0cee-49ba-a809-7fef5e0e1400@group-EF15663C4850-FollowerState
2023-01-26 17:25:27,588 [grpc-default-executor-1] INFO  impl.RoleInfo (RoleInfo.java:updateAndGet(139)) - 122b4be6-0cee-49ba-a809-7fef5e0e1400: start 122b4be6-0cee-49ba-a809-7fef5e0e1400@group-EF15663C4850-FollowerState
2023-01-26 17:25:27,588 [122b4be6-0cee-49ba-a809-7fef5e0e1400@group-EF15663C4850-FollowerState] INFO  impl.FollowerState (FollowerState.java:run(152)) - 122b4be6-0cee-49ba-a809-7fef5e0e1400@group-EF15663C4850-FollowerState was interrupted
2023-01-26 17:25:27,589 [grpc-default-executor-0] INFO  server.RaftServer$Division (RaftServerImpl.java:requestVote(1218)) - 2cc4737a-7f72-4ede-9604-67be23ac19b5@group-EF15663C4850: receive requestVote(ELECTION, d082cfae-03ac-47dd-a559-6fd7cb4436a1, group-EF15663C4850, 2, (t:0, i:0))
2023-01-26 17:25:27,589 [grpc-default-executor-0] INFO  impl.VoteContext (VoteContext.java:log(49)) - 2cc4737a-7f72-4ede-9604-67be23ac19b5@group-EF15663C4850-FOLLOWER: reject ELECTION from d082cfae-03ac-47dd-a559-6fd7cb4436a1: our priority 1 > candidate's priority 0
2023-01-26 17:25:27,589 [grpc-default-executor-0] INFO  server.RaftServer$Division (RaftServerImpl.java:setRole(321)) - 2cc4737a-7f72-4ede-9604-67be23ac19b5@group-EF15663C4850: changes role from  FOLLOWER to FOLLOWER at term 2 for candidate:d082cfae-03ac-47dd-a559-6fd7cb4436a1
2023-01-26 17:25:27,589 [grpc-default-executor-0] INFO  impl.RoleInfo (RoleInfo.java:shutdownFollowerState(110)) - 2cc4737a-7f72-4ede-9604-67be23ac19b5: shutdown 2cc4737a-7f72-4ede-9604-67be23ac19b5@group-EF15663C4850-FollowerState
2023-01-26 17:25:27,589 [2cc4737a-7f72-4ede-9604-67be23ac19b5@group-EF15663C4850-FollowerState] INFO  impl.FollowerState (FollowerState.java:run(152)) - 2cc4737a-7f72-4ede-9604-67be23ac19b5@group-EF15663C4850-FollowerState was interrupted
2023-01-26 17:25:27,589 [grpc-default-executor-0] INFO  impl.RoleInfo (RoleInfo.java:updateAndGet(139)) - 2cc4737a-7f72-4ede-9604-67be23ac19b5: start 2cc4737a-7f72-4ede-9604-67be23ac19b5@group-EF15663C4850-FollowerState
2023-01-26 17:25:27,591 [grpc-default-executor-1] INFO  server.RaftServer$Division (RaftServerImpl.java:requestVote(1251)) - 122b4be6-0cee-49ba-a809-7fef5e0e1400@group-EF15663C4850 replies to ELECTION vote request: d082cfae-03ac-47dd-a559-6fd7cb4436a1<-122b4be6-0cee-49ba-a809-7fef5e0e1400#0:OK-t2. Peer's state: 122b4be6-0cee-49ba-a809-7fef5e0e1400@group-EF15663C4850:t2, leader=null, voted=d082cfae-03ac-47dd-a559-6fd7cb4436a1, raftlog=Memoized:122b4be6-0cee-49ba-a809-7fef5e0e1400@group-EF15663C4850-SegmentedRaftLog:OPENED:c-1, conf=-1: peers:[122b4be6-0cee-49ba-a809-7fef5e0e1400|rpc:10.1.0.200:39289|dataStream:10.1.0.200:46437|priority:0|startupRole:FOLLOWER, 2cc4737a-7f72-4ede-9604-67be23ac19b5|rpc:10.1.0.200:34349|dataStream:10.1.0.200:45267|priority:1|startupRole:FOLLOWER, d082cfae-03ac-47dd-a559-6fd7cb4436a1|rpc:10.1.0.200:43095|dataStream:10.1.0.200:35799|priority:0|startupRole:FOLLOWER]|listeners:[], old=null
2023-01-26 17:25:27,593 [122b4be6-0cee-49ba-a809-7fef5e0e1400@group-EF15663C4850-FollowerState] INFO  server.RaftServerConfigKeys (ConfUtils.java:logFallback(53)) - raft.server.rpc.first-election.timeout.min = 5s (fallback to raft.server.rpc.timeout.min)
2023-01-26 17:25:27,593 [122b4be6-0cee-49ba-a809-7fef5e0e1400@group-EF15663C4850-FollowerState] INFO  server.RaftServerConfigKeys (ConfUtils.java:logFallback(53)) - raft.server.rpc.first-election.timeout.max = 5200ms (fallback to raft.server.rpc.timeout.max)
2023-01-26 17:25:27,595 [grpc-default-executor-0] INFO  server.RaftServer$Division (RaftServerImpl.java:requestVote(1251)) - 2cc4737a-7f72-4ede-9604-67be23ac19b5@group-EF15663C4850 replies to ELECTION vote request: d082cfae-03ac-47dd-a559-6fd7cb4436a1<-2cc4737a-7f72-4ede-9604-67be23ac19b5#0:FAIL-t2. Peer's state: 2cc4737a-7f72-4ede-9604-67be23ac19b5@group-EF15663C4850:t2, leader=null, voted=null, raftlog=Memoized:2cc4737a-7f72-4ede-9604-67be23ac19b5@group-EF15663C4850-SegmentedRaftLog:OPENED:c-1, conf=-1: peers:[122b4be6-0cee-49ba-a809-7fef5e0e1400|rpc:10.1.0.200:39289|dataStream:10.1.0.200:46437|priority:0|startupRole:FOLLOWER, 2cc4737a-7f72-4ede-9604-67be23ac19b5|rpc:10.1.0.200:34349|dataStream:10.1.0.200:45267|priority:1|startupRole:FOLLOWER, d082cfae-03ac-47dd-a559-6fd7cb4436a1|rpc:10.1.0.200:43095|dataStream:10.1.0.200:35799|priority:0|startupRole:FOLLOWER]|listeners:[], old=null
2023-01-26 17:25:27,595 [2cc4737a-7f72-4ede-9604-67be23ac19b5@group-EF15663C4850-FollowerState] INFO  server.RaftServerConfigKeys (ConfUtils.java:logFallback(53)) - raft.server.rpc.first-election.timeout.min = 5s (fallback to raft.server.rpc.timeout.min)
2023-01-26 17:25:27,595 [2cc4737a-7f72-4ede-9604-67be23ac19b5@group-EF15663C4850-FollowerState] INFO  server.RaftServerConfigKeys (ConfUtils.java:logFallback(53)) - raft.server.rpc.first-election.timeout.max = 5200ms (fallback to raft.server.rpc.timeout.max)
2023-01-26 17:25:27,596 [d082cfae-03ac-47dd-a559-6fd7cb4436a1@group-EF15663C4850-LeaderElection9] INFO  impl.LeaderElection (LeaderElection.java:logAndReturn(90)) - d082cfae-03ac-47dd-a559-6fd7cb4436a1@group-EF15663C4850-LeaderElection9: ELECTION REJECTED received 2 response(s) and 0 exception(s):
2023-01-26 17:25:27,598 [d082cfae-03ac-47dd-a559-6fd7cb4436a1@group-EF15663C4850-LeaderElection9] INFO  impl.LeaderElection (LeaderElection.java:logAndReturn(94)) -   Response 0: d082cfae-03ac-47dd-a559-6fd7cb4436a1<-122b4be6-0cee-49ba-a809-7fef5e0e1400#0:OK-t2
2023-01-26 17:25:27,598 [d082cfae-03ac-47dd-a559-6fd7cb4436a1@group-EF15663C4850-LeaderElection9] INFO  impl.LeaderElection (LeaderElection.java:logAndReturn(94)) -   Response 1: d082cfae-03ac-47dd-a559-6fd7cb4436a1<-2cc4737a-7f72-4ede-9604-67be23ac19b5#0:FAIL-t2
2023-01-26 17:25:27,598 [d082cfae-03ac-47dd-a559-6fd7cb4436a1@group-EF15663C4850-LeaderElection9] INFO  impl.LeaderElection (LeaderElection.java:askForVotes(314)) - d082cfae-03ac-47dd-a559-6fd7cb4436a1@group-EF15663C4850-LeaderElection9 ELECTION round 0: result REJECTED
2023-01-26 17:25:27,598 [d082cfae-03ac-47dd-a559-6fd7cb4436a1@group-EF15663C4850-LeaderElection9] INFO  server.RaftServer$Division (RaftServerImpl.java:setRole(321)) - d082cfae-03ac-47dd-a559-6fd7cb4436a1@group-EF15663C4850: changes role from CANDIDATE to FOLLOWER at term 2 for REJECTED
2023-01-26 17:25:27,598 [d082cfae-03ac-47dd-a559-6fd7cb4436a1@group-EF15663C4850-LeaderElection9] INFO  impl.RoleInfo (RoleInfo.java:shutdownLeaderElection(130)) - d082cfae-03ac-47dd-a559-6fd7cb4436a1: shutdown d082cfae-03ac-47dd-a559-6fd7cb4436a1@group-EF15663C4850-LeaderElection9
2023-01-26 17:25:27,598 [d082cfae-03ac-47dd-a559-6fd7cb4436a1@group-EF15663C4850-LeaderElection9] INFO  impl.RoleInfo (RoleInfo.java:updateAndGet(139)) - d082cfae-03ac-47dd-a559-6fd7cb4436a1: start d082cfae-03ac-47dd-a559-6fd7cb4436a1@group-EF15663C4850-FollowerState
2023-01-26 17:25:27,603 [d082cfae-03ac-47dd-a559-6fd7cb4436a1@group-EF15663C4850-FollowerState] INFO  server.RaftServerConfigKeys (ConfUtils.java:logFallback(53)) - raft.server.rpc.first-election.timeout.min = 5s (fallback to raft.server.rpc.timeout.min)
2023-01-26 17:25:27,603 [d082cfae-03ac-47dd-a559-6fd7cb4436a1@group-EF15663C4850-FollowerState] INFO  server.RaftServerConfigKeys (ConfUtils.java:logFallback(53)) - raft.server.rpc.first-election.timeout.max = 5200ms (fallback to raft.server.rpc.timeout.max)
2023-01-26 17:25:27,849 [Listener at 127.0.0.1/34233] INFO  ozone.MiniOzoneClusterImpl (MiniOzoneClusterImpl.java:lambda$waitForClusterToBeReady$0(218)) - Nodes are ready. Got 5 of 5 DN Heartbeats.
2023-01-26 17:25:27,850 [Listener at 127.0.0.1/34233] INFO  ozone.MiniOzoneClusterImpl (MiniOzoneClusterImpl.java:lambda$waitForClusterToBeReady$0(221)) - Waiting for cluster to exit safe mode
2023-01-26 17:25:27,850 [Listener at 127.0.0.1/34233] INFO  ozone.MiniOzoneClusterImpl (MiniOzoneClusterImpl.java:lambda$waitForClusterToBeReady$0(223)) - SCM became leader
2023-01-26 17:25:28,275 [2cc4737a-7f72-4ede-9604-67be23ac19b5@group-645E9061720E-FollowerState] INFO  impl.FollowerState (FollowerState.java:run(143)) - 2cc4737a-7f72-4ede-9604-67be23ac19b5@group-645E9061720E-FollowerState: change to CANDIDATE, lastRpcElapsedTime:5012088513ns, electionTimeout:5005ms
2023-01-26 17:25:28,275 [2cc4737a-7f72-4ede-9604-67be23ac19b5@group-645E9061720E-FollowerState] INFO  impl.RoleInfo (RoleInfo.java:shutdownFollowerState(110)) - 2cc4737a-7f72-4ede-9604-67be23ac19b5: shutdown 2cc4737a-7f72-4ede-9604-67be23ac19b5@group-645E9061720E-FollowerState
2023-01-26 17:25:28,275 [2cc4737a-7f72-4ede-9604-67be23ac19b5@group-645E9061720E-FollowerState] INFO  server.RaftServer$Division (RaftServerImpl.java:setRole(321)) - 2cc4737a-7f72-4ede-9604-67be23ac19b5@group-645E9061720E: changes role from  FOLLOWER to CANDIDATE at term 1 for changeToCandidate
2023-01-26 17:25:28,275 [2cc4737a-7f72-4ede-9604-67be23ac19b5@group-645E9061720E-FollowerState] INFO  server.RaftServerConfigKeys (ConfUtils.java:logGet(46)) - raft.server.leaderelection.pre-vote = false (custom)
2023-01-26 17:25:28,275 [2cc4737a-7f72-4ede-9604-67be23ac19b5@group-645E9061720E-FollowerState] INFO  impl.RoleInfo (RoleInfo.java:updateAndGet(139)) - 2cc4737a-7f72-4ede-9604-67be23ac19b5: start 2cc4737a-7f72-4ede-9604-67be23ac19b5@group-645E9061720E-LeaderElection10
2023-01-26 17:25:28,277 [2cc4737a-7f72-4ede-9604-67be23ac19b5@group-645E9061720E-LeaderElection10] INFO  impl.LeaderElection (LeaderElection.java:askForVotes(312)) - 2cc4737a-7f72-4ede-9604-67be23ac19b5@group-645E9061720E-LeaderElection10 ELECTION round 0: submit vote requests at term 2 for -1: peers:[122b4be6-0cee-49ba-a809-7fef5e0e1400|rpc:10.1.0.200:39289|dataStream:10.1.0.200:46437|priority:1|startupRole:FOLLOWER, 2cc4737a-7f72-4ede-9604-67be23ac19b5|rpc:10.1.0.200:34349|dataStream:10.1.0.200:45267|priority:0|startupRole:FOLLOWER, d082cfae-03ac-47dd-a559-6fd7cb4436a1|rpc:10.1.0.200:43095|dataStream:10.1.0.200:35799|priority:0|startupRole:FOLLOWER]|listeners:[], old=null
2023-01-26 17:25:28,278 [2cc4737a-7f72-4ede-9604-67be23ac19b5@group-645E9061720E-LeaderElection10-1] INFO  server.GrpcServerProtocolClient (GrpcServerProtocolClient.java:<init>(63)) - Build channel for 122b4be6-0cee-49ba-a809-7fef5e0e1400
2023-01-26 17:25:28,279 [2cc4737a-7f72-4ede-9604-67be23ac19b5@group-645E9061720E-LeaderElection10] INFO  server.RaftServerConfigKeys (ConfUtils.java:logFallback(53)) - raft.server.rpc.first-election.timeout.min = 5s (fallback to raft.server.rpc.timeout.min)
2023-01-26 17:25:28,283 [2cc4737a-7f72-4ede-9604-67be23ac19b5@group-645E9061720E-LeaderElection10-2] INFO  server.GrpcServerProtocolClient (GrpcServerProtocolClient.java:<init>(63)) - Build channel for d082cfae-03ac-47dd-a559-6fd7cb4436a1
2023-01-26 17:25:28,283 [2cc4737a-7f72-4ede-9604-67be23ac19b5@group-645E9061720E-LeaderElection10] INFO  server.RaftServerConfigKeys (ConfUtils.java:logFallback(53)) - raft.server.rpc.first-election.timeout.max = 5200ms (fallback to raft.server.rpc.timeout.max)
2023-01-26 17:25:28,295 [grpc-default-executor-0] INFO  server.RaftServer$Division (RaftServerImpl.java:requestVote(1218)) - d082cfae-03ac-47dd-a559-6fd7cb4436a1@group-645E9061720E: receive requestVote(ELECTION, 2cc4737a-7f72-4ede-9604-67be23ac19b5, group-645E9061720E, 2, (t:0, i:0))
2023-01-26 17:25:28,295 [grpc-default-executor-0] INFO  impl.VoteContext (VoteContext.java:log(49)) - d082cfae-03ac-47dd-a559-6fd7cb4436a1@group-645E9061720E-FOLLOWER: accept ELECTION from 2cc4737a-7f72-4ede-9604-67be23ac19b5: our priority 0 <= candidate's priority 0
2023-01-26 17:25:28,295 [grpc-default-executor-0] INFO  server.RaftServer$Division (RaftServerImpl.java:setRole(321)) - d082cfae-03ac-47dd-a559-6fd7cb4436a1@group-645E9061720E: changes role from  FOLLOWER to FOLLOWER at term 2 for candidate:2cc4737a-7f72-4ede-9604-67be23ac19b5
2023-01-26 17:25:28,295 [grpc-default-executor-0] INFO  impl.RoleInfo (RoleInfo.java:shutdownFollowerState(110)) - d082cfae-03ac-47dd-a559-6fd7cb4436a1: shutdown d082cfae-03ac-47dd-a559-6fd7cb4436a1@group-645E9061720E-FollowerState
2023-01-26 17:25:28,295 [grpc-default-executor-0] INFO  impl.RoleInfo (RoleInfo.java:updateAndGet(139)) - d082cfae-03ac-47dd-a559-6fd7cb4436a1: start d082cfae-03ac-47dd-a559-6fd7cb4436a1@group-645E9061720E-FollowerState
2023-01-26 17:25:28,295 [d082cfae-03ac-47dd-a559-6fd7cb4436a1@group-645E9061720E-FollowerState] INFO  impl.FollowerState (FollowerState.java:run(152)) - d082cfae-03ac-47dd-a559-6fd7cb4436a1@group-645E9061720E-FollowerState was interrupted
2023-01-26 17:25:28,299 [grpc-default-executor-0] INFO  server.RaftServer$Division (RaftServerImpl.java:requestVote(1251)) - d082cfae-03ac-47dd-a559-6fd7cb4436a1@group-645E9061720E replies to ELECTION vote request: 2cc4737a-7f72-4ede-9604-67be23ac19b5<-d082cfae-03ac-47dd-a559-6fd7cb4436a1#0:OK-t2. Peer's state: d082cfae-03ac-47dd-a559-6fd7cb4436a1@group-645E9061720E:t2, leader=null, voted=2cc4737a-7f72-4ede-9604-67be23ac19b5, raftlog=Memoized:d082cfae-03ac-47dd-a559-6fd7cb4436a1@group-645E9061720E-SegmentedRaftLog:OPENED:c-1, conf=-1: peers:[122b4be6-0cee-49ba-a809-7fef5e0e1400|rpc:10.1.0.200:39289|dataStream:10.1.0.200:46437|priority:1|startupRole:FOLLOWER, 2cc4737a-7f72-4ede-9604-67be23ac19b5|rpc:10.1.0.200:34349|dataStream:10.1.0.200:45267|priority:0|startupRole:FOLLOWER, d082cfae-03ac-47dd-a559-6fd7cb4436a1|rpc:10.1.0.200:43095|dataStream:10.1.0.200:35799|priority:0|startupRole:FOLLOWER]|listeners:[], old=null
2023-01-26 17:25:28,302 [grpc-default-executor-1] INFO  server.RaftServer$Division (RaftServerImpl.java:requestVote(1218)) - 122b4be6-0cee-49ba-a809-7fef5e0e1400@group-645E9061720E: receive requestVote(ELECTION, 2cc4737a-7f72-4ede-9604-67be23ac19b5, group-645E9061720E, 2, (t:0, i:0))
2023-01-26 17:25:28,302 [grpc-default-executor-1] INFO  impl.VoteContext (VoteContext.java:log(49)) - 122b4be6-0cee-49ba-a809-7fef5e0e1400@group-645E9061720E-FOLLOWER: reject ELECTION from 2cc4737a-7f72-4ede-9604-67be23ac19b5: our priority 1 > candidate's priority 0
2023-01-26 17:25:28,302 [grpc-default-executor-1] INFO  server.RaftServer$Division (RaftServerImpl.java:setRole(321)) - 122b4be6-0cee-49ba-a809-7fef5e0e1400@group-645E9061720E: changes role from  FOLLOWER to FOLLOWER at term 2 for candidate:2cc4737a-7f72-4ede-9604-67be23ac19b5
2023-01-26 17:25:28,302 [grpc-default-executor-1] INFO  impl.RoleInfo (RoleInfo.java:shutdownFollowerState(110)) - 122b4be6-0cee-49ba-a809-7fef5e0e1400: shutdown 122b4be6-0cee-49ba-a809-7fef5e0e1400@group-645E9061720E-FollowerState
2023-01-26 17:25:28,302 [grpc-default-executor-1] INFO  impl.RoleInfo (RoleInfo.java:updateAndGet(139)) - 122b4be6-0cee-49ba-a809-7fef5e0e1400: start 122b4be6-0cee-49ba-a809-7fef5e0e1400@group-645E9061720E-FollowerState
2023-01-26 17:25:28,302 [122b4be6-0cee-49ba-a809-7fef5e0e1400@group-645E9061720E-FollowerState] INFO  impl.FollowerState (FollowerState.java:run(152)) - 122b4be6-0cee-49ba-a809-7fef5e0e1400@group-645E9061720E-FollowerState was interrupted
2023-01-26 17:25:28,303 [122b4be6-0cee-49ba-a809-7fef5e0e1400@group-645E9061720E-FollowerState] INFO  server.RaftServerConfigKeys (ConfUtils.java:logFallback(53)) - raft.server.rpc.first-election.timeout.min = 5s (fallback to raft.server.rpc.timeout.min)
2023-01-26 17:25:28,303 [d082cfae-03ac-47dd-a559-6fd7cb4436a1@group-645E9061720E-FollowerState] INFO  server.RaftServerConfigKeys (ConfUtils.java:logFallback(53)) - raft.server.rpc.first-election.timeout.min = 5s (fallback to raft.server.rpc.timeout.min)
2023-01-26 17:25:28,307 [122b4be6-0cee-49ba-a809-7fef5e0e1400@group-645E9061720E-FollowerState] INFO  server.RaftServerConfigKeys (ConfUtils.java:logFallback(53)) - raft.server.rpc.first-election.timeout.max = 5200ms (fallback to raft.server.rpc.timeout.max)
2023-01-26 17:25:28,307 [d082cfae-03ac-47dd-a559-6fd7cb4436a1@group-645E9061720E-FollowerState] INFO  server.RaftServerConfigKeys (ConfUtils.java:logFallback(53)) - raft.server.rpc.first-election.timeout.max = 5200ms (fallback to raft.server.rpc.timeout.max)
2023-01-26 17:25:28,307 [grpc-default-executor-1] INFO  server.RaftServer$Division (RaftServerImpl.java:requestVote(1251)) - 122b4be6-0cee-49ba-a809-7fef5e0e1400@group-645E9061720E replies to ELECTION vote request: 2cc4737a-7f72-4ede-9604-67be23ac19b5<-122b4be6-0cee-49ba-a809-7fef5e0e1400#0:FAIL-t2. Peer's state: 122b4be6-0cee-49ba-a809-7fef5e0e1400@group-645E9061720E:t2, leader=null, voted=null, raftlog=Memoized:122b4be6-0cee-49ba-a809-7fef5e0e1400@group-645E9061720E-SegmentedRaftLog:OPENED:c-1, conf=-1: peers:[122b4be6-0cee-49ba-a809-7fef5e0e1400|rpc:10.1.0.200:39289|dataStream:10.1.0.200:46437|priority:1|startupRole:FOLLOWER, 2cc4737a-7f72-4ede-9604-67be23ac19b5|rpc:10.1.0.200:34349|dataStream:10.1.0.200:45267|priority:0|startupRole:FOLLOWER, d082cfae-03ac-47dd-a559-6fd7cb4436a1|rpc:10.1.0.200:43095|dataStream:10.1.0.200:35799|priority:0|startupRole:FOLLOWER]|listeners:[], old=null
2023-01-26 17:25:28,308 [2cc4737a-7f72-4ede-9604-67be23ac19b5@group-645E9061720E-LeaderElection10] INFO  impl.LeaderElection (LeaderElection.java:logAndReturn(90)) - 2cc4737a-7f72-4ede-9604-67be23ac19b5@group-645E9061720E-LeaderElection10: ELECTION REJECTED received 2 response(s) and 0 exception(s):
2023-01-26 17:25:28,308 [2cc4737a-7f72-4ede-9604-67be23ac19b5@group-645E9061720E-LeaderElection10] INFO  impl.LeaderElection (LeaderElection.java:logAndReturn(94)) -   Response 0: 2cc4737a-7f72-4ede-9604-67be23ac19b5<-122b4be6-0cee-49ba-a809-7fef5e0e1400#0:FAIL-t2
2023-01-26 17:25:28,308 [2cc4737a-7f72-4ede-9604-67be23ac19b5@group-645E9061720E-LeaderElection10] INFO  impl.LeaderElection (LeaderElection.java:logAndReturn(94)) -   Response 1: 2cc4737a-7f72-4ede-9604-67be23ac19b5<-d082cfae-03ac-47dd-a559-6fd7cb4436a1#0:OK-t2
2023-01-26 17:25:28,308 [2cc4737a-7f72-4ede-9604-67be23ac19b5@group-645E9061720E-LeaderElection10] INFO  impl.LeaderElection (LeaderElection.java:askForVotes(314)) - 2cc4737a-7f72-4ede-9604-67be23ac19b5@group-645E9061720E-LeaderElection10 ELECTION round 0: result REJECTED
2023-01-26 17:25:28,308 [2cc4737a-7f72-4ede-9604-67be23ac19b5@group-645E9061720E-LeaderElection10] INFO  server.RaftServer$Division (RaftServerImpl.java:setRole(321)) - 2cc4737a-7f72-4ede-9604-67be23ac19b5@group-645E9061720E: changes role from CANDIDATE to FOLLOWER at term 2 for REJECTED
2023-01-26 17:25:28,308 [2cc4737a-7f72-4ede-9604-67be23ac19b5@group-645E9061720E-LeaderElection10] INFO  impl.RoleInfo (RoleInfo.java:shutdownLeaderElection(130)) - 2cc4737a-7f72-4ede-9604-67be23ac19b5: shutdown 2cc4737a-7f72-4ede-9604-67be23ac19b5@group-645E9061720E-LeaderElection10
2023-01-26 17:25:28,309 [2cc4737a-7f72-4ede-9604-67be23ac19b5@group-645E9061720E-LeaderElection10] INFO  impl.RoleInfo (RoleInfo.java:updateAndGet(139)) - 2cc4737a-7f72-4ede-9604-67be23ac19b5: start 2cc4737a-7f72-4ede-9604-67be23ac19b5@group-645E9061720E-FollowerState
2023-01-26 17:25:28,315 [2cc4737a-7f72-4ede-9604-67be23ac19b5@group-645E9061720E-FollowerState] INFO  server.RaftServerConfigKeys (ConfUtils.java:logFallback(53)) - raft.server.rpc.first-election.timeout.min = 5s (fallback to raft.server.rpc.timeout.min)
2023-01-26 17:25:28,317 [2cc4737a-7f72-4ede-9604-67be23ac19b5@group-645E9061720E-FollowerState] INFO  server.RaftServerConfigKeys (ConfUtils.java:logFallback(53)) - raft.server.rpc.first-election.timeout.max = 5200ms (fallback to raft.server.rpc.timeout.max)
2023-01-26 17:25:28,850 [Listener at 127.0.0.1/34233] INFO  ozone.MiniOzoneClusterImpl (MiniOzoneClusterImpl.java:lambda$waitForClusterToBeReady$0(218)) - Nodes are ready. Got 5 of 5 DN Heartbeats.
2023-01-26 17:25:28,850 [Listener at 127.0.0.1/34233] INFO  ozone.MiniOzoneClusterImpl (MiniOzoneClusterImpl.java:lambda$waitForClusterToBeReady$0(221)) - Waiting for cluster to exit safe mode
2023-01-26 17:25:28,850 [Listener at 127.0.0.1/34233] INFO  ozone.MiniOzoneClusterImpl (MiniOzoneClusterImpl.java:lambda$waitForClusterToBeReady$0(223)) - SCM became leader
2023-01-26 17:25:29,850 [Listener at 127.0.0.1/34233] INFO  ozone.MiniOzoneClusterImpl (MiniOzoneClusterImpl.java:lambda$waitForClusterToBeReady$0(218)) - Nodes are ready. Got 5 of 5 DN Heartbeats.
2023-01-26 17:25:29,851 [Listener at 127.0.0.1/34233] INFO  ozone.MiniOzoneClusterImpl (MiniOzoneClusterImpl.java:lambda$waitForClusterToBeReady$0(221)) - Waiting for cluster to exit safe mode
2023-01-26 17:25:29,851 [Listener at 127.0.0.1/34233] INFO  ozone.MiniOzoneClusterImpl (MiniOzoneClusterImpl.java:lambda$waitForClusterToBeReady$0(223)) - SCM became leader
2023-01-26 17:25:30,851 [Listener at 127.0.0.1/34233] INFO  ozone.MiniOzoneClusterImpl (MiniOzoneClusterImpl.java:lambda$waitForClusterToBeReady$0(218)) - Nodes are ready. Got 5 of 5 DN Heartbeats.
2023-01-26 17:25:30,851 [Listener at 127.0.0.1/34233] INFO  ozone.MiniOzoneClusterImpl (MiniOzoneClusterImpl.java:lambda$waitForClusterToBeReady$0(221)) - Waiting for cluster to exit safe mode
2023-01-26 17:25:30,851 [Listener at 127.0.0.1/34233] INFO  ozone.MiniOzoneClusterImpl (MiniOzoneClusterImpl.java:lambda$waitForClusterToBeReady$0(223)) - SCM became leader
2023-01-26 17:25:31,851 [Listener at 127.0.0.1/34233] INFO  ozone.MiniOzoneClusterImpl (MiniOzoneClusterImpl.java:lambda$waitForClusterToBeReady$0(218)) - Nodes are ready. Got 5 of 5 DN Heartbeats.
2023-01-26 17:25:31,852 [Listener at 127.0.0.1/34233] INFO  ozone.MiniOzoneClusterImpl (MiniOzoneClusterImpl.java:lambda$waitForClusterToBeReady$0(221)) - Waiting for cluster to exit safe mode
2023-01-26 17:25:31,852 [Listener at 127.0.0.1/34233] INFO  ozone.MiniOzoneClusterImpl (MiniOzoneClusterImpl.java:lambda$waitForClusterToBeReady$0(223)) - SCM became leader
2023-01-26 17:25:32,651 [d082cfae-03ac-47dd-a559-6fd7cb4436a1@group-EF15663C4850-FollowerState] INFO  impl.FollowerState (FollowerState.java:run(143)) - d082cfae-03ac-47dd-a559-6fd7cb4436a1@group-EF15663C4850-FollowerState: change to CANDIDATE, lastRpcElapsedTime:5052830490ns, electionTimeout:5048ms
2023-01-26 17:25:32,651 [d082cfae-03ac-47dd-a559-6fd7cb4436a1@group-EF15663C4850-FollowerState] INFO  impl.RoleInfo (RoleInfo.java:shutdownFollowerState(110)) - d082cfae-03ac-47dd-a559-6fd7cb4436a1: shutdown d082cfae-03ac-47dd-a559-6fd7cb4436a1@group-EF15663C4850-FollowerState
2023-01-26 17:25:32,651 [d082cfae-03ac-47dd-a559-6fd7cb4436a1@group-EF15663C4850-FollowerState] INFO  server.RaftServer$Division (RaftServerImpl.java:setRole(321)) - d082cfae-03ac-47dd-a559-6fd7cb4436a1@group-EF15663C4850: changes role from  FOLLOWER to CANDIDATE at term 2 for changeToCandidate
2023-01-26 17:25:32,651 [d082cfae-03ac-47dd-a559-6fd7cb4436a1@group-EF15663C4850-FollowerState] INFO  server.RaftServerConfigKeys (ConfUtils.java:logGet(46)) - raft.server.leaderelection.pre-vote = false (custom)
2023-01-26 17:25:32,651 [d082cfae-03ac-47dd-a559-6fd7cb4436a1@group-EF15663C4850-FollowerState] INFO  impl.RoleInfo (RoleInfo.java:updateAndGet(139)) - d082cfae-03ac-47dd-a559-6fd7cb4436a1: start d082cfae-03ac-47dd-a559-6fd7cb4436a1@group-EF15663C4850-LeaderElection11
2023-01-26 17:25:32,653 [d082cfae-03ac-47dd-a559-6fd7cb4436a1@group-EF15663C4850-LeaderElection11] INFO  impl.LeaderElection (LeaderElection.java:askForVotes(312)) - d082cfae-03ac-47dd-a559-6fd7cb4436a1@group-EF15663C4850-LeaderElection11 ELECTION round 0: submit vote requests at term 3 for -1: peers:[122b4be6-0cee-49ba-a809-7fef5e0e1400|rpc:10.1.0.200:39289|dataStream:10.1.0.200:46437|priority:0|startupRole:FOLLOWER, 2cc4737a-7f72-4ede-9604-67be23ac19b5|rpc:10.1.0.200:34349|dataStream:10.1.0.200:45267|priority:1|startupRole:FOLLOWER, d082cfae-03ac-47dd-a559-6fd7cb4436a1|rpc:10.1.0.200:43095|dataStream:10.1.0.200:35799|priority:0|startupRole:FOLLOWER]|listeners:[], old=null
2023-01-26 17:25:32,654 [d082cfae-03ac-47dd-a559-6fd7cb4436a1@group-EF15663C4850-LeaderElection11] INFO  server.RaftServerConfigKeys (ConfUtils.java:logFallback(53)) - raft.server.rpc.first-election.timeout.min = 5s (fallback to raft.server.rpc.timeout.min)
2023-01-26 17:25:32,654 [d082cfae-03ac-47dd-a559-6fd7cb4436a1@group-EF15663C4850-LeaderElection11] INFO  server.RaftServerConfigKeys (ConfUtils.java:logFallback(53)) - raft.server.rpc.first-election.timeout.max = 5200ms (fallback to raft.server.rpc.timeout.max)
2023-01-26 17:25:32,659 [grpc-default-executor-1] INFO  server.RaftServer$Division (RaftServerImpl.java:requestVote(1218)) - 122b4be6-0cee-49ba-a809-7fef5e0e1400@group-EF15663C4850: receive requestVote(ELECTION, d082cfae-03ac-47dd-a559-6fd7cb4436a1, group-EF15663C4850, 3, (t:0, i:0))
2023-01-26 17:25:32,660 [grpc-default-executor-1] INFO  impl.VoteContext (VoteContext.java:log(49)) - 122b4be6-0cee-49ba-a809-7fef5e0e1400@group-EF15663C4850-FOLLOWER: accept ELECTION from d082cfae-03ac-47dd-a559-6fd7cb4436a1: our priority 0 <= candidate's priority 0
2023-01-26 17:25:32,660 [grpc-default-executor-1] INFO  server.RaftServer$Division (RaftServerImpl.java:setRole(321)) - 122b4be6-0cee-49ba-a809-7fef5e0e1400@group-EF15663C4850: changes role from  FOLLOWER to FOLLOWER at term 3 for candidate:d082cfae-03ac-47dd-a559-6fd7cb4436a1
2023-01-26 17:25:32,660 [grpc-default-executor-1] INFO  impl.RoleInfo (RoleInfo.java:shutdownFollowerState(110)) - 122b4be6-0cee-49ba-a809-7fef5e0e1400: shutdown 122b4be6-0cee-49ba-a809-7fef5e0e1400@group-EF15663C4850-FollowerState
2023-01-26 17:25:32,660 [grpc-default-executor-1] INFO  impl.RoleInfo (RoleInfo.java:updateAndGet(139)) - 122b4be6-0cee-49ba-a809-7fef5e0e1400: start 122b4be6-0cee-49ba-a809-7fef5e0e1400@group-EF15663C4850-FollowerState
2023-01-26 17:25:32,660 [122b4be6-0cee-49ba-a809-7fef5e0e1400@group-EF15663C4850-FollowerState] INFO  impl.FollowerState (FollowerState.java:run(152)) - 122b4be6-0cee-49ba-a809-7fef5e0e1400@group-EF15663C4850-FollowerState was interrupted
2023-01-26 17:25:32,664 [grpc-default-executor-0] INFO  server.RaftServer$Division (RaftServerImpl.java:requestVote(1218)) - 2cc4737a-7f72-4ede-9604-67be23ac19b5@group-EF15663C4850: receive requestVote(ELECTION, d082cfae-03ac-47dd-a559-6fd7cb4436a1, group-EF15663C4850, 3, (t:0, i:0))
2023-01-26 17:25:32,664 [grpc-default-executor-0] INFO  impl.VoteContext (VoteContext.java:log(49)) - 2cc4737a-7f72-4ede-9604-67be23ac19b5@group-EF15663C4850-FOLLOWER: reject ELECTION from d082cfae-03ac-47dd-a559-6fd7cb4436a1: our priority 1 > candidate's priority 0
2023-01-26 17:25:32,664 [grpc-default-executor-0] INFO  server.RaftServer$Division (RaftServerImpl.java:setRole(321)) - 2cc4737a-7f72-4ede-9604-67be23ac19b5@group-EF15663C4850: changes role from  FOLLOWER to FOLLOWER at term 3 for candidate:d082cfae-03ac-47dd-a559-6fd7cb4436a1
2023-01-26 17:25:32,664 [grpc-default-executor-0] INFO  impl.RoleInfo (RoleInfo.java:shutdownFollowerState(110)) - 2cc4737a-7f72-4ede-9604-67be23ac19b5: shutdown 2cc4737a-7f72-4ede-9604-67be23ac19b5@group-EF15663C4850-FollowerState
2023-01-26 17:25:32,664 [grpc-default-executor-0] INFO  impl.RoleInfo (RoleInfo.java:updateAndGet(139)) - 2cc4737a-7f72-4ede-9604-67be23ac19b5: start 2cc4737a-7f72-4ede-9604-67be23ac19b5@group-EF15663C4850-FollowerState
2023-01-26 17:25:32,665 [2cc4737a-7f72-4ede-9604-67be23ac19b5@group-EF15663C4850-FollowerState] INFO  impl.FollowerState (FollowerState.java:run(152)) - 2cc4737a-7f72-4ede-9604-67be23ac19b5@group-EF15663C4850-FollowerState was interrupted
2023-01-26 17:25:32,665 [2cc4737a-7f72-4ede-9604-67be23ac19b5@group-EF15663C4850-FollowerState] INFO  server.RaftServerConfigKeys (ConfUtils.java:logFallback(53)) - raft.server.rpc.first-election.timeout.min = 5s (fallback to raft.server.rpc.timeout.min)
2023-01-26 17:25:32,665 [2cc4737a-7f72-4ede-9604-67be23ac19b5@group-EF15663C4850-FollowerState] INFO  server.RaftServerConfigKeys (ConfUtils.java:logFallback(53)) - raft.server.rpc.first-election.timeout.max = 5200ms (fallback to raft.server.rpc.timeout.max)
2023-01-26 17:25:32,665 [grpc-default-executor-0] INFO  server.RaftServer$Division (RaftServerImpl.java:requestVote(1251)) - 2cc4737a-7f72-4ede-9604-67be23ac19b5@group-EF15663C4850 replies to ELECTION vote request: d082cfae-03ac-47dd-a559-6fd7cb4436a1<-2cc4737a-7f72-4ede-9604-67be23ac19b5#0:FAIL-t3. Peer's state: 2cc4737a-7f72-4ede-9604-67be23ac19b5@group-EF15663C4850:t3, leader=null, voted=null, raftlog=Memoized:2cc4737a-7f72-4ede-9604-67be23ac19b5@group-EF15663C4850-SegmentedRaftLog:OPENED:c-1, conf=-1: peers:[122b4be6-0cee-49ba-a809-7fef5e0e1400|rpc:10.1.0.200:39289|dataStream:10.1.0.200:46437|priority:0|startupRole:FOLLOWER, 2cc4737a-7f72-4ede-9604-67be23ac19b5|rpc:10.1.0.200:34349|dataStream:10.1.0.200:45267|priority:1|startupRole:FOLLOWER, d082cfae-03ac-47dd-a559-6fd7cb4436a1|rpc:10.1.0.200:43095|dataStream:10.1.0.200:35799|priority:0|startupRole:FOLLOWER]|listeners:[], old=null
2023-01-26 17:25:32,667 [d082cfae-03ac-47dd-a559-6fd7cb4436a1@group-EF15663C4850-LeaderElection11] INFO  impl.LeaderElection (LeaderElection.java:logAndReturn(90)) - d082cfae-03ac-47dd-a559-6fd7cb4436a1@group-EF15663C4850-LeaderElection11: ELECTION REJECTED received 1 response(s) and 0 exception(s):
2023-01-26 17:25:32,668 [d082cfae-03ac-47dd-a559-6fd7cb4436a1@group-EF15663C4850-LeaderElection11] INFO  impl.LeaderElection (LeaderElection.java:logAndReturn(94)) -   Response 0: d082cfae-03ac-47dd-a559-6fd7cb4436a1<-2cc4737a-7f72-4ede-9604-67be23ac19b5#0:FAIL-t3
2023-01-26 17:25:32,668 [d082cfae-03ac-47dd-a559-6fd7cb4436a1@group-EF15663C4850-LeaderElection11] INFO  impl.LeaderElection (LeaderElection.java:askForVotes(314)) - d082cfae-03ac-47dd-a559-6fd7cb4436a1@group-EF15663C4850-LeaderElection11 ELECTION round 0: result REJECTED
2023-01-26 17:25:32,668 [d082cfae-03ac-47dd-a559-6fd7cb4436a1@group-EF15663C4850-LeaderElection11] INFO  server.RaftServer$Division (RaftServerImpl.java:setRole(321)) - d082cfae-03ac-47dd-a559-6fd7cb4436a1@group-EF15663C4850: changes role from CANDIDATE to FOLLOWER at term 3 for REJECTED
2023-01-26 17:25:32,668 [d082cfae-03ac-47dd-a559-6fd7cb4436a1@group-EF15663C4850-LeaderElection11] INFO  impl.RoleInfo (RoleInfo.java:shutdownLeaderElection(130)) - d082cfae-03ac-47dd-a559-6fd7cb4436a1: shutdown d082cfae-03ac-47dd-a559-6fd7cb4436a1@group-EF15663C4850-LeaderElection11
2023-01-26 17:25:32,668 [d082cfae-03ac-47dd-a559-6fd7cb4436a1@group-EF15663C4850-LeaderElection11] INFO  impl.RoleInfo (RoleInfo.java:updateAndGet(139)) - d082cfae-03ac-47dd-a559-6fd7cb4436a1: start d082cfae-03ac-47dd-a559-6fd7cb4436a1@group-EF15663C4850-FollowerState
2023-01-26 17:25:32,665 [122b4be6-0cee-49ba-a809-7fef5e0e1400@group-EF15663C4850-FollowerState] INFO  server.RaftServerConfigKeys (ConfUtils.java:logFallback(53)) - raft.server.rpc.first-election.timeout.min = 5s (fallback to raft.server.rpc.timeout.min)
2023-01-26 17:25:32,665 [grpc-default-executor-1] INFO  server.RaftServer$Division (RaftServerImpl.java:requestVote(1251)) - 122b4be6-0cee-49ba-a809-7fef5e0e1400@group-EF15663C4850 replies to ELECTION vote request: d082cfae-03ac-47dd-a559-6fd7cb4436a1<-122b4be6-0cee-49ba-a809-7fef5e0e1400#0:OK-t3. Peer's state: 122b4be6-0cee-49ba-a809-7fef5e0e1400@group-EF15663C4850:t3, leader=null, voted=d082cfae-03ac-47dd-a559-6fd7cb4436a1, raftlog=Memoized:122b4be6-0cee-49ba-a809-7fef5e0e1400@group-EF15663C4850-SegmentedRaftLog:OPENED:c-1, conf=-1: peers:[122b4be6-0cee-49ba-a809-7fef5e0e1400|rpc:10.1.0.200:39289|dataStream:10.1.0.200:46437|priority:0|startupRole:FOLLOWER, 2cc4737a-7f72-4ede-9604-67be23ac19b5|rpc:10.1.0.200:34349|dataStream:10.1.0.200:45267|priority:1|startupRole:FOLLOWER, d082cfae-03ac-47dd-a559-6fd7cb4436a1|rpc:10.1.0.200:43095|dataStream:10.1.0.200:35799|priority:0|startupRole:FOLLOWER]|listeners:[], old=null
2023-01-26 17:25:32,669 [d082cfae-03ac-47dd-a559-6fd7cb4436a1@group-EF15663C4850-FollowerState] INFO  server.RaftServerConfigKeys (ConfUtils.java:logFallback(53)) - raft.server.rpc.first-election.timeout.min = 5s (fallback to raft.server.rpc.timeout.min)
2023-01-26 17:25:32,672 [d082cfae-03ac-47dd-a559-6fd7cb4436a1@group-EF15663C4850-FollowerState] INFO  server.RaftServerConfigKeys (ConfUtils.java:logFallback(53)) - raft.server.rpc.first-election.timeout.max = 5200ms (fallback to raft.server.rpc.timeout.max)
2023-01-26 17:25:32,676 [122b4be6-0cee-49ba-a809-7fef5e0e1400@group-EF15663C4850-FollowerState] INFO  server.RaftServerConfigKeys (ConfUtils.java:logFallback(53)) - raft.server.rpc.first-election.timeout.max = 5200ms (fallback to raft.server.rpc.timeout.max)
2023-01-26 17:25:32,852 [Listener at 127.0.0.1/34233] INFO  ozone.MiniOzoneClusterImpl (MiniOzoneClusterImpl.java:lambda$waitForClusterToBeReady$0(218)) - Nodes are ready. Got 5 of 5 DN Heartbeats.
2023-01-26 17:25:32,852 [Listener at 127.0.0.1/34233] INFO  ozone.MiniOzoneClusterImpl (MiniOzoneClusterImpl.java:lambda$waitForClusterToBeReady$0(221)) - Waiting for cluster to exit safe mode
2023-01-26 17:25:32,852 [Listener at 127.0.0.1/34233] INFO  ozone.MiniOzoneClusterImpl (MiniOzoneClusterImpl.java:lambda$waitForClusterToBeReady$0(223)) - SCM became leader
2023-01-26 17:25:33,323 [2cc4737a-7f72-4ede-9604-67be23ac19b5@group-645E9061720E-FollowerState] INFO  impl.FollowerState (FollowerState.java:run(143)) - 2cc4737a-7f72-4ede-9604-67be23ac19b5@group-645E9061720E-FollowerState: change to CANDIDATE, lastRpcElapsedTime:5014351778ns, electionTimeout:5006ms
2023-01-26 17:25:33,323 [2cc4737a-7f72-4ede-9604-67be23ac19b5@group-645E9061720E-FollowerState] INFO  impl.RoleInfo (RoleInfo.java:shutdownFollowerState(110)) - 2cc4737a-7f72-4ede-9604-67be23ac19b5: shutdown 2cc4737a-7f72-4ede-9604-67be23ac19b5@group-645E9061720E-FollowerState
2023-01-26 17:25:33,323 [2cc4737a-7f72-4ede-9604-67be23ac19b5@group-645E9061720E-FollowerState] INFO  server.RaftServer$Division (RaftServerImpl.java:setRole(321)) - 2cc4737a-7f72-4ede-9604-67be23ac19b5@group-645E9061720E: changes role from  FOLLOWER to CANDIDATE at term 2 for changeToCandidate
2023-01-26 17:25:33,323 [2cc4737a-7f72-4ede-9604-67be23ac19b5@group-645E9061720E-FollowerState] INFO  server.RaftServerConfigKeys (ConfUtils.java:logGet(46)) - raft.server.leaderelection.pre-vote = false (custom)
2023-01-26 17:25:33,323 [2cc4737a-7f72-4ede-9604-67be23ac19b5@group-645E9061720E-FollowerState] INFO  impl.RoleInfo (RoleInfo.java:updateAndGet(139)) - 2cc4737a-7f72-4ede-9604-67be23ac19b5: start 2cc4737a-7f72-4ede-9604-67be23ac19b5@group-645E9061720E-LeaderElection12
2023-01-26 17:25:33,325 [2cc4737a-7f72-4ede-9604-67be23ac19b5@group-645E9061720E-LeaderElection12] INFO  impl.LeaderElection (LeaderElection.java:askForVotes(312)) - 2cc4737a-7f72-4ede-9604-67be23ac19b5@group-645E9061720E-LeaderElection12 ELECTION round 0: submit vote requests at term 3 for -1: peers:[122b4be6-0cee-49ba-a809-7fef5e0e1400|rpc:10.1.0.200:39289|dataStream:10.1.0.200:46437|priority:1|startupRole:FOLLOWER, 2cc4737a-7f72-4ede-9604-67be23ac19b5|rpc:10.1.0.200:34349|dataStream:10.1.0.200:45267|priority:0|startupRole:FOLLOWER, d082cfae-03ac-47dd-a559-6fd7cb4436a1|rpc:10.1.0.200:43095|dataStream:10.1.0.200:35799|priority:0|startupRole:FOLLOWER]|listeners:[], old=null
2023-01-26 17:25:33,325 [2cc4737a-7f72-4ede-9604-67be23ac19b5@group-645E9061720E-LeaderElection12] INFO  server.RaftServerConfigKeys (ConfUtils.java:logFallback(53)) - raft.server.rpc.first-election.timeout.min = 5s (fallback to raft.server.rpc.timeout.min)
2023-01-26 17:25:33,326 [2cc4737a-7f72-4ede-9604-67be23ac19b5@group-645E9061720E-LeaderElection12] INFO  server.RaftServerConfigKeys (ConfUtils.java:logFallback(53)) - raft.server.rpc.first-election.timeout.max = 5200ms (fallback to raft.server.rpc.timeout.max)
2023-01-26 17:25:33,328 [grpc-default-executor-1] INFO  server.RaftServer$Division (RaftServerImpl.java:requestVote(1218)) - d082cfae-03ac-47dd-a559-6fd7cb4436a1@group-645E9061720E: receive requestVote(ELECTION, 2cc4737a-7f72-4ede-9604-67be23ac19b5, group-645E9061720E, 3, (t:0, i:0))
2023-01-26 17:25:33,330 [grpc-default-executor-1] INFO  impl.VoteContext (VoteContext.java:log(49)) - d082cfae-03ac-47dd-a559-6fd7cb4436a1@group-645E9061720E-FOLLOWER: accept ELECTION from 2cc4737a-7f72-4ede-9604-67be23ac19b5: our priority 0 <= candidate's priority 0
2023-01-26 17:25:33,330 [grpc-default-executor-1] INFO  server.RaftServer$Division (RaftServerImpl.java:setRole(321)) - d082cfae-03ac-47dd-a559-6fd7cb4436a1@group-645E9061720E: changes role from  FOLLOWER to FOLLOWER at term 3 for candidate:2cc4737a-7f72-4ede-9604-67be23ac19b5
2023-01-26 17:25:33,330 [grpc-default-executor-1] INFO  impl.RoleInfo (RoleInfo.java:shutdownFollowerState(110)) - d082cfae-03ac-47dd-a559-6fd7cb4436a1: shutdown d082cfae-03ac-47dd-a559-6fd7cb4436a1@group-645E9061720E-FollowerState
2023-01-26 17:25:33,330 [grpc-default-executor-1] INFO  impl.RoleInfo (RoleInfo.java:updateAndGet(139)) - d082cfae-03ac-47dd-a559-6fd7cb4436a1: start d082cfae-03ac-47dd-a559-6fd7cb4436a1@group-645E9061720E-FollowerState
2023-01-26 17:25:33,331 [d082cfae-03ac-47dd-a559-6fd7cb4436a1@group-645E9061720E-FollowerState] INFO  impl.FollowerState (FollowerState.java:run(152)) - d082cfae-03ac-47dd-a559-6fd7cb4436a1@group-645E9061720E-FollowerState was interrupted
2023-01-26 17:25:33,332 [d082cfae-03ac-47dd-a559-6fd7cb4436a1@group-645E9061720E-FollowerState] INFO  server.RaftServerConfigKeys (ConfUtils.java:logFallback(53)) - raft.server.rpc.first-election.timeout.min = 5s (fallback to raft.server.rpc.timeout.min)
2023-01-26 17:25:33,334 [grpc-default-executor-0] INFO  server.RaftServer$Division (RaftServerImpl.java:requestVote(1218)) - 122b4be6-0cee-49ba-a809-7fef5e0e1400@group-645E9061720E: receive requestVote(ELECTION, 2cc4737a-7f72-4ede-9604-67be23ac19b5, group-645E9061720E, 3, (t:0, i:0))
2023-01-26 17:25:33,334 [grpc-default-executor-1] INFO  server.RaftServer$Division (RaftServerImpl.java:requestVote(1251)) - d082cfae-03ac-47dd-a559-6fd7cb4436a1@group-645E9061720E replies to ELECTION vote request: 2cc4737a-7f72-4ede-9604-67be23ac19b5<-d082cfae-03ac-47dd-a559-6fd7cb4436a1#0:OK-t3. Peer's state: d082cfae-03ac-47dd-a559-6fd7cb4436a1@group-645E9061720E:t3, leader=null, voted=2cc4737a-7f72-4ede-9604-67be23ac19b5, raftlog=Memoized:d082cfae-03ac-47dd-a559-6fd7cb4436a1@group-645E9061720E-SegmentedRaftLog:OPENED:c-1, conf=-1: peers:[122b4be6-0cee-49ba-a809-7fef5e0e1400|rpc:10.1.0.200:39289|dataStream:10.1.0.200:46437|priority:1|startupRole:FOLLOWER, 2cc4737a-7f72-4ede-9604-67be23ac19b5|rpc:10.1.0.200:34349|dataStream:10.1.0.200:45267|priority:0|startupRole:FOLLOWER, d082cfae-03ac-47dd-a559-6fd7cb4436a1|rpc:10.1.0.200:43095|dataStream:10.1.0.200:35799|priority:0|startupRole:FOLLOWER]|listeners:[], old=null
2023-01-26 17:25:33,335 [grpc-default-executor-0] INFO  impl.VoteContext (VoteContext.java:log(49)) - 122b4be6-0cee-49ba-a809-7fef5e0e1400@group-645E9061720E-FOLLOWER: reject ELECTION from 2cc4737a-7f72-4ede-9604-67be23ac19b5: our priority 1 > candidate's priority 0
2023-01-26 17:25:33,336 [grpc-default-executor-0] INFO  server.RaftServer$Division (RaftServerImpl.java:setRole(321)) - 122b4be6-0cee-49ba-a809-7fef5e0e1400@group-645E9061720E: changes role from  FOLLOWER to FOLLOWER at term 3 for candidate:2cc4737a-7f72-4ede-9604-67be23ac19b5
2023-01-26 17:25:33,336 [grpc-default-executor-0] INFO  impl.RoleInfo (RoleInfo.java:shutdownFollowerState(110)) - 122b4be6-0cee-49ba-a809-7fef5e0e1400: shutdown 122b4be6-0cee-49ba-a809-7fef5e0e1400@group-645E9061720E-FollowerState
2023-01-26 17:25:33,336 [grpc-default-executor-0] INFO  impl.RoleInfo (RoleInfo.java:updateAndGet(139)) - 122b4be6-0cee-49ba-a809-7fef5e0e1400: start 122b4be6-0cee-49ba-a809-7fef5e0e1400@group-645E9061720E-FollowerState
2023-01-26 17:25:33,336 [122b4be6-0cee-49ba-a809-7fef5e0e1400@group-645E9061720E-FollowerState] INFO  impl.FollowerState (FollowerState.java:run(152)) - 122b4be6-0cee-49ba-a809-7fef5e0e1400@group-645E9061720E-FollowerState was interrupted
2023-01-26 17:25:33,343 [grpc-default-executor-0] INFO  server.RaftServer$Division (RaftServerImpl.java:requestVote(1251)) - 122b4be6-0cee-49ba-a809-7fef5e0e1400@group-645E9061720E replies to ELECTION vote request: 2cc4737a-7f72-4ede-9604-67be23ac19b5<-122b4be6-0cee-49ba-a809-7fef5e0e1400#0:FAIL-t3. Peer's state: 122b4be6-0cee-49ba-a809-7fef5e0e1400@group-645E9061720E:t3, leader=null, voted=null, raftlog=Memoized:122b4be6-0cee-49ba-a809-7fef5e0e1400@group-645E9061720E-SegmentedRaftLog:OPENED:c-1, conf=-1: peers:[122b4be6-0cee-49ba-a809-7fef5e0e1400|rpc:10.1.0.200:39289|dataStream:10.1.0.200:46437|priority:1|startupRole:FOLLOWER, 2cc4737a-7f72-4ede-9604-67be23ac19b5|rpc:10.1.0.200:34349|dataStream:10.1.0.200:45267|priority:0|startupRole:FOLLOWER, d082cfae-03ac-47dd-a559-6fd7cb4436a1|rpc:10.1.0.200:43095|dataStream:10.1.0.200:35799|priority:0|startupRole:FOLLOWER]|listeners:[], old=null
2023-01-26 17:25:33,343 [d082cfae-03ac-47dd-a559-6fd7cb4436a1@group-645E9061720E-FollowerState] INFO  server.RaftServerConfigKeys (ConfUtils.java:logFallback(53)) - raft.server.rpc.first-election.timeout.max = 5200ms (fallback to raft.server.rpc.timeout.max)
2023-01-26 17:25:33,343 [122b4be6-0cee-49ba-a809-7fef5e0e1400@group-645E9061720E-FollowerState] INFO  server.RaftServerConfigKeys (ConfUtils.java:logFallback(53)) - raft.server.rpc.first-election.timeout.min = 5s (fallback to raft.server.rpc.timeout.min)
2023-01-26 17:25:33,346 [2cc4737a-7f72-4ede-9604-67be23ac19b5@group-645E9061720E-LeaderElection12] INFO  impl.LeaderElection (LeaderElection.java:logAndReturn(90)) - 2cc4737a-7f72-4ede-9604-67be23ac19b5@group-645E9061720E-LeaderElection12: ELECTION REJECTED received 2 response(s) and 0 exception(s):
2023-01-26 17:25:33,348 [2cc4737a-7f72-4ede-9604-67be23ac19b5@group-645E9061720E-LeaderElection12] INFO  impl.LeaderElection (LeaderElection.java:logAndReturn(94)) -   Response 0: 2cc4737a-7f72-4ede-9604-67be23ac19b5<-122b4be6-0cee-49ba-a809-7fef5e0e1400#0:FAIL-t3
2023-01-26 17:25:33,348 [2cc4737a-7f72-4ede-9604-67be23ac19b5@group-645E9061720E-LeaderElection12] INFO  impl.LeaderElection (LeaderElection.java:logAndReturn(94)) -   Response 1: 2cc4737a-7f72-4ede-9604-67be23ac19b5<-d082cfae-03ac-47dd-a559-6fd7cb4436a1#0:OK-t3
2023-01-26 17:25:33,348 [2cc4737a-7f72-4ede-9604-67be23ac19b5@group-645E9061720E-LeaderElection12] INFO  impl.LeaderElection (LeaderElection.java:askForVotes(314)) - 2cc4737a-7f72-4ede-9604-67be23ac19b5@group-645E9061720E-LeaderElection12 ELECTION round 0: result REJECTED
2023-01-26 17:25:33,348 [2cc4737a-7f72-4ede-9604-67be23ac19b5@group-645E9061720E-LeaderElection12] INFO  server.RaftServer$Division (RaftServerImpl.java:setRole(321)) - 2cc4737a-7f72-4ede-9604-67be23ac19b5@group-645E9061720E: changes role from CANDIDATE to FOLLOWER at term 3 for REJECTED
2023-01-26 17:25:33,348 [2cc4737a-7f72-4ede-9604-67be23ac19b5@group-645E9061720E-LeaderElection12] INFO  impl.RoleInfo (RoleInfo.java:shutdownLeaderElection(130)) - 2cc4737a-7f72-4ede-9604-67be23ac19b5: shutdown 2cc4737a-7f72-4ede-9604-67be23ac19b5@group-645E9061720E-LeaderElection12
2023-01-26 17:25:33,348 [2cc4737a-7f72-4ede-9604-67be23ac19b5@group-645E9061720E-LeaderElection12] INFO  impl.RoleInfo (RoleInfo.java:updateAndGet(139)) - 2cc4737a-7f72-4ede-9604-67be23ac19b5: start 2cc4737a-7f72-4ede-9604-67be23ac19b5@group-645E9061720E-FollowerState
2023-01-26 17:25:33,348 [122b4be6-0cee-49ba-a809-7fef5e0e1400@group-645E9061720E-FollowerState] INFO  server.RaftServerConfigKeys (ConfUtils.java:logFallback(53)) - raft.server.rpc.first-election.timeout.max = 5200ms (fallback to raft.server.rpc.timeout.max)
2023-01-26 17:25:33,354 [2cc4737a-7f72-4ede-9604-67be23ac19b5@group-645E9061720E-FollowerState] INFO  server.RaftServerConfigKeys (ConfUtils.java:logFallback(53)) - raft.server.rpc.first-election.timeout.min = 5s (fallback to raft.server.rpc.timeout.min)
2023-01-26 17:25:33,354 [2cc4737a-7f72-4ede-9604-67be23ac19b5@group-645E9061720E-FollowerState] INFO  server.RaftServerConfigKeys (ConfUtils.java:logFallback(53)) - raft.server.rpc.first-election.timeout.max = 5200ms (fallback to raft.server.rpc.timeout.max)
2023-01-26 17:25:33,852 [Listener at 127.0.0.1/34233] INFO  ozone.MiniOzoneClusterImpl (MiniOzoneClusterImpl.java:lambda$waitForClusterToBeReady$0(218)) - Nodes are ready. Got 5 of 5 DN Heartbeats.
2023-01-26 17:25:33,853 [Listener at 127.0.0.1/34233] INFO  ozone.MiniOzoneClusterImpl (MiniOzoneClusterImpl.java:lambda$waitForClusterToBeReady$0(221)) - Waiting for cluster to exit safe mode
2023-01-26 17:25:33,853 [Listener at 127.0.0.1/34233] INFO  ozone.MiniOzoneClusterImpl (MiniOzoneClusterImpl.java:lambda$waitForClusterToBeReady$0(223)) - SCM became leader
2023-01-26 17:25:34,853 [Listener at 127.0.0.1/34233] INFO  ozone.MiniOzoneClusterImpl (MiniOzoneClusterImpl.java:lambda$waitForClusterToBeReady$0(218)) - Nodes are ready. Got 5 of 5 DN Heartbeats.
2023-01-26 17:25:34,853 [Listener at 127.0.0.1/34233] INFO  ozone.MiniOzoneClusterImpl (MiniOzoneClusterImpl.java:lambda$waitForClusterToBeReady$0(221)) - Waiting for cluster to exit safe mode
2023-01-26 17:25:34,853 [Listener at 127.0.0.1/34233] INFO  ozone.MiniOzoneClusterImpl (MiniOzoneClusterImpl.java:lambda$waitForClusterToBeReady$0(223)) - SCM became leader
2023-01-26 17:25:35,853 [Listener at 127.0.0.1/34233] INFO  ozone.MiniOzoneClusterImpl (MiniOzoneClusterImpl.java:lambda$waitForClusterToBeReady$0(218)) - Nodes are ready. Got 5 of 5 DN Heartbeats.
2023-01-26 17:25:35,854 [Listener at 127.0.0.1/34233] INFO  ozone.MiniOzoneClusterImpl (MiniOzoneClusterImpl.java:lambda$waitForClusterToBeReady$0(221)) - Waiting for cluster to exit safe mode
2023-01-26 17:25:35,854 [Listener at 127.0.0.1/34233] INFO  ozone.MiniOzoneClusterImpl (MiniOzoneClusterImpl.java:lambda$waitForClusterToBeReady$0(223)) - SCM became leader
2023-01-26 17:25:36,854 [Listener at 127.0.0.1/34233] INFO  ozone.MiniOzoneClusterImpl (MiniOzoneClusterImpl.java:lambda$waitForClusterToBeReady$0(218)) - Nodes are ready. Got 5 of 5 DN Heartbeats.
2023-01-26 17:25:36,854 [Listener at 127.0.0.1/34233] INFO  ozone.MiniOzoneClusterImpl (MiniOzoneClusterImpl.java:lambda$waitForClusterToBeReady$0(221)) - Waiting for cluster to exit safe mode
2023-01-26 17:25:36,854 [Listener at 127.0.0.1/34233] INFO  ozone.MiniOzoneClusterImpl (MiniOzoneClusterImpl.java:lambda$waitForClusterToBeReady$0(223)) - SCM became leader
2023-01-26 17:25:37,722 [122b4be6-0cee-49ba-a809-7fef5e0e1400@group-EF15663C4850-FollowerState] INFO  impl.FollowerState (FollowerState.java:run(143)) - 122b4be6-0cee-49ba-a809-7fef5e0e1400@group-EF15663C4850-FollowerState: change to CANDIDATE, lastRpcElapsedTime:5057093333ns, electionTimeout:5046ms
2023-01-26 17:25:37,722 [122b4be6-0cee-49ba-a809-7fef5e0e1400@group-EF15663C4850-FollowerState] INFO  impl.RoleInfo (RoleInfo.java:shutdownFollowerState(110)) - 122b4be6-0cee-49ba-a809-7fef5e0e1400: shutdown 122b4be6-0cee-49ba-a809-7fef5e0e1400@group-EF15663C4850-FollowerState
2023-01-26 17:25:37,723 [122b4be6-0cee-49ba-a809-7fef5e0e1400@group-EF15663C4850-FollowerState] INFO  server.RaftServer$Division (RaftServerImpl.java:setRole(321)) - 122b4be6-0cee-49ba-a809-7fef5e0e1400@group-EF15663C4850: changes role from  FOLLOWER to CANDIDATE at term 3 for changeToCandidate
2023-01-26 17:25:37,723 [122b4be6-0cee-49ba-a809-7fef5e0e1400@group-EF15663C4850-FollowerState] INFO  server.RaftServerConfigKeys (ConfUtils.java:logGet(46)) - raft.server.leaderelection.pre-vote = false (custom)
2023-01-26 17:25:37,723 [122b4be6-0cee-49ba-a809-7fef5e0e1400@group-EF15663C4850-FollowerState] INFO  impl.RoleInfo (RoleInfo.java:updateAndGet(139)) - 122b4be6-0cee-49ba-a809-7fef5e0e1400: start 122b4be6-0cee-49ba-a809-7fef5e0e1400@group-EF15663C4850-LeaderElection13
2023-01-26 17:25:37,724 [122b4be6-0cee-49ba-a809-7fef5e0e1400@group-EF15663C4850-LeaderElection13] INFO  impl.LeaderElection (LeaderElection.java:askForVotes(312)) - 122b4be6-0cee-49ba-a809-7fef5e0e1400@group-EF15663C4850-LeaderElection13 ELECTION round 0: submit vote requests at term 4 for -1: peers:[122b4be6-0cee-49ba-a809-7fef5e0e1400|rpc:10.1.0.200:39289|dataStream:10.1.0.200:46437|priority:0|startupRole:FOLLOWER, 2cc4737a-7f72-4ede-9604-67be23ac19b5|rpc:10.1.0.200:34349|dataStream:10.1.0.200:45267|priority:1|startupRole:FOLLOWER, d082cfae-03ac-47dd-a559-6fd7cb4436a1|rpc:10.1.0.200:43095|dataStream:10.1.0.200:35799|priority:0|startupRole:FOLLOWER]|listeners:[], old=null
2023-01-26 17:25:37,725 [122b4be6-0cee-49ba-a809-7fef5e0e1400@group-EF15663C4850-LeaderElection13] INFO  server.RaftServerConfigKeys (ConfUtils.java:logFallback(53)) - raft.server.rpc.first-election.timeout.min = 5s (fallback to raft.server.rpc.timeout.min)
2023-01-26 17:25:37,725 [122b4be6-0cee-49ba-a809-7fef5e0e1400@group-EF15663C4850-LeaderElection13-1] INFO  server.GrpcServerProtocolClient (GrpcServerProtocolClient.java:<init>(63)) - Build channel for 2cc4737a-7f72-4ede-9604-67be23ac19b5
2023-01-26 17:25:37,725 [122b4be6-0cee-49ba-a809-7fef5e0e1400@group-EF15663C4850-LeaderElection13] INFO  server.RaftServerConfigKeys (ConfUtils.java:logFallback(53)) - raft.server.rpc.first-election.timeout.max = 5200ms (fallback to raft.server.rpc.timeout.max)
2023-01-26 17:25:37,726 [122b4be6-0cee-49ba-a809-7fef5e0e1400@group-EF15663C4850-LeaderElection13-2] INFO  server.GrpcServerProtocolClient (GrpcServerProtocolClient.java:<init>(63)) - Build channel for d082cfae-03ac-47dd-a559-6fd7cb4436a1
2023-01-26 17:25:37,738 [grpc-default-executor-0] INFO  server.RaftServer$Division (RaftServerImpl.java:requestVote(1218)) - d082cfae-03ac-47dd-a559-6fd7cb4436a1@group-EF15663C4850: receive requestVote(ELECTION, 122b4be6-0cee-49ba-a809-7fef5e0e1400, group-EF15663C4850, 4, (t:0, i:0))
2023-01-26 17:25:37,738 [grpc-default-executor-0] INFO  impl.VoteContext (VoteContext.java:log(49)) - d082cfae-03ac-47dd-a559-6fd7cb4436a1@group-EF15663C4850-FOLLOWER: accept ELECTION from 122b4be6-0cee-49ba-a809-7fef5e0e1400: our priority 0 <= candidate's priority 0
2023-01-26 17:25:37,738 [grpc-default-executor-0] INFO  server.RaftServer$Division (RaftServerImpl.java:setRole(321)) - d082cfae-03ac-47dd-a559-6fd7cb4436a1@group-EF15663C4850: changes role from  FOLLOWER to FOLLOWER at term 4 for candidate:122b4be6-0cee-49ba-a809-7fef5e0e1400
2023-01-26 17:25:37,738 [grpc-default-executor-0] INFO  impl.RoleInfo (RoleInfo.java:shutdownFollowerState(110)) - d082cfae-03ac-47dd-a559-6fd7cb4436a1: shutdown d082cfae-03ac-47dd-a559-6fd7cb4436a1@group-EF15663C4850-FollowerState
2023-01-26 17:25:37,738 [grpc-default-executor-0] INFO  impl.RoleInfo (RoleInfo.java:updateAndGet(139)) - d082cfae-03ac-47dd-a559-6fd7cb4436a1: start d082cfae-03ac-47dd-a559-6fd7cb4436a1@group-EF15663C4850-FollowerState
2023-01-26 17:25:37,738 [d082cfae-03ac-47dd-a559-6fd7cb4436a1@group-EF15663C4850-FollowerState] INFO  impl.FollowerState (FollowerState.java:run(152)) - d082cfae-03ac-47dd-a559-6fd7cb4436a1@group-EF15663C4850-FollowerState was interrupted
2023-01-26 17:25:37,741 [d082cfae-03ac-47dd-a559-6fd7cb4436a1@group-EF15663C4850-FollowerState] INFO  server.RaftServerConfigKeys (ConfUtils.java:logFallback(53)) - raft.server.rpc.first-election.timeout.min = 5s (fallback to raft.server.rpc.timeout.min)
2023-01-26 17:25:37,741 [grpc-default-executor-0] INFO  server.RaftServer$Division (RaftServerImpl.java:requestVote(1251)) - d082cfae-03ac-47dd-a559-6fd7cb4436a1@group-EF15663C4850 replies to ELECTION vote request: 122b4be6-0cee-49ba-a809-7fef5e0e1400<-d082cfae-03ac-47dd-a559-6fd7cb4436a1#0:OK-t4. Peer's state: d082cfae-03ac-47dd-a559-6fd7cb4436a1@group-EF15663C4850:t4, leader=null, voted=122b4be6-0cee-49ba-a809-7fef5e0e1400, raftlog=Memoized:d082cfae-03ac-47dd-a559-6fd7cb4436a1@group-EF15663C4850-SegmentedRaftLog:OPENED:c-1, conf=-1: peers:[122b4be6-0cee-49ba-a809-7fef5e0e1400|rpc:10.1.0.200:39289|dataStream:10.1.0.200:46437|priority:0|startupRole:FOLLOWER, 2cc4737a-7f72-4ede-9604-67be23ac19b5|rpc:10.1.0.200:34349|dataStream:10.1.0.200:45267|priority:1|startupRole:FOLLOWER, d082cfae-03ac-47dd-a559-6fd7cb4436a1|rpc:10.1.0.200:43095|dataStream:10.1.0.200:35799|priority:0|startupRole:FOLLOWER]|listeners:[], old=null
2023-01-26 17:25:37,741 [d082cfae-03ac-47dd-a559-6fd7cb4436a1@group-EF15663C4850-FollowerState] INFO  server.RaftServerConfigKeys (ConfUtils.java:logFallback(53)) - raft.server.rpc.first-election.timeout.max = 5200ms (fallback to raft.server.rpc.timeout.max)
2023-01-26 17:25:37,742 [2cc4737a-7f72-4ede-9604-67be23ac19b5@group-EF15663C4850-FollowerState] INFO  impl.FollowerState (FollowerState.java:run(143)) - 2cc4737a-7f72-4ede-9604-67be23ac19b5@group-EF15663C4850-FollowerState: change to CANDIDATE, lastRpcElapsedTime:5077833179ns, electionTimeout:5076ms
2023-01-26 17:25:37,742 [2cc4737a-7f72-4ede-9604-67be23ac19b5@group-EF15663C4850-FollowerState] INFO  impl.RoleInfo (RoleInfo.java:shutdownFollowerState(110)) - 2cc4737a-7f72-4ede-9604-67be23ac19b5: shutdown 2cc4737a-7f72-4ede-9604-67be23ac19b5@group-EF15663C4850-FollowerState
2023-01-26 17:25:37,742 [2cc4737a-7f72-4ede-9604-67be23ac19b5@group-EF15663C4850-FollowerState] INFO  server.RaftServer$Division (RaftServerImpl.java:setRole(321)) - 2cc4737a-7f72-4ede-9604-67be23ac19b5@group-EF15663C4850: changes role from  FOLLOWER to CANDIDATE at term 3 for changeToCandidate
2023-01-26 17:25:37,743 [2cc4737a-7f72-4ede-9604-67be23ac19b5@group-EF15663C4850-FollowerState] INFO  server.RaftServerConfigKeys (ConfUtils.java:logGet(46)) - raft.server.leaderelection.pre-vote = false (custom)
2023-01-26 17:25:37,743 [2cc4737a-7f72-4ede-9604-67be23ac19b5@group-EF15663C4850-FollowerState] INFO  impl.RoleInfo (RoleInfo.java:updateAndGet(139)) - 2cc4737a-7f72-4ede-9604-67be23ac19b5: start 2cc4737a-7f72-4ede-9604-67be23ac19b5@group-EF15663C4850-LeaderElection14
2023-01-26 17:25:37,758 [grpc-default-executor-0] INFO  server.RaftServer$Division (RaftServerImpl.java:requestVote(1218)) - 2cc4737a-7f72-4ede-9604-67be23ac19b5@group-EF15663C4850: receive requestVote(ELECTION, 122b4be6-0cee-49ba-a809-7fef5e0e1400, group-EF15663C4850, 4, (t:0, i:0))
2023-01-26 17:25:37,758 [grpc-default-executor-0] INFO  impl.VoteContext (VoteContext.java:log(49)) - 2cc4737a-7f72-4ede-9604-67be23ac19b5@group-EF15663C4850-CANDIDATE: reject ELECTION from 122b4be6-0cee-49ba-a809-7fef5e0e1400: our priority 1 > candidate's priority 0
2023-01-26 17:25:37,758 [grpc-default-executor-0] INFO  server.RaftServer$Division (RaftServerImpl.java:setRole(321)) - 2cc4737a-7f72-4ede-9604-67be23ac19b5@group-EF15663C4850: changes role from CANDIDATE to FOLLOWER at term 4 for candidate:122b4be6-0cee-49ba-a809-7fef5e0e1400
2023-01-26 17:25:37,758 [grpc-default-executor-0] INFO  impl.RoleInfo (RoleInfo.java:shutdownLeaderElection(130)) - 2cc4737a-7f72-4ede-9604-67be23ac19b5: shutdown 2cc4737a-7f72-4ede-9604-67be23ac19b5@group-EF15663C4850-LeaderElection14
2023-01-26 17:25:37,758 [grpc-default-executor-0] INFO  impl.RoleInfo (RoleInfo.java:updateAndGet(139)) - 2cc4737a-7f72-4ede-9604-67be23ac19b5: start 2cc4737a-7f72-4ede-9604-67be23ac19b5@group-EF15663C4850-FollowerState
2023-01-26 17:25:37,760 [grpc-default-executor-0] INFO  server.RaftServer$Division (RaftServerImpl.java:requestVote(1251)) - 2cc4737a-7f72-4ede-9604-67be23ac19b5@group-EF15663C4850 replies to ELECTION vote request: 122b4be6-0cee-49ba-a809-7fef5e0e1400<-2cc4737a-7f72-4ede-9604-67be23ac19b5#0:FAIL-t4. Peer's state: 2cc4737a-7f72-4ede-9604-67be23ac19b5@group-EF15663C4850:t4, leader=null, voted=null, raftlog=Memoized:2cc4737a-7f72-4ede-9604-67be23ac19b5@group-EF15663C4850-SegmentedRaftLog:OPENED:c-1, conf=-1: peers:[122b4be6-0cee-49ba-a809-7fef5e0e1400|rpc:10.1.0.200:39289|dataStream:10.1.0.200:46437|priority:0|startupRole:FOLLOWER, 2cc4737a-7f72-4ede-9604-67be23ac19b5|rpc:10.1.0.200:34349|dataStream:10.1.0.200:45267|priority:1|startupRole:FOLLOWER, d082cfae-03ac-47dd-a559-6fd7cb4436a1|rpc:10.1.0.200:43095|dataStream:10.1.0.200:35799|priority:0|startupRole:FOLLOWER]|listeners:[], old=null
2023-01-26 17:25:37,761 [122b4be6-0cee-49ba-a809-7fef5e0e1400@group-EF15663C4850-LeaderElection13] INFO  impl.LeaderElection (LeaderElection.java:logAndReturn(90)) - 122b4be6-0cee-49ba-a809-7fef5e0e1400@group-EF15663C4850-LeaderElection13: ELECTION REJECTED received 2 response(s) and 0 exception(s):
2023-01-26 17:25:37,761 [122b4be6-0cee-49ba-a809-7fef5e0e1400@group-EF15663C4850-LeaderElection13] INFO  impl.LeaderElection (LeaderElection.java:logAndReturn(94)) -   Response 0: 122b4be6-0cee-49ba-a809-7fef5e0e1400<-2cc4737a-7f72-4ede-9604-67be23ac19b5#0:FAIL-t4
2023-01-26 17:25:37,761 [2cc4737a-7f72-4ede-9604-67be23ac19b5@group-EF15663C4850-FollowerState] INFO  server.RaftServerConfigKeys (ConfUtils.java:logFallback(53)) - raft.server.rpc.first-election.timeout.min = 5s (fallback to raft.server.rpc.timeout.min)
2023-01-26 17:25:37,761 [122b4be6-0cee-49ba-a809-7fef5e0e1400@group-EF15663C4850-LeaderElection13] INFO  impl.LeaderElection (LeaderElection.java:logAndReturn(94)) -   Response 1: 122b4be6-0cee-49ba-a809-7fef5e0e1400<-d082cfae-03ac-47dd-a559-6fd7cb4436a1#0:OK-t4
2023-01-26 17:25:37,761 [2cc4737a-7f72-4ede-9604-67be23ac19b5@group-EF15663C4850-FollowerState] INFO  server.RaftServerConfigKeys (ConfUtils.java:logFallback(53)) - raft.server.rpc.first-election.timeout.max = 5200ms (fallback to raft.server.rpc.timeout.max)
2023-01-26 17:25:37,761 [122b4be6-0cee-49ba-a809-7fef5e0e1400@group-EF15663C4850-LeaderElection13] INFO  impl.LeaderElection (LeaderElection.java:askForVotes(314)) - 122b4be6-0cee-49ba-a809-7fef5e0e1400@group-EF15663C4850-LeaderElection13 ELECTION round 0: result REJECTED
2023-01-26 17:25:37,762 [122b4be6-0cee-49ba-a809-7fef5e0e1400@group-EF15663C4850-LeaderElection13] INFO  server.RaftServer$Division (RaftServerImpl.java:setRole(321)) - 122b4be6-0cee-49ba-a809-7fef5e0e1400@group-EF15663C4850: changes role from CANDIDATE to FOLLOWER at term 4 for REJECTED
2023-01-26 17:25:37,762 [122b4be6-0cee-49ba-a809-7fef5e0e1400@group-EF15663C4850-LeaderElection13] INFO  impl.RoleInfo (RoleInfo.java:shutdownLeaderElection(130)) - 122b4be6-0cee-49ba-a809-7fef5e0e1400: shutdown 122b4be6-0cee-49ba-a809-7fef5e0e1400@group-EF15663C4850-LeaderElection13
2023-01-26 17:25:37,762 [122b4be6-0cee-49ba-a809-7fef5e0e1400@group-EF15663C4850-LeaderElection13] INFO  impl.RoleInfo (RoleInfo.java:updateAndGet(139)) - 122b4be6-0cee-49ba-a809-7fef5e0e1400: start 122b4be6-0cee-49ba-a809-7fef5e0e1400@group-EF15663C4850-FollowerState
2023-01-26 17:25:37,763 [122b4be6-0cee-49ba-a809-7fef5e0e1400@group-EF15663C4850-FollowerState] INFO  server.RaftServerConfigKeys (ConfUtils.java:logFallback(53)) - raft.server.rpc.first-election.timeout.min = 5s (fallback to raft.server.rpc.timeout.min)
2023-01-26 17:25:37,763 [122b4be6-0cee-49ba-a809-7fef5e0e1400@group-EF15663C4850-FollowerState] INFO  server.RaftServerConfigKeys (ConfUtils.java:logFallback(53)) - raft.server.rpc.first-election.timeout.max = 5200ms (fallback to raft.server.rpc.timeout.max)
2023-01-26 17:25:37,854 [Listener at 127.0.0.1/34233] INFO  ozone.MiniOzoneClusterImpl (MiniOzoneClusterImpl.java:lambda$waitForClusterToBeReady$0(218)) - Nodes are ready. Got 5 of 5 DN Heartbeats.
2023-01-26 17:25:37,855 [Listener at 127.0.0.1/34233] INFO  ozone.MiniOzoneClusterImpl (MiniOzoneClusterImpl.java:lambda$waitForClusterToBeReady$0(221)) - Waiting for cluster to exit safe mode
2023-01-26 17:25:37,855 [Listener at 127.0.0.1/34233] INFO  ozone.MiniOzoneClusterImpl (MiniOzoneClusterImpl.java:lambda$waitForClusterToBeReady$0(223)) - SCM became leader
2023-01-26 17:25:38,401 [122b4be6-0cee-49ba-a809-7fef5e0e1400@group-645E9061720E-FollowerState] INFO  impl.FollowerState (FollowerState.java:run(143)) - 122b4be6-0cee-49ba-a809-7fef5e0e1400@group-645E9061720E-FollowerState: change to CANDIDATE, lastRpcElapsedTime:5065653421ns, electionTimeout:5053ms
2023-01-26 17:25:38,402 [122b4be6-0cee-49ba-a809-7fef5e0e1400@group-645E9061720E-FollowerState] INFO  impl.RoleInfo (RoleInfo.java:shutdownFollowerState(110)) - 122b4be6-0cee-49ba-a809-7fef5e0e1400: shutdown 122b4be6-0cee-49ba-a809-7fef5e0e1400@group-645E9061720E-FollowerState
2023-01-26 17:25:38,402 [122b4be6-0cee-49ba-a809-7fef5e0e1400@group-645E9061720E-FollowerState] INFO  server.RaftServer$Division (RaftServerImpl.java:setRole(321)) - 122b4be6-0cee-49ba-a809-7fef5e0e1400@group-645E9061720E: changes role from  FOLLOWER to CANDIDATE at term 3 for changeToCandidate
2023-01-26 17:25:38,402 [122b4be6-0cee-49ba-a809-7fef5e0e1400@group-645E9061720E-FollowerState] INFO  server.RaftServerConfigKeys (ConfUtils.java:logGet(46)) - raft.server.leaderelection.pre-vote = false (custom)
2023-01-26 17:25:38,402 [122b4be6-0cee-49ba-a809-7fef5e0e1400@group-645E9061720E-FollowerState] INFO  impl.RoleInfo (RoleInfo.java:updateAndGet(139)) - 122b4be6-0cee-49ba-a809-7fef5e0e1400: start 122b4be6-0cee-49ba-a809-7fef5e0e1400@group-645E9061720E-LeaderElection15
2023-01-26 17:25:38,404 [122b4be6-0cee-49ba-a809-7fef5e0e1400@group-645E9061720E-LeaderElection15] INFO  impl.LeaderElection (LeaderElection.java:askForVotes(312)) - 122b4be6-0cee-49ba-a809-7fef5e0e1400@group-645E9061720E-LeaderElection15 ELECTION round 0: submit vote requests at term 4 for -1: peers:[122b4be6-0cee-49ba-a809-7fef5e0e1400|rpc:10.1.0.200:39289|dataStream:10.1.0.200:46437|priority:1|startupRole:FOLLOWER, 2cc4737a-7f72-4ede-9604-67be23ac19b5|rpc:10.1.0.200:34349|dataStream:10.1.0.200:45267|priority:0|startupRole:FOLLOWER, d082cfae-03ac-47dd-a559-6fd7cb4436a1|rpc:10.1.0.200:43095|dataStream:10.1.0.200:35799|priority:0|startupRole:FOLLOWER]|listeners:[], old=null
2023-01-26 17:25:38,404 [122b4be6-0cee-49ba-a809-7fef5e0e1400@group-645E9061720E-LeaderElection15] INFO  server.RaftServerConfigKeys (ConfUtils.java:logFallback(53)) - raft.server.rpc.first-election.timeout.min = 5s (fallback to raft.server.rpc.timeout.min)
2023-01-26 17:25:38,404 [122b4be6-0cee-49ba-a809-7fef5e0e1400@group-645E9061720E-LeaderElection15] INFO  server.RaftServerConfigKeys (ConfUtils.java:logFallback(53)) - raft.server.rpc.first-election.timeout.max = 5200ms (fallback to raft.server.rpc.timeout.max)
2023-01-26 17:25:38,411 [d082cfae-03ac-47dd-a559-6fd7cb4436a1@group-645E9061720E-FollowerState] INFO  impl.FollowerState (FollowerState.java:run(143)) - d082cfae-03ac-47dd-a559-6fd7cb4436a1@group-645E9061720E-FollowerState: change to CANDIDATE, lastRpcElapsedTime:5077265735ns, electionTimeout:5062ms
2023-01-26 17:25:38,411 [d082cfae-03ac-47dd-a559-6fd7cb4436a1@group-645E9061720E-FollowerState] INFO  impl.RoleInfo (RoleInfo.java:shutdownFollowerState(110)) - d082cfae-03ac-47dd-a559-6fd7cb4436a1: shutdown d082cfae-03ac-47dd-a559-6fd7cb4436a1@group-645E9061720E-FollowerState
2023-01-26 17:25:38,411 [d082cfae-03ac-47dd-a559-6fd7cb4436a1@group-645E9061720E-FollowerState] INFO  server.RaftServer$Division (RaftServerImpl.java:setRole(321)) - d082cfae-03ac-47dd-a559-6fd7cb4436a1@group-645E9061720E: changes role from  FOLLOWER to CANDIDATE at term 3 for changeToCandidate
2023-01-26 17:25:38,411 [d082cfae-03ac-47dd-a559-6fd7cb4436a1@group-645E9061720E-FollowerState] INFO  server.RaftServerConfigKeys (ConfUtils.java:logGet(46)) - raft.server.leaderelection.pre-vote = false (custom)
2023-01-26 17:25:38,411 [d082cfae-03ac-47dd-a559-6fd7cb4436a1@group-645E9061720E-FollowerState] INFO  impl.RoleInfo (RoleInfo.java:updateAndGet(139)) - d082cfae-03ac-47dd-a559-6fd7cb4436a1: start d082cfae-03ac-47dd-a559-6fd7cb4436a1@group-645E9061720E-LeaderElection16
2023-01-26 17:25:38,413 [grpc-default-executor-0] INFO  server.RaftServer$Division (RaftServerImpl.java:requestVote(1218)) - d082cfae-03ac-47dd-a559-6fd7cb4436a1@group-645E9061720E: receive requestVote(ELECTION, 122b4be6-0cee-49ba-a809-7fef5e0e1400, group-645E9061720E, 4, (t:0, i:0))
2023-01-26 17:25:38,415 [grpc-default-executor-0] INFO  impl.VoteContext (VoteContext.java:log(49)) - d082cfae-03ac-47dd-a559-6fd7cb4436a1@group-645E9061720E-CANDIDATE: accept ELECTION from 122b4be6-0cee-49ba-a809-7fef5e0e1400: our priority 0 <= candidate's priority 1
2023-01-26 17:25:38,415 [grpc-default-executor-1] INFO  server.RaftServer$Division (RaftServerImpl.java:requestVote(1218)) - 2cc4737a-7f72-4ede-9604-67be23ac19b5@group-645E9061720E: receive requestVote(ELECTION, 122b4be6-0cee-49ba-a809-7fef5e0e1400, group-645E9061720E, 4, (t:0, i:0))
2023-01-26 17:25:38,415 [grpc-default-executor-0] INFO  server.RaftServer$Division (RaftServerImpl.java:setRole(321)) - d082cfae-03ac-47dd-a559-6fd7cb4436a1@group-645E9061720E: changes role from CANDIDATE to FOLLOWER at term 4 for candidate:122b4be6-0cee-49ba-a809-7fef5e0e1400
2023-01-26 17:25:38,416 [grpc-default-executor-1] INFO  impl.VoteContext (VoteContext.java:log(49)) - 2cc4737a-7f72-4ede-9604-67be23ac19b5@group-645E9061720E-FOLLOWER: accept ELECTION from 122b4be6-0cee-49ba-a809-7fef5e0e1400: our priority 0 <= candidate's priority 1
2023-01-26 17:25:38,416 [grpc-default-executor-0] INFO  impl.RoleInfo (RoleInfo.java:shutdownLeaderElection(130)) - d082cfae-03ac-47dd-a559-6fd7cb4436a1: shutdown d082cfae-03ac-47dd-a559-6fd7cb4436a1@group-645E9061720E-LeaderElection16
2023-01-26 17:25:38,416 [grpc-default-executor-1] INFO  server.RaftServer$Division (RaftServerImpl.java:setRole(321)) - 2cc4737a-7f72-4ede-9604-67be23ac19b5@group-645E9061720E: changes role from  FOLLOWER to FOLLOWER at term 4 for candidate:122b4be6-0cee-49ba-a809-7fef5e0e1400
2023-01-26 17:25:38,416 [grpc-default-executor-0] INFO  impl.RoleInfo (RoleInfo.java:updateAndGet(139)) - d082cfae-03ac-47dd-a559-6fd7cb4436a1: start d082cfae-03ac-47dd-a559-6fd7cb4436a1@group-645E9061720E-FollowerState
2023-01-26 17:25:38,416 [grpc-default-executor-1] INFO  impl.RoleInfo (RoleInfo.java:shutdownFollowerState(110)) - 2cc4737a-7f72-4ede-9604-67be23ac19b5: shutdown 2cc4737a-7f72-4ede-9604-67be23ac19b5@group-645E9061720E-FollowerState
2023-01-26 17:25:38,416 [d082cfae-03ac-47dd-a559-6fd7cb4436a1@group-645E9061720E-LeaderElection16] INFO  impl.LeaderElection (LeaderElection.java:run(233)) - d082cfae-03ac-47dd-a559-6fd7cb4436a1@group-645E9061720E-LeaderElection16: skip running since this is already CLOSING
2023-01-26 17:25:38,416 [grpc-default-executor-1] INFO  impl.RoleInfo (RoleInfo.java:updateAndGet(139)) - 2cc4737a-7f72-4ede-9604-67be23ac19b5: start 2cc4737a-7f72-4ede-9604-67be23ac19b5@group-645E9061720E-FollowerState
2023-01-26 17:25:38,416 [2cc4737a-7f72-4ede-9604-67be23ac19b5@group-645E9061720E-FollowerState] INFO  impl.FollowerState (FollowerState.java:run(152)) - 2cc4737a-7f72-4ede-9604-67be23ac19b5@group-645E9061720E-FollowerState was interrupted
2023-01-26 17:25:38,417 [d082cfae-03ac-47dd-a559-6fd7cb4436a1@group-645E9061720E-FollowerState] INFO  server.RaftServerConfigKeys (ConfUtils.java:logFallback(53)) - raft.server.rpc.first-election.timeout.min = 5s (fallback to raft.server.rpc.timeout.min)
2023-01-26 17:25:38,417 [d082cfae-03ac-47dd-a559-6fd7cb4436a1@group-645E9061720E-FollowerState] INFO  server.RaftServerConfigKeys (ConfUtils.java:logFallback(53)) - raft.server.rpc.first-election.timeout.max = 5200ms (fallback to raft.server.rpc.timeout.max)
2023-01-26 17:25:38,418 [grpc-default-executor-1] INFO  server.RaftServer$Division (RaftServerImpl.java:requestVote(1251)) - 2cc4737a-7f72-4ede-9604-67be23ac19b5@group-645E9061720E replies to ELECTION vote request: 122b4be6-0cee-49ba-a809-7fef5e0e1400<-2cc4737a-7f72-4ede-9604-67be23ac19b5#0:OK-t4. Peer's state: 2cc4737a-7f72-4ede-9604-67be23ac19b5@group-645E9061720E:t4, leader=null, voted=122b4be6-0cee-49ba-a809-7fef5e0e1400, raftlog=Memoized:2cc4737a-7f72-4ede-9604-67be23ac19b5@group-645E9061720E-SegmentedRaftLog:OPENED:c-1, conf=-1: peers:[122b4be6-0cee-49ba-a809-7fef5e0e1400|rpc:10.1.0.200:39289|dataStream:10.1.0.200:46437|priority:1|startupRole:FOLLOWER, 2cc4737a-7f72-4ede-9604-67be23ac19b5|rpc:10.1.0.200:34349|dataStream:10.1.0.200:45267|priority:0|startupRole:FOLLOWER, d082cfae-03ac-47dd-a559-6fd7cb4436a1|rpc:10.1.0.200:43095|dataStream:10.1.0.200:35799|priority:0|startupRole:FOLLOWER]|listeners:[], old=null
2023-01-26 17:25:38,418 [grpc-default-executor-0] INFO  server.RaftServer$Division (RaftServerImpl.java:requestVote(1251)) - d082cfae-03ac-47dd-a559-6fd7cb4436a1@group-645E9061720E replies to ELECTION vote request: 122b4be6-0cee-49ba-a809-7fef5e0e1400<-d082cfae-03ac-47dd-a559-6fd7cb4436a1#0:OK-t4. Peer's state: d082cfae-03ac-47dd-a559-6fd7cb4436a1@group-645E9061720E:t4, leader=null, voted=122b4be6-0cee-49ba-a809-7fef5e0e1400, raftlog=Memoized:d082cfae-03ac-47dd-a559-6fd7cb4436a1@group-645E9061720E-SegmentedRaftLog:OPENED:c-1, conf=-1: peers:[122b4be6-0cee-49ba-a809-7fef5e0e1400|rpc:10.1.0.200:39289|dataStream:10.1.0.200:46437|priority:1|startupRole:FOLLOWER, 2cc4737a-7f72-4ede-9604-67be23ac19b5|rpc:10.1.0.200:34349|dataStream:10.1.0.200:45267|priority:0|startupRole:FOLLOWER, d082cfae-03ac-47dd-a559-6fd7cb4436a1|rpc:10.1.0.200:43095|dataStream:10.1.0.200:35799|priority:0|startupRole:FOLLOWER]|listeners:[], old=null
2023-01-26 17:25:38,418 [2cc4737a-7f72-4ede-9604-67be23ac19b5@group-645E9061720E-FollowerState] INFO  server.RaftServerConfigKeys (ConfUtils.java:logFallback(53)) - raft.server.rpc.first-election.timeout.min = 5s (fallback to raft.server.rpc.timeout.min)
2023-01-26 17:25:38,421 [122b4be6-0cee-49ba-a809-7fef5e0e1400@group-645E9061720E-LeaderElection15] INFO  impl.LeaderElection (LeaderElection.java:logAndReturn(90)) - 122b4be6-0cee-49ba-a809-7fef5e0e1400@group-645E9061720E-LeaderElection15: ELECTION PASSED received 1 response(s) and 0 exception(s):
2023-01-26 17:25:38,422 [2cc4737a-7f72-4ede-9604-67be23ac19b5@group-645E9061720E-FollowerState] INFO  server.RaftServerConfigKeys (ConfUtils.java:logFallback(53)) - raft.server.rpc.first-election.timeout.max = 5200ms (fallback to raft.server.rpc.timeout.max)
2023-01-26 17:25:38,425 [122b4be6-0cee-49ba-a809-7fef5e0e1400@group-645E9061720E-LeaderElection15] INFO  impl.LeaderElection (LeaderElection.java:logAndReturn(94)) -   Response 0: 122b4be6-0cee-49ba-a809-7fef5e0e1400<-2cc4737a-7f72-4ede-9604-67be23ac19b5#0:OK-t4
2023-01-26 17:25:38,425 [122b4be6-0cee-49ba-a809-7fef5e0e1400@group-645E9061720E-LeaderElection15] INFO  impl.LeaderElection (LeaderElection.java:askForVotes(314)) - 122b4be6-0cee-49ba-a809-7fef5e0e1400@group-645E9061720E-LeaderElection15 ELECTION round 0: result PASSED
2023-01-26 17:25:38,425 [122b4be6-0cee-49ba-a809-7fef5e0e1400@group-645E9061720E-LeaderElection15] INFO  impl.RoleInfo (RoleInfo.java:shutdownLeaderElection(130)) - 122b4be6-0cee-49ba-a809-7fef5e0e1400: shutdown 122b4be6-0cee-49ba-a809-7fef5e0e1400@group-645E9061720E-LeaderElection15
2023-01-26 17:25:38,425 [122b4be6-0cee-49ba-a809-7fef5e0e1400@group-645E9061720E-LeaderElection15] INFO  server.RaftServer$Division (RaftServerImpl.java:setRole(321)) - 122b4be6-0cee-49ba-a809-7fef5e0e1400@group-645E9061720E: changes role from CANDIDATE to LEADER at term 4 for changeToLeader
2023-01-26 17:25:38,425 [122b4be6-0cee-49ba-a809-7fef5e0e1400@group-645E9061720E-LeaderElection15] INFO  ratis.XceiverServerRatis (XceiverServerRatis.java:handleLeaderChangedNotification(904)) - Leader change notification received for group: group-645E9061720E with new leaderId: 122b4be6-0cee-49ba-a809-7fef5e0e1400
2023-01-26 17:25:38,425 [122b4be6-0cee-49ba-a809-7fef5e0e1400@group-645E9061720E-LeaderElection15] INFO  server.RaftServer$Division (ServerState.java:setLeader(313)) - 122b4be6-0cee-49ba-a809-7fef5e0e1400@group-645E9061720E: change Leader from null to 122b4be6-0cee-49ba-a809-7fef5e0e1400 at term 4 for becomeLeader, leader elected after 20203ms
2023-01-26 17:25:38,425 [122b4be6-0cee-49ba-a809-7fef5e0e1400@group-645E9061720E-LeaderElection15] INFO  server.RaftServerConfigKeys (ConfUtils.java:logGet(46)) - raft.server.staging.catchup.gap = 1000 (default)
2023-01-26 17:25:38,425 [122b4be6-0cee-49ba-a809-7fef5e0e1400@group-645E9061720E-LeaderElection15] INFO  server.RaftServerConfigKeys (ConfUtils.java:logGet(46)) - raft.server.write.element-limit = 1024 (custom)
2023-01-26 17:25:38,425 [122b4be6-0cee-49ba-a809-7fef5e0e1400@group-645E9061720E-LeaderElection15] INFO  server.RaftServerConfigKeys (ConfUtils.java:logGet(46)) - raft.server.write.byte-limit = 1024 M (=1073741824) (custom)
2023-01-26 17:25:38,426 [122b4be6-0cee-49ba-a809-7fef5e0e1400@group-645E9061720E-LeaderElection15] INFO  server.RaftServerConfigKeys (ConfUtils.java:logGet(46)) - raft.server.watch.timeout = 3000ms (custom)
2023-01-26 17:25:38,426 [122b4be6-0cee-49ba-a809-7fef5e0e1400@group-645E9061720E-LeaderElection15] INFO  server.RaftServerConfigKeys (ConfUtils.java:logGet(46)) - raft.server.watch.timeout.denomination = 1s (default)
2023-01-26 17:25:38,426 [122b4be6-0cee-49ba-a809-7fef5e0e1400@group-645E9061720E-LeaderElection15] INFO  server.RaftServerConfigKeys (ConfUtils.java:logGet(46)) - raft.server.watch.element-limit = 65536 (default)
2023-01-26 17:25:38,426 [122b4be6-0cee-49ba-a809-7fef5e0e1400@group-645E9061720E-LeaderElection15] INFO  server.RaftServerConfigKeys (ConfUtils.java:logGet(46)) - raft.server.write.element-limit = 1024 (custom)
2023-01-26 17:25:38,426 [122b4be6-0cee-49ba-a809-7fef5e0e1400@group-645E9061720E-LeaderElection15] INFO  server.RaftServerConfigKeys (ConfUtils.java:logGet(46)) - raft.server.write.follower.gap.ratio.max = -1.0 (default)
2023-01-26 17:25:38,428 [EventQueue-PipelineReportForPipelineReportHandler] INFO  pipeline.PipelineManagerImpl (PipelineManagerImpl.java:openPipeline(367)) - Pipeline Pipeline[ Id: 894b5e50-d0aa-4189-909f-645e9061720e, Nodes: d082cfae-03ac-47dd-a559-6fd7cb4436a1(fv-az133-476.yhipumr4050edinzmvad0xeera.cx.internal.cloudapp.net/10.1.0.200)122b4be6-0cee-49ba-a809-7fef5e0e1400(fv-az133-476.yhipumr4050edinzmvad0xeera.cx.internal.cloudapp.net/10.1.0.200)2cc4737a-7f72-4ede-9604-67be23ac19b5(fv-az133-476.yhipumr4050edinzmvad0xeera.cx.internal.cloudapp.net/10.1.0.200), ReplicationConfig: RATIS/THREE, State:ALLOCATED, leaderId:122b4be6-0cee-49ba-a809-7fef5e0e1400, CreationTimestamp2023-01-26T17:25:15.184Z[Etc/UTC]] moved to OPEN state
2023-01-26 17:25:38,429 [EventQueue-OpenPipelineForHealthyPipelineSafeModeRule] INFO  safemode.SCMSafeModeManager (HealthyPipelineSafeModeRule.java:process(137)) - SCM in safe mode. Healthy pipelines reported count is 0, required healthy pipeline reported count is 1
2023-01-26 17:25:38,429 [EventQueue-OpenPipelineForHealthyPipelineSafeModeRule] INFO  safemode.SCMSafeModeManager (HealthyPipelineSafeModeRule.java:process(137)) - SCM in safe mode. Healthy pipelines reported count is 1, required healthy pipeline reported count is 1
2023-01-26 17:25:38,429 [EventQueue-OpenPipelineForHealthyPipelineSafeModeRule] INFO  safemode.SCMSafeModeManager (SCMSafeModeManager.java:validateSafeModeExitRules(200)) - HealthyPipelineSafeModeRule rule is successfully validated
2023-01-26 17:25:38,429 [EventQueue-OpenPipelineForHealthyPipelineSafeModeRule] INFO  safemode.SCMSafeModeManager (SCMSafeModeManager.java:validateSafeModeExitRules(215)) - ScmSafeModeManager, all rules are successfully validated
2023-01-26 17:25:38,429 [EventQueue-OpenPipelineForHealthyPipelineSafeModeRule] INFO  safemode.SCMSafeModeManager (SCMSafeModeManager.java:exitSafeMode(244)) - SCM exiting safe mode.
2023-01-26 17:25:38,429 [EventQueue-OpenPipelineForHealthyPipelineSafeModeRule] INFO  ha.SCMContext (SCMContext.java:updateSafeModeStatus(228)) - Update SafeModeStatus from SafeModeStatus{safeModeStatus=true, preCheckPassed=true} to SafeModeStatus{safeModeStatus=false, preCheckPassed=true}.
2023-01-26 17:25:38,429 [EventQueue-OpenPipelineForHealthyPipelineSafeModeRule] INFO  pipeline.BackgroundPipelineCreator (BackgroundPipelineCreator.java:notifyStatusChanged(254)) - Service BackgroundPipelineCreator transitions to RUNNING.
2023-01-26 17:25:38,429 [EventQueue-OpenPipelineForHealthyPipelineSafeModeRule] INFO  BackgroundPipelineScrubber (BackgroundSCMService.java:notifyStatusChanged(82)) - Service BackgroundPipelineScrubber transitions to RUNNING.
2023-01-26 17:25:38,429 [EventQueue-OpenPipelineForHealthyPipelineSafeModeRule] INFO  ExpiredContainerReplicaOpScrubber (BackgroundSCMService.java:notifyStatusChanged(82)) - Service ExpiredContainerReplicaOpScrubber transitions to RUNNING.
2023-01-26 17:25:38,429 [EventQueue-OpenPipelineForHealthyPipelineSafeModeRule] INFO  replication.ReplicationManager (ReplicationManager.java:notifyStatusChanged(935)) - Service ReplicationManager transitions to RUNNING.
2023-01-26 17:25:38,432 [EventQueue-OpenPipelineForHealthyPipelineSafeModeRule] WARN  balancer.ContainerBalancer (ContainerBalancer.java:shouldRun(131)) - Could not find persisted configuration for ContainerBalancer when checking if ContainerBalancer should run. ContainerBalancer should not run now.
2023-01-26 17:25:38,435 [122b4be6-0cee-49ba-a809-7fef5e0e1400@group-645E9061720E-LeaderElection15] INFO  server.RaftServerConfigKeys (ConfUtils.java:logGet(46)) - raft.server.log.appender.snapshot.chunk.size.max = 16MB (=16777216) (default)
2023-01-26 17:25:38,435 [122b4be6-0cee-49ba-a809-7fef5e0e1400@group-645E9061720E-LeaderElection15] INFO  server.RaftServerConfigKeys (ConfUtils.java:logGet(46)) - raft.server.log.appender.buffer.byte-limit = 33554432 (custom)
2023-01-26 17:25:38,435 [122b4be6-0cee-49ba-a809-7fef5e0e1400@group-645E9061720E-LeaderElection15] INFO  server.RaftServerConfigKeys (ConfUtils.java:logGet(46)) - raft.server.log.appender.buffer.element-limit = 1 (custom)
2023-01-26 17:25:38,437 [122b4be6-0cee-49ba-a809-7fef5e0e1400@group-645E9061720E-LeaderElection15] INFO  grpc.GrpcConfigKeys (ConfUtils.java:logGet(46)) - raft.grpc.server.leader.outstanding.appends.max = 128 (default)
2023-01-26 17:25:38,437 [122b4be6-0cee-49ba-a809-7fef5e0e1400@group-645E9061720E-LeaderElection15] INFO  server.RaftServerConfigKeys (ConfUtils.java:logGet(46)) - raft.server.rpc.request.timeout = 3000ms (default)
2023-01-26 17:25:38,437 [122b4be6-0cee-49ba-a809-7fef5e0e1400@group-645E9061720E-LeaderElection15] INFO  server.RaftServerConfigKeys (ConfUtils.java:logGet(46)) - raft.server.log.appender.install.snapshot.enabled = false (custom)
2023-01-26 17:25:38,437 [122b4be6-0cee-49ba-a809-7fef5e0e1400@group-645E9061720E-LeaderElection15] INFO  grpc.GrpcConfigKeys (ConfUtils.java:logGet(46)) - raft.grpc.server.heartbeat.channel = true (default)
2023-01-26 17:25:38,438 [122b4be6-0cee-49ba-a809-7fef5e0e1400@group-645E9061720E-LeaderElection15] INFO  server.RaftServerConfigKeys (ConfUtils.java:logGet(46)) - raft.server.log.appender.wait-time.min = 10ms (default)
2023-01-26 17:25:38,443 [122b4be6-0cee-49ba-a809-7fef5e0e1400@group-645E9061720E-LeaderElection15] INFO  server.RaftServerConfigKeys (ConfUtils.java:logGet(46)) - raft.server.log.appender.snapshot.chunk.size.max = 16MB (=16777216) (default)
2023-01-26 17:25:38,443 [122b4be6-0cee-49ba-a809-7fef5e0e1400@group-645E9061720E-LeaderElection15] INFO  server.RaftServerConfigKeys (ConfUtils.java:logGet(46)) - raft.server.log.appender.buffer.byte-limit = 33554432 (custom)
2023-01-26 17:25:38,445 [122b4be6-0cee-49ba-a809-7fef5e0e1400@group-645E9061720E-LeaderElection15] INFO  server.RaftServerConfigKeys (ConfUtils.java:logGet(46)) - raft.server.log.appender.buffer.element-limit = 1 (custom)
2023-01-26 17:25:38,445 [122b4be6-0cee-49ba-a809-7fef5e0e1400@group-645E9061720E-LeaderElection15] INFO  grpc.GrpcConfigKeys (ConfUtils.java:logGet(46)) - raft.grpc.server.leader.outstanding.appends.max = 128 (default)
2023-01-26 17:25:38,445 [122b4be6-0cee-49ba-a809-7fef5e0e1400@group-645E9061720E-LeaderElection15] INFO  server.RaftServerConfigKeys (ConfUtils.java:logGet(46)) - raft.server.rpc.request.timeout = 3000ms (default)
2023-01-26 17:25:38,445 [122b4be6-0cee-49ba-a809-7fef5e0e1400@group-645E9061720E-LeaderElection15] INFO  server.RaftServerConfigKeys (ConfUtils.java:logGet(46)) - raft.server.log.appender.install.snapshot.enabled = false (custom)
2023-01-26 17:25:38,445 [122b4be6-0cee-49ba-a809-7fef5e0e1400@group-645E9061720E-LeaderElection15] INFO  grpc.GrpcConfigKeys (ConfUtils.java:logGet(46)) - raft.grpc.server.heartbeat.channel = true (default)
2023-01-26 17:25:38,445 [122b4be6-0cee-49ba-a809-7fef5e0e1400@group-645E9061720E-LeaderElection15] INFO  server.RaftServerConfigKeys (ConfUtils.java:logGet(46)) - raft.server.log.appender.wait-time.min = 10ms (default)
2023-01-26 17:25:38,446 [122b4be6-0cee-49ba-a809-7fef5e0e1400@group-645E9061720E-LeaderElection15] INFO  impl.RoleInfo (RoleInfo.java:updateAndGet(139)) - 122b4be6-0cee-49ba-a809-7fef5e0e1400: start 122b4be6-0cee-49ba-a809-7fef5e0e1400@group-645E9061720E-LeaderStateImpl
2023-01-26 17:25:38,447 [122b4be6-0cee-49ba-a809-7fef5e0e1400@group-645E9061720E-LeaderElection15] INFO  segmented.SegmentedRaftLogWorker (SegmentedRaftLogWorker.java:startLogSegment(452)) - 122b4be6-0cee-49ba-a809-7fef5e0e1400@group-645E9061720E-SegmentedRaftLogWorker: Starting segment from index:0
2023-01-26 17:25:38,449 [122b4be6-0cee-49ba-a809-7fef5e0e1400@group-645E9061720E-SegmentedRaftLogWorker] INFO  segmented.SegmentedRaftLogWorker (SegmentedRaftLogWorker.java:execute(656)) - 122b4be6-0cee-49ba-a809-7fef5e0e1400@group-645E9061720E-SegmentedRaftLogWorker: created new log segment /home/runner/work/ozone/ozone/hadoop-ozone/integration-test/target/test-dir/MiniOzoneClusterImpl-21eb6502-c8cc-4b95-8a64-0224a41eaf0d/datanode-2/data/ratis/894b5e50-d0aa-4189-909f-645e9061720e/current/log_inprogress_0
2023-01-26 17:25:38,455 [122b4be6-0cee-49ba-a809-7fef5e0e1400@group-645E9061720E-LeaderElection15] INFO  server.RaftServer$Division (ServerState.java:setRaftConf(430)) - 122b4be6-0cee-49ba-a809-7fef5e0e1400@group-645E9061720E: set configuration 0: peers:[122b4be6-0cee-49ba-a809-7fef5e0e1400|rpc:10.1.0.200:39289|dataStream:10.1.0.200:46437|priority:1|startupRole:FOLLOWER, 2cc4737a-7f72-4ede-9604-67be23ac19b5|rpc:10.1.0.200:34349|dataStream:10.1.0.200:45267|priority:0|startupRole:FOLLOWER, d082cfae-03ac-47dd-a559-6fd7cb4436a1|rpc:10.1.0.200:43095|dataStream:10.1.0.200:35799|priority:0|startupRole:FOLLOWER]|listeners:[], old=null
2023-01-26 17:25:38,492 [d082cfae-03ac-47dd-a559-6fd7cb4436a1-server-thread2] INFO  ratis.XceiverServerRatis (XceiverServerRatis.java:handleLeaderChangedNotification(904)) - Leader change notification received for group: group-645E9061720E with new leaderId: 122b4be6-0cee-49ba-a809-7fef5e0e1400
2023-01-26 17:25:38,492 [d082cfae-03ac-47dd-a559-6fd7cb4436a1-server-thread2] INFO  server.RaftServer$Division (ServerState.java:setLeader(313)) - d082cfae-03ac-47dd-a559-6fd7cb4436a1@group-645E9061720E: change Leader from null to 122b4be6-0cee-49ba-a809-7fef5e0e1400 at term 4 for appendEntries, leader elected after 20508ms
2023-01-26 17:25:38,493 [2cc4737a-7f72-4ede-9604-67be23ac19b5-server-thread1] INFO  ratis.XceiverServerRatis (XceiverServerRatis.java:handleLeaderChangedNotification(904)) - Leader change notification received for group: group-645E9061720E with new leaderId: 122b4be6-0cee-49ba-a809-7fef5e0e1400
2023-01-26 17:25:38,493 [2cc4737a-7f72-4ede-9604-67be23ac19b5-server-thread1] INFO  server.RaftServer$Division (ServerState.java:setLeader(313)) - 2cc4737a-7f72-4ede-9604-67be23ac19b5@group-645E9061720E: change Leader from null to 122b4be6-0cee-49ba-a809-7fef5e0e1400 at term 4 for appendEntries, leader elected after 20289ms
2023-01-26 17:25:38,500 [d082cfae-03ac-47dd-a559-6fd7cb4436a1-server-thread2] INFO  server.RaftServer$Division (ServerState.java:setRaftConf(430)) - d082cfae-03ac-47dd-a559-6fd7cb4436a1@group-645E9061720E: set configuration 0: peers:[122b4be6-0cee-49ba-a809-7fef5e0e1400|rpc:10.1.0.200:39289|dataStream:10.1.0.200:46437|priority:1|startupRole:FOLLOWER, 2cc4737a-7f72-4ede-9604-67be23ac19b5|rpc:10.1.0.200:34349|dataStream:10.1.0.200:45267|priority:0|startupRole:FOLLOWER, d082cfae-03ac-47dd-a559-6fd7cb4436a1|rpc:10.1.0.200:43095|dataStream:10.1.0.200:35799|priority:0|startupRole:FOLLOWER]|listeners:[], old=null
2023-01-26 17:25:38,500 [d082cfae-03ac-47dd-a559-6fd7cb4436a1-server-thread2] INFO  segmented.SegmentedRaftLogWorker (SegmentedRaftLogWorker.java:startLogSegment(452)) - d082cfae-03ac-47dd-a559-6fd7cb4436a1@group-645E9061720E-SegmentedRaftLogWorker: Starting segment from index:0
2023-01-26 17:25:38,517 [d082cfae-03ac-47dd-a559-6fd7cb4436a1@group-645E9061720E-SegmentedRaftLogWorker] INFO  segmented.SegmentedRaftLogWorker (SegmentedRaftLogWorker.java:execute(656)) - d082cfae-03ac-47dd-a559-6fd7cb4436a1@group-645E9061720E-SegmentedRaftLogWorker: created new log segment /home/runner/work/ozone/ozone/hadoop-ozone/integration-test/target/test-dir/MiniOzoneClusterImpl-21eb6502-c8cc-4b95-8a64-0224a41eaf0d/datanode-0/data/ratis/894b5e50-d0aa-4189-909f-645e9061720e/current/log_inprogress_0
2023-01-26 17:25:38,523 [2cc4737a-7f72-4ede-9604-67be23ac19b5-server-thread3] INFO  server.RaftServer$Division (ServerState.java:setRaftConf(430)) - 2cc4737a-7f72-4ede-9604-67be23ac19b5@group-645E9061720E: set configuration 0: peers:[122b4be6-0cee-49ba-a809-7fef5e0e1400|rpc:10.1.0.200:39289|dataStream:10.1.0.200:46437|priority:1|startupRole:FOLLOWER, 2cc4737a-7f72-4ede-9604-67be23ac19b5|rpc:10.1.0.200:34349|dataStream:10.1.0.200:45267|priority:0|startupRole:FOLLOWER, d082cfae-03ac-47dd-a559-6fd7cb4436a1|rpc:10.1.0.200:43095|dataStream:10.1.0.200:35799|priority:0|startupRole:FOLLOWER]|listeners:[], old=null
2023-01-26 17:25:38,523 [2cc4737a-7f72-4ede-9604-67be23ac19b5-server-thread3] INFO  segmented.SegmentedRaftLogWorker (SegmentedRaftLogWorker.java:startLogSegment(452)) - 2cc4737a-7f72-4ede-9604-67be23ac19b5@group-645E9061720E-SegmentedRaftLogWorker: Starting segment from index:0
2023-01-26 17:25:38,524 [2cc4737a-7f72-4ede-9604-67be23ac19b5@group-645E9061720E-SegmentedRaftLogWorker] INFO  segmented.SegmentedRaftLogWorker (SegmentedRaftLogWorker.java:execute(656)) - 2cc4737a-7f72-4ede-9604-67be23ac19b5@group-645E9061720E-SegmentedRaftLogWorker: created new log segment /home/runner/work/ozone/ozone/hadoop-ozone/integration-test/target/test-dir/MiniOzoneClusterImpl-21eb6502-c8cc-4b95-8a64-0224a41eaf0d/datanode-1/data/ratis/894b5e50-d0aa-4189-909f-645e9061720e/current/log_inprogress_0
2023-01-26 17:25:38,855 [Listener at 127.0.0.1/34233] INFO  ozone.MiniOzoneClusterImpl (MiniOzoneClusterImpl.java:lambda$waitForClusterToBeReady$0(218)) - Nodes are ready. Got 5 of 5 DN Heartbeats.
2023-01-26 17:25:38,855 [Listener at 127.0.0.1/34233] INFO  ozone.MiniOzoneClusterImpl (MiniOzoneClusterImpl.java:lambda$waitForClusterToBeReady$0(221)) - Cluster exits safe mode
2023-01-26 17:25:38,855 [Listener at 127.0.0.1/34233] INFO  ozone.MiniOzoneClusterImpl (MiniOzoneClusterImpl.java:lambda$waitForClusterToBeReady$0(223)) - SCM became leader
2023-01-26 17:25:39,283 [Listener at 127.0.0.1/34233] INFO  freon.RandomKeyGenerator (RandomKeyGenerator.java:call(315)) - Number of Threads: 10
2023-01-26 17:25:39,313 [Listener at 127.0.0.1/34233] INFO  freon.RandomKeyGenerator (RandomKeyGenerator.java:call(320)) - Number of Volumes: 2.
2023-01-26 17:25:39,313 [Listener at 127.0.0.1/34233] INFO  freon.RandomKeyGenerator (RandomKeyGenerator.java:call(321)) - Number of Buckets per Volume: 5.
2023-01-26 17:25:39,313 [Listener at 127.0.0.1/34233] INFO  freon.RandomKeyGenerator (RandomKeyGenerator.java:call(322)) - Number of Keys per Bucket: 10.
2023-01-26 17:25:39,313 [Listener at 127.0.0.1/34233] INFO  freon.RandomKeyGenerator (RandomKeyGenerator.java:call(323)) - Key size: 10240 bytes
2023-01-26 17:25:39,313 [Listener at 127.0.0.1/34233] INFO  freon.RandomKeyGenerator (RandomKeyGenerator.java:call(324)) - Buffer size: 4096 bytes
2023-01-26 17:25:39,313 [Listener at 127.0.0.1/34233] INFO  freon.RandomKeyGenerator (RandomKeyGenerator.java:call(325)) - validateWrites : false
2023-01-26 17:25:39,313 [Listener at 127.0.0.1/34233] INFO  freon.RandomKeyGenerator (RandomKeyGenerator.java:call(326)) - Number of Validate Threads: 1
2023-01-26 17:25:39,313 [Listener at 127.0.0.1/34233] INFO  freon.RandomKeyGenerator (RandomKeyGenerator.java:call(327)) - cleanObjects : false
2023-01-26 17:25:39,320 [pool-201-thread-1] INFO  rpc.RpcClient (RpcClient.java:createVolume(474)) - Creating Volume: vol-0-75271, with runner as owner and space quota set to -1 bytes, counts quota set to -1
2023-01-26 17:25:39,321 [pool-201-thread-2] INFO  rpc.RpcClient (RpcClient.java:createVolume(474)) - Creating Volume: vol-1-76373, with runner as owner and space quota set to -1 bytes, counts quota set to -1
2023-01-26 17:25:39,332 [Listener at 127.0.0.1/34233] INFO  freon.RandomKeyGenerator (RandomKeyGenerator.java:call(349)) - Starting progress bar Thread.
2023-01-26 17:25:39,342 [Thread-347] INFO  freon.ProgressBar (ProgressBar.java:logProgressBar(163)) - Progress: 0.00 % (0 out of 100)
2023-01-26 17:25:39,373 [OM StateMachine ApplyTransaction Thread - 0] INFO  volume.OMVolumeCreateRequest (OMVolumeCreateRequest.java:validateAndUpdateCache(195)) - created volume:vol-1-76373 for user:runner
2023-01-26 17:25:39,374 [OM StateMachine ApplyTransaction Thread - 0] INFO  volume.OMVolumeCreateRequest (OMVolumeCreateRequest.java:validateAndUpdateCache(195)) - created volume:vol-0-75271 for user:runner
2023-01-26 17:25:39,394 [pool-201-thread-10] INFO  rpc.RpcClient (RpcClient.java:createBucket(693)) - Creating Bucket: vol-1-76373/bucket-3-26081, with server-side default bucket layout, runner as owner, Versioning false, Storage Type set to DISK and Encryption set to false 
2023-01-26 17:25:39,394 [pool-201-thread-4] INFO  rpc.RpcClient (RpcClient.java:createBucket(693)) - Creating Bucket: vol-1-76373/bucket-0-84071, with server-side default bucket layout, runner as owner, Versioning false, Storage Type set to DISK and Encryption set to false 
2023-01-26 17:25:39,395 [pool-201-thread-3] INFO  rpc.RpcClient (RpcClient.java:createBucket(693)) - Creating Bucket: vol-0-75271/bucket-0-00609, with server-side default bucket layout, runner as owner, Versioning false, Storage Type set to DISK and Encryption set to false 
2023-01-26 17:25:39,395 [pool-201-thread-5] INFO  rpc.RpcClient (RpcClient.java:createBucket(693)) - Creating Bucket: vol-0-75271/bucket-1-16466, with server-side default bucket layout, runner as owner, Versioning false, Storage Type set to DISK and Encryption set to false 
2023-01-26 17:25:39,395 [pool-201-thread-6] INFO  rpc.RpcClient (RpcClient.java:createBucket(693)) - Creating Bucket: vol-1-76373/bucket-1-67032, with server-side default bucket layout, runner as owner, Versioning false, Storage Type set to DISK and Encryption set to false 
2023-01-26 17:25:39,395 [pool-201-thread-7] INFO  rpc.RpcClient (RpcClient.java:createBucket(693)) - Creating Bucket: vol-0-75271/bucket-2-73864, with server-side default bucket layout, runner as owner, Versioning false, Storage Type set to DISK and Encryption set to false 
2023-01-26 17:25:39,394 [pool-201-thread-8] INFO  rpc.RpcClient (RpcClient.java:createBucket(693)) - Creating Bucket: vol-1-76373/bucket-2-86165, with server-side default bucket layout, runner as owner, Versioning false, Storage Type set to DISK and Encryption set to false 
2023-01-26 17:25:39,394 [pool-201-thread-9] INFO  rpc.RpcClient (RpcClient.java:createBucket(693)) - Creating Bucket: vol-0-75271/bucket-3-30939, with server-side default bucket layout, runner as owner, Versioning false, Storage Type set to DISK and Encryption set to false 
2023-01-26 17:25:39,398 [pool-201-thread-1] INFO  rpc.RpcClient (RpcClient.java:createBucket(693)) - Creating Bucket: vol-1-76373/bucket-4-58447, with server-side default bucket layout, runner as owner, Versioning false, Storage Type set to DISK and Encryption set to false 
2023-01-26 17:25:39,398 [pool-201-thread-2] INFO  rpc.RpcClient (RpcClient.java:createBucket(693)) - Creating Bucket: vol-0-75271/bucket-4-43299, with server-side default bucket layout, runner as owner, Versioning false, Storage Type set to DISK and Encryption set to false 
2023-01-26 17:25:39,417 [OM StateMachine ApplyTransaction Thread - 0] INFO  bucket.OMBucketCreateRequest (OMBucketCreateRequest.java:validateAndUpdateCache(263)) - created bucket: bucket-4-43299 of layout FILE_SYSTEM_OPTIMIZED in volume: vol-0-75271
2023-01-26 17:25:39,421 [OM StateMachine ApplyTransaction Thread - 0] INFO  bucket.OMBucketCreateRequest (OMBucketCreateRequest.java:validateAndUpdateCache(263)) - created bucket: bucket-4-58447 of layout FILE_SYSTEM_OPTIMIZED in volume: vol-1-76373
2023-01-26 17:25:39,421 [OM StateMachine ApplyTransaction Thread - 0] INFO  bucket.OMBucketCreateRequest (OMBucketCreateRequest.java:validateAndUpdateCache(263)) - created bucket: bucket-0-00609 of layout FILE_SYSTEM_OPTIMIZED in volume: vol-0-75271
2023-01-26 17:25:39,424 [OM StateMachine ApplyTransaction Thread - 0] INFO  bucket.OMBucketCreateRequest (OMBucketCreateRequest.java:validateAndUpdateCache(263)) - created bucket: bucket-1-67032 of layout FILE_SYSTEM_OPTIMIZED in volume: vol-1-76373
2023-01-26 17:25:39,426 [OM StateMachine ApplyTransaction Thread - 0] INFO  bucket.OMBucketCreateRequest (OMBucketCreateRequest.java:validateAndUpdateCache(263)) - created bucket: bucket-3-26081 of layout FILE_SYSTEM_OPTIMIZED in volume: vol-1-76373
2023-01-26 17:25:39,427 [OM StateMachine ApplyTransaction Thread - 0] INFO  bucket.OMBucketCreateRequest (OMBucketCreateRequest.java:validateAndUpdateCache(263)) - created bucket: bucket-0-84071 of layout FILE_SYSTEM_OPTIMIZED in volume: vol-1-76373
2023-01-26 17:25:39,429 [OM StateMachine ApplyTransaction Thread - 0] INFO  bucket.OMBucketCreateRequest (OMBucketCreateRequest.java:validateAndUpdateCache(263)) - created bucket: bucket-1-16466 of layout FILE_SYSTEM_OPTIMIZED in volume: vol-0-75271
2023-01-26 17:25:39,430 [OM StateMachine ApplyTransaction Thread - 0] INFO  bucket.OMBucketCreateRequest (OMBucketCreateRequest.java:validateAndUpdateCache(263)) - created bucket: bucket-2-86165 of layout FILE_SYSTEM_OPTIMIZED in volume: vol-1-76373
2023-01-26 17:25:39,432 [OM StateMachine ApplyTransaction Thread - 0] INFO  bucket.OMBucketCreateRequest (OMBucketCreateRequest.java:validateAndUpdateCache(263)) - created bucket: bucket-3-30939 of layout FILE_SYSTEM_OPTIMIZED in volume: vol-0-75271
2023-01-26 17:25:39,434 [OM StateMachine ApplyTransaction Thread - 0] INFO  bucket.OMBucketCreateRequest (OMBucketCreateRequest.java:validateAndUpdateCache(263)) - created bucket: bucket-2-73864 of layout FILE_SYSTEM_OPTIMIZED in volume: vol-0-75271
2023-01-26 17:25:39,823 [IPC Server handler 0 on default port 42545] INFO  pipeline.PipelineStateManagerImpl (PipelineStateManagerImpl.java:addPipeline(103)) - Created pipeline Pipeline[ Id: 95deace3-8f8a-4ddd-a281-10059df6be05, Nodes: 122b4be6-0cee-49ba-a809-7fef5e0e1400(fv-az133-476.yhipumr4050edinzmvad0xeera.cx.internal.cloudapp.net/10.1.0.200)d082cfae-03ac-47dd-a559-6fd7cb4436a1(fv-az133-476.yhipumr4050edinzmvad0xeera.cx.internal.cloudapp.net/10.1.0.200)2cc4737a-7f72-4ede-9604-67be23ac19b5(fv-az133-476.yhipumr4050edinzmvad0xeera.cx.internal.cloudapp.net/10.1.0.200)71f3d3ef-41ca-413f-b126-a07e725e6122(fv-az133-476.yhipumr4050edinzmvad0xeera.cx.internal.cloudapp.net/10.1.0.200)29fadfb4-950d-40e8-bbd4-05f10ea5ea2e(fv-az133-476.yhipumr4050edinzmvad0xeera.cx.internal.cloudapp.net/10.1.0.200), ReplicationConfig: EC/ECReplicationConfig{data=3, parity=2, ecChunkSize=1048576, codec=rs}, State:ALLOCATED, leaderId:, CreationTimestamp2023-01-26T17:25:39.822Z[Etc/UTC]].
2023-01-26 17:25:39,826 [IPC Server handler 0 on default port 42545] INFO  ha.SequenceIdGenerator (SequenceIdGenerator.java:getNextId(128)) - Allocate a batch for containerId, change lastId from 0 to 1000.
2023-01-26 17:25:39,836 [IPC Server handler 0 on default port 42545] INFO  pipeline.PipelineManagerImpl (PipelineManagerImpl.java:openPipeline(367)) - Pipeline Pipeline[ Id: 95deace3-8f8a-4ddd-a281-10059df6be05, Nodes: 122b4be6-0cee-49ba-a809-7fef5e0e1400(fv-az133-476.yhipumr4050edinzmvad0xeera.cx.internal.cloudapp.net/10.1.0.200)d082cfae-03ac-47dd-a559-6fd7cb4436a1(fv-az133-476.yhipumr4050edinzmvad0xeera.cx.internal.cloudapp.net/10.1.0.200)2cc4737a-7f72-4ede-9604-67be23ac19b5(fv-az133-476.yhipumr4050edinzmvad0xeera.cx.internal.cloudapp.net/10.1.0.200)71f3d3ef-41ca-413f-b126-a07e725e6122(fv-az133-476.yhipumr4050edinzmvad0xeera.cx.internal.cloudapp.net/10.1.0.200)29fadfb4-950d-40e8-bbd4-05f10ea5ea2e(fv-az133-476.yhipumr4050edinzmvad0xeera.cx.internal.cloudapp.net/10.1.0.200), ReplicationConfig: EC/ECReplicationConfig{data=3, parity=2, ecChunkSize=1048576, codec=rs}, State:ALLOCATED, leaderId:, CreationTimestamp2023-01-26T17:25:39.822Z[Etc/UTC]] moved to OPEN state
2023-01-26 17:25:39,837 [IPC Server handler 0 on default port 42545] WARN  ha.SequenceIdGenerator (SequenceIdGenerator.java:allocateBatch(237)) - Failed to allocate a batch for localId, expected lastId is 0, actual lastId is 111677748019200000.
2023-01-26 17:25:39,838 [IPC Server handler 0 on default port 42545] INFO  ha.SequenceIdGenerator (SequenceIdGenerator.java:getNextId(128)) - Allocate a batch for localId, change lastId from 111677748019200000 to 111677748019201000.
2023-01-26 17:25:39,838 [IPC Server handler 4 on default port 42545] INFO  pipeline.PipelineStateManagerImpl (PipelineStateManagerImpl.java:addPipeline(103)) - Created pipeline Pipeline[ Id: e46cc726-870d-42d1-a56d-08d9a0fad571, Nodes: 2cc4737a-7f72-4ede-9604-67be23ac19b5(fv-az133-476.yhipumr4050edinzmvad0xeera.cx.internal.cloudapp.net/10.1.0.200)29fadfb4-950d-40e8-bbd4-05f10ea5ea2e(fv-az133-476.yhipumr4050edinzmvad0xeera.cx.internal.cloudapp.net/10.1.0.200)d082cfae-03ac-47dd-a559-6fd7cb4436a1(fv-az133-476.yhipumr4050edinzmvad0xeera.cx.internal.cloudapp.net/10.1.0.200)71f3d3ef-41ca-413f-b126-a07e725e6122(fv-az133-476.yhipumr4050edinzmvad0xeera.cx.internal.cloudapp.net/10.1.0.200)122b4be6-0cee-49ba-a809-7fef5e0e1400(fv-az133-476.yhipumr4050edinzmvad0xeera.cx.internal.cloudapp.net/10.1.0.200), ReplicationConfig: EC/ECReplicationConfig{data=3, parity=2, ecChunkSize=1048576, codec=rs}, State:ALLOCATED, leaderId:, CreationTimestamp2023-01-26T17:25:39.838Z[Etc/UTC]].
2023-01-26 17:25:39,843 [IPC Server handler 4 on default port 42545] INFO  pipeline.PipelineManagerImpl (PipelineManagerImpl.java:openPipeline(367)) - Pipeline Pipeline[ Id: e46cc726-870d-42d1-a56d-08d9a0fad571, Nodes: 2cc4737a-7f72-4ede-9604-67be23ac19b5(fv-az133-476.yhipumr4050edinzmvad0xeera.cx.internal.cloudapp.net/10.1.0.200)29fadfb4-950d-40e8-bbd4-05f10ea5ea2e(fv-az133-476.yhipumr4050edinzmvad0xeera.cx.internal.cloudapp.net/10.1.0.200)d082cfae-03ac-47dd-a559-6fd7cb4436a1(fv-az133-476.yhipumr4050edinzmvad0xeera.cx.internal.cloudapp.net/10.1.0.200)71f3d3ef-41ca-413f-b126-a07e725e6122(fv-az133-476.yhipumr4050edinzmvad0xeera.cx.internal.cloudapp.net/10.1.0.200)122b4be6-0cee-49ba-a809-7fef5e0e1400(fv-az133-476.yhipumr4050edinzmvad0xeera.cx.internal.cloudapp.net/10.1.0.200), ReplicationConfig: EC/ECReplicationConfig{data=3, parity=2, ecChunkSize=1048576, codec=rs}, State:ALLOCATED, leaderId:, CreationTimestamp2023-01-26T17:25:39.838Z[Etc/UTC]] moved to OPEN state
2023-01-26 17:25:39,845 [IPC Server handler 3 on default port 42545] INFO  pipeline.PipelineStateManagerImpl (PipelineStateManagerImpl.java:addPipeline(103)) - Created pipeline Pipeline[ Id: 8c8e4e90-62a1-4fbc-8728-d1dd545e2ebb, Nodes: 2cc4737a-7f72-4ede-9604-67be23ac19b5(fv-az133-476.yhipumr4050edinzmvad0xeera.cx.internal.cloudapp.net/10.1.0.200)d082cfae-03ac-47dd-a559-6fd7cb4436a1(fv-az133-476.yhipumr4050edinzmvad0xeera.cx.internal.cloudapp.net/10.1.0.200)29fadfb4-950d-40e8-bbd4-05f10ea5ea2e(fv-az133-476.yhipumr4050edinzmvad0xeera.cx.internal.cloudapp.net/10.1.0.200)122b4be6-0cee-49ba-a809-7fef5e0e1400(fv-az133-476.yhipumr4050edinzmvad0xeera.cx.internal.cloudapp.net/10.1.0.200)71f3d3ef-41ca-413f-b126-a07e725e6122(fv-az133-476.yhipumr4050edinzmvad0xeera.cx.internal.cloudapp.net/10.1.0.200), ReplicationConfig: EC/ECReplicationConfig{data=3, parity=2, ecChunkSize=1048576, codec=rs}, State:ALLOCATED, leaderId:, CreationTimestamp2023-01-26T17:25:39.845Z[Etc/UTC]].
2023-01-26 17:25:39,846 [IPC Server handler 3 on default port 42545] INFO  pipeline.PipelineManagerImpl (PipelineManagerImpl.java:openPipeline(367)) - Pipeline Pipeline[ Id: 8c8e4e90-62a1-4fbc-8728-d1dd545e2ebb, Nodes: 2cc4737a-7f72-4ede-9604-67be23ac19b5(fv-az133-476.yhipumr4050edinzmvad0xeera.cx.internal.cloudapp.net/10.1.0.200)d082cfae-03ac-47dd-a559-6fd7cb4436a1(fv-az133-476.yhipumr4050edinzmvad0xeera.cx.internal.cloudapp.net/10.1.0.200)29fadfb4-950d-40e8-bbd4-05f10ea5ea2e(fv-az133-476.yhipumr4050edinzmvad0xeera.cx.internal.cloudapp.net/10.1.0.200)122b4be6-0cee-49ba-a809-7fef5e0e1400(fv-az133-476.yhipumr4050edinzmvad0xeera.cx.internal.cloudapp.net/10.1.0.200)71f3d3ef-41ca-413f-b126-a07e725e6122(fv-az133-476.yhipumr4050edinzmvad0xeera.cx.internal.cloudapp.net/10.1.0.200), ReplicationConfig: EC/ECReplicationConfig{data=3, parity=2, ecChunkSize=1048576, codec=rs}, State:ALLOCATED, leaderId:, CreationTimestamp2023-01-26T17:25:39.845Z[Etc/UTC]] moved to OPEN state
2023-01-26 17:25:39,848 [IPC Server handler 14 on default port 42545] INFO  pipeline.PipelineStateManagerImpl (PipelineStateManagerImpl.java:addPipeline(103)) - Created pipeline Pipeline[ Id: 57b99ff4-ed24-4c45-9d9f-59a26151636f, Nodes: 29fadfb4-950d-40e8-bbd4-05f10ea5ea2e(fv-az133-476.yhipumr4050edinzmvad0xeera.cx.internal.cloudapp.net/10.1.0.200)d082cfae-03ac-47dd-a559-6fd7cb4436a1(fv-az133-476.yhipumr4050edinzmvad0xeera.cx.internal.cloudapp.net/10.1.0.200)122b4be6-0cee-49ba-a809-7fef5e0e1400(fv-az133-476.yhipumr4050edinzmvad0xeera.cx.internal.cloudapp.net/10.1.0.200)71f3d3ef-41ca-413f-b126-a07e725e6122(fv-az133-476.yhipumr4050edinzmvad0xeera.cx.internal.cloudapp.net/10.1.0.200)2cc4737a-7f72-4ede-9604-67be23ac19b5(fv-az133-476.yhipumr4050edinzmvad0xeera.cx.internal.cloudapp.net/10.1.0.200), ReplicationConfig: EC/ECReplicationConfig{data=3, parity=2, ecChunkSize=1048576, codec=rs}, State:ALLOCATED, leaderId:, CreationTimestamp2023-01-26T17:25:39.848Z[Etc/UTC]].
2023-01-26 17:25:39,849 [IPC Server handler 14 on default port 42545] INFO  pipeline.PipelineManagerImpl (PipelineManagerImpl.java:openPipeline(367)) - Pipeline Pipeline[ Id: 57b99ff4-ed24-4c45-9d9f-59a26151636f, Nodes: 29fadfb4-950d-40e8-bbd4-05f10ea5ea2e(fv-az133-476.yhipumr4050edinzmvad0xeera.cx.internal.cloudapp.net/10.1.0.200)d082cfae-03ac-47dd-a559-6fd7cb4436a1(fv-az133-476.yhipumr4050edinzmvad0xeera.cx.internal.cloudapp.net/10.1.0.200)122b4be6-0cee-49ba-a809-7fef5e0e1400(fv-az133-476.yhipumr4050edinzmvad0xeera.cx.internal.cloudapp.net/10.1.0.200)71f3d3ef-41ca-413f-b126-a07e725e6122(fv-az133-476.yhipumr4050edinzmvad0xeera.cx.internal.cloudapp.net/10.1.0.200)2cc4737a-7f72-4ede-9604-67be23ac19b5(fv-az133-476.yhipumr4050edinzmvad0xeera.cx.internal.cloudapp.net/10.1.0.200), ReplicationConfig: EC/ECReplicationConfig{data=3, parity=2, ecChunkSize=1048576, codec=rs}, State:ALLOCATED, leaderId:, CreationTimestamp2023-01-26T17:25:39.848Z[Etc/UTC]] moved to OPEN state
2023-01-26 17:25:39,850 [IPC Server handler 15 on default port 42545] INFO  pipeline.PipelineStateManagerImpl (PipelineStateManagerImpl.java:addPipeline(103)) - Created pipeline Pipeline[ Id: d8315157-d0db-4232-a384-b65c6a1eb42a, Nodes: d082cfae-03ac-47dd-a559-6fd7cb4436a1(fv-az133-476.yhipumr4050edinzmvad0xeera.cx.internal.cloudapp.net/10.1.0.200)29fadfb4-950d-40e8-bbd4-05f10ea5ea2e(fv-az133-476.yhipumr4050edinzmvad0xeera.cx.internal.cloudapp.net/10.1.0.200)71f3d3ef-41ca-413f-b126-a07e725e6122(fv-az133-476.yhipumr4050edinzmvad0xeera.cx.internal.cloudapp.net/10.1.0.200)122b4be6-0cee-49ba-a809-7fef5e0e1400(fv-az133-476.yhipumr4050edinzmvad0xeera.cx.internal.cloudapp.net/10.1.0.200)2cc4737a-7f72-4ede-9604-67be23ac19b5(fv-az133-476.yhipumr4050edinzmvad0xeera.cx.internal.cloudapp.net/10.1.0.200), ReplicationConfig: EC/ECReplicationConfig{data=3, parity=2, ecChunkSize=1048576, codec=rs}, State:ALLOCATED, leaderId:, CreationTimestamp2023-01-26T17:25:39.850Z[Etc/UTC]].
2023-01-26 17:25:39,851 [IPC Server handler 15 on default port 42545] INFO  pipeline.PipelineManagerImpl (PipelineManagerImpl.java:openPipeline(367)) - Pipeline Pipeline[ Id: d8315157-d0db-4232-a384-b65c6a1eb42a, Nodes: d082cfae-03ac-47dd-a559-6fd7cb4436a1(fv-az133-476.yhipumr4050edinzmvad0xeera.cx.internal.cloudapp.net/10.1.0.200)29fadfb4-950d-40e8-bbd4-05f10ea5ea2e(fv-az133-476.yhipumr4050edinzmvad0xeera.cx.internal.cloudapp.net/10.1.0.200)71f3d3ef-41ca-413f-b126-a07e725e6122(fv-az133-476.yhipumr4050edinzmvad0xeera.cx.internal.cloudapp.net/10.1.0.200)122b4be6-0cee-49ba-a809-7fef5e0e1400(fv-az133-476.yhipumr4050edinzmvad0xeera.cx.internal.cloudapp.net/10.1.0.200)2cc4737a-7f72-4ede-9604-67be23ac19b5(fv-az133-476.yhipumr4050edinzmvad0xeera.cx.internal.cloudapp.net/10.1.0.200), ReplicationConfig: EC/ECReplicationConfig{data=3, parity=2, ecChunkSize=1048576, codec=rs}, State:ALLOCATED, leaderId:, CreationTimestamp2023-01-26T17:25:39.850Z[Etc/UTC]] moved to OPEN state
2023-01-26 17:25:40,044 [pool-201-thread-3] WARN  erasurecode.ErasureCodeNative (ErasureCodeNative.java:<clinit>(55)) - ISA-L support is not available in your platform... using builtin-java codec where applicable
2023-01-26 17:25:40,182 [pool-208-thread-1] INFO  impl.MetricsSystemImpl (MetricsSystemImpl.java:init(158)) - XceiverClientMetrics metrics system started (again)
2023-01-26 17:25:40,342 [Thread-347] INFO  freon.ProgressBar (ProgressBar.java:logProgressBar(163)) - Progress: 10.00 % (10 out of 100)
2023-01-26 17:25:41,343 [Thread-347] INFO  freon.ProgressBar (ProgressBar.java:logProgressBar(163)) - Progress: 22.00 % (22 out of 100)
2023-01-26 17:25:42,343 [Thread-347] INFO  freon.ProgressBar (ProgressBar.java:logProgressBar(163)) - Progress: 55.00 % (55 out of 100)
2023-01-26 17:25:42,753 [d082cfae-03ac-47dd-a559-6fd7cb4436a1@group-EF15663C4850-FollowerState] INFO  impl.FollowerState (FollowerState.java:run(143)) - d082cfae-03ac-47dd-a559-6fd7cb4436a1@group-EF15663C4850-FollowerState: change to CANDIDATE, lastRpcElapsedTime:5011644428ns, electionTimeout:5011ms
2023-01-26 17:25:42,753 [d082cfae-03ac-47dd-a559-6fd7cb4436a1@group-EF15663C4850-FollowerState] INFO  impl.RoleInfo (RoleInfo.java:shutdownFollowerState(110)) - d082cfae-03ac-47dd-a559-6fd7cb4436a1: shutdown d082cfae-03ac-47dd-a559-6fd7cb4436a1@group-EF15663C4850-FollowerState
2023-01-26 17:25:42,753 [d082cfae-03ac-47dd-a559-6fd7cb4436a1@group-EF15663C4850-FollowerState] INFO  server.RaftServer$Division (RaftServerImpl.java:setRole(321)) - d082cfae-03ac-47dd-a559-6fd7cb4436a1@group-EF15663C4850: changes role from  FOLLOWER to CANDIDATE at term 4 for changeToCandidate
2023-01-26 17:25:42,781 [d082cfae-03ac-47dd-a559-6fd7cb4436a1@group-EF15663C4850-FollowerState] INFO  server.RaftServerConfigKeys (ConfUtils.java:logGet(46)) - raft.server.leaderelection.pre-vote = false (custom)
2023-01-26 17:25:42,781 [d082cfae-03ac-47dd-a559-6fd7cb4436a1@group-EF15663C4850-FollowerState] INFO  impl.RoleInfo (RoleInfo.java:updateAndGet(139)) - d082cfae-03ac-47dd-a559-6fd7cb4436a1: start d082cfae-03ac-47dd-a559-6fd7cb4436a1@group-EF15663C4850-LeaderElection17
2023-01-26 17:25:42,837 [d082cfae-03ac-47dd-a559-6fd7cb4436a1@group-EF15663C4850-LeaderElection17] INFO  impl.LeaderElection (LeaderElection.java:askForVotes(312)) - d082cfae-03ac-47dd-a559-6fd7cb4436a1@group-EF15663C4850-LeaderElection17 ELECTION round 0: submit vote requests at term 5 for -1: peers:[122b4be6-0cee-49ba-a809-7fef5e0e1400|rpc:10.1.0.200:39289|dataStream:10.1.0.200:46437|priority:0|startupRole:FOLLOWER, 2cc4737a-7f72-4ede-9604-67be23ac19b5|rpc:10.1.0.200:34349|dataStream:10.1.0.200:45267|priority:1|startupRole:FOLLOWER, d082cfae-03ac-47dd-a559-6fd7cb4436a1|rpc:10.1.0.200:43095|dataStream:10.1.0.200:35799|priority:0|startupRole:FOLLOWER]|listeners:[], old=null
2023-01-26 17:25:42,880 [grpc-default-executor-11] INFO  server.RaftServer$Division (RaftServerImpl.java:requestVote(1218)) - 122b4be6-0cee-49ba-a809-7fef5e0e1400@group-EF15663C4850: receive requestVote(ELECTION, d082cfae-03ac-47dd-a559-6fd7cb4436a1, group-EF15663C4850, 5, (t:0, i:0))
2023-01-26 17:25:42,881 [grpc-default-executor-11] INFO  impl.VoteContext (VoteContext.java:log(49)) - 122b4be6-0cee-49ba-a809-7fef5e0e1400@group-EF15663C4850-FOLLOWER: accept ELECTION from d082cfae-03ac-47dd-a559-6fd7cb4436a1: our priority 0 <= candidate's priority 0
2023-01-26 17:25:42,881 [grpc-default-executor-11] INFO  server.RaftServer$Division (RaftServerImpl.java:setRole(321)) - 122b4be6-0cee-49ba-a809-7fef5e0e1400@group-EF15663C4850: changes role from  FOLLOWER to FOLLOWER at term 5 for candidate:d082cfae-03ac-47dd-a559-6fd7cb4436a1
2023-01-26 17:25:42,881 [grpc-default-executor-11] INFO  impl.RoleInfo (RoleInfo.java:shutdownFollowerState(110)) - 122b4be6-0cee-49ba-a809-7fef5e0e1400: shutdown 122b4be6-0cee-49ba-a809-7fef5e0e1400@group-EF15663C4850-FollowerState
2023-01-26 17:25:42,887 [d082cfae-03ac-47dd-a559-6fd7cb4436a1@group-EF15663C4850-LeaderElection17] INFO  server.RaftServerConfigKeys (ConfUtils.java:logFallback(53)) - raft.server.rpc.first-election.timeout.min = 5s (fallback to raft.server.rpc.timeout.min)
2023-01-26 17:25:42,887 [d082cfae-03ac-47dd-a559-6fd7cb4436a1@group-EF15663C4850-LeaderElection17] INFO  server.RaftServerConfigKeys (ConfUtils.java:logFallback(53)) - raft.server.rpc.first-election.timeout.max = 5200ms (fallback to raft.server.rpc.timeout.max)
2023-01-26 17:25:42,887 [2cc4737a-7f72-4ede-9604-67be23ac19b5@group-EF15663C4850-FollowerState] INFO  impl.FollowerState (FollowerState.java:run(143)) - 2cc4737a-7f72-4ede-9604-67be23ac19b5@group-EF15663C4850-FollowerState: change to CANDIDATE, lastRpcElapsedTime:5128967866ns, electionTimeout:5125ms
2023-01-26 17:25:42,887 [2cc4737a-7f72-4ede-9604-67be23ac19b5@group-EF15663C4850-FollowerState] INFO  impl.RoleInfo (RoleInfo.java:shutdownFollowerState(110)) - 2cc4737a-7f72-4ede-9604-67be23ac19b5: shutdown 2cc4737a-7f72-4ede-9604-67be23ac19b5@group-EF15663C4850-FollowerState
2023-01-26 17:25:42,887 [2cc4737a-7f72-4ede-9604-67be23ac19b5@group-EF15663C4850-FollowerState] INFO  server.RaftServer$Division (RaftServerImpl.java:setRole(321)) - 2cc4737a-7f72-4ede-9604-67be23ac19b5@group-EF15663C4850: changes role from  FOLLOWER to CANDIDATE at term 4 for changeToCandidate
2023-01-26 17:25:42,907 [122b4be6-0cee-49ba-a809-7fef5e0e1400@group-EF15663C4850-FollowerState] INFO  impl.FollowerState (FollowerState.java:shouldRun(117)) - 122b4be6-0cee-49ba-a809-7fef5e0e1400@group-EF15663C4850-FollowerState: Stopping now (isRunning? false, role = FOLLOWER)
2023-01-26 17:25:42,911 [2cc4737a-7f72-4ede-9604-67be23ac19b5@group-EF15663C4850-FollowerState] INFO  server.RaftServerConfigKeys (ConfUtils.java:logGet(46)) - raft.server.leaderelection.pre-vote = false (custom)
2023-01-26 17:25:42,911 [2cc4737a-7f72-4ede-9604-67be23ac19b5@group-EF15663C4850-FollowerState] INFO  impl.RoleInfo (RoleInfo.java:updateAndGet(139)) - 2cc4737a-7f72-4ede-9604-67be23ac19b5: start 2cc4737a-7f72-4ede-9604-67be23ac19b5@group-EF15663C4850-LeaderElection18
2023-01-26 17:25:42,924 [grpc-default-executor-11] INFO  impl.RoleInfo (RoleInfo.java:updateAndGet(139)) - 122b4be6-0cee-49ba-a809-7fef5e0e1400: start 122b4be6-0cee-49ba-a809-7fef5e0e1400@group-EF15663C4850-FollowerState
2023-01-26 17:25:42,925 [2cc4737a-7f72-4ede-9604-67be23ac19b5@group-EF15663C4850-LeaderElection18] INFO  impl.LeaderElection (LeaderElection.java:askForVotes(312)) - 2cc4737a-7f72-4ede-9604-67be23ac19b5@group-EF15663C4850-LeaderElection18 ELECTION round 0: submit vote requests at term 5 for -1: peers:[122b4be6-0cee-49ba-a809-7fef5e0e1400|rpc:10.1.0.200:39289|dataStream:10.1.0.200:46437|priority:0|startupRole:FOLLOWER, 2cc4737a-7f72-4ede-9604-67be23ac19b5|rpc:10.1.0.200:34349|dataStream:10.1.0.200:45267|priority:1|startupRole:FOLLOWER, d082cfae-03ac-47dd-a559-6fd7cb4436a1|rpc:10.1.0.200:43095|dataStream:10.1.0.200:35799|priority:0|startupRole:FOLLOWER]|listeners:[], old=null
2023-01-26 17:25:42,926 [122b4be6-0cee-49ba-a809-7fef5e0e1400@group-EF15663C4850-FollowerState] INFO  server.RaftServerConfigKeys (ConfUtils.java:logFallback(53)) - raft.server.rpc.first-election.timeout.min = 5s (fallback to raft.server.rpc.timeout.min)
2023-01-26 17:25:42,926 [122b4be6-0cee-49ba-a809-7fef5e0e1400@group-EF15663C4850-FollowerState] INFO  server.RaftServerConfigKeys (ConfUtils.java:logFallback(53)) - raft.server.rpc.first-election.timeout.max = 5200ms (fallback to raft.server.rpc.timeout.max)
2023-01-26 17:25:42,926 [grpc-default-executor-11] INFO  server.RaftServer$Division (RaftServerImpl.java:requestVote(1251)) - 122b4be6-0cee-49ba-a809-7fef5e0e1400@group-EF15663C4850 replies to ELECTION vote request: d082cfae-03ac-47dd-a559-6fd7cb4436a1<-122b4be6-0cee-49ba-a809-7fef5e0e1400#0:OK-t5. Peer's state: 122b4be6-0cee-49ba-a809-7fef5e0e1400@group-EF15663C4850:t5, leader=null, voted=d082cfae-03ac-47dd-a559-6fd7cb4436a1, raftlog=Memoized:122b4be6-0cee-49ba-a809-7fef5e0e1400@group-EF15663C4850-SegmentedRaftLog:OPENED:c-1, conf=-1: peers:[122b4be6-0cee-49ba-a809-7fef5e0e1400|rpc:10.1.0.200:39289|dataStream:10.1.0.200:46437|priority:0|startupRole:FOLLOWER, 2cc4737a-7f72-4ede-9604-67be23ac19b5|rpc:10.1.0.200:34349|dataStream:10.1.0.200:45267|priority:1|startupRole:FOLLOWER, d082cfae-03ac-47dd-a559-6fd7cb4436a1|rpc:10.1.0.200:43095|dataStream:10.1.0.200:35799|priority:0|startupRole:FOLLOWER]|listeners:[], old=null
2023-01-26 17:25:42,931 [grpc-default-executor-0] INFO  server.RaftServer$Division (RaftServerImpl.java:requestVote(1218)) - 2cc4737a-7f72-4ede-9604-67be23ac19b5@group-EF15663C4850: receive requestVote(ELECTION, d082cfae-03ac-47dd-a559-6fd7cb4436a1, group-EF15663C4850, 5, (t:0, i:0))
2023-01-26 17:25:42,931 [grpc-default-executor-0] INFO  impl.VoteContext (VoteContext.java:log(49)) - 2cc4737a-7f72-4ede-9604-67be23ac19b5@group-EF15663C4850-CANDIDATE: reject ELECTION from d082cfae-03ac-47dd-a559-6fd7cb4436a1: already has voted for 2cc4737a-7f72-4ede-9604-67be23ac19b5 at current term 5
2023-01-26 17:25:42,931 [grpc-default-executor-0] INFO  server.RaftServer$Division (RaftServerImpl.java:requestVote(1251)) - 2cc4737a-7f72-4ede-9604-67be23ac19b5@group-EF15663C4850 replies to ELECTION vote request: d082cfae-03ac-47dd-a559-6fd7cb4436a1<-2cc4737a-7f72-4ede-9604-67be23ac19b5#0:FAIL-t5. Peer's state: 2cc4737a-7f72-4ede-9604-67be23ac19b5@group-EF15663C4850:t5, leader=null, voted=2cc4737a-7f72-4ede-9604-67be23ac19b5, raftlog=Memoized:2cc4737a-7f72-4ede-9604-67be23ac19b5@group-EF15663C4850-SegmentedRaftLog:OPENED:c-1, conf=-1: peers:[122b4be6-0cee-49ba-a809-7fef5e0e1400|rpc:10.1.0.200:39289|dataStream:10.1.0.200:46437|priority:0|startupRole:FOLLOWER, 2cc4737a-7f72-4ede-9604-67be23ac19b5|rpc:10.1.0.200:34349|dataStream:10.1.0.200:45267|priority:1|startupRole:FOLLOWER, d082cfae-03ac-47dd-a559-6fd7cb4436a1|rpc:10.1.0.200:43095|dataStream:10.1.0.200:35799|priority:0|startupRole:FOLLOWER]|listeners:[], old=null
2023-01-26 17:25:42,962 [d082cfae-03ac-47dd-a559-6fd7cb4436a1@group-EF15663C4850-LeaderElection17] INFO  impl.LeaderElection (LeaderElection.java:logAndReturn(90)) - d082cfae-03ac-47dd-a559-6fd7cb4436a1@group-EF15663C4850-LeaderElection17: ELECTION REJECTED received 2 response(s) and 0 exception(s):
2023-01-26 17:25:42,962 [d082cfae-03ac-47dd-a559-6fd7cb4436a1@group-EF15663C4850-LeaderElection17] INFO  impl.LeaderElection (LeaderElection.java:logAndReturn(94)) -   Response 0: d082cfae-03ac-47dd-a559-6fd7cb4436a1<-122b4be6-0cee-49ba-a809-7fef5e0e1400#0:OK-t5
2023-01-26 17:25:42,962 [d082cfae-03ac-47dd-a559-6fd7cb4436a1@group-EF15663C4850-LeaderElection17] INFO  impl.LeaderElection (LeaderElection.java:logAndReturn(94)) -   Response 1: d082cfae-03ac-47dd-a559-6fd7cb4436a1<-2cc4737a-7f72-4ede-9604-67be23ac19b5#0:FAIL-t5
2023-01-26 17:25:42,967 [grpc-default-executor-1] INFO  server.RaftServer$Division (RaftServerImpl.java:requestVote(1218)) - 122b4be6-0cee-49ba-a809-7fef5e0e1400@group-EF15663C4850: receive requestVote(ELECTION, 2cc4737a-7f72-4ede-9604-67be23ac19b5, group-EF15663C4850, 5, (t:0, i:0))
2023-01-26 17:25:42,967 [grpc-default-executor-1] INFO  impl.VoteContext (VoteContext.java:log(49)) - 122b4be6-0cee-49ba-a809-7fef5e0e1400@group-EF15663C4850-FOLLOWER: reject ELECTION from 2cc4737a-7f72-4ede-9604-67be23ac19b5: already has voted for d082cfae-03ac-47dd-a559-6fd7cb4436a1 at current term 5
2023-01-26 17:25:42,967 [grpc-default-executor-1] INFO  server.RaftServer$Division (RaftServerImpl.java:requestVote(1251)) - 122b4be6-0cee-49ba-a809-7fef5e0e1400@group-EF15663C4850 replies to ELECTION vote request: 2cc4737a-7f72-4ede-9604-67be23ac19b5<-122b4be6-0cee-49ba-a809-7fef5e0e1400#0:FAIL-t5. Peer's state: 122b4be6-0cee-49ba-a809-7fef5e0e1400@group-EF15663C4850:t5, leader=null, voted=d082cfae-03ac-47dd-a559-6fd7cb4436a1, raftlog=Memoized:122b4be6-0cee-49ba-a809-7fef5e0e1400@group-EF15663C4850-SegmentedRaftLog:OPENED:c-1, conf=-1: peers:[122b4be6-0cee-49ba-a809-7fef5e0e1400|rpc:10.1.0.200:39289|dataStream:10.1.0.200:46437|priority:0|startupRole:FOLLOWER, 2cc4737a-7f72-4ede-9604-67be23ac19b5|rpc:10.1.0.200:34349|dataStream:10.1.0.200:45267|priority:1|startupRole:FOLLOWER, d082cfae-03ac-47dd-a559-6fd7cb4436a1|rpc:10.1.0.200:43095|dataStream:10.1.0.200:35799|priority:0|startupRole:FOLLOWER]|listeners:[], old=null
2023-01-26 17:25:42,968 [2cc4737a-7f72-4ede-9604-67be23ac19b5@group-EF15663C4850-LeaderElection18] INFO  server.RaftServerConfigKeys (ConfUtils.java:logFallback(53)) - raft.server.rpc.first-election.timeout.min = 5s (fallback to raft.server.rpc.timeout.min)
2023-01-26 17:25:42,968 [2cc4737a-7f72-4ede-9604-67be23ac19b5@group-EF15663C4850-LeaderElection18] INFO  server.RaftServerConfigKeys (ConfUtils.java:logFallback(53)) - raft.server.rpc.first-election.timeout.max = 5200ms (fallback to raft.server.rpc.timeout.max)
2023-01-26 17:25:42,969 [grpc-default-executor-1] INFO  server.RaftServer$Division (RaftServerImpl.java:requestVote(1218)) - d082cfae-03ac-47dd-a559-6fd7cb4436a1@group-EF15663C4850: receive requestVote(ELECTION, 2cc4737a-7f72-4ede-9604-67be23ac19b5, group-EF15663C4850, 5, (t:0, i:0))
2023-01-26 17:25:42,969 [grpc-default-executor-1] INFO  impl.VoteContext (VoteContext.java:log(49)) - d082cfae-03ac-47dd-a559-6fd7cb4436a1@group-EF15663C4850-CANDIDATE: reject ELECTION from 2cc4737a-7f72-4ede-9604-67be23ac19b5: already has voted for d082cfae-03ac-47dd-a559-6fd7cb4436a1 at current term 5
2023-01-26 17:25:42,969 [grpc-default-executor-1] INFO  server.RaftServer$Division (RaftServerImpl.java:requestVote(1251)) - d082cfae-03ac-47dd-a559-6fd7cb4436a1@group-EF15663C4850 replies to ELECTION vote request: 2cc4737a-7f72-4ede-9604-67be23ac19b5<-d082cfae-03ac-47dd-a559-6fd7cb4436a1#0:FAIL-t5. Peer's state: d082cfae-03ac-47dd-a559-6fd7cb4436a1@group-EF15663C4850:t5, leader=null, voted=d082cfae-03ac-47dd-a559-6fd7cb4436a1, raftlog=Memoized:d082cfae-03ac-47dd-a559-6fd7cb4436a1@group-EF15663C4850-SegmentedRaftLog:OPENED:c-1, conf=-1: peers:[122b4be6-0cee-49ba-a809-7fef5e0e1400|rpc:10.1.0.200:39289|dataStream:10.1.0.200:46437|priority:0|startupRole:FOLLOWER, 2cc4737a-7f72-4ede-9604-67be23ac19b5|rpc:10.1.0.200:34349|dataStream:10.1.0.200:45267|priority:1|startupRole:FOLLOWER, d082cfae-03ac-47dd-a559-6fd7cb4436a1|rpc:10.1.0.200:43095|dataStream:10.1.0.200:35799|priority:0|startupRole:FOLLOWER]|listeners:[], old=null
2023-01-26 17:25:42,986 [2cc4737a-7f72-4ede-9604-67be23ac19b5@group-EF15663C4850-LeaderElection18] INFO  impl.LeaderElection (LeaderElection.java:logAndReturn(90)) - 2cc4737a-7f72-4ede-9604-67be23ac19b5@group-EF15663C4850-LeaderElection18: ELECTION REJECTED received 2 response(s) and 0 exception(s):
2023-01-26 17:25:42,986 [2cc4737a-7f72-4ede-9604-67be23ac19b5@group-EF15663C4850-LeaderElection18] INFO  impl.LeaderElection (LeaderElection.java:logAndReturn(94)) -   Response 0: 2cc4737a-7f72-4ede-9604-67be23ac19b5<-122b4be6-0cee-49ba-a809-7fef5e0e1400#0:FAIL-t5
2023-01-26 17:25:42,986 [2cc4737a-7f72-4ede-9604-67be23ac19b5@group-EF15663C4850-LeaderElection18] INFO  impl.LeaderElection (LeaderElection.java:logAndReturn(94)) -   Response 1: 2cc4737a-7f72-4ede-9604-67be23ac19b5<-d082cfae-03ac-47dd-a559-6fd7cb4436a1#0:FAIL-t5
2023-01-26 17:25:42,991 [d082cfae-03ac-47dd-a559-6fd7cb4436a1@group-EF15663C4850-LeaderElection17] INFO  impl.LeaderElection (LeaderElection.java:askForVotes(314)) - d082cfae-03ac-47dd-a559-6fd7cb4436a1@group-EF15663C4850-LeaderElection17 ELECTION round 0: result REJECTED
2023-01-26 17:25:42,991 [d082cfae-03ac-47dd-a559-6fd7cb4436a1@group-EF15663C4850-LeaderElection17] INFO  server.RaftServer$Division (RaftServerImpl.java:setRole(321)) - d082cfae-03ac-47dd-a559-6fd7cb4436a1@group-EF15663C4850: changes role from CANDIDATE to FOLLOWER at term 5 for REJECTED
2023-01-26 17:25:42,991 [d082cfae-03ac-47dd-a559-6fd7cb4436a1@group-EF15663C4850-LeaderElection17] INFO  impl.RoleInfo (RoleInfo.java:shutdownLeaderElection(130)) - d082cfae-03ac-47dd-a559-6fd7cb4436a1: shutdown d082cfae-03ac-47dd-a559-6fd7cb4436a1@group-EF15663C4850-LeaderElection17
2023-01-26 17:25:43,018 [d082cfae-03ac-47dd-a559-6fd7cb4436a1@group-EF15663C4850-LeaderElection17] INFO  impl.RoleInfo (RoleInfo.java:updateAndGet(139)) - d082cfae-03ac-47dd-a559-6fd7cb4436a1: start d082cfae-03ac-47dd-a559-6fd7cb4436a1@group-EF15663C4850-FollowerState
2023-01-26 17:25:43,023 [2cc4737a-7f72-4ede-9604-67be23ac19b5@group-EF15663C4850-LeaderElection18] INFO  impl.LeaderElection (LeaderElection.java:askForVotes(314)) - 2cc4737a-7f72-4ede-9604-67be23ac19b5@group-EF15663C4850-LeaderElection18 ELECTION round 0: result REJECTED
2023-01-26 17:25:43,033 [2cc4737a-7f72-4ede-9604-67be23ac19b5@group-EF15663C4850-LeaderElection18] INFO  server.RaftServer$Division (RaftServerImpl.java:setRole(321)) - 2cc4737a-7f72-4ede-9604-67be23ac19b5@group-EF15663C4850: changes role from CANDIDATE to FOLLOWER at term 5 for REJECTED
2023-01-26 17:25:43,033 [2cc4737a-7f72-4ede-9604-67be23ac19b5@group-EF15663C4850-LeaderElection18] INFO  impl.RoleInfo (RoleInfo.java:shutdownLeaderElection(130)) - 2cc4737a-7f72-4ede-9604-67be23ac19b5: shutdown 2cc4737a-7f72-4ede-9604-67be23ac19b5@group-EF15663C4850-LeaderElection18
2023-01-26 17:25:43,033 [2cc4737a-7f72-4ede-9604-67be23ac19b5@group-EF15663C4850-LeaderElection18] INFO  impl.RoleInfo (RoleInfo.java:updateAndGet(139)) - 2cc4737a-7f72-4ede-9604-67be23ac19b5: start 2cc4737a-7f72-4ede-9604-67be23ac19b5@group-EF15663C4850-FollowerState
2023-01-26 17:25:43,033 [2cc4737a-7f72-4ede-9604-67be23ac19b5@group-EF15663C4850-FollowerState] INFO  server.RaftServerConfigKeys (ConfUtils.java:logFallback(53)) - raft.server.rpc.first-election.timeout.min = 5s (fallback to raft.server.rpc.timeout.min)
2023-01-26 17:25:43,033 [2cc4737a-7f72-4ede-9604-67be23ac19b5@group-EF15663C4850-FollowerState] INFO  server.RaftServerConfigKeys (ConfUtils.java:logFallback(53)) - raft.server.rpc.first-election.timeout.max = 5200ms (fallback to raft.server.rpc.timeout.max)
2023-01-26 17:25:43,043 [d082cfae-03ac-47dd-a559-6fd7cb4436a1@group-EF15663C4850-FollowerState] INFO  server.RaftServerConfigKeys (ConfUtils.java:logFallback(53)) - raft.server.rpc.first-election.timeout.min = 5s (fallback to raft.server.rpc.timeout.min)
2023-01-26 17:25:43,043 [d082cfae-03ac-47dd-a559-6fd7cb4436a1@group-EF15663C4850-FollowerState] INFO  server.RaftServerConfigKeys (ConfUtils.java:logFallback(53)) - raft.server.rpc.first-election.timeout.max = 5200ms (fallback to raft.server.rpc.timeout.max)
2023-01-26 17:25:43,344 [Thread-347] INFO  freon.ProgressBar (ProgressBar.java:logProgressBar(163)) - Progress: 85.00 % (85 out of 100)
2023-01-26 17:25:44,344 [Thread-347] INFO  freon.ProgressBar (ProgressBar.java:logProgressBar(163)) - Progress: 100.00 % (100 out of 100)
]]></system-out>
  </testcase>
  <testcase name="testThreadPoolSize" classname="org.apache.hadoop.ozone.freon.TestRandomKeyGenerator" time="5.059">
    <system-out><![CDATA[2023-01-26 17:25:44,401 [Listener at 127.0.0.1/34233] INFO  freon.RandomKeyGenerator (RandomKeyGenerator.java:call(315)) - Number of Threads: 10
2023-01-26 17:25:44,416 [Listener at 127.0.0.1/34233] INFO  freon.RandomKeyGenerator (RandomKeyGenerator.java:call(320)) - Number of Volumes: 1.
2023-01-26 17:25:44,416 [Listener at 127.0.0.1/34233] INFO  freon.RandomKeyGenerator (RandomKeyGenerator.java:call(321)) - Number of Buckets per Volume: 1.
2023-01-26 17:25:44,416 [Listener at 127.0.0.1/34233] INFO  freon.RandomKeyGenerator (RandomKeyGenerator.java:call(322)) - Number of Keys per Bucket: 1.
2023-01-26 17:25:44,416 [Listener at 127.0.0.1/34233] INFO  freon.RandomKeyGenerator (RandomKeyGenerator.java:call(323)) - Key size: 10240 bytes
2023-01-26 17:25:44,416 [Listener at 127.0.0.1/34233] INFO  freon.RandomKeyGenerator (RandomKeyGenerator.java:call(324)) - Buffer size: 4096 bytes
2023-01-26 17:25:44,416 [Listener at 127.0.0.1/34233] INFO  freon.RandomKeyGenerator (RandomKeyGenerator.java:call(325)) - validateWrites : false
2023-01-26 17:25:44,416 [Listener at 127.0.0.1/34233] INFO  freon.RandomKeyGenerator (RandomKeyGenerator.java:call(326)) - Number of Validate Threads: 1
2023-01-26 17:25:44,416 [Listener at 127.0.0.1/34233] INFO  freon.RandomKeyGenerator (RandomKeyGenerator.java:call(327)) - cleanObjects : false
2023-01-26 17:25:44,418 [pool-802-thread-1] INFO  rpc.RpcClient (RpcClient.java:createVolume(474)) - Creating Volume: vol-0-30882, with runner as owner and space quota set to -1 bytes, counts quota set to -1
2023-01-26 17:25:44,424 [Listener at 127.0.0.1/34233] INFO  freon.RandomKeyGenerator (RandomKeyGenerator.java:call(349)) - Starting progress bar Thread.
2023-01-26 17:25:44,435 [Thread-365] INFO  freon.ProgressBar (ProgressBar.java:logProgressBar(163)) - Progress: 0.00 % (0 out of 1)
2023-01-26 17:25:44,438 [OM StateMachine ApplyTransaction Thread - 0] INFO  volume.OMVolumeCreateRequest (OMVolumeCreateRequest.java:validateAndUpdateCache(195)) - created volume:vol-0-30882 for user:runner
2023-01-26 17:25:44,446 [pool-802-thread-2] INFO  rpc.RpcClient (RpcClient.java:createBucket(693)) - Creating Bucket: vol-0-30882/bucket-0-68272, with server-side default bucket layout, runner as owner, Versioning false, Storage Type set to DISK and Encryption set to false 
2023-01-26 17:25:44,449 [OM StateMachine ApplyTransaction Thread - 0] INFO  bucket.OMBucketCreateRequest (OMBucketCreateRequest.java:validateAndUpdateCache(263)) - created bucket: bucket-0-68272 of layout FILE_SYSTEM_OPTIMIZED in volume: vol-0-30882
2023-01-26 17:25:45,436 [Thread-365] INFO  freon.ProgressBar (ProgressBar.java:logProgressBar(163)) - Progress: 100.00 % (1 out of 1)
2023-01-26 17:25:48,009 [122b4be6-0cee-49ba-a809-7fef5e0e1400@group-EF15663C4850-FollowerState] INFO  server.RaftServerConfigKeys (ConfUtils.java:logFallback(53)) - raft.server.rpc.first-election.timeout.min = 5s (fallback to raft.server.rpc.timeout.min)
2023-01-26 17:25:48,009 [122b4be6-0cee-49ba-a809-7fef5e0e1400@group-EF15663C4850-FollowerState] INFO  server.RaftServerConfigKeys (ConfUtils.java:logFallback(53)) - raft.server.rpc.first-election.timeout.max = 5200ms (fallback to raft.server.rpc.timeout.max)
2023-01-26 17:25:48,102 [2cc4737a-7f72-4ede-9604-67be23ac19b5@group-EF15663C4850-FollowerState] INFO  impl.FollowerState (FollowerState.java:run(143)) - 2cc4737a-7f72-4ede-9604-67be23ac19b5@group-EF15663C4850-FollowerState: change to CANDIDATE, lastRpcElapsedTime:5068436522ns, electionTimeout:5068ms
2023-01-26 17:25:48,102 [2cc4737a-7f72-4ede-9604-67be23ac19b5@group-EF15663C4850-FollowerState] INFO  impl.RoleInfo (RoleInfo.java:shutdownFollowerState(110)) - 2cc4737a-7f72-4ede-9604-67be23ac19b5: shutdown 2cc4737a-7f72-4ede-9604-67be23ac19b5@group-EF15663C4850-FollowerState
2023-01-26 17:25:48,102 [2cc4737a-7f72-4ede-9604-67be23ac19b5@group-EF15663C4850-FollowerState] INFO  server.RaftServer$Division (RaftServerImpl.java:setRole(321)) - 2cc4737a-7f72-4ede-9604-67be23ac19b5@group-EF15663C4850: changes role from  FOLLOWER to CANDIDATE at term 5 for changeToCandidate
2023-01-26 17:25:48,102 [2cc4737a-7f72-4ede-9604-67be23ac19b5@group-EF15663C4850-FollowerState] INFO  server.RaftServerConfigKeys (ConfUtils.java:logGet(46)) - raft.server.leaderelection.pre-vote = false (custom)
2023-01-26 17:25:48,102 [2cc4737a-7f72-4ede-9604-67be23ac19b5@group-EF15663C4850-FollowerState] INFO  impl.RoleInfo (RoleInfo.java:updateAndGet(139)) - 2cc4737a-7f72-4ede-9604-67be23ac19b5: start 2cc4737a-7f72-4ede-9604-67be23ac19b5@group-EF15663C4850-LeaderElection19
2023-01-26 17:25:48,104 [2cc4737a-7f72-4ede-9604-67be23ac19b5@group-EF15663C4850-LeaderElection19] INFO  impl.LeaderElection (LeaderElection.java:askForVotes(312)) - 2cc4737a-7f72-4ede-9604-67be23ac19b5@group-EF15663C4850-LeaderElection19 ELECTION round 0: submit vote requests at term 6 for -1: peers:[122b4be6-0cee-49ba-a809-7fef5e0e1400|rpc:10.1.0.200:39289|dataStream:10.1.0.200:46437|priority:0|startupRole:FOLLOWER, 2cc4737a-7f72-4ede-9604-67be23ac19b5|rpc:10.1.0.200:34349|dataStream:10.1.0.200:45267|priority:1|startupRole:FOLLOWER, d082cfae-03ac-47dd-a559-6fd7cb4436a1|rpc:10.1.0.200:43095|dataStream:10.1.0.200:35799|priority:0|startupRole:FOLLOWER]|listeners:[], old=null
2023-01-26 17:25:48,105 [2cc4737a-7f72-4ede-9604-67be23ac19b5@group-EF15663C4850-LeaderElection19] INFO  server.RaftServerConfigKeys (ConfUtils.java:logFallback(53)) - raft.server.rpc.first-election.timeout.min = 5s (fallback to raft.server.rpc.timeout.min)
2023-01-26 17:25:48,105 [2cc4737a-7f72-4ede-9604-67be23ac19b5@group-EF15663C4850-LeaderElection19] INFO  server.RaftServerConfigKeys (ConfUtils.java:logFallback(53)) - raft.server.rpc.first-election.timeout.max = 5200ms (fallback to raft.server.rpc.timeout.max)
2023-01-26 17:25:48,106 [grpc-default-executor-20] INFO  server.RaftServer$Division (RaftServerImpl.java:requestVote(1218)) - d082cfae-03ac-47dd-a559-6fd7cb4436a1@group-EF15663C4850: receive requestVote(ELECTION, 2cc4737a-7f72-4ede-9604-67be23ac19b5, group-EF15663C4850, 6, (t:0, i:0))
2023-01-26 17:25:48,106 [grpc-default-executor-20] INFO  impl.VoteContext (VoteContext.java:log(49)) - d082cfae-03ac-47dd-a559-6fd7cb4436a1@group-EF15663C4850-FOLLOWER: accept ELECTION from 2cc4737a-7f72-4ede-9604-67be23ac19b5: our priority 0 <= candidate's priority 1
2023-01-26 17:25:48,106 [grpc-default-executor-20] INFO  server.RaftServer$Division (RaftServerImpl.java:setRole(321)) - d082cfae-03ac-47dd-a559-6fd7cb4436a1@group-EF15663C4850: changes role from  FOLLOWER to FOLLOWER at term 6 for candidate:2cc4737a-7f72-4ede-9604-67be23ac19b5
2023-01-26 17:25:48,106 [grpc-default-executor-20] INFO  impl.RoleInfo (RoleInfo.java:shutdownFollowerState(110)) - d082cfae-03ac-47dd-a559-6fd7cb4436a1: shutdown d082cfae-03ac-47dd-a559-6fd7cb4436a1@group-EF15663C4850-FollowerState
2023-01-26 17:25:48,107 [grpc-default-executor-20] INFO  impl.RoleInfo (RoleInfo.java:updateAndGet(139)) - d082cfae-03ac-47dd-a559-6fd7cb4436a1: start d082cfae-03ac-47dd-a559-6fd7cb4436a1@group-EF15663C4850-FollowerState
2023-01-26 17:25:48,107 [d082cfae-03ac-47dd-a559-6fd7cb4436a1@group-EF15663C4850-FollowerState] INFO  impl.FollowerState (FollowerState.java:run(152)) - d082cfae-03ac-47dd-a559-6fd7cb4436a1@group-EF15663C4850-FollowerState was interrupted
2023-01-26 17:25:48,115 [grpc-default-executor-20] INFO  server.RaftServer$Division (RaftServerImpl.java:requestVote(1251)) - d082cfae-03ac-47dd-a559-6fd7cb4436a1@group-EF15663C4850 replies to ELECTION vote request: 2cc4737a-7f72-4ede-9604-67be23ac19b5<-d082cfae-03ac-47dd-a559-6fd7cb4436a1#0:OK-t6. Peer's state: d082cfae-03ac-47dd-a559-6fd7cb4436a1@group-EF15663C4850:t6, leader=null, voted=2cc4737a-7f72-4ede-9604-67be23ac19b5, raftlog=Memoized:d082cfae-03ac-47dd-a559-6fd7cb4436a1@group-EF15663C4850-SegmentedRaftLog:OPENED:c-1, conf=-1: peers:[122b4be6-0cee-49ba-a809-7fef5e0e1400|rpc:10.1.0.200:39289|dataStream:10.1.0.200:46437|priority:0|startupRole:FOLLOWER, 2cc4737a-7f72-4ede-9604-67be23ac19b5|rpc:10.1.0.200:34349|dataStream:10.1.0.200:45267|priority:1|startupRole:FOLLOWER, d082cfae-03ac-47dd-a559-6fd7cb4436a1|rpc:10.1.0.200:43095|dataStream:10.1.0.200:35799|priority:0|startupRole:FOLLOWER]|listeners:[], old=null
2023-01-26 17:25:48,116 [grpc-default-executor-28] INFO  server.RaftServer$Division (RaftServerImpl.java:requestVote(1218)) - 122b4be6-0cee-49ba-a809-7fef5e0e1400@group-EF15663C4850: receive requestVote(ELECTION, 2cc4737a-7f72-4ede-9604-67be23ac19b5, group-EF15663C4850, 6, (t:0, i:0))
2023-01-26 17:25:48,115 [d082cfae-03ac-47dd-a559-6fd7cb4436a1@group-EF15663C4850-FollowerState] INFO  server.RaftServerConfigKeys (ConfUtils.java:logFallback(53)) - raft.server.rpc.first-election.timeout.min = 5s (fallback to raft.server.rpc.timeout.min)
2023-01-26 17:25:48,116 [d082cfae-03ac-47dd-a559-6fd7cb4436a1@group-EF15663C4850-FollowerState] INFO  server.RaftServerConfigKeys (ConfUtils.java:logFallback(53)) - raft.server.rpc.first-election.timeout.max = 5200ms (fallback to raft.server.rpc.timeout.max)
2023-01-26 17:25:48,116 [grpc-default-executor-28] INFO  impl.VoteContext (VoteContext.java:log(49)) - 122b4be6-0cee-49ba-a809-7fef5e0e1400@group-EF15663C4850-FOLLOWER: accept ELECTION from 2cc4737a-7f72-4ede-9604-67be23ac19b5: our priority 0 <= candidate's priority 1
2023-01-26 17:25:48,116 [2cc4737a-7f72-4ede-9604-67be23ac19b5@group-EF15663C4850-LeaderElection19] INFO  impl.LeaderElection (LeaderElection.java:logAndReturn(90)) - 2cc4737a-7f72-4ede-9604-67be23ac19b5@group-EF15663C4850-LeaderElection19: ELECTION PASSED received 1 response(s) and 0 exception(s):
2023-01-26 17:25:48,116 [grpc-default-executor-28] INFO  server.RaftServer$Division (RaftServerImpl.java:setRole(321)) - 122b4be6-0cee-49ba-a809-7fef5e0e1400@group-EF15663C4850: changes role from  FOLLOWER to FOLLOWER at term 6 for candidate:2cc4737a-7f72-4ede-9604-67be23ac19b5
2023-01-26 17:25:48,116 [2cc4737a-7f72-4ede-9604-67be23ac19b5@group-EF15663C4850-LeaderElection19] INFO  impl.LeaderElection (LeaderElection.java:logAndReturn(94)) -   Response 0: 2cc4737a-7f72-4ede-9604-67be23ac19b5<-d082cfae-03ac-47dd-a559-6fd7cb4436a1#0:OK-t6
2023-01-26 17:25:48,116 [grpc-default-executor-28] INFO  impl.RoleInfo (RoleInfo.java:shutdownFollowerState(110)) - 122b4be6-0cee-49ba-a809-7fef5e0e1400: shutdown 122b4be6-0cee-49ba-a809-7fef5e0e1400@group-EF15663C4850-FollowerState
2023-01-26 17:25:48,116 [2cc4737a-7f72-4ede-9604-67be23ac19b5@group-EF15663C4850-LeaderElection19] INFO  impl.LeaderElection (LeaderElection.java:askForVotes(314)) - 2cc4737a-7f72-4ede-9604-67be23ac19b5@group-EF15663C4850-LeaderElection19 ELECTION round 0: result PASSED
2023-01-26 17:25:48,116 [grpc-default-executor-28] INFO  impl.RoleInfo (RoleInfo.java:updateAndGet(139)) - 122b4be6-0cee-49ba-a809-7fef5e0e1400: start 122b4be6-0cee-49ba-a809-7fef5e0e1400@group-EF15663C4850-FollowerState
2023-01-26 17:25:48,116 [2cc4737a-7f72-4ede-9604-67be23ac19b5@group-EF15663C4850-LeaderElection19] INFO  impl.RoleInfo (RoleInfo.java:shutdownLeaderElection(130)) - 2cc4737a-7f72-4ede-9604-67be23ac19b5: shutdown 2cc4737a-7f72-4ede-9604-67be23ac19b5@group-EF15663C4850-LeaderElection19
2023-01-26 17:25:48,116 [2cc4737a-7f72-4ede-9604-67be23ac19b5@group-EF15663C4850-LeaderElection19] INFO  server.RaftServer$Division (RaftServerImpl.java:setRole(321)) - 2cc4737a-7f72-4ede-9604-67be23ac19b5@group-EF15663C4850: changes role from CANDIDATE to LEADER at term 6 for changeToLeader
2023-01-26 17:25:48,116 [2cc4737a-7f72-4ede-9604-67be23ac19b5@group-EF15663C4850-LeaderElection19] INFO  ratis.XceiverServerRatis (XceiverServerRatis.java:handleLeaderChangedNotification(904)) - Leader change notification received for group: group-EF15663C4850 with new leaderId: 2cc4737a-7f72-4ede-9604-67be23ac19b5
2023-01-26 17:25:48,117 [2cc4737a-7f72-4ede-9604-67be23ac19b5@group-EF15663C4850-LeaderElection19] INFO  server.RaftServer$Division (ServerState.java:setLeader(313)) - 2cc4737a-7f72-4ede-9604-67be23ac19b5@group-EF15663C4850: change Leader from null to 2cc4737a-7f72-4ede-9604-67be23ac19b5 at term 6 for becomeLeader, leader elected after 30307ms
2023-01-26 17:25:48,117 [2cc4737a-7f72-4ede-9604-67be23ac19b5@group-EF15663C4850-LeaderElection19] INFO  server.RaftServerConfigKeys (ConfUtils.java:logGet(46)) - raft.server.staging.catchup.gap = 1000 (default)
2023-01-26 17:25:48,117 [2cc4737a-7f72-4ede-9604-67be23ac19b5@group-EF15663C4850-LeaderElection19] INFO  server.RaftServerConfigKeys (ConfUtils.java:logGet(46)) - raft.server.write.element-limit = 1024 (custom)
2023-01-26 17:25:48,117 [2cc4737a-7f72-4ede-9604-67be23ac19b5@group-EF15663C4850-LeaderElection19] INFO  server.RaftServerConfigKeys (ConfUtils.java:logGet(46)) - raft.server.write.byte-limit = 1024 M (=1073741824) (custom)
2023-01-26 17:25:48,117 [2cc4737a-7f72-4ede-9604-67be23ac19b5@group-EF15663C4850-LeaderElection19] INFO  server.RaftServerConfigKeys (ConfUtils.java:logGet(46)) - raft.server.watch.timeout = 3000ms (custom)
2023-01-26 17:25:48,117 [2cc4737a-7f72-4ede-9604-67be23ac19b5@group-EF15663C4850-LeaderElection19] INFO  server.RaftServerConfigKeys (ConfUtils.java:logGet(46)) - raft.server.watch.timeout.denomination = 1s (default)
2023-01-26 17:25:48,117 [2cc4737a-7f72-4ede-9604-67be23ac19b5@group-EF15663C4850-LeaderElection19] INFO  server.RaftServerConfigKeys (ConfUtils.java:logGet(46)) - raft.server.watch.element-limit = 65536 (default)
2023-01-26 17:25:48,117 [2cc4737a-7f72-4ede-9604-67be23ac19b5@group-EF15663C4850-LeaderElection19] INFO  server.RaftServerConfigKeys (ConfUtils.java:logGet(46)) - raft.server.write.element-limit = 1024 (custom)
2023-01-26 17:25:48,117 [2cc4737a-7f72-4ede-9604-67be23ac19b5@group-EF15663C4850-LeaderElection19] INFO  server.RaftServerConfigKeys (ConfUtils.java:logGet(46)) - raft.server.write.follower.gap.ratio.max = -1.0 (default)
2023-01-26 17:25:48,117 [122b4be6-0cee-49ba-a809-7fef5e0e1400@group-EF15663C4850-FollowerState] INFO  server.RaftServerConfigKeys (ConfUtils.java:logFallback(53)) - raft.server.rpc.first-election.timeout.min = 5s (fallback to raft.server.rpc.timeout.min)
2023-01-26 17:25:48,118 [grpc-default-executor-28] INFO  server.RaftServer$Division (RaftServerImpl.java:requestVote(1251)) - 122b4be6-0cee-49ba-a809-7fef5e0e1400@group-EF15663C4850 replies to ELECTION vote request: 2cc4737a-7f72-4ede-9604-67be23ac19b5<-122b4be6-0cee-49ba-a809-7fef5e0e1400#0:OK-t6. Peer's state: 122b4be6-0cee-49ba-a809-7fef5e0e1400@group-EF15663C4850:t6, leader=null, voted=2cc4737a-7f72-4ede-9604-67be23ac19b5, raftlog=Memoized:122b4be6-0cee-49ba-a809-7fef5e0e1400@group-EF15663C4850-SegmentedRaftLog:OPENED:c-1, conf=-1: peers:[122b4be6-0cee-49ba-a809-7fef5e0e1400|rpc:10.1.0.200:39289|dataStream:10.1.0.200:46437|priority:0|startupRole:FOLLOWER, 2cc4737a-7f72-4ede-9604-67be23ac19b5|rpc:10.1.0.200:34349|dataStream:10.1.0.200:45267|priority:1|startupRole:FOLLOWER, d082cfae-03ac-47dd-a559-6fd7cb4436a1|rpc:10.1.0.200:43095|dataStream:10.1.0.200:35799|priority:0|startupRole:FOLLOWER]|listeners:[], old=null
2023-01-26 17:25:48,118 [2cc4737a-7f72-4ede-9604-67be23ac19b5@group-EF15663C4850-LeaderElection19] INFO  server.RaftServerConfigKeys (ConfUtils.java:logGet(46)) - raft.server.log.appender.snapshot.chunk.size.max = 16MB (=16777216) (default)
2023-01-26 17:25:48,118 [2cc4737a-7f72-4ede-9604-67be23ac19b5@group-EF15663C4850-LeaderElection19] INFO  server.RaftServerConfigKeys (ConfUtils.java:logGet(46)) - raft.server.log.appender.buffer.byte-limit = 33554432 (custom)
2023-01-26 17:25:48,118 [2cc4737a-7f72-4ede-9604-67be23ac19b5@group-EF15663C4850-LeaderElection19] INFO  server.RaftServerConfigKeys (ConfUtils.java:logGet(46)) - raft.server.log.appender.buffer.element-limit = 1 (custom)
2023-01-26 17:25:48,118 [122b4be6-0cee-49ba-a809-7fef5e0e1400@group-EF15663C4850-FollowerState] INFO  impl.FollowerState (FollowerState.java:run(152)) - 122b4be6-0cee-49ba-a809-7fef5e0e1400@group-EF15663C4850-FollowerState was interrupted
2023-01-26 17:25:48,118 [122b4be6-0cee-49ba-a809-7fef5e0e1400@group-EF15663C4850-FollowerState] INFO  server.RaftServerConfigKeys (ConfUtils.java:logFallback(53)) - raft.server.rpc.first-election.timeout.max = 5200ms (fallback to raft.server.rpc.timeout.max)
2023-01-26 17:25:48,119 [EventQueue-PipelineReportForPipelineReportHandler] INFO  pipeline.PipelineManagerImpl (PipelineManagerImpl.java:openPipeline(367)) - Pipeline Pipeline[ Id: b8a516ca-0386-4654-a286-ef15663c4850, Nodes: 2cc4737a-7f72-4ede-9604-67be23ac19b5(fv-az133-476.yhipumr4050edinzmvad0xeera.cx.internal.cloudapp.net/10.1.0.200)d082cfae-03ac-47dd-a559-6fd7cb4436a1(fv-az133-476.yhipumr4050edinzmvad0xeera.cx.internal.cloudapp.net/10.1.0.200)122b4be6-0cee-49ba-a809-7fef5e0e1400(fv-az133-476.yhipumr4050edinzmvad0xeera.cx.internal.cloudapp.net/10.1.0.200), ReplicationConfig: RATIS/THREE, State:ALLOCATED, leaderId:2cc4737a-7f72-4ede-9604-67be23ac19b5, CreationTimestamp2023-01-26T17:25:15.182Z[Etc/UTC]] moved to OPEN state
2023-01-26 17:25:48,118 [2cc4737a-7f72-4ede-9604-67be23ac19b5@group-EF15663C4850-LeaderElection19] INFO  grpc.GrpcConfigKeys (ConfUtils.java:logGet(46)) - raft.grpc.server.leader.outstanding.appends.max = 128 (default)
2023-01-26 17:25:48,120 [2cc4737a-7f72-4ede-9604-67be23ac19b5@group-EF15663C4850-LeaderElection19] INFO  server.RaftServerConfigKeys (ConfUtils.java:logGet(46)) - raft.server.rpc.request.timeout = 3000ms (default)
2023-01-26 17:25:48,120 [2cc4737a-7f72-4ede-9604-67be23ac19b5@group-EF15663C4850-LeaderElection19] INFO  server.RaftServerConfigKeys (ConfUtils.java:logGet(46)) - raft.server.log.appender.install.snapshot.enabled = false (custom)
2023-01-26 17:25:48,120 [2cc4737a-7f72-4ede-9604-67be23ac19b5@group-EF15663C4850-LeaderElection19] INFO  grpc.GrpcConfigKeys (ConfUtils.java:logGet(46)) - raft.grpc.server.heartbeat.channel = true (default)
2023-01-26 17:25:48,120 [2cc4737a-7f72-4ede-9604-67be23ac19b5@group-EF15663C4850-LeaderElection19] INFO  server.RaftServerConfigKeys (ConfUtils.java:logGet(46)) - raft.server.log.appender.wait-time.min = 10ms (default)
2023-01-26 17:25:48,121 [2cc4737a-7f72-4ede-9604-67be23ac19b5@group-EF15663C4850-LeaderElection19] INFO  server.RaftServerConfigKeys (ConfUtils.java:logGet(46)) - raft.server.log.appender.snapshot.chunk.size.max = 16MB (=16777216) (default)
2023-01-26 17:25:48,121 [2cc4737a-7f72-4ede-9604-67be23ac19b5@group-EF15663C4850-LeaderElection19] INFO  server.RaftServerConfigKeys (ConfUtils.java:logGet(46)) - raft.server.log.appender.buffer.byte-limit = 33554432 (custom)
2023-01-26 17:25:48,121 [2cc4737a-7f72-4ede-9604-67be23ac19b5@group-EF15663C4850-LeaderElection19] INFO  server.RaftServerConfigKeys (ConfUtils.java:logGet(46)) - raft.server.log.appender.buffer.element-limit = 1 (custom)
2023-01-26 17:25:48,121 [2cc4737a-7f72-4ede-9604-67be23ac19b5@group-EF15663C4850-LeaderElection19] INFO  grpc.GrpcConfigKeys (ConfUtils.java:logGet(46)) - raft.grpc.server.leader.outstanding.appends.max = 128 (default)
2023-01-26 17:25:48,121 [2cc4737a-7f72-4ede-9604-67be23ac19b5@group-EF15663C4850-LeaderElection19] INFO  server.RaftServerConfigKeys (ConfUtils.java:logGet(46)) - raft.server.rpc.request.timeout = 3000ms (default)
2023-01-26 17:25:48,121 [2cc4737a-7f72-4ede-9604-67be23ac19b5@group-EF15663C4850-LeaderElection19] INFO  server.RaftServerConfigKeys (ConfUtils.java:logGet(46)) - raft.server.log.appender.install.snapshot.enabled = false (custom)
2023-01-26 17:25:48,121 [2cc4737a-7f72-4ede-9604-67be23ac19b5@group-EF15663C4850-LeaderElection19] INFO  grpc.GrpcConfigKeys (ConfUtils.java:logGet(46)) - raft.grpc.server.heartbeat.channel = true (default)
2023-01-26 17:25:48,121 [2cc4737a-7f72-4ede-9604-67be23ac19b5@group-EF15663C4850-LeaderElection19] INFO  server.RaftServerConfigKeys (ConfUtils.java:logGet(46)) - raft.server.log.appender.wait-time.min = 10ms (default)
2023-01-26 17:25:48,122 [2cc4737a-7f72-4ede-9604-67be23ac19b5@group-EF15663C4850-LeaderElection19] INFO  impl.RoleInfo (RoleInfo.java:updateAndGet(139)) - 2cc4737a-7f72-4ede-9604-67be23ac19b5: start 2cc4737a-7f72-4ede-9604-67be23ac19b5@group-EF15663C4850-LeaderStateImpl
2023-01-26 17:25:48,122 [2cc4737a-7f72-4ede-9604-67be23ac19b5@group-EF15663C4850-LeaderElection19] INFO  segmented.SegmentedRaftLogWorker (SegmentedRaftLogWorker.java:startLogSegment(452)) - 2cc4737a-7f72-4ede-9604-67be23ac19b5@group-EF15663C4850-SegmentedRaftLogWorker: Starting segment from index:0
2023-01-26 17:25:48,123 [2cc4737a-7f72-4ede-9604-67be23ac19b5@group-EF15663C4850-SegmentedRaftLogWorker] INFO  segmented.SegmentedRaftLogWorker (SegmentedRaftLogWorker.java:execute(656)) - 2cc4737a-7f72-4ede-9604-67be23ac19b5@group-EF15663C4850-SegmentedRaftLogWorker: created new log segment /home/runner/work/ozone/ozone/hadoop-ozone/integration-test/target/test-dir/MiniOzoneClusterImpl-21eb6502-c8cc-4b95-8a64-0224a41eaf0d/datanode-1/data/ratis/b8a516ca-0386-4654-a286-ef15663c4850/current/log_inprogress_0
2023-01-26 17:25:48,131 [2cc4737a-7f72-4ede-9604-67be23ac19b5@group-EF15663C4850-LeaderElection19] INFO  server.RaftServer$Division (ServerState.java:setRaftConf(430)) - 2cc4737a-7f72-4ede-9604-67be23ac19b5@group-EF15663C4850: set configuration 0: peers:[122b4be6-0cee-49ba-a809-7fef5e0e1400|rpc:10.1.0.200:39289|dataStream:10.1.0.200:46437|priority:0|startupRole:FOLLOWER, 2cc4737a-7f72-4ede-9604-67be23ac19b5|rpc:10.1.0.200:34349|dataStream:10.1.0.200:45267|priority:1|startupRole:FOLLOWER, d082cfae-03ac-47dd-a559-6fd7cb4436a1|rpc:10.1.0.200:43095|dataStream:10.1.0.200:35799|priority:0|startupRole:FOLLOWER]|listeners:[], old=null
2023-01-26 17:25:48,145 [d082cfae-03ac-47dd-a559-6fd7cb4436a1-server-thread1] INFO  ratis.XceiverServerRatis (XceiverServerRatis.java:handleLeaderChangedNotification(904)) - Leader change notification received for group: group-EF15663C4850 with new leaderId: 2cc4737a-7f72-4ede-9604-67be23ac19b5
2023-01-26 17:25:48,146 [d082cfae-03ac-47dd-a559-6fd7cb4436a1-server-thread1] INFO  server.RaftServer$Division (ServerState.java:setLeader(313)) - d082cfae-03ac-47dd-a559-6fd7cb4436a1@group-EF15663C4850: change Leader from null to 2cc4737a-7f72-4ede-9604-67be23ac19b5 at term 6 for appendEntries, leader elected after 30785ms
2023-01-26 17:25:48,147 [122b4be6-0cee-49ba-a809-7fef5e0e1400-server-thread1] INFO  ratis.XceiverServerRatis (XceiverServerRatis.java:handleLeaderChangedNotification(904)) - Leader change notification received for group: group-EF15663C4850 with new leaderId: 2cc4737a-7f72-4ede-9604-67be23ac19b5
2023-01-26 17:25:48,147 [122b4be6-0cee-49ba-a809-7fef5e0e1400-server-thread1] INFO  server.RaftServer$Division (ServerState.java:setLeader(313)) - 122b4be6-0cee-49ba-a809-7fef5e0e1400@group-EF15663C4850: change Leader from null to 2cc4737a-7f72-4ede-9604-67be23ac19b5 at term 6 for appendEntries, leader elected after 30199ms
2023-01-26 17:25:48,151 [122b4be6-0cee-49ba-a809-7fef5e0e1400-server-thread2] INFO  server.RaftServer$Division (ServerState.java:setRaftConf(430)) - 122b4be6-0cee-49ba-a809-7fef5e0e1400@group-EF15663C4850: set configuration 0: peers:[122b4be6-0cee-49ba-a809-7fef5e0e1400|rpc:10.1.0.200:39289|dataStream:10.1.0.200:46437|priority:0|startupRole:FOLLOWER, 2cc4737a-7f72-4ede-9604-67be23ac19b5|rpc:10.1.0.200:34349|dataStream:10.1.0.200:45267|priority:1|startupRole:FOLLOWER, d082cfae-03ac-47dd-a559-6fd7cb4436a1|rpc:10.1.0.200:43095|dataStream:10.1.0.200:35799|priority:0|startupRole:FOLLOWER]|listeners:[], old=null
2023-01-26 17:25:48,151 [122b4be6-0cee-49ba-a809-7fef5e0e1400-server-thread2] INFO  segmented.SegmentedRaftLogWorker (SegmentedRaftLogWorker.java:startLogSegment(452)) - 122b4be6-0cee-49ba-a809-7fef5e0e1400@group-EF15663C4850-SegmentedRaftLogWorker: Starting segment from index:0
2023-01-26 17:25:48,152 [122b4be6-0cee-49ba-a809-7fef5e0e1400@group-EF15663C4850-SegmentedRaftLogWorker] INFO  segmented.SegmentedRaftLogWorker (SegmentedRaftLogWorker.java:execute(656)) - 122b4be6-0cee-49ba-a809-7fef5e0e1400@group-EF15663C4850-SegmentedRaftLogWorker: created new log segment /home/runner/work/ozone/ozone/hadoop-ozone/integration-test/target/test-dir/MiniOzoneClusterImpl-21eb6502-c8cc-4b95-8a64-0224a41eaf0d/datanode-2/data/ratis/b8a516ca-0386-4654-a286-ef15663c4850/current/log_inprogress_0
2023-01-26 17:25:48,157 [d082cfae-03ac-47dd-a559-6fd7cb4436a1-server-thread2] INFO  server.RaftServer$Division (ServerState.java:setRaftConf(430)) - d082cfae-03ac-47dd-a559-6fd7cb4436a1@group-EF15663C4850: set configuration 0: peers:[122b4be6-0cee-49ba-a809-7fef5e0e1400|rpc:10.1.0.200:39289|dataStream:10.1.0.200:46437|priority:0|startupRole:FOLLOWER, 2cc4737a-7f72-4ede-9604-67be23ac19b5|rpc:10.1.0.200:34349|dataStream:10.1.0.200:45267|priority:1|startupRole:FOLLOWER, d082cfae-03ac-47dd-a559-6fd7cb4436a1|rpc:10.1.0.200:43095|dataStream:10.1.0.200:35799|priority:0|startupRole:FOLLOWER]|listeners:[], old=null
2023-01-26 17:25:48,157 [d082cfae-03ac-47dd-a559-6fd7cb4436a1-server-thread2] INFO  segmented.SegmentedRaftLogWorker (SegmentedRaftLogWorker.java:startLogSegment(452)) - d082cfae-03ac-47dd-a559-6fd7cb4436a1@group-EF15663C4850-SegmentedRaftLogWorker: Starting segment from index:0
2023-01-26 17:25:48,158 [d082cfae-03ac-47dd-a559-6fd7cb4436a1@group-EF15663C4850-SegmentedRaftLogWorker] INFO  segmented.SegmentedRaftLogWorker (SegmentedRaftLogWorker.java:execute(656)) - d082cfae-03ac-47dd-a559-6fd7cb4436a1@group-EF15663C4850-SegmentedRaftLogWorker: created new log segment /home/runner/work/ozone/ozone/hadoop-ozone/integration-test/target/test-dir/MiniOzoneClusterImpl-21eb6502-c8cc-4b95-8a64-0224a41eaf0d/datanode-0/data/ratis/b8a516ca-0386-4654-a286-ef15663c4850/current/log_inprogress_0
]]></system-out>
  </testcase>
  <testcase name="testMultiThread" classname="org.apache.hadoop.ozone.freon.TestRandomKeyGenerator" time="5.064">
    <system-out><![CDATA[2023-01-26 17:25:49,455 [Listener at 127.0.0.1/34233] INFO  freon.RandomKeyGenerator (RandomKeyGenerator.java:call(315)) - Number of Threads: 10
2023-01-26 17:25:49,473 [Listener at 127.0.0.1/34233] INFO  freon.RandomKeyGenerator (RandomKeyGenerator.java:call(320)) - Number of Volumes: 10.
2023-01-26 17:25:49,473 [Listener at 127.0.0.1/34233] INFO  freon.RandomKeyGenerator (RandomKeyGenerator.java:call(321)) - Number of Buckets per Volume: 1.
2023-01-26 17:25:49,473 [Listener at 127.0.0.1/34233] INFO  freon.RandomKeyGenerator (RandomKeyGenerator.java:call(322)) - Number of Keys per Bucket: 10.
2023-01-26 17:25:49,473 [Listener at 127.0.0.1/34233] INFO  freon.RandomKeyGenerator (RandomKeyGenerator.java:call(323)) - Key size: 10240 bytes
2023-01-26 17:25:49,473 [Listener at 127.0.0.1/34233] INFO  freon.RandomKeyGenerator (RandomKeyGenerator.java:call(324)) - Buffer size: 4096 bytes
2023-01-26 17:25:49,474 [Listener at 127.0.0.1/34233] INFO  freon.RandomKeyGenerator (RandomKeyGenerator.java:call(325)) - validateWrites : false
2023-01-26 17:25:49,474 [Listener at 127.0.0.1/34233] INFO  freon.RandomKeyGenerator (RandomKeyGenerator.java:call(326)) - Number of Validate Threads: 1
2023-01-26 17:25:49,474 [Listener at 127.0.0.1/34233] INFO  freon.RandomKeyGenerator (RandomKeyGenerator.java:call(327)) - cleanObjects : false
2023-01-26 17:25:49,474 [pool-804-thread-1] INFO  rpc.RpcClient (RpcClient.java:createVolume(474)) - Creating Volume: vol-0-99266, with runner as owner and space quota set to -1 bytes, counts quota set to -1
2023-01-26 17:25:49,479 [pool-804-thread-2] INFO  rpc.RpcClient (RpcClient.java:createVolume(474)) - Creating Volume: vol-1-27489, with runner as owner and space quota set to -1 bytes, counts quota set to -1
2023-01-26 17:25:49,482 [pool-804-thread-3] INFO  rpc.RpcClient (RpcClient.java:createVolume(474)) - Creating Volume: vol-2-23975, with runner as owner and space quota set to -1 bytes, counts quota set to -1
2023-01-26 17:25:49,485 [pool-804-thread-4] INFO  rpc.RpcClient (RpcClient.java:createVolume(474)) - Creating Volume: vol-3-72303, with runner as owner and space quota set to -1 bytes, counts quota set to -1
2023-01-26 17:25:49,486 [pool-804-thread-5] INFO  rpc.RpcClient (RpcClient.java:createVolume(474)) - Creating Volume: vol-4-92730, with runner as owner and space quota set to -1 bytes, counts quota set to -1
2023-01-26 17:25:49,487 [pool-804-thread-6] INFO  rpc.RpcClient (RpcClient.java:createVolume(474)) - Creating Volume: vol-5-64343, with runner as owner and space quota set to -1 bytes, counts quota set to -1
2023-01-26 17:25:49,487 [pool-804-thread-7] INFO  rpc.RpcClient (RpcClient.java:createVolume(474)) - Creating Volume: vol-6-20254, with runner as owner and space quota set to -1 bytes, counts quota set to -1
2023-01-26 17:25:49,488 [pool-804-thread-8] INFO  rpc.RpcClient (RpcClient.java:createVolume(474)) - Creating Volume: vol-7-03329, with runner as owner and space quota set to -1 bytes, counts quota set to -1
2023-01-26 17:25:49,488 [pool-804-thread-9] INFO  rpc.RpcClient (RpcClient.java:createVolume(474)) - Creating Volume: vol-8-49630, with runner as owner and space quota set to -1 bytes, counts quota set to -1
2023-01-26 17:25:49,488 [Listener at 127.0.0.1/34233] INFO  freon.RandomKeyGenerator (RandomKeyGenerator.java:call(349)) - Starting progress bar Thread.
2023-01-26 17:25:49,490 [pool-804-thread-10] INFO  rpc.RpcClient (RpcClient.java:createVolume(474)) - Creating Volume: vol-9-05908, with runner as owner and space quota set to -1 bytes, counts quota set to -1
2023-01-26 17:25:49,499 [Thread-384] INFO  freon.ProgressBar (ProgressBar.java:logProgressBar(163)) - Progress: 0.00 % (0 out of 100)
2023-01-26 17:25:49,504 [OM StateMachine ApplyTransaction Thread - 0] INFO  volume.OMVolumeCreateRequest (OMVolumeCreateRequest.java:validateAndUpdateCache(195)) - created volume:vol-0-99266 for user:runner
2023-01-26 17:25:49,504 [OM StateMachine ApplyTransaction Thread - 0] INFO  volume.OMVolumeCreateRequest (OMVolumeCreateRequest.java:validateAndUpdateCache(195)) - created volume:vol-2-23975 for user:runner
2023-01-26 17:25:49,504 [OM StateMachine ApplyTransaction Thread - 0] INFO  volume.OMVolumeCreateRequest (OMVolumeCreateRequest.java:validateAndUpdateCache(195)) - created volume:vol-3-72303 for user:runner
2023-01-26 17:25:49,505 [OM StateMachine ApplyTransaction Thread - 0] INFO  volume.OMVolumeCreateRequest (OMVolumeCreateRequest.java:validateAndUpdateCache(195)) - created volume:vol-5-64343 for user:runner
2023-01-26 17:25:49,505 [OM StateMachine ApplyTransaction Thread - 0] INFO  volume.OMVolumeCreateRequest (OMVolumeCreateRequest.java:validateAndUpdateCache(195)) - created volume:vol-6-20254 for user:runner
2023-01-26 17:25:49,505 [OM StateMachine ApplyTransaction Thread - 0] INFO  volume.OMVolumeCreateRequest (OMVolumeCreateRequest.java:validateAndUpdateCache(195)) - created volume:vol-4-92730 for user:runner
2023-01-26 17:25:49,506 [OM StateMachine ApplyTransaction Thread - 0] INFO  volume.OMVolumeCreateRequest (OMVolumeCreateRequest.java:validateAndUpdateCache(195)) - created volume:vol-7-03329 for user:runner
2023-01-26 17:25:49,506 [OM StateMachine ApplyTransaction Thread - 0] INFO  volume.OMVolumeCreateRequest (OMVolumeCreateRequest.java:validateAndUpdateCache(195)) - created volume:vol-1-27489 for user:runner
2023-01-26 17:25:49,513 [OM StateMachine ApplyTransaction Thread - 0] INFO  volume.OMVolumeCreateRequest (OMVolumeCreateRequest.java:validateAndUpdateCache(195)) - created volume:vol-9-05908 for user:runner
2023-01-26 17:25:49,513 [OM StateMachine ApplyTransaction Thread - 0] INFO  volume.OMVolumeCreateRequest (OMVolumeCreateRequest.java:validateAndUpdateCache(195)) - created volume:vol-8-49630 for user:runner
2023-01-26 17:25:49,516 [pool-804-thread-3] INFO  rpc.RpcClient (RpcClient.java:createBucket(693)) - Creating Bucket: vol-2-23975/bucket-0-89257, with server-side default bucket layout, runner as owner, Versioning false, Storage Type set to DISK and Encryption set to false 
2023-01-26 17:25:49,516 [pool-804-thread-10] INFO  rpc.RpcClient (RpcClient.java:createBucket(693)) - Creating Bucket: vol-4-92730/bucket-0-48615, with server-side default bucket layout, runner as owner, Versioning false, Storage Type set to DISK and Encryption set to false 
2023-01-26 17:25:49,518 [pool-804-thread-4] INFO  rpc.RpcClient (RpcClient.java:createBucket(693)) - Creating Bucket: vol-5-64343/bucket-0-75731, with server-side default bucket layout, runner as owner, Versioning false, Storage Type set to DISK and Encryption set to false 
2023-01-26 17:25:49,518 [pool-804-thread-7] INFO  rpc.RpcClient (RpcClient.java:createBucket(693)) - Creating Bucket: vol-6-20254/bucket-0-93758, with server-side default bucket layout, runner as owner, Versioning false, Storage Type set to DISK and Encryption set to false 
2023-01-26 17:25:49,519 [pool-804-thread-8] INFO  rpc.RpcClient (RpcClient.java:createBucket(693)) - Creating Bucket: vol-7-03329/bucket-0-89204, with server-side default bucket layout, runner as owner, Versioning false, Storage Type set to DISK and Encryption set to false 
2023-01-26 17:25:49,519 [pool-804-thread-9] INFO  rpc.RpcClient (RpcClient.java:createBucket(693)) - Creating Bucket: vol-8-49630/bucket-0-70877, with server-side default bucket layout, runner as owner, Versioning false, Storage Type set to DISK and Encryption set to false 
2023-01-26 17:25:49,520 [pool-804-thread-2] INFO  rpc.RpcClient (RpcClient.java:createBucket(693)) - Creating Bucket: vol-9-05908/bucket-0-52859, with server-side default bucket layout, runner as owner, Versioning false, Storage Type set to DISK and Encryption set to false 
2023-01-26 17:25:49,524 [pool-804-thread-1] INFO  rpc.RpcClient (RpcClient.java:createBucket(693)) - Creating Bucket: vol-1-27489/bucket-0-99214, with server-side default bucket layout, runner as owner, Versioning false, Storage Type set to DISK and Encryption set to false 
2023-01-26 17:25:49,524 [pool-804-thread-6] INFO  rpc.RpcClient (RpcClient.java:createBucket(693)) - Creating Bucket: vol-0-99266/bucket-0-40468, with server-side default bucket layout, runner as owner, Versioning false, Storage Type set to DISK and Encryption set to false 
2023-01-26 17:25:49,524 [OM StateMachine ApplyTransaction Thread - 0] INFO  bucket.OMBucketCreateRequest (OMBucketCreateRequest.java:validateAndUpdateCache(263)) - created bucket: bucket-0-48615 of layout FILE_SYSTEM_OPTIMIZED in volume: vol-4-92730
2023-01-26 17:25:49,526 [pool-804-thread-5] INFO  rpc.RpcClient (RpcClient.java:createBucket(693)) - Creating Bucket: vol-3-72303/bucket-0-29184, with server-side default bucket layout, runner as owner, Versioning false, Storage Type set to DISK and Encryption set to false 
2023-01-26 17:25:49,527 [OM StateMachine ApplyTransaction Thread - 0] INFO  bucket.OMBucketCreateRequest (OMBucketCreateRequest.java:validateAndUpdateCache(263)) - created bucket: bucket-0-52859 of layout FILE_SYSTEM_OPTIMIZED in volume: vol-9-05908
2023-01-26 17:25:49,527 [OM StateMachine ApplyTransaction Thread - 0] INFO  bucket.OMBucketCreateRequest (OMBucketCreateRequest.java:validateAndUpdateCache(263)) - created bucket: bucket-0-89257 of layout FILE_SYSTEM_OPTIMIZED in volume: vol-2-23975
2023-01-26 17:25:49,529 [OM StateMachine ApplyTransaction Thread - 0] INFO  bucket.OMBucketCreateRequest (OMBucketCreateRequest.java:validateAndUpdateCache(263)) - created bucket: bucket-0-93758 of layout FILE_SYSTEM_OPTIMIZED in volume: vol-6-20254
2023-01-26 17:25:49,529 [OM StateMachine ApplyTransaction Thread - 0] INFO  bucket.OMBucketCreateRequest (OMBucketCreateRequest.java:validateAndUpdateCache(263)) - created bucket: bucket-0-75731 of layout FILE_SYSTEM_OPTIMIZED in volume: vol-5-64343
2023-01-26 17:25:49,535 [OM StateMachine ApplyTransaction Thread - 0] INFO  bucket.OMBucketCreateRequest (OMBucketCreateRequest.java:validateAndUpdateCache(263)) - created bucket: bucket-0-70877 of layout FILE_SYSTEM_OPTIMIZED in volume: vol-8-49630
2023-01-26 17:25:49,535 [OM StateMachine ApplyTransaction Thread - 0] INFO  bucket.OMBucketCreateRequest (OMBucketCreateRequest.java:validateAndUpdateCache(263)) - created bucket: bucket-0-89204 of layout FILE_SYSTEM_OPTIMIZED in volume: vol-7-03329
2023-01-26 17:25:49,545 [OM StateMachine ApplyTransaction Thread - 0] INFO  bucket.OMBucketCreateRequest (OMBucketCreateRequest.java:validateAndUpdateCache(263)) - created bucket: bucket-0-99214 of layout FILE_SYSTEM_OPTIMIZED in volume: vol-1-27489
2023-01-26 17:25:49,546 [OM StateMachine ApplyTransaction Thread - 0] INFO  bucket.OMBucketCreateRequest (OMBucketCreateRequest.java:validateAndUpdateCache(263)) - created bucket: bucket-0-29184 of layout FILE_SYSTEM_OPTIMIZED in volume: vol-3-72303
2023-01-26 17:25:49,546 [OM StateMachine ApplyTransaction Thread - 0] INFO  bucket.OMBucketCreateRequest (OMBucketCreateRequest.java:validateAndUpdateCache(263)) - created bucket: bucket-0-40468 of layout FILE_SYSTEM_OPTIMIZED in volume: vol-0-99266
2023-01-26 17:25:50,499 [Thread-384] INFO  freon.ProgressBar (ProgressBar.java:logProgressBar(163)) - Progress: 56.00 % (56 out of 100)
2023-01-26 17:25:51,499 [Thread-384] INFO  freon.ProgressBar (ProgressBar.java:logProgressBar(163)) - Progress: 100.00 % (100 out of 100)
]]></system-out>
  </testcase>
  <testcase name="testZeroSizeKey" classname="org.apache.hadoop.ozone.freon.TestRandomKeyGenerator" time="5.087">
    <system-out><![CDATA[2023-01-26 17:25:54,523 [Listener at 127.0.0.1/34233] INFO  freon.RandomKeyGenerator (RandomKeyGenerator.java:call(315)) - Number of Threads: 1
2023-01-26 17:25:54,537 [Listener at 127.0.0.1/34233] INFO  freon.RandomKeyGenerator (RandomKeyGenerator.java:call(320)) - Number of Volumes: 1.
2023-01-26 17:25:54,537 [Listener at 127.0.0.1/34233] INFO  freon.RandomKeyGenerator (RandomKeyGenerator.java:call(321)) - Number of Buckets per Volume: 1.
2023-01-26 17:25:54,537 [Listener at 127.0.0.1/34233] INFO  freon.RandomKeyGenerator (RandomKeyGenerator.java:call(322)) - Number of Keys per Bucket: 1.
2023-01-26 17:25:54,538 [Listener at 127.0.0.1/34233] INFO  freon.RandomKeyGenerator (RandomKeyGenerator.java:call(323)) - Key size: 0 bytes
2023-01-26 17:25:54,538 [Listener at 127.0.0.1/34233] INFO  freon.RandomKeyGenerator (RandomKeyGenerator.java:call(324)) - Buffer size: 4096 bytes
2023-01-26 17:25:54,538 [Listener at 127.0.0.1/34233] INFO  freon.RandomKeyGenerator (RandomKeyGenerator.java:call(325)) - validateWrites : true
2023-01-26 17:25:54,538 [Listener at 127.0.0.1/34233] INFO  freon.RandomKeyGenerator (RandomKeyGenerator.java:call(326)) - Number of Validate Threads: 1
2023-01-26 17:25:54,538 [Listener at 127.0.0.1/34233] INFO  freon.RandomKeyGenerator (RandomKeyGenerator.java:call(327)) - cleanObjects : false
2023-01-26 17:25:54,538 [pool-905-thread-1] INFO  rpc.RpcClient (RpcClient.java:createVolume(474)) - Creating Volume: vol-0-55180, with runner as owner and space quota set to -1 bytes, counts quota set to -1
2023-01-26 17:25:54,545 [Listener at 127.0.0.1/34233] INFO  freon.RandomKeyGenerator (RandomKeyGenerator.java:call(343)) - Data validation is enabled.
2023-01-26 17:25:54,545 [Listener at 127.0.0.1/34233] INFO  freon.RandomKeyGenerator (RandomKeyGenerator.java:call(349)) - Starting progress bar Thread.
2023-01-26 17:25:54,545 [OM StateMachine ApplyTransaction Thread - 0] INFO  volume.OMVolumeCreateRequest (OMVolumeCreateRequest.java:validateAndUpdateCache(195)) - created volume:vol-0-55180 for user:runner
2023-01-26 17:25:54,554 [Thread-454] INFO  freon.ProgressBar (ProgressBar.java:logProgressBar(163)) - Progress: 0.00 % (0 out of 1)
2023-01-26 17:25:54,555 [pool-905-thread-1] INFO  rpc.RpcClient (RpcClient.java:createBucket(693)) - Creating Bucket: vol-0-55180/bucket-0-78802, with server-side default bucket layout, runner as owner, Versioning false, Storage Type set to DISK and Encryption set to false 
2023-01-26 17:25:54,559 [OM StateMachine ApplyTransaction Thread - 0] INFO  bucket.OMBucketCreateRequest (OMBucketCreateRequest.java:validateAndUpdateCache(263)) - created bucket: bucket-0-78802 of layout FILE_SYSTEM_OPTIMIZED in volume: vol-0-55180
2023-01-26 17:25:54,574 [OM StateMachine ApplyTransaction Thread - 0] INFO  key.OMKeyRequest (OMKeyRequest.java:wrapUncommittedBlocksAsPseudoKey(837)) - Detect allocated but uncommitted blocks [{blockID={containerID=9, localID=111677748019200202}, length=4194304, offset=0, token=null, pipeline=null, createVersion=0, partNumber=0}] in key key-0-14734.
2023-01-26 17:25:55,554 [Thread-454] INFO  freon.ProgressBar (ProgressBar.java:logProgressBar(163)) - Progress: 100.00 % (1 out of 1)
]]></system-out>
  </testcase>
  <testcase name="testRatisKey" classname="org.apache.hadoop.ozone.freon.TestRandomKeyGenerator" time="5.051">
    <system-out><![CDATA[2023-01-26 17:25:59,603 [Listener at 127.0.0.1/34233] INFO  freon.RandomKeyGenerator (RandomKeyGenerator.java:call(315)) - Number of Threads: 10
2023-01-26 17:25:59,618 [Listener at 127.0.0.1/34233] INFO  freon.RandomKeyGenerator (RandomKeyGenerator.java:call(320)) - Number of Volumes: 10.
2023-01-26 17:25:59,618 [Listener at 127.0.0.1/34233] INFO  freon.RandomKeyGenerator (RandomKeyGenerator.java:call(321)) - Number of Buckets per Volume: 1.
2023-01-26 17:25:59,618 [Listener at 127.0.0.1/34233] INFO  freon.RandomKeyGenerator (RandomKeyGenerator.java:call(322)) - Number of Keys per Bucket: 10.
2023-01-26 17:25:59,618 [Listener at 127.0.0.1/34233] INFO  freon.RandomKeyGenerator (RandomKeyGenerator.java:call(323)) - Key size: 10240 bytes
2023-01-26 17:25:59,618 [Listener at 127.0.0.1/34233] INFO  freon.RandomKeyGenerator (RandomKeyGenerator.java:call(324)) - Buffer size: 4096 bytes
2023-01-26 17:25:59,618 [Listener at 127.0.0.1/34233] INFO  freon.RandomKeyGenerator (RandomKeyGenerator.java:call(325)) - validateWrites : false
2023-01-26 17:25:59,619 [Listener at 127.0.0.1/34233] INFO  freon.RandomKeyGenerator (RandomKeyGenerator.java:call(326)) - Number of Validate Threads: 1
2023-01-26 17:25:59,619 [Listener at 127.0.0.1/34233] INFO  freon.RandomKeyGenerator (RandomKeyGenerator.java:call(327)) - cleanObjects : false
2023-01-26 17:25:59,619 [pool-907-thread-1] INFO  rpc.RpcClient (RpcClient.java:createVolume(474)) - Creating Volume: vol-0-47397, with runner as owner and space quota set to -1 bytes, counts quota set to -1
2023-01-26 17:25:59,619 [pool-907-thread-2] INFO  rpc.RpcClient (RpcClient.java:createVolume(474)) - Creating Volume: vol-1-39811, with runner as owner and space quota set to -1 bytes, counts quota set to -1
2023-01-26 17:25:59,620 [pool-907-thread-3] INFO  rpc.RpcClient (RpcClient.java:createVolume(474)) - Creating Volume: vol-2-17290, with runner as owner and space quota set to -1 bytes, counts quota set to -1
2023-01-26 17:25:59,622 [pool-907-thread-4] INFO  rpc.RpcClient (RpcClient.java:createVolume(474)) - Creating Volume: vol-3-77066, with runner as owner and space quota set to -1 bytes, counts quota set to -1
2023-01-26 17:25:59,627 [pool-907-thread-5] INFO  rpc.RpcClient (RpcClient.java:createVolume(474)) - Creating Volume: vol-4-48061, with runner as owner and space quota set to -1 bytes, counts quota set to -1
2023-01-26 17:25:59,628 [pool-907-thread-6] INFO  rpc.RpcClient (RpcClient.java:createVolume(474)) - Creating Volume: vol-5-62300, with runner as owner and space quota set to -1 bytes, counts quota set to -1
2023-01-26 17:25:59,629 [pool-907-thread-7] INFO  rpc.RpcClient (RpcClient.java:createVolume(474)) - Creating Volume: vol-6-27377, with runner as owner and space quota set to -1 bytes, counts quota set to -1
2023-01-26 17:25:59,630 [pool-907-thread-8] INFO  rpc.RpcClient (RpcClient.java:createVolume(474)) - Creating Volume: vol-7-27062, with runner as owner and space quota set to -1 bytes, counts quota set to -1
2023-01-26 17:25:59,630 [pool-907-thread-9] INFO  rpc.RpcClient (RpcClient.java:createVolume(474)) - Creating Volume: vol-8-72451, with runner as owner and space quota set to -1 bytes, counts quota set to -1
2023-01-26 17:25:59,632 [Listener at 127.0.0.1/34233] INFO  freon.RandomKeyGenerator (RandomKeyGenerator.java:call(349)) - Starting progress bar Thread.
2023-01-26 17:25:59,636 [pool-907-thread-10] INFO  rpc.RpcClient (RpcClient.java:createVolume(474)) - Creating Volume: vol-9-39006, with runner as owner and space quota set to -1 bytes, counts quota set to -1
2023-01-26 17:25:59,637 [Thread-456] INFO  freon.ProgressBar (ProgressBar.java:logProgressBar(163)) - Progress: 0.00 % (0 out of 100)
2023-01-26 17:25:59,639 [OM StateMachine ApplyTransaction Thread - 0] INFO  volume.OMVolumeCreateRequest (OMVolumeCreateRequest.java:validateAndUpdateCache(195)) - created volume:vol-1-39811 for user:runner
2023-01-26 17:25:59,641 [OM StateMachine ApplyTransaction Thread - 0] INFO  volume.OMVolumeCreateRequest (OMVolumeCreateRequest.java:validateAndUpdateCache(195)) - created volume:vol-2-17290 for user:runner
2023-01-26 17:25:59,641 [OM StateMachine ApplyTransaction Thread - 0] INFO  volume.OMVolumeCreateRequest (OMVolumeCreateRequest.java:validateAndUpdateCache(195)) - created volume:vol-5-62300 for user:runner
2023-01-26 17:25:59,642 [OM StateMachine ApplyTransaction Thread - 0] INFO  volume.OMVolumeCreateRequest (OMVolumeCreateRequest.java:validateAndUpdateCache(195)) - created volume:vol-3-77066 for user:runner
2023-01-26 17:25:59,642 [OM StateMachine ApplyTransaction Thread - 0] INFO  volume.OMVolumeCreateRequest (OMVolumeCreateRequest.java:validateAndUpdateCache(195)) - created volume:vol-0-47397 for user:runner
2023-01-26 17:25:59,643 [OM StateMachine ApplyTransaction Thread - 0] INFO  volume.OMVolumeCreateRequest (OMVolumeCreateRequest.java:validateAndUpdateCache(195)) - created volume:vol-4-48061 for user:runner
2023-01-26 17:25:59,644 [OM StateMachine ApplyTransaction Thread - 0] INFO  volume.OMVolumeCreateRequest (OMVolumeCreateRequest.java:validateAndUpdateCache(195)) - created volume:vol-6-27377 for user:runner
2023-01-26 17:25:59,644 [OM StateMachine ApplyTransaction Thread - 0] INFO  volume.OMVolumeCreateRequest (OMVolumeCreateRequest.java:validateAndUpdateCache(195)) - created volume:vol-7-27062 for user:runner
2023-01-26 17:25:59,655 [OM StateMachine ApplyTransaction Thread - 0] INFO  volume.OMVolumeCreateRequest (OMVolumeCreateRequest.java:validateAndUpdateCache(195)) - created volume:vol-8-72451 for user:runner
2023-01-26 17:25:59,656 [OM StateMachine ApplyTransaction Thread - 0] INFO  volume.OMVolumeCreateRequest (OMVolumeCreateRequest.java:validateAndUpdateCache(195)) - created volume:vol-9-39006 for user:runner
2023-01-26 17:25:59,665 [pool-907-thread-5] INFO  rpc.RpcClient (RpcClient.java:createBucket(693)) - Creating Bucket: vol-1-39811/bucket-0-68301, with server-side default bucket layout, runner as owner, Versioning false, Storage Type set to DISK and Encryption set to false 
2023-01-26 17:25:59,666 [pool-907-thread-1] INFO  rpc.RpcClient (RpcClient.java:createBucket(693)) - Creating Bucket: vol-4-48061/bucket-0-02701, with server-side default bucket layout, runner as owner, Versioning false, Storage Type set to DISK and Encryption set to false 
2023-01-26 17:25:59,666 [pool-907-thread-4] INFO  rpc.RpcClient (RpcClient.java:createBucket(693)) - Creating Bucket: vol-5-62300/bucket-0-77104, with server-side default bucket layout, runner as owner, Versioning false, Storage Type set to DISK and Encryption set to false 
2023-01-26 17:25:59,668 [pool-907-thread-8] INFO  rpc.RpcClient (RpcClient.java:createBucket(693)) - Creating Bucket: vol-7-27062/bucket-0-87234, with server-side default bucket layout, runner as owner, Versioning false, Storage Type set to DISK and Encryption set to false 
2023-01-26 17:25:59,669 [pool-907-thread-7] INFO  rpc.RpcClient (RpcClient.java:createBucket(693)) - Creating Bucket: vol-8-72451/bucket-0-89076, with server-side default bucket layout, runner as owner, Versioning false, Storage Type set to DISK and Encryption set to false 
2023-01-26 17:25:59,669 [pool-907-thread-10] INFO  rpc.RpcClient (RpcClient.java:createBucket(693)) - Creating Bucket: vol-9-39006/bucket-0-12918, with server-side default bucket layout, runner as owner, Versioning false, Storage Type set to DISK and Encryption set to false 
2023-01-26 17:25:59,671 [OM StateMachine ApplyTransaction Thread - 0] INFO  bucket.OMBucketCreateRequest (OMBucketCreateRequest.java:validateAndUpdateCache(263)) - created bucket: bucket-0-68301 of layout FILE_SYSTEM_OPTIMIZED in volume: vol-1-39811
2023-01-26 17:25:59,671 [OM StateMachine ApplyTransaction Thread - 0] INFO  bucket.OMBucketCreateRequest (OMBucketCreateRequest.java:validateAndUpdateCache(263)) - created bucket: bucket-0-12918 of layout FILE_SYSTEM_OPTIMIZED in volume: vol-9-39006
2023-01-26 17:25:59,672 [OM StateMachine ApplyTransaction Thread - 0] INFO  bucket.OMBucketCreateRequest (OMBucketCreateRequest.java:validateAndUpdateCache(263)) - created bucket: bucket-0-89076 of layout FILE_SYSTEM_OPTIMIZED in volume: vol-8-72451
2023-01-26 17:25:59,672 [OM StateMachine ApplyTransaction Thread - 0] INFO  bucket.OMBucketCreateRequest (OMBucketCreateRequest.java:validateAndUpdateCache(263)) - created bucket: bucket-0-02701 of layout FILE_SYSTEM_OPTIMIZED in volume: vol-4-48061
2023-01-26 17:25:59,673 [OM StateMachine ApplyTransaction Thread - 0] INFO  bucket.OMBucketCreateRequest (OMBucketCreateRequest.java:validateAndUpdateCache(263)) - created bucket: bucket-0-77104 of layout FILE_SYSTEM_OPTIMIZED in volume: vol-5-62300
2023-01-26 17:25:59,674 [OM StateMachine ApplyTransaction Thread - 0] INFO  bucket.OMBucketCreateRequest (OMBucketCreateRequest.java:validateAndUpdateCache(263)) - created bucket: bucket-0-87234 of layout FILE_SYSTEM_OPTIMIZED in volume: vol-7-27062
2023-01-26 17:25:59,674 [pool-907-thread-2] INFO  rpc.RpcClient (RpcClient.java:createBucket(693)) - Creating Bucket: vol-0-47397/bucket-0-78056, with server-side default bucket layout, runner as owner, Versioning false, Storage Type set to DISK and Encryption set to false 
2023-01-26 17:25:59,675 [pool-907-thread-6] INFO  rpc.RpcClient (RpcClient.java:createBucket(693)) - Creating Bucket: vol-2-17290/bucket-0-04113, with server-side default bucket layout, runner as owner, Versioning false, Storage Type set to DISK and Encryption set to false 
2023-01-26 17:25:59,676 [pool-907-thread-3] INFO  rpc.RpcClient (RpcClient.java:createBucket(693)) - Creating Bucket: vol-3-77066/bucket-0-09148, with server-side default bucket layout, runner as owner, Versioning false, Storage Type set to DISK and Encryption set to false 
2023-01-26 17:25:59,678 [OM StateMachine ApplyTransaction Thread - 0] INFO  bucket.OMBucketCreateRequest (OMBucketCreateRequest.java:validateAndUpdateCache(263)) - created bucket: bucket-0-78056 of layout FILE_SYSTEM_OPTIMIZED in volume: vol-0-47397
2023-01-26 17:25:59,678 [OM StateMachine ApplyTransaction Thread - 0] INFO  bucket.OMBucketCreateRequest (OMBucketCreateRequest.java:validateAndUpdateCache(263)) - created bucket: bucket-0-04113 of layout FILE_SYSTEM_OPTIMIZED in volume: vol-2-17290
2023-01-26 17:25:59,679 [pool-907-thread-9] INFO  rpc.RpcClient (RpcClient.java:createBucket(693)) - Creating Bucket: vol-6-27377/bucket-0-27795, with server-side default bucket layout, runner as owner, Versioning false, Storage Type set to DISK and Encryption set to false 
2023-01-26 17:25:59,680 [OM StateMachine ApplyTransaction Thread - 0] INFO  bucket.OMBucketCreateRequest (OMBucketCreateRequest.java:validateAndUpdateCache(263)) - created bucket: bucket-0-09148 of layout FILE_SYSTEM_OPTIMIZED in volume: vol-3-77066
2023-01-26 17:25:59,692 [OM StateMachine ApplyTransaction Thread - 0] INFO  bucket.OMBucketCreateRequest (OMBucketCreateRequest.java:validateAndUpdateCache(263)) - created bucket: bucket-0-27795 of layout FILE_SYSTEM_OPTIMIZED in volume: vol-6-27377
2023-01-26 17:26:00,650 [Thread-456] INFO  freon.ProgressBar (ProgressBar.java:logProgressBar(163)) - Progress: 74.00 % (74 out of 100)
2023-01-26 17:26:01,650 [Thread-456] INFO  freon.ProgressBar (ProgressBar.java:logProgressBar(163)) - Progress: 100.00 % (100 out of 100)
]]></system-out>
  </testcase>
  <testcase name="testDefault" classname="org.apache.hadoop.ozone.freon.TestRandomKeyGenerator" time="5.043">
    <system-out><![CDATA[2023-01-26 17:26:04,656 [Listener at 127.0.0.1/34233] INFO  freon.RandomKeyGenerator (RandomKeyGenerator.java:call(315)) - Number of Threads: 10
2023-01-26 17:26:04,671 [Listener at 127.0.0.1/34233] INFO  freon.RandomKeyGenerator (RandomKeyGenerator.java:call(320)) - Number of Volumes: 2.
2023-01-26 17:26:04,671 [Listener at 127.0.0.1/34233] INFO  freon.RandomKeyGenerator (RandomKeyGenerator.java:call(321)) - Number of Buckets per Volume: 5.
2023-01-26 17:26:04,671 [Listener at 127.0.0.1/34233] INFO  freon.RandomKeyGenerator (RandomKeyGenerator.java:call(322)) - Number of Keys per Bucket: 10.
2023-01-26 17:26:04,671 [Listener at 127.0.0.1/34233] INFO  freon.RandomKeyGenerator (RandomKeyGenerator.java:call(323)) - Key size: 10240 bytes
2023-01-26 17:26:04,671 [Listener at 127.0.0.1/34233] INFO  freon.RandomKeyGenerator (RandomKeyGenerator.java:call(324)) - Buffer size: 4096 bytes
2023-01-26 17:26:04,671 [Listener at 127.0.0.1/34233] INFO  freon.RandomKeyGenerator (RandomKeyGenerator.java:call(325)) - validateWrites : false
2023-01-26 17:26:04,671 [Listener at 127.0.0.1/34233] INFO  freon.RandomKeyGenerator (RandomKeyGenerator.java:call(326)) - Number of Validate Threads: 1
2023-01-26 17:26:04,671 [Listener at 127.0.0.1/34233] INFO  freon.RandomKeyGenerator (RandomKeyGenerator.java:call(327)) - cleanObjects : false
2023-01-26 17:26:04,672 [pool-1008-thread-1] INFO  rpc.RpcClient (RpcClient.java:createVolume(474)) - Creating Volume: vol-0-85444, with runner as owner and space quota set to -1 bytes, counts quota set to -1
2023-01-26 17:26:04,672 [pool-1008-thread-2] INFO  rpc.RpcClient (RpcClient.java:createVolume(474)) - Creating Volume: vol-1-93139, with runner as owner and space quota set to -1 bytes, counts quota set to -1
2023-01-26 17:26:04,677 [OM StateMachine ApplyTransaction Thread - 0] INFO  volume.OMVolumeCreateRequest (OMVolumeCreateRequest.java:validateAndUpdateCache(195)) - created volume:vol-0-85444 for user:runner
2023-01-26 17:26:04,677 [OM StateMachine ApplyTransaction Thread - 0] INFO  volume.OMVolumeCreateRequest (OMVolumeCreateRequest.java:validateAndUpdateCache(195)) - created volume:vol-1-93139 for user:runner
2023-01-26 17:26:04,679 [Listener at 127.0.0.1/34233] INFO  freon.RandomKeyGenerator (RandomKeyGenerator.java:call(349)) - Starting progress bar Thread.
2023-01-26 17:26:04,679 [Thread-521] INFO  freon.ProgressBar (ProgressBar.java:logProgressBar(163)) - Progress: 0.00 % (0 out of 100)
2023-01-26 17:26:04,681 [pool-1008-thread-1] INFO  rpc.RpcClient (RpcClient.java:createBucket(693)) - Creating Bucket: vol-0-85444/bucket-4-85420, with server-side default bucket layout, runner as owner, Versioning false, Storage Type set to DISK and Encryption set to false 
2023-01-26 17:26:04,682 [pool-1008-thread-2] INFO  rpc.RpcClient (RpcClient.java:createBucket(693)) - Creating Bucket: vol-1-93139/bucket-4-37181, with server-side default bucket layout, runner as owner, Versioning false, Storage Type set to DISK and Encryption set to false 
2023-01-26 17:26:04,682 [pool-1008-thread-3] INFO  rpc.RpcClient (RpcClient.java:createBucket(693)) - Creating Bucket: vol-0-85444/bucket-0-97077, with server-side default bucket layout, runner as owner, Versioning false, Storage Type set to DISK and Encryption set to false 
2023-01-26 17:26:04,684 [OM StateMachine ApplyTransaction Thread - 0] INFO  bucket.OMBucketCreateRequest (OMBucketCreateRequest.java:validateAndUpdateCache(263)) - created bucket: bucket-4-85420 of layout FILE_SYSTEM_OPTIMIZED in volume: vol-0-85444
2023-01-26 17:26:04,684 [OM StateMachine ApplyTransaction Thread - 0] INFO  bucket.OMBucketCreateRequest (OMBucketCreateRequest.java:validateAndUpdateCache(263)) - created bucket: bucket-4-37181 of layout FILE_SYSTEM_OPTIMIZED in volume: vol-1-93139
2023-01-26 17:26:04,684 [pool-1008-thread-6] INFO  rpc.RpcClient (RpcClient.java:createBucket(693)) - Creating Bucket: vol-1-93139/bucket-0-63205, with server-side default bucket layout, runner as owner, Versioning false, Storage Type set to DISK and Encryption set to false 
2023-01-26 17:26:04,685 [pool-1008-thread-7] INFO  rpc.RpcClient (RpcClient.java:createBucket(693)) - Creating Bucket: vol-0-85444/bucket-1-18921, with server-side default bucket layout, runner as owner, Versioning false, Storage Type set to DISK and Encryption set to false 
2023-01-26 17:26:04,685 [pool-1008-thread-8] INFO  rpc.RpcClient (RpcClient.java:createBucket(693)) - Creating Bucket: vol-1-93139/bucket-1-87758, with server-side default bucket layout, runner as owner, Versioning false, Storage Type set to DISK and Encryption set to false 
2023-01-26 17:26:04,687 [OM StateMachine ApplyTransaction Thread - 0] INFO  bucket.OMBucketCreateRequest (OMBucketCreateRequest.java:validateAndUpdateCache(263)) - created bucket: bucket-0-97077 of layout FILE_SYSTEM_OPTIMIZED in volume: vol-0-85444
2023-01-26 17:26:04,688 [OM StateMachine ApplyTransaction Thread - 0] INFO  bucket.OMBucketCreateRequest (OMBucketCreateRequest.java:validateAndUpdateCache(263)) - created bucket: bucket-1-87758 of layout FILE_SYSTEM_OPTIMIZED in volume: vol-1-93139
2023-01-26 17:26:04,689 [OM StateMachine ApplyTransaction Thread - 0] INFO  bucket.OMBucketCreateRequest (OMBucketCreateRequest.java:validateAndUpdateCache(263)) - created bucket: bucket-1-18921 of layout FILE_SYSTEM_OPTIMIZED in volume: vol-0-85444
2023-01-26 17:26:04,689 [pool-1008-thread-9] INFO  rpc.RpcClient (RpcClient.java:createBucket(693)) - Creating Bucket: vol-0-85444/bucket-2-78923, with server-side default bucket layout, runner as owner, Versioning false, Storage Type set to DISK and Encryption set to false 
2023-01-26 17:26:04,689 [pool-1008-thread-5] INFO  rpc.RpcClient (RpcClient.java:createBucket(693)) - Creating Bucket: vol-0-85444/bucket-3-70883, with server-side default bucket layout, runner as owner, Versioning false, Storage Type set to DISK and Encryption set to false 
2023-01-26 17:26:04,690 [pool-1008-thread-10] INFO  rpc.RpcClient (RpcClient.java:createBucket(693)) - Creating Bucket: vol-1-93139/bucket-2-90165, with server-side default bucket layout, runner as owner, Versioning false, Storage Type set to DISK and Encryption set to false 
2023-01-26 17:26:04,691 [pool-1008-thread-4] INFO  rpc.RpcClient (RpcClient.java:createBucket(693)) - Creating Bucket: vol-1-93139/bucket-3-27439, with server-side default bucket layout, runner as owner, Versioning false, Storage Type set to DISK and Encryption set to false 
2023-01-26 17:26:04,691 [OM StateMachine ApplyTransaction Thread - 0] INFO  bucket.OMBucketCreateRequest (OMBucketCreateRequest.java:validateAndUpdateCache(263)) - created bucket: bucket-0-63205 of layout FILE_SYSTEM_OPTIMIZED in volume: vol-1-93139
2023-01-26 17:26:04,693 [OM StateMachine ApplyTransaction Thread - 0] INFO  bucket.OMBucketCreateRequest (OMBucketCreateRequest.java:validateAndUpdateCache(263)) - created bucket: bucket-3-70883 of layout FILE_SYSTEM_OPTIMIZED in volume: vol-0-85444
2023-01-26 17:26:04,695 [OM StateMachine ApplyTransaction Thread - 0] INFO  bucket.OMBucketCreateRequest (OMBucketCreateRequest.java:validateAndUpdateCache(263)) - created bucket: bucket-2-78923 of layout FILE_SYSTEM_OPTIMIZED in volume: vol-0-85444
2023-01-26 17:26:04,702 [OM StateMachine ApplyTransaction Thread - 0] INFO  bucket.OMBucketCreateRequest (OMBucketCreateRequest.java:validateAndUpdateCache(263)) - created bucket: bucket-2-90165 of layout FILE_SYSTEM_OPTIMIZED in volume: vol-1-93139
2023-01-26 17:26:04,705 [OM StateMachine ApplyTransaction Thread - 0] INFO  bucket.OMBucketCreateRequest (OMBucketCreateRequest.java:validateAndUpdateCache(263)) - created bucket: bucket-3-27439 of layout FILE_SYSTEM_OPTIMIZED in volume: vol-1-93139
2023-01-26 17:26:05,658 [Under Replicated Processor] INFO  replication.UnhealthyReplicationProcessor (UnhealthyReplicationProcessor.java:processAll(105)) - Processed 0 containers with health state counts {},failed processing 0
2023-01-26 17:26:05,665 [Over Replicated Processor] INFO  replication.UnhealthyReplicationProcessor (UnhealthyReplicationProcessor.java:processAll(105)) - Processed 0 containers with health state counts {},failed processing 0
2023-01-26 17:26:05,679 [Thread-521] INFO  freon.ProgressBar (ProgressBar.java:logProgressBar(163)) - Progress: 93.00 % (93 out of 100)
2023-01-26 17:26:06,679 [Thread-521] INFO  freon.ProgressBar (ProgressBar.java:logProgressBar(163)) - Progress: 100.00 % (100 out of 100)
2023-01-26 17:26:09,453 [IPC Server handler 5 on default port 42545] INFO  ha.SequenceIdGenerator (SequenceIdGenerator.java:getNextId(128)) - Allocate a batch for delTxnId, change lastId from 0 to 1000.
]]></system-out>
  </testcase>
  <testcase name="testKeyLargerThan2GB" classname="org.apache.hadoop.ozone.freon.TestRandomKeyGenerator" time="37.287">
    <failure type="java.lang.AssertionError"><![CDATA[java.lang.AssertionError: expected:<1> but was:<0>
	at org.junit.Assert.fail(Assert.java:89)
	at org.junit.Assert.failNotEquals(Assert.java:835)
	at org.junit.Assert.assertEquals(Assert.java:647)
	at org.junit.Assert.assertEquals(Assert.java:633)
	at org.apache.hadoop.ozone.freon.TestRandomKeyGenerator.testKeyLargerThan2GB(TestRandomKeyGenerator.java:164)
	at sun.reflect.NativeMethodAccessorImpl.invoke0(Native Method)
	at sun.reflect.NativeMethodAccessorImpl.invoke(NativeMethodAccessorImpl.java:62)
	at sun.reflect.DelegatingMethodAccessorImpl.invoke(DelegatingMethodAccessorImpl.java:43)
	at java.lang.reflect.Method.invoke(Method.java:498)
	at org.junit.platform.commons.util.ReflectionUtils.invokeMethod(ReflectionUtils.java:725)
	at org.junit.jupiter.engine.execution.MethodInvocation.proceed(MethodInvocation.java:60)
	at org.junit.jupiter.engine.execution.InvocationInterceptorChain$ValidatingInvocation.proceed(InvocationInterceptorChain.java:131)
	at org.junit.jupiter.engine.extension.TimeoutExtension.intercept(TimeoutExtension.java:149)
	at org.junit.jupiter.engine.extension.TimeoutExtension.interceptTestableMethod(TimeoutExtension.java:140)
	at org.junit.jupiter.engine.extension.TimeoutExtension.interceptTestMethod(TimeoutExtension.java:84)
	at org.junit.jupiter.engine.execution.ExecutableInvoker$ReflectiveInterceptorCall.lambda$ofVoidMethod$0(ExecutableInvoker.java:115)
	at org.junit.jupiter.engine.execution.ExecutableInvoker.lambda$invoke$0(ExecutableInvoker.java:105)
	at org.junit.jupiter.engine.execution.InvocationInterceptorChain$InterceptedInvocation.proceed(InvocationInterceptorChain.java:106)
	at org.junit.jupiter.engine.execution.InvocationInterceptorChain.proceed(InvocationInterceptorChain.java:64)
	at org.junit.jupiter.engine.execution.InvocationInterceptorChain.chainAndInvoke(InvocationInterceptorChain.java:45)
	at org.junit.jupiter.engine.execution.InvocationInterceptorChain.invoke(InvocationInterceptorChain.java:37)
	at org.junit.jupiter.engine.execution.ExecutableInvoker.invoke(ExecutableInvoker.java:104)
	at org.junit.jupiter.engine.execution.ExecutableInvoker.invoke(ExecutableInvoker.java:98)
	at org.junit.jupiter.engine.descriptor.TestMethodTestDescriptor.lambda$invokeTestMethod$7(TestMethodTestDescriptor.java:214)
	at org.junit.platform.engine.support.hierarchical.ThrowableCollector.execute(ThrowableCollector.java:73)
	at org.junit.jupiter.engine.descriptor.TestMethodTestDescriptor.invokeTestMethod(TestMethodTestDescriptor.java:210)
	at org.junit.jupiter.engine.descriptor.TestMethodTestDescriptor.execute(TestMethodTestDescriptor.java:135)
	at org.junit.jupiter.engine.descriptor.TestMethodTestDescriptor.execute(TestMethodTestDescriptor.java:66)
	at org.junit.platform.engine.support.hierarchical.NodeTestTask.lambda$executeRecursively$6(NodeTestTask.java:151)
	at org.junit.platform.engine.support.hierarchical.ThrowableCollector.execute(ThrowableCollector.java:73)
	at org.junit.platform.engine.support.hierarchical.NodeTestTask.lambda$executeRecursively$8(NodeTestTask.java:141)
	at org.junit.platform.engine.support.hierarchical.Node.around(Node.java:137)
	at org.junit.platform.engine.support.hierarchical.NodeTestTask.lambda$executeRecursively$9(NodeTestTask.java:139)
	at org.junit.platform.engine.support.hierarchical.ThrowableCollector.execute(ThrowableCollector.java:73)
	at org.junit.platform.engine.support.hierarchical.NodeTestTask.executeRecursively(NodeTestTask.java:138)
	at org.junit.platform.engine.support.hierarchical.NodeTestTask.execute(NodeTestTask.java:95)
	at java.util.ArrayList.forEach(ArrayList.java:1259)
	at org.junit.platform.engine.support.hierarchical.SameThreadHierarchicalTestExecutorService.invokeAll(SameThreadHierarchicalTestExecutorService.java:41)
	at org.junit.platform.engine.support.hierarchical.NodeTestTask.lambda$executeRecursively$6(NodeTestTask.java:155)
	at org.junit.platform.engine.support.hierarchical.ThrowableCollector.execute(ThrowableCollector.java:73)
	at org.junit.platform.engine.support.hierarchical.NodeTestTask.lambda$executeRecursively$8(NodeTestTask.java:141)
	at org.junit.platform.engine.support.hierarchical.Node.around(Node.java:137)
	at org.junit.platform.engine.support.hierarchical.NodeTestTask.lambda$executeRecursively$9(NodeTestTask.java:139)
	at org.junit.platform.engine.support.hierarchical.ThrowableCollector.execute(ThrowableCollector.java:73)
	at org.junit.platform.engine.support.hierarchical.NodeTestTask.executeRecursively(NodeTestTask.java:138)
	at org.junit.platform.engine.support.hierarchical.NodeTestTask.execute(NodeTestTask.java:95)
	at java.util.ArrayList.forEach(ArrayList.java:1259)
	at org.junit.platform.engine.support.hierarchical.SameThreadHierarchicalTestExecutorService.invokeAll(SameThreadHierarchicalTestExecutorService.java:41)
	at org.junit.platform.engine.support.hierarchical.NodeTestTask.lambda$executeRecursively$6(NodeTestTask.java:155)
	at org.junit.platform.engine.support.hierarchical.ThrowableCollector.execute(ThrowableCollector.java:73)
	at org.junit.platform.engine.support.hierarchical.NodeTestTask.lambda$executeRecursively$8(NodeTestTask.java:141)
	at org.junit.platform.engine.support.hierarchical.Node.around(Node.java:137)
	at org.junit.platform.engine.support.hierarchical.NodeTestTask.lambda$executeRecursively$9(NodeTestTask.java:139)
	at org.junit.platform.engine.support.hierarchical.ThrowableCollector.execute(ThrowableCollector.java:73)
	at org.junit.platform.engine.support.hierarchical.NodeTestTask.executeRecursively(NodeTestTask.java:138)
	at org.junit.platform.engine.support.hierarchical.NodeTestTask.execute(NodeTestTask.java:95)
	at org.junit.platform.engine.support.hierarchical.SameThreadHierarchicalTestExecutorService.submit(SameThreadHierarchicalTestExecutorService.java:35)
	at org.junit.platform.engine.support.hierarchical.HierarchicalTestExecutor.execute(HierarchicalTestExecutor.java:57)
	at org.junit.platform.engine.support.hierarchical.HierarchicalTestEngine.execute(HierarchicalTestEngine.java:54)
	at org.junit.platform.launcher.core.EngineExecutionOrchestrator.execute(EngineExecutionOrchestrator.java:107)
	at org.junit.platform.launcher.core.EngineExecutionOrchestrator.execute(EngineExecutionOrchestrator.java:88)
	at org.junit.platform.launcher.core.EngineExecutionOrchestrator.lambda$execute$0(EngineExecutionOrchestrator.java:54)
	at org.junit.platform.launcher.core.EngineExecutionOrchestrator.withInterceptedStreams(EngineExecutionOrchestrator.java:67)
	at org.junit.platform.launcher.core.EngineExecutionOrchestrator.execute(EngineExecutionOrchestrator.java:52)
	at org.junit.platform.launcher.core.DefaultLauncher.execute(DefaultLauncher.java:114)
	at org.junit.platform.launcher.core.DefaultLauncher.execute(DefaultLauncher.java:86)
	at org.junit.platform.launcher.core.DefaultLauncherSession$DelegatingLauncher.execute(DefaultLauncherSession.java:86)
	at org.junit.platform.launcher.core.SessionPerRequestLauncher.execute(SessionPerRequestLauncher.java:53)
	at org.apache.maven.surefire.junitplatform.JUnitPlatformProvider.execute(JUnitPlatformProvider.java:188)
	at org.apache.maven.surefire.junitplatform.JUnitPlatformProvider.invokeAllTests(JUnitPlatformProvider.java:154)
	at org.apache.maven.surefire.junitplatform.JUnitPlatformProvider.invoke(JUnitPlatformProvider.java:124)
	at org.apache.maven.surefire.booter.ForkedBooter.runSuitesInProcess(ForkedBooter.java:428)
	at org.apache.maven.surefire.booter.ForkedBooter.execute(ForkedBooter.java:162)
	at org.apache.maven.surefire.booter.ForkedBooter.run(ForkedBooter.java:562)
	at org.apache.maven.surefire.booter.ForkedBooter.main(ForkedBooter.java:548)
]]></failure>
    <system-out><![CDATA[2023-01-26 17:26:16,918 [Listener at 127.0.0.1/34233] INFO  freon.RandomKeyGenerator (RandomKeyGenerator.java:call(315)) - Number of Threads: 1
2023-01-26 17:26:16,932 [Listener at 127.0.0.1/34233] INFO  freon.RandomKeyGenerator (RandomKeyGenerator.java:call(320)) - Number of Volumes: 1.
2023-01-26 17:26:16,932 [Listener at 127.0.0.1/34233] INFO  freon.RandomKeyGenerator (RandomKeyGenerator.java:call(321)) - Number of Buckets per Volume: 1.
2023-01-26 17:26:16,933 [Listener at 127.0.0.1/34233] INFO  freon.RandomKeyGenerator (RandomKeyGenerator.java:call(322)) - Number of Keys per Bucket: 1.
2023-01-26 17:26:16,933 [Listener at 127.0.0.1/34233] INFO  freon.RandomKeyGenerator (RandomKeyGenerator.java:call(323)) - Key size: 2147483657 bytes
2023-01-26 17:26:16,933 [Listener at 127.0.0.1/34233] INFO  freon.RandomKeyGenerator (RandomKeyGenerator.java:call(324)) - Buffer size: 4096 bytes
2023-01-26 17:26:16,933 [Listener at 127.0.0.1/34233] INFO  freon.RandomKeyGenerator (RandomKeyGenerator.java:call(325)) - validateWrites : true
2023-01-26 17:26:16,933 [Listener at 127.0.0.1/34233] INFO  freon.RandomKeyGenerator (RandomKeyGenerator.java:call(326)) - Number of Validate Threads: 1
2023-01-26 17:26:16,933 [Listener at 127.0.0.1/34233] INFO  freon.RandomKeyGenerator (RandomKeyGenerator.java:call(327)) - cleanObjects : false
2023-01-26 17:26:16,933 [pool-1109-thread-1] INFO  rpc.RpcClient (RpcClient.java:createVolume(474)) - Creating Volume: vol-0-95592, with runner as owner and space quota set to -1 bytes, counts quota set to -1
2023-01-26 17:26:16,934 [Listener at 127.0.0.1/34233] INFO  freon.RandomKeyGenerator (RandomKeyGenerator.java:call(343)) - Data validation is enabled.
2023-01-26 17:26:16,939 [Listener at 127.0.0.1/34233] INFO  freon.RandomKeyGenerator (RandomKeyGenerator.java:call(349)) - Starting progress bar Thread.
2023-01-26 17:26:16,940 [Thread-600] INFO  freon.ProgressBar (ProgressBar.java:logProgressBar(163)) - Progress: 0.00 % (0 out of 1)
2023-01-26 17:26:16,941 [OM StateMachine ApplyTransaction Thread - 0] INFO  volume.OMVolumeCreateRequest (OMVolumeCreateRequest.java:validateAndUpdateCache(195)) - created volume:vol-0-95592 for user:runner
2023-01-26 17:26:16,945 [pool-1109-thread-1] INFO  rpc.RpcClient (RpcClient.java:createBucket(693)) - Creating Bucket: vol-0-95592/bucket-0-83653, with server-side default bucket layout, runner as owner, Versioning false, Storage Type set to DISK and Encryption set to false 
2023-01-26 17:26:16,947 [OM StateMachine ApplyTransaction Thread - 0] INFO  bucket.OMBucketCreateRequest (OMBucketCreateRequest.java:validateAndUpdateCache(263)) - created bucket: bucket-0-83653 of layout FILE_SYSTEM_OPTIMIZED in volume: vol-0-95592
2023-01-26 17:26:17,941 [Thread-600] INFO  freon.ProgressBar (ProgressBar.java:logProgressBar(163)) - Progress: 0.00 % (0 out of 1)
2023-01-26 17:26:18,941 [Thread-600] INFO  freon.ProgressBar (ProgressBar.java:logProgressBar(163)) - Progress: 0.00 % (0 out of 1)
2023-01-26 17:26:19,941 [Thread-600] INFO  freon.ProgressBar (ProgressBar.java:logProgressBar(163)) - Progress: 0.00 % (0 out of 1)
2023-01-26 17:26:20,942 [Thread-600] INFO  freon.ProgressBar (ProgressBar.java:logProgressBar(163)) - Progress: 0.00 % (0 out of 1)
2023-01-26 17:26:21,942 [Thread-600] INFO  freon.ProgressBar (ProgressBar.java:logProgressBar(163)) - Progress: 0.00 % (0 out of 1)
2023-01-26 17:26:22,942 [Thread-600] INFO  freon.ProgressBar (ProgressBar.java:logProgressBar(163)) - Progress: 0.00 % (0 out of 1)
2023-01-26 17:26:23,942 [Thread-600] INFO  freon.ProgressBar (ProgressBar.java:logProgressBar(163)) - Progress: 0.00 % (0 out of 1)
2023-01-26 17:26:24,943 [Thread-600] INFO  freon.ProgressBar (ProgressBar.java:logProgressBar(163)) - Progress: 0.00 % (0 out of 1)
2023-01-26 17:26:25,943 [Thread-600] INFO  freon.ProgressBar (ProgressBar.java:logProgressBar(163)) - Progress: 0.00 % (0 out of 1)
2023-01-26 17:26:26,943 [Thread-600] INFO  freon.ProgressBar (ProgressBar.java:logProgressBar(163)) - Progress: 0.00 % (0 out of 1)
2023-01-26 17:26:27,943 [Thread-600] INFO  freon.ProgressBar (ProgressBar.java:logProgressBar(163)) - Progress: 0.00 % (0 out of 1)
2023-01-26 17:26:28,944 [Thread-600] INFO  freon.ProgressBar (ProgressBar.java:logProgressBar(163)) - Progress: 0.00 % (0 out of 1)
2023-01-26 17:26:29,944 [Thread-600] INFO  freon.ProgressBar (ProgressBar.java:logProgressBar(163)) - Progress: 0.00 % (0 out of 1)
2023-01-26 17:26:30,944 [Thread-600] INFO  freon.ProgressBar (ProgressBar.java:logProgressBar(163)) - Progress: 0.00 % (0 out of 1)
2023-01-26 17:26:31,944 [Thread-600] INFO  freon.ProgressBar (ProgressBar.java:logProgressBar(163)) - Progress: 0.00 % (0 out of 1)
2023-01-26 17:26:32,944 [Thread-600] INFO  freon.ProgressBar (ProgressBar.java:logProgressBar(163)) - Progress: 0.00 % (0 out of 1)
2023-01-26 17:26:33,945 [Thread-600] INFO  freon.ProgressBar (ProgressBar.java:logProgressBar(163)) - Progress: 0.00 % (0 out of 1)
2023-01-26 17:26:34,945 [Thread-600] INFO  freon.ProgressBar (ProgressBar.java:logProgressBar(163)) - Progress: 0.00 % (0 out of 1)
2023-01-26 17:26:35,658 [Under Replicated Processor] INFO  replication.UnhealthyReplicationProcessor (UnhealthyReplicationProcessor.java:processAll(105)) - Processed 0 containers with health state counts {},failed processing 0
2023-01-26 17:26:35,665 [Over Replicated Processor] INFO  replication.UnhealthyReplicationProcessor (UnhealthyReplicationProcessor.java:processAll(105)) - Processed 0 containers with health state counts {},failed processing 0
2023-01-26 17:26:35,945 [Thread-600] INFO  freon.ProgressBar (ProgressBar.java:logProgressBar(163)) - Progress: 0.00 % (0 out of 1)
2023-01-26 17:26:36,945 [Thread-600] INFO  freon.ProgressBar (ProgressBar.java:logProgressBar(163)) - Progress: 0.00 % (0 out of 1)
2023-01-26 17:26:37,946 [Thread-600] INFO  freon.ProgressBar (ProgressBar.java:logProgressBar(163)) - Progress: 0.00 % (0 out of 1)
2023-01-26 17:26:38,946 [Thread-600] INFO  freon.ProgressBar (ProgressBar.java:logProgressBar(163)) - Progress: 0.00 % (0 out of 1)
2023-01-26 17:26:39,946 [Thread-600] INFO  freon.ProgressBar (ProgressBar.java:logProgressBar(163)) - Progress: 0.00 % (0 out of 1)
2023-01-26 17:26:40,872 [pool-1109-thread-1] WARN  scm.XceiverClientRatis (XceiverClientRatis.java:watchForCommit(291)) - 3 way commit failed on pipeline Pipeline[ Id: b8a516ca-0386-4654-a286-ef15663c4850, Nodes: 2cc4737a-7f72-4ede-9604-67be23ac19b5(fv-az133-476.yhipumr4050edinzmvad0xeera.cx.internal.cloudapp.net/10.1.0.200)d082cfae-03ac-47dd-a559-6fd7cb4436a1(fv-az133-476.yhipumr4050edinzmvad0xeera.cx.internal.cloudapp.net/10.1.0.200)122b4be6-0cee-49ba-a809-7fef5e0e1400(fv-az133-476.yhipumr4050edinzmvad0xeera.cx.internal.cloudapp.net/10.1.0.200), ReplicationConfig: RATIS/THREE, State:OPEN, leaderId:2cc4737a-7f72-4ede-9604-67be23ac19b5, CreationTimestamp2023-01-26T17:25:15.182Z[Etc/UTC]]
java.util.concurrent.ExecutionException: org.apache.ratis.protocol.exceptions.TimeoutIOException: client-A035701DD45A->2cc4737a-7f72-4ede-9604-67be23ac19b5 request #2911 timeout 3000ms
	at java.util.concurrent.CompletableFuture.reportGet(CompletableFuture.java:357)
	at java.util.concurrent.CompletableFuture.get(CompletableFuture.java:1908)
	at org.apache.hadoop.hdds.scm.XceiverClientRatis.watchForCommit(XceiverClientRatis.java:285)
	at org.apache.hadoop.hdds.scm.storage.CommitWatcher.watchForCommit(CommitWatcher.java:199)
	at org.apache.hadoop.hdds.scm.storage.CommitWatcher.watchOnFirstIndex(CommitWatcher.java:142)
	at org.apache.hadoop.hdds.scm.storage.RatisBlockOutputStream.sendWatchForCommit(RatisBlockOutputStream.java:105)
	at org.apache.hadoop.hdds.scm.storage.BlockOutputStream.watchForCommit(BlockOutputStream.java:417)
	at org.apache.hadoop.hdds.scm.storage.BlockOutputStream.waitForFlushAndCommit(BlockOutputStream.java:388)
	at org.apache.hadoop.hdds.scm.storage.BlockOutputStream.handleFullBuffer(BlockOutputStream.java:375)
	at org.apache.hadoop.hdds.scm.storage.BlockOutputStream.doFlushOrWatchIfNeeded(BlockOutputStream.java:305)
	at org.apache.hadoop.hdds.scm.storage.BlockOutputStream.write(BlockOutputStream.java:289)
	at org.apache.hadoop.ozone.client.io.BlockOutputStreamEntry.write(BlockOutputStreamEntry.java:125)
	at org.apache.hadoop.ozone.client.io.KeyOutputStream.writeToOutputStream(KeyOutputStream.java:254)
	at org.apache.hadoop.ozone.client.io.KeyOutputStream.handleWrite(KeyOutputStream.java:232)
	at org.apache.hadoop.ozone.client.io.KeyOutputStream.write(KeyOutputStream.java:212)
	at org.apache.hadoop.ozone.client.io.OzoneOutputStream.write(OzoneOutputStream.java:57)
	at org.apache.hadoop.ozone.freon.RandomKeyGenerator.createKey(RandomKeyGenerator.java:821)
	at org.apache.hadoop.ozone.freon.RandomKeyGenerator.access$1200(RandomKeyGenerator.java:90)
	at org.apache.hadoop.ozone.freon.RandomKeyGenerator$ObjectCreator.run(RandomKeyGenerator.java:714)
	at java.util.concurrent.ThreadPoolExecutor.runWorker(ThreadPoolExecutor.java:1149)
	at java.util.concurrent.ThreadPoolExecutor$Worker.run(ThreadPoolExecutor.java:624)
	at java.lang.Thread.run(Thread.java:750)
Caused by: org.apache.ratis.protocol.exceptions.TimeoutIOException: client-A035701DD45A->2cc4737a-7f72-4ede-9604-67be23ac19b5 request #2911 timeout 3000ms
	at org.apache.ratis.grpc.client.GrpcClientProtocolClient$AsyncStreamObservers.lambda$timeoutCheck$5(GrpcClientProtocolClient.java:374)
	at java.util.Optional.ifPresent(Optional.java:159)
	at org.apache.ratis.grpc.client.GrpcClientProtocolClient$AsyncStreamObservers.handleReplyFuture(GrpcClientProtocolClient.java:378)
	at org.apache.ratis.grpc.client.GrpcClientProtocolClient$AsyncStreamObservers.timeoutCheck(GrpcClientProtocolClient.java:373)
	at org.apache.ratis.grpc.client.GrpcClientProtocolClient$AsyncStreamObservers.lambda$onNext$1(GrpcClientProtocolClient.java:362)
	at org.apache.ratis.util.TimeoutTimer.lambda$onTimeout$2(TimeoutTimer.java:101)
	at org.apache.ratis.util.LogUtils.runAndLog(LogUtils.java:38)
	at org.apache.ratis.util.LogUtils$1.run(LogUtils.java:79)
	at org.apache.ratis.util.TimeoutTimer$Task.run(TimeoutTimer.java:55)
	at java.util.TimerThread.mainLoop(Timer.java:555)
	at java.util.TimerThread.run(Timer.java:505)
2023-01-26 17:26:40,875 [pool-1109-thread-1] INFO  scm.XceiverClientRatis (XceiverClientRatis.java:lambda$watchForCommit$4(309)) - Could not commit index 2438 on pipeline Pipeline[ Id: b8a516ca-0386-4654-a286-ef15663c4850, Nodes: 2cc4737a-7f72-4ede-9604-67be23ac19b5(fv-az133-476.yhipumr4050edinzmvad0xeera.cx.internal.cloudapp.net/10.1.0.200)d082cfae-03ac-47dd-a559-6fd7cb4436a1(fv-az133-476.yhipumr4050edinzmvad0xeera.cx.internal.cloudapp.net/10.1.0.200)122b4be6-0cee-49ba-a809-7fef5e0e1400(fv-az133-476.yhipumr4050edinzmvad0xeera.cx.internal.cloudapp.net/10.1.0.200), ReplicationConfig: RATIS/THREE, State:OPEN, leaderId:2cc4737a-7f72-4ede-9604-67be23ac19b5, CreationTimestamp2023-01-26T17:25:15.182Z[Etc/UTC]] to all the nodes. Server 122b4be6-0cee-49ba-a809-7fef5e0e1400 has failed. Committed by majority.
2023-01-26 17:26:40,875 [pool-1109-thread-1] WARN  storage.BlockOutputStream (BlockOutputStream.java:watchForCommit(423)) - Failed to commit BlockId conID: 9 locID: 111677748019200603 bcsId: 2440 on Pipeline[ Id: b8a516ca-0386-4654-a286-ef15663c4850, Nodes: 2cc4737a-7f72-4ede-9604-67be23ac19b5(fv-az133-476.yhipumr4050edinzmvad0xeera.cx.internal.cloudapp.net/10.1.0.200)d082cfae-03ac-47dd-a559-6fd7cb4436a1(fv-az133-476.yhipumr4050edinzmvad0xeera.cx.internal.cloudapp.net/10.1.0.200)122b4be6-0cee-49ba-a809-7fef5e0e1400(fv-az133-476.yhipumr4050edinzmvad0xeera.cx.internal.cloudapp.net/10.1.0.200), ReplicationConfig: RATIS/THREE, State:OPEN, leaderId:2cc4737a-7f72-4ede-9604-67be23ac19b5, CreationTimestamp2023-01-26T17:25:15.182Z[Etc/UTC]]. Failed nodes: [122b4be6-0cee-49ba-a809-7fef5e0e1400(null/null)]
2023-01-26 17:26:40,892 [pool-1109-thread-1] WARN  io.KeyOutputStream (KeyOutputStream.java:handleException(309)) - Encountered exception java.io.IOException: Unexpected Storage Container Exception: java.util.concurrent.CompletionException: Failed to write chunk 111677748019200603_chunk_3 into block conID: 9 locID: 111677748019200603 bcsId: 2440 on the pipeline Pipeline[ Id: b8a516ca-0386-4654-a286-ef15663c4850, Nodes: 2cc4737a-7f72-4ede-9604-67be23ac19b5(fv-az133-476.yhipumr4050edinzmvad0xeera.cx.internal.cloudapp.net/10.1.0.200)d082cfae-03ac-47dd-a559-6fd7cb4436a1(fv-az133-476.yhipumr4050edinzmvad0xeera.cx.internal.cloudapp.net/10.1.0.200)122b4be6-0cee-49ba-a809-7fef5e0e1400(fv-az133-476.yhipumr4050edinzmvad0xeera.cx.internal.cloudapp.net/10.1.0.200), ReplicationConfig: RATIS/THREE, State:OPEN, leaderId:2cc4737a-7f72-4ede-9604-67be23ac19b5, CreationTimestamp2023-01-26T17:25:15.182Z[Etc/UTC]]. The last committed block length is 1048576, uncommitted data length is 2097152 retry count 0
2023-01-26 17:26:40,919 [pool-1109-thread-1] WARN  io.KeyOutputStream (KeyOutputStream.java:handleException(309)) - Encountered exception java.io.IOException: Unexpected Storage Container Exception: java.util.concurrent.CompletionException: Failed to write chunk 111677748019200604_chunk_1 into block conID: 7 locID: 111677748019200604 bcsId: 0 on the pipeline Pipeline[ Id: b8a516ca-0386-4654-a286-ef15663c4850, Nodes: 2cc4737a-7f72-4ede-9604-67be23ac19b5(fv-az133-476.yhipumr4050edinzmvad0xeera.cx.internal.cloudapp.net/10.1.0.200)d082cfae-03ac-47dd-a559-6fd7cb4436a1(fv-az133-476.yhipumr4050edinzmvad0xeera.cx.internal.cloudapp.net/10.1.0.200)122b4be6-0cee-49ba-a809-7fef5e0e1400(fv-az133-476.yhipumr4050edinzmvad0xeera.cx.internal.cloudapp.net/10.1.0.200), ReplicationConfig: RATIS/THREE, State:OPEN, leaderId:2cc4737a-7f72-4ede-9604-67be23ac19b5, CreationTimestamp2023-01-26T17:25:15.182Z[Etc/UTC]]. The last committed block length is 0, uncommitted data length is 2097152 retry count 1
2023-01-26 17:26:40,943 [pool-1109-thread-1] WARN  io.KeyOutputStream (KeyOutputStream.java:handleException(309)) - Encountered exception java.io.IOException: Unexpected Storage Container Exception: java.util.concurrent.CompletionException: Failed to write chunk 111677748019200605_chunk_1 into block conID: 9 locID: 111677748019200605 bcsId: 0 on the pipeline Pipeline[ Id: b8a516ca-0386-4654-a286-ef15663c4850, Nodes: 2cc4737a-7f72-4ede-9604-67be23ac19b5(fv-az133-476.yhipumr4050edinzmvad0xeera.cx.internal.cloudapp.net/10.1.0.200)d082cfae-03ac-47dd-a559-6fd7cb4436a1(fv-az133-476.yhipumr4050edinzmvad0xeera.cx.internal.cloudapp.net/10.1.0.200)122b4be6-0cee-49ba-a809-7fef5e0e1400(fv-az133-476.yhipumr4050edinzmvad0xeera.cx.internal.cloudapp.net/10.1.0.200), ReplicationConfig: RATIS/THREE, State:OPEN, leaderId:2cc4737a-7f72-4ede-9604-67be23ac19b5, CreationTimestamp2023-01-26T17:25:15.182Z[Etc/UTC]]. The last committed block length is 0, uncommitted data length is 2097152 retry count 2
2023-01-26 17:26:40,946 [Thread-600] INFO  freon.ProgressBar (ProgressBar.java:logProgressBar(163)) - Progress: 0.00 % (0 out of 1)
2023-01-26 17:26:40,962 [pool-1109-thread-1] WARN  io.KeyOutputStream (KeyOutputStream.java:handleException(309)) - Encountered exception java.io.IOException: Unexpected Storage Container Exception: java.util.concurrent.CompletionException: Failed to write chunk 111677748019200606_chunk_1 into block conID: 7 locID: 111677748019200606 bcsId: 0 on the pipeline Pipeline[ Id: b8a516ca-0386-4654-a286-ef15663c4850, Nodes: 2cc4737a-7f72-4ede-9604-67be23ac19b5(fv-az133-476.yhipumr4050edinzmvad0xeera.cx.internal.cloudapp.net/10.1.0.200)d082cfae-03ac-47dd-a559-6fd7cb4436a1(fv-az133-476.yhipumr4050edinzmvad0xeera.cx.internal.cloudapp.net/10.1.0.200)122b4be6-0cee-49ba-a809-7fef5e0e1400(fv-az133-476.yhipumr4050edinzmvad0xeera.cx.internal.cloudapp.net/10.1.0.200), ReplicationConfig: RATIS/THREE, State:OPEN, leaderId:2cc4737a-7f72-4ede-9604-67be23ac19b5, CreationTimestamp2023-01-26T17:25:15.182Z[Etc/UTC]]. The last committed block length is 0, uncommitted data length is 2097152 retry count 3
2023-01-26 17:26:40,995 [pool-1109-thread-1] WARN  io.KeyOutputStream (KeyOutputStream.java:handleException(309)) - Encountered exception java.io.IOException: Unexpected Storage Container Exception: java.util.concurrent.CompletionException: Failed to write chunk 111677748019200607_chunk_1 into block conID: 9 locID: 111677748019200607 bcsId: 0 on the pipeline Pipeline[ Id: b8a516ca-0386-4654-a286-ef15663c4850, Nodes: 2cc4737a-7f72-4ede-9604-67be23ac19b5(fv-az133-476.yhipumr4050edinzmvad0xeera.cx.internal.cloudapp.net/10.1.0.200)d082cfae-03ac-47dd-a559-6fd7cb4436a1(fv-az133-476.yhipumr4050edinzmvad0xeera.cx.internal.cloudapp.net/10.1.0.200)122b4be6-0cee-49ba-a809-7fef5e0e1400(fv-az133-476.yhipumr4050edinzmvad0xeera.cx.internal.cloudapp.net/10.1.0.200), ReplicationConfig: RATIS/THREE, State:OPEN, leaderId:2cc4737a-7f72-4ede-9604-67be23ac19b5, CreationTimestamp2023-01-26T17:25:15.182Z[Etc/UTC]]. The last committed block length is 0, uncommitted data length is 2097152 retry count 4
2023-01-26 17:26:41,021 [pool-1109-thread-1] WARN  io.KeyOutputStream (KeyOutputStream.java:handleException(309)) - Encountered exception java.io.IOException: Unexpected Storage Container Exception: java.util.concurrent.CompletionException: Failed to write chunk 111677748019200608_chunk_1 into block conID: 7 locID: 111677748019200608 bcsId: 0 on the pipeline Pipeline[ Id: b8a516ca-0386-4654-a286-ef15663c4850, Nodes: 2cc4737a-7f72-4ede-9604-67be23ac19b5(fv-az133-476.yhipumr4050edinzmvad0xeera.cx.internal.cloudapp.net/10.1.0.200)d082cfae-03ac-47dd-a559-6fd7cb4436a1(fv-az133-476.yhipumr4050edinzmvad0xeera.cx.internal.cloudapp.net/10.1.0.200)122b4be6-0cee-49ba-a809-7fef5e0e1400(fv-az133-476.yhipumr4050edinzmvad0xeera.cx.internal.cloudapp.net/10.1.0.200), ReplicationConfig: RATIS/THREE, State:OPEN, leaderId:2cc4737a-7f72-4ede-9604-67be23ac19b5, CreationTimestamp2023-01-26T17:25:15.182Z[Etc/UTC]]. The last committed block length is 0, uncommitted data length is 2097152 retry count 5
2023-01-26 17:26:41,021 [pool-1109-thread-1] ERROR io.KeyOutputStream (KeyOutputStream.java:handleRetry(386)) - Retry request failed. retries get failed due to exceeded maximum allowed retries number: 5
java.io.IOException: Unexpected Storage Container Exception: java.util.concurrent.CompletionException: Failed to write chunk 111677748019200608_chunk_1 into block conID: 7 locID: 111677748019200608 bcsId: 0
	at org.apache.hadoop.hdds.scm.storage.BlockOutputStream.setIoException(BlockOutputStream.java:637)
	at org.apache.hadoop.hdds.scm.storage.BlockOutputStream.lambda$writeChunkToContainer$3(BlockOutputStream.java:729)
	at java.util.concurrent.CompletableFuture.uniExceptionally(CompletableFuture.java:884)
	at java.util.concurrent.CompletableFuture$UniExceptionally.tryFire(CompletableFuture.java:866)
	at java.util.concurrent.CompletableFuture.postComplete(CompletableFuture.java:488)
	at java.util.concurrent.CompletableFuture.complete(CompletableFuture.java:1975)
	at org.apache.ratis.client.impl.OrderedAsync$PendingOrderedRequest.setReply(OrderedAsync.java:98)
	at org.apache.ratis.client.impl.OrderedAsync$PendingOrderedRequest.setReply(OrderedAsync.java:59)
	at org.apache.ratis.util.SlidingWindow$RequestMap.setReply(SlidingWindow.java:144)
	at org.apache.ratis.util.SlidingWindow$Client.receiveReply(SlidingWindow.java:348)
	at org.apache.ratis.client.impl.OrderedAsync.lambda$sendRequest$9(OrderedAsync.java:248)
	at java.util.concurrent.CompletableFuture.uniApply(CompletableFuture.java:616)
	at java.util.concurrent.CompletableFuture$UniApply.tryFire(CompletableFuture.java:591)
	at java.util.concurrent.CompletableFuture.postComplete(CompletableFuture.java:488)
	at java.util.concurrent.CompletableFuture.complete(CompletableFuture.java:1975)
	at org.apache.ratis.grpc.client.GrpcClientProtocolClient$AsyncStreamObservers$1.lambda$onNext$0(GrpcClientProtocolClient.java:322)
	at java.util.Optional.ifPresent(Optional.java:159)
	at org.apache.ratis.grpc.client.GrpcClientProtocolClient$AsyncStreamObservers.handleReplyFuture(GrpcClientProtocolClient.java:378)
	at org.apache.ratis.grpc.client.GrpcClientProtocolClient$AsyncStreamObservers.access$100(GrpcClientProtocolClient.java:300)
	at org.apache.ratis.grpc.client.GrpcClientProtocolClient$AsyncStreamObservers$1.onNext(GrpcClientProtocolClient.java:322)
	at org.apache.ratis.grpc.client.GrpcClientProtocolClient$AsyncStreamObservers$1.onNext(GrpcClientProtocolClient.java:305)
	at org.apache.ratis.thirdparty.io.grpc.stub.ClientCalls$StreamObserverToCallListenerAdapter.onMessage(ClientCalls.java:474)
	at org.apache.ratis.thirdparty.io.grpc.ForwardingClientCallListener.onMessage(ForwardingClientCallListener.java:33)
	at org.apache.ratis.thirdparty.io.grpc.internal.ClientCallImpl$ClientStreamListenerImpl$1MessagesAvailable.runInternal(ClientCallImpl.java:661)
	at org.apache.ratis.thirdparty.io.grpc.internal.ClientCallImpl$ClientStreamListenerImpl$1MessagesAvailable.runInContext(ClientCallImpl.java:646)
	at org.apache.ratis.thirdparty.io.grpc.internal.ContextRunnable.run(ContextRunnable.java:37)
	at org.apache.ratis.thirdparty.io.grpc.internal.SerializingExecutor.run(SerializingExecutor.java:133)
	at java.util.concurrent.ThreadPoolExecutor.runWorker(ThreadPoolExecutor.java:1149)
	at java.util.concurrent.ThreadPoolExecutor$Worker.run(ThreadPoolExecutor.java:624)
	at java.lang.Thread.run(Thread.java:750)
Caused by: java.util.concurrent.CompletionException: Failed to write chunk 111677748019200608_chunk_1 into block conID: 7 locID: 111677748019200608 bcsId: 0
	at org.apache.hadoop.hdds.scm.storage.BlockOutputStream.lambda$writeChunkToContainer$3(BlockOutputStream.java:728)
	... 28 more
Caused by: java.util.concurrent.CompletionException: java.lang.NullPointerException
	at java.util.concurrent.CompletableFuture.encodeThrowable(CompletableFuture.java:273)
	at java.util.concurrent.CompletableFuture.completeThrowable(CompletableFuture.java:280)
	at java.util.concurrent.CompletableFuture.uniApply(CompletableFuture.java:618)
	at java.util.concurrent.CompletableFuture$UniApply.tryFire(CompletableFuture.java:591)
	... 26 more
Caused by: java.lang.NullPointerException
	at java.util.stream.ReferencePipeline$5$1.accept(ReferencePipeline.java:227)
	at java.util.stream.ReferencePipeline$3$1.accept(ReferencePipeline.java:193)
	at java.util.ArrayList$ArrayListSpliterator.forEachRemaining(ArrayList.java:1384)
	at java.util.stream.AbstractPipeline.copyInto(AbstractPipeline.java:482)
	at java.util.stream.AbstractPipeline.wrapAndCopyInto(AbstractPipeline.java:472)
	at java.util.stream.ReduceOps$ReduceOp.evaluateSequential(ReduceOps.java:708)
	at java.util.stream.AbstractPipeline.evaluate(AbstractPipeline.java:234)
	at java.util.stream.LongPipeline.reduce(LongPipeline.java:466)
	at java.util.stream.LongPipeline.min(LongPipeline.java:424)
	at org.apache.hadoop.hdds.scm.XceiverClientRatis.updateCommitInfosMap(XceiverClientRatis.java:156)
	at org.apache.hadoop.hdds.scm.XceiverClientRatis.lambda$sendCommandAsync$6(XceiverClientRatis.java:367)
	at java.util.concurrent.CompletableFuture.uniApply(CompletableFuture.java:616)
	... 27 more
2023-01-26 17:26:41,022 [pool-1109-thread-1] ERROR freon.RandomKeyGenerator (RandomKeyGenerator.java:createKey(846)) - Exception while adding key: key-0-52851 in bucket: bucket-0-83653 of volume: vol-0-95592.
java.io.IOException: java.io.IOException: java.io.IOException: java.io.IOException: java.io.IOException: java.io.IOException: java.io.IOException: Retry request failed. retries get failed due to exceeded maximum allowed retries number: 5
	at org.apache.hadoop.ozone.client.io.KeyOutputStream.handleWrite(KeyOutputStream.java:242)
	at org.apache.hadoop.ozone.client.io.KeyOutputStream.write(KeyOutputStream.java:212)
	at org.apache.hadoop.ozone.client.io.OzoneOutputStream.write(OzoneOutputStream.java:57)
	at org.apache.hadoop.ozone.freon.RandomKeyGenerator.createKey(RandomKeyGenerator.java:821)
	at org.apache.hadoop.ozone.freon.RandomKeyGenerator.access$1200(RandomKeyGenerator.java:90)
	at org.apache.hadoop.ozone.freon.RandomKeyGenerator$ObjectCreator.run(RandomKeyGenerator.java:714)
	at java.util.concurrent.ThreadPoolExecutor.runWorker(ThreadPoolExecutor.java:1149)
	at java.util.concurrent.ThreadPoolExecutor$Worker.run(ThreadPoolExecutor.java:624)
	at java.lang.Thread.run(Thread.java:750)
Caused by: java.io.IOException: java.io.IOException: java.io.IOException: java.io.IOException: java.io.IOException: java.io.IOException: Retry request failed. retries get failed due to exceeded maximum allowed retries number: 5
	at org.apache.hadoop.ozone.client.io.KeyOutputStream.handleWrite(KeyOutputStream.java:242)
	at org.apache.hadoop.ozone.client.io.KeyOutputStream.handleRetry(KeyOutputStream.java:414)
	at org.apache.hadoop.ozone.client.io.KeyOutputStream.handleException(KeyOutputStream.java:359)
	at org.apache.hadoop.ozone.client.io.KeyOutputStream.writeToOutputStream(KeyOutputStream.java:274)
	at org.apache.hadoop.ozone.client.io.KeyOutputStream.handleWrite(KeyOutputStream.java:232)
	... 8 more
Caused by: java.io.IOException: java.io.IOException: java.io.IOException: java.io.IOException: java.io.IOException: Retry request failed. retries get failed due to exceeded maximum allowed retries number: 5
	at org.apache.hadoop.ozone.client.io.KeyOutputStream.handleWrite(KeyOutputStream.java:242)
	at org.apache.hadoop.ozone.client.io.KeyOutputStream.handleRetry(KeyOutputStream.java:414)
	at org.apache.hadoop.ozone.client.io.KeyOutputStream.handleException(KeyOutputStream.java:359)
	at org.apache.hadoop.ozone.client.io.KeyOutputStream.writeToOutputStream(KeyOutputStream.java:274)
	at org.apache.hadoop.ozone.client.io.KeyOutputStream.handleWrite(KeyOutputStream.java:232)
	... 12 more
Caused by: java.io.IOException: java.io.IOException: java.io.IOException: java.io.IOException: Retry request failed. retries get failed due to exceeded maximum allowed retries number: 5
	at org.apache.hadoop.ozone.client.io.KeyOutputStream.handleWrite(KeyOutputStream.java:242)
	at org.apache.hadoop.ozone.client.io.KeyOutputStream.handleRetry(KeyOutputStream.java:414)
	at org.apache.hadoop.ozone.client.io.KeyOutputStream.handleException(KeyOutputStream.java:359)
	at org.apache.hadoop.ozone.client.io.KeyOutputStream.writeToOutputStream(KeyOutputStream.java:274)
	at org.apache.hadoop.ozone.client.io.KeyOutputStream.handleWrite(KeyOutputStream.java:232)
	... 16 more
Caused by: java.io.IOException: java.io.IOException: java.io.IOException: Retry request failed. retries get failed due to exceeded maximum allowed retries number: 5
	at org.apache.hadoop.ozone.client.io.KeyOutputStream.handleWrite(KeyOutputStream.java:242)
	at org.apache.hadoop.ozone.client.io.KeyOutputStream.handleRetry(KeyOutputStream.java:414)
	at org.apache.hadoop.ozone.client.io.KeyOutputStream.handleException(KeyOutputStream.java:359)
	at org.apache.hadoop.ozone.client.io.KeyOutputStream.writeToOutputStream(KeyOutputStream.java:274)
	at org.apache.hadoop.ozone.client.io.KeyOutputStream.handleWrite(KeyOutputStream.java:232)
	... 20 more
Caused by: java.io.IOException: java.io.IOException: Retry request failed. retries get failed due to exceeded maximum allowed retries number: 5
	at org.apache.hadoop.ozone.client.io.KeyOutputStream.handleWrite(KeyOutputStream.java:242)
	at org.apache.hadoop.ozone.client.io.KeyOutputStream.handleRetry(KeyOutputStream.java:414)
	at org.apache.hadoop.ozone.client.io.KeyOutputStream.handleException(KeyOutputStream.java:359)
	at org.apache.hadoop.ozone.client.io.KeyOutputStream.writeToOutputStream(KeyOutputStream.java:274)
	at org.apache.hadoop.ozone.client.io.KeyOutputStream.handleWrite(KeyOutputStream.java:232)
	... 24 more
Caused by: java.io.IOException: Retry request failed. retries get failed due to exceeded maximum allowed retries number: 5
	at org.apache.hadoop.ozone.client.io.KeyOutputStream.handleRetry(KeyOutputStream.java:388)
	at org.apache.hadoop.ozone.client.io.KeyOutputStream.handleException(KeyOutputStream.java:359)
	at org.apache.hadoop.ozone.client.io.KeyOutputStream.writeToOutputStream(KeyOutputStream.java:274)
	at org.apache.hadoop.ozone.client.io.KeyOutputStream.handleWrite(KeyOutputStream.java:232)
	... 28 more
Caused by: java.io.IOException: Unexpected Storage Container Exception: java.util.concurrent.CompletionException: Failed to write chunk 111677748019200608_chunk_1 into block conID: 7 locID: 111677748019200608 bcsId: 0
	at org.apache.hadoop.hdds.scm.storage.BlockOutputStream.setIoException(BlockOutputStream.java:637)
	at org.apache.hadoop.hdds.scm.storage.BlockOutputStream.lambda$writeChunkToContainer$3(BlockOutputStream.java:729)
	at java.util.concurrent.CompletableFuture.uniExceptionally(CompletableFuture.java:884)
	at java.util.concurrent.CompletableFuture$UniExceptionally.tryFire(CompletableFuture.java:866)
	at java.util.concurrent.CompletableFuture.postComplete(CompletableFuture.java:488)
	at java.util.concurrent.CompletableFuture.complete(CompletableFuture.java:1975)
	at org.apache.ratis.client.impl.OrderedAsync$PendingOrderedRequest.setReply(OrderedAsync.java:98)
	at org.apache.ratis.client.impl.OrderedAsync$PendingOrderedRequest.setReply(OrderedAsync.java:59)
	at org.apache.ratis.util.SlidingWindow$RequestMap.setReply(SlidingWindow.java:144)
	at org.apache.ratis.util.SlidingWindow$Client.receiveReply(SlidingWindow.java:348)
	at org.apache.ratis.client.impl.OrderedAsync.lambda$sendRequest$9(OrderedAsync.java:248)
	at java.util.concurrent.CompletableFuture.uniApply(CompletableFuture.java:616)
	at java.util.concurrent.CompletableFuture$UniApply.tryFire(CompletableFuture.java:591)
	at java.util.concurrent.CompletableFuture.postComplete(CompletableFuture.java:488)
	at java.util.concurrent.CompletableFuture.complete(CompletableFuture.java:1975)
	at org.apache.ratis.grpc.client.GrpcClientProtocolClient$AsyncStreamObservers$1.lambda$onNext$0(GrpcClientProtocolClient.java:322)
	at java.util.Optional.ifPresent(Optional.java:159)
	at org.apache.ratis.grpc.client.GrpcClientProtocolClient$AsyncStreamObservers.handleReplyFuture(GrpcClientProtocolClient.java:378)
	at org.apache.ratis.grpc.client.GrpcClientProtocolClient$AsyncStreamObservers.access$100(GrpcClientProtocolClient.java:300)
	at org.apache.ratis.grpc.client.GrpcClientProtocolClient$AsyncStreamObservers$1.onNext(GrpcClientProtocolClient.java:322)
	at org.apache.ratis.grpc.client.GrpcClientProtocolClient$AsyncStreamObservers$1.onNext(GrpcClientProtocolClient.java:305)
	at org.apache.ratis.thirdparty.io.grpc.stub.ClientCalls$StreamObserverToCallListenerAdapter.onMessage(ClientCalls.java:474)
	at org.apache.ratis.thirdparty.io.grpc.ForwardingClientCallListener.onMessage(ForwardingClientCallListener.java:33)
	at org.apache.ratis.thirdparty.io.grpc.internal.ClientCallImpl$ClientStreamListenerImpl$1MessagesAvailable.runInternal(ClientCallImpl.java:661)
	at org.apache.ratis.thirdparty.io.grpc.internal.ClientCallImpl$ClientStreamListenerImpl$1MessagesAvailable.runInContext(ClientCallImpl.java:646)
	at org.apache.ratis.thirdparty.io.grpc.internal.ContextRunnable.run(ContextRunnable.java:37)
	at org.apache.ratis.thirdparty.io.grpc.internal.SerializingExecutor.run(SerializingExecutor.java:133)
	... 3 more
Caused by: java.util.concurrent.CompletionException: Failed to write chunk 111677748019200608_chunk_1 into block conID: 7 locID: 111677748019200608 bcsId: 0
	at org.apache.hadoop.hdds.scm.storage.BlockOutputStream.lambda$writeChunkToContainer$3(BlockOutputStream.java:728)
	... 28 more
Caused by: java.util.concurrent.CompletionException: java.lang.NullPointerException
	at java.util.concurrent.CompletableFuture.encodeThrowable(CompletableFuture.java:273)
	at java.util.concurrent.CompletableFuture.completeThrowable(CompletableFuture.java:280)
	at java.util.concurrent.CompletableFuture.uniApply(CompletableFuture.java:618)
	at java.util.concurrent.CompletableFuture$UniApply.tryFire(CompletableFuture.java:591)
	... 26 more
Caused by: java.lang.NullPointerException
	at java.util.stream.ReferencePipeline$5$1.accept(ReferencePipeline.java:227)
	at java.util.stream.ReferencePipeline$3$1.accept(ReferencePipeline.java:193)
	at java.util.ArrayList$ArrayListSpliterator.forEachRemaining(ArrayList.java:1384)
	at java.util.stream.AbstractPipeline.copyInto(AbstractPipeline.java:482)
	at java.util.stream.AbstractPipeline.wrapAndCopyInto(AbstractPipeline.java:472)
	at java.util.stream.ReduceOps$ReduceOp.evaluateSequential(ReduceOps.java:708)
	at java.util.stream.AbstractPipeline.evaluate(AbstractPipeline.java:234)
	at java.util.stream.LongPipeline.reduce(LongPipeline.java:466)
	at java.util.stream.LongPipeline.min(LongPipeline.java:424)
	at org.apache.hadoop.hdds.scm.XceiverClientRatis.updateCommitInfosMap(XceiverClientRatis.java:156)
	at org.apache.hadoop.hdds.scm.XceiverClientRatis.lambda$sendCommandAsync$6(XceiverClientRatis.java:367)
	at java.util.concurrent.CompletableFuture.uniApply(CompletableFuture.java:616)
	... 27 more
2023-01-26 17:26:41,947 [Thread-600] INFO  freon.ProgressBar (ProgressBar.java:logProgressBar(163)) - Progress: 100.00 % (1 out of 1)
]]></system-out>
    <system-err><![CDATA[java.lang.RuntimeException: java.io.IOException: java.io.IOException: java.io.IOException: java.io.IOException: java.io.IOException: java.io.IOException: java.io.IOException: Retry request failed. retries get failed due to exceeded maximum allowed retries number: 5
	at org.apache.hadoop.ozone.freon.RandomKeyGenerator.call(RandomKeyGenerator.java:389)
	at org.apache.hadoop.ozone.freon.RandomKeyGenerator.call(RandomKeyGenerator.java:83)
	at picocli.CommandLine.executeUserObject(CommandLine.java:1953)
	at picocli.CommandLine.access$1300(CommandLine.java:145)
	at picocli.CommandLine$RunLast.executeUserObjectOfLastSubcommandWithSameParent(CommandLine.java:2352)
	at picocli.CommandLine$RunLast.handle(CommandLine.java:2346)
	at picocli.CommandLine$RunLast.handle(CommandLine.java:2311)
	at picocli.CommandLine$AbstractParseResultHandler.execute(CommandLine.java:2179)
	at picocli.CommandLine.execute(CommandLine.java:2078)
	at org.apache.hadoop.ozone.freon.TestRandomKeyGenerator.testKeyLargerThan2GB(TestRandomKeyGenerator.java:152)
	at sun.reflect.NativeMethodAccessorImpl.invoke0(Native Method)
	at sun.reflect.NativeMethodAccessorImpl.invoke(NativeMethodAccessorImpl.java:62)
	at sun.reflect.DelegatingMethodAccessorImpl.invoke(DelegatingMethodAccessorImpl.java:43)
	at java.lang.reflect.Method.invoke(Method.java:498)
	at org.junit.platform.commons.util.ReflectionUtils.invokeMethod(ReflectionUtils.java:725)
	at org.junit.jupiter.engine.execution.MethodInvocation.proceed(MethodInvocation.java:60)
	at org.junit.jupiter.engine.execution.InvocationInterceptorChain$ValidatingInvocation.proceed(InvocationInterceptorChain.java:131)
	at org.junit.jupiter.engine.extension.TimeoutExtension.intercept(TimeoutExtension.java:149)
	at org.junit.jupiter.engine.extension.TimeoutExtension.interceptTestableMethod(TimeoutExtension.java:140)
	at org.junit.jupiter.engine.extension.TimeoutExtension.interceptTestMethod(TimeoutExtension.java:84)
	at org.junit.jupiter.engine.execution.ExecutableInvoker$ReflectiveInterceptorCall.lambda$ofVoidMethod$0(ExecutableInvoker.java:115)
	at org.junit.jupiter.engine.execution.ExecutableInvoker.lambda$invoke$0(ExecutableInvoker.java:105)
	at org.junit.jupiter.engine.execution.InvocationInterceptorChain$InterceptedInvocation.proceed(InvocationInterceptorChain.java:106)
	at org.junit.jupiter.engine.execution.InvocationInterceptorChain.proceed(InvocationInterceptorChain.java:64)
	at org.junit.jupiter.engine.execution.InvocationInterceptorChain.chainAndInvoke(InvocationInterceptorChain.java:45)
	at org.junit.jupiter.engine.execution.InvocationInterceptorChain.invoke(InvocationInterceptorChain.java:37)
	at org.junit.jupiter.engine.execution.ExecutableInvoker.invoke(ExecutableInvoker.java:104)
	at org.junit.jupiter.engine.execution.ExecutableInvoker.invoke(ExecutableInvoker.java:98)
	at org.junit.jupiter.engine.descriptor.TestMethodTestDescriptor.lambda$invokeTestMethod$7(TestMethodTestDescriptor.java:214)
	at org.junit.platform.engine.support.hierarchical.ThrowableCollector.execute(ThrowableCollector.java:73)
	at org.junit.jupiter.engine.descriptor.TestMethodTestDescriptor.invokeTestMethod(TestMethodTestDescriptor.java:210)
	at org.junit.jupiter.engine.descriptor.TestMethodTestDescriptor.execute(TestMethodTestDescriptor.java:135)
	at org.junit.jupiter.engine.descriptor.TestMethodTestDescriptor.execute(TestMethodTestDescriptor.java:66)
	at org.junit.platform.engine.support.hierarchical.NodeTestTask.lambda$executeRecursively$6(NodeTestTask.java:151)
	at org.junit.platform.engine.support.hierarchical.ThrowableCollector.execute(ThrowableCollector.java:73)
	at org.junit.platform.engine.support.hierarchical.NodeTestTask.lambda$executeRecursively$8(NodeTestTask.java:141)
	at org.junit.platform.engine.support.hierarchical.Node.around(Node.java:137)
	at org.junit.platform.engine.support.hierarchical.NodeTestTask.lambda$executeRecursively$9(NodeTestTask.java:139)
	at org.junit.platform.engine.support.hierarchical.ThrowableCollector.execute(ThrowableCollector.java:73)
	at org.junit.platform.engine.support.hierarchical.NodeTestTask.executeRecursively(NodeTestTask.java:138)
	at org.junit.platform.engine.support.hierarchical.NodeTestTask.execute(NodeTestTask.java:95)
	at java.util.ArrayList.forEach(ArrayList.java:1259)
	at org.junit.platform.engine.support.hierarchical.SameThreadHierarchicalTestExecutorService.invokeAll(SameThreadHierarchicalTestExecutorService.java:41)
	at org.junit.platform.engine.support.hierarchical.NodeTestTask.lambda$executeRecursively$6(NodeTestTask.java:155)
	at org.junit.platform.engine.support.hierarchical.ThrowableCollector.execute(ThrowableCollector.java:73)
	at org.junit.platform.engine.support.hierarchical.NodeTestTask.lambda$executeRecursively$8(NodeTestTask.java:141)
	at org.junit.platform.engine.support.hierarchical.Node.around(Node.java:137)
	at org.junit.platform.engine.support.hierarchical.NodeTestTask.lambda$executeRecursively$9(NodeTestTask.java:139)
	at org.junit.platform.engine.support.hierarchical.ThrowableCollector.execute(ThrowableCollector.java:73)
	at org.junit.platform.engine.support.hierarchical.NodeTestTask.executeRecursively(NodeTestTask.java:138)
	at org.junit.platform.engine.support.hierarchical.NodeTestTask.execute(NodeTestTask.java:95)
	at java.util.ArrayList.forEach(ArrayList.java:1259)
	at org.junit.platform.engine.support.hierarchical.SameThreadHierarchicalTestExecutorService.invokeAll(SameThreadHierarchicalTestExecutorService.java:41)
	at org.junit.platform.engine.support.hierarchical.NodeTestTask.lambda$executeRecursively$6(NodeTestTask.java:155)
	at org.junit.platform.engine.support.hierarchical.ThrowableCollector.execute(ThrowableCollector.java:73)
	at org.junit.platform.engine.support.hierarchical.NodeTestTask.lambda$executeRecursively$8(NodeTestTask.java:141)
	at org.junit.platform.engine.support.hierarchical.Node.around(Node.java:137)
	at org.junit.platform.engine.support.hierarchical.NodeTestTask.lambda$executeRecursively$9(NodeTestTask.java:139)
	at org.junit.platform.engine.support.hierarchical.ThrowableCollector.execute(ThrowableCollector.java:73)
	at org.junit.platform.engine.support.hierarchical.NodeTestTask.executeRecursively(NodeTestTask.java:138)
	at org.junit.platform.engine.support.hierarchical.NodeTestTask.execute(NodeTestTask.java:95)
	at org.junit.platform.engine.support.hierarchical.SameThreadHierarchicalTestExecutorService.submit(SameThreadHierarchicalTestExecutorService.java:35)
	at org.junit.platform.engine.support.hierarchical.HierarchicalTestExecutor.execute(HierarchicalTestExecutor.java:57)
	at org.junit.platform.engine.support.hierarchical.HierarchicalTestEngine.execute(HierarchicalTestEngine.java:54)
	at org.junit.platform.launcher.core.EngineExecutionOrchestrator.execute(EngineExecutionOrchestrator.java:107)
	at org.junit.platform.launcher.core.EngineExecutionOrchestrator.execute(EngineExecutionOrchestrator.java:88)
	at org.junit.platform.launcher.core.EngineExecutionOrchestrator.lambda$execute$0(EngineExecutionOrchestrator.java:54)
	at org.junit.platform.launcher.core.EngineExecutionOrchestrator.withInterceptedStreams(EngineExecutionOrchestrator.java:67)
	at org.junit.platform.launcher.core.EngineExecutionOrchestrator.execute(EngineExecutionOrchestrator.java:52)
	at org.junit.platform.launcher.core.DefaultLauncher.execute(DefaultLauncher.java:114)
	at org.junit.platform.launcher.core.DefaultLauncher.execute(DefaultLauncher.java:86)
	at org.junit.platform.launcher.core.DefaultLauncherSession$DelegatingLauncher.execute(DefaultLauncherSession.java:86)
	at org.junit.platform.launcher.core.SessionPerRequestLauncher.execute(SessionPerRequestLauncher.java:53)
	at org.apache.maven.surefire.junitplatform.JUnitPlatformProvider.execute(JUnitPlatformProvider.java:188)
	at org.apache.maven.surefire.junitplatform.JUnitPlatformProvider.invokeAllTests(JUnitPlatformProvider.java:154)
	at org.apache.maven.surefire.junitplatform.JUnitPlatformProvider.invoke(JUnitPlatformProvider.java:124)
	at org.apache.maven.surefire.booter.ForkedBooter.runSuitesInProcess(ForkedBooter.java:428)
	at org.apache.maven.surefire.booter.ForkedBooter.execute(ForkedBooter.java:162)
	at org.apache.maven.surefire.booter.ForkedBooter.run(ForkedBooter.java:562)
	at org.apache.maven.surefire.booter.ForkedBooter.main(ForkedBooter.java:548)
Caused by: java.io.IOException: java.io.IOException: java.io.IOException: java.io.IOException: java.io.IOException: java.io.IOException: java.io.IOException: Retry request failed. retries get failed due to exceeded maximum allowed retries number: 5
	at org.apache.hadoop.ozone.client.io.KeyOutputStream.handleWrite(KeyOutputStream.java:242)
	at org.apache.hadoop.ozone.client.io.KeyOutputStream.write(KeyOutputStream.java:212)
	at org.apache.hadoop.ozone.client.io.OzoneOutputStream.write(OzoneOutputStream.java:57)
	at org.apache.hadoop.ozone.freon.RandomKeyGenerator.createKey(RandomKeyGenerator.java:821)
	at org.apache.hadoop.ozone.freon.RandomKeyGenerator.access$1200(RandomKeyGenerator.java:90)
	at org.apache.hadoop.ozone.freon.RandomKeyGenerator$ObjectCreator.run(RandomKeyGenerator.java:714)
	at java.util.concurrent.ThreadPoolExecutor.runWorker(ThreadPoolExecutor.java:1149)
	at java.util.concurrent.ThreadPoolExecutor$Worker.run(ThreadPoolExecutor.java:624)
	at java.lang.Thread.run(Thread.java:750)
Caused by: java.io.IOException: java.io.IOException: java.io.IOException: java.io.IOException: java.io.IOException: java.io.IOException: Retry request failed. retries get failed due to exceeded maximum allowed retries number: 5
	at org.apache.hadoop.ozone.client.io.KeyOutputStream.handleWrite(KeyOutputStream.java:242)
	at org.apache.hadoop.ozone.client.io.KeyOutputStream.handleRetry(KeyOutputStream.java:414)
	at org.apache.hadoop.ozone.client.io.KeyOutputStream.handleException(KeyOutputStream.java:359)
	at org.apache.hadoop.ozone.client.io.KeyOutputStream.writeToOutputStream(KeyOutputStream.java:274)
	at org.apache.hadoop.ozone.client.io.KeyOutputStream.handleWrite(KeyOutputStream.java:232)
	... 8 more
Caused by: java.io.IOException: java.io.IOException: java.io.IOException: java.io.IOException: java.io.IOException: Retry request failed. retries get failed due to exceeded maximum allowed retries number: 5
	at org.apache.hadoop.ozone.client.io.KeyOutputStream.handleWrite(KeyOutputStream.java:242)
	at org.apache.hadoop.ozone.client.io.KeyOutputStream.handleRetry(KeyOutputStream.java:414)
	at org.apache.hadoop.ozone.client.io.KeyOutputStream.handleException(KeyOutputStream.java:359)
	at org.apache.hadoop.ozone.client.io.KeyOutputStream.writeToOutputStream(KeyOutputStream.java:274)
	at org.apache.hadoop.ozone.client.io.KeyOutputStream.handleWrite(KeyOutputStream.java:232)
	... 12 more
Caused by: java.io.IOException: java.io.IOException: java.io.IOException: java.io.IOException: Retry request failed. retries get failed due to exceeded maximum allowed retries number: 5
	at org.apache.hadoop.ozone.client.io.KeyOutputStream.handleWrite(KeyOutputStream.java:242)
	at org.apache.hadoop.ozone.client.io.KeyOutputStream.handleRetry(KeyOutputStream.java:414)
	at org.apache.hadoop.ozone.client.io.KeyOutputStream.handleException(KeyOutputStream.java:359)
	at org.apache.hadoop.ozone.client.io.KeyOutputStream.writeToOutputStream(KeyOutputStream.java:274)
	at org.apache.hadoop.ozone.client.io.KeyOutputStream.handleWrite(KeyOutputStream.java:232)
	... 16 more
Caused by: java.io.IOException: java.io.IOException: java.io.IOException: Retry request failed. retries get failed due to exceeded maximum allowed retries number: 5
	at org.apache.hadoop.ozone.client.io.KeyOutputStream.handleWrite(KeyOutputStream.java:242)
	at org.apache.hadoop.ozone.client.io.KeyOutputStream.handleRetry(KeyOutputStream.java:414)
	at org.apache.hadoop.ozone.client.io.KeyOutputStream.handleException(KeyOutputStream.java:359)
	at org.apache.hadoop.ozone.client.io.KeyOutputStream.writeToOutputStream(KeyOutputStream.java:274)
	at org.apache.hadoop.ozone.client.io.KeyOutputStream.handleWrite(KeyOutputStream.java:232)
	... 20 more
Caused by: java.io.IOException: java.io.IOException: Retry request failed. retries get failed due to exceeded maximum allowed retries number: 5
	at org.apache.hadoop.ozone.client.io.KeyOutputStream.handleWrite(KeyOutputStream.java:242)
	at org.apache.hadoop.ozone.client.io.KeyOutputStream.handleRetry(KeyOutputStream.java:414)
	at org.apache.hadoop.ozone.client.io.KeyOutputStream.handleException(KeyOutputStream.java:359)
	at org.apache.hadoop.ozone.client.io.KeyOutputStream.writeToOutputStream(KeyOutputStream.java:274)
	at org.apache.hadoop.ozone.client.io.KeyOutputStream.handleWrite(KeyOutputStream.java:232)
	... 24 more
Caused by: java.io.IOException: Retry request failed. retries get failed due to exceeded maximum allowed retries number: 5
	at org.apache.hadoop.ozone.client.io.KeyOutputStream.handleRetry(KeyOutputStream.java:388)
	at org.apache.hadoop.ozone.client.io.KeyOutputStream.handleException(KeyOutputStream.java:359)
	at org.apache.hadoop.ozone.client.io.KeyOutputStream.writeToOutputStream(KeyOutputStream.java:274)
	at org.apache.hadoop.ozone.client.io.KeyOutputStream.handleWrite(KeyOutputStream.java:232)
	... 28 more
Caused by: java.io.IOException: Unexpected Storage Container Exception: java.util.concurrent.CompletionException: Failed to write chunk 111677748019200608_chunk_1 into block conID: 7 locID: 111677748019200608 bcsId: 0
	at org.apache.hadoop.hdds.scm.storage.BlockOutputStream.setIoException(BlockOutputStream.java:637)
	at org.apache.hadoop.hdds.scm.storage.BlockOutputStream.lambda$writeChunkToContainer$3(BlockOutputStream.java:729)
	at java.util.concurrent.CompletableFuture.uniExceptionally(CompletableFuture.java:884)
	at java.util.concurrent.CompletableFuture$UniExceptionally.tryFire(CompletableFuture.java:866)
	at java.util.concurrent.CompletableFuture.postComplete(CompletableFuture.java:488)
	at java.util.concurrent.CompletableFuture.complete(CompletableFuture.java:1975)
	at org.apache.ratis.client.impl.OrderedAsync$PendingOrderedRequest.setReply(OrderedAsync.java:98)
	at org.apache.ratis.client.impl.OrderedAsync$PendingOrderedRequest.setReply(OrderedAsync.java:59)
	at org.apache.ratis.util.SlidingWindow$RequestMap.setReply(SlidingWindow.java:144)
	at org.apache.ratis.util.SlidingWindow$Client.receiveReply(SlidingWindow.java:348)
	at org.apache.ratis.client.impl.OrderedAsync.lambda$sendRequest$9(OrderedAsync.java:248)
	at java.util.concurrent.CompletableFuture.uniApply(CompletableFuture.java:616)
	at java.util.concurrent.CompletableFuture$UniApply.tryFire(CompletableFuture.java:591)
	at java.util.concurrent.CompletableFuture.postComplete(CompletableFuture.java:488)
	at java.util.concurrent.CompletableFuture.complete(CompletableFuture.java:1975)
	at org.apache.ratis.grpc.client.GrpcClientProtocolClient$AsyncStreamObservers$1.lambda$onNext$0(GrpcClientProtocolClient.java:322)
	at java.util.Optional.ifPresent(Optional.java:159)
	at org.apache.ratis.grpc.client.GrpcClientProtocolClient$AsyncStreamObservers.handleReplyFuture(GrpcClientProtocolClient.java:378)
	at org.apache.ratis.grpc.client.GrpcClientProtocolClient$AsyncStreamObservers.access$100(GrpcClientProtocolClient.java:300)
	at org.apache.ratis.grpc.client.GrpcClientProtocolClient$AsyncStreamObservers$1.onNext(GrpcClientProtocolClient.java:322)
	at org.apache.ratis.grpc.client.GrpcClientProtocolClient$AsyncStreamObservers$1.onNext(GrpcClientProtocolClient.java:305)
	at org.apache.ratis.thirdparty.io.grpc.stub.ClientCalls$StreamObserverToCallListenerAdapter.onMessage(ClientCalls.java:474)
	at org.apache.ratis.thirdparty.io.grpc.ForwardingClientCallListener.onMessage(ForwardingClientCallListener.java:33)
	at org.apache.ratis.thirdparty.io.grpc.internal.ClientCallImpl$ClientStreamListenerImpl$1MessagesAvailable.runInternal(ClientCallImpl.java:661)
	at org.apache.ratis.thirdparty.io.grpc.internal.ClientCallImpl$ClientStreamListenerImpl$1MessagesAvailable.runInContext(ClientCallImpl.java:646)
	at org.apache.ratis.thirdparty.io.grpc.internal.ContextRunnable.run(ContextRunnable.java:37)
	at org.apache.ratis.thirdparty.io.grpc.internal.SerializingExecutor.run(SerializingExecutor.java:133)
	... 3 more
Caused by: java.util.concurrent.CompletionException: Failed to write chunk 111677748019200608_chunk_1 into block conID: 7 locID: 111677748019200608 bcsId: 0
	at org.apache.hadoop.hdds.scm.storage.BlockOutputStream.lambda$writeChunkToContainer$3(BlockOutputStream.java:728)
	... 28 more
Caused by: java.util.concurrent.CompletionException: java.lang.NullPointerException
	at java.util.concurrent.CompletableFuture.encodeThrowable(CompletableFuture.java:273)
	at java.util.concurrent.CompletableFuture.completeThrowable(CompletableFuture.java:280)
	at java.util.concurrent.CompletableFuture.uniApply(CompletableFuture.java:618)
	at java.util.concurrent.CompletableFuture$UniApply.tryFire(CompletableFuture.java:591)
	... 26 more
Caused by: java.lang.NullPointerException
	at java.util.stream.ReferencePipeline$5$1.accept(ReferencePipeline.java:227)
	at java.util.stream.ReferencePipeline$3$1.accept(ReferencePipeline.java:193)
	at java.util.ArrayList$ArrayListSpliterator.forEachRemaining(ArrayList.java:1384)
	at java.util.stream.AbstractPipeline.copyInto(AbstractPipeline.java:482)
	at java.util.stream.AbstractPipeline.wrapAndCopyInto(AbstractPipeline.java:472)
	at java.util.stream.ReduceOps$ReduceOp.evaluateSequential(ReduceOps.java:708)
	at java.util.stream.AbstractPipeline.evaluate(AbstractPipeline.java:234)
	at java.util.stream.LongPipeline.reduce(LongPipeline.java:466)
	at java.util.stream.LongPipeline.min(LongPipeline.java:424)
	at org.apache.hadoop.hdds.scm.XceiverClientRatis.updateCommitInfosMap(XceiverClientRatis.java:156)
	at org.apache.hadoop.hdds.scm.XceiverClientRatis.lambda$sendCommandAsync$6(XceiverClientRatis.java:367)
	at java.util.concurrent.CompletableFuture.uniApply(CompletableFuture.java:616)
	... 27 more
]]></system-err>
  </testcase>
</testsuite>