<?xml version="1.0" encoding="UTF-8"?>
<testsuite xmlns:xsi="http://www.w3.org/2001/XMLSchema-instance" xsi:noNamespaceSchemaLocation="https://maven.apache.org/surefire/maven-surefire-plugin/xsd/surefire-test-report.xsd" name="org.apache.hadoop.ozone.container.common.statemachine.commandhandler.TestBlockDeletion" time="256.286" tests="3" errors="1" skipped="0" failures="0">
  <properties>
    <property name="awt.toolkit" value="sun.awt.X11.XToolkit"/>
    <property name="file.encoding.pkg" value="sun.io"/>
    <property name="java.specification.version" value="1.8"/>
    <property name="sun.cpu.isalist" value=""/>
    <property name="sun.jnu.encoding" value="UTF-8"/>
    <property name="java.class.path" value="/home/runner/work/ozone/ozone/hadoop-ozone/integration-test/target/test-classes:/home/runner/work/ozone/ozone/hadoop-ozone/integration-test/target/classes:/home/runner/.m2/repository/org/apache/ozone/ozone-common/1.2.0-SNAPSHOT/ozone-common-1.2.0-SNAPSHOT.jar:/home/runner/.m2/repository/org/apache/commons/commons-compress/1.20/commons-compress-1.20.jar:/home/runner/.m2/repository/org/apache/ozone/hdds-common/1.2.0-SNAPSHOT/hdds-common-1.2.0-SNAPSHOT.jar:/home/runner/.m2/repository/org/apache/ozone/hdds-client/1.2.0-SNAPSHOT/hdds-client-1.2.0-SNAPSHOT.jar:/home/runner/.m2/repository/org/apache/ozone/ozone-interface-client/1.2.0-SNAPSHOT/ozone-interface-client-1.2.0-SNAPSHOT.jar:/home/runner/.m2/repository/org/apache/ozone/hdds-server-framework/1.2.0-SNAPSHOT/hdds-server-framework-1.2.0-SNAPSHOT.jar:/home/runner/.m2/repository/org/apache/ozone/hdds-interface-server/1.2.0-SNAPSHOT/hdds-interface-server-1.2.0-SNAPSHOT.jar:/home/runner/.m2/repository/org/eclipse/jetty/jetty-servlet/9.4.43.v20210629/jetty-servlet-9.4.43.v20210629.jar:/home/runner/.m2/repository/org/eclipse/jetty/jetty-security/9.4.43.v20210629/jetty-security-9.4.43.v20210629.jar:/home/runner/.m2/repository/org/rocksdb/rocksdbjni/6.20.3/rocksdbjni-6.20.3.jar:/home/runner/.m2/repository/io/prometheus/simpleclient_dropwizard/0.7.0/simpleclient_dropwizard-0.7.0.jar:/home/runner/.m2/repository/io/prometheus/simpleclient/0.7.0/simpleclient-0.7.0.jar:/home/runner/.m2/repository/io/prometheus/simpleclient_common/0.7.0/simpleclient_common-0.7.0.jar:/home/runner/.m2/repository/com/fasterxml/jackson/datatype/jackson-datatype-jsr310/2.12.1/jackson-datatype-jsr310-2.12.1.jar:/home/runner/.m2/repository/org/apache/ozone/hdds-test-utils/1.2.0-SNAPSHOT/hdds-test-utils-1.2.0-SNAPSHOT.jar:/home/runner/.m2/repository/com/google/guava/guava/30.1.1-jre/guava-30.1.1-jre.jar:/home/runner/.m2/repository/com/google/guava/failureaccess/1.0.1/failureaccess-1.0.1.jar:/home/runner/.m2/repository/com/google/guava/listenablefuture/9999.0-empty-to-avoid-conflict-with-guava/listenablefuture-9999.0-empty-to-avoid-conflict-with-guava.jar:/home/runner/.m2/repository/com/google/code/findbugs/jsr305/3.0.0/jsr305-3.0.0.jar:/home/runner/.m2/repository/org/checkerframework/checker-qual/3.8.0/checker-qual-3.8.0.jar:/home/runner/.m2/repository/com/google/errorprone/error_prone_annotations/2.2.0/error_prone_annotations-2.2.0.jar:/home/runner/.m2/repository/com/google/j2objc/j2objc-annotations/1.3/j2objc-annotations-1.3.jar:/home/runner/.m2/repository/commons-io/commons-io/2.8.0/commons-io-2.8.0.jar:/home/runner/.m2/repository/commons-logging/commons-logging/1.2/commons-logging-1.2.jar:/home/runner/.m2/repository/log4j/log4j/1.2.17/log4j-1.2.17.jar:/home/runner/.m2/repository/org/slf4j/slf4j-api/1.7.30/slf4j-api-1.7.30.jar:/home/runner/.m2/repository/org/apache/ozone/hdds-server-scm/1.2.0-SNAPSHOT/hdds-server-scm-1.2.0-SNAPSHOT.jar:/home/runner/.m2/repository/org/apache/ozone/hdds-container-service/1.2.0-SNAPSHOT/hdds-container-service-1.2.0-SNAPSHOT.jar:/home/runner/.m2/repository/org/apache/ozone/hdds-hadoop-dependency-server/1.2.0-SNAPSHOT/hdds-hadoop-dependency-server-1.2.0-SNAPSHOT.jar:/home/runner/.m2/repository/org/apache/hadoop/hadoop-hdfs/3.3.1/hadoop-hdfs-3.3.1.jar:/home/runner/.m2/repository/io/dropwizard/metrics/metrics-core/3.2.4/metrics-core-3.2.4.jar:/home/runner/.m2/repository/org/apache/hadoop/hadoop-hdfs-client/3.3.1/hadoop-hdfs-client-3.3.1.jar:/home/runner/.m2/repository/org/bouncycastle/bcprov-jdk15on/1.67/bcprov-jdk15on-1.67.jar:/home/runner/.m2/repository/com/google/protobuf/protobuf-java/2.5.0/protobuf-java-2.5.0.jar:/home/runner/.m2/repository/org/apache/ozone/ozone-manager/1.2.0-SNAPSHOT/ozone-manager-1.2.0-SNAPSHOT.jar:/home/runner/.m2/repository/org/aspectj/aspectjrt/1.8.9/aspectjrt-1.8.9.jar:/home/runner/.m2/repository/org/aspectj/aspectjweaver/1.8.9/aspectjweaver-1.8.9.jar:/home/runner/.m2/repository/org/apache/ozone/hdds-interface-client/1.2.0-SNAPSHOT/hdds-interface-client-1.2.0-SNAPSHOT.jar:/home/runner/.m2/repository/org/apache/hadoop/thirdparty/hadoop-shaded-protobuf_3_7/1.1.1/hadoop-shaded-protobuf_3_7-1.1.1.jar:/home/runner/.m2/repository/org/apache/ratis/ratis-thirdparty-misc/0.7.0/ratis-thirdparty-misc-0.7.0.jar:/home/runner/.m2/repository/org/apache/ozone/ozone-interface-storage/1.2.0-SNAPSHOT/ozone-interface-storage-1.2.0-SNAPSHOT.jar:/home/runner/.m2/repository/org/reflections/reflections/0.9.11/reflections-0.9.11.jar:/home/runner/.m2/repository/org/apache/hadoop/hadoop-minikdc/3.3.1/hadoop-minikdc-3.3.1.jar:/home/runner/.m2/repository/org/apache/kerby/kerb-simplekdc/1.0.1/kerb-simplekdc-1.0.1.jar:/home/runner/.m2/repository/org/apache/kerby/kerb-client/1.0.1/kerb-client-1.0.1.jar:/home/runner/.m2/repository/org/apache/kerby/kerby-config/1.0.1/kerby-config-1.0.1.jar:/home/runner/.m2/repository/org/apache/kerby/kerb-common/1.0.1/kerb-common-1.0.1.jar:/home/runner/.m2/repository/org/apache/kerby/kerb-crypto/1.0.1/kerb-crypto-1.0.1.jar:/home/runner/.m2/repository/org/apache/kerby/kerb-util/1.0.1/kerb-util-1.0.1.jar:/home/runner/.m2/repository/org/apache/kerby/token-provider/1.0.1/token-provider-1.0.1.jar:/home/runner/.m2/repository/org/apache/kerby/kerb-admin/1.0.1/kerb-admin-1.0.1.jar:/home/runner/.m2/repository/org/apache/kerby/kerb-server/1.0.1/kerb-server-1.0.1.jar:/home/runner/.m2/repository/org/apache/kerby/kerb-identity/1.0.1/kerb-identity-1.0.1.jar:/home/runner/.m2/repository/org/apache/kerby/kerby-xdr/1.0.1/kerby-xdr-1.0.1.jar:/home/runner/.m2/repository/org/slf4j/slf4j-log4j12/1.7.30/slf4j-log4j12-1.7.30.jar:/home/runner/.m2/repository/org/apache/ozone/ozone-s3gateway/1.2.0-SNAPSHOT/ozone-s3gateway-1.2.0-SNAPSHOT.jar:/home/runner/.m2/repository/org/javassist/javassist/3.21.0-GA/javassist-3.21.0-GA.jar:/home/runner/.m2/repository/org/jboss/weld/servlet/weld-servlet/2.4.7.Final/weld-servlet-2.4.7.Final.jar:/home/runner/.m2/repository/org/glassfish/jersey/containers/jersey-container-servlet-core/2.33/jersey-container-servlet-core-2.33.jar:/home/runner/.m2/repository/org/glassfish/hk2/external/jakarta.inject/2.6.1/jakarta.inject-2.6.1.jar:/home/runner/.m2/repository/org/glassfish/jersey/core/jersey-common/2.33/jersey-common-2.33.jar:/home/runner/.m2/repository/jakarta/ws/rs/jakarta.ws.rs-api/2.1.6/jakarta.ws.rs-api-2.1.6.jar:/home/runner/.m2/repository/org/glassfish/jersey/ext/cdi/jersey-cdi1x/2.33/jersey-cdi1x-2.33.jar:/home/runner/.m2/repository/org/glassfish/jersey/inject/jersey-hk2/2.33/jersey-hk2-2.33.jar:/home/runner/.m2/repository/org/glassfish/hk2/hk2-locator/2.6.1/hk2-locator-2.6.1.jar:/home/runner/.m2/repository/org/glassfish/jersey/media/jersey-media-jaxb/2.33/jersey-media-jaxb-2.33.jar:/home/runner/.m2/repository/org/glassfish/hk2/osgi-resource-locator/1.0.3/osgi-resource-locator-1.0.3.jar:/home/runner/.m2/repository/org/glassfish/hk2/hk2-api/2.5.0/hk2-api-2.5.0.jar:/home/runner/.m2/repository/org/glassfish/hk2/hk2-utils/2.5.0/hk2-utils-2.5.0.jar:/home/runner/.m2/repository/org/glassfish/hk2/external/aopalliance-repackaged/2.5.0/aopalliance-repackaged-2.5.0.jar:/home/runner/.m2/repository/com/fasterxml/jackson/dataformat/jackson-dataformat-xml/2.12.1/jackson-dataformat-xml-2.12.1.jar:/home/runner/.m2/repository/com/fasterxml/jackson/core/jackson-core/2.12.1/jackson-core-2.12.1.jar:/home/runner/.m2/repository/com/fasterxml/jackson/module/jackson-module-jaxb-annotations/2.12.1/jackson-module-jaxb-annotations-2.12.1.jar:/home/runner/.m2/repository/jakarta/xml/bind/jakarta.xml.bind-api/2.3.2/jakarta.xml.bind-api-2.3.2.jar:/home/runner/.m2/repository/org/codehaus/woodstox/stax2-api/3.1.4/stax2-api-3.1.4.jar:/home/runner/.m2/repository/com/fasterxml/woodstox/woodstox-core/5.0.3/woodstox-core-5.0.3.jar:/home/runner/.m2/repository/javax/enterprise/cdi-api/1.2/cdi-api-1.2.jar:/home/runner/.m2/repository/javax/el/javax.el-api/3.0.0/javax.el-api-3.0.0.jar:/home/runner/.m2/repository/javax/interceptor/javax.interceptor-api/1.2/javax.interceptor-api-1.2.jar:/home/runner/.m2/repository/javax/inject/javax.inject/1/javax.inject-1.jar:/home/runner/.m2/repository/javax/xml/bind/jaxb-api/2.3.0/jaxb-api-2.3.0.jar:/home/runner/.m2/repository/org/glassfish/jaxb/jaxb-runtime/2.3.0.1/jaxb-runtime-2.3.0.1.jar:/home/runner/.m2/repository/org/glassfish/jaxb/jaxb-core/2.3.0.1/jaxb-core-2.3.0.1.jar:/home/runner/.m2/repository/org/glassfish/jaxb/txw2/2.3.0.1/txw2-2.3.0.1.jar:/home/runner/.m2/repository/com/sun/istack/istack-commons-runtime/3.0.5/istack-commons-runtime-3.0.5.jar:/home/runner/.m2/repository/org/jvnet/staxex/stax-ex/1.7.8/stax-ex-1.7.8.jar:/home/runner/.m2/repository/com/sun/xml/fastinfoset/FastInfoset/1.2.13/FastInfoset-1.2.13.jar:/home/runner/.m2/repository/javax/activation/activation/1.1.1/activation-1.1.1.jar:/home/runner/.m2/repository/org/apache/ozone/ozone-csi/1.2.0-SNAPSHOT/ozone-csi-1.2.0-SNAPSHOT.jar:/home/runner/.m2/repository/com/google/protobuf/protobuf-java-util/3.12.0/protobuf-java-util-3.12.0.jar:/home/runner/.m2/repository/com/google/code/gson/gson/2.2.4/gson-2.2.4.jar:/home/runner/.m2/repository/org/apache/ozone/hdds-config/1.2.0-SNAPSHOT/hdds-config-1.2.0-SNAPSHOT.jar:/home/runner/.m2/repository/io/grpc/grpc-netty/1.33.0/grpc-netty-1.33.0.jar:/home/runner/.m2/repository/io/grpc/grpc-core/1.33.0/grpc-core-1.33.0.jar:/home/runner/.m2/repository/com/google/android/annotations/4.1.1.4/annotations-4.1.1.4.jar:/home/runner/.m2/repository/io/netty/netty-codec-http2/4.1.63.Final/netty-codec-http2-4.1.63.Final.jar:/home/runner/.m2/repository/io/netty/netty-codec-http/4.1.63.Final/netty-codec-http-4.1.63.Final.jar:/home/runner/.m2/repository/io/netty/netty-handler-proxy/4.1.63.Final/netty-handler-proxy-4.1.63.Final.jar:/home/runner/.m2/repository/io/netty/netty-codec-socks/4.1.63.Final/netty-codec-socks-4.1.63.Final.jar:/home/runner/.m2/repository/io/perfmark/perfmark-api/0.19.0/perfmark-api-0.19.0.jar:/home/runner/.m2/repository/org/codehaus/mojo/animal-sniffer-annotations/1.18/animal-sniffer-annotations-1.18.jar:/home/runner/.m2/repository/io/netty/netty-transport-native-epoll/4.1.63.Final/netty-transport-native-epoll-4.1.63.Final.jar:/home/runner/.m2/repository/io/netty/netty-common/4.1.63.Final/netty-common-4.1.63.Final.jar:/home/runner/.m2/repository/io/netty/netty-buffer/4.1.63.Final/netty-buffer-4.1.63.Final.jar:/home/runner/.m2/repository/io/netty/netty-transport-native-unix-common/4.1.63.Final/netty-transport-native-unix-common-4.1.63.Final.jar:/home/runner/.m2/repository/io/grpc/grpc-protobuf/1.33.0/grpc-protobuf-1.33.0.jar:/home/runner/.m2/repository/io/grpc/grpc-api/1.33.0/grpc-api-1.33.0.jar:/home/runner/.m2/repository/io/grpc/grpc-context/1.33.0/grpc-context-1.33.0.jar:/home/runner/.m2/repository/com/google/api/grpc/proto-google-common-protos/1.17.0/proto-google-common-protos-1.17.0.jar:/home/runner/.m2/repository/io/grpc/grpc-protobuf-lite/1.33.0/grpc-protobuf-lite-1.33.0.jar:/home/runner/.m2/repository/io/grpc/grpc-stub/1.33.0/grpc-stub-1.33.0.jar:/home/runner/.m2/repository/org/apache/ozone/ozone-recon/1.2.0-SNAPSHOT/ozone-recon-1.2.0-SNAPSHOT.jar:/home/runner/.m2/repository/org/apache/ozone/ozone-reconcodegen/1.2.0-SNAPSHOT/ozone-reconcodegen-1.2.0-SNAPSHOT.jar:/home/runner/.m2/repository/com/google/inject/extensions/guice-multibindings/4.0/guice-multibindings-4.0.jar:/home/runner/.m2/repository/com/google/inject/guice/4.0/guice-4.0.jar:/home/runner/.m2/repository/aopalliance/aopalliance/1.0/aopalliance-1.0.jar:/home/runner/.m2/repository/com/google/inject/extensions/guice-assistedinject/4.0/guice-assistedinject-4.0.jar:/home/runner/.m2/repository/com/google/inject/extensions/guice-servlet/4.0/guice-servlet-4.0.jar:/home/runner/.m2/repository/org/glassfish/jersey/containers/jersey-container-servlet/2.33/jersey-container-servlet-2.33.jar:/home/runner/.m2/repository/org/glassfish/hk2/guice-bridge/2.5.0/guice-bridge-2.5.0.jar:/home/runner/.m2/repository/org/glassfish/jersey/core/jersey-server/2.33/jersey-server-2.33.jar:/home/runner/.m2/repository/org/glassfish/jersey/core/jersey-client/2.33/jersey-client-2.33.jar:/home/runner/.m2/repository/jakarta/annotation/jakarta.annotation-api/1.3.5/jakarta.annotation-api-1.3.5.jar:/home/runner/.m2/repository/jakarta/validation/jakarta.validation-api/2.0.2/jakarta.validation-api-2.0.2.jar:/home/runner/.m2/repository/org/glassfish/jersey/media/jersey-media-json-jackson/2.33/jersey-media-json-jackson-2.33.jar:/home/runner/.m2/repository/org/glassfish/jersey/ext/jersey-entity-filtering/2.33/jersey-entity-filtering-2.33.jar:/home/runner/.m2/repository/org/jooq/jooq/3.11.10/jooq-3.11.10.jar:/home/runner/.m2/repository/org/jooq/jooq-meta/3.11.10/jooq-meta-3.11.10.jar:/home/runner/.m2/repository/org/jooq/jooq-codegen/3.11.10/jooq-codegen-3.11.10.jar:/home/runner/.m2/repository/com/jolbox/bonecp/0.8.0.RELEASE/bonecp-0.8.0.RELEASE.jar:/home/runner/.m2/repository/org/apache/derby/derby/10.14.2.0/derby-10.14.2.0.jar:/home/runner/.m2/repository/org/xerial/sqlite-jdbc/3.25.2/sqlite-jdbc-3.25.2.jar:/home/runner/.m2/repository/org/springframework/spring-jdbc/5.2.11.RELEASE/spring-jdbc-5.2.11.RELEASE.jar:/home/runner/.m2/repository/org/springframework/spring-beans/5.2.11.RELEASE/spring-beans-5.2.11.RELEASE.jar:/home/runner/.m2/repository/org/springframework/spring-core/5.2.11.RELEASE/spring-core-5.2.11.RELEASE.jar:/home/runner/.m2/repository/org/springframework/spring-jcl/5.2.11.RELEASE/spring-jcl-5.2.11.RELEASE.jar:/home/runner/.m2/repository/org/springframework/spring-tx/5.2.11.RELEASE/spring-tx-5.2.11.RELEASE.jar:/home/runner/.m2/repository/org/apache/ozone/ozone-client/1.2.0-SNAPSHOT/ozone-client-1.2.0-SNAPSHOT.jar:/home/runner/.m2/repository/org/apache/ozone/ozone-filesystem/1.2.0-SNAPSHOT/ozone-filesystem-1.2.0-SNAPSHOT.jar:/home/runner/.m2/repository/org/apache/ozone/ozone-filesystem-common/1.2.0-SNAPSHOT/ozone-filesystem-common-1.2.0-SNAPSHOT.jar:/home/runner/.m2/repository/org/apache/ozone/ozone-tools/1.2.0-SNAPSHOT/ozone-tools-1.2.0-SNAPSHOT.jar:/home/runner/.m2/repository/org/apache/ratis/ratis-tools/2.1.0-03f3b68-SNAPSHOT/ratis-tools-2.1.0-03f3b68-SNAPSHOT.jar:/home/runner/.m2/repository/org/apache/ratis/ratis-proto/2.1.0-03f3b68-SNAPSHOT/ratis-proto-2.1.0-03f3b68-SNAPSHOT.jar:/home/runner/.m2/repository/org/apache/ratis/ratis-common/2.1.0-03f3b68-SNAPSHOT/ratis-common-2.1.0-03f3b68-SNAPSHOT.jar:/home/runner/.m2/repository/com/amazonaws/aws-java-sdk-core/1.11.901/aws-java-sdk-core-1.11.901.jar:/home/runner/.m2/repository/org/apache/httpcomponents/httpclient/4.5.13/httpclient-4.5.13.jar:/home/runner/.m2/repository/org/apache/httpcomponents/httpcore/4.4.13/httpcore-4.4.13.jar:/home/runner/.m2/repository/software/amazon/ion/ion-java/1.0.2/ion-java-1.0.2.jar:/home/runner/.m2/repository/com/fasterxml/jackson/dataformat/jackson-dataformat-cbor/2.12.1/jackson-dataformat-cbor-2.12.1.jar:/home/runner/.m2/repository/joda-time/joda-time/2.8.1/joda-time-2.8.1.jar:/home/runner/.m2/repository/com/amazonaws/aws-java-sdk-s3/1.11.901/aws-java-sdk-s3-1.11.901.jar:/home/runner/.m2/repository/com/amazonaws/aws-java-sdk-kms/1.11.901/aws-java-sdk-kms-1.11.901.jar:/home/runner/.m2/repository/com/amazonaws/jmespath-java/1.11.901/jmespath-java-1.11.901.jar:/home/runner/.m2/repository/org/kohsuke/metainf-services/metainf-services/1.8/metainf-services-1.8.jar:/home/runner/.m2/repository/org/apache/ozone/hdds-tools/1.2.0-SNAPSHOT/hdds-tools-1.2.0-SNAPSHOT.jar:/home/runner/.m2/repository/commons-cli/commons-cli/1.2/commons-cli-1.2.jar:/home/runner/.m2/repository/org/apache/commons/commons-lang3/3.7/commons-lang3-3.7.jar:/home/runner/.m2/repository/org/apache/ozone/ozone-manager/1.2.0-SNAPSHOT/ozone-manager-1.2.0-SNAPSHOT-tests.jar:/home/runner/.m2/repository/org/apache/ozone/hdds-common/1.2.0-SNAPSHOT/hdds-common-1.2.0-SNAPSHOT-tests.jar:/home/runner/.m2/repository/org/apache/ozone/hdds-hadoop-dependency-client/1.2.0-SNAPSHOT/hdds-hadoop-dependency-client-1.2.0-SNAPSHOT.jar:/home/runner/.m2/repository/info/picocli/picocli/4.4.0/picocli-4.4.0.jar:/home/runner/.m2/repository/com/fasterxml/jackson/core/jackson-annotations/2.12.1/jackson-annotations-2.12.1.jar:/home/runner/.m2/repository/javax/annotation/javax.annotation-api/1.2/javax.annotation-api-1.2.jar:/home/runner/.m2/repository/org/apache/ratis/ratis-server/2.1.0-03f3b68-SNAPSHOT/ratis-server-2.1.0-03f3b68-SNAPSHOT.jar:/home/runner/.m2/repository/org/apache/ratis/ratis-client/2.1.0-03f3b68-SNAPSHOT/ratis-client-2.1.0-03f3b68-SNAPSHOT.jar:/home/runner/.m2/repository/org/apache/ratis/ratis-server-api/2.1.0-03f3b68-SNAPSHOT/ratis-server-api-2.1.0-03f3b68-SNAPSHOT.jar:/home/runner/.m2/repository/org/apache/ratis/ratis-metrics/2.1.0-03f3b68-SNAPSHOT/ratis-metrics-2.1.0-03f3b68-SNAPSHOT.jar:/home/runner/.m2/repository/org/apache/ratis/ratis-netty/2.1.0-03f3b68-SNAPSHOT/ratis-netty-2.1.0-03f3b68-SNAPSHOT.jar:/home/runner/.m2/repository/org/apache/ratis/ratis-grpc/2.1.0-03f3b68-SNAPSHOT/ratis-grpc-2.1.0-03f3b68-SNAPSHOT.jar:/home/runner/.m2/repository/org/apache/logging/log4j/log4j-api/2.13.3/log4j-api-2.13.3.jar:/home/runner/.m2/repository/org/apache/logging/log4j/log4j-core/2.13.3/log4j-core-2.13.3.jar:/home/runner/.m2/repository/com/lmax/disruptor/3.4.2/disruptor-3.4.2.jar:/home/runner/.m2/repository/org/apache/commons/commons-pool2/2.6.0/commons-pool2-2.6.0.jar:/home/runner/.m2/repository/org/bouncycastle/bcpkix-jdk15on/1.67/bcpkix-jdk15on-1.67.jar:/home/runner/.m2/repository/commons-validator/commons-validator/1.6/commons-validator-1.6.jar:/home/runner/.m2/repository/commons-beanutils/commons-beanutils/1.9.4/commons-beanutils-1.9.4.jar:/home/runner/.m2/repository/commons-digester/commons-digester/1.8.1/commons-digester-1.8.1.jar:/home/runner/.m2/repository/commons-collections/commons-collections/3.2.2/commons-collections-3.2.2.jar:/home/runner/.m2/repository/io/jaegertracing/jaeger-client/1.6.0/jaeger-client-1.6.0.jar:/home/runner/.m2/repository/io/jaegertracing/jaeger-thrift/1.6.0/jaeger-thrift-1.6.0.jar:/home/runner/.m2/repository/org/apache/thrift/libthrift/0.14.1/libthrift-0.14.1.jar:/home/runner/.m2/repository/com/squareup/okhttp3/okhttp/4.9.0/okhttp-4.9.0.jar:/home/runner/.m2/repository/com/squareup/okio/okio/2.8.0/okio-2.8.0.jar:/home/runner/.m2/repository/io/jaegertracing/jaeger-core/1.6.0/jaeger-core-1.6.0.jar:/home/runner/.m2/repository/io/jaegertracing/jaeger-tracerresolver/1.6.0/jaeger-tracerresolver-1.6.0.jar:/home/runner/.m2/repository/io/opentracing/contrib/opentracing-tracerresolver/0.1.8/opentracing-tracerresolver-0.1.8.jar:/home/runner/.m2/repository/org/jetbrains/kotlin/kotlin-stdlib/1.4.31/kotlin-stdlib-1.4.31.jar:/home/runner/.m2/repository/org/jetbrains/kotlin/kotlin-stdlib-common/1.4.31/kotlin-stdlib-common-1.4.31.jar:/home/runner/.m2/repository/org/jetbrains/annotations/13.0/annotations-13.0.jar:/home/runner/.m2/repository/io/opentracing/opentracing-util/0.33.0/opentracing-util-0.33.0.jar:/home/runner/.m2/repository/io/opentracing/opentracing-api/0.33.0/opentracing-api-0.33.0.jar:/home/runner/.m2/repository/io/opentracing/opentracing-noop/0.33.0/opentracing-noop-0.33.0.jar:/home/runner/.m2/repository/org/yaml/snakeyaml/1.26/snakeyaml-1.26.jar:/home/runner/.m2/repository/org/apache/ozone/hdds-interface-admin/1.2.0-SNAPSHOT/hdds-interface-admin-1.2.0-SNAPSHOT.jar:/home/runner/.m2/repository/junit/junit/4.13.1/junit-4.13.1.jar:/home/runner/.m2/repository/org/hamcrest/hamcrest-core/1.3/hamcrest-core-1.3.jar:/home/runner/.m2/repository/org/junit/jupiter/junit-jupiter-api/5.7.0/junit-jupiter-api-5.7.0.jar:/home/runner/.m2/repository/org/apiguardian/apiguardian-api/1.1.0/apiguardian-api-1.1.0.jar:/home/runner/.m2/repository/org/opentest4j/opentest4j/1.2.0/opentest4j-1.2.0.jar:/home/runner/.m2/repository/org/junit/platform/junit-platform-commons/1.7.0/junit-platform-commons-1.7.0.jar:/home/runner/.m2/repository/org/junit/jupiter/junit-jupiter-engine/5.7.0/junit-jupiter-engine-5.7.0.jar:/home/runner/.m2/repository/org/junit/platform/junit-platform-engine/1.7.0/junit-platform-engine-1.7.0.jar:/home/runner/.m2/repository/org/junit/vintage/junit-vintage-engine/5.7.0/junit-vintage-engine-5.7.0.jar:/home/runner/.m2/repository/org/junit/platform/junit-platform-launcher/1.7.0/junit-platform-launcher-1.7.0.jar:/home/runner/.m2/repository/org/openjdk/jmh/jmh-core/1.19/jmh-core-1.19.jar:/home/runner/.m2/repository/net/sf/jopt-simple/jopt-simple/4.6/jopt-simple-4.6.jar:/home/runner/.m2/repository/org/apache/commons/commons-math3/3.1.1/commons-math3-3.1.1.jar:/home/runner/.m2/repository/org/openjdk/jmh/jmh-generator-annprocess/1.19/jmh-generator-annprocess-1.19.jar:/home/runner/.m2/repository/org/mockito/mockito-core/2.28.2/mockito-core-2.28.2.jar:/home/runner/.m2/repository/net/bytebuddy/byte-buddy/1.9.10/byte-buddy-1.9.10.jar:/home/runner/.m2/repository/net/bytebuddy/byte-buddy-agent/1.9.10/byte-buddy-agent-1.9.10.jar:/home/runner/.m2/repository/org/objenesis/objenesis/1.0/objenesis-1.0.jar:/home/runner/.m2/repository/org/apache/hadoop/hadoop-kms/3.3.1/hadoop-kms-3.3.1.jar:/home/runner/.m2/repository/org/apache/hadoop/hadoop-auth/3.3.1/hadoop-auth-3.3.1.jar:/home/runner/.m2/repository/com/nimbusds/nimbus-jose-jwt/7.9/nimbus-jose-jwt-7.9.jar:/home/runner/.m2/repository/com/github/stephenc/jcip/jcip-annotations/1.0-1/jcip-annotations-1.0-1.jar:/home/runner/.m2/repository/net/minidev/json-smart/2.3/json-smart-2.3.jar:/home/runner/.m2/repository/net/minidev/accessors-smart/1.2/accessors-smart-1.2.jar:/home/runner/.m2/repository/org/ow2/asm/asm/5.0.4/asm-5.0.4.jar:/home/runner/.m2/repository/org/apache/zookeeper/zookeeper/3.5.6/zookeeper-3.5.6.jar:/home/runner/.m2/repository/org/apache/zookeeper/zookeeper-jute/3.5.6/zookeeper-jute-3.5.6.jar:/home/runner/.m2/repository/org/apache/yetus/audience-annotations/0.5.0/audience-annotations-0.5.0.jar:/home/runner/.m2/repository/org/apache/curator/curator-framework/4.2.0/curator-framework-4.2.0.jar:/home/runner/.m2/repository/org/apache/hadoop/thirdparty/hadoop-shaded-guava/1.1.1/hadoop-shaded-guava-1.1.1.jar:/home/runner/.m2/repository/com/sun/jersey/jersey-core/1.19/jersey-core-1.19.jar:/home/runner/.m2/repository/javax/ws/rs/jsr311-api/1.1.1/jsr311-api-1.1.1.jar:/home/runner/.m2/repository/com/sun/jersey/jersey-server/1.19/jersey-server-1.19.jar:/home/runner/.m2/repository/javax/servlet/javax.servlet-api/3.1.0/javax.servlet-api-3.1.0.jar:/home/runner/.m2/repository/org/eclipse/jetty/jetty-server/9.4.43.v20210629/jetty-server-9.4.43.v20210629.jar:/home/runner/.m2/repository/org/eclipse/jetty/jetty-http/9.4.43.v20210629/jetty-http-9.4.43.v20210629.jar:/home/runner/.m2/repository/org/eclipse/jetty/jetty-io/9.4.43.v20210629/jetty-io-9.4.43.v20210629.jar:/home/runner/.m2/repository/org/eclipse/jetty/jetty-webapp/9.4.43.v20210629/jetty-webapp-9.4.43.v20210629.jar:/home/runner/.m2/repository/org/eclipse/jetty/jetty-xml/9.4.43.v20210629/jetty-xml-9.4.43.v20210629.jar:/home/runner/.m2/repository/org/apache/hadoop/hadoop-common/3.3.1/hadoop-common-3.3.1.jar:/home/runner/.m2/repository/commons-net/commons-net/3.6/commons-net-3.6.jar:/home/runner/.m2/repository/jakarta/activation/jakarta.activation-api/1.2.1/jakarta.activation-api-1.2.1.jar:/home/runner/.m2/repository/com/sun/jersey/jersey-servlet/1.19/jersey-servlet-1.19.jar:/home/runner/.m2/repository/com/sun/jersey/jersey-json/1.19/jersey-json-1.19.jar:/home/runner/.m2/repository/org/codehaus/jettison/jettison/1.1/jettison-1.1.jar:/home/runner/.m2/repository/com/sun/xml/bind/jaxb-impl/2.2.3-1/jaxb-impl-2.2.3-1.jar:/home/runner/.m2/repository/org/codehaus/jackson/jackson-jaxrs/1.9.2/jackson-jaxrs-1.9.2.jar:/home/runner/.m2/repository/org/codehaus/jackson/jackson-xc/1.9.2/jackson-xc-1.9.2.jar:/home/runner/.m2/repository/org/apache/commons/commons-configuration2/2.1.1/commons-configuration2-2.1.1.jar:/home/runner/.m2/repository/org/apache/commons/commons-text/1.4/commons-text-1.4.jar:/home/runner/.m2/repository/com/google/re2j/re2j/1.1/re2j-1.1.jar:/home/runner/.m2/repository/com/jcraft/jsch/0.1.54/jsch-0.1.54.jar:/home/runner/.m2/repository/org/apache/curator/curator-client/4.2.0/curator-client-4.2.0.jar:/home/runner/.m2/repository/org/apache/curator/curator-recipes/4.2.0/curator-recipes-4.2.0.jar:/home/runner/.m2/repository/org/apache/kerby/kerb-core/1.0.1/kerb-core-1.0.1.jar:/home/runner/.m2/repository/org/apache/kerby/kerby-pkix/1.0.1/kerby-pkix-1.0.1.jar:/home/runner/.m2/repository/org/apache/kerby/kerby-asn1/1.0.1/kerby-asn1-1.0.1.jar:/home/runner/.m2/repository/org/apache/kerby/kerby-util/1.0.1/kerby-util-1.0.1.jar:/home/runner/.m2/repository/dnsjava/dnsjava/2.1.7/dnsjava-2.1.7.jar:/home/runner/.m2/repository/org/xerial/snappy/snappy-java/1.1.8.2/snappy-java-1.1.8.2.jar:/home/runner/.m2/repository/org/slf4j/jul-to-slf4j/1.7.30/jul-to-slf4j-1.7.30.jar:/home/runner/.m2/repository/org/eclipse/jetty/jetty-util/9.4.43.v20210629/jetty-util-9.4.43.v20210629.jar:/home/runner/.m2/repository/com/fasterxml/jackson/core/jackson-databind/2.12.1/jackson-databind-2.12.1.jar:/home/runner/.m2/repository/org/apache/hadoop/hadoop-kms/3.3.1/hadoop-kms-3.3.1-tests.jar:/home/runner/.m2/repository/org/apache/ozone/hdds-server-scm/1.2.0-SNAPSHOT/hdds-server-scm-1.2.0-SNAPSHOT-tests.jar:/home/runner/.m2/repository/org/apache/ozone/hdds-container-service/1.2.0-SNAPSHOT/hdds-container-service-1.2.0-SNAPSHOT-tests.jar:/home/runner/.m2/repository/commons-codec/commons-codec/1.11/commons-codec-1.11.jar:/home/runner/.m2/repository/io/netty/netty-transport/4.1.63.Final/netty-transport-4.1.63.Final.jar:/home/runner/.m2/repository/io/netty/netty-resolver/4.1.63.Final/netty-resolver-4.1.63.Final.jar:/home/runner/.m2/repository/io/netty/netty-codec/4.1.63.Final/netty-codec-4.1.63.Final.jar:/home/runner/.m2/repository/io/netty/netty-handler/4.1.63.Final/netty-handler-4.1.63.Final.jar:/home/runner/.m2/repository/org/apache/ozone/hdds-hadoop-dependency-test/1.2.0-SNAPSHOT/hdds-hadoop-dependency-test-1.2.0-SNAPSHOT.jar:/home/runner/.m2/repository/org/apache/hadoop/hadoop-common/3.3.1/hadoop-common-3.3.1-tests.jar:/home/runner/.m2/repository/org/assertj/assertj-core/3.12.2/assertj-core-3.12.2.jar:/home/runner/.m2/repository/org/apache/hadoop/hadoop-hdfs/3.3.1/hadoop-hdfs-3.3.1-tests.jar:/home/runner/.m2/repository/org/eclipse/jetty/jetty-util-ajax/9.4.43.v20210629/jetty-util-ajax-9.4.43.v20210629.jar:/home/runner/.m2/repository/commons-daemon/commons-daemon/1.0.13/commons-daemon-1.0.13.jar:/home/runner/.m2/repository/io/netty/netty/3.10.6.Final/netty-3.10.6.Final.jar:/home/runner/.m2/repository/io/netty/netty-all/4.1.63.Final/netty-all-4.1.63.Final.jar:/home/runner/.m2/repository/org/apache/htrace/htrace-core4/4.1.0-incubating/htrace-core4-4.1.0-incubating.jar:/home/runner/.m2/repository/org/fusesource/leveldbjni/leveldbjni-all/1.8/leveldbjni-all-1.8.jar:/home/runner/.m2/repository/org/apache/hadoop/hadoop-distcp/3.3.1/hadoop-distcp-3.3.1.jar:/home/runner/.m2/repository/org/apache/hadoop/hadoop-mapreduce-client-jobclient/3.3.1/hadoop-mapreduce-client-jobclient-3.3.1.jar:/home/runner/.m2/repository/org/apache/hadoop/hadoop-mapreduce-client-common/3.3.1/hadoop-mapreduce-client-common-3.3.1.jar:/home/runner/.m2/repository/org/apache/hadoop/hadoop-yarn-common/3.3.1/hadoop-yarn-common-3.3.1.jar:/home/runner/.m2/repository/org/apache/hadoop/hadoop-yarn-api/3.3.1/hadoop-yarn-api-3.3.1.jar:/home/runner/.m2/repository/com/sun/jersey/jersey-client/1.19/jersey-client-1.19.jar:/home/runner/.m2/repository/com/sun/jersey/contribs/jersey-guice/1.19/jersey-guice-1.19.jar:/home/runner/.m2/repository/com/fasterxml/jackson/jaxrs/jackson-jaxrs-json-provider/2.12.1/jackson-jaxrs-json-provider-2.12.1.jar:/home/runner/.m2/repository/com/fasterxml/jackson/jaxrs/jackson-jaxrs-base/2.12.1/jackson-jaxrs-base-2.12.1.jar:/home/runner/.m2/repository/org/apache/hadoop/hadoop-yarn-client/3.3.1/hadoop-yarn-client-3.3.1.jar:/home/runner/.m2/repository/org/eclipse/jetty/websocket/websocket-client/9.4.40.v20210413/websocket-client-9.4.40.v20210413.jar:/home/runner/.m2/repository/org/eclipse/jetty/jetty-client/9.4.40.v20210413/jetty-client-9.4.40.v20210413.jar:/home/runner/.m2/repository/org/eclipse/jetty/websocket/websocket-common/9.4.40.v20210413/websocket-common-9.4.40.v20210413.jar:/home/runner/.m2/repository/org/eclipse/jetty/websocket/websocket-api/9.4.40.v20210413/websocket-api-9.4.40.v20210413.jar:/home/runner/.m2/repository/org/jline/jline/3.9.0/jline-3.9.0.jar:/home/runner/.m2/repository/org/apache/hadoop/hadoop-mapreduce-client-core/3.3.1/hadoop-mapreduce-client-core-3.3.1.jar:/home/runner/.m2/repository/org/apache/avro/avro/1.7.7/avro-1.7.7.jar:/home/runner/.m2/repository/org/codehaus/jackson/jackson-core-asl/1.9.13/jackson-core-asl-1.9.13.jar:/home/runner/.m2/repository/org/codehaus/jackson/jackson-mapper-asl/1.9.13/jackson-mapper-asl-1.9.13.jar:/home/runner/.m2/repository/com/thoughtworks/paranamer/paranamer/2.3/paranamer-2.3.jar:/home/runner/.m2/repository/org/apache/hadoop/hadoop-annotations/3.3.1/hadoop-annotations-3.3.1.jar:/usr/lib/jvm/adoptopenjdk-8-hotspot-amd64/jre/../lib/tools.jar:/home/runner/.m2/repository/org/apache/hadoop/hadoop-distcp/3.3.1/hadoop-distcp-3.3.1-tests.jar:"/>
    <property name="java.vm.vendor" value="AdoptOpenJDK"/>
    <property name="sun.arch.data.model" value="64"/>
    <property name="test.build.dir" value="/home/runner/work/ozone/ozone/hadoop-ozone/integration-test/target/test-dir"/>
    <property name="test.cache.data" value=""/>
    <property name="java.vendor.url" value="https://adoptopenjdk.net/"/>
    <property name="user.timezone" value=""/>
    <property name="java.vm.specification.version" value="1.8"/>
    <property name="os.name" value="Linux"/>
    <property name="test.build.data" value="/home/runner/work/ozone/ozone/hadoop-ozone/integration-test/target/test-dir"/>
    <property name="sun.java.launcher" value="SUN_STANDARD"/>
    <property name="sun.boot.library.path" value="/usr/lib/jvm/adoptopenjdk-8-hotspot-amd64/jre/lib/amd64"/>
    <property name="sun.java.command" value="/home/runner/work/ozone/ozone/hadoop-ozone/integration-test/target/surefire/surefirebooter2195781696408797933.jar /home/runner/work/ozone/ozone/hadoop-ozone/integration-test/target/surefire 2021-08-14T12-49-31_968-jvmRun1 surefire3518400882208826697tmp surefire_548722491984988183359tmp"/>
    <property name="surefire.test.class.path" value="/home/runner/work/ozone/ozone/hadoop-ozone/integration-test/target/test-classes:/home/runner/work/ozone/ozone/hadoop-ozone/integration-test/target/classes:/home/runner/.m2/repository/org/apache/ozone/ozone-common/1.2.0-SNAPSHOT/ozone-common-1.2.0-SNAPSHOT.jar:/home/runner/.m2/repository/org/apache/commons/commons-compress/1.20/commons-compress-1.20.jar:/home/runner/.m2/repository/org/apache/ozone/hdds-common/1.2.0-SNAPSHOT/hdds-common-1.2.0-SNAPSHOT.jar:/home/runner/.m2/repository/org/apache/ozone/hdds-client/1.2.0-SNAPSHOT/hdds-client-1.2.0-SNAPSHOT.jar:/home/runner/.m2/repository/org/apache/ozone/ozone-interface-client/1.2.0-SNAPSHOT/ozone-interface-client-1.2.0-SNAPSHOT.jar:/home/runner/.m2/repository/org/apache/ozone/hdds-server-framework/1.2.0-SNAPSHOT/hdds-server-framework-1.2.0-SNAPSHOT.jar:/home/runner/.m2/repository/org/apache/ozone/hdds-interface-server/1.2.0-SNAPSHOT/hdds-interface-server-1.2.0-SNAPSHOT.jar:/home/runner/.m2/repository/org/eclipse/jetty/jetty-servlet/9.4.43.v20210629/jetty-servlet-9.4.43.v20210629.jar:/home/runner/.m2/repository/org/eclipse/jetty/jetty-security/9.4.43.v20210629/jetty-security-9.4.43.v20210629.jar:/home/runner/.m2/repository/org/rocksdb/rocksdbjni/6.20.3/rocksdbjni-6.20.3.jar:/home/runner/.m2/repository/io/prometheus/simpleclient_dropwizard/0.7.0/simpleclient_dropwizard-0.7.0.jar:/home/runner/.m2/repository/io/prometheus/simpleclient/0.7.0/simpleclient-0.7.0.jar:/home/runner/.m2/repository/io/prometheus/simpleclient_common/0.7.0/simpleclient_common-0.7.0.jar:/home/runner/.m2/repository/com/fasterxml/jackson/datatype/jackson-datatype-jsr310/2.12.1/jackson-datatype-jsr310-2.12.1.jar:/home/runner/.m2/repository/org/apache/ozone/hdds-test-utils/1.2.0-SNAPSHOT/hdds-test-utils-1.2.0-SNAPSHOT.jar:/home/runner/.m2/repository/com/google/guava/guava/30.1.1-jre/guava-30.1.1-jre.jar:/home/runner/.m2/repository/com/google/guava/failureaccess/1.0.1/failureaccess-1.0.1.jar:/home/runner/.m2/repository/com/google/guava/listenablefuture/9999.0-empty-to-avoid-conflict-with-guava/listenablefuture-9999.0-empty-to-avoid-conflict-with-guava.jar:/home/runner/.m2/repository/com/google/code/findbugs/jsr305/3.0.0/jsr305-3.0.0.jar:/home/runner/.m2/repository/org/checkerframework/checker-qual/3.8.0/checker-qual-3.8.0.jar:/home/runner/.m2/repository/com/google/errorprone/error_prone_annotations/2.2.0/error_prone_annotations-2.2.0.jar:/home/runner/.m2/repository/com/google/j2objc/j2objc-annotations/1.3/j2objc-annotations-1.3.jar:/home/runner/.m2/repository/commons-io/commons-io/2.8.0/commons-io-2.8.0.jar:/home/runner/.m2/repository/commons-logging/commons-logging/1.2/commons-logging-1.2.jar:/home/runner/.m2/repository/log4j/log4j/1.2.17/log4j-1.2.17.jar:/home/runner/.m2/repository/org/slf4j/slf4j-api/1.7.30/slf4j-api-1.7.30.jar:/home/runner/.m2/repository/org/apache/ozone/hdds-server-scm/1.2.0-SNAPSHOT/hdds-server-scm-1.2.0-SNAPSHOT.jar:/home/runner/.m2/repository/org/apache/ozone/hdds-container-service/1.2.0-SNAPSHOT/hdds-container-service-1.2.0-SNAPSHOT.jar:/home/runner/.m2/repository/org/apache/ozone/hdds-hadoop-dependency-server/1.2.0-SNAPSHOT/hdds-hadoop-dependency-server-1.2.0-SNAPSHOT.jar:/home/runner/.m2/repository/org/apache/hadoop/hadoop-hdfs/3.3.1/hadoop-hdfs-3.3.1.jar:/home/runner/.m2/repository/io/dropwizard/metrics/metrics-core/3.2.4/metrics-core-3.2.4.jar:/home/runner/.m2/repository/org/apache/hadoop/hadoop-hdfs-client/3.3.1/hadoop-hdfs-client-3.3.1.jar:/home/runner/.m2/repository/org/bouncycastle/bcprov-jdk15on/1.67/bcprov-jdk15on-1.67.jar:/home/runner/.m2/repository/com/google/protobuf/protobuf-java/2.5.0/protobuf-java-2.5.0.jar:/home/runner/.m2/repository/org/apache/ozone/ozone-manager/1.2.0-SNAPSHOT/ozone-manager-1.2.0-SNAPSHOT.jar:/home/runner/.m2/repository/org/aspectj/aspectjrt/1.8.9/aspectjrt-1.8.9.jar:/home/runner/.m2/repository/org/aspectj/aspectjweaver/1.8.9/aspectjweaver-1.8.9.jar:/home/runner/.m2/repository/org/apache/ozone/hdds-interface-client/1.2.0-SNAPSHOT/hdds-interface-client-1.2.0-SNAPSHOT.jar:/home/runner/.m2/repository/org/apache/hadoop/thirdparty/hadoop-shaded-protobuf_3_7/1.1.1/hadoop-shaded-protobuf_3_7-1.1.1.jar:/home/runner/.m2/repository/org/apache/ratis/ratis-thirdparty-misc/0.7.0/ratis-thirdparty-misc-0.7.0.jar:/home/runner/.m2/repository/org/apache/ozone/ozone-interface-storage/1.2.0-SNAPSHOT/ozone-interface-storage-1.2.0-SNAPSHOT.jar:/home/runner/.m2/repository/org/reflections/reflections/0.9.11/reflections-0.9.11.jar:/home/runner/.m2/repository/org/apache/hadoop/hadoop-minikdc/3.3.1/hadoop-minikdc-3.3.1.jar:/home/runner/.m2/repository/org/apache/kerby/kerb-simplekdc/1.0.1/kerb-simplekdc-1.0.1.jar:/home/runner/.m2/repository/org/apache/kerby/kerb-client/1.0.1/kerb-client-1.0.1.jar:/home/runner/.m2/repository/org/apache/kerby/kerby-config/1.0.1/kerby-config-1.0.1.jar:/home/runner/.m2/repository/org/apache/kerby/kerb-common/1.0.1/kerb-common-1.0.1.jar:/home/runner/.m2/repository/org/apache/kerby/kerb-crypto/1.0.1/kerb-crypto-1.0.1.jar:/home/runner/.m2/repository/org/apache/kerby/kerb-util/1.0.1/kerb-util-1.0.1.jar:/home/runner/.m2/repository/org/apache/kerby/token-provider/1.0.1/token-provider-1.0.1.jar:/home/runner/.m2/repository/org/apache/kerby/kerb-admin/1.0.1/kerb-admin-1.0.1.jar:/home/runner/.m2/repository/org/apache/kerby/kerb-server/1.0.1/kerb-server-1.0.1.jar:/home/runner/.m2/repository/org/apache/kerby/kerb-identity/1.0.1/kerb-identity-1.0.1.jar:/home/runner/.m2/repository/org/apache/kerby/kerby-xdr/1.0.1/kerby-xdr-1.0.1.jar:/home/runner/.m2/repository/org/slf4j/slf4j-log4j12/1.7.30/slf4j-log4j12-1.7.30.jar:/home/runner/.m2/repository/org/apache/ozone/ozone-s3gateway/1.2.0-SNAPSHOT/ozone-s3gateway-1.2.0-SNAPSHOT.jar:/home/runner/.m2/repository/org/javassist/javassist/3.21.0-GA/javassist-3.21.0-GA.jar:/home/runner/.m2/repository/org/jboss/weld/servlet/weld-servlet/2.4.7.Final/weld-servlet-2.4.7.Final.jar:/home/runner/.m2/repository/org/glassfish/jersey/containers/jersey-container-servlet-core/2.33/jersey-container-servlet-core-2.33.jar:/home/runner/.m2/repository/org/glassfish/hk2/external/jakarta.inject/2.6.1/jakarta.inject-2.6.1.jar:/home/runner/.m2/repository/org/glassfish/jersey/core/jersey-common/2.33/jersey-common-2.33.jar:/home/runner/.m2/repository/jakarta/ws/rs/jakarta.ws.rs-api/2.1.6/jakarta.ws.rs-api-2.1.6.jar:/home/runner/.m2/repository/org/glassfish/jersey/ext/cdi/jersey-cdi1x/2.33/jersey-cdi1x-2.33.jar:/home/runner/.m2/repository/org/glassfish/jersey/inject/jersey-hk2/2.33/jersey-hk2-2.33.jar:/home/runner/.m2/repository/org/glassfish/hk2/hk2-locator/2.6.1/hk2-locator-2.6.1.jar:/home/runner/.m2/repository/org/glassfish/jersey/media/jersey-media-jaxb/2.33/jersey-media-jaxb-2.33.jar:/home/runner/.m2/repository/org/glassfish/hk2/osgi-resource-locator/1.0.3/osgi-resource-locator-1.0.3.jar:/home/runner/.m2/repository/org/glassfish/hk2/hk2-api/2.5.0/hk2-api-2.5.0.jar:/home/runner/.m2/repository/org/glassfish/hk2/hk2-utils/2.5.0/hk2-utils-2.5.0.jar:/home/runner/.m2/repository/org/glassfish/hk2/external/aopalliance-repackaged/2.5.0/aopalliance-repackaged-2.5.0.jar:/home/runner/.m2/repository/com/fasterxml/jackson/dataformat/jackson-dataformat-xml/2.12.1/jackson-dataformat-xml-2.12.1.jar:/home/runner/.m2/repository/com/fasterxml/jackson/core/jackson-core/2.12.1/jackson-core-2.12.1.jar:/home/runner/.m2/repository/com/fasterxml/jackson/module/jackson-module-jaxb-annotations/2.12.1/jackson-module-jaxb-annotations-2.12.1.jar:/home/runner/.m2/repository/jakarta/xml/bind/jakarta.xml.bind-api/2.3.2/jakarta.xml.bind-api-2.3.2.jar:/home/runner/.m2/repository/org/codehaus/woodstox/stax2-api/3.1.4/stax2-api-3.1.4.jar:/home/runner/.m2/repository/com/fasterxml/woodstox/woodstox-core/5.0.3/woodstox-core-5.0.3.jar:/home/runner/.m2/repository/javax/enterprise/cdi-api/1.2/cdi-api-1.2.jar:/home/runner/.m2/repository/javax/el/javax.el-api/3.0.0/javax.el-api-3.0.0.jar:/home/runner/.m2/repository/javax/interceptor/javax.interceptor-api/1.2/javax.interceptor-api-1.2.jar:/home/runner/.m2/repository/javax/inject/javax.inject/1/javax.inject-1.jar:/home/runner/.m2/repository/javax/xml/bind/jaxb-api/2.3.0/jaxb-api-2.3.0.jar:/home/runner/.m2/repository/org/glassfish/jaxb/jaxb-runtime/2.3.0.1/jaxb-runtime-2.3.0.1.jar:/home/runner/.m2/repository/org/glassfish/jaxb/jaxb-core/2.3.0.1/jaxb-core-2.3.0.1.jar:/home/runner/.m2/repository/org/glassfish/jaxb/txw2/2.3.0.1/txw2-2.3.0.1.jar:/home/runner/.m2/repository/com/sun/istack/istack-commons-runtime/3.0.5/istack-commons-runtime-3.0.5.jar:/home/runner/.m2/repository/org/jvnet/staxex/stax-ex/1.7.8/stax-ex-1.7.8.jar:/home/runner/.m2/repository/com/sun/xml/fastinfoset/FastInfoset/1.2.13/FastInfoset-1.2.13.jar:/home/runner/.m2/repository/javax/activation/activation/1.1.1/activation-1.1.1.jar:/home/runner/.m2/repository/org/apache/ozone/ozone-csi/1.2.0-SNAPSHOT/ozone-csi-1.2.0-SNAPSHOT.jar:/home/runner/.m2/repository/com/google/protobuf/protobuf-java-util/3.12.0/protobuf-java-util-3.12.0.jar:/home/runner/.m2/repository/com/google/code/gson/gson/2.2.4/gson-2.2.4.jar:/home/runner/.m2/repository/org/apache/ozone/hdds-config/1.2.0-SNAPSHOT/hdds-config-1.2.0-SNAPSHOT.jar:/home/runner/.m2/repository/io/grpc/grpc-netty/1.33.0/grpc-netty-1.33.0.jar:/home/runner/.m2/repository/io/grpc/grpc-core/1.33.0/grpc-core-1.33.0.jar:/home/runner/.m2/repository/com/google/android/annotations/4.1.1.4/annotations-4.1.1.4.jar:/home/runner/.m2/repository/io/netty/netty-codec-http2/4.1.63.Final/netty-codec-http2-4.1.63.Final.jar:/home/runner/.m2/repository/io/netty/netty-codec-http/4.1.63.Final/netty-codec-http-4.1.63.Final.jar:/home/runner/.m2/repository/io/netty/netty-handler-proxy/4.1.63.Final/netty-handler-proxy-4.1.63.Final.jar:/home/runner/.m2/repository/io/netty/netty-codec-socks/4.1.63.Final/netty-codec-socks-4.1.63.Final.jar:/home/runner/.m2/repository/io/perfmark/perfmark-api/0.19.0/perfmark-api-0.19.0.jar:/home/runner/.m2/repository/org/codehaus/mojo/animal-sniffer-annotations/1.18/animal-sniffer-annotations-1.18.jar:/home/runner/.m2/repository/io/netty/netty-transport-native-epoll/4.1.63.Final/netty-transport-native-epoll-4.1.63.Final.jar:/home/runner/.m2/repository/io/netty/netty-common/4.1.63.Final/netty-common-4.1.63.Final.jar:/home/runner/.m2/repository/io/netty/netty-buffer/4.1.63.Final/netty-buffer-4.1.63.Final.jar:/home/runner/.m2/repository/io/netty/netty-transport-native-unix-common/4.1.63.Final/netty-transport-native-unix-common-4.1.63.Final.jar:/home/runner/.m2/repository/io/grpc/grpc-protobuf/1.33.0/grpc-protobuf-1.33.0.jar:/home/runner/.m2/repository/io/grpc/grpc-api/1.33.0/grpc-api-1.33.0.jar:/home/runner/.m2/repository/io/grpc/grpc-context/1.33.0/grpc-context-1.33.0.jar:/home/runner/.m2/repository/com/google/api/grpc/proto-google-common-protos/1.17.0/proto-google-common-protos-1.17.0.jar:/home/runner/.m2/repository/io/grpc/grpc-protobuf-lite/1.33.0/grpc-protobuf-lite-1.33.0.jar:/home/runner/.m2/repository/io/grpc/grpc-stub/1.33.0/grpc-stub-1.33.0.jar:/home/runner/.m2/repository/org/apache/ozone/ozone-recon/1.2.0-SNAPSHOT/ozone-recon-1.2.0-SNAPSHOT.jar:/home/runner/.m2/repository/org/apache/ozone/ozone-reconcodegen/1.2.0-SNAPSHOT/ozone-reconcodegen-1.2.0-SNAPSHOT.jar:/home/runner/.m2/repository/com/google/inject/extensions/guice-multibindings/4.0/guice-multibindings-4.0.jar:/home/runner/.m2/repository/com/google/inject/guice/4.0/guice-4.0.jar:/home/runner/.m2/repository/aopalliance/aopalliance/1.0/aopalliance-1.0.jar:/home/runner/.m2/repository/com/google/inject/extensions/guice-assistedinject/4.0/guice-assistedinject-4.0.jar:/home/runner/.m2/repository/com/google/inject/extensions/guice-servlet/4.0/guice-servlet-4.0.jar:/home/runner/.m2/repository/org/glassfish/jersey/containers/jersey-container-servlet/2.33/jersey-container-servlet-2.33.jar:/home/runner/.m2/repository/org/glassfish/hk2/guice-bridge/2.5.0/guice-bridge-2.5.0.jar:/home/runner/.m2/repository/org/glassfish/jersey/core/jersey-server/2.33/jersey-server-2.33.jar:/home/runner/.m2/repository/org/glassfish/jersey/core/jersey-client/2.33/jersey-client-2.33.jar:/home/runner/.m2/repository/jakarta/annotation/jakarta.annotation-api/1.3.5/jakarta.annotation-api-1.3.5.jar:/home/runner/.m2/repository/jakarta/validation/jakarta.validation-api/2.0.2/jakarta.validation-api-2.0.2.jar:/home/runner/.m2/repository/org/glassfish/jersey/media/jersey-media-json-jackson/2.33/jersey-media-json-jackson-2.33.jar:/home/runner/.m2/repository/org/glassfish/jersey/ext/jersey-entity-filtering/2.33/jersey-entity-filtering-2.33.jar:/home/runner/.m2/repository/org/jooq/jooq/3.11.10/jooq-3.11.10.jar:/home/runner/.m2/repository/org/jooq/jooq-meta/3.11.10/jooq-meta-3.11.10.jar:/home/runner/.m2/repository/org/jooq/jooq-codegen/3.11.10/jooq-codegen-3.11.10.jar:/home/runner/.m2/repository/com/jolbox/bonecp/0.8.0.RELEASE/bonecp-0.8.0.RELEASE.jar:/home/runner/.m2/repository/org/apache/derby/derby/10.14.2.0/derby-10.14.2.0.jar:/home/runner/.m2/repository/org/xerial/sqlite-jdbc/3.25.2/sqlite-jdbc-3.25.2.jar:/home/runner/.m2/repository/org/springframework/spring-jdbc/5.2.11.RELEASE/spring-jdbc-5.2.11.RELEASE.jar:/home/runner/.m2/repository/org/springframework/spring-beans/5.2.11.RELEASE/spring-beans-5.2.11.RELEASE.jar:/home/runner/.m2/repository/org/springframework/spring-core/5.2.11.RELEASE/spring-core-5.2.11.RELEASE.jar:/home/runner/.m2/repository/org/springframework/spring-jcl/5.2.11.RELEASE/spring-jcl-5.2.11.RELEASE.jar:/home/runner/.m2/repository/org/springframework/spring-tx/5.2.11.RELEASE/spring-tx-5.2.11.RELEASE.jar:/home/runner/.m2/repository/org/apache/ozone/ozone-client/1.2.0-SNAPSHOT/ozone-client-1.2.0-SNAPSHOT.jar:/home/runner/.m2/repository/org/apache/ozone/ozone-filesystem/1.2.0-SNAPSHOT/ozone-filesystem-1.2.0-SNAPSHOT.jar:/home/runner/.m2/repository/org/apache/ozone/ozone-filesystem-common/1.2.0-SNAPSHOT/ozone-filesystem-common-1.2.0-SNAPSHOT.jar:/home/runner/.m2/repository/org/apache/ozone/ozone-tools/1.2.0-SNAPSHOT/ozone-tools-1.2.0-SNAPSHOT.jar:/home/runner/.m2/repository/org/apache/ratis/ratis-tools/2.1.0-03f3b68-SNAPSHOT/ratis-tools-2.1.0-03f3b68-SNAPSHOT.jar:/home/runner/.m2/repository/org/apache/ratis/ratis-proto/2.1.0-03f3b68-SNAPSHOT/ratis-proto-2.1.0-03f3b68-SNAPSHOT.jar:/home/runner/.m2/repository/org/apache/ratis/ratis-common/2.1.0-03f3b68-SNAPSHOT/ratis-common-2.1.0-03f3b68-SNAPSHOT.jar:/home/runner/.m2/repository/com/amazonaws/aws-java-sdk-core/1.11.901/aws-java-sdk-core-1.11.901.jar:/home/runner/.m2/repository/org/apache/httpcomponents/httpclient/4.5.13/httpclient-4.5.13.jar:/home/runner/.m2/repository/org/apache/httpcomponents/httpcore/4.4.13/httpcore-4.4.13.jar:/home/runner/.m2/repository/software/amazon/ion/ion-java/1.0.2/ion-java-1.0.2.jar:/home/runner/.m2/repository/com/fasterxml/jackson/dataformat/jackson-dataformat-cbor/2.12.1/jackson-dataformat-cbor-2.12.1.jar:/home/runner/.m2/repository/joda-time/joda-time/2.8.1/joda-time-2.8.1.jar:/home/runner/.m2/repository/com/amazonaws/aws-java-sdk-s3/1.11.901/aws-java-sdk-s3-1.11.901.jar:/home/runner/.m2/repository/com/amazonaws/aws-java-sdk-kms/1.11.901/aws-java-sdk-kms-1.11.901.jar:/home/runner/.m2/repository/com/amazonaws/jmespath-java/1.11.901/jmespath-java-1.11.901.jar:/home/runner/.m2/repository/org/kohsuke/metainf-services/metainf-services/1.8/metainf-services-1.8.jar:/home/runner/.m2/repository/org/apache/ozone/hdds-tools/1.2.0-SNAPSHOT/hdds-tools-1.2.0-SNAPSHOT.jar:/home/runner/.m2/repository/commons-cli/commons-cli/1.2/commons-cli-1.2.jar:/home/runner/.m2/repository/org/apache/commons/commons-lang3/3.7/commons-lang3-3.7.jar:/home/runner/.m2/repository/org/apache/ozone/ozone-manager/1.2.0-SNAPSHOT/ozone-manager-1.2.0-SNAPSHOT-tests.jar:/home/runner/.m2/repository/org/apache/ozone/hdds-common/1.2.0-SNAPSHOT/hdds-common-1.2.0-SNAPSHOT-tests.jar:/home/runner/.m2/repository/org/apache/ozone/hdds-hadoop-dependency-client/1.2.0-SNAPSHOT/hdds-hadoop-dependency-client-1.2.0-SNAPSHOT.jar:/home/runner/.m2/repository/info/picocli/picocli/4.4.0/picocli-4.4.0.jar:/home/runner/.m2/repository/com/fasterxml/jackson/core/jackson-annotations/2.12.1/jackson-annotations-2.12.1.jar:/home/runner/.m2/repository/javax/annotation/javax.annotation-api/1.2/javax.annotation-api-1.2.jar:/home/runner/.m2/repository/org/apache/ratis/ratis-server/2.1.0-03f3b68-SNAPSHOT/ratis-server-2.1.0-03f3b68-SNAPSHOT.jar:/home/runner/.m2/repository/org/apache/ratis/ratis-client/2.1.0-03f3b68-SNAPSHOT/ratis-client-2.1.0-03f3b68-SNAPSHOT.jar:/home/runner/.m2/repository/org/apache/ratis/ratis-server-api/2.1.0-03f3b68-SNAPSHOT/ratis-server-api-2.1.0-03f3b68-SNAPSHOT.jar:/home/runner/.m2/repository/org/apache/ratis/ratis-metrics/2.1.0-03f3b68-SNAPSHOT/ratis-metrics-2.1.0-03f3b68-SNAPSHOT.jar:/home/runner/.m2/repository/org/apache/ratis/ratis-netty/2.1.0-03f3b68-SNAPSHOT/ratis-netty-2.1.0-03f3b68-SNAPSHOT.jar:/home/runner/.m2/repository/org/apache/ratis/ratis-grpc/2.1.0-03f3b68-SNAPSHOT/ratis-grpc-2.1.0-03f3b68-SNAPSHOT.jar:/home/runner/.m2/repository/org/apache/logging/log4j/log4j-api/2.13.3/log4j-api-2.13.3.jar:/home/runner/.m2/repository/org/apache/logging/log4j/log4j-core/2.13.3/log4j-core-2.13.3.jar:/home/runner/.m2/repository/com/lmax/disruptor/3.4.2/disruptor-3.4.2.jar:/home/runner/.m2/repository/org/apache/commons/commons-pool2/2.6.0/commons-pool2-2.6.0.jar:/home/runner/.m2/repository/org/bouncycastle/bcpkix-jdk15on/1.67/bcpkix-jdk15on-1.67.jar:/home/runner/.m2/repository/commons-validator/commons-validator/1.6/commons-validator-1.6.jar:/home/runner/.m2/repository/commons-beanutils/commons-beanutils/1.9.4/commons-beanutils-1.9.4.jar:/home/runner/.m2/repository/commons-digester/commons-digester/1.8.1/commons-digester-1.8.1.jar:/home/runner/.m2/repository/commons-collections/commons-collections/3.2.2/commons-collections-3.2.2.jar:/home/runner/.m2/repository/io/jaegertracing/jaeger-client/1.6.0/jaeger-client-1.6.0.jar:/home/runner/.m2/repository/io/jaegertracing/jaeger-thrift/1.6.0/jaeger-thrift-1.6.0.jar:/home/runner/.m2/repository/org/apache/thrift/libthrift/0.14.1/libthrift-0.14.1.jar:/home/runner/.m2/repository/com/squareup/okhttp3/okhttp/4.9.0/okhttp-4.9.0.jar:/home/runner/.m2/repository/com/squareup/okio/okio/2.8.0/okio-2.8.0.jar:/home/runner/.m2/repository/io/jaegertracing/jaeger-core/1.6.0/jaeger-core-1.6.0.jar:/home/runner/.m2/repository/io/jaegertracing/jaeger-tracerresolver/1.6.0/jaeger-tracerresolver-1.6.0.jar:/home/runner/.m2/repository/io/opentracing/contrib/opentracing-tracerresolver/0.1.8/opentracing-tracerresolver-0.1.8.jar:/home/runner/.m2/repository/org/jetbrains/kotlin/kotlin-stdlib/1.4.31/kotlin-stdlib-1.4.31.jar:/home/runner/.m2/repository/org/jetbrains/kotlin/kotlin-stdlib-common/1.4.31/kotlin-stdlib-common-1.4.31.jar:/home/runner/.m2/repository/org/jetbrains/annotations/13.0/annotations-13.0.jar:/home/runner/.m2/repository/io/opentracing/opentracing-util/0.33.0/opentracing-util-0.33.0.jar:/home/runner/.m2/repository/io/opentracing/opentracing-api/0.33.0/opentracing-api-0.33.0.jar:/home/runner/.m2/repository/io/opentracing/opentracing-noop/0.33.0/opentracing-noop-0.33.0.jar:/home/runner/.m2/repository/org/yaml/snakeyaml/1.26/snakeyaml-1.26.jar:/home/runner/.m2/repository/org/apache/ozone/hdds-interface-admin/1.2.0-SNAPSHOT/hdds-interface-admin-1.2.0-SNAPSHOT.jar:/home/runner/.m2/repository/junit/junit/4.13.1/junit-4.13.1.jar:/home/runner/.m2/repository/org/hamcrest/hamcrest-core/1.3/hamcrest-core-1.3.jar:/home/runner/.m2/repository/org/junit/jupiter/junit-jupiter-api/5.7.0/junit-jupiter-api-5.7.0.jar:/home/runner/.m2/repository/org/apiguardian/apiguardian-api/1.1.0/apiguardian-api-1.1.0.jar:/home/runner/.m2/repository/org/opentest4j/opentest4j/1.2.0/opentest4j-1.2.0.jar:/home/runner/.m2/repository/org/junit/platform/junit-platform-commons/1.7.0/junit-platform-commons-1.7.0.jar:/home/runner/.m2/repository/org/junit/jupiter/junit-jupiter-engine/5.7.0/junit-jupiter-engine-5.7.0.jar:/home/runner/.m2/repository/org/junit/platform/junit-platform-engine/1.7.0/junit-platform-engine-1.7.0.jar:/home/runner/.m2/repository/org/junit/vintage/junit-vintage-engine/5.7.0/junit-vintage-engine-5.7.0.jar:/home/runner/.m2/repository/org/junit/platform/junit-platform-launcher/1.7.0/junit-platform-launcher-1.7.0.jar:/home/runner/.m2/repository/org/openjdk/jmh/jmh-core/1.19/jmh-core-1.19.jar:/home/runner/.m2/repository/net/sf/jopt-simple/jopt-simple/4.6/jopt-simple-4.6.jar:/home/runner/.m2/repository/org/apache/commons/commons-math3/3.1.1/commons-math3-3.1.1.jar:/home/runner/.m2/repository/org/openjdk/jmh/jmh-generator-annprocess/1.19/jmh-generator-annprocess-1.19.jar:/home/runner/.m2/repository/org/mockito/mockito-core/2.28.2/mockito-core-2.28.2.jar:/home/runner/.m2/repository/net/bytebuddy/byte-buddy/1.9.10/byte-buddy-1.9.10.jar:/home/runner/.m2/repository/net/bytebuddy/byte-buddy-agent/1.9.10/byte-buddy-agent-1.9.10.jar:/home/runner/.m2/repository/org/objenesis/objenesis/1.0/objenesis-1.0.jar:/home/runner/.m2/repository/org/apache/hadoop/hadoop-kms/3.3.1/hadoop-kms-3.3.1.jar:/home/runner/.m2/repository/org/apache/hadoop/hadoop-auth/3.3.1/hadoop-auth-3.3.1.jar:/home/runner/.m2/repository/com/nimbusds/nimbus-jose-jwt/7.9/nimbus-jose-jwt-7.9.jar:/home/runner/.m2/repository/com/github/stephenc/jcip/jcip-annotations/1.0-1/jcip-annotations-1.0-1.jar:/home/runner/.m2/repository/net/minidev/json-smart/2.3/json-smart-2.3.jar:/home/runner/.m2/repository/net/minidev/accessors-smart/1.2/accessors-smart-1.2.jar:/home/runner/.m2/repository/org/ow2/asm/asm/5.0.4/asm-5.0.4.jar:/home/runner/.m2/repository/org/apache/zookeeper/zookeeper/3.5.6/zookeeper-3.5.6.jar:/home/runner/.m2/repository/org/apache/zookeeper/zookeeper-jute/3.5.6/zookeeper-jute-3.5.6.jar:/home/runner/.m2/repository/org/apache/yetus/audience-annotations/0.5.0/audience-annotations-0.5.0.jar:/home/runner/.m2/repository/org/apache/curator/curator-framework/4.2.0/curator-framework-4.2.0.jar:/home/runner/.m2/repository/org/apache/hadoop/thirdparty/hadoop-shaded-guava/1.1.1/hadoop-shaded-guava-1.1.1.jar:/home/runner/.m2/repository/com/sun/jersey/jersey-core/1.19/jersey-core-1.19.jar:/home/runner/.m2/repository/javax/ws/rs/jsr311-api/1.1.1/jsr311-api-1.1.1.jar:/home/runner/.m2/repository/com/sun/jersey/jersey-server/1.19/jersey-server-1.19.jar:/home/runner/.m2/repository/javax/servlet/javax.servlet-api/3.1.0/javax.servlet-api-3.1.0.jar:/home/runner/.m2/repository/org/eclipse/jetty/jetty-server/9.4.43.v20210629/jetty-server-9.4.43.v20210629.jar:/home/runner/.m2/repository/org/eclipse/jetty/jetty-http/9.4.43.v20210629/jetty-http-9.4.43.v20210629.jar:/home/runner/.m2/repository/org/eclipse/jetty/jetty-io/9.4.43.v20210629/jetty-io-9.4.43.v20210629.jar:/home/runner/.m2/repository/org/eclipse/jetty/jetty-webapp/9.4.43.v20210629/jetty-webapp-9.4.43.v20210629.jar:/home/runner/.m2/repository/org/eclipse/jetty/jetty-xml/9.4.43.v20210629/jetty-xml-9.4.43.v20210629.jar:/home/runner/.m2/repository/org/apache/hadoop/hadoop-common/3.3.1/hadoop-common-3.3.1.jar:/home/runner/.m2/repository/commons-net/commons-net/3.6/commons-net-3.6.jar:/home/runner/.m2/repository/jakarta/activation/jakarta.activation-api/1.2.1/jakarta.activation-api-1.2.1.jar:/home/runner/.m2/repository/com/sun/jersey/jersey-servlet/1.19/jersey-servlet-1.19.jar:/home/runner/.m2/repository/com/sun/jersey/jersey-json/1.19/jersey-json-1.19.jar:/home/runner/.m2/repository/org/codehaus/jettison/jettison/1.1/jettison-1.1.jar:/home/runner/.m2/repository/com/sun/xml/bind/jaxb-impl/2.2.3-1/jaxb-impl-2.2.3-1.jar:/home/runner/.m2/repository/org/codehaus/jackson/jackson-jaxrs/1.9.2/jackson-jaxrs-1.9.2.jar:/home/runner/.m2/repository/org/codehaus/jackson/jackson-xc/1.9.2/jackson-xc-1.9.2.jar:/home/runner/.m2/repository/org/apache/commons/commons-configuration2/2.1.1/commons-configuration2-2.1.1.jar:/home/runner/.m2/repository/org/apache/commons/commons-text/1.4/commons-text-1.4.jar:/home/runner/.m2/repository/com/google/re2j/re2j/1.1/re2j-1.1.jar:/home/runner/.m2/repository/com/jcraft/jsch/0.1.54/jsch-0.1.54.jar:/home/runner/.m2/repository/org/apache/curator/curator-client/4.2.0/curator-client-4.2.0.jar:/home/runner/.m2/repository/org/apache/curator/curator-recipes/4.2.0/curator-recipes-4.2.0.jar:/home/runner/.m2/repository/org/apache/kerby/kerb-core/1.0.1/kerb-core-1.0.1.jar:/home/runner/.m2/repository/org/apache/kerby/kerby-pkix/1.0.1/kerby-pkix-1.0.1.jar:/home/runner/.m2/repository/org/apache/kerby/kerby-asn1/1.0.1/kerby-asn1-1.0.1.jar:/home/runner/.m2/repository/org/apache/kerby/kerby-util/1.0.1/kerby-util-1.0.1.jar:/home/runner/.m2/repository/dnsjava/dnsjava/2.1.7/dnsjava-2.1.7.jar:/home/runner/.m2/repository/org/xerial/snappy/snappy-java/1.1.8.2/snappy-java-1.1.8.2.jar:/home/runner/.m2/repository/org/slf4j/jul-to-slf4j/1.7.30/jul-to-slf4j-1.7.30.jar:/home/runner/.m2/repository/org/eclipse/jetty/jetty-util/9.4.43.v20210629/jetty-util-9.4.43.v20210629.jar:/home/runner/.m2/repository/com/fasterxml/jackson/core/jackson-databind/2.12.1/jackson-databind-2.12.1.jar:/home/runner/.m2/repository/org/apache/hadoop/hadoop-kms/3.3.1/hadoop-kms-3.3.1-tests.jar:/home/runner/.m2/repository/org/apache/ozone/hdds-server-scm/1.2.0-SNAPSHOT/hdds-server-scm-1.2.0-SNAPSHOT-tests.jar:/home/runner/.m2/repository/org/apache/ozone/hdds-container-service/1.2.0-SNAPSHOT/hdds-container-service-1.2.0-SNAPSHOT-tests.jar:/home/runner/.m2/repository/commons-codec/commons-codec/1.11/commons-codec-1.11.jar:/home/runner/.m2/repository/io/netty/netty-transport/4.1.63.Final/netty-transport-4.1.63.Final.jar:/home/runner/.m2/repository/io/netty/netty-resolver/4.1.63.Final/netty-resolver-4.1.63.Final.jar:/home/runner/.m2/repository/io/netty/netty-codec/4.1.63.Final/netty-codec-4.1.63.Final.jar:/home/runner/.m2/repository/io/netty/netty-handler/4.1.63.Final/netty-handler-4.1.63.Final.jar:/home/runner/.m2/repository/org/apache/ozone/hdds-hadoop-dependency-test/1.2.0-SNAPSHOT/hdds-hadoop-dependency-test-1.2.0-SNAPSHOT.jar:/home/runner/.m2/repository/org/apache/hadoop/hadoop-common/3.3.1/hadoop-common-3.3.1-tests.jar:/home/runner/.m2/repository/org/assertj/assertj-core/3.12.2/assertj-core-3.12.2.jar:/home/runner/.m2/repository/org/apache/hadoop/hadoop-hdfs/3.3.1/hadoop-hdfs-3.3.1-tests.jar:/home/runner/.m2/repository/org/eclipse/jetty/jetty-util-ajax/9.4.43.v20210629/jetty-util-ajax-9.4.43.v20210629.jar:/home/runner/.m2/repository/commons-daemon/commons-daemon/1.0.13/commons-daemon-1.0.13.jar:/home/runner/.m2/repository/io/netty/netty/3.10.6.Final/netty-3.10.6.Final.jar:/home/runner/.m2/repository/io/netty/netty-all/4.1.63.Final/netty-all-4.1.63.Final.jar:/home/runner/.m2/repository/org/apache/htrace/htrace-core4/4.1.0-incubating/htrace-core4-4.1.0-incubating.jar:/home/runner/.m2/repository/org/fusesource/leveldbjni/leveldbjni-all/1.8/leveldbjni-all-1.8.jar:/home/runner/.m2/repository/org/apache/hadoop/hadoop-distcp/3.3.1/hadoop-distcp-3.3.1.jar:/home/runner/.m2/repository/org/apache/hadoop/hadoop-mapreduce-client-jobclient/3.3.1/hadoop-mapreduce-client-jobclient-3.3.1.jar:/home/runner/.m2/repository/org/apache/hadoop/hadoop-mapreduce-client-common/3.3.1/hadoop-mapreduce-client-common-3.3.1.jar:/home/runner/.m2/repository/org/apache/hadoop/hadoop-yarn-common/3.3.1/hadoop-yarn-common-3.3.1.jar:/home/runner/.m2/repository/org/apache/hadoop/hadoop-yarn-api/3.3.1/hadoop-yarn-api-3.3.1.jar:/home/runner/.m2/repository/com/sun/jersey/jersey-client/1.19/jersey-client-1.19.jar:/home/runner/.m2/repository/com/sun/jersey/contribs/jersey-guice/1.19/jersey-guice-1.19.jar:/home/runner/.m2/repository/com/fasterxml/jackson/jaxrs/jackson-jaxrs-json-provider/2.12.1/jackson-jaxrs-json-provider-2.12.1.jar:/home/runner/.m2/repository/com/fasterxml/jackson/jaxrs/jackson-jaxrs-base/2.12.1/jackson-jaxrs-base-2.12.1.jar:/home/runner/.m2/repository/org/apache/hadoop/hadoop-yarn-client/3.3.1/hadoop-yarn-client-3.3.1.jar:/home/runner/.m2/repository/org/eclipse/jetty/websocket/websocket-client/9.4.40.v20210413/websocket-client-9.4.40.v20210413.jar:/home/runner/.m2/repository/org/eclipse/jetty/jetty-client/9.4.40.v20210413/jetty-client-9.4.40.v20210413.jar:/home/runner/.m2/repository/org/eclipse/jetty/websocket/websocket-common/9.4.40.v20210413/websocket-common-9.4.40.v20210413.jar:/home/runner/.m2/repository/org/eclipse/jetty/websocket/websocket-api/9.4.40.v20210413/websocket-api-9.4.40.v20210413.jar:/home/runner/.m2/repository/org/jline/jline/3.9.0/jline-3.9.0.jar:/home/runner/.m2/repository/org/apache/hadoop/hadoop-mapreduce-client-core/3.3.1/hadoop-mapreduce-client-core-3.3.1.jar:/home/runner/.m2/repository/org/apache/avro/avro/1.7.7/avro-1.7.7.jar:/home/runner/.m2/repository/org/codehaus/jackson/jackson-core-asl/1.9.13/jackson-core-asl-1.9.13.jar:/home/runner/.m2/repository/org/codehaus/jackson/jackson-mapper-asl/1.9.13/jackson-mapper-asl-1.9.13.jar:/home/runner/.m2/repository/com/thoughtworks/paranamer/paranamer/2.3/paranamer-2.3.jar:/home/runner/.m2/repository/org/apache/hadoop/hadoop-annotations/3.3.1/hadoop-annotations-3.3.1.jar:/usr/lib/jvm/adoptopenjdk-8-hotspot-amd64/jre/../lib/tools.jar:/home/runner/.m2/repository/org/apache/hadoop/hadoop-distcp/3.3.1/hadoop-distcp-3.3.1-tests.jar:"/>
    <property name="sun.cpu.endian" value="little"/>
    <property name="user.home" value="/home/runner"/>
    <property name="user.language" value="en"/>
    <property name="java.specification.vendor" value="Oracle Corporation"/>
    <property name="java.home" value="/usr/lib/jvm/adoptopenjdk-8-hotspot-amd64/jre"/>
    <property name="java.security.krb5.conf" value="/home/runner/work/ozone/ozone/hadoop-ozone/integration-test/target/test-classes/krb5.conf"/>
    <property name="basedir" value="/home/runner/work/ozone/ozone/hadoop-ozone/integration-test"/>
    <property name="file.separator" value="/"/>
    <property name="line.separator" value="&#10;"/>
    <property name="java.vm.specification.vendor" value="Oracle Corporation"/>
    <property name="java.specification.name" value="Java Platform API Specification"/>
    <property name="java.awt.graphicsenv" value="sun.awt.X11GraphicsEnvironment"/>
    <property name="skip.installnpx" value="true"/>
    <property name="surefire.real.class.path" value="/home/runner/work/ozone/ozone/hadoop-ozone/integration-test/target/surefire/surefirebooter2195781696408797933.jar:/home/runner/.m2/repository/org/jacoco/org.jacoco.agent/0.8.5/org.jacoco.agent-0.8.5-runtime.jar"/>
    <property name="hadoop.log.dir" value="/home/runner/work/ozone/ozone/hadoop-ozone/integration-test/target/log"/>
    <property name="sun.boot.class.path" value="/usr/lib/jvm/adoptopenjdk-8-hotspot-amd64/jre/lib/resources.jar:/usr/lib/jvm/adoptopenjdk-8-hotspot-amd64/jre/lib/rt.jar:/usr/lib/jvm/adoptopenjdk-8-hotspot-amd64/jre/lib/sunrsasign.jar:/usr/lib/jvm/adoptopenjdk-8-hotspot-amd64/jre/lib/jsse.jar:/usr/lib/jvm/adoptopenjdk-8-hotspot-amd64/jre/lib/jce.jar:/usr/lib/jvm/adoptopenjdk-8-hotspot-amd64/jre/lib/charsets.jar:/usr/lib/jvm/adoptopenjdk-8-hotspot-amd64/jre/lib/jfr.jar:/usr/lib/jvm/adoptopenjdk-8-hotspot-amd64/jre/classes"/>
    <property name="sun.management.compiler" value="HotSpot 64-Bit Tiered Compilers"/>
    <property name="skip.npx" value="true"/>
    <property name="java.runtime.version" value="1.8.0_292-b10"/>
    <property name="java.net.preferIPv4Stack" value="true"/>
    <property name="user.name" value="runner"/>
    <property name="path.separator" value=":"/>
    <property name="java.security.egd" value="file:///dev/urandom"/>
    <property name="os.version" value="5.4.0-1055-azure"/>
    <property name="java.endorsed.dirs" value="/usr/lib/jvm/adoptopenjdk-8-hotspot-amd64/jre/lib/endorsed"/>
    <property name="java.runtime.name" value="OpenJDK Runtime Environment"/>
    <property name="file.encoding" value="UTF-8"/>
    <property name="java.vm.name" value="OpenJDK 64-Bit Server VM"/>
    <property name="test.build.webapps" value=""/>
    <property name="localRepository" value="/home/runner/.m2/repository"/>
    <property name="java.vendor.url.bug" value="https://github.com/AdoptOpenJDK/openjdk-support/issues"/>
    <property name="java.io.tmpdir" value="/tmp"/>
    <property name="require.test.libhadoop" value=""/>
    <property name="java.version" value="1.8.0_292"/>
    <property name="user.dir" value="/home/runner/work/ozone/ozone/hadoop-ozone/integration-test"/>
    <property name="os.arch" value="amd64"/>
    <property name="java.vm.specification.name" value="Java Virtual Machine Specification"/>
    <property name="test.build.classes" value="/home/runner/work/ozone/ozone/hadoop-ozone/integration-test/target/test-classes"/>
    <property name="java.awt.printerjob" value="sun.print.PSPrinterJob"/>
    <property name="sun.os.patch.level" value="unknown"/>
    <property name="hadoop.tmp.dir" value="/home/runner/work/ozone/ozone/hadoop-ozone/integration-test/target/tmp"/>
    <property name="java.library.path" value="/usr/java/packages/lib/amd64:/usr/lib64:/lib64:/lib:/usr/lib"/>
    <property name="java.vm.info" value="mixed mode"/>
    <property name="java.vendor" value="AdoptOpenJDK"/>
    <property name="java.vm.version" value="25.292-b10"/>
    <property name="java.ext.dirs" value="/usr/lib/jvm/adoptopenjdk-8-hotspot-amd64/jre/lib/ext:/usr/java/packages/lib/ext"/>
    <property name="sun.io.unicode.encoding" value="UnicodeLittle"/>
    <property name="java.class.version" value="52.0"/>
  </properties>
  <testcase name="testBlockDeleteCommandParallelProcess" classname="org.apache.hadoop.ozone.container.common.statemachine.commandhandler.TestBlockDeletion" time="46.186"/>
  <testcase name="testContainerStatisticsAfterDelete" classname="org.apache.hadoop.ozone.container.common.statemachine.commandhandler.TestBlockDeletion" time="68.191"/>
  <testcase name="testBlockDeletion" classname="org.apache.hadoop.ozone.container.common.statemachine.commandhandler.TestBlockDeletion" time="141.897">
    <error message="Timed out waiting for condition. Thread diagnostics:&#10;Timestamp: 2021-08-14 02:05:55,719&#10;&#10;&quot;IPC Server handler 0 on default port 32893&quot; daemon prio=5 tid=4612 timed_waiting&#10;java.lang.Thread.State: TIMED_WAITING&#10;        at sun.misc.Unsafe.park(Native Method)&#10;        at java.util.concurrent.locks.LockSupport.parkNanos(LockSupport.java:215)&#10;        at java.util.concurrent.locks.AbstractQueuedSynchronizer$ConditionObject.awaitNanos(AbstractQueuedSynchronizer.java:2078)&#10;        at java.util.concurrent.LinkedBlockingQueue.poll(LinkedBlockingQueue.java:467)&#10;        at org.apache.hadoop.ipc.CallQueueManager.take(CallQueueManager.java:317)&#10;        at org.apache.hadoop.ipc.Server$Handler.run(Server.java:2932)&#10;&quot;Socket Reader #1 for port 0&quot;  prio=5 tid=4566 runnable&#10;java.lang.Thread.State: RUNNABLE&#10;        at sun.nio.ch.EPollArrayWrapper.epollWait(Native Method)&#10;        at sun.nio.ch.EPollArrayWrapper.poll(EPollArrayWrapper.java:269)&#10;        at sun.nio.ch.EPollSelectorImpl.doSelect(EPollSelectorImpl.java:93)&#10;        at sun.nio.ch.SelectorImpl.lockAndDoSelect(SelectorImpl.java:86)&#10;        at sun.nio.ch.SelectorImpl.select(SelectorImpl.java:97)&#10;        at sun.nio.ch.SelectorImpl.select(SelectorImpl.java:101)&#10;        at org.apache.hadoop.ipc.Server$Listener$Reader.doRunLoop(Server.java:1288)&#10;        at org.apache.hadoop.ipc.Server$Listener$Reader.run(Server.java:1267)&#10;&quot;IPC Server handler 15 on default port 43321&quot; daemon prio=5 tid=4607 timed_waiting&#10;java.lang.Thread.State: TIMED_WAITING&#10;        at sun.misc.Unsafe.park(Native Method)&#10;        at java.util.concurrent.locks.LockSupport.parkNanos(LockSupport.java:215)&#10;        at java.util.concurrent.locks.AbstractQueuedSynchronizer$ConditionObject.awaitNanos(AbstractQueuedSynchronizer.java:2078)&#10;        at java.util.concurrent.LinkedBlockingQueue.poll(LinkedBlockingQueue.java:467)&#10;        at org.apache.hadoop.ipc.CallQueueManager.take(CallQueueManager.java:317)&#10;        at org.apache.hadoop.ipc.Server$Handler.run(Server.java:2932)&#10;&quot;EndpointStateMachine task thread for /0.0.0.0:40517 - 0 &quot;  prio=5 tid=234 in Object.wait()&#10;java.lang.Thread.State: WAITING (on object monitor)&#10;        at sun.misc.Unsafe.park(Native Method)&#10;        at java.util.concurrent.locks.LockSupport.park(LockSupport.java:175)&#10;        at java.util.concurrent.locks.AbstractQueuedSynchronizer$ConditionObject.await(AbstractQueuedSynchronizer.java:2039)&#10;        at java.util.concurrent.LinkedBlockingQueue.take(LinkedBlockingQueue.java:442)&#10;        at java.util.concurrent.ThreadPoolExecutor.getTask(ThreadPoolExecutor.java:1074)&#10;        at java.util.concurrent.ThreadPoolExecutor.runWorker(ThreadPoolExecutor.java:1134)&#10;        at java.util.concurrent.ThreadPoolExecutor$Worker.run(ThreadPoolExecutor.java:624)&#10;        at java.lang.Thread.run(Thread.java:748)&#10;&quot;pool-465-thread-6&quot;  prio=5 tid=4940 in Object.wait()&#10;java.lang.Thread.State: WAITING (on object monitor)&#10;        at sun.misc.Unsafe.park(Native Method)&#10;        at java.util.concurrent.locks.LockSupport.park(LockSupport.java:175)&#10;        at java.util.concurrent.locks.AbstractQueuedSynchronizer$ConditionObject.await(AbstractQueuedSynchronizer.java:2039)&#10;        at java.util.concurrent.LinkedBlockingQueue.take(LinkedBlockingQueue.java:442)&#10;        at java.util.concurrent.ThreadPoolExecutor.getTask(ThreadPoolExecutor.java:1074)&#10;        at java.util.concurrent.ThreadPoolExecutor.runWorker(ThreadPoolExecutor.java:1134)&#10;        at java.util.concurrent.ThreadPoolExecutor$Worker.run(ThreadPoolExecutor.java:624)&#10;        at java.lang.Thread.run(Thread.java:748)&#10;&quot;qtp1299272458-4705&quot; daemon prio=5 tid=4705 timed_waiting&#10;java.lang.Thread.State: TIMED_WAITING&#10;        at sun.misc.Unsafe.park(Native Method)&#10;        at java.util.concurrent.locks.LockSupport.parkNanos(LockSupport.java:215)&#10;        at java.util.concurrent.locks.AbstractQueuedSynchronizer$ConditionObject.awaitNanos(AbstractQueuedSynchronizer.java:2078)&#10;        at org.eclipse.jetty.util.BlockingArrayQueue.poll(BlockingArrayQueue.java:382)&#10;        at org.eclipse.jetty.util.thread.QueuedThreadPool$Runner.idleJobPoll(QueuedThreadPool.java:974)&#10;        at org.eclipse.jetty.util.thread.QueuedThreadPool$Runner.run(QueuedThreadPool.java:1018)&#10;        at java.lang.Thread.run(Thread.java:748)&#10;&quot;IPC Server listener on 0&quot; daemon prio=5 tid=4561 runnable&#10;java.lang.Thread.State: RUNNABLE&#10;        at sun.nio.ch.EPollArrayWrapper.epollWait(Native Method)&#10;        at sun.nio.ch.EPollArrayWrapper.poll(EPollArrayWrapper.java:269)&#10;        at sun.nio.ch.EPollSelectorImpl.doSelect(EPollSelectorImpl.java:93)&#10;        at sun.nio.ch.SelectorImpl.lockAndDoSelect(SelectorImpl.java:86)&#10;        at sun.nio.ch.SelectorImpl.select(SelectorImpl.java:97)&#10;        at sun.nio.ch.SelectorImpl.select(SelectorImpl.java:101)&#10;        at org.apache.hadoop.ipc.Server$Listener.run(Server.java:1350)&#10;&quot;IPC Server handler 16 on default port 32893&quot; daemon prio=5 tid=4628 timed_waiting&#10;java.lang.Thread.State: TIMED_WAITING&#10;        at sun.misc.Unsafe.park(Native Method)&#10;        at java.util.concurrent.locks.LockSupport.parkNanos(LockSupport.java:215)&#10;        at java.util.concurrent.locks.AbstractQueuedSynchronizer$ConditionObject.awaitNanos(AbstractQueuedSynchronizer.java:2078)&#10;        at java.util.concurrent.LinkedBlockingQueue.poll(LinkedBlockingQueue.java:467)&#10;        at org.apache.hadoop.ipc.CallQueueManager.take(CallQueueManager.java:317)&#10;        at org.apache.hadoop.ipc.Server$Handler.run(Server.java:2932)&#10;&quot;grpc-default-worker-ELG-3-1&quot; daemon prio=5 tid=305 runnable&#10;java.lang.Thread.State: RUNNABLE&#10;        at org.apache.ratis.thirdparty.io.netty.channel.epoll.Native.epollWait(Native Method)&#10;        at org.apache.ratis.thirdparty.io.netty.channel.epoll.Native.epollWait(Native.java:177)&#10;        at org.apache.ratis.thirdparty.io.netty.channel.epoll.Native.epollWait(Native.java:170)&#10;        at org.apache.ratis.thirdparty.io.netty.channel.epoll.EpollEventLoop.epollWaitNoTimerChange(EpollEventLoop.java:290)&#10;        at org.apache.ratis.thirdparty.io.netty.channel.epoll.EpollEventLoop.run(EpollEventLoop.java:347)&#10;        at org.apache.ratis.thirdparty.io.netty.util.concurrent.SingleThreadEventExecutor$4.run(SingleThreadEventExecutor.java:989)&#10;        at org.apache.ratis.thirdparty.io.netty.util.internal.ThreadExecutorMap$2.run(ThreadExecutorMap.java:74)&#10;        at org.apache.ratis.thirdparty.io.netty.util.concurrent.FastThreadLocalRunnable.run(FastThreadLocalRunnable.java:30)&#10;        at java.lang.Thread.run(Thread.java:748)&#10;&quot;BlockDeletingService#2&quot; daemon prio=5 tid=4811 in Object.wait()&#10;java.lang.Thread.State: WAITING (on object monitor)&#10;        at sun.misc.Unsafe.park(Native Method)&#10;        at java.util.concurrent.locks.LockSupport.park(LockSupport.java:175)&#10;        at java.util.concurrent.locks.AbstractQueuedSynchronizer$ConditionObject.await(AbstractQueuedSynchronizer.java:2039)&#10;        at java.util.concurrent.ScheduledThreadPoolExecutor$DelayedWorkQueue.take(ScheduledThreadPoolExecutor.java:1088)&#10;        at java.util.concurrent.ScheduledThreadPoolExecutor$DelayedWorkQueue.take(ScheduledThreadPoolExecutor.java:809)&#10;        at java.util.concurrent.ThreadPoolExecutor.getTask(ThreadPoolExecutor.java:1074)&#10;        at java.util.concurrent.ThreadPoolExecutor.runWorker(ThreadPoolExecutor.java:1134)&#10;        at java.util.concurrent.ThreadPoolExecutor$Worker.run(ThreadPoolExecutor.java:624)&#10;        at java.lang.Thread.run(Thread.java:748)&#10;&quot;qtp342524388-4752&quot; daemon prio=5 tid=4752 timed_waiting&#10;java.lang.Thread.State: TIMED_WAITING&#10;        at sun.misc.Unsafe.park(Native Method)&#10;        at java.util.concurrent.locks.LockSupport.parkNanos(LockSupport.java:215)&#10;        at java.util.concurrent.locks.AbstractQueuedSynchronizer$ConditionObject.awaitNanos(AbstractQueuedSynchronizer.java:2078)&#10;        at org.eclipse.jetty.util.BlockingArrayQueue.poll(BlockingArrayQueue.java:382)&#10;        at org.eclipse.jetty.util.thread.QueuedThreadPool$Runner.idleJobPoll(QueuedThreadPool.java:974)&#10;        at org.eclipse.jetty.util.thread.QueuedThreadPool$Runner.run(QueuedThreadPool.java:1018)&#10;        at java.lang.Thread.run(Thread.java:748)&#10;&quot;e5d3e9d3-1367-47eb-ad7f-372895a70f55@group-BCEEFC5FE04E-SegmentedRaftLogWorker&quot;  prio=5 tid=4840 timed_waiting&#10;java.lang.Thread.State: TIMED_WAITING&#10;        at sun.misc.Unsafe.park(Native Method)&#10;        at java.util.concurrent.locks.LockSupport.parkNanos(LockSupport.java:215)&#10;        at java.util.concurrent.locks.AbstractQueuedSynchronizer$ConditionObject.awaitNanos(AbstractQueuedSynchronizer.java:2078)&#10;        at org.apache.ratis.util.DataBlockingQueue.poll(DataBlockingQueue.java:137)&#10;        at org.apache.ratis.server.raftlog.segmented.SegmentedRaftLogWorker.run(SegmentedRaftLogWorker.java:292)&#10;        at org.apache.ratis.server.raftlog.segmented.SegmentedRaftLogWorker$$Lambda$467/1519865368.run(Unknown Source)&#10;        at java.lang.Thread.run(Thread.java:748)&#10;&quot;qtp834390584-4661&quot; daemon prio=5 tid=4661 runnable&#10;java.lang.Thread.State: RUNNABLE&#10;        at sun.nio.ch.EPollArrayWrapper.epollWait(Native Method)&#10;        at sun.nio.ch.EPollArrayWrapper.poll(EPollArrayWrapper.java:269)&#10;        at sun.nio.ch.EPollSelectorImpl.doSelect(EPollSelectorImpl.java:93)&#10;        at sun.nio.ch.SelectorImpl.lockAndDoSelect(SelectorImpl.java:86)&#10;        at sun.nio.ch.SelectorImpl.select(SelectorImpl.java:97)&#10;        at sun.nio.ch.SelectorImpl.select(SelectorImpl.java:101)&#10;        at org.eclipse.jetty.io.ManagedSelector.nioSelect(ManagedSelector.java:183)&#10;        at org.eclipse.jetty.io.ManagedSelector.select(ManagedSelector.java:190)&#10;        at org.eclipse.jetty.io.ManagedSelector$SelectorProducer.select(ManagedSelector.java:606)&#10;        at org.eclipse.jetty.io.ManagedSelector$SelectorProducer.produce(ManagedSelector.java:543)&#10;        at org.eclipse.jetty.util.thread.strategy.EatWhatYouKill.produceTask(EatWhatYouKill.java:362)&#10;        at org.eclipse.jetty.util.thread.strategy.EatWhatYouKill.doProduce(EatWhatYouKill.java:186)&#10;        at org.eclipse.jetty.util.thread.strategy.EatWhatYouKill.tryProduce(EatWhatYouKill.java:173)&#10;        at org.eclipse.jetty.util.thread.strategy.EatWhatYouKill.produce(EatWhatYouKill.java:137)&#10;        at org.eclipse.jetty.io.ManagedSelector$$Lambda$309/1391532202.run(Unknown Source)&#10;        at org.eclipse.jetty.util.thread.QueuedThreadPool.runJob(QueuedThreadPool.java:883)&#10;        at org.eclipse.jetty.util.thread.QueuedThreadPool$Runner.run(QueuedThreadPool.java:1034)&#10;        at java.lang.Thread.run(Thread.java:748)&#10;&quot;KeyDeletingService#0&quot; daemon prio=5 tid=4659 timed_waiting&#10;java.lang.Thread.State: TIMED_WAITING&#10;        at sun.misc.Unsafe.park(Native Method)&#10;        at java.util.concurrent.locks.LockSupport.parkNanos(LockSupport.java:215)&#10;        at java.util.concurrent.locks.AbstractQueuedSynchronizer$ConditionObject.awaitNanos(AbstractQueuedSynchronizer.java:2078)&#10;        at java.util.concurrent.ScheduledThreadPoolExecutor$DelayedWorkQueue.take(ScheduledThreadPoolExecutor.java:1093)&#10;        at java.util.concurrent.ScheduledThreadPoolExecutor$DelayedWorkQueue.take(ScheduledThreadPoolExecutor.java:809)&#10;        at java.util.concurrent.ThreadPoolExecutor.getTask(ThreadPoolExecutor.java:1074)&#10;        at java.util.concurrent.ThreadPoolExecutor.runWorker(ThreadPoolExecutor.java:1134)&#10;        at java.util.concurrent.ThreadPoolExecutor$Worker.run(ThreadPoolExecutor.java:624)&#10;        at java.lang.Thread.run(Thread.java:748)&#10;&quot;org.apache.ratis.util.JvmPauseMonitor$$Lambda$531/524014602@35ed061f&quot; daemon prio=5 tid=4791 timed_waiting&#10;java.lang.Thread.State: TIMED_WAITING&#10;        at java.lang.Thread.sleep(Native Method)&#10;        at java.lang.Thread.sleep(Thread.java:340)&#10;        at java.util.concurrent.TimeUnit.sleep(TimeUnit.java:386)&#10;        at org.apache.ratis.util.TimeDuration.sleep(TimeDuration.java:324)&#10;        at org.apache.ratis.util.TimeDuration.sleep(TimeDuration.java:309)&#10;        at org.apache.ratis.util.JvmPauseMonitor.detectPause(JvmPauseMonitor.java:117)&#10;        at org.apache.ratis.util.JvmPauseMonitor.run(JvmPauseMonitor.java:106)&#10;        at org.apache.ratis.util.JvmPauseMonitor$$Lambda$531/524014602.run(Unknown Source)&#10;        at java.lang.Thread.run(Thread.java:748)&#10;&quot;IPC Server handler 4 on default port 32893&quot; daemon prio=5 tid=4616 timed_waiting&#10;java.lang.Thread.State: TIMED_WAITING&#10;        at sun.misc.Unsafe.park(Native Method)&#10;        at java.util.concurrent.locks.LockSupport.parkNanos(LockSupport.java:215)&#10;        at java.util.concurrent.locks.AbstractQueuedSynchronizer$ConditionObject.awaitNanos(AbstractQueuedSynchronizer.java:2078)&#10;        at java.util.concurrent.LinkedBlockingQueue.poll(LinkedBlockingQueue.java:467)&#10;        at org.apache.hadoop.ipc.CallQueueManager.take(CallQueueManager.java:317)&#10;        at org.apache.hadoop.ipc.Server$Handler.run(Server.java:2932)&#10;&quot;BlockDeletingService#5&quot; daemon prio=5 tid=4798 in Object.wait()&#10;java.lang.Thread.State: WAITING (on object monitor)&#10;        at sun.misc.Unsafe.park(Native Method)&#10;        at java.util.concurrent.locks.LockSupport.park(LockSupport.java:175)&#10;        at java.util.concurrent.locks.AbstractQueuedSynchronizer$ConditionObject.await(AbstractQueuedSynchronizer.java:2039)&#10;        at java.util.concurrent.ScheduledThreadPoolExecutor$DelayedWorkQueue.take(ScheduledThreadPoolExecutor.java:1088)&#10;        at java.util.concurrent.ScheduledThreadPoolExecutor$DelayedWorkQueue.take(ScheduledThreadPoolExecutor.java:809)&#10;        at java.util.concurrent.ThreadPoolExecutor.getTask(ThreadPoolExecutor.java:1074)&#10;        at java.util.concurrent.ThreadPoolExecutor.runWorker(ThreadPoolExecutor.java:1134)&#10;        at java.util.concurrent.ThreadPoolExecutor$Worker.run(ThreadPoolExecutor.java:624)&#10;        at java.lang.Thread.run(Thread.java:748)&#10;&quot;CommandWatcher-LeaseManager#LeaseMonitor&quot; daemon prio=5 tid=4571 timed_waiting&#10;java.lang.Thread.State: TIMED_WAITING&#10;        at java.lang.Object.wait(Native Method)&#10;        at org.apache.hadoop.ozone.lease.LeaseManager$LeaseMonitor.run(LeaseManager.java:238)&#10;        at java.lang.Thread.run(Thread.java:748)&#10;&quot;qtp1299272458-4698&quot; daemon prio=5 tid=4698 runnable&#10;java.lang.Thread.State: RUNNABLE&#10;        at sun.nio.ch.EPollArrayWrapper.epollWait(Native Method)&#10;        at sun.nio.ch.EPollArrayWrapper.poll(EPollArrayWrapper.java:269)&#10;        at sun.nio.ch.EPollSelectorImpl.doSelect(EPollSelectorImpl.java:93)&#10;        at sun.nio.ch.SelectorImpl.lockAndDoSelect(SelectorImpl.java:86)&#10;        at sun.nio.ch.SelectorImpl.select(SelectorImpl.java:97)&#10;        at sun.nio.ch.SelectorImpl.select(SelectorImpl.java:101)&#10;        at org.eclipse.jetty.io.ManagedSelector.nioSelect(ManagedSelector.java:183)&#10;        at org.eclipse.jetty.io.ManagedSelector.select(ManagedSelector.java:190)&#10;        at org.eclipse.jetty.io.ManagedSelector$SelectorProducer.select(ManagedSelector.java:606)&#10;        at org.eclipse.jetty.io.ManagedSelector$SelectorProducer.produce(ManagedSelector.java:543)&#10;        at org.eclipse.jetty.util.thread.strategy.EatWhatYouKill.produceTask(EatWhatYouKill.java:362)&#10;        at org.eclipse.jetty.util.thread.strategy.EatWhatYouKill.doProduce(EatWhatYouKill.java:186)&#10;        at org.eclipse.jetty.util.thread.strategy.EatWhatYouKill.tryProduce(EatWhatYouKill.java:173)&#10;        at org.eclipse.jetty.util.thread.strategy.EatWhatYouKill.produce(EatWhatYouKill.java:137)&#10;        at org.eclipse.jetty.io.ManagedSelector$$Lambda$309/1391532202.run(Unknown Source)&#10;        at org.eclipse.jetty.util.thread.QueuedThreadPool.runJob(QueuedThreadPool.java:883)&#10;        at org.eclipse.jetty.util.thread.QueuedThreadPool$Runner.run(QueuedThreadPool.java:1034)&#10;        at java.lang.Thread.run(Thread.java:748)&#10;&quot;IPC Server handler 0 on default port 46143&quot; daemon prio=5 tid=4572 timed_waiting&#10;java.lang.Thread.State: TIMED_WAITING&#10;        at sun.misc.Unsafe.park(Native Method)&#10;        at java.util.concurrent.locks.LockSupport.parkNanos(LockSupport.java:215)&#10;        at java.util.concurrent.locks.AbstractQueuedSynchronizer$ConditionObject.awaitNanos(AbstractQueuedSynchronizer.java:2078)&#10;        at java.util.concurrent.LinkedBlockingQueue.poll(LinkedBlockingQueue.java:467)&#10;        at org.apache.hadoop.ipc.CallQueueManager.take(CallQueueManager.java:317)&#10;        at org.apache.hadoop.ipc.Server$Handler.run(Server.java:2932)&#10;&quot;BlockDeletingService#0&quot; daemon prio=5 tid=4808 in Object.wait()&#10;java.lang.Thread.State: WAITING (on object monitor)&#10;        at sun.misc.Unsafe.park(Native Method)&#10;        at java.util.concurrent.locks.LockSupport.park(LockSupport.java:175)&#10;        at java.util.concurrent.locks.AbstractQueuedSynchronizer$ConditionObject.await(AbstractQueuedSynchronizer.java:2039)&#10;        at java.util.concurrent.ScheduledThreadPoolExecutor$DelayedWorkQueue.take(ScheduledThreadPoolExecutor.java:1088)&#10;        at java.util.concurrent.ScheduledThreadPoolExecutor$DelayedWorkQueue.take(ScheduledThreadPoolExecutor.java:809)&#10;        at java.util.concurrent.ThreadPoolExecutor.getTask(ThreadPoolExecutor.java:1074)&#10;        at java.util.concurrent.ThreadPoolExecutor.runWorker(ThreadPoolExecutor.java:1134)&#10;        at java.util.concurrent.ThreadPoolExecutor$Worker.run(ThreadPoolExecutor.java:624)&#10;        at java.lang.Thread.run(Thread.java:748)&#10;&quot;org.apache.hadoop.util.JvmPauseMonitor$Monitor@56a2a110&quot; daemon prio=5 tid=4741 timed_waiting&#10;java.lang.Thread.State: TIMED_WAITING&#10;        at java.lang.Thread.sleep(Native Method)&#10;        at org.apache.hadoop.util.JvmPauseMonitor$Monitor.run(JvmPauseMonitor.java:192)&#10;        at java.lang.Thread.run(Thread.java:748)&#10;&quot;org.apache.hadoop.util.JvmPauseMonitor$Monitor@2a74836c&quot; daemon prio=5 tid=4766 timed_waiting&#10;java.lang.Thread.State: TIMED_WAITING&#10;        at java.lang.Thread.sleep(Native Method)&#10;        at org.apache.hadoop.util.JvmPauseMonitor$Monitor.run(JvmPauseMonitor.java:192)&#10;        at java.lang.Thread.run(Thread.java:748)&#10;&quot;DatanodeAdminManager-0&quot; daemon prio=5 tid=4556 timed_waiting&#10;java.lang.Thread.State: TIMED_WAITING&#10;        at sun.misc.Unsafe.park(Native Method)&#10;        at java.util.concurrent.locks.LockSupport.parkNanos(LockSupport.java:215)&#10;        at java.util.concurrent.locks.AbstractQueuedSynchronizer$ConditionObject.awaitNanos(AbstractQueuedSynchronizer.java:2078)&#10;        at java.util.concurrent.ScheduledThreadPoolExecutor$DelayedWorkQueue.take(ScheduledThreadPoolExecutor.java:1093)&#10;        at java.util.concurrent.ScheduledThreadPoolExecutor$DelayedWorkQueue.take(ScheduledThreadPoolExecutor.java:809)&#10;        at java.util.concurrent.ThreadPoolExecutor.getTask(ThreadPoolExecutor.java:1074)&#10;        at java.util.concurrent.ThreadPoolExecutor.runWorker(ThreadPoolExecutor.java:1134)&#10;        at java.util.concurrent.ThreadPoolExecutor$Worker.run(ThreadPoolExecutor.java:624)&#10;        at java.lang.Thread.run(Thread.java:748)&#10;&quot;prometheus&quot; daemon prio=5 tid=4570 in Object.wait()&#10;java.lang.Thread.State: WAITING (on object monitor)&#10;        at java.lang.Object.wait(Native Method)&#10;        at java.lang.Object.wait(Object.java:502)&#10;        at org.apache.hadoop.metrics2.impl.SinkQueue.waitForData(SinkQueue.java:114)&#10;        at org.apache.hadoop.metrics2.impl.SinkQueue.consumeAll(SinkQueue.java:83)&#10;        at org.apache.hadoop.metrics2.impl.MetricsSinkAdapter.publishMetricsFromQueue(MetricsSinkAdapter.java:135)&#10;        at org.apache.hadoop.metrics2.impl.MetricsSinkAdapter$1.run(MetricsSinkAdapter.java:89)&#10;&quot;ChunkWriter-0-0&quot; daemon prio=5 tid=4787 in Object.wait()&#10;java.lang.Thread.State: WAITING (on object monitor)&#10;        at sun.misc.Unsafe.park(Native Method)&#10;        at java.util.concurrent.locks.LockSupport.park(LockSupport.java:175)&#10;        at java.util.concurrent.locks.AbstractQueuedSynchronizer$ConditionObject.await(AbstractQueuedSynchronizer.java:2039)&#10;        at java.util.concurrent.LinkedBlockingDeque.takeFirst(LinkedBlockingDeque.java:492)&#10;        at java.util.concurrent.LinkedBlockingDeque.take(LinkedBlockingDeque.java:680)&#10;        at java.util.concurrent.ThreadPoolExecutor.getTask(ThreadPoolExecutor.java:1074)&#10;        at java.util.concurrent.ThreadPoolExecutor.runWorker(ThreadPoolExecutor.java:1134)&#10;        at java.util.concurrent.ThreadPoolExecutor$Worker.run(ThreadPoolExecutor.java:624)&#10;        at java.lang.Thread.run(Thread.java:748)&#10;&quot;IPC Server handler 10 on default port 32925&quot; daemon prio=5 tid=4680 timed_waiting&#10;java.lang.Thread.State: TIMED_WAITING&#10;        at sun.misc.Unsafe.park(Native Method)&#10;        at java.util.concurrent.locks.LockSupport.parkNanos(LockSupport.java:215)&#10;        at java.util.concurrent.locks.AbstractQueuedSynchronizer$ConditionObject.awaitNanos(AbstractQueuedSynchronizer.java:2078)&#10;        at java.util.concurrent.LinkedBlockingQueue.poll(LinkedBlockingQueue.java:467)&#10;        at org.apache.hadoop.ipc.CallQueueManager.take(CallQueueManager.java:317)&#10;        at org.apache.hadoop.ipc.Server$Handler.run(Server.java:2932)&#10;&quot;IPC Server handler 2 on default port 32925&quot; daemon prio=5 tid=4672 timed_waiting&#10;java.lang.Thread.State: TIMED_WAITING&#10;        at sun.misc.Unsafe.park(Native Method)&#10;        at java.util.concurrent.locks.LockSupport.parkNanos(LockSupport.java:215)&#10;        at java.util.concurrent.locks.AbstractQueuedSynchronizer$ConditionObject.awaitNanos(AbstractQueuedSynchronizer.java:2078)&#10;        at java.util.concurrent.LinkedBlockingQueue.poll(LinkedBlockingQueue.java:467)&#10;        at org.apache.hadoop.ipc.CallQueueManager.take(CallQueueManager.java:317)&#10;        at org.apache.hadoop.ipc.Server$Handler.run(Server.java:2932)&#10;&quot;om1@group-C5BA1605619E-StateMachineUpdater&quot; daemon prio=5 tid=4653 in Object.wait()&#10;java.lang.Thread.State: WAITING (on object monitor)&#10;        at java.lang.Object.wait(Native Method)&#10;        at java.lang.Object.wait(Object.java:502)&#10;        at org.apache.ratis.server.impl.StateMachineUpdater.waitForCommit(StateMachineUpdater.java:204)&#10;        at org.apache.ratis.server.impl.StateMachineUpdater.run(StateMachineUpdater.java:173)&#10;        at java.lang.Thread.run(Thread.java:748)&#10;&quot;pool-406-thread-1&quot;  prio=5 tid=4648 in Object.wait()&#10;java.lang.Thread.State: WAITING (on object monitor)&#10;        at sun.misc.Unsafe.park(Native Method)&#10;        at java.util.concurrent.locks.LockSupport.park(LockSupport.java:175)&#10;        at java.util.concurrent.locks.AbstractQueuedSynchronizer$ConditionObject.await(AbstractQueuedSynchronizer.java:2039)&#10;        at java.util.concurrent.LinkedBlockingQueue.take(LinkedBlockingQueue.java:442)&#10;        at java.util.concurrent.ThreadPoolExecutor.getTask(ThreadPoolExecutor.java:1074)&#10;        at java.util.concurrent.ThreadPoolExecutor.runWorker(ThreadPoolExecutor.java:1134)&#10;        at java.util.concurrent.ThreadPoolExecutor$Worker.run(ThreadPoolExecutor.java:624)&#10;        at java.lang.Thread.run(Thread.java:748)&#10;&quot;EventQueue-ContainerReportForContainerReportHandler&quot; daemon prio=5 tid=4826 in Object.wait()&#10;java.lang.Thread.State: WAITING (on object monitor)&#10;        at sun.misc.Unsafe.park(Native Method)&#10;        at java.util.concurrent.locks.LockSupport.park(LockSupport.java:175)&#10;        at java.util.concurrent.locks.AbstractQueuedSynchronizer$ConditionObject.await(AbstractQueuedSynchronizer.java:2039)&#10;        at java.util.concurrent.LinkedBlockingQueue.take(LinkedBlockingQueue.java:442)&#10;        at java.util.concurrent.ThreadPoolExecutor.getTask(ThreadPoolExecutor.java:1074)&#10;        at java.util.concurrent.ThreadPoolExecutor.runWorker(ThreadPoolExecutor.java:1134)&#10;        at java.util.concurrent.ThreadPoolExecutor$Worker.run(ThreadPoolExecutor.java:624)&#10;        at java.lang.Thread.run(Thread.java:748)&#10;&quot;org.apache.hadoop.util.JvmPauseMonitor$Monitor@1ee3ad6&quot; daemon prio=5 tid=4690 timed_waiting&#10;java.lang.Thread.State: TIMED_WAITING&#10;        at java.lang.Thread.sleep(Native Method)&#10;        at org.apache.hadoop.util.JvmPauseMonitor$Monitor.run(JvmPauseMonitor.java:192)&#10;        at java.lang.Thread.run(Thread.java:748)&#10;&quot;qtp2133268403-4726-acceptor-0@2a340390-ServerConnector@386ff939{HTTP/1.1, (http/1.1)}{0.0.0.0:40389}&quot; daemon prio=3 tid=4726 runnable&#10;java.lang.Thread.State: RUNNABLE&#10;        at sun.nio.ch.ServerSocketChannelImpl.accept0(Native Method)&#10;        at sun.nio.ch.ServerSocketChannelImpl.accept(ServerSocketChannelImpl.java:421)&#10;        at sun.nio.ch.ServerSocketChannelImpl.accept(ServerSocketChannelImpl.java:249)&#10;        at org.eclipse.jetty.server.ServerConnector.accept(ServerConnector.java:388)&#10;        at org.eclipse.jetty.server.AbstractConnector$Acceptor.run(AbstractConnector.java:702)&#10;        at org.eclipse.jetty.util.thread.QueuedThreadPool.runJob(QueuedThreadPool.java:883)&#10;        at org.eclipse.jetty.util.thread.QueuedThreadPool$Runner.run(QueuedThreadPool.java:1034)&#10;        at java.lang.Thread.run(Thread.java:748)&#10;&quot;Datanode State Machine Task Thread - 1&quot;  prio=5 tid=4785 in Object.wait()&#10;java.lang.Thread.State: WAITING (on object monitor)&#10;        at sun.misc.Unsafe.park(Native Method)&#10;        at java.util.concurrent.locks.LockSupport.park(LockSupport.java:175)&#10;        at java.util.concurrent.locks.AbstractQueuedSynchronizer$ConditionObject.await(AbstractQueuedSynchronizer.java:2039)&#10;        at java.util.concurrent.LinkedBlockingQueue.take(LinkedBlockingQueue.java:442)&#10;        at java.util.concurrent.ThreadPoolExecutor.getTask(ThreadPoolExecutor.java:1074)&#10;        at java.util.concurrent.ThreadPoolExecutor.runWorker(ThreadPoolExecutor.java:1134)&#10;        at java.util.concurrent.ThreadPoolExecutor$Worker.run(ThreadPoolExecutor.java:624)&#10;        at java.lang.Thread.run(Thread.java:748)&#10;&quot;qtp580779646-4637&quot; daemon prio=5 tid=4637 timed_waiting&#10;java.lang.Thread.State: TIMED_WAITING&#10;        at sun.misc.Unsafe.park(Native Method)&#10;        at java.util.concurrent.locks.LockSupport.parkNanos(LockSupport.java:215)&#10;        at java.util.concurrent.locks.AbstractQueuedSynchronizer$ConditionObject.awaitNanos(AbstractQueuedSynchronizer.java:2078)&#10;        at org.eclipse.jetty.util.BlockingArrayQueue.poll(BlockingArrayQueue.java:382)&#10;        at org.eclipse.jetty.util.thread.QueuedThreadPool$Runner.idleJobPoll(QueuedThreadPool.java:974)&#10;        at org.eclipse.jetty.util.thread.QueuedThreadPool$Runner.run(QueuedThreadPool.java:1018)&#10;        at java.lang.Thread.run(Thread.java:748)&#10;&quot;IPC Server handler 5 on default port 43321&quot; daemon prio=5 tid=4597 timed_waiting&#10;java.lang.Thread.State: TIMED_WAITING&#10;        at sun.misc.Unsafe.park(Native Method)&#10;        at java.util.concurrent.locks.LockSupport.parkNanos(LockSupport.java:215)&#10;        at java.util.concurrent.locks.AbstractQueuedSynchronizer$ConditionObject.awaitNanos(AbstractQueuedSynchronizer.java:2078)&#10;        at java.util.concurrent.LinkedBlockingQueue.poll(LinkedBlockingQueue.java:467)&#10;        at org.apache.hadoop.ipc.CallQueueManager.take(CallQueueManager.java:317)&#10;        at org.apache.hadoop.ipc.Server$Handler.run(Server.java:2932)&#10;&quot;qtp1299272458-4699-acceptor-0@4042e7bc-ServerConnector@372896d8{HTTP/1.1, (http/1.1)}{0.0.0.0:39199}&quot; daemon prio=3 tid=4699 runnable&#10;java.lang.Thread.State: RUNNABLE&#10;        at sun.nio.ch.ServerSocketChannelImpl.accept0(Native Method)&#10;        at sun.nio.ch.ServerSocketChannelImpl.accept(ServerSocketChannelImpl.java:421)&#10;        at sun.nio.ch.ServerSocketChannelImpl.accept(ServerSocketChannelImpl.java:249)&#10;        at org.eclipse.jetty.server.ServerConnector.accept(ServerConnector.java:388)&#10;        at org.eclipse.jetty.server.AbstractConnector$Acceptor.run(AbstractConnector.java:702)&#10;        at org.eclipse.jetty.util.thread.QueuedThreadPool.runJob(QueuedThreadPool.java:883)&#10;        at org.eclipse.jetty.util.thread.QueuedThreadPool$Runner.run(QueuedThreadPool.java:1034)&#10;        at java.lang.Thread.run(Thread.java:748)&#10;&quot;IPC Server handler 3 on default port 32925&quot; daemon prio=5 tid=4673 timed_waiting&#10;java.lang.Thread.State: TIMED_WAITING&#10;        at sun.misc.Unsafe.park(Native Method)&#10;        at java.util.concurrent.locks.LockSupport.parkNanos(LockSupport.java:215)&#10;        at java.util.concurrent.locks.AbstractQueuedSynchronizer$ConditionObject.awaitNanos(AbstractQueuedSynchronizer.java:2078)&#10;        at java.util.concurrent.LinkedBlockingQueue.poll(LinkedBlockingQueue.java:467)&#10;        at org.apache.hadoop.ipc.CallQueueManager.take(CallQueueManager.java:317)&#10;        at org.apache.hadoop.ipc.Server$Handler.run(Server.java:2932)&#10;&quot;pool-457-thread-1&quot;  prio=5 tid=4846 in Object.wait()&#10;java.lang.Thread.State: WAITING (on object monitor)&#10;        at sun.misc.Unsafe.park(Native Method)&#10;        at java.util.concurrent.locks.LockSupport.park(LockSupport.java:175)&#10;        at java.util.concurrent.locks.AbstractQueuedSynchronizer$ConditionObject.await(AbstractQueuedSynchronizer.java:2039)&#10;        at java.util.concurrent.LinkedBlockingQueue.take(LinkedBlockingQueue.java:442)&#10;        at java.util.concurrent.ThreadPoolExecutor.getTask(ThreadPoolExecutor.java:1074)&#10;        at java.util.concurrent.ThreadPoolExecutor.runWorker(ThreadPoolExecutor.java:1134)&#10;        at java.util.concurrent.ThreadPoolExecutor$Worker.run(ThreadPoolExecutor.java:624)&#10;        at java.lang.Thread.run(Thread.java:748)&#10;&quot;org.apache.hadoop.ozone.container.common.statemachine.commandhandler.DeleteBlocksCommandHandler$DeleteCmdWorker@34ef29c5&quot; daemon prio=5 tid=4723 timed_waiting&#10;java.lang.Thread.State: TIMED_WAITING&#10;        at java.lang.Thread.sleep(Native Method)&#10;        at org.apache.hadoop.ozone.container.common.statemachine.commandhandler.DeleteBlocksCommandHandler$DeleteCmdWorker.run(DeleteBlocksCommandHandler.java:174)&#10;        at java.lang.Thread.run(Thread.java:748)&#10;&quot;om1@group-C5BA1605619E-SegmentedRaftLogWorker&quot;  prio=5 tid=4652 timed_waiting&#10;java.lang.Thread.State: TIMED_WAITING&#10;        at sun.misc.Unsafe.park(Native Method)&#10;        at java.util.concurrent.locks.LockSupport.parkNanos(LockSupport.java:215)&#10;        at java.util.concurrent.locks.AbstractQueuedSynchronizer$ConditionObject.awaitNanos(AbstractQueuedSynchronizer.java:2078)&#10;        at org.apache.ratis.util.DataBlockingQueue.poll(DataBlockingQueue.java:137)&#10;        at org.apache.ratis.server.raftlog.segmented.SegmentedRaftLogWorker.run(SegmentedRaftLogWorker.java:292)&#10;        at org.apache.ratis.server.raftlog.segmented.SegmentedRaftLogWorker$$Lambda$467/1519865368.run(Unknown Source)&#10;        at java.lang.Thread.run(Thread.java:748)&#10;&quot;IPC Server idle connection scanner for port 46143&quot; daemon prio=5 tid=4567 timed_waiting&#10;java.lang.Thread.State: TIMED_WAITING&#10;        at java.lang.Object.wait(Native Method)&#10;        at java.util.TimerThread.mainLoop(Timer.java:552)&#10;        at java.util.TimerThread.run(Timer.java:505)&#10;&quot;grpc-default-executor-5&quot; daemon prio=5 tid=5841 timed_waiting&#10;java.lang.Thread.State: TIMED_WAITING&#10;        at sun.misc.Unsafe.park(Native Method)&#10;        at java.util.concurrent.locks.LockSupport.parkNanos(LockSupport.java:215)&#10;        at java.util.concurrent.SynchronousQueue$TransferStack.awaitFulfill(SynchronousQueue.java:460)&#10;        at java.util.concurrent.SynchronousQueue$TransferStack.transfer(SynchronousQueue.java:362)&#10;        at java.util.concurrent.SynchronousQueue.poll(SynchronousQueue.java:941)&#10;        at java.util.concurrent.ThreadPoolExecutor.getTask(ThreadPoolExecutor.java:1073)&#10;        at java.util.concurrent.ThreadPoolExecutor.runWorker(ThreadPoolExecutor.java:1134)&#10;        at java.util.concurrent.ThreadPoolExecutor$Worker.run(ThreadPoolExecutor.java:624)&#10;        at java.lang.Thread.run(Thread.java:748)&#10;&quot;pool-465-thread-7&quot;  prio=5 tid=4944 in Object.wait()&#10;java.lang.Thread.State: WAITING (on object monitor)&#10;        at sun.misc.Unsafe.park(Native Method)&#10;        at java.util.concurrent.locks.LockSupport.park(LockSupport.java:175)&#10;        at java.util.concurrent.locks.AbstractQueuedSynchronizer$ConditionObject.await(AbstractQueuedSynchronizer.java:2039)&#10;        at java.util.concurrent.LinkedBlockingQueue.take(LinkedBlockingQueue.java:442)&#10;        at java.util.concurrent.ThreadPoolExecutor.getTask(ThreadPoolExecutor.java:1074)&#10;        at java.util.concurrent.ThreadPoolExecutor.runWorker(ThreadPoolExecutor.java:1134)&#10;        at java.util.concurrent.ThreadPoolExecutor$Worker.run(ThreadPoolExecutor.java:624)&#10;        at java.lang.Thread.run(Thread.java:748)&#10;&quot;java.util.concurrent.ThreadPoolExecutor$Worker@a81d380[State = -1, empty queue]&quot; daemon prio=5 tid=3915 timed_waiting&#10;java.lang.Thread.State: TIMED_WAITING&#10;        at sun.misc.Unsafe.park(Native Method)&#10;        at java.util.concurrent.locks.LockSupport.parkNanos(LockSupport.java:215)&#10;        at java.util.concurrent.locks.AbstractQueuedSynchronizer$ConditionObject.awaitNanos(AbstractQueuedSynchronizer.java:2078)&#10;        at java.util.concurrent.ScheduledThreadPoolExecutor$DelayedWorkQueue.take(ScheduledThreadPoolExecutor.java:1093)&#10;        at java.util.concurrent.ScheduledThreadPoolExecutor$DelayedWorkQueue.take(ScheduledThreadPoolExecutor.java:809)&#10;        at java.util.concurrent.ThreadPoolExecutor.getTask(ThreadPoolExecutor.java:1074)&#10;        at java.util.concurrent.ThreadPoolExecutor.runWorker(ThreadPoolExecutor.java:1134)&#10;        at java.util.concurrent.ThreadPoolExecutor$Worker.run(ThreadPoolExecutor.java:624)&#10;        at java.lang.Thread.run(Thread.java:748)&#10;&quot;EndpointStateMachine task thread for /0.0.0.0:32893 - 0 &quot;  prio=5 tid=4801 in Object.wait()&#10;java.lang.Thread.State: WAITING (on object monitor)&#10;        at sun.misc.Unsafe.park(Native Method)&#10;        at java.util.concurrent.locks.LockSupport.park(LockSupport.java:175)&#10;        at java.util.concurrent.locks.AbstractQueuedSynchronizer$ConditionObject.await(AbstractQueuedSynchronizer.java:2039)&#10;        at java.util.concurrent.LinkedBlockingQueue.take(LinkedBlockingQueue.java:442)&#10;        at java.util.concurrent.ThreadPoolExecutor.getTask(ThreadPoolExecutor.java:1074)&#10;        at java.util.concurrent.ThreadPoolExecutor.runWorker(ThreadPoolExecutor.java:1134)&#10;        at java.util.concurrent.ThreadPoolExecutor$Worker.run(ThreadPoolExecutor.java:624)&#10;        at java.lang.Thread.run(Thread.java:748)&#10;&quot;IPC Server handler 3 on default port 32893&quot; daemon prio=5 tid=4615 timed_waiting&#10;java.lang.Thread.State: TIMED_WAITING&#10;        at sun.misc.Unsafe.park(Native Method)&#10;        at java.util.concurrent.locks.LockSupport.parkNanos(LockSupport.java:215)&#10;        at java.util.concurrent.locks.AbstractQueuedSynchronizer$ConditionObject.awaitNanos(AbstractQueuedSynchronizer.java:2078)&#10;        at java.util.concurrent.LinkedBlockingQueue.poll(LinkedBlockingQueue.java:467)&#10;        at org.apache.hadoop.ipc.CallQueueManager.take(CallQueueManager.java:317)&#10;        at org.apache.hadoop.ipc.Server$Handler.run(Server.java:2932)&#10;&quot;PartialTableCache Cleanup Thread - 0&quot; daemon prio=5 tid=880 in Object.wait()&#10;java.lang.Thread.State: WAITING (on object monitor)&#10;        at sun.misc.Unsafe.park(Native Method)&#10;        at java.util.concurrent.locks.LockSupport.park(LockSupport.java:175)&#10;        at java.util.concurrent.locks.AbstractQueuedSynchronizer$ConditionObject.await(AbstractQueuedSynchronizer.java:2039)&#10;        at java.util.concurrent.LinkedBlockingQueue.take(LinkedBlockingQueue.java:442)&#10;        at java.util.concurrent.ThreadPoolExecutor.getTask(ThreadPoolExecutor.java:1074)&#10;        at java.util.concurrent.ThreadPoolExecutor.runWorker(ThreadPoolExecutor.java:1134)&#10;        at java.util.concurrent.ThreadPoolExecutor$Worker.run(ThreadPoolExecutor.java:624)&#10;        at java.lang.Thread.run(Thread.java:748)&#10;&quot;IPC Server handler 9 on default port 32925&quot; daemon prio=5 tid=4679 timed_waiting&#10;java.lang.Thread.State: TIMED_WAITING&#10;        at sun.misc.Unsafe.park(Native Method)&#10;        at java.util.concurrent.locks.LockSupport.parkNanos(LockSupport.java:215)&#10;        at java.util.concurrent.locks.AbstractQueuedSynchronizer$ConditionObject.awaitNanos(AbstractQueuedSynchronizer.java:2078)&#10;        at java.util.concurrent.LinkedBlockingQueue.poll(LinkedBlockingQueue.java:467)&#10;        at org.apache.hadoop.ipc.CallQueueManager.take(CallQueueManager.java:317)&#10;        at org.apache.hadoop.ipc.Server$Handler.run(Server.java:2932)&#10;&quot;IPC Server handler 7 on default port 46143&quot; daemon prio=5 tid=4579 timed_waiting&#10;java.lang.Thread.State: TIMED_WAITING&#10;        at sun.misc.Unsafe.park(Native Method)&#10;        at java.util.concurrent.locks.LockSupport.parkNanos(LockSupport.java:215)&#10;        at java.util.concurrent.locks.AbstractQueuedSynchronizer$ConditionObject.awaitNanos(AbstractQueuedSynchronizer.java:2078)&#10;        at java.util.concurrent.LinkedBlockingQueue.poll(LinkedBlockingQueue.java:467)&#10;        at org.apache.hadoop.ipc.CallQueueManager.take(CallQueueManager.java:317)&#10;        at org.apache.hadoop.ipc.Server$Handler.run(Server.java:2932)&#10;&quot;qtp342524388-4757&quot; daemon prio=5 tid=4757 timed_waiting&#10;java.lang.Thread.State: TIMED_WAITING&#10;        at sun.misc.Unsafe.park(Native Method)&#10;        at java.util.concurrent.locks.LockSupport.parkNanos(LockSupport.java:215)&#10;        at java.util.concurrent.locks.AbstractQueuedSynchronizer$ConditionObject.awaitNanos(AbstractQueuedSynchronizer.java:2078)&#10;        at org.eclipse.jetty.util.BlockingArrayQueue.poll(BlockingArrayQueue.java:382)&#10;        at org.eclipse.jetty.util.thread.QueuedThreadPool$Runner.idleJobPoll(QueuedThreadPool.java:974)&#10;        at org.eclipse.jetty.util.thread.QueuedThreadPool$Runner.run(QueuedThreadPool.java:1018)&#10;        at java.lang.Thread.run(Thread.java:748)&#10;&quot;ReplicationMonitor&quot; daemon prio=5 tid=4555 timed_waiting&#10;java.lang.Thread.State: TIMED_WAITING&#10;        at java.lang.Object.wait(Native Method)&#10;        at org.apache.hadoop.hdds.scm.container.ReplicationManager.run(ReplicationManager.java:354)&#10;        at org.apache.hadoop.hdds.scm.container.ReplicationManager$$Lambda$242/2123309997.run(Unknown Source)&#10;        at java.lang.Thread.run(Thread.java:748)&#10;&quot;a3a688a0-b759-42a1-9d42-7ea63bf88025@group-BCEEFC5FE04E-LeaderStateImpl&quot; daemon prio=5 tid=4873 timed_waiting&#10;java.lang.Thread.State: TIMED_WAITING&#10;        at sun.misc.Unsafe.park(Native Method)&#10;        at java.util.concurrent.locks.LockSupport.parkNanos(LockSupport.java:215)&#10;        at java.util.concurrent.locks.AbstractQueuedSynchronizer$ConditionObject.awaitNanos(AbstractQueuedSynchronizer.java:2078)&#10;        at java.util.concurrent.ArrayBlockingQueue.poll(ArrayBlockingQueue.java:418)&#10;        at org.apache.ratis.server.impl.LeaderStateImpl$EventQueue.poll(LeaderStateImpl.java:155)&#10;        at org.apache.ratis.server.impl.LeaderStateImpl$EventProcessor.run(LeaderStateImpl.java:587)&#10;&quot;EventQueue-IncrementalContainerReportForIncrementalContainerReportHandler&quot; daemon prio=5 tid=4899 in Object.wait()&#10;java.lang.Thread.State: WAITING (on object monitor)&#10;        at sun.misc.Unsafe.park(Native Method)&#10;        at java.util.concurrent.locks.LockSupport.park(LockSupport.java:175)&#10;        at java.util.concurrent.locks.AbstractQueuedSynchronizer$ConditionObject.await(AbstractQueuedSynchronizer.java:2039)&#10;        at java.util.concurrent.LinkedBlockingQueue.take(LinkedBlockingQueue.java:442)&#10;        at java.util.concurrent.ThreadPoolExecutor.getTask(ThreadPoolExecutor.java:1074)&#10;        at java.util.concurrent.ThreadPoolExecutor.runWorker(ThreadPoolExecutor.java:1134)&#10;        at java.util.concurrent.ThreadPoolExecutor$Worker.run(ThreadPoolExecutor.java:624)&#10;        at java.lang.Thread.run(Thread.java:748)&#10;&quot;qtp580779646-4641&quot; daemon prio=5 tid=4641 timed_waiting&#10;java.lang.Thread.State: TIMED_WAITING&#10;        at sun.misc.Unsafe.park(Native Method)&#10;        at java.util.concurrent.locks.LockSupport.parkNanos(LockSupport.java:215)&#10;        at java.util.concurrent.locks.AbstractQueuedSynchronizer$ConditionObject.awaitNanos(AbstractQueuedSynchronizer.java:2078)&#10;        at org.eclipse.jetty.util.BlockingArrayQueue.poll(BlockingArrayQueue.java:382)&#10;        at org.eclipse.jetty.util.thread.QueuedThreadPool$Runner.idleJobPoll(QueuedThreadPool.java:974)&#10;        at org.eclipse.jetty.util.thread.QueuedThreadPool$Runner.run(QueuedThreadPool.java:1018)&#10;        at java.lang.Thread.run(Thread.java:748)&#10;&quot;IPC Server handler 17 on default port 46143&quot; daemon prio=5 tid=4589 timed_waiting&#10;java.lang.Thread.State: TIMED_WAITING&#10;        at sun.misc.Unsafe.park(Native Method)&#10;        at java.util.concurrent.locks.LockSupport.parkNanos(LockSupport.java:215)&#10;        at java.util.concurrent.locks.AbstractQueuedSynchronizer$ConditionObject.awaitNanos(AbstractQueuedSynchronizer.java:2078)&#10;        at java.util.concurrent.LinkedBlockingQueue.poll(LinkedBlockingQueue.java:467)&#10;        at org.apache.hadoop.ipc.CallQueueManager.take(CallQueueManager.java:317)&#10;        at org.apache.hadoop.ipc.Server$Handler.run(Server.java:2932)&#10;&quot;IPC Server idle connection scanner for port 43321&quot; daemon prio=5 tid=4563 timed_waiting&#10;java.lang.Thread.State: TIMED_WAITING&#10;        at java.lang.Object.wait(Native Method)&#10;        at java.util.TimerThread.mainLoop(Timer.java:552)&#10;        at java.util.TimerThread.run(Timer.java:505)&#10;&quot;qtp2133268403-4727&quot; daemon prio=5 tid=4727 timed_waiting&#10;java.lang.Thread.State: TIMED_WAITING&#10;        at sun.misc.Unsafe.park(Native Method)&#10;        at java.util.concurrent.locks.LockSupport.parkNanos(LockSupport.java:215)&#10;        at java.util.concurrent.locks.AbstractQueuedSynchronizer$ConditionObject.awaitNanos(AbstractQueuedSynchronizer.java:2078)&#10;        at org.eclipse.jetty.util.BlockingArrayQueue.poll(BlockingArrayQueue.java:382)&#10;        at org.eclipse.jetty.util.thread.QueuedThreadPool$Runner.idleJobPoll(QueuedThreadPool.java:974)&#10;        at org.eclipse.jetty.util.thread.QueuedThreadPool$Runner.run(QueuedThreadPool.java:1018)&#10;        at java.lang.Thread.run(Thread.java:748)&#10;&quot;PartialTableCache Cleanup Thread - 0&quot; daemon prio=5 tid=4891 in Object.wait()&#10;java.lang.Thread.State: WAITING (on object monitor)&#10;        at sun.misc.Unsafe.park(Native Method)&#10;        at java.util.concurrent.locks.LockSupport.park(LockSupport.java:175)&#10;        at java.util.concurrent.locks.AbstractQueuedSynchronizer$ConditionObject.await(AbstractQueuedSynchronizer.java:2039)&#10;        at java.util.concurrent.LinkedBlockingQueue.take(LinkedBlockingQueue.java:442)&#10;        at java.util.concurrent.ThreadPoolExecutor.getTask(ThreadPoolExecutor.java:1074)&#10;        at java.util.concurrent.ThreadPoolExecutor.runWorker(ThreadPoolExecutor.java:1134)&#10;        at java.util.concurrent.ThreadPoolExecutor$Worker.run(ThreadPoolExecutor.java:624)&#10;        at java.lang.Thread.run(Thread.java:748)&#10;&quot;qtp1299272458-4703&quot; daemon prio=5 tid=4703 timed_waiting&#10;java.lang.Thread.State: TIMED_WAITING&#10;        at sun.misc.Unsafe.park(Native Method)&#10;        at java.util.concurrent.locks.LockSupport.parkNanos(LockSupport.java:215)&#10;        at java.util.concurrent.locks.AbstractQueuedSynchronizer$ConditionObject.awaitNanos(AbstractQueuedSynchronizer.java:2078)&#10;        at org.eclipse.jetty.util.BlockingArrayQueue.poll(BlockingArrayQueue.java:382)&#10;        at org.eclipse.jetty.util.thread.QueuedThreadPool$Runner.idleJobPoll(QueuedThreadPool.java:974)&#10;        at org.eclipse.jetty.util.thread.QueuedThreadPool$Runner.run(QueuedThreadPool.java:1018)&#10;        at java.lang.Thread.run(Thread.java:748)&#10;&quot;pool-424-thread-1&quot;  prio=5 tid=4697 timed_waiting&#10;java.lang.Thread.State: TIMED_WAITING&#10;        at sun.misc.Unsafe.park(Native Method)&#10;        at java.util.concurrent.locks.LockSupport.parkNanos(LockSupport.java:215)&#10;        at java.util.concurrent.locks.AbstractQueuedSynchronizer$ConditionObject.awaitNanos(AbstractQueuedSynchronizer.java:2078)&#10;        at java.util.concurrent.ScheduledThreadPoolExecutor$DelayedWorkQueue.take(ScheduledThreadPoolExecutor.java:1093)&#10;        at java.util.concurrent.ScheduledThreadPoolExecutor$DelayedWorkQueue.take(ScheduledThreadPoolExecutor.java:809)&#10;        at java.util.concurrent.ThreadPoolExecutor.getTask(ThreadPoolExecutor.java:1074)&#10;        at java.util.concurrent.ThreadPoolExecutor.runWorker(ThreadPoolExecutor.java:1134)&#10;        at java.util.concurrent.ThreadPoolExecutor$Worker.run(ThreadPoolExecutor.java:624)&#10;        at java.lang.Thread.run(Thread.java:748)&#10;&quot;pool-465-thread-8&quot;  prio=5 tid=4947 in Object.wait()&#10;java.lang.Thread.State: WAITING (on object monitor)&#10;        at sun.misc.Unsafe.park(Native Method)&#10;        at java.util.concurrent.locks.LockSupport.park(LockSupport.java:175)&#10;        at java.util.concurrent.locks.AbstractQueuedSynchronizer$ConditionObject.await(AbstractQueuedSynchronizer.java:2039)&#10;        at java.util.concurrent.LinkedBlockingQueue.take(LinkedBlockingQueue.java:442)&#10;        at java.util.concurrent.ThreadPoolExecutor.getTask(ThreadPoolExecutor.java:1074)&#10;        at java.util.concurrent.ThreadPoolExecutor.runWorker(ThreadPoolExecutor.java:1134)&#10;        at java.util.concurrent.ThreadPoolExecutor$Worker.run(ThreadPoolExecutor.java:624)&#10;        at java.lang.Thread.run(Thread.java:748)&#10;&quot;IPC Server handler 16 on default port 46143&quot; daemon prio=5 tid=4588 timed_waiting&#10;java.lang.Thread.State: TIMED_WAITING&#10;        at sun.misc.Unsafe.park(Native Method)&#10;        at java.util.concurrent.locks.LockSupport.parkNanos(LockSupport.java:215)&#10;        at java.util.concurrent.locks.AbstractQueuedSynchronizer$ConditionObject.awaitNanos(AbstractQueuedSynchronizer.java:2078)&#10;        at java.util.concurrent.LinkedBlockingQueue.poll(LinkedBlockingQueue.java:467)&#10;        at org.apache.hadoop.ipc.CallQueueManager.take(CallQueueManager.java:317)&#10;        at org.apache.hadoop.ipc.Server$Handler.run(Server.java:2932)&#10;&quot;e5d3e9d3-1367-47eb-ad7f-372895a70f55@group-BCEEFC5FE04E-StateMachineUpdater&quot; daemon prio=5 tid=4841 in Object.wait()&#10;java.lang.Thread.State: WAITING (on object monitor)&#10;        at java.lang.Object.wait(Native Method)&#10;        at java.lang.Object.wait(Object.java:502)&#10;        at org.apache.ratis.server.impl.StateMachineUpdater.waitForCommit(StateMachineUpdater.java:204)&#10;        at org.apache.ratis.server.impl.StateMachineUpdater.run(StateMachineUpdater.java:173)&#10;        at java.lang.Thread.run(Thread.java:748)&#10;&quot;BlockDeletingService#6&quot; daemon prio=5 tid=4816 in Object.wait()&#10;java.lang.Thread.State: WAITING (on object monitor)&#10;        at sun.misc.Unsafe.park(Native Method)&#10;        at java.util.concurrent.locks.LockSupport.park(LockSupport.java:175)&#10;        at java.util.concurrent.locks.AbstractQueuedSynchronizer$ConditionObject.await(AbstractQueuedSynchronizer.java:2039)&#10;        at java.util.concurrent.ScheduledThreadPoolExecutor$DelayedWorkQueue.take(ScheduledThreadPoolExecutor.java:1088)&#10;        at java.util.concurrent.ScheduledThreadPoolExecutor$DelayedWorkQueue.take(ScheduledThreadPoolExecutor.java:809)&#10;        at java.util.concurrent.ThreadPoolExecutor.getTask(ThreadPoolExecutor.java:1074)&#10;        at java.util.concurrent.ThreadPoolExecutor.runWorker(ThreadPoolExecutor.java:1134)&#10;        at java.util.concurrent.ThreadPoolExecutor$Worker.run(ThreadPoolExecutor.java:624)&#10;        at java.lang.Thread.run(Thread.java:748)&#10;&quot;IPC Server handler 12 on default port 32893&quot; daemon prio=5 tid=4624 timed_waiting&#10;java.lang.Thread.State: TIMED_WAITING&#10;        at sun.misc.Unsafe.park(Native Method)&#10;        at java.util.concurrent.locks.LockSupport.parkNanos(LockSupport.java:215)&#10;        at java.util.concurrent.locks.AbstractQueuedSynchronizer$ConditionObject.awaitNanos(AbstractQueuedSynchronizer.java:2078)&#10;        at java.util.concurrent.LinkedBlockingQueue.poll(LinkedBlockingQueue.java:467)&#10;        at org.apache.hadoop.ipc.CallQueueManager.take(CallQueueManager.java:317)&#10;        at org.apache.hadoop.ipc.Server$Handler.run(Server.java:2932)&#10;&quot;IPC Server idle connection scanner for port 32893&quot; daemon prio=5 tid=4559 timed_waiting&#10;java.lang.Thread.State: TIMED_WAITING&#10;        at java.lang.Object.wait(Native Method)&#10;        at java.util.TimerThread.mainLoop(Timer.java:552)&#10;        at java.util.TimerThread.run(Timer.java:505)&#10;&quot;IPC Parameter Sending Thread #0&quot; daemon prio=5 tid=108 timed_waiting&#10;java.lang.Thread.State: TIMED_WAITING&#10;        at sun.misc.Unsafe.park(Native Method)&#10;        at java.util.concurrent.locks.LockSupport.parkNanos(LockSupport.java:215)&#10;        at java.util.concurrent.SynchronousQueue$TransferStack.awaitFulfill(SynchronousQueue.java:460)&#10;        at java.util.concurrent.SynchronousQueue$TransferStack.transfer(SynchronousQueue.java:362)&#10;        at java.util.concurrent.SynchronousQueue.poll(SynchronousQueue.java:941)&#10;        at java.util.concurrent.ThreadPoolExecutor.getTask(ThreadPoolExecutor.java:1073)&#10;        at java.util.concurrent.ThreadPoolExecutor.runWorker(ThreadPoolExecutor.java:1134)&#10;        at java.util.concurrent.ThreadPoolExecutor$Worker.run(ThreadPoolExecutor.java:624)&#10;        at java.lang.Thread.run(Thread.java:748)&#10;&quot;IPC Server handler 10 on default port 46143&quot; daemon prio=5 tid=4582 timed_waiting&#10;java.lang.Thread.State: TIMED_WAITING&#10;        at sun.misc.Unsafe.park(Native Method)&#10;        at java.util.concurrent.locks.LockSupport.parkNanos(LockSupport.java:215)&#10;        at java.util.concurrent.locks.AbstractQueuedSynchronizer$ConditionObject.awaitNanos(AbstractQueuedSynchronizer.java:2078)&#10;        at java.util.concurrent.LinkedBlockingQueue.poll(LinkedBlockingQueue.java:467)&#10;        at org.apache.hadoop.ipc.CallQueueManager.take(CallQueueManager.java:317)&#10;        at org.apache.hadoop.ipc.Server$Handler.run(Server.java:2932)&#10;&quot;IPC Server handler 3 on default port 46143&quot; daemon prio=5 tid=4575 timed_waiting&#10;java.lang.Thread.State: TIMED_WAITING&#10;        at sun.misc.Unsafe.park(Native Method)&#10;        at java.util.concurrent.locks.LockSupport.parkNanos(LockSupport.java:215)&#10;        at java.util.concurrent.locks.AbstractQueuedSynchronizer$ConditionObject.awaitNanos(AbstractQueuedSynchronizer.java:2078)&#10;        at java.util.concurrent.LinkedBlockingQueue.poll(LinkedBlockingQueue.java:467)&#10;        at org.apache.hadoop.ipc.CallQueueManager.take(CallQueueManager.java:317)&#10;        at org.apache.hadoop.ipc.Server$Handler.run(Server.java:2932)&#10;&quot;Finalizer&quot; daemon prio=8 tid=3 in Object.wait()&#10;java.lang.Thread.State: WAITING (on object monitor)&#10;        at java.lang.Object.wait(Native Method)&#10;        at java.lang.ref.ReferenceQueue.remove(ReferenceQueue.java:144)&#10;        at java.lang.ref.ReferenceQueue.remove(ReferenceQueue.java:165)&#10;        at java.lang.ref.Finalizer$FinalizerThread.run(Finalizer.java:216)&#10;&quot;PartialTableCache Cleanup Thread - 0&quot; daemon prio=5 tid=7368 in Object.wait()&#10;java.lang.Thread.State: WAITING (on object monitor)&#10;        at sun.misc.Unsafe.park(Native Method)&#10;        at java.util.concurrent.locks.LockSupport.park(LockSupport.java:175)&#10;        at java.util.concurrent.locks.AbstractQueuedSynchronizer$ConditionObject.await(AbstractQueuedSynchronizer.java:2039)&#10;        at java.util.concurrent.LinkedBlockingQueue.take(LinkedBlockingQueue.java:442)&#10;        at java.util.concurrent.ThreadPoolExecutor.getTask(ThreadPoolExecutor.java:1074)&#10;        at java.util.concurrent.ThreadPoolExecutor.runWorker(ThreadPoolExecutor.java:1134)&#10;        at java.util.concurrent.ThreadPoolExecutor$Worker.run(ThreadPoolExecutor.java:624)&#10;        at java.lang.Thread.run(Thread.java:748)&#10;&quot;BlockDeletingService#1&quot; daemon prio=5 tid=4777 in Object.wait()&#10;java.lang.Thread.State: WAITING (on object monitor)&#10;        at sun.misc.Unsafe.park(Native Method)&#10;        at java.util.concurrent.locks.LockSupport.park(LockSupport.java:175)&#10;        at java.util.concurrent.locks.AbstractQueuedSynchronizer$ConditionObject.await(AbstractQueuedSynchronizer.java:2039)&#10;        at java.util.concurrent.ScheduledThreadPoolExecutor$DelayedWorkQueue.take(ScheduledThreadPoolExecutor.java:1088)&#10;        at java.util.concurrent.ScheduledThreadPoolExecutor$DelayedWorkQueue.take(ScheduledThreadPoolExecutor.java:809)&#10;        at java.util.concurrent.ThreadPoolExecutor.getTask(ThreadPoolExecutor.java:1074)&#10;        at java.util.concurrent.ThreadPoolExecutor.runWorker(ThreadPoolExecutor.java:1134)&#10;        at java.util.concurrent.ThreadPoolExecutor$Worker.run(ThreadPoolExecutor.java:624)&#10;        at java.lang.Thread.run(Thread.java:748)&#10;&quot;IPC Server handler 11 on default port 32925&quot; daemon prio=5 tid=4681 timed_waiting&#10;java.lang.Thread.State: TIMED_WAITING&#10;        at sun.misc.Unsafe.park(Native Method)&#10;        at java.util.concurrent.locks.LockSupport.parkNanos(LockSupport.java:215)&#10;        at java.util.concurrent.locks.AbstractQueuedSynchronizer$ConditionObject.awaitNanos(AbstractQueuedSynchronizer.java:2078)&#10;        at java.util.concurrent.LinkedBlockingQueue.poll(LinkedBlockingQueue.java:467)&#10;        at org.apache.hadoop.ipc.CallQueueManager.take(CallQueueManager.java:317)&#10;        at org.apache.hadoop.ipc.Server$Handler.run(Server.java:2932)&#10;&quot;pool-467-thread-1&quot;  prio=5 tid=4913 in Object.wait()&#10;java.lang.Thread.State: WAITING (on object monitor)&#10;        at sun.misc.Unsafe.park(Native Method)&#10;        at java.util.concurrent.locks.LockSupport.park(LockSupport.java:175)&#10;        at java.util.concurrent.locks.AbstractQueuedSynchronizer$ConditionObject.await(AbstractQueuedSynchronizer.java:2039)&#10;        at java.util.concurrent.LinkedBlockingQueue.take(LinkedBlockingQueue.java:442)&#10;        at java.util.concurrent.ThreadPoolExecutor.getTask(ThreadPoolExecutor.java:1074)&#10;        at java.util.concurrent.ThreadPoolExecutor.runWorker(ThreadPoolExecutor.java:1134)&#10;        at java.util.concurrent.ThreadPoolExecutor$Worker.run(ThreadPoolExecutor.java:624)&#10;        at java.lang.Thread.run(Thread.java:748)&#10;&quot;IPC Server handler 16 on default port 32925&quot; daemon prio=5 tid=4686 timed_waiting&#10;java.lang.Thread.State: TIMED_WAITING&#10;        at sun.misc.Unsafe.park(Native Method)&#10;        at java.util.concurrent.locks.LockSupport.parkNanos(LockSupport.java:215)&#10;        at java.util.concurrent.locks.AbstractQueuedSynchronizer$ConditionObject.awaitNanos(AbstractQueuedSynchronizer.java:2078)&#10;        at java.util.concurrent.LinkedBlockingQueue.poll(LinkedBlockingQueue.java:467)&#10;        at org.apache.hadoop.ipc.CallQueueManager.take(CallQueueManager.java:317)&#10;        at org.apache.hadoop.ipc.Server$Handler.run(Server.java:2932)&#10;&quot;IPC Server handler 8 on default port 46143&quot; daemon prio=5 tid=4580 timed_waiting&#10;java.lang.Thread.State: TIMED_WAITING&#10;        at sun.misc.Unsafe.park(Native Method)&#10;        at java.util.concurrent.locks.LockSupport.parkNanos(LockSupport.java:215)&#10;        at java.util.concurrent.locks.AbstractQueuedSynchronizer$ConditionObject.awaitNanos(AbstractQueuedSynchronizer.java:2078)&#10;        at java.util.concurrent.LinkedBlockingQueue.poll(LinkedBlockingQueue.java:467)&#10;        at org.apache.hadoop.ipc.CallQueueManager.take(CallQueueManager.java:317)&#10;        at org.apache.hadoop.ipc.Server$Handler.run(Server.java:2932)&#10;&quot;om1@group-C5BA1605619E-LeaderStateImpl&quot; daemon prio=5 tid=4708 timed_waiting&#10;java.lang.Thread.State: TIMED_WAITING&#10;        at sun.misc.Unsafe.park(Native Method)&#10;        at java.util.concurrent.locks.LockSupport.parkNanos(LockSupport.java:215)&#10;        at java.util.concurrent.locks.AbstractQueuedSynchronizer$ConditionObject.awaitNanos(AbstractQueuedSynchronizer.java:2078)&#10;        at java.util.concurrent.ArrayBlockingQueue.poll(ArrayBlockingQueue.java:418)&#10;        at org.apache.ratis.server.impl.LeaderStateImpl$EventQueue.poll(LeaderStateImpl.java:155)&#10;        at org.apache.ratis.server.impl.LeaderStateImpl$EventProcessor.run(LeaderStateImpl.java:587)&#10;&quot;EventQueue-CloseContainerForCloseContainerEventHandler&quot;  prio=5 tid=7373 in Object.wait()&#10;java.lang.Thread.State: WAITING (on object monitor)&#10;        at sun.misc.Unsafe.park(Native Method)&#10;        at java.util.concurrent.locks.LockSupport.park(LockSupport.java:175)&#10;        at java.util.concurrent.locks.AbstractQueuedSynchronizer$ConditionObject.await(AbstractQueuedSynchronizer.java:2039)&#10;        at java.util.concurrent.LinkedBlockingQueue.take(LinkedBlockingQueue.java:442)&#10;        at java.util.concurrent.ThreadPoolExecutor.getTask(ThreadPoolExecutor.java:1074)&#10;        at java.util.concurrent.ThreadPoolExecutor.runWorker(ThreadPoolExecutor.java:1134)&#10;        at java.util.concurrent.ThreadPoolExecutor$Worker.run(ThreadPoolExecutor.java:624)&#10;        at java.lang.Thread.run(Thread.java:748)&#10;&quot;Socket Reader #1 for port 0&quot;  prio=5 tid=4650 runnable&#10;java.lang.Thread.State: RUNNABLE&#10;        at sun.nio.ch.EPollArrayWrapper.epollWait(Native Method)&#10;        at sun.nio.ch.EPollArrayWrapper.poll(EPollArrayWrapper.java:269)&#10;        at sun.nio.ch.EPollSelectorImpl.doSelect(EPollSelectorImpl.java:93)&#10;        at sun.nio.ch.SelectorImpl.lockAndDoSelect(SelectorImpl.java:86)&#10;        at sun.nio.ch.SelectorImpl.select(SelectorImpl.java:97)&#10;        at sun.nio.ch.SelectorImpl.select(SelectorImpl.java:101)&#10;        at org.apache.hadoop.ipc.Server$Listener$Reader.doRunLoop(Server.java:1288)&#10;        at org.apache.hadoop.ipc.Server$Listener$Reader.run(Server.java:1267)&#10;&quot;BlockDeletingService#3&quot; daemon prio=5 tid=4779 in Object.wait()&#10;java.lang.Thread.State: WAITING (on object monitor)&#10;        at sun.misc.Unsafe.park(Native Method)&#10;        at java.util.concurrent.locks.LockSupport.park(LockSupport.java:175)&#10;        at java.util.concurrent.locks.AbstractQueuedSynchronizer$ConditionObject.await(AbstractQueuedSynchronizer.java:2039)&#10;        at java.util.concurrent.ScheduledThreadPoolExecutor$DelayedWorkQueue.take(ScheduledThreadPoolExecutor.java:1088)&#10;        at java.util.concurrent.ScheduledThreadPoolExecutor$DelayedWorkQueue.take(ScheduledThreadPoolExecutor.java:809)&#10;        at java.util.concurrent.ThreadPoolExecutor.getTask(ThreadPoolExecutor.java:1074)&#10;        at java.util.concurrent.ThreadPoolExecutor.runWorker(ThreadPoolExecutor.java:1134)&#10;        at java.util.concurrent.ThreadPoolExecutor$Worker.run(ThreadPoolExecutor.java:624)&#10;        at java.lang.Thread.run(Thread.java:748)&#10;&quot;IPC Server handler 11 on default port 43321&quot; daemon prio=5 tid=4603 timed_waiting&#10;java.lang.Thread.State: TIMED_WAITING&#10;        at sun.misc.Unsafe.park(Native Method)&#10;        at java.util.concurrent.locks.LockSupport.parkNanos(LockSupport.java:215)&#10;        at java.util.concurrent.locks.AbstractQueuedSynchronizer$ConditionObject.awaitNanos(AbstractQueuedSynchronizer.java:2078)&#10;        at java.util.concurrent.LinkedBlockingQueue.poll(LinkedBlockingQueue.java:467)&#10;        at org.apache.hadoop.ipc.CallQueueManager.take(CallQueueManager.java:317)&#10;        at org.apache.hadoop.ipc.Server$Handler.run(Server.java:2932)&#10;&quot;IPC Server handler 6 on default port 46143&quot; daemon prio=5 tid=4578 timed_waiting&#10;java.lang.Thread.State: TIMED_WAITING&#10;        at sun.misc.Unsafe.park(Native Method)&#10;        at java.util.concurrent.locks.LockSupport.parkNanos(LockSupport.java:215)&#10;        at java.util.concurrent.locks.AbstractQueuedSynchronizer$ConditionObject.awaitNanos(AbstractQueuedSynchronizer.java:2078)&#10;        at java.util.concurrent.LinkedBlockingQueue.poll(LinkedBlockingQueue.java:467)&#10;        at org.apache.hadoop.ipc.CallQueueManager.take(CallQueueManager.java:317)&#10;        at org.apache.hadoop.ipc.Server$Handler.run(Server.java:2932)&#10;&quot;IPC Server handler 19 on default port 43321&quot; daemon prio=5 tid=4611 timed_waiting&#10;java.lang.Thread.State: TIMED_WAITING&#10;        at sun.misc.Unsafe.park(Native Method)&#10;        at java.util.concurrent.locks.LockSupport.parkNanos(LockSupport.java:215)&#10;        at java.util.concurrent.locks.AbstractQueuedSynchronizer$ConditionObject.awaitNanos(AbstractQueuedSynchronizer.java:2078)&#10;        at java.util.concurrent.LinkedBlockingQueue.poll(LinkedBlockingQueue.java:467)&#10;        at org.apache.hadoop.ipc.CallQueueManager.take(CallQueueManager.java:317)&#10;        at org.apache.hadoop.ipc.Server$Handler.run(Server.java:2932)&#10;&quot;EventQueue-NewNodeForNewNodeHandler&quot; daemon prio=5 tid=4817 in Object.wait()&#10;java.lang.Thread.State: WAITING (on object monitor)&#10;        at sun.misc.Unsafe.park(Native Method)&#10;        at java.util.concurrent.locks.LockSupport.park(LockSupport.java:175)&#10;        at java.util.concurrent.locks.AbstractQueuedSynchronizer$ConditionObject.await(AbstractQueuedSynchronizer.java:2039)&#10;        at java.util.concurrent.LinkedBlockingQueue.take(LinkedBlockingQueue.java:442)&#10;        at java.util.concurrent.ThreadPoolExecutor.getTask(ThreadPoolExecutor.java:1074)&#10;        at java.util.concurrent.ThreadPoolExecutor.runWorker(ThreadPoolExecutor.java:1134)&#10;        at java.util.concurrent.ThreadPoolExecutor$Worker.run(ThreadPoolExecutor.java:624)&#10;        at java.lang.Thread.run(Thread.java:748)&#10;&quot;qtp342524388-4751-acceptor-0@3eec9f7f-ServerConnector@57b6b828{HTTP/1.1, (http/1.1)}{0.0.0.0:46135}&quot; daemon prio=3 tid=4751 runnable&#10;java.lang.Thread.State: RUNNABLE&#10;        at sun.nio.ch.ServerSocketChannelImpl.accept0(Native Method)&#10;        at sun.nio.ch.ServerSocketChannelImpl.accept(ServerSocketChannelImpl.java:421)&#10;        at sun.nio.ch.ServerSocketChannelImpl.accept(ServerSocketChannelImpl.java:249)&#10;        at org.eclipse.jetty.server.ServerConnector.accept(ServerConnector.java:388)&#10;        at org.eclipse.jetty.server.AbstractConnector$Acceptor.run(AbstractConnector.java:702)&#10;        at org.eclipse.jetty.util.thread.QueuedThreadPool.runJob(QueuedThreadPool.java:883)&#10;        at org.eclipse.jetty.util.thread.QueuedThreadPool$Runner.run(QueuedThreadPool.java:1034)&#10;        at java.lang.Thread.run(Thread.java:748)&#10;&quot;surefire-forkedjvm-command-thread&quot; daemon prio=5 tid=9 runnable&#10;java.lang.Thread.State: RUNNABLE&#10;        at java.io.FileInputStream.readBytes(Native Method)&#10;        at java.io.FileInputStream.read(FileInputStream.java:255)&#10;        at java.io.BufferedInputStream.fill(BufferedInputStream.java:246)&#10;        at java.io.BufferedInputStream.read(BufferedInputStream.java:265)&#10;        at java.io.DataInputStream.readInt(DataInputStream.java:387)&#10;        at org.apache.maven.surefire.booter.MasterProcessCommand.decode(MasterProcessCommand.java:115)&#10;        at org.apache.maven.surefire.booter.CommandReader$CommandRunnable.run(CommandReader.java:390)&#10;        at java.lang.Thread.run(Thread.java:748)&#10;&quot;Datanode ReportManager Thread - 0&quot; daemon prio=5 tid=4760 timed_waiting&#10;java.lang.Thread.State: TIMED_WAITING&#10;        at sun.misc.Unsafe.park(Native Method)&#10;        at java.util.concurrent.locks.LockSupport.parkNanos(LockSupport.java:215)&#10;        at java.util.concurrent.locks.AbstractQueuedSynchronizer$ConditionObject.awaitNanos(AbstractQueuedSynchronizer.java:2078)&#10;        at java.util.concurrent.ScheduledThreadPoolExecutor$DelayedWorkQueue.take(ScheduledThreadPoolExecutor.java:1093)&#10;        at java.util.concurrent.ScheduledThreadPoolExecutor$DelayedWorkQueue.take(ScheduledThreadPoolExecutor.java:809)&#10;        at java.util.concurrent.ThreadPoolExecutor.getTask(ThreadPoolExecutor.java:1074)&#10;        at java.util.concurrent.ThreadPoolExecutor.runWorker(ThreadPoolExecutor.java:1134)&#10;        at java.util.concurrent.ThreadPoolExecutor$Worker.run(ThreadPoolExecutor.java:624)&#10;        at java.lang.Thread.run(Thread.java:748)&#10;&quot;pool-466-thread-8&quot;  prio=5 tid=4960 in Object.wait()&#10;java.lang.Thread.State: WAITING (on object monitor)&#10;        at sun.misc.Unsafe.park(Native Method)&#10;        at java.util.concurrent.locks.LockSupport.park(LockSupport.java:175)&#10;        at java.util.concurrent.locks.AbstractQueuedSynchronizer$ConditionObject.await(AbstractQueuedSynchronizer.java:2039)&#10;        at java.util.concurrent.LinkedBlockingQueue.take(LinkedBlockingQueue.java:442)&#10;        at java.util.concurrent.ThreadPoolExecutor.getTask(ThreadPoolExecutor.java:1074)&#10;        at java.util.concurrent.ThreadPoolExecutor.runWorker(ThreadPoolExecutor.java:1134)&#10;        at java.util.concurrent.ThreadPoolExecutor$Worker.run(ThreadPoolExecutor.java:624)&#10;        at java.lang.Thread.run(Thread.java:748)&#10;&quot;qtp834390584-4662-acceptor-0@748d25ce-ServerConnector@6a5fcb32{HTTP/1.1, (http/1.1)}{0.0.0.0:37933}&quot; daemon prio=3 tid=4662 runnable&#10;java.lang.Thread.State: RUNNABLE&#10;        at sun.nio.ch.ServerSocketChannelImpl.accept0(Native Method)&#10;        at sun.nio.ch.ServerSocketChannelImpl.accept(ServerSocketChannelImpl.java:421)&#10;        at sun.nio.ch.ServerSocketChannelImpl.accept(ServerSocketChannelImpl.java:249)&#10;        at org.eclipse.jetty.server.ServerConnector.accept(ServerConnector.java:388)&#10;        at org.eclipse.jetty.server.AbstractConnector$Acceptor.run(AbstractConnector.java:702)&#10;        at org.eclipse.jetty.util.thread.QueuedThreadPool.runJob(QueuedThreadPool.java:883)&#10;        at org.eclipse.jetty.util.thread.QueuedThreadPool$Runner.run(QueuedThreadPool.java:1034)&#10;        at java.lang.Thread.run(Thread.java:748)&#10;&quot;IPC Server handler 7 on default port 43321&quot; daemon prio=5 tid=4599 timed_waiting&#10;java.lang.Thread.State: TIMED_WAITING&#10;        at sun.misc.Unsafe.park(Native Method)&#10;        at java.util.concurrent.locks.LockSupport.parkNanos(LockSupport.java:215)&#10;        at java.util.concurrent.locks.AbstractQueuedSynchronizer$ConditionObject.awaitNanos(AbstractQueuedSynchronizer.java:2078)&#10;        at java.util.concurrent.LinkedBlockingQueue.poll(LinkedBlockingQueue.java:467)&#10;        at org.apache.hadoop.ipc.CallQueueManager.take(CallQueueManager.java:317)&#10;        at org.apache.hadoop.ipc.Server$Handler.run(Server.java:2932)&#10;&quot;qtp342524388-4755&quot; daemon prio=5 tid=4755 timed_waiting&#10;java.lang.Thread.State: TIMED_WAITING&#10;        at sun.misc.Unsafe.park(Native Method)&#10;        at java.util.concurrent.locks.LockSupport.parkNanos(LockSupport.java:215)&#10;        at java.util.concurrent.locks.AbstractQueuedSynchronizer$ConditionObject.awaitNanos(AbstractQueuedSynchronizer.java:2078)&#10;        at org.eclipse.jetty.util.BlockingArrayQueue.poll(BlockingArrayQueue.java:382)&#10;        at org.eclipse.jetty.util.thread.QueuedThreadPool$Runner.idleJobPoll(QueuedThreadPool.java:974)&#10;        at org.eclipse.jetty.util.thread.QueuedThreadPool$Runner.run(QueuedThreadPool.java:1018)&#10;        at java.lang.Thread.run(Thread.java:748)&#10;&quot;pool-466-thread-5&quot;  prio=5 tid=4945 in Object.wait()&#10;java.lang.Thread.State: WAITING (on object monitor)&#10;        at sun.misc.Unsafe.park(Native Method)&#10;        at java.util.concurrent.locks.LockSupport.park(LockSupport.java:175)&#10;        at java.util.concurrent.locks.AbstractQueuedSynchronizer$ConditionObject.await(AbstractQueuedSynchronizer.java:2039)&#10;        at java.util.concurrent.LinkedBlockingQueue.take(LinkedBlockingQueue.java:442)&#10;        at java.util.concurrent.ThreadPoolExecutor.getTask(ThreadPoolExecutor.java:1074)&#10;        at java.util.concurrent.ThreadPoolExecutor.runWorker(ThreadPoolExecutor.java:1134)&#10;        at java.util.concurrent.ThreadPoolExecutor$Worker.run(ThreadPoolExecutor.java:624)&#10;        at java.lang.Thread.run(Thread.java:748)&#10;&quot;grpc-default-executor-4&quot; daemon prio=5 tid=470 timed_waiting&#10;java.lang.Thread.State: TIMED_WAITING&#10;        at sun.misc.Unsafe.park(Native Method)&#10;        at java.util.concurrent.locks.LockSupport.parkNanos(LockSupport.java:215)&#10;        at java.util.concurrent.SynchronousQueue$TransferStack.awaitFulfill(SynchronousQueue.java:460)&#10;        at java.util.concurrent.SynchronousQueue$TransferStack.transfer(SynchronousQueue.java:362)&#10;        at java.util.concurrent.SynchronousQueue.poll(SynchronousQueue.java:941)&#10;        at java.util.concurrent.ThreadPoolExecutor.getTask(ThreadPoolExecutor.java:1073)&#10;        at java.util.concurrent.ThreadPoolExecutor.runWorker(ThreadPoolExecutor.java:1134)&#10;        at java.util.concurrent.ThreadPoolExecutor$Worker.run(ThreadPoolExecutor.java:624)&#10;        at java.lang.Thread.run(Thread.java:748)&#10;&quot;IPC Server listener on 0&quot; daemon prio=5 tid=4649 runnable&#10;java.lang.Thread.State: RUNNABLE&#10;        at sun.nio.ch.EPollArrayWrapper.epollWait(Native Method)&#10;        at sun.nio.ch.EPollArrayWrapper.poll(EPollArrayWrapper.java:269)&#10;        at sun.nio.ch.EPollSelectorImpl.doSelect(EPollSelectorImpl.java:93)&#10;        at sun.nio.ch.SelectorImpl.lockAndDoSelect(SelectorImpl.java:86)&#10;        at sun.nio.ch.SelectorImpl.select(SelectorImpl.java:97)&#10;        at sun.nio.ch.SelectorImpl.select(SelectorImpl.java:101)&#10;        at org.apache.hadoop.ipc.Server$Listener.run(Server.java:1350)&#10;&quot;EventQueue-ContainerReportForContainerReportHandler&quot; daemon prio=5 tid=4830 in Object.wait()&#10;java.lang.Thread.State: WAITING (on object monitor)&#10;        at sun.misc.Unsafe.park(Native Method)&#10;        at java.util.concurrent.locks.LockSupport.park(LockSupport.java:175)&#10;        at java.util.concurrent.locks.AbstractQueuedSynchronizer$ConditionObject.await(AbstractQueuedSynchronizer.java:2039)&#10;        at java.util.concurrent.LinkedBlockingQueue.take(LinkedBlockingQueue.java:442)&#10;        at java.util.concurrent.ThreadPoolExecutor.getTask(ThreadPoolExecutor.java:1074)&#10;        at java.util.concurrent.ThreadPoolExecutor.runWorker(ThreadPoolExecutor.java:1134)&#10;        at java.util.concurrent.ThreadPoolExecutor$Worker.run(ThreadPoolExecutor.java:624)&#10;        at java.lang.Thread.run(Thread.java:748)&#10;&quot;EventQueue-NodeRegistrationContainerReportForContainerSafeModeRule&quot; daemon prio=5 tid=4820 in Object.wait()&#10;java.lang.Thread.State: WAITING (on object monitor)&#10;        at sun.misc.Unsafe.park(Native Method)&#10;        at java.util.concurrent.locks.LockSupport.park(LockSupport.java:175)&#10;        at java.util.concurrent.locks.AbstractQueuedSynchronizer$ConditionObject.await(AbstractQueuedSynchronizer.java:2039)&#10;        at java.util.concurrent.LinkedBlockingQueue.take(LinkedBlockingQueue.java:442)&#10;        at java.util.concurrent.ThreadPoolExecutor.getTask(ThreadPoolExecutor.java:1074)&#10;        at java.util.concurrent.ThreadPoolExecutor.runWorker(ThreadPoolExecutor.java:1134)&#10;        at java.util.concurrent.ThreadPoolExecutor$Worker.run(ThreadPoolExecutor.java:624)&#10;        at java.lang.Thread.run(Thread.java:748)&#10;&quot;IPC Server handler 17 on default port 43321&quot; daemon prio=5 tid=4609 timed_waiting&#10;java.lang.Thread.State: TIMED_WAITING&#10;        at sun.misc.Unsafe.park(Native Method)&#10;        at java.util.concurrent.locks.LockSupport.parkNanos(LockSupport.java:215)&#10;        at java.util.concurrent.locks.AbstractQueuedSynchronizer$ConditionObject.awaitNanos(AbstractQueuedSynchronizer.java:2078)&#10;        at java.util.concurrent.LinkedBlockingQueue.poll(LinkedBlockingQueue.java:467)&#10;        at org.apache.hadoop.ipc.CallQueueManager.take(CallQueueManager.java:317)&#10;        at org.apache.hadoop.ipc.Server$Handler.run(Server.java:2932)&#10;&quot;org.apache.ratis.util.JvmPauseMonitor$$Lambda$531/524014602@7f4c06c7&quot; daemon prio=5 tid=4807 timed_waiting&#10;java.lang.Thread.State: TIMED_WAITING&#10;        at java.lang.Thread.sleep(Native Method)&#10;        at java.lang.Thread.sleep(Thread.java:340)&#10;        at java.util.concurrent.TimeUnit.sleep(TimeUnit.java:386)&#10;        at org.apache.ratis.util.TimeDuration.sleep(TimeDuration.java:324)&#10;        at org.apache.ratis.util.TimeDuration.sleep(TimeDuration.java:309)&#10;        at org.apache.ratis.util.JvmPauseMonitor.detectPause(JvmPauseMonitor.java:117)&#10;        at org.apache.ratis.util.JvmPauseMonitor.run(JvmPauseMonitor.java:106)&#10;        at org.apache.ratis.util.JvmPauseMonitor$$Lambda$531/524014602.run(Unknown Source)&#10;        at java.lang.Thread.run(Thread.java:748)&#10;&quot;pool-466-thread-9&quot;  prio=5 tid=4964 in Object.wait()&#10;java.lang.Thread.State: WAITING (on object monitor)&#10;        at sun.misc.Unsafe.park(Native Method)&#10;        at java.util.concurrent.locks.LockSupport.park(LockSupport.java:175)&#10;        at java.util.concurrent.locks.AbstractQueuedSynchronizer$ConditionObject.await(AbstractQueuedSynchronizer.java:2039)&#10;        at java.util.concurrent.LinkedBlockingQueue.take(LinkedBlockingQueue.java:442)&#10;        at java.util.concurrent.ThreadPoolExecutor.getTask(ThreadPoolExecutor.java:1074)&#10;        at java.util.concurrent.ThreadPoolExecutor.runWorker(ThreadPoolExecutor.java:1134)&#10;        at java.util.concurrent.ThreadPoolExecutor$Worker.run(ThreadPoolExecutor.java:624)&#10;        at java.lang.Thread.run(Thread.java:748)&#10;&quot;Datanode ReportManager Thread - 4&quot; daemon prio=5 tid=4739 in Object.wait()&#10;java.lang.Thread.State: WAITING (on object monitor)&#10;        at sun.misc.Unsafe.park(Native Method)&#10;        at java.util.concurrent.locks.LockSupport.park(LockSupport.java:175)&#10;        at java.util.concurrent.locks.AbstractQueuedSynchronizer$ConditionObject.await(AbstractQueuedSynchronizer.java:2039)&#10;        at java.util.concurrent.ScheduledThreadPoolExecutor$DelayedWorkQueue.take(ScheduledThreadPoolExecutor.java:1088)&#10;        at java.util.concurrent.ScheduledThreadPoolExecutor$DelayedWorkQueue.take(ScheduledThreadPoolExecutor.java:809)&#10;        at java.util.concurrent.ThreadPoolExecutor.getTask(ThreadPoolExecutor.java:1074)&#10;        at java.util.concurrent.ThreadPoolExecutor.runWorker(ThreadPoolExecutor.java:1134)&#10;        at java.util.concurrent.ThreadPoolExecutor$Worker.run(ThreadPoolExecutor.java:624)&#10;        at java.lang.Thread.run(Thread.java:748)&#10;&quot;IPC Server handler 8 on default port 32893&quot; daemon prio=5 tid=4620 timed_waiting&#10;java.lang.Thread.State: TIMED_WAITING&#10;        at sun.misc.Unsafe.park(Native Method)&#10;        at java.util.concurrent.locks.LockSupport.parkNanos(LockSupport.java:215)&#10;        at java.util.concurrent.locks.AbstractQueuedSynchronizer$ConditionObject.awaitNanos(AbstractQueuedSynchronizer.java:2078)&#10;        at java.util.concurrent.LinkedBlockingQueue.poll(LinkedBlockingQueue.java:467)&#10;        at org.apache.hadoop.ipc.CallQueueManager.take(CallQueueManager.java:317)&#10;        at org.apache.hadoop.ipc.Server$Handler.run(Server.java:2932)&#10;&quot;qtp580779646-4636-acceptor-0@7ab2aee9-ServerConnector@69eb668b{HTTP/1.1, (http/1.1)}{0.0.0.0:40641}&quot; daemon prio=3 tid=4636 runnable&#10;java.lang.Thread.State: RUNNABLE&#10;        at sun.nio.ch.ServerSocketChannelImpl.accept0(Native Method)&#10;        at sun.nio.ch.ServerSocketChannelImpl.accept(ServerSocketChannelImpl.java:421)&#10;        at sun.nio.ch.ServerSocketChannelImpl.accept(ServerSocketChannelImpl.java:249)&#10;        at org.eclipse.jetty.server.ServerConnector.accept(ServerConnector.java:388)&#10;        at org.eclipse.jetty.server.AbstractConnector$Acceptor.run(AbstractConnector.java:702)&#10;        at org.eclipse.jetty.util.thread.QueuedThreadPool.runJob(QueuedThreadPool.java:883)&#10;        at org.eclipse.jetty.util.thread.QueuedThreadPool$Runner.run(QueuedThreadPool.java:1034)&#10;        at java.lang.Thread.run(Thread.java:748)&#10;&quot;org.apache.hadoop.ozone.container.common.statemachine.commandhandler.DeleteBlocksCommandHandler$DeleteCmdWorker@2cacda88&quot; daemon prio=5 tid=4419 runnable&#10;java.lang.Thread.State: RUNNABLE&#10;        at java.lang.Thread.sleep(Native Method)&#10;        at org.apache.hadoop.ozone.container.common.statemachine.commandhandler.DeleteBlocksCommandHandler$DeleteCmdWorker.run(DeleteBlocksCommandHandler.java:174)&#10;        at java.lang.Thread.run(Thread.java:748)&#10;&quot;pool-465-thread-5&quot;  prio=5 tid=4931 in Object.wait()&#10;java.lang.Thread.State: WAITING (on object monitor)&#10;        at sun.misc.Unsafe.park(Native Method)&#10;        at java.util.concurrent.locks.LockSupport.park(LockSupport.java:175)&#10;        at java.util.concurrent.locks.AbstractQueuedSynchronizer$ConditionObject.await(AbstractQueuedSynchronizer.java:2039)&#10;        at java.util.concurrent.LinkedBlockingQueue.take(LinkedBlockingQueue.java:442)&#10;        at java.util.concurrent.ThreadPoolExecutor.getTask(ThreadPoolExecutor.java:1074)&#10;        at java.util.concurrent.ThreadPoolExecutor.runWorker(ThreadPoolExecutor.java:1134)&#10;        at java.util.concurrent.ThreadPoolExecutor$Worker.run(ThreadPoolExecutor.java:624)&#10;        at java.lang.Thread.run(Thread.java:748)&#10;&quot;pool-466-thread-4&quot;  prio=5 tid=4922 in Object.wait()&#10;java.lang.Thread.State: WAITING (on object monitor)&#10;        at sun.misc.Unsafe.park(Native Method)&#10;        at java.util.concurrent.locks.LockSupport.park(LockSupport.java:175)&#10;        at java.util.concurrent.locks.AbstractQueuedSynchronizer$ConditionObject.await(AbstractQueuedSynchronizer.java:2039)&#10;        at java.util.concurrent.LinkedBlockingQueue.take(LinkedBlockingQueue.java:442)&#10;        at java.util.concurrent.ThreadPoolExecutor.getTask(ThreadPoolExecutor.java:1074)&#10;        at java.util.concurrent.ThreadPoolExecutor.runWorker(ThreadPoolExecutor.java:1134)&#10;        at java.util.concurrent.ThreadPoolExecutor$Worker.run(ThreadPoolExecutor.java:624)&#10;        at java.lang.Thread.run(Thread.java:748)&#10;&quot;IPC Server handler 9 on default port 43321&quot; daemon prio=5 tid=4601 timed_waiting&#10;java.lang.Thread.State: TIMED_WAITING&#10;        at sun.misc.Unsafe.park(Native Method)&#10;        at java.util.concurrent.locks.LockSupport.parkNanos(LockSupport.java:215)&#10;        at java.util.concurrent.locks.AbstractQueuedSynchronizer$ConditionObject.awaitNanos(AbstractQueuedSynchronizer.java:2078)&#10;        at java.util.concurrent.LinkedBlockingQueue.poll(LinkedBlockingQueue.java:467)&#10;        at org.apache.hadoop.ipc.CallQueueManager.take(CallQueueManager.java:317)&#10;        at org.apache.hadoop.ipc.Server$Handler.run(Server.java:2932)&#10;&quot;IPC Server handler 15 on default port 46143&quot; daemon prio=5 tid=4587 timed_waiting&#10;java.lang.Thread.State: TIMED_WAITING&#10;        at sun.misc.Unsafe.park(Native Method)&#10;        at java.util.concurrent.locks.LockSupport.parkNanos(LockSupport.java:215)&#10;        at java.util.concurrent.locks.AbstractQueuedSynchronizer$ConditionObject.awaitNanos(AbstractQueuedSynchronizer.java:2078)&#10;        at java.util.concurrent.LinkedBlockingQueue.poll(LinkedBlockingQueue.java:467)&#10;        at org.apache.hadoop.ipc.CallQueueManager.take(CallQueueManager.java:317)&#10;        at org.apache.hadoop.ipc.Server$Handler.run(Server.java:2932)&#10;&quot;RatisPipelineUtilsThread - 0&quot;  prio=5 tid=4554 timed_waiting&#10;java.lang.Thread.State: TIMED_WAITING&#10;        at java.lang.Object.wait(Native Method)&#10;        at org.apache.hadoop.hdds.scm.pipeline.BackgroundPipelineCreatorV2.run(BackgroundPipelineCreatorV2.java:183)&#10;        at org.apache.hadoop.hdds.scm.pipeline.BackgroundPipelineCreatorV2$$Lambda$239/1032689422.run(Unknown Source)&#10;        at java.lang.Thread.run(Thread.java:748)&#10;&quot;IPC Server handler 3 on default port 43321&quot; daemon prio=5 tid=4595 timed_waiting&#10;java.lang.Thread.State: TIMED_WAITING&#10;        at sun.misc.Unsafe.park(Native Method)&#10;        at java.util.concurrent.locks.LockSupport.parkNanos(LockSupport.java:215)&#10;        at java.util.concurrent.locks.AbstractQueuedSynchronizer$ConditionObject.awaitNanos(AbstractQueuedSynchronizer.java:2078)&#10;        at java.util.concurrent.LinkedBlockingQueue.poll(LinkedBlockingQueue.java:467)&#10;        at org.apache.hadoop.ipc.CallQueueManager.take(CallQueueManager.java:317)&#10;        at org.apache.hadoop.ipc.Server$Handler.run(Server.java:2932)&#10;&quot;IPC Server handler 6 on default port 32925&quot; daemon prio=5 tid=4676 timed_waiting&#10;java.lang.Thread.State: TIMED_WAITING&#10;        at sun.misc.Unsafe.park(Native Method)&#10;        at java.util.concurrent.locks.LockSupport.parkNanos(LockSupport.java:215)&#10;        at java.util.concurrent.locks.AbstractQueuedSynchronizer$ConditionObject.awaitNanos(AbstractQueuedSynchronizer.java:2078)&#10;        at java.util.concurrent.LinkedBlockingQueue.poll(LinkedBlockingQueue.java:467)&#10;        at org.apache.hadoop.ipc.CallQueueManager.take(CallQueueManager.java:317)&#10;        at org.apache.hadoop.ipc.Server$Handler.run(Server.java:2932)&#10;&quot;FullTableCache Cleanup Thread - 0&quot; daemon prio=5 tid=345 in Object.wait()&#10;java.lang.Thread.State: WAITING (on object monitor)&#10;        at sun.misc.Unsafe.park(Native Method)&#10;        at java.util.concurrent.locks.LockSupport.park(LockSupport.java:175)&#10;        at java.util.concurrent.locks.AbstractQueuedSynchronizer$ConditionObject.await(AbstractQueuedSynchronizer.java:2039)&#10;        at java.util.concurrent.LinkedBlockingQueue.take(LinkedBlockingQueue.java:442)&#10;        at java.util.concurrent.ThreadPoolExecutor.getTask(ThreadPoolExecutor.java:1074)&#10;        at java.util.concurrent.ThreadPoolExecutor.runWorker(ThreadPoolExecutor.java:1134)&#10;        at java.util.concurrent.ThreadPoolExecutor$Worker.run(ThreadPoolExecutor.java:624)&#10;        at java.lang.Thread.run(Thread.java:748)&#10;&quot;grpc-default-executor-2&quot; daemon prio=5 tid=349 timed_waiting&#10;java.lang.Thread.State: TIMED_WAITING&#10;        at sun.misc.Unsafe.park(Native Method)&#10;        at java.util.concurrent.locks.LockSupport.parkNanos(LockSupport.java:215)&#10;        at java.util.concurrent.SynchronousQueue$TransferStack.awaitFulfill(SynchronousQueue.java:460)&#10;        at java.util.concurrent.SynchronousQueue$TransferStack.transfer(SynchronousQueue.java:362)&#10;        at java.util.concurrent.SynchronousQueue.poll(SynchronousQueue.java:941)&#10;        at java.util.concurrent.ThreadPoolExecutor.getTask(ThreadPoolExecutor.java:1073)&#10;        at java.util.concurrent.ThreadPoolExecutor.runWorker(ThreadPoolExecutor.java:1134)&#10;        at java.util.concurrent.ThreadPoolExecutor$Worker.run(ThreadPoolExecutor.java:624)&#10;        at java.lang.Thread.run(Thread.java:748)&#10;&quot;BlockDeletingService#6&quot; daemon prio=5 tid=4782 in Object.wait()&#10;java.lang.Thread.State: WAITING (on object monitor)&#10;        at sun.misc.Unsafe.park(Native Method)&#10;        at java.util.concurrent.locks.LockSupport.park(LockSupport.java:175)&#10;        at java.util.concurrent.locks.AbstractQueuedSynchronizer$ConditionObject.await(AbstractQueuedSynchronizer.java:2039)&#10;        at java.util.concurrent.ScheduledThreadPoolExecutor$DelayedWorkQueue.take(ScheduledThreadPoolExecutor.java:1088)&#10;        at java.util.concurrent.ScheduledThreadPoolExecutor$DelayedWorkQueue.take(ScheduledThreadPoolExecutor.java:809)&#10;        at java.util.concurrent.ThreadPoolExecutor.getTask(ThreadPoolExecutor.java:1074)&#10;        at java.util.concurrent.ThreadPoolExecutor.runWorker(ThreadPoolExecutor.java:1134)&#10;        at java.util.concurrent.ThreadPoolExecutor$Worker.run(ThreadPoolExecutor.java:624)&#10;        at java.lang.Thread.run(Thread.java:748)&#10;&quot;EndpointStateMachine task thread for /0.0.0.0:45017 - 0 &quot;  prio=5 tid=3827 in Object.wait()&#10;java.lang.Thread.State: WAITING (on object monitor)&#10;        at sun.misc.Unsafe.park(Native Method)&#10;        at java.util.concurrent.locks.LockSupport.park(LockSupport.java:175)&#10;        at java.util.concurrent.locks.AbstractQueuedSynchronizer$ConditionObject.await(AbstractQueuedSynchronizer.java:2039)&#10;        at java.util.concurrent.LinkedBlockingQueue.take(LinkedBlockingQueue.java:442)&#10;        at java.util.concurrent.ThreadPoolExecutor.getTask(ThreadPoolExecutor.java:1074)&#10;        at java.util.concurrent.ThreadPoolExecutor.runWorker(ThreadPoolExecutor.java:1134)&#10;        at java.util.concurrent.ThreadPoolExecutor$Worker.run(ThreadPoolExecutor.java:624)&#10;        at java.lang.Thread.run(Thread.java:748)&#10;&quot;Session-HouseKeeper-1339f9e0-1&quot;  prio=5 tid=4706 timed_waiting&#10;java.lang.Thread.State: TIMED_WAITING&#10;        at sun.misc.Unsafe.park(Native Method)&#10;        at java.util.concurrent.locks.LockSupport.parkNanos(LockSupport.java:215)&#10;        at java.util.concurrent.locks.AbstractQueuedSynchronizer$ConditionObject.awaitNanos(AbstractQueuedSynchronizer.java:2078)&#10;        at java.util.concurrent.ScheduledThreadPoolExecutor$DelayedWorkQueue.take(ScheduledThreadPoolExecutor.java:1093)&#10;        at java.util.concurrent.ScheduledThreadPoolExecutor$DelayedWorkQueue.take(ScheduledThreadPoolExecutor.java:809)&#10;        at java.util.concurrent.ThreadPoolExecutor.getTask(ThreadPoolExecutor.java:1074)&#10;        at java.util.concurrent.ThreadPoolExecutor.runWorker(ThreadPoolExecutor.java:1134)&#10;        at java.util.concurrent.ThreadPoolExecutor$Worker.run(ThreadPoolExecutor.java:624)&#10;        at java.lang.Thread.run(Thread.java:748)&#10;&quot;FullTableCache Cleanup Thread - 0&quot; daemon prio=5 tid=4888 in Object.wait()&#10;java.lang.Thread.State: WAITING (on object monitor)&#10;        at sun.misc.Unsafe.park(Native Method)&#10;        at java.util.concurrent.locks.LockSupport.park(LockSupport.java:175)&#10;        at java.util.concurrent.locks.AbstractQueuedSynchronizer$ConditionObject.await(AbstractQueuedSynchronizer.java:2039)&#10;        at java.util.concurrent.LinkedBlockingQueue.take(LinkedBlockingQueue.java:442)&#10;        at java.util.concurrent.ThreadPoolExecutor.getTask(ThreadPoolExecutor.java:1074)&#10;        at java.util.concurrent.ThreadPoolExecutor.runWorker(ThreadPoolExecutor.java:1134)&#10;        at java.util.concurrent.ThreadPoolExecutor$Worker.run(ThreadPoolExecutor.java:624)&#10;        at java.lang.Thread.run(Thread.java:748)&#10;&quot;BlockDeletingService#4&quot; daemon prio=5 tid=4797 in Object.wait()&#10;java.lang.Thread.State: WAITING (on object monitor)&#10;        at sun.misc.Unsafe.park(Native Method)&#10;        at java.util.concurrent.locks.LockSupport.park(LockSupport.java:175)&#10;        at java.util.concurrent.locks.AbstractQueuedSynchronizer$ConditionObject.await(AbstractQueuedSynchronizer.java:2039)&#10;        at java.util.concurrent.ScheduledThreadPoolExecutor$DelayedWorkQueue.take(ScheduledThreadPoolExecutor.java:1088)&#10;        at java.util.concurrent.ScheduledThreadPoolExecutor$DelayedWorkQueue.take(ScheduledThreadPoolExecutor.java:809)&#10;        at java.util.concurrent.ThreadPoolExecutor.getTask(ThreadPoolExecutor.java:1074)&#10;        at java.util.concurrent.ThreadPoolExecutor.runWorker(ThreadPoolExecutor.java:1134)&#10;        at java.util.concurrent.ThreadPoolExecutor$Worker.run(ThreadPoolExecutor.java:624)&#10;        at java.lang.Thread.run(Thread.java:748)&#10;&quot;BlockDeletingService#4&quot; daemon prio=5 tid=4780 in Object.wait()&#10;java.lang.Thread.State: WAITING (on object monitor)&#10;        at sun.misc.Unsafe.park(Native Method)&#10;        at java.util.concurrent.locks.LockSupport.park(LockSupport.java:175)&#10;        at java.util.concurrent.locks.AbstractQueuedSynchronizer$ConditionObject.await(AbstractQueuedSynchronizer.java:2039)&#10;        at java.util.concurrent.ScheduledThreadPoolExecutor$DelayedWorkQueue.take(ScheduledThreadPoolExecutor.java:1088)&#10;        at java.util.concurrent.ScheduledThreadPoolExecutor$DelayedWorkQueue.take(ScheduledThreadPoolExecutor.java:809)&#10;        at java.util.concurrent.ThreadPoolExecutor.getTask(ThreadPoolExecutor.java:1074)&#10;        at java.util.concurrent.ThreadPoolExecutor.runWorker(ThreadPoolExecutor.java:1134)&#10;        at java.util.concurrent.ThreadPoolExecutor$Worker.run(ThreadPoolExecutor.java:624)&#10;        at java.lang.Thread.run(Thread.java:748)&#10;&quot;qtp342524388-4756&quot; daemon prio=5 tid=4756 timed_waiting&#10;java.lang.Thread.State: TIMED_WAITING&#10;        at sun.misc.Unsafe.park(Native Method)&#10;        at java.util.concurrent.locks.LockSupport.parkNanos(LockSupport.java:215)&#10;        at java.util.concurrent.locks.AbstractQueuedSynchronizer$ConditionObject.awaitNanos(AbstractQueuedSynchronizer.java:2078)&#10;        at org.eclipse.jetty.util.BlockingArrayQueue.poll(BlockingArrayQueue.java:382)&#10;        at org.eclipse.jetty.util.thread.QueuedThreadPool$Runner.idleJobPoll(QueuedThreadPool.java:974)&#10;        at org.eclipse.jetty.util.thread.QueuedThreadPool$Runner.run(QueuedThreadPool.java:1018)&#10;        at java.lang.Thread.run(Thread.java:748)&#10;&quot;BlockDeletingService#7&quot; daemon prio=5 tid=4806 in Object.wait()&#10;java.lang.Thread.State: WAITING (on object monitor)&#10;        at sun.misc.Unsafe.park(Native Method)&#10;        at java.util.concurrent.locks.LockSupport.park(LockSupport.java:175)&#10;        at java.util.concurrent.locks.AbstractQueuedSynchronizer$ConditionObject.await(AbstractQueuedSynchronizer.java:2039)&#10;        at java.util.concurrent.ScheduledThreadPoolExecutor$DelayedWorkQueue.take(ScheduledThreadPoolExecutor.java:1088)&#10;        at java.util.concurrent.ScheduledThreadPoolExecutor$DelayedWorkQueue.take(ScheduledThreadPoolExecutor.java:809)&#10;        at java.util.concurrent.ThreadPoolExecutor.getTask(ThreadPoolExecutor.java:1074)&#10;        at java.util.concurrent.ThreadPoolExecutor.runWorker(ThreadPoolExecutor.java:1134)&#10;        at java.util.concurrent.ThreadPoolExecutor$Worker.run(ThreadPoolExecutor.java:624)&#10;        at java.lang.Thread.run(Thread.java:748)&#10;&quot;IPC Server handler 5 on default port 46143&quot; daemon prio=5 tid=4577 timed_waiting&#10;java.lang.Thread.State: TIMED_WAITING&#10;        at sun.misc.Unsafe.park(Native Method)&#10;        at java.util.concurrent.locks.LockSupport.parkNanos(LockSupport.java:215)&#10;        at java.util.concurrent.locks.AbstractQueuedSynchronizer$ConditionObject.awaitNanos(AbstractQueuedSynchronizer.java:2078)&#10;        at java.util.concurrent.LinkedBlockingQueue.poll(LinkedBlockingQueue.java:467)&#10;        at org.apache.hadoop.ipc.CallQueueManager.take(CallQueueManager.java:317)&#10;        at org.apache.hadoop.ipc.Server$Handler.run(Server.java:2932)&#10;&quot;EventQueue-ContainerReportForContainerReportHandler&quot; daemon prio=5 tid=4833 in Object.wait()&#10;java.lang.Thread.State: WAITING (on object monitor)&#10;        at sun.misc.Unsafe.park(Native Method)&#10;        at java.util.concurrent.locks.LockSupport.park(LockSupport.java:175)&#10;        at java.util.concurrent.locks.AbstractQueuedSynchronizer$ConditionObject.await(AbstractQueuedSynchronizer.java:2039)&#10;        at java.util.concurrent.LinkedBlockingQueue.take(LinkedBlockingQueue.java:442)&#10;        at java.util.concurrent.ThreadPoolExecutor.getTask(ThreadPoolExecutor.java:1074)&#10;        at java.util.concurrent.ThreadPoolExecutor.runWorker(ThreadPoolExecutor.java:1134)&#10;        at java.util.concurrent.ThreadPoolExecutor$Worker.run(ThreadPoolExecutor.java:624)&#10;        at java.lang.Thread.run(Thread.java:748)&#10;&quot;pool-465-thread-10&quot;  prio=5 tid=4975 in Object.wait()&#10;java.lang.Thread.State: WAITING (on object monitor)&#10;        at sun.misc.Unsafe.park(Native Method)&#10;        at java.util.concurrent.locks.LockSupport.park(LockSupport.java:175)&#10;        at java.util.concurrent.locks.AbstractQueuedSynchronizer$ConditionObject.await(AbstractQueuedSynchronizer.java:2039)&#10;        at java.util.concurrent.LinkedBlockingQueue.take(LinkedBlockingQueue.java:442)&#10;        at java.util.concurrent.ThreadPoolExecutor.getTask(ThreadPoolExecutor.java:1074)&#10;        at java.util.concurrent.ThreadPoolExecutor.runWorker(ThreadPoolExecutor.java:1134)&#10;        at java.util.concurrent.ThreadPoolExecutor$Worker.run(ThreadPoolExecutor.java:624)&#10;        at java.lang.Thread.run(Thread.java:748)&#10;&quot;IPC Server Responder&quot; daemon prio=5 tid=4560 runnable&#10;java.lang.Thread.State: RUNNABLE&#10;        at sun.nio.ch.EPollArrayWrapper.epollWait(Native Method)&#10;        at sun.nio.ch.EPollArrayWrapper.poll(EPollArrayWrapper.java:269)&#10;        at sun.nio.ch.EPollSelectorImpl.doSelect(EPollSelectorImpl.java:93)&#10;        at sun.nio.ch.SelectorImpl.lockAndDoSelect(SelectorImpl.java:86)&#10;        at sun.nio.ch.SelectorImpl.select(SelectorImpl.java:97)&#10;        at org.apache.hadoop.ipc.Server$Responder.doRunLoop(Server.java:1527)&#10;        at org.apache.hadoop.ipc.Server$Responder.run(Server.java:1510)&#10;&quot;Timer for &apos;StorageContainerManager&apos; metrics system&quot; daemon prio=5 tid=4569 timed_waiting&#10;java.lang.Thread.State: TIMED_WAITING&#10;        at java.lang.Object.wait(Native Method)&#10;        at java.util.TimerThread.mainLoop(Timer.java:552)&#10;        at java.util.TimerThread.run(Timer.java:505)&#10;&quot;pool-466-thread-3&quot;  prio=5 tid=4917 in Object.wait()&#10;java.lang.Thread.State: WAITING (on object monitor)&#10;        at sun.misc.Unsafe.park(Native Method)&#10;        at java.util.concurrent.locks.LockSupport.park(LockSupport.java:175)&#10;        at java.util.concurrent.locks.AbstractQueuedSynchronizer$ConditionObject.await(AbstractQueuedSynchronizer.java:2039)&#10;        at java.util.concurrent.LinkedBlockingQueue.take(LinkedBlockingQueue.java:442)&#10;        at java.util.concurrent.ThreadPoolExecutor.getTask(ThreadPoolExecutor.java:1074)&#10;        at java.util.concurrent.ThreadPoolExecutor.runWorker(ThreadPoolExecutor.java:1134)&#10;        at java.util.concurrent.ThreadPoolExecutor$Worker.run(ThreadPoolExecutor.java:624)&#10;        at java.lang.Thread.run(Thread.java:748)&#10;&quot;IPC Server handler 8 on default port 43321&quot; daemon prio=5 tid=4600 timed_waiting&#10;java.lang.Thread.State: TIMED_WAITING&#10;        at sun.misc.Unsafe.park(Native Method)&#10;        at java.util.concurrent.locks.LockSupport.parkNanos(LockSupport.java:215)&#10;        at java.util.concurrent.locks.AbstractQueuedSynchronizer$ConditionObject.awaitNanos(AbstractQueuedSynchronizer.java:2078)&#10;        at java.util.concurrent.LinkedBlockingQueue.poll(LinkedBlockingQueue.java:467)&#10;        at org.apache.hadoop.ipc.CallQueueManager.take(CallQueueManager.java:317)&#10;        at org.apache.hadoop.ipc.Server$Handler.run(Server.java:2932)&#10;&quot;org.apache.hadoop.ozone.container.common.statemachine.commandhandler.DeleteBlocksCommandHandler$DeleteCmdWorker@4d42465e&quot; daemon prio=5 tid=3740 runnable&#10;java.lang.Thread.State: RUNNABLE&#10;        at java.lang.Thread.sleep(Native Method)&#10;        at org.apache.hadoop.ozone.container.common.statemachine.commandhandler.DeleteBlocksCommandHandler$DeleteCmdWorker.run(DeleteBlocksCommandHandler.java:174)&#10;        at java.lang.Thread.run(Thread.java:748)&#10;&quot;pool-465-thread-4&quot;  prio=5 tid=4927 in Object.wait()&#10;java.lang.Thread.State: WAITING (on object monitor)&#10;        at sun.misc.Unsafe.park(Native Method)&#10;        at java.util.concurrent.locks.LockSupport.park(LockSupport.java:175)&#10;        at java.util.concurrent.locks.AbstractQueuedSynchronizer$ConditionObject.await(AbstractQueuedSynchronizer.java:2039)&#10;        at java.util.concurrent.LinkedBlockingQueue.take(LinkedBlockingQueue.java:442)&#10;        at java.util.concurrent.ThreadPoolExecutor.getTask(ThreadPoolExecutor.java:1074)&#10;        at java.util.concurrent.ThreadPoolExecutor.runWorker(ThreadPoolExecutor.java:1134)&#10;        at java.util.concurrent.ThreadPoolExecutor$Worker.run(ThreadPoolExecutor.java:624)&#10;        at java.lang.Thread.run(Thread.java:748)&#10;&quot;IPC Client (2013570947) connection to /0.0.0.0:32893 from runner&quot; daemon prio=5 tid=4770 timed_waiting&#10;java.lang.Thread.State: TIMED_WAITING&#10;        at java.lang.Object.wait(Native Method)&#10;        at org.apache.hadoop.ipc.Client$Connection.waitForWork(Client.java:1053)&#10;        at org.apache.hadoop.ipc.Client$Connection.run(Client.java:1097)&#10;&quot;IPC Server handler 0 on default port 32925&quot; daemon prio=5 tid=4670 timed_waiting&#10;java.lang.Thread.State: TIMED_WAITING&#10;        at sun.misc.Unsafe.park(Native Method)&#10;        at java.util.concurrent.locks.LockSupport.parkNanos(LockSupport.java:215)&#10;        at java.util.concurrent.locks.AbstractQueuedSynchronizer$ConditionObject.awaitNanos(AbstractQueuedSynchronizer.java:2078)&#10;        at java.util.concurrent.LinkedBlockingQueue.poll(LinkedBlockingQueue.java:467)&#10;        at org.apache.hadoop.ipc.CallQueueManager.take(CallQueueManager.java:317)&#10;        at org.apache.hadoop.ipc.Server$Handler.run(Server.java:2932)&#10;&quot;ForkJoinPool.commonPool-worker-1&quot; daemon prio=5 tid=4951 timed_waiting&#10;java.lang.Thread.State: TIMED_WAITING&#10;        at sun.misc.Unsafe.park(Native Method)&#10;        at java.util.concurrent.ForkJoinPool.awaitWork(ForkJoinPool.java:1824)&#10;        at java.util.concurrent.ForkJoinPool.runWorker(ForkJoinPool.java:1693)&#10;        at java.util.concurrent.ForkJoinWorkerThread.run(ForkJoinWorkerThread.java:175)&#10;&quot;IPC Server handler 14 on default port 32925&quot; daemon prio=5 tid=4684 timed_waiting&#10;java.lang.Thread.State: TIMED_WAITING&#10;        at sun.misc.Unsafe.park(Native Method)&#10;        at java.util.concurrent.locks.LockSupport.parkNanos(LockSupport.java:215)&#10;        at java.util.concurrent.locks.AbstractQueuedSynchronizer$ConditionObject.awaitNanos(AbstractQueuedSynchronizer.java:2078)&#10;        at java.util.concurrent.LinkedBlockingQueue.poll(LinkedBlockingQueue.java:467)&#10;        at org.apache.hadoop.ipc.CallQueueManager.take(CallQueueManager.java:317)&#10;        at org.apache.hadoop.ipc.Server$Handler.run(Server.java:2932)&#10;&quot;BlockDeletingService#1&quot; daemon prio=5 tid=4809 in Object.wait()&#10;java.lang.Thread.State: WAITING (on object monitor)&#10;        at sun.misc.Unsafe.park(Native Method)&#10;        at java.util.concurrent.locks.LockSupport.parkNanos(LockSupport.java:215)&#10;        at java.util.concurrent.locks.AbstractQueuedSynchronizer$ConditionObject.awaitNanos(AbstractQueuedSynchronizer.java:2078)&#10;        at java.util.concurrent.ScheduledThreadPoolExecutor$DelayedWorkQueue.take(ScheduledThreadPoolExecutor.java:1093)&#10;        at java.util.concurrent.ScheduledThreadPoolExecutor$DelayedWorkQueue.take(ScheduledThreadPoolExecutor.java:809)&#10;        at java.util.concurrent.ThreadPoolExecutor.getTask(ThreadPoolExecutor.java:1074)&#10;        at java.util.concurrent.ThreadPoolExecutor.runWorker(ThreadPoolExecutor.java:1134)&#10;        at java.util.concurrent.ThreadPoolExecutor$Worker.run(ThreadPoolExecutor.java:624)&#10;        at java.lang.Thread.run(Thread.java:748)&#10;&quot;ChunkWriter-1-0&quot; daemon prio=5 tid=4803 in Object.wait()&#10;java.lang.Thread.State: WAITING (on object monitor)&#10;        at sun.misc.Unsafe.park(Native Method)&#10;        at java.util.concurrent.locks.LockSupport.park(LockSupport.java:175)&#10;        at java.util.concurrent.locks.AbstractQueuedSynchronizer$ConditionObject.await(AbstractQueuedSynchronizer.java:2039)&#10;        at java.util.concurrent.LinkedBlockingDeque.takeFirst(LinkedBlockingDeque.java:492)&#10;        at java.util.concurrent.LinkedBlockingDeque.take(LinkedBlockingDeque.java:680)&#10;        at java.util.concurrent.ThreadPoolExecutor.getTask(ThreadPoolExecutor.java:1074)&#10;        at java.util.concurrent.ThreadPoolExecutor.runWorker(ThreadPoolExecutor.java:1134)&#10;        at java.util.concurrent.ThreadPoolExecutor$Worker.run(ThreadPoolExecutor.java:624)&#10;        at java.lang.Thread.run(Thread.java:748)&#10;&quot;pool-467-thread-9&quot;  prio=5 tid=4967 in Object.wait()&#10;java.lang.Thread.State: WAITING (on object monitor)&#10;        at sun.misc.Unsafe.park(Native Method)&#10;        at java.util.concurrent.locks.LockSupport.park(LockSupport.java:175)&#10;        at java.util.concurrent.locks.AbstractQueuedSynchronizer$ConditionObject.await(AbstractQueuedSynchronizer.java:2039)&#10;        at java.util.concurrent.LinkedBlockingQueue.take(LinkedBlockingQueue.java:442)&#10;        at java.util.concurrent.ThreadPoolExecutor.getTask(ThreadPoolExecutor.java:1074)&#10;        at java.util.concurrent.ThreadPoolExecutor.runWorker(ThreadPoolExecutor.java:1134)&#10;        at java.util.concurrent.ThreadPoolExecutor$Worker.run(ThreadPoolExecutor.java:624)&#10;        at java.lang.Thread.run(Thread.java:748)&#10;&quot;org.apache.hadoop.ozone.container.common.statemachine.commandhandler.DeleteBlocksCommandHandler$DeleteCmdWorker@6e2a6063&quot; daemon prio=5 tid=161 runnable&#10;java.lang.Thread.State: RUNNABLE&#10;        at java.lang.Thread.sleep(Native Method)&#10;        at org.apache.hadoop.ozone.container.common.statemachine.commandhandler.DeleteBlocksCommandHandler$DeleteCmdWorker.run(DeleteBlocksCommandHandler.java:174)&#10;        at java.lang.Thread.run(Thread.java:748)&#10;&quot;grpc-shared-destroyer-0&quot; daemon prio=5 tid=3595 in Object.wait()&#10;java.lang.Thread.State: WAITING (on object monitor)&#10;        at sun.misc.Unsafe.park(Native Method)&#10;        at java.util.concurrent.locks.LockSupport.park(LockSupport.java:175)&#10;        at java.util.concurrent.locks.AbstractQueuedSynchronizer$ConditionObject.await(AbstractQueuedSynchronizer.java:2039)&#10;        at java.util.concurrent.ScheduledThreadPoolExecutor$DelayedWorkQueue.take(ScheduledThreadPoolExecutor.java:1081)&#10;        at java.util.concurrent.ScheduledThreadPoolExecutor$DelayedWorkQueue.take(ScheduledThreadPoolExecutor.java:809)&#10;        at java.util.concurrent.ThreadPoolExecutor.getTask(ThreadPoolExecutor.java:1074)&#10;        at java.util.concurrent.ThreadPoolExecutor.runWorker(ThreadPoolExecutor.java:1134)&#10;        at java.util.concurrent.ThreadPoolExecutor$Worker.run(ThreadPoolExecutor.java:624)&#10;        at java.lang.Thread.run(Thread.java:748)&#10;&quot;IPC Server handler 13 on default port 32893&quot; daemon prio=5 tid=4625 timed_waiting&#10;java.lang.Thread.State: TIMED_WAITING&#10;        at sun.misc.Unsafe.park(Native Method)&#10;        at java.util.concurrent.locks.LockSupport.parkNanos(LockSupport.java:215)&#10;        at java.util.concurrent.locks.AbstractQueuedSynchronizer$ConditionObject.awaitNanos(AbstractQueuedSynchronizer.java:2078)&#10;        at java.util.concurrent.LinkedBlockingQueue.poll(LinkedBlockingQueue.java:467)&#10;        at org.apache.hadoop.ipc.CallQueueManager.take(CallQueueManager.java:317)&#10;        at org.apache.hadoop.ipc.Server$Handler.run(Server.java:2932)&#10;&quot;DeleteBlocksCommandHandlerThread-0&quot; daemon prio=5 tid=7747 timed_waiting&#10;java.lang.Thread.State: TIMED_WAITING&#10;        at sun.misc.Unsafe.park(Native Method)&#10;        at java.util.concurrent.locks.LockSupport.parkNanos(LockSupport.java:215)&#10;        at java.util.concurrent.locks.AbstractQueuedSynchronizer$ConditionObject.awaitNanos(AbstractQueuedSynchronizer.java:2078)&#10;        at java.util.concurrent.LinkedBlockingQueue.poll(LinkedBlockingQueue.java:467)&#10;        at java.util.concurrent.ThreadPoolExecutor.getTask(ThreadPoolExecutor.java:1073)&#10;        at java.util.concurrent.ThreadPoolExecutor.runWorker(ThreadPoolExecutor.java:1134)&#10;        at java.util.concurrent.ThreadPoolExecutor$Worker.run(ThreadPoolExecutor.java:624)&#10;        at java.lang.Thread.run(Thread.java:748)&#10;&quot;FullTableCache Cleanup Thread - 0&quot; daemon prio=5 tid=4889 in Object.wait()&#10;java.lang.Thread.State: WAITING (on object monitor)&#10;        at sun.misc.Unsafe.park(Native Method)&#10;        at java.util.concurrent.locks.LockSupport.park(LockSupport.java:175)&#10;        at java.util.concurrent.locks.AbstractQueuedSynchronizer$ConditionObject.await(AbstractQueuedSynchronizer.java:2039)&#10;        at java.util.concurrent.LinkedBlockingQueue.take(LinkedBlockingQueue.java:442)&#10;        at java.util.concurrent.ThreadPoolExecutor.getTask(ThreadPoolExecutor.java:1074)&#10;        at java.util.concurrent.ThreadPoolExecutor.runWorker(ThreadPoolExecutor.java:1134)&#10;        at java.util.concurrent.ThreadPoolExecutor$Worker.run(ThreadPoolExecutor.java:624)&#10;        at java.lang.Thread.run(Thread.java:748)&#10;&quot;org.apache.hadoop.util.JvmPauseMonitor$Monitor@7ace0b5d&quot; daemon prio=5 tid=4633 timed_waiting&#10;java.lang.Thread.State: TIMED_WAITING&#10;        at java.lang.Thread.sleep(Native Method)&#10;        at org.apache.hadoop.util.JvmPauseMonitor$Monitor.run(JvmPauseMonitor.java:192)&#10;        at java.lang.Thread.run(Thread.java:748)&#10;&quot;IPC Server handler 13 on default port 46143&quot; daemon prio=5 tid=4585 timed_waiting&#10;java.lang.Thread.State: TIMED_WAITING&#10;        at sun.misc.Unsafe.park(Native Method)&#10;        at java.util.concurrent.locks.LockSupport.parkNanos(LockSupport.java:215)&#10;        at java.util.concurrent.locks.AbstractQueuedSynchronizer$ConditionObject.awaitNanos(AbstractQueuedSynchronizer.java:2078)&#10;        at java.util.concurrent.LinkedBlockingQueue.poll(LinkedBlockingQueue.java:467)&#10;        at org.apache.hadoop.ipc.CallQueueManager.take(CallQueueManager.java:317)&#10;        at org.apache.hadoop.ipc.Server$Handler.run(Server.java:2932)&#10;&quot;qtp834390584-4666&quot; daemon prio=5 tid=4666 timed_waiting&#10;java.lang.Thread.State: TIMED_WAITING&#10;        at sun.misc.Unsafe.park(Native Method)&#10;        at java.util.concurrent.locks.LockSupport.parkNanos(LockSupport.java:215)&#10;        at java.util.concurrent.locks.AbstractQueuedSynchronizer$ConditionObject.awaitNanos(AbstractQueuedSynchronizer.java:2078)&#10;        at org.eclipse.jetty.util.BlockingArrayQueue.poll(BlockingArrayQueue.java:382)&#10;        at org.eclipse.jetty.util.thread.QueuedThreadPool$Runner.idleJobPoll(QueuedThreadPool.java:974)&#10;        at org.eclipse.jetty.util.thread.QueuedThreadPool$Runner.run(QueuedThreadPool.java:1018)&#10;        at java.lang.Thread.run(Thread.java:748)&#10;&quot;BlockDeletingService#2&quot; daemon prio=5 tid=4778 timed_waiting&#10;java.lang.Thread.State: TIMED_WAITING&#10;        at sun.misc.Unsafe.park(Native Method)&#10;        at java.util.concurrent.locks.LockSupport.park(LockSupport.java:175)&#10;        at java.util.concurrent.CompletableFuture$Signaller.block(CompletableFuture.java:1707)&#10;        at java.util.concurrent.ForkJoinPool.managedBlock(ForkJoinPool.java:3323)&#10;        at java.util.concurrent.CompletableFuture.waitingGet(CompletableFuture.java:1742)&#10;        at java.util.concurrent.CompletableFuture.get(CompletableFuture.java:1908)&#10;        at org.apache.ratis.server.impl.RaftServerImpl.waitForReply(RaftServerImpl.java:880)&#10;        at org.apache.ratis.server.impl.RaftServerProxy.getGroupInfo(RaftServerProxy.java:524)&#10;        at org.apache.hadoop.ozone.container.common.transport.server.ratis.XceiverServerRatis.getMinReplicatedIndex(XceiverServerRatis.java:843)&#10;        at org.apache.hadoop.ozone.container.keyvalue.statemachine.background.BlockDeletingService.isDeletionAllowed(BlockDeletingService.java:206)&#10;        at org.apache.hadoop.ozone.container.keyvalue.statemachine.background.BlockDeletingService.lambda$chooseContainerForBlockDeletion$0(BlockDeletingService.java:180)&#10;        at org.apache.hadoop.ozone.container.keyvalue.statemachine.background.BlockDeletingService$$Lambda$680/2083688737.test(Unknown Source)&#10;        at java.util.stream.ReferencePipeline$2$1.accept(ReferencePipeline.java:174)&#10;        at java.util.Collections$UnmodifiableMap$UnmodifiableEntrySet.lambda$entryConsumer$0(Collections.java:1577)&#10;        at java.util.Collections$UnmodifiableMap$UnmodifiableEntrySet$$Lambda$683/2096444150.accept(Unknown Source)&#10;        at java.util.concurrent.ConcurrentSkipListMap$EntrySpliterator.forEachRemaining(ConcurrentSkipListMap.java:3535)&#10;        at java.util.Collections$UnmodifiableMap$UnmodifiableEntrySet$UnmodifiableEntrySetSpliterator.forEachRemaining(Collections.java:1602)&#10;        at java.util.stream.AbstractPipeline.copyInto(AbstractPipeline.java:482)&#10;        at java.util.stream.AbstractPipeline.wrapAndCopyInto(AbstractPipeline.java:472)&#10;        at java.util.stream.ReduceOps$ReduceOp.evaluateSequential(ReduceOps.java:708)&#10;        at java.util.stream.AbstractPipeline.evaluate(AbstractPipeline.java:234)&#10;        at java.util.stream.ReferencePipeline.collect(ReferencePipeline.java:566)&#10;        at org.apache.hadoop.ozone.container.keyvalue.statemachine.background.BlockDeletingService.chooseContainerForBlockDeletion(BlockDeletingService.java:181)&#10;        at org.apache.hadoop.ozone.container.keyvalue.statemachine.background.BlockDeletingService.getTasks(BlockDeletingService.java:145)&#10;        at org.apache.hadoop.hdds.utils.BackgroundService$PeriodicalTask.run(BackgroundService.java:97)&#10;        at java.util.concurrent.Executors$RunnableAdapter.call(Executors.java:511)&#10;        at java.util.concurrent.FutureTask.runAndReset(FutureTask.java:308)&#10;        at java.util.concurrent.ScheduledThreadPoolExecutor$ScheduledFutureTask.access$301(ScheduledThreadPoolExecutor.java:180)&#10;        at java.util.concurrent.ScheduledThreadPoolExecutor$ScheduledFutureTask.run(ScheduledThreadPoolExecutor.java:294)&#10;        at java.util.concurrent.ThreadPoolExecutor.runWorker(ThreadPoolExecutor.java:1149)&#10;        at java.util.concurrent.ThreadPoolExecutor$Worker.run(ThreadPoolExecutor.java:624)&#10;        at java.lang.Thread.run(Thread.java:748)&#10;&quot;qtp2133268403-4728&quot; daemon prio=5 tid=4728 timed_waiting&#10;java.lang.Thread.State: TIMED_WAITING&#10;        at sun.misc.Unsafe.park(Native Method)&#10;        at java.util.concurrent.locks.LockSupport.parkNanos(LockSupport.java:215)&#10;        at java.util.concurrent.locks.AbstractQueuedSynchronizer$ConditionObject.awaitNanos(AbstractQueuedSynchronizer.java:2078)&#10;        at org.eclipse.jetty.util.BlockingArrayQueue.poll(BlockingArrayQueue.java:382)&#10;        at org.eclipse.jetty.util.thread.QueuedThreadPool$Runner.idleJobPoll(QueuedThreadPool.java:974)&#10;        at org.eclipse.jetty.util.thread.QueuedThreadPool$Runner.run(QueuedThreadPool.java:1018)&#10;        at java.lang.Thread.run(Thread.java:748)&#10;&quot;pool-407-thread-1&quot;  prio=5 tid=4660 timed_waiting&#10;java.lang.Thread.State: TIMED_WAITING&#10;        at sun.misc.Unsafe.park(Native Method)&#10;        at java.util.concurrent.locks.LockSupport.parkNanos(LockSupport.java:215)&#10;        at java.util.concurrent.locks.AbstractQueuedSynchronizer$ConditionObject.awaitNanos(AbstractQueuedSynchronizer.java:2078)&#10;        at java.util.concurrent.ScheduledThreadPoolExecutor$DelayedWorkQueue.take(ScheduledThreadPoolExecutor.java:1093)&#10;        at java.util.concurrent.ScheduledThreadPoolExecutor$DelayedWorkQueue.take(ScheduledThreadPoolExecutor.java:809)&#10;        at java.util.concurrent.ThreadPoolExecutor.getTask(ThreadPoolExecutor.java:1074)&#10;        at java.util.concurrent.ThreadPoolExecutor.runWorker(ThreadPoolExecutor.java:1134)&#10;        at java.util.concurrent.ThreadPoolExecutor$Worker.run(ThreadPoolExecutor.java:624)&#10;        at java.lang.Thread.run(Thread.java:748)&#10;&quot;IPC Server handler 13 on default port 43321&quot; daemon prio=5 tid=4605 timed_waiting&#10;java.lang.Thread.State: TIMED_WAITING&#10;        at sun.misc.Unsafe.park(Native Method)&#10;        at java.util.concurrent.locks.LockSupport.parkNanos(LockSupport.java:215)&#10;        at java.util.concurrent.locks.AbstractQueuedSynchronizer$ConditionObject.awaitNanos(AbstractQueuedSynchronizer.java:2078)&#10;        at java.util.concurrent.LinkedBlockingQueue.poll(LinkedBlockingQueue.java:467)&#10;        at org.apache.hadoop.ipc.CallQueueManager.take(CallQueueManager.java:317)&#10;        at org.apache.hadoop.ipc.Server$Handler.run(Server.java:2932)&#10;&quot;BlockDeletingService#9&quot; daemon prio=5 tid=4794 in Object.wait()&#10;java.lang.Thread.State: WAITING (on object monitor)&#10;        at sun.misc.Unsafe.park(Native Method)&#10;        at java.util.concurrent.locks.LockSupport.park(LockSupport.java:175)&#10;        at java.util.concurrent.locks.AbstractQueuedSynchronizer$ConditionObject.await(AbstractQueuedSynchronizer.java:2039)&#10;        at java.util.concurrent.ScheduledThreadPoolExecutor$DelayedWorkQueue.take(ScheduledThreadPoolExecutor.java:1088)&#10;        at java.util.concurrent.ScheduledThreadPoolExecutor$DelayedWorkQueue.take(ScheduledThreadPoolExecutor.java:809)&#10;        at java.util.concurrent.ThreadPoolExecutor.getTask(ThreadPoolExecutor.java:1074)&#10;        at java.util.concurrent.ThreadPoolExecutor.runWorker(ThreadPoolExecutor.java:1134)&#10;        at java.util.concurrent.ThreadPoolExecutor$Worker.run(ThreadPoolExecutor.java:624)&#10;        at java.lang.Thread.run(Thread.java:748)&#10;&quot;org.apache.hadoop.ozone.container.common.statemachine.commandhandler.DeleteBlocksCommandHandler$DeleteCmdWorker@10378c35&quot; daemon prio=5 tid=211 runnable&#10;java.lang.Thread.State: RUNNABLE&#10;        at java.lang.Thread.sleep(Native Method)&#10;        at org.apache.hadoop.ozone.container.common.statemachine.commandhandler.DeleteBlocksCommandHandler$DeleteCmdWorker.run(DeleteBlocksCommandHandler.java:174)&#10;        at java.lang.Thread.run(Thread.java:748)&#10;&quot;a3a688a0-b759-42a1-9d42-7ea63bf88025@group-BCEEFC5FE04E-StateMachineUpdater&quot; daemon prio=5 tid=4837 in Object.wait()&#10;java.lang.Thread.State: WAITING (on object monitor)&#10;        at java.lang.Object.wait(Native Method)&#10;        at java.lang.Object.wait(Object.java:502)&#10;        at org.apache.ratis.server.impl.StateMachineUpdater.waitForCommit(StateMachineUpdater.java:204)&#10;        at org.apache.ratis.server.impl.StateMachineUpdater.run(StateMachineUpdater.java:173)&#10;        at java.lang.Thread.run(Thread.java:748)&#10;&quot;EventQueue-ContainerReportForContainerReportHandler&quot; daemon prio=5 tid=4832 in Object.wait()&#10;java.lang.Thread.State: WAITING (on object monitor)&#10;        at sun.misc.Unsafe.park(Native Method)&#10;        at java.util.concurrent.locks.LockSupport.park(LockSupport.java:175)&#10;        at java.util.concurrent.locks.AbstractQueuedSynchronizer$ConditionObject.await(AbstractQueuedSynchronizer.java:2039)&#10;        at java.util.concurrent.LinkedBlockingQueue.take(LinkedBlockingQueue.java:442)&#10;        at java.util.concurrent.ThreadPoolExecutor.getTask(ThreadPoolExecutor.java:1074)&#10;        at java.util.concurrent.ThreadPoolExecutor.runWorker(ThreadPoolExecutor.java:1134)&#10;        at java.util.concurrent.ThreadPoolExecutor$Worker.run(ThreadPoolExecutor.java:624)&#10;        at java.lang.Thread.run(Thread.java:748)&#10;&quot;Datanode ReportManager Thread - 3&quot; daemon prio=5 tid=4763 in Object.wait()&#10;java.lang.Thread.State: WAITING (on object monitor)&#10;        at sun.misc.Unsafe.park(Native Method)&#10;        at java.util.concurrent.locks.LockSupport.park(LockSupport.java:175)&#10;        at java.util.concurrent.locks.AbstractQueuedSynchronizer$ConditionObject.await(AbstractQueuedSynchronizer.java:2039)&#10;        at java.util.concurrent.ScheduledThreadPoolExecutor$DelayedWorkQueue.take(ScheduledThreadPoolExecutor.java:1088)&#10;        at java.util.concurrent.ScheduledThreadPoolExecutor$DelayedWorkQueue.take(ScheduledThreadPoolExecutor.java:809)&#10;        at java.util.concurrent.ThreadPoolExecutor.getTask(ThreadPoolExecutor.java:1074)&#10;        at java.util.concurrent.ThreadPoolExecutor.runWorker(ThreadPoolExecutor.java:1134)&#10;        at java.util.concurrent.ThreadPoolExecutor$Worker.run(ThreadPoolExecutor.java:624)&#10;        at java.lang.Thread.run(Thread.java:748)&#10;&quot;qtp1299272458-4704&quot; daemon prio=5 tid=4704 timed_waiting&#10;java.lang.Thread.State: TIMED_WAITING&#10;        at sun.misc.Unsafe.park(Native Method)&#10;        at java.util.concurrent.locks.LockSupport.parkNanos(LockSupport.java:215)&#10;        at java.util.concurrent.locks.AbstractQueuedSynchronizer$ConditionObject.awaitNanos(AbstractQueuedSynchronizer.java:2078)&#10;        at org.eclipse.jetty.util.BlockingArrayQueue.poll(BlockingArrayQueue.java:382)&#10;        at org.eclipse.jetty.util.thread.QueuedThreadPool$Runner.idleJobPoll(QueuedThreadPool.java:974)&#10;        at org.eclipse.jetty.util.thread.QueuedThreadPool$Runner.run(QueuedThreadPool.java:1018)&#10;        at java.lang.Thread.run(Thread.java:748)&#10;&quot;Periodic HDDS volume checker&quot; daemon prio=5 tid=4744 timed_waiting&#10;java.lang.Thread.State: TIMED_WAITING&#10;        at sun.misc.Unsafe.park(Native Method)&#10;        at java.util.concurrent.locks.LockSupport.parkNanos(LockSupport.java:215)&#10;        at java.util.concurrent.locks.AbstractQueuedSynchronizer$ConditionObject.awaitNanos(AbstractQueuedSynchronizer.java:2078)&#10;        at java.util.concurrent.ScheduledThreadPoolExecutor$DelayedWorkQueue.take(ScheduledThreadPoolExecutor.java:1093)&#10;        at java.util.concurrent.ScheduledThreadPoolExecutor$DelayedWorkQueue.take(ScheduledThreadPoolExecutor.java:809)&#10;        at java.util.concurrent.ThreadPoolExecutor.getTask(ThreadPoolExecutor.java:1074)&#10;        at java.util.concurrent.ThreadPoolExecutor.runWorker(ThreadPoolExecutor.java:1134)&#10;        at java.util.concurrent.ThreadPoolExecutor$Worker.run(ThreadPoolExecutor.java:624)&#10;        at java.lang.Thread.run(Thread.java:748)&#10;&quot;EventQueue-ContainerReportForContainerReportHandler&quot; daemon prio=5 tid=4844 in Object.wait()&#10;java.lang.Thread.State: WAITING (on object monitor)&#10;        at sun.misc.Unsafe.park(Native Method)&#10;        at java.util.concurrent.locks.LockSupport.park(LockSupport.java:175)&#10;        at java.util.concurrent.locks.AbstractQueuedSynchronizer$ConditionObject.await(AbstractQueuedSynchronizer.java:2039)&#10;        at java.util.concurrent.LinkedBlockingQueue.take(LinkedBlockingQueue.java:442)&#10;        at java.util.concurrent.ThreadPoolExecutor.getTask(ThreadPoolExecutor.java:1074)&#10;        at java.util.concurrent.ThreadPoolExecutor.runWorker(ThreadPoolExecutor.java:1134)&#10;        at java.util.concurrent.ThreadPoolExecutor$Worker.run(ThreadPoolExecutor.java:624)&#10;        at java.lang.Thread.run(Thread.java:748)&#10;&quot;Datanode ReportManager Thread - 2&quot; daemon prio=5 tid=4712 in Object.wait()&#10;java.lang.Thread.State: WAITING (on object monitor)&#10;        at sun.misc.Unsafe.park(Native Method)&#10;        at java.util.concurrent.locks.LockSupport.park(LockSupport.java:175)&#10;        at java.util.concurrent.locks.AbstractQueuedSynchronizer$ConditionObject.await(AbstractQueuedSynchronizer.java:2039)&#10;        at java.util.concurrent.ScheduledThreadPoolExecutor$DelayedWorkQueue.take(ScheduledThreadPoolExecutor.java:1088)&#10;        at java.util.concurrent.ScheduledThreadPoolExecutor$DelayedWorkQueue.take(ScheduledThreadPoolExecutor.java:809)&#10;        at java.util.concurrent.ThreadPoolExecutor.getTask(ThreadPoolExecutor.java:1074)&#10;        at java.util.concurrent.ThreadPoolExecutor.runWorker(ThreadPoolExecutor.java:1134)&#10;        at java.util.concurrent.ThreadPoolExecutor$Worker.run(ThreadPoolExecutor.java:624)&#10;        at java.lang.Thread.run(Thread.java:748)&#10;&quot;ChunkWriter-3-0&quot; daemon prio=5 tid=4805 in Object.wait()&#10;java.lang.Thread.State: WAITING (on object monitor)&#10;        at sun.misc.Unsafe.park(Native Method)&#10;        at java.util.concurrent.locks.LockSupport.park(LockSupport.java:175)&#10;        at java.util.concurrent.locks.AbstractQueuedSynchronizer$ConditionObject.await(AbstractQueuedSynchronizer.java:2039)&#10;        at java.util.concurrent.LinkedBlockingDeque.takeFirst(LinkedBlockingDeque.java:492)&#10;        at java.util.concurrent.LinkedBlockingDeque.take(LinkedBlockingDeque.java:680)&#10;        at java.util.concurrent.ThreadPoolExecutor.getTask(ThreadPoolExecutor.java:1074)&#10;        at java.util.concurrent.ThreadPoolExecutor.runWorker(ThreadPoolExecutor.java:1134)&#10;        at java.util.concurrent.ThreadPoolExecutor$Worker.run(ThreadPoolExecutor.java:624)&#10;        at java.lang.Thread.run(Thread.java:748)&#10;&quot;IPC Server handler 14 on default port 43321&quot; daemon prio=5 tid=4606 timed_waiting&#10;java.lang.Thread.State: TIMED_WAITING&#10;        at sun.misc.Unsafe.park(Native Method)&#10;        at java.util.concurrent.locks.LockSupport.parkNanos(LockSupport.java:215)&#10;        at java.util.concurrent.locks.AbstractQueuedSynchronizer$ConditionObject.awaitNanos(AbstractQueuedSynchronizer.java:2078)&#10;        at java.util.concurrent.LinkedBlockingQueue.poll(LinkedBlockingQueue.java:467)&#10;        at org.apache.hadoop.ipc.CallQueueManager.take(CallQueueManager.java:317)&#10;        at org.apache.hadoop.ipc.Server$Handler.run(Server.java:2932)&#10;&quot;pool-467-thread-7&quot;  prio=5 tid=4952 in Object.wait()&#10;java.lang.Thread.State: WAITING (on object monitor)&#10;        at sun.misc.Unsafe.park(Native Method)&#10;        at java.util.concurrent.locks.LockSupport.park(LockSupport.java:175)&#10;        at java.util.concurrent.locks.AbstractQueuedSynchronizer$ConditionObject.await(AbstractQueuedSynchronizer.java:2039)&#10;        at java.util.concurrent.LinkedBlockingQueue.take(LinkedBlockingQueue.java:442)&#10;        at java.util.concurrent.ThreadPoolExecutor.getTask(ThreadPoolExecutor.java:1074)&#10;        at java.util.concurrent.ThreadPoolExecutor.runWorker(ThreadPoolExecutor.java:1134)&#10;        at java.util.concurrent.ThreadPoolExecutor$Worker.run(ThreadPoolExecutor.java:624)&#10;        at java.lang.Thread.run(Thread.java:748)&#10;&quot;DeleteBlocksCommandHandlerThread-0&quot; daemon prio=5 tid=7927 timed_waiting&#10;java.lang.Thread.State: TIMED_WAITING&#10;        at sun.misc.Unsafe.park(Native Method)&#10;        at java.util.concurrent.locks.LockSupport.parkNanos(LockSupport.java:215)&#10;        at java.util.concurrent.locks.AbstractQueuedSynchronizer$ConditionObject.awaitNanos(AbstractQueuedSynchronizer.java:2078)&#10;        at java.util.concurrent.LinkedBlockingQueue.poll(LinkedBlockingQueue.java:467)&#10;        at java.util.concurrent.ThreadPoolExecutor.getTask(ThreadPoolExecutor.java:1073)&#10;        at java.util.concurrent.ThreadPoolExecutor.runWorker(ThreadPoolExecutor.java:1134)&#10;        at java.util.concurrent.ThreadPoolExecutor$Worker.run(ThreadPoolExecutor.java:624)&#10;        at java.lang.Thread.run(Thread.java:748)&#10;&quot;EndpointStateMachine task thread for /0.0.0.0:45017 - 0 &quot;  prio=5 tid=4456 in Object.wait()&#10;java.lang.Thread.State: WAITING (on object monitor)&#10;        at sun.misc.Unsafe.park(Native Method)&#10;        at java.util.concurrent.locks.LockSupport.park(LockSupport.java:175)&#10;        at java.util.concurrent.locks.AbstractQueuedSynchronizer$ConditionObject.await(AbstractQueuedSynchronizer.java:2039)&#10;        at java.util.concurrent.LinkedBlockingQueue.take(LinkedBlockingQueue.java:442)&#10;        at java.util.concurrent.ThreadPoolExecutor.getTask(ThreadPoolExecutor.java:1074)&#10;        at java.util.concurrent.ThreadPoolExecutor.runWorker(ThreadPoolExecutor.java:1134)&#10;        at java.util.concurrent.ThreadPoolExecutor$Worker.run(ThreadPoolExecutor.java:624)&#10;        at java.lang.Thread.run(Thread.java:748)&#10;&quot;qtp834390584-4668&quot; daemon prio=5 tid=4668 timed_waiting&#10;java.lang.Thread.State: TIMED_WAITING&#10;        at sun.misc.Unsafe.park(Native Method)&#10;        at java.util.concurrent.locks.LockSupport.parkNanos(LockSupport.java:215)&#10;        at java.util.concurrent.locks.AbstractQueuedSynchronizer$ConditionObject.awaitNanos(AbstractQueuedSynchronizer.java:2078)&#10;        at org.eclipse.jetty.util.BlockingArrayQueue.poll(BlockingArrayQueue.java:382)&#10;        at org.eclipse.jetty.util.thread.QueuedThreadPool$Runner.idleJobPoll(QueuedThreadPool.java:974)&#10;        at org.eclipse.jetty.util.thread.QueuedThreadPool$Runner.run(QueuedThreadPool.java:1018)&#10;        at java.lang.Thread.run(Thread.java:748)&#10;&quot;IPC Server Responder&quot; daemon prio=5 tid=4564 runnable&#10;java.lang.Thread.State: RUNNABLE&#10;        at sun.nio.ch.EPollArrayWrapper.epollWait(Native Method)&#10;        at sun.nio.ch.EPollArrayWrapper.poll(EPollArrayWrapper.java:269)&#10;        at sun.nio.ch.EPollSelectorImpl.doSelect(EPollSelectorImpl.java:93)&#10;        at sun.nio.ch.SelectorImpl.lockAndDoSelect(SelectorImpl.java:86)&#10;        at sun.nio.ch.SelectorImpl.select(SelectorImpl.java:97)&#10;        at org.apache.hadoop.ipc.Server$Responder.doRunLoop(Server.java:1527)&#10;        at org.apache.hadoop.ipc.Server$Responder.run(Server.java:1510)&#10;&quot;PartialTableCache Cleanup Thread - 0&quot; daemon prio=5 tid=347 in Object.wait()&#10;java.lang.Thread.State: WAITING (on object monitor)&#10;        at sun.misc.Unsafe.park(Native Method)&#10;        at java.util.concurrent.locks.LockSupport.park(LockSupport.java:175)&#10;        at java.util.concurrent.locks.AbstractQueuedSynchronizer$ConditionObject.await(AbstractQueuedSynchronizer.java:2039)&#10;        at java.util.concurrent.LinkedBlockingQueue.take(LinkedBlockingQueue.java:442)&#10;        at java.util.concurrent.ThreadPoolExecutor.getTask(ThreadPoolExecutor.java:1074)&#10;        at java.util.concurrent.ThreadPoolExecutor.runWorker(ThreadPoolExecutor.java:1134)&#10;        at java.util.concurrent.ThreadPoolExecutor$Worker.run(ThreadPoolExecutor.java:624)&#10;        at java.lang.Thread.run(Thread.java:748)&#10;&quot;IPC Server Responder&quot; daemon prio=5 tid=4654 runnable&#10;java.lang.Thread.State: RUNNABLE&#10;        at sun.nio.ch.EPollArrayWrapper.epollWait(Native Method)&#10;        at sun.nio.ch.EPollArrayWrapper.poll(EPollArrayWrapper.java:269)&#10;        at sun.nio.ch.EPollSelectorImpl.doSelect(EPollSelectorImpl.java:93)&#10;        at sun.nio.ch.SelectorImpl.lockAndDoSelect(SelectorImpl.java:86)&#10;        at sun.nio.ch.SelectorImpl.select(SelectorImpl.java:97)&#10;        at org.apache.hadoop.ipc.Server$Responder.doRunLoop(Server.java:1527)&#10;        at org.apache.hadoop.ipc.Server$Responder.run(Server.java:1510)&#10;&quot;IPC Server handler 18 on default port 46143&quot; daemon prio=5 tid=4590 timed_waiting&#10;java.lang.Thread.State: TIMED_WAITING&#10;        at sun.misc.Unsafe.park(Native Method)&#10;        at java.util.concurrent.locks.LockSupport.parkNanos(LockSupport.java:215)&#10;        at java.util.concurrent.locks.AbstractQueuedSynchronizer$ConditionObject.awaitNanos(AbstractQueuedSynchronizer.java:2078)&#10;        at java.util.concurrent.LinkedBlockingQueue.poll(LinkedBlockingQueue.java:467)&#10;        at org.apache.hadoop.ipc.CallQueueManager.take(CallQueueManager.java:317)&#10;        at org.apache.hadoop.ipc.Server$Handler.run(Server.java:2932)&#10;&quot;EventQueue-PipelineReportForPipelineReportHandler&quot; daemon prio=5 tid=4821 in Object.wait()&#10;java.lang.Thread.State: WAITING (on object monitor)&#10;        at sun.misc.Unsafe.park(Native Method)&#10;        at java.util.concurrent.locks.LockSupport.park(LockSupport.java:175)&#10;        at java.util.concurrent.locks.AbstractQueuedSynchronizer$ConditionObject.await(AbstractQueuedSynchronizer.java:2039)&#10;        at java.util.concurrent.LinkedBlockingQueue.take(LinkedBlockingQueue.java:442)&#10;        at java.util.concurrent.ThreadPoolExecutor.getTask(ThreadPoolExecutor.java:1074)&#10;        at java.util.concurrent.ThreadPoolExecutor.runWorker(ThreadPoolExecutor.java:1134)&#10;        at java.util.concurrent.ThreadPoolExecutor$Worker.run(ThreadPoolExecutor.java:624)&#10;        at java.lang.Thread.run(Thread.java:748)&#10;&quot;IPC Server handler 1 on default port 46143&quot; daemon prio=5 tid=4573 timed_waiting&#10;java.lang.Thread.State: TIMED_WAITING&#10;        at sun.misc.Unsafe.park(Native Method)&#10;        at java.util.concurrent.locks.LockSupport.parkNanos(LockSupport.java:215)&#10;        at java.util.concurrent.locks.AbstractQueuedSynchronizer$ConditionObject.awaitNanos(AbstractQueuedSynchronizer.java:2078)&#10;        at java.util.concurrent.LinkedBlockingQueue.poll(LinkedBlockingQueue.java:467)&#10;        at org.apache.hadoop.ipc.CallQueueManager.take(CallQueueManager.java:317)&#10;        at org.apache.hadoop.ipc.Server$Handler.run(Server.java:2932)&#10;&quot;ChunkWriter-0-0&quot; daemon prio=5 tid=4771 in Object.wait()&#10;java.lang.Thread.State: WAITING (on object monitor)&#10;        at sun.misc.Unsafe.park(Native Method)&#10;        at java.util.concurrent.locks.LockSupport.park(LockSupport.java:175)&#10;        at java.util.concurrent.locks.AbstractQueuedSynchronizer$ConditionObject.await(AbstractQueuedSynchronizer.java:2039)&#10;        at java.util.concurrent.LinkedBlockingDeque.takeFirst(LinkedBlockingDeque.java:492)&#10;        at java.util.concurrent.LinkedBlockingDeque.take(LinkedBlockingDeque.java:680)&#10;        at java.util.concurrent.ThreadPoolExecutor.getTask(ThreadPoolExecutor.java:1074)&#10;        at java.util.concurrent.ThreadPoolExecutor.runWorker(ThreadPoolExecutor.java:1134)&#10;        at java.util.concurrent.ThreadPoolExecutor$Worker.run(ThreadPoolExecutor.java:624)&#10;        at java.lang.Thread.run(Thread.java:748)&#10;&quot;Datanode State Machine Thread - 0&quot; daemon prio=5 tid=4709 timed_waiting&#10;java.lang.Thread.State: TIMED_WAITING&#10;        at java.lang.Thread.sleep(Native Method)&#10;        at org.apache.hadoop.ozone.container.common.statemachine.DatanodeStateMachine.start(DatanodeStateMachine.java:285)&#10;        at org.apache.hadoop.ozone.container.common.statemachine.DatanodeStateMachine.lambda$startDaemon$0(DatanodeStateMachine.java:456)&#10;        at org.apache.hadoop.ozone.container.common.statemachine.DatanodeStateMachine$$Lambda$569/58906656.run(Unknown Source)&#10;        at java.lang.Thread.run(Thread.java:748)&#10;&quot;EventQueue-ContainerReportForContainerReportHandler&quot; daemon prio=5 tid=4831 in Object.wait()&#10;java.lang.Thread.State: WAITING (on object monitor)&#10;        at sun.misc.Unsafe.park(Native Method)&#10;        at java.util.concurrent.locks.LockSupport.park(LockSupport.java:175)&#10;        at java.util.concurrent.locks.AbstractQueuedSynchronizer$ConditionObject.await(AbstractQueuedSynchronizer.java:2039)&#10;        at java.util.concurrent.LinkedBlockingQueue.take(LinkedBlockingQueue.java:442)&#10;        at java.util.concurrent.ThreadPoolExecutor.getTask(ThreadPoolExecutor.java:1074)&#10;        at java.util.concurrent.ThreadPoolExecutor.runWorker(ThreadPoolExecutor.java:1134)&#10;        at java.util.concurrent.ThreadPoolExecutor$Worker.run(ThreadPoolExecutor.java:624)&#10;        at java.lang.Thread.run(Thread.java:748)&#10;&quot;pool-386-thread-1&quot;  prio=5 tid=4634 timed_waiting&#10;java.lang.Thread.State: TIMED_WAITING&#10;        at sun.misc.Unsafe.park(Native Method)&#10;        at java.util.concurrent.locks.LockSupport.parkNanos(LockSupport.java:215)&#10;        at java.util.concurrent.locks.AbstractQueuedSynchronizer$ConditionObject.awaitNanos(AbstractQueuedSynchronizer.java:2078)&#10;        at java.util.concurrent.ScheduledThreadPoolExecutor$DelayedWorkQueue.take(ScheduledThreadPoolExecutor.java:1093)&#10;        at java.util.concurrent.ScheduledThreadPoolExecutor$DelayedWorkQueue.take(ScheduledThreadPoolExecutor.java:809)&#10;        at java.util.concurrent.ThreadPoolExecutor.getTask(ThreadPoolExecutor.java:1074)&#10;        at java.util.concurrent.ThreadPoolExecutor.runWorker(ThreadPoolExecutor.java:1134)&#10;        at java.util.concurrent.ThreadPoolExecutor$Worker.run(ThreadPoolExecutor.java:624)&#10;        at java.lang.Thread.run(Thread.java:748)&#10;&quot;EventQueue-DeleteBlockStatusForDeletedBlockLogImpl&quot; daemon prio=5 tid=7675 in Object.wait()&#10;java.lang.Thread.State: WAITING (on object monitor)&#10;        at sun.misc.Unsafe.park(Native Method)&#10;        at java.util.concurrent.locks.LockSupport.park(LockSupport.java:175)&#10;        at java.util.concurrent.locks.AbstractQueuedSynchronizer$ConditionObject.await(AbstractQueuedSynchronizer.java:2039)&#10;        at java.util.concurrent.LinkedBlockingQueue.take(LinkedBlockingQueue.java:442)&#10;        at java.util.concurrent.ThreadPoolExecutor.getTask(ThreadPoolExecutor.java:1074)&#10;        at java.util.concurrent.ThreadPoolExecutor.runWorker(ThreadPoolExecutor.java:1134)&#10;        at java.util.concurrent.ThreadPoolExecutor$Worker.run(ThreadPoolExecutor.java:624)&#10;        at java.lang.Thread.run(Thread.java:748)&#10;&quot;IPC Server handler 15 on default port 32925&quot; daemon prio=5 tid=4685 timed_waiting&#10;java.lang.Thread.State: TIMED_WAITING&#10;        at sun.misc.Unsafe.park(Native Method)&#10;        at java.util.concurrent.locks.LockSupport.parkNanos(LockSupport.java:215)&#10;        at java.util.concurrent.locks.AbstractQueuedSynchronizer$ConditionObject.awaitNanos(AbstractQueuedSynchronizer.java:2078)&#10;        at java.util.concurrent.LinkedBlockingQueue.poll(LinkedBlockingQueue.java:467)&#10;        at org.apache.hadoop.ipc.CallQueueManager.take(CallQueueManager.java:317)&#10;        at org.apache.hadoop.ipc.Server$Handler.run(Server.java:2932)&#10;&quot;IPC Server handler 18 on default port 32925&quot; daemon prio=5 tid=4688 timed_waiting&#10;java.lang.Thread.State: TIMED_WAITING&#10;        at sun.misc.Unsafe.park(Native Method)&#10;        at java.util.concurrent.locks.LockSupport.parkNanos(LockSupport.java:215)&#10;        at java.util.concurrent.locks.AbstractQueuedSynchronizer$ConditionObject.awaitNanos(AbstractQueuedSynchronizer.java:2078)&#10;        at java.util.concurrent.LinkedBlockingQueue.poll(LinkedBlockingQueue.java:467)&#10;        at org.apache.hadoop.ipc.CallQueueManager.take(CallQueueManager.java:317)&#10;        at org.apache.hadoop.ipc.Server$Handler.run(Server.java:2932)&#10;&quot;qtp834390584-4664&quot; daemon prio=5 tid=4664 timed_waiting&#10;java.lang.Thread.State: TIMED_WAITING&#10;        at sun.misc.Unsafe.park(Native Method)&#10;        at java.util.concurrent.locks.LockSupport.parkNanos(LockSupport.java:215)&#10;        at java.util.concurrent.locks.AbstractQueuedSynchronizer$ConditionObject.awaitNanos(AbstractQueuedSynchronizer.java:2078)&#10;        at org.eclipse.jetty.util.BlockingArrayQueue.poll(BlockingArrayQueue.java:382)&#10;        at org.eclipse.jetty.util.thread.QueuedThreadPool$Runner.idleJobPoll(QueuedThreadPool.java:974)&#10;        at org.eclipse.jetty.util.thread.QueuedThreadPool$Runner.run(QueuedThreadPool.java:1018)&#10;        at java.lang.Thread.run(Thread.java:748)&#10;&quot;IPC Server handler 2 on default port 43321&quot; daemon prio=5 tid=4594 timed_waiting&#10;java.lang.Thread.State: TIMED_WAITING&#10;        at sun.misc.Unsafe.park(Native Method)&#10;        at java.util.concurrent.locks.LockSupport.parkNanos(LockSupport.java:215)&#10;        at java.util.concurrent.locks.AbstractQueuedSynchronizer$ConditionObject.awaitNanos(AbstractQueuedSynchronizer.java:2078)&#10;        at java.util.concurrent.LinkedBlockingQueue.poll(LinkedBlockingQueue.java:467)&#10;        at org.apache.hadoop.ipc.CallQueueManager.take(CallQueueManager.java:317)&#10;        at org.apache.hadoop.ipc.Server$Handler.run(Server.java:2932)&#10;&quot;IPC Parameter Sending Thread #1&quot; daemon prio=5 tid=6905 timed_waiting&#10;java.lang.Thread.State: TIMED_WAITING&#10;        at sun.misc.Unsafe.park(Native Method)&#10;        at java.util.concurrent.locks.LockSupport.parkNanos(LockSupport.java:215)&#10;        at java.util.concurrent.SynchronousQueue$TransferStack.awaitFulfill(SynchronousQueue.java:460)&#10;        at java.util.concurrent.SynchronousQueue$TransferStack.transfer(SynchronousQueue.java:362)&#10;        at java.util.concurrent.SynchronousQueue.poll(SynchronousQueue.java:941)&#10;        at java.util.concurrent.ThreadPoolExecutor.getTask(ThreadPoolExecutor.java:1073)&#10;        at java.util.concurrent.ThreadPoolExecutor.runWorker(ThreadPoolExecutor.java:1134)&#10;        at java.util.concurrent.ThreadPoolExecutor$Worker.run(ThreadPoolExecutor.java:624)&#10;        at java.lang.Thread.run(Thread.java:748)&#10;&quot;EventQueue-ContainerReportForContainerReportHandler&quot; daemon prio=5 tid=4827 in Object.wait()&#10;java.lang.Thread.State: WAITING (on object monitor)&#10;        at sun.misc.Unsafe.park(Native Method)&#10;        at java.util.concurrent.locks.LockSupport.park(LockSupport.java:175)&#10;        at java.util.concurrent.locks.AbstractQueuedSynchronizer$ConditionObject.await(AbstractQueuedSynchronizer.java:2039)&#10;        at java.util.concurrent.LinkedBlockingQueue.take(LinkedBlockingQueue.java:442)&#10;        at java.util.concurrent.ThreadPoolExecutor.getTask(ThreadPoolExecutor.java:1074)&#10;        at java.util.concurrent.ThreadPoolExecutor.runWorker(ThreadPoolExecutor.java:1134)&#10;        at java.util.concurrent.ThreadPoolExecutor$Worker.run(ThreadPoolExecutor.java:624)&#10;        at java.lang.Thread.run(Thread.java:748)&#10;&quot;Periodic HDDS volume checker&quot; daemon prio=5 tid=4719 timed_waiting&#10;java.lang.Thread.State: TIMED_WAITING&#10;        at sun.misc.Unsafe.park(Native Method)&#10;        at java.util.concurrent.locks.LockSupport.parkNanos(LockSupport.java:215)&#10;        at java.util.concurrent.locks.AbstractQueuedSynchronizer$ConditionObject.awaitNanos(AbstractQueuedSynchronizer.java:2078)&#10;        at java.util.concurrent.ScheduledThreadPoolExecutor$DelayedWorkQueue.take(ScheduledThreadPoolExecutor.java:1093)&#10;        at java.util.concurrent.ScheduledThreadPoolExecutor$DelayedWorkQueue.take(ScheduledThreadPoolExecutor.java:809)&#10;        at java.util.concurrent.ThreadPoolExecutor.getTask(ThreadPoolExecutor.java:1074)&#10;        at java.util.concurrent.ThreadPoolExecutor.runWorker(ThreadPoolExecutor.java:1134)&#10;        at java.util.concurrent.ThreadPoolExecutor$Worker.run(ThreadPoolExecutor.java:624)&#10;        at java.lang.Thread.run(Thread.java:748)&#10;&quot;IPC Server handler 18 on default port 32893&quot; daemon prio=5 tid=4630 timed_waiting&#10;java.lang.Thread.State: TIMED_WAITING&#10;        at sun.misc.Unsafe.park(Native Method)&#10;        at java.util.concurrent.locks.LockSupport.parkNanos(LockSupport.java:215)&#10;        at java.util.concurrent.locks.AbstractQueuedSynchronizer$ConditionObject.awaitNanos(AbstractQueuedSynchronizer.java:2078)&#10;        at java.util.concurrent.LinkedBlockingQueue.poll(LinkedBlockingQueue.java:467)&#10;        at org.apache.hadoop.ipc.CallQueueManager.take(CallQueueManager.java:317)&#10;        at org.apache.hadoop.ipc.Server$Handler.run(Server.java:2932)&#10;&quot;Datanode State Machine Thread - 0&quot; daemon prio=5 tid=4759 runnable&#10;java.lang.Thread.State: RUNNABLE&#10;        at java.lang.Thread.sleep(Native Method)&#10;        at org.apache.hadoop.ozone.container.common.statemachine.DatanodeStateMachine.start(DatanodeStateMachine.java:285)&#10;        at org.apache.hadoop.ozone.container.common.statemachine.DatanodeStateMachine.lambda$startDaemon$0(DatanodeStateMachine.java:456)&#10;        at org.apache.hadoop.ozone.container.common.statemachine.DatanodeStateMachine$$Lambda$569/58906656.run(Unknown Source)&#10;        at java.lang.Thread.run(Thread.java:748)&#10;&quot;qtp2133268403-4732&quot; daemon prio=5 tid=4732 timed_waiting&#10;java.lang.Thread.State: TIMED_WAITING&#10;        at sun.misc.Unsafe.park(Native Method)&#10;        at java.util.concurrent.locks.LockSupport.parkNanos(LockSupport.java:215)&#10;        at java.util.concurrent.locks.AbstractQueuedSynchronizer$ConditionObject.awaitNanos(AbstractQueuedSynchronizer.java:2078)&#10;        at org.eclipse.jetty.util.BlockingArrayQueue.poll(BlockingArrayQueue.java:382)&#10;        at org.eclipse.jetty.util.thread.QueuedThreadPool$Runner.idleJobPoll(QueuedThreadPool.java:974)&#10;        at org.eclipse.jetty.util.thread.QueuedThreadPool$Runner.run(QueuedThreadPool.java:1018)&#10;        at java.lang.Thread.run(Thread.java:748)&#10;&quot;OMDoubleBufferFlushThread&quot; daemon prio=5 tid=4647 timed_waiting&#10;java.lang.Thread.State: TIMED_WAITING&#10;        at java.lang.Object.wait(Native Method)&#10;        at org.apache.hadoop.ozone.om.ratis.OzoneManagerDoubleBuffer.canFlush(OzoneManagerDoubleBuffer.java:509)&#10;        at org.apache.hadoop.ozone.om.ratis.OzoneManagerDoubleBuffer.flushTransactions(OzoneManagerDoubleBuffer.java:241)&#10;        at org.apache.hadoop.ozone.om.ratis.OzoneManagerDoubleBuffer$$Lambda$365/649699940.run(Unknown Source)&#10;        at java.lang.Thread.run(Thread.java:748)&#10;&quot;a3a688a0-b759-42a1-9d42-7ea63bf88025@group-BCEEFC5FE04E-&gt;41bdc6fc-f730-460f-b2d8-92157d986a72-GrpcLogAppender-LogAppenderDaemon&quot; daemon prio=5 tid=4874 timed_waiting&#10;java.lang.Thread.State: TIMED_WAITING&#10;        at java.lang.Object.wait(Native Method)&#10;        at org.apache.ratis.grpc.server.GrpcLogAppender.mayWait(GrpcLogAppender.java:173)&#10;        at org.apache.ratis.grpc.server.GrpcLogAppender.run(GrpcLogAppender.java:125)&#10;        at org.apache.ratis.server.leader.LogAppenderDaemon.run(LogAppenderDaemon.java:77)&#10;        at org.apache.ratis.server.leader.LogAppenderDaemon$$Lambda$816/1858923544.run(Unknown Source)&#10;        at java.lang.Thread.run(Thread.java:748)&#10;&quot;Session-HouseKeeper-75de0da8-1&quot;  prio=5 tid=4758 timed_waiting&#10;java.lang.Thread.State: TIMED_WAITING&#10;        at sun.misc.Unsafe.park(Native Method)&#10;        at java.util.concurrent.locks.LockSupport.parkNanos(LockSupport.java:215)&#10;        at java.util.concurrent.locks.AbstractQueuedSynchronizer$ConditionObject.awaitNanos(AbstractQueuedSynchronizer.java:2078)&#10;        at java.util.concurrent.ScheduledThreadPoolExecutor$DelayedWorkQueue.take(ScheduledThreadPoolExecutor.java:1093)&#10;        at java.util.concurrent.ScheduledThreadPoolExecutor$DelayedWorkQueue.take(ScheduledThreadPoolExecutor.java:809)&#10;        at java.util.concurrent.ThreadPoolExecutor.getTask(ThreadPoolExecutor.java:1074)&#10;        at java.util.concurrent.ThreadPoolExecutor.runWorker(ThreadPoolExecutor.java:1134)&#10;        at java.util.concurrent.ThreadPoolExecutor$Worker.run(ThreadPoolExecutor.java:624)&#10;        at java.lang.Thread.run(Thread.java:748)&#10;&quot;Datanode ReportManager Thread - 1&quot; daemon prio=5 tid=4711 in Object.wait()&#10;java.lang.Thread.State: WAITING (on object monitor)&#10;        at sun.misc.Unsafe.park(Native Method)&#10;        at java.util.concurrent.locks.LockSupport.park(LockSupport.java:175)&#10;        at java.util.concurrent.locks.AbstractQueuedSynchronizer$ConditionObject.await(AbstractQueuedSynchronizer.java:2039)&#10;        at java.util.concurrent.ScheduledThreadPoolExecutor$DelayedWorkQueue.take(ScheduledThreadPoolExecutor.java:1088)&#10;        at java.util.concurrent.ScheduledThreadPoolExecutor$DelayedWorkQueue.take(ScheduledThreadPoolExecutor.java:809)&#10;        at java.util.concurrent.ThreadPoolExecutor.getTask(ThreadPoolExecutor.java:1074)&#10;        at java.util.concurrent.ThreadPoolExecutor.runWorker(ThreadPoolExecutor.java:1134)&#10;        at java.util.concurrent.ThreadPoolExecutor$Worker.run(ThreadPoolExecutor.java:624)&#10;        at java.lang.Thread.run(Thread.java:748)&#10;&quot;IPC Server handler 4 on default port 32925&quot; daemon prio=5 tid=4674 timed_waiting&#10;java.lang.Thread.State: TIMED_WAITING&#10;        at sun.misc.Unsafe.park(Native Method)&#10;        at java.util.concurrent.locks.LockSupport.parkNanos(LockSupport.java:215)&#10;        at java.util.concurrent.locks.AbstractQueuedSynchronizer$ConditionObject.awaitNanos(AbstractQueuedSynchronizer.java:2078)&#10;        at java.util.concurrent.LinkedBlockingQueue.poll(LinkedBlockingQueue.java:467)&#10;        at org.apache.hadoop.ipc.CallQueueManager.take(CallQueueManager.java:317)&#10;        at org.apache.hadoop.ipc.Server$Handler.run(Server.java:2932)&#10;&quot;IPC Server handler 6 on default port 43321&quot; daemon prio=5 tid=4598 timed_waiting&#10;java.lang.Thread.State: TIMED_WAITING&#10;        at sun.misc.Unsafe.park(Native Method)&#10;        at java.util.concurrent.locks.LockSupport.parkNanos(LockSupport.java:215)&#10;        at java.util.concurrent.locks.AbstractQueuedSynchronizer$ConditionObject.awaitNanos(AbstractQueuedSynchronizer.java:2078)&#10;        at java.util.concurrent.LinkedBlockingQueue.poll(LinkedBlockingQueue.java:467)&#10;        at org.apache.hadoop.ipc.CallQueueManager.take(CallQueueManager.java:317)&#10;        at org.apache.hadoop.ipc.Server$Handler.run(Server.java:2932)&#10;&quot;pool-466-thread-10&quot;  prio=5 tid=4982 in Object.wait()&#10;java.lang.Thread.State: WAITING (on object monitor)&#10;        at sun.misc.Unsafe.park(Native Method)&#10;        at java.util.concurrent.locks.LockSupport.park(LockSupport.java:175)&#10;        at java.util.concurrent.locks.AbstractQueuedSynchronizer$ConditionObject.await(AbstractQueuedSynchronizer.java:2039)&#10;        at java.util.concurrent.LinkedBlockingQueue.take(LinkedBlockingQueue.java:442)&#10;        at java.util.concurrent.ThreadPoolExecutor.getTask(ThreadPoolExecutor.java:1074)&#10;        at java.util.concurrent.ThreadPoolExecutor.runWorker(ThreadPoolExecutor.java:1134)&#10;        at java.util.concurrent.ThreadPoolExecutor$Worker.run(ThreadPoolExecutor.java:624)&#10;        at java.lang.Thread.run(Thread.java:748)&#10;&quot;EventQueue-NodeRegistrationContainerReportForDataNodeSafeModeRule&quot; daemon prio=5 tid=4819 in Object.wait()&#10;java.lang.Thread.State: WAITING (on object monitor)&#10;        at sun.misc.Unsafe.park(Native Method)&#10;        at java.util.concurrent.locks.LockSupport.park(LockSupport.java:175)&#10;        at java.util.concurrent.locks.AbstractQueuedSynchronizer$ConditionObject.await(AbstractQueuedSynchronizer.java:2039)&#10;        at java.util.concurrent.LinkedBlockingQueue.take(LinkedBlockingQueue.java:442)&#10;        at java.util.concurrent.ThreadPoolExecutor.getTask(ThreadPoolExecutor.java:1074)&#10;        at java.util.concurrent.ThreadPoolExecutor.runWorker(ThreadPoolExecutor.java:1134)&#10;        at java.util.concurrent.ThreadPoolExecutor$Worker.run(ThreadPoolExecutor.java:624)&#10;        at java.lang.Thread.run(Thread.java:748)&#10;&quot;Socket Reader #1 for port 0&quot;  prio=5 tid=4558 runnable&#10;java.lang.Thread.State: RUNNABLE&#10;        at sun.nio.ch.EPollArrayWrapper.epollWait(Native Method)&#10;        at sun.nio.ch.EPollArrayWrapper.poll(EPollArrayWrapper.java:269)&#10;        at sun.nio.ch.EPollSelectorImpl.doSelect(EPollSelectorImpl.java:93)&#10;        at sun.nio.ch.SelectorImpl.lockAndDoSelect(SelectorImpl.java:86)&#10;        at sun.nio.ch.SelectorImpl.select(SelectorImpl.java:97)&#10;        at sun.nio.ch.SelectorImpl.select(SelectorImpl.java:101)&#10;        at org.apache.hadoop.ipc.Server$Listener$Reader.doRunLoop(Server.java:1288)&#10;        at org.apache.hadoop.ipc.Server$Listener$Reader.run(Server.java:1267)&#10;&quot;IPC Server handler 19 on default port 46143&quot; daemon prio=5 tid=4591 timed_waiting&#10;java.lang.Thread.State: TIMED_WAITING&#10;        at sun.misc.Unsafe.park(Native Method)&#10;        at java.util.concurrent.locks.LockSupport.parkNanos(LockSupport.java:215)&#10;        at java.util.concurrent.locks.AbstractQueuedSynchronizer$ConditionObject.awaitNanos(AbstractQueuedSynchronizer.java:2078)&#10;        at java.util.concurrent.LinkedBlockingQueue.poll(LinkedBlockingQueue.java:467)&#10;        at org.apache.hadoop.ipc.CallQueueManager.take(CallQueueManager.java:317)&#10;        at org.apache.hadoop.ipc.Server$Handler.run(Server.java:2932)&#10;&quot;ChunkWriter-2-0&quot; daemon prio=5 tid=4773 in Object.wait()&#10;java.lang.Thread.State: WAITING (on object monitor)&#10;        at sun.misc.Unsafe.park(Native Method)&#10;        at java.util.concurrent.locks.LockSupport.park(LockSupport.java:175)&#10;        at java.util.concurrent.locks.AbstractQueuedSynchronizer$ConditionObject.await(AbstractQueuedSynchronizer.java:2039)&#10;        at java.util.concurrent.LinkedBlockingDeque.takeFirst(LinkedBlockingDeque.java:492)&#10;        at java.util.concurrent.LinkedBlockingDeque.take(LinkedBlockingDeque.java:680)&#10;        at java.util.concurrent.ThreadPoolExecutor.getTask(ThreadPoolExecutor.java:1074)&#10;        at java.util.concurrent.ThreadPoolExecutor.runWorker(ThreadPoolExecutor.java:1134)&#10;        at java.util.concurrent.ThreadPoolExecutor$Worker.run(ThreadPoolExecutor.java:624)&#10;        at java.lang.Thread.run(Thread.java:748)&#10;&quot;IPC Server handler 4 on default port 46143&quot; daemon prio=5 tid=4576 timed_waiting&#10;java.lang.Thread.State: TIMED_WAITING&#10;        at sun.misc.Unsafe.park(Native Method)&#10;        at java.util.concurrent.locks.LockSupport.parkNanos(LockSupport.java:215)&#10;        at java.util.concurrent.locks.AbstractQueuedSynchronizer$ConditionObject.awaitNanos(AbstractQueuedSynchronizer.java:2078)&#10;        at java.util.concurrent.LinkedBlockingQueue.poll(LinkedBlockingQueue.java:467)&#10;        at org.apache.hadoop.ipc.CallQueueManager.take(CallQueueManager.java:317)&#10;        at org.apache.hadoop.ipc.Server$Handler.run(Server.java:2932)&#10;&quot;PartialTableCache Cleanup Thread - 0&quot; daemon prio=5 tid=3928 in Object.wait()&#10;java.lang.Thread.State: WAITING (on object monitor)&#10;        at sun.misc.Unsafe.park(Native Method)&#10;        at java.util.concurrent.locks.LockSupport.park(LockSupport.java:175)&#10;        at java.util.concurrent.locks.AbstractQueuedSynchronizer$ConditionObject.await(AbstractQueuedSynchronizer.java:2039)&#10;        at java.util.concurrent.LinkedBlockingQueue.take(LinkedBlockingQueue.java:442)&#10;        at java.util.concurrent.ThreadPoolExecutor.getTask(ThreadPoolExecutor.java:1074)&#10;        at java.util.concurrent.ThreadPoolExecutor.runWorker(ThreadPoolExecutor.java:1134)&#10;        at java.util.concurrent.ThreadPoolExecutor$Worker.run(ThreadPoolExecutor.java:624)&#10;        at java.lang.Thread.run(Thread.java:748)&#10;&quot;pool-438-thread-1&quot;  prio=5 tid=4839 in Object.wait()&#10;java.lang.Thread.State: WAITING (on object monitor)&#10;        at sun.misc.Unsafe.park(Native Method)&#10;        at java.util.concurrent.locks.LockSupport.park(LockSupport.java:175)&#10;        at java.util.concurrent.locks.AbstractQueuedSynchronizer$ConditionObject.await(AbstractQueuedSynchronizer.java:2039)&#10;        at java.util.concurrent.LinkedBlockingQueue.take(LinkedBlockingQueue.java:442)&#10;        at java.util.concurrent.ThreadPoolExecutor.getTask(ThreadPoolExecutor.java:1074)&#10;        at java.util.concurrent.ThreadPoolExecutor.runWorker(ThreadPoolExecutor.java:1134)&#10;        at java.util.concurrent.ThreadPoolExecutor$Worker.run(ThreadPoolExecutor.java:624)&#10;        at java.lang.Thread.run(Thread.java:748)&#10;&quot;Datanode State Machine Task Thread - 0&quot;  prio=5 tid=4742 in Object.wait()&#10;java.lang.Thread.State: WAITING (on object monitor)&#10;        at sun.misc.Unsafe.park(Native Method)&#10;        at java.util.concurrent.locks.LockSupport.park(LockSupport.java:175)&#10;        at java.util.concurrent.locks.AbstractQueuedSynchronizer$ConditionObject.await(AbstractQueuedSynchronizer.java:2039)&#10;        at java.util.concurrent.LinkedBlockingQueue.take(LinkedBlockingQueue.java:442)&#10;        at java.util.concurrent.ThreadPoolExecutor.getTask(ThreadPoolExecutor.java:1074)&#10;        at java.util.concurrent.ThreadPoolExecutor.runWorker(ThreadPoolExecutor.java:1134)&#10;        at java.util.concurrent.ThreadPoolExecutor$Worker.run(ThreadPoolExecutor.java:624)&#10;        at java.lang.Thread.run(Thread.java:748)&#10;&quot;qtp2133268403-4729&quot; daemon prio=5 tid=4729 timed_waiting&#10;java.lang.Thread.State: TIMED_WAITING&#10;        at sun.misc.Unsafe.park(Native Method)&#10;        at java.util.concurrent.locks.LockSupport.parkNanos(LockSupport.java:215)&#10;        at java.util.concurrent.locks.AbstractQueuedSynchronizer$ConditionObject.awaitNanos(AbstractQueuedSynchronizer.java:2078)&#10;        at org.eclipse.jetty.util.BlockingArrayQueue.poll(BlockingArrayQueue.java:382)&#10;        at org.eclipse.jetty.util.thread.QueuedThreadPool$Runner.idleJobPoll(QueuedThreadPool.java:974)&#10;        at org.eclipse.jetty.util.thread.QueuedThreadPool$Runner.run(QueuedThreadPool.java:1018)&#10;        at java.lang.Thread.run(Thread.java:748)&#10;&quot;Reference Handler&quot; daemon prio=10 tid=2 in Object.wait()&#10;java.lang.Thread.State: WAITING (on object monitor)&#10;        at java.lang.Object.wait(Native Method)&#10;        at java.lang.Object.wait(Object.java:502)&#10;        at java.lang.ref.Reference.tryHandlePending(Reference.java:191)&#10;        at java.lang.ref.Reference$ReferenceHandler.run(Reference.java:153)&#10;&quot;IPC Server handler 12 on default port 46143&quot; daemon prio=5 tid=4584 timed_waiting&#10;java.lang.Thread.State: TIMED_WAITING&#10;        at sun.misc.Unsafe.park(Native Method)&#10;        at java.util.concurrent.locks.LockSupport.parkNanos(LockSupport.java:215)&#10;        at java.util.concurrent.locks.AbstractQueuedSynchronizer$ConditionObject.awaitNanos(AbstractQueuedSynchronizer.java:2078)&#10;        at java.util.concurrent.LinkedBlockingQueue.poll(LinkedBlockingQueue.java:467)&#10;        at org.apache.hadoop.ipc.CallQueueManager.take(CallQueueManager.java:317)&#10;        at org.apache.hadoop.ipc.Server$Handler.run(Server.java:2932)&#10;&quot;pool-466-thread-2&quot;  prio=5 tid=4914 in Object.wait()&#10;java.lang.Thread.State: WAITING (on object monitor)&#10;        at sun.misc.Unsafe.park(Native Method)&#10;        at java.util.concurrent.locks.LockSupport.park(LockSupport.java:175)&#10;        at java.util.concurrent.locks.AbstractQueuedSynchronizer$ConditionObject.await(AbstractQueuedSynchronizer.java:2039)&#10;        at java.util.concurrent.LinkedBlockingQueue.take(LinkedBlockingQueue.java:442)&#10;        at java.util.concurrent.ThreadPoolExecutor.getTask(ThreadPoolExecutor.java:1074)&#10;        at java.util.concurrent.ThreadPoolExecutor.runWorker(ThreadPoolExecutor.java:1134)&#10;        at java.util.concurrent.ThreadPoolExecutor$Worker.run(ThreadPoolExecutor.java:624)&#10;        at java.lang.Thread.run(Thread.java:748)&#10;&quot;IPC Server handler 10 on default port 43321&quot; daemon prio=5 tid=4602 timed_waiting&#10;java.lang.Thread.State: TIMED_WAITING&#10;        at sun.misc.Unsafe.park(Native Method)&#10;        at java.util.concurrent.locks.LockSupport.parkNanos(LockSupport.java:215)&#10;        at java.util.concurrent.locks.AbstractQueuedSynchronizer$ConditionObject.awaitNanos(AbstractQueuedSynchronizer.java:2078)&#10;        at java.util.concurrent.LinkedBlockingQueue.poll(LinkedBlockingQueue.java:467)&#10;        at org.apache.hadoop.ipc.CallQueueManager.take(CallQueueManager.java:317)&#10;        at org.apache.hadoop.ipc.Server$Handler.run(Server.java:2932)&#10;&quot;qtp580779646-4639&quot; daemon prio=5 tid=4639 timed_waiting&#10;java.lang.Thread.State: TIMED_WAITING&#10;        at sun.misc.Unsafe.park(Native Method)&#10;        at java.util.concurrent.locks.LockSupport.parkNanos(LockSupport.java:215)&#10;        at java.util.concurrent.locks.AbstractQueuedSynchronizer$ConditionObject.awaitNanos(AbstractQueuedSynchronizer.java:2078)&#10;        at org.eclipse.jetty.util.BlockingArrayQueue.poll(BlockingArrayQueue.java:382)&#10;        at org.eclipse.jetty.util.thread.QueuedThreadPool$Runner.idleJobPoll(QueuedThreadPool.java:974)&#10;        at org.eclipse.jetty.util.thread.QueuedThreadPool$Runner.run(QueuedThreadPool.java:1018)&#10;        at java.lang.Thread.run(Thread.java:748)&#10;&quot;DeleteBlocksCommandHandlerThread-0&quot; daemon prio=5 tid=7632 timed_waiting&#10;java.lang.Thread.State: TIMED_WAITING&#10;        at sun.misc.Unsafe.park(Native Method)&#10;        at java.util.concurrent.locks.LockSupport.parkNanos(LockSupport.java:215)&#10;        at java.util.concurrent.locks.AbstractQueuedSynchronizer$ConditionObject.awaitNanos(AbstractQueuedSynchronizer.java:2078)&#10;        at java.util.concurrent.LinkedBlockingQueue.poll(LinkedBlockingQueue.java:467)&#10;        at java.util.concurrent.ThreadPoolExecutor.getTask(ThreadPoolExecutor.java:1073)&#10;        at java.util.concurrent.ThreadPoolExecutor.runWorker(ThreadPoolExecutor.java:1134)&#10;        at java.util.concurrent.ThreadPoolExecutor$Worker.run(ThreadPoolExecutor.java:624)&#10;        at java.lang.Thread.run(Thread.java:748)&#10;&quot;Datanode State Machine Thread - 0&quot; daemon prio=5 tid=4734 timed_waiting&#10;java.lang.Thread.State: TIMED_WAITING&#10;        at java.lang.Thread.sleep(Native Method)&#10;        at org.apache.hadoop.ozone.container.common.statemachine.DatanodeStateMachine.start(DatanodeStateMachine.java:285)&#10;        at org.apache.hadoop.ozone.container.common.statemachine.DatanodeStateMachine.lambda$startDaemon$0(DatanodeStateMachine.java:456)&#10;        at org.apache.hadoop.ozone.container.common.statemachine.DatanodeStateMachine$$Lambda$569/58906656.run(Unknown Source)&#10;        at java.lang.Thread.run(Thread.java:748)&#10;&quot;IPC Server handler 5 on default port 32893&quot; daemon prio=5 tid=4617 timed_waiting&#10;java.lang.Thread.State: TIMED_WAITING&#10;        at sun.misc.Unsafe.park(Native Method)&#10;        at java.util.concurrent.locks.LockSupport.parkNanos(LockSupport.java:215)&#10;        at java.util.concurrent.locks.AbstractQueuedSynchronizer$ConditionObject.awaitNanos(AbstractQueuedSynchronizer.java:2078)&#10;        at java.util.concurrent.LinkedBlockingQueue.poll(LinkedBlockingQueue.java:467)&#10;        at org.apache.hadoop.ipc.CallQueueManager.take(CallQueueManager.java:317)&#10;        at org.apache.hadoop.ipc.Server$Handler.run(Server.java:2932)&#10;&quot;BlockDeletingService#4&quot; daemon prio=5 tid=4814 in Object.wait()&#10;java.lang.Thread.State: WAITING (on object monitor)&#10;        at sun.misc.Unsafe.park(Native Method)&#10;        at java.util.concurrent.locks.LockSupport.park(LockSupport.java:175)&#10;        at java.util.concurrent.locks.AbstractQueuedSynchronizer$ConditionObject.await(AbstractQueuedSynchronizer.java:2039)&#10;        at java.util.concurrent.ScheduledThreadPoolExecutor$DelayedWorkQueue.take(ScheduledThreadPoolExecutor.java:1088)&#10;        at java.util.concurrent.ScheduledThreadPoolExecutor$DelayedWorkQueue.take(ScheduledThreadPoolExecutor.java:809)&#10;        at java.util.concurrent.ThreadPoolExecutor.getTask(ThreadPoolExecutor.java:1074)&#10;        at java.util.concurrent.ThreadPoolExecutor.runWorker(ThreadPoolExecutor.java:1134)&#10;        at java.util.concurrent.ThreadPoolExecutor$Worker.run(ThreadPoolExecutor.java:624)&#10;        at java.lang.Thread.run(Thread.java:748)&#10;&quot;qtp1299272458-4702&quot; daemon prio=5 tid=4702 timed_waiting&#10;java.lang.Thread.State: TIMED_WAITING&#10;        at sun.misc.Unsafe.park(Native Method)&#10;        at java.util.concurrent.locks.LockSupport.parkNanos(LockSupport.java:215)&#10;        at java.util.concurrent.locks.AbstractQueuedSynchronizer$ConditionObject.awaitNanos(AbstractQueuedSynchronizer.java:2078)&#10;        at org.eclipse.jetty.util.BlockingArrayQueue.poll(BlockingArrayQueue.java:382)&#10;        at org.eclipse.jetty.util.thread.QueuedThreadPool$Runner.idleJobPoll(QueuedThreadPool.java:974)&#10;        at org.eclipse.jetty.util.thread.QueuedThreadPool$Runner.run(QueuedThreadPool.java:1018)&#10;        at java.lang.Thread.run(Thread.java:748)&#10;&quot;qtp834390584-4667&quot; daemon prio=5 tid=4667 timed_waiting&#10;java.lang.Thread.State: TIMED_WAITING&#10;        at sun.misc.Unsafe.park(Native Method)&#10;        at java.util.concurrent.locks.LockSupport.parkNanos(LockSupport.java:215)&#10;        at java.util.concurrent.locks.AbstractQueuedSynchronizer$ConditionObject.awaitNanos(AbstractQueuedSynchronizer.java:2078)&#10;        at org.eclipse.jetty.util.BlockingArrayQueue.poll(BlockingArrayQueue.java:382)&#10;        at org.eclipse.jetty.util.thread.QueuedThreadPool$Runner.idleJobPoll(QueuedThreadPool.java:974)&#10;        at org.eclipse.jetty.util.thread.QueuedThreadPool$Runner.run(QueuedThreadPool.java:1018)&#10;        at java.lang.Thread.run(Thread.java:748)&#10;&quot;BlockDeletingService#2&quot; daemon prio=5 tid=4795 in Object.wait()&#10;java.lang.Thread.State: WAITING (on object monitor)&#10;        at sun.misc.Unsafe.park(Native Method)&#10;        at java.util.concurrent.locks.LockSupport.park(LockSupport.java:175)&#10;        at java.util.concurrent.locks.AbstractQueuedSynchronizer$ConditionObject.await(AbstractQueuedSynchronizer.java:2039)&#10;        at java.util.concurrent.ScheduledThreadPoolExecutor$DelayedWorkQueue.take(ScheduledThreadPoolExecutor.java:1088)&#10;        at java.util.concurrent.ScheduledThreadPoolExecutor$DelayedWorkQueue.take(ScheduledThreadPoolExecutor.java:809)&#10;        at java.util.concurrent.ThreadPoolExecutor.getTask(ThreadPoolExecutor.java:1074)&#10;        at java.util.concurrent.ThreadPoolExecutor.runWorker(ThreadPoolExecutor.java:1134)&#10;        at java.util.concurrent.ThreadPoolExecutor$Worker.run(ThreadPoolExecutor.java:624)&#10;        at java.lang.Thread.run(Thread.java:748)&#10;&quot;Datanode State Machine Task Thread - 1&quot;  prio=5 tid=4768 in Object.wait()&#10;java.lang.Thread.State: WAITING (on object monitor)&#10;        at sun.misc.Unsafe.park(Native Method)&#10;        at java.util.concurrent.locks.LockSupport.park(LockSupport.java:175)&#10;        at java.util.concurrent.locks.AbstractQueuedSynchronizer$ConditionObject.await(AbstractQueuedSynchronizer.java:2039)&#10;        at java.util.concurrent.LinkedBlockingQueue.take(LinkedBlockingQueue.java:442)&#10;        at java.util.concurrent.ThreadPoolExecutor.getTask(ThreadPoolExecutor.java:1074)&#10;        at java.util.concurrent.ThreadPoolExecutor.runWorker(ThreadPoolExecutor.java:1134)&#10;        at java.util.concurrent.ThreadPoolExecutor$Worker.run(ThreadPoolExecutor.java:624)&#10;        at java.lang.Thread.run(Thread.java:748)&#10;&quot;EventQueue-DatanodeCommandForSCMNodeManager&quot;  prio=5 tid=4828 in Object.wait()&#10;java.lang.Thread.State: WAITING (on object monitor)&#10;        at sun.misc.Unsafe.park(Native Method)&#10;        at java.util.concurrent.locks.LockSupport.park(LockSupport.java:175)&#10;        at java.util.concurrent.locks.AbstractQueuedSynchronizer$ConditionObject.await(AbstractQueuedSynchronizer.java:2039)&#10;        at java.util.concurrent.LinkedBlockingQueue.take(LinkedBlockingQueue.java:442)&#10;        at java.util.concurrent.ThreadPoolExecutor.getTask(ThreadPoolExecutor.java:1074)&#10;        at java.util.concurrent.ThreadPoolExecutor.runWorker(ThreadPoolExecutor.java:1134)&#10;        at java.util.concurrent.ThreadPoolExecutor$Worker.run(ThreadPoolExecutor.java:624)&#10;        at java.lang.Thread.run(Thread.java:748)&#10;&quot;IPC Server handler 13 on default port 32925&quot; daemon prio=5 tid=4683 timed_waiting&#10;java.lang.Thread.State: TIMED_WAITING&#10;        at sun.misc.Unsafe.park(Native Method)&#10;        at java.util.concurrent.locks.LockSupport.parkNanos(LockSupport.java:215)&#10;        at java.util.concurrent.locks.AbstractQueuedSynchronizer$ConditionObject.awaitNanos(AbstractQueuedSynchronizer.java:2078)&#10;        at java.util.concurrent.LinkedBlockingQueue.poll(LinkedBlockingQueue.java:467)&#10;        at org.apache.hadoop.ipc.CallQueueManager.take(CallQueueManager.java:317)&#10;        at org.apache.hadoop.ipc.Server$Handler.run(Server.java:2932)&#10;&quot;pool-467-thread-6&quot;  prio=5 tid=4950 in Object.wait()&#10;java.lang.Thread.State: WAITING (on object monitor)&#10;        at sun.misc.Unsafe.park(Native Method)&#10;        at java.util.concurrent.locks.LockSupport.park(LockSupport.java:175)&#10;        at java.util.concurrent.locks.AbstractQueuedSynchronizer$ConditionObject.await(AbstractQueuedSynchronizer.java:2039)&#10;        at java.util.concurrent.LinkedBlockingQueue.take(LinkedBlockingQueue.java:442)&#10;        at java.util.concurrent.ThreadPoolExecutor.getTask(ThreadPoolExecutor.java:1074)&#10;        at java.util.concurrent.ThreadPoolExecutor.runWorker(ThreadPoolExecutor.java:1134)&#10;        at java.util.concurrent.ThreadPoolExecutor$Worker.run(ThreadPoolExecutor.java:624)&#10;        at java.lang.Thread.run(Thread.java:748)&#10;&quot;BlockDeletingService#0&quot; daemon prio=5 tid=4776 in Object.wait()&#10;java.lang.Thread.State: WAITING (on object monitor)&#10;        at sun.misc.Unsafe.park(Native Method)&#10;        at java.util.concurrent.locks.LockSupport.park(LockSupport.java:175)&#10;        at java.util.concurrent.locks.AbstractQueuedSynchronizer$ConditionObject.await(AbstractQueuedSynchronizer.java:2039)&#10;        at java.util.concurrent.ScheduledThreadPoolExecutor$DelayedWorkQueue.take(ScheduledThreadPoolExecutor.java:1088)&#10;        at java.util.concurrent.ScheduledThreadPoolExecutor$DelayedWorkQueue.take(ScheduledThreadPoolExecutor.java:809)&#10;        at java.util.concurrent.ThreadPoolExecutor.getTask(ThreadPoolExecutor.java:1074)&#10;        at java.util.concurrent.ThreadPoolExecutor.runWorker(ThreadPoolExecutor.java:1134)&#10;        at java.util.concurrent.ThreadPoolExecutor$Worker.run(ThreadPoolExecutor.java:624)&#10;        at java.lang.Thread.run(Thread.java:748)&#10;&quot;org.apache.hadoop.util.JvmPauseMonitor$Monitor@2394f48b&quot; daemon prio=5 tid=4716 timed_waiting&#10;java.lang.Thread.State: TIMED_WAITING&#10;        at java.lang.Thread.sleep(Native Method)&#10;        at org.apache.hadoop.util.JvmPauseMonitor$Monitor.run(JvmPauseMonitor.java:192)&#10;        at java.lang.Thread.run(Thread.java:748)&#10;&quot;IPC Server handler 2 on default port 46143&quot; daemon prio=5 tid=4574 timed_waiting&#10;java.lang.Thread.State: TIMED_WAITING&#10;        at sun.misc.Unsafe.park(Native Method)&#10;        at java.util.concurrent.locks.LockSupport.parkNanos(LockSupport.java:215)&#10;        at java.util.concurrent.locks.AbstractQueuedSynchronizer$ConditionObject.awaitNanos(AbstractQueuedSynchronizer.java:2078)&#10;        at java.util.concurrent.LinkedBlockingQueue.poll(LinkedBlockingQueue.java:467)&#10;        at org.apache.hadoop.ipc.CallQueueManager.take(CallQueueManager.java:317)&#10;        at org.apache.hadoop.ipc.Server$Handler.run(Server.java:2932)&#10;&quot;qtp342524388-4754&quot; daemon prio=5 tid=4754 timed_waiting&#10;java.lang.Thread.State: TIMED_WAITING&#10;        at sun.misc.Unsafe.park(Native Method)&#10;        at java.util.concurrent.locks.LockSupport.parkNanos(LockSupport.java:215)&#10;        at java.util.concurrent.locks.AbstractQueuedSynchronizer$ConditionObject.awaitNanos(AbstractQueuedSynchronizer.java:2078)&#10;        at org.eclipse.jetty.util.BlockingArrayQueue.poll(BlockingArrayQueue.java:382)&#10;        at org.eclipse.jetty.util.thread.QueuedThreadPool$Runner.idleJobPoll(QueuedThreadPool.java:974)&#10;        at org.eclipse.jetty.util.thread.QueuedThreadPool$Runner.run(QueuedThreadPool.java:1018)&#10;        at java.lang.Thread.run(Thread.java:748)&#10;&quot;ChunkWriter-0-0&quot; daemon prio=5 tid=4802 in Object.wait()&#10;java.lang.Thread.State: WAITING (on object monitor)&#10;        at sun.misc.Unsafe.park(Native Method)&#10;        at java.util.concurrent.locks.LockSupport.park(LockSupport.java:175)&#10;        at java.util.concurrent.locks.AbstractQueuedSynchronizer$ConditionObject.await(AbstractQueuedSynchronizer.java:2039)&#10;        at java.util.concurrent.LinkedBlockingDeque.takeFirst(LinkedBlockingDeque.java:492)&#10;        at java.util.concurrent.LinkedBlockingDeque.take(LinkedBlockingDeque.java:680)&#10;        at java.util.concurrent.ThreadPoolExecutor.getTask(ThreadPoolExecutor.java:1074)&#10;        at java.util.concurrent.ThreadPoolExecutor.runWorker(ThreadPoolExecutor.java:1134)&#10;        at java.util.concurrent.ThreadPoolExecutor$Worker.run(ThreadPoolExecutor.java:624)&#10;        at java.lang.Thread.run(Thread.java:748)&#10;&quot;qtp2133268403-4730&quot; daemon prio=5 tid=4730 timed_waiting&#10;java.lang.Thread.State: TIMED_WAITING&#10;        at sun.misc.Unsafe.park(Native Method)&#10;        at java.util.concurrent.locks.LockSupport.parkNanos(LockSupport.java:215)&#10;        at java.util.concurrent.locks.AbstractQueuedSynchronizer$ConditionObject.awaitNanos(AbstractQueuedSynchronizer.java:2078)&#10;        at org.eclipse.jetty.util.BlockingArrayQueue.poll(BlockingArrayQueue.java:382)&#10;        at org.eclipse.jetty.util.thread.QueuedThreadPool$Runner.idleJobPoll(QueuedThreadPool.java:974)&#10;        at org.eclipse.jetty.util.thread.QueuedThreadPool$Runner.run(QueuedThreadPool.java:1018)&#10;        at java.lang.Thread.run(Thread.java:748)&#10;&quot;IPC Server handler 4 on default port 43321&quot; daemon prio=5 tid=4596 timed_waiting&#10;java.lang.Thread.State: TIMED_WAITING&#10;        at sun.misc.Unsafe.park(Native Method)&#10;        at java.util.concurrent.locks.LockSupport.parkNanos(LockSupport.java:215)&#10;        at java.util.concurrent.locks.AbstractQueuedSynchronizer$ConditionObject.awaitNanos(AbstractQueuedSynchronizer.java:2078)&#10;        at java.util.concurrent.LinkedBlockingQueue.poll(LinkedBlockingQueue.java:467)&#10;        at org.apache.hadoop.ipc.CallQueueManager.take(CallQueueManager.java:317)&#10;        at org.apache.hadoop.ipc.Server$Handler.run(Server.java:2932)&#10;&quot;pool-465-thread-2&quot;  prio=5 tid=4919 in Object.wait()&#10;java.lang.Thread.State: WAITING (on object monitor)&#10;        at sun.misc.Unsafe.park(Native Method)&#10;        at java.util.concurrent.locks.LockSupport.park(LockSupport.java:175)&#10;        at java.util.concurrent.locks.AbstractQueuedSynchronizer$ConditionObject.await(AbstractQueuedSynchronizer.java:2039)&#10;        at java.util.concurrent.LinkedBlockingQueue.take(LinkedBlockingQueue.java:442)&#10;        at java.util.concurrent.ThreadPoolExecutor.getTask(ThreadPoolExecutor.java:1074)&#10;        at java.util.concurrent.ThreadPoolExecutor.runWorker(ThreadPoolExecutor.java:1134)&#10;        at java.util.concurrent.ThreadPoolExecutor$Worker.run(ThreadPoolExecutor.java:624)&#10;        at java.lang.Thread.run(Thread.java:748)&#10;&quot;EventQueue-ContainerReportForContainerReportHandler&quot; daemon prio=5 tid=4818 in Object.wait()&#10;java.lang.Thread.State: WAITING (on object monitor)&#10;        at sun.misc.Unsafe.park(Native Method)&#10;        at java.util.concurrent.locks.LockSupport.park(LockSupport.java:175)&#10;        at java.util.concurrent.locks.AbstractQueuedSynchronizer$ConditionObject.await(AbstractQueuedSynchronizer.java:2039)&#10;        at java.util.concurrent.LinkedBlockingQueue.take(LinkedBlockingQueue.java:442)&#10;        at java.util.concurrent.ThreadPoolExecutor.getTask(ThreadPoolExecutor.java:1074)&#10;        at java.util.concurrent.ThreadPoolExecutor.runWorker(ThreadPoolExecutor.java:1134)&#10;        at java.util.concurrent.ThreadPoolExecutor$Worker.run(ThreadPoolExecutor.java:624)&#10;        at java.lang.Thread.run(Thread.java:748)&#10;&quot;qtp1299272458-4701&quot; daemon prio=5 tid=4701 timed_waiting&#10;java.lang.Thread.State: TIMED_WAITING&#10;        at sun.misc.Unsafe.park(Native Method)&#10;        at java.util.concurrent.locks.LockSupport.parkNanos(LockSupport.java:215)&#10;        at java.util.concurrent.locks.AbstractQueuedSynchronizer$ConditionObject.awaitNanos(AbstractQueuedSynchronizer.java:2078)&#10;        at org.eclipse.jetty.util.BlockingArrayQueue.poll(BlockingArrayQueue.java:382)&#10;        at org.eclipse.jetty.util.thread.QueuedThreadPool$Runner.idleJobPoll(QueuedThreadPool.java:974)&#10;        at org.eclipse.jetty.util.thread.QueuedThreadPool$Runner.run(QueuedThreadPool.java:1018)&#10;        at java.lang.Thread.run(Thread.java:748)&#10;&quot;pool-412-thread-1&quot; daemon prio=5 tid=4694 timed_waiting&#10;java.lang.Thread.State: TIMED_WAITING&#10;        at sun.misc.Unsafe.park(Native Method)&#10;        at java.util.concurrent.locks.LockSupport.parkNanos(LockSupport.java:215)&#10;        at java.util.concurrent.locks.AbstractQueuedSynchronizer$ConditionObject.awaitNanos(AbstractQueuedSynchronizer.java:2078)&#10;        at java.util.concurrent.ScheduledThreadPoolExecutor$DelayedWorkQueue.take(ScheduledThreadPoolExecutor.java:1093)&#10;        at java.util.concurrent.ScheduledThreadPoolExecutor$DelayedWorkQueue.take(ScheduledThreadPoolExecutor.java:809)&#10;        at java.util.concurrent.ThreadPoolExecutor.getTask(ThreadPoolExecutor.java:1074)&#10;        at java.util.concurrent.ThreadPoolExecutor.runWorker(ThreadPoolExecutor.java:1134)&#10;        at java.util.concurrent.ThreadPoolExecutor$Worker.run(ThreadPoolExecutor.java:624)&#10;        at java.lang.Thread.run(Thread.java:748)&#10;&quot;BlockDeletingService#8&quot; daemon prio=5 tid=4784 in Object.wait()&#10;java.lang.Thread.State: WAITING (on object monitor)&#10;        at sun.misc.Unsafe.park(Native Method)&#10;        at java.util.concurrent.locks.LockSupport.park(LockSupport.java:175)&#10;        at java.util.concurrent.locks.AbstractQueuedSynchronizer$ConditionObject.await(AbstractQueuedSynchronizer.java:2039)&#10;        at java.util.concurrent.ScheduledThreadPoolExecutor$DelayedWorkQueue.take(ScheduledThreadPoolExecutor.java:1088)&#10;        at java.util.concurrent.ScheduledThreadPoolExecutor$DelayedWorkQueue.take(ScheduledThreadPoolExecutor.java:809)&#10;        at java.util.concurrent.ThreadPoolExecutor.getTask(ThreadPoolExecutor.java:1074)&#10;        at java.util.concurrent.ThreadPoolExecutor.runWorker(ThreadPoolExecutor.java:1134)&#10;        at java.util.concurrent.ThreadPoolExecutor$Worker.run(ThreadPoolExecutor.java:624)&#10;        at java.lang.Thread.run(Thread.java:748)&#10;&quot;pool-465-thread-1&quot;  prio=5 tid=4912 in Object.wait()&#10;java.lang.Thread.State: WAITING (on object monitor)&#10;        at sun.misc.Unsafe.park(Native Method)&#10;        at java.util.concurrent.locks.LockSupport.park(LockSupport.java:175)&#10;        at java.util.concurrent.locks.AbstractQueuedSynchronizer$ConditionObject.await(AbstractQueuedSynchronizer.java:2039)&#10;        at java.util.concurrent.LinkedBlockingQueue.take(LinkedBlockingQueue.java:442)&#10;        at java.util.concurrent.ThreadPoolExecutor.getTask(ThreadPoolExecutor.java:1074)&#10;        at java.util.concurrent.ThreadPoolExecutor.runWorker(ThreadPoolExecutor.java:1134)&#10;        at java.util.concurrent.ThreadPoolExecutor$Worker.run(ThreadPoolExecutor.java:624)&#10;        at java.lang.Thread.run(Thread.java:748)&#10;&quot;pool-450-thread-1&quot; daemon prio=5 tid=4746 timed_waiting&#10;java.lang.Thread.State: TIMED_WAITING&#10;        at sun.misc.Unsafe.park(Native Method)&#10;        at java.util.concurrent.locks.LockSupport.parkNanos(LockSupport.java:215)&#10;        at java.util.concurrent.locks.AbstractQueuedSynchronizer$ConditionObject.awaitNanos(AbstractQueuedSynchronizer.java:2078)&#10;        at java.util.concurrent.ScheduledThreadPoolExecutor$DelayedWorkQueue.take(ScheduledThreadPoolExecutor.java:1093)&#10;        at java.util.concurrent.ScheduledThreadPoolExecutor$DelayedWorkQueue.take(ScheduledThreadPoolExecutor.java:809)&#10;        at java.util.concurrent.ThreadPoolExecutor.getTask(ThreadPoolExecutor.java:1074)&#10;        at java.util.concurrent.ThreadPoolExecutor.runWorker(ThreadPoolExecutor.java:1134)&#10;        at java.util.concurrent.ThreadPoolExecutor$Worker.run(ThreadPoolExecutor.java:624)&#10;        at java.lang.Thread.run(Thread.java:748)&#10;&quot;EventQueue-PipelineReportForOneReplicaPipelineSafeModeRule&quot; daemon prio=5 tid=4822 in Object.wait()&#10;java.lang.Thread.State: WAITING (on object monitor)&#10;        at sun.misc.Unsafe.park(Native Method)&#10;        at java.util.concurrent.locks.LockSupport.park(LockSupport.java:175)&#10;        at java.util.concurrent.locks.AbstractQueuedSynchronizer$ConditionObject.await(AbstractQueuedSynchronizer.java:2039)&#10;        at java.util.concurrent.LinkedBlockingQueue.take(LinkedBlockingQueue.java:442)&#10;        at java.util.concurrent.ThreadPoolExecutor.getTask(ThreadPoolExecutor.java:1074)&#10;        at java.util.concurrent.ThreadPoolExecutor.runWorker(ThreadPoolExecutor.java:1134)&#10;        at java.util.concurrent.ThreadPoolExecutor$Worker.run(ThreadPoolExecutor.java:624)&#10;        at java.lang.Thread.run(Thread.java:748)&#10;&quot;BlockDeletingService#6&quot; daemon prio=5 tid=4799 in Object.wait()&#10;java.lang.Thread.State: WAITING (on object monitor)&#10;        at sun.misc.Unsafe.park(Native Method)&#10;        at java.util.concurrent.locks.LockSupport.park(LockSupport.java:175)&#10;        at java.util.concurrent.locks.AbstractQueuedSynchronizer$ConditionObject.await(AbstractQueuedSynchronizer.java:2039)&#10;        at java.util.concurrent.ScheduledThreadPoolExecutor$DelayedWorkQueue.take(ScheduledThreadPoolExecutor.java:1088)&#10;        at java.util.concurrent.ScheduledThreadPoolExecutor$DelayedWorkQueue.take(ScheduledThreadPoolExecutor.java:809)&#10;        at java.util.concurrent.ThreadPoolExecutor.getTask(ThreadPoolExecutor.java:1074)&#10;        at java.util.concurrent.ThreadPoolExecutor.runWorker(ThreadPoolExecutor.java:1134)&#10;        at java.util.concurrent.ThreadPoolExecutor$Worker.run(ThreadPoolExecutor.java:624)&#10;        at java.lang.Thread.run(Thread.java:748)&#10;&quot;qtp342524388-4753&quot; daemon prio=5 tid=4753 timed_waiting&#10;java.lang.Thread.State: TIMED_WAITING&#10;        at sun.misc.Unsafe.park(Native Method)&#10;        at java.util.concurrent.locks.LockSupport.parkNanos(LockSupport.java:215)&#10;        at java.util.concurrent.locks.AbstractQueuedSynchronizer$ConditionObject.awaitNanos(AbstractQueuedSynchronizer.java:2078)&#10;        at org.eclipse.jetty.util.BlockingArrayQueue.poll(BlockingArrayQueue.java:382)&#10;        at org.eclipse.jetty.util.thread.QueuedThreadPool$Runner.idleJobPoll(QueuedThreadPool.java:974)&#10;        at org.eclipse.jetty.util.thread.QueuedThreadPool$Runner.run(QueuedThreadPool.java:1018)&#10;        at java.lang.Thread.run(Thread.java:748)&#10;&quot;IPC Server listener on 0&quot; daemon prio=5 tid=4557 runnable&#10;java.lang.Thread.State: RUNNABLE&#10;        at sun.nio.ch.EPollArrayWrapper.epollWait(Native Method)&#10;        at sun.nio.ch.EPollArrayWrapper.poll(EPollArrayWrapper.java:269)&#10;        at sun.nio.ch.EPollSelectorImpl.doSelect(EPollSelectorImpl.java:93)&#10;        at sun.nio.ch.SelectorImpl.lockAndDoSelect(SelectorImpl.java:86)&#10;        at sun.nio.ch.SelectorImpl.select(SelectorImpl.java:97)&#10;        at sun.nio.ch.SelectorImpl.select(SelectorImpl.java:101)&#10;        at org.apache.hadoop.ipc.Server$Listener.run(Server.java:1350)&#10;&quot;qtp834390584-4665&quot; daemon prio=5 tid=4665 timed_waiting&#10;java.lang.Thread.State: TIMED_WAITING&#10;        at sun.misc.Unsafe.park(Native Method)&#10;        at java.util.concurrent.locks.LockSupport.parkNanos(LockSupport.java:215)&#10;        at java.util.concurrent.locks.AbstractQueuedSynchronizer$ConditionObject.awaitNanos(AbstractQueuedSynchronizer.java:2078)&#10;        at org.eclipse.jetty.util.BlockingArrayQueue.poll(BlockingArrayQueue.java:382)&#10;        at org.eclipse.jetty.util.thread.QueuedThreadPool$Runner.idleJobPoll(QueuedThreadPool.java:974)&#10;        at org.eclipse.jetty.util.thread.QueuedThreadPool$Runner.run(QueuedThreadPool.java:1018)&#10;        at java.lang.Thread.run(Thread.java:748)&#10;&quot;IPC Server Responder&quot; daemon prio=5 tid=4568 runnable&#10;java.lang.Thread.State: RUNNABLE&#10;        at sun.nio.ch.EPollArrayWrapper.epollWait(Native Method)&#10;        at sun.nio.ch.EPollArrayWrapper.poll(EPollArrayWrapper.java:269)&#10;        at sun.nio.ch.EPollSelectorImpl.doSelect(EPollSelectorImpl.java:93)&#10;        at sun.nio.ch.SelectorImpl.lockAndDoSelect(SelectorImpl.java:86)&#10;        at sun.nio.ch.SelectorImpl.select(SelectorImpl.java:97)&#10;        at org.apache.hadoop.ipc.Server$Responder.doRunLoop(Server.java:1527)&#10;        at org.apache.hadoop.ipc.Server$Responder.run(Server.java:1510)&#10;&quot;qtp580779646-4640&quot; daemon prio=5 tid=4640 timed_waiting&#10;java.lang.Thread.State: TIMED_WAITING&#10;        at sun.misc.Unsafe.park(Native Method)&#10;        at java.util.concurrent.locks.LockSupport.parkNanos(LockSupport.java:215)&#10;        at java.util.concurrent.locks.AbstractQueuedSynchronizer$ConditionObject.awaitNanos(AbstractQueuedSynchronizer.java:2078)&#10;        at org.eclipse.jetty.util.BlockingArrayQueue.poll(BlockingArrayQueue.java:382)&#10;        at org.eclipse.jetty.util.thread.QueuedThreadPool$Runner.idleJobPoll(QueuedThreadPool.java:974)&#10;        at org.eclipse.jetty.util.thread.QueuedThreadPool$Runner.run(QueuedThreadPool.java:1018)&#10;        at java.lang.Thread.run(Thread.java:748)&#10;&quot;Socket Reader #1 for port 0&quot;  prio=5 tid=4562 runnable&#10;java.lang.Thread.State: RUNNABLE&#10;        at sun.nio.ch.EPollArrayWrapper.epollWait(Native Method)&#10;        at sun.nio.ch.EPollArrayWrapper.poll(EPollArrayWrapper.java:269)&#10;        at sun.nio.ch.EPollSelectorImpl.doSelect(EPollSelectorImpl.java:93)&#10;        at sun.nio.ch.SelectorImpl.lockAndDoSelect(SelectorImpl.java:86)&#10;        at sun.nio.ch.SelectorImpl.select(SelectorImpl.java:97)&#10;        at sun.nio.ch.SelectorImpl.select(SelectorImpl.java:101)&#10;        at org.apache.hadoop.ipc.Server$Listener$Reader.doRunLoop(Server.java:1288)&#10;        at org.apache.hadoop.ipc.Server$Listener$Reader.run(Server.java:1267)&#10;&quot;IPC Server handler 5 on default port 32925&quot; daemon prio=5 tid=4675 timed_waiting&#10;java.lang.Thread.State: TIMED_WAITING&#10;        at sun.misc.Unsafe.park(Native Method)&#10;        at java.util.concurrent.locks.LockSupport.parkNanos(LockSupport.java:215)&#10;        at java.util.concurrent.locks.AbstractQueuedSynchronizer$ConditionObject.awaitNanos(AbstractQueuedSynchronizer.java:2078)&#10;        at java.util.concurrent.LinkedBlockingQueue.poll(LinkedBlockingQueue.java:467)&#10;        at org.apache.hadoop.ipc.CallQueueManager.take(CallQueueManager.java:317)&#10;        at org.apache.hadoop.ipc.Server$Handler.run(Server.java:2932)&#10;&quot;IPC Server listener on 0&quot; daemon prio=5 tid=4565 runnable&#10;java.lang.Thread.State: RUNNABLE&#10;        at sun.nio.ch.EPollArrayWrapper.epollWait(Native Method)&#10;        at sun.nio.ch.EPollArrayWrapper.poll(EPollArrayWrapper.java:269)&#10;        at sun.nio.ch.EPollSelectorImpl.doSelect(EPollSelectorImpl.java:93)&#10;        at sun.nio.ch.SelectorImpl.lockAndDoSelect(SelectorImpl.java:86)&#10;        at sun.nio.ch.SelectorImpl.select(SelectorImpl.java:97)&#10;        at sun.nio.ch.SelectorImpl.select(SelectorImpl.java:101)&#10;        at org.apache.hadoop.ipc.Server$Listener.run(Server.java:1350)&#10;&quot;BlockDeletingService#9&quot; daemon prio=5 tid=4812 in Object.wait()&#10;java.lang.Thread.State: WAITING (on object monitor)&#10;        at sun.misc.Unsafe.park(Native Method)&#10;        at java.util.concurrent.locks.LockSupport.park(LockSupport.java:175)&#10;        at java.util.concurrent.locks.AbstractQueuedSynchronizer$ConditionObject.await(AbstractQueuedSynchronizer.java:2039)&#10;        at java.util.concurrent.ScheduledThreadPoolExecutor$DelayedWorkQueue.take(ScheduledThreadPoolExecutor.java:1088)&#10;        at java.util.concurrent.ScheduledThreadPoolExecutor$DelayedWorkQueue.take(ScheduledThreadPoolExecutor.java:809)&#10;        at java.util.concurrent.ThreadPoolExecutor.getTask(ThreadPoolExecutor.java:1074)&#10;        at java.util.concurrent.ThreadPoolExecutor.runWorker(ThreadPoolExecutor.java:1134)&#10;        at java.util.concurrent.ThreadPoolExecutor$Worker.run(ThreadPoolExecutor.java:624)&#10;        at java.lang.Thread.run(Thread.java:748)&#10;&quot;pool-467-thread-10&quot;  prio=5 tid=4991 in Object.wait()&#10;java.lang.Thread.State: WAITING (on object monitor)&#10;        at sun.misc.Unsafe.park(Native Method)&#10;        at java.util.concurrent.locks.LockSupport.park(LockSupport.java:175)&#10;        at java.util.concurrent.locks.AbstractQueuedSynchronizer$ConditionObject.await(AbstractQueuedSynchronizer.java:2039)&#10;        at java.util.concurrent.LinkedBlockingQueue.take(LinkedBlockingQueue.java:442)&#10;        at java.util.concurrent.ThreadPoolExecutor.getTask(ThreadPoolExecutor.java:1074)&#10;        at java.util.concurrent.ThreadPoolExecutor.runWorker(ThreadPoolExecutor.java:1134)&#10;        at java.util.concurrent.ThreadPoolExecutor$Worker.run(ThreadPoolExecutor.java:624)&#10;        at java.lang.Thread.run(Thread.java:748)&#10;&quot;Datanode ReportManager Thread - 2&quot; daemon prio=5 tid=4762 in Object.wait()&#10;java.lang.Thread.State: WAITING (on object monitor)&#10;        at sun.misc.Unsafe.park(Native Method)&#10;        at java.util.concurrent.locks.LockSupport.park(LockSupport.java:175)&#10;        at java.util.concurrent.locks.AbstractQueuedSynchronizer$ConditionObject.await(AbstractQueuedSynchronizer.java:2039)&#10;        at java.util.concurrent.ScheduledThreadPoolExecutor$DelayedWorkQueue.take(ScheduledThreadPoolExecutor.java:1088)&#10;        at java.util.concurrent.ScheduledThreadPoolExecutor$DelayedWorkQueue.take(ScheduledThreadPoolExecutor.java:809)&#10;        at java.util.concurrent.ThreadPoolExecutor.getTask(ThreadPoolExecutor.java:1074)&#10;        at java.util.concurrent.ThreadPoolExecutor.runWorker(ThreadPoolExecutor.java:1134)&#10;        at java.util.concurrent.ThreadPoolExecutor$Worker.run(ThreadPoolExecutor.java:624)&#10;        at java.lang.Thread.run(Thread.java:748)&#10;&quot;EndpointStateMachine task thread for /0.0.0.0:32893 - 0 &quot;  prio=5 tid=4769 in Object.wait()&#10;java.lang.Thread.State: WAITING (on object monitor)&#10;        at sun.misc.Unsafe.park(Native Method)&#10;        at java.util.concurrent.locks.LockSupport.park(LockSupport.java:175)&#10;        at java.util.concurrent.locks.AbstractQueuedSynchronizer$ConditionObject.await(AbstractQueuedSynchronizer.java:2039)&#10;        at java.util.concurrent.LinkedBlockingQueue.take(LinkedBlockingQueue.java:442)&#10;        at java.util.concurrent.ThreadPoolExecutor.getTask(ThreadPoolExecutor.java:1074)&#10;        at java.util.concurrent.ThreadPoolExecutor.runWorker(ThreadPoolExecutor.java:1134)&#10;        at java.util.concurrent.ThreadPoolExecutor$Worker.run(ThreadPoolExecutor.java:624)&#10;        at java.lang.Thread.run(Thread.java:748)&#10;&quot;qtp580779646-4635&quot; daemon prio=5 tid=4635 runnable&#10;java.lang.Thread.State: RUNNABLE&#10;        at sun.nio.ch.EPollArrayWrapper.epollWait(Native Method)&#10;        at sun.nio.ch.EPollArrayWrapper.poll(EPollArrayWrapper.java:269)&#10;        at sun.nio.ch.EPollSelectorImpl.doSelect(EPollSelectorImpl.java:93)&#10;        at sun.nio.ch.SelectorImpl.lockAndDoSelect(SelectorImpl.java:86)&#10;        at sun.nio.ch.SelectorImpl.select(SelectorImpl.java:97)&#10;        at sun.nio.ch.SelectorImpl.select(SelectorImpl.java:101)&#10;        at org.eclipse.jetty.io.ManagedSelector.nioSelect(ManagedSelector.java:183)&#10;        at org.eclipse.jetty.io.ManagedSelector.select(ManagedSelector.java:190)&#10;        at org.eclipse.jetty.io.ManagedSelector$SelectorProducer.select(ManagedSelector.java:606)&#10;        at org.eclipse.jetty.io.ManagedSelector$SelectorProducer.produce(ManagedSelector.java:543)&#10;        at org.eclipse.jetty.util.thread.strategy.EatWhatYouKill.produceTask(EatWhatYouKill.java:362)&#10;        at org.eclipse.jetty.util.thread.strategy.EatWhatYouKill.doProduce(EatWhatYouKill.java:186)&#10;        at org.eclipse.jetty.util.thread.strategy.EatWhatYouKill.tryProduce(EatWhatYouKill.java:173)&#10;        at org.eclipse.jetty.util.thread.strategy.EatWhatYouKill.produce(EatWhatYouKill.java:137)&#10;        at org.eclipse.jetty.io.ManagedSelector$$Lambda$309/1391532202.run(Unknown Source)&#10;        at org.eclipse.jetty.util.thread.QueuedThreadPool.runJob(QueuedThreadPool.java:883)&#10;        at org.eclipse.jetty.util.thread.QueuedThreadPool$Runner.run(QueuedThreadPool.java:1034)&#10;        at java.lang.Thread.run(Thread.java:748)&#10;&quot;IPC Server handler 12 on default port 32925&quot; daemon prio=5 tid=4682 timed_waiting&#10;java.lang.Thread.State: TIMED_WAITING&#10;        at sun.misc.Unsafe.park(Native Method)&#10;        at java.util.concurrent.locks.LockSupport.parkNanos(LockSupport.java:215)&#10;        at java.util.concurrent.locks.AbstractQueuedSynchronizer$ConditionObject.awaitNanos(AbstractQueuedSynchronizer.java:2078)&#10;        at java.util.concurrent.LinkedBlockingQueue.poll(LinkedBlockingQueue.java:467)&#10;        at org.apache.hadoop.ipc.CallQueueManager.take(CallQueueManager.java:317)&#10;        at org.apache.hadoop.ipc.Server$Handler.run(Server.java:2932)&#10;&quot;IPC Server handler 15 on default port 32893&quot; daemon prio=5 tid=4627 timed_waiting&#10;java.lang.Thread.State: TIMED_WAITING&#10;        at sun.misc.Unsafe.park(Native Method)&#10;        at java.util.concurrent.locks.LockSupport.parkNanos(LockSupport.java:215)&#10;        at java.util.concurrent.locks.AbstractQueuedSynchronizer$ConditionObject.awaitNanos(AbstractQueuedSynchronizer.java:2078)&#10;        at java.util.concurrent.LinkedBlockingQueue.poll(LinkedBlockingQueue.java:467)&#10;        at org.apache.hadoop.ipc.CallQueueManager.take(CallQueueManager.java:317)&#10;        at org.apache.hadoop.ipc.Server$Handler.run(Server.java:2932)&#10;&quot;FullTableCache Cleanup Thread - 0&quot; daemon prio=5 tid=3924 in Object.wait()&#10;java.lang.Thread.State: WAITING (on object monitor)&#10;        at sun.misc.Unsafe.park(Native Method)&#10;        at java.util.concurrent.locks.LockSupport.park(LockSupport.java:175)&#10;        at java.util.concurrent.locks.AbstractQueuedSynchronizer$ConditionObject.await(AbstractQueuedSynchronizer.java:2039)&#10;        at java.util.concurrent.LinkedBlockingQueue.take(LinkedBlockingQueue.java:442)&#10;        at java.util.concurrent.ThreadPoolExecutor.getTask(ThreadPoolExecutor.java:1074)&#10;        at java.util.concurrent.ThreadPoolExecutor.runWorker(ThreadPoolExecutor.java:1134)&#10;        at java.util.concurrent.ThreadPoolExecutor$Worker.run(ThreadPoolExecutor.java:624)&#10;        at java.lang.Thread.run(Thread.java:748)&#10;&quot;IPC Server handler 7 on default port 32925&quot; daemon prio=5 tid=4677 timed_waiting&#10;java.lang.Thread.State: TIMED_WAITING&#10;        at sun.misc.Unsafe.park(Native Method)&#10;        at java.util.concurrent.locks.LockSupport.parkNanos(LockSupport.java:215)&#10;        at java.util.concurrent.locks.AbstractQueuedSynchronizer$ConditionObject.awaitNanos(AbstractQueuedSynchronizer.java:2078)&#10;        at java.util.concurrent.LinkedBlockingQueue.poll(LinkedBlockingQueue.java:467)&#10;        at org.apache.hadoop.ipc.CallQueueManager.take(CallQueueManager.java:317)&#10;        at org.apache.hadoop.ipc.Server$Handler.run(Server.java:2932)&#10;&quot;pool-466-thread-6&quot;  prio=5 tid=4955 in Object.wait()&#10;java.lang.Thread.State: WAITING (on object monitor)&#10;        at sun.misc.Unsafe.park(Native Method)&#10;        at java.util.concurrent.locks.LockSupport.park(LockSupport.java:175)&#10;        at java.util.concurrent.locks.AbstractQueuedSynchronizer$ConditionObject.await(AbstractQueuedSynchronizer.java:2039)&#10;        at java.util.concurrent.LinkedBlockingQueue.take(LinkedBlockingQueue.java:442)&#10;        at java.util.concurrent.ThreadPoolExecutor.getTask(ThreadPoolExecutor.java:1074)&#10;        at java.util.concurrent.ThreadPoolExecutor.runWorker(ThreadPoolExecutor.java:1134)&#10;        at java.util.concurrent.ThreadPoolExecutor$Worker.run(ThreadPoolExecutor.java:624)&#10;        at java.lang.Thread.run(Thread.java:748)&#10;&quot;Datanode State Machine Task Thread - 1&quot;  prio=5 tid=4800 in Object.wait()&#10;java.lang.Thread.State: WAITING (on object monitor)&#10;        at sun.misc.Unsafe.park(Native Method)&#10;        at java.util.concurrent.locks.LockSupport.park(LockSupport.java:175)&#10;        at java.util.concurrent.locks.AbstractQueuedSynchronizer$ConditionObject.await(AbstractQueuedSynchronizer.java:2039)&#10;        at java.util.concurrent.LinkedBlockingQueue.take(LinkedBlockingQueue.java:442)&#10;        at java.util.concurrent.ThreadPoolExecutor.getTask(ThreadPoolExecutor.java:1074)&#10;        at java.util.concurrent.ThreadPoolExecutor.runWorker(ThreadPoolExecutor.java:1134)&#10;        at java.util.concurrent.ThreadPoolExecutor$Worker.run(ThreadPoolExecutor.java:624)&#10;        at java.lang.Thread.run(Thread.java:748)&#10;&quot;process reaper&quot; daemon prio=10 tid=11 timed_waiting&#10;java.lang.Thread.State: TIMED_WAITING&#10;        at sun.misc.Unsafe.park(Native Method)&#10;        at java.util.concurrent.locks.LockSupport.parkNanos(LockSupport.java:215)&#10;        at java.util.concurrent.SynchronousQueue$TransferStack.awaitFulfill(SynchronousQueue.java:460)&#10;        at java.util.concurrent.SynchronousQueue$TransferStack.transfer(SynchronousQueue.java:362)&#10;        at java.util.concurrent.SynchronousQueue.poll(SynchronousQueue.java:941)&#10;        at java.util.concurrent.ThreadPoolExecutor.getTask(ThreadPoolExecutor.java:1073)&#10;        at java.util.concurrent.ThreadPoolExecutor.runWorker(ThreadPoolExecutor.java:1134)&#10;        at java.util.concurrent.ThreadPoolExecutor$Worker.run(ThreadPoolExecutor.java:624)&#10;        at java.lang.Thread.run(Thread.java:748)&#10;&quot;org.apache.ratis.util.JvmPauseMonitor$$Lambda$531/524014602@34cb4bec&quot; daemon prio=5 tid=4657 timed_waiting&#10;java.lang.Thread.State: TIMED_WAITING&#10;        at java.lang.Thread.sleep(Native Method)&#10;        at java.lang.Thread.sleep(Thread.java:340)&#10;        at java.util.concurrent.TimeUnit.sleep(TimeUnit.java:386)&#10;        at org.apache.ratis.util.TimeDuration.sleep(TimeDuration.java:324)&#10;        at org.apache.ratis.util.TimeDuration.sleep(TimeDuration.java:309)&#10;        at org.apache.ratis.util.JvmPauseMonitor.detectPause(JvmPauseMonitor.java:117)&#10;        at org.apache.ratis.util.JvmPauseMonitor.run(JvmPauseMonitor.java:106)&#10;        at org.apache.ratis.util.JvmPauseMonitor$$Lambda$531/524014602.run(Unknown Source)&#10;        at java.lang.Thread.run(Thread.java:748)&#10;&quot;ChunkWriter-1-0&quot; daemon prio=5 tid=4788 in Object.wait()&#10;java.lang.Thread.State: WAITING (on object monitor)&#10;        at sun.misc.Unsafe.park(Native Method)&#10;        at java.util.concurrent.locks.LockSupport.park(LockSupport.java:175)&#10;        at java.util.concurrent.locks.AbstractQueuedSynchronizer$ConditionObject.await(AbstractQueuedSynchronizer.java:2039)&#10;        at java.util.concurrent.LinkedBlockingDeque.takeFirst(LinkedBlockingDeque.java:492)&#10;        at java.util.concurrent.LinkedBlockingDeque.take(LinkedBlockingDeque.java:680)&#10;        at java.util.concurrent.ThreadPoolExecutor.getTask(ThreadPoolExecutor.java:1074)&#10;        at java.util.concurrent.ThreadPoolExecutor.runWorker(ThreadPoolExecutor.java:1134)&#10;        at java.util.concurrent.ThreadPoolExecutor$Worker.run(ThreadPoolExecutor.java:624)&#10;        at java.lang.Thread.run(Thread.java:748)&#10;&quot;a3a688a0-b759-42a1-9d42-7ea63bf88025@group-BCEEFC5FE04E-&gt;e5d3e9d3-1367-47eb-ad7f-372895a70f55-GrpcLogAppender-LogAppenderDaemon&quot; daemon prio=5 tid=4876 timed_waiting&#10;java.lang.Thread.State: TIMED_WAITING&#10;        at java.lang.Object.wait(Native Method)&#10;        at org.apache.ratis.grpc.server.GrpcLogAppender.mayWait(GrpcLogAppender.java:173)&#10;        at org.apache.ratis.grpc.server.GrpcLogAppender.run(GrpcLogAppender.java:125)&#10;        at org.apache.ratis.server.leader.LogAppenderDaemon.run(LogAppenderDaemon.java:77)&#10;        at org.apache.ratis.server.leader.LogAppenderDaemon$$Lambda$816/1858923544.run(Unknown Source)&#10;        at java.lang.Thread.run(Thread.java:748)&#10;&quot;Command processor thread&quot; daemon prio=5 tid=4715 timed_waiting&#10;java.lang.Thread.State: TIMED_WAITING&#10;        at java.lang.Thread.sleep(Native Method)&#10;        at org.apache.hadoop.ozone.container.common.statemachine.DatanodeStateMachine.lambda$initCommandHandlerThread$2(DatanodeStateMachine.java:563)&#10;        at org.apache.hadoop.ozone.container.common.statemachine.DatanodeStateMachine$$Lambda$571/481383730.run(Unknown Source)&#10;        at java.lang.Thread.run(Thread.java:748)&#10;&quot;org.apache.hadoop.ozone.container.common.statemachine.commandhandler.DeleteBlocksCommandHandler$DeleteCmdWorker@24a0a0d7&quot; daemon prio=5 tid=4696 timed_waiting&#10;java.lang.Thread.State: TIMED_WAITING&#10;        at java.lang.Thread.sleep(Native Method)&#10;        at org.apache.hadoop.ozone.container.common.statemachine.commandhandler.DeleteBlocksCommandHandler$DeleteCmdWorker.run(DeleteBlocksCommandHandler.java:174)&#10;        at java.lang.Thread.run(Thread.java:748)&#10;&quot;IPC Server handler 6 on default port 32893&quot; daemon prio=5 tid=4618 timed_waiting&#10;java.lang.Thread.State: TIMED_WAITING&#10;        at sun.misc.Unsafe.park(Native Method)&#10;        at java.util.concurrent.locks.LockSupport.parkNanos(LockSupport.java:215)&#10;        at java.util.concurrent.locks.AbstractQueuedSynchronizer$ConditionObject.awaitNanos(AbstractQueuedSynchronizer.java:2078)&#10;        at java.util.concurrent.LinkedBlockingQueue.poll(LinkedBlockingQueue.java:467)&#10;        at org.apache.hadoop.ipc.CallQueueManager.take(CallQueueManager.java:317)&#10;        at org.apache.hadoop.ipc.Server$Handler.run(Server.java:2932)&#10;&quot;SCMBlockDeletingService#0&quot; daemon prio=5 tid=4632 timed_waiting&#10;java.lang.Thread.State: TIMED_WAITING&#10;        at sun.misc.Unsafe.park(Native Method)&#10;        at java.util.concurrent.locks.LockSupport.parkNanos(LockSupport.java:215)&#10;        at java.util.concurrent.locks.AbstractQueuedSynchronizer$ConditionObject.awaitNanos(AbstractQueuedSynchronizer.java:2078)&#10;        at java.util.concurrent.ScheduledThreadPoolExecutor$DelayedWorkQueue.take(ScheduledThreadPoolExecutor.java:1093)&#10;        at java.util.concurrent.ScheduledThreadPoolExecutor$DelayedWorkQueue.take(ScheduledThreadPoolExecutor.java:809)&#10;        at java.util.concurrent.ThreadPoolExecutor.getTask(ThreadPoolExecutor.java:1074)&#10;        at java.util.concurrent.ThreadPoolExecutor.runWorker(ThreadPoolExecutor.java:1134)&#10;        at java.util.concurrent.ThreadPoolExecutor$Worker.run(ThreadPoolExecutor.java:624)&#10;        at java.lang.Thread.run(Thread.java:748)&#10;&quot;org.apache.hadoop.ozone.container.common.statemachine.commandhandler.DeleteBlocksCommandHandler$DeleteCmdWorker@4ccffa70&quot; daemon prio=5 tid=3765 runnable&#10;java.lang.Thread.State: RUNNABLE&#10;        at java.lang.Thread.sleep(Native Method)&#10;        at org.apache.hadoop.ozone.container.common.statemachine.commandhandler.DeleteBlocksCommandHandler$DeleteCmdWorker.run(DeleteBlocksCommandHandler.java:174)&#10;        at java.lang.Thread.run(Thread.java:748)&#10;&quot;IPC Server handler 18 on default port 43321&quot; daemon prio=5 tid=4610 timed_waiting&#10;java.lang.Thread.State: TIMED_WAITING&#10;        at sun.misc.Unsafe.park(Native Method)&#10;        at java.util.concurrent.locks.LockSupport.parkNanos(LockSupport.java:215)&#10;        at java.util.concurrent.locks.AbstractQueuedSynchronizer$ConditionObject.awaitNanos(AbstractQueuedSynchronizer.java:2078)&#10;        at java.util.concurrent.LinkedBlockingQueue.poll(LinkedBlockingQueue.java:467)&#10;        at org.apache.hadoop.ipc.CallQueueManager.take(CallQueueManager.java:317)&#10;        at org.apache.hadoop.ipc.Server$Handler.run(Server.java:2932)&#10;&quot;Datanode ReportManager Thread - 1&quot; daemon prio=5 tid=4736 in Object.wait()&#10;java.lang.Thread.State: WAITING (on object monitor)&#10;        at sun.misc.Unsafe.park(Native Method)&#10;        at java.util.concurrent.locks.LockSupport.park(LockSupport.java:175)&#10;        at java.util.concurrent.locks.AbstractQueuedSynchronizer$ConditionObject.await(AbstractQueuedSynchronizer.java:2039)&#10;        at java.util.concurrent.ScheduledThreadPoolExecutor$DelayedWorkQueue.take(ScheduledThreadPoolExecutor.java:1088)&#10;        at java.util.concurrent.ScheduledThreadPoolExecutor$DelayedWorkQueue.take(ScheduledThreadPoolExecutor.java:809)&#10;        at java.util.concurrent.ThreadPoolExecutor.getTask(ThreadPoolExecutor.java:1074)&#10;        at java.util.concurrent.ThreadPoolExecutor.runWorker(ThreadPoolExecutor.java:1134)&#10;        at java.util.concurrent.ThreadPoolExecutor$Worker.run(ThreadPoolExecutor.java:624)&#10;        at java.lang.Thread.run(Thread.java:748)&#10;&quot;qtp580779646-4642&quot; daemon prio=5 tid=4642 timed_waiting&#10;java.lang.Thread.State: TIMED_WAITING&#10;        at sun.misc.Unsafe.park(Native Method)&#10;        at java.util.concurrent.locks.LockSupport.parkNanos(LockSupport.java:215)&#10;        at java.util.concurrent.locks.AbstractQueuedSynchronizer$ConditionObject.awaitNanos(AbstractQueuedSynchronizer.java:2078)&#10;        at org.eclipse.jetty.util.BlockingArrayQueue.poll(BlockingArrayQueue.java:382)&#10;        at org.eclipse.jetty.util.thread.QueuedThreadPool$Runner.idleJobPoll(QueuedThreadPool.java:974)&#10;        at org.eclipse.jetty.util.thread.QueuedThreadPool$Runner.run(QueuedThreadPool.java:1018)&#10;        at java.lang.Thread.run(Thread.java:748)&#10;&quot;IPC Server handler 16 on default port 43321&quot; daemon prio=5 tid=4608 timed_waiting&#10;java.lang.Thread.State: TIMED_WAITING&#10;        at sun.misc.Unsafe.park(Native Method)&#10;        at java.util.concurrent.locks.LockSupport.parkNanos(LockSupport.java:215)&#10;        at java.util.concurrent.locks.AbstractQueuedSynchronizer$ConditionObject.awaitNanos(AbstractQueuedSynchronizer.java:2078)&#10;        at java.util.concurrent.LinkedBlockingQueue.poll(LinkedBlockingQueue.java:467)&#10;        at org.apache.hadoop.ipc.CallQueueManager.take(CallQueueManager.java:317)&#10;        at org.apache.hadoop.ipc.Server$Handler.run(Server.java:2932)&#10;&quot;Datanode State Machine Task Thread - 0&quot;  prio=5 tid=4717 in Object.wait()&#10;java.lang.Thread.State: WAITING (on object monitor)&#10;        at sun.misc.Unsafe.park(Native Method)&#10;        at java.util.concurrent.locks.LockSupport.park(LockSupport.java:175)&#10;        at java.util.concurrent.locks.AbstractQueuedSynchronizer$ConditionObject.await(AbstractQueuedSynchronizer.java:2039)&#10;        at java.util.concurrent.LinkedBlockingQueue.take(LinkedBlockingQueue.java:442)&#10;        at java.util.concurrent.ThreadPoolExecutor.getTask(ThreadPoolExecutor.java:1074)&#10;        at java.util.concurrent.ThreadPoolExecutor.runWorker(ThreadPoolExecutor.java:1134)&#10;        at java.util.concurrent.ThreadPoolExecutor$Worker.run(ThreadPoolExecutor.java:624)&#10;        at java.lang.Thread.run(Thread.java:748)&#10;&quot;BlockDeletingService#8&quot; daemon prio=5 tid=4810 in Object.wait()&#10;java.lang.Thread.State: WAITING (on object monitor)&#10;        at sun.misc.Unsafe.park(Native Method)&#10;        at java.util.concurrent.locks.LockSupport.park(LockSupport.java:175)&#10;        at java.util.concurrent.locks.AbstractQueuedSynchronizer$ConditionObject.await(AbstractQueuedSynchronizer.java:2039)&#10;        at java.util.concurrent.ScheduledThreadPoolExecutor$DelayedWorkQueue.take(ScheduledThreadPoolExecutor.java:1088)&#10;        at java.util.concurrent.ScheduledThreadPoolExecutor$DelayedWorkQueue.take(ScheduledThreadPoolExecutor.java:809)&#10;        at java.util.concurrent.ThreadPoolExecutor.getTask(ThreadPoolExecutor.java:1074)&#10;        at java.util.concurrent.ThreadPoolExecutor.runWorker(ThreadPoolExecutor.java:1134)&#10;        at java.util.concurrent.ThreadPoolExecutor$Worker.run(ThreadPoolExecutor.java:624)&#10;        at java.lang.Thread.run(Thread.java:748)&#10;&quot;Session-HouseKeeper-5e6775fd-1&quot;  prio=5 tid=4733 timed_waiting&#10;java.lang.Thread.State: TIMED_WAITING&#10;        at sun.misc.Unsafe.park(Native Method)&#10;        at java.util.concurrent.locks.LockSupport.parkNanos(LockSupport.java:215)&#10;        at java.util.concurrent.locks.AbstractQueuedSynchronizer$ConditionObject.awaitNanos(AbstractQueuedSynchronizer.java:2078)&#10;        at java.util.concurrent.ScheduledThreadPoolExecutor$DelayedWorkQueue.take(ScheduledThreadPoolExecutor.java:1093)&#10;        at java.util.concurrent.ScheduledThreadPoolExecutor$DelayedWorkQueue.take(ScheduledThreadPoolExecutor.java:809)&#10;        at java.util.concurrent.ThreadPoolExecutor.getTask(ThreadPoolExecutor.java:1074)&#10;        at java.util.concurrent.ThreadPoolExecutor.runWorker(ThreadPoolExecutor.java:1134)&#10;        at java.util.concurrent.ThreadPoolExecutor$Worker.run(ThreadPoolExecutor.java:624)&#10;        at java.lang.Thread.run(Thread.java:748)&#10;&quot;qtp834390584-4663&quot; daemon prio=5 tid=4663 timed_waiting&#10;java.lang.Thread.State: TIMED_WAITING&#10;        at sun.misc.Unsafe.park(Native Method)&#10;        at java.util.concurrent.locks.LockSupport.parkNanos(LockSupport.java:215)&#10;        at java.util.concurrent.locks.AbstractQueuedSynchronizer$ConditionObject.awaitNanos(AbstractQueuedSynchronizer.java:2078)&#10;        at org.eclipse.jetty.util.BlockingArrayQueue.poll(BlockingArrayQueue.java:382)&#10;        at org.eclipse.jetty.util.thread.QueuedThreadPool$Runner.idleJobPoll(QueuedThreadPool.java:974)&#10;        at org.eclipse.jetty.util.thread.QueuedThreadPool$Runner.run(QueuedThreadPool.java:1018)&#10;        at java.lang.Thread.run(Thread.java:748)&#10;&quot;PartialTableCache Cleanup Thread - 0&quot; daemon prio=5 tid=4047 in Object.wait()&#10;java.lang.Thread.State: WAITING (on object monitor)&#10;        at sun.misc.Unsafe.park(Native Method)&#10;        at java.util.concurrent.locks.LockSupport.park(LockSupport.java:175)&#10;        at java.util.concurrent.locks.AbstractQueuedSynchronizer$ConditionObject.await(AbstractQueuedSynchronizer.java:2039)&#10;        at java.util.concurrent.LinkedBlockingQueue.take(LinkedBlockingQueue.java:442)&#10;        at java.util.concurrent.ThreadPoolExecutor.getTask(ThreadPoolExecutor.java:1074)&#10;        at java.util.concurrent.ThreadPoolExecutor.runWorker(ThreadPoolExecutor.java:1134)&#10;        at java.util.concurrent.ThreadPoolExecutor$Worker.run(ThreadPoolExecutor.java:624)&#10;        at java.lang.Thread.run(Thread.java:748)&#10;&quot;qtp342524388-4750&quot; daemon prio=5 tid=4750 runnable&#10;java.lang.Thread.State: RUNNABLE&#10;        at sun.nio.ch.EPollArrayWrapper.epollWait(Native Method)&#10;        at sun.nio.ch.EPollArrayWrapper.poll(EPollArrayWrapper.java:269)&#10;        at sun.nio.ch.EPollSelectorImpl.doSelect(EPollSelectorImpl.java:93)&#10;        at sun.nio.ch.SelectorImpl.lockAndDoSelect(SelectorImpl.java:86)&#10;        at sun.nio.ch.SelectorImpl.select(SelectorImpl.java:97)&#10;        at sun.nio.ch.SelectorImpl.select(SelectorImpl.java:101)&#10;        at org.eclipse.jetty.io.ManagedSelector.nioSelect(ManagedSelector.java:183)&#10;        at org.eclipse.jetty.io.ManagedSelector.select(ManagedSelector.java:190)&#10;        at org.eclipse.jetty.io.ManagedSelector$SelectorProducer.select(ManagedSelector.java:606)&#10;        at org.eclipse.jetty.io.ManagedSelector$SelectorProducer.produce(ManagedSelector.java:543)&#10;        at org.eclipse.jetty.util.thread.strategy.EatWhatYouKill.produceTask(EatWhatYouKill.java:362)&#10;        at org.eclipse.jetty.util.thread.strategy.EatWhatYouKill.doProduce(EatWhatYouKill.java:186)&#10;        at org.eclipse.jetty.util.thread.strategy.EatWhatYouKill.tryProduce(EatWhatYouKill.java:173)&#10;        at org.eclipse.jetty.util.thread.strategy.EatWhatYouKill.produce(EatWhatYouKill.java:137)&#10;        at org.eclipse.jetty.io.ManagedSelector$$Lambda$309/1391532202.run(Unknown Source)&#10;        at org.eclipse.jetty.util.thread.QueuedThreadPool.runJob(QueuedThreadPool.java:883)&#10;        at org.eclipse.jetty.util.thread.QueuedThreadPool$Runner.run(QueuedThreadPool.java:1034)&#10;        at java.lang.Thread.run(Thread.java:748)&#10;&quot;EndpointStateMachine task thread for /0.0.0.0:45017 - 0 &quot;  prio=5 tid=3813 in Object.wait()&#10;java.lang.Thread.State: WAITING (on object monitor)&#10;        at sun.misc.Unsafe.park(Native Method)&#10;        at java.util.concurrent.locks.LockSupport.park(LockSupport.java:175)&#10;        at java.util.concurrent.locks.AbstractQueuedSynchronizer$ConditionObject.await(AbstractQueuedSynchronizer.java:2039)&#10;        at java.util.concurrent.LinkedBlockingQueue.take(LinkedBlockingQueue.java:442)&#10;        at java.util.concurrent.ThreadPoolExecutor.getTask(ThreadPoolExecutor.java:1074)&#10;        at java.util.concurrent.ThreadPoolExecutor.runWorker(ThreadPoolExecutor.java:1134)&#10;        at java.util.concurrent.ThreadPoolExecutor$Worker.run(ThreadPoolExecutor.java:624)&#10;        at java.lang.Thread.run(Thread.java:748)&#10;&quot;ChunkWriter-2-0&quot; daemon prio=5 tid=4789 in Object.wait()&#10;java.lang.Thread.State: WAITING (on object monitor)&#10;        at sun.misc.Unsafe.park(Native Method)&#10;        at java.util.concurrent.locks.LockSupport.park(LockSupport.java:175)&#10;        at java.util.concurrent.locks.AbstractQueuedSynchronizer$ConditionObject.await(AbstractQueuedSynchronizer.java:2039)&#10;        at java.util.concurrent.LinkedBlockingDeque.takeFirst(LinkedBlockingDeque.java:492)&#10;        at java.util.concurrent.LinkedBlockingDeque.take(LinkedBlockingDeque.java:680)&#10;        at java.util.concurrent.ThreadPoolExecutor.getTask(ThreadPoolExecutor.java:1074)&#10;        at java.util.concurrent.ThreadPoolExecutor.runWorker(ThreadPoolExecutor.java:1134)&#10;        at java.util.concurrent.ThreadPoolExecutor$Worker.run(ThreadPoolExecutor.java:624)&#10;        at java.lang.Thread.run(Thread.java:748)&#10;&quot;pool-467-thread-5&quot;  prio=5 tid=4941 in Object.wait()&#10;java.lang.Thread.State: WAITING (on object monitor)&#10;        at sun.misc.Unsafe.park(Native Method)&#10;        at java.util.concurrent.locks.LockSupport.park(LockSupport.java:175)&#10;        at java.util.concurrent.locks.AbstractQueuedSynchronizer$ConditionObject.await(AbstractQueuedSynchronizer.java:2039)&#10;        at java.util.concurrent.LinkedBlockingQueue.take(LinkedBlockingQueue.java:442)&#10;        at java.util.concurrent.ThreadPoolExecutor.getTask(ThreadPoolExecutor.java:1074)&#10;        at java.util.concurrent.ThreadPoolExecutor.runWorker(ThreadPoolExecutor.java:1134)&#10;        at java.util.concurrent.ThreadPoolExecutor$Worker.run(ThreadPoolExecutor.java:624)&#10;        at java.lang.Thread.run(Thread.java:748)&#10;&quot;Datanode ReportManager Thread - 4&quot; daemon prio=5 tid=4764 in Object.wait()&#10;java.lang.Thread.State: WAITING (on object monitor)&#10;        at sun.misc.Unsafe.park(Native Method)&#10;        at java.util.concurrent.locks.LockSupport.park(LockSupport.java:175)&#10;        at java.util.concurrent.locks.AbstractQueuedSynchronizer$ConditionObject.await(AbstractQueuedSynchronizer.java:2039)&#10;        at java.util.concurrent.ScheduledThreadPoolExecutor$DelayedWorkQueue.take(ScheduledThreadPoolExecutor.java:1088)&#10;        at java.util.concurrent.ScheduledThreadPoolExecutor$DelayedWorkQueue.take(ScheduledThreadPoolExecutor.java:809)&#10;        at java.util.concurrent.ThreadPoolExecutor.getTask(ThreadPoolExecutor.java:1074)&#10;        at java.util.concurrent.ThreadPoolExecutor.runWorker(ThreadPoolExecutor.java:1134)&#10;        at java.util.concurrent.ThreadPoolExecutor$Worker.run(ThreadPoolExecutor.java:624)&#10;        at java.lang.Thread.run(Thread.java:748)&#10;&quot;Datanode ReportManager Thread - 0&quot; daemon prio=5 tid=4710 in Object.wait()&#10;java.lang.Thread.State: WAITING (on object monitor)&#10;        at sun.misc.Unsafe.park(Native Method)&#10;        at java.util.concurrent.locks.LockSupport.park(LockSupport.java:175)&#10;        at java.util.concurrent.locks.AbstractQueuedSynchronizer$ConditionObject.await(AbstractQueuedSynchronizer.java:2039)&#10;        at java.util.concurrent.ScheduledThreadPoolExecutor$DelayedWorkQueue.take(ScheduledThreadPoolExecutor.java:1088)&#10;        at java.util.concurrent.ScheduledThreadPoolExecutor$DelayedWorkQueue.take(ScheduledThreadPoolExecutor.java:809)&#10;        at java.util.concurrent.ThreadPoolExecutor.getTask(ThreadPoolExecutor.java:1074)&#10;        at java.util.concurrent.ThreadPoolExecutor.runWorker(ThreadPoolExecutor.java:1134)&#10;        at java.util.concurrent.ThreadPoolExecutor$Worker.run(ThreadPoolExecutor.java:624)&#10;        at java.lang.Thread.run(Thread.java:748)&#10;&quot;SCM Heartbeat Processing Thread - 0&quot; daemon prio=5 tid=4553 timed_waiting&#10;java.lang.Thread.State: TIMED_WAITING&#10;        at sun.misc.Unsafe.park(Native Method)&#10;        at java.util.concurrent.locks.LockSupport.parkNanos(LockSupport.java:215)&#10;        at java.util.concurrent.locks.AbstractQueuedSynchronizer$ConditionObject.awaitNanos(AbstractQueuedSynchronizer.java:2078)&#10;        at java.util.concurrent.ScheduledThreadPoolExecutor$DelayedWorkQueue.take(ScheduledThreadPoolExecutor.java:1093)&#10;        at java.util.concurrent.ScheduledThreadPoolExecutor$DelayedWorkQueue.take(ScheduledThreadPoolExecutor.java:809)&#10;        at java.util.concurrent.ThreadPoolExecutor.getTask(ThreadPoolExecutor.java:1074)&#10;        at java.util.concurrent.ThreadPoolExecutor.runWorker(ThreadPoolExecutor.java:1134)&#10;        at java.util.concurrent.ThreadPoolExecutor$Worker.run(ThreadPoolExecutor.java:624)&#10;        at java.lang.Thread.run(Thread.java:748)&#10;&quot;BlockDeletingService#5&quot; daemon prio=5 tid=4781 in Object.wait()&#10;java.lang.Thread.State: WAITING (on object monitor)&#10;        at sun.misc.Unsafe.park(Native Method)&#10;        at java.util.concurrent.locks.LockSupport.park(LockSupport.java:175)&#10;        at java.util.concurrent.locks.AbstractQueuedSynchronizer$ConditionObject.await(AbstractQueuedSynchronizer.java:2039)&#10;        at java.util.concurrent.ScheduledThreadPoolExecutor$DelayedWorkQueue.take(ScheduledThreadPoolExecutor.java:1088)&#10;        at java.util.concurrent.ScheduledThreadPoolExecutor$DelayedWorkQueue.take(ScheduledThreadPoolExecutor.java:809)&#10;        at java.util.concurrent.ThreadPoolExecutor.getTask(ThreadPoolExecutor.java:1074)&#10;        at java.util.concurrent.ThreadPoolExecutor.runWorker(ThreadPoolExecutor.java:1134)&#10;        at java.util.concurrent.ThreadPoolExecutor$Worker.run(ThreadPoolExecutor.java:624)&#10;        at java.lang.Thread.run(Thread.java:748)&#10;&quot;pool-462-thread-1&quot;  prio=5 tid=4749 timed_waiting&#10;java.lang.Thread.State: TIMED_WAITING&#10;        at sun.misc.Unsafe.park(Native Method)&#10;        at java.util.concurrent.locks.LockSupport.parkNanos(LockSupport.java:215)&#10;        at java.util.concurrent.locks.AbstractQueuedSynchronizer$ConditionObject.awaitNanos(AbstractQueuedSynchronizer.java:2078)&#10;        at java.util.concurrent.ScheduledThreadPoolExecutor$DelayedWorkQueue.take(ScheduledThreadPoolExecutor.java:1093)&#10;        at java.util.concurrent.ScheduledThreadPoolExecutor$DelayedWorkQueue.take(ScheduledThreadPoolExecutor.java:809)&#10;        at java.util.concurrent.ThreadPoolExecutor.getTask(ThreadPoolExecutor.java:1074)&#10;        at java.util.concurrent.ThreadPoolExecutor.runWorker(ThreadPoolExecutor.java:1134)&#10;        at java.util.concurrent.ThreadPoolExecutor$Worker.run(ThreadPoolExecutor.java:624)&#10;        at java.lang.Thread.run(Thread.java:748)&#10;&quot;IPC Server handler 17 on default port 32893&quot; daemon prio=5 tid=4629 timed_waiting&#10;java.lang.Thread.State: TIMED_WAITING&#10;        at sun.misc.Unsafe.park(Native Method)&#10;        at java.util.concurrent.locks.LockSupport.parkNanos(LockSupport.java:215)&#10;        at java.util.concurrent.locks.AbstractQueuedSynchronizer$ConditionObject.awaitNanos(AbstractQueuedSynchronizer.java:2078)&#10;        at java.util.concurrent.LinkedBlockingQueue.poll(LinkedBlockingQueue.java:467)&#10;        at org.apache.hadoop.ipc.CallQueueManager.take(CallQueueManager.java:317)&#10;        at org.apache.hadoop.ipc.Server$Handler.run(Server.java:2932)&#10;&quot;BlockDeletingService#1&quot; daemon prio=5 tid=4793 in Object.wait()&#10;java.lang.Thread.State: WAITING (on object monitor)&#10;        at sun.misc.Unsafe.park(Native Method)&#10;        at java.util.concurrent.locks.LockSupport.park(LockSupport.java:175)&#10;        at java.util.concurrent.locks.AbstractQueuedSynchronizer$ConditionObject.await(AbstractQueuedSynchronizer.java:2039)&#10;        at java.util.concurrent.ScheduledThreadPoolExecutor$DelayedWorkQueue.take(ScheduledThreadPoolExecutor.java:1088)&#10;        at java.util.concurrent.ScheduledThreadPoolExecutor$DelayedWorkQueue.take(ScheduledThreadPoolExecutor.java:809)&#10;        at java.util.concurrent.ThreadPoolExecutor.getTask(ThreadPoolExecutor.java:1074)&#10;        at java.util.concurrent.ThreadPoolExecutor.runWorker(ThreadPoolExecutor.java:1134)&#10;        at java.util.concurrent.ThreadPoolExecutor$Worker.run(ThreadPoolExecutor.java:624)&#10;        at java.lang.Thread.run(Thread.java:748)&#10;&quot;Datanode ReportManager Thread - 2&quot; daemon prio=5 tid=4737 in Object.wait()&#10;java.lang.Thread.State: WAITING (on object monitor)&#10;        at sun.misc.Unsafe.park(Native Method)&#10;        at java.util.concurrent.locks.LockSupport.park(LockSupport.java:175)&#10;        at java.util.concurrent.locks.AbstractQueuedSynchronizer$ConditionObject.await(AbstractQueuedSynchronizer.java:2039)&#10;        at java.util.concurrent.ScheduledThreadPoolExecutor$DelayedWorkQueue.take(ScheduledThreadPoolExecutor.java:1088)&#10;        at java.util.concurrent.ScheduledThreadPoolExecutor$DelayedWorkQueue.take(ScheduledThreadPoolExecutor.java:809)&#10;        at java.util.concurrent.ThreadPoolExecutor.getTask(ThreadPoolExecutor.java:1074)&#10;        at java.util.concurrent.ThreadPoolExecutor.runWorker(ThreadPoolExecutor.java:1134)&#10;        at java.util.concurrent.ThreadPoolExecutor$Worker.run(ThreadPoolExecutor.java:624)&#10;        at java.lang.Thread.run(Thread.java:748)&#10;&quot;IPC Server handler 11 on default port 32893&quot; daemon prio=5 tid=4623 timed_waiting&#10;java.lang.Thread.State: TIMED_WAITING&#10;        at sun.misc.Unsafe.park(Native Method)&#10;        at java.util.concurrent.locks.LockSupport.parkNanos(LockSupport.java:215)&#10;        at java.util.concurrent.locks.AbstractQueuedSynchronizer$ConditionObject.awaitNanos(AbstractQueuedSynchronizer.java:2078)&#10;        at java.util.concurrent.LinkedBlockingQueue.poll(LinkedBlockingQueue.java:467)&#10;        at org.apache.hadoop.ipc.CallQueueManager.take(CallQueueManager.java:317)&#10;        at org.apache.hadoop.ipc.Server$Handler.run(Server.java:2932)&#10;&quot;PartialTableCache Cleanup Thread - 0&quot; daemon prio=5 tid=348 in Object.wait()&#10;java.lang.Thread.State: WAITING (on object monitor)&#10;        at sun.misc.Unsafe.park(Native Method)&#10;        at java.util.concurrent.locks.LockSupport.park(LockSupport.java:175)&#10;        at java.util.concurrent.locks.AbstractQueuedSynchronizer$ConditionObject.await(AbstractQueuedSynchronizer.java:2039)&#10;        at java.util.concurrent.LinkedBlockingQueue.take(LinkedBlockingQueue.java:442)&#10;        at java.util.concurrent.ThreadPoolExecutor.getTask(ThreadPoolExecutor.java:1074)&#10;        at java.util.concurrent.ThreadPoolExecutor.runWorker(ThreadPoolExecutor.java:1134)&#10;        at java.util.concurrent.ThreadPoolExecutor$Worker.run(ThreadPoolExecutor.java:624)&#10;        at java.lang.Thread.run(Thread.java:748)&#10;&quot;ChunkWriter-3-0&quot; daemon prio=5 tid=4774 in Object.wait()&#10;java.lang.Thread.State: WAITING (on object monitor)&#10;        at sun.misc.Unsafe.park(Native Method)&#10;        at java.util.concurrent.locks.LockSupport.park(LockSupport.java:175)&#10;        at java.util.concurrent.locks.AbstractQueuedSynchronizer$ConditionObject.await(AbstractQueuedSynchronizer.java:2039)&#10;        at java.util.concurrent.LinkedBlockingDeque.takeFirst(LinkedBlockingDeque.java:492)&#10;        at java.util.concurrent.LinkedBlockingDeque.take(LinkedBlockingDeque.java:680)&#10;        at java.util.concurrent.ThreadPoolExecutor.getTask(ThreadPoolExecutor.java:1074)&#10;        at java.util.concurrent.ThreadPoolExecutor.runWorker(ThreadPoolExecutor.java:1134)&#10;        at java.util.concurrent.ThreadPoolExecutor$Worker.run(ThreadPoolExecutor.java:624)&#10;        at java.lang.Thread.run(Thread.java:748)&#10;&quot;Datanode ReportManager Thread - 3&quot; daemon prio=5 tid=4738 in Object.wait()&#10;java.lang.Thread.State: WAITING (on object monitor)&#10;        at sun.misc.Unsafe.park(Native Method)&#10;        at java.util.concurrent.locks.LockSupport.park(LockSupport.java:175)&#10;        at java.util.concurrent.locks.AbstractQueuedSynchronizer$ConditionObject.await(AbstractQueuedSynchronizer.java:2039)&#10;        at java.util.concurrent.ScheduledThreadPoolExecutor$DelayedWorkQueue.take(ScheduledThreadPoolExecutor.java:1088)&#10;        at java.util.concurrent.ScheduledThreadPoolExecutor$DelayedWorkQueue.take(ScheduledThreadPoolExecutor.java:809)&#10;        at java.util.concurrent.ThreadPoolExecutor.getTask(ThreadPoolExecutor.java:1074)&#10;        at java.util.concurrent.ThreadPoolExecutor.runWorker(ThreadPoolExecutor.java:1134)&#10;        at java.util.concurrent.ThreadPoolExecutor$Worker.run(ThreadPoolExecutor.java:624)&#10;        at java.lang.Thread.run(Thread.java:748)&#10;&quot;qtp580779646-4638&quot; daemon prio=5 tid=4638 timed_waiting&#10;java.lang.Thread.State: TIMED_WAITING&#10;        at sun.misc.Unsafe.park(Native Method)&#10;        at java.util.concurrent.locks.LockSupport.parkNanos(LockSupport.java:215)&#10;        at java.util.concurrent.locks.AbstractQueuedSynchronizer$ConditionObject.awaitNanos(AbstractQueuedSynchronizer.java:2078)&#10;        at org.eclipse.jetty.util.BlockingArrayQueue.poll(BlockingArrayQueue.java:382)&#10;        at org.eclipse.jetty.util.thread.QueuedThreadPool$Runner.idleJobPoll(QueuedThreadPool.java:974)&#10;        at org.eclipse.jetty.util.thread.QueuedThreadPool$Runner.run(QueuedThreadPool.java:1018)&#10;        at java.lang.Thread.run(Thread.java:748)&#10;&quot;IPC Server handler 14 on default port 32893&quot; daemon prio=5 tid=4626 timed_waiting&#10;java.lang.Thread.State: TIMED_WAITING&#10;        at sun.misc.Unsafe.park(Native Method)&#10;        at java.util.concurrent.locks.LockSupport.parkNanos(LockSupport.java:215)&#10;        at java.util.concurrent.locks.AbstractQueuedSynchronizer$ConditionObject.awaitNanos(AbstractQueuedSynchronizer.java:2078)&#10;        at java.util.concurrent.LinkedBlockingQueue.poll(LinkedBlockingQueue.java:467)&#10;        at org.apache.hadoop.ipc.CallQueueManager.take(CallQueueManager.java:317)&#10;        at org.apache.hadoop.ipc.Server$Handler.run(Server.java:2932)&#10;&quot;pool-465-thread-9&quot;  prio=5 tid=4963 in Object.wait()&#10;java.lang.Thread.State: WAITING (on object monitor)&#10;        at sun.misc.Unsafe.park(Native Method)&#10;        at java.util.concurrent.locks.LockSupport.park(LockSupport.java:175)&#10;        at java.util.concurrent.locks.AbstractQueuedSynchronizer$ConditionObject.await(AbstractQueuedSynchronizer.java:2039)&#10;        at java.util.concurrent.LinkedBlockingQueue.take(LinkedBlockingQueue.java:442)&#10;        at java.util.concurrent.ThreadPoolExecutor.getTask(ThreadPoolExecutor.java:1074)&#10;        at java.util.concurrent.ThreadPoolExecutor.runWorker(ThreadPoolExecutor.java:1134)&#10;        at java.util.concurrent.ThreadPoolExecutor$Worker.run(ThreadPoolExecutor.java:624)&#10;        at java.lang.Thread.run(Thread.java:748)&#10;&quot;pool-419-thread-1&quot;  prio=5 tid=4835 in Object.wait()&#10;java.lang.Thread.State: WAITING (on object monitor)&#10;        at sun.misc.Unsafe.park(Native Method)&#10;        at java.util.concurrent.locks.LockSupport.park(LockSupport.java:175)&#10;        at java.util.concurrent.locks.AbstractQueuedSynchronizer$ConditionObject.await(AbstractQueuedSynchronizer.java:2039)&#10;        at java.util.concurrent.LinkedBlockingQueue.take(LinkedBlockingQueue.java:442)&#10;        at java.util.concurrent.ThreadPoolExecutor.getTask(ThreadPoolExecutor.java:1074)&#10;        at java.util.concurrent.ThreadPoolExecutor.runWorker(ThreadPoolExecutor.java:1134)&#10;        at java.util.concurrent.ThreadPoolExecutor$Worker.run(ThreadPoolExecutor.java:624)&#10;        at java.lang.Thread.run(Thread.java:748)&#10;&quot;pool-467-thread-3&quot;  prio=5 tid=4923 in Object.wait()&#10;java.lang.Thread.State: WAITING (on object monitor)&#10;        at sun.misc.Unsafe.park(Native Method)&#10;        at java.util.concurrent.locks.LockSupport.park(LockSupport.java:175)&#10;        at java.util.concurrent.locks.AbstractQueuedSynchronizer$ConditionObject.await(AbstractQueuedSynchronizer.java:2039)&#10;        at java.util.concurrent.LinkedBlockingQueue.take(LinkedBlockingQueue.java:442)&#10;        at java.util.concurrent.ThreadPoolExecutor.getTask(ThreadPoolExecutor.java:1074)&#10;        at java.util.concurrent.ThreadPoolExecutor.runWorker(ThreadPoolExecutor.java:1134)&#10;        at java.util.concurrent.ThreadPoolExecutor$Worker.run(ThreadPoolExecutor.java:624)&#10;        at java.lang.Thread.run(Thread.java:748)&#10;&quot;PartialTableCache Cleanup Thread - 0&quot; daemon prio=5 tid=4892 in Object.wait()&#10;java.lang.Thread.State: WAITING (on object monitor)&#10;        at sun.misc.Unsafe.park(Native Method)&#10;        at java.util.concurrent.locks.LockSupport.park(LockSupport.java:175)&#10;        at java.util.concurrent.locks.AbstractQueuedSynchronizer$ConditionObject.await(AbstractQueuedSynchronizer.java:2039)&#10;        at java.util.concurrent.LinkedBlockingQueue.take(LinkedBlockingQueue.java:442)&#10;        at java.util.concurrent.ThreadPoolExecutor.getTask(ThreadPoolExecutor.java:1074)&#10;        at java.util.concurrent.ThreadPoolExecutor.runWorker(ThreadPoolExecutor.java:1134)&#10;        at java.util.concurrent.ThreadPoolExecutor$Worker.run(ThreadPoolExecutor.java:624)&#10;        at java.lang.Thread.run(Thread.java:748)&#10;&quot;org.apache.ratis.util.JvmPauseMonitor$$Lambda$531/524014602@4ade5790&quot; daemon prio=5 tid=4775 timed_waiting&#10;java.lang.Thread.State: TIMED_WAITING&#10;        at java.lang.Thread.sleep(Native Method)&#10;        at java.lang.Thread.sleep(Thread.java:340)&#10;        at java.util.concurrent.TimeUnit.sleep(TimeUnit.java:386)&#10;        at org.apache.ratis.util.TimeDuration.sleep(TimeDuration.java:324)&#10;        at org.apache.ratis.util.TimeDuration.sleep(TimeDuration.java:309)&#10;        at org.apache.ratis.util.JvmPauseMonitor.detectPause(JvmPauseMonitor.java:117)&#10;        at org.apache.ratis.util.JvmPauseMonitor.run(JvmPauseMonitor.java:106)&#10;        at org.apache.ratis.util.JvmPauseMonitor$$Lambda$531/524014602.run(Unknown Source)&#10;        at java.lang.Thread.run(Thread.java:748)&#10;&quot;Session-HouseKeeper-304c70b1-1&quot;  prio=5 tid=4643 timed_waiting&#10;java.lang.Thread.State: TIMED_WAITING&#10;        at sun.misc.Unsafe.park(Native Method)&#10;        at java.util.concurrent.locks.LockSupport.parkNanos(LockSupport.java:215)&#10;        at java.util.concurrent.locks.AbstractQueuedSynchronizer$ConditionObject.awaitNanos(AbstractQueuedSynchronizer.java:2078)&#10;        at java.util.concurrent.ScheduledThreadPoolExecutor$DelayedWorkQueue.take(ScheduledThreadPoolExecutor.java:1093)&#10;        at java.util.concurrent.ScheduledThreadPoolExecutor$DelayedWorkQueue.take(ScheduledThreadPoolExecutor.java:809)&#10;        at java.util.concurrent.ThreadPoolExecutor.getTask(ThreadPoolExecutor.java:1074)&#10;        at java.util.concurrent.ThreadPoolExecutor.runWorker(ThreadPoolExecutor.java:1134)&#10;        at java.util.concurrent.ThreadPoolExecutor$Worker.run(ThreadPoolExecutor.java:624)&#10;        at java.lang.Thread.run(Thread.java:748)&#10;&quot;IPC Server handler 0 on default port 43321&quot; daemon prio=5 tid=4592 timed_waiting&#10;java.lang.Thread.State: TIMED_WAITING&#10;        at sun.misc.Unsafe.park(Native Method)&#10;        at java.util.concurrent.locks.LockSupport.parkNanos(LockSupport.java:215)&#10;        at java.util.concurrent.locks.AbstractQueuedSynchronizer$ConditionObject.awaitNanos(AbstractQueuedSynchronizer.java:2078)&#10;        at java.util.concurrent.LinkedBlockingQueue.poll(LinkedBlockingQueue.java:467)&#10;        at org.apache.hadoop.ipc.CallQueueManager.take(CallQueueManager.java:317)&#10;        at org.apache.hadoop.ipc.Server$Handler.run(Server.java:2932)&#10;&quot;EventQueue-ContainerReportForContainerReportHandler&quot; daemon prio=5 tid=4829 in Object.wait()&#10;java.lang.Thread.State: WAITING (on object monitor)&#10;        at sun.misc.Unsafe.park(Native Method)&#10;        at java.util.concurrent.locks.LockSupport.park(LockSupport.java:175)&#10;        at java.util.concurrent.locks.AbstractQueuedSynchronizer$ConditionObject.await(AbstractQueuedSynchronizer.java:2039)&#10;        at java.util.concurrent.LinkedBlockingQueue.take(LinkedBlockingQueue.java:442)&#10;        at java.util.concurrent.ThreadPoolExecutor.getTask(ThreadPoolExecutor.java:1074)&#10;        at java.util.concurrent.ThreadPoolExecutor.runWorker(ThreadPoolExecutor.java:1134)&#10;        at java.util.concurrent.ThreadPoolExecutor$Worker.run(ThreadPoolExecutor.java:624)&#10;        at java.lang.Thread.run(Thread.java:748)&#10;&quot;pool-443-thread-1&quot;  prio=5 tid=4724 timed_waiting&#10;java.lang.Thread.State: TIMED_WAITING&#10;        at sun.misc.Unsafe.park(Native Method)&#10;        at java.util.concurrent.locks.LockSupport.parkNanos(LockSupport.java:215)&#10;        at java.util.concurrent.locks.AbstractQueuedSynchronizer$ConditionObject.awaitNanos(AbstractQueuedSynchronizer.java:2078)&#10;        at java.util.concurrent.ScheduledThreadPoolExecutor$DelayedWorkQueue.take(ScheduledThreadPoolExecutor.java:1093)&#10;        at java.util.concurrent.ScheduledThreadPoolExecutor$DelayedWorkQueue.take(ScheduledThreadPoolExecutor.java:809)&#10;        at java.util.concurrent.ThreadPoolExecutor.getTask(ThreadPoolExecutor.java:1074)&#10;        at java.util.concurrent.ThreadPoolExecutor.runWorker(ThreadPoolExecutor.java:1134)&#10;        at java.util.concurrent.ThreadPoolExecutor$Worker.run(ThreadPoolExecutor.java:624)&#10;        at java.lang.Thread.run(Thread.java:748)&#10;&quot;IPC Server handler 8 on default port 32925&quot; daemon prio=5 tid=4678 timed_waiting&#10;java.lang.Thread.State: TIMED_WAITING&#10;        at sun.misc.Unsafe.park(Native Method)&#10;        at java.util.concurrent.locks.LockSupport.parkNanos(LockSupport.java:215)&#10;        at java.util.concurrent.locks.AbstractQueuedSynchronizer$ConditionObject.awaitNanos(AbstractQueuedSynchronizer.java:2078)&#10;        at java.util.concurrent.LinkedBlockingQueue.poll(LinkedBlockingQueue.java:467)&#10;        at org.apache.hadoop.ipc.CallQueueManager.take(CallQueueManager.java:317)&#10;        at org.apache.hadoop.ipc.Server$Handler.run(Server.java:2932)&#10;&quot;EventQueue-CmdStatusReportForCommandStatusReportHandler&quot; daemon prio=5 tid=7665 in Object.wait()&#10;java.lang.Thread.State: WAITING (on object monitor)&#10;        at sun.misc.Unsafe.park(Native Method)&#10;        at java.util.concurrent.locks.LockSupport.park(LockSupport.java:175)&#10;        at java.util.concurrent.locks.AbstractQueuedSynchronizer$ConditionObject.await(AbstractQueuedSynchronizer.java:2039)&#10;        at java.util.concurrent.LinkedBlockingQueue.take(LinkedBlockingQueue.java:442)&#10;        at java.util.concurrent.ThreadPoolExecutor.getTask(ThreadPoolExecutor.java:1074)&#10;        at java.util.concurrent.ThreadPoolExecutor.runWorker(ThreadPoolExecutor.java:1134)&#10;        at java.util.concurrent.ThreadPoolExecutor$Worker.run(ThreadPoolExecutor.java:624)&#10;        at java.lang.Thread.run(Thread.java:748)&#10;&quot;EventQueue-ContainerReportForContainerReportHandler&quot; daemon prio=5 tid=4834 in Object.wait()&#10;java.lang.Thread.State: WAITING (on object monitor)&#10;        at sun.misc.Unsafe.park(Native Method)&#10;        at java.util.concurrent.locks.LockSupport.park(LockSupport.java:175)&#10;        at java.util.concurrent.locks.AbstractQueuedSynchronizer$ConditionObject.await(AbstractQueuedSynchronizer.java:2039)&#10;        at java.util.concurrent.LinkedBlockingQueue.take(LinkedBlockingQueue.java:442)&#10;        at java.util.concurrent.ThreadPoolExecutor.getTask(ThreadPoolExecutor.java:1074)&#10;        at java.util.concurrent.ThreadPoolExecutor.runWorker(ThreadPoolExecutor.java:1134)&#10;        at java.util.concurrent.ThreadPoolExecutor$Worker.run(ThreadPoolExecutor.java:624)&#10;        at java.lang.Thread.run(Thread.java:748)&#10;&quot;ChunkWriter-2-0&quot; daemon prio=5 tid=4804 in Object.wait()&#10;java.lang.Thread.State: WAITING (on object monitor)&#10;        at sun.misc.Unsafe.park(Native Method)&#10;        at java.util.concurrent.locks.LockSupport.park(LockSupport.java:175)&#10;        at java.util.concurrent.locks.AbstractQueuedSynchronizer$ConditionObject.await(AbstractQueuedSynchronizer.java:2039)&#10;        at java.util.concurrent.LinkedBlockingDeque.takeFirst(LinkedBlockingDeque.java:492)&#10;        at java.util.concurrent.LinkedBlockingDeque.take(LinkedBlockingDeque.java:680)&#10;        at java.util.concurrent.ThreadPoolExecutor.getTask(ThreadPoolExecutor.java:1074)&#10;        at java.util.concurrent.ThreadPoolExecutor.runWorker(ThreadPoolExecutor.java:1134)&#10;        at java.util.concurrent.ThreadPoolExecutor$Worker.run(ThreadPoolExecutor.java:624)&#10;        at java.lang.Thread.run(Thread.java:748)&#10;&quot;BlockDeletingService#3&quot; daemon prio=5 tid=4813 in Object.wait()&#10;java.lang.Thread.State: WAITING (on object monitor)&#10;        at sun.misc.Unsafe.park(Native Method)&#10;        at java.util.concurrent.locks.LockSupport.park(LockSupport.java:175)&#10;        at java.util.concurrent.locks.AbstractQueuedSynchronizer$ConditionObject.await(AbstractQueuedSynchronizer.java:2039)&#10;        at java.util.concurrent.ScheduledThreadPoolExecutor$DelayedWorkQueue.take(ScheduledThreadPoolExecutor.java:1088)&#10;        at java.util.concurrent.ScheduledThreadPoolExecutor$DelayedWorkQueue.take(ScheduledThreadPoolExecutor.java:809)&#10;        at java.util.concurrent.ThreadPoolExecutor.getTask(ThreadPoolExecutor.java:1074)&#10;        at java.util.concurrent.ThreadPoolExecutor.runWorker(ThreadPoolExecutor.java:1134)&#10;        at java.util.concurrent.ThreadPoolExecutor$Worker.run(ThreadPoolExecutor.java:624)&#10;        at java.lang.Thread.run(Thread.java:748)&#10;&quot;IPC Server handler 1 on default port 32893&quot; daemon prio=5 tid=4613 timed_waiting&#10;java.lang.Thread.State: TIMED_WAITING&#10;        at sun.misc.Unsafe.park(Native Method)&#10;        at java.util.concurrent.locks.LockSupport.parkNanos(LockSupport.java:215)&#10;        at java.util.concurrent.locks.AbstractQueuedSynchronizer$ConditionObject.awaitNanos(AbstractQueuedSynchronizer.java:2078)&#10;        at java.util.concurrent.LinkedBlockingQueue.poll(LinkedBlockingQueue.java:467)&#10;        at org.apache.hadoop.ipc.CallQueueManager.take(CallQueueManager.java:317)&#10;        at org.apache.hadoop.ipc.Server$Handler.run(Server.java:2932)&#10;&quot;grpc-default-executor-1&quot; daemon prio=5 tid=312 timed_waiting&#10;java.lang.Thread.State: TIMED_WAITING&#10;        at sun.misc.Unsafe.park(Native Method)&#10;        at java.util.concurrent.locks.LockSupport.parkNanos(LockSupport.java:215)&#10;        at java.util.concurrent.SynchronousQueue$TransferStack.awaitFulfill(SynchronousQueue.java:460)&#10;        at java.util.concurrent.SynchronousQueue$TransferStack.transfer(SynchronousQueue.java:362)&#10;        at java.util.concurrent.SynchronousQueue.poll(SynchronousQueue.java:941)&#10;        at java.util.concurrent.ThreadPoolExecutor.getTask(ThreadPoolExecutor.java:1073)&#10;        at java.util.concurrent.ThreadPoolExecutor.runWorker(ThreadPoolExecutor.java:1134)&#10;        at java.util.concurrent.ThreadPoolExecutor$Worker.run(ThreadPoolExecutor.java:624)&#10;        at java.lang.Thread.run(Thread.java:748)&#10;&quot;grpc-default-boss-ELG-5-1&quot; daemon prio=5 tid=4656 runnable&#10;java.lang.Thread.State: RUNNABLE&#10;        at org.apache.ratis.thirdparty.io.netty.channel.epoll.Native.epollWait(Native Method)&#10;        at org.apache.ratis.thirdparty.io.netty.channel.epoll.Native.epollWait(Native.java:177)&#10;        at org.apache.ratis.thirdparty.io.netty.channel.epoll.Native.epollWait(Native.java:170)&#10;        at org.apache.ratis.thirdparty.io.netty.channel.epoll.EpollEventLoop.epollWaitNoTimerChange(EpollEventLoop.java:290)&#10;        at org.apache.ratis.thirdparty.io.netty.channel.epoll.EpollEventLoop.run(EpollEventLoop.java:347)&#10;        at org.apache.ratis.thirdparty.io.netty.util.concurrent.SingleThreadEventExecutor$4.run(SingleThreadEventExecutor.java:989)&#10;        at org.apache.ratis.thirdparty.io.netty.util.internal.ThreadExecutorMap$2.run(ThreadExecutorMap.java:74)&#10;        at org.apache.ratis.thirdparty.io.netty.util.concurrent.FastThreadLocalRunnable.run(FastThreadLocalRunnable.java:30)&#10;        at java.lang.Thread.run(Thread.java:748)&#10;&quot;EndpointStateMachine task thread for /0.0.0.0:32893 - 0 &quot;  prio=5 tid=4786 in Object.wait()&#10;java.lang.Thread.State: WAITING (on object monitor)&#10;        at sun.misc.Unsafe.park(Native Method)&#10;        at java.util.concurrent.locks.LockSupport.park(LockSupport.java:175)&#10;        at java.util.concurrent.locks.AbstractQueuedSynchronizer$ConditionObject.await(AbstractQueuedSynchronizer.java:2039)&#10;        at java.util.concurrent.LinkedBlockingQueue.take(LinkedBlockingQueue.java:442)&#10;        at java.util.concurrent.ThreadPoolExecutor.getTask(ThreadPoolExecutor.java:1074)&#10;        at java.util.concurrent.ThreadPoolExecutor.runWorker(ThreadPoolExecutor.java:1134)&#10;        at java.util.concurrent.ThreadPoolExecutor$Worker.run(ThreadPoolExecutor.java:624)&#10;        at java.lang.Thread.run(Thread.java:748)&#10;&quot;qtp1299272458-4700&quot; daemon prio=5 tid=4700 timed_waiting&#10;java.lang.Thread.State: TIMED_WAITING&#10;        at sun.misc.Unsafe.park(Native Method)&#10;        at java.util.concurrent.locks.LockSupport.parkNanos(LockSupport.java:215)&#10;        at java.util.concurrent.locks.AbstractQueuedSynchronizer$ConditionObject.awaitNanos(AbstractQueuedSynchronizer.java:2078)&#10;        at org.eclipse.jetty.util.BlockingArrayQueue.poll(BlockingArrayQueue.java:382)&#10;        at org.eclipse.jetty.util.thread.QueuedThreadPool$Runner.idleJobPoll(QueuedThreadPool.java:974)&#10;        at org.eclipse.jetty.util.thread.QueuedThreadPool$Runner.run(QueuedThreadPool.java:1018)&#10;        at java.lang.Thread.run(Thread.java:748)&#10;&quot;EventQueue-OpenPipelineForHealthyPipelineSafeModeRule&quot; daemon prio=5 tid=4875 in Object.wait()&#10;java.lang.Thread.State: WAITING (on object monitor)&#10;        at sun.misc.Unsafe.park(Native Method)&#10;        at java.util.concurrent.locks.LockSupport.park(LockSupport.java:175)&#10;        at java.util.concurrent.locks.AbstractQueuedSynchronizer$ConditionObject.await(AbstractQueuedSynchronizer.java:2039)&#10;        at java.util.concurrent.LinkedBlockingQueue.take(LinkedBlockingQueue.java:442)&#10;        at java.util.concurrent.ThreadPoolExecutor.getTask(ThreadPoolExecutor.java:1074)&#10;        at java.util.concurrent.ThreadPoolExecutor.runWorker(ThreadPoolExecutor.java:1134)&#10;        at java.util.concurrent.ThreadPoolExecutor$Worker.run(ThreadPoolExecutor.java:624)&#10;        at java.lang.Thread.run(Thread.java:748)&#10;&quot;EndpointStateMachine task thread for /0.0.0.0:45017 - 0 &quot;  prio=5 tid=3843 in Object.wait()&#10;java.lang.Thread.State: WAITING (on object monitor)&#10;        at sun.misc.Unsafe.park(Native Method)&#10;        at java.util.concurrent.locks.LockSupport.park(LockSupport.java:175)&#10;        at java.util.concurrent.locks.AbstractQueuedSynchronizer$ConditionObject.await(AbstractQueuedSynchronizer.java:2039)&#10;        at java.util.concurrent.LinkedBlockingQueue.take(LinkedBlockingQueue.java:442)&#10;        at java.util.concurrent.ThreadPoolExecutor.getTask(ThreadPoolExecutor.java:1074)&#10;        at java.util.concurrent.ThreadPoolExecutor.runWorker(ThreadPoolExecutor.java:1134)&#10;        at java.util.concurrent.ThreadPoolExecutor$Worker.run(ThreadPoolExecutor.java:624)&#10;        at java.lang.Thread.run(Thread.java:748)&#10;&quot;IPC Server handler 9 on default port 32893&quot; daemon prio=5 tid=4621 timed_waiting&#10;java.lang.Thread.State: TIMED_WAITING&#10;        at sun.misc.Unsafe.park(Native Method)&#10;        at java.util.concurrent.locks.LockSupport.parkNanos(LockSupport.java:215)&#10;        at java.util.concurrent.locks.AbstractQueuedSynchronizer$ConditionObject.awaitNanos(AbstractQueuedSynchronizer.java:2078)&#10;        at java.util.concurrent.LinkedBlockingQueue.poll(LinkedBlockingQueue.java:467)&#10;        at org.apache.hadoop.ipc.CallQueueManager.take(CallQueueManager.java:317)&#10;        at org.apache.hadoop.ipc.Server$Handler.run(Server.java:2932)&#10;&quot;pool-465-thread-3&quot;  prio=5 tid=4921 in Object.wait()&#10;java.lang.Thread.State: WAITING (on object monitor)&#10;        at sun.misc.Unsafe.park(Native Method)&#10;        at java.util.concurrent.locks.LockSupport.park(LockSupport.java:175)&#10;        at java.util.concurrent.locks.AbstractQueuedSynchronizer$ConditionObject.await(AbstractQueuedSynchronizer.java:2039)&#10;        at java.util.concurrent.LinkedBlockingQueue.take(LinkedBlockingQueue.java:442)&#10;        at java.util.concurrent.ThreadPoolExecutor.getTask(ThreadPoolExecutor.java:1074)&#10;        at java.util.concurrent.ThreadPoolExecutor.runWorker(ThreadPoolExecutor.java:1134)&#10;        at java.util.concurrent.ThreadPoolExecutor$Worker.run(ThreadPoolExecutor.java:624)&#10;        at java.lang.Thread.run(Thread.java:748)&#10;&quot;41bdc6fc-f730-460f-b2d8-92157d986a72@group-BCEEFC5FE04E-SegmentedRaftLogWorker&quot;  prio=5 tid=4847 timed_waiting&#10;java.lang.Thread.State: TIMED_WAITING&#10;        at sun.misc.Unsafe.park(Native Method)&#10;        at java.util.concurrent.locks.LockSupport.parkNanos(LockSupport.java:215)&#10;        at java.util.concurrent.locks.AbstractQueuedSynchronizer$ConditionObject.awaitNanos(AbstractQueuedSynchronizer.java:2078)&#10;        at org.apache.ratis.util.DataBlockingQueue.poll(DataBlockingQueue.java:137)&#10;        at org.apache.ratis.server.raftlog.segmented.SegmentedRaftLogWorker.run(SegmentedRaftLogWorker.java:292)&#10;        at org.apache.ratis.server.raftlog.segmented.SegmentedRaftLogWorker$$Lambda$467/1519865368.run(Unknown Source)&#10;        at java.lang.Thread.run(Thread.java:748)&#10;&quot;EndpointStateMachine task thread for /0.0.0.0:40517 - 0 &quot;  prio=5 tid=245 in Object.wait()&#10;java.lang.Thread.State: WAITING (on object monitor)&#10;        at sun.misc.Unsafe.park(Native Method)&#10;        at java.util.concurrent.locks.LockSupport.park(LockSupport.java:175)&#10;        at java.util.concurrent.locks.AbstractQueuedSynchronizer$ConditionObject.await(AbstractQueuedSynchronizer.java:2039)&#10;        at java.util.concurrent.LinkedBlockingQueue.take(LinkedBlockingQueue.java:442)&#10;        at java.util.concurrent.ThreadPoolExecutor.getTask(ThreadPoolExecutor.java:1074)&#10;        at java.util.concurrent.ThreadPoolExecutor.runWorker(ThreadPoolExecutor.java:1134)&#10;        at java.util.concurrent.ThreadPoolExecutor$Worker.run(ThreadPoolExecutor.java:624)&#10;        at java.lang.Thread.run(Thread.java:748)&#10;&quot;pool-466-thread-7&quot;  prio=5 tid=4957 in Object.wait()&#10;java.lang.Thread.State: WAITING (on object monitor)&#10;        at sun.misc.Unsafe.park(Native Method)&#10;        at java.util.concurrent.locks.LockSupport.park(LockSupport.java:175)&#10;        at java.util.concurrent.locks.AbstractQueuedSynchronizer$ConditionObject.await(AbstractQueuedSynchronizer.java:2039)&#10;        at java.util.concurrent.LinkedBlockingQueue.take(LinkedBlockingQueue.java:442)&#10;        at java.util.concurrent.ThreadPoolExecutor.getTask(ThreadPoolExecutor.java:1074)&#10;        at java.util.concurrent.ThreadPoolExecutor.runWorker(ThreadPoolExecutor.java:1134)&#10;        at java.util.concurrent.ThreadPoolExecutor$Worker.run(ThreadPoolExecutor.java:624)&#10;        at java.lang.Thread.run(Thread.java:748)&#10;&quot;Datanode ReportManager Thread - 1&quot; daemon prio=5 tid=4761 in Object.wait()&#10;java.lang.Thread.State: WAITING (on object monitor)&#10;        at sun.misc.Unsafe.park(Native Method)&#10;        at java.util.concurrent.locks.LockSupport.park(LockSupport.java:175)&#10;        at java.util.concurrent.locks.AbstractQueuedSynchronizer$ConditionObject.await(AbstractQueuedSynchronizer.java:2039)&#10;        at java.util.concurrent.ScheduledThreadPoolExecutor$DelayedWorkQueue.take(ScheduledThreadPoolExecutor.java:1088)&#10;        at java.util.concurrent.ScheduledThreadPoolExecutor$DelayedWorkQueue.take(ScheduledThreadPoolExecutor.java:809)&#10;        at java.util.concurrent.ThreadPoolExecutor.getTask(ThreadPoolExecutor.java:1074)&#10;        at java.util.concurrent.ThreadPoolExecutor.runWorker(ThreadPoolExecutor.java:1134)&#10;        at java.util.concurrent.ThreadPoolExecutor$Worker.run(ThreadPoolExecutor.java:624)&#10;        at java.lang.Thread.run(Thread.java:748)&#10;&quot;Command processor thread&quot; daemon prio=5 tid=4740 timed_waiting&#10;java.lang.Thread.State: TIMED_WAITING&#10;        at java.lang.Thread.sleep(Native Method)&#10;        at org.apache.hadoop.ozone.container.common.statemachine.DatanodeStateMachine.lambda$initCommandHandlerThread$2(DatanodeStateMachine.java:563)&#10;        at org.apache.hadoop.ozone.container.common.statemachine.DatanodeStateMachine$$Lambda$571/481383730.run(Unknown Source)&#10;        at java.lang.Thread.run(Thread.java:748)&#10;&quot;qtp2133268403-4725&quot; daemon prio=5 tid=4725 runnable&#10;java.lang.Thread.State: RUNNABLE&#10;        at sun.nio.ch.EPollArrayWrapper.epollWait(Native Method)&#10;        at sun.nio.ch.EPollArrayWrapper.poll(EPollArrayWrapper.java:269)&#10;        at sun.nio.ch.EPollSelectorImpl.doSelect(EPollSelectorImpl.java:93)&#10;        at sun.nio.ch.SelectorImpl.lockAndDoSelect(SelectorImpl.java:86)&#10;        at sun.nio.ch.SelectorImpl.select(SelectorImpl.java:97)&#10;        at sun.nio.ch.SelectorImpl.select(SelectorImpl.java:101)&#10;        at org.eclipse.jetty.io.ManagedSelector.nioSelect(ManagedSelector.java:183)&#10;        at org.eclipse.jetty.io.ManagedSelector.select(ManagedSelector.java:190)&#10;        at org.eclipse.jetty.io.ManagedSelector$SelectorProducer.select(ManagedSelector.java:606)&#10;        at org.eclipse.jetty.io.ManagedSelector$SelectorProducer.produce(ManagedSelector.java:543)&#10;        at org.eclipse.jetty.util.thread.strategy.EatWhatYouKill.produceTask(EatWhatYouKill.java:362)&#10;        at org.eclipse.jetty.util.thread.strategy.EatWhatYouKill.doProduce(EatWhatYouKill.java:186)&#10;        at org.eclipse.jetty.util.thread.strategy.EatWhatYouKill.tryProduce(EatWhatYouKill.java:173)&#10;        at org.eclipse.jetty.util.thread.strategy.EatWhatYouKill.produce(EatWhatYouKill.java:137)&#10;        at org.eclipse.jetty.io.ManagedSelector$$Lambda$309/1391532202.run(Unknown Source)&#10;        at org.eclipse.jetty.util.thread.QueuedThreadPool.runJob(QueuedThreadPool.java:883)&#10;        at org.eclipse.jetty.util.thread.QueuedThreadPool$Runner.run(QueuedThreadPool.java:1034)&#10;        at java.lang.Thread.run(Thread.java:748)&#10;&quot;IPC Server handler 12 on default port 43321&quot; daemon prio=5 tid=4604 timed_waiting&#10;java.lang.Thread.State: TIMED_WAITING&#10;        at sun.misc.Unsafe.park(Native Method)&#10;        at java.util.concurrent.locks.LockSupport.parkNanos(LockSupport.java:215)&#10;        at java.util.concurrent.locks.AbstractQueuedSynchronizer$ConditionObject.awaitNanos(AbstractQueuedSynchronizer.java:2078)&#10;        at java.util.concurrent.LinkedBlockingQueue.poll(LinkedBlockingQueue.java:467)&#10;        at org.apache.hadoop.ipc.CallQueueManager.take(CallQueueManager.java:317)&#10;        at org.apache.hadoop.ipc.Server$Handler.run(Server.java:2932)&#10;&quot;surefire-forkedjvm-ping-30s&quot; daemon prio=5 tid=10 timed_waiting&#10;java.lang.Thread.State: TIMED_WAITING&#10;        at sun.misc.Unsafe.park(Native Method)&#10;        at java.util.concurrent.locks.LockSupport.parkNanos(LockSupport.java:215)&#10;        at java.util.concurrent.locks.AbstractQueuedSynchronizer$ConditionObject.awaitNanos(AbstractQueuedSynchronizer.java:2078)&#10;        at java.util.concurrent.ScheduledThreadPoolExecutor$DelayedWorkQueue.take(ScheduledThreadPoolExecutor.java:1093)&#10;        at java.util.concurrent.ScheduledThreadPoolExecutor$DelayedWorkQueue.take(ScheduledThreadPoolExecutor.java:809)&#10;        at java.util.concurrent.ThreadPoolExecutor.getTask(ThreadPoolExecutor.java:1074)&#10;        at java.util.concurrent.ThreadPoolExecutor.runWorker(ThreadPoolExecutor.java:1134)&#10;        at java.util.concurrent.ThreadPoolExecutor$Worker.run(ThreadPoolExecutor.java:624)&#10;        at java.lang.Thread.run(Thread.java:748)&#10;&quot;pool-431-thread-1&quot; daemon prio=5 tid=4721 timed_waiting&#10;java.lang.Thread.State: TIMED_WAITING&#10;        at sun.misc.Unsafe.park(Native Method)&#10;        at java.util.concurrent.locks.LockSupport.parkNanos(LockSupport.java:215)&#10;        at java.util.concurrent.locks.AbstractQueuedSynchronizer$ConditionObject.awaitNanos(AbstractQueuedSynchronizer.java:2078)&#10;        at java.util.concurrent.ScheduledThreadPoolExecutor$DelayedWorkQueue.take(ScheduledThreadPoolExecutor.java:1093)&#10;        at java.util.concurrent.ScheduledThreadPoolExecutor$DelayedWorkQueue.take(ScheduledThreadPoolExecutor.java:809)&#10;        at java.util.concurrent.ThreadPoolExecutor.getTask(ThreadPoolExecutor.java:1074)&#10;        at java.util.concurrent.ThreadPoolExecutor.runWorker(ThreadPoolExecutor.java:1134)&#10;        at java.util.concurrent.ThreadPoolExecutor$Worker.run(ThreadPoolExecutor.java:624)&#10;        at java.lang.Thread.run(Thread.java:748)&#10;&quot;Signal Dispatcher&quot; daemon prio=9 tid=4 runnable&#10;java.lang.Thread.State: RUNNABLE&#10;&quot;OM StateMachine ApplyTransaction Thread - 0&quot; daemon prio=5 tid=4887 in Object.wait()&#10;java.lang.Thread.State: WAITING (on object monitor)&#10;        at sun.misc.Unsafe.park(Native Method)&#10;        at java.util.concurrent.locks.LockSupport.park(LockSupport.java:175)&#10;        at java.util.concurrent.locks.AbstractQueuedSynchronizer$ConditionObject.await(AbstractQueuedSynchronizer.java:2039)&#10;        at java.util.concurrent.LinkedBlockingQueue.take(LinkedBlockingQueue.java:442)&#10;        at java.util.concurrent.ThreadPoolExecutor.getTask(ThreadPoolExecutor.java:1074)&#10;        at java.util.concurrent.ThreadPoolExecutor.runWorker(ThreadPoolExecutor.java:1134)&#10;        at java.util.concurrent.ThreadPoolExecutor$Worker.run(ThreadPoolExecutor.java:624)&#10;        at java.lang.Thread.run(Thread.java:748)&#10;&quot;IPC Server handler 2 on default port 32893&quot; daemon prio=5 tid=4614 timed_waiting&#10;java.lang.Thread.State: TIMED_WAITING&#10;        at sun.misc.Unsafe.park(Native Method)&#10;        at java.util.concurrent.locks.LockSupport.parkNanos(LockSupport.java:215)&#10;        at java.util.concurrent.locks.AbstractQueuedSynchronizer$ConditionObject.awaitNanos(AbstractQueuedSynchronizer.java:2078)&#10;        at java.util.concurrent.LinkedBlockingQueue.poll(LinkedBlockingQueue.java:467)&#10;        at org.apache.hadoop.ipc.CallQueueManager.take(CallQueueManager.java:317)&#10;        at org.apache.hadoop.ipc.Server$Handler.run(Server.java:2932)&#10;&quot;BlockDeletingService#7&quot; daemon prio=5 tid=4823 in Object.wait()&#10;java.lang.Thread.State: WAITING (on object monitor)&#10;        at sun.misc.Unsafe.park(Native Method)&#10;        at java.util.concurrent.locks.LockSupport.park(LockSupport.java:175)&#10;        at java.util.concurrent.locks.AbstractQueuedSynchronizer$ConditionObject.await(AbstractQueuedSynchronizer.java:2039)&#10;        at java.util.concurrent.ScheduledThreadPoolExecutor$DelayedWorkQueue.take(ScheduledThreadPoolExecutor.java:1088)&#10;        at java.util.concurrent.ScheduledThreadPoolExecutor$DelayedWorkQueue.take(ScheduledThreadPoolExecutor.java:809)&#10;        at java.util.concurrent.ThreadPoolExecutor.getTask(ThreadPoolExecutor.java:1074)&#10;        at java.util.concurrent.ThreadPoolExecutor.runWorker(ThreadPoolExecutor.java:1134)&#10;        at java.util.concurrent.ThreadPoolExecutor$Worker.run(ThreadPoolExecutor.java:624)&#10;        at java.lang.Thread.run(Thread.java:748)&#10;&quot;IPC Server handler 10 on default port 32893&quot; daemon prio=5 tid=4622 timed_waiting&#10;java.lang.Thread.State: TIMED_WAITING&#10;        at sun.misc.Unsafe.park(Native Method)&#10;        at java.util.concurrent.locks.LockSupport.parkNanos(LockSupport.java:215)&#10;        at java.util.concurrent.locks.AbstractQueuedSynchronizer$ConditionObject.awaitNanos(AbstractQueuedSynchronizer.java:2078)&#10;        at java.util.concurrent.LinkedBlockingQueue.poll(LinkedBlockingQueue.java:467)&#10;        at org.apache.hadoop.ipc.CallQueueManager.take(CallQueueManager.java:317)&#10;        at org.apache.hadoop.ipc.Server$Handler.run(Server.java:2932)&#10;&quot;IPC Server handler 14 on default port 46143&quot; daemon prio=5 tid=4586 timed_waiting&#10;java.lang.Thread.State: TIMED_WAITING&#10;        at sun.misc.Unsafe.park(Native Method)&#10;        at java.util.concurrent.locks.LockSupport.parkNanos(LockSupport.java:215)&#10;        at java.util.concurrent.locks.AbstractQueuedSynchronizer$ConditionObject.awaitNanos(AbstractQueuedSynchronizer.java:2078)&#10;        at java.util.concurrent.LinkedBlockingQueue.poll(LinkedBlockingQueue.java:467)&#10;        at org.apache.hadoop.ipc.CallQueueManager.take(CallQueueManager.java:317)&#10;        at org.apache.hadoop.ipc.Server$Handler.run(Server.java:2932)&#10;&quot;pool-467-thread-2&quot;  prio=5 tid=4916 in Object.wait()&#10;java.lang.Thread.State: WAITING (on object monitor)&#10;        at sun.misc.Unsafe.park(Native Method)&#10;        at java.util.concurrent.locks.LockSupport.park(LockSupport.java:175)&#10;        at java.util.concurrent.locks.AbstractQueuedSynchronizer$ConditionObject.await(AbstractQueuedSynchronizer.java:2039)&#10;        at java.util.concurrent.LinkedBlockingQueue.take(LinkedBlockingQueue.java:442)&#10;        at java.util.concurrent.ThreadPoolExecutor.getTask(ThreadPoolExecutor.java:1074)&#10;        at java.util.concurrent.ThreadPoolExecutor.runWorker(ThreadPoolExecutor.java:1134)&#10;        at java.util.concurrent.ThreadPoolExecutor$Worker.run(ThreadPoolExecutor.java:624)&#10;        at java.lang.Thread.run(Thread.java:748)&#10;&quot;IPC Server handler 7 on default port 32893&quot; daemon prio=5 tid=4619 timed_waiting&#10;java.lang.Thread.State: TIMED_WAITING&#10;        at sun.misc.Unsafe.park(Native Method)&#10;        at java.util.concurrent.locks.LockSupport.parkNanos(LockSupport.java:215)&#10;        at java.util.concurrent.locks.AbstractQueuedSynchronizer$ConditionObject.awaitNanos(AbstractQueuedSynchronizer.java:2078)&#10;        at java.util.concurrent.LinkedBlockingQueue.poll(LinkedBlockingQueue.java:467)&#10;        at org.apache.hadoop.ipc.CallQueueManager.take(CallQueueManager.java:317)&#10;        at org.apache.hadoop.ipc.Server$Handler.run(Server.java:2932)&#10;&quot;pool-466-thread-1&quot;  prio=5 tid=4911 in Object.wait()&#10;java.lang.Thread.State: WAITING (on object monitor)&#10;        at sun.misc.Unsafe.park(Native Method)&#10;        at java.util.concurrent.locks.LockSupport.park(LockSupport.java:175)&#10;        at java.util.concurrent.locks.AbstractQueuedSynchronizer$ConditionObject.await(AbstractQueuedSynchronizer.java:2039)&#10;        at java.util.concurrent.LinkedBlockingQueue.take(LinkedBlockingQueue.java:442)&#10;        at java.util.concurrent.ThreadPoolExecutor.getTask(ThreadPoolExecutor.java:1074)&#10;        at java.util.concurrent.ThreadPoolExecutor.runWorker(ThreadPoolExecutor.java:1134)&#10;        at java.util.concurrent.ThreadPoolExecutor$Worker.run(ThreadPoolExecutor.java:624)&#10;        at java.lang.Thread.run(Thread.java:748)&#10;&quot;IPC Server handler 1 on default port 43321&quot; daemon prio=5 tid=4593 timed_waiting&#10;java.lang.Thread.State: TIMED_WAITING&#10;        at sun.misc.Unsafe.park(Native Method)&#10;        at java.util.concurrent.locks.LockSupport.parkNanos(LockSupport.java:215)&#10;        at java.util.concurrent.locks.AbstractQueuedSynchronizer$ConditionObject.awaitNanos(AbstractQueuedSynchronizer.java:2078)&#10;        at java.util.concurrent.LinkedBlockingQueue.poll(LinkedBlockingQueue.java:467)&#10;        at org.apache.hadoop.ipc.CallQueueManager.take(CallQueueManager.java:317)&#10;        at org.apache.hadoop.ipc.Server$Handler.run(Server.java:2932)&#10;&quot;org.apache.hadoop.ozone.container.common.statemachine.commandhandler.DeleteBlocksCommandHandler$DeleteCmdWorker@5a48f281&quot; daemon prio=5 tid=3792 runnable&#10;java.lang.Thread.State: RUNNABLE&#10;        at java.lang.Thread.sleep(Native Method)&#10;        at org.apache.hadoop.ozone.container.common.statemachine.commandhandler.DeleteBlocksCommandHandler$DeleteCmdWorker.run(DeleteBlocksCommandHandler.java:174)&#10;        at java.lang.Thread.run(Thread.java:748)&#10;&quot;IPC Server handler 1 on default port 32925&quot; daemon prio=5 tid=4671 timed_waiting&#10;java.lang.Thread.State: TIMED_WAITING&#10;        at sun.misc.Unsafe.park(Native Method)&#10;        at java.util.concurrent.locks.LockSupport.parkNanos(LockSupport.java:215)&#10;        at java.util.concurrent.locks.AbstractQueuedSynchronizer$ConditionObject.awaitNanos(AbstractQueuedSynchronizer.java:2078)&#10;        at java.util.concurrent.LinkedBlockingQueue.poll(LinkedBlockingQueue.java:467)&#10;        at org.apache.hadoop.ipc.CallQueueManager.take(CallQueueManager.java:317)&#10;        at org.apache.hadoop.ipc.Server$Handler.run(Server.java:2932)&#10;&quot;Datanode ReportManager Thread - 0&quot; daemon prio=5 tid=4735 timed_waiting&#10;java.lang.Thread.State: TIMED_WAITING&#10;        at sun.misc.Unsafe.park(Native Method)&#10;        at java.util.concurrent.locks.LockSupport.parkNanos(LockSupport.java:215)&#10;        at java.util.concurrent.locks.AbstractQueuedSynchronizer$ConditionObject.awaitNanos(AbstractQueuedSynchronizer.java:2078)&#10;        at java.util.concurrent.ScheduledThreadPoolExecutor$DelayedWorkQueue.take(ScheduledThreadPoolExecutor.java:1093)&#10;        at java.util.concurrent.ScheduledThreadPoolExecutor$DelayedWorkQueue.take(ScheduledThreadPoolExecutor.java:809)&#10;        at java.util.concurrent.ThreadPoolExecutor.getTask(ThreadPoolExecutor.java:1074)&#10;        at java.util.concurrent.ThreadPoolExecutor.runWorker(ThreadPoolExecutor.java:1134)&#10;        at java.util.concurrent.ThreadPoolExecutor$Worker.run(ThreadPoolExecutor.java:624)&#10;        at java.lang.Thread.run(Thread.java:748)&#10;&quot;qtp2133268403-4731&quot; daemon prio=5 tid=4731 timed_waiting&#10;java.lang.Thread.State: TIMED_WAITING&#10;        at sun.misc.Unsafe.park(Native Method)&#10;        at java.util.concurrent.locks.LockSupport.parkNanos(LockSupport.java:215)&#10;        at java.util.concurrent.locks.AbstractQueuedSynchronizer$ConditionObject.awaitNanos(AbstractQueuedSynchronizer.java:2078)&#10;        at org.eclipse.jetty.util.BlockingArrayQueue.poll(BlockingArrayQueue.java:382)&#10;        at org.eclipse.jetty.util.thread.QueuedThreadPool$Runner.idleJobPoll(QueuedThreadPool.java:974)&#10;        at org.eclipse.jetty.util.thread.QueuedThreadPool$Runner.run(QueuedThreadPool.java:1018)&#10;        at java.lang.Thread.run(Thread.java:748)&#10;&quot;pool-467-thread-4&quot;  prio=5 tid=4924 in Object.wait()&#10;java.lang.Thread.State: WAITING (on object monitor)&#10;        at sun.misc.Unsafe.park(Native Method)&#10;        at java.util.concurrent.locks.LockSupport.park(LockSupport.java:175)&#10;        at java.util.concurrent.locks.AbstractQueuedSynchronizer$ConditionObject.await(AbstractQueuedSynchronizer.java:2039)&#10;        at java.util.concurrent.LinkedBlockingQueue.take(LinkedBlockingQueue.java:442)&#10;        at java.util.concurrent.ThreadPoolExecutor.getTask(ThreadPoolExecutor.java:1074)&#10;        at java.util.concurrent.ThreadPoolExecutor.runWorker(ThreadPoolExecutor.java:1134)&#10;        at java.util.concurrent.ThreadPoolExecutor$Worker.run(ThreadPoolExecutor.java:624)&#10;        at java.lang.Thread.run(Thread.java:748)&#10;&quot;Session-HouseKeeper-1736262a-1&quot;  prio=5 tid=4669 timed_waiting&#10;java.lang.Thread.State: TIMED_WAITING&#10;        at sun.misc.Unsafe.park(Native Method)&#10;        at java.util.concurrent.locks.LockSupport.parkNanos(LockSupport.java:215)&#10;        at java.util.concurrent.locks.AbstractQueuedSynchronizer$ConditionObject.awaitNanos(AbstractQueuedSynchronizer.java:2078)&#10;        at java.util.concurrent.ScheduledThreadPoolExecutor$DelayedWorkQueue.take(ScheduledThreadPoolExecutor.java:1093)&#10;        at java.util.concurrent.ScheduledThreadPoolExecutor$DelayedWorkQueue.take(ScheduledThreadPoolExecutor.java:809)&#10;        at java.util.concurrent.ThreadPoolExecutor.getTask(ThreadPoolExecutor.java:1074)&#10;        at java.util.concurrent.ThreadPoolExecutor.runWorker(ThreadPoolExecutor.java:1134)&#10;        at java.util.concurrent.ThreadPoolExecutor$Worker.run(ThreadPoolExecutor.java:624)&#10;        at java.lang.Thread.run(Thread.java:748)&#10;&quot;PartialTableCache Cleanup Thread - 0&quot; daemon prio=5 tid=3927 in Object.wait()&#10;java.lang.Thread.State: WAITING (on object monitor)&#10;        at sun.misc.Unsafe.park(Native Method)&#10;        at java.util.concurrent.locks.LockSupport.park(LockSupport.java:175)&#10;        at java.util.concurrent.locks.AbstractQueuedSynchronizer$ConditionObject.await(AbstractQueuedSynchronizer.java:2039)&#10;        at java.util.concurrent.LinkedBlockingQueue.take(LinkedBlockingQueue.java:442)&#10;        at java.util.concurrent.ThreadPoolExecutor.getTask(ThreadPoolExecutor.java:1074)&#10;        at java.util.concurrent.ThreadPoolExecutor.runWorker(ThreadPoolExecutor.java:1134)&#10;        at java.util.concurrent.ThreadPoolExecutor$Worker.run(ThreadPoolExecutor.java:624)&#10;        at java.lang.Thread.run(Thread.java:748)&#10;&quot;BlockDeletingService#9&quot; daemon prio=5 tid=4825 in Object.wait()&#10;java.lang.Thread.State: WAITING (on object monitor)&#10;        at sun.misc.Unsafe.park(Native Method)&#10;        at java.util.concurrent.locks.LockSupport.park(LockSupport.java:175)&#10;        at java.util.concurrent.locks.AbstractQueuedSynchronizer$ConditionObject.await(AbstractQueuedSynchronizer.java:2039)&#10;        at java.util.concurrent.ScheduledThreadPoolExecutor$DelayedWorkQueue.take(ScheduledThreadPoolExecutor.java:1088)&#10;        at java.util.concurrent.ScheduledThreadPoolExecutor$DelayedWorkQueue.take(ScheduledThreadPoolExecutor.java:809)&#10;        at java.util.concurrent.ThreadPoolExecutor.getTask(ThreadPoolExecutor.java:1074)&#10;        at java.util.concurrent.ThreadPoolExecutor.runWorker(ThreadPoolExecutor.java:1134)&#10;        at java.util.concurrent.ThreadPoolExecutor$Worker.run(ThreadPoolExecutor.java:624)&#10;        at java.lang.Thread.run(Thread.java:748)&#10;&quot;IPC Server handler 11 on default port 46143&quot; daemon prio=5 tid=4583 timed_waiting&#10;java.lang.Thread.State: TIMED_WAITING&#10;        at sun.misc.Unsafe.park(Native Method)&#10;        at java.util.concurrent.locks.LockSupport.parkNanos(LockSupport.java:215)&#10;        at java.util.concurrent.locks.AbstractQueuedSynchronizer$ConditionObject.awaitNanos(AbstractQueuedSynchronizer.java:2078)&#10;        at java.util.concurrent.LinkedBlockingQueue.poll(LinkedBlockingQueue.java:467)&#10;        at org.apache.hadoop.ipc.CallQueueManager.take(CallQueueManager.java:317)&#10;        at org.apache.hadoop.ipc.Server$Handler.run(Server.java:2932)&#10;&quot;Command processor thread&quot; daemon prio=5 tid=4765 timed_waiting&#10;java.lang.Thread.State: TIMED_WAITING&#10;        at java.lang.Thread.sleep(Native Method)&#10;        at org.apache.hadoop.ozone.container.common.statemachine.DatanodeStateMachine.lambda$initCommandHandlerThread$2(DatanodeStateMachine.java:563)&#10;        at org.apache.hadoop.ozone.container.common.statemachine.DatanodeStateMachine$$Lambda$571/481383730.run(Unknown Source)&#10;        at java.lang.Thread.run(Thread.java:748)&#10;&quot;ChunkWriter-3-0&quot; daemon prio=5 tid=4790 in Object.wait()&#10;java.lang.Thread.State: WAITING (on object monitor)&#10;        at sun.misc.Unsafe.park(Native Method)&#10;        at java.util.concurrent.locks.LockSupport.park(LockSupport.java:175)&#10;        at java.util.concurrent.locks.AbstractQueuedSynchronizer$ConditionObject.await(AbstractQueuedSynchronizer.java:2039)&#10;        at java.util.concurrent.LinkedBlockingDeque.takeFirst(LinkedBlockingDeque.java:492)&#10;        at java.util.concurrent.LinkedBlockingDeque.take(LinkedBlockingDeque.java:680)&#10;        at java.util.concurrent.ThreadPoolExecutor.getTask(ThreadPoolExecutor.java:1074)&#10;        at java.util.concurrent.ThreadPoolExecutor.runWorker(ThreadPoolExecutor.java:1134)&#10;        at java.util.concurrent.ThreadPoolExecutor$Worker.run(ThreadPoolExecutor.java:624)&#10;        at java.lang.Thread.run(Thread.java:748)&#10;&quot;Periodic HDDS volume checker&quot; daemon prio=5 tid=4692 timed_waiting&#10;java.lang.Thread.State: TIMED_WAITING&#10;        at sun.misc.Unsafe.park(Native Method)&#10;        at java.util.concurrent.locks.LockSupport.parkNanos(LockSupport.java:215)&#10;        at java.util.concurrent.locks.AbstractQueuedSynchronizer$ConditionObject.awaitNanos(AbstractQueuedSynchronizer.java:2078)&#10;        at java.util.concurrent.ScheduledThreadPoolExecutor$DelayedWorkQueue.take(ScheduledThreadPoolExecutor.java:1093)&#10;        at java.util.concurrent.ScheduledThreadPoolExecutor$DelayedWorkQueue.take(ScheduledThreadPoolExecutor.java:809)&#10;        at java.util.concurrent.ThreadPoolExecutor.getTask(ThreadPoolExecutor.java:1074)&#10;        at java.util.concurrent.ThreadPoolExecutor.runWorker(ThreadPoolExecutor.java:1134)&#10;        at java.util.concurrent.ThreadPoolExecutor$Worker.run(ThreadPoolExecutor.java:624)&#10;        at java.lang.Thread.run(Thread.java:748)&#10;&quot;41bdc6fc-f730-460f-b2d8-92157d986a72@group-BCEEFC5FE04E-FollowerState&quot; daemon prio=5 tid=4872 timed_waiting&#10;java.lang.Thread.State: TIMED_WAITING&#10;        at java.lang.Thread.sleep(Native Method)&#10;        at java.lang.Thread.sleep(Thread.java:340)&#10;        at java.util.concurrent.TimeUnit.sleep(TimeUnit.java:386)&#10;        at org.apache.ratis.util.TimeDuration.sleep(TimeDuration.java:324)&#10;        at org.apache.ratis.util.TimeDuration.sleep(TimeDuration.java:309)&#10;        at org.apache.ratis.server.impl.FollowerState.run(FollowerState.java:118)&#10;&quot;FullTableCache Cleanup Thread - 0&quot; daemon prio=5 tid=3925 in Object.wait()&#10;java.lang.Thread.State: WAITING (on object monitor)&#10;        at sun.misc.Unsafe.park(Native Method)&#10;        at java.util.concurrent.locks.LockSupport.park(LockSupport.java:175)&#10;        at java.util.concurrent.locks.AbstractQueuedSynchronizer$ConditionObject.await(AbstractQueuedSynchronizer.java:2039)&#10;        at java.util.concurrent.LinkedBlockingQueue.take(LinkedBlockingQueue.java:442)&#10;        at java.util.concurrent.ThreadPoolExecutor.getTask(ThreadPoolExecutor.java:1074)&#10;        at java.util.concurrent.ThreadPoolExecutor.runWorker(ThreadPoolExecutor.java:1134)&#10;        at java.util.concurrent.ThreadPoolExecutor$Worker.run(ThreadPoolExecutor.java:624)&#10;        at java.lang.Thread.run(Thread.java:748)&#10;&quot;Datanode State Machine Task Thread - 0&quot;  prio=5 tid=4767 in Object.wait()&#10;java.lang.Thread.State: WAITING (on object monitor)&#10;        at sun.misc.Unsafe.park(Native Method)&#10;        at java.util.concurrent.locks.LockSupport.park(LockSupport.java:175)&#10;        at java.util.concurrent.locks.AbstractQueuedSynchronizer$ConditionObject.await(AbstractQueuedSynchronizer.java:2039)&#10;        at java.util.concurrent.LinkedBlockingQueue.take(LinkedBlockingQueue.java:442)&#10;        at java.util.concurrent.ThreadPoolExecutor.getTask(ThreadPoolExecutor.java:1074)&#10;        at java.util.concurrent.ThreadPoolExecutor.runWorker(ThreadPoolExecutor.java:1134)&#10;        at java.util.concurrent.ThreadPoolExecutor$Worker.run(ThreadPoolExecutor.java:624)&#10;        at java.lang.Thread.run(Thread.java:748)&#10;&quot;grpc-default-executor-3&quot; daemon prio=5 tid=447 timed_waiting&#10;java.lang.Thread.State: TIMED_WAITING&#10;        at sun.misc.Unsafe.park(Native Method)&#10;        at java.util.concurrent.locks.LockSupport.parkNanos(LockSupport.java:215)&#10;        at java.util.concurrent.SynchronousQueue$TransferStack.awaitFulfill(SynchronousQueue.java:460)&#10;        at java.util.concurrent.SynchronousQueue$TransferStack.transfer(SynchronousQueue.java:362)&#10;        at java.util.concurrent.SynchronousQueue.poll(SynchronousQueue.java:941)&#10;        at java.util.concurrent.ThreadPoolExecutor.getTask(ThreadPoolExecutor.java:1073)&#10;        at java.util.concurrent.ThreadPoolExecutor.runWorker(ThreadPoolExecutor.java:1134)&#10;        at java.util.concurrent.ThreadPoolExecutor$Worker.run(ThreadPoolExecutor.java:624)&#10;        at java.lang.Thread.run(Thread.java:748)&#10;&quot;EventQueue-NodeReportForNodeReportHandler&quot; daemon prio=5 tid=6055 in Object.wait()&#10;java.lang.Thread.State: WAITING (on object monitor)&#10;        at sun.misc.Unsafe.park(Native Method)&#10;        at java.util.concurrent.locks.LockSupport.park(LockSupport.java:175)&#10;        at java.util.concurrent.locks.AbstractQueuedSynchronizer$ConditionObject.await(AbstractQueuedSynchronizer.java:2039)&#10;        at java.util.concurrent.LinkedBlockingQueue.take(LinkedBlockingQueue.java:442)&#10;        at java.util.concurrent.ThreadPoolExecutor.getTask(ThreadPoolExecutor.java:1074)&#10;        at java.util.concurrent.ThreadPoolExecutor.runWorker(ThreadPoolExecutor.java:1134)&#10;        at java.util.concurrent.ThreadPoolExecutor$Worker.run(ThreadPoolExecutor.java:624)&#10;        at java.lang.Thread.run(Thread.java:748)&#10;&quot;EndpointStateMachine task thread for /0.0.0.0:40517 - 0 &quot;  prio=5 tid=262 in Object.wait()&#10;java.lang.Thread.State: WAITING (on object monitor)&#10;        at sun.misc.Unsafe.park(Native Method)&#10;        at java.util.concurrent.locks.LockSupport.park(LockSupport.java:175)&#10;        at java.util.concurrent.locks.AbstractQueuedSynchronizer$ConditionObject.await(AbstractQueuedSynchronizer.java:2039)&#10;        at java.util.concurrent.LinkedBlockingQueue.take(LinkedBlockingQueue.java:442)&#10;        at java.util.concurrent.ThreadPoolExecutor.getTask(ThreadPoolExecutor.java:1074)&#10;        at java.util.concurrent.ThreadPoolExecutor.runWorker(ThreadPoolExecutor.java:1134)&#10;        at java.util.concurrent.ThreadPoolExecutor$Worker.run(ThreadPoolExecutor.java:624)&#10;        at java.lang.Thread.run(Thread.java:748)&#10;&quot;IPC Server handler 17 on default port 32925&quot; daemon prio=5 tid=4687 timed_waiting&#10;java.lang.Thread.State: TIMED_WAITING&#10;        at sun.misc.Unsafe.park(Native Method)&#10;        at java.util.concurrent.locks.LockSupport.parkNanos(LockSupport.java:215)&#10;        at java.util.concurrent.locks.AbstractQueuedSynchronizer$ConditionObject.awaitNanos(AbstractQueuedSynchronizer.java:2078)&#10;        at java.util.concurrent.LinkedBlockingQueue.poll(LinkedBlockingQueue.java:467)&#10;        at org.apache.hadoop.ipc.CallQueueManager.take(CallQueueManager.java:317)&#10;        at org.apache.hadoop.ipc.Server$Handler.run(Server.java:2932)&#10;&quot;FullTableCache Cleanup Thread - 0&quot; daemon prio=5 tid=344 in Object.wait()&#10;java.lang.Thread.State: WAITING (on object monitor)&#10;        at sun.misc.Unsafe.park(Native Method)&#10;        at java.util.concurrent.locks.LockSupport.park(LockSupport.java:175)&#10;        at java.util.concurrent.locks.AbstractQueuedSynchronizer$ConditionObject.await(AbstractQueuedSynchronizer.java:2039)&#10;        at java.util.concurrent.LinkedBlockingQueue.take(LinkedBlockingQueue.java:442)&#10;        at java.util.concurrent.ThreadPoolExecutor.getTask(ThreadPoolExecutor.java:1074)&#10;        at java.util.concurrent.ThreadPoolExecutor.runWorker(ThreadPoolExecutor.java:1134)&#10;        at java.util.concurrent.ThreadPoolExecutor$Worker.run(ThreadPoolExecutor.java:624)&#10;        at java.lang.Thread.run(Thread.java:748)&#10;&quot;pool-467-thread-8&quot;  prio=5 tid=4953 in Object.wait()&#10;java.lang.Thread.State: WAITING (on object monitor)&#10;        at sun.misc.Unsafe.park(Native Method)&#10;        at java.util.concurrent.locks.LockSupport.park(LockSupport.java:175)&#10;        at java.util.concurrent.locks.AbstractQueuedSynchronizer$ConditionObject.await(AbstractQueuedSynchronizer.java:2039)&#10;        at java.util.concurrent.LinkedBlockingQueue.take(LinkedBlockingQueue.java:442)&#10;        at java.util.concurrent.ThreadPoolExecutor.getTask(ThreadPoolExecutor.java:1074)&#10;        at java.util.concurrent.ThreadPoolExecutor.runWorker(ThreadPoolExecutor.java:1134)&#10;        at java.util.concurrent.ThreadPoolExecutor$Worker.run(ThreadPoolExecutor.java:624)&#10;        at java.lang.Thread.run(Thread.java:748)&#10;&quot;IPC Server handler 9 on default port 46143&quot; daemon prio=5 tid=4581 timed_waiting&#10;java.lang.Thread.State: TIMED_WAITING&#10;        at sun.misc.Unsafe.park(Native Method)&#10;        at java.util.concurrent.locks.LockSupport.parkNanos(LockSupport.java:215)&#10;        at java.util.concurrent.locks.AbstractQueuedSynchronizer$ConditionObject.awaitNanos(AbstractQueuedSynchronizer.java:2078)&#10;        at java.util.concurrent.LinkedBlockingQueue.poll(LinkedBlockingQueue.java:467)&#10;        at org.apache.hadoop.ipc.CallQueueManager.take(CallQueueManager.java:317)&#10;        at org.apache.hadoop.ipc.Server$Handler.run(Server.java:2932)&#10;&quot;Timer-2&quot;  prio=5 tid=4658 timed_waiting&#10;java.lang.Thread.State: TIMED_WAITING&#10;        at java.lang.Object.wait(Native Method)&#10;        at java.util.TimerThread.mainLoop(Timer.java:552)&#10;        at java.util.TimerThread.run(Timer.java:505)&#10;&quot;BlockDeletingService#3&quot; daemon prio=5 tid=4796 timed_waiting&#10;java.lang.Thread.State: TIMED_WAITING&#10;        at java.lang.Thread.setPriority0(Native Method)&#10;        at java.lang.Thread.setPriority(Thread.java:1095)&#10;        at java.lang.Thread.init(Thread.java:417)&#10;        at java.lang.Thread.init(Thread.java:349)&#10;        at java.lang.Thread.&lt;init&gt;(Thread.java:464)&#10;        at java.util.concurrent.CompletableFuture$ThreadPerTaskExecutor.execute(CompletableFuture.java:405)&#10;        at java.util.concurrent.CompletableFuture$UniCompletion.claim(CompletableFuture.java:543)&#10;        at java.util.concurrent.CompletableFuture.uniApply(CompletableFuture.java:613)&#10;        at java.util.concurrent.CompletableFuture$UniApply.tryFire(CompletableFuture.java:591)&#10;        at java.util.concurrent.CompletableFuture.uniApplyStage(CompletableFuture.java:631)&#10;        at java.util.concurrent.CompletableFuture.thenApplyAsync(CompletableFuture.java:2001)&#10;        at org.apache.ratis.server.impl.RaftServerProxy.getGroupInfoAsync(RaftServerProxy.java:529)&#10;        at org.apache.ratis.server.impl.RaftServerProxy.getGroupInfo(RaftServerProxy.java:524)&#10;        at org.apache.hadoop.ozone.container.common.transport.server.ratis.XceiverServerRatis.getMinReplicatedIndex(XceiverServerRatis.java:843)&#10;        at org.apache.hadoop.ozone.container.keyvalue.statemachine.background.BlockDeletingService.isDeletionAllowed(BlockDeletingService.java:206)&#10;        at org.apache.hadoop.ozone.container.keyvalue.statemachine.background.BlockDeletingService.lambda$chooseContainerForBlockDeletion$0(BlockDeletingService.java:180)&#10;        at org.apache.hadoop.ozone.container.keyvalue.statemachine.background.BlockDeletingService$$Lambda$680/2083688737.test(Unknown Source)&#10;        at java.util.stream.ReferencePipeline$2$1.accept(ReferencePipeline.java:174)&#10;        at java.util.Collections$UnmodifiableMap$UnmodifiableEntrySet.lambda$entryConsumer$0(Collections.java:1577)&#10;        at java.util.Collections$UnmodifiableMap$UnmodifiableEntrySet$$Lambda$683/2096444150.accept(Unknown Source)&#10;        at java.util.concurrent.ConcurrentSkipListMap$EntrySpliterator.forEachRemaining(ConcurrentSkipListMap.java:3535)&#10;        at java.util.Collections$UnmodifiableMap$UnmodifiableEntrySet$UnmodifiableEntrySetSpliterator.forEachRemaining(Collections.java:1602)&#10;        at java.util.stream.AbstractPipeline.copyInto(AbstractPipeline.java:482)&#10;        at java.util.stream.AbstractPipeline.wrapAndCopyInto(AbstractPipeline.java:472)&#10;        at java.util.stream.ReduceOps$ReduceOp.evaluateSequential(ReduceOps.java:708)&#10;        at java.util.stream.AbstractPipeline.evaluate(AbstractPipeline.java:234)&#10;        at java.util.stream.ReferencePipeline.collect(ReferencePipeline.java:566)&#10;        at org.apache.hadoop.ozone.container.keyvalue.statemachine.background.BlockDeletingService.chooseContainerForBlockDeletion(BlockDeletingService.java:181)&#10;        at org.apache.hadoop.ozone.container.keyvalue.statemachine.background.BlockDeletingService.getTasks(BlockDeletingService.java:145)&#10;        at org.apache.hadoop.hdds.utils.BackgroundService$PeriodicalTask.run(BackgroundService.java:97)&#10;        at java.util.concurrent.Executors$RunnableAdapter.call(Executors.java:511)&#10;        at java.util.concurrent.FutureTask.runAndReset(FutureTask.java:308)&#10;        at java.util.concurrent.ScheduledThreadPoolExecutor$ScheduledFutureTask.access$301(ScheduledThreadPoolExecutor.java:180)&#10;        at java.util.concurrent.ScheduledThreadPoolExecutor$ScheduledFutureTask.run(ScheduledThreadPoolExecutor.java:294)&#10;        at java.util.concurrent.ThreadPoolExecutor.runWorker(ThreadPoolExecutor.java:1149)&#10;        at java.util.concurrent.ThreadPoolExecutor$Worker.run(ThreadPoolExecutor.java:624)&#10;        at java.lang.Thread.run(Thread.java:748)&#10;&quot;Datanode ReportManager Thread - 3&quot; daemon prio=5 tid=4713 timed_waiting&#10;java.lang.Thread.State: TIMED_WAITING&#10;        at sun.misc.Unsafe.park(Native Method)&#10;        at java.util.concurrent.locks.LockSupport.parkNanos(LockSupport.java:215)&#10;        at java.util.concurrent.locks.AbstractQueuedSynchronizer$ConditionObject.awaitNanos(AbstractQueuedSynchronizer.java:2078)&#10;        at java.util.concurrent.ScheduledThreadPoolExecutor$DelayedWorkQueue.take(ScheduledThreadPoolExecutor.java:1093)&#10;        at java.util.concurrent.ScheduledThreadPoolExecutor$DelayedWorkQueue.take(ScheduledThreadPoolExecutor.java:809)&#10;        at java.util.concurrent.ThreadPoolExecutor.getTask(ThreadPoolExecutor.java:1074)&#10;        at java.util.concurrent.ThreadPoolExecutor.runWorker(ThreadPoolExecutor.java:1134)&#10;        at java.util.concurrent.ThreadPoolExecutor$Worker.run(ThreadPoolExecutor.java:624)&#10;        at java.lang.Thread.run(Thread.java:748)&#10;&quot;IPC Server handler 19 on default port 32925&quot; daemon prio=5 tid=4689 timed_waiting&#10;java.lang.Thread.State: TIMED_WAITING&#10;        at sun.misc.Unsafe.park(Native Method)&#10;        at java.util.concurrent.locks.LockSupport.parkNanos(LockSupport.java:215)&#10;        at java.util.concurrent.locks.AbstractQueuedSynchronizer$ConditionObject.awaitNanos(AbstractQueuedSynchronizer.java:2078)&#10;        at java.util.concurrent.LinkedBlockingQueue.poll(LinkedBlockingQueue.java:467)&#10;        at org.apache.hadoop.ipc.CallQueueManager.take(CallQueueManager.java:317)&#10;        at org.apache.hadoop.ipc.Server$Handler.run(Server.java:2932)&#10;&quot;java.util.concurrent.ThreadPoolExecutor$Worker@7df9059e[State = -1, empty queue]&quot; daemon prio=5 tid=4877 timed_waiting&#10;java.lang.Thread.State: TIMED_WAITING&#10;        at sun.misc.Unsafe.park(Native Method)&#10;        at java.util.concurrent.locks.LockSupport.parkNanos(LockSupport.java:215)&#10;        at java.util.concurrent.locks.AbstractQueuedSynchronizer$ConditionObject.awaitNanos(AbstractQueuedSynchronizer.java:2078)&#10;        at java.util.concurrent.ScheduledThreadPoolExecutor$DelayedWorkQueue.take(ScheduledThreadPoolExecutor.java:1093)&#10;        at java.util.concurrent.ScheduledThreadPoolExecutor$DelayedWorkQueue.take(ScheduledThreadPoolExecutor.java:809)&#10;        at java.util.concurrent.ThreadPoolExecutor.getTask(ThreadPoolExecutor.java:1074)&#10;        at java.util.concurrent.ThreadPoolExecutor.runWorker(ThreadPoolExecutor.java:1134)&#10;        at java.util.concurrent.ThreadPoolExecutor$Worker.run(ThreadPoolExecutor.java:624)&#10;        at java.lang.Thread.run(Thread.java:748)&#10;&quot;ChunkWriter-1-0&quot; daemon prio=5 tid=4772 in Object.wait()&#10;java.lang.Thread.State: WAITING (on object monitor)&#10;        at sun.misc.Unsafe.park(Native Method)&#10;        at java.util.concurrent.locks.LockSupport.park(LockSupport.java:175)&#10;        at java.util.concurrent.locks.AbstractQueuedSynchronizer$ConditionObject.await(AbstractQueuedSynchronizer.java:2039)&#10;        at java.util.concurrent.LinkedBlockingDeque.takeFirst(LinkedBlockingDeque.java:492)&#10;        at java.util.concurrent.LinkedBlockingDeque.take(LinkedBlockingDeque.java:680)&#10;        at java.util.concurrent.ThreadPoolExecutor.getTask(ThreadPoolExecutor.java:1074)&#10;        at java.util.concurrent.ThreadPoolExecutor.runWorker(ThreadPoolExecutor.java:1134)&#10;        at java.util.concurrent.ThreadPoolExecutor$Worker.run(ThreadPoolExecutor.java:624)&#10;        at java.lang.Thread.run(Thread.java:748)&#10;&quot;BlockDeletingService#0&quot; daemon prio=5 tid=4792 in Object.wait()&#10;java.lang.Thread.State: WAITING (on object monitor)&#10;        at sun.misc.Unsafe.park(Native Method)&#10;        at java.util.concurrent.locks.LockSupport.park(LockSupport.java:175)&#10;        at java.util.concurrent.locks.AbstractQueuedSynchronizer$ConditionObject.await(AbstractQueuedSynchronizer.java:2039)&#10;        at java.util.concurrent.ScheduledThreadPoolExecutor$DelayedWorkQueue.take(ScheduledThreadPoolExecutor.java:1088)&#10;        at java.util.concurrent.ScheduledThreadPoolExecutor$DelayedWorkQueue.take(ScheduledThreadPoolExecutor.java:809)&#10;        at java.util.concurrent.ThreadPoolExecutor.getTask(ThreadPoolExecutor.java:1074)&#10;        at java.util.concurrent.ThreadPoolExecutor.runWorker(ThreadPoolExecutor.java:1134)&#10;        at java.util.concurrent.ThreadPoolExecutor$Worker.run(ThreadPoolExecutor.java:624)&#10;        at java.lang.Thread.run(Thread.java:748)&#10;&quot;BlockDeletingService#7&quot; daemon prio=5 tid=4783 in Object.wait()&#10;java.lang.Thread.State: WAITING (on object monitor)&#10;        at sun.misc.Unsafe.park(Native Method)&#10;        at java.util.concurrent.locks.LockSupport.park(LockSupport.java:175)&#10;        at java.util.concurrent.locks.AbstractQueuedSynchronizer$ConditionObject.await(AbstractQueuedSynchronizer.java:2039)&#10;        at java.util.concurrent.ScheduledThreadPoolExecutor$DelayedWorkQueue.take(ScheduledThreadPoolExecutor.java:1088)&#10;        at java.util.concurrent.ScheduledThreadPoolExecutor$DelayedWorkQueue.take(ScheduledThreadPoolExecutor.java:809)&#10;        at java.util.concurrent.ThreadPoolExecutor.getTask(ThreadPoolExecutor.java:1074)&#10;        at java.util.concurrent.ThreadPoolExecutor.runWorker(ThreadPoolExecutor.java:1134)&#10;        at java.util.concurrent.ThreadPoolExecutor$Worker.run(ThreadPoolExecutor.java:624)&#10;        at java.lang.Thread.run(Thread.java:748)&#10;&quot;Datanode ReportManager Thread - 4&quot; daemon prio=5 tid=4714 in Object.wait()&#10;java.lang.Thread.State: WAITING (on object monitor)&#10;        at sun.misc.Unsafe.park(Native Method)&#10;        at java.util.concurrent.locks.LockSupport.park(LockSupport.java:175)&#10;        at java.util.concurrent.locks.AbstractQueuedSynchronizer$ConditionObject.await(AbstractQueuedSynchronizer.java:2039)&#10;        at java.util.concurrent.ScheduledThreadPoolExecutor$DelayedWorkQueue.take(ScheduledThreadPoolExecutor.java:1088)&#10;        at java.util.concurrent.ScheduledThreadPoolExecutor$DelayedWorkQueue.take(ScheduledThreadPoolExecutor.java:809)&#10;        at java.util.concurrent.ThreadPoolExecutor.getTask(ThreadPoolExecutor.java:1074)&#10;        at java.util.concurrent.ThreadPoolExecutor.runWorker(ThreadPoolExecutor.java:1134)&#10;        at java.util.concurrent.ThreadPoolExecutor$Worker.run(ThreadPoolExecutor.java:624)&#10;        at java.lang.Thread.run(Thread.java:748)&#10;&quot;IPC Server handler 19 on default port 32893&quot; daemon prio=5 tid=4631 timed_waiting&#10;java.lang.Thread.State: TIMED_WAITING&#10;        at sun.misc.Unsafe.park(Native Method)&#10;        at java.util.concurrent.locks.LockSupport.parkNanos(LockSupport.java:215)&#10;        at java.util.concurrent.locks.AbstractQueuedSynchronizer$ConditionObject.awaitNanos(AbstractQueuedSynchronizer.java:2078)&#10;        at java.util.concurrent.LinkedBlockingQueue.poll(LinkedBlockingQueue.java:467)&#10;        at org.apache.hadoop.ipc.CallQueueManager.take(CallQueueManager.java:317)&#10;        at org.apache.hadoop.ipc.Server$Handler.run(Server.java:2932)&#10;&quot;org.apache.hadoop.ozone.container.common.statemachine.commandhandler.DeleteBlocksCommandHandler$DeleteCmdWorker@35db3ea2&quot; daemon prio=5 tid=186 runnable&#10;java.lang.Thread.State: RUNNABLE&#10;        at java.lang.Thread.sleep(Native Method)&#10;        at org.apache.hadoop.ozone.container.common.statemachine.commandhandler.DeleteBlocksCommandHandler$DeleteCmdWorker.run(DeleteBlocksCommandHandler.java:174)&#10;        at java.lang.Thread.run(Thread.java:748)&#10;&quot;BlockDeletingService#8&quot; daemon prio=5 tid=4824 in Object.wait()&#10;java.lang.Thread.State: WAITING (on object monitor)&#10;        at sun.misc.Unsafe.park(Native Method)&#10;        at java.util.concurrent.locks.LockSupport.park(LockSupport.java:175)&#10;        at java.util.concurrent.locks.AbstractQueuedSynchronizer$ConditionObject.await(AbstractQueuedSynchronizer.java:2039)&#10;        at java.util.concurrent.ScheduledThreadPoolExecutor$DelayedWorkQueue.take(ScheduledThreadPoolExecutor.java:1088)&#10;        at java.util.concurrent.ScheduledThreadPoolExecutor$DelayedWorkQueue.take(ScheduledThreadPoolExecutor.java:809)&#10;        at java.util.concurrent.ThreadPoolExecutor.getTask(ThreadPoolExecutor.java:1074)&#10;        at java.util.concurrent.ThreadPoolExecutor.runWorker(ThreadPoolExecutor.java:1134)&#10;        at java.util.concurrent.ThreadPoolExecutor$Worker.run(ThreadPoolExecutor.java:624)&#10;        at java.lang.Thread.run(Thread.java:748)&#10;&quot;grpc-default-worker-ELG-3-2&quot; daemon prio=5 tid=307 runnable&#10;java.lang.Thread.State: RUNNABLE&#10;        at org.apache.ratis.thirdparty.io.netty.channel.epoll.Native.epollWait(Native Method)&#10;        at org.apache.ratis.thirdparty.io.netty.channel.epoll.Native.epollWait(Native.java:177)&#10;        at org.apache.ratis.thirdparty.io.netty.channel.epoll.Native.epollWait(Native.java:170)&#10;        at org.apache.ratis.thirdparty.io.netty.channel.epoll.EpollEventLoop.epollWaitNoTimerChange(EpollEventLoop.java:290)&#10;        at org.apache.ratis.thirdparty.io.netty.channel.epoll.EpollEventLoop.run(EpollEventLoop.java:347)&#10;        at org.apache.ratis.thirdparty.io.netty.util.concurrent.SingleThreadEventExecutor$4.run(SingleThreadEventExecutor.java:989)&#10;        at org.apache.ratis.thirdparty.io.netty.util.internal.ThreadExecutorMap$2.run(ThreadExecutorMap.java:74)&#10;        at org.apache.ratis.thirdparty.io.netty.util.concurrent.FastThreadLocalRunnable.run(FastThreadLocalRunnable.java:30)&#10;        at java.lang.Thread.run(Thread.java:748)&#10;&quot;41bdc6fc-f730-460f-b2d8-92157d986a72@group-BCEEFC5FE04E-StateMachineUpdater&quot; daemon prio=5 tid=4848 in Object.wait()&#10;java.lang.Thread.State: WAITING (on object monitor)&#10;        at java.lang.Object.wait(Native Method)&#10;        at java.lang.Object.wait(Object.java:502)&#10;        at org.apache.ratis.server.impl.StateMachineUpdater.waitForCommit(StateMachineUpdater.java:204)&#10;        at org.apache.ratis.server.impl.StateMachineUpdater.run(StateMachineUpdater.java:173)&#10;        at java.lang.Thread.run(Thread.java:748)&#10;&quot;e5d3e9d3-1367-47eb-ad7f-372895a70f55@group-BCEEFC5FE04E-FollowerState&quot; daemon prio=5 tid=4871 timed_waiting&#10;java.lang.Thread.State: TIMED_WAITING&#10;        at java.lang.Thread.sleep(Native Method)&#10;        at java.lang.Thread.sleep(Thread.java:340)&#10;        at java.util.concurrent.TimeUnit.sleep(TimeUnit.java:386)&#10;        at org.apache.ratis.util.TimeDuration.sleep(TimeDuration.java:324)&#10;        at org.apache.ratis.util.TimeDuration.sleep(TimeDuration.java:309)&#10;        at org.apache.ratis.server.impl.FollowerState.run(FollowerState.java:118)&#10;&quot;BlockDeletingService#5&quot; daemon prio=5 tid=4815 in Object.wait()&#10;java.lang.Thread.State: WAITING (on object monitor)&#10;        at sun.misc.Unsafe.park(Native Method)&#10;        at java.util.concurrent.locks.LockSupport.park(LockSupport.java:175)&#10;        at java.util.concurrent.locks.AbstractQueuedSynchronizer$ConditionObject.await(AbstractQueuedSynchronizer.java:2039)&#10;        at java.util.concurrent.ScheduledThreadPoolExecutor$DelayedWorkQueue.take(ScheduledThreadPoolExecutor.java:1088)&#10;        at java.util.concurrent.ScheduledThreadPoolExecutor$DelayedWorkQueue.take(ScheduledThreadPoolExecutor.java:809)&#10;        at java.util.concurrent.ThreadPoolExecutor.getTask(ThreadPoolExecutor.java:1074)&#10;        at java.util.concurrent.ThreadPoolExecutor.runWorker(ThreadPoolExecutor.java:1134)&#10;        at java.util.concurrent.ThreadPoolExecutor$Worker.run(ThreadPoolExecutor.java:624)&#10;        at java.lang.Thread.run(Thread.java:748)&#10;&quot;org.apache.hadoop.ozone.container.common.statemachine.commandhandler.DeleteBlocksCommandHandler$DeleteCmdWorker@40df07fc&quot; daemon prio=5 tid=4748 timed_waiting&#10;java.lang.Thread.State: TIMED_WAITING&#10;        at java.lang.Thread.sleep(Native Method)&#10;        at org.apache.hadoop.ozone.container.common.statemachine.commandhandler.DeleteBlocksCommandHandler$DeleteCmdWorker.run(DeleteBlocksCommandHandler.java:174)&#10;        at java.lang.Thread.run(Thread.java:748)&#10;&quot;Listener at 127.0.0.1/32925&quot;  prio=5 tid=1 runnable&#10;java.lang.Thread.State: RUNNABLE&#10;        at java.lang.Thread.dumpThreads(Native Method)&#10;        at java.lang.Thread.getAllStackTraces(Thread.java:1610)&#10;        at org.apache.ozone.test.TimedOutTestsListener.buildThreadDump(TimedOutTestsListener.java:93)&#10;        at org.apache.ozone.test.TimedOutTestsListener.buildThreadDiagnosticString(TimedOutTestsListener.java:79)&#10;        at org.apache.ozone.test.GenericTestUtils.waitFor(GenericTestUtils.java:225)&#10;        at org.apache.hadoop.ozone.container.common.statemachine.commandhandler.TestBlockDeletion.testBlockDeletion(TestBlockDeletion.java:246)&#10;        at sun.reflect.NativeMethodAccessorImpl.invoke0(Native Method)&#10;        at sun.reflect.NativeMethodAccessorImpl.invoke(NativeMethodAccessorImpl.java:62)&#10;        at sun.reflect.DelegatingMethodAccessorImpl.invoke(DelegatingMethodAccessorImpl.java:43)&#10;        at java.lang.reflect.Method.invoke(Method.java:498)&#10;        at org.junit.runners.model.FrameworkMethod$1.runReflectiveCall(FrameworkMethod.java:59)&#10;        at org.junit.internal.runners.model.ReflectiveCallable.run(ReflectiveCallable.java:12)&#10;        at org.junit.runners.model.FrameworkMethod.invokeExplosively(FrameworkMethod.java:56)&#10;        at org.junit.internal.runners.statements.InvokeMethod.evaluate(InvokeMethod.java:17)&#10;        at org.junit.internal.runners.statements.RunBefores.evaluate(RunBefores.java:26)&#10;        at org.junit.internal.runners.statements.RunAfters.evaluate(RunAfters.java:27)&#10;        at org.junit.runners.ParentRunner$3.evaluate(ParentRunner.java:306)&#10;        at org.junit.runners.BlockJUnit4ClassRunner$1.evaluate(BlockJUnit4ClassRunner.java:100)&#10;        at org.junit.runners.ParentRunner.runLeaf(ParentRunner.java:366)&#10;        at org.junit.runners.BlockJUnit4ClassRunner.runChild(BlockJUnit4ClassRunner.java:103)&#10;        at org.junit.runners.BlockJUnit4ClassRunner.runChild(BlockJUnit4ClassRunner.java:63)&#10;        at org.junit.runners.ParentRunner$4.run(ParentRunner.java:331)&#10;        at org.junit.runners.ParentRunner$1.schedule(ParentRunner.java:79)&#10;        at org.junit.runners.ParentRunner.runChildren(ParentRunner.java:329)&#10;        at org.junit.runners.ParentRunner.access$100(ParentRunner.java:66)&#10;        at org.junit.runners.ParentRunner$2.evaluate(ParentRunner.java:293)&#10;        at org.junit.runners.ParentRunner$3.evaluate(ParentRunner.java:306)&#10;        at org.junit.runners.ParentRunner.run(ParentRunner.java:413)&#10;        at org.junit.runner.JUnitCore.run(JUnitCore.java:137)&#10;        at org.junit.runner.JUnitCore.run(JUnitCore.java:115)&#10;        at org.junit.vintage.engine.execution.RunnerExecutor.execute(RunnerExecutor.java:43)&#10;        at org.junit.vintage.engine.VintageTestEngine$$Lambda$193/1262110193.accept(Unknown Source)&#10;        at java.util.stream.ForEachOps$ForEachOp$OfRef.accept(ForEachOps.java:183)&#10;        at java.util.stream.ReferencePipeline$3$1.accept(ReferencePipeline.java:193)&#10;        at java.util.Iterator.forEachRemaining(Iterator.java:116)&#10;        at java.util.Spliterators$IteratorSpliterator.forEachRemaining(Spliterators.java:1801)&#10;        at java.util.stream.AbstractPipeline.copyInto(AbstractPipeline.java:482)&#10;        at java.util.stream.AbstractPipeline.wrapAndCopyInto(AbstractPipeline.java:472)&#10;        at java.util.stream.ForEachOps$ForEachOp.evaluateSequential(ForEachOps.java:150)&#10;        at java.util.stream.ForEachOps$ForEachOp$OfRef.evaluateSequential(ForEachOps.java:173)&#10;        at java.util.stream.AbstractPipeline.evaluate(AbstractPipeline.java:234)&#10;        at java.util.stream.ReferencePipeline.forEach(ReferencePipeline.java:485)&#10;        at org.junit.vintage.engine.VintageTestEngine.executeAllChildren(VintageTestEngine.java:82)&#10;        at org.junit.vintage.engine.VintageTestEngine.execute(VintageTestEngine.java:73)&#10;        at org.junit.platform.launcher.core.EngineExecutionOrchestrator.execute(EngineExecutionOrchestrator.java:108)&#10;        at org.junit.platform.launcher.core.EngineExecutionOrchestrator.execute(EngineExecutionOrchestrator.java:88)&#10;        at org.junit.platform.launcher.core.EngineExecutionOrchestrator.lambda$execute$0(EngineExecutionOrchestrator.java:54)&#10;        at org.junit.platform.launcher.core.EngineExecutionOrchestrator$$Lambda$141/2018260103.accept(Unknown Source)&#10;        at org.junit.platform.launcher.core.EngineExecutionOrchestrator.withInterceptedStreams(EngineExecutionOrchestrator.java:67)&#10;        at org.junit.platform.launcher.core.EngineExecutionOrchestrator.execute(EngineExecutionOrchestrator.java:52)&#10;        at org.junit.platform.launcher.core.DefaultLauncher.execute(DefaultLauncher.java:96)&#10;        at org.junit.platform.launcher.core.DefaultLauncher.execute(DefaultLauncher.java:75)&#10;        at org.apache.maven.surefire.junitplatform.JUnitPlatformProvider.invokeAllTests(JUnitPlatformProvider.java:142)&#10;        at org.apache.maven.surefire.junitplatform.JUnitPlatformProvider.invoke(JUnitPlatformProvider.java:113)&#10;        at org.apache.maven.surefire.booter.ForkedBooter.invokeProviderInSameClassLoader(ForkedBooter.java:384)&#10;        at org.apache.maven.surefire.booter.ForkedBooter.runSuitesInProcess(ForkedBooter.java:345)&#10;        at org.apache.maven.surefire.booter.ForkedBooter.execute(ForkedBooter.java:126)&#10;        at org.apache.maven.surefire.booter.ForkedBooter.main(ForkedBooter.java:418)&#10;&quot;a3a688a0-b759-42a1-9d42-7ea63bf88025@group-BCEEFC5FE04E-SegmentedRaftLogWorker&quot;  prio=5 tid=4836 timed_waiting&#10;java.lang.Thread.State: TIMED_WAITING&#10;        at sun.misc.Unsafe.park(Native Method)&#10;        at java.util.concurrent.locks.LockSupport.parkNanos(LockSupport.java:215)&#10;        at java.util.concurrent.locks.AbstractQueuedSynchronizer$ConditionObject.awaitNanos(AbstractQueuedSynchronizer.java:2078)&#10;        at org.apache.ratis.util.DataBlockingQueue.poll(DataBlockingQueue.java:137)&#10;        at org.apache.ratis.server.raftlog.segmented.SegmentedRaftLogWorker.run(SegmentedRaftLogWorker.java:292)&#10;        at org.apache.ratis.server.raftlog.segmented.SegmentedRaftLogWorker$$Lambda$467/1519865368.run(Unknown Source)&#10;        at java.lang.Thread.run(Thread.java:748)&#10;&quot;IPC Server idle connection scanner for port 32925&quot; daemon prio=5 tid=4651 timed_waiting&#10;java.lang.Thread.State: TIMED_WAITING&#10;        at java.lang.Object.wait(Native Method)&#10;        at java.util.TimerThread.mainLoop(Timer.java:552)&#10;        at java.util.TimerThread.run(Timer.java:505)&#10;&#10;" type="java.util.concurrent.TimeoutException"><![CDATA[java.util.concurrent.TimeoutException: 
Timed out waiting for condition. Thread diagnostics:
Timestamp: 2021-08-14 02:05:55,719

"IPC Server handler 0 on default port 32893" daemon prio=5 tid=4612 timed_waiting
java.lang.Thread.State: TIMED_WAITING
        at sun.misc.Unsafe.park(Native Method)
        at java.util.concurrent.locks.LockSupport.parkNanos(LockSupport.java:215)
        at java.util.concurrent.locks.AbstractQueuedSynchronizer$ConditionObject.awaitNanos(AbstractQueuedSynchronizer.java:2078)
        at java.util.concurrent.LinkedBlockingQueue.poll(LinkedBlockingQueue.java:467)
        at org.apache.hadoop.ipc.CallQueueManager.take(CallQueueManager.java:317)
        at org.apache.hadoop.ipc.Server$Handler.run(Server.java:2932)
"Socket Reader #1 for port 0"  prio=5 tid=4566 runnable
java.lang.Thread.State: RUNNABLE
        at sun.nio.ch.EPollArrayWrapper.epollWait(Native Method)
        at sun.nio.ch.EPollArrayWrapper.poll(EPollArrayWrapper.java:269)
        at sun.nio.ch.EPollSelectorImpl.doSelect(EPollSelectorImpl.java:93)
        at sun.nio.ch.SelectorImpl.lockAndDoSelect(SelectorImpl.java:86)
        at sun.nio.ch.SelectorImpl.select(SelectorImpl.java:97)
        at sun.nio.ch.SelectorImpl.select(SelectorImpl.java:101)
        at org.apache.hadoop.ipc.Server$Listener$Reader.doRunLoop(Server.java:1288)
        at org.apache.hadoop.ipc.Server$Listener$Reader.run(Server.java:1267)
"IPC Server handler 15 on default port 43321" daemon prio=5 tid=4607 timed_waiting
java.lang.Thread.State: TIMED_WAITING
        at sun.misc.Unsafe.park(Native Method)
        at java.util.concurrent.locks.LockSupport.parkNanos(LockSupport.java:215)
        at java.util.concurrent.locks.AbstractQueuedSynchronizer$ConditionObject.awaitNanos(AbstractQueuedSynchronizer.java:2078)
        at java.util.concurrent.LinkedBlockingQueue.poll(LinkedBlockingQueue.java:467)
        at org.apache.hadoop.ipc.CallQueueManager.take(CallQueueManager.java:317)
        at org.apache.hadoop.ipc.Server$Handler.run(Server.java:2932)
"EndpointStateMachine task thread for /0.0.0.0:40517 - 0 "  prio=5 tid=234 in Object.wait()
java.lang.Thread.State: WAITING (on object monitor)
        at sun.misc.Unsafe.park(Native Method)
        at java.util.concurrent.locks.LockSupport.park(LockSupport.java:175)
        at java.util.concurrent.locks.AbstractQueuedSynchronizer$ConditionObject.await(AbstractQueuedSynchronizer.java:2039)
        at java.util.concurrent.LinkedBlockingQueue.take(LinkedBlockingQueue.java:442)
        at java.util.concurrent.ThreadPoolExecutor.getTask(ThreadPoolExecutor.java:1074)
        at java.util.concurrent.ThreadPoolExecutor.runWorker(ThreadPoolExecutor.java:1134)
        at java.util.concurrent.ThreadPoolExecutor$Worker.run(ThreadPoolExecutor.java:624)
        at java.lang.Thread.run(Thread.java:748)
"pool-465-thread-6"  prio=5 tid=4940 in Object.wait()
java.lang.Thread.State: WAITING (on object monitor)
        at sun.misc.Unsafe.park(Native Method)
        at java.util.concurrent.locks.LockSupport.park(LockSupport.java:175)
        at java.util.concurrent.locks.AbstractQueuedSynchronizer$ConditionObject.await(AbstractQueuedSynchronizer.java:2039)
        at java.util.concurrent.LinkedBlockingQueue.take(LinkedBlockingQueue.java:442)
        at java.util.concurrent.ThreadPoolExecutor.getTask(ThreadPoolExecutor.java:1074)
        at java.util.concurrent.ThreadPoolExecutor.runWorker(ThreadPoolExecutor.java:1134)
        at java.util.concurrent.ThreadPoolExecutor$Worker.run(ThreadPoolExecutor.java:624)
        at java.lang.Thread.run(Thread.java:748)
"qtp1299272458-4705" daemon prio=5 tid=4705 timed_waiting
java.lang.Thread.State: TIMED_WAITING
        at sun.misc.Unsafe.park(Native Method)
        at java.util.concurrent.locks.LockSupport.parkNanos(LockSupport.java:215)
        at java.util.concurrent.locks.AbstractQueuedSynchronizer$ConditionObject.awaitNanos(AbstractQueuedSynchronizer.java:2078)
        at org.eclipse.jetty.util.BlockingArrayQueue.poll(BlockingArrayQueue.java:382)
        at org.eclipse.jetty.util.thread.QueuedThreadPool$Runner.idleJobPoll(QueuedThreadPool.java:974)
        at org.eclipse.jetty.util.thread.QueuedThreadPool$Runner.run(QueuedThreadPool.java:1018)
        at java.lang.Thread.run(Thread.java:748)
"IPC Server listener on 0" daemon prio=5 tid=4561 runnable
java.lang.Thread.State: RUNNABLE
        at sun.nio.ch.EPollArrayWrapper.epollWait(Native Method)
        at sun.nio.ch.EPollArrayWrapper.poll(EPollArrayWrapper.java:269)
        at sun.nio.ch.EPollSelectorImpl.doSelect(EPollSelectorImpl.java:93)
        at sun.nio.ch.SelectorImpl.lockAndDoSelect(SelectorImpl.java:86)
        at sun.nio.ch.SelectorImpl.select(SelectorImpl.java:97)
        at sun.nio.ch.SelectorImpl.select(SelectorImpl.java:101)
        at org.apache.hadoop.ipc.Server$Listener.run(Server.java:1350)
"IPC Server handler 16 on default port 32893" daemon prio=5 tid=4628 timed_waiting
java.lang.Thread.State: TIMED_WAITING
        at sun.misc.Unsafe.park(Native Method)
        at java.util.concurrent.locks.LockSupport.parkNanos(LockSupport.java:215)
        at java.util.concurrent.locks.AbstractQueuedSynchronizer$ConditionObject.awaitNanos(AbstractQueuedSynchronizer.java:2078)
        at java.util.concurrent.LinkedBlockingQueue.poll(LinkedBlockingQueue.java:467)
        at org.apache.hadoop.ipc.CallQueueManager.take(CallQueueManager.java:317)
        at org.apache.hadoop.ipc.Server$Handler.run(Server.java:2932)
"grpc-default-worker-ELG-3-1" daemon prio=5 tid=305 runnable
java.lang.Thread.State: RUNNABLE
        at org.apache.ratis.thirdparty.io.netty.channel.epoll.Native.epollWait(Native Method)
        at org.apache.ratis.thirdparty.io.netty.channel.epoll.Native.epollWait(Native.java:177)
        at org.apache.ratis.thirdparty.io.netty.channel.epoll.Native.epollWait(Native.java:170)
        at org.apache.ratis.thirdparty.io.netty.channel.epoll.EpollEventLoop.epollWaitNoTimerChange(EpollEventLoop.java:290)
        at org.apache.ratis.thirdparty.io.netty.channel.epoll.EpollEventLoop.run(EpollEventLoop.java:347)
        at org.apache.ratis.thirdparty.io.netty.util.concurrent.SingleThreadEventExecutor$4.run(SingleThreadEventExecutor.java:989)
        at org.apache.ratis.thirdparty.io.netty.util.internal.ThreadExecutorMap$2.run(ThreadExecutorMap.java:74)
        at org.apache.ratis.thirdparty.io.netty.util.concurrent.FastThreadLocalRunnable.run(FastThreadLocalRunnable.java:30)
        at java.lang.Thread.run(Thread.java:748)
"BlockDeletingService#2" daemon prio=5 tid=4811 in Object.wait()
java.lang.Thread.State: WAITING (on object monitor)
        at sun.misc.Unsafe.park(Native Method)
        at java.util.concurrent.locks.LockSupport.park(LockSupport.java:175)
        at java.util.concurrent.locks.AbstractQueuedSynchronizer$ConditionObject.await(AbstractQueuedSynchronizer.java:2039)
        at java.util.concurrent.ScheduledThreadPoolExecutor$DelayedWorkQueue.take(ScheduledThreadPoolExecutor.java:1088)
        at java.util.concurrent.ScheduledThreadPoolExecutor$DelayedWorkQueue.take(ScheduledThreadPoolExecutor.java:809)
        at java.util.concurrent.ThreadPoolExecutor.getTask(ThreadPoolExecutor.java:1074)
        at java.util.concurrent.ThreadPoolExecutor.runWorker(ThreadPoolExecutor.java:1134)
        at java.util.concurrent.ThreadPoolExecutor$Worker.run(ThreadPoolExecutor.java:624)
        at java.lang.Thread.run(Thread.java:748)
"qtp342524388-4752" daemon prio=5 tid=4752 timed_waiting
java.lang.Thread.State: TIMED_WAITING
        at sun.misc.Unsafe.park(Native Method)
        at java.util.concurrent.locks.LockSupport.parkNanos(LockSupport.java:215)
        at java.util.concurrent.locks.AbstractQueuedSynchronizer$ConditionObject.awaitNanos(AbstractQueuedSynchronizer.java:2078)
        at org.eclipse.jetty.util.BlockingArrayQueue.poll(BlockingArrayQueue.java:382)
        at org.eclipse.jetty.util.thread.QueuedThreadPool$Runner.idleJobPoll(QueuedThreadPool.java:974)
        at org.eclipse.jetty.util.thread.QueuedThreadPool$Runner.run(QueuedThreadPool.java:1018)
        at java.lang.Thread.run(Thread.java:748)
"e5d3e9d3-1367-47eb-ad7f-372895a70f55@group-BCEEFC5FE04E-SegmentedRaftLogWorker"  prio=5 tid=4840 timed_waiting
java.lang.Thread.State: TIMED_WAITING
        at sun.misc.Unsafe.park(Native Method)
        at java.util.concurrent.locks.LockSupport.parkNanos(LockSupport.java:215)
        at java.util.concurrent.locks.AbstractQueuedSynchronizer$ConditionObject.awaitNanos(AbstractQueuedSynchronizer.java:2078)
        at org.apache.ratis.util.DataBlockingQueue.poll(DataBlockingQueue.java:137)
        at org.apache.ratis.server.raftlog.segmented.SegmentedRaftLogWorker.run(SegmentedRaftLogWorker.java:292)
        at org.apache.ratis.server.raftlog.segmented.SegmentedRaftLogWorker$$Lambda$467/1519865368.run(Unknown Source)
        at java.lang.Thread.run(Thread.java:748)
"qtp834390584-4661" daemon prio=5 tid=4661 runnable
java.lang.Thread.State: RUNNABLE
        at sun.nio.ch.EPollArrayWrapper.epollWait(Native Method)
        at sun.nio.ch.EPollArrayWrapper.poll(EPollArrayWrapper.java:269)
        at sun.nio.ch.EPollSelectorImpl.doSelect(EPollSelectorImpl.java:93)
        at sun.nio.ch.SelectorImpl.lockAndDoSelect(SelectorImpl.java:86)
        at sun.nio.ch.SelectorImpl.select(SelectorImpl.java:97)
        at sun.nio.ch.SelectorImpl.select(SelectorImpl.java:101)
        at org.eclipse.jetty.io.ManagedSelector.nioSelect(ManagedSelector.java:183)
        at org.eclipse.jetty.io.ManagedSelector.select(ManagedSelector.java:190)
        at org.eclipse.jetty.io.ManagedSelector$SelectorProducer.select(ManagedSelector.java:606)
        at org.eclipse.jetty.io.ManagedSelector$SelectorProducer.produce(ManagedSelector.java:543)
        at org.eclipse.jetty.util.thread.strategy.EatWhatYouKill.produceTask(EatWhatYouKill.java:362)
        at org.eclipse.jetty.util.thread.strategy.EatWhatYouKill.doProduce(EatWhatYouKill.java:186)
        at org.eclipse.jetty.util.thread.strategy.EatWhatYouKill.tryProduce(EatWhatYouKill.java:173)
        at org.eclipse.jetty.util.thread.strategy.EatWhatYouKill.produce(EatWhatYouKill.java:137)
        at org.eclipse.jetty.io.ManagedSelector$$Lambda$309/1391532202.run(Unknown Source)
        at org.eclipse.jetty.util.thread.QueuedThreadPool.runJob(QueuedThreadPool.java:883)
        at org.eclipse.jetty.util.thread.QueuedThreadPool$Runner.run(QueuedThreadPool.java:1034)
        at java.lang.Thread.run(Thread.java:748)
"KeyDeletingService#0" daemon prio=5 tid=4659 timed_waiting
java.lang.Thread.State: TIMED_WAITING
        at sun.misc.Unsafe.park(Native Method)
        at java.util.concurrent.locks.LockSupport.parkNanos(LockSupport.java:215)
        at java.util.concurrent.locks.AbstractQueuedSynchronizer$ConditionObject.awaitNanos(AbstractQueuedSynchronizer.java:2078)
        at java.util.concurrent.ScheduledThreadPoolExecutor$DelayedWorkQueue.take(ScheduledThreadPoolExecutor.java:1093)
        at java.util.concurrent.ScheduledThreadPoolExecutor$DelayedWorkQueue.take(ScheduledThreadPoolExecutor.java:809)
        at java.util.concurrent.ThreadPoolExecutor.getTask(ThreadPoolExecutor.java:1074)
        at java.util.concurrent.ThreadPoolExecutor.runWorker(ThreadPoolExecutor.java:1134)
        at java.util.concurrent.ThreadPoolExecutor$Worker.run(ThreadPoolExecutor.java:624)
        at java.lang.Thread.run(Thread.java:748)
"org.apache.ratis.util.JvmPauseMonitor$$Lambda$531/524014602@35ed061f" daemon prio=5 tid=4791 timed_waiting
java.lang.Thread.State: TIMED_WAITING
        at java.lang.Thread.sleep(Native Method)
        at java.lang.Thread.sleep(Thread.java:340)
        at java.util.concurrent.TimeUnit.sleep(TimeUnit.java:386)
        at org.apache.ratis.util.TimeDuration.sleep(TimeDuration.java:324)
        at org.apache.ratis.util.TimeDuration.sleep(TimeDuration.java:309)
        at org.apache.ratis.util.JvmPauseMonitor.detectPause(JvmPauseMonitor.java:117)
        at org.apache.ratis.util.JvmPauseMonitor.run(JvmPauseMonitor.java:106)
        at org.apache.ratis.util.JvmPauseMonitor$$Lambda$531/524014602.run(Unknown Source)
        at java.lang.Thread.run(Thread.java:748)
"IPC Server handler 4 on default port 32893" daemon prio=5 tid=4616 timed_waiting
java.lang.Thread.State: TIMED_WAITING
        at sun.misc.Unsafe.park(Native Method)
        at java.util.concurrent.locks.LockSupport.parkNanos(LockSupport.java:215)
        at java.util.concurrent.locks.AbstractQueuedSynchronizer$ConditionObject.awaitNanos(AbstractQueuedSynchronizer.java:2078)
        at java.util.concurrent.LinkedBlockingQueue.poll(LinkedBlockingQueue.java:467)
        at org.apache.hadoop.ipc.CallQueueManager.take(CallQueueManager.java:317)
        at org.apache.hadoop.ipc.Server$Handler.run(Server.java:2932)
"BlockDeletingService#5" daemon prio=5 tid=4798 in Object.wait()
java.lang.Thread.State: WAITING (on object monitor)
        at sun.misc.Unsafe.park(Native Method)
        at java.util.concurrent.locks.LockSupport.park(LockSupport.java:175)
        at java.util.concurrent.locks.AbstractQueuedSynchronizer$ConditionObject.await(AbstractQueuedSynchronizer.java:2039)
        at java.util.concurrent.ScheduledThreadPoolExecutor$DelayedWorkQueue.take(ScheduledThreadPoolExecutor.java:1088)
        at java.util.concurrent.ScheduledThreadPoolExecutor$DelayedWorkQueue.take(ScheduledThreadPoolExecutor.java:809)
        at java.util.concurrent.ThreadPoolExecutor.getTask(ThreadPoolExecutor.java:1074)
        at java.util.concurrent.ThreadPoolExecutor.runWorker(ThreadPoolExecutor.java:1134)
        at java.util.concurrent.ThreadPoolExecutor$Worker.run(ThreadPoolExecutor.java:624)
        at java.lang.Thread.run(Thread.java:748)
"CommandWatcher-LeaseManager#LeaseMonitor" daemon prio=5 tid=4571 timed_waiting
java.lang.Thread.State: TIMED_WAITING
        at java.lang.Object.wait(Native Method)
        at org.apache.hadoop.ozone.lease.LeaseManager$LeaseMonitor.run(LeaseManager.java:238)
        at java.lang.Thread.run(Thread.java:748)
"qtp1299272458-4698" daemon prio=5 tid=4698 runnable
java.lang.Thread.State: RUNNABLE
        at sun.nio.ch.EPollArrayWrapper.epollWait(Native Method)
        at sun.nio.ch.EPollArrayWrapper.poll(EPollArrayWrapper.java:269)
        at sun.nio.ch.EPollSelectorImpl.doSelect(EPollSelectorImpl.java:93)
        at sun.nio.ch.SelectorImpl.lockAndDoSelect(SelectorImpl.java:86)
        at sun.nio.ch.SelectorImpl.select(SelectorImpl.java:97)
        at sun.nio.ch.SelectorImpl.select(SelectorImpl.java:101)
        at org.eclipse.jetty.io.ManagedSelector.nioSelect(ManagedSelector.java:183)
        at org.eclipse.jetty.io.ManagedSelector.select(ManagedSelector.java:190)
        at org.eclipse.jetty.io.ManagedSelector$SelectorProducer.select(ManagedSelector.java:606)
        at org.eclipse.jetty.io.ManagedSelector$SelectorProducer.produce(ManagedSelector.java:543)
        at org.eclipse.jetty.util.thread.strategy.EatWhatYouKill.produceTask(EatWhatYouKill.java:362)
        at org.eclipse.jetty.util.thread.strategy.EatWhatYouKill.doProduce(EatWhatYouKill.java:186)
        at org.eclipse.jetty.util.thread.strategy.EatWhatYouKill.tryProduce(EatWhatYouKill.java:173)
        at org.eclipse.jetty.util.thread.strategy.EatWhatYouKill.produce(EatWhatYouKill.java:137)
        at org.eclipse.jetty.io.ManagedSelector$$Lambda$309/1391532202.run(Unknown Source)
        at org.eclipse.jetty.util.thread.QueuedThreadPool.runJob(QueuedThreadPool.java:883)
        at org.eclipse.jetty.util.thread.QueuedThreadPool$Runner.run(QueuedThreadPool.java:1034)
        at java.lang.Thread.run(Thread.java:748)
"IPC Server handler 0 on default port 46143" daemon prio=5 tid=4572 timed_waiting
java.lang.Thread.State: TIMED_WAITING
        at sun.misc.Unsafe.park(Native Method)
        at java.util.concurrent.locks.LockSupport.parkNanos(LockSupport.java:215)
        at java.util.concurrent.locks.AbstractQueuedSynchronizer$ConditionObject.awaitNanos(AbstractQueuedSynchronizer.java:2078)
        at java.util.concurrent.LinkedBlockingQueue.poll(LinkedBlockingQueue.java:467)
        at org.apache.hadoop.ipc.CallQueueManager.take(CallQueueManager.java:317)
        at org.apache.hadoop.ipc.Server$Handler.run(Server.java:2932)
"BlockDeletingService#0" daemon prio=5 tid=4808 in Object.wait()
java.lang.Thread.State: WAITING (on object monitor)
        at sun.misc.Unsafe.park(Native Method)
        at java.util.concurrent.locks.LockSupport.park(LockSupport.java:175)
        at java.util.concurrent.locks.AbstractQueuedSynchronizer$ConditionObject.await(AbstractQueuedSynchronizer.java:2039)
        at java.util.concurrent.ScheduledThreadPoolExecutor$DelayedWorkQueue.take(ScheduledThreadPoolExecutor.java:1088)
        at java.util.concurrent.ScheduledThreadPoolExecutor$DelayedWorkQueue.take(ScheduledThreadPoolExecutor.java:809)
        at java.util.concurrent.ThreadPoolExecutor.getTask(ThreadPoolExecutor.java:1074)
        at java.util.concurrent.ThreadPoolExecutor.runWorker(ThreadPoolExecutor.java:1134)
        at java.util.concurrent.ThreadPoolExecutor$Worker.run(ThreadPoolExecutor.java:624)
        at java.lang.Thread.run(Thread.java:748)
"org.apache.hadoop.util.JvmPauseMonitor$Monitor@56a2a110" daemon prio=5 tid=4741 timed_waiting
java.lang.Thread.State: TIMED_WAITING
        at java.lang.Thread.sleep(Native Method)
        at org.apache.hadoop.util.JvmPauseMonitor$Monitor.run(JvmPauseMonitor.java:192)
        at java.lang.Thread.run(Thread.java:748)
"org.apache.hadoop.util.JvmPauseMonitor$Monitor@2a74836c" daemon prio=5 tid=4766 timed_waiting
java.lang.Thread.State: TIMED_WAITING
        at java.lang.Thread.sleep(Native Method)
        at org.apache.hadoop.util.JvmPauseMonitor$Monitor.run(JvmPauseMonitor.java:192)
        at java.lang.Thread.run(Thread.java:748)
"DatanodeAdminManager-0" daemon prio=5 tid=4556 timed_waiting
java.lang.Thread.State: TIMED_WAITING
        at sun.misc.Unsafe.park(Native Method)
        at java.util.concurrent.locks.LockSupport.parkNanos(LockSupport.java:215)
        at java.util.concurrent.locks.AbstractQueuedSynchronizer$ConditionObject.awaitNanos(AbstractQueuedSynchronizer.java:2078)
        at java.util.concurrent.ScheduledThreadPoolExecutor$DelayedWorkQueue.take(ScheduledThreadPoolExecutor.java:1093)
        at java.util.concurrent.ScheduledThreadPoolExecutor$DelayedWorkQueue.take(ScheduledThreadPoolExecutor.java:809)
        at java.util.concurrent.ThreadPoolExecutor.getTask(ThreadPoolExecutor.java:1074)
        at java.util.concurrent.ThreadPoolExecutor.runWorker(ThreadPoolExecutor.java:1134)
        at java.util.concurrent.ThreadPoolExecutor$Worker.run(ThreadPoolExecutor.java:624)
        at java.lang.Thread.run(Thread.java:748)
"prometheus" daemon prio=5 tid=4570 in Object.wait()
java.lang.Thread.State: WAITING (on object monitor)
        at java.lang.Object.wait(Native Method)
        at java.lang.Object.wait(Object.java:502)
        at org.apache.hadoop.metrics2.impl.SinkQueue.waitForData(SinkQueue.java:114)
        at org.apache.hadoop.metrics2.impl.SinkQueue.consumeAll(SinkQueue.java:83)
        at org.apache.hadoop.metrics2.impl.MetricsSinkAdapter.publishMetricsFromQueue(MetricsSinkAdapter.java:135)
        at org.apache.hadoop.metrics2.impl.MetricsSinkAdapter$1.run(MetricsSinkAdapter.java:89)
"ChunkWriter-0-0" daemon prio=5 tid=4787 in Object.wait()
java.lang.Thread.State: WAITING (on object monitor)
        at sun.misc.Unsafe.park(Native Method)
        at java.util.concurrent.locks.LockSupport.park(LockSupport.java:175)
        at java.util.concurrent.locks.AbstractQueuedSynchronizer$ConditionObject.await(AbstractQueuedSynchronizer.java:2039)
        at java.util.concurrent.LinkedBlockingDeque.takeFirst(LinkedBlockingDeque.java:492)
        at java.util.concurrent.LinkedBlockingDeque.take(LinkedBlockingDeque.java:680)
        at java.util.concurrent.ThreadPoolExecutor.getTask(ThreadPoolExecutor.java:1074)
        at java.util.concurrent.ThreadPoolExecutor.runWorker(ThreadPoolExecutor.java:1134)
        at java.util.concurrent.ThreadPoolExecutor$Worker.run(ThreadPoolExecutor.java:624)
        at java.lang.Thread.run(Thread.java:748)
"IPC Server handler 10 on default port 32925" daemon prio=5 tid=4680 timed_waiting
java.lang.Thread.State: TIMED_WAITING
        at sun.misc.Unsafe.park(Native Method)
        at java.util.concurrent.locks.LockSupport.parkNanos(LockSupport.java:215)
        at java.util.concurrent.locks.AbstractQueuedSynchronizer$ConditionObject.awaitNanos(AbstractQueuedSynchronizer.java:2078)
        at java.util.concurrent.LinkedBlockingQueue.poll(LinkedBlockingQueue.java:467)
        at org.apache.hadoop.ipc.CallQueueManager.take(CallQueueManager.java:317)
        at org.apache.hadoop.ipc.Server$Handler.run(Server.java:2932)
"IPC Server handler 2 on default port 32925" daemon prio=5 tid=4672 timed_waiting
java.lang.Thread.State: TIMED_WAITING
        at sun.misc.Unsafe.park(Native Method)
        at java.util.concurrent.locks.LockSupport.parkNanos(LockSupport.java:215)
        at java.util.concurrent.locks.AbstractQueuedSynchronizer$ConditionObject.awaitNanos(AbstractQueuedSynchronizer.java:2078)
        at java.util.concurrent.LinkedBlockingQueue.poll(LinkedBlockingQueue.java:467)
        at org.apache.hadoop.ipc.CallQueueManager.take(CallQueueManager.java:317)
        at org.apache.hadoop.ipc.Server$Handler.run(Server.java:2932)
"om1@group-C5BA1605619E-StateMachineUpdater" daemon prio=5 tid=4653 in Object.wait()
java.lang.Thread.State: WAITING (on object monitor)
        at java.lang.Object.wait(Native Method)
        at java.lang.Object.wait(Object.java:502)
        at org.apache.ratis.server.impl.StateMachineUpdater.waitForCommit(StateMachineUpdater.java:204)
        at org.apache.ratis.server.impl.StateMachineUpdater.run(StateMachineUpdater.java:173)
        at java.lang.Thread.run(Thread.java:748)
"pool-406-thread-1"  prio=5 tid=4648 in Object.wait()
java.lang.Thread.State: WAITING (on object monitor)
        at sun.misc.Unsafe.park(Native Method)
        at java.util.concurrent.locks.LockSupport.park(LockSupport.java:175)
        at java.util.concurrent.locks.AbstractQueuedSynchronizer$ConditionObject.await(AbstractQueuedSynchronizer.java:2039)
        at java.util.concurrent.LinkedBlockingQueue.take(LinkedBlockingQueue.java:442)
        at java.util.concurrent.ThreadPoolExecutor.getTask(ThreadPoolExecutor.java:1074)
        at java.util.concurrent.ThreadPoolExecutor.runWorker(ThreadPoolExecutor.java:1134)
        at java.util.concurrent.ThreadPoolExecutor$Worker.run(ThreadPoolExecutor.java:624)
        at java.lang.Thread.run(Thread.java:748)
"EventQueue-ContainerReportForContainerReportHandler" daemon prio=5 tid=4826 in Object.wait()
java.lang.Thread.State: WAITING (on object monitor)
        at sun.misc.Unsafe.park(Native Method)
        at java.util.concurrent.locks.LockSupport.park(LockSupport.java:175)
        at java.util.concurrent.locks.AbstractQueuedSynchronizer$ConditionObject.await(AbstractQueuedSynchronizer.java:2039)
        at java.util.concurrent.LinkedBlockingQueue.take(LinkedBlockingQueue.java:442)
        at java.util.concurrent.ThreadPoolExecutor.getTask(ThreadPoolExecutor.java:1074)
        at java.util.concurrent.ThreadPoolExecutor.runWorker(ThreadPoolExecutor.java:1134)
        at java.util.concurrent.ThreadPoolExecutor$Worker.run(ThreadPoolExecutor.java:624)
        at java.lang.Thread.run(Thread.java:748)
"org.apache.hadoop.util.JvmPauseMonitor$Monitor@1ee3ad6" daemon prio=5 tid=4690 timed_waiting
java.lang.Thread.State: TIMED_WAITING
        at java.lang.Thread.sleep(Native Method)
        at org.apache.hadoop.util.JvmPauseMonitor$Monitor.run(JvmPauseMonitor.java:192)
        at java.lang.Thread.run(Thread.java:748)
"qtp2133268403-4726-acceptor-0@2a340390-ServerConnector@386ff939{HTTP/1.1, (http/1.1)}{0.0.0.0:40389}" daemon prio=3 tid=4726 runnable
java.lang.Thread.State: RUNNABLE
        at sun.nio.ch.ServerSocketChannelImpl.accept0(Native Method)
        at sun.nio.ch.ServerSocketChannelImpl.accept(ServerSocketChannelImpl.java:421)
        at sun.nio.ch.ServerSocketChannelImpl.accept(ServerSocketChannelImpl.java:249)
        at org.eclipse.jetty.server.ServerConnector.accept(ServerConnector.java:388)
        at org.eclipse.jetty.server.AbstractConnector$Acceptor.run(AbstractConnector.java:702)
        at org.eclipse.jetty.util.thread.QueuedThreadPool.runJob(QueuedThreadPool.java:883)
        at org.eclipse.jetty.util.thread.QueuedThreadPool$Runner.run(QueuedThreadPool.java:1034)
        at java.lang.Thread.run(Thread.java:748)
"Datanode State Machine Task Thread - 1"  prio=5 tid=4785 in Object.wait()
java.lang.Thread.State: WAITING (on object monitor)
        at sun.misc.Unsafe.park(Native Method)
        at java.util.concurrent.locks.LockSupport.park(LockSupport.java:175)
        at java.util.concurrent.locks.AbstractQueuedSynchronizer$ConditionObject.await(AbstractQueuedSynchronizer.java:2039)
        at java.util.concurrent.LinkedBlockingQueue.take(LinkedBlockingQueue.java:442)
        at java.util.concurrent.ThreadPoolExecutor.getTask(ThreadPoolExecutor.java:1074)
        at java.util.concurrent.ThreadPoolExecutor.runWorker(ThreadPoolExecutor.java:1134)
        at java.util.concurrent.ThreadPoolExecutor$Worker.run(ThreadPoolExecutor.java:624)
        at java.lang.Thread.run(Thread.java:748)
"qtp580779646-4637" daemon prio=5 tid=4637 timed_waiting
java.lang.Thread.State: TIMED_WAITING
        at sun.misc.Unsafe.park(Native Method)
        at java.util.concurrent.locks.LockSupport.parkNanos(LockSupport.java:215)
        at java.util.concurrent.locks.AbstractQueuedSynchronizer$ConditionObject.awaitNanos(AbstractQueuedSynchronizer.java:2078)
        at org.eclipse.jetty.util.BlockingArrayQueue.poll(BlockingArrayQueue.java:382)
        at org.eclipse.jetty.util.thread.QueuedThreadPool$Runner.idleJobPoll(QueuedThreadPool.java:974)
        at org.eclipse.jetty.util.thread.QueuedThreadPool$Runner.run(QueuedThreadPool.java:1018)
        at java.lang.Thread.run(Thread.java:748)
"IPC Server handler 5 on default port 43321" daemon prio=5 tid=4597 timed_waiting
java.lang.Thread.State: TIMED_WAITING
        at sun.misc.Unsafe.park(Native Method)
        at java.util.concurrent.locks.LockSupport.parkNanos(LockSupport.java:215)
        at java.util.concurrent.locks.AbstractQueuedSynchronizer$ConditionObject.awaitNanos(AbstractQueuedSynchronizer.java:2078)
        at java.util.concurrent.LinkedBlockingQueue.poll(LinkedBlockingQueue.java:467)
        at org.apache.hadoop.ipc.CallQueueManager.take(CallQueueManager.java:317)
        at org.apache.hadoop.ipc.Server$Handler.run(Server.java:2932)
"qtp1299272458-4699-acceptor-0@4042e7bc-ServerConnector@372896d8{HTTP/1.1, (http/1.1)}{0.0.0.0:39199}" daemon prio=3 tid=4699 runnable
java.lang.Thread.State: RUNNABLE
        at sun.nio.ch.ServerSocketChannelImpl.accept0(Native Method)
        at sun.nio.ch.ServerSocketChannelImpl.accept(ServerSocketChannelImpl.java:421)
        at sun.nio.ch.ServerSocketChannelImpl.accept(ServerSocketChannelImpl.java:249)
        at org.eclipse.jetty.server.ServerConnector.accept(ServerConnector.java:388)
        at org.eclipse.jetty.server.AbstractConnector$Acceptor.run(AbstractConnector.java:702)
        at org.eclipse.jetty.util.thread.QueuedThreadPool.runJob(QueuedThreadPool.java:883)
        at org.eclipse.jetty.util.thread.QueuedThreadPool$Runner.run(QueuedThreadPool.java:1034)
        at java.lang.Thread.run(Thread.java:748)
"IPC Server handler 3 on default port 32925" daemon prio=5 tid=4673 timed_waiting
java.lang.Thread.State: TIMED_WAITING
        at sun.misc.Unsafe.park(Native Method)
        at java.util.concurrent.locks.LockSupport.parkNanos(LockSupport.java:215)
        at java.util.concurrent.locks.AbstractQueuedSynchronizer$ConditionObject.awaitNanos(AbstractQueuedSynchronizer.java:2078)
        at java.util.concurrent.LinkedBlockingQueue.poll(LinkedBlockingQueue.java:467)
        at org.apache.hadoop.ipc.CallQueueManager.take(CallQueueManager.java:317)
        at org.apache.hadoop.ipc.Server$Handler.run(Server.java:2932)
"pool-457-thread-1"  prio=5 tid=4846 in Object.wait()
java.lang.Thread.State: WAITING (on object monitor)
        at sun.misc.Unsafe.park(Native Method)
        at java.util.concurrent.locks.LockSupport.park(LockSupport.java:175)
        at java.util.concurrent.locks.AbstractQueuedSynchronizer$ConditionObject.await(AbstractQueuedSynchronizer.java:2039)
        at java.util.concurrent.LinkedBlockingQueue.take(LinkedBlockingQueue.java:442)
        at java.util.concurrent.ThreadPoolExecutor.getTask(ThreadPoolExecutor.java:1074)
        at java.util.concurrent.ThreadPoolExecutor.runWorker(ThreadPoolExecutor.java:1134)
        at java.util.concurrent.ThreadPoolExecutor$Worker.run(ThreadPoolExecutor.java:624)
        at java.lang.Thread.run(Thread.java:748)
"org.apache.hadoop.ozone.container.common.statemachine.commandhandler.DeleteBlocksCommandHandler$DeleteCmdWorker@34ef29c5" daemon prio=5 tid=4723 timed_waiting
java.lang.Thread.State: TIMED_WAITING
        at java.lang.Thread.sleep(Native Method)
        at org.apache.hadoop.ozone.container.common.statemachine.commandhandler.DeleteBlocksCommandHandler$DeleteCmdWorker.run(DeleteBlocksCommandHandler.java:174)
        at java.lang.Thread.run(Thread.java:748)
"om1@group-C5BA1605619E-SegmentedRaftLogWorker"  prio=5 tid=4652 timed_waiting
java.lang.Thread.State: TIMED_WAITING
        at sun.misc.Unsafe.park(Native Method)
        at java.util.concurrent.locks.LockSupport.parkNanos(LockSupport.java:215)
        at java.util.concurrent.locks.AbstractQueuedSynchronizer$ConditionObject.awaitNanos(AbstractQueuedSynchronizer.java:2078)
        at org.apache.ratis.util.DataBlockingQueue.poll(DataBlockingQueue.java:137)
        at org.apache.ratis.server.raftlog.segmented.SegmentedRaftLogWorker.run(SegmentedRaftLogWorker.java:292)
        at org.apache.ratis.server.raftlog.segmented.SegmentedRaftLogWorker$$Lambda$467/1519865368.run(Unknown Source)
        at java.lang.Thread.run(Thread.java:748)
"IPC Server idle connection scanner for port 46143" daemon prio=5 tid=4567 timed_waiting
java.lang.Thread.State: TIMED_WAITING
        at java.lang.Object.wait(Native Method)
        at java.util.TimerThread.mainLoop(Timer.java:552)
        at java.util.TimerThread.run(Timer.java:505)
"grpc-default-executor-5" daemon prio=5 tid=5841 timed_waiting
java.lang.Thread.State: TIMED_WAITING
        at sun.misc.Unsafe.park(Native Method)
        at java.util.concurrent.locks.LockSupport.parkNanos(LockSupport.java:215)
        at java.util.concurrent.SynchronousQueue$TransferStack.awaitFulfill(SynchronousQueue.java:460)
        at java.util.concurrent.SynchronousQueue$TransferStack.transfer(SynchronousQueue.java:362)
        at java.util.concurrent.SynchronousQueue.poll(SynchronousQueue.java:941)
        at java.util.concurrent.ThreadPoolExecutor.getTask(ThreadPoolExecutor.java:1073)
        at java.util.concurrent.ThreadPoolExecutor.runWorker(ThreadPoolExecutor.java:1134)
        at java.util.concurrent.ThreadPoolExecutor$Worker.run(ThreadPoolExecutor.java:624)
        at java.lang.Thread.run(Thread.java:748)
"pool-465-thread-7"  prio=5 tid=4944 in Object.wait()
java.lang.Thread.State: WAITING (on object monitor)
        at sun.misc.Unsafe.park(Native Method)
        at java.util.concurrent.locks.LockSupport.park(LockSupport.java:175)
        at java.util.concurrent.locks.AbstractQueuedSynchronizer$ConditionObject.await(AbstractQueuedSynchronizer.java:2039)
        at java.util.concurrent.LinkedBlockingQueue.take(LinkedBlockingQueue.java:442)
        at java.util.concurrent.ThreadPoolExecutor.getTask(ThreadPoolExecutor.java:1074)
        at java.util.concurrent.ThreadPoolExecutor.runWorker(ThreadPoolExecutor.java:1134)
        at java.util.concurrent.ThreadPoolExecutor$Worker.run(ThreadPoolExecutor.java:624)
        at java.lang.Thread.run(Thread.java:748)
"java.util.concurrent.ThreadPoolExecutor$Worker@a81d380[State = -1, empty queue]" daemon prio=5 tid=3915 timed_waiting
java.lang.Thread.State: TIMED_WAITING
        at sun.misc.Unsafe.park(Native Method)
        at java.util.concurrent.locks.LockSupport.parkNanos(LockSupport.java:215)
        at java.util.concurrent.locks.AbstractQueuedSynchronizer$ConditionObject.awaitNanos(AbstractQueuedSynchronizer.java:2078)
        at java.util.concurrent.ScheduledThreadPoolExecutor$DelayedWorkQueue.take(ScheduledThreadPoolExecutor.java:1093)
        at java.util.concurrent.ScheduledThreadPoolExecutor$DelayedWorkQueue.take(ScheduledThreadPoolExecutor.java:809)
        at java.util.concurrent.ThreadPoolExecutor.getTask(ThreadPoolExecutor.java:1074)
        at java.util.concurrent.ThreadPoolExecutor.runWorker(ThreadPoolExecutor.java:1134)
        at java.util.concurrent.ThreadPoolExecutor$Worker.run(ThreadPoolExecutor.java:624)
        at java.lang.Thread.run(Thread.java:748)
"EndpointStateMachine task thread for /0.0.0.0:32893 - 0 "  prio=5 tid=4801 in Object.wait()
java.lang.Thread.State: WAITING (on object monitor)
        at sun.misc.Unsafe.park(Native Method)
        at java.util.concurrent.locks.LockSupport.park(LockSupport.java:175)
        at java.util.concurrent.locks.AbstractQueuedSynchronizer$ConditionObject.await(AbstractQueuedSynchronizer.java:2039)
        at java.util.concurrent.LinkedBlockingQueue.take(LinkedBlockingQueue.java:442)
        at java.util.concurrent.ThreadPoolExecutor.getTask(ThreadPoolExecutor.java:1074)
        at java.util.concurrent.ThreadPoolExecutor.runWorker(ThreadPoolExecutor.java:1134)
        at java.util.concurrent.ThreadPoolExecutor$Worker.run(ThreadPoolExecutor.java:624)
        at java.lang.Thread.run(Thread.java:748)
"IPC Server handler 3 on default port 32893" daemon prio=5 tid=4615 timed_waiting
java.lang.Thread.State: TIMED_WAITING
        at sun.misc.Unsafe.park(Native Method)
        at java.util.concurrent.locks.LockSupport.parkNanos(LockSupport.java:215)
        at java.util.concurrent.locks.AbstractQueuedSynchronizer$ConditionObject.awaitNanos(AbstractQueuedSynchronizer.java:2078)
        at java.util.concurrent.LinkedBlockingQueue.poll(LinkedBlockingQueue.java:467)
        at org.apache.hadoop.ipc.CallQueueManager.take(CallQueueManager.java:317)
        at org.apache.hadoop.ipc.Server$Handler.run(Server.java:2932)
"PartialTableCache Cleanup Thread - 0" daemon prio=5 tid=880 in Object.wait()
java.lang.Thread.State: WAITING (on object monitor)
        at sun.misc.Unsafe.park(Native Method)
        at java.util.concurrent.locks.LockSupport.park(LockSupport.java:175)
        at java.util.concurrent.locks.AbstractQueuedSynchronizer$ConditionObject.await(AbstractQueuedSynchronizer.java:2039)
        at java.util.concurrent.LinkedBlockingQueue.take(LinkedBlockingQueue.java:442)
        at java.util.concurrent.ThreadPoolExecutor.getTask(ThreadPoolExecutor.java:1074)
        at java.util.concurrent.ThreadPoolExecutor.runWorker(ThreadPoolExecutor.java:1134)
        at java.util.concurrent.ThreadPoolExecutor$Worker.run(ThreadPoolExecutor.java:624)
        at java.lang.Thread.run(Thread.java:748)
"IPC Server handler 9 on default port 32925" daemon prio=5 tid=4679 timed_waiting
java.lang.Thread.State: TIMED_WAITING
        at sun.misc.Unsafe.park(Native Method)
        at java.util.concurrent.locks.LockSupport.parkNanos(LockSupport.java:215)
        at java.util.concurrent.locks.AbstractQueuedSynchronizer$ConditionObject.awaitNanos(AbstractQueuedSynchronizer.java:2078)
        at java.util.concurrent.LinkedBlockingQueue.poll(LinkedBlockingQueue.java:467)
        at org.apache.hadoop.ipc.CallQueueManager.take(CallQueueManager.java:317)
        at org.apache.hadoop.ipc.Server$Handler.run(Server.java:2932)
"IPC Server handler 7 on default port 46143" daemon prio=5 tid=4579 timed_waiting
java.lang.Thread.State: TIMED_WAITING
        at sun.misc.Unsafe.park(Native Method)
        at java.util.concurrent.locks.LockSupport.parkNanos(LockSupport.java:215)
        at java.util.concurrent.locks.AbstractQueuedSynchronizer$ConditionObject.awaitNanos(AbstractQueuedSynchronizer.java:2078)
        at java.util.concurrent.LinkedBlockingQueue.poll(LinkedBlockingQueue.java:467)
        at org.apache.hadoop.ipc.CallQueueManager.take(CallQueueManager.java:317)
        at org.apache.hadoop.ipc.Server$Handler.run(Server.java:2932)
"qtp342524388-4757" daemon prio=5 tid=4757 timed_waiting
java.lang.Thread.State: TIMED_WAITING
        at sun.misc.Unsafe.park(Native Method)
        at java.util.concurrent.locks.LockSupport.parkNanos(LockSupport.java:215)
        at java.util.concurrent.locks.AbstractQueuedSynchronizer$ConditionObject.awaitNanos(AbstractQueuedSynchronizer.java:2078)
        at org.eclipse.jetty.util.BlockingArrayQueue.poll(BlockingArrayQueue.java:382)
        at org.eclipse.jetty.util.thread.QueuedThreadPool$Runner.idleJobPoll(QueuedThreadPool.java:974)
        at org.eclipse.jetty.util.thread.QueuedThreadPool$Runner.run(QueuedThreadPool.java:1018)
        at java.lang.Thread.run(Thread.java:748)
"ReplicationMonitor" daemon prio=5 tid=4555 timed_waiting
java.lang.Thread.State: TIMED_WAITING
        at java.lang.Object.wait(Native Method)
        at org.apache.hadoop.hdds.scm.container.ReplicationManager.run(ReplicationManager.java:354)
        at org.apache.hadoop.hdds.scm.container.ReplicationManager$$Lambda$242/2123309997.run(Unknown Source)
        at java.lang.Thread.run(Thread.java:748)
"a3a688a0-b759-42a1-9d42-7ea63bf88025@group-BCEEFC5FE04E-LeaderStateImpl" daemon prio=5 tid=4873 timed_waiting
java.lang.Thread.State: TIMED_WAITING
        at sun.misc.Unsafe.park(Native Method)
        at java.util.concurrent.locks.LockSupport.parkNanos(LockSupport.java:215)
        at java.util.concurrent.locks.AbstractQueuedSynchronizer$ConditionObject.awaitNanos(AbstractQueuedSynchronizer.java:2078)
        at java.util.concurrent.ArrayBlockingQueue.poll(ArrayBlockingQueue.java:418)
        at org.apache.ratis.server.impl.LeaderStateImpl$EventQueue.poll(LeaderStateImpl.java:155)
        at org.apache.ratis.server.impl.LeaderStateImpl$EventProcessor.run(LeaderStateImpl.java:587)
"EventQueue-IncrementalContainerReportForIncrementalContainerReportHandler" daemon prio=5 tid=4899 in Object.wait()
java.lang.Thread.State: WAITING (on object monitor)
        at sun.misc.Unsafe.park(Native Method)
        at java.util.concurrent.locks.LockSupport.park(LockSupport.java:175)
        at java.util.concurrent.locks.AbstractQueuedSynchronizer$ConditionObject.await(AbstractQueuedSynchronizer.java:2039)
        at java.util.concurrent.LinkedBlockingQueue.take(LinkedBlockingQueue.java:442)
        at java.util.concurrent.ThreadPoolExecutor.getTask(ThreadPoolExecutor.java:1074)
        at java.util.concurrent.ThreadPoolExecutor.runWorker(ThreadPoolExecutor.java:1134)
        at java.util.concurrent.ThreadPoolExecutor$Worker.run(ThreadPoolExecutor.java:624)
        at java.lang.Thread.run(Thread.java:748)
"qtp580779646-4641" daemon prio=5 tid=4641 timed_waiting
java.lang.Thread.State: TIMED_WAITING
        at sun.misc.Unsafe.park(Native Method)
        at java.util.concurrent.locks.LockSupport.parkNanos(LockSupport.java:215)
        at java.util.concurrent.locks.AbstractQueuedSynchronizer$ConditionObject.awaitNanos(AbstractQueuedSynchronizer.java:2078)
        at org.eclipse.jetty.util.BlockingArrayQueue.poll(BlockingArrayQueue.java:382)
        at org.eclipse.jetty.util.thread.QueuedThreadPool$Runner.idleJobPoll(QueuedThreadPool.java:974)
        at org.eclipse.jetty.util.thread.QueuedThreadPool$Runner.run(QueuedThreadPool.java:1018)
        at java.lang.Thread.run(Thread.java:748)
"IPC Server handler 17 on default port 46143" daemon prio=5 tid=4589 timed_waiting
java.lang.Thread.State: TIMED_WAITING
        at sun.misc.Unsafe.park(Native Method)
        at java.util.concurrent.locks.LockSupport.parkNanos(LockSupport.java:215)
        at java.util.concurrent.locks.AbstractQueuedSynchronizer$ConditionObject.awaitNanos(AbstractQueuedSynchronizer.java:2078)
        at java.util.concurrent.LinkedBlockingQueue.poll(LinkedBlockingQueue.java:467)
        at org.apache.hadoop.ipc.CallQueueManager.take(CallQueueManager.java:317)
        at org.apache.hadoop.ipc.Server$Handler.run(Server.java:2932)
"IPC Server idle connection scanner for port 43321" daemon prio=5 tid=4563 timed_waiting
java.lang.Thread.State: TIMED_WAITING
        at java.lang.Object.wait(Native Method)
        at java.util.TimerThread.mainLoop(Timer.java:552)
        at java.util.TimerThread.run(Timer.java:505)
"qtp2133268403-4727" daemon prio=5 tid=4727 timed_waiting
java.lang.Thread.State: TIMED_WAITING
        at sun.misc.Unsafe.park(Native Method)
        at java.util.concurrent.locks.LockSupport.parkNanos(LockSupport.java:215)
        at java.util.concurrent.locks.AbstractQueuedSynchronizer$ConditionObject.awaitNanos(AbstractQueuedSynchronizer.java:2078)
        at org.eclipse.jetty.util.BlockingArrayQueue.poll(BlockingArrayQueue.java:382)
        at org.eclipse.jetty.util.thread.QueuedThreadPool$Runner.idleJobPoll(QueuedThreadPool.java:974)
        at org.eclipse.jetty.util.thread.QueuedThreadPool$Runner.run(QueuedThreadPool.java:1018)
        at java.lang.Thread.run(Thread.java:748)
"PartialTableCache Cleanup Thread - 0" daemon prio=5 tid=4891 in Object.wait()
java.lang.Thread.State: WAITING (on object monitor)
        at sun.misc.Unsafe.park(Native Method)
        at java.util.concurrent.locks.LockSupport.park(LockSupport.java:175)
        at java.util.concurrent.locks.AbstractQueuedSynchronizer$ConditionObject.await(AbstractQueuedSynchronizer.java:2039)
        at java.util.concurrent.LinkedBlockingQueue.take(LinkedBlockingQueue.java:442)
        at java.util.concurrent.ThreadPoolExecutor.getTask(ThreadPoolExecutor.java:1074)
        at java.util.concurrent.ThreadPoolExecutor.runWorker(ThreadPoolExecutor.java:1134)
        at java.util.concurrent.ThreadPoolExecutor$Worker.run(ThreadPoolExecutor.java:624)
        at java.lang.Thread.run(Thread.java:748)
"qtp1299272458-4703" daemon prio=5 tid=4703 timed_waiting
java.lang.Thread.State: TIMED_WAITING
        at sun.misc.Unsafe.park(Native Method)
        at java.util.concurrent.locks.LockSupport.parkNanos(LockSupport.java:215)
        at java.util.concurrent.locks.AbstractQueuedSynchronizer$ConditionObject.awaitNanos(AbstractQueuedSynchronizer.java:2078)
        at org.eclipse.jetty.util.BlockingArrayQueue.poll(BlockingArrayQueue.java:382)
        at org.eclipse.jetty.util.thread.QueuedThreadPool$Runner.idleJobPoll(QueuedThreadPool.java:974)
        at org.eclipse.jetty.util.thread.QueuedThreadPool$Runner.run(QueuedThreadPool.java:1018)
        at java.lang.Thread.run(Thread.java:748)
"pool-424-thread-1"  prio=5 tid=4697 timed_waiting
java.lang.Thread.State: TIMED_WAITING
        at sun.misc.Unsafe.park(Native Method)
        at java.util.concurrent.locks.LockSupport.parkNanos(LockSupport.java:215)
        at java.util.concurrent.locks.AbstractQueuedSynchronizer$ConditionObject.awaitNanos(AbstractQueuedSynchronizer.java:2078)
        at java.util.concurrent.ScheduledThreadPoolExecutor$DelayedWorkQueue.take(ScheduledThreadPoolExecutor.java:1093)
        at java.util.concurrent.ScheduledThreadPoolExecutor$DelayedWorkQueue.take(ScheduledThreadPoolExecutor.java:809)
        at java.util.concurrent.ThreadPoolExecutor.getTask(ThreadPoolExecutor.java:1074)
        at java.util.concurrent.ThreadPoolExecutor.runWorker(ThreadPoolExecutor.java:1134)
        at java.util.concurrent.ThreadPoolExecutor$Worker.run(ThreadPoolExecutor.java:624)
        at java.lang.Thread.run(Thread.java:748)
"pool-465-thread-8"  prio=5 tid=4947 in Object.wait()
java.lang.Thread.State: WAITING (on object monitor)
        at sun.misc.Unsafe.park(Native Method)
        at java.util.concurrent.locks.LockSupport.park(LockSupport.java:175)
        at java.util.concurrent.locks.AbstractQueuedSynchronizer$ConditionObject.await(AbstractQueuedSynchronizer.java:2039)
        at java.util.concurrent.LinkedBlockingQueue.take(LinkedBlockingQueue.java:442)
        at java.util.concurrent.ThreadPoolExecutor.getTask(ThreadPoolExecutor.java:1074)
        at java.util.concurrent.ThreadPoolExecutor.runWorker(ThreadPoolExecutor.java:1134)
        at java.util.concurrent.ThreadPoolExecutor$Worker.run(ThreadPoolExecutor.java:624)
        at java.lang.Thread.run(Thread.java:748)
"IPC Server handler 16 on default port 46143" daemon prio=5 tid=4588 timed_waiting
java.lang.Thread.State: TIMED_WAITING
        at sun.misc.Unsafe.park(Native Method)
        at java.util.concurrent.locks.LockSupport.parkNanos(LockSupport.java:215)
        at java.util.concurrent.locks.AbstractQueuedSynchronizer$ConditionObject.awaitNanos(AbstractQueuedSynchronizer.java:2078)
        at java.util.concurrent.LinkedBlockingQueue.poll(LinkedBlockingQueue.java:467)
        at org.apache.hadoop.ipc.CallQueueManager.take(CallQueueManager.java:317)
        at org.apache.hadoop.ipc.Server$Handler.run(Server.java:2932)
"e5d3e9d3-1367-47eb-ad7f-372895a70f55@group-BCEEFC5FE04E-StateMachineUpdater" daemon prio=5 tid=4841 in Object.wait()
java.lang.Thread.State: WAITING (on object monitor)
        at java.lang.Object.wait(Native Method)
        at java.lang.Object.wait(Object.java:502)
        at org.apache.ratis.server.impl.StateMachineUpdater.waitForCommit(StateMachineUpdater.java:204)
        at org.apache.ratis.server.impl.StateMachineUpdater.run(StateMachineUpdater.java:173)
        at java.lang.Thread.run(Thread.java:748)
"BlockDeletingService#6" daemon prio=5 tid=4816 in Object.wait()
java.lang.Thread.State: WAITING (on object monitor)
        at sun.misc.Unsafe.park(Native Method)
        at java.util.concurrent.locks.LockSupport.park(LockSupport.java:175)
        at java.util.concurrent.locks.AbstractQueuedSynchronizer$ConditionObject.await(AbstractQueuedSynchronizer.java:2039)
        at java.util.concurrent.ScheduledThreadPoolExecutor$DelayedWorkQueue.take(ScheduledThreadPoolExecutor.java:1088)
        at java.util.concurrent.ScheduledThreadPoolExecutor$DelayedWorkQueue.take(ScheduledThreadPoolExecutor.java:809)
        at java.util.concurrent.ThreadPoolExecutor.getTask(ThreadPoolExecutor.java:1074)
        at java.util.concurrent.ThreadPoolExecutor.runWorker(ThreadPoolExecutor.java:1134)
        at java.util.concurrent.ThreadPoolExecutor$Worker.run(ThreadPoolExecutor.java:624)
        at java.lang.Thread.run(Thread.java:748)
"IPC Server handler 12 on default port 32893" daemon prio=5 tid=4624 timed_waiting
java.lang.Thread.State: TIMED_WAITING
        at sun.misc.Unsafe.park(Native Method)
        at java.util.concurrent.locks.LockSupport.parkNanos(LockSupport.java:215)
        at java.util.concurrent.locks.AbstractQueuedSynchronizer$ConditionObject.awaitNanos(AbstractQueuedSynchronizer.java:2078)
        at java.util.concurrent.LinkedBlockingQueue.poll(LinkedBlockingQueue.java:467)
        at org.apache.hadoop.ipc.CallQueueManager.take(CallQueueManager.java:317)
        at org.apache.hadoop.ipc.Server$Handler.run(Server.java:2932)
"IPC Server idle connection scanner for port 32893" daemon prio=5 tid=4559 timed_waiting
java.lang.Thread.State: TIMED_WAITING
        at java.lang.Object.wait(Native Method)
        at java.util.TimerThread.mainLoop(Timer.java:552)
        at java.util.TimerThread.run(Timer.java:505)
"IPC Parameter Sending Thread #0" daemon prio=5 tid=108 timed_waiting
java.lang.Thread.State: TIMED_WAITING
        at sun.misc.Unsafe.park(Native Method)
        at java.util.concurrent.locks.LockSupport.parkNanos(LockSupport.java:215)
        at java.util.concurrent.SynchronousQueue$TransferStack.awaitFulfill(SynchronousQueue.java:460)
        at java.util.concurrent.SynchronousQueue$TransferStack.transfer(SynchronousQueue.java:362)
        at java.util.concurrent.SynchronousQueue.poll(SynchronousQueue.java:941)
        at java.util.concurrent.ThreadPoolExecutor.getTask(ThreadPoolExecutor.java:1073)
        at java.util.concurrent.ThreadPoolExecutor.runWorker(ThreadPoolExecutor.java:1134)
        at java.util.concurrent.ThreadPoolExecutor$Worker.run(ThreadPoolExecutor.java:624)
        at java.lang.Thread.run(Thread.java:748)
"IPC Server handler 10 on default port 46143" daemon prio=5 tid=4582 timed_waiting
java.lang.Thread.State: TIMED_WAITING
        at sun.misc.Unsafe.park(Native Method)
        at java.util.concurrent.locks.LockSupport.parkNanos(LockSupport.java:215)
        at java.util.concurrent.locks.AbstractQueuedSynchronizer$ConditionObject.awaitNanos(AbstractQueuedSynchronizer.java:2078)
        at java.util.concurrent.LinkedBlockingQueue.poll(LinkedBlockingQueue.java:467)
        at org.apache.hadoop.ipc.CallQueueManager.take(CallQueueManager.java:317)
        at org.apache.hadoop.ipc.Server$Handler.run(Server.java:2932)
"IPC Server handler 3 on default port 46143" daemon prio=5 tid=4575 timed_waiting
java.lang.Thread.State: TIMED_WAITING
        at sun.misc.Unsafe.park(Native Method)
        at java.util.concurrent.locks.LockSupport.parkNanos(LockSupport.java:215)
        at java.util.concurrent.locks.AbstractQueuedSynchronizer$ConditionObject.awaitNanos(AbstractQueuedSynchronizer.java:2078)
        at java.util.concurrent.LinkedBlockingQueue.poll(LinkedBlockingQueue.java:467)
        at org.apache.hadoop.ipc.CallQueueManager.take(CallQueueManager.java:317)
        at org.apache.hadoop.ipc.Server$Handler.run(Server.java:2932)
"Finalizer" daemon prio=8 tid=3 in Object.wait()
java.lang.Thread.State: WAITING (on object monitor)
        at java.lang.Object.wait(Native Method)
        at java.lang.ref.ReferenceQueue.remove(ReferenceQueue.java:144)
        at java.lang.ref.ReferenceQueue.remove(ReferenceQueue.java:165)
        at java.lang.ref.Finalizer$FinalizerThread.run(Finalizer.java:216)
"PartialTableCache Cleanup Thread - 0" daemon prio=5 tid=7368 in Object.wait()
java.lang.Thread.State: WAITING (on object monitor)
        at sun.misc.Unsafe.park(Native Method)
        at java.util.concurrent.locks.LockSupport.park(LockSupport.java:175)
        at java.util.concurrent.locks.AbstractQueuedSynchronizer$ConditionObject.await(AbstractQueuedSynchronizer.java:2039)
        at java.util.concurrent.LinkedBlockingQueue.take(LinkedBlockingQueue.java:442)
        at java.util.concurrent.ThreadPoolExecutor.getTask(ThreadPoolExecutor.java:1074)
        at java.util.concurrent.ThreadPoolExecutor.runWorker(ThreadPoolExecutor.java:1134)
        at java.util.concurrent.ThreadPoolExecutor$Worker.run(ThreadPoolExecutor.java:624)
        at java.lang.Thread.run(Thread.java:748)
"BlockDeletingService#1" daemon prio=5 tid=4777 in Object.wait()
java.lang.Thread.State: WAITING (on object monitor)
        at sun.misc.Unsafe.park(Native Method)
        at java.util.concurrent.locks.LockSupport.park(LockSupport.java:175)
        at java.util.concurrent.locks.AbstractQueuedSynchronizer$ConditionObject.await(AbstractQueuedSynchronizer.java:2039)
        at java.util.concurrent.ScheduledThreadPoolExecutor$DelayedWorkQueue.take(ScheduledThreadPoolExecutor.java:1088)
        at java.util.concurrent.ScheduledThreadPoolExecutor$DelayedWorkQueue.take(ScheduledThreadPoolExecutor.java:809)
        at java.util.concurrent.ThreadPoolExecutor.getTask(ThreadPoolExecutor.java:1074)
        at java.util.concurrent.ThreadPoolExecutor.runWorker(ThreadPoolExecutor.java:1134)
        at java.util.concurrent.ThreadPoolExecutor$Worker.run(ThreadPoolExecutor.java:624)
        at java.lang.Thread.run(Thread.java:748)
"IPC Server handler 11 on default port 32925" daemon prio=5 tid=4681 timed_waiting
java.lang.Thread.State: TIMED_WAITING
        at sun.misc.Unsafe.park(Native Method)
        at java.util.concurrent.locks.LockSupport.parkNanos(LockSupport.java:215)
        at java.util.concurrent.locks.AbstractQueuedSynchronizer$ConditionObject.awaitNanos(AbstractQueuedSynchronizer.java:2078)
        at java.util.concurrent.LinkedBlockingQueue.poll(LinkedBlockingQueue.java:467)
        at org.apache.hadoop.ipc.CallQueueManager.take(CallQueueManager.java:317)
        at org.apache.hadoop.ipc.Server$Handler.run(Server.java:2932)
"pool-467-thread-1"  prio=5 tid=4913 in Object.wait()
java.lang.Thread.State: WAITING (on object monitor)
        at sun.misc.Unsafe.park(Native Method)
        at java.util.concurrent.locks.LockSupport.park(LockSupport.java:175)
        at java.util.concurrent.locks.AbstractQueuedSynchronizer$ConditionObject.await(AbstractQueuedSynchronizer.java:2039)
        at java.util.concurrent.LinkedBlockingQueue.take(LinkedBlockingQueue.java:442)
        at java.util.concurrent.ThreadPoolExecutor.getTask(ThreadPoolExecutor.java:1074)
        at java.util.concurrent.ThreadPoolExecutor.runWorker(ThreadPoolExecutor.java:1134)
        at java.util.concurrent.ThreadPoolExecutor$Worker.run(ThreadPoolExecutor.java:624)
        at java.lang.Thread.run(Thread.java:748)
"IPC Server handler 16 on default port 32925" daemon prio=5 tid=4686 timed_waiting
java.lang.Thread.State: TIMED_WAITING
        at sun.misc.Unsafe.park(Native Method)
        at java.util.concurrent.locks.LockSupport.parkNanos(LockSupport.java:215)
        at java.util.concurrent.locks.AbstractQueuedSynchronizer$ConditionObject.awaitNanos(AbstractQueuedSynchronizer.java:2078)
        at java.util.concurrent.LinkedBlockingQueue.poll(LinkedBlockingQueue.java:467)
        at org.apache.hadoop.ipc.CallQueueManager.take(CallQueueManager.java:317)
        at org.apache.hadoop.ipc.Server$Handler.run(Server.java:2932)
"IPC Server handler 8 on default port 46143" daemon prio=5 tid=4580 timed_waiting
java.lang.Thread.State: TIMED_WAITING
        at sun.misc.Unsafe.park(Native Method)
        at java.util.concurrent.locks.LockSupport.parkNanos(LockSupport.java:215)
        at java.util.concurrent.locks.AbstractQueuedSynchronizer$ConditionObject.awaitNanos(AbstractQueuedSynchronizer.java:2078)
        at java.util.concurrent.LinkedBlockingQueue.poll(LinkedBlockingQueue.java:467)
        at org.apache.hadoop.ipc.CallQueueManager.take(CallQueueManager.java:317)
        at org.apache.hadoop.ipc.Server$Handler.run(Server.java:2932)
"om1@group-C5BA1605619E-LeaderStateImpl" daemon prio=5 tid=4708 timed_waiting
java.lang.Thread.State: TIMED_WAITING
        at sun.misc.Unsafe.park(Native Method)
        at java.util.concurrent.locks.LockSupport.parkNanos(LockSupport.java:215)
        at java.util.concurrent.locks.AbstractQueuedSynchronizer$ConditionObject.awaitNanos(AbstractQueuedSynchronizer.java:2078)
        at java.util.concurrent.ArrayBlockingQueue.poll(ArrayBlockingQueue.java:418)
        at org.apache.ratis.server.impl.LeaderStateImpl$EventQueue.poll(LeaderStateImpl.java:155)
        at org.apache.ratis.server.impl.LeaderStateImpl$EventProcessor.run(LeaderStateImpl.java:587)
"EventQueue-CloseContainerForCloseContainerEventHandler"  prio=5 tid=7373 in Object.wait()
java.lang.Thread.State: WAITING (on object monitor)
        at sun.misc.Unsafe.park(Native Method)
        at java.util.concurrent.locks.LockSupport.park(LockSupport.java:175)
        at java.util.concurrent.locks.AbstractQueuedSynchronizer$ConditionObject.await(AbstractQueuedSynchronizer.java:2039)
        at java.util.concurrent.LinkedBlockingQueue.take(LinkedBlockingQueue.java:442)
        at java.util.concurrent.ThreadPoolExecutor.getTask(ThreadPoolExecutor.java:1074)
        at java.util.concurrent.ThreadPoolExecutor.runWorker(ThreadPoolExecutor.java:1134)
        at java.util.concurrent.ThreadPoolExecutor$Worker.run(ThreadPoolExecutor.java:624)
        at java.lang.Thread.run(Thread.java:748)
"Socket Reader #1 for port 0"  prio=5 tid=4650 runnable
java.lang.Thread.State: RUNNABLE
        at sun.nio.ch.EPollArrayWrapper.epollWait(Native Method)
        at sun.nio.ch.EPollArrayWrapper.poll(EPollArrayWrapper.java:269)
        at sun.nio.ch.EPollSelectorImpl.doSelect(EPollSelectorImpl.java:93)
        at sun.nio.ch.SelectorImpl.lockAndDoSelect(SelectorImpl.java:86)
        at sun.nio.ch.SelectorImpl.select(SelectorImpl.java:97)
        at sun.nio.ch.SelectorImpl.select(SelectorImpl.java:101)
        at org.apache.hadoop.ipc.Server$Listener$Reader.doRunLoop(Server.java:1288)
        at org.apache.hadoop.ipc.Server$Listener$Reader.run(Server.java:1267)
"BlockDeletingService#3" daemon prio=5 tid=4779 in Object.wait()
java.lang.Thread.State: WAITING (on object monitor)
        at sun.misc.Unsafe.park(Native Method)
        at java.util.concurrent.locks.LockSupport.park(LockSupport.java:175)
        at java.util.concurrent.locks.AbstractQueuedSynchronizer$ConditionObject.await(AbstractQueuedSynchronizer.java:2039)
        at java.util.concurrent.ScheduledThreadPoolExecutor$DelayedWorkQueue.take(ScheduledThreadPoolExecutor.java:1088)
        at java.util.concurrent.ScheduledThreadPoolExecutor$DelayedWorkQueue.take(ScheduledThreadPoolExecutor.java:809)
        at java.util.concurrent.ThreadPoolExecutor.getTask(ThreadPoolExecutor.java:1074)
        at java.util.concurrent.ThreadPoolExecutor.runWorker(ThreadPoolExecutor.java:1134)
        at java.util.concurrent.ThreadPoolExecutor$Worker.run(ThreadPoolExecutor.java:624)
        at java.lang.Thread.run(Thread.java:748)
"IPC Server handler 11 on default port 43321" daemon prio=5 tid=4603 timed_waiting
java.lang.Thread.State: TIMED_WAITING
        at sun.misc.Unsafe.park(Native Method)
        at java.util.concurrent.locks.LockSupport.parkNanos(LockSupport.java:215)
        at java.util.concurrent.locks.AbstractQueuedSynchronizer$ConditionObject.awaitNanos(AbstractQueuedSynchronizer.java:2078)
        at java.util.concurrent.LinkedBlockingQueue.poll(LinkedBlockingQueue.java:467)
        at org.apache.hadoop.ipc.CallQueueManager.take(CallQueueManager.java:317)
        at org.apache.hadoop.ipc.Server$Handler.run(Server.java:2932)
"IPC Server handler 6 on default port 46143" daemon prio=5 tid=4578 timed_waiting
java.lang.Thread.State: TIMED_WAITING
        at sun.misc.Unsafe.park(Native Method)
        at java.util.concurrent.locks.LockSupport.parkNanos(LockSupport.java:215)
        at java.util.concurrent.locks.AbstractQueuedSynchronizer$ConditionObject.awaitNanos(AbstractQueuedSynchronizer.java:2078)
        at java.util.concurrent.LinkedBlockingQueue.poll(LinkedBlockingQueue.java:467)
        at org.apache.hadoop.ipc.CallQueueManager.take(CallQueueManager.java:317)
        at org.apache.hadoop.ipc.Server$Handler.run(Server.java:2932)
"IPC Server handler 19 on default port 43321" daemon prio=5 tid=4611 timed_waiting
java.lang.Thread.State: TIMED_WAITING
        at sun.misc.Unsafe.park(Native Method)
        at java.util.concurrent.locks.LockSupport.parkNanos(LockSupport.java:215)
        at java.util.concurrent.locks.AbstractQueuedSynchronizer$ConditionObject.awaitNanos(AbstractQueuedSynchronizer.java:2078)
        at java.util.concurrent.LinkedBlockingQueue.poll(LinkedBlockingQueue.java:467)
        at org.apache.hadoop.ipc.CallQueueManager.take(CallQueueManager.java:317)
        at org.apache.hadoop.ipc.Server$Handler.run(Server.java:2932)
"EventQueue-NewNodeForNewNodeHandler" daemon prio=5 tid=4817 in Object.wait()
java.lang.Thread.State: WAITING (on object monitor)
        at sun.misc.Unsafe.park(Native Method)
        at java.util.concurrent.locks.LockSupport.park(LockSupport.java:175)
        at java.util.concurrent.locks.AbstractQueuedSynchronizer$ConditionObject.await(AbstractQueuedSynchronizer.java:2039)
        at java.util.concurrent.LinkedBlockingQueue.take(LinkedBlockingQueue.java:442)
        at java.util.concurrent.ThreadPoolExecutor.getTask(ThreadPoolExecutor.java:1074)
        at java.util.concurrent.ThreadPoolExecutor.runWorker(ThreadPoolExecutor.java:1134)
        at java.util.concurrent.ThreadPoolExecutor$Worker.run(ThreadPoolExecutor.java:624)
        at java.lang.Thread.run(Thread.java:748)
"qtp342524388-4751-acceptor-0@3eec9f7f-ServerConnector@57b6b828{HTTP/1.1, (http/1.1)}{0.0.0.0:46135}" daemon prio=3 tid=4751 runnable
java.lang.Thread.State: RUNNABLE
        at sun.nio.ch.ServerSocketChannelImpl.accept0(Native Method)
        at sun.nio.ch.ServerSocketChannelImpl.accept(ServerSocketChannelImpl.java:421)
        at sun.nio.ch.ServerSocketChannelImpl.accept(ServerSocketChannelImpl.java:249)
        at org.eclipse.jetty.server.ServerConnector.accept(ServerConnector.java:388)
        at org.eclipse.jetty.server.AbstractConnector$Acceptor.run(AbstractConnector.java:702)
        at org.eclipse.jetty.util.thread.QueuedThreadPool.runJob(QueuedThreadPool.java:883)
        at org.eclipse.jetty.util.thread.QueuedThreadPool$Runner.run(QueuedThreadPool.java:1034)
        at java.lang.Thread.run(Thread.java:748)
"surefire-forkedjvm-command-thread" daemon prio=5 tid=9 runnable
java.lang.Thread.State: RUNNABLE
        at java.io.FileInputStream.readBytes(Native Method)
        at java.io.FileInputStream.read(FileInputStream.java:255)
        at java.io.BufferedInputStream.fill(BufferedInputStream.java:246)
        at java.io.BufferedInputStream.read(BufferedInputStream.java:265)
        at java.io.DataInputStream.readInt(DataInputStream.java:387)
        at org.apache.maven.surefire.booter.MasterProcessCommand.decode(MasterProcessCommand.java:115)
        at org.apache.maven.surefire.booter.CommandReader$CommandRunnable.run(CommandReader.java:390)
        at java.lang.Thread.run(Thread.java:748)
"Datanode ReportManager Thread - 0" daemon prio=5 tid=4760 timed_waiting
java.lang.Thread.State: TIMED_WAITING
        at sun.misc.Unsafe.park(Native Method)
        at java.util.concurrent.locks.LockSupport.parkNanos(LockSupport.java:215)
        at java.util.concurrent.locks.AbstractQueuedSynchronizer$ConditionObject.awaitNanos(AbstractQueuedSynchronizer.java:2078)
        at java.util.concurrent.ScheduledThreadPoolExecutor$DelayedWorkQueue.take(ScheduledThreadPoolExecutor.java:1093)
        at java.util.concurrent.ScheduledThreadPoolExecutor$DelayedWorkQueue.take(ScheduledThreadPoolExecutor.java:809)
        at java.util.concurrent.ThreadPoolExecutor.getTask(ThreadPoolExecutor.java:1074)
        at java.util.concurrent.ThreadPoolExecutor.runWorker(ThreadPoolExecutor.java:1134)
        at java.util.concurrent.ThreadPoolExecutor$Worker.run(ThreadPoolExecutor.java:624)
        at java.lang.Thread.run(Thread.java:748)
"pool-466-thread-8"  prio=5 tid=4960 in Object.wait()
java.lang.Thread.State: WAITING (on object monitor)
        at sun.misc.Unsafe.park(Native Method)
        at java.util.concurrent.locks.LockSupport.park(LockSupport.java:175)
        at java.util.concurrent.locks.AbstractQueuedSynchronizer$ConditionObject.await(AbstractQueuedSynchronizer.java:2039)
        at java.util.concurrent.LinkedBlockingQueue.take(LinkedBlockingQueue.java:442)
        at java.util.concurrent.ThreadPoolExecutor.getTask(ThreadPoolExecutor.java:1074)
        at java.util.concurrent.ThreadPoolExecutor.runWorker(ThreadPoolExecutor.java:1134)
        at java.util.concurrent.ThreadPoolExecutor$Worker.run(ThreadPoolExecutor.java:624)
        at java.lang.Thread.run(Thread.java:748)
"qtp834390584-4662-acceptor-0@748d25ce-ServerConnector@6a5fcb32{HTTP/1.1, (http/1.1)}{0.0.0.0:37933}" daemon prio=3 tid=4662 runnable
java.lang.Thread.State: RUNNABLE
        at sun.nio.ch.ServerSocketChannelImpl.accept0(Native Method)
        at sun.nio.ch.ServerSocketChannelImpl.accept(ServerSocketChannelImpl.java:421)
        at sun.nio.ch.ServerSocketChannelImpl.accept(ServerSocketChannelImpl.java:249)
        at org.eclipse.jetty.server.ServerConnector.accept(ServerConnector.java:388)
        at org.eclipse.jetty.server.AbstractConnector$Acceptor.run(AbstractConnector.java:702)
        at org.eclipse.jetty.util.thread.QueuedThreadPool.runJob(QueuedThreadPool.java:883)
        at org.eclipse.jetty.util.thread.QueuedThreadPool$Runner.run(QueuedThreadPool.java:1034)
        at java.lang.Thread.run(Thread.java:748)
"IPC Server handler 7 on default port 43321" daemon prio=5 tid=4599 timed_waiting
java.lang.Thread.State: TIMED_WAITING
        at sun.misc.Unsafe.park(Native Method)
        at java.util.concurrent.locks.LockSupport.parkNanos(LockSupport.java:215)
        at java.util.concurrent.locks.AbstractQueuedSynchronizer$ConditionObject.awaitNanos(AbstractQueuedSynchronizer.java:2078)
        at java.util.concurrent.LinkedBlockingQueue.poll(LinkedBlockingQueue.java:467)
        at org.apache.hadoop.ipc.CallQueueManager.take(CallQueueManager.java:317)
        at org.apache.hadoop.ipc.Server$Handler.run(Server.java:2932)
"qtp342524388-4755" daemon prio=5 tid=4755 timed_waiting
java.lang.Thread.State: TIMED_WAITING
        at sun.misc.Unsafe.park(Native Method)
        at java.util.concurrent.locks.LockSupport.parkNanos(LockSupport.java:215)
        at java.util.concurrent.locks.AbstractQueuedSynchronizer$ConditionObject.awaitNanos(AbstractQueuedSynchronizer.java:2078)
        at org.eclipse.jetty.util.BlockingArrayQueue.poll(BlockingArrayQueue.java:382)
        at org.eclipse.jetty.util.thread.QueuedThreadPool$Runner.idleJobPoll(QueuedThreadPool.java:974)
        at org.eclipse.jetty.util.thread.QueuedThreadPool$Runner.run(QueuedThreadPool.java:1018)
        at java.lang.Thread.run(Thread.java:748)
"pool-466-thread-5"  prio=5 tid=4945 in Object.wait()
java.lang.Thread.State: WAITING (on object monitor)
        at sun.misc.Unsafe.park(Native Method)
        at java.util.concurrent.locks.LockSupport.park(LockSupport.java:175)
        at java.util.concurrent.locks.AbstractQueuedSynchronizer$ConditionObject.await(AbstractQueuedSynchronizer.java:2039)
        at java.util.concurrent.LinkedBlockingQueue.take(LinkedBlockingQueue.java:442)
        at java.util.concurrent.ThreadPoolExecutor.getTask(ThreadPoolExecutor.java:1074)
        at java.util.concurrent.ThreadPoolExecutor.runWorker(ThreadPoolExecutor.java:1134)
        at java.util.concurrent.ThreadPoolExecutor$Worker.run(ThreadPoolExecutor.java:624)
        at java.lang.Thread.run(Thread.java:748)
"grpc-default-executor-4" daemon prio=5 tid=470 timed_waiting
java.lang.Thread.State: TIMED_WAITING
        at sun.misc.Unsafe.park(Native Method)
        at java.util.concurrent.locks.LockSupport.parkNanos(LockSupport.java:215)
        at java.util.concurrent.SynchronousQueue$TransferStack.awaitFulfill(SynchronousQueue.java:460)
        at java.util.concurrent.SynchronousQueue$TransferStack.transfer(SynchronousQueue.java:362)
        at java.util.concurrent.SynchronousQueue.poll(SynchronousQueue.java:941)
        at java.util.concurrent.ThreadPoolExecutor.getTask(ThreadPoolExecutor.java:1073)
        at java.util.concurrent.ThreadPoolExecutor.runWorker(ThreadPoolExecutor.java:1134)
        at java.util.concurrent.ThreadPoolExecutor$Worker.run(ThreadPoolExecutor.java:624)
        at java.lang.Thread.run(Thread.java:748)
"IPC Server listener on 0" daemon prio=5 tid=4649 runnable
java.lang.Thread.State: RUNNABLE
        at sun.nio.ch.EPollArrayWrapper.epollWait(Native Method)
        at sun.nio.ch.EPollArrayWrapper.poll(EPollArrayWrapper.java:269)
        at sun.nio.ch.EPollSelectorImpl.doSelect(EPollSelectorImpl.java:93)
        at sun.nio.ch.SelectorImpl.lockAndDoSelect(SelectorImpl.java:86)
        at sun.nio.ch.SelectorImpl.select(SelectorImpl.java:97)
        at sun.nio.ch.SelectorImpl.select(SelectorImpl.java:101)
        at org.apache.hadoop.ipc.Server$Listener.run(Server.java:1350)
"EventQueue-ContainerReportForContainerReportHandler" daemon prio=5 tid=4830 in Object.wait()
java.lang.Thread.State: WAITING (on object monitor)
        at sun.misc.Unsafe.park(Native Method)
        at java.util.concurrent.locks.LockSupport.park(LockSupport.java:175)
        at java.util.concurrent.locks.AbstractQueuedSynchronizer$ConditionObject.await(AbstractQueuedSynchronizer.java:2039)
        at java.util.concurrent.LinkedBlockingQueue.take(LinkedBlockingQueue.java:442)
        at java.util.concurrent.ThreadPoolExecutor.getTask(ThreadPoolExecutor.java:1074)
        at java.util.concurrent.ThreadPoolExecutor.runWorker(ThreadPoolExecutor.java:1134)
        at java.util.concurrent.ThreadPoolExecutor$Worker.run(ThreadPoolExecutor.java:624)
        at java.lang.Thread.run(Thread.java:748)
"EventQueue-NodeRegistrationContainerReportForContainerSafeModeRule" daemon prio=5 tid=4820 in Object.wait()
java.lang.Thread.State: WAITING (on object monitor)
        at sun.misc.Unsafe.park(Native Method)
        at java.util.concurrent.locks.LockSupport.park(LockSupport.java:175)
        at java.util.concurrent.locks.AbstractQueuedSynchronizer$ConditionObject.await(AbstractQueuedSynchronizer.java:2039)
        at java.util.concurrent.LinkedBlockingQueue.take(LinkedBlockingQueue.java:442)
        at java.util.concurrent.ThreadPoolExecutor.getTask(ThreadPoolExecutor.java:1074)
        at java.util.concurrent.ThreadPoolExecutor.runWorker(ThreadPoolExecutor.java:1134)
        at java.util.concurrent.ThreadPoolExecutor$Worker.run(ThreadPoolExecutor.java:624)
        at java.lang.Thread.run(Thread.java:748)
"IPC Server handler 17 on default port 43321" daemon prio=5 tid=4609 timed_waiting
java.lang.Thread.State: TIMED_WAITING
        at sun.misc.Unsafe.park(Native Method)
        at java.util.concurrent.locks.LockSupport.parkNanos(LockSupport.java:215)
        at java.util.concurrent.locks.AbstractQueuedSynchronizer$ConditionObject.awaitNanos(AbstractQueuedSynchronizer.java:2078)
        at java.util.concurrent.LinkedBlockingQueue.poll(LinkedBlockingQueue.java:467)
        at org.apache.hadoop.ipc.CallQueueManager.take(CallQueueManager.java:317)
        at org.apache.hadoop.ipc.Server$Handler.run(Server.java:2932)
"org.apache.ratis.util.JvmPauseMonitor$$Lambda$531/524014602@7f4c06c7" daemon prio=5 tid=4807 timed_waiting
java.lang.Thread.State: TIMED_WAITING
        at java.lang.Thread.sleep(Native Method)
        at java.lang.Thread.sleep(Thread.java:340)
        at java.util.concurrent.TimeUnit.sleep(TimeUnit.java:386)
        at org.apache.ratis.util.TimeDuration.sleep(TimeDuration.java:324)
        at org.apache.ratis.util.TimeDuration.sleep(TimeDuration.java:309)
        at org.apache.ratis.util.JvmPauseMonitor.detectPause(JvmPauseMonitor.java:117)
        at org.apache.ratis.util.JvmPauseMonitor.run(JvmPauseMonitor.java:106)
        at org.apache.ratis.util.JvmPauseMonitor$$Lambda$531/524014602.run(Unknown Source)
        at java.lang.Thread.run(Thread.java:748)
"pool-466-thread-9"  prio=5 tid=4964 in Object.wait()
java.lang.Thread.State: WAITING (on object monitor)
        at sun.misc.Unsafe.park(Native Method)
        at java.util.concurrent.locks.LockSupport.park(LockSupport.java:175)
        at java.util.concurrent.locks.AbstractQueuedSynchronizer$ConditionObject.await(AbstractQueuedSynchronizer.java:2039)
        at java.util.concurrent.LinkedBlockingQueue.take(LinkedBlockingQueue.java:442)
        at java.util.concurrent.ThreadPoolExecutor.getTask(ThreadPoolExecutor.java:1074)
        at java.util.concurrent.ThreadPoolExecutor.runWorker(ThreadPoolExecutor.java:1134)
        at java.util.concurrent.ThreadPoolExecutor$Worker.run(ThreadPoolExecutor.java:624)
        at java.lang.Thread.run(Thread.java:748)
"Datanode ReportManager Thread - 4" daemon prio=5 tid=4739 in Object.wait()
java.lang.Thread.State: WAITING (on object monitor)
        at sun.misc.Unsafe.park(Native Method)
        at java.util.concurrent.locks.LockSupport.park(LockSupport.java:175)
        at java.util.concurrent.locks.AbstractQueuedSynchronizer$ConditionObject.await(AbstractQueuedSynchronizer.java:2039)
        at java.util.concurrent.ScheduledThreadPoolExecutor$DelayedWorkQueue.take(ScheduledThreadPoolExecutor.java:1088)
        at java.util.concurrent.ScheduledThreadPoolExecutor$DelayedWorkQueue.take(ScheduledThreadPoolExecutor.java:809)
        at java.util.concurrent.ThreadPoolExecutor.getTask(ThreadPoolExecutor.java:1074)
        at java.util.concurrent.ThreadPoolExecutor.runWorker(ThreadPoolExecutor.java:1134)
        at java.util.concurrent.ThreadPoolExecutor$Worker.run(ThreadPoolExecutor.java:624)
        at java.lang.Thread.run(Thread.java:748)
"IPC Server handler 8 on default port 32893" daemon prio=5 tid=4620 timed_waiting
java.lang.Thread.State: TIMED_WAITING
        at sun.misc.Unsafe.park(Native Method)
        at java.util.concurrent.locks.LockSupport.parkNanos(LockSupport.java:215)
        at java.util.concurrent.locks.AbstractQueuedSynchronizer$ConditionObject.awaitNanos(AbstractQueuedSynchronizer.java:2078)
        at java.util.concurrent.LinkedBlockingQueue.poll(LinkedBlockingQueue.java:467)
        at org.apache.hadoop.ipc.CallQueueManager.take(CallQueueManager.java:317)
        at org.apache.hadoop.ipc.Server$Handler.run(Server.java:2932)
"qtp580779646-4636-acceptor-0@7ab2aee9-ServerConnector@69eb668b{HTTP/1.1, (http/1.1)}{0.0.0.0:40641}" daemon prio=3 tid=4636 runnable
java.lang.Thread.State: RUNNABLE
        at sun.nio.ch.ServerSocketChannelImpl.accept0(Native Method)
        at sun.nio.ch.ServerSocketChannelImpl.accept(ServerSocketChannelImpl.java:421)
        at sun.nio.ch.ServerSocketChannelImpl.accept(ServerSocketChannelImpl.java:249)
        at org.eclipse.jetty.server.ServerConnector.accept(ServerConnector.java:388)
        at org.eclipse.jetty.server.AbstractConnector$Acceptor.run(AbstractConnector.java:702)
        at org.eclipse.jetty.util.thread.QueuedThreadPool.runJob(QueuedThreadPool.java:883)
        at org.eclipse.jetty.util.thread.QueuedThreadPool$Runner.run(QueuedThreadPool.java:1034)
        at java.lang.Thread.run(Thread.java:748)
"org.apache.hadoop.ozone.container.common.statemachine.commandhandler.DeleteBlocksCommandHandler$DeleteCmdWorker@2cacda88" daemon prio=5 tid=4419 runnable
java.lang.Thread.State: RUNNABLE
        at java.lang.Thread.sleep(Native Method)
        at org.apache.hadoop.ozone.container.common.statemachine.commandhandler.DeleteBlocksCommandHandler$DeleteCmdWorker.run(DeleteBlocksCommandHandler.java:174)
        at java.lang.Thread.run(Thread.java:748)
"pool-465-thread-5"  prio=5 tid=4931 in Object.wait()
java.lang.Thread.State: WAITING (on object monitor)
        at sun.misc.Unsafe.park(Native Method)
        at java.util.concurrent.locks.LockSupport.park(LockSupport.java:175)
        at java.util.concurrent.locks.AbstractQueuedSynchronizer$ConditionObject.await(AbstractQueuedSynchronizer.java:2039)
        at java.util.concurrent.LinkedBlockingQueue.take(LinkedBlockingQueue.java:442)
        at java.util.concurrent.ThreadPoolExecutor.getTask(ThreadPoolExecutor.java:1074)
        at java.util.concurrent.ThreadPoolExecutor.runWorker(ThreadPoolExecutor.java:1134)
        at java.util.concurrent.ThreadPoolExecutor$Worker.run(ThreadPoolExecutor.java:624)
        at java.lang.Thread.run(Thread.java:748)
"pool-466-thread-4"  prio=5 tid=4922 in Object.wait()
java.lang.Thread.State: WAITING (on object monitor)
        at sun.misc.Unsafe.park(Native Method)
        at java.util.concurrent.locks.LockSupport.park(LockSupport.java:175)
        at java.util.concurrent.locks.AbstractQueuedSynchronizer$ConditionObject.await(AbstractQueuedSynchronizer.java:2039)
        at java.util.concurrent.LinkedBlockingQueue.take(LinkedBlockingQueue.java:442)
        at java.util.concurrent.ThreadPoolExecutor.getTask(ThreadPoolExecutor.java:1074)
        at java.util.concurrent.ThreadPoolExecutor.runWorker(ThreadPoolExecutor.java:1134)
        at java.util.concurrent.ThreadPoolExecutor$Worker.run(ThreadPoolExecutor.java:624)
        at java.lang.Thread.run(Thread.java:748)
"IPC Server handler 9 on default port 43321" daemon prio=5 tid=4601 timed_waiting
java.lang.Thread.State: TIMED_WAITING
        at sun.misc.Unsafe.park(Native Method)
        at java.util.concurrent.locks.LockSupport.parkNanos(LockSupport.java:215)
        at java.util.concurrent.locks.AbstractQueuedSynchronizer$ConditionObject.awaitNanos(AbstractQueuedSynchronizer.java:2078)
        at java.util.concurrent.LinkedBlockingQueue.poll(LinkedBlockingQueue.java:467)
        at org.apache.hadoop.ipc.CallQueueManager.take(CallQueueManager.java:317)
        at org.apache.hadoop.ipc.Server$Handler.run(Server.java:2932)
"IPC Server handler 15 on default port 46143" daemon prio=5 tid=4587 timed_waiting
java.lang.Thread.State: TIMED_WAITING
        at sun.misc.Unsafe.park(Native Method)
        at java.util.concurrent.locks.LockSupport.parkNanos(LockSupport.java:215)
        at java.util.concurrent.locks.AbstractQueuedSynchronizer$ConditionObject.awaitNanos(AbstractQueuedSynchronizer.java:2078)
        at java.util.concurrent.LinkedBlockingQueue.poll(LinkedBlockingQueue.java:467)
        at org.apache.hadoop.ipc.CallQueueManager.take(CallQueueManager.java:317)
        at org.apache.hadoop.ipc.Server$Handler.run(Server.java:2932)
"RatisPipelineUtilsThread - 0"  prio=5 tid=4554 timed_waiting
java.lang.Thread.State: TIMED_WAITING
        at java.lang.Object.wait(Native Method)
        at org.apache.hadoop.hdds.scm.pipeline.BackgroundPipelineCreatorV2.run(BackgroundPipelineCreatorV2.java:183)
        at org.apache.hadoop.hdds.scm.pipeline.BackgroundPipelineCreatorV2$$Lambda$239/1032689422.run(Unknown Source)
        at java.lang.Thread.run(Thread.java:748)
"IPC Server handler 3 on default port 43321" daemon prio=5 tid=4595 timed_waiting
java.lang.Thread.State: TIMED_WAITING
        at sun.misc.Unsafe.park(Native Method)
        at java.util.concurrent.locks.LockSupport.parkNanos(LockSupport.java:215)
        at java.util.concurrent.locks.AbstractQueuedSynchronizer$ConditionObject.awaitNanos(AbstractQueuedSynchronizer.java:2078)
        at java.util.concurrent.LinkedBlockingQueue.poll(LinkedBlockingQueue.java:467)
        at org.apache.hadoop.ipc.CallQueueManager.take(CallQueueManager.java:317)
        at org.apache.hadoop.ipc.Server$Handler.run(Server.java:2932)
"IPC Server handler 6 on default port 32925" daemon prio=5 tid=4676 timed_waiting
java.lang.Thread.State: TIMED_WAITING
        at sun.misc.Unsafe.park(Native Method)
        at java.util.concurrent.locks.LockSupport.parkNanos(LockSupport.java:215)
        at java.util.concurrent.locks.AbstractQueuedSynchronizer$ConditionObject.awaitNanos(AbstractQueuedSynchronizer.java:2078)
        at java.util.concurrent.LinkedBlockingQueue.poll(LinkedBlockingQueue.java:467)
        at org.apache.hadoop.ipc.CallQueueManager.take(CallQueueManager.java:317)
        at org.apache.hadoop.ipc.Server$Handler.run(Server.java:2932)
"FullTableCache Cleanup Thread - 0" daemon prio=5 tid=345 in Object.wait()
java.lang.Thread.State: WAITING (on object monitor)
        at sun.misc.Unsafe.park(Native Method)
        at java.util.concurrent.locks.LockSupport.park(LockSupport.java:175)
        at java.util.concurrent.locks.AbstractQueuedSynchronizer$ConditionObject.await(AbstractQueuedSynchronizer.java:2039)
        at java.util.concurrent.LinkedBlockingQueue.take(LinkedBlockingQueue.java:442)
        at java.util.concurrent.ThreadPoolExecutor.getTask(ThreadPoolExecutor.java:1074)
        at java.util.concurrent.ThreadPoolExecutor.runWorker(ThreadPoolExecutor.java:1134)
        at java.util.concurrent.ThreadPoolExecutor$Worker.run(ThreadPoolExecutor.java:624)
        at java.lang.Thread.run(Thread.java:748)
"grpc-default-executor-2" daemon prio=5 tid=349 timed_waiting
java.lang.Thread.State: TIMED_WAITING
        at sun.misc.Unsafe.park(Native Method)
        at java.util.concurrent.locks.LockSupport.parkNanos(LockSupport.java:215)
        at java.util.concurrent.SynchronousQueue$TransferStack.awaitFulfill(SynchronousQueue.java:460)
        at java.util.concurrent.SynchronousQueue$TransferStack.transfer(SynchronousQueue.java:362)
        at java.util.concurrent.SynchronousQueue.poll(SynchronousQueue.java:941)
        at java.util.concurrent.ThreadPoolExecutor.getTask(ThreadPoolExecutor.java:1073)
        at java.util.concurrent.ThreadPoolExecutor.runWorker(ThreadPoolExecutor.java:1134)
        at java.util.concurrent.ThreadPoolExecutor$Worker.run(ThreadPoolExecutor.java:624)
        at java.lang.Thread.run(Thread.java:748)
"BlockDeletingService#6" daemon prio=5 tid=4782 in Object.wait()
java.lang.Thread.State: WAITING (on object monitor)
        at sun.misc.Unsafe.park(Native Method)
        at java.util.concurrent.locks.LockSupport.park(LockSupport.java:175)
        at java.util.concurrent.locks.AbstractQueuedSynchronizer$ConditionObject.await(AbstractQueuedSynchronizer.java:2039)
        at java.util.concurrent.ScheduledThreadPoolExecutor$DelayedWorkQueue.take(ScheduledThreadPoolExecutor.java:1088)
        at java.util.concurrent.ScheduledThreadPoolExecutor$DelayedWorkQueue.take(ScheduledThreadPoolExecutor.java:809)
        at java.util.concurrent.ThreadPoolExecutor.getTask(ThreadPoolExecutor.java:1074)
        at java.util.concurrent.ThreadPoolExecutor.runWorker(ThreadPoolExecutor.java:1134)
        at java.util.concurrent.ThreadPoolExecutor$Worker.run(ThreadPoolExecutor.java:624)
        at java.lang.Thread.run(Thread.java:748)
"EndpointStateMachine task thread for /0.0.0.0:45017 - 0 "  prio=5 tid=3827 in Object.wait()
java.lang.Thread.State: WAITING (on object monitor)
        at sun.misc.Unsafe.park(Native Method)
        at java.util.concurrent.locks.LockSupport.park(LockSupport.java:175)
        at java.util.concurrent.locks.AbstractQueuedSynchronizer$ConditionObject.await(AbstractQueuedSynchronizer.java:2039)
        at java.util.concurrent.LinkedBlockingQueue.take(LinkedBlockingQueue.java:442)
        at java.util.concurrent.ThreadPoolExecutor.getTask(ThreadPoolExecutor.java:1074)
        at java.util.concurrent.ThreadPoolExecutor.runWorker(ThreadPoolExecutor.java:1134)
        at java.util.concurrent.ThreadPoolExecutor$Worker.run(ThreadPoolExecutor.java:624)
        at java.lang.Thread.run(Thread.java:748)
"Session-HouseKeeper-1339f9e0-1"  prio=5 tid=4706 timed_waiting
java.lang.Thread.State: TIMED_WAITING
        at sun.misc.Unsafe.park(Native Method)
        at java.util.concurrent.locks.LockSupport.parkNanos(LockSupport.java:215)
        at java.util.concurrent.locks.AbstractQueuedSynchronizer$ConditionObject.awaitNanos(AbstractQueuedSynchronizer.java:2078)
        at java.util.concurrent.ScheduledThreadPoolExecutor$DelayedWorkQueue.take(ScheduledThreadPoolExecutor.java:1093)
        at java.util.concurrent.ScheduledThreadPoolExecutor$DelayedWorkQueue.take(ScheduledThreadPoolExecutor.java:809)
        at java.util.concurrent.ThreadPoolExecutor.getTask(ThreadPoolExecutor.java:1074)
        at java.util.concurrent.ThreadPoolExecutor.runWorker(ThreadPoolExecutor.java:1134)
        at java.util.concurrent.ThreadPoolExecutor$Worker.run(ThreadPoolExecutor.java:624)
        at java.lang.Thread.run(Thread.java:748)
"FullTableCache Cleanup Thread - 0" daemon prio=5 tid=4888 in Object.wait()
java.lang.Thread.State: WAITING (on object monitor)
        at sun.misc.Unsafe.park(Native Method)
        at java.util.concurrent.locks.LockSupport.park(LockSupport.java:175)
        at java.util.concurrent.locks.AbstractQueuedSynchronizer$ConditionObject.await(AbstractQueuedSynchronizer.java:2039)
        at java.util.concurrent.LinkedBlockingQueue.take(LinkedBlockingQueue.java:442)
        at java.util.concurrent.ThreadPoolExecutor.getTask(ThreadPoolExecutor.java:1074)
        at java.util.concurrent.ThreadPoolExecutor.runWorker(ThreadPoolExecutor.java:1134)
        at java.util.concurrent.ThreadPoolExecutor$Worker.run(ThreadPoolExecutor.java:624)
        at java.lang.Thread.run(Thread.java:748)
"BlockDeletingService#4" daemon prio=5 tid=4797 in Object.wait()
java.lang.Thread.State: WAITING (on object monitor)
        at sun.misc.Unsafe.park(Native Method)
        at java.util.concurrent.locks.LockSupport.park(LockSupport.java:175)
        at java.util.concurrent.locks.AbstractQueuedSynchronizer$ConditionObject.await(AbstractQueuedSynchronizer.java:2039)
        at java.util.concurrent.ScheduledThreadPoolExecutor$DelayedWorkQueue.take(ScheduledThreadPoolExecutor.java:1088)
        at java.util.concurrent.ScheduledThreadPoolExecutor$DelayedWorkQueue.take(ScheduledThreadPoolExecutor.java:809)
        at java.util.concurrent.ThreadPoolExecutor.getTask(ThreadPoolExecutor.java:1074)
        at java.util.concurrent.ThreadPoolExecutor.runWorker(ThreadPoolExecutor.java:1134)
        at java.util.concurrent.ThreadPoolExecutor$Worker.run(ThreadPoolExecutor.java:624)
        at java.lang.Thread.run(Thread.java:748)
"BlockDeletingService#4" daemon prio=5 tid=4780 in Object.wait()
java.lang.Thread.State: WAITING (on object monitor)
        at sun.misc.Unsafe.park(Native Method)
        at java.util.concurrent.locks.LockSupport.park(LockSupport.java:175)
        at java.util.concurrent.locks.AbstractQueuedSynchronizer$ConditionObject.await(AbstractQueuedSynchronizer.java:2039)
        at java.util.concurrent.ScheduledThreadPoolExecutor$DelayedWorkQueue.take(ScheduledThreadPoolExecutor.java:1088)
        at java.util.concurrent.ScheduledThreadPoolExecutor$DelayedWorkQueue.take(ScheduledThreadPoolExecutor.java:809)
        at java.util.concurrent.ThreadPoolExecutor.getTask(ThreadPoolExecutor.java:1074)
        at java.util.concurrent.ThreadPoolExecutor.runWorker(ThreadPoolExecutor.java:1134)
        at java.util.concurrent.ThreadPoolExecutor$Worker.run(ThreadPoolExecutor.java:624)
        at java.lang.Thread.run(Thread.java:748)
"qtp342524388-4756" daemon prio=5 tid=4756 timed_waiting
java.lang.Thread.State: TIMED_WAITING
        at sun.misc.Unsafe.park(Native Method)
        at java.util.concurrent.locks.LockSupport.parkNanos(LockSupport.java:215)
        at java.util.concurrent.locks.AbstractQueuedSynchronizer$ConditionObject.awaitNanos(AbstractQueuedSynchronizer.java:2078)
        at org.eclipse.jetty.util.BlockingArrayQueue.poll(BlockingArrayQueue.java:382)
        at org.eclipse.jetty.util.thread.QueuedThreadPool$Runner.idleJobPoll(QueuedThreadPool.java:974)
        at org.eclipse.jetty.util.thread.QueuedThreadPool$Runner.run(QueuedThreadPool.java:1018)
        at java.lang.Thread.run(Thread.java:748)
"BlockDeletingService#7" daemon prio=5 tid=4806 in Object.wait()
java.lang.Thread.State: WAITING (on object monitor)
        at sun.misc.Unsafe.park(Native Method)
        at java.util.concurrent.locks.LockSupport.park(LockSupport.java:175)
        at java.util.concurrent.locks.AbstractQueuedSynchronizer$ConditionObject.await(AbstractQueuedSynchronizer.java:2039)
        at java.util.concurrent.ScheduledThreadPoolExecutor$DelayedWorkQueue.take(ScheduledThreadPoolExecutor.java:1088)
        at java.util.concurrent.ScheduledThreadPoolExecutor$DelayedWorkQueue.take(ScheduledThreadPoolExecutor.java:809)
        at java.util.concurrent.ThreadPoolExecutor.getTask(ThreadPoolExecutor.java:1074)
        at java.util.concurrent.ThreadPoolExecutor.runWorker(ThreadPoolExecutor.java:1134)
        at java.util.concurrent.ThreadPoolExecutor$Worker.run(ThreadPoolExecutor.java:624)
        at java.lang.Thread.run(Thread.java:748)
"IPC Server handler 5 on default port 46143" daemon prio=5 tid=4577 timed_waiting
java.lang.Thread.State: TIMED_WAITING
        at sun.misc.Unsafe.park(Native Method)
        at java.util.concurrent.locks.LockSupport.parkNanos(LockSupport.java:215)
        at java.util.concurrent.locks.AbstractQueuedSynchronizer$ConditionObject.awaitNanos(AbstractQueuedSynchronizer.java:2078)
        at java.util.concurrent.LinkedBlockingQueue.poll(LinkedBlockingQueue.java:467)
        at org.apache.hadoop.ipc.CallQueueManager.take(CallQueueManager.java:317)
        at org.apache.hadoop.ipc.Server$Handler.run(Server.java:2932)
"EventQueue-ContainerReportForContainerReportHandler" daemon prio=5 tid=4833 in Object.wait()
java.lang.Thread.State: WAITING (on object monitor)
        at sun.misc.Unsafe.park(Native Method)
        at java.util.concurrent.locks.LockSupport.park(LockSupport.java:175)
        at java.util.concurrent.locks.AbstractQueuedSynchronizer$ConditionObject.await(AbstractQueuedSynchronizer.java:2039)
        at java.util.concurrent.LinkedBlockingQueue.take(LinkedBlockingQueue.java:442)
        at java.util.concurrent.ThreadPoolExecutor.getTask(ThreadPoolExecutor.java:1074)
        at java.util.concurrent.ThreadPoolExecutor.runWorker(ThreadPoolExecutor.java:1134)
        at java.util.concurrent.ThreadPoolExecutor$Worker.run(ThreadPoolExecutor.java:624)
        at java.lang.Thread.run(Thread.java:748)
"pool-465-thread-10"  prio=5 tid=4975 in Object.wait()
java.lang.Thread.State: WAITING (on object monitor)
        at sun.misc.Unsafe.park(Native Method)
        at java.util.concurrent.locks.LockSupport.park(LockSupport.java:175)
        at java.util.concurrent.locks.AbstractQueuedSynchronizer$ConditionObject.await(AbstractQueuedSynchronizer.java:2039)
        at java.util.concurrent.LinkedBlockingQueue.take(LinkedBlockingQueue.java:442)
        at java.util.concurrent.ThreadPoolExecutor.getTask(ThreadPoolExecutor.java:1074)
        at java.util.concurrent.ThreadPoolExecutor.runWorker(ThreadPoolExecutor.java:1134)
        at java.util.concurrent.ThreadPoolExecutor$Worker.run(ThreadPoolExecutor.java:624)
        at java.lang.Thread.run(Thread.java:748)
"IPC Server Responder" daemon prio=5 tid=4560 runnable
java.lang.Thread.State: RUNNABLE
        at sun.nio.ch.EPollArrayWrapper.epollWait(Native Method)
        at sun.nio.ch.EPollArrayWrapper.poll(EPollArrayWrapper.java:269)
        at sun.nio.ch.EPollSelectorImpl.doSelect(EPollSelectorImpl.java:93)
        at sun.nio.ch.SelectorImpl.lockAndDoSelect(SelectorImpl.java:86)
        at sun.nio.ch.SelectorImpl.select(SelectorImpl.java:97)
        at org.apache.hadoop.ipc.Server$Responder.doRunLoop(Server.java:1527)
        at org.apache.hadoop.ipc.Server$Responder.run(Server.java:1510)
"Timer for 'StorageContainerManager' metrics system" daemon prio=5 tid=4569 timed_waiting
java.lang.Thread.State: TIMED_WAITING
        at java.lang.Object.wait(Native Method)
        at java.util.TimerThread.mainLoop(Timer.java:552)
        at java.util.TimerThread.run(Timer.java:505)
"pool-466-thread-3"  prio=5 tid=4917 in Object.wait()
java.lang.Thread.State: WAITING (on object monitor)
        at sun.misc.Unsafe.park(Native Method)
        at java.util.concurrent.locks.LockSupport.park(LockSupport.java:175)
        at java.util.concurrent.locks.AbstractQueuedSynchronizer$ConditionObject.await(AbstractQueuedSynchronizer.java:2039)
        at java.util.concurrent.LinkedBlockingQueue.take(LinkedBlockingQueue.java:442)
        at java.util.concurrent.ThreadPoolExecutor.getTask(ThreadPoolExecutor.java:1074)
        at java.util.concurrent.ThreadPoolExecutor.runWorker(ThreadPoolExecutor.java:1134)
        at java.util.concurrent.ThreadPoolExecutor$Worker.run(ThreadPoolExecutor.java:624)
        at java.lang.Thread.run(Thread.java:748)
"IPC Server handler 8 on default port 43321" daemon prio=5 tid=4600 timed_waiting
java.lang.Thread.State: TIMED_WAITING
        at sun.misc.Unsafe.park(Native Method)
        at java.util.concurrent.locks.LockSupport.parkNanos(LockSupport.java:215)
        at java.util.concurrent.locks.AbstractQueuedSynchronizer$ConditionObject.awaitNanos(AbstractQueuedSynchronizer.java:2078)
        at java.util.concurrent.LinkedBlockingQueue.poll(LinkedBlockingQueue.java:467)
        at org.apache.hadoop.ipc.CallQueueManager.take(CallQueueManager.java:317)
        at org.apache.hadoop.ipc.Server$Handler.run(Server.java:2932)
"org.apache.hadoop.ozone.container.common.statemachine.commandhandler.DeleteBlocksCommandHandler$DeleteCmdWorker@4d42465e" daemon prio=5 tid=3740 runnable
java.lang.Thread.State: RUNNABLE
        at java.lang.Thread.sleep(Native Method)
        at org.apache.hadoop.ozone.container.common.statemachine.commandhandler.DeleteBlocksCommandHandler$DeleteCmdWorker.run(DeleteBlocksCommandHandler.java:174)
        at java.lang.Thread.run(Thread.java:748)
"pool-465-thread-4"  prio=5 tid=4927 in Object.wait()
java.lang.Thread.State: WAITING (on object monitor)
        at sun.misc.Unsafe.park(Native Method)
        at java.util.concurrent.locks.LockSupport.park(LockSupport.java:175)
        at java.util.concurrent.locks.AbstractQueuedSynchronizer$ConditionObject.await(AbstractQueuedSynchronizer.java:2039)
        at java.util.concurrent.LinkedBlockingQueue.take(LinkedBlockingQueue.java:442)
        at java.util.concurrent.ThreadPoolExecutor.getTask(ThreadPoolExecutor.java:1074)
        at java.util.concurrent.ThreadPoolExecutor.runWorker(ThreadPoolExecutor.java:1134)
        at java.util.concurrent.ThreadPoolExecutor$Worker.run(ThreadPoolExecutor.java:624)
        at java.lang.Thread.run(Thread.java:748)
"IPC Client (2013570947) connection to /0.0.0.0:32893 from runner" daemon prio=5 tid=4770 timed_waiting
java.lang.Thread.State: TIMED_WAITING
        at java.lang.Object.wait(Native Method)
        at org.apache.hadoop.ipc.Client$Connection.waitForWork(Client.java:1053)
        at org.apache.hadoop.ipc.Client$Connection.run(Client.java:1097)
"IPC Server handler 0 on default port 32925" daemon prio=5 tid=4670 timed_waiting
java.lang.Thread.State: TIMED_WAITING
        at sun.misc.Unsafe.park(Native Method)
        at java.util.concurrent.locks.LockSupport.parkNanos(LockSupport.java:215)
        at java.util.concurrent.locks.AbstractQueuedSynchronizer$ConditionObject.awaitNanos(AbstractQueuedSynchronizer.java:2078)
        at java.util.concurrent.LinkedBlockingQueue.poll(LinkedBlockingQueue.java:467)
        at org.apache.hadoop.ipc.CallQueueManager.take(CallQueueManager.java:317)
        at org.apache.hadoop.ipc.Server$Handler.run(Server.java:2932)
"ForkJoinPool.commonPool-worker-1" daemon prio=5 tid=4951 timed_waiting
java.lang.Thread.State: TIMED_WAITING
        at sun.misc.Unsafe.park(Native Method)
        at java.util.concurrent.ForkJoinPool.awaitWork(ForkJoinPool.java:1824)
        at java.util.concurrent.ForkJoinPool.runWorker(ForkJoinPool.java:1693)
        at java.util.concurrent.ForkJoinWorkerThread.run(ForkJoinWorkerThread.java:175)
"IPC Server handler 14 on default port 32925" daemon prio=5 tid=4684 timed_waiting
java.lang.Thread.State: TIMED_WAITING
        at sun.misc.Unsafe.park(Native Method)
        at java.util.concurrent.locks.LockSupport.parkNanos(LockSupport.java:215)
        at java.util.concurrent.locks.AbstractQueuedSynchronizer$ConditionObject.awaitNanos(AbstractQueuedSynchronizer.java:2078)
        at java.util.concurrent.LinkedBlockingQueue.poll(LinkedBlockingQueue.java:467)
        at org.apache.hadoop.ipc.CallQueueManager.take(CallQueueManager.java:317)
        at org.apache.hadoop.ipc.Server$Handler.run(Server.java:2932)
"BlockDeletingService#1" daemon prio=5 tid=4809 in Object.wait()
java.lang.Thread.State: WAITING (on object monitor)
        at sun.misc.Unsafe.park(Native Method)
        at java.util.concurrent.locks.LockSupport.parkNanos(LockSupport.java:215)
        at java.util.concurrent.locks.AbstractQueuedSynchronizer$ConditionObject.awaitNanos(AbstractQueuedSynchronizer.java:2078)
        at java.util.concurrent.ScheduledThreadPoolExecutor$DelayedWorkQueue.take(ScheduledThreadPoolExecutor.java:1093)
        at java.util.concurrent.ScheduledThreadPoolExecutor$DelayedWorkQueue.take(ScheduledThreadPoolExecutor.java:809)
        at java.util.concurrent.ThreadPoolExecutor.getTask(ThreadPoolExecutor.java:1074)
        at java.util.concurrent.ThreadPoolExecutor.runWorker(ThreadPoolExecutor.java:1134)
        at java.util.concurrent.ThreadPoolExecutor$Worker.run(ThreadPoolExecutor.java:624)
        at java.lang.Thread.run(Thread.java:748)
"ChunkWriter-1-0" daemon prio=5 tid=4803 in Object.wait()
java.lang.Thread.State: WAITING (on object monitor)
        at sun.misc.Unsafe.park(Native Method)
        at java.util.concurrent.locks.LockSupport.park(LockSupport.java:175)
        at java.util.concurrent.locks.AbstractQueuedSynchronizer$ConditionObject.await(AbstractQueuedSynchronizer.java:2039)
        at java.util.concurrent.LinkedBlockingDeque.takeFirst(LinkedBlockingDeque.java:492)
        at java.util.concurrent.LinkedBlockingDeque.take(LinkedBlockingDeque.java:680)
        at java.util.concurrent.ThreadPoolExecutor.getTask(ThreadPoolExecutor.java:1074)
        at java.util.concurrent.ThreadPoolExecutor.runWorker(ThreadPoolExecutor.java:1134)
        at java.util.concurrent.ThreadPoolExecutor$Worker.run(ThreadPoolExecutor.java:624)
        at java.lang.Thread.run(Thread.java:748)
"pool-467-thread-9"  prio=5 tid=4967 in Object.wait()
java.lang.Thread.State: WAITING (on object monitor)
        at sun.misc.Unsafe.park(Native Method)
        at java.util.concurrent.locks.LockSupport.park(LockSupport.java:175)
        at java.util.concurrent.locks.AbstractQueuedSynchronizer$ConditionObject.await(AbstractQueuedSynchronizer.java:2039)
        at java.util.concurrent.LinkedBlockingQueue.take(LinkedBlockingQueue.java:442)
        at java.util.concurrent.ThreadPoolExecutor.getTask(ThreadPoolExecutor.java:1074)
        at java.util.concurrent.ThreadPoolExecutor.runWorker(ThreadPoolExecutor.java:1134)
        at java.util.concurrent.ThreadPoolExecutor$Worker.run(ThreadPoolExecutor.java:624)
        at java.lang.Thread.run(Thread.java:748)
"org.apache.hadoop.ozone.container.common.statemachine.commandhandler.DeleteBlocksCommandHandler$DeleteCmdWorker@6e2a6063" daemon prio=5 tid=161 runnable
java.lang.Thread.State: RUNNABLE
        at java.lang.Thread.sleep(Native Method)
        at org.apache.hadoop.ozone.container.common.statemachine.commandhandler.DeleteBlocksCommandHandler$DeleteCmdWorker.run(DeleteBlocksCommandHandler.java:174)
        at java.lang.Thread.run(Thread.java:748)
"grpc-shared-destroyer-0" daemon prio=5 tid=3595 in Object.wait()
java.lang.Thread.State: WAITING (on object monitor)
        at sun.misc.Unsafe.park(Native Method)
        at java.util.concurrent.locks.LockSupport.park(LockSupport.java:175)
        at java.util.concurrent.locks.AbstractQueuedSynchronizer$ConditionObject.await(AbstractQueuedSynchronizer.java:2039)
        at java.util.concurrent.ScheduledThreadPoolExecutor$DelayedWorkQueue.take(ScheduledThreadPoolExecutor.java:1081)
        at java.util.concurrent.ScheduledThreadPoolExecutor$DelayedWorkQueue.take(ScheduledThreadPoolExecutor.java:809)
        at java.util.concurrent.ThreadPoolExecutor.getTask(ThreadPoolExecutor.java:1074)
        at java.util.concurrent.ThreadPoolExecutor.runWorker(ThreadPoolExecutor.java:1134)
        at java.util.concurrent.ThreadPoolExecutor$Worker.run(ThreadPoolExecutor.java:624)
        at java.lang.Thread.run(Thread.java:748)
"IPC Server handler 13 on default port 32893" daemon prio=5 tid=4625 timed_waiting
java.lang.Thread.State: TIMED_WAITING
        at sun.misc.Unsafe.park(Native Method)
        at java.util.concurrent.locks.LockSupport.parkNanos(LockSupport.java:215)
        at java.util.concurrent.locks.AbstractQueuedSynchronizer$ConditionObject.awaitNanos(AbstractQueuedSynchronizer.java:2078)
        at java.util.concurrent.LinkedBlockingQueue.poll(LinkedBlockingQueue.java:467)
        at org.apache.hadoop.ipc.CallQueueManager.take(CallQueueManager.java:317)
        at org.apache.hadoop.ipc.Server$Handler.run(Server.java:2932)
"DeleteBlocksCommandHandlerThread-0" daemon prio=5 tid=7747 timed_waiting
java.lang.Thread.State: TIMED_WAITING
        at sun.misc.Unsafe.park(Native Method)
        at java.util.concurrent.locks.LockSupport.parkNanos(LockSupport.java:215)
        at java.util.concurrent.locks.AbstractQueuedSynchronizer$ConditionObject.awaitNanos(AbstractQueuedSynchronizer.java:2078)
        at java.util.concurrent.LinkedBlockingQueue.poll(LinkedBlockingQueue.java:467)
        at java.util.concurrent.ThreadPoolExecutor.getTask(ThreadPoolExecutor.java:1073)
        at java.util.concurrent.ThreadPoolExecutor.runWorker(ThreadPoolExecutor.java:1134)
        at java.util.concurrent.ThreadPoolExecutor$Worker.run(ThreadPoolExecutor.java:624)
        at java.lang.Thread.run(Thread.java:748)
"FullTableCache Cleanup Thread - 0" daemon prio=5 tid=4889 in Object.wait()
java.lang.Thread.State: WAITING (on object monitor)
        at sun.misc.Unsafe.park(Native Method)
        at java.util.concurrent.locks.LockSupport.park(LockSupport.java:175)
        at java.util.concurrent.locks.AbstractQueuedSynchronizer$ConditionObject.await(AbstractQueuedSynchronizer.java:2039)
        at java.util.concurrent.LinkedBlockingQueue.take(LinkedBlockingQueue.java:442)
        at java.util.concurrent.ThreadPoolExecutor.getTask(ThreadPoolExecutor.java:1074)
        at java.util.concurrent.ThreadPoolExecutor.runWorker(ThreadPoolExecutor.java:1134)
        at java.util.concurrent.ThreadPoolExecutor$Worker.run(ThreadPoolExecutor.java:624)
        at java.lang.Thread.run(Thread.java:748)
"org.apache.hadoop.util.JvmPauseMonitor$Monitor@7ace0b5d" daemon prio=5 tid=4633 timed_waiting
java.lang.Thread.State: TIMED_WAITING
        at java.lang.Thread.sleep(Native Method)
        at org.apache.hadoop.util.JvmPauseMonitor$Monitor.run(JvmPauseMonitor.java:192)
        at java.lang.Thread.run(Thread.java:748)
"IPC Server handler 13 on default port 46143" daemon prio=5 tid=4585 timed_waiting
java.lang.Thread.State: TIMED_WAITING
        at sun.misc.Unsafe.park(Native Method)
        at java.util.concurrent.locks.LockSupport.parkNanos(LockSupport.java:215)
        at java.util.concurrent.locks.AbstractQueuedSynchronizer$ConditionObject.awaitNanos(AbstractQueuedSynchronizer.java:2078)
        at java.util.concurrent.LinkedBlockingQueue.poll(LinkedBlockingQueue.java:467)
        at org.apache.hadoop.ipc.CallQueueManager.take(CallQueueManager.java:317)
        at org.apache.hadoop.ipc.Server$Handler.run(Server.java:2932)
"qtp834390584-4666" daemon prio=5 tid=4666 timed_waiting
java.lang.Thread.State: TIMED_WAITING
        at sun.misc.Unsafe.park(Native Method)
        at java.util.concurrent.locks.LockSupport.parkNanos(LockSupport.java:215)
        at java.util.concurrent.locks.AbstractQueuedSynchronizer$ConditionObject.awaitNanos(AbstractQueuedSynchronizer.java:2078)
        at org.eclipse.jetty.util.BlockingArrayQueue.poll(BlockingArrayQueue.java:382)
        at org.eclipse.jetty.util.thread.QueuedThreadPool$Runner.idleJobPoll(QueuedThreadPool.java:974)
        at org.eclipse.jetty.util.thread.QueuedThreadPool$Runner.run(QueuedThreadPool.java:1018)
        at java.lang.Thread.run(Thread.java:748)
"BlockDeletingService#2" daemon prio=5 tid=4778 timed_waiting
java.lang.Thread.State: TIMED_WAITING
        at sun.misc.Unsafe.park(Native Method)
        at java.util.concurrent.locks.LockSupport.park(LockSupport.java:175)
        at java.util.concurrent.CompletableFuture$Signaller.block(CompletableFuture.java:1707)
        at java.util.concurrent.ForkJoinPool.managedBlock(ForkJoinPool.java:3323)
        at java.util.concurrent.CompletableFuture.waitingGet(CompletableFuture.java:1742)
        at java.util.concurrent.CompletableFuture.get(CompletableFuture.java:1908)
        at org.apache.ratis.server.impl.RaftServerImpl.waitForReply(RaftServerImpl.java:880)
        at org.apache.ratis.server.impl.RaftServerProxy.getGroupInfo(RaftServerProxy.java:524)
        at org.apache.hadoop.ozone.container.common.transport.server.ratis.XceiverServerRatis.getMinReplicatedIndex(XceiverServerRatis.java:843)
        at org.apache.hadoop.ozone.container.keyvalue.statemachine.background.BlockDeletingService.isDeletionAllowed(BlockDeletingService.java:206)
        at org.apache.hadoop.ozone.container.keyvalue.statemachine.background.BlockDeletingService.lambda$chooseContainerForBlockDeletion$0(BlockDeletingService.java:180)
        at org.apache.hadoop.ozone.container.keyvalue.statemachine.background.BlockDeletingService$$Lambda$680/2083688737.test(Unknown Source)
        at java.util.stream.ReferencePipeline$2$1.accept(ReferencePipeline.java:174)
        at java.util.Collections$UnmodifiableMap$UnmodifiableEntrySet.lambda$entryConsumer$0(Collections.java:1577)
        at java.util.Collections$UnmodifiableMap$UnmodifiableEntrySet$$Lambda$683/2096444150.accept(Unknown Source)
        at java.util.concurrent.ConcurrentSkipListMap$EntrySpliterator.forEachRemaining(ConcurrentSkipListMap.java:3535)
        at java.util.Collections$UnmodifiableMap$UnmodifiableEntrySet$UnmodifiableEntrySetSpliterator.forEachRemaining(Collections.java:1602)
        at java.util.stream.AbstractPipeline.copyInto(AbstractPipeline.java:482)
        at java.util.stream.AbstractPipeline.wrapAndCopyInto(AbstractPipeline.java:472)
        at java.util.stream.ReduceOps$ReduceOp.evaluateSequential(ReduceOps.java:708)
        at java.util.stream.AbstractPipeline.evaluate(AbstractPipeline.java:234)
        at java.util.stream.ReferencePipeline.collect(ReferencePipeline.java:566)
        at org.apache.hadoop.ozone.container.keyvalue.statemachine.background.BlockDeletingService.chooseContainerForBlockDeletion(BlockDeletingService.java:181)
        at org.apache.hadoop.ozone.container.keyvalue.statemachine.background.BlockDeletingService.getTasks(BlockDeletingService.java:145)
        at org.apache.hadoop.hdds.utils.BackgroundService$PeriodicalTask.run(BackgroundService.java:97)
        at java.util.concurrent.Executors$RunnableAdapter.call(Executors.java:511)
        at java.util.concurrent.FutureTask.runAndReset(FutureTask.java:308)
        at java.util.concurrent.ScheduledThreadPoolExecutor$ScheduledFutureTask.access$301(ScheduledThreadPoolExecutor.java:180)
        at java.util.concurrent.ScheduledThreadPoolExecutor$ScheduledFutureTask.run(ScheduledThreadPoolExecutor.java:294)
        at java.util.concurrent.ThreadPoolExecutor.runWorker(ThreadPoolExecutor.java:1149)
        at java.util.concurrent.ThreadPoolExecutor$Worker.run(ThreadPoolExecutor.java:624)
        at java.lang.Thread.run(Thread.java:748)
"qtp2133268403-4728" daemon prio=5 tid=4728 timed_waiting
java.lang.Thread.State: TIMED_WAITING
        at sun.misc.Unsafe.park(Native Method)
        at java.util.concurrent.locks.LockSupport.parkNanos(LockSupport.java:215)
        at java.util.concurrent.locks.AbstractQueuedSynchronizer$ConditionObject.awaitNanos(AbstractQueuedSynchronizer.java:2078)
        at org.eclipse.jetty.util.BlockingArrayQueue.poll(BlockingArrayQueue.java:382)
        at org.eclipse.jetty.util.thread.QueuedThreadPool$Runner.idleJobPoll(QueuedThreadPool.java:974)
        at org.eclipse.jetty.util.thread.QueuedThreadPool$Runner.run(QueuedThreadPool.java:1018)
        at java.lang.Thread.run(Thread.java:748)
"pool-407-thread-1"  prio=5 tid=4660 timed_waiting
java.lang.Thread.State: TIMED_WAITING
        at sun.misc.Unsafe.park(Native Method)
        at java.util.concurrent.locks.LockSupport.parkNanos(LockSupport.java:215)
        at java.util.concurrent.locks.AbstractQueuedSynchronizer$ConditionObject.awaitNanos(AbstractQueuedSynchronizer.java:2078)
        at java.util.concurrent.ScheduledThreadPoolExecutor$DelayedWorkQueue.take(ScheduledThreadPoolExecutor.java:1093)
        at java.util.concurrent.ScheduledThreadPoolExecutor$DelayedWorkQueue.take(ScheduledThreadPoolExecutor.java:809)
        at java.util.concurrent.ThreadPoolExecutor.getTask(ThreadPoolExecutor.java:1074)
        at java.util.concurrent.ThreadPoolExecutor.runWorker(ThreadPoolExecutor.java:1134)
        at java.util.concurrent.ThreadPoolExecutor$Worker.run(ThreadPoolExecutor.java:624)
        at java.lang.Thread.run(Thread.java:748)
"IPC Server handler 13 on default port 43321" daemon prio=5 tid=4605 timed_waiting
java.lang.Thread.State: TIMED_WAITING
        at sun.misc.Unsafe.park(Native Method)
        at java.util.concurrent.locks.LockSupport.parkNanos(LockSupport.java:215)
        at java.util.concurrent.locks.AbstractQueuedSynchronizer$ConditionObject.awaitNanos(AbstractQueuedSynchronizer.java:2078)
        at java.util.concurrent.LinkedBlockingQueue.poll(LinkedBlockingQueue.java:467)
        at org.apache.hadoop.ipc.CallQueueManager.take(CallQueueManager.java:317)
        at org.apache.hadoop.ipc.Server$Handler.run(Server.java:2932)
"BlockDeletingService#9" daemon prio=5 tid=4794 in Object.wait()
java.lang.Thread.State: WAITING (on object monitor)
        at sun.misc.Unsafe.park(Native Method)
        at java.util.concurrent.locks.LockSupport.park(LockSupport.java:175)
        at java.util.concurrent.locks.AbstractQueuedSynchronizer$ConditionObject.await(AbstractQueuedSynchronizer.java:2039)
        at java.util.concurrent.ScheduledThreadPoolExecutor$DelayedWorkQueue.take(ScheduledThreadPoolExecutor.java:1088)
        at java.util.concurrent.ScheduledThreadPoolExecutor$DelayedWorkQueue.take(ScheduledThreadPoolExecutor.java:809)
        at java.util.concurrent.ThreadPoolExecutor.getTask(ThreadPoolExecutor.java:1074)
        at java.util.concurrent.ThreadPoolExecutor.runWorker(ThreadPoolExecutor.java:1134)
        at java.util.concurrent.ThreadPoolExecutor$Worker.run(ThreadPoolExecutor.java:624)
        at java.lang.Thread.run(Thread.java:748)
"org.apache.hadoop.ozone.container.common.statemachine.commandhandler.DeleteBlocksCommandHandler$DeleteCmdWorker@10378c35" daemon prio=5 tid=211 runnable
java.lang.Thread.State: RUNNABLE
        at java.lang.Thread.sleep(Native Method)
        at org.apache.hadoop.ozone.container.common.statemachine.commandhandler.DeleteBlocksCommandHandler$DeleteCmdWorker.run(DeleteBlocksCommandHandler.java:174)
        at java.lang.Thread.run(Thread.java:748)
"a3a688a0-b759-42a1-9d42-7ea63bf88025@group-BCEEFC5FE04E-StateMachineUpdater" daemon prio=5 tid=4837 in Object.wait()
java.lang.Thread.State: WAITING (on object monitor)
        at java.lang.Object.wait(Native Method)
        at java.lang.Object.wait(Object.java:502)
        at org.apache.ratis.server.impl.StateMachineUpdater.waitForCommit(StateMachineUpdater.java:204)
        at org.apache.ratis.server.impl.StateMachineUpdater.run(StateMachineUpdater.java:173)
        at java.lang.Thread.run(Thread.java:748)
"EventQueue-ContainerReportForContainerReportHandler" daemon prio=5 tid=4832 in Object.wait()
java.lang.Thread.State: WAITING (on object monitor)
        at sun.misc.Unsafe.park(Native Method)
        at java.util.concurrent.locks.LockSupport.park(LockSupport.java:175)
        at java.util.concurrent.locks.AbstractQueuedSynchronizer$ConditionObject.await(AbstractQueuedSynchronizer.java:2039)
        at java.util.concurrent.LinkedBlockingQueue.take(LinkedBlockingQueue.java:442)
        at java.util.concurrent.ThreadPoolExecutor.getTask(ThreadPoolExecutor.java:1074)
        at java.util.concurrent.ThreadPoolExecutor.runWorker(ThreadPoolExecutor.java:1134)
        at java.util.concurrent.ThreadPoolExecutor$Worker.run(ThreadPoolExecutor.java:624)
        at java.lang.Thread.run(Thread.java:748)
"Datanode ReportManager Thread - 3" daemon prio=5 tid=4763 in Object.wait()
java.lang.Thread.State: WAITING (on object monitor)
        at sun.misc.Unsafe.park(Native Method)
        at java.util.concurrent.locks.LockSupport.park(LockSupport.java:175)
        at java.util.concurrent.locks.AbstractQueuedSynchronizer$ConditionObject.await(AbstractQueuedSynchronizer.java:2039)
        at java.util.concurrent.ScheduledThreadPoolExecutor$DelayedWorkQueue.take(ScheduledThreadPoolExecutor.java:1088)
        at java.util.concurrent.ScheduledThreadPoolExecutor$DelayedWorkQueue.take(ScheduledThreadPoolExecutor.java:809)
        at java.util.concurrent.ThreadPoolExecutor.getTask(ThreadPoolExecutor.java:1074)
        at java.util.concurrent.ThreadPoolExecutor.runWorker(ThreadPoolExecutor.java:1134)
        at java.util.concurrent.ThreadPoolExecutor$Worker.run(ThreadPoolExecutor.java:624)
        at java.lang.Thread.run(Thread.java:748)
"qtp1299272458-4704" daemon prio=5 tid=4704 timed_waiting
java.lang.Thread.State: TIMED_WAITING
        at sun.misc.Unsafe.park(Native Method)
        at java.util.concurrent.locks.LockSupport.parkNanos(LockSupport.java:215)
        at java.util.concurrent.locks.AbstractQueuedSynchronizer$ConditionObject.awaitNanos(AbstractQueuedSynchronizer.java:2078)
        at org.eclipse.jetty.util.BlockingArrayQueue.poll(BlockingArrayQueue.java:382)
        at org.eclipse.jetty.util.thread.QueuedThreadPool$Runner.idleJobPoll(QueuedThreadPool.java:974)
        at org.eclipse.jetty.util.thread.QueuedThreadPool$Runner.run(QueuedThreadPool.java:1018)
        at java.lang.Thread.run(Thread.java:748)
"Periodic HDDS volume checker" daemon prio=5 tid=4744 timed_waiting
java.lang.Thread.State: TIMED_WAITING
        at sun.misc.Unsafe.park(Native Method)
        at java.util.concurrent.locks.LockSupport.parkNanos(LockSupport.java:215)
        at java.util.concurrent.locks.AbstractQueuedSynchronizer$ConditionObject.awaitNanos(AbstractQueuedSynchronizer.java:2078)
        at java.util.concurrent.ScheduledThreadPoolExecutor$DelayedWorkQueue.take(ScheduledThreadPoolExecutor.java:1093)
        at java.util.concurrent.ScheduledThreadPoolExecutor$DelayedWorkQueue.take(ScheduledThreadPoolExecutor.java:809)
        at java.util.concurrent.ThreadPoolExecutor.getTask(ThreadPoolExecutor.java:1074)
        at java.util.concurrent.ThreadPoolExecutor.runWorker(ThreadPoolExecutor.java:1134)
        at java.util.concurrent.ThreadPoolExecutor$Worker.run(ThreadPoolExecutor.java:624)
        at java.lang.Thread.run(Thread.java:748)
"EventQueue-ContainerReportForContainerReportHandler" daemon prio=5 tid=4844 in Object.wait()
java.lang.Thread.State: WAITING (on object monitor)
        at sun.misc.Unsafe.park(Native Method)
        at java.util.concurrent.locks.LockSupport.park(LockSupport.java:175)
        at java.util.concurrent.locks.AbstractQueuedSynchronizer$ConditionObject.await(AbstractQueuedSynchronizer.java:2039)
        at java.util.concurrent.LinkedBlockingQueue.take(LinkedBlockingQueue.java:442)
        at java.util.concurrent.ThreadPoolExecutor.getTask(ThreadPoolExecutor.java:1074)
        at java.util.concurrent.ThreadPoolExecutor.runWorker(ThreadPoolExecutor.java:1134)
        at java.util.concurrent.ThreadPoolExecutor$Worker.run(ThreadPoolExecutor.java:624)
        at java.lang.Thread.run(Thread.java:748)
"Datanode ReportManager Thread - 2" daemon prio=5 tid=4712 in Object.wait()
java.lang.Thread.State: WAITING (on object monitor)
        at sun.misc.Unsafe.park(Native Method)
        at java.util.concurrent.locks.LockSupport.park(LockSupport.java:175)
        at java.util.concurrent.locks.AbstractQueuedSynchronizer$ConditionObject.await(AbstractQueuedSynchronizer.java:2039)
        at java.util.concurrent.ScheduledThreadPoolExecutor$DelayedWorkQueue.take(ScheduledThreadPoolExecutor.java:1088)
        at java.util.concurrent.ScheduledThreadPoolExecutor$DelayedWorkQueue.take(ScheduledThreadPoolExecutor.java:809)
        at java.util.concurrent.ThreadPoolExecutor.getTask(ThreadPoolExecutor.java:1074)
        at java.util.concurrent.ThreadPoolExecutor.runWorker(ThreadPoolExecutor.java:1134)
        at java.util.concurrent.ThreadPoolExecutor$Worker.run(ThreadPoolExecutor.java:624)
        at java.lang.Thread.run(Thread.java:748)
"ChunkWriter-3-0" daemon prio=5 tid=4805 in Object.wait()
java.lang.Thread.State: WAITING (on object monitor)
        at sun.misc.Unsafe.park(Native Method)
        at java.util.concurrent.locks.LockSupport.park(LockSupport.java:175)
        at java.util.concurrent.locks.AbstractQueuedSynchronizer$ConditionObject.await(AbstractQueuedSynchronizer.java:2039)
        at java.util.concurrent.LinkedBlockingDeque.takeFirst(LinkedBlockingDeque.java:492)
        at java.util.concurrent.LinkedBlockingDeque.take(LinkedBlockingDeque.java:680)
        at java.util.concurrent.ThreadPoolExecutor.getTask(ThreadPoolExecutor.java:1074)
        at java.util.concurrent.ThreadPoolExecutor.runWorker(ThreadPoolExecutor.java:1134)
        at java.util.concurrent.ThreadPoolExecutor$Worker.run(ThreadPoolExecutor.java:624)
        at java.lang.Thread.run(Thread.java:748)
"IPC Server handler 14 on default port 43321" daemon prio=5 tid=4606 timed_waiting
java.lang.Thread.State: TIMED_WAITING
        at sun.misc.Unsafe.park(Native Method)
        at java.util.concurrent.locks.LockSupport.parkNanos(LockSupport.java:215)
        at java.util.concurrent.locks.AbstractQueuedSynchronizer$ConditionObject.awaitNanos(AbstractQueuedSynchronizer.java:2078)
        at java.util.concurrent.LinkedBlockingQueue.poll(LinkedBlockingQueue.java:467)
        at org.apache.hadoop.ipc.CallQueueManager.take(CallQueueManager.java:317)
        at org.apache.hadoop.ipc.Server$Handler.run(Server.java:2932)
"pool-467-thread-7"  prio=5 tid=4952 in Object.wait()
java.lang.Thread.State: WAITING (on object monitor)
        at sun.misc.Unsafe.park(Native Method)
        at java.util.concurrent.locks.LockSupport.park(LockSupport.java:175)
        at java.util.concurrent.locks.AbstractQueuedSynchronizer$ConditionObject.await(AbstractQueuedSynchronizer.java:2039)
        at java.util.concurrent.LinkedBlockingQueue.take(LinkedBlockingQueue.java:442)
        at java.util.concurrent.ThreadPoolExecutor.getTask(ThreadPoolExecutor.java:1074)
        at java.util.concurrent.ThreadPoolExecutor.runWorker(ThreadPoolExecutor.java:1134)
        at java.util.concurrent.ThreadPoolExecutor$Worker.run(ThreadPoolExecutor.java:624)
        at java.lang.Thread.run(Thread.java:748)
"DeleteBlocksCommandHandlerThread-0" daemon prio=5 tid=7927 timed_waiting
java.lang.Thread.State: TIMED_WAITING
        at sun.misc.Unsafe.park(Native Method)
        at java.util.concurrent.locks.LockSupport.parkNanos(LockSupport.java:215)
        at java.util.concurrent.locks.AbstractQueuedSynchronizer$ConditionObject.awaitNanos(AbstractQueuedSynchronizer.java:2078)
        at java.util.concurrent.LinkedBlockingQueue.poll(LinkedBlockingQueue.java:467)
        at java.util.concurrent.ThreadPoolExecutor.getTask(ThreadPoolExecutor.java:1073)
        at java.util.concurrent.ThreadPoolExecutor.runWorker(ThreadPoolExecutor.java:1134)
        at java.util.concurrent.ThreadPoolExecutor$Worker.run(ThreadPoolExecutor.java:624)
        at java.lang.Thread.run(Thread.java:748)
"EndpointStateMachine task thread for /0.0.0.0:45017 - 0 "  prio=5 tid=4456 in Object.wait()
java.lang.Thread.State: WAITING (on object monitor)
        at sun.misc.Unsafe.park(Native Method)
        at java.util.concurrent.locks.LockSupport.park(LockSupport.java:175)
        at java.util.concurrent.locks.AbstractQueuedSynchronizer$ConditionObject.await(AbstractQueuedSynchronizer.java:2039)
        at java.util.concurrent.LinkedBlockingQueue.take(LinkedBlockingQueue.java:442)
        at java.util.concurrent.ThreadPoolExecutor.getTask(ThreadPoolExecutor.java:1074)
        at java.util.concurrent.ThreadPoolExecutor.runWorker(ThreadPoolExecutor.java:1134)
        at java.util.concurrent.ThreadPoolExecutor$Worker.run(ThreadPoolExecutor.java:624)
        at java.lang.Thread.run(Thread.java:748)
"qtp834390584-4668" daemon prio=5 tid=4668 timed_waiting
java.lang.Thread.State: TIMED_WAITING
        at sun.misc.Unsafe.park(Native Method)
        at java.util.concurrent.locks.LockSupport.parkNanos(LockSupport.java:215)
        at java.util.concurrent.locks.AbstractQueuedSynchronizer$ConditionObject.awaitNanos(AbstractQueuedSynchronizer.java:2078)
        at org.eclipse.jetty.util.BlockingArrayQueue.poll(BlockingArrayQueue.java:382)
        at org.eclipse.jetty.util.thread.QueuedThreadPool$Runner.idleJobPoll(QueuedThreadPool.java:974)
        at org.eclipse.jetty.util.thread.QueuedThreadPool$Runner.run(QueuedThreadPool.java:1018)
        at java.lang.Thread.run(Thread.java:748)
"IPC Server Responder" daemon prio=5 tid=4564 runnable
java.lang.Thread.State: RUNNABLE
        at sun.nio.ch.EPollArrayWrapper.epollWait(Native Method)
        at sun.nio.ch.EPollArrayWrapper.poll(EPollArrayWrapper.java:269)
        at sun.nio.ch.EPollSelectorImpl.doSelect(EPollSelectorImpl.java:93)
        at sun.nio.ch.SelectorImpl.lockAndDoSelect(SelectorImpl.java:86)
        at sun.nio.ch.SelectorImpl.select(SelectorImpl.java:97)
        at org.apache.hadoop.ipc.Server$Responder.doRunLoop(Server.java:1527)
        at org.apache.hadoop.ipc.Server$Responder.run(Server.java:1510)
"PartialTableCache Cleanup Thread - 0" daemon prio=5 tid=347 in Object.wait()
java.lang.Thread.State: WAITING (on object monitor)
        at sun.misc.Unsafe.park(Native Method)
        at java.util.concurrent.locks.LockSupport.park(LockSupport.java:175)
        at java.util.concurrent.locks.AbstractQueuedSynchronizer$ConditionObject.await(AbstractQueuedSynchronizer.java:2039)
        at java.util.concurrent.LinkedBlockingQueue.take(LinkedBlockingQueue.java:442)
        at java.util.concurrent.ThreadPoolExecutor.getTask(ThreadPoolExecutor.java:1074)
        at java.util.concurrent.ThreadPoolExecutor.runWorker(ThreadPoolExecutor.java:1134)
        at java.util.concurrent.ThreadPoolExecutor$Worker.run(ThreadPoolExecutor.java:624)
        at java.lang.Thread.run(Thread.java:748)
"IPC Server Responder" daemon prio=5 tid=4654 runnable
java.lang.Thread.State: RUNNABLE
        at sun.nio.ch.EPollArrayWrapper.epollWait(Native Method)
        at sun.nio.ch.EPollArrayWrapper.poll(EPollArrayWrapper.java:269)
        at sun.nio.ch.EPollSelectorImpl.doSelect(EPollSelectorImpl.java:93)
        at sun.nio.ch.SelectorImpl.lockAndDoSelect(SelectorImpl.java:86)
        at sun.nio.ch.SelectorImpl.select(SelectorImpl.java:97)
        at org.apache.hadoop.ipc.Server$Responder.doRunLoop(Server.java:1527)
        at org.apache.hadoop.ipc.Server$Responder.run(Server.java:1510)
"IPC Server handler 18 on default port 46143" daemon prio=5 tid=4590 timed_waiting
java.lang.Thread.State: TIMED_WAITING
        at sun.misc.Unsafe.park(Native Method)
        at java.util.concurrent.locks.LockSupport.parkNanos(LockSupport.java:215)
        at java.util.concurrent.locks.AbstractQueuedSynchronizer$ConditionObject.awaitNanos(AbstractQueuedSynchronizer.java:2078)
        at java.util.concurrent.LinkedBlockingQueue.poll(LinkedBlockingQueue.java:467)
        at org.apache.hadoop.ipc.CallQueueManager.take(CallQueueManager.java:317)
        at org.apache.hadoop.ipc.Server$Handler.run(Server.java:2932)
"EventQueue-PipelineReportForPipelineReportHandler" daemon prio=5 tid=4821 in Object.wait()
java.lang.Thread.State: WAITING (on object monitor)
        at sun.misc.Unsafe.park(Native Method)
        at java.util.concurrent.locks.LockSupport.park(LockSupport.java:175)
        at java.util.concurrent.locks.AbstractQueuedSynchronizer$ConditionObject.await(AbstractQueuedSynchronizer.java:2039)
        at java.util.concurrent.LinkedBlockingQueue.take(LinkedBlockingQueue.java:442)
        at java.util.concurrent.ThreadPoolExecutor.getTask(ThreadPoolExecutor.java:1074)
        at java.util.concurrent.ThreadPoolExecutor.runWorker(ThreadPoolExecutor.java:1134)
        at java.util.concurrent.ThreadPoolExecutor$Worker.run(ThreadPoolExecutor.java:624)
        at java.lang.Thread.run(Thread.java:748)
"IPC Server handler 1 on default port 46143" daemon prio=5 tid=4573 timed_waiting
java.lang.Thread.State: TIMED_WAITING
        at sun.misc.Unsafe.park(Native Method)
        at java.util.concurrent.locks.LockSupport.parkNanos(LockSupport.java:215)
        at java.util.concurrent.locks.AbstractQueuedSynchronizer$ConditionObject.awaitNanos(AbstractQueuedSynchronizer.java:2078)
        at java.util.concurrent.LinkedBlockingQueue.poll(LinkedBlockingQueue.java:467)
        at org.apache.hadoop.ipc.CallQueueManager.take(CallQueueManager.java:317)
        at org.apache.hadoop.ipc.Server$Handler.run(Server.java:2932)
"ChunkWriter-0-0" daemon prio=5 tid=4771 in Object.wait()
java.lang.Thread.State: WAITING (on object monitor)
        at sun.misc.Unsafe.park(Native Method)
        at java.util.concurrent.locks.LockSupport.park(LockSupport.java:175)
        at java.util.concurrent.locks.AbstractQueuedSynchronizer$ConditionObject.await(AbstractQueuedSynchronizer.java:2039)
        at java.util.concurrent.LinkedBlockingDeque.takeFirst(LinkedBlockingDeque.java:492)
        at java.util.concurrent.LinkedBlockingDeque.take(LinkedBlockingDeque.java:680)
        at java.util.concurrent.ThreadPoolExecutor.getTask(ThreadPoolExecutor.java:1074)
        at java.util.concurrent.ThreadPoolExecutor.runWorker(ThreadPoolExecutor.java:1134)
        at java.util.concurrent.ThreadPoolExecutor$Worker.run(ThreadPoolExecutor.java:624)
        at java.lang.Thread.run(Thread.java:748)
"Datanode State Machine Thread - 0" daemon prio=5 tid=4709 timed_waiting
java.lang.Thread.State: TIMED_WAITING
        at java.lang.Thread.sleep(Native Method)
        at org.apache.hadoop.ozone.container.common.statemachine.DatanodeStateMachine.start(DatanodeStateMachine.java:285)
        at org.apache.hadoop.ozone.container.common.statemachine.DatanodeStateMachine.lambda$startDaemon$0(DatanodeStateMachine.java:456)
        at org.apache.hadoop.ozone.container.common.statemachine.DatanodeStateMachine$$Lambda$569/58906656.run(Unknown Source)
        at java.lang.Thread.run(Thread.java:748)
"EventQueue-ContainerReportForContainerReportHandler" daemon prio=5 tid=4831 in Object.wait()
java.lang.Thread.State: WAITING (on object monitor)
        at sun.misc.Unsafe.park(Native Method)
        at java.util.concurrent.locks.LockSupport.park(LockSupport.java:175)
        at java.util.concurrent.locks.AbstractQueuedSynchronizer$ConditionObject.await(AbstractQueuedSynchronizer.java:2039)
        at java.util.concurrent.LinkedBlockingQueue.take(LinkedBlockingQueue.java:442)
        at java.util.concurrent.ThreadPoolExecutor.getTask(ThreadPoolExecutor.java:1074)
        at java.util.concurrent.ThreadPoolExecutor.runWorker(ThreadPoolExecutor.java:1134)
        at java.util.concurrent.ThreadPoolExecutor$Worker.run(ThreadPoolExecutor.java:624)
        at java.lang.Thread.run(Thread.java:748)
"pool-386-thread-1"  prio=5 tid=4634 timed_waiting
java.lang.Thread.State: TIMED_WAITING
        at sun.misc.Unsafe.park(Native Method)
        at java.util.concurrent.locks.LockSupport.parkNanos(LockSupport.java:215)
        at java.util.concurrent.locks.AbstractQueuedSynchronizer$ConditionObject.awaitNanos(AbstractQueuedSynchronizer.java:2078)
        at java.util.concurrent.ScheduledThreadPoolExecutor$DelayedWorkQueue.take(ScheduledThreadPoolExecutor.java:1093)
        at java.util.concurrent.ScheduledThreadPoolExecutor$DelayedWorkQueue.take(ScheduledThreadPoolExecutor.java:809)
        at java.util.concurrent.ThreadPoolExecutor.getTask(ThreadPoolExecutor.java:1074)
        at java.util.concurrent.ThreadPoolExecutor.runWorker(ThreadPoolExecutor.java:1134)
        at java.util.concurrent.ThreadPoolExecutor$Worker.run(ThreadPoolExecutor.java:624)
        at java.lang.Thread.run(Thread.java:748)
"EventQueue-DeleteBlockStatusForDeletedBlockLogImpl" daemon prio=5 tid=7675 in Object.wait()
java.lang.Thread.State: WAITING (on object monitor)
        at sun.misc.Unsafe.park(Native Method)
        at java.util.concurrent.locks.LockSupport.park(LockSupport.java:175)
        at java.util.concurrent.locks.AbstractQueuedSynchronizer$ConditionObject.await(AbstractQueuedSynchronizer.java:2039)
        at java.util.concurrent.LinkedBlockingQueue.take(LinkedBlockingQueue.java:442)
        at java.util.concurrent.ThreadPoolExecutor.getTask(ThreadPoolExecutor.java:1074)
        at java.util.concurrent.ThreadPoolExecutor.runWorker(ThreadPoolExecutor.java:1134)
        at java.util.concurrent.ThreadPoolExecutor$Worker.run(ThreadPoolExecutor.java:624)
        at java.lang.Thread.run(Thread.java:748)
"IPC Server handler 15 on default port 32925" daemon prio=5 tid=4685 timed_waiting
java.lang.Thread.State: TIMED_WAITING
        at sun.misc.Unsafe.park(Native Method)
        at java.util.concurrent.locks.LockSupport.parkNanos(LockSupport.java:215)
        at java.util.concurrent.locks.AbstractQueuedSynchronizer$ConditionObject.awaitNanos(AbstractQueuedSynchronizer.java:2078)
        at java.util.concurrent.LinkedBlockingQueue.poll(LinkedBlockingQueue.java:467)
        at org.apache.hadoop.ipc.CallQueueManager.take(CallQueueManager.java:317)
        at org.apache.hadoop.ipc.Server$Handler.run(Server.java:2932)
"IPC Server handler 18 on default port 32925" daemon prio=5 tid=4688 timed_waiting
java.lang.Thread.State: TIMED_WAITING
        at sun.misc.Unsafe.park(Native Method)
        at java.util.concurrent.locks.LockSupport.parkNanos(LockSupport.java:215)
        at java.util.concurrent.locks.AbstractQueuedSynchronizer$ConditionObject.awaitNanos(AbstractQueuedSynchronizer.java:2078)
        at java.util.concurrent.LinkedBlockingQueue.poll(LinkedBlockingQueue.java:467)
        at org.apache.hadoop.ipc.CallQueueManager.take(CallQueueManager.java:317)
        at org.apache.hadoop.ipc.Server$Handler.run(Server.java:2932)
"qtp834390584-4664" daemon prio=5 tid=4664 timed_waiting
java.lang.Thread.State: TIMED_WAITING
        at sun.misc.Unsafe.park(Native Method)
        at java.util.concurrent.locks.LockSupport.parkNanos(LockSupport.java:215)
        at java.util.concurrent.locks.AbstractQueuedSynchronizer$ConditionObject.awaitNanos(AbstractQueuedSynchronizer.java:2078)
        at org.eclipse.jetty.util.BlockingArrayQueue.poll(BlockingArrayQueue.java:382)
        at org.eclipse.jetty.util.thread.QueuedThreadPool$Runner.idleJobPoll(QueuedThreadPool.java:974)
        at org.eclipse.jetty.util.thread.QueuedThreadPool$Runner.run(QueuedThreadPool.java:1018)
        at java.lang.Thread.run(Thread.java:748)
"IPC Server handler 2 on default port 43321" daemon prio=5 tid=4594 timed_waiting
java.lang.Thread.State: TIMED_WAITING
        at sun.misc.Unsafe.park(Native Method)
        at java.util.concurrent.locks.LockSupport.parkNanos(LockSupport.java:215)
        at java.util.concurrent.locks.AbstractQueuedSynchronizer$ConditionObject.awaitNanos(AbstractQueuedSynchronizer.java:2078)
        at java.util.concurrent.LinkedBlockingQueue.poll(LinkedBlockingQueue.java:467)
        at org.apache.hadoop.ipc.CallQueueManager.take(CallQueueManager.java:317)
        at org.apache.hadoop.ipc.Server$Handler.run(Server.java:2932)
"IPC Parameter Sending Thread #1" daemon prio=5 tid=6905 timed_waiting
java.lang.Thread.State: TIMED_WAITING
        at sun.misc.Unsafe.park(Native Method)
        at java.util.concurrent.locks.LockSupport.parkNanos(LockSupport.java:215)
        at java.util.concurrent.SynchronousQueue$TransferStack.awaitFulfill(SynchronousQueue.java:460)
        at java.util.concurrent.SynchronousQueue$TransferStack.transfer(SynchronousQueue.java:362)
        at java.util.concurrent.SynchronousQueue.poll(SynchronousQueue.java:941)
        at java.util.concurrent.ThreadPoolExecutor.getTask(ThreadPoolExecutor.java:1073)
        at java.util.concurrent.ThreadPoolExecutor.runWorker(ThreadPoolExecutor.java:1134)
        at java.util.concurrent.ThreadPoolExecutor$Worker.run(ThreadPoolExecutor.java:624)
        at java.lang.Thread.run(Thread.java:748)
"EventQueue-ContainerReportForContainerReportHandler" daemon prio=5 tid=4827 in Object.wait()
java.lang.Thread.State: WAITING (on object monitor)
        at sun.misc.Unsafe.park(Native Method)
        at java.util.concurrent.locks.LockSupport.park(LockSupport.java:175)
        at java.util.concurrent.locks.AbstractQueuedSynchronizer$ConditionObject.await(AbstractQueuedSynchronizer.java:2039)
        at java.util.concurrent.LinkedBlockingQueue.take(LinkedBlockingQueue.java:442)
        at java.util.concurrent.ThreadPoolExecutor.getTask(ThreadPoolExecutor.java:1074)
        at java.util.concurrent.ThreadPoolExecutor.runWorker(ThreadPoolExecutor.java:1134)
        at java.util.concurrent.ThreadPoolExecutor$Worker.run(ThreadPoolExecutor.java:624)
        at java.lang.Thread.run(Thread.java:748)
"Periodic HDDS volume checker" daemon prio=5 tid=4719 timed_waiting
java.lang.Thread.State: TIMED_WAITING
        at sun.misc.Unsafe.park(Native Method)
        at java.util.concurrent.locks.LockSupport.parkNanos(LockSupport.java:215)
        at java.util.concurrent.locks.AbstractQueuedSynchronizer$ConditionObject.awaitNanos(AbstractQueuedSynchronizer.java:2078)
        at java.util.concurrent.ScheduledThreadPoolExecutor$DelayedWorkQueue.take(ScheduledThreadPoolExecutor.java:1093)
        at java.util.concurrent.ScheduledThreadPoolExecutor$DelayedWorkQueue.take(ScheduledThreadPoolExecutor.java:809)
        at java.util.concurrent.ThreadPoolExecutor.getTask(ThreadPoolExecutor.java:1074)
        at java.util.concurrent.ThreadPoolExecutor.runWorker(ThreadPoolExecutor.java:1134)
        at java.util.concurrent.ThreadPoolExecutor$Worker.run(ThreadPoolExecutor.java:624)
        at java.lang.Thread.run(Thread.java:748)
"IPC Server handler 18 on default port 32893" daemon prio=5 tid=4630 timed_waiting
java.lang.Thread.State: TIMED_WAITING
        at sun.misc.Unsafe.park(Native Method)
        at java.util.concurrent.locks.LockSupport.parkNanos(LockSupport.java:215)
        at java.util.concurrent.locks.AbstractQueuedSynchronizer$ConditionObject.awaitNanos(AbstractQueuedSynchronizer.java:2078)
        at java.util.concurrent.LinkedBlockingQueue.poll(LinkedBlockingQueue.java:467)
        at org.apache.hadoop.ipc.CallQueueManager.take(CallQueueManager.java:317)
        at org.apache.hadoop.ipc.Server$Handler.run(Server.java:2932)
"Datanode State Machine Thread - 0" daemon prio=5 tid=4759 runnable
java.lang.Thread.State: RUNNABLE
        at java.lang.Thread.sleep(Native Method)
        at org.apache.hadoop.ozone.container.common.statemachine.DatanodeStateMachine.start(DatanodeStateMachine.java:285)
        at org.apache.hadoop.ozone.container.common.statemachine.DatanodeStateMachine.lambda$startDaemon$0(DatanodeStateMachine.java:456)
        at org.apache.hadoop.ozone.container.common.statemachine.DatanodeStateMachine$$Lambda$569/58906656.run(Unknown Source)
        at java.lang.Thread.run(Thread.java:748)
"qtp2133268403-4732" daemon prio=5 tid=4732 timed_waiting
java.lang.Thread.State: TIMED_WAITING
        at sun.misc.Unsafe.park(Native Method)
        at java.util.concurrent.locks.LockSupport.parkNanos(LockSupport.java:215)
        at java.util.concurrent.locks.AbstractQueuedSynchronizer$ConditionObject.awaitNanos(AbstractQueuedSynchronizer.java:2078)
        at org.eclipse.jetty.util.BlockingArrayQueue.poll(BlockingArrayQueue.java:382)
        at org.eclipse.jetty.util.thread.QueuedThreadPool$Runner.idleJobPoll(QueuedThreadPool.java:974)
        at org.eclipse.jetty.util.thread.QueuedThreadPool$Runner.run(QueuedThreadPool.java:1018)
        at java.lang.Thread.run(Thread.java:748)
"OMDoubleBufferFlushThread" daemon prio=5 tid=4647 timed_waiting
java.lang.Thread.State: TIMED_WAITING
        at java.lang.Object.wait(Native Method)
        at org.apache.hadoop.ozone.om.ratis.OzoneManagerDoubleBuffer.canFlush(OzoneManagerDoubleBuffer.java:509)
        at org.apache.hadoop.ozone.om.ratis.OzoneManagerDoubleBuffer.flushTransactions(OzoneManagerDoubleBuffer.java:241)
        at org.apache.hadoop.ozone.om.ratis.OzoneManagerDoubleBuffer$$Lambda$365/649699940.run(Unknown Source)
        at java.lang.Thread.run(Thread.java:748)
"a3a688a0-b759-42a1-9d42-7ea63bf88025@group-BCEEFC5FE04E->41bdc6fc-f730-460f-b2d8-92157d986a72-GrpcLogAppender-LogAppenderDaemon" daemon prio=5 tid=4874 timed_waiting
java.lang.Thread.State: TIMED_WAITING
        at java.lang.Object.wait(Native Method)
        at org.apache.ratis.grpc.server.GrpcLogAppender.mayWait(GrpcLogAppender.java:173)
        at org.apache.ratis.grpc.server.GrpcLogAppender.run(GrpcLogAppender.java:125)
        at org.apache.ratis.server.leader.LogAppenderDaemon.run(LogAppenderDaemon.java:77)
        at org.apache.ratis.server.leader.LogAppenderDaemon$$Lambda$816/1858923544.run(Unknown Source)
        at java.lang.Thread.run(Thread.java:748)
"Session-HouseKeeper-75de0da8-1"  prio=5 tid=4758 timed_waiting
java.lang.Thread.State: TIMED_WAITING
        at sun.misc.Unsafe.park(Native Method)
        at java.util.concurrent.locks.LockSupport.parkNanos(LockSupport.java:215)
        at java.util.concurrent.locks.AbstractQueuedSynchronizer$ConditionObject.awaitNanos(AbstractQueuedSynchronizer.java:2078)
        at java.util.concurrent.ScheduledThreadPoolExecutor$DelayedWorkQueue.take(ScheduledThreadPoolExecutor.java:1093)
        at java.util.concurrent.ScheduledThreadPoolExecutor$DelayedWorkQueue.take(ScheduledThreadPoolExecutor.java:809)
        at java.util.concurrent.ThreadPoolExecutor.getTask(ThreadPoolExecutor.java:1074)
        at java.util.concurrent.ThreadPoolExecutor.runWorker(ThreadPoolExecutor.java:1134)
        at java.util.concurrent.ThreadPoolExecutor$Worker.run(ThreadPoolExecutor.java:624)
        at java.lang.Thread.run(Thread.java:748)
"Datanode ReportManager Thread - 1" daemon prio=5 tid=4711 in Object.wait()
java.lang.Thread.State: WAITING (on object monitor)
        at sun.misc.Unsafe.park(Native Method)
        at java.util.concurrent.locks.LockSupport.park(LockSupport.java:175)
        at java.util.concurrent.locks.AbstractQueuedSynchronizer$ConditionObject.await(AbstractQueuedSynchronizer.java:2039)
        at java.util.concurrent.ScheduledThreadPoolExecutor$DelayedWorkQueue.take(ScheduledThreadPoolExecutor.java:1088)
        at java.util.concurrent.ScheduledThreadPoolExecutor$DelayedWorkQueue.take(ScheduledThreadPoolExecutor.java:809)
        at java.util.concurrent.ThreadPoolExecutor.getTask(ThreadPoolExecutor.java:1074)
        at java.util.concurrent.ThreadPoolExecutor.runWorker(ThreadPoolExecutor.java:1134)
        at java.util.concurrent.ThreadPoolExecutor$Worker.run(ThreadPoolExecutor.java:624)
        at java.lang.Thread.run(Thread.java:748)
"IPC Server handler 4 on default port 32925" daemon prio=5 tid=4674 timed_waiting
java.lang.Thread.State: TIMED_WAITING
        at sun.misc.Unsafe.park(Native Method)
        at java.util.concurrent.locks.LockSupport.parkNanos(LockSupport.java:215)
        at java.util.concurrent.locks.AbstractQueuedSynchronizer$ConditionObject.awaitNanos(AbstractQueuedSynchronizer.java:2078)
        at java.util.concurrent.LinkedBlockingQueue.poll(LinkedBlockingQueue.java:467)
        at org.apache.hadoop.ipc.CallQueueManager.take(CallQueueManager.java:317)
        at org.apache.hadoop.ipc.Server$Handler.run(Server.java:2932)
"IPC Server handler 6 on default port 43321" daemon prio=5 tid=4598 timed_waiting
java.lang.Thread.State: TIMED_WAITING
        at sun.misc.Unsafe.park(Native Method)
        at java.util.concurrent.locks.LockSupport.parkNanos(LockSupport.java:215)
        at java.util.concurrent.locks.AbstractQueuedSynchronizer$ConditionObject.awaitNanos(AbstractQueuedSynchronizer.java:2078)
        at java.util.concurrent.LinkedBlockingQueue.poll(LinkedBlockingQueue.java:467)
        at org.apache.hadoop.ipc.CallQueueManager.take(CallQueueManager.java:317)
        at org.apache.hadoop.ipc.Server$Handler.run(Server.java:2932)
"pool-466-thread-10"  prio=5 tid=4982 in Object.wait()
java.lang.Thread.State: WAITING (on object monitor)
        at sun.misc.Unsafe.park(Native Method)
        at java.util.concurrent.locks.LockSupport.park(LockSupport.java:175)
        at java.util.concurrent.locks.AbstractQueuedSynchronizer$ConditionObject.await(AbstractQueuedSynchronizer.java:2039)
        at java.util.concurrent.LinkedBlockingQueue.take(LinkedBlockingQueue.java:442)
        at java.util.concurrent.ThreadPoolExecutor.getTask(ThreadPoolExecutor.java:1074)
        at java.util.concurrent.ThreadPoolExecutor.runWorker(ThreadPoolExecutor.java:1134)
        at java.util.concurrent.ThreadPoolExecutor$Worker.run(ThreadPoolExecutor.java:624)
        at java.lang.Thread.run(Thread.java:748)
"EventQueue-NodeRegistrationContainerReportForDataNodeSafeModeRule" daemon prio=5 tid=4819 in Object.wait()
java.lang.Thread.State: WAITING (on object monitor)
        at sun.misc.Unsafe.park(Native Method)
        at java.util.concurrent.locks.LockSupport.park(LockSupport.java:175)
        at java.util.concurrent.locks.AbstractQueuedSynchronizer$ConditionObject.await(AbstractQueuedSynchronizer.java:2039)
        at java.util.concurrent.LinkedBlockingQueue.take(LinkedBlockingQueue.java:442)
        at java.util.concurrent.ThreadPoolExecutor.getTask(ThreadPoolExecutor.java:1074)
        at java.util.concurrent.ThreadPoolExecutor.runWorker(ThreadPoolExecutor.java:1134)
        at java.util.concurrent.ThreadPoolExecutor$Worker.run(ThreadPoolExecutor.java:624)
        at java.lang.Thread.run(Thread.java:748)
"Socket Reader #1 for port 0"  prio=5 tid=4558 runnable
java.lang.Thread.State: RUNNABLE
        at sun.nio.ch.EPollArrayWrapper.epollWait(Native Method)
        at sun.nio.ch.EPollArrayWrapper.poll(EPollArrayWrapper.java:269)
        at sun.nio.ch.EPollSelectorImpl.doSelect(EPollSelectorImpl.java:93)
        at sun.nio.ch.SelectorImpl.lockAndDoSelect(SelectorImpl.java:86)
        at sun.nio.ch.SelectorImpl.select(SelectorImpl.java:97)
        at sun.nio.ch.SelectorImpl.select(SelectorImpl.java:101)
        at org.apache.hadoop.ipc.Server$Listener$Reader.doRunLoop(Server.java:1288)
        at org.apache.hadoop.ipc.Server$Listener$Reader.run(Server.java:1267)
"IPC Server handler 19 on default port 46143" daemon prio=5 tid=4591 timed_waiting
java.lang.Thread.State: TIMED_WAITING
        at sun.misc.Unsafe.park(Native Method)
        at java.util.concurrent.locks.LockSupport.parkNanos(LockSupport.java:215)
        at java.util.concurrent.locks.AbstractQueuedSynchronizer$ConditionObject.awaitNanos(AbstractQueuedSynchronizer.java:2078)
        at java.util.concurrent.LinkedBlockingQueue.poll(LinkedBlockingQueue.java:467)
        at org.apache.hadoop.ipc.CallQueueManager.take(CallQueueManager.java:317)
        at org.apache.hadoop.ipc.Server$Handler.run(Server.java:2932)
"ChunkWriter-2-0" daemon prio=5 tid=4773 in Object.wait()
java.lang.Thread.State: WAITING (on object monitor)
        at sun.misc.Unsafe.park(Native Method)
        at java.util.concurrent.locks.LockSupport.park(LockSupport.java:175)
        at java.util.concurrent.locks.AbstractQueuedSynchronizer$ConditionObject.await(AbstractQueuedSynchronizer.java:2039)
        at java.util.concurrent.LinkedBlockingDeque.takeFirst(LinkedBlockingDeque.java:492)
        at java.util.concurrent.LinkedBlockingDeque.take(LinkedBlockingDeque.java:680)
        at java.util.concurrent.ThreadPoolExecutor.getTask(ThreadPoolExecutor.java:1074)
        at java.util.concurrent.ThreadPoolExecutor.runWorker(ThreadPoolExecutor.java:1134)
        at java.util.concurrent.ThreadPoolExecutor$Worker.run(ThreadPoolExecutor.java:624)
        at java.lang.Thread.run(Thread.java:748)
"IPC Server handler 4 on default port 46143" daemon prio=5 tid=4576 timed_waiting
java.lang.Thread.State: TIMED_WAITING
        at sun.misc.Unsafe.park(Native Method)
        at java.util.concurrent.locks.LockSupport.parkNanos(LockSupport.java:215)
        at java.util.concurrent.locks.AbstractQueuedSynchronizer$ConditionObject.awaitNanos(AbstractQueuedSynchronizer.java:2078)
        at java.util.concurrent.LinkedBlockingQueue.poll(LinkedBlockingQueue.java:467)
        at org.apache.hadoop.ipc.CallQueueManager.take(CallQueueManager.java:317)
        at org.apache.hadoop.ipc.Server$Handler.run(Server.java:2932)
"PartialTableCache Cleanup Thread - 0" daemon prio=5 tid=3928 in Object.wait()
java.lang.Thread.State: WAITING (on object monitor)
        at sun.misc.Unsafe.park(Native Method)
        at java.util.concurrent.locks.LockSupport.park(LockSupport.java:175)
        at java.util.concurrent.locks.AbstractQueuedSynchronizer$ConditionObject.await(AbstractQueuedSynchronizer.java:2039)
        at java.util.concurrent.LinkedBlockingQueue.take(LinkedBlockingQueue.java:442)
        at java.util.concurrent.ThreadPoolExecutor.getTask(ThreadPoolExecutor.java:1074)
        at java.util.concurrent.ThreadPoolExecutor.runWorker(ThreadPoolExecutor.java:1134)
        at java.util.concurrent.ThreadPoolExecutor$Worker.run(ThreadPoolExecutor.java:624)
        at java.lang.Thread.run(Thread.java:748)
"pool-438-thread-1"  prio=5 tid=4839 in Object.wait()
java.lang.Thread.State: WAITING (on object monitor)
        at sun.misc.Unsafe.park(Native Method)
        at java.util.concurrent.locks.LockSupport.park(LockSupport.java:175)
        at java.util.concurrent.locks.AbstractQueuedSynchronizer$ConditionObject.await(AbstractQueuedSynchronizer.java:2039)
        at java.util.concurrent.LinkedBlockingQueue.take(LinkedBlockingQueue.java:442)
        at java.util.concurrent.ThreadPoolExecutor.getTask(ThreadPoolExecutor.java:1074)
        at java.util.concurrent.ThreadPoolExecutor.runWorker(ThreadPoolExecutor.java:1134)
        at java.util.concurrent.ThreadPoolExecutor$Worker.run(ThreadPoolExecutor.java:624)
        at java.lang.Thread.run(Thread.java:748)
"Datanode State Machine Task Thread - 0"  prio=5 tid=4742 in Object.wait()
java.lang.Thread.State: WAITING (on object monitor)
        at sun.misc.Unsafe.park(Native Method)
        at java.util.concurrent.locks.LockSupport.park(LockSupport.java:175)
        at java.util.concurrent.locks.AbstractQueuedSynchronizer$ConditionObject.await(AbstractQueuedSynchronizer.java:2039)
        at java.util.concurrent.LinkedBlockingQueue.take(LinkedBlockingQueue.java:442)
        at java.util.concurrent.ThreadPoolExecutor.getTask(ThreadPoolExecutor.java:1074)
        at java.util.concurrent.ThreadPoolExecutor.runWorker(ThreadPoolExecutor.java:1134)
        at java.util.concurrent.ThreadPoolExecutor$Worker.run(ThreadPoolExecutor.java:624)
        at java.lang.Thread.run(Thread.java:748)
"qtp2133268403-4729" daemon prio=5 tid=4729 timed_waiting
java.lang.Thread.State: TIMED_WAITING
        at sun.misc.Unsafe.park(Native Method)
        at java.util.concurrent.locks.LockSupport.parkNanos(LockSupport.java:215)
        at java.util.concurrent.locks.AbstractQueuedSynchronizer$ConditionObject.awaitNanos(AbstractQueuedSynchronizer.java:2078)
        at org.eclipse.jetty.util.BlockingArrayQueue.poll(BlockingArrayQueue.java:382)
        at org.eclipse.jetty.util.thread.QueuedThreadPool$Runner.idleJobPoll(QueuedThreadPool.java:974)
        at org.eclipse.jetty.util.thread.QueuedThreadPool$Runner.run(QueuedThreadPool.java:1018)
        at java.lang.Thread.run(Thread.java:748)
"Reference Handler" daemon prio=10 tid=2 in Object.wait()
java.lang.Thread.State: WAITING (on object monitor)
        at java.lang.Object.wait(Native Method)
        at java.lang.Object.wait(Object.java:502)
        at java.lang.ref.Reference.tryHandlePending(Reference.java:191)
        at java.lang.ref.Reference$ReferenceHandler.run(Reference.java:153)
"IPC Server handler 12 on default port 46143" daemon prio=5 tid=4584 timed_waiting
java.lang.Thread.State: TIMED_WAITING
        at sun.misc.Unsafe.park(Native Method)
        at java.util.concurrent.locks.LockSupport.parkNanos(LockSupport.java:215)
        at java.util.concurrent.locks.AbstractQueuedSynchronizer$ConditionObject.awaitNanos(AbstractQueuedSynchronizer.java:2078)
        at java.util.concurrent.LinkedBlockingQueue.poll(LinkedBlockingQueue.java:467)
        at org.apache.hadoop.ipc.CallQueueManager.take(CallQueueManager.java:317)
        at org.apache.hadoop.ipc.Server$Handler.run(Server.java:2932)
"pool-466-thread-2"  prio=5 tid=4914 in Object.wait()
java.lang.Thread.State: WAITING (on object monitor)
        at sun.misc.Unsafe.park(Native Method)
        at java.util.concurrent.locks.LockSupport.park(LockSupport.java:175)
        at java.util.concurrent.locks.AbstractQueuedSynchronizer$ConditionObject.await(AbstractQueuedSynchronizer.java:2039)
        at java.util.concurrent.LinkedBlockingQueue.take(LinkedBlockingQueue.java:442)
        at java.util.concurrent.ThreadPoolExecutor.getTask(ThreadPoolExecutor.java:1074)
        at java.util.concurrent.ThreadPoolExecutor.runWorker(ThreadPoolExecutor.java:1134)
        at java.util.concurrent.ThreadPoolExecutor$Worker.run(ThreadPoolExecutor.java:624)
        at java.lang.Thread.run(Thread.java:748)
"IPC Server handler 10 on default port 43321" daemon prio=5 tid=4602 timed_waiting
java.lang.Thread.State: TIMED_WAITING
        at sun.misc.Unsafe.park(Native Method)
        at java.util.concurrent.locks.LockSupport.parkNanos(LockSupport.java:215)
        at java.util.concurrent.locks.AbstractQueuedSynchronizer$ConditionObject.awaitNanos(AbstractQueuedSynchronizer.java:2078)
        at java.util.concurrent.LinkedBlockingQueue.poll(LinkedBlockingQueue.java:467)
        at org.apache.hadoop.ipc.CallQueueManager.take(CallQueueManager.java:317)
        at org.apache.hadoop.ipc.Server$Handler.run(Server.java:2932)
"qtp580779646-4639" daemon prio=5 tid=4639 timed_waiting
java.lang.Thread.State: TIMED_WAITING
        at sun.misc.Unsafe.park(Native Method)
        at java.util.concurrent.locks.LockSupport.parkNanos(LockSupport.java:215)
        at java.util.concurrent.locks.AbstractQueuedSynchronizer$ConditionObject.awaitNanos(AbstractQueuedSynchronizer.java:2078)
        at org.eclipse.jetty.util.BlockingArrayQueue.poll(BlockingArrayQueue.java:382)
        at org.eclipse.jetty.util.thread.QueuedThreadPool$Runner.idleJobPoll(QueuedThreadPool.java:974)
        at org.eclipse.jetty.util.thread.QueuedThreadPool$Runner.run(QueuedThreadPool.java:1018)
        at java.lang.Thread.run(Thread.java:748)
"DeleteBlocksCommandHandlerThread-0" daemon prio=5 tid=7632 timed_waiting
java.lang.Thread.State: TIMED_WAITING
        at sun.misc.Unsafe.park(Native Method)
        at java.util.concurrent.locks.LockSupport.parkNanos(LockSupport.java:215)
        at java.util.concurrent.locks.AbstractQueuedSynchronizer$ConditionObject.awaitNanos(AbstractQueuedSynchronizer.java:2078)
        at java.util.concurrent.LinkedBlockingQueue.poll(LinkedBlockingQueue.java:467)
        at java.util.concurrent.ThreadPoolExecutor.getTask(ThreadPoolExecutor.java:1073)
        at java.util.concurrent.ThreadPoolExecutor.runWorker(ThreadPoolExecutor.java:1134)
        at java.util.concurrent.ThreadPoolExecutor$Worker.run(ThreadPoolExecutor.java:624)
        at java.lang.Thread.run(Thread.java:748)
"Datanode State Machine Thread - 0" daemon prio=5 tid=4734 timed_waiting
java.lang.Thread.State: TIMED_WAITING
        at java.lang.Thread.sleep(Native Method)
        at org.apache.hadoop.ozone.container.common.statemachine.DatanodeStateMachine.start(DatanodeStateMachine.java:285)
        at org.apache.hadoop.ozone.container.common.statemachine.DatanodeStateMachine.lambda$startDaemon$0(DatanodeStateMachine.java:456)
        at org.apache.hadoop.ozone.container.common.statemachine.DatanodeStateMachine$$Lambda$569/58906656.run(Unknown Source)
        at java.lang.Thread.run(Thread.java:748)
"IPC Server handler 5 on default port 32893" daemon prio=5 tid=4617 timed_waiting
java.lang.Thread.State: TIMED_WAITING
        at sun.misc.Unsafe.park(Native Method)
        at java.util.concurrent.locks.LockSupport.parkNanos(LockSupport.java:215)
        at java.util.concurrent.locks.AbstractQueuedSynchronizer$ConditionObject.awaitNanos(AbstractQueuedSynchronizer.java:2078)
        at java.util.concurrent.LinkedBlockingQueue.poll(LinkedBlockingQueue.java:467)
        at org.apache.hadoop.ipc.CallQueueManager.take(CallQueueManager.java:317)
        at org.apache.hadoop.ipc.Server$Handler.run(Server.java:2932)
"BlockDeletingService#4" daemon prio=5 tid=4814 in Object.wait()
java.lang.Thread.State: WAITING (on object monitor)
        at sun.misc.Unsafe.park(Native Method)
        at java.util.concurrent.locks.LockSupport.park(LockSupport.java:175)
        at java.util.concurrent.locks.AbstractQueuedSynchronizer$ConditionObject.await(AbstractQueuedSynchronizer.java:2039)
        at java.util.concurrent.ScheduledThreadPoolExecutor$DelayedWorkQueue.take(ScheduledThreadPoolExecutor.java:1088)
        at java.util.concurrent.ScheduledThreadPoolExecutor$DelayedWorkQueue.take(ScheduledThreadPoolExecutor.java:809)
        at java.util.concurrent.ThreadPoolExecutor.getTask(ThreadPoolExecutor.java:1074)
        at java.util.concurrent.ThreadPoolExecutor.runWorker(ThreadPoolExecutor.java:1134)
        at java.util.concurrent.ThreadPoolExecutor$Worker.run(ThreadPoolExecutor.java:624)
        at java.lang.Thread.run(Thread.java:748)
"qtp1299272458-4702" daemon prio=5 tid=4702 timed_waiting
java.lang.Thread.State: TIMED_WAITING
        at sun.misc.Unsafe.park(Native Method)
        at java.util.concurrent.locks.LockSupport.parkNanos(LockSupport.java:215)
        at java.util.concurrent.locks.AbstractQueuedSynchronizer$ConditionObject.awaitNanos(AbstractQueuedSynchronizer.java:2078)
        at org.eclipse.jetty.util.BlockingArrayQueue.poll(BlockingArrayQueue.java:382)
        at org.eclipse.jetty.util.thread.QueuedThreadPool$Runner.idleJobPoll(QueuedThreadPool.java:974)
        at org.eclipse.jetty.util.thread.QueuedThreadPool$Runner.run(QueuedThreadPool.java:1018)
        at java.lang.Thread.run(Thread.java:748)
"qtp834390584-4667" daemon prio=5 tid=4667 timed_waiting
java.lang.Thread.State: TIMED_WAITING
        at sun.misc.Unsafe.park(Native Method)
        at java.util.concurrent.locks.LockSupport.parkNanos(LockSupport.java:215)
        at java.util.concurrent.locks.AbstractQueuedSynchronizer$ConditionObject.awaitNanos(AbstractQueuedSynchronizer.java:2078)
        at org.eclipse.jetty.util.BlockingArrayQueue.poll(BlockingArrayQueue.java:382)
        at org.eclipse.jetty.util.thread.QueuedThreadPool$Runner.idleJobPoll(QueuedThreadPool.java:974)
        at org.eclipse.jetty.util.thread.QueuedThreadPool$Runner.run(QueuedThreadPool.java:1018)
        at java.lang.Thread.run(Thread.java:748)
"BlockDeletingService#2" daemon prio=5 tid=4795 in Object.wait()
java.lang.Thread.State: WAITING (on object monitor)
        at sun.misc.Unsafe.park(Native Method)
        at java.util.concurrent.locks.LockSupport.park(LockSupport.java:175)
        at java.util.concurrent.locks.AbstractQueuedSynchronizer$ConditionObject.await(AbstractQueuedSynchronizer.java:2039)
        at java.util.concurrent.ScheduledThreadPoolExecutor$DelayedWorkQueue.take(ScheduledThreadPoolExecutor.java:1088)
        at java.util.concurrent.ScheduledThreadPoolExecutor$DelayedWorkQueue.take(ScheduledThreadPoolExecutor.java:809)
        at java.util.concurrent.ThreadPoolExecutor.getTask(ThreadPoolExecutor.java:1074)
        at java.util.concurrent.ThreadPoolExecutor.runWorker(ThreadPoolExecutor.java:1134)
        at java.util.concurrent.ThreadPoolExecutor$Worker.run(ThreadPoolExecutor.java:624)
        at java.lang.Thread.run(Thread.java:748)
"Datanode State Machine Task Thread - 1"  prio=5 tid=4768 in Object.wait()
java.lang.Thread.State: WAITING (on object monitor)
        at sun.misc.Unsafe.park(Native Method)
        at java.util.concurrent.locks.LockSupport.park(LockSupport.java:175)
        at java.util.concurrent.locks.AbstractQueuedSynchronizer$ConditionObject.await(AbstractQueuedSynchronizer.java:2039)
        at java.util.concurrent.LinkedBlockingQueue.take(LinkedBlockingQueue.java:442)
        at java.util.concurrent.ThreadPoolExecutor.getTask(ThreadPoolExecutor.java:1074)
        at java.util.concurrent.ThreadPoolExecutor.runWorker(ThreadPoolExecutor.java:1134)
        at java.util.concurrent.ThreadPoolExecutor$Worker.run(ThreadPoolExecutor.java:624)
        at java.lang.Thread.run(Thread.java:748)
"EventQueue-DatanodeCommandForSCMNodeManager"  prio=5 tid=4828 in Object.wait()
java.lang.Thread.State: WAITING (on object monitor)
        at sun.misc.Unsafe.park(Native Method)
        at java.util.concurrent.locks.LockSupport.park(LockSupport.java:175)
        at java.util.concurrent.locks.AbstractQueuedSynchronizer$ConditionObject.await(AbstractQueuedSynchronizer.java:2039)
        at java.util.concurrent.LinkedBlockingQueue.take(LinkedBlockingQueue.java:442)
        at java.util.concurrent.ThreadPoolExecutor.getTask(ThreadPoolExecutor.java:1074)
        at java.util.concurrent.ThreadPoolExecutor.runWorker(ThreadPoolExecutor.java:1134)
        at java.util.concurrent.ThreadPoolExecutor$Worker.run(ThreadPoolExecutor.java:624)
        at java.lang.Thread.run(Thread.java:748)
"IPC Server handler 13 on default port 32925" daemon prio=5 tid=4683 timed_waiting
java.lang.Thread.State: TIMED_WAITING
        at sun.misc.Unsafe.park(Native Method)
        at java.util.concurrent.locks.LockSupport.parkNanos(LockSupport.java:215)
        at java.util.concurrent.locks.AbstractQueuedSynchronizer$ConditionObject.awaitNanos(AbstractQueuedSynchronizer.java:2078)
        at java.util.concurrent.LinkedBlockingQueue.poll(LinkedBlockingQueue.java:467)
        at org.apache.hadoop.ipc.CallQueueManager.take(CallQueueManager.java:317)
        at org.apache.hadoop.ipc.Server$Handler.run(Server.java:2932)
"pool-467-thread-6"  prio=5 tid=4950 in Object.wait()
java.lang.Thread.State: WAITING (on object monitor)
        at sun.misc.Unsafe.park(Native Method)
        at java.util.concurrent.locks.LockSupport.park(LockSupport.java:175)
        at java.util.concurrent.locks.AbstractQueuedSynchronizer$ConditionObject.await(AbstractQueuedSynchronizer.java:2039)
        at java.util.concurrent.LinkedBlockingQueue.take(LinkedBlockingQueue.java:442)
        at java.util.concurrent.ThreadPoolExecutor.getTask(ThreadPoolExecutor.java:1074)
        at java.util.concurrent.ThreadPoolExecutor.runWorker(ThreadPoolExecutor.java:1134)
        at java.util.concurrent.ThreadPoolExecutor$Worker.run(ThreadPoolExecutor.java:624)
        at java.lang.Thread.run(Thread.java:748)
"BlockDeletingService#0" daemon prio=5 tid=4776 in Object.wait()
java.lang.Thread.State: WAITING (on object monitor)
        at sun.misc.Unsafe.park(Native Method)
        at java.util.concurrent.locks.LockSupport.park(LockSupport.java:175)
        at java.util.concurrent.locks.AbstractQueuedSynchronizer$ConditionObject.await(AbstractQueuedSynchronizer.java:2039)
        at java.util.concurrent.ScheduledThreadPoolExecutor$DelayedWorkQueue.take(ScheduledThreadPoolExecutor.java:1088)
        at java.util.concurrent.ScheduledThreadPoolExecutor$DelayedWorkQueue.take(ScheduledThreadPoolExecutor.java:809)
        at java.util.concurrent.ThreadPoolExecutor.getTask(ThreadPoolExecutor.java:1074)
        at java.util.concurrent.ThreadPoolExecutor.runWorker(ThreadPoolExecutor.java:1134)
        at java.util.concurrent.ThreadPoolExecutor$Worker.run(ThreadPoolExecutor.java:624)
        at java.lang.Thread.run(Thread.java:748)
"org.apache.hadoop.util.JvmPauseMonitor$Monitor@2394f48b" daemon prio=5 tid=4716 timed_waiting
java.lang.Thread.State: TIMED_WAITING
        at java.lang.Thread.sleep(Native Method)
        at org.apache.hadoop.util.JvmPauseMonitor$Monitor.run(JvmPauseMonitor.java:192)
        at java.lang.Thread.run(Thread.java:748)
"IPC Server handler 2 on default port 46143" daemon prio=5 tid=4574 timed_waiting
java.lang.Thread.State: TIMED_WAITING
        at sun.misc.Unsafe.park(Native Method)
        at java.util.concurrent.locks.LockSupport.parkNanos(LockSupport.java:215)
        at java.util.concurrent.locks.AbstractQueuedSynchronizer$ConditionObject.awaitNanos(AbstractQueuedSynchronizer.java:2078)
        at java.util.concurrent.LinkedBlockingQueue.poll(LinkedBlockingQueue.java:467)
        at org.apache.hadoop.ipc.CallQueueManager.take(CallQueueManager.java:317)
        at org.apache.hadoop.ipc.Server$Handler.run(Server.java:2932)
"qtp342524388-4754" daemon prio=5 tid=4754 timed_waiting
java.lang.Thread.State: TIMED_WAITING
        at sun.misc.Unsafe.park(Native Method)
        at java.util.concurrent.locks.LockSupport.parkNanos(LockSupport.java:215)
        at java.util.concurrent.locks.AbstractQueuedSynchronizer$ConditionObject.awaitNanos(AbstractQueuedSynchronizer.java:2078)
        at org.eclipse.jetty.util.BlockingArrayQueue.poll(BlockingArrayQueue.java:382)
        at org.eclipse.jetty.util.thread.QueuedThreadPool$Runner.idleJobPoll(QueuedThreadPool.java:974)
        at org.eclipse.jetty.util.thread.QueuedThreadPool$Runner.run(QueuedThreadPool.java:1018)
        at java.lang.Thread.run(Thread.java:748)
"ChunkWriter-0-0" daemon prio=5 tid=4802 in Object.wait()
java.lang.Thread.State: WAITING (on object monitor)
        at sun.misc.Unsafe.park(Native Method)
        at java.util.concurrent.locks.LockSupport.park(LockSupport.java:175)
        at java.util.concurrent.locks.AbstractQueuedSynchronizer$ConditionObject.await(AbstractQueuedSynchronizer.java:2039)
        at java.util.concurrent.LinkedBlockingDeque.takeFirst(LinkedBlockingDeque.java:492)
        at java.util.concurrent.LinkedBlockingDeque.take(LinkedBlockingDeque.java:680)
        at java.util.concurrent.ThreadPoolExecutor.getTask(ThreadPoolExecutor.java:1074)
        at java.util.concurrent.ThreadPoolExecutor.runWorker(ThreadPoolExecutor.java:1134)
        at java.util.concurrent.ThreadPoolExecutor$Worker.run(ThreadPoolExecutor.java:624)
        at java.lang.Thread.run(Thread.java:748)
"qtp2133268403-4730" daemon prio=5 tid=4730 timed_waiting
java.lang.Thread.State: TIMED_WAITING
        at sun.misc.Unsafe.park(Native Method)
        at java.util.concurrent.locks.LockSupport.parkNanos(LockSupport.java:215)
        at java.util.concurrent.locks.AbstractQueuedSynchronizer$ConditionObject.awaitNanos(AbstractQueuedSynchronizer.java:2078)
        at org.eclipse.jetty.util.BlockingArrayQueue.poll(BlockingArrayQueue.java:382)
        at org.eclipse.jetty.util.thread.QueuedThreadPool$Runner.idleJobPoll(QueuedThreadPool.java:974)
        at org.eclipse.jetty.util.thread.QueuedThreadPool$Runner.run(QueuedThreadPool.java:1018)
        at java.lang.Thread.run(Thread.java:748)
"IPC Server handler 4 on default port 43321" daemon prio=5 tid=4596 timed_waiting
java.lang.Thread.State: TIMED_WAITING
        at sun.misc.Unsafe.park(Native Method)
        at java.util.concurrent.locks.LockSupport.parkNanos(LockSupport.java:215)
        at java.util.concurrent.locks.AbstractQueuedSynchronizer$ConditionObject.awaitNanos(AbstractQueuedSynchronizer.java:2078)
        at java.util.concurrent.LinkedBlockingQueue.poll(LinkedBlockingQueue.java:467)
        at org.apache.hadoop.ipc.CallQueueManager.take(CallQueueManager.java:317)
        at org.apache.hadoop.ipc.Server$Handler.run(Server.java:2932)
"pool-465-thread-2"  prio=5 tid=4919 in Object.wait()
java.lang.Thread.State: WAITING (on object monitor)
        at sun.misc.Unsafe.park(Native Method)
        at java.util.concurrent.locks.LockSupport.park(LockSupport.java:175)
        at java.util.concurrent.locks.AbstractQueuedSynchronizer$ConditionObject.await(AbstractQueuedSynchronizer.java:2039)
        at java.util.concurrent.LinkedBlockingQueue.take(LinkedBlockingQueue.java:442)
        at java.util.concurrent.ThreadPoolExecutor.getTask(ThreadPoolExecutor.java:1074)
        at java.util.concurrent.ThreadPoolExecutor.runWorker(ThreadPoolExecutor.java:1134)
        at java.util.concurrent.ThreadPoolExecutor$Worker.run(ThreadPoolExecutor.java:624)
        at java.lang.Thread.run(Thread.java:748)
"EventQueue-ContainerReportForContainerReportHandler" daemon prio=5 tid=4818 in Object.wait()
java.lang.Thread.State: WAITING (on object monitor)
        at sun.misc.Unsafe.park(Native Method)
        at java.util.concurrent.locks.LockSupport.park(LockSupport.java:175)
        at java.util.concurrent.locks.AbstractQueuedSynchronizer$ConditionObject.await(AbstractQueuedSynchronizer.java:2039)
        at java.util.concurrent.LinkedBlockingQueue.take(LinkedBlockingQueue.java:442)
        at java.util.concurrent.ThreadPoolExecutor.getTask(ThreadPoolExecutor.java:1074)
        at java.util.concurrent.ThreadPoolExecutor.runWorker(ThreadPoolExecutor.java:1134)
        at java.util.concurrent.ThreadPoolExecutor$Worker.run(ThreadPoolExecutor.java:624)
        at java.lang.Thread.run(Thread.java:748)
"qtp1299272458-4701" daemon prio=5 tid=4701 timed_waiting
java.lang.Thread.State: TIMED_WAITING
        at sun.misc.Unsafe.park(Native Method)
        at java.util.concurrent.locks.LockSupport.parkNanos(LockSupport.java:215)
        at java.util.concurrent.locks.AbstractQueuedSynchronizer$ConditionObject.awaitNanos(AbstractQueuedSynchronizer.java:2078)
        at org.eclipse.jetty.util.BlockingArrayQueue.poll(BlockingArrayQueue.java:382)
        at org.eclipse.jetty.util.thread.QueuedThreadPool$Runner.idleJobPoll(QueuedThreadPool.java:974)
        at org.eclipse.jetty.util.thread.QueuedThreadPool$Runner.run(QueuedThreadPool.java:1018)
        at java.lang.Thread.run(Thread.java:748)
"pool-412-thread-1" daemon prio=5 tid=4694 timed_waiting
java.lang.Thread.State: TIMED_WAITING
        at sun.misc.Unsafe.park(Native Method)
        at java.util.concurrent.locks.LockSupport.parkNanos(LockSupport.java:215)
        at java.util.concurrent.locks.AbstractQueuedSynchronizer$ConditionObject.awaitNanos(AbstractQueuedSynchronizer.java:2078)
        at java.util.concurrent.ScheduledThreadPoolExecutor$DelayedWorkQueue.take(ScheduledThreadPoolExecutor.java:1093)
        at java.util.concurrent.ScheduledThreadPoolExecutor$DelayedWorkQueue.take(ScheduledThreadPoolExecutor.java:809)
        at java.util.concurrent.ThreadPoolExecutor.getTask(ThreadPoolExecutor.java:1074)
        at java.util.concurrent.ThreadPoolExecutor.runWorker(ThreadPoolExecutor.java:1134)
        at java.util.concurrent.ThreadPoolExecutor$Worker.run(ThreadPoolExecutor.java:624)
        at java.lang.Thread.run(Thread.java:748)
"BlockDeletingService#8" daemon prio=5 tid=4784 in Object.wait()
java.lang.Thread.State: WAITING (on object monitor)
        at sun.misc.Unsafe.park(Native Method)
        at java.util.concurrent.locks.LockSupport.park(LockSupport.java:175)
        at java.util.concurrent.locks.AbstractQueuedSynchronizer$ConditionObject.await(AbstractQueuedSynchronizer.java:2039)
        at java.util.concurrent.ScheduledThreadPoolExecutor$DelayedWorkQueue.take(ScheduledThreadPoolExecutor.java:1088)
        at java.util.concurrent.ScheduledThreadPoolExecutor$DelayedWorkQueue.take(ScheduledThreadPoolExecutor.java:809)
        at java.util.concurrent.ThreadPoolExecutor.getTask(ThreadPoolExecutor.java:1074)
        at java.util.concurrent.ThreadPoolExecutor.runWorker(ThreadPoolExecutor.java:1134)
        at java.util.concurrent.ThreadPoolExecutor$Worker.run(ThreadPoolExecutor.java:624)
        at java.lang.Thread.run(Thread.java:748)
"pool-465-thread-1"  prio=5 tid=4912 in Object.wait()
java.lang.Thread.State: WAITING (on object monitor)
        at sun.misc.Unsafe.park(Native Method)
        at java.util.concurrent.locks.LockSupport.park(LockSupport.java:175)
        at java.util.concurrent.locks.AbstractQueuedSynchronizer$ConditionObject.await(AbstractQueuedSynchronizer.java:2039)
        at java.util.concurrent.LinkedBlockingQueue.take(LinkedBlockingQueue.java:442)
        at java.util.concurrent.ThreadPoolExecutor.getTask(ThreadPoolExecutor.java:1074)
        at java.util.concurrent.ThreadPoolExecutor.runWorker(ThreadPoolExecutor.java:1134)
        at java.util.concurrent.ThreadPoolExecutor$Worker.run(ThreadPoolExecutor.java:624)
        at java.lang.Thread.run(Thread.java:748)
"pool-450-thread-1" daemon prio=5 tid=4746 timed_waiting
java.lang.Thread.State: TIMED_WAITING
        at sun.misc.Unsafe.park(Native Method)
        at java.util.concurrent.locks.LockSupport.parkNanos(LockSupport.java:215)
        at java.util.concurrent.locks.AbstractQueuedSynchronizer$ConditionObject.awaitNanos(AbstractQueuedSynchronizer.java:2078)
        at java.util.concurrent.ScheduledThreadPoolExecutor$DelayedWorkQueue.take(ScheduledThreadPoolExecutor.java:1093)
        at java.util.concurrent.ScheduledThreadPoolExecutor$DelayedWorkQueue.take(ScheduledThreadPoolExecutor.java:809)
        at java.util.concurrent.ThreadPoolExecutor.getTask(ThreadPoolExecutor.java:1074)
        at java.util.concurrent.ThreadPoolExecutor.runWorker(ThreadPoolExecutor.java:1134)
        at java.util.concurrent.ThreadPoolExecutor$Worker.run(ThreadPoolExecutor.java:624)
        at java.lang.Thread.run(Thread.java:748)
"EventQueue-PipelineReportForOneReplicaPipelineSafeModeRule" daemon prio=5 tid=4822 in Object.wait()
java.lang.Thread.State: WAITING (on object monitor)
        at sun.misc.Unsafe.park(Native Method)
        at java.util.concurrent.locks.LockSupport.park(LockSupport.java:175)
        at java.util.concurrent.locks.AbstractQueuedSynchronizer$ConditionObject.await(AbstractQueuedSynchronizer.java:2039)
        at java.util.concurrent.LinkedBlockingQueue.take(LinkedBlockingQueue.java:442)
        at java.util.concurrent.ThreadPoolExecutor.getTask(ThreadPoolExecutor.java:1074)
        at java.util.concurrent.ThreadPoolExecutor.runWorker(ThreadPoolExecutor.java:1134)
        at java.util.concurrent.ThreadPoolExecutor$Worker.run(ThreadPoolExecutor.java:624)
        at java.lang.Thread.run(Thread.java:748)
"BlockDeletingService#6" daemon prio=5 tid=4799 in Object.wait()
java.lang.Thread.State: WAITING (on object monitor)
        at sun.misc.Unsafe.park(Native Method)
        at java.util.concurrent.locks.LockSupport.park(LockSupport.java:175)
        at java.util.concurrent.locks.AbstractQueuedSynchronizer$ConditionObject.await(AbstractQueuedSynchronizer.java:2039)
        at java.util.concurrent.ScheduledThreadPoolExecutor$DelayedWorkQueue.take(ScheduledThreadPoolExecutor.java:1088)
        at java.util.concurrent.ScheduledThreadPoolExecutor$DelayedWorkQueue.take(ScheduledThreadPoolExecutor.java:809)
        at java.util.concurrent.ThreadPoolExecutor.getTask(ThreadPoolExecutor.java:1074)
        at java.util.concurrent.ThreadPoolExecutor.runWorker(ThreadPoolExecutor.java:1134)
        at java.util.concurrent.ThreadPoolExecutor$Worker.run(ThreadPoolExecutor.java:624)
        at java.lang.Thread.run(Thread.java:748)
"qtp342524388-4753" daemon prio=5 tid=4753 timed_waiting
java.lang.Thread.State: TIMED_WAITING
        at sun.misc.Unsafe.park(Native Method)
        at java.util.concurrent.locks.LockSupport.parkNanos(LockSupport.java:215)
        at java.util.concurrent.locks.AbstractQueuedSynchronizer$ConditionObject.awaitNanos(AbstractQueuedSynchronizer.java:2078)
        at org.eclipse.jetty.util.BlockingArrayQueue.poll(BlockingArrayQueue.java:382)
        at org.eclipse.jetty.util.thread.QueuedThreadPool$Runner.idleJobPoll(QueuedThreadPool.java:974)
        at org.eclipse.jetty.util.thread.QueuedThreadPool$Runner.run(QueuedThreadPool.java:1018)
        at java.lang.Thread.run(Thread.java:748)
"IPC Server listener on 0" daemon prio=5 tid=4557 runnable
java.lang.Thread.State: RUNNABLE
        at sun.nio.ch.EPollArrayWrapper.epollWait(Native Method)
        at sun.nio.ch.EPollArrayWrapper.poll(EPollArrayWrapper.java:269)
        at sun.nio.ch.EPollSelectorImpl.doSelect(EPollSelectorImpl.java:93)
        at sun.nio.ch.SelectorImpl.lockAndDoSelect(SelectorImpl.java:86)
        at sun.nio.ch.SelectorImpl.select(SelectorImpl.java:97)
        at sun.nio.ch.SelectorImpl.select(SelectorImpl.java:101)
        at org.apache.hadoop.ipc.Server$Listener.run(Server.java:1350)
"qtp834390584-4665" daemon prio=5 tid=4665 timed_waiting
java.lang.Thread.State: TIMED_WAITING
        at sun.misc.Unsafe.park(Native Method)
        at java.util.concurrent.locks.LockSupport.parkNanos(LockSupport.java:215)
        at java.util.concurrent.locks.AbstractQueuedSynchronizer$ConditionObject.awaitNanos(AbstractQueuedSynchronizer.java:2078)
        at org.eclipse.jetty.util.BlockingArrayQueue.poll(BlockingArrayQueue.java:382)
        at org.eclipse.jetty.util.thread.QueuedThreadPool$Runner.idleJobPoll(QueuedThreadPool.java:974)
        at org.eclipse.jetty.util.thread.QueuedThreadPool$Runner.run(QueuedThreadPool.java:1018)
        at java.lang.Thread.run(Thread.java:748)
"IPC Server Responder" daemon prio=5 tid=4568 runnable
java.lang.Thread.State: RUNNABLE
        at sun.nio.ch.EPollArrayWrapper.epollWait(Native Method)
        at sun.nio.ch.EPollArrayWrapper.poll(EPollArrayWrapper.java:269)
        at sun.nio.ch.EPollSelectorImpl.doSelect(EPollSelectorImpl.java:93)
        at sun.nio.ch.SelectorImpl.lockAndDoSelect(SelectorImpl.java:86)
        at sun.nio.ch.SelectorImpl.select(SelectorImpl.java:97)
        at org.apache.hadoop.ipc.Server$Responder.doRunLoop(Server.java:1527)
        at org.apache.hadoop.ipc.Server$Responder.run(Server.java:1510)
"qtp580779646-4640" daemon prio=5 tid=4640 timed_waiting
java.lang.Thread.State: TIMED_WAITING
        at sun.misc.Unsafe.park(Native Method)
        at java.util.concurrent.locks.LockSupport.parkNanos(LockSupport.java:215)
        at java.util.concurrent.locks.AbstractQueuedSynchronizer$ConditionObject.awaitNanos(AbstractQueuedSynchronizer.java:2078)
        at org.eclipse.jetty.util.BlockingArrayQueue.poll(BlockingArrayQueue.java:382)
        at org.eclipse.jetty.util.thread.QueuedThreadPool$Runner.idleJobPoll(QueuedThreadPool.java:974)
        at org.eclipse.jetty.util.thread.QueuedThreadPool$Runner.run(QueuedThreadPool.java:1018)
        at java.lang.Thread.run(Thread.java:748)
"Socket Reader #1 for port 0"  prio=5 tid=4562 runnable
java.lang.Thread.State: RUNNABLE
        at sun.nio.ch.EPollArrayWrapper.epollWait(Native Method)
        at sun.nio.ch.EPollArrayWrapper.poll(EPollArrayWrapper.java:269)
        at sun.nio.ch.EPollSelectorImpl.doSelect(EPollSelectorImpl.java:93)
        at sun.nio.ch.SelectorImpl.lockAndDoSelect(SelectorImpl.java:86)
        at sun.nio.ch.SelectorImpl.select(SelectorImpl.java:97)
        at sun.nio.ch.SelectorImpl.select(SelectorImpl.java:101)
        at org.apache.hadoop.ipc.Server$Listener$Reader.doRunLoop(Server.java:1288)
        at org.apache.hadoop.ipc.Server$Listener$Reader.run(Server.java:1267)
"IPC Server handler 5 on default port 32925" daemon prio=5 tid=4675 timed_waiting
java.lang.Thread.State: TIMED_WAITING
        at sun.misc.Unsafe.park(Native Method)
        at java.util.concurrent.locks.LockSupport.parkNanos(LockSupport.java:215)
        at java.util.concurrent.locks.AbstractQueuedSynchronizer$ConditionObject.awaitNanos(AbstractQueuedSynchronizer.java:2078)
        at java.util.concurrent.LinkedBlockingQueue.poll(LinkedBlockingQueue.java:467)
        at org.apache.hadoop.ipc.CallQueueManager.take(CallQueueManager.java:317)
        at org.apache.hadoop.ipc.Server$Handler.run(Server.java:2932)
"IPC Server listener on 0" daemon prio=5 tid=4565 runnable
java.lang.Thread.State: RUNNABLE
        at sun.nio.ch.EPollArrayWrapper.epollWait(Native Method)
        at sun.nio.ch.EPollArrayWrapper.poll(EPollArrayWrapper.java:269)
        at sun.nio.ch.EPollSelectorImpl.doSelect(EPollSelectorImpl.java:93)
        at sun.nio.ch.SelectorImpl.lockAndDoSelect(SelectorImpl.java:86)
        at sun.nio.ch.SelectorImpl.select(SelectorImpl.java:97)
        at sun.nio.ch.SelectorImpl.select(SelectorImpl.java:101)
        at org.apache.hadoop.ipc.Server$Listener.run(Server.java:1350)
"BlockDeletingService#9" daemon prio=5 tid=4812 in Object.wait()
java.lang.Thread.State: WAITING (on object monitor)
        at sun.misc.Unsafe.park(Native Method)
        at java.util.concurrent.locks.LockSupport.park(LockSupport.java:175)
        at java.util.concurrent.locks.AbstractQueuedSynchronizer$ConditionObject.await(AbstractQueuedSynchronizer.java:2039)
        at java.util.concurrent.ScheduledThreadPoolExecutor$DelayedWorkQueue.take(ScheduledThreadPoolExecutor.java:1088)
        at java.util.concurrent.ScheduledThreadPoolExecutor$DelayedWorkQueue.take(ScheduledThreadPoolExecutor.java:809)
        at java.util.concurrent.ThreadPoolExecutor.getTask(ThreadPoolExecutor.java:1074)
        at java.util.concurrent.ThreadPoolExecutor.runWorker(ThreadPoolExecutor.java:1134)
        at java.util.concurrent.ThreadPoolExecutor$Worker.run(ThreadPoolExecutor.java:624)
        at java.lang.Thread.run(Thread.java:748)
"pool-467-thread-10"  prio=5 tid=4991 in Object.wait()
java.lang.Thread.State: WAITING (on object monitor)
        at sun.misc.Unsafe.park(Native Method)
        at java.util.concurrent.locks.LockSupport.park(LockSupport.java:175)
        at java.util.concurrent.locks.AbstractQueuedSynchronizer$ConditionObject.await(AbstractQueuedSynchronizer.java:2039)
        at java.util.concurrent.LinkedBlockingQueue.take(LinkedBlockingQueue.java:442)
        at java.util.concurrent.ThreadPoolExecutor.getTask(ThreadPoolExecutor.java:1074)
        at java.util.concurrent.ThreadPoolExecutor.runWorker(ThreadPoolExecutor.java:1134)
        at java.util.concurrent.ThreadPoolExecutor$Worker.run(ThreadPoolExecutor.java:624)
        at java.lang.Thread.run(Thread.java:748)
"Datanode ReportManager Thread - 2" daemon prio=5 tid=4762 in Object.wait()
java.lang.Thread.State: WAITING (on object monitor)
        at sun.misc.Unsafe.park(Native Method)
        at java.util.concurrent.locks.LockSupport.park(LockSupport.java:175)
        at java.util.concurrent.locks.AbstractQueuedSynchronizer$ConditionObject.await(AbstractQueuedSynchronizer.java:2039)
        at java.util.concurrent.ScheduledThreadPoolExecutor$DelayedWorkQueue.take(ScheduledThreadPoolExecutor.java:1088)
        at java.util.concurrent.ScheduledThreadPoolExecutor$DelayedWorkQueue.take(ScheduledThreadPoolExecutor.java:809)
        at java.util.concurrent.ThreadPoolExecutor.getTask(ThreadPoolExecutor.java:1074)
        at java.util.concurrent.ThreadPoolExecutor.runWorker(ThreadPoolExecutor.java:1134)
        at java.util.concurrent.ThreadPoolExecutor$Worker.run(ThreadPoolExecutor.java:624)
        at java.lang.Thread.run(Thread.java:748)
"EndpointStateMachine task thread for /0.0.0.0:32893 - 0 "  prio=5 tid=4769 in Object.wait()
java.lang.Thread.State: WAITING (on object monitor)
        at sun.misc.Unsafe.park(Native Method)
        at java.util.concurrent.locks.LockSupport.park(LockSupport.java:175)
        at java.util.concurrent.locks.AbstractQueuedSynchronizer$ConditionObject.await(AbstractQueuedSynchronizer.java:2039)
        at java.util.concurrent.LinkedBlockingQueue.take(LinkedBlockingQueue.java:442)
        at java.util.concurrent.ThreadPoolExecutor.getTask(ThreadPoolExecutor.java:1074)
        at java.util.concurrent.ThreadPoolExecutor.runWorker(ThreadPoolExecutor.java:1134)
        at java.util.concurrent.ThreadPoolExecutor$Worker.run(ThreadPoolExecutor.java:624)
        at java.lang.Thread.run(Thread.java:748)
"qtp580779646-4635" daemon prio=5 tid=4635 runnable
java.lang.Thread.State: RUNNABLE
        at sun.nio.ch.EPollArrayWrapper.epollWait(Native Method)
        at sun.nio.ch.EPollArrayWrapper.poll(EPollArrayWrapper.java:269)
        at sun.nio.ch.EPollSelectorImpl.doSelect(EPollSelectorImpl.java:93)
        at sun.nio.ch.SelectorImpl.lockAndDoSelect(SelectorImpl.java:86)
        at sun.nio.ch.SelectorImpl.select(SelectorImpl.java:97)
        at sun.nio.ch.SelectorImpl.select(SelectorImpl.java:101)
        at org.eclipse.jetty.io.ManagedSelector.nioSelect(ManagedSelector.java:183)
        at org.eclipse.jetty.io.ManagedSelector.select(ManagedSelector.java:190)
        at org.eclipse.jetty.io.ManagedSelector$SelectorProducer.select(ManagedSelector.java:606)
        at org.eclipse.jetty.io.ManagedSelector$SelectorProducer.produce(ManagedSelector.java:543)
        at org.eclipse.jetty.util.thread.strategy.EatWhatYouKill.produceTask(EatWhatYouKill.java:362)
        at org.eclipse.jetty.util.thread.strategy.EatWhatYouKill.doProduce(EatWhatYouKill.java:186)
        at org.eclipse.jetty.util.thread.strategy.EatWhatYouKill.tryProduce(EatWhatYouKill.java:173)
        at org.eclipse.jetty.util.thread.strategy.EatWhatYouKill.produce(EatWhatYouKill.java:137)
        at org.eclipse.jetty.io.ManagedSelector$$Lambda$309/1391532202.run(Unknown Source)
        at org.eclipse.jetty.util.thread.QueuedThreadPool.runJob(QueuedThreadPool.java:883)
        at org.eclipse.jetty.util.thread.QueuedThreadPool$Runner.run(QueuedThreadPool.java:1034)
        at java.lang.Thread.run(Thread.java:748)
"IPC Server handler 12 on default port 32925" daemon prio=5 tid=4682 timed_waiting
java.lang.Thread.State: TIMED_WAITING
        at sun.misc.Unsafe.park(Native Method)
        at java.util.concurrent.locks.LockSupport.parkNanos(LockSupport.java:215)
        at java.util.concurrent.locks.AbstractQueuedSynchronizer$ConditionObject.awaitNanos(AbstractQueuedSynchronizer.java:2078)
        at java.util.concurrent.LinkedBlockingQueue.poll(LinkedBlockingQueue.java:467)
        at org.apache.hadoop.ipc.CallQueueManager.take(CallQueueManager.java:317)
        at org.apache.hadoop.ipc.Server$Handler.run(Server.java:2932)
"IPC Server handler 15 on default port 32893" daemon prio=5 tid=4627 timed_waiting
java.lang.Thread.State: TIMED_WAITING
        at sun.misc.Unsafe.park(Native Method)
        at java.util.concurrent.locks.LockSupport.parkNanos(LockSupport.java:215)
        at java.util.concurrent.locks.AbstractQueuedSynchronizer$ConditionObject.awaitNanos(AbstractQueuedSynchronizer.java:2078)
        at java.util.concurrent.LinkedBlockingQueue.poll(LinkedBlockingQueue.java:467)
        at org.apache.hadoop.ipc.CallQueueManager.take(CallQueueManager.java:317)
        at org.apache.hadoop.ipc.Server$Handler.run(Server.java:2932)
"FullTableCache Cleanup Thread - 0" daemon prio=5 tid=3924 in Object.wait()
java.lang.Thread.State: WAITING (on object monitor)
        at sun.misc.Unsafe.park(Native Method)
        at java.util.concurrent.locks.LockSupport.park(LockSupport.java:175)
        at java.util.concurrent.locks.AbstractQueuedSynchronizer$ConditionObject.await(AbstractQueuedSynchronizer.java:2039)
        at java.util.concurrent.LinkedBlockingQueue.take(LinkedBlockingQueue.java:442)
        at java.util.concurrent.ThreadPoolExecutor.getTask(ThreadPoolExecutor.java:1074)
        at java.util.concurrent.ThreadPoolExecutor.runWorker(ThreadPoolExecutor.java:1134)
        at java.util.concurrent.ThreadPoolExecutor$Worker.run(ThreadPoolExecutor.java:624)
        at java.lang.Thread.run(Thread.java:748)
"IPC Server handler 7 on default port 32925" daemon prio=5 tid=4677 timed_waiting
java.lang.Thread.State: TIMED_WAITING
        at sun.misc.Unsafe.park(Native Method)
        at java.util.concurrent.locks.LockSupport.parkNanos(LockSupport.java:215)
        at java.util.concurrent.locks.AbstractQueuedSynchronizer$ConditionObject.awaitNanos(AbstractQueuedSynchronizer.java:2078)
        at java.util.concurrent.LinkedBlockingQueue.poll(LinkedBlockingQueue.java:467)
        at org.apache.hadoop.ipc.CallQueueManager.take(CallQueueManager.java:317)
        at org.apache.hadoop.ipc.Server$Handler.run(Server.java:2932)
"pool-466-thread-6"  prio=5 tid=4955 in Object.wait()
java.lang.Thread.State: WAITING (on object monitor)
        at sun.misc.Unsafe.park(Native Method)
        at java.util.concurrent.locks.LockSupport.park(LockSupport.java:175)
        at java.util.concurrent.locks.AbstractQueuedSynchronizer$ConditionObject.await(AbstractQueuedSynchronizer.java:2039)
        at java.util.concurrent.LinkedBlockingQueue.take(LinkedBlockingQueue.java:442)
        at java.util.concurrent.ThreadPoolExecutor.getTask(ThreadPoolExecutor.java:1074)
        at java.util.concurrent.ThreadPoolExecutor.runWorker(ThreadPoolExecutor.java:1134)
        at java.util.concurrent.ThreadPoolExecutor$Worker.run(ThreadPoolExecutor.java:624)
        at java.lang.Thread.run(Thread.java:748)
"Datanode State Machine Task Thread - 1"  prio=5 tid=4800 in Object.wait()
java.lang.Thread.State: WAITING (on object monitor)
        at sun.misc.Unsafe.park(Native Method)
        at java.util.concurrent.locks.LockSupport.park(LockSupport.java:175)
        at java.util.concurrent.locks.AbstractQueuedSynchronizer$ConditionObject.await(AbstractQueuedSynchronizer.java:2039)
        at java.util.concurrent.LinkedBlockingQueue.take(LinkedBlockingQueue.java:442)
        at java.util.concurrent.ThreadPoolExecutor.getTask(ThreadPoolExecutor.java:1074)
        at java.util.concurrent.ThreadPoolExecutor.runWorker(ThreadPoolExecutor.java:1134)
        at java.util.concurrent.ThreadPoolExecutor$Worker.run(ThreadPoolExecutor.java:624)
        at java.lang.Thread.run(Thread.java:748)
"process reaper" daemon prio=10 tid=11 timed_waiting
java.lang.Thread.State: TIMED_WAITING
        at sun.misc.Unsafe.park(Native Method)
        at java.util.concurrent.locks.LockSupport.parkNanos(LockSupport.java:215)
        at java.util.concurrent.SynchronousQueue$TransferStack.awaitFulfill(SynchronousQueue.java:460)
        at java.util.concurrent.SynchronousQueue$TransferStack.transfer(SynchronousQueue.java:362)
        at java.util.concurrent.SynchronousQueue.poll(SynchronousQueue.java:941)
        at java.util.concurrent.ThreadPoolExecutor.getTask(ThreadPoolExecutor.java:1073)
        at java.util.concurrent.ThreadPoolExecutor.runWorker(ThreadPoolExecutor.java:1134)
        at java.util.concurrent.ThreadPoolExecutor$Worker.run(ThreadPoolExecutor.java:624)
        at java.lang.Thread.run(Thread.java:748)
"org.apache.ratis.util.JvmPauseMonitor$$Lambda$531/524014602@34cb4bec" daemon prio=5 tid=4657 timed_waiting
java.lang.Thread.State: TIMED_WAITING
        at java.lang.Thread.sleep(Native Method)
        at java.lang.Thread.sleep(Thread.java:340)
        at java.util.concurrent.TimeUnit.sleep(TimeUnit.java:386)
        at org.apache.ratis.util.TimeDuration.sleep(TimeDuration.java:324)
        at org.apache.ratis.util.TimeDuration.sleep(TimeDuration.java:309)
        at org.apache.ratis.util.JvmPauseMonitor.detectPause(JvmPauseMonitor.java:117)
        at org.apache.ratis.util.JvmPauseMonitor.run(JvmPauseMonitor.java:106)
        at org.apache.ratis.util.JvmPauseMonitor$$Lambda$531/524014602.run(Unknown Source)
        at java.lang.Thread.run(Thread.java:748)
"ChunkWriter-1-0" daemon prio=5 tid=4788 in Object.wait()
java.lang.Thread.State: WAITING (on object monitor)
        at sun.misc.Unsafe.park(Native Method)
        at java.util.concurrent.locks.LockSupport.park(LockSupport.java:175)
        at java.util.concurrent.locks.AbstractQueuedSynchronizer$ConditionObject.await(AbstractQueuedSynchronizer.java:2039)
        at java.util.concurrent.LinkedBlockingDeque.takeFirst(LinkedBlockingDeque.java:492)
        at java.util.concurrent.LinkedBlockingDeque.take(LinkedBlockingDeque.java:680)
        at java.util.concurrent.ThreadPoolExecutor.getTask(ThreadPoolExecutor.java:1074)
        at java.util.concurrent.ThreadPoolExecutor.runWorker(ThreadPoolExecutor.java:1134)
        at java.util.concurrent.ThreadPoolExecutor$Worker.run(ThreadPoolExecutor.java:624)
        at java.lang.Thread.run(Thread.java:748)
"a3a688a0-b759-42a1-9d42-7ea63bf88025@group-BCEEFC5FE04E->e5d3e9d3-1367-47eb-ad7f-372895a70f55-GrpcLogAppender-LogAppenderDaemon" daemon prio=5 tid=4876 timed_waiting
java.lang.Thread.State: TIMED_WAITING
        at java.lang.Object.wait(Native Method)
        at org.apache.ratis.grpc.server.GrpcLogAppender.mayWait(GrpcLogAppender.java:173)
        at org.apache.ratis.grpc.server.GrpcLogAppender.run(GrpcLogAppender.java:125)
        at org.apache.ratis.server.leader.LogAppenderDaemon.run(LogAppenderDaemon.java:77)
        at org.apache.ratis.server.leader.LogAppenderDaemon$$Lambda$816/1858923544.run(Unknown Source)
        at java.lang.Thread.run(Thread.java:748)
"Command processor thread" daemon prio=5 tid=4715 timed_waiting
java.lang.Thread.State: TIMED_WAITING
        at java.lang.Thread.sleep(Native Method)
        at org.apache.hadoop.ozone.container.common.statemachine.DatanodeStateMachine.lambda$initCommandHandlerThread$2(DatanodeStateMachine.java:563)
        at org.apache.hadoop.ozone.container.common.statemachine.DatanodeStateMachine$$Lambda$571/481383730.run(Unknown Source)
        at java.lang.Thread.run(Thread.java:748)
"org.apache.hadoop.ozone.container.common.statemachine.commandhandler.DeleteBlocksCommandHandler$DeleteCmdWorker@24a0a0d7" daemon prio=5 tid=4696 timed_waiting
java.lang.Thread.State: TIMED_WAITING
        at java.lang.Thread.sleep(Native Method)
        at org.apache.hadoop.ozone.container.common.statemachine.commandhandler.DeleteBlocksCommandHandler$DeleteCmdWorker.run(DeleteBlocksCommandHandler.java:174)
        at java.lang.Thread.run(Thread.java:748)
"IPC Server handler 6 on default port 32893" daemon prio=5 tid=4618 timed_waiting
java.lang.Thread.State: TIMED_WAITING
        at sun.misc.Unsafe.park(Native Method)
        at java.util.concurrent.locks.LockSupport.parkNanos(LockSupport.java:215)
        at java.util.concurrent.locks.AbstractQueuedSynchronizer$ConditionObject.awaitNanos(AbstractQueuedSynchronizer.java:2078)
        at java.util.concurrent.LinkedBlockingQueue.poll(LinkedBlockingQueue.java:467)
        at org.apache.hadoop.ipc.CallQueueManager.take(CallQueueManager.java:317)
        at org.apache.hadoop.ipc.Server$Handler.run(Server.java:2932)
"SCMBlockDeletingService#0" daemon prio=5 tid=4632 timed_waiting
java.lang.Thread.State: TIMED_WAITING
        at sun.misc.Unsafe.park(Native Method)
        at java.util.concurrent.locks.LockSupport.parkNanos(LockSupport.java:215)
        at java.util.concurrent.locks.AbstractQueuedSynchronizer$ConditionObject.awaitNanos(AbstractQueuedSynchronizer.java:2078)
        at java.util.concurrent.ScheduledThreadPoolExecutor$DelayedWorkQueue.take(ScheduledThreadPoolExecutor.java:1093)
        at java.util.concurrent.ScheduledThreadPoolExecutor$DelayedWorkQueue.take(ScheduledThreadPoolExecutor.java:809)
        at java.util.concurrent.ThreadPoolExecutor.getTask(ThreadPoolExecutor.java:1074)
        at java.util.concurrent.ThreadPoolExecutor.runWorker(ThreadPoolExecutor.java:1134)
        at java.util.concurrent.ThreadPoolExecutor$Worker.run(ThreadPoolExecutor.java:624)
        at java.lang.Thread.run(Thread.java:748)
"org.apache.hadoop.ozone.container.common.statemachine.commandhandler.DeleteBlocksCommandHandler$DeleteCmdWorker@4ccffa70" daemon prio=5 tid=3765 runnable
java.lang.Thread.State: RUNNABLE
        at java.lang.Thread.sleep(Native Method)
        at org.apache.hadoop.ozone.container.common.statemachine.commandhandler.DeleteBlocksCommandHandler$DeleteCmdWorker.run(DeleteBlocksCommandHandler.java:174)
        at java.lang.Thread.run(Thread.java:748)
"IPC Server handler 18 on default port 43321" daemon prio=5 tid=4610 timed_waiting
java.lang.Thread.State: TIMED_WAITING
        at sun.misc.Unsafe.park(Native Method)
        at java.util.concurrent.locks.LockSupport.parkNanos(LockSupport.java:215)
        at java.util.concurrent.locks.AbstractQueuedSynchronizer$ConditionObject.awaitNanos(AbstractQueuedSynchronizer.java:2078)
        at java.util.concurrent.LinkedBlockingQueue.poll(LinkedBlockingQueue.java:467)
        at org.apache.hadoop.ipc.CallQueueManager.take(CallQueueManager.java:317)
        at org.apache.hadoop.ipc.Server$Handler.run(Server.java:2932)
"Datanode ReportManager Thread - 1" daemon prio=5 tid=4736 in Object.wait()
java.lang.Thread.State: WAITING (on object monitor)
        at sun.misc.Unsafe.park(Native Method)
        at java.util.concurrent.locks.LockSupport.park(LockSupport.java:175)
        at java.util.concurrent.locks.AbstractQueuedSynchronizer$ConditionObject.await(AbstractQueuedSynchronizer.java:2039)
        at java.util.concurrent.ScheduledThreadPoolExecutor$DelayedWorkQueue.take(ScheduledThreadPoolExecutor.java:1088)
        at java.util.concurrent.ScheduledThreadPoolExecutor$DelayedWorkQueue.take(ScheduledThreadPoolExecutor.java:809)
        at java.util.concurrent.ThreadPoolExecutor.getTask(ThreadPoolExecutor.java:1074)
        at java.util.concurrent.ThreadPoolExecutor.runWorker(ThreadPoolExecutor.java:1134)
        at java.util.concurrent.ThreadPoolExecutor$Worker.run(ThreadPoolExecutor.java:624)
        at java.lang.Thread.run(Thread.java:748)
"qtp580779646-4642" daemon prio=5 tid=4642 timed_waiting
java.lang.Thread.State: TIMED_WAITING
        at sun.misc.Unsafe.park(Native Method)
        at java.util.concurrent.locks.LockSupport.parkNanos(LockSupport.java:215)
        at java.util.concurrent.locks.AbstractQueuedSynchronizer$ConditionObject.awaitNanos(AbstractQueuedSynchronizer.java:2078)
        at org.eclipse.jetty.util.BlockingArrayQueue.poll(BlockingArrayQueue.java:382)
        at org.eclipse.jetty.util.thread.QueuedThreadPool$Runner.idleJobPoll(QueuedThreadPool.java:974)
        at org.eclipse.jetty.util.thread.QueuedThreadPool$Runner.run(QueuedThreadPool.java:1018)
        at java.lang.Thread.run(Thread.java:748)
"IPC Server handler 16 on default port 43321" daemon prio=5 tid=4608 timed_waiting
java.lang.Thread.State: TIMED_WAITING
        at sun.misc.Unsafe.park(Native Method)
        at java.util.concurrent.locks.LockSupport.parkNanos(LockSupport.java:215)
        at java.util.concurrent.locks.AbstractQueuedSynchronizer$ConditionObject.awaitNanos(AbstractQueuedSynchronizer.java:2078)
        at java.util.concurrent.LinkedBlockingQueue.poll(LinkedBlockingQueue.java:467)
        at org.apache.hadoop.ipc.CallQueueManager.take(CallQueueManager.java:317)
        at org.apache.hadoop.ipc.Server$Handler.run(Server.java:2932)
"Datanode State Machine Task Thread - 0"  prio=5 tid=4717 in Object.wait()
java.lang.Thread.State: WAITING (on object monitor)
        at sun.misc.Unsafe.park(Native Method)
        at java.util.concurrent.locks.LockSupport.park(LockSupport.java:175)
        at java.util.concurrent.locks.AbstractQueuedSynchronizer$ConditionObject.await(AbstractQueuedSynchronizer.java:2039)
        at java.util.concurrent.LinkedBlockingQueue.take(LinkedBlockingQueue.java:442)
        at java.util.concurrent.ThreadPoolExecutor.getTask(ThreadPoolExecutor.java:1074)
        at java.util.concurrent.ThreadPoolExecutor.runWorker(ThreadPoolExecutor.java:1134)
        at java.util.concurrent.ThreadPoolExecutor$Worker.run(ThreadPoolExecutor.java:624)
        at java.lang.Thread.run(Thread.java:748)
"BlockDeletingService#8" daemon prio=5 tid=4810 in Object.wait()
java.lang.Thread.State: WAITING (on object monitor)
        at sun.misc.Unsafe.park(Native Method)
        at java.util.concurrent.locks.LockSupport.park(LockSupport.java:175)
        at java.util.concurrent.locks.AbstractQueuedSynchronizer$ConditionObject.await(AbstractQueuedSynchronizer.java:2039)
        at java.util.concurrent.ScheduledThreadPoolExecutor$DelayedWorkQueue.take(ScheduledThreadPoolExecutor.java:1088)
        at java.util.concurrent.ScheduledThreadPoolExecutor$DelayedWorkQueue.take(ScheduledThreadPoolExecutor.java:809)
        at java.util.concurrent.ThreadPoolExecutor.getTask(ThreadPoolExecutor.java:1074)
        at java.util.concurrent.ThreadPoolExecutor.runWorker(ThreadPoolExecutor.java:1134)
        at java.util.concurrent.ThreadPoolExecutor$Worker.run(ThreadPoolExecutor.java:624)
        at java.lang.Thread.run(Thread.java:748)
"Session-HouseKeeper-5e6775fd-1"  prio=5 tid=4733 timed_waiting
java.lang.Thread.State: TIMED_WAITING
        at sun.misc.Unsafe.park(Native Method)
        at java.util.concurrent.locks.LockSupport.parkNanos(LockSupport.java:215)
        at java.util.concurrent.locks.AbstractQueuedSynchronizer$ConditionObject.awaitNanos(AbstractQueuedSynchronizer.java:2078)
        at java.util.concurrent.ScheduledThreadPoolExecutor$DelayedWorkQueue.take(ScheduledThreadPoolExecutor.java:1093)
        at java.util.concurrent.ScheduledThreadPoolExecutor$DelayedWorkQueue.take(ScheduledThreadPoolExecutor.java:809)
        at java.util.concurrent.ThreadPoolExecutor.getTask(ThreadPoolExecutor.java:1074)
        at java.util.concurrent.ThreadPoolExecutor.runWorker(ThreadPoolExecutor.java:1134)
        at java.util.concurrent.ThreadPoolExecutor$Worker.run(ThreadPoolExecutor.java:624)
        at java.lang.Thread.run(Thread.java:748)
"qtp834390584-4663" daemon prio=5 tid=4663 timed_waiting
java.lang.Thread.State: TIMED_WAITING
        at sun.misc.Unsafe.park(Native Method)
        at java.util.concurrent.locks.LockSupport.parkNanos(LockSupport.java:215)
        at java.util.concurrent.locks.AbstractQueuedSynchronizer$ConditionObject.awaitNanos(AbstractQueuedSynchronizer.java:2078)
        at org.eclipse.jetty.util.BlockingArrayQueue.poll(BlockingArrayQueue.java:382)
        at org.eclipse.jetty.util.thread.QueuedThreadPool$Runner.idleJobPoll(QueuedThreadPool.java:974)
        at org.eclipse.jetty.util.thread.QueuedThreadPool$Runner.run(QueuedThreadPool.java:1018)
        at java.lang.Thread.run(Thread.java:748)
"PartialTableCache Cleanup Thread - 0" daemon prio=5 tid=4047 in Object.wait()
java.lang.Thread.State: WAITING (on object monitor)
        at sun.misc.Unsafe.park(Native Method)
        at java.util.concurrent.locks.LockSupport.park(LockSupport.java:175)
        at java.util.concurrent.locks.AbstractQueuedSynchronizer$ConditionObject.await(AbstractQueuedSynchronizer.java:2039)
        at java.util.concurrent.LinkedBlockingQueue.take(LinkedBlockingQueue.java:442)
        at java.util.concurrent.ThreadPoolExecutor.getTask(ThreadPoolExecutor.java:1074)
        at java.util.concurrent.ThreadPoolExecutor.runWorker(ThreadPoolExecutor.java:1134)
        at java.util.concurrent.ThreadPoolExecutor$Worker.run(ThreadPoolExecutor.java:624)
        at java.lang.Thread.run(Thread.java:748)
"qtp342524388-4750" daemon prio=5 tid=4750 runnable
java.lang.Thread.State: RUNNABLE
        at sun.nio.ch.EPollArrayWrapper.epollWait(Native Method)
        at sun.nio.ch.EPollArrayWrapper.poll(EPollArrayWrapper.java:269)
        at sun.nio.ch.EPollSelectorImpl.doSelect(EPollSelectorImpl.java:93)
        at sun.nio.ch.SelectorImpl.lockAndDoSelect(SelectorImpl.java:86)
        at sun.nio.ch.SelectorImpl.select(SelectorImpl.java:97)
        at sun.nio.ch.SelectorImpl.select(SelectorImpl.java:101)
        at org.eclipse.jetty.io.ManagedSelector.nioSelect(ManagedSelector.java:183)
        at org.eclipse.jetty.io.ManagedSelector.select(ManagedSelector.java:190)
        at org.eclipse.jetty.io.ManagedSelector$SelectorProducer.select(ManagedSelector.java:606)
        at org.eclipse.jetty.io.ManagedSelector$SelectorProducer.produce(ManagedSelector.java:543)
        at org.eclipse.jetty.util.thread.strategy.EatWhatYouKill.produceTask(EatWhatYouKill.java:362)
        at org.eclipse.jetty.util.thread.strategy.EatWhatYouKill.doProduce(EatWhatYouKill.java:186)
        at org.eclipse.jetty.util.thread.strategy.EatWhatYouKill.tryProduce(EatWhatYouKill.java:173)
        at org.eclipse.jetty.util.thread.strategy.EatWhatYouKill.produce(EatWhatYouKill.java:137)
        at org.eclipse.jetty.io.ManagedSelector$$Lambda$309/1391532202.run(Unknown Source)
        at org.eclipse.jetty.util.thread.QueuedThreadPool.runJob(QueuedThreadPool.java:883)
        at org.eclipse.jetty.util.thread.QueuedThreadPool$Runner.run(QueuedThreadPool.java:1034)
        at java.lang.Thread.run(Thread.java:748)
"EndpointStateMachine task thread for /0.0.0.0:45017 - 0 "  prio=5 tid=3813 in Object.wait()
java.lang.Thread.State: WAITING (on object monitor)
        at sun.misc.Unsafe.park(Native Method)
        at java.util.concurrent.locks.LockSupport.park(LockSupport.java:175)
        at java.util.concurrent.locks.AbstractQueuedSynchronizer$ConditionObject.await(AbstractQueuedSynchronizer.java:2039)
        at java.util.concurrent.LinkedBlockingQueue.take(LinkedBlockingQueue.java:442)
        at java.util.concurrent.ThreadPoolExecutor.getTask(ThreadPoolExecutor.java:1074)
        at java.util.concurrent.ThreadPoolExecutor.runWorker(ThreadPoolExecutor.java:1134)
        at java.util.concurrent.ThreadPoolExecutor$Worker.run(ThreadPoolExecutor.java:624)
        at java.lang.Thread.run(Thread.java:748)
"ChunkWriter-2-0" daemon prio=5 tid=4789 in Object.wait()
java.lang.Thread.State: WAITING (on object monitor)
        at sun.misc.Unsafe.park(Native Method)
        at java.util.concurrent.locks.LockSupport.park(LockSupport.java:175)
        at java.util.concurrent.locks.AbstractQueuedSynchronizer$ConditionObject.await(AbstractQueuedSynchronizer.java:2039)
        at java.util.concurrent.LinkedBlockingDeque.takeFirst(LinkedBlockingDeque.java:492)
        at java.util.concurrent.LinkedBlockingDeque.take(LinkedBlockingDeque.java:680)
        at java.util.concurrent.ThreadPoolExecutor.getTask(ThreadPoolExecutor.java:1074)
        at java.util.concurrent.ThreadPoolExecutor.runWorker(ThreadPoolExecutor.java:1134)
        at java.util.concurrent.ThreadPoolExecutor$Worker.run(ThreadPoolExecutor.java:624)
        at java.lang.Thread.run(Thread.java:748)
"pool-467-thread-5"  prio=5 tid=4941 in Object.wait()
java.lang.Thread.State: WAITING (on object monitor)
        at sun.misc.Unsafe.park(Native Method)
        at java.util.concurrent.locks.LockSupport.park(LockSupport.java:175)
        at java.util.concurrent.locks.AbstractQueuedSynchronizer$ConditionObject.await(AbstractQueuedSynchronizer.java:2039)
        at java.util.concurrent.LinkedBlockingQueue.take(LinkedBlockingQueue.java:442)
        at java.util.concurrent.ThreadPoolExecutor.getTask(ThreadPoolExecutor.java:1074)
        at java.util.concurrent.ThreadPoolExecutor.runWorker(ThreadPoolExecutor.java:1134)
        at java.util.concurrent.ThreadPoolExecutor$Worker.run(ThreadPoolExecutor.java:624)
        at java.lang.Thread.run(Thread.java:748)
"Datanode ReportManager Thread - 4" daemon prio=5 tid=4764 in Object.wait()
java.lang.Thread.State: WAITING (on object monitor)
        at sun.misc.Unsafe.park(Native Method)
        at java.util.concurrent.locks.LockSupport.park(LockSupport.java:175)
        at java.util.concurrent.locks.AbstractQueuedSynchronizer$ConditionObject.await(AbstractQueuedSynchronizer.java:2039)
        at java.util.concurrent.ScheduledThreadPoolExecutor$DelayedWorkQueue.take(ScheduledThreadPoolExecutor.java:1088)
        at java.util.concurrent.ScheduledThreadPoolExecutor$DelayedWorkQueue.take(ScheduledThreadPoolExecutor.java:809)
        at java.util.concurrent.ThreadPoolExecutor.getTask(ThreadPoolExecutor.java:1074)
        at java.util.concurrent.ThreadPoolExecutor.runWorker(ThreadPoolExecutor.java:1134)
        at java.util.concurrent.ThreadPoolExecutor$Worker.run(ThreadPoolExecutor.java:624)
        at java.lang.Thread.run(Thread.java:748)
"Datanode ReportManager Thread - 0" daemon prio=5 tid=4710 in Object.wait()
java.lang.Thread.State: WAITING (on object monitor)
        at sun.misc.Unsafe.park(Native Method)
        at java.util.concurrent.locks.LockSupport.park(LockSupport.java:175)
        at java.util.concurrent.locks.AbstractQueuedSynchronizer$ConditionObject.await(AbstractQueuedSynchronizer.java:2039)
        at java.util.concurrent.ScheduledThreadPoolExecutor$DelayedWorkQueue.take(ScheduledThreadPoolExecutor.java:1088)
        at java.util.concurrent.ScheduledThreadPoolExecutor$DelayedWorkQueue.take(ScheduledThreadPoolExecutor.java:809)
        at java.util.concurrent.ThreadPoolExecutor.getTask(ThreadPoolExecutor.java:1074)
        at java.util.concurrent.ThreadPoolExecutor.runWorker(ThreadPoolExecutor.java:1134)
        at java.util.concurrent.ThreadPoolExecutor$Worker.run(ThreadPoolExecutor.java:624)
        at java.lang.Thread.run(Thread.java:748)
"SCM Heartbeat Processing Thread - 0" daemon prio=5 tid=4553 timed_waiting
java.lang.Thread.State: TIMED_WAITING
        at sun.misc.Unsafe.park(Native Method)
        at java.util.concurrent.locks.LockSupport.parkNanos(LockSupport.java:215)
        at java.util.concurrent.locks.AbstractQueuedSynchronizer$ConditionObject.awaitNanos(AbstractQueuedSynchronizer.java:2078)
        at java.util.concurrent.ScheduledThreadPoolExecutor$DelayedWorkQueue.take(ScheduledThreadPoolExecutor.java:1093)
        at java.util.concurrent.ScheduledThreadPoolExecutor$DelayedWorkQueue.take(ScheduledThreadPoolExecutor.java:809)
        at java.util.concurrent.ThreadPoolExecutor.getTask(ThreadPoolExecutor.java:1074)
        at java.util.concurrent.ThreadPoolExecutor.runWorker(ThreadPoolExecutor.java:1134)
        at java.util.concurrent.ThreadPoolExecutor$Worker.run(ThreadPoolExecutor.java:624)
        at java.lang.Thread.run(Thread.java:748)
"BlockDeletingService#5" daemon prio=5 tid=4781 in Object.wait()
java.lang.Thread.State: WAITING (on object monitor)
        at sun.misc.Unsafe.park(Native Method)
        at java.util.concurrent.locks.LockSupport.park(LockSupport.java:175)
        at java.util.concurrent.locks.AbstractQueuedSynchronizer$ConditionObject.await(AbstractQueuedSynchronizer.java:2039)
        at java.util.concurrent.ScheduledThreadPoolExecutor$DelayedWorkQueue.take(ScheduledThreadPoolExecutor.java:1088)
        at java.util.concurrent.ScheduledThreadPoolExecutor$DelayedWorkQueue.take(ScheduledThreadPoolExecutor.java:809)
        at java.util.concurrent.ThreadPoolExecutor.getTask(ThreadPoolExecutor.java:1074)
        at java.util.concurrent.ThreadPoolExecutor.runWorker(ThreadPoolExecutor.java:1134)
        at java.util.concurrent.ThreadPoolExecutor$Worker.run(ThreadPoolExecutor.java:624)
        at java.lang.Thread.run(Thread.java:748)
"pool-462-thread-1"  prio=5 tid=4749 timed_waiting
java.lang.Thread.State: TIMED_WAITING
        at sun.misc.Unsafe.park(Native Method)
        at java.util.concurrent.locks.LockSupport.parkNanos(LockSupport.java:215)
        at java.util.concurrent.locks.AbstractQueuedSynchronizer$ConditionObject.awaitNanos(AbstractQueuedSynchronizer.java:2078)
        at java.util.concurrent.ScheduledThreadPoolExecutor$DelayedWorkQueue.take(ScheduledThreadPoolExecutor.java:1093)
        at java.util.concurrent.ScheduledThreadPoolExecutor$DelayedWorkQueue.take(ScheduledThreadPoolExecutor.java:809)
        at java.util.concurrent.ThreadPoolExecutor.getTask(ThreadPoolExecutor.java:1074)
        at java.util.concurrent.ThreadPoolExecutor.runWorker(ThreadPoolExecutor.java:1134)
        at java.util.concurrent.ThreadPoolExecutor$Worker.run(ThreadPoolExecutor.java:624)
        at java.lang.Thread.run(Thread.java:748)
"IPC Server handler 17 on default port 32893" daemon prio=5 tid=4629 timed_waiting
java.lang.Thread.State: TIMED_WAITING
        at sun.misc.Unsafe.park(Native Method)
        at java.util.concurrent.locks.LockSupport.parkNanos(LockSupport.java:215)
        at java.util.concurrent.locks.AbstractQueuedSynchronizer$ConditionObject.awaitNanos(AbstractQueuedSynchronizer.java:2078)
        at java.util.concurrent.LinkedBlockingQueue.poll(LinkedBlockingQueue.java:467)
        at org.apache.hadoop.ipc.CallQueueManager.take(CallQueueManager.java:317)
        at org.apache.hadoop.ipc.Server$Handler.run(Server.java:2932)
"BlockDeletingService#1" daemon prio=5 tid=4793 in Object.wait()
java.lang.Thread.State: WAITING (on object monitor)
        at sun.misc.Unsafe.park(Native Method)
        at java.util.concurrent.locks.LockSupport.park(LockSupport.java:175)
        at java.util.concurrent.locks.AbstractQueuedSynchronizer$ConditionObject.await(AbstractQueuedSynchronizer.java:2039)
        at java.util.concurrent.ScheduledThreadPoolExecutor$DelayedWorkQueue.take(ScheduledThreadPoolExecutor.java:1088)
        at java.util.concurrent.ScheduledThreadPoolExecutor$DelayedWorkQueue.take(ScheduledThreadPoolExecutor.java:809)
        at java.util.concurrent.ThreadPoolExecutor.getTask(ThreadPoolExecutor.java:1074)
        at java.util.concurrent.ThreadPoolExecutor.runWorker(ThreadPoolExecutor.java:1134)
        at java.util.concurrent.ThreadPoolExecutor$Worker.run(ThreadPoolExecutor.java:624)
        at java.lang.Thread.run(Thread.java:748)
"Datanode ReportManager Thread - 2" daemon prio=5 tid=4737 in Object.wait()
java.lang.Thread.State: WAITING (on object monitor)
        at sun.misc.Unsafe.park(Native Method)
        at java.util.concurrent.locks.LockSupport.park(LockSupport.java:175)
        at java.util.concurrent.locks.AbstractQueuedSynchronizer$ConditionObject.await(AbstractQueuedSynchronizer.java:2039)
        at java.util.concurrent.ScheduledThreadPoolExecutor$DelayedWorkQueue.take(ScheduledThreadPoolExecutor.java:1088)
        at java.util.concurrent.ScheduledThreadPoolExecutor$DelayedWorkQueue.take(ScheduledThreadPoolExecutor.java:809)
        at java.util.concurrent.ThreadPoolExecutor.getTask(ThreadPoolExecutor.java:1074)
        at java.util.concurrent.ThreadPoolExecutor.runWorker(ThreadPoolExecutor.java:1134)
        at java.util.concurrent.ThreadPoolExecutor$Worker.run(ThreadPoolExecutor.java:624)
        at java.lang.Thread.run(Thread.java:748)
"IPC Server handler 11 on default port 32893" daemon prio=5 tid=4623 timed_waiting
java.lang.Thread.State: TIMED_WAITING
        at sun.misc.Unsafe.park(Native Method)
        at java.util.concurrent.locks.LockSupport.parkNanos(LockSupport.java:215)
        at java.util.concurrent.locks.AbstractQueuedSynchronizer$ConditionObject.awaitNanos(AbstractQueuedSynchronizer.java:2078)
        at java.util.concurrent.LinkedBlockingQueue.poll(LinkedBlockingQueue.java:467)
        at org.apache.hadoop.ipc.CallQueueManager.take(CallQueueManager.java:317)
        at org.apache.hadoop.ipc.Server$Handler.run(Server.java:2932)
"PartialTableCache Cleanup Thread - 0" daemon prio=5 tid=348 in Object.wait()
java.lang.Thread.State: WAITING (on object monitor)
        at sun.misc.Unsafe.park(Native Method)
        at java.util.concurrent.locks.LockSupport.park(LockSupport.java:175)
        at java.util.concurrent.locks.AbstractQueuedSynchronizer$ConditionObject.await(AbstractQueuedSynchronizer.java:2039)
        at java.util.concurrent.LinkedBlockingQueue.take(LinkedBlockingQueue.java:442)
        at java.util.concurrent.ThreadPoolExecutor.getTask(ThreadPoolExecutor.java:1074)
        at java.util.concurrent.ThreadPoolExecutor.runWorker(ThreadPoolExecutor.java:1134)
        at java.util.concurrent.ThreadPoolExecutor$Worker.run(ThreadPoolExecutor.java:624)
        at java.lang.Thread.run(Thread.java:748)
"ChunkWriter-3-0" daemon prio=5 tid=4774 in Object.wait()
java.lang.Thread.State: WAITING (on object monitor)
        at sun.misc.Unsafe.park(Native Method)
        at java.util.concurrent.locks.LockSupport.park(LockSupport.java:175)
        at java.util.concurrent.locks.AbstractQueuedSynchronizer$ConditionObject.await(AbstractQueuedSynchronizer.java:2039)
        at java.util.concurrent.LinkedBlockingDeque.takeFirst(LinkedBlockingDeque.java:492)
        at java.util.concurrent.LinkedBlockingDeque.take(LinkedBlockingDeque.java:680)
        at java.util.concurrent.ThreadPoolExecutor.getTask(ThreadPoolExecutor.java:1074)
        at java.util.concurrent.ThreadPoolExecutor.runWorker(ThreadPoolExecutor.java:1134)
        at java.util.concurrent.ThreadPoolExecutor$Worker.run(ThreadPoolExecutor.java:624)
        at java.lang.Thread.run(Thread.java:748)
"Datanode ReportManager Thread - 3" daemon prio=5 tid=4738 in Object.wait()
java.lang.Thread.State: WAITING (on object monitor)
        at sun.misc.Unsafe.park(Native Method)
        at java.util.concurrent.locks.LockSupport.park(LockSupport.java:175)
        at java.util.concurrent.locks.AbstractQueuedSynchronizer$ConditionObject.await(AbstractQueuedSynchronizer.java:2039)
        at java.util.concurrent.ScheduledThreadPoolExecutor$DelayedWorkQueue.take(ScheduledThreadPoolExecutor.java:1088)
        at java.util.concurrent.ScheduledThreadPoolExecutor$DelayedWorkQueue.take(ScheduledThreadPoolExecutor.java:809)
        at java.util.concurrent.ThreadPoolExecutor.getTask(ThreadPoolExecutor.java:1074)
        at java.util.concurrent.ThreadPoolExecutor.runWorker(ThreadPoolExecutor.java:1134)
        at java.util.concurrent.ThreadPoolExecutor$Worker.run(ThreadPoolExecutor.java:624)
        at java.lang.Thread.run(Thread.java:748)
"qtp580779646-4638" daemon prio=5 tid=4638 timed_waiting
java.lang.Thread.State: TIMED_WAITING
        at sun.misc.Unsafe.park(Native Method)
        at java.util.concurrent.locks.LockSupport.parkNanos(LockSupport.java:215)
        at java.util.concurrent.locks.AbstractQueuedSynchronizer$ConditionObject.awaitNanos(AbstractQueuedSynchronizer.java:2078)
        at org.eclipse.jetty.util.BlockingArrayQueue.poll(BlockingArrayQueue.java:382)
        at org.eclipse.jetty.util.thread.QueuedThreadPool$Runner.idleJobPoll(QueuedThreadPool.java:974)
        at org.eclipse.jetty.util.thread.QueuedThreadPool$Runner.run(QueuedThreadPool.java:1018)
        at java.lang.Thread.run(Thread.java:748)
"IPC Server handler 14 on default port 32893" daemon prio=5 tid=4626 timed_waiting
java.lang.Thread.State: TIMED_WAITING
        at sun.misc.Unsafe.park(Native Method)
        at java.util.concurrent.locks.LockSupport.parkNanos(LockSupport.java:215)
        at java.util.concurrent.locks.AbstractQueuedSynchronizer$ConditionObject.awaitNanos(AbstractQueuedSynchronizer.java:2078)
        at java.util.concurrent.LinkedBlockingQueue.poll(LinkedBlockingQueue.java:467)
        at org.apache.hadoop.ipc.CallQueueManager.take(CallQueueManager.java:317)
        at org.apache.hadoop.ipc.Server$Handler.run(Server.java:2932)
"pool-465-thread-9"  prio=5 tid=4963 in Object.wait()
java.lang.Thread.State: WAITING (on object monitor)
        at sun.misc.Unsafe.park(Native Method)
        at java.util.concurrent.locks.LockSupport.park(LockSupport.java:175)
        at java.util.concurrent.locks.AbstractQueuedSynchronizer$ConditionObject.await(AbstractQueuedSynchronizer.java:2039)
        at java.util.concurrent.LinkedBlockingQueue.take(LinkedBlockingQueue.java:442)
        at java.util.concurrent.ThreadPoolExecutor.getTask(ThreadPoolExecutor.java:1074)
        at java.util.concurrent.ThreadPoolExecutor.runWorker(ThreadPoolExecutor.java:1134)
        at java.util.concurrent.ThreadPoolExecutor$Worker.run(ThreadPoolExecutor.java:624)
        at java.lang.Thread.run(Thread.java:748)
"pool-419-thread-1"  prio=5 tid=4835 in Object.wait()
java.lang.Thread.State: WAITING (on object monitor)
        at sun.misc.Unsafe.park(Native Method)
        at java.util.concurrent.locks.LockSupport.park(LockSupport.java:175)
        at java.util.concurrent.locks.AbstractQueuedSynchronizer$ConditionObject.await(AbstractQueuedSynchronizer.java:2039)
        at java.util.concurrent.LinkedBlockingQueue.take(LinkedBlockingQueue.java:442)
        at java.util.concurrent.ThreadPoolExecutor.getTask(ThreadPoolExecutor.java:1074)
        at java.util.concurrent.ThreadPoolExecutor.runWorker(ThreadPoolExecutor.java:1134)
        at java.util.concurrent.ThreadPoolExecutor$Worker.run(ThreadPoolExecutor.java:624)
        at java.lang.Thread.run(Thread.java:748)
"pool-467-thread-3"  prio=5 tid=4923 in Object.wait()
java.lang.Thread.State: WAITING (on object monitor)
        at sun.misc.Unsafe.park(Native Method)
        at java.util.concurrent.locks.LockSupport.park(LockSupport.java:175)
        at java.util.concurrent.locks.AbstractQueuedSynchronizer$ConditionObject.await(AbstractQueuedSynchronizer.java:2039)
        at java.util.concurrent.LinkedBlockingQueue.take(LinkedBlockingQueue.java:442)
        at java.util.concurrent.ThreadPoolExecutor.getTask(ThreadPoolExecutor.java:1074)
        at java.util.concurrent.ThreadPoolExecutor.runWorker(ThreadPoolExecutor.java:1134)
        at java.util.concurrent.ThreadPoolExecutor$Worker.run(ThreadPoolExecutor.java:624)
        at java.lang.Thread.run(Thread.java:748)
"PartialTableCache Cleanup Thread - 0" daemon prio=5 tid=4892 in Object.wait()
java.lang.Thread.State: WAITING (on object monitor)
        at sun.misc.Unsafe.park(Native Method)
        at java.util.concurrent.locks.LockSupport.park(LockSupport.java:175)
        at java.util.concurrent.locks.AbstractQueuedSynchronizer$ConditionObject.await(AbstractQueuedSynchronizer.java:2039)
        at java.util.concurrent.LinkedBlockingQueue.take(LinkedBlockingQueue.java:442)
        at java.util.concurrent.ThreadPoolExecutor.getTask(ThreadPoolExecutor.java:1074)
        at java.util.concurrent.ThreadPoolExecutor.runWorker(ThreadPoolExecutor.java:1134)
        at java.util.concurrent.ThreadPoolExecutor$Worker.run(ThreadPoolExecutor.java:624)
        at java.lang.Thread.run(Thread.java:748)
"org.apache.ratis.util.JvmPauseMonitor$$Lambda$531/524014602@4ade5790" daemon prio=5 tid=4775 timed_waiting
java.lang.Thread.State: TIMED_WAITING
        at java.lang.Thread.sleep(Native Method)
        at java.lang.Thread.sleep(Thread.java:340)
        at java.util.concurrent.TimeUnit.sleep(TimeUnit.java:386)
        at org.apache.ratis.util.TimeDuration.sleep(TimeDuration.java:324)
        at org.apache.ratis.util.TimeDuration.sleep(TimeDuration.java:309)
        at org.apache.ratis.util.JvmPauseMonitor.detectPause(JvmPauseMonitor.java:117)
        at org.apache.ratis.util.JvmPauseMonitor.run(JvmPauseMonitor.java:106)
        at org.apache.ratis.util.JvmPauseMonitor$$Lambda$531/524014602.run(Unknown Source)
        at java.lang.Thread.run(Thread.java:748)
"Session-HouseKeeper-304c70b1-1"  prio=5 tid=4643 timed_waiting
java.lang.Thread.State: TIMED_WAITING
        at sun.misc.Unsafe.park(Native Method)
        at java.util.concurrent.locks.LockSupport.parkNanos(LockSupport.java:215)
        at java.util.concurrent.locks.AbstractQueuedSynchronizer$ConditionObject.awaitNanos(AbstractQueuedSynchronizer.java:2078)
        at java.util.concurrent.ScheduledThreadPoolExecutor$DelayedWorkQueue.take(ScheduledThreadPoolExecutor.java:1093)
        at java.util.concurrent.ScheduledThreadPoolExecutor$DelayedWorkQueue.take(ScheduledThreadPoolExecutor.java:809)
        at java.util.concurrent.ThreadPoolExecutor.getTask(ThreadPoolExecutor.java:1074)
        at java.util.concurrent.ThreadPoolExecutor.runWorker(ThreadPoolExecutor.java:1134)
        at java.util.concurrent.ThreadPoolExecutor$Worker.run(ThreadPoolExecutor.java:624)
        at java.lang.Thread.run(Thread.java:748)
"IPC Server handler 0 on default port 43321" daemon prio=5 tid=4592 timed_waiting
java.lang.Thread.State: TIMED_WAITING
        at sun.misc.Unsafe.park(Native Method)
        at java.util.concurrent.locks.LockSupport.parkNanos(LockSupport.java:215)
        at java.util.concurrent.locks.AbstractQueuedSynchronizer$ConditionObject.awaitNanos(AbstractQueuedSynchronizer.java:2078)
        at java.util.concurrent.LinkedBlockingQueue.poll(LinkedBlockingQueue.java:467)
        at org.apache.hadoop.ipc.CallQueueManager.take(CallQueueManager.java:317)
        at org.apache.hadoop.ipc.Server$Handler.run(Server.java:2932)
"EventQueue-ContainerReportForContainerReportHandler" daemon prio=5 tid=4829 in Object.wait()
java.lang.Thread.State: WAITING (on object monitor)
        at sun.misc.Unsafe.park(Native Method)
        at java.util.concurrent.locks.LockSupport.park(LockSupport.java:175)
        at java.util.concurrent.locks.AbstractQueuedSynchronizer$ConditionObject.await(AbstractQueuedSynchronizer.java:2039)
        at java.util.concurrent.LinkedBlockingQueue.take(LinkedBlockingQueue.java:442)
        at java.util.concurrent.ThreadPoolExecutor.getTask(ThreadPoolExecutor.java:1074)
        at java.util.concurrent.ThreadPoolExecutor.runWorker(ThreadPoolExecutor.java:1134)
        at java.util.concurrent.ThreadPoolExecutor$Worker.run(ThreadPoolExecutor.java:624)
        at java.lang.Thread.run(Thread.java:748)
"pool-443-thread-1"  prio=5 tid=4724 timed_waiting
java.lang.Thread.State: TIMED_WAITING
        at sun.misc.Unsafe.park(Native Method)
        at java.util.concurrent.locks.LockSupport.parkNanos(LockSupport.java:215)
        at java.util.concurrent.locks.AbstractQueuedSynchronizer$ConditionObject.awaitNanos(AbstractQueuedSynchronizer.java:2078)
        at java.util.concurrent.ScheduledThreadPoolExecutor$DelayedWorkQueue.take(ScheduledThreadPoolExecutor.java:1093)
        at java.util.concurrent.ScheduledThreadPoolExecutor$DelayedWorkQueue.take(ScheduledThreadPoolExecutor.java:809)
        at java.util.concurrent.ThreadPoolExecutor.getTask(ThreadPoolExecutor.java:1074)
        at java.util.concurrent.ThreadPoolExecutor.runWorker(ThreadPoolExecutor.java:1134)
        at java.util.concurrent.ThreadPoolExecutor$Worker.run(ThreadPoolExecutor.java:624)
        at java.lang.Thread.run(Thread.java:748)
"IPC Server handler 8 on default port 32925" daemon prio=5 tid=4678 timed_waiting
java.lang.Thread.State: TIMED_WAITING
        at sun.misc.Unsafe.park(Native Method)
        at java.util.concurrent.locks.LockSupport.parkNanos(LockSupport.java:215)
        at java.util.concurrent.locks.AbstractQueuedSynchronizer$ConditionObject.awaitNanos(AbstractQueuedSynchronizer.java:2078)
        at java.util.concurrent.LinkedBlockingQueue.poll(LinkedBlockingQueue.java:467)
        at org.apache.hadoop.ipc.CallQueueManager.take(CallQueueManager.java:317)
        at org.apache.hadoop.ipc.Server$Handler.run(Server.java:2932)
"EventQueue-CmdStatusReportForCommandStatusReportHandler" daemon prio=5 tid=7665 in Object.wait()
java.lang.Thread.State: WAITING (on object monitor)
        at sun.misc.Unsafe.park(Native Method)
        at java.util.concurrent.locks.LockSupport.park(LockSupport.java:175)
        at java.util.concurrent.locks.AbstractQueuedSynchronizer$ConditionObject.await(AbstractQueuedSynchronizer.java:2039)
        at java.util.concurrent.LinkedBlockingQueue.take(LinkedBlockingQueue.java:442)
        at java.util.concurrent.ThreadPoolExecutor.getTask(ThreadPoolExecutor.java:1074)
        at java.util.concurrent.ThreadPoolExecutor.runWorker(ThreadPoolExecutor.java:1134)
        at java.util.concurrent.ThreadPoolExecutor$Worker.run(ThreadPoolExecutor.java:624)
        at java.lang.Thread.run(Thread.java:748)
"EventQueue-ContainerReportForContainerReportHandler" daemon prio=5 tid=4834 in Object.wait()
java.lang.Thread.State: WAITING (on object monitor)
        at sun.misc.Unsafe.park(Native Method)
        at java.util.concurrent.locks.LockSupport.park(LockSupport.java:175)
        at java.util.concurrent.locks.AbstractQueuedSynchronizer$ConditionObject.await(AbstractQueuedSynchronizer.java:2039)
        at java.util.concurrent.LinkedBlockingQueue.take(LinkedBlockingQueue.java:442)
        at java.util.concurrent.ThreadPoolExecutor.getTask(ThreadPoolExecutor.java:1074)
        at java.util.concurrent.ThreadPoolExecutor.runWorker(ThreadPoolExecutor.java:1134)
        at java.util.concurrent.ThreadPoolExecutor$Worker.run(ThreadPoolExecutor.java:624)
        at java.lang.Thread.run(Thread.java:748)
"ChunkWriter-2-0" daemon prio=5 tid=4804 in Object.wait()
java.lang.Thread.State: WAITING (on object monitor)
        at sun.misc.Unsafe.park(Native Method)
        at java.util.concurrent.locks.LockSupport.park(LockSupport.java:175)
        at java.util.concurrent.locks.AbstractQueuedSynchronizer$ConditionObject.await(AbstractQueuedSynchronizer.java:2039)
        at java.util.concurrent.LinkedBlockingDeque.takeFirst(LinkedBlockingDeque.java:492)
        at java.util.concurrent.LinkedBlockingDeque.take(LinkedBlockingDeque.java:680)
        at java.util.concurrent.ThreadPoolExecutor.getTask(ThreadPoolExecutor.java:1074)
        at java.util.concurrent.ThreadPoolExecutor.runWorker(ThreadPoolExecutor.java:1134)
        at java.util.concurrent.ThreadPoolExecutor$Worker.run(ThreadPoolExecutor.java:624)
        at java.lang.Thread.run(Thread.java:748)
"BlockDeletingService#3" daemon prio=5 tid=4813 in Object.wait()
java.lang.Thread.State: WAITING (on object monitor)
        at sun.misc.Unsafe.park(Native Method)
        at java.util.concurrent.locks.LockSupport.park(LockSupport.java:175)
        at java.util.concurrent.locks.AbstractQueuedSynchronizer$ConditionObject.await(AbstractQueuedSynchronizer.java:2039)
        at java.util.concurrent.ScheduledThreadPoolExecutor$DelayedWorkQueue.take(ScheduledThreadPoolExecutor.java:1088)
        at java.util.concurrent.ScheduledThreadPoolExecutor$DelayedWorkQueue.take(ScheduledThreadPoolExecutor.java:809)
        at java.util.concurrent.ThreadPoolExecutor.getTask(ThreadPoolExecutor.java:1074)
        at java.util.concurrent.ThreadPoolExecutor.runWorker(ThreadPoolExecutor.java:1134)
        at java.util.concurrent.ThreadPoolExecutor$Worker.run(ThreadPoolExecutor.java:624)
        at java.lang.Thread.run(Thread.java:748)
"IPC Server handler 1 on default port 32893" daemon prio=5 tid=4613 timed_waiting
java.lang.Thread.State: TIMED_WAITING
        at sun.misc.Unsafe.park(Native Method)
        at java.util.concurrent.locks.LockSupport.parkNanos(LockSupport.java:215)
        at java.util.concurrent.locks.AbstractQueuedSynchronizer$ConditionObject.awaitNanos(AbstractQueuedSynchronizer.java:2078)
        at java.util.concurrent.LinkedBlockingQueue.poll(LinkedBlockingQueue.java:467)
        at org.apache.hadoop.ipc.CallQueueManager.take(CallQueueManager.java:317)
        at org.apache.hadoop.ipc.Server$Handler.run(Server.java:2932)
"grpc-default-executor-1" daemon prio=5 tid=312 timed_waiting
java.lang.Thread.State: TIMED_WAITING
        at sun.misc.Unsafe.park(Native Method)
        at java.util.concurrent.locks.LockSupport.parkNanos(LockSupport.java:215)
        at java.util.concurrent.SynchronousQueue$TransferStack.awaitFulfill(SynchronousQueue.java:460)
        at java.util.concurrent.SynchronousQueue$TransferStack.transfer(SynchronousQueue.java:362)
        at java.util.concurrent.SynchronousQueue.poll(SynchronousQueue.java:941)
        at java.util.concurrent.ThreadPoolExecutor.getTask(ThreadPoolExecutor.java:1073)
        at java.util.concurrent.ThreadPoolExecutor.runWorker(ThreadPoolExecutor.java:1134)
        at java.util.concurrent.ThreadPoolExecutor$Worker.run(ThreadPoolExecutor.java:624)
        at java.lang.Thread.run(Thread.java:748)
"grpc-default-boss-ELG-5-1" daemon prio=5 tid=4656 runnable
java.lang.Thread.State: RUNNABLE
        at org.apache.ratis.thirdparty.io.netty.channel.epoll.Native.epollWait(Native Method)
        at org.apache.ratis.thirdparty.io.netty.channel.epoll.Native.epollWait(Native.java:177)
        at org.apache.ratis.thirdparty.io.netty.channel.epoll.Native.epollWait(Native.java:170)
        at org.apache.ratis.thirdparty.io.netty.channel.epoll.EpollEventLoop.epollWaitNoTimerChange(EpollEventLoop.java:290)
        at org.apache.ratis.thirdparty.io.netty.channel.epoll.EpollEventLoop.run(EpollEventLoop.java:347)
        at org.apache.ratis.thirdparty.io.netty.util.concurrent.SingleThreadEventExecutor$4.run(SingleThreadEventExecutor.java:989)
        at org.apache.ratis.thirdparty.io.netty.util.internal.ThreadExecutorMap$2.run(ThreadExecutorMap.java:74)
        at org.apache.ratis.thirdparty.io.netty.util.concurrent.FastThreadLocalRunnable.run(FastThreadLocalRunnable.java:30)
        at java.lang.Thread.run(Thread.java:748)
"EndpointStateMachine task thread for /0.0.0.0:32893 - 0 "  prio=5 tid=4786 in Object.wait()
java.lang.Thread.State: WAITING (on object monitor)
        at sun.misc.Unsafe.park(Native Method)
        at java.util.concurrent.locks.LockSupport.park(LockSupport.java:175)
        at java.util.concurrent.locks.AbstractQueuedSynchronizer$ConditionObject.await(AbstractQueuedSynchronizer.java:2039)
        at java.util.concurrent.LinkedBlockingQueue.take(LinkedBlockingQueue.java:442)
        at java.util.concurrent.ThreadPoolExecutor.getTask(ThreadPoolExecutor.java:1074)
        at java.util.concurrent.ThreadPoolExecutor.runWorker(ThreadPoolExecutor.java:1134)
        at java.util.concurrent.ThreadPoolExecutor$Worker.run(ThreadPoolExecutor.java:624)
        at java.lang.Thread.run(Thread.java:748)
"qtp1299272458-4700" daemon prio=5 tid=4700 timed_waiting
java.lang.Thread.State: TIMED_WAITING
        at sun.misc.Unsafe.park(Native Method)
        at java.util.concurrent.locks.LockSupport.parkNanos(LockSupport.java:215)
        at java.util.concurrent.locks.AbstractQueuedSynchronizer$ConditionObject.awaitNanos(AbstractQueuedSynchronizer.java:2078)
        at org.eclipse.jetty.util.BlockingArrayQueue.poll(BlockingArrayQueue.java:382)
        at org.eclipse.jetty.util.thread.QueuedThreadPool$Runner.idleJobPoll(QueuedThreadPool.java:974)
        at org.eclipse.jetty.util.thread.QueuedThreadPool$Runner.run(QueuedThreadPool.java:1018)
        at java.lang.Thread.run(Thread.java:748)
"EventQueue-OpenPipelineForHealthyPipelineSafeModeRule" daemon prio=5 tid=4875 in Object.wait()
java.lang.Thread.State: WAITING (on object monitor)
        at sun.misc.Unsafe.park(Native Method)
        at java.util.concurrent.locks.LockSupport.park(LockSupport.java:175)
        at java.util.concurrent.locks.AbstractQueuedSynchronizer$ConditionObject.await(AbstractQueuedSynchronizer.java:2039)
        at java.util.concurrent.LinkedBlockingQueue.take(LinkedBlockingQueue.java:442)
        at java.util.concurrent.ThreadPoolExecutor.getTask(ThreadPoolExecutor.java:1074)
        at java.util.concurrent.ThreadPoolExecutor.runWorker(ThreadPoolExecutor.java:1134)
        at java.util.concurrent.ThreadPoolExecutor$Worker.run(ThreadPoolExecutor.java:624)
        at java.lang.Thread.run(Thread.java:748)
"EndpointStateMachine task thread for /0.0.0.0:45017 - 0 "  prio=5 tid=3843 in Object.wait()
java.lang.Thread.State: WAITING (on object monitor)
        at sun.misc.Unsafe.park(Native Method)
        at java.util.concurrent.locks.LockSupport.park(LockSupport.java:175)
        at java.util.concurrent.locks.AbstractQueuedSynchronizer$ConditionObject.await(AbstractQueuedSynchronizer.java:2039)
        at java.util.concurrent.LinkedBlockingQueue.take(LinkedBlockingQueue.java:442)
        at java.util.concurrent.ThreadPoolExecutor.getTask(ThreadPoolExecutor.java:1074)
        at java.util.concurrent.ThreadPoolExecutor.runWorker(ThreadPoolExecutor.java:1134)
        at java.util.concurrent.ThreadPoolExecutor$Worker.run(ThreadPoolExecutor.java:624)
        at java.lang.Thread.run(Thread.java:748)
"IPC Server handler 9 on default port 32893" daemon prio=5 tid=4621 timed_waiting
java.lang.Thread.State: TIMED_WAITING
        at sun.misc.Unsafe.park(Native Method)
        at java.util.concurrent.locks.LockSupport.parkNanos(LockSupport.java:215)
        at java.util.concurrent.locks.AbstractQueuedSynchronizer$ConditionObject.awaitNanos(AbstractQueuedSynchronizer.java:2078)
        at java.util.concurrent.LinkedBlockingQueue.poll(LinkedBlockingQueue.java:467)
        at org.apache.hadoop.ipc.CallQueueManager.take(CallQueueManager.java:317)
        at org.apache.hadoop.ipc.Server$Handler.run(Server.java:2932)
"pool-465-thread-3"  prio=5 tid=4921 in Object.wait()
java.lang.Thread.State: WAITING (on object monitor)
        at sun.misc.Unsafe.park(Native Method)
        at java.util.concurrent.locks.LockSupport.park(LockSupport.java:175)
        at java.util.concurrent.locks.AbstractQueuedSynchronizer$ConditionObject.await(AbstractQueuedSynchronizer.java:2039)
        at java.util.concurrent.LinkedBlockingQueue.take(LinkedBlockingQueue.java:442)
        at java.util.concurrent.ThreadPoolExecutor.getTask(ThreadPoolExecutor.java:1074)
        at java.util.concurrent.ThreadPoolExecutor.runWorker(ThreadPoolExecutor.java:1134)
        at java.util.concurrent.ThreadPoolExecutor$Worker.run(ThreadPoolExecutor.java:624)
        at java.lang.Thread.run(Thread.java:748)
"41bdc6fc-f730-460f-b2d8-92157d986a72@group-BCEEFC5FE04E-SegmentedRaftLogWorker"  prio=5 tid=4847 timed_waiting
java.lang.Thread.State: TIMED_WAITING
        at sun.misc.Unsafe.park(Native Method)
        at java.util.concurrent.locks.LockSupport.parkNanos(LockSupport.java:215)
        at java.util.concurrent.locks.AbstractQueuedSynchronizer$ConditionObject.awaitNanos(AbstractQueuedSynchronizer.java:2078)
        at org.apache.ratis.util.DataBlockingQueue.poll(DataBlockingQueue.java:137)
        at org.apache.ratis.server.raftlog.segmented.SegmentedRaftLogWorker.run(SegmentedRaftLogWorker.java:292)
        at org.apache.ratis.server.raftlog.segmented.SegmentedRaftLogWorker$$Lambda$467/1519865368.run(Unknown Source)
        at java.lang.Thread.run(Thread.java:748)
"EndpointStateMachine task thread for /0.0.0.0:40517 - 0 "  prio=5 tid=245 in Object.wait()
java.lang.Thread.State: WAITING (on object monitor)
        at sun.misc.Unsafe.park(Native Method)
        at java.util.concurrent.locks.LockSupport.park(LockSupport.java:175)
        at java.util.concurrent.locks.AbstractQueuedSynchronizer$ConditionObject.await(AbstractQueuedSynchronizer.java:2039)
        at java.util.concurrent.LinkedBlockingQueue.take(LinkedBlockingQueue.java:442)
        at java.util.concurrent.ThreadPoolExecutor.getTask(ThreadPoolExecutor.java:1074)
        at java.util.concurrent.ThreadPoolExecutor.runWorker(ThreadPoolExecutor.java:1134)
        at java.util.concurrent.ThreadPoolExecutor$Worker.run(ThreadPoolExecutor.java:624)
        at java.lang.Thread.run(Thread.java:748)
"pool-466-thread-7"  prio=5 tid=4957 in Object.wait()
java.lang.Thread.State: WAITING (on object monitor)
        at sun.misc.Unsafe.park(Native Method)
        at java.util.concurrent.locks.LockSupport.park(LockSupport.java:175)
        at java.util.concurrent.locks.AbstractQueuedSynchronizer$ConditionObject.await(AbstractQueuedSynchronizer.java:2039)
        at java.util.concurrent.LinkedBlockingQueue.take(LinkedBlockingQueue.java:442)
        at java.util.concurrent.ThreadPoolExecutor.getTask(ThreadPoolExecutor.java:1074)
        at java.util.concurrent.ThreadPoolExecutor.runWorker(ThreadPoolExecutor.java:1134)
        at java.util.concurrent.ThreadPoolExecutor$Worker.run(ThreadPoolExecutor.java:624)
        at java.lang.Thread.run(Thread.java:748)
"Datanode ReportManager Thread - 1" daemon prio=5 tid=4761 in Object.wait()
java.lang.Thread.State: WAITING (on object monitor)
        at sun.misc.Unsafe.park(Native Method)
        at java.util.concurrent.locks.LockSupport.park(LockSupport.java:175)
        at java.util.concurrent.locks.AbstractQueuedSynchronizer$ConditionObject.await(AbstractQueuedSynchronizer.java:2039)
        at java.util.concurrent.ScheduledThreadPoolExecutor$DelayedWorkQueue.take(ScheduledThreadPoolExecutor.java:1088)
        at java.util.concurrent.ScheduledThreadPoolExecutor$DelayedWorkQueue.take(ScheduledThreadPoolExecutor.java:809)
        at java.util.concurrent.ThreadPoolExecutor.getTask(ThreadPoolExecutor.java:1074)
        at java.util.concurrent.ThreadPoolExecutor.runWorker(ThreadPoolExecutor.java:1134)
        at java.util.concurrent.ThreadPoolExecutor$Worker.run(ThreadPoolExecutor.java:624)
        at java.lang.Thread.run(Thread.java:748)
"Command processor thread" daemon prio=5 tid=4740 timed_waiting
java.lang.Thread.State: TIMED_WAITING
        at java.lang.Thread.sleep(Native Method)
        at org.apache.hadoop.ozone.container.common.statemachine.DatanodeStateMachine.lambda$initCommandHandlerThread$2(DatanodeStateMachine.java:563)
        at org.apache.hadoop.ozone.container.common.statemachine.DatanodeStateMachine$$Lambda$571/481383730.run(Unknown Source)
        at java.lang.Thread.run(Thread.java:748)
"qtp2133268403-4725" daemon prio=5 tid=4725 runnable
java.lang.Thread.State: RUNNABLE
        at sun.nio.ch.EPollArrayWrapper.epollWait(Native Method)
        at sun.nio.ch.EPollArrayWrapper.poll(EPollArrayWrapper.java:269)
        at sun.nio.ch.EPollSelectorImpl.doSelect(EPollSelectorImpl.java:93)
        at sun.nio.ch.SelectorImpl.lockAndDoSelect(SelectorImpl.java:86)
        at sun.nio.ch.SelectorImpl.select(SelectorImpl.java:97)
        at sun.nio.ch.SelectorImpl.select(SelectorImpl.java:101)
        at org.eclipse.jetty.io.ManagedSelector.nioSelect(ManagedSelector.java:183)
        at org.eclipse.jetty.io.ManagedSelector.select(ManagedSelector.java:190)
        at org.eclipse.jetty.io.ManagedSelector$SelectorProducer.select(ManagedSelector.java:606)
        at org.eclipse.jetty.io.ManagedSelector$SelectorProducer.produce(ManagedSelector.java:543)
        at org.eclipse.jetty.util.thread.strategy.EatWhatYouKill.produceTask(EatWhatYouKill.java:362)
        at org.eclipse.jetty.util.thread.strategy.EatWhatYouKill.doProduce(EatWhatYouKill.java:186)
        at org.eclipse.jetty.util.thread.strategy.EatWhatYouKill.tryProduce(EatWhatYouKill.java:173)
        at org.eclipse.jetty.util.thread.strategy.EatWhatYouKill.produce(EatWhatYouKill.java:137)
        at org.eclipse.jetty.io.ManagedSelector$$Lambda$309/1391532202.run(Unknown Source)
        at org.eclipse.jetty.util.thread.QueuedThreadPool.runJob(QueuedThreadPool.java:883)
        at org.eclipse.jetty.util.thread.QueuedThreadPool$Runner.run(QueuedThreadPool.java:1034)
        at java.lang.Thread.run(Thread.java:748)
"IPC Server handler 12 on default port 43321" daemon prio=5 tid=4604 timed_waiting
java.lang.Thread.State: TIMED_WAITING
        at sun.misc.Unsafe.park(Native Method)
        at java.util.concurrent.locks.LockSupport.parkNanos(LockSupport.java:215)
        at java.util.concurrent.locks.AbstractQueuedSynchronizer$ConditionObject.awaitNanos(AbstractQueuedSynchronizer.java:2078)
        at java.util.concurrent.LinkedBlockingQueue.poll(LinkedBlockingQueue.java:467)
        at org.apache.hadoop.ipc.CallQueueManager.take(CallQueueManager.java:317)
        at org.apache.hadoop.ipc.Server$Handler.run(Server.java:2932)
"surefire-forkedjvm-ping-30s" daemon prio=5 tid=10 timed_waiting
java.lang.Thread.State: TIMED_WAITING
        at sun.misc.Unsafe.park(Native Method)
        at java.util.concurrent.locks.LockSupport.parkNanos(LockSupport.java:215)
        at java.util.concurrent.locks.AbstractQueuedSynchronizer$ConditionObject.awaitNanos(AbstractQueuedSynchronizer.java:2078)
        at java.util.concurrent.ScheduledThreadPoolExecutor$DelayedWorkQueue.take(ScheduledThreadPoolExecutor.java:1093)
        at java.util.concurrent.ScheduledThreadPoolExecutor$DelayedWorkQueue.take(ScheduledThreadPoolExecutor.java:809)
        at java.util.concurrent.ThreadPoolExecutor.getTask(ThreadPoolExecutor.java:1074)
        at java.util.concurrent.ThreadPoolExecutor.runWorker(ThreadPoolExecutor.java:1134)
        at java.util.concurrent.ThreadPoolExecutor$Worker.run(ThreadPoolExecutor.java:624)
        at java.lang.Thread.run(Thread.java:748)
"pool-431-thread-1" daemon prio=5 tid=4721 timed_waiting
java.lang.Thread.State: TIMED_WAITING
        at sun.misc.Unsafe.park(Native Method)
        at java.util.concurrent.locks.LockSupport.parkNanos(LockSupport.java:215)
        at java.util.concurrent.locks.AbstractQueuedSynchronizer$ConditionObject.awaitNanos(AbstractQueuedSynchronizer.java:2078)
        at java.util.concurrent.ScheduledThreadPoolExecutor$DelayedWorkQueue.take(ScheduledThreadPoolExecutor.java:1093)
        at java.util.concurrent.ScheduledThreadPoolExecutor$DelayedWorkQueue.take(ScheduledThreadPoolExecutor.java:809)
        at java.util.concurrent.ThreadPoolExecutor.getTask(ThreadPoolExecutor.java:1074)
        at java.util.concurrent.ThreadPoolExecutor.runWorker(ThreadPoolExecutor.java:1134)
        at java.util.concurrent.ThreadPoolExecutor$Worker.run(ThreadPoolExecutor.java:624)
        at java.lang.Thread.run(Thread.java:748)
"Signal Dispatcher" daemon prio=9 tid=4 runnable
java.lang.Thread.State: RUNNABLE
"OM StateMachine ApplyTransaction Thread - 0" daemon prio=5 tid=4887 in Object.wait()
java.lang.Thread.State: WAITING (on object monitor)
        at sun.misc.Unsafe.park(Native Method)
        at java.util.concurrent.locks.LockSupport.park(LockSupport.java:175)
        at java.util.concurrent.locks.AbstractQueuedSynchronizer$ConditionObject.await(AbstractQueuedSynchronizer.java:2039)
        at java.util.concurrent.LinkedBlockingQueue.take(LinkedBlockingQueue.java:442)
        at java.util.concurrent.ThreadPoolExecutor.getTask(ThreadPoolExecutor.java:1074)
        at java.util.concurrent.ThreadPoolExecutor.runWorker(ThreadPoolExecutor.java:1134)
        at java.util.concurrent.ThreadPoolExecutor$Worker.run(ThreadPoolExecutor.java:624)
        at java.lang.Thread.run(Thread.java:748)
"IPC Server handler 2 on default port 32893" daemon prio=5 tid=4614 timed_waiting
java.lang.Thread.State: TIMED_WAITING
        at sun.misc.Unsafe.park(Native Method)
        at java.util.concurrent.locks.LockSupport.parkNanos(LockSupport.java:215)
        at java.util.concurrent.locks.AbstractQueuedSynchronizer$ConditionObject.awaitNanos(AbstractQueuedSynchronizer.java:2078)
        at java.util.concurrent.LinkedBlockingQueue.poll(LinkedBlockingQueue.java:467)
        at org.apache.hadoop.ipc.CallQueueManager.take(CallQueueManager.java:317)
        at org.apache.hadoop.ipc.Server$Handler.run(Server.java:2932)
"BlockDeletingService#7" daemon prio=5 tid=4823 in Object.wait()
java.lang.Thread.State: WAITING (on object monitor)
        at sun.misc.Unsafe.park(Native Method)
        at java.util.concurrent.locks.LockSupport.park(LockSupport.java:175)
        at java.util.concurrent.locks.AbstractQueuedSynchronizer$ConditionObject.await(AbstractQueuedSynchronizer.java:2039)
        at java.util.concurrent.ScheduledThreadPoolExecutor$DelayedWorkQueue.take(ScheduledThreadPoolExecutor.java:1088)
        at java.util.concurrent.ScheduledThreadPoolExecutor$DelayedWorkQueue.take(ScheduledThreadPoolExecutor.java:809)
        at java.util.concurrent.ThreadPoolExecutor.getTask(ThreadPoolExecutor.java:1074)
        at java.util.concurrent.ThreadPoolExecutor.runWorker(ThreadPoolExecutor.java:1134)
        at java.util.concurrent.ThreadPoolExecutor$Worker.run(ThreadPoolExecutor.java:624)
        at java.lang.Thread.run(Thread.java:748)
"IPC Server handler 10 on default port 32893" daemon prio=5 tid=4622 timed_waiting
java.lang.Thread.State: TIMED_WAITING
        at sun.misc.Unsafe.park(Native Method)
        at java.util.concurrent.locks.LockSupport.parkNanos(LockSupport.java:215)
        at java.util.concurrent.locks.AbstractQueuedSynchronizer$ConditionObject.awaitNanos(AbstractQueuedSynchronizer.java:2078)
        at java.util.concurrent.LinkedBlockingQueue.poll(LinkedBlockingQueue.java:467)
        at org.apache.hadoop.ipc.CallQueueManager.take(CallQueueManager.java:317)
        at org.apache.hadoop.ipc.Server$Handler.run(Server.java:2932)
"IPC Server handler 14 on default port 46143" daemon prio=5 tid=4586 timed_waiting
java.lang.Thread.State: TIMED_WAITING
        at sun.misc.Unsafe.park(Native Method)
        at java.util.concurrent.locks.LockSupport.parkNanos(LockSupport.java:215)
        at java.util.concurrent.locks.AbstractQueuedSynchronizer$ConditionObject.awaitNanos(AbstractQueuedSynchronizer.java:2078)
        at java.util.concurrent.LinkedBlockingQueue.poll(LinkedBlockingQueue.java:467)
        at org.apache.hadoop.ipc.CallQueueManager.take(CallQueueManager.java:317)
        at org.apache.hadoop.ipc.Server$Handler.run(Server.java:2932)
"pool-467-thread-2"  prio=5 tid=4916 in Object.wait()
java.lang.Thread.State: WAITING (on object monitor)
        at sun.misc.Unsafe.park(Native Method)
        at java.util.concurrent.locks.LockSupport.park(LockSupport.java:175)
        at java.util.concurrent.locks.AbstractQueuedSynchronizer$ConditionObject.await(AbstractQueuedSynchronizer.java:2039)
        at java.util.concurrent.LinkedBlockingQueue.take(LinkedBlockingQueue.java:442)
        at java.util.concurrent.ThreadPoolExecutor.getTask(ThreadPoolExecutor.java:1074)
        at java.util.concurrent.ThreadPoolExecutor.runWorker(ThreadPoolExecutor.java:1134)
        at java.util.concurrent.ThreadPoolExecutor$Worker.run(ThreadPoolExecutor.java:624)
        at java.lang.Thread.run(Thread.java:748)
"IPC Server handler 7 on default port 32893" daemon prio=5 tid=4619 timed_waiting
java.lang.Thread.State: TIMED_WAITING
        at sun.misc.Unsafe.park(Native Method)
        at java.util.concurrent.locks.LockSupport.parkNanos(LockSupport.java:215)
        at java.util.concurrent.locks.AbstractQueuedSynchronizer$ConditionObject.awaitNanos(AbstractQueuedSynchronizer.java:2078)
        at java.util.concurrent.LinkedBlockingQueue.poll(LinkedBlockingQueue.java:467)
        at org.apache.hadoop.ipc.CallQueueManager.take(CallQueueManager.java:317)
        at org.apache.hadoop.ipc.Server$Handler.run(Server.java:2932)
"pool-466-thread-1"  prio=5 tid=4911 in Object.wait()
java.lang.Thread.State: WAITING (on object monitor)
        at sun.misc.Unsafe.park(Native Method)
        at java.util.concurrent.locks.LockSupport.park(LockSupport.java:175)
        at java.util.concurrent.locks.AbstractQueuedSynchronizer$ConditionObject.await(AbstractQueuedSynchronizer.java:2039)
        at java.util.concurrent.LinkedBlockingQueue.take(LinkedBlockingQueue.java:442)
        at java.util.concurrent.ThreadPoolExecutor.getTask(ThreadPoolExecutor.java:1074)
        at java.util.concurrent.ThreadPoolExecutor.runWorker(ThreadPoolExecutor.java:1134)
        at java.util.concurrent.ThreadPoolExecutor$Worker.run(ThreadPoolExecutor.java:624)
        at java.lang.Thread.run(Thread.java:748)
"IPC Server handler 1 on default port 43321" daemon prio=5 tid=4593 timed_waiting
java.lang.Thread.State: TIMED_WAITING
        at sun.misc.Unsafe.park(Native Method)
        at java.util.concurrent.locks.LockSupport.parkNanos(LockSupport.java:215)
        at java.util.concurrent.locks.AbstractQueuedSynchronizer$ConditionObject.awaitNanos(AbstractQueuedSynchronizer.java:2078)
        at java.util.concurrent.LinkedBlockingQueue.poll(LinkedBlockingQueue.java:467)
        at org.apache.hadoop.ipc.CallQueueManager.take(CallQueueManager.java:317)
        at org.apache.hadoop.ipc.Server$Handler.run(Server.java:2932)
"org.apache.hadoop.ozone.container.common.statemachine.commandhandler.DeleteBlocksCommandHandler$DeleteCmdWorker@5a48f281" daemon prio=5 tid=3792 runnable
java.lang.Thread.State: RUNNABLE
        at java.lang.Thread.sleep(Native Method)
        at org.apache.hadoop.ozone.container.common.statemachine.commandhandler.DeleteBlocksCommandHandler$DeleteCmdWorker.run(DeleteBlocksCommandHandler.java:174)
        at java.lang.Thread.run(Thread.java:748)
"IPC Server handler 1 on default port 32925" daemon prio=5 tid=4671 timed_waiting
java.lang.Thread.State: TIMED_WAITING
        at sun.misc.Unsafe.park(Native Method)
        at java.util.concurrent.locks.LockSupport.parkNanos(LockSupport.java:215)
        at java.util.concurrent.locks.AbstractQueuedSynchronizer$ConditionObject.awaitNanos(AbstractQueuedSynchronizer.java:2078)
        at java.util.concurrent.LinkedBlockingQueue.poll(LinkedBlockingQueue.java:467)
        at org.apache.hadoop.ipc.CallQueueManager.take(CallQueueManager.java:317)
        at org.apache.hadoop.ipc.Server$Handler.run(Server.java:2932)
"Datanode ReportManager Thread - 0" daemon prio=5 tid=4735 timed_waiting
java.lang.Thread.State: TIMED_WAITING
        at sun.misc.Unsafe.park(Native Method)
        at java.util.concurrent.locks.LockSupport.parkNanos(LockSupport.java:215)
        at java.util.concurrent.locks.AbstractQueuedSynchronizer$ConditionObject.awaitNanos(AbstractQueuedSynchronizer.java:2078)
        at java.util.concurrent.ScheduledThreadPoolExecutor$DelayedWorkQueue.take(ScheduledThreadPoolExecutor.java:1093)
        at java.util.concurrent.ScheduledThreadPoolExecutor$DelayedWorkQueue.take(ScheduledThreadPoolExecutor.java:809)
        at java.util.concurrent.ThreadPoolExecutor.getTask(ThreadPoolExecutor.java:1074)
        at java.util.concurrent.ThreadPoolExecutor.runWorker(ThreadPoolExecutor.java:1134)
        at java.util.concurrent.ThreadPoolExecutor$Worker.run(ThreadPoolExecutor.java:624)
        at java.lang.Thread.run(Thread.java:748)
"qtp2133268403-4731" daemon prio=5 tid=4731 timed_waiting
java.lang.Thread.State: TIMED_WAITING
        at sun.misc.Unsafe.park(Native Method)
        at java.util.concurrent.locks.LockSupport.parkNanos(LockSupport.java:215)
        at java.util.concurrent.locks.AbstractQueuedSynchronizer$ConditionObject.awaitNanos(AbstractQueuedSynchronizer.java:2078)
        at org.eclipse.jetty.util.BlockingArrayQueue.poll(BlockingArrayQueue.java:382)
        at org.eclipse.jetty.util.thread.QueuedThreadPool$Runner.idleJobPoll(QueuedThreadPool.java:974)
        at org.eclipse.jetty.util.thread.QueuedThreadPool$Runner.run(QueuedThreadPool.java:1018)
        at java.lang.Thread.run(Thread.java:748)
"pool-467-thread-4"  prio=5 tid=4924 in Object.wait()
java.lang.Thread.State: WAITING (on object monitor)
        at sun.misc.Unsafe.park(Native Method)
        at java.util.concurrent.locks.LockSupport.park(LockSupport.java:175)
        at java.util.concurrent.locks.AbstractQueuedSynchronizer$ConditionObject.await(AbstractQueuedSynchronizer.java:2039)
        at java.util.concurrent.LinkedBlockingQueue.take(LinkedBlockingQueue.java:442)
        at java.util.concurrent.ThreadPoolExecutor.getTask(ThreadPoolExecutor.java:1074)
        at java.util.concurrent.ThreadPoolExecutor.runWorker(ThreadPoolExecutor.java:1134)
        at java.util.concurrent.ThreadPoolExecutor$Worker.run(ThreadPoolExecutor.java:624)
        at java.lang.Thread.run(Thread.java:748)
"Session-HouseKeeper-1736262a-1"  prio=5 tid=4669 timed_waiting
java.lang.Thread.State: TIMED_WAITING
        at sun.misc.Unsafe.park(Native Method)
        at java.util.concurrent.locks.LockSupport.parkNanos(LockSupport.java:215)
        at java.util.concurrent.locks.AbstractQueuedSynchronizer$ConditionObject.awaitNanos(AbstractQueuedSynchronizer.java:2078)
        at java.util.concurrent.ScheduledThreadPoolExecutor$DelayedWorkQueue.take(ScheduledThreadPoolExecutor.java:1093)
        at java.util.concurrent.ScheduledThreadPoolExecutor$DelayedWorkQueue.take(ScheduledThreadPoolExecutor.java:809)
        at java.util.concurrent.ThreadPoolExecutor.getTask(ThreadPoolExecutor.java:1074)
        at java.util.concurrent.ThreadPoolExecutor.runWorker(ThreadPoolExecutor.java:1134)
        at java.util.concurrent.ThreadPoolExecutor$Worker.run(ThreadPoolExecutor.java:624)
        at java.lang.Thread.run(Thread.java:748)
"PartialTableCache Cleanup Thread - 0" daemon prio=5 tid=3927 in Object.wait()
java.lang.Thread.State: WAITING (on object monitor)
        at sun.misc.Unsafe.park(Native Method)
        at java.util.concurrent.locks.LockSupport.park(LockSupport.java:175)
        at java.util.concurrent.locks.AbstractQueuedSynchronizer$ConditionObject.await(AbstractQueuedSynchronizer.java:2039)
        at java.util.concurrent.LinkedBlockingQueue.take(LinkedBlockingQueue.java:442)
        at java.util.concurrent.ThreadPoolExecutor.getTask(ThreadPoolExecutor.java:1074)
        at java.util.concurrent.ThreadPoolExecutor.runWorker(ThreadPoolExecutor.java:1134)
        at java.util.concurrent.ThreadPoolExecutor$Worker.run(ThreadPoolExecutor.java:624)
        at java.lang.Thread.run(Thread.java:748)
"BlockDeletingService#9" daemon prio=5 tid=4825 in Object.wait()
java.lang.Thread.State: WAITING (on object monitor)
        at sun.misc.Unsafe.park(Native Method)
        at java.util.concurrent.locks.LockSupport.park(LockSupport.java:175)
        at java.util.concurrent.locks.AbstractQueuedSynchronizer$ConditionObject.await(AbstractQueuedSynchronizer.java:2039)
        at java.util.concurrent.ScheduledThreadPoolExecutor$DelayedWorkQueue.take(ScheduledThreadPoolExecutor.java:1088)
        at java.util.concurrent.ScheduledThreadPoolExecutor$DelayedWorkQueue.take(ScheduledThreadPoolExecutor.java:809)
        at java.util.concurrent.ThreadPoolExecutor.getTask(ThreadPoolExecutor.java:1074)
        at java.util.concurrent.ThreadPoolExecutor.runWorker(ThreadPoolExecutor.java:1134)
        at java.util.concurrent.ThreadPoolExecutor$Worker.run(ThreadPoolExecutor.java:624)
        at java.lang.Thread.run(Thread.java:748)
"IPC Server handler 11 on default port 46143" daemon prio=5 tid=4583 timed_waiting
java.lang.Thread.State: TIMED_WAITING
        at sun.misc.Unsafe.park(Native Method)
        at java.util.concurrent.locks.LockSupport.parkNanos(LockSupport.java:215)
        at java.util.concurrent.locks.AbstractQueuedSynchronizer$ConditionObject.awaitNanos(AbstractQueuedSynchronizer.java:2078)
        at java.util.concurrent.LinkedBlockingQueue.poll(LinkedBlockingQueue.java:467)
        at org.apache.hadoop.ipc.CallQueueManager.take(CallQueueManager.java:317)
        at org.apache.hadoop.ipc.Server$Handler.run(Server.java:2932)
"Command processor thread" daemon prio=5 tid=4765 timed_waiting
java.lang.Thread.State: TIMED_WAITING
        at java.lang.Thread.sleep(Native Method)
        at org.apache.hadoop.ozone.container.common.statemachine.DatanodeStateMachine.lambda$initCommandHandlerThread$2(DatanodeStateMachine.java:563)
        at org.apache.hadoop.ozone.container.common.statemachine.DatanodeStateMachine$$Lambda$571/481383730.run(Unknown Source)
        at java.lang.Thread.run(Thread.java:748)
"ChunkWriter-3-0" daemon prio=5 tid=4790 in Object.wait()
java.lang.Thread.State: WAITING (on object monitor)
        at sun.misc.Unsafe.park(Native Method)
        at java.util.concurrent.locks.LockSupport.park(LockSupport.java:175)
        at java.util.concurrent.locks.AbstractQueuedSynchronizer$ConditionObject.await(AbstractQueuedSynchronizer.java:2039)
        at java.util.concurrent.LinkedBlockingDeque.takeFirst(LinkedBlockingDeque.java:492)
        at java.util.concurrent.LinkedBlockingDeque.take(LinkedBlockingDeque.java:680)
        at java.util.concurrent.ThreadPoolExecutor.getTask(ThreadPoolExecutor.java:1074)
        at java.util.concurrent.ThreadPoolExecutor.runWorker(ThreadPoolExecutor.java:1134)
        at java.util.concurrent.ThreadPoolExecutor$Worker.run(ThreadPoolExecutor.java:624)
        at java.lang.Thread.run(Thread.java:748)
"Periodic HDDS volume checker" daemon prio=5 tid=4692 timed_waiting
java.lang.Thread.State: TIMED_WAITING
        at sun.misc.Unsafe.park(Native Method)
        at java.util.concurrent.locks.LockSupport.parkNanos(LockSupport.java:215)
        at java.util.concurrent.locks.AbstractQueuedSynchronizer$ConditionObject.awaitNanos(AbstractQueuedSynchronizer.java:2078)
        at java.util.concurrent.ScheduledThreadPoolExecutor$DelayedWorkQueue.take(ScheduledThreadPoolExecutor.java:1093)
        at java.util.concurrent.ScheduledThreadPoolExecutor$DelayedWorkQueue.take(ScheduledThreadPoolExecutor.java:809)
        at java.util.concurrent.ThreadPoolExecutor.getTask(ThreadPoolExecutor.java:1074)
        at java.util.concurrent.ThreadPoolExecutor.runWorker(ThreadPoolExecutor.java:1134)
        at java.util.concurrent.ThreadPoolExecutor$Worker.run(ThreadPoolExecutor.java:624)
        at java.lang.Thread.run(Thread.java:748)
"41bdc6fc-f730-460f-b2d8-92157d986a72@group-BCEEFC5FE04E-FollowerState" daemon prio=5 tid=4872 timed_waiting
java.lang.Thread.State: TIMED_WAITING
        at java.lang.Thread.sleep(Native Method)
        at java.lang.Thread.sleep(Thread.java:340)
        at java.util.concurrent.TimeUnit.sleep(TimeUnit.java:386)
        at org.apache.ratis.util.TimeDuration.sleep(TimeDuration.java:324)
        at org.apache.ratis.util.TimeDuration.sleep(TimeDuration.java:309)
        at org.apache.ratis.server.impl.FollowerState.run(FollowerState.java:118)
"FullTableCache Cleanup Thread - 0" daemon prio=5 tid=3925 in Object.wait()
java.lang.Thread.State: WAITING (on object monitor)
        at sun.misc.Unsafe.park(Native Method)
        at java.util.concurrent.locks.LockSupport.park(LockSupport.java:175)
        at java.util.concurrent.locks.AbstractQueuedSynchronizer$ConditionObject.await(AbstractQueuedSynchronizer.java:2039)
        at java.util.concurrent.LinkedBlockingQueue.take(LinkedBlockingQueue.java:442)
        at java.util.concurrent.ThreadPoolExecutor.getTask(ThreadPoolExecutor.java:1074)
        at java.util.concurrent.ThreadPoolExecutor.runWorker(ThreadPoolExecutor.java:1134)
        at java.util.concurrent.ThreadPoolExecutor$Worker.run(ThreadPoolExecutor.java:624)
        at java.lang.Thread.run(Thread.java:748)
"Datanode State Machine Task Thread - 0"  prio=5 tid=4767 in Object.wait()
java.lang.Thread.State: WAITING (on object monitor)
        at sun.misc.Unsafe.park(Native Method)
        at java.util.concurrent.locks.LockSupport.park(LockSupport.java:175)
        at java.util.concurrent.locks.AbstractQueuedSynchronizer$ConditionObject.await(AbstractQueuedSynchronizer.java:2039)
        at java.util.concurrent.LinkedBlockingQueue.take(LinkedBlockingQueue.java:442)
        at java.util.concurrent.ThreadPoolExecutor.getTask(ThreadPoolExecutor.java:1074)
        at java.util.concurrent.ThreadPoolExecutor.runWorker(ThreadPoolExecutor.java:1134)
        at java.util.concurrent.ThreadPoolExecutor$Worker.run(ThreadPoolExecutor.java:624)
        at java.lang.Thread.run(Thread.java:748)
"grpc-default-executor-3" daemon prio=5 tid=447 timed_waiting
java.lang.Thread.State: TIMED_WAITING
        at sun.misc.Unsafe.park(Native Method)
        at java.util.concurrent.locks.LockSupport.parkNanos(LockSupport.java:215)
        at java.util.concurrent.SynchronousQueue$TransferStack.awaitFulfill(SynchronousQueue.java:460)
        at java.util.concurrent.SynchronousQueue$TransferStack.transfer(SynchronousQueue.java:362)
        at java.util.concurrent.SynchronousQueue.poll(SynchronousQueue.java:941)
        at java.util.concurrent.ThreadPoolExecutor.getTask(ThreadPoolExecutor.java:1073)
        at java.util.concurrent.ThreadPoolExecutor.runWorker(ThreadPoolExecutor.java:1134)
        at java.util.concurrent.ThreadPoolExecutor$Worker.run(ThreadPoolExecutor.java:624)
        at java.lang.Thread.run(Thread.java:748)
"EventQueue-NodeReportForNodeReportHandler" daemon prio=5 tid=6055 in Object.wait()
java.lang.Thread.State: WAITING (on object monitor)
        at sun.misc.Unsafe.park(Native Method)
        at java.util.concurrent.locks.LockSupport.park(LockSupport.java:175)
        at java.util.concurrent.locks.AbstractQueuedSynchronizer$ConditionObject.await(AbstractQueuedSynchronizer.java:2039)
        at java.util.concurrent.LinkedBlockingQueue.take(LinkedBlockingQueue.java:442)
        at java.util.concurrent.ThreadPoolExecutor.getTask(ThreadPoolExecutor.java:1074)
        at java.util.concurrent.ThreadPoolExecutor.runWorker(ThreadPoolExecutor.java:1134)
        at java.util.concurrent.ThreadPoolExecutor$Worker.run(ThreadPoolExecutor.java:624)
        at java.lang.Thread.run(Thread.java:748)
"EndpointStateMachine task thread for /0.0.0.0:40517 - 0 "  prio=5 tid=262 in Object.wait()
java.lang.Thread.State: WAITING (on object monitor)
        at sun.misc.Unsafe.park(Native Method)
        at java.util.concurrent.locks.LockSupport.park(LockSupport.java:175)
        at java.util.concurrent.locks.AbstractQueuedSynchronizer$ConditionObject.await(AbstractQueuedSynchronizer.java:2039)
        at java.util.concurrent.LinkedBlockingQueue.take(LinkedBlockingQueue.java:442)
        at java.util.concurrent.ThreadPoolExecutor.getTask(ThreadPoolExecutor.java:1074)
        at java.util.concurrent.ThreadPoolExecutor.runWorker(ThreadPoolExecutor.java:1134)
        at java.util.concurrent.ThreadPoolExecutor$Worker.run(ThreadPoolExecutor.java:624)
        at java.lang.Thread.run(Thread.java:748)
"IPC Server handler 17 on default port 32925" daemon prio=5 tid=4687 timed_waiting
java.lang.Thread.State: TIMED_WAITING
        at sun.misc.Unsafe.park(Native Method)
        at java.util.concurrent.locks.LockSupport.parkNanos(LockSupport.java:215)
        at java.util.concurrent.locks.AbstractQueuedSynchronizer$ConditionObject.awaitNanos(AbstractQueuedSynchronizer.java:2078)
        at java.util.concurrent.LinkedBlockingQueue.poll(LinkedBlockingQueue.java:467)
        at org.apache.hadoop.ipc.CallQueueManager.take(CallQueueManager.java:317)
        at org.apache.hadoop.ipc.Server$Handler.run(Server.java:2932)
"FullTableCache Cleanup Thread - 0" daemon prio=5 tid=344 in Object.wait()
java.lang.Thread.State: WAITING (on object monitor)
        at sun.misc.Unsafe.park(Native Method)
        at java.util.concurrent.locks.LockSupport.park(LockSupport.java:175)
        at java.util.concurrent.locks.AbstractQueuedSynchronizer$ConditionObject.await(AbstractQueuedSynchronizer.java:2039)
        at java.util.concurrent.LinkedBlockingQueue.take(LinkedBlockingQueue.java:442)
        at java.util.concurrent.ThreadPoolExecutor.getTask(ThreadPoolExecutor.java:1074)
        at java.util.concurrent.ThreadPoolExecutor.runWorker(ThreadPoolExecutor.java:1134)
        at java.util.concurrent.ThreadPoolExecutor$Worker.run(ThreadPoolExecutor.java:624)
        at java.lang.Thread.run(Thread.java:748)
"pool-467-thread-8"  prio=5 tid=4953 in Object.wait()
java.lang.Thread.State: WAITING (on object monitor)
        at sun.misc.Unsafe.park(Native Method)
        at java.util.concurrent.locks.LockSupport.park(LockSupport.java:175)
        at java.util.concurrent.locks.AbstractQueuedSynchronizer$ConditionObject.await(AbstractQueuedSynchronizer.java:2039)
        at java.util.concurrent.LinkedBlockingQueue.take(LinkedBlockingQueue.java:442)
        at java.util.concurrent.ThreadPoolExecutor.getTask(ThreadPoolExecutor.java:1074)
        at java.util.concurrent.ThreadPoolExecutor.runWorker(ThreadPoolExecutor.java:1134)
        at java.util.concurrent.ThreadPoolExecutor$Worker.run(ThreadPoolExecutor.java:624)
        at java.lang.Thread.run(Thread.java:748)
"IPC Server handler 9 on default port 46143" daemon prio=5 tid=4581 timed_waiting
java.lang.Thread.State: TIMED_WAITING
        at sun.misc.Unsafe.park(Native Method)
        at java.util.concurrent.locks.LockSupport.parkNanos(LockSupport.java:215)
        at java.util.concurrent.locks.AbstractQueuedSynchronizer$ConditionObject.awaitNanos(AbstractQueuedSynchronizer.java:2078)
        at java.util.concurrent.LinkedBlockingQueue.poll(LinkedBlockingQueue.java:467)
        at org.apache.hadoop.ipc.CallQueueManager.take(CallQueueManager.java:317)
        at org.apache.hadoop.ipc.Server$Handler.run(Server.java:2932)
"Timer-2"  prio=5 tid=4658 timed_waiting
java.lang.Thread.State: TIMED_WAITING
        at java.lang.Object.wait(Native Method)
        at java.util.TimerThread.mainLoop(Timer.java:552)
        at java.util.TimerThread.run(Timer.java:505)
"BlockDeletingService#3" daemon prio=5 tid=4796 timed_waiting
java.lang.Thread.State: TIMED_WAITING
        at java.lang.Thread.setPriority0(Native Method)
        at java.lang.Thread.setPriority(Thread.java:1095)
        at java.lang.Thread.init(Thread.java:417)
        at java.lang.Thread.init(Thread.java:349)
        at java.lang.Thread.<init>(Thread.java:464)
        at java.util.concurrent.CompletableFuture$ThreadPerTaskExecutor.execute(CompletableFuture.java:405)
        at java.util.concurrent.CompletableFuture$UniCompletion.claim(CompletableFuture.java:543)
        at java.util.concurrent.CompletableFuture.uniApply(CompletableFuture.java:613)
        at java.util.concurrent.CompletableFuture$UniApply.tryFire(CompletableFuture.java:591)
        at java.util.concurrent.CompletableFuture.uniApplyStage(CompletableFuture.java:631)
        at java.util.concurrent.CompletableFuture.thenApplyAsync(CompletableFuture.java:2001)
        at org.apache.ratis.server.impl.RaftServerProxy.getGroupInfoAsync(RaftServerProxy.java:529)
        at org.apache.ratis.server.impl.RaftServerProxy.getGroupInfo(RaftServerProxy.java:524)
        at org.apache.hadoop.ozone.container.common.transport.server.ratis.XceiverServerRatis.getMinReplicatedIndex(XceiverServerRatis.java:843)
        at org.apache.hadoop.ozone.container.keyvalue.statemachine.background.BlockDeletingService.isDeletionAllowed(BlockDeletingService.java:206)
        at org.apache.hadoop.ozone.container.keyvalue.statemachine.background.BlockDeletingService.lambda$chooseContainerForBlockDeletion$0(BlockDeletingService.java:180)
        at org.apache.hadoop.ozone.container.keyvalue.statemachine.background.BlockDeletingService$$Lambda$680/2083688737.test(Unknown Source)
        at java.util.stream.ReferencePipeline$2$1.accept(ReferencePipeline.java:174)
        at java.util.Collections$UnmodifiableMap$UnmodifiableEntrySet.lambda$entryConsumer$0(Collections.java:1577)
        at java.util.Collections$UnmodifiableMap$UnmodifiableEntrySet$$Lambda$683/2096444150.accept(Unknown Source)
        at java.util.concurrent.ConcurrentSkipListMap$EntrySpliterator.forEachRemaining(ConcurrentSkipListMap.java:3535)
        at java.util.Collections$UnmodifiableMap$UnmodifiableEntrySet$UnmodifiableEntrySetSpliterator.forEachRemaining(Collections.java:1602)
        at java.util.stream.AbstractPipeline.copyInto(AbstractPipeline.java:482)
        at java.util.stream.AbstractPipeline.wrapAndCopyInto(AbstractPipeline.java:472)
        at java.util.stream.ReduceOps$ReduceOp.evaluateSequential(ReduceOps.java:708)
        at java.util.stream.AbstractPipeline.evaluate(AbstractPipeline.java:234)
        at java.util.stream.ReferencePipeline.collect(ReferencePipeline.java:566)
        at org.apache.hadoop.ozone.container.keyvalue.statemachine.background.BlockDeletingService.chooseContainerForBlockDeletion(BlockDeletingService.java:181)
        at org.apache.hadoop.ozone.container.keyvalue.statemachine.background.BlockDeletingService.getTasks(BlockDeletingService.java:145)
        at org.apache.hadoop.hdds.utils.BackgroundService$PeriodicalTask.run(BackgroundService.java:97)
        at java.util.concurrent.Executors$RunnableAdapter.call(Executors.java:511)
        at java.util.concurrent.FutureTask.runAndReset(FutureTask.java:308)
        at java.util.concurrent.ScheduledThreadPoolExecutor$ScheduledFutureTask.access$301(ScheduledThreadPoolExecutor.java:180)
        at java.util.concurrent.ScheduledThreadPoolExecutor$ScheduledFutureTask.run(ScheduledThreadPoolExecutor.java:294)
        at java.util.concurrent.ThreadPoolExecutor.runWorker(ThreadPoolExecutor.java:1149)
        at java.util.concurrent.ThreadPoolExecutor$Worker.run(ThreadPoolExecutor.java:624)
        at java.lang.Thread.run(Thread.java:748)
"Datanode ReportManager Thread - 3" daemon prio=5 tid=4713 timed_waiting
java.lang.Thread.State: TIMED_WAITING
        at sun.misc.Unsafe.park(Native Method)
        at java.util.concurrent.locks.LockSupport.parkNanos(LockSupport.java:215)
        at java.util.concurrent.locks.AbstractQueuedSynchronizer$ConditionObject.awaitNanos(AbstractQueuedSynchronizer.java:2078)
        at java.util.concurrent.ScheduledThreadPoolExecutor$DelayedWorkQueue.take(ScheduledThreadPoolExecutor.java:1093)
        at java.util.concurrent.ScheduledThreadPoolExecutor$DelayedWorkQueue.take(ScheduledThreadPoolExecutor.java:809)
        at java.util.concurrent.ThreadPoolExecutor.getTask(ThreadPoolExecutor.java:1074)
        at java.util.concurrent.ThreadPoolExecutor.runWorker(ThreadPoolExecutor.java:1134)
        at java.util.concurrent.ThreadPoolExecutor$Worker.run(ThreadPoolExecutor.java:624)
        at java.lang.Thread.run(Thread.java:748)
"IPC Server handler 19 on default port 32925" daemon prio=5 tid=4689 timed_waiting
java.lang.Thread.State: TIMED_WAITING
        at sun.misc.Unsafe.park(Native Method)
        at java.util.concurrent.locks.LockSupport.parkNanos(LockSupport.java:215)
        at java.util.concurrent.locks.AbstractQueuedSynchronizer$ConditionObject.awaitNanos(AbstractQueuedSynchronizer.java:2078)
        at java.util.concurrent.LinkedBlockingQueue.poll(LinkedBlockingQueue.java:467)
        at org.apache.hadoop.ipc.CallQueueManager.take(CallQueueManager.java:317)
        at org.apache.hadoop.ipc.Server$Handler.run(Server.java:2932)
"java.util.concurrent.ThreadPoolExecutor$Worker@7df9059e[State = -1, empty queue]" daemon prio=5 tid=4877 timed_waiting
java.lang.Thread.State: TIMED_WAITING
        at sun.misc.Unsafe.park(Native Method)
        at java.util.concurrent.locks.LockSupport.parkNanos(LockSupport.java:215)
        at java.util.concurrent.locks.AbstractQueuedSynchronizer$ConditionObject.awaitNanos(AbstractQueuedSynchronizer.java:2078)
        at java.util.concurrent.ScheduledThreadPoolExecutor$DelayedWorkQueue.take(ScheduledThreadPoolExecutor.java:1093)
        at java.util.concurrent.ScheduledThreadPoolExecutor$DelayedWorkQueue.take(ScheduledThreadPoolExecutor.java:809)
        at java.util.concurrent.ThreadPoolExecutor.getTask(ThreadPoolExecutor.java:1074)
        at java.util.concurrent.ThreadPoolExecutor.runWorker(ThreadPoolExecutor.java:1134)
        at java.util.concurrent.ThreadPoolExecutor$Worker.run(ThreadPoolExecutor.java:624)
        at java.lang.Thread.run(Thread.java:748)
"ChunkWriter-1-0" daemon prio=5 tid=4772 in Object.wait()
java.lang.Thread.State: WAITING (on object monitor)
        at sun.misc.Unsafe.park(Native Method)
        at java.util.concurrent.locks.LockSupport.park(LockSupport.java:175)
        at java.util.concurrent.locks.AbstractQueuedSynchronizer$ConditionObject.await(AbstractQueuedSynchronizer.java:2039)
        at java.util.concurrent.LinkedBlockingDeque.takeFirst(LinkedBlockingDeque.java:492)
        at java.util.concurrent.LinkedBlockingDeque.take(LinkedBlockingDeque.java:680)
        at java.util.concurrent.ThreadPoolExecutor.getTask(ThreadPoolExecutor.java:1074)
        at java.util.concurrent.ThreadPoolExecutor.runWorker(ThreadPoolExecutor.java:1134)
        at java.util.concurrent.ThreadPoolExecutor$Worker.run(ThreadPoolExecutor.java:624)
        at java.lang.Thread.run(Thread.java:748)
"BlockDeletingService#0" daemon prio=5 tid=4792 in Object.wait()
java.lang.Thread.State: WAITING (on object monitor)
        at sun.misc.Unsafe.park(Native Method)
        at java.util.concurrent.locks.LockSupport.park(LockSupport.java:175)
        at java.util.concurrent.locks.AbstractQueuedSynchronizer$ConditionObject.await(AbstractQueuedSynchronizer.java:2039)
        at java.util.concurrent.ScheduledThreadPoolExecutor$DelayedWorkQueue.take(ScheduledThreadPoolExecutor.java:1088)
        at java.util.concurrent.ScheduledThreadPoolExecutor$DelayedWorkQueue.take(ScheduledThreadPoolExecutor.java:809)
        at java.util.concurrent.ThreadPoolExecutor.getTask(ThreadPoolExecutor.java:1074)
        at java.util.concurrent.ThreadPoolExecutor.runWorker(ThreadPoolExecutor.java:1134)
        at java.util.concurrent.ThreadPoolExecutor$Worker.run(ThreadPoolExecutor.java:624)
        at java.lang.Thread.run(Thread.java:748)
"BlockDeletingService#7" daemon prio=5 tid=4783 in Object.wait()
java.lang.Thread.State: WAITING (on object monitor)
        at sun.misc.Unsafe.park(Native Method)
        at java.util.concurrent.locks.LockSupport.park(LockSupport.java:175)
        at java.util.concurrent.locks.AbstractQueuedSynchronizer$ConditionObject.await(AbstractQueuedSynchronizer.java:2039)
        at java.util.concurrent.ScheduledThreadPoolExecutor$DelayedWorkQueue.take(ScheduledThreadPoolExecutor.java:1088)
        at java.util.concurrent.ScheduledThreadPoolExecutor$DelayedWorkQueue.take(ScheduledThreadPoolExecutor.java:809)
        at java.util.concurrent.ThreadPoolExecutor.getTask(ThreadPoolExecutor.java:1074)
        at java.util.concurrent.ThreadPoolExecutor.runWorker(ThreadPoolExecutor.java:1134)
        at java.util.concurrent.ThreadPoolExecutor$Worker.run(ThreadPoolExecutor.java:624)
        at java.lang.Thread.run(Thread.java:748)
"Datanode ReportManager Thread - 4" daemon prio=5 tid=4714 in Object.wait()
java.lang.Thread.State: WAITING (on object monitor)
        at sun.misc.Unsafe.park(Native Method)
        at java.util.concurrent.locks.LockSupport.park(LockSupport.java:175)
        at java.util.concurrent.locks.AbstractQueuedSynchronizer$ConditionObject.await(AbstractQueuedSynchronizer.java:2039)
        at java.util.concurrent.ScheduledThreadPoolExecutor$DelayedWorkQueue.take(ScheduledThreadPoolExecutor.java:1088)
        at java.util.concurrent.ScheduledThreadPoolExecutor$DelayedWorkQueue.take(ScheduledThreadPoolExecutor.java:809)
        at java.util.concurrent.ThreadPoolExecutor.getTask(ThreadPoolExecutor.java:1074)
        at java.util.concurrent.ThreadPoolExecutor.runWorker(ThreadPoolExecutor.java:1134)
        at java.util.concurrent.ThreadPoolExecutor$Worker.run(ThreadPoolExecutor.java:624)
        at java.lang.Thread.run(Thread.java:748)
"IPC Server handler 19 on default port 32893" daemon prio=5 tid=4631 timed_waiting
java.lang.Thread.State: TIMED_WAITING
        at sun.misc.Unsafe.park(Native Method)
        at java.util.concurrent.locks.LockSupport.parkNanos(LockSupport.java:215)
        at java.util.concurrent.locks.AbstractQueuedSynchronizer$ConditionObject.awaitNanos(AbstractQueuedSynchronizer.java:2078)
        at java.util.concurrent.LinkedBlockingQueue.poll(LinkedBlockingQueue.java:467)
        at org.apache.hadoop.ipc.CallQueueManager.take(CallQueueManager.java:317)
        at org.apache.hadoop.ipc.Server$Handler.run(Server.java:2932)
"org.apache.hadoop.ozone.container.common.statemachine.commandhandler.DeleteBlocksCommandHandler$DeleteCmdWorker@35db3ea2" daemon prio=5 tid=186 runnable
java.lang.Thread.State: RUNNABLE
        at java.lang.Thread.sleep(Native Method)
        at org.apache.hadoop.ozone.container.common.statemachine.commandhandler.DeleteBlocksCommandHandler$DeleteCmdWorker.run(DeleteBlocksCommandHandler.java:174)
        at java.lang.Thread.run(Thread.java:748)
"BlockDeletingService#8" daemon prio=5 tid=4824 in Object.wait()
java.lang.Thread.State: WAITING (on object monitor)
        at sun.misc.Unsafe.park(Native Method)
        at java.util.concurrent.locks.LockSupport.park(LockSupport.java:175)
        at java.util.concurrent.locks.AbstractQueuedSynchronizer$ConditionObject.await(AbstractQueuedSynchronizer.java:2039)
        at java.util.concurrent.ScheduledThreadPoolExecutor$DelayedWorkQueue.take(ScheduledThreadPoolExecutor.java:1088)
        at java.util.concurrent.ScheduledThreadPoolExecutor$DelayedWorkQueue.take(ScheduledThreadPoolExecutor.java:809)
        at java.util.concurrent.ThreadPoolExecutor.getTask(ThreadPoolExecutor.java:1074)
        at java.util.concurrent.ThreadPoolExecutor.runWorker(ThreadPoolExecutor.java:1134)
        at java.util.concurrent.ThreadPoolExecutor$Worker.run(ThreadPoolExecutor.java:624)
        at java.lang.Thread.run(Thread.java:748)
"grpc-default-worker-ELG-3-2" daemon prio=5 tid=307 runnable
java.lang.Thread.State: RUNNABLE
        at org.apache.ratis.thirdparty.io.netty.channel.epoll.Native.epollWait(Native Method)
        at org.apache.ratis.thirdparty.io.netty.channel.epoll.Native.epollWait(Native.java:177)
        at org.apache.ratis.thirdparty.io.netty.channel.epoll.Native.epollWait(Native.java:170)
        at org.apache.ratis.thirdparty.io.netty.channel.epoll.EpollEventLoop.epollWaitNoTimerChange(EpollEventLoop.java:290)
        at org.apache.ratis.thirdparty.io.netty.channel.epoll.EpollEventLoop.run(EpollEventLoop.java:347)
        at org.apache.ratis.thirdparty.io.netty.util.concurrent.SingleThreadEventExecutor$4.run(SingleThreadEventExecutor.java:989)
        at org.apache.ratis.thirdparty.io.netty.util.internal.ThreadExecutorMap$2.run(ThreadExecutorMap.java:74)
        at org.apache.ratis.thirdparty.io.netty.util.concurrent.FastThreadLocalRunnable.run(FastThreadLocalRunnable.java:30)
        at java.lang.Thread.run(Thread.java:748)
"41bdc6fc-f730-460f-b2d8-92157d986a72@group-BCEEFC5FE04E-StateMachineUpdater" daemon prio=5 tid=4848 in Object.wait()
java.lang.Thread.State: WAITING (on object monitor)
        at java.lang.Object.wait(Native Method)
        at java.lang.Object.wait(Object.java:502)
        at org.apache.ratis.server.impl.StateMachineUpdater.waitForCommit(StateMachineUpdater.java:204)
        at org.apache.ratis.server.impl.StateMachineUpdater.run(StateMachineUpdater.java:173)
        at java.lang.Thread.run(Thread.java:748)
"e5d3e9d3-1367-47eb-ad7f-372895a70f55@group-BCEEFC5FE04E-FollowerState" daemon prio=5 tid=4871 timed_waiting
java.lang.Thread.State: TIMED_WAITING
        at java.lang.Thread.sleep(Native Method)
        at java.lang.Thread.sleep(Thread.java:340)
        at java.util.concurrent.TimeUnit.sleep(TimeUnit.java:386)
        at org.apache.ratis.util.TimeDuration.sleep(TimeDuration.java:324)
        at org.apache.ratis.util.TimeDuration.sleep(TimeDuration.java:309)
        at org.apache.ratis.server.impl.FollowerState.run(FollowerState.java:118)
"BlockDeletingService#5" daemon prio=5 tid=4815 in Object.wait()
java.lang.Thread.State: WAITING (on object monitor)
        at sun.misc.Unsafe.park(Native Method)
        at java.util.concurrent.locks.LockSupport.park(LockSupport.java:175)
        at java.util.concurrent.locks.AbstractQueuedSynchronizer$ConditionObject.await(AbstractQueuedSynchronizer.java:2039)
        at java.util.concurrent.ScheduledThreadPoolExecutor$DelayedWorkQueue.take(ScheduledThreadPoolExecutor.java:1088)
        at java.util.concurrent.ScheduledThreadPoolExecutor$DelayedWorkQueue.take(ScheduledThreadPoolExecutor.java:809)
        at java.util.concurrent.ThreadPoolExecutor.getTask(ThreadPoolExecutor.java:1074)
        at java.util.concurrent.ThreadPoolExecutor.runWorker(ThreadPoolExecutor.java:1134)
        at java.util.concurrent.ThreadPoolExecutor$Worker.run(ThreadPoolExecutor.java:624)
        at java.lang.Thread.run(Thread.java:748)
"org.apache.hadoop.ozone.container.common.statemachine.commandhandler.DeleteBlocksCommandHandler$DeleteCmdWorker@40df07fc" daemon prio=5 tid=4748 timed_waiting
java.lang.Thread.State: TIMED_WAITING
        at java.lang.Thread.sleep(Native Method)
        at org.apache.hadoop.ozone.container.common.statemachine.commandhandler.DeleteBlocksCommandHandler$DeleteCmdWorker.run(DeleteBlocksCommandHandler.java:174)
        at java.lang.Thread.run(Thread.java:748)
"Listener at 127.0.0.1/32925"  prio=5 tid=1 runnable
java.lang.Thread.State: RUNNABLE
        at java.lang.Thread.dumpThreads(Native Method)
        at java.lang.Thread.getAllStackTraces(Thread.java:1610)
        at org.apache.ozone.test.TimedOutTestsListener.buildThreadDump(TimedOutTestsListener.java:93)
        at org.apache.ozone.test.TimedOutTestsListener.buildThreadDiagnosticString(TimedOutTestsListener.java:79)
        at org.apache.ozone.test.GenericTestUtils.waitFor(GenericTestUtils.java:225)
        at org.apache.hadoop.ozone.container.common.statemachine.commandhandler.TestBlockDeletion.testBlockDeletion(TestBlockDeletion.java:246)
        at sun.reflect.NativeMethodAccessorImpl.invoke0(Native Method)
        at sun.reflect.NativeMethodAccessorImpl.invoke(NativeMethodAccessorImpl.java:62)
        at sun.reflect.DelegatingMethodAccessorImpl.invoke(DelegatingMethodAccessorImpl.java:43)
        at java.lang.reflect.Method.invoke(Method.java:498)
        at org.junit.runners.model.FrameworkMethod$1.runReflectiveCall(FrameworkMethod.java:59)
        at org.junit.internal.runners.model.ReflectiveCallable.run(ReflectiveCallable.java:12)
        at org.junit.runners.model.FrameworkMethod.invokeExplosively(FrameworkMethod.java:56)
        at org.junit.internal.runners.statements.InvokeMethod.evaluate(InvokeMethod.java:17)
        at org.junit.internal.runners.statements.RunBefores.evaluate(RunBefores.java:26)
        at org.junit.internal.runners.statements.RunAfters.evaluate(RunAfters.java:27)
        at org.junit.runners.ParentRunner$3.evaluate(ParentRunner.java:306)
        at org.junit.runners.BlockJUnit4ClassRunner$1.evaluate(BlockJUnit4ClassRunner.java:100)
        at org.junit.runners.ParentRunner.runLeaf(ParentRunner.java:366)
        at org.junit.runners.BlockJUnit4ClassRunner.runChild(BlockJUnit4ClassRunner.java:103)
        at org.junit.runners.BlockJUnit4ClassRunner.runChild(BlockJUnit4ClassRunner.java:63)
        at org.junit.runners.ParentRunner$4.run(ParentRunner.java:331)
        at org.junit.runners.ParentRunner$1.schedule(ParentRunner.java:79)
        at org.junit.runners.ParentRunner.runChildren(ParentRunner.java:329)
        at org.junit.runners.ParentRunner.access$100(ParentRunner.java:66)
        at org.junit.runners.ParentRunner$2.evaluate(ParentRunner.java:293)
        at org.junit.runners.ParentRunner$3.evaluate(ParentRunner.java:306)
        at org.junit.runners.ParentRunner.run(ParentRunner.java:413)
        at org.junit.runner.JUnitCore.run(JUnitCore.java:137)
        at org.junit.runner.JUnitCore.run(JUnitCore.java:115)
        at org.junit.vintage.engine.execution.RunnerExecutor.execute(RunnerExecutor.java:43)
        at org.junit.vintage.engine.VintageTestEngine$$Lambda$193/1262110193.accept(Unknown Source)
        at java.util.stream.ForEachOps$ForEachOp$OfRef.accept(ForEachOps.java:183)
        at java.util.stream.ReferencePipeline$3$1.accept(ReferencePipeline.java:193)
        at java.util.Iterator.forEachRemaining(Iterator.java:116)
        at java.util.Spliterators$IteratorSpliterator.forEachRemaining(Spliterators.java:1801)
        at java.util.stream.AbstractPipeline.copyInto(AbstractPipeline.java:482)
        at java.util.stream.AbstractPipeline.wrapAndCopyInto(AbstractPipeline.java:472)
        at java.util.stream.ForEachOps$ForEachOp.evaluateSequential(ForEachOps.java:150)
        at java.util.stream.ForEachOps$ForEachOp$OfRef.evaluateSequential(ForEachOps.java:173)
        at java.util.stream.AbstractPipeline.evaluate(AbstractPipeline.java:234)
        at java.util.stream.ReferencePipeline.forEach(ReferencePipeline.java:485)
        at org.junit.vintage.engine.VintageTestEngine.executeAllChildren(VintageTestEngine.java:82)
        at org.junit.vintage.engine.VintageTestEngine.execute(VintageTestEngine.java:73)
        at org.junit.platform.launcher.core.EngineExecutionOrchestrator.execute(EngineExecutionOrchestrator.java:108)
        at org.junit.platform.launcher.core.EngineExecutionOrchestrator.execute(EngineExecutionOrchestrator.java:88)
        at org.junit.platform.launcher.core.EngineExecutionOrchestrator.lambda$execute$0(EngineExecutionOrchestrator.java:54)
        at org.junit.platform.launcher.core.EngineExecutionOrchestrator$$Lambda$141/2018260103.accept(Unknown Source)
        at org.junit.platform.launcher.core.EngineExecutionOrchestrator.withInterceptedStreams(EngineExecutionOrchestrator.java:67)
        at org.junit.platform.launcher.core.EngineExecutionOrchestrator.execute(EngineExecutionOrchestrator.java:52)
        at org.junit.platform.launcher.core.DefaultLauncher.execute(DefaultLauncher.java:96)
        at org.junit.platform.launcher.core.DefaultLauncher.execute(DefaultLauncher.java:75)
        at org.apache.maven.surefire.junitplatform.JUnitPlatformProvider.invokeAllTests(JUnitPlatformProvider.java:142)
        at org.apache.maven.surefire.junitplatform.JUnitPlatformProvider.invoke(JUnitPlatformProvider.java:113)
        at org.apache.maven.surefire.booter.ForkedBooter.invokeProviderInSameClassLoader(ForkedBooter.java:384)
        at org.apache.maven.surefire.booter.ForkedBooter.runSuitesInProcess(ForkedBooter.java:345)
        at org.apache.maven.surefire.booter.ForkedBooter.execute(ForkedBooter.java:126)
        at org.apache.maven.surefire.booter.ForkedBooter.main(ForkedBooter.java:418)
"a3a688a0-b759-42a1-9d42-7ea63bf88025@group-BCEEFC5FE04E-SegmentedRaftLogWorker"  prio=5 tid=4836 timed_waiting
java.lang.Thread.State: TIMED_WAITING
        at sun.misc.Unsafe.park(Native Method)
        at java.util.concurrent.locks.LockSupport.parkNanos(LockSupport.java:215)
        at java.util.concurrent.locks.AbstractQueuedSynchronizer$ConditionObject.awaitNanos(AbstractQueuedSynchronizer.java:2078)
        at org.apache.ratis.util.DataBlockingQueue.poll(DataBlockingQueue.java:137)
        at org.apache.ratis.server.raftlog.segmented.SegmentedRaftLogWorker.run(SegmentedRaftLogWorker.java:292)
        at org.apache.ratis.server.raftlog.segmented.SegmentedRaftLogWorker$$Lambda$467/1519865368.run(Unknown Source)
        at java.lang.Thread.run(Thread.java:748)
"IPC Server idle connection scanner for port 32925" daemon prio=5 tid=4651 timed_waiting
java.lang.Thread.State: TIMED_WAITING
        at java.lang.Object.wait(Native Method)
        at java.util.TimerThread.mainLoop(Timer.java:552)
        at java.util.TimerThread.run(Timer.java:505)


	at org.apache.ozone.test.GenericTestUtils.waitFor(GenericTestUtils.java:225)
	at org.apache.hadoop.ozone.container.common.statemachine.commandhandler.TestBlockDeletion.testBlockDeletion(TestBlockDeletion.java:246)
	at sun.reflect.NativeMethodAccessorImpl.invoke0(Native Method)
	at sun.reflect.NativeMethodAccessorImpl.invoke(NativeMethodAccessorImpl.java:62)
	at sun.reflect.DelegatingMethodAccessorImpl.invoke(DelegatingMethodAccessorImpl.java:43)
	at java.lang.reflect.Method.invoke(Method.java:498)
	at org.junit.runners.model.FrameworkMethod$1.runReflectiveCall(FrameworkMethod.java:59)
	at org.junit.internal.runners.model.ReflectiveCallable.run(ReflectiveCallable.java:12)
	at org.junit.runners.model.FrameworkMethod.invokeExplosively(FrameworkMethod.java:56)
	at org.junit.internal.runners.statements.InvokeMethod.evaluate(InvokeMethod.java:17)
	at org.junit.internal.runners.statements.RunBefores.evaluate(RunBefores.java:26)
	at org.junit.internal.runners.statements.RunAfters.evaluate(RunAfters.java:27)
	at org.junit.runners.ParentRunner$3.evaluate(ParentRunner.java:306)
	at org.junit.runners.BlockJUnit4ClassRunner$1.evaluate(BlockJUnit4ClassRunner.java:100)
	at org.junit.runners.ParentRunner.runLeaf(ParentRunner.java:366)
	at org.junit.runners.BlockJUnit4ClassRunner.runChild(BlockJUnit4ClassRunner.java:103)
	at org.junit.runners.BlockJUnit4ClassRunner.runChild(BlockJUnit4ClassRunner.java:63)
	at org.junit.runners.ParentRunner$4.run(ParentRunner.java:331)
	at org.junit.runners.ParentRunner$1.schedule(ParentRunner.java:79)
	at org.junit.runners.ParentRunner.runChildren(ParentRunner.java:329)
	at org.junit.runners.ParentRunner.access$100(ParentRunner.java:66)
	at org.junit.runners.ParentRunner$2.evaluate(ParentRunner.java:293)
	at org.junit.runners.ParentRunner$3.evaluate(ParentRunner.java:306)
	at org.junit.runners.ParentRunner.run(ParentRunner.java:413)
	at org.junit.runner.JUnitCore.run(JUnitCore.java:137)
	at org.junit.runner.JUnitCore.run(JUnitCore.java:115)
	at org.junit.vintage.engine.execution.RunnerExecutor.execute(RunnerExecutor.java:43)
	at java.util.stream.ForEachOps$ForEachOp$OfRef.accept(ForEachOps.java:183)
	at java.util.stream.ReferencePipeline$3$1.accept(ReferencePipeline.java:193)
	at java.util.Iterator.forEachRemaining(Iterator.java:116)
	at java.util.Spliterators$IteratorSpliterator.forEachRemaining(Spliterators.java:1801)
	at java.util.stream.AbstractPipeline.copyInto(AbstractPipeline.java:482)
	at java.util.stream.AbstractPipeline.wrapAndCopyInto(AbstractPipeline.java:472)
	at java.util.stream.ForEachOps$ForEachOp.evaluateSequential(ForEachOps.java:150)
	at java.util.stream.ForEachOps$ForEachOp$OfRef.evaluateSequential(ForEachOps.java:173)
	at java.util.stream.AbstractPipeline.evaluate(AbstractPipeline.java:234)
	at java.util.stream.ReferencePipeline.forEach(ReferencePipeline.java:485)
	at org.junit.vintage.engine.VintageTestEngine.executeAllChildren(VintageTestEngine.java:82)
	at org.junit.vintage.engine.VintageTestEngine.execute(VintageTestEngine.java:73)
	at org.junit.platform.launcher.core.EngineExecutionOrchestrator.execute(EngineExecutionOrchestrator.java:108)
	at org.junit.platform.launcher.core.EngineExecutionOrchestrator.execute(EngineExecutionOrchestrator.java:88)
	at org.junit.platform.launcher.core.EngineExecutionOrchestrator.lambda$execute$0(EngineExecutionOrchestrator.java:54)
	at org.junit.platform.launcher.core.EngineExecutionOrchestrator.withInterceptedStreams(EngineExecutionOrchestrator.java:67)
	at org.junit.platform.launcher.core.EngineExecutionOrchestrator.execute(EngineExecutionOrchestrator.java:52)
	at org.junit.platform.launcher.core.DefaultLauncher.execute(DefaultLauncher.java:96)
	at org.junit.platform.launcher.core.DefaultLauncher.execute(DefaultLauncher.java:75)
	at org.apache.maven.surefire.junitplatform.JUnitPlatformProvider.invokeAllTests(JUnitPlatformProvider.java:142)
	at org.apache.maven.surefire.junitplatform.JUnitPlatformProvider.invoke(JUnitPlatformProvider.java:113)
	at org.apache.maven.surefire.booter.ForkedBooter.invokeProviderInSameClassLoader(ForkedBooter.java:384)
	at org.apache.maven.surefire.booter.ForkedBooter.runSuitesInProcess(ForkedBooter.java:345)
	at org.apache.maven.surefire.booter.ForkedBooter.execute(ForkedBooter.java:126)
	at org.apache.maven.surefire.booter.ForkedBooter.main(ForkedBooter.java:418)
]]></error>
    <system-out><![CDATA[2021-08-14 14:03:51,405 [Listener at 127.0.0.1/37763] WARN  server.ServerUtils (ServerUtils.java:getScmDbDir(148)) - ozone.scm.db.dirs is not configured. We recommend adding this setting. Falling back to ozone.metadata.dirs instead.
2021-08-14 14:03:51,412 [Listener at 127.0.0.1/37763] INFO  ha.SCMHANodeDetails (SCMHANodeDetails.java:loadSCMHAConfig(157)) - ServiceID for StorageContainerManager is null
2021-08-14 14:03:51,412 [Listener at 127.0.0.1/37763] INFO  ha.SCMHANodeDetails (SCMHANodeDetails.java:loadSCMHAConfig(162)) - ozone.scm.default.service.id is not defined, falling back to ozone.scm.service.ids to find serviceID for StorageContainerManager if it is HA enabled cluster
2021-08-14 14:03:51,413 [Listener at 127.0.0.1/37763] WARN  server.ServerUtils (ServerUtils.java:getScmDbDir(148)) - ozone.scm.db.dirs is not configured. We recommend adding this setting. Falling back to ozone.metadata.dirs instead.
2021-08-14 14:03:51,413 [Listener at 127.0.0.1/37763] INFO  upgrade.AbstractLayoutVersionManager (AbstractLayoutVersionManager.java:init(70)) - Initializing Layout version manager with metadata layout = SCM_HA (version = 2), software layout = SCM_HA (version = 2)
2021-08-14 14:03:51,518 [Listener at 127.0.0.1/37763] INFO  reflections.Reflections (Reflections.java:scan(232)) - Reflections took 104 ms to scan 7 urls, producing 120 keys and 275 values 
2021-08-14 14:03:51,519 [Listener at 127.0.0.1/37763] WARN  utils.HAUtils (HAUtils.java:getMetaDir(342)) - ozone.scm.db.dirs is not configured. We recommend adding this setting. Falling back to ozone.metadata.dirs instead.
2021-08-14 14:03:51,530 [Listener at 127.0.0.1/37763] WARN  db.DBStoreBuilder (DBStoreBuilder.java:applyDBDefinition(145)) - ozone.scm.db.dirs is not configured. We recommend adding this setting. Falling back to ozone.metadata.dirs instead.
2021-08-14 14:03:51,736 [Listener at 127.0.0.1/37763] INFO  net.NodeSchemaLoader (NodeSchemaLoader.java:loadSchemaFromFile(129)) - Loading schema from [jar:file:/home/runner/.m2/repository/org/apache/ozone/hdds-common/1.2.0-SNAPSHOT/hdds-common-1.2.0-SNAPSHOT.jar!/network-topology-default.xml]
2021-08-14 14:03:51,736 [Listener at 127.0.0.1/37763] INFO  net.NodeSchemaLoader (NodeSchemaLoader.java:loadSchema(176)) - Loading network topology layer schema file
2021-08-14 14:03:51,754 [Listener at 127.0.0.1/37763] INFO  ha.SequenceIdGenerator (SequenceIdGenerator.java:upgradeToSequenceId(327)) - upgrade localId to 107544261427200000
2021-08-14 14:03:51,754 [Listener at 127.0.0.1/37763] INFO  ha.SequenceIdGenerator (SequenceIdGenerator.java:upgradeToSequenceId(337)) - upgrade delTxnId to 0
2021-08-14 14:03:51,762 [Listener at 127.0.0.1/37763] INFO  ha.SequenceIdGenerator (SequenceIdGenerator.java:upgradeToSequenceId(351)) - upgrade containerId to 0
2021-08-14 14:03:51,762 [Listener at 127.0.0.1/37763] INFO  ha.SequenceIdGenerator (SequenceIdGenerator.java:<init>(217)) - Init the HA SequenceIdGenerator.
2021-08-14 14:03:51,793 [Listener at 127.0.0.1/37763] INFO  node.SCMNodeManager (SCMNodeManager.java:<init>(145)) - Entering startup safe mode.
2021-08-14 14:03:51,794 [Listener at 127.0.0.1/37763] INFO  algorithms.ContainerPlacementPolicyFactory (ContainerPlacementPolicyFactory.java:getPolicy(60)) - Create container placement policy of type org.apache.hadoop.hdds.scm.container.placement.algorithms.SCMContainerPlacementRandom
2021-08-14 14:03:51,794 [Listener at 127.0.0.1/37763] INFO  pipeline.PipelineStateManager (PipelineStateManagerV2Impl.java:initialize(78)) - No pipeline exists in current db
2021-08-14 14:03:51,795 [Listener at 127.0.0.1/37763] INFO  algorithms.LeaderChoosePolicyFactory (LeaderChoosePolicyFactory.java:getPolicy(57)) - Create leader choose policy of type org.apache.hadoop.hdds.scm.pipeline.leader.choose.algorithms.MinLeaderCountChoosePolicy
2021-08-14 14:03:51,796 [Listener at 127.0.0.1/37763] INFO  ha.SCMServiceManager (SCMServiceManager.java:register(43)) - Registering service BackgroundPipelineCreator.
2021-08-14 14:03:51,799 [Listener at 127.0.0.1/37763] INFO  pipeline.BackgroundPipelineCreator (BackgroundPipelineCreatorV2.java:start(130)) - Starting RatisPipelineUtilsThread.
2021-08-14 14:03:51,811 [Listener at 127.0.0.1/37763] INFO  algorithms.PipelineChoosePolicyFactory (PipelineChoosePolicyFactory.java:createPipelineChoosePolicyFromClass(73)) - Create pipeline choose policy of type org.apache.hadoop.hdds.scm.pipeline.choose.algorithms.RandomPipelineChoosePolicy
2021-08-14 14:03:51,812 [Listener at 127.0.0.1/37763] INFO  ha.SCMServiceManager (SCMServiceManager.java:register(43)) - Registering service SCMBlockDeletingService.
2021-08-14 14:03:51,812 [Listener at 127.0.0.1/37763] INFO  ha.SCMServiceManager (SCMServiceManager.java:register(43)) - Registering service ReplicationManager.
2021-08-14 14:03:51,812 [Listener at 127.0.0.1/37763] INFO  container.ReplicationManager (ReplicationManager.java:start(286)) - Starting Replication Monitor Thread.
2021-08-14 14:03:51,821 [Listener at 127.0.0.1/37763] INFO  safemode.ContainerSafeModeRule (ContainerSafeModeRule.java:<init>(89)) - containers with one replica threshold count 0
2021-08-14 14:03:51,822 [Listener at 127.0.0.1/37763] INFO  safemode.HealthyPipelineSafeModeRule (HealthyPipelineSafeModeRule.java:initializeRule(156)) - Total pipeline count is 0, healthy pipeline threshold count is 1
2021-08-14 14:03:51,822 [Listener at 127.0.0.1/37763] INFO  safemode.OneReplicaPipelineSafeModeRule (OneReplicaPipelineSafeModeRule.java:initializeRule(180)) - Total pipeline count is 0, pipeline's with at least one datanode reported threshold count is 0
2021-08-14 14:03:51,834 [Listener at 127.0.0.1/37763] INFO  ipc.CallQueueManager (CallQueueManager.java:<init>(90)) - Using callQueue: class java.util.concurrent.LinkedBlockingQueue, queueCapacity: 2000, scheduler: class org.apache.hadoop.ipc.DefaultRpcScheduler, ipcBackoff: false.
2021-08-14 14:03:51,838 [Socket Reader #1 for port 0] INFO  ipc.Server (Server.java:run(1265)) - Starting Socket Reader #1 for port 0
2021-08-14 14:03:51,854 [Listener at 0.0.0.0/32893] INFO  ipc.CallQueueManager (CallQueueManager.java:<init>(90)) - Using callQueue: class java.util.concurrent.LinkedBlockingQueue, queueCapacity: 2000, scheduler: class org.apache.hadoop.ipc.DefaultRpcScheduler, ipcBackoff: false.
2021-08-14 14:03:51,861 [Socket Reader #1 for port 0] INFO  ipc.Server (Server.java:run(1265)) - Starting Socket Reader #1 for port 0
2021-08-14 14:03:51,862 [Listener at 0.0.0.0/43321] INFO  ipc.CallQueueManager (CallQueueManager.java:<init>(90)) - Using callQueue: class java.util.concurrent.LinkedBlockingQueue, queueCapacity: 2000, scheduler: class org.apache.hadoop.ipc.DefaultRpcScheduler, ipcBackoff: false.
2021-08-14 14:03:51,863 [Socket Reader #1 for port 0] INFO  ipc.Server (Server.java:run(1265)) - Starting Socket Reader #1 for port 0
2021-08-14 14:03:51,826 [ReplicationMonitor] INFO  container.ReplicationManager (ReplicationManager.java:processAll(341)) - Replication Monitor Thread took 0 milliseconds for processing 0 containers.
2021-08-14 14:03:51,961 [Listener at 0.0.0.0/46143] INFO  algorithms.ContainerPlacementPolicyFactory (ContainerPlacementPolicyFactory.java:getPolicy(60)) - Create container placement policy of type org.apache.hadoop.hdds.scm.container.placement.algorithms.SCMContainerPlacementRandom
2021-08-14 14:03:51,961 [Listener at 0.0.0.0/46143] INFO  server.StorageContainerManager (StorageContainerManager.java:<init>(383)) - 
Container Balancer status:
Key                            Value
Running                        false
Container Balancer Configuration values:
Key                                                Value
Threshold                                          0.1
Max Datanodes to Involve per Iteration(ratio)      0.5
Max Size to Move per Iteration                     10737418240B

2021-08-14 14:03:51,961 [Listener at 0.0.0.0/46143] WARN  events.EventQueue (EventQueue.java:fireEvent(194)) - No event handler registered for event TypedEvent{payloadType=SafeModeStatus, name='Safe mode status'}
2021-08-14 14:03:51,961 [Listener at 0.0.0.0/46143] INFO  ha.SCMContext (SCMContext.java:updateSafeModeStatus(205)) - Update SafeModeStatus from SafeModeStatus{safeModeStatus=true, preCheckPassed=false} to SafeModeStatus{safeModeStatus=true, preCheckPassed=false}.
2021-08-14 14:03:51,962 [Listener at 0.0.0.0/46143] INFO  server.StorageContainerManager (StorageContainerManager.java:start(1249)) - StorageContainerLocationProtocol RPC server is listening at /0.0.0.0:46143
2021-08-14 14:03:51,963 [Listener at 0.0.0.0/46143] WARN  impl.MetricsConfig (MetricsConfig.java:loadFirst(136)) - Cannot locate configuration: tried hadoop-metrics2-storagecontainermanager.properties,hadoop-metrics2.properties
2021-08-14 14:03:51,968 [Listener at 0.0.0.0/46143] INFO  impl.MetricsSystemImpl (MetricsSystemImpl.java:startTimer(378)) - Scheduled Metric snapshot period at 10 second(s).
2021-08-14 14:03:51,968 [Listener at 0.0.0.0/46143] INFO  impl.MetricsSystemImpl (MetricsSystemImpl.java:start(191)) - StorageContainerManager metrics system started
2021-08-14 14:03:52,005 [Listener at 0.0.0.0/46143] INFO  impl.MetricsSinkAdapter (MetricsSinkAdapter.java:start(204)) - Sink prometheus started
2021-08-14 14:03:52,005 [Listener at 0.0.0.0/46143] INFO  impl.MetricsSystemImpl (MetricsSystemImpl.java:registerSink(305)) - Registered sink prometheus
2021-08-14 14:03:52,049 [Listener at 0.0.0.0/46143] INFO  server.SCMClientProtocolServer (SCMClientProtocolServer.java:start(164)) - RPC server for Client  is listening at /0.0.0.0:46143
2021-08-14 14:03:52,049 [IPC Server Responder] INFO  ipc.Server (Server.java:run(1507)) - IPC Server Responder: starting
2021-08-14 14:03:52,073 [IPC Server listener on 0] INFO  ipc.Server (Server.java:run(1344)) - IPC Server listener on 0: starting
2021-08-14 14:03:52,141 [Listener at 0.0.0.0/46143] INFO  server.StorageContainerManager (StorageContainerManager.java:start(1264)) - ScmBlockLocationProtocol RPC server is listening at /0.0.0.0:43321
2021-08-14 14:03:52,142 [Listener at 0.0.0.0/46143] INFO  server.SCMBlockProtocolServer (SCMBlockProtocolServer.java:start(151)) - RPC server for Block Protocol is listening at /0.0.0.0:43321
2021-08-14 14:03:52,145 [IPC Server Responder] INFO  ipc.Server (Server.java:run(1507)) - IPC Server Responder: starting
2021-08-14 14:03:52,146 [IPC Server listener on 0] INFO  ipc.Server (Server.java:run(1344)) - IPC Server listener on 0: starting
2021-08-14 14:03:52,151 [Listener at 0.0.0.0/46143] INFO  server.StorageContainerManager (StorageContainerManager.java:start(1270)) - ScmDatanodeProtocl RPC server is listening at /0.0.0.0:32893
2021-08-14 14:03:52,152 [Listener at 0.0.0.0/46143] INFO  server.SCMDatanodeProtocolServer (SCMDatanodeProtocolServer.java:start(181)) - RPC server for DataNodes is listening at /0.0.0.0:32893
2021-08-14 14:03:52,164 [IPC Server Responder] INFO  ipc.Server (Server.java:run(1507)) - IPC Server Responder: starting
2021-08-14 14:03:52,164 [IPC Server listener on 0] INFO  ipc.Server (Server.java:run(1344)) - IPC Server listener on 0: starting
2021-08-14 14:03:52,186 [org.apache.hadoop.util.JvmPauseMonitor$Monitor@7ace0b5d] INFO  util.JvmPauseMonitor (JvmPauseMonitor.java:run(188)) - Starting JVM pause monitor
2021-08-14 14:03:52,186 [Listener at 0.0.0.0/46143] INFO  http.BaseHttpServer (BaseHttpServer.java:newHttpServer2BuilderForOzone(209)) - Starting Web-server for scm at: http://0.0.0.0:0
2021-08-14 14:03:52,186 [Listener at 0.0.0.0/46143] INFO  http.BaseHttpServer (BaseHttpServer.java:<init>(107)) - Hadoop Security Enabled: false Ozone Security Enabled: false Ozone HTTP Security Enabled: false 
2021-08-14 14:03:52,187 [Listener at 0.0.0.0/46143] INFO  server.AuthenticationFilter (AuthenticationFilter.java:constructSecretProvider(240)) - Unable to initialize FileSignerSecretProvider, falling back to use random secrets.
2021-08-14 14:03:52,190 [Listener at 0.0.0.0/46143] WARN  http.HttpRequestLog (HttpRequestLog.java:getRequestLog(103)) - Jetty request log can only be enabled using Log4j
2021-08-14 14:03:52,191 [Listener at 0.0.0.0/46143] INFO  http.HttpServer2 (HttpServer2.java:addGlobalFilter(1020)) - Added global filter 'safety' (class=org.apache.hadoop.hdds.server.http.HttpServer2$QuotingInputFilter)
2021-08-14 14:03:52,192 [Listener at 0.0.0.0/46143] INFO  http.HttpServer2 (HttpServer2.java:addFilter(996)) - Added filter static_user_filter (class=org.apache.hadoop.http.lib.StaticUserWebFilter$StaticUserFilter) to context scm
2021-08-14 14:03:52,192 [Listener at 0.0.0.0/46143] INFO  http.HttpServer2 (HttpServer2.java:addFilter(1004)) - Added filter static_user_filter (class=org.apache.hadoop.http.lib.StaticUserWebFilter$StaticUserFilter) to context logs
2021-08-14 14:03:52,192 [Listener at 0.0.0.0/46143] INFO  http.HttpServer2 (HttpServer2.java:addFilter(1004)) - Added filter static_user_filter (class=org.apache.hadoop.http.lib.StaticUserWebFilter$StaticUserFilter) to context static
2021-08-14 14:03:52,193 [Listener at 0.0.0.0/46143] INFO  http.HttpServer2 (HttpServer2.java:bindListener(1239)) - Jetty bound to port 40641
2021-08-14 14:03:52,193 [Listener at 0.0.0.0/46143] INFO  server.Server (Server.java:doStart(375)) - jetty-9.4.43.v20210629; built: 2021-06-30T11:07:22.254Z; git: 526006ecfa3af7f1a27ef3a288e2bef7ea9dd7e8; jvm 1.8.0_292-b10
2021-08-14 14:03:52,220 [Listener at 0.0.0.0/46143] INFO  server.session (DefaultSessionIdManager.java:doStart(334)) - DefaultSessionIdManager workerName=node0
2021-08-14 14:03:52,220 [Listener at 0.0.0.0/46143] INFO  server.session (DefaultSessionIdManager.java:doStart(339)) - No SessionScavenger set, using defaults
2021-08-14 14:03:52,220 [Listener at 0.0.0.0/46143] INFO  server.session (HouseKeeper.java:startScavenging(132)) - node0 Scavenging every 660000ms
2021-08-14 14:03:52,221 [Listener at 0.0.0.0/46143] INFO  handler.ContextHandler (ContextHandler.java:doStart(915)) - Started o.e.j.s.ServletContextHandler@2e7075d4{logs,/logs,file:///home/runner/work/ozone/ozone/hadoop-ozone/integration-test/target/log,AVAILABLE}
2021-08-14 14:03:52,222 [Listener at 0.0.0.0/46143] INFO  handler.ContextHandler (ContextHandler.java:doStart(915)) - Started o.e.j.s.ServletContextHandler@4fcbf387{static,/static,file:///home/runner/work/ozone/ozone/hadoop-ozone/integration-test/target/test-classes/webapps/static,AVAILABLE}
2021-08-14 14:03:52,224 [Listener at 0.0.0.0/46143] INFO  handler.ContextHandler (ContextHandler.java:doStart(915)) - Started o.e.j.w.WebAppContext@5e646bfb{scm,/,file:///home/runner/work/ozone/ozone/hadoop-ozone/integration-test/target/test-classes/webapps/scm/,AVAILABLE}{file:/home/runner/work/ozone/ozone/hadoop-ozone/integration-test/target/test-classes/webapps/scm}
2021-08-14 14:03:52,256 [Listener at 0.0.0.0/46143] INFO  server.AbstractConnector (AbstractConnector.java:doStart(331)) - Started ServerConnector@69eb668b{HTTP/1.1, (http/1.1)}{0.0.0.0:40641}
2021-08-14 14:03:52,256 [Listener at 0.0.0.0/46143] INFO  server.Server (Server.java:doStart(415)) - Started @116412ms
2021-08-14 14:03:52,256 [Listener at 0.0.0.0/46143] WARN  impl.MetricsSystemImpl (MetricsSystemImpl.java:register(279)) - Sink prometheus already exists!
2021-08-14 14:03:52,257 [Listener at 0.0.0.0/46143] INFO  http.BaseHttpServer (BaseHttpServer.java:updateConnectorAddress(329)) - HTTP server of scm listening at http://0.0.0.0:40641
2021-08-14 14:03:52,257 [Listener at 0.0.0.0/46143] WARN  server.ServerUtils (ServerUtils.java:getDBPath(225)) - ozone.om.db.dirs is not configured. We recommend adding this setting. Falling back to ozone.metadata.dirs instead.
2021-08-14 14:03:52,262 [Listener at 0.0.0.0/46143] INFO  ha.OMHANodeDetails (OMHANodeDetails.java:loadOMHAConfig(112)) - ozone.om.internal.service.id is not defined, falling back to ozone.om.service.ids to find serviceID for OzoneManager if it is HA enabled cluster
2021-08-14 14:03:52,263 [Listener at 0.0.0.0/46143] INFO  ha.OMHANodeDetails (OMHANodeDetails.java:loadOMHAConfig(219)) - Configuration does not have ozone.om.address set. Falling back to the default OM address /127.0.0.1:0
2021-08-14 14:03:52,263 [Listener at 0.0.0.0/46143] INFO  ha.OMHANodeDetails (OMHANodeDetails.java:getOMNodeDetails(247)) - OM Service ID is not set. Setting it to the default ID: omServiceIdDefault
2021-08-14 14:03:52,263 [Listener at 0.0.0.0/46143] INFO  ha.OMHANodeDetails (OMHANodeDetails.java:getOMNodeDetails(254)) - OM Node ID is not set. Setting it to the default ID: om1
2021-08-14 14:03:52,263 [Listener at 0.0.0.0/46143] WARN  server.ServerUtils (ServerUtils.java:getDBPath(225)) - ozone.om.db.dirs is not configured. We recommend adding this setting. Falling back to ozone.metadata.dirs instead.
2021-08-14 14:03:52,263 [Listener at 0.0.0.0/46143] INFO  upgrade.AbstractLayoutVersionManager (AbstractLayoutVersionManager.java:init(70)) - Initializing Layout version manager with metadata layout = INITIAL_VERSION (version = 0), software layout = INITIAL_VERSION (version = 0)
2021-08-14 14:03:52,374 [Listener at 0.0.0.0/46143] INFO  reflections.Reflections (Reflections.java:scan(232)) - Reflections took 110 ms to scan 2 urls, producing 131 keys and 342 values [using 2 cores]
2021-08-14 14:03:52,374 [Listener at 0.0.0.0/46143] INFO  upgrade.OMLayoutVersionManager (OMLayoutVersionManager.java:lambda$0(116)) - Skipping Upgrade Action MockOmUpgradeAction since it has been finalized.
2021-08-14 14:03:52,374 [Listener at 0.0.0.0/46143] WARN  server.ServerUtils (ServerUtils.java:getDBPath(225)) - ozone.om.db.dirs is not configured. We recommend adding this setting. Falling back to ozone.metadata.dirs instead.
2021-08-14 14:03:52,402 [Listener at 0.0.0.0/46143] WARN  server.ServerUtils (ServerUtils.java:getDBPath(225)) - ozone.om.db.dirs is not configured. We recommend adding this setting. Falling back to ozone.metadata.dirs instead.
2021-08-14 14:03:52,402 [Listener at 0.0.0.0/46143] INFO  codec.OmKeyInfoCodec (OmKeyInfoCodec.java:<init>(51)) - OmKeyInfoCodec ignorePipeline = true
2021-08-14 14:03:52,403 [Listener at 0.0.0.0/46143] INFO  codec.RepeatedOmKeyInfoCodec (RepeatedOmKeyInfoCodec.java:<init>(42)) - RepeatedOmKeyInfoCodec ignorePipeline = true
2021-08-14 14:03:52,766 [Listener at 0.0.0.0/46143] INFO  om.OzoneManager (OzoneManager.java:addS3GVolumeToDB(4115)) - Created Volume s3v With Owner runner required for S3Gateway operations.
2021-08-14 14:03:52,766 [Listener at 0.0.0.0/46143] WARN  server.ServerUtils (ServerUtils.java:getDefaultRatisDirectory(237)) - Storage directory for Ratis is not configured. It is a good idea to map this to an SSD disk. Falling back to ozone.metadata.dirs
2021-08-14 14:03:52,766 [Listener at 0.0.0.0/46143] WARN  utils.OzoneManagerRatisUtils (OzoneManagerRatisUtils.java:getOMRatisSnapshotDirectory(391)) - ozone.om.ratis.snapshot.dir is not configured. Falling back to ozone.metadata.dirs config
2021-08-14 14:03:52,769 [Listener at 0.0.0.0/46143] WARN  impl.MetricRegistriesImpl (MetricRegistriesImpl.java:addReporterRegistration(111)) - New reporters are added after registries were created. Some metrics will be missing from the reporter. Please add reporter before adding any new registry.
2021-08-14 14:03:52,773 [Listener at 0.0.0.0/46143] WARN  impl.MetricRegistriesImpl (MetricRegistriesImpl.java:addReporterRegistration(111)) - New reporters are added after registries were created. Some metrics will be missing from the reporter. Please add reporter before adding any new registry.
2021-08-14 14:03:52,773 [Listener at 0.0.0.0/46143] WARN  server.ServerUtils (ServerUtils.java:getDefaultRatisDirectory(237)) - Storage directory for Ratis is not configured. It is a good idea to map this to an SSD disk. Falling back to ozone.metadata.dirs
2021-08-14 14:03:52,776 [Listener at 0.0.0.0/46143] INFO  ratis.OzoneManagerRatisServer (OzoneManagerRatisServer.java:<init>(158)) - Instantiating OM Ratis server with groupID: omServiceIdDefault and peers: localhost:9872
2021-08-14 14:03:52,785 [Listener at 0.0.0.0/46143] INFO  ratis.OzoneManagerStateMachine (OzoneManagerStateMachine.java:loadSnapshotInfoFromDB(605)) - LastAppliedIndex is set from TransactionInfo from OM DB as (t:0, i:~)
2021-08-14 14:03:52,789 [Listener at 0.0.0.0/46143] INFO  server.RaftServer (ConfUtils.java:logGet(44)) - raft.rpc.type = GRPC (default)
2021-08-14 14:03:52,789 [Listener at 0.0.0.0/46143] INFO  grpc.GrpcFactory (GrpcFactory.java:checkPooledByteBufAllocatorUseCacheForAllThreads(48)) - PERFORMANCE WARNING: useCacheForAllThreads is true that may cause Netty to create a lot garbage objects and, as a result, trigger GC.
	It is recommended to disable useCacheForAllThreads by setting -Dorg.apache.ratis.thirdparty.io.netty.allocator.useCacheForAllThreads=false in command line.
2021-08-14 14:03:52,790 [Listener at 0.0.0.0/46143] INFO  grpc.GrpcConfigKeys (ConfUtils.java:logGet(44)) - raft.grpc.admin.port = -1 (default)
2021-08-14 14:03:52,790 [Listener at 0.0.0.0/46143] INFO  grpc.GrpcConfigKeys (ConfUtils.java:logGet(44)) - raft.grpc.server.port = 9872 (custom)
2021-08-14 14:03:52,790 [Listener at 0.0.0.0/46143] INFO  grpc.GrpcConfigKeys (ConfUtils.java:logGet(44)) - raft.grpc.client.port = -1 (default)
2021-08-14 14:03:52,790 [Listener at 0.0.0.0/46143] INFO  grpc.GrpcConfigKeys (ConfUtils.java:logGet(44)) - raft.grpc.server.port = 9872 (custom)
2021-08-14 14:03:52,790 [Listener at 0.0.0.0/46143] INFO  grpc.GrpcConfigKeys (ConfUtils.java:logGet(44)) - raft.grpc.server.port = 9872 (custom)
2021-08-14 14:03:52,790 [Listener at 0.0.0.0/46143] INFO  server.GrpcService (ConfUtils.java:logGet(44)) - raft.grpc.message.size.max = 33554432 (custom)
2021-08-14 14:03:52,790 [Listener at 0.0.0.0/46143] INFO  server.RaftServerConfigKeys (ConfUtils.java:logGet(44)) - raft.server.log.appender.buffer.byte-limit = 33554432 (custom)
2021-08-14 14:03:52,791 [Listener at 0.0.0.0/46143] INFO  server.GrpcService (ConfUtils.java:logGet(44)) - raft.grpc.flow.control.window = 1MB (=1048576) (default)
2021-08-14 14:03:52,792 [Listener at 0.0.0.0/46143] INFO  server.RaftServerConfigKeys (ConfUtils.java:logGet(44)) - raft.server.rpc.request.timeout = 3000ms (default)
2021-08-14 14:03:52,794 [Listener at 0.0.0.0/46143] INFO  impl.DataStreamServerImpl (ConfUtils.java:logGet(44)) - raft.datastream.type = DISABLED (default)
2021-08-14 14:03:52,795 [Listener at 0.0.0.0/46143] INFO  server.RaftServerConfigKeys (ConfUtils.java:logGet(44)) - raft.server.rpc.slowness.timeout = 120s (custom)
2021-08-14 14:03:52,795 [Listener at 0.0.0.0/46143] INFO  server.RaftServerConfigKeys (ConfUtils.java:logGet(44)) - raft.server.leaderelection.leader.step-down.wait-time = 10s (default)
2021-08-14 14:03:52,795 [Listener at 0.0.0.0/46143] INFO  server.RaftServerConfigKeys (ConfUtils.java:logGet(44)) - raft.server.storage.dir = [/home/runner/work/ozone/ozone/hadoop-ozone/integration-test/target/test-dir/MiniOzoneClusterImpl-903ecea8-4fd7-4e9d-96bf-9013ab6d4ae3/ozone-meta/ratis] (custom)
2021-08-14 14:03:52,801 [Listener at 0.0.0.0/46143] INFO  server.RaftServer (RaftServerProxy.java:addNew(95)) - om1: addNew group-C5BA1605619E:[om1|rpc:localhost:9872|priority:0] returns group-C5BA1605619E:java.util.concurrent.CompletableFuture@e1affe8[Not completed]
2021-08-14 14:03:52,801 [pool-406-thread-1] INFO  server.RaftServer$Division (RaftServerImpl.java:<init>(181)) - om1: new RaftServerImpl for group-C5BA1605619E:[om1|rpc:localhost:9872|priority:0] with OzoneManagerStateMachine:uninitialized
2021-08-14 14:03:52,801 [Listener at 0.0.0.0/46143] INFO  om.OzoneManager (OzoneManager.java:initializeRatisServer(1573)) - OzoneManager Ratis server initialized at port 9872
2021-08-14 14:03:52,813 [pool-406-thread-1] INFO  server.RaftServerConfigKeys (ConfUtils.java:logGet(44)) - raft.server.rpc.timeout.min = 1s (custom)
2021-08-14 14:03:52,821 [pool-406-thread-1] INFO  server.RaftServerConfigKeys (ConfUtils.java:logGet(44)) - raft.server.rpc.timeout.max = 1200ms (custom)
2021-08-14 14:03:52,822 [pool-406-thread-1] INFO  server.RaftServerConfigKeys (ConfUtils.java:logGet(44)) - raft.server.rpc.sleep.time = 25ms (default)
2021-08-14 14:03:52,822 [pool-406-thread-1] INFO  server.RaftServerConfigKeys (ConfUtils.java:logGet(44)) - raft.server.rpc.slowness.timeout = 120s (custom)
2021-08-14 14:03:52,822 [pool-406-thread-1] INFO  server.RaftServerConfigKeys (ConfUtils.java:logGet(44)) - raft.server.leaderelection.leader.step-down.wait-time = 10s (default)
2021-08-14 14:03:52,822 [pool-406-thread-1] INFO  server.RaftServerConfigKeys (ConfUtils.java:logGet(44)) - raft.server.sleep.deviation.threshold = 300ms (default)
2021-08-14 14:03:52,822 [pool-406-thread-1] INFO  server.RaftServerConfigKeys (ConfUtils.java:logGet(44)) - raft.server.log.appender.install.snapshot.enabled = false (custom)
2021-08-14 14:03:52,822 [pool-406-thread-1] INFO  server.RaftServer$Division (ServerState.java:<init>(105)) - om1@group-C5BA1605619E: ConfigurationManager, init=-1: [om1|rpc:localhost:9872|priority:0], old=null, confs=<EMPTY_MAP>
2021-08-14 14:03:52,822 [pool-406-thread-1] INFO  server.RaftServerConfigKeys (ConfUtils.java:logGet(44)) - raft.server.storage.dir = [/home/runner/work/ozone/ozone/hadoop-ozone/integration-test/target/test-dir/MiniOzoneClusterImpl-903ecea8-4fd7-4e9d-96bf-9013ab6d4ae3/ozone-meta/ratis] (custom)
2021-08-14 14:03:52,822 [pool-406-thread-1] INFO  server.RaftServerConfigKeys (ConfUtils.java:logGet(44)) - raft.server.log.corruption.policy = EXCEPTION (default)
2021-08-14 14:03:52,822 [pool-406-thread-1] INFO  server.RaftServerConfigKeys (ConfUtils.java:logGet(44)) - raft.server.storage.free-space.min = 0MB (=0) (default)
2021-08-14 14:03:52,822 [pool-406-thread-1] INFO  storage.RaftStorageDirectory (RaftStorageDirectoryImpl.java:analyzeStorage(135)) - The storage directory /home/runner/work/ozone/ozone/hadoop-ozone/integration-test/target/test-dir/MiniOzoneClusterImpl-903ecea8-4fd7-4e9d-96bf-9013ab6d4ae3/ozone-meta/ratis/bf265839-605b-3f16-9796-c5ba1605619e does not exist. Creating ...
2021-08-14 14:03:52,822 [Listener at 0.0.0.0/46143] INFO  ipc.CallQueueManager (CallQueueManager.java:<init>(90)) - Using callQueue: class java.util.concurrent.LinkedBlockingQueue, queueCapacity: 2000, scheduler: class org.apache.hadoop.ipc.DefaultRpcScheduler, ipcBackoff: false.
2021-08-14 14:03:52,832 [pool-406-thread-1] INFO  storage.RaftStorageDirectory (RaftStorageDirectoryImpl.java:tryLock(230)) - Lock on /home/runner/work/ozone/ozone/hadoop-ozone/integration-test/target/test-dir/MiniOzoneClusterImpl-903ecea8-4fd7-4e9d-96bf-9013ab6d4ae3/ozone-meta/ratis/bf265839-605b-3f16-9796-c5ba1605619e/in_use.lock acquired by nodename 29625@fv-az297-666
2021-08-14 14:03:52,837 [pool-406-thread-1] INFO  storage.RaftStorage (RaftStorageImpl.java:format(89)) - Storage directory /home/runner/work/ozone/ozone/hadoop-ozone/integration-test/target/test-dir/MiniOzoneClusterImpl-903ecea8-4fd7-4e9d-96bf-9013ab6d4ae3/ozone-meta/ratis/bf265839-605b-3f16-9796-c5ba1605619e has been successfully formatted.
2021-08-14 14:03:52,837 [pool-406-thread-1] INFO  server.RaftServerConfigKeys (ConfUtils.java:logGet(44)) - raft.server.notification.no-leader.timeout = 120s (custom)
2021-08-14 14:03:52,838 [pool-406-thread-1] INFO  server.RaftServerConfigKeys (ConfUtils.java:logGet(44)) - raft.server.log.use.memory = false (default)
2021-08-14 14:03:52,838 [pool-406-thread-1] INFO  server.RaftServerConfigKeys (ConfUtils.java:logGet(44)) - raft.server.log.purge.gap = 1000000 (custom)
2021-08-14 14:03:52,838 [pool-406-thread-1] INFO  server.RaftServerConfigKeys (ConfUtils.java:logGet(44)) - raft.server.log.appender.buffer.byte-limit = 33554432 (custom)
2021-08-14 14:03:52,838 [pool-406-thread-1] INFO  server.RaftServerConfigKeys (ConfUtils.java:logGet(44)) - raft.server.log.segment.size.max = 4194304 (custom)
2021-08-14 14:03:52,838 [pool-406-thread-1] INFO  server.RaftServerConfigKeys (ConfUtils.java:logGet(44)) - raft.server.log.segment.cache.num.max = 2 (custom)
2021-08-14 14:03:52,838 [pool-406-thread-1] INFO  server.RaftServerConfigKeys (ConfUtils.java:logGet(44)) - raft.server.log.segment.cache.size.max = 200MB (=209715200) (default)
2021-08-14 14:03:52,838 [pool-406-thread-1] INFO  segmented.SegmentedRaftLogWorker (SegmentedRaftLogWorker.java:<init>(182)) - new om1@group-C5BA1605619E-SegmentedRaftLogWorker for RaftStorageImpl:Storage Directory /home/runner/work/ozone/ozone/hadoop-ozone/integration-test/target/test-dir/MiniOzoneClusterImpl-903ecea8-4fd7-4e9d-96bf-9013ab6d4ae3/ozone-meta/ratis/bf265839-605b-3f16-9796-c5ba1605619e
2021-08-14 14:03:52,838 [pool-406-thread-1] INFO  server.RaftServerConfigKeys (ConfUtils.java:logGet(44)) - raft.server.log.queue.byte-limit = 64MB (=67108864) (default)
2021-08-14 14:03:52,838 [pool-406-thread-1] INFO  server.RaftServerConfigKeys (ConfUtils.java:logGet(44)) - raft.server.log.queue.element-limit = 4096 (default)
2021-08-14 14:03:52,838 [pool-406-thread-1] INFO  server.RaftServerConfigKeys (ConfUtils.java:logGet(44)) - raft.server.log.segment.size.max = 4194304 (custom)
2021-08-14 14:03:52,838 [pool-406-thread-1] INFO  server.RaftServerConfigKeys (ConfUtils.java:logGet(44)) - raft.server.log.preallocated.size = 4194304 (custom)
2021-08-14 14:03:52,838 [pool-406-thread-1] INFO  server.RaftServerConfigKeys (ConfUtils.java:logGet(44)) - raft.server.log.force.sync.num = 128 (default)
2021-08-14 14:03:52,839 [pool-406-thread-1] INFO  server.RaftServerConfigKeys (ConfUtils.java:logGet(44)) - raft.server.log.statemachine.data.sync = true (default)
2021-08-14 14:03:52,839 [pool-406-thread-1] INFO  server.RaftServerConfigKeys (ConfUtils.java:logGet(44)) - raft.server.log.statemachine.data.sync.timeout = 10s (default)
2021-08-14 14:03:52,839 [pool-406-thread-1] INFO  server.RaftServerConfigKeys (ConfUtils.java:logGet(44)) - raft.server.log.statemachine.data.sync.timeout.retry = -1 (default)
2021-08-14 14:03:52,846 [Socket Reader #1 for port 0] INFO  ipc.Server (Server.java:run(1265)) - Starting Socket Reader #1 for port 0
2021-08-14 14:03:52,864 [pool-406-thread-1] INFO  server.RaftServerConfigKeys (ConfUtils.java:logGet(44)) - raft.server.log.write.buffer.size = 64KB (=65536) (default)
2021-08-14 14:03:52,864 [pool-406-thread-1] INFO  server.RaftServerConfigKeys (ConfUtils.java:logGet(44)) - raft.server.log.statemachine.data.caching.enabled = false (default)
2021-08-14 14:03:52,864 [pool-406-thread-1] INFO  segmented.SegmentedRaftLogWorker (SegmentedRaftLogWorker.java:lambda$new$0(133)) - om1@group-C5BA1605619E-SegmentedRaftLogWorker: flushIndex: setUnconditionally 0 -> -1
2021-08-14 14:03:52,864 [pool-406-thread-1] INFO  segmented.SegmentedRaftLogWorker (SegmentedRaftLogWorker.java:lambda$new$0(133)) - om1@group-C5BA1605619E-SegmentedRaftLogWorker: safeCacheEvictIndex: setUnconditionally 0 -> -1
2021-08-14 14:03:52,865 [pool-406-thread-1] INFO  server.RaftServerConfigKeys (ConfUtils.java:logGet(44)) - raft.server.snapshot.auto.trigger.enabled = true (custom)
2021-08-14 14:03:52,865 [pool-406-thread-1] INFO  server.RaftServerConfigKeys (ConfUtils.java:logGet(44)) - raft.server.snapshot.auto.trigger.threshold = 400000 (default)
2021-08-14 14:03:52,865 [pool-406-thread-1] INFO  server.RaftServerConfigKeys (ConfUtils.java:logGet(44)) - raft.server.snapshot.retention.file.num = -1 (default)
2021-08-14 14:03:52,865 [pool-406-thread-1] INFO  server.RaftServerConfigKeys (ConfUtils.java:logGet(44)) - raft.server.log.purge.upto.snapshot.index = true (custom)
2021-08-14 14:03:52,865 [pool-406-thread-1] INFO  server.RaftServerConfigKeys (ConfUtils.java:logGet(44)) - raft.server.retrycache.expirytime = 300s (custom)
2021-08-14 14:03:52,865 [pool-406-thread-1] INFO  server.RaftServerConfigKeys (ConfUtils.java:logGet(44)) - raft.server.retrycache.statistics.expirytime = 100μs (default)
2021-08-14 14:03:52,921 [Listener at 127.0.0.1/32925] INFO  om.OzoneManager (OzoneManager.java:initFSOLayout(4321)) - Configured ozone.om.metadata.layout=SIMPLE and disabled optimized OM FS operations
2021-08-14 14:03:52,952 [Listener at 127.0.0.1/32925] INFO  impl.MetricsSystemImpl (MetricsSystemImpl.java:init(158)) - OzoneManager metrics system started (again)
2021-08-14 14:03:53,004 [Listener at 127.0.0.1/32925] INFO  om.OzoneManager (OzoneManager.java:start(1270)) - OzoneManager RPC server is listening at localhost/127.0.0.1:32925
2021-08-14 14:03:53,005 [Listener at 127.0.0.1/32925] INFO  ratis.OzoneManagerRatisServer (OzoneManagerRatisServer.java:start(516)) - Starting OzoneManagerRatisServer om1 at port 9872
2021-08-14 14:03:53,005 [Listener at 127.0.0.1/32925] INFO  server.RaftServer$Division (RaftServerImpl.java:start(296)) - om1@group-C5BA1605619E: start as a follower, conf=-1: [om1|rpc:localhost:9872|priority:0], old=null
2021-08-14 14:03:53,005 [Listener at 127.0.0.1/32925] INFO  server.RaftServer$Division (RaftServerImpl.java:setRole(285)) - om1@group-C5BA1605619E: changes role from      null to FOLLOWER at term 0 for startAsFollower
2021-08-14 14:03:53,006 [Listener at 127.0.0.1/32925] INFO  impl.RoleInfo (RoleInfo.java:updateAndGet(130)) - om1: start om1@group-C5BA1605619E-FollowerState
2021-08-14 14:03:53,019 [Listener at 127.0.0.1/32925] INFO  util.JmxRegister (JmxRegister.java:tryRegister(44)) - Successfully registered JMX Bean with object name Ratis:service=RaftServer,group=group-C5BA1605619E,id=om1
2021-08-14 14:03:53,053 [Listener at 127.0.0.1/32925] INFO  server.RaftServer (RaftServerProxy.java:lambda$start$5(374)) - om1: start RPC server
2021-08-14 14:03:53,078 [Listener at 127.0.0.1/32925] INFO  server.GrpcService (GrpcService.java:startImpl(253)) - om1: GrpcService started, listening on 9872
2021-08-14 14:03:53,085 [Listener at 127.0.0.1/32925] INFO  om.OzoneManager (OzoneManager.java:start(1288)) - Version File has different layout version (0) than OM DB (null). That is expected if this OM has never been finalized to a newer layout version.
2021-08-14 14:03:53,085 [org.apache.ratis.util.JvmPauseMonitor$$Lambda$531/524014602@34cb4bec] INFO  util.JvmPauseMonitor (JvmPauseMonitor.java:run(103)) - JvmPauseMonitor-om1: Started
2021-08-14 14:03:53,098 [Listener at 127.0.0.1/32925] INFO  http.BaseHttpServer (BaseHttpServer.java:newHttpServer2BuilderForOzone(209)) - Starting Web-server for ozoneManager at: http://0.0.0.0:0
2021-08-14 14:03:53,098 [Listener at 127.0.0.1/32925] INFO  http.BaseHttpServer (BaseHttpServer.java:<init>(107)) - Hadoop Security Enabled: false Ozone Security Enabled: false Ozone HTTP Security Enabled: false 
2021-08-14 14:03:53,099 [Listener at 127.0.0.1/32925] INFO  server.AuthenticationFilter (AuthenticationFilter.java:constructSecretProvider(240)) - Unable to initialize FileSignerSecretProvider, falling back to use random secrets.
2021-08-14 14:03:53,113 [Listener at 127.0.0.1/32925] WARN  http.HttpRequestLog (HttpRequestLog.java:getRequestLog(103)) - Jetty request log can only be enabled using Log4j
2021-08-14 14:03:53,114 [Listener at 127.0.0.1/32925] INFO  http.HttpServer2 (HttpServer2.java:addGlobalFilter(1020)) - Added global filter 'safety' (class=org.apache.hadoop.hdds.server.http.HttpServer2$QuotingInputFilter)
2021-08-14 14:03:53,114 [Listener at 127.0.0.1/32925] INFO  http.HttpServer2 (HttpServer2.java:addFilter(996)) - Added filter static_user_filter (class=org.apache.hadoop.http.lib.StaticUserWebFilter$StaticUserFilter) to context ozoneManager
2021-08-14 14:03:53,114 [Listener at 127.0.0.1/32925] INFO  http.HttpServer2 (HttpServer2.java:addFilter(1004)) - Added filter static_user_filter (class=org.apache.hadoop.http.lib.StaticUserWebFilter$StaticUserFilter) to context static
2021-08-14 14:03:53,115 [Listener at 127.0.0.1/32925] INFO  http.HttpServer2 (HttpServer2.java:addFilter(1004)) - Added filter static_user_filter (class=org.apache.hadoop.http.lib.StaticUserWebFilter$StaticUserFilter) to context logs
2021-08-14 14:03:53,115 [Listener at 127.0.0.1/32925] INFO  http.HttpServer2 (HttpServer2.java:bindListener(1239)) - Jetty bound to port 37933
2021-08-14 14:03:53,115 [Listener at 127.0.0.1/32925] INFO  server.Server (Server.java:doStart(375)) - jetty-9.4.43.v20210629; built: 2021-06-30T11:07:22.254Z; git: 526006ecfa3af7f1a27ef3a288e2bef7ea9dd7e8; jvm 1.8.0_292-b10
2021-08-14 14:03:53,197 [Listener at 127.0.0.1/32925] INFO  server.session (DefaultSessionIdManager.java:doStart(334)) - DefaultSessionIdManager workerName=node0
2021-08-14 14:03:53,197 [Listener at 127.0.0.1/32925] INFO  server.session (DefaultSessionIdManager.java:doStart(339)) - No SessionScavenger set, using defaults
2021-08-14 14:03:53,198 [Listener at 127.0.0.1/32925] INFO  server.session (HouseKeeper.java:startScavenging(132)) - node0 Scavenging every 660000ms
2021-08-14 14:03:53,199 [Listener at 127.0.0.1/32925] INFO  handler.ContextHandler (ContextHandler.java:doStart(915)) - Started o.e.j.s.ServletContextHandler@53842018{logs,/logs,file:///home/runner/work/ozone/ozone/hadoop-ozone/integration-test/target/log,AVAILABLE}
2021-08-14 14:03:53,200 [Listener at 127.0.0.1/32925] INFO  handler.ContextHandler (ContextHandler.java:doStart(915)) - Started o.e.j.s.ServletContextHandler@688ab131{static,/static,file:///home/runner/work/ozone/ozone/hadoop-ozone/integration-test/target/test-classes/webapps/static,AVAILABLE}
2021-08-14 14:03:53,203 [Listener at 127.0.0.1/32925] INFO  handler.ContextHandler (ContextHandler.java:doStart(915)) - Started o.e.j.w.WebAppContext@74e87f03{ozoneManager,/,file:///home/runner/work/ozone/ozone/hadoop-ozone/integration-test/target/test-classes/webapps/ozoneManager/,AVAILABLE}{file:/home/runner/work/ozone/ozone/hadoop-ozone/integration-test/target/test-classes/webapps/ozoneManager}
2021-08-14 14:03:53,204 [Listener at 127.0.0.1/32925] INFO  server.AbstractConnector (AbstractConnector.java:doStart(331)) - Started ServerConnector@6a5fcb32{HTTP/1.1, (http/1.1)}{0.0.0.0:37933}
2021-08-14 14:03:53,204 [Listener at 127.0.0.1/32925] INFO  server.Server (Server.java:doStart(415)) - Started @117360ms
2021-08-14 14:03:53,204 [Listener at 127.0.0.1/32925] WARN  impl.MetricsSystemImpl (MetricsSystemImpl.java:register(279)) - Sink prometheus already exists!
2021-08-14 14:03:53,209 [Listener at 127.0.0.1/32925] INFO  http.BaseHttpServer (BaseHttpServer.java:updateConnectorAddress(329)) - HTTP server of ozoneManager listening at http://0.0.0.0:37933
2021-08-14 14:03:53,223 [IPC Server Responder] INFO  ipc.Server (Server.java:run(1507)) - IPC Server Responder: starting
2021-08-14 14:03:53,223 [IPC Server listener on 0] INFO  ipc.Server (Server.java:run(1344)) - IPC Server listener on 0: starting
2021-08-14 14:03:53,462 [Listener at 127.0.0.1/32925] INFO  om.OzoneManager (OzoneManager.java:startTrashEmptier(1531)) - Trash Interval set to 0. Files deleted will not move to trash
2021-08-14 14:03:53,473 [org.apache.hadoop.util.JvmPauseMonitor$Monitor@1ee3ad6] INFO  util.JvmPauseMonitor (JvmPauseMonitor.java:run(188)) - Starting JVM pause monitor
2021-08-14 14:03:53,506 [Listener at 127.0.0.1/32925] WARN  impl.MetricRegistriesImpl (MetricRegistriesImpl.java:addReporterRegistration(111)) - New reporters are added after registries were created. Some metrics will be missing from the reporter. Please add reporter before adding any new registry.
2021-08-14 14:03:53,506 [Listener at 127.0.0.1/32925] WARN  impl.MetricRegistriesImpl (MetricRegistriesImpl.java:addReporterRegistration(111)) - New reporters are added after registries were created. Some metrics will be missing from the reporter. Please add reporter before adding any new registry.
2021-08-14 14:03:53,506 [Listener at 127.0.0.1/32925] INFO  impl.MetricsSystemImpl (MetricsSystemImpl.java:init(158)) - HddsDatanode metrics system started (again)
2021-08-14 14:03:53,547 [Listener at 127.0.0.1/32925] INFO  ozone.HddsDatanodeService (HddsDatanodeService.java:start(234)) - HddsDatanodeService host:fv-az297-666.nmf1rxwemy4u5di1sxxf4ejcwb.jx.internal.cloudapp.net ip:10.1.0.16
2021-08-14 14:03:53,596 [Listener at 127.0.0.1/32925] INFO  upgrade.AbstractLayoutVersionManager (AbstractLayoutVersionManager.java:init(70)) - Initializing Layout version manager with metadata layout = SCM_HA (version = 2), software layout = SCM_HA (version = 2)
2021-08-14 14:03:53,702 [Listener at 127.0.0.1/32925] INFO  reflections.Reflections (Reflections.java:scan(232)) - Reflections took 105 ms to scan 7 urls, producing 120 keys and 275 values 
2021-08-14 14:03:53,710 [Listener at 127.0.0.1/32925] INFO  volume.HddsVolume (HddsVolume.java:<init>(120)) - Creating HddsVolume: /home/runner/work/ozone/ozone/hadoop-ozone/integration-test/target/test-dir/MiniOzoneClusterImpl-903ecea8-4fd7-4e9d-96bf-9013ab6d4ae3/datanode-0/data-0/containers/hdds of storage type : DISK capacity : 9223372036854775807
2021-08-14 14:03:53,710 [Listener at 127.0.0.1/32925] INFO  volume.MutableVolumeSet (MutableVolumeSet.java:initializeVolumeSet(181)) - Added Volume : /home/runner/work/ozone/ozone/hadoop-ozone/integration-test/target/test-dir/MiniOzoneClusterImpl-903ecea8-4fd7-4e9d-96bf-9013ab6d4ae3/datanode-0/data-0/containers/hdds to VolumeSet
2021-08-14 14:03:53,711 [Listener at 127.0.0.1/32925] INFO  volume.ThrottledAsyncChecker (ThrottledAsyncChecker.java:schedule(141)) - Scheduling a check for /home/runner/work/ozone/ozone/hadoop-ozone/integration-test/target/test-dir/MiniOzoneClusterImpl-903ecea8-4fd7-4e9d-96bf-9013ab6d4ae3/datanode-0/data-0/containers/hdds
2021-08-14 14:03:53,730 [Listener at 127.0.0.1/32925] INFO  volume.StorageVolumeChecker (StorageVolumeChecker.java:checkAllVolumes(202)) - Scheduled health check for volume /home/runner/work/ozone/ozone/hadoop-ozone/integration-test/target/test-dir/MiniOzoneClusterImpl-903ecea8-4fd7-4e9d-96bf-9013ab6d4ae3/datanode-0/data-0/containers/hdds
2021-08-14 14:03:53,790 [Listener at 127.0.0.1/32925] INFO  volume.MutableVolumeSet (MutableVolumeSet.java:initializeVolumeSet(181)) - Added Volume : /home/runner/work/ozone/ozone/hadoop-ozone/integration-test/target/test-dir/MiniOzoneClusterImpl-903ecea8-4fd7-4e9d-96bf-9013ab6d4ae3/datanode-0/data/ratis to VolumeSet
2021-08-14 14:03:53,790 [Listener at 127.0.0.1/32925] INFO  volume.ThrottledAsyncChecker (ThrottledAsyncChecker.java:schedule(141)) - Scheduling a check for /home/runner/work/ozone/ozone/hadoop-ozone/integration-test/target/test-dir/MiniOzoneClusterImpl-903ecea8-4fd7-4e9d-96bf-9013ab6d4ae3/datanode-0/data/ratis
2021-08-14 14:03:53,791 [Listener at 127.0.0.1/32925] INFO  volume.StorageVolumeChecker (StorageVolumeChecker.java:checkAllVolumes(202)) - Scheduled health check for volume /home/runner/work/ozone/ozone/hadoop-ozone/integration-test/target/test-dir/MiniOzoneClusterImpl-903ecea8-4fd7-4e9d-96bf-9013ab6d4ae3/datanode-0/data/ratis
2021-08-14 14:03:53,832 [Listener at 127.0.0.1/32925] INFO  ozoneimpl.ContainerReader (ContainerReader.java:<init>(98)) - Running in upgrade mode:true
2021-08-14 14:03:53,849 [Thread-4378] INFO  ozoneimpl.ContainerReader (ContainerReader.java:readVolume(142)) - Start to verify containers on volume /home/runner/work/ozone/ozone/hadoop-ozone/integration-test/target/test-dir/MiniOzoneClusterImpl-903ecea8-4fd7-4e9d-96bf-9013ab6d4ae3/datanode-0/data-0/containers/hdds
2021-08-14 14:03:53,849 [Thread-4378] INFO  ozoneimpl.ContainerReader (ContainerReader.java:readVolume(174)) - Finish verifying containers on volume /home/runner/work/ozone/ozone/hadoop-ozone/integration-test/target/test-dir/MiniOzoneClusterImpl-903ecea8-4fd7-4e9d-96bf-9013ab6d4ae3/datanode-0/data-0/containers/hdds
2021-08-14 14:03:53,850 [Listener at 127.0.0.1/32925] INFO  ozoneimpl.OzoneContainer (OzoneContainer.java:buildContainerSet(237)) - Build ContainerSet costs 0s
2021-08-14 14:03:53,853 [Listener at 127.0.0.1/32925] INFO  server.RaftServer (ConfUtils.java:logGet(44)) - raft.rpc.type = GRPC (default)
2021-08-14 14:03:53,857 [Listener at 127.0.0.1/32925] INFO  grpc.GrpcFactory (GrpcFactory.java:checkPooledByteBufAllocatorUseCacheForAllThreads(48)) - PERFORMANCE WARNING: useCacheForAllThreads is true that may cause Netty to create a lot garbage objects and, as a result, trigger GC.
	It is recommended to disable useCacheForAllThreads by setting -Dorg.apache.ratis.thirdparty.io.netty.allocator.useCacheForAllThreads=false in command line.
2021-08-14 14:03:53,858 [Listener at 127.0.0.1/32925] INFO  grpc.GrpcConfigKeys (ConfUtils.java:logGet(44)) - raft.grpc.admin.port = 0 (custom)
2021-08-14 14:03:53,858 [Listener at 127.0.0.1/32925] INFO  grpc.GrpcConfigKeys (ConfUtils.java:logGet(44)) - raft.grpc.client.port = 0 (custom)
2021-08-14 14:03:53,858 [Listener at 127.0.0.1/32925] INFO  grpc.GrpcConfigKeys (ConfUtils.java:logGet(44)) - raft.grpc.server.port = 0 (default)
2021-08-14 14:03:53,858 [Listener at 127.0.0.1/32925] INFO  server.GrpcService (ConfUtils.java:logGet(44)) - raft.grpc.message.size.max = 32MB (=33554432) (custom)
2021-08-14 14:03:53,858 [Listener at 127.0.0.1/32925] INFO  server.RaftServerConfigKeys (ConfUtils.java:logGet(44)) - raft.server.log.appender.buffer.byte-limit = 33554432 (custom)
2021-08-14 14:03:53,858 [Listener at 127.0.0.1/32925] INFO  server.GrpcService (ConfUtils.java:logGet(44)) - raft.grpc.flow.control.window = 5MB (=5242880) (custom)
2021-08-14 14:03:53,858 [Listener at 127.0.0.1/32925] INFO  server.RaftServerConfigKeys (ConfUtils.java:logGet(44)) - raft.server.rpc.request.timeout = 60s (custom)
2021-08-14 14:03:53,861 [Listener at 127.0.0.1/32925] INFO  impl.DataStreamServerImpl (ConfUtils.java:logGet(44)) - raft.datastream.type = DISABLED (default)
2021-08-14 14:03:53,865 [Listener at 127.0.0.1/32925] INFO  server.RaftServerConfigKeys (ConfUtils.java:logGet(44)) - raft.server.rpc.slowness.timeout = 300s (custom)
2021-08-14 14:03:53,865 [Listener at 127.0.0.1/32925] INFO  server.RaftServerConfigKeys (ConfUtils.java:logGet(44)) - raft.server.leaderelection.leader.step-down.wait-time = 10s (default)
2021-08-14 14:03:53,866 [Listener at 127.0.0.1/32925] INFO  server.RaftServerConfigKeys (ConfUtils.java:logGet(44)) - raft.server.storage.dir = [/home/runner/work/ozone/ozone/hadoop-ozone/integration-test/target/test-dir/MiniOzoneClusterImpl-903ecea8-4fd7-4e9d-96bf-9013ab6d4ae3/datanode-0/data/ratis] (custom)
2021-08-14 14:03:53,884 [Listener at 127.0.0.1/32925] INFO  http.BaseHttpServer (BaseHttpServer.java:newHttpServer2BuilderForOzone(209)) - Starting Web-server for hddsDatanode at: http://0.0.0.0:0
2021-08-14 14:03:53,884 [Listener at 127.0.0.1/32925] INFO  http.BaseHttpServer (BaseHttpServer.java:<init>(107)) - Hadoop Security Enabled: false Ozone Security Enabled: false Ozone HTTP Security Enabled: false 
2021-08-14 14:03:53,885 [Listener at 127.0.0.1/32925] INFO  server.AuthenticationFilter (AuthenticationFilter.java:constructSecretProvider(240)) - Unable to initialize FileSignerSecretProvider, falling back to use random secrets.
2021-08-14 14:03:53,889 [Listener at 127.0.0.1/32925] WARN  http.HttpRequestLog (HttpRequestLog.java:getRequestLog(103)) - Jetty request log can only be enabled using Log4j
2021-08-14 14:03:53,894 [Listener at 127.0.0.1/32925] INFO  http.HttpServer2 (HttpServer2.java:addGlobalFilter(1020)) - Added global filter 'safety' (class=org.apache.hadoop.hdds.server.http.HttpServer2$QuotingInputFilter)
2021-08-14 14:03:53,895 [Listener at 127.0.0.1/32925] INFO  http.HttpServer2 (HttpServer2.java:addFilter(996)) - Added filter static_user_filter (class=org.apache.hadoop.http.lib.StaticUserWebFilter$StaticUserFilter) to context hddsDatanode
2021-08-14 14:03:53,895 [Listener at 127.0.0.1/32925] INFO  http.HttpServer2 (HttpServer2.java:addFilter(1004)) - Added filter static_user_filter (class=org.apache.hadoop.http.lib.StaticUserWebFilter$StaticUserFilter) to context logs
2021-08-14 14:03:53,895 [Listener at 127.0.0.1/32925] INFO  http.HttpServer2 (HttpServer2.java:addFilter(1004)) - Added filter static_user_filter (class=org.apache.hadoop.http.lib.StaticUserWebFilter$StaticUserFilter) to context static
2021-08-14 14:03:53,896 [Listener at 127.0.0.1/32925] INFO  http.HttpServer2 (HttpServer2.java:bindListener(1239)) - Jetty bound to port 39199
2021-08-14 14:03:53,896 [Listener at 127.0.0.1/32925] INFO  server.Server (Server.java:doStart(375)) - jetty-9.4.43.v20210629; built: 2021-06-30T11:07:22.254Z; git: 526006ecfa3af7f1a27ef3a288e2bef7ea9dd7e8; jvm 1.8.0_292-b10
2021-08-14 14:03:53,942 [Listener at 127.0.0.1/32925] INFO  server.session (DefaultSessionIdManager.java:doStart(334)) - DefaultSessionIdManager workerName=node0
2021-08-14 14:03:53,942 [Listener at 127.0.0.1/32925] INFO  server.session (DefaultSessionIdManager.java:doStart(339)) - No SessionScavenger set, using defaults
2021-08-14 14:03:53,942 [Listener at 127.0.0.1/32925] INFO  server.session (HouseKeeper.java:startScavenging(132)) - node0 Scavenging every 660000ms
2021-08-14 14:03:53,943 [Listener at 127.0.0.1/32925] INFO  handler.ContextHandler (ContextHandler.java:doStart(915)) - Started o.e.j.s.ServletContextHandler@1154f447{logs,/logs,file:///home/runner/work/ozone/ozone/hadoop-ozone/integration-test/target/log,AVAILABLE}
2021-08-14 14:03:53,943 [Listener at 127.0.0.1/32925] INFO  handler.ContextHandler (ContextHandler.java:doStart(915)) - Started o.e.j.s.ServletContextHandler@6403d574{static,/static,jar:file:/home/runner/.m2/repository/org/apache/ozone/hdds-container-service/1.2.0-SNAPSHOT/hdds-container-service-1.2.0-SNAPSHOT.jar!/webapps/static,AVAILABLE}
2021-08-14 14:03:54,053 [om1@group-C5BA1605619E-FollowerState] INFO  impl.FollowerState (FollowerState.java:run(134)) - om1@group-C5BA1605619E-FollowerState: change to CANDIDATE, lastRpcElapsedTime:1047845971ns, electionTimeout:1012ms
2021-08-14 14:03:54,054 [om1@group-C5BA1605619E-FollowerState] INFO  impl.RoleInfo (RoleInfo.java:shutdownFollowerState(108)) - om1: shutdown om1@group-C5BA1605619E-FollowerState
2021-08-14 14:03:54,054 [om1@group-C5BA1605619E-FollowerState] INFO  server.RaftServer$Division (RaftServerImpl.java:setRole(285)) - om1@group-C5BA1605619E: changes role from  FOLLOWER to CANDIDATE at term 0 for changeToCandidate
2021-08-14 14:03:54,054 [om1@group-C5BA1605619E-FollowerState] INFO  server.RaftServerConfigKeys (ConfUtils.java:logGet(44)) - raft.server.leaderelection.pre-vote = false (custom)
2021-08-14 14:03:54,054 [om1@group-C5BA1605619E-FollowerState] INFO  impl.RoleInfo (RoleInfo.java:updateAndGet(130)) - om1: start om1@group-C5BA1605619E-LeaderElection10
2021-08-14 14:03:54,084 [om1@group-C5BA1605619E-LeaderElection10] INFO  impl.LeaderElection (LeaderElection.java:askForVotes(306)) - om1@group-C5BA1605619E-LeaderElection10 ELECTION round 0: submit vote requests at term 1 for -1: [om1|rpc:localhost:9872|priority:0], old=null
2021-08-14 14:03:54,084 [om1@group-C5BA1605619E-LeaderElection10] INFO  impl.LeaderElection (LeaderElection.java:askForVotes(308)) - om1@group-C5BA1605619E-LeaderElection10 ELECTION round 0: result PASSED (term=1)
2021-08-14 14:03:54,084 [om1@group-C5BA1605619E-LeaderElection10] INFO  impl.RoleInfo (RoleInfo.java:shutdownLeaderElection(121)) - om1: shutdown om1@group-C5BA1605619E-LeaderElection10
2021-08-14 14:03:54,084 [om1@group-C5BA1605619E-LeaderElection10] INFO  server.RaftServer$Division (RaftServerImpl.java:setRole(285)) - om1@group-C5BA1605619E: changes role from CANDIDATE to LEADER at term 1 for changeToLeader
2021-08-14 14:03:54,084 [om1@group-C5BA1605619E-LeaderElection10] INFO  server.RaftServer$Division (ServerState.java:setLeader(285)) - om1@group-C5BA1605619E: change Leader from null to om1 at term 1 for becomeLeader, leader elected after 1246ms
2021-08-14 14:03:54,084 [om1@group-C5BA1605619E-LeaderElection10] INFO  server.RaftServerConfigKeys (ConfUtils.java:logGet(44)) - raft.server.staging.catchup.gap = 1000 (default)
2021-08-14 14:03:54,085 [om1@group-C5BA1605619E-LeaderElection10] INFO  server.RaftServerConfigKeys (ConfUtils.java:logGet(44)) - raft.server.write.element-limit = 4096 (default)
2021-08-14 14:03:54,085 [om1@group-C5BA1605619E-LeaderElection10] INFO  server.RaftServerConfigKeys (ConfUtils.java:logGet(44)) - raft.server.write.byte-limit = 64MB (=67108864) (default)
2021-08-14 14:03:54,085 [om1@group-C5BA1605619E-LeaderElection10] INFO  server.RaftServerConfigKeys (ConfUtils.java:logGet(44)) - raft.server.watch.timeout = 10s (default)
2021-08-14 14:03:54,085 [om1@group-C5BA1605619E-LeaderElection10] INFO  server.RaftServerConfigKeys (ConfUtils.java:logGet(44)) - raft.server.watch.timeout.denomination = 1s (default)
2021-08-14 14:03:54,085 [om1@group-C5BA1605619E-LeaderElection10] INFO  server.RaftServerConfigKeys (ConfUtils.java:logGet(44)) - raft.server.watch.element-limit = 65536 (default)
2021-08-14 14:03:54,085 [om1@group-C5BA1605619E-LeaderElection10] INFO  impl.RoleInfo (RoleInfo.java:updateAndGet(130)) - om1: start om1@group-C5BA1605619E-LeaderStateImpl
2021-08-14 14:03:54,085 [om1@group-C5BA1605619E-LeaderElection10] INFO  segmented.SegmentedRaftLogWorker (SegmentedRaftLogWorker.java:startLogSegment(394)) - om1@group-C5BA1605619E-SegmentedRaftLogWorker: Starting segment from index:0
2021-08-14 14:03:54,092 [Listener at 127.0.0.1/32925] INFO  handler.ContextHandler (ContextHandler.java:doStart(915)) - Started o.e.j.w.WebAppContext@2a485b5{hddsDatanode,/,file:///tmp/jetty-0_0_0_0-39199-hdds-container-service-1_2_0-SNAPSHOT_jar-_-any-6593032246241510056/webapp/,AVAILABLE}{jar:file:/home/runner/.m2/repository/org/apache/ozone/hdds-container-service/1.2.0-SNAPSHOT/hdds-container-service-1.2.0-SNAPSHOT.jar!/webapps/hddsDatanode}
2021-08-14 14:03:54,097 [om1@group-C5BA1605619E-LeaderElection10] INFO  server.RaftServer$Division (ServerState.java:setRaftConf(387)) - om1@group-C5BA1605619E: set configuration 0: [om1|rpc:localhost:9872|admin:|client:|dataStream:|priority:0], old=null
2021-08-14 14:03:54,117 [om1@group-C5BA1605619E-SegmentedRaftLogWorker] INFO  segmented.SegmentedRaftLogWorker (SegmentedRaftLogWorker.java:execute(601)) - om1@group-C5BA1605619E-SegmentedRaftLogWorker: created new log segment /home/runner/work/ozone/ozone/hadoop-ozone/integration-test/target/test-dir/MiniOzoneClusterImpl-903ecea8-4fd7-4e9d-96bf-9013ab6d4ae3/ozone-meta/ratis/bf265839-605b-3f16-9796-c5ba1605619e/current/log_inprogress_0
2021-08-14 14:03:54,125 [Listener at 127.0.0.1/32925] INFO  server.AbstractConnector (AbstractConnector.java:doStart(331)) - Started ServerConnector@372896d8{HTTP/1.1, (http/1.1)}{0.0.0.0:39199}
2021-08-14 14:03:54,126 [Listener at 127.0.0.1/32925] INFO  server.Server (Server.java:doStart(415)) - Started @118282ms
2021-08-14 14:03:54,126 [Listener at 127.0.0.1/32925] WARN  impl.MetricsSystemImpl (MetricsSystemImpl.java:register(279)) - Sink prometheus already exists!
2021-08-14 14:03:54,127 [om1@group-C5BA1605619E-StateMachineUpdater] INFO  ratis.OzoneManagerStateMachine (OzoneManagerStateMachine.java:notifyConfigurationChanged(188)) - Received Configuration change notification from Ratis. New Peer list:
[id: "om1"
address: "localhost:9872"
]
2021-08-14 14:03:54,127 [Listener at 127.0.0.1/32925] INFO  http.BaseHttpServer (BaseHttpServer.java:updateConnectorAddress(329)) - HTTP server of hddsDatanode listening at http://0.0.0.0:39199
2021-08-14 14:03:54,141 [Listener at 127.0.0.1/32925] WARN  impl.MetricRegistriesImpl (MetricRegistriesImpl.java:addReporterRegistration(111)) - New reporters are added after registries were created. Some metrics will be missing from the reporter. Please add reporter before adding any new registry.
2021-08-14 14:03:54,142 [Listener at 127.0.0.1/32925] WARN  impl.MetricRegistriesImpl (MetricRegistriesImpl.java:addReporterRegistration(111)) - New reporters are added after registries were created. Some metrics will be missing from the reporter. Please add reporter before adding any new registry.
2021-08-14 14:03:54,142 [Listener at 127.0.0.1/32925] INFO  impl.MetricsSystemImpl (MetricsSystemImpl.java:init(158)) - HddsDatanode metrics system started (again)
2021-08-14 14:03:54,161 [org.apache.hadoop.util.JvmPauseMonitor$Monitor@2394f48b] INFO  util.JvmPauseMonitor (JvmPauseMonitor.java:run(188)) - Starting JVM pause monitor
2021-08-14 14:03:54,168 [Datanode State Machine Task Thread - 0] INFO  datanode.InitDatanodeState (InitDatanodeState.java:persistContainerDatanodeDetails(145)) - DatanodeDetails is persisted to /home/runner/work/ozone/ozone/hadoop-ozone/integration-test/target/test-dir/MiniOzoneClusterImpl-903ecea8-4fd7-4e9d-96bf-9013ab6d4ae3/datanode-0/meta/datanode.id
2021-08-14 14:03:54,206 [Listener at 127.0.0.1/32925] INFO  ozone.HddsDatanodeService (HddsDatanodeService.java:start(234)) - HddsDatanodeService host:fv-az297-666.nmf1rxwemy4u5di1sxxf4ejcwb.jx.internal.cloudapp.net ip:10.1.0.16
2021-08-14 14:03:54,247 [Listener at 127.0.0.1/32925] INFO  upgrade.AbstractLayoutVersionManager (AbstractLayoutVersionManager.java:init(70)) - Initializing Layout version manager with metadata layout = SCM_HA (version = 2), software layout = SCM_HA (version = 2)
2021-08-14 14:03:54,458 [Listener at 127.0.0.1/32925] INFO  reflections.Reflections (Reflections.java:scan(232)) - Reflections took 175 ms to scan 7 urls, producing 120 keys and 275 values 
2021-08-14 14:03:54,476 [Listener at 127.0.0.1/32925] INFO  volume.HddsVolume (HddsVolume.java:<init>(120)) - Creating HddsVolume: /home/runner/work/ozone/ozone/hadoop-ozone/integration-test/target/test-dir/MiniOzoneClusterImpl-903ecea8-4fd7-4e9d-96bf-9013ab6d4ae3/datanode-1/data-0/containers/hdds of storage type : DISK capacity : 9223372036854775807
2021-08-14 14:03:54,476 [Listener at 127.0.0.1/32925] INFO  volume.MutableVolumeSet (MutableVolumeSet.java:initializeVolumeSet(181)) - Added Volume : /home/runner/work/ozone/ozone/hadoop-ozone/integration-test/target/test-dir/MiniOzoneClusterImpl-903ecea8-4fd7-4e9d-96bf-9013ab6d4ae3/datanode-1/data-0/containers/hdds to VolumeSet
2021-08-14 14:03:54,476 [Listener at 127.0.0.1/32925] INFO  volume.ThrottledAsyncChecker (ThrottledAsyncChecker.java:schedule(141)) - Scheduling a check for /home/runner/work/ozone/ozone/hadoop-ozone/integration-test/target/test-dir/MiniOzoneClusterImpl-903ecea8-4fd7-4e9d-96bf-9013ab6d4ae3/datanode-1/data-0/containers/hdds
2021-08-14 14:03:54,497 [Listener at 127.0.0.1/32925] INFO  volume.StorageVolumeChecker (StorageVolumeChecker.java:checkAllVolumes(202)) - Scheduled health check for volume /home/runner/work/ozone/ozone/hadoop-ozone/integration-test/target/test-dir/MiniOzoneClusterImpl-903ecea8-4fd7-4e9d-96bf-9013ab6d4ae3/datanode-1/data-0/containers/hdds
2021-08-14 14:03:54,520 [Listener at 127.0.0.1/32925] INFO  volume.MutableVolumeSet (MutableVolumeSet.java:initializeVolumeSet(181)) - Added Volume : /home/runner/work/ozone/ozone/hadoop-ozone/integration-test/target/test-dir/MiniOzoneClusterImpl-903ecea8-4fd7-4e9d-96bf-9013ab6d4ae3/datanode-1/data/ratis to VolumeSet
2021-08-14 14:03:54,520 [Listener at 127.0.0.1/32925] INFO  volume.ThrottledAsyncChecker (ThrottledAsyncChecker.java:schedule(141)) - Scheduling a check for /home/runner/work/ozone/ozone/hadoop-ozone/integration-test/target/test-dir/MiniOzoneClusterImpl-903ecea8-4fd7-4e9d-96bf-9013ab6d4ae3/datanode-1/data/ratis
2021-08-14 14:03:54,521 [Listener at 127.0.0.1/32925] INFO  volume.StorageVolumeChecker (StorageVolumeChecker.java:checkAllVolumes(202)) - Scheduled health check for volume /home/runner/work/ozone/ozone/hadoop-ozone/integration-test/target/test-dir/MiniOzoneClusterImpl-903ecea8-4fd7-4e9d-96bf-9013ab6d4ae3/datanode-1/data/ratis
2021-08-14 14:03:54,547 [Listener at 127.0.0.1/32925] INFO  ozoneimpl.ContainerReader (ContainerReader.java:<init>(98)) - Running in upgrade mode:true
2021-08-14 14:03:54,551 [Thread-4392] INFO  ozoneimpl.ContainerReader (ContainerReader.java:readVolume(142)) - Start to verify containers on volume /home/runner/work/ozone/ozone/hadoop-ozone/integration-test/target/test-dir/MiniOzoneClusterImpl-903ecea8-4fd7-4e9d-96bf-9013ab6d4ae3/datanode-1/data-0/containers/hdds
2021-08-14 14:03:54,551 [Thread-4392] INFO  ozoneimpl.ContainerReader (ContainerReader.java:readVolume(174)) - Finish verifying containers on volume /home/runner/work/ozone/ozone/hadoop-ozone/integration-test/target/test-dir/MiniOzoneClusterImpl-903ecea8-4fd7-4e9d-96bf-9013ab6d4ae3/datanode-1/data-0/containers/hdds
2021-08-14 14:03:54,551 [Listener at 127.0.0.1/32925] INFO  ozoneimpl.OzoneContainer (OzoneContainer.java:buildContainerSet(237)) - Build ContainerSet costs 0s
2021-08-14 14:03:54,552 [Listener at 127.0.0.1/32925] INFO  server.RaftServer (ConfUtils.java:logGet(44)) - raft.rpc.type = GRPC (default)
2021-08-14 14:03:54,553 [Listener at 127.0.0.1/32925] INFO  grpc.GrpcFactory (GrpcFactory.java:checkPooledByteBufAllocatorUseCacheForAllThreads(48)) - PERFORMANCE WARNING: useCacheForAllThreads is true that may cause Netty to create a lot garbage objects and, as a result, trigger GC.
	It is recommended to disable useCacheForAllThreads by setting -Dorg.apache.ratis.thirdparty.io.netty.allocator.useCacheForAllThreads=false in command line.
2021-08-14 14:03:54,553 [Listener at 127.0.0.1/32925] INFO  grpc.GrpcConfigKeys (ConfUtils.java:logGet(44)) - raft.grpc.admin.port = 0 (custom)
2021-08-14 14:03:54,553 [Listener at 127.0.0.1/32925] INFO  grpc.GrpcConfigKeys (ConfUtils.java:logGet(44)) - raft.grpc.client.port = 0 (custom)
2021-08-14 14:03:54,553 [Listener at 127.0.0.1/32925] INFO  grpc.GrpcConfigKeys (ConfUtils.java:logGet(44)) - raft.grpc.server.port = 0 (default)
2021-08-14 14:03:54,553 [Listener at 127.0.0.1/32925] INFO  server.GrpcService (ConfUtils.java:logGet(44)) - raft.grpc.message.size.max = 32MB (=33554432) (custom)
2021-08-14 14:03:54,566 [Listener at 127.0.0.1/32925] INFO  server.RaftServerConfigKeys (ConfUtils.java:logGet(44)) - raft.server.log.appender.buffer.byte-limit = 33554432 (custom)
2021-08-14 14:03:54,566 [Listener at 127.0.0.1/32925] INFO  server.GrpcService (ConfUtils.java:logGet(44)) - raft.grpc.flow.control.window = 5MB (=5242880) (custom)
2021-08-14 14:03:54,569 [Listener at 127.0.0.1/32925] INFO  server.RaftServerConfigKeys (ConfUtils.java:logGet(44)) - raft.server.rpc.request.timeout = 60s (custom)
2021-08-14 14:03:54,570 [Listener at 127.0.0.1/32925] INFO  impl.DataStreamServerImpl (ConfUtils.java:logGet(44)) - raft.datastream.type = DISABLED (default)
2021-08-14 14:03:54,570 [Listener at 127.0.0.1/32925] INFO  server.RaftServerConfigKeys (ConfUtils.java:logGet(44)) - raft.server.rpc.slowness.timeout = 300s (custom)
2021-08-14 14:03:54,571 [Listener at 127.0.0.1/32925] INFO  server.RaftServerConfigKeys (ConfUtils.java:logGet(44)) - raft.server.leaderelection.leader.step-down.wait-time = 10s (default)
2021-08-14 14:03:54,573 [Listener at 127.0.0.1/32925] INFO  server.RaftServerConfigKeys (ConfUtils.java:logGet(44)) - raft.server.storage.dir = [/home/runner/work/ozone/ozone/hadoop-ozone/integration-test/target/test-dir/MiniOzoneClusterImpl-903ecea8-4fd7-4e9d-96bf-9013ab6d4ae3/datanode-1/data/ratis] (custom)
2021-08-14 14:03:54,590 [Listener at 127.0.0.1/32925] INFO  http.BaseHttpServer (BaseHttpServer.java:newHttpServer2BuilderForOzone(209)) - Starting Web-server for hddsDatanode at: http://0.0.0.0:0
2021-08-14 14:03:54,590 [Listener at 127.0.0.1/32925] INFO  http.BaseHttpServer (BaseHttpServer.java:<init>(107)) - Hadoop Security Enabled: false Ozone Security Enabled: false Ozone HTTP Security Enabled: false 
2021-08-14 14:03:54,591 [Listener at 127.0.0.1/32925] INFO  server.AuthenticationFilter (AuthenticationFilter.java:constructSecretProvider(240)) - Unable to initialize FileSignerSecretProvider, falling back to use random secrets.
2021-08-14 14:03:54,597 [Listener at 127.0.0.1/32925] WARN  http.HttpRequestLog (HttpRequestLog.java:getRequestLog(103)) - Jetty request log can only be enabled using Log4j
2021-08-14 14:03:54,598 [Listener at 127.0.0.1/32925] INFO  http.HttpServer2 (HttpServer2.java:addGlobalFilter(1020)) - Added global filter 'safety' (class=org.apache.hadoop.hdds.server.http.HttpServer2$QuotingInputFilter)
2021-08-14 14:03:54,598 [Listener at 127.0.0.1/32925] INFO  http.HttpServer2 (HttpServer2.java:addFilter(996)) - Added filter static_user_filter (class=org.apache.hadoop.http.lib.StaticUserWebFilter$StaticUserFilter) to context hddsDatanode
2021-08-14 14:03:54,599 [Listener at 127.0.0.1/32925] INFO  http.HttpServer2 (HttpServer2.java:addFilter(1004)) - Added filter static_user_filter (class=org.apache.hadoop.http.lib.StaticUserWebFilter$StaticUserFilter) to context logs
2021-08-14 14:03:54,599 [Listener at 127.0.0.1/32925] INFO  http.HttpServer2 (HttpServer2.java:addFilter(1004)) - Added filter static_user_filter (class=org.apache.hadoop.http.lib.StaticUserWebFilter$StaticUserFilter) to context static
2021-08-14 14:03:54,599 [Listener at 127.0.0.1/32925] INFO  http.HttpServer2 (HttpServer2.java:bindListener(1239)) - Jetty bound to port 40389
2021-08-14 14:03:54,599 [Listener at 127.0.0.1/32925] INFO  server.Server (Server.java:doStart(375)) - jetty-9.4.43.v20210629; built: 2021-06-30T11:07:22.254Z; git: 526006ecfa3af7f1a27ef3a288e2bef7ea9dd7e8; jvm 1.8.0_292-b10
2021-08-14 14:03:54,686 [Listener at 127.0.0.1/32925] INFO  server.session (DefaultSessionIdManager.java:doStart(334)) - DefaultSessionIdManager workerName=node0
2021-08-14 14:03:54,686 [Listener at 127.0.0.1/32925] INFO  server.session (DefaultSessionIdManager.java:doStart(339)) - No SessionScavenger set, using defaults
2021-08-14 14:03:54,686 [Listener at 127.0.0.1/32925] INFO  server.session (HouseKeeper.java:startScavenging(132)) - node0 Scavenging every 660000ms
2021-08-14 14:03:54,698 [Listener at 127.0.0.1/32925] INFO  handler.ContextHandler (ContextHandler.java:doStart(915)) - Started o.e.j.s.ServletContextHandler@49a03511{logs,/logs,file:///home/runner/work/ozone/ozone/hadoop-ozone/integration-test/target/log,AVAILABLE}
2021-08-14 14:03:54,698 [Listener at 127.0.0.1/32925] INFO  handler.ContextHandler (ContextHandler.java:doStart(915)) - Started o.e.j.s.ServletContextHandler@b8ef941{static,/static,jar:file:/home/runner/.m2/repository/org/apache/ozone/hdds-container-service/1.2.0-SNAPSHOT/hdds-container-service-1.2.0-SNAPSHOT.jar!/webapps/static,AVAILABLE}
2021-08-14 14:03:54,873 [Listener at 127.0.0.1/32925] INFO  handler.ContextHandler (ContextHandler.java:doStart(915)) - Started o.e.j.w.WebAppContext@26c42aa8{hddsDatanode,/,file:///tmp/jetty-0_0_0_0-40389-hdds-container-service-1_2_0-SNAPSHOT_jar-_-any-7008533717143314482/webapp/,AVAILABLE}{jar:file:/home/runner/.m2/repository/org/apache/ozone/hdds-container-service/1.2.0-SNAPSHOT/hdds-container-service-1.2.0-SNAPSHOT.jar!/webapps/hddsDatanode}
2021-08-14 14:03:54,878 [Listener at 127.0.0.1/32925] INFO  server.AbstractConnector (AbstractConnector.java:doStart(331)) - Started ServerConnector@386ff939{HTTP/1.1, (http/1.1)}{0.0.0.0:40389}
2021-08-14 14:03:54,880 [Listener at 127.0.0.1/32925] INFO  server.Server (Server.java:doStart(415)) - Started @119036ms
2021-08-14 14:03:54,880 [Listener at 127.0.0.1/32925] WARN  impl.MetricsSystemImpl (MetricsSystemImpl.java:register(279)) - Sink prometheus already exists!
2021-08-14 14:03:54,880 [Listener at 127.0.0.1/32925] INFO  http.BaseHttpServer (BaseHttpServer.java:updateConnectorAddress(329)) - HTTP server of hddsDatanode listening at http://0.0.0.0:40389
2021-08-14 14:03:54,904 [Listener at 127.0.0.1/32925] WARN  impl.MetricRegistriesImpl (MetricRegistriesImpl.java:addReporterRegistration(111)) - New reporters are added after registries were created. Some metrics will be missing from the reporter. Please add reporter before adding any new registry.
2021-08-14 14:03:54,904 [Listener at 127.0.0.1/32925] WARN  impl.MetricRegistriesImpl (MetricRegistriesImpl.java:addReporterRegistration(111)) - New reporters are added after registries were created. Some metrics will be missing from the reporter. Please add reporter before adding any new registry.
2021-08-14 14:03:54,904 [Listener at 127.0.0.1/32925] INFO  impl.MetricsSystemImpl (MetricsSystemImpl.java:init(158)) - HddsDatanode metrics system started (again)
2021-08-14 14:03:54,919 [org.apache.hadoop.util.JvmPauseMonitor$Monitor@56a2a110] INFO  util.JvmPauseMonitor (JvmPauseMonitor.java:run(188)) - Starting JVM pause monitor
2021-08-14 14:03:54,926 [Datanode State Machine Task Thread - 0] INFO  datanode.InitDatanodeState (InitDatanodeState.java:persistContainerDatanodeDetails(145)) - DatanodeDetails is persisted to /home/runner/work/ozone/ozone/hadoop-ozone/integration-test/target/test-dir/MiniOzoneClusterImpl-903ecea8-4fd7-4e9d-96bf-9013ab6d4ae3/datanode-1/meta/datanode.id
2021-08-14 14:03:54,959 [Listener at 127.0.0.1/32925] INFO  ozone.HddsDatanodeService (HddsDatanodeService.java:start(234)) - HddsDatanodeService host:fv-az297-666.nmf1rxwemy4u5di1sxxf4ejcwb.jx.internal.cloudapp.net ip:10.1.0.16
2021-08-14 14:03:55,003 [Listener at 127.0.0.1/32925] INFO  upgrade.AbstractLayoutVersionManager (AbstractLayoutVersionManager.java:init(70)) - Initializing Layout version manager with metadata layout = SCM_HA (version = 2), software layout = SCM_HA (version = 2)
2021-08-14 14:03:55,100 [Listener at 127.0.0.1/32925] INFO  reflections.Reflections (Reflections.java:scan(232)) - Reflections took 96 ms to scan 7 urls, producing 120 keys and 275 values 
2021-08-14 14:03:55,152 [Listener at 127.0.0.1/32925] INFO  volume.HddsVolume (HddsVolume.java:<init>(120)) - Creating HddsVolume: /home/runner/work/ozone/ozone/hadoop-ozone/integration-test/target/test-dir/MiniOzoneClusterImpl-903ecea8-4fd7-4e9d-96bf-9013ab6d4ae3/datanode-2/data-0/containers/hdds of storage type : DISK capacity : 9223372036854775807
2021-08-14 14:03:55,152 [Listener at 127.0.0.1/32925] INFO  volume.MutableVolumeSet (MutableVolumeSet.java:initializeVolumeSet(181)) - Added Volume : /home/runner/work/ozone/ozone/hadoop-ozone/integration-test/target/test-dir/MiniOzoneClusterImpl-903ecea8-4fd7-4e9d-96bf-9013ab6d4ae3/datanode-2/data-0/containers/hdds to VolumeSet
2021-08-14 14:03:55,152 [Listener at 127.0.0.1/32925] INFO  volume.ThrottledAsyncChecker (ThrottledAsyncChecker.java:schedule(141)) - Scheduling a check for /home/runner/work/ozone/ozone/hadoop-ozone/integration-test/target/test-dir/MiniOzoneClusterImpl-903ecea8-4fd7-4e9d-96bf-9013ab6d4ae3/datanode-2/data-0/containers/hdds
2021-08-14 14:03:55,156 [Listener at 127.0.0.1/32925] INFO  volume.StorageVolumeChecker (StorageVolumeChecker.java:checkAllVolumes(202)) - Scheduled health check for volume /home/runner/work/ozone/ozone/hadoop-ozone/integration-test/target/test-dir/MiniOzoneClusterImpl-903ecea8-4fd7-4e9d-96bf-9013ab6d4ae3/datanode-2/data-0/containers/hdds
2021-08-14 14:03:55,178 [Listener at 127.0.0.1/32925] INFO  volume.MutableVolumeSet (MutableVolumeSet.java:initializeVolumeSet(181)) - Added Volume : /home/runner/work/ozone/ozone/hadoop-ozone/integration-test/target/test-dir/MiniOzoneClusterImpl-903ecea8-4fd7-4e9d-96bf-9013ab6d4ae3/datanode-2/data/ratis to VolumeSet
2021-08-14 14:03:55,179 [Listener at 127.0.0.1/32925] INFO  volume.ThrottledAsyncChecker (ThrottledAsyncChecker.java:schedule(141)) - Scheduling a check for /home/runner/work/ozone/ozone/hadoop-ozone/integration-test/target/test-dir/MiniOzoneClusterImpl-903ecea8-4fd7-4e9d-96bf-9013ab6d4ae3/datanode-2/data/ratis
2021-08-14 14:03:55,179 [Listener at 127.0.0.1/32925] INFO  volume.StorageVolumeChecker (StorageVolumeChecker.java:checkAllVolumes(202)) - Scheduled health check for volume /home/runner/work/ozone/ozone/hadoop-ozone/integration-test/target/test-dir/MiniOzoneClusterImpl-903ecea8-4fd7-4e9d-96bf-9013ab6d4ae3/datanode-2/data/ratis
2021-08-14 14:03:55,242 [Listener at 127.0.0.1/32925] INFO  ozoneimpl.ContainerReader (ContainerReader.java:<init>(98)) - Running in upgrade mode:true
2021-08-14 14:03:55,265 [Thread-4404] INFO  ozoneimpl.ContainerReader (ContainerReader.java:readVolume(142)) - Start to verify containers on volume /home/runner/work/ozone/ozone/hadoop-ozone/integration-test/target/test-dir/MiniOzoneClusterImpl-903ecea8-4fd7-4e9d-96bf-9013ab6d4ae3/datanode-2/data-0/containers/hdds
2021-08-14 14:03:55,265 [Thread-4404] INFO  ozoneimpl.ContainerReader (ContainerReader.java:readVolume(174)) - Finish verifying containers on volume /home/runner/work/ozone/ozone/hadoop-ozone/integration-test/target/test-dir/MiniOzoneClusterImpl-903ecea8-4fd7-4e9d-96bf-9013ab6d4ae3/datanode-2/data-0/containers/hdds
2021-08-14 14:03:55,266 [Listener at 127.0.0.1/32925] INFO  ozoneimpl.OzoneContainer (OzoneContainer.java:buildContainerSet(237)) - Build ContainerSet costs 0s
2021-08-14 14:03:55,268 [Listener at 127.0.0.1/32925] INFO  server.RaftServer (ConfUtils.java:logGet(44)) - raft.rpc.type = GRPC (default)
2021-08-14 14:03:55,268 [Listener at 127.0.0.1/32925] INFO  grpc.GrpcFactory (GrpcFactory.java:checkPooledByteBufAllocatorUseCacheForAllThreads(48)) - PERFORMANCE WARNING: useCacheForAllThreads is true that may cause Netty to create a lot garbage objects and, as a result, trigger GC.
	It is recommended to disable useCacheForAllThreads by setting -Dorg.apache.ratis.thirdparty.io.netty.allocator.useCacheForAllThreads=false in command line.
2021-08-14 14:03:55,268 [Listener at 127.0.0.1/32925] INFO  grpc.GrpcConfigKeys (ConfUtils.java:logGet(44)) - raft.grpc.admin.port = 0 (custom)
2021-08-14 14:03:55,268 [Listener at 127.0.0.1/32925] INFO  grpc.GrpcConfigKeys (ConfUtils.java:logGet(44)) - raft.grpc.client.port = 0 (custom)
2021-08-14 14:03:55,268 [Listener at 127.0.0.1/32925] INFO  grpc.GrpcConfigKeys (ConfUtils.java:logGet(44)) - raft.grpc.server.port = 0 (default)
2021-08-14 14:03:55,268 [Listener at 127.0.0.1/32925] INFO  server.GrpcService (ConfUtils.java:logGet(44)) - raft.grpc.message.size.max = 32MB (=33554432) (custom)
2021-08-14 14:03:55,268 [Listener at 127.0.0.1/32925] INFO  server.RaftServerConfigKeys (ConfUtils.java:logGet(44)) - raft.server.log.appender.buffer.byte-limit = 33554432 (custom)
2021-08-14 14:03:55,269 [Listener at 127.0.0.1/32925] INFO  server.GrpcService (ConfUtils.java:logGet(44)) - raft.grpc.flow.control.window = 5MB (=5242880) (custom)
2021-08-14 14:03:55,269 [Listener at 127.0.0.1/32925] INFO  server.RaftServerConfigKeys (ConfUtils.java:logGet(44)) - raft.server.rpc.request.timeout = 60s (custom)
2021-08-14 14:03:55,270 [Listener at 127.0.0.1/32925] INFO  impl.DataStreamServerImpl (ConfUtils.java:logGet(44)) - raft.datastream.type = DISABLED (default)
2021-08-14 14:03:55,270 [Listener at 127.0.0.1/32925] INFO  server.RaftServerConfigKeys (ConfUtils.java:logGet(44)) - raft.server.rpc.slowness.timeout = 300s (custom)
2021-08-14 14:03:55,270 [Listener at 127.0.0.1/32925] INFO  server.RaftServerConfigKeys (ConfUtils.java:logGet(44)) - raft.server.leaderelection.leader.step-down.wait-time = 10s (default)
2021-08-14 14:03:55,270 [Listener at 127.0.0.1/32925] INFO  server.RaftServerConfigKeys (ConfUtils.java:logGet(44)) - raft.server.storage.dir = [/home/runner/work/ozone/ozone/hadoop-ozone/integration-test/target/test-dir/MiniOzoneClusterImpl-903ecea8-4fd7-4e9d-96bf-9013ab6d4ae3/datanode-2/data/ratis] (custom)
2021-08-14 14:03:55,293 [Listener at 127.0.0.1/32925] INFO  http.BaseHttpServer (BaseHttpServer.java:newHttpServer2BuilderForOzone(209)) - Starting Web-server for hddsDatanode at: http://0.0.0.0:0
2021-08-14 14:03:55,293 [Listener at 127.0.0.1/32925] INFO  http.BaseHttpServer (BaseHttpServer.java:<init>(107)) - Hadoop Security Enabled: false Ozone Security Enabled: false Ozone HTTP Security Enabled: false 
2021-08-14 14:03:55,295 [Listener at 127.0.0.1/32925] INFO  server.AuthenticationFilter (AuthenticationFilter.java:constructSecretProvider(240)) - Unable to initialize FileSignerSecretProvider, falling back to use random secrets.
2021-08-14 14:03:55,313 [Listener at 127.0.0.1/32925] WARN  http.HttpRequestLog (HttpRequestLog.java:getRequestLog(103)) - Jetty request log can only be enabled using Log4j
2021-08-14 14:03:55,314 [Listener at 127.0.0.1/32925] INFO  http.HttpServer2 (HttpServer2.java:addGlobalFilter(1020)) - Added global filter 'safety' (class=org.apache.hadoop.hdds.server.http.HttpServer2$QuotingInputFilter)
2021-08-14 14:03:55,315 [Listener at 127.0.0.1/32925] INFO  http.HttpServer2 (HttpServer2.java:addFilter(996)) - Added filter static_user_filter (class=org.apache.hadoop.http.lib.StaticUserWebFilter$StaticUserFilter) to context hddsDatanode
2021-08-14 14:03:55,315 [Listener at 127.0.0.1/32925] INFO  http.HttpServer2 (HttpServer2.java:addFilter(1004)) - Added filter static_user_filter (class=org.apache.hadoop.http.lib.StaticUserWebFilter$StaticUserFilter) to context static
2021-08-14 14:03:55,315 [Listener at 127.0.0.1/32925] INFO  http.HttpServer2 (HttpServer2.java:addFilter(1004)) - Added filter static_user_filter (class=org.apache.hadoop.http.lib.StaticUserWebFilter$StaticUserFilter) to context logs
2021-08-14 14:03:55,315 [Listener at 127.0.0.1/32925] INFO  http.HttpServer2 (HttpServer2.java:bindListener(1239)) - Jetty bound to port 46135
2021-08-14 14:03:55,316 [Listener at 127.0.0.1/32925] INFO  server.Server (Server.java:doStart(375)) - jetty-9.4.43.v20210629; built: 2021-06-30T11:07:22.254Z; git: 526006ecfa3af7f1a27ef3a288e2bef7ea9dd7e8; jvm 1.8.0_292-b10
2021-08-14 14:03:55,358 [Listener at 127.0.0.1/32925] INFO  server.session (DefaultSessionIdManager.java:doStart(334)) - DefaultSessionIdManager workerName=node0
2021-08-14 14:03:55,358 [Listener at 127.0.0.1/32925] INFO  server.session (DefaultSessionIdManager.java:doStart(339)) - No SessionScavenger set, using defaults
2021-08-14 14:03:55,359 [Listener at 127.0.0.1/32925] INFO  server.session (HouseKeeper.java:startScavenging(132)) - node0 Scavenging every 660000ms
2021-08-14 14:03:55,360 [Listener at 127.0.0.1/32925] INFO  handler.ContextHandler (ContextHandler.java:doStart(915)) - Started o.e.j.s.ServletContextHandler@57d86841{logs,/logs,file:///home/runner/work/ozone/ozone/hadoop-ozone/integration-test/target/log,AVAILABLE}
2021-08-14 14:03:55,360 [Listener at 127.0.0.1/32925] INFO  handler.ContextHandler (ContextHandler.java:doStart(915)) - Started o.e.j.s.ServletContextHandler@2f9ceea8{static,/static,jar:file:/home/runner/.m2/repository/org/apache/ozone/hdds-container-service/1.2.0-SNAPSHOT/hdds-container-service-1.2.0-SNAPSHOT.jar!/webapps/static,AVAILABLE}
2021-08-14 14:03:55,503 [Listener at 127.0.0.1/32925] INFO  handler.ContextHandler (ContextHandler.java:doStart(915)) - Started o.e.j.w.WebAppContext@49a89ee9{hddsDatanode,/,file:///tmp/jetty-0_0_0_0-46135-hdds-container-service-1_2_0-SNAPSHOT_jar-_-any-5603384308335888091/webapp/,AVAILABLE}{jar:file:/home/runner/.m2/repository/org/apache/ozone/hdds-container-service/1.2.0-SNAPSHOT/hdds-container-service-1.2.0-SNAPSHOT.jar!/webapps/hddsDatanode}
2021-08-14 14:03:55,510 [Listener at 127.0.0.1/32925] INFO  server.AbstractConnector (AbstractConnector.java:doStart(331)) - Started ServerConnector@57b6b828{HTTP/1.1, (http/1.1)}{0.0.0.0:46135}
2021-08-14 14:03:55,510 [Listener at 127.0.0.1/32925] INFO  server.Server (Server.java:doStart(415)) - Started @119667ms
2021-08-14 14:03:55,510 [Listener at 127.0.0.1/32925] WARN  impl.MetricsSystemImpl (MetricsSystemImpl.java:register(279)) - Sink prometheus already exists!
2021-08-14 14:03:55,511 [Listener at 127.0.0.1/32925] INFO  http.BaseHttpServer (BaseHttpServer.java:updateConnectorAddress(329)) - HTTP server of hddsDatanode listening at http://0.0.0.0:46135
2021-08-14 14:03:55,512 [Listener at 127.0.0.1/32925] INFO  ozone.MiniOzoneClusterImpl (MiniOzoneClusterImpl.java:lambda$waitForClusterToBeReady$0(235)) - Waiting for nodes to be ready. Got 0 of 3 DN Heartbeats.
2021-08-14 14:03:55,512 [Listener at 127.0.0.1/32925] INFO  ozone.MiniOzoneClusterImpl (MiniOzoneClusterImpl.java:lambda$waitForClusterToBeReady$0(238)) - Waiting for cluster to exit safe mode
2021-08-14 14:03:55,512 [Listener at 127.0.0.1/32925] INFO  ozone.MiniOzoneClusterImpl (MiniOzoneClusterImpl.java:lambda$waitForClusterToBeReady$0(240)) - SCM became leader
2021-08-14 14:03:55,569 [org.apache.hadoop.util.JvmPauseMonitor$Monitor@2a74836c] INFO  util.JvmPauseMonitor (JvmPauseMonitor.java:run(188)) - Starting JVM pause monitor
2021-08-14 14:03:55,570 [Datanode State Machine Task Thread - 0] INFO  datanode.InitDatanodeState (InitDatanodeState.java:persistContainerDatanodeDetails(145)) - DatanodeDetails is persisted to /home/runner/work/ozone/ozone/hadoop-ozone/integration-test/target/test-dir/MiniOzoneClusterImpl-903ecea8-4fd7-4e9d-96bf-9013ab6d4ae3/datanode-2/meta/datanode.id
2021-08-14 14:03:56,204 [EndpointStateMachine task thread for /0.0.0.0:32893 - 0 ] INFO  ozoneimpl.OzoneContainer (OzoneContainer.java:start(305)) - Attempting to start container services.
2021-08-14 14:03:56,204 [EndpointStateMachine task thread for /0.0.0.0:32893 - 0 ] INFO  ozoneimpl.OzoneContainer (OzoneContainer.java:startContainerScrub(250)) - Background container scanner has been disabled.
2021-08-14 14:03:56,205 [EndpointStateMachine task thread for /0.0.0.0:32893 - 0 ] INFO  replication.ReplicationServer (ReplicationServer.java:start(106)) - ReplicationServer is started using port 41181
2021-08-14 14:03:56,205 [EndpointStateMachine task thread for /0.0.0.0:32893 - 0 ] INFO  ratis.XceiverServerRatis (XceiverServerRatis.java:start(482)) - Starting XceiverServerRatis a3a688a0-b759-42a1-9d42-7ea63bf88025
2021-08-14 14:03:56,206 [EndpointStateMachine task thread for /0.0.0.0:32893 - 0 ] INFO  server.RaftServer (RaftServerProxy.java:lambda$start$5(374)) - a3a688a0-b759-42a1-9d42-7ea63bf88025: start RPC server
2021-08-14 14:03:56,207 [EndpointStateMachine task thread for /0.0.0.0:32893 - 0 ] INFO  server.GrpcService (GrpcService.java:startImpl(253)) - a3a688a0-b759-42a1-9d42-7ea63bf88025: GrpcService started, listening on 35273
2021-08-14 14:03:56,208 [EndpointStateMachine task thread for /0.0.0.0:32893 - 0 ] INFO  ratis.XceiverServerRatis (XceiverServerRatis.java:getRealPort(503)) - XceiverServerRatis a3a688a0-b759-42a1-9d42-7ea63bf88025 is started using port 35273 for RATIS
2021-08-14 14:03:56,208 [EndpointStateMachine task thread for /0.0.0.0:32893 - 0 ] INFO  ratis.XceiverServerRatis (XceiverServerRatis.java:getRealPort(503)) - XceiverServerRatis a3a688a0-b759-42a1-9d42-7ea63bf88025 is started using port 35273 for RATIS_ADMIN
2021-08-14 14:03:56,208 [EndpointStateMachine task thread for /0.0.0.0:32893 - 0 ] INFO  ratis.XceiverServerRatis (XceiverServerRatis.java:getRealPort(503)) - XceiverServerRatis a3a688a0-b759-42a1-9d42-7ea63bf88025 is started using port 35273 for RATIS_SERVER
2021-08-14 14:03:56,208 [EndpointStateMachine task thread for /0.0.0.0:32893 - 0 ] INFO  server.XceiverServerGrpc (XceiverServerGrpc.java:start(135)) - XceiverServerGrpc a3a688a0-b759-42a1-9d42-7ea63bf88025 is started using port 42751
2021-08-14 14:03:56,221 [org.apache.ratis.util.JvmPauseMonitor$$Lambda$531/524014602@4ade5790] INFO  util.JvmPauseMonitor (JvmPauseMonitor.java:run(103)) - JvmPauseMonitor-a3a688a0-b759-42a1-9d42-7ea63bf88025: Started
2021-08-14 14:03:56,512 [Listener at 127.0.0.1/32925] INFO  ozone.MiniOzoneClusterImpl (MiniOzoneClusterImpl.java:lambda$waitForClusterToBeReady$0(235)) - Waiting for nodes to be ready. Got 0 of 3 DN Heartbeats.
2021-08-14 14:03:56,512 [Listener at 127.0.0.1/32925] INFO  ozone.MiniOzoneClusterImpl (MiniOzoneClusterImpl.java:lambda$waitForClusterToBeReady$0(238)) - Waiting for cluster to exit safe mode
2021-08-14 14:03:56,512 [Listener at 127.0.0.1/32925] INFO  ozone.MiniOzoneClusterImpl (MiniOzoneClusterImpl.java:lambda$waitForClusterToBeReady$0(240)) - SCM became leader
2021-08-14 14:03:56,949 [EndpointStateMachine task thread for /0.0.0.0:32893 - 0 ] INFO  ozoneimpl.OzoneContainer (OzoneContainer.java:start(305)) - Attempting to start container services.
2021-08-14 14:03:56,949 [EndpointStateMachine task thread for /0.0.0.0:32893 - 0 ] INFO  ozoneimpl.OzoneContainer (OzoneContainer.java:startContainerScrub(250)) - Background container scanner has been disabled.
2021-08-14 14:03:56,949 [EndpointStateMachine task thread for /0.0.0.0:32893 - 0 ] INFO  replication.ReplicationServer (ReplicationServer.java:start(106)) - ReplicationServer is started using port 33733
2021-08-14 14:03:56,953 [EndpointStateMachine task thread for /0.0.0.0:32893 - 0 ] INFO  ratis.XceiverServerRatis (XceiverServerRatis.java:start(482)) - Starting XceiverServerRatis e5d3e9d3-1367-47eb-ad7f-372895a70f55
2021-08-14 14:03:56,953 [EndpointStateMachine task thread for /0.0.0.0:32893 - 0 ] INFO  server.RaftServer (RaftServerProxy.java:lambda$start$5(374)) - e5d3e9d3-1367-47eb-ad7f-372895a70f55: start RPC server
2021-08-14 14:03:56,954 [EndpointStateMachine task thread for /0.0.0.0:32893 - 0 ] INFO  server.GrpcService (GrpcService.java:startImpl(253)) - e5d3e9d3-1367-47eb-ad7f-372895a70f55: GrpcService started, listening on 46003
2021-08-14 14:03:56,969 [EndpointStateMachine task thread for /0.0.0.0:32893 - 0 ] INFO  ratis.XceiverServerRatis (XceiverServerRatis.java:getRealPort(503)) - XceiverServerRatis e5d3e9d3-1367-47eb-ad7f-372895a70f55 is started using port 46003 for RATIS
2021-08-14 14:03:56,969 [EndpointStateMachine task thread for /0.0.0.0:32893 - 0 ] INFO  ratis.XceiverServerRatis (XceiverServerRatis.java:getRealPort(503)) - XceiverServerRatis e5d3e9d3-1367-47eb-ad7f-372895a70f55 is started using port 46003 for RATIS_ADMIN
2021-08-14 14:03:56,969 [EndpointStateMachine task thread for /0.0.0.0:32893 - 0 ] INFO  ratis.XceiverServerRatis (XceiverServerRatis.java:getRealPort(503)) - XceiverServerRatis e5d3e9d3-1367-47eb-ad7f-372895a70f55 is started using port 46003 for RATIS_SERVER
2021-08-14 14:03:56,973 [EndpointStateMachine task thread for /0.0.0.0:32893 - 0 ] INFO  server.XceiverServerGrpc (XceiverServerGrpc.java:start(135)) - XceiverServerGrpc e5d3e9d3-1367-47eb-ad7f-372895a70f55 is started using port 36239
2021-08-14 14:03:56,997 [org.apache.ratis.util.JvmPauseMonitor$$Lambda$531/524014602@35ed061f] INFO  util.JvmPauseMonitor (JvmPauseMonitor.java:run(103)) - JvmPauseMonitor-e5d3e9d3-1367-47eb-ad7f-372895a70f55: Started
2021-08-14 14:03:57,513 [Listener at 127.0.0.1/32925] INFO  ozone.MiniOzoneClusterImpl (MiniOzoneClusterImpl.java:lambda$waitForClusterToBeReady$0(235)) - Waiting for nodes to be ready. Got 0 of 3 DN Heartbeats.
2021-08-14 14:03:57,513 [Listener at 127.0.0.1/32925] INFO  ozone.MiniOzoneClusterImpl (MiniOzoneClusterImpl.java:lambda$waitForClusterToBeReady$0(238)) - Waiting for cluster to exit safe mode
2021-08-14 14:03:57,513 [Listener at 127.0.0.1/32925] INFO  ozone.MiniOzoneClusterImpl (MiniOzoneClusterImpl.java:lambda$waitForClusterToBeReady$0(240)) - SCM became leader
2021-08-14 14:03:57,593 [EndpointStateMachine task thread for /0.0.0.0:32893 - 0 ] INFO  ozoneimpl.OzoneContainer (OzoneContainer.java:start(305)) - Attempting to start container services.
2021-08-14 14:03:57,593 [EndpointStateMachine task thread for /0.0.0.0:32893 - 0 ] INFO  ozoneimpl.OzoneContainer (OzoneContainer.java:startContainerScrub(250)) - Background container scanner has been disabled.
2021-08-14 14:03:57,597 [EndpointStateMachine task thread for /0.0.0.0:32893 - 0 ] INFO  replication.ReplicationServer (ReplicationServer.java:start(106)) - ReplicationServer is started using port 42581
2021-08-14 14:03:57,610 [EndpointStateMachine task thread for /0.0.0.0:32893 - 0 ] INFO  ratis.XceiverServerRatis (XceiverServerRatis.java:start(482)) - Starting XceiverServerRatis 41bdc6fc-f730-460f-b2d8-92157d986a72
2021-08-14 14:03:57,649 [EndpointStateMachine task thread for /0.0.0.0:32893 - 0 ] INFO  server.RaftServer (RaftServerProxy.java:lambda$start$5(374)) - 41bdc6fc-f730-460f-b2d8-92157d986a72: start RPC server
2021-08-14 14:03:57,650 [EndpointStateMachine task thread for /0.0.0.0:32893 - 0 ] INFO  server.GrpcService (GrpcService.java:startImpl(253)) - 41bdc6fc-f730-460f-b2d8-92157d986a72: GrpcService started, listening on 38299
2021-08-14 14:03:57,651 [EndpointStateMachine task thread for /0.0.0.0:32893 - 0 ] INFO  ratis.XceiverServerRatis (XceiverServerRatis.java:getRealPort(503)) - XceiverServerRatis 41bdc6fc-f730-460f-b2d8-92157d986a72 is started using port 38299 for RATIS
2021-08-14 14:03:57,651 [EndpointStateMachine task thread for /0.0.0.0:32893 - 0 ] INFO  ratis.XceiverServerRatis (XceiverServerRatis.java:getRealPort(503)) - XceiverServerRatis 41bdc6fc-f730-460f-b2d8-92157d986a72 is started using port 38299 for RATIS_ADMIN
2021-08-14 14:03:57,651 [EndpointStateMachine task thread for /0.0.0.0:32893 - 0 ] INFO  ratis.XceiverServerRatis (XceiverServerRatis.java:getRealPort(503)) - XceiverServerRatis 41bdc6fc-f730-460f-b2d8-92157d986a72 is started using port 38299 for RATIS_SERVER
2021-08-14 14:03:57,651 [EndpointStateMachine task thread for /0.0.0.0:32893 - 0 ] INFO  server.XceiverServerGrpc (XceiverServerGrpc.java:start(135)) - XceiverServerGrpc 41bdc6fc-f730-460f-b2d8-92157d986a72 is started using port 45435
2021-08-14 14:03:57,652 [org.apache.ratis.util.JvmPauseMonitor$$Lambda$531/524014602@7f4c06c7] INFO  util.JvmPauseMonitor (JvmPauseMonitor.java:run(103)) - JvmPauseMonitor-41bdc6fc-f730-460f-b2d8-92157d986a72: Started
2021-08-14 14:03:58,174 [IPC Server handler 7 on default port 32893] INFO  net.NetworkTopologyImpl (NetworkTopologyImpl.java:add(112)) - Added a new node: /default-rack/a3a688a0-b759-42a1-9d42-7ea63bf88025
2021-08-14 14:03:58,174 [IPC Server handler 7 on default port 32893] INFO  node.SCMNodeManager (SCMNodeManager.java:register(390)) - Registered Data node : a3a688a0-b759-42a1-9d42-7ea63bf88025{ip: 10.1.0.16, host: fv-az297-666.nmf1rxwemy4u5di1sxxf4ejcwb.jx.internal.cloudapp.net, ports: [REPLICATION=41181, RATIS=35273, RATIS_ADMIN=35273, RATIS_SERVER=35273, STANDALONE=42751], networkLocation: /default-rack, certSerialId: null, persistedOpState: null, persistedOpStateExpiryEpochSec: 0}
2021-08-14 14:03:58,176 [EventQueue-NodeRegistrationContainerReportForDataNodeSafeModeRule] INFO  safemode.SCMSafeModeManager (DataNodeSafeModeRule.java:process(71)) - SCM in safe mode. 1 DataNodes registered, 3 required.
2021-08-14 14:03:58,176 [EventQueue-NodeRegistrationContainerReportForContainerSafeModeRule] INFO  safemode.SCMSafeModeManager (SCMSafeModeManager.java:validateSafeModeExitRules(204)) - ContainerSafeModeRule rule is successfully validated
2021-08-14 14:03:58,201 [EventQueue-NewNodeForNewNodeHandler] INFO  pipeline.BackgroundPipelineCreator (BackgroundPipelineCreatorV2.java:notifyEventTriggered(285)) - trigger a one-shot run on RatisPipelineUtilsThread.
2021-08-14 14:03:58,221 [EventQueue-PipelineReportForOneReplicaPipelineSafeModeRule] INFO  safemode.SCMSafeModeManager (SCMSafeModeManager.java:validateSafeModeExitRules(204)) - AtleastOneDatanodeReportedRule rule is successfully validated
2021-08-14 14:03:58,513 [Listener at 127.0.0.1/32925] INFO  ozone.MiniOzoneClusterImpl (MiniOzoneClusterImpl.java:lambda$waitForClusterToBeReady$0(235)) - Waiting for nodes to be ready. Got 1 of 3 DN Heartbeats.
2021-08-14 14:03:58,513 [Listener at 127.0.0.1/32925] INFO  ozone.MiniOzoneClusterImpl (MiniOzoneClusterImpl.java:lambda$waitForClusterToBeReady$0(238)) - Waiting for cluster to exit safe mode
2021-08-14 14:03:58,513 [Listener at 127.0.0.1/32925] INFO  ozone.MiniOzoneClusterImpl (MiniOzoneClusterImpl.java:lambda$waitForClusterToBeReady$0(240)) - SCM became leader
2021-08-14 14:03:58,922 [IPC Server handler 10 on default port 32893] INFO  net.NetworkTopologyImpl (NetworkTopologyImpl.java:add(112)) - Added a new node: /default-rack/e5d3e9d3-1367-47eb-ad7f-372895a70f55
2021-08-14 14:03:58,922 [IPC Server handler 10 on default port 32893] INFO  node.SCMNodeManager (SCMNodeManager.java:register(390)) - Registered Data node : e5d3e9d3-1367-47eb-ad7f-372895a70f55{ip: 10.1.0.16, host: fv-az297-666.nmf1rxwemy4u5di1sxxf4ejcwb.jx.internal.cloudapp.net, ports: [REPLICATION=33733, RATIS=46003, RATIS_ADMIN=46003, RATIS_SERVER=46003, STANDALONE=36239], networkLocation: /default-rack, certSerialId: null, persistedOpState: null, persistedOpStateExpiryEpochSec: 0}
2021-08-14 14:03:58,922 [EventQueue-NewNodeForNewNodeHandler] INFO  pipeline.BackgroundPipelineCreator (BackgroundPipelineCreatorV2.java:notifyEventTriggered(285)) - trigger a one-shot run on RatisPipelineUtilsThread.
2021-08-14 14:03:58,926 [EventQueue-NodeRegistrationContainerReportForDataNodeSafeModeRule] INFO  safemode.SCMSafeModeManager (DataNodeSafeModeRule.java:process(71)) - SCM in safe mode. 2 DataNodes registered, 3 required.
2021-08-14 14:03:59,514 [Listener at 127.0.0.1/32925] INFO  ozone.MiniOzoneClusterImpl (MiniOzoneClusterImpl.java:lambda$waitForClusterToBeReady$0(235)) - Waiting for nodes to be ready. Got 2 of 3 DN Heartbeats.
2021-08-14 14:03:59,514 [Listener at 127.0.0.1/32925] INFO  ozone.MiniOzoneClusterImpl (MiniOzoneClusterImpl.java:lambda$waitForClusterToBeReady$0(238)) - Waiting for cluster to exit safe mode
2021-08-14 14:03:59,514 [Listener at 127.0.0.1/32925] INFO  ozone.MiniOzoneClusterImpl (MiniOzoneClusterImpl.java:lambda$waitForClusterToBeReady$0(240)) - SCM became leader
2021-08-14 14:03:59,570 [IPC Server handler 0 on default port 32893] INFO  net.NetworkTopologyImpl (NetworkTopologyImpl.java:add(112)) - Added a new node: /default-rack/41bdc6fc-f730-460f-b2d8-92157d986a72
2021-08-14 14:03:59,570 [IPC Server handler 0 on default port 32893] INFO  node.SCMNodeManager (SCMNodeManager.java:register(390)) - Registered Data node : 41bdc6fc-f730-460f-b2d8-92157d986a72{ip: 10.1.0.16, host: fv-az297-666.nmf1rxwemy4u5di1sxxf4ejcwb.jx.internal.cloudapp.net, ports: [REPLICATION=42581, RATIS=38299, RATIS_ADMIN=38299, RATIS_SERVER=38299, STANDALONE=45435], networkLocation: /default-rack, certSerialId: null, persistedOpState: null, persistedOpStateExpiryEpochSec: 0}
2021-08-14 14:03:59,570 [EventQueue-NewNodeForNewNodeHandler] INFO  pipeline.BackgroundPipelineCreator (BackgroundPipelineCreatorV2.java:notifyEventTriggered(285)) - trigger a one-shot run on RatisPipelineUtilsThread.
2021-08-14 14:03:59,573 [EventQueue-NodeRegistrationContainerReportForDataNodeSafeModeRule] INFO  safemode.SCMSafeModeManager (DataNodeSafeModeRule.java:process(71)) - SCM in safe mode. 3 DataNodes registered, 3 required.
2021-08-14 14:03:59,574 [EventQueue-NodeRegistrationContainerReportForDataNodeSafeModeRule] INFO  safemode.SCMSafeModeManager (SCMSafeModeManager.java:validateSafeModeExitRules(204)) - DataNodeSafeModeRule rule is successfully validated
2021-08-14 14:03:59,574 [EventQueue-NodeRegistrationContainerReportForDataNodeSafeModeRule] INFO  safemode.SCMSafeModeManager (SCMSafeModeManager.java:completePreCheck(233)) - All SCM safe mode pre check rules have passed
2021-08-14 14:03:59,574 [EventQueue-NodeRegistrationContainerReportForDataNodeSafeModeRule] WARN  events.EventQueue (EventQueue.java:fireEvent(194)) - No event handler registered for event TypedEvent{payloadType=SafeModeStatus, name='Safe mode status'}
2021-08-14 14:03:59,574 [EventQueue-NodeRegistrationContainerReportForDataNodeSafeModeRule] INFO  ha.SCMContext (SCMContext.java:updateSafeModeStatus(205)) - Update SafeModeStatus from SafeModeStatus{safeModeStatus=true, preCheckPassed=false} to SafeModeStatus{safeModeStatus=true, preCheckPassed=true}.
2021-08-14 14:03:59,574 [EventQueue-NodeRegistrationContainerReportForDataNodeSafeModeRule] INFO  pipeline.BackgroundPipelineCreator (BackgroundPipelineCreatorV2.java:notifyEventTriggered(285)) - trigger a one-shot run on RatisPipelineUtilsThread.
2021-08-14 14:03:59,574 [RatisPipelineUtilsThread - 0] INFO  pipeline.RatisPipelineProvider (RatisPipelineProvider.java:lambda$create$0(183)) - Sending CreatePipelineCommand for pipeline:PipelineID=f66c3a60-01f2-464e-9aeb-bceefc5fe04e to datanode:a3a688a0-b759-42a1-9d42-7ea63bf88025
2021-08-14 14:03:59,577 [RatisPipelineUtilsThread - 0] INFO  pipeline.RatisPipelineProvider (RatisPipelineProvider.java:lambda$create$0(183)) - Sending CreatePipelineCommand for pipeline:PipelineID=f66c3a60-01f2-464e-9aeb-bceefc5fe04e to datanode:e5d3e9d3-1367-47eb-ad7f-372895a70f55
2021-08-14 14:03:59,577 [RatisPipelineUtilsThread - 0] INFO  pipeline.RatisPipelineProvider (RatisPipelineProvider.java:lambda$create$0(183)) - Sending CreatePipelineCommand for pipeline:PipelineID=f66c3a60-01f2-464e-9aeb-bceefc5fe04e to datanode:41bdc6fc-f730-460f-b2d8-92157d986a72
2021-08-14 14:03:59,577 [RatisPipelineUtilsThread - 0] INFO  pipeline.PipelineStateManager (PipelineStateManagerV2Impl.java:addPipeline(101)) - Created pipeline Pipeline[ Id: f66c3a60-01f2-464e-9aeb-bceefc5fe04e, Nodes: a3a688a0-b759-42a1-9d42-7ea63bf88025{ip: 10.1.0.16, host: fv-az297-666.nmf1rxwemy4u5di1sxxf4ejcwb.jx.internal.cloudapp.net, ports: [REPLICATION=41181, RATIS=35273, RATIS_ADMIN=35273, RATIS_SERVER=35273, STANDALONE=42751], networkLocation: /default-rack, certSerialId: null, persistedOpState: IN_SERVICE, persistedOpStateExpiryEpochSec: 0}e5d3e9d3-1367-47eb-ad7f-372895a70f55{ip: 10.1.0.16, host: fv-az297-666.nmf1rxwemy4u5di1sxxf4ejcwb.jx.internal.cloudapp.net, ports: [REPLICATION=33733, RATIS=46003, RATIS_ADMIN=46003, RATIS_SERVER=46003, STANDALONE=36239], networkLocation: /default-rack, certSerialId: null, persistedOpState: IN_SERVICE, persistedOpStateExpiryEpochSec: 0}41bdc6fc-f730-460f-b2d8-92157d986a72{ip: 10.1.0.16, host: fv-az297-666.nmf1rxwemy4u5di1sxxf4ejcwb.jx.internal.cloudapp.net, ports: [REPLICATION=42581, RATIS=38299, RATIS_ADMIN=38299, RATIS_SERVER=38299, STANDALONE=45435], networkLocation: /default-rack, certSerialId: null, persistedOpState: IN_SERVICE, persistedOpStateExpiryEpochSec: 0}, ReplicationConfig: RATIS/THREE, State:ALLOCATED, leaderId:, CreationTimestamp2021-08-14T14:03:59.574Z[Etc/UTC]].
2021-08-14 14:04:00,514 [Listener at 127.0.0.1/32925] INFO  ozone.MiniOzoneClusterImpl (MiniOzoneClusterImpl.java:lambda$waitForClusterToBeReady$0(235)) - Nodes are ready. Got 3 of 3 DN Heartbeats.
2021-08-14 14:04:00,514 [Listener at 127.0.0.1/32925] INFO  ozone.MiniOzoneClusterImpl (MiniOzoneClusterImpl.java:lambda$waitForClusterToBeReady$0(238)) - Waiting for cluster to exit safe mode
2021-08-14 14:04:00,514 [Listener at 127.0.0.1/32925] INFO  ozone.MiniOzoneClusterImpl (MiniOzoneClusterImpl.java:lambda$waitForClusterToBeReady$0(240)) - SCM became leader
2021-08-14 14:04:01,163 [Command processor thread] INFO  server.RaftServer (RaftServerProxy.java:addNew(95)) - a3a688a0-b759-42a1-9d42-7ea63bf88025: addNew group-BCEEFC5FE04E:[a3a688a0-b759-42a1-9d42-7ea63bf88025|rpc:10.1.0.16:35273|priority:1, 41bdc6fc-f730-460f-b2d8-92157d986a72|rpc:10.1.0.16:38299|priority:0, e5d3e9d3-1367-47eb-ad7f-372895a70f55|rpc:10.1.0.16:46003|priority:0] returns group-BCEEFC5FE04E:java.util.concurrent.CompletableFuture@6d7ce01a[Not completed]
2021-08-14 14:04:01,178 [pool-419-thread-1] INFO  server.RaftServer$Division (RaftServerImpl.java:<init>(181)) - a3a688a0-b759-42a1-9d42-7ea63bf88025: new RaftServerImpl for group-BCEEFC5FE04E:[a3a688a0-b759-42a1-9d42-7ea63bf88025|rpc:10.1.0.16:35273|priority:1, 41bdc6fc-f730-460f-b2d8-92157d986a72|rpc:10.1.0.16:38299|priority:0, e5d3e9d3-1367-47eb-ad7f-372895a70f55|rpc:10.1.0.16:46003|priority:0] with ContainerStateMachine:uninitialized
2021-08-14 14:04:01,182 [pool-419-thread-1] INFO  server.RaftServerConfigKeys (ConfUtils.java:logGet(44)) - raft.server.rpc.timeout.min = 5s (custom)
2021-08-14 14:04:01,182 [pool-419-thread-1] INFO  server.RaftServerConfigKeys (ConfUtils.java:logGet(44)) - raft.server.rpc.timeout.max = 5200ms (custom)
2021-08-14 14:04:01,182 [pool-419-thread-1] INFO  server.RaftServerConfigKeys (ConfUtils.java:logGet(44)) - raft.server.rpc.sleep.time = 25ms (default)
2021-08-14 14:04:01,182 [pool-419-thread-1] INFO  server.RaftServerConfigKeys (ConfUtils.java:logGet(44)) - raft.server.rpc.slowness.timeout = 300s (custom)
2021-08-14 14:04:01,182 [pool-419-thread-1] INFO  server.RaftServerConfigKeys (ConfUtils.java:logGet(44)) - raft.server.leaderelection.leader.step-down.wait-time = 10s (default)
2021-08-14 14:04:01,182 [pool-419-thread-1] INFO  server.RaftServerConfigKeys (ConfUtils.java:logGet(44)) - raft.server.sleep.deviation.threshold = 300ms (default)
2021-08-14 14:04:01,182 [pool-419-thread-1] INFO  server.RaftServerConfigKeys (ConfUtils.java:logGet(44)) - raft.server.log.appender.install.snapshot.enabled = false (custom)
2021-08-14 14:04:01,182 [pool-419-thread-1] INFO  server.RaftServer$Division (ServerState.java:<init>(105)) - a3a688a0-b759-42a1-9d42-7ea63bf88025@group-BCEEFC5FE04E: ConfigurationManager, init=-1: [a3a688a0-b759-42a1-9d42-7ea63bf88025|rpc:10.1.0.16:35273|priority:1, 41bdc6fc-f730-460f-b2d8-92157d986a72|rpc:10.1.0.16:38299|priority:0, e5d3e9d3-1367-47eb-ad7f-372895a70f55|rpc:10.1.0.16:46003|priority:0], old=null, confs=<EMPTY_MAP>
2021-08-14 14:04:01,183 [pool-419-thread-1] INFO  server.RaftServerConfigKeys (ConfUtils.java:logGet(44)) - raft.server.storage.dir = [/home/runner/work/ozone/ozone/hadoop-ozone/integration-test/target/test-dir/MiniOzoneClusterImpl-903ecea8-4fd7-4e9d-96bf-9013ab6d4ae3/datanode-0/data/ratis] (custom)
2021-08-14 14:04:01,183 [pool-419-thread-1] INFO  server.RaftServerConfigKeys (ConfUtils.java:logGet(44)) - raft.server.log.corruption.policy = EXCEPTION (default)
2021-08-14 14:04:01,183 [pool-419-thread-1] INFO  server.RaftServerConfigKeys (ConfUtils.java:logGet(44)) - raft.server.storage.free-space.min = 0MB (=0) (default)
2021-08-14 14:04:01,183 [pool-419-thread-1] INFO  storage.RaftStorageDirectory (RaftStorageDirectoryImpl.java:analyzeStorage(135)) - The storage directory /home/runner/work/ozone/ozone/hadoop-ozone/integration-test/target/test-dir/MiniOzoneClusterImpl-903ecea8-4fd7-4e9d-96bf-9013ab6d4ae3/datanode-0/data/ratis/f66c3a60-01f2-464e-9aeb-bceefc5fe04e does not exist. Creating ...
2021-08-14 14:04:01,193 [pool-419-thread-1] INFO  storage.RaftStorageDirectory (RaftStorageDirectoryImpl.java:tryLock(230)) - Lock on /home/runner/work/ozone/ozone/hadoop-ozone/integration-test/target/test-dir/MiniOzoneClusterImpl-903ecea8-4fd7-4e9d-96bf-9013ab6d4ae3/datanode-0/data/ratis/f66c3a60-01f2-464e-9aeb-bceefc5fe04e/in_use.lock acquired by nodename 29625@fv-az297-666
2021-08-14 14:04:01,197 [pool-419-thread-1] INFO  storage.RaftStorage (RaftStorageImpl.java:format(89)) - Storage directory /home/runner/work/ozone/ozone/hadoop-ozone/integration-test/target/test-dir/MiniOzoneClusterImpl-903ecea8-4fd7-4e9d-96bf-9013ab6d4ae3/datanode-0/data/ratis/f66c3a60-01f2-464e-9aeb-bceefc5fe04e has been successfully formatted.
2021-08-14 14:04:01,197 [pool-419-thread-1] INFO  ratis.ContainerStateMachine (ContainerStateMachine.java:loadSnapshot(225)) - group-BCEEFC5FE04E: The snapshot info is null. Setting the last applied indexto:(t:0, i:~)
2021-08-14 14:04:01,197 [pool-419-thread-1] INFO  server.RaftServerConfigKeys (ConfUtils.java:logGet(44)) - raft.server.notification.no-leader.timeout = 300s (custom)
2021-08-14 14:04:01,197 [pool-419-thread-1] INFO  server.RaftServerConfigKeys (ConfUtils.java:logGet(44)) - raft.server.log.use.memory = false (default)
2021-08-14 14:04:01,198 [pool-419-thread-1] INFO  server.RaftServerConfigKeys (ConfUtils.java:logGet(44)) - raft.server.log.purge.gap = 1000000 (custom)
2021-08-14 14:04:01,198 [pool-419-thread-1] INFO  server.RaftServerConfigKeys (ConfUtils.java:logGet(44)) - raft.server.log.appender.buffer.byte-limit = 33554432 (custom)
2021-08-14 14:04:01,198 [pool-419-thread-1] INFO  server.RaftServerConfigKeys (ConfUtils.java:logGet(44)) - raft.server.log.segment.size.max = 1048576 (custom)
2021-08-14 14:04:01,198 [pool-419-thread-1] INFO  server.RaftServerConfigKeys (ConfUtils.java:logGet(44)) - raft.server.log.segment.cache.num.max = 2 (custom)
2021-08-14 14:04:01,198 [pool-419-thread-1] INFO  server.RaftServerConfigKeys (ConfUtils.java:logGet(44)) - raft.server.log.segment.cache.size.max = 200MB (=209715200) (default)
2021-08-14 14:04:01,198 [pool-419-thread-1] INFO  segmented.SegmentedRaftLogWorker (SegmentedRaftLogWorker.java:<init>(182)) - new a3a688a0-b759-42a1-9d42-7ea63bf88025@group-BCEEFC5FE04E-SegmentedRaftLogWorker for RaftStorageImpl:Storage Directory /home/runner/work/ozone/ozone/hadoop-ozone/integration-test/target/test-dir/MiniOzoneClusterImpl-903ecea8-4fd7-4e9d-96bf-9013ab6d4ae3/datanode-0/data/ratis/f66c3a60-01f2-464e-9aeb-bceefc5fe04e
2021-08-14 14:04:01,198 [pool-419-thread-1] INFO  server.RaftServerConfigKeys (ConfUtils.java:logGet(44)) - raft.server.log.queue.byte-limit = 2147483647 (custom)
2021-08-14 14:04:01,198 [pool-419-thread-1] INFO  server.RaftServerConfigKeys (ConfUtils.java:logGet(44)) - raft.server.log.queue.element-limit = 1024 (custom)
2021-08-14 14:04:01,198 [pool-419-thread-1] INFO  server.RaftServerConfigKeys (ConfUtils.java:logGet(44)) - raft.server.log.segment.size.max = 1048576 (custom)
2021-08-14 14:04:01,199 [pool-419-thread-1] INFO  server.RaftServerConfigKeys (ConfUtils.java:logGet(44)) - raft.server.log.preallocated.size = 16384 (custom)
2021-08-14 14:04:01,199 [pool-419-thread-1] INFO  server.RaftServerConfigKeys (ConfUtils.java:logGet(44)) - raft.server.log.force.sync.num = 128 (default)
2021-08-14 14:04:01,199 [pool-419-thread-1] INFO  server.RaftServerConfigKeys (ConfUtils.java:logGet(44)) - raft.server.log.statemachine.data.sync = true (default)
2021-08-14 14:04:01,199 [pool-419-thread-1] INFO  server.RaftServerConfigKeys (ConfUtils.java:logGet(44)) - raft.server.log.statemachine.data.sync.timeout = 10s (default)
2021-08-14 14:04:01,199 [pool-419-thread-1] INFO  server.RaftServerConfigKeys (ConfUtils.java:logGet(44)) - raft.server.log.statemachine.data.sync.timeout.retry = -1 (default)
2021-08-14 14:04:01,199 [pool-419-thread-1] INFO  server.RaftServerConfigKeys (ConfUtils.java:logGet(44)) - raft.server.log.write.buffer.size = 1048576 (custom)
2021-08-14 14:04:01,200 [pool-419-thread-1] INFO  server.RaftServerConfigKeys (ConfUtils.java:logGet(44)) - raft.server.log.statemachine.data.caching.enabled = true (custom)
2021-08-14 14:04:01,200 [pool-419-thread-1] INFO  segmented.SegmentedRaftLogWorker (SegmentedRaftLogWorker.java:lambda$new$0(133)) - a3a688a0-b759-42a1-9d42-7ea63bf88025@group-BCEEFC5FE04E-SegmentedRaftLogWorker: flushIndex: setUnconditionally 0 -> -1
2021-08-14 14:04:01,200 [pool-419-thread-1] INFO  segmented.SegmentedRaftLogWorker (SegmentedRaftLogWorker.java:lambda$new$0(133)) - a3a688a0-b759-42a1-9d42-7ea63bf88025@group-BCEEFC5FE04E-SegmentedRaftLogWorker: safeCacheEvictIndex: setUnconditionally 0 -> -1
2021-08-14 14:04:01,200 [Datanode State Machine Thread - 0] WARN  statemachine.StateContext (StateContext.java:execute(621)) - No available thread in pool for past 0 seconds.
2021-08-14 14:04:01,209 [pool-419-thread-1] INFO  server.RaftServerConfigKeys (ConfUtils.java:logGet(44)) - raft.server.snapshot.auto.trigger.enabled = true (custom)
2021-08-14 14:04:01,210 [pool-419-thread-1] INFO  server.RaftServerConfigKeys (ConfUtils.java:logGet(44)) - raft.server.snapshot.auto.trigger.threshold = 10000 (custom)
2021-08-14 14:04:01,210 [pool-419-thread-1] INFO  server.RaftServerConfigKeys (ConfUtils.java:logGet(44)) - raft.server.snapshot.retention.file.num = 5 (custom)
2021-08-14 14:04:01,210 [pool-419-thread-1] INFO  server.RaftServerConfigKeys (ConfUtils.java:logGet(44)) - raft.server.log.purge.upto.snapshot.index = false (default)
2021-08-14 14:04:01,210 [pool-419-thread-1] INFO  server.RaftServerConfigKeys (ConfUtils.java:logGet(44)) - raft.server.retrycache.expirytime = 600000ms (custom)
2021-08-14 14:04:01,210 [pool-419-thread-1] INFO  server.RaftServerConfigKeys (ConfUtils.java:logGet(44)) - raft.server.retrycache.statistics.expirytime = 100μs (default)
2021-08-14 14:04:01,211 [pool-419-thread-1] INFO  server.RaftServer$Division (RaftServerImpl.java:start(296)) - a3a688a0-b759-42a1-9d42-7ea63bf88025@group-BCEEFC5FE04E: start as a follower, conf=-1: [a3a688a0-b759-42a1-9d42-7ea63bf88025|rpc:10.1.0.16:35273|priority:1, 41bdc6fc-f730-460f-b2d8-92157d986a72|rpc:10.1.0.16:38299|priority:0, e5d3e9d3-1367-47eb-ad7f-372895a70f55|rpc:10.1.0.16:46003|priority:0], old=null
2021-08-14 14:04:01,211 [pool-419-thread-1] INFO  server.RaftServer$Division (RaftServerImpl.java:setRole(285)) - a3a688a0-b759-42a1-9d42-7ea63bf88025@group-BCEEFC5FE04E: changes role from      null to FOLLOWER at term 0 for startAsFollower
2021-08-14 14:04:01,211 [pool-419-thread-1] INFO  impl.RoleInfo (RoleInfo.java:updateAndGet(130)) - a3a688a0-b759-42a1-9d42-7ea63bf88025: start a3a688a0-b759-42a1-9d42-7ea63bf88025@group-BCEEFC5FE04E-FollowerState
2021-08-14 14:04:01,222 [pool-419-thread-1] INFO  util.JmxRegister (JmxRegister.java:tryRegister(44)) - Successfully registered JMX Bean with object name Ratis:service=RaftServer,group=group-BCEEFC5FE04E,id=a3a688a0-b759-42a1-9d42-7ea63bf88025
2021-08-14 14:04:01,228 [Command processor thread] INFO  ratis.XceiverServerRatis (XceiverServerRatis.java:addGroup(763)) - Created group PipelineID=f66c3a60-01f2-464e-9aeb-bceefc5fe04e
2021-08-14 14:04:01,267 [grpc-default-executor-3] INFO  server.RaftServer (RaftServerProxy.java:addNew(95)) - e5d3e9d3-1367-47eb-ad7f-372895a70f55: addNew group-BCEEFC5FE04E:[a3a688a0-b759-42a1-9d42-7ea63bf88025|rpc:10.1.0.16:35273|dataStream:|priority:1, 41bdc6fc-f730-460f-b2d8-92157d986a72|rpc:10.1.0.16:38299|dataStream:|priority:0, e5d3e9d3-1367-47eb-ad7f-372895a70f55|rpc:10.1.0.16:46003|dataStream:|priority:0] returns group-BCEEFC5FE04E:java.util.concurrent.CompletableFuture@47f3a64b[Not completed]
2021-08-14 14:04:01,287 [pool-438-thread-1] INFO  server.RaftServer$Division (RaftServerImpl.java:<init>(181)) - e5d3e9d3-1367-47eb-ad7f-372895a70f55: new RaftServerImpl for group-BCEEFC5FE04E:[a3a688a0-b759-42a1-9d42-7ea63bf88025|rpc:10.1.0.16:35273|dataStream:|priority:1, 41bdc6fc-f730-460f-b2d8-92157d986a72|rpc:10.1.0.16:38299|dataStream:|priority:0, e5d3e9d3-1367-47eb-ad7f-372895a70f55|rpc:10.1.0.16:46003|dataStream:|priority:0] with ContainerStateMachine:uninitialized
2021-08-14 14:04:01,311 [pool-438-thread-1] INFO  server.RaftServerConfigKeys (ConfUtils.java:logGet(44)) - raft.server.rpc.timeout.min = 5s (custom)
2021-08-14 14:04:01,311 [pool-438-thread-1] INFO  server.RaftServerConfigKeys (ConfUtils.java:logGet(44)) - raft.server.rpc.timeout.max = 5200ms (custom)
2021-08-14 14:04:01,311 [pool-438-thread-1] INFO  server.RaftServerConfigKeys (ConfUtils.java:logGet(44)) - raft.server.rpc.sleep.time = 25ms (default)
2021-08-14 14:04:01,311 [pool-438-thread-1] INFO  server.RaftServerConfigKeys (ConfUtils.java:logGet(44)) - raft.server.rpc.slowness.timeout = 300s (custom)
2021-08-14 14:04:01,311 [pool-438-thread-1] INFO  server.RaftServerConfigKeys (ConfUtils.java:logGet(44)) - raft.server.leaderelection.leader.step-down.wait-time = 10s (default)
2021-08-14 14:04:01,311 [pool-438-thread-1] INFO  server.RaftServerConfigKeys (ConfUtils.java:logGet(44)) - raft.server.sleep.deviation.threshold = 300ms (default)
2021-08-14 14:04:01,312 [pool-438-thread-1] INFO  server.RaftServerConfigKeys (ConfUtils.java:logGet(44)) - raft.server.log.appender.install.snapshot.enabled = false (custom)
2021-08-14 14:04:01,312 [pool-438-thread-1] INFO  server.RaftServer$Division (ServerState.java:<init>(105)) - e5d3e9d3-1367-47eb-ad7f-372895a70f55@group-BCEEFC5FE04E: ConfigurationManager, init=-1: [a3a688a0-b759-42a1-9d42-7ea63bf88025|rpc:10.1.0.16:35273|dataStream:|priority:1, 41bdc6fc-f730-460f-b2d8-92157d986a72|rpc:10.1.0.16:38299|dataStream:|priority:0, e5d3e9d3-1367-47eb-ad7f-372895a70f55|rpc:10.1.0.16:46003|dataStream:|priority:0], old=null, confs=<EMPTY_MAP>
2021-08-14 14:04:01,312 [pool-438-thread-1] INFO  server.RaftServerConfigKeys (ConfUtils.java:logGet(44)) - raft.server.storage.dir = [/home/runner/work/ozone/ozone/hadoop-ozone/integration-test/target/test-dir/MiniOzoneClusterImpl-903ecea8-4fd7-4e9d-96bf-9013ab6d4ae3/datanode-1/data/ratis] (custom)
2021-08-14 14:04:01,312 [pool-438-thread-1] INFO  server.RaftServerConfigKeys (ConfUtils.java:logGet(44)) - raft.server.log.corruption.policy = EXCEPTION (default)
2021-08-14 14:04:01,312 [pool-438-thread-1] INFO  server.RaftServerConfigKeys (ConfUtils.java:logGet(44)) - raft.server.storage.free-space.min = 0MB (=0) (default)
2021-08-14 14:04:01,312 [pool-438-thread-1] INFO  storage.RaftStorageDirectory (RaftStorageDirectoryImpl.java:analyzeStorage(135)) - The storage directory /home/runner/work/ozone/ozone/hadoop-ozone/integration-test/target/test-dir/MiniOzoneClusterImpl-903ecea8-4fd7-4e9d-96bf-9013ab6d4ae3/datanode-1/data/ratis/f66c3a60-01f2-464e-9aeb-bceefc5fe04e does not exist. Creating ...
2021-08-14 14:04:01,314 [pool-438-thread-1] INFO  storage.RaftStorageDirectory (RaftStorageDirectoryImpl.java:tryLock(230)) - Lock on /home/runner/work/ozone/ozone/hadoop-ozone/integration-test/target/test-dir/MiniOzoneClusterImpl-903ecea8-4fd7-4e9d-96bf-9013ab6d4ae3/datanode-1/data/ratis/f66c3a60-01f2-464e-9aeb-bceefc5fe04e/in_use.lock acquired by nodename 29625@fv-az297-666
2021-08-14 14:04:01,315 [pool-438-thread-1] INFO  storage.RaftStorage (RaftStorageImpl.java:format(89)) - Storage directory /home/runner/work/ozone/ozone/hadoop-ozone/integration-test/target/test-dir/MiniOzoneClusterImpl-903ecea8-4fd7-4e9d-96bf-9013ab6d4ae3/datanode-1/data/ratis/f66c3a60-01f2-464e-9aeb-bceefc5fe04e has been successfully formatted.
2021-08-14 14:04:01,316 [pool-438-thread-1] INFO  ratis.ContainerStateMachine (ContainerStateMachine.java:loadSnapshot(225)) - group-BCEEFC5FE04E: The snapshot info is null. Setting the last applied indexto:(t:0, i:~)
2021-08-14 14:04:01,316 [pool-438-thread-1] INFO  server.RaftServerConfigKeys (ConfUtils.java:logGet(44)) - raft.server.notification.no-leader.timeout = 300s (custom)
2021-08-14 14:04:01,316 [pool-438-thread-1] INFO  server.RaftServerConfigKeys (ConfUtils.java:logGet(44)) - raft.server.log.use.memory = false (default)
2021-08-14 14:04:01,316 [pool-438-thread-1] INFO  server.RaftServerConfigKeys (ConfUtils.java:logGet(44)) - raft.server.log.purge.gap = 1000000 (custom)
2021-08-14 14:04:01,316 [pool-438-thread-1] INFO  server.RaftServerConfigKeys (ConfUtils.java:logGet(44)) - raft.server.log.appender.buffer.byte-limit = 33554432 (custom)
2021-08-14 14:04:01,317 [pool-438-thread-1] INFO  server.RaftServerConfigKeys (ConfUtils.java:logGet(44)) - raft.server.log.segment.size.max = 1048576 (custom)
2021-08-14 14:04:01,317 [pool-438-thread-1] INFO  server.RaftServerConfigKeys (ConfUtils.java:logGet(44)) - raft.server.log.segment.cache.num.max = 2 (custom)
2021-08-14 14:04:01,317 [pool-438-thread-1] INFO  server.RaftServerConfigKeys (ConfUtils.java:logGet(44)) - raft.server.log.segment.cache.size.max = 200MB (=209715200) (default)
2021-08-14 14:04:01,317 [pool-438-thread-1] INFO  segmented.SegmentedRaftLogWorker (SegmentedRaftLogWorker.java:<init>(182)) - new e5d3e9d3-1367-47eb-ad7f-372895a70f55@group-BCEEFC5FE04E-SegmentedRaftLogWorker for RaftStorageImpl:Storage Directory /home/runner/work/ozone/ozone/hadoop-ozone/integration-test/target/test-dir/MiniOzoneClusterImpl-903ecea8-4fd7-4e9d-96bf-9013ab6d4ae3/datanode-1/data/ratis/f66c3a60-01f2-464e-9aeb-bceefc5fe04e
2021-08-14 14:04:01,317 [pool-438-thread-1] INFO  server.RaftServerConfigKeys (ConfUtils.java:logGet(44)) - raft.server.log.queue.byte-limit = 2147483647 (custom)
2021-08-14 14:04:01,317 [pool-438-thread-1] INFO  server.RaftServerConfigKeys (ConfUtils.java:logGet(44)) - raft.server.log.queue.element-limit = 1024 (custom)
2021-08-14 14:04:01,317 [pool-438-thread-1] INFO  server.RaftServerConfigKeys (ConfUtils.java:logGet(44)) - raft.server.log.segment.size.max = 1048576 (custom)
2021-08-14 14:04:01,317 [pool-438-thread-1] INFO  server.RaftServerConfigKeys (ConfUtils.java:logGet(44)) - raft.server.log.preallocated.size = 16384 (custom)
2021-08-14 14:04:01,317 [pool-438-thread-1] INFO  server.RaftServerConfigKeys (ConfUtils.java:logGet(44)) - raft.server.log.force.sync.num = 128 (default)
2021-08-14 14:04:01,317 [pool-438-thread-1] INFO  server.RaftServerConfigKeys (ConfUtils.java:logGet(44)) - raft.server.log.statemachine.data.sync = true (default)
2021-08-14 14:04:01,317 [pool-438-thread-1] INFO  server.RaftServerConfigKeys (ConfUtils.java:logGet(44)) - raft.server.log.statemachine.data.sync.timeout = 10s (default)
2021-08-14 14:04:01,317 [pool-438-thread-1] INFO  server.RaftServerConfigKeys (ConfUtils.java:logGet(44)) - raft.server.log.statemachine.data.sync.timeout.retry = -1 (default)
2021-08-14 14:04:01,318 [pool-438-thread-1] INFO  server.RaftServerConfigKeys (ConfUtils.java:logGet(44)) - raft.server.log.write.buffer.size = 1048576 (custom)
2021-08-14 14:04:01,319 [pool-438-thread-1] INFO  server.RaftServerConfigKeys (ConfUtils.java:logGet(44)) - raft.server.log.statemachine.data.caching.enabled = true (custom)
2021-08-14 14:04:01,319 [pool-438-thread-1] INFO  segmented.SegmentedRaftLogWorker (SegmentedRaftLogWorker.java:lambda$new$0(133)) - e5d3e9d3-1367-47eb-ad7f-372895a70f55@group-BCEEFC5FE04E-SegmentedRaftLogWorker: flushIndex: setUnconditionally 0 -> -1
2021-08-14 14:04:01,319 [pool-438-thread-1] INFO  segmented.SegmentedRaftLogWorker (SegmentedRaftLogWorker.java:lambda$new$0(133)) - e5d3e9d3-1367-47eb-ad7f-372895a70f55@group-BCEEFC5FE04E-SegmentedRaftLogWorker: safeCacheEvictIndex: setUnconditionally 0 -> -1
2021-08-14 14:04:01,320 [pool-438-thread-1] INFO  server.RaftServerConfigKeys (ConfUtils.java:logGet(44)) - raft.server.snapshot.auto.trigger.enabled = true (custom)
2021-08-14 14:04:01,320 [pool-438-thread-1] INFO  server.RaftServerConfigKeys (ConfUtils.java:logGet(44)) - raft.server.snapshot.auto.trigger.threshold = 10000 (custom)
2021-08-14 14:04:01,320 [pool-438-thread-1] INFO  server.RaftServerConfigKeys (ConfUtils.java:logGet(44)) - raft.server.snapshot.retention.file.num = 5 (custom)
2021-08-14 14:04:01,320 [pool-438-thread-1] INFO  server.RaftServerConfigKeys (ConfUtils.java:logGet(44)) - raft.server.log.purge.upto.snapshot.index = false (default)
2021-08-14 14:04:01,320 [pool-438-thread-1] INFO  server.RaftServerConfigKeys (ConfUtils.java:logGet(44)) - raft.server.retrycache.expirytime = 600000ms (custom)
2021-08-14 14:04:01,320 [pool-438-thread-1] INFO  server.RaftServerConfigKeys (ConfUtils.java:logGet(44)) - raft.server.retrycache.statistics.expirytime = 100μs (default)
2021-08-14 14:04:01,321 [pool-438-thread-1] INFO  server.RaftServer$Division (RaftServerImpl.java:start(296)) - e5d3e9d3-1367-47eb-ad7f-372895a70f55@group-BCEEFC5FE04E: start as a follower, conf=-1: [a3a688a0-b759-42a1-9d42-7ea63bf88025|rpc:10.1.0.16:35273|dataStream:|priority:1, 41bdc6fc-f730-460f-b2d8-92157d986a72|rpc:10.1.0.16:38299|dataStream:|priority:0, e5d3e9d3-1367-47eb-ad7f-372895a70f55|rpc:10.1.0.16:46003|dataStream:|priority:0], old=null
2021-08-14 14:04:01,321 [pool-438-thread-1] INFO  server.RaftServer$Division (RaftServerImpl.java:setRole(285)) - e5d3e9d3-1367-47eb-ad7f-372895a70f55@group-BCEEFC5FE04E: changes role from      null to FOLLOWER at term 0 for startAsFollower
2021-08-14 14:04:01,321 [pool-438-thread-1] INFO  impl.RoleInfo (RoleInfo.java:updateAndGet(130)) - e5d3e9d3-1367-47eb-ad7f-372895a70f55: start e5d3e9d3-1367-47eb-ad7f-372895a70f55@group-BCEEFC5FE04E-FollowerState
2021-08-14 14:04:01,327 [Datanode State Machine Thread - 0] WARN  statemachine.StateContext (StateContext.java:execute(621)) - No available thread in pool for past 0 seconds.
2021-08-14 14:04:01,341 [pool-438-thread-1] INFO  util.JmxRegister (JmxRegister.java:tryRegister(44)) - Successfully registered JMX Bean with object name Ratis:service=RaftServer,group=group-BCEEFC5FE04E,id=e5d3e9d3-1367-47eb-ad7f-372895a70f55
2021-08-14 14:04:01,402 [grpc-default-executor-3] INFO  server.RaftServer (RaftServerProxy.java:addNew(95)) - 41bdc6fc-f730-460f-b2d8-92157d986a72: addNew group-BCEEFC5FE04E:[a3a688a0-b759-42a1-9d42-7ea63bf88025|rpc:10.1.0.16:35273|dataStream:|priority:1, 41bdc6fc-f730-460f-b2d8-92157d986a72|rpc:10.1.0.16:38299|dataStream:|priority:0, e5d3e9d3-1367-47eb-ad7f-372895a70f55|rpc:10.1.0.16:46003|dataStream:|priority:0] returns group-BCEEFC5FE04E:java.util.concurrent.CompletableFuture@54108f62[Not completed]
2021-08-14 14:04:01,403 [pool-457-thread-1] INFO  server.RaftServer$Division (RaftServerImpl.java:<init>(181)) - 41bdc6fc-f730-460f-b2d8-92157d986a72: new RaftServerImpl for group-BCEEFC5FE04E:[a3a688a0-b759-42a1-9d42-7ea63bf88025|rpc:10.1.0.16:35273|dataStream:|priority:1, 41bdc6fc-f730-460f-b2d8-92157d986a72|rpc:10.1.0.16:38299|dataStream:|priority:0, e5d3e9d3-1367-47eb-ad7f-372895a70f55|rpc:10.1.0.16:46003|dataStream:|priority:0] with ContainerStateMachine:uninitialized
2021-08-14 14:04:01,425 [pool-457-thread-1] INFO  server.RaftServerConfigKeys (ConfUtils.java:logGet(44)) - raft.server.rpc.timeout.min = 5s (custom)
2021-08-14 14:04:01,425 [pool-457-thread-1] INFO  server.RaftServerConfigKeys (ConfUtils.java:logGet(44)) - raft.server.rpc.timeout.max = 5200ms (custom)
2021-08-14 14:04:01,425 [pool-457-thread-1] INFO  server.RaftServerConfigKeys (ConfUtils.java:logGet(44)) - raft.server.rpc.sleep.time = 25ms (default)
2021-08-14 14:04:01,425 [pool-457-thread-1] INFO  server.RaftServerConfigKeys (ConfUtils.java:logGet(44)) - raft.server.rpc.slowness.timeout = 300s (custom)
2021-08-14 14:04:01,426 [pool-457-thread-1] INFO  server.RaftServerConfigKeys (ConfUtils.java:logGet(44)) - raft.server.leaderelection.leader.step-down.wait-time = 10s (default)
2021-08-14 14:04:01,426 [pool-457-thread-1] INFO  server.RaftServerConfigKeys (ConfUtils.java:logGet(44)) - raft.server.sleep.deviation.threshold = 300ms (default)
2021-08-14 14:04:01,426 [pool-457-thread-1] INFO  server.RaftServerConfigKeys (ConfUtils.java:logGet(44)) - raft.server.log.appender.install.snapshot.enabled = false (custom)
2021-08-14 14:04:01,426 [pool-457-thread-1] INFO  server.RaftServer$Division (ServerState.java:<init>(105)) - 41bdc6fc-f730-460f-b2d8-92157d986a72@group-BCEEFC5FE04E: ConfigurationManager, init=-1: [a3a688a0-b759-42a1-9d42-7ea63bf88025|rpc:10.1.0.16:35273|dataStream:|priority:1, 41bdc6fc-f730-460f-b2d8-92157d986a72|rpc:10.1.0.16:38299|dataStream:|priority:0, e5d3e9d3-1367-47eb-ad7f-372895a70f55|rpc:10.1.0.16:46003|dataStream:|priority:0], old=null, confs=<EMPTY_MAP>
2021-08-14 14:04:01,426 [pool-457-thread-1] INFO  server.RaftServerConfigKeys (ConfUtils.java:logGet(44)) - raft.server.storage.dir = [/home/runner/work/ozone/ozone/hadoop-ozone/integration-test/target/test-dir/MiniOzoneClusterImpl-903ecea8-4fd7-4e9d-96bf-9013ab6d4ae3/datanode-2/data/ratis] (custom)
2021-08-14 14:04:01,426 [pool-457-thread-1] INFO  server.RaftServerConfigKeys (ConfUtils.java:logGet(44)) - raft.server.log.corruption.policy = EXCEPTION (default)
2021-08-14 14:04:01,426 [pool-457-thread-1] INFO  server.RaftServerConfigKeys (ConfUtils.java:logGet(44)) - raft.server.storage.free-space.min = 0MB (=0) (default)
2021-08-14 14:04:01,426 [pool-457-thread-1] INFO  storage.RaftStorageDirectory (RaftStorageDirectoryImpl.java:analyzeStorage(135)) - The storage directory /home/runner/work/ozone/ozone/hadoop-ozone/integration-test/target/test-dir/MiniOzoneClusterImpl-903ecea8-4fd7-4e9d-96bf-9013ab6d4ae3/datanode-2/data/ratis/f66c3a60-01f2-464e-9aeb-bceefc5fe04e does not exist. Creating ...
2021-08-14 14:04:01,433 [pool-457-thread-1] INFO  storage.RaftStorageDirectory (RaftStorageDirectoryImpl.java:tryLock(230)) - Lock on /home/runner/work/ozone/ozone/hadoop-ozone/integration-test/target/test-dir/MiniOzoneClusterImpl-903ecea8-4fd7-4e9d-96bf-9013ab6d4ae3/datanode-2/data/ratis/f66c3a60-01f2-464e-9aeb-bceefc5fe04e/in_use.lock acquired by nodename 29625@fv-az297-666
2021-08-14 14:04:01,437 [pool-457-thread-1] INFO  storage.RaftStorage (RaftStorageImpl.java:format(89)) - Storage directory /home/runner/work/ozone/ozone/hadoop-ozone/integration-test/target/test-dir/MiniOzoneClusterImpl-903ecea8-4fd7-4e9d-96bf-9013ab6d4ae3/datanode-2/data/ratis/f66c3a60-01f2-464e-9aeb-bceefc5fe04e has been successfully formatted.
2021-08-14 14:04:01,438 [pool-457-thread-1] INFO  ratis.ContainerStateMachine (ContainerStateMachine.java:loadSnapshot(225)) - group-BCEEFC5FE04E: The snapshot info is null. Setting the last applied indexto:(t:0, i:~)
2021-08-14 14:04:01,438 [Datanode State Machine Thread - 0] WARN  statemachine.StateContext (StateContext.java:execute(621)) - No available thread in pool for past 0 seconds.
2021-08-14 14:04:01,438 [pool-457-thread-1] INFO  server.RaftServerConfigKeys (ConfUtils.java:logGet(44)) - raft.server.notification.no-leader.timeout = 300s (custom)
2021-08-14 14:04:01,445 [pool-457-thread-1] INFO  server.RaftServerConfigKeys (ConfUtils.java:logGet(44)) - raft.server.log.use.memory = false (default)
2021-08-14 14:04:01,445 [pool-457-thread-1] INFO  server.RaftServerConfigKeys (ConfUtils.java:logGet(44)) - raft.server.log.purge.gap = 1000000 (custom)
2021-08-14 14:04:01,445 [pool-457-thread-1] INFO  server.RaftServerConfigKeys (ConfUtils.java:logGet(44)) - raft.server.log.appender.buffer.byte-limit = 33554432 (custom)
2021-08-14 14:04:01,446 [pool-457-thread-1] INFO  server.RaftServerConfigKeys (ConfUtils.java:logGet(44)) - raft.server.log.segment.size.max = 1048576 (custom)
2021-08-14 14:04:01,446 [pool-457-thread-1] INFO  server.RaftServerConfigKeys (ConfUtils.java:logGet(44)) - raft.server.log.segment.cache.num.max = 2 (custom)
2021-08-14 14:04:01,446 [pool-457-thread-1] INFO  server.RaftServerConfigKeys (ConfUtils.java:logGet(44)) - raft.server.log.segment.cache.size.max = 200MB (=209715200) (default)
2021-08-14 14:04:01,446 [pool-457-thread-1] INFO  segmented.SegmentedRaftLogWorker (SegmentedRaftLogWorker.java:<init>(182)) - new 41bdc6fc-f730-460f-b2d8-92157d986a72@group-BCEEFC5FE04E-SegmentedRaftLogWorker for RaftStorageImpl:Storage Directory /home/runner/work/ozone/ozone/hadoop-ozone/integration-test/target/test-dir/MiniOzoneClusterImpl-903ecea8-4fd7-4e9d-96bf-9013ab6d4ae3/datanode-2/data/ratis/f66c3a60-01f2-464e-9aeb-bceefc5fe04e
2021-08-14 14:04:01,446 [pool-457-thread-1] INFO  server.RaftServerConfigKeys (ConfUtils.java:logGet(44)) - raft.server.log.queue.byte-limit = 2147483647 (custom)
2021-08-14 14:04:01,446 [pool-457-thread-1] INFO  server.RaftServerConfigKeys (ConfUtils.java:logGet(44)) - raft.server.log.queue.element-limit = 1024 (custom)
2021-08-14 14:04:01,446 [pool-457-thread-1] INFO  server.RaftServerConfigKeys (ConfUtils.java:logGet(44)) - raft.server.log.segment.size.max = 1048576 (custom)
2021-08-14 14:04:01,446 [pool-457-thread-1] INFO  server.RaftServerConfigKeys (ConfUtils.java:logGet(44)) - raft.server.log.preallocated.size = 16384 (custom)
2021-08-14 14:04:01,446 [pool-457-thread-1] INFO  server.RaftServerConfigKeys (ConfUtils.java:logGet(44)) - raft.server.log.force.sync.num = 128 (default)
2021-08-14 14:04:01,446 [pool-457-thread-1] INFO  server.RaftServerConfigKeys (ConfUtils.java:logGet(44)) - raft.server.log.statemachine.data.sync = true (default)
2021-08-14 14:04:01,446 [pool-457-thread-1] INFO  server.RaftServerConfigKeys (ConfUtils.java:logGet(44)) - raft.server.log.statemachine.data.sync.timeout = 10s (default)
2021-08-14 14:04:01,446 [pool-457-thread-1] INFO  server.RaftServerConfigKeys (ConfUtils.java:logGet(44)) - raft.server.log.statemachine.data.sync.timeout.retry = -1 (default)
2021-08-14 14:04:01,447 [pool-457-thread-1] INFO  server.RaftServerConfigKeys (ConfUtils.java:logGet(44)) - raft.server.log.write.buffer.size = 1048576 (custom)
2021-08-14 14:04:01,448 [pool-457-thread-1] INFO  server.RaftServerConfigKeys (ConfUtils.java:logGet(44)) - raft.server.log.statemachine.data.caching.enabled = true (custom)
2021-08-14 14:04:01,448 [pool-457-thread-1] INFO  segmented.SegmentedRaftLogWorker (SegmentedRaftLogWorker.java:lambda$new$0(133)) - 41bdc6fc-f730-460f-b2d8-92157d986a72@group-BCEEFC5FE04E-SegmentedRaftLogWorker: flushIndex: setUnconditionally 0 -> -1
2021-08-14 14:04:01,448 [pool-457-thread-1] INFO  segmented.SegmentedRaftLogWorker (SegmentedRaftLogWorker.java:lambda$new$0(133)) - 41bdc6fc-f730-460f-b2d8-92157d986a72@group-BCEEFC5FE04E-SegmentedRaftLogWorker: safeCacheEvictIndex: setUnconditionally 0 -> -1
2021-08-14 14:04:01,465 [pool-457-thread-1] INFO  server.RaftServerConfigKeys (ConfUtils.java:logGet(44)) - raft.server.snapshot.auto.trigger.enabled = true (custom)
2021-08-14 14:04:01,465 [pool-457-thread-1] INFO  server.RaftServerConfigKeys (ConfUtils.java:logGet(44)) - raft.server.snapshot.auto.trigger.threshold = 10000 (custom)
2021-08-14 14:04:01,465 [pool-457-thread-1] INFO  server.RaftServerConfigKeys (ConfUtils.java:logGet(44)) - raft.server.snapshot.retention.file.num = 5 (custom)
2021-08-14 14:04:01,465 [pool-457-thread-1] INFO  server.RaftServerConfigKeys (ConfUtils.java:logGet(44)) - raft.server.log.purge.upto.snapshot.index = false (default)
2021-08-14 14:04:01,465 [pool-457-thread-1] INFO  server.RaftServerConfigKeys (ConfUtils.java:logGet(44)) - raft.server.retrycache.expirytime = 600000ms (custom)
2021-08-14 14:04:01,465 [pool-457-thread-1] INFO  server.RaftServerConfigKeys (ConfUtils.java:logGet(44)) - raft.server.retrycache.statistics.expirytime = 100μs (default)
2021-08-14 14:04:01,475 [pool-457-thread-1] INFO  server.RaftServer$Division (RaftServerImpl.java:start(296)) - 41bdc6fc-f730-460f-b2d8-92157d986a72@group-BCEEFC5FE04E: start as a follower, conf=-1: [a3a688a0-b759-42a1-9d42-7ea63bf88025|rpc:10.1.0.16:35273|dataStream:|priority:1, 41bdc6fc-f730-460f-b2d8-92157d986a72|rpc:10.1.0.16:38299|dataStream:|priority:0, e5d3e9d3-1367-47eb-ad7f-372895a70f55|rpc:10.1.0.16:46003|dataStream:|priority:0], old=null
2021-08-14 14:04:01,476 [pool-457-thread-1] INFO  server.RaftServer$Division (RaftServerImpl.java:setRole(285)) - 41bdc6fc-f730-460f-b2d8-92157d986a72@group-BCEEFC5FE04E: changes role from      null to FOLLOWER at term 0 for startAsFollower
2021-08-14 14:04:01,476 [pool-457-thread-1] INFO  impl.RoleInfo (RoleInfo.java:updateAndGet(130)) - 41bdc6fc-f730-460f-b2d8-92157d986a72: start 41bdc6fc-f730-460f-b2d8-92157d986a72@group-BCEEFC5FE04E-FollowerState
2021-08-14 14:04:01,482 [pool-457-thread-1] INFO  util.JmxRegister (JmxRegister.java:tryRegister(44)) - Successfully registered JMX Bean with object name Ratis:service=RaftServer,group=group-BCEEFC5FE04E,id=41bdc6fc-f730-460f-b2d8-92157d986a72
2021-08-14 14:04:01,509 [Command processor thread] INFO  commandhandler.CreatePipelineCommandHandler (CreatePipelineCommandHandler.java:handle(106)) - Created Pipeline RATIS THREE PipelineID=f66c3a60-01f2-464e-9aeb-bceefc5fe04e.
2021-08-14 14:04:01,515 [Listener at 127.0.0.1/32925] INFO  ozone.MiniOzoneClusterImpl (MiniOzoneClusterImpl.java:lambda$waitForClusterToBeReady$0(235)) - Nodes are ready. Got 3 of 3 DN Heartbeats.
2021-08-14 14:04:01,515 [Listener at 127.0.0.1/32925] INFO  ozone.MiniOzoneClusterImpl (MiniOzoneClusterImpl.java:lambda$waitForClusterToBeReady$0(238)) - Waiting for cluster to exit safe mode
2021-08-14 14:04:01,515 [Listener at 127.0.0.1/32925] INFO  ozone.MiniOzoneClusterImpl (MiniOzoneClusterImpl.java:lambda$waitForClusterToBeReady$0(240)) - SCM became leader
2021-08-14 14:04:02,517 [Listener at 127.0.0.1/32925] INFO  ozone.MiniOzoneClusterImpl (MiniOzoneClusterImpl.java:lambda$waitForClusterToBeReady$0(235)) - Nodes are ready. Got 3 of 3 DN Heartbeats.
2021-08-14 14:04:02,517 [Listener at 127.0.0.1/32925] INFO  ozone.MiniOzoneClusterImpl (MiniOzoneClusterImpl.java:lambda$waitForClusterToBeReady$0(238)) - Waiting for cluster to exit safe mode
2021-08-14 14:04:02,518 [Listener at 127.0.0.1/32925] INFO  ozone.MiniOzoneClusterImpl (MiniOzoneClusterImpl.java:lambda$waitForClusterToBeReady$0(240)) - SCM became leader
2021-08-14 14:04:03,518 [Listener at 127.0.0.1/32925] INFO  ozone.MiniOzoneClusterImpl (MiniOzoneClusterImpl.java:lambda$waitForClusterToBeReady$0(235)) - Nodes are ready. Got 3 of 3 DN Heartbeats.
2021-08-14 14:04:03,518 [Listener at 127.0.0.1/32925] INFO  ozone.MiniOzoneClusterImpl (MiniOzoneClusterImpl.java:lambda$waitForClusterToBeReady$0(238)) - Waiting for cluster to exit safe mode
2021-08-14 14:04:03,518 [Listener at 127.0.0.1/32925] INFO  ozone.MiniOzoneClusterImpl (MiniOzoneClusterImpl.java:lambda$waitForClusterToBeReady$0(240)) - SCM became leader
2021-08-14 14:04:04,518 [Listener at 127.0.0.1/32925] INFO  ozone.MiniOzoneClusterImpl (MiniOzoneClusterImpl.java:lambda$waitForClusterToBeReady$0(235)) - Nodes are ready. Got 3 of 3 DN Heartbeats.
2021-08-14 14:04:04,519 [Listener at 127.0.0.1/32925] INFO  ozone.MiniOzoneClusterImpl (MiniOzoneClusterImpl.java:lambda$waitForClusterToBeReady$0(238)) - Waiting for cluster to exit safe mode
2021-08-14 14:04:04,519 [Listener at 127.0.0.1/32925] INFO  ozone.MiniOzoneClusterImpl (MiniOzoneClusterImpl.java:lambda$waitForClusterToBeReady$0(240)) - SCM became leader
2021-08-14 14:04:05,519 [Listener at 127.0.0.1/32925] INFO  ozone.MiniOzoneClusterImpl (MiniOzoneClusterImpl.java:lambda$waitForClusterToBeReady$0(235)) - Nodes are ready. Got 3 of 3 DN Heartbeats.
2021-08-14 14:04:05,519 [Listener at 127.0.0.1/32925] INFO  ozone.MiniOzoneClusterImpl (MiniOzoneClusterImpl.java:lambda$waitForClusterToBeReady$0(238)) - Waiting for cluster to exit safe mode
2021-08-14 14:04:05,519 [Listener at 127.0.0.1/32925] INFO  ozone.MiniOzoneClusterImpl (MiniOzoneClusterImpl.java:lambda$waitForClusterToBeReady$0(240)) - SCM became leader
2021-08-14 14:04:06,370 [e5d3e9d3-1367-47eb-ad7f-372895a70f55@group-BCEEFC5FE04E-FollowerState] INFO  impl.FollowerState (FollowerState.java:run(134)) - e5d3e9d3-1367-47eb-ad7f-372895a70f55@group-BCEEFC5FE04E-FollowerState: change to CANDIDATE, lastRpcElapsedTime:5048333732ns, electionTimeout:5028ms
2021-08-14 14:04:06,370 [e5d3e9d3-1367-47eb-ad7f-372895a70f55@group-BCEEFC5FE04E-FollowerState] INFO  impl.RoleInfo (RoleInfo.java:shutdownFollowerState(108)) - e5d3e9d3-1367-47eb-ad7f-372895a70f55: shutdown e5d3e9d3-1367-47eb-ad7f-372895a70f55@group-BCEEFC5FE04E-FollowerState
2021-08-14 14:04:06,370 [e5d3e9d3-1367-47eb-ad7f-372895a70f55@group-BCEEFC5FE04E-FollowerState] INFO  server.RaftServer$Division (RaftServerImpl.java:setRole(285)) - e5d3e9d3-1367-47eb-ad7f-372895a70f55@group-BCEEFC5FE04E: changes role from  FOLLOWER to CANDIDATE at term 0 for changeToCandidate
2021-08-14 14:04:06,370 [e5d3e9d3-1367-47eb-ad7f-372895a70f55@group-BCEEFC5FE04E-FollowerState] INFO  server.RaftServerConfigKeys (ConfUtils.java:logGet(44)) - raft.server.leaderelection.pre-vote = false (custom)
2021-08-14 14:04:06,370 [e5d3e9d3-1367-47eb-ad7f-372895a70f55@group-BCEEFC5FE04E-FollowerState] INFO  impl.RoleInfo (RoleInfo.java:updateAndGet(130)) - e5d3e9d3-1367-47eb-ad7f-372895a70f55: start e5d3e9d3-1367-47eb-ad7f-372895a70f55@group-BCEEFC5FE04E-LeaderElection11
2021-08-14 14:04:06,371 [a3a688a0-b759-42a1-9d42-7ea63bf88025@group-BCEEFC5FE04E-FollowerState] INFO  impl.FollowerState (FollowerState.java:run(134)) - a3a688a0-b759-42a1-9d42-7ea63bf88025@group-BCEEFC5FE04E-FollowerState: change to CANDIDATE, lastRpcElapsedTime:5159522318ns, electionTimeout:5148ms
2021-08-14 14:04:06,371 [a3a688a0-b759-42a1-9d42-7ea63bf88025@group-BCEEFC5FE04E-FollowerState] INFO  impl.RoleInfo (RoleInfo.java:shutdownFollowerState(108)) - a3a688a0-b759-42a1-9d42-7ea63bf88025: shutdown a3a688a0-b759-42a1-9d42-7ea63bf88025@group-BCEEFC5FE04E-FollowerState
2021-08-14 14:04:06,371 [a3a688a0-b759-42a1-9d42-7ea63bf88025@group-BCEEFC5FE04E-FollowerState] INFO  server.RaftServer$Division (RaftServerImpl.java:setRole(285)) - a3a688a0-b759-42a1-9d42-7ea63bf88025@group-BCEEFC5FE04E: changes role from  FOLLOWER to CANDIDATE at term 0 for changeToCandidate
2021-08-14 14:04:06,374 [a3a688a0-b759-42a1-9d42-7ea63bf88025@group-BCEEFC5FE04E-FollowerState] INFO  server.RaftServerConfigKeys (ConfUtils.java:logGet(44)) - raft.server.leaderelection.pre-vote = false (custom)
2021-08-14 14:04:06,374 [a3a688a0-b759-42a1-9d42-7ea63bf88025@group-BCEEFC5FE04E-FollowerState] INFO  impl.RoleInfo (RoleInfo.java:updateAndGet(130)) - a3a688a0-b759-42a1-9d42-7ea63bf88025: start a3a688a0-b759-42a1-9d42-7ea63bf88025@group-BCEEFC5FE04E-LeaderElection12
2021-08-14 14:04:06,393 [e5d3e9d3-1367-47eb-ad7f-372895a70f55@group-BCEEFC5FE04E-LeaderElection11] INFO  impl.LeaderElection (LeaderElection.java:askForVotes(306)) - e5d3e9d3-1367-47eb-ad7f-372895a70f55@group-BCEEFC5FE04E-LeaderElection11 ELECTION round 0: submit vote requests at term 1 for -1: [a3a688a0-b759-42a1-9d42-7ea63bf88025|rpc:10.1.0.16:35273|dataStream:|priority:1, 41bdc6fc-f730-460f-b2d8-92157d986a72|rpc:10.1.0.16:38299|dataStream:|priority:0, e5d3e9d3-1367-47eb-ad7f-372895a70f55|rpc:10.1.0.16:46003|dataStream:|priority:0], old=null
2021-08-14 14:04:06,414 [grpc-default-executor-3] INFO  server.RaftServer$Division (RaftServerImpl.java:requestVote(1043)) - a3a688a0-b759-42a1-9d42-7ea63bf88025@group-BCEEFC5FE04E: receive requestVote(ELECTION, e5d3e9d3-1367-47eb-ad7f-372895a70f55, group-BCEEFC5FE04E, 1, (t:0, i:0))
2021-08-14 14:04:06,416 [grpc-default-executor-3] INFO  impl.VoteContext (VoteContext.java:log(48)) - a3a688a0-b759-42a1-9d42-7ea63bf88025@group-BCEEFC5FE04E-CANDIDATE: reject ELECTION from e5d3e9d3-1367-47eb-ad7f-372895a70f55: already has voted for a3a688a0-b759-42a1-9d42-7ea63bf88025 at current term 1
2021-08-14 14:04:06,416 [a3a688a0-b759-42a1-9d42-7ea63bf88025@group-BCEEFC5FE04E-LeaderElection12] INFO  impl.LeaderElection (LeaderElection.java:askForVotes(306)) - a3a688a0-b759-42a1-9d42-7ea63bf88025@group-BCEEFC5FE04E-LeaderElection12 ELECTION round 0: submit vote requests at term 1 for -1: [a3a688a0-b759-42a1-9d42-7ea63bf88025|rpc:10.1.0.16:35273|priority:1, 41bdc6fc-f730-460f-b2d8-92157d986a72|rpc:10.1.0.16:38299|priority:0, e5d3e9d3-1367-47eb-ad7f-372895a70f55|rpc:10.1.0.16:46003|priority:0], old=null
2021-08-14 14:04:06,426 [grpc-default-executor-3] INFO  server.RaftServer$Division (RaftServerImpl.java:requestVote(1075)) - a3a688a0-b759-42a1-9d42-7ea63bf88025@group-BCEEFC5FE04E replies to ELECTION vote request: e5d3e9d3-1367-47eb-ad7f-372895a70f55<-a3a688a0-b759-42a1-9d42-7ea63bf88025#0:FAIL-t1. Peer's state: a3a688a0-b759-42a1-9d42-7ea63bf88025@group-BCEEFC5FE04E:t1, leader=null, voted=a3a688a0-b759-42a1-9d42-7ea63bf88025, raftlog=a3a688a0-b759-42a1-9d42-7ea63bf88025@group-BCEEFC5FE04E-SegmentedRaftLog:OPENED:c-1,f-1,i0, conf=-1: [a3a688a0-b759-42a1-9d42-7ea63bf88025|rpc:10.1.0.16:35273|priority:1, 41bdc6fc-f730-460f-b2d8-92157d986a72|rpc:10.1.0.16:38299|priority:0, e5d3e9d3-1367-47eb-ad7f-372895a70f55|rpc:10.1.0.16:46003|priority:0], old=null
2021-08-14 14:04:06,427 [e5d3e9d3-1367-47eb-ad7f-372895a70f55@group-BCEEFC5FE04E-LeaderElection11] INFO  impl.LeaderElection (LeaderElection.java:logAndReturn(89)) - e5d3e9d3-1367-47eb-ad7f-372895a70f55@group-BCEEFC5FE04E-LeaderElection11: ELECTION REJECTED received 1 response(s) and 0 exception(s):
2021-08-14 14:04:06,428 [e5d3e9d3-1367-47eb-ad7f-372895a70f55@group-BCEEFC5FE04E-LeaderElection11] INFO  impl.LeaderElection (LeaderElection.java:logAndReturn(93)) -   Response 0: e5d3e9d3-1367-47eb-ad7f-372895a70f55<-a3a688a0-b759-42a1-9d42-7ea63bf88025#0:FAIL-t1
2021-08-14 14:04:06,428 [e5d3e9d3-1367-47eb-ad7f-372895a70f55@group-BCEEFC5FE04E-LeaderElection11] INFO  impl.LeaderElection (LeaderElection.java:askForVotes(308)) - e5d3e9d3-1367-47eb-ad7f-372895a70f55@group-BCEEFC5FE04E-LeaderElection11 ELECTION round 0: result REJECTED
2021-08-14 14:04:06,428 [e5d3e9d3-1367-47eb-ad7f-372895a70f55@group-BCEEFC5FE04E-LeaderElection11] INFO  server.RaftServer$Division (RaftServerImpl.java:setRole(285)) - e5d3e9d3-1367-47eb-ad7f-372895a70f55@group-BCEEFC5FE04E: changes role from CANDIDATE to FOLLOWER at term 1 for REJECTED
2021-08-14 14:04:06,428 [e5d3e9d3-1367-47eb-ad7f-372895a70f55@group-BCEEFC5FE04E-LeaderElection11] INFO  impl.RoleInfo (RoleInfo.java:shutdownLeaderElection(121)) - e5d3e9d3-1367-47eb-ad7f-372895a70f55: shutdown e5d3e9d3-1367-47eb-ad7f-372895a70f55@group-BCEEFC5FE04E-LeaderElection11
2021-08-14 14:04:06,428 [e5d3e9d3-1367-47eb-ad7f-372895a70f55@group-BCEEFC5FE04E-LeaderElection11] INFO  impl.RoleInfo (RoleInfo.java:updateAndGet(130)) - e5d3e9d3-1367-47eb-ad7f-372895a70f55: start e5d3e9d3-1367-47eb-ad7f-372895a70f55@group-BCEEFC5FE04E-FollowerState
2021-08-14 14:04:06,442 [grpc-default-executor-4] INFO  server.RaftServer$Division (RaftServerImpl.java:requestVote(1043)) - 41bdc6fc-f730-460f-b2d8-92157d986a72@group-BCEEFC5FE04E: receive requestVote(ELECTION, e5d3e9d3-1367-47eb-ad7f-372895a70f55, group-BCEEFC5FE04E, 1, (t:0, i:0))
2021-08-14 14:04:06,443 [grpc-default-executor-4] INFO  impl.VoteContext (VoteContext.java:log(48)) - 41bdc6fc-f730-460f-b2d8-92157d986a72@group-BCEEFC5FE04E-FOLLOWER: accept ELECTION from e5d3e9d3-1367-47eb-ad7f-372895a70f55: our priority 0 <= candidate's priority 0
2021-08-14 14:04:06,444 [grpc-default-executor-4] INFO  server.RaftServer$Division (RaftServerImpl.java:setRole(285)) - 41bdc6fc-f730-460f-b2d8-92157d986a72@group-BCEEFC5FE04E: changes role from  FOLLOWER to FOLLOWER at term 1 for candidate:e5d3e9d3-1367-47eb-ad7f-372895a70f55
2021-08-14 14:04:06,444 [grpc-default-executor-4] INFO  impl.RoleInfo (RoleInfo.java:shutdownFollowerState(108)) - 41bdc6fc-f730-460f-b2d8-92157d986a72: shutdown 41bdc6fc-f730-460f-b2d8-92157d986a72@group-BCEEFC5FE04E-FollowerState
2021-08-14 14:04:06,444 [grpc-default-executor-4] INFO  impl.RoleInfo (RoleInfo.java:updateAndGet(130)) - 41bdc6fc-f730-460f-b2d8-92157d986a72: start 41bdc6fc-f730-460f-b2d8-92157d986a72@group-BCEEFC5FE04E-FollowerState
2021-08-14 14:04:06,444 [41bdc6fc-f730-460f-b2d8-92157d986a72@group-BCEEFC5FE04E-FollowerState] INFO  impl.FollowerState (FollowerState.java:run(143)) - 41bdc6fc-f730-460f-b2d8-92157d986a72@group-BCEEFC5FE04E-FollowerState was interrupted: {}
java.lang.InterruptedException: sleep interrupted
	at java.lang.Thread.sleep(Native Method)
	at java.lang.Thread.sleep(Thread.java:340)
	at java.util.concurrent.TimeUnit.sleep(TimeUnit.java:386)
	at org.apache.ratis.util.TimeDuration.sleep(TimeDuration.java:324)
	at org.apache.ratis.util.TimeDuration.sleep(TimeDuration.java:309)
	at org.apache.ratis.server.impl.FollowerState.run(FollowerState.java:118)
2021-08-14 14:04:06,455 [grpc-default-executor-1] INFO  server.RaftServer$Division (RaftServerImpl.java:requestVote(1043)) - 41bdc6fc-f730-460f-b2d8-92157d986a72@group-BCEEFC5FE04E: receive requestVote(ELECTION, a3a688a0-b759-42a1-9d42-7ea63bf88025, group-BCEEFC5FE04E, 1, (t:0, i:0))
2021-08-14 14:04:06,461 [grpc-default-executor-4] INFO  server.RaftServer$Division (RaftServerImpl.java:requestVote(1075)) - 41bdc6fc-f730-460f-b2d8-92157d986a72@group-BCEEFC5FE04E replies to ELECTION vote request: e5d3e9d3-1367-47eb-ad7f-372895a70f55<-41bdc6fc-f730-460f-b2d8-92157d986a72#0:OK-t1. Peer's state: 41bdc6fc-f730-460f-b2d8-92157d986a72@group-BCEEFC5FE04E:t1, leader=null, voted=e5d3e9d3-1367-47eb-ad7f-372895a70f55, raftlog=41bdc6fc-f730-460f-b2d8-92157d986a72@group-BCEEFC5FE04E-SegmentedRaftLog:OPENED:c-1,f-1,i0, conf=-1: [a3a688a0-b759-42a1-9d42-7ea63bf88025|rpc:10.1.0.16:35273|dataStream:|priority:1, 41bdc6fc-f730-460f-b2d8-92157d986a72|rpc:10.1.0.16:38299|dataStream:|priority:0, e5d3e9d3-1367-47eb-ad7f-372895a70f55|rpc:10.1.0.16:46003|dataStream:|priority:0], old=null
2021-08-14 14:04:06,461 [grpc-default-executor-1] INFO  impl.VoteContext (VoteContext.java:log(48)) - 41bdc6fc-f730-460f-b2d8-92157d986a72@group-BCEEFC5FE04E-FOLLOWER: reject ELECTION from a3a688a0-b759-42a1-9d42-7ea63bf88025: already has voted for e5d3e9d3-1367-47eb-ad7f-372895a70f55 at current term 1
2021-08-14 14:04:06,461 [grpc-default-executor-1] INFO  server.RaftServer$Division (RaftServerImpl.java:requestVote(1075)) - 41bdc6fc-f730-460f-b2d8-92157d986a72@group-BCEEFC5FE04E replies to ELECTION vote request: a3a688a0-b759-42a1-9d42-7ea63bf88025<-41bdc6fc-f730-460f-b2d8-92157d986a72#0:FAIL-t1. Peer's state: 41bdc6fc-f730-460f-b2d8-92157d986a72@group-BCEEFC5FE04E:t1, leader=null, voted=e5d3e9d3-1367-47eb-ad7f-372895a70f55, raftlog=41bdc6fc-f730-460f-b2d8-92157d986a72@group-BCEEFC5FE04E-SegmentedRaftLog:OPENED:c-1,f-1,i0, conf=-1: [a3a688a0-b759-42a1-9d42-7ea63bf88025|rpc:10.1.0.16:35273|dataStream:|priority:1, 41bdc6fc-f730-460f-b2d8-92157d986a72|rpc:10.1.0.16:38299|dataStream:|priority:0, e5d3e9d3-1367-47eb-ad7f-372895a70f55|rpc:10.1.0.16:46003|dataStream:|priority:0], old=null
2021-08-14 14:04:06,502 [grpc-default-executor-1] INFO  server.RaftServer$Division (RaftServerImpl.java:requestVote(1043)) - e5d3e9d3-1367-47eb-ad7f-372895a70f55@group-BCEEFC5FE04E: receive requestVote(ELECTION, a3a688a0-b759-42a1-9d42-7ea63bf88025, group-BCEEFC5FE04E, 1, (t:0, i:0))
2021-08-14 14:04:06,503 [grpc-default-executor-1] INFO  impl.VoteContext (VoteContext.java:log(48)) - e5d3e9d3-1367-47eb-ad7f-372895a70f55@group-BCEEFC5FE04E-FOLLOWER: reject ELECTION from a3a688a0-b759-42a1-9d42-7ea63bf88025: already has voted for e5d3e9d3-1367-47eb-ad7f-372895a70f55 at current term 1
2021-08-14 14:04:06,503 [grpc-default-executor-1] INFO  server.RaftServer$Division (RaftServerImpl.java:requestVote(1075)) - e5d3e9d3-1367-47eb-ad7f-372895a70f55@group-BCEEFC5FE04E replies to ELECTION vote request: a3a688a0-b759-42a1-9d42-7ea63bf88025<-e5d3e9d3-1367-47eb-ad7f-372895a70f55#0:FAIL-t1. Peer's state: e5d3e9d3-1367-47eb-ad7f-372895a70f55@group-BCEEFC5FE04E:t1, leader=null, voted=e5d3e9d3-1367-47eb-ad7f-372895a70f55, raftlog=e5d3e9d3-1367-47eb-ad7f-372895a70f55@group-BCEEFC5FE04E-SegmentedRaftLog:OPENED:c-1,f-1,i0, conf=-1: [a3a688a0-b759-42a1-9d42-7ea63bf88025|rpc:10.1.0.16:35273|dataStream:|priority:1, 41bdc6fc-f730-460f-b2d8-92157d986a72|rpc:10.1.0.16:38299|dataStream:|priority:0, e5d3e9d3-1367-47eb-ad7f-372895a70f55|rpc:10.1.0.16:46003|dataStream:|priority:0], old=null
2021-08-14 14:04:06,506 [a3a688a0-b759-42a1-9d42-7ea63bf88025@group-BCEEFC5FE04E-LeaderElection12] INFO  impl.LeaderElection (LeaderElection.java:logAndReturn(89)) - a3a688a0-b759-42a1-9d42-7ea63bf88025@group-BCEEFC5FE04E-LeaderElection12: ELECTION REJECTED received 2 response(s) and 0 exception(s):
2021-08-14 14:04:06,510 [a3a688a0-b759-42a1-9d42-7ea63bf88025@group-BCEEFC5FE04E-LeaderElection12] INFO  impl.LeaderElection (LeaderElection.java:logAndReturn(93)) -   Response 0: a3a688a0-b759-42a1-9d42-7ea63bf88025<-41bdc6fc-f730-460f-b2d8-92157d986a72#0:FAIL-t1
2021-08-14 14:04:06,510 [a3a688a0-b759-42a1-9d42-7ea63bf88025@group-BCEEFC5FE04E-LeaderElection12] INFO  impl.LeaderElection (LeaderElection.java:logAndReturn(93)) -   Response 1: a3a688a0-b759-42a1-9d42-7ea63bf88025<-e5d3e9d3-1367-47eb-ad7f-372895a70f55#0:FAIL-t1
2021-08-14 14:04:06,510 [a3a688a0-b759-42a1-9d42-7ea63bf88025@group-BCEEFC5FE04E-LeaderElection12] INFO  impl.LeaderElection (LeaderElection.java:askForVotes(308)) - a3a688a0-b759-42a1-9d42-7ea63bf88025@group-BCEEFC5FE04E-LeaderElection12 ELECTION round 0: result REJECTED
2021-08-14 14:04:06,510 [a3a688a0-b759-42a1-9d42-7ea63bf88025@group-BCEEFC5FE04E-LeaderElection12] INFO  server.RaftServer$Division (RaftServerImpl.java:setRole(285)) - a3a688a0-b759-42a1-9d42-7ea63bf88025@group-BCEEFC5FE04E: changes role from CANDIDATE to FOLLOWER at term 1 for REJECTED
2021-08-14 14:04:06,510 [a3a688a0-b759-42a1-9d42-7ea63bf88025@group-BCEEFC5FE04E-LeaderElection12] INFO  impl.RoleInfo (RoleInfo.java:shutdownLeaderElection(121)) - a3a688a0-b759-42a1-9d42-7ea63bf88025: shutdown a3a688a0-b759-42a1-9d42-7ea63bf88025@group-BCEEFC5FE04E-LeaderElection12
2021-08-14 14:04:06,510 [a3a688a0-b759-42a1-9d42-7ea63bf88025@group-BCEEFC5FE04E-LeaderElection12] INFO  impl.RoleInfo (RoleInfo.java:updateAndGet(130)) - a3a688a0-b759-42a1-9d42-7ea63bf88025: start a3a688a0-b759-42a1-9d42-7ea63bf88025@group-BCEEFC5FE04E-FollowerState
2021-08-14 14:04:06,535 [Listener at 127.0.0.1/32925] INFO  ozone.MiniOzoneClusterImpl (MiniOzoneClusterImpl.java:lambda$waitForClusterToBeReady$0(235)) - Nodes are ready. Got 3 of 3 DN Heartbeats.
2021-08-14 14:04:06,535 [Listener at 127.0.0.1/32925] INFO  ozone.MiniOzoneClusterImpl (MiniOzoneClusterImpl.java:lambda$waitForClusterToBeReady$0(238)) - Waiting for cluster to exit safe mode
2021-08-14 14:04:06,535 [Listener at 127.0.0.1/32925] INFO  ozone.MiniOzoneClusterImpl (MiniOzoneClusterImpl.java:lambda$waitForClusterToBeReady$0(240)) - SCM became leader
2021-08-14 14:04:07,540 [Listener at 127.0.0.1/32925] INFO  ozone.MiniOzoneClusterImpl (MiniOzoneClusterImpl.java:lambda$waitForClusterToBeReady$0(235)) - Nodes are ready. Got 3 of 3 DN Heartbeats.
2021-08-14 14:04:07,541 [Listener at 127.0.0.1/32925] INFO  ozone.MiniOzoneClusterImpl (MiniOzoneClusterImpl.java:lambda$waitForClusterToBeReady$0(238)) - Waiting for cluster to exit safe mode
2021-08-14 14:04:07,541 [Listener at 127.0.0.1/32925] INFO  ozone.MiniOzoneClusterImpl (MiniOzoneClusterImpl.java:lambda$waitForClusterToBeReady$0(240)) - SCM became leader
2021-08-14 14:04:08,541 [Listener at 127.0.0.1/32925] INFO  ozone.MiniOzoneClusterImpl (MiniOzoneClusterImpl.java:lambda$waitForClusterToBeReady$0(235)) - Nodes are ready. Got 3 of 3 DN Heartbeats.
2021-08-14 14:04:08,541 [Listener at 127.0.0.1/32925] INFO  ozone.MiniOzoneClusterImpl (MiniOzoneClusterImpl.java:lambda$waitForClusterToBeReady$0(238)) - Waiting for cluster to exit safe mode
2021-08-14 14:04:08,541 [Listener at 127.0.0.1/32925] INFO  ozone.MiniOzoneClusterImpl (MiniOzoneClusterImpl.java:lambda$waitForClusterToBeReady$0(240)) - SCM became leader
2021-08-14 14:04:09,541 [Listener at 127.0.0.1/32925] INFO  ozone.MiniOzoneClusterImpl (MiniOzoneClusterImpl.java:lambda$waitForClusterToBeReady$0(235)) - Nodes are ready. Got 3 of 3 DN Heartbeats.
2021-08-14 14:04:09,542 [Listener at 127.0.0.1/32925] INFO  ozone.MiniOzoneClusterImpl (MiniOzoneClusterImpl.java:lambda$waitForClusterToBeReady$0(238)) - Waiting for cluster to exit safe mode
2021-08-14 14:04:09,542 [Listener at 127.0.0.1/32925] INFO  ozone.MiniOzoneClusterImpl (MiniOzoneClusterImpl.java:lambda$waitForClusterToBeReady$0(240)) - SCM became leader
2021-08-14 14:04:10,542 [Listener at 127.0.0.1/32925] INFO  ozone.MiniOzoneClusterImpl (MiniOzoneClusterImpl.java:lambda$waitForClusterToBeReady$0(235)) - Nodes are ready. Got 3 of 3 DN Heartbeats.
2021-08-14 14:04:10,543 [Listener at 127.0.0.1/32925] INFO  ozone.MiniOzoneClusterImpl (MiniOzoneClusterImpl.java:lambda$waitForClusterToBeReady$0(238)) - Waiting for cluster to exit safe mode
2021-08-14 14:04:10,543 [Listener at 127.0.0.1/32925] INFO  ozone.MiniOzoneClusterImpl (MiniOzoneClusterImpl.java:lambda$waitForClusterToBeReady$0(240)) - SCM became leader
2021-08-14 14:04:11,544 [Listener at 127.0.0.1/32925] INFO  ozone.MiniOzoneClusterImpl (MiniOzoneClusterImpl.java:lambda$waitForClusterToBeReady$0(235)) - Nodes are ready. Got 3 of 3 DN Heartbeats.
2021-08-14 14:04:11,544 [Listener at 127.0.0.1/32925] INFO  ozone.MiniOzoneClusterImpl (MiniOzoneClusterImpl.java:lambda$waitForClusterToBeReady$0(238)) - Waiting for cluster to exit safe mode
2021-08-14 14:04:11,544 [Listener at 127.0.0.1/32925] INFO  ozone.MiniOzoneClusterImpl (MiniOzoneClusterImpl.java:lambda$waitForClusterToBeReady$0(240)) - SCM became leader
2021-08-14 14:04:11,566 [41bdc6fc-f730-460f-b2d8-92157d986a72@group-BCEEFC5FE04E-FollowerState] INFO  impl.FollowerState (FollowerState.java:run(134)) - 41bdc6fc-f730-460f-b2d8-92157d986a72@group-BCEEFC5FE04E-FollowerState: change to CANDIDATE, lastRpcElapsedTime:5105058935ns, electionTimeout:5086ms
2021-08-14 14:04:11,566 [41bdc6fc-f730-460f-b2d8-92157d986a72@group-BCEEFC5FE04E-FollowerState] INFO  impl.RoleInfo (RoleInfo.java:shutdownFollowerState(108)) - 41bdc6fc-f730-460f-b2d8-92157d986a72: shutdown 41bdc6fc-f730-460f-b2d8-92157d986a72@group-BCEEFC5FE04E-FollowerState
2021-08-14 14:04:11,566 [41bdc6fc-f730-460f-b2d8-92157d986a72@group-BCEEFC5FE04E-FollowerState] INFO  server.RaftServer$Division (RaftServerImpl.java:setRole(285)) - 41bdc6fc-f730-460f-b2d8-92157d986a72@group-BCEEFC5FE04E: changes role from  FOLLOWER to CANDIDATE at term 1 for changeToCandidate
2021-08-14 14:04:11,566 [41bdc6fc-f730-460f-b2d8-92157d986a72@group-BCEEFC5FE04E-FollowerState] INFO  server.RaftServerConfigKeys (ConfUtils.java:logGet(44)) - raft.server.leaderelection.pre-vote = false (custom)
2021-08-14 14:04:11,566 [41bdc6fc-f730-460f-b2d8-92157d986a72@group-BCEEFC5FE04E-FollowerState] INFO  impl.RoleInfo (RoleInfo.java:updateAndGet(130)) - 41bdc6fc-f730-460f-b2d8-92157d986a72: start 41bdc6fc-f730-460f-b2d8-92157d986a72@group-BCEEFC5FE04E-LeaderElection13
2021-08-14 14:04:11,597 [41bdc6fc-f730-460f-b2d8-92157d986a72@group-BCEEFC5FE04E-LeaderElection13] INFO  impl.LeaderElection (LeaderElection.java:askForVotes(306)) - 41bdc6fc-f730-460f-b2d8-92157d986a72@group-BCEEFC5FE04E-LeaderElection13 ELECTION round 0: submit vote requests at term 2 for -1: [a3a688a0-b759-42a1-9d42-7ea63bf88025|rpc:10.1.0.16:35273|dataStream:|priority:1, 41bdc6fc-f730-460f-b2d8-92157d986a72|rpc:10.1.0.16:38299|dataStream:|priority:0, e5d3e9d3-1367-47eb-ad7f-372895a70f55|rpc:10.1.0.16:46003|dataStream:|priority:0], old=null
2021-08-14 14:04:11,626 [grpc-default-executor-1] INFO  server.RaftServer$Division (RaftServerImpl.java:requestVote(1043)) - a3a688a0-b759-42a1-9d42-7ea63bf88025@group-BCEEFC5FE04E: receive requestVote(ELECTION, 41bdc6fc-f730-460f-b2d8-92157d986a72, group-BCEEFC5FE04E, 2, (t:0, i:0))
2021-08-14 14:04:11,626 [grpc-default-executor-1] INFO  impl.VoteContext (VoteContext.java:log(48)) - a3a688a0-b759-42a1-9d42-7ea63bf88025@group-BCEEFC5FE04E-FOLLOWER: reject ELECTION from 41bdc6fc-f730-460f-b2d8-92157d986a72: our priority 1 > candidate's priority 0
2021-08-14 14:04:11,626 [grpc-default-executor-1] INFO  server.RaftServer$Division (RaftServerImpl.java:setRole(285)) - a3a688a0-b759-42a1-9d42-7ea63bf88025@group-BCEEFC5FE04E: changes role from  FOLLOWER to FOLLOWER at term 2 for candidate:41bdc6fc-f730-460f-b2d8-92157d986a72
2021-08-14 14:04:11,626 [grpc-default-executor-1] INFO  impl.RoleInfo (RoleInfo.java:shutdownFollowerState(108)) - a3a688a0-b759-42a1-9d42-7ea63bf88025: shutdown a3a688a0-b759-42a1-9d42-7ea63bf88025@group-BCEEFC5FE04E-FollowerState
2021-08-14 14:04:11,626 [grpc-default-executor-1] INFO  impl.RoleInfo (RoleInfo.java:updateAndGet(130)) - a3a688a0-b759-42a1-9d42-7ea63bf88025: start a3a688a0-b759-42a1-9d42-7ea63bf88025@group-BCEEFC5FE04E-FollowerState
2021-08-14 14:04:11,626 [a3a688a0-b759-42a1-9d42-7ea63bf88025@group-BCEEFC5FE04E-FollowerState] INFO  impl.FollowerState (FollowerState.java:run(143)) - a3a688a0-b759-42a1-9d42-7ea63bf88025@group-BCEEFC5FE04E-FollowerState was interrupted: {}
java.lang.InterruptedException: sleep interrupted
	at java.lang.Thread.sleep(Native Method)
	at java.lang.Thread.sleep(Thread.java:340)
	at java.util.concurrent.TimeUnit.sleep(TimeUnit.java:386)
	at org.apache.ratis.util.TimeDuration.sleep(TimeDuration.java:324)
	at org.apache.ratis.util.TimeDuration.sleep(TimeDuration.java:309)
	at org.apache.ratis.server.impl.FollowerState.run(FollowerState.java:118)
2021-08-14 14:04:11,636 [grpc-default-executor-1] INFO  server.RaftServer$Division (RaftServerImpl.java:requestVote(1075)) - a3a688a0-b759-42a1-9d42-7ea63bf88025@group-BCEEFC5FE04E replies to ELECTION vote request: 41bdc6fc-f730-460f-b2d8-92157d986a72<-a3a688a0-b759-42a1-9d42-7ea63bf88025#0:FAIL-t2. Peer's state: a3a688a0-b759-42a1-9d42-7ea63bf88025@group-BCEEFC5FE04E:t2, leader=null, voted=null, raftlog=a3a688a0-b759-42a1-9d42-7ea63bf88025@group-BCEEFC5FE04E-SegmentedRaftLog:OPENED:c-1,f-1,i0, conf=-1: [a3a688a0-b759-42a1-9d42-7ea63bf88025|rpc:10.1.0.16:35273|priority:1, 41bdc6fc-f730-460f-b2d8-92157d986a72|rpc:10.1.0.16:38299|priority:0, e5d3e9d3-1367-47eb-ad7f-372895a70f55|rpc:10.1.0.16:46003|priority:0], old=null
2021-08-14 14:04:11,645 [41bdc6fc-f730-460f-b2d8-92157d986a72@group-BCEEFC5FE04E-LeaderElection13] INFO  impl.LeaderElection (LeaderElection.java:logAndReturn(89)) - 41bdc6fc-f730-460f-b2d8-92157d986a72@group-BCEEFC5FE04E-LeaderElection13: ELECTION REJECTED received 1 response(s) and 0 exception(s):
2021-08-14 14:04:11,645 [41bdc6fc-f730-460f-b2d8-92157d986a72@group-BCEEFC5FE04E-LeaderElection13] INFO  impl.LeaderElection (LeaderElection.java:logAndReturn(93)) -   Response 0: 41bdc6fc-f730-460f-b2d8-92157d986a72<-a3a688a0-b759-42a1-9d42-7ea63bf88025#0:FAIL-t2
2021-08-14 14:04:11,645 [41bdc6fc-f730-460f-b2d8-92157d986a72@group-BCEEFC5FE04E-LeaderElection13] INFO  impl.LeaderElection (LeaderElection.java:askForVotes(308)) - 41bdc6fc-f730-460f-b2d8-92157d986a72@group-BCEEFC5FE04E-LeaderElection13 ELECTION round 0: result REJECTED
2021-08-14 14:04:11,645 [41bdc6fc-f730-460f-b2d8-92157d986a72@group-BCEEFC5FE04E-LeaderElection13] INFO  server.RaftServer$Division (RaftServerImpl.java:setRole(285)) - 41bdc6fc-f730-460f-b2d8-92157d986a72@group-BCEEFC5FE04E: changes role from CANDIDATE to FOLLOWER at term 2 for REJECTED
2021-08-14 14:04:11,645 [41bdc6fc-f730-460f-b2d8-92157d986a72@group-BCEEFC5FE04E-LeaderElection13] INFO  impl.RoleInfo (RoleInfo.java:shutdownLeaderElection(121)) - 41bdc6fc-f730-460f-b2d8-92157d986a72: shutdown 41bdc6fc-f730-460f-b2d8-92157d986a72@group-BCEEFC5FE04E-LeaderElection13
2021-08-14 14:04:11,645 [41bdc6fc-f730-460f-b2d8-92157d986a72@group-BCEEFC5FE04E-LeaderElection13] INFO  impl.RoleInfo (RoleInfo.java:updateAndGet(130)) - 41bdc6fc-f730-460f-b2d8-92157d986a72: start 41bdc6fc-f730-460f-b2d8-92157d986a72@group-BCEEFC5FE04E-FollowerState
2021-08-14 14:04:11,649 [e5d3e9d3-1367-47eb-ad7f-372895a70f55@group-BCEEFC5FE04E-FollowerState] INFO  impl.FollowerState (FollowerState.java:run(134)) - e5d3e9d3-1367-47eb-ad7f-372895a70f55@group-BCEEFC5FE04E-FollowerState: change to CANDIDATE, lastRpcElapsedTime:5221524983ns, electionTimeout:5196ms
2021-08-14 14:04:11,673 [e5d3e9d3-1367-47eb-ad7f-372895a70f55@group-BCEEFC5FE04E-FollowerState] INFO  impl.RoleInfo (RoleInfo.java:shutdownFollowerState(108)) - e5d3e9d3-1367-47eb-ad7f-372895a70f55: shutdown e5d3e9d3-1367-47eb-ad7f-372895a70f55@group-BCEEFC5FE04E-FollowerState
2021-08-14 14:04:11,673 [e5d3e9d3-1367-47eb-ad7f-372895a70f55@group-BCEEFC5FE04E-FollowerState] INFO  server.RaftServer$Division (RaftServerImpl.java:setRole(285)) - e5d3e9d3-1367-47eb-ad7f-372895a70f55@group-BCEEFC5FE04E: changes role from  FOLLOWER to CANDIDATE at term 1 for changeToCandidate
2021-08-14 14:04:11,673 [e5d3e9d3-1367-47eb-ad7f-372895a70f55@group-BCEEFC5FE04E-FollowerState] INFO  server.RaftServerConfigKeys (ConfUtils.java:logGet(44)) - raft.server.leaderelection.pre-vote = false (custom)
2021-08-14 14:04:11,673 [e5d3e9d3-1367-47eb-ad7f-372895a70f55@group-BCEEFC5FE04E-FollowerState] INFO  impl.RoleInfo (RoleInfo.java:updateAndGet(130)) - e5d3e9d3-1367-47eb-ad7f-372895a70f55: start e5d3e9d3-1367-47eb-ad7f-372895a70f55@group-BCEEFC5FE04E-LeaderElection14
2021-08-14 14:04:11,673 [grpc-default-executor-4] INFO  server.RaftServer$Division (RaftServerImpl.java:requestVote(1043)) - e5d3e9d3-1367-47eb-ad7f-372895a70f55@group-BCEEFC5FE04E: receive requestVote(ELECTION, 41bdc6fc-f730-460f-b2d8-92157d986a72, group-BCEEFC5FE04E, 2, (t:0, i:0))
2021-08-14 14:04:11,674 [grpc-default-executor-4] INFO  impl.VoteContext (VoteContext.java:log(48)) - e5d3e9d3-1367-47eb-ad7f-372895a70f55@group-BCEEFC5FE04E-CANDIDATE: accept ELECTION from 41bdc6fc-f730-460f-b2d8-92157d986a72: our priority 0 <= candidate's priority 0
2021-08-14 14:04:11,674 [grpc-default-executor-4] INFO  server.RaftServer$Division (RaftServerImpl.java:setRole(285)) - e5d3e9d3-1367-47eb-ad7f-372895a70f55@group-BCEEFC5FE04E: changes role from CANDIDATE to FOLLOWER at term 2 for candidate:41bdc6fc-f730-460f-b2d8-92157d986a72
2021-08-14 14:04:11,674 [grpc-default-executor-4] INFO  impl.RoleInfo (RoleInfo.java:shutdownLeaderElection(121)) - e5d3e9d3-1367-47eb-ad7f-372895a70f55: shutdown e5d3e9d3-1367-47eb-ad7f-372895a70f55@group-BCEEFC5FE04E-LeaderElection14
2021-08-14 14:04:11,674 [grpc-default-executor-4] INFO  impl.RoleInfo (RoleInfo.java:updateAndGet(130)) - e5d3e9d3-1367-47eb-ad7f-372895a70f55: start e5d3e9d3-1367-47eb-ad7f-372895a70f55@group-BCEEFC5FE04E-FollowerState
2021-08-14 14:04:11,674 [e5d3e9d3-1367-47eb-ad7f-372895a70f55@group-BCEEFC5FE04E-LeaderElection14] INFO  impl.LeaderElection (LeaderElection.java:run(230)) - e5d3e9d3-1367-47eb-ad7f-372895a70f55@group-BCEEFC5FE04E-LeaderElection14: skip running since this is already CLOSING
2021-08-14 14:04:11,705 [grpc-default-executor-4] INFO  server.RaftServer$Division (RaftServerImpl.java:requestVote(1075)) - e5d3e9d3-1367-47eb-ad7f-372895a70f55@group-BCEEFC5FE04E replies to ELECTION vote request: 41bdc6fc-f730-460f-b2d8-92157d986a72<-e5d3e9d3-1367-47eb-ad7f-372895a70f55#0:OK-t2. Peer's state: e5d3e9d3-1367-47eb-ad7f-372895a70f55@group-BCEEFC5FE04E:t2, leader=null, voted=41bdc6fc-f730-460f-b2d8-92157d986a72, raftlog=e5d3e9d3-1367-47eb-ad7f-372895a70f55@group-BCEEFC5FE04E-SegmentedRaftLog:OPENED:c-1,f-1,i0, conf=-1: [a3a688a0-b759-42a1-9d42-7ea63bf88025|rpc:10.1.0.16:35273|dataStream:|priority:1, 41bdc6fc-f730-460f-b2d8-92157d986a72|rpc:10.1.0.16:38299|dataStream:|priority:0, e5d3e9d3-1367-47eb-ad7f-372895a70f55|rpc:10.1.0.16:46003|dataStream:|priority:0], old=null
2021-08-14 14:04:12,544 [Listener at 127.0.0.1/32925] INFO  ozone.MiniOzoneClusterImpl (MiniOzoneClusterImpl.java:lambda$waitForClusterToBeReady$0(235)) - Nodes are ready. Got 3 of 3 DN Heartbeats.
2021-08-14 14:04:12,545 [Listener at 127.0.0.1/32925] INFO  ozone.MiniOzoneClusterImpl (MiniOzoneClusterImpl.java:lambda$waitForClusterToBeReady$0(238)) - Waiting for cluster to exit safe mode
2021-08-14 14:04:12,545 [Listener at 127.0.0.1/32925] INFO  ozone.MiniOzoneClusterImpl (MiniOzoneClusterImpl.java:lambda$waitForClusterToBeReady$0(240)) - SCM became leader
2021-08-14 14:04:13,545 [Listener at 127.0.0.1/32925] INFO  ozone.MiniOzoneClusterImpl (MiniOzoneClusterImpl.java:lambda$waitForClusterToBeReady$0(235)) - Nodes are ready. Got 3 of 3 DN Heartbeats.
2021-08-14 14:04:13,545 [Listener at 127.0.0.1/32925] INFO  ozone.MiniOzoneClusterImpl (MiniOzoneClusterImpl.java:lambda$waitForClusterToBeReady$0(238)) - Waiting for cluster to exit safe mode
2021-08-14 14:04:13,545 [Listener at 127.0.0.1/32925] INFO  ozone.MiniOzoneClusterImpl (MiniOzoneClusterImpl.java:lambda$waitForClusterToBeReady$0(240)) - SCM became leader
2021-08-14 14:04:14,545 [Listener at 127.0.0.1/32925] INFO  ozone.MiniOzoneClusterImpl (MiniOzoneClusterImpl.java:lambda$waitForClusterToBeReady$0(235)) - Nodes are ready. Got 3 of 3 DN Heartbeats.
2021-08-14 14:04:14,545 [Listener at 127.0.0.1/32925] INFO  ozone.MiniOzoneClusterImpl (MiniOzoneClusterImpl.java:lambda$waitForClusterToBeReady$0(238)) - Waiting for cluster to exit safe mode
2021-08-14 14:04:14,546 [Listener at 127.0.0.1/32925] INFO  ozone.MiniOzoneClusterImpl (MiniOzoneClusterImpl.java:lambda$waitForClusterToBeReady$0(240)) - SCM became leader
2021-08-14 14:04:15,546 [Listener at 127.0.0.1/32925] INFO  ozone.MiniOzoneClusterImpl (MiniOzoneClusterImpl.java:lambda$waitForClusterToBeReady$0(235)) - Nodes are ready. Got 3 of 3 DN Heartbeats.
2021-08-14 14:04:15,546 [Listener at 127.0.0.1/32925] INFO  ozone.MiniOzoneClusterImpl (MiniOzoneClusterImpl.java:lambda$waitForClusterToBeReady$0(238)) - Waiting for cluster to exit safe mode
2021-08-14 14:04:15,546 [Listener at 127.0.0.1/32925] INFO  ozone.MiniOzoneClusterImpl (MiniOzoneClusterImpl.java:lambda$waitForClusterToBeReady$0(240)) - SCM became leader
2021-08-14 14:04:16,546 [Listener at 127.0.0.1/32925] INFO  ozone.MiniOzoneClusterImpl (MiniOzoneClusterImpl.java:lambda$waitForClusterToBeReady$0(235)) - Nodes are ready. Got 3 of 3 DN Heartbeats.
2021-08-14 14:04:16,547 [Listener at 127.0.0.1/32925] INFO  ozone.MiniOzoneClusterImpl (MiniOzoneClusterImpl.java:lambda$waitForClusterToBeReady$0(238)) - Waiting for cluster to exit safe mode
2021-08-14 14:04:16,547 [Listener at 127.0.0.1/32925] INFO  ozone.MiniOzoneClusterImpl (MiniOzoneClusterImpl.java:lambda$waitForClusterToBeReady$0(240)) - SCM became leader
2021-08-14 14:04:16,800 [a3a688a0-b759-42a1-9d42-7ea63bf88025@group-BCEEFC5FE04E-FollowerState] INFO  impl.FollowerState (FollowerState.java:run(134)) - a3a688a0-b759-42a1-9d42-7ea63bf88025@group-BCEEFC5FE04E-FollowerState: change to CANDIDATE, lastRpcElapsedTime:5174042927ns, electionTimeout:5139ms
2021-08-14 14:04:16,801 [a3a688a0-b759-42a1-9d42-7ea63bf88025@group-BCEEFC5FE04E-FollowerState] INFO  impl.RoleInfo (RoleInfo.java:shutdownFollowerState(108)) - a3a688a0-b759-42a1-9d42-7ea63bf88025: shutdown a3a688a0-b759-42a1-9d42-7ea63bf88025@group-BCEEFC5FE04E-FollowerState
2021-08-14 14:04:16,801 [a3a688a0-b759-42a1-9d42-7ea63bf88025@group-BCEEFC5FE04E-FollowerState] INFO  server.RaftServer$Division (RaftServerImpl.java:setRole(285)) - a3a688a0-b759-42a1-9d42-7ea63bf88025@group-BCEEFC5FE04E: changes role from  FOLLOWER to CANDIDATE at term 2 for changeToCandidate
2021-08-14 14:04:16,801 [a3a688a0-b759-42a1-9d42-7ea63bf88025@group-BCEEFC5FE04E-FollowerState] INFO  server.RaftServerConfigKeys (ConfUtils.java:logGet(44)) - raft.server.leaderelection.pre-vote = false (custom)
2021-08-14 14:04:16,802 [a3a688a0-b759-42a1-9d42-7ea63bf88025@group-BCEEFC5FE04E-FollowerState] INFO  impl.RoleInfo (RoleInfo.java:updateAndGet(130)) - a3a688a0-b759-42a1-9d42-7ea63bf88025: start a3a688a0-b759-42a1-9d42-7ea63bf88025@group-BCEEFC5FE04E-LeaderElection15
2021-08-14 14:04:16,828 [a3a688a0-b759-42a1-9d42-7ea63bf88025@group-BCEEFC5FE04E-LeaderElection15] INFO  impl.LeaderElection (LeaderElection.java:askForVotes(306)) - a3a688a0-b759-42a1-9d42-7ea63bf88025@group-BCEEFC5FE04E-LeaderElection15 ELECTION round 0: submit vote requests at term 3 for -1: [a3a688a0-b759-42a1-9d42-7ea63bf88025|rpc:10.1.0.16:35273|priority:1, 41bdc6fc-f730-460f-b2d8-92157d986a72|rpc:10.1.0.16:38299|priority:0, e5d3e9d3-1367-47eb-ad7f-372895a70f55|rpc:10.1.0.16:46003|priority:0], old=null
2021-08-14 14:04:16,840 [41bdc6fc-f730-460f-b2d8-92157d986a72@group-BCEEFC5FE04E-FollowerState] INFO  impl.FollowerState (FollowerState.java:run(134)) - 41bdc6fc-f730-460f-b2d8-92157d986a72@group-BCEEFC5FE04E-FollowerState: change to CANDIDATE, lastRpcElapsedTime:5194533285ns, electionTimeout:5168ms
2021-08-14 14:04:16,840 [41bdc6fc-f730-460f-b2d8-92157d986a72@group-BCEEFC5FE04E-FollowerState] INFO  impl.RoleInfo (RoleInfo.java:shutdownFollowerState(108)) - 41bdc6fc-f730-460f-b2d8-92157d986a72: shutdown 41bdc6fc-f730-460f-b2d8-92157d986a72@group-BCEEFC5FE04E-FollowerState
2021-08-14 14:04:16,840 [41bdc6fc-f730-460f-b2d8-92157d986a72@group-BCEEFC5FE04E-FollowerState] INFO  server.RaftServer$Division (RaftServerImpl.java:setRole(285)) - 41bdc6fc-f730-460f-b2d8-92157d986a72@group-BCEEFC5FE04E: changes role from  FOLLOWER to CANDIDATE at term 2 for changeToCandidate
2021-08-14 14:04:16,842 [grpc-default-executor-4] INFO  server.RaftServer$Division (RaftServerImpl.java:requestVote(1043)) - 41bdc6fc-f730-460f-b2d8-92157d986a72@group-BCEEFC5FE04E: receive requestVote(ELECTION, a3a688a0-b759-42a1-9d42-7ea63bf88025, group-BCEEFC5FE04E, 3, (t:0, i:0))
2021-08-14 14:04:16,849 [41bdc6fc-f730-460f-b2d8-92157d986a72@group-BCEEFC5FE04E-FollowerState] INFO  server.RaftServerConfigKeys (ConfUtils.java:logGet(44)) - raft.server.leaderelection.pre-vote = false (custom)
2021-08-14 14:04:16,849 [41bdc6fc-f730-460f-b2d8-92157d986a72@group-BCEEFC5FE04E-FollowerState] INFO  impl.RoleInfo (RoleInfo.java:updateAndGet(130)) - 41bdc6fc-f730-460f-b2d8-92157d986a72: start 41bdc6fc-f730-460f-b2d8-92157d986a72@group-BCEEFC5FE04E-LeaderElection16
2021-08-14 14:04:16,859 [grpc-default-executor-4] INFO  impl.VoteContext (VoteContext.java:log(48)) - 41bdc6fc-f730-460f-b2d8-92157d986a72@group-BCEEFC5FE04E-CANDIDATE: accept ELECTION from a3a688a0-b759-42a1-9d42-7ea63bf88025: our priority 0 <= candidate's priority 1
2021-08-14 14:04:16,859 [grpc-default-executor-1] INFO  server.RaftServer$Division (RaftServerImpl.java:requestVote(1043)) - e5d3e9d3-1367-47eb-ad7f-372895a70f55@group-BCEEFC5FE04E: receive requestVote(ELECTION, a3a688a0-b759-42a1-9d42-7ea63bf88025, group-BCEEFC5FE04E, 3, (t:0, i:0))
2021-08-14 14:04:16,859 [grpc-default-executor-1] INFO  impl.VoteContext (VoteContext.java:log(48)) - e5d3e9d3-1367-47eb-ad7f-372895a70f55@group-BCEEFC5FE04E-FOLLOWER: accept ELECTION from a3a688a0-b759-42a1-9d42-7ea63bf88025: our priority 0 <= candidate's priority 1
2021-08-14 14:04:16,859 [grpc-default-executor-1] INFO  server.RaftServer$Division (RaftServerImpl.java:setRole(285)) - e5d3e9d3-1367-47eb-ad7f-372895a70f55@group-BCEEFC5FE04E: changes role from  FOLLOWER to FOLLOWER at term 3 for candidate:a3a688a0-b759-42a1-9d42-7ea63bf88025
2021-08-14 14:04:16,859 [grpc-default-executor-1] INFO  impl.RoleInfo (RoleInfo.java:shutdownFollowerState(108)) - e5d3e9d3-1367-47eb-ad7f-372895a70f55: shutdown e5d3e9d3-1367-47eb-ad7f-372895a70f55@group-BCEEFC5FE04E-FollowerState
2021-08-14 14:04:16,859 [grpc-default-executor-1] INFO  impl.RoleInfo (RoleInfo.java:updateAndGet(130)) - e5d3e9d3-1367-47eb-ad7f-372895a70f55: start e5d3e9d3-1367-47eb-ad7f-372895a70f55@group-BCEEFC5FE04E-FollowerState
2021-08-14 14:04:16,859 [e5d3e9d3-1367-47eb-ad7f-372895a70f55@group-BCEEFC5FE04E-FollowerState] INFO  impl.FollowerState (FollowerState.java:run(143)) - e5d3e9d3-1367-47eb-ad7f-372895a70f55@group-BCEEFC5FE04E-FollowerState was interrupted: {}
java.lang.InterruptedException: sleep interrupted
	at java.lang.Thread.sleep(Native Method)
	at java.lang.Thread.sleep(Thread.java:340)
	at java.util.concurrent.TimeUnit.sleep(TimeUnit.java:386)
	at org.apache.ratis.util.TimeDuration.sleep(TimeDuration.java:324)
	at org.apache.ratis.util.TimeDuration.sleep(TimeDuration.java:309)
	at org.apache.ratis.server.impl.FollowerState.run(FollowerState.java:118)
2021-08-14 14:04:16,859 [grpc-default-executor-4] INFO  server.RaftServer$Division (RaftServerImpl.java:setRole(285)) - 41bdc6fc-f730-460f-b2d8-92157d986a72@group-BCEEFC5FE04E: changes role from CANDIDATE to FOLLOWER at term 3 for candidate:a3a688a0-b759-42a1-9d42-7ea63bf88025
2021-08-14 14:04:16,860 [grpc-default-executor-4] INFO  impl.RoleInfo (RoleInfo.java:shutdownLeaderElection(121)) - 41bdc6fc-f730-460f-b2d8-92157d986a72: shutdown 41bdc6fc-f730-460f-b2d8-92157d986a72@group-BCEEFC5FE04E-LeaderElection16
2021-08-14 14:04:16,869 [41bdc6fc-f730-460f-b2d8-92157d986a72@group-BCEEFC5FE04E-LeaderElection16] INFO  impl.LeaderElection (LeaderElection.java:run(230)) - 41bdc6fc-f730-460f-b2d8-92157d986a72@group-BCEEFC5FE04E-LeaderElection16: skip running since this is already CLOSING
2021-08-14 14:04:16,869 [grpc-default-executor-1] INFO  server.RaftServer$Division (RaftServerImpl.java:requestVote(1075)) - e5d3e9d3-1367-47eb-ad7f-372895a70f55@group-BCEEFC5FE04E replies to ELECTION vote request: a3a688a0-b759-42a1-9d42-7ea63bf88025<-e5d3e9d3-1367-47eb-ad7f-372895a70f55#0:OK-t3. Peer's state: e5d3e9d3-1367-47eb-ad7f-372895a70f55@group-BCEEFC5FE04E:t3, leader=null, voted=a3a688a0-b759-42a1-9d42-7ea63bf88025, raftlog=e5d3e9d3-1367-47eb-ad7f-372895a70f55@group-BCEEFC5FE04E-SegmentedRaftLog:OPENED:c-1,f-1,i0, conf=-1: [a3a688a0-b759-42a1-9d42-7ea63bf88025|rpc:10.1.0.16:35273|dataStream:|priority:1, 41bdc6fc-f730-460f-b2d8-92157d986a72|rpc:10.1.0.16:38299|dataStream:|priority:0, e5d3e9d3-1367-47eb-ad7f-372895a70f55|rpc:10.1.0.16:46003|dataStream:|priority:0], old=null
2021-08-14 14:04:16,874 [grpc-default-executor-4] INFO  impl.RoleInfo (RoleInfo.java:updateAndGet(130)) - 41bdc6fc-f730-460f-b2d8-92157d986a72: start 41bdc6fc-f730-460f-b2d8-92157d986a72@group-BCEEFC5FE04E-FollowerState
2021-08-14 14:04:16,885 [a3a688a0-b759-42a1-9d42-7ea63bf88025@group-BCEEFC5FE04E-LeaderElection15] INFO  impl.LeaderElection (LeaderElection.java:logAndReturn(89)) - a3a688a0-b759-42a1-9d42-7ea63bf88025@group-BCEEFC5FE04E-LeaderElection15: ELECTION PASSED received 1 response(s) and 0 exception(s):
2021-08-14 14:04:16,886 [a3a688a0-b759-42a1-9d42-7ea63bf88025@group-BCEEFC5FE04E-LeaderElection15] INFO  impl.LeaderElection (LeaderElection.java:logAndReturn(93)) -   Response 0: a3a688a0-b759-42a1-9d42-7ea63bf88025<-e5d3e9d3-1367-47eb-ad7f-372895a70f55#0:OK-t3
2021-08-14 14:04:16,886 [a3a688a0-b759-42a1-9d42-7ea63bf88025@group-BCEEFC5FE04E-LeaderElection15] INFO  impl.LeaderElection (LeaderElection.java:askForVotes(308)) - a3a688a0-b759-42a1-9d42-7ea63bf88025@group-BCEEFC5FE04E-LeaderElection15 ELECTION round 0: result PASSED
2021-08-14 14:04:16,886 [grpc-default-executor-4] INFO  server.RaftServer$Division (RaftServerImpl.java:requestVote(1075)) - 41bdc6fc-f730-460f-b2d8-92157d986a72@group-BCEEFC5FE04E replies to ELECTION vote request: a3a688a0-b759-42a1-9d42-7ea63bf88025<-41bdc6fc-f730-460f-b2d8-92157d986a72#0:OK-t3. Peer's state: 41bdc6fc-f730-460f-b2d8-92157d986a72@group-BCEEFC5FE04E:t3, leader=null, voted=a3a688a0-b759-42a1-9d42-7ea63bf88025, raftlog=41bdc6fc-f730-460f-b2d8-92157d986a72@group-BCEEFC5FE04E-SegmentedRaftLog:OPENED:c-1,f-1,i0, conf=-1: [a3a688a0-b759-42a1-9d42-7ea63bf88025|rpc:10.1.0.16:35273|dataStream:|priority:1, 41bdc6fc-f730-460f-b2d8-92157d986a72|rpc:10.1.0.16:38299|dataStream:|priority:0, e5d3e9d3-1367-47eb-ad7f-372895a70f55|rpc:10.1.0.16:46003|dataStream:|priority:0], old=null
2021-08-14 14:04:16,886 [a3a688a0-b759-42a1-9d42-7ea63bf88025@group-BCEEFC5FE04E-LeaderElection15] INFO  impl.RoleInfo (RoleInfo.java:shutdownLeaderElection(121)) - a3a688a0-b759-42a1-9d42-7ea63bf88025: shutdown a3a688a0-b759-42a1-9d42-7ea63bf88025@group-BCEEFC5FE04E-LeaderElection15
2021-08-14 14:04:16,886 [a3a688a0-b759-42a1-9d42-7ea63bf88025@group-BCEEFC5FE04E-LeaderElection15] INFO  server.RaftServer$Division (RaftServerImpl.java:setRole(285)) - a3a688a0-b759-42a1-9d42-7ea63bf88025@group-BCEEFC5FE04E: changes role from CANDIDATE to LEADER at term 3 for changeToLeader
2021-08-14 14:04:16,886 [a3a688a0-b759-42a1-9d42-7ea63bf88025@group-BCEEFC5FE04E-LeaderElection15] INFO  ratis.XceiverServerRatis (XceiverServerRatis.java:handleLeaderChangedNotification(861)) - Leader change notification received for group: group-BCEEFC5FE04E with new leaderId: a3a688a0-b759-42a1-9d42-7ea63bf88025
2021-08-14 14:04:16,909 [a3a688a0-b759-42a1-9d42-7ea63bf88025@group-BCEEFC5FE04E-LeaderElection15] INFO  server.RaftServer$Division (ServerState.java:setLeader(285)) - a3a688a0-b759-42a1-9d42-7ea63bf88025@group-BCEEFC5FE04E: change Leader from null to a3a688a0-b759-42a1-9d42-7ea63bf88025 at term 3 for becomeLeader, leader elected after 15688ms
2021-08-14 14:04:16,909 [Datanode State Machine Thread - 0] WARN  statemachine.StateContext (StateContext.java:execute(621)) - No available thread in pool for past 0 seconds.
2021-08-14 14:04:16,923 [a3a688a0-b759-42a1-9d42-7ea63bf88025@group-BCEEFC5FE04E-LeaderElection15] INFO  server.RaftServerConfigKeys (ConfUtils.java:logGet(44)) - raft.server.staging.catchup.gap = 1000 (default)
2021-08-14 14:04:16,923 [a3a688a0-b759-42a1-9d42-7ea63bf88025@group-BCEEFC5FE04E-LeaderElection15] INFO  server.RaftServerConfigKeys (ConfUtils.java:logGet(44)) - raft.server.write.element-limit = 1024 (custom)
2021-08-14 14:04:16,923 [a3a688a0-b759-42a1-9d42-7ea63bf88025@group-BCEEFC5FE04E-LeaderElection15] INFO  server.RaftServerConfigKeys (ConfUtils.java:logGet(44)) - raft.server.write.byte-limit = 1024 M (=1073741824) (custom)
2021-08-14 14:04:16,923 [a3a688a0-b759-42a1-9d42-7ea63bf88025@group-BCEEFC5FE04E-LeaderElection15] INFO  server.RaftServerConfigKeys (ConfUtils.java:logGet(44)) - raft.server.watch.timeout = 180s (custom)
2021-08-14 14:04:16,923 [a3a688a0-b759-42a1-9d42-7ea63bf88025@group-BCEEFC5FE04E-LeaderElection15] INFO  server.RaftServerConfigKeys (ConfUtils.java:logGet(44)) - raft.server.watch.timeout.denomination = 1s (default)
2021-08-14 14:04:16,923 [a3a688a0-b759-42a1-9d42-7ea63bf88025@group-BCEEFC5FE04E-LeaderElection15] INFO  server.RaftServerConfigKeys (ConfUtils.java:logGet(44)) - raft.server.watch.element-limit = 65536 (default)
2021-08-14 14:04:16,923 [a3a688a0-b759-42a1-9d42-7ea63bf88025@group-BCEEFC5FE04E-LeaderElection15] INFO  server.RaftServerConfigKeys (ConfUtils.java:logGet(44)) - raft.server.log.appender.snapshot.chunk.size.max = 16MB (=16777216) (default)
2021-08-14 14:04:16,923 [a3a688a0-b759-42a1-9d42-7ea63bf88025@group-BCEEFC5FE04E-LeaderElection15] INFO  server.RaftServerConfigKeys (ConfUtils.java:logGet(44)) - raft.server.log.appender.buffer.byte-limit = 33554432 (custom)
2021-08-14 14:04:16,924 [a3a688a0-b759-42a1-9d42-7ea63bf88025@group-BCEEFC5FE04E-LeaderElection15] INFO  server.RaftServerConfigKeys (ConfUtils.java:logGet(44)) - raft.server.log.appender.buffer.element-limit = 1 (custom)
2021-08-14 14:04:16,924 [a3a688a0-b759-42a1-9d42-7ea63bf88025@group-BCEEFC5FE04E-LeaderElection15] INFO  grpc.GrpcConfigKeys (ConfUtils.java:logGet(44)) - raft.grpc.server.leader.outstanding.appends.max = 128 (default)
2021-08-14 14:04:16,924 [a3a688a0-b759-42a1-9d42-7ea63bf88025@group-BCEEFC5FE04E-LeaderElection15] INFO  server.RaftServerConfigKeys (ConfUtils.java:logGet(44)) - raft.server.rpc.request.timeout = 60s (custom)
2021-08-14 14:04:16,924 [a3a688a0-b759-42a1-9d42-7ea63bf88025@group-BCEEFC5FE04E-LeaderElection15] INFO  server.RaftServerConfigKeys (ConfUtils.java:logGet(44)) - raft.server.log.appender.install.snapshot.enabled = false (custom)
2021-08-14 14:04:16,925 [EventQueue-PipelineReportForPipelineReportHandler] INFO  pipeline.PipelineManagerImpl (PipelineManagerImpl.java:openPipeline(283)) - Pipeline Pipeline[ Id: f66c3a60-01f2-464e-9aeb-bceefc5fe04e, Nodes: a3a688a0-b759-42a1-9d42-7ea63bf88025{ip: 10.1.0.16, host: fv-az297-666.nmf1rxwemy4u5di1sxxf4ejcwb.jx.internal.cloudapp.net, ports: [REPLICATION=41181, RATIS=35273, RATIS_ADMIN=35273, RATIS_SERVER=35273, STANDALONE=42751], networkLocation: /default-rack, certSerialId: null, persistedOpState: IN_SERVICE, persistedOpStateExpiryEpochSec: 0}e5d3e9d3-1367-47eb-ad7f-372895a70f55{ip: 10.1.0.16, host: fv-az297-666.nmf1rxwemy4u5di1sxxf4ejcwb.jx.internal.cloudapp.net, ports: [REPLICATION=33733, RATIS=46003, RATIS_ADMIN=46003, RATIS_SERVER=46003, STANDALONE=36239], networkLocation: /default-rack, certSerialId: null, persistedOpState: IN_SERVICE, persistedOpStateExpiryEpochSec: 0}41bdc6fc-f730-460f-b2d8-92157d986a72{ip: 10.1.0.16, host: fv-az297-666.nmf1rxwemy4u5di1sxxf4ejcwb.jx.internal.cloudapp.net, ports: [REPLICATION=42581, RATIS=38299, RATIS_ADMIN=38299, RATIS_SERVER=38299, STANDALONE=45435], networkLocation: /default-rack, certSerialId: null, persistedOpState: IN_SERVICE, persistedOpStateExpiryEpochSec: 0}, ReplicationConfig: RATIS/THREE, State:ALLOCATED, leaderId:a3a688a0-b759-42a1-9d42-7ea63bf88025, CreationTimestamp2021-08-14T14:03:59.574Z[Etc/UTC]] moved to OPEN state
2021-08-14 14:04:16,926 [a3a688a0-b759-42a1-9d42-7ea63bf88025@group-BCEEFC5FE04E-LeaderElection15] INFO  server.RaftServerConfigKeys (ConfUtils.java:logGet(44)) - raft.server.log.appender.snapshot.chunk.size.max = 16MB (=16777216) (default)
2021-08-14 14:04:16,926 [a3a688a0-b759-42a1-9d42-7ea63bf88025@group-BCEEFC5FE04E-LeaderElection15] INFO  server.RaftServerConfigKeys (ConfUtils.java:logGet(44)) - raft.server.log.appender.buffer.byte-limit = 33554432 (custom)
2021-08-14 14:04:16,926 [a3a688a0-b759-42a1-9d42-7ea63bf88025@group-BCEEFC5FE04E-LeaderElection15] INFO  server.RaftServerConfigKeys (ConfUtils.java:logGet(44)) - raft.server.log.appender.buffer.element-limit = 1 (custom)
2021-08-14 14:04:16,945 [a3a688a0-b759-42a1-9d42-7ea63bf88025@group-BCEEFC5FE04E-LeaderElection15] INFO  grpc.GrpcConfigKeys (ConfUtils.java:logGet(44)) - raft.grpc.server.leader.outstanding.appends.max = 128 (default)
2021-08-14 14:04:16,945 [a3a688a0-b759-42a1-9d42-7ea63bf88025@group-BCEEFC5FE04E-LeaderElection15] INFO  server.RaftServerConfigKeys (ConfUtils.java:logGet(44)) - raft.server.rpc.request.timeout = 60s (custom)
2021-08-14 14:04:16,945 [a3a688a0-b759-42a1-9d42-7ea63bf88025@group-BCEEFC5FE04E-LeaderElection15] INFO  server.RaftServerConfigKeys (ConfUtils.java:logGet(44)) - raft.server.log.appender.install.snapshot.enabled = false (custom)
2021-08-14 14:04:16,946 [a3a688a0-b759-42a1-9d42-7ea63bf88025@group-BCEEFC5FE04E-LeaderElection15] INFO  impl.RoleInfo (RoleInfo.java:updateAndGet(130)) - a3a688a0-b759-42a1-9d42-7ea63bf88025: start a3a688a0-b759-42a1-9d42-7ea63bf88025@group-BCEEFC5FE04E-LeaderStateImpl
2021-08-14 14:04:16,947 [a3a688a0-b759-42a1-9d42-7ea63bf88025@group-BCEEFC5FE04E-LeaderElection15] INFO  segmented.SegmentedRaftLogWorker (SegmentedRaftLogWorker.java:startLogSegment(394)) - a3a688a0-b759-42a1-9d42-7ea63bf88025@group-BCEEFC5FE04E-SegmentedRaftLogWorker: Starting segment from index:0
2021-08-14 14:04:16,949 [a3a688a0-b759-42a1-9d42-7ea63bf88025@group-BCEEFC5FE04E-SegmentedRaftLogWorker] INFO  segmented.SegmentedRaftLogWorker (SegmentedRaftLogWorker.java:execute(601)) - a3a688a0-b759-42a1-9d42-7ea63bf88025@group-BCEEFC5FE04E-SegmentedRaftLogWorker: created new log segment /home/runner/work/ozone/ozone/hadoop-ozone/integration-test/target/test-dir/MiniOzoneClusterImpl-903ecea8-4fd7-4e9d-96bf-9013ab6d4ae3/datanode-0/data/ratis/f66c3a60-01f2-464e-9aeb-bceefc5fe04e/current/log_inprogress_0
2021-08-14 14:04:16,982 [a3a688a0-b759-42a1-9d42-7ea63bf88025@group-BCEEFC5FE04E-LeaderElection15] INFO  server.RaftServer$Division (ServerState.java:setRaftConf(387)) - a3a688a0-b759-42a1-9d42-7ea63bf88025@group-BCEEFC5FE04E: set configuration 0: [a3a688a0-b759-42a1-9d42-7ea63bf88025|rpc:10.1.0.16:35273|dataStream:|priority:1, 41bdc6fc-f730-460f-b2d8-92157d986a72|rpc:10.1.0.16:38299|dataStream:|priority:0, e5d3e9d3-1367-47eb-ad7f-372895a70f55|rpc:10.1.0.16:46003|dataStream:|priority:0], old=null
2021-08-14 14:04:16,973 [EventQueue-OpenPipelineForHealthyPipelineSafeModeRule] INFO  safemode.SCMSafeModeManager (HealthyPipelineSafeModeRule.java:process(124)) - SCM in safe mode. Healthy pipelines reported count is 1, required healthy pipeline reported count is 1
2021-08-14 14:04:16,982 [EventQueue-OpenPipelineForHealthyPipelineSafeModeRule] INFO  safemode.SCMSafeModeManager (SCMSafeModeManager.java:validateSafeModeExitRules(204)) - HealthyPipelineSafeModeRule rule is successfully validated
2021-08-14 14:04:16,982 [EventQueue-OpenPipelineForHealthyPipelineSafeModeRule] INFO  safemode.SCMSafeModeManager (SCMSafeModeManager.java:validateSafeModeExitRules(219)) - ScmSafeModeManager, all rules are successfully validated
2021-08-14 14:04:16,982 [EventQueue-OpenPipelineForHealthyPipelineSafeModeRule] INFO  safemode.SCMSafeModeManager (SCMSafeModeManager.java:exitSafeMode(248)) - SCM exiting safe mode.
2021-08-14 14:04:16,982 [EventQueue-OpenPipelineForHealthyPipelineSafeModeRule] WARN  events.EventQueue (EventQueue.java:fireEvent(194)) - No event handler registered for event TypedEvent{payloadType=SafeModeStatus, name='Safe mode status'}
2021-08-14 14:04:16,982 [EventQueue-OpenPipelineForHealthyPipelineSafeModeRule] INFO  ha.SCMContext (SCMContext.java:updateSafeModeStatus(205)) - Update SafeModeStatus from SafeModeStatus{safeModeStatus=true, preCheckPassed=true} to SafeModeStatus{safeModeStatus=false, preCheckPassed=true}.
2021-08-14 14:04:16,982 [EventQueue-OpenPipelineForHealthyPipelineSafeModeRule] INFO  pipeline.BackgroundPipelineCreator (BackgroundPipelineCreatorV2.java:notifyStatusChanged(264)) - Service BackgroundPipelineCreator transitions to RUNNING.
2021-08-14 14:04:16,982 [EventQueue-OpenPipelineForHealthyPipelineSafeModeRule] INFO  container.ReplicationManager (ReplicationManager.java:notifyStatusChanged(1679)) - Service ReplicationManager transitions to RUNNING.
2021-08-14 14:04:16,973 [grpc-default-executor-4] INFO  ratis.XceiverServerRatis (XceiverServerRatis.java:handleLeaderChangedNotification(861)) - Leader change notification received for group: group-BCEEFC5FE04E with new leaderId: a3a688a0-b759-42a1-9d42-7ea63bf88025
2021-08-14 14:04:16,982 [grpc-default-executor-4] INFO  server.RaftServer$Division (ServerState.java:setLeader(285)) - e5d3e9d3-1367-47eb-ad7f-372895a70f55@group-BCEEFC5FE04E: change Leader from null to a3a688a0-b759-42a1-9d42-7ea63bf88025 at term 3 for appendEntries, leader elected after 15656ms
2021-08-14 14:04:16,972 [grpc-default-executor-1] INFO  ratis.XceiverServerRatis (XceiverServerRatis.java:handleLeaderChangedNotification(861)) - Leader change notification received for group: group-BCEEFC5FE04E with new leaderId: a3a688a0-b759-42a1-9d42-7ea63bf88025
2021-08-14 14:04:16,982 [grpc-default-executor-1] INFO  server.RaftServer$Division (ServerState.java:setLeader(285)) - 41bdc6fc-f730-460f-b2d8-92157d986a72@group-BCEEFC5FE04E: change Leader from null to a3a688a0-b759-42a1-9d42-7ea63bf88025 at term 3 for appendEntries, leader elected after 15534ms
2021-08-14 14:04:16,999 [SCMBlockDeletingService#0] DEBUG block.SCMBlockDeletingService (SCMBlockDeletingService.java:call(133)) - Running DeletedBlockTransactionScanner
2021-08-14 14:04:17,014 [grpc-default-executor-2] INFO  server.RaftServer$Division (ServerState.java:setRaftConf(387)) - 41bdc6fc-f730-460f-b2d8-92157d986a72@group-BCEEFC5FE04E: set configuration 0: [a3a688a0-b759-42a1-9d42-7ea63bf88025|rpc:10.1.0.16:35273|dataStream:|priority:1, 41bdc6fc-f730-460f-b2d8-92157d986a72|rpc:10.1.0.16:38299|dataStream:|priority:0, e5d3e9d3-1367-47eb-ad7f-372895a70f55|rpc:10.1.0.16:46003|dataStream:|priority:0], old=null
2021-08-14 14:04:17,015 [grpc-default-executor-2] INFO  segmented.SegmentedRaftLogWorker (SegmentedRaftLogWorker.java:startLogSegment(394)) - 41bdc6fc-f730-460f-b2d8-92157d986a72@group-BCEEFC5FE04E-SegmentedRaftLogWorker: Starting segment from index:0
2021-08-14 14:04:17,015 [grpc-default-executor-3] INFO  server.RaftServer$Division (ServerState.java:setRaftConf(387)) - e5d3e9d3-1367-47eb-ad7f-372895a70f55@group-BCEEFC5FE04E: set configuration 0: [a3a688a0-b759-42a1-9d42-7ea63bf88025|rpc:10.1.0.16:35273|dataStream:|priority:1, 41bdc6fc-f730-460f-b2d8-92157d986a72|rpc:10.1.0.16:38299|dataStream:|priority:0, e5d3e9d3-1367-47eb-ad7f-372895a70f55|rpc:10.1.0.16:46003|dataStream:|priority:0], old=null
2021-08-14 14:04:17,015 [grpc-default-executor-3] INFO  segmented.SegmentedRaftLogWorker (SegmentedRaftLogWorker.java:startLogSegment(394)) - e5d3e9d3-1367-47eb-ad7f-372895a70f55@group-BCEEFC5FE04E-SegmentedRaftLogWorker: Starting segment from index:0
2021-08-14 14:04:17,018 [e5d3e9d3-1367-47eb-ad7f-372895a70f55@group-BCEEFC5FE04E-SegmentedRaftLogWorker] INFO  segmented.SegmentedRaftLogWorker (SegmentedRaftLogWorker.java:execute(601)) - e5d3e9d3-1367-47eb-ad7f-372895a70f55@group-BCEEFC5FE04E-SegmentedRaftLogWorker: created new log segment /home/runner/work/ozone/ozone/hadoop-ozone/integration-test/target/test-dir/MiniOzoneClusterImpl-903ecea8-4fd7-4e9d-96bf-9013ab6d4ae3/datanode-1/data/ratis/f66c3a60-01f2-464e-9aeb-bceefc5fe04e/current/log_inprogress_0
2021-08-14 14:04:17,018 [41bdc6fc-f730-460f-b2d8-92157d986a72@group-BCEEFC5FE04E-SegmentedRaftLogWorker] INFO  segmented.SegmentedRaftLogWorker (SegmentedRaftLogWorker.java:execute(601)) - 41bdc6fc-f730-460f-b2d8-92157d986a72@group-BCEEFC5FE04E-SegmentedRaftLogWorker: created new log segment /home/runner/work/ozone/ozone/hadoop-ozone/integration-test/target/test-dir/MiniOzoneClusterImpl-903ecea8-4fd7-4e9d-96bf-9013ab6d4ae3/datanode-2/data/ratis/f66c3a60-01f2-464e-9aeb-bceefc5fe04e/current/log_inprogress_0
2021-08-14 14:04:17,099 [SCMBlockDeletingService#0] DEBUG block.SCMBlockDeletingService (SCMBlockDeletingService.java:call(133)) - Running DeletedBlockTransactionScanner
2021-08-14 14:04:17,199 [SCMBlockDeletingService#0] DEBUG block.SCMBlockDeletingService (SCMBlockDeletingService.java:call(133)) - Running DeletedBlockTransactionScanner
2021-08-14 14:04:17,299 [SCMBlockDeletingService#0] DEBUG block.SCMBlockDeletingService (SCMBlockDeletingService.java:call(133)) - Running DeletedBlockTransactionScanner
2021-08-14 14:04:17,401 [SCMBlockDeletingService#0] DEBUG block.SCMBlockDeletingService (SCMBlockDeletingService.java:call(133)) - Running DeletedBlockTransactionScanner
2021-08-14 14:04:17,501 [SCMBlockDeletingService#0] DEBUG block.SCMBlockDeletingService (SCMBlockDeletingService.java:call(133)) - Running DeletedBlockTransactionScanner
2021-08-14 14:04:17,547 [Listener at 127.0.0.1/32925] INFO  ozone.MiniOzoneClusterImpl (MiniOzoneClusterImpl.java:lambda$waitForClusterToBeReady$0(235)) - Nodes are ready. Got 3 of 3 DN Heartbeats.
2021-08-14 14:04:17,547 [Listener at 127.0.0.1/32925] INFO  ozone.MiniOzoneClusterImpl (MiniOzoneClusterImpl.java:lambda$waitForClusterToBeReady$0(238)) - Cluster exits safe mode
2021-08-14 14:04:17,547 [Listener at 127.0.0.1/32925] INFO  ozone.MiniOzoneClusterImpl (MiniOzoneClusterImpl.java:lambda$waitForClusterToBeReady$0(240)) - SCM became leader
2021-08-14 14:04:17,601 [SCMBlockDeletingService#0] DEBUG block.SCMBlockDeletingService (SCMBlockDeletingService.java:call(133)) - Running DeletedBlockTransactionScanner
2021-08-14 14:04:17,701 [SCMBlockDeletingService#0] DEBUG block.SCMBlockDeletingService (SCMBlockDeletingService.java:call(133)) - Running DeletedBlockTransactionScanner
2021-08-14 14:04:17,802 [SCMBlockDeletingService#0] DEBUG block.SCMBlockDeletingService (SCMBlockDeletingService.java:call(133)) - Running DeletedBlockTransactionScanner
2021-08-14 14:04:17,902 [SCMBlockDeletingService#0] DEBUG block.SCMBlockDeletingService (SCMBlockDeletingService.java:call(133)) - Running DeletedBlockTransactionScanner
2021-08-14 14:04:18,002 [SCMBlockDeletingService#0] DEBUG block.SCMBlockDeletingService (SCMBlockDeletingService.java:call(133)) - Running DeletedBlockTransactionScanner
2021-08-14 14:04:18,102 [SCMBlockDeletingService#0] DEBUG block.SCMBlockDeletingService (SCMBlockDeletingService.java:call(133)) - Running DeletedBlockTransactionScanner
2021-08-14 14:04:18,202 [SCMBlockDeletingService#0] DEBUG block.SCMBlockDeletingService (SCMBlockDeletingService.java:call(133)) - Running DeletedBlockTransactionScanner
2021-08-14 14:04:18,302 [SCMBlockDeletingService#0] DEBUG block.SCMBlockDeletingService (SCMBlockDeletingService.java:call(133)) - Running DeletedBlockTransactionScanner
2021-08-14 14:04:18,402 [SCMBlockDeletingService#0] DEBUG block.SCMBlockDeletingService (SCMBlockDeletingService.java:call(133)) - Running DeletedBlockTransactionScanner
2021-08-14 14:04:18,502 [SCMBlockDeletingService#0] DEBUG block.SCMBlockDeletingService (SCMBlockDeletingService.java:call(133)) - Running DeletedBlockTransactionScanner
2021-08-14 14:04:18,602 [SCMBlockDeletingService#0] DEBUG block.SCMBlockDeletingService (SCMBlockDeletingService.java:call(133)) - Running DeletedBlockTransactionScanner
2021-08-14 14:04:18,702 [SCMBlockDeletingService#0] DEBUG block.SCMBlockDeletingService (SCMBlockDeletingService.java:call(133)) - Running DeletedBlockTransactionScanner
2021-08-14 14:04:18,802 [SCMBlockDeletingService#0] DEBUG block.SCMBlockDeletingService (SCMBlockDeletingService.java:call(133)) - Running DeletedBlockTransactionScanner
2021-08-14 14:04:18,905 [SCMBlockDeletingService#0] DEBUG block.SCMBlockDeletingService (SCMBlockDeletingService.java:call(133)) - Running DeletedBlockTransactionScanner
2021-08-14 14:04:19,005 [SCMBlockDeletingService#0] DEBUG block.SCMBlockDeletingService (SCMBlockDeletingService.java:call(133)) - Running DeletedBlockTransactionScanner
2021-08-14 14:04:19,105 [SCMBlockDeletingService#0] DEBUG block.SCMBlockDeletingService (SCMBlockDeletingService.java:call(133)) - Running DeletedBlockTransactionScanner
2021-08-14 14:04:19,205 [SCMBlockDeletingService#0] DEBUG block.SCMBlockDeletingService (SCMBlockDeletingService.java:call(133)) - Running DeletedBlockTransactionScanner
2021-08-14 14:04:19,305 [SCMBlockDeletingService#0] DEBUG block.SCMBlockDeletingService (SCMBlockDeletingService.java:call(133)) - Running DeletedBlockTransactionScanner
2021-08-14 14:04:19,405 [SCMBlockDeletingService#0] DEBUG block.SCMBlockDeletingService (SCMBlockDeletingService.java:call(133)) - Running DeletedBlockTransactionScanner
2021-08-14 14:04:19,509 [SCMBlockDeletingService#0] DEBUG block.SCMBlockDeletingService (SCMBlockDeletingService.java:call(133)) - Running DeletedBlockTransactionScanner
2021-08-14 14:04:19,609 [SCMBlockDeletingService#0] DEBUG block.SCMBlockDeletingService (SCMBlockDeletingService.java:call(133)) - Running DeletedBlockTransactionScanner
2021-08-14 14:04:19,713 [SCMBlockDeletingService#0] DEBUG block.SCMBlockDeletingService (SCMBlockDeletingService.java:call(133)) - Running DeletedBlockTransactionScanner
2021-08-14 14:04:19,813 [SCMBlockDeletingService#0] DEBUG block.SCMBlockDeletingService (SCMBlockDeletingService.java:call(133)) - Running DeletedBlockTransactionScanner
2021-08-14 14:04:19,913 [SCMBlockDeletingService#0] DEBUG block.SCMBlockDeletingService (SCMBlockDeletingService.java:call(133)) - Running DeletedBlockTransactionScanner
2021-08-14 14:04:20,017 [SCMBlockDeletingService#0] DEBUG block.SCMBlockDeletingService (SCMBlockDeletingService.java:call(133)) - Running DeletedBlockTransactionScanner
2021-08-14 14:04:20,117 [SCMBlockDeletingService#0] DEBUG block.SCMBlockDeletingService (SCMBlockDeletingService.java:call(133)) - Running DeletedBlockTransactionScanner
2021-08-14 14:04:20,221 [SCMBlockDeletingService#0] DEBUG block.SCMBlockDeletingService (SCMBlockDeletingService.java:call(133)) - Running DeletedBlockTransactionScanner
2021-08-14 14:04:20,321 [SCMBlockDeletingService#0] DEBUG block.SCMBlockDeletingService (SCMBlockDeletingService.java:call(133)) - Running DeletedBlockTransactionScanner
2021-08-14 14:04:20,421 [SCMBlockDeletingService#0] DEBUG block.SCMBlockDeletingService (SCMBlockDeletingService.java:call(133)) - Running DeletedBlockTransactionScanner
2021-08-14 14:04:20,521 [SCMBlockDeletingService#0] DEBUG block.SCMBlockDeletingService (SCMBlockDeletingService.java:call(133)) - Running DeletedBlockTransactionScanner
2021-08-14 14:04:20,625 [SCMBlockDeletingService#0] DEBUG block.SCMBlockDeletingService (SCMBlockDeletingService.java:call(133)) - Running DeletedBlockTransactionScanner
2021-08-14 14:04:20,725 [SCMBlockDeletingService#0] DEBUG block.SCMBlockDeletingService (SCMBlockDeletingService.java:call(133)) - Running DeletedBlockTransactionScanner
2021-08-14 14:04:20,825 [SCMBlockDeletingService#0] DEBUG block.SCMBlockDeletingService (SCMBlockDeletingService.java:call(133)) - Running DeletedBlockTransactionScanner
2021-08-14 14:04:20,926 [SCMBlockDeletingService#0] DEBUG block.SCMBlockDeletingService (SCMBlockDeletingService.java:call(133)) - Running DeletedBlockTransactionScanner
2021-08-14 14:04:21,026 [SCMBlockDeletingService#0] DEBUG block.SCMBlockDeletingService (SCMBlockDeletingService.java:call(133)) - Running DeletedBlockTransactionScanner
2021-08-14 14:04:21,126 [SCMBlockDeletingService#0] DEBUG block.SCMBlockDeletingService (SCMBlockDeletingService.java:call(133)) - Running DeletedBlockTransactionScanner
2021-08-14 14:04:21,226 [SCMBlockDeletingService#0] DEBUG block.SCMBlockDeletingService (SCMBlockDeletingService.java:call(133)) - Running DeletedBlockTransactionScanner
2021-08-14 14:04:21,326 [SCMBlockDeletingService#0] DEBUG block.SCMBlockDeletingService (SCMBlockDeletingService.java:call(133)) - Running DeletedBlockTransactionScanner
2021-08-14 14:04:21,429 [SCMBlockDeletingService#0] DEBUG block.SCMBlockDeletingService (SCMBlockDeletingService.java:call(133)) - Running DeletedBlockTransactionScanner
2021-08-14 14:04:21,529 [SCMBlockDeletingService#0] DEBUG block.SCMBlockDeletingService (SCMBlockDeletingService.java:call(133)) - Running DeletedBlockTransactionScanner
2021-08-14 14:04:21,629 [SCMBlockDeletingService#0] DEBUG block.SCMBlockDeletingService (SCMBlockDeletingService.java:call(133)) - Running DeletedBlockTransactionScanner
2021-08-14 14:04:21,729 [SCMBlockDeletingService#0] DEBUG block.SCMBlockDeletingService (SCMBlockDeletingService.java:call(133)) - Running DeletedBlockTransactionScanner
2021-08-14 14:04:21,829 [SCMBlockDeletingService#0] DEBUG block.SCMBlockDeletingService (SCMBlockDeletingService.java:call(133)) - Running DeletedBlockTransactionScanner
2021-08-14 14:04:21,929 [SCMBlockDeletingService#0] DEBUG block.SCMBlockDeletingService (SCMBlockDeletingService.java:call(133)) - Running DeletedBlockTransactionScanner
2021-08-14 14:04:22,029 [SCMBlockDeletingService#0] DEBUG block.SCMBlockDeletingService (SCMBlockDeletingService.java:call(133)) - Running DeletedBlockTransactionScanner
2021-08-14 14:04:22,129 [SCMBlockDeletingService#0] DEBUG block.SCMBlockDeletingService (SCMBlockDeletingService.java:call(133)) - Running DeletedBlockTransactionScanner
2021-08-14 14:04:22,230 [SCMBlockDeletingService#0] DEBUG block.SCMBlockDeletingService (SCMBlockDeletingService.java:call(133)) - Running DeletedBlockTransactionScanner
2021-08-14 14:04:22,330 [SCMBlockDeletingService#0] DEBUG block.SCMBlockDeletingService (SCMBlockDeletingService.java:call(133)) - Running DeletedBlockTransactionScanner
2021-08-14 14:04:22,430 [SCMBlockDeletingService#0] DEBUG block.SCMBlockDeletingService (SCMBlockDeletingService.java:call(133)) - Running DeletedBlockTransactionScanner
2021-08-14 14:04:22,530 [SCMBlockDeletingService#0] DEBUG block.SCMBlockDeletingService (SCMBlockDeletingService.java:call(133)) - Running DeletedBlockTransactionScanner
2021-08-14 14:04:22,630 [SCMBlockDeletingService#0] DEBUG block.SCMBlockDeletingService (SCMBlockDeletingService.java:call(133)) - Running DeletedBlockTransactionScanner
2021-08-14 14:04:22,730 [SCMBlockDeletingService#0] DEBUG block.SCMBlockDeletingService (SCMBlockDeletingService.java:call(133)) - Running DeletedBlockTransactionScanner
2021-08-14 14:04:22,830 [SCMBlockDeletingService#0] DEBUG block.SCMBlockDeletingService (SCMBlockDeletingService.java:call(133)) - Running DeletedBlockTransactionScanner
2021-08-14 14:04:22,930 [SCMBlockDeletingService#0] DEBUG block.SCMBlockDeletingService (SCMBlockDeletingService.java:call(133)) - Running DeletedBlockTransactionScanner
2021-08-14 14:04:23,030 [SCMBlockDeletingService#0] DEBUG block.SCMBlockDeletingService (SCMBlockDeletingService.java:call(133)) - Running DeletedBlockTransactionScanner
2021-08-14 14:04:23,130 [SCMBlockDeletingService#0] DEBUG block.SCMBlockDeletingService (SCMBlockDeletingService.java:call(133)) - Running DeletedBlockTransactionScanner
2021-08-14 14:04:23,230 [SCMBlockDeletingService#0] DEBUG block.SCMBlockDeletingService (SCMBlockDeletingService.java:call(133)) - Running DeletedBlockTransactionScanner
2021-08-14 14:04:23,330 [SCMBlockDeletingService#0] DEBUG block.SCMBlockDeletingService (SCMBlockDeletingService.java:call(133)) - Running DeletedBlockTransactionScanner
2021-08-14 14:04:23,430 [SCMBlockDeletingService#0] DEBUG block.SCMBlockDeletingService (SCMBlockDeletingService.java:call(133)) - Running DeletedBlockTransactionScanner
2021-08-14 14:04:23,512 [Listener at 127.0.0.1/32925] INFO  rpc.RpcClient (RpcClient.java:createVolume(342)) - Creating Volume: 5f407756-5d94-4fdc-9f5e-c7d5f69b5051, with runner as owner and space quota set to -1 bytes, counts quota set to -1
2021-08-14 14:04:23,521 [OM StateMachine ApplyTransaction Thread - 0] INFO  volume.OMVolumeCreateRequest (OMVolumeCreateRequest.java:validateAndUpdateCache(195)) - created volume:5f407756-5d94-4fdc-9f5e-c7d5f69b5051 for user:runner
2021-08-14 14:04:23,531 [SCMBlockDeletingService#0] DEBUG block.SCMBlockDeletingService (SCMBlockDeletingService.java:call(133)) - Running DeletedBlockTransactionScanner
2021-08-14 14:04:23,546 [Listener at 127.0.0.1/32925] INFO  rpc.RpcClient (RpcClient.java:createBucket(502)) - Creating Bucket: 5f407756-5d94-4fdc-9f5e-c7d5f69b5051/180147ad-5c72-4bab-853a-cbebfad31c34, with Versioning false and Storage Type set to DISK and Encryption set to false 
2021-08-14 14:04:23,633 [SCMBlockDeletingService#0] DEBUG block.SCMBlockDeletingService (SCMBlockDeletingService.java:call(133)) - Running DeletedBlockTransactionScanner
2021-08-14 14:04:23,733 [SCMBlockDeletingService#0] DEBUG block.SCMBlockDeletingService (SCMBlockDeletingService.java:call(133)) - Running DeletedBlockTransactionScanner
2021-08-14 14:04:23,833 [SCMBlockDeletingService#0] DEBUG block.SCMBlockDeletingService (SCMBlockDeletingService.java:call(133)) - Running DeletedBlockTransactionScanner
2021-08-14 14:04:23,879 [IPC Server handler 10 on default port 43321] INFO  ha.SequenceIdGenerator (SequenceIdGenerator.java:getNextId(127)) - Allocate a batch for containerId, change lastId from 0 to 1000.
2021-08-14 14:04:23,879 [IPC Server handler 10 on default port 43321] WARN  ha.SequenceIdGenerator (SequenceIdGenerator.java:allocateBatch(234)) - Failed to allocate a batch for localId, expected lastId is 0, actual lastId is 107544261427200000.
2021-08-14 14:04:23,879 [IPC Server handler 10 on default port 43321] INFO  ha.SequenceIdGenerator (SequenceIdGenerator.java:getNextId(127)) - Allocate a batch for localId, change lastId from 107544261427200000 to 107544261427201000.
2021-08-14 14:04:23,933 [SCMBlockDeletingService#0] DEBUG block.SCMBlockDeletingService (SCMBlockDeletingService.java:call(133)) - Running DeletedBlockTransactionScanner
2021-08-14 14:04:24,033 [SCMBlockDeletingService#0] DEBUG block.SCMBlockDeletingService (SCMBlockDeletingService.java:call(133)) - Running DeletedBlockTransactionScanner
2021-08-14 14:04:24,134 [SCMBlockDeletingService#0] DEBUG block.SCMBlockDeletingService (SCMBlockDeletingService.java:call(133)) - Running DeletedBlockTransactionScanner
2021-08-14 14:04:24,234 [SCMBlockDeletingService#0] DEBUG block.SCMBlockDeletingService (SCMBlockDeletingService.java:call(133)) - Running DeletedBlockTransactionScanner
2021-08-14 14:04:24,549 [SCMBlockDeletingService#0] DEBUG block.SCMBlockDeletingService (SCMBlockDeletingService.java:call(133)) - Running DeletedBlockTransactionScanner
2021-08-14 14:04:24,649 [SCMBlockDeletingService#0] DEBUG block.SCMBlockDeletingService (SCMBlockDeletingService.java:call(133)) - Running DeletedBlockTransactionScanner
2021-08-14 14:04:24,667 [Datanode State Machine Thread - 0] WARN  statemachine.StateContext (StateContext.java:execute(621)) - No available thread in pool for past 0 seconds.
2021-08-14 14:04:24,749 [SCMBlockDeletingService#0] DEBUG block.SCMBlockDeletingService (SCMBlockDeletingService.java:call(133)) - Running DeletedBlockTransactionScanner
2021-08-14 14:04:24,849 [SCMBlockDeletingService#0] DEBUG block.SCMBlockDeletingService (SCMBlockDeletingService.java:call(133)) - Running DeletedBlockTransactionScanner
2021-08-14 14:04:24,949 [SCMBlockDeletingService#0] DEBUG block.SCMBlockDeletingService (SCMBlockDeletingService.java:call(133)) - Running DeletedBlockTransactionScanner
2021-08-14 14:04:25,049 [SCMBlockDeletingService#0] DEBUG block.SCMBlockDeletingService (SCMBlockDeletingService.java:call(133)) - Running DeletedBlockTransactionScanner
2021-08-14 14:04:25,149 [SCMBlockDeletingService#0] DEBUG block.SCMBlockDeletingService (SCMBlockDeletingService.java:call(133)) - Running DeletedBlockTransactionScanner
2021-08-14 14:04:25,249 [SCMBlockDeletingService#0] DEBUG block.SCMBlockDeletingService (SCMBlockDeletingService.java:call(133)) - Running DeletedBlockTransactionScanner
2021-08-14 14:04:25,349 [SCMBlockDeletingService#0] DEBUG block.SCMBlockDeletingService (SCMBlockDeletingService.java:call(133)) - Running DeletedBlockTransactionScanner
2021-08-14 14:04:25,453 [SCMBlockDeletingService#0] DEBUG block.SCMBlockDeletingService (SCMBlockDeletingService.java:call(133)) - Running DeletedBlockTransactionScanner
2021-08-14 14:04:25,554 [SCMBlockDeletingService#0] DEBUG block.SCMBlockDeletingService (SCMBlockDeletingService.java:call(133)) - Running DeletedBlockTransactionScanner
2021-08-14 14:04:25,654 [SCMBlockDeletingService#0] DEBUG block.SCMBlockDeletingService (SCMBlockDeletingService.java:call(133)) - Running DeletedBlockTransactionScanner
2021-08-14 14:04:25,754 [SCMBlockDeletingService#0] DEBUG block.SCMBlockDeletingService (SCMBlockDeletingService.java:call(133)) - Running DeletedBlockTransactionScanner
2021-08-14 14:04:25,854 [SCMBlockDeletingService#0] DEBUG block.SCMBlockDeletingService (SCMBlockDeletingService.java:call(133)) - Running DeletedBlockTransactionScanner
2021-08-14 14:04:25,954 [SCMBlockDeletingService#0] DEBUG block.SCMBlockDeletingService (SCMBlockDeletingService.java:call(133)) - Running DeletedBlockTransactionScanner
2021-08-14 14:04:26,057 [SCMBlockDeletingService#0] DEBUG block.SCMBlockDeletingService (SCMBlockDeletingService.java:call(133)) - Running DeletedBlockTransactionScanner
2021-08-14 14:04:26,157 [SCMBlockDeletingService#0] DEBUG block.SCMBlockDeletingService (SCMBlockDeletingService.java:call(133)) - Running DeletedBlockTransactionScanner
2021-08-14 14:04:26,257 [SCMBlockDeletingService#0] DEBUG block.SCMBlockDeletingService (SCMBlockDeletingService.java:call(133)) - Running DeletedBlockTransactionScanner
2021-08-14 14:04:26,358 [SCMBlockDeletingService#0] DEBUG block.SCMBlockDeletingService (SCMBlockDeletingService.java:call(133)) - Running DeletedBlockTransactionScanner
2021-08-14 14:04:26,458 [SCMBlockDeletingService#0] DEBUG block.SCMBlockDeletingService (SCMBlockDeletingService.java:call(133)) - Running DeletedBlockTransactionScanner
2021-08-14 14:04:26,558 [SCMBlockDeletingService#0] DEBUG block.SCMBlockDeletingService (SCMBlockDeletingService.java:call(133)) - Running DeletedBlockTransactionScanner
2021-08-14 14:04:26,659 [SCMBlockDeletingService#0] DEBUG block.SCMBlockDeletingService (SCMBlockDeletingService.java:call(133)) - Running DeletedBlockTransactionScanner
2021-08-14 14:04:26,759 [SCMBlockDeletingService#0] DEBUG block.SCMBlockDeletingService (SCMBlockDeletingService.java:call(133)) - Running DeletedBlockTransactionScanner
2021-08-14 14:04:26,859 [SCMBlockDeletingService#0] DEBUG block.SCMBlockDeletingService (SCMBlockDeletingService.java:call(133)) - Running DeletedBlockTransactionScanner
2021-08-14 14:04:26,959 [SCMBlockDeletingService#0] DEBUG block.SCMBlockDeletingService (SCMBlockDeletingService.java:call(133)) - Running DeletedBlockTransactionScanner
2021-08-14 14:04:27,059 [SCMBlockDeletingService#0] DEBUG block.SCMBlockDeletingService (SCMBlockDeletingService.java:call(133)) - Running DeletedBlockTransactionScanner
2021-08-14 14:04:27,159 [SCMBlockDeletingService#0] DEBUG block.SCMBlockDeletingService (SCMBlockDeletingService.java:call(133)) - Running DeletedBlockTransactionScanner
2021-08-14 14:04:27,259 [SCMBlockDeletingService#0] DEBUG block.SCMBlockDeletingService (SCMBlockDeletingService.java:call(133)) - Running DeletedBlockTransactionScanner
2021-08-14 14:04:27,359 [SCMBlockDeletingService#0] DEBUG block.SCMBlockDeletingService (SCMBlockDeletingService.java:call(133)) - Running DeletedBlockTransactionScanner
2021-08-14 14:04:27,459 [SCMBlockDeletingService#0] DEBUG block.SCMBlockDeletingService (SCMBlockDeletingService.java:call(133)) - Running DeletedBlockTransactionScanner
2021-08-14 14:04:27,559 [SCMBlockDeletingService#0] DEBUG block.SCMBlockDeletingService (SCMBlockDeletingService.java:call(133)) - Running DeletedBlockTransactionScanner
2021-08-14 14:04:27,659 [SCMBlockDeletingService#0] DEBUG block.SCMBlockDeletingService (SCMBlockDeletingService.java:call(133)) - Running DeletedBlockTransactionScanner
2021-08-14 14:04:27,759 [SCMBlockDeletingService#0] DEBUG block.SCMBlockDeletingService (SCMBlockDeletingService.java:call(133)) - Running DeletedBlockTransactionScanner
2021-08-14 14:04:27,860 [SCMBlockDeletingService#0] DEBUG block.SCMBlockDeletingService (SCMBlockDeletingService.java:call(133)) - Running DeletedBlockTransactionScanner
2021-08-14 14:04:27,863 [Datanode State Machine Thread - 0] WARN  statemachine.StateContext (StateContext.java:execute(621)) - No available thread in pool for past 0 seconds.
2021-08-14 14:04:27,865 [Datanode State Machine Thread - 0] WARN  statemachine.StateContext (StateContext.java:execute(621)) - No available thread in pool for past 0 seconds.
2021-08-14 14:04:27,897 [Datanode State Machine Thread - 0] WARN  statemachine.StateContext (StateContext.java:execute(621)) - No available thread in pool for past 0 seconds.
2021-08-14 14:04:27,960 [SCMBlockDeletingService#0] DEBUG block.SCMBlockDeletingService (SCMBlockDeletingService.java:call(133)) - Running DeletedBlockTransactionScanner
2021-08-14 14:04:28,060 [SCMBlockDeletingService#0] DEBUG block.SCMBlockDeletingService (SCMBlockDeletingService.java:call(133)) - Running DeletedBlockTransactionScanner
2021-08-14 14:04:28,160 [SCMBlockDeletingService#0] DEBUG block.SCMBlockDeletingService (SCMBlockDeletingService.java:call(133)) - Running DeletedBlockTransactionScanner
2021-08-14 14:04:28,260 [SCMBlockDeletingService#0] DEBUG block.SCMBlockDeletingService (SCMBlockDeletingService.java:call(133)) - Running DeletedBlockTransactionScanner
2021-08-14 14:04:28,390 [SCMBlockDeletingService#0] DEBUG block.SCMBlockDeletingService (SCMBlockDeletingService.java:call(133)) - Running DeletedBlockTransactionScanner
2021-08-14 14:04:28,490 [SCMBlockDeletingService#0] DEBUG block.SCMBlockDeletingService (SCMBlockDeletingService.java:call(133)) - Running DeletedBlockTransactionScanner
2021-08-14 14:04:28,549 [Datanode State Machine Thread - 0] WARN  statemachine.StateContext (StateContext.java:execute(621)) - No available thread in pool for past 0 seconds.
2021-08-14 14:04:28,578 [Datanode State Machine Thread - 0] WARN  statemachine.StateContext (StateContext.java:execute(621)) - No available thread in pool for past 0 seconds.
2021-08-14 14:04:28,578 [Datanode State Machine Thread - 0] WARN  statemachine.StateContext (StateContext.java:execute(621)) - No available thread in pool for past 0 seconds.
2021-08-14 14:04:28,590 [SCMBlockDeletingService#0] DEBUG block.SCMBlockDeletingService (SCMBlockDeletingService.java:call(133)) - Running DeletedBlockTransactionScanner
2021-08-14 14:04:28,691 [SCMBlockDeletingService#0] DEBUG block.SCMBlockDeletingService (SCMBlockDeletingService.java:call(133)) - Running DeletedBlockTransactionScanner
2021-08-14 14:04:28,791 [SCMBlockDeletingService#0] DEBUG block.SCMBlockDeletingService (SCMBlockDeletingService.java:call(133)) - Running DeletedBlockTransactionScanner
2021-08-14 14:04:28,912 [SCMBlockDeletingService#0] DEBUG block.SCMBlockDeletingService (SCMBlockDeletingService.java:call(133)) - Running DeletedBlockTransactionScanner
2021-08-14 14:04:29,012 [SCMBlockDeletingService#0] DEBUG block.SCMBlockDeletingService (SCMBlockDeletingService.java:call(133)) - Running DeletedBlockTransactionScanner
2021-08-14 14:04:29,105 [Datanode State Machine Thread - 0] WARN  statemachine.StateContext (StateContext.java:execute(621)) - No available thread in pool for past 0 seconds.
2021-08-14 14:04:29,109 [Datanode State Machine Thread - 0] WARN  statemachine.StateContext (StateContext.java:execute(621)) - No available thread in pool for past 0 seconds.
2021-08-14 14:04:29,112 [SCMBlockDeletingService#0] DEBUG block.SCMBlockDeletingService (SCMBlockDeletingService.java:call(133)) - Running DeletedBlockTransactionScanner
2021-08-14 14:04:29,112 [Datanode State Machine Thread - 0] WARN  statemachine.StateContext (StateContext.java:execute(621)) - No available thread in pool for past 0 seconds.
2021-08-14 14:04:29,241 [SCMBlockDeletingService#0] DEBUG block.SCMBlockDeletingService (SCMBlockDeletingService.java:call(133)) - Running DeletedBlockTransactionScanner
2021-08-14 14:04:29,342 [SCMBlockDeletingService#0] DEBUG block.SCMBlockDeletingService (SCMBlockDeletingService.java:call(133)) - Running DeletedBlockTransactionScanner
2021-08-14 14:04:29,442 [SCMBlockDeletingService#0] DEBUG block.SCMBlockDeletingService (SCMBlockDeletingService.java:call(133)) - Running DeletedBlockTransactionScanner
2021-08-14 14:04:29,542 [SCMBlockDeletingService#0] DEBUG block.SCMBlockDeletingService (SCMBlockDeletingService.java:call(133)) - Running DeletedBlockTransactionScanner
2021-08-14 14:04:29,642 [SCMBlockDeletingService#0] DEBUG block.SCMBlockDeletingService (SCMBlockDeletingService.java:call(133)) - Running DeletedBlockTransactionScanner
2021-08-14 14:04:29,664 [Datanode State Machine Thread - 0] WARN  statemachine.StateContext (StateContext.java:execute(621)) - No available thread in pool for past 0 seconds.
2021-08-14 14:04:29,704 [Datanode State Machine Thread - 0] WARN  statemachine.StateContext (StateContext.java:execute(621)) - No available thread in pool for past 0 seconds.
2021-08-14 14:04:29,709 [Datanode State Machine Thread - 0] WARN  statemachine.StateContext (StateContext.java:execute(621)) - No available thread in pool for past 0 seconds.
2021-08-14 14:04:29,742 [SCMBlockDeletingService#0] DEBUG block.SCMBlockDeletingService (SCMBlockDeletingService.java:call(133)) - Running DeletedBlockTransactionScanner
2021-08-14 14:04:29,842 [SCMBlockDeletingService#0] DEBUG block.SCMBlockDeletingService (SCMBlockDeletingService.java:call(133)) - Running DeletedBlockTransactionScanner
2021-08-14 14:04:29,946 [SCMBlockDeletingService#0] DEBUG block.SCMBlockDeletingService (SCMBlockDeletingService.java:call(133)) - Running DeletedBlockTransactionScanner
2021-08-14 14:04:30,046 [SCMBlockDeletingService#0] DEBUG block.SCMBlockDeletingService (SCMBlockDeletingService.java:call(133)) - Running DeletedBlockTransactionScanner
2021-08-14 14:04:30,146 [SCMBlockDeletingService#0] DEBUG block.SCMBlockDeletingService (SCMBlockDeletingService.java:call(133)) - Running DeletedBlockTransactionScanner
2021-08-14 14:04:30,246 [SCMBlockDeletingService#0] DEBUG block.SCMBlockDeletingService (SCMBlockDeletingService.java:call(133)) - Running DeletedBlockTransactionScanner
2021-08-14 14:04:30,346 [SCMBlockDeletingService#0] DEBUG block.SCMBlockDeletingService (SCMBlockDeletingService.java:call(133)) - Running DeletedBlockTransactionScanner
2021-08-14 14:04:30,369 [Datanode State Machine Thread - 0] WARN  statemachine.StateContext (StateContext.java:execute(621)) - No available thread in pool for past 0 seconds.
2021-08-14 14:04:30,404 [Datanode State Machine Thread - 0] WARN  statemachine.StateContext (StateContext.java:execute(621)) - No available thread in pool for past 0 seconds.
2021-08-14 14:04:30,412 [Datanode State Machine Thread - 0] WARN  statemachine.StateContext (StateContext.java:execute(621)) - No available thread in pool for past 0 seconds.
2021-08-14 14:04:30,447 [SCMBlockDeletingService#0] DEBUG block.SCMBlockDeletingService (SCMBlockDeletingService.java:call(133)) - Running DeletedBlockTransactionScanner
2021-08-14 14:04:30,550 [SCMBlockDeletingService#0] DEBUG block.SCMBlockDeletingService (SCMBlockDeletingService.java:call(133)) - Running DeletedBlockTransactionScanner
2021-08-14 14:04:30,650 [SCMBlockDeletingService#0] DEBUG block.SCMBlockDeletingService (SCMBlockDeletingService.java:call(133)) - Running DeletedBlockTransactionScanner
2021-08-14 14:04:30,750 [SCMBlockDeletingService#0] DEBUG block.SCMBlockDeletingService (SCMBlockDeletingService.java:call(133)) - Running DeletedBlockTransactionScanner
2021-08-14 14:04:30,850 [SCMBlockDeletingService#0] DEBUG block.SCMBlockDeletingService (SCMBlockDeletingService.java:call(133)) - Running DeletedBlockTransactionScanner
2021-08-14 14:04:30,950 [SCMBlockDeletingService#0] DEBUG block.SCMBlockDeletingService (SCMBlockDeletingService.java:call(133)) - Running DeletedBlockTransactionScanner
2021-08-14 14:04:31,050 [SCMBlockDeletingService#0] DEBUG block.SCMBlockDeletingService (SCMBlockDeletingService.java:call(133)) - Running DeletedBlockTransactionScanner
2021-08-14 14:04:31,150 [SCMBlockDeletingService#0] DEBUG block.SCMBlockDeletingService (SCMBlockDeletingService.java:call(133)) - Running DeletedBlockTransactionScanner
2021-08-14 14:04:31,253 [SCMBlockDeletingService#0] DEBUG block.SCMBlockDeletingService (SCMBlockDeletingService.java:call(133)) - Running DeletedBlockTransactionScanner
2021-08-14 14:04:31,353 [SCMBlockDeletingService#0] DEBUG block.SCMBlockDeletingService (SCMBlockDeletingService.java:call(133)) - Running DeletedBlockTransactionScanner
2021-08-14 14:04:31,365 [Datanode State Machine Thread - 0] WARN  statemachine.StateContext (StateContext.java:execute(621)) - No available thread in pool for past 0 seconds.
2021-08-14 14:04:31,368 [Datanode State Machine Thread - 0] WARN  statemachine.StateContext (StateContext.java:execute(621)) - No available thread in pool for past 0 seconds.
2021-08-14 14:04:31,409 [Datanode State Machine Thread - 0] WARN  statemachine.StateContext (StateContext.java:execute(621)) - No available thread in pool for past 0 seconds.
2021-08-14 14:04:31,482 [SCMBlockDeletingService#0] DEBUG block.SCMBlockDeletingService (SCMBlockDeletingService.java:call(133)) - Running DeletedBlockTransactionScanner
2021-08-14 14:04:31,582 [SCMBlockDeletingService#0] DEBUG block.SCMBlockDeletingService (SCMBlockDeletingService.java:call(133)) - Running DeletedBlockTransactionScanner
2021-08-14 14:04:31,685 [SCMBlockDeletingService#0] DEBUG block.SCMBlockDeletingService (SCMBlockDeletingService.java:call(133)) - Running DeletedBlockTransactionScanner
2021-08-14 14:04:31,788 [SCMBlockDeletingService#0] DEBUG block.SCMBlockDeletingService (SCMBlockDeletingService.java:call(133)) - Running DeletedBlockTransactionScanner
2021-08-14 14:04:31,888 [SCMBlockDeletingService#0] DEBUG block.SCMBlockDeletingService (SCMBlockDeletingService.java:call(133)) - Running DeletedBlockTransactionScanner
2021-08-14 14:04:31,948 [Datanode State Machine Thread - 0] WARN  statemachine.StateContext (StateContext.java:execute(621)) - No available thread in pool for past 0 seconds.
2021-08-14 14:04:31,949 [Datanode State Machine Thread - 0] WARN  statemachine.StateContext (StateContext.java:execute(621)) - No available thread in pool for past 0 seconds.
2021-08-14 14:04:31,956 [Datanode State Machine Thread - 0] WARN  statemachine.StateContext (StateContext.java:execute(621)) - No available thread in pool for past 0 seconds.
2021-08-14 14:04:31,988 [SCMBlockDeletingService#0] DEBUG block.SCMBlockDeletingService (SCMBlockDeletingService.java:call(133)) - Running DeletedBlockTransactionScanner
2021-08-14 14:04:32,088 [SCMBlockDeletingService#0] DEBUG block.SCMBlockDeletingService (SCMBlockDeletingService.java:call(133)) - Running DeletedBlockTransactionScanner
2021-08-14 14:04:32,196 [SCMBlockDeletingService#0] DEBUG block.SCMBlockDeletingService (SCMBlockDeletingService.java:call(133)) - Running DeletedBlockTransactionScanner
2021-08-14 14:04:32,297 [SCMBlockDeletingService#0] DEBUG block.SCMBlockDeletingService (SCMBlockDeletingService.java:call(133)) - Running DeletedBlockTransactionScanner
2021-08-14 14:04:32,397 [SCMBlockDeletingService#0] DEBUG block.SCMBlockDeletingService (SCMBlockDeletingService.java:call(133)) - Running DeletedBlockTransactionScanner
2021-08-14 14:04:32,497 [SCMBlockDeletingService#0] DEBUG block.SCMBlockDeletingService (SCMBlockDeletingService.java:call(133)) - Running DeletedBlockTransactionScanner
2021-08-14 14:04:32,597 [SCMBlockDeletingService#0] DEBUG block.SCMBlockDeletingService (SCMBlockDeletingService.java:call(133)) - Running DeletedBlockTransactionScanner
2021-08-14 14:04:32,697 [SCMBlockDeletingService#0] DEBUG block.SCMBlockDeletingService (SCMBlockDeletingService.java:call(133)) - Running DeletedBlockTransactionScanner
2021-08-14 14:04:32,797 [SCMBlockDeletingService#0] DEBUG block.SCMBlockDeletingService (SCMBlockDeletingService.java:call(133)) - Running DeletedBlockTransactionScanner
2021-08-14 14:04:32,897 [SCMBlockDeletingService#0] DEBUG block.SCMBlockDeletingService (SCMBlockDeletingService.java:call(133)) - Running DeletedBlockTransactionScanner
2021-08-14 14:04:32,997 [SCMBlockDeletingService#0] DEBUG block.SCMBlockDeletingService (SCMBlockDeletingService.java:call(133)) - Running DeletedBlockTransactionScanner
2021-08-14 14:04:33,097 [SCMBlockDeletingService#0] DEBUG block.SCMBlockDeletingService (SCMBlockDeletingService.java:call(133)) - Running DeletedBlockTransactionScanner
2021-08-14 14:04:33,197 [SCMBlockDeletingService#0] DEBUG block.SCMBlockDeletingService (SCMBlockDeletingService.java:call(133)) - Running DeletedBlockTransactionScanner
2021-08-14 14:04:33,297 [SCMBlockDeletingService#0] DEBUG block.SCMBlockDeletingService (SCMBlockDeletingService.java:call(133)) - Running DeletedBlockTransactionScanner
2021-08-14 14:04:33,398 [SCMBlockDeletingService#0] DEBUG block.SCMBlockDeletingService (SCMBlockDeletingService.java:call(133)) - Running DeletedBlockTransactionScanner
2021-08-14 14:04:33,498 [SCMBlockDeletingService#0] DEBUG block.SCMBlockDeletingService (SCMBlockDeletingService.java:call(133)) - Running DeletedBlockTransactionScanner
2021-08-14 14:04:33,598 [SCMBlockDeletingService#0] DEBUG block.SCMBlockDeletingService (SCMBlockDeletingService.java:call(133)) - Running DeletedBlockTransactionScanner
2021-08-14 14:04:33,699 [SCMBlockDeletingService#0] DEBUG block.SCMBlockDeletingService (SCMBlockDeletingService.java:call(133)) - Running DeletedBlockTransactionScanner
2021-08-14 14:04:33,799 [SCMBlockDeletingService#0] DEBUG block.SCMBlockDeletingService (SCMBlockDeletingService.java:call(133)) - Running DeletedBlockTransactionScanner
2021-08-14 14:04:33,899 [SCMBlockDeletingService#0] DEBUG block.SCMBlockDeletingService (SCMBlockDeletingService.java:call(133)) - Running DeletedBlockTransactionScanner
2021-08-14 14:04:33,999 [SCMBlockDeletingService#0] DEBUG block.SCMBlockDeletingService (SCMBlockDeletingService.java:call(133)) - Running DeletedBlockTransactionScanner
2021-08-14 14:04:34,099 [SCMBlockDeletingService#0] DEBUG block.SCMBlockDeletingService (SCMBlockDeletingService.java:call(133)) - Running DeletedBlockTransactionScanner
2021-08-14 14:04:34,199 [SCMBlockDeletingService#0] DEBUG block.SCMBlockDeletingService (SCMBlockDeletingService.java:call(133)) - Running DeletedBlockTransactionScanner
2021-08-14 14:04:34,299 [SCMBlockDeletingService#0] DEBUG block.SCMBlockDeletingService (SCMBlockDeletingService.java:call(133)) - Running DeletedBlockTransactionScanner
2021-08-14 14:04:34,399 [SCMBlockDeletingService#0] DEBUG block.SCMBlockDeletingService (SCMBlockDeletingService.java:call(133)) - Running DeletedBlockTransactionScanner
2021-08-14 14:04:34,499 [SCMBlockDeletingService#0] DEBUG block.SCMBlockDeletingService (SCMBlockDeletingService.java:call(133)) - Running DeletedBlockTransactionScanner
2021-08-14 14:04:34,599 [SCMBlockDeletingService#0] DEBUG block.SCMBlockDeletingService (SCMBlockDeletingService.java:call(133)) - Running DeletedBlockTransactionScanner
2021-08-14 14:04:34,699 [SCMBlockDeletingService#0] DEBUG block.SCMBlockDeletingService (SCMBlockDeletingService.java:call(133)) - Running DeletedBlockTransactionScanner
2021-08-14 14:04:34,799 [SCMBlockDeletingService#0] DEBUG block.SCMBlockDeletingService (SCMBlockDeletingService.java:call(133)) - Running DeletedBlockTransactionScanner
2021-08-14 14:04:34,899 [SCMBlockDeletingService#0] DEBUG block.SCMBlockDeletingService (SCMBlockDeletingService.java:call(133)) - Running DeletedBlockTransactionScanner
2021-08-14 14:04:34,999 [SCMBlockDeletingService#0] DEBUG block.SCMBlockDeletingService (SCMBlockDeletingService.java:call(133)) - Running DeletedBlockTransactionScanner
2021-08-14 14:04:35,034 [Datanode State Machine Thread - 0] WARN  statemachine.StateContext (StateContext.java:execute(621)) - No available thread in pool for past 0 seconds.
2021-08-14 14:04:35,035 [Datanode State Machine Thread - 0] WARN  statemachine.StateContext (StateContext.java:execute(621)) - No available thread in pool for past 0 seconds.
2021-08-14 14:04:35,040 [Datanode State Machine Thread - 0] WARN  statemachine.StateContext (StateContext.java:execute(621)) - No available thread in pool for past 0 seconds.
2021-08-14 14:04:35,100 [SCMBlockDeletingService#0] DEBUG block.SCMBlockDeletingService (SCMBlockDeletingService.java:call(133)) - Running DeletedBlockTransactionScanner
2021-08-14 14:04:35,205 [SCMBlockDeletingService#0] DEBUG block.SCMBlockDeletingService (SCMBlockDeletingService.java:call(133)) - Running DeletedBlockTransactionScanner
2021-08-14 14:04:35,306 [SCMBlockDeletingService#0] DEBUG block.SCMBlockDeletingService (SCMBlockDeletingService.java:call(133)) - Running DeletedBlockTransactionScanner
2021-08-14 14:04:35,406 [SCMBlockDeletingService#0] DEBUG block.SCMBlockDeletingService (SCMBlockDeletingService.java:call(133)) - Running DeletedBlockTransactionScanner
2021-08-14 14:04:35,506 [SCMBlockDeletingService#0] DEBUG block.SCMBlockDeletingService (SCMBlockDeletingService.java:call(133)) - Running DeletedBlockTransactionScanner
2021-08-14 14:04:35,530 [Datanode State Machine Thread - 0] WARN  statemachine.StateContext (StateContext.java:execute(621)) - No available thread in pool for past 0 seconds.
2021-08-14 14:04:35,571 [Datanode State Machine Thread - 0] WARN  statemachine.StateContext (StateContext.java:execute(621)) - No available thread in pool for past 0 seconds.
2021-08-14 14:04:35,572 [Datanode State Machine Thread - 0] WARN  statemachine.StateContext (StateContext.java:execute(621)) - No available thread in pool for past 0 seconds.
2021-08-14 14:04:35,606 [SCMBlockDeletingService#0] DEBUG block.SCMBlockDeletingService (SCMBlockDeletingService.java:call(133)) - Running DeletedBlockTransactionScanner
2021-08-14 14:04:35,706 [SCMBlockDeletingService#0] DEBUG block.SCMBlockDeletingService (SCMBlockDeletingService.java:call(133)) - Running DeletedBlockTransactionScanner
2021-08-14 14:04:35,809 [SCMBlockDeletingService#0] DEBUG block.SCMBlockDeletingService (SCMBlockDeletingService.java:call(133)) - Running DeletedBlockTransactionScanner
2021-08-14 14:04:35,909 [SCMBlockDeletingService#0] DEBUG block.SCMBlockDeletingService (SCMBlockDeletingService.java:call(133)) - Running DeletedBlockTransactionScanner
2021-08-14 14:04:36,009 [SCMBlockDeletingService#0] DEBUG block.SCMBlockDeletingService (SCMBlockDeletingService.java:call(133)) - Running DeletedBlockTransactionScanner
2021-08-14 14:04:36,109 [SCMBlockDeletingService#0] DEBUG block.SCMBlockDeletingService (SCMBlockDeletingService.java:call(133)) - Running DeletedBlockTransactionScanner
2021-08-14 14:04:36,174 [Datanode State Machine Thread - 0] WARN  statemachine.StateContext (StateContext.java:execute(621)) - No available thread in pool for past 0 seconds.
2021-08-14 14:04:36,174 [Datanode State Machine Thread - 0] WARN  statemachine.StateContext (StateContext.java:execute(621)) - No available thread in pool for past 0 seconds.
2021-08-14 14:04:36,210 [SCMBlockDeletingService#0] DEBUG block.SCMBlockDeletingService (SCMBlockDeletingService.java:call(133)) - Running DeletedBlockTransactionScanner
2021-08-14 14:04:36,310 [SCMBlockDeletingService#0] DEBUG block.SCMBlockDeletingService (SCMBlockDeletingService.java:call(133)) - Running DeletedBlockTransactionScanner
2021-08-14 14:04:36,410 [SCMBlockDeletingService#0] DEBUG block.SCMBlockDeletingService (SCMBlockDeletingService.java:call(133)) - Running DeletedBlockTransactionScanner
2021-08-14 14:04:36,510 [SCMBlockDeletingService#0] DEBUG block.SCMBlockDeletingService (SCMBlockDeletingService.java:call(133)) - Running DeletedBlockTransactionScanner
2021-08-14 14:04:36,610 [SCMBlockDeletingService#0] DEBUG block.SCMBlockDeletingService (SCMBlockDeletingService.java:call(133)) - Running DeletedBlockTransactionScanner
2021-08-14 14:04:36,710 [SCMBlockDeletingService#0] DEBUG block.SCMBlockDeletingService (SCMBlockDeletingService.java:call(133)) - Running DeletedBlockTransactionScanner
2021-08-14 14:04:36,810 [SCMBlockDeletingService#0] DEBUG block.SCMBlockDeletingService (SCMBlockDeletingService.java:call(133)) - Running DeletedBlockTransactionScanner
2021-08-14 14:04:36,910 [SCMBlockDeletingService#0] DEBUG block.SCMBlockDeletingService (SCMBlockDeletingService.java:call(133)) - Running DeletedBlockTransactionScanner
2021-08-14 14:04:37,010 [SCMBlockDeletingService#0] DEBUG block.SCMBlockDeletingService (SCMBlockDeletingService.java:call(133)) - Running DeletedBlockTransactionScanner
2021-08-14 14:04:37,113 [SCMBlockDeletingService#0] DEBUG block.SCMBlockDeletingService (SCMBlockDeletingService.java:call(133)) - Running DeletedBlockTransactionScanner
2021-08-14 14:04:37,213 [SCMBlockDeletingService#0] DEBUG block.SCMBlockDeletingService (SCMBlockDeletingService.java:call(133)) - Running DeletedBlockTransactionScanner
2021-08-14 14:04:37,313 [SCMBlockDeletingService#0] DEBUG block.SCMBlockDeletingService (SCMBlockDeletingService.java:call(133)) - Running DeletedBlockTransactionScanner
2021-08-14 14:04:37,413 [SCMBlockDeletingService#0] DEBUG block.SCMBlockDeletingService (SCMBlockDeletingService.java:call(133)) - Running DeletedBlockTransactionScanner
2021-08-14 14:04:37,513 [SCMBlockDeletingService#0] DEBUG block.SCMBlockDeletingService (SCMBlockDeletingService.java:call(133)) - Running DeletedBlockTransactionScanner
2021-08-14 14:04:37,613 [SCMBlockDeletingService#0] DEBUG block.SCMBlockDeletingService (SCMBlockDeletingService.java:call(133)) - Running DeletedBlockTransactionScanner
2021-08-14 14:04:37,713 [SCMBlockDeletingService#0] DEBUG block.SCMBlockDeletingService (SCMBlockDeletingService.java:call(133)) - Running DeletedBlockTransactionScanner
2021-08-14 14:04:37,813 [SCMBlockDeletingService#0] DEBUG block.SCMBlockDeletingService (SCMBlockDeletingService.java:call(133)) - Running DeletedBlockTransactionScanner
2021-08-14 14:04:37,913 [SCMBlockDeletingService#0] DEBUG block.SCMBlockDeletingService (SCMBlockDeletingService.java:call(133)) - Running DeletedBlockTransactionScanner
2021-08-14 14:04:38,013 [SCMBlockDeletingService#0] DEBUG block.SCMBlockDeletingService (SCMBlockDeletingService.java:call(133)) - Running DeletedBlockTransactionScanner
2021-08-14 14:04:38,113 [SCMBlockDeletingService#0] DEBUG block.SCMBlockDeletingService (SCMBlockDeletingService.java:call(133)) - Running DeletedBlockTransactionScanner
2021-08-14 14:04:38,213 [SCMBlockDeletingService#0] DEBUG block.SCMBlockDeletingService (SCMBlockDeletingService.java:call(133)) - Running DeletedBlockTransactionScanner
2021-08-14 14:04:38,314 [SCMBlockDeletingService#0] DEBUG block.SCMBlockDeletingService (SCMBlockDeletingService.java:call(133)) - Running DeletedBlockTransactionScanner
2021-08-14 14:04:38,414 [SCMBlockDeletingService#0] DEBUG block.SCMBlockDeletingService (SCMBlockDeletingService.java:call(133)) - Running DeletedBlockTransactionScanner
2021-08-14 14:04:38,514 [SCMBlockDeletingService#0] DEBUG block.SCMBlockDeletingService (SCMBlockDeletingService.java:call(133)) - Running DeletedBlockTransactionScanner
2021-08-14 14:04:38,614 [SCMBlockDeletingService#0] DEBUG block.SCMBlockDeletingService (SCMBlockDeletingService.java:call(133)) - Running DeletedBlockTransactionScanner
2021-08-14 14:04:38,714 [SCMBlockDeletingService#0] DEBUG block.SCMBlockDeletingService (SCMBlockDeletingService.java:call(133)) - Running DeletedBlockTransactionScanner
2021-08-14 14:04:38,814 [SCMBlockDeletingService#0] DEBUG block.SCMBlockDeletingService (SCMBlockDeletingService.java:call(133)) - Running DeletedBlockTransactionScanner
2021-08-14 14:04:38,914 [SCMBlockDeletingService#0] DEBUG block.SCMBlockDeletingService (SCMBlockDeletingService.java:call(133)) - Running DeletedBlockTransactionScanner
2021-08-14 14:04:39,014 [SCMBlockDeletingService#0] DEBUG block.SCMBlockDeletingService (SCMBlockDeletingService.java:call(133)) - Running DeletedBlockTransactionScanner
2021-08-14 14:04:39,114 [SCMBlockDeletingService#0] DEBUG block.SCMBlockDeletingService (SCMBlockDeletingService.java:call(133)) - Running DeletedBlockTransactionScanner
2021-08-14 14:04:39,214 [SCMBlockDeletingService#0] DEBUG block.SCMBlockDeletingService (SCMBlockDeletingService.java:call(133)) - Running DeletedBlockTransactionScanner
2021-08-14 14:04:39,314 [SCMBlockDeletingService#0] DEBUG block.SCMBlockDeletingService (SCMBlockDeletingService.java:call(133)) - Running DeletedBlockTransactionScanner
2021-08-14 14:04:39,417 [SCMBlockDeletingService#0] DEBUG block.SCMBlockDeletingService (SCMBlockDeletingService.java:call(133)) - Running DeletedBlockTransactionScanner
2021-08-14 14:04:39,458 [Datanode State Machine Thread - 0] WARN  statemachine.StateContext (StateContext.java:execute(621)) - No available thread in pool for past 0 seconds.
2021-08-14 14:04:39,460 [Datanode State Machine Thread - 0] WARN  statemachine.StateContext (StateContext.java:execute(621)) - No available thread in pool for past 0 seconds.
2021-08-14 14:04:39,477 [Datanode State Machine Thread - 0] WARN  statemachine.StateContext (StateContext.java:execute(621)) - No available thread in pool for past 0 seconds.
2021-08-14 14:04:39,517 [SCMBlockDeletingService#0] DEBUG block.SCMBlockDeletingService (SCMBlockDeletingService.java:call(133)) - Running DeletedBlockTransactionScanner
2021-08-14 14:04:39,617 [SCMBlockDeletingService#0] DEBUG block.SCMBlockDeletingService (SCMBlockDeletingService.java:call(133)) - Running DeletedBlockTransactionScanner
2021-08-14 14:04:39,717 [SCMBlockDeletingService#0] DEBUG block.SCMBlockDeletingService (SCMBlockDeletingService.java:call(133)) - Running DeletedBlockTransactionScanner
2021-08-14 14:04:39,817 [SCMBlockDeletingService#0] DEBUG block.SCMBlockDeletingService (SCMBlockDeletingService.java:call(133)) - Running DeletedBlockTransactionScanner
2021-08-14 14:04:39,925 [SCMBlockDeletingService#0] DEBUG block.SCMBlockDeletingService (SCMBlockDeletingService.java:call(133)) - Running DeletedBlockTransactionScanner
2021-08-14 14:04:40,025 [SCMBlockDeletingService#0] DEBUG block.SCMBlockDeletingService (SCMBlockDeletingService.java:call(133)) - Running DeletedBlockTransactionScanner
2021-08-14 14:04:40,125 [SCMBlockDeletingService#0] DEBUG block.SCMBlockDeletingService (SCMBlockDeletingService.java:call(133)) - Running DeletedBlockTransactionScanner
2021-08-14 14:04:40,225 [SCMBlockDeletingService#0] DEBUG block.SCMBlockDeletingService (SCMBlockDeletingService.java:call(133)) - Running DeletedBlockTransactionScanner
2021-08-14 14:04:40,325 [SCMBlockDeletingService#0] DEBUG block.SCMBlockDeletingService (SCMBlockDeletingService.java:call(133)) - Running DeletedBlockTransactionScanner
2021-08-14 14:04:40,426 [SCMBlockDeletingService#0] DEBUG block.SCMBlockDeletingService (SCMBlockDeletingService.java:call(133)) - Running DeletedBlockTransactionScanner
2021-08-14 14:04:40,526 [SCMBlockDeletingService#0] DEBUG block.SCMBlockDeletingService (SCMBlockDeletingService.java:call(133)) - Running DeletedBlockTransactionScanner
2021-08-14 14:04:40,626 [SCMBlockDeletingService#0] DEBUG block.SCMBlockDeletingService (SCMBlockDeletingService.java:call(133)) - Running DeletedBlockTransactionScanner
2021-08-14 14:04:40,726 [SCMBlockDeletingService#0] DEBUG block.SCMBlockDeletingService (SCMBlockDeletingService.java:call(133)) - Running DeletedBlockTransactionScanner
2021-08-14 14:04:40,827 [SCMBlockDeletingService#0] DEBUG block.SCMBlockDeletingService (SCMBlockDeletingService.java:call(133)) - Running DeletedBlockTransactionScanner
2021-08-14 14:04:40,927 [SCMBlockDeletingService#0] DEBUG block.SCMBlockDeletingService (SCMBlockDeletingService.java:call(133)) - Running DeletedBlockTransactionScanner
2021-08-14 14:04:41,029 [SCMBlockDeletingService#0] DEBUG block.SCMBlockDeletingService (SCMBlockDeletingService.java:call(133)) - Running DeletedBlockTransactionScanner
2021-08-14 14:04:41,129 [SCMBlockDeletingService#0] DEBUG block.SCMBlockDeletingService (SCMBlockDeletingService.java:call(133)) - Running DeletedBlockTransactionScanner
2021-08-14 14:04:41,229 [SCMBlockDeletingService#0] DEBUG block.SCMBlockDeletingService (SCMBlockDeletingService.java:call(133)) - Running DeletedBlockTransactionScanner
2021-08-14 14:04:41,330 [SCMBlockDeletingService#0] DEBUG block.SCMBlockDeletingService (SCMBlockDeletingService.java:call(133)) - Running DeletedBlockTransactionScanner
2021-08-14 14:04:41,430 [SCMBlockDeletingService#0] DEBUG block.SCMBlockDeletingService (SCMBlockDeletingService.java:call(133)) - Running DeletedBlockTransactionScanner
2021-08-14 14:04:41,530 [SCMBlockDeletingService#0] DEBUG block.SCMBlockDeletingService (SCMBlockDeletingService.java:call(133)) - Running DeletedBlockTransactionScanner
2021-08-14 14:04:41,630 [SCMBlockDeletingService#0] DEBUG block.SCMBlockDeletingService (SCMBlockDeletingService.java:call(133)) - Running DeletedBlockTransactionScanner
2021-08-14 14:04:41,731 [SCMBlockDeletingService#0] DEBUG block.SCMBlockDeletingService (SCMBlockDeletingService.java:call(133)) - Running DeletedBlockTransactionScanner
2021-08-14 14:04:41,831 [SCMBlockDeletingService#0] DEBUG block.SCMBlockDeletingService (SCMBlockDeletingService.java:call(133)) - Running DeletedBlockTransactionScanner
2021-08-14 14:04:41,931 [SCMBlockDeletingService#0] DEBUG block.SCMBlockDeletingService (SCMBlockDeletingService.java:call(133)) - Running DeletedBlockTransactionScanner
2021-08-14 14:04:42,031 [SCMBlockDeletingService#0] DEBUG block.SCMBlockDeletingService (SCMBlockDeletingService.java:call(133)) - Running DeletedBlockTransactionScanner
2021-08-14 14:04:42,132 [SCMBlockDeletingService#0] DEBUG block.SCMBlockDeletingService (SCMBlockDeletingService.java:call(133)) - Running DeletedBlockTransactionScanner
2021-08-14 14:04:42,232 [SCMBlockDeletingService#0] DEBUG block.SCMBlockDeletingService (SCMBlockDeletingService.java:call(133)) - Running DeletedBlockTransactionScanner
2021-08-14 14:04:42,332 [SCMBlockDeletingService#0] DEBUG block.SCMBlockDeletingService (SCMBlockDeletingService.java:call(133)) - Running DeletedBlockTransactionScanner
2021-08-14 14:04:42,432 [SCMBlockDeletingService#0] DEBUG block.SCMBlockDeletingService (SCMBlockDeletingService.java:call(133)) - Running DeletedBlockTransactionScanner
2021-08-14 14:04:42,444 [Datanode State Machine Thread - 0] WARN  statemachine.StateContext (StateContext.java:execute(621)) - No available thread in pool for past 0 seconds.
2021-08-14 14:04:42,455 [Datanode State Machine Thread - 0] WARN  statemachine.StateContext (StateContext.java:execute(621)) - No available thread in pool for past 0 seconds.
2021-08-14 14:04:42,456 [Datanode State Machine Thread - 0] WARN  statemachine.StateContext (StateContext.java:execute(621)) - No available thread in pool for past 0 seconds.
2021-08-14 14:04:42,532 [SCMBlockDeletingService#0] DEBUG block.SCMBlockDeletingService (SCMBlockDeletingService.java:call(133)) - Running DeletedBlockTransactionScanner
2021-08-14 14:04:42,632 [SCMBlockDeletingService#0] DEBUG block.SCMBlockDeletingService (SCMBlockDeletingService.java:call(133)) - Running DeletedBlockTransactionScanner
2021-08-14 14:04:42,732 [SCMBlockDeletingService#0] DEBUG block.SCMBlockDeletingService (SCMBlockDeletingService.java:call(133)) - Running DeletedBlockTransactionScanner
2021-08-14 14:04:42,832 [SCMBlockDeletingService#0] DEBUG block.SCMBlockDeletingService (SCMBlockDeletingService.java:call(133)) - Running DeletedBlockTransactionScanner
2021-08-14 14:04:42,932 [SCMBlockDeletingService#0] DEBUG block.SCMBlockDeletingService (SCMBlockDeletingService.java:call(133)) - Running DeletedBlockTransactionScanner
2021-08-14 14:04:43,032 [SCMBlockDeletingService#0] DEBUG block.SCMBlockDeletingService (SCMBlockDeletingService.java:call(133)) - Running DeletedBlockTransactionScanner
2021-08-14 14:04:43,132 [SCMBlockDeletingService#0] DEBUG block.SCMBlockDeletingService (SCMBlockDeletingService.java:call(133)) - Running DeletedBlockTransactionScanner
2021-08-14 14:04:43,232 [SCMBlockDeletingService#0] DEBUG block.SCMBlockDeletingService (SCMBlockDeletingService.java:call(133)) - Running DeletedBlockTransactionScanner
2021-08-14 14:04:43,332 [SCMBlockDeletingService#0] DEBUG block.SCMBlockDeletingService (SCMBlockDeletingService.java:call(133)) - Running DeletedBlockTransactionScanner
2021-08-14 14:04:43,432 [SCMBlockDeletingService#0] DEBUG block.SCMBlockDeletingService (SCMBlockDeletingService.java:call(133)) - Running DeletedBlockTransactionScanner
2021-08-14 14:04:43,533 [SCMBlockDeletingService#0] DEBUG block.SCMBlockDeletingService (SCMBlockDeletingService.java:call(133)) - Running DeletedBlockTransactionScanner
2021-08-14 14:04:43,633 [SCMBlockDeletingService#0] DEBUG block.SCMBlockDeletingService (SCMBlockDeletingService.java:call(133)) - Running DeletedBlockTransactionScanner
2021-08-14 14:04:43,733 [SCMBlockDeletingService#0] DEBUG block.SCMBlockDeletingService (SCMBlockDeletingService.java:call(133)) - Running DeletedBlockTransactionScanner
2021-08-14 14:04:43,833 [SCMBlockDeletingService#0] DEBUG block.SCMBlockDeletingService (SCMBlockDeletingService.java:call(133)) - Running DeletedBlockTransactionScanner
2021-08-14 14:04:43,933 [SCMBlockDeletingService#0] DEBUG block.SCMBlockDeletingService (SCMBlockDeletingService.java:call(133)) - Running DeletedBlockTransactionScanner
2021-08-14 14:04:44,033 [SCMBlockDeletingService#0] DEBUG block.SCMBlockDeletingService (SCMBlockDeletingService.java:call(133)) - Running DeletedBlockTransactionScanner
2021-08-14 14:04:44,133 [SCMBlockDeletingService#0] DEBUG block.SCMBlockDeletingService (SCMBlockDeletingService.java:call(133)) - Running DeletedBlockTransactionScanner
2021-08-14 14:04:44,233 [SCMBlockDeletingService#0] DEBUG block.SCMBlockDeletingService (SCMBlockDeletingService.java:call(133)) - Running DeletedBlockTransactionScanner
2021-08-14 14:04:44,333 [SCMBlockDeletingService#0] DEBUG block.SCMBlockDeletingService (SCMBlockDeletingService.java:call(133)) - Running DeletedBlockTransactionScanner
2021-08-14 14:04:44,433 [SCMBlockDeletingService#0] DEBUG block.SCMBlockDeletingService (SCMBlockDeletingService.java:call(133)) - Running DeletedBlockTransactionScanner
2021-08-14 14:04:44,533 [SCMBlockDeletingService#0] DEBUG block.SCMBlockDeletingService (SCMBlockDeletingService.java:call(133)) - Running DeletedBlockTransactionScanner
2021-08-14 14:04:44,633 [SCMBlockDeletingService#0] DEBUG block.SCMBlockDeletingService (SCMBlockDeletingService.java:call(133)) - Running DeletedBlockTransactionScanner
2021-08-14 14:04:44,733 [SCMBlockDeletingService#0] DEBUG block.SCMBlockDeletingService (SCMBlockDeletingService.java:call(133)) - Running DeletedBlockTransactionScanner
2021-08-14 14:04:44,833 [SCMBlockDeletingService#0] DEBUG block.SCMBlockDeletingService (SCMBlockDeletingService.java:call(133)) - Running DeletedBlockTransactionScanner
2021-08-14 14:04:44,933 [SCMBlockDeletingService#0] DEBUG block.SCMBlockDeletingService (SCMBlockDeletingService.java:call(133)) - Running DeletedBlockTransactionScanner
2021-08-14 14:04:45,034 [SCMBlockDeletingService#0] DEBUG block.SCMBlockDeletingService (SCMBlockDeletingService.java:call(133)) - Running DeletedBlockTransactionScanner
2021-08-14 14:04:45,134 [SCMBlockDeletingService#0] DEBUG block.SCMBlockDeletingService (SCMBlockDeletingService.java:call(133)) - Running DeletedBlockTransactionScanner
2021-08-14 14:04:45,237 [SCMBlockDeletingService#0] DEBUG block.SCMBlockDeletingService (SCMBlockDeletingService.java:call(133)) - Running DeletedBlockTransactionScanner
2021-08-14 14:04:45,337 [SCMBlockDeletingService#0] DEBUG block.SCMBlockDeletingService (SCMBlockDeletingService.java:call(133)) - Running DeletedBlockTransactionScanner
2021-08-14 14:04:45,405 [Datanode State Machine Thread - 0] WARN  statemachine.StateContext (StateContext.java:execute(621)) - No available thread in pool for past 0 seconds.
2021-08-14 14:04:45,416 [Datanode State Machine Thread - 0] WARN  statemachine.StateContext (StateContext.java:execute(621)) - No available thread in pool for past 0 seconds.
2021-08-14 14:04:45,417 [Datanode State Machine Thread - 0] WARN  statemachine.StateContext (StateContext.java:execute(621)) - No available thread in pool for past 0 seconds.
2021-08-14 14:04:45,437 [SCMBlockDeletingService#0] DEBUG block.SCMBlockDeletingService (SCMBlockDeletingService.java:call(133)) - Running DeletedBlockTransactionScanner
2021-08-14 14:04:45,537 [SCMBlockDeletingService#0] DEBUG block.SCMBlockDeletingService (SCMBlockDeletingService.java:call(133)) - Running DeletedBlockTransactionScanner
2021-08-14 14:04:45,641 [SCMBlockDeletingService#0] DEBUG block.SCMBlockDeletingService (SCMBlockDeletingService.java:call(133)) - Running DeletedBlockTransactionScanner
2021-08-14 14:04:45,741 [SCMBlockDeletingService#0] DEBUG block.SCMBlockDeletingService (SCMBlockDeletingService.java:call(133)) - Running DeletedBlockTransactionScanner
2021-08-14 14:04:45,845 [SCMBlockDeletingService#0] DEBUG block.SCMBlockDeletingService (SCMBlockDeletingService.java:call(133)) - Running DeletedBlockTransactionScanner
2021-08-14 14:04:45,912 [Datanode State Machine Thread - 0] WARN  statemachine.StateContext (StateContext.java:execute(621)) - No available thread in pool for past 0 seconds.
2021-08-14 14:04:45,945 [SCMBlockDeletingService#0] DEBUG block.SCMBlockDeletingService (SCMBlockDeletingService.java:call(133)) - Running DeletedBlockTransactionScanner
2021-08-14 14:04:45,965 [Datanode State Machine Thread - 0] WARN  statemachine.StateContext (StateContext.java:execute(621)) - No available thread in pool for past 0 seconds.
2021-08-14 14:04:45,965 [Datanode State Machine Thread - 0] WARN  statemachine.StateContext (StateContext.java:execute(621)) - No available thread in pool for past 0 seconds.
2021-08-14 14:04:46,045 [SCMBlockDeletingService#0] DEBUG block.SCMBlockDeletingService (SCMBlockDeletingService.java:call(133)) - Running DeletedBlockTransactionScanner
2021-08-14 14:04:46,145 [SCMBlockDeletingService#0] DEBUG block.SCMBlockDeletingService (SCMBlockDeletingService.java:call(133)) - Running DeletedBlockTransactionScanner
2021-08-14 14:04:46,245 [SCMBlockDeletingService#0] DEBUG block.SCMBlockDeletingService (SCMBlockDeletingService.java:call(133)) - Running DeletedBlockTransactionScanner
2021-08-14 14:04:46,346 [SCMBlockDeletingService#0] DEBUG block.SCMBlockDeletingService (SCMBlockDeletingService.java:call(133)) - Running DeletedBlockTransactionScanner
2021-08-14 14:04:46,371 [Datanode State Machine Thread - 0] WARN  statemachine.StateContext (StateContext.java:execute(621)) - No available thread in pool for past 0 seconds.
2021-08-14 14:04:46,376 [Datanode State Machine Thread - 0] WARN  statemachine.StateContext (StateContext.java:execute(621)) - No available thread in pool for past 0 seconds.
2021-08-14 14:04:46,449 [Datanode State Machine Thread - 0] WARN  statemachine.StateContext (StateContext.java:execute(621)) - No available thread in pool for past 0 seconds.
2021-08-14 14:04:46,449 [SCMBlockDeletingService#0] DEBUG block.SCMBlockDeletingService (SCMBlockDeletingService.java:call(133)) - Running DeletedBlockTransactionScanner
2021-08-14 14:04:46,557 [SCMBlockDeletingService#0] DEBUG block.SCMBlockDeletingService (SCMBlockDeletingService.java:call(133)) - Running DeletedBlockTransactionScanner
2021-08-14 14:04:46,657 [SCMBlockDeletingService#0] DEBUG block.SCMBlockDeletingService (SCMBlockDeletingService.java:call(133)) - Running DeletedBlockTransactionScanner
2021-08-14 14:04:46,757 [SCMBlockDeletingService#0] DEBUG block.SCMBlockDeletingService (SCMBlockDeletingService.java:call(133)) - Running DeletedBlockTransactionScanner
2021-08-14 14:04:46,838 [Datanode State Machine Thread - 0] WARN  statemachine.StateContext (StateContext.java:execute(621)) - No available thread in pool for past 0 seconds.
2021-08-14 14:04:46,857 [SCMBlockDeletingService#0] DEBUG block.SCMBlockDeletingService (SCMBlockDeletingService.java:call(133)) - Running DeletedBlockTransactionScanner
2021-08-14 14:04:46,865 [Datanode State Machine Thread - 0] WARN  statemachine.StateContext (StateContext.java:execute(621)) - No available thread in pool for past 0 seconds.
2021-08-14 14:04:46,868 [Datanode State Machine Thread - 0] WARN  statemachine.StateContext (StateContext.java:execute(621)) - No available thread in pool for past 0 seconds.
2021-08-14 14:04:46,958 [SCMBlockDeletingService#0] DEBUG block.SCMBlockDeletingService (SCMBlockDeletingService.java:call(133)) - Running DeletedBlockTransactionScanner
2021-08-14 14:04:47,061 [SCMBlockDeletingService#0] DEBUG block.SCMBlockDeletingService (SCMBlockDeletingService.java:call(133)) - Running DeletedBlockTransactionScanner
2021-08-14 14:04:47,161 [SCMBlockDeletingService#0] DEBUG block.SCMBlockDeletingService (SCMBlockDeletingService.java:call(133)) - Running DeletedBlockTransactionScanner
2021-08-14 14:04:47,261 [SCMBlockDeletingService#0] DEBUG block.SCMBlockDeletingService (SCMBlockDeletingService.java:call(133)) - Running DeletedBlockTransactionScanner
2021-08-14 14:04:47,365 [SCMBlockDeletingService#0] DEBUG block.SCMBlockDeletingService (SCMBlockDeletingService.java:call(133)) - Running DeletedBlockTransactionScanner
2021-08-14 14:04:47,467 [SCMBlockDeletingService#0] DEBUG block.SCMBlockDeletingService (SCMBlockDeletingService.java:call(133)) - Running DeletedBlockTransactionScanner
2021-08-14 14:04:47,567 [SCMBlockDeletingService#0] DEBUG block.SCMBlockDeletingService (SCMBlockDeletingService.java:call(133)) - Running DeletedBlockTransactionScanner
2021-08-14 14:04:47,664 [Datanode State Machine Thread - 0] WARN  statemachine.StateContext (StateContext.java:execute(621)) - No available thread in pool for past 0 seconds.
2021-08-14 14:04:47,667 [SCMBlockDeletingService#0] DEBUG block.SCMBlockDeletingService (SCMBlockDeletingService.java:call(133)) - Running DeletedBlockTransactionScanner
2021-08-14 14:04:47,685 [Datanode State Machine Thread - 0] WARN  statemachine.StateContext (StateContext.java:execute(621)) - No available thread in pool for past 0 seconds.
2021-08-14 14:04:47,687 [Datanode State Machine Thread - 0] WARN  statemachine.StateContext (StateContext.java:execute(621)) - No available thread in pool for past 0 seconds.
2021-08-14 14:04:47,767 [SCMBlockDeletingService#0] DEBUG block.SCMBlockDeletingService (SCMBlockDeletingService.java:call(133)) - Running DeletedBlockTransactionScanner
2021-08-14 14:04:47,867 [SCMBlockDeletingService#0] DEBUG block.SCMBlockDeletingService (SCMBlockDeletingService.java:call(133)) - Running DeletedBlockTransactionScanner
2021-08-14 14:04:47,968 [SCMBlockDeletingService#0] DEBUG block.SCMBlockDeletingService (SCMBlockDeletingService.java:call(133)) - Running DeletedBlockTransactionScanner
2021-08-14 14:04:48,068 [SCMBlockDeletingService#0] DEBUG block.SCMBlockDeletingService (SCMBlockDeletingService.java:call(133)) - Running DeletedBlockTransactionScanner
2021-08-14 14:04:48,105 [Datanode State Machine Thread - 0] WARN  statemachine.StateContext (StateContext.java:execute(621)) - No available thread in pool for past 0 seconds.
2021-08-14 14:04:48,108 [Datanode State Machine Thread - 0] WARN  statemachine.StateContext (StateContext.java:execute(621)) - No available thread in pool for past 0 seconds.
2021-08-14 14:04:48,119 [Datanode State Machine Thread - 0] WARN  statemachine.StateContext (StateContext.java:execute(621)) - No available thread in pool for past 0 seconds.
2021-08-14 14:04:48,168 [SCMBlockDeletingService#0] DEBUG block.SCMBlockDeletingService (SCMBlockDeletingService.java:call(133)) - Running DeletedBlockTransactionScanner
2021-08-14 14:04:48,268 [SCMBlockDeletingService#0] DEBUG block.SCMBlockDeletingService (SCMBlockDeletingService.java:call(133)) - Running DeletedBlockTransactionScanner
2021-08-14 14:04:48,368 [SCMBlockDeletingService#0] DEBUG block.SCMBlockDeletingService (SCMBlockDeletingService.java:call(133)) - Running DeletedBlockTransactionScanner
2021-08-14 14:04:48,468 [SCMBlockDeletingService#0] DEBUG block.SCMBlockDeletingService (SCMBlockDeletingService.java:call(133)) - Running DeletedBlockTransactionScanner
2021-08-14 14:04:48,504 [Datanode State Machine Thread - 0] WARN  statemachine.StateContext (StateContext.java:execute(621)) - No available thread in pool for past 0 seconds.
2021-08-14 14:04:48,507 [Datanode State Machine Thread - 0] WARN  statemachine.StateContext (StateContext.java:execute(621)) - No available thread in pool for past 0 seconds.
2021-08-14 14:04:48,512 [Datanode State Machine Thread - 0] WARN  statemachine.StateContext (StateContext.java:execute(621)) - No available thread in pool for past 0 seconds.
2021-08-14 14:04:48,568 [SCMBlockDeletingService#0] DEBUG block.SCMBlockDeletingService (SCMBlockDeletingService.java:call(133)) - Running DeletedBlockTransactionScanner
2021-08-14 14:04:48,668 [SCMBlockDeletingService#0] DEBUG block.SCMBlockDeletingService (SCMBlockDeletingService.java:call(133)) - Running DeletedBlockTransactionScanner
2021-08-14 14:04:48,789 [SCMBlockDeletingService#0] DEBUG block.SCMBlockDeletingService (SCMBlockDeletingService.java:call(133)) - Running DeletedBlockTransactionScanner
2021-08-14 14:04:48,889 [SCMBlockDeletingService#0] DEBUG block.SCMBlockDeletingService (SCMBlockDeletingService.java:call(133)) - Running DeletedBlockTransactionScanner
2021-08-14 14:04:48,906 [Datanode State Machine Thread - 0] WARN  statemachine.StateContext (StateContext.java:execute(621)) - No available thread in pool for past 0 seconds.
2021-08-14 14:04:48,919 [Datanode State Machine Thread - 0] WARN  statemachine.StateContext (StateContext.java:execute(621)) - No available thread in pool for past 0 seconds.
2021-08-14 14:04:48,989 [SCMBlockDeletingService#0] DEBUG block.SCMBlockDeletingService (SCMBlockDeletingService.java:call(133)) - Running DeletedBlockTransactionScanner
2021-08-14 14:04:49,089 [SCMBlockDeletingService#0] DEBUG block.SCMBlockDeletingService (SCMBlockDeletingService.java:call(133)) - Running DeletedBlockTransactionScanner
2021-08-14 14:04:49,190 [SCMBlockDeletingService#0] DEBUG block.SCMBlockDeletingService (SCMBlockDeletingService.java:call(133)) - Running DeletedBlockTransactionScanner
2021-08-14 14:04:49,290 [SCMBlockDeletingService#0] DEBUG block.SCMBlockDeletingService (SCMBlockDeletingService.java:call(133)) - Running DeletedBlockTransactionScanner
2021-08-14 14:04:49,584 [SCMBlockDeletingService#0] DEBUG block.SCMBlockDeletingService (SCMBlockDeletingService.java:call(133)) - Running DeletedBlockTransactionScanner
2021-08-14 14:04:49,685 [SCMBlockDeletingService#0] DEBUG block.SCMBlockDeletingService (SCMBlockDeletingService.java:call(133)) - Running DeletedBlockTransactionScanner
2021-08-14 14:04:49,785 [SCMBlockDeletingService#0] DEBUG block.SCMBlockDeletingService (SCMBlockDeletingService.java:call(133)) - Running DeletedBlockTransactionScanner
2021-08-14 14:04:49,888 [SCMBlockDeletingService#0] DEBUG block.SCMBlockDeletingService (SCMBlockDeletingService.java:call(133)) - Running DeletedBlockTransactionScanner
2021-08-14 14:04:49,988 [SCMBlockDeletingService#0] DEBUG block.SCMBlockDeletingService (SCMBlockDeletingService.java:call(133)) - Running DeletedBlockTransactionScanner
2021-08-14 14:04:50,088 [SCMBlockDeletingService#0] DEBUG block.SCMBlockDeletingService (SCMBlockDeletingService.java:call(133)) - Running DeletedBlockTransactionScanner
2021-08-14 14:04:50,188 [SCMBlockDeletingService#0] DEBUG block.SCMBlockDeletingService (SCMBlockDeletingService.java:call(133)) - Running DeletedBlockTransactionScanner
2021-08-14 14:04:50,288 [SCMBlockDeletingService#0] DEBUG block.SCMBlockDeletingService (SCMBlockDeletingService.java:call(133)) - Running DeletedBlockTransactionScanner
2021-08-14 14:04:50,388 [SCMBlockDeletingService#0] DEBUG block.SCMBlockDeletingService (SCMBlockDeletingService.java:call(133)) - Running DeletedBlockTransactionScanner
2021-08-14 14:04:50,489 [SCMBlockDeletingService#0] DEBUG block.SCMBlockDeletingService (SCMBlockDeletingService.java:call(133)) - Running DeletedBlockTransactionScanner
2021-08-14 14:04:50,589 [SCMBlockDeletingService#0] DEBUG block.SCMBlockDeletingService (SCMBlockDeletingService.java:call(133)) - Running DeletedBlockTransactionScanner
2021-08-14 14:04:50,689 [SCMBlockDeletingService#0] DEBUG block.SCMBlockDeletingService (SCMBlockDeletingService.java:call(133)) - Running DeletedBlockTransactionScanner
2021-08-14 14:04:50,789 [SCMBlockDeletingService#0] DEBUG block.SCMBlockDeletingService (SCMBlockDeletingService.java:call(133)) - Running DeletedBlockTransactionScanner
2021-08-14 14:04:50,889 [SCMBlockDeletingService#0] DEBUG block.SCMBlockDeletingService (SCMBlockDeletingService.java:call(133)) - Running DeletedBlockTransactionScanner
2021-08-14 14:04:50,989 [SCMBlockDeletingService#0] DEBUG block.SCMBlockDeletingService (SCMBlockDeletingService.java:call(133)) - Running DeletedBlockTransactionScanner
2021-08-14 14:04:51,089 [SCMBlockDeletingService#0] DEBUG block.SCMBlockDeletingService (SCMBlockDeletingService.java:call(133)) - Running DeletedBlockTransactionScanner
2021-08-14 14:04:51,189 [SCMBlockDeletingService#0] DEBUG block.SCMBlockDeletingService (SCMBlockDeletingService.java:call(133)) - Running DeletedBlockTransactionScanner
2021-08-14 14:04:51,289 [SCMBlockDeletingService#0] DEBUG block.SCMBlockDeletingService (SCMBlockDeletingService.java:call(133)) - Running DeletedBlockTransactionScanner
2021-08-14 14:04:51,389 [SCMBlockDeletingService#0] DEBUG block.SCMBlockDeletingService (SCMBlockDeletingService.java:call(133)) - Running DeletedBlockTransactionScanner
2021-08-14 14:04:51,489 [SCMBlockDeletingService#0] DEBUG block.SCMBlockDeletingService (SCMBlockDeletingService.java:call(133)) - Running DeletedBlockTransactionScanner
2021-08-14 14:04:51,589 [SCMBlockDeletingService#0] DEBUG block.SCMBlockDeletingService (SCMBlockDeletingService.java:call(133)) - Running DeletedBlockTransactionScanner
2021-08-14 14:04:51,690 [SCMBlockDeletingService#0] DEBUG block.SCMBlockDeletingService (SCMBlockDeletingService.java:call(133)) - Running DeletedBlockTransactionScanner
2021-08-14 14:04:51,790 [SCMBlockDeletingService#0] DEBUG block.SCMBlockDeletingService (SCMBlockDeletingService.java:call(133)) - Running DeletedBlockTransactionScanner
2021-08-14 14:04:51,890 [SCMBlockDeletingService#0] DEBUG block.SCMBlockDeletingService (SCMBlockDeletingService.java:call(133)) - Running DeletedBlockTransactionScanner
2021-08-14 14:04:51,990 [SCMBlockDeletingService#0] DEBUG block.SCMBlockDeletingService (SCMBlockDeletingService.java:call(133)) - Running DeletedBlockTransactionScanner
2021-08-14 14:04:52,092 [SCMBlockDeletingService#0] DEBUG block.SCMBlockDeletingService (SCMBlockDeletingService.java:call(133)) - Running DeletedBlockTransactionScanner
2021-08-14 14:04:52,192 [SCMBlockDeletingService#0] DEBUG block.SCMBlockDeletingService (SCMBlockDeletingService.java:call(133)) - Running DeletedBlockTransactionScanner
2021-08-14 14:04:52,292 [SCMBlockDeletingService#0] DEBUG block.SCMBlockDeletingService (SCMBlockDeletingService.java:call(133)) - Running DeletedBlockTransactionScanner
2021-08-14 14:04:52,392 [SCMBlockDeletingService#0] DEBUG block.SCMBlockDeletingService (SCMBlockDeletingService.java:call(133)) - Running DeletedBlockTransactionScanner
2021-08-14 14:04:52,492 [SCMBlockDeletingService#0] DEBUG block.SCMBlockDeletingService (SCMBlockDeletingService.java:call(133)) - Running DeletedBlockTransactionScanner
2021-08-14 14:04:52,592 [SCMBlockDeletingService#0] DEBUG block.SCMBlockDeletingService (SCMBlockDeletingService.java:call(133)) - Running DeletedBlockTransactionScanner
2021-08-14 14:04:52,692 [SCMBlockDeletingService#0] DEBUG block.SCMBlockDeletingService (SCMBlockDeletingService.java:call(133)) - Running DeletedBlockTransactionScanner
2021-08-14 14:04:52,792 [SCMBlockDeletingService#0] DEBUG block.SCMBlockDeletingService (SCMBlockDeletingService.java:call(133)) - Running DeletedBlockTransactionScanner
2021-08-14 14:04:52,874 [Datanode State Machine Thread - 0] WARN  statemachine.StateContext (StateContext.java:execute(621)) - No available thread in pool for past 0 seconds.
2021-08-14 14:04:52,881 [Datanode State Machine Thread - 0] WARN  statemachine.StateContext (StateContext.java:execute(621)) - No available thread in pool for past 0 seconds.
2021-08-14 14:04:52,893 [SCMBlockDeletingService#0] DEBUG block.SCMBlockDeletingService (SCMBlockDeletingService.java:call(133)) - Running DeletedBlockTransactionScanner
2021-08-14 14:04:52,893 [Datanode State Machine Thread - 0] WARN  statemachine.StateContext (StateContext.java:execute(621)) - No available thread in pool for past 0 seconds.
2021-08-14 14:04:52,993 [SCMBlockDeletingService#0] DEBUG block.SCMBlockDeletingService (SCMBlockDeletingService.java:call(133)) - Running DeletedBlockTransactionScanner
2021-08-14 14:04:53,093 [SCMBlockDeletingService#0] DEBUG block.SCMBlockDeletingService (SCMBlockDeletingService.java:call(133)) - Running DeletedBlockTransactionScanner
2021-08-14 14:04:53,193 [SCMBlockDeletingService#0] DEBUG block.SCMBlockDeletingService (SCMBlockDeletingService.java:call(133)) - Running DeletedBlockTransactionScanner
2021-08-14 14:04:53,293 [SCMBlockDeletingService#0] DEBUG block.SCMBlockDeletingService (SCMBlockDeletingService.java:call(133)) - Running DeletedBlockTransactionScanner
2021-08-14 14:04:53,329 [Datanode State Machine Thread - 0] WARN  statemachine.StateContext (StateContext.java:execute(621)) - No available thread in pool for past 0 seconds.
2021-08-14 14:04:53,329 [Datanode State Machine Thread - 0] WARN  statemachine.StateContext (StateContext.java:execute(621)) - No available thread in pool for past 0 seconds.
2021-08-14 14:04:53,341 [Datanode State Machine Thread - 0] WARN  statemachine.StateContext (StateContext.java:execute(621)) - No available thread in pool for past 0 seconds.
2021-08-14 14:04:53,393 [SCMBlockDeletingService#0] DEBUG block.SCMBlockDeletingService (SCMBlockDeletingService.java:call(133)) - Running DeletedBlockTransactionScanner
2021-08-14 14:04:53,493 [SCMBlockDeletingService#0] DEBUG block.SCMBlockDeletingService (SCMBlockDeletingService.java:call(133)) - Running DeletedBlockTransactionScanner
2021-08-14 14:04:53,593 [SCMBlockDeletingService#0] DEBUG block.SCMBlockDeletingService (SCMBlockDeletingService.java:call(133)) - Running DeletedBlockTransactionScanner
2021-08-14 14:04:53,693 [SCMBlockDeletingService#0] DEBUG block.SCMBlockDeletingService (SCMBlockDeletingService.java:call(133)) - Running DeletedBlockTransactionScanner
2021-08-14 14:04:53,786 [Datanode State Machine Thread - 0] WARN  statemachine.StateContext (StateContext.java:execute(621)) - No available thread in pool for past 0 seconds.
2021-08-14 14:04:53,787 [Datanode State Machine Thread - 0] WARN  statemachine.StateContext (StateContext.java:execute(621)) - No available thread in pool for past 0 seconds.
2021-08-14 14:04:53,792 [Datanode State Machine Thread - 0] WARN  statemachine.StateContext (StateContext.java:execute(621)) - No available thread in pool for past 0 seconds.
2021-08-14 14:04:53,793 [SCMBlockDeletingService#0] DEBUG block.SCMBlockDeletingService (SCMBlockDeletingService.java:call(133)) - Running DeletedBlockTransactionScanner
2021-08-14 14:04:53,895 [SCMBlockDeletingService#0] DEBUG block.SCMBlockDeletingService (SCMBlockDeletingService.java:call(133)) - Running DeletedBlockTransactionScanner
2021-08-14 14:04:53,995 [SCMBlockDeletingService#0] DEBUG block.SCMBlockDeletingService (SCMBlockDeletingService.java:call(133)) - Running DeletedBlockTransactionScanner
2021-08-14 14:04:54,056 [Datanode State Machine Thread - 0] WARN  statemachine.StateContext (StateContext.java:execute(621)) - No available thread in pool for past 0 seconds.
2021-08-14 14:04:54,057 [Datanode State Machine Thread - 0] WARN  statemachine.StateContext (StateContext.java:execute(621)) - No available thread in pool for past 0 seconds.
2021-08-14 14:04:54,063 [Datanode State Machine Thread - 0] WARN  statemachine.StateContext (StateContext.java:execute(621)) - No available thread in pool for past 0 seconds.
2021-08-14 14:04:54,095 [SCMBlockDeletingService#0] DEBUG block.SCMBlockDeletingService (SCMBlockDeletingService.java:call(133)) - Running DeletedBlockTransactionScanner
2021-08-14 14:04:54,195 [SCMBlockDeletingService#0] DEBUG block.SCMBlockDeletingService (SCMBlockDeletingService.java:call(133)) - Running DeletedBlockTransactionScanner
2021-08-14 14:04:54,295 [SCMBlockDeletingService#0] DEBUG block.SCMBlockDeletingService (SCMBlockDeletingService.java:call(133)) - Running DeletedBlockTransactionScanner
2021-08-14 14:04:54,395 [SCMBlockDeletingService#0] DEBUG block.SCMBlockDeletingService (SCMBlockDeletingService.java:call(133)) - Running DeletedBlockTransactionScanner
2021-08-14 14:04:54,423 [Datanode State Machine Thread - 0] WARN  statemachine.StateContext (StateContext.java:execute(621)) - No available thread in pool for past 0 seconds.
2021-08-14 14:04:54,425 [Datanode State Machine Thread - 0] WARN  statemachine.StateContext (StateContext.java:execute(621)) - No available thread in pool for past 0 seconds.
2021-08-14 14:04:54,426 [Datanode State Machine Thread - 0] WARN  statemachine.StateContext (StateContext.java:execute(621)) - No available thread in pool for past 0 seconds.
2021-08-14 14:04:54,497 [SCMBlockDeletingService#0] DEBUG block.SCMBlockDeletingService (SCMBlockDeletingService.java:call(133)) - Running DeletedBlockTransactionScanner
2021-08-14 14:04:54,597 [SCMBlockDeletingService#0] DEBUG block.SCMBlockDeletingService (SCMBlockDeletingService.java:call(133)) - Running DeletedBlockTransactionScanner
2021-08-14 14:04:54,697 [SCMBlockDeletingService#0] DEBUG block.SCMBlockDeletingService (SCMBlockDeletingService.java:call(133)) - Running DeletedBlockTransactionScanner
2021-08-14 14:04:54,797 [SCMBlockDeletingService#0] DEBUG block.SCMBlockDeletingService (SCMBlockDeletingService.java:call(133)) - Running DeletedBlockTransactionScanner
2021-08-14 14:04:54,897 [SCMBlockDeletingService#0] DEBUG block.SCMBlockDeletingService (SCMBlockDeletingService.java:call(133)) - Running DeletedBlockTransactionScanner
2021-08-14 14:04:54,924 [Datanode State Machine Thread - 0] WARN  statemachine.StateContext (StateContext.java:execute(621)) - No available thread in pool for past 0 seconds.
2021-08-14 14:04:54,927 [Datanode State Machine Thread - 0] WARN  statemachine.StateContext (StateContext.java:execute(621)) - No available thread in pool for past 0 seconds.
2021-08-14 14:04:54,998 [SCMBlockDeletingService#0] DEBUG block.SCMBlockDeletingService (SCMBlockDeletingService.java:call(133)) - Running DeletedBlockTransactionScanner
2021-08-14 14:04:55,003 [Datanode State Machine Thread - 0] WARN  statemachine.StateContext (StateContext.java:execute(621)) - No available thread in pool for past 0 seconds.
2021-08-14 14:04:55,098 [SCMBlockDeletingService#0] DEBUG block.SCMBlockDeletingService (SCMBlockDeletingService.java:call(133)) - Running DeletedBlockTransactionScanner
2021-08-14 14:04:55,201 [SCMBlockDeletingService#0] DEBUG block.SCMBlockDeletingService (SCMBlockDeletingService.java:call(133)) - Running DeletedBlockTransactionScanner
2021-08-14 14:04:55,301 [SCMBlockDeletingService#0] DEBUG block.SCMBlockDeletingService (SCMBlockDeletingService.java:call(133)) - Running DeletedBlockTransactionScanner
2021-08-14 14:04:55,401 [SCMBlockDeletingService#0] DEBUG block.SCMBlockDeletingService (SCMBlockDeletingService.java:call(133)) - Running DeletedBlockTransactionScanner
2021-08-14 14:04:55,501 [SCMBlockDeletingService#0] DEBUG block.SCMBlockDeletingService (SCMBlockDeletingService.java:call(133)) - Running DeletedBlockTransactionScanner
2021-08-14 14:04:55,601 [SCMBlockDeletingService#0] DEBUG block.SCMBlockDeletingService (SCMBlockDeletingService.java:call(133)) - Running DeletedBlockTransactionScanner
2021-08-14 14:04:55,638 [Datanode State Machine Thread - 0] WARN  statemachine.StateContext (StateContext.java:execute(621)) - No available thread in pool for past 0 seconds.
2021-08-14 14:04:55,648 [Datanode State Machine Thread - 0] WARN  statemachine.StateContext (StateContext.java:execute(621)) - No available thread in pool for past 0 seconds.
2021-08-14 14:04:55,651 [Datanode State Machine Thread - 0] WARN  statemachine.StateContext (StateContext.java:execute(621)) - No available thread in pool for past 0 seconds.
2021-08-14 14:04:55,702 [SCMBlockDeletingService#0] DEBUG block.SCMBlockDeletingService (SCMBlockDeletingService.java:call(133)) - Running DeletedBlockTransactionScanner
2021-08-14 14:04:55,802 [SCMBlockDeletingService#0] DEBUG block.SCMBlockDeletingService (SCMBlockDeletingService.java:call(133)) - Running DeletedBlockTransactionScanner
2021-08-14 14:04:55,903 [SCMBlockDeletingService#0] DEBUG block.SCMBlockDeletingService (SCMBlockDeletingService.java:call(133)) - Running DeletedBlockTransactionScanner
2021-08-14 14:04:56,003 [SCMBlockDeletingService#0] DEBUG block.SCMBlockDeletingService (SCMBlockDeletingService.java:call(133)) - Running DeletedBlockTransactionScanner
2021-08-14 14:04:56,060 [Datanode State Machine Thread - 0] WARN  statemachine.StateContext (StateContext.java:execute(621)) - No available thread in pool for past 0 seconds.
2021-08-14 14:04:56,061 [Datanode State Machine Thread - 0] WARN  statemachine.StateContext (StateContext.java:execute(621)) - No available thread in pool for past 0 seconds.
2021-08-14 14:04:56,104 [SCMBlockDeletingService#0] DEBUG block.SCMBlockDeletingService (SCMBlockDeletingService.java:call(133)) - Running DeletedBlockTransactionScanner
2021-08-14 14:04:56,125 [Datanode State Machine Thread - 0] WARN  statemachine.StateContext (StateContext.java:execute(621)) - No available thread in pool for past 0 seconds.
2021-08-14 14:04:56,204 [SCMBlockDeletingService#0] DEBUG block.SCMBlockDeletingService (SCMBlockDeletingService.java:call(133)) - Running DeletedBlockTransactionScanner
2021-08-14 14:04:56,304 [SCMBlockDeletingService#0] DEBUG block.SCMBlockDeletingService (SCMBlockDeletingService.java:call(133)) - Running DeletedBlockTransactionScanner
2021-08-14 14:04:56,404 [SCMBlockDeletingService#0] DEBUG block.SCMBlockDeletingService (SCMBlockDeletingService.java:call(133)) - Running DeletedBlockTransactionScanner
2021-08-14 14:04:56,504 [SCMBlockDeletingService#0] DEBUG block.SCMBlockDeletingService (SCMBlockDeletingService.java:call(133)) - Running DeletedBlockTransactionScanner
2021-08-14 14:04:56,604 [SCMBlockDeletingService#0] DEBUG block.SCMBlockDeletingService (SCMBlockDeletingService.java:call(133)) - Running DeletedBlockTransactionScanner
2021-08-14 14:04:56,704 [SCMBlockDeletingService#0] DEBUG block.SCMBlockDeletingService (SCMBlockDeletingService.java:call(133)) - Running DeletedBlockTransactionScanner
2021-08-14 14:04:56,787 [Datanode State Machine Thread - 0] WARN  statemachine.StateContext (StateContext.java:execute(621)) - No available thread in pool for past 0 seconds.
2021-08-14 14:04:56,788 [Datanode State Machine Thread - 0] WARN  statemachine.StateContext (StateContext.java:execute(621)) - No available thread in pool for past 0 seconds.
2021-08-14 14:04:56,790 [Datanode State Machine Thread - 0] WARN  statemachine.StateContext (StateContext.java:execute(621)) - No available thread in pool for past 0 seconds.
2021-08-14 14:04:56,805 [SCMBlockDeletingService#0] DEBUG block.SCMBlockDeletingService (SCMBlockDeletingService.java:call(133)) - Running DeletedBlockTransactionScanner
2021-08-14 14:04:56,905 [SCMBlockDeletingService#0] DEBUG block.SCMBlockDeletingService (SCMBlockDeletingService.java:call(133)) - Running DeletedBlockTransactionScanner
2021-08-14 14:04:57,021 [SCMBlockDeletingService#0] DEBUG block.SCMBlockDeletingService (SCMBlockDeletingService.java:call(133)) - Running DeletedBlockTransactionScanner
2021-08-14 14:04:57,121 [SCMBlockDeletingService#0] DEBUG block.SCMBlockDeletingService (SCMBlockDeletingService.java:call(133)) - Running DeletedBlockTransactionScanner
2021-08-14 14:04:57,212 [Datanode State Machine Thread - 0] WARN  statemachine.StateContext (StateContext.java:execute(621)) - No available thread in pool for past 0 seconds.
2021-08-14 14:04:57,213 [Datanode State Machine Thread - 0] WARN  statemachine.StateContext (StateContext.java:execute(621)) - No available thread in pool for past 0 seconds.
2021-08-14 14:04:57,218 [Datanode State Machine Thread - 0] WARN  statemachine.StateContext (StateContext.java:execute(621)) - No available thread in pool for past 0 seconds.
2021-08-14 14:04:57,222 [SCMBlockDeletingService#0] DEBUG block.SCMBlockDeletingService (SCMBlockDeletingService.java:call(133)) - Running DeletedBlockTransactionScanner
2021-08-14 14:04:57,322 [SCMBlockDeletingService#0] DEBUG block.SCMBlockDeletingService (SCMBlockDeletingService.java:call(133)) - Running DeletedBlockTransactionScanner
2021-08-14 14:04:57,422 [SCMBlockDeletingService#0] DEBUG block.SCMBlockDeletingService (SCMBlockDeletingService.java:call(133)) - Running DeletedBlockTransactionScanner
2021-08-14 14:04:57,522 [SCMBlockDeletingService#0] DEBUG block.SCMBlockDeletingService (SCMBlockDeletingService.java:call(133)) - Running DeletedBlockTransactionScanner
2021-08-14 14:04:57,622 [SCMBlockDeletingService#0] DEBUG block.SCMBlockDeletingService (SCMBlockDeletingService.java:call(133)) - Running DeletedBlockTransactionScanner
2021-08-14 14:04:57,722 [SCMBlockDeletingService#0] DEBUG block.SCMBlockDeletingService (SCMBlockDeletingService.java:call(133)) - Running DeletedBlockTransactionScanner
2021-08-14 14:04:57,822 [SCMBlockDeletingService#0] DEBUG block.SCMBlockDeletingService (SCMBlockDeletingService.java:call(133)) - Running DeletedBlockTransactionScanner
2021-08-14 14:04:57,925 [SCMBlockDeletingService#0] DEBUG block.SCMBlockDeletingService (SCMBlockDeletingService.java:call(133)) - Running DeletedBlockTransactionScanner
2021-08-14 14:04:58,025 [SCMBlockDeletingService#0] DEBUG block.SCMBlockDeletingService (SCMBlockDeletingService.java:call(133)) - Running DeletedBlockTransactionScanner
2021-08-14 14:04:58,128 [SCMBlockDeletingService#0] DEBUG block.SCMBlockDeletingService (SCMBlockDeletingService.java:call(133)) - Running DeletedBlockTransactionScanner
2021-08-14 14:04:58,228 [SCMBlockDeletingService#0] DEBUG block.SCMBlockDeletingService (SCMBlockDeletingService.java:call(133)) - Running DeletedBlockTransactionScanner
2021-08-14 14:04:58,328 [SCMBlockDeletingService#0] DEBUG block.SCMBlockDeletingService (SCMBlockDeletingService.java:call(133)) - Running DeletedBlockTransactionScanner
2021-08-14 14:04:58,428 [SCMBlockDeletingService#0] DEBUG block.SCMBlockDeletingService (SCMBlockDeletingService.java:call(133)) - Running DeletedBlockTransactionScanner
2021-08-14 14:04:58,528 [SCMBlockDeletingService#0] DEBUG block.SCMBlockDeletingService (SCMBlockDeletingService.java:call(133)) - Running DeletedBlockTransactionScanner
2021-08-14 14:04:58,628 [SCMBlockDeletingService#0] DEBUG block.SCMBlockDeletingService (SCMBlockDeletingService.java:call(133)) - Running DeletedBlockTransactionScanner
2021-08-14 14:04:58,728 [SCMBlockDeletingService#0] DEBUG block.SCMBlockDeletingService (SCMBlockDeletingService.java:call(133)) - Running DeletedBlockTransactionScanner
2021-08-14 14:04:58,828 [SCMBlockDeletingService#0] DEBUG block.SCMBlockDeletingService (SCMBlockDeletingService.java:call(133)) - Running DeletedBlockTransactionScanner
2021-08-14 14:04:58,928 [SCMBlockDeletingService#0] DEBUG block.SCMBlockDeletingService (SCMBlockDeletingService.java:call(133)) - Running DeletedBlockTransactionScanner
2021-08-14 14:04:59,028 [SCMBlockDeletingService#0] DEBUG block.SCMBlockDeletingService (SCMBlockDeletingService.java:call(133)) - Running DeletedBlockTransactionScanner
2021-08-14 14:04:59,128 [SCMBlockDeletingService#0] DEBUG block.SCMBlockDeletingService (SCMBlockDeletingService.java:call(133)) - Running DeletedBlockTransactionScanner
2021-08-14 14:04:59,228 [SCMBlockDeletingService#0] DEBUG block.SCMBlockDeletingService (SCMBlockDeletingService.java:call(133)) - Running DeletedBlockTransactionScanner
2021-08-14 14:04:59,328 [SCMBlockDeletingService#0] DEBUG block.SCMBlockDeletingService (SCMBlockDeletingService.java:call(133)) - Running DeletedBlockTransactionScanner
2021-08-14 14:04:59,428 [SCMBlockDeletingService#0] DEBUG block.SCMBlockDeletingService (SCMBlockDeletingService.java:call(133)) - Running DeletedBlockTransactionScanner
2021-08-14 14:04:59,529 [SCMBlockDeletingService#0] DEBUG block.SCMBlockDeletingService (SCMBlockDeletingService.java:call(133)) - Running DeletedBlockTransactionScanner
2021-08-14 14:04:59,629 [SCMBlockDeletingService#0] DEBUG block.SCMBlockDeletingService (SCMBlockDeletingService.java:call(133)) - Running DeletedBlockTransactionScanner
2021-08-14 14:04:59,729 [SCMBlockDeletingService#0] DEBUG block.SCMBlockDeletingService (SCMBlockDeletingService.java:call(133)) - Running DeletedBlockTransactionScanner
2021-08-14 14:04:59,829 [SCMBlockDeletingService#0] DEBUG block.SCMBlockDeletingService (SCMBlockDeletingService.java:call(133)) - Running DeletedBlockTransactionScanner
2021-08-14 14:04:59,929 [SCMBlockDeletingService#0] DEBUG block.SCMBlockDeletingService (SCMBlockDeletingService.java:call(133)) - Running DeletedBlockTransactionScanner
2021-08-14 14:05:00,029 [SCMBlockDeletingService#0] DEBUG block.SCMBlockDeletingService (SCMBlockDeletingService.java:call(133)) - Running DeletedBlockTransactionScanner
2021-08-14 14:05:00,129 [SCMBlockDeletingService#0] DEBUG block.SCMBlockDeletingService (SCMBlockDeletingService.java:call(133)) - Running DeletedBlockTransactionScanner
2021-08-14 14:05:00,179 [Datanode State Machine Thread - 0] WARN  statemachine.StateContext (StateContext.java:execute(621)) - No available thread in pool for past 0 seconds.
2021-08-14 14:05:00,181 [Datanode State Machine Thread - 0] WARN  statemachine.StateContext (StateContext.java:execute(621)) - No available thread in pool for past 0 seconds.
2021-08-14 14:05:00,229 [SCMBlockDeletingService#0] DEBUG block.SCMBlockDeletingService (SCMBlockDeletingService.java:call(133)) - Running DeletedBlockTransactionScanner
2021-08-14 14:05:00,337 [SCMBlockDeletingService#0] DEBUG block.SCMBlockDeletingService (SCMBlockDeletingService.java:call(133)) - Running DeletedBlockTransactionScanner
2021-08-14 14:05:00,437 [SCMBlockDeletingService#0] DEBUG block.SCMBlockDeletingService (SCMBlockDeletingService.java:call(133)) - Running DeletedBlockTransactionScanner
2021-08-14 14:05:00,538 [SCMBlockDeletingService#0] DEBUG block.SCMBlockDeletingService (SCMBlockDeletingService.java:call(133)) - Running DeletedBlockTransactionScanner
2021-08-14 14:05:00,638 [SCMBlockDeletingService#0] DEBUG block.SCMBlockDeletingService (SCMBlockDeletingService.java:call(133)) - Running DeletedBlockTransactionScanner
2021-08-14 14:05:00,738 [SCMBlockDeletingService#0] DEBUG block.SCMBlockDeletingService (SCMBlockDeletingService.java:call(133)) - Running DeletedBlockTransactionScanner
2021-08-14 14:05:00,838 [SCMBlockDeletingService#0] DEBUG block.SCMBlockDeletingService (SCMBlockDeletingService.java:call(133)) - Running DeletedBlockTransactionScanner
2021-08-14 14:05:00,938 [SCMBlockDeletingService#0] DEBUG block.SCMBlockDeletingService (SCMBlockDeletingService.java:call(133)) - Running DeletedBlockTransactionScanner
2021-08-14 14:05:01,017 [Datanode State Machine Thread - 0] WARN  statemachine.StateContext (StateContext.java:execute(621)) - No available thread in pool for past 0 seconds.
2021-08-14 14:05:01,020 [Datanode State Machine Thread - 0] WARN  statemachine.StateContext (StateContext.java:execute(621)) - No available thread in pool for past 0 seconds.
2021-08-14 14:05:01,038 [SCMBlockDeletingService#0] DEBUG block.SCMBlockDeletingService (SCMBlockDeletingService.java:call(133)) - Running DeletedBlockTransactionScanner
2021-08-14 14:05:01,138 [SCMBlockDeletingService#0] DEBUG block.SCMBlockDeletingService (SCMBlockDeletingService.java:call(133)) - Running DeletedBlockTransactionScanner
2021-08-14 14:05:01,238 [SCMBlockDeletingService#0] DEBUG block.SCMBlockDeletingService (SCMBlockDeletingService.java:call(133)) - Running DeletedBlockTransactionScanner
2021-08-14 14:05:01,339 [SCMBlockDeletingService#0] DEBUG block.SCMBlockDeletingService (SCMBlockDeletingService.java:call(133)) - Running DeletedBlockTransactionScanner
2021-08-14 14:05:01,439 [SCMBlockDeletingService#0] DEBUG block.SCMBlockDeletingService (SCMBlockDeletingService.java:call(133)) - Running DeletedBlockTransactionScanner
2021-08-14 14:05:01,531 [Datanode State Machine Thread - 0] WARN  statemachine.StateContext (StateContext.java:execute(621)) - No available thread in pool for past 0 seconds.
2021-08-14 14:05:01,537 [Datanode State Machine Thread - 0] WARN  statemachine.StateContext (StateContext.java:execute(621)) - No available thread in pool for past 0 seconds.
2021-08-14 14:05:01,537 [Datanode State Machine Thread - 0] WARN  statemachine.StateContext (StateContext.java:execute(621)) - No available thread in pool for past 0 seconds.
2021-08-14 14:05:01,542 [SCMBlockDeletingService#0] DEBUG block.SCMBlockDeletingService (SCMBlockDeletingService.java:call(133)) - Running DeletedBlockTransactionScanner
2021-08-14 14:05:01,642 [SCMBlockDeletingService#0] DEBUG block.SCMBlockDeletingService (SCMBlockDeletingService.java:call(133)) - Running DeletedBlockTransactionScanner
2021-08-14 14:05:01,742 [SCMBlockDeletingService#0] DEBUG block.SCMBlockDeletingService (SCMBlockDeletingService.java:call(133)) - Running DeletedBlockTransactionScanner
2021-08-14 14:05:01,842 [SCMBlockDeletingService#0] DEBUG block.SCMBlockDeletingService (SCMBlockDeletingService.java:call(133)) - Running DeletedBlockTransactionScanner
2021-08-14 14:05:01,942 [SCMBlockDeletingService#0] DEBUG block.SCMBlockDeletingService (SCMBlockDeletingService.java:call(133)) - Running DeletedBlockTransactionScanner
2021-08-14 14:05:02,042 [SCMBlockDeletingService#0] DEBUG block.SCMBlockDeletingService (SCMBlockDeletingService.java:call(133)) - Running DeletedBlockTransactionScanner
2021-08-14 14:05:02,142 [SCMBlockDeletingService#0] DEBUG block.SCMBlockDeletingService (SCMBlockDeletingService.java:call(133)) - Running DeletedBlockTransactionScanner
2021-08-14 14:05:02,242 [SCMBlockDeletingService#0] DEBUG block.SCMBlockDeletingService (SCMBlockDeletingService.java:call(133)) - Running DeletedBlockTransactionScanner
2021-08-14 14:05:02,342 [SCMBlockDeletingService#0] DEBUG block.SCMBlockDeletingService (SCMBlockDeletingService.java:call(133)) - Running DeletedBlockTransactionScanner
2021-08-14 14:05:02,443 [SCMBlockDeletingService#0] DEBUG block.SCMBlockDeletingService (SCMBlockDeletingService.java:call(133)) - Running DeletedBlockTransactionScanner
2021-08-14 14:05:02,543 [SCMBlockDeletingService#0] DEBUG block.SCMBlockDeletingService (SCMBlockDeletingService.java:call(133)) - Running DeletedBlockTransactionScanner
2021-08-14 14:05:02,643 [SCMBlockDeletingService#0] DEBUG block.SCMBlockDeletingService (SCMBlockDeletingService.java:call(133)) - Running DeletedBlockTransactionScanner
2021-08-14 14:05:02,743 [SCMBlockDeletingService#0] DEBUG block.SCMBlockDeletingService (SCMBlockDeletingService.java:call(133)) - Running DeletedBlockTransactionScanner
2021-08-14 14:05:02,843 [SCMBlockDeletingService#0] DEBUG block.SCMBlockDeletingService (SCMBlockDeletingService.java:call(133)) - Running DeletedBlockTransactionScanner
2021-08-14 14:05:02,943 [SCMBlockDeletingService#0] DEBUG block.SCMBlockDeletingService (SCMBlockDeletingService.java:call(133)) - Running DeletedBlockTransactionScanner
2021-08-14 14:05:03,043 [SCMBlockDeletingService#0] DEBUG block.SCMBlockDeletingService (SCMBlockDeletingService.java:call(133)) - Running DeletedBlockTransactionScanner
2021-08-14 14:05:03,143 [SCMBlockDeletingService#0] DEBUG block.SCMBlockDeletingService (SCMBlockDeletingService.java:call(133)) - Running DeletedBlockTransactionScanner
2021-08-14 14:05:03,186 [Datanode State Machine Thread - 0] WARN  statemachine.StateContext (StateContext.java:execute(621)) - No available thread in pool for past 0 seconds.
2021-08-14 14:05:03,186 [Datanode State Machine Thread - 0] WARN  statemachine.StateContext (StateContext.java:execute(621)) - No available thread in pool for past 0 seconds.
2021-08-14 14:05:03,187 [Datanode State Machine Thread - 0] WARN  statemachine.StateContext (StateContext.java:execute(621)) - No available thread in pool for past 0 seconds.
2021-08-14 14:05:03,243 [SCMBlockDeletingService#0] DEBUG block.SCMBlockDeletingService (SCMBlockDeletingService.java:call(133)) - Running DeletedBlockTransactionScanner
2021-08-14 14:05:03,343 [SCMBlockDeletingService#0] DEBUG block.SCMBlockDeletingService (SCMBlockDeletingService.java:call(133)) - Running DeletedBlockTransactionScanner
2021-08-14 14:05:03,444 [SCMBlockDeletingService#0] DEBUG block.SCMBlockDeletingService (SCMBlockDeletingService.java:call(133)) - Running DeletedBlockTransactionScanner
2021-08-14 14:05:03,544 [SCMBlockDeletingService#0] DEBUG block.SCMBlockDeletingService (SCMBlockDeletingService.java:call(133)) - Running DeletedBlockTransactionScanner
2021-08-14 14:05:03,602 [Datanode State Machine Thread - 0] WARN  statemachine.StateContext (StateContext.java:execute(621)) - No available thread in pool for past 0 seconds.
2021-08-14 14:05:03,605 [Datanode State Machine Thread - 0] WARN  statemachine.StateContext (StateContext.java:execute(621)) - No available thread in pool for past 0 seconds.
2021-08-14 14:05:03,627 [Datanode State Machine Thread - 0] WARN  statemachine.StateContext (StateContext.java:execute(621)) - No available thread in pool for past 0 seconds.
2021-08-14 14:05:03,644 [SCMBlockDeletingService#0] DEBUG block.SCMBlockDeletingService (SCMBlockDeletingService.java:call(133)) - Running DeletedBlockTransactionScanner
2021-08-14 14:05:03,744 [SCMBlockDeletingService#0] DEBUG block.SCMBlockDeletingService (SCMBlockDeletingService.java:call(133)) - Running DeletedBlockTransactionScanner
2021-08-14 14:05:03,844 [SCMBlockDeletingService#0] DEBUG block.SCMBlockDeletingService (SCMBlockDeletingService.java:call(133)) - Running DeletedBlockTransactionScanner
2021-08-14 14:05:03,944 [SCMBlockDeletingService#0] DEBUG block.SCMBlockDeletingService (SCMBlockDeletingService.java:call(133)) - Running DeletedBlockTransactionScanner
2021-08-14 14:05:04,044 [SCMBlockDeletingService#0] DEBUG block.SCMBlockDeletingService (SCMBlockDeletingService.java:call(133)) - Running DeletedBlockTransactionScanner
2021-08-14 14:05:04,144 [SCMBlockDeletingService#0] DEBUG block.SCMBlockDeletingService (SCMBlockDeletingService.java:call(133)) - Running DeletedBlockTransactionScanner
2021-08-14 14:05:04,163 [Datanode State Machine Thread - 0] WARN  statemachine.StateContext (StateContext.java:execute(621)) - No available thread in pool for past 0 seconds.
2021-08-14 14:05:04,171 [Datanode State Machine Thread - 0] WARN  statemachine.StateContext (StateContext.java:execute(621)) - No available thread in pool for past 0 seconds.
2021-08-14 14:05:04,172 [Datanode State Machine Thread - 0] WARN  statemachine.StateContext (StateContext.java:execute(621)) - No available thread in pool for past 0 seconds.
2021-08-14 14:05:04,244 [SCMBlockDeletingService#0] DEBUG block.SCMBlockDeletingService (SCMBlockDeletingService.java:call(133)) - Running DeletedBlockTransactionScanner
2021-08-14 14:05:04,344 [SCMBlockDeletingService#0] DEBUG block.SCMBlockDeletingService (SCMBlockDeletingService.java:call(133)) - Running DeletedBlockTransactionScanner
2021-08-14 14:05:04,444 [SCMBlockDeletingService#0] DEBUG block.SCMBlockDeletingService (SCMBlockDeletingService.java:call(133)) - Running DeletedBlockTransactionScanner
2021-08-14 14:05:04,544 [SCMBlockDeletingService#0] DEBUG block.SCMBlockDeletingService (SCMBlockDeletingService.java:call(133)) - Running DeletedBlockTransactionScanner
2021-08-14 14:05:04,644 [SCMBlockDeletingService#0] DEBUG block.SCMBlockDeletingService (SCMBlockDeletingService.java:call(133)) - Running DeletedBlockTransactionScanner
2021-08-14 14:05:04,690 [Datanode State Machine Thread - 0] WARN  statemachine.StateContext (StateContext.java:execute(621)) - No available thread in pool for past 0 seconds.
2021-08-14 14:05:04,714 [Datanode State Machine Thread - 0] WARN  statemachine.StateContext (StateContext.java:execute(621)) - No available thread in pool for past 0 seconds.
2021-08-14 14:05:04,734 [Datanode State Machine Thread - 0] WARN  statemachine.StateContext (StateContext.java:execute(621)) - No available thread in pool for past 0 seconds.
2021-08-14 14:05:04,745 [SCMBlockDeletingService#0] DEBUG block.SCMBlockDeletingService (SCMBlockDeletingService.java:call(133)) - Running DeletedBlockTransactionScanner
2021-08-14 14:05:04,845 [SCMBlockDeletingService#0] DEBUG block.SCMBlockDeletingService (SCMBlockDeletingService.java:call(133)) - Running DeletedBlockTransactionScanner
2021-08-14 14:05:04,945 [SCMBlockDeletingService#0] DEBUG block.SCMBlockDeletingService (SCMBlockDeletingService.java:call(133)) - Running DeletedBlockTransactionScanner
2021-08-14 14:05:05,045 [SCMBlockDeletingService#0] DEBUG block.SCMBlockDeletingService (SCMBlockDeletingService.java:call(133)) - Running DeletedBlockTransactionScanner
2021-08-14 14:05:05,145 [SCMBlockDeletingService#0] DEBUG block.SCMBlockDeletingService (SCMBlockDeletingService.java:call(133)) - Running DeletedBlockTransactionScanner
2021-08-14 14:05:05,245 [SCMBlockDeletingService#0] DEBUG block.SCMBlockDeletingService (SCMBlockDeletingService.java:call(133)) - Running DeletedBlockTransactionScanner
2021-08-14 14:05:05,345 [SCMBlockDeletingService#0] DEBUG block.SCMBlockDeletingService (SCMBlockDeletingService.java:call(133)) - Running DeletedBlockTransactionScanner
2021-08-14 14:05:05,361 [Datanode State Machine Thread - 0] WARN  statemachine.StateContext (StateContext.java:execute(621)) - No available thread in pool for past 0 seconds.
2021-08-14 14:05:05,363 [Datanode State Machine Thread - 0] WARN  statemachine.StateContext (StateContext.java:execute(621)) - No available thread in pool for past 0 seconds.
2021-08-14 14:05:05,373 [Datanode State Machine Thread - 0] WARN  statemachine.StateContext (StateContext.java:execute(621)) - No available thread in pool for past 0 seconds.
2021-08-14 14:05:05,445 [SCMBlockDeletingService#0] DEBUG block.SCMBlockDeletingService (SCMBlockDeletingService.java:call(133)) - Running DeletedBlockTransactionScanner
2021-08-14 14:05:05,545 [SCMBlockDeletingService#0] DEBUG block.SCMBlockDeletingService (SCMBlockDeletingService.java:call(133)) - Running DeletedBlockTransactionScanner
2021-08-14 14:05:05,645 [SCMBlockDeletingService#0] DEBUG block.SCMBlockDeletingService (SCMBlockDeletingService.java:call(133)) - Running DeletedBlockTransactionScanner
2021-08-14 14:05:05,746 [SCMBlockDeletingService#0] DEBUG block.SCMBlockDeletingService (SCMBlockDeletingService.java:call(133)) - Running DeletedBlockTransactionScanner
2021-08-14 14:05:05,846 [SCMBlockDeletingService#0] DEBUG block.SCMBlockDeletingService (SCMBlockDeletingService.java:call(133)) - Running DeletedBlockTransactionScanner
2021-08-14 14:05:05,914 [Datanode State Machine Thread - 0] WARN  statemachine.StateContext (StateContext.java:execute(621)) - No available thread in pool for past 0 seconds.
2021-08-14 14:05:05,946 [SCMBlockDeletingService#0] DEBUG block.SCMBlockDeletingService (SCMBlockDeletingService.java:call(133)) - Running DeletedBlockTransactionScanner
2021-08-14 14:05:05,971 [Datanode State Machine Thread - 0] WARN  statemachine.StateContext (StateContext.java:execute(621)) - No available thread in pool for past 0 seconds.
2021-08-14 14:05:05,975 [Datanode State Machine Thread - 0] WARN  statemachine.StateContext (StateContext.java:execute(621)) - No available thread in pool for past 0 seconds.
2021-08-14 14:05:06,047 [SCMBlockDeletingService#0] DEBUG block.SCMBlockDeletingService (SCMBlockDeletingService.java:call(133)) - Running DeletedBlockTransactionScanner
2021-08-14 14:05:06,147 [SCMBlockDeletingService#0] DEBUG block.SCMBlockDeletingService (SCMBlockDeletingService.java:call(133)) - Running DeletedBlockTransactionScanner
2021-08-14 14:05:06,247 [SCMBlockDeletingService#0] DEBUG block.SCMBlockDeletingService (SCMBlockDeletingService.java:call(133)) - Running DeletedBlockTransactionScanner
2021-08-14 14:05:06,310 [Datanode State Machine Thread - 0] WARN  statemachine.StateContext (StateContext.java:execute(621)) - No available thread in pool for past 0 seconds.
2021-08-14 14:05:06,313 [Datanode State Machine Thread - 0] WARN  statemachine.StateContext (StateContext.java:execute(621)) - No available thread in pool for past 0 seconds.
2021-08-14 14:05:06,334 [Datanode State Machine Thread - 0] WARN  statemachine.StateContext (StateContext.java:execute(621)) - No available thread in pool for past 0 seconds.
2021-08-14 14:05:06,347 [SCMBlockDeletingService#0] DEBUG block.SCMBlockDeletingService (SCMBlockDeletingService.java:call(133)) - Running DeletedBlockTransactionScanner
2021-08-14 14:05:06,447 [SCMBlockDeletingService#0] DEBUG block.SCMBlockDeletingService (SCMBlockDeletingService.java:call(133)) - Running DeletedBlockTransactionScanner
2021-08-14 14:05:06,547 [SCMBlockDeletingService#0] DEBUG block.SCMBlockDeletingService (SCMBlockDeletingService.java:call(133)) - Running DeletedBlockTransactionScanner
2021-08-14 14:05:06,652 [SCMBlockDeletingService#0] DEBUG block.SCMBlockDeletingService (SCMBlockDeletingService.java:call(133)) - Running DeletedBlockTransactionScanner
2021-08-14 14:05:06,745 [Datanode State Machine Thread - 0] WARN  statemachine.StateContext (StateContext.java:execute(621)) - No available thread in pool for past 0 seconds.
2021-08-14 14:05:06,746 [Datanode State Machine Thread - 0] WARN  statemachine.StateContext (StateContext.java:execute(621)) - No available thread in pool for past 0 seconds.
2021-08-14 14:05:06,752 [SCMBlockDeletingService#0] DEBUG block.SCMBlockDeletingService (SCMBlockDeletingService.java:call(133)) - Running DeletedBlockTransactionScanner
2021-08-14 14:05:06,758 [Datanode State Machine Thread - 0] WARN  statemachine.StateContext (StateContext.java:execute(621)) - No available thread in pool for past 0 seconds.
2021-08-14 14:05:06,852 [SCMBlockDeletingService#0] DEBUG block.SCMBlockDeletingService (SCMBlockDeletingService.java:call(133)) - Running DeletedBlockTransactionScanner
2021-08-14 14:05:06,952 [SCMBlockDeletingService#0] DEBUG block.SCMBlockDeletingService (SCMBlockDeletingService.java:call(133)) - Running DeletedBlockTransactionScanner
2021-08-14 14:05:07,052 [SCMBlockDeletingService#0] DEBUG block.SCMBlockDeletingService (SCMBlockDeletingService.java:call(133)) - Running DeletedBlockTransactionScanner
2021-08-14 14:05:07,152 [SCMBlockDeletingService#0] DEBUG block.SCMBlockDeletingService (SCMBlockDeletingService.java:call(133)) - Running DeletedBlockTransactionScanner
2021-08-14 14:05:07,252 [SCMBlockDeletingService#0] DEBUG block.SCMBlockDeletingService (SCMBlockDeletingService.java:call(133)) - Running DeletedBlockTransactionScanner
2021-08-14 14:05:07,261 [Datanode State Machine Thread - 0] WARN  statemachine.StateContext (StateContext.java:execute(621)) - No available thread in pool for past 0 seconds.
2021-08-14 14:05:07,263 [Datanode State Machine Thread - 0] WARN  statemachine.StateContext (StateContext.java:execute(621)) - No available thread in pool for past 0 seconds.
2021-08-14 14:05:07,265 [Datanode State Machine Thread - 0] WARN  statemachine.StateContext (StateContext.java:execute(621)) - No available thread in pool for past 0 seconds.
2021-08-14 14:05:07,352 [SCMBlockDeletingService#0] DEBUG block.SCMBlockDeletingService (SCMBlockDeletingService.java:call(133)) - Running DeletedBlockTransactionScanner
2021-08-14 14:05:07,452 [SCMBlockDeletingService#0] DEBUG block.SCMBlockDeletingService (SCMBlockDeletingService.java:call(133)) - Running DeletedBlockTransactionScanner
2021-08-14 14:05:07,552 [SCMBlockDeletingService#0] DEBUG block.SCMBlockDeletingService (SCMBlockDeletingService.java:call(133)) - Running DeletedBlockTransactionScanner
2021-08-14 14:05:07,652 [SCMBlockDeletingService#0] DEBUG block.SCMBlockDeletingService (SCMBlockDeletingService.java:call(133)) - Running DeletedBlockTransactionScanner
2021-08-14 14:05:07,752 [SCMBlockDeletingService#0] DEBUG block.SCMBlockDeletingService (SCMBlockDeletingService.java:call(133)) - Running DeletedBlockTransactionScanner
2021-08-14 14:05:07,852 [SCMBlockDeletingService#0] DEBUG block.SCMBlockDeletingService (SCMBlockDeletingService.java:call(133)) - Running DeletedBlockTransactionScanner
2021-08-14 14:05:07,952 [SCMBlockDeletingService#0] DEBUG block.SCMBlockDeletingService (SCMBlockDeletingService.java:call(133)) - Running DeletedBlockTransactionScanner
2021-08-14 14:05:08,057 [SCMBlockDeletingService#0] DEBUG block.SCMBlockDeletingService (SCMBlockDeletingService.java:call(133)) - Running DeletedBlockTransactionScanner
2021-08-14 14:05:08,157 [SCMBlockDeletingService#0] DEBUG block.SCMBlockDeletingService (SCMBlockDeletingService.java:call(133)) - Running DeletedBlockTransactionScanner
2021-08-14 14:05:08,257 [SCMBlockDeletingService#0] DEBUG block.SCMBlockDeletingService (SCMBlockDeletingService.java:call(133)) - Running DeletedBlockTransactionScanner
2021-08-14 14:05:08,357 [SCMBlockDeletingService#0] DEBUG block.SCMBlockDeletingService (SCMBlockDeletingService.java:call(133)) - Running DeletedBlockTransactionScanner
2021-08-14 14:05:08,457 [SCMBlockDeletingService#0] DEBUG block.SCMBlockDeletingService (SCMBlockDeletingService.java:call(133)) - Running DeletedBlockTransactionScanner
2021-08-14 14:05:08,559 [SCMBlockDeletingService#0] DEBUG block.SCMBlockDeletingService (SCMBlockDeletingService.java:call(133)) - Running DeletedBlockTransactionScanner
2021-08-14 14:05:08,659 [SCMBlockDeletingService#0] DEBUG block.SCMBlockDeletingService (SCMBlockDeletingService.java:call(133)) - Running DeletedBlockTransactionScanner
2021-08-14 14:05:08,759 [SCMBlockDeletingService#0] DEBUG block.SCMBlockDeletingService (SCMBlockDeletingService.java:call(133)) - Running DeletedBlockTransactionScanner
2021-08-14 14:05:08,859 [SCMBlockDeletingService#0] DEBUG block.SCMBlockDeletingService (SCMBlockDeletingService.java:call(133)) - Running DeletedBlockTransactionScanner
2021-08-14 14:05:08,959 [SCMBlockDeletingService#0] DEBUG block.SCMBlockDeletingService (SCMBlockDeletingService.java:call(133)) - Running DeletedBlockTransactionScanner
2021-08-14 14:05:09,059 [SCMBlockDeletingService#0] DEBUG block.SCMBlockDeletingService (SCMBlockDeletingService.java:call(133)) - Running DeletedBlockTransactionScanner
2021-08-14 14:05:09,159 [SCMBlockDeletingService#0] DEBUG block.SCMBlockDeletingService (SCMBlockDeletingService.java:call(133)) - Running DeletedBlockTransactionScanner
2021-08-14 14:05:09,259 [SCMBlockDeletingService#0] DEBUG block.SCMBlockDeletingService (SCMBlockDeletingService.java:call(133)) - Running DeletedBlockTransactionScanner
2021-08-14 14:05:09,366 [SCMBlockDeletingService#0] DEBUG block.SCMBlockDeletingService (SCMBlockDeletingService.java:call(133)) - Running DeletedBlockTransactionScanner
2021-08-14 14:05:09,466 [SCMBlockDeletingService#0] DEBUG block.SCMBlockDeletingService (SCMBlockDeletingService.java:call(133)) - Running DeletedBlockTransactionScanner
2021-08-14 14:05:09,566 [SCMBlockDeletingService#0] DEBUG block.SCMBlockDeletingService (SCMBlockDeletingService.java:call(133)) - Running DeletedBlockTransactionScanner
2021-08-14 14:05:09,666 [SCMBlockDeletingService#0] DEBUG block.SCMBlockDeletingService (SCMBlockDeletingService.java:call(133)) - Running DeletedBlockTransactionScanner
2021-08-14 14:05:09,766 [SCMBlockDeletingService#0] DEBUG block.SCMBlockDeletingService (SCMBlockDeletingService.java:call(133)) - Running DeletedBlockTransactionScanner
2021-08-14 14:05:09,866 [SCMBlockDeletingService#0] DEBUG block.SCMBlockDeletingService (SCMBlockDeletingService.java:call(133)) - Running DeletedBlockTransactionScanner
2021-08-14 14:05:09,966 [SCMBlockDeletingService#0] DEBUG block.SCMBlockDeletingService (SCMBlockDeletingService.java:call(133)) - Running DeletedBlockTransactionScanner
2021-08-14 14:05:10,067 [SCMBlockDeletingService#0] DEBUG block.SCMBlockDeletingService (SCMBlockDeletingService.java:call(133)) - Running DeletedBlockTransactionScanner
2021-08-14 14:05:10,167 [SCMBlockDeletingService#0] DEBUG block.SCMBlockDeletingService (SCMBlockDeletingService.java:call(133)) - Running DeletedBlockTransactionScanner
2021-08-14 14:05:10,267 [SCMBlockDeletingService#0] DEBUG block.SCMBlockDeletingService (SCMBlockDeletingService.java:call(133)) - Running DeletedBlockTransactionScanner
2021-08-14 14:05:10,380 [SCMBlockDeletingService#0] DEBUG block.SCMBlockDeletingService (SCMBlockDeletingService.java:call(133)) - Running DeletedBlockTransactionScanner
2021-08-14 14:05:10,480 [SCMBlockDeletingService#0] DEBUG block.SCMBlockDeletingService (SCMBlockDeletingService.java:call(133)) - Running DeletedBlockTransactionScanner
2021-08-14 14:05:10,496 [Datanode State Machine Thread - 0] WARN  statemachine.StateContext (StateContext.java:execute(621)) - No available thread in pool for past 0 seconds.
2021-08-14 14:05:10,497 [Datanode State Machine Thread - 0] WARN  statemachine.StateContext (StateContext.java:execute(621)) - No available thread in pool for past 0 seconds.
2021-08-14 14:05:10,498 [Datanode State Machine Thread - 0] WARN  statemachine.StateContext (StateContext.java:execute(621)) - No available thread in pool for past 0 seconds.
2021-08-14 14:05:10,580 [SCMBlockDeletingService#0] DEBUG block.SCMBlockDeletingService (SCMBlockDeletingService.java:call(133)) - Running DeletedBlockTransactionScanner
2021-08-14 14:05:10,680 [SCMBlockDeletingService#0] DEBUG block.SCMBlockDeletingService (SCMBlockDeletingService.java:call(133)) - Running DeletedBlockTransactionScanner
2021-08-14 14:05:10,780 [SCMBlockDeletingService#0] DEBUG block.SCMBlockDeletingService (SCMBlockDeletingService.java:call(133)) - Running DeletedBlockTransactionScanner
2021-08-14 14:05:10,880 [SCMBlockDeletingService#0] DEBUG block.SCMBlockDeletingService (SCMBlockDeletingService.java:call(133)) - Running DeletedBlockTransactionScanner
2021-08-14 14:05:10,980 [SCMBlockDeletingService#0] DEBUG block.SCMBlockDeletingService (SCMBlockDeletingService.java:call(133)) - Running DeletedBlockTransactionScanner
2021-08-14 14:05:11,038 [Datanode State Machine Thread - 0] WARN  statemachine.StateContext (StateContext.java:execute(621)) - No available thread in pool for past 0 seconds.
2021-08-14 14:05:11,040 [Datanode State Machine Thread - 0] WARN  statemachine.StateContext (StateContext.java:execute(621)) - No available thread in pool for past 0 seconds.
2021-08-14 14:05:11,040 [Datanode State Machine Thread - 0] WARN  statemachine.StateContext (StateContext.java:execute(621)) - No available thread in pool for past 0 seconds.
2021-08-14 14:05:11,080 [SCMBlockDeletingService#0] DEBUG block.SCMBlockDeletingService (SCMBlockDeletingService.java:call(133)) - Running DeletedBlockTransactionScanner
2021-08-14 14:05:11,181 [SCMBlockDeletingService#0] DEBUG block.SCMBlockDeletingService (SCMBlockDeletingService.java:call(133)) - Running DeletedBlockTransactionScanner
2021-08-14 14:05:11,281 [SCMBlockDeletingService#0] DEBUG block.SCMBlockDeletingService (SCMBlockDeletingService.java:call(133)) - Running DeletedBlockTransactionScanner
2021-08-14 14:05:11,311 [Datanode State Machine Thread - 0] WARN  statemachine.StateContext (StateContext.java:execute(621)) - No available thread in pool for past 0 seconds.
2021-08-14 14:05:11,312 [Datanode State Machine Thread - 0] WARN  statemachine.StateContext (StateContext.java:execute(621)) - No available thread in pool for past 0 seconds.
2021-08-14 14:05:11,382 [SCMBlockDeletingService#0] DEBUG block.SCMBlockDeletingService (SCMBlockDeletingService.java:call(133)) - Running DeletedBlockTransactionScanner
2021-08-14 14:05:11,435 [Datanode State Machine Thread - 0] WARN  statemachine.StateContext (StateContext.java:execute(621)) - No available thread in pool for past 0 seconds.
2021-08-14 14:05:11,482 [SCMBlockDeletingService#0] DEBUG block.SCMBlockDeletingService (SCMBlockDeletingService.java:call(133)) - Running DeletedBlockTransactionScanner
2021-08-14 14:05:11,582 [SCMBlockDeletingService#0] DEBUG block.SCMBlockDeletingService (SCMBlockDeletingService.java:call(133)) - Running DeletedBlockTransactionScanner
2021-08-14 14:05:11,682 [SCMBlockDeletingService#0] DEBUG block.SCMBlockDeletingService (SCMBlockDeletingService.java:call(133)) - Running DeletedBlockTransactionScanner
2021-08-14 14:05:11,784 [SCMBlockDeletingService#0] DEBUG block.SCMBlockDeletingService (SCMBlockDeletingService.java:call(133)) - Running DeletedBlockTransactionScanner
2021-08-14 14:05:11,872 [Datanode State Machine Thread - 0] WARN  statemachine.StateContext (StateContext.java:execute(621)) - No available thread in pool for past 0 seconds.
2021-08-14 14:05:11,885 [SCMBlockDeletingService#0] DEBUG block.SCMBlockDeletingService (SCMBlockDeletingService.java:call(133)) - Running DeletedBlockTransactionScanner
2021-08-14 14:05:11,911 [Datanode State Machine Thread - 0] WARN  statemachine.StateContext (StateContext.java:execute(621)) - No available thread in pool for past 0 seconds.
2021-08-14 14:05:11,915 [Datanode State Machine Thread - 0] WARN  statemachine.StateContext (StateContext.java:execute(621)) - No available thread in pool for past 0 seconds.
2021-08-14 14:05:11,985 [SCMBlockDeletingService#0] DEBUG block.SCMBlockDeletingService (SCMBlockDeletingService.java:call(133)) - Running DeletedBlockTransactionScanner
2021-08-14 14:05:12,085 [SCMBlockDeletingService#0] DEBUG block.SCMBlockDeletingService (SCMBlockDeletingService.java:call(133)) - Running DeletedBlockTransactionScanner
2021-08-14 14:05:12,186 [SCMBlockDeletingService#0] DEBUG block.SCMBlockDeletingService (SCMBlockDeletingService.java:call(133)) - Running DeletedBlockTransactionScanner
2021-08-14 14:05:12,286 [SCMBlockDeletingService#0] DEBUG block.SCMBlockDeletingService (SCMBlockDeletingService.java:call(133)) - Running DeletedBlockTransactionScanner
2021-08-14 14:05:12,337 [Datanode State Machine Thread - 0] WARN  statemachine.StateContext (StateContext.java:execute(621)) - No available thread in pool for past 0 seconds.
2021-08-14 14:05:12,357 [Datanode State Machine Thread - 0] WARN  statemachine.StateContext (StateContext.java:execute(621)) - No available thread in pool for past 0 seconds.
2021-08-14 14:05:12,361 [Datanode State Machine Thread - 0] WARN  statemachine.StateContext (StateContext.java:execute(621)) - No available thread in pool for past 0 seconds.
2021-08-14 14:05:12,392 [SCMBlockDeletingService#0] DEBUG block.SCMBlockDeletingService (SCMBlockDeletingService.java:call(133)) - Running DeletedBlockTransactionScanner
2021-08-14 14:05:12,492 [SCMBlockDeletingService#0] DEBUG block.SCMBlockDeletingService (SCMBlockDeletingService.java:call(133)) - Running DeletedBlockTransactionScanner
2021-08-14 14:05:12,592 [SCMBlockDeletingService#0] DEBUG block.SCMBlockDeletingService (SCMBlockDeletingService.java:call(133)) - Running DeletedBlockTransactionScanner
2021-08-14 14:05:12,692 [SCMBlockDeletingService#0] DEBUG block.SCMBlockDeletingService (SCMBlockDeletingService.java:call(133)) - Running DeletedBlockTransactionScanner
2021-08-14 14:05:12,790 [Datanode State Machine Thread - 0] WARN  statemachine.StateContext (StateContext.java:execute(621)) - No available thread in pool for past 0 seconds.
2021-08-14 14:05:12,792 [SCMBlockDeletingService#0] DEBUG block.SCMBlockDeletingService (SCMBlockDeletingService.java:call(133)) - Running DeletedBlockTransactionScanner
2021-08-14 14:05:12,809 [Datanode State Machine Thread - 0] WARN  statemachine.StateContext (StateContext.java:execute(621)) - No available thread in pool for past 0 seconds.
2021-08-14 14:05:12,811 [Datanode State Machine Thread - 0] WARN  statemachine.StateContext (StateContext.java:execute(621)) - No available thread in pool for past 0 seconds.
2021-08-14 14:05:12,892 [SCMBlockDeletingService#0] DEBUG block.SCMBlockDeletingService (SCMBlockDeletingService.java:call(133)) - Running DeletedBlockTransactionScanner
2021-08-14 14:05:12,992 [SCMBlockDeletingService#0] DEBUG block.SCMBlockDeletingService (SCMBlockDeletingService.java:call(133)) - Running DeletedBlockTransactionScanner
2021-08-14 14:05:13,092 [SCMBlockDeletingService#0] DEBUG block.SCMBlockDeletingService (SCMBlockDeletingService.java:call(133)) - Running DeletedBlockTransactionScanner
2021-08-14 14:05:13,194 [SCMBlockDeletingService#0] DEBUG block.SCMBlockDeletingService (SCMBlockDeletingService.java:call(133)) - Running DeletedBlockTransactionScanner
2021-08-14 14:05:13,294 [SCMBlockDeletingService#0] DEBUG block.SCMBlockDeletingService (SCMBlockDeletingService.java:call(133)) - Running DeletedBlockTransactionScanner
2021-08-14 14:05:13,394 [SCMBlockDeletingService#0] DEBUG block.SCMBlockDeletingService (SCMBlockDeletingService.java:call(133)) - Running DeletedBlockTransactionScanner
2021-08-14 14:05:13,495 [SCMBlockDeletingService#0] DEBUG block.SCMBlockDeletingService (SCMBlockDeletingService.java:call(133)) - Running DeletedBlockTransactionScanner
2021-08-14 14:05:13,595 [SCMBlockDeletingService#0] DEBUG block.SCMBlockDeletingService (SCMBlockDeletingService.java:call(133)) - Running DeletedBlockTransactionScanner
2021-08-14 14:05:13,661 [Datanode State Machine Thread - 0] WARN  statemachine.StateContext (StateContext.java:execute(621)) - No available thread in pool for past 0 seconds.
2021-08-14 14:05:13,664 [Datanode State Machine Thread - 0] WARN  statemachine.StateContext (StateContext.java:execute(621)) - No available thread in pool for past 0 seconds.
2021-08-14 14:05:13,688 [Datanode State Machine Thread - 0] WARN  statemachine.StateContext (StateContext.java:execute(621)) - No available thread in pool for past 0 seconds.
2021-08-14 14:05:13,695 [SCMBlockDeletingService#0] DEBUG block.SCMBlockDeletingService (SCMBlockDeletingService.java:call(133)) - Running DeletedBlockTransactionScanner
2021-08-14 14:05:13,800 [SCMBlockDeletingService#0] DEBUG block.SCMBlockDeletingService (SCMBlockDeletingService.java:call(133)) - Running DeletedBlockTransactionScanner
2021-08-14 14:05:13,900 [SCMBlockDeletingService#0] DEBUG block.SCMBlockDeletingService (SCMBlockDeletingService.java:call(133)) - Running DeletedBlockTransactionScanner
2021-08-14 14:05:14,000 [SCMBlockDeletingService#0] DEBUG block.SCMBlockDeletingService (SCMBlockDeletingService.java:call(133)) - Running DeletedBlockTransactionScanner
2021-08-14 14:05:14,101 [SCMBlockDeletingService#0] DEBUG block.SCMBlockDeletingService (SCMBlockDeletingService.java:call(133)) - Running DeletedBlockTransactionScanner
2021-08-14 14:05:14,180 [Datanode State Machine Thread - 0] WARN  statemachine.StateContext (StateContext.java:execute(621)) - No available thread in pool for past 0 seconds.
2021-08-14 14:05:14,201 [SCMBlockDeletingService#0] DEBUG block.SCMBlockDeletingService (SCMBlockDeletingService.java:call(133)) - Running DeletedBlockTransactionScanner
2021-08-14 14:05:14,252 [Datanode State Machine Thread - 0] WARN  statemachine.StateContext (StateContext.java:execute(621)) - No available thread in pool for past 0 seconds.
2021-08-14 14:05:14,262 [Datanode State Machine Thread - 0] WARN  statemachine.StateContext (StateContext.java:execute(621)) - No available thread in pool for past 0 seconds.
2021-08-14 14:05:14,301 [SCMBlockDeletingService#0] DEBUG block.SCMBlockDeletingService (SCMBlockDeletingService.java:call(133)) - Running DeletedBlockTransactionScanner
2021-08-14 14:05:14,401 [SCMBlockDeletingService#0] DEBUG block.SCMBlockDeletingService (SCMBlockDeletingService.java:call(133)) - Running DeletedBlockTransactionScanner
2021-08-14 14:05:14,501 [SCMBlockDeletingService#0] DEBUG block.SCMBlockDeletingService (SCMBlockDeletingService.java:call(133)) - Running DeletedBlockTransactionScanner
2021-08-14 14:05:14,601 [SCMBlockDeletingService#0] DEBUG block.SCMBlockDeletingService (SCMBlockDeletingService.java:call(133)) - Running DeletedBlockTransactionScanner
2021-08-14 14:05:14,681 [Datanode State Machine Thread - 0] WARN  statemachine.StateContext (StateContext.java:execute(621)) - No available thread in pool for past 0 seconds.
2021-08-14 14:05:14,682 [Datanode State Machine Thread - 0] WARN  statemachine.StateContext (StateContext.java:execute(621)) - No available thread in pool for past 0 seconds.
2021-08-14 14:05:14,683 [Datanode State Machine Thread - 0] WARN  statemachine.StateContext (StateContext.java:execute(621)) - No available thread in pool for past 0 seconds.
2021-08-14 14:05:14,701 [SCMBlockDeletingService#0] DEBUG block.SCMBlockDeletingService (SCMBlockDeletingService.java:call(133)) - Running DeletedBlockTransactionScanner
2021-08-14 14:05:14,801 [SCMBlockDeletingService#0] DEBUG block.SCMBlockDeletingService (SCMBlockDeletingService.java:call(133)) - Running DeletedBlockTransactionScanner
2021-08-14 14:05:14,901 [SCMBlockDeletingService#0] DEBUG block.SCMBlockDeletingService (SCMBlockDeletingService.java:call(133)) - Running DeletedBlockTransactionScanner
2021-08-14 14:05:15,002 [SCMBlockDeletingService#0] DEBUG block.SCMBlockDeletingService (SCMBlockDeletingService.java:call(133)) - Running DeletedBlockTransactionScanner
2021-08-14 14:05:15,102 [SCMBlockDeletingService#0] DEBUG block.SCMBlockDeletingService (SCMBlockDeletingService.java:call(133)) - Running DeletedBlockTransactionScanner
2021-08-14 14:05:15,128 [Datanode State Machine Thread - 0] WARN  statemachine.StateContext (StateContext.java:execute(621)) - No available thread in pool for past 0 seconds.
2021-08-14 14:05:15,137 [Datanode State Machine Thread - 0] WARN  statemachine.StateContext (StateContext.java:execute(621)) - No available thread in pool for past 0 seconds.
2021-08-14 14:05:15,202 [SCMBlockDeletingService#0] DEBUG block.SCMBlockDeletingService (SCMBlockDeletingService.java:call(133)) - Running DeletedBlockTransactionScanner
2021-08-14 14:05:15,305 [SCMBlockDeletingService#0] DEBUG block.SCMBlockDeletingService (SCMBlockDeletingService.java:call(133)) - Running DeletedBlockTransactionScanner
2021-08-14 14:05:15,405 [SCMBlockDeletingService#0] DEBUG block.SCMBlockDeletingService (SCMBlockDeletingService.java:call(133)) - Running DeletedBlockTransactionScanner
2021-08-14 14:05:15,505 [SCMBlockDeletingService#0] DEBUG block.SCMBlockDeletingService (SCMBlockDeletingService.java:call(133)) - Running DeletedBlockTransactionScanner
2021-08-14 14:05:15,565 [Datanode State Machine Thread - 0] WARN  statemachine.StateContext (StateContext.java:execute(621)) - No available thread in pool for past 0 seconds.
2021-08-14 14:05:15,566 [Datanode State Machine Thread - 0] WARN  statemachine.StateContext (StateContext.java:execute(621)) - No available thread in pool for past 0 seconds.
2021-08-14 14:05:15,573 [Datanode State Machine Thread - 0] WARN  statemachine.StateContext (StateContext.java:execute(621)) - No available thread in pool for past 0 seconds.
2021-08-14 14:05:15,605 [SCMBlockDeletingService#0] DEBUG block.SCMBlockDeletingService (SCMBlockDeletingService.java:call(133)) - Running DeletedBlockTransactionScanner
2021-08-14 14:05:15,705 [SCMBlockDeletingService#0] DEBUG block.SCMBlockDeletingService (SCMBlockDeletingService.java:call(133)) - Running DeletedBlockTransactionScanner
2021-08-14 14:05:15,805 [SCMBlockDeletingService#0] DEBUG block.SCMBlockDeletingService (SCMBlockDeletingService.java:call(133)) - Running DeletedBlockTransactionScanner
2021-08-14 14:05:15,905 [SCMBlockDeletingService#0] DEBUG block.SCMBlockDeletingService (SCMBlockDeletingService.java:call(133)) - Running DeletedBlockTransactionScanner
2021-08-14 14:05:15,977 [Datanode State Machine Thread - 0] WARN  statemachine.StateContext (StateContext.java:execute(621)) - No available thread in pool for past 0 seconds.
2021-08-14 14:05:15,999 [Datanode State Machine Thread - 0] WARN  statemachine.StateContext (StateContext.java:execute(621)) - No available thread in pool for past 0 seconds.
2021-08-14 14:05:16,005 [SCMBlockDeletingService#0] DEBUG block.SCMBlockDeletingService (SCMBlockDeletingService.java:call(133)) - Running DeletedBlockTransactionScanner
2021-08-14 14:05:16,006 [Datanode State Machine Thread - 0] WARN  statemachine.StateContext (StateContext.java:execute(621)) - No available thread in pool for past 0 seconds.
2021-08-14 14:05:16,105 [SCMBlockDeletingService#0] DEBUG block.SCMBlockDeletingService (SCMBlockDeletingService.java:call(133)) - Running DeletedBlockTransactionScanner
2021-08-14 14:05:16,209 [SCMBlockDeletingService#0] DEBUG block.SCMBlockDeletingService (SCMBlockDeletingService.java:call(133)) - Running DeletedBlockTransactionScanner
2021-08-14 14:05:16,310 [SCMBlockDeletingService#0] DEBUG block.SCMBlockDeletingService (SCMBlockDeletingService.java:call(133)) - Running DeletedBlockTransactionScanner
2021-08-14 14:05:16,410 [SCMBlockDeletingService#0] DEBUG block.SCMBlockDeletingService (SCMBlockDeletingService.java:call(133)) - Running DeletedBlockTransactionScanner
2021-08-14 14:05:16,510 [SCMBlockDeletingService#0] DEBUG block.SCMBlockDeletingService (SCMBlockDeletingService.java:call(133)) - Running DeletedBlockTransactionScanner
2021-08-14 14:05:16,610 [SCMBlockDeletingService#0] DEBUG block.SCMBlockDeletingService (SCMBlockDeletingService.java:call(133)) - Running DeletedBlockTransactionScanner
2021-08-14 14:05:16,710 [SCMBlockDeletingService#0] DEBUG block.SCMBlockDeletingService (SCMBlockDeletingService.java:call(133)) - Running DeletedBlockTransactionScanner
2021-08-14 14:05:16,810 [SCMBlockDeletingService#0] DEBUG block.SCMBlockDeletingService (SCMBlockDeletingService.java:call(133)) - Running DeletedBlockTransactionScanner
2021-08-14 14:05:16,911 [SCMBlockDeletingService#0] DEBUG block.SCMBlockDeletingService (SCMBlockDeletingService.java:call(133)) - Running DeletedBlockTransactionScanner
2021-08-14 14:05:17,011 [SCMBlockDeletingService#0] DEBUG block.SCMBlockDeletingService (SCMBlockDeletingService.java:call(133)) - Running DeletedBlockTransactionScanner
2021-08-14 14:05:17,111 [SCMBlockDeletingService#0] DEBUG block.SCMBlockDeletingService (SCMBlockDeletingService.java:call(133)) - Running DeletedBlockTransactionScanner
2021-08-14 14:05:17,211 [SCMBlockDeletingService#0] DEBUG block.SCMBlockDeletingService (SCMBlockDeletingService.java:call(133)) - Running DeletedBlockTransactionScanner
2021-08-14 14:05:17,311 [SCMBlockDeletingService#0] DEBUG block.SCMBlockDeletingService (SCMBlockDeletingService.java:call(133)) - Running DeletedBlockTransactionScanner
2021-08-14 14:05:17,412 [SCMBlockDeletingService#0] DEBUG block.SCMBlockDeletingService (SCMBlockDeletingService.java:call(133)) - Running DeletedBlockTransactionScanner
2021-08-14 14:05:17,512 [SCMBlockDeletingService#0] DEBUG block.SCMBlockDeletingService (SCMBlockDeletingService.java:call(133)) - Running DeletedBlockTransactionScanner
2021-08-14 14:05:17,612 [SCMBlockDeletingService#0] DEBUG block.SCMBlockDeletingService (SCMBlockDeletingService.java:call(133)) - Running DeletedBlockTransactionScanner
2021-08-14 14:05:17,712 [SCMBlockDeletingService#0] DEBUG block.SCMBlockDeletingService (SCMBlockDeletingService.java:call(133)) - Running DeletedBlockTransactionScanner
2021-08-14 14:05:17,812 [SCMBlockDeletingService#0] DEBUG block.SCMBlockDeletingService (SCMBlockDeletingService.java:call(133)) - Running DeletedBlockTransactionScanner
2021-08-14 14:05:17,912 [SCMBlockDeletingService#0] DEBUG block.SCMBlockDeletingService (SCMBlockDeletingService.java:call(133)) - Running DeletedBlockTransactionScanner
2021-08-14 14:05:18,013 [SCMBlockDeletingService#0] DEBUG block.SCMBlockDeletingService (SCMBlockDeletingService.java:call(133)) - Running DeletedBlockTransactionScanner
2021-08-14 14:05:18,117 [SCMBlockDeletingService#0] DEBUG block.SCMBlockDeletingService (SCMBlockDeletingService.java:call(133)) - Running DeletedBlockTransactionScanner
2021-08-14 14:05:18,217 [SCMBlockDeletingService#0] DEBUG block.SCMBlockDeletingService (SCMBlockDeletingService.java:call(133)) - Running DeletedBlockTransactionScanner
2021-08-14 14:05:18,317 [SCMBlockDeletingService#0] DEBUG block.SCMBlockDeletingService (SCMBlockDeletingService.java:call(133)) - Running DeletedBlockTransactionScanner
2021-08-14 14:05:18,417 [SCMBlockDeletingService#0] DEBUG block.SCMBlockDeletingService (SCMBlockDeletingService.java:call(133)) - Running DeletedBlockTransactionScanner
2021-08-14 14:05:18,518 [SCMBlockDeletingService#0] DEBUG block.SCMBlockDeletingService (SCMBlockDeletingService.java:call(133)) - Running DeletedBlockTransactionScanner
2021-08-14 14:05:18,618 [SCMBlockDeletingService#0] DEBUG block.SCMBlockDeletingService (SCMBlockDeletingService.java:call(133)) - Running DeletedBlockTransactionScanner
2021-08-14 14:05:18,718 [SCMBlockDeletingService#0] DEBUG block.SCMBlockDeletingService (SCMBlockDeletingService.java:call(133)) - Running DeletedBlockTransactionScanner
2021-08-14 14:05:18,774 [IPC Server handler 18 on default port 43321] INFO  ha.SequenceIdGenerator (SequenceIdGenerator.java:getNextId(127)) - Allocate a batch for delTxnId, change lastId from 0 to 1000.
2021-08-14 14:05:18,818 [SCMBlockDeletingService#0] DEBUG block.SCMBlockDeletingService (SCMBlockDeletingService.java:call(133)) - Running DeletedBlockTransactionScanner
2021-08-14 14:05:18,918 [SCMBlockDeletingService#0] DEBUG block.SCMBlockDeletingService (SCMBlockDeletingService.java:call(133)) - Running DeletedBlockTransactionScanner
2021-08-14 14:05:19,018 [SCMBlockDeletingService#0] DEBUG block.SCMBlockDeletingService (SCMBlockDeletingService.java:call(133)) - Running DeletedBlockTransactionScanner
2021-08-14 14:05:19,121 [SCMBlockDeletingService#0] DEBUG block.SCMBlockDeletingService (SCMBlockDeletingService.java:call(133)) - Running DeletedBlockTransactionScanner
2021-08-14 14:05:19,221 [SCMBlockDeletingService#0] DEBUG block.SCMBlockDeletingService (SCMBlockDeletingService.java:call(133)) - Running DeletedBlockTransactionScanner
2021-08-14 14:05:19,321 [SCMBlockDeletingService#0] DEBUG block.SCMBlockDeletingService (SCMBlockDeletingService.java:call(133)) - Running DeletedBlockTransactionScanner
2021-08-14 14:05:19,421 [SCMBlockDeletingService#0] DEBUG block.SCMBlockDeletingService (SCMBlockDeletingService.java:call(133)) - Running DeletedBlockTransactionScanner
2021-08-14 14:05:19,521 [SCMBlockDeletingService#0] DEBUG block.SCMBlockDeletingService (SCMBlockDeletingService.java:call(133)) - Running DeletedBlockTransactionScanner
2021-08-14 14:05:19,622 [SCMBlockDeletingService#0] DEBUG block.SCMBlockDeletingService (SCMBlockDeletingService.java:call(133)) - Running DeletedBlockTransactionScanner
2021-08-14 14:05:19,725 [SCMBlockDeletingService#0] DEBUG block.SCMBlockDeletingService (SCMBlockDeletingService.java:call(133)) - Running DeletedBlockTransactionScanner
2021-08-14 14:05:19,825 [SCMBlockDeletingService#0] DEBUG block.SCMBlockDeletingService (SCMBlockDeletingService.java:call(133)) - Running DeletedBlockTransactionScanner
2021-08-14 14:05:19,925 [SCMBlockDeletingService#0] DEBUG block.SCMBlockDeletingService (SCMBlockDeletingService.java:call(133)) - Running DeletedBlockTransactionScanner
2021-08-14 14:05:20,025 [SCMBlockDeletingService#0] DEBUG block.SCMBlockDeletingService (SCMBlockDeletingService.java:call(133)) - Running DeletedBlockTransactionScanner
2021-08-14 14:05:20,125 [SCMBlockDeletingService#0] DEBUG block.SCMBlockDeletingService (SCMBlockDeletingService.java:call(133)) - Running DeletedBlockTransactionScanner
2021-08-14 14:05:20,226 [SCMBlockDeletingService#0] DEBUG block.SCMBlockDeletingService (SCMBlockDeletingService.java:call(133)) - Running DeletedBlockTransactionScanner
2021-08-14 14:05:20,327 [SCMBlockDeletingService#0] DEBUG block.SCMBlockDeletingService (SCMBlockDeletingService.java:call(133)) - Running DeletedBlockTransactionScanner
2021-08-14 14:05:20,427 [SCMBlockDeletingService#0] DEBUG block.SCMBlockDeletingService (SCMBlockDeletingService.java:call(133)) - Running DeletedBlockTransactionScanner
2021-08-14 14:05:20,527 [SCMBlockDeletingService#0] DEBUG block.SCMBlockDeletingService (SCMBlockDeletingService.java:call(133)) - Running DeletedBlockTransactionScanner
2021-08-14 14:05:20,628 [SCMBlockDeletingService#0] DEBUG block.SCMBlockDeletingService (SCMBlockDeletingService.java:call(133)) - Running DeletedBlockTransactionScanner
2021-08-14 14:05:20,731 [SCMBlockDeletingService#0] DEBUG block.SCMBlockDeletingService (SCMBlockDeletingService.java:call(133)) - Running DeletedBlockTransactionScanner
2021-08-14 14:05:20,831 [SCMBlockDeletingService#0] DEBUG block.SCMBlockDeletingService (SCMBlockDeletingService.java:call(133)) - Running DeletedBlockTransactionScanner
2021-08-14 14:05:20,931 [SCMBlockDeletingService#0] DEBUG block.SCMBlockDeletingService (SCMBlockDeletingService.java:call(133)) - Running DeletedBlockTransactionScanner
2021-08-14 14:05:21,031 [SCMBlockDeletingService#0] DEBUG block.SCMBlockDeletingService (SCMBlockDeletingService.java:call(133)) - Running DeletedBlockTransactionScanner
2021-08-14 14:05:21,131 [SCMBlockDeletingService#0] DEBUG block.SCMBlockDeletingService (SCMBlockDeletingService.java:call(133)) - Running DeletedBlockTransactionScanner
2021-08-14 14:05:21,231 [SCMBlockDeletingService#0] DEBUG block.SCMBlockDeletingService (SCMBlockDeletingService.java:call(133)) - Running DeletedBlockTransactionScanner
2021-08-14 14:05:21,331 [SCMBlockDeletingService#0] DEBUG block.SCMBlockDeletingService (SCMBlockDeletingService.java:call(133)) - Running DeletedBlockTransactionScanner
2021-08-14 14:05:21,433 [SCMBlockDeletingService#0] DEBUG block.SCMBlockDeletingService (SCMBlockDeletingService.java:call(133)) - Running DeletedBlockTransactionScanner
2021-08-14 14:05:21,533 [SCMBlockDeletingService#0] DEBUG block.SCMBlockDeletingService (SCMBlockDeletingService.java:call(133)) - Running DeletedBlockTransactionScanner
2021-08-14 14:05:21,633 [SCMBlockDeletingService#0] DEBUG block.SCMBlockDeletingService (SCMBlockDeletingService.java:call(133)) - Running DeletedBlockTransactionScanner
2021-08-14 14:05:21,733 [SCMBlockDeletingService#0] DEBUG block.SCMBlockDeletingService (SCMBlockDeletingService.java:call(133)) - Running DeletedBlockTransactionScanner
2021-08-14 14:05:21,833 [SCMBlockDeletingService#0] DEBUG block.SCMBlockDeletingService (SCMBlockDeletingService.java:call(133)) - Running DeletedBlockTransactionScanner
2021-08-14 14:05:21,933 [SCMBlockDeletingService#0] DEBUG block.SCMBlockDeletingService (SCMBlockDeletingService.java:call(133)) - Running DeletedBlockTransactionScanner
2021-08-14 14:05:22,033 [SCMBlockDeletingService#0] DEBUG block.SCMBlockDeletingService (SCMBlockDeletingService.java:call(133)) - Running DeletedBlockTransactionScanner
2021-08-14 14:05:22,134 [SCMBlockDeletingService#0] DEBUG block.SCMBlockDeletingService (SCMBlockDeletingService.java:call(133)) - Running DeletedBlockTransactionScanner
2021-08-14 14:05:22,234 [SCMBlockDeletingService#0] DEBUG block.SCMBlockDeletingService (SCMBlockDeletingService.java:call(133)) - Running DeletedBlockTransactionScanner
2021-08-14 14:05:22,334 [SCMBlockDeletingService#0] DEBUG block.SCMBlockDeletingService (SCMBlockDeletingService.java:call(133)) - Running DeletedBlockTransactionScanner
2021-08-14 14:05:22,434 [SCMBlockDeletingService#0] DEBUG block.SCMBlockDeletingService (SCMBlockDeletingService.java:call(133)) - Running DeletedBlockTransactionScanner
2021-08-14 14:05:22,534 [SCMBlockDeletingService#0] DEBUG block.SCMBlockDeletingService (SCMBlockDeletingService.java:call(133)) - Running DeletedBlockTransactionScanner
2021-08-14 14:05:22,634 [SCMBlockDeletingService#0] DEBUG block.SCMBlockDeletingService (SCMBlockDeletingService.java:call(133)) - Running DeletedBlockTransactionScanner
2021-08-14 14:05:22,734 [SCMBlockDeletingService#0] DEBUG block.SCMBlockDeletingService (SCMBlockDeletingService.java:call(133)) - Running DeletedBlockTransactionScanner
2021-08-14 14:05:22,834 [SCMBlockDeletingService#0] DEBUG block.SCMBlockDeletingService (SCMBlockDeletingService.java:call(133)) - Running DeletedBlockTransactionScanner
2021-08-14 14:05:22,934 [SCMBlockDeletingService#0] DEBUG block.SCMBlockDeletingService (SCMBlockDeletingService.java:call(133)) - Running DeletedBlockTransactionScanner
2021-08-14 14:05:23,034 [SCMBlockDeletingService#0] DEBUG block.SCMBlockDeletingService (SCMBlockDeletingService.java:call(133)) - Running DeletedBlockTransactionScanner
2021-08-14 14:05:23,134 [SCMBlockDeletingService#0] DEBUG block.SCMBlockDeletingService (SCMBlockDeletingService.java:call(133)) - Running DeletedBlockTransactionScanner
2021-08-14 14:05:23,234 [SCMBlockDeletingService#0] DEBUG block.SCMBlockDeletingService (SCMBlockDeletingService.java:call(133)) - Running DeletedBlockTransactionScanner
2021-08-14 14:05:23,334 [SCMBlockDeletingService#0] DEBUG block.SCMBlockDeletingService (SCMBlockDeletingService.java:call(133)) - Running DeletedBlockTransactionScanner
2021-08-14 14:05:23,434 [SCMBlockDeletingService#0] DEBUG block.SCMBlockDeletingService (SCMBlockDeletingService.java:call(133)) - Running DeletedBlockTransactionScanner
2021-08-14 14:05:23,534 [SCMBlockDeletingService#0] DEBUG block.SCMBlockDeletingService (SCMBlockDeletingService.java:call(133)) - Running DeletedBlockTransactionScanner
2021-08-14 14:05:23,635 [SCMBlockDeletingService#0] DEBUG block.SCMBlockDeletingService (SCMBlockDeletingService.java:call(133)) - Running DeletedBlockTransactionScanner
2021-08-14 14:05:23,677 [EventQueue-CloseContainerForCloseContainerEventHandler] INFO  container.CloseContainerEventHandler (CloseContainerEventHandler.java:onMessage(69)) - Close container Event triggered for container : #1
2021-08-14 14:05:23,678 [EventQueue-CloseContainerForCloseContainerEventHandler] INFO  container.CloseContainerEventHandler (CloseContainerEventHandler.java:onMessage(69)) - Close container Event triggered for container : #2
2021-08-14 14:05:23,678 [EventQueue-CloseContainerForCloseContainerEventHandler] INFO  container.CloseContainerEventHandler (CloseContainerEventHandler.java:onMessage(69)) - Close container Event triggered for container : #3
2021-08-14 14:05:23,678 [EventQueue-CloseContainerForCloseContainerEventHandler] INFO  container.CloseContainerEventHandler (CloseContainerEventHandler.java:onMessage(69)) - Close container Event triggered for container : #4
2021-08-14 14:05:23,678 [EventQueue-CloseContainerForCloseContainerEventHandler] INFO  container.CloseContainerEventHandler (CloseContainerEventHandler.java:onMessage(69)) - Close container Event triggered for container : #5
2021-08-14 14:05:23,679 [EventQueue-CloseContainerForCloseContainerEventHandler] INFO  container.CloseContainerEventHandler (CloseContainerEventHandler.java:onMessage(69)) - Close container Event triggered for container : #6
2021-08-14 14:05:23,679 [EventQueue-CloseContainerForCloseContainerEventHandler] INFO  container.CloseContainerEventHandler (CloseContainerEventHandler.java:onMessage(69)) - Close container Event triggered for container : #7
2021-08-14 14:05:23,679 [EventQueue-CloseContainerForCloseContainerEventHandler] INFO  container.CloseContainerEventHandler (CloseContainerEventHandler.java:onMessage(69)) - Close container Event triggered for container : #8
2021-08-14 14:05:23,679 [EventQueue-CloseContainerForCloseContainerEventHandler] INFO  container.CloseContainerEventHandler (CloseContainerEventHandler.java:onMessage(69)) - Close container Event triggered for container : #9
2021-08-14 14:05:23,680 [EventQueue-CloseContainerForCloseContainerEventHandler] INFO  container.CloseContainerEventHandler (CloseContainerEventHandler.java:onMessage(69)) - Close container Event triggered for container : #10
2021-08-14 14:05:23,680 [EventQueue-CloseContainerForCloseContainerEventHandler] INFO  container.CloseContainerEventHandler (CloseContainerEventHandler.java:onMessage(69)) - Close container Event triggered for container : #11
2021-08-14 14:05:23,680 [EventQueue-CloseContainerForCloseContainerEventHandler] INFO  container.CloseContainerEventHandler (CloseContainerEventHandler.java:onMessage(69)) - Close container Event triggered for container : #12
2021-08-14 14:05:23,680 [EventQueue-CloseContainerForCloseContainerEventHandler] INFO  container.CloseContainerEventHandler (CloseContainerEventHandler.java:onMessage(69)) - Close container Event triggered for container : #13
2021-08-14 14:05:23,680 [EventQueue-CloseContainerForCloseContainerEventHandler] INFO  container.CloseContainerEventHandler (CloseContainerEventHandler.java:onMessage(69)) - Close container Event triggered for container : #14
2021-08-14 14:05:23,680 [EventQueue-CloseContainerForCloseContainerEventHandler] INFO  container.CloseContainerEventHandler (CloseContainerEventHandler.java:onMessage(69)) - Close container Event triggered for container : #15
2021-08-14 14:05:23,680 [EventQueue-CloseContainerForCloseContainerEventHandler] INFO  container.CloseContainerEventHandler (CloseContainerEventHandler.java:onMessage(69)) - Close container Event triggered for container : #16
2021-08-14 14:05:23,681 [EventQueue-CloseContainerForCloseContainerEventHandler] INFO  container.CloseContainerEventHandler (CloseContainerEventHandler.java:onMessage(69)) - Close container Event triggered for container : #17
2021-08-14 14:05:23,681 [EventQueue-CloseContainerForCloseContainerEventHandler] INFO  container.CloseContainerEventHandler (CloseContainerEventHandler.java:onMessage(69)) - Close container Event triggered for container : #18
2021-08-14 14:05:23,681 [EventQueue-CloseContainerForCloseContainerEventHandler] INFO  container.CloseContainerEventHandler (CloseContainerEventHandler.java:onMessage(69)) - Close container Event triggered for container : #19
2021-08-14 14:05:23,681 [EventQueue-CloseContainerForCloseContainerEventHandler] INFO  container.CloseContainerEventHandler (CloseContainerEventHandler.java:onMessage(69)) - Close container Event triggered for container : #20
2021-08-14 14:05:23,681 [EventQueue-CloseContainerForCloseContainerEventHandler] INFO  container.CloseContainerEventHandler (CloseContainerEventHandler.java:onMessage(69)) - Close container Event triggered for container : #21
2021-08-14 14:05:23,681 [EventQueue-CloseContainerForCloseContainerEventHandler] INFO  container.CloseContainerEventHandler (CloseContainerEventHandler.java:onMessage(69)) - Close container Event triggered for container : #22
2021-08-14 14:05:23,681 [EventQueue-CloseContainerForCloseContainerEventHandler] INFO  container.CloseContainerEventHandler (CloseContainerEventHandler.java:onMessage(69)) - Close container Event triggered for container : #23
2021-08-14 14:05:23,682 [EventQueue-CloseContainerForCloseContainerEventHandler] INFO  container.CloseContainerEventHandler (CloseContainerEventHandler.java:onMessage(69)) - Close container Event triggered for container : #24
2021-08-14 14:05:23,682 [EventQueue-CloseContainerForCloseContainerEventHandler] INFO  container.CloseContainerEventHandler (CloseContainerEventHandler.java:onMessage(69)) - Close container Event triggered for container : #25
2021-08-14 14:05:23,682 [EventQueue-CloseContainerForCloseContainerEventHandler] INFO  container.CloseContainerEventHandler (CloseContainerEventHandler.java:onMessage(69)) - Close container Event triggered for container : #26
2021-08-14 14:05:23,682 [EventQueue-CloseContainerForCloseContainerEventHandler] INFO  container.CloseContainerEventHandler (CloseContainerEventHandler.java:onMessage(69)) - Close container Event triggered for container : #27
2021-08-14 14:05:23,682 [EventQueue-CloseContainerForCloseContainerEventHandler] INFO  container.CloseContainerEventHandler (CloseContainerEventHandler.java:onMessage(69)) - Close container Event triggered for container : #28
2021-08-14 14:05:23,682 [EventQueue-CloseContainerForCloseContainerEventHandler] INFO  container.CloseContainerEventHandler (CloseContainerEventHandler.java:onMessage(69)) - Close container Event triggered for container : #29
2021-08-14 14:05:23,682 [EventQueue-CloseContainerForCloseContainerEventHandler] INFO  container.CloseContainerEventHandler (CloseContainerEventHandler.java:onMessage(69)) - Close container Event triggered for container : #30
2021-08-14 14:05:23,683 [EventQueue-CloseContainerForCloseContainerEventHandler] INFO  container.CloseContainerEventHandler (CloseContainerEventHandler.java:onMessage(69)) - Close container Event triggered for container : #31
2021-08-14 14:05:23,683 [EventQueue-CloseContainerForCloseContainerEventHandler] INFO  container.CloseContainerEventHandler (CloseContainerEventHandler.java:onMessage(69)) - Close container Event triggered for container : #32
2021-08-14 14:05:23,683 [EventQueue-CloseContainerForCloseContainerEventHandler] INFO  container.CloseContainerEventHandler (CloseContainerEventHandler.java:onMessage(69)) - Close container Event triggered for container : #33
2021-08-14 14:05:23,683 [EventQueue-CloseContainerForCloseContainerEventHandler] INFO  container.CloseContainerEventHandler (CloseContainerEventHandler.java:onMessage(69)) - Close container Event triggered for container : #34
2021-08-14 14:05:23,683 [EventQueue-CloseContainerForCloseContainerEventHandler] INFO  container.CloseContainerEventHandler (CloseContainerEventHandler.java:onMessage(69)) - Close container Event triggered for container : #35
2021-08-14 14:05:23,683 [EventQueue-CloseContainerForCloseContainerEventHandler] INFO  container.CloseContainerEventHandler (CloseContainerEventHandler.java:onMessage(69)) - Close container Event triggered for container : #36
2021-08-14 14:05:23,684 [EventQueue-CloseContainerForCloseContainerEventHandler] INFO  container.CloseContainerEventHandler (CloseContainerEventHandler.java:onMessage(69)) - Close container Event triggered for container : #37
2021-08-14 14:05:23,684 [EventQueue-CloseContainerForCloseContainerEventHandler] INFO  container.CloseContainerEventHandler (CloseContainerEventHandler.java:onMessage(69)) - Close container Event triggered for container : #38
2021-08-14 14:05:23,684 [EventQueue-CloseContainerForCloseContainerEventHandler] INFO  container.CloseContainerEventHandler (CloseContainerEventHandler.java:onMessage(69)) - Close container Event triggered for container : #39
2021-08-14 14:05:23,684 [EventQueue-CloseContainerForCloseContainerEventHandler] INFO  container.CloseContainerEventHandler (CloseContainerEventHandler.java:onMessage(69)) - Close container Event triggered for container : #40
2021-08-14 14:05:23,684 [EventQueue-CloseContainerForCloseContainerEventHandler] INFO  container.CloseContainerEventHandler (CloseContainerEventHandler.java:onMessage(69)) - Close container Event triggered for container : #41
2021-08-14 14:05:23,684 [EventQueue-CloseContainerForCloseContainerEventHandler] INFO  container.CloseContainerEventHandler (CloseContainerEventHandler.java:onMessage(69)) - Close container Event triggered for container : #42
2021-08-14 14:05:23,685 [EventQueue-CloseContainerForCloseContainerEventHandler] INFO  container.CloseContainerEventHandler (CloseContainerEventHandler.java:onMessage(69)) - Close container Event triggered for container : #43
2021-08-14 14:05:23,695 [EventQueue-CloseContainerForCloseContainerEventHandler] INFO  container.CloseContainerEventHandler (CloseContainerEventHandler.java:onMessage(69)) - Close container Event triggered for container : #44
2021-08-14 14:05:23,696 [EventQueue-CloseContainerForCloseContainerEventHandler] INFO  container.CloseContainerEventHandler (CloseContainerEventHandler.java:onMessage(69)) - Close container Event triggered for container : #45
2021-08-14 14:05:23,696 [EventQueue-CloseContainerForCloseContainerEventHandler] INFO  container.CloseContainerEventHandler (CloseContainerEventHandler.java:onMessage(69)) - Close container Event triggered for container : #46
2021-08-14 14:05:23,696 [EventQueue-CloseContainerForCloseContainerEventHandler] INFO  container.CloseContainerEventHandler (CloseContainerEventHandler.java:onMessage(69)) - Close container Event triggered for container : #47
2021-08-14 14:05:23,697 [EventQueue-CloseContainerForCloseContainerEventHandler] INFO  container.CloseContainerEventHandler (CloseContainerEventHandler.java:onMessage(69)) - Close container Event triggered for container : #48
2021-08-14 14:05:23,697 [EventQueue-CloseContainerForCloseContainerEventHandler] INFO  container.CloseContainerEventHandler (CloseContainerEventHandler.java:onMessage(69)) - Close container Event triggered for container : #49
2021-08-14 14:05:23,697 [EventQueue-CloseContainerForCloseContainerEventHandler] INFO  container.CloseContainerEventHandler (CloseContainerEventHandler.java:onMessage(69)) - Close container Event triggered for container : #50
2021-08-14 14:05:23,697 [EventQueue-CloseContainerForCloseContainerEventHandler] INFO  container.CloseContainerEventHandler (CloseContainerEventHandler.java:onMessage(69)) - Close container Event triggered for container : #51
2021-08-14 14:05:23,697 [EventQueue-CloseContainerForCloseContainerEventHandler] INFO  container.CloseContainerEventHandler (CloseContainerEventHandler.java:onMessage(69)) - Close container Event triggered for container : #52
2021-08-14 14:05:23,697 [EventQueue-CloseContainerForCloseContainerEventHandler] INFO  container.CloseContainerEventHandler (CloseContainerEventHandler.java:onMessage(69)) - Close container Event triggered for container : #53
2021-08-14 14:05:23,698 [EventQueue-CloseContainerForCloseContainerEventHandler] INFO  container.CloseContainerEventHandler (CloseContainerEventHandler.java:onMessage(69)) - Close container Event triggered for container : #54
2021-08-14 14:05:23,698 [EventQueue-CloseContainerForCloseContainerEventHandler] INFO  container.CloseContainerEventHandler (CloseContainerEventHandler.java:onMessage(69)) - Close container Event triggered for container : #55
2021-08-14 14:05:23,698 [EventQueue-CloseContainerForCloseContainerEventHandler] INFO  container.CloseContainerEventHandler (CloseContainerEventHandler.java:onMessage(69)) - Close container Event triggered for container : #56
2021-08-14 14:05:23,735 [SCMBlockDeletingService#0] DEBUG block.SCMBlockDeletingService (SCMBlockDeletingService.java:call(133)) - Running DeletedBlockTransactionScanner
2021-08-14 14:05:23,835 [SCMBlockDeletingService#0] DEBUG block.SCMBlockDeletingService (SCMBlockDeletingService.java:call(133)) - Running DeletedBlockTransactionScanner
2021-08-14 14:05:23,935 [SCMBlockDeletingService#0] DEBUG block.SCMBlockDeletingService (SCMBlockDeletingService.java:call(133)) - Running DeletedBlockTransactionScanner
2021-08-14 14:05:24,035 [SCMBlockDeletingService#0] DEBUG block.SCMBlockDeletingService (SCMBlockDeletingService.java:call(133)) - Running DeletedBlockTransactionScanner
2021-08-14 14:05:24,135 [SCMBlockDeletingService#0] DEBUG block.SCMBlockDeletingService (SCMBlockDeletingService.java:call(133)) - Running DeletedBlockTransactionScanner
2021-08-14 14:05:24,216 [Datanode State Machine Thread - 0] WARN  statemachine.StateContext (StateContext.java:execute(621)) - No available thread in pool for past 0 seconds.
2021-08-14 14:05:24,228 [pool-465-thread-1] INFO  keyvalue.KeyValueContainer (KeyValueContainer.java:flushAndSyncDB(397)) - Container 1 is synced with bcsId 14.
2021-08-14 14:05:24,228 [pool-465-thread-1] INFO  keyvalue.KeyValueContainer (KeyValueContainer.java:flushAndSyncDB(397)) - Container 1 is synced with bcsId 14.
2021-08-14 14:05:24,230 [pool-465-thread-1] INFO  keyvalue.KeyValueContainer (KeyValueContainer.java:close(334)) - Container 1 is closed with bcsId 14.
2021-08-14 14:05:24,235 [SCMBlockDeletingService#0] DEBUG block.SCMBlockDeletingService (SCMBlockDeletingService.java:call(133)) - Running DeletedBlockTransactionScanner
2021-08-14 14:05:24,248 [Datanode State Machine Thread - 0] WARN  statemachine.StateContext (StateContext.java:execute(621)) - No available thread in pool for past 0 seconds.
2021-08-14 14:05:24,250 [EventQueue-IncrementalContainerReportForIncrementalContainerReportHandler] INFO  container.IncrementalContainerReportHandler (AbstractContainerReportHandler.java:updateContainerState(223)) - Moving container #1 to CLOSED state, datanode a3a688a0-b759-42a1-9d42-7ea63bf88025{ip: 10.1.0.16, host: fv-az297-666.nmf1rxwemy4u5di1sxxf4ejcwb.jx.internal.cloudapp.net, ports: [REPLICATION=41181, RATIS=35273, RATIS_ADMIN=35273, RATIS_SERVER=35273, STANDALONE=42751], networkLocation: /default-rack, certSerialId: null, persistedOpState: IN_SERVICE, persistedOpStateExpiryEpochSec: 0} reported CLOSED replica.
2021-08-14 14:05:24,258 [Datanode State Machine Thread - 0] WARN  statemachine.StateContext (StateContext.java:execute(621)) - No available thread in pool for past 0 seconds.
2021-08-14 14:05:24,273 [pool-465-thread-6] INFO  keyvalue.KeyValueContainer (KeyValueContainer.java:flushAndSyncDB(397)) - Container 2 is synced with bcsId 31.
2021-08-14 14:05:24,289 [pool-465-thread-6] INFO  keyvalue.KeyValueContainer (KeyValueContainer.java:flushAndSyncDB(397)) - Container 2 is synced with bcsId 31.
2021-08-14 14:05:24,287 [Datanode State Machine Thread - 0] WARN  statemachine.StateContext (StateContext.java:execute(621)) - No available thread in pool for past 0 seconds.
2021-08-14 14:05:24,291 [Datanode State Machine Thread - 0] WARN  statemachine.StateContext (StateContext.java:execute(621)) - No available thread in pool for past 0 seconds.
2021-08-14 14:05:24,292 [pool-467-thread-2] INFO  keyvalue.KeyValueContainer (KeyValueContainer.java:flushAndSyncDB(397)) - Container 2 is synced with bcsId 31.
2021-08-14 14:05:24,292 [pool-467-thread-2] INFO  keyvalue.KeyValueContainer (KeyValueContainer.java:flushAndSyncDB(397)) - Container 2 is synced with bcsId 31.
2021-08-14 14:05:24,293 [pool-467-thread-2] INFO  keyvalue.KeyValueContainer (KeyValueContainer.java:close(334)) - Container 2 is closed with bcsId 31.
2021-08-14 14:05:24,293 [Datanode State Machine Thread - 0] WARN  statemachine.StateContext (StateContext.java:execute(621)) - No available thread in pool for past 0 seconds.
2021-08-14 14:05:24,293 [pool-465-thread-6] INFO  keyvalue.KeyValueContainer (KeyValueContainer.java:close(334)) - Container 2 is closed with bcsId 31.
2021-08-14 14:05:24,293 [Datanode State Machine Thread - 0] WARN  statemachine.StateContext (StateContext.java:execute(621)) - No available thread in pool for past 0 seconds.
2021-08-14 14:05:24,295 [EventQueue-IncrementalContainerReportForIncrementalContainerReportHandler] INFO  container.IncrementalContainerReportHandler (AbstractContainerReportHandler.java:updateContainerState(223)) - Moving container #2 to CLOSED state, datanode a3a688a0-b759-42a1-9d42-7ea63bf88025{ip: 10.1.0.16, host: fv-az297-666.nmf1rxwemy4u5di1sxxf4ejcwb.jx.internal.cloudapp.net, ports: [REPLICATION=41181, RATIS=35273, RATIS_ADMIN=35273, RATIS_SERVER=35273, STANDALONE=42751], networkLocation: /default-rack, certSerialId: null, persistedOpState: IN_SERVICE, persistedOpStateExpiryEpochSec: 0} reported CLOSED replica.
2021-08-14 14:05:24,302 [Datanode State Machine Thread - 0] WARN  statemachine.StateContext (StateContext.java:execute(621)) - No available thread in pool for past 0 seconds.
2021-08-14 14:05:24,313 [pool-465-thread-7] INFO  keyvalue.KeyValueContainer (KeyValueContainer.java:flushAndSyncDB(397)) - Container 3 is synced with bcsId 46.
2021-08-14 14:05:24,317 [pool-465-thread-7] INFO  keyvalue.KeyValueContainer (KeyValueContainer.java:flushAndSyncDB(397)) - Container 3 is synced with bcsId 46.
2021-08-14 14:05:24,319 [pool-466-thread-6] INFO  keyvalue.KeyValueContainer (KeyValueContainer.java:flushAndSyncDB(397)) - Container 2 is synced with bcsId 31.
2021-08-14 14:05:24,319 [pool-466-thread-6] INFO  keyvalue.KeyValueContainer (KeyValueContainer.java:flushAndSyncDB(397)) - Container 2 is synced with bcsId 31.
2021-08-14 14:05:24,317 [pool-466-thread-10] INFO  keyvalue.KeyValueContainer (KeyValueContainer.java:flushAndSyncDB(397)) - Container 1 is synced with bcsId 14.
2021-08-14 14:05:24,319 [pool-466-thread-10] INFO  keyvalue.KeyValueContainer (KeyValueContainer.java:flushAndSyncDB(397)) - Container 1 is synced with bcsId 14.
2021-08-14 14:05:24,315 [pool-467-thread-9] INFO  keyvalue.KeyValueContainer (KeyValueContainer.java:flushAndSyncDB(397)) - Container 1 is synced with bcsId 14.
2021-08-14 14:05:24,320 [pool-467-thread-9] INFO  keyvalue.KeyValueContainer (KeyValueContainer.java:flushAndSyncDB(397)) - Container 1 is synced with bcsId 14.
2021-08-14 14:05:24,321 [pool-466-thread-10] INFO  keyvalue.KeyValueContainer (KeyValueContainer.java:close(334)) - Container 1 is closed with bcsId 14.
2021-08-14 14:05:24,321 [pool-465-thread-7] INFO  keyvalue.KeyValueContainer (KeyValueContainer.java:close(334)) - Container 3 is closed with bcsId 46.
2021-08-14 14:05:24,323 [Datanode State Machine Thread - 0] WARN  statemachine.StateContext (StateContext.java:execute(621)) - No available thread in pool for past 0 seconds.
2021-08-14 14:05:24,323 [Datanode State Machine Thread - 0] WARN  statemachine.StateContext (StateContext.java:execute(621)) - No available thread in pool for past 0 seconds.
2021-08-14 14:05:24,324 [EventQueue-IncrementalContainerReportForIncrementalContainerReportHandler] INFO  container.IncrementalContainerReportHandler (AbstractContainerReportHandler.java:updateContainerState(223)) - Moving container #3 to CLOSED state, datanode a3a688a0-b759-42a1-9d42-7ea63bf88025{ip: 10.1.0.16, host: fv-az297-666.nmf1rxwemy4u5di1sxxf4ejcwb.jx.internal.cloudapp.net, ports: [REPLICATION=41181, RATIS=35273, RATIS_ADMIN=35273, RATIS_SERVER=35273, STANDALONE=42751], networkLocation: /default-rack, certSerialId: null, persistedOpState: IN_SERVICE, persistedOpStateExpiryEpochSec: 0} reported CLOSED replica.
2021-08-14 14:05:24,325 [pool-467-thread-9] INFO  keyvalue.KeyValueContainer (KeyValueContainer.java:close(334)) - Container 1 is closed with bcsId 14.
2021-08-14 14:05:24,325 [Datanode State Machine Thread - 0] WARN  statemachine.StateContext (StateContext.java:execute(621)) - No available thread in pool for past 0 seconds.
2021-08-14 14:05:24,339 [pool-467-thread-6] INFO  keyvalue.KeyValueContainer (KeyValueContainer.java:flushAndSyncDB(397)) - Container 3 is synced with bcsId 46.
2021-08-14 14:05:24,350 [pool-467-thread-6] INFO  keyvalue.KeyValueContainer (KeyValueContainer.java:flushAndSyncDB(397)) - Container 3 is synced with bcsId 46.
2021-08-14 14:05:24,339 [pool-465-thread-5] INFO  keyvalue.KeyValueContainer (KeyValueContainer.java:flushAndSyncDB(397)) - Container 4 is synced with bcsId 62.
2021-08-14 14:05:24,335 [SCMBlockDeletingService#0] DEBUG block.SCMBlockDeletingService (SCMBlockDeletingService.java:call(133)) - Running DeletedBlockTransactionScanner
2021-08-14 14:05:24,351 [SCMBlockDeletingService#0] DEBUG block.SCMBlockDeletingService (DatanodeDeletedBlockTransactions.java:addTransactionToDN(50)) - Transaction added: e5d3e9d3-1367-47eb-ad7f-372895a70f55 <- TX(1)
2021-08-14 14:05:24,351 [SCMBlockDeletingService#0] DEBUG block.SCMBlockDeletingService (DatanodeDeletedBlockTransactions.java:addTransactionToDN(50)) - Transaction added: 41bdc6fc-f730-460f-b2d8-92157d986a72 <- TX(1)
2021-08-14 14:05:24,351 [SCMBlockDeletingService#0] DEBUG block.SCMBlockDeletingService (DatanodeDeletedBlockTransactions.java:addTransactionToDN(50)) - Transaction added: a3a688a0-b759-42a1-9d42-7ea63bf88025 <- TX(1)
2021-08-14 14:05:24,351 [SCMBlockDeletingService#0] DEBUG block.SCMBlockDeletingService (DatanodeDeletedBlockTransactions.java:addTransactionToDN(50)) - Transaction added: a3a688a0-b759-42a1-9d42-7ea63bf88025 <- TX(2)
2021-08-14 14:05:24,351 [SCMBlockDeletingService#0] DEBUG block.SCMBlockDeletingService (DatanodeDeletedBlockTransactions.java:addTransactionToDN(50)) - Transaction added: e5d3e9d3-1367-47eb-ad7f-372895a70f55 <- TX(2)
2021-08-14 14:05:24,351 [SCMBlockDeletingService#0] DEBUG block.SCMBlockDeletingService (DatanodeDeletedBlockTransactions.java:addTransactionToDN(50)) - Transaction added: 41bdc6fc-f730-460f-b2d8-92157d986a72 <- TX(2)
2021-08-14 14:05:24,351 [SCMBlockDeletingService#0] DEBUG block.SCMBlockDeletingService (DatanodeDeletedBlockTransactions.java:addTransactionToDN(50)) - Transaction added: e5d3e9d3-1367-47eb-ad7f-372895a70f55 <- TX(3)
2021-08-14 14:05:24,351 [SCMBlockDeletingService#0] DEBUG block.SCMBlockDeletingService (DatanodeDeletedBlockTransactions.java:addTransactionToDN(50)) - Transaction added: 41bdc6fc-f730-460f-b2d8-92157d986a72 <- TX(3)
2021-08-14 14:05:24,352 [SCMBlockDeletingService#0] DEBUG block.SCMBlockDeletingService (DatanodeDeletedBlockTransactions.java:addTransactionToDN(50)) - Transaction added: a3a688a0-b759-42a1-9d42-7ea63bf88025 <- TX(3)
2021-08-14 14:05:24,352 [SCMBlockDeletingService#0] DEBUG block.SCMBlockDeletingService (SCMBlockDeletingService.java:call(164)) - Added delete block command for datanode a3a688a0-b759-42a1-9d42-7ea63bf88025 in the queue, number of delete block transactions: 3
2021-08-14 14:05:24,352 [SCMBlockDeletingService#0] DEBUG block.SCMBlockDeletingService (SCMBlockDeletingService.java:call(164)) - Added delete block command for datanode 41bdc6fc-f730-460f-b2d8-92157d986a72 in the queue, number of delete block transactions: 3
2021-08-14 14:05:24,352 [SCMBlockDeletingService#0] DEBUG block.SCMBlockDeletingService (SCMBlockDeletingService.java:call(164)) - Added delete block command for datanode e5d3e9d3-1367-47eb-ad7f-372895a70f55 in the queue, number of delete block transactions: 3
2021-08-14 14:05:24,352 [SCMBlockDeletingService#0] INFO  block.SCMBlockDeletingService (SCMBlockDeletingService.java:call(174)) - Totally added 9 blocks to be deleted for 3 datanodes, task elapsed time: 17ms
2021-08-14 14:05:24,327 [pool-466-thread-6] INFO  keyvalue.KeyValueContainer (KeyValueContainer.java:close(334)) - Container 2 is closed with bcsId 31.
2021-08-14 14:05:24,325 [Datanode State Machine Thread - 0] WARN  statemachine.StateContext (StateContext.java:execute(621)) - No available thread in pool for past 0 seconds.
2021-08-14 14:05:24,351 [pool-465-thread-5] INFO  keyvalue.KeyValueContainer (KeyValueContainer.java:flushAndSyncDB(397)) - Container 4 is synced with bcsId 62.
2021-08-14 14:05:24,353 [pool-467-thread-6] INFO  keyvalue.KeyValueContainer (KeyValueContainer.java:close(334)) - Container 3 is closed with bcsId 46.
2021-08-14 14:05:24,355 [pool-465-thread-5] INFO  keyvalue.KeyValueContainer (KeyValueContainer.java:close(334)) - Container 4 is closed with bcsId 62.
2021-08-14 14:05:24,385 [Datanode State Machine Thread - 0] WARN  statemachine.StateContext (StateContext.java:execute(621)) - No available thread in pool for past 0 seconds.
2021-08-14 14:05:24,385 [pool-466-thread-10] INFO  keyvalue.KeyValueContainer (KeyValueContainer.java:flushAndSyncDB(397)) - Container 3 is synced with bcsId 46.
2021-08-14 14:05:24,385 [pool-466-thread-10] INFO  keyvalue.KeyValueContainer (KeyValueContainer.java:flushAndSyncDB(397)) - Container 3 is synced with bcsId 46.
2021-08-14 14:05:24,386 [pool-466-thread-9] INFO  keyvalue.KeyValueContainer (KeyValueContainer.java:flushAndSyncDB(397)) - Container 4 is synced with bcsId 62.
2021-08-14 14:05:24,386 [pool-466-thread-9] INFO  keyvalue.KeyValueContainer (KeyValueContainer.java:flushAndSyncDB(397)) - Container 4 is synced with bcsId 62.
2021-08-14 14:05:24,386 [Datanode State Machine Thread - 0] WARN  statemachine.StateContext (StateContext.java:execute(621)) - No available thread in pool for past 0 seconds.
2021-08-14 14:05:24,387 [pool-467-thread-1] INFO  keyvalue.KeyValueContainer (KeyValueContainer.java:flushAndSyncDB(397)) - Container 4 is synced with bcsId 62.
2021-08-14 14:05:24,387 [pool-467-thread-1] INFO  keyvalue.KeyValueContainer (KeyValueContainer.java:flushAndSyncDB(397)) - Container 4 is synced with bcsId 62.
2021-08-14 14:05:24,388 [EventQueue-IncrementalContainerReportForIncrementalContainerReportHandler] INFO  container.IncrementalContainerReportHandler (AbstractContainerReportHandler.java:updateContainerState(223)) - Moving container #4 to CLOSED state, datanode a3a688a0-b759-42a1-9d42-7ea63bf88025{ip: 10.1.0.16, host: fv-az297-666.nmf1rxwemy4u5di1sxxf4ejcwb.jx.internal.cloudapp.net, ports: [REPLICATION=41181, RATIS=35273, RATIS_ADMIN=35273, RATIS_SERVER=35273, STANDALONE=42751], networkLocation: /default-rack, certSerialId: null, persistedOpState: IN_SERVICE, persistedOpStateExpiryEpochSec: 0} reported CLOSED replica.
2021-08-14 14:05:24,393 [pool-466-thread-10] INFO  keyvalue.KeyValueContainer (KeyValueContainer.java:close(334)) - Container 3 is closed with bcsId 46.
2021-08-14 14:05:24,393 [pool-466-thread-9] INFO  keyvalue.KeyValueContainer (KeyValueContainer.java:close(334)) - Container 4 is closed with bcsId 62.
2021-08-14 14:05:24,393 [Datanode State Machine Thread - 0] WARN  statemachine.StateContext (StateContext.java:execute(621)) - No available thread in pool for past 0 seconds.
2021-08-14 14:05:24,393 [pool-467-thread-1] INFO  keyvalue.KeyValueContainer (KeyValueContainer.java:close(334)) - Container 4 is closed with bcsId 62.
2021-08-14 14:05:24,401 [Datanode State Machine Thread - 0] WARN  statemachine.StateContext (StateContext.java:execute(621)) - No available thread in pool for past 0 seconds.
2021-08-14 14:05:24,414 [pool-465-thread-2] INFO  keyvalue.KeyValueContainer (KeyValueContainer.java:flushAndSyncDB(397)) - Container 5 is synced with bcsId 79.
2021-08-14 14:05:24,414 [pool-465-thread-2] INFO  keyvalue.KeyValueContainer (KeyValueContainer.java:flushAndSyncDB(397)) - Container 5 is synced with bcsId 79.
2021-08-14 14:05:24,416 [pool-465-thread-2] INFO  keyvalue.KeyValueContainer (KeyValueContainer.java:close(334)) - Container 5 is closed with bcsId 79.
2021-08-14 14:05:24,427 [Datanode State Machine Thread - 0] WARN  statemachine.StateContext (StateContext.java:execute(621)) - No available thread in pool for past 0 seconds.
2021-08-14 14:05:24,428 [EventQueue-IncrementalContainerReportForIncrementalContainerReportHandler] INFO  container.IncrementalContainerReportHandler (AbstractContainerReportHandler.java:updateContainerState(223)) - Moving container #5 to CLOSED state, datanode a3a688a0-b759-42a1-9d42-7ea63bf88025{ip: 10.1.0.16, host: fv-az297-666.nmf1rxwemy4u5di1sxxf4ejcwb.jx.internal.cloudapp.net, ports: [REPLICATION=41181, RATIS=35273, RATIS_ADMIN=35273, RATIS_SERVER=35273, STANDALONE=42751], networkLocation: /default-rack, certSerialId: null, persistedOpState: IN_SERVICE, persistedOpStateExpiryEpochSec: 0} reported CLOSED replica.
2021-08-14 14:05:24,433 [Datanode State Machine Thread - 0] WARN  statemachine.StateContext (StateContext.java:execute(621)) - No available thread in pool for past 0 seconds.
2021-08-14 14:05:24,434 [pool-467-thread-7] INFO  keyvalue.KeyValueContainer (KeyValueContainer.java:flushAndSyncDB(397)) - Container 5 is synced with bcsId 79.
2021-08-14 14:05:24,466 [pool-467-thread-7] INFO  keyvalue.KeyValueContainer (KeyValueContainer.java:flushAndSyncDB(397)) - Container 5 is synced with bcsId 79.
2021-08-14 14:05:24,441 [pool-465-thread-9] INFO  keyvalue.KeyValueContainer (KeyValueContainer.java:flushAndSyncDB(397)) - Container 6 is synced with bcsId 95.
2021-08-14 14:05:24,467 [pool-465-thread-9] INFO  keyvalue.KeyValueContainer (KeyValueContainer.java:flushAndSyncDB(397)) - Container 6 is synced with bcsId 95.
2021-08-14 14:05:24,437 [SCMBlockDeletingService#0] DEBUG block.SCMBlockDeletingService (SCMBlockDeletingService.java:call(133)) - Running DeletedBlockTransactionScanner
2021-08-14 14:05:24,434 [pool-466-thread-7] INFO  keyvalue.KeyValueContainer (KeyValueContainer.java:flushAndSyncDB(397)) - Container 5 is synced with bcsId 79.
2021-08-14 14:05:24,468 [SCMBlockDeletingService#0] DEBUG block.SCMBlockDeletingService (DatanodeDeletedBlockTransactions.java:addTransactionToDN(50)) - Transaction added: e5d3e9d3-1367-47eb-ad7f-372895a70f55 <- TX(1)
2021-08-14 14:05:24,468 [SCMBlockDeletingService#0] DEBUG block.SCMBlockDeletingService (DatanodeDeletedBlockTransactions.java:addTransactionToDN(50)) - Transaction added: 41bdc6fc-f730-460f-b2d8-92157d986a72 <- TX(1)
2021-08-14 14:05:24,468 [SCMBlockDeletingService#0] DEBUG block.SCMBlockDeletingService (DatanodeDeletedBlockTransactions.java:addTransactionToDN(50)) - Transaction added: a3a688a0-b759-42a1-9d42-7ea63bf88025 <- TX(1)
2021-08-14 14:05:24,468 [SCMBlockDeletingService#0] DEBUG block.SCMBlockDeletingService (DatanodeDeletedBlockTransactions.java:addTransactionToDN(50)) - Transaction added: a3a688a0-b759-42a1-9d42-7ea63bf88025 <- TX(2)
2021-08-14 14:05:24,468 [SCMBlockDeletingService#0] DEBUG block.SCMBlockDeletingService (DatanodeDeletedBlockTransactions.java:addTransactionToDN(50)) - Transaction added: e5d3e9d3-1367-47eb-ad7f-372895a70f55 <- TX(2)
2021-08-14 14:05:24,468 [SCMBlockDeletingService#0] DEBUG block.SCMBlockDeletingService (DatanodeDeletedBlockTransactions.java:addTransactionToDN(50)) - Transaction added: 41bdc6fc-f730-460f-b2d8-92157d986a72 <- TX(2)
2021-08-14 14:05:24,468 [SCMBlockDeletingService#0] DEBUG block.SCMBlockDeletingService (DatanodeDeletedBlockTransactions.java:addTransactionToDN(50)) - Transaction added: e5d3e9d3-1367-47eb-ad7f-372895a70f55 <- TX(3)
2021-08-14 14:05:24,468 [SCMBlockDeletingService#0] DEBUG block.SCMBlockDeletingService (DatanodeDeletedBlockTransactions.java:addTransactionToDN(50)) - Transaction added: 41bdc6fc-f730-460f-b2d8-92157d986a72 <- TX(3)
2021-08-14 14:05:24,468 [SCMBlockDeletingService#0] DEBUG block.SCMBlockDeletingService (DatanodeDeletedBlockTransactions.java:addTransactionToDN(50)) - Transaction added: a3a688a0-b759-42a1-9d42-7ea63bf88025 <- TX(3)
2021-08-14 14:05:24,468 [SCMBlockDeletingService#0] DEBUG block.SCMBlockDeletingService (DatanodeDeletedBlockTransactions.java:addTransactionToDN(50)) - Transaction added: a3a688a0-b759-42a1-9d42-7ea63bf88025 <- TX(4)
2021-08-14 14:05:24,468 [SCMBlockDeletingService#0] DEBUG block.SCMBlockDeletingService (DatanodeDeletedBlockTransactions.java:addTransactionToDN(50)) - Transaction added: 41bdc6fc-f730-460f-b2d8-92157d986a72 <- TX(4)
2021-08-14 14:05:24,469 [SCMBlockDeletingService#0] DEBUG block.SCMBlockDeletingService (DatanodeDeletedBlockTransactions.java:addTransactionToDN(50)) - Transaction added: e5d3e9d3-1367-47eb-ad7f-372895a70f55 <- TX(4)
2021-08-14 14:05:24,469 [SCMBlockDeletingService#0] DEBUG block.SCMBlockDeletingService (DatanodeDeletedBlockTransactions.java:addTransactionToDN(50)) - Transaction added: a3a688a0-b759-42a1-9d42-7ea63bf88025 <- TX(5)
2021-08-14 14:05:24,469 [SCMBlockDeletingService#0] DEBUG block.SCMBlockDeletingService (DatanodeDeletedBlockTransactions.java:addTransactionToDN(50)) - Transaction added: e5d3e9d3-1367-47eb-ad7f-372895a70f55 <- TX(5)
2021-08-14 14:05:24,469 [SCMBlockDeletingService#0] DEBUG block.SCMBlockDeletingService (DatanodeDeletedBlockTransactions.java:addTransactionToDN(50)) - Transaction added: 41bdc6fc-f730-460f-b2d8-92157d986a72 <- TX(5)
2021-08-14 14:05:24,469 [SCMBlockDeletingService#0] DEBUG block.SCMBlockDeletingService (SCMBlockDeletingService.java:call(164)) - Added delete block command for datanode a3a688a0-b759-42a1-9d42-7ea63bf88025 in the queue, number of delete block transactions: 5
2021-08-14 14:05:24,469 [SCMBlockDeletingService#0] DEBUG block.SCMBlockDeletingService (SCMBlockDeletingService.java:call(164)) - Added delete block command for datanode 41bdc6fc-f730-460f-b2d8-92157d986a72 in the queue, number of delete block transactions: 5
2021-08-14 14:05:24,469 [SCMBlockDeletingService#0] DEBUG block.SCMBlockDeletingService (SCMBlockDeletingService.java:call(164)) - Added delete block command for datanode e5d3e9d3-1367-47eb-ad7f-372895a70f55 in the queue, number of delete block transactions: 5
2021-08-14 14:05:24,469 [SCMBlockDeletingService#0] INFO  block.SCMBlockDeletingService (SCMBlockDeletingService.java:call(174)) - Totally added 15 blocks to be deleted for 3 datanodes, task elapsed time: 33ms
2021-08-14 14:05:24,434 [Datanode State Machine Thread - 0] WARN  statemachine.StateContext (StateContext.java:execute(621)) - No available thread in pool for past 0 seconds.
2021-08-14 14:05:24,468 [pool-466-thread-7] INFO  keyvalue.KeyValueContainer (KeyValueContainer.java:flushAndSyncDB(397)) - Container 5 is synced with bcsId 79.
2021-08-14 14:05:24,469 [pool-465-thread-9] INFO  keyvalue.KeyValueContainer (KeyValueContainer.java:close(334)) - Container 6 is closed with bcsId 95.
2021-08-14 14:05:24,470 [pool-467-thread-7] INFO  keyvalue.KeyValueContainer (KeyValueContainer.java:close(334)) - Container 5 is closed with bcsId 79.
2021-08-14 14:05:24,471 [Datanode State Machine Thread - 0] WARN  statemachine.StateContext (StateContext.java:execute(621)) - No available thread in pool for past 0 seconds.
2021-08-14 14:05:24,473 [pool-466-thread-7] INFO  keyvalue.KeyValueContainer (KeyValueContainer.java:close(334)) - Container 5 is closed with bcsId 79.
2021-08-14 14:05:24,484 [EventQueue-IncrementalContainerReportForIncrementalContainerReportHandler] INFO  container.IncrementalContainerReportHandler (AbstractContainerReportHandler.java:updateContainerState(223)) - Moving container #6 to CLOSED state, datanode a3a688a0-b759-42a1-9d42-7ea63bf88025{ip: 10.1.0.16, host: fv-az297-666.nmf1rxwemy4u5di1sxxf4ejcwb.jx.internal.cloudapp.net, ports: [REPLICATION=41181, RATIS=35273, RATIS_ADMIN=35273, RATIS_SERVER=35273, STANDALONE=42751], networkLocation: /default-rack, certSerialId: null, persistedOpState: IN_SERVICE, persistedOpStateExpiryEpochSec: 0} reported CLOSED replica.
2021-08-14 14:05:24,537 [SCMBlockDeletingService#0] DEBUG block.SCMBlockDeletingService (SCMBlockDeletingService.java:call(133)) - Running DeletedBlockTransactionScanner
2021-08-14 14:05:24,537 [SCMBlockDeletingService#0] DEBUG block.SCMBlockDeletingService (DatanodeDeletedBlockTransactions.java:addTransactionToDN(50)) - Transaction added: e5d3e9d3-1367-47eb-ad7f-372895a70f55 <- TX(1)
2021-08-14 14:05:24,537 [SCMBlockDeletingService#0] DEBUG block.SCMBlockDeletingService (DatanodeDeletedBlockTransactions.java:addTransactionToDN(50)) - Transaction added: 41bdc6fc-f730-460f-b2d8-92157d986a72 <- TX(1)
2021-08-14 14:05:24,537 [SCMBlockDeletingService#0] DEBUG block.SCMBlockDeletingService (DatanodeDeletedBlockTransactions.java:addTransactionToDN(50)) - Transaction added: a3a688a0-b759-42a1-9d42-7ea63bf88025 <- TX(1)
2021-08-14 14:05:24,537 [SCMBlockDeletingService#0] DEBUG block.SCMBlockDeletingService (DatanodeDeletedBlockTransactions.java:addTransactionToDN(50)) - Transaction added: a3a688a0-b759-42a1-9d42-7ea63bf88025 <- TX(2)
2021-08-14 14:05:24,537 [SCMBlockDeletingService#0] DEBUG block.SCMBlockDeletingService (DatanodeDeletedBlockTransactions.java:addTransactionToDN(50)) - Transaction added: e5d3e9d3-1367-47eb-ad7f-372895a70f55 <- TX(2)
2021-08-14 14:05:24,537 [SCMBlockDeletingService#0] DEBUG block.SCMBlockDeletingService (DatanodeDeletedBlockTransactions.java:addTransactionToDN(50)) - Transaction added: 41bdc6fc-f730-460f-b2d8-92157d986a72 <- TX(2)
2021-08-14 14:05:24,537 [SCMBlockDeletingService#0] DEBUG block.SCMBlockDeletingService (DatanodeDeletedBlockTransactions.java:addTransactionToDN(50)) - Transaction added: e5d3e9d3-1367-47eb-ad7f-372895a70f55 <- TX(3)
2021-08-14 14:05:24,537 [SCMBlockDeletingService#0] DEBUG block.SCMBlockDeletingService (DatanodeDeletedBlockTransactions.java:addTransactionToDN(50)) - Transaction added: 41bdc6fc-f730-460f-b2d8-92157d986a72 <- TX(3)
2021-08-14 14:05:24,537 [SCMBlockDeletingService#0] DEBUG block.SCMBlockDeletingService (DatanodeDeletedBlockTransactions.java:addTransactionToDN(50)) - Transaction added: a3a688a0-b759-42a1-9d42-7ea63bf88025 <- TX(3)
2021-08-14 14:05:24,537 [SCMBlockDeletingService#0] DEBUG block.SCMBlockDeletingService (DatanodeDeletedBlockTransactions.java:addTransactionToDN(50)) - Transaction added: a3a688a0-b759-42a1-9d42-7ea63bf88025 <- TX(4)
2021-08-14 14:05:24,537 [SCMBlockDeletingService#0] DEBUG block.SCMBlockDeletingService (DatanodeDeletedBlockTransactions.java:addTransactionToDN(50)) - Transaction added: 41bdc6fc-f730-460f-b2d8-92157d986a72 <- TX(4)
2021-08-14 14:05:24,537 [SCMBlockDeletingService#0] DEBUG block.SCMBlockDeletingService (DatanodeDeletedBlockTransactions.java:addTransactionToDN(50)) - Transaction added: e5d3e9d3-1367-47eb-ad7f-372895a70f55 <- TX(4)
2021-08-14 14:05:24,537 [SCMBlockDeletingService#0] DEBUG block.SCMBlockDeletingService (DatanodeDeletedBlockTransactions.java:addTransactionToDN(50)) - Transaction added: a3a688a0-b759-42a1-9d42-7ea63bf88025 <- TX(5)
2021-08-14 14:05:24,537 [SCMBlockDeletingService#0] DEBUG block.SCMBlockDeletingService (DatanodeDeletedBlockTransactions.java:addTransactionToDN(50)) - Transaction added: e5d3e9d3-1367-47eb-ad7f-372895a70f55 <- TX(5)
2021-08-14 14:05:24,537 [SCMBlockDeletingService#0] DEBUG block.SCMBlockDeletingService (DatanodeDeletedBlockTransactions.java:addTransactionToDN(50)) - Transaction added: 41bdc6fc-f730-460f-b2d8-92157d986a72 <- TX(5)
2021-08-14 14:05:24,537 [SCMBlockDeletingService#0] DEBUG block.SCMBlockDeletingService (DatanodeDeletedBlockTransactions.java:addTransactionToDN(50)) - Transaction added: a3a688a0-b759-42a1-9d42-7ea63bf88025 <- TX(6)
2021-08-14 14:05:24,538 [SCMBlockDeletingService#0] DEBUG block.SCMBlockDeletingService (DatanodeDeletedBlockTransactions.java:addTransactionToDN(50)) - Transaction added: e5d3e9d3-1367-47eb-ad7f-372895a70f55 <- TX(6)
2021-08-14 14:05:24,538 [SCMBlockDeletingService#0] DEBUG block.SCMBlockDeletingService (DatanodeDeletedBlockTransactions.java:addTransactionToDN(50)) - Transaction added: 41bdc6fc-f730-460f-b2d8-92157d986a72 <- TX(6)
2021-08-14 14:05:24,538 [SCMBlockDeletingService#0] DEBUG block.SCMBlockDeletingService (SCMBlockDeletingService.java:call(164)) - Added delete block command for datanode a3a688a0-b759-42a1-9d42-7ea63bf88025 in the queue, number of delete block transactions: 6
2021-08-14 14:05:24,538 [SCMBlockDeletingService#0] DEBUG block.SCMBlockDeletingService (SCMBlockDeletingService.java:call(164)) - Added delete block command for datanode 41bdc6fc-f730-460f-b2d8-92157d986a72 in the queue, number of delete block transactions: 6
2021-08-14 14:05:24,538 [SCMBlockDeletingService#0] DEBUG block.SCMBlockDeletingService (SCMBlockDeletingService.java:call(164)) - Added delete block command for datanode e5d3e9d3-1367-47eb-ad7f-372895a70f55 in the queue, number of delete block transactions: 6
2021-08-14 14:05:24,538 [SCMBlockDeletingService#0] INFO  block.SCMBlockDeletingService (SCMBlockDeletingService.java:call(174)) - Totally added 18 blocks to be deleted for 3 datanodes, task elapsed time: 1ms
2021-08-14 14:05:24,552 [Datanode State Machine Thread - 0] WARN  statemachine.StateContext (StateContext.java:execute(621)) - No available thread in pool for past 0 seconds.
2021-08-14 14:05:24,570 [pool-465-thread-10] INFO  keyvalue.KeyValueContainer (KeyValueContainer.java:flushAndSyncDB(397)) - Container 7 is synced with bcsId 110.
2021-08-14 14:05:24,590 [pool-465-thread-10] INFO  keyvalue.KeyValueContainer (KeyValueContainer.java:flushAndSyncDB(397)) - Container 7 is synced with bcsId 110.
2021-08-14 14:05:24,562 [pool-467-thread-8] INFO  keyvalue.KeyValueContainer (KeyValueContainer.java:flushAndSyncDB(397)) - Container 6 is synced with bcsId 95.
2021-08-14 14:05:24,561 [Datanode State Machine Thread - 0] WARN  statemachine.StateContext (StateContext.java:execute(621)) - No available thread in pool for past 0 seconds.
2021-08-14 14:05:24,554 [pool-466-thread-8] INFO  keyvalue.KeyValueContainer (KeyValueContainer.java:flushAndSyncDB(397)) - Container 6 is synced with bcsId 95.
2021-08-14 14:05:24,591 [pool-467-thread-8] INFO  keyvalue.KeyValueContainer (KeyValueContainer.java:flushAndSyncDB(397)) - Container 6 is synced with bcsId 95.
2021-08-14 14:05:24,591 [pool-466-thread-8] INFO  keyvalue.KeyValueContainer (KeyValueContainer.java:flushAndSyncDB(397)) - Container 6 is synced with bcsId 95.
2021-08-14 14:05:24,598 [pool-467-thread-8] INFO  keyvalue.KeyValueContainer (KeyValueContainer.java:close(334)) - Container 6 is closed with bcsId 95.
2021-08-14 14:05:24,599 [pool-465-thread-10] INFO  keyvalue.KeyValueContainer (KeyValueContainer.java:close(334)) - Container 7 is closed with bcsId 110.
2021-08-14 14:05:24,601 [pool-466-thread-8] INFO  keyvalue.KeyValueContainer (KeyValueContainer.java:close(334)) - Container 6 is closed with bcsId 95.
2021-08-14 14:05:24,603 [Datanode State Machine Thread - 0] WARN  statemachine.StateContext (StateContext.java:execute(621)) - No available thread in pool for past 0 seconds.
2021-08-14 14:05:24,604 [EventQueue-IncrementalContainerReportForIncrementalContainerReportHandler] INFO  container.IncrementalContainerReportHandler (AbstractContainerReportHandler.java:updateContainerState(223)) - Moving container #7 to CLOSED state, datanode a3a688a0-b759-42a1-9d42-7ea63bf88025{ip: 10.1.0.16, host: fv-az297-666.nmf1rxwemy4u5di1sxxf4ejcwb.jx.internal.cloudapp.net, ports: [REPLICATION=41181, RATIS=35273, RATIS_ADMIN=35273, RATIS_SERVER=35273, STANDALONE=42751], networkLocation: /default-rack, certSerialId: null, persistedOpState: IN_SERVICE, persistedOpStateExpiryEpochSec: 0} reported CLOSED replica.
2021-08-14 14:05:24,605 [pool-466-thread-3] INFO  keyvalue.KeyValueContainer (KeyValueContainer.java:flushAndSyncDB(397)) - Container 7 is synced with bcsId 110.
2021-08-14 14:05:24,605 [pool-466-thread-3] INFO  keyvalue.KeyValueContainer (KeyValueContainer.java:flushAndSyncDB(397)) - Container 7 is synced with bcsId 110.
2021-08-14 14:05:24,607 [Datanode State Machine Thread - 0] WARN  statemachine.StateContext (StateContext.java:execute(621)) - No available thread in pool for past 0 seconds.
2021-08-14 14:05:24,637 [SCMBlockDeletingService#0] DEBUG block.SCMBlockDeletingService (SCMBlockDeletingService.java:call(133)) - Running DeletedBlockTransactionScanner
2021-08-14 14:05:24,633 [pool-465-thread-4] INFO  keyvalue.KeyValueContainer (KeyValueContainer.java:flushAndSyncDB(397)) - Container 8 is synced with bcsId 124.
2021-08-14 14:05:24,653 [SCMBlockDeletingService#0] DEBUG block.SCMBlockDeletingService (DatanodeDeletedBlockTransactions.java:addTransactionToDN(50)) - Transaction added: e5d3e9d3-1367-47eb-ad7f-372895a70f55 <- TX(1)
2021-08-14 14:05:24,653 [SCMBlockDeletingService#0] DEBUG block.SCMBlockDeletingService (DatanodeDeletedBlockTransactions.java:addTransactionToDN(50)) - Transaction added: 41bdc6fc-f730-460f-b2d8-92157d986a72 <- TX(1)
2021-08-14 14:05:24,653 [SCMBlockDeletingService#0] DEBUG block.SCMBlockDeletingService (DatanodeDeletedBlockTransactions.java:addTransactionToDN(50)) - Transaction added: a3a688a0-b759-42a1-9d42-7ea63bf88025 <- TX(1)
2021-08-14 14:05:24,653 [SCMBlockDeletingService#0] DEBUG block.SCMBlockDeletingService (DatanodeDeletedBlockTransactions.java:addTransactionToDN(50)) - Transaction added: a3a688a0-b759-42a1-9d42-7ea63bf88025 <- TX(2)
2021-08-14 14:05:24,653 [SCMBlockDeletingService#0] DEBUG block.SCMBlockDeletingService (DatanodeDeletedBlockTransactions.java:addTransactionToDN(50)) - Transaction added: e5d3e9d3-1367-47eb-ad7f-372895a70f55 <- TX(2)
2021-08-14 14:05:24,653 [SCMBlockDeletingService#0] DEBUG block.SCMBlockDeletingService (DatanodeDeletedBlockTransactions.java:addTransactionToDN(50)) - Transaction added: 41bdc6fc-f730-460f-b2d8-92157d986a72 <- TX(2)
2021-08-14 14:05:24,653 [SCMBlockDeletingService#0] DEBUG block.SCMBlockDeletingService (DatanodeDeletedBlockTransactions.java:addTransactionToDN(50)) - Transaction added: e5d3e9d3-1367-47eb-ad7f-372895a70f55 <- TX(3)
2021-08-14 14:05:24,653 [SCMBlockDeletingService#0] DEBUG block.SCMBlockDeletingService (DatanodeDeletedBlockTransactions.java:addTransactionToDN(50)) - Transaction added: 41bdc6fc-f730-460f-b2d8-92157d986a72 <- TX(3)
2021-08-14 14:05:24,653 [SCMBlockDeletingService#0] DEBUG block.SCMBlockDeletingService (DatanodeDeletedBlockTransactions.java:addTransactionToDN(50)) - Transaction added: a3a688a0-b759-42a1-9d42-7ea63bf88025 <- TX(3)
2021-08-14 14:05:24,653 [SCMBlockDeletingService#0] DEBUG block.SCMBlockDeletingService (DatanodeDeletedBlockTransactions.java:addTransactionToDN(50)) - Transaction added: a3a688a0-b759-42a1-9d42-7ea63bf88025 <- TX(4)
2021-08-14 14:05:24,653 [SCMBlockDeletingService#0] DEBUG block.SCMBlockDeletingService (DatanodeDeletedBlockTransactions.java:addTransactionToDN(50)) - Transaction added: 41bdc6fc-f730-460f-b2d8-92157d986a72 <- TX(4)
2021-08-14 14:05:24,653 [SCMBlockDeletingService#0] DEBUG block.SCMBlockDeletingService (DatanodeDeletedBlockTransactions.java:addTransactionToDN(50)) - Transaction added: e5d3e9d3-1367-47eb-ad7f-372895a70f55 <- TX(4)
2021-08-14 14:05:24,653 [SCMBlockDeletingService#0] DEBUG block.SCMBlockDeletingService (DatanodeDeletedBlockTransactions.java:addTransactionToDN(50)) - Transaction added: a3a688a0-b759-42a1-9d42-7ea63bf88025 <- TX(5)
2021-08-14 14:05:24,653 [SCMBlockDeletingService#0] DEBUG block.SCMBlockDeletingService (DatanodeDeletedBlockTransactions.java:addTransactionToDN(50)) - Transaction added: e5d3e9d3-1367-47eb-ad7f-372895a70f55 <- TX(5)
2021-08-14 14:05:24,653 [SCMBlockDeletingService#0] DEBUG block.SCMBlockDeletingService (DatanodeDeletedBlockTransactions.java:addTransactionToDN(50)) - Transaction added: 41bdc6fc-f730-460f-b2d8-92157d986a72 <- TX(5)
2021-08-14 14:05:24,653 [SCMBlockDeletingService#0] DEBUG block.SCMBlockDeletingService (DatanodeDeletedBlockTransactions.java:addTransactionToDN(50)) - Transaction added: a3a688a0-b759-42a1-9d42-7ea63bf88025 <- TX(6)
2021-08-14 14:05:24,653 [SCMBlockDeletingService#0] DEBUG block.SCMBlockDeletingService (DatanodeDeletedBlockTransactions.java:addTransactionToDN(50)) - Transaction added: e5d3e9d3-1367-47eb-ad7f-372895a70f55 <- TX(6)
2021-08-14 14:05:24,653 [SCMBlockDeletingService#0] DEBUG block.SCMBlockDeletingService (DatanodeDeletedBlockTransactions.java:addTransactionToDN(50)) - Transaction added: 41bdc6fc-f730-460f-b2d8-92157d986a72 <- TX(6)
2021-08-14 14:05:24,653 [SCMBlockDeletingService#0] DEBUG block.SCMBlockDeletingService (DatanodeDeletedBlockTransactions.java:addTransactionToDN(50)) - Transaction added: a3a688a0-b759-42a1-9d42-7ea63bf88025 <- TX(7)
2021-08-14 14:05:24,653 [SCMBlockDeletingService#0] DEBUG block.SCMBlockDeletingService (DatanodeDeletedBlockTransactions.java:addTransactionToDN(50)) - Transaction added: e5d3e9d3-1367-47eb-ad7f-372895a70f55 <- TX(7)
2021-08-14 14:05:24,654 [SCMBlockDeletingService#0] DEBUG block.SCMBlockDeletingService (DatanodeDeletedBlockTransactions.java:addTransactionToDN(50)) - Transaction added: 41bdc6fc-f730-460f-b2d8-92157d986a72 <- TX(7)
2021-08-14 14:05:24,654 [SCMBlockDeletingService#0] DEBUG block.SCMBlockDeletingService (SCMBlockDeletingService.java:call(164)) - Added delete block command for datanode a3a688a0-b759-42a1-9d42-7ea63bf88025 in the queue, number of delete block transactions: 7
2021-08-14 14:05:24,654 [SCMBlockDeletingService#0] DEBUG block.SCMBlockDeletingService (SCMBlockDeletingService.java:call(164)) - Added delete block command for datanode 41bdc6fc-f730-460f-b2d8-92157d986a72 in the queue, number of delete block transactions: 7
2021-08-14 14:05:24,654 [SCMBlockDeletingService#0] DEBUG block.SCMBlockDeletingService (SCMBlockDeletingService.java:call(164)) - Added delete block command for datanode e5d3e9d3-1367-47eb-ad7f-372895a70f55 in the queue, number of delete block transactions: 7
2021-08-14 14:05:24,654 [SCMBlockDeletingService#0] INFO  block.SCMBlockDeletingService (SCMBlockDeletingService.java:call(174)) - Totally added 21 blocks to be deleted for 3 datanodes, task elapsed time: 17ms
2021-08-14 14:05:24,627 [pool-467-thread-5] INFO  keyvalue.KeyValueContainer (KeyValueContainer.java:flushAndSyncDB(397)) - Container 7 is synced with bcsId 110.
2021-08-14 14:05:24,654 [pool-467-thread-5] INFO  keyvalue.KeyValueContainer (KeyValueContainer.java:flushAndSyncDB(397)) - Container 7 is synced with bcsId 110.
2021-08-14 14:05:24,626 [Datanode State Machine Thread - 0] WARN  statemachine.StateContext (StateContext.java:execute(621)) - No available thread in pool for past 0 seconds.
2021-08-14 14:05:24,614 [pool-466-thread-3] INFO  keyvalue.KeyValueContainer (KeyValueContainer.java:close(334)) - Container 7 is closed with bcsId 110.
2021-08-14 14:05:24,607 [Datanode State Machine Thread - 0] WARN  statemachine.StateContext (StateContext.java:execute(621)) - No available thread in pool for past 0 seconds.
2021-08-14 14:05:24,656 [pool-467-thread-5] INFO  keyvalue.KeyValueContainer (KeyValueContainer.java:close(334)) - Container 7 is closed with bcsId 110.
2021-08-14 14:05:24,653 [pool-465-thread-4] INFO  keyvalue.KeyValueContainer (KeyValueContainer.java:flushAndSyncDB(397)) - Container 8 is synced with bcsId 124.
2021-08-14 14:05:24,659 [pool-465-thread-4] INFO  keyvalue.KeyValueContainer (KeyValueContainer.java:close(334)) - Container 8 is closed with bcsId 124.
2021-08-14 14:05:24,682 [pool-466-thread-1] INFO  keyvalue.KeyValueContainer (KeyValueContainer.java:flushAndSyncDB(397)) - Container 8 is synced with bcsId 124.
2021-08-14 14:05:24,683 [pool-466-thread-1] INFO  keyvalue.KeyValueContainer (KeyValueContainer.java:flushAndSyncDB(397)) - Container 8 is synced with bcsId 124.
2021-08-14 14:05:24,684 [pool-466-thread-1] INFO  keyvalue.KeyValueContainer (KeyValueContainer.java:close(334)) - Container 8 is closed with bcsId 124.
2021-08-14 14:05:24,693 [Datanode State Machine Thread - 0] WARN  statemachine.StateContext (StateContext.java:execute(621)) - No available thread in pool for past 0 seconds.
2021-08-14 14:05:24,695 [Datanode State Machine Thread - 0] WARN  statemachine.StateContext (StateContext.java:execute(621)) - No available thread in pool for past 0 seconds.
2021-08-14 14:05:24,696 [EventQueue-IncrementalContainerReportForIncrementalContainerReportHandler] INFO  container.IncrementalContainerReportHandler (AbstractContainerReportHandler.java:updateContainerState(223)) - Moving container #8 to CLOSED state, datanode e5d3e9d3-1367-47eb-ad7f-372895a70f55{ip: 10.1.0.16, host: fv-az297-666.nmf1rxwemy4u5di1sxxf4ejcwb.jx.internal.cloudapp.net, ports: [REPLICATION=33733, RATIS=46003, RATIS_ADMIN=46003, RATIS_SERVER=46003, STANDALONE=36239], networkLocation: /default-rack, certSerialId: null, persistedOpState: IN_SERVICE, persistedOpStateExpiryEpochSec: 0} reported CLOSED replica.
2021-08-14 14:05:24,696 [pool-467-thread-4] INFO  keyvalue.KeyValueContainer (KeyValueContainer.java:flushAndSyncDB(397)) - Container 8 is synced with bcsId 124.
2021-08-14 14:05:24,696 [pool-467-thread-4] INFO  keyvalue.KeyValueContainer (KeyValueContainer.java:flushAndSyncDB(397)) - Container 8 is synced with bcsId 124.
2021-08-14 14:05:24,699 [pool-467-thread-4] INFO  keyvalue.KeyValueContainer (KeyValueContainer.java:close(334)) - Container 8 is closed with bcsId 124.
2021-08-14 14:05:24,699 [Datanode State Machine Thread - 0] WARN  statemachine.StateContext (StateContext.java:execute(621)) - No available thread in pool for past 0 seconds.
2021-08-14 14:05:24,701 [Datanode State Machine Thread - 0] WARN  statemachine.StateContext (StateContext.java:execute(621)) - No available thread in pool for past 0 seconds.
2021-08-14 14:05:24,701 [Datanode State Machine Thread - 0] WARN  statemachine.StateContext (StateContext.java:execute(621)) - No available thread in pool for past 0 seconds.
2021-08-14 14:05:24,701 [Datanode State Machine Thread - 0] WARN  statemachine.StateContext (StateContext.java:execute(621)) - No available thread in pool for past 0 seconds.
2021-08-14 14:05:24,707 [Datanode State Machine Thread - 0] WARN  statemachine.StateContext (StateContext.java:execute(621)) - No available thread in pool for past 0 seconds.
2021-08-14 14:05:24,711 [Datanode State Machine Thread - 0] WARN  statemachine.StateContext (StateContext.java:execute(621)) - No available thread in pool for past 0 seconds.
2021-08-14 14:05:24,715 [Datanode State Machine Thread - 0] WARN  statemachine.StateContext (StateContext.java:execute(621)) - No available thread in pool for past 0 seconds.
2021-08-14 14:05:24,718 [Datanode State Machine Thread - 0] WARN  statemachine.StateContext (StateContext.java:execute(621)) - No available thread in pool for past 0 seconds.
2021-08-14 14:05:24,720 [Datanode State Machine Thread - 0] WARN  statemachine.StateContext (StateContext.java:execute(621)) - No available thread in pool for past 0 seconds.
2021-08-14 14:05:24,723 [Datanode State Machine Thread - 0] WARN  statemachine.StateContext (StateContext.java:execute(621)) - No available thread in pool for past 0 seconds.
2021-08-14 14:05:24,725 [Datanode State Machine Thread - 0] WARN  statemachine.StateContext (StateContext.java:execute(621)) - No available thread in pool for past 0 seconds.
2021-08-14 14:05:24,737 [SCMBlockDeletingService#0] DEBUG block.SCMBlockDeletingService (SCMBlockDeletingService.java:call(133)) - Running DeletedBlockTransactionScanner
2021-08-14 14:05:24,737 [SCMBlockDeletingService#0] DEBUG block.SCMBlockDeletingService (DatanodeDeletedBlockTransactions.java:addTransactionToDN(50)) - Transaction added: 41bdc6fc-f730-460f-b2d8-92157d986a72 <- TX(1)
2021-08-14 14:05:24,737 [SCMBlockDeletingService#0] DEBUG block.SCMBlockDeletingService (DatanodeDeletedBlockTransactions.java:addTransactionToDN(50)) - Transaction added: e5d3e9d3-1367-47eb-ad7f-372895a70f55 <- TX(1)
2021-08-14 14:05:24,737 [SCMBlockDeletingService#0] DEBUG block.SCMBlockDeletingService (DatanodeDeletedBlockTransactions.java:addTransactionToDN(50)) - Transaction added: a3a688a0-b759-42a1-9d42-7ea63bf88025 <- TX(1)
2021-08-14 14:05:24,737 [SCMBlockDeletingService#0] DEBUG block.SCMBlockDeletingService (DatanodeDeletedBlockTransactions.java:addTransactionToDN(50)) - Transaction added: a3a688a0-b759-42a1-9d42-7ea63bf88025 <- TX(2)
2021-08-14 14:05:24,737 [SCMBlockDeletingService#0] DEBUG block.SCMBlockDeletingService (DatanodeDeletedBlockTransactions.java:addTransactionToDN(50)) - Transaction added: e5d3e9d3-1367-47eb-ad7f-372895a70f55 <- TX(2)
2021-08-14 14:05:24,737 [SCMBlockDeletingService#0] DEBUG block.SCMBlockDeletingService (DatanodeDeletedBlockTransactions.java:addTransactionToDN(50)) - Transaction added: 41bdc6fc-f730-460f-b2d8-92157d986a72 <- TX(2)
2021-08-14 14:05:24,737 [SCMBlockDeletingService#0] DEBUG block.SCMBlockDeletingService (DatanodeDeletedBlockTransactions.java:addTransactionToDN(50)) - Transaction added: e5d3e9d3-1367-47eb-ad7f-372895a70f55 <- TX(3)
2021-08-14 14:05:24,737 [SCMBlockDeletingService#0] DEBUG block.SCMBlockDeletingService (DatanodeDeletedBlockTransactions.java:addTransactionToDN(50)) - Transaction added: 41bdc6fc-f730-460f-b2d8-92157d986a72 <- TX(3)
2021-08-14 14:05:24,737 [SCMBlockDeletingService#0] DEBUG block.SCMBlockDeletingService (DatanodeDeletedBlockTransactions.java:addTransactionToDN(50)) - Transaction added: a3a688a0-b759-42a1-9d42-7ea63bf88025 <- TX(3)
2021-08-14 14:05:24,737 [SCMBlockDeletingService#0] DEBUG block.SCMBlockDeletingService (DatanodeDeletedBlockTransactions.java:addTransactionToDN(50)) - Transaction added: a3a688a0-b759-42a1-9d42-7ea63bf88025 <- TX(4)
2021-08-14 14:05:24,737 [SCMBlockDeletingService#0] DEBUG block.SCMBlockDeletingService (DatanodeDeletedBlockTransactions.java:addTransactionToDN(50)) - Transaction added: 41bdc6fc-f730-460f-b2d8-92157d986a72 <- TX(4)
2021-08-14 14:05:24,738 [SCMBlockDeletingService#0] DEBUG block.SCMBlockDeletingService (DatanodeDeletedBlockTransactions.java:addTransactionToDN(50)) - Transaction added: e5d3e9d3-1367-47eb-ad7f-372895a70f55 <- TX(4)
2021-08-14 14:05:24,738 [SCMBlockDeletingService#0] DEBUG block.SCMBlockDeletingService (DatanodeDeletedBlockTransactions.java:addTransactionToDN(50)) - Transaction added: a3a688a0-b759-42a1-9d42-7ea63bf88025 <- TX(5)
2021-08-14 14:05:24,738 [SCMBlockDeletingService#0] DEBUG block.SCMBlockDeletingService (DatanodeDeletedBlockTransactions.java:addTransactionToDN(50)) - Transaction added: 41bdc6fc-f730-460f-b2d8-92157d986a72 <- TX(5)
2021-08-14 14:05:24,738 [SCMBlockDeletingService#0] DEBUG block.SCMBlockDeletingService (DatanodeDeletedBlockTransactions.java:addTransactionToDN(50)) - Transaction added: e5d3e9d3-1367-47eb-ad7f-372895a70f55 <- TX(5)
2021-08-14 14:05:24,738 [SCMBlockDeletingService#0] DEBUG block.SCMBlockDeletingService (DatanodeDeletedBlockTransactions.java:addTransactionToDN(50)) - Transaction added: a3a688a0-b759-42a1-9d42-7ea63bf88025 <- TX(6)
2021-08-14 14:05:24,738 [SCMBlockDeletingService#0] DEBUG block.SCMBlockDeletingService (DatanodeDeletedBlockTransactions.java:addTransactionToDN(50)) - Transaction added: e5d3e9d3-1367-47eb-ad7f-372895a70f55 <- TX(6)
2021-08-14 14:05:24,738 [SCMBlockDeletingService#0] DEBUG block.SCMBlockDeletingService (DatanodeDeletedBlockTransactions.java:addTransactionToDN(50)) - Transaction added: 41bdc6fc-f730-460f-b2d8-92157d986a72 <- TX(6)
2021-08-14 14:05:24,738 [SCMBlockDeletingService#0] DEBUG block.SCMBlockDeletingService (DatanodeDeletedBlockTransactions.java:addTransactionToDN(50)) - Transaction added: a3a688a0-b759-42a1-9d42-7ea63bf88025 <- TX(7)
2021-08-14 14:05:24,738 [SCMBlockDeletingService#0] DEBUG block.SCMBlockDeletingService (DatanodeDeletedBlockTransactions.java:addTransactionToDN(50)) - Transaction added: e5d3e9d3-1367-47eb-ad7f-372895a70f55 <- TX(7)
2021-08-14 14:05:24,738 [SCMBlockDeletingService#0] DEBUG block.SCMBlockDeletingService (DatanodeDeletedBlockTransactions.java:addTransactionToDN(50)) - Transaction added: 41bdc6fc-f730-460f-b2d8-92157d986a72 <- TX(7)
2021-08-14 14:05:24,738 [SCMBlockDeletingService#0] DEBUG block.SCMBlockDeletingService (DatanodeDeletedBlockTransactions.java:addTransactionToDN(50)) - Transaction added: 41bdc6fc-f730-460f-b2d8-92157d986a72 <- TX(8)
2021-08-14 14:05:24,738 [SCMBlockDeletingService#0] DEBUG block.SCMBlockDeletingService (DatanodeDeletedBlockTransactions.java:addTransactionToDN(50)) - Transaction added: e5d3e9d3-1367-47eb-ad7f-372895a70f55 <- TX(8)
2021-08-14 14:05:24,738 [SCMBlockDeletingService#0] DEBUG block.SCMBlockDeletingService (DatanodeDeletedBlockTransactions.java:addTransactionToDN(50)) - Transaction added: a3a688a0-b759-42a1-9d42-7ea63bf88025 <- TX(8)
2021-08-14 14:05:24,738 [SCMBlockDeletingService#0] DEBUG block.SCMBlockDeletingService (SCMBlockDeletingService.java:call(164)) - Added delete block command for datanode a3a688a0-b759-42a1-9d42-7ea63bf88025 in the queue, number of delete block transactions: 8
2021-08-14 14:05:24,738 [SCMBlockDeletingService#0] DEBUG block.SCMBlockDeletingService (SCMBlockDeletingService.java:call(164)) - Added delete block command for datanode e5d3e9d3-1367-47eb-ad7f-372895a70f55 in the queue, number of delete block transactions: 8
2021-08-14 14:05:24,738 [SCMBlockDeletingService#0] DEBUG block.SCMBlockDeletingService (SCMBlockDeletingService.java:call(164)) - Added delete block command for datanode 41bdc6fc-f730-460f-b2d8-92157d986a72 in the queue, number of delete block transactions: 8
2021-08-14 14:05:24,738 [SCMBlockDeletingService#0] INFO  block.SCMBlockDeletingService (SCMBlockDeletingService.java:call(174)) - Totally added 24 blocks to be deleted for 3 datanodes, task elapsed time: 1ms
2021-08-14 14:05:24,783 [Datanode State Machine Thread - 0] WARN  statemachine.StateContext (StateContext.java:execute(621)) - No available thread in pool for past 0 seconds.
2021-08-14 14:05:24,790 [pool-465-thread-8] INFO  keyvalue.KeyValueContainer (KeyValueContainer.java:flushAndSyncDB(397)) - Container 9 is synced with bcsId 140.
2021-08-14 14:05:24,790 [pool-465-thread-8] INFO  keyvalue.KeyValueContainer (KeyValueContainer.java:flushAndSyncDB(397)) - Container 9 is synced with bcsId 140.
2021-08-14 14:05:24,793 [pool-465-thread-8] INFO  keyvalue.KeyValueContainer (KeyValueContainer.java:close(334)) - Container 9 is closed with bcsId 140.
2021-08-14 14:05:24,802 [Datanode State Machine Thread - 0] WARN  statemachine.StateContext (StateContext.java:execute(621)) - No available thread in pool for past 0 seconds.
2021-08-14 14:05:24,804 [EventQueue-IncrementalContainerReportForIncrementalContainerReportHandler] INFO  container.IncrementalContainerReportHandler (AbstractContainerReportHandler.java:updateContainerState(223)) - Moving container #9 to CLOSED state, datanode a3a688a0-b759-42a1-9d42-7ea63bf88025{ip: 10.1.0.16, host: fv-az297-666.nmf1rxwemy4u5di1sxxf4ejcwb.jx.internal.cloudapp.net, ports: [REPLICATION=41181, RATIS=35273, RATIS_ADMIN=35273, RATIS_SERVER=35273, STANDALONE=42751], networkLocation: /default-rack, certSerialId: null, persistedOpState: IN_SERVICE, persistedOpStateExpiryEpochSec: 0} reported CLOSED replica.
2021-08-14 14:05:24,815 [pool-467-thread-3] INFO  keyvalue.KeyValueContainer (KeyValueContainer.java:flushAndSyncDB(397)) - Container 9 is synced with bcsId 140.
2021-08-14 14:05:24,815 [pool-467-thread-3] INFO  keyvalue.KeyValueContainer (KeyValueContainer.java:flushAndSyncDB(397)) - Container 9 is synced with bcsId 140.
2021-08-14 14:05:24,816 [pool-467-thread-3] INFO  keyvalue.KeyValueContainer (KeyValueContainer.java:close(334)) - Container 9 is closed with bcsId 140.
2021-08-14 14:05:24,834 [pool-466-thread-2] INFO  keyvalue.KeyValueContainer (KeyValueContainer.java:flushAndSyncDB(397)) - Container 9 is synced with bcsId 140.
2021-08-14 14:05:24,870 [pool-466-thread-2] INFO  keyvalue.KeyValueContainer (KeyValueContainer.java:flushAndSyncDB(397)) - Container 9 is synced with bcsId 140.
2021-08-14 14:05:24,860 [pool-465-thread-3] INFO  keyvalue.KeyValueContainer (KeyValueContainer.java:flushAndSyncDB(397)) - Container 10 is synced with bcsId 156.
2021-08-14 14:05:24,871 [pool-465-thread-3] INFO  keyvalue.KeyValueContainer (KeyValueContainer.java:flushAndSyncDB(397)) - Container 10 is synced with bcsId 156.
2021-08-14 14:05:24,860 [Datanode State Machine Thread - 0] WARN  statemachine.StateContext (StateContext.java:execute(621)) - No available thread in pool for past 0 seconds.
2021-08-14 14:05:24,846 [Datanode State Machine Thread - 0] WARN  statemachine.StateContext (StateContext.java:execute(621)) - No available thread in pool for past 0 seconds.
2021-08-14 14:05:24,837 [SCMBlockDeletingService#0] DEBUG block.SCMBlockDeletingService (SCMBlockDeletingService.java:call(133)) - Running DeletedBlockTransactionScanner
2021-08-14 14:05:24,871 [SCMBlockDeletingService#0] DEBUG block.SCMBlockDeletingService (DatanodeDeletedBlockTransactions.java:addTransactionToDN(50)) - Transaction added: e5d3e9d3-1367-47eb-ad7f-372895a70f55 <- TX(1)
2021-08-14 14:05:24,871 [SCMBlockDeletingService#0] DEBUG block.SCMBlockDeletingService (DatanodeDeletedBlockTransactions.java:addTransactionToDN(50)) - Transaction added: 41bdc6fc-f730-460f-b2d8-92157d986a72 <- TX(1)
2021-08-14 14:05:24,871 [SCMBlockDeletingService#0] DEBUG block.SCMBlockDeletingService (DatanodeDeletedBlockTransactions.java:addTransactionToDN(50)) - Transaction added: a3a688a0-b759-42a1-9d42-7ea63bf88025 <- TX(1)
2021-08-14 14:05:24,871 [SCMBlockDeletingService#0] DEBUG block.SCMBlockDeletingService (DatanodeDeletedBlockTransactions.java:addTransactionToDN(50)) - Transaction added: a3a688a0-b759-42a1-9d42-7ea63bf88025 <- TX(2)
2021-08-14 14:05:24,871 [SCMBlockDeletingService#0] DEBUG block.SCMBlockDeletingService (DatanodeDeletedBlockTransactions.java:addTransactionToDN(50)) - Transaction added: e5d3e9d3-1367-47eb-ad7f-372895a70f55 <- TX(2)
2021-08-14 14:05:24,871 [SCMBlockDeletingService#0] DEBUG block.SCMBlockDeletingService (DatanodeDeletedBlockTransactions.java:addTransactionToDN(50)) - Transaction added: 41bdc6fc-f730-460f-b2d8-92157d986a72 <- TX(2)
2021-08-14 14:05:24,871 [SCMBlockDeletingService#0] DEBUG block.SCMBlockDeletingService (DatanodeDeletedBlockTransactions.java:addTransactionToDN(50)) - Transaction added: e5d3e9d3-1367-47eb-ad7f-372895a70f55 <- TX(3)
2021-08-14 14:05:24,871 [SCMBlockDeletingService#0] DEBUG block.SCMBlockDeletingService (DatanodeDeletedBlockTransactions.java:addTransactionToDN(50)) - Transaction added: 41bdc6fc-f730-460f-b2d8-92157d986a72 <- TX(3)
2021-08-14 14:05:24,871 [SCMBlockDeletingService#0] DEBUG block.SCMBlockDeletingService (DatanodeDeletedBlockTransactions.java:addTransactionToDN(50)) - Transaction added: a3a688a0-b759-42a1-9d42-7ea63bf88025 <- TX(3)
2021-08-14 14:05:24,871 [SCMBlockDeletingService#0] DEBUG block.SCMBlockDeletingService (DatanodeDeletedBlockTransactions.java:addTransactionToDN(50)) - Transaction added: a3a688a0-b759-42a1-9d42-7ea63bf88025 <- TX(4)
2021-08-14 14:05:24,871 [SCMBlockDeletingService#0] DEBUG block.SCMBlockDeletingService (DatanodeDeletedBlockTransactions.java:addTransactionToDN(50)) - Transaction added: 41bdc6fc-f730-460f-b2d8-92157d986a72 <- TX(4)
2021-08-14 14:05:24,871 [SCMBlockDeletingService#0] DEBUG block.SCMBlockDeletingService (DatanodeDeletedBlockTransactions.java:addTransactionToDN(50)) - Transaction added: e5d3e9d3-1367-47eb-ad7f-372895a70f55 <- TX(4)
2021-08-14 14:05:24,871 [SCMBlockDeletingService#0] DEBUG block.SCMBlockDeletingService (DatanodeDeletedBlockTransactions.java:addTransactionToDN(50)) - Transaction added: a3a688a0-b759-42a1-9d42-7ea63bf88025 <- TX(5)
2021-08-14 14:05:24,871 [SCMBlockDeletingService#0] DEBUG block.SCMBlockDeletingService (DatanodeDeletedBlockTransactions.java:addTransactionToDN(50)) - Transaction added: e5d3e9d3-1367-47eb-ad7f-372895a70f55 <- TX(5)
2021-08-14 14:05:24,871 [SCMBlockDeletingService#0] DEBUG block.SCMBlockDeletingService (DatanodeDeletedBlockTransactions.java:addTransactionToDN(50)) - Transaction added: 41bdc6fc-f730-460f-b2d8-92157d986a72 <- TX(5)
2021-08-14 14:05:24,871 [SCMBlockDeletingService#0] DEBUG block.SCMBlockDeletingService (DatanodeDeletedBlockTransactions.java:addTransactionToDN(50)) - Transaction added: a3a688a0-b759-42a1-9d42-7ea63bf88025 <- TX(6)
2021-08-14 14:05:24,871 [SCMBlockDeletingService#0] DEBUG block.SCMBlockDeletingService (DatanodeDeletedBlockTransactions.java:addTransactionToDN(50)) - Transaction added: e5d3e9d3-1367-47eb-ad7f-372895a70f55 <- TX(6)
2021-08-14 14:05:24,871 [SCMBlockDeletingService#0] DEBUG block.SCMBlockDeletingService (DatanodeDeletedBlockTransactions.java:addTransactionToDN(50)) - Transaction added: 41bdc6fc-f730-460f-b2d8-92157d986a72 <- TX(6)
2021-08-14 14:05:24,871 [SCMBlockDeletingService#0] DEBUG block.SCMBlockDeletingService (DatanodeDeletedBlockTransactions.java:addTransactionToDN(50)) - Transaction added: a3a688a0-b759-42a1-9d42-7ea63bf88025 <- TX(7)
2021-08-14 14:05:24,872 [SCMBlockDeletingService#0] DEBUG block.SCMBlockDeletingService (DatanodeDeletedBlockTransactions.java:addTransactionToDN(50)) - Transaction added: e5d3e9d3-1367-47eb-ad7f-372895a70f55 <- TX(7)
2021-08-14 14:05:24,872 [SCMBlockDeletingService#0] DEBUG block.SCMBlockDeletingService (DatanodeDeletedBlockTransactions.java:addTransactionToDN(50)) - Transaction added: 41bdc6fc-f730-460f-b2d8-92157d986a72 <- TX(7)
2021-08-14 14:05:24,872 [SCMBlockDeletingService#0] DEBUG block.SCMBlockDeletingService (DatanodeDeletedBlockTransactions.java:addTransactionToDN(50)) - Transaction added: 41bdc6fc-f730-460f-b2d8-92157d986a72 <- TX(8)
2021-08-14 14:05:24,872 [SCMBlockDeletingService#0] DEBUG block.SCMBlockDeletingService (DatanodeDeletedBlockTransactions.java:addTransactionToDN(50)) - Transaction added: e5d3e9d3-1367-47eb-ad7f-372895a70f55 <- TX(8)
2021-08-14 14:05:24,872 [SCMBlockDeletingService#0] DEBUG block.SCMBlockDeletingService (DatanodeDeletedBlockTransactions.java:addTransactionToDN(50)) - Transaction added: a3a688a0-b759-42a1-9d42-7ea63bf88025 <- TX(8)
2021-08-14 14:05:24,872 [SCMBlockDeletingService#0] DEBUG block.SCMBlockDeletingService (DatanodeDeletedBlockTransactions.java:addTransactionToDN(50)) - Transaction added: a3a688a0-b759-42a1-9d42-7ea63bf88025 <- TX(9)
2021-08-14 14:05:24,872 [SCMBlockDeletingService#0] DEBUG block.SCMBlockDeletingService (DatanodeDeletedBlockTransactions.java:addTransactionToDN(50)) - Transaction added: e5d3e9d3-1367-47eb-ad7f-372895a70f55 <- TX(9)
2021-08-14 14:05:24,872 [SCMBlockDeletingService#0] DEBUG block.SCMBlockDeletingService (DatanodeDeletedBlockTransactions.java:addTransactionToDN(50)) - Transaction added: 41bdc6fc-f730-460f-b2d8-92157d986a72 <- TX(9)
2021-08-14 14:05:24,872 [SCMBlockDeletingService#0] DEBUG block.SCMBlockDeletingService (SCMBlockDeletingService.java:call(164)) - Added delete block command for datanode a3a688a0-b759-42a1-9d42-7ea63bf88025 in the queue, number of delete block transactions: 9
2021-08-14 14:05:24,872 [SCMBlockDeletingService#0] DEBUG block.SCMBlockDeletingService (SCMBlockDeletingService.java:call(164)) - Added delete block command for datanode 41bdc6fc-f730-460f-b2d8-92157d986a72 in the queue, number of delete block transactions: 9
2021-08-14 14:05:24,872 [SCMBlockDeletingService#0] DEBUG block.SCMBlockDeletingService (SCMBlockDeletingService.java:call(164)) - Added delete block command for datanode e5d3e9d3-1367-47eb-ad7f-372895a70f55 in the queue, number of delete block transactions: 9
2021-08-14 14:05:24,872 [SCMBlockDeletingService#0] INFO  block.SCMBlockDeletingService (SCMBlockDeletingService.java:call(174)) - Totally added 27 blocks to be deleted for 3 datanodes, task elapsed time: 35ms
2021-08-14 14:05:24,875 [pool-466-thread-2] INFO  keyvalue.KeyValueContainer (KeyValueContainer.java:close(334)) - Container 9 is closed with bcsId 140.
2021-08-14 14:05:24,875 [pool-465-thread-3] INFO  keyvalue.KeyValueContainer (KeyValueContainer.java:close(334)) - Container 10 is closed with bcsId 156.
2021-08-14 14:05:24,937 [SCMBlockDeletingService#0] DEBUG block.SCMBlockDeletingService (SCMBlockDeletingService.java:call(133)) - Running DeletedBlockTransactionScanner
2021-08-14 14:05:24,937 [SCMBlockDeletingService#0] DEBUG block.SCMBlockDeletingService (DatanodeDeletedBlockTransactions.java:addTransactionToDN(50)) - Transaction added: e5d3e9d3-1367-47eb-ad7f-372895a70f55 <- TX(1)
2021-08-14 14:05:24,937 [SCMBlockDeletingService#0] DEBUG block.SCMBlockDeletingService (DatanodeDeletedBlockTransactions.java:addTransactionToDN(50)) - Transaction added: 41bdc6fc-f730-460f-b2d8-92157d986a72 <- TX(1)
2021-08-14 14:05:24,937 [SCMBlockDeletingService#0] DEBUG block.SCMBlockDeletingService (DatanodeDeletedBlockTransactions.java:addTransactionToDN(50)) - Transaction added: a3a688a0-b759-42a1-9d42-7ea63bf88025 <- TX(1)
2021-08-14 14:05:24,937 [SCMBlockDeletingService#0] DEBUG block.SCMBlockDeletingService (DatanodeDeletedBlockTransactions.java:addTransactionToDN(50)) - Transaction added: a3a688a0-b759-42a1-9d42-7ea63bf88025 <- TX(2)
2021-08-14 14:05:24,937 [SCMBlockDeletingService#0] DEBUG block.SCMBlockDeletingService (DatanodeDeletedBlockTransactions.java:addTransactionToDN(50)) - Transaction added: e5d3e9d3-1367-47eb-ad7f-372895a70f55 <- TX(2)
2021-08-14 14:05:24,937 [SCMBlockDeletingService#0] DEBUG block.SCMBlockDeletingService (DatanodeDeletedBlockTransactions.java:addTransactionToDN(50)) - Transaction added: 41bdc6fc-f730-460f-b2d8-92157d986a72 <- TX(2)
2021-08-14 14:05:24,937 [SCMBlockDeletingService#0] DEBUG block.SCMBlockDeletingService (DatanodeDeletedBlockTransactions.java:addTransactionToDN(50)) - Transaction added: e5d3e9d3-1367-47eb-ad7f-372895a70f55 <- TX(3)
2021-08-14 14:05:24,937 [SCMBlockDeletingService#0] DEBUG block.SCMBlockDeletingService (DatanodeDeletedBlockTransactions.java:addTransactionToDN(50)) - Transaction added: 41bdc6fc-f730-460f-b2d8-92157d986a72 <- TX(3)
2021-08-14 14:05:24,937 [SCMBlockDeletingService#0] DEBUG block.SCMBlockDeletingService (DatanodeDeletedBlockTransactions.java:addTransactionToDN(50)) - Transaction added: a3a688a0-b759-42a1-9d42-7ea63bf88025 <- TX(3)
2021-08-14 14:05:24,937 [SCMBlockDeletingService#0] DEBUG block.SCMBlockDeletingService (DatanodeDeletedBlockTransactions.java:addTransactionToDN(50)) - Transaction added: a3a688a0-b759-42a1-9d42-7ea63bf88025 <- TX(4)
2021-08-14 14:05:24,938 [SCMBlockDeletingService#0] DEBUG block.SCMBlockDeletingService (DatanodeDeletedBlockTransactions.java:addTransactionToDN(50)) - Transaction added: 41bdc6fc-f730-460f-b2d8-92157d986a72 <- TX(4)
2021-08-14 14:05:24,938 [SCMBlockDeletingService#0] DEBUG block.SCMBlockDeletingService (DatanodeDeletedBlockTransactions.java:addTransactionToDN(50)) - Transaction added: e5d3e9d3-1367-47eb-ad7f-372895a70f55 <- TX(4)
2021-08-14 14:05:24,938 [SCMBlockDeletingService#0] DEBUG block.SCMBlockDeletingService (DatanodeDeletedBlockTransactions.java:addTransactionToDN(50)) - Transaction added: a3a688a0-b759-42a1-9d42-7ea63bf88025 <- TX(5)
2021-08-14 14:05:24,938 [SCMBlockDeletingService#0] DEBUG block.SCMBlockDeletingService (DatanodeDeletedBlockTransactions.java:addTransactionToDN(50)) - Transaction added: e5d3e9d3-1367-47eb-ad7f-372895a70f55 <- TX(5)
2021-08-14 14:05:24,938 [SCMBlockDeletingService#0] DEBUG block.SCMBlockDeletingService (DatanodeDeletedBlockTransactions.java:addTransactionToDN(50)) - Transaction added: 41bdc6fc-f730-460f-b2d8-92157d986a72 <- TX(5)
2021-08-14 14:05:24,938 [SCMBlockDeletingService#0] DEBUG block.SCMBlockDeletingService (DatanodeDeletedBlockTransactions.java:addTransactionToDN(50)) - Transaction added: a3a688a0-b759-42a1-9d42-7ea63bf88025 <- TX(6)
2021-08-14 14:05:24,938 [SCMBlockDeletingService#0] DEBUG block.SCMBlockDeletingService (DatanodeDeletedBlockTransactions.java:addTransactionToDN(50)) - Transaction added: e5d3e9d3-1367-47eb-ad7f-372895a70f55 <- TX(6)
2021-08-14 14:05:24,938 [SCMBlockDeletingService#0] DEBUG block.SCMBlockDeletingService (DatanodeDeletedBlockTransactions.java:addTransactionToDN(50)) - Transaction added: 41bdc6fc-f730-460f-b2d8-92157d986a72 <- TX(6)
2021-08-14 14:05:24,938 [SCMBlockDeletingService#0] DEBUG block.SCMBlockDeletingService (DatanodeDeletedBlockTransactions.java:addTransactionToDN(50)) - Transaction added: a3a688a0-b759-42a1-9d42-7ea63bf88025 <- TX(7)
2021-08-14 14:05:24,938 [SCMBlockDeletingService#0] DEBUG block.SCMBlockDeletingService (DatanodeDeletedBlockTransactions.java:addTransactionToDN(50)) - Transaction added: e5d3e9d3-1367-47eb-ad7f-372895a70f55 <- TX(7)
2021-08-14 14:05:24,938 [SCMBlockDeletingService#0] DEBUG block.SCMBlockDeletingService (DatanodeDeletedBlockTransactions.java:addTransactionToDN(50)) - Transaction added: 41bdc6fc-f730-460f-b2d8-92157d986a72 <- TX(7)
2021-08-14 14:05:24,938 [SCMBlockDeletingService#0] DEBUG block.SCMBlockDeletingService (DatanodeDeletedBlockTransactions.java:addTransactionToDN(50)) - Transaction added: 41bdc6fc-f730-460f-b2d8-92157d986a72 <- TX(8)
2021-08-14 14:05:24,938 [SCMBlockDeletingService#0] DEBUG block.SCMBlockDeletingService (DatanodeDeletedBlockTransactions.java:addTransactionToDN(50)) - Transaction added: e5d3e9d3-1367-47eb-ad7f-372895a70f55 <- TX(8)
2021-08-14 14:05:24,938 [SCMBlockDeletingService#0] DEBUG block.SCMBlockDeletingService (DatanodeDeletedBlockTransactions.java:addTransactionToDN(50)) - Transaction added: a3a688a0-b759-42a1-9d42-7ea63bf88025 <- TX(8)
2021-08-14 14:05:24,938 [SCMBlockDeletingService#0] DEBUG block.SCMBlockDeletingService (DatanodeDeletedBlockTransactions.java:addTransactionToDN(50)) - Transaction added: a3a688a0-b759-42a1-9d42-7ea63bf88025 <- TX(9)
2021-08-14 14:05:24,938 [SCMBlockDeletingService#0] DEBUG block.SCMBlockDeletingService (DatanodeDeletedBlockTransactions.java:addTransactionToDN(50)) - Transaction added: 41bdc6fc-f730-460f-b2d8-92157d986a72 <- TX(9)
2021-08-14 14:05:24,938 [SCMBlockDeletingService#0] DEBUG block.SCMBlockDeletingService (DatanodeDeletedBlockTransactions.java:addTransactionToDN(50)) - Transaction added: e5d3e9d3-1367-47eb-ad7f-372895a70f55 <- TX(9)
2021-08-14 14:05:24,938 [SCMBlockDeletingService#0] DEBUG block.SCMBlockDeletingService (SCMBlockDeletingService.java:call(164)) - Added delete block command for datanode a3a688a0-b759-42a1-9d42-7ea63bf88025 in the queue, number of delete block transactions: 9
2021-08-14 14:05:24,938 [SCMBlockDeletingService#0] DEBUG block.SCMBlockDeletingService (SCMBlockDeletingService.java:call(164)) - Added delete block command for datanode 41bdc6fc-f730-460f-b2d8-92157d986a72 in the queue, number of delete block transactions: 9
2021-08-14 14:05:24,938 [SCMBlockDeletingService#0] DEBUG block.SCMBlockDeletingService (SCMBlockDeletingService.java:call(164)) - Added delete block command for datanode e5d3e9d3-1367-47eb-ad7f-372895a70f55 in the queue, number of delete block transactions: 9
2021-08-14 14:05:24,938 [SCMBlockDeletingService#0] INFO  block.SCMBlockDeletingService (SCMBlockDeletingService.java:call(174)) - Totally added 27 blocks to be deleted for 3 datanodes, task elapsed time: 1ms
2021-08-14 14:05:24,943 [Datanode State Machine Thread - 0] WARN  statemachine.StateContext (StateContext.java:execute(621)) - No available thread in pool for past 0 seconds.
2021-08-14 14:05:24,943 [Datanode State Machine Thread - 0] WARN  statemachine.StateContext (StateContext.java:execute(621)) - No available thread in pool for past 0 seconds.
2021-08-14 14:05:24,945 [pool-467-thread-10] INFO  keyvalue.KeyValueContainer (KeyValueContainer.java:flushAndSyncDB(397)) - Container 10 is synced with bcsId 156.
2021-08-14 14:05:24,945 [pool-467-thread-10] INFO  keyvalue.KeyValueContainer (KeyValueContainer.java:flushAndSyncDB(397)) - Container 10 is synced with bcsId 156.
2021-08-14 14:05:24,947 [Datanode State Machine Thread - 0] WARN  statemachine.StateContext (StateContext.java:execute(621)) - No available thread in pool for past 0 seconds.
2021-08-14 14:05:24,948 [pool-467-thread-10] INFO  keyvalue.KeyValueContainer (KeyValueContainer.java:close(334)) - Container 10 is closed with bcsId 156.
2021-08-14 14:05:24,948 [Datanode State Machine Thread - 0] WARN  statemachine.StateContext (StateContext.java:execute(621)) - No available thread in pool for past 0 seconds.
2021-08-14 14:05:24,950 [EventQueue-ContainerReportForContainerReportHandler] INFO  container.ContainerReportHandler (AbstractContainerReportHandler.java:updateContainerState(223)) - Moving container #10 to CLOSED state, datanode a3a688a0-b759-42a1-9d42-7ea63bf88025{ip: 10.1.0.16, host: fv-az297-666.nmf1rxwemy4u5di1sxxf4ejcwb.jx.internal.cloudapp.net, ports: [REPLICATION=41181, RATIS=35273, RATIS_ADMIN=35273, RATIS_SERVER=35273, STANDALONE=42751], networkLocation: /default-rack, certSerialId: null, persistedOpState: IN_SERVICE, persistedOpStateExpiryEpochSec: 0} reported CLOSED replica.
2021-08-14 14:05:24,974 [Datanode State Machine Thread - 0] WARN  statemachine.StateContext (StateContext.java:execute(621)) - No available thread in pool for past 0 seconds.
2021-08-14 14:05:24,978 [pool-466-thread-4] INFO  keyvalue.KeyValueContainer (KeyValueContainer.java:flushAndSyncDB(397)) - Container 10 is synced with bcsId 156.
2021-08-14 14:05:24,997 [pool-466-thread-4] INFO  keyvalue.KeyValueContainer (KeyValueContainer.java:flushAndSyncDB(397)) - Container 10 is synced with bcsId 156.
2021-08-14 14:05:24,997 [Datanode State Machine Thread - 0] WARN  statemachine.StateContext (StateContext.java:execute(621)) - No available thread in pool for past 0 seconds.
2021-08-14 14:05:24,998 [Datanode State Machine Thread - 0] WARN  statemachine.StateContext (StateContext.java:execute(621)) - No available thread in pool for past 0 seconds.
2021-08-14 14:05:24,998 [Datanode State Machine Thread - 0] WARN  statemachine.StateContext (StateContext.java:execute(621)) - No available thread in pool for past 0 seconds.
2021-08-14 14:05:25,001 [pool-466-thread-4] INFO  keyvalue.KeyValueContainer (KeyValueContainer.java:close(334)) - Container 10 is closed with bcsId 156.
2021-08-14 14:05:25,023 [pool-465-thread-1] INFO  keyvalue.KeyValueContainer (KeyValueContainer.java:flushAndSyncDB(397)) - Container 11 is synced with bcsId 170.
2021-08-14 14:05:25,023 [pool-465-thread-1] INFO  keyvalue.KeyValueContainer (KeyValueContainer.java:flushAndSyncDB(397)) - Container 11 is synced with bcsId 170.
2021-08-14 14:05:25,025 [pool-465-thread-1] INFO  keyvalue.KeyValueContainer (KeyValueContainer.java:close(334)) - Container 11 is closed with bcsId 170.
2021-08-14 14:05:25,028 [Datanode State Machine Thread - 0] WARN  statemachine.StateContext (StateContext.java:execute(621)) - No available thread in pool for past 0 seconds.
2021-08-14 14:05:25,037 [SCMBlockDeletingService#0] DEBUG block.SCMBlockDeletingService (SCMBlockDeletingService.java:call(133)) - Running DeletedBlockTransactionScanner
2021-08-14 14:05:25,037 [SCMBlockDeletingService#0] DEBUG block.SCMBlockDeletingService (DatanodeDeletedBlockTransactions.java:addTransactionToDN(50)) - Transaction added: 41bdc6fc-f730-460f-b2d8-92157d986a72 <- TX(1)
2021-08-14 14:05:25,037 [SCMBlockDeletingService#0] DEBUG block.SCMBlockDeletingService (DatanodeDeletedBlockTransactions.java:addTransactionToDN(50)) - Transaction added: e5d3e9d3-1367-47eb-ad7f-372895a70f55 <- TX(1)
2021-08-14 14:05:25,037 [SCMBlockDeletingService#0] DEBUG block.SCMBlockDeletingService (DatanodeDeletedBlockTransactions.java:addTransactionToDN(50)) - Transaction added: a3a688a0-b759-42a1-9d42-7ea63bf88025 <- TX(1)
2021-08-14 14:05:25,037 [SCMBlockDeletingService#0] DEBUG block.SCMBlockDeletingService (DatanodeDeletedBlockTransactions.java:addTransactionToDN(50)) - Transaction added: a3a688a0-b759-42a1-9d42-7ea63bf88025 <- TX(2)
2021-08-14 14:05:25,037 [SCMBlockDeletingService#0] DEBUG block.SCMBlockDeletingService (DatanodeDeletedBlockTransactions.java:addTransactionToDN(50)) - Transaction added: e5d3e9d3-1367-47eb-ad7f-372895a70f55 <- TX(2)
2021-08-14 14:05:25,037 [SCMBlockDeletingService#0] DEBUG block.SCMBlockDeletingService (DatanodeDeletedBlockTransactions.java:addTransactionToDN(50)) - Transaction added: 41bdc6fc-f730-460f-b2d8-92157d986a72 <- TX(2)
2021-08-14 14:05:25,037 [SCMBlockDeletingService#0] DEBUG block.SCMBlockDeletingService (DatanodeDeletedBlockTransactions.java:addTransactionToDN(50)) - Transaction added: e5d3e9d3-1367-47eb-ad7f-372895a70f55 <- TX(3)
2021-08-14 14:05:25,037 [SCMBlockDeletingService#0] DEBUG block.SCMBlockDeletingService (DatanodeDeletedBlockTransactions.java:addTransactionToDN(50)) - Transaction added: 41bdc6fc-f730-460f-b2d8-92157d986a72 <- TX(3)
2021-08-14 14:05:25,037 [SCMBlockDeletingService#0] DEBUG block.SCMBlockDeletingService (DatanodeDeletedBlockTransactions.java:addTransactionToDN(50)) - Transaction added: a3a688a0-b759-42a1-9d42-7ea63bf88025 <- TX(3)
2021-08-14 14:05:25,037 [SCMBlockDeletingService#0] DEBUG block.SCMBlockDeletingService (DatanodeDeletedBlockTransactions.java:addTransactionToDN(50)) - Transaction added: a3a688a0-b759-42a1-9d42-7ea63bf88025 <- TX(4)
2021-08-14 14:05:25,038 [SCMBlockDeletingService#0] DEBUG block.SCMBlockDeletingService (DatanodeDeletedBlockTransactions.java:addTransactionToDN(50)) - Transaction added: 41bdc6fc-f730-460f-b2d8-92157d986a72 <- TX(4)
2021-08-14 14:05:25,038 [SCMBlockDeletingService#0] DEBUG block.SCMBlockDeletingService (DatanodeDeletedBlockTransactions.java:addTransactionToDN(50)) - Transaction added: e5d3e9d3-1367-47eb-ad7f-372895a70f55 <- TX(4)
2021-08-14 14:05:25,038 [SCMBlockDeletingService#0] DEBUG block.SCMBlockDeletingService (DatanodeDeletedBlockTransactions.java:addTransactionToDN(50)) - Transaction added: a3a688a0-b759-42a1-9d42-7ea63bf88025 <- TX(5)
2021-08-14 14:05:25,038 [SCMBlockDeletingService#0] DEBUG block.SCMBlockDeletingService (DatanodeDeletedBlockTransactions.java:addTransactionToDN(50)) - Transaction added: 41bdc6fc-f730-460f-b2d8-92157d986a72 <- TX(5)
2021-08-14 14:05:25,038 [SCMBlockDeletingService#0] DEBUG block.SCMBlockDeletingService (DatanodeDeletedBlockTransactions.java:addTransactionToDN(50)) - Transaction added: e5d3e9d3-1367-47eb-ad7f-372895a70f55 <- TX(5)
2021-08-14 14:05:25,038 [SCMBlockDeletingService#0] DEBUG block.SCMBlockDeletingService (DatanodeDeletedBlockTransactions.java:addTransactionToDN(50)) - Transaction added: a3a688a0-b759-42a1-9d42-7ea63bf88025 <- TX(6)
2021-08-14 14:05:25,038 [SCMBlockDeletingService#0] DEBUG block.SCMBlockDeletingService (DatanodeDeletedBlockTransactions.java:addTransactionToDN(50)) - Transaction added: e5d3e9d3-1367-47eb-ad7f-372895a70f55 <- TX(6)
2021-08-14 14:05:25,038 [SCMBlockDeletingService#0] DEBUG block.SCMBlockDeletingService (DatanodeDeletedBlockTransactions.java:addTransactionToDN(50)) - Transaction added: 41bdc6fc-f730-460f-b2d8-92157d986a72 <- TX(6)
2021-08-14 14:05:25,038 [SCMBlockDeletingService#0] DEBUG block.SCMBlockDeletingService (DatanodeDeletedBlockTransactions.java:addTransactionToDN(50)) - Transaction added: a3a688a0-b759-42a1-9d42-7ea63bf88025 <- TX(7)
2021-08-14 14:05:25,038 [SCMBlockDeletingService#0] DEBUG block.SCMBlockDeletingService (DatanodeDeletedBlockTransactions.java:addTransactionToDN(50)) - Transaction added: e5d3e9d3-1367-47eb-ad7f-372895a70f55 <- TX(7)
2021-08-14 14:05:25,038 [SCMBlockDeletingService#0] DEBUG block.SCMBlockDeletingService (DatanodeDeletedBlockTransactions.java:addTransactionToDN(50)) - Transaction added: 41bdc6fc-f730-460f-b2d8-92157d986a72 <- TX(7)
2021-08-14 14:05:25,038 [SCMBlockDeletingService#0] DEBUG block.SCMBlockDeletingService (DatanodeDeletedBlockTransactions.java:addTransactionToDN(50)) - Transaction added: 41bdc6fc-f730-460f-b2d8-92157d986a72 <- TX(8)
2021-08-14 14:05:25,038 [SCMBlockDeletingService#0] DEBUG block.SCMBlockDeletingService (DatanodeDeletedBlockTransactions.java:addTransactionToDN(50)) - Transaction added: e5d3e9d3-1367-47eb-ad7f-372895a70f55 <- TX(8)
2021-08-14 14:05:25,038 [SCMBlockDeletingService#0] DEBUG block.SCMBlockDeletingService (DatanodeDeletedBlockTransactions.java:addTransactionToDN(50)) - Transaction added: a3a688a0-b759-42a1-9d42-7ea63bf88025 <- TX(8)
2021-08-14 14:05:25,038 [SCMBlockDeletingService#0] DEBUG block.SCMBlockDeletingService (DatanodeDeletedBlockTransactions.java:addTransactionToDN(50)) - Transaction added: a3a688a0-b759-42a1-9d42-7ea63bf88025 <- TX(9)
2021-08-14 14:05:25,038 [SCMBlockDeletingService#0] DEBUG block.SCMBlockDeletingService (DatanodeDeletedBlockTransactions.java:addTransactionToDN(50)) - Transaction added: 41bdc6fc-f730-460f-b2d8-92157d986a72 <- TX(9)
2021-08-14 14:05:25,038 [SCMBlockDeletingService#0] DEBUG block.SCMBlockDeletingService (DatanodeDeletedBlockTransactions.java:addTransactionToDN(50)) - Transaction added: e5d3e9d3-1367-47eb-ad7f-372895a70f55 <- TX(9)
2021-08-14 14:05:25,038 [SCMBlockDeletingService#0] DEBUG block.SCMBlockDeletingService (DatanodeDeletedBlockTransactions.java:addTransactionToDN(50)) - Transaction added: e5d3e9d3-1367-47eb-ad7f-372895a70f55 <- TX(10)
2021-08-14 14:05:25,038 [SCMBlockDeletingService#0] DEBUG block.SCMBlockDeletingService (DatanodeDeletedBlockTransactions.java:addTransactionToDN(50)) - Transaction added: 41bdc6fc-f730-460f-b2d8-92157d986a72 <- TX(10)
2021-08-14 14:05:25,038 [SCMBlockDeletingService#0] DEBUG block.SCMBlockDeletingService (DatanodeDeletedBlockTransactions.java:addTransactionToDN(50)) - Transaction added: a3a688a0-b759-42a1-9d42-7ea63bf88025 <- TX(10)
2021-08-14 14:05:25,038 [SCMBlockDeletingService#0] DEBUG block.SCMBlockDeletingService (SCMBlockDeletingService.java:call(164)) - Added delete block command for datanode a3a688a0-b759-42a1-9d42-7ea63bf88025 in the queue, number of delete block transactions: 10
2021-08-14 14:05:25,038 [SCMBlockDeletingService#0] DEBUG block.SCMBlockDeletingService (SCMBlockDeletingService.java:call(164)) - Added delete block command for datanode e5d3e9d3-1367-47eb-ad7f-372895a70f55 in the queue, number of delete block transactions: 10
2021-08-14 14:05:25,038 [SCMBlockDeletingService#0] DEBUG block.SCMBlockDeletingService (SCMBlockDeletingService.java:call(164)) - Added delete block command for datanode 41bdc6fc-f730-460f-b2d8-92157d986a72 in the queue, number of delete block transactions: 10
2021-08-14 14:05:25,038 [SCMBlockDeletingService#0] INFO  block.SCMBlockDeletingService (SCMBlockDeletingService.java:call(174)) - Totally added 30 blocks to be deleted for 3 datanodes, task elapsed time: 1ms
2021-08-14 14:05:25,040 [Datanode State Machine Thread - 0] WARN  statemachine.StateContext (StateContext.java:execute(621)) - No available thread in pool for past 0 seconds.
2021-08-14 14:05:25,040 [Datanode State Machine Thread - 0] WARN  statemachine.StateContext (StateContext.java:execute(621)) - No available thread in pool for past 0 seconds.
2021-08-14 14:05:25,040 [Datanode State Machine Thread - 0] WARN  statemachine.StateContext (StateContext.java:execute(621)) - No available thread in pool for past 0 seconds.
2021-08-14 14:05:25,042 [EventQueue-IncrementalContainerReportForIncrementalContainerReportHandler] INFO  container.IncrementalContainerReportHandler (AbstractContainerReportHandler.java:updateContainerState(223)) - Moving container #11 to CLOSED state, datanode a3a688a0-b759-42a1-9d42-7ea63bf88025{ip: 10.1.0.16, host: fv-az297-666.nmf1rxwemy4u5di1sxxf4ejcwb.jx.internal.cloudapp.net, ports: [REPLICATION=41181, RATIS=35273, RATIS_ADMIN=35273, RATIS_SERVER=35273, STANDALONE=42751], networkLocation: /default-rack, certSerialId: null, persistedOpState: IN_SERVICE, persistedOpStateExpiryEpochSec: 0} reported CLOSED replica.
2021-08-14 14:05:25,049 [pool-466-thread-5] INFO  keyvalue.KeyValueContainer (KeyValueContainer.java:flushAndSyncDB(397)) - Container 11 is synced with bcsId 170.
2021-08-14 14:05:25,049 [pool-466-thread-5] INFO  keyvalue.KeyValueContainer (KeyValueContainer.java:flushAndSyncDB(397)) - Container 11 is synced with bcsId 170.
2021-08-14 14:05:25,051 [pool-466-thread-5] INFO  keyvalue.KeyValueContainer (KeyValueContainer.java:close(334)) - Container 11 is closed with bcsId 170.
2021-08-14 14:05:25,067 [pool-467-thread-2] INFO  keyvalue.KeyValueContainer (KeyValueContainer.java:flushAndSyncDB(397)) - Container 11 is synced with bcsId 170.
2021-08-14 14:05:25,086 [pool-467-thread-2] INFO  keyvalue.KeyValueContainer (KeyValueContainer.java:flushAndSyncDB(397)) - Container 11 is synced with bcsId 170.
2021-08-14 14:05:25,086 [Datanode State Machine Thread - 0] WARN  statemachine.StateContext (StateContext.java:execute(621)) - No available thread in pool for past 0 seconds.
2021-08-14 14:05:25,088 [pool-467-thread-2] INFO  keyvalue.KeyValueContainer (KeyValueContainer.java:close(334)) - Container 11 is closed with bcsId 170.
2021-08-14 14:05:25,091 [Datanode State Machine Thread - 0] WARN  statemachine.StateContext (StateContext.java:execute(621)) - No available thread in pool for past 0 seconds.
2021-08-14 14:05:25,091 [Datanode State Machine Thread - 0] WARN  statemachine.StateContext (StateContext.java:execute(621)) - No available thread in pool for past 0 seconds.
2021-08-14 14:05:25,093 [Datanode State Machine Thread - 0] WARN  statemachine.StateContext (StateContext.java:execute(621)) - No available thread in pool for past 0 seconds.
2021-08-14 14:05:25,101 [pool-465-thread-6] INFO  keyvalue.KeyValueContainer (KeyValueContainer.java:flushAndSyncDB(397)) - Container 12 is synced with bcsId 184.
2021-08-14 14:05:25,101 [pool-465-thread-6] INFO  keyvalue.KeyValueContainer (KeyValueContainer.java:flushAndSyncDB(397)) - Container 12 is synced with bcsId 184.
2021-08-14 14:05:25,107 [pool-465-thread-6] INFO  keyvalue.KeyValueContainer (KeyValueContainer.java:close(334)) - Container 12 is closed with bcsId 184.
2021-08-14 14:05:25,133 [EventQueue-IncrementalContainerReportForIncrementalContainerReportHandler] INFO  container.IncrementalContainerReportHandler (AbstractContainerReportHandler.java:updateContainerState(223)) - Moving container #12 to CLOSED state, datanode a3a688a0-b759-42a1-9d42-7ea63bf88025{ip: 10.1.0.16, host: fv-az297-666.nmf1rxwemy4u5di1sxxf4ejcwb.jx.internal.cloudapp.net, ports: [REPLICATION=41181, RATIS=35273, RATIS_ADMIN=35273, RATIS_SERVER=35273, STANDALONE=42751], networkLocation: /default-rack, certSerialId: null, persistedOpState: IN_SERVICE, persistedOpStateExpiryEpochSec: 0} reported CLOSED replica.
2021-08-14 14:05:25,135 [Datanode State Machine Thread - 0] WARN  statemachine.StateContext (StateContext.java:execute(621)) - No available thread in pool for past 0 seconds.
2021-08-14 14:05:25,135 [Datanode State Machine Thread - 0] WARN  statemachine.StateContext (StateContext.java:execute(621)) - No available thread in pool for past 0 seconds.
2021-08-14 14:05:25,141 [pool-467-thread-9] INFO  keyvalue.KeyValueContainer (KeyValueContainer.java:flushAndSyncDB(397)) - Container 12 is synced with bcsId 184.
2021-08-14 14:05:25,150 [pool-467-thread-9] INFO  keyvalue.KeyValueContainer (KeyValueContainer.java:flushAndSyncDB(397)) - Container 12 is synced with bcsId 184.
2021-08-14 14:05:25,150 [Datanode State Machine Thread - 0] WARN  statemachine.StateContext (StateContext.java:execute(621)) - No available thread in pool for past 0 seconds.
2021-08-14 14:05:25,137 [SCMBlockDeletingService#0] DEBUG block.SCMBlockDeletingService (SCMBlockDeletingService.java:call(133)) - Running DeletedBlockTransactionScanner
2021-08-14 14:05:25,136 [pool-466-thread-6] INFO  keyvalue.KeyValueContainer (KeyValueContainer.java:flushAndSyncDB(397)) - Container 12 is synced with bcsId 184.
2021-08-14 14:05:25,151 [pool-466-thread-6] INFO  keyvalue.KeyValueContainer (KeyValueContainer.java:flushAndSyncDB(397)) - Container 12 is synced with bcsId 184.
2021-08-14 14:05:25,151 [SCMBlockDeletingService#0] DEBUG block.SCMBlockDeletingService (DatanodeDeletedBlockTransactions.java:addTransactionToDN(50)) - Transaction added: e5d3e9d3-1367-47eb-ad7f-372895a70f55 <- TX(1)
2021-08-14 14:05:25,152 [SCMBlockDeletingService#0] DEBUG block.SCMBlockDeletingService (DatanodeDeletedBlockTransactions.java:addTransactionToDN(50)) - Transaction added: 41bdc6fc-f730-460f-b2d8-92157d986a72 <- TX(1)
2021-08-14 14:05:25,152 [SCMBlockDeletingService#0] DEBUG block.SCMBlockDeletingService (DatanodeDeletedBlockTransactions.java:addTransactionToDN(50)) - Transaction added: a3a688a0-b759-42a1-9d42-7ea63bf88025 <- TX(1)
2021-08-14 14:05:25,152 [SCMBlockDeletingService#0] DEBUG block.SCMBlockDeletingService (DatanodeDeletedBlockTransactions.java:addTransactionToDN(50)) - Transaction added: a3a688a0-b759-42a1-9d42-7ea63bf88025 <- TX(2)
2021-08-14 14:05:25,152 [SCMBlockDeletingService#0] DEBUG block.SCMBlockDeletingService (DatanodeDeletedBlockTransactions.java:addTransactionToDN(50)) - Transaction added: e5d3e9d3-1367-47eb-ad7f-372895a70f55 <- TX(2)
2021-08-14 14:05:25,152 [SCMBlockDeletingService#0] DEBUG block.SCMBlockDeletingService (DatanodeDeletedBlockTransactions.java:addTransactionToDN(50)) - Transaction added: 41bdc6fc-f730-460f-b2d8-92157d986a72 <- TX(2)
2021-08-14 14:05:25,152 [SCMBlockDeletingService#0] DEBUG block.SCMBlockDeletingService (DatanodeDeletedBlockTransactions.java:addTransactionToDN(50)) - Transaction added: e5d3e9d3-1367-47eb-ad7f-372895a70f55 <- TX(3)
2021-08-14 14:05:25,152 [SCMBlockDeletingService#0] DEBUG block.SCMBlockDeletingService (DatanodeDeletedBlockTransactions.java:addTransactionToDN(50)) - Transaction added: 41bdc6fc-f730-460f-b2d8-92157d986a72 <- TX(3)
2021-08-14 14:05:25,152 [SCMBlockDeletingService#0] DEBUG block.SCMBlockDeletingService (DatanodeDeletedBlockTransactions.java:addTransactionToDN(50)) - Transaction added: a3a688a0-b759-42a1-9d42-7ea63bf88025 <- TX(3)
2021-08-14 14:05:25,152 [SCMBlockDeletingService#0] DEBUG block.SCMBlockDeletingService (DatanodeDeletedBlockTransactions.java:addTransactionToDN(50)) - Transaction added: a3a688a0-b759-42a1-9d42-7ea63bf88025 <- TX(4)
2021-08-14 14:05:25,152 [SCMBlockDeletingService#0] DEBUG block.SCMBlockDeletingService (DatanodeDeletedBlockTransactions.java:addTransactionToDN(50)) - Transaction added: 41bdc6fc-f730-460f-b2d8-92157d986a72 <- TX(4)
2021-08-14 14:05:25,152 [SCMBlockDeletingService#0] DEBUG block.SCMBlockDeletingService (DatanodeDeletedBlockTransactions.java:addTransactionToDN(50)) - Transaction added: e5d3e9d3-1367-47eb-ad7f-372895a70f55 <- TX(4)
2021-08-14 14:05:25,152 [SCMBlockDeletingService#0] DEBUG block.SCMBlockDeletingService (DatanodeDeletedBlockTransactions.java:addTransactionToDN(50)) - Transaction added: a3a688a0-b759-42a1-9d42-7ea63bf88025 <- TX(5)
2021-08-14 14:05:25,152 [SCMBlockDeletingService#0] DEBUG block.SCMBlockDeletingService (DatanodeDeletedBlockTransactions.java:addTransactionToDN(50)) - Transaction added: e5d3e9d3-1367-47eb-ad7f-372895a70f55 <- TX(5)
2021-08-14 14:05:25,152 [SCMBlockDeletingService#0] DEBUG block.SCMBlockDeletingService (DatanodeDeletedBlockTransactions.java:addTransactionToDN(50)) - Transaction added: 41bdc6fc-f730-460f-b2d8-92157d986a72 <- TX(5)
2021-08-14 14:05:25,152 [SCMBlockDeletingService#0] DEBUG block.SCMBlockDeletingService (DatanodeDeletedBlockTransactions.java:addTransactionToDN(50)) - Transaction added: a3a688a0-b759-42a1-9d42-7ea63bf88025 <- TX(6)
2021-08-14 14:05:25,152 [SCMBlockDeletingService#0] DEBUG block.SCMBlockDeletingService (DatanodeDeletedBlockTransactions.java:addTransactionToDN(50)) - Transaction added: e5d3e9d3-1367-47eb-ad7f-372895a70f55 <- TX(6)
2021-08-14 14:05:25,152 [SCMBlockDeletingService#0] DEBUG block.SCMBlockDeletingService (DatanodeDeletedBlockTransactions.java:addTransactionToDN(50)) - Transaction added: 41bdc6fc-f730-460f-b2d8-92157d986a72 <- TX(6)
2021-08-14 14:05:25,152 [SCMBlockDeletingService#0] DEBUG block.SCMBlockDeletingService (DatanodeDeletedBlockTransactions.java:addTransactionToDN(50)) - Transaction added: a3a688a0-b759-42a1-9d42-7ea63bf88025 <- TX(7)
2021-08-14 14:05:25,152 [SCMBlockDeletingService#0] DEBUG block.SCMBlockDeletingService (DatanodeDeletedBlockTransactions.java:addTransactionToDN(50)) - Transaction added: e5d3e9d3-1367-47eb-ad7f-372895a70f55 <- TX(7)
2021-08-14 14:05:25,152 [SCMBlockDeletingService#0] DEBUG block.SCMBlockDeletingService (DatanodeDeletedBlockTransactions.java:addTransactionToDN(50)) - Transaction added: 41bdc6fc-f730-460f-b2d8-92157d986a72 <- TX(7)
2021-08-14 14:05:25,152 [SCMBlockDeletingService#0] DEBUG block.SCMBlockDeletingService (DatanodeDeletedBlockTransactions.java:addTransactionToDN(50)) - Transaction added: 41bdc6fc-f730-460f-b2d8-92157d986a72 <- TX(8)
2021-08-14 14:05:25,152 [SCMBlockDeletingService#0] DEBUG block.SCMBlockDeletingService (DatanodeDeletedBlockTransactions.java:addTransactionToDN(50)) - Transaction added: e5d3e9d3-1367-47eb-ad7f-372895a70f55 <- TX(8)
2021-08-14 14:05:25,152 [SCMBlockDeletingService#0] DEBUG block.SCMBlockDeletingService (DatanodeDeletedBlockTransactions.java:addTransactionToDN(50)) - Transaction added: a3a688a0-b759-42a1-9d42-7ea63bf88025 <- TX(8)
2021-08-14 14:05:25,152 [SCMBlockDeletingService#0] DEBUG block.SCMBlockDeletingService (DatanodeDeletedBlockTransactions.java:addTransactionToDN(50)) - Transaction added: a3a688a0-b759-42a1-9d42-7ea63bf88025 <- TX(9)
2021-08-14 14:05:25,152 [SCMBlockDeletingService#0] DEBUG block.SCMBlockDeletingService (DatanodeDeletedBlockTransactions.java:addTransactionToDN(50)) - Transaction added: e5d3e9d3-1367-47eb-ad7f-372895a70f55 <- TX(9)
2021-08-14 14:05:25,152 [SCMBlockDeletingService#0] DEBUG block.SCMBlockDeletingService (DatanodeDeletedBlockTransactions.java:addTransactionToDN(50)) - Transaction added: 41bdc6fc-f730-460f-b2d8-92157d986a72 <- TX(9)
2021-08-14 14:05:25,153 [SCMBlockDeletingService#0] DEBUG block.SCMBlockDeletingService (DatanodeDeletedBlockTransactions.java:addTransactionToDN(50)) - Transaction added: e5d3e9d3-1367-47eb-ad7f-372895a70f55 <- TX(10)
2021-08-14 14:05:25,153 [SCMBlockDeletingService#0] DEBUG block.SCMBlockDeletingService (DatanodeDeletedBlockTransactions.java:addTransactionToDN(50)) - Transaction added: 41bdc6fc-f730-460f-b2d8-92157d986a72 <- TX(10)
2021-08-14 14:05:25,153 [SCMBlockDeletingService#0] DEBUG block.SCMBlockDeletingService (DatanodeDeletedBlockTransactions.java:addTransactionToDN(50)) - Transaction added: a3a688a0-b759-42a1-9d42-7ea63bf88025 <- TX(10)
2021-08-14 14:05:25,153 [SCMBlockDeletingService#0] DEBUG block.SCMBlockDeletingService (DatanodeDeletedBlockTransactions.java:addTransactionToDN(50)) - Transaction added: a3a688a0-b759-42a1-9d42-7ea63bf88025 <- TX(11)
2021-08-14 14:05:25,153 [SCMBlockDeletingService#0] DEBUG block.SCMBlockDeletingService (DatanodeDeletedBlockTransactions.java:addTransactionToDN(50)) - Transaction added: e5d3e9d3-1367-47eb-ad7f-372895a70f55 <- TX(11)
2021-08-14 14:05:25,153 [SCMBlockDeletingService#0] DEBUG block.SCMBlockDeletingService (DatanodeDeletedBlockTransactions.java:addTransactionToDN(50)) - Transaction added: 41bdc6fc-f730-460f-b2d8-92157d986a72 <- TX(11)
2021-08-14 14:05:25,153 [SCMBlockDeletingService#0] DEBUG block.SCMBlockDeletingService (DatanodeDeletedBlockTransactions.java:addTransactionToDN(50)) - Transaction added: 41bdc6fc-f730-460f-b2d8-92157d986a72 <- TX(12)
2021-08-14 14:05:25,153 [SCMBlockDeletingService#0] DEBUG block.SCMBlockDeletingService (DatanodeDeletedBlockTransactions.java:addTransactionToDN(50)) - Transaction added: e5d3e9d3-1367-47eb-ad7f-372895a70f55 <- TX(12)
2021-08-14 14:05:25,153 [SCMBlockDeletingService#0] DEBUG block.SCMBlockDeletingService (DatanodeDeletedBlockTransactions.java:addTransactionToDN(50)) - Transaction added: a3a688a0-b759-42a1-9d42-7ea63bf88025 <- TX(12)
2021-08-14 14:05:25,153 [SCMBlockDeletingService#0] DEBUG block.SCMBlockDeletingService (SCMBlockDeletingService.java:call(164)) - Added delete block command for datanode a3a688a0-b759-42a1-9d42-7ea63bf88025 in the queue, number of delete block transactions: 12
2021-08-14 14:05:25,153 [SCMBlockDeletingService#0] DEBUG block.SCMBlockDeletingService (SCMBlockDeletingService.java:call(164)) - Added delete block command for datanode 41bdc6fc-f730-460f-b2d8-92157d986a72 in the queue, number of delete block transactions: 12
2021-08-14 14:05:25,153 [SCMBlockDeletingService#0] DEBUG block.SCMBlockDeletingService (SCMBlockDeletingService.java:call(164)) - Added delete block command for datanode e5d3e9d3-1367-47eb-ad7f-372895a70f55 in the queue, number of delete block transactions: 12
2021-08-14 14:05:25,153 [SCMBlockDeletingService#0] INFO  block.SCMBlockDeletingService (SCMBlockDeletingService.java:call(174)) - Totally added 36 blocks to be deleted for 3 datanodes, task elapsed time: 16ms
2021-08-14 14:05:25,155 [pool-465-thread-7] INFO  keyvalue.KeyValueContainer (KeyValueContainer.java:flushAndSyncDB(397)) - Container 13 is synced with bcsId 199.
2021-08-14 14:05:25,155 [pool-465-thread-7] INFO  keyvalue.KeyValueContainer (KeyValueContainer.java:flushAndSyncDB(397)) - Container 13 is synced with bcsId 199.
2021-08-14 14:05:25,156 [pool-467-thread-9] INFO  keyvalue.KeyValueContainer (KeyValueContainer.java:close(334)) - Container 12 is closed with bcsId 184.
2021-08-14 14:05:25,156 [pool-466-thread-6] INFO  keyvalue.KeyValueContainer (KeyValueContainer.java:close(334)) - Container 12 is closed with bcsId 184.
2021-08-14 14:05:25,159 [pool-465-thread-7] INFO  keyvalue.KeyValueContainer (KeyValueContainer.java:close(334)) - Container 13 is closed with bcsId 199.
2021-08-14 14:05:25,184 [Datanode State Machine Thread - 0] WARN  statemachine.StateContext (StateContext.java:execute(621)) - No available thread in pool for past 0 seconds.
2021-08-14 14:05:25,184 [Datanode State Machine Thread - 0] WARN  statemachine.StateContext (StateContext.java:execute(621)) - No available thread in pool for past 0 seconds.
2021-08-14 14:05:25,184 [pool-467-thread-6] INFO  keyvalue.KeyValueContainer (KeyValueContainer.java:flushAndSyncDB(397)) - Container 13 is synced with bcsId 199.
2021-08-14 14:05:25,185 [pool-467-thread-6] INFO  keyvalue.KeyValueContainer (KeyValueContainer.java:flushAndSyncDB(397)) - Container 13 is synced with bcsId 199.
2021-08-14 14:05:25,184 [Datanode State Machine Thread - 0] WARN  statemachine.StateContext (StateContext.java:execute(621)) - No available thread in pool for past 0 seconds.
2021-08-14 14:05:25,190 [pool-467-thread-6] INFO  keyvalue.KeyValueContainer (KeyValueContainer.java:close(334)) - Container 13 is closed with bcsId 199.
2021-08-14 14:05:25,192 [EventQueue-IncrementalContainerReportForIncrementalContainerReportHandler] INFO  container.IncrementalContainerReportHandler (AbstractContainerReportHandler.java:updateContainerState(223)) - Moving container #13 to CLOSED state, datanode a3a688a0-b759-42a1-9d42-7ea63bf88025{ip: 10.1.0.16, host: fv-az297-666.nmf1rxwemy4u5di1sxxf4ejcwb.jx.internal.cloudapp.net, ports: [REPLICATION=41181, RATIS=35273, RATIS_ADMIN=35273, RATIS_SERVER=35273, STANDALONE=42751], networkLocation: /default-rack, certSerialId: null, persistedOpState: IN_SERVICE, persistedOpStateExpiryEpochSec: 0} reported CLOSED replica.
2021-08-14 14:05:25,203 [Datanode State Machine Thread - 0] WARN  statemachine.StateContext (StateContext.java:execute(621)) - No available thread in pool for past 0 seconds.
2021-08-14 14:05:25,203 [Datanode State Machine Thread - 0] WARN  statemachine.StateContext (StateContext.java:execute(621)) - No available thread in pool for past 0 seconds.
2021-08-14 14:05:25,214 [pool-465-thread-5] INFO  keyvalue.KeyValueContainer (KeyValueContainer.java:flushAndSyncDB(397)) - Container 14 is synced with bcsId 214.
2021-08-14 14:05:25,231 [pool-465-thread-5] INFO  keyvalue.KeyValueContainer (KeyValueContainer.java:flushAndSyncDB(397)) - Container 14 is synced with bcsId 214.
2021-08-14 14:05:25,208 [Datanode State Machine Thread - 0] WARN  statemachine.StateContext (StateContext.java:execute(621)) - No available thread in pool for past 0 seconds.
2021-08-14 14:05:25,206 [Datanode State Machine Thread - 0] WARN  statemachine.StateContext (StateContext.java:execute(621)) - No available thread in pool for past 0 seconds.
2021-08-14 14:05:25,205 [pool-466-thread-10] INFO  keyvalue.KeyValueContainer (KeyValueContainer.java:flushAndSyncDB(397)) - Container 13 is synced with bcsId 199.
2021-08-14 14:05:25,232 [pool-466-thread-10] INFO  keyvalue.KeyValueContainer (KeyValueContainer.java:flushAndSyncDB(397)) - Container 13 is synced with bcsId 199.
2021-08-14 14:05:25,234 [pool-466-thread-10] INFO  keyvalue.KeyValueContainer (KeyValueContainer.java:close(334)) - Container 13 is closed with bcsId 199.
2021-08-14 14:05:25,234 [pool-465-thread-5] INFO  keyvalue.KeyValueContainer (KeyValueContainer.java:close(334)) - Container 14 is closed with bcsId 214.
2021-08-14 14:05:25,236 [EventQueue-IncrementalContainerReportForIncrementalContainerReportHandler] INFO  container.IncrementalContainerReportHandler (AbstractContainerReportHandler.java:updateContainerState(223)) - Moving container #14 to CLOSED state, datanode a3a688a0-b759-42a1-9d42-7ea63bf88025{ip: 10.1.0.16, host: fv-az297-666.nmf1rxwemy4u5di1sxxf4ejcwb.jx.internal.cloudapp.net, ports: [REPLICATION=41181, RATIS=35273, RATIS_ADMIN=35273, RATIS_SERVER=35273, STANDALONE=42751], networkLocation: /default-rack, certSerialId: null, persistedOpState: IN_SERVICE, persistedOpStateExpiryEpochSec: 0} reported CLOSED replica.
2021-08-14 14:05:25,237 [SCMBlockDeletingService#0] DEBUG block.SCMBlockDeletingService (SCMBlockDeletingService.java:call(133)) - Running DeletedBlockTransactionScanner
2021-08-14 14:05:25,237 [SCMBlockDeletingService#0] DEBUG block.SCMBlockDeletingService (DatanodeDeletedBlockTransactions.java:addTransactionToDN(50)) - Transaction added: e5d3e9d3-1367-47eb-ad7f-372895a70f55 <- TX(1)
2021-08-14 14:05:25,237 [SCMBlockDeletingService#0] DEBUG block.SCMBlockDeletingService (DatanodeDeletedBlockTransactions.java:addTransactionToDN(50)) - Transaction added: 41bdc6fc-f730-460f-b2d8-92157d986a72 <- TX(1)
2021-08-14 14:05:25,237 [SCMBlockDeletingService#0] DEBUG block.SCMBlockDeletingService (DatanodeDeletedBlockTransactions.java:addTransactionToDN(50)) - Transaction added: a3a688a0-b759-42a1-9d42-7ea63bf88025 <- TX(1)
2021-08-14 14:05:25,237 [SCMBlockDeletingService#0] DEBUG block.SCMBlockDeletingService (DatanodeDeletedBlockTransactions.java:addTransactionToDN(50)) - Transaction added: a3a688a0-b759-42a1-9d42-7ea63bf88025 <- TX(2)
2021-08-14 14:05:25,238 [SCMBlockDeletingService#0] DEBUG block.SCMBlockDeletingService (DatanodeDeletedBlockTransactions.java:addTransactionToDN(50)) - Transaction added: e5d3e9d3-1367-47eb-ad7f-372895a70f55 <- TX(2)
2021-08-14 14:05:25,238 [SCMBlockDeletingService#0] DEBUG block.SCMBlockDeletingService (DatanodeDeletedBlockTransactions.java:addTransactionToDN(50)) - Transaction added: 41bdc6fc-f730-460f-b2d8-92157d986a72 <- TX(2)
2021-08-14 14:05:25,238 [SCMBlockDeletingService#0] DEBUG block.SCMBlockDeletingService (DatanodeDeletedBlockTransactions.java:addTransactionToDN(50)) - Transaction added: e5d3e9d3-1367-47eb-ad7f-372895a70f55 <- TX(3)
2021-08-14 14:05:25,238 [SCMBlockDeletingService#0] DEBUG block.SCMBlockDeletingService (DatanodeDeletedBlockTransactions.java:addTransactionToDN(50)) - Transaction added: 41bdc6fc-f730-460f-b2d8-92157d986a72 <- TX(3)
2021-08-14 14:05:25,238 [SCMBlockDeletingService#0] DEBUG block.SCMBlockDeletingService (DatanodeDeletedBlockTransactions.java:addTransactionToDN(50)) - Transaction added: a3a688a0-b759-42a1-9d42-7ea63bf88025 <- TX(3)
2021-08-14 14:05:25,238 [SCMBlockDeletingService#0] DEBUG block.SCMBlockDeletingService (DatanodeDeletedBlockTransactions.java:addTransactionToDN(50)) - Transaction added: a3a688a0-b759-42a1-9d42-7ea63bf88025 <- TX(4)
2021-08-14 14:05:25,238 [SCMBlockDeletingService#0] DEBUG block.SCMBlockDeletingService (DatanodeDeletedBlockTransactions.java:addTransactionToDN(50)) - Transaction added: 41bdc6fc-f730-460f-b2d8-92157d986a72 <- TX(4)
2021-08-14 14:05:25,238 [SCMBlockDeletingService#0] DEBUG block.SCMBlockDeletingService (DatanodeDeletedBlockTransactions.java:addTransactionToDN(50)) - Transaction added: e5d3e9d3-1367-47eb-ad7f-372895a70f55 <- TX(4)
2021-08-14 14:05:25,238 [SCMBlockDeletingService#0] DEBUG block.SCMBlockDeletingService (DatanodeDeletedBlockTransactions.java:addTransactionToDN(50)) - Transaction added: a3a688a0-b759-42a1-9d42-7ea63bf88025 <- TX(5)
2021-08-14 14:05:25,238 [SCMBlockDeletingService#0] DEBUG block.SCMBlockDeletingService (DatanodeDeletedBlockTransactions.java:addTransactionToDN(50)) - Transaction added: e5d3e9d3-1367-47eb-ad7f-372895a70f55 <- TX(5)
2021-08-14 14:05:25,238 [SCMBlockDeletingService#0] DEBUG block.SCMBlockDeletingService (DatanodeDeletedBlockTransactions.java:addTransactionToDN(50)) - Transaction added: 41bdc6fc-f730-460f-b2d8-92157d986a72 <- TX(5)
2021-08-14 14:05:25,238 [SCMBlockDeletingService#0] DEBUG block.SCMBlockDeletingService (DatanodeDeletedBlockTransactions.java:addTransactionToDN(50)) - Transaction added: a3a688a0-b759-42a1-9d42-7ea63bf88025 <- TX(6)
2021-08-14 14:05:25,238 [SCMBlockDeletingService#0] DEBUG block.SCMBlockDeletingService (DatanodeDeletedBlockTransactions.java:addTransactionToDN(50)) - Transaction added: e5d3e9d3-1367-47eb-ad7f-372895a70f55 <- TX(6)
2021-08-14 14:05:25,238 [SCMBlockDeletingService#0] DEBUG block.SCMBlockDeletingService (DatanodeDeletedBlockTransactions.java:addTransactionToDN(50)) - Transaction added: 41bdc6fc-f730-460f-b2d8-92157d986a72 <- TX(6)
2021-08-14 14:05:25,238 [SCMBlockDeletingService#0] DEBUG block.SCMBlockDeletingService (DatanodeDeletedBlockTransactions.java:addTransactionToDN(50)) - Transaction added: a3a688a0-b759-42a1-9d42-7ea63bf88025 <- TX(7)
2021-08-14 14:05:25,238 [SCMBlockDeletingService#0] DEBUG block.SCMBlockDeletingService (DatanodeDeletedBlockTransactions.java:addTransactionToDN(50)) - Transaction added: e5d3e9d3-1367-47eb-ad7f-372895a70f55 <- TX(7)
2021-08-14 14:05:25,238 [SCMBlockDeletingService#0] DEBUG block.SCMBlockDeletingService (DatanodeDeletedBlockTransactions.java:addTransactionToDN(50)) - Transaction added: 41bdc6fc-f730-460f-b2d8-92157d986a72 <- TX(7)
2021-08-14 14:05:25,238 [SCMBlockDeletingService#0] DEBUG block.SCMBlockDeletingService (DatanodeDeletedBlockTransactions.java:addTransactionToDN(50)) - Transaction added: 41bdc6fc-f730-460f-b2d8-92157d986a72 <- TX(8)
2021-08-14 14:05:25,238 [SCMBlockDeletingService#0] DEBUG block.SCMBlockDeletingService (DatanodeDeletedBlockTransactions.java:addTransactionToDN(50)) - Transaction added: e5d3e9d3-1367-47eb-ad7f-372895a70f55 <- TX(8)
2021-08-14 14:05:25,238 [SCMBlockDeletingService#0] DEBUG block.SCMBlockDeletingService (DatanodeDeletedBlockTransactions.java:addTransactionToDN(50)) - Transaction added: a3a688a0-b759-42a1-9d42-7ea63bf88025 <- TX(8)
2021-08-14 14:05:25,238 [SCMBlockDeletingService#0] DEBUG block.SCMBlockDeletingService (DatanodeDeletedBlockTransactions.java:addTransactionToDN(50)) - Transaction added: a3a688a0-b759-42a1-9d42-7ea63bf88025 <- TX(9)
2021-08-14 14:05:25,238 [SCMBlockDeletingService#0] DEBUG block.SCMBlockDeletingService (DatanodeDeletedBlockTransactions.java:addTransactionToDN(50)) - Transaction added: e5d3e9d3-1367-47eb-ad7f-372895a70f55 <- TX(9)
2021-08-14 14:05:25,238 [SCMBlockDeletingService#0] DEBUG block.SCMBlockDeletingService (DatanodeDeletedBlockTransactions.java:addTransactionToDN(50)) - Transaction added: 41bdc6fc-f730-460f-b2d8-92157d986a72 <- TX(9)
2021-08-14 14:05:25,238 [SCMBlockDeletingService#0] DEBUG block.SCMBlockDeletingService (DatanodeDeletedBlockTransactions.java:addTransactionToDN(50)) - Transaction added: e5d3e9d3-1367-47eb-ad7f-372895a70f55 <- TX(10)
2021-08-14 14:05:25,238 [SCMBlockDeletingService#0] DEBUG block.SCMBlockDeletingService (DatanodeDeletedBlockTransactions.java:addTransactionToDN(50)) - Transaction added: 41bdc6fc-f730-460f-b2d8-92157d986a72 <- TX(10)
2021-08-14 14:05:25,238 [SCMBlockDeletingService#0] DEBUG block.SCMBlockDeletingService (DatanodeDeletedBlockTransactions.java:addTransactionToDN(50)) - Transaction added: a3a688a0-b759-42a1-9d42-7ea63bf88025 <- TX(10)
2021-08-14 14:05:25,238 [SCMBlockDeletingService#0] DEBUG block.SCMBlockDeletingService (DatanodeDeletedBlockTransactions.java:addTransactionToDN(50)) - Transaction added: a3a688a0-b759-42a1-9d42-7ea63bf88025 <- TX(11)
2021-08-14 14:05:25,239 [SCMBlockDeletingService#0] DEBUG block.SCMBlockDeletingService (DatanodeDeletedBlockTransactions.java:addTransactionToDN(50)) - Transaction added: e5d3e9d3-1367-47eb-ad7f-372895a70f55 <- TX(11)
2021-08-14 14:05:25,239 [SCMBlockDeletingService#0] DEBUG block.SCMBlockDeletingService (DatanodeDeletedBlockTransactions.java:addTransactionToDN(50)) - Transaction added: 41bdc6fc-f730-460f-b2d8-92157d986a72 <- TX(11)
2021-08-14 14:05:25,239 [SCMBlockDeletingService#0] DEBUG block.SCMBlockDeletingService (DatanodeDeletedBlockTransactions.java:addTransactionToDN(50)) - Transaction added: 41bdc6fc-f730-460f-b2d8-92157d986a72 <- TX(12)
2021-08-14 14:05:25,239 [SCMBlockDeletingService#0] DEBUG block.SCMBlockDeletingService (DatanodeDeletedBlockTransactions.java:addTransactionToDN(50)) - Transaction added: e5d3e9d3-1367-47eb-ad7f-372895a70f55 <- TX(12)
2021-08-14 14:05:25,239 [SCMBlockDeletingService#0] DEBUG block.SCMBlockDeletingService (DatanodeDeletedBlockTransactions.java:addTransactionToDN(50)) - Transaction added: a3a688a0-b759-42a1-9d42-7ea63bf88025 <- TX(12)
2021-08-14 14:05:25,239 [SCMBlockDeletingService#0] DEBUG block.SCMBlockDeletingService (DatanodeDeletedBlockTransactions.java:addTransactionToDN(50)) - Transaction added: a3a688a0-b759-42a1-9d42-7ea63bf88025 <- TX(13)
2021-08-14 14:05:25,239 [SCMBlockDeletingService#0] DEBUG block.SCMBlockDeletingService (DatanodeDeletedBlockTransactions.java:addTransactionToDN(50)) - Transaction added: 41bdc6fc-f730-460f-b2d8-92157d986a72 <- TX(13)
2021-08-14 14:05:25,239 [SCMBlockDeletingService#0] DEBUG block.SCMBlockDeletingService (DatanodeDeletedBlockTransactions.java:addTransactionToDN(50)) - Transaction added: e5d3e9d3-1367-47eb-ad7f-372895a70f55 <- TX(13)
2021-08-14 14:05:25,239 [SCMBlockDeletingService#0] DEBUG block.SCMBlockDeletingService (DatanodeDeletedBlockTransactions.java:addTransactionToDN(50)) - Transaction added: a3a688a0-b759-42a1-9d42-7ea63bf88025 <- TX(14)
2021-08-14 14:05:25,239 [SCMBlockDeletingService#0] DEBUG block.SCMBlockDeletingService (DatanodeDeletedBlockTransactions.java:addTransactionToDN(50)) - Transaction added: e5d3e9d3-1367-47eb-ad7f-372895a70f55 <- TX(14)
2021-08-14 14:05:25,239 [SCMBlockDeletingService#0] DEBUG block.SCMBlockDeletingService (DatanodeDeletedBlockTransactions.java:addTransactionToDN(50)) - Transaction added: 41bdc6fc-f730-460f-b2d8-92157d986a72 <- TX(14)
2021-08-14 14:05:25,239 [SCMBlockDeletingService#0] DEBUG block.SCMBlockDeletingService (SCMBlockDeletingService.java:call(164)) - Added delete block command for datanode a3a688a0-b759-42a1-9d42-7ea63bf88025 in the queue, number of delete block transactions: 14
2021-08-14 14:05:25,239 [SCMBlockDeletingService#0] DEBUG block.SCMBlockDeletingService (SCMBlockDeletingService.java:call(164)) - Added delete block command for datanode 41bdc6fc-f730-460f-b2d8-92157d986a72 in the queue, number of delete block transactions: 14
2021-08-14 14:05:25,239 [SCMBlockDeletingService#0] DEBUG block.SCMBlockDeletingService (SCMBlockDeletingService.java:call(164)) - Added delete block command for datanode e5d3e9d3-1367-47eb-ad7f-372895a70f55 in the queue, number of delete block transactions: 14
2021-08-14 14:05:25,239 [SCMBlockDeletingService#0] INFO  block.SCMBlockDeletingService (SCMBlockDeletingService.java:call(174)) - Totally added 42 blocks to be deleted for 3 datanodes, task elapsed time: 2ms
2021-08-14 14:05:25,237 [Datanode State Machine Thread - 0] WARN  statemachine.StateContext (StateContext.java:execute(621)) - No available thread in pool for past 0 seconds.
2021-08-14 14:05:25,293 [pool-465-thread-2] INFO  keyvalue.KeyValueContainer (KeyValueContainer.java:flushAndSyncDB(397)) - Container 15 is synced with bcsId 227.
2021-08-14 14:05:25,262 [pool-467-thread-1] INFO  keyvalue.KeyValueContainer (KeyValueContainer.java:flushAndSyncDB(397)) - Container 14 is synced with bcsId 214.
2021-08-14 14:05:25,310 [pool-465-thread-2] INFO  keyvalue.KeyValueContainer (KeyValueContainer.java:flushAndSyncDB(397)) - Container 15 is synced with bcsId 227.
2021-08-14 14:05:25,310 [pool-467-thread-1] INFO  keyvalue.KeyValueContainer (KeyValueContainer.java:flushAndSyncDB(397)) - Container 14 is synced with bcsId 214.
2021-08-14 14:05:25,313 [pool-465-thread-2] INFO  keyvalue.KeyValueContainer (KeyValueContainer.java:close(334)) - Container 15 is closed with bcsId 227.
2021-08-14 14:05:25,313 [Datanode State Machine Thread - 0] WARN  statemachine.StateContext (StateContext.java:execute(621)) - No available thread in pool for past 0 seconds.
2021-08-14 14:05:25,313 [pool-467-thread-1] INFO  keyvalue.KeyValueContainer (KeyValueContainer.java:close(334)) - Container 14 is closed with bcsId 214.
2021-08-14 14:05:25,314 [Datanode State Machine Thread - 0] WARN  statemachine.StateContext (StateContext.java:execute(621)) - No available thread in pool for past 0 seconds.
2021-08-14 14:05:25,314 [EventQueue-IncrementalContainerReportForIncrementalContainerReportHandler] INFO  container.IncrementalContainerReportHandler (AbstractContainerReportHandler.java:updateContainerState(223)) - Moving container #15 to CLOSED state, datanode a3a688a0-b759-42a1-9d42-7ea63bf88025{ip: 10.1.0.16, host: fv-az297-666.nmf1rxwemy4u5di1sxxf4ejcwb.jx.internal.cloudapp.net, ports: [REPLICATION=41181, RATIS=35273, RATIS_ADMIN=35273, RATIS_SERVER=35273, STANDALONE=42751], networkLocation: /default-rack, certSerialId: null, persistedOpState: IN_SERVICE, persistedOpStateExpiryEpochSec: 0} reported CLOSED replica.
2021-08-14 14:05:25,337 [SCMBlockDeletingService#0] DEBUG block.SCMBlockDeletingService (SCMBlockDeletingService.java:call(133)) - Running DeletedBlockTransactionScanner
2021-08-14 14:05:25,337 [SCMBlockDeletingService#0] DEBUG block.SCMBlockDeletingService (DatanodeDeletedBlockTransactions.java:addTransactionToDN(50)) - Transaction added: e5d3e9d3-1367-47eb-ad7f-372895a70f55 <- TX(1)
2021-08-14 14:05:25,337 [SCMBlockDeletingService#0] DEBUG block.SCMBlockDeletingService (DatanodeDeletedBlockTransactions.java:addTransactionToDN(50)) - Transaction added: 41bdc6fc-f730-460f-b2d8-92157d986a72 <- TX(1)
2021-08-14 14:05:25,337 [SCMBlockDeletingService#0] DEBUG block.SCMBlockDeletingService (DatanodeDeletedBlockTransactions.java:addTransactionToDN(50)) - Transaction added: a3a688a0-b759-42a1-9d42-7ea63bf88025 <- TX(1)
2021-08-14 14:05:25,338 [SCMBlockDeletingService#0] DEBUG block.SCMBlockDeletingService (DatanodeDeletedBlockTransactions.java:addTransactionToDN(50)) - Transaction added: a3a688a0-b759-42a1-9d42-7ea63bf88025 <- TX(2)
2021-08-14 14:05:25,338 [SCMBlockDeletingService#0] DEBUG block.SCMBlockDeletingService (DatanodeDeletedBlockTransactions.java:addTransactionToDN(50)) - Transaction added: e5d3e9d3-1367-47eb-ad7f-372895a70f55 <- TX(2)
2021-08-14 14:05:25,338 [SCMBlockDeletingService#0] DEBUG block.SCMBlockDeletingService (DatanodeDeletedBlockTransactions.java:addTransactionToDN(50)) - Transaction added: 41bdc6fc-f730-460f-b2d8-92157d986a72 <- TX(2)
2021-08-14 14:05:25,338 [SCMBlockDeletingService#0] DEBUG block.SCMBlockDeletingService (DatanodeDeletedBlockTransactions.java:addTransactionToDN(50)) - Transaction added: e5d3e9d3-1367-47eb-ad7f-372895a70f55 <- TX(3)
2021-08-14 14:05:25,338 [SCMBlockDeletingService#0] DEBUG block.SCMBlockDeletingService (DatanodeDeletedBlockTransactions.java:addTransactionToDN(50)) - Transaction added: 41bdc6fc-f730-460f-b2d8-92157d986a72 <- TX(3)
2021-08-14 14:05:25,338 [SCMBlockDeletingService#0] DEBUG block.SCMBlockDeletingService (DatanodeDeletedBlockTransactions.java:addTransactionToDN(50)) - Transaction added: a3a688a0-b759-42a1-9d42-7ea63bf88025 <- TX(3)
2021-08-14 14:05:25,338 [SCMBlockDeletingService#0] DEBUG block.SCMBlockDeletingService (DatanodeDeletedBlockTransactions.java:addTransactionToDN(50)) - Transaction added: a3a688a0-b759-42a1-9d42-7ea63bf88025 <- TX(4)
2021-08-14 14:05:25,338 [SCMBlockDeletingService#0] DEBUG block.SCMBlockDeletingService (DatanodeDeletedBlockTransactions.java:addTransactionToDN(50)) - Transaction added: 41bdc6fc-f730-460f-b2d8-92157d986a72 <- TX(4)
2021-08-14 14:05:25,338 [SCMBlockDeletingService#0] DEBUG block.SCMBlockDeletingService (DatanodeDeletedBlockTransactions.java:addTransactionToDN(50)) - Transaction added: e5d3e9d3-1367-47eb-ad7f-372895a70f55 <- TX(4)
2021-08-14 14:05:25,338 [SCMBlockDeletingService#0] DEBUG block.SCMBlockDeletingService (DatanodeDeletedBlockTransactions.java:addTransactionToDN(50)) - Transaction added: a3a688a0-b759-42a1-9d42-7ea63bf88025 <- TX(5)
2021-08-14 14:05:25,338 [SCMBlockDeletingService#0] DEBUG block.SCMBlockDeletingService (DatanodeDeletedBlockTransactions.java:addTransactionToDN(50)) - Transaction added: e5d3e9d3-1367-47eb-ad7f-372895a70f55 <- TX(5)
2021-08-14 14:05:25,338 [SCMBlockDeletingService#0] DEBUG block.SCMBlockDeletingService (DatanodeDeletedBlockTransactions.java:addTransactionToDN(50)) - Transaction added: 41bdc6fc-f730-460f-b2d8-92157d986a72 <- TX(5)
2021-08-14 14:05:25,338 [SCMBlockDeletingService#0] DEBUG block.SCMBlockDeletingService (DatanodeDeletedBlockTransactions.java:addTransactionToDN(50)) - Transaction added: a3a688a0-b759-42a1-9d42-7ea63bf88025 <- TX(6)
2021-08-14 14:05:25,338 [SCMBlockDeletingService#0] DEBUG block.SCMBlockDeletingService (DatanodeDeletedBlockTransactions.java:addTransactionToDN(50)) - Transaction added: e5d3e9d3-1367-47eb-ad7f-372895a70f55 <- TX(6)
2021-08-14 14:05:25,338 [SCMBlockDeletingService#0] DEBUG block.SCMBlockDeletingService (DatanodeDeletedBlockTransactions.java:addTransactionToDN(50)) - Transaction added: 41bdc6fc-f730-460f-b2d8-92157d986a72 <- TX(6)
2021-08-14 14:05:25,338 [SCMBlockDeletingService#0] DEBUG block.SCMBlockDeletingService (DatanodeDeletedBlockTransactions.java:addTransactionToDN(50)) - Transaction added: a3a688a0-b759-42a1-9d42-7ea63bf88025 <- TX(7)
2021-08-14 14:05:25,338 [SCMBlockDeletingService#0] DEBUG block.SCMBlockDeletingService (DatanodeDeletedBlockTransactions.java:addTransactionToDN(50)) - Transaction added: e5d3e9d3-1367-47eb-ad7f-372895a70f55 <- TX(7)
2021-08-14 14:05:25,338 [SCMBlockDeletingService#0] DEBUG block.SCMBlockDeletingService (DatanodeDeletedBlockTransactions.java:addTransactionToDN(50)) - Transaction added: 41bdc6fc-f730-460f-b2d8-92157d986a72 <- TX(7)
2021-08-14 14:05:25,338 [SCMBlockDeletingService#0] DEBUG block.SCMBlockDeletingService (DatanodeDeletedBlockTransactions.java:addTransactionToDN(50)) - Transaction added: 41bdc6fc-f730-460f-b2d8-92157d986a72 <- TX(8)
2021-08-14 14:05:25,338 [SCMBlockDeletingService#0] DEBUG block.SCMBlockDeletingService (DatanodeDeletedBlockTransactions.java:addTransactionToDN(50)) - Transaction added: e5d3e9d3-1367-47eb-ad7f-372895a70f55 <- TX(8)
2021-08-14 14:05:25,338 [SCMBlockDeletingService#0] DEBUG block.SCMBlockDeletingService (DatanodeDeletedBlockTransactions.java:addTransactionToDN(50)) - Transaction added: a3a688a0-b759-42a1-9d42-7ea63bf88025 <- TX(8)
2021-08-14 14:05:25,338 [SCMBlockDeletingService#0] DEBUG block.SCMBlockDeletingService (DatanodeDeletedBlockTransactions.java:addTransactionToDN(50)) - Transaction added: a3a688a0-b759-42a1-9d42-7ea63bf88025 <- TX(9)
2021-08-14 14:05:25,338 [SCMBlockDeletingService#0] DEBUG block.SCMBlockDeletingService (DatanodeDeletedBlockTransactions.java:addTransactionToDN(50)) - Transaction added: e5d3e9d3-1367-47eb-ad7f-372895a70f55 <- TX(9)
2021-08-14 14:05:25,338 [SCMBlockDeletingService#0] DEBUG block.SCMBlockDeletingService (DatanodeDeletedBlockTransactions.java:addTransactionToDN(50)) - Transaction added: 41bdc6fc-f730-460f-b2d8-92157d986a72 <- TX(9)
2021-08-14 14:05:25,338 [SCMBlockDeletingService#0] DEBUG block.SCMBlockDeletingService (DatanodeDeletedBlockTransactions.java:addTransactionToDN(50)) - Transaction added: e5d3e9d3-1367-47eb-ad7f-372895a70f55 <- TX(10)
2021-08-14 14:05:25,338 [SCMBlockDeletingService#0] DEBUG block.SCMBlockDeletingService (DatanodeDeletedBlockTransactions.java:addTransactionToDN(50)) - Transaction added: 41bdc6fc-f730-460f-b2d8-92157d986a72 <- TX(10)
2021-08-14 14:05:25,338 [SCMBlockDeletingService#0] DEBUG block.SCMBlockDeletingService (DatanodeDeletedBlockTransactions.java:addTransactionToDN(50)) - Transaction added: a3a688a0-b759-42a1-9d42-7ea63bf88025 <- TX(10)
2021-08-14 14:05:25,338 [SCMBlockDeletingService#0] DEBUG block.SCMBlockDeletingService (DatanodeDeletedBlockTransactions.java:addTransactionToDN(50)) - Transaction added: a3a688a0-b759-42a1-9d42-7ea63bf88025 <- TX(11)
2021-08-14 14:05:25,338 [SCMBlockDeletingService#0] DEBUG block.SCMBlockDeletingService (DatanodeDeletedBlockTransactions.java:addTransactionToDN(50)) - Transaction added: e5d3e9d3-1367-47eb-ad7f-372895a70f55 <- TX(11)
2021-08-14 14:05:25,339 [SCMBlockDeletingService#0] DEBUG block.SCMBlockDeletingService (DatanodeDeletedBlockTransactions.java:addTransactionToDN(50)) - Transaction added: 41bdc6fc-f730-460f-b2d8-92157d986a72 <- TX(11)
2021-08-14 14:05:25,339 [SCMBlockDeletingService#0] DEBUG block.SCMBlockDeletingService (DatanodeDeletedBlockTransactions.java:addTransactionToDN(50)) - Transaction added: 41bdc6fc-f730-460f-b2d8-92157d986a72 <- TX(12)
2021-08-14 14:05:25,339 [SCMBlockDeletingService#0] DEBUG block.SCMBlockDeletingService (DatanodeDeletedBlockTransactions.java:addTransactionToDN(50)) - Transaction added: e5d3e9d3-1367-47eb-ad7f-372895a70f55 <- TX(12)
2021-08-14 14:05:25,339 [SCMBlockDeletingService#0] DEBUG block.SCMBlockDeletingService (DatanodeDeletedBlockTransactions.java:addTransactionToDN(50)) - Transaction added: a3a688a0-b759-42a1-9d42-7ea63bf88025 <- TX(12)
2021-08-14 14:05:25,339 [SCMBlockDeletingService#0] DEBUG block.SCMBlockDeletingService (DatanodeDeletedBlockTransactions.java:addTransactionToDN(50)) - Transaction added: a3a688a0-b759-42a1-9d42-7ea63bf88025 <- TX(13)
2021-08-14 14:05:25,339 [SCMBlockDeletingService#0] DEBUG block.SCMBlockDeletingService (DatanodeDeletedBlockTransactions.java:addTransactionToDN(50)) - Transaction added: e5d3e9d3-1367-47eb-ad7f-372895a70f55 <- TX(13)
2021-08-14 14:05:25,339 [SCMBlockDeletingService#0] DEBUG block.SCMBlockDeletingService (DatanodeDeletedBlockTransactions.java:addTransactionToDN(50)) - Transaction added: 41bdc6fc-f730-460f-b2d8-92157d986a72 <- TX(13)
2021-08-14 14:05:25,339 [SCMBlockDeletingService#0] DEBUG block.SCMBlockDeletingService (DatanodeDeletedBlockTransactions.java:addTransactionToDN(50)) - Transaction added: a3a688a0-b759-42a1-9d42-7ea63bf88025 <- TX(14)
2021-08-14 14:05:25,339 [SCMBlockDeletingService#0] DEBUG block.SCMBlockDeletingService (DatanodeDeletedBlockTransactions.java:addTransactionToDN(50)) - Transaction added: e5d3e9d3-1367-47eb-ad7f-372895a70f55 <- TX(14)
2021-08-14 14:05:25,339 [SCMBlockDeletingService#0] DEBUG block.SCMBlockDeletingService (DatanodeDeletedBlockTransactions.java:addTransactionToDN(50)) - Transaction added: 41bdc6fc-f730-460f-b2d8-92157d986a72 <- TX(14)
2021-08-14 14:05:25,339 [SCMBlockDeletingService#0] DEBUG block.SCMBlockDeletingService (DatanodeDeletedBlockTransactions.java:addTransactionToDN(50)) - Transaction added: 41bdc6fc-f730-460f-b2d8-92157d986a72 <- TX(15)
2021-08-14 14:05:25,339 [SCMBlockDeletingService#0] DEBUG block.SCMBlockDeletingService (DatanodeDeletedBlockTransactions.java:addTransactionToDN(50)) - Transaction added: a3a688a0-b759-42a1-9d42-7ea63bf88025 <- TX(15)
2021-08-14 14:05:25,339 [SCMBlockDeletingService#0] DEBUG block.SCMBlockDeletingService (DatanodeDeletedBlockTransactions.java:addTransactionToDN(50)) - Transaction added: e5d3e9d3-1367-47eb-ad7f-372895a70f55 <- TX(15)
2021-08-14 14:05:25,339 [SCMBlockDeletingService#0] DEBUG block.SCMBlockDeletingService (SCMBlockDeletingService.java:call(164)) - Added delete block command for datanode a3a688a0-b759-42a1-9d42-7ea63bf88025 in the queue, number of delete block transactions: 15
2021-08-14 14:05:25,339 [SCMBlockDeletingService#0] DEBUG block.SCMBlockDeletingService (SCMBlockDeletingService.java:call(164)) - Added delete block command for datanode 41bdc6fc-f730-460f-b2d8-92157d986a72 in the queue, number of delete block transactions: 15
2021-08-14 14:05:25,339 [SCMBlockDeletingService#0] DEBUG block.SCMBlockDeletingService (SCMBlockDeletingService.java:call(164)) - Added delete block command for datanode e5d3e9d3-1367-47eb-ad7f-372895a70f55 in the queue, number of delete block transactions: 15
2021-08-14 14:05:25,339 [SCMBlockDeletingService#0] INFO  block.SCMBlockDeletingService (SCMBlockDeletingService.java:call(174)) - Totally added 45 blocks to be deleted for 3 datanodes, task elapsed time: 2ms
2021-08-14 14:05:25,340 [pool-467-thread-7] INFO  keyvalue.KeyValueContainer (KeyValueContainer.java:flushAndSyncDB(397)) - Container 15 is synced with bcsId 227.
2021-08-14 14:05:25,369 [pool-467-thread-7] INFO  keyvalue.KeyValueContainer (KeyValueContainer.java:flushAndSyncDB(397)) - Container 15 is synced with bcsId 227.
2021-08-14 14:05:25,360 [pool-465-thread-9] INFO  keyvalue.KeyValueContainer (KeyValueContainer.java:flushAndSyncDB(397)) - Container 16 is synced with bcsId 242.
2021-08-14 14:05:25,370 [pool-465-thread-9] INFO  keyvalue.KeyValueContainer (KeyValueContainer.java:flushAndSyncDB(397)) - Container 16 is synced with bcsId 242.
2021-08-14 14:05:25,356 [pool-466-thread-7] INFO  keyvalue.KeyValueContainer (KeyValueContainer.java:flushAndSyncDB(397)) - Container 15 is synced with bcsId 227.
2021-08-14 14:05:25,370 [pool-466-thread-7] INFO  keyvalue.KeyValueContainer (KeyValueContainer.java:flushAndSyncDB(397)) - Container 15 is synced with bcsId 227.
2021-08-14 14:05:25,341 [pool-466-thread-9] INFO  keyvalue.KeyValueContainer (KeyValueContainer.java:flushAndSyncDB(397)) - Container 14 is synced with bcsId 214.
2021-08-14 14:05:25,371 [pool-466-thread-9] INFO  keyvalue.KeyValueContainer (KeyValueContainer.java:flushAndSyncDB(397)) - Container 14 is synced with bcsId 214.
2021-08-14 14:05:25,372 [pool-465-thread-9] INFO  keyvalue.KeyValueContainer (KeyValueContainer.java:close(334)) - Container 16 is closed with bcsId 242.
2021-08-14 14:05:25,372 [Datanode State Machine Thread - 0] WARN  statemachine.StateContext (StateContext.java:execute(621)) - No available thread in pool for past 0 seconds.
2021-08-14 14:05:25,373 [EventQueue-IncrementalContainerReportForIncrementalContainerReportHandler] INFO  container.IncrementalContainerReportHandler (AbstractContainerReportHandler.java:updateContainerState(223)) - Moving container #16 to CLOSED state, datanode a3a688a0-b759-42a1-9d42-7ea63bf88025{ip: 10.1.0.16, host: fv-az297-666.nmf1rxwemy4u5di1sxxf4ejcwb.jx.internal.cloudapp.net, ports: [REPLICATION=41181, RATIS=35273, RATIS_ADMIN=35273, RATIS_SERVER=35273, STANDALONE=42751], networkLocation: /default-rack, certSerialId: null, persistedOpState: IN_SERVICE, persistedOpStateExpiryEpochSec: 0} reported CLOSED replica.
2021-08-14 14:05:25,374 [pool-467-thread-7] INFO  keyvalue.KeyValueContainer (KeyValueContainer.java:close(334)) - Container 15 is closed with bcsId 227.
2021-08-14 14:05:25,376 [pool-466-thread-7] INFO  keyvalue.KeyValueContainer (KeyValueContainer.java:close(334)) - Container 15 is closed with bcsId 227.
2021-08-14 14:05:25,376 [pool-466-thread-9] INFO  keyvalue.KeyValueContainer (KeyValueContainer.java:close(334)) - Container 14 is closed with bcsId 214.
2021-08-14 14:05:25,381 [Datanode State Machine Thread - 0] WARN  statemachine.StateContext (StateContext.java:execute(621)) - No available thread in pool for past 0 seconds.
2021-08-14 14:05:25,382 [Datanode State Machine Thread - 0] WARN  statemachine.StateContext (StateContext.java:execute(621)) - No available thread in pool for past 0 seconds.
2021-08-14 14:05:25,402 [pool-466-thread-8] INFO  keyvalue.KeyValueContainer (KeyValueContainer.java:flushAndSyncDB(397)) - Container 16 is synced with bcsId 242.
2021-08-14 14:05:25,402 [pool-466-thread-8] INFO  keyvalue.KeyValueContainer (KeyValueContainer.java:flushAndSyncDB(397)) - Container 16 is synced with bcsId 242.
2021-08-14 14:05:25,404 [pool-466-thread-8] INFO  keyvalue.KeyValueContainer (KeyValueContainer.java:close(334)) - Container 16 is closed with bcsId 242.
2021-08-14 14:05:25,405 [pool-467-thread-8] INFO  keyvalue.KeyValueContainer (KeyValueContainer.java:flushAndSyncDB(397)) - Container 16 is synced with bcsId 242.
2021-08-14 14:05:25,405 [pool-467-thread-8] INFO  keyvalue.KeyValueContainer (KeyValueContainer.java:flushAndSyncDB(397)) - Container 16 is synced with bcsId 242.
2021-08-14 14:05:25,410 [pool-467-thread-8] INFO  keyvalue.KeyValueContainer (KeyValueContainer.java:close(334)) - Container 16 is closed with bcsId 242.
2021-08-14 14:05:25,437 [SCMBlockDeletingService#0] DEBUG block.SCMBlockDeletingService (SCMBlockDeletingService.java:call(133)) - Running DeletedBlockTransactionScanner
2021-08-14 14:05:25,437 [SCMBlockDeletingService#0] DEBUG block.SCMBlockDeletingService (DatanodeDeletedBlockTransactions.java:addTransactionToDN(50)) - Transaction added: 41bdc6fc-f730-460f-b2d8-92157d986a72 <- TX(1)
2021-08-14 14:05:25,438 [SCMBlockDeletingService#0] DEBUG block.SCMBlockDeletingService (DatanodeDeletedBlockTransactions.java:addTransactionToDN(50)) - Transaction added: e5d3e9d3-1367-47eb-ad7f-372895a70f55 <- TX(1)
2021-08-14 14:05:25,438 [SCMBlockDeletingService#0] DEBUG block.SCMBlockDeletingService (DatanodeDeletedBlockTransactions.java:addTransactionToDN(50)) - Transaction added: a3a688a0-b759-42a1-9d42-7ea63bf88025 <- TX(1)
2021-08-14 14:05:25,438 [SCMBlockDeletingService#0] DEBUG block.SCMBlockDeletingService (DatanodeDeletedBlockTransactions.java:addTransactionToDN(50)) - Transaction added: a3a688a0-b759-42a1-9d42-7ea63bf88025 <- TX(2)
2021-08-14 14:05:25,438 [SCMBlockDeletingService#0] DEBUG block.SCMBlockDeletingService (DatanodeDeletedBlockTransactions.java:addTransactionToDN(50)) - Transaction added: e5d3e9d3-1367-47eb-ad7f-372895a70f55 <- TX(2)
2021-08-14 14:05:25,438 [SCMBlockDeletingService#0] DEBUG block.SCMBlockDeletingService (DatanodeDeletedBlockTransactions.java:addTransactionToDN(50)) - Transaction added: 41bdc6fc-f730-460f-b2d8-92157d986a72 <- TX(2)
2021-08-14 14:05:25,438 [SCMBlockDeletingService#0] DEBUG block.SCMBlockDeletingService (DatanodeDeletedBlockTransactions.java:addTransactionToDN(50)) - Transaction added: e5d3e9d3-1367-47eb-ad7f-372895a70f55 <- TX(3)
2021-08-14 14:05:25,438 [SCMBlockDeletingService#0] DEBUG block.SCMBlockDeletingService (DatanodeDeletedBlockTransactions.java:addTransactionToDN(50)) - Transaction added: 41bdc6fc-f730-460f-b2d8-92157d986a72 <- TX(3)
2021-08-14 14:05:25,438 [SCMBlockDeletingService#0] DEBUG block.SCMBlockDeletingService (DatanodeDeletedBlockTransactions.java:addTransactionToDN(50)) - Transaction added: a3a688a0-b759-42a1-9d42-7ea63bf88025 <- TX(3)
2021-08-14 14:05:25,438 [SCMBlockDeletingService#0] DEBUG block.SCMBlockDeletingService (DatanodeDeletedBlockTransactions.java:addTransactionToDN(50)) - Transaction added: a3a688a0-b759-42a1-9d42-7ea63bf88025 <- TX(4)
2021-08-14 14:05:25,438 [SCMBlockDeletingService#0] DEBUG block.SCMBlockDeletingService (DatanodeDeletedBlockTransactions.java:addTransactionToDN(50)) - Transaction added: 41bdc6fc-f730-460f-b2d8-92157d986a72 <- TX(4)
2021-08-14 14:05:25,438 [SCMBlockDeletingService#0] DEBUG block.SCMBlockDeletingService (DatanodeDeletedBlockTransactions.java:addTransactionToDN(50)) - Transaction added: e5d3e9d3-1367-47eb-ad7f-372895a70f55 <- TX(4)
2021-08-14 14:05:25,438 [SCMBlockDeletingService#0] DEBUG block.SCMBlockDeletingService (DatanodeDeletedBlockTransactions.java:addTransactionToDN(50)) - Transaction added: a3a688a0-b759-42a1-9d42-7ea63bf88025 <- TX(5)
2021-08-14 14:05:25,438 [SCMBlockDeletingService#0] DEBUG block.SCMBlockDeletingService (DatanodeDeletedBlockTransactions.java:addTransactionToDN(50)) - Transaction added: 41bdc6fc-f730-460f-b2d8-92157d986a72 <- TX(5)
2021-08-14 14:05:25,438 [SCMBlockDeletingService#0] DEBUG block.SCMBlockDeletingService (DatanodeDeletedBlockTransactions.java:addTransactionToDN(50)) - Transaction added: e5d3e9d3-1367-47eb-ad7f-372895a70f55 <- TX(5)
2021-08-14 14:05:25,438 [SCMBlockDeletingService#0] DEBUG block.SCMBlockDeletingService (DatanodeDeletedBlockTransactions.java:addTransactionToDN(50)) - Transaction added: a3a688a0-b759-42a1-9d42-7ea63bf88025 <- TX(6)
2021-08-14 14:05:25,438 [SCMBlockDeletingService#0] DEBUG block.SCMBlockDeletingService (DatanodeDeletedBlockTransactions.java:addTransactionToDN(50)) - Transaction added: e5d3e9d3-1367-47eb-ad7f-372895a70f55 <- TX(6)
2021-08-14 14:05:25,438 [SCMBlockDeletingService#0] DEBUG block.SCMBlockDeletingService (DatanodeDeletedBlockTransactions.java:addTransactionToDN(50)) - Transaction added: 41bdc6fc-f730-460f-b2d8-92157d986a72 <- TX(6)
2021-08-14 14:05:25,438 [SCMBlockDeletingService#0] DEBUG block.SCMBlockDeletingService (DatanodeDeletedBlockTransactions.java:addTransactionToDN(50)) - Transaction added: a3a688a0-b759-42a1-9d42-7ea63bf88025 <- TX(7)
2021-08-14 14:05:25,438 [SCMBlockDeletingService#0] DEBUG block.SCMBlockDeletingService (DatanodeDeletedBlockTransactions.java:addTransactionToDN(50)) - Transaction added: e5d3e9d3-1367-47eb-ad7f-372895a70f55 <- TX(7)
2021-08-14 14:05:25,438 [SCMBlockDeletingService#0] DEBUG block.SCMBlockDeletingService (DatanodeDeletedBlockTransactions.java:addTransactionToDN(50)) - Transaction added: 41bdc6fc-f730-460f-b2d8-92157d986a72 <- TX(7)
2021-08-14 14:05:25,438 [SCMBlockDeletingService#0] DEBUG block.SCMBlockDeletingService (DatanodeDeletedBlockTransactions.java:addTransactionToDN(50)) - Transaction added: 41bdc6fc-f730-460f-b2d8-92157d986a72 <- TX(8)
2021-08-14 14:05:25,438 [SCMBlockDeletingService#0] DEBUG block.SCMBlockDeletingService (DatanodeDeletedBlockTransactions.java:addTransactionToDN(50)) - Transaction added: e5d3e9d3-1367-47eb-ad7f-372895a70f55 <- TX(8)
2021-08-14 14:05:25,438 [SCMBlockDeletingService#0] DEBUG block.SCMBlockDeletingService (DatanodeDeletedBlockTransactions.java:addTransactionToDN(50)) - Transaction added: a3a688a0-b759-42a1-9d42-7ea63bf88025 <- TX(8)
2021-08-14 14:05:25,438 [SCMBlockDeletingService#0] DEBUG block.SCMBlockDeletingService (DatanodeDeletedBlockTransactions.java:addTransactionToDN(50)) - Transaction added: a3a688a0-b759-42a1-9d42-7ea63bf88025 <- TX(9)
2021-08-14 14:05:25,438 [SCMBlockDeletingService#0] DEBUG block.SCMBlockDeletingService (DatanodeDeletedBlockTransactions.java:addTransactionToDN(50)) - Transaction added: 41bdc6fc-f730-460f-b2d8-92157d986a72 <- TX(9)
2021-08-14 14:05:25,438 [SCMBlockDeletingService#0] DEBUG block.SCMBlockDeletingService (DatanodeDeletedBlockTransactions.java:addTransactionToDN(50)) - Transaction added: e5d3e9d3-1367-47eb-ad7f-372895a70f55 <- TX(9)
2021-08-14 14:05:25,438 [SCMBlockDeletingService#0] DEBUG block.SCMBlockDeletingService (DatanodeDeletedBlockTransactions.java:addTransactionToDN(50)) - Transaction added: e5d3e9d3-1367-47eb-ad7f-372895a70f55 <- TX(10)
2021-08-14 14:05:25,438 [SCMBlockDeletingService#0] DEBUG block.SCMBlockDeletingService (DatanodeDeletedBlockTransactions.java:addTransactionToDN(50)) - Transaction added: 41bdc6fc-f730-460f-b2d8-92157d986a72 <- TX(10)
2021-08-14 14:05:25,438 [SCMBlockDeletingService#0] DEBUG block.SCMBlockDeletingService (DatanodeDeletedBlockTransactions.java:addTransactionToDN(50)) - Transaction added: a3a688a0-b759-42a1-9d42-7ea63bf88025 <- TX(10)
2021-08-14 14:05:25,438 [SCMBlockDeletingService#0] DEBUG block.SCMBlockDeletingService (DatanodeDeletedBlockTransactions.java:addTransactionToDN(50)) - Transaction added: a3a688a0-b759-42a1-9d42-7ea63bf88025 <- TX(11)
2021-08-14 14:05:25,439 [SCMBlockDeletingService#0] DEBUG block.SCMBlockDeletingService (DatanodeDeletedBlockTransactions.java:addTransactionToDN(50)) - Transaction added: e5d3e9d3-1367-47eb-ad7f-372895a70f55 <- TX(11)
2021-08-14 14:05:25,439 [SCMBlockDeletingService#0] DEBUG block.SCMBlockDeletingService (DatanodeDeletedBlockTransactions.java:addTransactionToDN(50)) - Transaction added: 41bdc6fc-f730-460f-b2d8-92157d986a72 <- TX(11)
2021-08-14 14:05:25,439 [SCMBlockDeletingService#0] DEBUG block.SCMBlockDeletingService (DatanodeDeletedBlockTransactions.java:addTransactionToDN(50)) - Transaction added: 41bdc6fc-f730-460f-b2d8-92157d986a72 <- TX(12)
2021-08-14 14:05:25,439 [SCMBlockDeletingService#0] DEBUG block.SCMBlockDeletingService (DatanodeDeletedBlockTransactions.java:addTransactionToDN(50)) - Transaction added: e5d3e9d3-1367-47eb-ad7f-372895a70f55 <- TX(12)
2021-08-14 14:05:25,439 [SCMBlockDeletingService#0] DEBUG block.SCMBlockDeletingService (DatanodeDeletedBlockTransactions.java:addTransactionToDN(50)) - Transaction added: a3a688a0-b759-42a1-9d42-7ea63bf88025 <- TX(12)
2021-08-14 14:05:25,439 [SCMBlockDeletingService#0] DEBUG block.SCMBlockDeletingService (DatanodeDeletedBlockTransactions.java:addTransactionToDN(50)) - Transaction added: a3a688a0-b759-42a1-9d42-7ea63bf88025 <- TX(13)
2021-08-14 14:05:25,439 [SCMBlockDeletingService#0] DEBUG block.SCMBlockDeletingService (DatanodeDeletedBlockTransactions.java:addTransactionToDN(50)) - Transaction added: 41bdc6fc-f730-460f-b2d8-92157d986a72 <- TX(13)
2021-08-14 14:05:25,439 [SCMBlockDeletingService#0] DEBUG block.SCMBlockDeletingService (DatanodeDeletedBlockTransactions.java:addTransactionToDN(50)) - Transaction added: e5d3e9d3-1367-47eb-ad7f-372895a70f55 <- TX(13)
2021-08-14 14:05:25,439 [SCMBlockDeletingService#0] DEBUG block.SCMBlockDeletingService (DatanodeDeletedBlockTransactions.java:addTransactionToDN(50)) - Transaction added: a3a688a0-b759-42a1-9d42-7ea63bf88025 <- TX(14)
2021-08-14 14:05:25,439 [SCMBlockDeletingService#0] DEBUG block.SCMBlockDeletingService (DatanodeDeletedBlockTransactions.java:addTransactionToDN(50)) - Transaction added: e5d3e9d3-1367-47eb-ad7f-372895a70f55 <- TX(14)
2021-08-14 14:05:25,439 [SCMBlockDeletingService#0] DEBUG block.SCMBlockDeletingService (DatanodeDeletedBlockTransactions.java:addTransactionToDN(50)) - Transaction added: 41bdc6fc-f730-460f-b2d8-92157d986a72 <- TX(14)
2021-08-14 14:05:25,439 [SCMBlockDeletingService#0] DEBUG block.SCMBlockDeletingService (DatanodeDeletedBlockTransactions.java:addTransactionToDN(50)) - Transaction added: 41bdc6fc-f730-460f-b2d8-92157d986a72 <- TX(15)
2021-08-14 14:05:25,439 [SCMBlockDeletingService#0] DEBUG block.SCMBlockDeletingService (DatanodeDeletedBlockTransactions.java:addTransactionToDN(50)) - Transaction added: a3a688a0-b759-42a1-9d42-7ea63bf88025 <- TX(15)
2021-08-14 14:05:25,439 [SCMBlockDeletingService#0] DEBUG block.SCMBlockDeletingService (DatanodeDeletedBlockTransactions.java:addTransactionToDN(50)) - Transaction added: e5d3e9d3-1367-47eb-ad7f-372895a70f55 <- TX(15)
2021-08-14 14:05:25,439 [SCMBlockDeletingService#0] DEBUG block.SCMBlockDeletingService (DatanodeDeletedBlockTransactions.java:addTransactionToDN(50)) - Transaction added: a3a688a0-b759-42a1-9d42-7ea63bf88025 <- TX(16)
2021-08-14 14:05:25,439 [SCMBlockDeletingService#0] DEBUG block.SCMBlockDeletingService (DatanodeDeletedBlockTransactions.java:addTransactionToDN(50)) - Transaction added: 41bdc6fc-f730-460f-b2d8-92157d986a72 <- TX(16)
2021-08-14 14:05:25,439 [SCMBlockDeletingService#0] DEBUG block.SCMBlockDeletingService (DatanodeDeletedBlockTransactions.java:addTransactionToDN(50)) - Transaction added: e5d3e9d3-1367-47eb-ad7f-372895a70f55 <- TX(16)
2021-08-14 14:05:25,439 [SCMBlockDeletingService#0] DEBUG block.SCMBlockDeletingService (SCMBlockDeletingService.java:call(164)) - Added delete block command for datanode a3a688a0-b759-42a1-9d42-7ea63bf88025 in the queue, number of delete block transactions: 16
2021-08-14 14:05:25,439 [SCMBlockDeletingService#0] DEBUG block.SCMBlockDeletingService (SCMBlockDeletingService.java:call(164)) - Added delete block command for datanode e5d3e9d3-1367-47eb-ad7f-372895a70f55 in the queue, number of delete block transactions: 16
2021-08-14 14:05:25,439 [SCMBlockDeletingService#0] DEBUG block.SCMBlockDeletingService (SCMBlockDeletingService.java:call(164)) - Added delete block command for datanode 41bdc6fc-f730-460f-b2d8-92157d986a72 in the queue, number of delete block transactions: 16
2021-08-14 14:05:25,439 [SCMBlockDeletingService#0] INFO  block.SCMBlockDeletingService (SCMBlockDeletingService.java:call(174)) - Totally added 48 blocks to be deleted for 3 datanodes, task elapsed time: 2ms
2021-08-14 14:05:25,446 [Datanode State Machine Thread - 0] WARN  statemachine.StateContext (StateContext.java:execute(621)) - No available thread in pool for past 0 seconds.
2021-08-14 14:05:25,447 [Datanode State Machine Thread - 0] WARN  statemachine.StateContext (StateContext.java:execute(621)) - No available thread in pool for past 0 seconds.
2021-08-14 14:05:25,449 [pool-465-thread-10] INFO  keyvalue.KeyValueContainer (KeyValueContainer.java:flushAndSyncDB(397)) - Container 17 is synced with bcsId 258.
2021-08-14 14:05:25,450 [pool-465-thread-10] INFO  keyvalue.KeyValueContainer (KeyValueContainer.java:flushAndSyncDB(397)) - Container 17 is synced with bcsId 258.
2021-08-14 14:05:25,453 [pool-465-thread-10] INFO  keyvalue.KeyValueContainer (KeyValueContainer.java:close(334)) - Container 17 is closed with bcsId 258.
2021-08-14 14:05:25,471 [pool-466-thread-1] INFO  keyvalue.KeyValueContainer (KeyValueContainer.java:flushAndSyncDB(397)) - Container 17 is synced with bcsId 258.
2021-08-14 14:05:25,472 [pool-466-thread-1] INFO  keyvalue.KeyValueContainer (KeyValueContainer.java:flushAndSyncDB(397)) - Container 17 is synced with bcsId 258.
2021-08-14 14:05:25,474 [pool-466-thread-1] INFO  keyvalue.KeyValueContainer (KeyValueContainer.java:close(334)) - Container 17 is closed with bcsId 258.
2021-08-14 14:05:25,480 [Datanode State Machine Thread - 0] WARN  statemachine.StateContext (StateContext.java:execute(621)) - No available thread in pool for past 0 seconds.
2021-08-14 14:05:25,484 [pool-467-thread-5] INFO  keyvalue.KeyValueContainer (KeyValueContainer.java:flushAndSyncDB(397)) - Container 17 is synced with bcsId 258.
2021-08-14 14:05:25,484 [pool-467-thread-5] INFO  keyvalue.KeyValueContainer (KeyValueContainer.java:flushAndSyncDB(397)) - Container 17 is synced with bcsId 258.
2021-08-14 14:05:25,487 [EventQueue-IncrementalContainerReportForIncrementalContainerReportHandler] INFO  container.IncrementalContainerReportHandler (AbstractContainerReportHandler.java:updateContainerState(223)) - Moving container #17 to CLOSED state, datanode a3a688a0-b759-42a1-9d42-7ea63bf88025{ip: 10.1.0.16, host: fv-az297-666.nmf1rxwemy4u5di1sxxf4ejcwb.jx.internal.cloudapp.net, ports: [REPLICATION=41181, RATIS=35273, RATIS_ADMIN=35273, RATIS_SERVER=35273, STANDALONE=42751], networkLocation: /default-rack, certSerialId: null, persistedOpState: IN_SERVICE, persistedOpStateExpiryEpochSec: 0} reported CLOSED replica.
2021-08-14 14:05:25,492 [pool-467-thread-5] INFO  keyvalue.KeyValueContainer (KeyValueContainer.java:close(334)) - Container 17 is closed with bcsId 258.
2021-08-14 14:05:25,497 [pool-465-thread-4] INFO  keyvalue.KeyValueContainer (KeyValueContainer.java:flushAndSyncDB(397)) - Container 18 is synced with bcsId 274.
2021-08-14 14:05:25,499 [pool-465-thread-4] INFO  keyvalue.KeyValueContainer (KeyValueContainer.java:flushAndSyncDB(397)) - Container 18 is synced with bcsId 274.
2021-08-14 14:05:25,501 [pool-465-thread-4] INFO  keyvalue.KeyValueContainer (KeyValueContainer.java:close(334)) - Container 18 is closed with bcsId 274.
2021-08-14 14:05:25,502 [Datanode State Machine Thread - 0] WARN  statemachine.StateContext (StateContext.java:execute(621)) - No available thread in pool for past 0 seconds.
2021-08-14 14:05:25,502 [EventQueue-IncrementalContainerReportForIncrementalContainerReportHandler] INFO  container.IncrementalContainerReportHandler (AbstractContainerReportHandler.java:updateContainerState(223)) - Moving container #18 to CLOSED state, datanode a3a688a0-b759-42a1-9d42-7ea63bf88025{ip: 10.1.0.16, host: fv-az297-666.nmf1rxwemy4u5di1sxxf4ejcwb.jx.internal.cloudapp.net, ports: [REPLICATION=41181, RATIS=35273, RATIS_ADMIN=35273, RATIS_SERVER=35273, STANDALONE=42751], networkLocation: /default-rack, certSerialId: null, persistedOpState: IN_SERVICE, persistedOpStateExpiryEpochSec: 0} reported CLOSED replica.
2021-08-14 14:05:25,537 [SCMBlockDeletingService#0] DEBUG block.SCMBlockDeletingService (SCMBlockDeletingService.java:call(133)) - Running DeletedBlockTransactionScanner
2021-08-14 14:05:25,538 [SCMBlockDeletingService#0] DEBUG block.SCMBlockDeletingService (DatanodeDeletedBlockTransactions.java:addTransactionToDN(50)) - Transaction added: 41bdc6fc-f730-460f-b2d8-92157d986a72 <- TX(1)
2021-08-14 14:05:25,538 [SCMBlockDeletingService#0] DEBUG block.SCMBlockDeletingService (DatanodeDeletedBlockTransactions.java:addTransactionToDN(50)) - Transaction added: e5d3e9d3-1367-47eb-ad7f-372895a70f55 <- TX(1)
2021-08-14 14:05:25,538 [SCMBlockDeletingService#0] DEBUG block.SCMBlockDeletingService (DatanodeDeletedBlockTransactions.java:addTransactionToDN(50)) - Transaction added: a3a688a0-b759-42a1-9d42-7ea63bf88025 <- TX(1)
2021-08-14 14:05:25,538 [SCMBlockDeletingService#0] DEBUG block.SCMBlockDeletingService (DatanodeDeletedBlockTransactions.java:addTransactionToDN(50)) - Transaction added: a3a688a0-b759-42a1-9d42-7ea63bf88025 <- TX(2)
2021-08-14 14:05:25,538 [SCMBlockDeletingService#0] DEBUG block.SCMBlockDeletingService (DatanodeDeletedBlockTransactions.java:addTransactionToDN(50)) - Transaction added: e5d3e9d3-1367-47eb-ad7f-372895a70f55 <- TX(2)
2021-08-14 14:05:25,538 [SCMBlockDeletingService#0] DEBUG block.SCMBlockDeletingService (DatanodeDeletedBlockTransactions.java:addTransactionToDN(50)) - Transaction added: 41bdc6fc-f730-460f-b2d8-92157d986a72 <- TX(2)
2021-08-14 14:05:25,538 [SCMBlockDeletingService#0] DEBUG block.SCMBlockDeletingService (DatanodeDeletedBlockTransactions.java:addTransactionToDN(50)) - Transaction added: e5d3e9d3-1367-47eb-ad7f-372895a70f55 <- TX(3)
2021-08-14 14:05:25,538 [SCMBlockDeletingService#0] DEBUG block.SCMBlockDeletingService (DatanodeDeletedBlockTransactions.java:addTransactionToDN(50)) - Transaction added: 41bdc6fc-f730-460f-b2d8-92157d986a72 <- TX(3)
2021-08-14 14:05:25,538 [SCMBlockDeletingService#0] DEBUG block.SCMBlockDeletingService (DatanodeDeletedBlockTransactions.java:addTransactionToDN(50)) - Transaction added: a3a688a0-b759-42a1-9d42-7ea63bf88025 <- TX(3)
2021-08-14 14:05:25,538 [SCMBlockDeletingService#0] DEBUG block.SCMBlockDeletingService (DatanodeDeletedBlockTransactions.java:addTransactionToDN(50)) - Transaction added: a3a688a0-b759-42a1-9d42-7ea63bf88025 <- TX(4)
2021-08-14 14:05:25,538 [SCMBlockDeletingService#0] DEBUG block.SCMBlockDeletingService (DatanodeDeletedBlockTransactions.java:addTransactionToDN(50)) - Transaction added: 41bdc6fc-f730-460f-b2d8-92157d986a72 <- TX(4)
2021-08-14 14:05:25,538 [SCMBlockDeletingService#0] DEBUG block.SCMBlockDeletingService (DatanodeDeletedBlockTransactions.java:addTransactionToDN(50)) - Transaction added: e5d3e9d3-1367-47eb-ad7f-372895a70f55 <- TX(4)
2021-08-14 14:05:25,538 [SCMBlockDeletingService#0] DEBUG block.SCMBlockDeletingService (DatanodeDeletedBlockTransactions.java:addTransactionToDN(50)) - Transaction added: a3a688a0-b759-42a1-9d42-7ea63bf88025 <- TX(5)
2021-08-14 14:05:25,538 [SCMBlockDeletingService#0] DEBUG block.SCMBlockDeletingService (DatanodeDeletedBlockTransactions.java:addTransactionToDN(50)) - Transaction added: 41bdc6fc-f730-460f-b2d8-92157d986a72 <- TX(5)
2021-08-14 14:05:25,538 [SCMBlockDeletingService#0] DEBUG block.SCMBlockDeletingService (DatanodeDeletedBlockTransactions.java:addTransactionToDN(50)) - Transaction added: e5d3e9d3-1367-47eb-ad7f-372895a70f55 <- TX(5)
2021-08-14 14:05:25,538 [SCMBlockDeletingService#0] DEBUG block.SCMBlockDeletingService (DatanodeDeletedBlockTransactions.java:addTransactionToDN(50)) - Transaction added: a3a688a0-b759-42a1-9d42-7ea63bf88025 <- TX(6)
2021-08-14 14:05:25,538 [SCMBlockDeletingService#0] DEBUG block.SCMBlockDeletingService (DatanodeDeletedBlockTransactions.java:addTransactionToDN(50)) - Transaction added: e5d3e9d3-1367-47eb-ad7f-372895a70f55 <- TX(6)
2021-08-14 14:05:25,538 [SCMBlockDeletingService#0] DEBUG block.SCMBlockDeletingService (DatanodeDeletedBlockTransactions.java:addTransactionToDN(50)) - Transaction added: 41bdc6fc-f730-460f-b2d8-92157d986a72 <- TX(6)
2021-08-14 14:05:25,538 [SCMBlockDeletingService#0] DEBUG block.SCMBlockDeletingService (DatanodeDeletedBlockTransactions.java:addTransactionToDN(50)) - Transaction added: a3a688a0-b759-42a1-9d42-7ea63bf88025 <- TX(7)
2021-08-14 14:05:25,538 [SCMBlockDeletingService#0] DEBUG block.SCMBlockDeletingService (DatanodeDeletedBlockTransactions.java:addTransactionToDN(50)) - Transaction added: e5d3e9d3-1367-47eb-ad7f-372895a70f55 <- TX(7)
2021-08-14 14:05:25,538 [SCMBlockDeletingService#0] DEBUG block.SCMBlockDeletingService (DatanodeDeletedBlockTransactions.java:addTransactionToDN(50)) - Transaction added: 41bdc6fc-f730-460f-b2d8-92157d986a72 <- TX(7)
2021-08-14 14:05:25,538 [SCMBlockDeletingService#0] DEBUG block.SCMBlockDeletingService (DatanodeDeletedBlockTransactions.java:addTransactionToDN(50)) - Transaction added: 41bdc6fc-f730-460f-b2d8-92157d986a72 <- TX(8)
2021-08-14 14:05:25,538 [SCMBlockDeletingService#0] DEBUG block.SCMBlockDeletingService (DatanodeDeletedBlockTransactions.java:addTransactionToDN(50)) - Transaction added: e5d3e9d3-1367-47eb-ad7f-372895a70f55 <- TX(8)
2021-08-14 14:05:25,538 [SCMBlockDeletingService#0] DEBUG block.SCMBlockDeletingService (DatanodeDeletedBlockTransactions.java:addTransactionToDN(50)) - Transaction added: a3a688a0-b759-42a1-9d42-7ea63bf88025 <- TX(8)
2021-08-14 14:05:25,538 [SCMBlockDeletingService#0] DEBUG block.SCMBlockDeletingService (DatanodeDeletedBlockTransactions.java:addTransactionToDN(50)) - Transaction added: a3a688a0-b759-42a1-9d42-7ea63bf88025 <- TX(9)
2021-08-14 14:05:25,538 [SCMBlockDeletingService#0] DEBUG block.SCMBlockDeletingService (DatanodeDeletedBlockTransactions.java:addTransactionToDN(50)) - Transaction added: 41bdc6fc-f730-460f-b2d8-92157d986a72 <- TX(9)
2021-08-14 14:05:25,538 [SCMBlockDeletingService#0] DEBUG block.SCMBlockDeletingService (DatanodeDeletedBlockTransactions.java:addTransactionToDN(50)) - Transaction added: e5d3e9d3-1367-47eb-ad7f-372895a70f55 <- TX(9)
2021-08-14 14:05:25,539 [SCMBlockDeletingService#0] DEBUG block.SCMBlockDeletingService (DatanodeDeletedBlockTransactions.java:addTransactionToDN(50)) - Transaction added: e5d3e9d3-1367-47eb-ad7f-372895a70f55 <- TX(10)
2021-08-14 14:05:25,539 [SCMBlockDeletingService#0] DEBUG block.SCMBlockDeletingService (DatanodeDeletedBlockTransactions.java:addTransactionToDN(50)) - Transaction added: 41bdc6fc-f730-460f-b2d8-92157d986a72 <- TX(10)
2021-08-14 14:05:25,539 [SCMBlockDeletingService#0] DEBUG block.SCMBlockDeletingService (DatanodeDeletedBlockTransactions.java:addTransactionToDN(50)) - Transaction added: a3a688a0-b759-42a1-9d42-7ea63bf88025 <- TX(10)
2021-08-14 14:05:25,539 [SCMBlockDeletingService#0] DEBUG block.SCMBlockDeletingService (DatanodeDeletedBlockTransactions.java:addTransactionToDN(50)) - Transaction added: a3a688a0-b759-42a1-9d42-7ea63bf88025 <- TX(11)
2021-08-14 14:05:25,539 [SCMBlockDeletingService#0] DEBUG block.SCMBlockDeletingService (DatanodeDeletedBlockTransactions.java:addTransactionToDN(50)) - Transaction added: e5d3e9d3-1367-47eb-ad7f-372895a70f55 <- TX(11)
2021-08-14 14:05:25,539 [SCMBlockDeletingService#0] DEBUG block.SCMBlockDeletingService (DatanodeDeletedBlockTransactions.java:addTransactionToDN(50)) - Transaction added: 41bdc6fc-f730-460f-b2d8-92157d986a72 <- TX(11)
2021-08-14 14:05:25,539 [SCMBlockDeletingService#0] DEBUG block.SCMBlockDeletingService (DatanodeDeletedBlockTransactions.java:addTransactionToDN(50)) - Transaction added: 41bdc6fc-f730-460f-b2d8-92157d986a72 <- TX(12)
2021-08-14 14:05:25,539 [SCMBlockDeletingService#0] DEBUG block.SCMBlockDeletingService (DatanodeDeletedBlockTransactions.java:addTransactionToDN(50)) - Transaction added: e5d3e9d3-1367-47eb-ad7f-372895a70f55 <- TX(12)
2021-08-14 14:05:25,539 [SCMBlockDeletingService#0] DEBUG block.SCMBlockDeletingService (DatanodeDeletedBlockTransactions.java:addTransactionToDN(50)) - Transaction added: a3a688a0-b759-42a1-9d42-7ea63bf88025 <- TX(12)
2021-08-14 14:05:25,539 [SCMBlockDeletingService#0] DEBUG block.SCMBlockDeletingService (DatanodeDeletedBlockTransactions.java:addTransactionToDN(50)) - Transaction added: a3a688a0-b759-42a1-9d42-7ea63bf88025 <- TX(13)
2021-08-14 14:05:25,539 [SCMBlockDeletingService#0] DEBUG block.SCMBlockDeletingService (DatanodeDeletedBlockTransactions.java:addTransactionToDN(50)) - Transaction added: 41bdc6fc-f730-460f-b2d8-92157d986a72 <- TX(13)
2021-08-14 14:05:25,539 [SCMBlockDeletingService#0] DEBUG block.SCMBlockDeletingService (DatanodeDeletedBlockTransactions.java:addTransactionToDN(50)) - Transaction added: e5d3e9d3-1367-47eb-ad7f-372895a70f55 <- TX(13)
2021-08-14 14:05:25,539 [SCMBlockDeletingService#0] DEBUG block.SCMBlockDeletingService (DatanodeDeletedBlockTransactions.java:addTransactionToDN(50)) - Transaction added: a3a688a0-b759-42a1-9d42-7ea63bf88025 <- TX(14)
2021-08-14 14:05:25,539 [SCMBlockDeletingService#0] DEBUG block.SCMBlockDeletingService (DatanodeDeletedBlockTransactions.java:addTransactionToDN(50)) - Transaction added: e5d3e9d3-1367-47eb-ad7f-372895a70f55 <- TX(14)
2021-08-14 14:05:25,539 [SCMBlockDeletingService#0] DEBUG block.SCMBlockDeletingService (DatanodeDeletedBlockTransactions.java:addTransactionToDN(50)) - Transaction added: 41bdc6fc-f730-460f-b2d8-92157d986a72 <- TX(14)
2021-08-14 14:05:25,539 [SCMBlockDeletingService#0] DEBUG block.SCMBlockDeletingService (DatanodeDeletedBlockTransactions.java:addTransactionToDN(50)) - Transaction added: 41bdc6fc-f730-460f-b2d8-92157d986a72 <- TX(15)
2021-08-14 14:05:25,539 [SCMBlockDeletingService#0] DEBUG block.SCMBlockDeletingService (DatanodeDeletedBlockTransactions.java:addTransactionToDN(50)) - Transaction added: a3a688a0-b759-42a1-9d42-7ea63bf88025 <- TX(15)
2021-08-14 14:05:25,539 [SCMBlockDeletingService#0] DEBUG block.SCMBlockDeletingService (DatanodeDeletedBlockTransactions.java:addTransactionToDN(50)) - Transaction added: e5d3e9d3-1367-47eb-ad7f-372895a70f55 <- TX(15)
2021-08-14 14:05:25,539 [SCMBlockDeletingService#0] DEBUG block.SCMBlockDeletingService (DatanodeDeletedBlockTransactions.java:addTransactionToDN(50)) - Transaction added: a3a688a0-b759-42a1-9d42-7ea63bf88025 <- TX(16)
2021-08-14 14:05:25,539 [SCMBlockDeletingService#0] DEBUG block.SCMBlockDeletingService (DatanodeDeletedBlockTransactions.java:addTransactionToDN(50)) - Transaction added: 41bdc6fc-f730-460f-b2d8-92157d986a72 <- TX(16)
2021-08-14 14:05:25,539 [SCMBlockDeletingService#0] DEBUG block.SCMBlockDeletingService (DatanodeDeletedBlockTransactions.java:addTransactionToDN(50)) - Transaction added: e5d3e9d3-1367-47eb-ad7f-372895a70f55 <- TX(16)
2021-08-14 14:05:25,539 [SCMBlockDeletingService#0] DEBUG block.SCMBlockDeletingService (DatanodeDeletedBlockTransactions.java:addTransactionToDN(50)) - Transaction added: 41bdc6fc-f730-460f-b2d8-92157d986a72 <- TX(17)
2021-08-14 14:05:25,539 [SCMBlockDeletingService#0] DEBUG block.SCMBlockDeletingService (DatanodeDeletedBlockTransactions.java:addTransactionToDN(50)) - Transaction added: e5d3e9d3-1367-47eb-ad7f-372895a70f55 <- TX(17)
2021-08-14 14:05:25,539 [SCMBlockDeletingService#0] DEBUG block.SCMBlockDeletingService (DatanodeDeletedBlockTransactions.java:addTransactionToDN(50)) - Transaction added: a3a688a0-b759-42a1-9d42-7ea63bf88025 <- TX(17)
2021-08-14 14:05:25,539 [SCMBlockDeletingService#0] DEBUG block.SCMBlockDeletingService (DatanodeDeletedBlockTransactions.java:addTransactionToDN(50)) - Transaction added: a3a688a0-b759-42a1-9d42-7ea63bf88025 <- TX(18)
2021-08-14 14:05:25,539 [SCMBlockDeletingService#0] DEBUG block.SCMBlockDeletingService (DatanodeDeletedBlockTransactions.java:addTransactionToDN(50)) - Transaction added: e5d3e9d3-1367-47eb-ad7f-372895a70f55 <- TX(18)
2021-08-14 14:05:25,539 [SCMBlockDeletingService#0] DEBUG block.SCMBlockDeletingService (DatanodeDeletedBlockTransactions.java:addTransactionToDN(50)) - Transaction added: 41bdc6fc-f730-460f-b2d8-92157d986a72 <- TX(18)
2021-08-14 14:05:25,540 [SCMBlockDeletingService#0] DEBUG block.SCMBlockDeletingService (SCMBlockDeletingService.java:call(164)) - Added delete block command for datanode a3a688a0-b759-42a1-9d42-7ea63bf88025 in the queue, number of delete block transactions: 18
2021-08-14 14:05:25,540 [SCMBlockDeletingService#0] DEBUG block.SCMBlockDeletingService (SCMBlockDeletingService.java:call(164)) - Added delete block command for datanode e5d3e9d3-1367-47eb-ad7f-372895a70f55 in the queue, number of delete block transactions: 18
2021-08-14 14:05:25,540 [SCMBlockDeletingService#0] DEBUG block.SCMBlockDeletingService (SCMBlockDeletingService.java:call(164)) - Added delete block command for datanode 41bdc6fc-f730-460f-b2d8-92157d986a72 in the queue, number of delete block transactions: 18
2021-08-14 14:05:25,540 [SCMBlockDeletingService#0] INFO  block.SCMBlockDeletingService (SCMBlockDeletingService.java:call(174)) - Totally added 54 blocks to be deleted for 3 datanodes, task elapsed time: 3ms
2021-08-14 14:05:25,576 [pool-467-thread-4] INFO  keyvalue.KeyValueContainer (KeyValueContainer.java:flushAndSyncDB(397)) - Container 18 is synced with bcsId 274.
2021-08-14 14:05:25,674 [pool-467-thread-4] INFO  keyvalue.KeyValueContainer (KeyValueContainer.java:flushAndSyncDB(397)) - Container 18 is synced with bcsId 274.
2021-08-14 14:05:25,656 [pool-466-thread-3] INFO  keyvalue.KeyValueContainer (KeyValueContainer.java:flushAndSyncDB(397)) - Container 18 is synced with bcsId 274.
2021-08-14 14:05:25,637 [SCMBlockDeletingService#0] DEBUG block.SCMBlockDeletingService (SCMBlockDeletingService.java:call(133)) - Running DeletedBlockTransactionScanner
2021-08-14 14:05:25,675 [SCMBlockDeletingService#0] DEBUG block.SCMBlockDeletingService (DatanodeDeletedBlockTransactions.java:addTransactionToDN(50)) - Transaction added: 41bdc6fc-f730-460f-b2d8-92157d986a72 <- TX(1)
2021-08-14 14:05:25,675 [SCMBlockDeletingService#0] DEBUG block.SCMBlockDeletingService (DatanodeDeletedBlockTransactions.java:addTransactionToDN(50)) - Transaction added: e5d3e9d3-1367-47eb-ad7f-372895a70f55 <- TX(1)
2021-08-14 14:05:25,675 [SCMBlockDeletingService#0] DEBUG block.SCMBlockDeletingService (DatanodeDeletedBlockTransactions.java:addTransactionToDN(50)) - Transaction added: a3a688a0-b759-42a1-9d42-7ea63bf88025 <- TX(1)
2021-08-14 14:05:25,675 [SCMBlockDeletingService#0] DEBUG block.SCMBlockDeletingService (DatanodeDeletedBlockTransactions.java:addTransactionToDN(50)) - Transaction added: a3a688a0-b759-42a1-9d42-7ea63bf88025 <- TX(2)
2021-08-14 14:05:25,675 [SCMBlockDeletingService#0] DEBUG block.SCMBlockDeletingService (DatanodeDeletedBlockTransactions.java:addTransactionToDN(50)) - Transaction added: e5d3e9d3-1367-47eb-ad7f-372895a70f55 <- TX(2)
2021-08-14 14:05:25,675 [SCMBlockDeletingService#0] DEBUG block.SCMBlockDeletingService (DatanodeDeletedBlockTransactions.java:addTransactionToDN(50)) - Transaction added: 41bdc6fc-f730-460f-b2d8-92157d986a72 <- TX(2)
2021-08-14 14:05:25,675 [SCMBlockDeletingService#0] DEBUG block.SCMBlockDeletingService (DatanodeDeletedBlockTransactions.java:addTransactionToDN(50)) - Transaction added: e5d3e9d3-1367-47eb-ad7f-372895a70f55 <- TX(3)
2021-08-14 14:05:25,675 [SCMBlockDeletingService#0] DEBUG block.SCMBlockDeletingService (DatanodeDeletedBlockTransactions.java:addTransactionToDN(50)) - Transaction added: 41bdc6fc-f730-460f-b2d8-92157d986a72 <- TX(3)
2021-08-14 14:05:25,676 [SCMBlockDeletingService#0] DEBUG block.SCMBlockDeletingService (DatanodeDeletedBlockTransactions.java:addTransactionToDN(50)) - Transaction added: a3a688a0-b759-42a1-9d42-7ea63bf88025 <- TX(3)
2021-08-14 14:05:25,676 [SCMBlockDeletingService#0] DEBUG block.SCMBlockDeletingService (DatanodeDeletedBlockTransactions.java:addTransactionToDN(50)) - Transaction added: a3a688a0-b759-42a1-9d42-7ea63bf88025 <- TX(4)
2021-08-14 14:05:25,676 [SCMBlockDeletingService#0] DEBUG block.SCMBlockDeletingService (DatanodeDeletedBlockTransactions.java:addTransactionToDN(50)) - Transaction added: 41bdc6fc-f730-460f-b2d8-92157d986a72 <- TX(4)
2021-08-14 14:05:25,676 [SCMBlockDeletingService#0] DEBUG block.SCMBlockDeletingService (DatanodeDeletedBlockTransactions.java:addTransactionToDN(50)) - Transaction added: e5d3e9d3-1367-47eb-ad7f-372895a70f55 <- TX(4)
2021-08-14 14:05:25,676 [SCMBlockDeletingService#0] DEBUG block.SCMBlockDeletingService (DatanodeDeletedBlockTransactions.java:addTransactionToDN(50)) - Transaction added: a3a688a0-b759-42a1-9d42-7ea63bf88025 <- TX(5)
2021-08-14 14:05:25,676 [SCMBlockDeletingService#0] DEBUG block.SCMBlockDeletingService (DatanodeDeletedBlockTransactions.java:addTransactionToDN(50)) - Transaction added: 41bdc6fc-f730-460f-b2d8-92157d986a72 <- TX(5)
2021-08-14 14:05:25,676 [SCMBlockDeletingService#0] DEBUG block.SCMBlockDeletingService (DatanodeDeletedBlockTransactions.java:addTransactionToDN(50)) - Transaction added: e5d3e9d3-1367-47eb-ad7f-372895a70f55 <- TX(5)
2021-08-14 14:05:25,676 [SCMBlockDeletingService#0] DEBUG block.SCMBlockDeletingService (DatanodeDeletedBlockTransactions.java:addTransactionToDN(50)) - Transaction added: a3a688a0-b759-42a1-9d42-7ea63bf88025 <- TX(6)
2021-08-14 14:05:25,676 [SCMBlockDeletingService#0] DEBUG block.SCMBlockDeletingService (DatanodeDeletedBlockTransactions.java:addTransactionToDN(50)) - Transaction added: e5d3e9d3-1367-47eb-ad7f-372895a70f55 <- TX(6)
2021-08-14 14:05:25,676 [SCMBlockDeletingService#0] DEBUG block.SCMBlockDeletingService (DatanodeDeletedBlockTransactions.java:addTransactionToDN(50)) - Transaction added: 41bdc6fc-f730-460f-b2d8-92157d986a72 <- TX(6)
2021-08-14 14:05:25,676 [SCMBlockDeletingService#0] DEBUG block.SCMBlockDeletingService (DatanodeDeletedBlockTransactions.java:addTransactionToDN(50)) - Transaction added: a3a688a0-b759-42a1-9d42-7ea63bf88025 <- TX(7)
2021-08-14 14:05:25,676 [SCMBlockDeletingService#0] DEBUG block.SCMBlockDeletingService (DatanodeDeletedBlockTransactions.java:addTransactionToDN(50)) - Transaction added: e5d3e9d3-1367-47eb-ad7f-372895a70f55 <- TX(7)
2021-08-14 14:05:25,676 [SCMBlockDeletingService#0] DEBUG block.SCMBlockDeletingService (DatanodeDeletedBlockTransactions.java:addTransactionToDN(50)) - Transaction added: 41bdc6fc-f730-460f-b2d8-92157d986a72 <- TX(7)
2021-08-14 14:05:25,676 [SCMBlockDeletingService#0] DEBUG block.SCMBlockDeletingService (DatanodeDeletedBlockTransactions.java:addTransactionToDN(50)) - Transaction added: 41bdc6fc-f730-460f-b2d8-92157d986a72 <- TX(8)
2021-08-14 14:05:25,676 [SCMBlockDeletingService#0] DEBUG block.SCMBlockDeletingService (DatanodeDeletedBlockTransactions.java:addTransactionToDN(50)) - Transaction added: e5d3e9d3-1367-47eb-ad7f-372895a70f55 <- TX(8)
2021-08-14 14:05:25,676 [SCMBlockDeletingService#0] DEBUG block.SCMBlockDeletingService (DatanodeDeletedBlockTransactions.java:addTransactionToDN(50)) - Transaction added: a3a688a0-b759-42a1-9d42-7ea63bf88025 <- TX(8)
2021-08-14 14:05:25,676 [SCMBlockDeletingService#0] DEBUG block.SCMBlockDeletingService (DatanodeDeletedBlockTransactions.java:addTransactionToDN(50)) - Transaction added: a3a688a0-b759-42a1-9d42-7ea63bf88025 <- TX(9)
2021-08-14 14:05:25,676 [SCMBlockDeletingService#0] DEBUG block.SCMBlockDeletingService (DatanodeDeletedBlockTransactions.java:addTransactionToDN(50)) - Transaction added: 41bdc6fc-f730-460f-b2d8-92157d986a72 <- TX(9)
2021-08-14 14:05:25,676 [SCMBlockDeletingService#0] DEBUG block.SCMBlockDeletingService (DatanodeDeletedBlockTransactions.java:addTransactionToDN(50)) - Transaction added: e5d3e9d3-1367-47eb-ad7f-372895a70f55 <- TX(9)
2021-08-14 14:05:25,676 [SCMBlockDeletingService#0] DEBUG block.SCMBlockDeletingService (DatanodeDeletedBlockTransactions.java:addTransactionToDN(50)) - Transaction added: e5d3e9d3-1367-47eb-ad7f-372895a70f55 <- TX(10)
2021-08-14 14:05:25,676 [SCMBlockDeletingService#0] DEBUG block.SCMBlockDeletingService (DatanodeDeletedBlockTransactions.java:addTransactionToDN(50)) - Transaction added: 41bdc6fc-f730-460f-b2d8-92157d986a72 <- TX(10)
2021-08-14 14:05:25,676 [SCMBlockDeletingService#0] DEBUG block.SCMBlockDeletingService (DatanodeDeletedBlockTransactions.java:addTransactionToDN(50)) - Transaction added: a3a688a0-b759-42a1-9d42-7ea63bf88025 <- TX(10)
2021-08-14 14:05:25,676 [SCMBlockDeletingService#0] DEBUG block.SCMBlockDeletingService (DatanodeDeletedBlockTransactions.java:addTransactionToDN(50)) - Transaction added: a3a688a0-b759-42a1-9d42-7ea63bf88025 <- TX(11)
2021-08-14 14:05:25,676 [SCMBlockDeletingService#0] DEBUG block.SCMBlockDeletingService (DatanodeDeletedBlockTransactions.java:addTransactionToDN(50)) - Transaction added: e5d3e9d3-1367-47eb-ad7f-372895a70f55 <- TX(11)
2021-08-14 14:05:25,676 [SCMBlockDeletingService#0] DEBUG block.SCMBlockDeletingService (DatanodeDeletedBlockTransactions.java:addTransactionToDN(50)) - Transaction added: 41bdc6fc-f730-460f-b2d8-92157d986a72 <- TX(11)
2021-08-14 14:05:25,676 [SCMBlockDeletingService#0] DEBUG block.SCMBlockDeletingService (DatanodeDeletedBlockTransactions.java:addTransactionToDN(50)) - Transaction added: 41bdc6fc-f730-460f-b2d8-92157d986a72 <- TX(12)
2021-08-14 14:05:25,676 [SCMBlockDeletingService#0] DEBUG block.SCMBlockDeletingService (DatanodeDeletedBlockTransactions.java:addTransactionToDN(50)) - Transaction added: e5d3e9d3-1367-47eb-ad7f-372895a70f55 <- TX(12)
2021-08-14 14:05:25,676 [SCMBlockDeletingService#0] DEBUG block.SCMBlockDeletingService (DatanodeDeletedBlockTransactions.java:addTransactionToDN(50)) - Transaction added: a3a688a0-b759-42a1-9d42-7ea63bf88025 <- TX(12)
2021-08-14 14:05:25,676 [SCMBlockDeletingService#0] DEBUG block.SCMBlockDeletingService (DatanodeDeletedBlockTransactions.java:addTransactionToDN(50)) - Transaction added: a3a688a0-b759-42a1-9d42-7ea63bf88025 <- TX(13)
2021-08-14 14:05:25,676 [SCMBlockDeletingService#0] DEBUG block.SCMBlockDeletingService (DatanodeDeletedBlockTransactions.java:addTransactionToDN(50)) - Transaction added: 41bdc6fc-f730-460f-b2d8-92157d986a72 <- TX(13)
2021-08-14 14:05:25,676 [SCMBlockDeletingService#0] DEBUG block.SCMBlockDeletingService (DatanodeDeletedBlockTransactions.java:addTransactionToDN(50)) - Transaction added: e5d3e9d3-1367-47eb-ad7f-372895a70f55 <- TX(13)
2021-08-14 14:05:25,677 [SCMBlockDeletingService#0] DEBUG block.SCMBlockDeletingService (DatanodeDeletedBlockTransactions.java:addTransactionToDN(50)) - Transaction added: a3a688a0-b759-42a1-9d42-7ea63bf88025 <- TX(14)
2021-08-14 14:05:25,677 [SCMBlockDeletingService#0] DEBUG block.SCMBlockDeletingService (DatanodeDeletedBlockTransactions.java:addTransactionToDN(50)) - Transaction added: e5d3e9d3-1367-47eb-ad7f-372895a70f55 <- TX(14)
2021-08-14 14:05:25,677 [SCMBlockDeletingService#0] DEBUG block.SCMBlockDeletingService (DatanodeDeletedBlockTransactions.java:addTransactionToDN(50)) - Transaction added: 41bdc6fc-f730-460f-b2d8-92157d986a72 <- TX(14)
2021-08-14 14:05:25,677 [SCMBlockDeletingService#0] DEBUG block.SCMBlockDeletingService (DatanodeDeletedBlockTransactions.java:addTransactionToDN(50)) - Transaction added: 41bdc6fc-f730-460f-b2d8-92157d986a72 <- TX(15)
2021-08-14 14:05:25,677 [SCMBlockDeletingService#0] DEBUG block.SCMBlockDeletingService (DatanodeDeletedBlockTransactions.java:addTransactionToDN(50)) - Transaction added: a3a688a0-b759-42a1-9d42-7ea63bf88025 <- TX(15)
2021-08-14 14:05:25,677 [SCMBlockDeletingService#0] DEBUG block.SCMBlockDeletingService (DatanodeDeletedBlockTransactions.java:addTransactionToDN(50)) - Transaction added: e5d3e9d3-1367-47eb-ad7f-372895a70f55 <- TX(15)
2021-08-14 14:05:25,677 [SCMBlockDeletingService#0] DEBUG block.SCMBlockDeletingService (DatanodeDeletedBlockTransactions.java:addTransactionToDN(50)) - Transaction added: a3a688a0-b759-42a1-9d42-7ea63bf88025 <- TX(16)
2021-08-14 14:05:25,677 [SCMBlockDeletingService#0] DEBUG block.SCMBlockDeletingService (DatanodeDeletedBlockTransactions.java:addTransactionToDN(50)) - Transaction added: 41bdc6fc-f730-460f-b2d8-92157d986a72 <- TX(16)
2021-08-14 14:05:25,677 [SCMBlockDeletingService#0] DEBUG block.SCMBlockDeletingService (DatanodeDeletedBlockTransactions.java:addTransactionToDN(50)) - Transaction added: e5d3e9d3-1367-47eb-ad7f-372895a70f55 <- TX(16)
2021-08-14 14:05:25,677 [SCMBlockDeletingService#0] DEBUG block.SCMBlockDeletingService (DatanodeDeletedBlockTransactions.java:addTransactionToDN(50)) - Transaction added: e5d3e9d3-1367-47eb-ad7f-372895a70f55 <- TX(17)
2021-08-14 14:05:25,677 [SCMBlockDeletingService#0] DEBUG block.SCMBlockDeletingService (DatanodeDeletedBlockTransactions.java:addTransactionToDN(50)) - Transaction added: 41bdc6fc-f730-460f-b2d8-92157d986a72 <- TX(17)
2021-08-14 14:05:25,677 [SCMBlockDeletingService#0] DEBUG block.SCMBlockDeletingService (DatanodeDeletedBlockTransactions.java:addTransactionToDN(50)) - Transaction added: a3a688a0-b759-42a1-9d42-7ea63bf88025 <- TX(17)
2021-08-14 14:05:25,677 [SCMBlockDeletingService#0] DEBUG block.SCMBlockDeletingService (DatanodeDeletedBlockTransactions.java:addTransactionToDN(50)) - Transaction added: a3a688a0-b759-42a1-9d42-7ea63bf88025 <- TX(18)
2021-08-14 14:05:25,677 [SCMBlockDeletingService#0] DEBUG block.SCMBlockDeletingService (DatanodeDeletedBlockTransactions.java:addTransactionToDN(50)) - Transaction added: e5d3e9d3-1367-47eb-ad7f-372895a70f55 <- TX(18)
2021-08-14 14:05:25,677 [SCMBlockDeletingService#0] DEBUG block.SCMBlockDeletingService (DatanodeDeletedBlockTransactions.java:addTransactionToDN(50)) - Transaction added: 41bdc6fc-f730-460f-b2d8-92157d986a72 <- TX(18)
2021-08-14 14:05:25,623 [Datanode State Machine Thread - 0] WARN  statemachine.StateContext (StateContext.java:execute(621)) - No available thread in pool for past 0 seconds.
2021-08-14 14:05:25,581 [Datanode State Machine Thread - 0] WARN  statemachine.StateContext (StateContext.java:execute(621)) - No available thread in pool for past 0 seconds.
2021-08-14 14:05:25,678 [Listener at 127.0.0.1/32925] WARN  commandhandler.TestBlockDeletion (TestBlockDeletion.java:lambda$testBlockDeletion$3(251)) - Verify blocks deletion failed
java.lang.AssertionError: expected null, but was:<[blockId=conID: 1 locID: 107544261427200001 bcsId: 14, size=4194304]>
	at org.junit.Assert.fail(Assert.java:89)
	at org.junit.Assert.failNotNull(Assert.java:756)
	at org.junit.Assert.assertNull(Assert.java:738)
	at org.junit.Assert.assertNull(Assert.java:748)
	at org.apache.hadoop.ozone.container.common.statemachine.commandhandler.TestBlockDeletion.lambda$verifyBlocksDeleted$15(TestBlockDeletion.java:453)
	at org.apache.hadoop.ozone.OzoneTestUtils.performOperationOnKeyContainers(OzoneTestUtils.java:133)
	at org.apache.hadoop.ozone.container.common.statemachine.commandhandler.TestBlockDeletion.verifyBlocksDeleted(TestBlockDeletion.java:442)
	at org.apache.hadoop.ozone.container.common.statemachine.commandhandler.TestBlockDeletion.lambda$testBlockDeletion$3(TestBlockDeletion.java:248)
	at org.apache.ozone.test.GenericTestUtils.waitFor(GenericTestUtils.java:215)
	at org.apache.hadoop.ozone.container.common.statemachine.commandhandler.TestBlockDeletion.testBlockDeletion(TestBlockDeletion.java:246)
	at sun.reflect.NativeMethodAccessorImpl.invoke0(Native Method)
	at sun.reflect.NativeMethodAccessorImpl.invoke(NativeMethodAccessorImpl.java:62)
	at sun.reflect.DelegatingMethodAccessorImpl.invoke(DelegatingMethodAccessorImpl.java:43)
	at java.lang.reflect.Method.invoke(Method.java:498)
	at org.junit.runners.model.FrameworkMethod$1.runReflectiveCall(FrameworkMethod.java:59)
	at org.junit.internal.runners.model.ReflectiveCallable.run(ReflectiveCallable.java:12)
	at org.junit.runners.model.FrameworkMethod.invokeExplosively(FrameworkMethod.java:56)
	at org.junit.internal.runners.statements.InvokeMethod.evaluate(InvokeMethod.java:17)
	at org.junit.internal.runners.statements.RunBefores.evaluate(RunBefores.java:26)
	at org.junit.internal.runners.statements.RunAfters.evaluate(RunAfters.java:27)
	at org.junit.runners.ParentRunner$3.evaluate(ParentRunner.java:306)
	at org.junit.runners.BlockJUnit4ClassRunner$1.evaluate(BlockJUnit4ClassRunner.java:100)
	at org.junit.runners.ParentRunner.runLeaf(ParentRunner.java:366)
	at org.junit.runners.BlockJUnit4ClassRunner.runChild(BlockJUnit4ClassRunner.java:103)
	at org.junit.runners.BlockJUnit4ClassRunner.runChild(BlockJUnit4ClassRunner.java:63)
	at org.junit.runners.ParentRunner$4.run(ParentRunner.java:331)
	at org.junit.runners.ParentRunner$1.schedule(ParentRunner.java:79)
	at org.junit.runners.ParentRunner.runChildren(ParentRunner.java:329)
	at org.junit.runners.ParentRunner.access$100(ParentRunner.java:66)
	at org.junit.runners.ParentRunner$2.evaluate(ParentRunner.java:293)
	at org.junit.runners.ParentRunner$3.evaluate(ParentRunner.java:306)
	at org.junit.runners.ParentRunner.run(ParentRunner.java:413)
	at org.junit.runner.JUnitCore.run(JUnitCore.java:137)
	at org.junit.runner.JUnitCore.run(JUnitCore.java:115)
	at org.junit.vintage.engine.execution.RunnerExecutor.execute(RunnerExecutor.java:43)
	at java.util.stream.ForEachOps$ForEachOp$OfRef.accept(ForEachOps.java:183)
	at java.util.stream.ReferencePipeline$3$1.accept(ReferencePipeline.java:193)
	at java.util.Iterator.forEachRemaining(Iterator.java:116)
	at java.util.Spliterators$IteratorSpliterator.forEachRemaining(Spliterators.java:1801)
	at java.util.stream.AbstractPipeline.copyInto(AbstractPipeline.java:482)
	at java.util.stream.AbstractPipeline.wrapAndCopyInto(AbstractPipeline.java:472)
	at java.util.stream.ForEachOps$ForEachOp.evaluateSequential(ForEachOps.java:150)
	at java.util.stream.ForEachOps$ForEachOp$OfRef.evaluateSequential(ForEachOps.java:173)
	at java.util.stream.AbstractPipeline.evaluate(AbstractPipeline.java:234)
	at java.util.stream.ReferencePipeline.forEach(ReferencePipeline.java:485)
	at org.junit.vintage.engine.VintageTestEngine.executeAllChildren(VintageTestEngine.java:82)
	at org.junit.vintage.engine.VintageTestEngine.execute(VintageTestEngine.java:73)
	at org.junit.platform.launcher.core.EngineExecutionOrchestrator.execute(EngineExecutionOrchestrator.java:108)
	at org.junit.platform.launcher.core.EngineExecutionOrchestrator.execute(EngineExecutionOrchestrator.java:88)
	at org.junit.platform.launcher.core.EngineExecutionOrchestrator.lambda$execute$0(EngineExecutionOrchestrator.java:54)
	at org.junit.platform.launcher.core.EngineExecutionOrchestrator.withInterceptedStreams(EngineExecutionOrchestrator.java:67)
	at org.junit.platform.launcher.core.EngineExecutionOrchestrator.execute(EngineExecutionOrchestrator.java:52)
	at org.junit.platform.launcher.core.DefaultLauncher.execute(DefaultLauncher.java:96)
	at org.junit.platform.launcher.core.DefaultLauncher.execute(DefaultLauncher.java:75)
	at org.apache.maven.surefire.junitplatform.JUnitPlatformProvider.invokeAllTests(JUnitPlatformProvider.java:142)
	at org.apache.maven.surefire.junitplatform.JUnitPlatformProvider.invoke(JUnitPlatformProvider.java:113)
	at org.apache.maven.surefire.booter.ForkedBooter.invokeProviderInSameClassLoader(ForkedBooter.java:384)
	at org.apache.maven.surefire.booter.ForkedBooter.runSuitesInProcess(ForkedBooter.java:345)
	at org.apache.maven.surefire.booter.ForkedBooter.execute(ForkedBooter.java:126)
	at org.apache.maven.surefire.booter.ForkedBooter.main(ForkedBooter.java:418)
2021-08-14 14:05:25,679 [SCMBlockDeletingService#0] DEBUG block.SCMBlockDeletingService (SCMBlockDeletingService.java:call(164)) - Added delete block command for datanode a3a688a0-b759-42a1-9d42-7ea63bf88025 in the queue, number of delete block transactions: 18
2021-08-14 14:05:25,679 [SCMBlockDeletingService#0] DEBUG block.SCMBlockDeletingService (SCMBlockDeletingService.java:call(164)) - Added delete block command for datanode e5d3e9d3-1367-47eb-ad7f-372895a70f55 in the queue, number of delete block transactions: 18
2021-08-14 14:05:25,679 [SCMBlockDeletingService#0] DEBUG block.SCMBlockDeletingService (SCMBlockDeletingService.java:call(164)) - Added delete block command for datanode 41bdc6fc-f730-460f-b2d8-92157d986a72 in the queue, number of delete block transactions: 18
2021-08-14 14:05:25,679 [SCMBlockDeletingService#0] INFO  block.SCMBlockDeletingService (SCMBlockDeletingService.java:call(174)) - Totally added 54 blocks to be deleted for 3 datanodes, task elapsed time: 42ms
2021-08-14 14:05:25,675 [pool-466-thread-3] INFO  keyvalue.KeyValueContainer (KeyValueContainer.java:flushAndSyncDB(397)) - Container 18 is synced with bcsId 274.
2021-08-14 14:05:25,681 [pool-467-thread-4] INFO  keyvalue.KeyValueContainer (KeyValueContainer.java:close(334)) - Container 18 is closed with bcsId 274.
2021-08-14 14:05:25,682 [pool-466-thread-3] INFO  keyvalue.KeyValueContainer (KeyValueContainer.java:close(334)) - Container 18 is closed with bcsId 274.
2021-08-14 14:05:25,685 [Datanode State Machine Thread - 0] WARN  statemachine.StateContext (StateContext.java:execute(621)) - No available thread in pool for past 0 seconds.
2021-08-14 14:05:25,738 [SCMBlockDeletingService#0] DEBUG block.SCMBlockDeletingService (SCMBlockDeletingService.java:call(133)) - Running DeletedBlockTransactionScanner
2021-08-14 14:05:25,738 [SCMBlockDeletingService#0] DEBUG block.SCMBlockDeletingService (DatanodeDeletedBlockTransactions.java:addTransactionToDN(50)) - Transaction added: 41bdc6fc-f730-460f-b2d8-92157d986a72 <- TX(1)
2021-08-14 14:05:25,738 [SCMBlockDeletingService#0] DEBUG block.SCMBlockDeletingService (DatanodeDeletedBlockTransactions.java:addTransactionToDN(50)) - Transaction added: e5d3e9d3-1367-47eb-ad7f-372895a70f55 <- TX(1)
2021-08-14 14:05:25,738 [SCMBlockDeletingService#0] DEBUG block.SCMBlockDeletingService (DatanodeDeletedBlockTransactions.java:addTransactionToDN(50)) - Transaction added: a3a688a0-b759-42a1-9d42-7ea63bf88025 <- TX(1)
2021-08-14 14:05:25,738 [SCMBlockDeletingService#0] DEBUG block.SCMBlockDeletingService (DatanodeDeletedBlockTransactions.java:addTransactionToDN(50)) - Transaction added: a3a688a0-b759-42a1-9d42-7ea63bf88025 <- TX(2)
2021-08-14 14:05:25,738 [SCMBlockDeletingService#0] DEBUG block.SCMBlockDeletingService (DatanodeDeletedBlockTransactions.java:addTransactionToDN(50)) - Transaction added: e5d3e9d3-1367-47eb-ad7f-372895a70f55 <- TX(2)
2021-08-14 14:05:25,738 [SCMBlockDeletingService#0] DEBUG block.SCMBlockDeletingService (DatanodeDeletedBlockTransactions.java:addTransactionToDN(50)) - Transaction added: 41bdc6fc-f730-460f-b2d8-92157d986a72 <- TX(2)
2021-08-14 14:05:25,738 [SCMBlockDeletingService#0] DEBUG block.SCMBlockDeletingService (DatanodeDeletedBlockTransactions.java:addTransactionToDN(50)) - Transaction added: e5d3e9d3-1367-47eb-ad7f-372895a70f55 <- TX(3)
2021-08-14 14:05:25,738 [SCMBlockDeletingService#0] DEBUG block.SCMBlockDeletingService (DatanodeDeletedBlockTransactions.java:addTransactionToDN(50)) - Transaction added: 41bdc6fc-f730-460f-b2d8-92157d986a72 <- TX(3)
2021-08-14 14:05:25,738 [SCMBlockDeletingService#0] DEBUG block.SCMBlockDeletingService (DatanodeDeletedBlockTransactions.java:addTransactionToDN(50)) - Transaction added: a3a688a0-b759-42a1-9d42-7ea63bf88025 <- TX(3)
2021-08-14 14:05:25,738 [SCMBlockDeletingService#0] DEBUG block.SCMBlockDeletingService (DatanodeDeletedBlockTransactions.java:addTransactionToDN(50)) - Transaction added: a3a688a0-b759-42a1-9d42-7ea63bf88025 <- TX(4)
2021-08-14 14:05:25,738 [SCMBlockDeletingService#0] DEBUG block.SCMBlockDeletingService (DatanodeDeletedBlockTransactions.java:addTransactionToDN(50)) - Transaction added: 41bdc6fc-f730-460f-b2d8-92157d986a72 <- TX(4)
2021-08-14 14:05:25,738 [SCMBlockDeletingService#0] DEBUG block.SCMBlockDeletingService (DatanodeDeletedBlockTransactions.java:addTransactionToDN(50)) - Transaction added: e5d3e9d3-1367-47eb-ad7f-372895a70f55 <- TX(4)
2021-08-14 14:05:25,738 [SCMBlockDeletingService#0] DEBUG block.SCMBlockDeletingService (DatanodeDeletedBlockTransactions.java:addTransactionToDN(50)) - Transaction added: a3a688a0-b759-42a1-9d42-7ea63bf88025 <- TX(5)
2021-08-14 14:05:25,738 [SCMBlockDeletingService#0] DEBUG block.SCMBlockDeletingService (DatanodeDeletedBlockTransactions.java:addTransactionToDN(50)) - Transaction added: 41bdc6fc-f730-460f-b2d8-92157d986a72 <- TX(5)
2021-08-14 14:05:25,738 [SCMBlockDeletingService#0] DEBUG block.SCMBlockDeletingService (DatanodeDeletedBlockTransactions.java:addTransactionToDN(50)) - Transaction added: e5d3e9d3-1367-47eb-ad7f-372895a70f55 <- TX(5)
2021-08-14 14:05:25,738 [SCMBlockDeletingService#0] DEBUG block.SCMBlockDeletingService (DatanodeDeletedBlockTransactions.java:addTransactionToDN(50)) - Transaction added: a3a688a0-b759-42a1-9d42-7ea63bf88025 <- TX(6)
2021-08-14 14:05:25,738 [SCMBlockDeletingService#0] DEBUG block.SCMBlockDeletingService (DatanodeDeletedBlockTransactions.java:addTransactionToDN(50)) - Transaction added: e5d3e9d3-1367-47eb-ad7f-372895a70f55 <- TX(6)
2021-08-14 14:05:25,738 [SCMBlockDeletingService#0] DEBUG block.SCMBlockDeletingService (DatanodeDeletedBlockTransactions.java:addTransactionToDN(50)) - Transaction added: 41bdc6fc-f730-460f-b2d8-92157d986a72 <- TX(6)
2021-08-14 14:05:25,738 [SCMBlockDeletingService#0] DEBUG block.SCMBlockDeletingService (DatanodeDeletedBlockTransactions.java:addTransactionToDN(50)) - Transaction added: a3a688a0-b759-42a1-9d42-7ea63bf88025 <- TX(7)
2021-08-14 14:05:25,738 [SCMBlockDeletingService#0] DEBUG block.SCMBlockDeletingService (DatanodeDeletedBlockTransactions.java:addTransactionToDN(50)) - Transaction added: e5d3e9d3-1367-47eb-ad7f-372895a70f55 <- TX(7)
2021-08-14 14:05:25,738 [SCMBlockDeletingService#0] DEBUG block.SCMBlockDeletingService (DatanodeDeletedBlockTransactions.java:addTransactionToDN(50)) - Transaction added: 41bdc6fc-f730-460f-b2d8-92157d986a72 <- TX(7)
2021-08-14 14:05:25,738 [SCMBlockDeletingService#0] DEBUG block.SCMBlockDeletingService (DatanodeDeletedBlockTransactions.java:addTransactionToDN(50)) - Transaction added: 41bdc6fc-f730-460f-b2d8-92157d986a72 <- TX(8)
2021-08-14 14:05:25,738 [SCMBlockDeletingService#0] DEBUG block.SCMBlockDeletingService (DatanodeDeletedBlockTransactions.java:addTransactionToDN(50)) - Transaction added: e5d3e9d3-1367-47eb-ad7f-372895a70f55 <- TX(8)
2021-08-14 14:05:25,738 [SCMBlockDeletingService#0] DEBUG block.SCMBlockDeletingService (DatanodeDeletedBlockTransactions.java:addTransactionToDN(50)) - Transaction added: a3a688a0-b759-42a1-9d42-7ea63bf88025 <- TX(8)
2021-08-14 14:05:25,738 [SCMBlockDeletingService#0] DEBUG block.SCMBlockDeletingService (DatanodeDeletedBlockTransactions.java:addTransactionToDN(50)) - Transaction added: a3a688a0-b759-42a1-9d42-7ea63bf88025 <- TX(9)
2021-08-14 14:05:25,739 [SCMBlockDeletingService#0] DEBUG block.SCMBlockDeletingService (DatanodeDeletedBlockTransactions.java:addTransactionToDN(50)) - Transaction added: 41bdc6fc-f730-460f-b2d8-92157d986a72 <- TX(9)
2021-08-14 14:05:25,739 [SCMBlockDeletingService#0] DEBUG block.SCMBlockDeletingService (DatanodeDeletedBlockTransactions.java:addTransactionToDN(50)) - Transaction added: e5d3e9d3-1367-47eb-ad7f-372895a70f55 <- TX(9)
2021-08-14 14:05:25,739 [SCMBlockDeletingService#0] DEBUG block.SCMBlockDeletingService (DatanodeDeletedBlockTransactions.java:addTransactionToDN(50)) - Transaction added: e5d3e9d3-1367-47eb-ad7f-372895a70f55 <- TX(10)
2021-08-14 14:05:25,739 [SCMBlockDeletingService#0] DEBUG block.SCMBlockDeletingService (DatanodeDeletedBlockTransactions.java:addTransactionToDN(50)) - Transaction added: 41bdc6fc-f730-460f-b2d8-92157d986a72 <- TX(10)
2021-08-14 14:05:25,739 [SCMBlockDeletingService#0] DEBUG block.SCMBlockDeletingService (DatanodeDeletedBlockTransactions.java:addTransactionToDN(50)) - Transaction added: a3a688a0-b759-42a1-9d42-7ea63bf88025 <- TX(10)
2021-08-14 14:05:25,739 [SCMBlockDeletingService#0] DEBUG block.SCMBlockDeletingService (DatanodeDeletedBlockTransactions.java:addTransactionToDN(50)) - Transaction added: a3a688a0-b759-42a1-9d42-7ea63bf88025 <- TX(11)
2021-08-14 14:05:25,739 [SCMBlockDeletingService#0] DEBUG block.SCMBlockDeletingService (DatanodeDeletedBlockTransactions.java:addTransactionToDN(50)) - Transaction added: e5d3e9d3-1367-47eb-ad7f-372895a70f55 <- TX(11)
2021-08-14 14:05:25,739 [SCMBlockDeletingService#0] DEBUG block.SCMBlockDeletingService (DatanodeDeletedBlockTransactions.java:addTransactionToDN(50)) - Transaction added: 41bdc6fc-f730-460f-b2d8-92157d986a72 <- TX(11)
2021-08-14 14:05:25,739 [SCMBlockDeletingService#0] DEBUG block.SCMBlockDeletingService (DatanodeDeletedBlockTransactions.java:addTransactionToDN(50)) - Transaction added: 41bdc6fc-f730-460f-b2d8-92157d986a72 <- TX(12)
2021-08-14 14:05:25,739 [SCMBlockDeletingService#0] DEBUG block.SCMBlockDeletingService (DatanodeDeletedBlockTransactions.java:addTransactionToDN(50)) - Transaction added: e5d3e9d3-1367-47eb-ad7f-372895a70f55 <- TX(12)
2021-08-14 14:05:25,739 [SCMBlockDeletingService#0] DEBUG block.SCMBlockDeletingService (DatanodeDeletedBlockTransactions.java:addTransactionToDN(50)) - Transaction added: a3a688a0-b759-42a1-9d42-7ea63bf88025 <- TX(12)
2021-08-14 14:05:25,739 [SCMBlockDeletingService#0] DEBUG block.SCMBlockDeletingService (DatanodeDeletedBlockTransactions.java:addTransactionToDN(50)) - Transaction added: a3a688a0-b759-42a1-9d42-7ea63bf88025 <- TX(13)
2021-08-14 14:05:25,739 [SCMBlockDeletingService#0] DEBUG block.SCMBlockDeletingService (DatanodeDeletedBlockTransactions.java:addTransactionToDN(50)) - Transaction added: 41bdc6fc-f730-460f-b2d8-92157d986a72 <- TX(13)
2021-08-14 14:05:25,739 [SCMBlockDeletingService#0] DEBUG block.SCMBlockDeletingService (DatanodeDeletedBlockTransactions.java:addTransactionToDN(50)) - Transaction added: e5d3e9d3-1367-47eb-ad7f-372895a70f55 <- TX(13)
2021-08-14 14:05:25,739 [SCMBlockDeletingService#0] DEBUG block.SCMBlockDeletingService (DatanodeDeletedBlockTransactions.java:addTransactionToDN(50)) - Transaction added: a3a688a0-b759-42a1-9d42-7ea63bf88025 <- TX(14)
2021-08-14 14:05:25,739 [SCMBlockDeletingService#0] DEBUG block.SCMBlockDeletingService (DatanodeDeletedBlockTransactions.java:addTransactionToDN(50)) - Transaction added: e5d3e9d3-1367-47eb-ad7f-372895a70f55 <- TX(14)
2021-08-14 14:05:25,739 [SCMBlockDeletingService#0] DEBUG block.SCMBlockDeletingService (DatanodeDeletedBlockTransactions.java:addTransactionToDN(50)) - Transaction added: 41bdc6fc-f730-460f-b2d8-92157d986a72 <- TX(14)
2021-08-14 14:05:25,739 [SCMBlockDeletingService#0] DEBUG block.SCMBlockDeletingService (DatanodeDeletedBlockTransactions.java:addTransactionToDN(50)) - Transaction added: 41bdc6fc-f730-460f-b2d8-92157d986a72 <- TX(15)
2021-08-14 14:05:25,739 [SCMBlockDeletingService#0] DEBUG block.SCMBlockDeletingService (DatanodeDeletedBlockTransactions.java:addTransactionToDN(50)) - Transaction added: a3a688a0-b759-42a1-9d42-7ea63bf88025 <- TX(15)
2021-08-14 14:05:25,739 [SCMBlockDeletingService#0] DEBUG block.SCMBlockDeletingService (DatanodeDeletedBlockTransactions.java:addTransactionToDN(50)) - Transaction added: e5d3e9d3-1367-47eb-ad7f-372895a70f55 <- TX(15)
2021-08-14 14:05:25,739 [SCMBlockDeletingService#0] DEBUG block.SCMBlockDeletingService (DatanodeDeletedBlockTransactions.java:addTransactionToDN(50)) - Transaction added: a3a688a0-b759-42a1-9d42-7ea63bf88025 <- TX(16)
2021-08-14 14:05:25,739 [SCMBlockDeletingService#0] DEBUG block.SCMBlockDeletingService (DatanodeDeletedBlockTransactions.java:addTransactionToDN(50)) - Transaction added: 41bdc6fc-f730-460f-b2d8-92157d986a72 <- TX(16)
2021-08-14 14:05:25,739 [SCMBlockDeletingService#0] DEBUG block.SCMBlockDeletingService (DatanodeDeletedBlockTransactions.java:addTransactionToDN(50)) - Transaction added: e5d3e9d3-1367-47eb-ad7f-372895a70f55 <- TX(16)
2021-08-14 14:05:25,739 [SCMBlockDeletingService#0] DEBUG block.SCMBlockDeletingService (DatanodeDeletedBlockTransactions.java:addTransactionToDN(50)) - Transaction added: 41bdc6fc-f730-460f-b2d8-92157d986a72 <- TX(17)
2021-08-14 14:05:25,739 [SCMBlockDeletingService#0] DEBUG block.SCMBlockDeletingService (DatanodeDeletedBlockTransactions.java:addTransactionToDN(50)) - Transaction added: e5d3e9d3-1367-47eb-ad7f-372895a70f55 <- TX(17)
2021-08-14 14:05:25,739 [SCMBlockDeletingService#0] DEBUG block.SCMBlockDeletingService (DatanodeDeletedBlockTransactions.java:addTransactionToDN(50)) - Transaction added: a3a688a0-b759-42a1-9d42-7ea63bf88025 <- TX(17)
2021-08-14 14:05:25,739 [SCMBlockDeletingService#0] DEBUG block.SCMBlockDeletingService (DatanodeDeletedBlockTransactions.java:addTransactionToDN(50)) - Transaction added: a3a688a0-b759-42a1-9d42-7ea63bf88025 <- TX(18)
2021-08-14 14:05:25,739 [SCMBlockDeletingService#0] DEBUG block.SCMBlockDeletingService (DatanodeDeletedBlockTransactions.java:addTransactionToDN(50)) - Transaction added: e5d3e9d3-1367-47eb-ad7f-372895a70f55 <- TX(18)
2021-08-14 14:05:25,739 [SCMBlockDeletingService#0] DEBUG block.SCMBlockDeletingService (DatanodeDeletedBlockTransactions.java:addTransactionToDN(50)) - Transaction added: 41bdc6fc-f730-460f-b2d8-92157d986a72 <- TX(18)
2021-08-14 14:05:25,739 [SCMBlockDeletingService#0] DEBUG block.SCMBlockDeletingService (SCMBlockDeletingService.java:call(164)) - Added delete block command for datanode a3a688a0-b759-42a1-9d42-7ea63bf88025 in the queue, number of delete block transactions: 18
2021-08-14 14:05:25,739 [SCMBlockDeletingService#0] DEBUG block.SCMBlockDeletingService (SCMBlockDeletingService.java:call(164)) - Added delete block command for datanode e5d3e9d3-1367-47eb-ad7f-372895a70f55 in the queue, number of delete block transactions: 18
2021-08-14 14:05:25,740 [SCMBlockDeletingService#0] DEBUG block.SCMBlockDeletingService (SCMBlockDeletingService.java:call(164)) - Added delete block command for datanode 41bdc6fc-f730-460f-b2d8-92157d986a72 in the queue, number of delete block transactions: 18
2021-08-14 14:05:25,740 [SCMBlockDeletingService#0] INFO  block.SCMBlockDeletingService (SCMBlockDeletingService.java:call(174)) - Totally added 54 blocks to be deleted for 3 datanodes, task elapsed time: 2ms
2021-08-14 14:05:25,768 [Datanode State Machine Thread - 0] WARN  statemachine.StateContext (StateContext.java:execute(621)) - No available thread in pool for past 0 seconds.
2021-08-14 14:05:25,768 [Datanode State Machine Thread - 0] WARN  statemachine.StateContext (StateContext.java:execute(621)) - No available thread in pool for past 0 seconds.
2021-08-14 14:05:25,771 [pool-466-thread-2] INFO  keyvalue.KeyValueContainer (KeyValueContainer.java:flushAndSyncDB(397)) - Container 19 is synced with bcsId 290.
2021-08-14 14:05:25,771 [pool-466-thread-2] INFO  keyvalue.KeyValueContainer (KeyValueContainer.java:flushAndSyncDB(397)) - Container 19 is synced with bcsId 290.
2021-08-14 14:05:25,773 [pool-466-thread-2] INFO  keyvalue.KeyValueContainer (KeyValueContainer.java:close(334)) - Container 19 is closed with bcsId 290.
2021-08-14 14:05:25,821 [pool-467-thread-3] INFO  keyvalue.KeyValueContainer (KeyValueContainer.java:flushAndSyncDB(397)) - Container 19 is synced with bcsId 290.
2021-08-14 14:05:25,821 [pool-467-thread-3] INFO  keyvalue.KeyValueContainer (KeyValueContainer.java:flushAndSyncDB(397)) - Container 19 is synced with bcsId 290.
2021-08-14 14:05:25,826 [pool-467-thread-3] INFO  keyvalue.KeyValueContainer (KeyValueContainer.java:close(334)) - Container 19 is closed with bcsId 290.
2021-08-14 14:05:25,835 [Datanode State Machine Thread - 0] WARN  statemachine.StateContext (StateContext.java:execute(621)) - No available thread in pool for past 0 seconds.
2021-08-14 14:05:25,836 [Datanode State Machine Thread - 0] WARN  statemachine.StateContext (StateContext.java:execute(621)) - No available thread in pool for past 0 seconds.
2021-08-14 14:05:25,836 [Datanode State Machine Thread - 0] WARN  statemachine.StateContext (StateContext.java:execute(621)) - No available thread in pool for past 0 seconds.
2021-08-14 14:05:25,837 [EventQueue-IncrementalContainerReportForIncrementalContainerReportHandler] INFO  container.IncrementalContainerReportHandler (AbstractContainerReportHandler.java:updateContainerState(223)) - Moving container #19 to CLOSED state, datanode e5d3e9d3-1367-47eb-ad7f-372895a70f55{ip: 10.1.0.16, host: fv-az297-666.nmf1rxwemy4u5di1sxxf4ejcwb.jx.internal.cloudapp.net, ports: [REPLICATION=33733, RATIS=46003, RATIS_ADMIN=46003, RATIS_SERVER=46003, STANDALONE=36239], networkLocation: /default-rack, certSerialId: null, persistedOpState: IN_SERVICE, persistedOpStateExpiryEpochSec: 0} reported CLOSED replica.
2021-08-14 14:05:25,837 [Datanode State Machine Thread - 0] WARN  statemachine.StateContext (StateContext.java:execute(621)) - No available thread in pool for past 0 seconds.
2021-08-14 14:05:25,841 [SCMBlockDeletingService#0] DEBUG block.SCMBlockDeletingService (SCMBlockDeletingService.java:call(133)) - Running DeletedBlockTransactionScanner
2021-08-14 14:05:25,867 [SCMBlockDeletingService#0] DEBUG block.SCMBlockDeletingService (DatanodeDeletedBlockTransactions.java:addTransactionToDN(50)) - Transaction added: 41bdc6fc-f730-460f-b2d8-92157d986a72 <- TX(1)
2021-08-14 14:05:25,867 [SCMBlockDeletingService#0] DEBUG block.SCMBlockDeletingService (DatanodeDeletedBlockTransactions.java:addTransactionToDN(50)) - Transaction added: e5d3e9d3-1367-47eb-ad7f-372895a70f55 <- TX(1)
2021-08-14 14:05:25,867 [SCMBlockDeletingService#0] DEBUG block.SCMBlockDeletingService (DatanodeDeletedBlockTransactions.java:addTransactionToDN(50)) - Transaction added: a3a688a0-b759-42a1-9d42-7ea63bf88025 <- TX(1)
2021-08-14 14:05:25,867 [SCMBlockDeletingService#0] DEBUG block.SCMBlockDeletingService (DatanodeDeletedBlockTransactions.java:addTransactionToDN(50)) - Transaction added: a3a688a0-b759-42a1-9d42-7ea63bf88025 <- TX(2)
2021-08-14 14:05:25,867 [SCMBlockDeletingService#0] DEBUG block.SCMBlockDeletingService (DatanodeDeletedBlockTransactions.java:addTransactionToDN(50)) - Transaction added: e5d3e9d3-1367-47eb-ad7f-372895a70f55 <- TX(2)
2021-08-14 14:05:25,867 [SCMBlockDeletingService#0] DEBUG block.SCMBlockDeletingService (DatanodeDeletedBlockTransactions.java:addTransactionToDN(50)) - Transaction added: 41bdc6fc-f730-460f-b2d8-92157d986a72 <- TX(2)
2021-08-14 14:05:25,867 [SCMBlockDeletingService#0] DEBUG block.SCMBlockDeletingService (DatanodeDeletedBlockTransactions.java:addTransactionToDN(50)) - Transaction added: e5d3e9d3-1367-47eb-ad7f-372895a70f55 <- TX(3)
2021-08-14 14:05:25,867 [SCMBlockDeletingService#0] DEBUG block.SCMBlockDeletingService (DatanodeDeletedBlockTransactions.java:addTransactionToDN(50)) - Transaction added: 41bdc6fc-f730-460f-b2d8-92157d986a72 <- TX(3)
2021-08-14 14:05:25,867 [SCMBlockDeletingService#0] DEBUG block.SCMBlockDeletingService (DatanodeDeletedBlockTransactions.java:addTransactionToDN(50)) - Transaction added: a3a688a0-b759-42a1-9d42-7ea63bf88025 <- TX(3)
2021-08-14 14:05:25,867 [SCMBlockDeletingService#0] DEBUG block.SCMBlockDeletingService (DatanodeDeletedBlockTransactions.java:addTransactionToDN(50)) - Transaction added: a3a688a0-b759-42a1-9d42-7ea63bf88025 <- TX(4)
2021-08-14 14:05:25,867 [SCMBlockDeletingService#0] DEBUG block.SCMBlockDeletingService (DatanodeDeletedBlockTransactions.java:addTransactionToDN(50)) - Transaction added: 41bdc6fc-f730-460f-b2d8-92157d986a72 <- TX(4)
2021-08-14 14:05:25,867 [SCMBlockDeletingService#0] DEBUG block.SCMBlockDeletingService (DatanodeDeletedBlockTransactions.java:addTransactionToDN(50)) - Transaction added: e5d3e9d3-1367-47eb-ad7f-372895a70f55 <- TX(4)
2021-08-14 14:05:25,867 [SCMBlockDeletingService#0] DEBUG block.SCMBlockDeletingService (DatanodeDeletedBlockTransactions.java:addTransactionToDN(50)) - Transaction added: a3a688a0-b759-42a1-9d42-7ea63bf88025 <- TX(5)
2021-08-14 14:05:25,867 [SCMBlockDeletingService#0] DEBUG block.SCMBlockDeletingService (DatanodeDeletedBlockTransactions.java:addTransactionToDN(50)) - Transaction added: 41bdc6fc-f730-460f-b2d8-92157d986a72 <- TX(5)
2021-08-14 14:05:25,868 [SCMBlockDeletingService#0] DEBUG block.SCMBlockDeletingService (DatanodeDeletedBlockTransactions.java:addTransactionToDN(50)) - Transaction added: e5d3e9d3-1367-47eb-ad7f-372895a70f55 <- TX(5)
2021-08-14 14:05:25,868 [SCMBlockDeletingService#0] DEBUG block.SCMBlockDeletingService (DatanodeDeletedBlockTransactions.java:addTransactionToDN(50)) - Transaction added: a3a688a0-b759-42a1-9d42-7ea63bf88025 <- TX(6)
2021-08-14 14:05:25,868 [SCMBlockDeletingService#0] DEBUG block.SCMBlockDeletingService (DatanodeDeletedBlockTransactions.java:addTransactionToDN(50)) - Transaction added: e5d3e9d3-1367-47eb-ad7f-372895a70f55 <- TX(6)
2021-08-14 14:05:25,868 [SCMBlockDeletingService#0] DEBUG block.SCMBlockDeletingService (DatanodeDeletedBlockTransactions.java:addTransactionToDN(50)) - Transaction added: 41bdc6fc-f730-460f-b2d8-92157d986a72 <- TX(6)
2021-08-14 14:05:25,868 [SCMBlockDeletingService#0] DEBUG block.SCMBlockDeletingService (DatanodeDeletedBlockTransactions.java:addTransactionToDN(50)) - Transaction added: a3a688a0-b759-42a1-9d42-7ea63bf88025 <- TX(7)
2021-08-14 14:05:25,868 [SCMBlockDeletingService#0] DEBUG block.SCMBlockDeletingService (DatanodeDeletedBlockTransactions.java:addTransactionToDN(50)) - Transaction added: e5d3e9d3-1367-47eb-ad7f-372895a70f55 <- TX(7)
2021-08-14 14:05:25,868 [SCMBlockDeletingService#0] DEBUG block.SCMBlockDeletingService (DatanodeDeletedBlockTransactions.java:addTransactionToDN(50)) - Transaction added: 41bdc6fc-f730-460f-b2d8-92157d986a72 <- TX(7)
2021-08-14 14:05:25,868 [SCMBlockDeletingService#0] DEBUG block.SCMBlockDeletingService (DatanodeDeletedBlockTransactions.java:addTransactionToDN(50)) - Transaction added: 41bdc6fc-f730-460f-b2d8-92157d986a72 <- TX(8)
2021-08-14 14:05:25,868 [SCMBlockDeletingService#0] DEBUG block.SCMBlockDeletingService (DatanodeDeletedBlockTransactions.java:addTransactionToDN(50)) - Transaction added: e5d3e9d3-1367-47eb-ad7f-372895a70f55 <- TX(8)
2021-08-14 14:05:25,868 [SCMBlockDeletingService#0] DEBUG block.SCMBlockDeletingService (DatanodeDeletedBlockTransactions.java:addTransactionToDN(50)) - Transaction added: a3a688a0-b759-42a1-9d42-7ea63bf88025 <- TX(8)
2021-08-14 14:05:25,868 [SCMBlockDeletingService#0] DEBUG block.SCMBlockDeletingService (DatanodeDeletedBlockTransactions.java:addTransactionToDN(50)) - Transaction added: a3a688a0-b759-42a1-9d42-7ea63bf88025 <- TX(9)
2021-08-14 14:05:25,868 [SCMBlockDeletingService#0] DEBUG block.SCMBlockDeletingService (DatanodeDeletedBlockTransactions.java:addTransactionToDN(50)) - Transaction added: 41bdc6fc-f730-460f-b2d8-92157d986a72 <- TX(9)
2021-08-14 14:05:25,868 [SCMBlockDeletingService#0] DEBUG block.SCMBlockDeletingService (DatanodeDeletedBlockTransactions.java:addTransactionToDN(50)) - Transaction added: e5d3e9d3-1367-47eb-ad7f-372895a70f55 <- TX(9)
2021-08-14 14:05:25,868 [SCMBlockDeletingService#0] DEBUG block.SCMBlockDeletingService (DatanodeDeletedBlockTransactions.java:addTransactionToDN(50)) - Transaction added: e5d3e9d3-1367-47eb-ad7f-372895a70f55 <- TX(10)
2021-08-14 14:05:25,868 [SCMBlockDeletingService#0] DEBUG block.SCMBlockDeletingService (DatanodeDeletedBlockTransactions.java:addTransactionToDN(50)) - Transaction added: 41bdc6fc-f730-460f-b2d8-92157d986a72 <- TX(10)
2021-08-14 14:05:25,868 [SCMBlockDeletingService#0] DEBUG block.SCMBlockDeletingService (DatanodeDeletedBlockTransactions.java:addTransactionToDN(50)) - Transaction added: a3a688a0-b759-42a1-9d42-7ea63bf88025 <- TX(10)
2021-08-14 14:05:25,868 [SCMBlockDeletingService#0] DEBUG block.SCMBlockDeletingService (DatanodeDeletedBlockTransactions.java:addTransactionToDN(50)) - Transaction added: a3a688a0-b759-42a1-9d42-7ea63bf88025 <- TX(11)
2021-08-14 14:05:25,868 [SCMBlockDeletingService#0] DEBUG block.SCMBlockDeletingService (DatanodeDeletedBlockTransactions.java:addTransactionToDN(50)) - Transaction added: e5d3e9d3-1367-47eb-ad7f-372895a70f55 <- TX(11)
2021-08-14 14:05:25,868 [SCMBlockDeletingService#0] DEBUG block.SCMBlockDeletingService (DatanodeDeletedBlockTransactions.java:addTransactionToDN(50)) - Transaction added: 41bdc6fc-f730-460f-b2d8-92157d986a72 <- TX(11)
2021-08-14 14:05:25,868 [SCMBlockDeletingService#0] DEBUG block.SCMBlockDeletingService (DatanodeDeletedBlockTransactions.java:addTransactionToDN(50)) - Transaction added: 41bdc6fc-f730-460f-b2d8-92157d986a72 <- TX(12)
2021-08-14 14:05:25,868 [SCMBlockDeletingService#0] DEBUG block.SCMBlockDeletingService (DatanodeDeletedBlockTransactions.java:addTransactionToDN(50)) - Transaction added: e5d3e9d3-1367-47eb-ad7f-372895a70f55 <- TX(12)
2021-08-14 14:05:25,868 [SCMBlockDeletingService#0] DEBUG block.SCMBlockDeletingService (DatanodeDeletedBlockTransactions.java:addTransactionToDN(50)) - Transaction added: a3a688a0-b759-42a1-9d42-7ea63bf88025 <- TX(12)
2021-08-14 14:05:25,868 [SCMBlockDeletingService#0] DEBUG block.SCMBlockDeletingService (DatanodeDeletedBlockTransactions.java:addTransactionToDN(50)) - Transaction added: a3a688a0-b759-42a1-9d42-7ea63bf88025 <- TX(13)
2021-08-14 14:05:25,868 [SCMBlockDeletingService#0] DEBUG block.SCMBlockDeletingService (DatanodeDeletedBlockTransactions.java:addTransactionToDN(50)) - Transaction added: 41bdc6fc-f730-460f-b2d8-92157d986a72 <- TX(13)
2021-08-14 14:05:25,868 [SCMBlockDeletingService#0] DEBUG block.SCMBlockDeletingService (DatanodeDeletedBlockTransactions.java:addTransactionToDN(50)) - Transaction added: e5d3e9d3-1367-47eb-ad7f-372895a70f55 <- TX(13)
2021-08-14 14:05:25,868 [SCMBlockDeletingService#0] DEBUG block.SCMBlockDeletingService (DatanodeDeletedBlockTransactions.java:addTransactionToDN(50)) - Transaction added: a3a688a0-b759-42a1-9d42-7ea63bf88025 <- TX(14)
2021-08-14 14:05:25,868 [SCMBlockDeletingService#0] DEBUG block.SCMBlockDeletingService (DatanodeDeletedBlockTransactions.java:addTransactionToDN(50)) - Transaction added: e5d3e9d3-1367-47eb-ad7f-372895a70f55 <- TX(14)
2021-08-14 14:05:25,869 [SCMBlockDeletingService#0] DEBUG block.SCMBlockDeletingService (DatanodeDeletedBlockTransactions.java:addTransactionToDN(50)) - Transaction added: 41bdc6fc-f730-460f-b2d8-92157d986a72 <- TX(14)
2021-08-14 14:05:25,869 [SCMBlockDeletingService#0] DEBUG block.SCMBlockDeletingService (DatanodeDeletedBlockTransactions.java:addTransactionToDN(50)) - Transaction added: 41bdc6fc-f730-460f-b2d8-92157d986a72 <- TX(15)
2021-08-14 14:05:25,869 [SCMBlockDeletingService#0] DEBUG block.SCMBlockDeletingService (DatanodeDeletedBlockTransactions.java:addTransactionToDN(50)) - Transaction added: a3a688a0-b759-42a1-9d42-7ea63bf88025 <- TX(15)
2021-08-14 14:05:25,869 [SCMBlockDeletingService#0] DEBUG block.SCMBlockDeletingService (DatanodeDeletedBlockTransactions.java:addTransactionToDN(50)) - Transaction added: e5d3e9d3-1367-47eb-ad7f-372895a70f55 <- TX(15)
2021-08-14 14:05:25,869 [SCMBlockDeletingService#0] DEBUG block.SCMBlockDeletingService (DatanodeDeletedBlockTransactions.java:addTransactionToDN(50)) - Transaction added: a3a688a0-b759-42a1-9d42-7ea63bf88025 <- TX(16)
2021-08-14 14:05:25,869 [SCMBlockDeletingService#0] DEBUG block.SCMBlockDeletingService (DatanodeDeletedBlockTransactions.java:addTransactionToDN(50)) - Transaction added: 41bdc6fc-f730-460f-b2d8-92157d986a72 <- TX(16)
2021-08-14 14:05:25,869 [SCMBlockDeletingService#0] DEBUG block.SCMBlockDeletingService (DatanodeDeletedBlockTransactions.java:addTransactionToDN(50)) - Transaction added: e5d3e9d3-1367-47eb-ad7f-372895a70f55 <- TX(16)
2021-08-14 14:05:25,869 [SCMBlockDeletingService#0] DEBUG block.SCMBlockDeletingService (DatanodeDeletedBlockTransactions.java:addTransactionToDN(50)) - Transaction added: 41bdc6fc-f730-460f-b2d8-92157d986a72 <- TX(17)
2021-08-14 14:05:25,869 [SCMBlockDeletingService#0] DEBUG block.SCMBlockDeletingService (DatanodeDeletedBlockTransactions.java:addTransactionToDN(50)) - Transaction added: e5d3e9d3-1367-47eb-ad7f-372895a70f55 <- TX(17)
2021-08-14 14:05:25,869 [SCMBlockDeletingService#0] DEBUG block.SCMBlockDeletingService (DatanodeDeletedBlockTransactions.java:addTransactionToDN(50)) - Transaction added: a3a688a0-b759-42a1-9d42-7ea63bf88025 <- TX(17)
2021-08-14 14:05:25,869 [SCMBlockDeletingService#0] DEBUG block.SCMBlockDeletingService (DatanodeDeletedBlockTransactions.java:addTransactionToDN(50)) - Transaction added: a3a688a0-b759-42a1-9d42-7ea63bf88025 <- TX(18)
2021-08-14 14:05:25,869 [SCMBlockDeletingService#0] DEBUG block.SCMBlockDeletingService (DatanodeDeletedBlockTransactions.java:addTransactionToDN(50)) - Transaction added: e5d3e9d3-1367-47eb-ad7f-372895a70f55 <- TX(18)
2021-08-14 14:05:25,869 [SCMBlockDeletingService#0] DEBUG block.SCMBlockDeletingService (DatanodeDeletedBlockTransactions.java:addTransactionToDN(50)) - Transaction added: 41bdc6fc-f730-460f-b2d8-92157d986a72 <- TX(18)
2021-08-14 14:05:25,869 [SCMBlockDeletingService#0] DEBUG block.SCMBlockDeletingService (DatanodeDeletedBlockTransactions.java:addTransactionToDN(50)) - Transaction added: e5d3e9d3-1367-47eb-ad7f-372895a70f55 <- TX(19)
2021-08-14 14:05:25,869 [SCMBlockDeletingService#0] DEBUG block.SCMBlockDeletingService (DatanodeDeletedBlockTransactions.java:addTransactionToDN(50)) - Transaction added: 41bdc6fc-f730-460f-b2d8-92157d986a72 <- TX(19)
2021-08-14 14:05:25,869 [SCMBlockDeletingService#0] DEBUG block.SCMBlockDeletingService (DatanodeDeletedBlockTransactions.java:addTransactionToDN(50)) - Transaction added: a3a688a0-b759-42a1-9d42-7ea63bf88025 <- TX(19)
2021-08-14 14:05:25,866 [Datanode State Machine Thread - 0] WARN  statemachine.StateContext (StateContext.java:execute(621)) - No available thread in pool for past 0 seconds.
2021-08-14 14:05:25,859 [Datanode State Machine Thread - 0] WARN  statemachine.StateContext (StateContext.java:execute(621)) - No available thread in pool for past 0 seconds.
2021-08-14 14:05:25,873 [SCMBlockDeletingService#0] DEBUG block.SCMBlockDeletingService (SCMBlockDeletingService.java:call(164)) - Added delete block command for datanode a3a688a0-b759-42a1-9d42-7ea63bf88025 in the queue, number of delete block transactions: 19
2021-08-14 14:05:25,874 [SCMBlockDeletingService#0] DEBUG block.SCMBlockDeletingService (SCMBlockDeletingService.java:call(164)) - Added delete block command for datanode e5d3e9d3-1367-47eb-ad7f-372895a70f55 in the queue, number of delete block transactions: 19
2021-08-14 14:05:25,874 [SCMBlockDeletingService#0] DEBUG block.SCMBlockDeletingService (SCMBlockDeletingService.java:call(164)) - Added delete block command for datanode 41bdc6fc-f730-460f-b2d8-92157d986a72 in the queue, number of delete block transactions: 19
2021-08-14 14:05:25,874 [SCMBlockDeletingService#0] INFO  block.SCMBlockDeletingService (SCMBlockDeletingService.java:call(174)) - Totally added 57 blocks to be deleted for 3 datanodes, task elapsed time: 33ms
2021-08-14 14:05:25,891 [org.apache.hadoop.ozone.container.common.statemachine.commandhandler.DeleteBlocksCommandHandler$DeleteCmdWorker@24a0a0d7] INFO  commandhandler.DeleteBlocksCommandHandler (DeleteBlocksCommandHandler.java:processCmd(261)) - Start to delete container blocks, TXIDs=[1(0),2(0),3(0)], numOfContainers=3, numOfBlocks=3
2021-08-14 14:05:25,914 [Datanode State Machine Thread - 0] WARN  statemachine.StateContext (StateContext.java:execute(621)) - No available thread in pool for past 0 seconds.
2021-08-14 14:05:25,925 [Datanode State Machine Thread - 0] WARN  statemachine.StateContext (StateContext.java:execute(621)) - No available thread in pool for past 0 seconds.
2021-08-14 14:05:25,927 [Datanode State Machine Thread - 0] WARN  statemachine.StateContext (StateContext.java:execute(621)) - No available thread in pool for past 0 seconds.
2021-08-14 14:05:25,931 [Datanode State Machine Thread - 0] WARN  statemachine.StateContext (StateContext.java:execute(621)) - No available thread in pool for past 0 seconds.
2021-08-14 14:05:25,941 [SCMBlockDeletingService#0] DEBUG block.SCMBlockDeletingService (SCMBlockDeletingService.java:call(133)) - Running DeletedBlockTransactionScanner
2021-08-14 14:05:25,941 [SCMBlockDeletingService#0] DEBUG block.SCMBlockDeletingService (DatanodeDeletedBlockTransactions.java:addTransactionToDN(50)) - Transaction added: 41bdc6fc-f730-460f-b2d8-92157d986a72 <- TX(1)
2021-08-14 14:05:25,942 [SCMBlockDeletingService#0] DEBUG block.SCMBlockDeletingService (DatanodeDeletedBlockTransactions.java:addTransactionToDN(50)) - Transaction added: e5d3e9d3-1367-47eb-ad7f-372895a70f55 <- TX(1)
2021-08-14 14:05:25,942 [SCMBlockDeletingService#0] DEBUG block.SCMBlockDeletingService (DatanodeDeletedBlockTransactions.java:addTransactionToDN(50)) - Transaction added: a3a688a0-b759-42a1-9d42-7ea63bf88025 <- TX(1)
2021-08-14 14:05:25,942 [SCMBlockDeletingService#0] DEBUG block.SCMBlockDeletingService (DatanodeDeletedBlockTransactions.java:addTransactionToDN(50)) - Transaction added: a3a688a0-b759-42a1-9d42-7ea63bf88025 <- TX(2)
2021-08-14 14:05:25,942 [SCMBlockDeletingService#0] DEBUG block.SCMBlockDeletingService (DatanodeDeletedBlockTransactions.java:addTransactionToDN(50)) - Transaction added: e5d3e9d3-1367-47eb-ad7f-372895a70f55 <- TX(2)
2021-08-14 14:05:25,942 [SCMBlockDeletingService#0] DEBUG block.SCMBlockDeletingService (DatanodeDeletedBlockTransactions.java:addTransactionToDN(50)) - Transaction added: 41bdc6fc-f730-460f-b2d8-92157d986a72 <- TX(2)
2021-08-14 14:05:25,942 [SCMBlockDeletingService#0] DEBUG block.SCMBlockDeletingService (DatanodeDeletedBlockTransactions.java:addTransactionToDN(50)) - Transaction added: e5d3e9d3-1367-47eb-ad7f-372895a70f55 <- TX(3)
2021-08-14 14:05:25,942 [SCMBlockDeletingService#0] DEBUG block.SCMBlockDeletingService (DatanodeDeletedBlockTransactions.java:addTransactionToDN(50)) - Transaction added: 41bdc6fc-f730-460f-b2d8-92157d986a72 <- TX(3)
2021-08-14 14:05:25,942 [SCMBlockDeletingService#0] DEBUG block.SCMBlockDeletingService (DatanodeDeletedBlockTransactions.java:addTransactionToDN(50)) - Transaction added: a3a688a0-b759-42a1-9d42-7ea63bf88025 <- TX(3)
2021-08-14 14:05:25,942 [SCMBlockDeletingService#0] DEBUG block.SCMBlockDeletingService (DatanodeDeletedBlockTransactions.java:addTransactionToDN(50)) - Transaction added: a3a688a0-b759-42a1-9d42-7ea63bf88025 <- TX(4)
2021-08-14 14:05:25,942 [SCMBlockDeletingService#0] DEBUG block.SCMBlockDeletingService (DatanodeDeletedBlockTransactions.java:addTransactionToDN(50)) - Transaction added: 41bdc6fc-f730-460f-b2d8-92157d986a72 <- TX(4)
2021-08-14 14:05:25,942 [SCMBlockDeletingService#0] DEBUG block.SCMBlockDeletingService (DatanodeDeletedBlockTransactions.java:addTransactionToDN(50)) - Transaction added: e5d3e9d3-1367-47eb-ad7f-372895a70f55 <- TX(4)
2021-08-14 14:05:25,942 [SCMBlockDeletingService#0] DEBUG block.SCMBlockDeletingService (DatanodeDeletedBlockTransactions.java:addTransactionToDN(50)) - Transaction added: a3a688a0-b759-42a1-9d42-7ea63bf88025 <- TX(5)
2021-08-14 14:05:25,942 [SCMBlockDeletingService#0] DEBUG block.SCMBlockDeletingService (DatanodeDeletedBlockTransactions.java:addTransactionToDN(50)) - Transaction added: 41bdc6fc-f730-460f-b2d8-92157d986a72 <- TX(5)
2021-08-14 14:05:25,942 [SCMBlockDeletingService#0] DEBUG block.SCMBlockDeletingService (DatanodeDeletedBlockTransactions.java:addTransactionToDN(50)) - Transaction added: e5d3e9d3-1367-47eb-ad7f-372895a70f55 <- TX(5)
2021-08-14 14:05:25,942 [SCMBlockDeletingService#0] DEBUG block.SCMBlockDeletingService (DatanodeDeletedBlockTransactions.java:addTransactionToDN(50)) - Transaction added: a3a688a0-b759-42a1-9d42-7ea63bf88025 <- TX(6)
2021-08-14 14:05:25,942 [SCMBlockDeletingService#0] DEBUG block.SCMBlockDeletingService (DatanodeDeletedBlockTransactions.java:addTransactionToDN(50)) - Transaction added: e5d3e9d3-1367-47eb-ad7f-372895a70f55 <- TX(6)
2021-08-14 14:05:25,942 [SCMBlockDeletingService#0] DEBUG block.SCMBlockDeletingService (DatanodeDeletedBlockTransactions.java:addTransactionToDN(50)) - Transaction added: 41bdc6fc-f730-460f-b2d8-92157d986a72 <- TX(6)
2021-08-14 14:05:25,942 [SCMBlockDeletingService#0] DEBUG block.SCMBlockDeletingService (DatanodeDeletedBlockTransactions.java:addTransactionToDN(50)) - Transaction added: a3a688a0-b759-42a1-9d42-7ea63bf88025 <- TX(7)
2021-08-14 14:05:25,942 [SCMBlockDeletingService#0] DEBUG block.SCMBlockDeletingService (DatanodeDeletedBlockTransactions.java:addTransactionToDN(50)) - Transaction added: e5d3e9d3-1367-47eb-ad7f-372895a70f55 <- TX(7)
2021-08-14 14:05:25,942 [SCMBlockDeletingService#0] DEBUG block.SCMBlockDeletingService (DatanodeDeletedBlockTransactions.java:addTransactionToDN(50)) - Transaction added: 41bdc6fc-f730-460f-b2d8-92157d986a72 <- TX(7)
2021-08-14 14:05:25,942 [SCMBlockDeletingService#0] DEBUG block.SCMBlockDeletingService (DatanodeDeletedBlockTransactions.java:addTransactionToDN(50)) - Transaction added: 41bdc6fc-f730-460f-b2d8-92157d986a72 <- TX(8)
2021-08-14 14:05:25,942 [SCMBlockDeletingService#0] DEBUG block.SCMBlockDeletingService (DatanodeDeletedBlockTransactions.java:addTransactionToDN(50)) - Transaction added: e5d3e9d3-1367-47eb-ad7f-372895a70f55 <- TX(8)
2021-08-14 14:05:25,942 [SCMBlockDeletingService#0] DEBUG block.SCMBlockDeletingService (DatanodeDeletedBlockTransactions.java:addTransactionToDN(50)) - Transaction added: a3a688a0-b759-42a1-9d42-7ea63bf88025 <- TX(8)
2021-08-14 14:05:25,942 [SCMBlockDeletingService#0] DEBUG block.SCMBlockDeletingService (DatanodeDeletedBlockTransactions.java:addTransactionToDN(50)) - Transaction added: a3a688a0-b759-42a1-9d42-7ea63bf88025 <- TX(9)
2021-08-14 14:05:25,942 [SCMBlockDeletingService#0] DEBUG block.SCMBlockDeletingService (DatanodeDeletedBlockTransactions.java:addTransactionToDN(50)) - Transaction added: 41bdc6fc-f730-460f-b2d8-92157d986a72 <- TX(9)
2021-08-14 14:05:25,942 [SCMBlockDeletingService#0] DEBUG block.SCMBlockDeletingService (DatanodeDeletedBlockTransactions.java:addTransactionToDN(50)) - Transaction added: e5d3e9d3-1367-47eb-ad7f-372895a70f55 <- TX(9)
2021-08-14 14:05:25,942 [SCMBlockDeletingService#0] DEBUG block.SCMBlockDeletingService (DatanodeDeletedBlockTransactions.java:addTransactionToDN(50)) - Transaction added: e5d3e9d3-1367-47eb-ad7f-372895a70f55 <- TX(10)
2021-08-14 14:05:25,942 [SCMBlockDeletingService#0] DEBUG block.SCMBlockDeletingService (DatanodeDeletedBlockTransactions.java:addTransactionToDN(50)) - Transaction added: 41bdc6fc-f730-460f-b2d8-92157d986a72 <- TX(10)
2021-08-14 14:05:25,942 [SCMBlockDeletingService#0] DEBUG block.SCMBlockDeletingService (DatanodeDeletedBlockTransactions.java:addTransactionToDN(50)) - Transaction added: a3a688a0-b759-42a1-9d42-7ea63bf88025 <- TX(10)
2021-08-14 14:05:25,942 [SCMBlockDeletingService#0] DEBUG block.SCMBlockDeletingService (DatanodeDeletedBlockTransactions.java:addTransactionToDN(50)) - Transaction added: a3a688a0-b759-42a1-9d42-7ea63bf88025 <- TX(11)
2021-08-14 14:05:25,942 [SCMBlockDeletingService#0] DEBUG block.SCMBlockDeletingService (DatanodeDeletedBlockTransactions.java:addTransactionToDN(50)) - Transaction added: e5d3e9d3-1367-47eb-ad7f-372895a70f55 <- TX(11)
2021-08-14 14:05:25,942 [SCMBlockDeletingService#0] DEBUG block.SCMBlockDeletingService (DatanodeDeletedBlockTransactions.java:addTransactionToDN(50)) - Transaction added: 41bdc6fc-f730-460f-b2d8-92157d986a72 <- TX(11)
2021-08-14 14:05:25,942 [SCMBlockDeletingService#0] DEBUG block.SCMBlockDeletingService (DatanodeDeletedBlockTransactions.java:addTransactionToDN(50)) - Transaction added: 41bdc6fc-f730-460f-b2d8-92157d986a72 <- TX(12)
2021-08-14 14:05:25,943 [SCMBlockDeletingService#0] DEBUG block.SCMBlockDeletingService (DatanodeDeletedBlockTransactions.java:addTransactionToDN(50)) - Transaction added: e5d3e9d3-1367-47eb-ad7f-372895a70f55 <- TX(12)
2021-08-14 14:05:25,943 [SCMBlockDeletingService#0] DEBUG block.SCMBlockDeletingService (DatanodeDeletedBlockTransactions.java:addTransactionToDN(50)) - Transaction added: a3a688a0-b759-42a1-9d42-7ea63bf88025 <- TX(12)
2021-08-14 14:05:25,943 [SCMBlockDeletingService#0] DEBUG block.SCMBlockDeletingService (DatanodeDeletedBlockTransactions.java:addTransactionToDN(50)) - Transaction added: a3a688a0-b759-42a1-9d42-7ea63bf88025 <- TX(13)
2021-08-14 14:05:25,943 [SCMBlockDeletingService#0] DEBUG block.SCMBlockDeletingService (DatanodeDeletedBlockTransactions.java:addTransactionToDN(50)) - Transaction added: 41bdc6fc-f730-460f-b2d8-92157d986a72 <- TX(13)
2021-08-14 14:05:25,943 [SCMBlockDeletingService#0] DEBUG block.SCMBlockDeletingService (DatanodeDeletedBlockTransactions.java:addTransactionToDN(50)) - Transaction added: e5d3e9d3-1367-47eb-ad7f-372895a70f55 <- TX(13)
2021-08-14 14:05:25,943 [SCMBlockDeletingService#0] DEBUG block.SCMBlockDeletingService (DatanodeDeletedBlockTransactions.java:addTransactionToDN(50)) - Transaction added: a3a688a0-b759-42a1-9d42-7ea63bf88025 <- TX(14)
2021-08-14 14:05:25,943 [SCMBlockDeletingService#0] DEBUG block.SCMBlockDeletingService (DatanodeDeletedBlockTransactions.java:addTransactionToDN(50)) - Transaction added: e5d3e9d3-1367-47eb-ad7f-372895a70f55 <- TX(14)
2021-08-14 14:05:25,943 [SCMBlockDeletingService#0] DEBUG block.SCMBlockDeletingService (DatanodeDeletedBlockTransactions.java:addTransactionToDN(50)) - Transaction added: 41bdc6fc-f730-460f-b2d8-92157d986a72 <- TX(14)
2021-08-14 14:05:25,943 [SCMBlockDeletingService#0] DEBUG block.SCMBlockDeletingService (DatanodeDeletedBlockTransactions.java:addTransactionToDN(50)) - Transaction added: 41bdc6fc-f730-460f-b2d8-92157d986a72 <- TX(15)
2021-08-14 14:05:25,943 [SCMBlockDeletingService#0] DEBUG block.SCMBlockDeletingService (DatanodeDeletedBlockTransactions.java:addTransactionToDN(50)) - Transaction added: a3a688a0-b759-42a1-9d42-7ea63bf88025 <- TX(15)
2021-08-14 14:05:25,943 [SCMBlockDeletingService#0] DEBUG block.SCMBlockDeletingService (DatanodeDeletedBlockTransactions.java:addTransactionToDN(50)) - Transaction added: e5d3e9d3-1367-47eb-ad7f-372895a70f55 <- TX(15)
2021-08-14 14:05:25,943 [SCMBlockDeletingService#0] DEBUG block.SCMBlockDeletingService (DatanodeDeletedBlockTransactions.java:addTransactionToDN(50)) - Transaction added: a3a688a0-b759-42a1-9d42-7ea63bf88025 <- TX(16)
2021-08-14 14:05:25,943 [SCMBlockDeletingService#0] DEBUG block.SCMBlockDeletingService (DatanodeDeletedBlockTransactions.java:addTransactionToDN(50)) - Transaction added: 41bdc6fc-f730-460f-b2d8-92157d986a72 <- TX(16)
2021-08-14 14:05:25,943 [SCMBlockDeletingService#0] DEBUG block.SCMBlockDeletingService (DatanodeDeletedBlockTransactions.java:addTransactionToDN(50)) - Transaction added: e5d3e9d3-1367-47eb-ad7f-372895a70f55 <- TX(16)
2021-08-14 14:05:25,943 [SCMBlockDeletingService#0] DEBUG block.SCMBlockDeletingService (DatanodeDeletedBlockTransactions.java:addTransactionToDN(50)) - Transaction added: 41bdc6fc-f730-460f-b2d8-92157d986a72 <- TX(17)
2021-08-14 14:05:25,943 [SCMBlockDeletingService#0] DEBUG block.SCMBlockDeletingService (DatanodeDeletedBlockTransactions.java:addTransactionToDN(50)) - Transaction added: e5d3e9d3-1367-47eb-ad7f-372895a70f55 <- TX(17)
2021-08-14 14:05:25,943 [SCMBlockDeletingService#0] DEBUG block.SCMBlockDeletingService (DatanodeDeletedBlockTransactions.java:addTransactionToDN(50)) - Transaction added: a3a688a0-b759-42a1-9d42-7ea63bf88025 <- TX(17)
2021-08-14 14:05:25,943 [SCMBlockDeletingService#0] DEBUG block.SCMBlockDeletingService (DatanodeDeletedBlockTransactions.java:addTransactionToDN(50)) - Transaction added: a3a688a0-b759-42a1-9d42-7ea63bf88025 <- TX(18)
2021-08-14 14:05:25,943 [SCMBlockDeletingService#0] DEBUG block.SCMBlockDeletingService (DatanodeDeletedBlockTransactions.java:addTransactionToDN(50)) - Transaction added: e5d3e9d3-1367-47eb-ad7f-372895a70f55 <- TX(18)
2021-08-14 14:05:25,943 [SCMBlockDeletingService#0] DEBUG block.SCMBlockDeletingService (DatanodeDeletedBlockTransactions.java:addTransactionToDN(50)) - Transaction added: 41bdc6fc-f730-460f-b2d8-92157d986a72 <- TX(18)
2021-08-14 14:05:25,943 [SCMBlockDeletingService#0] DEBUG block.SCMBlockDeletingService (DatanodeDeletedBlockTransactions.java:addTransactionToDN(50)) - Transaction added: e5d3e9d3-1367-47eb-ad7f-372895a70f55 <- TX(19)
2021-08-14 14:05:25,943 [SCMBlockDeletingService#0] DEBUG block.SCMBlockDeletingService (DatanodeDeletedBlockTransactions.java:addTransactionToDN(50)) - Transaction added: 41bdc6fc-f730-460f-b2d8-92157d986a72 <- TX(19)
2021-08-14 14:05:25,943 [SCMBlockDeletingService#0] DEBUG block.SCMBlockDeletingService (DatanodeDeletedBlockTransactions.java:addTransactionToDN(50)) - Transaction added: a3a688a0-b759-42a1-9d42-7ea63bf88025 <- TX(19)
2021-08-14 14:05:25,943 [SCMBlockDeletingService#0] DEBUG block.SCMBlockDeletingService (SCMBlockDeletingService.java:call(164)) - Added delete block command for datanode a3a688a0-b759-42a1-9d42-7ea63bf88025 in the queue, number of delete block transactions: 19
2021-08-14 14:05:25,943 [SCMBlockDeletingService#0] DEBUG block.SCMBlockDeletingService (SCMBlockDeletingService.java:call(164)) - Added delete block command for datanode e5d3e9d3-1367-47eb-ad7f-372895a70f55 in the queue, number of delete block transactions: 19
2021-08-14 14:05:25,943 [SCMBlockDeletingService#0] DEBUG block.SCMBlockDeletingService (SCMBlockDeletingService.java:call(164)) - Added delete block command for datanode 41bdc6fc-f730-460f-b2d8-92157d986a72 in the queue, number of delete block transactions: 19
2021-08-14 14:05:25,943 [SCMBlockDeletingService#0] INFO  block.SCMBlockDeletingService (SCMBlockDeletingService.java:call(174)) - Totally added 57 blocks to be deleted for 3 datanodes, task elapsed time: 2ms
2021-08-14 14:05:25,957 [org.apache.hadoop.ozone.container.common.statemachine.commandhandler.DeleteBlocksCommandHandler$DeleteCmdWorker@24a0a0d7] INFO  commandhandler.DeleteBlocksCommandHandler (DeleteBlocksCommandHandler.java:processCmd(261)) - Start to delete container blocks, TXIDs=[1(0),2(0),3(0),4(0),5(0)], numOfContainers=5, numOfBlocks=5
2021-08-14 14:05:25,957 [org.apache.hadoop.ozone.container.common.statemachine.commandhandler.DeleteBlocksCommandHandler$DeleteCmdWorker@24a0a0d7] INFO  commandhandler.DeleteBlocksCommandHandler (DeleteBlocksCommandHandler.java:processCmd(261)) - Start to delete container blocks, TXIDs=[1(0),2(0),3(0),4(0),5(0),6(0)], numOfContainers=6, numOfBlocks=6
2021-08-14 14:05:25,957 [org.apache.hadoop.ozone.container.common.statemachine.commandhandler.DeleteBlocksCommandHandler$DeleteCmdWorker@24a0a0d7] INFO  commandhandler.DeleteBlocksCommandHandler (DeleteBlocksCommandHandler.java:processCmd(261)) - Start to delete container blocks, TXIDs=[1(0),2(0),3(0),4(0),5(0),6(0),7(0)], numOfContainers=7, numOfBlocks=7
2021-08-14 14:05:25,958 [org.apache.hadoop.ozone.container.common.statemachine.commandhandler.DeleteBlocksCommandHandler$DeleteCmdWorker@24a0a0d7] INFO  commandhandler.DeleteBlocksCommandHandler (DeleteBlocksCommandHandler.java:processCmd(261)) - Start to delete container blocks, TXIDs=[1(0),2(0),3(0),4(0),5(0),6(0),7(0),8(0)], numOfContainers=8, numOfBlocks=8
2021-08-14 14:05:25,958 [org.apache.hadoop.ozone.container.common.statemachine.commandhandler.DeleteBlocksCommandHandler$DeleteCmdWorker@24a0a0d7] INFO  commandhandler.DeleteBlocksCommandHandler (DeleteBlocksCommandHandler.java:processCmd(261)) - Start to delete container blocks, TXIDs=[1(0),2(0),3(0),4(0),5(0),6(0),7(0),8(0),9(0)], numOfContainers=9, numOfBlocks=9
2021-08-14 14:05:25,959 [org.apache.hadoop.ozone.container.common.statemachine.commandhandler.DeleteBlocksCommandHandler$DeleteCmdWorker@24a0a0d7] INFO  commandhandler.DeleteBlocksCommandHandler (DeleteBlocksCommandHandler.java:processCmd(261)) - Start to delete container blocks, TXIDs=[1(0),2(0),3(0),4(0),5(0),6(0),7(0),8(0),9(0)], numOfContainers=9, numOfBlocks=9
2021-08-14 14:05:25,959 [org.apache.hadoop.ozone.container.common.statemachine.commandhandler.DeleteBlocksCommandHandler$DeleteCmdWorker@24a0a0d7] INFO  commandhandler.DeleteBlocksCommandHandler (DeleteBlocksCommandHandler.java:processCmd(261)) - Start to delete container blocks, TXIDs=[1(0),2(0),3(0),4(0),5(0),6(0),7(0),8(0),9(0),10(0)], numOfContainers=10, numOfBlocks=10
2021-08-14 14:05:25,959 [org.apache.hadoop.ozone.container.common.statemachine.commandhandler.DeleteBlocksCommandHandler$DeleteCmdWorker@24a0a0d7] INFO  commandhandler.DeleteBlocksCommandHandler (DeleteBlocksCommandHandler.java:processCmd(261)) - Start to delete container blocks, TXIDs=[1(0),2(0),3(0),4(0),5(0),6(0),7(0),8(0),9(0),10(0),11(0),12(0)], numOfContainers=12, numOfBlocks=12
2021-08-14 14:05:25,959 [org.apache.hadoop.ozone.container.common.statemachine.commandhandler.DeleteBlocksCommandHandler$DeleteCmdWorker@24a0a0d7] INFO  commandhandler.DeleteBlocksCommandHandler (DeleteBlocksCommandHandler.java:processCmd(261)) - Start to delete container blocks, TXIDs=[1(0),2(0),3(0),4(0),5(0),6(0),7(0),8(0),9(0),10(0),11(0),12(0),13(0),14(0)], numOfContainers=14, numOfBlocks=14
2021-08-14 14:05:25,960 [org.apache.hadoop.ozone.container.common.statemachine.commandhandler.DeleteBlocksCommandHandler$DeleteCmdWorker@24a0a0d7] INFO  commandhandler.DeleteBlocksCommandHandler (DeleteBlocksCommandHandler.java:processCmd(261)) - Start to delete container blocks, TXIDs=[1(0),2(0),3(0),4(0),5(0),6(0),7(0),8(0),9(0),10(0),11(0),12(0),13(0),14(0),15(0)], numOfContainers=15, numOfBlocks=15
2021-08-14 14:05:25,960 [org.apache.hadoop.ozone.container.common.statemachine.commandhandler.DeleteBlocksCommandHandler$DeleteCmdWorker@24a0a0d7] INFO  commandhandler.DeleteBlocksCommandHandler (DeleteBlocksCommandHandler.java:processCmd(261)) - Start to delete container blocks, TXIDs=[1(0),2(0),3(0),4(0),5(0),6(0),7(0),8(0),9(0),10(0),11(0),12(0),13(0),14(0),15(0),16(0)], numOfContainers=16, numOfBlocks=16
2021-08-14 14:05:25,960 [org.apache.hadoop.ozone.container.common.statemachine.commandhandler.DeleteBlocksCommandHandler$DeleteCmdWorker@24a0a0d7] INFO  commandhandler.DeleteBlocksCommandHandler (DeleteBlocksCommandHandler.java:processCmd(261)) - Start to delete container blocks, TXIDs=[1(0),2(0),3(0),4(0),5(0),6(0),7(0),8(0),9(0),10(0),11(0),12(0),13(0),14(0),15(0),16(0),17(0),18(0)], numOfContainers=18, numOfBlocks=18
2021-08-14 14:05:26,005 [Datanode State Machine Thread - 0] WARN  statemachine.StateContext (StateContext.java:execute(621)) - No available thread in pool for past 0 seconds.
2021-08-14 14:05:26,005 [Datanode State Machine Thread - 0] WARN  statemachine.StateContext (StateContext.java:execute(621)) - No available thread in pool for past 0 seconds.
2021-08-14 14:05:26,024 [EventQueue-ContainerReportForContainerReportHandler] INFO  container.ContainerReportHandler (AbstractContainerReportHandler.java:updateContainerState(223)) - Moving container #20 to CLOSED state, datanode a3a688a0-b759-42a1-9d42-7ea63bf88025{ip: 10.1.0.16, host: fv-az297-666.nmf1rxwemy4u5di1sxxf4ejcwb.jx.internal.cloudapp.net, ports: [REPLICATION=41181, RATIS=35273, RATIS_ADMIN=35273, RATIS_SERVER=35273, STANDALONE=42751], networkLocation: /default-rack, certSerialId: null, persistedOpState: IN_SERVICE, persistedOpStateExpiryEpochSec: 0} reported CLOSED replica.
2021-08-14 14:05:26,024 [EventQueue-ContainerReportForContainerReportHandler] INFO  container.ContainerReportHandler (AbstractContainerReportHandler.java:updateContainerState(223)) - Moving container #21 to CLOSED state, datanode a3a688a0-b759-42a1-9d42-7ea63bf88025{ip: 10.1.0.16, host: fv-az297-666.nmf1rxwemy4u5di1sxxf4ejcwb.jx.internal.cloudapp.net, ports: [REPLICATION=41181, RATIS=35273, RATIS_ADMIN=35273, RATIS_SERVER=35273, STANDALONE=42751], networkLocation: /default-rack, certSerialId: null, persistedOpState: IN_SERVICE, persistedOpStateExpiryEpochSec: 0} reported CLOSED replica.
2021-08-14 14:05:26,025 [EventQueue-ContainerReportForContainerReportHandler] INFO  container.ContainerReportHandler (AbstractContainerReportHandler.java:updateContainerState(223)) - Moving container #22 to CLOSED state, datanode a3a688a0-b759-42a1-9d42-7ea63bf88025{ip: 10.1.0.16, host: fv-az297-666.nmf1rxwemy4u5di1sxxf4ejcwb.jx.internal.cloudapp.net, ports: [REPLICATION=41181, RATIS=35273, RATIS_ADMIN=35273, RATIS_SERVER=35273, STANDALONE=42751], networkLocation: /default-rack, certSerialId: null, persistedOpState: IN_SERVICE, persistedOpStateExpiryEpochSec: 0} reported CLOSED replica.
2021-08-14 14:05:26,025 [EventQueue-ContainerReportForContainerReportHandler] INFO  container.ContainerReportHandler (AbstractContainerReportHandler.java:updateContainerState(223)) - Moving container #23 to CLOSED state, datanode a3a688a0-b759-42a1-9d42-7ea63bf88025{ip: 10.1.0.16, host: fv-az297-666.nmf1rxwemy4u5di1sxxf4ejcwb.jx.internal.cloudapp.net, ports: [REPLICATION=41181, RATIS=35273, RATIS_ADMIN=35273, RATIS_SERVER=35273, STANDALONE=42751], networkLocation: /default-rack, certSerialId: null, persistedOpState: IN_SERVICE, persistedOpStateExpiryEpochSec: 0} reported CLOSED replica.
2021-08-14 14:05:26,025 [EventQueue-ContainerReportForContainerReportHandler] INFO  container.ContainerReportHandler (AbstractContainerReportHandler.java:updateContainerState(223)) - Moving container #24 to CLOSED state, datanode a3a688a0-b759-42a1-9d42-7ea63bf88025{ip: 10.1.0.16, host: fv-az297-666.nmf1rxwemy4u5di1sxxf4ejcwb.jx.internal.cloudapp.net, ports: [REPLICATION=41181, RATIS=35273, RATIS_ADMIN=35273, RATIS_SERVER=35273, STANDALONE=42751], networkLocation: /default-rack, certSerialId: null, persistedOpState: IN_SERVICE, persistedOpStateExpiryEpochSec: 0} reported CLOSED replica.
2021-08-14 14:05:26,025 [EventQueue-ContainerReportForContainerReportHandler] INFO  container.ContainerReportHandler (AbstractContainerReportHandler.java:updateContainerState(223)) - Moving container #25 to CLOSED state, datanode a3a688a0-b759-42a1-9d42-7ea63bf88025{ip: 10.1.0.16, host: fv-az297-666.nmf1rxwemy4u5di1sxxf4ejcwb.jx.internal.cloudapp.net, ports: [REPLICATION=41181, RATIS=35273, RATIS_ADMIN=35273, RATIS_SERVER=35273, STANDALONE=42751], networkLocation: /default-rack, certSerialId: null, persistedOpState: IN_SERVICE, persistedOpStateExpiryEpochSec: 0} reported CLOSED replica.
2021-08-14 14:05:26,025 [EventQueue-ContainerReportForContainerReportHandler] INFO  container.ContainerReportHandler (AbstractContainerReportHandler.java:updateContainerState(223)) - Moving container #26 to CLOSED state, datanode a3a688a0-b759-42a1-9d42-7ea63bf88025{ip: 10.1.0.16, host: fv-az297-666.nmf1rxwemy4u5di1sxxf4ejcwb.jx.internal.cloudapp.net, ports: [REPLICATION=41181, RATIS=35273, RATIS_ADMIN=35273, RATIS_SERVER=35273, STANDALONE=42751], networkLocation: /default-rack, certSerialId: null, persistedOpState: IN_SERVICE, persistedOpStateExpiryEpochSec: 0} reported CLOSED replica.
2021-08-14 14:05:26,025 [EventQueue-ContainerReportForContainerReportHandler] INFO  container.ContainerReportHandler (AbstractContainerReportHandler.java:updateContainerState(223)) - Moving container #27 to CLOSED state, datanode a3a688a0-b759-42a1-9d42-7ea63bf88025{ip: 10.1.0.16, host: fv-az297-666.nmf1rxwemy4u5di1sxxf4ejcwb.jx.internal.cloudapp.net, ports: [REPLICATION=41181, RATIS=35273, RATIS_ADMIN=35273, RATIS_SERVER=35273, STANDALONE=42751], networkLocation: /default-rack, certSerialId: null, persistedOpState: IN_SERVICE, persistedOpStateExpiryEpochSec: 0} reported CLOSED replica.
2021-08-14 14:05:26,025 [EventQueue-ContainerReportForContainerReportHandler] INFO  container.ContainerReportHandler (AbstractContainerReportHandler.java:updateContainerState(223)) - Moving container #28 to CLOSED state, datanode a3a688a0-b759-42a1-9d42-7ea63bf88025{ip: 10.1.0.16, host: fv-az297-666.nmf1rxwemy4u5di1sxxf4ejcwb.jx.internal.cloudapp.net, ports: [REPLICATION=41181, RATIS=35273, RATIS_ADMIN=35273, RATIS_SERVER=35273, STANDALONE=42751], networkLocation: /default-rack, certSerialId: null, persistedOpState: IN_SERVICE, persistedOpStateExpiryEpochSec: 0} reported CLOSED replica.
2021-08-14 14:05:26,025 [EventQueue-ContainerReportForContainerReportHandler] INFO  container.ContainerReportHandler (AbstractContainerReportHandler.java:updateContainerState(223)) - Moving container #29 to CLOSED state, datanode a3a688a0-b759-42a1-9d42-7ea63bf88025{ip: 10.1.0.16, host: fv-az297-666.nmf1rxwemy4u5di1sxxf4ejcwb.jx.internal.cloudapp.net, ports: [REPLICATION=41181, RATIS=35273, RATIS_ADMIN=35273, RATIS_SERVER=35273, STANDALONE=42751], networkLocation: /default-rack, certSerialId: null, persistedOpState: IN_SERVICE, persistedOpStateExpiryEpochSec: 0} reported CLOSED replica.
2021-08-14 14:05:26,026 [EventQueue-ContainerReportForContainerReportHandler] INFO  container.ContainerReportHandler (AbstractContainerReportHandler.java:updateContainerState(223)) - Moving container #30 to CLOSED state, datanode a3a688a0-b759-42a1-9d42-7ea63bf88025{ip: 10.1.0.16, host: fv-az297-666.nmf1rxwemy4u5di1sxxf4ejcwb.jx.internal.cloudapp.net, ports: [REPLICATION=41181, RATIS=35273, RATIS_ADMIN=35273, RATIS_SERVER=35273, STANDALONE=42751], networkLocation: /default-rack, certSerialId: null, persistedOpState: IN_SERVICE, persistedOpStateExpiryEpochSec: 0} reported CLOSED replica.
2021-08-14 14:05:26,026 [EventQueue-ContainerReportForContainerReportHandler] INFO  container.ContainerReportHandler (AbstractContainerReportHandler.java:updateContainerState(223)) - Moving container #31 to CLOSED state, datanode a3a688a0-b759-42a1-9d42-7ea63bf88025{ip: 10.1.0.16, host: fv-az297-666.nmf1rxwemy4u5di1sxxf4ejcwb.jx.internal.cloudapp.net, ports: [REPLICATION=41181, RATIS=35273, RATIS_ADMIN=35273, RATIS_SERVER=35273, STANDALONE=42751], networkLocation: /default-rack, certSerialId: null, persistedOpState: IN_SERVICE, persistedOpStateExpiryEpochSec: 0} reported CLOSED replica.
2021-08-14 14:05:26,026 [EventQueue-ContainerReportForContainerReportHandler] INFO  container.ContainerReportHandler (AbstractContainerReportHandler.java:updateContainerState(223)) - Moving container #32 to CLOSED state, datanode a3a688a0-b759-42a1-9d42-7ea63bf88025{ip: 10.1.0.16, host: fv-az297-666.nmf1rxwemy4u5di1sxxf4ejcwb.jx.internal.cloudapp.net, ports: [REPLICATION=41181, RATIS=35273, RATIS_ADMIN=35273, RATIS_SERVER=35273, STANDALONE=42751], networkLocation: /default-rack, certSerialId: null, persistedOpState: IN_SERVICE, persistedOpStateExpiryEpochSec: 0} reported CLOSED replica.
2021-08-14 14:05:26,026 [EventQueue-ContainerReportForContainerReportHandler] INFO  container.ContainerReportHandler (AbstractContainerReportHandler.java:updateContainerState(223)) - Moving container #33 to CLOSED state, datanode a3a688a0-b759-42a1-9d42-7ea63bf88025{ip: 10.1.0.16, host: fv-az297-666.nmf1rxwemy4u5di1sxxf4ejcwb.jx.internal.cloudapp.net, ports: [REPLICATION=41181, RATIS=35273, RATIS_ADMIN=35273, RATIS_SERVER=35273, STANDALONE=42751], networkLocation: /default-rack, certSerialId: null, persistedOpState: IN_SERVICE, persistedOpStateExpiryEpochSec: 0} reported CLOSED replica.
2021-08-14 14:05:26,026 [EventQueue-ContainerReportForContainerReportHandler] INFO  container.ContainerReportHandler (AbstractContainerReportHandler.java:updateContainerState(223)) - Moving container #34 to CLOSED state, datanode a3a688a0-b759-42a1-9d42-7ea63bf88025{ip: 10.1.0.16, host: fv-az297-666.nmf1rxwemy4u5di1sxxf4ejcwb.jx.internal.cloudapp.net, ports: [REPLICATION=41181, RATIS=35273, RATIS_ADMIN=35273, RATIS_SERVER=35273, STANDALONE=42751], networkLocation: /default-rack, certSerialId: null, persistedOpState: IN_SERVICE, persistedOpStateExpiryEpochSec: 0} reported CLOSED replica.
2021-08-14 14:05:26,026 [EventQueue-ContainerReportForContainerReportHandler] INFO  container.ContainerReportHandler (AbstractContainerReportHandler.java:updateContainerState(223)) - Moving container #35 to CLOSED state, datanode a3a688a0-b759-42a1-9d42-7ea63bf88025{ip: 10.1.0.16, host: fv-az297-666.nmf1rxwemy4u5di1sxxf4ejcwb.jx.internal.cloudapp.net, ports: [REPLICATION=41181, RATIS=35273, RATIS_ADMIN=35273, RATIS_SERVER=35273, STANDALONE=42751], networkLocation: /default-rack, certSerialId: null, persistedOpState: IN_SERVICE, persistedOpStateExpiryEpochSec: 0} reported CLOSED replica.
2021-08-14 14:05:26,026 [EventQueue-ContainerReportForContainerReportHandler] INFO  container.ContainerReportHandler (AbstractContainerReportHandler.java:updateContainerState(223)) - Moving container #36 to CLOSED state, datanode a3a688a0-b759-42a1-9d42-7ea63bf88025{ip: 10.1.0.16, host: fv-az297-666.nmf1rxwemy4u5di1sxxf4ejcwb.jx.internal.cloudapp.net, ports: [REPLICATION=41181, RATIS=35273, RATIS_ADMIN=35273, RATIS_SERVER=35273, STANDALONE=42751], networkLocation: /default-rack, certSerialId: null, persistedOpState: IN_SERVICE, persistedOpStateExpiryEpochSec: 0} reported CLOSED replica.
2021-08-14 14:05:26,026 [EventQueue-ContainerReportForContainerReportHandler] INFO  container.ContainerReportHandler (AbstractContainerReportHandler.java:updateContainerState(223)) - Moving container #37 to CLOSED state, datanode a3a688a0-b759-42a1-9d42-7ea63bf88025{ip: 10.1.0.16, host: fv-az297-666.nmf1rxwemy4u5di1sxxf4ejcwb.jx.internal.cloudapp.net, ports: [REPLICATION=41181, RATIS=35273, RATIS_ADMIN=35273, RATIS_SERVER=35273, STANDALONE=42751], networkLocation: /default-rack, certSerialId: null, persistedOpState: IN_SERVICE, persistedOpStateExpiryEpochSec: 0} reported CLOSED replica.
2021-08-14 14:05:26,026 [EventQueue-ContainerReportForContainerReportHandler] INFO  container.ContainerReportHandler (AbstractContainerReportHandler.java:updateContainerState(223)) - Moving container #38 to CLOSED state, datanode a3a688a0-b759-42a1-9d42-7ea63bf88025{ip: 10.1.0.16, host: fv-az297-666.nmf1rxwemy4u5di1sxxf4ejcwb.jx.internal.cloudapp.net, ports: [REPLICATION=41181, RATIS=35273, RATIS_ADMIN=35273, RATIS_SERVER=35273, STANDALONE=42751], networkLocation: /default-rack, certSerialId: null, persistedOpState: IN_SERVICE, persistedOpStateExpiryEpochSec: 0} reported CLOSED replica.
2021-08-14 14:05:26,026 [EventQueue-ContainerReportForContainerReportHandler] INFO  container.ContainerReportHandler (AbstractContainerReportHandler.java:updateContainerState(223)) - Moving container #39 to CLOSED state, datanode a3a688a0-b759-42a1-9d42-7ea63bf88025{ip: 10.1.0.16, host: fv-az297-666.nmf1rxwemy4u5di1sxxf4ejcwb.jx.internal.cloudapp.net, ports: [REPLICATION=41181, RATIS=35273, RATIS_ADMIN=35273, RATIS_SERVER=35273, STANDALONE=42751], networkLocation: /default-rack, certSerialId: null, persistedOpState: IN_SERVICE, persistedOpStateExpiryEpochSec: 0} reported CLOSED replica.
2021-08-14 14:05:26,027 [EventQueue-ContainerReportForContainerReportHandler] INFO  container.ContainerReportHandler (AbstractContainerReportHandler.java:updateContainerState(223)) - Moving container #40 to CLOSED state, datanode a3a688a0-b759-42a1-9d42-7ea63bf88025{ip: 10.1.0.16, host: fv-az297-666.nmf1rxwemy4u5di1sxxf4ejcwb.jx.internal.cloudapp.net, ports: [REPLICATION=41181, RATIS=35273, RATIS_ADMIN=35273, RATIS_SERVER=35273, STANDALONE=42751], networkLocation: /default-rack, certSerialId: null, persistedOpState: IN_SERVICE, persistedOpStateExpiryEpochSec: 0} reported CLOSED replica.
2021-08-14 14:05:26,027 [EventQueue-ContainerReportForContainerReportHandler] INFO  container.ContainerReportHandler (AbstractContainerReportHandler.java:updateContainerState(223)) - Moving container #41 to CLOSED state, datanode a3a688a0-b759-42a1-9d42-7ea63bf88025{ip: 10.1.0.16, host: fv-az297-666.nmf1rxwemy4u5di1sxxf4ejcwb.jx.internal.cloudapp.net, ports: [REPLICATION=41181, RATIS=35273, RATIS_ADMIN=35273, RATIS_SERVER=35273, STANDALONE=42751], networkLocation: /default-rack, certSerialId: null, persistedOpState: IN_SERVICE, persistedOpStateExpiryEpochSec: 0} reported CLOSED replica.
2021-08-14 14:05:26,028 [Datanode State Machine Thread - 0] WARN  statemachine.StateContext (StateContext.java:execute(621)) - No available thread in pool for past 0 seconds.
2021-08-14 14:05:26,041 [SCMBlockDeletingService#0] DEBUG block.SCMBlockDeletingService (SCMBlockDeletingService.java:call(133)) - Running DeletedBlockTransactionScanner
2021-08-14 14:05:26,059 [SCMBlockDeletingService#0] DEBUG block.SCMBlockDeletingService (DatanodeDeletedBlockTransactions.java:addTransactionToDN(50)) - Transaction added: e5d3e9d3-1367-47eb-ad7f-372895a70f55 <- TX(1)
2021-08-14 14:05:26,059 [SCMBlockDeletingService#0] DEBUG block.SCMBlockDeletingService (DatanodeDeletedBlockTransactions.java:addTransactionToDN(50)) - Transaction added: 41bdc6fc-f730-460f-b2d8-92157d986a72 <- TX(1)
2021-08-14 14:05:26,059 [SCMBlockDeletingService#0] DEBUG block.SCMBlockDeletingService (DatanodeDeletedBlockTransactions.java:addTransactionToDN(50)) - Transaction added: a3a688a0-b759-42a1-9d42-7ea63bf88025 <- TX(1)
2021-08-14 14:05:26,059 [SCMBlockDeletingService#0] DEBUG block.SCMBlockDeletingService (DatanodeDeletedBlockTransactions.java:addTransactionToDN(50)) - Transaction added: a3a688a0-b759-42a1-9d42-7ea63bf88025 <- TX(2)
2021-08-14 14:05:26,059 [SCMBlockDeletingService#0] DEBUG block.SCMBlockDeletingService (DatanodeDeletedBlockTransactions.java:addTransactionToDN(50)) - Transaction added: e5d3e9d3-1367-47eb-ad7f-372895a70f55 <- TX(2)
2021-08-14 14:05:26,059 [SCMBlockDeletingService#0] DEBUG block.SCMBlockDeletingService (DatanodeDeletedBlockTransactions.java:addTransactionToDN(50)) - Transaction added: 41bdc6fc-f730-460f-b2d8-92157d986a72 <- TX(2)
2021-08-14 14:05:26,059 [SCMBlockDeletingService#0] DEBUG block.SCMBlockDeletingService (DatanodeDeletedBlockTransactions.java:addTransactionToDN(50)) - Transaction added: e5d3e9d3-1367-47eb-ad7f-372895a70f55 <- TX(3)
2021-08-14 14:05:26,059 [SCMBlockDeletingService#0] DEBUG block.SCMBlockDeletingService (DatanodeDeletedBlockTransactions.java:addTransactionToDN(50)) - Transaction added: 41bdc6fc-f730-460f-b2d8-92157d986a72 <- TX(3)
2021-08-14 14:05:26,059 [SCMBlockDeletingService#0] DEBUG block.SCMBlockDeletingService (DatanodeDeletedBlockTransactions.java:addTransactionToDN(50)) - Transaction added: a3a688a0-b759-42a1-9d42-7ea63bf88025 <- TX(3)
2021-08-14 14:05:26,059 [SCMBlockDeletingService#0] DEBUG block.SCMBlockDeletingService (DatanodeDeletedBlockTransactions.java:addTransactionToDN(50)) - Transaction added: a3a688a0-b759-42a1-9d42-7ea63bf88025 <- TX(4)
2021-08-14 14:05:26,059 [SCMBlockDeletingService#0] DEBUG block.SCMBlockDeletingService (DatanodeDeletedBlockTransactions.java:addTransactionToDN(50)) - Transaction added: 41bdc6fc-f730-460f-b2d8-92157d986a72 <- TX(4)
2021-08-14 14:05:26,059 [SCMBlockDeletingService#0] DEBUG block.SCMBlockDeletingService (DatanodeDeletedBlockTransactions.java:addTransactionToDN(50)) - Transaction added: e5d3e9d3-1367-47eb-ad7f-372895a70f55 <- TX(4)
2021-08-14 14:05:26,059 [SCMBlockDeletingService#0] DEBUG block.SCMBlockDeletingService (DatanodeDeletedBlockTransactions.java:addTransactionToDN(50)) - Transaction added: a3a688a0-b759-42a1-9d42-7ea63bf88025 <- TX(5)
2021-08-14 14:05:26,059 [SCMBlockDeletingService#0] DEBUG block.SCMBlockDeletingService (DatanodeDeletedBlockTransactions.java:addTransactionToDN(50)) - Transaction added: e5d3e9d3-1367-47eb-ad7f-372895a70f55 <- TX(5)
2021-08-14 14:05:26,060 [SCMBlockDeletingService#0] DEBUG block.SCMBlockDeletingService (DatanodeDeletedBlockTransactions.java:addTransactionToDN(50)) - Transaction added: 41bdc6fc-f730-460f-b2d8-92157d986a72 <- TX(5)
2021-08-14 14:05:26,060 [SCMBlockDeletingService#0] DEBUG block.SCMBlockDeletingService (DatanodeDeletedBlockTransactions.java:addTransactionToDN(50)) - Transaction added: a3a688a0-b759-42a1-9d42-7ea63bf88025 <- TX(6)
2021-08-14 14:05:26,060 [SCMBlockDeletingService#0] DEBUG block.SCMBlockDeletingService (DatanodeDeletedBlockTransactions.java:addTransactionToDN(50)) - Transaction added: e5d3e9d3-1367-47eb-ad7f-372895a70f55 <- TX(6)
2021-08-14 14:05:26,060 [SCMBlockDeletingService#0] DEBUG block.SCMBlockDeletingService (DatanodeDeletedBlockTransactions.java:addTransactionToDN(50)) - Transaction added: 41bdc6fc-f730-460f-b2d8-92157d986a72 <- TX(6)
2021-08-14 14:05:26,060 [SCMBlockDeletingService#0] DEBUG block.SCMBlockDeletingService (DatanodeDeletedBlockTransactions.java:addTransactionToDN(50)) - Transaction added: a3a688a0-b759-42a1-9d42-7ea63bf88025 <- TX(7)
2021-08-14 14:05:26,060 [SCMBlockDeletingService#0] DEBUG block.SCMBlockDeletingService (DatanodeDeletedBlockTransactions.java:addTransactionToDN(50)) - Transaction added: e5d3e9d3-1367-47eb-ad7f-372895a70f55 <- TX(7)
2021-08-14 14:05:26,060 [SCMBlockDeletingService#0] DEBUG block.SCMBlockDeletingService (DatanodeDeletedBlockTransactions.java:addTransactionToDN(50)) - Transaction added: 41bdc6fc-f730-460f-b2d8-92157d986a72 <- TX(7)
2021-08-14 14:05:26,060 [SCMBlockDeletingService#0] DEBUG block.SCMBlockDeletingService (DatanodeDeletedBlockTransactions.java:addTransactionToDN(50)) - Transaction added: 41bdc6fc-f730-460f-b2d8-92157d986a72 <- TX(8)
2021-08-14 14:05:26,060 [SCMBlockDeletingService#0] DEBUG block.SCMBlockDeletingService (DatanodeDeletedBlockTransactions.java:addTransactionToDN(50)) - Transaction added: e5d3e9d3-1367-47eb-ad7f-372895a70f55 <- TX(8)
2021-08-14 14:05:26,060 [SCMBlockDeletingService#0] DEBUG block.SCMBlockDeletingService (DatanodeDeletedBlockTransactions.java:addTransactionToDN(50)) - Transaction added: a3a688a0-b759-42a1-9d42-7ea63bf88025 <- TX(8)
2021-08-14 14:05:26,060 [SCMBlockDeletingService#0] DEBUG block.SCMBlockDeletingService (DatanodeDeletedBlockTransactions.java:addTransactionToDN(50)) - Transaction added: a3a688a0-b759-42a1-9d42-7ea63bf88025 <- TX(9)
2021-08-14 14:05:26,060 [SCMBlockDeletingService#0] DEBUG block.SCMBlockDeletingService (DatanodeDeletedBlockTransactions.java:addTransactionToDN(50)) - Transaction added: e5d3e9d3-1367-47eb-ad7f-372895a70f55 <- TX(9)
2021-08-14 14:05:26,060 [SCMBlockDeletingService#0] DEBUG block.SCMBlockDeletingService (DatanodeDeletedBlockTransactions.java:addTransactionToDN(50)) - Transaction added: 41bdc6fc-f730-460f-b2d8-92157d986a72 <- TX(9)
2021-08-14 14:05:26,060 [SCMBlockDeletingService#0] DEBUG block.SCMBlockDeletingService (DatanodeDeletedBlockTransactions.java:addTransactionToDN(50)) - Transaction added: e5d3e9d3-1367-47eb-ad7f-372895a70f55 <- TX(10)
2021-08-14 14:05:26,060 [SCMBlockDeletingService#0] DEBUG block.SCMBlockDeletingService (DatanodeDeletedBlockTransactions.java:addTransactionToDN(50)) - Transaction added: 41bdc6fc-f730-460f-b2d8-92157d986a72 <- TX(10)
2021-08-14 14:05:26,060 [SCMBlockDeletingService#0] DEBUG block.SCMBlockDeletingService (DatanodeDeletedBlockTransactions.java:addTransactionToDN(50)) - Transaction added: a3a688a0-b759-42a1-9d42-7ea63bf88025 <- TX(10)
2021-08-14 14:05:26,060 [SCMBlockDeletingService#0] DEBUG block.SCMBlockDeletingService (DatanodeDeletedBlockTransactions.java:addTransactionToDN(50)) - Transaction added: a3a688a0-b759-42a1-9d42-7ea63bf88025 <- TX(11)
2021-08-14 14:05:26,060 [SCMBlockDeletingService#0] DEBUG block.SCMBlockDeletingService (DatanodeDeletedBlockTransactions.java:addTransactionToDN(50)) - Transaction added: e5d3e9d3-1367-47eb-ad7f-372895a70f55 <- TX(11)
2021-08-14 14:05:26,060 [SCMBlockDeletingService#0] DEBUG block.SCMBlockDeletingService (DatanodeDeletedBlockTransactions.java:addTransactionToDN(50)) - Transaction added: 41bdc6fc-f730-460f-b2d8-92157d986a72 <- TX(11)
2021-08-14 14:05:26,060 [SCMBlockDeletingService#0] DEBUG block.SCMBlockDeletingService (DatanodeDeletedBlockTransactions.java:addTransactionToDN(50)) - Transaction added: 41bdc6fc-f730-460f-b2d8-92157d986a72 <- TX(12)
2021-08-14 14:05:26,060 [SCMBlockDeletingService#0] DEBUG block.SCMBlockDeletingService (DatanodeDeletedBlockTransactions.java:addTransactionToDN(50)) - Transaction added: e5d3e9d3-1367-47eb-ad7f-372895a70f55 <- TX(12)
2021-08-14 14:05:26,060 [SCMBlockDeletingService#0] DEBUG block.SCMBlockDeletingService (DatanodeDeletedBlockTransactions.java:addTransactionToDN(50)) - Transaction added: a3a688a0-b759-42a1-9d42-7ea63bf88025 <- TX(12)
2021-08-14 14:05:26,060 [SCMBlockDeletingService#0] DEBUG block.SCMBlockDeletingService (DatanodeDeletedBlockTransactions.java:addTransactionToDN(50)) - Transaction added: a3a688a0-b759-42a1-9d42-7ea63bf88025 <- TX(13)
2021-08-14 14:05:26,060 [SCMBlockDeletingService#0] DEBUG block.SCMBlockDeletingService (DatanodeDeletedBlockTransactions.java:addTransactionToDN(50)) - Transaction added: e5d3e9d3-1367-47eb-ad7f-372895a70f55 <- TX(13)
2021-08-14 14:05:26,060 [SCMBlockDeletingService#0] DEBUG block.SCMBlockDeletingService (DatanodeDeletedBlockTransactions.java:addTransactionToDN(50)) - Transaction added: 41bdc6fc-f730-460f-b2d8-92157d986a72 <- TX(13)
2021-08-14 14:05:26,060 [SCMBlockDeletingService#0] DEBUG block.SCMBlockDeletingService (DatanodeDeletedBlockTransactions.java:addTransactionToDN(50)) - Transaction added: a3a688a0-b759-42a1-9d42-7ea63bf88025 <- TX(14)
2021-08-14 14:05:26,060 [SCMBlockDeletingService#0] DEBUG block.SCMBlockDeletingService (DatanodeDeletedBlockTransactions.java:addTransactionToDN(50)) - Transaction added: e5d3e9d3-1367-47eb-ad7f-372895a70f55 <- TX(14)
2021-08-14 14:05:26,060 [SCMBlockDeletingService#0] DEBUG block.SCMBlockDeletingService (DatanodeDeletedBlockTransactions.java:addTransactionToDN(50)) - Transaction added: 41bdc6fc-f730-460f-b2d8-92157d986a72 <- TX(14)
2021-08-14 14:05:26,060 [SCMBlockDeletingService#0] DEBUG block.SCMBlockDeletingService (DatanodeDeletedBlockTransactions.java:addTransactionToDN(50)) - Transaction added: 41bdc6fc-f730-460f-b2d8-92157d986a72 <- TX(15)
2021-08-14 14:05:26,060 [SCMBlockDeletingService#0] DEBUG block.SCMBlockDeletingService (DatanodeDeletedBlockTransactions.java:addTransactionToDN(50)) - Transaction added: a3a688a0-b759-42a1-9d42-7ea63bf88025 <- TX(15)
2021-08-14 14:05:26,060 [SCMBlockDeletingService#0] DEBUG block.SCMBlockDeletingService (DatanodeDeletedBlockTransactions.java:addTransactionToDN(50)) - Transaction added: e5d3e9d3-1367-47eb-ad7f-372895a70f55 <- TX(15)
2021-08-14 14:05:26,060 [SCMBlockDeletingService#0] DEBUG block.SCMBlockDeletingService (DatanodeDeletedBlockTransactions.java:addTransactionToDN(50)) - Transaction added: a3a688a0-b759-42a1-9d42-7ea63bf88025 <- TX(16)
2021-08-14 14:05:26,061 [SCMBlockDeletingService#0] DEBUG block.SCMBlockDeletingService (DatanodeDeletedBlockTransactions.java:addTransactionToDN(50)) - Transaction added: 41bdc6fc-f730-460f-b2d8-92157d986a72 <- TX(16)
2021-08-14 14:05:26,061 [SCMBlockDeletingService#0] DEBUG block.SCMBlockDeletingService (DatanodeDeletedBlockTransactions.java:addTransactionToDN(50)) - Transaction added: e5d3e9d3-1367-47eb-ad7f-372895a70f55 <- TX(16)
2021-08-14 14:05:26,061 [SCMBlockDeletingService#0] DEBUG block.SCMBlockDeletingService (DatanodeDeletedBlockTransactions.java:addTransactionToDN(50)) - Transaction added: e5d3e9d3-1367-47eb-ad7f-372895a70f55 <- TX(17)
2021-08-14 14:05:26,061 [SCMBlockDeletingService#0] DEBUG block.SCMBlockDeletingService (DatanodeDeletedBlockTransactions.java:addTransactionToDN(50)) - Transaction added: 41bdc6fc-f730-460f-b2d8-92157d986a72 <- TX(17)
2021-08-14 14:05:26,061 [SCMBlockDeletingService#0] DEBUG block.SCMBlockDeletingService (DatanodeDeletedBlockTransactions.java:addTransactionToDN(50)) - Transaction added: a3a688a0-b759-42a1-9d42-7ea63bf88025 <- TX(17)
2021-08-14 14:05:26,061 [SCMBlockDeletingService#0] DEBUG block.SCMBlockDeletingService (DatanodeDeletedBlockTransactions.java:addTransactionToDN(50)) - Transaction added: a3a688a0-b759-42a1-9d42-7ea63bf88025 <- TX(18)
2021-08-14 14:05:26,061 [SCMBlockDeletingService#0] DEBUG block.SCMBlockDeletingService (DatanodeDeletedBlockTransactions.java:addTransactionToDN(50)) - Transaction added: e5d3e9d3-1367-47eb-ad7f-372895a70f55 <- TX(18)
2021-08-14 14:05:26,061 [SCMBlockDeletingService#0] DEBUG block.SCMBlockDeletingService (DatanodeDeletedBlockTransactions.java:addTransactionToDN(50)) - Transaction added: 41bdc6fc-f730-460f-b2d8-92157d986a72 <- TX(18)
2021-08-14 14:05:26,061 [SCMBlockDeletingService#0] DEBUG block.SCMBlockDeletingService (DatanodeDeletedBlockTransactions.java:addTransactionToDN(50)) - Transaction added: e5d3e9d3-1367-47eb-ad7f-372895a70f55 <- TX(19)
2021-08-14 14:05:26,061 [SCMBlockDeletingService#0] DEBUG block.SCMBlockDeletingService (DatanodeDeletedBlockTransactions.java:addTransactionToDN(50)) - Transaction added: 41bdc6fc-f730-460f-b2d8-92157d986a72 <- TX(19)
2021-08-14 14:05:26,061 [SCMBlockDeletingService#0] DEBUG block.SCMBlockDeletingService (DatanodeDeletedBlockTransactions.java:addTransactionToDN(50)) - Transaction added: a3a688a0-b759-42a1-9d42-7ea63bf88025 <- TX(19)
2021-08-14 14:05:26,061 [SCMBlockDeletingService#0] DEBUG block.SCMBlockDeletingService (DatanodeDeletedBlockTransactions.java:addTransactionToDN(50)) - Transaction added: a3a688a0-b759-42a1-9d42-7ea63bf88025 <- TX(20)
2021-08-14 14:05:26,061 [SCMBlockDeletingService#0] DEBUG block.SCMBlockDeletingService (DatanodeDeletedBlockTransactions.java:addTransactionToDN(50)) - Transaction added: 41bdc6fc-f730-460f-b2d8-92157d986a72 <- TX(20)
2021-08-14 14:05:26,061 [SCMBlockDeletingService#0] DEBUG block.SCMBlockDeletingService (DatanodeDeletedBlockTransactions.java:addTransactionToDN(50)) - Transaction added: e5d3e9d3-1367-47eb-ad7f-372895a70f55 <- TX(20)
2021-08-14 14:05:26,061 [SCMBlockDeletingService#0] DEBUG block.SCMBlockDeletingService (DatanodeDeletedBlockTransactions.java:addTransactionToDN(50)) - Transaction added: a3a688a0-b759-42a1-9d42-7ea63bf88025 <- TX(21)
2021-08-14 14:05:26,061 [SCMBlockDeletingService#0] DEBUG block.SCMBlockDeletingService (DatanodeDeletedBlockTransactions.java:addTransactionToDN(50)) - Transaction added: e5d3e9d3-1367-47eb-ad7f-372895a70f55 <- TX(21)
2021-08-14 14:05:26,061 [SCMBlockDeletingService#0] DEBUG block.SCMBlockDeletingService (DatanodeDeletedBlockTransactions.java:addTransactionToDN(50)) - Transaction added: 41bdc6fc-f730-460f-b2d8-92157d986a72 <- TX(21)
2021-08-14 14:05:26,061 [SCMBlockDeletingService#0] DEBUG block.SCMBlockDeletingService (DatanodeDeletedBlockTransactions.java:addTransactionToDN(50)) - Transaction added: a3a688a0-b759-42a1-9d42-7ea63bf88025 <- TX(22)
2021-08-14 14:05:26,061 [SCMBlockDeletingService#0] DEBUG block.SCMBlockDeletingService (DatanodeDeletedBlockTransactions.java:addTransactionToDN(50)) - Transaction added: e5d3e9d3-1367-47eb-ad7f-372895a70f55 <- TX(22)
2021-08-14 14:05:26,061 [SCMBlockDeletingService#0] DEBUG block.SCMBlockDeletingService (DatanodeDeletedBlockTransactions.java:addTransactionToDN(50)) - Transaction added: 41bdc6fc-f730-460f-b2d8-92157d986a72 <- TX(22)
2021-08-14 14:05:26,061 [SCMBlockDeletingService#0] DEBUG block.SCMBlockDeletingService (DatanodeDeletedBlockTransactions.java:addTransactionToDN(50)) - Transaction added: a3a688a0-b759-42a1-9d42-7ea63bf88025 <- TX(23)
2021-08-14 14:05:26,061 [SCMBlockDeletingService#0] DEBUG block.SCMBlockDeletingService (DatanodeDeletedBlockTransactions.java:addTransactionToDN(50)) - Transaction added: e5d3e9d3-1367-47eb-ad7f-372895a70f55 <- TX(23)
2021-08-14 14:05:26,061 [SCMBlockDeletingService#0] DEBUG block.SCMBlockDeletingService (DatanodeDeletedBlockTransactions.java:addTransactionToDN(50)) - Transaction added: 41bdc6fc-f730-460f-b2d8-92157d986a72 <- TX(23)
2021-08-14 14:05:26,061 [SCMBlockDeletingService#0] DEBUG block.SCMBlockDeletingService (DatanodeDeletedBlockTransactions.java:addTransactionToDN(50)) - Transaction added: 41bdc6fc-f730-460f-b2d8-92157d986a72 <- TX(24)
2021-08-14 14:05:26,061 [SCMBlockDeletingService#0] DEBUG block.SCMBlockDeletingService (DatanodeDeletedBlockTransactions.java:addTransactionToDN(50)) - Transaction added: e5d3e9d3-1367-47eb-ad7f-372895a70f55 <- TX(24)
2021-08-14 14:05:26,061 [SCMBlockDeletingService#0] DEBUG block.SCMBlockDeletingService (DatanodeDeletedBlockTransactions.java:addTransactionToDN(50)) - Transaction added: a3a688a0-b759-42a1-9d42-7ea63bf88025 <- TX(24)
2021-08-14 14:05:26,061 [SCMBlockDeletingService#0] DEBUG block.SCMBlockDeletingService (DatanodeDeletedBlockTransactions.java:addTransactionToDN(50)) - Transaction added: a3a688a0-b759-42a1-9d42-7ea63bf88025 <- TX(25)
2021-08-14 14:05:26,061 [SCMBlockDeletingService#0] DEBUG block.SCMBlockDeletingService (DatanodeDeletedBlockTransactions.java:addTransactionToDN(50)) - Transaction added: e5d3e9d3-1367-47eb-ad7f-372895a70f55 <- TX(25)
2021-08-14 14:05:26,061 [SCMBlockDeletingService#0] DEBUG block.SCMBlockDeletingService (DatanodeDeletedBlockTransactions.java:addTransactionToDN(50)) - Transaction added: 41bdc6fc-f730-460f-b2d8-92157d986a72 <- TX(25)
2021-08-14 14:05:26,061 [SCMBlockDeletingService#0] DEBUG block.SCMBlockDeletingService (DatanodeDeletedBlockTransactions.java:addTransactionToDN(50)) - Transaction added: e5d3e9d3-1367-47eb-ad7f-372895a70f55 <- TX(26)
2021-08-14 14:05:26,061 [SCMBlockDeletingService#0] DEBUG block.SCMBlockDeletingService (DatanodeDeletedBlockTransactions.java:addTransactionToDN(50)) - Transaction added: 41bdc6fc-f730-460f-b2d8-92157d986a72 <- TX(26)
2021-08-14 14:05:26,061 [SCMBlockDeletingService#0] DEBUG block.SCMBlockDeletingService (DatanodeDeletedBlockTransactions.java:addTransactionToDN(50)) - Transaction added: a3a688a0-b759-42a1-9d42-7ea63bf88025 <- TX(26)
2021-08-14 14:05:26,062 [SCMBlockDeletingService#0] DEBUG block.SCMBlockDeletingService (DatanodeDeletedBlockTransactions.java:addTransactionToDN(50)) - Transaction added: a3a688a0-b759-42a1-9d42-7ea63bf88025 <- TX(27)
2021-08-14 14:05:26,062 [SCMBlockDeletingService#0] DEBUG block.SCMBlockDeletingService (DatanodeDeletedBlockTransactions.java:addTransactionToDN(50)) - Transaction added: e5d3e9d3-1367-47eb-ad7f-372895a70f55 <- TX(27)
2021-08-14 14:05:26,062 [SCMBlockDeletingService#0] DEBUG block.SCMBlockDeletingService (DatanodeDeletedBlockTransactions.java:addTransactionToDN(50)) - Transaction added: 41bdc6fc-f730-460f-b2d8-92157d986a72 <- TX(27)
2021-08-14 14:05:26,062 [SCMBlockDeletingService#0] DEBUG block.SCMBlockDeletingService (DatanodeDeletedBlockTransactions.java:addTransactionToDN(50)) - Transaction added: 41bdc6fc-f730-460f-b2d8-92157d986a72 <- TX(28)
2021-08-14 14:05:26,062 [SCMBlockDeletingService#0] DEBUG block.SCMBlockDeletingService (DatanodeDeletedBlockTransactions.java:addTransactionToDN(50)) - Transaction added: e5d3e9d3-1367-47eb-ad7f-372895a70f55 <- TX(28)
2021-08-14 14:05:26,062 [SCMBlockDeletingService#0] DEBUG block.SCMBlockDeletingService (DatanodeDeletedBlockTransactions.java:addTransactionToDN(50)) - Transaction added: a3a688a0-b759-42a1-9d42-7ea63bf88025 <- TX(28)
2021-08-14 14:05:26,062 [SCMBlockDeletingService#0] DEBUG block.SCMBlockDeletingService (DatanodeDeletedBlockTransactions.java:addTransactionToDN(50)) - Transaction added: a3a688a0-b759-42a1-9d42-7ea63bf88025 <- TX(29)
2021-08-14 14:05:26,062 [SCMBlockDeletingService#0] DEBUG block.SCMBlockDeletingService (DatanodeDeletedBlockTransactions.java:addTransactionToDN(50)) - Transaction added: e5d3e9d3-1367-47eb-ad7f-372895a70f55 <- TX(29)
2021-08-14 14:05:26,062 [SCMBlockDeletingService#0] DEBUG block.SCMBlockDeletingService (DatanodeDeletedBlockTransactions.java:addTransactionToDN(50)) - Transaction added: 41bdc6fc-f730-460f-b2d8-92157d986a72 <- TX(29)
2021-08-14 14:05:26,062 [SCMBlockDeletingService#0] DEBUG block.SCMBlockDeletingService (DatanodeDeletedBlockTransactions.java:addTransactionToDN(50)) - Transaction added: a3a688a0-b759-42a1-9d42-7ea63bf88025 <- TX(30)
2021-08-14 14:05:26,062 [SCMBlockDeletingService#0] DEBUG block.SCMBlockDeletingService (DatanodeDeletedBlockTransactions.java:addTransactionToDN(50)) - Transaction added: 41bdc6fc-f730-460f-b2d8-92157d986a72 <- TX(30)
2021-08-14 14:05:26,062 [SCMBlockDeletingService#0] DEBUG block.SCMBlockDeletingService (DatanodeDeletedBlockTransactions.java:addTransactionToDN(50)) - Transaction added: e5d3e9d3-1367-47eb-ad7f-372895a70f55 <- TX(30)
2021-08-14 14:05:26,062 [SCMBlockDeletingService#0] DEBUG block.SCMBlockDeletingService (DatanodeDeletedBlockTransactions.java:addTransactionToDN(50)) - Transaction added: 41bdc6fc-f730-460f-b2d8-92157d986a72 <- TX(31)
2021-08-14 14:05:26,062 [SCMBlockDeletingService#0] DEBUG block.SCMBlockDeletingService (DatanodeDeletedBlockTransactions.java:addTransactionToDN(50)) - Transaction added: a3a688a0-b759-42a1-9d42-7ea63bf88025 <- TX(31)
2021-08-14 14:05:26,062 [SCMBlockDeletingService#0] DEBUG block.SCMBlockDeletingService (DatanodeDeletedBlockTransactions.java:addTransactionToDN(50)) - Transaction added: e5d3e9d3-1367-47eb-ad7f-372895a70f55 <- TX(31)
2021-08-14 14:05:26,031 [EventQueue-ContainerReportForContainerReportHandler] INFO  container.ContainerReportHandler (AbstractContainerReportHandler.java:updateContainerState(223)) - Moving container #42 to CLOSED state, datanode a3a688a0-b759-42a1-9d42-7ea63bf88025{ip: 10.1.0.16, host: fv-az297-666.nmf1rxwemy4u5di1sxxf4ejcwb.jx.internal.cloudapp.net, ports: [REPLICATION=41181, RATIS=35273, RATIS_ADMIN=35273, RATIS_SERVER=35273, STANDALONE=42751], networkLocation: /default-rack, certSerialId: null, persistedOpState: IN_SERVICE, persistedOpStateExpiryEpochSec: 0} reported CLOSED replica.
2021-08-14 14:05:26,029 [Datanode State Machine Thread - 0] WARN  statemachine.StateContext (StateContext.java:execute(621)) - No available thread in pool for past 0 seconds.
2021-08-14 14:05:26,062 [EventQueue-ContainerReportForContainerReportHandler] INFO  container.ContainerReportHandler (AbstractContainerReportHandler.java:updateContainerState(223)) - Moving container #43 to CLOSED state, datanode a3a688a0-b759-42a1-9d42-7ea63bf88025{ip: 10.1.0.16, host: fv-az297-666.nmf1rxwemy4u5di1sxxf4ejcwb.jx.internal.cloudapp.net, ports: [REPLICATION=41181, RATIS=35273, RATIS_ADMIN=35273, RATIS_SERVER=35273, STANDALONE=42751], networkLocation: /default-rack, certSerialId: null, persistedOpState: IN_SERVICE, persistedOpStateExpiryEpochSec: 0} reported CLOSED replica.
2021-08-14 14:05:26,066 [EventQueue-ContainerReportForContainerReportHandler] INFO  container.ContainerReportHandler (AbstractContainerReportHandler.java:updateContainerState(223)) - Moving container #44 to CLOSED state, datanode a3a688a0-b759-42a1-9d42-7ea63bf88025{ip: 10.1.0.16, host: fv-az297-666.nmf1rxwemy4u5di1sxxf4ejcwb.jx.internal.cloudapp.net, ports: [REPLICATION=41181, RATIS=35273, RATIS_ADMIN=35273, RATIS_SERVER=35273, STANDALONE=42751], networkLocation: /default-rack, certSerialId: null, persistedOpState: IN_SERVICE, persistedOpStateExpiryEpochSec: 0} reported CLOSED replica.
2021-08-14 14:05:26,066 [EventQueue-ContainerReportForContainerReportHandler] INFO  container.ContainerReportHandler (AbstractContainerReportHandler.java:updateContainerState(223)) - Moving container #45 to CLOSED state, datanode a3a688a0-b759-42a1-9d42-7ea63bf88025{ip: 10.1.0.16, host: fv-az297-666.nmf1rxwemy4u5di1sxxf4ejcwb.jx.internal.cloudapp.net, ports: [REPLICATION=41181, RATIS=35273, RATIS_ADMIN=35273, RATIS_SERVER=35273, STANDALONE=42751], networkLocation: /default-rack, certSerialId: null, persistedOpState: IN_SERVICE, persistedOpStateExpiryEpochSec: 0} reported CLOSED replica.
2021-08-14 14:05:26,066 [EventQueue-ContainerReportForContainerReportHandler] INFO  container.ContainerReportHandler (AbstractContainerReportHandler.java:updateContainerState(223)) - Moving container #46 to CLOSED state, datanode a3a688a0-b759-42a1-9d42-7ea63bf88025{ip: 10.1.0.16, host: fv-az297-666.nmf1rxwemy4u5di1sxxf4ejcwb.jx.internal.cloudapp.net, ports: [REPLICATION=41181, RATIS=35273, RATIS_ADMIN=35273, RATIS_SERVER=35273, STANDALONE=42751], networkLocation: /default-rack, certSerialId: null, persistedOpState: IN_SERVICE, persistedOpStateExpiryEpochSec: 0} reported CLOSED replica.
2021-08-14 14:05:26,066 [EventQueue-ContainerReportForContainerReportHandler] INFO  container.ContainerReportHandler (AbstractContainerReportHandler.java:updateContainerState(223)) - Moving container #47 to CLOSED state, datanode a3a688a0-b759-42a1-9d42-7ea63bf88025{ip: 10.1.0.16, host: fv-az297-666.nmf1rxwemy4u5di1sxxf4ejcwb.jx.internal.cloudapp.net, ports: [REPLICATION=41181, RATIS=35273, RATIS_ADMIN=35273, RATIS_SERVER=35273, STANDALONE=42751], networkLocation: /default-rack, certSerialId: null, persistedOpState: IN_SERVICE, persistedOpStateExpiryEpochSec: 0} reported CLOSED replica.
2021-08-14 14:05:26,066 [EventQueue-ContainerReportForContainerReportHandler] INFO  container.ContainerReportHandler (AbstractContainerReportHandler.java:updateContainerState(223)) - Moving container #48 to CLOSED state, datanode a3a688a0-b759-42a1-9d42-7ea63bf88025{ip: 10.1.0.16, host: fv-az297-666.nmf1rxwemy4u5di1sxxf4ejcwb.jx.internal.cloudapp.net, ports: [REPLICATION=41181, RATIS=35273, RATIS_ADMIN=35273, RATIS_SERVER=35273, STANDALONE=42751], networkLocation: /default-rack, certSerialId: null, persistedOpState: IN_SERVICE, persistedOpStateExpiryEpochSec: 0} reported CLOSED replica.
2021-08-14 14:05:26,066 [EventQueue-ContainerReportForContainerReportHandler] INFO  container.ContainerReportHandler (AbstractContainerReportHandler.java:updateContainerState(223)) - Moving container #49 to CLOSED state, datanode a3a688a0-b759-42a1-9d42-7ea63bf88025{ip: 10.1.0.16, host: fv-az297-666.nmf1rxwemy4u5di1sxxf4ejcwb.jx.internal.cloudapp.net, ports: [REPLICATION=41181, RATIS=35273, RATIS_ADMIN=35273, RATIS_SERVER=35273, STANDALONE=42751], networkLocation: /default-rack, certSerialId: null, persistedOpState: IN_SERVICE, persistedOpStateExpiryEpochSec: 0} reported CLOSED replica.
2021-08-14 14:05:26,067 [EventQueue-ContainerReportForContainerReportHandler] INFO  container.ContainerReportHandler (AbstractContainerReportHandler.java:updateContainerState(223)) - Moving container #50 to CLOSED state, datanode a3a688a0-b759-42a1-9d42-7ea63bf88025{ip: 10.1.0.16, host: fv-az297-666.nmf1rxwemy4u5di1sxxf4ejcwb.jx.internal.cloudapp.net, ports: [REPLICATION=41181, RATIS=35273, RATIS_ADMIN=35273, RATIS_SERVER=35273, STANDALONE=42751], networkLocation: /default-rack, certSerialId: null, persistedOpState: IN_SERVICE, persistedOpStateExpiryEpochSec: 0} reported CLOSED replica.
2021-08-14 14:05:26,067 [EventQueue-ContainerReportForContainerReportHandler] INFO  container.ContainerReportHandler (AbstractContainerReportHandler.java:updateContainerState(223)) - Moving container #51 to CLOSED state, datanode a3a688a0-b759-42a1-9d42-7ea63bf88025{ip: 10.1.0.16, host: fv-az297-666.nmf1rxwemy4u5di1sxxf4ejcwb.jx.internal.cloudapp.net, ports: [REPLICATION=41181, RATIS=35273, RATIS_ADMIN=35273, RATIS_SERVER=35273, STANDALONE=42751], networkLocation: /default-rack, certSerialId: null, persistedOpState: IN_SERVICE, persistedOpStateExpiryEpochSec: 0} reported CLOSED replica.
2021-08-14 14:05:26,067 [EventQueue-ContainerReportForContainerReportHandler] INFO  container.ContainerReportHandler (AbstractContainerReportHandler.java:updateContainerState(223)) - Moving container #52 to CLOSED state, datanode a3a688a0-b759-42a1-9d42-7ea63bf88025{ip: 10.1.0.16, host: fv-az297-666.nmf1rxwemy4u5di1sxxf4ejcwb.jx.internal.cloudapp.net, ports: [REPLICATION=41181, RATIS=35273, RATIS_ADMIN=35273, RATIS_SERVER=35273, STANDALONE=42751], networkLocation: /default-rack, certSerialId: null, persistedOpState: IN_SERVICE, persistedOpStateExpiryEpochSec: 0} reported CLOSED replica.
2021-08-14 14:05:26,067 [EventQueue-ContainerReportForContainerReportHandler] INFO  container.ContainerReportHandler (AbstractContainerReportHandler.java:updateContainerState(223)) - Moving container #53 to CLOSED state, datanode a3a688a0-b759-42a1-9d42-7ea63bf88025{ip: 10.1.0.16, host: fv-az297-666.nmf1rxwemy4u5di1sxxf4ejcwb.jx.internal.cloudapp.net, ports: [REPLICATION=41181, RATIS=35273, RATIS_ADMIN=35273, RATIS_SERVER=35273, STANDALONE=42751], networkLocation: /default-rack, certSerialId: null, persistedOpState: IN_SERVICE, persistedOpStateExpiryEpochSec: 0} reported CLOSED replica.
2021-08-14 14:05:26,067 [EventQueue-ContainerReportForContainerReportHandler] INFO  container.ContainerReportHandler (AbstractContainerReportHandler.java:updateContainerState(223)) - Moving container #54 to CLOSED state, datanode a3a688a0-b759-42a1-9d42-7ea63bf88025{ip: 10.1.0.16, host: fv-az297-666.nmf1rxwemy4u5di1sxxf4ejcwb.jx.internal.cloudapp.net, ports: [REPLICATION=41181, RATIS=35273, RATIS_ADMIN=35273, RATIS_SERVER=35273, STANDALONE=42751], networkLocation: /default-rack, certSerialId: null, persistedOpState: IN_SERVICE, persistedOpStateExpiryEpochSec: 0} reported CLOSED replica.
2021-08-14 14:05:26,067 [EventQueue-ContainerReportForContainerReportHandler] INFO  container.ContainerReportHandler (AbstractContainerReportHandler.java:updateContainerState(223)) - Moving container #55 to CLOSED state, datanode a3a688a0-b759-42a1-9d42-7ea63bf88025{ip: 10.1.0.16, host: fv-az297-666.nmf1rxwemy4u5di1sxxf4ejcwb.jx.internal.cloudapp.net, ports: [REPLICATION=41181, RATIS=35273, RATIS_ADMIN=35273, RATIS_SERVER=35273, STANDALONE=42751], networkLocation: /default-rack, certSerialId: null, persistedOpState: IN_SERVICE, persistedOpStateExpiryEpochSec: 0} reported CLOSED replica.
2021-08-14 14:05:26,067 [EventQueue-ContainerReportForContainerReportHandler] INFO  container.ContainerReportHandler (AbstractContainerReportHandler.java:updateContainerState(223)) - Moving container #56 to CLOSED state, datanode a3a688a0-b759-42a1-9d42-7ea63bf88025{ip: 10.1.0.16, host: fv-az297-666.nmf1rxwemy4u5di1sxxf4ejcwb.jx.internal.cloudapp.net, ports: [REPLICATION=41181, RATIS=35273, RATIS_ADMIN=35273, RATIS_SERVER=35273, STANDALONE=42751], networkLocation: /default-rack, certSerialId: null, persistedOpState: IN_SERVICE, persistedOpStateExpiryEpochSec: 0} reported CLOSED replica.
2021-08-14 14:05:26,062 [SCMBlockDeletingService#0] DEBUG block.SCMBlockDeletingService (DatanodeDeletedBlockTransactions.java:addTransactionToDN(50)) - Transaction added: a3a688a0-b759-42a1-9d42-7ea63bf88025 <- TX(32)
2021-08-14 14:05:26,068 [SCMBlockDeletingService#0] DEBUG block.SCMBlockDeletingService (DatanodeDeletedBlockTransactions.java:addTransactionToDN(50)) - Transaction added: 41bdc6fc-f730-460f-b2d8-92157d986a72 <- TX(32)
2021-08-14 14:05:26,068 [SCMBlockDeletingService#0] DEBUG block.SCMBlockDeletingService (DatanodeDeletedBlockTransactions.java:addTransactionToDN(50)) - Transaction added: e5d3e9d3-1367-47eb-ad7f-372895a70f55 <- TX(32)
2021-08-14 14:05:26,068 [SCMBlockDeletingService#0] DEBUG block.SCMBlockDeletingService (DatanodeDeletedBlockTransactions.java:addTransactionToDN(50)) - Transaction added: e5d3e9d3-1367-47eb-ad7f-372895a70f55 <- TX(33)
2021-08-14 14:05:26,068 [SCMBlockDeletingService#0] DEBUG block.SCMBlockDeletingService (DatanodeDeletedBlockTransactions.java:addTransactionToDN(50)) - Transaction added: 41bdc6fc-f730-460f-b2d8-92157d986a72 <- TX(33)
2021-08-14 14:05:26,068 [SCMBlockDeletingService#0] DEBUG block.SCMBlockDeletingService (DatanodeDeletedBlockTransactions.java:addTransactionToDN(50)) - Transaction added: a3a688a0-b759-42a1-9d42-7ea63bf88025 <- TX(33)
2021-08-14 14:05:26,070 [SCMBlockDeletingService#0] DEBUG block.SCMBlockDeletingService (DatanodeDeletedBlockTransactions.java:addTransactionToDN(50)) - Transaction added: a3a688a0-b759-42a1-9d42-7ea63bf88025 <- TX(34)
2021-08-14 14:05:26,070 [SCMBlockDeletingService#0] DEBUG block.SCMBlockDeletingService (DatanodeDeletedBlockTransactions.java:addTransactionToDN(50)) - Transaction added: 41bdc6fc-f730-460f-b2d8-92157d986a72 <- TX(34)
2021-08-14 14:05:26,070 [SCMBlockDeletingService#0] DEBUG block.SCMBlockDeletingService (DatanodeDeletedBlockTransactions.java:addTransactionToDN(50)) - Transaction added: e5d3e9d3-1367-47eb-ad7f-372895a70f55 <- TX(34)
2021-08-14 14:05:26,070 [SCMBlockDeletingService#0] DEBUG block.SCMBlockDeletingService (DatanodeDeletedBlockTransactions.java:addTransactionToDN(50)) - Transaction added: e5d3e9d3-1367-47eb-ad7f-372895a70f55 <- TX(35)
2021-08-14 14:05:26,070 [SCMBlockDeletingService#0] DEBUG block.SCMBlockDeletingService (DatanodeDeletedBlockTransactions.java:addTransactionToDN(50)) - Transaction added: 41bdc6fc-f730-460f-b2d8-92157d986a72 <- TX(35)
2021-08-14 14:05:26,070 [SCMBlockDeletingService#0] DEBUG block.SCMBlockDeletingService (DatanodeDeletedBlockTransactions.java:addTransactionToDN(50)) - Transaction added: a3a688a0-b759-42a1-9d42-7ea63bf88025 <- TX(35)
2021-08-14 14:05:26,070 [SCMBlockDeletingService#0] DEBUG block.SCMBlockDeletingService (DatanodeDeletedBlockTransactions.java:addTransactionToDN(50)) - Transaction added: a3a688a0-b759-42a1-9d42-7ea63bf88025 <- TX(36)
2021-08-14 14:05:26,070 [SCMBlockDeletingService#0] DEBUG block.SCMBlockDeletingService (DatanodeDeletedBlockTransactions.java:addTransactionToDN(50)) - Transaction added: 41bdc6fc-f730-460f-b2d8-92157d986a72 <- TX(36)
2021-08-14 14:05:26,070 [SCMBlockDeletingService#0] DEBUG block.SCMBlockDeletingService (DatanodeDeletedBlockTransactions.java:addTransactionToDN(50)) - Transaction added: e5d3e9d3-1367-47eb-ad7f-372895a70f55 <- TX(36)
2021-08-14 14:05:26,070 [SCMBlockDeletingService#0] DEBUG block.SCMBlockDeletingService (DatanodeDeletedBlockTransactions.java:addTransactionToDN(50)) - Transaction added: a3a688a0-b759-42a1-9d42-7ea63bf88025 <- TX(37)
2021-08-14 14:05:26,070 [SCMBlockDeletingService#0] DEBUG block.SCMBlockDeletingService (DatanodeDeletedBlockTransactions.java:addTransactionToDN(50)) - Transaction added: e5d3e9d3-1367-47eb-ad7f-372895a70f55 <- TX(37)
2021-08-14 14:05:26,070 [SCMBlockDeletingService#0] DEBUG block.SCMBlockDeletingService (DatanodeDeletedBlockTransactions.java:addTransactionToDN(50)) - Transaction added: 41bdc6fc-f730-460f-b2d8-92157d986a72 <- TX(37)
2021-08-14 14:05:26,070 [SCMBlockDeletingService#0] DEBUG block.SCMBlockDeletingService (DatanodeDeletedBlockTransactions.java:addTransactionToDN(50)) - Transaction added: a3a688a0-b759-42a1-9d42-7ea63bf88025 <- TX(38)
2021-08-14 14:05:26,070 [SCMBlockDeletingService#0] DEBUG block.SCMBlockDeletingService (DatanodeDeletedBlockTransactions.java:addTransactionToDN(50)) - Transaction added: 41bdc6fc-f730-460f-b2d8-92157d986a72 <- TX(38)
2021-08-14 14:05:26,070 [SCMBlockDeletingService#0] DEBUG block.SCMBlockDeletingService (DatanodeDeletedBlockTransactions.java:addTransactionToDN(50)) - Transaction added: e5d3e9d3-1367-47eb-ad7f-372895a70f55 <- TX(38)
2021-08-14 14:05:26,070 [SCMBlockDeletingService#0] DEBUG block.SCMBlockDeletingService (DatanodeDeletedBlockTransactions.java:addTransactionToDN(50)) - Transaction added: a3a688a0-b759-42a1-9d42-7ea63bf88025 <- TX(39)
2021-08-14 14:05:26,070 [SCMBlockDeletingService#0] DEBUG block.SCMBlockDeletingService (DatanodeDeletedBlockTransactions.java:addTransactionToDN(50)) - Transaction added: e5d3e9d3-1367-47eb-ad7f-372895a70f55 <- TX(39)
2021-08-14 14:05:26,070 [SCMBlockDeletingService#0] DEBUG block.SCMBlockDeletingService (DatanodeDeletedBlockTransactions.java:addTransactionToDN(50)) - Transaction added: 41bdc6fc-f730-460f-b2d8-92157d986a72 <- TX(39)
2021-08-14 14:05:26,070 [SCMBlockDeletingService#0] DEBUG block.SCMBlockDeletingService (DatanodeDeletedBlockTransactions.java:addTransactionToDN(50)) - Transaction added: 41bdc6fc-f730-460f-b2d8-92157d986a72 <- TX(40)
2021-08-14 14:05:26,071 [SCMBlockDeletingService#0] DEBUG block.SCMBlockDeletingService (DatanodeDeletedBlockTransactions.java:addTransactionToDN(50)) - Transaction added: e5d3e9d3-1367-47eb-ad7f-372895a70f55 <- TX(40)
2021-08-14 14:05:26,071 [SCMBlockDeletingService#0] DEBUG block.SCMBlockDeletingService (DatanodeDeletedBlockTransactions.java:addTransactionToDN(50)) - Transaction added: a3a688a0-b759-42a1-9d42-7ea63bf88025 <- TX(40)
2021-08-14 14:05:26,071 [SCMBlockDeletingService#0] DEBUG block.SCMBlockDeletingService (DatanodeDeletedBlockTransactions.java:addTransactionToDN(50)) - Transaction added: a3a688a0-b759-42a1-9d42-7ea63bf88025 <- TX(41)
2021-08-14 14:05:26,071 [SCMBlockDeletingService#0] DEBUG block.SCMBlockDeletingService (DatanodeDeletedBlockTransactions.java:addTransactionToDN(50)) - Transaction added: e5d3e9d3-1367-47eb-ad7f-372895a70f55 <- TX(41)
2021-08-14 14:05:26,071 [SCMBlockDeletingService#0] DEBUG block.SCMBlockDeletingService (DatanodeDeletedBlockTransactions.java:addTransactionToDN(50)) - Transaction added: 41bdc6fc-f730-460f-b2d8-92157d986a72 <- TX(41)
2021-08-14 14:05:26,071 [SCMBlockDeletingService#0] DEBUG block.SCMBlockDeletingService (DatanodeDeletedBlockTransactions.java:addTransactionToDN(50)) - Transaction added: 41bdc6fc-f730-460f-b2d8-92157d986a72 <- TX(42)
2021-08-14 14:05:26,071 [SCMBlockDeletingService#0] DEBUG block.SCMBlockDeletingService (DatanodeDeletedBlockTransactions.java:addTransactionToDN(50)) - Transaction added: e5d3e9d3-1367-47eb-ad7f-372895a70f55 <- TX(42)
2021-08-14 14:05:26,071 [SCMBlockDeletingService#0] DEBUG block.SCMBlockDeletingService (DatanodeDeletedBlockTransactions.java:addTransactionToDN(50)) - Transaction added: a3a688a0-b759-42a1-9d42-7ea63bf88025 <- TX(42)
2021-08-14 14:05:26,071 [SCMBlockDeletingService#0] DEBUG block.SCMBlockDeletingService (DatanodeDeletedBlockTransactions.java:addTransactionToDN(50)) - Transaction added: a3a688a0-b759-42a1-9d42-7ea63bf88025 <- TX(43)
2021-08-14 14:05:26,071 [SCMBlockDeletingService#0] DEBUG block.SCMBlockDeletingService (DatanodeDeletedBlockTransactions.java:addTransactionToDN(50)) - Transaction added: e5d3e9d3-1367-47eb-ad7f-372895a70f55 <- TX(43)
2021-08-14 14:05:26,071 [SCMBlockDeletingService#0] DEBUG block.SCMBlockDeletingService (DatanodeDeletedBlockTransactions.java:addTransactionToDN(50)) - Transaction added: 41bdc6fc-f730-460f-b2d8-92157d986a72 <- TX(43)
2021-08-14 14:05:26,071 [SCMBlockDeletingService#0] DEBUG block.SCMBlockDeletingService (DatanodeDeletedBlockTransactions.java:addTransactionToDN(50)) - Transaction added: 41bdc6fc-f730-460f-b2d8-92157d986a72 <- TX(44)
2021-08-14 14:05:26,071 [SCMBlockDeletingService#0] DEBUG block.SCMBlockDeletingService (DatanodeDeletedBlockTransactions.java:addTransactionToDN(50)) - Transaction added: e5d3e9d3-1367-47eb-ad7f-372895a70f55 <- TX(44)
2021-08-14 14:05:26,071 [SCMBlockDeletingService#0] DEBUG block.SCMBlockDeletingService (DatanodeDeletedBlockTransactions.java:addTransactionToDN(50)) - Transaction added: a3a688a0-b759-42a1-9d42-7ea63bf88025 <- TX(44)
2021-08-14 14:05:26,071 [SCMBlockDeletingService#0] DEBUG block.SCMBlockDeletingService (DatanodeDeletedBlockTransactions.java:addTransactionToDN(50)) - Transaction added: a3a688a0-b759-42a1-9d42-7ea63bf88025 <- TX(45)
2021-08-14 14:05:26,071 [SCMBlockDeletingService#0] DEBUG block.SCMBlockDeletingService (DatanodeDeletedBlockTransactions.java:addTransactionToDN(50)) - Transaction added: e5d3e9d3-1367-47eb-ad7f-372895a70f55 <- TX(45)
2021-08-14 14:05:26,071 [SCMBlockDeletingService#0] DEBUG block.SCMBlockDeletingService (DatanodeDeletedBlockTransactions.java:addTransactionToDN(50)) - Transaction added: 41bdc6fc-f730-460f-b2d8-92157d986a72 <- TX(45)
2021-08-14 14:05:26,074 [SCMBlockDeletingService#0] DEBUG block.SCMBlockDeletingService (DatanodeDeletedBlockTransactions.java:addTransactionToDN(50)) - Transaction added: a3a688a0-b759-42a1-9d42-7ea63bf88025 <- TX(46)
2021-08-14 14:05:26,074 [Datanode State Machine Thread - 0] WARN  statemachine.StateContext (StateContext.java:execute(621)) - No available thread in pool for past 0 seconds.
2021-08-14 14:05:26,074 [Datanode State Machine Thread - 0] WARN  statemachine.StateContext (StateContext.java:execute(621)) - No available thread in pool for past 0 seconds.
2021-08-14 14:05:26,074 [SCMBlockDeletingService#0] DEBUG block.SCMBlockDeletingService (DatanodeDeletedBlockTransactions.java:addTransactionToDN(50)) - Transaction added: 41bdc6fc-f730-460f-b2d8-92157d986a72 <- TX(46)
2021-08-14 14:05:26,090 [SCMBlockDeletingService#0] DEBUG block.SCMBlockDeletingService (DatanodeDeletedBlockTransactions.java:addTransactionToDN(50)) - Transaction added: e5d3e9d3-1367-47eb-ad7f-372895a70f55 <- TX(46)
2021-08-14 14:05:26,090 [SCMBlockDeletingService#0] DEBUG block.SCMBlockDeletingService (DatanodeDeletedBlockTransactions.java:addTransactionToDN(50)) - Transaction added: 41bdc6fc-f730-460f-b2d8-92157d986a72 <- TX(47)
2021-08-14 14:05:26,090 [SCMBlockDeletingService#0] DEBUG block.SCMBlockDeletingService (DatanodeDeletedBlockTransactions.java:addTransactionToDN(50)) - Transaction added: a3a688a0-b759-42a1-9d42-7ea63bf88025 <- TX(47)
2021-08-14 14:05:26,090 [SCMBlockDeletingService#0] DEBUG block.SCMBlockDeletingService (DatanodeDeletedBlockTransactions.java:addTransactionToDN(50)) - Transaction added: e5d3e9d3-1367-47eb-ad7f-372895a70f55 <- TX(47)
2021-08-14 14:05:26,090 [SCMBlockDeletingService#0] DEBUG block.SCMBlockDeletingService (DatanodeDeletedBlockTransactions.java:addTransactionToDN(50)) - Transaction added: a3a688a0-b759-42a1-9d42-7ea63bf88025 <- TX(48)
2021-08-14 14:05:26,090 [SCMBlockDeletingService#0] DEBUG block.SCMBlockDeletingService (DatanodeDeletedBlockTransactions.java:addTransactionToDN(50)) - Transaction added: 41bdc6fc-f730-460f-b2d8-92157d986a72 <- TX(48)
2021-08-14 14:05:26,090 [SCMBlockDeletingService#0] DEBUG block.SCMBlockDeletingService (DatanodeDeletedBlockTransactions.java:addTransactionToDN(50)) - Transaction added: e5d3e9d3-1367-47eb-ad7f-372895a70f55 <- TX(48)
2021-08-14 14:05:26,090 [SCMBlockDeletingService#0] DEBUG block.SCMBlockDeletingService (DatanodeDeletedBlockTransactions.java:addTransactionToDN(50)) - Transaction added: e5d3e9d3-1367-47eb-ad7f-372895a70f55 <- TX(49)
2021-08-14 14:05:26,090 [SCMBlockDeletingService#0] DEBUG block.SCMBlockDeletingService (DatanodeDeletedBlockTransactions.java:addTransactionToDN(50)) - Transaction added: 41bdc6fc-f730-460f-b2d8-92157d986a72 <- TX(49)
2021-08-14 14:05:26,090 [SCMBlockDeletingService#0] DEBUG block.SCMBlockDeletingService (DatanodeDeletedBlockTransactions.java:addTransactionToDN(50)) - Transaction added: a3a688a0-b759-42a1-9d42-7ea63bf88025 <- TX(49)
2021-08-14 14:05:26,090 [SCMBlockDeletingService#0] DEBUG block.SCMBlockDeletingService (DatanodeDeletedBlockTransactions.java:addTransactionToDN(50)) - Transaction added: a3a688a0-b759-42a1-9d42-7ea63bf88025 <- TX(50)
2021-08-14 14:05:26,090 [SCMBlockDeletingService#0] DEBUG block.SCMBlockDeletingService (DatanodeDeletedBlockTransactions.java:addTransactionToDN(50)) - Transaction added: 41bdc6fc-f730-460f-b2d8-92157d986a72 <- TX(50)
2021-08-14 14:05:26,090 [SCMBlockDeletingService#0] DEBUG block.SCMBlockDeletingService (DatanodeDeletedBlockTransactions.java:addTransactionToDN(50)) - Transaction added: e5d3e9d3-1367-47eb-ad7f-372895a70f55 <- TX(50)
2021-08-14 14:05:26,090 [SCMBlockDeletingService#0] DEBUG block.SCMBlockDeletingService (DatanodeDeletedBlockTransactions.java:addTransactionToDN(50)) - Transaction added: e5d3e9d3-1367-47eb-ad7f-372895a70f55 <- TX(51)
2021-08-14 14:05:26,090 [SCMBlockDeletingService#0] DEBUG block.SCMBlockDeletingService (DatanodeDeletedBlockTransactions.java:addTransactionToDN(50)) - Transaction added: 41bdc6fc-f730-460f-b2d8-92157d986a72 <- TX(51)
2021-08-14 14:05:26,090 [SCMBlockDeletingService#0] DEBUG block.SCMBlockDeletingService (DatanodeDeletedBlockTransactions.java:addTransactionToDN(50)) - Transaction added: a3a688a0-b759-42a1-9d42-7ea63bf88025 <- TX(51)
2021-08-14 14:05:26,090 [SCMBlockDeletingService#0] DEBUG block.SCMBlockDeletingService (DatanodeDeletedBlockTransactions.java:addTransactionToDN(50)) - Transaction added: a3a688a0-b759-42a1-9d42-7ea63bf88025 <- TX(52)
2021-08-14 14:05:26,091 [SCMBlockDeletingService#0] DEBUG block.SCMBlockDeletingService (DatanodeDeletedBlockTransactions.java:addTransactionToDN(50)) - Transaction added: 41bdc6fc-f730-460f-b2d8-92157d986a72 <- TX(52)
2021-08-14 14:05:26,091 [SCMBlockDeletingService#0] DEBUG block.SCMBlockDeletingService (DatanodeDeletedBlockTransactions.java:addTransactionToDN(50)) - Transaction added: e5d3e9d3-1367-47eb-ad7f-372895a70f55 <- TX(52)
2021-08-14 14:05:26,091 [SCMBlockDeletingService#0] DEBUG block.SCMBlockDeletingService (DatanodeDeletedBlockTransactions.java:addTransactionToDN(50)) - Transaction added: a3a688a0-b759-42a1-9d42-7ea63bf88025 <- TX(53)
2021-08-14 14:05:26,091 [SCMBlockDeletingService#0] DEBUG block.SCMBlockDeletingService (DatanodeDeletedBlockTransactions.java:addTransactionToDN(50)) - Transaction added: e5d3e9d3-1367-47eb-ad7f-372895a70f55 <- TX(53)
2021-08-14 14:05:26,091 [SCMBlockDeletingService#0] DEBUG block.SCMBlockDeletingService (DatanodeDeletedBlockTransactions.java:addTransactionToDN(50)) - Transaction added: 41bdc6fc-f730-460f-b2d8-92157d986a72 <- TX(53)
2021-08-14 14:05:26,091 [SCMBlockDeletingService#0] DEBUG block.SCMBlockDeletingService (DatanodeDeletedBlockTransactions.java:addTransactionToDN(50)) - Transaction added: a3a688a0-b759-42a1-9d42-7ea63bf88025 <- TX(54)
2021-08-14 14:05:26,091 [SCMBlockDeletingService#0] DEBUG block.SCMBlockDeletingService (DatanodeDeletedBlockTransactions.java:addTransactionToDN(50)) - Transaction added: 41bdc6fc-f730-460f-b2d8-92157d986a72 <- TX(54)
2021-08-14 14:05:26,091 [SCMBlockDeletingService#0] DEBUG block.SCMBlockDeletingService (DatanodeDeletedBlockTransactions.java:addTransactionToDN(50)) - Transaction added: e5d3e9d3-1367-47eb-ad7f-372895a70f55 <- TX(54)
2021-08-14 14:05:26,091 [SCMBlockDeletingService#0] DEBUG block.SCMBlockDeletingService (DatanodeDeletedBlockTransactions.java:addTransactionToDN(50)) - Transaction added: a3a688a0-b759-42a1-9d42-7ea63bf88025 <- TX(55)
2021-08-14 14:05:26,091 [SCMBlockDeletingService#0] DEBUG block.SCMBlockDeletingService (DatanodeDeletedBlockTransactions.java:addTransactionToDN(50)) - Transaction added: e5d3e9d3-1367-47eb-ad7f-372895a70f55 <- TX(55)
2021-08-14 14:05:26,091 [SCMBlockDeletingService#0] DEBUG block.SCMBlockDeletingService (DatanodeDeletedBlockTransactions.java:addTransactionToDN(50)) - Transaction added: 41bdc6fc-f730-460f-b2d8-92157d986a72 <- TX(55)
2021-08-14 14:05:26,091 [SCMBlockDeletingService#0] DEBUG block.SCMBlockDeletingService (DatanodeDeletedBlockTransactions.java:addTransactionToDN(50)) - Transaction added: 41bdc6fc-f730-460f-b2d8-92157d986a72 <- TX(56)
2021-08-14 14:05:26,091 [SCMBlockDeletingService#0] DEBUG block.SCMBlockDeletingService (DatanodeDeletedBlockTransactions.java:addTransactionToDN(50)) - Transaction added: e5d3e9d3-1367-47eb-ad7f-372895a70f55 <- TX(56)
2021-08-14 14:05:26,091 [SCMBlockDeletingService#0] DEBUG block.SCMBlockDeletingService (DatanodeDeletedBlockTransactions.java:addTransactionToDN(50)) - Transaction added: a3a688a0-b759-42a1-9d42-7ea63bf88025 <- TX(56)
2021-08-14 14:05:26,091 [SCMBlockDeletingService#0] DEBUG block.SCMBlockDeletingService (SCMBlockDeletingService.java:call(164)) - Added delete block command for datanode a3a688a0-b759-42a1-9d42-7ea63bf88025 in the queue, number of delete block transactions: 56
2021-08-14 14:05:26,091 [SCMBlockDeletingService#0] DEBUG block.SCMBlockDeletingService (SCMBlockDeletingService.java:call(164)) - Added delete block command for datanode 41bdc6fc-f730-460f-b2d8-92157d986a72 in the queue, number of delete block transactions: 56
2021-08-14 14:05:26,091 [SCMBlockDeletingService#0] DEBUG block.SCMBlockDeletingService (SCMBlockDeletingService.java:call(164)) - Added delete block command for datanode e5d3e9d3-1367-47eb-ad7f-372895a70f55 in the queue, number of delete block transactions: 56
2021-08-14 14:05:26,091 [SCMBlockDeletingService#0] INFO  block.SCMBlockDeletingService (SCMBlockDeletingService.java:call(174)) - Totally added 168 blocks to be deleted for 3 datanodes, task elapsed time: 50ms
2021-08-14 14:05:26,141 [SCMBlockDeletingService#0] DEBUG block.SCMBlockDeletingService (SCMBlockDeletingService.java:call(133)) - Running DeletedBlockTransactionScanner
2021-08-14 14:05:26,142 [SCMBlockDeletingService#0] DEBUG block.SCMBlockDeletingService (DatanodeDeletedBlockTransactions.java:addTransactionToDN(50)) - Transaction added: e5d3e9d3-1367-47eb-ad7f-372895a70f55 <- TX(1)
2021-08-14 14:05:26,142 [SCMBlockDeletingService#0] DEBUG block.SCMBlockDeletingService (DatanodeDeletedBlockTransactions.java:addTransactionToDN(50)) - Transaction added: 41bdc6fc-f730-460f-b2d8-92157d986a72 <- TX(1)
2021-08-14 14:05:26,142 [SCMBlockDeletingService#0] DEBUG block.SCMBlockDeletingService (DatanodeDeletedBlockTransactions.java:addTransactionToDN(50)) - Transaction added: a3a688a0-b759-42a1-9d42-7ea63bf88025 <- TX(1)
2021-08-14 14:05:26,142 [SCMBlockDeletingService#0] DEBUG block.SCMBlockDeletingService (DatanodeDeletedBlockTransactions.java:addTransactionToDN(50)) - Transaction added: a3a688a0-b759-42a1-9d42-7ea63bf88025 <- TX(2)
2021-08-14 14:05:26,142 [SCMBlockDeletingService#0] DEBUG block.SCMBlockDeletingService (DatanodeDeletedBlockTransactions.java:addTransactionToDN(50)) - Transaction added: e5d3e9d3-1367-47eb-ad7f-372895a70f55 <- TX(2)
2021-08-14 14:05:26,142 [SCMBlockDeletingService#0] DEBUG block.SCMBlockDeletingService (DatanodeDeletedBlockTransactions.java:addTransactionToDN(50)) - Transaction added: 41bdc6fc-f730-460f-b2d8-92157d986a72 <- TX(2)
2021-08-14 14:05:26,142 [SCMBlockDeletingService#0] DEBUG block.SCMBlockDeletingService (DatanodeDeletedBlockTransactions.java:addTransactionToDN(50)) - Transaction added: e5d3e9d3-1367-47eb-ad7f-372895a70f55 <- TX(3)
2021-08-14 14:05:26,142 [SCMBlockDeletingService#0] DEBUG block.SCMBlockDeletingService (DatanodeDeletedBlockTransactions.java:addTransactionToDN(50)) - Transaction added: 41bdc6fc-f730-460f-b2d8-92157d986a72 <- TX(3)
2021-08-14 14:05:26,142 [SCMBlockDeletingService#0] DEBUG block.SCMBlockDeletingService (DatanodeDeletedBlockTransactions.java:addTransactionToDN(50)) - Transaction added: a3a688a0-b759-42a1-9d42-7ea63bf88025 <- TX(3)
2021-08-14 14:05:26,142 [SCMBlockDeletingService#0] DEBUG block.SCMBlockDeletingService (DatanodeDeletedBlockTransactions.java:addTransactionToDN(50)) - Transaction added: a3a688a0-b759-42a1-9d42-7ea63bf88025 <- TX(4)
2021-08-14 14:05:26,142 [SCMBlockDeletingService#0] DEBUG block.SCMBlockDeletingService (DatanodeDeletedBlockTransactions.java:addTransactionToDN(50)) - Transaction added: 41bdc6fc-f730-460f-b2d8-92157d986a72 <- TX(4)
2021-08-14 14:05:26,142 [SCMBlockDeletingService#0] DEBUG block.SCMBlockDeletingService (DatanodeDeletedBlockTransactions.java:addTransactionToDN(50)) - Transaction added: e5d3e9d3-1367-47eb-ad7f-372895a70f55 <- TX(4)
2021-08-14 14:05:26,142 [SCMBlockDeletingService#0] DEBUG block.SCMBlockDeletingService (DatanodeDeletedBlockTransactions.java:addTransactionToDN(50)) - Transaction added: a3a688a0-b759-42a1-9d42-7ea63bf88025 <- TX(5)
2021-08-14 14:05:26,142 [SCMBlockDeletingService#0] DEBUG block.SCMBlockDeletingService (DatanodeDeletedBlockTransactions.java:addTransactionToDN(50)) - Transaction added: e5d3e9d3-1367-47eb-ad7f-372895a70f55 <- TX(5)
2021-08-14 14:05:26,142 [SCMBlockDeletingService#0] DEBUG block.SCMBlockDeletingService (DatanodeDeletedBlockTransactions.java:addTransactionToDN(50)) - Transaction added: 41bdc6fc-f730-460f-b2d8-92157d986a72 <- TX(5)
2021-08-14 14:05:26,142 [SCMBlockDeletingService#0] DEBUG block.SCMBlockDeletingService (DatanodeDeletedBlockTransactions.java:addTransactionToDN(50)) - Transaction added: a3a688a0-b759-42a1-9d42-7ea63bf88025 <- TX(6)
2021-08-14 14:05:26,142 [SCMBlockDeletingService#0] DEBUG block.SCMBlockDeletingService (DatanodeDeletedBlockTransactions.java:addTransactionToDN(50)) - Transaction added: e5d3e9d3-1367-47eb-ad7f-372895a70f55 <- TX(6)
2021-08-14 14:05:26,142 [SCMBlockDeletingService#0] DEBUG block.SCMBlockDeletingService (DatanodeDeletedBlockTransactions.java:addTransactionToDN(50)) - Transaction added: 41bdc6fc-f730-460f-b2d8-92157d986a72 <- TX(6)
2021-08-14 14:05:26,142 [SCMBlockDeletingService#0] DEBUG block.SCMBlockDeletingService (DatanodeDeletedBlockTransactions.java:addTransactionToDN(50)) - Transaction added: a3a688a0-b759-42a1-9d42-7ea63bf88025 <- TX(7)
2021-08-14 14:05:26,142 [SCMBlockDeletingService#0] DEBUG block.SCMBlockDeletingService (DatanodeDeletedBlockTransactions.java:addTransactionToDN(50)) - Transaction added: e5d3e9d3-1367-47eb-ad7f-372895a70f55 <- TX(7)
2021-08-14 14:05:26,142 [SCMBlockDeletingService#0] DEBUG block.SCMBlockDeletingService (DatanodeDeletedBlockTransactions.java:addTransactionToDN(50)) - Transaction added: 41bdc6fc-f730-460f-b2d8-92157d986a72 <- TX(7)
2021-08-14 14:05:26,142 [SCMBlockDeletingService#0] DEBUG block.SCMBlockDeletingService (DatanodeDeletedBlockTransactions.java:addTransactionToDN(50)) - Transaction added: 41bdc6fc-f730-460f-b2d8-92157d986a72 <- TX(8)
2021-08-14 14:05:26,142 [SCMBlockDeletingService#0] DEBUG block.SCMBlockDeletingService (DatanodeDeletedBlockTransactions.java:addTransactionToDN(50)) - Transaction added: e5d3e9d3-1367-47eb-ad7f-372895a70f55 <- TX(8)
2021-08-14 14:05:26,142 [SCMBlockDeletingService#0] DEBUG block.SCMBlockDeletingService (DatanodeDeletedBlockTransactions.java:addTransactionToDN(50)) - Transaction added: a3a688a0-b759-42a1-9d42-7ea63bf88025 <- TX(8)
2021-08-14 14:05:26,142 [SCMBlockDeletingService#0] DEBUG block.SCMBlockDeletingService (DatanodeDeletedBlockTransactions.java:addTransactionToDN(50)) - Transaction added: a3a688a0-b759-42a1-9d42-7ea63bf88025 <- TX(9)
2021-08-14 14:05:26,142 [SCMBlockDeletingService#0] DEBUG block.SCMBlockDeletingService (DatanodeDeletedBlockTransactions.java:addTransactionToDN(50)) - Transaction added: e5d3e9d3-1367-47eb-ad7f-372895a70f55 <- TX(9)
2021-08-14 14:05:26,142 [SCMBlockDeletingService#0] DEBUG block.SCMBlockDeletingService (DatanodeDeletedBlockTransactions.java:addTransactionToDN(50)) - Transaction added: 41bdc6fc-f730-460f-b2d8-92157d986a72 <- TX(9)
2021-08-14 14:05:26,142 [SCMBlockDeletingService#0] DEBUG block.SCMBlockDeletingService (DatanodeDeletedBlockTransactions.java:addTransactionToDN(50)) - Transaction added: e5d3e9d3-1367-47eb-ad7f-372895a70f55 <- TX(10)
2021-08-14 14:05:26,143 [SCMBlockDeletingService#0] DEBUG block.SCMBlockDeletingService (DatanodeDeletedBlockTransactions.java:addTransactionToDN(50)) - Transaction added: 41bdc6fc-f730-460f-b2d8-92157d986a72 <- TX(10)
2021-08-14 14:05:26,143 [SCMBlockDeletingService#0] DEBUG block.SCMBlockDeletingService (DatanodeDeletedBlockTransactions.java:addTransactionToDN(50)) - Transaction added: a3a688a0-b759-42a1-9d42-7ea63bf88025 <- TX(10)
2021-08-14 14:05:26,143 [SCMBlockDeletingService#0] DEBUG block.SCMBlockDeletingService (DatanodeDeletedBlockTransactions.java:addTransactionToDN(50)) - Transaction added: a3a688a0-b759-42a1-9d42-7ea63bf88025 <- TX(11)
2021-08-14 14:05:26,143 [SCMBlockDeletingService#0] DEBUG block.SCMBlockDeletingService (DatanodeDeletedBlockTransactions.java:addTransactionToDN(50)) - Transaction added: e5d3e9d3-1367-47eb-ad7f-372895a70f55 <- TX(11)
2021-08-14 14:05:26,143 [SCMBlockDeletingService#0] DEBUG block.SCMBlockDeletingService (DatanodeDeletedBlockTransactions.java:addTransactionToDN(50)) - Transaction added: 41bdc6fc-f730-460f-b2d8-92157d986a72 <- TX(11)
2021-08-14 14:05:26,143 [SCMBlockDeletingService#0] DEBUG block.SCMBlockDeletingService (DatanodeDeletedBlockTransactions.java:addTransactionToDN(50)) - Transaction added: 41bdc6fc-f730-460f-b2d8-92157d986a72 <- TX(12)
2021-08-14 14:05:26,143 [SCMBlockDeletingService#0] DEBUG block.SCMBlockDeletingService (DatanodeDeletedBlockTransactions.java:addTransactionToDN(50)) - Transaction added: e5d3e9d3-1367-47eb-ad7f-372895a70f55 <- TX(12)
2021-08-14 14:05:26,143 [SCMBlockDeletingService#0] DEBUG block.SCMBlockDeletingService (DatanodeDeletedBlockTransactions.java:addTransactionToDN(50)) - Transaction added: a3a688a0-b759-42a1-9d42-7ea63bf88025 <- TX(12)
2021-08-14 14:05:26,143 [SCMBlockDeletingService#0] DEBUG block.SCMBlockDeletingService (DatanodeDeletedBlockTransactions.java:addTransactionToDN(50)) - Transaction added: a3a688a0-b759-42a1-9d42-7ea63bf88025 <- TX(13)
2021-08-14 14:05:26,143 [SCMBlockDeletingService#0] DEBUG block.SCMBlockDeletingService (DatanodeDeletedBlockTransactions.java:addTransactionToDN(50)) - Transaction added: e5d3e9d3-1367-47eb-ad7f-372895a70f55 <- TX(13)
2021-08-14 14:05:26,143 [SCMBlockDeletingService#0] DEBUG block.SCMBlockDeletingService (DatanodeDeletedBlockTransactions.java:addTransactionToDN(50)) - Transaction added: 41bdc6fc-f730-460f-b2d8-92157d986a72 <- TX(13)
2021-08-14 14:05:26,143 [SCMBlockDeletingService#0] DEBUG block.SCMBlockDeletingService (DatanodeDeletedBlockTransactions.java:addTransactionToDN(50)) - Transaction added: a3a688a0-b759-42a1-9d42-7ea63bf88025 <- TX(14)
2021-08-14 14:05:26,143 [SCMBlockDeletingService#0] DEBUG block.SCMBlockDeletingService (DatanodeDeletedBlockTransactions.java:addTransactionToDN(50)) - Transaction added: e5d3e9d3-1367-47eb-ad7f-372895a70f55 <- TX(14)
2021-08-14 14:05:26,143 [SCMBlockDeletingService#0] DEBUG block.SCMBlockDeletingService (DatanodeDeletedBlockTransactions.java:addTransactionToDN(50)) - Transaction added: 41bdc6fc-f730-460f-b2d8-92157d986a72 <- TX(14)
2021-08-14 14:05:26,143 [SCMBlockDeletingService#0] DEBUG block.SCMBlockDeletingService (DatanodeDeletedBlockTransactions.java:addTransactionToDN(50)) - Transaction added: 41bdc6fc-f730-460f-b2d8-92157d986a72 <- TX(15)
2021-08-14 14:05:26,143 [SCMBlockDeletingService#0] DEBUG block.SCMBlockDeletingService (DatanodeDeletedBlockTransactions.java:addTransactionToDN(50)) - Transaction added: a3a688a0-b759-42a1-9d42-7ea63bf88025 <- TX(15)
2021-08-14 14:05:26,143 [SCMBlockDeletingService#0] DEBUG block.SCMBlockDeletingService (DatanodeDeletedBlockTransactions.java:addTransactionToDN(50)) - Transaction added: e5d3e9d3-1367-47eb-ad7f-372895a70f55 <- TX(15)
2021-08-14 14:05:26,143 [SCMBlockDeletingService#0] DEBUG block.SCMBlockDeletingService (DatanodeDeletedBlockTransactions.java:addTransactionToDN(50)) - Transaction added: a3a688a0-b759-42a1-9d42-7ea63bf88025 <- TX(16)
2021-08-14 14:05:26,143 [SCMBlockDeletingService#0] DEBUG block.SCMBlockDeletingService (DatanodeDeletedBlockTransactions.java:addTransactionToDN(50)) - Transaction added: 41bdc6fc-f730-460f-b2d8-92157d986a72 <- TX(16)
2021-08-14 14:05:26,143 [SCMBlockDeletingService#0] DEBUG block.SCMBlockDeletingService (DatanodeDeletedBlockTransactions.java:addTransactionToDN(50)) - Transaction added: e5d3e9d3-1367-47eb-ad7f-372895a70f55 <- TX(16)
2021-08-14 14:05:26,143 [SCMBlockDeletingService#0] DEBUG block.SCMBlockDeletingService (DatanodeDeletedBlockTransactions.java:addTransactionToDN(50)) - Transaction added: e5d3e9d3-1367-47eb-ad7f-372895a70f55 <- TX(17)
2021-08-14 14:05:26,143 [SCMBlockDeletingService#0] DEBUG block.SCMBlockDeletingService (DatanodeDeletedBlockTransactions.java:addTransactionToDN(50)) - Transaction added: 41bdc6fc-f730-460f-b2d8-92157d986a72 <- TX(17)
2021-08-14 14:05:26,143 [SCMBlockDeletingService#0] DEBUG block.SCMBlockDeletingService (DatanodeDeletedBlockTransactions.java:addTransactionToDN(50)) - Transaction added: a3a688a0-b759-42a1-9d42-7ea63bf88025 <- TX(17)
2021-08-14 14:05:26,143 [SCMBlockDeletingService#0] DEBUG block.SCMBlockDeletingService (DatanodeDeletedBlockTransactions.java:addTransactionToDN(50)) - Transaction added: a3a688a0-b759-42a1-9d42-7ea63bf88025 <- TX(18)
2021-08-14 14:05:26,143 [SCMBlockDeletingService#0] DEBUG block.SCMBlockDeletingService (DatanodeDeletedBlockTransactions.java:addTransactionToDN(50)) - Transaction added: e5d3e9d3-1367-47eb-ad7f-372895a70f55 <- TX(18)
2021-08-14 14:05:26,143 [SCMBlockDeletingService#0] DEBUG block.SCMBlockDeletingService (DatanodeDeletedBlockTransactions.java:addTransactionToDN(50)) - Transaction added: 41bdc6fc-f730-460f-b2d8-92157d986a72 <- TX(18)
2021-08-14 14:05:26,143 [SCMBlockDeletingService#0] DEBUG block.SCMBlockDeletingService (DatanodeDeletedBlockTransactions.java:addTransactionToDN(50)) - Transaction added: e5d3e9d3-1367-47eb-ad7f-372895a70f55 <- TX(19)
2021-08-14 14:05:26,143 [SCMBlockDeletingService#0] DEBUG block.SCMBlockDeletingService (DatanodeDeletedBlockTransactions.java:addTransactionToDN(50)) - Transaction added: 41bdc6fc-f730-460f-b2d8-92157d986a72 <- TX(19)
2021-08-14 14:05:26,143 [SCMBlockDeletingService#0] DEBUG block.SCMBlockDeletingService (DatanodeDeletedBlockTransactions.java:addTransactionToDN(50)) - Transaction added: a3a688a0-b759-42a1-9d42-7ea63bf88025 <- TX(19)
2021-08-14 14:05:26,143 [SCMBlockDeletingService#0] DEBUG block.SCMBlockDeletingService (DatanodeDeletedBlockTransactions.java:addTransactionToDN(50)) - Transaction added: a3a688a0-b759-42a1-9d42-7ea63bf88025 <- TX(20)
2021-08-14 14:05:26,143 [SCMBlockDeletingService#0] DEBUG block.SCMBlockDeletingService (DatanodeDeletedBlockTransactions.java:addTransactionToDN(50)) - Transaction added: 41bdc6fc-f730-460f-b2d8-92157d986a72 <- TX(20)
2021-08-14 14:05:26,144 [SCMBlockDeletingService#0] DEBUG block.SCMBlockDeletingService (DatanodeDeletedBlockTransactions.java:addTransactionToDN(50)) - Transaction added: e5d3e9d3-1367-47eb-ad7f-372895a70f55 <- TX(20)
2021-08-14 14:05:26,144 [SCMBlockDeletingService#0] DEBUG block.SCMBlockDeletingService (DatanodeDeletedBlockTransactions.java:addTransactionToDN(50)) - Transaction added: a3a688a0-b759-42a1-9d42-7ea63bf88025 <- TX(21)
2021-08-14 14:05:26,144 [SCMBlockDeletingService#0] DEBUG block.SCMBlockDeletingService (DatanodeDeletedBlockTransactions.java:addTransactionToDN(50)) - Transaction added: e5d3e9d3-1367-47eb-ad7f-372895a70f55 <- TX(21)
2021-08-14 14:05:26,144 [SCMBlockDeletingService#0] DEBUG block.SCMBlockDeletingService (DatanodeDeletedBlockTransactions.java:addTransactionToDN(50)) - Transaction added: 41bdc6fc-f730-460f-b2d8-92157d986a72 <- TX(21)
2021-08-14 14:05:26,144 [SCMBlockDeletingService#0] DEBUG block.SCMBlockDeletingService (DatanodeDeletedBlockTransactions.java:addTransactionToDN(50)) - Transaction added: a3a688a0-b759-42a1-9d42-7ea63bf88025 <- TX(22)
2021-08-14 14:05:26,144 [SCMBlockDeletingService#0] DEBUG block.SCMBlockDeletingService (DatanodeDeletedBlockTransactions.java:addTransactionToDN(50)) - Transaction added: e5d3e9d3-1367-47eb-ad7f-372895a70f55 <- TX(22)
2021-08-14 14:05:26,144 [SCMBlockDeletingService#0] DEBUG block.SCMBlockDeletingService (DatanodeDeletedBlockTransactions.java:addTransactionToDN(50)) - Transaction added: 41bdc6fc-f730-460f-b2d8-92157d986a72 <- TX(22)
2021-08-14 14:05:26,144 [SCMBlockDeletingService#0] DEBUG block.SCMBlockDeletingService (DatanodeDeletedBlockTransactions.java:addTransactionToDN(50)) - Transaction added: a3a688a0-b759-42a1-9d42-7ea63bf88025 <- TX(23)
2021-08-14 14:05:26,144 [SCMBlockDeletingService#0] DEBUG block.SCMBlockDeletingService (DatanodeDeletedBlockTransactions.java:addTransactionToDN(50)) - Transaction added: e5d3e9d3-1367-47eb-ad7f-372895a70f55 <- TX(23)
2021-08-14 14:05:26,144 [SCMBlockDeletingService#0] DEBUG block.SCMBlockDeletingService (DatanodeDeletedBlockTransactions.java:addTransactionToDN(50)) - Transaction added: 41bdc6fc-f730-460f-b2d8-92157d986a72 <- TX(23)
2021-08-14 14:05:26,144 [SCMBlockDeletingService#0] DEBUG block.SCMBlockDeletingService (DatanodeDeletedBlockTransactions.java:addTransactionToDN(50)) - Transaction added: 41bdc6fc-f730-460f-b2d8-92157d986a72 <- TX(24)
2021-08-14 14:05:26,144 [SCMBlockDeletingService#0] DEBUG block.SCMBlockDeletingService (DatanodeDeletedBlockTransactions.java:addTransactionToDN(50)) - Transaction added: e5d3e9d3-1367-47eb-ad7f-372895a70f55 <- TX(24)
2021-08-14 14:05:26,144 [SCMBlockDeletingService#0] DEBUG block.SCMBlockDeletingService (DatanodeDeletedBlockTransactions.java:addTransactionToDN(50)) - Transaction added: a3a688a0-b759-42a1-9d42-7ea63bf88025 <- TX(24)
2021-08-14 14:05:26,144 [SCMBlockDeletingService#0] DEBUG block.SCMBlockDeletingService (DatanodeDeletedBlockTransactions.java:addTransactionToDN(50)) - Transaction added: a3a688a0-b759-42a1-9d42-7ea63bf88025 <- TX(25)
2021-08-14 14:05:26,144 [SCMBlockDeletingService#0] DEBUG block.SCMBlockDeletingService (DatanodeDeletedBlockTransactions.java:addTransactionToDN(50)) - Transaction added: e5d3e9d3-1367-47eb-ad7f-372895a70f55 <- TX(25)
2021-08-14 14:05:26,144 [SCMBlockDeletingService#0] DEBUG block.SCMBlockDeletingService (DatanodeDeletedBlockTransactions.java:addTransactionToDN(50)) - Transaction added: 41bdc6fc-f730-460f-b2d8-92157d986a72 <- TX(25)
2021-08-14 14:05:26,144 [SCMBlockDeletingService#0] DEBUG block.SCMBlockDeletingService (DatanodeDeletedBlockTransactions.java:addTransactionToDN(50)) - Transaction added: e5d3e9d3-1367-47eb-ad7f-372895a70f55 <- TX(26)
2021-08-14 14:05:26,144 [SCMBlockDeletingService#0] DEBUG block.SCMBlockDeletingService (DatanodeDeletedBlockTransactions.java:addTransactionToDN(50)) - Transaction added: 41bdc6fc-f730-460f-b2d8-92157d986a72 <- TX(26)
2021-08-14 14:05:26,144 [SCMBlockDeletingService#0] DEBUG block.SCMBlockDeletingService (DatanodeDeletedBlockTransactions.java:addTransactionToDN(50)) - Transaction added: a3a688a0-b759-42a1-9d42-7ea63bf88025 <- TX(26)
2021-08-14 14:05:26,144 [SCMBlockDeletingService#0] DEBUG block.SCMBlockDeletingService (DatanodeDeletedBlockTransactions.java:addTransactionToDN(50)) - Transaction added: a3a688a0-b759-42a1-9d42-7ea63bf88025 <- TX(27)
2021-08-14 14:05:26,144 [SCMBlockDeletingService#0] DEBUG block.SCMBlockDeletingService (DatanodeDeletedBlockTransactions.java:addTransactionToDN(50)) - Transaction added: e5d3e9d3-1367-47eb-ad7f-372895a70f55 <- TX(27)
2021-08-14 14:05:26,144 [SCMBlockDeletingService#0] DEBUG block.SCMBlockDeletingService (DatanodeDeletedBlockTransactions.java:addTransactionToDN(50)) - Transaction added: 41bdc6fc-f730-460f-b2d8-92157d986a72 <- TX(27)
2021-08-14 14:05:26,144 [SCMBlockDeletingService#0] DEBUG block.SCMBlockDeletingService (DatanodeDeletedBlockTransactions.java:addTransactionToDN(50)) - Transaction added: 41bdc6fc-f730-460f-b2d8-92157d986a72 <- TX(28)
2021-08-14 14:05:26,144 [SCMBlockDeletingService#0] DEBUG block.SCMBlockDeletingService (DatanodeDeletedBlockTransactions.java:addTransactionToDN(50)) - Transaction added: e5d3e9d3-1367-47eb-ad7f-372895a70f55 <- TX(28)
2021-08-14 14:05:26,144 [SCMBlockDeletingService#0] DEBUG block.SCMBlockDeletingService (DatanodeDeletedBlockTransactions.java:addTransactionToDN(50)) - Transaction added: a3a688a0-b759-42a1-9d42-7ea63bf88025 <- TX(28)
2021-08-14 14:05:26,144 [SCMBlockDeletingService#0] DEBUG block.SCMBlockDeletingService (DatanodeDeletedBlockTransactions.java:addTransactionToDN(50)) - Transaction added: a3a688a0-b759-42a1-9d42-7ea63bf88025 <- TX(29)
2021-08-14 14:05:26,144 [SCMBlockDeletingService#0] DEBUG block.SCMBlockDeletingService (DatanodeDeletedBlockTransactions.java:addTransactionToDN(50)) - Transaction added: e5d3e9d3-1367-47eb-ad7f-372895a70f55 <- TX(29)
2021-08-14 14:05:26,144 [SCMBlockDeletingService#0] DEBUG block.SCMBlockDeletingService (DatanodeDeletedBlockTransactions.java:addTransactionToDN(50)) - Transaction added: 41bdc6fc-f730-460f-b2d8-92157d986a72 <- TX(29)
2021-08-14 14:05:26,144 [SCMBlockDeletingService#0] DEBUG block.SCMBlockDeletingService (DatanodeDeletedBlockTransactions.java:addTransactionToDN(50)) - Transaction added: a3a688a0-b759-42a1-9d42-7ea63bf88025 <- TX(30)
2021-08-14 14:05:26,144 [SCMBlockDeletingService#0] DEBUG block.SCMBlockDeletingService (DatanodeDeletedBlockTransactions.java:addTransactionToDN(50)) - Transaction added: 41bdc6fc-f730-460f-b2d8-92157d986a72 <- TX(30)
2021-08-14 14:05:26,144 [SCMBlockDeletingService#0] DEBUG block.SCMBlockDeletingService (DatanodeDeletedBlockTransactions.java:addTransactionToDN(50)) - Transaction added: e5d3e9d3-1367-47eb-ad7f-372895a70f55 <- TX(30)
2021-08-14 14:05:26,145 [SCMBlockDeletingService#0] DEBUG block.SCMBlockDeletingService (DatanodeDeletedBlockTransactions.java:addTransactionToDN(50)) - Transaction added: 41bdc6fc-f730-460f-b2d8-92157d986a72 <- TX(31)
2021-08-14 14:05:26,145 [SCMBlockDeletingService#0] DEBUG block.SCMBlockDeletingService (DatanodeDeletedBlockTransactions.java:addTransactionToDN(50)) - Transaction added: a3a688a0-b759-42a1-9d42-7ea63bf88025 <- TX(31)
2021-08-14 14:05:26,145 [SCMBlockDeletingService#0] DEBUG block.SCMBlockDeletingService (DatanodeDeletedBlockTransactions.java:addTransactionToDN(50)) - Transaction added: e5d3e9d3-1367-47eb-ad7f-372895a70f55 <- TX(31)
2021-08-14 14:05:26,145 [SCMBlockDeletingService#0] DEBUG block.SCMBlockDeletingService (DatanodeDeletedBlockTransactions.java:addTransactionToDN(50)) - Transaction added: a3a688a0-b759-42a1-9d42-7ea63bf88025 <- TX(32)
2021-08-14 14:05:26,145 [SCMBlockDeletingService#0] DEBUG block.SCMBlockDeletingService (DatanodeDeletedBlockTransactions.java:addTransactionToDN(50)) - Transaction added: 41bdc6fc-f730-460f-b2d8-92157d986a72 <- TX(32)
2021-08-14 14:05:26,145 [SCMBlockDeletingService#0] DEBUG block.SCMBlockDeletingService (DatanodeDeletedBlockTransactions.java:addTransactionToDN(50)) - Transaction added: e5d3e9d3-1367-47eb-ad7f-372895a70f55 <- TX(32)
2021-08-14 14:05:26,145 [SCMBlockDeletingService#0] DEBUG block.SCMBlockDeletingService (DatanodeDeletedBlockTransactions.java:addTransactionToDN(50)) - Transaction added: e5d3e9d3-1367-47eb-ad7f-372895a70f55 <- TX(33)
2021-08-14 14:05:26,145 [SCMBlockDeletingService#0] DEBUG block.SCMBlockDeletingService (DatanodeDeletedBlockTransactions.java:addTransactionToDN(50)) - Transaction added: 41bdc6fc-f730-460f-b2d8-92157d986a72 <- TX(33)
2021-08-14 14:05:26,145 [SCMBlockDeletingService#0] DEBUG block.SCMBlockDeletingService (DatanodeDeletedBlockTransactions.java:addTransactionToDN(50)) - Transaction added: a3a688a0-b759-42a1-9d42-7ea63bf88025 <- TX(33)
2021-08-14 14:05:26,145 [SCMBlockDeletingService#0] DEBUG block.SCMBlockDeletingService (DatanodeDeletedBlockTransactions.java:addTransactionToDN(50)) - Transaction added: a3a688a0-b759-42a1-9d42-7ea63bf88025 <- TX(34)
2021-08-14 14:05:26,145 [SCMBlockDeletingService#0] DEBUG block.SCMBlockDeletingService (DatanodeDeletedBlockTransactions.java:addTransactionToDN(50)) - Transaction added: 41bdc6fc-f730-460f-b2d8-92157d986a72 <- TX(34)
2021-08-14 14:05:26,145 [SCMBlockDeletingService#0] DEBUG block.SCMBlockDeletingService (DatanodeDeletedBlockTransactions.java:addTransactionToDN(50)) - Transaction added: e5d3e9d3-1367-47eb-ad7f-372895a70f55 <- TX(34)
2021-08-14 14:05:26,145 [SCMBlockDeletingService#0] DEBUG block.SCMBlockDeletingService (DatanodeDeletedBlockTransactions.java:addTransactionToDN(50)) - Transaction added: e5d3e9d3-1367-47eb-ad7f-372895a70f55 <- TX(35)
2021-08-14 14:05:26,145 [SCMBlockDeletingService#0] DEBUG block.SCMBlockDeletingService (DatanodeDeletedBlockTransactions.java:addTransactionToDN(50)) - Transaction added: 41bdc6fc-f730-460f-b2d8-92157d986a72 <- TX(35)
2021-08-14 14:05:26,145 [SCMBlockDeletingService#0] DEBUG block.SCMBlockDeletingService (DatanodeDeletedBlockTransactions.java:addTransactionToDN(50)) - Transaction added: a3a688a0-b759-42a1-9d42-7ea63bf88025 <- TX(35)
2021-08-14 14:05:26,145 [SCMBlockDeletingService#0] DEBUG block.SCMBlockDeletingService (DatanodeDeletedBlockTransactions.java:addTransactionToDN(50)) - Transaction added: a3a688a0-b759-42a1-9d42-7ea63bf88025 <- TX(36)
2021-08-14 14:05:26,145 [SCMBlockDeletingService#0] DEBUG block.SCMBlockDeletingService (DatanodeDeletedBlockTransactions.java:addTransactionToDN(50)) - Transaction added: 41bdc6fc-f730-460f-b2d8-92157d986a72 <- TX(36)
2021-08-14 14:05:26,145 [SCMBlockDeletingService#0] DEBUG block.SCMBlockDeletingService (DatanodeDeletedBlockTransactions.java:addTransactionToDN(50)) - Transaction added: e5d3e9d3-1367-47eb-ad7f-372895a70f55 <- TX(36)
2021-08-14 14:05:26,145 [SCMBlockDeletingService#0] DEBUG block.SCMBlockDeletingService (DatanodeDeletedBlockTransactions.java:addTransactionToDN(50)) - Transaction added: a3a688a0-b759-42a1-9d42-7ea63bf88025 <- TX(37)
2021-08-14 14:05:26,145 [SCMBlockDeletingService#0] DEBUG block.SCMBlockDeletingService (DatanodeDeletedBlockTransactions.java:addTransactionToDN(50)) - Transaction added: e5d3e9d3-1367-47eb-ad7f-372895a70f55 <- TX(37)
2021-08-14 14:05:26,145 [SCMBlockDeletingService#0] DEBUG block.SCMBlockDeletingService (DatanodeDeletedBlockTransactions.java:addTransactionToDN(50)) - Transaction added: 41bdc6fc-f730-460f-b2d8-92157d986a72 <- TX(37)
2021-08-14 14:05:26,145 [SCMBlockDeletingService#0] DEBUG block.SCMBlockDeletingService (DatanodeDeletedBlockTransactions.java:addTransactionToDN(50)) - Transaction added: a3a688a0-b759-42a1-9d42-7ea63bf88025 <- TX(38)
2021-08-14 14:05:26,145 [SCMBlockDeletingService#0] DEBUG block.SCMBlockDeletingService (DatanodeDeletedBlockTransactions.java:addTransactionToDN(50)) - Transaction added: 41bdc6fc-f730-460f-b2d8-92157d986a72 <- TX(38)
2021-08-14 14:05:26,145 [SCMBlockDeletingService#0] DEBUG block.SCMBlockDeletingService (DatanodeDeletedBlockTransactions.java:addTransactionToDN(50)) - Transaction added: e5d3e9d3-1367-47eb-ad7f-372895a70f55 <- TX(38)
2021-08-14 14:05:26,146 [SCMBlockDeletingService#0] DEBUG block.SCMBlockDeletingService (DatanodeDeletedBlockTransactions.java:addTransactionToDN(50)) - Transaction added: a3a688a0-b759-42a1-9d42-7ea63bf88025 <- TX(39)
2021-08-14 14:05:26,146 [SCMBlockDeletingService#0] DEBUG block.SCMBlockDeletingService (DatanodeDeletedBlockTransactions.java:addTransactionToDN(50)) - Transaction added: e5d3e9d3-1367-47eb-ad7f-372895a70f55 <- TX(39)
2021-08-14 14:05:26,146 [SCMBlockDeletingService#0] DEBUG block.SCMBlockDeletingService (DatanodeDeletedBlockTransactions.java:addTransactionToDN(50)) - Transaction added: 41bdc6fc-f730-460f-b2d8-92157d986a72 <- TX(39)
2021-08-14 14:05:26,146 [SCMBlockDeletingService#0] DEBUG block.SCMBlockDeletingService (DatanodeDeletedBlockTransactions.java:addTransactionToDN(50)) - Transaction added: 41bdc6fc-f730-460f-b2d8-92157d986a72 <- TX(40)
2021-08-14 14:05:26,146 [SCMBlockDeletingService#0] DEBUG block.SCMBlockDeletingService (DatanodeDeletedBlockTransactions.java:addTransactionToDN(50)) - Transaction added: e5d3e9d3-1367-47eb-ad7f-372895a70f55 <- TX(40)
2021-08-14 14:05:26,146 [SCMBlockDeletingService#0] DEBUG block.SCMBlockDeletingService (DatanodeDeletedBlockTransactions.java:addTransactionToDN(50)) - Transaction added: a3a688a0-b759-42a1-9d42-7ea63bf88025 <- TX(40)
2021-08-14 14:05:26,146 [SCMBlockDeletingService#0] DEBUG block.SCMBlockDeletingService (DatanodeDeletedBlockTransactions.java:addTransactionToDN(50)) - Transaction added: a3a688a0-b759-42a1-9d42-7ea63bf88025 <- TX(41)
2021-08-14 14:05:26,146 [SCMBlockDeletingService#0] DEBUG block.SCMBlockDeletingService (DatanodeDeletedBlockTransactions.java:addTransactionToDN(50)) - Transaction added: e5d3e9d3-1367-47eb-ad7f-372895a70f55 <- TX(41)
2021-08-14 14:05:26,146 [SCMBlockDeletingService#0] DEBUG block.SCMBlockDeletingService (DatanodeDeletedBlockTransactions.java:addTransactionToDN(50)) - Transaction added: 41bdc6fc-f730-460f-b2d8-92157d986a72 <- TX(41)
2021-08-14 14:05:26,146 [SCMBlockDeletingService#0] DEBUG block.SCMBlockDeletingService (DatanodeDeletedBlockTransactions.java:addTransactionToDN(50)) - Transaction added: 41bdc6fc-f730-460f-b2d8-92157d986a72 <- TX(42)
2021-08-14 14:05:26,146 [SCMBlockDeletingService#0] DEBUG block.SCMBlockDeletingService (DatanodeDeletedBlockTransactions.java:addTransactionToDN(50)) - Transaction added: e5d3e9d3-1367-47eb-ad7f-372895a70f55 <- TX(42)
2021-08-14 14:05:26,146 [SCMBlockDeletingService#0] DEBUG block.SCMBlockDeletingService (DatanodeDeletedBlockTransactions.java:addTransactionToDN(50)) - Transaction added: a3a688a0-b759-42a1-9d42-7ea63bf88025 <- TX(42)
2021-08-14 14:05:26,146 [SCMBlockDeletingService#0] DEBUG block.SCMBlockDeletingService (DatanodeDeletedBlockTransactions.java:addTransactionToDN(50)) - Transaction added: a3a688a0-b759-42a1-9d42-7ea63bf88025 <- TX(43)
2021-08-14 14:05:26,146 [SCMBlockDeletingService#0] DEBUG block.SCMBlockDeletingService (DatanodeDeletedBlockTransactions.java:addTransactionToDN(50)) - Transaction added: e5d3e9d3-1367-47eb-ad7f-372895a70f55 <- TX(43)
2021-08-14 14:05:26,153 [SCMBlockDeletingService#0] DEBUG block.SCMBlockDeletingService (DatanodeDeletedBlockTransactions.java:addTransactionToDN(50)) - Transaction added: 41bdc6fc-f730-460f-b2d8-92157d986a72 <- TX(43)
2021-08-14 14:05:26,153 [SCMBlockDeletingService#0] DEBUG block.SCMBlockDeletingService (DatanodeDeletedBlockTransactions.java:addTransactionToDN(50)) - Transaction added: 41bdc6fc-f730-460f-b2d8-92157d986a72 <- TX(44)
2021-08-14 14:05:26,153 [SCMBlockDeletingService#0] DEBUG block.SCMBlockDeletingService (DatanodeDeletedBlockTransactions.java:addTransactionToDN(50)) - Transaction added: e5d3e9d3-1367-47eb-ad7f-372895a70f55 <- TX(44)
2021-08-14 14:05:26,153 [SCMBlockDeletingService#0] DEBUG block.SCMBlockDeletingService (DatanodeDeletedBlockTransactions.java:addTransactionToDN(50)) - Transaction added: a3a688a0-b759-42a1-9d42-7ea63bf88025 <- TX(44)
2021-08-14 14:05:26,153 [SCMBlockDeletingService#0] DEBUG block.SCMBlockDeletingService (DatanodeDeletedBlockTransactions.java:addTransactionToDN(50)) - Transaction added: a3a688a0-b759-42a1-9d42-7ea63bf88025 <- TX(45)
2021-08-14 14:05:26,153 [SCMBlockDeletingService#0] DEBUG block.SCMBlockDeletingService (DatanodeDeletedBlockTransactions.java:addTransactionToDN(50)) - Transaction added: e5d3e9d3-1367-47eb-ad7f-372895a70f55 <- TX(45)
2021-08-14 14:05:26,154 [SCMBlockDeletingService#0] DEBUG block.SCMBlockDeletingService (DatanodeDeletedBlockTransactions.java:addTransactionToDN(50)) - Transaction added: 41bdc6fc-f730-460f-b2d8-92157d986a72 <- TX(45)
2021-08-14 14:05:26,154 [SCMBlockDeletingService#0] DEBUG block.SCMBlockDeletingService (DatanodeDeletedBlockTransactions.java:addTransactionToDN(50)) - Transaction added: a3a688a0-b759-42a1-9d42-7ea63bf88025 <- TX(46)
2021-08-14 14:05:26,154 [SCMBlockDeletingService#0] DEBUG block.SCMBlockDeletingService (DatanodeDeletedBlockTransactions.java:addTransactionToDN(50)) - Transaction added: 41bdc6fc-f730-460f-b2d8-92157d986a72 <- TX(46)
2021-08-14 14:05:26,154 [SCMBlockDeletingService#0] DEBUG block.SCMBlockDeletingService (DatanodeDeletedBlockTransactions.java:addTransactionToDN(50)) - Transaction added: e5d3e9d3-1367-47eb-ad7f-372895a70f55 <- TX(46)
2021-08-14 14:05:26,154 [SCMBlockDeletingService#0] DEBUG block.SCMBlockDeletingService (DatanodeDeletedBlockTransactions.java:addTransactionToDN(50)) - Transaction added: 41bdc6fc-f730-460f-b2d8-92157d986a72 <- TX(47)
2021-08-14 14:05:26,154 [SCMBlockDeletingService#0] DEBUG block.SCMBlockDeletingService (DatanodeDeletedBlockTransactions.java:addTransactionToDN(50)) - Transaction added: a3a688a0-b759-42a1-9d42-7ea63bf88025 <- TX(47)
2021-08-14 14:05:26,154 [SCMBlockDeletingService#0] DEBUG block.SCMBlockDeletingService (DatanodeDeletedBlockTransactions.java:addTransactionToDN(50)) - Transaction added: e5d3e9d3-1367-47eb-ad7f-372895a70f55 <- TX(47)
2021-08-14 14:05:26,154 [SCMBlockDeletingService#0] DEBUG block.SCMBlockDeletingService (DatanodeDeletedBlockTransactions.java:addTransactionToDN(50)) - Transaction added: a3a688a0-b759-42a1-9d42-7ea63bf88025 <- TX(48)
2021-08-14 14:05:26,154 [SCMBlockDeletingService#0] DEBUG block.SCMBlockDeletingService (DatanodeDeletedBlockTransactions.java:addTransactionToDN(50)) - Transaction added: 41bdc6fc-f730-460f-b2d8-92157d986a72 <- TX(48)
2021-08-14 14:05:26,154 [Datanode State Machine Thread - 0] WARN  statemachine.StateContext (StateContext.java:execute(621)) - No available thread in pool for past 0 seconds.
2021-08-14 14:05:26,154 [SCMBlockDeletingService#0] DEBUG block.SCMBlockDeletingService (DatanodeDeletedBlockTransactions.java:addTransactionToDN(50)) - Transaction added: e5d3e9d3-1367-47eb-ad7f-372895a70f55 <- TX(48)
2021-08-14 14:05:26,154 [SCMBlockDeletingService#0] DEBUG block.SCMBlockDeletingService (DatanodeDeletedBlockTransactions.java:addTransactionToDN(50)) - Transaction added: e5d3e9d3-1367-47eb-ad7f-372895a70f55 <- TX(49)
2021-08-14 14:05:26,154 [SCMBlockDeletingService#0] DEBUG block.SCMBlockDeletingService (DatanodeDeletedBlockTransactions.java:addTransactionToDN(50)) - Transaction added: 41bdc6fc-f730-460f-b2d8-92157d986a72 <- TX(49)
2021-08-14 14:05:26,154 [SCMBlockDeletingService#0] DEBUG block.SCMBlockDeletingService (DatanodeDeletedBlockTransactions.java:addTransactionToDN(50)) - Transaction added: a3a688a0-b759-42a1-9d42-7ea63bf88025 <- TX(49)
2021-08-14 14:05:26,155 [SCMBlockDeletingService#0] DEBUG block.SCMBlockDeletingService (DatanodeDeletedBlockTransactions.java:addTransactionToDN(50)) - Transaction added: a3a688a0-b759-42a1-9d42-7ea63bf88025 <- TX(50)
2021-08-14 14:05:26,155 [SCMBlockDeletingService#0] DEBUG block.SCMBlockDeletingService (DatanodeDeletedBlockTransactions.java:addTransactionToDN(50)) - Transaction added: 41bdc6fc-f730-460f-b2d8-92157d986a72 <- TX(50)
2021-08-14 14:05:26,155 [SCMBlockDeletingService#0] DEBUG block.SCMBlockDeletingService (DatanodeDeletedBlockTransactions.java:addTransactionToDN(50)) - Transaction added: e5d3e9d3-1367-47eb-ad7f-372895a70f55 <- TX(50)
2021-08-14 14:05:26,155 [SCMBlockDeletingService#0] DEBUG block.SCMBlockDeletingService (DatanodeDeletedBlockTransactions.java:addTransactionToDN(50)) - Transaction added: e5d3e9d3-1367-47eb-ad7f-372895a70f55 <- TX(51)
2021-08-14 14:05:26,155 [SCMBlockDeletingService#0] DEBUG block.SCMBlockDeletingService (DatanodeDeletedBlockTransactions.java:addTransactionToDN(50)) - Transaction added: 41bdc6fc-f730-460f-b2d8-92157d986a72 <- TX(51)
2021-08-14 14:05:26,155 [SCMBlockDeletingService#0] DEBUG block.SCMBlockDeletingService (DatanodeDeletedBlockTransactions.java:addTransactionToDN(50)) - Transaction added: a3a688a0-b759-42a1-9d42-7ea63bf88025 <- TX(51)
2021-08-14 14:05:26,155 [SCMBlockDeletingService#0] DEBUG block.SCMBlockDeletingService (DatanodeDeletedBlockTransactions.java:addTransactionToDN(50)) - Transaction added: a3a688a0-b759-42a1-9d42-7ea63bf88025 <- TX(52)
2021-08-14 14:05:26,155 [SCMBlockDeletingService#0] DEBUG block.SCMBlockDeletingService (DatanodeDeletedBlockTransactions.java:addTransactionToDN(50)) - Transaction added: 41bdc6fc-f730-460f-b2d8-92157d986a72 <- TX(52)
2021-08-14 14:05:26,157 [SCMBlockDeletingService#0] DEBUG block.SCMBlockDeletingService (DatanodeDeletedBlockTransactions.java:addTransactionToDN(50)) - Transaction added: e5d3e9d3-1367-47eb-ad7f-372895a70f55 <- TX(52)
2021-08-14 14:05:26,157 [SCMBlockDeletingService#0] DEBUG block.SCMBlockDeletingService (DatanodeDeletedBlockTransactions.java:addTransactionToDN(50)) - Transaction added: a3a688a0-b759-42a1-9d42-7ea63bf88025 <- TX(53)
2021-08-14 14:05:26,157 [SCMBlockDeletingService#0] DEBUG block.SCMBlockDeletingService (DatanodeDeletedBlockTransactions.java:addTransactionToDN(50)) - Transaction added: e5d3e9d3-1367-47eb-ad7f-372895a70f55 <- TX(53)
2021-08-14 14:05:26,157 [SCMBlockDeletingService#0] DEBUG block.SCMBlockDeletingService (DatanodeDeletedBlockTransactions.java:addTransactionToDN(50)) - Transaction added: 41bdc6fc-f730-460f-b2d8-92157d986a72 <- TX(53)
2021-08-14 14:05:26,157 [SCMBlockDeletingService#0] DEBUG block.SCMBlockDeletingService (DatanodeDeletedBlockTransactions.java:addTransactionToDN(50)) - Transaction added: a3a688a0-b759-42a1-9d42-7ea63bf88025 <- TX(54)
2021-08-14 14:05:26,157 [SCMBlockDeletingService#0] DEBUG block.SCMBlockDeletingService (DatanodeDeletedBlockTransactions.java:addTransactionToDN(50)) - Transaction added: 41bdc6fc-f730-460f-b2d8-92157d986a72 <- TX(54)
2021-08-14 14:05:26,158 [SCMBlockDeletingService#0] DEBUG block.SCMBlockDeletingService (DatanodeDeletedBlockTransactions.java:addTransactionToDN(50)) - Transaction added: e5d3e9d3-1367-47eb-ad7f-372895a70f55 <- TX(54)
2021-08-14 14:05:26,158 [SCMBlockDeletingService#0] DEBUG block.SCMBlockDeletingService (DatanodeDeletedBlockTransactions.java:addTransactionToDN(50)) - Transaction added: a3a688a0-b759-42a1-9d42-7ea63bf88025 <- TX(55)
2021-08-14 14:05:26,158 [SCMBlockDeletingService#0] DEBUG block.SCMBlockDeletingService (DatanodeDeletedBlockTransactions.java:addTransactionToDN(50)) - Transaction added: e5d3e9d3-1367-47eb-ad7f-372895a70f55 <- TX(55)
2021-08-14 14:05:26,158 [SCMBlockDeletingService#0] DEBUG block.SCMBlockDeletingService (DatanodeDeletedBlockTransactions.java:addTransactionToDN(50)) - Transaction added: 41bdc6fc-f730-460f-b2d8-92157d986a72 <- TX(55)
2021-08-14 14:05:26,158 [SCMBlockDeletingService#0] DEBUG block.SCMBlockDeletingService (DatanodeDeletedBlockTransactions.java:addTransactionToDN(50)) - Transaction added: 41bdc6fc-f730-460f-b2d8-92157d986a72 <- TX(56)
2021-08-14 14:05:26,158 [SCMBlockDeletingService#0] DEBUG block.SCMBlockDeletingService (DatanodeDeletedBlockTransactions.java:addTransactionToDN(50)) - Transaction added: e5d3e9d3-1367-47eb-ad7f-372895a70f55 <- TX(56)
2021-08-14 14:05:26,158 [SCMBlockDeletingService#0] DEBUG block.SCMBlockDeletingService (DatanodeDeletedBlockTransactions.java:addTransactionToDN(50)) - Transaction added: a3a688a0-b759-42a1-9d42-7ea63bf88025 <- TX(56)
2021-08-14 14:05:26,158 [SCMBlockDeletingService#0] DEBUG block.SCMBlockDeletingService (SCMBlockDeletingService.java:call(164)) - Added delete block command for datanode a3a688a0-b759-42a1-9d42-7ea63bf88025 in the queue, number of delete block transactions: 56
2021-08-14 14:05:26,158 [SCMBlockDeletingService#0] DEBUG block.SCMBlockDeletingService (SCMBlockDeletingService.java:call(164)) - Added delete block command for datanode 41bdc6fc-f730-460f-b2d8-92157d986a72 in the queue, number of delete block transactions: 56
2021-08-14 14:05:26,158 [SCMBlockDeletingService#0] DEBUG block.SCMBlockDeletingService (SCMBlockDeletingService.java:call(164)) - Added delete block command for datanode e5d3e9d3-1367-47eb-ad7f-372895a70f55 in the queue, number of delete block transactions: 56
2021-08-14 14:05:26,158 [SCMBlockDeletingService#0] INFO  block.SCMBlockDeletingService (SCMBlockDeletingService.java:call(174)) - Totally added 168 blocks to be deleted for 3 datanodes, task elapsed time: 17ms
2021-08-14 14:05:26,160 [Datanode State Machine Thread - 0] WARN  statemachine.StateContext (StateContext.java:execute(621)) - No available thread in pool for past 0 seconds.
2021-08-14 14:05:26,169 [Datanode State Machine Thread - 0] WARN  statemachine.StateContext (StateContext.java:execute(621)) - No available thread in pool for past 0 seconds.
2021-08-14 14:05:26,173 [Datanode State Machine Thread - 0] WARN  statemachine.StateContext (StateContext.java:execute(621)) - No available thread in pool for past 0 seconds.
2021-08-14 14:05:26,175 [Datanode State Machine Thread - 0] WARN  statemachine.StateContext (StateContext.java:execute(621)) - No available thread in pool for past 0 seconds.
2021-08-14 14:05:26,242 [SCMBlockDeletingService#0] DEBUG block.SCMBlockDeletingService (SCMBlockDeletingService.java:call(133)) - Running DeletedBlockTransactionScanner
2021-08-14 14:05:26,242 [SCMBlockDeletingService#0] DEBUG block.SCMBlockDeletingService (DatanodeDeletedBlockTransactions.java:addTransactionToDN(50)) - Transaction added: 41bdc6fc-f730-460f-b2d8-92157d986a72 <- TX(1)
2021-08-14 14:05:26,242 [SCMBlockDeletingService#0] DEBUG block.SCMBlockDeletingService (DatanodeDeletedBlockTransactions.java:addTransactionToDN(50)) - Transaction added: e5d3e9d3-1367-47eb-ad7f-372895a70f55 <- TX(1)
2021-08-14 14:05:26,242 [SCMBlockDeletingService#0] DEBUG block.SCMBlockDeletingService (DatanodeDeletedBlockTransactions.java:addTransactionToDN(50)) - Transaction added: a3a688a0-b759-42a1-9d42-7ea63bf88025 <- TX(1)
2021-08-14 14:05:26,242 [SCMBlockDeletingService#0] DEBUG block.SCMBlockDeletingService (DatanodeDeletedBlockTransactions.java:addTransactionToDN(50)) - Transaction added: a3a688a0-b759-42a1-9d42-7ea63bf88025 <- TX(2)
2021-08-14 14:05:26,242 [SCMBlockDeletingService#0] DEBUG block.SCMBlockDeletingService (DatanodeDeletedBlockTransactions.java:addTransactionToDN(50)) - Transaction added: e5d3e9d3-1367-47eb-ad7f-372895a70f55 <- TX(2)
2021-08-14 14:05:26,242 [SCMBlockDeletingService#0] DEBUG block.SCMBlockDeletingService (DatanodeDeletedBlockTransactions.java:addTransactionToDN(50)) - Transaction added: 41bdc6fc-f730-460f-b2d8-92157d986a72 <- TX(2)
2021-08-14 14:05:26,242 [SCMBlockDeletingService#0] DEBUG block.SCMBlockDeletingService (DatanodeDeletedBlockTransactions.java:addTransactionToDN(50)) - Transaction added: e5d3e9d3-1367-47eb-ad7f-372895a70f55 <- TX(3)
2021-08-14 14:05:26,242 [SCMBlockDeletingService#0] DEBUG block.SCMBlockDeletingService (DatanodeDeletedBlockTransactions.java:addTransactionToDN(50)) - Transaction added: 41bdc6fc-f730-460f-b2d8-92157d986a72 <- TX(3)
2021-08-14 14:05:26,242 [SCMBlockDeletingService#0] DEBUG block.SCMBlockDeletingService (DatanodeDeletedBlockTransactions.java:addTransactionToDN(50)) - Transaction added: a3a688a0-b759-42a1-9d42-7ea63bf88025 <- TX(3)
2021-08-14 14:05:26,242 [SCMBlockDeletingService#0] DEBUG block.SCMBlockDeletingService (DatanodeDeletedBlockTransactions.java:addTransactionToDN(50)) - Transaction added: a3a688a0-b759-42a1-9d42-7ea63bf88025 <- TX(4)
2021-08-14 14:05:26,242 [SCMBlockDeletingService#0] DEBUG block.SCMBlockDeletingService (DatanodeDeletedBlockTransactions.java:addTransactionToDN(50)) - Transaction added: 41bdc6fc-f730-460f-b2d8-92157d986a72 <- TX(4)
2021-08-14 14:05:26,242 [SCMBlockDeletingService#0] DEBUG block.SCMBlockDeletingService (DatanodeDeletedBlockTransactions.java:addTransactionToDN(50)) - Transaction added: e5d3e9d3-1367-47eb-ad7f-372895a70f55 <- TX(4)
2021-08-14 14:05:26,242 [SCMBlockDeletingService#0] DEBUG block.SCMBlockDeletingService (DatanodeDeletedBlockTransactions.java:addTransactionToDN(50)) - Transaction added: a3a688a0-b759-42a1-9d42-7ea63bf88025 <- TX(5)
2021-08-14 14:05:26,242 [SCMBlockDeletingService#0] DEBUG block.SCMBlockDeletingService (DatanodeDeletedBlockTransactions.java:addTransactionToDN(50)) - Transaction added: 41bdc6fc-f730-460f-b2d8-92157d986a72 <- TX(5)
2021-08-14 14:05:26,242 [SCMBlockDeletingService#0] DEBUG block.SCMBlockDeletingService (DatanodeDeletedBlockTransactions.java:addTransactionToDN(50)) - Transaction added: e5d3e9d3-1367-47eb-ad7f-372895a70f55 <- TX(5)
2021-08-14 14:05:26,242 [SCMBlockDeletingService#0] DEBUG block.SCMBlockDeletingService (DatanodeDeletedBlockTransactions.java:addTransactionToDN(50)) - Transaction added: a3a688a0-b759-42a1-9d42-7ea63bf88025 <- TX(6)
2021-08-14 14:05:26,242 [SCMBlockDeletingService#0] DEBUG block.SCMBlockDeletingService (DatanodeDeletedBlockTransactions.java:addTransactionToDN(50)) - Transaction added: e5d3e9d3-1367-47eb-ad7f-372895a70f55 <- TX(6)
2021-08-14 14:05:26,242 [SCMBlockDeletingService#0] DEBUG block.SCMBlockDeletingService (DatanodeDeletedBlockTransactions.java:addTransactionToDN(50)) - Transaction added: 41bdc6fc-f730-460f-b2d8-92157d986a72 <- TX(6)
2021-08-14 14:05:26,242 [SCMBlockDeletingService#0] DEBUG block.SCMBlockDeletingService (DatanodeDeletedBlockTransactions.java:addTransactionToDN(50)) - Transaction added: a3a688a0-b759-42a1-9d42-7ea63bf88025 <- TX(7)
2021-08-14 14:05:26,242 [SCMBlockDeletingService#0] DEBUG block.SCMBlockDeletingService (DatanodeDeletedBlockTransactions.java:addTransactionToDN(50)) - Transaction added: e5d3e9d3-1367-47eb-ad7f-372895a70f55 <- TX(7)
2021-08-14 14:05:26,242 [SCMBlockDeletingService#0] DEBUG block.SCMBlockDeletingService (DatanodeDeletedBlockTransactions.java:addTransactionToDN(50)) - Transaction added: 41bdc6fc-f730-460f-b2d8-92157d986a72 <- TX(7)
2021-08-14 14:05:26,242 [SCMBlockDeletingService#0] DEBUG block.SCMBlockDeletingService (DatanodeDeletedBlockTransactions.java:addTransactionToDN(50)) - Transaction added: 41bdc6fc-f730-460f-b2d8-92157d986a72 <- TX(8)
2021-08-14 14:05:26,242 [SCMBlockDeletingService#0] DEBUG block.SCMBlockDeletingService (DatanodeDeletedBlockTransactions.java:addTransactionToDN(50)) - Transaction added: e5d3e9d3-1367-47eb-ad7f-372895a70f55 <- TX(8)
2021-08-14 14:05:26,242 [SCMBlockDeletingService#0] DEBUG block.SCMBlockDeletingService (DatanodeDeletedBlockTransactions.java:addTransactionToDN(50)) - Transaction added: a3a688a0-b759-42a1-9d42-7ea63bf88025 <- TX(8)
2021-08-14 14:05:26,242 [SCMBlockDeletingService#0] DEBUG block.SCMBlockDeletingService (DatanodeDeletedBlockTransactions.java:addTransactionToDN(50)) - Transaction added: a3a688a0-b759-42a1-9d42-7ea63bf88025 <- TX(9)
2021-08-14 14:05:26,243 [SCMBlockDeletingService#0] DEBUG block.SCMBlockDeletingService (DatanodeDeletedBlockTransactions.java:addTransactionToDN(50)) - Transaction added: 41bdc6fc-f730-460f-b2d8-92157d986a72 <- TX(9)
2021-08-14 14:05:26,243 [SCMBlockDeletingService#0] DEBUG block.SCMBlockDeletingService (DatanodeDeletedBlockTransactions.java:addTransactionToDN(50)) - Transaction added: e5d3e9d3-1367-47eb-ad7f-372895a70f55 <- TX(9)
2021-08-14 14:05:26,243 [SCMBlockDeletingService#0] DEBUG block.SCMBlockDeletingService (DatanodeDeletedBlockTransactions.java:addTransactionToDN(50)) - Transaction added: e5d3e9d3-1367-47eb-ad7f-372895a70f55 <- TX(10)
2021-08-14 14:05:26,243 [SCMBlockDeletingService#0] DEBUG block.SCMBlockDeletingService (DatanodeDeletedBlockTransactions.java:addTransactionToDN(50)) - Transaction added: 41bdc6fc-f730-460f-b2d8-92157d986a72 <- TX(10)
2021-08-14 14:05:26,243 [SCMBlockDeletingService#0] DEBUG block.SCMBlockDeletingService (DatanodeDeletedBlockTransactions.java:addTransactionToDN(50)) - Transaction added: a3a688a0-b759-42a1-9d42-7ea63bf88025 <- TX(10)
2021-08-14 14:05:26,243 [SCMBlockDeletingService#0] DEBUG block.SCMBlockDeletingService (DatanodeDeletedBlockTransactions.java:addTransactionToDN(50)) - Transaction added: a3a688a0-b759-42a1-9d42-7ea63bf88025 <- TX(11)
2021-08-14 14:05:26,243 [SCMBlockDeletingService#0] DEBUG block.SCMBlockDeletingService (DatanodeDeletedBlockTransactions.java:addTransactionToDN(50)) - Transaction added: e5d3e9d3-1367-47eb-ad7f-372895a70f55 <- TX(11)
2021-08-14 14:05:26,243 [SCMBlockDeletingService#0] DEBUG block.SCMBlockDeletingService (DatanodeDeletedBlockTransactions.java:addTransactionToDN(50)) - Transaction added: 41bdc6fc-f730-460f-b2d8-92157d986a72 <- TX(11)
2021-08-14 14:05:26,243 [SCMBlockDeletingService#0] DEBUG block.SCMBlockDeletingService (DatanodeDeletedBlockTransactions.java:addTransactionToDN(50)) - Transaction added: 41bdc6fc-f730-460f-b2d8-92157d986a72 <- TX(12)
2021-08-14 14:05:26,243 [SCMBlockDeletingService#0] DEBUG block.SCMBlockDeletingService (DatanodeDeletedBlockTransactions.java:addTransactionToDN(50)) - Transaction added: e5d3e9d3-1367-47eb-ad7f-372895a70f55 <- TX(12)
2021-08-14 14:05:26,243 [SCMBlockDeletingService#0] DEBUG block.SCMBlockDeletingService (DatanodeDeletedBlockTransactions.java:addTransactionToDN(50)) - Transaction added: a3a688a0-b759-42a1-9d42-7ea63bf88025 <- TX(12)
2021-08-14 14:05:26,243 [SCMBlockDeletingService#0] DEBUG block.SCMBlockDeletingService (DatanodeDeletedBlockTransactions.java:addTransactionToDN(50)) - Transaction added: a3a688a0-b759-42a1-9d42-7ea63bf88025 <- TX(13)
2021-08-14 14:05:26,243 [SCMBlockDeletingService#0] DEBUG block.SCMBlockDeletingService (DatanodeDeletedBlockTransactions.java:addTransactionToDN(50)) - Transaction added: 41bdc6fc-f730-460f-b2d8-92157d986a72 <- TX(13)
2021-08-14 14:05:26,243 [SCMBlockDeletingService#0] DEBUG block.SCMBlockDeletingService (DatanodeDeletedBlockTransactions.java:addTransactionToDN(50)) - Transaction added: e5d3e9d3-1367-47eb-ad7f-372895a70f55 <- TX(13)
2021-08-14 14:05:26,243 [SCMBlockDeletingService#0] DEBUG block.SCMBlockDeletingService (DatanodeDeletedBlockTransactions.java:addTransactionToDN(50)) - Transaction added: a3a688a0-b759-42a1-9d42-7ea63bf88025 <- TX(14)
2021-08-14 14:05:26,243 [SCMBlockDeletingService#0] DEBUG block.SCMBlockDeletingService (DatanodeDeletedBlockTransactions.java:addTransactionToDN(50)) - Transaction added: e5d3e9d3-1367-47eb-ad7f-372895a70f55 <- TX(14)
2021-08-14 14:05:26,243 [SCMBlockDeletingService#0] DEBUG block.SCMBlockDeletingService (DatanodeDeletedBlockTransactions.java:addTransactionToDN(50)) - Transaction added: 41bdc6fc-f730-460f-b2d8-92157d986a72 <- TX(14)
2021-08-14 14:05:26,243 [SCMBlockDeletingService#0] DEBUG block.SCMBlockDeletingService (DatanodeDeletedBlockTransactions.java:addTransactionToDN(50)) - Transaction added: 41bdc6fc-f730-460f-b2d8-92157d986a72 <- TX(15)
2021-08-14 14:05:26,243 [SCMBlockDeletingService#0] DEBUG block.SCMBlockDeletingService (DatanodeDeletedBlockTransactions.java:addTransactionToDN(50)) - Transaction added: a3a688a0-b759-42a1-9d42-7ea63bf88025 <- TX(15)
2021-08-14 14:05:26,243 [SCMBlockDeletingService#0] DEBUG block.SCMBlockDeletingService (DatanodeDeletedBlockTransactions.java:addTransactionToDN(50)) - Transaction added: e5d3e9d3-1367-47eb-ad7f-372895a70f55 <- TX(15)
2021-08-14 14:05:26,243 [SCMBlockDeletingService#0] DEBUG block.SCMBlockDeletingService (DatanodeDeletedBlockTransactions.java:addTransactionToDN(50)) - Transaction added: a3a688a0-b759-42a1-9d42-7ea63bf88025 <- TX(16)
2021-08-14 14:05:26,243 [SCMBlockDeletingService#0] DEBUG block.SCMBlockDeletingService (DatanodeDeletedBlockTransactions.java:addTransactionToDN(50)) - Transaction added: 41bdc6fc-f730-460f-b2d8-92157d986a72 <- TX(16)
2021-08-14 14:05:26,243 [SCMBlockDeletingService#0] DEBUG block.SCMBlockDeletingService (DatanodeDeletedBlockTransactions.java:addTransactionToDN(50)) - Transaction added: e5d3e9d3-1367-47eb-ad7f-372895a70f55 <- TX(16)
2021-08-14 14:05:26,243 [SCMBlockDeletingService#0] DEBUG block.SCMBlockDeletingService (DatanodeDeletedBlockTransactions.java:addTransactionToDN(50)) - Transaction added: 41bdc6fc-f730-460f-b2d8-92157d986a72 <- TX(17)
2021-08-14 14:05:26,243 [SCMBlockDeletingService#0] DEBUG block.SCMBlockDeletingService (DatanodeDeletedBlockTransactions.java:addTransactionToDN(50)) - Transaction added: e5d3e9d3-1367-47eb-ad7f-372895a70f55 <- TX(17)
2021-08-14 14:05:26,243 [SCMBlockDeletingService#0] DEBUG block.SCMBlockDeletingService (DatanodeDeletedBlockTransactions.java:addTransactionToDN(50)) - Transaction added: a3a688a0-b759-42a1-9d42-7ea63bf88025 <- TX(17)
2021-08-14 14:05:26,243 [SCMBlockDeletingService#0] DEBUG block.SCMBlockDeletingService (DatanodeDeletedBlockTransactions.java:addTransactionToDN(50)) - Transaction added: a3a688a0-b759-42a1-9d42-7ea63bf88025 <- TX(18)
2021-08-14 14:05:26,243 [SCMBlockDeletingService#0] DEBUG block.SCMBlockDeletingService (DatanodeDeletedBlockTransactions.java:addTransactionToDN(50)) - Transaction added: e5d3e9d3-1367-47eb-ad7f-372895a70f55 <- TX(18)
2021-08-14 14:05:26,243 [SCMBlockDeletingService#0] DEBUG block.SCMBlockDeletingService (DatanodeDeletedBlockTransactions.java:addTransactionToDN(50)) - Transaction added: 41bdc6fc-f730-460f-b2d8-92157d986a72 <- TX(18)
2021-08-14 14:05:26,243 [SCMBlockDeletingService#0] DEBUG block.SCMBlockDeletingService (DatanodeDeletedBlockTransactions.java:addTransactionToDN(50)) - Transaction added: e5d3e9d3-1367-47eb-ad7f-372895a70f55 <- TX(19)
2021-08-14 14:05:26,243 [SCMBlockDeletingService#0] DEBUG block.SCMBlockDeletingService (DatanodeDeletedBlockTransactions.java:addTransactionToDN(50)) - Transaction added: 41bdc6fc-f730-460f-b2d8-92157d986a72 <- TX(19)
2021-08-14 14:05:26,243 [SCMBlockDeletingService#0] DEBUG block.SCMBlockDeletingService (DatanodeDeletedBlockTransactions.java:addTransactionToDN(50)) - Transaction added: a3a688a0-b759-42a1-9d42-7ea63bf88025 <- TX(19)
2021-08-14 14:05:26,243 [SCMBlockDeletingService#0] DEBUG block.SCMBlockDeletingService (DatanodeDeletedBlockTransactions.java:addTransactionToDN(50)) - Transaction added: a3a688a0-b759-42a1-9d42-7ea63bf88025 <- TX(20)
2021-08-14 14:05:26,243 [SCMBlockDeletingService#0] DEBUG block.SCMBlockDeletingService (DatanodeDeletedBlockTransactions.java:addTransactionToDN(50)) - Transaction added: 41bdc6fc-f730-460f-b2d8-92157d986a72 <- TX(20)
2021-08-14 14:05:26,244 [SCMBlockDeletingService#0] DEBUG block.SCMBlockDeletingService (DatanodeDeletedBlockTransactions.java:addTransactionToDN(50)) - Transaction added: e5d3e9d3-1367-47eb-ad7f-372895a70f55 <- TX(20)
2021-08-14 14:05:26,244 [SCMBlockDeletingService#0] DEBUG block.SCMBlockDeletingService (DatanodeDeletedBlockTransactions.java:addTransactionToDN(50)) - Transaction added: a3a688a0-b759-42a1-9d42-7ea63bf88025 <- TX(21)
2021-08-14 14:05:26,244 [SCMBlockDeletingService#0] DEBUG block.SCMBlockDeletingService (DatanodeDeletedBlockTransactions.java:addTransactionToDN(50)) - Transaction added: 41bdc6fc-f730-460f-b2d8-92157d986a72 <- TX(21)
2021-08-14 14:05:26,244 [SCMBlockDeletingService#0] DEBUG block.SCMBlockDeletingService (DatanodeDeletedBlockTransactions.java:addTransactionToDN(50)) - Transaction added: e5d3e9d3-1367-47eb-ad7f-372895a70f55 <- TX(21)
2021-08-14 14:05:26,244 [SCMBlockDeletingService#0] DEBUG block.SCMBlockDeletingService (DatanodeDeletedBlockTransactions.java:addTransactionToDN(50)) - Transaction added: a3a688a0-b759-42a1-9d42-7ea63bf88025 <- TX(22)
2021-08-14 14:05:26,244 [SCMBlockDeletingService#0] DEBUG block.SCMBlockDeletingService (DatanodeDeletedBlockTransactions.java:addTransactionToDN(50)) - Transaction added: e5d3e9d3-1367-47eb-ad7f-372895a70f55 <- TX(22)
2021-08-14 14:05:26,244 [SCMBlockDeletingService#0] DEBUG block.SCMBlockDeletingService (DatanodeDeletedBlockTransactions.java:addTransactionToDN(50)) - Transaction added: 41bdc6fc-f730-460f-b2d8-92157d986a72 <- TX(22)
2021-08-14 14:05:26,244 [SCMBlockDeletingService#0] DEBUG block.SCMBlockDeletingService (DatanodeDeletedBlockTransactions.java:addTransactionToDN(50)) - Transaction added: a3a688a0-b759-42a1-9d42-7ea63bf88025 <- TX(23)
2021-08-14 14:05:26,244 [SCMBlockDeletingService#0] DEBUG block.SCMBlockDeletingService (DatanodeDeletedBlockTransactions.java:addTransactionToDN(50)) - Transaction added: e5d3e9d3-1367-47eb-ad7f-372895a70f55 <- TX(23)
2021-08-14 14:05:26,244 [SCMBlockDeletingService#0] DEBUG block.SCMBlockDeletingService (DatanodeDeletedBlockTransactions.java:addTransactionToDN(50)) - Transaction added: 41bdc6fc-f730-460f-b2d8-92157d986a72 <- TX(23)
2021-08-14 14:05:26,244 [SCMBlockDeletingService#0] DEBUG block.SCMBlockDeletingService (DatanodeDeletedBlockTransactions.java:addTransactionToDN(50)) - Transaction added: 41bdc6fc-f730-460f-b2d8-92157d986a72 <- TX(24)
2021-08-14 14:05:26,244 [SCMBlockDeletingService#0] DEBUG block.SCMBlockDeletingService (DatanodeDeletedBlockTransactions.java:addTransactionToDN(50)) - Transaction added: e5d3e9d3-1367-47eb-ad7f-372895a70f55 <- TX(24)
2021-08-14 14:05:26,244 [SCMBlockDeletingService#0] DEBUG block.SCMBlockDeletingService (DatanodeDeletedBlockTransactions.java:addTransactionToDN(50)) - Transaction added: a3a688a0-b759-42a1-9d42-7ea63bf88025 <- TX(24)
2021-08-14 14:05:26,244 [SCMBlockDeletingService#0] DEBUG block.SCMBlockDeletingService (DatanodeDeletedBlockTransactions.java:addTransactionToDN(50)) - Transaction added: a3a688a0-b759-42a1-9d42-7ea63bf88025 <- TX(25)
2021-08-14 14:05:26,244 [SCMBlockDeletingService#0] DEBUG block.SCMBlockDeletingService (DatanodeDeletedBlockTransactions.java:addTransactionToDN(50)) - Transaction added: 41bdc6fc-f730-460f-b2d8-92157d986a72 <- TX(25)
2021-08-14 14:05:26,244 [SCMBlockDeletingService#0] DEBUG block.SCMBlockDeletingService (DatanodeDeletedBlockTransactions.java:addTransactionToDN(50)) - Transaction added: e5d3e9d3-1367-47eb-ad7f-372895a70f55 <- TX(25)
2021-08-14 14:05:26,244 [SCMBlockDeletingService#0] DEBUG block.SCMBlockDeletingService (DatanodeDeletedBlockTransactions.java:addTransactionToDN(50)) - Transaction added: e5d3e9d3-1367-47eb-ad7f-372895a70f55 <- TX(26)
2021-08-14 14:05:26,244 [SCMBlockDeletingService#0] DEBUG block.SCMBlockDeletingService (DatanodeDeletedBlockTransactions.java:addTransactionToDN(50)) - Transaction added: 41bdc6fc-f730-460f-b2d8-92157d986a72 <- TX(26)
2021-08-14 14:05:26,244 [SCMBlockDeletingService#0] DEBUG block.SCMBlockDeletingService (DatanodeDeletedBlockTransactions.java:addTransactionToDN(50)) - Transaction added: a3a688a0-b759-42a1-9d42-7ea63bf88025 <- TX(26)
2021-08-14 14:05:26,244 [SCMBlockDeletingService#0] DEBUG block.SCMBlockDeletingService (DatanodeDeletedBlockTransactions.java:addTransactionToDN(50)) - Transaction added: a3a688a0-b759-42a1-9d42-7ea63bf88025 <- TX(27)
2021-08-14 14:05:26,244 [SCMBlockDeletingService#0] DEBUG block.SCMBlockDeletingService (DatanodeDeletedBlockTransactions.java:addTransactionToDN(50)) - Transaction added: e5d3e9d3-1367-47eb-ad7f-372895a70f55 <- TX(27)
2021-08-14 14:05:26,244 [SCMBlockDeletingService#0] DEBUG block.SCMBlockDeletingService (DatanodeDeletedBlockTransactions.java:addTransactionToDN(50)) - Transaction added: 41bdc6fc-f730-460f-b2d8-92157d986a72 <- TX(27)
2021-08-14 14:05:26,244 [SCMBlockDeletingService#0] DEBUG block.SCMBlockDeletingService (DatanodeDeletedBlockTransactions.java:addTransactionToDN(50)) - Transaction added: 41bdc6fc-f730-460f-b2d8-92157d986a72 <- TX(28)
2021-08-14 14:05:26,244 [SCMBlockDeletingService#0] DEBUG block.SCMBlockDeletingService (DatanodeDeletedBlockTransactions.java:addTransactionToDN(50)) - Transaction added: e5d3e9d3-1367-47eb-ad7f-372895a70f55 <- TX(28)
2021-08-14 14:05:26,244 [SCMBlockDeletingService#0] DEBUG block.SCMBlockDeletingService (DatanodeDeletedBlockTransactions.java:addTransactionToDN(50)) - Transaction added: a3a688a0-b759-42a1-9d42-7ea63bf88025 <- TX(28)
2021-08-14 14:05:26,244 [SCMBlockDeletingService#0] DEBUG block.SCMBlockDeletingService (DatanodeDeletedBlockTransactions.java:addTransactionToDN(50)) - Transaction added: a3a688a0-b759-42a1-9d42-7ea63bf88025 <- TX(29)
2021-08-14 14:05:26,244 [SCMBlockDeletingService#0] DEBUG block.SCMBlockDeletingService (DatanodeDeletedBlockTransactions.java:addTransactionToDN(50)) - Transaction added: e5d3e9d3-1367-47eb-ad7f-372895a70f55 <- TX(29)
2021-08-14 14:05:26,244 [SCMBlockDeletingService#0] DEBUG block.SCMBlockDeletingService (DatanodeDeletedBlockTransactions.java:addTransactionToDN(50)) - Transaction added: 41bdc6fc-f730-460f-b2d8-92157d986a72 <- TX(29)
2021-08-14 14:05:26,244 [SCMBlockDeletingService#0] DEBUG block.SCMBlockDeletingService (DatanodeDeletedBlockTransactions.java:addTransactionToDN(50)) - Transaction added: a3a688a0-b759-42a1-9d42-7ea63bf88025 <- TX(30)
2021-08-14 14:05:26,244 [SCMBlockDeletingService#0] DEBUG block.SCMBlockDeletingService (DatanodeDeletedBlockTransactions.java:addTransactionToDN(50)) - Transaction added: 41bdc6fc-f730-460f-b2d8-92157d986a72 <- TX(30)
2021-08-14 14:05:26,244 [SCMBlockDeletingService#0] DEBUG block.SCMBlockDeletingService (DatanodeDeletedBlockTransactions.java:addTransactionToDN(50)) - Transaction added: e5d3e9d3-1367-47eb-ad7f-372895a70f55 <- TX(30)
2021-08-14 14:05:26,244 [SCMBlockDeletingService#0] DEBUG block.SCMBlockDeletingService (DatanodeDeletedBlockTransactions.java:addTransactionToDN(50)) - Transaction added: 41bdc6fc-f730-460f-b2d8-92157d986a72 <- TX(31)
2021-08-14 14:05:26,244 [SCMBlockDeletingService#0] DEBUG block.SCMBlockDeletingService (DatanodeDeletedBlockTransactions.java:addTransactionToDN(50)) - Transaction added: a3a688a0-b759-42a1-9d42-7ea63bf88025 <- TX(31)
2021-08-14 14:05:26,244 [SCMBlockDeletingService#0] DEBUG block.SCMBlockDeletingService (DatanodeDeletedBlockTransactions.java:addTransactionToDN(50)) - Transaction added: e5d3e9d3-1367-47eb-ad7f-372895a70f55 <- TX(31)
2021-08-14 14:05:26,245 [SCMBlockDeletingService#0] DEBUG block.SCMBlockDeletingService (DatanodeDeletedBlockTransactions.java:addTransactionToDN(50)) - Transaction added: a3a688a0-b759-42a1-9d42-7ea63bf88025 <- TX(32)
2021-08-14 14:05:26,245 [SCMBlockDeletingService#0] DEBUG block.SCMBlockDeletingService (DatanodeDeletedBlockTransactions.java:addTransactionToDN(50)) - Transaction added: 41bdc6fc-f730-460f-b2d8-92157d986a72 <- TX(32)
2021-08-14 14:05:26,245 [SCMBlockDeletingService#0] DEBUG block.SCMBlockDeletingService (DatanodeDeletedBlockTransactions.java:addTransactionToDN(50)) - Transaction added: e5d3e9d3-1367-47eb-ad7f-372895a70f55 <- TX(32)
2021-08-14 14:05:26,245 [SCMBlockDeletingService#0] DEBUG block.SCMBlockDeletingService (DatanodeDeletedBlockTransactions.java:addTransactionToDN(50)) - Transaction added: e5d3e9d3-1367-47eb-ad7f-372895a70f55 <- TX(33)
2021-08-14 14:05:26,245 [SCMBlockDeletingService#0] DEBUG block.SCMBlockDeletingService (DatanodeDeletedBlockTransactions.java:addTransactionToDN(50)) - Transaction added: 41bdc6fc-f730-460f-b2d8-92157d986a72 <- TX(33)
2021-08-14 14:05:26,245 [SCMBlockDeletingService#0] DEBUG block.SCMBlockDeletingService (DatanodeDeletedBlockTransactions.java:addTransactionToDN(50)) - Transaction added: a3a688a0-b759-42a1-9d42-7ea63bf88025 <- TX(33)
2021-08-14 14:05:26,245 [SCMBlockDeletingService#0] DEBUG block.SCMBlockDeletingService (DatanodeDeletedBlockTransactions.java:addTransactionToDN(50)) - Transaction added: a3a688a0-b759-42a1-9d42-7ea63bf88025 <- TX(34)
2021-08-14 14:05:26,245 [SCMBlockDeletingService#0] DEBUG block.SCMBlockDeletingService (DatanodeDeletedBlockTransactions.java:addTransactionToDN(50)) - Transaction added: 41bdc6fc-f730-460f-b2d8-92157d986a72 <- TX(34)
2021-08-14 14:05:26,245 [SCMBlockDeletingService#0] DEBUG block.SCMBlockDeletingService (DatanodeDeletedBlockTransactions.java:addTransactionToDN(50)) - Transaction added: e5d3e9d3-1367-47eb-ad7f-372895a70f55 <- TX(34)
2021-08-14 14:05:26,245 [SCMBlockDeletingService#0] DEBUG block.SCMBlockDeletingService (DatanodeDeletedBlockTransactions.java:addTransactionToDN(50)) - Transaction added: e5d3e9d3-1367-47eb-ad7f-372895a70f55 <- TX(35)
2021-08-14 14:05:26,245 [SCMBlockDeletingService#0] DEBUG block.SCMBlockDeletingService (DatanodeDeletedBlockTransactions.java:addTransactionToDN(50)) - Transaction added: 41bdc6fc-f730-460f-b2d8-92157d986a72 <- TX(35)
2021-08-14 14:05:26,245 [SCMBlockDeletingService#0] DEBUG block.SCMBlockDeletingService (DatanodeDeletedBlockTransactions.java:addTransactionToDN(50)) - Transaction added: a3a688a0-b759-42a1-9d42-7ea63bf88025 <- TX(35)
2021-08-14 14:05:26,245 [SCMBlockDeletingService#0] DEBUG block.SCMBlockDeletingService (DatanodeDeletedBlockTransactions.java:addTransactionToDN(50)) - Transaction added: a3a688a0-b759-42a1-9d42-7ea63bf88025 <- TX(36)
2021-08-14 14:05:26,245 [SCMBlockDeletingService#0] DEBUG block.SCMBlockDeletingService (DatanodeDeletedBlockTransactions.java:addTransactionToDN(50)) - Transaction added: 41bdc6fc-f730-460f-b2d8-92157d986a72 <- TX(36)
2021-08-14 14:05:26,245 [SCMBlockDeletingService#0] DEBUG block.SCMBlockDeletingService (DatanodeDeletedBlockTransactions.java:addTransactionToDN(50)) - Transaction added: e5d3e9d3-1367-47eb-ad7f-372895a70f55 <- TX(36)
2021-08-14 14:05:26,245 [SCMBlockDeletingService#0] DEBUG block.SCMBlockDeletingService (DatanodeDeletedBlockTransactions.java:addTransactionToDN(50)) - Transaction added: a3a688a0-b759-42a1-9d42-7ea63bf88025 <- TX(37)
2021-08-14 14:05:26,245 [SCMBlockDeletingService#0] DEBUG block.SCMBlockDeletingService (DatanodeDeletedBlockTransactions.java:addTransactionToDN(50)) - Transaction added: e5d3e9d3-1367-47eb-ad7f-372895a70f55 <- TX(37)
2021-08-14 14:05:26,245 [SCMBlockDeletingService#0] DEBUG block.SCMBlockDeletingService (DatanodeDeletedBlockTransactions.java:addTransactionToDN(50)) - Transaction added: 41bdc6fc-f730-460f-b2d8-92157d986a72 <- TX(37)
2021-08-14 14:05:26,245 [SCMBlockDeletingService#0] DEBUG block.SCMBlockDeletingService (DatanodeDeletedBlockTransactions.java:addTransactionToDN(50)) - Transaction added: a3a688a0-b759-42a1-9d42-7ea63bf88025 <- TX(38)
2021-08-14 14:05:26,245 [SCMBlockDeletingService#0] DEBUG block.SCMBlockDeletingService (DatanodeDeletedBlockTransactions.java:addTransactionToDN(50)) - Transaction added: 41bdc6fc-f730-460f-b2d8-92157d986a72 <- TX(38)
2021-08-14 14:05:26,269 [SCMBlockDeletingService#0] DEBUG block.SCMBlockDeletingService (DatanodeDeletedBlockTransactions.java:addTransactionToDN(50)) - Transaction added: e5d3e9d3-1367-47eb-ad7f-372895a70f55 <- TX(38)
2021-08-14 14:05:26,269 [SCMBlockDeletingService#0] DEBUG block.SCMBlockDeletingService (DatanodeDeletedBlockTransactions.java:addTransactionToDN(50)) - Transaction added: a3a688a0-b759-42a1-9d42-7ea63bf88025 <- TX(39)
2021-08-14 14:05:26,269 [SCMBlockDeletingService#0] DEBUG block.SCMBlockDeletingService (DatanodeDeletedBlockTransactions.java:addTransactionToDN(50)) - Transaction added: e5d3e9d3-1367-47eb-ad7f-372895a70f55 <- TX(39)
2021-08-14 14:05:26,269 [SCMBlockDeletingService#0] DEBUG block.SCMBlockDeletingService (DatanodeDeletedBlockTransactions.java:addTransactionToDN(50)) - Transaction added: 41bdc6fc-f730-460f-b2d8-92157d986a72 <- TX(39)
2021-08-14 14:05:26,269 [SCMBlockDeletingService#0] DEBUG block.SCMBlockDeletingService (DatanodeDeletedBlockTransactions.java:addTransactionToDN(50)) - Transaction added: 41bdc6fc-f730-460f-b2d8-92157d986a72 <- TX(40)
2021-08-14 14:05:26,269 [SCMBlockDeletingService#0] DEBUG block.SCMBlockDeletingService (DatanodeDeletedBlockTransactions.java:addTransactionToDN(50)) - Transaction added: e5d3e9d3-1367-47eb-ad7f-372895a70f55 <- TX(40)
2021-08-14 14:05:26,269 [SCMBlockDeletingService#0] DEBUG block.SCMBlockDeletingService (DatanodeDeletedBlockTransactions.java:addTransactionToDN(50)) - Transaction added: a3a688a0-b759-42a1-9d42-7ea63bf88025 <- TX(40)
2021-08-14 14:05:26,269 [SCMBlockDeletingService#0] DEBUG block.SCMBlockDeletingService (DatanodeDeletedBlockTransactions.java:addTransactionToDN(50)) - Transaction added: a3a688a0-b759-42a1-9d42-7ea63bf88025 <- TX(41)
2021-08-14 14:05:26,269 [SCMBlockDeletingService#0] DEBUG block.SCMBlockDeletingService (DatanodeDeletedBlockTransactions.java:addTransactionToDN(50)) - Transaction added: e5d3e9d3-1367-47eb-ad7f-372895a70f55 <- TX(41)
2021-08-14 14:05:26,269 [SCMBlockDeletingService#0] DEBUG block.SCMBlockDeletingService (DatanodeDeletedBlockTransactions.java:addTransactionToDN(50)) - Transaction added: 41bdc6fc-f730-460f-b2d8-92157d986a72 <- TX(41)
2021-08-14 14:05:26,269 [SCMBlockDeletingService#0] DEBUG block.SCMBlockDeletingService (DatanodeDeletedBlockTransactions.java:addTransactionToDN(50)) - Transaction added: 41bdc6fc-f730-460f-b2d8-92157d986a72 <- TX(42)
2021-08-14 14:05:26,269 [SCMBlockDeletingService#0] DEBUG block.SCMBlockDeletingService (DatanodeDeletedBlockTransactions.java:addTransactionToDN(50)) - Transaction added: e5d3e9d3-1367-47eb-ad7f-372895a70f55 <- TX(42)
2021-08-14 14:05:26,269 [SCMBlockDeletingService#0] DEBUG block.SCMBlockDeletingService (DatanodeDeletedBlockTransactions.java:addTransactionToDN(50)) - Transaction added: a3a688a0-b759-42a1-9d42-7ea63bf88025 <- TX(42)
2021-08-14 14:05:26,269 [SCMBlockDeletingService#0] DEBUG block.SCMBlockDeletingService (DatanodeDeletedBlockTransactions.java:addTransactionToDN(50)) - Transaction added: a3a688a0-b759-42a1-9d42-7ea63bf88025 <- TX(43)
2021-08-14 14:05:26,269 [SCMBlockDeletingService#0] DEBUG block.SCMBlockDeletingService (DatanodeDeletedBlockTransactions.java:addTransactionToDN(50)) - Transaction added: e5d3e9d3-1367-47eb-ad7f-372895a70f55 <- TX(43)
2021-08-14 14:05:26,269 [SCMBlockDeletingService#0] DEBUG block.SCMBlockDeletingService (DatanodeDeletedBlockTransactions.java:addTransactionToDN(50)) - Transaction added: 41bdc6fc-f730-460f-b2d8-92157d986a72 <- TX(43)
2021-08-14 14:05:26,269 [SCMBlockDeletingService#0] DEBUG block.SCMBlockDeletingService (DatanodeDeletedBlockTransactions.java:addTransactionToDN(50)) - Transaction added: 41bdc6fc-f730-460f-b2d8-92157d986a72 <- TX(44)
2021-08-14 14:05:26,269 [SCMBlockDeletingService#0] DEBUG block.SCMBlockDeletingService (DatanodeDeletedBlockTransactions.java:addTransactionToDN(50)) - Transaction added: e5d3e9d3-1367-47eb-ad7f-372895a70f55 <- TX(44)
2021-08-14 14:05:26,269 [SCMBlockDeletingService#0] DEBUG block.SCMBlockDeletingService (DatanodeDeletedBlockTransactions.java:addTransactionToDN(50)) - Transaction added: a3a688a0-b759-42a1-9d42-7ea63bf88025 <- TX(44)
2021-08-14 14:05:26,269 [SCMBlockDeletingService#0] DEBUG block.SCMBlockDeletingService (DatanodeDeletedBlockTransactions.java:addTransactionToDN(50)) - Transaction added: a3a688a0-b759-42a1-9d42-7ea63bf88025 <- TX(45)
2021-08-14 14:05:26,269 [SCMBlockDeletingService#0] DEBUG block.SCMBlockDeletingService (DatanodeDeletedBlockTransactions.java:addTransactionToDN(50)) - Transaction added: e5d3e9d3-1367-47eb-ad7f-372895a70f55 <- TX(45)
2021-08-14 14:05:26,269 [SCMBlockDeletingService#0] DEBUG block.SCMBlockDeletingService (DatanodeDeletedBlockTransactions.java:addTransactionToDN(50)) - Transaction added: 41bdc6fc-f730-460f-b2d8-92157d986a72 <- TX(45)
2021-08-14 14:05:26,269 [SCMBlockDeletingService#0] DEBUG block.SCMBlockDeletingService (DatanodeDeletedBlockTransactions.java:addTransactionToDN(50)) - Transaction added: a3a688a0-b759-42a1-9d42-7ea63bf88025 <- TX(46)
2021-08-14 14:05:26,269 [SCMBlockDeletingService#0] DEBUG block.SCMBlockDeletingService (DatanodeDeletedBlockTransactions.java:addTransactionToDN(50)) - Transaction added: 41bdc6fc-f730-460f-b2d8-92157d986a72 <- TX(46)
2021-08-14 14:05:26,269 [SCMBlockDeletingService#0] DEBUG block.SCMBlockDeletingService (DatanodeDeletedBlockTransactions.java:addTransactionToDN(50)) - Transaction added: e5d3e9d3-1367-47eb-ad7f-372895a70f55 <- TX(46)
2021-08-14 14:05:26,269 [SCMBlockDeletingService#0] DEBUG block.SCMBlockDeletingService (DatanodeDeletedBlockTransactions.java:addTransactionToDN(50)) - Transaction added: 41bdc6fc-f730-460f-b2d8-92157d986a72 <- TX(47)
2021-08-14 14:05:26,269 [SCMBlockDeletingService#0] DEBUG block.SCMBlockDeletingService (DatanodeDeletedBlockTransactions.java:addTransactionToDN(50)) - Transaction added: a3a688a0-b759-42a1-9d42-7ea63bf88025 <- TX(47)
2021-08-14 14:05:26,269 [SCMBlockDeletingService#0] DEBUG block.SCMBlockDeletingService (DatanodeDeletedBlockTransactions.java:addTransactionToDN(50)) - Transaction added: e5d3e9d3-1367-47eb-ad7f-372895a70f55 <- TX(47)
2021-08-14 14:05:26,270 [SCMBlockDeletingService#0] DEBUG block.SCMBlockDeletingService (DatanodeDeletedBlockTransactions.java:addTransactionToDN(50)) - Transaction added: a3a688a0-b759-42a1-9d42-7ea63bf88025 <- TX(48)
2021-08-14 14:05:26,270 [SCMBlockDeletingService#0] DEBUG block.SCMBlockDeletingService (DatanodeDeletedBlockTransactions.java:addTransactionToDN(50)) - Transaction added: 41bdc6fc-f730-460f-b2d8-92157d986a72 <- TX(48)
2021-08-14 14:05:26,270 [SCMBlockDeletingService#0] DEBUG block.SCMBlockDeletingService (DatanodeDeletedBlockTransactions.java:addTransactionToDN(50)) - Transaction added: e5d3e9d3-1367-47eb-ad7f-372895a70f55 <- TX(48)
2021-08-14 14:05:26,270 [SCMBlockDeletingService#0] DEBUG block.SCMBlockDeletingService (DatanodeDeletedBlockTransactions.java:addTransactionToDN(50)) - Transaction added: e5d3e9d3-1367-47eb-ad7f-372895a70f55 <- TX(49)
2021-08-14 14:05:26,270 [SCMBlockDeletingService#0] DEBUG block.SCMBlockDeletingService (DatanodeDeletedBlockTransactions.java:addTransactionToDN(50)) - Transaction added: 41bdc6fc-f730-460f-b2d8-92157d986a72 <- TX(49)
2021-08-14 14:05:26,270 [SCMBlockDeletingService#0] DEBUG block.SCMBlockDeletingService (DatanodeDeletedBlockTransactions.java:addTransactionToDN(50)) - Transaction added: a3a688a0-b759-42a1-9d42-7ea63bf88025 <- TX(49)
2021-08-14 14:05:26,270 [SCMBlockDeletingService#0] DEBUG block.SCMBlockDeletingService (DatanodeDeletedBlockTransactions.java:addTransactionToDN(50)) - Transaction added: a3a688a0-b759-42a1-9d42-7ea63bf88025 <- TX(50)
2021-08-14 14:05:26,270 [SCMBlockDeletingService#0] DEBUG block.SCMBlockDeletingService (DatanodeDeletedBlockTransactions.java:addTransactionToDN(50)) - Transaction added: 41bdc6fc-f730-460f-b2d8-92157d986a72 <- TX(50)
2021-08-14 14:05:26,270 [SCMBlockDeletingService#0] DEBUG block.SCMBlockDeletingService (DatanodeDeletedBlockTransactions.java:addTransactionToDN(50)) - Transaction added: e5d3e9d3-1367-47eb-ad7f-372895a70f55 <- TX(50)
2021-08-14 14:05:26,270 [SCMBlockDeletingService#0] DEBUG block.SCMBlockDeletingService (DatanodeDeletedBlockTransactions.java:addTransactionToDN(50)) - Transaction added: e5d3e9d3-1367-47eb-ad7f-372895a70f55 <- TX(51)
2021-08-14 14:05:26,270 [SCMBlockDeletingService#0] DEBUG block.SCMBlockDeletingService (DatanodeDeletedBlockTransactions.java:addTransactionToDN(50)) - Transaction added: 41bdc6fc-f730-460f-b2d8-92157d986a72 <- TX(51)
2021-08-14 14:05:26,270 [SCMBlockDeletingService#0] DEBUG block.SCMBlockDeletingService (DatanodeDeletedBlockTransactions.java:addTransactionToDN(50)) - Transaction added: a3a688a0-b759-42a1-9d42-7ea63bf88025 <- TX(51)
2021-08-14 14:05:26,270 [SCMBlockDeletingService#0] DEBUG block.SCMBlockDeletingService (DatanodeDeletedBlockTransactions.java:addTransactionToDN(50)) - Transaction added: a3a688a0-b759-42a1-9d42-7ea63bf88025 <- TX(52)
2021-08-14 14:05:26,270 [SCMBlockDeletingService#0] DEBUG block.SCMBlockDeletingService (DatanodeDeletedBlockTransactions.java:addTransactionToDN(50)) - Transaction added: 41bdc6fc-f730-460f-b2d8-92157d986a72 <- TX(52)
2021-08-14 14:05:26,270 [SCMBlockDeletingService#0] DEBUG block.SCMBlockDeletingService (DatanodeDeletedBlockTransactions.java:addTransactionToDN(50)) - Transaction added: e5d3e9d3-1367-47eb-ad7f-372895a70f55 <- TX(52)
2021-08-14 14:05:26,270 [SCMBlockDeletingService#0] DEBUG block.SCMBlockDeletingService (DatanodeDeletedBlockTransactions.java:addTransactionToDN(50)) - Transaction added: a3a688a0-b759-42a1-9d42-7ea63bf88025 <- TX(53)
2021-08-14 14:05:26,270 [SCMBlockDeletingService#0] DEBUG block.SCMBlockDeletingService (DatanodeDeletedBlockTransactions.java:addTransactionToDN(50)) - Transaction added: e5d3e9d3-1367-47eb-ad7f-372895a70f55 <- TX(53)
2021-08-14 14:05:26,270 [SCMBlockDeletingService#0] DEBUG block.SCMBlockDeletingService (DatanodeDeletedBlockTransactions.java:addTransactionToDN(50)) - Transaction added: 41bdc6fc-f730-460f-b2d8-92157d986a72 <- TX(53)
2021-08-14 14:05:26,270 [SCMBlockDeletingService#0] DEBUG block.SCMBlockDeletingService (DatanodeDeletedBlockTransactions.java:addTransactionToDN(50)) - Transaction added: a3a688a0-b759-42a1-9d42-7ea63bf88025 <- TX(54)
2021-08-14 14:05:26,270 [SCMBlockDeletingService#0] DEBUG block.SCMBlockDeletingService (DatanodeDeletedBlockTransactions.java:addTransactionToDN(50)) - Transaction added: 41bdc6fc-f730-460f-b2d8-92157d986a72 <- TX(54)
2021-08-14 14:05:26,270 [SCMBlockDeletingService#0] DEBUG block.SCMBlockDeletingService (DatanodeDeletedBlockTransactions.java:addTransactionToDN(50)) - Transaction added: e5d3e9d3-1367-47eb-ad7f-372895a70f55 <- TX(54)
2021-08-14 14:05:26,270 [SCMBlockDeletingService#0] DEBUG block.SCMBlockDeletingService (DatanodeDeletedBlockTransactions.java:addTransactionToDN(50)) - Transaction added: a3a688a0-b759-42a1-9d42-7ea63bf88025 <- TX(55)
2021-08-14 14:05:26,270 [SCMBlockDeletingService#0] DEBUG block.SCMBlockDeletingService (DatanodeDeletedBlockTransactions.java:addTransactionToDN(50)) - Transaction added: e5d3e9d3-1367-47eb-ad7f-372895a70f55 <- TX(55)
2021-08-14 14:05:26,270 [SCMBlockDeletingService#0] DEBUG block.SCMBlockDeletingService (DatanodeDeletedBlockTransactions.java:addTransactionToDN(50)) - Transaction added: 41bdc6fc-f730-460f-b2d8-92157d986a72 <- TX(55)
2021-08-14 14:05:26,270 [SCMBlockDeletingService#0] DEBUG block.SCMBlockDeletingService (DatanodeDeletedBlockTransactions.java:addTransactionToDN(50)) - Transaction added: 41bdc6fc-f730-460f-b2d8-92157d986a72 <- TX(56)
2021-08-14 14:05:26,270 [SCMBlockDeletingService#0] DEBUG block.SCMBlockDeletingService (DatanodeDeletedBlockTransactions.java:addTransactionToDN(50)) - Transaction added: e5d3e9d3-1367-47eb-ad7f-372895a70f55 <- TX(56)
2021-08-14 14:05:26,270 [SCMBlockDeletingService#0] DEBUG block.SCMBlockDeletingService (DatanodeDeletedBlockTransactions.java:addTransactionToDN(50)) - Transaction added: a3a688a0-b759-42a1-9d42-7ea63bf88025 <- TX(56)
2021-08-14 14:05:26,270 [SCMBlockDeletingService#0] DEBUG block.SCMBlockDeletingService (SCMBlockDeletingService.java:call(164)) - Added delete block command for datanode a3a688a0-b759-42a1-9d42-7ea63bf88025 in the queue, number of delete block transactions: 56
2021-08-14 14:05:26,270 [SCMBlockDeletingService#0] DEBUG block.SCMBlockDeletingService (SCMBlockDeletingService.java:call(164)) - Added delete block command for datanode e5d3e9d3-1367-47eb-ad7f-372895a70f55 in the queue, number of delete block transactions: 56
2021-08-14 14:05:26,270 [SCMBlockDeletingService#0] DEBUG block.SCMBlockDeletingService (SCMBlockDeletingService.java:call(164)) - Added delete block command for datanode 41bdc6fc-f730-460f-b2d8-92157d986a72 in the queue, number of delete block transactions: 56
2021-08-14 14:05:26,270 [SCMBlockDeletingService#0] INFO  block.SCMBlockDeletingService (SCMBlockDeletingService.java:call(174)) - Totally added 168 blocks to be deleted for 3 datanodes, task elapsed time: 29ms
2021-08-14 14:05:26,304 [EventQueue-DeleteBlockStatusForDeletedBlockLogImpl] DEBUG block.DeletedBlockLogImpl (DeletedBlockLogImpl.java:isTransactionFailed(278)) - Got block deletion ACK from datanode, TXIDs=1, success=true
2021-08-14 14:05:26,304 [EventQueue-DeleteBlockStatusForDeletedBlockLogImpl] DEBUG block.DeletedBlockLogImpl (DeletedBlockLogImpl.java:commitTransactions(256)) - Datanode txId=1 containerId=#1 committed by dnId=a3a688a0-b759-42a1-9d42-7ea63bf88025
2021-08-14 14:05:26,304 [EventQueue-DeleteBlockStatusForDeletedBlockLogImpl] DEBUG block.DeletedBlockLogImpl (DeletedBlockLogImpl.java:isTransactionFailed(278)) - Got block deletion ACK from datanode, TXIDs=2, success=true
2021-08-14 14:05:26,304 [EventQueue-DeleteBlockStatusForDeletedBlockLogImpl] DEBUG block.DeletedBlockLogImpl (DeletedBlockLogImpl.java:commitTransactions(256)) - Datanode txId=2 containerId=#2 committed by dnId=a3a688a0-b759-42a1-9d42-7ea63bf88025
2021-08-14 14:05:26,304 [EventQueue-DeleteBlockStatusForDeletedBlockLogImpl] DEBUG block.DeletedBlockLogImpl (DeletedBlockLogImpl.java:isTransactionFailed(278)) - Got block deletion ACK from datanode, TXIDs=3, success=true
2021-08-14 14:05:26,304 [EventQueue-DeleteBlockStatusForDeletedBlockLogImpl] DEBUG block.DeletedBlockLogImpl (DeletedBlockLogImpl.java:commitTransactions(256)) - Datanode txId=3 containerId=#3 committed by dnId=a3a688a0-b759-42a1-9d42-7ea63bf88025
2021-08-14 14:05:26,304 [EventQueue-DeleteBlockStatusForDeletedBlockLogImpl] DEBUG block.DeletedBlockLogImpl (DeletedBlockLogImpl.java:isTransactionFailed(278)) - Got block deletion ACK from datanode, TXIDs=4, success=true
2021-08-14 14:05:26,304 [EventQueue-DeleteBlockStatusForDeletedBlockLogImpl] DEBUG block.DeletedBlockLogImpl (DeletedBlockLogImpl.java:commitTransactions(256)) - Datanode txId=4 containerId=#4 committed by dnId=a3a688a0-b759-42a1-9d42-7ea63bf88025
2021-08-14 14:05:26,304 [EventQueue-DeleteBlockStatusForDeletedBlockLogImpl] DEBUG block.DeletedBlockLogImpl (DeletedBlockLogImpl.java:isTransactionFailed(278)) - Got block deletion ACK from datanode, TXIDs=5, success=true
2021-08-14 14:05:26,304 [EventQueue-DeleteBlockStatusForDeletedBlockLogImpl] DEBUG block.DeletedBlockLogImpl (DeletedBlockLogImpl.java:commitTransactions(256)) - Datanode txId=5 containerId=#5 committed by dnId=a3a688a0-b759-42a1-9d42-7ea63bf88025
2021-08-14 14:05:26,304 [EventQueue-DeleteBlockStatusForDeletedBlockLogImpl] DEBUG block.DeletedBlockLogImpl (DeletedBlockLogImpl.java:isTransactionFailed(278)) - Got block deletion ACK from datanode, TXIDs=6, success=true
2021-08-14 14:05:26,304 [EventQueue-DeleteBlockStatusForDeletedBlockLogImpl] DEBUG block.DeletedBlockLogImpl (DeletedBlockLogImpl.java:commitTransactions(256)) - Datanode txId=6 containerId=#6 committed by dnId=a3a688a0-b759-42a1-9d42-7ea63bf88025
2021-08-14 14:05:26,304 [EventQueue-DeleteBlockStatusForDeletedBlockLogImpl] DEBUG block.DeletedBlockLogImpl (DeletedBlockLogImpl.java:isTransactionFailed(278)) - Got block deletion ACK from datanode, TXIDs=7, success=true
2021-08-14 14:05:26,304 [EventQueue-DeleteBlockStatusForDeletedBlockLogImpl] DEBUG block.DeletedBlockLogImpl (DeletedBlockLogImpl.java:commitTransactions(256)) - Datanode txId=7 containerId=#7 committed by dnId=a3a688a0-b759-42a1-9d42-7ea63bf88025
2021-08-14 14:05:26,304 [EventQueue-DeleteBlockStatusForDeletedBlockLogImpl] DEBUG block.DeletedBlockLogImpl (DeletedBlockLogImpl.java:isTransactionFailed(278)) - Got block deletion ACK from datanode, TXIDs=8, success=true
2021-08-14 14:05:26,304 [EventQueue-DeleteBlockStatusForDeletedBlockLogImpl] DEBUG block.DeletedBlockLogImpl (DeletedBlockLogImpl.java:commitTransactions(256)) - Datanode txId=8 containerId=#8 committed by dnId=a3a688a0-b759-42a1-9d42-7ea63bf88025
2021-08-14 14:05:26,305 [EventQueue-DeleteBlockStatusForDeletedBlockLogImpl] DEBUG block.DeletedBlockLogImpl (DeletedBlockLogImpl.java:isTransactionFailed(278)) - Got block deletion ACK from datanode, TXIDs=1, success=true
2021-08-14 14:05:26,305 [EventQueue-DeleteBlockStatusForDeletedBlockLogImpl] DEBUG block.DeletedBlockLogImpl (DeletedBlockLogImpl.java:commitTransactions(256)) - Datanode txId=1 containerId=#1 committed by dnId=a3a688a0-b759-42a1-9d42-7ea63bf88025
2021-08-14 14:05:26,305 [EventQueue-DeleteBlockStatusForDeletedBlockLogImpl] DEBUG block.DeletedBlockLogImpl (DeletedBlockLogImpl.java:isTransactionFailed(278)) - Got block deletion ACK from datanode, TXIDs=2, success=true
2021-08-14 14:05:26,305 [EventQueue-DeleteBlockStatusForDeletedBlockLogImpl] DEBUG block.DeletedBlockLogImpl (DeletedBlockLogImpl.java:commitTransactions(256)) - Datanode txId=2 containerId=#2 committed by dnId=a3a688a0-b759-42a1-9d42-7ea63bf88025
2021-08-14 14:05:26,305 [EventQueue-DeleteBlockStatusForDeletedBlockLogImpl] DEBUG block.DeletedBlockLogImpl (DeletedBlockLogImpl.java:isTransactionFailed(278)) - Got block deletion ACK from datanode, TXIDs=3, success=true
2021-08-14 14:05:26,305 [EventQueue-DeleteBlockStatusForDeletedBlockLogImpl] DEBUG block.DeletedBlockLogImpl (DeletedBlockLogImpl.java:commitTransactions(256)) - Datanode txId=3 containerId=#3 committed by dnId=a3a688a0-b759-42a1-9d42-7ea63bf88025
2021-08-14 14:05:26,305 [EventQueue-DeleteBlockStatusForDeletedBlockLogImpl] DEBUG block.DeletedBlockLogImpl (DeletedBlockLogImpl.java:isTransactionFailed(278)) - Got block deletion ACK from datanode, TXIDs=4, success=true
2021-08-14 14:05:26,305 [EventQueue-DeleteBlockStatusForDeletedBlockLogImpl] DEBUG block.DeletedBlockLogImpl (DeletedBlockLogImpl.java:commitTransactions(256)) - Datanode txId=4 containerId=#4 committed by dnId=a3a688a0-b759-42a1-9d42-7ea63bf88025
2021-08-14 14:05:26,305 [EventQueue-DeleteBlockStatusForDeletedBlockLogImpl] DEBUG block.DeletedBlockLogImpl (DeletedBlockLogImpl.java:isTransactionFailed(278)) - Got block deletion ACK from datanode, TXIDs=5, success=true
2021-08-14 14:05:26,305 [EventQueue-DeleteBlockStatusForDeletedBlockLogImpl] DEBUG block.DeletedBlockLogImpl (DeletedBlockLogImpl.java:commitTransactions(256)) - Datanode txId=5 containerId=#5 committed by dnId=a3a688a0-b759-42a1-9d42-7ea63bf88025
2021-08-14 14:05:26,305 [EventQueue-DeleteBlockStatusForDeletedBlockLogImpl] DEBUG block.DeletedBlockLogImpl (DeletedBlockLogImpl.java:isTransactionFailed(278)) - Got block deletion ACK from datanode, TXIDs=6, success=true
2021-08-14 14:05:26,305 [EventQueue-DeleteBlockStatusForDeletedBlockLogImpl] DEBUG block.DeletedBlockLogImpl (DeletedBlockLogImpl.java:commitTransactions(256)) - Datanode txId=6 containerId=#6 committed by dnId=a3a688a0-b759-42a1-9d42-7ea63bf88025
2021-08-14 14:05:26,305 [EventQueue-DeleteBlockStatusForDeletedBlockLogImpl] DEBUG block.DeletedBlockLogImpl (DeletedBlockLogImpl.java:isTransactionFailed(278)) - Got block deletion ACK from datanode, TXIDs=7, success=true
2021-08-14 14:05:26,305 [EventQueue-DeleteBlockStatusForDeletedBlockLogImpl] DEBUG block.DeletedBlockLogImpl (DeletedBlockLogImpl.java:commitTransactions(256)) - Datanode txId=7 containerId=#7 committed by dnId=a3a688a0-b759-42a1-9d42-7ea63bf88025
2021-08-14 14:05:26,305 [EventQueue-DeleteBlockStatusForDeletedBlockLogImpl] DEBUG block.DeletedBlockLogImpl (DeletedBlockLogImpl.java:isTransactionFailed(278)) - Got block deletion ACK from datanode, TXIDs=1, success=true
2021-08-14 14:05:26,305 [EventQueue-DeleteBlockStatusForDeletedBlockLogImpl] DEBUG block.DeletedBlockLogImpl (DeletedBlockLogImpl.java:commitTransactions(256)) - Datanode txId=1 containerId=#1 committed by dnId=a3a688a0-b759-42a1-9d42-7ea63bf88025
2021-08-14 14:05:26,305 [EventQueue-DeleteBlockStatusForDeletedBlockLogImpl] DEBUG block.DeletedBlockLogImpl (DeletedBlockLogImpl.java:isTransactionFailed(278)) - Got block deletion ACK from datanode, TXIDs=2, success=true
2021-08-14 14:05:26,305 [EventQueue-DeleteBlockStatusForDeletedBlockLogImpl] DEBUG block.DeletedBlockLogImpl (DeletedBlockLogImpl.java:commitTransactions(256)) - Datanode txId=2 containerId=#2 committed by dnId=a3a688a0-b759-42a1-9d42-7ea63bf88025
2021-08-14 14:05:26,305 [EventQueue-DeleteBlockStatusForDeletedBlockLogImpl] DEBUG block.DeletedBlockLogImpl (DeletedBlockLogImpl.java:isTransactionFailed(278)) - Got block deletion ACK from datanode, TXIDs=3, success=true
2021-08-14 14:05:26,305 [EventQueue-DeleteBlockStatusForDeletedBlockLogImpl] DEBUG block.DeletedBlockLogImpl (DeletedBlockLogImpl.java:commitTransactions(256)) - Datanode txId=3 containerId=#3 committed by dnId=a3a688a0-b759-42a1-9d42-7ea63bf88025
2021-08-14 14:05:26,305 [EventQueue-DeleteBlockStatusForDeletedBlockLogImpl] DEBUG block.DeletedBlockLogImpl (DeletedBlockLogImpl.java:isTransactionFailed(278)) - Got block deletion ACK from datanode, TXIDs=4, success=true
2021-08-14 14:05:26,305 [EventQueue-DeleteBlockStatusForDeletedBlockLogImpl] DEBUG block.DeletedBlockLogImpl (DeletedBlockLogImpl.java:commitTransactions(256)) - Datanode txId=4 containerId=#4 committed by dnId=a3a688a0-b759-42a1-9d42-7ea63bf88025
2021-08-14 14:05:26,305 [EventQueue-DeleteBlockStatusForDeletedBlockLogImpl] DEBUG block.DeletedBlockLogImpl (DeletedBlockLogImpl.java:isTransactionFailed(278)) - Got block deletion ACK from datanode, TXIDs=5, success=true
2021-08-14 14:05:26,305 [EventQueue-DeleteBlockStatusForDeletedBlockLogImpl] DEBUG block.DeletedBlockLogImpl (DeletedBlockLogImpl.java:commitTransactions(256)) - Datanode txId=5 containerId=#5 committed by dnId=a3a688a0-b759-42a1-9d42-7ea63bf88025
2021-08-14 14:05:26,305 [EventQueue-DeleteBlockStatusForDeletedBlockLogImpl] DEBUG block.DeletedBlockLogImpl (DeletedBlockLogImpl.java:isTransactionFailed(278)) - Got block deletion ACK from datanode, TXIDs=6, success=true
2021-08-14 14:05:26,306 [EventQueue-DeleteBlockStatusForDeletedBlockLogImpl] DEBUG block.DeletedBlockLogImpl (DeletedBlockLogImpl.java:commitTransactions(256)) - Datanode txId=6 containerId=#6 committed by dnId=a3a688a0-b759-42a1-9d42-7ea63bf88025
2021-08-14 14:05:26,306 [EventQueue-DeleteBlockStatusForDeletedBlockLogImpl] DEBUG block.DeletedBlockLogImpl (DeletedBlockLogImpl.java:isTransactionFailed(278)) - Got block deletion ACK from datanode, TXIDs=7, success=true
2021-08-14 14:05:26,306 [EventQueue-DeleteBlockStatusForDeletedBlockLogImpl] DEBUG block.DeletedBlockLogImpl (DeletedBlockLogImpl.java:commitTransactions(256)) - Datanode txId=7 containerId=#7 committed by dnId=a3a688a0-b759-42a1-9d42-7ea63bf88025
2021-08-14 14:05:26,306 [EventQueue-DeleteBlockStatusForDeletedBlockLogImpl] DEBUG block.DeletedBlockLogImpl (DeletedBlockLogImpl.java:isTransactionFailed(278)) - Got block deletion ACK from datanode, TXIDs=8, success=true
2021-08-14 14:05:26,306 [EventQueue-DeleteBlockStatusForDeletedBlockLogImpl] DEBUG block.DeletedBlockLogImpl (DeletedBlockLogImpl.java:commitTransactions(256)) - Datanode txId=8 containerId=#8 committed by dnId=a3a688a0-b759-42a1-9d42-7ea63bf88025
2021-08-14 14:05:26,306 [EventQueue-DeleteBlockStatusForDeletedBlockLogImpl] DEBUG block.DeletedBlockLogImpl (DeletedBlockLogImpl.java:isTransactionFailed(278)) - Got block deletion ACK from datanode, TXIDs=9, success=true
2021-08-14 14:05:26,306 [EventQueue-DeleteBlockStatusForDeletedBlockLogImpl] DEBUG block.DeletedBlockLogImpl (DeletedBlockLogImpl.java:commitTransactions(256)) - Datanode txId=9 containerId=#9 committed by dnId=a3a688a0-b759-42a1-9d42-7ea63bf88025
2021-08-14 14:05:26,306 [EventQueue-DeleteBlockStatusForDeletedBlockLogImpl] DEBUG block.DeletedBlockLogImpl (DeletedBlockLogImpl.java:isTransactionFailed(278)) - Got block deletion ACK from datanode, TXIDs=1, success=true
2021-08-14 14:05:26,306 [EventQueue-DeleteBlockStatusForDeletedBlockLogImpl] DEBUG block.DeletedBlockLogImpl (DeletedBlockLogImpl.java:commitTransactions(256)) - Datanode txId=1 containerId=#1 committed by dnId=a3a688a0-b759-42a1-9d42-7ea63bf88025
2021-08-14 14:05:26,306 [EventQueue-DeleteBlockStatusForDeletedBlockLogImpl] DEBUG block.DeletedBlockLogImpl (DeletedBlockLogImpl.java:isTransactionFailed(278)) - Got block deletion ACK from datanode, TXIDs=2, success=true
2021-08-14 14:05:26,306 [EventQueue-DeleteBlockStatusForDeletedBlockLogImpl] DEBUG block.DeletedBlockLogImpl (DeletedBlockLogImpl.java:commitTransactions(256)) - Datanode txId=2 containerId=#2 committed by dnId=a3a688a0-b759-42a1-9d42-7ea63bf88025
2021-08-14 14:05:26,306 [EventQueue-DeleteBlockStatusForDeletedBlockLogImpl] DEBUG block.DeletedBlockLogImpl (DeletedBlockLogImpl.java:isTransactionFailed(278)) - Got block deletion ACK from datanode, TXIDs=3, success=true
2021-08-14 14:05:26,306 [EventQueue-DeleteBlockStatusForDeletedBlockLogImpl] DEBUG block.DeletedBlockLogImpl (DeletedBlockLogImpl.java:commitTransactions(256)) - Datanode txId=3 containerId=#3 committed by dnId=a3a688a0-b759-42a1-9d42-7ea63bf88025
2021-08-14 14:05:26,306 [EventQueue-DeleteBlockStatusForDeletedBlockLogImpl] DEBUG block.DeletedBlockLogImpl (DeletedBlockLogImpl.java:isTransactionFailed(278)) - Got block deletion ACK from datanode, TXIDs=4, success=true
2021-08-14 14:05:26,306 [EventQueue-DeleteBlockStatusForDeletedBlockLogImpl] DEBUG block.DeletedBlockLogImpl (DeletedBlockLogImpl.java:commitTransactions(256)) - Datanode txId=4 containerId=#4 committed by dnId=a3a688a0-b759-42a1-9d42-7ea63bf88025
2021-08-14 14:05:26,306 [EventQueue-DeleteBlockStatusForDeletedBlockLogImpl] DEBUG block.DeletedBlockLogImpl (DeletedBlockLogImpl.java:isTransactionFailed(278)) - Got block deletion ACK from datanode, TXIDs=5, success=true
2021-08-14 14:05:26,306 [EventQueue-DeleteBlockStatusForDeletedBlockLogImpl] DEBUG block.DeletedBlockLogImpl (DeletedBlockLogImpl.java:commitTransactions(256)) - Datanode txId=5 containerId=#5 committed by dnId=a3a688a0-b759-42a1-9d42-7ea63bf88025
2021-08-14 14:05:26,306 [EventQueue-DeleteBlockStatusForDeletedBlockLogImpl] DEBUG block.DeletedBlockLogImpl (DeletedBlockLogImpl.java:isTransactionFailed(278)) - Got block deletion ACK from datanode, TXIDs=6, success=true
2021-08-14 14:05:26,306 [EventQueue-DeleteBlockStatusForDeletedBlockLogImpl] DEBUG block.DeletedBlockLogImpl (DeletedBlockLogImpl.java:commitTransactions(256)) - Datanode txId=6 containerId=#6 committed by dnId=a3a688a0-b759-42a1-9d42-7ea63bf88025
2021-08-14 14:05:26,314 [EventQueue-DeleteBlockStatusForDeletedBlockLogImpl] DEBUG block.DeletedBlockLogImpl (DeletedBlockLogImpl.java:isTransactionFailed(278)) - Got block deletion ACK from datanode, TXIDs=7, success=true
2021-08-14 14:05:26,314 [EventQueue-DeleteBlockStatusForDeletedBlockLogImpl] DEBUG block.DeletedBlockLogImpl (DeletedBlockLogImpl.java:commitTransactions(256)) - Datanode txId=7 containerId=#7 committed by dnId=a3a688a0-b759-42a1-9d42-7ea63bf88025
2021-08-14 14:05:26,314 [EventQueue-DeleteBlockStatusForDeletedBlockLogImpl] DEBUG block.DeletedBlockLogImpl (DeletedBlockLogImpl.java:isTransactionFailed(278)) - Got block deletion ACK from datanode, TXIDs=8, success=true
2021-08-14 14:05:26,314 [EventQueue-DeleteBlockStatusForDeletedBlockLogImpl] DEBUG block.DeletedBlockLogImpl (DeletedBlockLogImpl.java:commitTransactions(256)) - Datanode txId=8 containerId=#8 committed by dnId=a3a688a0-b759-42a1-9d42-7ea63bf88025
2021-08-14 14:05:26,314 [EventQueue-DeleteBlockStatusForDeletedBlockLogImpl] DEBUG block.DeletedBlockLogImpl (DeletedBlockLogImpl.java:isTransactionFailed(278)) - Got block deletion ACK from datanode, TXIDs=9, success=true
2021-08-14 14:05:26,314 [EventQueue-DeleteBlockStatusForDeletedBlockLogImpl] DEBUG block.DeletedBlockLogImpl (DeletedBlockLogImpl.java:commitTransactions(256)) - Datanode txId=9 containerId=#9 committed by dnId=a3a688a0-b759-42a1-9d42-7ea63bf88025
2021-08-14 14:05:26,314 [EventQueue-DeleteBlockStatusForDeletedBlockLogImpl] DEBUG block.DeletedBlockLogImpl (DeletedBlockLogImpl.java:isTransactionFailed(278)) - Got block deletion ACK from datanode, TXIDs=1, success=true
2021-08-14 14:05:26,314 [EventQueue-DeleteBlockStatusForDeletedBlockLogImpl] DEBUG block.DeletedBlockLogImpl (DeletedBlockLogImpl.java:commitTransactions(256)) - Datanode txId=1 containerId=#1 committed by dnId=a3a688a0-b759-42a1-9d42-7ea63bf88025
2021-08-14 14:05:26,314 [EventQueue-DeleteBlockStatusForDeletedBlockLogImpl] DEBUG block.DeletedBlockLogImpl (DeletedBlockLogImpl.java:isTransactionFailed(278)) - Got block deletion ACK from datanode, TXIDs=2, success=true
2021-08-14 14:05:26,314 [EventQueue-DeleteBlockStatusForDeletedBlockLogImpl] DEBUG block.DeletedBlockLogImpl (DeletedBlockLogImpl.java:commitTransactions(256)) - Datanode txId=2 containerId=#2 committed by dnId=a3a688a0-b759-42a1-9d42-7ea63bf88025
2021-08-14 14:05:26,314 [EventQueue-DeleteBlockStatusForDeletedBlockLogImpl] DEBUG block.DeletedBlockLogImpl (DeletedBlockLogImpl.java:isTransactionFailed(278)) - Got block deletion ACK from datanode, TXIDs=3, success=true
2021-08-14 14:05:26,314 [EventQueue-DeleteBlockStatusForDeletedBlockLogImpl] DEBUG block.DeletedBlockLogImpl (DeletedBlockLogImpl.java:commitTransactions(256)) - Datanode txId=3 containerId=#3 committed by dnId=a3a688a0-b759-42a1-9d42-7ea63bf88025
2021-08-14 14:05:26,314 [EventQueue-DeleteBlockStatusForDeletedBlockLogImpl] DEBUG block.DeletedBlockLogImpl (DeletedBlockLogImpl.java:isTransactionFailed(278)) - Got block deletion ACK from datanode, TXIDs=4, success=true
2021-08-14 14:05:26,314 [EventQueue-DeleteBlockStatusForDeletedBlockLogImpl] DEBUG block.DeletedBlockLogImpl (DeletedBlockLogImpl.java:commitTransactions(256)) - Datanode txId=4 containerId=#4 committed by dnId=a3a688a0-b759-42a1-9d42-7ea63bf88025
2021-08-14 14:05:26,314 [EventQueue-DeleteBlockStatusForDeletedBlockLogImpl] DEBUG block.DeletedBlockLogImpl (DeletedBlockLogImpl.java:isTransactionFailed(278)) - Got block deletion ACK from datanode, TXIDs=5, success=true
2021-08-14 14:05:26,314 [EventQueue-DeleteBlockStatusForDeletedBlockLogImpl] DEBUG block.DeletedBlockLogImpl (DeletedBlockLogImpl.java:commitTransactions(256)) - Datanode txId=5 containerId=#5 committed by dnId=a3a688a0-b759-42a1-9d42-7ea63bf88025
2021-08-14 14:05:26,314 [EventQueue-DeleteBlockStatusForDeletedBlockLogImpl] DEBUG block.DeletedBlockLogImpl (DeletedBlockLogImpl.java:isTransactionFailed(278)) - Got block deletion ACK from datanode, TXIDs=6, success=true
2021-08-14 14:05:26,314 [EventQueue-DeleteBlockStatusForDeletedBlockLogImpl] DEBUG block.DeletedBlockLogImpl (DeletedBlockLogImpl.java:commitTransactions(256)) - Datanode txId=6 containerId=#6 committed by dnId=a3a688a0-b759-42a1-9d42-7ea63bf88025
2021-08-14 14:05:26,315 [EventQueue-DeleteBlockStatusForDeletedBlockLogImpl] DEBUG block.DeletedBlockLogImpl (DeletedBlockLogImpl.java:isTransactionFailed(278)) - Got block deletion ACK from datanode, TXIDs=7, success=true
2021-08-14 14:05:26,315 [EventQueue-DeleteBlockStatusForDeletedBlockLogImpl] DEBUG block.DeletedBlockLogImpl (DeletedBlockLogImpl.java:commitTransactions(256)) - Datanode txId=7 containerId=#7 committed by dnId=a3a688a0-b759-42a1-9d42-7ea63bf88025
2021-08-14 14:05:26,315 [EventQueue-DeleteBlockStatusForDeletedBlockLogImpl] DEBUG block.DeletedBlockLogImpl (DeletedBlockLogImpl.java:isTransactionFailed(278)) - Got block deletion ACK from datanode, TXIDs=8, success=true
2021-08-14 14:05:26,315 [EventQueue-DeleteBlockStatusForDeletedBlockLogImpl] DEBUG block.DeletedBlockLogImpl (DeletedBlockLogImpl.java:commitTransactions(256)) - Datanode txId=8 containerId=#8 committed by dnId=a3a688a0-b759-42a1-9d42-7ea63bf88025
2021-08-14 14:05:26,315 [EventQueue-DeleteBlockStatusForDeletedBlockLogImpl] DEBUG block.DeletedBlockLogImpl (DeletedBlockLogImpl.java:isTransactionFailed(278)) - Got block deletion ACK from datanode, TXIDs=9, success=true
2021-08-14 14:05:26,315 [EventQueue-DeleteBlockStatusForDeletedBlockLogImpl] DEBUG block.DeletedBlockLogImpl (DeletedBlockLogImpl.java:commitTransactions(256)) - Datanode txId=9 containerId=#9 committed by dnId=a3a688a0-b759-42a1-9d42-7ea63bf88025
2021-08-14 14:05:26,315 [EventQueue-DeleteBlockStatusForDeletedBlockLogImpl] DEBUG block.DeletedBlockLogImpl (DeletedBlockLogImpl.java:isTransactionFailed(278)) - Got block deletion ACK from datanode, TXIDs=10, success=true
2021-08-14 14:05:26,315 [EventQueue-DeleteBlockStatusForDeletedBlockLogImpl] DEBUG block.DeletedBlockLogImpl (DeletedBlockLogImpl.java:commitTransactions(256)) - Datanode txId=10 containerId=#10 committed by dnId=a3a688a0-b759-42a1-9d42-7ea63bf88025
2021-08-14 14:05:26,315 [EventQueue-DeleteBlockStatusForDeletedBlockLogImpl] DEBUG block.DeletedBlockLogImpl (DeletedBlockLogImpl.java:isTransactionFailed(278)) - Got block deletion ACK from datanode, TXIDs=11, success=true
2021-08-14 14:05:26,315 [EventQueue-DeleteBlockStatusForDeletedBlockLogImpl] DEBUG block.DeletedBlockLogImpl (DeletedBlockLogImpl.java:commitTransactions(256)) - Datanode txId=11 containerId=#11 committed by dnId=a3a688a0-b759-42a1-9d42-7ea63bf88025
2021-08-14 14:05:26,315 [EventQueue-DeleteBlockStatusForDeletedBlockLogImpl] DEBUG block.DeletedBlockLogImpl (DeletedBlockLogImpl.java:isTransactionFailed(278)) - Got block deletion ACK from datanode, TXIDs=12, success=true
2021-08-14 14:05:26,315 [EventQueue-DeleteBlockStatusForDeletedBlockLogImpl] DEBUG block.DeletedBlockLogImpl (DeletedBlockLogImpl.java:commitTransactions(256)) - Datanode txId=12 containerId=#12 committed by dnId=a3a688a0-b759-42a1-9d42-7ea63bf88025
2021-08-14 14:05:26,315 [EventQueue-DeleteBlockStatusForDeletedBlockLogImpl] DEBUG block.DeletedBlockLogImpl (DeletedBlockLogImpl.java:isTransactionFailed(278)) - Got block deletion ACK from datanode, TXIDs=1, success=true
2021-08-14 14:05:26,315 [EventQueue-DeleteBlockStatusForDeletedBlockLogImpl] DEBUG block.DeletedBlockLogImpl (DeletedBlockLogImpl.java:commitTransactions(256)) - Datanode txId=1 containerId=#1 committed by dnId=a3a688a0-b759-42a1-9d42-7ea63bf88025
2021-08-14 14:05:26,315 [EventQueue-DeleteBlockStatusForDeletedBlockLogImpl] DEBUG block.DeletedBlockLogImpl (DeletedBlockLogImpl.java:isTransactionFailed(278)) - Got block deletion ACK from datanode, TXIDs=2, success=true
2021-08-14 14:05:26,315 [EventQueue-DeleteBlockStatusForDeletedBlockLogImpl] DEBUG block.DeletedBlockLogImpl (DeletedBlockLogImpl.java:commitTransactions(256)) - Datanode txId=2 containerId=#2 committed by dnId=a3a688a0-b759-42a1-9d42-7ea63bf88025
2021-08-14 14:05:26,315 [EventQueue-DeleteBlockStatusForDeletedBlockLogImpl] DEBUG block.DeletedBlockLogImpl (DeletedBlockLogImpl.java:isTransactionFailed(278)) - Got block deletion ACK from datanode, TXIDs=3, success=true
2021-08-14 14:05:26,315 [EventQueue-DeleteBlockStatusForDeletedBlockLogImpl] DEBUG block.DeletedBlockLogImpl (DeletedBlockLogImpl.java:commitTransactions(256)) - Datanode txId=3 containerId=#3 committed by dnId=a3a688a0-b759-42a1-9d42-7ea63bf88025
2021-08-14 14:05:26,315 [EventQueue-DeleteBlockStatusForDeletedBlockLogImpl] DEBUG block.DeletedBlockLogImpl (DeletedBlockLogImpl.java:isTransactionFailed(278)) - Got block deletion ACK from datanode, TXIDs=4, success=true
2021-08-14 14:05:26,315 [EventQueue-DeleteBlockStatusForDeletedBlockLogImpl] DEBUG block.DeletedBlockLogImpl (DeletedBlockLogImpl.java:commitTransactions(256)) - Datanode txId=4 containerId=#4 committed by dnId=a3a688a0-b759-42a1-9d42-7ea63bf88025
2021-08-14 14:05:26,315 [EventQueue-DeleteBlockStatusForDeletedBlockLogImpl] DEBUG block.DeletedBlockLogImpl (DeletedBlockLogImpl.java:isTransactionFailed(278)) - Got block deletion ACK from datanode, TXIDs=5, success=true
2021-08-14 14:05:26,315 [EventQueue-DeleteBlockStatusForDeletedBlockLogImpl] DEBUG block.DeletedBlockLogImpl (DeletedBlockLogImpl.java:commitTransactions(256)) - Datanode txId=5 containerId=#5 committed by dnId=a3a688a0-b759-42a1-9d42-7ea63bf88025
2021-08-14 14:05:26,315 [EventQueue-DeleteBlockStatusForDeletedBlockLogImpl] DEBUG block.DeletedBlockLogImpl (DeletedBlockLogImpl.java:isTransactionFailed(278)) - Got block deletion ACK from datanode, TXIDs=6, success=true
2021-08-14 14:05:26,315 [EventQueue-DeleteBlockStatusForDeletedBlockLogImpl] DEBUG block.DeletedBlockLogImpl (DeletedBlockLogImpl.java:commitTransactions(256)) - Datanode txId=6 containerId=#6 committed by dnId=a3a688a0-b759-42a1-9d42-7ea63bf88025
2021-08-14 14:05:26,316 [EventQueue-DeleteBlockStatusForDeletedBlockLogImpl] DEBUG block.DeletedBlockLogImpl (DeletedBlockLogImpl.java:isTransactionFailed(278)) - Got block deletion ACK from datanode, TXIDs=7, success=true
2021-08-14 14:05:26,316 [EventQueue-DeleteBlockStatusForDeletedBlockLogImpl] DEBUG block.DeletedBlockLogImpl (DeletedBlockLogImpl.java:commitTransactions(256)) - Datanode txId=7 containerId=#7 committed by dnId=a3a688a0-b759-42a1-9d42-7ea63bf88025
2021-08-14 14:05:26,316 [EventQueue-DeleteBlockStatusForDeletedBlockLogImpl] DEBUG block.DeletedBlockLogImpl (DeletedBlockLogImpl.java:isTransactionFailed(278)) - Got block deletion ACK from datanode, TXIDs=8, success=true
2021-08-14 14:05:26,316 [EventQueue-DeleteBlockStatusForDeletedBlockLogImpl] DEBUG block.DeletedBlockLogImpl (DeletedBlockLogImpl.java:commitTransactions(256)) - Datanode txId=8 containerId=#8 committed by dnId=a3a688a0-b759-42a1-9d42-7ea63bf88025
2021-08-14 14:05:26,316 [EventQueue-DeleteBlockStatusForDeletedBlockLogImpl] DEBUG block.DeletedBlockLogImpl (DeletedBlockLogImpl.java:isTransactionFailed(278)) - Got block deletion ACK from datanode, TXIDs=9, success=true
2021-08-14 14:05:26,316 [EventQueue-DeleteBlockStatusForDeletedBlockLogImpl] DEBUG block.DeletedBlockLogImpl (DeletedBlockLogImpl.java:commitTransactions(256)) - Datanode txId=9 containerId=#9 committed by dnId=a3a688a0-b759-42a1-9d42-7ea63bf88025
2021-08-14 14:05:26,316 [EventQueue-DeleteBlockStatusForDeletedBlockLogImpl] DEBUG block.DeletedBlockLogImpl (DeletedBlockLogImpl.java:isTransactionFailed(278)) - Got block deletion ACK from datanode, TXIDs=10, success=true
2021-08-14 14:05:26,316 [EventQueue-DeleteBlockStatusForDeletedBlockLogImpl] DEBUG block.DeletedBlockLogImpl (DeletedBlockLogImpl.java:commitTransactions(256)) - Datanode txId=10 containerId=#10 committed by dnId=a3a688a0-b759-42a1-9d42-7ea63bf88025
2021-08-14 14:05:26,316 [EventQueue-DeleteBlockStatusForDeletedBlockLogImpl] DEBUG block.DeletedBlockLogImpl (DeletedBlockLogImpl.java:isTransactionFailed(278)) - Got block deletion ACK from datanode, TXIDs=1, success=true
2021-08-14 14:05:26,316 [EventQueue-DeleteBlockStatusForDeletedBlockLogImpl] DEBUG block.DeletedBlockLogImpl (DeletedBlockLogImpl.java:commitTransactions(256)) - Datanode txId=1 containerId=#1 committed by dnId=a3a688a0-b759-42a1-9d42-7ea63bf88025
2021-08-14 14:05:26,316 [EventQueue-DeleteBlockStatusForDeletedBlockLogImpl] DEBUG block.DeletedBlockLogImpl (DeletedBlockLogImpl.java:isTransactionFailed(278)) - Got block deletion ACK from datanode, TXIDs=2, success=true
2021-08-14 14:05:26,316 [EventQueue-DeleteBlockStatusForDeletedBlockLogImpl] DEBUG block.DeletedBlockLogImpl (DeletedBlockLogImpl.java:commitTransactions(256)) - Datanode txId=2 containerId=#2 committed by dnId=a3a688a0-b759-42a1-9d42-7ea63bf88025
2021-08-14 14:05:26,316 [EventQueue-DeleteBlockStatusForDeletedBlockLogImpl] DEBUG block.DeletedBlockLogImpl (DeletedBlockLogImpl.java:isTransactionFailed(278)) - Got block deletion ACK from datanode, TXIDs=3, success=true
2021-08-14 14:05:26,316 [EventQueue-DeleteBlockStatusForDeletedBlockLogImpl] DEBUG block.DeletedBlockLogImpl (DeletedBlockLogImpl.java:commitTransactions(256)) - Datanode txId=3 containerId=#3 committed by dnId=a3a688a0-b759-42a1-9d42-7ea63bf88025
2021-08-14 14:05:26,316 [EventQueue-DeleteBlockStatusForDeletedBlockLogImpl] DEBUG block.DeletedBlockLogImpl (DeletedBlockLogImpl.java:isTransactionFailed(278)) - Got block deletion ACK from datanode, TXIDs=4, success=true
2021-08-14 14:05:26,316 [EventQueue-DeleteBlockStatusForDeletedBlockLogImpl] DEBUG block.DeletedBlockLogImpl (DeletedBlockLogImpl.java:commitTransactions(256)) - Datanode txId=4 containerId=#4 committed by dnId=a3a688a0-b759-42a1-9d42-7ea63bf88025
2021-08-14 14:05:26,316 [EventQueue-DeleteBlockStatusForDeletedBlockLogImpl] DEBUG block.DeletedBlockLogImpl (DeletedBlockLogImpl.java:isTransactionFailed(278)) - Got block deletion ACK from datanode, TXIDs=5, success=true
2021-08-14 14:05:26,316 [EventQueue-DeleteBlockStatusForDeletedBlockLogImpl] DEBUG block.DeletedBlockLogImpl (DeletedBlockLogImpl.java:commitTransactions(256)) - Datanode txId=5 containerId=#5 committed by dnId=a3a688a0-b759-42a1-9d42-7ea63bf88025
2021-08-14 14:05:26,316 [EventQueue-DeleteBlockStatusForDeletedBlockLogImpl] DEBUG block.DeletedBlockLogImpl (DeletedBlockLogImpl.java:isTransactionFailed(278)) - Got block deletion ACK from datanode, TXIDs=6, success=true
2021-08-14 14:05:26,316 [EventQueue-DeleteBlockStatusForDeletedBlockLogImpl] DEBUG block.DeletedBlockLogImpl (DeletedBlockLogImpl.java:commitTransactions(256)) - Datanode txId=6 containerId=#6 committed by dnId=a3a688a0-b759-42a1-9d42-7ea63bf88025
2021-08-14 14:05:26,316 [EventQueue-DeleteBlockStatusForDeletedBlockLogImpl] DEBUG block.DeletedBlockLogImpl (DeletedBlockLogImpl.java:isTransactionFailed(278)) - Got block deletion ACK from datanode, TXIDs=7, success=true
2021-08-14 14:05:26,316 [EventQueue-DeleteBlockStatusForDeletedBlockLogImpl] DEBUG block.DeletedBlockLogImpl (DeletedBlockLogImpl.java:commitTransactions(256)) - Datanode txId=7 containerId=#7 committed by dnId=a3a688a0-b759-42a1-9d42-7ea63bf88025
2021-08-14 14:05:26,316 [EventQueue-DeleteBlockStatusForDeletedBlockLogImpl] DEBUG block.DeletedBlockLogImpl (DeletedBlockLogImpl.java:isTransactionFailed(278)) - Got block deletion ACK from datanode, TXIDs=8, success=true
2021-08-14 14:05:26,316 [EventQueue-DeleteBlockStatusForDeletedBlockLogImpl] DEBUG block.DeletedBlockLogImpl (DeletedBlockLogImpl.java:commitTransactions(256)) - Datanode txId=8 containerId=#8 committed by dnId=a3a688a0-b759-42a1-9d42-7ea63bf88025
2021-08-14 14:05:26,316 [EventQueue-DeleteBlockStatusForDeletedBlockLogImpl] DEBUG block.DeletedBlockLogImpl (DeletedBlockLogImpl.java:isTransactionFailed(278)) - Got block deletion ACK from datanode, TXIDs=9, success=true
2021-08-14 14:05:26,317 [EventQueue-DeleteBlockStatusForDeletedBlockLogImpl] DEBUG block.DeletedBlockLogImpl (DeletedBlockLogImpl.java:commitTransactions(256)) - Datanode txId=9 containerId=#9 committed by dnId=a3a688a0-b759-42a1-9d42-7ea63bf88025
2021-08-14 14:05:26,317 [EventQueue-DeleteBlockStatusForDeletedBlockLogImpl] DEBUG block.DeletedBlockLogImpl (DeletedBlockLogImpl.java:isTransactionFailed(278)) - Got block deletion ACK from datanode, TXIDs=10, success=true
2021-08-14 14:05:26,317 [EventQueue-DeleteBlockStatusForDeletedBlockLogImpl] DEBUG block.DeletedBlockLogImpl (DeletedBlockLogImpl.java:commitTransactions(256)) - Datanode txId=10 containerId=#10 committed by dnId=a3a688a0-b759-42a1-9d42-7ea63bf88025
2021-08-14 14:05:26,317 [EventQueue-DeleteBlockStatusForDeletedBlockLogImpl] DEBUG block.DeletedBlockLogImpl (DeletedBlockLogImpl.java:isTransactionFailed(278)) - Got block deletion ACK from datanode, TXIDs=11, success=true
2021-08-14 14:05:26,317 [EventQueue-DeleteBlockStatusForDeletedBlockLogImpl] DEBUG block.DeletedBlockLogImpl (DeletedBlockLogImpl.java:commitTransactions(256)) - Datanode txId=11 containerId=#11 committed by dnId=a3a688a0-b759-42a1-9d42-7ea63bf88025
2021-08-14 14:05:26,317 [EventQueue-DeleteBlockStatusForDeletedBlockLogImpl] DEBUG block.DeletedBlockLogImpl (DeletedBlockLogImpl.java:isTransactionFailed(278)) - Got block deletion ACK from datanode, TXIDs=12, success=true
2021-08-14 14:05:26,317 [EventQueue-DeleteBlockStatusForDeletedBlockLogImpl] DEBUG block.DeletedBlockLogImpl (DeletedBlockLogImpl.java:commitTransactions(256)) - Datanode txId=12 containerId=#12 committed by dnId=a3a688a0-b759-42a1-9d42-7ea63bf88025
2021-08-14 14:05:26,317 [EventQueue-DeleteBlockStatusForDeletedBlockLogImpl] DEBUG block.DeletedBlockLogImpl (DeletedBlockLogImpl.java:isTransactionFailed(278)) - Got block deletion ACK from datanode, TXIDs=13, success=true
2021-08-14 14:05:26,317 [EventQueue-DeleteBlockStatusForDeletedBlockLogImpl] DEBUG block.DeletedBlockLogImpl (DeletedBlockLogImpl.java:commitTransactions(256)) - Datanode txId=13 containerId=#13 committed by dnId=a3a688a0-b759-42a1-9d42-7ea63bf88025
2021-08-14 14:05:26,317 [EventQueue-DeleteBlockStatusForDeletedBlockLogImpl] DEBUG block.DeletedBlockLogImpl (DeletedBlockLogImpl.java:isTransactionFailed(278)) - Got block deletion ACK from datanode, TXIDs=14, success=true
2021-08-14 14:05:26,317 [EventQueue-DeleteBlockStatusForDeletedBlockLogImpl] DEBUG block.DeletedBlockLogImpl (DeletedBlockLogImpl.java:commitTransactions(256)) - Datanode txId=14 containerId=#14 committed by dnId=a3a688a0-b759-42a1-9d42-7ea63bf88025
2021-08-14 14:05:26,317 [EventQueue-DeleteBlockStatusForDeletedBlockLogImpl] DEBUG block.DeletedBlockLogImpl (DeletedBlockLogImpl.java:isTransactionFailed(278)) - Got block deletion ACK from datanode, TXIDs=1, success=true
2021-08-14 14:05:26,317 [EventQueue-DeleteBlockStatusForDeletedBlockLogImpl] DEBUG block.DeletedBlockLogImpl (DeletedBlockLogImpl.java:commitTransactions(256)) - Datanode txId=1 containerId=#1 committed by dnId=a3a688a0-b759-42a1-9d42-7ea63bf88025
2021-08-14 14:05:26,317 [EventQueue-DeleteBlockStatusForDeletedBlockLogImpl] DEBUG block.DeletedBlockLogImpl (DeletedBlockLogImpl.java:isTransactionFailed(278)) - Got block deletion ACK from datanode, TXIDs=2, success=true
2021-08-14 14:05:26,317 [EventQueue-DeleteBlockStatusForDeletedBlockLogImpl] DEBUG block.DeletedBlockLogImpl (DeletedBlockLogImpl.java:commitTransactions(256)) - Datanode txId=2 containerId=#2 committed by dnId=a3a688a0-b759-42a1-9d42-7ea63bf88025
2021-08-14 14:05:26,317 [EventQueue-DeleteBlockStatusForDeletedBlockLogImpl] DEBUG block.DeletedBlockLogImpl (DeletedBlockLogImpl.java:isTransactionFailed(278)) - Got block deletion ACK from datanode, TXIDs=3, success=true
2021-08-14 14:05:26,318 [EventQueue-DeleteBlockStatusForDeletedBlockLogImpl] DEBUG block.DeletedBlockLogImpl (DeletedBlockLogImpl.java:commitTransactions(256)) - Datanode txId=3 containerId=#3 committed by dnId=a3a688a0-b759-42a1-9d42-7ea63bf88025
2021-08-14 14:05:26,318 [EventQueue-DeleteBlockStatusForDeletedBlockLogImpl] DEBUG block.DeletedBlockLogImpl (DeletedBlockLogImpl.java:isTransactionFailed(278)) - Got block deletion ACK from datanode, TXIDs=1, success=true
2021-08-14 14:05:26,318 [EventQueue-DeleteBlockStatusForDeletedBlockLogImpl] DEBUG block.DeletedBlockLogImpl (DeletedBlockLogImpl.java:commitTransactions(256)) - Datanode txId=1 containerId=#1 committed by dnId=a3a688a0-b759-42a1-9d42-7ea63bf88025
2021-08-14 14:05:26,318 [EventQueue-DeleteBlockStatusForDeletedBlockLogImpl] DEBUG block.DeletedBlockLogImpl (DeletedBlockLogImpl.java:isTransactionFailed(278)) - Got block deletion ACK from datanode, TXIDs=2, success=true
2021-08-14 14:05:26,318 [EventQueue-DeleteBlockStatusForDeletedBlockLogImpl] DEBUG block.DeletedBlockLogImpl (DeletedBlockLogImpl.java:commitTransactions(256)) - Datanode txId=2 containerId=#2 committed by dnId=a3a688a0-b759-42a1-9d42-7ea63bf88025
2021-08-14 14:05:26,318 [EventQueue-DeleteBlockStatusForDeletedBlockLogImpl] DEBUG block.DeletedBlockLogImpl (DeletedBlockLogImpl.java:isTransactionFailed(278)) - Got block deletion ACK from datanode, TXIDs=3, success=true
2021-08-14 14:05:26,318 [EventQueue-DeleteBlockStatusForDeletedBlockLogImpl] DEBUG block.DeletedBlockLogImpl (DeletedBlockLogImpl.java:commitTransactions(256)) - Datanode txId=3 containerId=#3 committed by dnId=a3a688a0-b759-42a1-9d42-7ea63bf88025
2021-08-14 14:05:26,318 [EventQueue-DeleteBlockStatusForDeletedBlockLogImpl] DEBUG block.DeletedBlockLogImpl (DeletedBlockLogImpl.java:isTransactionFailed(278)) - Got block deletion ACK from datanode, TXIDs=4, success=true
2021-08-14 14:05:26,318 [EventQueue-DeleteBlockStatusForDeletedBlockLogImpl] DEBUG block.DeletedBlockLogImpl (DeletedBlockLogImpl.java:commitTransactions(256)) - Datanode txId=4 containerId=#4 committed by dnId=a3a688a0-b759-42a1-9d42-7ea63bf88025
2021-08-14 14:05:26,318 [EventQueue-DeleteBlockStatusForDeletedBlockLogImpl] DEBUG block.DeletedBlockLogImpl (DeletedBlockLogImpl.java:isTransactionFailed(278)) - Got block deletion ACK from datanode, TXIDs=5, success=true
2021-08-14 14:05:26,318 [EventQueue-DeleteBlockStatusForDeletedBlockLogImpl] DEBUG block.DeletedBlockLogImpl (DeletedBlockLogImpl.java:commitTransactions(256)) - Datanode txId=5 containerId=#5 committed by dnId=a3a688a0-b759-42a1-9d42-7ea63bf88025
2021-08-14 14:05:26,318 [EventQueue-DeleteBlockStatusForDeletedBlockLogImpl] DEBUG block.DeletedBlockLogImpl (DeletedBlockLogImpl.java:isTransactionFailed(278)) - Got block deletion ACK from datanode, TXIDs=6, success=true
2021-08-14 14:05:26,318 [EventQueue-DeleteBlockStatusForDeletedBlockLogImpl] DEBUG block.DeletedBlockLogImpl (DeletedBlockLogImpl.java:commitTransactions(256)) - Datanode txId=6 containerId=#6 committed by dnId=a3a688a0-b759-42a1-9d42-7ea63bf88025
2021-08-14 14:05:26,318 [EventQueue-DeleteBlockStatusForDeletedBlockLogImpl] DEBUG block.DeletedBlockLogImpl (DeletedBlockLogImpl.java:isTransactionFailed(278)) - Got block deletion ACK from datanode, TXIDs=7, success=true
2021-08-14 14:05:26,318 [EventQueue-DeleteBlockStatusForDeletedBlockLogImpl] DEBUG block.DeletedBlockLogImpl (DeletedBlockLogImpl.java:commitTransactions(256)) - Datanode txId=7 containerId=#7 committed by dnId=a3a688a0-b759-42a1-9d42-7ea63bf88025
2021-08-14 14:05:26,318 [EventQueue-DeleteBlockStatusForDeletedBlockLogImpl] DEBUG block.DeletedBlockLogImpl (DeletedBlockLogImpl.java:isTransactionFailed(278)) - Got block deletion ACK from datanode, TXIDs=8, success=true
2021-08-14 14:05:26,318 [EventQueue-DeleteBlockStatusForDeletedBlockLogImpl] DEBUG block.DeletedBlockLogImpl (DeletedBlockLogImpl.java:commitTransactions(256)) - Datanode txId=8 containerId=#8 committed by dnId=a3a688a0-b759-42a1-9d42-7ea63bf88025
2021-08-14 14:05:26,318 [EventQueue-DeleteBlockStatusForDeletedBlockLogImpl] DEBUG block.DeletedBlockLogImpl (DeletedBlockLogImpl.java:isTransactionFailed(278)) - Got block deletion ACK from datanode, TXIDs=9, success=true
2021-08-14 14:05:26,319 [EventQueue-DeleteBlockStatusForDeletedBlockLogImpl] DEBUG block.DeletedBlockLogImpl (DeletedBlockLogImpl.java:commitTransactions(256)) - Datanode txId=9 containerId=#9 committed by dnId=a3a688a0-b759-42a1-9d42-7ea63bf88025
2021-08-14 14:05:26,319 [EventQueue-DeleteBlockStatusForDeletedBlockLogImpl] DEBUG block.DeletedBlockLogImpl (DeletedBlockLogImpl.java:isTransactionFailed(278)) - Got block deletion ACK from datanode, TXIDs=10, success=true
2021-08-14 14:05:26,319 [EventQueue-DeleteBlockStatusForDeletedBlockLogImpl] DEBUG block.DeletedBlockLogImpl (DeletedBlockLogImpl.java:commitTransactions(256)) - Datanode txId=10 containerId=#10 committed by dnId=a3a688a0-b759-42a1-9d42-7ea63bf88025
2021-08-14 14:05:26,320 [EventQueue-DeleteBlockStatusForDeletedBlockLogImpl] DEBUG block.DeletedBlockLogImpl (DeletedBlockLogImpl.java:isTransactionFailed(278)) - Got block deletion ACK from datanode, TXIDs=11, success=true
2021-08-14 14:05:26,320 [EventQueue-DeleteBlockStatusForDeletedBlockLogImpl] DEBUG block.DeletedBlockLogImpl (DeletedBlockLogImpl.java:commitTransactions(256)) - Datanode txId=11 containerId=#11 committed by dnId=a3a688a0-b759-42a1-9d42-7ea63bf88025
2021-08-14 14:05:26,320 [EventQueue-DeleteBlockStatusForDeletedBlockLogImpl] DEBUG block.DeletedBlockLogImpl (DeletedBlockLogImpl.java:isTransactionFailed(278)) - Got block deletion ACK from datanode, TXIDs=12, success=true
2021-08-14 14:05:26,320 [EventQueue-DeleteBlockStatusForDeletedBlockLogImpl] DEBUG block.DeletedBlockLogImpl (DeletedBlockLogImpl.java:commitTransactions(256)) - Datanode txId=12 containerId=#12 committed by dnId=a3a688a0-b759-42a1-9d42-7ea63bf88025
2021-08-14 14:05:26,320 [EventQueue-DeleteBlockStatusForDeletedBlockLogImpl] DEBUG block.DeletedBlockLogImpl (DeletedBlockLogImpl.java:isTransactionFailed(278)) - Got block deletion ACK from datanode, TXIDs=13, success=true
2021-08-14 14:05:26,320 [EventQueue-DeleteBlockStatusForDeletedBlockLogImpl] DEBUG block.DeletedBlockLogImpl (DeletedBlockLogImpl.java:commitTransactions(256)) - Datanode txId=13 containerId=#13 committed by dnId=a3a688a0-b759-42a1-9d42-7ea63bf88025
2021-08-14 14:05:26,320 [EventQueue-DeleteBlockStatusForDeletedBlockLogImpl] DEBUG block.DeletedBlockLogImpl (DeletedBlockLogImpl.java:isTransactionFailed(278)) - Got block deletion ACK from datanode, TXIDs=14, success=true
2021-08-14 14:05:26,320 [EventQueue-DeleteBlockStatusForDeletedBlockLogImpl] DEBUG block.DeletedBlockLogImpl (DeletedBlockLogImpl.java:commitTransactions(256)) - Datanode txId=14 containerId=#14 committed by dnId=a3a688a0-b759-42a1-9d42-7ea63bf88025
2021-08-14 14:05:26,320 [EventQueue-DeleteBlockStatusForDeletedBlockLogImpl] DEBUG block.DeletedBlockLogImpl (DeletedBlockLogImpl.java:isTransactionFailed(278)) - Got block deletion ACK from datanode, TXIDs=15, success=true
2021-08-14 14:05:26,320 [EventQueue-DeleteBlockStatusForDeletedBlockLogImpl] DEBUG block.DeletedBlockLogImpl (DeletedBlockLogImpl.java:commitTransactions(256)) - Datanode txId=15 containerId=#15 committed by dnId=a3a688a0-b759-42a1-9d42-7ea63bf88025
2021-08-14 14:05:26,320 [EventQueue-DeleteBlockStatusForDeletedBlockLogImpl] DEBUG block.DeletedBlockLogImpl (DeletedBlockLogImpl.java:isTransactionFailed(278)) - Got block deletion ACK from datanode, TXIDs=1, success=true
2021-08-14 14:05:26,320 [EventQueue-DeleteBlockStatusForDeletedBlockLogImpl] DEBUG block.DeletedBlockLogImpl (DeletedBlockLogImpl.java:commitTransactions(256)) - Datanode txId=1 containerId=#1 committed by dnId=a3a688a0-b759-42a1-9d42-7ea63bf88025
2021-08-14 14:05:26,320 [EventQueue-DeleteBlockStatusForDeletedBlockLogImpl] DEBUG block.DeletedBlockLogImpl (DeletedBlockLogImpl.java:isTransactionFailed(278)) - Got block deletion ACK from datanode, TXIDs=2, success=true
2021-08-14 14:05:26,320 [EventQueue-DeleteBlockStatusForDeletedBlockLogImpl] DEBUG block.DeletedBlockLogImpl (DeletedBlockLogImpl.java:commitTransactions(256)) - Datanode txId=2 containerId=#2 committed by dnId=a3a688a0-b759-42a1-9d42-7ea63bf88025
2021-08-14 14:05:26,320 [EventQueue-DeleteBlockStatusForDeletedBlockLogImpl] DEBUG block.DeletedBlockLogImpl (DeletedBlockLogImpl.java:isTransactionFailed(278)) - Got block deletion ACK from datanode, TXIDs=3, success=true
2021-08-14 14:05:26,320 [EventQueue-DeleteBlockStatusForDeletedBlockLogImpl] DEBUG block.DeletedBlockLogImpl (DeletedBlockLogImpl.java:commitTransactions(256)) - Datanode txId=3 containerId=#3 committed by dnId=a3a688a0-b759-42a1-9d42-7ea63bf88025
2021-08-14 14:05:26,320 [EventQueue-DeleteBlockStatusForDeletedBlockLogImpl] DEBUG block.DeletedBlockLogImpl (DeletedBlockLogImpl.java:isTransactionFailed(278)) - Got block deletion ACK from datanode, TXIDs=4, success=true
2021-08-14 14:05:26,320 [EventQueue-DeleteBlockStatusForDeletedBlockLogImpl] DEBUG block.DeletedBlockLogImpl (DeletedBlockLogImpl.java:commitTransactions(256)) - Datanode txId=4 containerId=#4 committed by dnId=a3a688a0-b759-42a1-9d42-7ea63bf88025
2021-08-14 14:05:26,320 [EventQueue-DeleteBlockStatusForDeletedBlockLogImpl] DEBUG block.DeletedBlockLogImpl (DeletedBlockLogImpl.java:isTransactionFailed(278)) - Got block deletion ACK from datanode, TXIDs=5, success=true
2021-08-14 14:05:26,320 [EventQueue-DeleteBlockStatusForDeletedBlockLogImpl] DEBUG block.DeletedBlockLogImpl (DeletedBlockLogImpl.java:commitTransactions(256)) - Datanode txId=5 containerId=#5 committed by dnId=a3a688a0-b759-42a1-9d42-7ea63bf88025
2021-08-14 14:05:26,320 [EventQueue-DeleteBlockStatusForDeletedBlockLogImpl] DEBUG block.DeletedBlockLogImpl (DeletedBlockLogImpl.java:isTransactionFailed(278)) - Got block deletion ACK from datanode, TXIDs=6, success=true
2021-08-14 14:05:26,320 [EventQueue-DeleteBlockStatusForDeletedBlockLogImpl] DEBUG block.DeletedBlockLogImpl (DeletedBlockLogImpl.java:commitTransactions(256)) - Datanode txId=6 containerId=#6 committed by dnId=a3a688a0-b759-42a1-9d42-7ea63bf88025
2021-08-14 14:05:26,320 [EventQueue-DeleteBlockStatusForDeletedBlockLogImpl] DEBUG block.DeletedBlockLogImpl (DeletedBlockLogImpl.java:isTransactionFailed(278)) - Got block deletion ACK from datanode, TXIDs=7, success=true
2021-08-14 14:05:26,320 [EventQueue-DeleteBlockStatusForDeletedBlockLogImpl] DEBUG block.DeletedBlockLogImpl (DeletedBlockLogImpl.java:commitTransactions(256)) - Datanode txId=7 containerId=#7 committed by dnId=a3a688a0-b759-42a1-9d42-7ea63bf88025
2021-08-14 14:05:26,321 [EventQueue-DeleteBlockStatusForDeletedBlockLogImpl] DEBUG block.DeletedBlockLogImpl (DeletedBlockLogImpl.java:isTransactionFailed(278)) - Got block deletion ACK from datanode, TXIDs=8, success=true
2021-08-14 14:05:26,321 [EventQueue-DeleteBlockStatusForDeletedBlockLogImpl] DEBUG block.DeletedBlockLogImpl (DeletedBlockLogImpl.java:commitTransactions(256)) - Datanode txId=8 containerId=#8 committed by dnId=a3a688a0-b759-42a1-9d42-7ea63bf88025
2021-08-14 14:05:26,321 [EventQueue-DeleteBlockStatusForDeletedBlockLogImpl] DEBUG block.DeletedBlockLogImpl (DeletedBlockLogImpl.java:isTransactionFailed(278)) - Got block deletion ACK from datanode, TXIDs=9, success=true
2021-08-14 14:05:26,321 [EventQueue-DeleteBlockStatusForDeletedBlockLogImpl] DEBUG block.DeletedBlockLogImpl (DeletedBlockLogImpl.java:commitTransactions(256)) - Datanode txId=9 containerId=#9 committed by dnId=a3a688a0-b759-42a1-9d42-7ea63bf88025
2021-08-14 14:05:26,321 [EventQueue-DeleteBlockStatusForDeletedBlockLogImpl] DEBUG block.DeletedBlockLogImpl (DeletedBlockLogImpl.java:isTransactionFailed(278)) - Got block deletion ACK from datanode, TXIDs=10, success=true
2021-08-14 14:05:26,321 [EventQueue-DeleteBlockStatusForDeletedBlockLogImpl] DEBUG block.DeletedBlockLogImpl (DeletedBlockLogImpl.java:commitTransactions(256)) - Datanode txId=10 containerId=#10 committed by dnId=a3a688a0-b759-42a1-9d42-7ea63bf88025
2021-08-14 14:05:26,321 [EventQueue-DeleteBlockStatusForDeletedBlockLogImpl] DEBUG block.DeletedBlockLogImpl (DeletedBlockLogImpl.java:isTransactionFailed(278)) - Got block deletion ACK from datanode, TXIDs=11, success=true
2021-08-14 14:05:26,321 [EventQueue-DeleteBlockStatusForDeletedBlockLogImpl] DEBUG block.DeletedBlockLogImpl (DeletedBlockLogImpl.java:commitTransactions(256)) - Datanode txId=11 containerId=#11 committed by dnId=a3a688a0-b759-42a1-9d42-7ea63bf88025
2021-08-14 14:05:26,323 [EventQueue-DeleteBlockStatusForDeletedBlockLogImpl] DEBUG block.DeletedBlockLogImpl (DeletedBlockLogImpl.java:isTransactionFailed(278)) - Got block deletion ACK from datanode, TXIDs=12, success=true
2021-08-14 14:05:26,323 [EventQueue-DeleteBlockStatusForDeletedBlockLogImpl] DEBUG block.DeletedBlockLogImpl (DeletedBlockLogImpl.java:commitTransactions(256)) - Datanode txId=12 containerId=#12 committed by dnId=a3a688a0-b759-42a1-9d42-7ea63bf88025
2021-08-14 14:05:26,324 [EventQueue-DeleteBlockStatusForDeletedBlockLogImpl] DEBUG block.DeletedBlockLogImpl (DeletedBlockLogImpl.java:isTransactionFailed(278)) - Got block deletion ACK from datanode, TXIDs=13, success=true
2021-08-14 14:05:26,324 [EventQueue-DeleteBlockStatusForDeletedBlockLogImpl] DEBUG block.DeletedBlockLogImpl (DeletedBlockLogImpl.java:commitTransactions(256)) - Datanode txId=13 containerId=#13 committed by dnId=a3a688a0-b759-42a1-9d42-7ea63bf88025
2021-08-14 14:05:26,324 [EventQueue-DeleteBlockStatusForDeletedBlockLogImpl] DEBUG block.DeletedBlockLogImpl (DeletedBlockLogImpl.java:isTransactionFailed(278)) - Got block deletion ACK from datanode, TXIDs=14, success=true
2021-08-14 14:05:26,324 [EventQueue-DeleteBlockStatusForDeletedBlockLogImpl] DEBUG block.DeletedBlockLogImpl (DeletedBlockLogImpl.java:commitTransactions(256)) - Datanode txId=14 containerId=#14 committed by dnId=a3a688a0-b759-42a1-9d42-7ea63bf88025
2021-08-14 14:05:26,324 [EventQueue-DeleteBlockStatusForDeletedBlockLogImpl] DEBUG block.DeletedBlockLogImpl (DeletedBlockLogImpl.java:isTransactionFailed(278)) - Got block deletion ACK from datanode, TXIDs=15, success=true
2021-08-14 14:05:26,324 [EventQueue-DeleteBlockStatusForDeletedBlockLogImpl] DEBUG block.DeletedBlockLogImpl (DeletedBlockLogImpl.java:commitTransactions(256)) - Datanode txId=15 containerId=#15 committed by dnId=a3a688a0-b759-42a1-9d42-7ea63bf88025
2021-08-14 14:05:26,324 [EventQueue-DeleteBlockStatusForDeletedBlockLogImpl] DEBUG block.DeletedBlockLogImpl (DeletedBlockLogImpl.java:isTransactionFailed(278)) - Got block deletion ACK from datanode, TXIDs=16, success=true
2021-08-14 14:05:26,324 [EventQueue-DeleteBlockStatusForDeletedBlockLogImpl] DEBUG block.DeletedBlockLogImpl (DeletedBlockLogImpl.java:commitTransactions(256)) - Datanode txId=16 containerId=#16 committed by dnId=a3a688a0-b759-42a1-9d42-7ea63bf88025
2021-08-14 14:05:26,324 [EventQueue-DeleteBlockStatusForDeletedBlockLogImpl] DEBUG block.DeletedBlockLogImpl (DeletedBlockLogImpl.java:isTransactionFailed(278)) - Got block deletion ACK from datanode, TXIDs=17, success=true
2021-08-14 14:05:26,324 [EventQueue-DeleteBlockStatusForDeletedBlockLogImpl] DEBUG block.DeletedBlockLogImpl (DeletedBlockLogImpl.java:commitTransactions(256)) - Datanode txId=17 containerId=#17 committed by dnId=a3a688a0-b759-42a1-9d42-7ea63bf88025
2021-08-14 14:05:26,324 [EventQueue-DeleteBlockStatusForDeletedBlockLogImpl] DEBUG block.DeletedBlockLogImpl (DeletedBlockLogImpl.java:isTransactionFailed(278)) - Got block deletion ACK from datanode, TXIDs=18, success=true
2021-08-14 14:05:26,324 [EventQueue-DeleteBlockStatusForDeletedBlockLogImpl] DEBUG block.DeletedBlockLogImpl (DeletedBlockLogImpl.java:commitTransactions(256)) - Datanode txId=18 containerId=#18 committed by dnId=a3a688a0-b759-42a1-9d42-7ea63bf88025
2021-08-14 14:05:26,324 [EventQueue-DeleteBlockStatusForDeletedBlockLogImpl] DEBUG block.DeletedBlockLogImpl (DeletedBlockLogImpl.java:isTransactionFailed(278)) - Got block deletion ACK from datanode, TXIDs=1, success=true
2021-08-14 14:05:26,324 [EventQueue-DeleteBlockStatusForDeletedBlockLogImpl] DEBUG block.DeletedBlockLogImpl (DeletedBlockLogImpl.java:commitTransactions(256)) - Datanode txId=1 containerId=#1 committed by dnId=a3a688a0-b759-42a1-9d42-7ea63bf88025
2021-08-14 14:05:26,324 [EventQueue-DeleteBlockStatusForDeletedBlockLogImpl] DEBUG block.DeletedBlockLogImpl (DeletedBlockLogImpl.java:isTransactionFailed(278)) - Got block deletion ACK from datanode, TXIDs=2, success=true
2021-08-14 14:05:26,336 [EventQueue-DeleteBlockStatusForDeletedBlockLogImpl] DEBUG block.DeletedBlockLogImpl (DeletedBlockLogImpl.java:commitTransactions(256)) - Datanode txId=2 containerId=#2 committed by dnId=a3a688a0-b759-42a1-9d42-7ea63bf88025
2021-08-14 14:05:26,336 [EventQueue-DeleteBlockStatusForDeletedBlockLogImpl] DEBUG block.DeletedBlockLogImpl (DeletedBlockLogImpl.java:isTransactionFailed(278)) - Got block deletion ACK from datanode, TXIDs=3, success=true
2021-08-14 14:05:26,336 [EventQueue-DeleteBlockStatusForDeletedBlockLogImpl] DEBUG block.DeletedBlockLogImpl (DeletedBlockLogImpl.java:commitTransactions(256)) - Datanode txId=3 containerId=#3 committed by dnId=a3a688a0-b759-42a1-9d42-7ea63bf88025
2021-08-14 14:05:26,336 [EventQueue-DeleteBlockStatusForDeletedBlockLogImpl] DEBUG block.DeletedBlockLogImpl (DeletedBlockLogImpl.java:isTransactionFailed(278)) - Got block deletion ACK from datanode, TXIDs=4, success=true
2021-08-14 14:05:26,336 [EventQueue-DeleteBlockStatusForDeletedBlockLogImpl] DEBUG block.DeletedBlockLogImpl (DeletedBlockLogImpl.java:commitTransactions(256)) - Datanode txId=4 containerId=#4 committed by dnId=a3a688a0-b759-42a1-9d42-7ea63bf88025
2021-08-14 14:05:26,336 [EventQueue-DeleteBlockStatusForDeletedBlockLogImpl] DEBUG block.DeletedBlockLogImpl (DeletedBlockLogImpl.java:isTransactionFailed(278)) - Got block deletion ACK from datanode, TXIDs=5, success=true
2021-08-14 14:05:26,336 [EventQueue-DeleteBlockStatusForDeletedBlockLogImpl] DEBUG block.DeletedBlockLogImpl (DeletedBlockLogImpl.java:commitTransactions(256)) - Datanode txId=5 containerId=#5 committed by dnId=a3a688a0-b759-42a1-9d42-7ea63bf88025
2021-08-14 14:05:26,337 [EventQueue-DeleteBlockStatusForDeletedBlockLogImpl] DEBUG block.DeletedBlockLogImpl (DeletedBlockLogImpl.java:isTransactionFailed(278)) - Got block deletion ACK from datanode, TXIDs=1, success=true
2021-08-14 14:05:26,337 [EventQueue-DeleteBlockStatusForDeletedBlockLogImpl] DEBUG block.DeletedBlockLogImpl (DeletedBlockLogImpl.java:commitTransactions(256)) - Datanode txId=1 containerId=#1 committed by dnId=a3a688a0-b759-42a1-9d42-7ea63bf88025
2021-08-14 14:05:26,337 [EventQueue-DeleteBlockStatusForDeletedBlockLogImpl] DEBUG block.DeletedBlockLogImpl (DeletedBlockLogImpl.java:isTransactionFailed(278)) - Got block deletion ACK from datanode, TXIDs=2, success=true
2021-08-14 14:05:26,337 [EventQueue-DeleteBlockStatusForDeletedBlockLogImpl] DEBUG block.DeletedBlockLogImpl (DeletedBlockLogImpl.java:commitTransactions(256)) - Datanode txId=2 containerId=#2 committed by dnId=a3a688a0-b759-42a1-9d42-7ea63bf88025
2021-08-14 14:05:26,341 [EventQueue-DeleteBlockStatusForDeletedBlockLogImpl] DEBUG block.DeletedBlockLogImpl (DeletedBlockLogImpl.java:isTransactionFailed(278)) - Got block deletion ACK from datanode, TXIDs=3, success=true
2021-08-14 14:05:26,341 [EventQueue-DeleteBlockStatusForDeletedBlockLogImpl] DEBUG block.DeletedBlockLogImpl (DeletedBlockLogImpl.java:commitTransactions(256)) - Datanode txId=3 containerId=#3 committed by dnId=a3a688a0-b759-42a1-9d42-7ea63bf88025
2021-08-14 14:05:26,341 [EventQueue-DeleteBlockStatusForDeletedBlockLogImpl] DEBUG block.DeletedBlockLogImpl (DeletedBlockLogImpl.java:isTransactionFailed(278)) - Got block deletion ACK from datanode, TXIDs=4, success=true
2021-08-14 14:05:26,341 [EventQueue-DeleteBlockStatusForDeletedBlockLogImpl] DEBUG block.DeletedBlockLogImpl (DeletedBlockLogImpl.java:commitTransactions(256)) - Datanode txId=4 containerId=#4 committed by dnId=a3a688a0-b759-42a1-9d42-7ea63bf88025
2021-08-14 14:05:26,341 [EventQueue-DeleteBlockStatusForDeletedBlockLogImpl] DEBUG block.DeletedBlockLogImpl (DeletedBlockLogImpl.java:isTransactionFailed(278)) - Got block deletion ACK from datanode, TXIDs=5, success=true
2021-08-14 14:05:26,341 [EventQueue-DeleteBlockStatusForDeletedBlockLogImpl] DEBUG block.DeletedBlockLogImpl (DeletedBlockLogImpl.java:commitTransactions(256)) - Datanode txId=5 containerId=#5 committed by dnId=a3a688a0-b759-42a1-9d42-7ea63bf88025
2021-08-14 14:05:26,341 [EventQueue-DeleteBlockStatusForDeletedBlockLogImpl] DEBUG block.DeletedBlockLogImpl (DeletedBlockLogImpl.java:isTransactionFailed(278)) - Got block deletion ACK from datanode, TXIDs=6, success=true
2021-08-14 14:05:26,341 [EventQueue-DeleteBlockStatusForDeletedBlockLogImpl] DEBUG block.DeletedBlockLogImpl (DeletedBlockLogImpl.java:commitTransactions(256)) - Datanode txId=6 containerId=#6 committed by dnId=a3a688a0-b759-42a1-9d42-7ea63bf88025
2021-08-14 14:05:26,342 [EventQueue-DeleteBlockStatusForDeletedBlockLogImpl] DEBUG block.DeletedBlockLogImpl (DeletedBlockLogImpl.java:isTransactionFailed(278)) - Got block deletion ACK from datanode, TXIDs=7, success=true
2021-08-14 14:05:26,342 [EventQueue-DeleteBlockStatusForDeletedBlockLogImpl] DEBUG block.DeletedBlockLogImpl (DeletedBlockLogImpl.java:commitTransactions(256)) - Datanode txId=7 containerId=#7 committed by dnId=a3a688a0-b759-42a1-9d42-7ea63bf88025
2021-08-14 14:05:26,342 [EventQueue-DeleteBlockStatusForDeletedBlockLogImpl] DEBUG block.DeletedBlockLogImpl (DeletedBlockLogImpl.java:isTransactionFailed(278)) - Got block deletion ACK from datanode, TXIDs=8, success=true
2021-08-14 14:05:26,342 [SCMBlockDeletingService#0] DEBUG block.SCMBlockDeletingService (SCMBlockDeletingService.java:call(133)) - Running DeletedBlockTransactionScanner
2021-08-14 14:05:26,342 [EventQueue-DeleteBlockStatusForDeletedBlockLogImpl] DEBUG block.DeletedBlockLogImpl (DeletedBlockLogImpl.java:commitTransactions(256)) - Datanode txId=8 containerId=#8 committed by dnId=a3a688a0-b759-42a1-9d42-7ea63bf88025
2021-08-14 14:05:26,342 [EventQueue-DeleteBlockStatusForDeletedBlockLogImpl] DEBUG block.DeletedBlockLogImpl (DeletedBlockLogImpl.java:isTransactionFailed(278)) - Got block deletion ACK from datanode, TXIDs=9, success=true
2021-08-14 14:05:26,342 [EventQueue-DeleteBlockStatusForDeletedBlockLogImpl] DEBUG block.DeletedBlockLogImpl (DeletedBlockLogImpl.java:commitTransactions(256)) - Datanode txId=9 containerId=#9 committed by dnId=a3a688a0-b759-42a1-9d42-7ea63bf88025
2021-08-14 14:05:26,342 [EventQueue-DeleteBlockStatusForDeletedBlockLogImpl] DEBUG block.DeletedBlockLogImpl (DeletedBlockLogImpl.java:isTransactionFailed(278)) - Got block deletion ACK from datanode, TXIDs=10, success=true
2021-08-14 14:05:26,342 [EventQueue-DeleteBlockStatusForDeletedBlockLogImpl] DEBUG block.DeletedBlockLogImpl (DeletedBlockLogImpl.java:commitTransactions(256)) - Datanode txId=10 containerId=#10 committed by dnId=a3a688a0-b759-42a1-9d42-7ea63bf88025
2021-08-14 14:05:26,342 [EventQueue-DeleteBlockStatusForDeletedBlockLogImpl] DEBUG block.DeletedBlockLogImpl (DeletedBlockLogImpl.java:isTransactionFailed(278)) - Got block deletion ACK from datanode, TXIDs=11, success=true
2021-08-14 14:05:26,342 [EventQueue-DeleteBlockStatusForDeletedBlockLogImpl] DEBUG block.DeletedBlockLogImpl (DeletedBlockLogImpl.java:commitTransactions(256)) - Datanode txId=11 containerId=#11 committed by dnId=a3a688a0-b759-42a1-9d42-7ea63bf88025
2021-08-14 14:05:26,342 [EventQueue-DeleteBlockStatusForDeletedBlockLogImpl] DEBUG block.DeletedBlockLogImpl (DeletedBlockLogImpl.java:isTransactionFailed(278)) - Got block deletion ACK from datanode, TXIDs=12, success=true
2021-08-14 14:05:26,342 [EventQueue-DeleteBlockStatusForDeletedBlockLogImpl] DEBUG block.DeletedBlockLogImpl (DeletedBlockLogImpl.java:commitTransactions(256)) - Datanode txId=12 containerId=#12 committed by dnId=a3a688a0-b759-42a1-9d42-7ea63bf88025
2021-08-14 14:05:26,342 [EventQueue-DeleteBlockStatusForDeletedBlockLogImpl] DEBUG block.DeletedBlockLogImpl (DeletedBlockLogImpl.java:isTransactionFailed(278)) - Got block deletion ACK from datanode, TXIDs=13, success=true
2021-08-14 14:05:26,342 [EventQueue-DeleteBlockStatusForDeletedBlockLogImpl] DEBUG block.DeletedBlockLogImpl (DeletedBlockLogImpl.java:commitTransactions(256)) - Datanode txId=13 containerId=#13 committed by dnId=a3a688a0-b759-42a1-9d42-7ea63bf88025
2021-08-14 14:05:26,342 [EventQueue-DeleteBlockStatusForDeletedBlockLogImpl] DEBUG block.DeletedBlockLogImpl (DeletedBlockLogImpl.java:isTransactionFailed(278)) - Got block deletion ACK from datanode, TXIDs=14, success=true
2021-08-14 14:05:26,342 [EventQueue-DeleteBlockStatusForDeletedBlockLogImpl] DEBUG block.DeletedBlockLogImpl (DeletedBlockLogImpl.java:commitTransactions(256)) - Datanode txId=14 containerId=#14 committed by dnId=a3a688a0-b759-42a1-9d42-7ea63bf88025
2021-08-14 14:05:26,342 [EventQueue-DeleteBlockStatusForDeletedBlockLogImpl] DEBUG block.DeletedBlockLogImpl (DeletedBlockLogImpl.java:isTransactionFailed(278)) - Got block deletion ACK from datanode, TXIDs=15, success=true
2021-08-14 14:05:26,342 [EventQueue-DeleteBlockStatusForDeletedBlockLogImpl] DEBUG block.DeletedBlockLogImpl (DeletedBlockLogImpl.java:commitTransactions(256)) - Datanode txId=15 containerId=#15 committed by dnId=a3a688a0-b759-42a1-9d42-7ea63bf88025
2021-08-14 14:05:26,342 [EventQueue-DeleteBlockStatusForDeletedBlockLogImpl] DEBUG block.DeletedBlockLogImpl (DeletedBlockLogImpl.java:isTransactionFailed(278)) - Got block deletion ACK from datanode, TXIDs=16, success=true
2021-08-14 14:05:26,343 [EventQueue-DeleteBlockStatusForDeletedBlockLogImpl] DEBUG block.DeletedBlockLogImpl (DeletedBlockLogImpl.java:commitTransactions(256)) - Datanode txId=16 containerId=#16 committed by dnId=a3a688a0-b759-42a1-9d42-7ea63bf88025
2021-08-14 14:05:26,361 [SCMBlockDeletingService#0] DEBUG block.SCMBlockDeletingService (DatanodeDeletedBlockTransactions.java:addTransactionToDN(50)) - Transaction added: 41bdc6fc-f730-460f-b2d8-92157d986a72 <- TX(1)
2021-08-14 14:05:26,361 [SCMBlockDeletingService#0] DEBUG block.SCMBlockDeletingService (DatanodeDeletedBlockTransactions.java:addTransactionToDN(50)) - Transaction added: e5d3e9d3-1367-47eb-ad7f-372895a70f55 <- TX(1)
2021-08-14 14:05:26,361 [SCMBlockDeletingService#0] DEBUG block.SCMBlockDeletingService (DatanodeDeletedBlockTransactions.java:addTransactionToDN(50)) - Transaction added: e5d3e9d3-1367-47eb-ad7f-372895a70f55 <- TX(2)
2021-08-14 14:05:26,361 [SCMBlockDeletingService#0] DEBUG block.SCMBlockDeletingService (DatanodeDeletedBlockTransactions.java:addTransactionToDN(50)) - Transaction added: 41bdc6fc-f730-460f-b2d8-92157d986a72 <- TX(2)
2021-08-14 14:05:26,361 [SCMBlockDeletingService#0] DEBUG block.SCMBlockDeletingService (DatanodeDeletedBlockTransactions.java:addTransactionToDN(50)) - Transaction added: e5d3e9d3-1367-47eb-ad7f-372895a70f55 <- TX(3)
2021-08-14 14:05:26,362 [SCMBlockDeletingService#0] DEBUG block.SCMBlockDeletingService (DatanodeDeletedBlockTransactions.java:addTransactionToDN(50)) - Transaction added: 41bdc6fc-f730-460f-b2d8-92157d986a72 <- TX(3)
2021-08-14 14:05:26,362 [SCMBlockDeletingService#0] DEBUG block.SCMBlockDeletingService (DatanodeDeletedBlockTransactions.java:addTransactionToDN(50)) - Transaction added: 41bdc6fc-f730-460f-b2d8-92157d986a72 <- TX(4)
2021-08-14 14:05:26,362 [SCMBlockDeletingService#0] DEBUG block.SCMBlockDeletingService (DatanodeDeletedBlockTransactions.java:addTransactionToDN(50)) - Transaction added: e5d3e9d3-1367-47eb-ad7f-372895a70f55 <- TX(4)
2021-08-14 14:05:26,362 [SCMBlockDeletingService#0] DEBUG block.SCMBlockDeletingService (DatanodeDeletedBlockTransactions.java:addTransactionToDN(50)) - Transaction added: 41bdc6fc-f730-460f-b2d8-92157d986a72 <- TX(5)
2021-08-14 14:05:26,362 [SCMBlockDeletingService#0] DEBUG block.SCMBlockDeletingService (DatanodeDeletedBlockTransactions.java:addTransactionToDN(50)) - Transaction added: e5d3e9d3-1367-47eb-ad7f-372895a70f55 <- TX(5)
2021-08-14 14:05:26,362 [SCMBlockDeletingService#0] DEBUG block.SCMBlockDeletingService (DatanodeDeletedBlockTransactions.java:addTransactionToDN(50)) - Transaction added: e5d3e9d3-1367-47eb-ad7f-372895a70f55 <- TX(6)
2021-08-14 14:05:26,362 [SCMBlockDeletingService#0] DEBUG block.SCMBlockDeletingService (DatanodeDeletedBlockTransactions.java:addTransactionToDN(50)) - Transaction added: 41bdc6fc-f730-460f-b2d8-92157d986a72 <- TX(6)
2021-08-14 14:05:26,362 [SCMBlockDeletingService#0] DEBUG block.SCMBlockDeletingService (DatanodeDeletedBlockTransactions.java:addTransactionToDN(50)) - Transaction added: e5d3e9d3-1367-47eb-ad7f-372895a70f55 <- TX(7)
2021-08-14 14:05:26,362 [SCMBlockDeletingService#0] DEBUG block.SCMBlockDeletingService (DatanodeDeletedBlockTransactions.java:addTransactionToDN(50)) - Transaction added: 41bdc6fc-f730-460f-b2d8-92157d986a72 <- TX(7)
2021-08-14 14:05:26,362 [SCMBlockDeletingService#0] DEBUG block.SCMBlockDeletingService (DatanodeDeletedBlockTransactions.java:addTransactionToDN(50)) - Transaction added: 41bdc6fc-f730-460f-b2d8-92157d986a72 <- TX(8)
2021-08-14 14:05:26,362 [SCMBlockDeletingService#0] DEBUG block.SCMBlockDeletingService (DatanodeDeletedBlockTransactions.java:addTransactionToDN(50)) - Transaction added: e5d3e9d3-1367-47eb-ad7f-372895a70f55 <- TX(8)
2021-08-14 14:05:26,362 [SCMBlockDeletingService#0] DEBUG block.SCMBlockDeletingService (DatanodeDeletedBlockTransactions.java:addTransactionToDN(50)) - Transaction added: 41bdc6fc-f730-460f-b2d8-92157d986a72 <- TX(9)
2021-08-14 14:05:26,362 [SCMBlockDeletingService#0] DEBUG block.SCMBlockDeletingService (DatanodeDeletedBlockTransactions.java:addTransactionToDN(50)) - Transaction added: e5d3e9d3-1367-47eb-ad7f-372895a70f55 <- TX(9)
2021-08-14 14:05:26,362 [SCMBlockDeletingService#0] DEBUG block.SCMBlockDeletingService (DatanodeDeletedBlockTransactions.java:addTransactionToDN(50)) - Transaction added: e5d3e9d3-1367-47eb-ad7f-372895a70f55 <- TX(10)
2021-08-14 14:05:26,362 [SCMBlockDeletingService#0] DEBUG block.SCMBlockDeletingService (DatanodeDeletedBlockTransactions.java:addTransactionToDN(50)) - Transaction added: 41bdc6fc-f730-460f-b2d8-92157d986a72 <- TX(10)
2021-08-14 14:05:26,362 [SCMBlockDeletingService#0] DEBUG block.SCMBlockDeletingService (DatanodeDeletedBlockTransactions.java:addTransactionToDN(50)) - Transaction added: e5d3e9d3-1367-47eb-ad7f-372895a70f55 <- TX(11)
2021-08-14 14:05:26,362 [SCMBlockDeletingService#0] DEBUG block.SCMBlockDeletingService (DatanodeDeletedBlockTransactions.java:addTransactionToDN(50)) - Transaction added: 41bdc6fc-f730-460f-b2d8-92157d986a72 <- TX(11)
2021-08-14 14:05:26,362 [SCMBlockDeletingService#0] DEBUG block.SCMBlockDeletingService (DatanodeDeletedBlockTransactions.java:addTransactionToDN(50)) - Transaction added: 41bdc6fc-f730-460f-b2d8-92157d986a72 <- TX(12)
2021-08-14 14:05:26,362 [SCMBlockDeletingService#0] DEBUG block.SCMBlockDeletingService (DatanodeDeletedBlockTransactions.java:addTransactionToDN(50)) - Transaction added: e5d3e9d3-1367-47eb-ad7f-372895a70f55 <- TX(12)
2021-08-14 14:05:26,362 [SCMBlockDeletingService#0] DEBUG block.SCMBlockDeletingService (DatanodeDeletedBlockTransactions.java:addTransactionToDN(50)) - Transaction added: 41bdc6fc-f730-460f-b2d8-92157d986a72 <- TX(13)
2021-08-14 14:05:26,362 [SCMBlockDeletingService#0] DEBUG block.SCMBlockDeletingService (DatanodeDeletedBlockTransactions.java:addTransactionToDN(50)) - Transaction added: e5d3e9d3-1367-47eb-ad7f-372895a70f55 <- TX(13)
2021-08-14 14:05:26,362 [SCMBlockDeletingService#0] DEBUG block.SCMBlockDeletingService (DatanodeDeletedBlockTransactions.java:addTransactionToDN(50)) - Transaction added: e5d3e9d3-1367-47eb-ad7f-372895a70f55 <- TX(14)
2021-08-14 14:05:26,362 [SCMBlockDeletingService#0] DEBUG block.SCMBlockDeletingService (DatanodeDeletedBlockTransactions.java:addTransactionToDN(50)) - Transaction added: 41bdc6fc-f730-460f-b2d8-92157d986a72 <- TX(14)
2021-08-14 14:05:26,362 [SCMBlockDeletingService#0] DEBUG block.SCMBlockDeletingService (DatanodeDeletedBlockTransactions.java:addTransactionToDN(50)) - Transaction added: 41bdc6fc-f730-460f-b2d8-92157d986a72 <- TX(15)
2021-08-14 14:05:26,362 [SCMBlockDeletingService#0] DEBUG block.SCMBlockDeletingService (DatanodeDeletedBlockTransactions.java:addTransactionToDN(50)) - Transaction added: e5d3e9d3-1367-47eb-ad7f-372895a70f55 <- TX(15)
2021-08-14 14:05:26,362 [SCMBlockDeletingService#0] DEBUG block.SCMBlockDeletingService (DatanodeDeletedBlockTransactions.java:addTransactionToDN(50)) - Transaction added: 41bdc6fc-f730-460f-b2d8-92157d986a72 <- TX(16)
2021-08-14 14:05:26,362 [SCMBlockDeletingService#0] DEBUG block.SCMBlockDeletingService (DatanodeDeletedBlockTransactions.java:addTransactionToDN(50)) - Transaction added: e5d3e9d3-1367-47eb-ad7f-372895a70f55 <- TX(16)
2021-08-14 14:05:26,362 [SCMBlockDeletingService#0] DEBUG block.SCMBlockDeletingService (DatanodeDeletedBlockTransactions.java:addTransactionToDN(50)) - Transaction added: 41bdc6fc-f730-460f-b2d8-92157d986a72 <- TX(17)
2021-08-14 14:05:26,362 [SCMBlockDeletingService#0] DEBUG block.SCMBlockDeletingService (DatanodeDeletedBlockTransactions.java:addTransactionToDN(50)) - Transaction added: e5d3e9d3-1367-47eb-ad7f-372895a70f55 <- TX(17)
2021-08-14 14:05:26,363 [SCMBlockDeletingService#0] DEBUG block.SCMBlockDeletingService (DatanodeDeletedBlockTransactions.java:addTransactionToDN(50)) - Transaction added: e5d3e9d3-1367-47eb-ad7f-372895a70f55 <- TX(18)
2021-08-14 14:05:26,363 [SCMBlockDeletingService#0] DEBUG block.SCMBlockDeletingService (DatanodeDeletedBlockTransactions.java:addTransactionToDN(50)) - Transaction added: 41bdc6fc-f730-460f-b2d8-92157d986a72 <- TX(18)
2021-08-14 14:05:26,363 [SCMBlockDeletingService#0] DEBUG block.SCMBlockDeletingService (DatanodeDeletedBlockTransactions.java:addTransactionToDN(50)) - Transaction added: e5d3e9d3-1367-47eb-ad7f-372895a70f55 <- TX(19)
2021-08-14 14:05:26,363 [SCMBlockDeletingService#0] DEBUG block.SCMBlockDeletingService (DatanodeDeletedBlockTransactions.java:addTransactionToDN(50)) - Transaction added: 41bdc6fc-f730-460f-b2d8-92157d986a72 <- TX(19)
2021-08-14 14:05:26,363 [SCMBlockDeletingService#0] DEBUG block.SCMBlockDeletingService (DatanodeDeletedBlockTransactions.java:addTransactionToDN(50)) - Transaction added: a3a688a0-b759-42a1-9d42-7ea63bf88025 <- TX(19)
2021-08-14 14:05:26,363 [SCMBlockDeletingService#0] DEBUG block.SCMBlockDeletingService (DatanodeDeletedBlockTransactions.java:addTransactionToDN(50)) - Transaction added: a3a688a0-b759-42a1-9d42-7ea63bf88025 <- TX(20)
2021-08-14 14:05:26,363 [SCMBlockDeletingService#0] DEBUG block.SCMBlockDeletingService (DatanodeDeletedBlockTransactions.java:addTransactionToDN(50)) - Transaction added: 41bdc6fc-f730-460f-b2d8-92157d986a72 <- TX(20)
2021-08-14 14:05:26,363 [SCMBlockDeletingService#0] DEBUG block.SCMBlockDeletingService (DatanodeDeletedBlockTransactions.java:addTransactionToDN(50)) - Transaction added: e5d3e9d3-1367-47eb-ad7f-372895a70f55 <- TX(20)
2021-08-14 14:05:26,363 [SCMBlockDeletingService#0] DEBUG block.SCMBlockDeletingService (DatanodeDeletedBlockTransactions.java:addTransactionToDN(50)) - Transaction added: a3a688a0-b759-42a1-9d42-7ea63bf88025 <- TX(21)
2021-08-14 14:05:26,363 [SCMBlockDeletingService#0] DEBUG block.SCMBlockDeletingService (DatanodeDeletedBlockTransactions.java:addTransactionToDN(50)) - Transaction added: 41bdc6fc-f730-460f-b2d8-92157d986a72 <- TX(21)
2021-08-14 14:05:26,363 [SCMBlockDeletingService#0] DEBUG block.SCMBlockDeletingService (DatanodeDeletedBlockTransactions.java:addTransactionToDN(50)) - Transaction added: e5d3e9d3-1367-47eb-ad7f-372895a70f55 <- TX(21)
2021-08-14 14:05:26,363 [SCMBlockDeletingService#0] DEBUG block.SCMBlockDeletingService (DatanodeDeletedBlockTransactions.java:addTransactionToDN(50)) - Transaction added: a3a688a0-b759-42a1-9d42-7ea63bf88025 <- TX(22)
2021-08-14 14:05:26,363 [SCMBlockDeletingService#0] DEBUG block.SCMBlockDeletingService (DatanodeDeletedBlockTransactions.java:addTransactionToDN(50)) - Transaction added: e5d3e9d3-1367-47eb-ad7f-372895a70f55 <- TX(22)
2021-08-14 14:05:26,363 [SCMBlockDeletingService#0] DEBUG block.SCMBlockDeletingService (DatanodeDeletedBlockTransactions.java:addTransactionToDN(50)) - Transaction added: 41bdc6fc-f730-460f-b2d8-92157d986a72 <- TX(22)
2021-08-14 14:05:26,363 [SCMBlockDeletingService#0] DEBUG block.SCMBlockDeletingService (DatanodeDeletedBlockTransactions.java:addTransactionToDN(50)) - Transaction added: a3a688a0-b759-42a1-9d42-7ea63bf88025 <- TX(23)
2021-08-14 14:05:26,363 [SCMBlockDeletingService#0] DEBUG block.SCMBlockDeletingService (DatanodeDeletedBlockTransactions.java:addTransactionToDN(50)) - Transaction added: e5d3e9d3-1367-47eb-ad7f-372895a70f55 <- TX(23)
2021-08-14 14:05:26,363 [SCMBlockDeletingService#0] DEBUG block.SCMBlockDeletingService (DatanodeDeletedBlockTransactions.java:addTransactionToDN(50)) - Transaction added: 41bdc6fc-f730-460f-b2d8-92157d986a72 <- TX(23)
2021-08-14 14:05:26,363 [SCMBlockDeletingService#0] DEBUG block.SCMBlockDeletingService (DatanodeDeletedBlockTransactions.java:addTransactionToDN(50)) - Transaction added: 41bdc6fc-f730-460f-b2d8-92157d986a72 <- TX(24)
2021-08-14 14:05:26,363 [SCMBlockDeletingService#0] DEBUG block.SCMBlockDeletingService (DatanodeDeletedBlockTransactions.java:addTransactionToDN(50)) - Transaction added: e5d3e9d3-1367-47eb-ad7f-372895a70f55 <- TX(24)
2021-08-14 14:05:26,363 [SCMBlockDeletingService#0] DEBUG block.SCMBlockDeletingService (DatanodeDeletedBlockTransactions.java:addTransactionToDN(50)) - Transaction added: a3a688a0-b759-42a1-9d42-7ea63bf88025 <- TX(24)
2021-08-14 14:05:26,363 [SCMBlockDeletingService#0] DEBUG block.SCMBlockDeletingService (DatanodeDeletedBlockTransactions.java:addTransactionToDN(50)) - Transaction added: a3a688a0-b759-42a1-9d42-7ea63bf88025 <- TX(25)
2021-08-14 14:05:26,363 [SCMBlockDeletingService#0] DEBUG block.SCMBlockDeletingService (DatanodeDeletedBlockTransactions.java:addTransactionToDN(50)) - Transaction added: 41bdc6fc-f730-460f-b2d8-92157d986a72 <- TX(25)
2021-08-14 14:05:26,363 [SCMBlockDeletingService#0] DEBUG block.SCMBlockDeletingService (DatanodeDeletedBlockTransactions.java:addTransactionToDN(50)) - Transaction added: e5d3e9d3-1367-47eb-ad7f-372895a70f55 <- TX(25)
2021-08-14 14:05:26,363 [SCMBlockDeletingService#0] DEBUG block.SCMBlockDeletingService (DatanodeDeletedBlockTransactions.java:addTransactionToDN(50)) - Transaction added: e5d3e9d3-1367-47eb-ad7f-372895a70f55 <- TX(26)
2021-08-14 14:05:26,363 [SCMBlockDeletingService#0] DEBUG block.SCMBlockDeletingService (DatanodeDeletedBlockTransactions.java:addTransactionToDN(50)) - Transaction added: 41bdc6fc-f730-460f-b2d8-92157d986a72 <- TX(26)
2021-08-14 14:05:26,363 [SCMBlockDeletingService#0] DEBUG block.SCMBlockDeletingService (DatanodeDeletedBlockTransactions.java:addTransactionToDN(50)) - Transaction added: a3a688a0-b759-42a1-9d42-7ea63bf88025 <- TX(26)
2021-08-14 14:05:26,363 [SCMBlockDeletingService#0] DEBUG block.SCMBlockDeletingService (DatanodeDeletedBlockTransactions.java:addTransactionToDN(50)) - Transaction added: a3a688a0-b759-42a1-9d42-7ea63bf88025 <- TX(27)
2021-08-14 14:05:26,363 [SCMBlockDeletingService#0] DEBUG block.SCMBlockDeletingService (DatanodeDeletedBlockTransactions.java:addTransactionToDN(50)) - Transaction added: e5d3e9d3-1367-47eb-ad7f-372895a70f55 <- TX(27)
2021-08-14 14:05:26,363 [SCMBlockDeletingService#0] DEBUG block.SCMBlockDeletingService (DatanodeDeletedBlockTransactions.java:addTransactionToDN(50)) - Transaction added: 41bdc6fc-f730-460f-b2d8-92157d986a72 <- TX(27)
2021-08-14 14:05:26,363 [SCMBlockDeletingService#0] DEBUG block.SCMBlockDeletingService (DatanodeDeletedBlockTransactions.java:addTransactionToDN(50)) - Transaction added: 41bdc6fc-f730-460f-b2d8-92157d986a72 <- TX(28)
2021-08-14 14:05:26,364 [SCMBlockDeletingService#0] DEBUG block.SCMBlockDeletingService (DatanodeDeletedBlockTransactions.java:addTransactionToDN(50)) - Transaction added: e5d3e9d3-1367-47eb-ad7f-372895a70f55 <- TX(28)
2021-08-14 14:05:26,364 [SCMBlockDeletingService#0] DEBUG block.SCMBlockDeletingService (DatanodeDeletedBlockTransactions.java:addTransactionToDN(50)) - Transaction added: a3a688a0-b759-42a1-9d42-7ea63bf88025 <- TX(28)
2021-08-14 14:05:26,364 [SCMBlockDeletingService#0] DEBUG block.SCMBlockDeletingService (DatanodeDeletedBlockTransactions.java:addTransactionToDN(50)) - Transaction added: a3a688a0-b759-42a1-9d42-7ea63bf88025 <- TX(29)
2021-08-14 14:05:26,364 [SCMBlockDeletingService#0] DEBUG block.SCMBlockDeletingService (DatanodeDeletedBlockTransactions.java:addTransactionToDN(50)) - Transaction added: e5d3e9d3-1367-47eb-ad7f-372895a70f55 <- TX(29)
2021-08-14 14:05:26,364 [SCMBlockDeletingService#0] DEBUG block.SCMBlockDeletingService (DatanodeDeletedBlockTransactions.java:addTransactionToDN(50)) - Transaction added: 41bdc6fc-f730-460f-b2d8-92157d986a72 <- TX(29)
2021-08-14 14:05:26,364 [SCMBlockDeletingService#0] DEBUG block.SCMBlockDeletingService (DatanodeDeletedBlockTransactions.java:addTransactionToDN(50)) - Transaction added: a3a688a0-b759-42a1-9d42-7ea63bf88025 <- TX(30)
2021-08-14 14:05:26,364 [SCMBlockDeletingService#0] DEBUG block.SCMBlockDeletingService (DatanodeDeletedBlockTransactions.java:addTransactionToDN(50)) - Transaction added: 41bdc6fc-f730-460f-b2d8-92157d986a72 <- TX(30)
2021-08-14 14:05:26,364 [SCMBlockDeletingService#0] DEBUG block.SCMBlockDeletingService (DatanodeDeletedBlockTransactions.java:addTransactionToDN(50)) - Transaction added: e5d3e9d3-1367-47eb-ad7f-372895a70f55 <- TX(30)
2021-08-14 14:05:26,364 [SCMBlockDeletingService#0] DEBUG block.SCMBlockDeletingService (DatanodeDeletedBlockTransactions.java:addTransactionToDN(50)) - Transaction added: 41bdc6fc-f730-460f-b2d8-92157d986a72 <- TX(31)
2021-08-14 14:05:26,364 [SCMBlockDeletingService#0] DEBUG block.SCMBlockDeletingService (DatanodeDeletedBlockTransactions.java:addTransactionToDN(50)) - Transaction added: a3a688a0-b759-42a1-9d42-7ea63bf88025 <- TX(31)
2021-08-14 14:05:26,364 [SCMBlockDeletingService#0] DEBUG block.SCMBlockDeletingService (DatanodeDeletedBlockTransactions.java:addTransactionToDN(50)) - Transaction added: e5d3e9d3-1367-47eb-ad7f-372895a70f55 <- TX(31)
2021-08-14 14:05:26,364 [SCMBlockDeletingService#0] DEBUG block.SCMBlockDeletingService (DatanodeDeletedBlockTransactions.java:addTransactionToDN(50)) - Transaction added: a3a688a0-b759-42a1-9d42-7ea63bf88025 <- TX(32)
2021-08-14 14:05:26,364 [SCMBlockDeletingService#0] DEBUG block.SCMBlockDeletingService (DatanodeDeletedBlockTransactions.java:addTransactionToDN(50)) - Transaction added: 41bdc6fc-f730-460f-b2d8-92157d986a72 <- TX(32)
2021-08-14 14:05:26,364 [SCMBlockDeletingService#0] DEBUG block.SCMBlockDeletingService (DatanodeDeletedBlockTransactions.java:addTransactionToDN(50)) - Transaction added: e5d3e9d3-1367-47eb-ad7f-372895a70f55 <- TX(32)
2021-08-14 14:05:26,364 [SCMBlockDeletingService#0] DEBUG block.SCMBlockDeletingService (DatanodeDeletedBlockTransactions.java:addTransactionToDN(50)) - Transaction added: e5d3e9d3-1367-47eb-ad7f-372895a70f55 <- TX(33)
2021-08-14 14:05:26,364 [SCMBlockDeletingService#0] DEBUG block.SCMBlockDeletingService (DatanodeDeletedBlockTransactions.java:addTransactionToDN(50)) - Transaction added: 41bdc6fc-f730-460f-b2d8-92157d986a72 <- TX(33)
2021-08-14 14:05:26,364 [SCMBlockDeletingService#0] DEBUG block.SCMBlockDeletingService (DatanodeDeletedBlockTransactions.java:addTransactionToDN(50)) - Transaction added: a3a688a0-b759-42a1-9d42-7ea63bf88025 <- TX(33)
2021-08-14 14:05:26,364 [SCMBlockDeletingService#0] DEBUG block.SCMBlockDeletingService (DatanodeDeletedBlockTransactions.java:addTransactionToDN(50)) - Transaction added: a3a688a0-b759-42a1-9d42-7ea63bf88025 <- TX(34)
2021-08-14 14:05:26,364 [SCMBlockDeletingService#0] DEBUG block.SCMBlockDeletingService (DatanodeDeletedBlockTransactions.java:addTransactionToDN(50)) - Transaction added: 41bdc6fc-f730-460f-b2d8-92157d986a72 <- TX(34)
2021-08-14 14:05:26,364 [SCMBlockDeletingService#0] DEBUG block.SCMBlockDeletingService (DatanodeDeletedBlockTransactions.java:addTransactionToDN(50)) - Transaction added: e5d3e9d3-1367-47eb-ad7f-372895a70f55 <- TX(34)
2021-08-14 14:05:26,364 [SCMBlockDeletingService#0] DEBUG block.SCMBlockDeletingService (DatanodeDeletedBlockTransactions.java:addTransactionToDN(50)) - Transaction added: e5d3e9d3-1367-47eb-ad7f-372895a70f55 <- TX(35)
2021-08-14 14:05:26,364 [SCMBlockDeletingService#0] DEBUG block.SCMBlockDeletingService (DatanodeDeletedBlockTransactions.java:addTransactionToDN(50)) - Transaction added: 41bdc6fc-f730-460f-b2d8-92157d986a72 <- TX(35)
2021-08-14 14:05:26,364 [SCMBlockDeletingService#0] DEBUG block.SCMBlockDeletingService (DatanodeDeletedBlockTransactions.java:addTransactionToDN(50)) - Transaction added: a3a688a0-b759-42a1-9d42-7ea63bf88025 <- TX(35)
2021-08-14 14:05:26,364 [SCMBlockDeletingService#0] DEBUG block.SCMBlockDeletingService (DatanodeDeletedBlockTransactions.java:addTransactionToDN(50)) - Transaction added: a3a688a0-b759-42a1-9d42-7ea63bf88025 <- TX(36)
2021-08-14 14:05:26,364 [SCMBlockDeletingService#0] DEBUG block.SCMBlockDeletingService (DatanodeDeletedBlockTransactions.java:addTransactionToDN(50)) - Transaction added: 41bdc6fc-f730-460f-b2d8-92157d986a72 <- TX(36)
2021-08-14 14:05:26,364 [SCMBlockDeletingService#0] DEBUG block.SCMBlockDeletingService (DatanodeDeletedBlockTransactions.java:addTransactionToDN(50)) - Transaction added: e5d3e9d3-1367-47eb-ad7f-372895a70f55 <- TX(36)
2021-08-14 14:05:26,364 [SCMBlockDeletingService#0] DEBUG block.SCMBlockDeletingService (DatanodeDeletedBlockTransactions.java:addTransactionToDN(50)) - Transaction added: a3a688a0-b759-42a1-9d42-7ea63bf88025 <- TX(37)
2021-08-14 14:05:26,364 [SCMBlockDeletingService#0] DEBUG block.SCMBlockDeletingService (DatanodeDeletedBlockTransactions.java:addTransactionToDN(50)) - Transaction added: e5d3e9d3-1367-47eb-ad7f-372895a70f55 <- TX(37)
2021-08-14 14:05:26,364 [SCMBlockDeletingService#0] DEBUG block.SCMBlockDeletingService (DatanodeDeletedBlockTransactions.java:addTransactionToDN(50)) - Transaction added: 41bdc6fc-f730-460f-b2d8-92157d986a72 <- TX(37)
2021-08-14 14:05:26,365 [SCMBlockDeletingService#0] DEBUG block.SCMBlockDeletingService (DatanodeDeletedBlockTransactions.java:addTransactionToDN(50)) - Transaction added: a3a688a0-b759-42a1-9d42-7ea63bf88025 <- TX(38)
2021-08-14 14:05:26,365 [SCMBlockDeletingService#0] DEBUG block.SCMBlockDeletingService (DatanodeDeletedBlockTransactions.java:addTransactionToDN(50)) - Transaction added: 41bdc6fc-f730-460f-b2d8-92157d986a72 <- TX(38)
2021-08-14 14:05:26,365 [SCMBlockDeletingService#0] DEBUG block.SCMBlockDeletingService (DatanodeDeletedBlockTransactions.java:addTransactionToDN(50)) - Transaction added: e5d3e9d3-1367-47eb-ad7f-372895a70f55 <- TX(38)
2021-08-14 14:05:26,365 [SCMBlockDeletingService#0] DEBUG block.SCMBlockDeletingService (DatanodeDeletedBlockTransactions.java:addTransactionToDN(50)) - Transaction added: a3a688a0-b759-42a1-9d42-7ea63bf88025 <- TX(39)
2021-08-14 14:05:26,365 [SCMBlockDeletingService#0] DEBUG block.SCMBlockDeletingService (DatanodeDeletedBlockTransactions.java:addTransactionToDN(50)) - Transaction added: e5d3e9d3-1367-47eb-ad7f-372895a70f55 <- TX(39)
2021-08-14 14:05:26,365 [SCMBlockDeletingService#0] DEBUG block.SCMBlockDeletingService (DatanodeDeletedBlockTransactions.java:addTransactionToDN(50)) - Transaction added: 41bdc6fc-f730-460f-b2d8-92157d986a72 <- TX(39)
2021-08-14 14:05:26,365 [SCMBlockDeletingService#0] DEBUG block.SCMBlockDeletingService (DatanodeDeletedBlockTransactions.java:addTransactionToDN(50)) - Transaction added: 41bdc6fc-f730-460f-b2d8-92157d986a72 <- TX(40)
2021-08-14 14:05:26,365 [SCMBlockDeletingService#0] DEBUG block.SCMBlockDeletingService (DatanodeDeletedBlockTransactions.java:addTransactionToDN(50)) - Transaction added: e5d3e9d3-1367-47eb-ad7f-372895a70f55 <- TX(40)
2021-08-14 14:05:26,365 [SCMBlockDeletingService#0] DEBUG block.SCMBlockDeletingService (DatanodeDeletedBlockTransactions.java:addTransactionToDN(50)) - Transaction added: a3a688a0-b759-42a1-9d42-7ea63bf88025 <- TX(40)
2021-08-14 14:05:26,365 [SCMBlockDeletingService#0] DEBUG block.SCMBlockDeletingService (DatanodeDeletedBlockTransactions.java:addTransactionToDN(50)) - Transaction added: a3a688a0-b759-42a1-9d42-7ea63bf88025 <- TX(41)
2021-08-14 14:05:26,365 [SCMBlockDeletingService#0] DEBUG block.SCMBlockDeletingService (DatanodeDeletedBlockTransactions.java:addTransactionToDN(50)) - Transaction added: e5d3e9d3-1367-47eb-ad7f-372895a70f55 <- TX(41)
2021-08-14 14:05:26,365 [SCMBlockDeletingService#0] DEBUG block.SCMBlockDeletingService (DatanodeDeletedBlockTransactions.java:addTransactionToDN(50)) - Transaction added: 41bdc6fc-f730-460f-b2d8-92157d986a72 <- TX(41)
2021-08-14 14:05:26,365 [SCMBlockDeletingService#0] DEBUG block.SCMBlockDeletingService (DatanodeDeletedBlockTransactions.java:addTransactionToDN(50)) - Transaction added: 41bdc6fc-f730-460f-b2d8-92157d986a72 <- TX(42)
2021-08-14 14:05:26,365 [SCMBlockDeletingService#0] DEBUG block.SCMBlockDeletingService (DatanodeDeletedBlockTransactions.java:addTransactionToDN(50)) - Transaction added: e5d3e9d3-1367-47eb-ad7f-372895a70f55 <- TX(42)
2021-08-14 14:05:26,365 [SCMBlockDeletingService#0] DEBUG block.SCMBlockDeletingService (DatanodeDeletedBlockTransactions.java:addTransactionToDN(50)) - Transaction added: a3a688a0-b759-42a1-9d42-7ea63bf88025 <- TX(42)
2021-08-14 14:05:26,365 [SCMBlockDeletingService#0] DEBUG block.SCMBlockDeletingService (DatanodeDeletedBlockTransactions.java:addTransactionToDN(50)) - Transaction added: a3a688a0-b759-42a1-9d42-7ea63bf88025 <- TX(43)
2021-08-14 14:05:26,365 [SCMBlockDeletingService#0] DEBUG block.SCMBlockDeletingService (DatanodeDeletedBlockTransactions.java:addTransactionToDN(50)) - Transaction added: e5d3e9d3-1367-47eb-ad7f-372895a70f55 <- TX(43)
2021-08-14 14:05:26,365 [SCMBlockDeletingService#0] DEBUG block.SCMBlockDeletingService (DatanodeDeletedBlockTransactions.java:addTransactionToDN(50)) - Transaction added: 41bdc6fc-f730-460f-b2d8-92157d986a72 <- TX(43)
2021-08-14 14:05:26,365 [SCMBlockDeletingService#0] DEBUG block.SCMBlockDeletingService (DatanodeDeletedBlockTransactions.java:addTransactionToDN(50)) - Transaction added: 41bdc6fc-f730-460f-b2d8-92157d986a72 <- TX(44)
2021-08-14 14:05:26,365 [SCMBlockDeletingService#0] DEBUG block.SCMBlockDeletingService (DatanodeDeletedBlockTransactions.java:addTransactionToDN(50)) - Transaction added: e5d3e9d3-1367-47eb-ad7f-372895a70f55 <- TX(44)
2021-08-14 14:05:26,365 [SCMBlockDeletingService#0] DEBUG block.SCMBlockDeletingService (DatanodeDeletedBlockTransactions.java:addTransactionToDN(50)) - Transaction added: a3a688a0-b759-42a1-9d42-7ea63bf88025 <- TX(44)
2021-08-14 14:05:26,365 [SCMBlockDeletingService#0] DEBUG block.SCMBlockDeletingService (DatanodeDeletedBlockTransactions.java:addTransactionToDN(50)) - Transaction added: a3a688a0-b759-42a1-9d42-7ea63bf88025 <- TX(45)
2021-08-14 14:05:26,365 [SCMBlockDeletingService#0] DEBUG block.SCMBlockDeletingService (DatanodeDeletedBlockTransactions.java:addTransactionToDN(50)) - Transaction added: e5d3e9d3-1367-47eb-ad7f-372895a70f55 <- TX(45)
2021-08-14 14:05:26,365 [SCMBlockDeletingService#0] DEBUG block.SCMBlockDeletingService (DatanodeDeletedBlockTransactions.java:addTransactionToDN(50)) - Transaction added: 41bdc6fc-f730-460f-b2d8-92157d986a72 <- TX(45)
2021-08-14 14:05:26,365 [SCMBlockDeletingService#0] DEBUG block.SCMBlockDeletingService (DatanodeDeletedBlockTransactions.java:addTransactionToDN(50)) - Transaction added: a3a688a0-b759-42a1-9d42-7ea63bf88025 <- TX(46)
2021-08-14 14:05:26,365 [SCMBlockDeletingService#0] DEBUG block.SCMBlockDeletingService (DatanodeDeletedBlockTransactions.java:addTransactionToDN(50)) - Transaction added: 41bdc6fc-f730-460f-b2d8-92157d986a72 <- TX(46)
2021-08-14 14:05:26,365 [SCMBlockDeletingService#0] DEBUG block.SCMBlockDeletingService (DatanodeDeletedBlockTransactions.java:addTransactionToDN(50)) - Transaction added: e5d3e9d3-1367-47eb-ad7f-372895a70f55 <- TX(46)
2021-08-14 14:05:26,365 [SCMBlockDeletingService#0] DEBUG block.SCMBlockDeletingService (DatanodeDeletedBlockTransactions.java:addTransactionToDN(50)) - Transaction added: 41bdc6fc-f730-460f-b2d8-92157d986a72 <- TX(47)
2021-08-14 14:05:26,366 [SCMBlockDeletingService#0] DEBUG block.SCMBlockDeletingService (DatanodeDeletedBlockTransactions.java:addTransactionToDN(50)) - Transaction added: a3a688a0-b759-42a1-9d42-7ea63bf88025 <- TX(47)
2021-08-14 14:05:26,366 [SCMBlockDeletingService#0] DEBUG block.SCMBlockDeletingService (DatanodeDeletedBlockTransactions.java:addTransactionToDN(50)) - Transaction added: e5d3e9d3-1367-47eb-ad7f-372895a70f55 <- TX(47)
2021-08-14 14:05:26,366 [SCMBlockDeletingService#0] DEBUG block.SCMBlockDeletingService (DatanodeDeletedBlockTransactions.java:addTransactionToDN(50)) - Transaction added: a3a688a0-b759-42a1-9d42-7ea63bf88025 <- TX(48)
2021-08-14 14:05:26,366 [SCMBlockDeletingService#0] DEBUG block.SCMBlockDeletingService (DatanodeDeletedBlockTransactions.java:addTransactionToDN(50)) - Transaction added: 41bdc6fc-f730-460f-b2d8-92157d986a72 <- TX(48)
2021-08-14 14:05:26,366 [SCMBlockDeletingService#0] DEBUG block.SCMBlockDeletingService (DatanodeDeletedBlockTransactions.java:addTransactionToDN(50)) - Transaction added: e5d3e9d3-1367-47eb-ad7f-372895a70f55 <- TX(48)
2021-08-14 14:05:26,366 [SCMBlockDeletingService#0] DEBUG block.SCMBlockDeletingService (DatanodeDeletedBlockTransactions.java:addTransactionToDN(50)) - Transaction added: e5d3e9d3-1367-47eb-ad7f-372895a70f55 <- TX(49)
2021-08-14 14:05:26,366 [SCMBlockDeletingService#0] DEBUG block.SCMBlockDeletingService (DatanodeDeletedBlockTransactions.java:addTransactionToDN(50)) - Transaction added: 41bdc6fc-f730-460f-b2d8-92157d986a72 <- TX(49)
2021-08-14 14:05:26,366 [SCMBlockDeletingService#0] DEBUG block.SCMBlockDeletingService (DatanodeDeletedBlockTransactions.java:addTransactionToDN(50)) - Transaction added: a3a688a0-b759-42a1-9d42-7ea63bf88025 <- TX(49)
2021-08-14 14:05:26,366 [SCMBlockDeletingService#0] DEBUG block.SCMBlockDeletingService (DatanodeDeletedBlockTransactions.java:addTransactionToDN(50)) - Transaction added: a3a688a0-b759-42a1-9d42-7ea63bf88025 <- TX(50)
2021-08-14 14:05:26,366 [SCMBlockDeletingService#0] DEBUG block.SCMBlockDeletingService (DatanodeDeletedBlockTransactions.java:addTransactionToDN(50)) - Transaction added: 41bdc6fc-f730-460f-b2d8-92157d986a72 <- TX(50)
2021-08-14 14:05:26,366 [SCMBlockDeletingService#0] DEBUG block.SCMBlockDeletingService (DatanodeDeletedBlockTransactions.java:addTransactionToDN(50)) - Transaction added: e5d3e9d3-1367-47eb-ad7f-372895a70f55 <- TX(50)
2021-08-14 14:05:26,366 [SCMBlockDeletingService#0] DEBUG block.SCMBlockDeletingService (DatanodeDeletedBlockTransactions.java:addTransactionToDN(50)) - Transaction added: e5d3e9d3-1367-47eb-ad7f-372895a70f55 <- TX(51)
2021-08-14 14:05:26,366 [SCMBlockDeletingService#0] DEBUG block.SCMBlockDeletingService (DatanodeDeletedBlockTransactions.java:addTransactionToDN(50)) - Transaction added: 41bdc6fc-f730-460f-b2d8-92157d986a72 <- TX(51)
2021-08-14 14:05:26,366 [SCMBlockDeletingService#0] DEBUG block.SCMBlockDeletingService (DatanodeDeletedBlockTransactions.java:addTransactionToDN(50)) - Transaction added: a3a688a0-b759-42a1-9d42-7ea63bf88025 <- TX(51)
2021-08-14 14:05:26,366 [SCMBlockDeletingService#0] DEBUG block.SCMBlockDeletingService (DatanodeDeletedBlockTransactions.java:addTransactionToDN(50)) - Transaction added: a3a688a0-b759-42a1-9d42-7ea63bf88025 <- TX(52)
2021-08-14 14:05:26,366 [SCMBlockDeletingService#0] DEBUG block.SCMBlockDeletingService (DatanodeDeletedBlockTransactions.java:addTransactionToDN(50)) - Transaction added: 41bdc6fc-f730-460f-b2d8-92157d986a72 <- TX(52)
2021-08-14 14:05:26,366 [SCMBlockDeletingService#0] DEBUG block.SCMBlockDeletingService (DatanodeDeletedBlockTransactions.java:addTransactionToDN(50)) - Transaction added: e5d3e9d3-1367-47eb-ad7f-372895a70f55 <- TX(52)
2021-08-14 14:05:26,366 [SCMBlockDeletingService#0] DEBUG block.SCMBlockDeletingService (DatanodeDeletedBlockTransactions.java:addTransactionToDN(50)) - Transaction added: a3a688a0-b759-42a1-9d42-7ea63bf88025 <- TX(53)
2021-08-14 14:05:26,366 [SCMBlockDeletingService#0] DEBUG block.SCMBlockDeletingService (DatanodeDeletedBlockTransactions.java:addTransactionToDN(50)) - Transaction added: e5d3e9d3-1367-47eb-ad7f-372895a70f55 <- TX(53)
2021-08-14 14:05:26,366 [SCMBlockDeletingService#0] DEBUG block.SCMBlockDeletingService (DatanodeDeletedBlockTransactions.java:addTransactionToDN(50)) - Transaction added: 41bdc6fc-f730-460f-b2d8-92157d986a72 <- TX(53)
2021-08-14 14:05:26,366 [SCMBlockDeletingService#0] DEBUG block.SCMBlockDeletingService (DatanodeDeletedBlockTransactions.java:addTransactionToDN(50)) - Transaction added: a3a688a0-b759-42a1-9d42-7ea63bf88025 <- TX(54)
2021-08-14 14:05:26,366 [SCMBlockDeletingService#0] DEBUG block.SCMBlockDeletingService (DatanodeDeletedBlockTransactions.java:addTransactionToDN(50)) - Transaction added: 41bdc6fc-f730-460f-b2d8-92157d986a72 <- TX(54)
2021-08-14 14:05:26,366 [SCMBlockDeletingService#0] DEBUG block.SCMBlockDeletingService (DatanodeDeletedBlockTransactions.java:addTransactionToDN(50)) - Transaction added: e5d3e9d3-1367-47eb-ad7f-372895a70f55 <- TX(54)
2021-08-14 14:05:26,366 [SCMBlockDeletingService#0] DEBUG block.SCMBlockDeletingService (DatanodeDeletedBlockTransactions.java:addTransactionToDN(50)) - Transaction added: a3a688a0-b759-42a1-9d42-7ea63bf88025 <- TX(55)
2021-08-14 14:05:26,366 [SCMBlockDeletingService#0] DEBUG block.SCMBlockDeletingService (DatanodeDeletedBlockTransactions.java:addTransactionToDN(50)) - Transaction added: e5d3e9d3-1367-47eb-ad7f-372895a70f55 <- TX(55)
2021-08-14 14:05:26,366 [SCMBlockDeletingService#0] DEBUG block.SCMBlockDeletingService (DatanodeDeletedBlockTransactions.java:addTransactionToDN(50)) - Transaction added: 41bdc6fc-f730-460f-b2d8-92157d986a72 <- TX(55)
2021-08-14 14:05:26,366 [SCMBlockDeletingService#0] DEBUG block.SCMBlockDeletingService (DatanodeDeletedBlockTransactions.java:addTransactionToDN(50)) - Transaction added: 41bdc6fc-f730-460f-b2d8-92157d986a72 <- TX(56)
2021-08-14 14:05:26,366 [SCMBlockDeletingService#0] DEBUG block.SCMBlockDeletingService (DatanodeDeletedBlockTransactions.java:addTransactionToDN(50)) - Transaction added: e5d3e9d3-1367-47eb-ad7f-372895a70f55 <- TX(56)
2021-08-14 14:05:26,366 [SCMBlockDeletingService#0] DEBUG block.SCMBlockDeletingService (DatanodeDeletedBlockTransactions.java:addTransactionToDN(50)) - Transaction added: a3a688a0-b759-42a1-9d42-7ea63bf88025 <- TX(56)
2021-08-14 14:05:26,401 [SCMBlockDeletingService#0] DEBUG block.SCMBlockDeletingService (SCMBlockDeletingService.java:call(164)) - Added delete block command for datanode a3a688a0-b759-42a1-9d42-7ea63bf88025 in the queue, number of delete block transactions: 38
2021-08-14 14:05:26,401 [SCMBlockDeletingService#0] DEBUG block.SCMBlockDeletingService (SCMBlockDeletingService.java:call(164)) - Added delete block command for datanode e5d3e9d3-1367-47eb-ad7f-372895a70f55 in the queue, number of delete block transactions: 56
2021-08-14 14:05:26,401 [EventQueue-DeleteBlockStatusForDeletedBlockLogImpl] DEBUG block.DeletedBlockLogImpl (DeletedBlockLogImpl.java:isTransactionFailed(278)) - Got block deletion ACK from datanode, TXIDs=1, success=true
2021-08-14 14:05:26,401 [EventQueue-DeleteBlockStatusForDeletedBlockLogImpl] DEBUG block.DeletedBlockLogImpl (DeletedBlockLogImpl.java:commitTransactions(256)) - Datanode txId=1 containerId=#1 committed by dnId=a3a688a0-b759-42a1-9d42-7ea63bf88025
2021-08-14 14:05:26,401 [EventQueue-DeleteBlockStatusForDeletedBlockLogImpl] DEBUG block.DeletedBlockLogImpl (DeletedBlockLogImpl.java:isTransactionFailed(278)) - Got block deletion ACK from datanode, TXIDs=2, success=true
2021-08-14 14:05:26,401 [EventQueue-DeleteBlockStatusForDeletedBlockLogImpl] DEBUG block.DeletedBlockLogImpl (DeletedBlockLogImpl.java:commitTransactions(256)) - Datanode txId=2 containerId=#2 committed by dnId=a3a688a0-b759-42a1-9d42-7ea63bf88025
2021-08-14 14:05:26,402 [EventQueue-DeleteBlockStatusForDeletedBlockLogImpl] DEBUG block.DeletedBlockLogImpl (DeletedBlockLogImpl.java:isTransactionFailed(278)) - Got block deletion ACK from datanode, TXIDs=3, success=true
2021-08-14 14:05:26,402 [EventQueue-DeleteBlockStatusForDeletedBlockLogImpl] DEBUG block.DeletedBlockLogImpl (DeletedBlockLogImpl.java:commitTransactions(256)) - Datanode txId=3 containerId=#3 committed by dnId=a3a688a0-b759-42a1-9d42-7ea63bf88025
2021-08-14 14:05:26,402 [EventQueue-DeleteBlockStatusForDeletedBlockLogImpl] DEBUG block.DeletedBlockLogImpl (DeletedBlockLogImpl.java:isTransactionFailed(278)) - Got block deletion ACK from datanode, TXIDs=4, success=true
2021-08-14 14:05:26,402 [EventQueue-DeleteBlockStatusForDeletedBlockLogImpl] DEBUG block.DeletedBlockLogImpl (DeletedBlockLogImpl.java:commitTransactions(256)) - Datanode txId=4 containerId=#4 committed by dnId=a3a688a0-b759-42a1-9d42-7ea63bf88025
2021-08-14 14:05:26,402 [EventQueue-DeleteBlockStatusForDeletedBlockLogImpl] DEBUG block.DeletedBlockLogImpl (DeletedBlockLogImpl.java:isTransactionFailed(278)) - Got block deletion ACK from datanode, TXIDs=5, success=true
2021-08-14 14:05:26,402 [EventQueue-DeleteBlockStatusForDeletedBlockLogImpl] DEBUG block.DeletedBlockLogImpl (DeletedBlockLogImpl.java:commitTransactions(256)) - Datanode txId=5 containerId=#5 committed by dnId=a3a688a0-b759-42a1-9d42-7ea63bf88025
2021-08-14 14:05:26,402 [EventQueue-DeleteBlockStatusForDeletedBlockLogImpl] DEBUG block.DeletedBlockLogImpl (DeletedBlockLogImpl.java:isTransactionFailed(278)) - Got block deletion ACK from datanode, TXIDs=6, success=true
2021-08-14 14:05:26,402 [EventQueue-DeleteBlockStatusForDeletedBlockLogImpl] DEBUG block.DeletedBlockLogImpl (DeletedBlockLogImpl.java:commitTransactions(256)) - Datanode txId=6 containerId=#6 committed by dnId=a3a688a0-b759-42a1-9d42-7ea63bf88025
2021-08-14 14:05:26,401 [SCMBlockDeletingService#0] DEBUG block.SCMBlockDeletingService (SCMBlockDeletingService.java:call(164)) - Added delete block command for datanode 41bdc6fc-f730-460f-b2d8-92157d986a72 in the queue, number of delete block transactions: 56
2021-08-14 14:05:26,402 [SCMBlockDeletingService#0] INFO  block.SCMBlockDeletingService (SCMBlockDeletingService.java:call(174)) - Totally added 150 blocks to be deleted for 3 datanodes, task elapsed time: 61ms
2021-08-14 14:05:26,441 [BlockDeletingService#2] INFO  background.BlockDeletingService (BlockDeletingService.java:getTasks(158)) - Plan to choose 5000 blocks for block deletion, actually deleting 18 blocks.
2021-08-14 14:05:26,442 [SCMBlockDeletingService#0] DEBUG block.SCMBlockDeletingService (SCMBlockDeletingService.java:call(133)) - Running DeletedBlockTransactionScanner
2021-08-14 14:05:26,442 [SCMBlockDeletingService#0] DEBUG block.SCMBlockDeletingService (DatanodeDeletedBlockTransactions.java:addTransactionToDN(50)) - Transaction added: e5d3e9d3-1367-47eb-ad7f-372895a70f55 <- TX(1)
2021-08-14 14:05:26,442 [SCMBlockDeletingService#0] DEBUG block.SCMBlockDeletingService (DatanodeDeletedBlockTransactions.java:addTransactionToDN(50)) - Transaction added: 41bdc6fc-f730-460f-b2d8-92157d986a72 <- TX(1)
2021-08-14 14:05:26,442 [SCMBlockDeletingService#0] DEBUG block.SCMBlockDeletingService (DatanodeDeletedBlockTransactions.java:addTransactionToDN(50)) - Transaction added: e5d3e9d3-1367-47eb-ad7f-372895a70f55 <- TX(2)
2021-08-14 14:05:26,442 [SCMBlockDeletingService#0] DEBUG block.SCMBlockDeletingService (DatanodeDeletedBlockTransactions.java:addTransactionToDN(50)) - Transaction added: 41bdc6fc-f730-460f-b2d8-92157d986a72 <- TX(2)
2021-08-14 14:05:26,442 [SCMBlockDeletingService#0] DEBUG block.SCMBlockDeletingService (DatanodeDeletedBlockTransactions.java:addTransactionToDN(50)) - Transaction added: e5d3e9d3-1367-47eb-ad7f-372895a70f55 <- TX(3)
2021-08-14 14:05:26,442 [SCMBlockDeletingService#0] DEBUG block.SCMBlockDeletingService (DatanodeDeletedBlockTransactions.java:addTransactionToDN(50)) - Transaction added: 41bdc6fc-f730-460f-b2d8-92157d986a72 <- TX(3)
2021-08-14 14:05:26,442 [SCMBlockDeletingService#0] DEBUG block.SCMBlockDeletingService (DatanodeDeletedBlockTransactions.java:addTransactionToDN(50)) - Transaction added: 41bdc6fc-f730-460f-b2d8-92157d986a72 <- TX(4)
2021-08-14 14:05:26,442 [SCMBlockDeletingService#0] DEBUG block.SCMBlockDeletingService (DatanodeDeletedBlockTransactions.java:addTransactionToDN(50)) - Transaction added: e5d3e9d3-1367-47eb-ad7f-372895a70f55 <- TX(4)
2021-08-14 14:05:26,442 [SCMBlockDeletingService#0] DEBUG block.SCMBlockDeletingService (DatanodeDeletedBlockTransactions.java:addTransactionToDN(50)) - Transaction added: e5d3e9d3-1367-47eb-ad7f-372895a70f55 <- TX(5)
2021-08-14 14:05:26,442 [SCMBlockDeletingService#0] DEBUG block.SCMBlockDeletingService (DatanodeDeletedBlockTransactions.java:addTransactionToDN(50)) - Transaction added: 41bdc6fc-f730-460f-b2d8-92157d986a72 <- TX(5)
2021-08-14 14:05:26,442 [BlockDeletingService#2] INFO  impl.FilePerBlockStrategy (FilePerBlockStrategy.java:deleteChunk(227)) - Deleted block file: /home/runner/work/ozone/ozone/hadoop-ozone/integration-test/target/test-dir/MiniOzoneClusterImpl-903ecea8-4fd7-4e9d-96bf-9013ab6d4ae3/datanode-0/data-0/containers/hdds/903ecea8-4fd7-4e9d-96bf-9013ab6d4ae3/current/containerDir0/1/chunks/107544261427200001.block
2021-08-14 14:05:26,442 [BlockDeletingService#2] INFO  background.BlockDeletingService (BlockDeletingService.java:deleteViaSchema2(447)) - Container: 1, deleted blocks: 1, task elapsed time: 1ms
2021-08-14 14:05:26,443 [BlockDeletingService#2] INFO  impl.FilePerBlockStrategy (FilePerBlockStrategy.java:deleteChunk(227)) - Deleted block file: /home/runner/work/ozone/ozone/hadoop-ozone/integration-test/target/test-dir/MiniOzoneClusterImpl-903ecea8-4fd7-4e9d-96bf-9013ab6d4ae3/datanode-0/data-0/containers/hdds/903ecea8-4fd7-4e9d-96bf-9013ab6d4ae3/current/containerDir0/18/chunks/107544261427200018.block
2021-08-14 14:05:26,443 [BlockDeletingService#2] INFO  background.BlockDeletingService (BlockDeletingService.java:deleteViaSchema2(447)) - Container: 18, deleted blocks: 1, task elapsed time: 1ms
2021-08-14 14:05:26,444 [BlockDeletingService#0] INFO  impl.FilePerBlockStrategy (FilePerBlockStrategy.java:deleteChunk(227)) - Deleted block file: /home/runner/work/ozone/ozone/hadoop-ozone/integration-test/target/test-dir/MiniOzoneClusterImpl-903ecea8-4fd7-4e9d-96bf-9013ab6d4ae3/datanode-0/data-0/containers/hdds/903ecea8-4fd7-4e9d-96bf-9013ab6d4ae3/current/containerDir0/15/chunks/107544261427200015.block
2021-08-14 14:05:26,442 [SCMBlockDeletingService#0] DEBUG block.SCMBlockDeletingService (DatanodeDeletedBlockTransactions.java:addTransactionToDN(50)) - Transaction added: e5d3e9d3-1367-47eb-ad7f-372895a70f55 <- TX(6)
2021-08-14 14:05:26,445 [SCMBlockDeletingService#0] DEBUG block.SCMBlockDeletingService (DatanodeDeletedBlockTransactions.java:addTransactionToDN(50)) - Transaction added: 41bdc6fc-f730-460f-b2d8-92157d986a72 <- TX(6)
2021-08-14 14:05:26,445 [SCMBlockDeletingService#0] DEBUG block.SCMBlockDeletingService (DatanodeDeletedBlockTransactions.java:addTransactionToDN(50)) - Transaction added: e5d3e9d3-1367-47eb-ad7f-372895a70f55 <- TX(7)
2021-08-14 14:05:26,445 [SCMBlockDeletingService#0] DEBUG block.SCMBlockDeletingService (DatanodeDeletedBlockTransactions.java:addTransactionToDN(50)) - Transaction added: 41bdc6fc-f730-460f-b2d8-92157d986a72 <- TX(7)
2021-08-14 14:05:26,445 [SCMBlockDeletingService#0] DEBUG block.SCMBlockDeletingService (DatanodeDeletedBlockTransactions.java:addTransactionToDN(50)) - Transaction added: 41bdc6fc-f730-460f-b2d8-92157d986a72 <- TX(8)
2021-08-14 14:05:26,445 [SCMBlockDeletingService#0] DEBUG block.SCMBlockDeletingService (DatanodeDeletedBlockTransactions.java:addTransactionToDN(50)) - Transaction added: e5d3e9d3-1367-47eb-ad7f-372895a70f55 <- TX(8)
2021-08-14 14:05:26,445 [SCMBlockDeletingService#0] DEBUG block.SCMBlockDeletingService (DatanodeDeletedBlockTransactions.java:addTransactionToDN(50)) - Transaction added: e5d3e9d3-1367-47eb-ad7f-372895a70f55 <- TX(9)
2021-08-14 14:05:26,445 [SCMBlockDeletingService#0] DEBUG block.SCMBlockDeletingService (DatanodeDeletedBlockTransactions.java:addTransactionToDN(50)) - Transaction added: 41bdc6fc-f730-460f-b2d8-92157d986a72 <- TX(9)
2021-08-14 14:05:26,445 [SCMBlockDeletingService#0] DEBUG block.SCMBlockDeletingService (DatanodeDeletedBlockTransactions.java:addTransactionToDN(50)) - Transaction added: e5d3e9d3-1367-47eb-ad7f-372895a70f55 <- TX(10)
2021-08-14 14:05:26,445 [SCMBlockDeletingService#0] DEBUG block.SCMBlockDeletingService (DatanodeDeletedBlockTransactions.java:addTransactionToDN(50)) - Transaction added: 41bdc6fc-f730-460f-b2d8-92157d986a72 <- TX(10)
2021-08-14 14:05:26,445 [SCMBlockDeletingService#0] DEBUG block.SCMBlockDeletingService (DatanodeDeletedBlockTransactions.java:addTransactionToDN(50)) - Transaction added: e5d3e9d3-1367-47eb-ad7f-372895a70f55 <- TX(11)
2021-08-14 14:05:26,445 [SCMBlockDeletingService#0] DEBUG block.SCMBlockDeletingService (DatanodeDeletedBlockTransactions.java:addTransactionToDN(50)) - Transaction added: 41bdc6fc-f730-460f-b2d8-92157d986a72 <- TX(11)
2021-08-14 14:05:26,445 [SCMBlockDeletingService#0] DEBUG block.SCMBlockDeletingService (DatanodeDeletedBlockTransactions.java:addTransactionToDN(50)) - Transaction added: 41bdc6fc-f730-460f-b2d8-92157d986a72 <- TX(12)
2021-08-14 14:05:26,445 [SCMBlockDeletingService#0] DEBUG block.SCMBlockDeletingService (DatanodeDeletedBlockTransactions.java:addTransactionToDN(50)) - Transaction added: e5d3e9d3-1367-47eb-ad7f-372895a70f55 <- TX(12)
2021-08-14 14:05:26,445 [SCMBlockDeletingService#0] DEBUG block.SCMBlockDeletingService (DatanodeDeletedBlockTransactions.java:addTransactionToDN(50)) - Transaction added: e5d3e9d3-1367-47eb-ad7f-372895a70f55 <- TX(13)
2021-08-14 14:05:26,445 [SCMBlockDeletingService#0] DEBUG block.SCMBlockDeletingService (DatanodeDeletedBlockTransactions.java:addTransactionToDN(50)) - Transaction added: 41bdc6fc-f730-460f-b2d8-92157d986a72 <- TX(13)
2021-08-14 14:05:26,445 [SCMBlockDeletingService#0] DEBUG block.SCMBlockDeletingService (DatanodeDeletedBlockTransactions.java:addTransactionToDN(50)) - Transaction added: e5d3e9d3-1367-47eb-ad7f-372895a70f55 <- TX(14)
2021-08-14 14:05:26,445 [SCMBlockDeletingService#0] DEBUG block.SCMBlockDeletingService (DatanodeDeletedBlockTransactions.java:addTransactionToDN(50)) - Transaction added: 41bdc6fc-f730-460f-b2d8-92157d986a72 <- TX(14)
2021-08-14 14:05:26,445 [SCMBlockDeletingService#0] DEBUG block.SCMBlockDeletingService (DatanodeDeletedBlockTransactions.java:addTransactionToDN(50)) - Transaction added: 41bdc6fc-f730-460f-b2d8-92157d986a72 <- TX(15)
2021-08-14 14:05:26,445 [SCMBlockDeletingService#0] DEBUG block.SCMBlockDeletingService (DatanodeDeletedBlockTransactions.java:addTransactionToDN(50)) - Transaction added: e5d3e9d3-1367-47eb-ad7f-372895a70f55 <- TX(15)
2021-08-14 14:05:26,445 [SCMBlockDeletingService#0] DEBUG block.SCMBlockDeletingService (DatanodeDeletedBlockTransactions.java:addTransactionToDN(50)) - Transaction added: 41bdc6fc-f730-460f-b2d8-92157d986a72 <- TX(16)
2021-08-14 14:05:26,445 [SCMBlockDeletingService#0] DEBUG block.SCMBlockDeletingService (DatanodeDeletedBlockTransactions.java:addTransactionToDN(50)) - Transaction added: e5d3e9d3-1367-47eb-ad7f-372895a70f55 <- TX(16)
2021-08-14 14:05:26,445 [SCMBlockDeletingService#0] DEBUG block.SCMBlockDeletingService (DatanodeDeletedBlockTransactions.java:addTransactionToDN(50)) - Transaction added: e5d3e9d3-1367-47eb-ad7f-372895a70f55 <- TX(17)
2021-08-14 14:05:26,445 [SCMBlockDeletingService#0] DEBUG block.SCMBlockDeletingService (DatanodeDeletedBlockTransactions.java:addTransactionToDN(50)) - Transaction added: 41bdc6fc-f730-460f-b2d8-92157d986a72 <- TX(17)
2021-08-14 14:05:26,444 [BlockDeletingService#0] INFO  background.BlockDeletingService (BlockDeletingService.java:deleteViaSchema2(447)) - Container: 15, deleted blocks: 1, task elapsed time: 1ms
2021-08-14 14:05:26,446 [BlockDeletingService#4] INFO  impl.FilePerBlockStrategy (FilePerBlockStrategy.java:deleteChunk(227)) - Deleted block file: /home/runner/work/ozone/ozone/hadoop-ozone/integration-test/target/test-dir/MiniOzoneClusterImpl-903ecea8-4fd7-4e9d-96bf-9013ab6d4ae3/datanode-0/data-0/containers/hdds/903ecea8-4fd7-4e9d-96bf-9013ab6d4ae3/current/containerDir0/13/chunks/107544261427200013.block
2021-08-14 14:05:26,446 [BlockDeletingService#4] INFO  background.BlockDeletingService (BlockDeletingService.java:deleteViaSchema2(447)) - Container: 13, deleted blocks: 1, task elapsed time: 1ms
2021-08-14 14:05:26,447 [BlockDeletingService#9] INFO  impl.FilePerBlockStrategy (FilePerBlockStrategy.java:deleteChunk(227)) - Deleted block file: /home/runner/work/ozone/ozone/hadoop-ozone/integration-test/target/test-dir/MiniOzoneClusterImpl-903ecea8-4fd7-4e9d-96bf-9013ab6d4ae3/datanode-0/data-0/containers/hdds/903ecea8-4fd7-4e9d-96bf-9013ab6d4ae3/current/containerDir0/11/chunks/107544261427200011.block
2021-08-14 14:05:26,447 [BlockDeletingService#9] INFO  background.BlockDeletingService (BlockDeletingService.java:deleteViaSchema2(447)) - Container: 11, deleted blocks: 1, task elapsed time: 1ms
2021-08-14 14:05:26,448 [BlockDeletingService#5] INFO  impl.FilePerBlockStrategy (FilePerBlockStrategy.java:deleteChunk(227)) - Deleted block file: /home/runner/work/ozone/ozone/hadoop-ozone/integration-test/target/test-dir/MiniOzoneClusterImpl-903ecea8-4fd7-4e9d-96bf-9013ab6d4ae3/datanode-0/data-0/containers/hdds/903ecea8-4fd7-4e9d-96bf-9013ab6d4ae3/current/containerDir0/9/chunks/107544261427200009.block
2021-08-14 14:05:26,448 [BlockDeletingService#9] INFO  impl.FilePerBlockStrategy (FilePerBlockStrategy.java:deleteChunk(227)) - Deleted block file: /home/runner/work/ozone/ozone/hadoop-ozone/integration-test/target/test-dir/MiniOzoneClusterImpl-903ecea8-4fd7-4e9d-96bf-9013ab6d4ae3/datanode-0/data-0/containers/hdds/903ecea8-4fd7-4e9d-96bf-9013ab6d4ae3/current/containerDir0/8/chunks/107544261427200008.block
2021-08-14 14:05:26,448 [BlockDeletingService#9] INFO  background.BlockDeletingService (BlockDeletingService.java:deleteViaSchema2(447)) - Container: 8, deleted blocks: 1, task elapsed time: 1ms
2021-08-14 14:05:26,448 [BlockDeletingService#1] INFO  impl.FilePerBlockStrategy (FilePerBlockStrategy.java:deleteChunk(227)) - Deleted block file: /home/runner/work/ozone/ozone/hadoop-ozone/integration-test/target/test-dir/MiniOzoneClusterImpl-903ecea8-4fd7-4e9d-96bf-9013ab6d4ae3/datanode-0/data-0/containers/hdds/903ecea8-4fd7-4e9d-96bf-9013ab6d4ae3/current/containerDir0/7/chunks/107544261427200007.block
2021-08-14 14:05:26,449 [BlockDeletingService#1] INFO  background.BlockDeletingService (BlockDeletingService.java:deleteViaSchema2(447)) - Container: 7, deleted blocks: 1, task elapsed time: 0ms
2021-08-14 14:05:26,449 [BlockDeletingService#1] INFO  impl.FilePerBlockStrategy (FilePerBlockStrategy.java:deleteChunk(227)) - Deleted block file: /home/runner/work/ozone/ozone/hadoop-ozone/integration-test/target/test-dir/MiniOzoneClusterImpl-903ecea8-4fd7-4e9d-96bf-9013ab6d4ae3/datanode-0/data-0/containers/hdds/903ecea8-4fd7-4e9d-96bf-9013ab6d4ae3/current/containerDir0/4/chunks/107544261427200004.block
2021-08-14 14:05:26,450 [BlockDeletingService#1] INFO  background.BlockDeletingService (BlockDeletingService.java:deleteViaSchema2(447)) - Container: 4, deleted blocks: 1, task elapsed time: 0ms
2021-08-14 14:05:26,450 [BlockDeletingService#6] INFO  impl.FilePerBlockStrategy (FilePerBlockStrategy.java:deleteChunk(227)) - Deleted block file: /home/runner/work/ozone/ozone/hadoop-ozone/integration-test/target/test-dir/MiniOzoneClusterImpl-903ecea8-4fd7-4e9d-96bf-9013ab6d4ae3/datanode-0/data-0/containers/hdds/903ecea8-4fd7-4e9d-96bf-9013ab6d4ae3/current/containerDir0/5/chunks/107544261427200005.block
2021-08-14 14:05:26,450 [BlockDeletingService#6] INFO  background.BlockDeletingService (BlockDeletingService.java:deleteViaSchema2(447)) - Container: 5, deleted blocks: 1, task elapsed time: 1ms
2021-08-14 14:05:26,450 [BlockDeletingService#1] INFO  impl.FilePerBlockStrategy (FilePerBlockStrategy.java:deleteChunk(227)) - Deleted block file: /home/runner/work/ozone/ozone/hadoop-ozone/integration-test/target/test-dir/MiniOzoneClusterImpl-903ecea8-4fd7-4e9d-96bf-9013ab6d4ae3/datanode-0/data-0/containers/hdds/903ecea8-4fd7-4e9d-96bf-9013ab6d4ae3/current/containerDir0/3/chunks/107544261427200003.block
2021-08-14 14:05:26,450 [BlockDeletingService#1] INFO  background.BlockDeletingService (BlockDeletingService.java:deleteViaSchema2(447)) - Container: 3, deleted blocks: 1, task elapsed time: 1ms
2021-08-14 14:05:26,450 [BlockDeletingService#6] INFO  impl.FilePerBlockStrategy (FilePerBlockStrategy.java:deleteChunk(227)) - Deleted block file: /home/runner/work/ozone/ozone/hadoop-ozone/integration-test/target/test-dir/MiniOzoneClusterImpl-903ecea8-4fd7-4e9d-96bf-9013ab6d4ae3/datanode-0/data-0/containers/hdds/903ecea8-4fd7-4e9d-96bf-9013ab6d4ae3/current/containerDir0/2/chunks/107544261427200002.block
2021-08-14 14:05:26,444 [BlockDeletingService#7] INFO  impl.FilePerBlockStrategy (FilePerBlockStrategy.java:deleteChunk(227)) - Deleted block file: /home/runner/work/ozone/ozone/hadoop-ozone/integration-test/target/test-dir/MiniOzoneClusterImpl-903ecea8-4fd7-4e9d-96bf-9013ab6d4ae3/datanode-0/data-0/containers/hdds/903ecea8-4fd7-4e9d-96bf-9013ab6d4ae3/current/containerDir0/16/chunks/107544261427200016.block
2021-08-14 14:05:26,451 [BlockDeletingService#6] INFO  background.BlockDeletingService (BlockDeletingService.java:deleteViaSchema2(447)) - Container: 2, deleted blocks: 1, task elapsed time: 0ms
2021-08-14 14:05:26,451 [BlockDeletingService#7] INFO  background.BlockDeletingService (BlockDeletingService.java:deleteViaSchema2(447)) - Container: 16, deleted blocks: 1, task elapsed time: 7ms
2021-08-14 14:05:26,451 [BlockDeletingService#2] INFO  impl.FilePerBlockStrategy (FilePerBlockStrategy.java:deleteChunk(227)) - Deleted block file: /home/runner/work/ozone/ozone/hadoop-ozone/integration-test/target/test-dir/MiniOzoneClusterImpl-903ecea8-4fd7-4e9d-96bf-9013ab6d4ae3/datanode-0/data-0/containers/hdds/903ecea8-4fd7-4e9d-96bf-9013ab6d4ae3/current/containerDir0/17/chunks/107544261427200017.block
2021-08-14 14:05:26,451 [BlockDeletingService#2] INFO  background.BlockDeletingService (BlockDeletingService.java:deleteViaSchema2(447)) - Container: 17, deleted blocks: 1, task elapsed time: 8ms
2021-08-14 14:05:26,449 [BlockDeletingService#9] INFO  impl.FilePerBlockStrategy (FilePerBlockStrategy.java:deleteChunk(227)) - Deleted block file: /home/runner/work/ozone/ozone/hadoop-ozone/integration-test/target/test-dir/MiniOzoneClusterImpl-903ecea8-4fd7-4e9d-96bf-9013ab6d4ae3/datanode-0/data-0/containers/hdds/903ecea8-4fd7-4e9d-96bf-9013ab6d4ae3/current/containerDir0/6/chunks/107544261427200006.block
2021-08-14 14:05:26,452 [BlockDeletingService#9] INFO  background.BlockDeletingService (BlockDeletingService.java:deleteViaSchema2(447)) - Container: 6, deleted blocks: 1, task elapsed time: 3ms
2021-08-14 14:05:26,448 [BlockDeletingService#5] INFO  background.BlockDeletingService (BlockDeletingService.java:deleteViaSchema2(447)) - Container: 9, deleted blocks: 1, task elapsed time: 1ms
2021-08-14 14:05:26,447 [BlockDeletingService#4] INFO  impl.FilePerBlockStrategy (FilePerBlockStrategy.java:deleteChunk(227)) - Deleted block file: /home/runner/work/ozone/ozone/hadoop-ozone/integration-test/target/test-dir/MiniOzoneClusterImpl-903ecea8-4fd7-4e9d-96bf-9013ab6d4ae3/datanode-0/data-0/containers/hdds/903ecea8-4fd7-4e9d-96bf-9013ab6d4ae3/current/containerDir0/10/chunks/107544261427200010.block
2021-08-14 14:05:26,446 [BlockDeletingService#0] INFO  impl.FilePerBlockStrategy (FilePerBlockStrategy.java:deleteChunk(227)) - Deleted block file: /home/runner/work/ozone/ozone/hadoop-ozone/integration-test/target/test-dir/MiniOzoneClusterImpl-903ecea8-4fd7-4e9d-96bf-9013ab6d4ae3/datanode-0/data-0/containers/hdds/903ecea8-4fd7-4e9d-96bf-9013ab6d4ae3/current/containerDir0/12/chunks/107544261427200012.block
2021-08-14 14:05:26,452 [BlockDeletingService#4] INFO  background.BlockDeletingService (BlockDeletingService.java:deleteViaSchema2(447)) - Container: 10, deleted blocks: 1, task elapsed time: 6ms
2021-08-14 14:05:26,445 [SCMBlockDeletingService#0] DEBUG block.SCMBlockDeletingService (DatanodeDeletedBlockTransactions.java:addTransactionToDN(50)) - Transaction added: e5d3e9d3-1367-47eb-ad7f-372895a70f55 <- TX(18)
2021-08-14 14:05:26,452 [SCMBlockDeletingService#0] DEBUG block.SCMBlockDeletingService (DatanodeDeletedBlockTransactions.java:addTransactionToDN(50)) - Transaction added: 41bdc6fc-f730-460f-b2d8-92157d986a72 <- TX(18)
2021-08-14 14:05:26,452 [SCMBlockDeletingService#0] DEBUG block.SCMBlockDeletingService (DatanodeDeletedBlockTransactions.java:addTransactionToDN(50)) - Transaction added: e5d3e9d3-1367-47eb-ad7f-372895a70f55 <- TX(19)
2021-08-14 14:05:26,452 [SCMBlockDeletingService#0] DEBUG block.SCMBlockDeletingService (DatanodeDeletedBlockTransactions.java:addTransactionToDN(50)) - Transaction added: 41bdc6fc-f730-460f-b2d8-92157d986a72 <- TX(19)
2021-08-14 14:05:26,452 [SCMBlockDeletingService#0] DEBUG block.SCMBlockDeletingService (DatanodeDeletedBlockTransactions.java:addTransactionToDN(50)) - Transaction added: a3a688a0-b759-42a1-9d42-7ea63bf88025 <- TX(19)
2021-08-14 14:05:26,452 [SCMBlockDeletingService#0] DEBUG block.SCMBlockDeletingService (DatanodeDeletedBlockTransactions.java:addTransactionToDN(50)) - Transaction added: a3a688a0-b759-42a1-9d42-7ea63bf88025 <- TX(20)
2021-08-14 14:05:26,452 [SCMBlockDeletingService#0] DEBUG block.SCMBlockDeletingService (DatanodeDeletedBlockTransactions.java:addTransactionToDN(50)) - Transaction added: 41bdc6fc-f730-460f-b2d8-92157d986a72 <- TX(20)
2021-08-14 14:05:26,452 [SCMBlockDeletingService#0] DEBUG block.SCMBlockDeletingService (DatanodeDeletedBlockTransactions.java:addTransactionToDN(50)) - Transaction added: e5d3e9d3-1367-47eb-ad7f-372895a70f55 <- TX(20)
2021-08-14 14:05:26,452 [SCMBlockDeletingService#0] DEBUG block.SCMBlockDeletingService (DatanodeDeletedBlockTransactions.java:addTransactionToDN(50)) - Transaction added: a3a688a0-b759-42a1-9d42-7ea63bf88025 <- TX(21)
2021-08-14 14:05:26,452 [SCMBlockDeletingService#0] DEBUG block.SCMBlockDeletingService (DatanodeDeletedBlockTransactions.java:addTransactionToDN(50)) - Transaction added: e5d3e9d3-1367-47eb-ad7f-372895a70f55 <- TX(21)
2021-08-14 14:05:26,452 [SCMBlockDeletingService#0] DEBUG block.SCMBlockDeletingService (DatanodeDeletedBlockTransactions.java:addTransactionToDN(50)) - Transaction added: 41bdc6fc-f730-460f-b2d8-92157d986a72 <- TX(21)
2021-08-14 14:05:26,452 [SCMBlockDeletingService#0] DEBUG block.SCMBlockDeletingService (DatanodeDeletedBlockTransactions.java:addTransactionToDN(50)) - Transaction added: a3a688a0-b759-42a1-9d42-7ea63bf88025 <- TX(22)
2021-08-14 14:05:26,452 [SCMBlockDeletingService#0] DEBUG block.SCMBlockDeletingService (DatanodeDeletedBlockTransactions.java:addTransactionToDN(50)) - Transaction added: e5d3e9d3-1367-47eb-ad7f-372895a70f55 <- TX(22)
2021-08-14 14:05:26,452 [SCMBlockDeletingService#0] DEBUG block.SCMBlockDeletingService (DatanodeDeletedBlockTransactions.java:addTransactionToDN(50)) - Transaction added: 41bdc6fc-f730-460f-b2d8-92157d986a72 <- TX(22)
2021-08-14 14:05:26,452 [SCMBlockDeletingService#0] DEBUG block.SCMBlockDeletingService (DatanodeDeletedBlockTransactions.java:addTransactionToDN(50)) - Transaction added: a3a688a0-b759-42a1-9d42-7ea63bf88025 <- TX(23)
2021-08-14 14:05:26,452 [SCMBlockDeletingService#0] DEBUG block.SCMBlockDeletingService (DatanodeDeletedBlockTransactions.java:addTransactionToDN(50)) - Transaction added: e5d3e9d3-1367-47eb-ad7f-372895a70f55 <- TX(23)
2021-08-14 14:05:26,452 [SCMBlockDeletingService#0] DEBUG block.SCMBlockDeletingService (DatanodeDeletedBlockTransactions.java:addTransactionToDN(50)) - Transaction added: 41bdc6fc-f730-460f-b2d8-92157d986a72 <- TX(23)
2021-08-14 14:05:26,452 [SCMBlockDeletingService#0] DEBUG block.SCMBlockDeletingService (DatanodeDeletedBlockTransactions.java:addTransactionToDN(50)) - Transaction added: 41bdc6fc-f730-460f-b2d8-92157d986a72 <- TX(24)
2021-08-14 14:05:26,452 [SCMBlockDeletingService#0] DEBUG block.SCMBlockDeletingService (DatanodeDeletedBlockTransactions.java:addTransactionToDN(50)) - Transaction added: e5d3e9d3-1367-47eb-ad7f-372895a70f55 <- TX(24)
2021-08-14 14:05:26,452 [SCMBlockDeletingService#0] DEBUG block.SCMBlockDeletingService (DatanodeDeletedBlockTransactions.java:addTransactionToDN(50)) - Transaction added: a3a688a0-b759-42a1-9d42-7ea63bf88025 <- TX(24)
2021-08-14 14:05:26,452 [SCMBlockDeletingService#0] DEBUG block.SCMBlockDeletingService (DatanodeDeletedBlockTransactions.java:addTransactionToDN(50)) - Transaction added: a3a688a0-b759-42a1-9d42-7ea63bf88025 <- TX(25)
2021-08-14 14:05:26,453 [SCMBlockDeletingService#0] DEBUG block.SCMBlockDeletingService (DatanodeDeletedBlockTransactions.java:addTransactionToDN(50)) - Transaction added: e5d3e9d3-1367-47eb-ad7f-372895a70f55 <- TX(25)
2021-08-14 14:05:26,453 [SCMBlockDeletingService#0] DEBUG block.SCMBlockDeletingService (DatanodeDeletedBlockTransactions.java:addTransactionToDN(50)) - Transaction added: 41bdc6fc-f730-460f-b2d8-92157d986a72 <- TX(25)
2021-08-14 14:05:26,453 [SCMBlockDeletingService#0] DEBUG block.SCMBlockDeletingService (DatanodeDeletedBlockTransactions.java:addTransactionToDN(50)) - Transaction added: e5d3e9d3-1367-47eb-ad7f-372895a70f55 <- TX(26)
2021-08-14 14:05:26,453 [SCMBlockDeletingService#0] DEBUG block.SCMBlockDeletingService (DatanodeDeletedBlockTransactions.java:addTransactionToDN(50)) - Transaction added: 41bdc6fc-f730-460f-b2d8-92157d986a72 <- TX(26)
2021-08-14 14:05:26,453 [SCMBlockDeletingService#0] DEBUG block.SCMBlockDeletingService (DatanodeDeletedBlockTransactions.java:addTransactionToDN(50)) - Transaction added: a3a688a0-b759-42a1-9d42-7ea63bf88025 <- TX(26)
2021-08-14 14:05:26,453 [SCMBlockDeletingService#0] DEBUG block.SCMBlockDeletingService (DatanodeDeletedBlockTransactions.java:addTransactionToDN(50)) - Transaction added: a3a688a0-b759-42a1-9d42-7ea63bf88025 <- TX(27)
2021-08-14 14:05:26,453 [SCMBlockDeletingService#0] DEBUG block.SCMBlockDeletingService (DatanodeDeletedBlockTransactions.java:addTransactionToDN(50)) - Transaction added: e5d3e9d3-1367-47eb-ad7f-372895a70f55 <- TX(27)
2021-08-14 14:05:26,453 [SCMBlockDeletingService#0] DEBUG block.SCMBlockDeletingService (DatanodeDeletedBlockTransactions.java:addTransactionToDN(50)) - Transaction added: 41bdc6fc-f730-460f-b2d8-92157d986a72 <- TX(27)
2021-08-14 14:05:26,453 [SCMBlockDeletingService#0] DEBUG block.SCMBlockDeletingService (DatanodeDeletedBlockTransactions.java:addTransactionToDN(50)) - Transaction added: 41bdc6fc-f730-460f-b2d8-92157d986a72 <- TX(28)
2021-08-14 14:05:26,453 [SCMBlockDeletingService#0] DEBUG block.SCMBlockDeletingService (DatanodeDeletedBlockTransactions.java:addTransactionToDN(50)) - Transaction added: e5d3e9d3-1367-47eb-ad7f-372895a70f55 <- TX(28)
2021-08-14 14:05:26,453 [SCMBlockDeletingService#0] DEBUG block.SCMBlockDeletingService (DatanodeDeletedBlockTransactions.java:addTransactionToDN(50)) - Transaction added: a3a688a0-b759-42a1-9d42-7ea63bf88025 <- TX(28)
2021-08-14 14:05:26,453 [SCMBlockDeletingService#0] DEBUG block.SCMBlockDeletingService (DatanodeDeletedBlockTransactions.java:addTransactionToDN(50)) - Transaction added: a3a688a0-b759-42a1-9d42-7ea63bf88025 <- TX(29)
2021-08-14 14:05:26,453 [SCMBlockDeletingService#0] DEBUG block.SCMBlockDeletingService (DatanodeDeletedBlockTransactions.java:addTransactionToDN(50)) - Transaction added: e5d3e9d3-1367-47eb-ad7f-372895a70f55 <- TX(29)
2021-08-14 14:05:26,453 [SCMBlockDeletingService#0] DEBUG block.SCMBlockDeletingService (DatanodeDeletedBlockTransactions.java:addTransactionToDN(50)) - Transaction added: 41bdc6fc-f730-460f-b2d8-92157d986a72 <- TX(29)
2021-08-14 14:05:26,453 [SCMBlockDeletingService#0] DEBUG block.SCMBlockDeletingService (DatanodeDeletedBlockTransactions.java:addTransactionToDN(50)) - Transaction added: a3a688a0-b759-42a1-9d42-7ea63bf88025 <- TX(30)
2021-08-14 14:05:26,453 [SCMBlockDeletingService#0] DEBUG block.SCMBlockDeletingService (DatanodeDeletedBlockTransactions.java:addTransactionToDN(50)) - Transaction added: 41bdc6fc-f730-460f-b2d8-92157d986a72 <- TX(30)
2021-08-14 14:05:26,453 [SCMBlockDeletingService#0] DEBUG block.SCMBlockDeletingService (DatanodeDeletedBlockTransactions.java:addTransactionToDN(50)) - Transaction added: e5d3e9d3-1367-47eb-ad7f-372895a70f55 <- TX(30)
2021-08-14 14:05:26,453 [SCMBlockDeletingService#0] DEBUG block.SCMBlockDeletingService (DatanodeDeletedBlockTransactions.java:addTransactionToDN(50)) - Transaction added: 41bdc6fc-f730-460f-b2d8-92157d986a72 <- TX(31)
2021-08-14 14:05:26,453 [SCMBlockDeletingService#0] DEBUG block.SCMBlockDeletingService (DatanodeDeletedBlockTransactions.java:addTransactionToDN(50)) - Transaction added: a3a688a0-b759-42a1-9d42-7ea63bf88025 <- TX(31)
2021-08-14 14:05:26,453 [SCMBlockDeletingService#0] DEBUG block.SCMBlockDeletingService (DatanodeDeletedBlockTransactions.java:addTransactionToDN(50)) - Transaction added: e5d3e9d3-1367-47eb-ad7f-372895a70f55 <- TX(31)
2021-08-14 14:05:26,453 [SCMBlockDeletingService#0] DEBUG block.SCMBlockDeletingService (DatanodeDeletedBlockTransactions.java:addTransactionToDN(50)) - Transaction added: a3a688a0-b759-42a1-9d42-7ea63bf88025 <- TX(32)
2021-08-14 14:05:26,453 [SCMBlockDeletingService#0] DEBUG block.SCMBlockDeletingService (DatanodeDeletedBlockTransactions.java:addTransactionToDN(50)) - Transaction added: 41bdc6fc-f730-460f-b2d8-92157d986a72 <- TX(32)
2021-08-14 14:05:26,453 [SCMBlockDeletingService#0] DEBUG block.SCMBlockDeletingService (DatanodeDeletedBlockTransactions.java:addTransactionToDN(50)) - Transaction added: e5d3e9d3-1367-47eb-ad7f-372895a70f55 <- TX(32)
2021-08-14 14:05:26,453 [SCMBlockDeletingService#0] DEBUG block.SCMBlockDeletingService (DatanodeDeletedBlockTransactions.java:addTransactionToDN(50)) - Transaction added: e5d3e9d3-1367-47eb-ad7f-372895a70f55 <- TX(33)
2021-08-14 14:05:26,453 [SCMBlockDeletingService#0] DEBUG block.SCMBlockDeletingService (DatanodeDeletedBlockTransactions.java:addTransactionToDN(50)) - Transaction added: 41bdc6fc-f730-460f-b2d8-92157d986a72 <- TX(33)
2021-08-14 14:05:26,453 [SCMBlockDeletingService#0] DEBUG block.SCMBlockDeletingService (DatanodeDeletedBlockTransactions.java:addTransactionToDN(50)) - Transaction added: a3a688a0-b759-42a1-9d42-7ea63bf88025 <- TX(33)
2021-08-14 14:05:26,453 [SCMBlockDeletingService#0] DEBUG block.SCMBlockDeletingService (DatanodeDeletedBlockTransactions.java:addTransactionToDN(50)) - Transaction added: a3a688a0-b759-42a1-9d42-7ea63bf88025 <- TX(34)
2021-08-14 14:05:26,453 [SCMBlockDeletingService#0] DEBUG block.SCMBlockDeletingService (DatanodeDeletedBlockTransactions.java:addTransactionToDN(50)) - Transaction added: 41bdc6fc-f730-460f-b2d8-92157d986a72 <- TX(34)
2021-08-14 14:05:26,453 [SCMBlockDeletingService#0] DEBUG block.SCMBlockDeletingService (DatanodeDeletedBlockTransactions.java:addTransactionToDN(50)) - Transaction added: e5d3e9d3-1367-47eb-ad7f-372895a70f55 <- TX(34)
2021-08-14 14:05:26,453 [SCMBlockDeletingService#0] DEBUG block.SCMBlockDeletingService (DatanodeDeletedBlockTransactions.java:addTransactionToDN(50)) - Transaction added: e5d3e9d3-1367-47eb-ad7f-372895a70f55 <- TX(35)
2021-08-14 14:05:26,453 [SCMBlockDeletingService#0] DEBUG block.SCMBlockDeletingService (DatanodeDeletedBlockTransactions.java:addTransactionToDN(50)) - Transaction added: 41bdc6fc-f730-460f-b2d8-92157d986a72 <- TX(35)
2021-08-14 14:05:26,453 [SCMBlockDeletingService#0] DEBUG block.SCMBlockDeletingService (DatanodeDeletedBlockTransactions.java:addTransactionToDN(50)) - Transaction added: a3a688a0-b759-42a1-9d42-7ea63bf88025 <- TX(35)
2021-08-14 14:05:26,453 [SCMBlockDeletingService#0] DEBUG block.SCMBlockDeletingService (DatanodeDeletedBlockTransactions.java:addTransactionToDN(50)) - Transaction added: a3a688a0-b759-42a1-9d42-7ea63bf88025 <- TX(36)
2021-08-14 14:05:26,454 [SCMBlockDeletingService#0] DEBUG block.SCMBlockDeletingService (DatanodeDeletedBlockTransactions.java:addTransactionToDN(50)) - Transaction added: 41bdc6fc-f730-460f-b2d8-92157d986a72 <- TX(36)
2021-08-14 14:05:26,454 [SCMBlockDeletingService#0] DEBUG block.SCMBlockDeletingService (DatanodeDeletedBlockTransactions.java:addTransactionToDN(50)) - Transaction added: e5d3e9d3-1367-47eb-ad7f-372895a70f55 <- TX(36)
2021-08-14 14:05:26,454 [SCMBlockDeletingService#0] DEBUG block.SCMBlockDeletingService (DatanodeDeletedBlockTransactions.java:addTransactionToDN(50)) - Transaction added: a3a688a0-b759-42a1-9d42-7ea63bf88025 <- TX(37)
2021-08-14 14:05:26,454 [SCMBlockDeletingService#0] DEBUG block.SCMBlockDeletingService (DatanodeDeletedBlockTransactions.java:addTransactionToDN(50)) - Transaction added: e5d3e9d3-1367-47eb-ad7f-372895a70f55 <- TX(37)
2021-08-14 14:05:26,454 [SCMBlockDeletingService#0] DEBUG block.SCMBlockDeletingService (DatanodeDeletedBlockTransactions.java:addTransactionToDN(50)) - Transaction added: 41bdc6fc-f730-460f-b2d8-92157d986a72 <- TX(37)
2021-08-14 14:05:26,454 [SCMBlockDeletingService#0] DEBUG block.SCMBlockDeletingService (DatanodeDeletedBlockTransactions.java:addTransactionToDN(50)) - Transaction added: a3a688a0-b759-42a1-9d42-7ea63bf88025 <- TX(38)
2021-08-14 14:05:26,454 [SCMBlockDeletingService#0] DEBUG block.SCMBlockDeletingService (DatanodeDeletedBlockTransactions.java:addTransactionToDN(50)) - Transaction added: 41bdc6fc-f730-460f-b2d8-92157d986a72 <- TX(38)
2021-08-14 14:05:26,454 [SCMBlockDeletingService#0] DEBUG block.SCMBlockDeletingService (DatanodeDeletedBlockTransactions.java:addTransactionToDN(50)) - Transaction added: e5d3e9d3-1367-47eb-ad7f-372895a70f55 <- TX(38)
2021-08-14 14:05:26,454 [SCMBlockDeletingService#0] DEBUG block.SCMBlockDeletingService (DatanodeDeletedBlockTransactions.java:addTransactionToDN(50)) - Transaction added: a3a688a0-b759-42a1-9d42-7ea63bf88025 <- TX(39)
2021-08-14 14:05:26,454 [SCMBlockDeletingService#0] DEBUG block.SCMBlockDeletingService (DatanodeDeletedBlockTransactions.java:addTransactionToDN(50)) - Transaction added: e5d3e9d3-1367-47eb-ad7f-372895a70f55 <- TX(39)
2021-08-14 14:05:26,454 [SCMBlockDeletingService#0] DEBUG block.SCMBlockDeletingService (DatanodeDeletedBlockTransactions.java:addTransactionToDN(50)) - Transaction added: 41bdc6fc-f730-460f-b2d8-92157d986a72 <- TX(39)
2021-08-14 14:05:26,454 [SCMBlockDeletingService#0] DEBUG block.SCMBlockDeletingService (DatanodeDeletedBlockTransactions.java:addTransactionToDN(50)) - Transaction added: 41bdc6fc-f730-460f-b2d8-92157d986a72 <- TX(40)
2021-08-14 14:05:26,454 [SCMBlockDeletingService#0] DEBUG block.SCMBlockDeletingService (DatanodeDeletedBlockTransactions.java:addTransactionToDN(50)) - Transaction added: e5d3e9d3-1367-47eb-ad7f-372895a70f55 <- TX(40)
2021-08-14 14:05:26,454 [SCMBlockDeletingService#0] DEBUG block.SCMBlockDeletingService (DatanodeDeletedBlockTransactions.java:addTransactionToDN(50)) - Transaction added: a3a688a0-b759-42a1-9d42-7ea63bf88025 <- TX(40)
2021-08-14 14:05:26,454 [SCMBlockDeletingService#0] DEBUG block.SCMBlockDeletingService (DatanodeDeletedBlockTransactions.java:addTransactionToDN(50)) - Transaction added: a3a688a0-b759-42a1-9d42-7ea63bf88025 <- TX(41)
2021-08-14 14:05:26,454 [SCMBlockDeletingService#0] DEBUG block.SCMBlockDeletingService (DatanodeDeletedBlockTransactions.java:addTransactionToDN(50)) - Transaction added: e5d3e9d3-1367-47eb-ad7f-372895a70f55 <- TX(41)
2021-08-14 14:05:26,454 [SCMBlockDeletingService#0] DEBUG block.SCMBlockDeletingService (DatanodeDeletedBlockTransactions.java:addTransactionToDN(50)) - Transaction added: 41bdc6fc-f730-460f-b2d8-92157d986a72 <- TX(41)
2021-08-14 14:05:26,454 [SCMBlockDeletingService#0] DEBUG block.SCMBlockDeletingService (DatanodeDeletedBlockTransactions.java:addTransactionToDN(50)) - Transaction added: 41bdc6fc-f730-460f-b2d8-92157d986a72 <- TX(42)
2021-08-14 14:05:26,454 [SCMBlockDeletingService#0] DEBUG block.SCMBlockDeletingService (DatanodeDeletedBlockTransactions.java:addTransactionToDN(50)) - Transaction added: e5d3e9d3-1367-47eb-ad7f-372895a70f55 <- TX(42)
2021-08-14 14:05:26,454 [SCMBlockDeletingService#0] DEBUG block.SCMBlockDeletingService (DatanodeDeletedBlockTransactions.java:addTransactionToDN(50)) - Transaction added: a3a688a0-b759-42a1-9d42-7ea63bf88025 <- TX(42)
2021-08-14 14:05:26,454 [SCMBlockDeletingService#0] DEBUG block.SCMBlockDeletingService (DatanodeDeletedBlockTransactions.java:addTransactionToDN(50)) - Transaction added: a3a688a0-b759-42a1-9d42-7ea63bf88025 <- TX(43)
2021-08-14 14:05:26,454 [SCMBlockDeletingService#0] DEBUG block.SCMBlockDeletingService (DatanodeDeletedBlockTransactions.java:addTransactionToDN(50)) - Transaction added: e5d3e9d3-1367-47eb-ad7f-372895a70f55 <- TX(43)
2021-08-14 14:05:26,454 [SCMBlockDeletingService#0] DEBUG block.SCMBlockDeletingService (DatanodeDeletedBlockTransactions.java:addTransactionToDN(50)) - Transaction added: 41bdc6fc-f730-460f-b2d8-92157d986a72 <- TX(43)
2021-08-14 14:05:26,454 [SCMBlockDeletingService#0] DEBUG block.SCMBlockDeletingService (DatanodeDeletedBlockTransactions.java:addTransactionToDN(50)) - Transaction added: 41bdc6fc-f730-460f-b2d8-92157d986a72 <- TX(44)
2021-08-14 14:05:26,454 [SCMBlockDeletingService#0] DEBUG block.SCMBlockDeletingService (DatanodeDeletedBlockTransactions.java:addTransactionToDN(50)) - Transaction added: e5d3e9d3-1367-47eb-ad7f-372895a70f55 <- TX(44)
2021-08-14 14:05:26,454 [SCMBlockDeletingService#0] DEBUG block.SCMBlockDeletingService (DatanodeDeletedBlockTransactions.java:addTransactionToDN(50)) - Transaction added: a3a688a0-b759-42a1-9d42-7ea63bf88025 <- TX(44)
2021-08-14 14:05:26,454 [SCMBlockDeletingService#0] DEBUG block.SCMBlockDeletingService (DatanodeDeletedBlockTransactions.java:addTransactionToDN(50)) - Transaction added: a3a688a0-b759-42a1-9d42-7ea63bf88025 <- TX(45)
2021-08-14 14:05:26,454 [SCMBlockDeletingService#0] DEBUG block.SCMBlockDeletingService (DatanodeDeletedBlockTransactions.java:addTransactionToDN(50)) - Transaction added: e5d3e9d3-1367-47eb-ad7f-372895a70f55 <- TX(45)
2021-08-14 14:05:26,454 [SCMBlockDeletingService#0] DEBUG block.SCMBlockDeletingService (DatanodeDeletedBlockTransactions.java:addTransactionToDN(50)) - Transaction added: 41bdc6fc-f730-460f-b2d8-92157d986a72 <- TX(45)
2021-08-14 14:05:26,454 [SCMBlockDeletingService#0] DEBUG block.SCMBlockDeletingService (DatanodeDeletedBlockTransactions.java:addTransactionToDN(50)) - Transaction added: a3a688a0-b759-42a1-9d42-7ea63bf88025 <- TX(46)
2021-08-14 14:05:26,454 [SCMBlockDeletingService#0] DEBUG block.SCMBlockDeletingService (DatanodeDeletedBlockTransactions.java:addTransactionToDN(50)) - Transaction added: 41bdc6fc-f730-460f-b2d8-92157d986a72 <- TX(46)
2021-08-14 14:05:26,454 [SCMBlockDeletingService#0] DEBUG block.SCMBlockDeletingService (DatanodeDeletedBlockTransactions.java:addTransactionToDN(50)) - Transaction added: e5d3e9d3-1367-47eb-ad7f-372895a70f55 <- TX(46)
2021-08-14 14:05:26,454 [SCMBlockDeletingService#0] DEBUG block.SCMBlockDeletingService (DatanodeDeletedBlockTransactions.java:addTransactionToDN(50)) - Transaction added: 41bdc6fc-f730-460f-b2d8-92157d986a72 <- TX(47)
2021-08-14 14:05:26,454 [SCMBlockDeletingService#0] DEBUG block.SCMBlockDeletingService (DatanodeDeletedBlockTransactions.java:addTransactionToDN(50)) - Transaction added: a3a688a0-b759-42a1-9d42-7ea63bf88025 <- TX(47)
2021-08-14 14:05:26,454 [SCMBlockDeletingService#0] DEBUG block.SCMBlockDeletingService (DatanodeDeletedBlockTransactions.java:addTransactionToDN(50)) - Transaction added: e5d3e9d3-1367-47eb-ad7f-372895a70f55 <- TX(47)
2021-08-14 14:05:26,455 [SCMBlockDeletingService#0] DEBUG block.SCMBlockDeletingService (DatanodeDeletedBlockTransactions.java:addTransactionToDN(50)) - Transaction added: a3a688a0-b759-42a1-9d42-7ea63bf88025 <- TX(48)
2021-08-14 14:05:26,455 [SCMBlockDeletingService#0] DEBUG block.SCMBlockDeletingService (DatanodeDeletedBlockTransactions.java:addTransactionToDN(50)) - Transaction added: 41bdc6fc-f730-460f-b2d8-92157d986a72 <- TX(48)
2021-08-14 14:05:26,455 [SCMBlockDeletingService#0] DEBUG block.SCMBlockDeletingService (DatanodeDeletedBlockTransactions.java:addTransactionToDN(50)) - Transaction added: e5d3e9d3-1367-47eb-ad7f-372895a70f55 <- TX(48)
2021-08-14 14:05:26,455 [SCMBlockDeletingService#0] DEBUG block.SCMBlockDeletingService (DatanodeDeletedBlockTransactions.java:addTransactionToDN(50)) - Transaction added: e5d3e9d3-1367-47eb-ad7f-372895a70f55 <- TX(49)
2021-08-14 14:05:26,455 [SCMBlockDeletingService#0] DEBUG block.SCMBlockDeletingService (DatanodeDeletedBlockTransactions.java:addTransactionToDN(50)) - Transaction added: 41bdc6fc-f730-460f-b2d8-92157d986a72 <- TX(49)
2021-08-14 14:05:26,455 [SCMBlockDeletingService#0] DEBUG block.SCMBlockDeletingService (DatanodeDeletedBlockTransactions.java:addTransactionToDN(50)) - Transaction added: a3a688a0-b759-42a1-9d42-7ea63bf88025 <- TX(49)
2021-08-14 14:05:26,455 [SCMBlockDeletingService#0] DEBUG block.SCMBlockDeletingService (DatanodeDeletedBlockTransactions.java:addTransactionToDN(50)) - Transaction added: a3a688a0-b759-42a1-9d42-7ea63bf88025 <- TX(50)
2021-08-14 14:05:26,455 [SCMBlockDeletingService#0] DEBUG block.SCMBlockDeletingService (DatanodeDeletedBlockTransactions.java:addTransactionToDN(50)) - Transaction added: 41bdc6fc-f730-460f-b2d8-92157d986a72 <- TX(50)
2021-08-14 14:05:26,455 [SCMBlockDeletingService#0] DEBUG block.SCMBlockDeletingService (DatanodeDeletedBlockTransactions.java:addTransactionToDN(50)) - Transaction added: e5d3e9d3-1367-47eb-ad7f-372895a70f55 <- TX(50)
2021-08-14 14:05:26,455 [SCMBlockDeletingService#0] DEBUG block.SCMBlockDeletingService (DatanodeDeletedBlockTransactions.java:addTransactionToDN(50)) - Transaction added: e5d3e9d3-1367-47eb-ad7f-372895a70f55 <- TX(51)
2021-08-14 14:05:26,455 [SCMBlockDeletingService#0] DEBUG block.SCMBlockDeletingService (DatanodeDeletedBlockTransactions.java:addTransactionToDN(50)) - Transaction added: 41bdc6fc-f730-460f-b2d8-92157d986a72 <- TX(51)
2021-08-14 14:05:26,455 [SCMBlockDeletingService#0] DEBUG block.SCMBlockDeletingService (DatanodeDeletedBlockTransactions.java:addTransactionToDN(50)) - Transaction added: a3a688a0-b759-42a1-9d42-7ea63bf88025 <- TX(51)
2021-08-14 14:05:26,455 [SCMBlockDeletingService#0] DEBUG block.SCMBlockDeletingService (DatanodeDeletedBlockTransactions.java:addTransactionToDN(50)) - Transaction added: a3a688a0-b759-42a1-9d42-7ea63bf88025 <- TX(52)
2021-08-14 14:05:26,455 [SCMBlockDeletingService#0] DEBUG block.SCMBlockDeletingService (DatanodeDeletedBlockTransactions.java:addTransactionToDN(50)) - Transaction added: 41bdc6fc-f730-460f-b2d8-92157d986a72 <- TX(52)
2021-08-14 14:05:26,455 [SCMBlockDeletingService#0] DEBUG block.SCMBlockDeletingService (DatanodeDeletedBlockTransactions.java:addTransactionToDN(50)) - Transaction added: e5d3e9d3-1367-47eb-ad7f-372895a70f55 <- TX(52)
2021-08-14 14:05:26,455 [SCMBlockDeletingService#0] DEBUG block.SCMBlockDeletingService (DatanodeDeletedBlockTransactions.java:addTransactionToDN(50)) - Transaction added: a3a688a0-b759-42a1-9d42-7ea63bf88025 <- TX(53)
2021-08-14 14:05:26,455 [SCMBlockDeletingService#0] DEBUG block.SCMBlockDeletingService (DatanodeDeletedBlockTransactions.java:addTransactionToDN(50)) - Transaction added: e5d3e9d3-1367-47eb-ad7f-372895a70f55 <- TX(53)
2021-08-14 14:05:26,455 [SCMBlockDeletingService#0] DEBUG block.SCMBlockDeletingService (DatanodeDeletedBlockTransactions.java:addTransactionToDN(50)) - Transaction added: 41bdc6fc-f730-460f-b2d8-92157d986a72 <- TX(53)
2021-08-14 14:05:26,455 [SCMBlockDeletingService#0] DEBUG block.SCMBlockDeletingService (DatanodeDeletedBlockTransactions.java:addTransactionToDN(50)) - Transaction added: a3a688a0-b759-42a1-9d42-7ea63bf88025 <- TX(54)
2021-08-14 14:05:26,455 [SCMBlockDeletingService#0] DEBUG block.SCMBlockDeletingService (DatanodeDeletedBlockTransactions.java:addTransactionToDN(50)) - Transaction added: 41bdc6fc-f730-460f-b2d8-92157d986a72 <- TX(54)
2021-08-14 14:05:26,455 [SCMBlockDeletingService#0] DEBUG block.SCMBlockDeletingService (DatanodeDeletedBlockTransactions.java:addTransactionToDN(50)) - Transaction added: e5d3e9d3-1367-47eb-ad7f-372895a70f55 <- TX(54)
2021-08-14 14:05:26,455 [SCMBlockDeletingService#0] DEBUG block.SCMBlockDeletingService (DatanodeDeletedBlockTransactions.java:addTransactionToDN(50)) - Transaction added: a3a688a0-b759-42a1-9d42-7ea63bf88025 <- TX(55)
2021-08-14 14:05:26,455 [SCMBlockDeletingService#0] DEBUG block.SCMBlockDeletingService (DatanodeDeletedBlockTransactions.java:addTransactionToDN(50)) - Transaction added: e5d3e9d3-1367-47eb-ad7f-372895a70f55 <- TX(55)
2021-08-14 14:05:26,455 [SCMBlockDeletingService#0] DEBUG block.SCMBlockDeletingService (DatanodeDeletedBlockTransactions.java:addTransactionToDN(50)) - Transaction added: 41bdc6fc-f730-460f-b2d8-92157d986a72 <- TX(55)
2021-08-14 14:05:26,455 [SCMBlockDeletingService#0] DEBUG block.SCMBlockDeletingService (DatanodeDeletedBlockTransactions.java:addTransactionToDN(50)) - Transaction added: 41bdc6fc-f730-460f-b2d8-92157d986a72 <- TX(56)
2021-08-14 14:05:26,455 [SCMBlockDeletingService#0] DEBUG block.SCMBlockDeletingService (DatanodeDeletedBlockTransactions.java:addTransactionToDN(50)) - Transaction added: e5d3e9d3-1367-47eb-ad7f-372895a70f55 <- TX(56)
2021-08-14 14:05:26,455 [SCMBlockDeletingService#0] DEBUG block.SCMBlockDeletingService (DatanodeDeletedBlockTransactions.java:addTransactionToDN(50)) - Transaction added: a3a688a0-b759-42a1-9d42-7ea63bf88025 <- TX(56)
2021-08-14 14:05:26,445 [BlockDeletingService#8] INFO  impl.FilePerBlockStrategy (FilePerBlockStrategy.java:deleteChunk(227)) - Deleted block file: /home/runner/work/ozone/ozone/hadoop-ozone/integration-test/target/test-dir/MiniOzoneClusterImpl-903ecea8-4fd7-4e9d-96bf-9013ab6d4ae3/datanode-0/data-0/containers/hdds/903ecea8-4fd7-4e9d-96bf-9013ab6d4ae3/current/containerDir0/14/chunks/107544261427200014.block
2021-08-14 14:05:26,452 [BlockDeletingService#0] INFO  background.BlockDeletingService (BlockDeletingService.java:deleteViaSchema2(447)) - Container: 12, deleted blocks: 1, task elapsed time: 7ms
2021-08-14 14:05:26,456 [BlockDeletingService#8] INFO  background.BlockDeletingService (BlockDeletingService.java:deleteViaSchema2(447)) - Container: 14, deleted blocks: 1, task elapsed time: 12ms
2021-08-14 14:05:26,456 [SCMBlockDeletingService#0] DEBUG block.SCMBlockDeletingService (SCMBlockDeletingService.java:call(164)) - Added delete block command for datanode a3a688a0-b759-42a1-9d42-7ea63bf88025 in the queue, number of delete block transactions: 38
2021-08-14 14:05:26,456 [SCMBlockDeletingService#0] DEBUG block.SCMBlockDeletingService (SCMBlockDeletingService.java:call(164)) - Added delete block command for datanode 41bdc6fc-f730-460f-b2d8-92157d986a72 in the queue, number of delete block transactions: 56
2021-08-14 14:05:26,456 [SCMBlockDeletingService#0] DEBUG block.SCMBlockDeletingService (SCMBlockDeletingService.java:call(164)) - Added delete block command for datanode e5d3e9d3-1367-47eb-ad7f-372895a70f55 in the queue, number of delete block transactions: 56
2021-08-14 14:05:26,456 [SCMBlockDeletingService#0] INFO  block.SCMBlockDeletingService (SCMBlockDeletingService.java:call(174)) - Totally added 150 blocks to be deleted for 3 datanodes, task elapsed time: 14ms
2021-08-14 14:05:26,542 [SCMBlockDeletingService#0] DEBUG block.SCMBlockDeletingService (SCMBlockDeletingService.java:call(133)) - Running DeletedBlockTransactionScanner
2021-08-14 14:05:26,542 [SCMBlockDeletingService#0] DEBUG block.SCMBlockDeletingService (DatanodeDeletedBlockTransactions.java:addTransactionToDN(50)) - Transaction added: e5d3e9d3-1367-47eb-ad7f-372895a70f55 <- TX(1)
2021-08-14 14:05:26,542 [SCMBlockDeletingService#0] DEBUG block.SCMBlockDeletingService (DatanodeDeletedBlockTransactions.java:addTransactionToDN(50)) - Transaction added: 41bdc6fc-f730-460f-b2d8-92157d986a72 <- TX(1)
2021-08-14 14:05:26,542 [SCMBlockDeletingService#0] DEBUG block.SCMBlockDeletingService (DatanodeDeletedBlockTransactions.java:addTransactionToDN(50)) - Transaction added: e5d3e9d3-1367-47eb-ad7f-372895a70f55 <- TX(2)
2021-08-14 14:05:26,542 [SCMBlockDeletingService#0] DEBUG block.SCMBlockDeletingService (DatanodeDeletedBlockTransactions.java:addTransactionToDN(50)) - Transaction added: 41bdc6fc-f730-460f-b2d8-92157d986a72 <- TX(2)
2021-08-14 14:05:26,542 [SCMBlockDeletingService#0] DEBUG block.SCMBlockDeletingService (DatanodeDeletedBlockTransactions.java:addTransactionToDN(50)) - Transaction added: e5d3e9d3-1367-47eb-ad7f-372895a70f55 <- TX(3)
2021-08-14 14:05:26,542 [SCMBlockDeletingService#0] DEBUG block.SCMBlockDeletingService (DatanodeDeletedBlockTransactions.java:addTransactionToDN(50)) - Transaction added: 41bdc6fc-f730-460f-b2d8-92157d986a72 <- TX(3)
2021-08-14 14:05:26,542 [SCMBlockDeletingService#0] DEBUG block.SCMBlockDeletingService (DatanodeDeletedBlockTransactions.java:addTransactionToDN(50)) - Transaction added: 41bdc6fc-f730-460f-b2d8-92157d986a72 <- TX(4)
2021-08-14 14:05:26,542 [SCMBlockDeletingService#0] DEBUG block.SCMBlockDeletingService (DatanodeDeletedBlockTransactions.java:addTransactionToDN(50)) - Transaction added: e5d3e9d3-1367-47eb-ad7f-372895a70f55 <- TX(4)
2021-08-14 14:05:26,542 [SCMBlockDeletingService#0] DEBUG block.SCMBlockDeletingService (DatanodeDeletedBlockTransactions.java:addTransactionToDN(50)) - Transaction added: e5d3e9d3-1367-47eb-ad7f-372895a70f55 <- TX(5)
2021-08-14 14:05:26,542 [SCMBlockDeletingService#0] DEBUG block.SCMBlockDeletingService (DatanodeDeletedBlockTransactions.java:addTransactionToDN(50)) - Transaction added: 41bdc6fc-f730-460f-b2d8-92157d986a72 <- TX(5)
2021-08-14 14:05:26,542 [SCMBlockDeletingService#0] DEBUG block.SCMBlockDeletingService (DatanodeDeletedBlockTransactions.java:addTransactionToDN(50)) - Transaction added: e5d3e9d3-1367-47eb-ad7f-372895a70f55 <- TX(6)
2021-08-14 14:05:26,542 [SCMBlockDeletingService#0] DEBUG block.SCMBlockDeletingService (DatanodeDeletedBlockTransactions.java:addTransactionToDN(50)) - Transaction added: 41bdc6fc-f730-460f-b2d8-92157d986a72 <- TX(6)
2021-08-14 14:05:26,542 [SCMBlockDeletingService#0] DEBUG block.SCMBlockDeletingService (DatanodeDeletedBlockTransactions.java:addTransactionToDN(50)) - Transaction added: e5d3e9d3-1367-47eb-ad7f-372895a70f55 <- TX(7)
2021-08-14 14:05:26,542 [SCMBlockDeletingService#0] DEBUG block.SCMBlockDeletingService (DatanodeDeletedBlockTransactions.java:addTransactionToDN(50)) - Transaction added: 41bdc6fc-f730-460f-b2d8-92157d986a72 <- TX(7)
2021-08-14 14:05:26,542 [SCMBlockDeletingService#0] DEBUG block.SCMBlockDeletingService (DatanodeDeletedBlockTransactions.java:addTransactionToDN(50)) - Transaction added: 41bdc6fc-f730-460f-b2d8-92157d986a72 <- TX(8)
2021-08-14 14:05:26,542 [SCMBlockDeletingService#0] DEBUG block.SCMBlockDeletingService (DatanodeDeletedBlockTransactions.java:addTransactionToDN(50)) - Transaction added: e5d3e9d3-1367-47eb-ad7f-372895a70f55 <- TX(8)
2021-08-14 14:05:26,542 [SCMBlockDeletingService#0] DEBUG block.SCMBlockDeletingService (DatanodeDeletedBlockTransactions.java:addTransactionToDN(50)) - Transaction added: e5d3e9d3-1367-47eb-ad7f-372895a70f55 <- TX(9)
2021-08-14 14:05:26,542 [SCMBlockDeletingService#0] DEBUG block.SCMBlockDeletingService (DatanodeDeletedBlockTransactions.java:addTransactionToDN(50)) - Transaction added: 41bdc6fc-f730-460f-b2d8-92157d986a72 <- TX(9)
2021-08-14 14:05:26,543 [SCMBlockDeletingService#0] DEBUG block.SCMBlockDeletingService (DatanodeDeletedBlockTransactions.java:addTransactionToDN(50)) - Transaction added: e5d3e9d3-1367-47eb-ad7f-372895a70f55 <- TX(10)
2021-08-14 14:05:26,543 [SCMBlockDeletingService#0] DEBUG block.SCMBlockDeletingService (DatanodeDeletedBlockTransactions.java:addTransactionToDN(50)) - Transaction added: 41bdc6fc-f730-460f-b2d8-92157d986a72 <- TX(10)
2021-08-14 14:05:26,543 [SCMBlockDeletingService#0] DEBUG block.SCMBlockDeletingService (DatanodeDeletedBlockTransactions.java:addTransactionToDN(50)) - Transaction added: e5d3e9d3-1367-47eb-ad7f-372895a70f55 <- TX(11)
2021-08-14 14:05:26,543 [SCMBlockDeletingService#0] DEBUG block.SCMBlockDeletingService (DatanodeDeletedBlockTransactions.java:addTransactionToDN(50)) - Transaction added: 41bdc6fc-f730-460f-b2d8-92157d986a72 <- TX(11)
2021-08-14 14:05:26,543 [SCMBlockDeletingService#0] DEBUG block.SCMBlockDeletingService (DatanodeDeletedBlockTransactions.java:addTransactionToDN(50)) - Transaction added: 41bdc6fc-f730-460f-b2d8-92157d986a72 <- TX(12)
2021-08-14 14:05:26,543 [SCMBlockDeletingService#0] DEBUG block.SCMBlockDeletingService (DatanodeDeletedBlockTransactions.java:addTransactionToDN(50)) - Transaction added: e5d3e9d3-1367-47eb-ad7f-372895a70f55 <- TX(12)
2021-08-14 14:05:26,543 [SCMBlockDeletingService#0] DEBUG block.SCMBlockDeletingService (DatanodeDeletedBlockTransactions.java:addTransactionToDN(50)) - Transaction added: e5d3e9d3-1367-47eb-ad7f-372895a70f55 <- TX(13)
2021-08-14 14:05:26,543 [SCMBlockDeletingService#0] DEBUG block.SCMBlockDeletingService (DatanodeDeletedBlockTransactions.java:addTransactionToDN(50)) - Transaction added: 41bdc6fc-f730-460f-b2d8-92157d986a72 <- TX(13)
2021-08-14 14:05:26,543 [SCMBlockDeletingService#0] DEBUG block.SCMBlockDeletingService (DatanodeDeletedBlockTransactions.java:addTransactionToDN(50)) - Transaction added: e5d3e9d3-1367-47eb-ad7f-372895a70f55 <- TX(14)
2021-08-14 14:05:26,543 [SCMBlockDeletingService#0] DEBUG block.SCMBlockDeletingService (DatanodeDeletedBlockTransactions.java:addTransactionToDN(50)) - Transaction added: 41bdc6fc-f730-460f-b2d8-92157d986a72 <- TX(14)
2021-08-14 14:05:26,543 [SCMBlockDeletingService#0] DEBUG block.SCMBlockDeletingService (DatanodeDeletedBlockTransactions.java:addTransactionToDN(50)) - Transaction added: 41bdc6fc-f730-460f-b2d8-92157d986a72 <- TX(15)
2021-08-14 14:05:26,543 [SCMBlockDeletingService#0] DEBUG block.SCMBlockDeletingService (DatanodeDeletedBlockTransactions.java:addTransactionToDN(50)) - Transaction added: e5d3e9d3-1367-47eb-ad7f-372895a70f55 <- TX(15)
2021-08-14 14:05:26,543 [SCMBlockDeletingService#0] DEBUG block.SCMBlockDeletingService (DatanodeDeletedBlockTransactions.java:addTransactionToDN(50)) - Transaction added: 41bdc6fc-f730-460f-b2d8-92157d986a72 <- TX(16)
2021-08-14 14:05:26,543 [SCMBlockDeletingService#0] DEBUG block.SCMBlockDeletingService (DatanodeDeletedBlockTransactions.java:addTransactionToDN(50)) - Transaction added: e5d3e9d3-1367-47eb-ad7f-372895a70f55 <- TX(16)
2021-08-14 14:05:26,543 [SCMBlockDeletingService#0] DEBUG block.SCMBlockDeletingService (DatanodeDeletedBlockTransactions.java:addTransactionToDN(50)) - Transaction added: e5d3e9d3-1367-47eb-ad7f-372895a70f55 <- TX(17)
2021-08-14 14:05:26,543 [SCMBlockDeletingService#0] DEBUG block.SCMBlockDeletingService (DatanodeDeletedBlockTransactions.java:addTransactionToDN(50)) - Transaction added: 41bdc6fc-f730-460f-b2d8-92157d986a72 <- TX(17)
2021-08-14 14:05:26,543 [SCMBlockDeletingService#0] DEBUG block.SCMBlockDeletingService (DatanodeDeletedBlockTransactions.java:addTransactionToDN(50)) - Transaction added: e5d3e9d3-1367-47eb-ad7f-372895a70f55 <- TX(18)
2021-08-14 14:05:26,543 [SCMBlockDeletingService#0] DEBUG block.SCMBlockDeletingService (DatanodeDeletedBlockTransactions.java:addTransactionToDN(50)) - Transaction added: 41bdc6fc-f730-460f-b2d8-92157d986a72 <- TX(18)
2021-08-14 14:05:26,543 [SCMBlockDeletingService#0] DEBUG block.SCMBlockDeletingService (DatanodeDeletedBlockTransactions.java:addTransactionToDN(50)) - Transaction added: e5d3e9d3-1367-47eb-ad7f-372895a70f55 <- TX(19)
2021-08-14 14:05:26,543 [SCMBlockDeletingService#0] DEBUG block.SCMBlockDeletingService (DatanodeDeletedBlockTransactions.java:addTransactionToDN(50)) - Transaction added: 41bdc6fc-f730-460f-b2d8-92157d986a72 <- TX(19)
2021-08-14 14:05:26,543 [SCMBlockDeletingService#0] DEBUG block.SCMBlockDeletingService (DatanodeDeletedBlockTransactions.java:addTransactionToDN(50)) - Transaction added: a3a688a0-b759-42a1-9d42-7ea63bf88025 <- TX(19)
2021-08-14 14:05:26,543 [SCMBlockDeletingService#0] DEBUG block.SCMBlockDeletingService (DatanodeDeletedBlockTransactions.java:addTransactionToDN(50)) - Transaction added: a3a688a0-b759-42a1-9d42-7ea63bf88025 <- TX(20)
2021-08-14 14:05:26,543 [SCMBlockDeletingService#0] DEBUG block.SCMBlockDeletingService (DatanodeDeletedBlockTransactions.java:addTransactionToDN(50)) - Transaction added: 41bdc6fc-f730-460f-b2d8-92157d986a72 <- TX(20)
2021-08-14 14:05:26,543 [SCMBlockDeletingService#0] DEBUG block.SCMBlockDeletingService (DatanodeDeletedBlockTransactions.java:addTransactionToDN(50)) - Transaction added: e5d3e9d3-1367-47eb-ad7f-372895a70f55 <- TX(20)
2021-08-14 14:05:26,543 [SCMBlockDeletingService#0] DEBUG block.SCMBlockDeletingService (DatanodeDeletedBlockTransactions.java:addTransactionToDN(50)) - Transaction added: a3a688a0-b759-42a1-9d42-7ea63bf88025 <- TX(21)
2021-08-14 14:05:26,543 [SCMBlockDeletingService#0] DEBUG block.SCMBlockDeletingService (DatanodeDeletedBlockTransactions.java:addTransactionToDN(50)) - Transaction added: e5d3e9d3-1367-47eb-ad7f-372895a70f55 <- TX(21)
2021-08-14 14:05:26,543 [SCMBlockDeletingService#0] DEBUG block.SCMBlockDeletingService (DatanodeDeletedBlockTransactions.java:addTransactionToDN(50)) - Transaction added: 41bdc6fc-f730-460f-b2d8-92157d986a72 <- TX(21)
2021-08-14 14:05:26,543 [SCMBlockDeletingService#0] DEBUG block.SCMBlockDeletingService (DatanodeDeletedBlockTransactions.java:addTransactionToDN(50)) - Transaction added: a3a688a0-b759-42a1-9d42-7ea63bf88025 <- TX(22)
2021-08-14 14:05:26,543 [SCMBlockDeletingService#0] DEBUG block.SCMBlockDeletingService (DatanodeDeletedBlockTransactions.java:addTransactionToDN(50)) - Transaction added: e5d3e9d3-1367-47eb-ad7f-372895a70f55 <- TX(22)
2021-08-14 14:05:26,543 [SCMBlockDeletingService#0] DEBUG block.SCMBlockDeletingService (DatanodeDeletedBlockTransactions.java:addTransactionToDN(50)) - Transaction added: 41bdc6fc-f730-460f-b2d8-92157d986a72 <- TX(22)
2021-08-14 14:05:26,543 [SCMBlockDeletingService#0] DEBUG block.SCMBlockDeletingService (DatanodeDeletedBlockTransactions.java:addTransactionToDN(50)) - Transaction added: a3a688a0-b759-42a1-9d42-7ea63bf88025 <- TX(23)
2021-08-14 14:05:26,543 [SCMBlockDeletingService#0] DEBUG block.SCMBlockDeletingService (DatanodeDeletedBlockTransactions.java:addTransactionToDN(50)) - Transaction added: e5d3e9d3-1367-47eb-ad7f-372895a70f55 <- TX(23)
2021-08-14 14:05:26,544 [SCMBlockDeletingService#0] DEBUG block.SCMBlockDeletingService (DatanodeDeletedBlockTransactions.java:addTransactionToDN(50)) - Transaction added: 41bdc6fc-f730-460f-b2d8-92157d986a72 <- TX(23)
2021-08-14 14:05:26,544 [SCMBlockDeletingService#0] DEBUG block.SCMBlockDeletingService (DatanodeDeletedBlockTransactions.java:addTransactionToDN(50)) - Transaction added: 41bdc6fc-f730-460f-b2d8-92157d986a72 <- TX(24)
2021-08-14 14:05:26,544 [SCMBlockDeletingService#0] DEBUG block.SCMBlockDeletingService (DatanodeDeletedBlockTransactions.java:addTransactionToDN(50)) - Transaction added: e5d3e9d3-1367-47eb-ad7f-372895a70f55 <- TX(24)
2021-08-14 14:05:26,544 [SCMBlockDeletingService#0] DEBUG block.SCMBlockDeletingService (DatanodeDeletedBlockTransactions.java:addTransactionToDN(50)) - Transaction added: a3a688a0-b759-42a1-9d42-7ea63bf88025 <- TX(24)
2021-08-14 14:05:26,544 [SCMBlockDeletingService#0] DEBUG block.SCMBlockDeletingService (DatanodeDeletedBlockTransactions.java:addTransactionToDN(50)) - Transaction added: a3a688a0-b759-42a1-9d42-7ea63bf88025 <- TX(25)
2021-08-14 14:05:26,544 [SCMBlockDeletingService#0] DEBUG block.SCMBlockDeletingService (DatanodeDeletedBlockTransactions.java:addTransactionToDN(50)) - Transaction added: e5d3e9d3-1367-47eb-ad7f-372895a70f55 <- TX(25)
2021-08-14 14:05:26,544 [SCMBlockDeletingService#0] DEBUG block.SCMBlockDeletingService (DatanodeDeletedBlockTransactions.java:addTransactionToDN(50)) - Transaction added: 41bdc6fc-f730-460f-b2d8-92157d986a72 <- TX(25)
2021-08-14 14:05:26,544 [SCMBlockDeletingService#0] DEBUG block.SCMBlockDeletingService (DatanodeDeletedBlockTransactions.java:addTransactionToDN(50)) - Transaction added: e5d3e9d3-1367-47eb-ad7f-372895a70f55 <- TX(26)
2021-08-14 14:05:26,544 [SCMBlockDeletingService#0] DEBUG block.SCMBlockDeletingService (DatanodeDeletedBlockTransactions.java:addTransactionToDN(50)) - Transaction added: 41bdc6fc-f730-460f-b2d8-92157d986a72 <- TX(26)
2021-08-14 14:05:26,544 [SCMBlockDeletingService#0] DEBUG block.SCMBlockDeletingService (DatanodeDeletedBlockTransactions.java:addTransactionToDN(50)) - Transaction added: a3a688a0-b759-42a1-9d42-7ea63bf88025 <- TX(26)
2021-08-14 14:05:26,544 [SCMBlockDeletingService#0] DEBUG block.SCMBlockDeletingService (DatanodeDeletedBlockTransactions.java:addTransactionToDN(50)) - Transaction added: a3a688a0-b759-42a1-9d42-7ea63bf88025 <- TX(27)
2021-08-14 14:05:26,544 [SCMBlockDeletingService#0] DEBUG block.SCMBlockDeletingService (DatanodeDeletedBlockTransactions.java:addTransactionToDN(50)) - Transaction added: e5d3e9d3-1367-47eb-ad7f-372895a70f55 <- TX(27)
2021-08-14 14:05:26,544 [SCMBlockDeletingService#0] DEBUG block.SCMBlockDeletingService (DatanodeDeletedBlockTransactions.java:addTransactionToDN(50)) - Transaction added: 41bdc6fc-f730-460f-b2d8-92157d986a72 <- TX(27)
2021-08-14 14:05:26,544 [SCMBlockDeletingService#0] DEBUG block.SCMBlockDeletingService (DatanodeDeletedBlockTransactions.java:addTransactionToDN(50)) - Transaction added: 41bdc6fc-f730-460f-b2d8-92157d986a72 <- TX(28)
2021-08-14 14:05:26,544 [SCMBlockDeletingService#0] DEBUG block.SCMBlockDeletingService (DatanodeDeletedBlockTransactions.java:addTransactionToDN(50)) - Transaction added: e5d3e9d3-1367-47eb-ad7f-372895a70f55 <- TX(28)
2021-08-14 14:05:26,544 [SCMBlockDeletingService#0] DEBUG block.SCMBlockDeletingService (DatanodeDeletedBlockTransactions.java:addTransactionToDN(50)) - Transaction added: a3a688a0-b759-42a1-9d42-7ea63bf88025 <- TX(28)
2021-08-14 14:05:26,544 [SCMBlockDeletingService#0] DEBUG block.SCMBlockDeletingService (DatanodeDeletedBlockTransactions.java:addTransactionToDN(50)) - Transaction added: a3a688a0-b759-42a1-9d42-7ea63bf88025 <- TX(29)
2021-08-14 14:05:26,544 [SCMBlockDeletingService#0] DEBUG block.SCMBlockDeletingService (DatanodeDeletedBlockTransactions.java:addTransactionToDN(50)) - Transaction added: e5d3e9d3-1367-47eb-ad7f-372895a70f55 <- TX(29)
2021-08-14 14:05:26,544 [SCMBlockDeletingService#0] DEBUG block.SCMBlockDeletingService (DatanodeDeletedBlockTransactions.java:addTransactionToDN(50)) - Transaction added: 41bdc6fc-f730-460f-b2d8-92157d986a72 <- TX(29)
2021-08-14 14:05:26,544 [SCMBlockDeletingService#0] DEBUG block.SCMBlockDeletingService (DatanodeDeletedBlockTransactions.java:addTransactionToDN(50)) - Transaction added: a3a688a0-b759-42a1-9d42-7ea63bf88025 <- TX(30)
2021-08-14 14:05:26,544 [SCMBlockDeletingService#0] DEBUG block.SCMBlockDeletingService (DatanodeDeletedBlockTransactions.java:addTransactionToDN(50)) - Transaction added: 41bdc6fc-f730-460f-b2d8-92157d986a72 <- TX(30)
2021-08-14 14:05:26,544 [SCMBlockDeletingService#0] DEBUG block.SCMBlockDeletingService (DatanodeDeletedBlockTransactions.java:addTransactionToDN(50)) - Transaction added: e5d3e9d3-1367-47eb-ad7f-372895a70f55 <- TX(30)
2021-08-14 14:05:26,544 [SCMBlockDeletingService#0] DEBUG block.SCMBlockDeletingService (DatanodeDeletedBlockTransactions.java:addTransactionToDN(50)) - Transaction added: 41bdc6fc-f730-460f-b2d8-92157d986a72 <- TX(31)
2021-08-14 14:05:26,544 [SCMBlockDeletingService#0] DEBUG block.SCMBlockDeletingService (DatanodeDeletedBlockTransactions.java:addTransactionToDN(50)) - Transaction added: a3a688a0-b759-42a1-9d42-7ea63bf88025 <- TX(31)
2021-08-14 14:05:26,544 [SCMBlockDeletingService#0] DEBUG block.SCMBlockDeletingService (DatanodeDeletedBlockTransactions.java:addTransactionToDN(50)) - Transaction added: e5d3e9d3-1367-47eb-ad7f-372895a70f55 <- TX(31)
2021-08-14 14:05:26,544 [SCMBlockDeletingService#0] DEBUG block.SCMBlockDeletingService (DatanodeDeletedBlockTransactions.java:addTransactionToDN(50)) - Transaction added: a3a688a0-b759-42a1-9d42-7ea63bf88025 <- TX(32)
2021-08-14 14:05:26,544 [SCMBlockDeletingService#0] DEBUG block.SCMBlockDeletingService (DatanodeDeletedBlockTransactions.java:addTransactionToDN(50)) - Transaction added: 41bdc6fc-f730-460f-b2d8-92157d986a72 <- TX(32)
2021-08-14 14:05:26,545 [SCMBlockDeletingService#0] DEBUG block.SCMBlockDeletingService (DatanodeDeletedBlockTransactions.java:addTransactionToDN(50)) - Transaction added: e5d3e9d3-1367-47eb-ad7f-372895a70f55 <- TX(32)
2021-08-14 14:05:26,545 [SCMBlockDeletingService#0] DEBUG block.SCMBlockDeletingService (DatanodeDeletedBlockTransactions.java:addTransactionToDN(50)) - Transaction added: e5d3e9d3-1367-47eb-ad7f-372895a70f55 <- TX(33)
2021-08-14 14:05:26,545 [SCMBlockDeletingService#0] DEBUG block.SCMBlockDeletingService (DatanodeDeletedBlockTransactions.java:addTransactionToDN(50)) - Transaction added: 41bdc6fc-f730-460f-b2d8-92157d986a72 <- TX(33)
2021-08-14 14:05:26,545 [SCMBlockDeletingService#0] DEBUG block.SCMBlockDeletingService (DatanodeDeletedBlockTransactions.java:addTransactionToDN(50)) - Transaction added: a3a688a0-b759-42a1-9d42-7ea63bf88025 <- TX(33)
2021-08-14 14:05:26,545 [SCMBlockDeletingService#0] DEBUG block.SCMBlockDeletingService (DatanodeDeletedBlockTransactions.java:addTransactionToDN(50)) - Transaction added: a3a688a0-b759-42a1-9d42-7ea63bf88025 <- TX(34)
2021-08-14 14:05:26,545 [SCMBlockDeletingService#0] DEBUG block.SCMBlockDeletingService (DatanodeDeletedBlockTransactions.java:addTransactionToDN(50)) - Transaction added: 41bdc6fc-f730-460f-b2d8-92157d986a72 <- TX(34)
2021-08-14 14:05:26,545 [SCMBlockDeletingService#0] DEBUG block.SCMBlockDeletingService (DatanodeDeletedBlockTransactions.java:addTransactionToDN(50)) - Transaction added: e5d3e9d3-1367-47eb-ad7f-372895a70f55 <- TX(34)
2021-08-14 14:05:26,545 [SCMBlockDeletingService#0] DEBUG block.SCMBlockDeletingService (DatanodeDeletedBlockTransactions.java:addTransactionToDN(50)) - Transaction added: e5d3e9d3-1367-47eb-ad7f-372895a70f55 <- TX(35)
2021-08-14 14:05:26,545 [SCMBlockDeletingService#0] DEBUG block.SCMBlockDeletingService (DatanodeDeletedBlockTransactions.java:addTransactionToDN(50)) - Transaction added: 41bdc6fc-f730-460f-b2d8-92157d986a72 <- TX(35)
2021-08-14 14:05:26,545 [SCMBlockDeletingService#0] DEBUG block.SCMBlockDeletingService (DatanodeDeletedBlockTransactions.java:addTransactionToDN(50)) - Transaction added: a3a688a0-b759-42a1-9d42-7ea63bf88025 <- TX(35)
2021-08-14 14:05:26,545 [SCMBlockDeletingService#0] DEBUG block.SCMBlockDeletingService (DatanodeDeletedBlockTransactions.java:addTransactionToDN(50)) - Transaction added: a3a688a0-b759-42a1-9d42-7ea63bf88025 <- TX(36)
2021-08-14 14:05:26,545 [SCMBlockDeletingService#0] DEBUG block.SCMBlockDeletingService (DatanodeDeletedBlockTransactions.java:addTransactionToDN(50)) - Transaction added: 41bdc6fc-f730-460f-b2d8-92157d986a72 <- TX(36)
2021-08-14 14:05:26,545 [SCMBlockDeletingService#0] DEBUG block.SCMBlockDeletingService (DatanodeDeletedBlockTransactions.java:addTransactionToDN(50)) - Transaction added: e5d3e9d3-1367-47eb-ad7f-372895a70f55 <- TX(36)
2021-08-14 14:05:26,545 [SCMBlockDeletingService#0] DEBUG block.SCMBlockDeletingService (DatanodeDeletedBlockTransactions.java:addTransactionToDN(50)) - Transaction added: a3a688a0-b759-42a1-9d42-7ea63bf88025 <- TX(37)
2021-08-14 14:05:26,545 [SCMBlockDeletingService#0] DEBUG block.SCMBlockDeletingService (DatanodeDeletedBlockTransactions.java:addTransactionToDN(50)) - Transaction added: e5d3e9d3-1367-47eb-ad7f-372895a70f55 <- TX(37)
2021-08-14 14:05:26,545 [SCMBlockDeletingService#0] DEBUG block.SCMBlockDeletingService (DatanodeDeletedBlockTransactions.java:addTransactionToDN(50)) - Transaction added: 41bdc6fc-f730-460f-b2d8-92157d986a72 <- TX(37)
2021-08-14 14:05:26,546 [SCMBlockDeletingService#0] DEBUG block.SCMBlockDeletingService (DatanodeDeletedBlockTransactions.java:addTransactionToDN(50)) - Transaction added: a3a688a0-b759-42a1-9d42-7ea63bf88025 <- TX(38)
2021-08-14 14:05:26,546 [SCMBlockDeletingService#0] DEBUG block.SCMBlockDeletingService (DatanodeDeletedBlockTransactions.java:addTransactionToDN(50)) - Transaction added: 41bdc6fc-f730-460f-b2d8-92157d986a72 <- TX(38)
2021-08-14 14:05:26,546 [SCMBlockDeletingService#0] DEBUG block.SCMBlockDeletingService (DatanodeDeletedBlockTransactions.java:addTransactionToDN(50)) - Transaction added: e5d3e9d3-1367-47eb-ad7f-372895a70f55 <- TX(38)
2021-08-14 14:05:26,546 [SCMBlockDeletingService#0] DEBUG block.SCMBlockDeletingService (DatanodeDeletedBlockTransactions.java:addTransactionToDN(50)) - Transaction added: a3a688a0-b759-42a1-9d42-7ea63bf88025 <- TX(39)
2021-08-14 14:05:26,546 [SCMBlockDeletingService#0] DEBUG block.SCMBlockDeletingService (DatanodeDeletedBlockTransactions.java:addTransactionToDN(50)) - Transaction added: e5d3e9d3-1367-47eb-ad7f-372895a70f55 <- TX(39)
2021-08-14 14:05:26,546 [SCMBlockDeletingService#0] DEBUG block.SCMBlockDeletingService (DatanodeDeletedBlockTransactions.java:addTransactionToDN(50)) - Transaction added: 41bdc6fc-f730-460f-b2d8-92157d986a72 <- TX(39)
2021-08-14 14:05:26,546 [SCMBlockDeletingService#0] DEBUG block.SCMBlockDeletingService (DatanodeDeletedBlockTransactions.java:addTransactionToDN(50)) - Transaction added: 41bdc6fc-f730-460f-b2d8-92157d986a72 <- TX(40)
2021-08-14 14:05:26,546 [SCMBlockDeletingService#0] DEBUG block.SCMBlockDeletingService (DatanodeDeletedBlockTransactions.java:addTransactionToDN(50)) - Transaction added: e5d3e9d3-1367-47eb-ad7f-372895a70f55 <- TX(40)
2021-08-14 14:05:26,546 [SCMBlockDeletingService#0] DEBUG block.SCMBlockDeletingService (DatanodeDeletedBlockTransactions.java:addTransactionToDN(50)) - Transaction added: a3a688a0-b759-42a1-9d42-7ea63bf88025 <- TX(40)
2021-08-14 14:05:26,546 [SCMBlockDeletingService#0] DEBUG block.SCMBlockDeletingService (DatanodeDeletedBlockTransactions.java:addTransactionToDN(50)) - Transaction added: a3a688a0-b759-42a1-9d42-7ea63bf88025 <- TX(41)
2021-08-14 14:05:26,546 [SCMBlockDeletingService#0] DEBUG block.SCMBlockDeletingService (DatanodeDeletedBlockTransactions.java:addTransactionToDN(50)) - Transaction added: e5d3e9d3-1367-47eb-ad7f-372895a70f55 <- TX(41)
2021-08-14 14:05:26,546 [SCMBlockDeletingService#0] DEBUG block.SCMBlockDeletingService (DatanodeDeletedBlockTransactions.java:addTransactionToDN(50)) - Transaction added: 41bdc6fc-f730-460f-b2d8-92157d986a72 <- TX(41)
2021-08-14 14:05:26,546 [SCMBlockDeletingService#0] DEBUG block.SCMBlockDeletingService (DatanodeDeletedBlockTransactions.java:addTransactionToDN(50)) - Transaction added: 41bdc6fc-f730-460f-b2d8-92157d986a72 <- TX(42)
2021-08-14 14:05:26,546 [SCMBlockDeletingService#0] DEBUG block.SCMBlockDeletingService (DatanodeDeletedBlockTransactions.java:addTransactionToDN(50)) - Transaction added: e5d3e9d3-1367-47eb-ad7f-372895a70f55 <- TX(42)
2021-08-14 14:05:26,546 [SCMBlockDeletingService#0] DEBUG block.SCMBlockDeletingService (DatanodeDeletedBlockTransactions.java:addTransactionToDN(50)) - Transaction added: a3a688a0-b759-42a1-9d42-7ea63bf88025 <- TX(42)
2021-08-14 14:05:26,546 [SCMBlockDeletingService#0] DEBUG block.SCMBlockDeletingService (DatanodeDeletedBlockTransactions.java:addTransactionToDN(50)) - Transaction added: a3a688a0-b759-42a1-9d42-7ea63bf88025 <- TX(43)
2021-08-14 14:05:26,546 [SCMBlockDeletingService#0] DEBUG block.SCMBlockDeletingService (DatanodeDeletedBlockTransactions.java:addTransactionToDN(50)) - Transaction added: e5d3e9d3-1367-47eb-ad7f-372895a70f55 <- TX(43)
2021-08-14 14:05:26,546 [SCMBlockDeletingService#0] DEBUG block.SCMBlockDeletingService (DatanodeDeletedBlockTransactions.java:addTransactionToDN(50)) - Transaction added: 41bdc6fc-f730-460f-b2d8-92157d986a72 <- TX(43)
2021-08-14 14:05:26,546 [SCMBlockDeletingService#0] DEBUG block.SCMBlockDeletingService (DatanodeDeletedBlockTransactions.java:addTransactionToDN(50)) - Transaction added: 41bdc6fc-f730-460f-b2d8-92157d986a72 <- TX(44)
2021-08-14 14:05:26,546 [SCMBlockDeletingService#0] DEBUG block.SCMBlockDeletingService (DatanodeDeletedBlockTransactions.java:addTransactionToDN(50)) - Transaction added: e5d3e9d3-1367-47eb-ad7f-372895a70f55 <- TX(44)
2021-08-14 14:05:26,547 [SCMBlockDeletingService#0] DEBUG block.SCMBlockDeletingService (DatanodeDeletedBlockTransactions.java:addTransactionToDN(50)) - Transaction added: a3a688a0-b759-42a1-9d42-7ea63bf88025 <- TX(44)
2021-08-14 14:05:26,547 [SCMBlockDeletingService#0] DEBUG block.SCMBlockDeletingService (DatanodeDeletedBlockTransactions.java:addTransactionToDN(50)) - Transaction added: a3a688a0-b759-42a1-9d42-7ea63bf88025 <- TX(45)
2021-08-14 14:05:26,547 [SCMBlockDeletingService#0] DEBUG block.SCMBlockDeletingService (DatanodeDeletedBlockTransactions.java:addTransactionToDN(50)) - Transaction added: e5d3e9d3-1367-47eb-ad7f-372895a70f55 <- TX(45)
2021-08-14 14:05:26,547 [SCMBlockDeletingService#0] DEBUG block.SCMBlockDeletingService (DatanodeDeletedBlockTransactions.java:addTransactionToDN(50)) - Transaction added: 41bdc6fc-f730-460f-b2d8-92157d986a72 <- TX(45)
2021-08-14 14:05:26,547 [SCMBlockDeletingService#0] DEBUG block.SCMBlockDeletingService (DatanodeDeletedBlockTransactions.java:addTransactionToDN(50)) - Transaction added: a3a688a0-b759-42a1-9d42-7ea63bf88025 <- TX(46)
2021-08-14 14:05:26,547 [SCMBlockDeletingService#0] DEBUG block.SCMBlockDeletingService (DatanodeDeletedBlockTransactions.java:addTransactionToDN(50)) - Transaction added: 41bdc6fc-f730-460f-b2d8-92157d986a72 <- TX(46)
2021-08-14 14:05:26,547 [SCMBlockDeletingService#0] DEBUG block.SCMBlockDeletingService (DatanodeDeletedBlockTransactions.java:addTransactionToDN(50)) - Transaction added: e5d3e9d3-1367-47eb-ad7f-372895a70f55 <- TX(46)
2021-08-14 14:05:26,547 [SCMBlockDeletingService#0] DEBUG block.SCMBlockDeletingService (DatanodeDeletedBlockTransactions.java:addTransactionToDN(50)) - Transaction added: 41bdc6fc-f730-460f-b2d8-92157d986a72 <- TX(47)
2021-08-14 14:05:26,547 [SCMBlockDeletingService#0] DEBUG block.SCMBlockDeletingService (DatanodeDeletedBlockTransactions.java:addTransactionToDN(50)) - Transaction added: a3a688a0-b759-42a1-9d42-7ea63bf88025 <- TX(47)
2021-08-14 14:05:26,547 [SCMBlockDeletingService#0] DEBUG block.SCMBlockDeletingService (DatanodeDeletedBlockTransactions.java:addTransactionToDN(50)) - Transaction added: e5d3e9d3-1367-47eb-ad7f-372895a70f55 <- TX(47)
2021-08-14 14:05:26,547 [SCMBlockDeletingService#0] DEBUG block.SCMBlockDeletingService (DatanodeDeletedBlockTransactions.java:addTransactionToDN(50)) - Transaction added: a3a688a0-b759-42a1-9d42-7ea63bf88025 <- TX(48)
2021-08-14 14:05:26,547 [SCMBlockDeletingService#0] DEBUG block.SCMBlockDeletingService (DatanodeDeletedBlockTransactions.java:addTransactionToDN(50)) - Transaction added: 41bdc6fc-f730-460f-b2d8-92157d986a72 <- TX(48)
2021-08-14 14:05:26,547 [SCMBlockDeletingService#0] DEBUG block.SCMBlockDeletingService (DatanodeDeletedBlockTransactions.java:addTransactionToDN(50)) - Transaction added: e5d3e9d3-1367-47eb-ad7f-372895a70f55 <- TX(48)
2021-08-14 14:05:26,547 [SCMBlockDeletingService#0] DEBUG block.SCMBlockDeletingService (DatanodeDeletedBlockTransactions.java:addTransactionToDN(50)) - Transaction added: e5d3e9d3-1367-47eb-ad7f-372895a70f55 <- TX(49)
2021-08-14 14:05:26,547 [SCMBlockDeletingService#0] DEBUG block.SCMBlockDeletingService (DatanodeDeletedBlockTransactions.java:addTransactionToDN(50)) - Transaction added: 41bdc6fc-f730-460f-b2d8-92157d986a72 <- TX(49)
2021-08-14 14:05:26,547 [SCMBlockDeletingService#0] DEBUG block.SCMBlockDeletingService (DatanodeDeletedBlockTransactions.java:addTransactionToDN(50)) - Transaction added: a3a688a0-b759-42a1-9d42-7ea63bf88025 <- TX(49)
2021-08-14 14:05:26,547 [SCMBlockDeletingService#0] DEBUG block.SCMBlockDeletingService (DatanodeDeletedBlockTransactions.java:addTransactionToDN(50)) - Transaction added: a3a688a0-b759-42a1-9d42-7ea63bf88025 <- TX(50)
2021-08-14 14:05:26,547 [SCMBlockDeletingService#0] DEBUG block.SCMBlockDeletingService (DatanodeDeletedBlockTransactions.java:addTransactionToDN(50)) - Transaction added: 41bdc6fc-f730-460f-b2d8-92157d986a72 <- TX(50)
2021-08-14 14:05:26,547 [SCMBlockDeletingService#0] DEBUG block.SCMBlockDeletingService (DatanodeDeletedBlockTransactions.java:addTransactionToDN(50)) - Transaction added: e5d3e9d3-1367-47eb-ad7f-372895a70f55 <- TX(50)
2021-08-14 14:05:26,547 [SCMBlockDeletingService#0] DEBUG block.SCMBlockDeletingService (DatanodeDeletedBlockTransactions.java:addTransactionToDN(50)) - Transaction added: e5d3e9d3-1367-47eb-ad7f-372895a70f55 <- TX(51)
2021-08-14 14:05:26,547 [SCMBlockDeletingService#0] DEBUG block.SCMBlockDeletingService (DatanodeDeletedBlockTransactions.java:addTransactionToDN(50)) - Transaction added: 41bdc6fc-f730-460f-b2d8-92157d986a72 <- TX(51)
2021-08-14 14:05:26,548 [SCMBlockDeletingService#0] DEBUG block.SCMBlockDeletingService (DatanodeDeletedBlockTransactions.java:addTransactionToDN(50)) - Transaction added: a3a688a0-b759-42a1-9d42-7ea63bf88025 <- TX(51)
2021-08-14 14:05:26,548 [SCMBlockDeletingService#0] DEBUG block.SCMBlockDeletingService (DatanodeDeletedBlockTransactions.java:addTransactionToDN(50)) - Transaction added: a3a688a0-b759-42a1-9d42-7ea63bf88025 <- TX(52)
2021-08-14 14:05:26,548 [SCMBlockDeletingService#0] DEBUG block.SCMBlockDeletingService (DatanodeDeletedBlockTransactions.java:addTransactionToDN(50)) - Transaction added: 41bdc6fc-f730-460f-b2d8-92157d986a72 <- TX(52)
2021-08-14 14:05:26,548 [SCMBlockDeletingService#0] DEBUG block.SCMBlockDeletingService (DatanodeDeletedBlockTransactions.java:addTransactionToDN(50)) - Transaction added: e5d3e9d3-1367-47eb-ad7f-372895a70f55 <- TX(52)
2021-08-14 14:05:26,548 [SCMBlockDeletingService#0] DEBUG block.SCMBlockDeletingService (DatanodeDeletedBlockTransactions.java:addTransactionToDN(50)) - Transaction added: a3a688a0-b759-42a1-9d42-7ea63bf88025 <- TX(53)
2021-08-14 14:05:26,548 [SCMBlockDeletingService#0] DEBUG block.SCMBlockDeletingService (DatanodeDeletedBlockTransactions.java:addTransactionToDN(50)) - Transaction added: e5d3e9d3-1367-47eb-ad7f-372895a70f55 <- TX(53)
2021-08-14 14:05:26,548 [SCMBlockDeletingService#0] DEBUG block.SCMBlockDeletingService (DatanodeDeletedBlockTransactions.java:addTransactionToDN(50)) - Transaction added: 41bdc6fc-f730-460f-b2d8-92157d986a72 <- TX(53)
2021-08-14 14:05:26,548 [SCMBlockDeletingService#0] DEBUG block.SCMBlockDeletingService (DatanodeDeletedBlockTransactions.java:addTransactionToDN(50)) - Transaction added: a3a688a0-b759-42a1-9d42-7ea63bf88025 <- TX(54)
2021-08-14 14:05:26,548 [SCMBlockDeletingService#0] DEBUG block.SCMBlockDeletingService (DatanodeDeletedBlockTransactions.java:addTransactionToDN(50)) - Transaction added: 41bdc6fc-f730-460f-b2d8-92157d986a72 <- TX(54)
2021-08-14 14:05:26,548 [SCMBlockDeletingService#0] DEBUG block.SCMBlockDeletingService (DatanodeDeletedBlockTransactions.java:addTransactionToDN(50)) - Transaction added: e5d3e9d3-1367-47eb-ad7f-372895a70f55 <- TX(54)
2021-08-14 14:05:26,548 [SCMBlockDeletingService#0] DEBUG block.SCMBlockDeletingService (DatanodeDeletedBlockTransactions.java:addTransactionToDN(50)) - Transaction added: a3a688a0-b759-42a1-9d42-7ea63bf88025 <- TX(55)
2021-08-14 14:05:26,548 [SCMBlockDeletingService#0] DEBUG block.SCMBlockDeletingService (DatanodeDeletedBlockTransactions.java:addTransactionToDN(50)) - Transaction added: e5d3e9d3-1367-47eb-ad7f-372895a70f55 <- TX(55)
2021-08-14 14:05:26,548 [SCMBlockDeletingService#0] DEBUG block.SCMBlockDeletingService (DatanodeDeletedBlockTransactions.java:addTransactionToDN(50)) - Transaction added: 41bdc6fc-f730-460f-b2d8-92157d986a72 <- TX(55)
2021-08-14 14:05:26,548 [SCMBlockDeletingService#0] DEBUG block.SCMBlockDeletingService (DatanodeDeletedBlockTransactions.java:addTransactionToDN(50)) - Transaction added: 41bdc6fc-f730-460f-b2d8-92157d986a72 <- TX(56)
2021-08-14 14:05:26,548 [SCMBlockDeletingService#0] DEBUG block.SCMBlockDeletingService (DatanodeDeletedBlockTransactions.java:addTransactionToDN(50)) - Transaction added: e5d3e9d3-1367-47eb-ad7f-372895a70f55 <- TX(56)
2021-08-14 14:05:26,548 [SCMBlockDeletingService#0] DEBUG block.SCMBlockDeletingService (DatanodeDeletedBlockTransactions.java:addTransactionToDN(50)) - Transaction added: a3a688a0-b759-42a1-9d42-7ea63bf88025 <- TX(56)
2021-08-14 14:05:26,548 [SCMBlockDeletingService#0] DEBUG block.SCMBlockDeletingService (SCMBlockDeletingService.java:call(164)) - Added delete block command for datanode a3a688a0-b759-42a1-9d42-7ea63bf88025 in the queue, number of delete block transactions: 38
2021-08-14 14:05:26,548 [SCMBlockDeletingService#0] DEBUG block.SCMBlockDeletingService (SCMBlockDeletingService.java:call(164)) - Added delete block command for datanode 41bdc6fc-f730-460f-b2d8-92157d986a72 in the queue, number of delete block transactions: 56
2021-08-14 14:05:26,548 [SCMBlockDeletingService#0] DEBUG block.SCMBlockDeletingService (SCMBlockDeletingService.java:call(164)) - Added delete block command for datanode e5d3e9d3-1367-47eb-ad7f-372895a70f55 in the queue, number of delete block transactions: 56
2021-08-14 14:05:26,549 [SCMBlockDeletingService#0] INFO  block.SCMBlockDeletingService (SCMBlockDeletingService.java:call(174)) - Totally added 150 blocks to be deleted for 3 datanodes, task elapsed time: 6ms
2021-08-14 14:05:26,623 [org.apache.hadoop.ozone.container.common.statemachine.commandhandler.DeleteBlocksCommandHandler$DeleteCmdWorker@34ef29c5] INFO  commandhandler.DeleteBlocksCommandHandler (DeleteBlocksCommandHandler.java:processCmd(261)) - Start to delete container blocks, TXIDs=[1(0),2(0),3(0)], numOfContainers=3, numOfBlocks=3
2021-08-14 14:05:26,645 [SCMBlockDeletingService#0] DEBUG block.SCMBlockDeletingService (SCMBlockDeletingService.java:call(133)) - Running DeletedBlockTransactionScanner
2021-08-14 14:05:26,645 [SCMBlockDeletingService#0] DEBUG block.SCMBlockDeletingService (DatanodeDeletedBlockTransactions.java:addTransactionToDN(50)) - Transaction added: 41bdc6fc-f730-460f-b2d8-92157d986a72 <- TX(1)
2021-08-14 14:05:26,645 [SCMBlockDeletingService#0] DEBUG block.SCMBlockDeletingService (DatanodeDeletedBlockTransactions.java:addTransactionToDN(50)) - Transaction added: e5d3e9d3-1367-47eb-ad7f-372895a70f55 <- TX(1)
2021-08-14 14:05:26,645 [SCMBlockDeletingService#0] DEBUG block.SCMBlockDeletingService (DatanodeDeletedBlockTransactions.java:addTransactionToDN(50)) - Transaction added: e5d3e9d3-1367-47eb-ad7f-372895a70f55 <- TX(2)
2021-08-14 14:05:26,645 [SCMBlockDeletingService#0] DEBUG block.SCMBlockDeletingService (DatanodeDeletedBlockTransactions.java:addTransactionToDN(50)) - Transaction added: 41bdc6fc-f730-460f-b2d8-92157d986a72 <- TX(2)
2021-08-14 14:05:26,646 [SCMBlockDeletingService#0] DEBUG block.SCMBlockDeletingService (DatanodeDeletedBlockTransactions.java:addTransactionToDN(50)) - Transaction added: e5d3e9d3-1367-47eb-ad7f-372895a70f55 <- TX(3)
2021-08-14 14:05:26,646 [SCMBlockDeletingService#0] DEBUG block.SCMBlockDeletingService (DatanodeDeletedBlockTransactions.java:addTransactionToDN(50)) - Transaction added: 41bdc6fc-f730-460f-b2d8-92157d986a72 <- TX(3)
2021-08-14 14:05:26,646 [SCMBlockDeletingService#0] DEBUG block.SCMBlockDeletingService (DatanodeDeletedBlockTransactions.java:addTransactionToDN(50)) - Transaction added: 41bdc6fc-f730-460f-b2d8-92157d986a72 <- TX(4)
2021-08-14 14:05:26,646 [SCMBlockDeletingService#0] DEBUG block.SCMBlockDeletingService (DatanodeDeletedBlockTransactions.java:addTransactionToDN(50)) - Transaction added: e5d3e9d3-1367-47eb-ad7f-372895a70f55 <- TX(4)
2021-08-14 14:05:26,646 [SCMBlockDeletingService#0] DEBUG block.SCMBlockDeletingService (DatanodeDeletedBlockTransactions.java:addTransactionToDN(50)) - Transaction added: 41bdc6fc-f730-460f-b2d8-92157d986a72 <- TX(5)
2021-08-14 14:05:26,646 [SCMBlockDeletingService#0] DEBUG block.SCMBlockDeletingService (DatanodeDeletedBlockTransactions.java:addTransactionToDN(50)) - Transaction added: e5d3e9d3-1367-47eb-ad7f-372895a70f55 <- TX(5)
2021-08-14 14:05:26,646 [SCMBlockDeletingService#0] DEBUG block.SCMBlockDeletingService (DatanodeDeletedBlockTransactions.java:addTransactionToDN(50)) - Transaction added: e5d3e9d3-1367-47eb-ad7f-372895a70f55 <- TX(6)
2021-08-14 14:05:26,646 [SCMBlockDeletingService#0] DEBUG block.SCMBlockDeletingService (DatanodeDeletedBlockTransactions.java:addTransactionToDN(50)) - Transaction added: 41bdc6fc-f730-460f-b2d8-92157d986a72 <- TX(6)
2021-08-14 14:05:26,646 [SCMBlockDeletingService#0] DEBUG block.SCMBlockDeletingService (DatanodeDeletedBlockTransactions.java:addTransactionToDN(50)) - Transaction added: e5d3e9d3-1367-47eb-ad7f-372895a70f55 <- TX(7)
2021-08-14 14:05:26,646 [SCMBlockDeletingService#0] DEBUG block.SCMBlockDeletingService (DatanodeDeletedBlockTransactions.java:addTransactionToDN(50)) - Transaction added: 41bdc6fc-f730-460f-b2d8-92157d986a72 <- TX(7)
2021-08-14 14:05:26,646 [SCMBlockDeletingService#0] DEBUG block.SCMBlockDeletingService (DatanodeDeletedBlockTransactions.java:addTransactionToDN(50)) - Transaction added: 41bdc6fc-f730-460f-b2d8-92157d986a72 <- TX(8)
2021-08-14 14:05:26,646 [SCMBlockDeletingService#0] DEBUG block.SCMBlockDeletingService (DatanodeDeletedBlockTransactions.java:addTransactionToDN(50)) - Transaction added: e5d3e9d3-1367-47eb-ad7f-372895a70f55 <- TX(8)
2021-08-14 14:05:26,646 [SCMBlockDeletingService#0] DEBUG block.SCMBlockDeletingService (DatanodeDeletedBlockTransactions.java:addTransactionToDN(50)) - Transaction added: 41bdc6fc-f730-460f-b2d8-92157d986a72 <- TX(9)
2021-08-14 14:05:26,646 [SCMBlockDeletingService#0] DEBUG block.SCMBlockDeletingService (DatanodeDeletedBlockTransactions.java:addTransactionToDN(50)) - Transaction added: e5d3e9d3-1367-47eb-ad7f-372895a70f55 <- TX(9)
2021-08-14 14:05:26,646 [SCMBlockDeletingService#0] DEBUG block.SCMBlockDeletingService (DatanodeDeletedBlockTransactions.java:addTransactionToDN(50)) - Transaction added: e5d3e9d3-1367-47eb-ad7f-372895a70f55 <- TX(10)
2021-08-14 14:05:26,646 [SCMBlockDeletingService#0] DEBUG block.SCMBlockDeletingService (DatanodeDeletedBlockTransactions.java:addTransactionToDN(50)) - Transaction added: 41bdc6fc-f730-460f-b2d8-92157d986a72 <- TX(10)
2021-08-14 14:05:26,646 [SCMBlockDeletingService#0] DEBUG block.SCMBlockDeletingService (DatanodeDeletedBlockTransactions.java:addTransactionToDN(50)) - Transaction added: e5d3e9d3-1367-47eb-ad7f-372895a70f55 <- TX(11)
2021-08-14 14:05:26,646 [SCMBlockDeletingService#0] DEBUG block.SCMBlockDeletingService (DatanodeDeletedBlockTransactions.java:addTransactionToDN(50)) - Transaction added: 41bdc6fc-f730-460f-b2d8-92157d986a72 <- TX(11)
2021-08-14 14:05:26,646 [SCMBlockDeletingService#0] DEBUG block.SCMBlockDeletingService (DatanodeDeletedBlockTransactions.java:addTransactionToDN(50)) - Transaction added: 41bdc6fc-f730-460f-b2d8-92157d986a72 <- TX(12)
2021-08-14 14:05:26,646 [SCMBlockDeletingService#0] DEBUG block.SCMBlockDeletingService (DatanodeDeletedBlockTransactions.java:addTransactionToDN(50)) - Transaction added: e5d3e9d3-1367-47eb-ad7f-372895a70f55 <- TX(12)
2021-08-14 14:05:26,646 [SCMBlockDeletingService#0] DEBUG block.SCMBlockDeletingService (DatanodeDeletedBlockTransactions.java:addTransactionToDN(50)) - Transaction added: 41bdc6fc-f730-460f-b2d8-92157d986a72 <- TX(13)
2021-08-14 14:05:26,646 [SCMBlockDeletingService#0] DEBUG block.SCMBlockDeletingService (DatanodeDeletedBlockTransactions.java:addTransactionToDN(50)) - Transaction added: e5d3e9d3-1367-47eb-ad7f-372895a70f55 <- TX(13)
2021-08-14 14:05:26,646 [SCMBlockDeletingService#0] DEBUG block.SCMBlockDeletingService (DatanodeDeletedBlockTransactions.java:addTransactionToDN(50)) - Transaction added: e5d3e9d3-1367-47eb-ad7f-372895a70f55 <- TX(14)
2021-08-14 14:05:26,646 [SCMBlockDeletingService#0] DEBUG block.SCMBlockDeletingService (DatanodeDeletedBlockTransactions.java:addTransactionToDN(50)) - Transaction added: 41bdc6fc-f730-460f-b2d8-92157d986a72 <- TX(14)
2021-08-14 14:05:26,646 [SCMBlockDeletingService#0] DEBUG block.SCMBlockDeletingService (DatanodeDeletedBlockTransactions.java:addTransactionToDN(50)) - Transaction added: 41bdc6fc-f730-460f-b2d8-92157d986a72 <- TX(15)
2021-08-14 14:05:26,646 [SCMBlockDeletingService#0] DEBUG block.SCMBlockDeletingService (DatanodeDeletedBlockTransactions.java:addTransactionToDN(50)) - Transaction added: e5d3e9d3-1367-47eb-ad7f-372895a70f55 <- TX(15)
2021-08-14 14:05:26,646 [SCMBlockDeletingService#0] DEBUG block.SCMBlockDeletingService (DatanodeDeletedBlockTransactions.java:addTransactionToDN(50)) - Transaction added: 41bdc6fc-f730-460f-b2d8-92157d986a72 <- TX(16)
2021-08-14 14:05:26,646 [SCMBlockDeletingService#0] DEBUG block.SCMBlockDeletingService (DatanodeDeletedBlockTransactions.java:addTransactionToDN(50)) - Transaction added: e5d3e9d3-1367-47eb-ad7f-372895a70f55 <- TX(16)
2021-08-14 14:05:26,646 [SCMBlockDeletingService#0] DEBUG block.SCMBlockDeletingService (DatanodeDeletedBlockTransactions.java:addTransactionToDN(50)) - Transaction added: 41bdc6fc-f730-460f-b2d8-92157d986a72 <- TX(17)
2021-08-14 14:05:26,646 [SCMBlockDeletingService#0] DEBUG block.SCMBlockDeletingService (DatanodeDeletedBlockTransactions.java:addTransactionToDN(50)) - Transaction added: e5d3e9d3-1367-47eb-ad7f-372895a70f55 <- TX(17)
2021-08-14 14:05:26,646 [SCMBlockDeletingService#0] DEBUG block.SCMBlockDeletingService (DatanodeDeletedBlockTransactions.java:addTransactionToDN(50)) - Transaction added: e5d3e9d3-1367-47eb-ad7f-372895a70f55 <- TX(18)
2021-08-14 14:05:26,647 [SCMBlockDeletingService#0] DEBUG block.SCMBlockDeletingService (DatanodeDeletedBlockTransactions.java:addTransactionToDN(50)) - Transaction added: 41bdc6fc-f730-460f-b2d8-92157d986a72 <- TX(18)
2021-08-14 14:05:26,647 [SCMBlockDeletingService#0] DEBUG block.SCMBlockDeletingService (DatanodeDeletedBlockTransactions.java:addTransactionToDN(50)) - Transaction added: e5d3e9d3-1367-47eb-ad7f-372895a70f55 <- TX(19)
2021-08-14 14:05:26,647 [SCMBlockDeletingService#0] DEBUG block.SCMBlockDeletingService (DatanodeDeletedBlockTransactions.java:addTransactionToDN(50)) - Transaction added: 41bdc6fc-f730-460f-b2d8-92157d986a72 <- TX(19)
2021-08-14 14:05:26,647 [SCMBlockDeletingService#0] DEBUG block.SCMBlockDeletingService (DatanodeDeletedBlockTransactions.java:addTransactionToDN(50)) - Transaction added: a3a688a0-b759-42a1-9d42-7ea63bf88025 <- TX(19)
2021-08-14 14:05:26,647 [SCMBlockDeletingService#0] DEBUG block.SCMBlockDeletingService (DatanodeDeletedBlockTransactions.java:addTransactionToDN(50)) - Transaction added: a3a688a0-b759-42a1-9d42-7ea63bf88025 <- TX(20)
2021-08-14 14:05:26,647 [SCMBlockDeletingService#0] DEBUG block.SCMBlockDeletingService (DatanodeDeletedBlockTransactions.java:addTransactionToDN(50)) - Transaction added: 41bdc6fc-f730-460f-b2d8-92157d986a72 <- TX(20)
2021-08-14 14:05:26,647 [SCMBlockDeletingService#0] DEBUG block.SCMBlockDeletingService (DatanodeDeletedBlockTransactions.java:addTransactionToDN(50)) - Transaction added: e5d3e9d3-1367-47eb-ad7f-372895a70f55 <- TX(20)
2021-08-14 14:05:26,647 [SCMBlockDeletingService#0] DEBUG block.SCMBlockDeletingService (DatanodeDeletedBlockTransactions.java:addTransactionToDN(50)) - Transaction added: a3a688a0-b759-42a1-9d42-7ea63bf88025 <- TX(21)
2021-08-14 14:05:26,647 [SCMBlockDeletingService#0] DEBUG block.SCMBlockDeletingService (DatanodeDeletedBlockTransactions.java:addTransactionToDN(50)) - Transaction added: 41bdc6fc-f730-460f-b2d8-92157d986a72 <- TX(21)
2021-08-14 14:05:26,647 [SCMBlockDeletingService#0] DEBUG block.SCMBlockDeletingService (DatanodeDeletedBlockTransactions.java:addTransactionToDN(50)) - Transaction added: e5d3e9d3-1367-47eb-ad7f-372895a70f55 <- TX(21)
2021-08-14 14:05:26,647 [SCMBlockDeletingService#0] DEBUG block.SCMBlockDeletingService (DatanodeDeletedBlockTransactions.java:addTransactionToDN(50)) - Transaction added: a3a688a0-b759-42a1-9d42-7ea63bf88025 <- TX(22)
2021-08-14 14:05:26,647 [SCMBlockDeletingService#0] DEBUG block.SCMBlockDeletingService (DatanodeDeletedBlockTransactions.java:addTransactionToDN(50)) - Transaction added: e5d3e9d3-1367-47eb-ad7f-372895a70f55 <- TX(22)
2021-08-14 14:05:26,647 [SCMBlockDeletingService#0] DEBUG block.SCMBlockDeletingService (DatanodeDeletedBlockTransactions.java:addTransactionToDN(50)) - Transaction added: 41bdc6fc-f730-460f-b2d8-92157d986a72 <- TX(22)
2021-08-14 14:05:26,647 [SCMBlockDeletingService#0] DEBUG block.SCMBlockDeletingService (DatanodeDeletedBlockTransactions.java:addTransactionToDN(50)) - Transaction added: a3a688a0-b759-42a1-9d42-7ea63bf88025 <- TX(23)
2021-08-14 14:05:26,647 [SCMBlockDeletingService#0] DEBUG block.SCMBlockDeletingService (DatanodeDeletedBlockTransactions.java:addTransactionToDN(50)) - Transaction added: e5d3e9d3-1367-47eb-ad7f-372895a70f55 <- TX(23)
2021-08-14 14:05:26,647 [SCMBlockDeletingService#0] DEBUG block.SCMBlockDeletingService (DatanodeDeletedBlockTransactions.java:addTransactionToDN(50)) - Transaction added: 41bdc6fc-f730-460f-b2d8-92157d986a72 <- TX(23)
2021-08-14 14:05:26,647 [SCMBlockDeletingService#0] DEBUG block.SCMBlockDeletingService (DatanodeDeletedBlockTransactions.java:addTransactionToDN(50)) - Transaction added: 41bdc6fc-f730-460f-b2d8-92157d986a72 <- TX(24)
2021-08-14 14:05:26,647 [SCMBlockDeletingService#0] DEBUG block.SCMBlockDeletingService (DatanodeDeletedBlockTransactions.java:addTransactionToDN(50)) - Transaction added: e5d3e9d3-1367-47eb-ad7f-372895a70f55 <- TX(24)
2021-08-14 14:05:26,647 [SCMBlockDeletingService#0] DEBUG block.SCMBlockDeletingService (DatanodeDeletedBlockTransactions.java:addTransactionToDN(50)) - Transaction added: a3a688a0-b759-42a1-9d42-7ea63bf88025 <- TX(24)
2021-08-14 14:05:26,647 [SCMBlockDeletingService#0] DEBUG block.SCMBlockDeletingService (DatanodeDeletedBlockTransactions.java:addTransactionToDN(50)) - Transaction added: a3a688a0-b759-42a1-9d42-7ea63bf88025 <- TX(25)
2021-08-14 14:05:26,647 [SCMBlockDeletingService#0] DEBUG block.SCMBlockDeletingService (DatanodeDeletedBlockTransactions.java:addTransactionToDN(50)) - Transaction added: 41bdc6fc-f730-460f-b2d8-92157d986a72 <- TX(25)
2021-08-14 14:05:26,647 [SCMBlockDeletingService#0] DEBUG block.SCMBlockDeletingService (DatanodeDeletedBlockTransactions.java:addTransactionToDN(50)) - Transaction added: e5d3e9d3-1367-47eb-ad7f-372895a70f55 <- TX(25)
2021-08-14 14:05:26,647 [SCMBlockDeletingService#0] DEBUG block.SCMBlockDeletingService (DatanodeDeletedBlockTransactions.java:addTransactionToDN(50)) - Transaction added: e5d3e9d3-1367-47eb-ad7f-372895a70f55 <- TX(26)
2021-08-14 14:05:26,647 [SCMBlockDeletingService#0] DEBUG block.SCMBlockDeletingService (DatanodeDeletedBlockTransactions.java:addTransactionToDN(50)) - Transaction added: 41bdc6fc-f730-460f-b2d8-92157d986a72 <- TX(26)
2021-08-14 14:05:26,647 [SCMBlockDeletingService#0] DEBUG block.SCMBlockDeletingService (DatanodeDeletedBlockTransactions.java:addTransactionToDN(50)) - Transaction added: a3a688a0-b759-42a1-9d42-7ea63bf88025 <- TX(26)
2021-08-14 14:05:26,647 [SCMBlockDeletingService#0] DEBUG block.SCMBlockDeletingService (DatanodeDeletedBlockTransactions.java:addTransactionToDN(50)) - Transaction added: a3a688a0-b759-42a1-9d42-7ea63bf88025 <- TX(27)
2021-08-14 14:05:26,647 [SCMBlockDeletingService#0] DEBUG block.SCMBlockDeletingService (DatanodeDeletedBlockTransactions.java:addTransactionToDN(50)) - Transaction added: e5d3e9d3-1367-47eb-ad7f-372895a70f55 <- TX(27)
2021-08-14 14:05:26,647 [SCMBlockDeletingService#0] DEBUG block.SCMBlockDeletingService (DatanodeDeletedBlockTransactions.java:addTransactionToDN(50)) - Transaction added: 41bdc6fc-f730-460f-b2d8-92157d986a72 <- TX(27)
2021-08-14 14:05:26,647 [SCMBlockDeletingService#0] DEBUG block.SCMBlockDeletingService (DatanodeDeletedBlockTransactions.java:addTransactionToDN(50)) - Transaction added: 41bdc6fc-f730-460f-b2d8-92157d986a72 <- TX(28)
2021-08-14 14:05:26,647 [SCMBlockDeletingService#0] DEBUG block.SCMBlockDeletingService (DatanodeDeletedBlockTransactions.java:addTransactionToDN(50)) - Transaction added: e5d3e9d3-1367-47eb-ad7f-372895a70f55 <- TX(28)
2021-08-14 14:05:26,647 [SCMBlockDeletingService#0] DEBUG block.SCMBlockDeletingService (DatanodeDeletedBlockTransactions.java:addTransactionToDN(50)) - Transaction added: a3a688a0-b759-42a1-9d42-7ea63bf88025 <- TX(28)
2021-08-14 14:05:26,647 [SCMBlockDeletingService#0] DEBUG block.SCMBlockDeletingService (DatanodeDeletedBlockTransactions.java:addTransactionToDN(50)) - Transaction added: a3a688a0-b759-42a1-9d42-7ea63bf88025 <- TX(29)
2021-08-14 14:05:26,647 [SCMBlockDeletingService#0] DEBUG block.SCMBlockDeletingService (DatanodeDeletedBlockTransactions.java:addTransactionToDN(50)) - Transaction added: e5d3e9d3-1367-47eb-ad7f-372895a70f55 <- TX(29)
2021-08-14 14:05:26,648 [SCMBlockDeletingService#0] DEBUG block.SCMBlockDeletingService (DatanodeDeletedBlockTransactions.java:addTransactionToDN(50)) - Transaction added: 41bdc6fc-f730-460f-b2d8-92157d986a72 <- TX(29)
2021-08-14 14:05:26,648 [SCMBlockDeletingService#0] DEBUG block.SCMBlockDeletingService (DatanodeDeletedBlockTransactions.java:addTransactionToDN(50)) - Transaction added: a3a688a0-b759-42a1-9d42-7ea63bf88025 <- TX(30)
2021-08-14 14:05:26,648 [SCMBlockDeletingService#0] DEBUG block.SCMBlockDeletingService (DatanodeDeletedBlockTransactions.java:addTransactionToDN(50)) - Transaction added: 41bdc6fc-f730-460f-b2d8-92157d986a72 <- TX(30)
2021-08-14 14:05:26,648 [SCMBlockDeletingService#0] DEBUG block.SCMBlockDeletingService (DatanodeDeletedBlockTransactions.java:addTransactionToDN(50)) - Transaction added: e5d3e9d3-1367-47eb-ad7f-372895a70f55 <- TX(30)
2021-08-14 14:05:26,648 [SCMBlockDeletingService#0] DEBUG block.SCMBlockDeletingService (DatanodeDeletedBlockTransactions.java:addTransactionToDN(50)) - Transaction added: 41bdc6fc-f730-460f-b2d8-92157d986a72 <- TX(31)
2021-08-14 14:05:26,648 [SCMBlockDeletingService#0] DEBUG block.SCMBlockDeletingService (DatanodeDeletedBlockTransactions.java:addTransactionToDN(50)) - Transaction added: a3a688a0-b759-42a1-9d42-7ea63bf88025 <- TX(31)
2021-08-14 14:05:26,648 [SCMBlockDeletingService#0] DEBUG block.SCMBlockDeletingService (DatanodeDeletedBlockTransactions.java:addTransactionToDN(50)) - Transaction added: e5d3e9d3-1367-47eb-ad7f-372895a70f55 <- TX(31)
2021-08-14 14:05:26,648 [SCMBlockDeletingService#0] DEBUG block.SCMBlockDeletingService (DatanodeDeletedBlockTransactions.java:addTransactionToDN(50)) - Transaction added: a3a688a0-b759-42a1-9d42-7ea63bf88025 <- TX(32)
2021-08-14 14:05:26,648 [SCMBlockDeletingService#0] DEBUG block.SCMBlockDeletingService (DatanodeDeletedBlockTransactions.java:addTransactionToDN(50)) - Transaction added: 41bdc6fc-f730-460f-b2d8-92157d986a72 <- TX(32)
2021-08-14 14:05:26,648 [SCMBlockDeletingService#0] DEBUG block.SCMBlockDeletingService (DatanodeDeletedBlockTransactions.java:addTransactionToDN(50)) - Transaction added: e5d3e9d3-1367-47eb-ad7f-372895a70f55 <- TX(32)
2021-08-14 14:05:26,648 [SCMBlockDeletingService#0] DEBUG block.SCMBlockDeletingService (DatanodeDeletedBlockTransactions.java:addTransactionToDN(50)) - Transaction added: e5d3e9d3-1367-47eb-ad7f-372895a70f55 <- TX(33)
2021-08-14 14:05:26,648 [SCMBlockDeletingService#0] DEBUG block.SCMBlockDeletingService (DatanodeDeletedBlockTransactions.java:addTransactionToDN(50)) - Transaction added: 41bdc6fc-f730-460f-b2d8-92157d986a72 <- TX(33)
2021-08-14 14:05:26,648 [SCMBlockDeletingService#0] DEBUG block.SCMBlockDeletingService (DatanodeDeletedBlockTransactions.java:addTransactionToDN(50)) - Transaction added: a3a688a0-b759-42a1-9d42-7ea63bf88025 <- TX(33)
2021-08-14 14:05:26,648 [SCMBlockDeletingService#0] DEBUG block.SCMBlockDeletingService (DatanodeDeletedBlockTransactions.java:addTransactionToDN(50)) - Transaction added: a3a688a0-b759-42a1-9d42-7ea63bf88025 <- TX(34)
2021-08-14 14:05:26,648 [SCMBlockDeletingService#0] DEBUG block.SCMBlockDeletingService (DatanodeDeletedBlockTransactions.java:addTransactionToDN(50)) - Transaction added: 41bdc6fc-f730-460f-b2d8-92157d986a72 <- TX(34)
2021-08-14 14:05:26,648 [SCMBlockDeletingService#0] DEBUG block.SCMBlockDeletingService (DatanodeDeletedBlockTransactions.java:addTransactionToDN(50)) - Transaction added: e5d3e9d3-1367-47eb-ad7f-372895a70f55 <- TX(34)
2021-08-14 14:05:26,648 [SCMBlockDeletingService#0] DEBUG block.SCMBlockDeletingService (DatanodeDeletedBlockTransactions.java:addTransactionToDN(50)) - Transaction added: e5d3e9d3-1367-47eb-ad7f-372895a70f55 <- TX(35)
2021-08-14 14:05:26,648 [SCMBlockDeletingService#0] DEBUG block.SCMBlockDeletingService (DatanodeDeletedBlockTransactions.java:addTransactionToDN(50)) - Transaction added: 41bdc6fc-f730-460f-b2d8-92157d986a72 <- TX(35)
2021-08-14 14:05:26,648 [SCMBlockDeletingService#0] DEBUG block.SCMBlockDeletingService (DatanodeDeletedBlockTransactions.java:addTransactionToDN(50)) - Transaction added: a3a688a0-b759-42a1-9d42-7ea63bf88025 <- TX(35)
2021-08-14 14:05:26,648 [SCMBlockDeletingService#0] DEBUG block.SCMBlockDeletingService (DatanodeDeletedBlockTransactions.java:addTransactionToDN(50)) - Transaction added: a3a688a0-b759-42a1-9d42-7ea63bf88025 <- TX(36)
2021-08-14 14:05:26,648 [SCMBlockDeletingService#0] DEBUG block.SCMBlockDeletingService (DatanodeDeletedBlockTransactions.java:addTransactionToDN(50)) - Transaction added: 41bdc6fc-f730-460f-b2d8-92157d986a72 <- TX(36)
2021-08-14 14:05:26,648 [SCMBlockDeletingService#0] DEBUG block.SCMBlockDeletingService (DatanodeDeletedBlockTransactions.java:addTransactionToDN(50)) - Transaction added: e5d3e9d3-1367-47eb-ad7f-372895a70f55 <- TX(36)
2021-08-14 14:05:26,648 [SCMBlockDeletingService#0] DEBUG block.SCMBlockDeletingService (DatanodeDeletedBlockTransactions.java:addTransactionToDN(50)) - Transaction added: a3a688a0-b759-42a1-9d42-7ea63bf88025 <- TX(37)
2021-08-14 14:05:26,648 [SCMBlockDeletingService#0] DEBUG block.SCMBlockDeletingService (DatanodeDeletedBlockTransactions.java:addTransactionToDN(50)) - Transaction added: e5d3e9d3-1367-47eb-ad7f-372895a70f55 <- TX(37)
2021-08-14 14:05:26,648 [SCMBlockDeletingService#0] DEBUG block.SCMBlockDeletingService (DatanodeDeletedBlockTransactions.java:addTransactionToDN(50)) - Transaction added: 41bdc6fc-f730-460f-b2d8-92157d986a72 <- TX(37)
2021-08-14 14:05:26,648 [SCMBlockDeletingService#0] DEBUG block.SCMBlockDeletingService (DatanodeDeletedBlockTransactions.java:addTransactionToDN(50)) - Transaction added: a3a688a0-b759-42a1-9d42-7ea63bf88025 <- TX(38)
2021-08-14 14:05:26,648 [SCMBlockDeletingService#0] DEBUG block.SCMBlockDeletingService (DatanodeDeletedBlockTransactions.java:addTransactionToDN(50)) - Transaction added: 41bdc6fc-f730-460f-b2d8-92157d986a72 <- TX(38)
2021-08-14 14:05:26,648 [SCMBlockDeletingService#0] DEBUG block.SCMBlockDeletingService (DatanodeDeletedBlockTransactions.java:addTransactionToDN(50)) - Transaction added: e5d3e9d3-1367-47eb-ad7f-372895a70f55 <- TX(38)
2021-08-14 14:05:26,648 [SCMBlockDeletingService#0] DEBUG block.SCMBlockDeletingService (DatanodeDeletedBlockTransactions.java:addTransactionToDN(50)) - Transaction added: a3a688a0-b759-42a1-9d42-7ea63bf88025 <- TX(39)
2021-08-14 14:05:26,648 [SCMBlockDeletingService#0] DEBUG block.SCMBlockDeletingService (DatanodeDeletedBlockTransactions.java:addTransactionToDN(50)) - Transaction added: e5d3e9d3-1367-47eb-ad7f-372895a70f55 <- TX(39)
2021-08-14 14:05:26,648 [SCMBlockDeletingService#0] DEBUG block.SCMBlockDeletingService (DatanodeDeletedBlockTransactions.java:addTransactionToDN(50)) - Transaction added: 41bdc6fc-f730-460f-b2d8-92157d986a72 <- TX(39)
2021-08-14 14:05:26,648 [SCMBlockDeletingService#0] DEBUG block.SCMBlockDeletingService (DatanodeDeletedBlockTransactions.java:addTransactionToDN(50)) - Transaction added: 41bdc6fc-f730-460f-b2d8-92157d986a72 <- TX(40)
2021-08-14 14:05:26,648 [SCMBlockDeletingService#0] DEBUG block.SCMBlockDeletingService (DatanodeDeletedBlockTransactions.java:addTransactionToDN(50)) - Transaction added: e5d3e9d3-1367-47eb-ad7f-372895a70f55 <- TX(40)
2021-08-14 14:05:26,648 [SCMBlockDeletingService#0] DEBUG block.SCMBlockDeletingService (DatanodeDeletedBlockTransactions.java:addTransactionToDN(50)) - Transaction added: a3a688a0-b759-42a1-9d42-7ea63bf88025 <- TX(40)
2021-08-14 14:05:26,648 [SCMBlockDeletingService#0] DEBUG block.SCMBlockDeletingService (DatanodeDeletedBlockTransactions.java:addTransactionToDN(50)) - Transaction added: a3a688a0-b759-42a1-9d42-7ea63bf88025 <- TX(41)
2021-08-14 14:05:26,649 [SCMBlockDeletingService#0] DEBUG block.SCMBlockDeletingService (DatanodeDeletedBlockTransactions.java:addTransactionToDN(50)) - Transaction added: e5d3e9d3-1367-47eb-ad7f-372895a70f55 <- TX(41)
2021-08-14 14:05:26,649 [SCMBlockDeletingService#0] DEBUG block.SCMBlockDeletingService (DatanodeDeletedBlockTransactions.java:addTransactionToDN(50)) - Transaction added: 41bdc6fc-f730-460f-b2d8-92157d986a72 <- TX(41)
2021-08-14 14:05:26,649 [SCMBlockDeletingService#0] DEBUG block.SCMBlockDeletingService (DatanodeDeletedBlockTransactions.java:addTransactionToDN(50)) - Transaction added: 41bdc6fc-f730-460f-b2d8-92157d986a72 <- TX(42)
2021-08-14 14:05:26,649 [SCMBlockDeletingService#0] DEBUG block.SCMBlockDeletingService (DatanodeDeletedBlockTransactions.java:addTransactionToDN(50)) - Transaction added: e5d3e9d3-1367-47eb-ad7f-372895a70f55 <- TX(42)
2021-08-14 14:05:26,649 [SCMBlockDeletingService#0] DEBUG block.SCMBlockDeletingService (DatanodeDeletedBlockTransactions.java:addTransactionToDN(50)) - Transaction added: a3a688a0-b759-42a1-9d42-7ea63bf88025 <- TX(42)
2021-08-14 14:05:26,653 [SCMBlockDeletingService#0] DEBUG block.SCMBlockDeletingService (DatanodeDeletedBlockTransactions.java:addTransactionToDN(50)) - Transaction added: a3a688a0-b759-42a1-9d42-7ea63bf88025 <- TX(43)
2021-08-14 14:05:26,653 [SCMBlockDeletingService#0] DEBUG block.SCMBlockDeletingService (DatanodeDeletedBlockTransactions.java:addTransactionToDN(50)) - Transaction added: e5d3e9d3-1367-47eb-ad7f-372895a70f55 <- TX(43)
2021-08-14 14:05:26,655 [SCMBlockDeletingService#0] DEBUG block.SCMBlockDeletingService (DatanodeDeletedBlockTransactions.java:addTransactionToDN(50)) - Transaction added: 41bdc6fc-f730-460f-b2d8-92157d986a72 <- TX(43)
2021-08-14 14:05:26,655 [SCMBlockDeletingService#0] DEBUG block.SCMBlockDeletingService (DatanodeDeletedBlockTransactions.java:addTransactionToDN(50)) - Transaction added: 41bdc6fc-f730-460f-b2d8-92157d986a72 <- TX(44)
2021-08-14 14:05:26,655 [SCMBlockDeletingService#0] DEBUG block.SCMBlockDeletingService (DatanodeDeletedBlockTransactions.java:addTransactionToDN(50)) - Transaction added: e5d3e9d3-1367-47eb-ad7f-372895a70f55 <- TX(44)
2021-08-14 14:05:26,655 [SCMBlockDeletingService#0] DEBUG block.SCMBlockDeletingService (DatanodeDeletedBlockTransactions.java:addTransactionToDN(50)) - Transaction added: a3a688a0-b759-42a1-9d42-7ea63bf88025 <- TX(44)
2021-08-14 14:05:26,655 [SCMBlockDeletingService#0] DEBUG block.SCMBlockDeletingService (DatanodeDeletedBlockTransactions.java:addTransactionToDN(50)) - Transaction added: a3a688a0-b759-42a1-9d42-7ea63bf88025 <- TX(45)
2021-08-14 14:05:26,655 [SCMBlockDeletingService#0] DEBUG block.SCMBlockDeletingService (DatanodeDeletedBlockTransactions.java:addTransactionToDN(50)) - Transaction added: e5d3e9d3-1367-47eb-ad7f-372895a70f55 <- TX(45)
2021-08-14 14:05:26,656 [SCMBlockDeletingService#0] DEBUG block.SCMBlockDeletingService (DatanodeDeletedBlockTransactions.java:addTransactionToDN(50)) - Transaction added: 41bdc6fc-f730-460f-b2d8-92157d986a72 <- TX(45)
2021-08-14 14:05:26,656 [SCMBlockDeletingService#0] DEBUG block.SCMBlockDeletingService (DatanodeDeletedBlockTransactions.java:addTransactionToDN(50)) - Transaction added: a3a688a0-b759-42a1-9d42-7ea63bf88025 <- TX(46)
2021-08-14 14:05:26,656 [SCMBlockDeletingService#0] DEBUG block.SCMBlockDeletingService (DatanodeDeletedBlockTransactions.java:addTransactionToDN(50)) - Transaction added: 41bdc6fc-f730-460f-b2d8-92157d986a72 <- TX(46)
2021-08-14 14:05:26,656 [SCMBlockDeletingService#0] DEBUG block.SCMBlockDeletingService (DatanodeDeletedBlockTransactions.java:addTransactionToDN(50)) - Transaction added: e5d3e9d3-1367-47eb-ad7f-372895a70f55 <- TX(46)
2021-08-14 14:05:26,656 [SCMBlockDeletingService#0] DEBUG block.SCMBlockDeletingService (DatanodeDeletedBlockTransactions.java:addTransactionToDN(50)) - Transaction added: 41bdc6fc-f730-460f-b2d8-92157d986a72 <- TX(47)
2021-08-14 14:05:26,656 [SCMBlockDeletingService#0] DEBUG block.SCMBlockDeletingService (DatanodeDeletedBlockTransactions.java:addTransactionToDN(50)) - Transaction added: a3a688a0-b759-42a1-9d42-7ea63bf88025 <- TX(47)
2021-08-14 14:05:26,656 [SCMBlockDeletingService#0] DEBUG block.SCMBlockDeletingService (DatanodeDeletedBlockTransactions.java:addTransactionToDN(50)) - Transaction added: e5d3e9d3-1367-47eb-ad7f-372895a70f55 <- TX(47)
2021-08-14 14:05:26,656 [SCMBlockDeletingService#0] DEBUG block.SCMBlockDeletingService (DatanodeDeletedBlockTransactions.java:addTransactionToDN(50)) - Transaction added: a3a688a0-b759-42a1-9d42-7ea63bf88025 <- TX(48)
2021-08-14 14:05:26,656 [SCMBlockDeletingService#0] DEBUG block.SCMBlockDeletingService (DatanodeDeletedBlockTransactions.java:addTransactionToDN(50)) - Transaction added: 41bdc6fc-f730-460f-b2d8-92157d986a72 <- TX(48)
2021-08-14 14:05:26,656 [SCMBlockDeletingService#0] DEBUG block.SCMBlockDeletingService (DatanodeDeletedBlockTransactions.java:addTransactionToDN(50)) - Transaction added: e5d3e9d3-1367-47eb-ad7f-372895a70f55 <- TX(48)
2021-08-14 14:05:26,656 [SCMBlockDeletingService#0] DEBUG block.SCMBlockDeletingService (DatanodeDeletedBlockTransactions.java:addTransactionToDN(50)) - Transaction added: e5d3e9d3-1367-47eb-ad7f-372895a70f55 <- TX(49)
2021-08-14 14:05:26,656 [SCMBlockDeletingService#0] DEBUG block.SCMBlockDeletingService (DatanodeDeletedBlockTransactions.java:addTransactionToDN(50)) - Transaction added: 41bdc6fc-f730-460f-b2d8-92157d986a72 <- TX(49)
2021-08-14 14:05:26,657 [SCMBlockDeletingService#0] DEBUG block.SCMBlockDeletingService (DatanodeDeletedBlockTransactions.java:addTransactionToDN(50)) - Transaction added: a3a688a0-b759-42a1-9d42-7ea63bf88025 <- TX(49)
2021-08-14 14:05:26,657 [SCMBlockDeletingService#0] DEBUG block.SCMBlockDeletingService (DatanodeDeletedBlockTransactions.java:addTransactionToDN(50)) - Transaction added: a3a688a0-b759-42a1-9d42-7ea63bf88025 <- TX(50)
2021-08-14 14:05:26,657 [SCMBlockDeletingService#0] DEBUG block.SCMBlockDeletingService (DatanodeDeletedBlockTransactions.java:addTransactionToDN(50)) - Transaction added: 41bdc6fc-f730-460f-b2d8-92157d986a72 <- TX(50)
2021-08-14 14:05:26,657 [SCMBlockDeletingService#0] DEBUG block.SCMBlockDeletingService (DatanodeDeletedBlockTransactions.java:addTransactionToDN(50)) - Transaction added: e5d3e9d3-1367-47eb-ad7f-372895a70f55 <- TX(50)
2021-08-14 14:05:26,657 [SCMBlockDeletingService#0] DEBUG block.SCMBlockDeletingService (DatanodeDeletedBlockTransactions.java:addTransactionToDN(50)) - Transaction added: e5d3e9d3-1367-47eb-ad7f-372895a70f55 <- TX(51)
2021-08-14 14:05:26,657 [SCMBlockDeletingService#0] DEBUG block.SCMBlockDeletingService (DatanodeDeletedBlockTransactions.java:addTransactionToDN(50)) - Transaction added: 41bdc6fc-f730-460f-b2d8-92157d986a72 <- TX(51)
2021-08-14 14:05:26,658 [SCMBlockDeletingService#0] DEBUG block.SCMBlockDeletingService (DatanodeDeletedBlockTransactions.java:addTransactionToDN(50)) - Transaction added: a3a688a0-b759-42a1-9d42-7ea63bf88025 <- TX(51)
2021-08-14 14:05:26,658 [SCMBlockDeletingService#0] DEBUG block.SCMBlockDeletingService (DatanodeDeletedBlockTransactions.java:addTransactionToDN(50)) - Transaction added: a3a688a0-b759-42a1-9d42-7ea63bf88025 <- TX(52)
2021-08-14 14:05:26,658 [SCMBlockDeletingService#0] DEBUG block.SCMBlockDeletingService (DatanodeDeletedBlockTransactions.java:addTransactionToDN(50)) - Transaction added: 41bdc6fc-f730-460f-b2d8-92157d986a72 <- TX(52)
2021-08-14 14:05:26,658 [SCMBlockDeletingService#0] DEBUG block.SCMBlockDeletingService (DatanodeDeletedBlockTransactions.java:addTransactionToDN(50)) - Transaction added: e5d3e9d3-1367-47eb-ad7f-372895a70f55 <- TX(52)
2021-08-14 14:05:26,658 [SCMBlockDeletingService#0] DEBUG block.SCMBlockDeletingService (DatanodeDeletedBlockTransactions.java:addTransactionToDN(50)) - Transaction added: a3a688a0-b759-42a1-9d42-7ea63bf88025 <- TX(53)
2021-08-14 14:05:26,658 [SCMBlockDeletingService#0] DEBUG block.SCMBlockDeletingService (DatanodeDeletedBlockTransactions.java:addTransactionToDN(50)) - Transaction added: e5d3e9d3-1367-47eb-ad7f-372895a70f55 <- TX(53)
2021-08-14 14:05:26,658 [SCMBlockDeletingService#0] DEBUG block.SCMBlockDeletingService (DatanodeDeletedBlockTransactions.java:addTransactionToDN(50)) - Transaction added: 41bdc6fc-f730-460f-b2d8-92157d986a72 <- TX(53)
2021-08-14 14:05:26,658 [SCMBlockDeletingService#0] DEBUG block.SCMBlockDeletingService (DatanodeDeletedBlockTransactions.java:addTransactionToDN(50)) - Transaction added: a3a688a0-b759-42a1-9d42-7ea63bf88025 <- TX(54)
2021-08-14 14:05:26,658 [SCMBlockDeletingService#0] DEBUG block.SCMBlockDeletingService (DatanodeDeletedBlockTransactions.java:addTransactionToDN(50)) - Transaction added: 41bdc6fc-f730-460f-b2d8-92157d986a72 <- TX(54)
2021-08-14 14:05:26,658 [SCMBlockDeletingService#0] DEBUG block.SCMBlockDeletingService (DatanodeDeletedBlockTransactions.java:addTransactionToDN(50)) - Transaction added: e5d3e9d3-1367-47eb-ad7f-372895a70f55 <- TX(54)
2021-08-14 14:05:26,658 [SCMBlockDeletingService#0] DEBUG block.SCMBlockDeletingService (DatanodeDeletedBlockTransactions.java:addTransactionToDN(50)) - Transaction added: a3a688a0-b759-42a1-9d42-7ea63bf88025 <- TX(55)
2021-08-14 14:05:26,658 [SCMBlockDeletingService#0] DEBUG block.SCMBlockDeletingService (DatanodeDeletedBlockTransactions.java:addTransactionToDN(50)) - Transaction added: e5d3e9d3-1367-47eb-ad7f-372895a70f55 <- TX(55)
2021-08-14 14:05:26,658 [SCMBlockDeletingService#0] DEBUG block.SCMBlockDeletingService (DatanodeDeletedBlockTransactions.java:addTransactionToDN(50)) - Transaction added: 41bdc6fc-f730-460f-b2d8-92157d986a72 <- TX(55)
2021-08-14 14:05:26,658 [SCMBlockDeletingService#0] DEBUG block.SCMBlockDeletingService (DatanodeDeletedBlockTransactions.java:addTransactionToDN(50)) - Transaction added: 41bdc6fc-f730-460f-b2d8-92157d986a72 <- TX(56)
2021-08-14 14:05:26,658 [SCMBlockDeletingService#0] DEBUG block.SCMBlockDeletingService (DatanodeDeletedBlockTransactions.java:addTransactionToDN(50)) - Transaction added: e5d3e9d3-1367-47eb-ad7f-372895a70f55 <- TX(56)
2021-08-14 14:05:26,658 [SCMBlockDeletingService#0] DEBUG block.SCMBlockDeletingService (DatanodeDeletedBlockTransactions.java:addTransactionToDN(50)) - Transaction added: a3a688a0-b759-42a1-9d42-7ea63bf88025 <- TX(56)
2021-08-14 14:05:26,658 [SCMBlockDeletingService#0] DEBUG block.SCMBlockDeletingService (SCMBlockDeletingService.java:call(164)) - Added delete block command for datanode a3a688a0-b759-42a1-9d42-7ea63bf88025 in the queue, number of delete block transactions: 38
2021-08-14 14:05:26,658 [SCMBlockDeletingService#0] DEBUG block.SCMBlockDeletingService (SCMBlockDeletingService.java:call(164)) - Added delete block command for datanode e5d3e9d3-1367-47eb-ad7f-372895a70f55 in the queue, number of delete block transactions: 56
2021-08-14 14:05:26,658 [SCMBlockDeletingService#0] DEBUG block.SCMBlockDeletingService (SCMBlockDeletingService.java:call(164)) - Added delete block command for datanode 41bdc6fc-f730-460f-b2d8-92157d986a72 in the queue, number of delete block transactions: 56
2021-08-14 14:05:26,658 [SCMBlockDeletingService#0] INFO  block.SCMBlockDeletingService (SCMBlockDeletingService.java:call(174)) - Totally added 150 blocks to be deleted for 3 datanodes, task elapsed time: 13ms
2021-08-14 14:05:26,684 [org.apache.hadoop.ozone.container.common.statemachine.commandhandler.DeleteBlocksCommandHandler$DeleteCmdWorker@34ef29c5] INFO  commandhandler.DeleteBlocksCommandHandler (DeleteBlocksCommandHandler.java:processCmd(261)) - Start to delete container blocks, TXIDs=[1(0),2(0),3(0),4(0),5(0)], numOfContainers=5, numOfBlocks=5
2021-08-14 14:05:26,684 [org.apache.hadoop.ozone.container.common.statemachine.commandhandler.DeleteBlocksCommandHandler$DeleteCmdWorker@34ef29c5] INFO  commandhandler.DeleteBlocksCommandHandler (DeleteBlocksCommandHandler.java:processCmd(261)) - Start to delete container blocks, TXIDs=[1(0),2(0),3(0),4(0),5(0),6(0)], numOfContainers=6, numOfBlocks=6
2021-08-14 14:05:26,684 [org.apache.hadoop.ozone.container.common.statemachine.commandhandler.DeleteBlocksCommandHandler$DeleteCmdWorker@34ef29c5] INFO  commandhandler.DeleteBlocksCommandHandler (DeleteBlocksCommandHandler.java:processCmd(261)) - Start to delete container blocks, TXIDs=[1(0),2(0),3(0),4(0),5(0),6(0),7(0)], numOfContainers=7, numOfBlocks=7
2021-08-14 14:05:26,684 [org.apache.hadoop.ozone.container.common.statemachine.commandhandler.DeleteBlocksCommandHandler$DeleteCmdWorker@34ef29c5] INFO  commandhandler.DeleteBlocksCommandHandler (DeleteBlocksCommandHandler.java:processCmd(261)) - Start to delete container blocks, TXIDs=[1(0),2(0),3(0),4(0),5(0),6(0),7(0),8(0)], numOfContainers=8, numOfBlocks=8
2021-08-14 14:05:26,684 [org.apache.hadoop.ozone.container.common.statemachine.commandhandler.DeleteBlocksCommandHandler$DeleteCmdWorker@34ef29c5] INFO  commandhandler.DeleteBlocksCommandHandler (DeleteBlocksCommandHandler.java:processCmd(261)) - Start to delete container blocks, TXIDs=[1(0),2(0),3(0),4(0),5(0),6(0),7(0),8(0),9(0)], numOfContainers=9, numOfBlocks=9
2021-08-14 14:05:26,685 [org.apache.hadoop.ozone.container.common.statemachine.commandhandler.DeleteBlocksCommandHandler$DeleteCmdWorker@34ef29c5] INFO  commandhandler.DeleteBlocksCommandHandler (DeleteBlocksCommandHandler.java:processCmd(261)) - Start to delete container blocks, TXIDs=[1(0),2(0),3(0),4(0),5(0),6(0),7(0),8(0),9(0)], numOfContainers=9, numOfBlocks=9
2021-08-14 14:05:26,685 [org.apache.hadoop.ozone.container.common.statemachine.commandhandler.DeleteBlocksCommandHandler$DeleteCmdWorker@34ef29c5] INFO  commandhandler.DeleteBlocksCommandHandler (DeleteBlocksCommandHandler.java:processCmd(261)) - Start to delete container blocks, TXIDs=[1(0),2(0),3(0),4(0),5(0),6(0),7(0),8(0),9(0),10(0)], numOfContainers=10, numOfBlocks=10
2021-08-14 14:05:26,685 [org.apache.hadoop.ozone.container.common.statemachine.commandhandler.DeleteBlocksCommandHandler$DeleteCmdWorker@34ef29c5] INFO  commandhandler.DeleteBlocksCommandHandler (DeleteBlocksCommandHandler.java:processCmd(261)) - Start to delete container blocks, TXIDs=[1(0),2(0),3(0),4(0),5(0),6(0),7(0),8(0),9(0),10(0),11(0),12(0)], numOfContainers=12, numOfBlocks=12
2021-08-14 14:05:26,685 [org.apache.hadoop.ozone.container.common.statemachine.commandhandler.DeleteBlocksCommandHandler$DeleteCmdWorker@34ef29c5] INFO  commandhandler.DeleteBlocksCommandHandler (DeleteBlocksCommandHandler.java:processCmd(261)) - Start to delete container blocks, TXIDs=[1(0),2(0),3(0),4(0),5(0),6(0),7(0),8(0),9(0),10(0),11(0),12(0),13(0),14(0)], numOfContainers=14, numOfBlocks=14
2021-08-14 14:05:26,685 [org.apache.hadoop.ozone.container.common.statemachine.commandhandler.DeleteBlocksCommandHandler$DeleteCmdWorker@34ef29c5] INFO  commandhandler.DeleteBlocksCommandHandler (DeleteBlocksCommandHandler.java:processCmd(261)) - Start to delete container blocks, TXIDs=[1(0),2(0),3(0),4(0),5(0),6(0),7(0),8(0),9(0),10(0),11(0),12(0),13(0),14(0),15(0)], numOfContainers=15, numOfBlocks=15
2021-08-14 14:05:26,685 [org.apache.hadoop.ozone.container.common.statemachine.commandhandler.DeleteBlocksCommandHandler$DeleteCmdWorker@34ef29c5] INFO  commandhandler.DeleteBlocksCommandHandler (DeleteBlocksCommandHandler.java:processCmd(261)) - Start to delete container blocks, TXIDs=[1(0),2(0),3(0),4(0),5(0),6(0),7(0),8(0),9(0),10(0),11(0),12(0),13(0),14(0),15(0),16(0)], numOfContainers=16, numOfBlocks=16
2021-08-14 14:05:26,686 [org.apache.hadoop.ozone.container.common.statemachine.commandhandler.DeleteBlocksCommandHandler$DeleteCmdWorker@34ef29c5] INFO  commandhandler.DeleteBlocksCommandHandler (DeleteBlocksCommandHandler.java:processCmd(261)) - Start to delete container blocks, TXIDs=[1(0),2(0),3(0),4(0),5(0),6(0),7(0),8(0),9(0),10(0),11(0),12(0),13(0),14(0),15(0),16(0),17(0),18(0)], numOfContainers=18, numOfBlocks=18
2021-08-14 14:05:26,686 [org.apache.hadoop.ozone.container.common.statemachine.commandhandler.DeleteBlocksCommandHandler$DeleteCmdWorker@34ef29c5] INFO  commandhandler.DeleteBlocksCommandHandler (DeleteBlocksCommandHandler.java:processCmd(261)) - Start to delete container blocks, TXIDs=[1(0),2(0),3(0),4(0),5(0),6(0),7(0),8(0),9(0),10(0),11(0),12(0),13(0),14(0),15(0),16(0),17(0),18(0)], numOfContainers=18, numOfBlocks=18
2021-08-14 14:05:26,686 [org.apache.hadoop.ozone.container.common.statemachine.commandhandler.DeleteBlocksCommandHandler$DeleteCmdWorker@34ef29c5] INFO  commandhandler.DeleteBlocksCommandHandler (DeleteBlocksCommandHandler.java:processCmd(261)) - Start to delete container blocks, TXIDs=[1(0),2(0),3(0),4(0),5(0),6(0),7(0),8(0),9(0),10(0),11(0),12(0),13(0),14(0),15(0),16(0),17(0),18(0)], numOfContainers=18, numOfBlocks=18
2021-08-14 14:05:26,686 [org.apache.hadoop.ozone.container.common.statemachine.commandhandler.DeleteBlocksCommandHandler$DeleteCmdWorker@34ef29c5] INFO  commandhandler.DeleteBlocksCommandHandler (DeleteBlocksCommandHandler.java:processCmd(261)) - Start to delete container blocks, TXIDs=[1(0),2(0),3(0),4(0),5(0),6(0),7(0),8(0),9(0),10(0),11(0),12(0),13(0),14(0),15(0),16(0),17(0),18(0),19(0)], numOfContainers=19, numOfBlocks=19
2021-08-14 14:05:26,686 [org.apache.hadoop.ozone.container.common.statemachine.commandhandler.DeleteBlocksCommandHandler$DeleteCmdWorker@34ef29c5] INFO  commandhandler.DeleteBlocksCommandHandler (DeleteBlocksCommandHandler.java:processCmd(261)) - Start to delete container blocks, TXIDs=[1(0),2(0),3(0),4(0),5(0),6(0),7(0),8(0),9(0),10(0),11(0),12(0),13(0),14(0),15(0),16(0),17(0),18(0),19(0)], numOfContainers=19, numOfBlocks=19
2021-08-14 14:05:26,686 [org.apache.hadoop.ozone.container.common.statemachine.commandhandler.DeleteBlocksCommandHandler$DeleteCmdWorker@34ef29c5] INFO  commandhandler.DeleteBlocksCommandHandler (DeleteBlocksCommandHandler.java:processCmd(261)) - Start to delete container blocks, TXIDs=[1(0),2(0),3(0),4(0),5(0),6(0),7(0),8(0),9(0),10(0),11(0),12(0),13(0),14(0),15(0),16(0),17(0),18(0),19(0),20(0),21(0),22(0),23(0),24(0),25(0),26(0),27(0),28(0),29(0),30(0),31(0),32(0),33(0),34(0),35(0),36(0),37(0),38(0),39(0),40(0),41(0),42(0),43(0),44(0),45(0),46(0),47(0),48(0),49(0),50(0),51(0),52(0),53(0),54(0),55(0),56(0)], numOfContainers=56, numOfBlocks=56
2021-08-14 14:05:26,687 [org.apache.hadoop.ozone.container.common.statemachine.commandhandler.DeleteBlocksCommandHandler$DeleteCmdWorker@34ef29c5] INFO  commandhandler.DeleteBlocksCommandHandler (DeleteBlocksCommandHandler.java:processCmd(261)) - Start to delete container blocks, TXIDs=[1(0),2(0),3(0),4(0),5(0),6(0),7(0),8(0),9(0),10(0),11(0),12(0),13(0),14(0),15(0),16(0),17(0),18(0),19(0),20(0),21(0),22(0),23(0),24(0),25(0),26(0),27(0),28(0),29(0),30(0),31(0),32(0),33(0),34(0),35(0),36(0),37(0),38(0),39(0),40(0),41(0),42(0),43(0),44(0),45(0),46(0),47(0),48(0),49(0),50(0),51(0),52(0),53(0),54(0),55(0),56(0)], numOfContainers=56, numOfBlocks=56
2021-08-14 14:05:26,745 [SCMBlockDeletingService#0] DEBUG block.SCMBlockDeletingService (SCMBlockDeletingService.java:call(133)) - Running DeletedBlockTransactionScanner
2021-08-14 14:05:26,766 [SCMBlockDeletingService#0] DEBUG block.SCMBlockDeletingService (DatanodeDeletedBlockTransactions.java:addTransactionToDN(50)) - Transaction added: 41bdc6fc-f730-460f-b2d8-92157d986a72 <- TX(1)
2021-08-14 14:05:26,766 [SCMBlockDeletingService#0] DEBUG block.SCMBlockDeletingService (DatanodeDeletedBlockTransactions.java:addTransactionToDN(50)) - Transaction added: e5d3e9d3-1367-47eb-ad7f-372895a70f55 <- TX(1)
2021-08-14 14:05:26,766 [SCMBlockDeletingService#0] DEBUG block.SCMBlockDeletingService (DatanodeDeletedBlockTransactions.java:addTransactionToDN(50)) - Transaction added: e5d3e9d3-1367-47eb-ad7f-372895a70f55 <- TX(2)
2021-08-14 14:05:26,766 [SCMBlockDeletingService#0] DEBUG block.SCMBlockDeletingService (DatanodeDeletedBlockTransactions.java:addTransactionToDN(50)) - Transaction added: 41bdc6fc-f730-460f-b2d8-92157d986a72 <- TX(2)
2021-08-14 14:05:26,766 [SCMBlockDeletingService#0] DEBUG block.SCMBlockDeletingService (DatanodeDeletedBlockTransactions.java:addTransactionToDN(50)) - Transaction added: e5d3e9d3-1367-47eb-ad7f-372895a70f55 <- TX(3)
2021-08-14 14:05:26,766 [SCMBlockDeletingService#0] DEBUG block.SCMBlockDeletingService (DatanodeDeletedBlockTransactions.java:addTransactionToDN(50)) - Transaction added: 41bdc6fc-f730-460f-b2d8-92157d986a72 <- TX(3)
2021-08-14 14:05:26,766 [SCMBlockDeletingService#0] DEBUG block.SCMBlockDeletingService (DatanodeDeletedBlockTransactions.java:addTransactionToDN(50)) - Transaction added: 41bdc6fc-f730-460f-b2d8-92157d986a72 <- TX(4)
2021-08-14 14:05:26,766 [SCMBlockDeletingService#0] DEBUG block.SCMBlockDeletingService (DatanodeDeletedBlockTransactions.java:addTransactionToDN(50)) - Transaction added: e5d3e9d3-1367-47eb-ad7f-372895a70f55 <- TX(4)
2021-08-14 14:05:26,766 [SCMBlockDeletingService#0] DEBUG block.SCMBlockDeletingService (DatanodeDeletedBlockTransactions.java:addTransactionToDN(50)) - Transaction added: 41bdc6fc-f730-460f-b2d8-92157d986a72 <- TX(5)
2021-08-14 14:05:26,767 [SCMBlockDeletingService#0] DEBUG block.SCMBlockDeletingService (DatanodeDeletedBlockTransactions.java:addTransactionToDN(50)) - Transaction added: e5d3e9d3-1367-47eb-ad7f-372895a70f55 <- TX(5)
2021-08-14 14:05:26,767 [SCMBlockDeletingService#0] DEBUG block.SCMBlockDeletingService (DatanodeDeletedBlockTransactions.java:addTransactionToDN(50)) - Transaction added: e5d3e9d3-1367-47eb-ad7f-372895a70f55 <- TX(6)
2021-08-14 14:05:26,767 [SCMBlockDeletingService#0] DEBUG block.SCMBlockDeletingService (DatanodeDeletedBlockTransactions.java:addTransactionToDN(50)) - Transaction added: 41bdc6fc-f730-460f-b2d8-92157d986a72 <- TX(6)
2021-08-14 14:05:26,767 [SCMBlockDeletingService#0] DEBUG block.SCMBlockDeletingService (DatanodeDeletedBlockTransactions.java:addTransactionToDN(50)) - Transaction added: e5d3e9d3-1367-47eb-ad7f-372895a70f55 <- TX(7)
2021-08-14 14:05:26,767 [SCMBlockDeletingService#0] DEBUG block.SCMBlockDeletingService (DatanodeDeletedBlockTransactions.java:addTransactionToDN(50)) - Transaction added: 41bdc6fc-f730-460f-b2d8-92157d986a72 <- TX(7)
2021-08-14 14:05:26,767 [SCMBlockDeletingService#0] DEBUG block.SCMBlockDeletingService (DatanodeDeletedBlockTransactions.java:addTransactionToDN(50)) - Transaction added: 41bdc6fc-f730-460f-b2d8-92157d986a72 <- TX(8)
2021-08-14 14:05:26,767 [SCMBlockDeletingService#0] DEBUG block.SCMBlockDeletingService (DatanodeDeletedBlockTransactions.java:addTransactionToDN(50)) - Transaction added: e5d3e9d3-1367-47eb-ad7f-372895a70f55 <- TX(8)
2021-08-14 14:05:26,767 [SCMBlockDeletingService#0] DEBUG block.SCMBlockDeletingService (DatanodeDeletedBlockTransactions.java:addTransactionToDN(50)) - Transaction added: 41bdc6fc-f730-460f-b2d8-92157d986a72 <- TX(9)
2021-08-14 14:05:26,767 [SCMBlockDeletingService#0] DEBUG block.SCMBlockDeletingService (DatanodeDeletedBlockTransactions.java:addTransactionToDN(50)) - Transaction added: e5d3e9d3-1367-47eb-ad7f-372895a70f55 <- TX(9)
2021-08-14 14:05:26,767 [SCMBlockDeletingService#0] DEBUG block.SCMBlockDeletingService (DatanodeDeletedBlockTransactions.java:addTransactionToDN(50)) - Transaction added: e5d3e9d3-1367-47eb-ad7f-372895a70f55 <- TX(10)
2021-08-14 14:05:26,767 [SCMBlockDeletingService#0] DEBUG block.SCMBlockDeletingService (DatanodeDeletedBlockTransactions.java:addTransactionToDN(50)) - Transaction added: 41bdc6fc-f730-460f-b2d8-92157d986a72 <- TX(10)
2021-08-14 14:05:26,767 [SCMBlockDeletingService#0] DEBUG block.SCMBlockDeletingService (DatanodeDeletedBlockTransactions.java:addTransactionToDN(50)) - Transaction added: e5d3e9d3-1367-47eb-ad7f-372895a70f55 <- TX(11)
2021-08-14 14:05:26,767 [SCMBlockDeletingService#0] DEBUG block.SCMBlockDeletingService (DatanodeDeletedBlockTransactions.java:addTransactionToDN(50)) - Transaction added: 41bdc6fc-f730-460f-b2d8-92157d986a72 <- TX(11)
2021-08-14 14:05:26,767 [SCMBlockDeletingService#0] DEBUG block.SCMBlockDeletingService (DatanodeDeletedBlockTransactions.java:addTransactionToDN(50)) - Transaction added: 41bdc6fc-f730-460f-b2d8-92157d986a72 <- TX(12)
2021-08-14 14:05:26,767 [SCMBlockDeletingService#0] DEBUG block.SCMBlockDeletingService (DatanodeDeletedBlockTransactions.java:addTransactionToDN(50)) - Transaction added: e5d3e9d3-1367-47eb-ad7f-372895a70f55 <- TX(12)
2021-08-14 14:05:26,767 [SCMBlockDeletingService#0] DEBUG block.SCMBlockDeletingService (DatanodeDeletedBlockTransactions.java:addTransactionToDN(50)) - Transaction added: 41bdc6fc-f730-460f-b2d8-92157d986a72 <- TX(13)
2021-08-14 14:05:26,767 [SCMBlockDeletingService#0] DEBUG block.SCMBlockDeletingService (DatanodeDeletedBlockTransactions.java:addTransactionToDN(50)) - Transaction added: e5d3e9d3-1367-47eb-ad7f-372895a70f55 <- TX(13)
2021-08-14 14:05:26,767 [SCMBlockDeletingService#0] DEBUG block.SCMBlockDeletingService (DatanodeDeletedBlockTransactions.java:addTransactionToDN(50)) - Transaction added: e5d3e9d3-1367-47eb-ad7f-372895a70f55 <- TX(14)
2021-08-14 14:05:26,767 [SCMBlockDeletingService#0] DEBUG block.SCMBlockDeletingService (DatanodeDeletedBlockTransactions.java:addTransactionToDN(50)) - Transaction added: 41bdc6fc-f730-460f-b2d8-92157d986a72 <- TX(14)
2021-08-14 14:05:26,767 [SCMBlockDeletingService#0] DEBUG block.SCMBlockDeletingService (DatanodeDeletedBlockTransactions.java:addTransactionToDN(50)) - Transaction added: 41bdc6fc-f730-460f-b2d8-92157d986a72 <- TX(15)
2021-08-14 14:05:26,767 [SCMBlockDeletingService#0] DEBUG block.SCMBlockDeletingService (DatanodeDeletedBlockTransactions.java:addTransactionToDN(50)) - Transaction added: e5d3e9d3-1367-47eb-ad7f-372895a70f55 <- TX(15)
2021-08-14 14:05:26,767 [SCMBlockDeletingService#0] DEBUG block.SCMBlockDeletingService (DatanodeDeletedBlockTransactions.java:addTransactionToDN(50)) - Transaction added: 41bdc6fc-f730-460f-b2d8-92157d986a72 <- TX(16)
2021-08-14 14:05:26,767 [SCMBlockDeletingService#0] DEBUG block.SCMBlockDeletingService (DatanodeDeletedBlockTransactions.java:addTransactionToDN(50)) - Transaction added: e5d3e9d3-1367-47eb-ad7f-372895a70f55 <- TX(16)
2021-08-14 14:05:26,767 [SCMBlockDeletingService#0] DEBUG block.SCMBlockDeletingService (DatanodeDeletedBlockTransactions.java:addTransactionToDN(50)) - Transaction added: 41bdc6fc-f730-460f-b2d8-92157d986a72 <- TX(17)
2021-08-14 14:05:26,767 [SCMBlockDeletingService#0] DEBUG block.SCMBlockDeletingService (DatanodeDeletedBlockTransactions.java:addTransactionToDN(50)) - Transaction added: e5d3e9d3-1367-47eb-ad7f-372895a70f55 <- TX(17)
2021-08-14 14:05:26,767 [SCMBlockDeletingService#0] DEBUG block.SCMBlockDeletingService (DatanodeDeletedBlockTransactions.java:addTransactionToDN(50)) - Transaction added: e5d3e9d3-1367-47eb-ad7f-372895a70f55 <- TX(18)
2021-08-14 14:05:26,767 [SCMBlockDeletingService#0] DEBUG block.SCMBlockDeletingService (DatanodeDeletedBlockTransactions.java:addTransactionToDN(50)) - Transaction added: 41bdc6fc-f730-460f-b2d8-92157d986a72 <- TX(18)
2021-08-14 14:05:26,768 [SCMBlockDeletingService#0] DEBUG block.SCMBlockDeletingService (DatanodeDeletedBlockTransactions.java:addTransactionToDN(50)) - Transaction added: e5d3e9d3-1367-47eb-ad7f-372895a70f55 <- TX(19)
2021-08-14 14:05:26,768 [SCMBlockDeletingService#0] DEBUG block.SCMBlockDeletingService (DatanodeDeletedBlockTransactions.java:addTransactionToDN(50)) - Transaction added: 41bdc6fc-f730-460f-b2d8-92157d986a72 <- TX(19)
2021-08-14 14:05:26,768 [SCMBlockDeletingService#0] DEBUG block.SCMBlockDeletingService (DatanodeDeletedBlockTransactions.java:addTransactionToDN(50)) - Transaction added: a3a688a0-b759-42a1-9d42-7ea63bf88025 <- TX(19)
2021-08-14 14:05:26,768 [SCMBlockDeletingService#0] DEBUG block.SCMBlockDeletingService (DatanodeDeletedBlockTransactions.java:addTransactionToDN(50)) - Transaction added: a3a688a0-b759-42a1-9d42-7ea63bf88025 <- TX(20)
2021-08-14 14:05:26,768 [SCMBlockDeletingService#0] DEBUG block.SCMBlockDeletingService (DatanodeDeletedBlockTransactions.java:addTransactionToDN(50)) - Transaction added: 41bdc6fc-f730-460f-b2d8-92157d986a72 <- TX(20)
2021-08-14 14:05:26,768 [SCMBlockDeletingService#0] DEBUG block.SCMBlockDeletingService (DatanodeDeletedBlockTransactions.java:addTransactionToDN(50)) - Transaction added: e5d3e9d3-1367-47eb-ad7f-372895a70f55 <- TX(20)
2021-08-14 14:05:26,768 [SCMBlockDeletingService#0] DEBUG block.SCMBlockDeletingService (DatanodeDeletedBlockTransactions.java:addTransactionToDN(50)) - Transaction added: a3a688a0-b759-42a1-9d42-7ea63bf88025 <- TX(21)
2021-08-14 14:05:26,768 [SCMBlockDeletingService#0] DEBUG block.SCMBlockDeletingService (DatanodeDeletedBlockTransactions.java:addTransactionToDN(50)) - Transaction added: 41bdc6fc-f730-460f-b2d8-92157d986a72 <- TX(21)
2021-08-14 14:05:26,768 [SCMBlockDeletingService#0] DEBUG block.SCMBlockDeletingService (DatanodeDeletedBlockTransactions.java:addTransactionToDN(50)) - Transaction added: e5d3e9d3-1367-47eb-ad7f-372895a70f55 <- TX(21)
2021-08-14 14:05:26,768 [SCMBlockDeletingService#0] DEBUG block.SCMBlockDeletingService (DatanodeDeletedBlockTransactions.java:addTransactionToDN(50)) - Transaction added: a3a688a0-b759-42a1-9d42-7ea63bf88025 <- TX(22)
2021-08-14 14:05:26,768 [SCMBlockDeletingService#0] DEBUG block.SCMBlockDeletingService (DatanodeDeletedBlockTransactions.java:addTransactionToDN(50)) - Transaction added: e5d3e9d3-1367-47eb-ad7f-372895a70f55 <- TX(22)
2021-08-14 14:05:26,768 [SCMBlockDeletingService#0] DEBUG block.SCMBlockDeletingService (DatanodeDeletedBlockTransactions.java:addTransactionToDN(50)) - Transaction added: 41bdc6fc-f730-460f-b2d8-92157d986a72 <- TX(22)
2021-08-14 14:05:26,768 [SCMBlockDeletingService#0] DEBUG block.SCMBlockDeletingService (DatanodeDeletedBlockTransactions.java:addTransactionToDN(50)) - Transaction added: a3a688a0-b759-42a1-9d42-7ea63bf88025 <- TX(23)
2021-08-14 14:05:26,768 [SCMBlockDeletingService#0] DEBUG block.SCMBlockDeletingService (DatanodeDeletedBlockTransactions.java:addTransactionToDN(50)) - Transaction added: e5d3e9d3-1367-47eb-ad7f-372895a70f55 <- TX(23)
2021-08-14 14:05:26,768 [SCMBlockDeletingService#0] DEBUG block.SCMBlockDeletingService (DatanodeDeletedBlockTransactions.java:addTransactionToDN(50)) - Transaction added: 41bdc6fc-f730-460f-b2d8-92157d986a72 <- TX(23)
2021-08-14 14:05:26,768 [SCMBlockDeletingService#0] DEBUG block.SCMBlockDeletingService (DatanodeDeletedBlockTransactions.java:addTransactionToDN(50)) - Transaction added: 41bdc6fc-f730-460f-b2d8-92157d986a72 <- TX(24)
2021-08-14 14:05:26,768 [SCMBlockDeletingService#0] DEBUG block.SCMBlockDeletingService (DatanodeDeletedBlockTransactions.java:addTransactionToDN(50)) - Transaction added: e5d3e9d3-1367-47eb-ad7f-372895a70f55 <- TX(24)
2021-08-14 14:05:26,768 [SCMBlockDeletingService#0] DEBUG block.SCMBlockDeletingService (DatanodeDeletedBlockTransactions.java:addTransactionToDN(50)) - Transaction added: a3a688a0-b759-42a1-9d42-7ea63bf88025 <- TX(24)
2021-08-14 14:05:26,768 [SCMBlockDeletingService#0] DEBUG block.SCMBlockDeletingService (DatanodeDeletedBlockTransactions.java:addTransactionToDN(50)) - Transaction added: a3a688a0-b759-42a1-9d42-7ea63bf88025 <- TX(25)
2021-08-14 14:05:26,768 [SCMBlockDeletingService#0] DEBUG block.SCMBlockDeletingService (DatanodeDeletedBlockTransactions.java:addTransactionToDN(50)) - Transaction added: 41bdc6fc-f730-460f-b2d8-92157d986a72 <- TX(25)
2021-08-14 14:05:26,768 [SCMBlockDeletingService#0] DEBUG block.SCMBlockDeletingService (DatanodeDeletedBlockTransactions.java:addTransactionToDN(50)) - Transaction added: e5d3e9d3-1367-47eb-ad7f-372895a70f55 <- TX(25)
2021-08-14 14:05:26,768 [SCMBlockDeletingService#0] DEBUG block.SCMBlockDeletingService (DatanodeDeletedBlockTransactions.java:addTransactionToDN(50)) - Transaction added: e5d3e9d3-1367-47eb-ad7f-372895a70f55 <- TX(26)
2021-08-14 14:05:26,768 [SCMBlockDeletingService#0] DEBUG block.SCMBlockDeletingService (DatanodeDeletedBlockTransactions.java:addTransactionToDN(50)) - Transaction added: 41bdc6fc-f730-460f-b2d8-92157d986a72 <- TX(26)
2021-08-14 14:05:26,768 [SCMBlockDeletingService#0] DEBUG block.SCMBlockDeletingService (DatanodeDeletedBlockTransactions.java:addTransactionToDN(50)) - Transaction added: a3a688a0-b759-42a1-9d42-7ea63bf88025 <- TX(26)
2021-08-14 14:05:26,768 [SCMBlockDeletingService#0] DEBUG block.SCMBlockDeletingService (DatanodeDeletedBlockTransactions.java:addTransactionToDN(50)) - Transaction added: a3a688a0-b759-42a1-9d42-7ea63bf88025 <- TX(27)
2021-08-14 14:05:26,768 [SCMBlockDeletingService#0] DEBUG block.SCMBlockDeletingService (DatanodeDeletedBlockTransactions.java:addTransactionToDN(50)) - Transaction added: e5d3e9d3-1367-47eb-ad7f-372895a70f55 <- TX(27)
2021-08-14 14:05:26,768 [SCMBlockDeletingService#0] DEBUG block.SCMBlockDeletingService (DatanodeDeletedBlockTransactions.java:addTransactionToDN(50)) - Transaction added: 41bdc6fc-f730-460f-b2d8-92157d986a72 <- TX(27)
2021-08-14 14:05:26,768 [SCMBlockDeletingService#0] DEBUG block.SCMBlockDeletingService (DatanodeDeletedBlockTransactions.java:addTransactionToDN(50)) - Transaction added: 41bdc6fc-f730-460f-b2d8-92157d986a72 <- TX(28)
2021-08-14 14:05:26,769 [SCMBlockDeletingService#0] DEBUG block.SCMBlockDeletingService (DatanodeDeletedBlockTransactions.java:addTransactionToDN(50)) - Transaction added: e5d3e9d3-1367-47eb-ad7f-372895a70f55 <- TX(28)
2021-08-14 14:05:26,769 [SCMBlockDeletingService#0] DEBUG block.SCMBlockDeletingService (DatanodeDeletedBlockTransactions.java:addTransactionToDN(50)) - Transaction added: a3a688a0-b759-42a1-9d42-7ea63bf88025 <- TX(28)
2021-08-14 14:05:26,769 [SCMBlockDeletingService#0] DEBUG block.SCMBlockDeletingService (DatanodeDeletedBlockTransactions.java:addTransactionToDN(50)) - Transaction added: a3a688a0-b759-42a1-9d42-7ea63bf88025 <- TX(29)
2021-08-14 14:05:26,769 [SCMBlockDeletingService#0] DEBUG block.SCMBlockDeletingService (DatanodeDeletedBlockTransactions.java:addTransactionToDN(50)) - Transaction added: e5d3e9d3-1367-47eb-ad7f-372895a70f55 <- TX(29)
2021-08-14 14:05:26,769 [SCMBlockDeletingService#0] DEBUG block.SCMBlockDeletingService (DatanodeDeletedBlockTransactions.java:addTransactionToDN(50)) - Transaction added: 41bdc6fc-f730-460f-b2d8-92157d986a72 <- TX(29)
2021-08-14 14:05:26,769 [SCMBlockDeletingService#0] DEBUG block.SCMBlockDeletingService (DatanodeDeletedBlockTransactions.java:addTransactionToDN(50)) - Transaction added: a3a688a0-b759-42a1-9d42-7ea63bf88025 <- TX(30)
2021-08-14 14:05:26,769 [SCMBlockDeletingService#0] DEBUG block.SCMBlockDeletingService (DatanodeDeletedBlockTransactions.java:addTransactionToDN(50)) - Transaction added: 41bdc6fc-f730-460f-b2d8-92157d986a72 <- TX(30)
2021-08-14 14:05:26,769 [SCMBlockDeletingService#0] DEBUG block.SCMBlockDeletingService (DatanodeDeletedBlockTransactions.java:addTransactionToDN(50)) - Transaction added: e5d3e9d3-1367-47eb-ad7f-372895a70f55 <- TX(30)
2021-08-14 14:05:26,769 [SCMBlockDeletingService#0] DEBUG block.SCMBlockDeletingService (DatanodeDeletedBlockTransactions.java:addTransactionToDN(50)) - Transaction added: 41bdc6fc-f730-460f-b2d8-92157d986a72 <- TX(31)
2021-08-14 14:05:26,769 [SCMBlockDeletingService#0] DEBUG block.SCMBlockDeletingService (DatanodeDeletedBlockTransactions.java:addTransactionToDN(50)) - Transaction added: a3a688a0-b759-42a1-9d42-7ea63bf88025 <- TX(31)
2021-08-14 14:05:26,769 [SCMBlockDeletingService#0] DEBUG block.SCMBlockDeletingService (DatanodeDeletedBlockTransactions.java:addTransactionToDN(50)) - Transaction added: e5d3e9d3-1367-47eb-ad7f-372895a70f55 <- TX(31)
2021-08-14 14:05:26,769 [SCMBlockDeletingService#0] DEBUG block.SCMBlockDeletingService (DatanodeDeletedBlockTransactions.java:addTransactionToDN(50)) - Transaction added: a3a688a0-b759-42a1-9d42-7ea63bf88025 <- TX(32)
2021-08-14 14:05:26,769 [SCMBlockDeletingService#0] DEBUG block.SCMBlockDeletingService (DatanodeDeletedBlockTransactions.java:addTransactionToDN(50)) - Transaction added: 41bdc6fc-f730-460f-b2d8-92157d986a72 <- TX(32)
2021-08-14 14:05:26,769 [SCMBlockDeletingService#0] DEBUG block.SCMBlockDeletingService (DatanodeDeletedBlockTransactions.java:addTransactionToDN(50)) - Transaction added: e5d3e9d3-1367-47eb-ad7f-372895a70f55 <- TX(32)
2021-08-14 14:05:26,769 [SCMBlockDeletingService#0] DEBUG block.SCMBlockDeletingService (DatanodeDeletedBlockTransactions.java:addTransactionToDN(50)) - Transaction added: e5d3e9d3-1367-47eb-ad7f-372895a70f55 <- TX(33)
2021-08-14 14:05:26,769 [SCMBlockDeletingService#0] DEBUG block.SCMBlockDeletingService (DatanodeDeletedBlockTransactions.java:addTransactionToDN(50)) - Transaction added: 41bdc6fc-f730-460f-b2d8-92157d986a72 <- TX(33)
2021-08-14 14:05:26,769 [SCMBlockDeletingService#0] DEBUG block.SCMBlockDeletingService (DatanodeDeletedBlockTransactions.java:addTransactionToDN(50)) - Transaction added: a3a688a0-b759-42a1-9d42-7ea63bf88025 <- TX(33)
2021-08-14 14:05:26,769 [SCMBlockDeletingService#0] DEBUG block.SCMBlockDeletingService (DatanodeDeletedBlockTransactions.java:addTransactionToDN(50)) - Transaction added: a3a688a0-b759-42a1-9d42-7ea63bf88025 <- TX(34)
2021-08-14 14:05:26,769 [SCMBlockDeletingService#0] DEBUG block.SCMBlockDeletingService (DatanodeDeletedBlockTransactions.java:addTransactionToDN(50)) - Transaction added: 41bdc6fc-f730-460f-b2d8-92157d986a72 <- TX(34)
2021-08-14 14:05:26,769 [SCMBlockDeletingService#0] DEBUG block.SCMBlockDeletingService (DatanodeDeletedBlockTransactions.java:addTransactionToDN(50)) - Transaction added: e5d3e9d3-1367-47eb-ad7f-372895a70f55 <- TX(34)
2021-08-14 14:05:26,769 [SCMBlockDeletingService#0] DEBUG block.SCMBlockDeletingService (DatanodeDeletedBlockTransactions.java:addTransactionToDN(50)) - Transaction added: e5d3e9d3-1367-47eb-ad7f-372895a70f55 <- TX(35)
2021-08-14 14:05:26,769 [SCMBlockDeletingService#0] DEBUG block.SCMBlockDeletingService (DatanodeDeletedBlockTransactions.java:addTransactionToDN(50)) - Transaction added: 41bdc6fc-f730-460f-b2d8-92157d986a72 <- TX(35)
2021-08-14 14:05:26,769 [SCMBlockDeletingService#0] DEBUG block.SCMBlockDeletingService (DatanodeDeletedBlockTransactions.java:addTransactionToDN(50)) - Transaction added: a3a688a0-b759-42a1-9d42-7ea63bf88025 <- TX(35)
2021-08-14 14:05:26,769 [SCMBlockDeletingService#0] DEBUG block.SCMBlockDeletingService (DatanodeDeletedBlockTransactions.java:addTransactionToDN(50)) - Transaction added: a3a688a0-b759-42a1-9d42-7ea63bf88025 <- TX(36)
2021-08-14 14:05:26,769 [SCMBlockDeletingService#0] DEBUG block.SCMBlockDeletingService (DatanodeDeletedBlockTransactions.java:addTransactionToDN(50)) - Transaction added: 41bdc6fc-f730-460f-b2d8-92157d986a72 <- TX(36)
2021-08-14 14:05:26,769 [SCMBlockDeletingService#0] DEBUG block.SCMBlockDeletingService (DatanodeDeletedBlockTransactions.java:addTransactionToDN(50)) - Transaction added: e5d3e9d3-1367-47eb-ad7f-372895a70f55 <- TX(36)
2021-08-14 14:05:26,769 [SCMBlockDeletingService#0] DEBUG block.SCMBlockDeletingService (DatanodeDeletedBlockTransactions.java:addTransactionToDN(50)) - Transaction added: a3a688a0-b759-42a1-9d42-7ea63bf88025 <- TX(37)
2021-08-14 14:05:26,769 [SCMBlockDeletingService#0] DEBUG block.SCMBlockDeletingService (DatanodeDeletedBlockTransactions.java:addTransactionToDN(50)) - Transaction added: e5d3e9d3-1367-47eb-ad7f-372895a70f55 <- TX(37)
2021-08-14 14:05:26,769 [SCMBlockDeletingService#0] DEBUG block.SCMBlockDeletingService (DatanodeDeletedBlockTransactions.java:addTransactionToDN(50)) - Transaction added: 41bdc6fc-f730-460f-b2d8-92157d986a72 <- TX(37)
2021-08-14 14:05:26,770 [SCMBlockDeletingService#0] DEBUG block.SCMBlockDeletingService (DatanodeDeletedBlockTransactions.java:addTransactionToDN(50)) - Transaction added: a3a688a0-b759-42a1-9d42-7ea63bf88025 <- TX(38)
2021-08-14 14:05:26,770 [SCMBlockDeletingService#0] DEBUG block.SCMBlockDeletingService (DatanodeDeletedBlockTransactions.java:addTransactionToDN(50)) - Transaction added: 41bdc6fc-f730-460f-b2d8-92157d986a72 <- TX(38)
2021-08-14 14:05:26,770 [SCMBlockDeletingService#0] DEBUG block.SCMBlockDeletingService (DatanodeDeletedBlockTransactions.java:addTransactionToDN(50)) - Transaction added: e5d3e9d3-1367-47eb-ad7f-372895a70f55 <- TX(38)
2021-08-14 14:05:26,770 [SCMBlockDeletingService#0] DEBUG block.SCMBlockDeletingService (DatanodeDeletedBlockTransactions.java:addTransactionToDN(50)) - Transaction added: a3a688a0-b759-42a1-9d42-7ea63bf88025 <- TX(39)
2021-08-14 14:05:26,770 [SCMBlockDeletingService#0] DEBUG block.SCMBlockDeletingService (DatanodeDeletedBlockTransactions.java:addTransactionToDN(50)) - Transaction added: e5d3e9d3-1367-47eb-ad7f-372895a70f55 <- TX(39)
2021-08-14 14:05:26,770 [SCMBlockDeletingService#0] DEBUG block.SCMBlockDeletingService (DatanodeDeletedBlockTransactions.java:addTransactionToDN(50)) - Transaction added: 41bdc6fc-f730-460f-b2d8-92157d986a72 <- TX(39)
2021-08-14 14:05:26,770 [SCMBlockDeletingService#0] DEBUG block.SCMBlockDeletingService (DatanodeDeletedBlockTransactions.java:addTransactionToDN(50)) - Transaction added: 41bdc6fc-f730-460f-b2d8-92157d986a72 <- TX(40)
2021-08-14 14:05:26,770 [SCMBlockDeletingService#0] DEBUG block.SCMBlockDeletingService (DatanodeDeletedBlockTransactions.java:addTransactionToDN(50)) - Transaction added: e5d3e9d3-1367-47eb-ad7f-372895a70f55 <- TX(40)
2021-08-14 14:05:26,770 [SCMBlockDeletingService#0] DEBUG block.SCMBlockDeletingService (DatanodeDeletedBlockTransactions.java:addTransactionToDN(50)) - Transaction added: a3a688a0-b759-42a1-9d42-7ea63bf88025 <- TX(40)
2021-08-14 14:05:26,770 [SCMBlockDeletingService#0] DEBUG block.SCMBlockDeletingService (DatanodeDeletedBlockTransactions.java:addTransactionToDN(50)) - Transaction added: a3a688a0-b759-42a1-9d42-7ea63bf88025 <- TX(41)
2021-08-14 14:05:26,770 [SCMBlockDeletingService#0] DEBUG block.SCMBlockDeletingService (DatanodeDeletedBlockTransactions.java:addTransactionToDN(50)) - Transaction added: e5d3e9d3-1367-47eb-ad7f-372895a70f55 <- TX(41)
2021-08-14 14:05:26,770 [SCMBlockDeletingService#0] DEBUG block.SCMBlockDeletingService (DatanodeDeletedBlockTransactions.java:addTransactionToDN(50)) - Transaction added: 41bdc6fc-f730-460f-b2d8-92157d986a72 <- TX(41)
2021-08-14 14:05:26,770 [SCMBlockDeletingService#0] DEBUG block.SCMBlockDeletingService (DatanodeDeletedBlockTransactions.java:addTransactionToDN(50)) - Transaction added: 41bdc6fc-f730-460f-b2d8-92157d986a72 <- TX(42)
2021-08-14 14:05:26,770 [SCMBlockDeletingService#0] DEBUG block.SCMBlockDeletingService (DatanodeDeletedBlockTransactions.java:addTransactionToDN(50)) - Transaction added: e5d3e9d3-1367-47eb-ad7f-372895a70f55 <- TX(42)
2021-08-14 14:05:26,770 [SCMBlockDeletingService#0] DEBUG block.SCMBlockDeletingService (DatanodeDeletedBlockTransactions.java:addTransactionToDN(50)) - Transaction added: a3a688a0-b759-42a1-9d42-7ea63bf88025 <- TX(42)
2021-08-14 14:05:26,770 [SCMBlockDeletingService#0] DEBUG block.SCMBlockDeletingService (DatanodeDeletedBlockTransactions.java:addTransactionToDN(50)) - Transaction added: a3a688a0-b759-42a1-9d42-7ea63bf88025 <- TX(43)
2021-08-14 14:05:26,770 [SCMBlockDeletingService#0] DEBUG block.SCMBlockDeletingService (DatanodeDeletedBlockTransactions.java:addTransactionToDN(50)) - Transaction added: e5d3e9d3-1367-47eb-ad7f-372895a70f55 <- TX(43)
2021-08-14 14:05:26,770 [SCMBlockDeletingService#0] DEBUG block.SCMBlockDeletingService (DatanodeDeletedBlockTransactions.java:addTransactionToDN(50)) - Transaction added: 41bdc6fc-f730-460f-b2d8-92157d986a72 <- TX(43)
2021-08-14 14:05:26,770 [SCMBlockDeletingService#0] DEBUG block.SCMBlockDeletingService (DatanodeDeletedBlockTransactions.java:addTransactionToDN(50)) - Transaction added: 41bdc6fc-f730-460f-b2d8-92157d986a72 <- TX(44)
2021-08-14 14:05:26,770 [SCMBlockDeletingService#0] DEBUG block.SCMBlockDeletingService (DatanodeDeletedBlockTransactions.java:addTransactionToDN(50)) - Transaction added: e5d3e9d3-1367-47eb-ad7f-372895a70f55 <- TX(44)
2021-08-14 14:05:26,770 [SCMBlockDeletingService#0] DEBUG block.SCMBlockDeletingService (DatanodeDeletedBlockTransactions.java:addTransactionToDN(50)) - Transaction added: a3a688a0-b759-42a1-9d42-7ea63bf88025 <- TX(44)
2021-08-14 14:05:26,770 [SCMBlockDeletingService#0] DEBUG block.SCMBlockDeletingService (DatanodeDeletedBlockTransactions.java:addTransactionToDN(50)) - Transaction added: a3a688a0-b759-42a1-9d42-7ea63bf88025 <- TX(45)
2021-08-14 14:05:26,770 [SCMBlockDeletingService#0] DEBUG block.SCMBlockDeletingService (DatanodeDeletedBlockTransactions.java:addTransactionToDN(50)) - Transaction added: e5d3e9d3-1367-47eb-ad7f-372895a70f55 <- TX(45)
2021-08-14 14:05:26,770 [SCMBlockDeletingService#0] DEBUG block.SCMBlockDeletingService (DatanodeDeletedBlockTransactions.java:addTransactionToDN(50)) - Transaction added: 41bdc6fc-f730-460f-b2d8-92157d986a72 <- TX(45)
2021-08-14 14:05:26,770 [SCMBlockDeletingService#0] DEBUG block.SCMBlockDeletingService (DatanodeDeletedBlockTransactions.java:addTransactionToDN(50)) - Transaction added: a3a688a0-b759-42a1-9d42-7ea63bf88025 <- TX(46)
2021-08-14 14:05:26,770 [SCMBlockDeletingService#0] DEBUG block.SCMBlockDeletingService (DatanodeDeletedBlockTransactions.java:addTransactionToDN(50)) - Transaction added: 41bdc6fc-f730-460f-b2d8-92157d986a72 <- TX(46)
2021-08-14 14:05:26,770 [SCMBlockDeletingService#0] DEBUG block.SCMBlockDeletingService (DatanodeDeletedBlockTransactions.java:addTransactionToDN(50)) - Transaction added: e5d3e9d3-1367-47eb-ad7f-372895a70f55 <- TX(46)
2021-08-14 14:05:26,770 [SCMBlockDeletingService#0] DEBUG block.SCMBlockDeletingService (DatanodeDeletedBlockTransactions.java:addTransactionToDN(50)) - Transaction added: 41bdc6fc-f730-460f-b2d8-92157d986a72 <- TX(47)
2021-08-14 14:05:26,770 [SCMBlockDeletingService#0] DEBUG block.SCMBlockDeletingService (DatanodeDeletedBlockTransactions.java:addTransactionToDN(50)) - Transaction added: a3a688a0-b759-42a1-9d42-7ea63bf88025 <- TX(47)
2021-08-14 14:05:26,770 [SCMBlockDeletingService#0] DEBUG block.SCMBlockDeletingService (DatanodeDeletedBlockTransactions.java:addTransactionToDN(50)) - Transaction added: e5d3e9d3-1367-47eb-ad7f-372895a70f55 <- TX(47)
2021-08-14 14:05:26,770 [SCMBlockDeletingService#0] DEBUG block.SCMBlockDeletingService (DatanodeDeletedBlockTransactions.java:addTransactionToDN(50)) - Transaction added: a3a688a0-b759-42a1-9d42-7ea63bf88025 <- TX(48)
2021-08-14 14:05:26,770 [SCMBlockDeletingService#0] DEBUG block.SCMBlockDeletingService (DatanodeDeletedBlockTransactions.java:addTransactionToDN(50)) - Transaction added: 41bdc6fc-f730-460f-b2d8-92157d986a72 <- TX(48)
2021-08-14 14:05:26,771 [SCMBlockDeletingService#0] DEBUG block.SCMBlockDeletingService (DatanodeDeletedBlockTransactions.java:addTransactionToDN(50)) - Transaction added: e5d3e9d3-1367-47eb-ad7f-372895a70f55 <- TX(48)
2021-08-14 14:05:26,771 [SCMBlockDeletingService#0] DEBUG block.SCMBlockDeletingService (DatanodeDeletedBlockTransactions.java:addTransactionToDN(50)) - Transaction added: e5d3e9d3-1367-47eb-ad7f-372895a70f55 <- TX(49)
2021-08-14 14:05:26,771 [SCMBlockDeletingService#0] DEBUG block.SCMBlockDeletingService (DatanodeDeletedBlockTransactions.java:addTransactionToDN(50)) - Transaction added: 41bdc6fc-f730-460f-b2d8-92157d986a72 <- TX(49)
2021-08-14 14:05:26,771 [SCMBlockDeletingService#0] DEBUG block.SCMBlockDeletingService (DatanodeDeletedBlockTransactions.java:addTransactionToDN(50)) - Transaction added: a3a688a0-b759-42a1-9d42-7ea63bf88025 <- TX(49)
2021-08-14 14:05:26,771 [SCMBlockDeletingService#0] DEBUG block.SCMBlockDeletingService (DatanodeDeletedBlockTransactions.java:addTransactionToDN(50)) - Transaction added: a3a688a0-b759-42a1-9d42-7ea63bf88025 <- TX(50)
2021-08-14 14:05:26,771 [SCMBlockDeletingService#0] DEBUG block.SCMBlockDeletingService (DatanodeDeletedBlockTransactions.java:addTransactionToDN(50)) - Transaction added: 41bdc6fc-f730-460f-b2d8-92157d986a72 <- TX(50)
2021-08-14 14:05:26,771 [SCMBlockDeletingService#0] DEBUG block.SCMBlockDeletingService (DatanodeDeletedBlockTransactions.java:addTransactionToDN(50)) - Transaction added: e5d3e9d3-1367-47eb-ad7f-372895a70f55 <- TX(50)
2021-08-14 14:05:26,771 [SCMBlockDeletingService#0] DEBUG block.SCMBlockDeletingService (DatanodeDeletedBlockTransactions.java:addTransactionToDN(50)) - Transaction added: e5d3e9d3-1367-47eb-ad7f-372895a70f55 <- TX(51)
2021-08-14 14:05:26,771 [SCMBlockDeletingService#0] DEBUG block.SCMBlockDeletingService (DatanodeDeletedBlockTransactions.java:addTransactionToDN(50)) - Transaction added: 41bdc6fc-f730-460f-b2d8-92157d986a72 <- TX(51)
2021-08-14 14:05:26,771 [SCMBlockDeletingService#0] DEBUG block.SCMBlockDeletingService (DatanodeDeletedBlockTransactions.java:addTransactionToDN(50)) - Transaction added: a3a688a0-b759-42a1-9d42-7ea63bf88025 <- TX(51)
2021-08-14 14:05:26,771 [SCMBlockDeletingService#0] DEBUG block.SCMBlockDeletingService (DatanodeDeletedBlockTransactions.java:addTransactionToDN(50)) - Transaction added: a3a688a0-b759-42a1-9d42-7ea63bf88025 <- TX(52)
2021-08-14 14:05:26,771 [SCMBlockDeletingService#0] DEBUG block.SCMBlockDeletingService (DatanodeDeletedBlockTransactions.java:addTransactionToDN(50)) - Transaction added: 41bdc6fc-f730-460f-b2d8-92157d986a72 <- TX(52)
2021-08-14 14:05:26,771 [SCMBlockDeletingService#0] DEBUG block.SCMBlockDeletingService (DatanodeDeletedBlockTransactions.java:addTransactionToDN(50)) - Transaction added: e5d3e9d3-1367-47eb-ad7f-372895a70f55 <- TX(52)
2021-08-14 14:05:26,771 [SCMBlockDeletingService#0] DEBUG block.SCMBlockDeletingService (DatanodeDeletedBlockTransactions.java:addTransactionToDN(50)) - Transaction added: a3a688a0-b759-42a1-9d42-7ea63bf88025 <- TX(53)
2021-08-14 14:05:26,771 [SCMBlockDeletingService#0] DEBUG block.SCMBlockDeletingService (DatanodeDeletedBlockTransactions.java:addTransactionToDN(50)) - Transaction added: e5d3e9d3-1367-47eb-ad7f-372895a70f55 <- TX(53)
2021-08-14 14:05:26,771 [SCMBlockDeletingService#0] DEBUG block.SCMBlockDeletingService (DatanodeDeletedBlockTransactions.java:addTransactionToDN(50)) - Transaction added: 41bdc6fc-f730-460f-b2d8-92157d986a72 <- TX(53)
2021-08-14 14:05:26,771 [SCMBlockDeletingService#0] DEBUG block.SCMBlockDeletingService (DatanodeDeletedBlockTransactions.java:addTransactionToDN(50)) - Transaction added: a3a688a0-b759-42a1-9d42-7ea63bf88025 <- TX(54)
2021-08-14 14:05:26,771 [SCMBlockDeletingService#0] DEBUG block.SCMBlockDeletingService (DatanodeDeletedBlockTransactions.java:addTransactionToDN(50)) - Transaction added: 41bdc6fc-f730-460f-b2d8-92157d986a72 <- TX(54)
2021-08-14 14:05:26,771 [SCMBlockDeletingService#0] DEBUG block.SCMBlockDeletingService (DatanodeDeletedBlockTransactions.java:addTransactionToDN(50)) - Transaction added: e5d3e9d3-1367-47eb-ad7f-372895a70f55 <- TX(54)
2021-08-14 14:05:26,771 [SCMBlockDeletingService#0] DEBUG block.SCMBlockDeletingService (DatanodeDeletedBlockTransactions.java:addTransactionToDN(50)) - Transaction added: a3a688a0-b759-42a1-9d42-7ea63bf88025 <- TX(55)
2021-08-14 14:05:26,771 [SCMBlockDeletingService#0] DEBUG block.SCMBlockDeletingService (DatanodeDeletedBlockTransactions.java:addTransactionToDN(50)) - Transaction added: e5d3e9d3-1367-47eb-ad7f-372895a70f55 <- TX(55)
2021-08-14 14:05:26,771 [SCMBlockDeletingService#0] DEBUG block.SCMBlockDeletingService (DatanodeDeletedBlockTransactions.java:addTransactionToDN(50)) - Transaction added: 41bdc6fc-f730-460f-b2d8-92157d986a72 <- TX(55)
2021-08-14 14:05:26,771 [SCMBlockDeletingService#0] DEBUG block.SCMBlockDeletingService (DatanodeDeletedBlockTransactions.java:addTransactionToDN(50)) - Transaction added: 41bdc6fc-f730-460f-b2d8-92157d986a72 <- TX(56)
2021-08-14 14:05:26,771 [SCMBlockDeletingService#0] DEBUG block.SCMBlockDeletingService (DatanodeDeletedBlockTransactions.java:addTransactionToDN(50)) - Transaction added: e5d3e9d3-1367-47eb-ad7f-372895a70f55 <- TX(56)
2021-08-14 14:05:26,771 [SCMBlockDeletingService#0] DEBUG block.SCMBlockDeletingService (DatanodeDeletedBlockTransactions.java:addTransactionToDN(50)) - Transaction added: a3a688a0-b759-42a1-9d42-7ea63bf88025 <- TX(56)
2021-08-14 14:05:26,771 [SCMBlockDeletingService#0] DEBUG block.SCMBlockDeletingService (SCMBlockDeletingService.java:call(164)) - Added delete block command for datanode a3a688a0-b759-42a1-9d42-7ea63bf88025 in the queue, number of delete block transactions: 38
2021-08-14 14:05:26,771 [SCMBlockDeletingService#0] DEBUG block.SCMBlockDeletingService (SCMBlockDeletingService.java:call(164)) - Added delete block command for datanode e5d3e9d3-1367-47eb-ad7f-372895a70f55 in the queue, number of delete block transactions: 56
2021-08-14 14:05:26,771 [SCMBlockDeletingService#0] DEBUG block.SCMBlockDeletingService (SCMBlockDeletingService.java:call(164)) - Added delete block command for datanode 41bdc6fc-f730-460f-b2d8-92157d986a72 in the queue, number of delete block transactions: 56
2021-08-14 14:05:26,771 [SCMBlockDeletingService#0] INFO  block.SCMBlockDeletingService (SCMBlockDeletingService.java:call(174)) - Totally added 150 blocks to be deleted for 3 datanodes, task elapsed time: 26ms
2021-08-14 14:05:26,820 [BlockDeletingService#2] INFO  background.BlockDeletingService (BlockDeletingService.java:getTasks(158)) - Plan to choose 5000 blocks for block deletion, actually deleting 19 blocks.
2021-08-14 14:05:26,848 [BlockDeletingService#2] INFO  impl.FilePerBlockStrategy (FilePerBlockStrategy.java:deleteChunk(227)) - Deleted block file: /home/runner/work/ozone/ozone/hadoop-ozone/integration-test/target/test-dir/MiniOzoneClusterImpl-903ecea8-4fd7-4e9d-96bf-9013ab6d4ae3/datanode-1/data-0/containers/hdds/903ecea8-4fd7-4e9d-96bf-9013ab6d4ae3/current/containerDir0/1/chunks/107544261427200001.block
2021-08-14 14:05:26,848 [BlockDeletingService#2] INFO  background.BlockDeletingService (BlockDeletingService.java:deleteViaSchema2(447)) - Container: 1, deleted blocks: 1, task elapsed time: 1ms
2021-08-14 14:05:26,849 [BlockDeletingService#9] INFO  impl.FilePerBlockStrategy (FilePerBlockStrategy.java:deleteChunk(227)) - Deleted block file: /home/runner/work/ozone/ozone/hadoop-ozone/integration-test/target/test-dir/MiniOzoneClusterImpl-903ecea8-4fd7-4e9d-96bf-9013ab6d4ae3/datanode-1/data-0/containers/hdds/903ecea8-4fd7-4e9d-96bf-9013ab6d4ae3/current/containerDir0/17/chunks/107544261427200017.block
2021-08-14 14:05:26,850 [BlockDeletingService#9] INFO  background.BlockDeletingService (BlockDeletingService.java:deleteViaSchema2(447)) - Container: 17, deleted blocks: 1, task elapsed time: 1ms
2021-08-14 14:05:26,851 [BlockDeletingService#5] INFO  impl.FilePerBlockStrategy (FilePerBlockStrategy.java:deleteChunk(227)) - Deleted block file: /home/runner/work/ozone/ozone/hadoop-ozone/integration-test/target/test-dir/MiniOzoneClusterImpl-903ecea8-4fd7-4e9d-96bf-9013ab6d4ae3/datanode-1/data-0/containers/hdds/903ecea8-4fd7-4e9d-96bf-9013ab6d4ae3/current/containerDir0/15/chunks/107544261427200015.block
2021-08-14 14:05:26,851 [BlockDeletingService#5] INFO  background.BlockDeletingService (BlockDeletingService.java:deleteViaSchema2(447)) - Container: 15, deleted blocks: 1, task elapsed time: 1ms
2021-08-14 14:05:26,851 [BlockDeletingService#5] INFO  impl.FilePerBlockStrategy (FilePerBlockStrategy.java:deleteChunk(227)) - Deleted block file: /home/runner/work/ozone/ozone/hadoop-ozone/integration-test/target/test-dir/MiniOzoneClusterImpl-903ecea8-4fd7-4e9d-96bf-9013ab6d4ae3/datanode-1/data-0/containers/hdds/903ecea8-4fd7-4e9d-96bf-9013ab6d4ae3/current/containerDir0/14/chunks/107544261427200014.block
2021-08-14 14:05:26,851 [BlockDeletingService#5] INFO  background.BlockDeletingService (BlockDeletingService.java:deleteViaSchema2(447)) - Container: 14, deleted blocks: 1, task elapsed time: 0ms
2021-08-14 14:05:26,852 [BlockDeletingService#5] INFO  impl.FilePerBlockStrategy (FilePerBlockStrategy.java:deleteChunk(227)) - Deleted block file: /home/runner/work/ozone/ozone/hadoop-ozone/integration-test/target/test-dir/MiniOzoneClusterImpl-903ecea8-4fd7-4e9d-96bf-9013ab6d4ae3/datanode-1/data-0/containers/hdds/903ecea8-4fd7-4e9d-96bf-9013ab6d4ae3/current/containerDir0/13/chunks/107544261427200013.block
2021-08-14 14:05:26,852 [BlockDeletingService#5] INFO  background.BlockDeletingService (BlockDeletingService.java:deleteViaSchema2(447)) - Container: 13, deleted blocks: 1, task elapsed time: 1ms
2021-08-14 14:05:26,853 [BlockDeletingService#1] INFO  impl.FilePerBlockStrategy (FilePerBlockStrategy.java:deleteChunk(227)) - Deleted block file: /home/runner/work/ozone/ozone/hadoop-ozone/integration-test/target/test-dir/MiniOzoneClusterImpl-903ecea8-4fd7-4e9d-96bf-9013ab6d4ae3/datanode-1/data-0/containers/hdds/903ecea8-4fd7-4e9d-96bf-9013ab6d4ae3/current/containerDir0/11/chunks/107544261427200011.block
2021-08-14 14:05:26,854 [BlockDeletingService#1] INFO  background.BlockDeletingService (BlockDeletingService.java:deleteViaSchema2(447)) - Container: 11, deleted blocks: 1, task elapsed time: 0ms
2021-08-14 14:05:26,854 [BlockDeletingService#3] INFO  impl.FilePerBlockStrategy (FilePerBlockStrategy.java:deleteChunk(227)) - Deleted block file: /home/runner/work/ozone/ozone/hadoop-ozone/integration-test/target/test-dir/MiniOzoneClusterImpl-903ecea8-4fd7-4e9d-96bf-9013ab6d4ae3/datanode-1/data-0/containers/hdds/903ecea8-4fd7-4e9d-96bf-9013ab6d4ae3/current/containerDir0/9/chunks/107544261427200009.block
2021-08-14 14:05:26,854 [BlockDeletingService#3] INFO  background.BlockDeletingService (BlockDeletingService.java:deleteViaSchema2(447)) - Container: 9, deleted blocks: 1, task elapsed time: 1ms
2021-08-14 14:05:26,854 [BlockDeletingService#1] INFO  impl.FilePerBlockStrategy (FilePerBlockStrategy.java:deleteChunk(227)) - Deleted block file: /home/runner/work/ozone/ozone/hadoop-ozone/integration-test/target/test-dir/MiniOzoneClusterImpl-903ecea8-4fd7-4e9d-96bf-9013ab6d4ae3/datanode-1/data-0/containers/hdds/903ecea8-4fd7-4e9d-96bf-9013ab6d4ae3/current/containerDir0/8/chunks/107544261427200008.block
2021-08-14 14:05:26,854 [BlockDeletingService#1] INFO  background.BlockDeletingService (BlockDeletingService.java:deleteViaSchema2(447)) - Container: 8, deleted blocks: 1, task elapsed time: 0ms
2021-08-14 14:05:26,855 [BlockDeletingService#3] INFO  impl.FilePerBlockStrategy (FilePerBlockStrategy.java:deleteChunk(227)) - Deleted block file: /home/runner/work/ozone/ozone/hadoop-ozone/integration-test/target/test-dir/MiniOzoneClusterImpl-903ecea8-4fd7-4e9d-96bf-9013ab6d4ae3/datanode-1/data-0/containers/hdds/903ecea8-4fd7-4e9d-96bf-9013ab6d4ae3/current/containerDir0/7/chunks/107544261427200007.block
2021-08-14 14:05:26,855 [BlockDeletingService#3] INFO  background.BlockDeletingService (BlockDeletingService.java:deleteViaSchema2(447)) - Container: 7, deleted blocks: 1, task elapsed time: 1ms
2021-08-14 14:05:26,855 [BlockDeletingService#1] INFO  impl.FilePerBlockStrategy (FilePerBlockStrategy.java:deleteChunk(227)) - Deleted block file: /home/runner/work/ozone/ozone/hadoop-ozone/integration-test/target/test-dir/MiniOzoneClusterImpl-903ecea8-4fd7-4e9d-96bf-9013ab6d4ae3/datanode-1/data-0/containers/hdds/903ecea8-4fd7-4e9d-96bf-9013ab6d4ae3/current/containerDir0/6/chunks/107544261427200006.block
2021-08-14 14:05:26,855 [BlockDeletingService#1] INFO  background.BlockDeletingService (BlockDeletingService.java:deleteViaSchema2(447)) - Container: 6, deleted blocks: 1, task elapsed time: 1ms
2021-08-14 14:05:26,856 [BlockDeletingService#3] INFO  impl.FilePerBlockStrategy (FilePerBlockStrategy.java:deleteChunk(227)) - Deleted block file: /home/runner/work/ozone/ozone/hadoop-ozone/integration-test/target/test-dir/MiniOzoneClusterImpl-903ecea8-4fd7-4e9d-96bf-9013ab6d4ae3/datanode-1/data-0/containers/hdds/903ecea8-4fd7-4e9d-96bf-9013ab6d4ae3/current/containerDir0/5/chunks/107544261427200005.block
2021-08-14 14:05:26,856 [BlockDeletingService#3] INFO  background.BlockDeletingService (BlockDeletingService.java:deleteViaSchema2(447)) - Container: 5, deleted blocks: 1, task elapsed time: 1ms
2021-08-14 14:05:26,856 [BlockDeletingService#1] INFO  impl.FilePerBlockStrategy (FilePerBlockStrategy.java:deleteChunk(227)) - Deleted block file: /home/runner/work/ozone/ozone/hadoop-ozone/integration-test/target/test-dir/MiniOzoneClusterImpl-903ecea8-4fd7-4e9d-96bf-9013ab6d4ae3/datanode-1/data-0/containers/hdds/903ecea8-4fd7-4e9d-96bf-9013ab6d4ae3/current/containerDir0/4/chunks/107544261427200004.block
2021-08-14 14:05:26,856 [BlockDeletingService#1] INFO  background.BlockDeletingService (BlockDeletingService.java:deleteViaSchema2(447)) - Container: 4, deleted blocks: 1, task elapsed time: 1ms
2021-08-14 14:05:26,856 [BlockDeletingService#3] INFO  impl.FilePerBlockStrategy (FilePerBlockStrategy.java:deleteChunk(227)) - Deleted block file: /home/runner/work/ozone/ozone/hadoop-ozone/integration-test/target/test-dir/MiniOzoneClusterImpl-903ecea8-4fd7-4e9d-96bf-9013ab6d4ae3/datanode-1/data-0/containers/hdds/903ecea8-4fd7-4e9d-96bf-9013ab6d4ae3/current/containerDir0/3/chunks/107544261427200003.block
2021-08-14 14:05:26,857 [BlockDeletingService#3] INFO  background.BlockDeletingService (BlockDeletingService.java:deleteViaSchema2(447)) - Container: 3, deleted blocks: 1, task elapsed time: 0ms
2021-08-14 14:05:26,857 [BlockDeletingService#1] INFO  impl.FilePerBlockStrategy (FilePerBlockStrategy.java:deleteChunk(227)) - Deleted block file: /home/runner/work/ozone/ozone/hadoop-ozone/integration-test/target/test-dir/MiniOzoneClusterImpl-903ecea8-4fd7-4e9d-96bf-9013ab6d4ae3/datanode-1/data-0/containers/hdds/903ecea8-4fd7-4e9d-96bf-9013ab6d4ae3/current/containerDir0/2/chunks/107544261427200002.block
2021-08-14 14:05:26,857 [BlockDeletingService#1] INFO  background.BlockDeletingService (BlockDeletingService.java:deleteViaSchema2(447)) - Container: 2, deleted blocks: 1, task elapsed time: 1ms
2021-08-14 14:05:26,857 [BlockDeletingService#6] INFO  impl.FilePerBlockStrategy (FilePerBlockStrategy.java:deleteChunk(227)) - Deleted block file: /home/runner/work/ozone/ozone/hadoop-ozone/integration-test/target/test-dir/MiniOzoneClusterImpl-903ecea8-4fd7-4e9d-96bf-9013ab6d4ae3/datanode-1/data-0/containers/hdds/903ecea8-4fd7-4e9d-96bf-9013ab6d4ae3/current/containerDir0/10/chunks/107544261427200010.block
2021-08-14 14:05:26,857 [BlockDeletingService#6] INFO  background.BlockDeletingService (BlockDeletingService.java:deleteViaSchema2(447)) - Container: 10, deleted blocks: 1, task elapsed time: 4ms
2021-08-14 14:05:26,858 [BlockDeletingService#4] INFO  impl.FilePerBlockStrategy (FilePerBlockStrategy.java:deleteChunk(227)) - Deleted block file: /home/runner/work/ozone/ozone/hadoop-ozone/integration-test/target/test-dir/MiniOzoneClusterImpl-903ecea8-4fd7-4e9d-96bf-9013ab6d4ae3/datanode-1/data-0/containers/hdds/903ecea8-4fd7-4e9d-96bf-9013ab6d4ae3/current/containerDir0/18/chunks/107544261427200018.block
2021-08-14 14:05:26,858 [BlockDeletingService#4] INFO  background.BlockDeletingService (BlockDeletingService.java:deleteViaSchema2(447)) - Container: 18, deleted blocks: 1, task elapsed time: 10ms
2021-08-14 14:05:26,858 [BlockDeletingService#9] INFO  impl.FilePerBlockStrategy (FilePerBlockStrategy.java:deleteChunk(227)) - Deleted block file: /home/runner/work/ozone/ozone/hadoop-ozone/integration-test/target/test-dir/MiniOzoneClusterImpl-903ecea8-4fd7-4e9d-96bf-9013ab6d4ae3/datanode-1/data-0/containers/hdds/903ecea8-4fd7-4e9d-96bf-9013ab6d4ae3/current/containerDir0/16/chunks/107544261427200016.block
2021-08-14 14:05:26,859 [BlockDeletingService#9] INFO  background.BlockDeletingService (BlockDeletingService.java:deleteViaSchema2(447)) - Container: 16, deleted blocks: 1, task elapsed time: 8ms
2021-08-14 14:05:26,861 [BlockDeletingService#2] INFO  impl.FilePerBlockStrategy (FilePerBlockStrategy.java:deleteChunk(227)) - Deleted block file: /home/runner/work/ozone/ozone/hadoop-ozone/integration-test/target/test-dir/MiniOzoneClusterImpl-903ecea8-4fd7-4e9d-96bf-9013ab6d4ae3/datanode-1/data-0/containers/hdds/903ecea8-4fd7-4e9d-96bf-9013ab6d4ae3/current/containerDir0/19/chunks/107544261427200019.block
2021-08-14 14:05:26,861 [BlockDeletingService#2] INFO  background.BlockDeletingService (BlockDeletingService.java:deleteViaSchema2(447)) - Container: 19, deleted blocks: 1, task elapsed time: 13ms
2021-08-14 14:05:26,861 [BlockDeletingService#5] INFO  impl.FilePerBlockStrategy (FilePerBlockStrategy.java:deleteChunk(227)) - Deleted block file: /home/runner/work/ozone/ozone/hadoop-ozone/integration-test/target/test-dir/MiniOzoneClusterImpl-903ecea8-4fd7-4e9d-96bf-9013ab6d4ae3/datanode-1/data-0/containers/hdds/903ecea8-4fd7-4e9d-96bf-9013ab6d4ae3/current/containerDir0/12/chunks/107544261427200012.block
2021-08-14 14:05:26,861 [BlockDeletingService#5] INFO  background.BlockDeletingService (BlockDeletingService.java:deleteViaSchema2(447)) - Container: 12, deleted blocks: 1, task elapsed time: 9ms
2021-08-14 14:05:26,885 [SCMBlockDeletingService#0] DEBUG block.SCMBlockDeletingService (SCMBlockDeletingService.java:call(133)) - Running DeletedBlockTransactionScanner
2021-08-14 14:05:26,885 [SCMBlockDeletingService#0] DEBUG block.SCMBlockDeletingService (DatanodeDeletedBlockTransactions.java:addTransactionToDN(50)) - Transaction added: e5d3e9d3-1367-47eb-ad7f-372895a70f55 <- TX(1)
2021-08-14 14:05:26,885 [SCMBlockDeletingService#0] DEBUG block.SCMBlockDeletingService (DatanodeDeletedBlockTransactions.java:addTransactionToDN(50)) - Transaction added: 41bdc6fc-f730-460f-b2d8-92157d986a72 <- TX(1)
2021-08-14 14:05:26,885 [SCMBlockDeletingService#0] DEBUG block.SCMBlockDeletingService (DatanodeDeletedBlockTransactions.java:addTransactionToDN(50)) - Transaction added: e5d3e9d3-1367-47eb-ad7f-372895a70f55 <- TX(2)
2021-08-14 14:05:26,885 [SCMBlockDeletingService#0] DEBUG block.SCMBlockDeletingService (DatanodeDeletedBlockTransactions.java:addTransactionToDN(50)) - Transaction added: 41bdc6fc-f730-460f-b2d8-92157d986a72 <- TX(2)
2021-08-14 14:05:26,886 [SCMBlockDeletingService#0] DEBUG block.SCMBlockDeletingService (DatanodeDeletedBlockTransactions.java:addTransactionToDN(50)) - Transaction added: e5d3e9d3-1367-47eb-ad7f-372895a70f55 <- TX(3)
2021-08-14 14:05:26,886 [SCMBlockDeletingService#0] DEBUG block.SCMBlockDeletingService (DatanodeDeletedBlockTransactions.java:addTransactionToDN(50)) - Transaction added: 41bdc6fc-f730-460f-b2d8-92157d986a72 <- TX(3)
2021-08-14 14:05:26,886 [SCMBlockDeletingService#0] DEBUG block.SCMBlockDeletingService (DatanodeDeletedBlockTransactions.java:addTransactionToDN(50)) - Transaction added: 41bdc6fc-f730-460f-b2d8-92157d986a72 <- TX(4)
2021-08-14 14:05:26,886 [SCMBlockDeletingService#0] DEBUG block.SCMBlockDeletingService (DatanodeDeletedBlockTransactions.java:addTransactionToDN(50)) - Transaction added: e5d3e9d3-1367-47eb-ad7f-372895a70f55 <- TX(4)
2021-08-14 14:05:26,886 [SCMBlockDeletingService#0] DEBUG block.SCMBlockDeletingService (DatanodeDeletedBlockTransactions.java:addTransactionToDN(50)) - Transaction added: e5d3e9d3-1367-47eb-ad7f-372895a70f55 <- TX(5)
2021-08-14 14:05:26,886 [SCMBlockDeletingService#0] DEBUG block.SCMBlockDeletingService (DatanodeDeletedBlockTransactions.java:addTransactionToDN(50)) - Transaction added: 41bdc6fc-f730-460f-b2d8-92157d986a72 <- TX(5)
2021-08-14 14:05:26,886 [SCMBlockDeletingService#0] DEBUG block.SCMBlockDeletingService (DatanodeDeletedBlockTransactions.java:addTransactionToDN(50)) - Transaction added: e5d3e9d3-1367-47eb-ad7f-372895a70f55 <- TX(6)
2021-08-14 14:05:26,886 [SCMBlockDeletingService#0] DEBUG block.SCMBlockDeletingService (DatanodeDeletedBlockTransactions.java:addTransactionToDN(50)) - Transaction added: 41bdc6fc-f730-460f-b2d8-92157d986a72 <- TX(6)
2021-08-14 14:05:26,886 [SCMBlockDeletingService#0] DEBUG block.SCMBlockDeletingService (DatanodeDeletedBlockTransactions.java:addTransactionToDN(50)) - Transaction added: e5d3e9d3-1367-47eb-ad7f-372895a70f55 <- TX(7)
2021-08-14 14:05:26,886 [SCMBlockDeletingService#0] DEBUG block.SCMBlockDeletingService (DatanodeDeletedBlockTransactions.java:addTransactionToDN(50)) - Transaction added: 41bdc6fc-f730-460f-b2d8-92157d986a72 <- TX(7)
2021-08-14 14:05:26,886 [SCMBlockDeletingService#0] DEBUG block.SCMBlockDeletingService (DatanodeDeletedBlockTransactions.java:addTransactionToDN(50)) - Transaction added: 41bdc6fc-f730-460f-b2d8-92157d986a72 <- TX(8)
2021-08-14 14:05:26,886 [SCMBlockDeletingService#0] DEBUG block.SCMBlockDeletingService (DatanodeDeletedBlockTransactions.java:addTransactionToDN(50)) - Transaction added: e5d3e9d3-1367-47eb-ad7f-372895a70f55 <- TX(8)
2021-08-14 14:05:26,886 [SCMBlockDeletingService#0] DEBUG block.SCMBlockDeletingService (DatanodeDeletedBlockTransactions.java:addTransactionToDN(50)) - Transaction added: e5d3e9d3-1367-47eb-ad7f-372895a70f55 <- TX(9)
2021-08-14 14:05:26,886 [SCMBlockDeletingService#0] DEBUG block.SCMBlockDeletingService (DatanodeDeletedBlockTransactions.java:addTransactionToDN(50)) - Transaction added: 41bdc6fc-f730-460f-b2d8-92157d986a72 <- TX(9)
2021-08-14 14:05:26,886 [SCMBlockDeletingService#0] DEBUG block.SCMBlockDeletingService (DatanodeDeletedBlockTransactions.java:addTransactionToDN(50)) - Transaction added: e5d3e9d3-1367-47eb-ad7f-372895a70f55 <- TX(10)
2021-08-14 14:05:26,886 [SCMBlockDeletingService#0] DEBUG block.SCMBlockDeletingService (DatanodeDeletedBlockTransactions.java:addTransactionToDN(50)) - Transaction added: 41bdc6fc-f730-460f-b2d8-92157d986a72 <- TX(10)
2021-08-14 14:05:26,886 [SCMBlockDeletingService#0] DEBUG block.SCMBlockDeletingService (DatanodeDeletedBlockTransactions.java:addTransactionToDN(50)) - Transaction added: e5d3e9d3-1367-47eb-ad7f-372895a70f55 <- TX(11)
2021-08-14 14:05:26,886 [SCMBlockDeletingService#0] DEBUG block.SCMBlockDeletingService (DatanodeDeletedBlockTransactions.java:addTransactionToDN(50)) - Transaction added: 41bdc6fc-f730-460f-b2d8-92157d986a72 <- TX(11)
2021-08-14 14:05:26,886 [SCMBlockDeletingService#0] DEBUG block.SCMBlockDeletingService (DatanodeDeletedBlockTransactions.java:addTransactionToDN(50)) - Transaction added: 41bdc6fc-f730-460f-b2d8-92157d986a72 <- TX(12)
2021-08-14 14:05:26,886 [SCMBlockDeletingService#0] DEBUG block.SCMBlockDeletingService (DatanodeDeletedBlockTransactions.java:addTransactionToDN(50)) - Transaction added: e5d3e9d3-1367-47eb-ad7f-372895a70f55 <- TX(12)
2021-08-14 14:05:26,886 [SCMBlockDeletingService#0] DEBUG block.SCMBlockDeletingService (DatanodeDeletedBlockTransactions.java:addTransactionToDN(50)) - Transaction added: e5d3e9d3-1367-47eb-ad7f-372895a70f55 <- TX(13)
2021-08-14 14:05:26,886 [SCMBlockDeletingService#0] DEBUG block.SCMBlockDeletingService (DatanodeDeletedBlockTransactions.java:addTransactionToDN(50)) - Transaction added: 41bdc6fc-f730-460f-b2d8-92157d986a72 <- TX(13)
2021-08-14 14:05:26,886 [SCMBlockDeletingService#0] DEBUG block.SCMBlockDeletingService (DatanodeDeletedBlockTransactions.java:addTransactionToDN(50)) - Transaction added: e5d3e9d3-1367-47eb-ad7f-372895a70f55 <- TX(14)
2021-08-14 14:05:26,886 [SCMBlockDeletingService#0] DEBUG block.SCMBlockDeletingService (DatanodeDeletedBlockTransactions.java:addTransactionToDN(50)) - Transaction added: 41bdc6fc-f730-460f-b2d8-92157d986a72 <- TX(14)
2021-08-14 14:05:26,886 [SCMBlockDeletingService#0] DEBUG block.SCMBlockDeletingService (DatanodeDeletedBlockTransactions.java:addTransactionToDN(50)) - Transaction added: 41bdc6fc-f730-460f-b2d8-92157d986a72 <- TX(15)
2021-08-14 14:05:26,886 [SCMBlockDeletingService#0] DEBUG block.SCMBlockDeletingService (DatanodeDeletedBlockTransactions.java:addTransactionToDN(50)) - Transaction added: e5d3e9d3-1367-47eb-ad7f-372895a70f55 <- TX(15)
2021-08-14 14:05:26,886 [SCMBlockDeletingService#0] DEBUG block.SCMBlockDeletingService (DatanodeDeletedBlockTransactions.java:addTransactionToDN(50)) - Transaction added: 41bdc6fc-f730-460f-b2d8-92157d986a72 <- TX(16)
2021-08-14 14:05:26,886 [SCMBlockDeletingService#0] DEBUG block.SCMBlockDeletingService (DatanodeDeletedBlockTransactions.java:addTransactionToDN(50)) - Transaction added: e5d3e9d3-1367-47eb-ad7f-372895a70f55 <- TX(16)
2021-08-14 14:05:26,887 [SCMBlockDeletingService#0] DEBUG block.SCMBlockDeletingService (DatanodeDeletedBlockTransactions.java:addTransactionToDN(50)) - Transaction added: e5d3e9d3-1367-47eb-ad7f-372895a70f55 <- TX(17)
2021-08-14 14:05:26,887 [SCMBlockDeletingService#0] DEBUG block.SCMBlockDeletingService (DatanodeDeletedBlockTransactions.java:addTransactionToDN(50)) - Transaction added: 41bdc6fc-f730-460f-b2d8-92157d986a72 <- TX(17)
2021-08-14 14:05:26,887 [SCMBlockDeletingService#0] DEBUG block.SCMBlockDeletingService (DatanodeDeletedBlockTransactions.java:addTransactionToDN(50)) - Transaction added: e5d3e9d3-1367-47eb-ad7f-372895a70f55 <- TX(18)
2021-08-14 14:05:26,887 [SCMBlockDeletingService#0] DEBUG block.SCMBlockDeletingService (DatanodeDeletedBlockTransactions.java:addTransactionToDN(50)) - Transaction added: 41bdc6fc-f730-460f-b2d8-92157d986a72 <- TX(18)
2021-08-14 14:05:26,887 [SCMBlockDeletingService#0] DEBUG block.SCMBlockDeletingService (DatanodeDeletedBlockTransactions.java:addTransactionToDN(50)) - Transaction added: e5d3e9d3-1367-47eb-ad7f-372895a70f55 <- TX(19)
2021-08-14 14:05:26,887 [SCMBlockDeletingService#0] DEBUG block.SCMBlockDeletingService (DatanodeDeletedBlockTransactions.java:addTransactionToDN(50)) - Transaction added: 41bdc6fc-f730-460f-b2d8-92157d986a72 <- TX(19)
2021-08-14 14:05:26,887 [SCMBlockDeletingService#0] DEBUG block.SCMBlockDeletingService (DatanodeDeletedBlockTransactions.java:addTransactionToDN(50)) - Transaction added: a3a688a0-b759-42a1-9d42-7ea63bf88025 <- TX(19)
2021-08-14 14:05:26,887 [SCMBlockDeletingService#0] DEBUG block.SCMBlockDeletingService (DatanodeDeletedBlockTransactions.java:addTransactionToDN(50)) - Transaction added: a3a688a0-b759-42a1-9d42-7ea63bf88025 <- TX(20)
2021-08-14 14:05:26,887 [SCMBlockDeletingService#0] DEBUG block.SCMBlockDeletingService (DatanodeDeletedBlockTransactions.java:addTransactionToDN(50)) - Transaction added: 41bdc6fc-f730-460f-b2d8-92157d986a72 <- TX(20)
2021-08-14 14:05:26,887 [SCMBlockDeletingService#0] DEBUG block.SCMBlockDeletingService (DatanodeDeletedBlockTransactions.java:addTransactionToDN(50)) - Transaction added: e5d3e9d3-1367-47eb-ad7f-372895a70f55 <- TX(20)
2021-08-14 14:05:26,887 [SCMBlockDeletingService#0] DEBUG block.SCMBlockDeletingService (DatanodeDeletedBlockTransactions.java:addTransactionToDN(50)) - Transaction added: a3a688a0-b759-42a1-9d42-7ea63bf88025 <- TX(21)
2021-08-14 14:05:26,887 [SCMBlockDeletingService#0] DEBUG block.SCMBlockDeletingService (DatanodeDeletedBlockTransactions.java:addTransactionToDN(50)) - Transaction added: e5d3e9d3-1367-47eb-ad7f-372895a70f55 <- TX(21)
2021-08-14 14:05:26,887 [SCMBlockDeletingService#0] DEBUG block.SCMBlockDeletingService (DatanodeDeletedBlockTransactions.java:addTransactionToDN(50)) - Transaction added: 41bdc6fc-f730-460f-b2d8-92157d986a72 <- TX(21)
2021-08-14 14:05:26,887 [SCMBlockDeletingService#0] DEBUG block.SCMBlockDeletingService (DatanodeDeletedBlockTransactions.java:addTransactionToDN(50)) - Transaction added: a3a688a0-b759-42a1-9d42-7ea63bf88025 <- TX(22)
2021-08-14 14:05:26,887 [SCMBlockDeletingService#0] DEBUG block.SCMBlockDeletingService (DatanodeDeletedBlockTransactions.java:addTransactionToDN(50)) - Transaction added: e5d3e9d3-1367-47eb-ad7f-372895a70f55 <- TX(22)
2021-08-14 14:05:26,887 [SCMBlockDeletingService#0] DEBUG block.SCMBlockDeletingService (DatanodeDeletedBlockTransactions.java:addTransactionToDN(50)) - Transaction added: 41bdc6fc-f730-460f-b2d8-92157d986a72 <- TX(22)
2021-08-14 14:05:26,887 [SCMBlockDeletingService#0] DEBUG block.SCMBlockDeletingService (DatanodeDeletedBlockTransactions.java:addTransactionToDN(50)) - Transaction added: a3a688a0-b759-42a1-9d42-7ea63bf88025 <- TX(23)
2021-08-14 14:05:26,887 [SCMBlockDeletingService#0] DEBUG block.SCMBlockDeletingService (DatanodeDeletedBlockTransactions.java:addTransactionToDN(50)) - Transaction added: e5d3e9d3-1367-47eb-ad7f-372895a70f55 <- TX(23)
2021-08-14 14:05:26,887 [SCMBlockDeletingService#0] DEBUG block.SCMBlockDeletingService (DatanodeDeletedBlockTransactions.java:addTransactionToDN(50)) - Transaction added: 41bdc6fc-f730-460f-b2d8-92157d986a72 <- TX(23)
2021-08-14 14:05:26,887 [SCMBlockDeletingService#0] DEBUG block.SCMBlockDeletingService (DatanodeDeletedBlockTransactions.java:addTransactionToDN(50)) - Transaction added: 41bdc6fc-f730-460f-b2d8-92157d986a72 <- TX(24)
2021-08-14 14:05:26,887 [SCMBlockDeletingService#0] DEBUG block.SCMBlockDeletingService (DatanodeDeletedBlockTransactions.java:addTransactionToDN(50)) - Transaction added: e5d3e9d3-1367-47eb-ad7f-372895a70f55 <- TX(24)
2021-08-14 14:05:26,887 [SCMBlockDeletingService#0] DEBUG block.SCMBlockDeletingService (DatanodeDeletedBlockTransactions.java:addTransactionToDN(50)) - Transaction added: a3a688a0-b759-42a1-9d42-7ea63bf88025 <- TX(24)
2021-08-14 14:05:26,887 [SCMBlockDeletingService#0] DEBUG block.SCMBlockDeletingService (DatanodeDeletedBlockTransactions.java:addTransactionToDN(50)) - Transaction added: a3a688a0-b759-42a1-9d42-7ea63bf88025 <- TX(25)
2021-08-14 14:05:26,887 [SCMBlockDeletingService#0] DEBUG block.SCMBlockDeletingService (DatanodeDeletedBlockTransactions.java:addTransactionToDN(50)) - Transaction added: e5d3e9d3-1367-47eb-ad7f-372895a70f55 <- TX(25)
2021-08-14 14:05:26,887 [SCMBlockDeletingService#0] DEBUG block.SCMBlockDeletingService (DatanodeDeletedBlockTransactions.java:addTransactionToDN(50)) - Transaction added: 41bdc6fc-f730-460f-b2d8-92157d986a72 <- TX(25)
2021-08-14 14:05:26,887 [SCMBlockDeletingService#0] DEBUG block.SCMBlockDeletingService (DatanodeDeletedBlockTransactions.java:addTransactionToDN(50)) - Transaction added: e5d3e9d3-1367-47eb-ad7f-372895a70f55 <- TX(26)
2021-08-14 14:05:26,887 [SCMBlockDeletingService#0] DEBUG block.SCMBlockDeletingService (DatanodeDeletedBlockTransactions.java:addTransactionToDN(50)) - Transaction added: 41bdc6fc-f730-460f-b2d8-92157d986a72 <- TX(26)
2021-08-14 14:05:26,888 [SCMBlockDeletingService#0] DEBUG block.SCMBlockDeletingService (DatanodeDeletedBlockTransactions.java:addTransactionToDN(50)) - Transaction added: a3a688a0-b759-42a1-9d42-7ea63bf88025 <- TX(26)
2021-08-14 14:05:26,888 [SCMBlockDeletingService#0] DEBUG block.SCMBlockDeletingService (DatanodeDeletedBlockTransactions.java:addTransactionToDN(50)) - Transaction added: a3a688a0-b759-42a1-9d42-7ea63bf88025 <- TX(27)
2021-08-14 14:05:26,888 [SCMBlockDeletingService#0] DEBUG block.SCMBlockDeletingService (DatanodeDeletedBlockTransactions.java:addTransactionToDN(50)) - Transaction added: e5d3e9d3-1367-47eb-ad7f-372895a70f55 <- TX(27)
2021-08-14 14:05:26,888 [SCMBlockDeletingService#0] DEBUG block.SCMBlockDeletingService (DatanodeDeletedBlockTransactions.java:addTransactionToDN(50)) - Transaction added: 41bdc6fc-f730-460f-b2d8-92157d986a72 <- TX(27)
2021-08-14 14:05:26,888 [SCMBlockDeletingService#0] DEBUG block.SCMBlockDeletingService (DatanodeDeletedBlockTransactions.java:addTransactionToDN(50)) - Transaction added: 41bdc6fc-f730-460f-b2d8-92157d986a72 <- TX(28)
2021-08-14 14:05:26,888 [SCMBlockDeletingService#0] DEBUG block.SCMBlockDeletingService (DatanodeDeletedBlockTransactions.java:addTransactionToDN(50)) - Transaction added: e5d3e9d3-1367-47eb-ad7f-372895a70f55 <- TX(28)
2021-08-14 14:05:26,888 [SCMBlockDeletingService#0] DEBUG block.SCMBlockDeletingService (DatanodeDeletedBlockTransactions.java:addTransactionToDN(50)) - Transaction added: a3a688a0-b759-42a1-9d42-7ea63bf88025 <- TX(28)
2021-08-14 14:05:26,888 [SCMBlockDeletingService#0] DEBUG block.SCMBlockDeletingService (DatanodeDeletedBlockTransactions.java:addTransactionToDN(50)) - Transaction added: a3a688a0-b759-42a1-9d42-7ea63bf88025 <- TX(29)
2021-08-14 14:05:26,888 [SCMBlockDeletingService#0] DEBUG block.SCMBlockDeletingService (DatanodeDeletedBlockTransactions.java:addTransactionToDN(50)) - Transaction added: e5d3e9d3-1367-47eb-ad7f-372895a70f55 <- TX(29)
2021-08-14 14:05:26,888 [SCMBlockDeletingService#0] DEBUG block.SCMBlockDeletingService (DatanodeDeletedBlockTransactions.java:addTransactionToDN(50)) - Transaction added: 41bdc6fc-f730-460f-b2d8-92157d986a72 <- TX(29)
2021-08-14 14:05:26,888 [SCMBlockDeletingService#0] DEBUG block.SCMBlockDeletingService (DatanodeDeletedBlockTransactions.java:addTransactionToDN(50)) - Transaction added: a3a688a0-b759-42a1-9d42-7ea63bf88025 <- TX(30)
2021-08-14 14:05:26,888 [SCMBlockDeletingService#0] DEBUG block.SCMBlockDeletingService (DatanodeDeletedBlockTransactions.java:addTransactionToDN(50)) - Transaction added: 41bdc6fc-f730-460f-b2d8-92157d986a72 <- TX(30)
2021-08-14 14:05:26,888 [SCMBlockDeletingService#0] DEBUG block.SCMBlockDeletingService (DatanodeDeletedBlockTransactions.java:addTransactionToDN(50)) - Transaction added: e5d3e9d3-1367-47eb-ad7f-372895a70f55 <- TX(30)
2021-08-14 14:05:26,888 [SCMBlockDeletingService#0] DEBUG block.SCMBlockDeletingService (DatanodeDeletedBlockTransactions.java:addTransactionToDN(50)) - Transaction added: 41bdc6fc-f730-460f-b2d8-92157d986a72 <- TX(31)
2021-08-14 14:05:26,888 [SCMBlockDeletingService#0] DEBUG block.SCMBlockDeletingService (DatanodeDeletedBlockTransactions.java:addTransactionToDN(50)) - Transaction added: a3a688a0-b759-42a1-9d42-7ea63bf88025 <- TX(31)
2021-08-14 14:05:26,888 [SCMBlockDeletingService#0] DEBUG block.SCMBlockDeletingService (DatanodeDeletedBlockTransactions.java:addTransactionToDN(50)) - Transaction added: e5d3e9d3-1367-47eb-ad7f-372895a70f55 <- TX(31)
2021-08-14 14:05:26,888 [SCMBlockDeletingService#0] DEBUG block.SCMBlockDeletingService (DatanodeDeletedBlockTransactions.java:addTransactionToDN(50)) - Transaction added: a3a688a0-b759-42a1-9d42-7ea63bf88025 <- TX(32)
2021-08-14 14:05:26,888 [SCMBlockDeletingService#0] DEBUG block.SCMBlockDeletingService (DatanodeDeletedBlockTransactions.java:addTransactionToDN(50)) - Transaction added: 41bdc6fc-f730-460f-b2d8-92157d986a72 <- TX(32)
2021-08-14 14:05:26,888 [SCMBlockDeletingService#0] DEBUG block.SCMBlockDeletingService (DatanodeDeletedBlockTransactions.java:addTransactionToDN(50)) - Transaction added: e5d3e9d3-1367-47eb-ad7f-372895a70f55 <- TX(32)
2021-08-14 14:05:26,888 [SCMBlockDeletingService#0] DEBUG block.SCMBlockDeletingService (DatanodeDeletedBlockTransactions.java:addTransactionToDN(50)) - Transaction added: e5d3e9d3-1367-47eb-ad7f-372895a70f55 <- TX(33)
2021-08-14 14:05:26,888 [SCMBlockDeletingService#0] DEBUG block.SCMBlockDeletingService (DatanodeDeletedBlockTransactions.java:addTransactionToDN(50)) - Transaction added: 41bdc6fc-f730-460f-b2d8-92157d986a72 <- TX(33)
2021-08-14 14:05:26,888 [SCMBlockDeletingService#0] DEBUG block.SCMBlockDeletingService (DatanodeDeletedBlockTransactions.java:addTransactionToDN(50)) - Transaction added: a3a688a0-b759-42a1-9d42-7ea63bf88025 <- TX(33)
2021-08-14 14:05:26,888 [SCMBlockDeletingService#0] DEBUG block.SCMBlockDeletingService (DatanodeDeletedBlockTransactions.java:addTransactionToDN(50)) - Transaction added: a3a688a0-b759-42a1-9d42-7ea63bf88025 <- TX(34)
2021-08-14 14:05:26,888 [SCMBlockDeletingService#0] DEBUG block.SCMBlockDeletingService (DatanodeDeletedBlockTransactions.java:addTransactionToDN(50)) - Transaction added: 41bdc6fc-f730-460f-b2d8-92157d986a72 <- TX(34)
2021-08-14 14:05:26,888 [SCMBlockDeletingService#0] DEBUG block.SCMBlockDeletingService (DatanodeDeletedBlockTransactions.java:addTransactionToDN(50)) - Transaction added: e5d3e9d3-1367-47eb-ad7f-372895a70f55 <- TX(34)
2021-08-14 14:05:26,888 [SCMBlockDeletingService#0] DEBUG block.SCMBlockDeletingService (DatanodeDeletedBlockTransactions.java:addTransactionToDN(50)) - Transaction added: e5d3e9d3-1367-47eb-ad7f-372895a70f55 <- TX(35)
2021-08-14 14:05:26,888 [SCMBlockDeletingService#0] DEBUG block.SCMBlockDeletingService (DatanodeDeletedBlockTransactions.java:addTransactionToDN(50)) - Transaction added: 41bdc6fc-f730-460f-b2d8-92157d986a72 <- TX(35)
2021-08-14 14:05:26,888 [SCMBlockDeletingService#0] DEBUG block.SCMBlockDeletingService (DatanodeDeletedBlockTransactions.java:addTransactionToDN(50)) - Transaction added: a3a688a0-b759-42a1-9d42-7ea63bf88025 <- TX(35)
2021-08-14 14:05:26,889 [SCMBlockDeletingService#0] DEBUG block.SCMBlockDeletingService (DatanodeDeletedBlockTransactions.java:addTransactionToDN(50)) - Transaction added: a3a688a0-b759-42a1-9d42-7ea63bf88025 <- TX(36)
2021-08-14 14:05:26,889 [SCMBlockDeletingService#0] DEBUG block.SCMBlockDeletingService (DatanodeDeletedBlockTransactions.java:addTransactionToDN(50)) - Transaction added: 41bdc6fc-f730-460f-b2d8-92157d986a72 <- TX(36)
2021-08-14 14:05:26,889 [SCMBlockDeletingService#0] DEBUG block.SCMBlockDeletingService (DatanodeDeletedBlockTransactions.java:addTransactionToDN(50)) - Transaction added: e5d3e9d3-1367-47eb-ad7f-372895a70f55 <- TX(36)
2021-08-14 14:05:26,889 [SCMBlockDeletingService#0] DEBUG block.SCMBlockDeletingService (DatanodeDeletedBlockTransactions.java:addTransactionToDN(50)) - Transaction added: a3a688a0-b759-42a1-9d42-7ea63bf88025 <- TX(37)
2021-08-14 14:05:26,889 [SCMBlockDeletingService#0] DEBUG block.SCMBlockDeletingService (DatanodeDeletedBlockTransactions.java:addTransactionToDN(50)) - Transaction added: e5d3e9d3-1367-47eb-ad7f-372895a70f55 <- TX(37)
2021-08-14 14:05:26,889 [SCMBlockDeletingService#0] DEBUG block.SCMBlockDeletingService (DatanodeDeletedBlockTransactions.java:addTransactionToDN(50)) - Transaction added: 41bdc6fc-f730-460f-b2d8-92157d986a72 <- TX(37)
2021-08-14 14:05:26,894 [SCMBlockDeletingService#0] DEBUG block.SCMBlockDeletingService (DatanodeDeletedBlockTransactions.java:addTransactionToDN(50)) - Transaction added: a3a688a0-b759-42a1-9d42-7ea63bf88025 <- TX(38)
2021-08-14 14:05:26,894 [SCMBlockDeletingService#0] DEBUG block.SCMBlockDeletingService (DatanodeDeletedBlockTransactions.java:addTransactionToDN(50)) - Transaction added: 41bdc6fc-f730-460f-b2d8-92157d986a72 <- TX(38)
2021-08-14 14:05:26,894 [SCMBlockDeletingService#0] DEBUG block.SCMBlockDeletingService (DatanodeDeletedBlockTransactions.java:addTransactionToDN(50)) - Transaction added: e5d3e9d3-1367-47eb-ad7f-372895a70f55 <- TX(38)
2021-08-14 14:05:26,894 [SCMBlockDeletingService#0] DEBUG block.SCMBlockDeletingService (DatanodeDeletedBlockTransactions.java:addTransactionToDN(50)) - Transaction added: a3a688a0-b759-42a1-9d42-7ea63bf88025 <- TX(39)
2021-08-14 14:05:26,894 [SCMBlockDeletingService#0] DEBUG block.SCMBlockDeletingService (DatanodeDeletedBlockTransactions.java:addTransactionToDN(50)) - Transaction added: e5d3e9d3-1367-47eb-ad7f-372895a70f55 <- TX(39)
2021-08-14 14:05:26,894 [SCMBlockDeletingService#0] DEBUG block.SCMBlockDeletingService (DatanodeDeletedBlockTransactions.java:addTransactionToDN(50)) - Transaction added: 41bdc6fc-f730-460f-b2d8-92157d986a72 <- TX(39)
2021-08-14 14:05:26,894 [SCMBlockDeletingService#0] DEBUG block.SCMBlockDeletingService (DatanodeDeletedBlockTransactions.java:addTransactionToDN(50)) - Transaction added: 41bdc6fc-f730-460f-b2d8-92157d986a72 <- TX(40)
2021-08-14 14:05:26,894 [SCMBlockDeletingService#0] DEBUG block.SCMBlockDeletingService (DatanodeDeletedBlockTransactions.java:addTransactionToDN(50)) - Transaction added: e5d3e9d3-1367-47eb-ad7f-372895a70f55 <- TX(40)
2021-08-14 14:05:26,894 [SCMBlockDeletingService#0] DEBUG block.SCMBlockDeletingService (DatanodeDeletedBlockTransactions.java:addTransactionToDN(50)) - Transaction added: a3a688a0-b759-42a1-9d42-7ea63bf88025 <- TX(40)
2021-08-14 14:05:26,894 [SCMBlockDeletingService#0] DEBUG block.SCMBlockDeletingService (DatanodeDeletedBlockTransactions.java:addTransactionToDN(50)) - Transaction added: a3a688a0-b759-42a1-9d42-7ea63bf88025 <- TX(41)
2021-08-14 14:05:26,894 [SCMBlockDeletingService#0] DEBUG block.SCMBlockDeletingService (DatanodeDeletedBlockTransactions.java:addTransactionToDN(50)) - Transaction added: e5d3e9d3-1367-47eb-ad7f-372895a70f55 <- TX(41)
2021-08-14 14:05:26,895 [SCMBlockDeletingService#0] DEBUG block.SCMBlockDeletingService (DatanodeDeletedBlockTransactions.java:addTransactionToDN(50)) - Transaction added: 41bdc6fc-f730-460f-b2d8-92157d986a72 <- TX(41)
2021-08-14 14:05:26,895 [SCMBlockDeletingService#0] DEBUG block.SCMBlockDeletingService (DatanodeDeletedBlockTransactions.java:addTransactionToDN(50)) - Transaction added: 41bdc6fc-f730-460f-b2d8-92157d986a72 <- TX(42)
2021-08-14 14:05:26,895 [SCMBlockDeletingService#0] DEBUG block.SCMBlockDeletingService (DatanodeDeletedBlockTransactions.java:addTransactionToDN(50)) - Transaction added: e5d3e9d3-1367-47eb-ad7f-372895a70f55 <- TX(42)
2021-08-14 14:05:26,895 [SCMBlockDeletingService#0] DEBUG block.SCMBlockDeletingService (DatanodeDeletedBlockTransactions.java:addTransactionToDN(50)) - Transaction added: a3a688a0-b759-42a1-9d42-7ea63bf88025 <- TX(42)
2021-08-14 14:05:26,895 [SCMBlockDeletingService#0] DEBUG block.SCMBlockDeletingService (DatanodeDeletedBlockTransactions.java:addTransactionToDN(50)) - Transaction added: a3a688a0-b759-42a1-9d42-7ea63bf88025 <- TX(43)
2021-08-14 14:05:26,895 [SCMBlockDeletingService#0] DEBUG block.SCMBlockDeletingService (DatanodeDeletedBlockTransactions.java:addTransactionToDN(50)) - Transaction added: e5d3e9d3-1367-47eb-ad7f-372895a70f55 <- TX(43)
2021-08-14 14:05:26,895 [SCMBlockDeletingService#0] DEBUG block.SCMBlockDeletingService (DatanodeDeletedBlockTransactions.java:addTransactionToDN(50)) - Transaction added: 41bdc6fc-f730-460f-b2d8-92157d986a72 <- TX(43)
2021-08-14 14:05:26,895 [SCMBlockDeletingService#0] DEBUG block.SCMBlockDeletingService (DatanodeDeletedBlockTransactions.java:addTransactionToDN(50)) - Transaction added: 41bdc6fc-f730-460f-b2d8-92157d986a72 <- TX(44)
2021-08-14 14:05:26,895 [SCMBlockDeletingService#0] DEBUG block.SCMBlockDeletingService (DatanodeDeletedBlockTransactions.java:addTransactionToDN(50)) - Transaction added: e5d3e9d3-1367-47eb-ad7f-372895a70f55 <- TX(44)
2021-08-14 14:05:26,895 [SCMBlockDeletingService#0] DEBUG block.SCMBlockDeletingService (DatanodeDeletedBlockTransactions.java:addTransactionToDN(50)) - Transaction added: a3a688a0-b759-42a1-9d42-7ea63bf88025 <- TX(44)
2021-08-14 14:05:26,895 [SCMBlockDeletingService#0] DEBUG block.SCMBlockDeletingService (DatanodeDeletedBlockTransactions.java:addTransactionToDN(50)) - Transaction added: a3a688a0-b759-42a1-9d42-7ea63bf88025 <- TX(45)
2021-08-14 14:05:26,895 [SCMBlockDeletingService#0] DEBUG block.SCMBlockDeletingService (DatanodeDeletedBlockTransactions.java:addTransactionToDN(50)) - Transaction added: e5d3e9d3-1367-47eb-ad7f-372895a70f55 <- TX(45)
2021-08-14 14:05:26,895 [SCMBlockDeletingService#0] DEBUG block.SCMBlockDeletingService (DatanodeDeletedBlockTransactions.java:addTransactionToDN(50)) - Transaction added: 41bdc6fc-f730-460f-b2d8-92157d986a72 <- TX(45)
2021-08-14 14:05:26,895 [SCMBlockDeletingService#0] DEBUG block.SCMBlockDeletingService (DatanodeDeletedBlockTransactions.java:addTransactionToDN(50)) - Transaction added: a3a688a0-b759-42a1-9d42-7ea63bf88025 <- TX(46)
2021-08-14 14:05:26,895 [SCMBlockDeletingService#0] DEBUG block.SCMBlockDeletingService (DatanodeDeletedBlockTransactions.java:addTransactionToDN(50)) - Transaction added: 41bdc6fc-f730-460f-b2d8-92157d986a72 <- TX(46)
2021-08-14 14:05:26,895 [SCMBlockDeletingService#0] DEBUG block.SCMBlockDeletingService (DatanodeDeletedBlockTransactions.java:addTransactionToDN(50)) - Transaction added: e5d3e9d3-1367-47eb-ad7f-372895a70f55 <- TX(46)
2021-08-14 14:05:26,895 [SCMBlockDeletingService#0] DEBUG block.SCMBlockDeletingService (DatanodeDeletedBlockTransactions.java:addTransactionToDN(50)) - Transaction added: 41bdc6fc-f730-460f-b2d8-92157d986a72 <- TX(47)
2021-08-14 14:05:26,895 [SCMBlockDeletingService#0] DEBUG block.SCMBlockDeletingService (DatanodeDeletedBlockTransactions.java:addTransactionToDN(50)) - Transaction added: a3a688a0-b759-42a1-9d42-7ea63bf88025 <- TX(47)
2021-08-14 14:05:26,895 [SCMBlockDeletingService#0] DEBUG block.SCMBlockDeletingService (DatanodeDeletedBlockTransactions.java:addTransactionToDN(50)) - Transaction added: e5d3e9d3-1367-47eb-ad7f-372895a70f55 <- TX(47)
2021-08-14 14:05:26,895 [SCMBlockDeletingService#0] DEBUG block.SCMBlockDeletingService (DatanodeDeletedBlockTransactions.java:addTransactionToDN(50)) - Transaction added: a3a688a0-b759-42a1-9d42-7ea63bf88025 <- TX(48)
2021-08-14 14:05:26,895 [SCMBlockDeletingService#0] DEBUG block.SCMBlockDeletingService (DatanodeDeletedBlockTransactions.java:addTransactionToDN(50)) - Transaction added: 41bdc6fc-f730-460f-b2d8-92157d986a72 <- TX(48)
2021-08-14 14:05:26,895 [SCMBlockDeletingService#0] DEBUG block.SCMBlockDeletingService (DatanodeDeletedBlockTransactions.java:addTransactionToDN(50)) - Transaction added: e5d3e9d3-1367-47eb-ad7f-372895a70f55 <- TX(48)
2021-08-14 14:05:26,895 [SCMBlockDeletingService#0] DEBUG block.SCMBlockDeletingService (DatanodeDeletedBlockTransactions.java:addTransactionToDN(50)) - Transaction added: e5d3e9d3-1367-47eb-ad7f-372895a70f55 <- TX(49)
2021-08-14 14:05:26,895 [SCMBlockDeletingService#0] DEBUG block.SCMBlockDeletingService (DatanodeDeletedBlockTransactions.java:addTransactionToDN(50)) - Transaction added: 41bdc6fc-f730-460f-b2d8-92157d986a72 <- TX(49)
2021-08-14 14:05:26,895 [SCMBlockDeletingService#0] DEBUG block.SCMBlockDeletingService (DatanodeDeletedBlockTransactions.java:addTransactionToDN(50)) - Transaction added: a3a688a0-b759-42a1-9d42-7ea63bf88025 <- TX(49)
2021-08-14 14:05:26,895 [SCMBlockDeletingService#0] DEBUG block.SCMBlockDeletingService (DatanodeDeletedBlockTransactions.java:addTransactionToDN(50)) - Transaction added: a3a688a0-b759-42a1-9d42-7ea63bf88025 <- TX(50)
2021-08-14 14:05:26,895 [SCMBlockDeletingService#0] DEBUG block.SCMBlockDeletingService (DatanodeDeletedBlockTransactions.java:addTransactionToDN(50)) - Transaction added: 41bdc6fc-f730-460f-b2d8-92157d986a72 <- TX(50)
2021-08-14 14:05:26,895 [SCMBlockDeletingService#0] DEBUG block.SCMBlockDeletingService (DatanodeDeletedBlockTransactions.java:addTransactionToDN(50)) - Transaction added: e5d3e9d3-1367-47eb-ad7f-372895a70f55 <- TX(50)
2021-08-14 14:05:26,896 [SCMBlockDeletingService#0] DEBUG block.SCMBlockDeletingService (DatanodeDeletedBlockTransactions.java:addTransactionToDN(50)) - Transaction added: e5d3e9d3-1367-47eb-ad7f-372895a70f55 <- TX(51)
2021-08-14 14:05:26,896 [SCMBlockDeletingService#0] DEBUG block.SCMBlockDeletingService (DatanodeDeletedBlockTransactions.java:addTransactionToDN(50)) - Transaction added: 41bdc6fc-f730-460f-b2d8-92157d986a72 <- TX(51)
2021-08-14 14:05:26,896 [SCMBlockDeletingService#0] DEBUG block.SCMBlockDeletingService (DatanodeDeletedBlockTransactions.java:addTransactionToDN(50)) - Transaction added: a3a688a0-b759-42a1-9d42-7ea63bf88025 <- TX(51)
2021-08-14 14:05:26,896 [SCMBlockDeletingService#0] DEBUG block.SCMBlockDeletingService (DatanodeDeletedBlockTransactions.java:addTransactionToDN(50)) - Transaction added: a3a688a0-b759-42a1-9d42-7ea63bf88025 <- TX(52)
2021-08-14 14:05:26,896 [SCMBlockDeletingService#0] DEBUG block.SCMBlockDeletingService (DatanodeDeletedBlockTransactions.java:addTransactionToDN(50)) - Transaction added: 41bdc6fc-f730-460f-b2d8-92157d986a72 <- TX(52)
2021-08-14 14:05:26,896 [SCMBlockDeletingService#0] DEBUG block.SCMBlockDeletingService (DatanodeDeletedBlockTransactions.java:addTransactionToDN(50)) - Transaction added: e5d3e9d3-1367-47eb-ad7f-372895a70f55 <- TX(52)
2021-08-14 14:05:26,896 [SCMBlockDeletingService#0] DEBUG block.SCMBlockDeletingService (DatanodeDeletedBlockTransactions.java:addTransactionToDN(50)) - Transaction added: a3a688a0-b759-42a1-9d42-7ea63bf88025 <- TX(53)
2021-08-14 14:05:26,896 [SCMBlockDeletingService#0] DEBUG block.SCMBlockDeletingService (DatanodeDeletedBlockTransactions.java:addTransactionToDN(50)) - Transaction added: e5d3e9d3-1367-47eb-ad7f-372895a70f55 <- TX(53)
2021-08-14 14:05:26,896 [SCMBlockDeletingService#0] DEBUG block.SCMBlockDeletingService (DatanodeDeletedBlockTransactions.java:addTransactionToDN(50)) - Transaction added: 41bdc6fc-f730-460f-b2d8-92157d986a72 <- TX(53)
2021-08-14 14:05:26,896 [SCMBlockDeletingService#0] DEBUG block.SCMBlockDeletingService (DatanodeDeletedBlockTransactions.java:addTransactionToDN(50)) - Transaction added: a3a688a0-b759-42a1-9d42-7ea63bf88025 <- TX(54)
2021-08-14 14:05:26,896 [SCMBlockDeletingService#0] DEBUG block.SCMBlockDeletingService (DatanodeDeletedBlockTransactions.java:addTransactionToDN(50)) - Transaction added: 41bdc6fc-f730-460f-b2d8-92157d986a72 <- TX(54)
2021-08-14 14:05:26,896 [SCMBlockDeletingService#0] DEBUG block.SCMBlockDeletingService (DatanodeDeletedBlockTransactions.java:addTransactionToDN(50)) - Transaction added: e5d3e9d3-1367-47eb-ad7f-372895a70f55 <- TX(54)
2021-08-14 14:05:26,896 [SCMBlockDeletingService#0] DEBUG block.SCMBlockDeletingService (DatanodeDeletedBlockTransactions.java:addTransactionToDN(50)) - Transaction added: a3a688a0-b759-42a1-9d42-7ea63bf88025 <- TX(55)
2021-08-14 14:05:26,896 [SCMBlockDeletingService#0] DEBUG block.SCMBlockDeletingService (DatanodeDeletedBlockTransactions.java:addTransactionToDN(50)) - Transaction added: e5d3e9d3-1367-47eb-ad7f-372895a70f55 <- TX(55)
2021-08-14 14:05:26,896 [SCMBlockDeletingService#0] DEBUG block.SCMBlockDeletingService (DatanodeDeletedBlockTransactions.java:addTransactionToDN(50)) - Transaction added: 41bdc6fc-f730-460f-b2d8-92157d986a72 <- TX(55)
2021-08-14 14:05:26,896 [SCMBlockDeletingService#0] DEBUG block.SCMBlockDeletingService (DatanodeDeletedBlockTransactions.java:addTransactionToDN(50)) - Transaction added: 41bdc6fc-f730-460f-b2d8-92157d986a72 <- TX(56)
2021-08-14 14:05:26,896 [SCMBlockDeletingService#0] DEBUG block.SCMBlockDeletingService (DatanodeDeletedBlockTransactions.java:addTransactionToDN(50)) - Transaction added: e5d3e9d3-1367-47eb-ad7f-372895a70f55 <- TX(56)
2021-08-14 14:05:26,896 [SCMBlockDeletingService#0] DEBUG block.SCMBlockDeletingService (DatanodeDeletedBlockTransactions.java:addTransactionToDN(50)) - Transaction added: a3a688a0-b759-42a1-9d42-7ea63bf88025 <- TX(56)
2021-08-14 14:05:26,904 [SCMBlockDeletingService#0] DEBUG block.SCMBlockDeletingService (SCMBlockDeletingService.java:call(164)) - Added delete block command for datanode a3a688a0-b759-42a1-9d42-7ea63bf88025 in the queue, number of delete block transactions: 38
2021-08-14 14:05:26,909 [SCMBlockDeletingService#0] DEBUG block.SCMBlockDeletingService (SCMBlockDeletingService.java:call(164)) - Added delete block command for datanode 41bdc6fc-f730-460f-b2d8-92157d986a72 in the queue, number of delete block transactions: 56
2021-08-14 14:05:26,909 [SCMBlockDeletingService#0] DEBUG block.SCMBlockDeletingService (SCMBlockDeletingService.java:call(164)) - Added delete block command for datanode e5d3e9d3-1367-47eb-ad7f-372895a70f55 in the queue, number of delete block transactions: 56
2021-08-14 14:05:26,909 [SCMBlockDeletingService#0] INFO  block.SCMBlockDeletingService (SCMBlockDeletingService.java:call(174)) - Totally added 150 blocks to be deleted for 3 datanodes, task elapsed time: 24ms
2021-08-14 14:05:26,986 [SCMBlockDeletingService#0] DEBUG block.SCMBlockDeletingService (SCMBlockDeletingService.java:call(133)) - Running DeletedBlockTransactionScanner
2021-08-14 14:05:26,986 [SCMBlockDeletingService#0] DEBUG block.SCMBlockDeletingService (DatanodeDeletedBlockTransactions.java:addTransactionToDN(50)) - Transaction added: e5d3e9d3-1367-47eb-ad7f-372895a70f55 <- TX(1)
2021-08-14 14:05:26,986 [SCMBlockDeletingService#0] DEBUG block.SCMBlockDeletingService (DatanodeDeletedBlockTransactions.java:addTransactionToDN(50)) - Transaction added: 41bdc6fc-f730-460f-b2d8-92157d986a72 <- TX(1)
2021-08-14 14:05:26,986 [SCMBlockDeletingService#0] DEBUG block.SCMBlockDeletingService (DatanodeDeletedBlockTransactions.java:addTransactionToDN(50)) - Transaction added: e5d3e9d3-1367-47eb-ad7f-372895a70f55 <- TX(2)
2021-08-14 14:05:26,986 [SCMBlockDeletingService#0] DEBUG block.SCMBlockDeletingService (DatanodeDeletedBlockTransactions.java:addTransactionToDN(50)) - Transaction added: 41bdc6fc-f730-460f-b2d8-92157d986a72 <- TX(2)
2021-08-14 14:05:26,986 [SCMBlockDeletingService#0] DEBUG block.SCMBlockDeletingService (DatanodeDeletedBlockTransactions.java:addTransactionToDN(50)) - Transaction added: e5d3e9d3-1367-47eb-ad7f-372895a70f55 <- TX(3)
2021-08-14 14:05:26,986 [SCMBlockDeletingService#0] DEBUG block.SCMBlockDeletingService (DatanodeDeletedBlockTransactions.java:addTransactionToDN(50)) - Transaction added: 41bdc6fc-f730-460f-b2d8-92157d986a72 <- TX(3)
2021-08-14 14:05:26,986 [SCMBlockDeletingService#0] DEBUG block.SCMBlockDeletingService (DatanodeDeletedBlockTransactions.java:addTransactionToDN(50)) - Transaction added: 41bdc6fc-f730-460f-b2d8-92157d986a72 <- TX(4)
2021-08-14 14:05:26,986 [SCMBlockDeletingService#0] DEBUG block.SCMBlockDeletingService (DatanodeDeletedBlockTransactions.java:addTransactionToDN(50)) - Transaction added: e5d3e9d3-1367-47eb-ad7f-372895a70f55 <- TX(4)
2021-08-14 14:05:26,986 [SCMBlockDeletingService#0] DEBUG block.SCMBlockDeletingService (DatanodeDeletedBlockTransactions.java:addTransactionToDN(50)) - Transaction added: e5d3e9d3-1367-47eb-ad7f-372895a70f55 <- TX(5)
2021-08-14 14:05:26,986 [SCMBlockDeletingService#0] DEBUG block.SCMBlockDeletingService (DatanodeDeletedBlockTransactions.java:addTransactionToDN(50)) - Transaction added: 41bdc6fc-f730-460f-b2d8-92157d986a72 <- TX(5)
2021-08-14 14:05:26,986 [SCMBlockDeletingService#0] DEBUG block.SCMBlockDeletingService (DatanodeDeletedBlockTransactions.java:addTransactionToDN(50)) - Transaction added: e5d3e9d3-1367-47eb-ad7f-372895a70f55 <- TX(6)
2021-08-14 14:05:26,986 [SCMBlockDeletingService#0] DEBUG block.SCMBlockDeletingService (DatanodeDeletedBlockTransactions.java:addTransactionToDN(50)) - Transaction added: 41bdc6fc-f730-460f-b2d8-92157d986a72 <- TX(6)
2021-08-14 14:05:26,986 [SCMBlockDeletingService#0] DEBUG block.SCMBlockDeletingService (DatanodeDeletedBlockTransactions.java:addTransactionToDN(50)) - Transaction added: e5d3e9d3-1367-47eb-ad7f-372895a70f55 <- TX(7)
2021-08-14 14:05:26,986 [SCMBlockDeletingService#0] DEBUG block.SCMBlockDeletingService (DatanodeDeletedBlockTransactions.java:addTransactionToDN(50)) - Transaction added: 41bdc6fc-f730-460f-b2d8-92157d986a72 <- TX(7)
2021-08-14 14:05:26,986 [SCMBlockDeletingService#0] DEBUG block.SCMBlockDeletingService (DatanodeDeletedBlockTransactions.java:addTransactionToDN(50)) - Transaction added: 41bdc6fc-f730-460f-b2d8-92157d986a72 <- TX(8)
2021-08-14 14:05:26,986 [SCMBlockDeletingService#0] DEBUG block.SCMBlockDeletingService (DatanodeDeletedBlockTransactions.java:addTransactionToDN(50)) - Transaction added: e5d3e9d3-1367-47eb-ad7f-372895a70f55 <- TX(8)
2021-08-14 14:05:26,986 [SCMBlockDeletingService#0] DEBUG block.SCMBlockDeletingService (DatanodeDeletedBlockTransactions.java:addTransactionToDN(50)) - Transaction added: e5d3e9d3-1367-47eb-ad7f-372895a70f55 <- TX(9)
2021-08-14 14:05:26,986 [SCMBlockDeletingService#0] DEBUG block.SCMBlockDeletingService (DatanodeDeletedBlockTransactions.java:addTransactionToDN(50)) - Transaction added: 41bdc6fc-f730-460f-b2d8-92157d986a72 <- TX(9)
2021-08-14 14:05:26,986 [SCMBlockDeletingService#0] DEBUG block.SCMBlockDeletingService (DatanodeDeletedBlockTransactions.java:addTransactionToDN(50)) - Transaction added: e5d3e9d3-1367-47eb-ad7f-372895a70f55 <- TX(10)
2021-08-14 14:05:26,986 [SCMBlockDeletingService#0] DEBUG block.SCMBlockDeletingService (DatanodeDeletedBlockTransactions.java:addTransactionToDN(50)) - Transaction added: 41bdc6fc-f730-460f-b2d8-92157d986a72 <- TX(10)
2021-08-14 14:05:26,986 [SCMBlockDeletingService#0] DEBUG block.SCMBlockDeletingService (DatanodeDeletedBlockTransactions.java:addTransactionToDN(50)) - Transaction added: e5d3e9d3-1367-47eb-ad7f-372895a70f55 <- TX(11)
2021-08-14 14:05:26,986 [SCMBlockDeletingService#0] DEBUG block.SCMBlockDeletingService (DatanodeDeletedBlockTransactions.java:addTransactionToDN(50)) - Transaction added: 41bdc6fc-f730-460f-b2d8-92157d986a72 <- TX(11)
2021-08-14 14:05:26,986 [SCMBlockDeletingService#0] DEBUG block.SCMBlockDeletingService (DatanodeDeletedBlockTransactions.java:addTransactionToDN(50)) - Transaction added: 41bdc6fc-f730-460f-b2d8-92157d986a72 <- TX(12)
2021-08-14 14:05:26,986 [SCMBlockDeletingService#0] DEBUG block.SCMBlockDeletingService (DatanodeDeletedBlockTransactions.java:addTransactionToDN(50)) - Transaction added: e5d3e9d3-1367-47eb-ad7f-372895a70f55 <- TX(12)
2021-08-14 14:05:26,987 [SCMBlockDeletingService#0] DEBUG block.SCMBlockDeletingService (DatanodeDeletedBlockTransactions.java:addTransactionToDN(50)) - Transaction added: e5d3e9d3-1367-47eb-ad7f-372895a70f55 <- TX(13)
2021-08-14 14:05:26,987 [SCMBlockDeletingService#0] DEBUG block.SCMBlockDeletingService (DatanodeDeletedBlockTransactions.java:addTransactionToDN(50)) - Transaction added: 41bdc6fc-f730-460f-b2d8-92157d986a72 <- TX(13)
2021-08-14 14:05:26,987 [SCMBlockDeletingService#0] DEBUG block.SCMBlockDeletingService (DatanodeDeletedBlockTransactions.java:addTransactionToDN(50)) - Transaction added: e5d3e9d3-1367-47eb-ad7f-372895a70f55 <- TX(14)
2021-08-14 14:05:26,987 [SCMBlockDeletingService#0] DEBUG block.SCMBlockDeletingService (DatanodeDeletedBlockTransactions.java:addTransactionToDN(50)) - Transaction added: 41bdc6fc-f730-460f-b2d8-92157d986a72 <- TX(14)
2021-08-14 14:05:26,987 [SCMBlockDeletingService#0] DEBUG block.SCMBlockDeletingService (DatanodeDeletedBlockTransactions.java:addTransactionToDN(50)) - Transaction added: 41bdc6fc-f730-460f-b2d8-92157d986a72 <- TX(15)
2021-08-14 14:05:26,987 [SCMBlockDeletingService#0] DEBUG block.SCMBlockDeletingService (DatanodeDeletedBlockTransactions.java:addTransactionToDN(50)) - Transaction added: e5d3e9d3-1367-47eb-ad7f-372895a70f55 <- TX(15)
2021-08-14 14:05:26,987 [SCMBlockDeletingService#0] DEBUG block.SCMBlockDeletingService (DatanodeDeletedBlockTransactions.java:addTransactionToDN(50)) - Transaction added: 41bdc6fc-f730-460f-b2d8-92157d986a72 <- TX(16)
2021-08-14 14:05:26,987 [SCMBlockDeletingService#0] DEBUG block.SCMBlockDeletingService (DatanodeDeletedBlockTransactions.java:addTransactionToDN(50)) - Transaction added: e5d3e9d3-1367-47eb-ad7f-372895a70f55 <- TX(16)
2021-08-14 14:05:26,987 [SCMBlockDeletingService#0] DEBUG block.SCMBlockDeletingService (DatanodeDeletedBlockTransactions.java:addTransactionToDN(50)) - Transaction added: e5d3e9d3-1367-47eb-ad7f-372895a70f55 <- TX(17)
2021-08-14 14:05:26,987 [SCMBlockDeletingService#0] DEBUG block.SCMBlockDeletingService (DatanodeDeletedBlockTransactions.java:addTransactionToDN(50)) - Transaction added: 41bdc6fc-f730-460f-b2d8-92157d986a72 <- TX(17)
2021-08-14 14:05:26,987 [SCMBlockDeletingService#0] DEBUG block.SCMBlockDeletingService (DatanodeDeletedBlockTransactions.java:addTransactionToDN(50)) - Transaction added: e5d3e9d3-1367-47eb-ad7f-372895a70f55 <- TX(18)
2021-08-14 14:05:26,987 [SCMBlockDeletingService#0] DEBUG block.SCMBlockDeletingService (DatanodeDeletedBlockTransactions.java:addTransactionToDN(50)) - Transaction added: 41bdc6fc-f730-460f-b2d8-92157d986a72 <- TX(18)
2021-08-14 14:05:26,987 [SCMBlockDeletingService#0] DEBUG block.SCMBlockDeletingService (DatanodeDeletedBlockTransactions.java:addTransactionToDN(50)) - Transaction added: e5d3e9d3-1367-47eb-ad7f-372895a70f55 <- TX(19)
2021-08-14 14:05:26,987 [SCMBlockDeletingService#0] DEBUG block.SCMBlockDeletingService (DatanodeDeletedBlockTransactions.java:addTransactionToDN(50)) - Transaction added: 41bdc6fc-f730-460f-b2d8-92157d986a72 <- TX(19)
2021-08-14 14:05:26,987 [SCMBlockDeletingService#0] DEBUG block.SCMBlockDeletingService (DatanodeDeletedBlockTransactions.java:addTransactionToDN(50)) - Transaction added: a3a688a0-b759-42a1-9d42-7ea63bf88025 <- TX(19)
2021-08-14 14:05:26,987 [SCMBlockDeletingService#0] DEBUG block.SCMBlockDeletingService (DatanodeDeletedBlockTransactions.java:addTransactionToDN(50)) - Transaction added: a3a688a0-b759-42a1-9d42-7ea63bf88025 <- TX(20)
2021-08-14 14:05:26,987 [SCMBlockDeletingService#0] DEBUG block.SCMBlockDeletingService (DatanodeDeletedBlockTransactions.java:addTransactionToDN(50)) - Transaction added: 41bdc6fc-f730-460f-b2d8-92157d986a72 <- TX(20)
2021-08-14 14:05:26,987 [SCMBlockDeletingService#0] DEBUG block.SCMBlockDeletingService (DatanodeDeletedBlockTransactions.java:addTransactionToDN(50)) - Transaction added: e5d3e9d3-1367-47eb-ad7f-372895a70f55 <- TX(20)
2021-08-14 14:05:26,987 [SCMBlockDeletingService#0] DEBUG block.SCMBlockDeletingService (DatanodeDeletedBlockTransactions.java:addTransactionToDN(50)) - Transaction added: a3a688a0-b759-42a1-9d42-7ea63bf88025 <- TX(21)
2021-08-14 14:05:26,987 [SCMBlockDeletingService#0] DEBUG block.SCMBlockDeletingService (DatanodeDeletedBlockTransactions.java:addTransactionToDN(50)) - Transaction added: e5d3e9d3-1367-47eb-ad7f-372895a70f55 <- TX(21)
2021-08-14 14:05:26,987 [SCMBlockDeletingService#0] DEBUG block.SCMBlockDeletingService (DatanodeDeletedBlockTransactions.java:addTransactionToDN(50)) - Transaction added: 41bdc6fc-f730-460f-b2d8-92157d986a72 <- TX(21)
2021-08-14 14:05:26,987 [SCMBlockDeletingService#0] DEBUG block.SCMBlockDeletingService (DatanodeDeletedBlockTransactions.java:addTransactionToDN(50)) - Transaction added: a3a688a0-b759-42a1-9d42-7ea63bf88025 <- TX(22)
2021-08-14 14:05:26,987 [SCMBlockDeletingService#0] DEBUG block.SCMBlockDeletingService (DatanodeDeletedBlockTransactions.java:addTransactionToDN(50)) - Transaction added: e5d3e9d3-1367-47eb-ad7f-372895a70f55 <- TX(22)
2021-08-14 14:05:26,987 [SCMBlockDeletingService#0] DEBUG block.SCMBlockDeletingService (DatanodeDeletedBlockTransactions.java:addTransactionToDN(50)) - Transaction added: 41bdc6fc-f730-460f-b2d8-92157d986a72 <- TX(22)
2021-08-14 14:05:26,987 [SCMBlockDeletingService#0] DEBUG block.SCMBlockDeletingService (DatanodeDeletedBlockTransactions.java:addTransactionToDN(50)) - Transaction added: a3a688a0-b759-42a1-9d42-7ea63bf88025 <- TX(23)
2021-08-14 14:05:26,987 [SCMBlockDeletingService#0] DEBUG block.SCMBlockDeletingService (DatanodeDeletedBlockTransactions.java:addTransactionToDN(50)) - Transaction added: e5d3e9d3-1367-47eb-ad7f-372895a70f55 <- TX(23)
2021-08-14 14:05:26,987 [SCMBlockDeletingService#0] DEBUG block.SCMBlockDeletingService (DatanodeDeletedBlockTransactions.java:addTransactionToDN(50)) - Transaction added: 41bdc6fc-f730-460f-b2d8-92157d986a72 <- TX(23)
2021-08-14 14:05:26,987 [SCMBlockDeletingService#0] DEBUG block.SCMBlockDeletingService (DatanodeDeletedBlockTransactions.java:addTransactionToDN(50)) - Transaction added: 41bdc6fc-f730-460f-b2d8-92157d986a72 <- TX(24)
2021-08-14 14:05:26,987 [SCMBlockDeletingService#0] DEBUG block.SCMBlockDeletingService (DatanodeDeletedBlockTransactions.java:addTransactionToDN(50)) - Transaction added: e5d3e9d3-1367-47eb-ad7f-372895a70f55 <- TX(24)
2021-08-14 14:05:26,987 [SCMBlockDeletingService#0] DEBUG block.SCMBlockDeletingService (DatanodeDeletedBlockTransactions.java:addTransactionToDN(50)) - Transaction added: a3a688a0-b759-42a1-9d42-7ea63bf88025 <- TX(24)
2021-08-14 14:05:26,987 [SCMBlockDeletingService#0] DEBUG block.SCMBlockDeletingService (DatanodeDeletedBlockTransactions.java:addTransactionToDN(50)) - Transaction added: a3a688a0-b759-42a1-9d42-7ea63bf88025 <- TX(25)
2021-08-14 14:05:26,987 [SCMBlockDeletingService#0] DEBUG block.SCMBlockDeletingService (DatanodeDeletedBlockTransactions.java:addTransactionToDN(50)) - Transaction added: e5d3e9d3-1367-47eb-ad7f-372895a70f55 <- TX(25)
2021-08-14 14:05:26,988 [SCMBlockDeletingService#0] DEBUG block.SCMBlockDeletingService (DatanodeDeletedBlockTransactions.java:addTransactionToDN(50)) - Transaction added: 41bdc6fc-f730-460f-b2d8-92157d986a72 <- TX(25)
2021-08-14 14:05:26,988 [SCMBlockDeletingService#0] DEBUG block.SCMBlockDeletingService (DatanodeDeletedBlockTransactions.java:addTransactionToDN(50)) - Transaction added: e5d3e9d3-1367-47eb-ad7f-372895a70f55 <- TX(26)
2021-08-14 14:05:26,988 [SCMBlockDeletingService#0] DEBUG block.SCMBlockDeletingService (DatanodeDeletedBlockTransactions.java:addTransactionToDN(50)) - Transaction added: 41bdc6fc-f730-460f-b2d8-92157d986a72 <- TX(26)
2021-08-14 14:05:26,988 [SCMBlockDeletingService#0] DEBUG block.SCMBlockDeletingService (DatanodeDeletedBlockTransactions.java:addTransactionToDN(50)) - Transaction added: a3a688a0-b759-42a1-9d42-7ea63bf88025 <- TX(26)
2021-08-14 14:05:26,988 [SCMBlockDeletingService#0] DEBUG block.SCMBlockDeletingService (DatanodeDeletedBlockTransactions.java:addTransactionToDN(50)) - Transaction added: a3a688a0-b759-42a1-9d42-7ea63bf88025 <- TX(27)
2021-08-14 14:05:26,988 [SCMBlockDeletingService#0] DEBUG block.SCMBlockDeletingService (DatanodeDeletedBlockTransactions.java:addTransactionToDN(50)) - Transaction added: e5d3e9d3-1367-47eb-ad7f-372895a70f55 <- TX(27)
2021-08-14 14:05:26,988 [SCMBlockDeletingService#0] DEBUG block.SCMBlockDeletingService (DatanodeDeletedBlockTransactions.java:addTransactionToDN(50)) - Transaction added: 41bdc6fc-f730-460f-b2d8-92157d986a72 <- TX(27)
2021-08-14 14:05:26,988 [SCMBlockDeletingService#0] DEBUG block.SCMBlockDeletingService (DatanodeDeletedBlockTransactions.java:addTransactionToDN(50)) - Transaction added: 41bdc6fc-f730-460f-b2d8-92157d986a72 <- TX(28)
2021-08-14 14:05:26,988 [SCMBlockDeletingService#0] DEBUG block.SCMBlockDeletingService (DatanodeDeletedBlockTransactions.java:addTransactionToDN(50)) - Transaction added: e5d3e9d3-1367-47eb-ad7f-372895a70f55 <- TX(28)
2021-08-14 14:05:26,988 [SCMBlockDeletingService#0] DEBUG block.SCMBlockDeletingService (DatanodeDeletedBlockTransactions.java:addTransactionToDN(50)) - Transaction added: a3a688a0-b759-42a1-9d42-7ea63bf88025 <- TX(28)
2021-08-14 14:05:26,988 [SCMBlockDeletingService#0] DEBUG block.SCMBlockDeletingService (DatanodeDeletedBlockTransactions.java:addTransactionToDN(50)) - Transaction added: a3a688a0-b759-42a1-9d42-7ea63bf88025 <- TX(29)
2021-08-14 14:05:26,988 [SCMBlockDeletingService#0] DEBUG block.SCMBlockDeletingService (DatanodeDeletedBlockTransactions.java:addTransactionToDN(50)) - Transaction added: e5d3e9d3-1367-47eb-ad7f-372895a70f55 <- TX(29)
2021-08-14 14:05:26,988 [SCMBlockDeletingService#0] DEBUG block.SCMBlockDeletingService (DatanodeDeletedBlockTransactions.java:addTransactionToDN(50)) - Transaction added: 41bdc6fc-f730-460f-b2d8-92157d986a72 <- TX(29)
2021-08-14 14:05:26,988 [SCMBlockDeletingService#0] DEBUG block.SCMBlockDeletingService (DatanodeDeletedBlockTransactions.java:addTransactionToDN(50)) - Transaction added: a3a688a0-b759-42a1-9d42-7ea63bf88025 <- TX(30)
2021-08-14 14:05:26,988 [SCMBlockDeletingService#0] DEBUG block.SCMBlockDeletingService (DatanodeDeletedBlockTransactions.java:addTransactionToDN(50)) - Transaction added: 41bdc6fc-f730-460f-b2d8-92157d986a72 <- TX(30)
2021-08-14 14:05:26,988 [SCMBlockDeletingService#0] DEBUG block.SCMBlockDeletingService (DatanodeDeletedBlockTransactions.java:addTransactionToDN(50)) - Transaction added: e5d3e9d3-1367-47eb-ad7f-372895a70f55 <- TX(30)
2021-08-14 14:05:26,988 [SCMBlockDeletingService#0] DEBUG block.SCMBlockDeletingService (DatanodeDeletedBlockTransactions.java:addTransactionToDN(50)) - Transaction added: 41bdc6fc-f730-460f-b2d8-92157d986a72 <- TX(31)
2021-08-14 14:05:26,988 [SCMBlockDeletingService#0] DEBUG block.SCMBlockDeletingService (DatanodeDeletedBlockTransactions.java:addTransactionToDN(50)) - Transaction added: a3a688a0-b759-42a1-9d42-7ea63bf88025 <- TX(31)
2021-08-14 14:05:26,988 [SCMBlockDeletingService#0] DEBUG block.SCMBlockDeletingService (DatanodeDeletedBlockTransactions.java:addTransactionToDN(50)) - Transaction added: e5d3e9d3-1367-47eb-ad7f-372895a70f55 <- TX(31)
2021-08-14 14:05:26,988 [SCMBlockDeletingService#0] DEBUG block.SCMBlockDeletingService (DatanodeDeletedBlockTransactions.java:addTransactionToDN(50)) - Transaction added: a3a688a0-b759-42a1-9d42-7ea63bf88025 <- TX(32)
2021-08-14 14:05:26,988 [SCMBlockDeletingService#0] DEBUG block.SCMBlockDeletingService (DatanodeDeletedBlockTransactions.java:addTransactionToDN(50)) - Transaction added: 41bdc6fc-f730-460f-b2d8-92157d986a72 <- TX(32)
2021-08-14 14:05:26,988 [SCMBlockDeletingService#0] DEBUG block.SCMBlockDeletingService (DatanodeDeletedBlockTransactions.java:addTransactionToDN(50)) - Transaction added: e5d3e9d3-1367-47eb-ad7f-372895a70f55 <- TX(32)
2021-08-14 14:05:26,988 [SCMBlockDeletingService#0] DEBUG block.SCMBlockDeletingService (DatanodeDeletedBlockTransactions.java:addTransactionToDN(50)) - Transaction added: e5d3e9d3-1367-47eb-ad7f-372895a70f55 <- TX(33)
2021-08-14 14:05:26,988 [SCMBlockDeletingService#0] DEBUG block.SCMBlockDeletingService (DatanodeDeletedBlockTransactions.java:addTransactionToDN(50)) - Transaction added: 41bdc6fc-f730-460f-b2d8-92157d986a72 <- TX(33)
2021-08-14 14:05:26,988 [SCMBlockDeletingService#0] DEBUG block.SCMBlockDeletingService (DatanodeDeletedBlockTransactions.java:addTransactionToDN(50)) - Transaction added: a3a688a0-b759-42a1-9d42-7ea63bf88025 <- TX(33)
2021-08-14 14:05:26,988 [SCMBlockDeletingService#0] DEBUG block.SCMBlockDeletingService (DatanodeDeletedBlockTransactions.java:addTransactionToDN(50)) - Transaction added: a3a688a0-b759-42a1-9d42-7ea63bf88025 <- TX(34)
2021-08-14 14:05:26,988 [SCMBlockDeletingService#0] DEBUG block.SCMBlockDeletingService (DatanodeDeletedBlockTransactions.java:addTransactionToDN(50)) - Transaction added: 41bdc6fc-f730-460f-b2d8-92157d986a72 <- TX(34)
2021-08-14 14:05:26,988 [SCMBlockDeletingService#0] DEBUG block.SCMBlockDeletingService (DatanodeDeletedBlockTransactions.java:addTransactionToDN(50)) - Transaction added: e5d3e9d3-1367-47eb-ad7f-372895a70f55 <- TX(34)
2021-08-14 14:05:26,988 [SCMBlockDeletingService#0] DEBUG block.SCMBlockDeletingService (DatanodeDeletedBlockTransactions.java:addTransactionToDN(50)) - Transaction added: e5d3e9d3-1367-47eb-ad7f-372895a70f55 <- TX(35)
2021-08-14 14:05:26,988 [SCMBlockDeletingService#0] DEBUG block.SCMBlockDeletingService (DatanodeDeletedBlockTransactions.java:addTransactionToDN(50)) - Transaction added: 41bdc6fc-f730-460f-b2d8-92157d986a72 <- TX(35)
2021-08-14 14:05:26,989 [SCMBlockDeletingService#0] DEBUG block.SCMBlockDeletingService (DatanodeDeletedBlockTransactions.java:addTransactionToDN(50)) - Transaction added: a3a688a0-b759-42a1-9d42-7ea63bf88025 <- TX(35)
2021-08-14 14:05:26,989 [SCMBlockDeletingService#0] DEBUG block.SCMBlockDeletingService (DatanodeDeletedBlockTransactions.java:addTransactionToDN(50)) - Transaction added: a3a688a0-b759-42a1-9d42-7ea63bf88025 <- TX(36)
2021-08-14 14:05:26,989 [SCMBlockDeletingService#0] DEBUG block.SCMBlockDeletingService (DatanodeDeletedBlockTransactions.java:addTransactionToDN(50)) - Transaction added: 41bdc6fc-f730-460f-b2d8-92157d986a72 <- TX(36)
2021-08-14 14:05:26,989 [SCMBlockDeletingService#0] DEBUG block.SCMBlockDeletingService (DatanodeDeletedBlockTransactions.java:addTransactionToDN(50)) - Transaction added: e5d3e9d3-1367-47eb-ad7f-372895a70f55 <- TX(36)
2021-08-14 14:05:26,989 [SCMBlockDeletingService#0] DEBUG block.SCMBlockDeletingService (DatanodeDeletedBlockTransactions.java:addTransactionToDN(50)) - Transaction added: a3a688a0-b759-42a1-9d42-7ea63bf88025 <- TX(37)
2021-08-14 14:05:26,989 [SCMBlockDeletingService#0] DEBUG block.SCMBlockDeletingService (DatanodeDeletedBlockTransactions.java:addTransactionToDN(50)) - Transaction added: e5d3e9d3-1367-47eb-ad7f-372895a70f55 <- TX(37)
2021-08-14 14:05:26,989 [SCMBlockDeletingService#0] DEBUG block.SCMBlockDeletingService (DatanodeDeletedBlockTransactions.java:addTransactionToDN(50)) - Transaction added: 41bdc6fc-f730-460f-b2d8-92157d986a72 <- TX(37)
2021-08-14 14:05:26,989 [SCMBlockDeletingService#0] DEBUG block.SCMBlockDeletingService (DatanodeDeletedBlockTransactions.java:addTransactionToDN(50)) - Transaction added: a3a688a0-b759-42a1-9d42-7ea63bf88025 <- TX(38)
2021-08-14 14:05:26,989 [SCMBlockDeletingService#0] DEBUG block.SCMBlockDeletingService (DatanodeDeletedBlockTransactions.java:addTransactionToDN(50)) - Transaction added: 41bdc6fc-f730-460f-b2d8-92157d986a72 <- TX(38)
2021-08-14 14:05:26,989 [SCMBlockDeletingService#0] DEBUG block.SCMBlockDeletingService (DatanodeDeletedBlockTransactions.java:addTransactionToDN(50)) - Transaction added: e5d3e9d3-1367-47eb-ad7f-372895a70f55 <- TX(38)
2021-08-14 14:05:26,989 [SCMBlockDeletingService#0] DEBUG block.SCMBlockDeletingService (DatanodeDeletedBlockTransactions.java:addTransactionToDN(50)) - Transaction added: a3a688a0-b759-42a1-9d42-7ea63bf88025 <- TX(39)
2021-08-14 14:05:26,989 [SCMBlockDeletingService#0] DEBUG block.SCMBlockDeletingService (DatanodeDeletedBlockTransactions.java:addTransactionToDN(50)) - Transaction added: e5d3e9d3-1367-47eb-ad7f-372895a70f55 <- TX(39)
2021-08-14 14:05:26,989 [SCMBlockDeletingService#0] DEBUG block.SCMBlockDeletingService (DatanodeDeletedBlockTransactions.java:addTransactionToDN(50)) - Transaction added: 41bdc6fc-f730-460f-b2d8-92157d986a72 <- TX(39)
2021-08-14 14:05:26,989 [SCMBlockDeletingService#0] DEBUG block.SCMBlockDeletingService (DatanodeDeletedBlockTransactions.java:addTransactionToDN(50)) - Transaction added: 41bdc6fc-f730-460f-b2d8-92157d986a72 <- TX(40)
2021-08-14 14:05:26,989 [SCMBlockDeletingService#0] DEBUG block.SCMBlockDeletingService (DatanodeDeletedBlockTransactions.java:addTransactionToDN(50)) - Transaction added: e5d3e9d3-1367-47eb-ad7f-372895a70f55 <- TX(40)
2021-08-14 14:05:26,989 [SCMBlockDeletingService#0] DEBUG block.SCMBlockDeletingService (DatanodeDeletedBlockTransactions.java:addTransactionToDN(50)) - Transaction added: a3a688a0-b759-42a1-9d42-7ea63bf88025 <- TX(40)
2021-08-14 14:05:26,989 [SCMBlockDeletingService#0] DEBUG block.SCMBlockDeletingService (DatanodeDeletedBlockTransactions.java:addTransactionToDN(50)) - Transaction added: a3a688a0-b759-42a1-9d42-7ea63bf88025 <- TX(41)
2021-08-14 14:05:26,989 [SCMBlockDeletingService#0] DEBUG block.SCMBlockDeletingService (DatanodeDeletedBlockTransactions.java:addTransactionToDN(50)) - Transaction added: e5d3e9d3-1367-47eb-ad7f-372895a70f55 <- TX(41)
2021-08-14 14:05:26,989 [SCMBlockDeletingService#0] DEBUG block.SCMBlockDeletingService (DatanodeDeletedBlockTransactions.java:addTransactionToDN(50)) - Transaction added: 41bdc6fc-f730-460f-b2d8-92157d986a72 <- TX(41)
2021-08-14 14:05:26,989 [SCMBlockDeletingService#0] DEBUG block.SCMBlockDeletingService (DatanodeDeletedBlockTransactions.java:addTransactionToDN(50)) - Transaction added: 41bdc6fc-f730-460f-b2d8-92157d986a72 <- TX(42)
2021-08-14 14:05:26,989 [SCMBlockDeletingService#0] DEBUG block.SCMBlockDeletingService (DatanodeDeletedBlockTransactions.java:addTransactionToDN(50)) - Transaction added: e5d3e9d3-1367-47eb-ad7f-372895a70f55 <- TX(42)
2021-08-14 14:05:26,989 [SCMBlockDeletingService#0] DEBUG block.SCMBlockDeletingService (DatanodeDeletedBlockTransactions.java:addTransactionToDN(50)) - Transaction added: a3a688a0-b759-42a1-9d42-7ea63bf88025 <- TX(42)
2021-08-14 14:05:26,989 [SCMBlockDeletingService#0] DEBUG block.SCMBlockDeletingService (DatanodeDeletedBlockTransactions.java:addTransactionToDN(50)) - Transaction added: a3a688a0-b759-42a1-9d42-7ea63bf88025 <- TX(43)
2021-08-14 14:05:26,989 [SCMBlockDeletingService#0] DEBUG block.SCMBlockDeletingService (DatanodeDeletedBlockTransactions.java:addTransactionToDN(50)) - Transaction added: e5d3e9d3-1367-47eb-ad7f-372895a70f55 <- TX(43)
2021-08-14 14:05:26,989 [SCMBlockDeletingService#0] DEBUG block.SCMBlockDeletingService (DatanodeDeletedBlockTransactions.java:addTransactionToDN(50)) - Transaction added: 41bdc6fc-f730-460f-b2d8-92157d986a72 <- TX(43)
2021-08-14 14:05:26,989 [SCMBlockDeletingService#0] DEBUG block.SCMBlockDeletingService (DatanodeDeletedBlockTransactions.java:addTransactionToDN(50)) - Transaction added: 41bdc6fc-f730-460f-b2d8-92157d986a72 <- TX(44)
2021-08-14 14:05:26,989 [SCMBlockDeletingService#0] DEBUG block.SCMBlockDeletingService (DatanodeDeletedBlockTransactions.java:addTransactionToDN(50)) - Transaction added: e5d3e9d3-1367-47eb-ad7f-372895a70f55 <- TX(44)
2021-08-14 14:05:26,989 [SCMBlockDeletingService#0] DEBUG block.SCMBlockDeletingService (DatanodeDeletedBlockTransactions.java:addTransactionToDN(50)) - Transaction added: a3a688a0-b759-42a1-9d42-7ea63bf88025 <- TX(44)
2021-08-14 14:05:26,989 [SCMBlockDeletingService#0] DEBUG block.SCMBlockDeletingService (DatanodeDeletedBlockTransactions.java:addTransactionToDN(50)) - Transaction added: a3a688a0-b759-42a1-9d42-7ea63bf88025 <- TX(45)
2021-08-14 14:05:26,990 [SCMBlockDeletingService#0] DEBUG block.SCMBlockDeletingService (DatanodeDeletedBlockTransactions.java:addTransactionToDN(50)) - Transaction added: e5d3e9d3-1367-47eb-ad7f-372895a70f55 <- TX(45)
2021-08-14 14:05:26,990 [SCMBlockDeletingService#0] DEBUG block.SCMBlockDeletingService (DatanodeDeletedBlockTransactions.java:addTransactionToDN(50)) - Transaction added: 41bdc6fc-f730-460f-b2d8-92157d986a72 <- TX(45)
2021-08-14 14:05:26,990 [SCMBlockDeletingService#0] DEBUG block.SCMBlockDeletingService (DatanodeDeletedBlockTransactions.java:addTransactionToDN(50)) - Transaction added: a3a688a0-b759-42a1-9d42-7ea63bf88025 <- TX(46)
2021-08-14 14:05:26,990 [SCMBlockDeletingService#0] DEBUG block.SCMBlockDeletingService (DatanodeDeletedBlockTransactions.java:addTransactionToDN(50)) - Transaction added: 41bdc6fc-f730-460f-b2d8-92157d986a72 <- TX(46)
2021-08-14 14:05:26,990 [SCMBlockDeletingService#0] DEBUG block.SCMBlockDeletingService (DatanodeDeletedBlockTransactions.java:addTransactionToDN(50)) - Transaction added: e5d3e9d3-1367-47eb-ad7f-372895a70f55 <- TX(46)
2021-08-14 14:05:26,990 [SCMBlockDeletingService#0] DEBUG block.SCMBlockDeletingService (DatanodeDeletedBlockTransactions.java:addTransactionToDN(50)) - Transaction added: 41bdc6fc-f730-460f-b2d8-92157d986a72 <- TX(47)
2021-08-14 14:05:26,990 [SCMBlockDeletingService#0] DEBUG block.SCMBlockDeletingService (DatanodeDeletedBlockTransactions.java:addTransactionToDN(50)) - Transaction added: a3a688a0-b759-42a1-9d42-7ea63bf88025 <- TX(47)
2021-08-14 14:05:26,990 [SCMBlockDeletingService#0] DEBUG block.SCMBlockDeletingService (DatanodeDeletedBlockTransactions.java:addTransactionToDN(50)) - Transaction added: e5d3e9d3-1367-47eb-ad7f-372895a70f55 <- TX(47)
2021-08-14 14:05:26,990 [SCMBlockDeletingService#0] DEBUG block.SCMBlockDeletingService (DatanodeDeletedBlockTransactions.java:addTransactionToDN(50)) - Transaction added: a3a688a0-b759-42a1-9d42-7ea63bf88025 <- TX(48)
2021-08-14 14:05:26,990 [SCMBlockDeletingService#0] DEBUG block.SCMBlockDeletingService (DatanodeDeletedBlockTransactions.java:addTransactionToDN(50)) - Transaction added: 41bdc6fc-f730-460f-b2d8-92157d986a72 <- TX(48)
2021-08-14 14:05:26,990 [SCMBlockDeletingService#0] DEBUG block.SCMBlockDeletingService (DatanodeDeletedBlockTransactions.java:addTransactionToDN(50)) - Transaction added: e5d3e9d3-1367-47eb-ad7f-372895a70f55 <- TX(48)
2021-08-14 14:05:26,990 [SCMBlockDeletingService#0] DEBUG block.SCMBlockDeletingService (DatanodeDeletedBlockTransactions.java:addTransactionToDN(50)) - Transaction added: e5d3e9d3-1367-47eb-ad7f-372895a70f55 <- TX(49)
2021-08-14 14:05:26,990 [SCMBlockDeletingService#0] DEBUG block.SCMBlockDeletingService (DatanodeDeletedBlockTransactions.java:addTransactionToDN(50)) - Transaction added: 41bdc6fc-f730-460f-b2d8-92157d986a72 <- TX(49)
2021-08-14 14:05:26,990 [SCMBlockDeletingService#0] DEBUG block.SCMBlockDeletingService (DatanodeDeletedBlockTransactions.java:addTransactionToDN(50)) - Transaction added: a3a688a0-b759-42a1-9d42-7ea63bf88025 <- TX(49)
2021-08-14 14:05:26,990 [SCMBlockDeletingService#0] DEBUG block.SCMBlockDeletingService (DatanodeDeletedBlockTransactions.java:addTransactionToDN(50)) - Transaction added: a3a688a0-b759-42a1-9d42-7ea63bf88025 <- TX(50)
2021-08-14 14:05:26,990 [SCMBlockDeletingService#0] DEBUG block.SCMBlockDeletingService (DatanodeDeletedBlockTransactions.java:addTransactionToDN(50)) - Transaction added: 41bdc6fc-f730-460f-b2d8-92157d986a72 <- TX(50)
2021-08-14 14:05:26,990 [SCMBlockDeletingService#0] DEBUG block.SCMBlockDeletingService (DatanodeDeletedBlockTransactions.java:addTransactionToDN(50)) - Transaction added: e5d3e9d3-1367-47eb-ad7f-372895a70f55 <- TX(50)
2021-08-14 14:05:26,990 [SCMBlockDeletingService#0] DEBUG block.SCMBlockDeletingService (DatanodeDeletedBlockTransactions.java:addTransactionToDN(50)) - Transaction added: e5d3e9d3-1367-47eb-ad7f-372895a70f55 <- TX(51)
2021-08-14 14:05:26,990 [SCMBlockDeletingService#0] DEBUG block.SCMBlockDeletingService (DatanodeDeletedBlockTransactions.java:addTransactionToDN(50)) - Transaction added: 41bdc6fc-f730-460f-b2d8-92157d986a72 <- TX(51)
2021-08-14 14:05:26,990 [SCMBlockDeletingService#0] DEBUG block.SCMBlockDeletingService (DatanodeDeletedBlockTransactions.java:addTransactionToDN(50)) - Transaction added: a3a688a0-b759-42a1-9d42-7ea63bf88025 <- TX(51)
2021-08-14 14:05:26,990 [SCMBlockDeletingService#0] DEBUG block.SCMBlockDeletingService (DatanodeDeletedBlockTransactions.java:addTransactionToDN(50)) - Transaction added: a3a688a0-b759-42a1-9d42-7ea63bf88025 <- TX(52)
2021-08-14 14:05:26,990 [SCMBlockDeletingService#0] DEBUG block.SCMBlockDeletingService (DatanodeDeletedBlockTransactions.java:addTransactionToDN(50)) - Transaction added: 41bdc6fc-f730-460f-b2d8-92157d986a72 <- TX(52)
2021-08-14 14:05:26,990 [SCMBlockDeletingService#0] DEBUG block.SCMBlockDeletingService (DatanodeDeletedBlockTransactions.java:addTransactionToDN(50)) - Transaction added: e5d3e9d3-1367-47eb-ad7f-372895a70f55 <- TX(52)
2021-08-14 14:05:26,992 [SCMBlockDeletingService#0] DEBUG block.SCMBlockDeletingService (DatanodeDeletedBlockTransactions.java:addTransactionToDN(50)) - Transaction added: a3a688a0-b759-42a1-9d42-7ea63bf88025 <- TX(53)
2021-08-14 14:05:26,992 [SCMBlockDeletingService#0] DEBUG block.SCMBlockDeletingService (DatanodeDeletedBlockTransactions.java:addTransactionToDN(50)) - Transaction added: e5d3e9d3-1367-47eb-ad7f-372895a70f55 <- TX(53)
2021-08-14 14:05:26,992 [SCMBlockDeletingService#0] DEBUG block.SCMBlockDeletingService (DatanodeDeletedBlockTransactions.java:addTransactionToDN(50)) - Transaction added: 41bdc6fc-f730-460f-b2d8-92157d986a72 <- TX(53)
2021-08-14 14:05:26,992 [SCMBlockDeletingService#0] DEBUG block.SCMBlockDeletingService (DatanodeDeletedBlockTransactions.java:addTransactionToDN(50)) - Transaction added: a3a688a0-b759-42a1-9d42-7ea63bf88025 <- TX(54)
2021-08-14 14:05:26,992 [SCMBlockDeletingService#0] DEBUG block.SCMBlockDeletingService (DatanodeDeletedBlockTransactions.java:addTransactionToDN(50)) - Transaction added: 41bdc6fc-f730-460f-b2d8-92157d986a72 <- TX(54)
2021-08-14 14:05:26,992 [SCMBlockDeletingService#0] DEBUG block.SCMBlockDeletingService (DatanodeDeletedBlockTransactions.java:addTransactionToDN(50)) - Transaction added: e5d3e9d3-1367-47eb-ad7f-372895a70f55 <- TX(54)
2021-08-14 14:05:26,992 [SCMBlockDeletingService#0] DEBUG block.SCMBlockDeletingService (DatanodeDeletedBlockTransactions.java:addTransactionToDN(50)) - Transaction added: a3a688a0-b759-42a1-9d42-7ea63bf88025 <- TX(55)
2021-08-14 14:05:26,992 [SCMBlockDeletingService#0] DEBUG block.SCMBlockDeletingService (DatanodeDeletedBlockTransactions.java:addTransactionToDN(50)) - Transaction added: e5d3e9d3-1367-47eb-ad7f-372895a70f55 <- TX(55)
2021-08-14 14:05:26,992 [SCMBlockDeletingService#0] DEBUG block.SCMBlockDeletingService (DatanodeDeletedBlockTransactions.java:addTransactionToDN(50)) - Transaction added: 41bdc6fc-f730-460f-b2d8-92157d986a72 <- TX(55)
2021-08-14 14:05:26,992 [SCMBlockDeletingService#0] DEBUG block.SCMBlockDeletingService (DatanodeDeletedBlockTransactions.java:addTransactionToDN(50)) - Transaction added: 41bdc6fc-f730-460f-b2d8-92157d986a72 <- TX(56)
2021-08-14 14:05:26,992 [SCMBlockDeletingService#0] DEBUG block.SCMBlockDeletingService (DatanodeDeletedBlockTransactions.java:addTransactionToDN(50)) - Transaction added: e5d3e9d3-1367-47eb-ad7f-372895a70f55 <- TX(56)
2021-08-14 14:05:26,992 [SCMBlockDeletingService#0] DEBUG block.SCMBlockDeletingService (DatanodeDeletedBlockTransactions.java:addTransactionToDN(50)) - Transaction added: a3a688a0-b759-42a1-9d42-7ea63bf88025 <- TX(56)
2021-08-14 14:05:26,993 [SCMBlockDeletingService#0] DEBUG block.SCMBlockDeletingService (SCMBlockDeletingService.java:call(164)) - Added delete block command for datanode a3a688a0-b759-42a1-9d42-7ea63bf88025 in the queue, number of delete block transactions: 38
2021-08-14 14:05:26,993 [SCMBlockDeletingService#0] DEBUG block.SCMBlockDeletingService (SCMBlockDeletingService.java:call(164)) - Added delete block command for datanode 41bdc6fc-f730-460f-b2d8-92157d986a72 in the queue, number of delete block transactions: 56
2021-08-14 14:05:26,993 [SCMBlockDeletingService#0] DEBUG block.SCMBlockDeletingService (SCMBlockDeletingService.java:call(164)) - Added delete block command for datanode e5d3e9d3-1367-47eb-ad7f-372895a70f55 in the queue, number of delete block transactions: 56
2021-08-14 14:05:26,993 [SCMBlockDeletingService#0] INFO  block.SCMBlockDeletingService (SCMBlockDeletingService.java:call(174)) - Totally added 150 blocks to be deleted for 3 datanodes, task elapsed time: 8ms
2021-08-14 14:05:26,997 [EventQueue-DeleteBlockStatusForDeletedBlockLogImpl] DEBUG block.DeletedBlockLogImpl (DeletedBlockLogImpl.java:isTransactionFailed(278)) - Got block deletion ACK from datanode, TXIDs=1, success=true
2021-08-14 14:05:26,997 [EventQueue-DeleteBlockStatusForDeletedBlockLogImpl] DEBUG block.DeletedBlockLogImpl (DeletedBlockLogImpl.java:commitTransactions(256)) - Datanode txId=1 containerId=#1 committed by dnId=e5d3e9d3-1367-47eb-ad7f-372895a70f55
2021-08-14 14:05:26,997 [EventQueue-DeleteBlockStatusForDeletedBlockLogImpl] DEBUG block.DeletedBlockLogImpl (DeletedBlockLogImpl.java:isTransactionFailed(278)) - Got block deletion ACK from datanode, TXIDs=2, success=true
2021-08-14 14:05:26,997 [EventQueue-DeleteBlockStatusForDeletedBlockLogImpl] DEBUG block.DeletedBlockLogImpl (DeletedBlockLogImpl.java:commitTransactions(256)) - Datanode txId=2 containerId=#2 committed by dnId=e5d3e9d3-1367-47eb-ad7f-372895a70f55
2021-08-14 14:05:26,997 [EventQueue-DeleteBlockStatusForDeletedBlockLogImpl] DEBUG block.DeletedBlockLogImpl (DeletedBlockLogImpl.java:isTransactionFailed(278)) - Got block deletion ACK from datanode, TXIDs=3, success=true
2021-08-14 14:05:26,997 [EventQueue-DeleteBlockStatusForDeletedBlockLogImpl] DEBUG block.DeletedBlockLogImpl (DeletedBlockLogImpl.java:commitTransactions(256)) - Datanode txId=3 containerId=#3 committed by dnId=e5d3e9d3-1367-47eb-ad7f-372895a70f55
2021-08-14 14:05:26,997 [EventQueue-DeleteBlockStatusForDeletedBlockLogImpl] DEBUG block.DeletedBlockLogImpl (DeletedBlockLogImpl.java:isTransactionFailed(278)) - Got block deletion ACK from datanode, TXIDs=4, success=true
2021-08-14 14:05:26,997 [EventQueue-DeleteBlockStatusForDeletedBlockLogImpl] DEBUG block.DeletedBlockLogImpl (DeletedBlockLogImpl.java:commitTransactions(256)) - Datanode txId=4 containerId=#4 committed by dnId=e5d3e9d3-1367-47eb-ad7f-372895a70f55
2021-08-14 14:05:26,997 [EventQueue-DeleteBlockStatusForDeletedBlockLogImpl] DEBUG block.DeletedBlockLogImpl (DeletedBlockLogImpl.java:isTransactionFailed(278)) - Got block deletion ACK from datanode, TXIDs=5, success=true
2021-08-14 14:05:26,997 [EventQueue-DeleteBlockStatusForDeletedBlockLogImpl] DEBUG block.DeletedBlockLogImpl (DeletedBlockLogImpl.java:commitTransactions(256)) - Datanode txId=5 containerId=#5 committed by dnId=e5d3e9d3-1367-47eb-ad7f-372895a70f55
2021-08-14 14:05:26,997 [EventQueue-DeleteBlockStatusForDeletedBlockLogImpl] DEBUG block.DeletedBlockLogImpl (DeletedBlockLogImpl.java:isTransactionFailed(278)) - Got block deletion ACK from datanode, TXIDs=6, success=true
2021-08-14 14:05:26,997 [EventQueue-DeleteBlockStatusForDeletedBlockLogImpl] DEBUG block.DeletedBlockLogImpl (DeletedBlockLogImpl.java:commitTransactions(256)) - Datanode txId=6 containerId=#6 committed by dnId=e5d3e9d3-1367-47eb-ad7f-372895a70f55
2021-08-14 14:05:26,997 [EventQueue-DeleteBlockStatusForDeletedBlockLogImpl] DEBUG block.DeletedBlockLogImpl (DeletedBlockLogImpl.java:isTransactionFailed(278)) - Got block deletion ACK from datanode, TXIDs=7, success=true
2021-08-14 14:05:26,997 [EventQueue-DeleteBlockStatusForDeletedBlockLogImpl] DEBUG block.DeletedBlockLogImpl (DeletedBlockLogImpl.java:commitTransactions(256)) - Datanode txId=7 containerId=#7 committed by dnId=e5d3e9d3-1367-47eb-ad7f-372895a70f55
2021-08-14 14:05:26,997 [EventQueue-DeleteBlockStatusForDeletedBlockLogImpl] DEBUG block.DeletedBlockLogImpl (DeletedBlockLogImpl.java:isTransactionFailed(278)) - Got block deletion ACK from datanode, TXIDs=1, success=true
2021-08-14 14:05:26,997 [EventQueue-DeleteBlockStatusForDeletedBlockLogImpl] DEBUG block.DeletedBlockLogImpl (DeletedBlockLogImpl.java:commitTransactions(256)) - Datanode txId=1 containerId=#1 committed by dnId=e5d3e9d3-1367-47eb-ad7f-372895a70f55
2021-08-14 14:05:26,997 [EventQueue-DeleteBlockStatusForDeletedBlockLogImpl] DEBUG block.DeletedBlockLogImpl (DeletedBlockLogImpl.java:isTransactionFailed(278)) - Got block deletion ACK from datanode, TXIDs=2, success=true
2021-08-14 14:05:26,998 [EventQueue-DeleteBlockStatusForDeletedBlockLogImpl] DEBUG block.DeletedBlockLogImpl (DeletedBlockLogImpl.java:commitTransactions(256)) - Datanode txId=2 containerId=#2 committed by dnId=e5d3e9d3-1367-47eb-ad7f-372895a70f55
2021-08-14 14:05:26,998 [EventQueue-DeleteBlockStatusForDeletedBlockLogImpl] DEBUG block.DeletedBlockLogImpl (DeletedBlockLogImpl.java:isTransactionFailed(278)) - Got block deletion ACK from datanode, TXIDs=3, success=true
2021-08-14 14:05:26,998 [EventQueue-DeleteBlockStatusForDeletedBlockLogImpl] DEBUG block.DeletedBlockLogImpl (DeletedBlockLogImpl.java:commitTransactions(256)) - Datanode txId=3 containerId=#3 committed by dnId=e5d3e9d3-1367-47eb-ad7f-372895a70f55
2021-08-14 14:05:26,998 [EventQueue-DeleteBlockStatusForDeletedBlockLogImpl] DEBUG block.DeletedBlockLogImpl (DeletedBlockLogImpl.java:isTransactionFailed(278)) - Got block deletion ACK from datanode, TXIDs=4, success=true
2021-08-14 14:05:26,998 [EventQueue-DeleteBlockStatusForDeletedBlockLogImpl] DEBUG block.DeletedBlockLogImpl (DeletedBlockLogImpl.java:commitTransactions(256)) - Datanode txId=4 containerId=#4 committed by dnId=e5d3e9d3-1367-47eb-ad7f-372895a70f55
2021-08-14 14:05:26,998 [EventQueue-DeleteBlockStatusForDeletedBlockLogImpl] DEBUG block.DeletedBlockLogImpl (DeletedBlockLogImpl.java:isTransactionFailed(278)) - Got block deletion ACK from datanode, TXIDs=5, success=true
2021-08-14 14:05:26,998 [EventQueue-DeleteBlockStatusForDeletedBlockLogImpl] DEBUG block.DeletedBlockLogImpl (DeletedBlockLogImpl.java:commitTransactions(256)) - Datanode txId=5 containerId=#5 committed by dnId=e5d3e9d3-1367-47eb-ad7f-372895a70f55
2021-08-14 14:05:26,998 [EventQueue-DeleteBlockStatusForDeletedBlockLogImpl] DEBUG block.DeletedBlockLogImpl (DeletedBlockLogImpl.java:isTransactionFailed(278)) - Got block deletion ACK from datanode, TXIDs=6, success=true
2021-08-14 14:05:26,998 [EventQueue-DeleteBlockStatusForDeletedBlockLogImpl] DEBUG block.DeletedBlockLogImpl (DeletedBlockLogImpl.java:commitTransactions(256)) - Datanode txId=6 containerId=#6 committed by dnId=e5d3e9d3-1367-47eb-ad7f-372895a70f55
2021-08-14 14:05:26,998 [EventQueue-DeleteBlockStatusForDeletedBlockLogImpl] DEBUG block.DeletedBlockLogImpl (DeletedBlockLogImpl.java:isTransactionFailed(278)) - Got block deletion ACK from datanode, TXIDs=7, success=true
2021-08-14 14:05:26,998 [EventQueue-DeleteBlockStatusForDeletedBlockLogImpl] DEBUG block.DeletedBlockLogImpl (DeletedBlockLogImpl.java:commitTransactions(256)) - Datanode txId=7 containerId=#7 committed by dnId=e5d3e9d3-1367-47eb-ad7f-372895a70f55
2021-08-14 14:05:26,998 [EventQueue-DeleteBlockStatusForDeletedBlockLogImpl] DEBUG block.DeletedBlockLogImpl (DeletedBlockLogImpl.java:isTransactionFailed(278)) - Got block deletion ACK from datanode, TXIDs=8, success=true
2021-08-14 14:05:26,998 [EventQueue-DeleteBlockStatusForDeletedBlockLogImpl] DEBUG block.DeletedBlockLogImpl (DeletedBlockLogImpl.java:commitTransactions(256)) - Datanode txId=8 containerId=#8 committed by dnId=e5d3e9d3-1367-47eb-ad7f-372895a70f55
2021-08-14 14:05:26,998 [EventQueue-DeleteBlockStatusForDeletedBlockLogImpl] DEBUG block.DeletedBlockLogImpl (DeletedBlockLogImpl.java:isTransactionFailed(278)) - Got block deletion ACK from datanode, TXIDs=1, success=true
2021-08-14 14:05:26,998 [EventQueue-DeleteBlockStatusForDeletedBlockLogImpl] DEBUG block.DeletedBlockLogImpl (DeletedBlockLogImpl.java:commitTransactions(256)) - Datanode txId=1 containerId=#1 committed by dnId=e5d3e9d3-1367-47eb-ad7f-372895a70f55
2021-08-14 14:05:26,998 [EventQueue-DeleteBlockStatusForDeletedBlockLogImpl] DEBUG block.DeletedBlockLogImpl (DeletedBlockLogImpl.java:isTransactionFailed(278)) - Got block deletion ACK from datanode, TXIDs=2, success=true
2021-08-14 14:05:26,998 [EventQueue-DeleteBlockStatusForDeletedBlockLogImpl] DEBUG block.DeletedBlockLogImpl (DeletedBlockLogImpl.java:commitTransactions(256)) - Datanode txId=2 containerId=#2 committed by dnId=e5d3e9d3-1367-47eb-ad7f-372895a70f55
2021-08-14 14:05:26,998 [EventQueue-DeleteBlockStatusForDeletedBlockLogImpl] DEBUG block.DeletedBlockLogImpl (DeletedBlockLogImpl.java:isTransactionFailed(278)) - Got block deletion ACK from datanode, TXIDs=3, success=true
2021-08-14 14:05:26,998 [EventQueue-DeleteBlockStatusForDeletedBlockLogImpl] DEBUG block.DeletedBlockLogImpl (DeletedBlockLogImpl.java:commitTransactions(256)) - Datanode txId=3 containerId=#3 committed by dnId=e5d3e9d3-1367-47eb-ad7f-372895a70f55
2021-08-14 14:05:26,998 [EventQueue-DeleteBlockStatusForDeletedBlockLogImpl] DEBUG block.DeletedBlockLogImpl (DeletedBlockLogImpl.java:isTransactionFailed(278)) - Got block deletion ACK from datanode, TXIDs=4, success=true
2021-08-14 14:05:26,998 [EventQueue-DeleteBlockStatusForDeletedBlockLogImpl] DEBUG block.DeletedBlockLogImpl (DeletedBlockLogImpl.java:commitTransactions(256)) - Datanode txId=4 containerId=#4 committed by dnId=e5d3e9d3-1367-47eb-ad7f-372895a70f55
2021-08-14 14:05:26,998 [EventQueue-DeleteBlockStatusForDeletedBlockLogImpl] DEBUG block.DeletedBlockLogImpl (DeletedBlockLogImpl.java:isTransactionFailed(278)) - Got block deletion ACK from datanode, TXIDs=5, success=true
2021-08-14 14:05:26,998 [EventQueue-DeleteBlockStatusForDeletedBlockLogImpl] DEBUG block.DeletedBlockLogImpl (DeletedBlockLogImpl.java:commitTransactions(256)) - Datanode txId=5 containerId=#5 committed by dnId=e5d3e9d3-1367-47eb-ad7f-372895a70f55
2021-08-14 14:05:26,998 [EventQueue-DeleteBlockStatusForDeletedBlockLogImpl] DEBUG block.DeletedBlockLogImpl (DeletedBlockLogImpl.java:isTransactionFailed(278)) - Got block deletion ACK from datanode, TXIDs=6, success=true
2021-08-14 14:05:26,998 [EventQueue-DeleteBlockStatusForDeletedBlockLogImpl] DEBUG block.DeletedBlockLogImpl (DeletedBlockLogImpl.java:commitTransactions(256)) - Datanode txId=6 containerId=#6 committed by dnId=e5d3e9d3-1367-47eb-ad7f-372895a70f55
2021-08-14 14:05:26,998 [EventQueue-DeleteBlockStatusForDeletedBlockLogImpl] DEBUG block.DeletedBlockLogImpl (DeletedBlockLogImpl.java:isTransactionFailed(278)) - Got block deletion ACK from datanode, TXIDs=7, success=true
2021-08-14 14:05:26,998 [EventQueue-DeleteBlockStatusForDeletedBlockLogImpl] DEBUG block.DeletedBlockLogImpl (DeletedBlockLogImpl.java:commitTransactions(256)) - Datanode txId=7 containerId=#7 committed by dnId=e5d3e9d3-1367-47eb-ad7f-372895a70f55
2021-08-14 14:05:26,998 [EventQueue-DeleteBlockStatusForDeletedBlockLogImpl] DEBUG block.DeletedBlockLogImpl (DeletedBlockLogImpl.java:isTransactionFailed(278)) - Got block deletion ACK from datanode, TXIDs=8, success=true
2021-08-14 14:05:26,998 [EventQueue-DeleteBlockStatusForDeletedBlockLogImpl] DEBUG block.DeletedBlockLogImpl (DeletedBlockLogImpl.java:commitTransactions(256)) - Datanode txId=8 containerId=#8 committed by dnId=e5d3e9d3-1367-47eb-ad7f-372895a70f55
2021-08-14 14:05:26,998 [EventQueue-DeleteBlockStatusForDeletedBlockLogImpl] DEBUG block.DeletedBlockLogImpl (DeletedBlockLogImpl.java:isTransactionFailed(278)) - Got block deletion ACK from datanode, TXIDs=9, success=true
2021-08-14 14:05:26,998 [EventQueue-DeleteBlockStatusForDeletedBlockLogImpl] DEBUG block.DeletedBlockLogImpl (DeletedBlockLogImpl.java:commitTransactions(256)) - Datanode txId=9 containerId=#9 committed by dnId=e5d3e9d3-1367-47eb-ad7f-372895a70f55
2021-08-14 14:05:26,998 [EventQueue-DeleteBlockStatusForDeletedBlockLogImpl] DEBUG block.DeletedBlockLogImpl (DeletedBlockLogImpl.java:isTransactionFailed(278)) - Got block deletion ACK from datanode, TXIDs=1, success=true
2021-08-14 14:05:26,998 [EventQueue-DeleteBlockStatusForDeletedBlockLogImpl] DEBUG block.DeletedBlockLogImpl (DeletedBlockLogImpl.java:commitTransactions(256)) - Datanode txId=1 containerId=#1 committed by dnId=e5d3e9d3-1367-47eb-ad7f-372895a70f55
2021-08-14 14:05:26,998 [EventQueue-DeleteBlockStatusForDeletedBlockLogImpl] DEBUG block.DeletedBlockLogImpl (DeletedBlockLogImpl.java:isTransactionFailed(278)) - Got block deletion ACK from datanode, TXIDs=2, success=true
2021-08-14 14:05:26,998 [EventQueue-DeleteBlockStatusForDeletedBlockLogImpl] DEBUG block.DeletedBlockLogImpl (DeletedBlockLogImpl.java:commitTransactions(256)) - Datanode txId=2 containerId=#2 committed by dnId=e5d3e9d3-1367-47eb-ad7f-372895a70f55
2021-08-14 14:05:26,998 [EventQueue-DeleteBlockStatusForDeletedBlockLogImpl] DEBUG block.DeletedBlockLogImpl (DeletedBlockLogImpl.java:isTransactionFailed(278)) - Got block deletion ACK from datanode, TXIDs=3, success=true
2021-08-14 14:05:26,998 [EventQueue-DeleteBlockStatusForDeletedBlockLogImpl] DEBUG block.DeletedBlockLogImpl (DeletedBlockLogImpl.java:commitTransactions(256)) - Datanode txId=3 containerId=#3 committed by dnId=e5d3e9d3-1367-47eb-ad7f-372895a70f55
2021-08-14 14:05:26,998 [EventQueue-DeleteBlockStatusForDeletedBlockLogImpl] DEBUG block.DeletedBlockLogImpl (DeletedBlockLogImpl.java:isTransactionFailed(278)) - Got block deletion ACK from datanode, TXIDs=4, success=true
2021-08-14 14:05:26,998 [EventQueue-DeleteBlockStatusForDeletedBlockLogImpl] DEBUG block.DeletedBlockLogImpl (DeletedBlockLogImpl.java:commitTransactions(256)) - Datanode txId=4 containerId=#4 committed by dnId=e5d3e9d3-1367-47eb-ad7f-372895a70f55
2021-08-14 14:05:26,999 [EventQueue-DeleteBlockStatusForDeletedBlockLogImpl] DEBUG block.DeletedBlockLogImpl (DeletedBlockLogImpl.java:isTransactionFailed(278)) - Got block deletion ACK from datanode, TXIDs=5, success=true
2021-08-14 14:05:26,999 [EventQueue-DeleteBlockStatusForDeletedBlockLogImpl] DEBUG block.DeletedBlockLogImpl (DeletedBlockLogImpl.java:commitTransactions(256)) - Datanode txId=5 containerId=#5 committed by dnId=e5d3e9d3-1367-47eb-ad7f-372895a70f55
2021-08-14 14:05:26,999 [EventQueue-DeleteBlockStatusForDeletedBlockLogImpl] DEBUG block.DeletedBlockLogImpl (DeletedBlockLogImpl.java:isTransactionFailed(278)) - Got block deletion ACK from datanode, TXIDs=6, success=true
2021-08-14 14:05:26,999 [EventQueue-DeleteBlockStatusForDeletedBlockLogImpl] DEBUG block.DeletedBlockLogImpl (DeletedBlockLogImpl.java:commitTransactions(256)) - Datanode txId=6 containerId=#6 committed by dnId=e5d3e9d3-1367-47eb-ad7f-372895a70f55
2021-08-14 14:05:26,999 [EventQueue-DeleteBlockStatusForDeletedBlockLogImpl] DEBUG block.DeletedBlockLogImpl (DeletedBlockLogImpl.java:isTransactionFailed(278)) - Got block deletion ACK from datanode, TXIDs=7, success=true
2021-08-14 14:05:26,999 [EventQueue-DeleteBlockStatusForDeletedBlockLogImpl] DEBUG block.DeletedBlockLogImpl (DeletedBlockLogImpl.java:commitTransactions(256)) - Datanode txId=7 containerId=#7 committed by dnId=e5d3e9d3-1367-47eb-ad7f-372895a70f55
2021-08-14 14:05:26,999 [EventQueue-DeleteBlockStatusForDeletedBlockLogImpl] DEBUG block.DeletedBlockLogImpl (DeletedBlockLogImpl.java:isTransactionFailed(278)) - Got block deletion ACK from datanode, TXIDs=8, success=true
2021-08-14 14:05:26,999 [EventQueue-DeleteBlockStatusForDeletedBlockLogImpl] DEBUG block.DeletedBlockLogImpl (DeletedBlockLogImpl.java:commitTransactions(256)) - Datanode txId=8 containerId=#8 committed by dnId=e5d3e9d3-1367-47eb-ad7f-372895a70f55
2021-08-14 14:05:26,999 [EventQueue-DeleteBlockStatusForDeletedBlockLogImpl] DEBUG block.DeletedBlockLogImpl (DeletedBlockLogImpl.java:isTransactionFailed(278)) - Got block deletion ACK from datanode, TXIDs=9, success=true
2021-08-14 14:05:26,999 [EventQueue-DeleteBlockStatusForDeletedBlockLogImpl] DEBUG block.DeletedBlockLogImpl (DeletedBlockLogImpl.java:commitTransactions(256)) - Datanode txId=9 containerId=#9 committed by dnId=e5d3e9d3-1367-47eb-ad7f-372895a70f55
2021-08-14 14:05:26,999 [EventQueue-DeleteBlockStatusForDeletedBlockLogImpl] DEBUG block.DeletedBlockLogImpl (DeletedBlockLogImpl.java:isTransactionFailed(278)) - Got block deletion ACK from datanode, TXIDs=1, success=true
2021-08-14 14:05:26,999 [EventQueue-DeleteBlockStatusForDeletedBlockLogImpl] DEBUG block.DeletedBlockLogImpl (DeletedBlockLogImpl.java:commitTransactions(256)) - Datanode txId=1 containerId=#1 committed by dnId=e5d3e9d3-1367-47eb-ad7f-372895a70f55
2021-08-14 14:05:26,999 [EventQueue-DeleteBlockStatusForDeletedBlockLogImpl] DEBUG block.DeletedBlockLogImpl (DeletedBlockLogImpl.java:isTransactionFailed(278)) - Got block deletion ACK from datanode, TXIDs=2, success=true
2021-08-14 14:05:26,999 [EventQueue-DeleteBlockStatusForDeletedBlockLogImpl] DEBUG block.DeletedBlockLogImpl (DeletedBlockLogImpl.java:commitTransactions(256)) - Datanode txId=2 containerId=#2 committed by dnId=e5d3e9d3-1367-47eb-ad7f-372895a70f55
2021-08-14 14:05:26,999 [EventQueue-DeleteBlockStatusForDeletedBlockLogImpl] DEBUG block.DeletedBlockLogImpl (DeletedBlockLogImpl.java:isTransactionFailed(278)) - Got block deletion ACK from datanode, TXIDs=3, success=true
2021-08-14 14:05:26,999 [EventQueue-DeleteBlockStatusForDeletedBlockLogImpl] DEBUG block.DeletedBlockLogImpl (DeletedBlockLogImpl.java:commitTransactions(256)) - Datanode txId=3 containerId=#3 committed by dnId=e5d3e9d3-1367-47eb-ad7f-372895a70f55
2021-08-14 14:05:26,999 [EventQueue-DeleteBlockStatusForDeletedBlockLogImpl] DEBUG block.DeletedBlockLogImpl (DeletedBlockLogImpl.java:isTransactionFailed(278)) - Got block deletion ACK from datanode, TXIDs=4, success=true
2021-08-14 14:05:26,999 [EventQueue-DeleteBlockStatusForDeletedBlockLogImpl] DEBUG block.DeletedBlockLogImpl (DeletedBlockLogImpl.java:commitTransactions(256)) - Datanode txId=4 containerId=#4 committed by dnId=e5d3e9d3-1367-47eb-ad7f-372895a70f55
2021-08-14 14:05:26,999 [EventQueue-DeleteBlockStatusForDeletedBlockLogImpl] DEBUG block.DeletedBlockLogImpl (DeletedBlockLogImpl.java:isTransactionFailed(278)) - Got block deletion ACK from datanode, TXIDs=5, success=true
2021-08-14 14:05:26,999 [EventQueue-DeleteBlockStatusForDeletedBlockLogImpl] DEBUG block.DeletedBlockLogImpl (DeletedBlockLogImpl.java:commitTransactions(256)) - Datanode txId=5 containerId=#5 committed by dnId=e5d3e9d3-1367-47eb-ad7f-372895a70f55
2021-08-14 14:05:26,999 [EventQueue-DeleteBlockStatusForDeletedBlockLogImpl] DEBUG block.DeletedBlockLogImpl (DeletedBlockLogImpl.java:isTransactionFailed(278)) - Got block deletion ACK from datanode, TXIDs=6, success=true
2021-08-14 14:05:26,999 [EventQueue-DeleteBlockStatusForDeletedBlockLogImpl] DEBUG block.DeletedBlockLogImpl (DeletedBlockLogImpl.java:commitTransactions(256)) - Datanode txId=6 containerId=#6 committed by dnId=e5d3e9d3-1367-47eb-ad7f-372895a70f55
2021-08-14 14:05:26,999 [EventQueue-DeleteBlockStatusForDeletedBlockLogImpl] DEBUG block.DeletedBlockLogImpl (DeletedBlockLogImpl.java:isTransactionFailed(278)) - Got block deletion ACK from datanode, TXIDs=7, success=true
2021-08-14 14:05:26,999 [EventQueue-DeleteBlockStatusForDeletedBlockLogImpl] DEBUG block.DeletedBlockLogImpl (DeletedBlockLogImpl.java:commitTransactions(256)) - Datanode txId=7 containerId=#7 committed by dnId=e5d3e9d3-1367-47eb-ad7f-372895a70f55
2021-08-14 14:05:26,999 [EventQueue-DeleteBlockStatusForDeletedBlockLogImpl] DEBUG block.DeletedBlockLogImpl (DeletedBlockLogImpl.java:isTransactionFailed(278)) - Got block deletion ACK from datanode, TXIDs=8, success=true
2021-08-14 14:05:26,999 [EventQueue-DeleteBlockStatusForDeletedBlockLogImpl] DEBUG block.DeletedBlockLogImpl (DeletedBlockLogImpl.java:commitTransactions(256)) - Datanode txId=8 containerId=#8 committed by dnId=e5d3e9d3-1367-47eb-ad7f-372895a70f55
2021-08-14 14:05:26,999 [EventQueue-DeleteBlockStatusForDeletedBlockLogImpl] DEBUG block.DeletedBlockLogImpl (DeletedBlockLogImpl.java:isTransactionFailed(278)) - Got block deletion ACK from datanode, TXIDs=9, success=true
2021-08-14 14:05:26,999 [EventQueue-DeleteBlockStatusForDeletedBlockLogImpl] DEBUG block.DeletedBlockLogImpl (DeletedBlockLogImpl.java:commitTransactions(256)) - Datanode txId=9 containerId=#9 committed by dnId=e5d3e9d3-1367-47eb-ad7f-372895a70f55
2021-08-14 14:05:26,999 [EventQueue-DeleteBlockStatusForDeletedBlockLogImpl] DEBUG block.DeletedBlockLogImpl (DeletedBlockLogImpl.java:isTransactionFailed(278)) - Got block deletion ACK from datanode, TXIDs=10, success=true
2021-08-14 14:05:26,999 [EventQueue-DeleteBlockStatusForDeletedBlockLogImpl] DEBUG block.DeletedBlockLogImpl (DeletedBlockLogImpl.java:commitTransactions(256)) - Datanode txId=10 containerId=#10 committed by dnId=e5d3e9d3-1367-47eb-ad7f-372895a70f55
2021-08-14 14:05:26,999 [EventQueue-DeleteBlockStatusForDeletedBlockLogImpl] DEBUG block.DeletedBlockLogImpl (DeletedBlockLogImpl.java:isTransactionFailed(278)) - Got block deletion ACK from datanode, TXIDs=1, success=true
2021-08-14 14:05:26,999 [EventQueue-DeleteBlockStatusForDeletedBlockLogImpl] DEBUG block.DeletedBlockLogImpl (DeletedBlockLogImpl.java:commitTransactions(256)) - Datanode txId=1 containerId=#1 committed by dnId=e5d3e9d3-1367-47eb-ad7f-372895a70f55
2021-08-14 14:05:26,999 [EventQueue-DeleteBlockStatusForDeletedBlockLogImpl] DEBUG block.DeletedBlockLogImpl (DeletedBlockLogImpl.java:isTransactionFailed(278)) - Got block deletion ACK from datanode, TXIDs=2, success=true
2021-08-14 14:05:26,999 [EventQueue-DeleteBlockStatusForDeletedBlockLogImpl] DEBUG block.DeletedBlockLogImpl (DeletedBlockLogImpl.java:commitTransactions(256)) - Datanode txId=2 containerId=#2 committed by dnId=e5d3e9d3-1367-47eb-ad7f-372895a70f55
2021-08-14 14:05:26,999 [EventQueue-DeleteBlockStatusForDeletedBlockLogImpl] DEBUG block.DeletedBlockLogImpl (DeletedBlockLogImpl.java:isTransactionFailed(278)) - Got block deletion ACK from datanode, TXIDs=3, success=true
2021-08-14 14:05:26,999 [EventQueue-DeleteBlockStatusForDeletedBlockLogImpl] DEBUG block.DeletedBlockLogImpl (DeletedBlockLogImpl.java:commitTransactions(256)) - Datanode txId=3 containerId=#3 committed by dnId=e5d3e9d3-1367-47eb-ad7f-372895a70f55
2021-08-14 14:05:26,999 [EventQueue-DeleteBlockStatusForDeletedBlockLogImpl] DEBUG block.DeletedBlockLogImpl (DeletedBlockLogImpl.java:isTransactionFailed(278)) - Got block deletion ACK from datanode, TXIDs=4, success=true
2021-08-14 14:05:26,999 [EventQueue-DeleteBlockStatusForDeletedBlockLogImpl] DEBUG block.DeletedBlockLogImpl (DeletedBlockLogImpl.java:commitTransactions(256)) - Datanode txId=4 containerId=#4 committed by dnId=e5d3e9d3-1367-47eb-ad7f-372895a70f55
2021-08-14 14:05:26,999 [EventQueue-DeleteBlockStatusForDeletedBlockLogImpl] DEBUG block.DeletedBlockLogImpl (DeletedBlockLogImpl.java:isTransactionFailed(278)) - Got block deletion ACK from datanode, TXIDs=5, success=true
2021-08-14 14:05:26,999 [EventQueue-DeleteBlockStatusForDeletedBlockLogImpl] DEBUG block.DeletedBlockLogImpl (DeletedBlockLogImpl.java:commitTransactions(256)) - Datanode txId=5 containerId=#5 committed by dnId=e5d3e9d3-1367-47eb-ad7f-372895a70f55
2021-08-14 14:05:27,000 [EventQueue-DeleteBlockStatusForDeletedBlockLogImpl] DEBUG block.DeletedBlockLogImpl (DeletedBlockLogImpl.java:isTransactionFailed(278)) - Got block deletion ACK from datanode, TXIDs=6, success=true
2021-08-14 14:05:27,000 [EventQueue-DeleteBlockStatusForDeletedBlockLogImpl] DEBUG block.DeletedBlockLogImpl (DeletedBlockLogImpl.java:commitTransactions(256)) - Datanode txId=6 containerId=#6 committed by dnId=e5d3e9d3-1367-47eb-ad7f-372895a70f55
2021-08-14 14:05:27,000 [EventQueue-DeleteBlockStatusForDeletedBlockLogImpl] DEBUG block.DeletedBlockLogImpl (DeletedBlockLogImpl.java:isTransactionFailed(278)) - Got block deletion ACK from datanode, TXIDs=7, success=true
2021-08-14 14:05:27,000 [EventQueue-DeleteBlockStatusForDeletedBlockLogImpl] DEBUG block.DeletedBlockLogImpl (DeletedBlockLogImpl.java:commitTransactions(256)) - Datanode txId=7 containerId=#7 committed by dnId=e5d3e9d3-1367-47eb-ad7f-372895a70f55
2021-08-14 14:05:27,000 [EventQueue-DeleteBlockStatusForDeletedBlockLogImpl] DEBUG block.DeletedBlockLogImpl (DeletedBlockLogImpl.java:isTransactionFailed(278)) - Got block deletion ACK from datanode, TXIDs=8, success=true
2021-08-14 14:05:27,000 [EventQueue-DeleteBlockStatusForDeletedBlockLogImpl] DEBUG block.DeletedBlockLogImpl (DeletedBlockLogImpl.java:commitTransactions(256)) - Datanode txId=8 containerId=#8 committed by dnId=e5d3e9d3-1367-47eb-ad7f-372895a70f55
2021-08-14 14:05:27,000 [EventQueue-DeleteBlockStatusForDeletedBlockLogImpl] DEBUG block.DeletedBlockLogImpl (DeletedBlockLogImpl.java:isTransactionFailed(278)) - Got block deletion ACK from datanode, TXIDs=9, success=true
2021-08-14 14:05:27,000 [EventQueue-DeleteBlockStatusForDeletedBlockLogImpl] DEBUG block.DeletedBlockLogImpl (DeletedBlockLogImpl.java:commitTransactions(256)) - Datanode txId=9 containerId=#9 committed by dnId=e5d3e9d3-1367-47eb-ad7f-372895a70f55
2021-08-14 14:05:27,000 [EventQueue-DeleteBlockStatusForDeletedBlockLogImpl] DEBUG block.DeletedBlockLogImpl (DeletedBlockLogImpl.java:isTransactionFailed(278)) - Got block deletion ACK from datanode, TXIDs=10, success=true
2021-08-14 14:05:27,000 [EventQueue-DeleteBlockStatusForDeletedBlockLogImpl] DEBUG block.DeletedBlockLogImpl (DeletedBlockLogImpl.java:commitTransactions(256)) - Datanode txId=10 containerId=#10 committed by dnId=e5d3e9d3-1367-47eb-ad7f-372895a70f55
2021-08-14 14:05:27,000 [EventQueue-DeleteBlockStatusForDeletedBlockLogImpl] DEBUG block.DeletedBlockLogImpl (DeletedBlockLogImpl.java:isTransactionFailed(278)) - Got block deletion ACK from datanode, TXIDs=11, success=true
2021-08-14 14:05:27,000 [EventQueue-DeleteBlockStatusForDeletedBlockLogImpl] DEBUG block.DeletedBlockLogImpl (DeletedBlockLogImpl.java:commitTransactions(256)) - Datanode txId=11 containerId=#11 committed by dnId=e5d3e9d3-1367-47eb-ad7f-372895a70f55
2021-08-14 14:05:27,000 [EventQueue-DeleteBlockStatusForDeletedBlockLogImpl] DEBUG block.DeletedBlockLogImpl (DeletedBlockLogImpl.java:isTransactionFailed(278)) - Got block deletion ACK from datanode, TXIDs=12, success=true
2021-08-14 14:05:27,000 [EventQueue-DeleteBlockStatusForDeletedBlockLogImpl] DEBUG block.DeletedBlockLogImpl (DeletedBlockLogImpl.java:commitTransactions(256)) - Datanode txId=12 containerId=#12 committed by dnId=e5d3e9d3-1367-47eb-ad7f-372895a70f55
2021-08-14 14:05:27,000 [EventQueue-DeleteBlockStatusForDeletedBlockLogImpl] DEBUG block.DeletedBlockLogImpl (DeletedBlockLogImpl.java:isTransactionFailed(278)) - Got block deletion ACK from datanode, TXIDs=1, success=true
2021-08-14 14:05:27,000 [EventQueue-DeleteBlockStatusForDeletedBlockLogImpl] DEBUG block.DeletedBlockLogImpl (DeletedBlockLogImpl.java:commitTransactions(256)) - Datanode txId=1 containerId=#1 committed by dnId=e5d3e9d3-1367-47eb-ad7f-372895a70f55
2021-08-14 14:05:27,000 [EventQueue-DeleteBlockStatusForDeletedBlockLogImpl] DEBUG block.DeletedBlockLogImpl (DeletedBlockLogImpl.java:isTransactionFailed(278)) - Got block deletion ACK from datanode, TXIDs=2, success=true
2021-08-14 14:05:27,000 [EventQueue-DeleteBlockStatusForDeletedBlockLogImpl] DEBUG block.DeletedBlockLogImpl (DeletedBlockLogImpl.java:commitTransactions(256)) - Datanode txId=2 containerId=#2 committed by dnId=e5d3e9d3-1367-47eb-ad7f-372895a70f55
2021-08-14 14:05:27,000 [EventQueue-DeleteBlockStatusForDeletedBlockLogImpl] DEBUG block.DeletedBlockLogImpl (DeletedBlockLogImpl.java:isTransactionFailed(278)) - Got block deletion ACK from datanode, TXIDs=3, success=true
2021-08-14 14:05:27,000 [EventQueue-DeleteBlockStatusForDeletedBlockLogImpl] DEBUG block.DeletedBlockLogImpl (DeletedBlockLogImpl.java:commitTransactions(256)) - Datanode txId=3 containerId=#3 committed by dnId=e5d3e9d3-1367-47eb-ad7f-372895a70f55
2021-08-14 14:05:27,000 [EventQueue-DeleteBlockStatusForDeletedBlockLogImpl] DEBUG block.DeletedBlockLogImpl (DeletedBlockLogImpl.java:isTransactionFailed(278)) - Got block deletion ACK from datanode, TXIDs=4, success=true
2021-08-14 14:05:27,000 [EventQueue-DeleteBlockStatusForDeletedBlockLogImpl] DEBUG block.DeletedBlockLogImpl (DeletedBlockLogImpl.java:commitTransactions(256)) - Datanode txId=4 containerId=#4 committed by dnId=e5d3e9d3-1367-47eb-ad7f-372895a70f55
2021-08-14 14:05:27,000 [EventQueue-DeleteBlockStatusForDeletedBlockLogImpl] DEBUG block.DeletedBlockLogImpl (DeletedBlockLogImpl.java:isTransactionFailed(278)) - Got block deletion ACK from datanode, TXIDs=5, success=true
2021-08-14 14:05:27,000 [EventQueue-DeleteBlockStatusForDeletedBlockLogImpl] DEBUG block.DeletedBlockLogImpl (DeletedBlockLogImpl.java:commitTransactions(256)) - Datanode txId=5 containerId=#5 committed by dnId=e5d3e9d3-1367-47eb-ad7f-372895a70f55
2021-08-14 14:05:27,000 [EventQueue-DeleteBlockStatusForDeletedBlockLogImpl] DEBUG block.DeletedBlockLogImpl (DeletedBlockLogImpl.java:isTransactionFailed(278)) - Got block deletion ACK from datanode, TXIDs=6, success=true
2021-08-14 14:05:27,000 [EventQueue-DeleteBlockStatusForDeletedBlockLogImpl] DEBUG block.DeletedBlockLogImpl (DeletedBlockLogImpl.java:commitTransactions(256)) - Datanode txId=6 containerId=#6 committed by dnId=e5d3e9d3-1367-47eb-ad7f-372895a70f55
2021-08-14 14:05:27,001 [EventQueue-DeleteBlockStatusForDeletedBlockLogImpl] DEBUG block.DeletedBlockLogImpl (DeletedBlockLogImpl.java:isTransactionFailed(278)) - Got block deletion ACK from datanode, TXIDs=7, success=true
2021-08-14 14:05:27,001 [EventQueue-DeleteBlockStatusForDeletedBlockLogImpl] DEBUG block.DeletedBlockLogImpl (DeletedBlockLogImpl.java:commitTransactions(256)) - Datanode txId=7 containerId=#7 committed by dnId=e5d3e9d3-1367-47eb-ad7f-372895a70f55
2021-08-14 14:05:27,001 [EventQueue-DeleteBlockStatusForDeletedBlockLogImpl] DEBUG block.DeletedBlockLogImpl (DeletedBlockLogImpl.java:isTransactionFailed(278)) - Got block deletion ACK from datanode, TXIDs=8, success=true
2021-08-14 14:05:27,001 [EventQueue-DeleteBlockStatusForDeletedBlockLogImpl] DEBUG block.DeletedBlockLogImpl (DeletedBlockLogImpl.java:commitTransactions(256)) - Datanode txId=8 containerId=#8 committed by dnId=e5d3e9d3-1367-47eb-ad7f-372895a70f55
2021-08-14 14:05:27,001 [EventQueue-DeleteBlockStatusForDeletedBlockLogImpl] DEBUG block.DeletedBlockLogImpl (DeletedBlockLogImpl.java:isTransactionFailed(278)) - Got block deletion ACK from datanode, TXIDs=9, success=true
2021-08-14 14:05:27,001 [EventQueue-DeleteBlockStatusForDeletedBlockLogImpl] DEBUG block.DeletedBlockLogImpl (DeletedBlockLogImpl.java:commitTransactions(256)) - Datanode txId=9 containerId=#9 committed by dnId=e5d3e9d3-1367-47eb-ad7f-372895a70f55
2021-08-14 14:05:27,001 [EventQueue-DeleteBlockStatusForDeletedBlockLogImpl] DEBUG block.DeletedBlockLogImpl (DeletedBlockLogImpl.java:isTransactionFailed(278)) - Got block deletion ACK from datanode, TXIDs=10, success=true
2021-08-14 14:05:27,001 [EventQueue-DeleteBlockStatusForDeletedBlockLogImpl] DEBUG block.DeletedBlockLogImpl (DeletedBlockLogImpl.java:commitTransactions(256)) - Datanode txId=10 containerId=#10 committed by dnId=e5d3e9d3-1367-47eb-ad7f-372895a70f55
2021-08-14 14:05:27,001 [EventQueue-DeleteBlockStatusForDeletedBlockLogImpl] DEBUG block.DeletedBlockLogImpl (DeletedBlockLogImpl.java:isTransactionFailed(278)) - Got block deletion ACK from datanode, TXIDs=11, success=true
2021-08-14 14:05:27,001 [EventQueue-DeleteBlockStatusForDeletedBlockLogImpl] DEBUG block.DeletedBlockLogImpl (DeletedBlockLogImpl.java:commitTransactions(256)) - Datanode txId=11 containerId=#11 committed by dnId=e5d3e9d3-1367-47eb-ad7f-372895a70f55
2021-08-14 14:05:27,001 [EventQueue-DeleteBlockStatusForDeletedBlockLogImpl] DEBUG block.DeletedBlockLogImpl (DeletedBlockLogImpl.java:isTransactionFailed(278)) - Got block deletion ACK from datanode, TXIDs=12, success=true
2021-08-14 14:05:27,001 [EventQueue-DeleteBlockStatusForDeletedBlockLogImpl] DEBUG block.DeletedBlockLogImpl (DeletedBlockLogImpl.java:commitTransactions(256)) - Datanode txId=12 containerId=#12 committed by dnId=e5d3e9d3-1367-47eb-ad7f-372895a70f55
2021-08-14 14:05:27,001 [EventQueue-DeleteBlockStatusForDeletedBlockLogImpl] DEBUG block.DeletedBlockLogImpl (DeletedBlockLogImpl.java:isTransactionFailed(278)) - Got block deletion ACK from datanode, TXIDs=13, success=true
2021-08-14 14:05:27,001 [EventQueue-DeleteBlockStatusForDeletedBlockLogImpl] DEBUG block.DeletedBlockLogImpl (DeletedBlockLogImpl.java:commitTransactions(256)) - Datanode txId=13 containerId=#13 committed by dnId=e5d3e9d3-1367-47eb-ad7f-372895a70f55
2021-08-14 14:05:27,001 [EventQueue-DeleteBlockStatusForDeletedBlockLogImpl] DEBUG block.DeletedBlockLogImpl (DeletedBlockLogImpl.java:isTransactionFailed(278)) - Got block deletion ACK from datanode, TXIDs=14, success=true
2021-08-14 14:05:27,001 [EventQueue-DeleteBlockStatusForDeletedBlockLogImpl] DEBUG block.DeletedBlockLogImpl (DeletedBlockLogImpl.java:commitTransactions(256)) - Datanode txId=14 containerId=#14 committed by dnId=e5d3e9d3-1367-47eb-ad7f-372895a70f55
2021-08-14 14:05:27,001 [EventQueue-DeleteBlockStatusForDeletedBlockLogImpl] DEBUG block.DeletedBlockLogImpl (DeletedBlockLogImpl.java:isTransactionFailed(278)) - Got block deletion ACK from datanode, TXIDs=15, success=true
2021-08-14 14:05:27,001 [EventQueue-DeleteBlockStatusForDeletedBlockLogImpl] DEBUG block.DeletedBlockLogImpl (DeletedBlockLogImpl.java:commitTransactions(256)) - Datanode txId=15 containerId=#15 committed by dnId=e5d3e9d3-1367-47eb-ad7f-372895a70f55
2021-08-14 14:05:27,001 [EventQueue-DeleteBlockStatusForDeletedBlockLogImpl] DEBUG block.DeletedBlockLogImpl (DeletedBlockLogImpl.java:isTransactionFailed(278)) - Got block deletion ACK from datanode, TXIDs=1, success=true
2021-08-14 14:05:27,001 [EventQueue-DeleteBlockStatusForDeletedBlockLogImpl] DEBUG block.DeletedBlockLogImpl (DeletedBlockLogImpl.java:commitTransactions(256)) - Datanode txId=1 containerId=#1 committed by dnId=e5d3e9d3-1367-47eb-ad7f-372895a70f55
2021-08-14 14:05:27,001 [EventQueue-DeleteBlockStatusForDeletedBlockLogImpl] DEBUG block.DeletedBlockLogImpl (DeletedBlockLogImpl.java:isTransactionFailed(278)) - Got block deletion ACK from datanode, TXIDs=2, success=true
2021-08-14 14:05:27,001 [EventQueue-DeleteBlockStatusForDeletedBlockLogImpl] DEBUG block.DeletedBlockLogImpl (DeletedBlockLogImpl.java:commitTransactions(256)) - Datanode txId=2 containerId=#2 committed by dnId=e5d3e9d3-1367-47eb-ad7f-372895a70f55
2021-08-14 14:05:27,001 [EventQueue-DeleteBlockStatusForDeletedBlockLogImpl] DEBUG block.DeletedBlockLogImpl (DeletedBlockLogImpl.java:isTransactionFailed(278)) - Got block deletion ACK from datanode, TXIDs=3, success=true
2021-08-14 14:05:27,001 [EventQueue-DeleteBlockStatusForDeletedBlockLogImpl] DEBUG block.DeletedBlockLogImpl (DeletedBlockLogImpl.java:commitTransactions(256)) - Datanode txId=3 containerId=#3 committed by dnId=e5d3e9d3-1367-47eb-ad7f-372895a70f55
2021-08-14 14:05:27,001 [EventQueue-DeleteBlockStatusForDeletedBlockLogImpl] DEBUG block.DeletedBlockLogImpl (DeletedBlockLogImpl.java:isTransactionFailed(278)) - Got block deletion ACK from datanode, TXIDs=4, success=true
2021-08-14 14:05:27,001 [EventQueue-DeleteBlockStatusForDeletedBlockLogImpl] DEBUG block.DeletedBlockLogImpl (DeletedBlockLogImpl.java:commitTransactions(256)) - Datanode txId=4 containerId=#4 committed by dnId=e5d3e9d3-1367-47eb-ad7f-372895a70f55
2021-08-14 14:05:27,001 [EventQueue-DeleteBlockStatusForDeletedBlockLogImpl] DEBUG block.DeletedBlockLogImpl (DeletedBlockLogImpl.java:isTransactionFailed(278)) - Got block deletion ACK from datanode, TXIDs=5, success=true
2021-08-14 14:05:27,001 [EventQueue-DeleteBlockStatusForDeletedBlockLogImpl] DEBUG block.DeletedBlockLogImpl (DeletedBlockLogImpl.java:commitTransactions(256)) - Datanode txId=5 containerId=#5 committed by dnId=e5d3e9d3-1367-47eb-ad7f-372895a70f55
2021-08-14 14:05:27,001 [EventQueue-DeleteBlockStatusForDeletedBlockLogImpl] DEBUG block.DeletedBlockLogImpl (DeletedBlockLogImpl.java:isTransactionFailed(278)) - Got block deletion ACK from datanode, TXIDs=6, success=true
2021-08-14 14:05:27,002 [EventQueue-DeleteBlockStatusForDeletedBlockLogImpl] DEBUG block.DeletedBlockLogImpl (DeletedBlockLogImpl.java:commitTransactions(256)) - Datanode txId=6 containerId=#6 committed by dnId=e5d3e9d3-1367-47eb-ad7f-372895a70f55
2021-08-14 14:05:27,002 [EventQueue-DeleteBlockStatusForDeletedBlockLogImpl] DEBUG block.DeletedBlockLogImpl (DeletedBlockLogImpl.java:isTransactionFailed(278)) - Got block deletion ACK from datanode, TXIDs=7, success=true
2021-08-14 14:05:27,002 [EventQueue-DeleteBlockStatusForDeletedBlockLogImpl] DEBUG block.DeletedBlockLogImpl (DeletedBlockLogImpl.java:commitTransactions(256)) - Datanode txId=7 containerId=#7 committed by dnId=e5d3e9d3-1367-47eb-ad7f-372895a70f55
2021-08-14 14:05:27,002 [EventQueue-DeleteBlockStatusForDeletedBlockLogImpl] DEBUG block.DeletedBlockLogImpl (DeletedBlockLogImpl.java:isTransactionFailed(278)) - Got block deletion ACK from datanode, TXIDs=8, success=true
2021-08-14 14:05:27,002 [EventQueue-DeleteBlockStatusForDeletedBlockLogImpl] DEBUG block.DeletedBlockLogImpl (DeletedBlockLogImpl.java:commitTransactions(256)) - Datanode txId=8 containerId=#8 committed by dnId=e5d3e9d3-1367-47eb-ad7f-372895a70f55
2021-08-14 14:05:27,002 [EventQueue-DeleteBlockStatusForDeletedBlockLogImpl] DEBUG block.DeletedBlockLogImpl (DeletedBlockLogImpl.java:isTransactionFailed(278)) - Got block deletion ACK from datanode, TXIDs=9, success=true
2021-08-14 14:05:27,002 [EventQueue-DeleteBlockStatusForDeletedBlockLogImpl] DEBUG block.DeletedBlockLogImpl (DeletedBlockLogImpl.java:commitTransactions(256)) - Datanode txId=9 containerId=#9 committed by dnId=e5d3e9d3-1367-47eb-ad7f-372895a70f55
2021-08-14 14:05:27,002 [EventQueue-DeleteBlockStatusForDeletedBlockLogImpl] DEBUG block.DeletedBlockLogImpl (DeletedBlockLogImpl.java:isTransactionFailed(278)) - Got block deletion ACK from datanode, TXIDs=10, success=true
2021-08-14 14:05:27,002 [EventQueue-DeleteBlockStatusForDeletedBlockLogImpl] DEBUG block.DeletedBlockLogImpl (DeletedBlockLogImpl.java:commitTransactions(256)) - Datanode txId=10 containerId=#10 committed by dnId=e5d3e9d3-1367-47eb-ad7f-372895a70f55
2021-08-14 14:05:27,002 [EventQueue-DeleteBlockStatusForDeletedBlockLogImpl] DEBUG block.DeletedBlockLogImpl (DeletedBlockLogImpl.java:isTransactionFailed(278)) - Got block deletion ACK from datanode, TXIDs=11, success=true
2021-08-14 14:05:27,002 [EventQueue-DeleteBlockStatusForDeletedBlockLogImpl] DEBUG block.DeletedBlockLogImpl (DeletedBlockLogImpl.java:commitTransactions(256)) - Datanode txId=11 containerId=#11 committed by dnId=e5d3e9d3-1367-47eb-ad7f-372895a70f55
2021-08-14 14:05:27,002 [EventQueue-DeleteBlockStatusForDeletedBlockLogImpl] DEBUG block.DeletedBlockLogImpl (DeletedBlockLogImpl.java:isTransactionFailed(278)) - Got block deletion ACK from datanode, TXIDs=12, success=true
2021-08-14 14:05:27,002 [EventQueue-DeleteBlockStatusForDeletedBlockLogImpl] DEBUG block.DeletedBlockLogImpl (DeletedBlockLogImpl.java:commitTransactions(256)) - Datanode txId=12 containerId=#12 committed by dnId=e5d3e9d3-1367-47eb-ad7f-372895a70f55
2021-08-14 14:05:27,002 [EventQueue-DeleteBlockStatusForDeletedBlockLogImpl] DEBUG block.DeletedBlockLogImpl (DeletedBlockLogImpl.java:isTransactionFailed(278)) - Got block deletion ACK from datanode, TXIDs=13, success=true
2021-08-14 14:05:27,002 [EventQueue-DeleteBlockStatusForDeletedBlockLogImpl] DEBUG block.DeletedBlockLogImpl (DeletedBlockLogImpl.java:commitTransactions(256)) - Datanode txId=13 containerId=#13 committed by dnId=e5d3e9d3-1367-47eb-ad7f-372895a70f55
2021-08-14 14:05:27,002 [EventQueue-DeleteBlockStatusForDeletedBlockLogImpl] DEBUG block.DeletedBlockLogImpl (DeletedBlockLogImpl.java:isTransactionFailed(278)) - Got block deletion ACK from datanode, TXIDs=14, success=true
2021-08-14 14:05:27,002 [EventQueue-DeleteBlockStatusForDeletedBlockLogImpl] DEBUG block.DeletedBlockLogImpl (DeletedBlockLogImpl.java:commitTransactions(256)) - Datanode txId=14 containerId=#14 committed by dnId=e5d3e9d3-1367-47eb-ad7f-372895a70f55
2021-08-14 14:05:27,002 [EventQueue-DeleteBlockStatusForDeletedBlockLogImpl] DEBUG block.DeletedBlockLogImpl (DeletedBlockLogImpl.java:isTransactionFailed(278)) - Got block deletion ACK from datanode, TXIDs=1, success=true
2021-08-14 14:05:27,002 [EventQueue-DeleteBlockStatusForDeletedBlockLogImpl] DEBUG block.DeletedBlockLogImpl (DeletedBlockLogImpl.java:commitTransactions(256)) - Datanode txId=1 containerId=#1 committed by dnId=e5d3e9d3-1367-47eb-ad7f-372895a70f55
2021-08-14 14:05:27,002 [EventQueue-DeleteBlockStatusForDeletedBlockLogImpl] DEBUG block.DeletedBlockLogImpl (DeletedBlockLogImpl.java:isTransactionFailed(278)) - Got block deletion ACK from datanode, TXIDs=2, success=true
2021-08-14 14:05:27,002 [EventQueue-DeleteBlockStatusForDeletedBlockLogImpl] DEBUG block.DeletedBlockLogImpl (DeletedBlockLogImpl.java:commitTransactions(256)) - Datanode txId=2 containerId=#2 committed by dnId=e5d3e9d3-1367-47eb-ad7f-372895a70f55
2021-08-14 14:05:27,002 [EventQueue-DeleteBlockStatusForDeletedBlockLogImpl] DEBUG block.DeletedBlockLogImpl (DeletedBlockLogImpl.java:isTransactionFailed(278)) - Got block deletion ACK from datanode, TXIDs=3, success=true
2021-08-14 14:05:27,002 [EventQueue-DeleteBlockStatusForDeletedBlockLogImpl] DEBUG block.DeletedBlockLogImpl (DeletedBlockLogImpl.java:commitTransactions(256)) - Datanode txId=3 containerId=#3 committed by dnId=e5d3e9d3-1367-47eb-ad7f-372895a70f55
2021-08-14 14:05:27,003 [EventQueue-DeleteBlockStatusForDeletedBlockLogImpl] DEBUG block.DeletedBlockLogImpl (DeletedBlockLogImpl.java:isTransactionFailed(278)) - Got block deletion ACK from datanode, TXIDs=4, success=true
2021-08-14 14:05:27,003 [EventQueue-DeleteBlockStatusForDeletedBlockLogImpl] DEBUG block.DeletedBlockLogImpl (DeletedBlockLogImpl.java:commitTransactions(256)) - Datanode txId=4 containerId=#4 committed by dnId=e5d3e9d3-1367-47eb-ad7f-372895a70f55
2021-08-14 14:05:27,003 [EventQueue-DeleteBlockStatusForDeletedBlockLogImpl] DEBUG block.DeletedBlockLogImpl (DeletedBlockLogImpl.java:isTransactionFailed(278)) - Got block deletion ACK from datanode, TXIDs=5, success=true
2021-08-14 14:05:27,003 [EventQueue-DeleteBlockStatusForDeletedBlockLogImpl] DEBUG block.DeletedBlockLogImpl (DeletedBlockLogImpl.java:commitTransactions(256)) - Datanode txId=5 containerId=#5 committed by dnId=e5d3e9d3-1367-47eb-ad7f-372895a70f55
2021-08-14 14:05:27,003 [EventQueue-DeleteBlockStatusForDeletedBlockLogImpl] DEBUG block.DeletedBlockLogImpl (DeletedBlockLogImpl.java:isTransactionFailed(278)) - Got block deletion ACK from datanode, TXIDs=6, success=true
2021-08-14 14:05:27,003 [EventQueue-DeleteBlockStatusForDeletedBlockLogImpl] DEBUG block.DeletedBlockLogImpl (DeletedBlockLogImpl.java:commitTransactions(256)) - Datanode txId=6 containerId=#6 committed by dnId=e5d3e9d3-1367-47eb-ad7f-372895a70f55
2021-08-14 14:05:27,003 [EventQueue-DeleteBlockStatusForDeletedBlockLogImpl] DEBUG block.DeletedBlockLogImpl (DeletedBlockLogImpl.java:isTransactionFailed(278)) - Got block deletion ACK from datanode, TXIDs=7, success=true
2021-08-14 14:05:27,003 [EventQueue-DeleteBlockStatusForDeletedBlockLogImpl] DEBUG block.DeletedBlockLogImpl (DeletedBlockLogImpl.java:commitTransactions(256)) - Datanode txId=7 containerId=#7 committed by dnId=e5d3e9d3-1367-47eb-ad7f-372895a70f55
2021-08-14 14:05:27,003 [EventQueue-DeleteBlockStatusForDeletedBlockLogImpl] DEBUG block.DeletedBlockLogImpl (DeletedBlockLogImpl.java:isTransactionFailed(278)) - Got block deletion ACK from datanode, TXIDs=8, success=true
2021-08-14 14:05:27,003 [EventQueue-DeleteBlockStatusForDeletedBlockLogImpl] DEBUG block.DeletedBlockLogImpl (DeletedBlockLogImpl.java:commitTransactions(256)) - Datanode txId=8 containerId=#8 committed by dnId=e5d3e9d3-1367-47eb-ad7f-372895a70f55
2021-08-14 14:05:27,003 [EventQueue-DeleteBlockStatusForDeletedBlockLogImpl] DEBUG block.DeletedBlockLogImpl (DeletedBlockLogImpl.java:isTransactionFailed(278)) - Got block deletion ACK from datanode, TXIDs=9, success=true
2021-08-14 14:05:27,003 [EventQueue-DeleteBlockStatusForDeletedBlockLogImpl] DEBUG block.DeletedBlockLogImpl (DeletedBlockLogImpl.java:commitTransactions(256)) - Datanode txId=9 containerId=#9 committed by dnId=e5d3e9d3-1367-47eb-ad7f-372895a70f55
2021-08-14 14:05:27,003 [EventQueue-DeleteBlockStatusForDeletedBlockLogImpl] DEBUG block.DeletedBlockLogImpl (DeletedBlockLogImpl.java:isTransactionFailed(278)) - Got block deletion ACK from datanode, TXIDs=10, success=true
2021-08-14 14:05:27,003 [EventQueue-DeleteBlockStatusForDeletedBlockLogImpl] DEBUG block.DeletedBlockLogImpl (DeletedBlockLogImpl.java:commitTransactions(256)) - Datanode txId=10 containerId=#10 committed by dnId=e5d3e9d3-1367-47eb-ad7f-372895a70f55
2021-08-14 14:05:27,003 [EventQueue-DeleteBlockStatusForDeletedBlockLogImpl] DEBUG block.DeletedBlockLogImpl (DeletedBlockLogImpl.java:isTransactionFailed(278)) - Got block deletion ACK from datanode, TXIDs=11, success=true
2021-08-14 14:05:27,003 [EventQueue-DeleteBlockStatusForDeletedBlockLogImpl] DEBUG block.DeletedBlockLogImpl (DeletedBlockLogImpl.java:commitTransactions(256)) - Datanode txId=11 containerId=#11 committed by dnId=e5d3e9d3-1367-47eb-ad7f-372895a70f55
2021-08-14 14:05:27,003 [EventQueue-DeleteBlockStatusForDeletedBlockLogImpl] DEBUG block.DeletedBlockLogImpl (DeletedBlockLogImpl.java:isTransactionFailed(278)) - Got block deletion ACK from datanode, TXIDs=12, success=true
2021-08-14 14:05:27,003 [EventQueue-DeleteBlockStatusForDeletedBlockLogImpl] DEBUG block.DeletedBlockLogImpl (DeletedBlockLogImpl.java:commitTransactions(256)) - Datanode txId=12 containerId=#12 committed by dnId=e5d3e9d3-1367-47eb-ad7f-372895a70f55
2021-08-14 14:05:27,003 [EventQueue-DeleteBlockStatusForDeletedBlockLogImpl] DEBUG block.DeletedBlockLogImpl (DeletedBlockLogImpl.java:isTransactionFailed(278)) - Got block deletion ACK from datanode, TXIDs=13, success=true
2021-08-14 14:05:27,003 [EventQueue-DeleteBlockStatusForDeletedBlockLogImpl] DEBUG block.DeletedBlockLogImpl (DeletedBlockLogImpl.java:commitTransactions(256)) - Datanode txId=13 containerId=#13 committed by dnId=e5d3e9d3-1367-47eb-ad7f-372895a70f55
2021-08-14 14:05:27,003 [EventQueue-DeleteBlockStatusForDeletedBlockLogImpl] DEBUG block.DeletedBlockLogImpl (DeletedBlockLogImpl.java:isTransactionFailed(278)) - Got block deletion ACK from datanode, TXIDs=14, success=true
2021-08-14 14:05:27,003 [EventQueue-DeleteBlockStatusForDeletedBlockLogImpl] DEBUG block.DeletedBlockLogImpl (DeletedBlockLogImpl.java:commitTransactions(256)) - Datanode txId=14 containerId=#14 committed by dnId=e5d3e9d3-1367-47eb-ad7f-372895a70f55
2021-08-14 14:05:27,004 [EventQueue-DeleteBlockStatusForDeletedBlockLogImpl] DEBUG block.DeletedBlockLogImpl (DeletedBlockLogImpl.java:isTransactionFailed(278)) - Got block deletion ACK from datanode, TXIDs=15, success=true
2021-08-14 14:05:27,004 [EventQueue-DeleteBlockStatusForDeletedBlockLogImpl] DEBUG block.DeletedBlockLogImpl (DeletedBlockLogImpl.java:commitTransactions(256)) - Datanode txId=15 containerId=#15 committed by dnId=e5d3e9d3-1367-47eb-ad7f-372895a70f55
2021-08-14 14:05:27,004 [EventQueue-DeleteBlockStatusForDeletedBlockLogImpl] DEBUG block.DeletedBlockLogImpl (DeletedBlockLogImpl.java:isTransactionFailed(278)) - Got block deletion ACK from datanode, TXIDs=16, success=true
2021-08-14 14:05:27,004 [EventQueue-DeleteBlockStatusForDeletedBlockLogImpl] DEBUG block.DeletedBlockLogImpl (DeletedBlockLogImpl.java:commitTransactions(256)) - Datanode txId=16 containerId=#16 committed by dnId=e5d3e9d3-1367-47eb-ad7f-372895a70f55
2021-08-14 14:05:27,004 [EventQueue-DeleteBlockStatusForDeletedBlockLogImpl] DEBUG block.DeletedBlockLogImpl (DeletedBlockLogImpl.java:isTransactionFailed(278)) - Got block deletion ACK from datanode, TXIDs=1, success=true
2021-08-14 14:05:27,004 [EventQueue-DeleteBlockStatusForDeletedBlockLogImpl] DEBUG block.DeletedBlockLogImpl (DeletedBlockLogImpl.java:commitTransactions(256)) - Datanode txId=1 containerId=#1 committed by dnId=e5d3e9d3-1367-47eb-ad7f-372895a70f55
2021-08-14 14:05:27,004 [EventQueue-DeleteBlockStatusForDeletedBlockLogImpl] DEBUG block.DeletedBlockLogImpl (DeletedBlockLogImpl.java:isTransactionFailed(278)) - Got block deletion ACK from datanode, TXIDs=2, success=true
2021-08-14 14:05:27,004 [EventQueue-DeleteBlockStatusForDeletedBlockLogImpl] DEBUG block.DeletedBlockLogImpl (DeletedBlockLogImpl.java:commitTransactions(256)) - Datanode txId=2 containerId=#2 committed by dnId=e5d3e9d3-1367-47eb-ad7f-372895a70f55
2021-08-14 14:05:27,004 [EventQueue-DeleteBlockStatusForDeletedBlockLogImpl] DEBUG block.DeletedBlockLogImpl (DeletedBlockLogImpl.java:isTransactionFailed(278)) - Got block deletion ACK from datanode, TXIDs=3, success=true
2021-08-14 14:05:27,004 [EventQueue-DeleteBlockStatusForDeletedBlockLogImpl] DEBUG block.DeletedBlockLogImpl (DeletedBlockLogImpl.java:commitTransactions(256)) - Datanode txId=3 containerId=#3 committed by dnId=e5d3e9d3-1367-47eb-ad7f-372895a70f55
2021-08-14 14:05:27,004 [EventQueue-DeleteBlockStatusForDeletedBlockLogImpl] DEBUG block.DeletedBlockLogImpl (DeletedBlockLogImpl.java:isTransactionFailed(278)) - Got block deletion ACK from datanode, TXIDs=4, success=true
2021-08-14 14:05:27,004 [EventQueue-DeleteBlockStatusForDeletedBlockLogImpl] DEBUG block.DeletedBlockLogImpl (DeletedBlockLogImpl.java:commitTransactions(256)) - Datanode txId=4 containerId=#4 committed by dnId=e5d3e9d3-1367-47eb-ad7f-372895a70f55
2021-08-14 14:05:27,004 [EventQueue-DeleteBlockStatusForDeletedBlockLogImpl] DEBUG block.DeletedBlockLogImpl (DeletedBlockLogImpl.java:isTransactionFailed(278)) - Got block deletion ACK from datanode, TXIDs=5, success=true
2021-08-14 14:05:27,004 [EventQueue-DeleteBlockStatusForDeletedBlockLogImpl] DEBUG block.DeletedBlockLogImpl (DeletedBlockLogImpl.java:commitTransactions(256)) - Datanode txId=5 containerId=#5 committed by dnId=e5d3e9d3-1367-47eb-ad7f-372895a70f55
2021-08-14 14:05:27,004 [EventQueue-DeleteBlockStatusForDeletedBlockLogImpl] DEBUG block.DeletedBlockLogImpl (DeletedBlockLogImpl.java:isTransactionFailed(278)) - Got block deletion ACK from datanode, TXIDs=6, success=true
2021-08-14 14:05:27,004 [EventQueue-DeleteBlockStatusForDeletedBlockLogImpl] DEBUG block.DeletedBlockLogImpl (DeletedBlockLogImpl.java:commitTransactions(256)) - Datanode txId=6 containerId=#6 committed by dnId=e5d3e9d3-1367-47eb-ad7f-372895a70f55
2021-08-14 14:05:27,004 [EventQueue-DeleteBlockStatusForDeletedBlockLogImpl] DEBUG block.DeletedBlockLogImpl (DeletedBlockLogImpl.java:isTransactionFailed(278)) - Got block deletion ACK from datanode, TXIDs=7, success=true
2021-08-14 14:05:27,004 [EventQueue-DeleteBlockStatusForDeletedBlockLogImpl] DEBUG block.DeletedBlockLogImpl (DeletedBlockLogImpl.java:commitTransactions(256)) - Datanode txId=7 containerId=#7 committed by dnId=e5d3e9d3-1367-47eb-ad7f-372895a70f55
2021-08-14 14:05:27,004 [EventQueue-DeleteBlockStatusForDeletedBlockLogImpl] DEBUG block.DeletedBlockLogImpl (DeletedBlockLogImpl.java:isTransactionFailed(278)) - Got block deletion ACK from datanode, TXIDs=8, success=true
2021-08-14 14:05:27,009 [EventQueue-DeleteBlockStatusForDeletedBlockLogImpl] DEBUG block.DeletedBlockLogImpl (DeletedBlockLogImpl.java:commitTransactions(256)) - Datanode txId=8 containerId=#8 committed by dnId=e5d3e9d3-1367-47eb-ad7f-372895a70f55
2021-08-14 14:05:27,009 [EventQueue-DeleteBlockStatusForDeletedBlockLogImpl] DEBUG block.DeletedBlockLogImpl (DeletedBlockLogImpl.java:isTransactionFailed(278)) - Got block deletion ACK from datanode, TXIDs=9, success=true
2021-08-14 14:05:27,009 [EventQueue-DeleteBlockStatusForDeletedBlockLogImpl] DEBUG block.DeletedBlockLogImpl (DeletedBlockLogImpl.java:commitTransactions(256)) - Datanode txId=9 containerId=#9 committed by dnId=e5d3e9d3-1367-47eb-ad7f-372895a70f55
2021-08-14 14:05:27,009 [EventQueue-DeleteBlockStatusForDeletedBlockLogImpl] DEBUG block.DeletedBlockLogImpl (DeletedBlockLogImpl.java:isTransactionFailed(278)) - Got block deletion ACK from datanode, TXIDs=10, success=true
2021-08-14 14:05:27,009 [EventQueue-DeleteBlockStatusForDeletedBlockLogImpl] DEBUG block.DeletedBlockLogImpl (DeletedBlockLogImpl.java:commitTransactions(256)) - Datanode txId=10 containerId=#10 committed by dnId=e5d3e9d3-1367-47eb-ad7f-372895a70f55
2021-08-14 14:05:27,009 [EventQueue-DeleteBlockStatusForDeletedBlockLogImpl] DEBUG block.DeletedBlockLogImpl (DeletedBlockLogImpl.java:isTransactionFailed(278)) - Got block deletion ACK from datanode, TXIDs=11, success=true
2021-08-14 14:05:27,009 [EventQueue-DeleteBlockStatusForDeletedBlockLogImpl] DEBUG block.DeletedBlockLogImpl (DeletedBlockLogImpl.java:commitTransactions(256)) - Datanode txId=11 containerId=#11 committed by dnId=e5d3e9d3-1367-47eb-ad7f-372895a70f55
2021-08-14 14:05:27,010 [EventQueue-DeleteBlockStatusForDeletedBlockLogImpl] DEBUG block.DeletedBlockLogImpl (DeletedBlockLogImpl.java:isTransactionFailed(278)) - Got block deletion ACK from datanode, TXIDs=12, success=true
2021-08-14 14:05:27,010 [EventQueue-DeleteBlockStatusForDeletedBlockLogImpl] DEBUG block.DeletedBlockLogImpl (DeletedBlockLogImpl.java:commitTransactions(256)) - Datanode txId=12 containerId=#12 committed by dnId=e5d3e9d3-1367-47eb-ad7f-372895a70f55
2021-08-14 14:05:27,010 [EventQueue-DeleteBlockStatusForDeletedBlockLogImpl] DEBUG block.DeletedBlockLogImpl (DeletedBlockLogImpl.java:isTransactionFailed(278)) - Got block deletion ACK from datanode, TXIDs=13, success=true
2021-08-14 14:05:27,010 [EventQueue-DeleteBlockStatusForDeletedBlockLogImpl] DEBUG block.DeletedBlockLogImpl (DeletedBlockLogImpl.java:commitTransactions(256)) - Datanode txId=13 containerId=#13 committed by dnId=e5d3e9d3-1367-47eb-ad7f-372895a70f55
2021-08-14 14:05:27,010 [EventQueue-DeleteBlockStatusForDeletedBlockLogImpl] DEBUG block.DeletedBlockLogImpl (DeletedBlockLogImpl.java:isTransactionFailed(278)) - Got block deletion ACK from datanode, TXIDs=14, success=true
2021-08-14 14:05:27,010 [EventQueue-DeleteBlockStatusForDeletedBlockLogImpl] DEBUG block.DeletedBlockLogImpl (DeletedBlockLogImpl.java:commitTransactions(256)) - Datanode txId=14 containerId=#14 committed by dnId=e5d3e9d3-1367-47eb-ad7f-372895a70f55
2021-08-14 14:05:27,010 [EventQueue-DeleteBlockStatusForDeletedBlockLogImpl] DEBUG block.DeletedBlockLogImpl (DeletedBlockLogImpl.java:isTransactionFailed(278)) - Got block deletion ACK from datanode, TXIDs=15, success=true
2021-08-14 14:05:27,010 [EventQueue-DeleteBlockStatusForDeletedBlockLogImpl] DEBUG block.DeletedBlockLogImpl (DeletedBlockLogImpl.java:commitTransactions(256)) - Datanode txId=15 containerId=#15 committed by dnId=e5d3e9d3-1367-47eb-ad7f-372895a70f55
2021-08-14 14:05:27,010 [EventQueue-DeleteBlockStatusForDeletedBlockLogImpl] DEBUG block.DeletedBlockLogImpl (DeletedBlockLogImpl.java:isTransactionFailed(278)) - Got block deletion ACK from datanode, TXIDs=16, success=true
2021-08-14 14:05:27,010 [EventQueue-DeleteBlockStatusForDeletedBlockLogImpl] DEBUG block.DeletedBlockLogImpl (DeletedBlockLogImpl.java:commitTransactions(256)) - Datanode txId=16 containerId=#16 committed by dnId=e5d3e9d3-1367-47eb-ad7f-372895a70f55
2021-08-14 14:05:27,010 [EventQueue-DeleteBlockStatusForDeletedBlockLogImpl] DEBUG block.DeletedBlockLogImpl (DeletedBlockLogImpl.java:isTransactionFailed(278)) - Got block deletion ACK from datanode, TXIDs=17, success=true
2021-08-14 14:05:27,010 [EventQueue-DeleteBlockStatusForDeletedBlockLogImpl] DEBUG block.DeletedBlockLogImpl (DeletedBlockLogImpl.java:commitTransactions(256)) - Datanode txId=17 containerId=#17 committed by dnId=e5d3e9d3-1367-47eb-ad7f-372895a70f55
2021-08-14 14:05:27,010 [EventQueue-DeleteBlockStatusForDeletedBlockLogImpl] DEBUG block.DeletedBlockLogImpl (DeletedBlockLogImpl.java:isTransactionFailed(278)) - Got block deletion ACK from datanode, TXIDs=18, success=true
2021-08-14 14:05:27,010 [EventQueue-DeleteBlockStatusForDeletedBlockLogImpl] DEBUG block.DeletedBlockLogImpl (DeletedBlockLogImpl.java:commitTransactions(256)) - Datanode txId=18 containerId=#18 committed by dnId=e5d3e9d3-1367-47eb-ad7f-372895a70f55
2021-08-14 14:05:27,016 [EventQueue-DeleteBlockStatusForDeletedBlockLogImpl] DEBUG block.DeletedBlockLogImpl (DeletedBlockLogImpl.java:isTransactionFailed(278)) - Got block deletion ACK from datanode, TXIDs=1, success=true
2021-08-14 14:05:27,016 [EventQueue-DeleteBlockStatusForDeletedBlockLogImpl] DEBUG block.DeletedBlockLogImpl (DeletedBlockLogImpl.java:commitTransactions(256)) - Datanode txId=1 containerId=#1 committed by dnId=e5d3e9d3-1367-47eb-ad7f-372895a70f55
2021-08-14 14:05:27,016 [EventQueue-DeleteBlockStatusForDeletedBlockLogImpl] DEBUG block.DeletedBlockLogImpl (DeletedBlockLogImpl.java:isTransactionFailed(278)) - Got block deletion ACK from datanode, TXIDs=2, success=true
2021-08-14 14:05:27,016 [EventQueue-DeleteBlockStatusForDeletedBlockLogImpl] DEBUG block.DeletedBlockLogImpl (DeletedBlockLogImpl.java:commitTransactions(256)) - Datanode txId=2 containerId=#2 committed by dnId=e5d3e9d3-1367-47eb-ad7f-372895a70f55
2021-08-14 14:05:27,016 [EventQueue-DeleteBlockStatusForDeletedBlockLogImpl] DEBUG block.DeletedBlockLogImpl (DeletedBlockLogImpl.java:isTransactionFailed(278)) - Got block deletion ACK from datanode, TXIDs=3, success=true
2021-08-14 14:05:27,016 [EventQueue-DeleteBlockStatusForDeletedBlockLogImpl] DEBUG block.DeletedBlockLogImpl (DeletedBlockLogImpl.java:commitTransactions(256)) - Datanode txId=3 containerId=#3 committed by dnId=e5d3e9d3-1367-47eb-ad7f-372895a70f55
2021-08-14 14:05:27,016 [EventQueue-DeleteBlockStatusForDeletedBlockLogImpl] DEBUG block.DeletedBlockLogImpl (DeletedBlockLogImpl.java:isTransactionFailed(278)) - Got block deletion ACK from datanode, TXIDs=4, success=true
2021-08-14 14:05:27,016 [EventQueue-DeleteBlockStatusForDeletedBlockLogImpl] DEBUG block.DeletedBlockLogImpl (DeletedBlockLogImpl.java:commitTransactions(256)) - Datanode txId=4 containerId=#4 committed by dnId=e5d3e9d3-1367-47eb-ad7f-372895a70f55
2021-08-14 14:05:27,016 [EventQueue-DeleteBlockStatusForDeletedBlockLogImpl] DEBUG block.DeletedBlockLogImpl (DeletedBlockLogImpl.java:isTransactionFailed(278)) - Got block deletion ACK from datanode, TXIDs=5, success=true
2021-08-14 14:05:27,016 [EventQueue-DeleteBlockStatusForDeletedBlockLogImpl] DEBUG block.DeletedBlockLogImpl (DeletedBlockLogImpl.java:commitTransactions(256)) - Datanode txId=5 containerId=#5 committed by dnId=e5d3e9d3-1367-47eb-ad7f-372895a70f55
2021-08-14 14:05:27,016 [EventQueue-DeleteBlockStatusForDeletedBlockLogImpl] DEBUG block.DeletedBlockLogImpl (DeletedBlockLogImpl.java:isTransactionFailed(278)) - Got block deletion ACK from datanode, TXIDs=6, success=true
2021-08-14 14:05:27,016 [EventQueue-DeleteBlockStatusForDeletedBlockLogImpl] DEBUG block.DeletedBlockLogImpl (DeletedBlockLogImpl.java:commitTransactions(256)) - Datanode txId=6 containerId=#6 committed by dnId=e5d3e9d3-1367-47eb-ad7f-372895a70f55
2021-08-14 14:05:27,016 [EventQueue-DeleteBlockStatusForDeletedBlockLogImpl] DEBUG block.DeletedBlockLogImpl (DeletedBlockLogImpl.java:isTransactionFailed(278)) - Got block deletion ACK from datanode, TXIDs=7, success=true
2021-08-14 14:05:27,016 [EventQueue-DeleteBlockStatusForDeletedBlockLogImpl] DEBUG block.DeletedBlockLogImpl (DeletedBlockLogImpl.java:commitTransactions(256)) - Datanode txId=7 containerId=#7 committed by dnId=e5d3e9d3-1367-47eb-ad7f-372895a70f55
2021-08-14 14:05:27,016 [EventQueue-DeleteBlockStatusForDeletedBlockLogImpl] DEBUG block.DeletedBlockLogImpl (DeletedBlockLogImpl.java:isTransactionFailed(278)) - Got block deletion ACK from datanode, TXIDs=8, success=true
2021-08-14 14:05:27,016 [EventQueue-DeleteBlockStatusForDeletedBlockLogImpl] DEBUG block.DeletedBlockLogImpl (DeletedBlockLogImpl.java:commitTransactions(256)) - Datanode txId=8 containerId=#8 committed by dnId=e5d3e9d3-1367-47eb-ad7f-372895a70f55
2021-08-14 14:05:27,016 [EventQueue-DeleteBlockStatusForDeletedBlockLogImpl] DEBUG block.DeletedBlockLogImpl (DeletedBlockLogImpl.java:isTransactionFailed(278)) - Got block deletion ACK from datanode, TXIDs=9, success=true
2021-08-14 14:05:27,016 [EventQueue-DeleteBlockStatusForDeletedBlockLogImpl] DEBUG block.DeletedBlockLogImpl (DeletedBlockLogImpl.java:commitTransactions(256)) - Datanode txId=9 containerId=#9 committed by dnId=e5d3e9d3-1367-47eb-ad7f-372895a70f55
2021-08-14 14:05:27,016 [EventQueue-DeleteBlockStatusForDeletedBlockLogImpl] DEBUG block.DeletedBlockLogImpl (DeletedBlockLogImpl.java:isTransactionFailed(278)) - Got block deletion ACK from datanode, TXIDs=10, success=true
2021-08-14 14:05:27,016 [EventQueue-DeleteBlockStatusForDeletedBlockLogImpl] DEBUG block.DeletedBlockLogImpl (DeletedBlockLogImpl.java:commitTransactions(256)) - Datanode txId=10 containerId=#10 committed by dnId=e5d3e9d3-1367-47eb-ad7f-372895a70f55
2021-08-14 14:05:27,017 [EventQueue-DeleteBlockStatusForDeletedBlockLogImpl] DEBUG block.DeletedBlockLogImpl (DeletedBlockLogImpl.java:isTransactionFailed(278)) - Got block deletion ACK from datanode, TXIDs=11, success=true
2021-08-14 14:05:27,017 [EventQueue-DeleteBlockStatusForDeletedBlockLogImpl] DEBUG block.DeletedBlockLogImpl (DeletedBlockLogImpl.java:commitTransactions(256)) - Datanode txId=11 containerId=#11 committed by dnId=e5d3e9d3-1367-47eb-ad7f-372895a70f55
2021-08-14 14:05:27,017 [EventQueue-DeleteBlockStatusForDeletedBlockLogImpl] DEBUG block.DeletedBlockLogImpl (DeletedBlockLogImpl.java:isTransactionFailed(278)) - Got block deletion ACK from datanode, TXIDs=12, success=true
2021-08-14 14:05:27,017 [EventQueue-DeleteBlockStatusForDeletedBlockLogImpl] DEBUG block.DeletedBlockLogImpl (DeletedBlockLogImpl.java:commitTransactions(256)) - Datanode txId=12 containerId=#12 committed by dnId=e5d3e9d3-1367-47eb-ad7f-372895a70f55
2021-08-14 14:05:27,017 [EventQueue-DeleteBlockStatusForDeletedBlockLogImpl] DEBUG block.DeletedBlockLogImpl (DeletedBlockLogImpl.java:isTransactionFailed(278)) - Got block deletion ACK from datanode, TXIDs=13, success=true
2021-08-14 14:05:27,017 [EventQueue-DeleteBlockStatusForDeletedBlockLogImpl] DEBUG block.DeletedBlockLogImpl (DeletedBlockLogImpl.java:commitTransactions(256)) - Datanode txId=13 containerId=#13 committed by dnId=e5d3e9d3-1367-47eb-ad7f-372895a70f55
2021-08-14 14:05:27,017 [EventQueue-DeleteBlockStatusForDeletedBlockLogImpl] DEBUG block.DeletedBlockLogImpl (DeletedBlockLogImpl.java:isTransactionFailed(278)) - Got block deletion ACK from datanode, TXIDs=14, success=true
2021-08-14 14:05:27,017 [EventQueue-DeleteBlockStatusForDeletedBlockLogImpl] DEBUG block.DeletedBlockLogImpl (DeletedBlockLogImpl.java:commitTransactions(256)) - Datanode txId=14 containerId=#14 committed by dnId=e5d3e9d3-1367-47eb-ad7f-372895a70f55
2021-08-14 14:05:27,017 [EventQueue-DeleteBlockStatusForDeletedBlockLogImpl] DEBUG block.DeletedBlockLogImpl (DeletedBlockLogImpl.java:isTransactionFailed(278)) - Got block deletion ACK from datanode, TXIDs=15, success=true
2021-08-14 14:05:27,017 [EventQueue-DeleteBlockStatusForDeletedBlockLogImpl] DEBUG block.DeletedBlockLogImpl (DeletedBlockLogImpl.java:commitTransactions(256)) - Datanode txId=15 containerId=#15 committed by dnId=e5d3e9d3-1367-47eb-ad7f-372895a70f55
2021-08-14 14:05:27,017 [EventQueue-DeleteBlockStatusForDeletedBlockLogImpl] DEBUG block.DeletedBlockLogImpl (DeletedBlockLogImpl.java:isTransactionFailed(278)) - Got block deletion ACK from datanode, TXIDs=16, success=true
2021-08-14 14:05:27,017 [EventQueue-DeleteBlockStatusForDeletedBlockLogImpl] DEBUG block.DeletedBlockLogImpl (DeletedBlockLogImpl.java:commitTransactions(256)) - Datanode txId=16 containerId=#16 committed by dnId=e5d3e9d3-1367-47eb-ad7f-372895a70f55
2021-08-14 14:05:27,017 [EventQueue-DeleteBlockStatusForDeletedBlockLogImpl] DEBUG block.DeletedBlockLogImpl (DeletedBlockLogImpl.java:isTransactionFailed(278)) - Got block deletion ACK from datanode, TXIDs=17, success=true
2021-08-14 14:05:27,017 [EventQueue-DeleteBlockStatusForDeletedBlockLogImpl] DEBUG block.DeletedBlockLogImpl (DeletedBlockLogImpl.java:commitTransactions(256)) - Datanode txId=17 containerId=#17 committed by dnId=e5d3e9d3-1367-47eb-ad7f-372895a70f55
2021-08-14 14:05:27,017 [EventQueue-DeleteBlockStatusForDeletedBlockLogImpl] DEBUG block.DeletedBlockLogImpl (DeletedBlockLogImpl.java:isTransactionFailed(278)) - Got block deletion ACK from datanode, TXIDs=18, success=true
2021-08-14 14:05:27,017 [EventQueue-DeleteBlockStatusForDeletedBlockLogImpl] DEBUG block.DeletedBlockLogImpl (DeletedBlockLogImpl.java:commitTransactions(256)) - Datanode txId=18 containerId=#18 committed by dnId=e5d3e9d3-1367-47eb-ad7f-372895a70f55
2021-08-14 14:05:27,017 [EventQueue-DeleteBlockStatusForDeletedBlockLogImpl] DEBUG block.DeletedBlockLogImpl (DeletedBlockLogImpl.java:isTransactionFailed(278)) - Got block deletion ACK from datanode, TXIDs=1, success=true
2021-08-14 14:05:27,017 [EventQueue-DeleteBlockStatusForDeletedBlockLogImpl] DEBUG block.DeletedBlockLogImpl (DeletedBlockLogImpl.java:commitTransactions(256)) - Datanode txId=1 containerId=#1 committed by dnId=e5d3e9d3-1367-47eb-ad7f-372895a70f55
2021-08-14 14:05:27,018 [EventQueue-DeleteBlockStatusForDeletedBlockLogImpl] DEBUG block.DeletedBlockLogImpl (DeletedBlockLogImpl.java:isTransactionFailed(278)) - Got block deletion ACK from datanode, TXIDs=2, success=true
2021-08-14 14:05:27,019 [EventQueue-DeleteBlockStatusForDeletedBlockLogImpl] DEBUG block.DeletedBlockLogImpl (DeletedBlockLogImpl.java:commitTransactions(256)) - Datanode txId=2 containerId=#2 committed by dnId=e5d3e9d3-1367-47eb-ad7f-372895a70f55
2021-08-14 14:05:27,019 [EventQueue-DeleteBlockStatusForDeletedBlockLogImpl] DEBUG block.DeletedBlockLogImpl (DeletedBlockLogImpl.java:isTransactionFailed(278)) - Got block deletion ACK from datanode, TXIDs=3, success=true
2021-08-14 14:05:27,020 [EventQueue-DeleteBlockStatusForDeletedBlockLogImpl] DEBUG block.DeletedBlockLogImpl (DeletedBlockLogImpl.java:commitTransactions(256)) - Datanode txId=3 containerId=#3 committed by dnId=e5d3e9d3-1367-47eb-ad7f-372895a70f55
2021-08-14 14:05:27,020 [EventQueue-DeleteBlockStatusForDeletedBlockLogImpl] DEBUG block.DeletedBlockLogImpl (DeletedBlockLogImpl.java:isTransactionFailed(278)) - Got block deletion ACK from datanode, TXIDs=4, success=true
2021-08-14 14:05:27,020 [EventQueue-DeleteBlockStatusForDeletedBlockLogImpl] DEBUG block.DeletedBlockLogImpl (DeletedBlockLogImpl.java:commitTransactions(256)) - Datanode txId=4 containerId=#4 committed by dnId=e5d3e9d3-1367-47eb-ad7f-372895a70f55
2021-08-14 14:05:27,020 [EventQueue-DeleteBlockStatusForDeletedBlockLogImpl] DEBUG block.DeletedBlockLogImpl (DeletedBlockLogImpl.java:isTransactionFailed(278)) - Got block deletion ACK from datanode, TXIDs=5, success=true
2021-08-14 14:05:27,020 [EventQueue-DeleteBlockStatusForDeletedBlockLogImpl] DEBUG block.DeletedBlockLogImpl (DeletedBlockLogImpl.java:commitTransactions(256)) - Datanode txId=5 containerId=#5 committed by dnId=e5d3e9d3-1367-47eb-ad7f-372895a70f55
2021-08-14 14:05:27,020 [EventQueue-DeleteBlockStatusForDeletedBlockLogImpl] DEBUG block.DeletedBlockLogImpl (DeletedBlockLogImpl.java:isTransactionFailed(278)) - Got block deletion ACK from datanode, TXIDs=6, success=true
2021-08-14 14:05:27,020 [EventQueue-DeleteBlockStatusForDeletedBlockLogImpl] DEBUG block.DeletedBlockLogImpl (DeletedBlockLogImpl.java:commitTransactions(256)) - Datanode txId=6 containerId=#6 committed by dnId=e5d3e9d3-1367-47eb-ad7f-372895a70f55
2021-08-14 14:05:27,020 [EventQueue-DeleteBlockStatusForDeletedBlockLogImpl] DEBUG block.DeletedBlockLogImpl (DeletedBlockLogImpl.java:isTransactionFailed(278)) - Got block deletion ACK from datanode, TXIDs=7, success=true
2021-08-14 14:05:27,020 [EventQueue-DeleteBlockStatusForDeletedBlockLogImpl] DEBUG block.DeletedBlockLogImpl (DeletedBlockLogImpl.java:commitTransactions(256)) - Datanode txId=7 containerId=#7 committed by dnId=e5d3e9d3-1367-47eb-ad7f-372895a70f55
2021-08-14 14:05:27,020 [EventQueue-DeleteBlockStatusForDeletedBlockLogImpl] DEBUG block.DeletedBlockLogImpl (DeletedBlockLogImpl.java:isTransactionFailed(278)) - Got block deletion ACK from datanode, TXIDs=8, success=true
2021-08-14 14:05:27,020 [EventQueue-DeleteBlockStatusForDeletedBlockLogImpl] DEBUG block.DeletedBlockLogImpl (DeletedBlockLogImpl.java:commitTransactions(256)) - Datanode txId=8 containerId=#8 committed by dnId=e5d3e9d3-1367-47eb-ad7f-372895a70f55
2021-08-14 14:05:27,020 [EventQueue-DeleteBlockStatusForDeletedBlockLogImpl] DEBUG block.DeletedBlockLogImpl (DeletedBlockLogImpl.java:isTransactionFailed(278)) - Got block deletion ACK from datanode, TXIDs=9, success=true
2021-08-14 14:05:27,020 [EventQueue-DeleteBlockStatusForDeletedBlockLogImpl] DEBUG block.DeletedBlockLogImpl (DeletedBlockLogImpl.java:commitTransactions(256)) - Datanode txId=9 containerId=#9 committed by dnId=e5d3e9d3-1367-47eb-ad7f-372895a70f55
2021-08-14 14:05:27,020 [EventQueue-DeleteBlockStatusForDeletedBlockLogImpl] DEBUG block.DeletedBlockLogImpl (DeletedBlockLogImpl.java:isTransactionFailed(278)) - Got block deletion ACK from datanode, TXIDs=10, success=true
2021-08-14 14:05:27,020 [EventQueue-DeleteBlockStatusForDeletedBlockLogImpl] DEBUG block.DeletedBlockLogImpl (DeletedBlockLogImpl.java:commitTransactions(256)) - Datanode txId=10 containerId=#10 committed by dnId=e5d3e9d3-1367-47eb-ad7f-372895a70f55
2021-08-14 14:05:27,020 [EventQueue-DeleteBlockStatusForDeletedBlockLogImpl] DEBUG block.DeletedBlockLogImpl (DeletedBlockLogImpl.java:isTransactionFailed(278)) - Got block deletion ACK from datanode, TXIDs=11, success=true
2021-08-14 14:05:27,020 [EventQueue-DeleteBlockStatusForDeletedBlockLogImpl] DEBUG block.DeletedBlockLogImpl (DeletedBlockLogImpl.java:commitTransactions(256)) - Datanode txId=11 containerId=#11 committed by dnId=e5d3e9d3-1367-47eb-ad7f-372895a70f55
2021-08-14 14:05:27,020 [EventQueue-DeleteBlockStatusForDeletedBlockLogImpl] DEBUG block.DeletedBlockLogImpl (DeletedBlockLogImpl.java:isTransactionFailed(278)) - Got block deletion ACK from datanode, TXIDs=12, success=true
2021-08-14 14:05:27,020 [EventQueue-DeleteBlockStatusForDeletedBlockLogImpl] DEBUG block.DeletedBlockLogImpl (DeletedBlockLogImpl.java:commitTransactions(256)) - Datanode txId=12 containerId=#12 committed by dnId=e5d3e9d3-1367-47eb-ad7f-372895a70f55
2021-08-14 14:05:27,020 [EventQueue-DeleteBlockStatusForDeletedBlockLogImpl] DEBUG block.DeletedBlockLogImpl (DeletedBlockLogImpl.java:isTransactionFailed(278)) - Got block deletion ACK from datanode, TXIDs=13, success=true
2021-08-14 14:05:27,020 [EventQueue-DeleteBlockStatusForDeletedBlockLogImpl] DEBUG block.DeletedBlockLogImpl (DeletedBlockLogImpl.java:commitTransactions(256)) - Datanode txId=13 containerId=#13 committed by dnId=e5d3e9d3-1367-47eb-ad7f-372895a70f55
2021-08-14 14:05:27,020 [EventQueue-DeleteBlockStatusForDeletedBlockLogImpl] DEBUG block.DeletedBlockLogImpl (DeletedBlockLogImpl.java:isTransactionFailed(278)) - Got block deletion ACK from datanode, TXIDs=14, success=true
2021-08-14 14:05:27,020 [EventQueue-DeleteBlockStatusForDeletedBlockLogImpl] DEBUG block.DeletedBlockLogImpl (DeletedBlockLogImpl.java:commitTransactions(256)) - Datanode txId=14 containerId=#14 committed by dnId=e5d3e9d3-1367-47eb-ad7f-372895a70f55
2021-08-14 14:05:27,020 [EventQueue-DeleteBlockStatusForDeletedBlockLogImpl] DEBUG block.DeletedBlockLogImpl (DeletedBlockLogImpl.java:isTransactionFailed(278)) - Got block deletion ACK from datanode, TXIDs=15, success=true
2021-08-14 14:05:27,020 [EventQueue-DeleteBlockStatusForDeletedBlockLogImpl] DEBUG block.DeletedBlockLogImpl (DeletedBlockLogImpl.java:commitTransactions(256)) - Datanode txId=15 containerId=#15 committed by dnId=e5d3e9d3-1367-47eb-ad7f-372895a70f55
2021-08-14 14:05:27,020 [EventQueue-DeleteBlockStatusForDeletedBlockLogImpl] DEBUG block.DeletedBlockLogImpl (DeletedBlockLogImpl.java:isTransactionFailed(278)) - Got block deletion ACK from datanode, TXIDs=16, success=true
2021-08-14 14:05:27,020 [EventQueue-DeleteBlockStatusForDeletedBlockLogImpl] DEBUG block.DeletedBlockLogImpl (DeletedBlockLogImpl.java:commitTransactions(256)) - Datanode txId=16 containerId=#16 committed by dnId=e5d3e9d3-1367-47eb-ad7f-372895a70f55
2021-08-14 14:05:27,020 [EventQueue-DeleteBlockStatusForDeletedBlockLogImpl] DEBUG block.DeletedBlockLogImpl (DeletedBlockLogImpl.java:isTransactionFailed(278)) - Got block deletion ACK from datanode, TXIDs=17, success=true
2021-08-14 14:05:27,020 [EventQueue-DeleteBlockStatusForDeletedBlockLogImpl] DEBUG block.DeletedBlockLogImpl (DeletedBlockLogImpl.java:commitTransactions(256)) - Datanode txId=17 containerId=#17 committed by dnId=e5d3e9d3-1367-47eb-ad7f-372895a70f55
2021-08-14 14:05:27,020 [EventQueue-DeleteBlockStatusForDeletedBlockLogImpl] DEBUG block.DeletedBlockLogImpl (DeletedBlockLogImpl.java:isTransactionFailed(278)) - Got block deletion ACK from datanode, TXIDs=18, success=true
2021-08-14 14:05:27,020 [EventQueue-DeleteBlockStatusForDeletedBlockLogImpl] DEBUG block.DeletedBlockLogImpl (DeletedBlockLogImpl.java:commitTransactions(256)) - Datanode txId=18 containerId=#18 committed by dnId=e5d3e9d3-1367-47eb-ad7f-372895a70f55
2021-08-14 14:05:27,020 [EventQueue-DeleteBlockStatusForDeletedBlockLogImpl] DEBUG block.DeletedBlockLogImpl (DeletedBlockLogImpl.java:isTransactionFailed(278)) - Got block deletion ACK from datanode, TXIDs=1, success=true
2021-08-14 14:05:27,020 [EventQueue-DeleteBlockStatusForDeletedBlockLogImpl] DEBUG block.DeletedBlockLogImpl (DeletedBlockLogImpl.java:commitTransactions(256)) - Datanode txId=1 containerId=#1 committed by dnId=e5d3e9d3-1367-47eb-ad7f-372895a70f55
2021-08-14 14:05:27,020 [EventQueue-DeleteBlockStatusForDeletedBlockLogImpl] DEBUG block.DeletedBlockLogImpl (DeletedBlockLogImpl.java:isTransactionFailed(278)) - Got block deletion ACK from datanode, TXIDs=2, success=true
2021-08-14 14:05:27,021 [EventQueue-DeleteBlockStatusForDeletedBlockLogImpl] DEBUG block.DeletedBlockLogImpl (DeletedBlockLogImpl.java:commitTransactions(256)) - Datanode txId=2 containerId=#2 committed by dnId=e5d3e9d3-1367-47eb-ad7f-372895a70f55
2021-08-14 14:05:27,021 [EventQueue-DeleteBlockStatusForDeletedBlockLogImpl] DEBUG block.DeletedBlockLogImpl (DeletedBlockLogImpl.java:isTransactionFailed(278)) - Got block deletion ACK from datanode, TXIDs=3, success=true
2021-08-14 14:05:27,021 [EventQueue-DeleteBlockStatusForDeletedBlockLogImpl] DEBUG block.DeletedBlockLogImpl (DeletedBlockLogImpl.java:commitTransactions(256)) - Datanode txId=3 containerId=#3 committed by dnId=e5d3e9d3-1367-47eb-ad7f-372895a70f55
2021-08-14 14:05:27,021 [EventQueue-DeleteBlockStatusForDeletedBlockLogImpl] DEBUG block.DeletedBlockLogImpl (DeletedBlockLogImpl.java:isTransactionFailed(278)) - Got block deletion ACK from datanode, TXIDs=4, success=true
2021-08-14 14:05:27,021 [EventQueue-DeleteBlockStatusForDeletedBlockLogImpl] DEBUG block.DeletedBlockLogImpl (DeletedBlockLogImpl.java:commitTransactions(256)) - Datanode txId=4 containerId=#4 committed by dnId=e5d3e9d3-1367-47eb-ad7f-372895a70f55
2021-08-14 14:05:27,021 [EventQueue-DeleteBlockStatusForDeletedBlockLogImpl] DEBUG block.DeletedBlockLogImpl (DeletedBlockLogImpl.java:isTransactionFailed(278)) - Got block deletion ACK from datanode, TXIDs=5, success=true
2021-08-14 14:05:27,021 [EventQueue-DeleteBlockStatusForDeletedBlockLogImpl] DEBUG block.DeletedBlockLogImpl (DeletedBlockLogImpl.java:commitTransactions(256)) - Datanode txId=5 containerId=#5 committed by dnId=e5d3e9d3-1367-47eb-ad7f-372895a70f55
2021-08-14 14:05:27,021 [EventQueue-DeleteBlockStatusForDeletedBlockLogImpl] DEBUG block.DeletedBlockLogImpl (DeletedBlockLogImpl.java:isTransactionFailed(278)) - Got block deletion ACK from datanode, TXIDs=6, success=true
2021-08-14 14:05:27,021 [EventQueue-DeleteBlockStatusForDeletedBlockLogImpl] DEBUG block.DeletedBlockLogImpl (DeletedBlockLogImpl.java:commitTransactions(256)) - Datanode txId=6 containerId=#6 committed by dnId=e5d3e9d3-1367-47eb-ad7f-372895a70f55
2021-08-14 14:05:27,021 [EventQueue-DeleteBlockStatusForDeletedBlockLogImpl] DEBUG block.DeletedBlockLogImpl (DeletedBlockLogImpl.java:isTransactionFailed(278)) - Got block deletion ACK from datanode, TXIDs=7, success=true
2021-08-14 14:05:27,021 [EventQueue-DeleteBlockStatusForDeletedBlockLogImpl] DEBUG block.DeletedBlockLogImpl (DeletedBlockLogImpl.java:commitTransactions(256)) - Datanode txId=7 containerId=#7 committed by dnId=e5d3e9d3-1367-47eb-ad7f-372895a70f55
2021-08-14 14:05:27,021 [EventQueue-DeleteBlockStatusForDeletedBlockLogImpl] DEBUG block.DeletedBlockLogImpl (DeletedBlockLogImpl.java:isTransactionFailed(278)) - Got block deletion ACK from datanode, TXIDs=8, success=true
2021-08-14 14:05:27,021 [EventQueue-DeleteBlockStatusForDeletedBlockLogImpl] DEBUG block.DeletedBlockLogImpl (DeletedBlockLogImpl.java:commitTransactions(256)) - Datanode txId=8 containerId=#8 committed by dnId=e5d3e9d3-1367-47eb-ad7f-372895a70f55
2021-08-14 14:05:27,021 [EventQueue-DeleteBlockStatusForDeletedBlockLogImpl] DEBUG block.DeletedBlockLogImpl (DeletedBlockLogImpl.java:isTransactionFailed(278)) - Got block deletion ACK from datanode, TXIDs=9, success=true
2021-08-14 14:05:27,021 [EventQueue-DeleteBlockStatusForDeletedBlockLogImpl] DEBUG block.DeletedBlockLogImpl (DeletedBlockLogImpl.java:commitTransactions(256)) - Datanode txId=9 containerId=#9 committed by dnId=e5d3e9d3-1367-47eb-ad7f-372895a70f55
2021-08-14 14:05:27,021 [EventQueue-DeleteBlockStatusForDeletedBlockLogImpl] DEBUG block.DeletedBlockLogImpl (DeletedBlockLogImpl.java:isTransactionFailed(278)) - Got block deletion ACK from datanode, TXIDs=10, success=true
2021-08-14 14:05:27,021 [EventQueue-DeleteBlockStatusForDeletedBlockLogImpl] DEBUG block.DeletedBlockLogImpl (DeletedBlockLogImpl.java:commitTransactions(256)) - Datanode txId=10 containerId=#10 committed by dnId=e5d3e9d3-1367-47eb-ad7f-372895a70f55
2021-08-14 14:05:27,021 [EventQueue-DeleteBlockStatusForDeletedBlockLogImpl] DEBUG block.DeletedBlockLogImpl (DeletedBlockLogImpl.java:isTransactionFailed(278)) - Got block deletion ACK from datanode, TXIDs=11, success=true
2021-08-14 14:05:27,021 [EventQueue-DeleteBlockStatusForDeletedBlockLogImpl] DEBUG block.DeletedBlockLogImpl (DeletedBlockLogImpl.java:commitTransactions(256)) - Datanode txId=11 containerId=#11 committed by dnId=e5d3e9d3-1367-47eb-ad7f-372895a70f55
2021-08-14 14:05:27,021 [EventQueue-DeleteBlockStatusForDeletedBlockLogImpl] DEBUG block.DeletedBlockLogImpl (DeletedBlockLogImpl.java:isTransactionFailed(278)) - Got block deletion ACK from datanode, TXIDs=12, success=true
2021-08-14 14:05:27,021 [EventQueue-DeleteBlockStatusForDeletedBlockLogImpl] DEBUG block.DeletedBlockLogImpl (DeletedBlockLogImpl.java:commitTransactions(256)) - Datanode txId=12 containerId=#12 committed by dnId=e5d3e9d3-1367-47eb-ad7f-372895a70f55
2021-08-14 14:05:27,021 [EventQueue-DeleteBlockStatusForDeletedBlockLogImpl] DEBUG block.DeletedBlockLogImpl (DeletedBlockLogImpl.java:isTransactionFailed(278)) - Got block deletion ACK from datanode, TXIDs=13, success=true
2021-08-14 14:05:27,021 [EventQueue-DeleteBlockStatusForDeletedBlockLogImpl] DEBUG block.DeletedBlockLogImpl (DeletedBlockLogImpl.java:commitTransactions(256)) - Datanode txId=13 containerId=#13 committed by dnId=e5d3e9d3-1367-47eb-ad7f-372895a70f55
2021-08-14 14:05:27,021 [EventQueue-DeleteBlockStatusForDeletedBlockLogImpl] DEBUG block.DeletedBlockLogImpl (DeletedBlockLogImpl.java:isTransactionFailed(278)) - Got block deletion ACK from datanode, TXIDs=14, success=true
2021-08-14 14:05:27,021 [EventQueue-DeleteBlockStatusForDeletedBlockLogImpl] DEBUG block.DeletedBlockLogImpl (DeletedBlockLogImpl.java:commitTransactions(256)) - Datanode txId=14 containerId=#14 committed by dnId=e5d3e9d3-1367-47eb-ad7f-372895a70f55
2021-08-14 14:05:27,021 [EventQueue-DeleteBlockStatusForDeletedBlockLogImpl] DEBUG block.DeletedBlockLogImpl (DeletedBlockLogImpl.java:isTransactionFailed(278)) - Got block deletion ACK from datanode, TXIDs=15, success=true
2021-08-14 14:05:27,021 [EventQueue-DeleteBlockStatusForDeletedBlockLogImpl] DEBUG block.DeletedBlockLogImpl (DeletedBlockLogImpl.java:commitTransactions(256)) - Datanode txId=15 containerId=#15 committed by dnId=e5d3e9d3-1367-47eb-ad7f-372895a70f55
2021-08-14 14:05:27,021 [EventQueue-DeleteBlockStatusForDeletedBlockLogImpl] DEBUG block.DeletedBlockLogImpl (DeletedBlockLogImpl.java:isTransactionFailed(278)) - Got block deletion ACK from datanode, TXIDs=16, success=true
2021-08-14 14:05:27,021 [EventQueue-DeleteBlockStatusForDeletedBlockLogImpl] DEBUG block.DeletedBlockLogImpl (DeletedBlockLogImpl.java:commitTransactions(256)) - Datanode txId=16 containerId=#16 committed by dnId=e5d3e9d3-1367-47eb-ad7f-372895a70f55
2021-08-14 14:05:27,021 [EventQueue-DeleteBlockStatusForDeletedBlockLogImpl] DEBUG block.DeletedBlockLogImpl (DeletedBlockLogImpl.java:isTransactionFailed(278)) - Got block deletion ACK from datanode, TXIDs=17, success=true
2021-08-14 14:05:27,021 [EventQueue-DeleteBlockStatusForDeletedBlockLogImpl] DEBUG block.DeletedBlockLogImpl (DeletedBlockLogImpl.java:commitTransactions(256)) - Datanode txId=17 containerId=#17 committed by dnId=e5d3e9d3-1367-47eb-ad7f-372895a70f55
2021-08-14 14:05:27,021 [EventQueue-DeleteBlockStatusForDeletedBlockLogImpl] DEBUG block.DeletedBlockLogImpl (DeletedBlockLogImpl.java:isTransactionFailed(278)) - Got block deletion ACK from datanode, TXIDs=18, success=true
2021-08-14 14:05:27,021 [EventQueue-DeleteBlockStatusForDeletedBlockLogImpl] DEBUG block.DeletedBlockLogImpl (DeletedBlockLogImpl.java:commitTransactions(256)) - Datanode txId=18 containerId=#18 committed by dnId=e5d3e9d3-1367-47eb-ad7f-372895a70f55
2021-08-14 14:05:27,021 [EventQueue-DeleteBlockStatusForDeletedBlockLogImpl] DEBUG block.DeletedBlockLogImpl (DeletedBlockLogImpl.java:isTransactionFailed(278)) - Got block deletion ACK from datanode, TXIDs=19, success=true
2021-08-14 14:05:27,021 [EventQueue-DeleteBlockStatusForDeletedBlockLogImpl] DEBUG block.DeletedBlockLogImpl (DeletedBlockLogImpl.java:commitTransactions(256)) - Datanode txId=19 containerId=#19 committed by dnId=e5d3e9d3-1367-47eb-ad7f-372895a70f55
2021-08-14 14:05:27,021 [EventQueue-DeleteBlockStatusForDeletedBlockLogImpl] DEBUG block.DeletedBlockLogImpl (DeletedBlockLogImpl.java:isTransactionFailed(278)) - Got block deletion ACK from datanode, TXIDs=1, success=true
2021-08-14 14:05:27,021 [EventQueue-DeleteBlockStatusForDeletedBlockLogImpl] DEBUG block.DeletedBlockLogImpl (DeletedBlockLogImpl.java:commitTransactions(256)) - Datanode txId=1 containerId=#1 committed by dnId=e5d3e9d3-1367-47eb-ad7f-372895a70f55
2021-08-14 14:05:27,021 [EventQueue-DeleteBlockStatusForDeletedBlockLogImpl] DEBUG block.DeletedBlockLogImpl (DeletedBlockLogImpl.java:isTransactionFailed(278)) - Got block deletion ACK from datanode, TXIDs=2, success=true
2021-08-14 14:05:27,021 [EventQueue-DeleteBlockStatusForDeletedBlockLogImpl] DEBUG block.DeletedBlockLogImpl (DeletedBlockLogImpl.java:commitTransactions(256)) - Datanode txId=2 containerId=#2 committed by dnId=e5d3e9d3-1367-47eb-ad7f-372895a70f55
2021-08-14 14:05:27,022 [EventQueue-DeleteBlockStatusForDeletedBlockLogImpl] DEBUG block.DeletedBlockLogImpl (DeletedBlockLogImpl.java:isTransactionFailed(278)) - Got block deletion ACK from datanode, TXIDs=3, success=true
2021-08-14 14:05:27,022 [EventQueue-DeleteBlockStatusForDeletedBlockLogImpl] DEBUG block.DeletedBlockLogImpl (DeletedBlockLogImpl.java:commitTransactions(256)) - Datanode txId=3 containerId=#3 committed by dnId=e5d3e9d3-1367-47eb-ad7f-372895a70f55
2021-08-14 14:05:27,022 [EventQueue-DeleteBlockStatusForDeletedBlockLogImpl] DEBUG block.DeletedBlockLogImpl (DeletedBlockLogImpl.java:isTransactionFailed(278)) - Got block deletion ACK from datanode, TXIDs=4, success=true
2021-08-14 14:05:27,022 [EventQueue-DeleteBlockStatusForDeletedBlockLogImpl] DEBUG block.DeletedBlockLogImpl (DeletedBlockLogImpl.java:commitTransactions(256)) - Datanode txId=4 containerId=#4 committed by dnId=e5d3e9d3-1367-47eb-ad7f-372895a70f55
2021-08-14 14:05:27,022 [EventQueue-DeleteBlockStatusForDeletedBlockLogImpl] DEBUG block.DeletedBlockLogImpl (DeletedBlockLogImpl.java:isTransactionFailed(278)) - Got block deletion ACK from datanode, TXIDs=5, success=true
2021-08-14 14:05:27,022 [EventQueue-DeleteBlockStatusForDeletedBlockLogImpl] DEBUG block.DeletedBlockLogImpl (DeletedBlockLogImpl.java:commitTransactions(256)) - Datanode txId=5 containerId=#5 committed by dnId=e5d3e9d3-1367-47eb-ad7f-372895a70f55
2021-08-14 14:05:27,022 [EventQueue-DeleteBlockStatusForDeletedBlockLogImpl] DEBUG block.DeletedBlockLogImpl (DeletedBlockLogImpl.java:isTransactionFailed(278)) - Got block deletion ACK from datanode, TXIDs=6, success=true
2021-08-14 14:05:27,022 [EventQueue-DeleteBlockStatusForDeletedBlockLogImpl] DEBUG block.DeletedBlockLogImpl (DeletedBlockLogImpl.java:commitTransactions(256)) - Datanode txId=6 containerId=#6 committed by dnId=e5d3e9d3-1367-47eb-ad7f-372895a70f55
2021-08-14 14:05:27,022 [EventQueue-DeleteBlockStatusForDeletedBlockLogImpl] DEBUG block.DeletedBlockLogImpl (DeletedBlockLogImpl.java:isTransactionFailed(278)) - Got block deletion ACK from datanode, TXIDs=7, success=true
2021-08-14 14:05:27,022 [EventQueue-DeleteBlockStatusForDeletedBlockLogImpl] DEBUG block.DeletedBlockLogImpl (DeletedBlockLogImpl.java:commitTransactions(256)) - Datanode txId=7 containerId=#7 committed by dnId=e5d3e9d3-1367-47eb-ad7f-372895a70f55
2021-08-14 14:05:27,022 [EventQueue-DeleteBlockStatusForDeletedBlockLogImpl] DEBUG block.DeletedBlockLogImpl (DeletedBlockLogImpl.java:isTransactionFailed(278)) - Got block deletion ACK from datanode, TXIDs=8, success=true
2021-08-14 14:05:27,022 [EventQueue-DeleteBlockStatusForDeletedBlockLogImpl] DEBUG block.DeletedBlockLogImpl (DeletedBlockLogImpl.java:commitTransactions(256)) - Datanode txId=8 containerId=#8 committed by dnId=e5d3e9d3-1367-47eb-ad7f-372895a70f55
2021-08-14 14:05:27,022 [EventQueue-DeleteBlockStatusForDeletedBlockLogImpl] DEBUG block.DeletedBlockLogImpl (DeletedBlockLogImpl.java:isTransactionFailed(278)) - Got block deletion ACK from datanode, TXIDs=9, success=true
2021-08-14 14:05:27,022 [EventQueue-DeleteBlockStatusForDeletedBlockLogImpl] DEBUG block.DeletedBlockLogImpl (DeletedBlockLogImpl.java:commitTransactions(256)) - Datanode txId=9 containerId=#9 committed by dnId=e5d3e9d3-1367-47eb-ad7f-372895a70f55
2021-08-14 14:05:27,022 [EventQueue-DeleteBlockStatusForDeletedBlockLogImpl] DEBUG block.DeletedBlockLogImpl (DeletedBlockLogImpl.java:isTransactionFailed(278)) - Got block deletion ACK from datanode, TXIDs=10, success=true
2021-08-14 14:05:27,022 [EventQueue-DeleteBlockStatusForDeletedBlockLogImpl] DEBUG block.DeletedBlockLogImpl (DeletedBlockLogImpl.java:commitTransactions(256)) - Datanode txId=10 containerId=#10 committed by dnId=e5d3e9d3-1367-47eb-ad7f-372895a70f55
2021-08-14 14:05:27,022 [EventQueue-DeleteBlockStatusForDeletedBlockLogImpl] DEBUG block.DeletedBlockLogImpl (DeletedBlockLogImpl.java:isTransactionFailed(278)) - Got block deletion ACK from datanode, TXIDs=11, success=true
2021-08-14 14:05:27,022 [EventQueue-DeleteBlockStatusForDeletedBlockLogImpl] DEBUG block.DeletedBlockLogImpl (DeletedBlockLogImpl.java:commitTransactions(256)) - Datanode txId=11 containerId=#11 committed by dnId=e5d3e9d3-1367-47eb-ad7f-372895a70f55
2021-08-14 14:05:27,022 [EventQueue-DeleteBlockStatusForDeletedBlockLogImpl] DEBUG block.DeletedBlockLogImpl (DeletedBlockLogImpl.java:isTransactionFailed(278)) - Got block deletion ACK from datanode, TXIDs=12, success=true
2021-08-14 14:05:27,022 [EventQueue-DeleteBlockStatusForDeletedBlockLogImpl] DEBUG block.DeletedBlockLogImpl (DeletedBlockLogImpl.java:commitTransactions(256)) - Datanode txId=12 containerId=#12 committed by dnId=e5d3e9d3-1367-47eb-ad7f-372895a70f55
2021-08-14 14:05:27,022 [EventQueue-DeleteBlockStatusForDeletedBlockLogImpl] DEBUG block.DeletedBlockLogImpl (DeletedBlockLogImpl.java:isTransactionFailed(278)) - Got block deletion ACK from datanode, TXIDs=13, success=true
2021-08-14 14:05:27,022 [EventQueue-DeleteBlockStatusForDeletedBlockLogImpl] DEBUG block.DeletedBlockLogImpl (DeletedBlockLogImpl.java:commitTransactions(256)) - Datanode txId=13 containerId=#13 committed by dnId=e5d3e9d3-1367-47eb-ad7f-372895a70f55
2021-08-14 14:05:27,022 [EventQueue-DeleteBlockStatusForDeletedBlockLogImpl] DEBUG block.DeletedBlockLogImpl (DeletedBlockLogImpl.java:isTransactionFailed(278)) - Got block deletion ACK from datanode, TXIDs=14, success=true
2021-08-14 14:05:27,022 [EventQueue-DeleteBlockStatusForDeletedBlockLogImpl] DEBUG block.DeletedBlockLogImpl (DeletedBlockLogImpl.java:commitTransactions(256)) - Datanode txId=14 containerId=#14 committed by dnId=e5d3e9d3-1367-47eb-ad7f-372895a70f55
2021-08-14 14:05:27,022 [EventQueue-DeleteBlockStatusForDeletedBlockLogImpl] DEBUG block.DeletedBlockLogImpl (DeletedBlockLogImpl.java:isTransactionFailed(278)) - Got block deletion ACK from datanode, TXIDs=15, success=true
2021-08-14 14:05:27,022 [EventQueue-DeleteBlockStatusForDeletedBlockLogImpl] DEBUG block.DeletedBlockLogImpl (DeletedBlockLogImpl.java:commitTransactions(256)) - Datanode txId=15 containerId=#15 committed by dnId=e5d3e9d3-1367-47eb-ad7f-372895a70f55
2021-08-14 14:05:27,022 [EventQueue-DeleteBlockStatusForDeletedBlockLogImpl] DEBUG block.DeletedBlockLogImpl (DeletedBlockLogImpl.java:isTransactionFailed(278)) - Got block deletion ACK from datanode, TXIDs=16, success=true
2021-08-14 14:05:27,022 [EventQueue-DeleteBlockStatusForDeletedBlockLogImpl] DEBUG block.DeletedBlockLogImpl (DeletedBlockLogImpl.java:commitTransactions(256)) - Datanode txId=16 containerId=#16 committed by dnId=e5d3e9d3-1367-47eb-ad7f-372895a70f55
2021-08-14 14:05:27,022 [EventQueue-DeleteBlockStatusForDeletedBlockLogImpl] DEBUG block.DeletedBlockLogImpl (DeletedBlockLogImpl.java:isTransactionFailed(278)) - Got block deletion ACK from datanode, TXIDs=17, success=true
2021-08-14 14:05:27,022 [EventQueue-DeleteBlockStatusForDeletedBlockLogImpl] DEBUG block.DeletedBlockLogImpl (DeletedBlockLogImpl.java:commitTransactions(256)) - Datanode txId=17 containerId=#17 committed by dnId=e5d3e9d3-1367-47eb-ad7f-372895a70f55
2021-08-14 14:05:27,022 [EventQueue-DeleteBlockStatusForDeletedBlockLogImpl] DEBUG block.DeletedBlockLogImpl (DeletedBlockLogImpl.java:isTransactionFailed(278)) - Got block deletion ACK from datanode, TXIDs=18, success=true
2021-08-14 14:05:27,022 [EventQueue-DeleteBlockStatusForDeletedBlockLogImpl] DEBUG block.DeletedBlockLogImpl (DeletedBlockLogImpl.java:commitTransactions(256)) - Datanode txId=18 containerId=#18 committed by dnId=e5d3e9d3-1367-47eb-ad7f-372895a70f55
2021-08-14 14:05:27,022 [EventQueue-DeleteBlockStatusForDeletedBlockLogImpl] DEBUG block.DeletedBlockLogImpl (DeletedBlockLogImpl.java:isTransactionFailed(278)) - Got block deletion ACK from datanode, TXIDs=19, success=true
2021-08-14 14:05:27,022 [EventQueue-DeleteBlockStatusForDeletedBlockLogImpl] DEBUG block.DeletedBlockLogImpl (DeletedBlockLogImpl.java:commitTransactions(256)) - Datanode txId=19 containerId=#19 committed by dnId=e5d3e9d3-1367-47eb-ad7f-372895a70f55
2021-08-14 14:05:27,022 [EventQueue-DeleteBlockStatusForDeletedBlockLogImpl] DEBUG block.DeletedBlockLogImpl (DeletedBlockLogImpl.java:isTransactionFailed(278)) - Got block deletion ACK from datanode, TXIDs=1, success=true
2021-08-14 14:05:27,022 [EventQueue-DeleteBlockStatusForDeletedBlockLogImpl] DEBUG block.DeletedBlockLogImpl (DeletedBlockLogImpl.java:commitTransactions(256)) - Datanode txId=1 containerId=#1 committed by dnId=e5d3e9d3-1367-47eb-ad7f-372895a70f55
2021-08-14 14:05:27,022 [EventQueue-DeleteBlockStatusForDeletedBlockLogImpl] DEBUG block.DeletedBlockLogImpl (DeletedBlockLogImpl.java:isTransactionFailed(278)) - Got block deletion ACK from datanode, TXIDs=2, success=true
2021-08-14 14:05:27,022 [EventQueue-DeleteBlockStatusForDeletedBlockLogImpl] DEBUG block.DeletedBlockLogImpl (DeletedBlockLogImpl.java:commitTransactions(256)) - Datanode txId=2 containerId=#2 committed by dnId=e5d3e9d3-1367-47eb-ad7f-372895a70f55
2021-08-14 14:05:27,023 [EventQueue-DeleteBlockStatusForDeletedBlockLogImpl] DEBUG block.DeletedBlockLogImpl (DeletedBlockLogImpl.java:isTransactionFailed(278)) - Got block deletion ACK from datanode, TXIDs=3, success=true
2021-08-14 14:05:27,023 [EventQueue-DeleteBlockStatusForDeletedBlockLogImpl] DEBUG block.DeletedBlockLogImpl (DeletedBlockLogImpl.java:commitTransactions(256)) - Datanode txId=3 containerId=#3 committed by dnId=e5d3e9d3-1367-47eb-ad7f-372895a70f55
2021-08-14 14:05:27,023 [EventQueue-DeleteBlockStatusForDeletedBlockLogImpl] DEBUG block.DeletedBlockLogImpl (DeletedBlockLogImpl.java:isTransactionFailed(278)) - Got block deletion ACK from datanode, TXIDs=4, success=true
2021-08-14 14:05:27,023 [EventQueue-DeleteBlockStatusForDeletedBlockLogImpl] DEBUG block.DeletedBlockLogImpl (DeletedBlockLogImpl.java:commitTransactions(256)) - Datanode txId=4 containerId=#4 committed by dnId=e5d3e9d3-1367-47eb-ad7f-372895a70f55
2021-08-14 14:05:27,023 [EventQueue-DeleteBlockStatusForDeletedBlockLogImpl] DEBUG block.DeletedBlockLogImpl (DeletedBlockLogImpl.java:isTransactionFailed(278)) - Got block deletion ACK from datanode, TXIDs=5, success=true
2021-08-14 14:05:27,023 [EventQueue-DeleteBlockStatusForDeletedBlockLogImpl] DEBUG block.DeletedBlockLogImpl (DeletedBlockLogImpl.java:commitTransactions(256)) - Datanode txId=5 containerId=#5 committed by dnId=e5d3e9d3-1367-47eb-ad7f-372895a70f55
2021-08-14 14:05:27,023 [EventQueue-DeleteBlockStatusForDeletedBlockLogImpl] DEBUG block.DeletedBlockLogImpl (DeletedBlockLogImpl.java:isTransactionFailed(278)) - Got block deletion ACK from datanode, TXIDs=6, success=true
2021-08-14 14:05:27,023 [EventQueue-DeleteBlockStatusForDeletedBlockLogImpl] DEBUG block.DeletedBlockLogImpl (DeletedBlockLogImpl.java:commitTransactions(256)) - Datanode txId=6 containerId=#6 committed by dnId=e5d3e9d3-1367-47eb-ad7f-372895a70f55
2021-08-14 14:05:27,023 [EventQueue-DeleteBlockStatusForDeletedBlockLogImpl] DEBUG block.DeletedBlockLogImpl (DeletedBlockLogImpl.java:isTransactionFailed(278)) - Got block deletion ACK from datanode, TXIDs=7, success=true
2021-08-14 14:05:27,023 [EventQueue-DeleteBlockStatusForDeletedBlockLogImpl] DEBUG block.DeletedBlockLogImpl (DeletedBlockLogImpl.java:commitTransactions(256)) - Datanode txId=7 containerId=#7 committed by dnId=e5d3e9d3-1367-47eb-ad7f-372895a70f55
2021-08-14 14:05:27,023 [EventQueue-DeleteBlockStatusForDeletedBlockLogImpl] DEBUG block.DeletedBlockLogImpl (DeletedBlockLogImpl.java:isTransactionFailed(278)) - Got block deletion ACK from datanode, TXIDs=8, success=true
2021-08-14 14:05:27,023 [EventQueue-DeleteBlockStatusForDeletedBlockLogImpl] DEBUG block.DeletedBlockLogImpl (DeletedBlockLogImpl.java:commitTransactions(256)) - Datanode txId=8 containerId=#8 committed by dnId=e5d3e9d3-1367-47eb-ad7f-372895a70f55
2021-08-14 14:05:27,023 [EventQueue-DeleteBlockStatusForDeletedBlockLogImpl] DEBUG block.DeletedBlockLogImpl (DeletedBlockLogImpl.java:isTransactionFailed(278)) - Got block deletion ACK from datanode, TXIDs=9, success=true
2021-08-14 14:05:27,023 [EventQueue-DeleteBlockStatusForDeletedBlockLogImpl] DEBUG block.DeletedBlockLogImpl (DeletedBlockLogImpl.java:commitTransactions(256)) - Datanode txId=9 containerId=#9 committed by dnId=e5d3e9d3-1367-47eb-ad7f-372895a70f55
2021-08-14 14:05:27,023 [EventQueue-DeleteBlockStatusForDeletedBlockLogImpl] DEBUG block.DeletedBlockLogImpl (DeletedBlockLogImpl.java:isTransactionFailed(278)) - Got block deletion ACK from datanode, TXIDs=10, success=true
2021-08-14 14:05:27,023 [EventQueue-DeleteBlockStatusForDeletedBlockLogImpl] DEBUG block.DeletedBlockLogImpl (DeletedBlockLogImpl.java:commitTransactions(256)) - Datanode txId=10 containerId=#10 committed by dnId=e5d3e9d3-1367-47eb-ad7f-372895a70f55
2021-08-14 14:05:27,023 [EventQueue-DeleteBlockStatusForDeletedBlockLogImpl] DEBUG block.DeletedBlockLogImpl (DeletedBlockLogImpl.java:isTransactionFailed(278)) - Got block deletion ACK from datanode, TXIDs=11, success=true
2021-08-14 14:05:27,023 [EventQueue-DeleteBlockStatusForDeletedBlockLogImpl] DEBUG block.DeletedBlockLogImpl (DeletedBlockLogImpl.java:commitTransactions(256)) - Datanode txId=11 containerId=#11 committed by dnId=e5d3e9d3-1367-47eb-ad7f-372895a70f55
2021-08-14 14:05:27,023 [EventQueue-DeleteBlockStatusForDeletedBlockLogImpl] DEBUG block.DeletedBlockLogImpl (DeletedBlockLogImpl.java:isTransactionFailed(278)) - Got block deletion ACK from datanode, TXIDs=12, success=true
2021-08-14 14:05:27,023 [EventQueue-DeleteBlockStatusForDeletedBlockLogImpl] DEBUG block.DeletedBlockLogImpl (DeletedBlockLogImpl.java:commitTransactions(256)) - Datanode txId=12 containerId=#12 committed by dnId=e5d3e9d3-1367-47eb-ad7f-372895a70f55
2021-08-14 14:05:27,023 [EventQueue-DeleteBlockStatusForDeletedBlockLogImpl] DEBUG block.DeletedBlockLogImpl (DeletedBlockLogImpl.java:isTransactionFailed(278)) - Got block deletion ACK from datanode, TXIDs=13, success=true
2021-08-14 14:05:27,023 [EventQueue-DeleteBlockStatusForDeletedBlockLogImpl] DEBUG block.DeletedBlockLogImpl (DeletedBlockLogImpl.java:commitTransactions(256)) - Datanode txId=13 containerId=#13 committed by dnId=e5d3e9d3-1367-47eb-ad7f-372895a70f55
2021-08-14 14:05:27,023 [EventQueue-DeleteBlockStatusForDeletedBlockLogImpl] DEBUG block.DeletedBlockLogImpl (DeletedBlockLogImpl.java:isTransactionFailed(278)) - Got block deletion ACK from datanode, TXIDs=14, success=true
2021-08-14 14:05:27,023 [EventQueue-DeleteBlockStatusForDeletedBlockLogImpl] DEBUG block.DeletedBlockLogImpl (DeletedBlockLogImpl.java:commitTransactions(256)) - Datanode txId=14 containerId=#14 committed by dnId=e5d3e9d3-1367-47eb-ad7f-372895a70f55
2021-08-14 14:05:27,023 [EventQueue-DeleteBlockStatusForDeletedBlockLogImpl] DEBUG block.DeletedBlockLogImpl (DeletedBlockLogImpl.java:isTransactionFailed(278)) - Got block deletion ACK from datanode, TXIDs=15, success=true
2021-08-14 14:05:27,023 [EventQueue-DeleteBlockStatusForDeletedBlockLogImpl] DEBUG block.DeletedBlockLogImpl (DeletedBlockLogImpl.java:commitTransactions(256)) - Datanode txId=15 containerId=#15 committed by dnId=e5d3e9d3-1367-47eb-ad7f-372895a70f55
2021-08-14 14:05:27,023 [EventQueue-DeleteBlockStatusForDeletedBlockLogImpl] DEBUG block.DeletedBlockLogImpl (DeletedBlockLogImpl.java:isTransactionFailed(278)) - Got block deletion ACK from datanode, TXIDs=16, success=true
2021-08-14 14:05:27,023 [EventQueue-DeleteBlockStatusForDeletedBlockLogImpl] DEBUG block.DeletedBlockLogImpl (DeletedBlockLogImpl.java:commitTransactions(256)) - Datanode txId=16 containerId=#16 committed by dnId=e5d3e9d3-1367-47eb-ad7f-372895a70f55
2021-08-14 14:05:27,023 [EventQueue-DeleteBlockStatusForDeletedBlockLogImpl] DEBUG block.DeletedBlockLogImpl (DeletedBlockLogImpl.java:isTransactionFailed(278)) - Got block deletion ACK from datanode, TXIDs=17, success=true
2021-08-14 14:05:27,030 [EventQueue-DeleteBlockStatusForDeletedBlockLogImpl] DEBUG block.DeletedBlockLogImpl (DeletedBlockLogImpl.java:commitTransactions(256)) - Datanode txId=17 containerId=#17 committed by dnId=e5d3e9d3-1367-47eb-ad7f-372895a70f55
2021-08-14 14:05:27,030 [EventQueue-DeleteBlockStatusForDeletedBlockLogImpl] DEBUG block.DeletedBlockLogImpl (DeletedBlockLogImpl.java:isTransactionFailed(278)) - Got block deletion ACK from datanode, TXIDs=18, success=true
2021-08-14 14:05:27,030 [EventQueue-DeleteBlockStatusForDeletedBlockLogImpl] DEBUG block.DeletedBlockLogImpl (DeletedBlockLogImpl.java:commitTransactions(256)) - Datanode txId=18 containerId=#18 committed by dnId=e5d3e9d3-1367-47eb-ad7f-372895a70f55
2021-08-14 14:05:27,030 [EventQueue-DeleteBlockStatusForDeletedBlockLogImpl] DEBUG block.DeletedBlockLogImpl (DeletedBlockLogImpl.java:isTransactionFailed(278)) - Got block deletion ACK from datanode, TXIDs=19, success=true
2021-08-14 14:05:27,030 [EventQueue-DeleteBlockStatusForDeletedBlockLogImpl] DEBUG block.DeletedBlockLogImpl (DeletedBlockLogImpl.java:commitTransactions(256)) - Datanode txId=19 containerId=#19 committed by dnId=e5d3e9d3-1367-47eb-ad7f-372895a70f55
2021-08-14 14:05:27,030 [EventQueue-DeleteBlockStatusForDeletedBlockLogImpl] DEBUG block.DeletedBlockLogImpl (DeletedBlockLogImpl.java:isTransactionFailed(278)) - Got block deletion ACK from datanode, TXIDs=20, success=true
2021-08-14 14:05:27,030 [EventQueue-DeleteBlockStatusForDeletedBlockLogImpl] DEBUG block.DeletedBlockLogImpl (DeletedBlockLogImpl.java:commitTransactions(256)) - Datanode txId=20 containerId=#20 committed by dnId=e5d3e9d3-1367-47eb-ad7f-372895a70f55
2021-08-14 14:05:27,030 [EventQueue-DeleteBlockStatusForDeletedBlockLogImpl] DEBUG block.DeletedBlockLogImpl (DeletedBlockLogImpl.java:isTransactionFailed(278)) - Got block deletion ACK from datanode, TXIDs=21, success=true
2021-08-14 14:05:27,030 [EventQueue-DeleteBlockStatusForDeletedBlockLogImpl] DEBUG block.DeletedBlockLogImpl (DeletedBlockLogImpl.java:commitTransactions(256)) - Datanode txId=21 containerId=#21 committed by dnId=e5d3e9d3-1367-47eb-ad7f-372895a70f55
2021-08-14 14:05:27,030 [EventQueue-DeleteBlockStatusForDeletedBlockLogImpl] DEBUG block.DeletedBlockLogImpl (DeletedBlockLogImpl.java:isTransactionFailed(278)) - Got block deletion ACK from datanode, TXIDs=22, success=true
2021-08-14 14:05:27,031 [EventQueue-DeleteBlockStatusForDeletedBlockLogImpl] DEBUG block.DeletedBlockLogImpl (DeletedBlockLogImpl.java:commitTransactions(256)) - Datanode txId=22 containerId=#22 committed by dnId=e5d3e9d3-1367-47eb-ad7f-372895a70f55
2021-08-14 14:05:27,031 [EventQueue-DeleteBlockStatusForDeletedBlockLogImpl] DEBUG block.DeletedBlockLogImpl (DeletedBlockLogImpl.java:isTransactionFailed(278)) - Got block deletion ACK from datanode, TXIDs=23, success=true
2021-08-14 14:05:27,031 [EventQueue-DeleteBlockStatusForDeletedBlockLogImpl] DEBUG block.DeletedBlockLogImpl (DeletedBlockLogImpl.java:commitTransactions(256)) - Datanode txId=23 containerId=#23 committed by dnId=e5d3e9d3-1367-47eb-ad7f-372895a70f55
2021-08-14 14:05:27,031 [EventQueue-DeleteBlockStatusForDeletedBlockLogImpl] DEBUG block.DeletedBlockLogImpl (DeletedBlockLogImpl.java:isTransactionFailed(278)) - Got block deletion ACK from datanode, TXIDs=24, success=true
2021-08-14 14:05:27,031 [EventQueue-DeleteBlockStatusForDeletedBlockLogImpl] DEBUG block.DeletedBlockLogImpl (DeletedBlockLogImpl.java:commitTransactions(256)) - Datanode txId=24 containerId=#24 committed by dnId=e5d3e9d3-1367-47eb-ad7f-372895a70f55
2021-08-14 14:05:27,031 [EventQueue-DeleteBlockStatusForDeletedBlockLogImpl] DEBUG block.DeletedBlockLogImpl (DeletedBlockLogImpl.java:isTransactionFailed(278)) - Got block deletion ACK from datanode, TXIDs=25, success=true
2021-08-14 14:05:27,031 [EventQueue-DeleteBlockStatusForDeletedBlockLogImpl] DEBUG block.DeletedBlockLogImpl (DeletedBlockLogImpl.java:commitTransactions(256)) - Datanode txId=25 containerId=#25 committed by dnId=e5d3e9d3-1367-47eb-ad7f-372895a70f55
2021-08-14 14:05:27,031 [EventQueue-DeleteBlockStatusForDeletedBlockLogImpl] DEBUG block.DeletedBlockLogImpl (DeletedBlockLogImpl.java:isTransactionFailed(278)) - Got block deletion ACK from datanode, TXIDs=26, success=true
2021-08-14 14:05:27,031 [EventQueue-DeleteBlockStatusForDeletedBlockLogImpl] DEBUG block.DeletedBlockLogImpl (DeletedBlockLogImpl.java:commitTransactions(256)) - Datanode txId=26 containerId=#26 committed by dnId=e5d3e9d3-1367-47eb-ad7f-372895a70f55
2021-08-14 14:05:27,031 [EventQueue-DeleteBlockStatusForDeletedBlockLogImpl] DEBUG block.DeletedBlockLogImpl (DeletedBlockLogImpl.java:isTransactionFailed(278)) - Got block deletion ACK from datanode, TXIDs=27, success=true
2021-08-14 14:05:27,031 [EventQueue-DeleteBlockStatusForDeletedBlockLogImpl] DEBUG block.DeletedBlockLogImpl (DeletedBlockLogImpl.java:commitTransactions(256)) - Datanode txId=27 containerId=#27 committed by dnId=e5d3e9d3-1367-47eb-ad7f-372895a70f55
2021-08-14 14:05:27,031 [EventQueue-DeleteBlockStatusForDeletedBlockLogImpl] DEBUG block.DeletedBlockLogImpl (DeletedBlockLogImpl.java:isTransactionFailed(278)) - Got block deletion ACK from datanode, TXIDs=28, success=true
2021-08-14 14:05:27,031 [EventQueue-DeleteBlockStatusForDeletedBlockLogImpl] DEBUG block.DeletedBlockLogImpl (DeletedBlockLogImpl.java:commitTransactions(256)) - Datanode txId=28 containerId=#28 committed by dnId=e5d3e9d3-1367-47eb-ad7f-372895a70f55
2021-08-14 14:05:27,031 [EventQueue-DeleteBlockStatusForDeletedBlockLogImpl] DEBUG block.DeletedBlockLogImpl (DeletedBlockLogImpl.java:isTransactionFailed(278)) - Got block deletion ACK from datanode, TXIDs=29, success=true
2021-08-14 14:05:27,031 [EventQueue-DeleteBlockStatusForDeletedBlockLogImpl] DEBUG block.DeletedBlockLogImpl (DeletedBlockLogImpl.java:commitTransactions(256)) - Datanode txId=29 containerId=#29 committed by dnId=e5d3e9d3-1367-47eb-ad7f-372895a70f55
2021-08-14 14:05:27,031 [EventQueue-DeleteBlockStatusForDeletedBlockLogImpl] DEBUG block.DeletedBlockLogImpl (DeletedBlockLogImpl.java:isTransactionFailed(278)) - Got block deletion ACK from datanode, TXIDs=30, success=true
2021-08-14 14:05:27,031 [EventQueue-DeleteBlockStatusForDeletedBlockLogImpl] DEBUG block.DeletedBlockLogImpl (DeletedBlockLogImpl.java:commitTransactions(256)) - Datanode txId=30 containerId=#30 committed by dnId=e5d3e9d3-1367-47eb-ad7f-372895a70f55
2021-08-14 14:05:27,031 [EventQueue-DeleteBlockStatusForDeletedBlockLogImpl] DEBUG block.DeletedBlockLogImpl (DeletedBlockLogImpl.java:isTransactionFailed(278)) - Got block deletion ACK from datanode, TXIDs=31, success=true
2021-08-14 14:05:27,031 [EventQueue-DeleteBlockStatusForDeletedBlockLogImpl] DEBUG block.DeletedBlockLogImpl (DeletedBlockLogImpl.java:commitTransactions(256)) - Datanode txId=31 containerId=#31 committed by dnId=e5d3e9d3-1367-47eb-ad7f-372895a70f55
2021-08-14 14:05:27,031 [EventQueue-DeleteBlockStatusForDeletedBlockLogImpl] DEBUG block.DeletedBlockLogImpl (DeletedBlockLogImpl.java:isTransactionFailed(278)) - Got block deletion ACK from datanode, TXIDs=32, success=true
2021-08-14 14:05:27,031 [EventQueue-DeleteBlockStatusForDeletedBlockLogImpl] DEBUG block.DeletedBlockLogImpl (DeletedBlockLogImpl.java:commitTransactions(256)) - Datanode txId=32 containerId=#32 committed by dnId=e5d3e9d3-1367-47eb-ad7f-372895a70f55
2021-08-14 14:05:27,031 [EventQueue-DeleteBlockStatusForDeletedBlockLogImpl] DEBUG block.DeletedBlockLogImpl (DeletedBlockLogImpl.java:isTransactionFailed(278)) - Got block deletion ACK from datanode, TXIDs=33, success=true
2021-08-14 14:05:27,031 [EventQueue-DeleteBlockStatusForDeletedBlockLogImpl] DEBUG block.DeletedBlockLogImpl (DeletedBlockLogImpl.java:commitTransactions(256)) - Datanode txId=33 containerId=#33 committed by dnId=e5d3e9d3-1367-47eb-ad7f-372895a70f55
2021-08-14 14:05:27,031 [EventQueue-DeleteBlockStatusForDeletedBlockLogImpl] DEBUG block.DeletedBlockLogImpl (DeletedBlockLogImpl.java:isTransactionFailed(278)) - Got block deletion ACK from datanode, TXIDs=34, success=true
2021-08-14 14:05:27,032 [EventQueue-DeleteBlockStatusForDeletedBlockLogImpl] DEBUG block.DeletedBlockLogImpl (DeletedBlockLogImpl.java:commitTransactions(256)) - Datanode txId=34 containerId=#34 committed by dnId=e5d3e9d3-1367-47eb-ad7f-372895a70f55
2021-08-14 14:05:27,032 [EventQueue-DeleteBlockStatusForDeletedBlockLogImpl] DEBUG block.DeletedBlockLogImpl (DeletedBlockLogImpl.java:isTransactionFailed(278)) - Got block deletion ACK from datanode, TXIDs=35, success=true
2021-08-14 14:05:27,032 [EventQueue-DeleteBlockStatusForDeletedBlockLogImpl] DEBUG block.DeletedBlockLogImpl (DeletedBlockLogImpl.java:commitTransactions(256)) - Datanode txId=35 containerId=#35 committed by dnId=e5d3e9d3-1367-47eb-ad7f-372895a70f55
2021-08-14 14:05:27,032 [EventQueue-DeleteBlockStatusForDeletedBlockLogImpl] DEBUG block.DeletedBlockLogImpl (DeletedBlockLogImpl.java:isTransactionFailed(278)) - Got block deletion ACK from datanode, TXIDs=36, success=true
2021-08-14 14:05:27,032 [EventQueue-DeleteBlockStatusForDeletedBlockLogImpl] DEBUG block.DeletedBlockLogImpl (DeletedBlockLogImpl.java:commitTransactions(256)) - Datanode txId=36 containerId=#36 committed by dnId=e5d3e9d3-1367-47eb-ad7f-372895a70f55
2021-08-14 14:05:27,032 [EventQueue-DeleteBlockStatusForDeletedBlockLogImpl] DEBUG block.DeletedBlockLogImpl (DeletedBlockLogImpl.java:isTransactionFailed(278)) - Got block deletion ACK from datanode, TXIDs=37, success=true
2021-08-14 14:05:27,032 [EventQueue-DeleteBlockStatusForDeletedBlockLogImpl] DEBUG block.DeletedBlockLogImpl (DeletedBlockLogImpl.java:commitTransactions(256)) - Datanode txId=37 containerId=#37 committed by dnId=e5d3e9d3-1367-47eb-ad7f-372895a70f55
2021-08-14 14:05:27,032 [EventQueue-DeleteBlockStatusForDeletedBlockLogImpl] DEBUG block.DeletedBlockLogImpl (DeletedBlockLogImpl.java:isTransactionFailed(278)) - Got block deletion ACK from datanode, TXIDs=38, success=true
2021-08-14 14:05:27,032 [EventQueue-DeleteBlockStatusForDeletedBlockLogImpl] DEBUG block.DeletedBlockLogImpl (DeletedBlockLogImpl.java:commitTransactions(256)) - Datanode txId=38 containerId=#38 committed by dnId=e5d3e9d3-1367-47eb-ad7f-372895a70f55
2021-08-14 14:05:27,032 [EventQueue-DeleteBlockStatusForDeletedBlockLogImpl] DEBUG block.DeletedBlockLogImpl (DeletedBlockLogImpl.java:isTransactionFailed(278)) - Got block deletion ACK from datanode, TXIDs=39, success=true
2021-08-14 14:05:27,032 [EventQueue-DeleteBlockStatusForDeletedBlockLogImpl] DEBUG block.DeletedBlockLogImpl (DeletedBlockLogImpl.java:commitTransactions(256)) - Datanode txId=39 containerId=#39 committed by dnId=e5d3e9d3-1367-47eb-ad7f-372895a70f55
2021-08-14 14:05:27,032 [EventQueue-DeleteBlockStatusForDeletedBlockLogImpl] DEBUG block.DeletedBlockLogImpl (DeletedBlockLogImpl.java:isTransactionFailed(278)) - Got block deletion ACK from datanode, TXIDs=40, success=true
2021-08-14 14:05:27,032 [EventQueue-DeleteBlockStatusForDeletedBlockLogImpl] DEBUG block.DeletedBlockLogImpl (DeletedBlockLogImpl.java:commitTransactions(256)) - Datanode txId=40 containerId=#40 committed by dnId=e5d3e9d3-1367-47eb-ad7f-372895a70f55
2021-08-14 14:05:27,032 [EventQueue-DeleteBlockStatusForDeletedBlockLogImpl] DEBUG block.DeletedBlockLogImpl (DeletedBlockLogImpl.java:isTransactionFailed(278)) - Got block deletion ACK from datanode, TXIDs=41, success=true
2021-08-14 14:05:27,032 [EventQueue-DeleteBlockStatusForDeletedBlockLogImpl] DEBUG block.DeletedBlockLogImpl (DeletedBlockLogImpl.java:commitTransactions(256)) - Datanode txId=41 containerId=#41 committed by dnId=e5d3e9d3-1367-47eb-ad7f-372895a70f55
2021-08-14 14:05:27,032 [EventQueue-DeleteBlockStatusForDeletedBlockLogImpl] DEBUG block.DeletedBlockLogImpl (DeletedBlockLogImpl.java:isTransactionFailed(278)) - Got block deletion ACK from datanode, TXIDs=42, success=true
2021-08-14 14:05:27,032 [EventQueue-DeleteBlockStatusForDeletedBlockLogImpl] DEBUG block.DeletedBlockLogImpl (DeletedBlockLogImpl.java:commitTransactions(256)) - Datanode txId=42 containerId=#42 committed by dnId=e5d3e9d3-1367-47eb-ad7f-372895a70f55
2021-08-14 14:05:27,032 [EventQueue-DeleteBlockStatusForDeletedBlockLogImpl] DEBUG block.DeletedBlockLogImpl (DeletedBlockLogImpl.java:isTransactionFailed(278)) - Got block deletion ACK from datanode, TXIDs=43, success=true
2021-08-14 14:05:27,032 [EventQueue-DeleteBlockStatusForDeletedBlockLogImpl] DEBUG block.DeletedBlockLogImpl (DeletedBlockLogImpl.java:commitTransactions(256)) - Datanode txId=43 containerId=#43 committed by dnId=e5d3e9d3-1367-47eb-ad7f-372895a70f55
2021-08-14 14:05:27,032 [EventQueue-DeleteBlockStatusForDeletedBlockLogImpl] DEBUG block.DeletedBlockLogImpl (DeletedBlockLogImpl.java:isTransactionFailed(278)) - Got block deletion ACK from datanode, TXIDs=44, success=true
2021-08-14 14:05:27,032 [EventQueue-DeleteBlockStatusForDeletedBlockLogImpl] DEBUG block.DeletedBlockLogImpl (DeletedBlockLogImpl.java:commitTransactions(256)) - Datanode txId=44 containerId=#44 committed by dnId=e5d3e9d3-1367-47eb-ad7f-372895a70f55
2021-08-14 14:05:27,032 [EventQueue-DeleteBlockStatusForDeletedBlockLogImpl] DEBUG block.DeletedBlockLogImpl (DeletedBlockLogImpl.java:isTransactionFailed(278)) - Got block deletion ACK from datanode, TXIDs=45, success=true
2021-08-14 14:05:27,033 [EventQueue-DeleteBlockStatusForDeletedBlockLogImpl] DEBUG block.DeletedBlockLogImpl (DeletedBlockLogImpl.java:commitTransactions(256)) - Datanode txId=45 containerId=#45 committed by dnId=e5d3e9d3-1367-47eb-ad7f-372895a70f55
2021-08-14 14:05:27,033 [EventQueue-DeleteBlockStatusForDeletedBlockLogImpl] DEBUG block.DeletedBlockLogImpl (DeletedBlockLogImpl.java:isTransactionFailed(278)) - Got block deletion ACK from datanode, TXIDs=46, success=true
2021-08-14 14:05:27,033 [EventQueue-DeleteBlockStatusForDeletedBlockLogImpl] DEBUG block.DeletedBlockLogImpl (DeletedBlockLogImpl.java:commitTransactions(256)) - Datanode txId=46 containerId=#46 committed by dnId=e5d3e9d3-1367-47eb-ad7f-372895a70f55
2021-08-14 14:05:27,033 [EventQueue-DeleteBlockStatusForDeletedBlockLogImpl] DEBUG block.DeletedBlockLogImpl (DeletedBlockLogImpl.java:isTransactionFailed(278)) - Got block deletion ACK from datanode, TXIDs=47, success=true
2021-08-14 14:05:27,033 [EventQueue-DeleteBlockStatusForDeletedBlockLogImpl] DEBUG block.DeletedBlockLogImpl (DeletedBlockLogImpl.java:commitTransactions(256)) - Datanode txId=47 containerId=#47 committed by dnId=e5d3e9d3-1367-47eb-ad7f-372895a70f55
2021-08-14 14:05:27,033 [EventQueue-DeleteBlockStatusForDeletedBlockLogImpl] DEBUG block.DeletedBlockLogImpl (DeletedBlockLogImpl.java:isTransactionFailed(278)) - Got block deletion ACK from datanode, TXIDs=48, success=true
2021-08-14 14:05:27,033 [EventQueue-DeleteBlockStatusForDeletedBlockLogImpl] DEBUG block.DeletedBlockLogImpl (DeletedBlockLogImpl.java:commitTransactions(256)) - Datanode txId=48 containerId=#48 committed by dnId=e5d3e9d3-1367-47eb-ad7f-372895a70f55
2021-08-14 14:05:27,033 [EventQueue-DeleteBlockStatusForDeletedBlockLogImpl] DEBUG block.DeletedBlockLogImpl (DeletedBlockLogImpl.java:isTransactionFailed(278)) - Got block deletion ACK from datanode, TXIDs=49, success=true
2021-08-14 14:05:27,033 [EventQueue-DeleteBlockStatusForDeletedBlockLogImpl] DEBUG block.DeletedBlockLogImpl (DeletedBlockLogImpl.java:commitTransactions(256)) - Datanode txId=49 containerId=#49 committed by dnId=e5d3e9d3-1367-47eb-ad7f-372895a70f55
2021-08-14 14:05:27,033 [EventQueue-DeleteBlockStatusForDeletedBlockLogImpl] DEBUG block.DeletedBlockLogImpl (DeletedBlockLogImpl.java:isTransactionFailed(278)) - Got block deletion ACK from datanode, TXIDs=50, success=true
2021-08-14 14:05:27,048 [EventQueue-DeleteBlockStatusForDeletedBlockLogImpl] DEBUG block.DeletedBlockLogImpl (DeletedBlockLogImpl.java:commitTransactions(256)) - Datanode txId=50 containerId=#50 committed by dnId=e5d3e9d3-1367-47eb-ad7f-372895a70f55
2021-08-14 14:05:27,048 [EventQueue-DeleteBlockStatusForDeletedBlockLogImpl] DEBUG block.DeletedBlockLogImpl (DeletedBlockLogImpl.java:isTransactionFailed(278)) - Got block deletion ACK from datanode, TXIDs=51, success=true
2021-08-14 14:05:27,048 [EventQueue-DeleteBlockStatusForDeletedBlockLogImpl] DEBUG block.DeletedBlockLogImpl (DeletedBlockLogImpl.java:commitTransactions(256)) - Datanode txId=51 containerId=#51 committed by dnId=e5d3e9d3-1367-47eb-ad7f-372895a70f55
2021-08-14 14:05:27,048 [EventQueue-DeleteBlockStatusForDeletedBlockLogImpl] DEBUG block.DeletedBlockLogImpl (DeletedBlockLogImpl.java:isTransactionFailed(278)) - Got block deletion ACK from datanode, TXIDs=52, success=true
2021-08-14 14:05:27,048 [EventQueue-DeleteBlockStatusForDeletedBlockLogImpl] DEBUG block.DeletedBlockLogImpl (DeletedBlockLogImpl.java:commitTransactions(256)) - Datanode txId=52 containerId=#52 committed by dnId=e5d3e9d3-1367-47eb-ad7f-372895a70f55
2021-08-14 14:05:27,048 [EventQueue-DeleteBlockStatusForDeletedBlockLogImpl] DEBUG block.DeletedBlockLogImpl (DeletedBlockLogImpl.java:isTransactionFailed(278)) - Got block deletion ACK from datanode, TXIDs=53, success=true
2021-08-14 14:05:27,048 [EventQueue-DeleteBlockStatusForDeletedBlockLogImpl] DEBUG block.DeletedBlockLogImpl (DeletedBlockLogImpl.java:commitTransactions(256)) - Datanode txId=53 containerId=#53 committed by dnId=e5d3e9d3-1367-47eb-ad7f-372895a70f55
2021-08-14 14:05:27,048 [EventQueue-DeleteBlockStatusForDeletedBlockLogImpl] DEBUG block.DeletedBlockLogImpl (DeletedBlockLogImpl.java:isTransactionFailed(278)) - Got block deletion ACK from datanode, TXIDs=54, success=true
2021-08-14 14:05:27,048 [EventQueue-DeleteBlockStatusForDeletedBlockLogImpl] DEBUG block.DeletedBlockLogImpl (DeletedBlockLogImpl.java:commitTransactions(256)) - Datanode txId=54 containerId=#54 committed by dnId=e5d3e9d3-1367-47eb-ad7f-372895a70f55
2021-08-14 14:05:27,048 [EventQueue-DeleteBlockStatusForDeletedBlockLogImpl] DEBUG block.DeletedBlockLogImpl (DeletedBlockLogImpl.java:isTransactionFailed(278)) - Got block deletion ACK from datanode, TXIDs=55, success=true
2021-08-14 14:05:27,048 [EventQueue-DeleteBlockStatusForDeletedBlockLogImpl] DEBUG block.DeletedBlockLogImpl (DeletedBlockLogImpl.java:commitTransactions(256)) - Datanode txId=55 containerId=#55 committed by dnId=e5d3e9d3-1367-47eb-ad7f-372895a70f55
2021-08-14 14:05:27,048 [EventQueue-DeleteBlockStatusForDeletedBlockLogImpl] DEBUG block.DeletedBlockLogImpl (DeletedBlockLogImpl.java:isTransactionFailed(278)) - Got block deletion ACK from datanode, TXIDs=56, success=true
2021-08-14 14:05:27,048 [EventQueue-DeleteBlockStatusForDeletedBlockLogImpl] DEBUG block.DeletedBlockLogImpl (DeletedBlockLogImpl.java:commitTransactions(256)) - Datanode txId=56 containerId=#56 committed by dnId=e5d3e9d3-1367-47eb-ad7f-372895a70f55
2021-08-14 14:05:27,050 [EventQueue-DeleteBlockStatusForDeletedBlockLogImpl] DEBUG block.DeletedBlockLogImpl (DeletedBlockLogImpl.java:isTransactionFailed(278)) - Got block deletion ACK from datanode, TXIDs=1, success=true
2021-08-14 14:05:27,051 [EventQueue-DeleteBlockStatusForDeletedBlockLogImpl] DEBUG block.DeletedBlockLogImpl (DeletedBlockLogImpl.java:commitTransactions(256)) - Datanode txId=1 containerId=#1 committed by dnId=e5d3e9d3-1367-47eb-ad7f-372895a70f55
2021-08-14 14:05:27,051 [EventQueue-DeleteBlockStatusForDeletedBlockLogImpl] DEBUG block.DeletedBlockLogImpl (DeletedBlockLogImpl.java:isTransactionFailed(278)) - Got block deletion ACK from datanode, TXIDs=2, success=true
2021-08-14 14:05:27,051 [EventQueue-DeleteBlockStatusForDeletedBlockLogImpl] DEBUG block.DeletedBlockLogImpl (DeletedBlockLogImpl.java:commitTransactions(256)) - Datanode txId=2 containerId=#2 committed by dnId=e5d3e9d3-1367-47eb-ad7f-372895a70f55
2021-08-14 14:05:27,051 [EventQueue-DeleteBlockStatusForDeletedBlockLogImpl] DEBUG block.DeletedBlockLogImpl (DeletedBlockLogImpl.java:isTransactionFailed(278)) - Got block deletion ACK from datanode, TXIDs=3, success=true
2021-08-14 14:05:27,051 [EventQueue-DeleteBlockStatusForDeletedBlockLogImpl] DEBUG block.DeletedBlockLogImpl (DeletedBlockLogImpl.java:commitTransactions(256)) - Datanode txId=3 containerId=#3 committed by dnId=e5d3e9d3-1367-47eb-ad7f-372895a70f55
2021-08-14 14:05:27,051 [EventQueue-DeleteBlockStatusForDeletedBlockLogImpl] DEBUG block.DeletedBlockLogImpl (DeletedBlockLogImpl.java:isTransactionFailed(278)) - Got block deletion ACK from datanode, TXIDs=4, success=true
2021-08-14 14:05:27,051 [EventQueue-DeleteBlockStatusForDeletedBlockLogImpl] DEBUG block.DeletedBlockLogImpl (DeletedBlockLogImpl.java:commitTransactions(256)) - Datanode txId=4 containerId=#4 committed by dnId=e5d3e9d3-1367-47eb-ad7f-372895a70f55
2021-08-14 14:05:27,051 [EventQueue-DeleteBlockStatusForDeletedBlockLogImpl] DEBUG block.DeletedBlockLogImpl (DeletedBlockLogImpl.java:isTransactionFailed(278)) - Got block deletion ACK from datanode, TXIDs=5, success=true
2021-08-14 14:05:27,051 [EventQueue-DeleteBlockStatusForDeletedBlockLogImpl] DEBUG block.DeletedBlockLogImpl (DeletedBlockLogImpl.java:commitTransactions(256)) - Datanode txId=5 containerId=#5 committed by dnId=e5d3e9d3-1367-47eb-ad7f-372895a70f55
2021-08-14 14:05:27,051 [EventQueue-DeleteBlockStatusForDeletedBlockLogImpl] DEBUG block.DeletedBlockLogImpl (DeletedBlockLogImpl.java:isTransactionFailed(278)) - Got block deletion ACK from datanode, TXIDs=6, success=true
2021-08-14 14:05:27,051 [EventQueue-DeleteBlockStatusForDeletedBlockLogImpl] DEBUG block.DeletedBlockLogImpl (DeletedBlockLogImpl.java:commitTransactions(256)) - Datanode txId=6 containerId=#6 committed by dnId=e5d3e9d3-1367-47eb-ad7f-372895a70f55
2021-08-14 14:05:27,051 [EventQueue-DeleteBlockStatusForDeletedBlockLogImpl] DEBUG block.DeletedBlockLogImpl (DeletedBlockLogImpl.java:isTransactionFailed(278)) - Got block deletion ACK from datanode, TXIDs=7, success=true
2021-08-14 14:05:27,051 [EventQueue-DeleteBlockStatusForDeletedBlockLogImpl] DEBUG block.DeletedBlockLogImpl (DeletedBlockLogImpl.java:commitTransactions(256)) - Datanode txId=7 containerId=#7 committed by dnId=e5d3e9d3-1367-47eb-ad7f-372895a70f55
2021-08-14 14:05:27,051 [EventQueue-DeleteBlockStatusForDeletedBlockLogImpl] DEBUG block.DeletedBlockLogImpl (DeletedBlockLogImpl.java:isTransactionFailed(278)) - Got block deletion ACK from datanode, TXIDs=8, success=true
2021-08-14 14:05:27,052 [EventQueue-DeleteBlockStatusForDeletedBlockLogImpl] DEBUG block.DeletedBlockLogImpl (DeletedBlockLogImpl.java:commitTransactions(256)) - Datanode txId=8 containerId=#8 committed by dnId=e5d3e9d3-1367-47eb-ad7f-372895a70f55
2021-08-14 14:05:27,052 [EventQueue-DeleteBlockStatusForDeletedBlockLogImpl] DEBUG block.DeletedBlockLogImpl (DeletedBlockLogImpl.java:isTransactionFailed(278)) - Got block deletion ACK from datanode, TXIDs=9, success=true
2021-08-14 14:05:27,052 [EventQueue-DeleteBlockStatusForDeletedBlockLogImpl] DEBUG block.DeletedBlockLogImpl (DeletedBlockLogImpl.java:commitTransactions(256)) - Datanode txId=9 containerId=#9 committed by dnId=e5d3e9d3-1367-47eb-ad7f-372895a70f55
2021-08-14 14:05:27,052 [EventQueue-DeleteBlockStatusForDeletedBlockLogImpl] DEBUG block.DeletedBlockLogImpl (DeletedBlockLogImpl.java:isTransactionFailed(278)) - Got block deletion ACK from datanode, TXIDs=10, success=true
2021-08-14 14:05:27,052 [EventQueue-DeleteBlockStatusForDeletedBlockLogImpl] DEBUG block.DeletedBlockLogImpl (DeletedBlockLogImpl.java:commitTransactions(256)) - Datanode txId=10 containerId=#10 committed by dnId=e5d3e9d3-1367-47eb-ad7f-372895a70f55
2021-08-14 14:05:27,052 [EventQueue-DeleteBlockStatusForDeletedBlockLogImpl] DEBUG block.DeletedBlockLogImpl (DeletedBlockLogImpl.java:isTransactionFailed(278)) - Got block deletion ACK from datanode, TXIDs=11, success=true
2021-08-14 14:05:27,052 [EventQueue-DeleteBlockStatusForDeletedBlockLogImpl] DEBUG block.DeletedBlockLogImpl (DeletedBlockLogImpl.java:commitTransactions(256)) - Datanode txId=11 containerId=#11 committed by dnId=e5d3e9d3-1367-47eb-ad7f-372895a70f55
2021-08-14 14:05:27,052 [EventQueue-DeleteBlockStatusForDeletedBlockLogImpl] DEBUG block.DeletedBlockLogImpl (DeletedBlockLogImpl.java:isTransactionFailed(278)) - Got block deletion ACK from datanode, TXIDs=12, success=true
2021-08-14 14:05:27,052 [EventQueue-DeleteBlockStatusForDeletedBlockLogImpl] DEBUG block.DeletedBlockLogImpl (DeletedBlockLogImpl.java:commitTransactions(256)) - Datanode txId=12 containerId=#12 committed by dnId=e5d3e9d3-1367-47eb-ad7f-372895a70f55
2021-08-14 14:05:27,052 [EventQueue-DeleteBlockStatusForDeletedBlockLogImpl] DEBUG block.DeletedBlockLogImpl (DeletedBlockLogImpl.java:isTransactionFailed(278)) - Got block deletion ACK from datanode, TXIDs=13, success=true
2021-08-14 14:05:27,052 [EventQueue-DeleteBlockStatusForDeletedBlockLogImpl] DEBUG block.DeletedBlockLogImpl (DeletedBlockLogImpl.java:commitTransactions(256)) - Datanode txId=13 containerId=#13 committed by dnId=e5d3e9d3-1367-47eb-ad7f-372895a70f55
2021-08-14 14:05:27,052 [EventQueue-DeleteBlockStatusForDeletedBlockLogImpl] DEBUG block.DeletedBlockLogImpl (DeletedBlockLogImpl.java:isTransactionFailed(278)) - Got block deletion ACK from datanode, TXIDs=14, success=true
2021-08-14 14:05:27,052 [EventQueue-DeleteBlockStatusForDeletedBlockLogImpl] DEBUG block.DeletedBlockLogImpl (DeletedBlockLogImpl.java:commitTransactions(256)) - Datanode txId=14 containerId=#14 committed by dnId=e5d3e9d3-1367-47eb-ad7f-372895a70f55
2021-08-14 14:05:27,052 [EventQueue-DeleteBlockStatusForDeletedBlockLogImpl] DEBUG block.DeletedBlockLogImpl (DeletedBlockLogImpl.java:isTransactionFailed(278)) - Got block deletion ACK from datanode, TXIDs=15, success=true
2021-08-14 14:05:27,057 [EventQueue-DeleteBlockStatusForDeletedBlockLogImpl] DEBUG block.DeletedBlockLogImpl (DeletedBlockLogImpl.java:commitTransactions(256)) - Datanode txId=15 containerId=#15 committed by dnId=e5d3e9d3-1367-47eb-ad7f-372895a70f55
2021-08-14 14:05:27,057 [EventQueue-DeleteBlockStatusForDeletedBlockLogImpl] DEBUG block.DeletedBlockLogImpl (DeletedBlockLogImpl.java:isTransactionFailed(278)) - Got block deletion ACK from datanode, TXIDs=16, success=true
2021-08-14 14:05:27,057 [EventQueue-DeleteBlockStatusForDeletedBlockLogImpl] DEBUG block.DeletedBlockLogImpl (DeletedBlockLogImpl.java:commitTransactions(256)) - Datanode txId=16 containerId=#16 committed by dnId=e5d3e9d3-1367-47eb-ad7f-372895a70f55
2021-08-14 14:05:27,057 [EventQueue-DeleteBlockStatusForDeletedBlockLogImpl] DEBUG block.DeletedBlockLogImpl (DeletedBlockLogImpl.java:isTransactionFailed(278)) - Got block deletion ACK from datanode, TXIDs=17, success=true
2021-08-14 14:05:27,057 [EventQueue-DeleteBlockStatusForDeletedBlockLogImpl] DEBUG block.DeletedBlockLogImpl (DeletedBlockLogImpl.java:commitTransactions(256)) - Datanode txId=17 containerId=#17 committed by dnId=e5d3e9d3-1367-47eb-ad7f-372895a70f55
2021-08-14 14:05:27,057 [EventQueue-DeleteBlockStatusForDeletedBlockLogImpl] DEBUG block.DeletedBlockLogImpl (DeletedBlockLogImpl.java:isTransactionFailed(278)) - Got block deletion ACK from datanode, TXIDs=18, success=true
2021-08-14 14:05:27,060 [EventQueue-DeleteBlockStatusForDeletedBlockLogImpl] DEBUG block.DeletedBlockLogImpl (DeletedBlockLogImpl.java:commitTransactions(256)) - Datanode txId=18 containerId=#18 committed by dnId=e5d3e9d3-1367-47eb-ad7f-372895a70f55
2021-08-14 14:05:27,060 [EventQueue-DeleteBlockStatusForDeletedBlockLogImpl] DEBUG block.DeletedBlockLogImpl (DeletedBlockLogImpl.java:isTransactionFailed(278)) - Got block deletion ACK from datanode, TXIDs=19, success=true
2021-08-14 14:05:27,060 [EventQueue-DeleteBlockStatusForDeletedBlockLogImpl] DEBUG block.DeletedBlockLogImpl (DeletedBlockLogImpl.java:commitTransactions(256)) - Datanode txId=19 containerId=#19 committed by dnId=e5d3e9d3-1367-47eb-ad7f-372895a70f55
2021-08-14 14:05:27,060 [EventQueue-DeleteBlockStatusForDeletedBlockLogImpl] DEBUG block.DeletedBlockLogImpl (DeletedBlockLogImpl.java:isTransactionFailed(278)) - Got block deletion ACK from datanode, TXIDs=20, success=true
2021-08-14 14:05:27,060 [EventQueue-DeleteBlockStatusForDeletedBlockLogImpl] DEBUG block.DeletedBlockLogImpl (DeletedBlockLogImpl.java:commitTransactions(256)) - Datanode txId=20 containerId=#20 committed by dnId=e5d3e9d3-1367-47eb-ad7f-372895a70f55
2021-08-14 14:05:27,060 [EventQueue-DeleteBlockStatusForDeletedBlockLogImpl] DEBUG block.DeletedBlockLogImpl (DeletedBlockLogImpl.java:isTransactionFailed(278)) - Got block deletion ACK from datanode, TXIDs=21, success=true
2021-08-14 14:05:27,060 [EventQueue-DeleteBlockStatusForDeletedBlockLogImpl] DEBUG block.DeletedBlockLogImpl (DeletedBlockLogImpl.java:commitTransactions(256)) - Datanode txId=21 containerId=#21 committed by dnId=e5d3e9d3-1367-47eb-ad7f-372895a70f55
2021-08-14 14:05:27,060 [EventQueue-DeleteBlockStatusForDeletedBlockLogImpl] DEBUG block.DeletedBlockLogImpl (DeletedBlockLogImpl.java:isTransactionFailed(278)) - Got block deletion ACK from datanode, TXIDs=22, success=true
2021-08-14 14:05:27,060 [EventQueue-DeleteBlockStatusForDeletedBlockLogImpl] DEBUG block.DeletedBlockLogImpl (DeletedBlockLogImpl.java:commitTransactions(256)) - Datanode txId=22 containerId=#22 committed by dnId=e5d3e9d3-1367-47eb-ad7f-372895a70f55
2021-08-14 14:05:27,060 [EventQueue-DeleteBlockStatusForDeletedBlockLogImpl] DEBUG block.DeletedBlockLogImpl (DeletedBlockLogImpl.java:isTransactionFailed(278)) - Got block deletion ACK from datanode, TXIDs=23, success=true
2021-08-14 14:05:27,060 [EventQueue-DeleteBlockStatusForDeletedBlockLogImpl] DEBUG block.DeletedBlockLogImpl (DeletedBlockLogImpl.java:commitTransactions(256)) - Datanode txId=23 containerId=#23 committed by dnId=e5d3e9d3-1367-47eb-ad7f-372895a70f55
2021-08-14 14:05:27,060 [EventQueue-DeleteBlockStatusForDeletedBlockLogImpl] DEBUG block.DeletedBlockLogImpl (DeletedBlockLogImpl.java:isTransactionFailed(278)) - Got block deletion ACK from datanode, TXIDs=24, success=true
2021-08-14 14:05:27,060 [EventQueue-DeleteBlockStatusForDeletedBlockLogImpl] DEBUG block.DeletedBlockLogImpl (DeletedBlockLogImpl.java:commitTransactions(256)) - Datanode txId=24 containerId=#24 committed by dnId=e5d3e9d3-1367-47eb-ad7f-372895a70f55
2021-08-14 14:05:27,060 [EventQueue-DeleteBlockStatusForDeletedBlockLogImpl] DEBUG block.DeletedBlockLogImpl (DeletedBlockLogImpl.java:isTransactionFailed(278)) - Got block deletion ACK from datanode, TXIDs=25, success=true
2021-08-14 14:05:27,061 [EventQueue-DeleteBlockStatusForDeletedBlockLogImpl] DEBUG block.DeletedBlockLogImpl (DeletedBlockLogImpl.java:commitTransactions(256)) - Datanode txId=25 containerId=#25 committed by dnId=e5d3e9d3-1367-47eb-ad7f-372895a70f55
2021-08-14 14:05:27,061 [EventQueue-DeleteBlockStatusForDeletedBlockLogImpl] DEBUG block.DeletedBlockLogImpl (DeletedBlockLogImpl.java:isTransactionFailed(278)) - Got block deletion ACK from datanode, TXIDs=26, success=true
2021-08-14 14:05:27,061 [EventQueue-DeleteBlockStatusForDeletedBlockLogImpl] DEBUG block.DeletedBlockLogImpl (DeletedBlockLogImpl.java:commitTransactions(256)) - Datanode txId=26 containerId=#26 committed by dnId=e5d3e9d3-1367-47eb-ad7f-372895a70f55
2021-08-14 14:05:27,061 [EventQueue-DeleteBlockStatusForDeletedBlockLogImpl] DEBUG block.DeletedBlockLogImpl (DeletedBlockLogImpl.java:isTransactionFailed(278)) - Got block deletion ACK from datanode, TXIDs=27, success=true
2021-08-14 14:05:27,061 [EventQueue-DeleteBlockStatusForDeletedBlockLogImpl] DEBUG block.DeletedBlockLogImpl (DeletedBlockLogImpl.java:commitTransactions(256)) - Datanode txId=27 containerId=#27 committed by dnId=e5d3e9d3-1367-47eb-ad7f-372895a70f55
2021-08-14 14:05:27,061 [EventQueue-DeleteBlockStatusForDeletedBlockLogImpl] DEBUG block.DeletedBlockLogImpl (DeletedBlockLogImpl.java:isTransactionFailed(278)) - Got block deletion ACK from datanode, TXIDs=28, success=true
2021-08-14 14:05:27,061 [EventQueue-DeleteBlockStatusForDeletedBlockLogImpl] DEBUG block.DeletedBlockLogImpl (DeletedBlockLogImpl.java:commitTransactions(256)) - Datanode txId=28 containerId=#28 committed by dnId=e5d3e9d3-1367-47eb-ad7f-372895a70f55
2021-08-14 14:05:27,061 [EventQueue-DeleteBlockStatusForDeletedBlockLogImpl] DEBUG block.DeletedBlockLogImpl (DeletedBlockLogImpl.java:isTransactionFailed(278)) - Got block deletion ACK from datanode, TXIDs=29, success=true
2021-08-14 14:05:27,061 [EventQueue-DeleteBlockStatusForDeletedBlockLogImpl] DEBUG block.DeletedBlockLogImpl (DeletedBlockLogImpl.java:commitTransactions(256)) - Datanode txId=29 containerId=#29 committed by dnId=e5d3e9d3-1367-47eb-ad7f-372895a70f55
2021-08-14 14:05:27,061 [EventQueue-DeleteBlockStatusForDeletedBlockLogImpl] DEBUG block.DeletedBlockLogImpl (DeletedBlockLogImpl.java:isTransactionFailed(278)) - Got block deletion ACK from datanode, TXIDs=30, success=true
2021-08-14 14:05:27,061 [EventQueue-DeleteBlockStatusForDeletedBlockLogImpl] DEBUG block.DeletedBlockLogImpl (DeletedBlockLogImpl.java:commitTransactions(256)) - Datanode txId=30 containerId=#30 committed by dnId=e5d3e9d3-1367-47eb-ad7f-372895a70f55
2021-08-14 14:05:27,061 [EventQueue-DeleteBlockStatusForDeletedBlockLogImpl] DEBUG block.DeletedBlockLogImpl (DeletedBlockLogImpl.java:isTransactionFailed(278)) - Got block deletion ACK from datanode, TXIDs=31, success=true
2021-08-14 14:05:27,061 [EventQueue-DeleteBlockStatusForDeletedBlockLogImpl] DEBUG block.DeletedBlockLogImpl (DeletedBlockLogImpl.java:commitTransactions(256)) - Datanode txId=31 containerId=#31 committed by dnId=e5d3e9d3-1367-47eb-ad7f-372895a70f55
2021-08-14 14:05:27,061 [EventQueue-DeleteBlockStatusForDeletedBlockLogImpl] DEBUG block.DeletedBlockLogImpl (DeletedBlockLogImpl.java:isTransactionFailed(278)) - Got block deletion ACK from datanode, TXIDs=32, success=true
2021-08-14 14:05:27,062 [EventQueue-DeleteBlockStatusForDeletedBlockLogImpl] DEBUG block.DeletedBlockLogImpl (DeletedBlockLogImpl.java:commitTransactions(256)) - Datanode txId=32 containerId=#32 committed by dnId=e5d3e9d3-1367-47eb-ad7f-372895a70f55
2021-08-14 14:05:27,062 [EventQueue-DeleteBlockStatusForDeletedBlockLogImpl] DEBUG block.DeletedBlockLogImpl (DeletedBlockLogImpl.java:isTransactionFailed(278)) - Got block deletion ACK from datanode, TXIDs=33, success=true
2021-08-14 14:05:27,062 [EventQueue-DeleteBlockStatusForDeletedBlockLogImpl] DEBUG block.DeletedBlockLogImpl (DeletedBlockLogImpl.java:commitTransactions(256)) - Datanode txId=33 containerId=#33 committed by dnId=e5d3e9d3-1367-47eb-ad7f-372895a70f55
2021-08-14 14:05:27,062 [EventQueue-DeleteBlockStatusForDeletedBlockLogImpl] DEBUG block.DeletedBlockLogImpl (DeletedBlockLogImpl.java:isTransactionFailed(278)) - Got block deletion ACK from datanode, TXIDs=34, success=true
2021-08-14 14:05:27,063 [EventQueue-DeleteBlockStatusForDeletedBlockLogImpl] DEBUG block.DeletedBlockLogImpl (DeletedBlockLogImpl.java:commitTransactions(256)) - Datanode txId=34 containerId=#34 committed by dnId=e5d3e9d3-1367-47eb-ad7f-372895a70f55
2021-08-14 14:05:27,063 [EventQueue-DeleteBlockStatusForDeletedBlockLogImpl] DEBUG block.DeletedBlockLogImpl (DeletedBlockLogImpl.java:isTransactionFailed(278)) - Got block deletion ACK from datanode, TXIDs=35, success=true
2021-08-14 14:05:27,063 [EventQueue-DeleteBlockStatusForDeletedBlockLogImpl] DEBUG block.DeletedBlockLogImpl (DeletedBlockLogImpl.java:commitTransactions(256)) - Datanode txId=35 containerId=#35 committed by dnId=e5d3e9d3-1367-47eb-ad7f-372895a70f55
2021-08-14 14:05:27,063 [EventQueue-DeleteBlockStatusForDeletedBlockLogImpl] DEBUG block.DeletedBlockLogImpl (DeletedBlockLogImpl.java:isTransactionFailed(278)) - Got block deletion ACK from datanode, TXIDs=36, success=true
2021-08-14 14:05:27,063 [EventQueue-DeleteBlockStatusForDeletedBlockLogImpl] DEBUG block.DeletedBlockLogImpl (DeletedBlockLogImpl.java:commitTransactions(256)) - Datanode txId=36 containerId=#36 committed by dnId=e5d3e9d3-1367-47eb-ad7f-372895a70f55
2021-08-14 14:05:27,063 [EventQueue-DeleteBlockStatusForDeletedBlockLogImpl] DEBUG block.DeletedBlockLogImpl (DeletedBlockLogImpl.java:isTransactionFailed(278)) - Got block deletion ACK from datanode, TXIDs=37, success=true
2021-08-14 14:05:27,063 [EventQueue-DeleteBlockStatusForDeletedBlockLogImpl] DEBUG block.DeletedBlockLogImpl (DeletedBlockLogImpl.java:commitTransactions(256)) - Datanode txId=37 containerId=#37 committed by dnId=e5d3e9d3-1367-47eb-ad7f-372895a70f55
2021-08-14 14:05:27,064 [EventQueue-DeleteBlockStatusForDeletedBlockLogImpl] DEBUG block.DeletedBlockLogImpl (DeletedBlockLogImpl.java:isTransactionFailed(278)) - Got block deletion ACK from datanode, TXIDs=38, success=true
2021-08-14 14:05:27,064 [EventQueue-DeleteBlockStatusForDeletedBlockLogImpl] DEBUG block.DeletedBlockLogImpl (DeletedBlockLogImpl.java:commitTransactions(256)) - Datanode txId=38 containerId=#38 committed by dnId=e5d3e9d3-1367-47eb-ad7f-372895a70f55
2021-08-14 14:05:27,064 [EventQueue-DeleteBlockStatusForDeletedBlockLogImpl] DEBUG block.DeletedBlockLogImpl (DeletedBlockLogImpl.java:isTransactionFailed(278)) - Got block deletion ACK from datanode, TXIDs=39, success=true
2021-08-14 14:05:27,064 [EventQueue-DeleteBlockStatusForDeletedBlockLogImpl] DEBUG block.DeletedBlockLogImpl (DeletedBlockLogImpl.java:commitTransactions(256)) - Datanode txId=39 containerId=#39 committed by dnId=e5d3e9d3-1367-47eb-ad7f-372895a70f55
2021-08-14 14:05:27,064 [EventQueue-DeleteBlockStatusForDeletedBlockLogImpl] DEBUG block.DeletedBlockLogImpl (DeletedBlockLogImpl.java:isTransactionFailed(278)) - Got block deletion ACK from datanode, TXIDs=40, success=true
2021-08-14 14:05:27,064 [EventQueue-DeleteBlockStatusForDeletedBlockLogImpl] DEBUG block.DeletedBlockLogImpl (DeletedBlockLogImpl.java:commitTransactions(256)) - Datanode txId=40 containerId=#40 committed by dnId=e5d3e9d3-1367-47eb-ad7f-372895a70f55
2021-08-14 14:05:27,064 [EventQueue-DeleteBlockStatusForDeletedBlockLogImpl] DEBUG block.DeletedBlockLogImpl (DeletedBlockLogImpl.java:isTransactionFailed(278)) - Got block deletion ACK from datanode, TXIDs=41, success=true
2021-08-14 14:05:27,064 [EventQueue-DeleteBlockStatusForDeletedBlockLogImpl] DEBUG block.DeletedBlockLogImpl (DeletedBlockLogImpl.java:commitTransactions(256)) - Datanode txId=41 containerId=#41 committed by dnId=e5d3e9d3-1367-47eb-ad7f-372895a70f55
2021-08-14 14:05:27,064 [EventQueue-DeleteBlockStatusForDeletedBlockLogImpl] DEBUG block.DeletedBlockLogImpl (DeletedBlockLogImpl.java:isTransactionFailed(278)) - Got block deletion ACK from datanode, TXIDs=42, success=true
2021-08-14 14:05:27,066 [EventQueue-DeleteBlockStatusForDeletedBlockLogImpl] DEBUG block.DeletedBlockLogImpl (DeletedBlockLogImpl.java:commitTransactions(256)) - Datanode txId=42 containerId=#42 committed by dnId=e5d3e9d3-1367-47eb-ad7f-372895a70f55
2021-08-14 14:05:27,066 [EventQueue-DeleteBlockStatusForDeletedBlockLogImpl] DEBUG block.DeletedBlockLogImpl (DeletedBlockLogImpl.java:isTransactionFailed(278)) - Got block deletion ACK from datanode, TXIDs=43, success=true
2021-08-14 14:05:27,066 [EventQueue-DeleteBlockStatusForDeletedBlockLogImpl] DEBUG block.DeletedBlockLogImpl (DeletedBlockLogImpl.java:commitTransactions(256)) - Datanode txId=43 containerId=#43 committed by dnId=e5d3e9d3-1367-47eb-ad7f-372895a70f55
2021-08-14 14:05:27,067 [EventQueue-DeleteBlockStatusForDeletedBlockLogImpl] DEBUG block.DeletedBlockLogImpl (DeletedBlockLogImpl.java:isTransactionFailed(278)) - Got block deletion ACK from datanode, TXIDs=44, success=true
2021-08-14 14:05:27,067 [EventQueue-DeleteBlockStatusForDeletedBlockLogImpl] DEBUG block.DeletedBlockLogImpl (DeletedBlockLogImpl.java:commitTransactions(256)) - Datanode txId=44 containerId=#44 committed by dnId=e5d3e9d3-1367-47eb-ad7f-372895a70f55
2021-08-14 14:05:27,067 [EventQueue-DeleteBlockStatusForDeletedBlockLogImpl] DEBUG block.DeletedBlockLogImpl (DeletedBlockLogImpl.java:isTransactionFailed(278)) - Got block deletion ACK from datanode, TXIDs=45, success=true
2021-08-14 14:05:27,067 [EventQueue-DeleteBlockStatusForDeletedBlockLogImpl] DEBUG block.DeletedBlockLogImpl (DeletedBlockLogImpl.java:commitTransactions(256)) - Datanode txId=45 containerId=#45 committed by dnId=e5d3e9d3-1367-47eb-ad7f-372895a70f55
2021-08-14 14:05:27,067 [EventQueue-DeleteBlockStatusForDeletedBlockLogImpl] DEBUG block.DeletedBlockLogImpl (DeletedBlockLogImpl.java:isTransactionFailed(278)) - Got block deletion ACK from datanode, TXIDs=46, success=true
2021-08-14 14:05:27,067 [EventQueue-DeleteBlockStatusForDeletedBlockLogImpl] DEBUG block.DeletedBlockLogImpl (DeletedBlockLogImpl.java:commitTransactions(256)) - Datanode txId=46 containerId=#46 committed by dnId=e5d3e9d3-1367-47eb-ad7f-372895a70f55
2021-08-14 14:05:27,067 [EventQueue-DeleteBlockStatusForDeletedBlockLogImpl] DEBUG block.DeletedBlockLogImpl (DeletedBlockLogImpl.java:isTransactionFailed(278)) - Got block deletion ACK from datanode, TXIDs=47, success=true
2021-08-14 14:05:27,067 [EventQueue-DeleteBlockStatusForDeletedBlockLogImpl] DEBUG block.DeletedBlockLogImpl (DeletedBlockLogImpl.java:commitTransactions(256)) - Datanode txId=47 containerId=#47 committed by dnId=e5d3e9d3-1367-47eb-ad7f-372895a70f55
2021-08-14 14:05:27,067 [EventQueue-DeleteBlockStatusForDeletedBlockLogImpl] DEBUG block.DeletedBlockLogImpl (DeletedBlockLogImpl.java:isTransactionFailed(278)) - Got block deletion ACK from datanode, TXIDs=48, success=true
2021-08-14 14:05:27,067 [EventQueue-DeleteBlockStatusForDeletedBlockLogImpl] DEBUG block.DeletedBlockLogImpl (DeletedBlockLogImpl.java:commitTransactions(256)) - Datanode txId=48 containerId=#48 committed by dnId=e5d3e9d3-1367-47eb-ad7f-372895a70f55
2021-08-14 14:05:27,070 [EventQueue-DeleteBlockStatusForDeletedBlockLogImpl] DEBUG block.DeletedBlockLogImpl (DeletedBlockLogImpl.java:isTransactionFailed(278)) - Got block deletion ACK from datanode, TXIDs=49, success=true
2021-08-14 14:05:27,070 [EventQueue-DeleteBlockStatusForDeletedBlockLogImpl] DEBUG block.DeletedBlockLogImpl (DeletedBlockLogImpl.java:commitTransactions(256)) - Datanode txId=49 containerId=#49 committed by dnId=e5d3e9d3-1367-47eb-ad7f-372895a70f55
2021-08-14 14:05:27,070 [EventQueue-DeleteBlockStatusForDeletedBlockLogImpl] DEBUG block.DeletedBlockLogImpl (DeletedBlockLogImpl.java:isTransactionFailed(278)) - Got block deletion ACK from datanode, TXIDs=50, success=true
2021-08-14 14:05:27,070 [EventQueue-DeleteBlockStatusForDeletedBlockLogImpl] DEBUG block.DeletedBlockLogImpl (DeletedBlockLogImpl.java:commitTransactions(256)) - Datanode txId=50 containerId=#50 committed by dnId=e5d3e9d3-1367-47eb-ad7f-372895a70f55
2021-08-14 14:05:27,070 [EventQueue-DeleteBlockStatusForDeletedBlockLogImpl] DEBUG block.DeletedBlockLogImpl (DeletedBlockLogImpl.java:isTransactionFailed(278)) - Got block deletion ACK from datanode, TXIDs=51, success=true
2021-08-14 14:05:27,070 [EventQueue-DeleteBlockStatusForDeletedBlockLogImpl] DEBUG block.DeletedBlockLogImpl (DeletedBlockLogImpl.java:commitTransactions(256)) - Datanode txId=51 containerId=#51 committed by dnId=e5d3e9d3-1367-47eb-ad7f-372895a70f55
2021-08-14 14:05:27,070 [EventQueue-DeleteBlockStatusForDeletedBlockLogImpl] DEBUG block.DeletedBlockLogImpl (DeletedBlockLogImpl.java:isTransactionFailed(278)) - Got block deletion ACK from datanode, TXIDs=52, success=true
2021-08-14 14:05:27,070 [EventQueue-DeleteBlockStatusForDeletedBlockLogImpl] DEBUG block.DeletedBlockLogImpl (DeletedBlockLogImpl.java:commitTransactions(256)) - Datanode txId=52 containerId=#52 committed by dnId=e5d3e9d3-1367-47eb-ad7f-372895a70f55
2021-08-14 14:05:27,070 [EventQueue-DeleteBlockStatusForDeletedBlockLogImpl] DEBUG block.DeletedBlockLogImpl (DeletedBlockLogImpl.java:isTransactionFailed(278)) - Got block deletion ACK from datanode, TXIDs=53, success=true
2021-08-14 14:05:27,070 [EventQueue-DeleteBlockStatusForDeletedBlockLogImpl] DEBUG block.DeletedBlockLogImpl (DeletedBlockLogImpl.java:commitTransactions(256)) - Datanode txId=53 containerId=#53 committed by dnId=e5d3e9d3-1367-47eb-ad7f-372895a70f55
2021-08-14 14:05:27,070 [EventQueue-DeleteBlockStatusForDeletedBlockLogImpl] DEBUG block.DeletedBlockLogImpl (DeletedBlockLogImpl.java:isTransactionFailed(278)) - Got block deletion ACK from datanode, TXIDs=54, success=true
2021-08-14 14:05:27,071 [EventQueue-DeleteBlockStatusForDeletedBlockLogImpl] DEBUG block.DeletedBlockLogImpl (DeletedBlockLogImpl.java:commitTransactions(256)) - Datanode txId=54 containerId=#54 committed by dnId=e5d3e9d3-1367-47eb-ad7f-372895a70f55
2021-08-14 14:05:27,071 [EventQueue-DeleteBlockStatusForDeletedBlockLogImpl] DEBUG block.DeletedBlockLogImpl (DeletedBlockLogImpl.java:isTransactionFailed(278)) - Got block deletion ACK from datanode, TXIDs=55, success=true
2021-08-14 14:05:27,071 [EventQueue-DeleteBlockStatusForDeletedBlockLogImpl] DEBUG block.DeletedBlockLogImpl (DeletedBlockLogImpl.java:commitTransactions(256)) - Datanode txId=55 containerId=#55 committed by dnId=e5d3e9d3-1367-47eb-ad7f-372895a70f55
2021-08-14 14:05:27,071 [EventQueue-DeleteBlockStatusForDeletedBlockLogImpl] DEBUG block.DeletedBlockLogImpl (DeletedBlockLogImpl.java:isTransactionFailed(278)) - Got block deletion ACK from datanode, TXIDs=56, success=true
2021-08-14 14:05:27,071 [EventQueue-DeleteBlockStatusForDeletedBlockLogImpl] DEBUG block.DeletedBlockLogImpl (DeletedBlockLogImpl.java:commitTransactions(256)) - Datanode txId=56 containerId=#56 committed by dnId=e5d3e9d3-1367-47eb-ad7f-372895a70f55
2021-08-14 14:05:27,071 [EventQueue-DeleteBlockStatusForDeletedBlockLogImpl] DEBUG block.DeletedBlockLogImpl (DeletedBlockLogImpl.java:isTransactionFailed(278)) - Got block deletion ACK from datanode, TXIDs=1, success=true
2021-08-14 14:05:27,071 [EventQueue-DeleteBlockStatusForDeletedBlockLogImpl] DEBUG block.DeletedBlockLogImpl (DeletedBlockLogImpl.java:commitTransactions(256)) - Datanode txId=1 containerId=#1 committed by dnId=e5d3e9d3-1367-47eb-ad7f-372895a70f55
2021-08-14 14:05:27,071 [EventQueue-DeleteBlockStatusForDeletedBlockLogImpl] DEBUG block.DeletedBlockLogImpl (DeletedBlockLogImpl.java:isTransactionFailed(278)) - Got block deletion ACK from datanode, TXIDs=2, success=true
2021-08-14 14:05:27,071 [EventQueue-DeleteBlockStatusForDeletedBlockLogImpl] DEBUG block.DeletedBlockLogImpl (DeletedBlockLogImpl.java:commitTransactions(256)) - Datanode txId=2 containerId=#2 committed by dnId=e5d3e9d3-1367-47eb-ad7f-372895a70f55
2021-08-14 14:05:27,071 [EventQueue-DeleteBlockStatusForDeletedBlockLogImpl] DEBUG block.DeletedBlockLogImpl (DeletedBlockLogImpl.java:isTransactionFailed(278)) - Got block deletion ACK from datanode, TXIDs=3, success=true
2021-08-14 14:05:27,071 [EventQueue-DeleteBlockStatusForDeletedBlockLogImpl] DEBUG block.DeletedBlockLogImpl (DeletedBlockLogImpl.java:commitTransactions(256)) - Datanode txId=3 containerId=#3 committed by dnId=e5d3e9d3-1367-47eb-ad7f-372895a70f55
2021-08-14 14:05:27,072 [EventQueue-DeleteBlockStatusForDeletedBlockLogImpl] DEBUG block.DeletedBlockLogImpl (DeletedBlockLogImpl.java:isTransactionFailed(278)) - Got block deletion ACK from datanode, TXIDs=1, success=true
2021-08-14 14:05:27,072 [EventQueue-DeleteBlockStatusForDeletedBlockLogImpl] DEBUG block.DeletedBlockLogImpl (DeletedBlockLogImpl.java:commitTransactions(256)) - Datanode txId=1 containerId=#1 committed by dnId=e5d3e9d3-1367-47eb-ad7f-372895a70f55
2021-08-14 14:05:27,072 [EventQueue-DeleteBlockStatusForDeletedBlockLogImpl] DEBUG block.DeletedBlockLogImpl (DeletedBlockLogImpl.java:isTransactionFailed(278)) - Got block deletion ACK from datanode, TXIDs=2, success=true
2021-08-14 14:05:27,072 [EventQueue-DeleteBlockStatusForDeletedBlockLogImpl] DEBUG block.DeletedBlockLogImpl (DeletedBlockLogImpl.java:commitTransactions(256)) - Datanode txId=2 containerId=#2 committed by dnId=e5d3e9d3-1367-47eb-ad7f-372895a70f55
2021-08-14 14:05:27,072 [EventQueue-DeleteBlockStatusForDeletedBlockLogImpl] DEBUG block.DeletedBlockLogImpl (DeletedBlockLogImpl.java:isTransactionFailed(278)) - Got block deletion ACK from datanode, TXIDs=3, success=true
2021-08-14 14:05:27,072 [EventQueue-DeleteBlockStatusForDeletedBlockLogImpl] DEBUG block.DeletedBlockLogImpl (DeletedBlockLogImpl.java:commitTransactions(256)) - Datanode txId=3 containerId=#3 committed by dnId=e5d3e9d3-1367-47eb-ad7f-372895a70f55
2021-08-14 14:05:27,072 [EventQueue-DeleteBlockStatusForDeletedBlockLogImpl] DEBUG block.DeletedBlockLogImpl (DeletedBlockLogImpl.java:isTransactionFailed(278)) - Got block deletion ACK from datanode, TXIDs=4, success=true
2021-08-14 14:05:27,072 [EventQueue-DeleteBlockStatusForDeletedBlockLogImpl] DEBUG block.DeletedBlockLogImpl (DeletedBlockLogImpl.java:commitTransactions(256)) - Datanode txId=4 containerId=#4 committed by dnId=e5d3e9d3-1367-47eb-ad7f-372895a70f55
2021-08-14 14:05:27,072 [EventQueue-DeleteBlockStatusForDeletedBlockLogImpl] DEBUG block.DeletedBlockLogImpl (DeletedBlockLogImpl.java:isTransactionFailed(278)) - Got block deletion ACK from datanode, TXIDs=5, success=true
2021-08-14 14:05:27,072 [EventQueue-DeleteBlockStatusForDeletedBlockLogImpl] DEBUG block.DeletedBlockLogImpl (DeletedBlockLogImpl.java:commitTransactions(256)) - Datanode txId=5 containerId=#5 committed by dnId=e5d3e9d3-1367-47eb-ad7f-372895a70f55
2021-08-14 14:05:27,072 [EventQueue-DeleteBlockStatusForDeletedBlockLogImpl] DEBUG block.DeletedBlockLogImpl (DeletedBlockLogImpl.java:isTransactionFailed(278)) - Got block deletion ACK from datanode, TXIDs=6, success=true
2021-08-14 14:05:27,072 [EventQueue-DeleteBlockStatusForDeletedBlockLogImpl] DEBUG block.DeletedBlockLogImpl (DeletedBlockLogImpl.java:commitTransactions(256)) - Datanode txId=6 containerId=#6 committed by dnId=e5d3e9d3-1367-47eb-ad7f-372895a70f55
2021-08-14 14:05:27,072 [EventQueue-DeleteBlockStatusForDeletedBlockLogImpl] DEBUG block.DeletedBlockLogImpl (DeletedBlockLogImpl.java:isTransactionFailed(278)) - Got block deletion ACK from datanode, TXIDs=1, success=true
2021-08-14 14:05:27,072 [EventQueue-DeleteBlockStatusForDeletedBlockLogImpl] DEBUG block.DeletedBlockLogImpl (DeletedBlockLogImpl.java:commitTransactions(256)) - Datanode txId=1 containerId=#1 committed by dnId=e5d3e9d3-1367-47eb-ad7f-372895a70f55
2021-08-14 14:05:27,072 [EventQueue-DeleteBlockStatusForDeletedBlockLogImpl] DEBUG block.DeletedBlockLogImpl (DeletedBlockLogImpl.java:isTransactionFailed(278)) - Got block deletion ACK from datanode, TXIDs=2, success=true
2021-08-14 14:05:27,072 [EventQueue-DeleteBlockStatusForDeletedBlockLogImpl] DEBUG block.DeletedBlockLogImpl (DeletedBlockLogImpl.java:commitTransactions(256)) - Datanode txId=2 containerId=#2 committed by dnId=e5d3e9d3-1367-47eb-ad7f-372895a70f55
2021-08-14 14:05:27,072 [EventQueue-DeleteBlockStatusForDeletedBlockLogImpl] DEBUG block.DeletedBlockLogImpl (DeletedBlockLogImpl.java:isTransactionFailed(278)) - Got block deletion ACK from datanode, TXIDs=3, success=true
2021-08-14 14:05:27,072 [EventQueue-DeleteBlockStatusForDeletedBlockLogImpl] DEBUG block.DeletedBlockLogImpl (DeletedBlockLogImpl.java:commitTransactions(256)) - Datanode txId=3 containerId=#3 committed by dnId=e5d3e9d3-1367-47eb-ad7f-372895a70f55
2021-08-14 14:05:27,072 [EventQueue-DeleteBlockStatusForDeletedBlockLogImpl] DEBUG block.DeletedBlockLogImpl (DeletedBlockLogImpl.java:isTransactionFailed(278)) - Got block deletion ACK from datanode, TXIDs=4, success=true
2021-08-14 14:05:27,073 [EventQueue-DeleteBlockStatusForDeletedBlockLogImpl] DEBUG block.DeletedBlockLogImpl (DeletedBlockLogImpl.java:commitTransactions(256)) - Datanode txId=4 containerId=#4 committed by dnId=e5d3e9d3-1367-47eb-ad7f-372895a70f55
2021-08-14 14:05:27,073 [EventQueue-DeleteBlockStatusForDeletedBlockLogImpl] DEBUG block.DeletedBlockLogImpl (DeletedBlockLogImpl.java:isTransactionFailed(278)) - Got block deletion ACK from datanode, TXIDs=5, success=true
2021-08-14 14:05:27,077 [EventQueue-DeleteBlockStatusForDeletedBlockLogImpl] DEBUG block.DeletedBlockLogImpl (DeletedBlockLogImpl.java:commitTransactions(256)) - Datanode txId=5 containerId=#5 committed by dnId=e5d3e9d3-1367-47eb-ad7f-372895a70f55
2021-08-14 14:05:27,086 [SCMBlockDeletingService#0] DEBUG block.SCMBlockDeletingService (SCMBlockDeletingService.java:call(133)) - Running DeletedBlockTransactionScanner
2021-08-14 14:05:27,086 [SCMBlockDeletingService#0] DEBUG block.SCMBlockDeletingService (DatanodeDeletedBlockTransactions.java:addTransactionToDN(50)) - Transaction added: 41bdc6fc-f730-460f-b2d8-92157d986a72 <- TX(1)
2021-08-14 14:05:27,086 [SCMBlockDeletingService#0] DEBUG block.SCMBlockDeletingService (DatanodeDeletedBlockTransactions.java:addTransactionToDN(50)) - Transaction added: 41bdc6fc-f730-460f-b2d8-92157d986a72 <- TX(2)
2021-08-14 14:05:27,086 [SCMBlockDeletingService#0] DEBUG block.SCMBlockDeletingService (DatanodeDeletedBlockTransactions.java:addTransactionToDN(50)) - Transaction added: 41bdc6fc-f730-460f-b2d8-92157d986a72 <- TX(3)
2021-08-14 14:05:27,086 [SCMBlockDeletingService#0] DEBUG block.SCMBlockDeletingService (DatanodeDeletedBlockTransactions.java:addTransactionToDN(50)) - Transaction added: 41bdc6fc-f730-460f-b2d8-92157d986a72 <- TX(4)
2021-08-14 14:05:27,086 [SCMBlockDeletingService#0] DEBUG block.SCMBlockDeletingService (DatanodeDeletedBlockTransactions.java:addTransactionToDN(50)) - Transaction added: 41bdc6fc-f730-460f-b2d8-92157d986a72 <- TX(5)
2021-08-14 14:05:27,086 [SCMBlockDeletingService#0] DEBUG block.SCMBlockDeletingService (DatanodeDeletedBlockTransactions.java:addTransactionToDN(50)) - Transaction added: 41bdc6fc-f730-460f-b2d8-92157d986a72 <- TX(6)
2021-08-14 14:05:27,086 [SCMBlockDeletingService#0] DEBUG block.SCMBlockDeletingService (DatanodeDeletedBlockTransactions.java:addTransactionToDN(50)) - Transaction added: 41bdc6fc-f730-460f-b2d8-92157d986a72 <- TX(7)
2021-08-14 14:05:27,086 [SCMBlockDeletingService#0] DEBUG block.SCMBlockDeletingService (DatanodeDeletedBlockTransactions.java:addTransactionToDN(50)) - Transaction added: 41bdc6fc-f730-460f-b2d8-92157d986a72 <- TX(8)
2021-08-14 14:05:27,086 [SCMBlockDeletingService#0] DEBUG block.SCMBlockDeletingService (DatanodeDeletedBlockTransactions.java:addTransactionToDN(50)) - Transaction added: 41bdc6fc-f730-460f-b2d8-92157d986a72 <- TX(9)
2021-08-14 14:05:27,086 [SCMBlockDeletingService#0] DEBUG block.SCMBlockDeletingService (DatanodeDeletedBlockTransactions.java:addTransactionToDN(50)) - Transaction added: 41bdc6fc-f730-460f-b2d8-92157d986a72 <- TX(10)
2021-08-14 14:05:27,086 [SCMBlockDeletingService#0] DEBUG block.SCMBlockDeletingService (DatanodeDeletedBlockTransactions.java:addTransactionToDN(50)) - Transaction added: 41bdc6fc-f730-460f-b2d8-92157d986a72 <- TX(11)
2021-08-14 14:05:27,086 [SCMBlockDeletingService#0] DEBUG block.SCMBlockDeletingService (DatanodeDeletedBlockTransactions.java:addTransactionToDN(50)) - Transaction added: 41bdc6fc-f730-460f-b2d8-92157d986a72 <- TX(12)
2021-08-14 14:05:27,086 [SCMBlockDeletingService#0] DEBUG block.SCMBlockDeletingService (DatanodeDeletedBlockTransactions.java:addTransactionToDN(50)) - Transaction added: 41bdc6fc-f730-460f-b2d8-92157d986a72 <- TX(13)
2021-08-14 14:05:27,086 [SCMBlockDeletingService#0] DEBUG block.SCMBlockDeletingService (DatanodeDeletedBlockTransactions.java:addTransactionToDN(50)) - Transaction added: 41bdc6fc-f730-460f-b2d8-92157d986a72 <- TX(14)
2021-08-14 14:05:27,086 [SCMBlockDeletingService#0] DEBUG block.SCMBlockDeletingService (DatanodeDeletedBlockTransactions.java:addTransactionToDN(50)) - Transaction added: 41bdc6fc-f730-460f-b2d8-92157d986a72 <- TX(15)
2021-08-14 14:05:27,086 [SCMBlockDeletingService#0] DEBUG block.SCMBlockDeletingService (DatanodeDeletedBlockTransactions.java:addTransactionToDN(50)) - Transaction added: 41bdc6fc-f730-460f-b2d8-92157d986a72 <- TX(16)
2021-08-14 14:05:27,086 [SCMBlockDeletingService#0] DEBUG block.SCMBlockDeletingService (DatanodeDeletedBlockTransactions.java:addTransactionToDN(50)) - Transaction added: 41bdc6fc-f730-460f-b2d8-92157d986a72 <- TX(17)
2021-08-14 14:05:27,086 [SCMBlockDeletingService#0] DEBUG block.SCMBlockDeletingService (DatanodeDeletedBlockTransactions.java:addTransactionToDN(50)) - Transaction added: 41bdc6fc-f730-460f-b2d8-92157d986a72 <- TX(18)
2021-08-14 14:05:27,086 [SCMBlockDeletingService#0] DEBUG block.SCMBlockDeletingService (DatanodeDeletedBlockTransactions.java:addTransactionToDN(50)) - Transaction added: 41bdc6fc-f730-460f-b2d8-92157d986a72 <- TX(19)
2021-08-14 14:05:27,087 [SCMBlockDeletingService#0] DEBUG block.SCMBlockDeletingService (DatanodeDeletedBlockTransactions.java:addTransactionToDN(50)) - Transaction added: a3a688a0-b759-42a1-9d42-7ea63bf88025 <- TX(19)
2021-08-14 14:05:27,087 [SCMBlockDeletingService#0] DEBUG block.SCMBlockDeletingService (DatanodeDeletedBlockTransactions.java:addTransactionToDN(50)) - Transaction added: a3a688a0-b759-42a1-9d42-7ea63bf88025 <- TX(20)
2021-08-14 14:05:27,087 [SCMBlockDeletingService#0] DEBUG block.SCMBlockDeletingService (DatanodeDeletedBlockTransactions.java:addTransactionToDN(50)) - Transaction added: 41bdc6fc-f730-460f-b2d8-92157d986a72 <- TX(20)
2021-08-14 14:05:27,087 [SCMBlockDeletingService#0] DEBUG block.SCMBlockDeletingService (DatanodeDeletedBlockTransactions.java:addTransactionToDN(50)) - Transaction added: a3a688a0-b759-42a1-9d42-7ea63bf88025 <- TX(21)
2021-08-14 14:05:27,087 [SCMBlockDeletingService#0] DEBUG block.SCMBlockDeletingService (DatanodeDeletedBlockTransactions.java:addTransactionToDN(50)) - Transaction added: 41bdc6fc-f730-460f-b2d8-92157d986a72 <- TX(21)
2021-08-14 14:05:27,087 [SCMBlockDeletingService#0] DEBUG block.SCMBlockDeletingService (DatanodeDeletedBlockTransactions.java:addTransactionToDN(50)) - Transaction added: a3a688a0-b759-42a1-9d42-7ea63bf88025 <- TX(22)
2021-08-14 14:05:27,087 [SCMBlockDeletingService#0] DEBUG block.SCMBlockDeletingService (DatanodeDeletedBlockTransactions.java:addTransactionToDN(50)) - Transaction added: 41bdc6fc-f730-460f-b2d8-92157d986a72 <- TX(22)
2021-08-14 14:05:27,087 [SCMBlockDeletingService#0] DEBUG block.SCMBlockDeletingService (DatanodeDeletedBlockTransactions.java:addTransactionToDN(50)) - Transaction added: a3a688a0-b759-42a1-9d42-7ea63bf88025 <- TX(23)
2021-08-14 14:05:27,087 [SCMBlockDeletingService#0] DEBUG block.SCMBlockDeletingService (DatanodeDeletedBlockTransactions.java:addTransactionToDN(50)) - Transaction added: 41bdc6fc-f730-460f-b2d8-92157d986a72 <- TX(23)
2021-08-14 14:05:27,087 [SCMBlockDeletingService#0] DEBUG block.SCMBlockDeletingService (DatanodeDeletedBlockTransactions.java:addTransactionToDN(50)) - Transaction added: 41bdc6fc-f730-460f-b2d8-92157d986a72 <- TX(24)
2021-08-14 14:05:27,087 [SCMBlockDeletingService#0] DEBUG block.SCMBlockDeletingService (DatanodeDeletedBlockTransactions.java:addTransactionToDN(50)) - Transaction added: a3a688a0-b759-42a1-9d42-7ea63bf88025 <- TX(24)
2021-08-14 14:05:27,087 [SCMBlockDeletingService#0] DEBUG block.SCMBlockDeletingService (DatanodeDeletedBlockTransactions.java:addTransactionToDN(50)) - Transaction added: a3a688a0-b759-42a1-9d42-7ea63bf88025 <- TX(25)
2021-08-14 14:05:27,087 [SCMBlockDeletingService#0] DEBUG block.SCMBlockDeletingService (DatanodeDeletedBlockTransactions.java:addTransactionToDN(50)) - Transaction added: 41bdc6fc-f730-460f-b2d8-92157d986a72 <- TX(25)
2021-08-14 14:05:27,087 [SCMBlockDeletingService#0] DEBUG block.SCMBlockDeletingService (DatanodeDeletedBlockTransactions.java:addTransactionToDN(50)) - Transaction added: 41bdc6fc-f730-460f-b2d8-92157d986a72 <- TX(26)
2021-08-14 14:05:27,087 [SCMBlockDeletingService#0] DEBUG block.SCMBlockDeletingService (DatanodeDeletedBlockTransactions.java:addTransactionToDN(50)) - Transaction added: a3a688a0-b759-42a1-9d42-7ea63bf88025 <- TX(26)
2021-08-14 14:05:27,087 [SCMBlockDeletingService#0] DEBUG block.SCMBlockDeletingService (DatanodeDeletedBlockTransactions.java:addTransactionToDN(50)) - Transaction added: a3a688a0-b759-42a1-9d42-7ea63bf88025 <- TX(27)
2021-08-14 14:05:27,087 [SCMBlockDeletingService#0] DEBUG block.SCMBlockDeletingService (DatanodeDeletedBlockTransactions.java:addTransactionToDN(50)) - Transaction added: 41bdc6fc-f730-460f-b2d8-92157d986a72 <- TX(27)
2021-08-14 14:05:27,087 [SCMBlockDeletingService#0] DEBUG block.SCMBlockDeletingService (DatanodeDeletedBlockTransactions.java:addTransactionToDN(50)) - Transaction added: 41bdc6fc-f730-460f-b2d8-92157d986a72 <- TX(28)
2021-08-14 14:05:27,087 [SCMBlockDeletingService#0] DEBUG block.SCMBlockDeletingService (DatanodeDeletedBlockTransactions.java:addTransactionToDN(50)) - Transaction added: a3a688a0-b759-42a1-9d42-7ea63bf88025 <- TX(28)
2021-08-14 14:05:27,087 [SCMBlockDeletingService#0] DEBUG block.SCMBlockDeletingService (DatanodeDeletedBlockTransactions.java:addTransactionToDN(50)) - Transaction added: a3a688a0-b759-42a1-9d42-7ea63bf88025 <- TX(29)
2021-08-14 14:05:27,087 [SCMBlockDeletingService#0] DEBUG block.SCMBlockDeletingService (DatanodeDeletedBlockTransactions.java:addTransactionToDN(50)) - Transaction added: 41bdc6fc-f730-460f-b2d8-92157d986a72 <- TX(29)
2021-08-14 14:05:27,087 [SCMBlockDeletingService#0] DEBUG block.SCMBlockDeletingService (DatanodeDeletedBlockTransactions.java:addTransactionToDN(50)) - Transaction added: a3a688a0-b759-42a1-9d42-7ea63bf88025 <- TX(30)
2021-08-14 14:05:27,087 [SCMBlockDeletingService#0] DEBUG block.SCMBlockDeletingService (DatanodeDeletedBlockTransactions.java:addTransactionToDN(50)) - Transaction added: 41bdc6fc-f730-460f-b2d8-92157d986a72 <- TX(30)
2021-08-14 14:05:27,087 [SCMBlockDeletingService#0] DEBUG block.SCMBlockDeletingService (DatanodeDeletedBlockTransactions.java:addTransactionToDN(50)) - Transaction added: 41bdc6fc-f730-460f-b2d8-92157d986a72 <- TX(31)
2021-08-14 14:05:27,087 [SCMBlockDeletingService#0] DEBUG block.SCMBlockDeletingService (DatanodeDeletedBlockTransactions.java:addTransactionToDN(50)) - Transaction added: a3a688a0-b759-42a1-9d42-7ea63bf88025 <- TX(31)
2021-08-14 14:05:27,087 [SCMBlockDeletingService#0] DEBUG block.SCMBlockDeletingService (DatanodeDeletedBlockTransactions.java:addTransactionToDN(50)) - Transaction added: a3a688a0-b759-42a1-9d42-7ea63bf88025 <- TX(32)
2021-08-14 14:05:27,087 [SCMBlockDeletingService#0] DEBUG block.SCMBlockDeletingService (DatanodeDeletedBlockTransactions.java:addTransactionToDN(50)) - Transaction added: 41bdc6fc-f730-460f-b2d8-92157d986a72 <- TX(32)
2021-08-14 14:05:27,087 [SCMBlockDeletingService#0] DEBUG block.SCMBlockDeletingService (DatanodeDeletedBlockTransactions.java:addTransactionToDN(50)) - Transaction added: 41bdc6fc-f730-460f-b2d8-92157d986a72 <- TX(33)
2021-08-14 14:05:27,087 [SCMBlockDeletingService#0] DEBUG block.SCMBlockDeletingService (DatanodeDeletedBlockTransactions.java:addTransactionToDN(50)) - Transaction added: a3a688a0-b759-42a1-9d42-7ea63bf88025 <- TX(33)
2021-08-14 14:05:27,088 [SCMBlockDeletingService#0] DEBUG block.SCMBlockDeletingService (DatanodeDeletedBlockTransactions.java:addTransactionToDN(50)) - Transaction added: a3a688a0-b759-42a1-9d42-7ea63bf88025 <- TX(34)
2021-08-14 14:05:27,088 [SCMBlockDeletingService#0] DEBUG block.SCMBlockDeletingService (DatanodeDeletedBlockTransactions.java:addTransactionToDN(50)) - Transaction added: 41bdc6fc-f730-460f-b2d8-92157d986a72 <- TX(34)
2021-08-14 14:05:27,088 [SCMBlockDeletingService#0] DEBUG block.SCMBlockDeletingService (DatanodeDeletedBlockTransactions.java:addTransactionToDN(50)) - Transaction added: 41bdc6fc-f730-460f-b2d8-92157d986a72 <- TX(35)
2021-08-14 14:05:27,088 [SCMBlockDeletingService#0] DEBUG block.SCMBlockDeletingService (DatanodeDeletedBlockTransactions.java:addTransactionToDN(50)) - Transaction added: a3a688a0-b759-42a1-9d42-7ea63bf88025 <- TX(35)
2021-08-14 14:05:27,088 [SCMBlockDeletingService#0] DEBUG block.SCMBlockDeletingService (DatanodeDeletedBlockTransactions.java:addTransactionToDN(50)) - Transaction added: a3a688a0-b759-42a1-9d42-7ea63bf88025 <- TX(36)
2021-08-14 14:05:27,088 [SCMBlockDeletingService#0] DEBUG block.SCMBlockDeletingService (DatanodeDeletedBlockTransactions.java:addTransactionToDN(50)) - Transaction added: 41bdc6fc-f730-460f-b2d8-92157d986a72 <- TX(36)
2021-08-14 14:05:27,088 [SCMBlockDeletingService#0] DEBUG block.SCMBlockDeletingService (DatanodeDeletedBlockTransactions.java:addTransactionToDN(50)) - Transaction added: a3a688a0-b759-42a1-9d42-7ea63bf88025 <- TX(37)
2021-08-14 14:05:27,088 [SCMBlockDeletingService#0] DEBUG block.SCMBlockDeletingService (DatanodeDeletedBlockTransactions.java:addTransactionToDN(50)) - Transaction added: 41bdc6fc-f730-460f-b2d8-92157d986a72 <- TX(37)
2021-08-14 14:05:27,088 [SCMBlockDeletingService#0] DEBUG block.SCMBlockDeletingService (DatanodeDeletedBlockTransactions.java:addTransactionToDN(50)) - Transaction added: a3a688a0-b759-42a1-9d42-7ea63bf88025 <- TX(38)
2021-08-14 14:05:27,088 [SCMBlockDeletingService#0] DEBUG block.SCMBlockDeletingService (DatanodeDeletedBlockTransactions.java:addTransactionToDN(50)) - Transaction added: 41bdc6fc-f730-460f-b2d8-92157d986a72 <- TX(38)
2021-08-14 14:05:27,088 [SCMBlockDeletingService#0] DEBUG block.SCMBlockDeletingService (DatanodeDeletedBlockTransactions.java:addTransactionToDN(50)) - Transaction added: a3a688a0-b759-42a1-9d42-7ea63bf88025 <- TX(39)
2021-08-14 14:05:27,088 [SCMBlockDeletingService#0] DEBUG block.SCMBlockDeletingService (DatanodeDeletedBlockTransactions.java:addTransactionToDN(50)) - Transaction added: 41bdc6fc-f730-460f-b2d8-92157d986a72 <- TX(39)
2021-08-14 14:05:27,088 [SCMBlockDeletingService#0] DEBUG block.SCMBlockDeletingService (DatanodeDeletedBlockTransactions.java:addTransactionToDN(50)) - Transaction added: 41bdc6fc-f730-460f-b2d8-92157d986a72 <- TX(40)
2021-08-14 14:05:27,088 [SCMBlockDeletingService#0] DEBUG block.SCMBlockDeletingService (DatanodeDeletedBlockTransactions.java:addTransactionToDN(50)) - Transaction added: a3a688a0-b759-42a1-9d42-7ea63bf88025 <- TX(40)
2021-08-14 14:05:27,088 [SCMBlockDeletingService#0] DEBUG block.SCMBlockDeletingService (DatanodeDeletedBlockTransactions.java:addTransactionToDN(50)) - Transaction added: a3a688a0-b759-42a1-9d42-7ea63bf88025 <- TX(41)
2021-08-14 14:05:27,088 [SCMBlockDeletingService#0] DEBUG block.SCMBlockDeletingService (DatanodeDeletedBlockTransactions.java:addTransactionToDN(50)) - Transaction added: 41bdc6fc-f730-460f-b2d8-92157d986a72 <- TX(41)
2021-08-14 14:05:27,088 [SCMBlockDeletingService#0] DEBUG block.SCMBlockDeletingService (DatanodeDeletedBlockTransactions.java:addTransactionToDN(50)) - Transaction added: 41bdc6fc-f730-460f-b2d8-92157d986a72 <- TX(42)
2021-08-14 14:05:27,088 [SCMBlockDeletingService#0] DEBUG block.SCMBlockDeletingService (DatanodeDeletedBlockTransactions.java:addTransactionToDN(50)) - Transaction added: a3a688a0-b759-42a1-9d42-7ea63bf88025 <- TX(42)
2021-08-14 14:05:27,088 [SCMBlockDeletingService#0] DEBUG block.SCMBlockDeletingService (DatanodeDeletedBlockTransactions.java:addTransactionToDN(50)) - Transaction added: a3a688a0-b759-42a1-9d42-7ea63bf88025 <- TX(43)
2021-08-14 14:05:27,088 [SCMBlockDeletingService#0] DEBUG block.SCMBlockDeletingService (DatanodeDeletedBlockTransactions.java:addTransactionToDN(50)) - Transaction added: 41bdc6fc-f730-460f-b2d8-92157d986a72 <- TX(43)
2021-08-14 14:05:27,088 [SCMBlockDeletingService#0] DEBUG block.SCMBlockDeletingService (DatanodeDeletedBlockTransactions.java:addTransactionToDN(50)) - Transaction added: 41bdc6fc-f730-460f-b2d8-92157d986a72 <- TX(44)
2021-08-14 14:05:27,088 [SCMBlockDeletingService#0] DEBUG block.SCMBlockDeletingService (DatanodeDeletedBlockTransactions.java:addTransactionToDN(50)) - Transaction added: a3a688a0-b759-42a1-9d42-7ea63bf88025 <- TX(44)
2021-08-14 14:05:27,088 [SCMBlockDeletingService#0] DEBUG block.SCMBlockDeletingService (DatanodeDeletedBlockTransactions.java:addTransactionToDN(50)) - Transaction added: a3a688a0-b759-42a1-9d42-7ea63bf88025 <- TX(45)
2021-08-14 14:05:27,088 [SCMBlockDeletingService#0] DEBUG block.SCMBlockDeletingService (DatanodeDeletedBlockTransactions.java:addTransactionToDN(50)) - Transaction added: 41bdc6fc-f730-460f-b2d8-92157d986a72 <- TX(45)
2021-08-14 14:05:27,093 [SCMBlockDeletingService#0] DEBUG block.SCMBlockDeletingService (DatanodeDeletedBlockTransactions.java:addTransactionToDN(50)) - Transaction added: a3a688a0-b759-42a1-9d42-7ea63bf88025 <- TX(46)
2021-08-14 14:05:27,093 [SCMBlockDeletingService#0] DEBUG block.SCMBlockDeletingService (DatanodeDeletedBlockTransactions.java:addTransactionToDN(50)) - Transaction added: 41bdc6fc-f730-460f-b2d8-92157d986a72 <- TX(46)
2021-08-14 14:05:27,093 [SCMBlockDeletingService#0] DEBUG block.SCMBlockDeletingService (DatanodeDeletedBlockTransactions.java:addTransactionToDN(50)) - Transaction added: 41bdc6fc-f730-460f-b2d8-92157d986a72 <- TX(47)
2021-08-14 14:05:27,093 [SCMBlockDeletingService#0] DEBUG block.SCMBlockDeletingService (DatanodeDeletedBlockTransactions.java:addTransactionToDN(50)) - Transaction added: a3a688a0-b759-42a1-9d42-7ea63bf88025 <- TX(47)
2021-08-14 14:05:27,093 [SCMBlockDeletingService#0] DEBUG block.SCMBlockDeletingService (DatanodeDeletedBlockTransactions.java:addTransactionToDN(50)) - Transaction added: a3a688a0-b759-42a1-9d42-7ea63bf88025 <- TX(48)
2021-08-14 14:05:27,093 [SCMBlockDeletingService#0] DEBUG block.SCMBlockDeletingService (DatanodeDeletedBlockTransactions.java:addTransactionToDN(50)) - Transaction added: 41bdc6fc-f730-460f-b2d8-92157d986a72 <- TX(48)
2021-08-14 14:05:27,093 [SCMBlockDeletingService#0] DEBUG block.SCMBlockDeletingService (DatanodeDeletedBlockTransactions.java:addTransactionToDN(50)) - Transaction added: 41bdc6fc-f730-460f-b2d8-92157d986a72 <- TX(49)
2021-08-14 14:05:27,093 [SCMBlockDeletingService#0] DEBUG block.SCMBlockDeletingService (DatanodeDeletedBlockTransactions.java:addTransactionToDN(50)) - Transaction added: a3a688a0-b759-42a1-9d42-7ea63bf88025 <- TX(49)
2021-08-14 14:05:27,093 [SCMBlockDeletingService#0] DEBUG block.SCMBlockDeletingService (DatanodeDeletedBlockTransactions.java:addTransactionToDN(50)) - Transaction added: a3a688a0-b759-42a1-9d42-7ea63bf88025 <- TX(50)
2021-08-14 14:05:27,093 [SCMBlockDeletingService#0] DEBUG block.SCMBlockDeletingService (DatanodeDeletedBlockTransactions.java:addTransactionToDN(50)) - Transaction added: 41bdc6fc-f730-460f-b2d8-92157d986a72 <- TX(50)
2021-08-14 14:05:27,093 [SCMBlockDeletingService#0] DEBUG block.SCMBlockDeletingService (DatanodeDeletedBlockTransactions.java:addTransactionToDN(50)) - Transaction added: 41bdc6fc-f730-460f-b2d8-92157d986a72 <- TX(51)
2021-08-14 14:05:27,093 [SCMBlockDeletingService#0] DEBUG block.SCMBlockDeletingService (DatanodeDeletedBlockTransactions.java:addTransactionToDN(50)) - Transaction added: a3a688a0-b759-42a1-9d42-7ea63bf88025 <- TX(51)
2021-08-14 14:05:27,093 [SCMBlockDeletingService#0] DEBUG block.SCMBlockDeletingService (DatanodeDeletedBlockTransactions.java:addTransactionToDN(50)) - Transaction added: a3a688a0-b759-42a1-9d42-7ea63bf88025 <- TX(52)
2021-08-14 14:05:27,093 [SCMBlockDeletingService#0] DEBUG block.SCMBlockDeletingService (DatanodeDeletedBlockTransactions.java:addTransactionToDN(50)) - Transaction added: 41bdc6fc-f730-460f-b2d8-92157d986a72 <- TX(52)
2021-08-14 14:05:27,093 [SCMBlockDeletingService#0] DEBUG block.SCMBlockDeletingService (DatanodeDeletedBlockTransactions.java:addTransactionToDN(50)) - Transaction added: a3a688a0-b759-42a1-9d42-7ea63bf88025 <- TX(53)
2021-08-14 14:05:27,093 [SCMBlockDeletingService#0] DEBUG block.SCMBlockDeletingService (DatanodeDeletedBlockTransactions.java:addTransactionToDN(50)) - Transaction added: 41bdc6fc-f730-460f-b2d8-92157d986a72 <- TX(53)
2021-08-14 14:05:27,093 [SCMBlockDeletingService#0] DEBUG block.SCMBlockDeletingService (DatanodeDeletedBlockTransactions.java:addTransactionToDN(50)) - Transaction added: a3a688a0-b759-42a1-9d42-7ea63bf88025 <- TX(54)
2021-08-14 14:05:27,093 [SCMBlockDeletingService#0] DEBUG block.SCMBlockDeletingService (DatanodeDeletedBlockTransactions.java:addTransactionToDN(50)) - Transaction added: 41bdc6fc-f730-460f-b2d8-92157d986a72 <- TX(54)
2021-08-14 14:05:27,093 [SCMBlockDeletingService#0] DEBUG block.SCMBlockDeletingService (DatanodeDeletedBlockTransactions.java:addTransactionToDN(50)) - Transaction added: a3a688a0-b759-42a1-9d42-7ea63bf88025 <- TX(55)
2021-08-14 14:05:27,093 [SCMBlockDeletingService#0] DEBUG block.SCMBlockDeletingService (DatanodeDeletedBlockTransactions.java:addTransactionToDN(50)) - Transaction added: 41bdc6fc-f730-460f-b2d8-92157d986a72 <- TX(55)
2021-08-14 14:05:27,093 [SCMBlockDeletingService#0] DEBUG block.SCMBlockDeletingService (DatanodeDeletedBlockTransactions.java:addTransactionToDN(50)) - Transaction added: 41bdc6fc-f730-460f-b2d8-92157d986a72 <- TX(56)
2021-08-14 14:05:27,093 [SCMBlockDeletingService#0] DEBUG block.SCMBlockDeletingService (DatanodeDeletedBlockTransactions.java:addTransactionToDN(50)) - Transaction added: a3a688a0-b759-42a1-9d42-7ea63bf88025 <- TX(56)
2021-08-14 14:05:27,095 [SCMBlockDeletingService#0] DEBUG block.SCMBlockDeletingService (SCMBlockDeletingService.java:call(164)) - Added delete block command for datanode a3a688a0-b759-42a1-9d42-7ea63bf88025 in the queue, number of delete block transactions: 38
2021-08-14 14:05:27,095 [SCMBlockDeletingService#0] DEBUG block.SCMBlockDeletingService (SCMBlockDeletingService.java:call(164)) - Added delete block command for datanode 41bdc6fc-f730-460f-b2d8-92157d986a72 in the queue, number of delete block transactions: 56
2021-08-14 14:05:27,095 [SCMBlockDeletingService#0] INFO  block.SCMBlockDeletingService (SCMBlockDeletingService.java:call(174)) - Totally added 94 blocks to be deleted for 2 datanodes, task elapsed time: 9ms
2021-08-14 14:05:27,186 [SCMBlockDeletingService#0] DEBUG block.SCMBlockDeletingService (SCMBlockDeletingService.java:call(133)) - Running DeletedBlockTransactionScanner
2021-08-14 14:05:27,186 [SCMBlockDeletingService#0] DEBUG block.SCMBlockDeletingService (DatanodeDeletedBlockTransactions.java:addTransactionToDN(50)) - Transaction added: 41bdc6fc-f730-460f-b2d8-92157d986a72 <- TX(1)
2021-08-14 14:05:27,186 [SCMBlockDeletingService#0] DEBUG block.SCMBlockDeletingService (DatanodeDeletedBlockTransactions.java:addTransactionToDN(50)) - Transaction added: 41bdc6fc-f730-460f-b2d8-92157d986a72 <- TX(2)
2021-08-14 14:05:27,186 [SCMBlockDeletingService#0] DEBUG block.SCMBlockDeletingService (DatanodeDeletedBlockTransactions.java:addTransactionToDN(50)) - Transaction added: 41bdc6fc-f730-460f-b2d8-92157d986a72 <- TX(3)
2021-08-14 14:05:27,186 [SCMBlockDeletingService#0] DEBUG block.SCMBlockDeletingService (DatanodeDeletedBlockTransactions.java:addTransactionToDN(50)) - Transaction added: 41bdc6fc-f730-460f-b2d8-92157d986a72 <- TX(4)
2021-08-14 14:05:27,186 [SCMBlockDeletingService#0] DEBUG block.SCMBlockDeletingService (DatanodeDeletedBlockTransactions.java:addTransactionToDN(50)) - Transaction added: 41bdc6fc-f730-460f-b2d8-92157d986a72 <- TX(5)
2021-08-14 14:05:27,186 [SCMBlockDeletingService#0] DEBUG block.SCMBlockDeletingService (DatanodeDeletedBlockTransactions.java:addTransactionToDN(50)) - Transaction added: 41bdc6fc-f730-460f-b2d8-92157d986a72 <- TX(6)
2021-08-14 14:05:27,186 [SCMBlockDeletingService#0] DEBUG block.SCMBlockDeletingService (DatanodeDeletedBlockTransactions.java:addTransactionToDN(50)) - Transaction added: 41bdc6fc-f730-460f-b2d8-92157d986a72 <- TX(7)
2021-08-14 14:05:27,186 [SCMBlockDeletingService#0] DEBUG block.SCMBlockDeletingService (DatanodeDeletedBlockTransactions.java:addTransactionToDN(50)) - Transaction added: 41bdc6fc-f730-460f-b2d8-92157d986a72 <- TX(8)
2021-08-14 14:05:27,186 [SCMBlockDeletingService#0] DEBUG block.SCMBlockDeletingService (DatanodeDeletedBlockTransactions.java:addTransactionToDN(50)) - Transaction added: 41bdc6fc-f730-460f-b2d8-92157d986a72 <- TX(9)
2021-08-14 14:05:27,186 [SCMBlockDeletingService#0] DEBUG block.SCMBlockDeletingService (DatanodeDeletedBlockTransactions.java:addTransactionToDN(50)) - Transaction added: 41bdc6fc-f730-460f-b2d8-92157d986a72 <- TX(10)
2021-08-14 14:05:27,186 [SCMBlockDeletingService#0] DEBUG block.SCMBlockDeletingService (DatanodeDeletedBlockTransactions.java:addTransactionToDN(50)) - Transaction added: 41bdc6fc-f730-460f-b2d8-92157d986a72 <- TX(11)
2021-08-14 14:05:27,186 [SCMBlockDeletingService#0] DEBUG block.SCMBlockDeletingService (DatanodeDeletedBlockTransactions.java:addTransactionToDN(50)) - Transaction added: 41bdc6fc-f730-460f-b2d8-92157d986a72 <- TX(12)
2021-08-14 14:05:27,186 [SCMBlockDeletingService#0] DEBUG block.SCMBlockDeletingService (DatanodeDeletedBlockTransactions.java:addTransactionToDN(50)) - Transaction added: 41bdc6fc-f730-460f-b2d8-92157d986a72 <- TX(13)
2021-08-14 14:05:27,186 [SCMBlockDeletingService#0] DEBUG block.SCMBlockDeletingService (DatanodeDeletedBlockTransactions.java:addTransactionToDN(50)) - Transaction added: 41bdc6fc-f730-460f-b2d8-92157d986a72 <- TX(14)
2021-08-14 14:05:27,186 [SCMBlockDeletingService#0] DEBUG block.SCMBlockDeletingService (DatanodeDeletedBlockTransactions.java:addTransactionToDN(50)) - Transaction added: 41bdc6fc-f730-460f-b2d8-92157d986a72 <- TX(15)
2021-08-14 14:05:27,186 [SCMBlockDeletingService#0] DEBUG block.SCMBlockDeletingService (DatanodeDeletedBlockTransactions.java:addTransactionToDN(50)) - Transaction added: 41bdc6fc-f730-460f-b2d8-92157d986a72 <- TX(16)
2021-08-14 14:05:27,187 [SCMBlockDeletingService#0] DEBUG block.SCMBlockDeletingService (DatanodeDeletedBlockTransactions.java:addTransactionToDN(50)) - Transaction added: 41bdc6fc-f730-460f-b2d8-92157d986a72 <- TX(17)
2021-08-14 14:05:27,187 [SCMBlockDeletingService#0] DEBUG block.SCMBlockDeletingService (DatanodeDeletedBlockTransactions.java:addTransactionToDN(50)) - Transaction added: 41bdc6fc-f730-460f-b2d8-92157d986a72 <- TX(18)
2021-08-14 14:05:27,187 [SCMBlockDeletingService#0] DEBUG block.SCMBlockDeletingService (DatanodeDeletedBlockTransactions.java:addTransactionToDN(50)) - Transaction added: 41bdc6fc-f730-460f-b2d8-92157d986a72 <- TX(19)
2021-08-14 14:05:27,187 [SCMBlockDeletingService#0] DEBUG block.SCMBlockDeletingService (DatanodeDeletedBlockTransactions.java:addTransactionToDN(50)) - Transaction added: a3a688a0-b759-42a1-9d42-7ea63bf88025 <- TX(19)
2021-08-14 14:05:27,187 [SCMBlockDeletingService#0] DEBUG block.SCMBlockDeletingService (DatanodeDeletedBlockTransactions.java:addTransactionToDN(50)) - Transaction added: a3a688a0-b759-42a1-9d42-7ea63bf88025 <- TX(20)
2021-08-14 14:05:27,187 [SCMBlockDeletingService#0] DEBUG block.SCMBlockDeletingService (DatanodeDeletedBlockTransactions.java:addTransactionToDN(50)) - Transaction added: 41bdc6fc-f730-460f-b2d8-92157d986a72 <- TX(20)
2021-08-14 14:05:27,187 [SCMBlockDeletingService#0] DEBUG block.SCMBlockDeletingService (DatanodeDeletedBlockTransactions.java:addTransactionToDN(50)) - Transaction added: a3a688a0-b759-42a1-9d42-7ea63bf88025 <- TX(21)
2021-08-14 14:05:27,187 [SCMBlockDeletingService#0] DEBUG block.SCMBlockDeletingService (DatanodeDeletedBlockTransactions.java:addTransactionToDN(50)) - Transaction added: 41bdc6fc-f730-460f-b2d8-92157d986a72 <- TX(21)
2021-08-14 14:05:27,187 [SCMBlockDeletingService#0] DEBUG block.SCMBlockDeletingService (DatanodeDeletedBlockTransactions.java:addTransactionToDN(50)) - Transaction added: a3a688a0-b759-42a1-9d42-7ea63bf88025 <- TX(22)
2021-08-14 14:05:27,187 [SCMBlockDeletingService#0] DEBUG block.SCMBlockDeletingService (DatanodeDeletedBlockTransactions.java:addTransactionToDN(50)) - Transaction added: 41bdc6fc-f730-460f-b2d8-92157d986a72 <- TX(22)
2021-08-14 14:05:27,187 [SCMBlockDeletingService#0] DEBUG block.SCMBlockDeletingService (DatanodeDeletedBlockTransactions.java:addTransactionToDN(50)) - Transaction added: a3a688a0-b759-42a1-9d42-7ea63bf88025 <- TX(23)
2021-08-14 14:05:27,187 [SCMBlockDeletingService#0] DEBUG block.SCMBlockDeletingService (DatanodeDeletedBlockTransactions.java:addTransactionToDN(50)) - Transaction added: 41bdc6fc-f730-460f-b2d8-92157d986a72 <- TX(23)
2021-08-14 14:05:27,187 [SCMBlockDeletingService#0] DEBUG block.SCMBlockDeletingService (DatanodeDeletedBlockTransactions.java:addTransactionToDN(50)) - Transaction added: 41bdc6fc-f730-460f-b2d8-92157d986a72 <- TX(24)
2021-08-14 14:05:27,187 [SCMBlockDeletingService#0] DEBUG block.SCMBlockDeletingService (DatanodeDeletedBlockTransactions.java:addTransactionToDN(50)) - Transaction added: a3a688a0-b759-42a1-9d42-7ea63bf88025 <- TX(24)
2021-08-14 14:05:27,187 [SCMBlockDeletingService#0] DEBUG block.SCMBlockDeletingService (DatanodeDeletedBlockTransactions.java:addTransactionToDN(50)) - Transaction added: a3a688a0-b759-42a1-9d42-7ea63bf88025 <- TX(25)
2021-08-14 14:05:27,187 [SCMBlockDeletingService#0] DEBUG block.SCMBlockDeletingService (DatanodeDeletedBlockTransactions.java:addTransactionToDN(50)) - Transaction added: 41bdc6fc-f730-460f-b2d8-92157d986a72 <- TX(25)
2021-08-14 14:05:27,187 [SCMBlockDeletingService#0] DEBUG block.SCMBlockDeletingService (DatanodeDeletedBlockTransactions.java:addTransactionToDN(50)) - Transaction added: 41bdc6fc-f730-460f-b2d8-92157d986a72 <- TX(26)
2021-08-14 14:05:27,187 [SCMBlockDeletingService#0] DEBUG block.SCMBlockDeletingService (DatanodeDeletedBlockTransactions.java:addTransactionToDN(50)) - Transaction added: a3a688a0-b759-42a1-9d42-7ea63bf88025 <- TX(26)
2021-08-14 14:05:27,187 [SCMBlockDeletingService#0] DEBUG block.SCMBlockDeletingService (DatanodeDeletedBlockTransactions.java:addTransactionToDN(50)) - Transaction added: a3a688a0-b759-42a1-9d42-7ea63bf88025 <- TX(27)
2021-08-14 14:05:27,187 [SCMBlockDeletingService#0] DEBUG block.SCMBlockDeletingService (DatanodeDeletedBlockTransactions.java:addTransactionToDN(50)) - Transaction added: 41bdc6fc-f730-460f-b2d8-92157d986a72 <- TX(27)
2021-08-14 14:05:27,187 [SCMBlockDeletingService#0] DEBUG block.SCMBlockDeletingService (DatanodeDeletedBlockTransactions.java:addTransactionToDN(50)) - Transaction added: 41bdc6fc-f730-460f-b2d8-92157d986a72 <- TX(28)
2021-08-14 14:05:27,187 [SCMBlockDeletingService#0] DEBUG block.SCMBlockDeletingService (DatanodeDeletedBlockTransactions.java:addTransactionToDN(50)) - Transaction added: a3a688a0-b759-42a1-9d42-7ea63bf88025 <- TX(28)
2021-08-14 14:05:27,187 [SCMBlockDeletingService#0] DEBUG block.SCMBlockDeletingService (DatanodeDeletedBlockTransactions.java:addTransactionToDN(50)) - Transaction added: a3a688a0-b759-42a1-9d42-7ea63bf88025 <- TX(29)
2021-08-14 14:05:27,187 [SCMBlockDeletingService#0] DEBUG block.SCMBlockDeletingService (DatanodeDeletedBlockTransactions.java:addTransactionToDN(50)) - Transaction added: 41bdc6fc-f730-460f-b2d8-92157d986a72 <- TX(29)
2021-08-14 14:05:27,187 [SCMBlockDeletingService#0] DEBUG block.SCMBlockDeletingService (DatanodeDeletedBlockTransactions.java:addTransactionToDN(50)) - Transaction added: a3a688a0-b759-42a1-9d42-7ea63bf88025 <- TX(30)
2021-08-14 14:05:27,187 [SCMBlockDeletingService#0] DEBUG block.SCMBlockDeletingService (DatanodeDeletedBlockTransactions.java:addTransactionToDN(50)) - Transaction added: 41bdc6fc-f730-460f-b2d8-92157d986a72 <- TX(30)
2021-08-14 14:05:27,187 [SCMBlockDeletingService#0] DEBUG block.SCMBlockDeletingService (DatanodeDeletedBlockTransactions.java:addTransactionToDN(50)) - Transaction added: 41bdc6fc-f730-460f-b2d8-92157d986a72 <- TX(31)
2021-08-14 14:05:27,187 [SCMBlockDeletingService#0] DEBUG block.SCMBlockDeletingService (DatanodeDeletedBlockTransactions.java:addTransactionToDN(50)) - Transaction added: a3a688a0-b759-42a1-9d42-7ea63bf88025 <- TX(31)
2021-08-14 14:05:27,187 [SCMBlockDeletingService#0] DEBUG block.SCMBlockDeletingService (DatanodeDeletedBlockTransactions.java:addTransactionToDN(50)) - Transaction added: a3a688a0-b759-42a1-9d42-7ea63bf88025 <- TX(32)
2021-08-14 14:05:27,187 [SCMBlockDeletingService#0] DEBUG block.SCMBlockDeletingService (DatanodeDeletedBlockTransactions.java:addTransactionToDN(50)) - Transaction added: 41bdc6fc-f730-460f-b2d8-92157d986a72 <- TX(32)
2021-08-14 14:05:27,188 [SCMBlockDeletingService#0] DEBUG block.SCMBlockDeletingService (DatanodeDeletedBlockTransactions.java:addTransactionToDN(50)) - Transaction added: 41bdc6fc-f730-460f-b2d8-92157d986a72 <- TX(33)
2021-08-14 14:05:27,188 [SCMBlockDeletingService#0] DEBUG block.SCMBlockDeletingService (DatanodeDeletedBlockTransactions.java:addTransactionToDN(50)) - Transaction added: a3a688a0-b759-42a1-9d42-7ea63bf88025 <- TX(33)
2021-08-14 14:05:27,188 [SCMBlockDeletingService#0] DEBUG block.SCMBlockDeletingService (DatanodeDeletedBlockTransactions.java:addTransactionToDN(50)) - Transaction added: a3a688a0-b759-42a1-9d42-7ea63bf88025 <- TX(34)
2021-08-14 14:05:27,188 [SCMBlockDeletingService#0] DEBUG block.SCMBlockDeletingService (DatanodeDeletedBlockTransactions.java:addTransactionToDN(50)) - Transaction added: 41bdc6fc-f730-460f-b2d8-92157d986a72 <- TX(34)
2021-08-14 14:05:27,188 [SCMBlockDeletingService#0] DEBUG block.SCMBlockDeletingService (DatanodeDeletedBlockTransactions.java:addTransactionToDN(50)) - Transaction added: 41bdc6fc-f730-460f-b2d8-92157d986a72 <- TX(35)
2021-08-14 14:05:27,188 [SCMBlockDeletingService#0] DEBUG block.SCMBlockDeletingService (DatanodeDeletedBlockTransactions.java:addTransactionToDN(50)) - Transaction added: a3a688a0-b759-42a1-9d42-7ea63bf88025 <- TX(35)
2021-08-14 14:05:27,188 [SCMBlockDeletingService#0] DEBUG block.SCMBlockDeletingService (DatanodeDeletedBlockTransactions.java:addTransactionToDN(50)) - Transaction added: a3a688a0-b759-42a1-9d42-7ea63bf88025 <- TX(36)
2021-08-14 14:05:27,188 [SCMBlockDeletingService#0] DEBUG block.SCMBlockDeletingService (DatanodeDeletedBlockTransactions.java:addTransactionToDN(50)) - Transaction added: 41bdc6fc-f730-460f-b2d8-92157d986a72 <- TX(36)
2021-08-14 14:05:27,188 [SCMBlockDeletingService#0] DEBUG block.SCMBlockDeletingService (DatanodeDeletedBlockTransactions.java:addTransactionToDN(50)) - Transaction added: a3a688a0-b759-42a1-9d42-7ea63bf88025 <- TX(37)
2021-08-14 14:05:27,188 [SCMBlockDeletingService#0] DEBUG block.SCMBlockDeletingService (DatanodeDeletedBlockTransactions.java:addTransactionToDN(50)) - Transaction added: 41bdc6fc-f730-460f-b2d8-92157d986a72 <- TX(37)
2021-08-14 14:05:27,188 [SCMBlockDeletingService#0] DEBUG block.SCMBlockDeletingService (DatanodeDeletedBlockTransactions.java:addTransactionToDN(50)) - Transaction added: a3a688a0-b759-42a1-9d42-7ea63bf88025 <- TX(38)
2021-08-14 14:05:27,188 [SCMBlockDeletingService#0] DEBUG block.SCMBlockDeletingService (DatanodeDeletedBlockTransactions.java:addTransactionToDN(50)) - Transaction added: 41bdc6fc-f730-460f-b2d8-92157d986a72 <- TX(38)
2021-08-14 14:05:27,188 [SCMBlockDeletingService#0] DEBUG block.SCMBlockDeletingService (DatanodeDeletedBlockTransactions.java:addTransactionToDN(50)) - Transaction added: a3a688a0-b759-42a1-9d42-7ea63bf88025 <- TX(39)
2021-08-14 14:05:27,188 [SCMBlockDeletingService#0] DEBUG block.SCMBlockDeletingService (DatanodeDeletedBlockTransactions.java:addTransactionToDN(50)) - Transaction added: 41bdc6fc-f730-460f-b2d8-92157d986a72 <- TX(39)
2021-08-14 14:05:27,188 [SCMBlockDeletingService#0] DEBUG block.SCMBlockDeletingService (DatanodeDeletedBlockTransactions.java:addTransactionToDN(50)) - Transaction added: 41bdc6fc-f730-460f-b2d8-92157d986a72 <- TX(40)
2021-08-14 14:05:27,188 [SCMBlockDeletingService#0] DEBUG block.SCMBlockDeletingService (DatanodeDeletedBlockTransactions.java:addTransactionToDN(50)) - Transaction added: a3a688a0-b759-42a1-9d42-7ea63bf88025 <- TX(40)
2021-08-14 14:05:27,188 [SCMBlockDeletingService#0] DEBUG block.SCMBlockDeletingService (DatanodeDeletedBlockTransactions.java:addTransactionToDN(50)) - Transaction added: a3a688a0-b759-42a1-9d42-7ea63bf88025 <- TX(41)
2021-08-14 14:05:27,188 [SCMBlockDeletingService#0] DEBUG block.SCMBlockDeletingService (DatanodeDeletedBlockTransactions.java:addTransactionToDN(50)) - Transaction added: 41bdc6fc-f730-460f-b2d8-92157d986a72 <- TX(41)
2021-08-14 14:05:27,188 [SCMBlockDeletingService#0] DEBUG block.SCMBlockDeletingService (DatanodeDeletedBlockTransactions.java:addTransactionToDN(50)) - Transaction added: 41bdc6fc-f730-460f-b2d8-92157d986a72 <- TX(42)
2021-08-14 14:05:27,188 [SCMBlockDeletingService#0] DEBUG block.SCMBlockDeletingService (DatanodeDeletedBlockTransactions.java:addTransactionToDN(50)) - Transaction added: a3a688a0-b759-42a1-9d42-7ea63bf88025 <- TX(42)
2021-08-14 14:05:27,188 [SCMBlockDeletingService#0] DEBUG block.SCMBlockDeletingService (DatanodeDeletedBlockTransactions.java:addTransactionToDN(50)) - Transaction added: a3a688a0-b759-42a1-9d42-7ea63bf88025 <- TX(43)
2021-08-14 14:05:27,188 [SCMBlockDeletingService#0] DEBUG block.SCMBlockDeletingService (DatanodeDeletedBlockTransactions.java:addTransactionToDN(50)) - Transaction added: 41bdc6fc-f730-460f-b2d8-92157d986a72 <- TX(43)
2021-08-14 14:05:27,188 [SCMBlockDeletingService#0] DEBUG block.SCMBlockDeletingService (DatanodeDeletedBlockTransactions.java:addTransactionToDN(50)) - Transaction added: 41bdc6fc-f730-460f-b2d8-92157d986a72 <- TX(44)
2021-08-14 14:05:27,188 [SCMBlockDeletingService#0] DEBUG block.SCMBlockDeletingService (DatanodeDeletedBlockTransactions.java:addTransactionToDN(50)) - Transaction added: a3a688a0-b759-42a1-9d42-7ea63bf88025 <- TX(44)
2021-08-14 14:05:27,188 [SCMBlockDeletingService#0] DEBUG block.SCMBlockDeletingService (DatanodeDeletedBlockTransactions.java:addTransactionToDN(50)) - Transaction added: a3a688a0-b759-42a1-9d42-7ea63bf88025 <- TX(45)
2021-08-14 14:05:27,188 [SCMBlockDeletingService#0] DEBUG block.SCMBlockDeletingService (DatanodeDeletedBlockTransactions.java:addTransactionToDN(50)) - Transaction added: 41bdc6fc-f730-460f-b2d8-92157d986a72 <- TX(45)
2021-08-14 14:05:27,188 [SCMBlockDeletingService#0] DEBUG block.SCMBlockDeletingService (DatanodeDeletedBlockTransactions.java:addTransactionToDN(50)) - Transaction added: a3a688a0-b759-42a1-9d42-7ea63bf88025 <- TX(46)
2021-08-14 14:05:27,189 [SCMBlockDeletingService#0] DEBUG block.SCMBlockDeletingService (DatanodeDeletedBlockTransactions.java:addTransactionToDN(50)) - Transaction added: 41bdc6fc-f730-460f-b2d8-92157d986a72 <- TX(46)
2021-08-14 14:05:27,189 [SCMBlockDeletingService#0] DEBUG block.SCMBlockDeletingService (DatanodeDeletedBlockTransactions.java:addTransactionToDN(50)) - Transaction added: 41bdc6fc-f730-460f-b2d8-92157d986a72 <- TX(47)
2021-08-14 14:05:27,189 [SCMBlockDeletingService#0] DEBUG block.SCMBlockDeletingService (DatanodeDeletedBlockTransactions.java:addTransactionToDN(50)) - Transaction added: a3a688a0-b759-42a1-9d42-7ea63bf88025 <- TX(47)
2021-08-14 14:05:27,189 [SCMBlockDeletingService#0] DEBUG block.SCMBlockDeletingService (DatanodeDeletedBlockTransactions.java:addTransactionToDN(50)) - Transaction added: a3a688a0-b759-42a1-9d42-7ea63bf88025 <- TX(48)
2021-08-14 14:05:27,189 [SCMBlockDeletingService#0] DEBUG block.SCMBlockDeletingService (DatanodeDeletedBlockTransactions.java:addTransactionToDN(50)) - Transaction added: 41bdc6fc-f730-460f-b2d8-92157d986a72 <- TX(48)
2021-08-14 14:05:27,189 [SCMBlockDeletingService#0] DEBUG block.SCMBlockDeletingService (DatanodeDeletedBlockTransactions.java:addTransactionToDN(50)) - Transaction added: 41bdc6fc-f730-460f-b2d8-92157d986a72 <- TX(49)
2021-08-14 14:05:27,189 [SCMBlockDeletingService#0] DEBUG block.SCMBlockDeletingService (DatanodeDeletedBlockTransactions.java:addTransactionToDN(50)) - Transaction added: a3a688a0-b759-42a1-9d42-7ea63bf88025 <- TX(49)
2021-08-14 14:05:27,189 [SCMBlockDeletingService#0] DEBUG block.SCMBlockDeletingService (DatanodeDeletedBlockTransactions.java:addTransactionToDN(50)) - Transaction added: a3a688a0-b759-42a1-9d42-7ea63bf88025 <- TX(50)
2021-08-14 14:05:27,189 [SCMBlockDeletingService#0] DEBUG block.SCMBlockDeletingService (DatanodeDeletedBlockTransactions.java:addTransactionToDN(50)) - Transaction added: 41bdc6fc-f730-460f-b2d8-92157d986a72 <- TX(50)
2021-08-14 14:05:27,189 [SCMBlockDeletingService#0] DEBUG block.SCMBlockDeletingService (DatanodeDeletedBlockTransactions.java:addTransactionToDN(50)) - Transaction added: 41bdc6fc-f730-460f-b2d8-92157d986a72 <- TX(51)
2021-08-14 14:05:27,189 [SCMBlockDeletingService#0] DEBUG block.SCMBlockDeletingService (DatanodeDeletedBlockTransactions.java:addTransactionToDN(50)) - Transaction added: a3a688a0-b759-42a1-9d42-7ea63bf88025 <- TX(51)
2021-08-14 14:05:27,189 [SCMBlockDeletingService#0] DEBUG block.SCMBlockDeletingService (DatanodeDeletedBlockTransactions.java:addTransactionToDN(50)) - Transaction added: a3a688a0-b759-42a1-9d42-7ea63bf88025 <- TX(52)
2021-08-14 14:05:27,189 [SCMBlockDeletingService#0] DEBUG block.SCMBlockDeletingService (DatanodeDeletedBlockTransactions.java:addTransactionToDN(50)) - Transaction added: 41bdc6fc-f730-460f-b2d8-92157d986a72 <- TX(52)
2021-08-14 14:05:27,189 [SCMBlockDeletingService#0] DEBUG block.SCMBlockDeletingService (DatanodeDeletedBlockTransactions.java:addTransactionToDN(50)) - Transaction added: a3a688a0-b759-42a1-9d42-7ea63bf88025 <- TX(53)
2021-08-14 14:05:27,189 [SCMBlockDeletingService#0] DEBUG block.SCMBlockDeletingService (DatanodeDeletedBlockTransactions.java:addTransactionToDN(50)) - Transaction added: 41bdc6fc-f730-460f-b2d8-92157d986a72 <- TX(53)
2021-08-14 14:05:27,189 [SCMBlockDeletingService#0] DEBUG block.SCMBlockDeletingService (DatanodeDeletedBlockTransactions.java:addTransactionToDN(50)) - Transaction added: a3a688a0-b759-42a1-9d42-7ea63bf88025 <- TX(54)
2021-08-14 14:05:27,189 [SCMBlockDeletingService#0] DEBUG block.SCMBlockDeletingService (DatanodeDeletedBlockTransactions.java:addTransactionToDN(50)) - Transaction added: 41bdc6fc-f730-460f-b2d8-92157d986a72 <- TX(54)
2021-08-14 14:05:27,189 [SCMBlockDeletingService#0] DEBUG block.SCMBlockDeletingService (DatanodeDeletedBlockTransactions.java:addTransactionToDN(50)) - Transaction added: a3a688a0-b759-42a1-9d42-7ea63bf88025 <- TX(55)
2021-08-14 14:05:27,189 [SCMBlockDeletingService#0] DEBUG block.SCMBlockDeletingService (DatanodeDeletedBlockTransactions.java:addTransactionToDN(50)) - Transaction added: 41bdc6fc-f730-460f-b2d8-92157d986a72 <- TX(55)
2021-08-14 14:05:27,189 [SCMBlockDeletingService#0] DEBUG block.SCMBlockDeletingService (DatanodeDeletedBlockTransactions.java:addTransactionToDN(50)) - Transaction added: 41bdc6fc-f730-460f-b2d8-92157d986a72 <- TX(56)
2021-08-14 14:05:27,189 [SCMBlockDeletingService#0] DEBUG block.SCMBlockDeletingService (DatanodeDeletedBlockTransactions.java:addTransactionToDN(50)) - Transaction added: a3a688a0-b759-42a1-9d42-7ea63bf88025 <- TX(56)
2021-08-14 14:05:27,189 [SCMBlockDeletingService#0] DEBUG block.SCMBlockDeletingService (SCMBlockDeletingService.java:call(164)) - Added delete block command for datanode a3a688a0-b759-42a1-9d42-7ea63bf88025 in the queue, number of delete block transactions: 38
2021-08-14 14:05:27,189 [SCMBlockDeletingService#0] DEBUG block.SCMBlockDeletingService (SCMBlockDeletingService.java:call(164)) - Added delete block command for datanode 41bdc6fc-f730-460f-b2d8-92157d986a72 in the queue, number of delete block transactions: 56
2021-08-14 14:05:27,189 [SCMBlockDeletingService#0] INFO  block.SCMBlockDeletingService (SCMBlockDeletingService.java:call(174)) - Totally added 94 blocks to be deleted for 2 datanodes, task elapsed time: 3ms
2021-08-14 14:05:27,286 [SCMBlockDeletingService#0] DEBUG block.SCMBlockDeletingService (SCMBlockDeletingService.java:call(133)) - Running DeletedBlockTransactionScanner
2021-08-14 14:05:27,286 [SCMBlockDeletingService#0] DEBUG block.SCMBlockDeletingService (DatanodeDeletedBlockTransactions.java:addTransactionToDN(50)) - Transaction added: 41bdc6fc-f730-460f-b2d8-92157d986a72 <- TX(1)
2021-08-14 14:05:27,286 [SCMBlockDeletingService#0] DEBUG block.SCMBlockDeletingService (DatanodeDeletedBlockTransactions.java:addTransactionToDN(50)) - Transaction added: 41bdc6fc-f730-460f-b2d8-92157d986a72 <- TX(2)
2021-08-14 14:05:27,286 [SCMBlockDeletingService#0] DEBUG block.SCMBlockDeletingService (DatanodeDeletedBlockTransactions.java:addTransactionToDN(50)) - Transaction added: 41bdc6fc-f730-460f-b2d8-92157d986a72 <- TX(3)
2021-08-14 14:05:27,286 [SCMBlockDeletingService#0] DEBUG block.SCMBlockDeletingService (DatanodeDeletedBlockTransactions.java:addTransactionToDN(50)) - Transaction added: 41bdc6fc-f730-460f-b2d8-92157d986a72 <- TX(4)
2021-08-14 14:05:27,286 [SCMBlockDeletingService#0] DEBUG block.SCMBlockDeletingService (DatanodeDeletedBlockTransactions.java:addTransactionToDN(50)) - Transaction added: 41bdc6fc-f730-460f-b2d8-92157d986a72 <- TX(5)
2021-08-14 14:05:27,286 [SCMBlockDeletingService#0] DEBUG block.SCMBlockDeletingService (DatanodeDeletedBlockTransactions.java:addTransactionToDN(50)) - Transaction added: 41bdc6fc-f730-460f-b2d8-92157d986a72 <- TX(6)
2021-08-14 14:05:27,286 [SCMBlockDeletingService#0] DEBUG block.SCMBlockDeletingService (DatanodeDeletedBlockTransactions.java:addTransactionToDN(50)) - Transaction added: 41bdc6fc-f730-460f-b2d8-92157d986a72 <- TX(7)
2021-08-14 14:05:27,286 [SCMBlockDeletingService#0] DEBUG block.SCMBlockDeletingService (DatanodeDeletedBlockTransactions.java:addTransactionToDN(50)) - Transaction added: 41bdc6fc-f730-460f-b2d8-92157d986a72 <- TX(8)
2021-08-14 14:05:27,286 [SCMBlockDeletingService#0] DEBUG block.SCMBlockDeletingService (DatanodeDeletedBlockTransactions.java:addTransactionToDN(50)) - Transaction added: 41bdc6fc-f730-460f-b2d8-92157d986a72 <- TX(9)
2021-08-14 14:05:27,286 [SCMBlockDeletingService#0] DEBUG block.SCMBlockDeletingService (DatanodeDeletedBlockTransactions.java:addTransactionToDN(50)) - Transaction added: 41bdc6fc-f730-460f-b2d8-92157d986a72 <- TX(10)
2021-08-14 14:05:27,286 [SCMBlockDeletingService#0] DEBUG block.SCMBlockDeletingService (DatanodeDeletedBlockTransactions.java:addTransactionToDN(50)) - Transaction added: 41bdc6fc-f730-460f-b2d8-92157d986a72 <- TX(11)
2021-08-14 14:05:27,286 [SCMBlockDeletingService#0] DEBUG block.SCMBlockDeletingService (DatanodeDeletedBlockTransactions.java:addTransactionToDN(50)) - Transaction added: 41bdc6fc-f730-460f-b2d8-92157d986a72 <- TX(12)
2021-08-14 14:05:27,286 [SCMBlockDeletingService#0] DEBUG block.SCMBlockDeletingService (DatanodeDeletedBlockTransactions.java:addTransactionToDN(50)) - Transaction added: 41bdc6fc-f730-460f-b2d8-92157d986a72 <- TX(13)
2021-08-14 14:05:27,286 [SCMBlockDeletingService#0] DEBUG block.SCMBlockDeletingService (DatanodeDeletedBlockTransactions.java:addTransactionToDN(50)) - Transaction added: 41bdc6fc-f730-460f-b2d8-92157d986a72 <- TX(14)
2021-08-14 14:05:27,286 [SCMBlockDeletingService#0] DEBUG block.SCMBlockDeletingService (DatanodeDeletedBlockTransactions.java:addTransactionToDN(50)) - Transaction added: 41bdc6fc-f730-460f-b2d8-92157d986a72 <- TX(15)
2021-08-14 14:05:27,287 [SCMBlockDeletingService#0] DEBUG block.SCMBlockDeletingService (DatanodeDeletedBlockTransactions.java:addTransactionToDN(50)) - Transaction added: 41bdc6fc-f730-460f-b2d8-92157d986a72 <- TX(16)
2021-08-14 14:05:27,287 [SCMBlockDeletingService#0] DEBUG block.SCMBlockDeletingService (DatanodeDeletedBlockTransactions.java:addTransactionToDN(50)) - Transaction added: 41bdc6fc-f730-460f-b2d8-92157d986a72 <- TX(17)
2021-08-14 14:05:27,287 [SCMBlockDeletingService#0] DEBUG block.SCMBlockDeletingService (DatanodeDeletedBlockTransactions.java:addTransactionToDN(50)) - Transaction added: 41bdc6fc-f730-460f-b2d8-92157d986a72 <- TX(18)
2021-08-14 14:05:27,287 [SCMBlockDeletingService#0] DEBUG block.SCMBlockDeletingService (DatanodeDeletedBlockTransactions.java:addTransactionToDN(50)) - Transaction added: 41bdc6fc-f730-460f-b2d8-92157d986a72 <- TX(19)
2021-08-14 14:05:27,287 [SCMBlockDeletingService#0] DEBUG block.SCMBlockDeletingService (DatanodeDeletedBlockTransactions.java:addTransactionToDN(50)) - Transaction added: a3a688a0-b759-42a1-9d42-7ea63bf88025 <- TX(19)
2021-08-14 14:05:27,287 [SCMBlockDeletingService#0] DEBUG block.SCMBlockDeletingService (DatanodeDeletedBlockTransactions.java:addTransactionToDN(50)) - Transaction added: a3a688a0-b759-42a1-9d42-7ea63bf88025 <- TX(20)
2021-08-14 14:05:27,287 [SCMBlockDeletingService#0] DEBUG block.SCMBlockDeletingService (DatanodeDeletedBlockTransactions.java:addTransactionToDN(50)) - Transaction added: 41bdc6fc-f730-460f-b2d8-92157d986a72 <- TX(20)
2021-08-14 14:05:27,287 [SCMBlockDeletingService#0] DEBUG block.SCMBlockDeletingService (DatanodeDeletedBlockTransactions.java:addTransactionToDN(50)) - Transaction added: a3a688a0-b759-42a1-9d42-7ea63bf88025 <- TX(21)
2021-08-14 14:05:27,287 [SCMBlockDeletingService#0] DEBUG block.SCMBlockDeletingService (DatanodeDeletedBlockTransactions.java:addTransactionToDN(50)) - Transaction added: 41bdc6fc-f730-460f-b2d8-92157d986a72 <- TX(21)
2021-08-14 14:05:27,287 [SCMBlockDeletingService#0] DEBUG block.SCMBlockDeletingService (DatanodeDeletedBlockTransactions.java:addTransactionToDN(50)) - Transaction added: a3a688a0-b759-42a1-9d42-7ea63bf88025 <- TX(22)
2021-08-14 14:05:27,287 [SCMBlockDeletingService#0] DEBUG block.SCMBlockDeletingService (DatanodeDeletedBlockTransactions.java:addTransactionToDN(50)) - Transaction added: 41bdc6fc-f730-460f-b2d8-92157d986a72 <- TX(22)
2021-08-14 14:05:27,287 [SCMBlockDeletingService#0] DEBUG block.SCMBlockDeletingService (DatanodeDeletedBlockTransactions.java:addTransactionToDN(50)) - Transaction added: a3a688a0-b759-42a1-9d42-7ea63bf88025 <- TX(23)
2021-08-14 14:05:27,287 [SCMBlockDeletingService#0] DEBUG block.SCMBlockDeletingService (DatanodeDeletedBlockTransactions.java:addTransactionToDN(50)) - Transaction added: 41bdc6fc-f730-460f-b2d8-92157d986a72 <- TX(23)
2021-08-14 14:05:27,287 [SCMBlockDeletingService#0] DEBUG block.SCMBlockDeletingService (DatanodeDeletedBlockTransactions.java:addTransactionToDN(50)) - Transaction added: 41bdc6fc-f730-460f-b2d8-92157d986a72 <- TX(24)
2021-08-14 14:05:27,287 [SCMBlockDeletingService#0] DEBUG block.SCMBlockDeletingService (DatanodeDeletedBlockTransactions.java:addTransactionToDN(50)) - Transaction added: a3a688a0-b759-42a1-9d42-7ea63bf88025 <- TX(24)
2021-08-14 14:05:27,287 [SCMBlockDeletingService#0] DEBUG block.SCMBlockDeletingService (DatanodeDeletedBlockTransactions.java:addTransactionToDN(50)) - Transaction added: a3a688a0-b759-42a1-9d42-7ea63bf88025 <- TX(25)
2021-08-14 14:05:27,287 [SCMBlockDeletingService#0] DEBUG block.SCMBlockDeletingService (DatanodeDeletedBlockTransactions.java:addTransactionToDN(50)) - Transaction added: 41bdc6fc-f730-460f-b2d8-92157d986a72 <- TX(25)
2021-08-14 14:05:27,287 [SCMBlockDeletingService#0] DEBUG block.SCMBlockDeletingService (DatanodeDeletedBlockTransactions.java:addTransactionToDN(50)) - Transaction added: 41bdc6fc-f730-460f-b2d8-92157d986a72 <- TX(26)
2021-08-14 14:05:27,287 [SCMBlockDeletingService#0] DEBUG block.SCMBlockDeletingService (DatanodeDeletedBlockTransactions.java:addTransactionToDN(50)) - Transaction added: a3a688a0-b759-42a1-9d42-7ea63bf88025 <- TX(26)
2021-08-14 14:05:27,287 [SCMBlockDeletingService#0] DEBUG block.SCMBlockDeletingService (DatanodeDeletedBlockTransactions.java:addTransactionToDN(50)) - Transaction added: a3a688a0-b759-42a1-9d42-7ea63bf88025 <- TX(27)
2021-08-14 14:05:27,287 [SCMBlockDeletingService#0] DEBUG block.SCMBlockDeletingService (DatanodeDeletedBlockTransactions.java:addTransactionToDN(50)) - Transaction added: 41bdc6fc-f730-460f-b2d8-92157d986a72 <- TX(27)
2021-08-14 14:05:27,287 [SCMBlockDeletingService#0] DEBUG block.SCMBlockDeletingService (DatanodeDeletedBlockTransactions.java:addTransactionToDN(50)) - Transaction added: 41bdc6fc-f730-460f-b2d8-92157d986a72 <- TX(28)
2021-08-14 14:05:27,287 [SCMBlockDeletingService#0] DEBUG block.SCMBlockDeletingService (DatanodeDeletedBlockTransactions.java:addTransactionToDN(50)) - Transaction added: a3a688a0-b759-42a1-9d42-7ea63bf88025 <- TX(28)
2021-08-14 14:05:27,287 [SCMBlockDeletingService#0] DEBUG block.SCMBlockDeletingService (DatanodeDeletedBlockTransactions.java:addTransactionToDN(50)) - Transaction added: a3a688a0-b759-42a1-9d42-7ea63bf88025 <- TX(29)
2021-08-14 14:05:27,287 [SCMBlockDeletingService#0] DEBUG block.SCMBlockDeletingService (DatanodeDeletedBlockTransactions.java:addTransactionToDN(50)) - Transaction added: 41bdc6fc-f730-460f-b2d8-92157d986a72 <- TX(29)
2021-08-14 14:05:27,287 [SCMBlockDeletingService#0] DEBUG block.SCMBlockDeletingService (DatanodeDeletedBlockTransactions.java:addTransactionToDN(50)) - Transaction added: a3a688a0-b759-42a1-9d42-7ea63bf88025 <- TX(30)
2021-08-14 14:05:27,287 [SCMBlockDeletingService#0] DEBUG block.SCMBlockDeletingService (DatanodeDeletedBlockTransactions.java:addTransactionToDN(50)) - Transaction added: 41bdc6fc-f730-460f-b2d8-92157d986a72 <- TX(30)
2021-08-14 14:05:27,287 [SCMBlockDeletingService#0] DEBUG block.SCMBlockDeletingService (DatanodeDeletedBlockTransactions.java:addTransactionToDN(50)) - Transaction added: 41bdc6fc-f730-460f-b2d8-92157d986a72 <- TX(31)
2021-08-14 14:05:27,287 [SCMBlockDeletingService#0] DEBUG block.SCMBlockDeletingService (DatanodeDeletedBlockTransactions.java:addTransactionToDN(50)) - Transaction added: a3a688a0-b759-42a1-9d42-7ea63bf88025 <- TX(31)
2021-08-14 14:05:27,288 [SCMBlockDeletingService#0] DEBUG block.SCMBlockDeletingService (DatanodeDeletedBlockTransactions.java:addTransactionToDN(50)) - Transaction added: a3a688a0-b759-42a1-9d42-7ea63bf88025 <- TX(32)
2021-08-14 14:05:27,288 [SCMBlockDeletingService#0] DEBUG block.SCMBlockDeletingService (DatanodeDeletedBlockTransactions.java:addTransactionToDN(50)) - Transaction added: 41bdc6fc-f730-460f-b2d8-92157d986a72 <- TX(32)
2021-08-14 14:05:27,288 [SCMBlockDeletingService#0] DEBUG block.SCMBlockDeletingService (DatanodeDeletedBlockTransactions.java:addTransactionToDN(50)) - Transaction added: 41bdc6fc-f730-460f-b2d8-92157d986a72 <- TX(33)
2021-08-14 14:05:27,288 [SCMBlockDeletingService#0] DEBUG block.SCMBlockDeletingService (DatanodeDeletedBlockTransactions.java:addTransactionToDN(50)) - Transaction added: a3a688a0-b759-42a1-9d42-7ea63bf88025 <- TX(33)
2021-08-14 14:05:27,288 [SCMBlockDeletingService#0] DEBUG block.SCMBlockDeletingService (DatanodeDeletedBlockTransactions.java:addTransactionToDN(50)) - Transaction added: a3a688a0-b759-42a1-9d42-7ea63bf88025 <- TX(34)
2021-08-14 14:05:27,288 [SCMBlockDeletingService#0] DEBUG block.SCMBlockDeletingService (DatanodeDeletedBlockTransactions.java:addTransactionToDN(50)) - Transaction added: 41bdc6fc-f730-460f-b2d8-92157d986a72 <- TX(34)
2021-08-14 14:05:27,288 [SCMBlockDeletingService#0] DEBUG block.SCMBlockDeletingService (DatanodeDeletedBlockTransactions.java:addTransactionToDN(50)) - Transaction added: 41bdc6fc-f730-460f-b2d8-92157d986a72 <- TX(35)
2021-08-14 14:05:27,288 [SCMBlockDeletingService#0] DEBUG block.SCMBlockDeletingService (DatanodeDeletedBlockTransactions.java:addTransactionToDN(50)) - Transaction added: a3a688a0-b759-42a1-9d42-7ea63bf88025 <- TX(35)
2021-08-14 14:05:27,288 [SCMBlockDeletingService#0] DEBUG block.SCMBlockDeletingService (DatanodeDeletedBlockTransactions.java:addTransactionToDN(50)) - Transaction added: a3a688a0-b759-42a1-9d42-7ea63bf88025 <- TX(36)
2021-08-14 14:05:27,288 [SCMBlockDeletingService#0] DEBUG block.SCMBlockDeletingService (DatanodeDeletedBlockTransactions.java:addTransactionToDN(50)) - Transaction added: 41bdc6fc-f730-460f-b2d8-92157d986a72 <- TX(36)
2021-08-14 14:05:27,288 [SCMBlockDeletingService#0] DEBUG block.SCMBlockDeletingService (DatanodeDeletedBlockTransactions.java:addTransactionToDN(50)) - Transaction added: a3a688a0-b759-42a1-9d42-7ea63bf88025 <- TX(37)
2021-08-14 14:05:27,288 [SCMBlockDeletingService#0] DEBUG block.SCMBlockDeletingService (DatanodeDeletedBlockTransactions.java:addTransactionToDN(50)) - Transaction added: 41bdc6fc-f730-460f-b2d8-92157d986a72 <- TX(37)
2021-08-14 14:05:27,288 [SCMBlockDeletingService#0] DEBUG block.SCMBlockDeletingService (DatanodeDeletedBlockTransactions.java:addTransactionToDN(50)) - Transaction added: a3a688a0-b759-42a1-9d42-7ea63bf88025 <- TX(38)
2021-08-14 14:05:27,288 [SCMBlockDeletingService#0] DEBUG block.SCMBlockDeletingService (DatanodeDeletedBlockTransactions.java:addTransactionToDN(50)) - Transaction added: 41bdc6fc-f730-460f-b2d8-92157d986a72 <- TX(38)
2021-08-14 14:05:27,288 [SCMBlockDeletingService#0] DEBUG block.SCMBlockDeletingService (DatanodeDeletedBlockTransactions.java:addTransactionToDN(50)) - Transaction added: a3a688a0-b759-42a1-9d42-7ea63bf88025 <- TX(39)
2021-08-14 14:05:27,288 [SCMBlockDeletingService#0] DEBUG block.SCMBlockDeletingService (DatanodeDeletedBlockTransactions.java:addTransactionToDN(50)) - Transaction added: 41bdc6fc-f730-460f-b2d8-92157d986a72 <- TX(39)
2021-08-14 14:05:27,288 [SCMBlockDeletingService#0] DEBUG block.SCMBlockDeletingService (DatanodeDeletedBlockTransactions.java:addTransactionToDN(50)) - Transaction added: 41bdc6fc-f730-460f-b2d8-92157d986a72 <- TX(40)
2021-08-14 14:05:27,288 [SCMBlockDeletingService#0] DEBUG block.SCMBlockDeletingService (DatanodeDeletedBlockTransactions.java:addTransactionToDN(50)) - Transaction added: a3a688a0-b759-42a1-9d42-7ea63bf88025 <- TX(40)
2021-08-14 14:05:27,288 [SCMBlockDeletingService#0] DEBUG block.SCMBlockDeletingService (DatanodeDeletedBlockTransactions.java:addTransactionToDN(50)) - Transaction added: a3a688a0-b759-42a1-9d42-7ea63bf88025 <- TX(41)
2021-08-14 14:05:27,288 [SCMBlockDeletingService#0] DEBUG block.SCMBlockDeletingService (DatanodeDeletedBlockTransactions.java:addTransactionToDN(50)) - Transaction added: 41bdc6fc-f730-460f-b2d8-92157d986a72 <- TX(41)
2021-08-14 14:05:27,288 [SCMBlockDeletingService#0] DEBUG block.SCMBlockDeletingService (DatanodeDeletedBlockTransactions.java:addTransactionToDN(50)) - Transaction added: 41bdc6fc-f730-460f-b2d8-92157d986a72 <- TX(42)
2021-08-14 14:05:27,288 [SCMBlockDeletingService#0] DEBUG block.SCMBlockDeletingService (DatanodeDeletedBlockTransactions.java:addTransactionToDN(50)) - Transaction added: a3a688a0-b759-42a1-9d42-7ea63bf88025 <- TX(42)
2021-08-14 14:05:27,288 [SCMBlockDeletingService#0] DEBUG block.SCMBlockDeletingService (DatanodeDeletedBlockTransactions.java:addTransactionToDN(50)) - Transaction added: a3a688a0-b759-42a1-9d42-7ea63bf88025 <- TX(43)
2021-08-14 14:05:27,288 [SCMBlockDeletingService#0] DEBUG block.SCMBlockDeletingService (DatanodeDeletedBlockTransactions.java:addTransactionToDN(50)) - Transaction added: 41bdc6fc-f730-460f-b2d8-92157d986a72 <- TX(43)
2021-08-14 14:05:27,288 [SCMBlockDeletingService#0] DEBUG block.SCMBlockDeletingService (DatanodeDeletedBlockTransactions.java:addTransactionToDN(50)) - Transaction added: 41bdc6fc-f730-460f-b2d8-92157d986a72 <- TX(44)
2021-08-14 14:05:27,288 [SCMBlockDeletingService#0] DEBUG block.SCMBlockDeletingService (DatanodeDeletedBlockTransactions.java:addTransactionToDN(50)) - Transaction added: a3a688a0-b759-42a1-9d42-7ea63bf88025 <- TX(44)
2021-08-14 14:05:27,288 [SCMBlockDeletingService#0] DEBUG block.SCMBlockDeletingService (DatanodeDeletedBlockTransactions.java:addTransactionToDN(50)) - Transaction added: a3a688a0-b759-42a1-9d42-7ea63bf88025 <- TX(45)
2021-08-14 14:05:27,288 [SCMBlockDeletingService#0] DEBUG block.SCMBlockDeletingService (DatanodeDeletedBlockTransactions.java:addTransactionToDN(50)) - Transaction added: 41bdc6fc-f730-460f-b2d8-92157d986a72 <- TX(45)
2021-08-14 14:05:27,288 [SCMBlockDeletingService#0] DEBUG block.SCMBlockDeletingService (DatanodeDeletedBlockTransactions.java:addTransactionToDN(50)) - Transaction added: a3a688a0-b759-42a1-9d42-7ea63bf88025 <- TX(46)
2021-08-14 14:05:27,288 [SCMBlockDeletingService#0] DEBUG block.SCMBlockDeletingService (DatanodeDeletedBlockTransactions.java:addTransactionToDN(50)) - Transaction added: 41bdc6fc-f730-460f-b2d8-92157d986a72 <- TX(46)
2021-08-14 14:05:27,289 [SCMBlockDeletingService#0] DEBUG block.SCMBlockDeletingService (DatanodeDeletedBlockTransactions.java:addTransactionToDN(50)) - Transaction added: 41bdc6fc-f730-460f-b2d8-92157d986a72 <- TX(47)
2021-08-14 14:05:27,289 [SCMBlockDeletingService#0] DEBUG block.SCMBlockDeletingService (DatanodeDeletedBlockTransactions.java:addTransactionToDN(50)) - Transaction added: a3a688a0-b759-42a1-9d42-7ea63bf88025 <- TX(47)
2021-08-14 14:05:27,289 [SCMBlockDeletingService#0] DEBUG block.SCMBlockDeletingService (DatanodeDeletedBlockTransactions.java:addTransactionToDN(50)) - Transaction added: a3a688a0-b759-42a1-9d42-7ea63bf88025 <- TX(48)
2021-08-14 14:05:27,289 [SCMBlockDeletingService#0] DEBUG block.SCMBlockDeletingService (DatanodeDeletedBlockTransactions.java:addTransactionToDN(50)) - Transaction added: 41bdc6fc-f730-460f-b2d8-92157d986a72 <- TX(48)
2021-08-14 14:05:27,289 [SCMBlockDeletingService#0] DEBUG block.SCMBlockDeletingService (DatanodeDeletedBlockTransactions.java:addTransactionToDN(50)) - Transaction added: 41bdc6fc-f730-460f-b2d8-92157d986a72 <- TX(49)
2021-08-14 14:05:27,289 [SCMBlockDeletingService#0] DEBUG block.SCMBlockDeletingService (DatanodeDeletedBlockTransactions.java:addTransactionToDN(50)) - Transaction added: a3a688a0-b759-42a1-9d42-7ea63bf88025 <- TX(49)
2021-08-14 14:05:27,289 [SCMBlockDeletingService#0] DEBUG block.SCMBlockDeletingService (DatanodeDeletedBlockTransactions.java:addTransactionToDN(50)) - Transaction added: a3a688a0-b759-42a1-9d42-7ea63bf88025 <- TX(50)
2021-08-14 14:05:27,289 [SCMBlockDeletingService#0] DEBUG block.SCMBlockDeletingService (DatanodeDeletedBlockTransactions.java:addTransactionToDN(50)) - Transaction added: 41bdc6fc-f730-460f-b2d8-92157d986a72 <- TX(50)
2021-08-14 14:05:27,289 [SCMBlockDeletingService#0] DEBUG block.SCMBlockDeletingService (DatanodeDeletedBlockTransactions.java:addTransactionToDN(50)) - Transaction added: 41bdc6fc-f730-460f-b2d8-92157d986a72 <- TX(51)
2021-08-14 14:05:27,289 [SCMBlockDeletingService#0] DEBUG block.SCMBlockDeletingService (DatanodeDeletedBlockTransactions.java:addTransactionToDN(50)) - Transaction added: a3a688a0-b759-42a1-9d42-7ea63bf88025 <- TX(51)
2021-08-14 14:05:27,289 [SCMBlockDeletingService#0] DEBUG block.SCMBlockDeletingService (DatanodeDeletedBlockTransactions.java:addTransactionToDN(50)) - Transaction added: a3a688a0-b759-42a1-9d42-7ea63bf88025 <- TX(52)
2021-08-14 14:05:27,289 [SCMBlockDeletingService#0] DEBUG block.SCMBlockDeletingService (DatanodeDeletedBlockTransactions.java:addTransactionToDN(50)) - Transaction added: 41bdc6fc-f730-460f-b2d8-92157d986a72 <- TX(52)
2021-08-14 14:05:27,289 [SCMBlockDeletingService#0] DEBUG block.SCMBlockDeletingService (DatanodeDeletedBlockTransactions.java:addTransactionToDN(50)) - Transaction added: a3a688a0-b759-42a1-9d42-7ea63bf88025 <- TX(53)
2021-08-14 14:05:27,289 [SCMBlockDeletingService#0] DEBUG block.SCMBlockDeletingService (DatanodeDeletedBlockTransactions.java:addTransactionToDN(50)) - Transaction added: 41bdc6fc-f730-460f-b2d8-92157d986a72 <- TX(53)
2021-08-14 14:05:27,289 [SCMBlockDeletingService#0] DEBUG block.SCMBlockDeletingService (DatanodeDeletedBlockTransactions.java:addTransactionToDN(50)) - Transaction added: a3a688a0-b759-42a1-9d42-7ea63bf88025 <- TX(54)
2021-08-14 14:05:27,289 [SCMBlockDeletingService#0] DEBUG block.SCMBlockDeletingService (DatanodeDeletedBlockTransactions.java:addTransactionToDN(50)) - Transaction added: 41bdc6fc-f730-460f-b2d8-92157d986a72 <- TX(54)
2021-08-14 14:05:27,289 [SCMBlockDeletingService#0] DEBUG block.SCMBlockDeletingService (DatanodeDeletedBlockTransactions.java:addTransactionToDN(50)) - Transaction added: a3a688a0-b759-42a1-9d42-7ea63bf88025 <- TX(55)
2021-08-14 14:05:27,289 [SCMBlockDeletingService#0] DEBUG block.SCMBlockDeletingService (DatanodeDeletedBlockTransactions.java:addTransactionToDN(50)) - Transaction added: 41bdc6fc-f730-460f-b2d8-92157d986a72 <- TX(55)
2021-08-14 14:05:27,289 [SCMBlockDeletingService#0] DEBUG block.SCMBlockDeletingService (DatanodeDeletedBlockTransactions.java:addTransactionToDN(50)) - Transaction added: 41bdc6fc-f730-460f-b2d8-92157d986a72 <- TX(56)
2021-08-14 14:05:27,289 [SCMBlockDeletingService#0] DEBUG block.SCMBlockDeletingService (DatanodeDeletedBlockTransactions.java:addTransactionToDN(50)) - Transaction added: a3a688a0-b759-42a1-9d42-7ea63bf88025 <- TX(56)
2021-08-14 14:05:27,289 [SCMBlockDeletingService#0] DEBUG block.SCMBlockDeletingService (SCMBlockDeletingService.java:call(164)) - Added delete block command for datanode a3a688a0-b759-42a1-9d42-7ea63bf88025 in the queue, number of delete block transactions: 38
2021-08-14 14:05:27,289 [SCMBlockDeletingService#0] DEBUG block.SCMBlockDeletingService (SCMBlockDeletingService.java:call(164)) - Added delete block command for datanode 41bdc6fc-f730-460f-b2d8-92157d986a72 in the queue, number of delete block transactions: 56
2021-08-14 14:05:27,289 [SCMBlockDeletingService#0] INFO  block.SCMBlockDeletingService (SCMBlockDeletingService.java:call(174)) - Totally added 94 blocks to be deleted for 2 datanodes, task elapsed time: 3ms
2021-08-14 14:05:27,306 [org.apache.hadoop.ozone.container.common.statemachine.commandhandler.DeleteBlocksCommandHandler$DeleteCmdWorker@40df07fc] INFO  commandhandler.DeleteBlocksCommandHandler (DeleteBlocksCommandHandler.java:processCmd(261)) - Start to delete container blocks, TXIDs=[1(0),2(0),3(0)], numOfContainers=3, numOfBlocks=3
2021-08-14 14:05:27,308 [org.apache.hadoop.ozone.container.common.statemachine.commandhandler.DeleteBlocksCommandHandler$DeleteCmdWorker@40df07fc] INFO  commandhandler.DeleteBlocksCommandHandler (DeleteBlocksCommandHandler.java:processCmd(261)) - Start to delete container blocks, TXIDs=[1(0),2(0),3(0),4(0),5(0)], numOfContainers=5, numOfBlocks=5
2021-08-14 14:05:27,308 [org.apache.hadoop.ozone.container.common.statemachine.commandhandler.DeleteBlocksCommandHandler$DeleteCmdWorker@40df07fc] INFO  commandhandler.DeleteBlocksCommandHandler (DeleteBlocksCommandHandler.java:processCmd(261)) - Start to delete container blocks, TXIDs=[1(0),2(0),3(0),4(0),5(0),6(0)], numOfContainers=6, numOfBlocks=6
2021-08-14 14:05:27,319 [org.apache.hadoop.ozone.container.common.statemachine.commandhandler.DeleteBlocksCommandHandler$DeleteCmdWorker@40df07fc] INFO  commandhandler.DeleteBlocksCommandHandler (DeleteBlocksCommandHandler.java:processCmd(261)) - Start to delete container blocks, TXIDs=[1(0),2(0),3(0),4(0),5(0),6(0),7(0)], numOfContainers=7, numOfBlocks=7
2021-08-14 14:05:27,320 [org.apache.hadoop.ozone.container.common.statemachine.commandhandler.DeleteBlocksCommandHandler$DeleteCmdWorker@40df07fc] INFO  commandhandler.DeleteBlocksCommandHandler (DeleteBlocksCommandHandler.java:processCmd(261)) - Start to delete container blocks, TXIDs=[1(0),2(0),3(0),4(0),5(0),6(0),7(0),8(0)], numOfContainers=8, numOfBlocks=8
2021-08-14 14:05:27,320 [org.apache.hadoop.ozone.container.common.statemachine.commandhandler.DeleteBlocksCommandHandler$DeleteCmdWorker@40df07fc] INFO  commandhandler.DeleteBlocksCommandHandler (DeleteBlocksCommandHandler.java:processCmd(261)) - Start to delete container blocks, TXIDs=[1(0),2(0),3(0),4(0),5(0),6(0),7(0),8(0),9(0)], numOfContainers=9, numOfBlocks=9
2021-08-14 14:05:27,320 [org.apache.hadoop.ozone.container.common.statemachine.commandhandler.DeleteBlocksCommandHandler$DeleteCmdWorker@40df07fc] INFO  commandhandler.DeleteBlocksCommandHandler (DeleteBlocksCommandHandler.java:processCmd(261)) - Start to delete container blocks, TXIDs=[1(0),2(0),3(0),4(0),5(0),6(0),7(0),8(0),9(0)], numOfContainers=9, numOfBlocks=9
2021-08-14 14:05:27,320 [org.apache.hadoop.ozone.container.common.statemachine.commandhandler.DeleteBlocksCommandHandler$DeleteCmdWorker@40df07fc] INFO  commandhandler.DeleteBlocksCommandHandler (DeleteBlocksCommandHandler.java:processCmd(261)) - Start to delete container blocks, TXIDs=[1(0),2(0),3(0),4(0),5(0),6(0),7(0),8(0),9(0),10(0)], numOfContainers=10, numOfBlocks=10
2021-08-14 14:05:27,321 [org.apache.hadoop.ozone.container.common.statemachine.commandhandler.DeleteBlocksCommandHandler$DeleteCmdWorker@40df07fc] INFO  commandhandler.DeleteBlocksCommandHandler (DeleteBlocksCommandHandler.java:processCmd(261)) - Start to delete container blocks, TXIDs=[1(0),2(0),3(0),4(0),5(0),6(0),7(0),8(0),9(0),10(0),11(0),12(0)], numOfContainers=12, numOfBlocks=12
2021-08-14 14:05:27,321 [org.apache.hadoop.ozone.container.common.statemachine.commandhandler.DeleteBlocksCommandHandler$DeleteCmdWorker@40df07fc] INFO  commandhandler.DeleteBlocksCommandHandler (DeleteBlocksCommandHandler.java:processCmd(261)) - Start to delete container blocks, TXIDs=[1(0),2(0),3(0),4(0),5(0),6(0),7(0),8(0),9(0),10(0),11(0),12(0),13(0),14(0)], numOfContainers=14, numOfBlocks=14
2021-08-14 14:05:27,322 [org.apache.hadoop.ozone.container.common.statemachine.commandhandler.DeleteBlocksCommandHandler$DeleteCmdWorker@40df07fc] INFO  commandhandler.DeleteBlocksCommandHandler (DeleteBlocksCommandHandler.java:processCmd(261)) - Start to delete container blocks, TXIDs=[1(0),2(0),3(0),4(0),5(0),6(0),7(0),8(0),9(0),10(0),11(0),12(0),13(0),14(0),15(0)], numOfContainers=15, numOfBlocks=15
2021-08-14 14:05:27,323 [org.apache.hadoop.ozone.container.common.statemachine.commandhandler.DeleteBlocksCommandHandler$DeleteCmdWorker@40df07fc] INFO  commandhandler.DeleteBlocksCommandHandler (DeleteBlocksCommandHandler.java:processCmd(261)) - Start to delete container blocks, TXIDs=[1(0),2(0),3(0),4(0),5(0),6(0),7(0),8(0),9(0),10(0),11(0),12(0),13(0),14(0),15(0),16(0)], numOfContainers=16, numOfBlocks=16
2021-08-14 14:05:27,323 [org.apache.hadoop.ozone.container.common.statemachine.commandhandler.DeleteBlocksCommandHandler$DeleteCmdWorker@40df07fc] INFO  commandhandler.DeleteBlocksCommandHandler (DeleteBlocksCommandHandler.java:processCmd(261)) - Start to delete container blocks, TXIDs=[1(0),2(0),3(0),4(0),5(0),6(0),7(0),8(0),9(0),10(0),11(0),12(0),13(0),14(0),15(0),16(0),17(0),18(0)], numOfContainers=18, numOfBlocks=18
2021-08-14 14:05:27,323 [org.apache.hadoop.ozone.container.common.statemachine.commandhandler.DeleteBlocksCommandHandler$DeleteCmdWorker@40df07fc] INFO  commandhandler.DeleteBlocksCommandHandler (DeleteBlocksCommandHandler.java:processCmd(261)) - Start to delete container blocks, TXIDs=[1(0),2(0),3(0),4(0),5(0),6(0),7(0),8(0),9(0),10(0),11(0),12(0),13(0),14(0),15(0),16(0),17(0),18(0)], numOfContainers=18, numOfBlocks=18
2021-08-14 14:05:27,324 [org.apache.hadoop.ozone.container.common.statemachine.commandhandler.DeleteBlocksCommandHandler$DeleteCmdWorker@40df07fc] INFO  commandhandler.DeleteBlocksCommandHandler (DeleteBlocksCommandHandler.java:processCmd(261)) - Start to delete container blocks, TXIDs=[1(0),2(0),3(0),4(0),5(0),6(0),7(0),8(0),9(0),10(0),11(0),12(0),13(0),14(0),15(0),16(0),17(0),18(0)], numOfContainers=18, numOfBlocks=18
2021-08-14 14:05:27,324 [org.apache.hadoop.ozone.container.common.statemachine.commandhandler.DeleteBlocksCommandHandler$DeleteCmdWorker@40df07fc] INFO  commandhandler.DeleteBlocksCommandHandler (DeleteBlocksCommandHandler.java:processCmd(261)) - Start to delete container blocks, TXIDs=[1(0),2(0),3(0),4(0),5(0),6(0),7(0),8(0),9(0),10(0),11(0),12(0),13(0),14(0),15(0),16(0),17(0),18(0),19(0)], numOfContainers=19, numOfBlocks=19
2021-08-14 14:05:27,324 [org.apache.hadoop.ozone.container.common.statemachine.commandhandler.DeleteBlocksCommandHandler$DeleteCmdWorker@40df07fc] INFO  commandhandler.DeleteBlocksCommandHandler (DeleteBlocksCommandHandler.java:processCmd(261)) - Start to delete container blocks, TXIDs=[1(0),2(0),3(0),4(0),5(0),6(0),7(0),8(0),9(0),10(0),11(0),12(0),13(0),14(0),15(0),16(0),17(0),18(0),19(0)], numOfContainers=19, numOfBlocks=19
2021-08-14 14:05:27,325 [org.apache.hadoop.ozone.container.common.statemachine.commandhandler.DeleteBlocksCommandHandler$DeleteCmdWorker@40df07fc] INFO  commandhandler.DeleteBlocksCommandHandler (DeleteBlocksCommandHandler.java:processCmd(261)) - Start to delete container blocks, TXIDs=[1(0),2(0),3(0),4(0),5(0),6(0),7(0),8(0),9(0),10(0),11(0),12(0),13(0),14(0),15(0),16(0),17(0),18(0),19(0),20(0),21(0),22(0),23(0),24(0),25(0),26(0),27(0),28(0),29(0),30(0),31(0),32(0),33(0),34(0),35(0),36(0),37(0),38(0),39(0),40(0),41(0),42(0),43(0),44(0),45(0),46(0),47(0),48(0),49(0),50(0),51(0),52(0),53(0),54(0),55(0),56(0)], numOfContainers=56, numOfBlocks=56
2021-08-14 14:05:27,327 [org.apache.hadoop.ozone.container.common.statemachine.commandhandler.DeleteBlocksCommandHandler$DeleteCmdWorker@40df07fc] INFO  commandhandler.DeleteBlocksCommandHandler (DeleteBlocksCommandHandler.java:processCmd(261)) - Start to delete container blocks, TXIDs=[1(0),2(0),3(0),4(0),5(0),6(0),7(0),8(0),9(0),10(0),11(0),12(0),13(0),14(0),15(0),16(0),17(0),18(0),19(0),20(0),21(0),22(0),23(0),24(0),25(0),26(0),27(0),28(0),29(0),30(0),31(0),32(0),33(0),34(0),35(0),36(0),37(0),38(0),39(0),40(0),41(0),42(0),43(0),44(0),45(0),46(0),47(0),48(0),49(0),50(0),51(0),52(0),53(0),54(0),55(0),56(0)], numOfContainers=56, numOfBlocks=56
2021-08-14 14:05:27,386 [SCMBlockDeletingService#0] DEBUG block.SCMBlockDeletingService (SCMBlockDeletingService.java:call(133)) - Running DeletedBlockTransactionScanner
2021-08-14 14:05:27,391 [SCMBlockDeletingService#0] DEBUG block.SCMBlockDeletingService (DatanodeDeletedBlockTransactions.java:addTransactionToDN(50)) - Transaction added: 41bdc6fc-f730-460f-b2d8-92157d986a72 <- TX(1)
2021-08-14 14:05:27,391 [SCMBlockDeletingService#0] DEBUG block.SCMBlockDeletingService (DatanodeDeletedBlockTransactions.java:addTransactionToDN(50)) - Transaction added: 41bdc6fc-f730-460f-b2d8-92157d986a72 <- TX(2)
2021-08-14 14:05:27,391 [SCMBlockDeletingService#0] DEBUG block.SCMBlockDeletingService (DatanodeDeletedBlockTransactions.java:addTransactionToDN(50)) - Transaction added: 41bdc6fc-f730-460f-b2d8-92157d986a72 <- TX(3)
2021-08-14 14:05:27,391 [SCMBlockDeletingService#0] DEBUG block.SCMBlockDeletingService (DatanodeDeletedBlockTransactions.java:addTransactionToDN(50)) - Transaction added: 41bdc6fc-f730-460f-b2d8-92157d986a72 <- TX(4)
2021-08-14 14:05:27,391 [SCMBlockDeletingService#0] DEBUG block.SCMBlockDeletingService (DatanodeDeletedBlockTransactions.java:addTransactionToDN(50)) - Transaction added: 41bdc6fc-f730-460f-b2d8-92157d986a72 <- TX(5)
2021-08-14 14:05:27,391 [SCMBlockDeletingService#0] DEBUG block.SCMBlockDeletingService (DatanodeDeletedBlockTransactions.java:addTransactionToDN(50)) - Transaction added: 41bdc6fc-f730-460f-b2d8-92157d986a72 <- TX(6)
2021-08-14 14:05:27,391 [SCMBlockDeletingService#0] DEBUG block.SCMBlockDeletingService (DatanodeDeletedBlockTransactions.java:addTransactionToDN(50)) - Transaction added: 41bdc6fc-f730-460f-b2d8-92157d986a72 <- TX(7)
2021-08-14 14:05:27,391 [SCMBlockDeletingService#0] DEBUG block.SCMBlockDeletingService (DatanodeDeletedBlockTransactions.java:addTransactionToDN(50)) - Transaction added: 41bdc6fc-f730-460f-b2d8-92157d986a72 <- TX(8)
2021-08-14 14:05:27,391 [SCMBlockDeletingService#0] DEBUG block.SCMBlockDeletingService (DatanodeDeletedBlockTransactions.java:addTransactionToDN(50)) - Transaction added: 41bdc6fc-f730-460f-b2d8-92157d986a72 <- TX(9)
2021-08-14 14:05:27,391 [SCMBlockDeletingService#0] DEBUG block.SCMBlockDeletingService (DatanodeDeletedBlockTransactions.java:addTransactionToDN(50)) - Transaction added: 41bdc6fc-f730-460f-b2d8-92157d986a72 <- TX(10)
2021-08-14 14:05:27,391 [SCMBlockDeletingService#0] DEBUG block.SCMBlockDeletingService (DatanodeDeletedBlockTransactions.java:addTransactionToDN(50)) - Transaction added: 41bdc6fc-f730-460f-b2d8-92157d986a72 <- TX(11)
2021-08-14 14:05:27,391 [SCMBlockDeletingService#0] DEBUG block.SCMBlockDeletingService (DatanodeDeletedBlockTransactions.java:addTransactionToDN(50)) - Transaction added: 41bdc6fc-f730-460f-b2d8-92157d986a72 <- TX(12)
2021-08-14 14:05:27,392 [SCMBlockDeletingService#0] DEBUG block.SCMBlockDeletingService (DatanodeDeletedBlockTransactions.java:addTransactionToDN(50)) - Transaction added: 41bdc6fc-f730-460f-b2d8-92157d986a72 <- TX(13)
2021-08-14 14:05:27,392 [SCMBlockDeletingService#0] DEBUG block.SCMBlockDeletingService (DatanodeDeletedBlockTransactions.java:addTransactionToDN(50)) - Transaction added: 41bdc6fc-f730-460f-b2d8-92157d986a72 <- TX(14)
2021-08-14 14:05:27,392 [SCMBlockDeletingService#0] DEBUG block.SCMBlockDeletingService (DatanodeDeletedBlockTransactions.java:addTransactionToDN(50)) - Transaction added: 41bdc6fc-f730-460f-b2d8-92157d986a72 <- TX(15)
2021-08-14 14:05:27,392 [SCMBlockDeletingService#0] DEBUG block.SCMBlockDeletingService (DatanodeDeletedBlockTransactions.java:addTransactionToDN(50)) - Transaction added: 41bdc6fc-f730-460f-b2d8-92157d986a72 <- TX(16)
2021-08-14 14:05:27,392 [SCMBlockDeletingService#0] DEBUG block.SCMBlockDeletingService (DatanodeDeletedBlockTransactions.java:addTransactionToDN(50)) - Transaction added: 41bdc6fc-f730-460f-b2d8-92157d986a72 <- TX(17)
2021-08-14 14:05:27,392 [SCMBlockDeletingService#0] DEBUG block.SCMBlockDeletingService (DatanodeDeletedBlockTransactions.java:addTransactionToDN(50)) - Transaction added: 41bdc6fc-f730-460f-b2d8-92157d986a72 <- TX(18)
2021-08-14 14:05:27,392 [SCMBlockDeletingService#0] DEBUG block.SCMBlockDeletingService (DatanodeDeletedBlockTransactions.java:addTransactionToDN(50)) - Transaction added: 41bdc6fc-f730-460f-b2d8-92157d986a72 <- TX(19)
2021-08-14 14:05:27,392 [SCMBlockDeletingService#0] DEBUG block.SCMBlockDeletingService (DatanodeDeletedBlockTransactions.java:addTransactionToDN(50)) - Transaction added: a3a688a0-b759-42a1-9d42-7ea63bf88025 <- TX(19)
2021-08-14 14:05:27,392 [SCMBlockDeletingService#0] DEBUG block.SCMBlockDeletingService (DatanodeDeletedBlockTransactions.java:addTransactionToDN(50)) - Transaction added: a3a688a0-b759-42a1-9d42-7ea63bf88025 <- TX(20)
2021-08-14 14:05:27,392 [SCMBlockDeletingService#0] DEBUG block.SCMBlockDeletingService (DatanodeDeletedBlockTransactions.java:addTransactionToDN(50)) - Transaction added: 41bdc6fc-f730-460f-b2d8-92157d986a72 <- TX(20)
2021-08-14 14:05:27,392 [SCMBlockDeletingService#0] DEBUG block.SCMBlockDeletingService (DatanodeDeletedBlockTransactions.java:addTransactionToDN(50)) - Transaction added: a3a688a0-b759-42a1-9d42-7ea63bf88025 <- TX(21)
2021-08-14 14:05:27,392 [SCMBlockDeletingService#0] DEBUG block.SCMBlockDeletingService (DatanodeDeletedBlockTransactions.java:addTransactionToDN(50)) - Transaction added: 41bdc6fc-f730-460f-b2d8-92157d986a72 <- TX(21)
2021-08-14 14:05:27,392 [SCMBlockDeletingService#0] DEBUG block.SCMBlockDeletingService (DatanodeDeletedBlockTransactions.java:addTransactionToDN(50)) - Transaction added: a3a688a0-b759-42a1-9d42-7ea63bf88025 <- TX(22)
2021-08-14 14:05:27,392 [SCMBlockDeletingService#0] DEBUG block.SCMBlockDeletingService (DatanodeDeletedBlockTransactions.java:addTransactionToDN(50)) - Transaction added: 41bdc6fc-f730-460f-b2d8-92157d986a72 <- TX(22)
2021-08-14 14:05:27,392 [SCMBlockDeletingService#0] DEBUG block.SCMBlockDeletingService (DatanodeDeletedBlockTransactions.java:addTransactionToDN(50)) - Transaction added: a3a688a0-b759-42a1-9d42-7ea63bf88025 <- TX(23)
2021-08-14 14:05:27,392 [SCMBlockDeletingService#0] DEBUG block.SCMBlockDeletingService (DatanodeDeletedBlockTransactions.java:addTransactionToDN(50)) - Transaction added: 41bdc6fc-f730-460f-b2d8-92157d986a72 <- TX(23)
2021-08-14 14:05:27,392 [SCMBlockDeletingService#0] DEBUG block.SCMBlockDeletingService (DatanodeDeletedBlockTransactions.java:addTransactionToDN(50)) - Transaction added: 41bdc6fc-f730-460f-b2d8-92157d986a72 <- TX(24)
2021-08-14 14:05:27,392 [SCMBlockDeletingService#0] DEBUG block.SCMBlockDeletingService (DatanodeDeletedBlockTransactions.java:addTransactionToDN(50)) - Transaction added: a3a688a0-b759-42a1-9d42-7ea63bf88025 <- TX(24)
2021-08-14 14:05:27,392 [SCMBlockDeletingService#0] DEBUG block.SCMBlockDeletingService (DatanodeDeletedBlockTransactions.java:addTransactionToDN(50)) - Transaction added: a3a688a0-b759-42a1-9d42-7ea63bf88025 <- TX(25)
2021-08-14 14:05:27,392 [SCMBlockDeletingService#0] DEBUG block.SCMBlockDeletingService (DatanodeDeletedBlockTransactions.java:addTransactionToDN(50)) - Transaction added: 41bdc6fc-f730-460f-b2d8-92157d986a72 <- TX(25)
2021-08-14 14:05:27,392 [SCMBlockDeletingService#0] DEBUG block.SCMBlockDeletingService (DatanodeDeletedBlockTransactions.java:addTransactionToDN(50)) - Transaction added: 41bdc6fc-f730-460f-b2d8-92157d986a72 <- TX(26)
2021-08-14 14:05:27,392 [SCMBlockDeletingService#0] DEBUG block.SCMBlockDeletingService (DatanodeDeletedBlockTransactions.java:addTransactionToDN(50)) - Transaction added: a3a688a0-b759-42a1-9d42-7ea63bf88025 <- TX(26)
2021-08-14 14:05:27,392 [SCMBlockDeletingService#0] DEBUG block.SCMBlockDeletingService (DatanodeDeletedBlockTransactions.java:addTransactionToDN(50)) - Transaction added: a3a688a0-b759-42a1-9d42-7ea63bf88025 <- TX(27)
2021-08-14 14:05:27,392 [SCMBlockDeletingService#0] DEBUG block.SCMBlockDeletingService (DatanodeDeletedBlockTransactions.java:addTransactionToDN(50)) - Transaction added: 41bdc6fc-f730-460f-b2d8-92157d986a72 <- TX(27)
2021-08-14 14:05:27,392 [SCMBlockDeletingService#0] DEBUG block.SCMBlockDeletingService (DatanodeDeletedBlockTransactions.java:addTransactionToDN(50)) - Transaction added: 41bdc6fc-f730-460f-b2d8-92157d986a72 <- TX(28)
2021-08-14 14:05:27,392 [SCMBlockDeletingService#0] DEBUG block.SCMBlockDeletingService (DatanodeDeletedBlockTransactions.java:addTransactionToDN(50)) - Transaction added: a3a688a0-b759-42a1-9d42-7ea63bf88025 <- TX(28)
2021-08-14 14:05:27,392 [SCMBlockDeletingService#0] DEBUG block.SCMBlockDeletingService (DatanodeDeletedBlockTransactions.java:addTransactionToDN(50)) - Transaction added: a3a688a0-b759-42a1-9d42-7ea63bf88025 <- TX(29)
2021-08-14 14:05:27,392 [SCMBlockDeletingService#0] DEBUG block.SCMBlockDeletingService (DatanodeDeletedBlockTransactions.java:addTransactionToDN(50)) - Transaction added: 41bdc6fc-f730-460f-b2d8-92157d986a72 <- TX(29)
2021-08-14 14:05:27,392 [SCMBlockDeletingService#0] DEBUG block.SCMBlockDeletingService (DatanodeDeletedBlockTransactions.java:addTransactionToDN(50)) - Transaction added: a3a688a0-b759-42a1-9d42-7ea63bf88025 <- TX(30)
2021-08-14 14:05:27,392 [SCMBlockDeletingService#0] DEBUG block.SCMBlockDeletingService (DatanodeDeletedBlockTransactions.java:addTransactionToDN(50)) - Transaction added: 41bdc6fc-f730-460f-b2d8-92157d986a72 <- TX(30)
2021-08-14 14:05:27,392 [SCMBlockDeletingService#0] DEBUG block.SCMBlockDeletingService (DatanodeDeletedBlockTransactions.java:addTransactionToDN(50)) - Transaction added: 41bdc6fc-f730-460f-b2d8-92157d986a72 <- TX(31)
2021-08-14 14:05:27,393 [SCMBlockDeletingService#0] DEBUG block.SCMBlockDeletingService (DatanodeDeletedBlockTransactions.java:addTransactionToDN(50)) - Transaction added: a3a688a0-b759-42a1-9d42-7ea63bf88025 <- TX(31)
2021-08-14 14:05:27,393 [SCMBlockDeletingService#0] DEBUG block.SCMBlockDeletingService (DatanodeDeletedBlockTransactions.java:addTransactionToDN(50)) - Transaction added: a3a688a0-b759-42a1-9d42-7ea63bf88025 <- TX(32)
2021-08-14 14:05:27,393 [SCMBlockDeletingService#0] DEBUG block.SCMBlockDeletingService (DatanodeDeletedBlockTransactions.java:addTransactionToDN(50)) - Transaction added: 41bdc6fc-f730-460f-b2d8-92157d986a72 <- TX(32)
2021-08-14 14:05:27,393 [SCMBlockDeletingService#0] DEBUG block.SCMBlockDeletingService (DatanodeDeletedBlockTransactions.java:addTransactionToDN(50)) - Transaction added: 41bdc6fc-f730-460f-b2d8-92157d986a72 <- TX(33)
2021-08-14 14:05:27,393 [SCMBlockDeletingService#0] DEBUG block.SCMBlockDeletingService (DatanodeDeletedBlockTransactions.java:addTransactionToDN(50)) - Transaction added: a3a688a0-b759-42a1-9d42-7ea63bf88025 <- TX(33)
2021-08-14 14:05:27,393 [SCMBlockDeletingService#0] DEBUG block.SCMBlockDeletingService (DatanodeDeletedBlockTransactions.java:addTransactionToDN(50)) - Transaction added: a3a688a0-b759-42a1-9d42-7ea63bf88025 <- TX(34)
2021-08-14 14:05:27,393 [SCMBlockDeletingService#0] DEBUG block.SCMBlockDeletingService (DatanodeDeletedBlockTransactions.java:addTransactionToDN(50)) - Transaction added: 41bdc6fc-f730-460f-b2d8-92157d986a72 <- TX(34)
2021-08-14 14:05:27,393 [SCMBlockDeletingService#0] DEBUG block.SCMBlockDeletingService (DatanodeDeletedBlockTransactions.java:addTransactionToDN(50)) - Transaction added: 41bdc6fc-f730-460f-b2d8-92157d986a72 <- TX(35)
2021-08-14 14:05:27,393 [SCMBlockDeletingService#0] DEBUG block.SCMBlockDeletingService (DatanodeDeletedBlockTransactions.java:addTransactionToDN(50)) - Transaction added: a3a688a0-b759-42a1-9d42-7ea63bf88025 <- TX(35)
2021-08-14 14:05:27,393 [SCMBlockDeletingService#0] DEBUG block.SCMBlockDeletingService (DatanodeDeletedBlockTransactions.java:addTransactionToDN(50)) - Transaction added: a3a688a0-b759-42a1-9d42-7ea63bf88025 <- TX(36)
2021-08-14 14:05:27,393 [SCMBlockDeletingService#0] DEBUG block.SCMBlockDeletingService (DatanodeDeletedBlockTransactions.java:addTransactionToDN(50)) - Transaction added: 41bdc6fc-f730-460f-b2d8-92157d986a72 <- TX(36)
2021-08-14 14:05:27,393 [SCMBlockDeletingService#0] DEBUG block.SCMBlockDeletingService (DatanodeDeletedBlockTransactions.java:addTransactionToDN(50)) - Transaction added: a3a688a0-b759-42a1-9d42-7ea63bf88025 <- TX(37)
2021-08-14 14:05:27,393 [SCMBlockDeletingService#0] DEBUG block.SCMBlockDeletingService (DatanodeDeletedBlockTransactions.java:addTransactionToDN(50)) - Transaction added: 41bdc6fc-f730-460f-b2d8-92157d986a72 <- TX(37)
2021-08-14 14:05:27,393 [SCMBlockDeletingService#0] DEBUG block.SCMBlockDeletingService (DatanodeDeletedBlockTransactions.java:addTransactionToDN(50)) - Transaction added: a3a688a0-b759-42a1-9d42-7ea63bf88025 <- TX(38)
2021-08-14 14:05:27,393 [SCMBlockDeletingService#0] DEBUG block.SCMBlockDeletingService (DatanodeDeletedBlockTransactions.java:addTransactionToDN(50)) - Transaction added: 41bdc6fc-f730-460f-b2d8-92157d986a72 <- TX(38)
2021-08-14 14:05:27,393 [SCMBlockDeletingService#0] DEBUG block.SCMBlockDeletingService (DatanodeDeletedBlockTransactions.java:addTransactionToDN(50)) - Transaction added: a3a688a0-b759-42a1-9d42-7ea63bf88025 <- TX(39)
2021-08-14 14:05:27,393 [SCMBlockDeletingService#0] DEBUG block.SCMBlockDeletingService (DatanodeDeletedBlockTransactions.java:addTransactionToDN(50)) - Transaction added: 41bdc6fc-f730-460f-b2d8-92157d986a72 <- TX(39)
2021-08-14 14:05:27,393 [SCMBlockDeletingService#0] DEBUG block.SCMBlockDeletingService (DatanodeDeletedBlockTransactions.java:addTransactionToDN(50)) - Transaction added: 41bdc6fc-f730-460f-b2d8-92157d986a72 <- TX(40)
2021-08-14 14:05:27,393 [SCMBlockDeletingService#0] DEBUG block.SCMBlockDeletingService (DatanodeDeletedBlockTransactions.java:addTransactionToDN(50)) - Transaction added: a3a688a0-b759-42a1-9d42-7ea63bf88025 <- TX(40)
2021-08-14 14:05:27,393 [SCMBlockDeletingService#0] DEBUG block.SCMBlockDeletingService (DatanodeDeletedBlockTransactions.java:addTransactionToDN(50)) - Transaction added: a3a688a0-b759-42a1-9d42-7ea63bf88025 <- TX(41)
2021-08-14 14:05:27,393 [SCMBlockDeletingService#0] DEBUG block.SCMBlockDeletingService (DatanodeDeletedBlockTransactions.java:addTransactionToDN(50)) - Transaction added: 41bdc6fc-f730-460f-b2d8-92157d986a72 <- TX(41)
2021-08-14 14:05:27,393 [SCMBlockDeletingService#0] DEBUG block.SCMBlockDeletingService (DatanodeDeletedBlockTransactions.java:addTransactionToDN(50)) - Transaction added: 41bdc6fc-f730-460f-b2d8-92157d986a72 <- TX(42)
2021-08-14 14:05:27,393 [BlockDeletingService#2] INFO  background.BlockDeletingService (BlockDeletingService.java:getTasks(158)) - Plan to choose 5000 blocks for block deletion, actually deleting 19 blocks.
2021-08-14 14:05:27,394 [SCMBlockDeletingService#0] DEBUG block.SCMBlockDeletingService (DatanodeDeletedBlockTransactions.java:addTransactionToDN(50)) - Transaction added: a3a688a0-b759-42a1-9d42-7ea63bf88025 <- TX(42)
2021-08-14 14:05:27,395 [SCMBlockDeletingService#0] DEBUG block.SCMBlockDeletingService (DatanodeDeletedBlockTransactions.java:addTransactionToDN(50)) - Transaction added: a3a688a0-b759-42a1-9d42-7ea63bf88025 <- TX(43)
2021-08-14 14:05:27,395 [SCMBlockDeletingService#0] DEBUG block.SCMBlockDeletingService (DatanodeDeletedBlockTransactions.java:addTransactionToDN(50)) - Transaction added: 41bdc6fc-f730-460f-b2d8-92157d986a72 <- TX(43)
2021-08-14 14:05:27,395 [SCMBlockDeletingService#0] DEBUG block.SCMBlockDeletingService (DatanodeDeletedBlockTransactions.java:addTransactionToDN(50)) - Transaction added: 41bdc6fc-f730-460f-b2d8-92157d986a72 <- TX(44)
2021-08-14 14:05:27,395 [SCMBlockDeletingService#0] DEBUG block.SCMBlockDeletingService (DatanodeDeletedBlockTransactions.java:addTransactionToDN(50)) - Transaction added: a3a688a0-b759-42a1-9d42-7ea63bf88025 <- TX(44)
2021-08-14 14:05:27,395 [SCMBlockDeletingService#0] DEBUG block.SCMBlockDeletingService (DatanodeDeletedBlockTransactions.java:addTransactionToDN(50)) - Transaction added: a3a688a0-b759-42a1-9d42-7ea63bf88025 <- TX(45)
2021-08-14 14:05:27,395 [SCMBlockDeletingService#0] DEBUG block.SCMBlockDeletingService (DatanodeDeletedBlockTransactions.java:addTransactionToDN(50)) - Transaction added: 41bdc6fc-f730-460f-b2d8-92157d986a72 <- TX(45)
2021-08-14 14:05:27,396 [BlockDeletingService#2] INFO  impl.FilePerBlockStrategy (FilePerBlockStrategy.java:deleteChunk(227)) - Deleted block file: /home/runner/work/ozone/ozone/hadoop-ozone/integration-test/target/test-dir/MiniOzoneClusterImpl-903ecea8-4fd7-4e9d-96bf-9013ab6d4ae3/datanode-2/data-0/containers/hdds/903ecea8-4fd7-4e9d-96bf-9013ab6d4ae3/current/containerDir0/1/chunks/107544261427200001.block
2021-08-14 14:05:27,396 [BlockDeletingService#2] INFO  background.BlockDeletingService (BlockDeletingService.java:deleteViaSchema2(447)) - Container: 1, deleted blocks: 1, task elapsed time: 1ms
2021-08-14 14:05:27,397 [BlockDeletingService#2] INFO  impl.FilePerBlockStrategy (FilePerBlockStrategy.java:deleteChunk(227)) - Deleted block file: /home/runner/work/ozone/ozone/hadoop-ozone/integration-test/target/test-dir/MiniOzoneClusterImpl-903ecea8-4fd7-4e9d-96bf-9013ab6d4ae3/datanode-2/data-0/containers/hdds/903ecea8-4fd7-4e9d-96bf-9013ab6d4ae3/current/containerDir0/19/chunks/107544261427200019.block
2021-08-14 14:05:27,397 [BlockDeletingService#2] INFO  background.BlockDeletingService (BlockDeletingService.java:deleteViaSchema2(447)) - Container: 19, deleted blocks: 1, task elapsed time: 1ms
2021-08-14 14:05:27,398 [BlockDeletingService#3] INFO  impl.FilePerBlockStrategy (FilePerBlockStrategy.java:deleteChunk(227)) - Deleted block file: /home/runner/work/ozone/ozone/hadoop-ozone/integration-test/target/test-dir/MiniOzoneClusterImpl-903ecea8-4fd7-4e9d-96bf-9013ab6d4ae3/datanode-2/data-0/containers/hdds/903ecea8-4fd7-4e9d-96bf-9013ab6d4ae3/current/containerDir0/17/chunks/107544261427200017.block
2021-08-14 14:05:27,398 [BlockDeletingService#3] INFO  background.BlockDeletingService (BlockDeletingService.java:deleteViaSchema2(447)) - Container: 17, deleted blocks: 1, task elapsed time: 1ms
2021-08-14 14:05:27,398 [BlockDeletingService#7] INFO  impl.FilePerBlockStrategy (FilePerBlockStrategy.java:deleteChunk(227)) - Deleted block file: /home/runner/work/ozone/ozone/hadoop-ozone/integration-test/target/test-dir/MiniOzoneClusterImpl-903ecea8-4fd7-4e9d-96bf-9013ab6d4ae3/datanode-2/data-0/containers/hdds/903ecea8-4fd7-4e9d-96bf-9013ab6d4ae3/current/containerDir0/16/chunks/107544261427200016.block
2021-08-14 14:05:27,398 [BlockDeletingService#7] INFO  background.BlockDeletingService (BlockDeletingService.java:deleteViaSchema2(447)) - Container: 16, deleted blocks: 1, task elapsed time: 1ms
2021-08-14 14:05:27,399 [BlockDeletingService#3] INFO  impl.FilePerBlockStrategy (FilePerBlockStrategy.java:deleteChunk(227)) - Deleted block file: /home/runner/work/ozone/ozone/hadoop-ozone/integration-test/target/test-dir/MiniOzoneClusterImpl-903ecea8-4fd7-4e9d-96bf-9013ab6d4ae3/datanode-2/data-0/containers/hdds/903ecea8-4fd7-4e9d-96bf-9013ab6d4ae3/current/containerDir0/15/chunks/107544261427200015.block
2021-08-14 14:05:27,399 [BlockDeletingService#3] INFO  background.BlockDeletingService (BlockDeletingService.java:deleteViaSchema2(447)) - Container: 15, deleted blocks: 1, task elapsed time: 1ms
2021-08-14 14:05:27,399 [BlockDeletingService#7] INFO  impl.FilePerBlockStrategy (FilePerBlockStrategy.java:deleteChunk(227)) - Deleted block file: /home/runner/work/ozone/ozone/hadoop-ozone/integration-test/target/test-dir/MiniOzoneClusterImpl-903ecea8-4fd7-4e9d-96bf-9013ab6d4ae3/datanode-2/data-0/containers/hdds/903ecea8-4fd7-4e9d-96bf-9013ab6d4ae3/current/containerDir0/14/chunks/107544261427200014.block
2021-08-14 14:05:27,399 [BlockDeletingService#7] INFO  background.BlockDeletingService (BlockDeletingService.java:deleteViaSchema2(447)) - Container: 14, deleted blocks: 1, task elapsed time: 1ms
2021-08-14 14:05:27,400 [BlockDeletingService#3] INFO  impl.FilePerBlockStrategy (FilePerBlockStrategy.java:deleteChunk(227)) - Deleted block file: /home/runner/work/ozone/ozone/hadoop-ozone/integration-test/target/test-dir/MiniOzoneClusterImpl-903ecea8-4fd7-4e9d-96bf-9013ab6d4ae3/datanode-2/data-0/containers/hdds/903ecea8-4fd7-4e9d-96bf-9013ab6d4ae3/current/containerDir0/13/chunks/107544261427200013.block
2021-08-14 14:05:27,400 [BlockDeletingService#3] INFO  background.BlockDeletingService (BlockDeletingService.java:deleteViaSchema2(447)) - Container: 13, deleted blocks: 1, task elapsed time: 1ms
2021-08-14 14:05:27,400 [BlockDeletingService#7] INFO  impl.FilePerBlockStrategy (FilePerBlockStrategy.java:deleteChunk(227)) - Deleted block file: /home/runner/work/ozone/ozone/hadoop-ozone/integration-test/target/test-dir/MiniOzoneClusterImpl-903ecea8-4fd7-4e9d-96bf-9013ab6d4ae3/datanode-2/data-0/containers/hdds/903ecea8-4fd7-4e9d-96bf-9013ab6d4ae3/current/containerDir0/12/chunks/107544261427200012.block
2021-08-14 14:05:27,400 [BlockDeletingService#7] INFO  background.BlockDeletingService (BlockDeletingService.java:deleteViaSchema2(447)) - Container: 12, deleted blocks: 1, task elapsed time: 1ms
2021-08-14 14:05:27,400 [BlockDeletingService#3] INFO  impl.FilePerBlockStrategy (FilePerBlockStrategy.java:deleteChunk(227)) - Deleted block file: /home/runner/work/ozone/ozone/hadoop-ozone/integration-test/target/test-dir/MiniOzoneClusterImpl-903ecea8-4fd7-4e9d-96bf-9013ab6d4ae3/datanode-2/data-0/containers/hdds/903ecea8-4fd7-4e9d-96bf-9013ab6d4ae3/current/containerDir0/11/chunks/107544261427200011.block
2021-08-14 14:05:27,401 [BlockDeletingService#3] INFO  background.BlockDeletingService (BlockDeletingService.java:deleteViaSchema2(447)) - Container: 11, deleted blocks: 1, task elapsed time: 0ms
2021-08-14 14:05:27,401 [BlockDeletingService#7] INFO  impl.FilePerBlockStrategy (FilePerBlockStrategy.java:deleteChunk(227)) - Deleted block file: /home/runner/work/ozone/ozone/hadoop-ozone/integration-test/target/test-dir/MiniOzoneClusterImpl-903ecea8-4fd7-4e9d-96bf-9013ab6d4ae3/datanode-2/data-0/containers/hdds/903ecea8-4fd7-4e9d-96bf-9013ab6d4ae3/current/containerDir0/10/chunks/107544261427200010.block
2021-08-14 14:05:27,401 [BlockDeletingService#7] INFO  background.BlockDeletingService (BlockDeletingService.java:deleteViaSchema2(447)) - Container: 10, deleted blocks: 1, task elapsed time: 1ms
2021-08-14 14:05:27,402 [BlockDeletingService#0] INFO  impl.FilePerBlockStrategy (FilePerBlockStrategy.java:deleteChunk(227)) - Deleted block file: /home/runner/work/ozone/ozone/hadoop-ozone/integration-test/target/test-dir/MiniOzoneClusterImpl-903ecea8-4fd7-4e9d-96bf-9013ab6d4ae3/datanode-2/data-0/containers/hdds/903ecea8-4fd7-4e9d-96bf-9013ab6d4ae3/current/containerDir0/7/chunks/107544261427200007.block
2021-08-14 14:05:27,402 [BlockDeletingService#0] INFO  background.BlockDeletingService (BlockDeletingService.java:deleteViaSchema2(447)) - Container: 7, deleted blocks: 1, task elapsed time: 1ms
2021-08-14 14:05:27,402 [SCMBlockDeletingService#0] DEBUG block.SCMBlockDeletingService (DatanodeDeletedBlockTransactions.java:addTransactionToDN(50)) - Transaction added: a3a688a0-b759-42a1-9d42-7ea63bf88025 <- TX(46)
2021-08-14 14:05:27,405 [SCMBlockDeletingService#0] DEBUG block.SCMBlockDeletingService (DatanodeDeletedBlockTransactions.java:addTransactionToDN(50)) - Transaction added: 41bdc6fc-f730-460f-b2d8-92157d986a72 <- TX(46)
2021-08-14 14:05:27,405 [SCMBlockDeletingService#0] DEBUG block.SCMBlockDeletingService (DatanodeDeletedBlockTransactions.java:addTransactionToDN(50)) - Transaction added: 41bdc6fc-f730-460f-b2d8-92157d986a72 <- TX(47)
2021-08-14 14:05:27,405 [BlockDeletingService#5] INFO  impl.FilePerBlockStrategy (FilePerBlockStrategy.java:deleteChunk(227)) - Deleted block file: /home/runner/work/ozone/ozone/hadoop-ozone/integration-test/target/test-dir/MiniOzoneClusterImpl-903ecea8-4fd7-4e9d-96bf-9013ab6d4ae3/datanode-2/data-0/containers/hdds/903ecea8-4fd7-4e9d-96bf-9013ab6d4ae3/current/containerDir0/2/chunks/107544261427200002.block
2021-08-14 14:05:27,405 [BlockDeletingService#5] INFO  background.BlockDeletingService (BlockDeletingService.java:deleteViaSchema2(447)) - Container: 2, deleted blocks: 1, task elapsed time: 1ms
2021-08-14 14:05:27,405 [SCMBlockDeletingService#0] DEBUG block.SCMBlockDeletingService (DatanodeDeletedBlockTransactions.java:addTransactionToDN(50)) - Transaction added: a3a688a0-b759-42a1-9d42-7ea63bf88025 <- TX(47)
2021-08-14 14:05:27,405 [SCMBlockDeletingService#0] DEBUG block.SCMBlockDeletingService (DatanodeDeletedBlockTransactions.java:addTransactionToDN(50)) - Transaction added: a3a688a0-b759-42a1-9d42-7ea63bf88025 <- TX(48)
2021-08-14 14:05:27,405 [SCMBlockDeletingService#0] DEBUG block.SCMBlockDeletingService (DatanodeDeletedBlockTransactions.java:addTransactionToDN(50)) - Transaction added: 41bdc6fc-f730-460f-b2d8-92157d986a72 <- TX(48)
2021-08-14 14:05:27,406 [SCMBlockDeletingService#0] DEBUG block.SCMBlockDeletingService (DatanodeDeletedBlockTransactions.java:addTransactionToDN(50)) - Transaction added: 41bdc6fc-f730-460f-b2d8-92157d986a72 <- TX(49)
2021-08-14 14:05:27,406 [SCMBlockDeletingService#0] DEBUG block.SCMBlockDeletingService (DatanodeDeletedBlockTransactions.java:addTransactionToDN(50)) - Transaction added: a3a688a0-b759-42a1-9d42-7ea63bf88025 <- TX(49)
2021-08-14 14:05:27,406 [SCMBlockDeletingService#0] DEBUG block.SCMBlockDeletingService (DatanodeDeletedBlockTransactions.java:addTransactionToDN(50)) - Transaction added: a3a688a0-b759-42a1-9d42-7ea63bf88025 <- TX(50)
2021-08-14 14:05:27,406 [SCMBlockDeletingService#0] DEBUG block.SCMBlockDeletingService (DatanodeDeletedBlockTransactions.java:addTransactionToDN(50)) - Transaction added: 41bdc6fc-f730-460f-b2d8-92157d986a72 <- TX(50)
2021-08-14 14:05:27,406 [SCMBlockDeletingService#0] DEBUG block.SCMBlockDeletingService (DatanodeDeletedBlockTransactions.java:addTransactionToDN(50)) - Transaction added: 41bdc6fc-f730-460f-b2d8-92157d986a72 <- TX(51)
2021-08-14 14:05:27,406 [SCMBlockDeletingService#0] DEBUG block.SCMBlockDeletingService (DatanodeDeletedBlockTransactions.java:addTransactionToDN(50)) - Transaction added: a3a688a0-b759-42a1-9d42-7ea63bf88025 <- TX(51)
2021-08-14 14:05:27,406 [SCMBlockDeletingService#0] DEBUG block.SCMBlockDeletingService (DatanodeDeletedBlockTransactions.java:addTransactionToDN(50)) - Transaction added: a3a688a0-b759-42a1-9d42-7ea63bf88025 <- TX(52)
2021-08-14 14:05:27,406 [SCMBlockDeletingService#0] DEBUG block.SCMBlockDeletingService (DatanodeDeletedBlockTransactions.java:addTransactionToDN(50)) - Transaction added: 41bdc6fc-f730-460f-b2d8-92157d986a72 <- TX(52)
2021-08-14 14:05:27,406 [SCMBlockDeletingService#0] DEBUG block.SCMBlockDeletingService (DatanodeDeletedBlockTransactions.java:addTransactionToDN(50)) - Transaction added: a3a688a0-b759-42a1-9d42-7ea63bf88025 <- TX(53)
2021-08-14 14:05:27,406 [SCMBlockDeletingService#0] DEBUG block.SCMBlockDeletingService (DatanodeDeletedBlockTransactions.java:addTransactionToDN(50)) - Transaction added: 41bdc6fc-f730-460f-b2d8-92157d986a72 <- TX(53)
2021-08-14 14:05:27,406 [SCMBlockDeletingService#0] DEBUG block.SCMBlockDeletingService (DatanodeDeletedBlockTransactions.java:addTransactionToDN(50)) - Transaction added: a3a688a0-b759-42a1-9d42-7ea63bf88025 <- TX(54)
2021-08-14 14:05:27,406 [SCMBlockDeletingService#0] DEBUG block.SCMBlockDeletingService (DatanodeDeletedBlockTransactions.java:addTransactionToDN(50)) - Transaction added: 41bdc6fc-f730-460f-b2d8-92157d986a72 <- TX(54)
2021-08-14 14:05:27,406 [SCMBlockDeletingService#0] DEBUG block.SCMBlockDeletingService (DatanodeDeletedBlockTransactions.java:addTransactionToDN(50)) - Transaction added: a3a688a0-b759-42a1-9d42-7ea63bf88025 <- TX(55)
2021-08-14 14:05:27,406 [SCMBlockDeletingService#0] DEBUG block.SCMBlockDeletingService (DatanodeDeletedBlockTransactions.java:addTransactionToDN(50)) - Transaction added: 41bdc6fc-f730-460f-b2d8-92157d986a72 <- TX(55)
2021-08-14 14:05:27,406 [SCMBlockDeletingService#0] DEBUG block.SCMBlockDeletingService (DatanodeDeletedBlockTransactions.java:addTransactionToDN(50)) - Transaction added: 41bdc6fc-f730-460f-b2d8-92157d986a72 <- TX(56)
2021-08-14 14:05:27,406 [SCMBlockDeletingService#0] DEBUG block.SCMBlockDeletingService (DatanodeDeletedBlockTransactions.java:addTransactionToDN(50)) - Transaction added: a3a688a0-b759-42a1-9d42-7ea63bf88025 <- TX(56)
2021-08-14 14:05:27,405 [BlockDeletingService#9] INFO  impl.FilePerBlockStrategy (FilePerBlockStrategy.java:deleteChunk(227)) - Deleted block file: /home/runner/work/ozone/ozone/hadoop-ozone/integration-test/target/test-dir/MiniOzoneClusterImpl-903ecea8-4fd7-4e9d-96bf-9013ab6d4ae3/datanode-2/data-0/containers/hdds/903ecea8-4fd7-4e9d-96bf-9013ab6d4ae3/current/containerDir0/3/chunks/107544261427200003.block
2021-08-14 14:05:27,407 [BlockDeletingService#9] INFO  background.BlockDeletingService (BlockDeletingService.java:deleteViaSchema2(447)) - Container: 3, deleted blocks: 1, task elapsed time: 2ms
2021-08-14 14:05:27,404 [BlockDeletingService#4] INFO  impl.FilePerBlockStrategy (FilePerBlockStrategy.java:deleteChunk(227)) - Deleted block file: /home/runner/work/ozone/ozone/hadoop-ozone/integration-test/target/test-dir/MiniOzoneClusterImpl-903ecea8-4fd7-4e9d-96bf-9013ab6d4ae3/datanode-2/data-0/containers/hdds/903ecea8-4fd7-4e9d-96bf-9013ab6d4ae3/current/containerDir0/4/chunks/107544261427200004.block
2021-08-14 14:05:27,407 [BlockDeletingService#4] INFO  background.BlockDeletingService (BlockDeletingService.java:deleteViaSchema2(447)) - Container: 4, deleted blocks: 1, task elapsed time: 4ms
2021-08-14 14:05:27,407 [BlockDeletingService#7] INFO  impl.FilePerBlockStrategy (FilePerBlockStrategy.java:deleteChunk(227)) - Deleted block file: /home/runner/work/ozone/ozone/hadoop-ozone/integration-test/target/test-dir/MiniOzoneClusterImpl-903ecea8-4fd7-4e9d-96bf-9013ab6d4ae3/datanode-2/data-0/containers/hdds/903ecea8-4fd7-4e9d-96bf-9013ab6d4ae3/current/containerDir0/8/chunks/107544261427200008.block
2021-08-14 14:05:27,403 [BlockDeletingService#8] INFO  impl.FilePerBlockStrategy (FilePerBlockStrategy.java:deleteChunk(227)) - Deleted block file: /home/runner/work/ozone/ozone/hadoop-ozone/integration-test/target/test-dir/MiniOzoneClusterImpl-903ecea8-4fd7-4e9d-96bf-9013ab6d4ae3/datanode-2/data-0/containers/hdds/903ecea8-4fd7-4e9d-96bf-9013ab6d4ae3/current/containerDir0/5/chunks/107544261427200005.block
2021-08-14 14:05:27,407 [BlockDeletingService#8] INFO  background.BlockDeletingService (BlockDeletingService.java:deleteViaSchema2(447)) - Container: 5, deleted blocks: 1, task elapsed time: 4ms
2021-08-14 14:05:27,403 [BlockDeletingService#0] INFO  impl.FilePerBlockStrategy (FilePerBlockStrategy.java:deleteChunk(227)) - Deleted block file: /home/runner/work/ozone/ozone/hadoop-ozone/integration-test/target/test-dir/MiniOzoneClusterImpl-903ecea8-4fd7-4e9d-96bf-9013ab6d4ae3/datanode-2/data-0/containers/hdds/903ecea8-4fd7-4e9d-96bf-9013ab6d4ae3/current/containerDir0/6/chunks/107544261427200006.block
2021-08-14 14:05:27,407 [BlockDeletingService#0] INFO  background.BlockDeletingService (BlockDeletingService.java:deleteViaSchema2(447)) - Container: 6, deleted blocks: 1, task elapsed time: 5ms
2021-08-14 14:05:27,407 [BlockDeletingService#7] INFO  background.BlockDeletingService (BlockDeletingService.java:deleteViaSchema2(447)) - Container: 8, deleted blocks: 1, task elapsed time: 6ms
2021-08-14 14:05:27,406 [SCMBlockDeletingService#0] DEBUG block.SCMBlockDeletingService (SCMBlockDeletingService.java:call(164)) - Added delete block command for datanode a3a688a0-b759-42a1-9d42-7ea63bf88025 in the queue, number of delete block transactions: 38
2021-08-14 14:05:27,409 [SCMBlockDeletingService#0] DEBUG block.SCMBlockDeletingService (SCMBlockDeletingService.java:call(164)) - Added delete block command for datanode 41bdc6fc-f730-460f-b2d8-92157d986a72 in the queue, number of delete block transactions: 56
2021-08-14 14:05:27,409 [SCMBlockDeletingService#0] INFO  block.SCMBlockDeletingService (SCMBlockDeletingService.java:call(174)) - Totally added 94 blocks to be deleted for 2 datanodes, task elapsed time: 23ms
2021-08-14 14:05:27,406 [BlockDeletingService#3] INFO  impl.FilePerBlockStrategy (FilePerBlockStrategy.java:deleteChunk(227)) - Deleted block file: /home/runner/work/ozone/ozone/hadoop-ozone/integration-test/target/test-dir/MiniOzoneClusterImpl-903ecea8-4fd7-4e9d-96bf-9013ab6d4ae3/datanode-2/data-0/containers/hdds/903ecea8-4fd7-4e9d-96bf-9013ab6d4ae3/current/containerDir0/9/chunks/107544261427200009.block
2021-08-14 14:05:27,406 [BlockDeletingService#2] INFO  impl.FilePerBlockStrategy (FilePerBlockStrategy.java:deleteChunk(227)) - Deleted block file: /home/runner/work/ozone/ozone/hadoop-ozone/integration-test/target/test-dir/MiniOzoneClusterImpl-903ecea8-4fd7-4e9d-96bf-9013ab6d4ae3/datanode-2/data-0/containers/hdds/903ecea8-4fd7-4e9d-96bf-9013ab6d4ae3/current/containerDir0/18/chunks/107544261427200018.block
2021-08-14 14:05:27,410 [BlockDeletingService#2] INFO  background.BlockDeletingService (BlockDeletingService.java:deleteViaSchema2(447)) - Container: 18, deleted blocks: 1, task elapsed time: 12ms
2021-08-14 14:05:27,410 [BlockDeletingService#3] INFO  background.BlockDeletingService (BlockDeletingService.java:deleteViaSchema2(447)) - Container: 9, deleted blocks: 1, task elapsed time: 9ms
2021-08-14 14:05:27,486 [SCMBlockDeletingService#0] DEBUG block.SCMBlockDeletingService (SCMBlockDeletingService.java:call(133)) - Running DeletedBlockTransactionScanner
2021-08-14 14:05:27,486 [SCMBlockDeletingService#0] DEBUG block.SCMBlockDeletingService (DatanodeDeletedBlockTransactions.java:addTransactionToDN(50)) - Transaction added: 41bdc6fc-f730-460f-b2d8-92157d986a72 <- TX(1)
2021-08-14 14:05:27,486 [SCMBlockDeletingService#0] DEBUG block.SCMBlockDeletingService (DatanodeDeletedBlockTransactions.java:addTransactionToDN(50)) - Transaction added: 41bdc6fc-f730-460f-b2d8-92157d986a72 <- TX(2)
2021-08-14 14:05:27,486 [SCMBlockDeletingService#0] DEBUG block.SCMBlockDeletingService (DatanodeDeletedBlockTransactions.java:addTransactionToDN(50)) - Transaction added: 41bdc6fc-f730-460f-b2d8-92157d986a72 <- TX(3)
2021-08-14 14:05:27,486 [SCMBlockDeletingService#0] DEBUG block.SCMBlockDeletingService (DatanodeDeletedBlockTransactions.java:addTransactionToDN(50)) - Transaction added: 41bdc6fc-f730-460f-b2d8-92157d986a72 <- TX(4)
2021-08-14 14:05:27,486 [SCMBlockDeletingService#0] DEBUG block.SCMBlockDeletingService (DatanodeDeletedBlockTransactions.java:addTransactionToDN(50)) - Transaction added: 41bdc6fc-f730-460f-b2d8-92157d986a72 <- TX(5)
2021-08-14 14:05:27,486 [SCMBlockDeletingService#0] DEBUG block.SCMBlockDeletingService (DatanodeDeletedBlockTransactions.java:addTransactionToDN(50)) - Transaction added: 41bdc6fc-f730-460f-b2d8-92157d986a72 <- TX(6)
2021-08-14 14:05:27,486 [SCMBlockDeletingService#0] DEBUG block.SCMBlockDeletingService (DatanodeDeletedBlockTransactions.java:addTransactionToDN(50)) - Transaction added: 41bdc6fc-f730-460f-b2d8-92157d986a72 <- TX(7)
2021-08-14 14:05:27,486 [SCMBlockDeletingService#0] DEBUG block.SCMBlockDeletingService (DatanodeDeletedBlockTransactions.java:addTransactionToDN(50)) - Transaction added: 41bdc6fc-f730-460f-b2d8-92157d986a72 <- TX(8)
2021-08-14 14:05:27,486 [SCMBlockDeletingService#0] DEBUG block.SCMBlockDeletingService (DatanodeDeletedBlockTransactions.java:addTransactionToDN(50)) - Transaction added: 41bdc6fc-f730-460f-b2d8-92157d986a72 <- TX(9)
2021-08-14 14:05:27,486 [SCMBlockDeletingService#0] DEBUG block.SCMBlockDeletingService (DatanodeDeletedBlockTransactions.java:addTransactionToDN(50)) - Transaction added: 41bdc6fc-f730-460f-b2d8-92157d986a72 <- TX(10)
2021-08-14 14:05:27,487 [SCMBlockDeletingService#0] DEBUG block.SCMBlockDeletingService (DatanodeDeletedBlockTransactions.java:addTransactionToDN(50)) - Transaction added: 41bdc6fc-f730-460f-b2d8-92157d986a72 <- TX(11)
2021-08-14 14:05:27,487 [SCMBlockDeletingService#0] DEBUG block.SCMBlockDeletingService (DatanodeDeletedBlockTransactions.java:addTransactionToDN(50)) - Transaction added: 41bdc6fc-f730-460f-b2d8-92157d986a72 <- TX(12)
2021-08-14 14:05:27,487 [SCMBlockDeletingService#0] DEBUG block.SCMBlockDeletingService (DatanodeDeletedBlockTransactions.java:addTransactionToDN(50)) - Transaction added: 41bdc6fc-f730-460f-b2d8-92157d986a72 <- TX(13)
2021-08-14 14:05:27,487 [SCMBlockDeletingService#0] DEBUG block.SCMBlockDeletingService (DatanodeDeletedBlockTransactions.java:addTransactionToDN(50)) - Transaction added: 41bdc6fc-f730-460f-b2d8-92157d986a72 <- TX(14)
2021-08-14 14:05:27,487 [SCMBlockDeletingService#0] DEBUG block.SCMBlockDeletingService (DatanodeDeletedBlockTransactions.java:addTransactionToDN(50)) - Transaction added: 41bdc6fc-f730-460f-b2d8-92157d986a72 <- TX(15)
2021-08-14 14:05:27,487 [SCMBlockDeletingService#0] DEBUG block.SCMBlockDeletingService (DatanodeDeletedBlockTransactions.java:addTransactionToDN(50)) - Transaction added: 41bdc6fc-f730-460f-b2d8-92157d986a72 <- TX(16)
2021-08-14 14:05:27,487 [SCMBlockDeletingService#0] DEBUG block.SCMBlockDeletingService (DatanodeDeletedBlockTransactions.java:addTransactionToDN(50)) - Transaction added: 41bdc6fc-f730-460f-b2d8-92157d986a72 <- TX(17)
2021-08-14 14:05:27,487 [SCMBlockDeletingService#0] DEBUG block.SCMBlockDeletingService (DatanodeDeletedBlockTransactions.java:addTransactionToDN(50)) - Transaction added: 41bdc6fc-f730-460f-b2d8-92157d986a72 <- TX(18)
2021-08-14 14:05:27,487 [SCMBlockDeletingService#0] DEBUG block.SCMBlockDeletingService (DatanodeDeletedBlockTransactions.java:addTransactionToDN(50)) - Transaction added: 41bdc6fc-f730-460f-b2d8-92157d986a72 <- TX(19)
2021-08-14 14:05:27,487 [SCMBlockDeletingService#0] DEBUG block.SCMBlockDeletingService (DatanodeDeletedBlockTransactions.java:addTransactionToDN(50)) - Transaction added: a3a688a0-b759-42a1-9d42-7ea63bf88025 <- TX(19)
2021-08-14 14:05:27,487 [SCMBlockDeletingService#0] DEBUG block.SCMBlockDeletingService (DatanodeDeletedBlockTransactions.java:addTransactionToDN(50)) - Transaction added: a3a688a0-b759-42a1-9d42-7ea63bf88025 <- TX(20)
2021-08-14 14:05:27,487 [SCMBlockDeletingService#0] DEBUG block.SCMBlockDeletingService (DatanodeDeletedBlockTransactions.java:addTransactionToDN(50)) - Transaction added: 41bdc6fc-f730-460f-b2d8-92157d986a72 <- TX(20)
2021-08-14 14:05:27,487 [SCMBlockDeletingService#0] DEBUG block.SCMBlockDeletingService (DatanodeDeletedBlockTransactions.java:addTransactionToDN(50)) - Transaction added: a3a688a0-b759-42a1-9d42-7ea63bf88025 <- TX(21)
2021-08-14 14:05:27,487 [SCMBlockDeletingService#0] DEBUG block.SCMBlockDeletingService (DatanodeDeletedBlockTransactions.java:addTransactionToDN(50)) - Transaction added: 41bdc6fc-f730-460f-b2d8-92157d986a72 <- TX(21)
2021-08-14 14:05:27,487 [SCMBlockDeletingService#0] DEBUG block.SCMBlockDeletingService (DatanodeDeletedBlockTransactions.java:addTransactionToDN(50)) - Transaction added: a3a688a0-b759-42a1-9d42-7ea63bf88025 <- TX(22)
2021-08-14 14:05:27,487 [SCMBlockDeletingService#0] DEBUG block.SCMBlockDeletingService (DatanodeDeletedBlockTransactions.java:addTransactionToDN(50)) - Transaction added: 41bdc6fc-f730-460f-b2d8-92157d986a72 <- TX(22)
2021-08-14 14:05:27,487 [SCMBlockDeletingService#0] DEBUG block.SCMBlockDeletingService (DatanodeDeletedBlockTransactions.java:addTransactionToDN(50)) - Transaction added: a3a688a0-b759-42a1-9d42-7ea63bf88025 <- TX(23)
2021-08-14 14:05:27,487 [SCMBlockDeletingService#0] DEBUG block.SCMBlockDeletingService (DatanodeDeletedBlockTransactions.java:addTransactionToDN(50)) - Transaction added: 41bdc6fc-f730-460f-b2d8-92157d986a72 <- TX(23)
2021-08-14 14:05:27,487 [SCMBlockDeletingService#0] DEBUG block.SCMBlockDeletingService (DatanodeDeletedBlockTransactions.java:addTransactionToDN(50)) - Transaction added: 41bdc6fc-f730-460f-b2d8-92157d986a72 <- TX(24)
2021-08-14 14:05:27,487 [SCMBlockDeletingService#0] DEBUG block.SCMBlockDeletingService (DatanodeDeletedBlockTransactions.java:addTransactionToDN(50)) - Transaction added: a3a688a0-b759-42a1-9d42-7ea63bf88025 <- TX(24)
2021-08-14 14:05:27,487 [SCMBlockDeletingService#0] DEBUG block.SCMBlockDeletingService (DatanodeDeletedBlockTransactions.java:addTransactionToDN(50)) - Transaction added: a3a688a0-b759-42a1-9d42-7ea63bf88025 <- TX(25)
2021-08-14 14:05:27,487 [SCMBlockDeletingService#0] DEBUG block.SCMBlockDeletingService (DatanodeDeletedBlockTransactions.java:addTransactionToDN(50)) - Transaction added: 41bdc6fc-f730-460f-b2d8-92157d986a72 <- TX(25)
2021-08-14 14:05:27,487 [SCMBlockDeletingService#0] DEBUG block.SCMBlockDeletingService (DatanodeDeletedBlockTransactions.java:addTransactionToDN(50)) - Transaction added: 41bdc6fc-f730-460f-b2d8-92157d986a72 <- TX(26)
2021-08-14 14:05:27,487 [SCMBlockDeletingService#0] DEBUG block.SCMBlockDeletingService (DatanodeDeletedBlockTransactions.java:addTransactionToDN(50)) - Transaction added: a3a688a0-b759-42a1-9d42-7ea63bf88025 <- TX(26)
2021-08-14 14:05:27,487 [SCMBlockDeletingService#0] DEBUG block.SCMBlockDeletingService (DatanodeDeletedBlockTransactions.java:addTransactionToDN(50)) - Transaction added: a3a688a0-b759-42a1-9d42-7ea63bf88025 <- TX(27)
2021-08-14 14:05:27,487 [SCMBlockDeletingService#0] DEBUG block.SCMBlockDeletingService (DatanodeDeletedBlockTransactions.java:addTransactionToDN(50)) - Transaction added: 41bdc6fc-f730-460f-b2d8-92157d986a72 <- TX(27)
2021-08-14 14:05:27,487 [SCMBlockDeletingService#0] DEBUG block.SCMBlockDeletingService (DatanodeDeletedBlockTransactions.java:addTransactionToDN(50)) - Transaction added: 41bdc6fc-f730-460f-b2d8-92157d986a72 <- TX(28)
2021-08-14 14:05:27,487 [SCMBlockDeletingService#0] DEBUG block.SCMBlockDeletingService (DatanodeDeletedBlockTransactions.java:addTransactionToDN(50)) - Transaction added: a3a688a0-b759-42a1-9d42-7ea63bf88025 <- TX(28)
2021-08-14 14:05:27,487 [SCMBlockDeletingService#0] DEBUG block.SCMBlockDeletingService (DatanodeDeletedBlockTransactions.java:addTransactionToDN(50)) - Transaction added: a3a688a0-b759-42a1-9d42-7ea63bf88025 <- TX(29)
2021-08-14 14:05:27,487 [SCMBlockDeletingService#0] DEBUG block.SCMBlockDeletingService (DatanodeDeletedBlockTransactions.java:addTransactionToDN(50)) - Transaction added: 41bdc6fc-f730-460f-b2d8-92157d986a72 <- TX(29)
2021-08-14 14:05:27,487 [SCMBlockDeletingService#0] DEBUG block.SCMBlockDeletingService (DatanodeDeletedBlockTransactions.java:addTransactionToDN(50)) - Transaction added: a3a688a0-b759-42a1-9d42-7ea63bf88025 <- TX(30)
2021-08-14 14:05:27,488 [SCMBlockDeletingService#0] DEBUG block.SCMBlockDeletingService (DatanodeDeletedBlockTransactions.java:addTransactionToDN(50)) - Transaction added: 41bdc6fc-f730-460f-b2d8-92157d986a72 <- TX(30)
2021-08-14 14:05:27,488 [SCMBlockDeletingService#0] DEBUG block.SCMBlockDeletingService (DatanodeDeletedBlockTransactions.java:addTransactionToDN(50)) - Transaction added: 41bdc6fc-f730-460f-b2d8-92157d986a72 <- TX(31)
2021-08-14 14:05:27,488 [SCMBlockDeletingService#0] DEBUG block.SCMBlockDeletingService (DatanodeDeletedBlockTransactions.java:addTransactionToDN(50)) - Transaction added: a3a688a0-b759-42a1-9d42-7ea63bf88025 <- TX(31)
2021-08-14 14:05:27,488 [SCMBlockDeletingService#0] DEBUG block.SCMBlockDeletingService (DatanodeDeletedBlockTransactions.java:addTransactionToDN(50)) - Transaction added: a3a688a0-b759-42a1-9d42-7ea63bf88025 <- TX(32)
2021-08-14 14:05:27,488 [SCMBlockDeletingService#0] DEBUG block.SCMBlockDeletingService (DatanodeDeletedBlockTransactions.java:addTransactionToDN(50)) - Transaction added: 41bdc6fc-f730-460f-b2d8-92157d986a72 <- TX(32)
2021-08-14 14:05:27,488 [SCMBlockDeletingService#0] DEBUG block.SCMBlockDeletingService (DatanodeDeletedBlockTransactions.java:addTransactionToDN(50)) - Transaction added: 41bdc6fc-f730-460f-b2d8-92157d986a72 <- TX(33)
2021-08-14 14:05:27,488 [SCMBlockDeletingService#0] DEBUG block.SCMBlockDeletingService (DatanodeDeletedBlockTransactions.java:addTransactionToDN(50)) - Transaction added: a3a688a0-b759-42a1-9d42-7ea63bf88025 <- TX(33)
2021-08-14 14:05:27,488 [SCMBlockDeletingService#0] DEBUG block.SCMBlockDeletingService (DatanodeDeletedBlockTransactions.java:addTransactionToDN(50)) - Transaction added: a3a688a0-b759-42a1-9d42-7ea63bf88025 <- TX(34)
2021-08-14 14:05:27,488 [SCMBlockDeletingService#0] DEBUG block.SCMBlockDeletingService (DatanodeDeletedBlockTransactions.java:addTransactionToDN(50)) - Transaction added: 41bdc6fc-f730-460f-b2d8-92157d986a72 <- TX(34)
2021-08-14 14:05:27,488 [SCMBlockDeletingService#0] DEBUG block.SCMBlockDeletingService (DatanodeDeletedBlockTransactions.java:addTransactionToDN(50)) - Transaction added: 41bdc6fc-f730-460f-b2d8-92157d986a72 <- TX(35)
2021-08-14 14:05:27,488 [SCMBlockDeletingService#0] DEBUG block.SCMBlockDeletingService (DatanodeDeletedBlockTransactions.java:addTransactionToDN(50)) - Transaction added: a3a688a0-b759-42a1-9d42-7ea63bf88025 <- TX(35)
2021-08-14 14:05:27,488 [SCMBlockDeletingService#0] DEBUG block.SCMBlockDeletingService (DatanodeDeletedBlockTransactions.java:addTransactionToDN(50)) - Transaction added: a3a688a0-b759-42a1-9d42-7ea63bf88025 <- TX(36)
2021-08-14 14:05:27,488 [SCMBlockDeletingService#0] DEBUG block.SCMBlockDeletingService (DatanodeDeletedBlockTransactions.java:addTransactionToDN(50)) - Transaction added: 41bdc6fc-f730-460f-b2d8-92157d986a72 <- TX(36)
2021-08-14 14:05:27,488 [SCMBlockDeletingService#0] DEBUG block.SCMBlockDeletingService (DatanodeDeletedBlockTransactions.java:addTransactionToDN(50)) - Transaction added: a3a688a0-b759-42a1-9d42-7ea63bf88025 <- TX(37)
2021-08-14 14:05:27,488 [SCMBlockDeletingService#0] DEBUG block.SCMBlockDeletingService (DatanodeDeletedBlockTransactions.java:addTransactionToDN(50)) - Transaction added: 41bdc6fc-f730-460f-b2d8-92157d986a72 <- TX(37)
2021-08-14 14:05:27,488 [SCMBlockDeletingService#0] DEBUG block.SCMBlockDeletingService (DatanodeDeletedBlockTransactions.java:addTransactionToDN(50)) - Transaction added: a3a688a0-b759-42a1-9d42-7ea63bf88025 <- TX(38)
2021-08-14 14:05:27,488 [SCMBlockDeletingService#0] DEBUG block.SCMBlockDeletingService (DatanodeDeletedBlockTransactions.java:addTransactionToDN(50)) - Transaction added: 41bdc6fc-f730-460f-b2d8-92157d986a72 <- TX(38)
2021-08-14 14:05:27,488 [SCMBlockDeletingService#0] DEBUG block.SCMBlockDeletingService (DatanodeDeletedBlockTransactions.java:addTransactionToDN(50)) - Transaction added: a3a688a0-b759-42a1-9d42-7ea63bf88025 <- TX(39)
2021-08-14 14:05:27,488 [SCMBlockDeletingService#0] DEBUG block.SCMBlockDeletingService (DatanodeDeletedBlockTransactions.java:addTransactionToDN(50)) - Transaction added: 41bdc6fc-f730-460f-b2d8-92157d986a72 <- TX(39)
2021-08-14 14:05:27,488 [SCMBlockDeletingService#0] DEBUG block.SCMBlockDeletingService (DatanodeDeletedBlockTransactions.java:addTransactionToDN(50)) - Transaction added: 41bdc6fc-f730-460f-b2d8-92157d986a72 <- TX(40)
2021-08-14 14:05:27,488 [SCMBlockDeletingService#0] DEBUG block.SCMBlockDeletingService (DatanodeDeletedBlockTransactions.java:addTransactionToDN(50)) - Transaction added: a3a688a0-b759-42a1-9d42-7ea63bf88025 <- TX(40)
2021-08-14 14:05:27,488 [SCMBlockDeletingService#0] DEBUG block.SCMBlockDeletingService (DatanodeDeletedBlockTransactions.java:addTransactionToDN(50)) - Transaction added: a3a688a0-b759-42a1-9d42-7ea63bf88025 <- TX(41)
2021-08-14 14:05:27,488 [SCMBlockDeletingService#0] DEBUG block.SCMBlockDeletingService (DatanodeDeletedBlockTransactions.java:addTransactionToDN(50)) - Transaction added: 41bdc6fc-f730-460f-b2d8-92157d986a72 <- TX(41)
2021-08-14 14:05:27,488 [SCMBlockDeletingService#0] DEBUG block.SCMBlockDeletingService (DatanodeDeletedBlockTransactions.java:addTransactionToDN(50)) - Transaction added: 41bdc6fc-f730-460f-b2d8-92157d986a72 <- TX(42)
2021-08-14 14:05:27,488 [SCMBlockDeletingService#0] DEBUG block.SCMBlockDeletingService (DatanodeDeletedBlockTransactions.java:addTransactionToDN(50)) - Transaction added: a3a688a0-b759-42a1-9d42-7ea63bf88025 <- TX(42)
2021-08-14 14:05:27,488 [SCMBlockDeletingService#0] DEBUG block.SCMBlockDeletingService (DatanodeDeletedBlockTransactions.java:addTransactionToDN(50)) - Transaction added: a3a688a0-b759-42a1-9d42-7ea63bf88025 <- TX(43)
2021-08-14 14:05:27,488 [SCMBlockDeletingService#0] DEBUG block.SCMBlockDeletingService (DatanodeDeletedBlockTransactions.java:addTransactionToDN(50)) - Transaction added: 41bdc6fc-f730-460f-b2d8-92157d986a72 <- TX(43)
2021-08-14 14:05:27,488 [SCMBlockDeletingService#0] DEBUG block.SCMBlockDeletingService (DatanodeDeletedBlockTransactions.java:addTransactionToDN(50)) - Transaction added: 41bdc6fc-f730-460f-b2d8-92157d986a72 <- TX(44)
2021-08-14 14:05:27,488 [SCMBlockDeletingService#0] DEBUG block.SCMBlockDeletingService (DatanodeDeletedBlockTransactions.java:addTransactionToDN(50)) - Transaction added: a3a688a0-b759-42a1-9d42-7ea63bf88025 <- TX(44)
2021-08-14 14:05:27,488 [SCMBlockDeletingService#0] DEBUG block.SCMBlockDeletingService (DatanodeDeletedBlockTransactions.java:addTransactionToDN(50)) - Transaction added: a3a688a0-b759-42a1-9d42-7ea63bf88025 <- TX(45)
2021-08-14 14:05:27,488 [SCMBlockDeletingService#0] DEBUG block.SCMBlockDeletingService (DatanodeDeletedBlockTransactions.java:addTransactionToDN(50)) - Transaction added: 41bdc6fc-f730-460f-b2d8-92157d986a72 <- TX(45)
2021-08-14 14:05:27,488 [SCMBlockDeletingService#0] DEBUG block.SCMBlockDeletingService (DatanodeDeletedBlockTransactions.java:addTransactionToDN(50)) - Transaction added: a3a688a0-b759-42a1-9d42-7ea63bf88025 <- TX(46)
2021-08-14 14:05:27,488 [SCMBlockDeletingService#0] DEBUG block.SCMBlockDeletingService (DatanodeDeletedBlockTransactions.java:addTransactionToDN(50)) - Transaction added: 41bdc6fc-f730-460f-b2d8-92157d986a72 <- TX(46)
2021-08-14 14:05:27,488 [SCMBlockDeletingService#0] DEBUG block.SCMBlockDeletingService (DatanodeDeletedBlockTransactions.java:addTransactionToDN(50)) - Transaction added: 41bdc6fc-f730-460f-b2d8-92157d986a72 <- TX(47)
2021-08-14 14:05:27,488 [SCMBlockDeletingService#0] DEBUG block.SCMBlockDeletingService (DatanodeDeletedBlockTransactions.java:addTransactionToDN(50)) - Transaction added: a3a688a0-b759-42a1-9d42-7ea63bf88025 <- TX(47)
2021-08-14 14:05:27,489 [SCMBlockDeletingService#0] DEBUG block.SCMBlockDeletingService (DatanodeDeletedBlockTransactions.java:addTransactionToDN(50)) - Transaction added: a3a688a0-b759-42a1-9d42-7ea63bf88025 <- TX(48)
2021-08-14 14:05:27,489 [SCMBlockDeletingService#0] DEBUG block.SCMBlockDeletingService (DatanodeDeletedBlockTransactions.java:addTransactionToDN(50)) - Transaction added: 41bdc6fc-f730-460f-b2d8-92157d986a72 <- TX(48)
2021-08-14 14:05:27,489 [SCMBlockDeletingService#0] DEBUG block.SCMBlockDeletingService (DatanodeDeletedBlockTransactions.java:addTransactionToDN(50)) - Transaction added: 41bdc6fc-f730-460f-b2d8-92157d986a72 <- TX(49)
2021-08-14 14:05:27,489 [SCMBlockDeletingService#0] DEBUG block.SCMBlockDeletingService (DatanodeDeletedBlockTransactions.java:addTransactionToDN(50)) - Transaction added: a3a688a0-b759-42a1-9d42-7ea63bf88025 <- TX(49)
2021-08-14 14:05:27,489 [SCMBlockDeletingService#0] DEBUG block.SCMBlockDeletingService (DatanodeDeletedBlockTransactions.java:addTransactionToDN(50)) - Transaction added: a3a688a0-b759-42a1-9d42-7ea63bf88025 <- TX(50)
2021-08-14 14:05:27,489 [SCMBlockDeletingService#0] DEBUG block.SCMBlockDeletingService (DatanodeDeletedBlockTransactions.java:addTransactionToDN(50)) - Transaction added: 41bdc6fc-f730-460f-b2d8-92157d986a72 <- TX(50)
2021-08-14 14:05:27,489 [SCMBlockDeletingService#0] DEBUG block.SCMBlockDeletingService (DatanodeDeletedBlockTransactions.java:addTransactionToDN(50)) - Transaction added: 41bdc6fc-f730-460f-b2d8-92157d986a72 <- TX(51)
2021-08-14 14:05:27,489 [SCMBlockDeletingService#0] DEBUG block.SCMBlockDeletingService (DatanodeDeletedBlockTransactions.java:addTransactionToDN(50)) - Transaction added: a3a688a0-b759-42a1-9d42-7ea63bf88025 <- TX(51)
2021-08-14 14:05:27,489 [SCMBlockDeletingService#0] DEBUG block.SCMBlockDeletingService (DatanodeDeletedBlockTransactions.java:addTransactionToDN(50)) - Transaction added: a3a688a0-b759-42a1-9d42-7ea63bf88025 <- TX(52)
2021-08-14 14:05:27,489 [SCMBlockDeletingService#0] DEBUG block.SCMBlockDeletingService (DatanodeDeletedBlockTransactions.java:addTransactionToDN(50)) - Transaction added: 41bdc6fc-f730-460f-b2d8-92157d986a72 <- TX(52)
2021-08-14 14:05:27,489 [SCMBlockDeletingService#0] DEBUG block.SCMBlockDeletingService (DatanodeDeletedBlockTransactions.java:addTransactionToDN(50)) - Transaction added: a3a688a0-b759-42a1-9d42-7ea63bf88025 <- TX(53)
2021-08-14 14:05:27,489 [SCMBlockDeletingService#0] DEBUG block.SCMBlockDeletingService (DatanodeDeletedBlockTransactions.java:addTransactionToDN(50)) - Transaction added: 41bdc6fc-f730-460f-b2d8-92157d986a72 <- TX(53)
2021-08-14 14:05:27,489 [SCMBlockDeletingService#0] DEBUG block.SCMBlockDeletingService (DatanodeDeletedBlockTransactions.java:addTransactionToDN(50)) - Transaction added: a3a688a0-b759-42a1-9d42-7ea63bf88025 <- TX(54)
2021-08-14 14:05:27,489 [SCMBlockDeletingService#0] DEBUG block.SCMBlockDeletingService (DatanodeDeletedBlockTransactions.java:addTransactionToDN(50)) - Transaction added: 41bdc6fc-f730-460f-b2d8-92157d986a72 <- TX(54)
2021-08-14 14:05:27,489 [SCMBlockDeletingService#0] DEBUG block.SCMBlockDeletingService (DatanodeDeletedBlockTransactions.java:addTransactionToDN(50)) - Transaction added: a3a688a0-b759-42a1-9d42-7ea63bf88025 <- TX(55)
2021-08-14 14:05:27,489 [SCMBlockDeletingService#0] DEBUG block.SCMBlockDeletingService (DatanodeDeletedBlockTransactions.java:addTransactionToDN(50)) - Transaction added: 41bdc6fc-f730-460f-b2d8-92157d986a72 <- TX(55)
2021-08-14 14:05:27,489 [SCMBlockDeletingService#0] DEBUG block.SCMBlockDeletingService (DatanodeDeletedBlockTransactions.java:addTransactionToDN(50)) - Transaction added: 41bdc6fc-f730-460f-b2d8-92157d986a72 <- TX(56)
2021-08-14 14:05:27,489 [SCMBlockDeletingService#0] DEBUG block.SCMBlockDeletingService (DatanodeDeletedBlockTransactions.java:addTransactionToDN(50)) - Transaction added: a3a688a0-b759-42a1-9d42-7ea63bf88025 <- TX(56)
2021-08-14 14:05:27,489 [SCMBlockDeletingService#0] DEBUG block.SCMBlockDeletingService (SCMBlockDeletingService.java:call(164)) - Added delete block command for datanode a3a688a0-b759-42a1-9d42-7ea63bf88025 in the queue, number of delete block transactions: 38
2021-08-14 14:05:27,489 [SCMBlockDeletingService#0] DEBUG block.SCMBlockDeletingService (SCMBlockDeletingService.java:call(164)) - Added delete block command for datanode 41bdc6fc-f730-460f-b2d8-92157d986a72 in the queue, number of delete block transactions: 56
2021-08-14 14:05:27,489 [SCMBlockDeletingService#0] INFO  block.SCMBlockDeletingService (SCMBlockDeletingService.java:call(174)) - Totally added 94 blocks to be deleted for 2 datanodes, task elapsed time: 3ms
2021-08-14 14:05:27,581 [EventQueue-DeleteBlockStatusForDeletedBlockLogImpl] DEBUG block.DeletedBlockLogImpl (DeletedBlockLogImpl.java:isTransactionFailed(278)) - Got block deletion ACK from datanode, TXIDs=1, success=true
2021-08-14 14:05:27,581 [EventQueue-DeleteBlockStatusForDeletedBlockLogImpl] DEBUG block.DeletedBlockLogImpl (DeletedBlockLogImpl.java:commitTransactions(250)) - Purging txId=1 from block deletion log
2021-08-14 14:05:27,581 [EventQueue-DeleteBlockStatusForDeletedBlockLogImpl] DEBUG block.DeletedBlockLogImpl (DeletedBlockLogImpl.java:commitTransactions(256)) - Datanode txId=1 containerId=#1 committed by dnId=41bdc6fc-f730-460f-b2d8-92157d986a72
2021-08-14 14:05:27,581 [EventQueue-DeleteBlockStatusForDeletedBlockLogImpl] DEBUG block.DeletedBlockLogImpl (DeletedBlockLogImpl.java:isTransactionFailed(278)) - Got block deletion ACK from datanode, TXIDs=2, success=true
2021-08-14 14:05:27,581 [EventQueue-DeleteBlockStatusForDeletedBlockLogImpl] DEBUG block.DeletedBlockLogImpl (DeletedBlockLogImpl.java:commitTransactions(250)) - Purging txId=2 from block deletion log
2021-08-14 14:05:27,581 [EventQueue-DeleteBlockStatusForDeletedBlockLogImpl] DEBUG block.DeletedBlockLogImpl (DeletedBlockLogImpl.java:commitTransactions(256)) - Datanode txId=2 containerId=#2 committed by dnId=41bdc6fc-f730-460f-b2d8-92157d986a72
2021-08-14 14:05:27,581 [EventQueue-DeleteBlockStatusForDeletedBlockLogImpl] DEBUG block.DeletedBlockLogImpl (DeletedBlockLogImpl.java:isTransactionFailed(278)) - Got block deletion ACK from datanode, TXIDs=3, success=true
2021-08-14 14:05:27,582 [EventQueue-DeleteBlockStatusForDeletedBlockLogImpl] DEBUG block.DeletedBlockLogImpl (DeletedBlockLogImpl.java:commitTransactions(250)) - Purging txId=3 from block deletion log
2021-08-14 14:05:27,582 [EventQueue-DeleteBlockStatusForDeletedBlockLogImpl] DEBUG block.DeletedBlockLogImpl (DeletedBlockLogImpl.java:commitTransactions(256)) - Datanode txId=3 containerId=#3 committed by dnId=41bdc6fc-f730-460f-b2d8-92157d986a72
2021-08-14 14:05:27,582 [EventQueue-DeleteBlockStatusForDeletedBlockLogImpl] DEBUG block.DeletedBlockLogImpl (DeletedBlockLogImpl.java:isTransactionFailed(278)) - Got block deletion ACK from datanode, TXIDs=4, success=true
2021-08-14 14:05:27,582 [EventQueue-DeleteBlockStatusForDeletedBlockLogImpl] DEBUG block.DeletedBlockLogImpl (DeletedBlockLogImpl.java:commitTransactions(250)) - Purging txId=4 from block deletion log
2021-08-14 14:05:27,582 [EventQueue-DeleteBlockStatusForDeletedBlockLogImpl] DEBUG block.DeletedBlockLogImpl (DeletedBlockLogImpl.java:commitTransactions(256)) - Datanode txId=4 containerId=#4 committed by dnId=41bdc6fc-f730-460f-b2d8-92157d986a72
2021-08-14 14:05:27,582 [EventQueue-DeleteBlockStatusForDeletedBlockLogImpl] DEBUG block.DeletedBlockLogImpl (DeletedBlockLogImpl.java:isTransactionFailed(278)) - Got block deletion ACK from datanode, TXIDs=5, success=true
2021-08-14 14:05:27,582 [EventQueue-DeleteBlockStatusForDeletedBlockLogImpl] DEBUG block.DeletedBlockLogImpl (DeletedBlockLogImpl.java:commitTransactions(250)) - Purging txId=5 from block deletion log
2021-08-14 14:05:27,582 [EventQueue-DeleteBlockStatusForDeletedBlockLogImpl] DEBUG block.DeletedBlockLogImpl (DeletedBlockLogImpl.java:commitTransactions(256)) - Datanode txId=5 containerId=#5 committed by dnId=41bdc6fc-f730-460f-b2d8-92157d986a72
2021-08-14 14:05:27,582 [EventQueue-DeleteBlockStatusForDeletedBlockLogImpl] DEBUG block.DeletedBlockLogImpl (DeletedBlockLogImpl.java:isTransactionFailed(278)) - Got block deletion ACK from datanode, TXIDs=6, success=true
2021-08-14 14:05:27,582 [EventQueue-DeleteBlockStatusForDeletedBlockLogImpl] DEBUG block.DeletedBlockLogImpl (DeletedBlockLogImpl.java:commitTransactions(250)) - Purging txId=6 from block deletion log
2021-08-14 14:05:27,582 [EventQueue-DeleteBlockStatusForDeletedBlockLogImpl] DEBUG block.DeletedBlockLogImpl (DeletedBlockLogImpl.java:commitTransactions(256)) - Datanode txId=6 containerId=#6 committed by dnId=41bdc6fc-f730-460f-b2d8-92157d986a72
2021-08-14 14:05:27,582 [EventQueue-DeleteBlockStatusForDeletedBlockLogImpl] DEBUG block.DeletedBlockLogImpl (DeletedBlockLogImpl.java:isTransactionFailed(278)) - Got block deletion ACK from datanode, TXIDs=7, success=true
2021-08-14 14:05:27,582 [EventQueue-DeleteBlockStatusForDeletedBlockLogImpl] DEBUG block.DeletedBlockLogImpl (DeletedBlockLogImpl.java:commitTransactions(250)) - Purging txId=7 from block deletion log
2021-08-14 14:05:27,582 [EventQueue-DeleteBlockStatusForDeletedBlockLogImpl] DEBUG block.DeletedBlockLogImpl (DeletedBlockLogImpl.java:commitTransactions(256)) - Datanode txId=7 containerId=#7 committed by dnId=41bdc6fc-f730-460f-b2d8-92157d986a72
2021-08-14 14:05:27,582 [EventQueue-DeleteBlockStatusForDeletedBlockLogImpl] DEBUG block.DeletedBlockLogImpl (DeletedBlockLogImpl.java:isTransactionFailed(278)) - Got block deletion ACK from datanode, TXIDs=1, success=true
2021-08-14 14:05:27,582 [EventQueue-DeleteBlockStatusForDeletedBlockLogImpl] DEBUG block.DeletedBlockLogImpl (DeletedBlockLogImpl.java:commitTransactions(224)) - Transaction txId=1 commit by dnId=41bdc6fc-f730-460f-b2d8-92157d986a72 for containerID=#1 failed. Corresponding entry not found.
2021-08-14 14:05:27,582 [EventQueue-DeleteBlockStatusForDeletedBlockLogImpl] DEBUG block.DeletedBlockLogImpl (DeletedBlockLogImpl.java:isTransactionFailed(278)) - Got block deletion ACK from datanode, TXIDs=2, success=true
2021-08-14 14:05:27,582 [EventQueue-DeleteBlockStatusForDeletedBlockLogImpl] DEBUG block.DeletedBlockLogImpl (DeletedBlockLogImpl.java:commitTransactions(224)) - Transaction txId=2 commit by dnId=41bdc6fc-f730-460f-b2d8-92157d986a72 for containerID=#2 failed. Corresponding entry not found.
2021-08-14 14:05:27,582 [EventQueue-DeleteBlockStatusForDeletedBlockLogImpl] DEBUG block.DeletedBlockLogImpl (DeletedBlockLogImpl.java:isTransactionFailed(278)) - Got block deletion ACK from datanode, TXIDs=3, success=true
2021-08-14 14:05:27,582 [EventQueue-DeleteBlockStatusForDeletedBlockLogImpl] DEBUG block.DeletedBlockLogImpl (DeletedBlockLogImpl.java:commitTransactions(224)) - Transaction txId=3 commit by dnId=41bdc6fc-f730-460f-b2d8-92157d986a72 for containerID=#3 failed. Corresponding entry not found.
2021-08-14 14:05:27,582 [EventQueue-DeleteBlockStatusForDeletedBlockLogImpl] DEBUG block.DeletedBlockLogImpl (DeletedBlockLogImpl.java:isTransactionFailed(278)) - Got block deletion ACK from datanode, TXIDs=4, success=true
2021-08-14 14:05:27,582 [EventQueue-DeleteBlockStatusForDeletedBlockLogImpl] DEBUG block.DeletedBlockLogImpl (DeletedBlockLogImpl.java:commitTransactions(224)) - Transaction txId=4 commit by dnId=41bdc6fc-f730-460f-b2d8-92157d986a72 for containerID=#4 failed. Corresponding entry not found.
2021-08-14 14:05:27,582 [EventQueue-DeleteBlockStatusForDeletedBlockLogImpl] DEBUG block.DeletedBlockLogImpl (DeletedBlockLogImpl.java:isTransactionFailed(278)) - Got block deletion ACK from datanode, TXIDs=5, success=true
2021-08-14 14:05:27,582 [EventQueue-DeleteBlockStatusForDeletedBlockLogImpl] DEBUG block.DeletedBlockLogImpl (DeletedBlockLogImpl.java:commitTransactions(224)) - Transaction txId=5 commit by dnId=41bdc6fc-f730-460f-b2d8-92157d986a72 for containerID=#5 failed. Corresponding entry not found.
2021-08-14 14:05:27,582 [EventQueue-DeleteBlockStatusForDeletedBlockLogImpl] DEBUG block.DeletedBlockLogImpl (DeletedBlockLogImpl.java:isTransactionFailed(278)) - Got block deletion ACK from datanode, TXIDs=6, success=true
2021-08-14 14:05:27,582 [EventQueue-DeleteBlockStatusForDeletedBlockLogImpl] DEBUG block.DeletedBlockLogImpl (DeletedBlockLogImpl.java:commitTransactions(224)) - Transaction txId=6 commit by dnId=41bdc6fc-f730-460f-b2d8-92157d986a72 for containerID=#6 failed. Corresponding entry not found.
2021-08-14 14:05:27,582 [EventQueue-DeleteBlockStatusForDeletedBlockLogImpl] DEBUG block.DeletedBlockLogImpl (DeletedBlockLogImpl.java:isTransactionFailed(278)) - Got block deletion ACK from datanode, TXIDs=7, success=true
2021-08-14 14:05:27,582 [EventQueue-DeleteBlockStatusForDeletedBlockLogImpl] DEBUG block.DeletedBlockLogImpl (DeletedBlockLogImpl.java:commitTransactions(224)) - Transaction txId=7 commit by dnId=41bdc6fc-f730-460f-b2d8-92157d986a72 for containerID=#7 failed. Corresponding entry not found.
2021-08-14 14:05:27,582 [EventQueue-DeleteBlockStatusForDeletedBlockLogImpl] DEBUG block.DeletedBlockLogImpl (DeletedBlockLogImpl.java:isTransactionFailed(278)) - Got block deletion ACK from datanode, TXIDs=8, success=true
2021-08-14 14:05:27,582 [EventQueue-DeleteBlockStatusForDeletedBlockLogImpl] DEBUG block.DeletedBlockLogImpl (DeletedBlockLogImpl.java:commitTransactions(250)) - Purging txId=8 from block deletion log
2021-08-14 14:05:27,582 [EventQueue-DeleteBlockStatusForDeletedBlockLogImpl] DEBUG block.DeletedBlockLogImpl (DeletedBlockLogImpl.java:commitTransactions(256)) - Datanode txId=8 containerId=#8 committed by dnId=41bdc6fc-f730-460f-b2d8-92157d986a72
2021-08-14 14:05:27,582 [EventQueue-DeleteBlockStatusForDeletedBlockLogImpl] DEBUG block.DeletedBlockLogImpl (DeletedBlockLogImpl.java:isTransactionFailed(278)) - Got block deletion ACK from datanode, TXIDs=9, success=true
2021-08-14 14:05:27,582 [EventQueue-DeleteBlockStatusForDeletedBlockLogImpl] DEBUG block.DeletedBlockLogImpl (DeletedBlockLogImpl.java:commitTransactions(250)) - Purging txId=9 from block deletion log
2021-08-14 14:05:27,582 [EventQueue-DeleteBlockStatusForDeletedBlockLogImpl] DEBUG block.DeletedBlockLogImpl (DeletedBlockLogImpl.java:commitTransactions(256)) - Datanode txId=9 containerId=#9 committed by dnId=41bdc6fc-f730-460f-b2d8-92157d986a72
2021-08-14 14:05:27,582 [EventQueue-DeleteBlockStatusForDeletedBlockLogImpl] DEBUG block.DeletedBlockLogImpl (DeletedBlockLogImpl.java:isTransactionFailed(278)) - Got block deletion ACK from datanode, TXIDs=1, success=true
2021-08-14 14:05:27,582 [EventQueue-DeleteBlockStatusForDeletedBlockLogImpl] DEBUG block.DeletedBlockLogImpl (DeletedBlockLogImpl.java:commitTransactions(224)) - Transaction txId=1 commit by dnId=41bdc6fc-f730-460f-b2d8-92157d986a72 for containerID=#1 failed. Corresponding entry not found.
2021-08-14 14:05:27,582 [EventQueue-DeleteBlockStatusForDeletedBlockLogImpl] DEBUG block.DeletedBlockLogImpl (DeletedBlockLogImpl.java:isTransactionFailed(278)) - Got block deletion ACK from datanode, TXIDs=2, success=true
2021-08-14 14:05:27,582 [EventQueue-DeleteBlockStatusForDeletedBlockLogImpl] DEBUG block.DeletedBlockLogImpl (DeletedBlockLogImpl.java:commitTransactions(224)) - Transaction txId=2 commit by dnId=41bdc6fc-f730-460f-b2d8-92157d986a72 for containerID=#2 failed. Corresponding entry not found.
2021-08-14 14:05:27,582 [EventQueue-DeleteBlockStatusForDeletedBlockLogImpl] DEBUG block.DeletedBlockLogImpl (DeletedBlockLogImpl.java:isTransactionFailed(278)) - Got block deletion ACK from datanode, TXIDs=3, success=true
2021-08-14 14:05:27,583 [EventQueue-DeleteBlockStatusForDeletedBlockLogImpl] DEBUG block.DeletedBlockLogImpl (DeletedBlockLogImpl.java:commitTransactions(224)) - Transaction txId=3 commit by dnId=41bdc6fc-f730-460f-b2d8-92157d986a72 for containerID=#3 failed. Corresponding entry not found.
2021-08-14 14:05:27,583 [EventQueue-DeleteBlockStatusForDeletedBlockLogImpl] DEBUG block.DeletedBlockLogImpl (DeletedBlockLogImpl.java:isTransactionFailed(278)) - Got block deletion ACK from datanode, TXIDs=4, success=true
2021-08-14 14:05:27,583 [EventQueue-DeleteBlockStatusForDeletedBlockLogImpl] DEBUG block.DeletedBlockLogImpl (DeletedBlockLogImpl.java:commitTransactions(224)) - Transaction txId=4 commit by dnId=41bdc6fc-f730-460f-b2d8-92157d986a72 for containerID=#4 failed. Corresponding entry not found.
2021-08-14 14:05:27,583 [EventQueue-DeleteBlockStatusForDeletedBlockLogImpl] DEBUG block.DeletedBlockLogImpl (DeletedBlockLogImpl.java:isTransactionFailed(278)) - Got block deletion ACK from datanode, TXIDs=5, success=true
2021-08-14 14:05:27,583 [EventQueue-DeleteBlockStatusForDeletedBlockLogImpl] DEBUG block.DeletedBlockLogImpl (DeletedBlockLogImpl.java:commitTransactions(224)) - Transaction txId=5 commit by dnId=41bdc6fc-f730-460f-b2d8-92157d986a72 for containerID=#5 failed. Corresponding entry not found.
2021-08-14 14:05:27,583 [EventQueue-DeleteBlockStatusForDeletedBlockLogImpl] DEBUG block.DeletedBlockLogImpl (DeletedBlockLogImpl.java:isTransactionFailed(278)) - Got block deletion ACK from datanode, TXIDs=6, success=true
2021-08-14 14:05:27,583 [EventQueue-DeleteBlockStatusForDeletedBlockLogImpl] DEBUG block.DeletedBlockLogImpl (DeletedBlockLogImpl.java:commitTransactions(224)) - Transaction txId=6 commit by dnId=41bdc6fc-f730-460f-b2d8-92157d986a72 for containerID=#6 failed. Corresponding entry not found.
2021-08-14 14:05:27,583 [EventQueue-DeleteBlockStatusForDeletedBlockLogImpl] DEBUG block.DeletedBlockLogImpl (DeletedBlockLogImpl.java:isTransactionFailed(278)) - Got block deletion ACK from datanode, TXIDs=7, success=true
2021-08-14 14:05:27,583 [EventQueue-DeleteBlockStatusForDeletedBlockLogImpl] DEBUG block.DeletedBlockLogImpl (DeletedBlockLogImpl.java:commitTransactions(224)) - Transaction txId=7 commit by dnId=41bdc6fc-f730-460f-b2d8-92157d986a72 for containerID=#7 failed. Corresponding entry not found.
2021-08-14 14:05:27,583 [EventQueue-DeleteBlockStatusForDeletedBlockLogImpl] DEBUG block.DeletedBlockLogImpl (DeletedBlockLogImpl.java:isTransactionFailed(278)) - Got block deletion ACK from datanode, TXIDs=8, success=true
2021-08-14 14:05:27,583 [EventQueue-DeleteBlockStatusForDeletedBlockLogImpl] DEBUG block.DeletedBlockLogImpl (DeletedBlockLogImpl.java:commitTransactions(224)) - Transaction txId=8 commit by dnId=41bdc6fc-f730-460f-b2d8-92157d986a72 for containerID=#8 failed. Corresponding entry not found.
2021-08-14 14:05:27,583 [EventQueue-DeleteBlockStatusForDeletedBlockLogImpl] DEBUG block.DeletedBlockLogImpl (DeletedBlockLogImpl.java:isTransactionFailed(278)) - Got block deletion ACK from datanode, TXIDs=1, success=true
2021-08-14 14:05:27,583 [EventQueue-DeleteBlockStatusForDeletedBlockLogImpl] DEBUG block.DeletedBlockLogImpl (DeletedBlockLogImpl.java:commitTransactions(224)) - Transaction txId=1 commit by dnId=41bdc6fc-f730-460f-b2d8-92157d986a72 for containerID=#1 failed. Corresponding entry not found.
2021-08-14 14:05:27,583 [EventQueue-DeleteBlockStatusForDeletedBlockLogImpl] DEBUG block.DeletedBlockLogImpl (DeletedBlockLogImpl.java:isTransactionFailed(278)) - Got block deletion ACK from datanode, TXIDs=2, success=true
2021-08-14 14:05:27,583 [EventQueue-DeleteBlockStatusForDeletedBlockLogImpl] DEBUG block.DeletedBlockLogImpl (DeletedBlockLogImpl.java:commitTransactions(224)) - Transaction txId=2 commit by dnId=41bdc6fc-f730-460f-b2d8-92157d986a72 for containerID=#2 failed. Corresponding entry not found.
2021-08-14 14:05:27,583 [EventQueue-DeleteBlockStatusForDeletedBlockLogImpl] DEBUG block.DeletedBlockLogImpl (DeletedBlockLogImpl.java:isTransactionFailed(278)) - Got block deletion ACK from datanode, TXIDs=3, success=true
2021-08-14 14:05:27,583 [EventQueue-DeleteBlockStatusForDeletedBlockLogImpl] DEBUG block.DeletedBlockLogImpl (DeletedBlockLogImpl.java:commitTransactions(224)) - Transaction txId=3 commit by dnId=41bdc6fc-f730-460f-b2d8-92157d986a72 for containerID=#3 failed. Corresponding entry not found.
2021-08-14 14:05:27,583 [EventQueue-DeleteBlockStatusForDeletedBlockLogImpl] DEBUG block.DeletedBlockLogImpl (DeletedBlockLogImpl.java:isTransactionFailed(278)) - Got block deletion ACK from datanode, TXIDs=4, success=true
2021-08-14 14:05:27,583 [EventQueue-DeleteBlockStatusForDeletedBlockLogImpl] DEBUG block.DeletedBlockLogImpl (DeletedBlockLogImpl.java:commitTransactions(224)) - Transaction txId=4 commit by dnId=41bdc6fc-f730-460f-b2d8-92157d986a72 for containerID=#4 failed. Corresponding entry not found.
2021-08-14 14:05:27,583 [EventQueue-DeleteBlockStatusForDeletedBlockLogImpl] DEBUG block.DeletedBlockLogImpl (DeletedBlockLogImpl.java:isTransactionFailed(278)) - Got block deletion ACK from datanode, TXIDs=5, success=true
2021-08-14 14:05:27,583 [EventQueue-DeleteBlockStatusForDeletedBlockLogImpl] DEBUG block.DeletedBlockLogImpl (DeletedBlockLogImpl.java:commitTransactions(224)) - Transaction txId=5 commit by dnId=41bdc6fc-f730-460f-b2d8-92157d986a72 for containerID=#5 failed. Corresponding entry not found.
2021-08-14 14:05:27,583 [EventQueue-DeleteBlockStatusForDeletedBlockLogImpl] DEBUG block.DeletedBlockLogImpl (DeletedBlockLogImpl.java:isTransactionFailed(278)) - Got block deletion ACK from datanode, TXIDs=6, success=true
2021-08-14 14:05:27,583 [EventQueue-DeleteBlockStatusForDeletedBlockLogImpl] DEBUG block.DeletedBlockLogImpl (DeletedBlockLogImpl.java:commitTransactions(224)) - Transaction txId=6 commit by dnId=41bdc6fc-f730-460f-b2d8-92157d986a72 for containerID=#6 failed. Corresponding entry not found.
2021-08-14 14:05:27,583 [EventQueue-DeleteBlockStatusForDeletedBlockLogImpl] DEBUG block.DeletedBlockLogImpl (DeletedBlockLogImpl.java:isTransactionFailed(278)) - Got block deletion ACK from datanode, TXIDs=7, success=true
2021-08-14 14:05:27,583 [EventQueue-DeleteBlockStatusForDeletedBlockLogImpl] DEBUG block.DeletedBlockLogImpl (DeletedBlockLogImpl.java:commitTransactions(224)) - Transaction txId=7 commit by dnId=41bdc6fc-f730-460f-b2d8-92157d986a72 for containerID=#7 failed. Corresponding entry not found.
2021-08-14 14:05:27,583 [EventQueue-DeleteBlockStatusForDeletedBlockLogImpl] DEBUG block.DeletedBlockLogImpl (DeletedBlockLogImpl.java:isTransactionFailed(278)) - Got block deletion ACK from datanode, TXIDs=8, success=true
2021-08-14 14:05:27,583 [EventQueue-DeleteBlockStatusForDeletedBlockLogImpl] DEBUG block.DeletedBlockLogImpl (DeletedBlockLogImpl.java:commitTransactions(224)) - Transaction txId=8 commit by dnId=41bdc6fc-f730-460f-b2d8-92157d986a72 for containerID=#8 failed. Corresponding entry not found.
2021-08-14 14:05:27,583 [EventQueue-DeleteBlockStatusForDeletedBlockLogImpl] DEBUG block.DeletedBlockLogImpl (DeletedBlockLogImpl.java:isTransactionFailed(278)) - Got block deletion ACK from datanode, TXIDs=9, success=true
2021-08-14 14:05:27,583 [EventQueue-DeleteBlockStatusForDeletedBlockLogImpl] DEBUG block.DeletedBlockLogImpl (DeletedBlockLogImpl.java:commitTransactions(224)) - Transaction txId=9 commit by dnId=41bdc6fc-f730-460f-b2d8-92157d986a72 for containerID=#9 failed. Corresponding entry not found.
2021-08-14 14:05:27,583 [EventQueue-DeleteBlockStatusForDeletedBlockLogImpl] DEBUG block.DeletedBlockLogImpl (DeletedBlockLogImpl.java:isTransactionFailed(278)) - Got block deletion ACK from datanode, TXIDs=1, success=true
2021-08-14 14:05:27,583 [EventQueue-DeleteBlockStatusForDeletedBlockLogImpl] DEBUG block.DeletedBlockLogImpl (DeletedBlockLogImpl.java:commitTransactions(224)) - Transaction txId=1 commit by dnId=41bdc6fc-f730-460f-b2d8-92157d986a72 for containerID=#1 failed. Corresponding entry not found.
2021-08-14 14:05:27,583 [EventQueue-DeleteBlockStatusForDeletedBlockLogImpl] DEBUG block.DeletedBlockLogImpl (DeletedBlockLogImpl.java:isTransactionFailed(278)) - Got block deletion ACK from datanode, TXIDs=2, success=true
2021-08-14 14:05:27,583 [EventQueue-DeleteBlockStatusForDeletedBlockLogImpl] DEBUG block.DeletedBlockLogImpl (DeletedBlockLogImpl.java:commitTransactions(224)) - Transaction txId=2 commit by dnId=41bdc6fc-f730-460f-b2d8-92157d986a72 for containerID=#2 failed. Corresponding entry not found.
2021-08-14 14:05:27,583 [EventQueue-DeleteBlockStatusForDeletedBlockLogImpl] DEBUG block.DeletedBlockLogImpl (DeletedBlockLogImpl.java:isTransactionFailed(278)) - Got block deletion ACK from datanode, TXIDs=3, success=true
2021-08-14 14:05:27,583 [EventQueue-DeleteBlockStatusForDeletedBlockLogImpl] DEBUG block.DeletedBlockLogImpl (DeletedBlockLogImpl.java:commitTransactions(224)) - Transaction txId=3 commit by dnId=41bdc6fc-f730-460f-b2d8-92157d986a72 for containerID=#3 failed. Corresponding entry not found.
2021-08-14 14:05:27,583 [EventQueue-DeleteBlockStatusForDeletedBlockLogImpl] DEBUG block.DeletedBlockLogImpl (DeletedBlockLogImpl.java:isTransactionFailed(278)) - Got block deletion ACK from datanode, TXIDs=4, success=true
2021-08-14 14:05:27,583 [EventQueue-DeleteBlockStatusForDeletedBlockLogImpl] DEBUG block.DeletedBlockLogImpl (DeletedBlockLogImpl.java:commitTransactions(224)) - Transaction txId=4 commit by dnId=41bdc6fc-f730-460f-b2d8-92157d986a72 for containerID=#4 failed. Corresponding entry not found.
2021-08-14 14:05:27,583 [EventQueue-DeleteBlockStatusForDeletedBlockLogImpl] DEBUG block.DeletedBlockLogImpl (DeletedBlockLogImpl.java:isTransactionFailed(278)) - Got block deletion ACK from datanode, TXIDs=5, success=true
2021-08-14 14:05:27,583 [EventQueue-DeleteBlockStatusForDeletedBlockLogImpl] DEBUG block.DeletedBlockLogImpl (DeletedBlockLogImpl.java:commitTransactions(224)) - Transaction txId=5 commit by dnId=41bdc6fc-f730-460f-b2d8-92157d986a72 for containerID=#5 failed. Corresponding entry not found.
2021-08-14 14:05:27,583 [EventQueue-DeleteBlockStatusForDeletedBlockLogImpl] DEBUG block.DeletedBlockLogImpl (DeletedBlockLogImpl.java:isTransactionFailed(278)) - Got block deletion ACK from datanode, TXIDs=6, success=true
2021-08-14 14:05:27,583 [EventQueue-DeleteBlockStatusForDeletedBlockLogImpl] DEBUG block.DeletedBlockLogImpl (DeletedBlockLogImpl.java:commitTransactions(224)) - Transaction txId=6 commit by dnId=41bdc6fc-f730-460f-b2d8-92157d986a72 for containerID=#6 failed. Corresponding entry not found.
2021-08-14 14:05:27,583 [EventQueue-DeleteBlockStatusForDeletedBlockLogImpl] DEBUG block.DeletedBlockLogImpl (DeletedBlockLogImpl.java:isTransactionFailed(278)) - Got block deletion ACK from datanode, TXIDs=7, success=true
2021-08-14 14:05:27,583 [EventQueue-DeleteBlockStatusForDeletedBlockLogImpl] DEBUG block.DeletedBlockLogImpl (DeletedBlockLogImpl.java:commitTransactions(224)) - Transaction txId=7 commit by dnId=41bdc6fc-f730-460f-b2d8-92157d986a72 for containerID=#7 failed. Corresponding entry not found.
2021-08-14 14:05:27,583 [EventQueue-DeleteBlockStatusForDeletedBlockLogImpl] DEBUG block.DeletedBlockLogImpl (DeletedBlockLogImpl.java:isTransactionFailed(278)) - Got block deletion ACK from datanode, TXIDs=8, success=true
2021-08-14 14:05:27,583 [EventQueue-DeleteBlockStatusForDeletedBlockLogImpl] DEBUG block.DeletedBlockLogImpl (DeletedBlockLogImpl.java:commitTransactions(224)) - Transaction txId=8 commit by dnId=41bdc6fc-f730-460f-b2d8-92157d986a72 for containerID=#8 failed. Corresponding entry not found.
2021-08-14 14:05:27,583 [EventQueue-DeleteBlockStatusForDeletedBlockLogImpl] DEBUG block.DeletedBlockLogImpl (DeletedBlockLogImpl.java:isTransactionFailed(278)) - Got block deletion ACK from datanode, TXIDs=9, success=true
2021-08-14 14:05:27,583 [EventQueue-DeleteBlockStatusForDeletedBlockLogImpl] DEBUG block.DeletedBlockLogImpl (DeletedBlockLogImpl.java:commitTransactions(224)) - Transaction txId=9 commit by dnId=41bdc6fc-f730-460f-b2d8-92157d986a72 for containerID=#9 failed. Corresponding entry not found.
2021-08-14 14:05:27,584 [EventQueue-DeleteBlockStatusForDeletedBlockLogImpl] DEBUG block.DeletedBlockLogImpl (DeletedBlockLogImpl.java:isTransactionFailed(278)) - Got block deletion ACK from datanode, TXIDs=10, success=true
2021-08-14 14:05:27,584 [EventQueue-DeleteBlockStatusForDeletedBlockLogImpl] DEBUG block.DeletedBlockLogImpl (DeletedBlockLogImpl.java:commitTransactions(250)) - Purging txId=10 from block deletion log
2021-08-14 14:05:27,584 [EventQueue-DeleteBlockStatusForDeletedBlockLogImpl] DEBUG block.DeletedBlockLogImpl (DeletedBlockLogImpl.java:commitTransactions(256)) - Datanode txId=10 containerId=#10 committed by dnId=41bdc6fc-f730-460f-b2d8-92157d986a72
2021-08-14 14:05:27,584 [EventQueue-DeleteBlockStatusForDeletedBlockLogImpl] DEBUG block.DeletedBlockLogImpl (DeletedBlockLogImpl.java:isTransactionFailed(278)) - Got block deletion ACK from datanode, TXIDs=1, success=true
2021-08-14 14:05:27,584 [EventQueue-DeleteBlockStatusForDeletedBlockLogImpl] DEBUG block.DeletedBlockLogImpl (DeletedBlockLogImpl.java:commitTransactions(224)) - Transaction txId=1 commit by dnId=41bdc6fc-f730-460f-b2d8-92157d986a72 for containerID=#1 failed. Corresponding entry not found.
2021-08-14 14:05:27,584 [EventQueue-DeleteBlockStatusForDeletedBlockLogImpl] DEBUG block.DeletedBlockLogImpl (DeletedBlockLogImpl.java:isTransactionFailed(278)) - Got block deletion ACK from datanode, TXIDs=2, success=true
2021-08-14 14:05:27,584 [EventQueue-DeleteBlockStatusForDeletedBlockLogImpl] DEBUG block.DeletedBlockLogImpl (DeletedBlockLogImpl.java:commitTransactions(224)) - Transaction txId=2 commit by dnId=41bdc6fc-f730-460f-b2d8-92157d986a72 for containerID=#2 failed. Corresponding entry not found.
2021-08-14 14:05:27,584 [EventQueue-DeleteBlockStatusForDeletedBlockLogImpl] DEBUG block.DeletedBlockLogImpl (DeletedBlockLogImpl.java:isTransactionFailed(278)) - Got block deletion ACK from datanode, TXIDs=3, success=true
2021-08-14 14:05:27,584 [EventQueue-DeleteBlockStatusForDeletedBlockLogImpl] DEBUG block.DeletedBlockLogImpl (DeletedBlockLogImpl.java:commitTransactions(224)) - Transaction txId=3 commit by dnId=41bdc6fc-f730-460f-b2d8-92157d986a72 for containerID=#3 failed. Corresponding entry not found.
2021-08-14 14:05:27,584 [EventQueue-DeleteBlockStatusForDeletedBlockLogImpl] DEBUG block.DeletedBlockLogImpl (DeletedBlockLogImpl.java:isTransactionFailed(278)) - Got block deletion ACK from datanode, TXIDs=4, success=true
2021-08-14 14:05:27,584 [EventQueue-DeleteBlockStatusForDeletedBlockLogImpl] DEBUG block.DeletedBlockLogImpl (DeletedBlockLogImpl.java:commitTransactions(224)) - Transaction txId=4 commit by dnId=41bdc6fc-f730-460f-b2d8-92157d986a72 for containerID=#4 failed. Corresponding entry not found.
2021-08-14 14:05:27,584 [EventQueue-DeleteBlockStatusForDeletedBlockLogImpl] DEBUG block.DeletedBlockLogImpl (DeletedBlockLogImpl.java:isTransactionFailed(278)) - Got block deletion ACK from datanode, TXIDs=5, success=true
2021-08-14 14:05:27,584 [EventQueue-DeleteBlockStatusForDeletedBlockLogImpl] DEBUG block.DeletedBlockLogImpl (DeletedBlockLogImpl.java:commitTransactions(224)) - Transaction txId=5 commit by dnId=41bdc6fc-f730-460f-b2d8-92157d986a72 for containerID=#5 failed. Corresponding entry not found.
2021-08-14 14:05:27,584 [EventQueue-DeleteBlockStatusForDeletedBlockLogImpl] DEBUG block.DeletedBlockLogImpl (DeletedBlockLogImpl.java:isTransactionFailed(278)) - Got block deletion ACK from datanode, TXIDs=6, success=true
2021-08-14 14:05:27,584 [EventQueue-DeleteBlockStatusForDeletedBlockLogImpl] DEBUG block.DeletedBlockLogImpl (DeletedBlockLogImpl.java:commitTransactions(224)) - Transaction txId=6 commit by dnId=41bdc6fc-f730-460f-b2d8-92157d986a72 for containerID=#6 failed. Corresponding entry not found.
2021-08-14 14:05:27,584 [EventQueue-DeleteBlockStatusForDeletedBlockLogImpl] DEBUG block.DeletedBlockLogImpl (DeletedBlockLogImpl.java:isTransactionFailed(278)) - Got block deletion ACK from datanode, TXIDs=7, success=true
2021-08-14 14:05:27,584 [EventQueue-DeleteBlockStatusForDeletedBlockLogImpl] DEBUG block.DeletedBlockLogImpl (DeletedBlockLogImpl.java:commitTransactions(224)) - Transaction txId=7 commit by dnId=41bdc6fc-f730-460f-b2d8-92157d986a72 for containerID=#7 failed. Corresponding entry not found.
2021-08-14 14:05:27,584 [EventQueue-DeleteBlockStatusForDeletedBlockLogImpl] DEBUG block.DeletedBlockLogImpl (DeletedBlockLogImpl.java:isTransactionFailed(278)) - Got block deletion ACK from datanode, TXIDs=8, success=true
2021-08-14 14:05:27,584 [EventQueue-DeleteBlockStatusForDeletedBlockLogImpl] DEBUG block.DeletedBlockLogImpl (DeletedBlockLogImpl.java:commitTransactions(224)) - Transaction txId=8 commit by dnId=41bdc6fc-f730-460f-b2d8-92157d986a72 for containerID=#8 failed. Corresponding entry not found.
2021-08-14 14:05:27,584 [EventQueue-DeleteBlockStatusForDeletedBlockLogImpl] DEBUG block.DeletedBlockLogImpl (DeletedBlockLogImpl.java:isTransactionFailed(278)) - Got block deletion ACK from datanode, TXIDs=9, success=true
2021-08-14 14:05:27,584 [EventQueue-DeleteBlockStatusForDeletedBlockLogImpl] DEBUG block.DeletedBlockLogImpl (DeletedBlockLogImpl.java:commitTransactions(224)) - Transaction txId=9 commit by dnId=41bdc6fc-f730-460f-b2d8-92157d986a72 for containerID=#9 failed. Corresponding entry not found.
2021-08-14 14:05:27,584 [EventQueue-DeleteBlockStatusForDeletedBlockLogImpl] DEBUG block.DeletedBlockLogImpl (DeletedBlockLogImpl.java:isTransactionFailed(278)) - Got block deletion ACK from datanode, TXIDs=10, success=true
2021-08-14 14:05:27,584 [EventQueue-DeleteBlockStatusForDeletedBlockLogImpl] DEBUG block.DeletedBlockLogImpl (DeletedBlockLogImpl.java:commitTransactions(224)) - Transaction txId=10 commit by dnId=41bdc6fc-f730-460f-b2d8-92157d986a72 for containerID=#10 failed. Corresponding entry not found.
2021-08-14 14:05:27,584 [EventQueue-DeleteBlockStatusForDeletedBlockLogImpl] DEBUG block.DeletedBlockLogImpl (DeletedBlockLogImpl.java:isTransactionFailed(278)) - Got block deletion ACK from datanode, TXIDs=11, success=true
2021-08-14 14:05:27,584 [EventQueue-DeleteBlockStatusForDeletedBlockLogImpl] DEBUG block.DeletedBlockLogImpl (DeletedBlockLogImpl.java:commitTransactions(250)) - Purging txId=11 from block deletion log
2021-08-14 14:05:27,584 [EventQueue-DeleteBlockStatusForDeletedBlockLogImpl] DEBUG block.DeletedBlockLogImpl (DeletedBlockLogImpl.java:commitTransactions(256)) - Datanode txId=11 containerId=#11 committed by dnId=41bdc6fc-f730-460f-b2d8-92157d986a72
2021-08-14 14:05:27,584 [EventQueue-DeleteBlockStatusForDeletedBlockLogImpl] DEBUG block.DeletedBlockLogImpl (DeletedBlockLogImpl.java:isTransactionFailed(278)) - Got block deletion ACK from datanode, TXIDs=12, success=true
2021-08-14 14:05:27,584 [EventQueue-DeleteBlockStatusForDeletedBlockLogImpl] DEBUG block.DeletedBlockLogImpl (DeletedBlockLogImpl.java:commitTransactions(250)) - Purging txId=12 from block deletion log
2021-08-14 14:05:27,584 [EventQueue-DeleteBlockStatusForDeletedBlockLogImpl] DEBUG block.DeletedBlockLogImpl (DeletedBlockLogImpl.java:commitTransactions(256)) - Datanode txId=12 containerId=#12 committed by dnId=41bdc6fc-f730-460f-b2d8-92157d986a72
2021-08-14 14:05:27,584 [EventQueue-DeleteBlockStatusForDeletedBlockLogImpl] DEBUG block.DeletedBlockLogImpl (DeletedBlockLogImpl.java:isTransactionFailed(278)) - Got block deletion ACK from datanode, TXIDs=13, success=true
2021-08-14 14:05:27,584 [EventQueue-DeleteBlockStatusForDeletedBlockLogImpl] DEBUG block.DeletedBlockLogImpl (DeletedBlockLogImpl.java:commitTransactions(250)) - Purging txId=13 from block deletion log
2021-08-14 14:05:27,584 [EventQueue-DeleteBlockStatusForDeletedBlockLogImpl] DEBUG block.DeletedBlockLogImpl (DeletedBlockLogImpl.java:commitTransactions(256)) - Datanode txId=13 containerId=#13 committed by dnId=41bdc6fc-f730-460f-b2d8-92157d986a72
2021-08-14 14:05:27,584 [EventQueue-DeleteBlockStatusForDeletedBlockLogImpl] DEBUG block.DeletedBlockLogImpl (DeletedBlockLogImpl.java:isTransactionFailed(278)) - Got block deletion ACK from datanode, TXIDs=14, success=true
2021-08-14 14:05:27,584 [EventQueue-DeleteBlockStatusForDeletedBlockLogImpl] DEBUG block.DeletedBlockLogImpl (DeletedBlockLogImpl.java:commitTransactions(250)) - Purging txId=14 from block deletion log
2021-08-14 14:05:27,584 [EventQueue-DeleteBlockStatusForDeletedBlockLogImpl] DEBUG block.DeletedBlockLogImpl (DeletedBlockLogImpl.java:commitTransactions(256)) - Datanode txId=14 containerId=#14 committed by dnId=41bdc6fc-f730-460f-b2d8-92157d986a72
2021-08-14 14:05:27,584 [EventQueue-DeleteBlockStatusForDeletedBlockLogImpl] DEBUG block.DeletedBlockLogImpl (DeletedBlockLogImpl.java:isTransactionFailed(278)) - Got block deletion ACK from datanode, TXIDs=1, success=true
2021-08-14 14:05:27,584 [EventQueue-DeleteBlockStatusForDeletedBlockLogImpl] DEBUG block.DeletedBlockLogImpl (DeletedBlockLogImpl.java:commitTransactions(224)) - Transaction txId=1 commit by dnId=41bdc6fc-f730-460f-b2d8-92157d986a72 for containerID=#1 failed. Corresponding entry not found.
2021-08-14 14:05:27,584 [EventQueue-DeleteBlockStatusForDeletedBlockLogImpl] DEBUG block.DeletedBlockLogImpl (DeletedBlockLogImpl.java:isTransactionFailed(278)) - Got block deletion ACK from datanode, TXIDs=2, success=true
2021-08-14 14:05:27,584 [EventQueue-DeleteBlockStatusForDeletedBlockLogImpl] DEBUG block.DeletedBlockLogImpl (DeletedBlockLogImpl.java:commitTransactions(224)) - Transaction txId=2 commit by dnId=41bdc6fc-f730-460f-b2d8-92157d986a72 for containerID=#2 failed. Corresponding entry not found.
2021-08-14 14:05:27,584 [EventQueue-DeleteBlockStatusForDeletedBlockLogImpl] DEBUG block.DeletedBlockLogImpl (DeletedBlockLogImpl.java:isTransactionFailed(278)) - Got block deletion ACK from datanode, TXIDs=3, success=true
2021-08-14 14:05:27,584 [EventQueue-DeleteBlockStatusForDeletedBlockLogImpl] DEBUG block.DeletedBlockLogImpl (DeletedBlockLogImpl.java:commitTransactions(224)) - Transaction txId=3 commit by dnId=41bdc6fc-f730-460f-b2d8-92157d986a72 for containerID=#3 failed. Corresponding entry not found.
2021-08-14 14:05:27,584 [EventQueue-DeleteBlockStatusForDeletedBlockLogImpl] DEBUG block.DeletedBlockLogImpl (DeletedBlockLogImpl.java:isTransactionFailed(278)) - Got block deletion ACK from datanode, TXIDs=4, success=true
2021-08-14 14:05:27,584 [EventQueue-DeleteBlockStatusForDeletedBlockLogImpl] DEBUG block.DeletedBlockLogImpl (DeletedBlockLogImpl.java:commitTransactions(224)) - Transaction txId=4 commit by dnId=41bdc6fc-f730-460f-b2d8-92157d986a72 for containerID=#4 failed. Corresponding entry not found.
2021-08-14 14:05:27,585 [EventQueue-DeleteBlockStatusForDeletedBlockLogImpl] DEBUG block.DeletedBlockLogImpl (DeletedBlockLogImpl.java:isTransactionFailed(278)) - Got block deletion ACK from datanode, TXIDs=5, success=true
2021-08-14 14:05:27,585 [EventQueue-DeleteBlockStatusForDeletedBlockLogImpl] DEBUG block.DeletedBlockLogImpl (DeletedBlockLogImpl.java:commitTransactions(224)) - Transaction txId=5 commit by dnId=41bdc6fc-f730-460f-b2d8-92157d986a72 for containerID=#5 failed. Corresponding entry not found.
2021-08-14 14:05:27,585 [EventQueue-DeleteBlockStatusForDeletedBlockLogImpl] DEBUG block.DeletedBlockLogImpl (DeletedBlockLogImpl.java:isTransactionFailed(278)) - Got block deletion ACK from datanode, TXIDs=6, success=true
2021-08-14 14:05:27,585 [EventQueue-DeleteBlockStatusForDeletedBlockLogImpl] DEBUG block.DeletedBlockLogImpl (DeletedBlockLogImpl.java:commitTransactions(224)) - Transaction txId=6 commit by dnId=41bdc6fc-f730-460f-b2d8-92157d986a72 for containerID=#6 failed. Corresponding entry not found.
2021-08-14 14:05:27,585 [EventQueue-DeleteBlockStatusForDeletedBlockLogImpl] DEBUG block.DeletedBlockLogImpl (DeletedBlockLogImpl.java:isTransactionFailed(278)) - Got block deletion ACK from datanode, TXIDs=7, success=true
2021-08-14 14:05:27,585 [EventQueue-DeleteBlockStatusForDeletedBlockLogImpl] DEBUG block.DeletedBlockLogImpl (DeletedBlockLogImpl.java:commitTransactions(224)) - Transaction txId=7 commit by dnId=41bdc6fc-f730-460f-b2d8-92157d986a72 for containerID=#7 failed. Corresponding entry not found.
2021-08-14 14:05:27,585 [EventQueue-DeleteBlockStatusForDeletedBlockLogImpl] DEBUG block.DeletedBlockLogImpl (DeletedBlockLogImpl.java:isTransactionFailed(278)) - Got block deletion ACK from datanode, TXIDs=8, success=true
2021-08-14 14:05:27,585 [EventQueue-DeleteBlockStatusForDeletedBlockLogImpl] DEBUG block.DeletedBlockLogImpl (DeletedBlockLogImpl.java:commitTransactions(224)) - Transaction txId=8 commit by dnId=41bdc6fc-f730-460f-b2d8-92157d986a72 for containerID=#8 failed. Corresponding entry not found.
2021-08-14 14:05:27,585 [EventQueue-DeleteBlockStatusForDeletedBlockLogImpl] DEBUG block.DeletedBlockLogImpl (DeletedBlockLogImpl.java:isTransactionFailed(278)) - Got block deletion ACK from datanode, TXIDs=9, success=true
2021-08-14 14:05:27,585 [EventQueue-DeleteBlockStatusForDeletedBlockLogImpl] DEBUG block.DeletedBlockLogImpl (DeletedBlockLogImpl.java:commitTransactions(224)) - Transaction txId=9 commit by dnId=41bdc6fc-f730-460f-b2d8-92157d986a72 for containerID=#9 failed. Corresponding entry not found.
2021-08-14 14:05:27,585 [EventQueue-DeleteBlockStatusForDeletedBlockLogImpl] DEBUG block.DeletedBlockLogImpl (DeletedBlockLogImpl.java:isTransactionFailed(278)) - Got block deletion ACK from datanode, TXIDs=10, success=true
2021-08-14 14:05:27,585 [EventQueue-DeleteBlockStatusForDeletedBlockLogImpl] DEBUG block.DeletedBlockLogImpl (DeletedBlockLogImpl.java:commitTransactions(224)) - Transaction txId=10 commit by dnId=41bdc6fc-f730-460f-b2d8-92157d986a72 for containerID=#10 failed. Corresponding entry not found.
2021-08-14 14:05:27,585 [EventQueue-DeleteBlockStatusForDeletedBlockLogImpl] DEBUG block.DeletedBlockLogImpl (DeletedBlockLogImpl.java:isTransactionFailed(278)) - Got block deletion ACK from datanode, TXIDs=11, success=true
2021-08-14 14:05:27,585 [EventQueue-DeleteBlockStatusForDeletedBlockLogImpl] DEBUG block.DeletedBlockLogImpl (DeletedBlockLogImpl.java:commitTransactions(224)) - Transaction txId=11 commit by dnId=41bdc6fc-f730-460f-b2d8-92157d986a72 for containerID=#11 failed. Corresponding entry not found.
2021-08-14 14:05:27,585 [EventQueue-DeleteBlockStatusForDeletedBlockLogImpl] DEBUG block.DeletedBlockLogImpl (DeletedBlockLogImpl.java:isTransactionFailed(278)) - Got block deletion ACK from datanode, TXIDs=12, success=true
2021-08-14 14:05:27,585 [EventQueue-DeleteBlockStatusForDeletedBlockLogImpl] DEBUG block.DeletedBlockLogImpl (DeletedBlockLogImpl.java:commitTransactions(224)) - Transaction txId=12 commit by dnId=41bdc6fc-f730-460f-b2d8-92157d986a72 for containerID=#12 failed. Corresponding entry not found.
2021-08-14 14:05:27,585 [EventQueue-DeleteBlockStatusForDeletedBlockLogImpl] DEBUG block.DeletedBlockLogImpl (DeletedBlockLogImpl.java:isTransactionFailed(278)) - Got block deletion ACK from datanode, TXIDs=1, success=true
2021-08-14 14:05:27,585 [EventQueue-DeleteBlockStatusForDeletedBlockLogImpl] DEBUG block.DeletedBlockLogImpl (DeletedBlockLogImpl.java:commitTransactions(224)) - Transaction txId=1 commit by dnId=41bdc6fc-f730-460f-b2d8-92157d986a72 for containerID=#1 failed. Corresponding entry not found.
2021-08-14 14:05:27,585 [EventQueue-DeleteBlockStatusForDeletedBlockLogImpl] DEBUG block.DeletedBlockLogImpl (DeletedBlockLogImpl.java:isTransactionFailed(278)) - Got block deletion ACK from datanode, TXIDs=2, success=true
2021-08-14 14:05:27,585 [EventQueue-DeleteBlockStatusForDeletedBlockLogImpl] DEBUG block.DeletedBlockLogImpl (DeletedBlockLogImpl.java:commitTransactions(224)) - Transaction txId=2 commit by dnId=41bdc6fc-f730-460f-b2d8-92157d986a72 for containerID=#2 failed. Corresponding entry not found.
2021-08-14 14:05:27,585 [EventQueue-DeleteBlockStatusForDeletedBlockLogImpl] DEBUG block.DeletedBlockLogImpl (DeletedBlockLogImpl.java:isTransactionFailed(278)) - Got block deletion ACK from datanode, TXIDs=3, success=true
2021-08-14 14:05:27,585 [EventQueue-DeleteBlockStatusForDeletedBlockLogImpl] DEBUG block.DeletedBlockLogImpl (DeletedBlockLogImpl.java:commitTransactions(224)) - Transaction txId=3 commit by dnId=41bdc6fc-f730-460f-b2d8-92157d986a72 for containerID=#3 failed. Corresponding entry not found.
2021-08-14 14:05:27,585 [EventQueue-DeleteBlockStatusForDeletedBlockLogImpl] DEBUG block.DeletedBlockLogImpl (DeletedBlockLogImpl.java:isTransactionFailed(278)) - Got block deletion ACK from datanode, TXIDs=4, success=true
2021-08-14 14:05:27,585 [EventQueue-DeleteBlockStatusForDeletedBlockLogImpl] DEBUG block.DeletedBlockLogImpl (DeletedBlockLogImpl.java:commitTransactions(224)) - Transaction txId=4 commit by dnId=41bdc6fc-f730-460f-b2d8-92157d986a72 for containerID=#4 failed. Corresponding entry not found.
2021-08-14 14:05:27,585 [EventQueue-DeleteBlockStatusForDeletedBlockLogImpl] DEBUG block.DeletedBlockLogImpl (DeletedBlockLogImpl.java:isTransactionFailed(278)) - Got block deletion ACK from datanode, TXIDs=5, success=true
2021-08-14 14:05:27,585 [EventQueue-DeleteBlockStatusForDeletedBlockLogImpl] DEBUG block.DeletedBlockLogImpl (DeletedBlockLogImpl.java:commitTransactions(224)) - Transaction txId=5 commit by dnId=41bdc6fc-f730-460f-b2d8-92157d986a72 for containerID=#5 failed. Corresponding entry not found.
2021-08-14 14:05:27,585 [EventQueue-DeleteBlockStatusForDeletedBlockLogImpl] DEBUG block.DeletedBlockLogImpl (DeletedBlockLogImpl.java:isTransactionFailed(278)) - Got block deletion ACK from datanode, TXIDs=6, success=true
2021-08-14 14:05:27,585 [EventQueue-DeleteBlockStatusForDeletedBlockLogImpl] DEBUG block.DeletedBlockLogImpl (DeletedBlockLogImpl.java:commitTransactions(224)) - Transaction txId=6 commit by dnId=41bdc6fc-f730-460f-b2d8-92157d986a72 for containerID=#6 failed. Corresponding entry not found.
2021-08-14 14:05:27,585 [EventQueue-DeleteBlockStatusForDeletedBlockLogImpl] DEBUG block.DeletedBlockLogImpl (DeletedBlockLogImpl.java:isTransactionFailed(278)) - Got block deletion ACK from datanode, TXIDs=7, success=true
2021-08-14 14:05:27,585 [EventQueue-DeleteBlockStatusForDeletedBlockLogImpl] DEBUG block.DeletedBlockLogImpl (DeletedBlockLogImpl.java:commitTransactions(224)) - Transaction txId=7 commit by dnId=41bdc6fc-f730-460f-b2d8-92157d986a72 for containerID=#7 failed. Corresponding entry not found.
2021-08-14 14:05:27,585 [EventQueue-DeleteBlockStatusForDeletedBlockLogImpl] DEBUG block.DeletedBlockLogImpl (DeletedBlockLogImpl.java:isTransactionFailed(278)) - Got block deletion ACK from datanode, TXIDs=8, success=true
2021-08-14 14:05:27,586 [SCMBlockDeletingService#0] DEBUG block.SCMBlockDeletingService (SCMBlockDeletingService.java:call(133)) - Running DeletedBlockTransactionScanner
2021-08-14 14:05:27,587 [EventQueue-DeleteBlockStatusForDeletedBlockLogImpl] DEBUG block.DeletedBlockLogImpl (DeletedBlockLogImpl.java:commitTransactions(224)) - Transaction txId=8 commit by dnId=41bdc6fc-f730-460f-b2d8-92157d986a72 for containerID=#8 failed. Corresponding entry not found.
2021-08-14 14:05:27,587 [EventQueue-DeleteBlockStatusForDeletedBlockLogImpl] DEBUG block.DeletedBlockLogImpl (DeletedBlockLogImpl.java:isTransactionFailed(278)) - Got block deletion ACK from datanode, TXIDs=9, success=true
2021-08-14 14:05:27,587 [EventQueue-DeleteBlockStatusForDeletedBlockLogImpl] DEBUG block.DeletedBlockLogImpl (DeletedBlockLogImpl.java:commitTransactions(224)) - Transaction txId=9 commit by dnId=41bdc6fc-f730-460f-b2d8-92157d986a72 for containerID=#9 failed. Corresponding entry not found.
2021-08-14 14:05:27,587 [EventQueue-DeleteBlockStatusForDeletedBlockLogImpl] DEBUG block.DeletedBlockLogImpl (DeletedBlockLogImpl.java:isTransactionFailed(278)) - Got block deletion ACK from datanode, TXIDs=10, success=true
2021-08-14 14:05:27,587 [EventQueue-DeleteBlockStatusForDeletedBlockLogImpl] DEBUG block.DeletedBlockLogImpl (DeletedBlockLogImpl.java:commitTransactions(224)) - Transaction txId=10 commit by dnId=41bdc6fc-f730-460f-b2d8-92157d986a72 for containerID=#10 failed. Corresponding entry not found.
2021-08-14 14:05:27,587 [EventQueue-DeleteBlockStatusForDeletedBlockLogImpl] DEBUG block.DeletedBlockLogImpl (DeletedBlockLogImpl.java:isTransactionFailed(278)) - Got block deletion ACK from datanode, TXIDs=11, success=true
2021-08-14 14:05:27,587 [EventQueue-DeleteBlockStatusForDeletedBlockLogImpl] DEBUG block.DeletedBlockLogImpl (DeletedBlockLogImpl.java:commitTransactions(224)) - Transaction txId=11 commit by dnId=41bdc6fc-f730-460f-b2d8-92157d986a72 for containerID=#11 failed. Corresponding entry not found.
2021-08-14 14:05:27,587 [EventQueue-DeleteBlockStatusForDeletedBlockLogImpl] DEBUG block.DeletedBlockLogImpl (DeletedBlockLogImpl.java:isTransactionFailed(278)) - Got block deletion ACK from datanode, TXIDs=12, success=true
2021-08-14 14:05:27,587 [EventQueue-DeleteBlockStatusForDeletedBlockLogImpl] DEBUG block.DeletedBlockLogImpl (DeletedBlockLogImpl.java:commitTransactions(224)) - Transaction txId=12 commit by dnId=41bdc6fc-f730-460f-b2d8-92157d986a72 for containerID=#12 failed. Corresponding entry not found.
2021-08-14 14:05:27,587 [EventQueue-DeleteBlockStatusForDeletedBlockLogImpl] DEBUG block.DeletedBlockLogImpl (DeletedBlockLogImpl.java:isTransactionFailed(278)) - Got block deletion ACK from datanode, TXIDs=13, success=true
2021-08-14 14:05:27,587 [EventQueue-DeleteBlockStatusForDeletedBlockLogImpl] DEBUG block.DeletedBlockLogImpl (DeletedBlockLogImpl.java:commitTransactions(224)) - Transaction txId=13 commit by dnId=41bdc6fc-f730-460f-b2d8-92157d986a72 for containerID=#13 failed. Corresponding entry not found.
2021-08-14 14:05:27,587 [EventQueue-DeleteBlockStatusForDeletedBlockLogImpl] DEBUG block.DeletedBlockLogImpl (DeletedBlockLogImpl.java:isTransactionFailed(278)) - Got block deletion ACK from datanode, TXIDs=14, success=true
2021-08-14 14:05:27,587 [EventQueue-DeleteBlockStatusForDeletedBlockLogImpl] DEBUG block.DeletedBlockLogImpl (DeletedBlockLogImpl.java:commitTransactions(224)) - Transaction txId=14 commit by dnId=41bdc6fc-f730-460f-b2d8-92157d986a72 for containerID=#14 failed. Corresponding entry not found.
2021-08-14 14:05:27,587 [EventQueue-DeleteBlockStatusForDeletedBlockLogImpl] DEBUG block.DeletedBlockLogImpl (DeletedBlockLogImpl.java:isTransactionFailed(278)) - Got block deletion ACK from datanode, TXIDs=15, success=true
2021-08-14 14:05:27,587 [EventQueue-DeleteBlockStatusForDeletedBlockLogImpl] DEBUG block.DeletedBlockLogImpl (DeletedBlockLogImpl.java:commitTransactions(250)) - Purging txId=15 from block deletion log
2021-08-14 14:05:27,587 [EventQueue-DeleteBlockStatusForDeletedBlockLogImpl] DEBUG block.DeletedBlockLogImpl (DeletedBlockLogImpl.java:commitTransactions(256)) - Datanode txId=15 containerId=#15 committed by dnId=41bdc6fc-f730-460f-b2d8-92157d986a72
2021-08-14 14:05:27,588 [SCMBlockDeletingService#0] DEBUG block.SCMBlockDeletingService (DatanodeDeletedBlockTransactions.java:addTransactionToDN(50)) - Transaction added: 41bdc6fc-f730-460f-b2d8-92157d986a72 <- TX(16)
2021-08-14 14:05:27,588 [SCMBlockDeletingService#0] DEBUG block.SCMBlockDeletingService (DatanodeDeletedBlockTransactions.java:addTransactionToDN(50)) - Transaction added: 41bdc6fc-f730-460f-b2d8-92157d986a72 <- TX(17)
2021-08-14 14:05:27,588 [SCMBlockDeletingService#0] DEBUG block.SCMBlockDeletingService (DatanodeDeletedBlockTransactions.java:addTransactionToDN(50)) - Transaction added: 41bdc6fc-f730-460f-b2d8-92157d986a72 <- TX(18)
2021-08-14 14:05:27,588 [SCMBlockDeletingService#0] DEBUG block.SCMBlockDeletingService (DatanodeDeletedBlockTransactions.java:addTransactionToDN(50)) - Transaction added: 41bdc6fc-f730-460f-b2d8-92157d986a72 <- TX(19)
2021-08-14 14:05:27,588 [SCMBlockDeletingService#0] DEBUG block.SCMBlockDeletingService (DatanodeDeletedBlockTransactions.java:addTransactionToDN(50)) - Transaction added: a3a688a0-b759-42a1-9d42-7ea63bf88025 <- TX(19)
2021-08-14 14:05:27,588 [SCMBlockDeletingService#0] DEBUG block.SCMBlockDeletingService (DatanodeDeletedBlockTransactions.java:addTransactionToDN(50)) - Transaction added: a3a688a0-b759-42a1-9d42-7ea63bf88025 <- TX(20)
2021-08-14 14:05:27,588 [SCMBlockDeletingService#0] DEBUG block.SCMBlockDeletingService (DatanodeDeletedBlockTransactions.java:addTransactionToDN(50)) - Transaction added: 41bdc6fc-f730-460f-b2d8-92157d986a72 <- TX(20)
2021-08-14 14:05:27,588 [SCMBlockDeletingService#0] DEBUG block.SCMBlockDeletingService (DatanodeDeletedBlockTransactions.java:addTransactionToDN(50)) - Transaction added: a3a688a0-b759-42a1-9d42-7ea63bf88025 <- TX(21)
2021-08-14 14:05:27,588 [SCMBlockDeletingService#0] DEBUG block.SCMBlockDeletingService (DatanodeDeletedBlockTransactions.java:addTransactionToDN(50)) - Transaction added: 41bdc6fc-f730-460f-b2d8-92157d986a72 <- TX(21)
2021-08-14 14:05:27,588 [SCMBlockDeletingService#0] DEBUG block.SCMBlockDeletingService (DatanodeDeletedBlockTransactions.java:addTransactionToDN(50)) - Transaction added: a3a688a0-b759-42a1-9d42-7ea63bf88025 <- TX(22)
2021-08-14 14:05:27,588 [SCMBlockDeletingService#0] DEBUG block.SCMBlockDeletingService (DatanodeDeletedBlockTransactions.java:addTransactionToDN(50)) - Transaction added: 41bdc6fc-f730-460f-b2d8-92157d986a72 <- TX(22)
2021-08-14 14:05:27,588 [SCMBlockDeletingService#0] DEBUG block.SCMBlockDeletingService (DatanodeDeletedBlockTransactions.java:addTransactionToDN(50)) - Transaction added: a3a688a0-b759-42a1-9d42-7ea63bf88025 <- TX(23)
2021-08-14 14:05:27,588 [SCMBlockDeletingService#0] DEBUG block.SCMBlockDeletingService (DatanodeDeletedBlockTransactions.java:addTransactionToDN(50)) - Transaction added: 41bdc6fc-f730-460f-b2d8-92157d986a72 <- TX(23)
2021-08-14 14:05:27,588 [SCMBlockDeletingService#0] DEBUG block.SCMBlockDeletingService (DatanodeDeletedBlockTransactions.java:addTransactionToDN(50)) - Transaction added: 41bdc6fc-f730-460f-b2d8-92157d986a72 <- TX(24)
2021-08-14 14:05:27,588 [SCMBlockDeletingService#0] DEBUG block.SCMBlockDeletingService (DatanodeDeletedBlockTransactions.java:addTransactionToDN(50)) - Transaction added: a3a688a0-b759-42a1-9d42-7ea63bf88025 <- TX(24)
2021-08-14 14:05:27,588 [SCMBlockDeletingService#0] DEBUG block.SCMBlockDeletingService (DatanodeDeletedBlockTransactions.java:addTransactionToDN(50)) - Transaction added: a3a688a0-b759-42a1-9d42-7ea63bf88025 <- TX(25)
2021-08-14 14:05:27,588 [SCMBlockDeletingService#0] DEBUG block.SCMBlockDeletingService (DatanodeDeletedBlockTransactions.java:addTransactionToDN(50)) - Transaction added: 41bdc6fc-f730-460f-b2d8-92157d986a72 <- TX(25)
2021-08-14 14:05:27,588 [SCMBlockDeletingService#0] DEBUG block.SCMBlockDeletingService (DatanodeDeletedBlockTransactions.java:addTransactionToDN(50)) - Transaction added: 41bdc6fc-f730-460f-b2d8-92157d986a72 <- TX(26)
2021-08-14 14:05:27,588 [SCMBlockDeletingService#0] DEBUG block.SCMBlockDeletingService (DatanodeDeletedBlockTransactions.java:addTransactionToDN(50)) - Transaction added: a3a688a0-b759-42a1-9d42-7ea63bf88025 <- TX(26)
2021-08-14 14:05:27,588 [SCMBlockDeletingService#0] DEBUG block.SCMBlockDeletingService (DatanodeDeletedBlockTransactions.java:addTransactionToDN(50)) - Transaction added: a3a688a0-b759-42a1-9d42-7ea63bf88025 <- TX(27)
2021-08-14 14:05:27,588 [SCMBlockDeletingService#0] DEBUG block.SCMBlockDeletingService (DatanodeDeletedBlockTransactions.java:addTransactionToDN(50)) - Transaction added: 41bdc6fc-f730-460f-b2d8-92157d986a72 <- TX(27)
2021-08-14 14:05:27,588 [SCMBlockDeletingService#0] DEBUG block.SCMBlockDeletingService (DatanodeDeletedBlockTransactions.java:addTransactionToDN(50)) - Transaction added: 41bdc6fc-f730-460f-b2d8-92157d986a72 <- TX(28)
2021-08-14 14:05:27,588 [SCMBlockDeletingService#0] DEBUG block.SCMBlockDeletingService (DatanodeDeletedBlockTransactions.java:addTransactionToDN(50)) - Transaction added: a3a688a0-b759-42a1-9d42-7ea63bf88025 <- TX(28)
2021-08-14 14:05:27,588 [SCMBlockDeletingService#0] DEBUG block.SCMBlockDeletingService (DatanodeDeletedBlockTransactions.java:addTransactionToDN(50)) - Transaction added: a3a688a0-b759-42a1-9d42-7ea63bf88025 <- TX(29)
2021-08-14 14:05:27,588 [SCMBlockDeletingService#0] DEBUG block.SCMBlockDeletingService (DatanodeDeletedBlockTransactions.java:addTransactionToDN(50)) - Transaction added: 41bdc6fc-f730-460f-b2d8-92157d986a72 <- TX(29)
2021-08-14 14:05:27,588 [SCMBlockDeletingService#0] DEBUG block.SCMBlockDeletingService (DatanodeDeletedBlockTransactions.java:addTransactionToDN(50)) - Transaction added: a3a688a0-b759-42a1-9d42-7ea63bf88025 <- TX(30)
2021-08-14 14:05:27,588 [SCMBlockDeletingService#0] DEBUG block.SCMBlockDeletingService (DatanodeDeletedBlockTransactions.java:addTransactionToDN(50)) - Transaction added: 41bdc6fc-f730-460f-b2d8-92157d986a72 <- TX(30)
2021-08-14 14:05:27,588 [SCMBlockDeletingService#0] DEBUG block.SCMBlockDeletingService (DatanodeDeletedBlockTransactions.java:addTransactionToDN(50)) - Transaction added: 41bdc6fc-f730-460f-b2d8-92157d986a72 <- TX(31)
2021-08-14 14:05:27,588 [SCMBlockDeletingService#0] DEBUG block.SCMBlockDeletingService (DatanodeDeletedBlockTransactions.java:addTransactionToDN(50)) - Transaction added: a3a688a0-b759-42a1-9d42-7ea63bf88025 <- TX(31)
2021-08-14 14:05:27,588 [SCMBlockDeletingService#0] DEBUG block.SCMBlockDeletingService (DatanodeDeletedBlockTransactions.java:addTransactionToDN(50)) - Transaction added: a3a688a0-b759-42a1-9d42-7ea63bf88025 <- TX(32)
2021-08-14 14:05:27,588 [SCMBlockDeletingService#0] DEBUG block.SCMBlockDeletingService (DatanodeDeletedBlockTransactions.java:addTransactionToDN(50)) - Transaction added: 41bdc6fc-f730-460f-b2d8-92157d986a72 <- TX(32)
2021-08-14 14:05:27,589 [SCMBlockDeletingService#0] DEBUG block.SCMBlockDeletingService (DatanodeDeletedBlockTransactions.java:addTransactionToDN(50)) - Transaction added: 41bdc6fc-f730-460f-b2d8-92157d986a72 <- TX(33)
2021-08-14 14:05:27,589 [SCMBlockDeletingService#0] DEBUG block.SCMBlockDeletingService (DatanodeDeletedBlockTransactions.java:addTransactionToDN(50)) - Transaction added: a3a688a0-b759-42a1-9d42-7ea63bf88025 <- TX(33)
2021-08-14 14:05:27,589 [SCMBlockDeletingService#0] DEBUG block.SCMBlockDeletingService (DatanodeDeletedBlockTransactions.java:addTransactionToDN(50)) - Transaction added: a3a688a0-b759-42a1-9d42-7ea63bf88025 <- TX(34)
2021-08-14 14:05:27,589 [SCMBlockDeletingService#0] DEBUG block.SCMBlockDeletingService (DatanodeDeletedBlockTransactions.java:addTransactionToDN(50)) - Transaction added: 41bdc6fc-f730-460f-b2d8-92157d986a72 <- TX(34)
2021-08-14 14:05:27,589 [SCMBlockDeletingService#0] DEBUG block.SCMBlockDeletingService (DatanodeDeletedBlockTransactions.java:addTransactionToDN(50)) - Transaction added: 41bdc6fc-f730-460f-b2d8-92157d986a72 <- TX(35)
2021-08-14 14:05:27,589 [SCMBlockDeletingService#0] DEBUG block.SCMBlockDeletingService (DatanodeDeletedBlockTransactions.java:addTransactionToDN(50)) - Transaction added: a3a688a0-b759-42a1-9d42-7ea63bf88025 <- TX(35)
2021-08-14 14:05:27,589 [SCMBlockDeletingService#0] DEBUG block.SCMBlockDeletingService (DatanodeDeletedBlockTransactions.java:addTransactionToDN(50)) - Transaction added: a3a688a0-b759-42a1-9d42-7ea63bf88025 <- TX(36)
2021-08-14 14:05:27,589 [SCMBlockDeletingService#0] DEBUG block.SCMBlockDeletingService (DatanodeDeletedBlockTransactions.java:addTransactionToDN(50)) - Transaction added: 41bdc6fc-f730-460f-b2d8-92157d986a72 <- TX(36)
2021-08-14 14:05:27,589 [SCMBlockDeletingService#0] DEBUG block.SCMBlockDeletingService (DatanodeDeletedBlockTransactions.java:addTransactionToDN(50)) - Transaction added: a3a688a0-b759-42a1-9d42-7ea63bf88025 <- TX(37)
2021-08-14 14:05:27,589 [SCMBlockDeletingService#0] DEBUG block.SCMBlockDeletingService (DatanodeDeletedBlockTransactions.java:addTransactionToDN(50)) - Transaction added: 41bdc6fc-f730-460f-b2d8-92157d986a72 <- TX(37)
2021-08-14 14:05:27,589 [SCMBlockDeletingService#0] DEBUG block.SCMBlockDeletingService (DatanodeDeletedBlockTransactions.java:addTransactionToDN(50)) - Transaction added: a3a688a0-b759-42a1-9d42-7ea63bf88025 <- TX(38)
2021-08-14 14:05:27,589 [SCMBlockDeletingService#0] DEBUG block.SCMBlockDeletingService (DatanodeDeletedBlockTransactions.java:addTransactionToDN(50)) - Transaction added: 41bdc6fc-f730-460f-b2d8-92157d986a72 <- TX(38)
2021-08-14 14:05:27,589 [SCMBlockDeletingService#0] DEBUG block.SCMBlockDeletingService (DatanodeDeletedBlockTransactions.java:addTransactionToDN(50)) - Transaction added: a3a688a0-b759-42a1-9d42-7ea63bf88025 <- TX(39)
2021-08-14 14:05:27,589 [SCMBlockDeletingService#0] DEBUG block.SCMBlockDeletingService (DatanodeDeletedBlockTransactions.java:addTransactionToDN(50)) - Transaction added: 41bdc6fc-f730-460f-b2d8-92157d986a72 <- TX(39)
2021-08-14 14:05:27,589 [SCMBlockDeletingService#0] DEBUG block.SCMBlockDeletingService (DatanodeDeletedBlockTransactions.java:addTransactionToDN(50)) - Transaction added: 41bdc6fc-f730-460f-b2d8-92157d986a72 <- TX(40)
2021-08-14 14:05:27,589 [SCMBlockDeletingService#0] DEBUG block.SCMBlockDeletingService (DatanodeDeletedBlockTransactions.java:addTransactionToDN(50)) - Transaction added: a3a688a0-b759-42a1-9d42-7ea63bf88025 <- TX(40)
2021-08-14 14:05:27,589 [SCMBlockDeletingService#0] DEBUG block.SCMBlockDeletingService (DatanodeDeletedBlockTransactions.java:addTransactionToDN(50)) - Transaction added: a3a688a0-b759-42a1-9d42-7ea63bf88025 <- TX(41)
2021-08-14 14:05:27,589 [SCMBlockDeletingService#0] DEBUG block.SCMBlockDeletingService (DatanodeDeletedBlockTransactions.java:addTransactionToDN(50)) - Transaction added: 41bdc6fc-f730-460f-b2d8-92157d986a72 <- TX(41)
2021-08-14 14:05:27,589 [SCMBlockDeletingService#0] DEBUG block.SCMBlockDeletingService (DatanodeDeletedBlockTransactions.java:addTransactionToDN(50)) - Transaction added: 41bdc6fc-f730-460f-b2d8-92157d986a72 <- TX(42)
2021-08-14 14:05:27,589 [SCMBlockDeletingService#0] DEBUG block.SCMBlockDeletingService (DatanodeDeletedBlockTransactions.java:addTransactionToDN(50)) - Transaction added: a3a688a0-b759-42a1-9d42-7ea63bf88025 <- TX(42)
2021-08-14 14:05:27,589 [SCMBlockDeletingService#0] DEBUG block.SCMBlockDeletingService (DatanodeDeletedBlockTransactions.java:addTransactionToDN(50)) - Transaction added: a3a688a0-b759-42a1-9d42-7ea63bf88025 <- TX(43)
2021-08-14 14:05:27,589 [SCMBlockDeletingService#0] DEBUG block.SCMBlockDeletingService (DatanodeDeletedBlockTransactions.java:addTransactionToDN(50)) - Transaction added: 41bdc6fc-f730-460f-b2d8-92157d986a72 <- TX(43)
2021-08-14 14:05:27,589 [SCMBlockDeletingService#0] DEBUG block.SCMBlockDeletingService (DatanodeDeletedBlockTransactions.java:addTransactionToDN(50)) - Transaction added: 41bdc6fc-f730-460f-b2d8-92157d986a72 <- TX(44)
2021-08-14 14:05:27,589 [SCMBlockDeletingService#0] DEBUG block.SCMBlockDeletingService (DatanodeDeletedBlockTransactions.java:addTransactionToDN(50)) - Transaction added: a3a688a0-b759-42a1-9d42-7ea63bf88025 <- TX(44)
2021-08-14 14:05:27,590 [SCMBlockDeletingService#0] DEBUG block.SCMBlockDeletingService (DatanodeDeletedBlockTransactions.java:addTransactionToDN(50)) - Transaction added: a3a688a0-b759-42a1-9d42-7ea63bf88025 <- TX(45)
2021-08-14 14:05:27,590 [SCMBlockDeletingService#0] DEBUG block.SCMBlockDeletingService (DatanodeDeletedBlockTransactions.java:addTransactionToDN(50)) - Transaction added: 41bdc6fc-f730-460f-b2d8-92157d986a72 <- TX(45)
2021-08-14 14:05:27,590 [SCMBlockDeletingService#0] DEBUG block.SCMBlockDeletingService (DatanodeDeletedBlockTransactions.java:addTransactionToDN(50)) - Transaction added: a3a688a0-b759-42a1-9d42-7ea63bf88025 <- TX(46)
2021-08-14 14:05:27,590 [SCMBlockDeletingService#0] DEBUG block.SCMBlockDeletingService (DatanodeDeletedBlockTransactions.java:addTransactionToDN(50)) - Transaction added: 41bdc6fc-f730-460f-b2d8-92157d986a72 <- TX(46)
2021-08-14 14:05:27,590 [SCMBlockDeletingService#0] DEBUG block.SCMBlockDeletingService (DatanodeDeletedBlockTransactions.java:addTransactionToDN(50)) - Transaction added: 41bdc6fc-f730-460f-b2d8-92157d986a72 <- TX(47)
2021-08-14 14:05:27,590 [SCMBlockDeletingService#0] DEBUG block.SCMBlockDeletingService (DatanodeDeletedBlockTransactions.java:addTransactionToDN(50)) - Transaction added: a3a688a0-b759-42a1-9d42-7ea63bf88025 <- TX(47)
2021-08-14 14:05:27,590 [SCMBlockDeletingService#0] DEBUG block.SCMBlockDeletingService (DatanodeDeletedBlockTransactions.java:addTransactionToDN(50)) - Transaction added: a3a688a0-b759-42a1-9d42-7ea63bf88025 <- TX(48)
2021-08-14 14:05:27,590 [SCMBlockDeletingService#0] DEBUG block.SCMBlockDeletingService (DatanodeDeletedBlockTransactions.java:addTransactionToDN(50)) - Transaction added: 41bdc6fc-f730-460f-b2d8-92157d986a72 <- TX(48)
2021-08-14 14:05:27,590 [SCMBlockDeletingService#0] DEBUG block.SCMBlockDeletingService (DatanodeDeletedBlockTransactions.java:addTransactionToDN(50)) - Transaction added: 41bdc6fc-f730-460f-b2d8-92157d986a72 <- TX(49)
2021-08-14 14:05:27,590 [SCMBlockDeletingService#0] DEBUG block.SCMBlockDeletingService (DatanodeDeletedBlockTransactions.java:addTransactionToDN(50)) - Transaction added: a3a688a0-b759-42a1-9d42-7ea63bf88025 <- TX(49)
2021-08-14 14:05:27,590 [SCMBlockDeletingService#0] DEBUG block.SCMBlockDeletingService (DatanodeDeletedBlockTransactions.java:addTransactionToDN(50)) - Transaction added: a3a688a0-b759-42a1-9d42-7ea63bf88025 <- TX(50)
2021-08-14 14:05:27,590 [SCMBlockDeletingService#0] DEBUG block.SCMBlockDeletingService (DatanodeDeletedBlockTransactions.java:addTransactionToDN(50)) - Transaction added: 41bdc6fc-f730-460f-b2d8-92157d986a72 <- TX(50)
2021-08-14 14:05:27,590 [SCMBlockDeletingService#0] DEBUG block.SCMBlockDeletingService (DatanodeDeletedBlockTransactions.java:addTransactionToDN(50)) - Transaction added: 41bdc6fc-f730-460f-b2d8-92157d986a72 <- TX(51)
2021-08-14 14:05:27,590 [SCMBlockDeletingService#0] DEBUG block.SCMBlockDeletingService (DatanodeDeletedBlockTransactions.java:addTransactionToDN(50)) - Transaction added: a3a688a0-b759-42a1-9d42-7ea63bf88025 <- TX(51)
2021-08-14 14:05:27,590 [SCMBlockDeletingService#0] DEBUG block.SCMBlockDeletingService (DatanodeDeletedBlockTransactions.java:addTransactionToDN(50)) - Transaction added: a3a688a0-b759-42a1-9d42-7ea63bf88025 <- TX(52)
2021-08-14 14:05:27,590 [SCMBlockDeletingService#0] DEBUG block.SCMBlockDeletingService (DatanodeDeletedBlockTransactions.java:addTransactionToDN(50)) - Transaction added: 41bdc6fc-f730-460f-b2d8-92157d986a72 <- TX(52)
2021-08-14 14:05:27,590 [SCMBlockDeletingService#0] DEBUG block.SCMBlockDeletingService (DatanodeDeletedBlockTransactions.java:addTransactionToDN(50)) - Transaction added: a3a688a0-b759-42a1-9d42-7ea63bf88025 <- TX(53)
2021-08-14 14:05:27,590 [SCMBlockDeletingService#0] DEBUG block.SCMBlockDeletingService (DatanodeDeletedBlockTransactions.java:addTransactionToDN(50)) - Transaction added: 41bdc6fc-f730-460f-b2d8-92157d986a72 <- TX(53)
2021-08-14 14:05:27,590 [SCMBlockDeletingService#0] DEBUG block.SCMBlockDeletingService (DatanodeDeletedBlockTransactions.java:addTransactionToDN(50)) - Transaction added: a3a688a0-b759-42a1-9d42-7ea63bf88025 <- TX(54)
2021-08-14 14:05:27,590 [SCMBlockDeletingService#0] DEBUG block.SCMBlockDeletingService (DatanodeDeletedBlockTransactions.java:addTransactionToDN(50)) - Transaction added: 41bdc6fc-f730-460f-b2d8-92157d986a72 <- TX(54)
2021-08-14 14:05:27,590 [SCMBlockDeletingService#0] DEBUG block.SCMBlockDeletingService (DatanodeDeletedBlockTransactions.java:addTransactionToDN(50)) - Transaction added: a3a688a0-b759-42a1-9d42-7ea63bf88025 <- TX(55)
2021-08-14 14:05:27,590 [SCMBlockDeletingService#0] DEBUG block.SCMBlockDeletingService (DatanodeDeletedBlockTransactions.java:addTransactionToDN(50)) - Transaction added: 41bdc6fc-f730-460f-b2d8-92157d986a72 <- TX(55)
2021-08-14 14:05:27,590 [SCMBlockDeletingService#0] DEBUG block.SCMBlockDeletingService (DatanodeDeletedBlockTransactions.java:addTransactionToDN(50)) - Transaction added: 41bdc6fc-f730-460f-b2d8-92157d986a72 <- TX(56)
2021-08-14 14:05:27,590 [SCMBlockDeletingService#0] DEBUG block.SCMBlockDeletingService (DatanodeDeletedBlockTransactions.java:addTransactionToDN(50)) - Transaction added: a3a688a0-b759-42a1-9d42-7ea63bf88025 <- TX(56)
2021-08-14 14:05:27,590 [SCMBlockDeletingService#0] DEBUG block.SCMBlockDeletingService (SCMBlockDeletingService.java:call(164)) - Added delete block command for datanode a3a688a0-b759-42a1-9d42-7ea63bf88025 in the queue, number of delete block transactions: 38
2021-08-14 14:05:27,590 [SCMBlockDeletingService#0] DEBUG block.SCMBlockDeletingService (SCMBlockDeletingService.java:call(164)) - Added delete block command for datanode 41bdc6fc-f730-460f-b2d8-92157d986a72 in the queue, number of delete block transactions: 41
2021-08-14 14:05:27,590 [SCMBlockDeletingService#0] INFO  block.SCMBlockDeletingService (SCMBlockDeletingService.java:call(174)) - Totally added 79 blocks to be deleted for 2 datanodes, task elapsed time: 4ms
2021-08-14 14:05:27,591 [EventQueue-DeleteBlockStatusForDeletedBlockLogImpl] DEBUG block.DeletedBlockLogImpl (DeletedBlockLogImpl.java:isTransactionFailed(278)) - Got block deletion ACK from datanode, TXIDs=1, success=true
2021-08-14 14:05:27,591 [EventQueue-DeleteBlockStatusForDeletedBlockLogImpl] DEBUG block.DeletedBlockLogImpl (DeletedBlockLogImpl.java:commitTransactions(224)) - Transaction txId=1 commit by dnId=41bdc6fc-f730-460f-b2d8-92157d986a72 for containerID=#1 failed. Corresponding entry not found.
2021-08-14 14:05:27,591 [EventQueue-DeleteBlockStatusForDeletedBlockLogImpl] DEBUG block.DeletedBlockLogImpl (DeletedBlockLogImpl.java:isTransactionFailed(278)) - Got block deletion ACK from datanode, TXIDs=2, success=true
2021-08-14 14:05:27,591 [EventQueue-DeleteBlockStatusForDeletedBlockLogImpl] DEBUG block.DeletedBlockLogImpl (DeletedBlockLogImpl.java:commitTransactions(224)) - Transaction txId=2 commit by dnId=41bdc6fc-f730-460f-b2d8-92157d986a72 for containerID=#2 failed. Corresponding entry not found.
2021-08-14 14:05:27,591 [EventQueue-DeleteBlockStatusForDeletedBlockLogImpl] DEBUG block.DeletedBlockLogImpl (DeletedBlockLogImpl.java:isTransactionFailed(278)) - Got block deletion ACK from datanode, TXIDs=3, success=true
2021-08-14 14:05:27,591 [EventQueue-DeleteBlockStatusForDeletedBlockLogImpl] DEBUG block.DeletedBlockLogImpl (DeletedBlockLogImpl.java:commitTransactions(224)) - Transaction txId=3 commit by dnId=41bdc6fc-f730-460f-b2d8-92157d986a72 for containerID=#3 failed. Corresponding entry not found.
2021-08-14 14:05:27,591 [EventQueue-DeleteBlockStatusForDeletedBlockLogImpl] DEBUG block.DeletedBlockLogImpl (DeletedBlockLogImpl.java:isTransactionFailed(278)) - Got block deletion ACK from datanode, TXIDs=4, success=true
2021-08-14 14:05:27,591 [EventQueue-DeleteBlockStatusForDeletedBlockLogImpl] DEBUG block.DeletedBlockLogImpl (DeletedBlockLogImpl.java:commitTransactions(224)) - Transaction txId=4 commit by dnId=41bdc6fc-f730-460f-b2d8-92157d986a72 for containerID=#4 failed. Corresponding entry not found.
2021-08-14 14:05:27,592 [EventQueue-DeleteBlockStatusForDeletedBlockLogImpl] DEBUG block.DeletedBlockLogImpl (DeletedBlockLogImpl.java:isTransactionFailed(278)) - Got block deletion ACK from datanode, TXIDs=5, success=true
2021-08-14 14:05:27,592 [EventQueue-DeleteBlockStatusForDeletedBlockLogImpl] DEBUG block.DeletedBlockLogImpl (DeletedBlockLogImpl.java:commitTransactions(224)) - Transaction txId=5 commit by dnId=41bdc6fc-f730-460f-b2d8-92157d986a72 for containerID=#5 failed. Corresponding entry not found.
2021-08-14 14:05:27,592 [EventQueue-DeleteBlockStatusForDeletedBlockLogImpl] DEBUG block.DeletedBlockLogImpl (DeletedBlockLogImpl.java:isTransactionFailed(278)) - Got block deletion ACK from datanode, TXIDs=6, success=true
2021-08-14 14:05:27,597 [EventQueue-DeleteBlockStatusForDeletedBlockLogImpl] DEBUG block.DeletedBlockLogImpl (DeletedBlockLogImpl.java:commitTransactions(224)) - Transaction txId=6 commit by dnId=41bdc6fc-f730-460f-b2d8-92157d986a72 for containerID=#6 failed. Corresponding entry not found.
2021-08-14 14:05:27,597 [EventQueue-DeleteBlockStatusForDeletedBlockLogImpl] DEBUG block.DeletedBlockLogImpl (DeletedBlockLogImpl.java:isTransactionFailed(278)) - Got block deletion ACK from datanode, TXIDs=7, success=true
2021-08-14 14:05:27,597 [EventQueue-DeleteBlockStatusForDeletedBlockLogImpl] DEBUG block.DeletedBlockLogImpl (DeletedBlockLogImpl.java:commitTransactions(224)) - Transaction txId=7 commit by dnId=41bdc6fc-f730-460f-b2d8-92157d986a72 for containerID=#7 failed. Corresponding entry not found.
2021-08-14 14:05:27,597 [EventQueue-DeleteBlockStatusForDeletedBlockLogImpl] DEBUG block.DeletedBlockLogImpl (DeletedBlockLogImpl.java:isTransactionFailed(278)) - Got block deletion ACK from datanode, TXIDs=8, success=true
2021-08-14 14:05:27,597 [EventQueue-DeleteBlockStatusForDeletedBlockLogImpl] DEBUG block.DeletedBlockLogImpl (DeletedBlockLogImpl.java:commitTransactions(224)) - Transaction txId=8 commit by dnId=41bdc6fc-f730-460f-b2d8-92157d986a72 for containerID=#8 failed. Corresponding entry not found.
2021-08-14 14:05:27,597 [EventQueue-DeleteBlockStatusForDeletedBlockLogImpl] DEBUG block.DeletedBlockLogImpl (DeletedBlockLogImpl.java:isTransactionFailed(278)) - Got block deletion ACK from datanode, TXIDs=9, success=true
2021-08-14 14:05:27,598 [EventQueue-DeleteBlockStatusForDeletedBlockLogImpl] DEBUG block.DeletedBlockLogImpl (DeletedBlockLogImpl.java:commitTransactions(224)) - Transaction txId=9 commit by dnId=41bdc6fc-f730-460f-b2d8-92157d986a72 for containerID=#9 failed. Corresponding entry not found.
2021-08-14 14:05:27,598 [EventQueue-DeleteBlockStatusForDeletedBlockLogImpl] DEBUG block.DeletedBlockLogImpl (DeletedBlockLogImpl.java:isTransactionFailed(278)) - Got block deletion ACK from datanode, TXIDs=10, success=true
2021-08-14 14:05:27,598 [EventQueue-DeleteBlockStatusForDeletedBlockLogImpl] DEBUG block.DeletedBlockLogImpl (DeletedBlockLogImpl.java:commitTransactions(224)) - Transaction txId=10 commit by dnId=41bdc6fc-f730-460f-b2d8-92157d986a72 for containerID=#10 failed. Corresponding entry not found.
2021-08-14 14:05:27,598 [EventQueue-DeleteBlockStatusForDeletedBlockLogImpl] DEBUG block.DeletedBlockLogImpl (DeletedBlockLogImpl.java:isTransactionFailed(278)) - Got block deletion ACK from datanode, TXIDs=11, success=true
2021-08-14 14:05:27,598 [EventQueue-DeleteBlockStatusForDeletedBlockLogImpl] DEBUG block.DeletedBlockLogImpl (DeletedBlockLogImpl.java:commitTransactions(224)) - Transaction txId=11 commit by dnId=41bdc6fc-f730-460f-b2d8-92157d986a72 for containerID=#11 failed. Corresponding entry not found.
2021-08-14 14:05:27,598 [EventQueue-DeleteBlockStatusForDeletedBlockLogImpl] DEBUG block.DeletedBlockLogImpl (DeletedBlockLogImpl.java:isTransactionFailed(278)) - Got block deletion ACK from datanode, TXIDs=12, success=true
2021-08-14 14:05:27,598 [EventQueue-DeleteBlockStatusForDeletedBlockLogImpl] DEBUG block.DeletedBlockLogImpl (DeletedBlockLogImpl.java:commitTransactions(224)) - Transaction txId=12 commit by dnId=41bdc6fc-f730-460f-b2d8-92157d986a72 for containerID=#12 failed. Corresponding entry not found.
2021-08-14 14:05:27,598 [EventQueue-DeleteBlockStatusForDeletedBlockLogImpl] DEBUG block.DeletedBlockLogImpl (DeletedBlockLogImpl.java:isTransactionFailed(278)) - Got block deletion ACK from datanode, TXIDs=13, success=true
2021-08-14 14:05:27,598 [EventQueue-DeleteBlockStatusForDeletedBlockLogImpl] DEBUG block.DeletedBlockLogImpl (DeletedBlockLogImpl.java:commitTransactions(224)) - Transaction txId=13 commit by dnId=41bdc6fc-f730-460f-b2d8-92157d986a72 for containerID=#13 failed. Corresponding entry not found.
2021-08-14 14:05:27,598 [EventQueue-DeleteBlockStatusForDeletedBlockLogImpl] DEBUG block.DeletedBlockLogImpl (DeletedBlockLogImpl.java:isTransactionFailed(278)) - Got block deletion ACK from datanode, TXIDs=14, success=true
2021-08-14 14:05:27,598 [EventQueue-DeleteBlockStatusForDeletedBlockLogImpl] DEBUG block.DeletedBlockLogImpl (DeletedBlockLogImpl.java:commitTransactions(224)) - Transaction txId=14 commit by dnId=41bdc6fc-f730-460f-b2d8-92157d986a72 for containerID=#14 failed. Corresponding entry not found.
2021-08-14 14:05:27,598 [EventQueue-DeleteBlockStatusForDeletedBlockLogImpl] DEBUG block.DeletedBlockLogImpl (DeletedBlockLogImpl.java:isTransactionFailed(278)) - Got block deletion ACK from datanode, TXIDs=15, success=true
2021-08-14 14:05:27,598 [EventQueue-DeleteBlockStatusForDeletedBlockLogImpl] DEBUG block.DeletedBlockLogImpl (DeletedBlockLogImpl.java:commitTransactions(224)) - Transaction txId=15 commit by dnId=41bdc6fc-f730-460f-b2d8-92157d986a72 for containerID=#15 failed. Corresponding entry not found.
2021-08-14 14:05:27,598 [EventQueue-DeleteBlockStatusForDeletedBlockLogImpl] DEBUG block.DeletedBlockLogImpl (DeletedBlockLogImpl.java:isTransactionFailed(278)) - Got block deletion ACK from datanode, TXIDs=16, success=true
2021-08-14 14:05:27,598 [EventQueue-DeleteBlockStatusForDeletedBlockLogImpl] DEBUG block.DeletedBlockLogImpl (DeletedBlockLogImpl.java:commitTransactions(250)) - Purging txId=16 from block deletion log
2021-08-14 14:05:27,598 [EventQueue-DeleteBlockStatusForDeletedBlockLogImpl] DEBUG block.DeletedBlockLogImpl (DeletedBlockLogImpl.java:commitTransactions(256)) - Datanode txId=16 containerId=#16 committed by dnId=41bdc6fc-f730-460f-b2d8-92157d986a72
2021-08-14 14:05:27,598 [EventQueue-DeleteBlockStatusForDeletedBlockLogImpl] DEBUG block.DeletedBlockLogImpl (DeletedBlockLogImpl.java:isTransactionFailed(278)) - Got block deletion ACK from datanode, TXIDs=1, success=true
2021-08-14 14:05:27,598 [EventQueue-DeleteBlockStatusForDeletedBlockLogImpl] DEBUG block.DeletedBlockLogImpl (DeletedBlockLogImpl.java:commitTransactions(224)) - Transaction txId=1 commit by dnId=41bdc6fc-f730-460f-b2d8-92157d986a72 for containerID=#1 failed. Corresponding entry not found.
2021-08-14 14:05:27,598 [EventQueue-DeleteBlockStatusForDeletedBlockLogImpl] DEBUG block.DeletedBlockLogImpl (DeletedBlockLogImpl.java:isTransactionFailed(278)) - Got block deletion ACK from datanode, TXIDs=2, success=true
2021-08-14 14:05:27,598 [EventQueue-DeleteBlockStatusForDeletedBlockLogImpl] DEBUG block.DeletedBlockLogImpl (DeletedBlockLogImpl.java:commitTransactions(224)) - Transaction txId=2 commit by dnId=41bdc6fc-f730-460f-b2d8-92157d986a72 for containerID=#2 failed. Corresponding entry not found.
2021-08-14 14:05:27,599 [EventQueue-DeleteBlockStatusForDeletedBlockLogImpl] DEBUG block.DeletedBlockLogImpl (DeletedBlockLogImpl.java:isTransactionFailed(278)) - Got block deletion ACK from datanode, TXIDs=3, success=true
2021-08-14 14:05:27,599 [EventQueue-DeleteBlockStatusForDeletedBlockLogImpl] DEBUG block.DeletedBlockLogImpl (DeletedBlockLogImpl.java:commitTransactions(224)) - Transaction txId=3 commit by dnId=41bdc6fc-f730-460f-b2d8-92157d986a72 for containerID=#3 failed. Corresponding entry not found.
2021-08-14 14:05:27,599 [EventQueue-DeleteBlockStatusForDeletedBlockLogImpl] DEBUG block.DeletedBlockLogImpl (DeletedBlockLogImpl.java:isTransactionFailed(278)) - Got block deletion ACK from datanode, TXIDs=4, success=true
2021-08-14 14:05:27,599 [EventQueue-DeleteBlockStatusForDeletedBlockLogImpl] DEBUG block.DeletedBlockLogImpl (DeletedBlockLogImpl.java:commitTransactions(224)) - Transaction txId=4 commit by dnId=41bdc6fc-f730-460f-b2d8-92157d986a72 for containerID=#4 failed. Corresponding entry not found.
2021-08-14 14:05:27,599 [EventQueue-DeleteBlockStatusForDeletedBlockLogImpl] DEBUG block.DeletedBlockLogImpl (DeletedBlockLogImpl.java:isTransactionFailed(278)) - Got block deletion ACK from datanode, TXIDs=5, success=true
2021-08-14 14:05:27,599 [EventQueue-DeleteBlockStatusForDeletedBlockLogImpl] DEBUG block.DeletedBlockLogImpl (DeletedBlockLogImpl.java:commitTransactions(224)) - Transaction txId=5 commit by dnId=41bdc6fc-f730-460f-b2d8-92157d986a72 for containerID=#5 failed. Corresponding entry not found.
2021-08-14 14:05:27,601 [EventQueue-DeleteBlockStatusForDeletedBlockLogImpl] DEBUG block.DeletedBlockLogImpl (DeletedBlockLogImpl.java:isTransactionFailed(278)) - Got block deletion ACK from datanode, TXIDs=6, success=true
2021-08-14 14:05:27,601 [EventQueue-DeleteBlockStatusForDeletedBlockLogImpl] DEBUG block.DeletedBlockLogImpl (DeletedBlockLogImpl.java:commitTransactions(224)) - Transaction txId=6 commit by dnId=41bdc6fc-f730-460f-b2d8-92157d986a72 for containerID=#6 failed. Corresponding entry not found.
2021-08-14 14:05:27,601 [EventQueue-DeleteBlockStatusForDeletedBlockLogImpl] DEBUG block.DeletedBlockLogImpl (DeletedBlockLogImpl.java:isTransactionFailed(278)) - Got block deletion ACK from datanode, TXIDs=7, success=true
2021-08-14 14:05:27,601 [EventQueue-DeleteBlockStatusForDeletedBlockLogImpl] DEBUG block.DeletedBlockLogImpl (DeletedBlockLogImpl.java:commitTransactions(224)) - Transaction txId=7 commit by dnId=41bdc6fc-f730-460f-b2d8-92157d986a72 for containerID=#7 failed. Corresponding entry not found.
2021-08-14 14:05:27,601 [EventQueue-DeleteBlockStatusForDeletedBlockLogImpl] DEBUG block.DeletedBlockLogImpl (DeletedBlockLogImpl.java:isTransactionFailed(278)) - Got block deletion ACK from datanode, TXIDs=8, success=true
2021-08-14 14:05:27,601 [EventQueue-DeleteBlockStatusForDeletedBlockLogImpl] DEBUG block.DeletedBlockLogImpl (DeletedBlockLogImpl.java:commitTransactions(224)) - Transaction txId=8 commit by dnId=41bdc6fc-f730-460f-b2d8-92157d986a72 for containerID=#8 failed. Corresponding entry not found.
2021-08-14 14:05:27,601 [EventQueue-DeleteBlockStatusForDeletedBlockLogImpl] DEBUG block.DeletedBlockLogImpl (DeletedBlockLogImpl.java:isTransactionFailed(278)) - Got block deletion ACK from datanode, TXIDs=9, success=true
2021-08-14 14:05:27,601 [EventQueue-DeleteBlockStatusForDeletedBlockLogImpl] DEBUG block.DeletedBlockLogImpl (DeletedBlockLogImpl.java:commitTransactions(224)) - Transaction txId=9 commit by dnId=41bdc6fc-f730-460f-b2d8-92157d986a72 for containerID=#9 failed. Corresponding entry not found.
2021-08-14 14:05:27,601 [EventQueue-DeleteBlockStatusForDeletedBlockLogImpl] DEBUG block.DeletedBlockLogImpl (DeletedBlockLogImpl.java:isTransactionFailed(278)) - Got block deletion ACK from datanode, TXIDs=10, success=true
2021-08-14 14:05:27,601 [EventQueue-DeleteBlockStatusForDeletedBlockLogImpl] DEBUG block.DeletedBlockLogImpl (DeletedBlockLogImpl.java:commitTransactions(224)) - Transaction txId=10 commit by dnId=41bdc6fc-f730-460f-b2d8-92157d986a72 for containerID=#10 failed. Corresponding entry not found.
2021-08-14 14:05:27,601 [EventQueue-DeleteBlockStatusForDeletedBlockLogImpl] DEBUG block.DeletedBlockLogImpl (DeletedBlockLogImpl.java:isTransactionFailed(278)) - Got block deletion ACK from datanode, TXIDs=11, success=true
2021-08-14 14:05:27,601 [EventQueue-DeleteBlockStatusForDeletedBlockLogImpl] DEBUG block.DeletedBlockLogImpl (DeletedBlockLogImpl.java:commitTransactions(224)) - Transaction txId=11 commit by dnId=41bdc6fc-f730-460f-b2d8-92157d986a72 for containerID=#11 failed. Corresponding entry not found.
2021-08-14 14:05:27,601 [EventQueue-DeleteBlockStatusForDeletedBlockLogImpl] DEBUG block.DeletedBlockLogImpl (DeletedBlockLogImpl.java:isTransactionFailed(278)) - Got block deletion ACK from datanode, TXIDs=12, success=true
2021-08-14 14:05:27,601 [EventQueue-DeleteBlockStatusForDeletedBlockLogImpl] DEBUG block.DeletedBlockLogImpl (DeletedBlockLogImpl.java:commitTransactions(224)) - Transaction txId=12 commit by dnId=41bdc6fc-f730-460f-b2d8-92157d986a72 for containerID=#12 failed. Corresponding entry not found.
2021-08-14 14:05:27,601 [EventQueue-DeleteBlockStatusForDeletedBlockLogImpl] DEBUG block.DeletedBlockLogImpl (DeletedBlockLogImpl.java:isTransactionFailed(278)) - Got block deletion ACK from datanode, TXIDs=13, success=true
2021-08-14 14:05:27,601 [EventQueue-DeleteBlockStatusForDeletedBlockLogImpl] DEBUG block.DeletedBlockLogImpl (DeletedBlockLogImpl.java:commitTransactions(224)) - Transaction txId=13 commit by dnId=41bdc6fc-f730-460f-b2d8-92157d986a72 for containerID=#13 failed. Corresponding entry not found.
2021-08-14 14:05:27,601 [EventQueue-DeleteBlockStatusForDeletedBlockLogImpl] DEBUG block.DeletedBlockLogImpl (DeletedBlockLogImpl.java:isTransactionFailed(278)) - Got block deletion ACK from datanode, TXIDs=14, success=true
2021-08-14 14:05:27,601 [EventQueue-DeleteBlockStatusForDeletedBlockLogImpl] DEBUG block.DeletedBlockLogImpl (DeletedBlockLogImpl.java:commitTransactions(224)) - Transaction txId=14 commit by dnId=41bdc6fc-f730-460f-b2d8-92157d986a72 for containerID=#14 failed. Corresponding entry not found.
2021-08-14 14:05:27,602 [EventQueue-DeleteBlockStatusForDeletedBlockLogImpl] DEBUG block.DeletedBlockLogImpl (DeletedBlockLogImpl.java:isTransactionFailed(278)) - Got block deletion ACK from datanode, TXIDs=15, success=true
2021-08-14 14:05:27,602 [EventQueue-DeleteBlockStatusForDeletedBlockLogImpl] DEBUG block.DeletedBlockLogImpl (DeletedBlockLogImpl.java:commitTransactions(224)) - Transaction txId=15 commit by dnId=41bdc6fc-f730-460f-b2d8-92157d986a72 for containerID=#15 failed. Corresponding entry not found.
2021-08-14 14:05:27,602 [EventQueue-DeleteBlockStatusForDeletedBlockLogImpl] DEBUG block.DeletedBlockLogImpl (DeletedBlockLogImpl.java:isTransactionFailed(278)) - Got block deletion ACK from datanode, TXIDs=16, success=true
2021-08-14 14:05:27,602 [EventQueue-DeleteBlockStatusForDeletedBlockLogImpl] DEBUG block.DeletedBlockLogImpl (DeletedBlockLogImpl.java:commitTransactions(224)) - Transaction txId=16 commit by dnId=41bdc6fc-f730-460f-b2d8-92157d986a72 for containerID=#16 failed. Corresponding entry not found.
2021-08-14 14:05:27,602 [EventQueue-DeleteBlockStatusForDeletedBlockLogImpl] DEBUG block.DeletedBlockLogImpl (DeletedBlockLogImpl.java:isTransactionFailed(278)) - Got block deletion ACK from datanode, TXIDs=17, success=true
2021-08-14 14:05:27,602 [EventQueue-DeleteBlockStatusForDeletedBlockLogImpl] DEBUG block.DeletedBlockLogImpl (DeletedBlockLogImpl.java:commitTransactions(250)) - Purging txId=17 from block deletion log
2021-08-14 14:05:27,602 [EventQueue-DeleteBlockStatusForDeletedBlockLogImpl] DEBUG block.DeletedBlockLogImpl (DeletedBlockLogImpl.java:commitTransactions(256)) - Datanode txId=17 containerId=#17 committed by dnId=41bdc6fc-f730-460f-b2d8-92157d986a72
2021-08-14 14:05:27,602 [EventQueue-DeleteBlockStatusForDeletedBlockLogImpl] DEBUG block.DeletedBlockLogImpl (DeletedBlockLogImpl.java:isTransactionFailed(278)) - Got block deletion ACK from datanode, TXIDs=18, success=true
2021-08-14 14:05:27,602 [EventQueue-DeleteBlockStatusForDeletedBlockLogImpl] DEBUG block.DeletedBlockLogImpl (DeletedBlockLogImpl.java:commitTransactions(250)) - Purging txId=18 from block deletion log
2021-08-14 14:05:27,602 [EventQueue-DeleteBlockStatusForDeletedBlockLogImpl] DEBUG block.DeletedBlockLogImpl (DeletedBlockLogImpl.java:commitTransactions(256)) - Datanode txId=18 containerId=#18 committed by dnId=41bdc6fc-f730-460f-b2d8-92157d986a72
2021-08-14 14:05:27,602 [EventQueue-DeleteBlockStatusForDeletedBlockLogImpl] DEBUG block.DeletedBlockLogImpl (DeletedBlockLogImpl.java:isTransactionFailed(278)) - Got block deletion ACK from datanode, TXIDs=1, success=true
2021-08-14 14:05:27,602 [EventQueue-DeleteBlockStatusForDeletedBlockLogImpl] DEBUG block.DeletedBlockLogImpl (DeletedBlockLogImpl.java:commitTransactions(224)) - Transaction txId=1 commit by dnId=41bdc6fc-f730-460f-b2d8-92157d986a72 for containerID=#1 failed. Corresponding entry not found.
2021-08-14 14:05:27,603 [EventQueue-DeleteBlockStatusForDeletedBlockLogImpl] DEBUG block.DeletedBlockLogImpl (DeletedBlockLogImpl.java:isTransactionFailed(278)) - Got block deletion ACK from datanode, TXIDs=2, success=true
2021-08-14 14:05:27,603 [EventQueue-DeleteBlockStatusForDeletedBlockLogImpl] DEBUG block.DeletedBlockLogImpl (DeletedBlockLogImpl.java:commitTransactions(224)) - Transaction txId=2 commit by dnId=41bdc6fc-f730-460f-b2d8-92157d986a72 for containerID=#2 failed. Corresponding entry not found.
2021-08-14 14:05:27,603 [EventQueue-DeleteBlockStatusForDeletedBlockLogImpl] DEBUG block.DeletedBlockLogImpl (DeletedBlockLogImpl.java:isTransactionFailed(278)) - Got block deletion ACK from datanode, TXIDs=3, success=true
2021-08-14 14:05:27,603 [EventQueue-DeleteBlockStatusForDeletedBlockLogImpl] DEBUG block.DeletedBlockLogImpl (DeletedBlockLogImpl.java:commitTransactions(224)) - Transaction txId=3 commit by dnId=41bdc6fc-f730-460f-b2d8-92157d986a72 for containerID=#3 failed. Corresponding entry not found.
2021-08-14 14:05:27,603 [EventQueue-DeleteBlockStatusForDeletedBlockLogImpl] DEBUG block.DeletedBlockLogImpl (DeletedBlockLogImpl.java:isTransactionFailed(278)) - Got block deletion ACK from datanode, TXIDs=4, success=true
2021-08-14 14:05:27,603 [EventQueue-DeleteBlockStatusForDeletedBlockLogImpl] DEBUG block.DeletedBlockLogImpl (DeletedBlockLogImpl.java:commitTransactions(224)) - Transaction txId=4 commit by dnId=41bdc6fc-f730-460f-b2d8-92157d986a72 for containerID=#4 failed. Corresponding entry not found.
2021-08-14 14:05:27,603 [EventQueue-DeleteBlockStatusForDeletedBlockLogImpl] DEBUG block.DeletedBlockLogImpl (DeletedBlockLogImpl.java:isTransactionFailed(278)) - Got block deletion ACK from datanode, TXIDs=5, success=true
2021-08-14 14:05:27,603 [EventQueue-DeleteBlockStatusForDeletedBlockLogImpl] DEBUG block.DeletedBlockLogImpl (DeletedBlockLogImpl.java:commitTransactions(224)) - Transaction txId=5 commit by dnId=41bdc6fc-f730-460f-b2d8-92157d986a72 for containerID=#5 failed. Corresponding entry not found.
2021-08-14 14:05:27,603 [EventQueue-DeleteBlockStatusForDeletedBlockLogImpl] DEBUG block.DeletedBlockLogImpl (DeletedBlockLogImpl.java:isTransactionFailed(278)) - Got block deletion ACK from datanode, TXIDs=6, success=true
2021-08-14 14:05:27,603 [EventQueue-DeleteBlockStatusForDeletedBlockLogImpl] DEBUG block.DeletedBlockLogImpl (DeletedBlockLogImpl.java:commitTransactions(224)) - Transaction txId=6 commit by dnId=41bdc6fc-f730-460f-b2d8-92157d986a72 for containerID=#6 failed. Corresponding entry not found.
2021-08-14 14:05:27,603 [EventQueue-DeleteBlockStatusForDeletedBlockLogImpl] DEBUG block.DeletedBlockLogImpl (DeletedBlockLogImpl.java:isTransactionFailed(278)) - Got block deletion ACK from datanode, TXIDs=7, success=true
2021-08-14 14:05:27,603 [EventQueue-DeleteBlockStatusForDeletedBlockLogImpl] DEBUG block.DeletedBlockLogImpl (DeletedBlockLogImpl.java:commitTransactions(224)) - Transaction txId=7 commit by dnId=41bdc6fc-f730-460f-b2d8-92157d986a72 for containerID=#7 failed. Corresponding entry not found.
2021-08-14 14:05:27,604 [EventQueue-DeleteBlockStatusForDeletedBlockLogImpl] DEBUG block.DeletedBlockLogImpl (DeletedBlockLogImpl.java:isTransactionFailed(278)) - Got block deletion ACK from datanode, TXIDs=8, success=true
2021-08-14 14:05:27,604 [EventQueue-DeleteBlockStatusForDeletedBlockLogImpl] DEBUG block.DeletedBlockLogImpl (DeletedBlockLogImpl.java:commitTransactions(224)) - Transaction txId=8 commit by dnId=41bdc6fc-f730-460f-b2d8-92157d986a72 for containerID=#8 failed. Corresponding entry not found.
2021-08-14 14:05:27,604 [EventQueue-DeleteBlockStatusForDeletedBlockLogImpl] DEBUG block.DeletedBlockLogImpl (DeletedBlockLogImpl.java:isTransactionFailed(278)) - Got block deletion ACK from datanode, TXIDs=9, success=true
2021-08-14 14:05:27,604 [EventQueue-DeleteBlockStatusForDeletedBlockLogImpl] DEBUG block.DeletedBlockLogImpl (DeletedBlockLogImpl.java:commitTransactions(224)) - Transaction txId=9 commit by dnId=41bdc6fc-f730-460f-b2d8-92157d986a72 for containerID=#9 failed. Corresponding entry not found.
2021-08-14 14:05:27,604 [EventQueue-DeleteBlockStatusForDeletedBlockLogImpl] DEBUG block.DeletedBlockLogImpl (DeletedBlockLogImpl.java:isTransactionFailed(278)) - Got block deletion ACK from datanode, TXIDs=10, success=true
2021-08-14 14:05:27,604 [EventQueue-DeleteBlockStatusForDeletedBlockLogImpl] DEBUG block.DeletedBlockLogImpl (DeletedBlockLogImpl.java:commitTransactions(224)) - Transaction txId=10 commit by dnId=41bdc6fc-f730-460f-b2d8-92157d986a72 for containerID=#10 failed. Corresponding entry not found.
2021-08-14 14:05:27,604 [EventQueue-DeleteBlockStatusForDeletedBlockLogImpl] DEBUG block.DeletedBlockLogImpl (DeletedBlockLogImpl.java:isTransactionFailed(278)) - Got block deletion ACK from datanode, TXIDs=11, success=true
2021-08-14 14:05:27,604 [EventQueue-DeleteBlockStatusForDeletedBlockLogImpl] DEBUG block.DeletedBlockLogImpl (DeletedBlockLogImpl.java:commitTransactions(224)) - Transaction txId=11 commit by dnId=41bdc6fc-f730-460f-b2d8-92157d986a72 for containerID=#11 failed. Corresponding entry not found.
2021-08-14 14:05:27,604 [EventQueue-DeleteBlockStatusForDeletedBlockLogImpl] DEBUG block.DeletedBlockLogImpl (DeletedBlockLogImpl.java:isTransactionFailed(278)) - Got block deletion ACK from datanode, TXIDs=12, success=true
2021-08-14 14:05:27,604 [EventQueue-DeleteBlockStatusForDeletedBlockLogImpl] DEBUG block.DeletedBlockLogImpl (DeletedBlockLogImpl.java:commitTransactions(224)) - Transaction txId=12 commit by dnId=41bdc6fc-f730-460f-b2d8-92157d986a72 for containerID=#12 failed. Corresponding entry not found.
2021-08-14 14:05:27,604 [EventQueue-DeleteBlockStatusForDeletedBlockLogImpl] DEBUG block.DeletedBlockLogImpl (DeletedBlockLogImpl.java:isTransactionFailed(278)) - Got block deletion ACK from datanode, TXIDs=13, success=true
2021-08-14 14:05:27,604 [EventQueue-DeleteBlockStatusForDeletedBlockLogImpl] DEBUG block.DeletedBlockLogImpl (DeletedBlockLogImpl.java:commitTransactions(224)) - Transaction txId=13 commit by dnId=41bdc6fc-f730-460f-b2d8-92157d986a72 for containerID=#13 failed. Corresponding entry not found.
2021-08-14 14:05:27,604 [EventQueue-DeleteBlockStatusForDeletedBlockLogImpl] DEBUG block.DeletedBlockLogImpl (DeletedBlockLogImpl.java:isTransactionFailed(278)) - Got block deletion ACK from datanode, TXIDs=14, success=true
2021-08-14 14:05:27,604 [EventQueue-DeleteBlockStatusForDeletedBlockLogImpl] DEBUG block.DeletedBlockLogImpl (DeletedBlockLogImpl.java:commitTransactions(224)) - Transaction txId=14 commit by dnId=41bdc6fc-f730-460f-b2d8-92157d986a72 for containerID=#14 failed. Corresponding entry not found.
2021-08-14 14:05:27,604 [EventQueue-DeleteBlockStatusForDeletedBlockLogImpl] DEBUG block.DeletedBlockLogImpl (DeletedBlockLogImpl.java:isTransactionFailed(278)) - Got block deletion ACK from datanode, TXIDs=15, success=true
2021-08-14 14:05:27,604 [EventQueue-DeleteBlockStatusForDeletedBlockLogImpl] DEBUG block.DeletedBlockLogImpl (DeletedBlockLogImpl.java:commitTransactions(224)) - Transaction txId=15 commit by dnId=41bdc6fc-f730-460f-b2d8-92157d986a72 for containerID=#15 failed. Corresponding entry not found.
2021-08-14 14:05:27,604 [EventQueue-DeleteBlockStatusForDeletedBlockLogImpl] DEBUG block.DeletedBlockLogImpl (DeletedBlockLogImpl.java:isTransactionFailed(278)) - Got block deletion ACK from datanode, TXIDs=16, success=true
2021-08-14 14:05:27,604 [EventQueue-DeleteBlockStatusForDeletedBlockLogImpl] DEBUG block.DeletedBlockLogImpl (DeletedBlockLogImpl.java:commitTransactions(224)) - Transaction txId=16 commit by dnId=41bdc6fc-f730-460f-b2d8-92157d986a72 for containerID=#16 failed. Corresponding entry not found.
2021-08-14 14:05:27,604 [EventQueue-DeleteBlockStatusForDeletedBlockLogImpl] DEBUG block.DeletedBlockLogImpl (DeletedBlockLogImpl.java:isTransactionFailed(278)) - Got block deletion ACK from datanode, TXIDs=17, success=true
2021-08-14 14:05:27,604 [EventQueue-DeleteBlockStatusForDeletedBlockLogImpl] DEBUG block.DeletedBlockLogImpl (DeletedBlockLogImpl.java:commitTransactions(224)) - Transaction txId=17 commit by dnId=41bdc6fc-f730-460f-b2d8-92157d986a72 for containerID=#17 failed. Corresponding entry not found.
2021-08-14 14:05:27,604 [EventQueue-DeleteBlockStatusForDeletedBlockLogImpl] DEBUG block.DeletedBlockLogImpl (DeletedBlockLogImpl.java:isTransactionFailed(278)) - Got block deletion ACK from datanode, TXIDs=18, success=true
2021-08-14 14:05:27,604 [EventQueue-DeleteBlockStatusForDeletedBlockLogImpl] DEBUG block.DeletedBlockLogImpl (DeletedBlockLogImpl.java:commitTransactions(224)) - Transaction txId=18 commit by dnId=41bdc6fc-f730-460f-b2d8-92157d986a72 for containerID=#18 failed. Corresponding entry not found.
2021-08-14 14:05:27,605 [EventQueue-DeleteBlockStatusForDeletedBlockLogImpl] DEBUG block.DeletedBlockLogImpl (DeletedBlockLogImpl.java:isTransactionFailed(278)) - Got block deletion ACK from datanode, TXIDs=1, success=true
2021-08-14 14:05:27,605 [EventQueue-DeleteBlockStatusForDeletedBlockLogImpl] DEBUG block.DeletedBlockLogImpl (DeletedBlockLogImpl.java:commitTransactions(224)) - Transaction txId=1 commit by dnId=41bdc6fc-f730-460f-b2d8-92157d986a72 for containerID=#1 failed. Corresponding entry not found.
2021-08-14 14:05:27,605 [EventQueue-DeleteBlockStatusForDeletedBlockLogImpl] DEBUG block.DeletedBlockLogImpl (DeletedBlockLogImpl.java:isTransactionFailed(278)) - Got block deletion ACK from datanode, TXIDs=2, success=true
2021-08-14 14:05:27,610 [EventQueue-DeleteBlockStatusForDeletedBlockLogImpl] DEBUG block.DeletedBlockLogImpl (DeletedBlockLogImpl.java:commitTransactions(224)) - Transaction txId=2 commit by dnId=41bdc6fc-f730-460f-b2d8-92157d986a72 for containerID=#2 failed. Corresponding entry not found.
2021-08-14 14:05:27,610 [EventQueue-DeleteBlockStatusForDeletedBlockLogImpl] DEBUG block.DeletedBlockLogImpl (DeletedBlockLogImpl.java:isTransactionFailed(278)) - Got block deletion ACK from datanode, TXIDs=3, success=true
2021-08-14 14:05:27,610 [EventQueue-DeleteBlockStatusForDeletedBlockLogImpl] DEBUG block.DeletedBlockLogImpl (DeletedBlockLogImpl.java:commitTransactions(224)) - Transaction txId=3 commit by dnId=41bdc6fc-f730-460f-b2d8-92157d986a72 for containerID=#3 failed. Corresponding entry not found.
2021-08-14 14:05:27,610 [EventQueue-DeleteBlockStatusForDeletedBlockLogImpl] DEBUG block.DeletedBlockLogImpl (DeletedBlockLogImpl.java:isTransactionFailed(278)) - Got block deletion ACK from datanode, TXIDs=4, success=true
2021-08-14 14:05:27,610 [EventQueue-DeleteBlockStatusForDeletedBlockLogImpl] DEBUG block.DeletedBlockLogImpl (DeletedBlockLogImpl.java:commitTransactions(224)) - Transaction txId=4 commit by dnId=41bdc6fc-f730-460f-b2d8-92157d986a72 for containerID=#4 failed. Corresponding entry not found.
2021-08-14 14:05:27,610 [EventQueue-DeleteBlockStatusForDeletedBlockLogImpl] DEBUG block.DeletedBlockLogImpl (DeletedBlockLogImpl.java:isTransactionFailed(278)) - Got block deletion ACK from datanode, TXIDs=5, success=true
2021-08-14 14:05:27,610 [EventQueue-DeleteBlockStatusForDeletedBlockLogImpl] DEBUG block.DeletedBlockLogImpl (DeletedBlockLogImpl.java:commitTransactions(224)) - Transaction txId=5 commit by dnId=41bdc6fc-f730-460f-b2d8-92157d986a72 for containerID=#5 failed. Corresponding entry not found.
2021-08-14 14:05:27,610 [EventQueue-DeleteBlockStatusForDeletedBlockLogImpl] DEBUG block.DeletedBlockLogImpl (DeletedBlockLogImpl.java:isTransactionFailed(278)) - Got block deletion ACK from datanode, TXIDs=6, success=true
2021-08-14 14:05:27,610 [EventQueue-DeleteBlockStatusForDeletedBlockLogImpl] DEBUG block.DeletedBlockLogImpl (DeletedBlockLogImpl.java:commitTransactions(224)) - Transaction txId=6 commit by dnId=41bdc6fc-f730-460f-b2d8-92157d986a72 for containerID=#6 failed. Corresponding entry not found.
2021-08-14 14:05:27,610 [EventQueue-DeleteBlockStatusForDeletedBlockLogImpl] DEBUG block.DeletedBlockLogImpl (DeletedBlockLogImpl.java:isTransactionFailed(278)) - Got block deletion ACK from datanode, TXIDs=7, success=true
2021-08-14 14:05:27,610 [EventQueue-DeleteBlockStatusForDeletedBlockLogImpl] DEBUG block.DeletedBlockLogImpl (DeletedBlockLogImpl.java:commitTransactions(224)) - Transaction txId=7 commit by dnId=41bdc6fc-f730-460f-b2d8-92157d986a72 for containerID=#7 failed. Corresponding entry not found.
2021-08-14 14:05:27,610 [EventQueue-DeleteBlockStatusForDeletedBlockLogImpl] DEBUG block.DeletedBlockLogImpl (DeletedBlockLogImpl.java:isTransactionFailed(278)) - Got block deletion ACK from datanode, TXIDs=8, success=true
2021-08-14 14:05:27,610 [EventQueue-DeleteBlockStatusForDeletedBlockLogImpl] DEBUG block.DeletedBlockLogImpl (DeletedBlockLogImpl.java:commitTransactions(224)) - Transaction txId=8 commit by dnId=41bdc6fc-f730-460f-b2d8-92157d986a72 for containerID=#8 failed. Corresponding entry not found.
2021-08-14 14:05:27,610 [EventQueue-DeleteBlockStatusForDeletedBlockLogImpl] DEBUG block.DeletedBlockLogImpl (DeletedBlockLogImpl.java:isTransactionFailed(278)) - Got block deletion ACK from datanode, TXIDs=9, success=true
2021-08-14 14:05:27,610 [EventQueue-DeleteBlockStatusForDeletedBlockLogImpl] DEBUG block.DeletedBlockLogImpl (DeletedBlockLogImpl.java:commitTransactions(224)) - Transaction txId=9 commit by dnId=41bdc6fc-f730-460f-b2d8-92157d986a72 for containerID=#9 failed. Corresponding entry not found.
2021-08-14 14:05:27,610 [EventQueue-DeleteBlockStatusForDeletedBlockLogImpl] DEBUG block.DeletedBlockLogImpl (DeletedBlockLogImpl.java:isTransactionFailed(278)) - Got block deletion ACK from datanode, TXIDs=10, success=true
2021-08-14 14:05:27,610 [EventQueue-DeleteBlockStatusForDeletedBlockLogImpl] DEBUG block.DeletedBlockLogImpl (DeletedBlockLogImpl.java:commitTransactions(224)) - Transaction txId=10 commit by dnId=41bdc6fc-f730-460f-b2d8-92157d986a72 for containerID=#10 failed. Corresponding entry not found.
2021-08-14 14:05:27,610 [EventQueue-DeleteBlockStatusForDeletedBlockLogImpl] DEBUG block.DeletedBlockLogImpl (DeletedBlockLogImpl.java:isTransactionFailed(278)) - Got block deletion ACK from datanode, TXIDs=11, success=true
2021-08-14 14:05:27,610 [EventQueue-DeleteBlockStatusForDeletedBlockLogImpl] DEBUG block.DeletedBlockLogImpl (DeletedBlockLogImpl.java:commitTransactions(224)) - Transaction txId=11 commit by dnId=41bdc6fc-f730-460f-b2d8-92157d986a72 for containerID=#11 failed. Corresponding entry not found.
2021-08-14 14:05:27,610 [EventQueue-DeleteBlockStatusForDeletedBlockLogImpl] DEBUG block.DeletedBlockLogImpl (DeletedBlockLogImpl.java:isTransactionFailed(278)) - Got block deletion ACK from datanode, TXIDs=12, success=true
2021-08-14 14:05:27,611 [EventQueue-DeleteBlockStatusForDeletedBlockLogImpl] DEBUG block.DeletedBlockLogImpl (DeletedBlockLogImpl.java:commitTransactions(224)) - Transaction txId=12 commit by dnId=41bdc6fc-f730-460f-b2d8-92157d986a72 for containerID=#12 failed. Corresponding entry not found.
2021-08-14 14:05:27,611 [EventQueue-DeleteBlockStatusForDeletedBlockLogImpl] DEBUG block.DeletedBlockLogImpl (DeletedBlockLogImpl.java:isTransactionFailed(278)) - Got block deletion ACK from datanode, TXIDs=13, success=true
2021-08-14 14:05:27,611 [EventQueue-DeleteBlockStatusForDeletedBlockLogImpl] DEBUG block.DeletedBlockLogImpl (DeletedBlockLogImpl.java:commitTransactions(224)) - Transaction txId=13 commit by dnId=41bdc6fc-f730-460f-b2d8-92157d986a72 for containerID=#13 failed. Corresponding entry not found.
2021-08-14 14:05:27,611 [EventQueue-DeleteBlockStatusForDeletedBlockLogImpl] DEBUG block.DeletedBlockLogImpl (DeletedBlockLogImpl.java:isTransactionFailed(278)) - Got block deletion ACK from datanode, TXIDs=14, success=true
2021-08-14 14:05:27,611 [EventQueue-DeleteBlockStatusForDeletedBlockLogImpl] DEBUG block.DeletedBlockLogImpl (DeletedBlockLogImpl.java:commitTransactions(224)) - Transaction txId=14 commit by dnId=41bdc6fc-f730-460f-b2d8-92157d986a72 for containerID=#14 failed. Corresponding entry not found.
2021-08-14 14:05:27,611 [EventQueue-DeleteBlockStatusForDeletedBlockLogImpl] DEBUG block.DeletedBlockLogImpl (DeletedBlockLogImpl.java:isTransactionFailed(278)) - Got block deletion ACK from datanode, TXIDs=15, success=true
2021-08-14 14:05:27,611 [EventQueue-DeleteBlockStatusForDeletedBlockLogImpl] DEBUG block.DeletedBlockLogImpl (DeletedBlockLogImpl.java:commitTransactions(224)) - Transaction txId=15 commit by dnId=41bdc6fc-f730-460f-b2d8-92157d986a72 for containerID=#15 failed. Corresponding entry not found.
2021-08-14 14:05:27,611 [EventQueue-DeleteBlockStatusForDeletedBlockLogImpl] DEBUG block.DeletedBlockLogImpl (DeletedBlockLogImpl.java:isTransactionFailed(278)) - Got block deletion ACK from datanode, TXIDs=16, success=true
2021-08-14 14:05:27,611 [EventQueue-DeleteBlockStatusForDeletedBlockLogImpl] DEBUG block.DeletedBlockLogImpl (DeletedBlockLogImpl.java:commitTransactions(224)) - Transaction txId=16 commit by dnId=41bdc6fc-f730-460f-b2d8-92157d986a72 for containerID=#16 failed. Corresponding entry not found.
2021-08-14 14:05:27,611 [EventQueue-DeleteBlockStatusForDeletedBlockLogImpl] DEBUG block.DeletedBlockLogImpl (DeletedBlockLogImpl.java:isTransactionFailed(278)) - Got block deletion ACK from datanode, TXIDs=17, success=true
2021-08-14 14:05:27,611 [EventQueue-DeleteBlockStatusForDeletedBlockLogImpl] DEBUG block.DeletedBlockLogImpl (DeletedBlockLogImpl.java:commitTransactions(224)) - Transaction txId=17 commit by dnId=41bdc6fc-f730-460f-b2d8-92157d986a72 for containerID=#17 failed. Corresponding entry not found.
2021-08-14 14:05:27,611 [EventQueue-DeleteBlockStatusForDeletedBlockLogImpl] DEBUG block.DeletedBlockLogImpl (DeletedBlockLogImpl.java:isTransactionFailed(278)) - Got block deletion ACK from datanode, TXIDs=18, success=true
2021-08-14 14:05:27,611 [EventQueue-DeleteBlockStatusForDeletedBlockLogImpl] DEBUG block.DeletedBlockLogImpl (DeletedBlockLogImpl.java:commitTransactions(224)) - Transaction txId=18 commit by dnId=41bdc6fc-f730-460f-b2d8-92157d986a72 for containerID=#18 failed. Corresponding entry not found.
2021-08-14 14:05:27,611 [EventQueue-DeleteBlockStatusForDeletedBlockLogImpl] DEBUG block.DeletedBlockLogImpl (DeletedBlockLogImpl.java:isTransactionFailed(278)) - Got block deletion ACK from datanode, TXIDs=1, success=true
2021-08-14 14:05:27,611 [EventQueue-DeleteBlockStatusForDeletedBlockLogImpl] DEBUG block.DeletedBlockLogImpl (DeletedBlockLogImpl.java:commitTransactions(224)) - Transaction txId=1 commit by dnId=41bdc6fc-f730-460f-b2d8-92157d986a72 for containerID=#1 failed. Corresponding entry not found.
2021-08-14 14:05:27,611 [EventQueue-DeleteBlockStatusForDeletedBlockLogImpl] DEBUG block.DeletedBlockLogImpl (DeletedBlockLogImpl.java:isTransactionFailed(278)) - Got block deletion ACK from datanode, TXIDs=2, success=true
2021-08-14 14:05:27,611 [EventQueue-DeleteBlockStatusForDeletedBlockLogImpl] DEBUG block.DeletedBlockLogImpl (DeletedBlockLogImpl.java:commitTransactions(224)) - Transaction txId=2 commit by dnId=41bdc6fc-f730-460f-b2d8-92157d986a72 for containerID=#2 failed. Corresponding entry not found.
2021-08-14 14:05:27,611 [EventQueue-DeleteBlockStatusForDeletedBlockLogImpl] DEBUG block.DeletedBlockLogImpl (DeletedBlockLogImpl.java:isTransactionFailed(278)) - Got block deletion ACK from datanode, TXIDs=3, success=true
2021-08-14 14:05:27,611 [EventQueue-DeleteBlockStatusForDeletedBlockLogImpl] DEBUG block.DeletedBlockLogImpl (DeletedBlockLogImpl.java:commitTransactions(224)) - Transaction txId=3 commit by dnId=41bdc6fc-f730-460f-b2d8-92157d986a72 for containerID=#3 failed. Corresponding entry not found.
2021-08-14 14:05:27,611 [EventQueue-DeleteBlockStatusForDeletedBlockLogImpl] DEBUG block.DeletedBlockLogImpl (DeletedBlockLogImpl.java:isTransactionFailed(278)) - Got block deletion ACK from datanode, TXIDs=4, success=true
2021-08-14 14:05:27,611 [EventQueue-DeleteBlockStatusForDeletedBlockLogImpl] DEBUG block.DeletedBlockLogImpl (DeletedBlockLogImpl.java:commitTransactions(224)) - Transaction txId=4 commit by dnId=41bdc6fc-f730-460f-b2d8-92157d986a72 for containerID=#4 failed. Corresponding entry not found.
2021-08-14 14:05:27,611 [EventQueue-DeleteBlockStatusForDeletedBlockLogImpl] DEBUG block.DeletedBlockLogImpl (DeletedBlockLogImpl.java:isTransactionFailed(278)) - Got block deletion ACK from datanode, TXIDs=5, success=true
2021-08-14 14:05:27,611 [EventQueue-DeleteBlockStatusForDeletedBlockLogImpl] DEBUG block.DeletedBlockLogImpl (DeletedBlockLogImpl.java:commitTransactions(224)) - Transaction txId=5 commit by dnId=41bdc6fc-f730-460f-b2d8-92157d986a72 for containerID=#5 failed. Corresponding entry not found.
2021-08-14 14:05:27,611 [EventQueue-DeleteBlockStatusForDeletedBlockLogImpl] DEBUG block.DeletedBlockLogImpl (DeletedBlockLogImpl.java:isTransactionFailed(278)) - Got block deletion ACK from datanode, TXIDs=6, success=true
2021-08-14 14:05:27,611 [EventQueue-DeleteBlockStatusForDeletedBlockLogImpl] DEBUG block.DeletedBlockLogImpl (DeletedBlockLogImpl.java:commitTransactions(224)) - Transaction txId=6 commit by dnId=41bdc6fc-f730-460f-b2d8-92157d986a72 for containerID=#6 failed. Corresponding entry not found.
2021-08-14 14:05:27,611 [EventQueue-DeleteBlockStatusForDeletedBlockLogImpl] DEBUG block.DeletedBlockLogImpl (DeletedBlockLogImpl.java:isTransactionFailed(278)) - Got block deletion ACK from datanode, TXIDs=7, success=true
2021-08-14 14:05:27,611 [EventQueue-DeleteBlockStatusForDeletedBlockLogImpl] DEBUG block.DeletedBlockLogImpl (DeletedBlockLogImpl.java:commitTransactions(224)) - Transaction txId=7 commit by dnId=41bdc6fc-f730-460f-b2d8-92157d986a72 for containerID=#7 failed. Corresponding entry not found.
2021-08-14 14:05:27,611 [EventQueue-DeleteBlockStatusForDeletedBlockLogImpl] DEBUG block.DeletedBlockLogImpl (DeletedBlockLogImpl.java:isTransactionFailed(278)) - Got block deletion ACK from datanode, TXIDs=8, success=true
2021-08-14 14:05:27,611 [EventQueue-DeleteBlockStatusForDeletedBlockLogImpl] DEBUG block.DeletedBlockLogImpl (DeletedBlockLogImpl.java:commitTransactions(224)) - Transaction txId=8 commit by dnId=41bdc6fc-f730-460f-b2d8-92157d986a72 for containerID=#8 failed. Corresponding entry not found.
2021-08-14 14:05:27,611 [EventQueue-DeleteBlockStatusForDeletedBlockLogImpl] DEBUG block.DeletedBlockLogImpl (DeletedBlockLogImpl.java:isTransactionFailed(278)) - Got block deletion ACK from datanode, TXIDs=9, success=true
2021-08-14 14:05:27,612 [EventQueue-DeleteBlockStatusForDeletedBlockLogImpl] DEBUG block.DeletedBlockLogImpl (DeletedBlockLogImpl.java:commitTransactions(224)) - Transaction txId=9 commit by dnId=41bdc6fc-f730-460f-b2d8-92157d986a72 for containerID=#9 failed. Corresponding entry not found.
2021-08-14 14:05:27,612 [EventQueue-DeleteBlockStatusForDeletedBlockLogImpl] DEBUG block.DeletedBlockLogImpl (DeletedBlockLogImpl.java:isTransactionFailed(278)) - Got block deletion ACK from datanode, TXIDs=10, success=true
2021-08-14 14:05:27,612 [EventQueue-DeleteBlockStatusForDeletedBlockLogImpl] DEBUG block.DeletedBlockLogImpl (DeletedBlockLogImpl.java:commitTransactions(224)) - Transaction txId=10 commit by dnId=41bdc6fc-f730-460f-b2d8-92157d986a72 for containerID=#10 failed. Corresponding entry not found.
2021-08-14 14:05:27,612 [EventQueue-DeleteBlockStatusForDeletedBlockLogImpl] DEBUG block.DeletedBlockLogImpl (DeletedBlockLogImpl.java:isTransactionFailed(278)) - Got block deletion ACK from datanode, TXIDs=11, success=true
2021-08-14 14:05:27,612 [EventQueue-DeleteBlockStatusForDeletedBlockLogImpl] DEBUG block.DeletedBlockLogImpl (DeletedBlockLogImpl.java:commitTransactions(224)) - Transaction txId=11 commit by dnId=41bdc6fc-f730-460f-b2d8-92157d986a72 for containerID=#11 failed. Corresponding entry not found.
2021-08-14 14:05:27,612 [EventQueue-DeleteBlockStatusForDeletedBlockLogImpl] DEBUG block.DeletedBlockLogImpl (DeletedBlockLogImpl.java:isTransactionFailed(278)) - Got block deletion ACK from datanode, TXIDs=12, success=true
2021-08-14 14:05:27,612 [EventQueue-DeleteBlockStatusForDeletedBlockLogImpl] DEBUG block.DeletedBlockLogImpl (DeletedBlockLogImpl.java:commitTransactions(224)) - Transaction txId=12 commit by dnId=41bdc6fc-f730-460f-b2d8-92157d986a72 for containerID=#12 failed. Corresponding entry not found.
2021-08-14 14:05:27,612 [EventQueue-DeleteBlockStatusForDeletedBlockLogImpl] DEBUG block.DeletedBlockLogImpl (DeletedBlockLogImpl.java:isTransactionFailed(278)) - Got block deletion ACK from datanode, TXIDs=13, success=true
2021-08-14 14:05:27,612 [EventQueue-DeleteBlockStatusForDeletedBlockLogImpl] DEBUG block.DeletedBlockLogImpl (DeletedBlockLogImpl.java:commitTransactions(224)) - Transaction txId=13 commit by dnId=41bdc6fc-f730-460f-b2d8-92157d986a72 for containerID=#13 failed. Corresponding entry not found.
2021-08-14 14:05:27,612 [EventQueue-DeleteBlockStatusForDeletedBlockLogImpl] DEBUG block.DeletedBlockLogImpl (DeletedBlockLogImpl.java:isTransactionFailed(278)) - Got block deletion ACK from datanode, TXIDs=14, success=true
2021-08-14 14:05:27,612 [EventQueue-DeleteBlockStatusForDeletedBlockLogImpl] DEBUG block.DeletedBlockLogImpl (DeletedBlockLogImpl.java:commitTransactions(224)) - Transaction txId=14 commit by dnId=41bdc6fc-f730-460f-b2d8-92157d986a72 for containerID=#14 failed. Corresponding entry not found.
2021-08-14 14:05:27,612 [EventQueue-DeleteBlockStatusForDeletedBlockLogImpl] DEBUG block.DeletedBlockLogImpl (DeletedBlockLogImpl.java:isTransactionFailed(278)) - Got block deletion ACK from datanode, TXIDs=15, success=true
2021-08-14 14:05:27,612 [EventQueue-DeleteBlockStatusForDeletedBlockLogImpl] DEBUG block.DeletedBlockLogImpl (DeletedBlockLogImpl.java:commitTransactions(224)) - Transaction txId=15 commit by dnId=41bdc6fc-f730-460f-b2d8-92157d986a72 for containerID=#15 failed. Corresponding entry not found.
2021-08-14 14:05:27,612 [EventQueue-DeleteBlockStatusForDeletedBlockLogImpl] DEBUG block.DeletedBlockLogImpl (DeletedBlockLogImpl.java:isTransactionFailed(278)) - Got block deletion ACK from datanode, TXIDs=16, success=true
2021-08-14 14:05:27,612 [EventQueue-DeleteBlockStatusForDeletedBlockLogImpl] DEBUG block.DeletedBlockLogImpl (DeletedBlockLogImpl.java:commitTransactions(224)) - Transaction txId=16 commit by dnId=41bdc6fc-f730-460f-b2d8-92157d986a72 for containerID=#16 failed. Corresponding entry not found.
2021-08-14 14:05:27,612 [EventQueue-DeleteBlockStatusForDeletedBlockLogImpl] DEBUG block.DeletedBlockLogImpl (DeletedBlockLogImpl.java:isTransactionFailed(278)) - Got block deletion ACK from datanode, TXIDs=17, success=true
2021-08-14 14:05:27,612 [EventQueue-DeleteBlockStatusForDeletedBlockLogImpl] DEBUG block.DeletedBlockLogImpl (DeletedBlockLogImpl.java:commitTransactions(224)) - Transaction txId=17 commit by dnId=41bdc6fc-f730-460f-b2d8-92157d986a72 for containerID=#17 failed. Corresponding entry not found.
2021-08-14 14:05:27,612 [EventQueue-DeleteBlockStatusForDeletedBlockLogImpl] DEBUG block.DeletedBlockLogImpl (DeletedBlockLogImpl.java:isTransactionFailed(278)) - Got block deletion ACK from datanode, TXIDs=18, success=true
2021-08-14 14:05:27,612 [EventQueue-DeleteBlockStatusForDeletedBlockLogImpl] DEBUG block.DeletedBlockLogImpl (DeletedBlockLogImpl.java:commitTransactions(224)) - Transaction txId=18 commit by dnId=41bdc6fc-f730-460f-b2d8-92157d986a72 for containerID=#18 failed. Corresponding entry not found.
2021-08-14 14:05:27,612 [EventQueue-DeleteBlockStatusForDeletedBlockLogImpl] DEBUG block.DeletedBlockLogImpl (DeletedBlockLogImpl.java:isTransactionFailed(278)) - Got block deletion ACK from datanode, TXIDs=19, success=true
2021-08-14 14:05:27,612 [EventQueue-DeleteBlockStatusForDeletedBlockLogImpl] DEBUG block.DeletedBlockLogImpl (DeletedBlockLogImpl.java:commitTransactions(256)) - Datanode txId=19 containerId=#19 committed by dnId=41bdc6fc-f730-460f-b2d8-92157d986a72
2021-08-14 14:05:27,612 [EventQueue-DeleteBlockStatusForDeletedBlockLogImpl] DEBUG block.DeletedBlockLogImpl (DeletedBlockLogImpl.java:isTransactionFailed(278)) - Got block deletion ACK from datanode, TXIDs=1, success=true
2021-08-14 14:05:27,612 [EventQueue-DeleteBlockStatusForDeletedBlockLogImpl] DEBUG block.DeletedBlockLogImpl (DeletedBlockLogImpl.java:commitTransactions(224)) - Transaction txId=1 commit by dnId=41bdc6fc-f730-460f-b2d8-92157d986a72 for containerID=#1 failed. Corresponding entry not found.
2021-08-14 14:05:27,612 [EventQueue-DeleteBlockStatusForDeletedBlockLogImpl] DEBUG block.DeletedBlockLogImpl (DeletedBlockLogImpl.java:isTransactionFailed(278)) - Got block deletion ACK from datanode, TXIDs=2, success=true
2021-08-14 14:05:27,612 [EventQueue-DeleteBlockStatusForDeletedBlockLogImpl] DEBUG block.DeletedBlockLogImpl (DeletedBlockLogImpl.java:commitTransactions(224)) - Transaction txId=2 commit by dnId=41bdc6fc-f730-460f-b2d8-92157d986a72 for containerID=#2 failed. Corresponding entry not found.
2021-08-14 14:05:27,612 [EventQueue-DeleteBlockStatusForDeletedBlockLogImpl] DEBUG block.DeletedBlockLogImpl (DeletedBlockLogImpl.java:isTransactionFailed(278)) - Got block deletion ACK from datanode, TXIDs=3, success=true
2021-08-14 14:05:27,612 [EventQueue-DeleteBlockStatusForDeletedBlockLogImpl] DEBUG block.DeletedBlockLogImpl (DeletedBlockLogImpl.java:commitTransactions(224)) - Transaction txId=3 commit by dnId=41bdc6fc-f730-460f-b2d8-92157d986a72 for containerID=#3 failed. Corresponding entry not found.
2021-08-14 14:05:27,612 [EventQueue-DeleteBlockStatusForDeletedBlockLogImpl] DEBUG block.DeletedBlockLogImpl (DeletedBlockLogImpl.java:isTransactionFailed(278)) - Got block deletion ACK from datanode, TXIDs=4, success=true
2021-08-14 14:05:27,612 [EventQueue-DeleteBlockStatusForDeletedBlockLogImpl] DEBUG block.DeletedBlockLogImpl (DeletedBlockLogImpl.java:commitTransactions(224)) - Transaction txId=4 commit by dnId=41bdc6fc-f730-460f-b2d8-92157d986a72 for containerID=#4 failed. Corresponding entry not found.
2021-08-14 14:05:27,612 [EventQueue-DeleteBlockStatusForDeletedBlockLogImpl] DEBUG block.DeletedBlockLogImpl (DeletedBlockLogImpl.java:isTransactionFailed(278)) - Got block deletion ACK from datanode, TXIDs=5, success=true
2021-08-14 14:05:27,612 [EventQueue-DeleteBlockStatusForDeletedBlockLogImpl] DEBUG block.DeletedBlockLogImpl (DeletedBlockLogImpl.java:commitTransactions(224)) - Transaction txId=5 commit by dnId=41bdc6fc-f730-460f-b2d8-92157d986a72 for containerID=#5 failed. Corresponding entry not found.
2021-08-14 14:05:27,612 [EventQueue-DeleteBlockStatusForDeletedBlockLogImpl] DEBUG block.DeletedBlockLogImpl (DeletedBlockLogImpl.java:isTransactionFailed(278)) - Got block deletion ACK from datanode, TXIDs=6, success=true
2021-08-14 14:05:27,612 [EventQueue-DeleteBlockStatusForDeletedBlockLogImpl] DEBUG block.DeletedBlockLogImpl (DeletedBlockLogImpl.java:commitTransactions(224)) - Transaction txId=6 commit by dnId=41bdc6fc-f730-460f-b2d8-92157d986a72 for containerID=#6 failed. Corresponding entry not found.
2021-08-14 14:05:27,612 [EventQueue-DeleteBlockStatusForDeletedBlockLogImpl] DEBUG block.DeletedBlockLogImpl (DeletedBlockLogImpl.java:isTransactionFailed(278)) - Got block deletion ACK from datanode, TXIDs=7, success=true
2021-08-14 14:05:27,612 [EventQueue-DeleteBlockStatusForDeletedBlockLogImpl] DEBUG block.DeletedBlockLogImpl (DeletedBlockLogImpl.java:commitTransactions(224)) - Transaction txId=7 commit by dnId=41bdc6fc-f730-460f-b2d8-92157d986a72 for containerID=#7 failed. Corresponding entry not found.
2021-08-14 14:05:27,612 [EventQueue-DeleteBlockStatusForDeletedBlockLogImpl] DEBUG block.DeletedBlockLogImpl (DeletedBlockLogImpl.java:isTransactionFailed(278)) - Got block deletion ACK from datanode, TXIDs=8, success=true
2021-08-14 14:05:27,612 [EventQueue-DeleteBlockStatusForDeletedBlockLogImpl] DEBUG block.DeletedBlockLogImpl (DeletedBlockLogImpl.java:commitTransactions(224)) - Transaction txId=8 commit by dnId=41bdc6fc-f730-460f-b2d8-92157d986a72 for containerID=#8 failed. Corresponding entry not found.
2021-08-14 14:05:27,613 [EventQueue-DeleteBlockStatusForDeletedBlockLogImpl] DEBUG block.DeletedBlockLogImpl (DeletedBlockLogImpl.java:isTransactionFailed(278)) - Got block deletion ACK from datanode, TXIDs=9, success=true
2021-08-14 14:05:27,613 [EventQueue-DeleteBlockStatusForDeletedBlockLogImpl] DEBUG block.DeletedBlockLogImpl (DeletedBlockLogImpl.java:commitTransactions(224)) - Transaction txId=9 commit by dnId=41bdc6fc-f730-460f-b2d8-92157d986a72 for containerID=#9 failed. Corresponding entry not found.
2021-08-14 14:05:27,613 [EventQueue-DeleteBlockStatusForDeletedBlockLogImpl] DEBUG block.DeletedBlockLogImpl (DeletedBlockLogImpl.java:isTransactionFailed(278)) - Got block deletion ACK from datanode, TXIDs=10, success=true
2021-08-14 14:05:27,613 [EventQueue-DeleteBlockStatusForDeletedBlockLogImpl] DEBUG block.DeletedBlockLogImpl (DeletedBlockLogImpl.java:commitTransactions(224)) - Transaction txId=10 commit by dnId=41bdc6fc-f730-460f-b2d8-92157d986a72 for containerID=#10 failed. Corresponding entry not found.
2021-08-14 14:05:27,613 [EventQueue-DeleteBlockStatusForDeletedBlockLogImpl] DEBUG block.DeletedBlockLogImpl (DeletedBlockLogImpl.java:isTransactionFailed(278)) - Got block deletion ACK from datanode, TXIDs=11, success=true
2021-08-14 14:05:27,613 [EventQueue-DeleteBlockStatusForDeletedBlockLogImpl] DEBUG block.DeletedBlockLogImpl (DeletedBlockLogImpl.java:commitTransactions(224)) - Transaction txId=11 commit by dnId=41bdc6fc-f730-460f-b2d8-92157d986a72 for containerID=#11 failed. Corresponding entry not found.
2021-08-14 14:05:27,613 [EventQueue-DeleteBlockStatusForDeletedBlockLogImpl] DEBUG block.DeletedBlockLogImpl (DeletedBlockLogImpl.java:isTransactionFailed(278)) - Got block deletion ACK from datanode, TXIDs=12, success=true
2021-08-14 14:05:27,613 [EventQueue-DeleteBlockStatusForDeletedBlockLogImpl] DEBUG block.DeletedBlockLogImpl (DeletedBlockLogImpl.java:commitTransactions(224)) - Transaction txId=12 commit by dnId=41bdc6fc-f730-460f-b2d8-92157d986a72 for containerID=#12 failed. Corresponding entry not found.
2021-08-14 14:05:27,613 [EventQueue-DeleteBlockStatusForDeletedBlockLogImpl] DEBUG block.DeletedBlockLogImpl (DeletedBlockLogImpl.java:isTransactionFailed(278)) - Got block deletion ACK from datanode, TXIDs=13, success=true
2021-08-14 14:05:27,613 [EventQueue-DeleteBlockStatusForDeletedBlockLogImpl] DEBUG block.DeletedBlockLogImpl (DeletedBlockLogImpl.java:commitTransactions(224)) - Transaction txId=13 commit by dnId=41bdc6fc-f730-460f-b2d8-92157d986a72 for containerID=#13 failed. Corresponding entry not found.
2021-08-14 14:05:27,613 [EventQueue-DeleteBlockStatusForDeletedBlockLogImpl] DEBUG block.DeletedBlockLogImpl (DeletedBlockLogImpl.java:isTransactionFailed(278)) - Got block deletion ACK from datanode, TXIDs=14, success=true
2021-08-14 14:05:27,613 [EventQueue-DeleteBlockStatusForDeletedBlockLogImpl] DEBUG block.DeletedBlockLogImpl (DeletedBlockLogImpl.java:commitTransactions(224)) - Transaction txId=14 commit by dnId=41bdc6fc-f730-460f-b2d8-92157d986a72 for containerID=#14 failed. Corresponding entry not found.
2021-08-14 14:05:27,613 [EventQueue-DeleteBlockStatusForDeletedBlockLogImpl] DEBUG block.DeletedBlockLogImpl (DeletedBlockLogImpl.java:isTransactionFailed(278)) - Got block deletion ACK from datanode, TXIDs=15, success=true
2021-08-14 14:05:27,613 [EventQueue-DeleteBlockStatusForDeletedBlockLogImpl] DEBUG block.DeletedBlockLogImpl (DeletedBlockLogImpl.java:commitTransactions(224)) - Transaction txId=15 commit by dnId=41bdc6fc-f730-460f-b2d8-92157d986a72 for containerID=#15 failed. Corresponding entry not found.
2021-08-14 14:05:27,613 [EventQueue-DeleteBlockStatusForDeletedBlockLogImpl] DEBUG block.DeletedBlockLogImpl (DeletedBlockLogImpl.java:isTransactionFailed(278)) - Got block deletion ACK from datanode, TXIDs=16, success=true
2021-08-14 14:05:27,613 [EventQueue-DeleteBlockStatusForDeletedBlockLogImpl] DEBUG block.DeletedBlockLogImpl (DeletedBlockLogImpl.java:commitTransactions(224)) - Transaction txId=16 commit by dnId=41bdc6fc-f730-460f-b2d8-92157d986a72 for containerID=#16 failed. Corresponding entry not found.
2021-08-14 14:05:27,613 [EventQueue-DeleteBlockStatusForDeletedBlockLogImpl] DEBUG block.DeletedBlockLogImpl (DeletedBlockLogImpl.java:isTransactionFailed(278)) - Got block deletion ACK from datanode, TXIDs=17, success=true
2021-08-14 14:05:27,613 [EventQueue-DeleteBlockStatusForDeletedBlockLogImpl] DEBUG block.DeletedBlockLogImpl (DeletedBlockLogImpl.java:commitTransactions(224)) - Transaction txId=17 commit by dnId=41bdc6fc-f730-460f-b2d8-92157d986a72 for containerID=#17 failed. Corresponding entry not found.
2021-08-14 14:05:27,613 [EventQueue-DeleteBlockStatusForDeletedBlockLogImpl] DEBUG block.DeletedBlockLogImpl (DeletedBlockLogImpl.java:isTransactionFailed(278)) - Got block deletion ACK from datanode, TXIDs=18, success=true
2021-08-14 14:05:27,613 [EventQueue-DeleteBlockStatusForDeletedBlockLogImpl] DEBUG block.DeletedBlockLogImpl (DeletedBlockLogImpl.java:commitTransactions(224)) - Transaction txId=18 commit by dnId=41bdc6fc-f730-460f-b2d8-92157d986a72 for containerID=#18 failed. Corresponding entry not found.
2021-08-14 14:05:27,613 [EventQueue-DeleteBlockStatusForDeletedBlockLogImpl] DEBUG block.DeletedBlockLogImpl (DeletedBlockLogImpl.java:isTransactionFailed(278)) - Got block deletion ACK from datanode, TXIDs=19, success=true
2021-08-14 14:05:27,613 [EventQueue-DeleteBlockStatusForDeletedBlockLogImpl] DEBUG block.DeletedBlockLogImpl (DeletedBlockLogImpl.java:commitTransactions(256)) - Datanode txId=19 containerId=#19 committed by dnId=41bdc6fc-f730-460f-b2d8-92157d986a72
2021-08-14 14:05:27,613 [EventQueue-DeleteBlockStatusForDeletedBlockLogImpl] DEBUG block.DeletedBlockLogImpl (DeletedBlockLogImpl.java:isTransactionFailed(278)) - Got block deletion ACK from datanode, TXIDs=20, success=true
2021-08-14 14:05:27,613 [EventQueue-DeleteBlockStatusForDeletedBlockLogImpl] DEBUG block.DeletedBlockLogImpl (DeletedBlockLogImpl.java:commitTransactions(256)) - Datanode txId=20 containerId=#20 committed by dnId=41bdc6fc-f730-460f-b2d8-92157d986a72
2021-08-14 14:05:27,613 [EventQueue-DeleteBlockStatusForDeletedBlockLogImpl] DEBUG block.DeletedBlockLogImpl (DeletedBlockLogImpl.java:isTransactionFailed(278)) - Got block deletion ACK from datanode, TXIDs=21, success=true
2021-08-14 14:05:27,613 [EventQueue-DeleteBlockStatusForDeletedBlockLogImpl] DEBUG block.DeletedBlockLogImpl (DeletedBlockLogImpl.java:commitTransactions(256)) - Datanode txId=21 containerId=#21 committed by dnId=41bdc6fc-f730-460f-b2d8-92157d986a72
2021-08-14 14:05:27,613 [EventQueue-DeleteBlockStatusForDeletedBlockLogImpl] DEBUG block.DeletedBlockLogImpl (DeletedBlockLogImpl.java:isTransactionFailed(278)) - Got block deletion ACK from datanode, TXIDs=22, success=true
2021-08-14 14:05:27,613 [EventQueue-DeleteBlockStatusForDeletedBlockLogImpl] DEBUG block.DeletedBlockLogImpl (DeletedBlockLogImpl.java:commitTransactions(256)) - Datanode txId=22 containerId=#22 committed by dnId=41bdc6fc-f730-460f-b2d8-92157d986a72
2021-08-14 14:05:27,613 [EventQueue-DeleteBlockStatusForDeletedBlockLogImpl] DEBUG block.DeletedBlockLogImpl (DeletedBlockLogImpl.java:isTransactionFailed(278)) - Got block deletion ACK from datanode, TXIDs=23, success=true
2021-08-14 14:05:27,613 [EventQueue-DeleteBlockStatusForDeletedBlockLogImpl] DEBUG block.DeletedBlockLogImpl (DeletedBlockLogImpl.java:commitTransactions(256)) - Datanode txId=23 containerId=#23 committed by dnId=41bdc6fc-f730-460f-b2d8-92157d986a72
2021-08-14 14:05:27,613 [EventQueue-DeleteBlockStatusForDeletedBlockLogImpl] DEBUG block.DeletedBlockLogImpl (DeletedBlockLogImpl.java:isTransactionFailed(278)) - Got block deletion ACK from datanode, TXIDs=24, success=true
2021-08-14 14:05:27,613 [EventQueue-DeleteBlockStatusForDeletedBlockLogImpl] DEBUG block.DeletedBlockLogImpl (DeletedBlockLogImpl.java:commitTransactions(256)) - Datanode txId=24 containerId=#24 committed by dnId=41bdc6fc-f730-460f-b2d8-92157d986a72
2021-08-14 14:05:27,613 [EventQueue-DeleteBlockStatusForDeletedBlockLogImpl] DEBUG block.DeletedBlockLogImpl (DeletedBlockLogImpl.java:isTransactionFailed(278)) - Got block deletion ACK from datanode, TXIDs=25, success=true
2021-08-14 14:05:27,613 [EventQueue-DeleteBlockStatusForDeletedBlockLogImpl] DEBUG block.DeletedBlockLogImpl (DeletedBlockLogImpl.java:commitTransactions(256)) - Datanode txId=25 containerId=#25 committed by dnId=41bdc6fc-f730-460f-b2d8-92157d986a72
2021-08-14 14:05:27,613 [EventQueue-DeleteBlockStatusForDeletedBlockLogImpl] DEBUG block.DeletedBlockLogImpl (DeletedBlockLogImpl.java:isTransactionFailed(278)) - Got block deletion ACK from datanode, TXIDs=26, success=true
2021-08-14 14:05:27,613 [EventQueue-DeleteBlockStatusForDeletedBlockLogImpl] DEBUG block.DeletedBlockLogImpl (DeletedBlockLogImpl.java:commitTransactions(256)) - Datanode txId=26 containerId=#26 committed by dnId=41bdc6fc-f730-460f-b2d8-92157d986a72
2021-08-14 14:05:27,613 [EventQueue-DeleteBlockStatusForDeletedBlockLogImpl] DEBUG block.DeletedBlockLogImpl (DeletedBlockLogImpl.java:isTransactionFailed(278)) - Got block deletion ACK from datanode, TXIDs=27, success=true
2021-08-14 14:05:27,613 [EventQueue-DeleteBlockStatusForDeletedBlockLogImpl] DEBUG block.DeletedBlockLogImpl (DeletedBlockLogImpl.java:commitTransactions(256)) - Datanode txId=27 containerId=#27 committed by dnId=41bdc6fc-f730-460f-b2d8-92157d986a72
2021-08-14 14:05:27,614 [EventQueue-DeleteBlockStatusForDeletedBlockLogImpl] DEBUG block.DeletedBlockLogImpl (DeletedBlockLogImpl.java:isTransactionFailed(278)) - Got block deletion ACK from datanode, TXIDs=28, success=true
2021-08-14 14:05:27,614 [EventQueue-DeleteBlockStatusForDeletedBlockLogImpl] DEBUG block.DeletedBlockLogImpl (DeletedBlockLogImpl.java:commitTransactions(256)) - Datanode txId=28 containerId=#28 committed by dnId=41bdc6fc-f730-460f-b2d8-92157d986a72
2021-08-14 14:05:27,614 [EventQueue-DeleteBlockStatusForDeletedBlockLogImpl] DEBUG block.DeletedBlockLogImpl (DeletedBlockLogImpl.java:isTransactionFailed(278)) - Got block deletion ACK from datanode, TXIDs=29, success=true
2021-08-14 14:05:27,614 [EventQueue-DeleteBlockStatusForDeletedBlockLogImpl] DEBUG block.DeletedBlockLogImpl (DeletedBlockLogImpl.java:commitTransactions(256)) - Datanode txId=29 containerId=#29 committed by dnId=41bdc6fc-f730-460f-b2d8-92157d986a72
2021-08-14 14:05:27,614 [EventQueue-DeleteBlockStatusForDeletedBlockLogImpl] DEBUG block.DeletedBlockLogImpl (DeletedBlockLogImpl.java:isTransactionFailed(278)) - Got block deletion ACK from datanode, TXIDs=30, success=true
2021-08-14 14:05:27,614 [EventQueue-DeleteBlockStatusForDeletedBlockLogImpl] DEBUG block.DeletedBlockLogImpl (DeletedBlockLogImpl.java:commitTransactions(256)) - Datanode txId=30 containerId=#30 committed by dnId=41bdc6fc-f730-460f-b2d8-92157d986a72
2021-08-14 14:05:27,614 [EventQueue-DeleteBlockStatusForDeletedBlockLogImpl] DEBUG block.DeletedBlockLogImpl (DeletedBlockLogImpl.java:isTransactionFailed(278)) - Got block deletion ACK from datanode, TXIDs=31, success=true
2021-08-14 14:05:27,614 [EventQueue-DeleteBlockStatusForDeletedBlockLogImpl] DEBUG block.DeletedBlockLogImpl (DeletedBlockLogImpl.java:commitTransactions(256)) - Datanode txId=31 containerId=#31 committed by dnId=41bdc6fc-f730-460f-b2d8-92157d986a72
2021-08-14 14:05:27,614 [EventQueue-DeleteBlockStatusForDeletedBlockLogImpl] DEBUG block.DeletedBlockLogImpl (DeletedBlockLogImpl.java:isTransactionFailed(278)) - Got block deletion ACK from datanode, TXIDs=32, success=true
2021-08-14 14:05:27,614 [EventQueue-DeleteBlockStatusForDeletedBlockLogImpl] DEBUG block.DeletedBlockLogImpl (DeletedBlockLogImpl.java:commitTransactions(256)) - Datanode txId=32 containerId=#32 committed by dnId=41bdc6fc-f730-460f-b2d8-92157d986a72
2021-08-14 14:05:27,614 [EventQueue-DeleteBlockStatusForDeletedBlockLogImpl] DEBUG block.DeletedBlockLogImpl (DeletedBlockLogImpl.java:isTransactionFailed(278)) - Got block deletion ACK from datanode, TXIDs=33, success=true
2021-08-14 14:05:27,614 [EventQueue-DeleteBlockStatusForDeletedBlockLogImpl] DEBUG block.DeletedBlockLogImpl (DeletedBlockLogImpl.java:commitTransactions(256)) - Datanode txId=33 containerId=#33 committed by dnId=41bdc6fc-f730-460f-b2d8-92157d986a72
2021-08-14 14:05:27,614 [EventQueue-DeleteBlockStatusForDeletedBlockLogImpl] DEBUG block.DeletedBlockLogImpl (DeletedBlockLogImpl.java:isTransactionFailed(278)) - Got block deletion ACK from datanode, TXIDs=34, success=true
2021-08-14 14:05:27,614 [EventQueue-DeleteBlockStatusForDeletedBlockLogImpl] DEBUG block.DeletedBlockLogImpl (DeletedBlockLogImpl.java:commitTransactions(256)) - Datanode txId=34 containerId=#34 committed by dnId=41bdc6fc-f730-460f-b2d8-92157d986a72
2021-08-14 14:05:27,614 [EventQueue-DeleteBlockStatusForDeletedBlockLogImpl] DEBUG block.DeletedBlockLogImpl (DeletedBlockLogImpl.java:isTransactionFailed(278)) - Got block deletion ACK from datanode, TXIDs=35, success=true
2021-08-14 14:05:27,614 [EventQueue-DeleteBlockStatusForDeletedBlockLogImpl] DEBUG block.DeletedBlockLogImpl (DeletedBlockLogImpl.java:commitTransactions(256)) - Datanode txId=35 containerId=#35 committed by dnId=41bdc6fc-f730-460f-b2d8-92157d986a72
2021-08-14 14:05:27,614 [EventQueue-DeleteBlockStatusForDeletedBlockLogImpl] DEBUG block.DeletedBlockLogImpl (DeletedBlockLogImpl.java:isTransactionFailed(278)) - Got block deletion ACK from datanode, TXIDs=36, success=true
2021-08-14 14:05:27,614 [EventQueue-DeleteBlockStatusForDeletedBlockLogImpl] DEBUG block.DeletedBlockLogImpl (DeletedBlockLogImpl.java:commitTransactions(256)) - Datanode txId=36 containerId=#36 committed by dnId=41bdc6fc-f730-460f-b2d8-92157d986a72
2021-08-14 14:05:27,614 [EventQueue-DeleteBlockStatusForDeletedBlockLogImpl] DEBUG block.DeletedBlockLogImpl (DeletedBlockLogImpl.java:isTransactionFailed(278)) - Got block deletion ACK from datanode, TXIDs=37, success=true
2021-08-14 14:05:27,614 [EventQueue-DeleteBlockStatusForDeletedBlockLogImpl] DEBUG block.DeletedBlockLogImpl (DeletedBlockLogImpl.java:commitTransactions(256)) - Datanode txId=37 containerId=#37 committed by dnId=41bdc6fc-f730-460f-b2d8-92157d986a72
2021-08-14 14:05:27,614 [EventQueue-DeleteBlockStatusForDeletedBlockLogImpl] DEBUG block.DeletedBlockLogImpl (DeletedBlockLogImpl.java:isTransactionFailed(278)) - Got block deletion ACK from datanode, TXIDs=38, success=true
2021-08-14 14:05:27,614 [EventQueue-DeleteBlockStatusForDeletedBlockLogImpl] DEBUG block.DeletedBlockLogImpl (DeletedBlockLogImpl.java:commitTransactions(256)) - Datanode txId=38 containerId=#38 committed by dnId=41bdc6fc-f730-460f-b2d8-92157d986a72
2021-08-14 14:05:27,614 [EventQueue-DeleteBlockStatusForDeletedBlockLogImpl] DEBUG block.DeletedBlockLogImpl (DeletedBlockLogImpl.java:isTransactionFailed(278)) - Got block deletion ACK from datanode, TXIDs=39, success=true
2021-08-14 14:05:27,614 [EventQueue-DeleteBlockStatusForDeletedBlockLogImpl] DEBUG block.DeletedBlockLogImpl (DeletedBlockLogImpl.java:commitTransactions(256)) - Datanode txId=39 containerId=#39 committed by dnId=41bdc6fc-f730-460f-b2d8-92157d986a72
2021-08-14 14:05:27,614 [EventQueue-DeleteBlockStatusForDeletedBlockLogImpl] DEBUG block.DeletedBlockLogImpl (DeletedBlockLogImpl.java:isTransactionFailed(278)) - Got block deletion ACK from datanode, TXIDs=40, success=true
2021-08-14 14:05:27,614 [EventQueue-DeleteBlockStatusForDeletedBlockLogImpl] DEBUG block.DeletedBlockLogImpl (DeletedBlockLogImpl.java:commitTransactions(256)) - Datanode txId=40 containerId=#40 committed by dnId=41bdc6fc-f730-460f-b2d8-92157d986a72
2021-08-14 14:05:27,614 [EventQueue-DeleteBlockStatusForDeletedBlockLogImpl] DEBUG block.DeletedBlockLogImpl (DeletedBlockLogImpl.java:isTransactionFailed(278)) - Got block deletion ACK from datanode, TXIDs=41, success=true
2021-08-14 14:05:27,614 [EventQueue-DeleteBlockStatusForDeletedBlockLogImpl] DEBUG block.DeletedBlockLogImpl (DeletedBlockLogImpl.java:commitTransactions(256)) - Datanode txId=41 containerId=#41 committed by dnId=41bdc6fc-f730-460f-b2d8-92157d986a72
2021-08-14 14:05:27,614 [EventQueue-DeleteBlockStatusForDeletedBlockLogImpl] DEBUG block.DeletedBlockLogImpl (DeletedBlockLogImpl.java:isTransactionFailed(278)) - Got block deletion ACK from datanode, TXIDs=42, success=true
2021-08-14 14:05:27,614 [EventQueue-DeleteBlockStatusForDeletedBlockLogImpl] DEBUG block.DeletedBlockLogImpl (DeletedBlockLogImpl.java:commitTransactions(256)) - Datanode txId=42 containerId=#42 committed by dnId=41bdc6fc-f730-460f-b2d8-92157d986a72
2021-08-14 14:05:27,614 [EventQueue-DeleteBlockStatusForDeletedBlockLogImpl] DEBUG block.DeletedBlockLogImpl (DeletedBlockLogImpl.java:isTransactionFailed(278)) - Got block deletion ACK from datanode, TXIDs=43, success=true
2021-08-14 14:05:27,614 [EventQueue-DeleteBlockStatusForDeletedBlockLogImpl] DEBUG block.DeletedBlockLogImpl (DeletedBlockLogImpl.java:commitTransactions(256)) - Datanode txId=43 containerId=#43 committed by dnId=41bdc6fc-f730-460f-b2d8-92157d986a72
2021-08-14 14:05:27,614 [EventQueue-DeleteBlockStatusForDeletedBlockLogImpl] DEBUG block.DeletedBlockLogImpl (DeletedBlockLogImpl.java:isTransactionFailed(278)) - Got block deletion ACK from datanode, TXIDs=44, success=true
2021-08-14 14:05:27,614 [EventQueue-DeleteBlockStatusForDeletedBlockLogImpl] DEBUG block.DeletedBlockLogImpl (DeletedBlockLogImpl.java:commitTransactions(256)) - Datanode txId=44 containerId=#44 committed by dnId=41bdc6fc-f730-460f-b2d8-92157d986a72
2021-08-14 14:05:27,614 [EventQueue-DeleteBlockStatusForDeletedBlockLogImpl] DEBUG block.DeletedBlockLogImpl (DeletedBlockLogImpl.java:isTransactionFailed(278)) - Got block deletion ACK from datanode, TXIDs=45, success=true
2021-08-14 14:05:27,614 [EventQueue-DeleteBlockStatusForDeletedBlockLogImpl] DEBUG block.DeletedBlockLogImpl (DeletedBlockLogImpl.java:commitTransactions(256)) - Datanode txId=45 containerId=#45 committed by dnId=41bdc6fc-f730-460f-b2d8-92157d986a72
2021-08-14 14:05:27,614 [EventQueue-DeleteBlockStatusForDeletedBlockLogImpl] DEBUG block.DeletedBlockLogImpl (DeletedBlockLogImpl.java:isTransactionFailed(278)) - Got block deletion ACK from datanode, TXIDs=46, success=true
2021-08-14 14:05:27,614 [EventQueue-DeleteBlockStatusForDeletedBlockLogImpl] DEBUG block.DeletedBlockLogImpl (DeletedBlockLogImpl.java:commitTransactions(256)) - Datanode txId=46 containerId=#46 committed by dnId=41bdc6fc-f730-460f-b2d8-92157d986a72
2021-08-14 14:05:27,614 [EventQueue-DeleteBlockStatusForDeletedBlockLogImpl] DEBUG block.DeletedBlockLogImpl (DeletedBlockLogImpl.java:isTransactionFailed(278)) - Got block deletion ACK from datanode, TXIDs=47, success=true
2021-08-14 14:05:27,614 [EventQueue-DeleteBlockStatusForDeletedBlockLogImpl] DEBUG block.DeletedBlockLogImpl (DeletedBlockLogImpl.java:commitTransactions(256)) - Datanode txId=47 containerId=#47 committed by dnId=41bdc6fc-f730-460f-b2d8-92157d986a72
2021-08-14 14:05:27,615 [EventQueue-DeleteBlockStatusForDeletedBlockLogImpl] DEBUG block.DeletedBlockLogImpl (DeletedBlockLogImpl.java:isTransactionFailed(278)) - Got block deletion ACK from datanode, TXIDs=48, success=true
2021-08-14 14:05:27,615 [EventQueue-DeleteBlockStatusForDeletedBlockLogImpl] DEBUG block.DeletedBlockLogImpl (DeletedBlockLogImpl.java:commitTransactions(256)) - Datanode txId=48 containerId=#48 committed by dnId=41bdc6fc-f730-460f-b2d8-92157d986a72
2021-08-14 14:05:27,615 [EventQueue-DeleteBlockStatusForDeletedBlockLogImpl] DEBUG block.DeletedBlockLogImpl (DeletedBlockLogImpl.java:isTransactionFailed(278)) - Got block deletion ACK from datanode, TXIDs=49, success=true
2021-08-14 14:05:27,615 [EventQueue-DeleteBlockStatusForDeletedBlockLogImpl] DEBUG block.DeletedBlockLogImpl (DeletedBlockLogImpl.java:commitTransactions(256)) - Datanode txId=49 containerId=#49 committed by dnId=41bdc6fc-f730-460f-b2d8-92157d986a72
2021-08-14 14:05:27,615 [EventQueue-DeleteBlockStatusForDeletedBlockLogImpl] DEBUG block.DeletedBlockLogImpl (DeletedBlockLogImpl.java:isTransactionFailed(278)) - Got block deletion ACK from datanode, TXIDs=50, success=true
2021-08-14 14:05:27,615 [EventQueue-DeleteBlockStatusForDeletedBlockLogImpl] DEBUG block.DeletedBlockLogImpl (DeletedBlockLogImpl.java:commitTransactions(256)) - Datanode txId=50 containerId=#50 committed by dnId=41bdc6fc-f730-460f-b2d8-92157d986a72
2021-08-14 14:05:27,615 [EventQueue-DeleteBlockStatusForDeletedBlockLogImpl] DEBUG block.DeletedBlockLogImpl (DeletedBlockLogImpl.java:isTransactionFailed(278)) - Got block deletion ACK from datanode, TXIDs=51, success=true
2021-08-14 14:05:27,615 [EventQueue-DeleteBlockStatusForDeletedBlockLogImpl] DEBUG block.DeletedBlockLogImpl (DeletedBlockLogImpl.java:commitTransactions(256)) - Datanode txId=51 containerId=#51 committed by dnId=41bdc6fc-f730-460f-b2d8-92157d986a72
2021-08-14 14:05:27,615 [EventQueue-DeleteBlockStatusForDeletedBlockLogImpl] DEBUG block.DeletedBlockLogImpl (DeletedBlockLogImpl.java:isTransactionFailed(278)) - Got block deletion ACK from datanode, TXIDs=52, success=true
2021-08-14 14:05:27,615 [EventQueue-DeleteBlockStatusForDeletedBlockLogImpl] DEBUG block.DeletedBlockLogImpl (DeletedBlockLogImpl.java:commitTransactions(256)) - Datanode txId=52 containerId=#52 committed by dnId=41bdc6fc-f730-460f-b2d8-92157d986a72
2021-08-14 14:05:27,615 [EventQueue-DeleteBlockStatusForDeletedBlockLogImpl] DEBUG block.DeletedBlockLogImpl (DeletedBlockLogImpl.java:isTransactionFailed(278)) - Got block deletion ACK from datanode, TXIDs=53, success=true
2021-08-14 14:05:27,615 [EventQueue-DeleteBlockStatusForDeletedBlockLogImpl] DEBUG block.DeletedBlockLogImpl (DeletedBlockLogImpl.java:commitTransactions(256)) - Datanode txId=53 containerId=#53 committed by dnId=41bdc6fc-f730-460f-b2d8-92157d986a72
2021-08-14 14:05:27,615 [EventQueue-DeleteBlockStatusForDeletedBlockLogImpl] DEBUG block.DeletedBlockLogImpl (DeletedBlockLogImpl.java:isTransactionFailed(278)) - Got block deletion ACK from datanode, TXIDs=54, success=true
2021-08-14 14:05:27,615 [EventQueue-DeleteBlockStatusForDeletedBlockLogImpl] DEBUG block.DeletedBlockLogImpl (DeletedBlockLogImpl.java:commitTransactions(256)) - Datanode txId=54 containerId=#54 committed by dnId=41bdc6fc-f730-460f-b2d8-92157d986a72
2021-08-14 14:05:27,615 [EventQueue-DeleteBlockStatusForDeletedBlockLogImpl] DEBUG block.DeletedBlockLogImpl (DeletedBlockLogImpl.java:isTransactionFailed(278)) - Got block deletion ACK from datanode, TXIDs=55, success=true
2021-08-14 14:05:27,615 [EventQueue-DeleteBlockStatusForDeletedBlockLogImpl] DEBUG block.DeletedBlockLogImpl (DeletedBlockLogImpl.java:commitTransactions(256)) - Datanode txId=55 containerId=#55 committed by dnId=41bdc6fc-f730-460f-b2d8-92157d986a72
2021-08-14 14:05:27,615 [EventQueue-DeleteBlockStatusForDeletedBlockLogImpl] DEBUG block.DeletedBlockLogImpl (DeletedBlockLogImpl.java:isTransactionFailed(278)) - Got block deletion ACK from datanode, TXIDs=56, success=true
2021-08-14 14:05:27,615 [EventQueue-DeleteBlockStatusForDeletedBlockLogImpl] DEBUG block.DeletedBlockLogImpl (DeletedBlockLogImpl.java:commitTransactions(256)) - Datanode txId=56 containerId=#56 committed by dnId=41bdc6fc-f730-460f-b2d8-92157d986a72
2021-08-14 14:05:27,615 [EventQueue-DeleteBlockStatusForDeletedBlockLogImpl] DEBUG block.DeletedBlockLogImpl (DeletedBlockLogImpl.java:isTransactionFailed(278)) - Got block deletion ACK from datanode, TXIDs=1, success=true
2021-08-14 14:05:27,615 [EventQueue-DeleteBlockStatusForDeletedBlockLogImpl] DEBUG block.DeletedBlockLogImpl (DeletedBlockLogImpl.java:commitTransactions(224)) - Transaction txId=1 commit by dnId=41bdc6fc-f730-460f-b2d8-92157d986a72 for containerID=#1 failed. Corresponding entry not found.
2021-08-14 14:05:27,615 [EventQueue-DeleteBlockStatusForDeletedBlockLogImpl] DEBUG block.DeletedBlockLogImpl (DeletedBlockLogImpl.java:isTransactionFailed(278)) - Got block deletion ACK from datanode, TXIDs=2, success=true
2021-08-14 14:05:27,615 [EventQueue-DeleteBlockStatusForDeletedBlockLogImpl] DEBUG block.DeletedBlockLogImpl (DeletedBlockLogImpl.java:commitTransactions(224)) - Transaction txId=2 commit by dnId=41bdc6fc-f730-460f-b2d8-92157d986a72 for containerID=#2 failed. Corresponding entry not found.
2021-08-14 14:05:27,615 [EventQueue-DeleteBlockStatusForDeletedBlockLogImpl] DEBUG block.DeletedBlockLogImpl (DeletedBlockLogImpl.java:isTransactionFailed(278)) - Got block deletion ACK from datanode, TXIDs=3, success=true
2021-08-14 14:05:27,615 [EventQueue-DeleteBlockStatusForDeletedBlockLogImpl] DEBUG block.DeletedBlockLogImpl (DeletedBlockLogImpl.java:commitTransactions(224)) - Transaction txId=3 commit by dnId=41bdc6fc-f730-460f-b2d8-92157d986a72 for containerID=#3 failed. Corresponding entry not found.
2021-08-14 14:05:27,615 [EventQueue-DeleteBlockStatusForDeletedBlockLogImpl] DEBUG block.DeletedBlockLogImpl (DeletedBlockLogImpl.java:isTransactionFailed(278)) - Got block deletion ACK from datanode, TXIDs=4, success=true
2021-08-14 14:05:27,615 [EventQueue-DeleteBlockStatusForDeletedBlockLogImpl] DEBUG block.DeletedBlockLogImpl (DeletedBlockLogImpl.java:commitTransactions(224)) - Transaction txId=4 commit by dnId=41bdc6fc-f730-460f-b2d8-92157d986a72 for containerID=#4 failed. Corresponding entry not found.
2021-08-14 14:05:27,615 [EventQueue-DeleteBlockStatusForDeletedBlockLogImpl] DEBUG block.DeletedBlockLogImpl (DeletedBlockLogImpl.java:isTransactionFailed(278)) - Got block deletion ACK from datanode, TXIDs=5, success=true
2021-08-14 14:05:27,615 [EventQueue-DeleteBlockStatusForDeletedBlockLogImpl] DEBUG block.DeletedBlockLogImpl (DeletedBlockLogImpl.java:commitTransactions(224)) - Transaction txId=5 commit by dnId=41bdc6fc-f730-460f-b2d8-92157d986a72 for containerID=#5 failed. Corresponding entry not found.
2021-08-14 14:05:27,615 [EventQueue-DeleteBlockStatusForDeletedBlockLogImpl] DEBUG block.DeletedBlockLogImpl (DeletedBlockLogImpl.java:isTransactionFailed(278)) - Got block deletion ACK from datanode, TXIDs=6, success=true
2021-08-14 14:05:27,615 [EventQueue-DeleteBlockStatusForDeletedBlockLogImpl] DEBUG block.DeletedBlockLogImpl (DeletedBlockLogImpl.java:commitTransactions(224)) - Transaction txId=6 commit by dnId=41bdc6fc-f730-460f-b2d8-92157d986a72 for containerID=#6 failed. Corresponding entry not found.
2021-08-14 14:05:27,615 [EventQueue-DeleteBlockStatusForDeletedBlockLogImpl] DEBUG block.DeletedBlockLogImpl (DeletedBlockLogImpl.java:isTransactionFailed(278)) - Got block deletion ACK from datanode, TXIDs=7, success=true
2021-08-14 14:05:27,615 [EventQueue-DeleteBlockStatusForDeletedBlockLogImpl] DEBUG block.DeletedBlockLogImpl (DeletedBlockLogImpl.java:commitTransactions(224)) - Transaction txId=7 commit by dnId=41bdc6fc-f730-460f-b2d8-92157d986a72 for containerID=#7 failed. Corresponding entry not found.
2021-08-14 14:05:27,615 [EventQueue-DeleteBlockStatusForDeletedBlockLogImpl] DEBUG block.DeletedBlockLogImpl (DeletedBlockLogImpl.java:isTransactionFailed(278)) - Got block deletion ACK from datanode, TXIDs=8, success=true
2021-08-14 14:05:27,615 [EventQueue-DeleteBlockStatusForDeletedBlockLogImpl] DEBUG block.DeletedBlockLogImpl (DeletedBlockLogImpl.java:commitTransactions(224)) - Transaction txId=8 commit by dnId=41bdc6fc-f730-460f-b2d8-92157d986a72 for containerID=#8 failed. Corresponding entry not found.
2021-08-14 14:05:27,615 [EventQueue-DeleteBlockStatusForDeletedBlockLogImpl] DEBUG block.DeletedBlockLogImpl (DeletedBlockLogImpl.java:isTransactionFailed(278)) - Got block deletion ACK from datanode, TXIDs=9, success=true
2021-08-14 14:05:27,615 [EventQueue-DeleteBlockStatusForDeletedBlockLogImpl] DEBUG block.DeletedBlockLogImpl (DeletedBlockLogImpl.java:commitTransactions(224)) - Transaction txId=9 commit by dnId=41bdc6fc-f730-460f-b2d8-92157d986a72 for containerID=#9 failed. Corresponding entry not found.
2021-08-14 14:05:27,615 [EventQueue-DeleteBlockStatusForDeletedBlockLogImpl] DEBUG block.DeletedBlockLogImpl (DeletedBlockLogImpl.java:isTransactionFailed(278)) - Got block deletion ACK from datanode, TXIDs=10, success=true
2021-08-14 14:05:27,615 [EventQueue-DeleteBlockStatusForDeletedBlockLogImpl] DEBUG block.DeletedBlockLogImpl (DeletedBlockLogImpl.java:commitTransactions(224)) - Transaction txId=10 commit by dnId=41bdc6fc-f730-460f-b2d8-92157d986a72 for containerID=#10 failed. Corresponding entry not found.
2021-08-14 14:05:27,615 [EventQueue-DeleteBlockStatusForDeletedBlockLogImpl] DEBUG block.DeletedBlockLogImpl (DeletedBlockLogImpl.java:isTransactionFailed(278)) - Got block deletion ACK from datanode, TXIDs=11, success=true
2021-08-14 14:05:27,615 [EventQueue-DeleteBlockStatusForDeletedBlockLogImpl] DEBUG block.DeletedBlockLogImpl (DeletedBlockLogImpl.java:commitTransactions(224)) - Transaction txId=11 commit by dnId=41bdc6fc-f730-460f-b2d8-92157d986a72 for containerID=#11 failed. Corresponding entry not found.
2021-08-14 14:05:27,616 [EventQueue-DeleteBlockStatusForDeletedBlockLogImpl] DEBUG block.DeletedBlockLogImpl (DeletedBlockLogImpl.java:isTransactionFailed(278)) - Got block deletion ACK from datanode, TXIDs=12, success=true
2021-08-14 14:05:27,616 [EventQueue-DeleteBlockStatusForDeletedBlockLogImpl] DEBUG block.DeletedBlockLogImpl (DeletedBlockLogImpl.java:commitTransactions(224)) - Transaction txId=12 commit by dnId=41bdc6fc-f730-460f-b2d8-92157d986a72 for containerID=#12 failed. Corresponding entry not found.
2021-08-14 14:05:27,616 [EventQueue-DeleteBlockStatusForDeletedBlockLogImpl] DEBUG block.DeletedBlockLogImpl (DeletedBlockLogImpl.java:isTransactionFailed(278)) - Got block deletion ACK from datanode, TXIDs=13, success=true
2021-08-14 14:05:27,616 [EventQueue-DeleteBlockStatusForDeletedBlockLogImpl] DEBUG block.DeletedBlockLogImpl (DeletedBlockLogImpl.java:commitTransactions(224)) - Transaction txId=13 commit by dnId=41bdc6fc-f730-460f-b2d8-92157d986a72 for containerID=#13 failed. Corresponding entry not found.
2021-08-14 14:05:27,616 [EventQueue-DeleteBlockStatusForDeletedBlockLogImpl] DEBUG block.DeletedBlockLogImpl (DeletedBlockLogImpl.java:isTransactionFailed(278)) - Got block deletion ACK from datanode, TXIDs=14, success=true
2021-08-14 14:05:27,616 [EventQueue-DeleteBlockStatusForDeletedBlockLogImpl] DEBUG block.DeletedBlockLogImpl (DeletedBlockLogImpl.java:commitTransactions(224)) - Transaction txId=14 commit by dnId=41bdc6fc-f730-460f-b2d8-92157d986a72 for containerID=#14 failed. Corresponding entry not found.
2021-08-14 14:05:27,616 [EventQueue-DeleteBlockStatusForDeletedBlockLogImpl] DEBUG block.DeletedBlockLogImpl (DeletedBlockLogImpl.java:isTransactionFailed(278)) - Got block deletion ACK from datanode, TXIDs=15, success=true
2021-08-14 14:05:27,616 [EventQueue-DeleteBlockStatusForDeletedBlockLogImpl] DEBUG block.DeletedBlockLogImpl (DeletedBlockLogImpl.java:commitTransactions(224)) - Transaction txId=15 commit by dnId=41bdc6fc-f730-460f-b2d8-92157d986a72 for containerID=#15 failed. Corresponding entry not found.
2021-08-14 14:05:27,616 [EventQueue-DeleteBlockStatusForDeletedBlockLogImpl] DEBUG block.DeletedBlockLogImpl (DeletedBlockLogImpl.java:isTransactionFailed(278)) - Got block deletion ACK from datanode, TXIDs=16, success=true
2021-08-14 14:05:27,616 [EventQueue-DeleteBlockStatusForDeletedBlockLogImpl] DEBUG block.DeletedBlockLogImpl (DeletedBlockLogImpl.java:commitTransactions(224)) - Transaction txId=16 commit by dnId=41bdc6fc-f730-460f-b2d8-92157d986a72 for containerID=#16 failed. Corresponding entry not found.
2021-08-14 14:05:27,616 [EventQueue-DeleteBlockStatusForDeletedBlockLogImpl] DEBUG block.DeletedBlockLogImpl (DeletedBlockLogImpl.java:isTransactionFailed(278)) - Got block deletion ACK from datanode, TXIDs=17, success=true
2021-08-14 14:05:27,616 [EventQueue-DeleteBlockStatusForDeletedBlockLogImpl] DEBUG block.DeletedBlockLogImpl (DeletedBlockLogImpl.java:commitTransactions(224)) - Transaction txId=17 commit by dnId=41bdc6fc-f730-460f-b2d8-92157d986a72 for containerID=#17 failed. Corresponding entry not found.
2021-08-14 14:05:27,616 [EventQueue-DeleteBlockStatusForDeletedBlockLogImpl] DEBUG block.DeletedBlockLogImpl (DeletedBlockLogImpl.java:isTransactionFailed(278)) - Got block deletion ACK from datanode, TXIDs=18, success=true
2021-08-14 14:05:27,616 [EventQueue-DeleteBlockStatusForDeletedBlockLogImpl] DEBUG block.DeletedBlockLogImpl (DeletedBlockLogImpl.java:commitTransactions(224)) - Transaction txId=18 commit by dnId=41bdc6fc-f730-460f-b2d8-92157d986a72 for containerID=#18 failed. Corresponding entry not found.
2021-08-14 14:05:27,616 [EventQueue-DeleteBlockStatusForDeletedBlockLogImpl] DEBUG block.DeletedBlockLogImpl (DeletedBlockLogImpl.java:isTransactionFailed(278)) - Got block deletion ACK from datanode, TXIDs=19, success=true
2021-08-14 14:05:27,616 [EventQueue-DeleteBlockStatusForDeletedBlockLogImpl] DEBUG block.DeletedBlockLogImpl (DeletedBlockLogImpl.java:commitTransactions(256)) - Datanode txId=19 containerId=#19 committed by dnId=41bdc6fc-f730-460f-b2d8-92157d986a72
2021-08-14 14:05:27,616 [EventQueue-DeleteBlockStatusForDeletedBlockLogImpl] DEBUG block.DeletedBlockLogImpl (DeletedBlockLogImpl.java:isTransactionFailed(278)) - Got block deletion ACK from datanode, TXIDs=1, success=true
2021-08-14 14:05:27,616 [EventQueue-DeleteBlockStatusForDeletedBlockLogImpl] DEBUG block.DeletedBlockLogImpl (DeletedBlockLogImpl.java:commitTransactions(224)) - Transaction txId=1 commit by dnId=41bdc6fc-f730-460f-b2d8-92157d986a72 for containerID=#1 failed. Corresponding entry not found.
2021-08-14 14:05:27,616 [EventQueue-DeleteBlockStatusForDeletedBlockLogImpl] DEBUG block.DeletedBlockLogImpl (DeletedBlockLogImpl.java:isTransactionFailed(278)) - Got block deletion ACK from datanode, TXIDs=2, success=true
2021-08-14 14:05:27,616 [EventQueue-DeleteBlockStatusForDeletedBlockLogImpl] DEBUG block.DeletedBlockLogImpl (DeletedBlockLogImpl.java:commitTransactions(224)) - Transaction txId=2 commit by dnId=41bdc6fc-f730-460f-b2d8-92157d986a72 for containerID=#2 failed. Corresponding entry not found.
2021-08-14 14:05:27,616 [EventQueue-DeleteBlockStatusForDeletedBlockLogImpl] DEBUG block.DeletedBlockLogImpl (DeletedBlockLogImpl.java:isTransactionFailed(278)) - Got block deletion ACK from datanode, TXIDs=3, success=true
2021-08-14 14:05:27,616 [EventQueue-DeleteBlockStatusForDeletedBlockLogImpl] DEBUG block.DeletedBlockLogImpl (DeletedBlockLogImpl.java:commitTransactions(224)) - Transaction txId=3 commit by dnId=41bdc6fc-f730-460f-b2d8-92157d986a72 for containerID=#3 failed. Corresponding entry not found.
2021-08-14 14:05:27,616 [EventQueue-DeleteBlockStatusForDeletedBlockLogImpl] DEBUG block.DeletedBlockLogImpl (DeletedBlockLogImpl.java:isTransactionFailed(278)) - Got block deletion ACK from datanode, TXIDs=4, success=true
2021-08-14 14:05:27,616 [EventQueue-DeleteBlockStatusForDeletedBlockLogImpl] DEBUG block.DeletedBlockLogImpl (DeletedBlockLogImpl.java:commitTransactions(224)) - Transaction txId=4 commit by dnId=41bdc6fc-f730-460f-b2d8-92157d986a72 for containerID=#4 failed. Corresponding entry not found.
2021-08-14 14:05:27,616 [EventQueue-DeleteBlockStatusForDeletedBlockLogImpl] DEBUG block.DeletedBlockLogImpl (DeletedBlockLogImpl.java:isTransactionFailed(278)) - Got block deletion ACK from datanode, TXIDs=5, success=true
2021-08-14 14:05:27,616 [EventQueue-DeleteBlockStatusForDeletedBlockLogImpl] DEBUG block.DeletedBlockLogImpl (DeletedBlockLogImpl.java:commitTransactions(224)) - Transaction txId=5 commit by dnId=41bdc6fc-f730-460f-b2d8-92157d986a72 for containerID=#5 failed. Corresponding entry not found.
2021-08-14 14:05:27,616 [EventQueue-DeleteBlockStatusForDeletedBlockLogImpl] DEBUG block.DeletedBlockLogImpl (DeletedBlockLogImpl.java:isTransactionFailed(278)) - Got block deletion ACK from datanode, TXIDs=6, success=true
2021-08-14 14:05:27,616 [EventQueue-DeleteBlockStatusForDeletedBlockLogImpl] DEBUG block.DeletedBlockLogImpl (DeletedBlockLogImpl.java:commitTransactions(224)) - Transaction txId=6 commit by dnId=41bdc6fc-f730-460f-b2d8-92157d986a72 for containerID=#6 failed. Corresponding entry not found.
2021-08-14 14:05:27,616 [EventQueue-DeleteBlockStatusForDeletedBlockLogImpl] DEBUG block.DeletedBlockLogImpl (DeletedBlockLogImpl.java:isTransactionFailed(278)) - Got block deletion ACK from datanode, TXIDs=7, success=true
2021-08-14 14:05:27,616 [EventQueue-DeleteBlockStatusForDeletedBlockLogImpl] DEBUG block.DeletedBlockLogImpl (DeletedBlockLogImpl.java:commitTransactions(224)) - Transaction txId=7 commit by dnId=41bdc6fc-f730-460f-b2d8-92157d986a72 for containerID=#7 failed. Corresponding entry not found.
2021-08-14 14:05:27,616 [EventQueue-DeleteBlockStatusForDeletedBlockLogImpl] DEBUG block.DeletedBlockLogImpl (DeletedBlockLogImpl.java:isTransactionFailed(278)) - Got block deletion ACK from datanode, TXIDs=8, success=true
2021-08-14 14:05:27,616 [EventQueue-DeleteBlockStatusForDeletedBlockLogImpl] DEBUG block.DeletedBlockLogImpl (DeletedBlockLogImpl.java:commitTransactions(224)) - Transaction txId=8 commit by dnId=41bdc6fc-f730-460f-b2d8-92157d986a72 for containerID=#8 failed. Corresponding entry not found.
2021-08-14 14:05:27,616 [EventQueue-DeleteBlockStatusForDeletedBlockLogImpl] DEBUG block.DeletedBlockLogImpl (DeletedBlockLogImpl.java:isTransactionFailed(278)) - Got block deletion ACK from datanode, TXIDs=9, success=true
2021-08-14 14:05:27,616 [EventQueue-DeleteBlockStatusForDeletedBlockLogImpl] DEBUG block.DeletedBlockLogImpl (DeletedBlockLogImpl.java:commitTransactions(224)) - Transaction txId=9 commit by dnId=41bdc6fc-f730-460f-b2d8-92157d986a72 for containerID=#9 failed. Corresponding entry not found.
2021-08-14 14:05:27,616 [EventQueue-DeleteBlockStatusForDeletedBlockLogImpl] DEBUG block.DeletedBlockLogImpl (DeletedBlockLogImpl.java:isTransactionFailed(278)) - Got block deletion ACK from datanode, TXIDs=10, success=true
2021-08-14 14:05:27,616 [EventQueue-DeleteBlockStatusForDeletedBlockLogImpl] DEBUG block.DeletedBlockLogImpl (DeletedBlockLogImpl.java:commitTransactions(224)) - Transaction txId=10 commit by dnId=41bdc6fc-f730-460f-b2d8-92157d986a72 for containerID=#10 failed. Corresponding entry not found.
2021-08-14 14:05:27,616 [EventQueue-DeleteBlockStatusForDeletedBlockLogImpl] DEBUG block.DeletedBlockLogImpl (DeletedBlockLogImpl.java:isTransactionFailed(278)) - Got block deletion ACK from datanode, TXIDs=11, success=true
2021-08-14 14:05:27,617 [EventQueue-DeleteBlockStatusForDeletedBlockLogImpl] DEBUG block.DeletedBlockLogImpl (DeletedBlockLogImpl.java:commitTransactions(224)) - Transaction txId=11 commit by dnId=41bdc6fc-f730-460f-b2d8-92157d986a72 for containerID=#11 failed. Corresponding entry not found.
2021-08-14 14:05:27,617 [EventQueue-DeleteBlockStatusForDeletedBlockLogImpl] DEBUG block.DeletedBlockLogImpl (DeletedBlockLogImpl.java:isTransactionFailed(278)) - Got block deletion ACK from datanode, TXIDs=12, success=true
2021-08-14 14:05:27,617 [EventQueue-DeleteBlockStatusForDeletedBlockLogImpl] DEBUG block.DeletedBlockLogImpl (DeletedBlockLogImpl.java:commitTransactions(224)) - Transaction txId=12 commit by dnId=41bdc6fc-f730-460f-b2d8-92157d986a72 for containerID=#12 failed. Corresponding entry not found.
2021-08-14 14:05:27,617 [EventQueue-DeleteBlockStatusForDeletedBlockLogImpl] DEBUG block.DeletedBlockLogImpl (DeletedBlockLogImpl.java:isTransactionFailed(278)) - Got block deletion ACK from datanode, TXIDs=13, success=true
2021-08-14 14:05:27,617 [EventQueue-DeleteBlockStatusForDeletedBlockLogImpl] DEBUG block.DeletedBlockLogImpl (DeletedBlockLogImpl.java:commitTransactions(224)) - Transaction txId=13 commit by dnId=41bdc6fc-f730-460f-b2d8-92157d986a72 for containerID=#13 failed. Corresponding entry not found.
2021-08-14 14:05:27,617 [EventQueue-DeleteBlockStatusForDeletedBlockLogImpl] DEBUG block.DeletedBlockLogImpl (DeletedBlockLogImpl.java:isTransactionFailed(278)) - Got block deletion ACK from datanode, TXIDs=14, success=true
2021-08-14 14:05:27,617 [EventQueue-DeleteBlockStatusForDeletedBlockLogImpl] DEBUG block.DeletedBlockLogImpl (DeletedBlockLogImpl.java:commitTransactions(224)) - Transaction txId=14 commit by dnId=41bdc6fc-f730-460f-b2d8-92157d986a72 for containerID=#14 failed. Corresponding entry not found.
2021-08-14 14:05:27,617 [EventQueue-DeleteBlockStatusForDeletedBlockLogImpl] DEBUG block.DeletedBlockLogImpl (DeletedBlockLogImpl.java:isTransactionFailed(278)) - Got block deletion ACK from datanode, TXIDs=15, success=true
2021-08-14 14:05:27,617 [EventQueue-DeleteBlockStatusForDeletedBlockLogImpl] DEBUG block.DeletedBlockLogImpl (DeletedBlockLogImpl.java:commitTransactions(224)) - Transaction txId=15 commit by dnId=41bdc6fc-f730-460f-b2d8-92157d986a72 for containerID=#15 failed. Corresponding entry not found.
2021-08-14 14:05:27,617 [EventQueue-DeleteBlockStatusForDeletedBlockLogImpl] DEBUG block.DeletedBlockLogImpl (DeletedBlockLogImpl.java:isTransactionFailed(278)) - Got block deletion ACK from datanode, TXIDs=16, success=true
2021-08-14 14:05:27,617 [EventQueue-DeleteBlockStatusForDeletedBlockLogImpl] DEBUG block.DeletedBlockLogImpl (DeletedBlockLogImpl.java:commitTransactions(224)) - Transaction txId=16 commit by dnId=41bdc6fc-f730-460f-b2d8-92157d986a72 for containerID=#16 failed. Corresponding entry not found.
2021-08-14 14:05:27,617 [EventQueue-DeleteBlockStatusForDeletedBlockLogImpl] DEBUG block.DeletedBlockLogImpl (DeletedBlockLogImpl.java:isTransactionFailed(278)) - Got block deletion ACK from datanode, TXIDs=17, success=true
2021-08-14 14:05:27,617 [EventQueue-DeleteBlockStatusForDeletedBlockLogImpl] DEBUG block.DeletedBlockLogImpl (DeletedBlockLogImpl.java:commitTransactions(224)) - Transaction txId=17 commit by dnId=41bdc6fc-f730-460f-b2d8-92157d986a72 for containerID=#17 failed. Corresponding entry not found.
2021-08-14 14:05:27,617 [EventQueue-DeleteBlockStatusForDeletedBlockLogImpl] DEBUG block.DeletedBlockLogImpl (DeletedBlockLogImpl.java:isTransactionFailed(278)) - Got block deletion ACK from datanode, TXIDs=18, success=true
2021-08-14 14:05:27,617 [EventQueue-DeleteBlockStatusForDeletedBlockLogImpl] DEBUG block.DeletedBlockLogImpl (DeletedBlockLogImpl.java:commitTransactions(224)) - Transaction txId=18 commit by dnId=41bdc6fc-f730-460f-b2d8-92157d986a72 for containerID=#18 failed. Corresponding entry not found.
2021-08-14 14:05:27,617 [EventQueue-DeleteBlockStatusForDeletedBlockLogImpl] DEBUG block.DeletedBlockLogImpl (DeletedBlockLogImpl.java:isTransactionFailed(278)) - Got block deletion ACK from datanode, TXIDs=19, success=true
2021-08-14 14:05:27,617 [EventQueue-DeleteBlockStatusForDeletedBlockLogImpl] DEBUG block.DeletedBlockLogImpl (DeletedBlockLogImpl.java:commitTransactions(256)) - Datanode txId=19 containerId=#19 committed by dnId=41bdc6fc-f730-460f-b2d8-92157d986a72
2021-08-14 14:05:27,617 [EventQueue-DeleteBlockStatusForDeletedBlockLogImpl] DEBUG block.DeletedBlockLogImpl (DeletedBlockLogImpl.java:isTransactionFailed(278)) - Got block deletion ACK from datanode, TXIDs=20, success=true
2021-08-14 14:05:27,617 [EventQueue-DeleteBlockStatusForDeletedBlockLogImpl] DEBUG block.DeletedBlockLogImpl (DeletedBlockLogImpl.java:commitTransactions(256)) - Datanode txId=20 containerId=#20 committed by dnId=41bdc6fc-f730-460f-b2d8-92157d986a72
2021-08-14 14:05:27,617 [EventQueue-DeleteBlockStatusForDeletedBlockLogImpl] DEBUG block.DeletedBlockLogImpl (DeletedBlockLogImpl.java:isTransactionFailed(278)) - Got block deletion ACK from datanode, TXIDs=21, success=true
2021-08-14 14:05:27,617 [EventQueue-DeleteBlockStatusForDeletedBlockLogImpl] DEBUG block.DeletedBlockLogImpl (DeletedBlockLogImpl.java:commitTransactions(256)) - Datanode txId=21 containerId=#21 committed by dnId=41bdc6fc-f730-460f-b2d8-92157d986a72
2021-08-14 14:05:27,617 [EventQueue-DeleteBlockStatusForDeletedBlockLogImpl] DEBUG block.DeletedBlockLogImpl (DeletedBlockLogImpl.java:isTransactionFailed(278)) - Got block deletion ACK from datanode, TXIDs=22, success=true
2021-08-14 14:05:27,617 [EventQueue-DeleteBlockStatusForDeletedBlockLogImpl] DEBUG block.DeletedBlockLogImpl (DeletedBlockLogImpl.java:commitTransactions(256)) - Datanode txId=22 containerId=#22 committed by dnId=41bdc6fc-f730-460f-b2d8-92157d986a72
2021-08-14 14:05:27,617 [EventQueue-DeleteBlockStatusForDeletedBlockLogImpl] DEBUG block.DeletedBlockLogImpl (DeletedBlockLogImpl.java:isTransactionFailed(278)) - Got block deletion ACK from datanode, TXIDs=23, success=true
2021-08-14 14:05:27,617 [EventQueue-DeleteBlockStatusForDeletedBlockLogImpl] DEBUG block.DeletedBlockLogImpl (DeletedBlockLogImpl.java:commitTransactions(256)) - Datanode txId=23 containerId=#23 committed by dnId=41bdc6fc-f730-460f-b2d8-92157d986a72
2021-08-14 14:05:27,637 [EventQueue-DeleteBlockStatusForDeletedBlockLogImpl] DEBUG block.DeletedBlockLogImpl (DeletedBlockLogImpl.java:isTransactionFailed(278)) - Got block deletion ACK from datanode, TXIDs=24, success=true
2021-08-14 14:05:27,637 [EventQueue-DeleteBlockStatusForDeletedBlockLogImpl] DEBUG block.DeletedBlockLogImpl (DeletedBlockLogImpl.java:commitTransactions(256)) - Datanode txId=24 containerId=#24 committed by dnId=41bdc6fc-f730-460f-b2d8-92157d986a72
2021-08-14 14:05:27,637 [EventQueue-DeleteBlockStatusForDeletedBlockLogImpl] DEBUG block.DeletedBlockLogImpl (DeletedBlockLogImpl.java:isTransactionFailed(278)) - Got block deletion ACK from datanode, TXIDs=25, success=true
2021-08-14 14:05:27,637 [EventQueue-DeleteBlockStatusForDeletedBlockLogImpl] DEBUG block.DeletedBlockLogImpl (DeletedBlockLogImpl.java:commitTransactions(256)) - Datanode txId=25 containerId=#25 committed by dnId=41bdc6fc-f730-460f-b2d8-92157d986a72
2021-08-14 14:05:27,637 [EventQueue-DeleteBlockStatusForDeletedBlockLogImpl] DEBUG block.DeletedBlockLogImpl (DeletedBlockLogImpl.java:isTransactionFailed(278)) - Got block deletion ACK from datanode, TXIDs=26, success=true
2021-08-14 14:05:27,637 [EventQueue-DeleteBlockStatusForDeletedBlockLogImpl] DEBUG block.DeletedBlockLogImpl (DeletedBlockLogImpl.java:commitTransactions(256)) - Datanode txId=26 containerId=#26 committed by dnId=41bdc6fc-f730-460f-b2d8-92157d986a72
2021-08-14 14:05:27,637 [EventQueue-DeleteBlockStatusForDeletedBlockLogImpl] DEBUG block.DeletedBlockLogImpl (DeletedBlockLogImpl.java:isTransactionFailed(278)) - Got block deletion ACK from datanode, TXIDs=27, success=true
2021-08-14 14:05:27,637 [EventQueue-DeleteBlockStatusForDeletedBlockLogImpl] DEBUG block.DeletedBlockLogImpl (DeletedBlockLogImpl.java:commitTransactions(256)) - Datanode txId=27 containerId=#27 committed by dnId=41bdc6fc-f730-460f-b2d8-92157d986a72
2021-08-14 14:05:27,637 [EventQueue-DeleteBlockStatusForDeletedBlockLogImpl] DEBUG block.DeletedBlockLogImpl (DeletedBlockLogImpl.java:isTransactionFailed(278)) - Got block deletion ACK from datanode, TXIDs=28, success=true
2021-08-14 14:05:27,638 [EventQueue-DeleteBlockStatusForDeletedBlockLogImpl] DEBUG block.DeletedBlockLogImpl (DeletedBlockLogImpl.java:commitTransactions(256)) - Datanode txId=28 containerId=#28 committed by dnId=41bdc6fc-f730-460f-b2d8-92157d986a72
2021-08-14 14:05:27,638 [EventQueue-DeleteBlockStatusForDeletedBlockLogImpl] DEBUG block.DeletedBlockLogImpl (DeletedBlockLogImpl.java:isTransactionFailed(278)) - Got block deletion ACK from datanode, TXIDs=29, success=true
2021-08-14 14:05:27,638 [EventQueue-DeleteBlockStatusForDeletedBlockLogImpl] DEBUG block.DeletedBlockLogImpl (DeletedBlockLogImpl.java:commitTransactions(256)) - Datanode txId=29 containerId=#29 committed by dnId=41bdc6fc-f730-460f-b2d8-92157d986a72
2021-08-14 14:05:27,638 [EventQueue-DeleteBlockStatusForDeletedBlockLogImpl] DEBUG block.DeletedBlockLogImpl (DeletedBlockLogImpl.java:isTransactionFailed(278)) - Got block deletion ACK from datanode, TXIDs=30, success=true
2021-08-14 14:05:27,638 [EventQueue-DeleteBlockStatusForDeletedBlockLogImpl] DEBUG block.DeletedBlockLogImpl (DeletedBlockLogImpl.java:commitTransactions(256)) - Datanode txId=30 containerId=#30 committed by dnId=41bdc6fc-f730-460f-b2d8-92157d986a72
2021-08-14 14:05:27,638 [EventQueue-DeleteBlockStatusForDeletedBlockLogImpl] DEBUG block.DeletedBlockLogImpl (DeletedBlockLogImpl.java:isTransactionFailed(278)) - Got block deletion ACK from datanode, TXIDs=31, success=true
2021-08-14 14:05:27,638 [EventQueue-DeleteBlockStatusForDeletedBlockLogImpl] DEBUG block.DeletedBlockLogImpl (DeletedBlockLogImpl.java:commitTransactions(256)) - Datanode txId=31 containerId=#31 committed by dnId=41bdc6fc-f730-460f-b2d8-92157d986a72
2021-08-14 14:05:27,638 [EventQueue-DeleteBlockStatusForDeletedBlockLogImpl] DEBUG block.DeletedBlockLogImpl (DeletedBlockLogImpl.java:isTransactionFailed(278)) - Got block deletion ACK from datanode, TXIDs=32, success=true
2021-08-14 14:05:27,638 [EventQueue-DeleteBlockStatusForDeletedBlockLogImpl] DEBUG block.DeletedBlockLogImpl (DeletedBlockLogImpl.java:commitTransactions(256)) - Datanode txId=32 containerId=#32 committed by dnId=41bdc6fc-f730-460f-b2d8-92157d986a72
2021-08-14 14:05:27,638 [EventQueue-DeleteBlockStatusForDeletedBlockLogImpl] DEBUG block.DeletedBlockLogImpl (DeletedBlockLogImpl.java:isTransactionFailed(278)) - Got block deletion ACK from datanode, TXIDs=33, success=true
2021-08-14 14:05:27,638 [EventQueue-DeleteBlockStatusForDeletedBlockLogImpl] DEBUG block.DeletedBlockLogImpl (DeletedBlockLogImpl.java:commitTransactions(256)) - Datanode txId=33 containerId=#33 committed by dnId=41bdc6fc-f730-460f-b2d8-92157d986a72
2021-08-14 14:05:27,638 [EventQueue-DeleteBlockStatusForDeletedBlockLogImpl] DEBUG block.DeletedBlockLogImpl (DeletedBlockLogImpl.java:isTransactionFailed(278)) - Got block deletion ACK from datanode, TXIDs=34, success=true
2021-08-14 14:05:27,638 [EventQueue-DeleteBlockStatusForDeletedBlockLogImpl] DEBUG block.DeletedBlockLogImpl (DeletedBlockLogImpl.java:commitTransactions(256)) - Datanode txId=34 containerId=#34 committed by dnId=41bdc6fc-f730-460f-b2d8-92157d986a72
2021-08-14 14:05:27,638 [EventQueue-DeleteBlockStatusForDeletedBlockLogImpl] DEBUG block.DeletedBlockLogImpl (DeletedBlockLogImpl.java:isTransactionFailed(278)) - Got block deletion ACK from datanode, TXIDs=35, success=true
2021-08-14 14:05:27,638 [EventQueue-DeleteBlockStatusForDeletedBlockLogImpl] DEBUG block.DeletedBlockLogImpl (DeletedBlockLogImpl.java:commitTransactions(256)) - Datanode txId=35 containerId=#35 committed by dnId=41bdc6fc-f730-460f-b2d8-92157d986a72
2021-08-14 14:05:27,638 [EventQueue-DeleteBlockStatusForDeletedBlockLogImpl] DEBUG block.DeletedBlockLogImpl (DeletedBlockLogImpl.java:isTransactionFailed(278)) - Got block deletion ACK from datanode, TXIDs=36, success=true
2021-08-14 14:05:27,638 [EventQueue-DeleteBlockStatusForDeletedBlockLogImpl] DEBUG block.DeletedBlockLogImpl (DeletedBlockLogImpl.java:commitTransactions(256)) - Datanode txId=36 containerId=#36 committed by dnId=41bdc6fc-f730-460f-b2d8-92157d986a72
2021-08-14 14:05:27,638 [EventQueue-DeleteBlockStatusForDeletedBlockLogImpl] DEBUG block.DeletedBlockLogImpl (DeletedBlockLogImpl.java:isTransactionFailed(278)) - Got block deletion ACK from datanode, TXIDs=37, success=true
2021-08-14 14:05:27,638 [EventQueue-DeleteBlockStatusForDeletedBlockLogImpl] DEBUG block.DeletedBlockLogImpl (DeletedBlockLogImpl.java:commitTransactions(256)) - Datanode txId=37 containerId=#37 committed by dnId=41bdc6fc-f730-460f-b2d8-92157d986a72
2021-08-14 14:05:27,638 [EventQueue-DeleteBlockStatusForDeletedBlockLogImpl] DEBUG block.DeletedBlockLogImpl (DeletedBlockLogImpl.java:isTransactionFailed(278)) - Got block deletion ACK from datanode, TXIDs=38, success=true
2021-08-14 14:05:27,638 [EventQueue-DeleteBlockStatusForDeletedBlockLogImpl] DEBUG block.DeletedBlockLogImpl (DeletedBlockLogImpl.java:commitTransactions(256)) - Datanode txId=38 containerId=#38 committed by dnId=41bdc6fc-f730-460f-b2d8-92157d986a72
2021-08-14 14:05:27,638 [EventQueue-DeleteBlockStatusForDeletedBlockLogImpl] DEBUG block.DeletedBlockLogImpl (DeletedBlockLogImpl.java:isTransactionFailed(278)) - Got block deletion ACK from datanode, TXIDs=39, success=true
2021-08-14 14:05:27,638 [EventQueue-DeleteBlockStatusForDeletedBlockLogImpl] DEBUG block.DeletedBlockLogImpl (DeletedBlockLogImpl.java:commitTransactions(256)) - Datanode txId=39 containerId=#39 committed by dnId=41bdc6fc-f730-460f-b2d8-92157d986a72
2021-08-14 14:05:27,638 [EventQueue-DeleteBlockStatusForDeletedBlockLogImpl] DEBUG block.DeletedBlockLogImpl (DeletedBlockLogImpl.java:isTransactionFailed(278)) - Got block deletion ACK from datanode, TXIDs=40, success=true
2021-08-14 14:05:27,638 [EventQueue-DeleteBlockStatusForDeletedBlockLogImpl] DEBUG block.DeletedBlockLogImpl (DeletedBlockLogImpl.java:commitTransactions(256)) - Datanode txId=40 containerId=#40 committed by dnId=41bdc6fc-f730-460f-b2d8-92157d986a72
2021-08-14 14:05:27,638 [EventQueue-DeleteBlockStatusForDeletedBlockLogImpl] DEBUG block.DeletedBlockLogImpl (DeletedBlockLogImpl.java:isTransactionFailed(278)) - Got block deletion ACK from datanode, TXIDs=41, success=true
2021-08-14 14:05:27,638 [EventQueue-DeleteBlockStatusForDeletedBlockLogImpl] DEBUG block.DeletedBlockLogImpl (DeletedBlockLogImpl.java:commitTransactions(256)) - Datanode txId=41 containerId=#41 committed by dnId=41bdc6fc-f730-460f-b2d8-92157d986a72
2021-08-14 14:05:27,638 [EventQueue-DeleteBlockStatusForDeletedBlockLogImpl] DEBUG block.DeletedBlockLogImpl (DeletedBlockLogImpl.java:isTransactionFailed(278)) - Got block deletion ACK from datanode, TXIDs=42, success=true
2021-08-14 14:05:27,639 [EventQueue-DeleteBlockStatusForDeletedBlockLogImpl] DEBUG block.DeletedBlockLogImpl (DeletedBlockLogImpl.java:commitTransactions(256)) - Datanode txId=42 containerId=#42 committed by dnId=41bdc6fc-f730-460f-b2d8-92157d986a72
2021-08-14 14:05:27,639 [EventQueue-DeleteBlockStatusForDeletedBlockLogImpl] DEBUG block.DeletedBlockLogImpl (DeletedBlockLogImpl.java:isTransactionFailed(278)) - Got block deletion ACK from datanode, TXIDs=43, success=true
2021-08-14 14:05:27,639 [EventQueue-DeleteBlockStatusForDeletedBlockLogImpl] DEBUG block.DeletedBlockLogImpl (DeletedBlockLogImpl.java:commitTransactions(256)) - Datanode txId=43 containerId=#43 committed by dnId=41bdc6fc-f730-460f-b2d8-92157d986a72
2021-08-14 14:05:27,639 [EventQueue-DeleteBlockStatusForDeletedBlockLogImpl] DEBUG block.DeletedBlockLogImpl (DeletedBlockLogImpl.java:isTransactionFailed(278)) - Got block deletion ACK from datanode, TXIDs=44, success=true
2021-08-14 14:05:27,639 [EventQueue-DeleteBlockStatusForDeletedBlockLogImpl] DEBUG block.DeletedBlockLogImpl (DeletedBlockLogImpl.java:commitTransactions(256)) - Datanode txId=44 containerId=#44 committed by dnId=41bdc6fc-f730-460f-b2d8-92157d986a72
2021-08-14 14:05:27,639 [EventQueue-DeleteBlockStatusForDeletedBlockLogImpl] DEBUG block.DeletedBlockLogImpl (DeletedBlockLogImpl.java:isTransactionFailed(278)) - Got block deletion ACK from datanode, TXIDs=45, success=true
2021-08-14 14:05:27,639 [EventQueue-DeleteBlockStatusForDeletedBlockLogImpl] DEBUG block.DeletedBlockLogImpl (DeletedBlockLogImpl.java:commitTransactions(256)) - Datanode txId=45 containerId=#45 committed by dnId=41bdc6fc-f730-460f-b2d8-92157d986a72
2021-08-14 14:05:27,639 [EventQueue-DeleteBlockStatusForDeletedBlockLogImpl] DEBUG block.DeletedBlockLogImpl (DeletedBlockLogImpl.java:isTransactionFailed(278)) - Got block deletion ACK from datanode, TXIDs=46, success=true
2021-08-14 14:05:27,639 [EventQueue-DeleteBlockStatusForDeletedBlockLogImpl] DEBUG block.DeletedBlockLogImpl (DeletedBlockLogImpl.java:commitTransactions(256)) - Datanode txId=46 containerId=#46 committed by dnId=41bdc6fc-f730-460f-b2d8-92157d986a72
2021-08-14 14:05:27,639 [EventQueue-DeleteBlockStatusForDeletedBlockLogImpl] DEBUG block.DeletedBlockLogImpl (DeletedBlockLogImpl.java:isTransactionFailed(278)) - Got block deletion ACK from datanode, TXIDs=47, success=true
2021-08-14 14:05:27,639 [EventQueue-DeleteBlockStatusForDeletedBlockLogImpl] DEBUG block.DeletedBlockLogImpl (DeletedBlockLogImpl.java:commitTransactions(256)) - Datanode txId=47 containerId=#47 committed by dnId=41bdc6fc-f730-460f-b2d8-92157d986a72
2021-08-14 14:05:27,639 [EventQueue-DeleteBlockStatusForDeletedBlockLogImpl] DEBUG block.DeletedBlockLogImpl (DeletedBlockLogImpl.java:isTransactionFailed(278)) - Got block deletion ACK from datanode, TXIDs=48, success=true
2021-08-14 14:05:27,639 [EventQueue-DeleteBlockStatusForDeletedBlockLogImpl] DEBUG block.DeletedBlockLogImpl (DeletedBlockLogImpl.java:commitTransactions(256)) - Datanode txId=48 containerId=#48 committed by dnId=41bdc6fc-f730-460f-b2d8-92157d986a72
2021-08-14 14:05:27,639 [EventQueue-DeleteBlockStatusForDeletedBlockLogImpl] DEBUG block.DeletedBlockLogImpl (DeletedBlockLogImpl.java:isTransactionFailed(278)) - Got block deletion ACK from datanode, TXIDs=49, success=true
2021-08-14 14:05:27,639 [EventQueue-DeleteBlockStatusForDeletedBlockLogImpl] DEBUG block.DeletedBlockLogImpl (DeletedBlockLogImpl.java:commitTransactions(256)) - Datanode txId=49 containerId=#49 committed by dnId=41bdc6fc-f730-460f-b2d8-92157d986a72
2021-08-14 14:05:27,639 [EventQueue-DeleteBlockStatusForDeletedBlockLogImpl] DEBUG block.DeletedBlockLogImpl (DeletedBlockLogImpl.java:isTransactionFailed(278)) - Got block deletion ACK from datanode, TXIDs=50, success=true
2021-08-14 14:05:27,639 [EventQueue-DeleteBlockStatusForDeletedBlockLogImpl] DEBUG block.DeletedBlockLogImpl (DeletedBlockLogImpl.java:commitTransactions(256)) - Datanode txId=50 containerId=#50 committed by dnId=41bdc6fc-f730-460f-b2d8-92157d986a72
2021-08-14 14:05:27,639 [EventQueue-DeleteBlockStatusForDeletedBlockLogImpl] DEBUG block.DeletedBlockLogImpl (DeletedBlockLogImpl.java:isTransactionFailed(278)) - Got block deletion ACK from datanode, TXIDs=51, success=true
2021-08-14 14:05:27,639 [EventQueue-DeleteBlockStatusForDeletedBlockLogImpl] DEBUG block.DeletedBlockLogImpl (DeletedBlockLogImpl.java:commitTransactions(256)) - Datanode txId=51 containerId=#51 committed by dnId=41bdc6fc-f730-460f-b2d8-92157d986a72
2021-08-14 14:05:27,639 [EventQueue-DeleteBlockStatusForDeletedBlockLogImpl] DEBUG block.DeletedBlockLogImpl (DeletedBlockLogImpl.java:isTransactionFailed(278)) - Got block deletion ACK from datanode, TXIDs=52, success=true
2021-08-14 14:05:27,639 [EventQueue-DeleteBlockStatusForDeletedBlockLogImpl] DEBUG block.DeletedBlockLogImpl (DeletedBlockLogImpl.java:commitTransactions(256)) - Datanode txId=52 containerId=#52 committed by dnId=41bdc6fc-f730-460f-b2d8-92157d986a72
2021-08-14 14:05:27,639 [EventQueue-DeleteBlockStatusForDeletedBlockLogImpl] DEBUG block.DeletedBlockLogImpl (DeletedBlockLogImpl.java:isTransactionFailed(278)) - Got block deletion ACK from datanode, TXIDs=53, success=true
2021-08-14 14:05:27,639 [EventQueue-DeleteBlockStatusForDeletedBlockLogImpl] DEBUG block.DeletedBlockLogImpl (DeletedBlockLogImpl.java:commitTransactions(256)) - Datanode txId=53 containerId=#53 committed by dnId=41bdc6fc-f730-460f-b2d8-92157d986a72
2021-08-14 14:05:27,639 [EventQueue-DeleteBlockStatusForDeletedBlockLogImpl] DEBUG block.DeletedBlockLogImpl (DeletedBlockLogImpl.java:isTransactionFailed(278)) - Got block deletion ACK from datanode, TXIDs=54, success=true
2021-08-14 14:05:27,639 [EventQueue-DeleteBlockStatusForDeletedBlockLogImpl] DEBUG block.DeletedBlockLogImpl (DeletedBlockLogImpl.java:commitTransactions(256)) - Datanode txId=54 containerId=#54 committed by dnId=41bdc6fc-f730-460f-b2d8-92157d986a72
2021-08-14 14:05:27,639 [EventQueue-DeleteBlockStatusForDeletedBlockLogImpl] DEBUG block.DeletedBlockLogImpl (DeletedBlockLogImpl.java:isTransactionFailed(278)) - Got block deletion ACK from datanode, TXIDs=55, success=true
2021-08-14 14:05:27,639 [EventQueue-DeleteBlockStatusForDeletedBlockLogImpl] DEBUG block.DeletedBlockLogImpl (DeletedBlockLogImpl.java:commitTransactions(256)) - Datanode txId=55 containerId=#55 committed by dnId=41bdc6fc-f730-460f-b2d8-92157d986a72
2021-08-14 14:05:27,639 [EventQueue-DeleteBlockStatusForDeletedBlockLogImpl] DEBUG block.DeletedBlockLogImpl (DeletedBlockLogImpl.java:isTransactionFailed(278)) - Got block deletion ACK from datanode, TXIDs=56, success=true
2021-08-14 14:05:27,639 [EventQueue-DeleteBlockStatusForDeletedBlockLogImpl] DEBUG block.DeletedBlockLogImpl (DeletedBlockLogImpl.java:commitTransactions(256)) - Datanode txId=56 containerId=#56 committed by dnId=41bdc6fc-f730-460f-b2d8-92157d986a72
2021-08-14 14:05:27,642 [EventQueue-DeleteBlockStatusForDeletedBlockLogImpl] DEBUG block.DeletedBlockLogImpl (DeletedBlockLogImpl.java:isTransactionFailed(278)) - Got block deletion ACK from datanode, TXIDs=1, success=true
2021-08-14 14:05:27,645 [EventQueue-DeleteBlockStatusForDeletedBlockLogImpl] DEBUG block.DeletedBlockLogImpl (DeletedBlockLogImpl.java:commitTransactions(224)) - Transaction txId=1 commit by dnId=41bdc6fc-f730-460f-b2d8-92157d986a72 for containerID=#1 failed. Corresponding entry not found.
2021-08-14 14:05:27,645 [EventQueue-DeleteBlockStatusForDeletedBlockLogImpl] DEBUG block.DeletedBlockLogImpl (DeletedBlockLogImpl.java:isTransactionFailed(278)) - Got block deletion ACK from datanode, TXIDs=2, success=true
2021-08-14 14:05:27,645 [EventQueue-DeleteBlockStatusForDeletedBlockLogImpl] DEBUG block.DeletedBlockLogImpl (DeletedBlockLogImpl.java:commitTransactions(224)) - Transaction txId=2 commit by dnId=41bdc6fc-f730-460f-b2d8-92157d986a72 for containerID=#2 failed. Corresponding entry not found.
2021-08-14 14:05:27,645 [EventQueue-DeleteBlockStatusForDeletedBlockLogImpl] DEBUG block.DeletedBlockLogImpl (DeletedBlockLogImpl.java:isTransactionFailed(278)) - Got block deletion ACK from datanode, TXIDs=3, success=true
2021-08-14 14:05:27,645 [EventQueue-DeleteBlockStatusForDeletedBlockLogImpl] DEBUG block.DeletedBlockLogImpl (DeletedBlockLogImpl.java:commitTransactions(224)) - Transaction txId=3 commit by dnId=41bdc6fc-f730-460f-b2d8-92157d986a72 for containerID=#3 failed. Corresponding entry not found.
2021-08-14 14:05:27,645 [EventQueue-DeleteBlockStatusForDeletedBlockLogImpl] DEBUG block.DeletedBlockLogImpl (DeletedBlockLogImpl.java:isTransactionFailed(278)) - Got block deletion ACK from datanode, TXIDs=4, success=true
2021-08-14 14:05:27,645 [EventQueue-DeleteBlockStatusForDeletedBlockLogImpl] DEBUG block.DeletedBlockLogImpl (DeletedBlockLogImpl.java:commitTransactions(224)) - Transaction txId=4 commit by dnId=41bdc6fc-f730-460f-b2d8-92157d986a72 for containerID=#4 failed. Corresponding entry not found.
2021-08-14 14:05:27,645 [EventQueue-DeleteBlockStatusForDeletedBlockLogImpl] DEBUG block.DeletedBlockLogImpl (DeletedBlockLogImpl.java:isTransactionFailed(278)) - Got block deletion ACK from datanode, TXIDs=5, success=true
2021-08-14 14:05:27,645 [EventQueue-DeleteBlockStatusForDeletedBlockLogImpl] DEBUG block.DeletedBlockLogImpl (DeletedBlockLogImpl.java:commitTransactions(224)) - Transaction txId=5 commit by dnId=41bdc6fc-f730-460f-b2d8-92157d986a72 for containerID=#5 failed. Corresponding entry not found.
2021-08-14 14:05:27,645 [EventQueue-DeleteBlockStatusForDeletedBlockLogImpl] DEBUG block.DeletedBlockLogImpl (DeletedBlockLogImpl.java:isTransactionFailed(278)) - Got block deletion ACK from datanode, TXIDs=1, success=true
2021-08-14 14:05:27,646 [EventQueue-DeleteBlockStatusForDeletedBlockLogImpl] DEBUG block.DeletedBlockLogImpl (DeletedBlockLogImpl.java:commitTransactions(224)) - Transaction txId=1 commit by dnId=41bdc6fc-f730-460f-b2d8-92157d986a72 for containerID=#1 failed. Corresponding entry not found.
2021-08-14 14:05:27,646 [EventQueue-DeleteBlockStatusForDeletedBlockLogImpl] DEBUG block.DeletedBlockLogImpl (DeletedBlockLogImpl.java:isTransactionFailed(278)) - Got block deletion ACK from datanode, TXIDs=2, success=true
2021-08-14 14:05:27,649 [EventQueue-DeleteBlockStatusForDeletedBlockLogImpl] DEBUG block.DeletedBlockLogImpl (DeletedBlockLogImpl.java:commitTransactions(224)) - Transaction txId=2 commit by dnId=41bdc6fc-f730-460f-b2d8-92157d986a72 for containerID=#2 failed. Corresponding entry not found.
2021-08-14 14:05:27,649 [EventQueue-DeleteBlockStatusForDeletedBlockLogImpl] DEBUG block.DeletedBlockLogImpl (DeletedBlockLogImpl.java:isTransactionFailed(278)) - Got block deletion ACK from datanode, TXIDs=3, success=true
2021-08-14 14:05:27,649 [EventQueue-DeleteBlockStatusForDeletedBlockLogImpl] DEBUG block.DeletedBlockLogImpl (DeletedBlockLogImpl.java:commitTransactions(224)) - Transaction txId=3 commit by dnId=41bdc6fc-f730-460f-b2d8-92157d986a72 for containerID=#3 failed. Corresponding entry not found.
2021-08-14 14:05:27,649 [EventQueue-DeleteBlockStatusForDeletedBlockLogImpl] DEBUG block.DeletedBlockLogImpl (DeletedBlockLogImpl.java:isTransactionFailed(278)) - Got block deletion ACK from datanode, TXIDs=1, success=true
2021-08-14 14:05:27,649 [EventQueue-DeleteBlockStatusForDeletedBlockLogImpl] DEBUG block.DeletedBlockLogImpl (DeletedBlockLogImpl.java:commitTransactions(224)) - Transaction txId=1 commit by dnId=41bdc6fc-f730-460f-b2d8-92157d986a72 for containerID=#1 failed. Corresponding entry not found.
2021-08-14 14:05:27,649 [EventQueue-DeleteBlockStatusForDeletedBlockLogImpl] DEBUG block.DeletedBlockLogImpl (DeletedBlockLogImpl.java:isTransactionFailed(278)) - Got block deletion ACK from datanode, TXIDs=2, success=true
2021-08-14 14:05:27,649 [EventQueue-DeleteBlockStatusForDeletedBlockLogImpl] DEBUG block.DeletedBlockLogImpl (DeletedBlockLogImpl.java:commitTransactions(224)) - Transaction txId=2 commit by dnId=41bdc6fc-f730-460f-b2d8-92157d986a72 for containerID=#2 failed. Corresponding entry not found.
2021-08-14 14:05:27,649 [EventQueue-DeleteBlockStatusForDeletedBlockLogImpl] DEBUG block.DeletedBlockLogImpl (DeletedBlockLogImpl.java:isTransactionFailed(278)) - Got block deletion ACK from datanode, TXIDs=3, success=true
2021-08-14 14:05:27,649 [EventQueue-DeleteBlockStatusForDeletedBlockLogImpl] DEBUG block.DeletedBlockLogImpl (DeletedBlockLogImpl.java:commitTransactions(224)) - Transaction txId=3 commit by dnId=41bdc6fc-f730-460f-b2d8-92157d986a72 for containerID=#3 failed. Corresponding entry not found.
2021-08-14 14:05:27,649 [EventQueue-DeleteBlockStatusForDeletedBlockLogImpl] DEBUG block.DeletedBlockLogImpl (DeletedBlockLogImpl.java:isTransactionFailed(278)) - Got block deletion ACK from datanode, TXIDs=4, success=true
2021-08-14 14:05:27,649 [EventQueue-DeleteBlockStatusForDeletedBlockLogImpl] DEBUG block.DeletedBlockLogImpl (DeletedBlockLogImpl.java:commitTransactions(224)) - Transaction txId=4 commit by dnId=41bdc6fc-f730-460f-b2d8-92157d986a72 for containerID=#4 failed. Corresponding entry not found.
2021-08-14 14:05:27,649 [EventQueue-DeleteBlockStatusForDeletedBlockLogImpl] DEBUG block.DeletedBlockLogImpl (DeletedBlockLogImpl.java:isTransactionFailed(278)) - Got block deletion ACK from datanode, TXIDs=5, success=true
2021-08-14 14:05:27,650 [EventQueue-DeleteBlockStatusForDeletedBlockLogImpl] DEBUG block.DeletedBlockLogImpl (DeletedBlockLogImpl.java:commitTransactions(224)) - Transaction txId=5 commit by dnId=41bdc6fc-f730-460f-b2d8-92157d986a72 for containerID=#5 failed. Corresponding entry not found.
2021-08-14 14:05:27,650 [EventQueue-DeleteBlockStatusForDeletedBlockLogImpl] DEBUG block.DeletedBlockLogImpl (DeletedBlockLogImpl.java:isTransactionFailed(278)) - Got block deletion ACK from datanode, TXIDs=6, success=true
2021-08-14 14:05:27,650 [EventQueue-DeleteBlockStatusForDeletedBlockLogImpl] DEBUG block.DeletedBlockLogImpl (DeletedBlockLogImpl.java:commitTransactions(224)) - Transaction txId=6 commit by dnId=41bdc6fc-f730-460f-b2d8-92157d986a72 for containerID=#6 failed. Corresponding entry not found.
2021-08-14 14:05:27,679 [Listener at 127.0.0.1/32925] WARN  commandhandler.TestBlockDeletion (TestBlockDeletion.java:lambda$testBlockDeletion$3(251)) - Verify blocks deletion failed
java.lang.AssertionError: expected null, but was:<[blockId=conID: 19 locID: 107544261427200019 bcsId: 290, size=4194304]>
	at org.junit.Assert.fail(Assert.java:89)
	at org.junit.Assert.failNotNull(Assert.java:756)
	at org.junit.Assert.assertNull(Assert.java:738)
	at org.junit.Assert.assertNull(Assert.java:748)
	at org.apache.hadoop.ozone.container.common.statemachine.commandhandler.TestBlockDeletion.lambda$verifyBlocksDeleted$15(TestBlockDeletion.java:453)
	at org.apache.hadoop.ozone.OzoneTestUtils.performOperationOnKeyContainers(OzoneTestUtils.java:133)
	at org.apache.hadoop.ozone.container.common.statemachine.commandhandler.TestBlockDeletion.verifyBlocksDeleted(TestBlockDeletion.java:442)
	at org.apache.hadoop.ozone.container.common.statemachine.commandhandler.TestBlockDeletion.lambda$testBlockDeletion$3(TestBlockDeletion.java:248)
	at org.apache.ozone.test.GenericTestUtils.waitFor(GenericTestUtils.java:219)
	at org.apache.hadoop.ozone.container.common.statemachine.commandhandler.TestBlockDeletion.testBlockDeletion(TestBlockDeletion.java:246)
	at sun.reflect.NativeMethodAccessorImpl.invoke0(Native Method)
	at sun.reflect.NativeMethodAccessorImpl.invoke(NativeMethodAccessorImpl.java:62)
	at sun.reflect.DelegatingMethodAccessorImpl.invoke(DelegatingMethodAccessorImpl.java:43)
	at java.lang.reflect.Method.invoke(Method.java:498)
	at org.junit.runners.model.FrameworkMethod$1.runReflectiveCall(FrameworkMethod.java:59)
	at org.junit.internal.runners.model.ReflectiveCallable.run(ReflectiveCallable.java:12)
	at org.junit.runners.model.FrameworkMethod.invokeExplosively(FrameworkMethod.java:56)
	at org.junit.internal.runners.statements.InvokeMethod.evaluate(InvokeMethod.java:17)
	at org.junit.internal.runners.statements.RunBefores.evaluate(RunBefores.java:26)
	at org.junit.internal.runners.statements.RunAfters.evaluate(RunAfters.java:27)
	at org.junit.runners.ParentRunner$3.evaluate(ParentRunner.java:306)
	at org.junit.runners.BlockJUnit4ClassRunner$1.evaluate(BlockJUnit4ClassRunner.java:100)
	at org.junit.runners.ParentRunner.runLeaf(ParentRunner.java:366)
	at org.junit.runners.BlockJUnit4ClassRunner.runChild(BlockJUnit4ClassRunner.java:103)
	at org.junit.runners.BlockJUnit4ClassRunner.runChild(BlockJUnit4ClassRunner.java:63)
	at org.junit.runners.ParentRunner$4.run(ParentRunner.java:331)
	at org.junit.runners.ParentRunner$1.schedule(ParentRunner.java:79)
	at org.junit.runners.ParentRunner.runChildren(ParentRunner.java:329)
	at org.junit.runners.ParentRunner.access$100(ParentRunner.java:66)
	at org.junit.runners.ParentRunner$2.evaluate(ParentRunner.java:293)
	at org.junit.runners.ParentRunner$3.evaluate(ParentRunner.java:306)
	at org.junit.runners.ParentRunner.run(ParentRunner.java:413)
	at org.junit.runner.JUnitCore.run(JUnitCore.java:137)
	at org.junit.runner.JUnitCore.run(JUnitCore.java:115)
	at org.junit.vintage.engine.execution.RunnerExecutor.execute(RunnerExecutor.java:43)
	at java.util.stream.ForEachOps$ForEachOp$OfRef.accept(ForEachOps.java:183)
	at java.util.stream.ReferencePipeline$3$1.accept(ReferencePipeline.java:193)
	at java.util.Iterator.forEachRemaining(Iterator.java:116)
	at java.util.Spliterators$IteratorSpliterator.forEachRemaining(Spliterators.java:1801)
	at java.util.stream.AbstractPipeline.copyInto(AbstractPipeline.java:482)
	at java.util.stream.AbstractPipeline.wrapAndCopyInto(AbstractPipeline.java:472)
	at java.util.stream.ForEachOps$ForEachOp.evaluateSequential(ForEachOps.java:150)
	at java.util.stream.ForEachOps$ForEachOp$OfRef.evaluateSequential(ForEachOps.java:173)
	at java.util.stream.AbstractPipeline.evaluate(AbstractPipeline.java:234)
	at java.util.stream.ReferencePipeline.forEach(ReferencePipeline.java:485)
	at org.junit.vintage.engine.VintageTestEngine.executeAllChildren(VintageTestEngine.java:82)
	at org.junit.vintage.engine.VintageTestEngine.execute(VintageTestEngine.java:73)
	at org.junit.platform.launcher.core.EngineExecutionOrchestrator.execute(EngineExecutionOrchestrator.java:108)
	at org.junit.platform.launcher.core.EngineExecutionOrchestrator.execute(EngineExecutionOrchestrator.java:88)
	at org.junit.platform.launcher.core.EngineExecutionOrchestrator.lambda$execute$0(EngineExecutionOrchestrator.java:54)
	at org.junit.platform.launcher.core.EngineExecutionOrchestrator.withInterceptedStreams(EngineExecutionOrchestrator.java:67)
	at org.junit.platform.launcher.core.EngineExecutionOrchestrator.execute(EngineExecutionOrchestrator.java:52)
	at org.junit.platform.launcher.core.DefaultLauncher.execute(DefaultLauncher.java:96)
	at org.junit.platform.launcher.core.DefaultLauncher.execute(DefaultLauncher.java:75)
	at org.apache.maven.surefire.junitplatform.JUnitPlatformProvider.invokeAllTests(JUnitPlatformProvider.java:142)
	at org.apache.maven.surefire.junitplatform.JUnitPlatformProvider.invoke(JUnitPlatformProvider.java:113)
	at org.apache.maven.surefire.booter.ForkedBooter.invokeProviderInSameClassLoader(ForkedBooter.java:384)
	at org.apache.maven.surefire.booter.ForkedBooter.runSuitesInProcess(ForkedBooter.java:345)
	at org.apache.maven.surefire.booter.ForkedBooter.execute(ForkedBooter.java:126)
	at org.apache.maven.surefire.booter.ForkedBooter.main(ForkedBooter.java:418)
2021-08-14 14:05:27,686 [SCMBlockDeletingService#0] DEBUG block.SCMBlockDeletingService (SCMBlockDeletingService.java:call(133)) - Running DeletedBlockTransactionScanner
2021-08-14 14:05:27,686 [SCMBlockDeletingService#0] DEBUG block.SCMBlockDeletingService (DatanodeDeletedBlockTransactions.java:addTransactionToDN(50)) - Transaction added: a3a688a0-b759-42a1-9d42-7ea63bf88025 <- TX(19)
2021-08-14 14:05:27,686 [SCMBlockDeletingService#0] DEBUG block.SCMBlockDeletingService (DatanodeDeletedBlockTransactions.java:addTransactionToDN(50)) - Transaction added: a3a688a0-b759-42a1-9d42-7ea63bf88025 <- TX(20)
2021-08-14 14:05:27,686 [SCMBlockDeletingService#0] DEBUG block.SCMBlockDeletingService (DatanodeDeletedBlockTransactions.java:addTransactionToDN(50)) - Transaction added: a3a688a0-b759-42a1-9d42-7ea63bf88025 <- TX(21)
2021-08-14 14:05:27,686 [SCMBlockDeletingService#0] DEBUG block.SCMBlockDeletingService (DatanodeDeletedBlockTransactions.java:addTransactionToDN(50)) - Transaction added: a3a688a0-b759-42a1-9d42-7ea63bf88025 <- TX(22)
2021-08-14 14:05:27,686 [SCMBlockDeletingService#0] DEBUG block.SCMBlockDeletingService (DatanodeDeletedBlockTransactions.java:addTransactionToDN(50)) - Transaction added: a3a688a0-b759-42a1-9d42-7ea63bf88025 <- TX(23)
2021-08-14 14:05:27,686 [SCMBlockDeletingService#0] DEBUG block.SCMBlockDeletingService (DatanodeDeletedBlockTransactions.java:addTransactionToDN(50)) - Transaction added: a3a688a0-b759-42a1-9d42-7ea63bf88025 <- TX(24)
2021-08-14 14:05:27,686 [SCMBlockDeletingService#0] DEBUG block.SCMBlockDeletingService (DatanodeDeletedBlockTransactions.java:addTransactionToDN(50)) - Transaction added: a3a688a0-b759-42a1-9d42-7ea63bf88025 <- TX(25)
2021-08-14 14:05:27,687 [SCMBlockDeletingService#0] DEBUG block.SCMBlockDeletingService (DatanodeDeletedBlockTransactions.java:addTransactionToDN(50)) - Transaction added: a3a688a0-b759-42a1-9d42-7ea63bf88025 <- TX(26)
2021-08-14 14:05:27,687 [SCMBlockDeletingService#0] DEBUG block.SCMBlockDeletingService (DatanodeDeletedBlockTransactions.java:addTransactionToDN(50)) - Transaction added: a3a688a0-b759-42a1-9d42-7ea63bf88025 <- TX(27)
2021-08-14 14:05:27,687 [SCMBlockDeletingService#0] DEBUG block.SCMBlockDeletingService (DatanodeDeletedBlockTransactions.java:addTransactionToDN(50)) - Transaction added: a3a688a0-b759-42a1-9d42-7ea63bf88025 <- TX(28)
2021-08-14 14:05:27,687 [SCMBlockDeletingService#0] DEBUG block.SCMBlockDeletingService (DatanodeDeletedBlockTransactions.java:addTransactionToDN(50)) - Transaction added: a3a688a0-b759-42a1-9d42-7ea63bf88025 <- TX(29)
2021-08-14 14:05:27,687 [SCMBlockDeletingService#0] DEBUG block.SCMBlockDeletingService (DatanodeDeletedBlockTransactions.java:addTransactionToDN(50)) - Transaction added: a3a688a0-b759-42a1-9d42-7ea63bf88025 <- TX(30)
2021-08-14 14:05:27,687 [SCMBlockDeletingService#0] DEBUG block.SCMBlockDeletingService (DatanodeDeletedBlockTransactions.java:addTransactionToDN(50)) - Transaction added: a3a688a0-b759-42a1-9d42-7ea63bf88025 <- TX(31)
2021-08-14 14:05:27,687 [SCMBlockDeletingService#0] DEBUG block.SCMBlockDeletingService (DatanodeDeletedBlockTransactions.java:addTransactionToDN(50)) - Transaction added: a3a688a0-b759-42a1-9d42-7ea63bf88025 <- TX(32)
2021-08-14 14:05:27,687 [SCMBlockDeletingService#0] DEBUG block.SCMBlockDeletingService (DatanodeDeletedBlockTransactions.java:addTransactionToDN(50)) - Transaction added: a3a688a0-b759-42a1-9d42-7ea63bf88025 <- TX(33)
2021-08-14 14:05:27,687 [SCMBlockDeletingService#0] DEBUG block.SCMBlockDeletingService (DatanodeDeletedBlockTransactions.java:addTransactionToDN(50)) - Transaction added: a3a688a0-b759-42a1-9d42-7ea63bf88025 <- TX(34)
2021-08-14 14:05:27,687 [SCMBlockDeletingService#0] DEBUG block.SCMBlockDeletingService (DatanodeDeletedBlockTransactions.java:addTransactionToDN(50)) - Transaction added: a3a688a0-b759-42a1-9d42-7ea63bf88025 <- TX(35)
2021-08-14 14:05:27,687 [SCMBlockDeletingService#0] DEBUG block.SCMBlockDeletingService (DatanodeDeletedBlockTransactions.java:addTransactionToDN(50)) - Transaction added: a3a688a0-b759-42a1-9d42-7ea63bf88025 <- TX(36)
2021-08-14 14:05:27,687 [SCMBlockDeletingService#0] DEBUG block.SCMBlockDeletingService (DatanodeDeletedBlockTransactions.java:addTransactionToDN(50)) - Transaction added: a3a688a0-b759-42a1-9d42-7ea63bf88025 <- TX(37)
2021-08-14 14:05:27,687 [SCMBlockDeletingService#0] DEBUG block.SCMBlockDeletingService (DatanodeDeletedBlockTransactions.java:addTransactionToDN(50)) - Transaction added: a3a688a0-b759-42a1-9d42-7ea63bf88025 <- TX(38)
2021-08-14 14:05:27,687 [SCMBlockDeletingService#0] DEBUG block.SCMBlockDeletingService (DatanodeDeletedBlockTransactions.java:addTransactionToDN(50)) - Transaction added: a3a688a0-b759-42a1-9d42-7ea63bf88025 <- TX(39)
2021-08-14 14:05:27,687 [SCMBlockDeletingService#0] DEBUG block.SCMBlockDeletingService (DatanodeDeletedBlockTransactions.java:addTransactionToDN(50)) - Transaction added: a3a688a0-b759-42a1-9d42-7ea63bf88025 <- TX(40)
2021-08-14 14:05:27,687 [SCMBlockDeletingService#0] DEBUG block.SCMBlockDeletingService (DatanodeDeletedBlockTransactions.java:addTransactionToDN(50)) - Transaction added: a3a688a0-b759-42a1-9d42-7ea63bf88025 <- TX(41)
2021-08-14 14:05:27,687 [SCMBlockDeletingService#0] DEBUG block.SCMBlockDeletingService (DatanodeDeletedBlockTransactions.java:addTransactionToDN(50)) - Transaction added: a3a688a0-b759-42a1-9d42-7ea63bf88025 <- TX(42)
2021-08-14 14:05:27,687 [SCMBlockDeletingService#0] DEBUG block.SCMBlockDeletingService (DatanodeDeletedBlockTransactions.java:addTransactionToDN(50)) - Transaction added: a3a688a0-b759-42a1-9d42-7ea63bf88025 <- TX(43)
2021-08-14 14:05:27,687 [SCMBlockDeletingService#0] DEBUG block.SCMBlockDeletingService (DatanodeDeletedBlockTransactions.java:addTransactionToDN(50)) - Transaction added: a3a688a0-b759-42a1-9d42-7ea63bf88025 <- TX(44)
2021-08-14 14:05:27,687 [SCMBlockDeletingService#0] DEBUG block.SCMBlockDeletingService (DatanodeDeletedBlockTransactions.java:addTransactionToDN(50)) - Transaction added: a3a688a0-b759-42a1-9d42-7ea63bf88025 <- TX(45)
2021-08-14 14:05:27,687 [SCMBlockDeletingService#0] DEBUG block.SCMBlockDeletingService (DatanodeDeletedBlockTransactions.java:addTransactionToDN(50)) - Transaction added: a3a688a0-b759-42a1-9d42-7ea63bf88025 <- TX(46)
2021-08-14 14:05:27,687 [SCMBlockDeletingService#0] DEBUG block.SCMBlockDeletingService (DatanodeDeletedBlockTransactions.java:addTransactionToDN(50)) - Transaction added: a3a688a0-b759-42a1-9d42-7ea63bf88025 <- TX(47)
2021-08-14 14:05:27,687 [SCMBlockDeletingService#0] DEBUG block.SCMBlockDeletingService (DatanodeDeletedBlockTransactions.java:addTransactionToDN(50)) - Transaction added: a3a688a0-b759-42a1-9d42-7ea63bf88025 <- TX(48)
2021-08-14 14:05:27,687 [SCMBlockDeletingService#0] DEBUG block.SCMBlockDeletingService (DatanodeDeletedBlockTransactions.java:addTransactionToDN(50)) - Transaction added: a3a688a0-b759-42a1-9d42-7ea63bf88025 <- TX(49)
2021-08-14 14:05:27,687 [SCMBlockDeletingService#0] DEBUG block.SCMBlockDeletingService (DatanodeDeletedBlockTransactions.java:addTransactionToDN(50)) - Transaction added: a3a688a0-b759-42a1-9d42-7ea63bf88025 <- TX(50)
2021-08-14 14:05:27,687 [SCMBlockDeletingService#0] DEBUG block.SCMBlockDeletingService (DatanodeDeletedBlockTransactions.java:addTransactionToDN(50)) - Transaction added: a3a688a0-b759-42a1-9d42-7ea63bf88025 <- TX(51)
2021-08-14 14:05:27,688 [SCMBlockDeletingService#0] DEBUG block.SCMBlockDeletingService (DatanodeDeletedBlockTransactions.java:addTransactionToDN(50)) - Transaction added: a3a688a0-b759-42a1-9d42-7ea63bf88025 <- TX(52)
2021-08-14 14:05:27,688 [SCMBlockDeletingService#0] DEBUG block.SCMBlockDeletingService (DatanodeDeletedBlockTransactions.java:addTransactionToDN(50)) - Transaction added: a3a688a0-b759-42a1-9d42-7ea63bf88025 <- TX(53)
2021-08-14 14:05:27,688 [SCMBlockDeletingService#0] DEBUG block.SCMBlockDeletingService (DatanodeDeletedBlockTransactions.java:addTransactionToDN(50)) - Transaction added: a3a688a0-b759-42a1-9d42-7ea63bf88025 <- TX(54)
2021-08-14 14:05:27,688 [SCMBlockDeletingService#0] DEBUG block.SCMBlockDeletingService (DatanodeDeletedBlockTransactions.java:addTransactionToDN(50)) - Transaction added: a3a688a0-b759-42a1-9d42-7ea63bf88025 <- TX(55)
2021-08-14 14:05:27,688 [SCMBlockDeletingService#0] DEBUG block.SCMBlockDeletingService (DatanodeDeletedBlockTransactions.java:addTransactionToDN(50)) - Transaction added: a3a688a0-b759-42a1-9d42-7ea63bf88025 <- TX(56)
2021-08-14 14:05:27,688 [SCMBlockDeletingService#0] DEBUG block.SCMBlockDeletingService (SCMBlockDeletingService.java:call(164)) - Added delete block command for datanode a3a688a0-b759-42a1-9d42-7ea63bf88025 in the queue, number of delete block transactions: 38
2021-08-14 14:05:27,688 [SCMBlockDeletingService#0] INFO  block.SCMBlockDeletingService (SCMBlockDeletingService.java:call(174)) - Totally added 38 blocks to be deleted for 1 datanodes, task elapsed time: 2ms
2021-08-14 14:05:27,786 [SCMBlockDeletingService#0] DEBUG block.SCMBlockDeletingService (SCMBlockDeletingService.java:call(133)) - Running DeletedBlockTransactionScanner
2021-08-14 14:05:27,786 [SCMBlockDeletingService#0] DEBUG block.SCMBlockDeletingService (DatanodeDeletedBlockTransactions.java:addTransactionToDN(50)) - Transaction added: a3a688a0-b759-42a1-9d42-7ea63bf88025 <- TX(19)
2021-08-14 14:05:27,786 [SCMBlockDeletingService#0] DEBUG block.SCMBlockDeletingService (DatanodeDeletedBlockTransactions.java:addTransactionToDN(50)) - Transaction added: a3a688a0-b759-42a1-9d42-7ea63bf88025 <- TX(20)
2021-08-14 14:05:27,786 [SCMBlockDeletingService#0] DEBUG block.SCMBlockDeletingService (DatanodeDeletedBlockTransactions.java:addTransactionToDN(50)) - Transaction added: a3a688a0-b759-42a1-9d42-7ea63bf88025 <- TX(21)
2021-08-14 14:05:27,787 [SCMBlockDeletingService#0] DEBUG block.SCMBlockDeletingService (DatanodeDeletedBlockTransactions.java:addTransactionToDN(50)) - Transaction added: a3a688a0-b759-42a1-9d42-7ea63bf88025 <- TX(22)
2021-08-14 14:05:27,787 [SCMBlockDeletingService#0] DEBUG block.SCMBlockDeletingService (DatanodeDeletedBlockTransactions.java:addTransactionToDN(50)) - Transaction added: a3a688a0-b759-42a1-9d42-7ea63bf88025 <- TX(23)
2021-08-14 14:05:27,787 [SCMBlockDeletingService#0] DEBUG block.SCMBlockDeletingService (DatanodeDeletedBlockTransactions.java:addTransactionToDN(50)) - Transaction added: a3a688a0-b759-42a1-9d42-7ea63bf88025 <- TX(24)
2021-08-14 14:05:27,787 [SCMBlockDeletingService#0] DEBUG block.SCMBlockDeletingService (DatanodeDeletedBlockTransactions.java:addTransactionToDN(50)) - Transaction added: a3a688a0-b759-42a1-9d42-7ea63bf88025 <- TX(25)
2021-08-14 14:05:27,787 [SCMBlockDeletingService#0] DEBUG block.SCMBlockDeletingService (DatanodeDeletedBlockTransactions.java:addTransactionToDN(50)) - Transaction added: a3a688a0-b759-42a1-9d42-7ea63bf88025 <- TX(26)
2021-08-14 14:05:27,787 [SCMBlockDeletingService#0] DEBUG block.SCMBlockDeletingService (DatanodeDeletedBlockTransactions.java:addTransactionToDN(50)) - Transaction added: a3a688a0-b759-42a1-9d42-7ea63bf88025 <- TX(27)
2021-08-14 14:05:27,787 [SCMBlockDeletingService#0] DEBUG block.SCMBlockDeletingService (DatanodeDeletedBlockTransactions.java:addTransactionToDN(50)) - Transaction added: a3a688a0-b759-42a1-9d42-7ea63bf88025 <- TX(28)
2021-08-14 14:05:27,787 [SCMBlockDeletingService#0] DEBUG block.SCMBlockDeletingService (DatanodeDeletedBlockTransactions.java:addTransactionToDN(50)) - Transaction added: a3a688a0-b759-42a1-9d42-7ea63bf88025 <- TX(29)
2021-08-14 14:05:27,787 [SCMBlockDeletingService#0] DEBUG block.SCMBlockDeletingService (DatanodeDeletedBlockTransactions.java:addTransactionToDN(50)) - Transaction added: a3a688a0-b759-42a1-9d42-7ea63bf88025 <- TX(30)
2021-08-14 14:05:27,787 [SCMBlockDeletingService#0] DEBUG block.SCMBlockDeletingService (DatanodeDeletedBlockTransactions.java:addTransactionToDN(50)) - Transaction added: a3a688a0-b759-42a1-9d42-7ea63bf88025 <- TX(31)
2021-08-14 14:05:27,787 [SCMBlockDeletingService#0] DEBUG block.SCMBlockDeletingService (DatanodeDeletedBlockTransactions.java:addTransactionToDN(50)) - Transaction added: a3a688a0-b759-42a1-9d42-7ea63bf88025 <- TX(32)
2021-08-14 14:05:27,787 [SCMBlockDeletingService#0] DEBUG block.SCMBlockDeletingService (DatanodeDeletedBlockTransactions.java:addTransactionToDN(50)) - Transaction added: a3a688a0-b759-42a1-9d42-7ea63bf88025 <- TX(33)
2021-08-14 14:05:27,787 [SCMBlockDeletingService#0] DEBUG block.SCMBlockDeletingService (DatanodeDeletedBlockTransactions.java:addTransactionToDN(50)) - Transaction added: a3a688a0-b759-42a1-9d42-7ea63bf88025 <- TX(34)
2021-08-14 14:05:27,787 [SCMBlockDeletingService#0] DEBUG block.SCMBlockDeletingService (DatanodeDeletedBlockTransactions.java:addTransactionToDN(50)) - Transaction added: a3a688a0-b759-42a1-9d42-7ea63bf88025 <- TX(35)
2021-08-14 14:05:27,787 [SCMBlockDeletingService#0] DEBUG block.SCMBlockDeletingService (DatanodeDeletedBlockTransactions.java:addTransactionToDN(50)) - Transaction added: a3a688a0-b759-42a1-9d42-7ea63bf88025 <- TX(36)
2021-08-14 14:05:27,787 [SCMBlockDeletingService#0] DEBUG block.SCMBlockDeletingService (DatanodeDeletedBlockTransactions.java:addTransactionToDN(50)) - Transaction added: a3a688a0-b759-42a1-9d42-7ea63bf88025 <- TX(37)
2021-08-14 14:05:27,787 [SCMBlockDeletingService#0] DEBUG block.SCMBlockDeletingService (DatanodeDeletedBlockTransactions.java:addTransactionToDN(50)) - Transaction added: a3a688a0-b759-42a1-9d42-7ea63bf88025 <- TX(38)
2021-08-14 14:05:27,787 [SCMBlockDeletingService#0] DEBUG block.SCMBlockDeletingService (DatanodeDeletedBlockTransactions.java:addTransactionToDN(50)) - Transaction added: a3a688a0-b759-42a1-9d42-7ea63bf88025 <- TX(39)
2021-08-14 14:05:27,787 [SCMBlockDeletingService#0] DEBUG block.SCMBlockDeletingService (DatanodeDeletedBlockTransactions.java:addTransactionToDN(50)) - Transaction added: a3a688a0-b759-42a1-9d42-7ea63bf88025 <- TX(40)
2021-08-14 14:05:27,787 [SCMBlockDeletingService#0] DEBUG block.SCMBlockDeletingService (DatanodeDeletedBlockTransactions.java:addTransactionToDN(50)) - Transaction added: a3a688a0-b759-42a1-9d42-7ea63bf88025 <- TX(41)
2021-08-14 14:05:27,787 [SCMBlockDeletingService#0] DEBUG block.SCMBlockDeletingService (DatanodeDeletedBlockTransactions.java:addTransactionToDN(50)) - Transaction added: a3a688a0-b759-42a1-9d42-7ea63bf88025 <- TX(42)
2021-08-14 14:05:27,787 [SCMBlockDeletingService#0] DEBUG block.SCMBlockDeletingService (DatanodeDeletedBlockTransactions.java:addTransactionToDN(50)) - Transaction added: a3a688a0-b759-42a1-9d42-7ea63bf88025 <- TX(43)
2021-08-14 14:05:27,787 [SCMBlockDeletingService#0] DEBUG block.SCMBlockDeletingService (DatanodeDeletedBlockTransactions.java:addTransactionToDN(50)) - Transaction added: a3a688a0-b759-42a1-9d42-7ea63bf88025 <- TX(44)
2021-08-14 14:05:27,787 [SCMBlockDeletingService#0] DEBUG block.SCMBlockDeletingService (DatanodeDeletedBlockTransactions.java:addTransactionToDN(50)) - Transaction added: a3a688a0-b759-42a1-9d42-7ea63bf88025 <- TX(45)
2021-08-14 14:05:27,787 [SCMBlockDeletingService#0] DEBUG block.SCMBlockDeletingService (DatanodeDeletedBlockTransactions.java:addTransactionToDN(50)) - Transaction added: a3a688a0-b759-42a1-9d42-7ea63bf88025 <- TX(46)
2021-08-14 14:05:27,787 [SCMBlockDeletingService#0] DEBUG block.SCMBlockDeletingService (DatanodeDeletedBlockTransactions.java:addTransactionToDN(50)) - Transaction added: a3a688a0-b759-42a1-9d42-7ea63bf88025 <- TX(47)
2021-08-14 14:05:27,787 [SCMBlockDeletingService#0] DEBUG block.SCMBlockDeletingService (DatanodeDeletedBlockTransactions.java:addTransactionToDN(50)) - Transaction added: a3a688a0-b759-42a1-9d42-7ea63bf88025 <- TX(48)
2021-08-14 14:05:27,787 [SCMBlockDeletingService#0] DEBUG block.SCMBlockDeletingService (DatanodeDeletedBlockTransactions.java:addTransactionToDN(50)) - Transaction added: a3a688a0-b759-42a1-9d42-7ea63bf88025 <- TX(49)
2021-08-14 14:05:27,787 [SCMBlockDeletingService#0] DEBUG block.SCMBlockDeletingService (DatanodeDeletedBlockTransactions.java:addTransactionToDN(50)) - Transaction added: a3a688a0-b759-42a1-9d42-7ea63bf88025 <- TX(50)
2021-08-14 14:05:27,788 [SCMBlockDeletingService#0] DEBUG block.SCMBlockDeletingService (DatanodeDeletedBlockTransactions.java:addTransactionToDN(50)) - Transaction added: a3a688a0-b759-42a1-9d42-7ea63bf88025 <- TX(51)
2021-08-14 14:05:27,788 [SCMBlockDeletingService#0] DEBUG block.SCMBlockDeletingService (DatanodeDeletedBlockTransactions.java:addTransactionToDN(50)) - Transaction added: a3a688a0-b759-42a1-9d42-7ea63bf88025 <- TX(52)
2021-08-14 14:05:27,788 [SCMBlockDeletingService#0] DEBUG block.SCMBlockDeletingService (DatanodeDeletedBlockTransactions.java:addTransactionToDN(50)) - Transaction added: a3a688a0-b759-42a1-9d42-7ea63bf88025 <- TX(53)
2021-08-14 14:05:27,788 [SCMBlockDeletingService#0] DEBUG block.SCMBlockDeletingService (DatanodeDeletedBlockTransactions.java:addTransactionToDN(50)) - Transaction added: a3a688a0-b759-42a1-9d42-7ea63bf88025 <- TX(54)
2021-08-14 14:05:27,788 [SCMBlockDeletingService#0] DEBUG block.SCMBlockDeletingService (DatanodeDeletedBlockTransactions.java:addTransactionToDN(50)) - Transaction added: a3a688a0-b759-42a1-9d42-7ea63bf88025 <- TX(55)
2021-08-14 14:05:27,788 [SCMBlockDeletingService#0] DEBUG block.SCMBlockDeletingService (DatanodeDeletedBlockTransactions.java:addTransactionToDN(50)) - Transaction added: a3a688a0-b759-42a1-9d42-7ea63bf88025 <- TX(56)
2021-08-14 14:05:27,788 [SCMBlockDeletingService#0] DEBUG block.SCMBlockDeletingService (SCMBlockDeletingService.java:call(164)) - Added delete block command for datanode a3a688a0-b759-42a1-9d42-7ea63bf88025 in the queue, number of delete block transactions: 38
2021-08-14 14:05:27,788 [SCMBlockDeletingService#0] INFO  block.SCMBlockDeletingService (SCMBlockDeletingService.java:call(174)) - Totally added 38 blocks to be deleted for 1 datanodes, task elapsed time: 2ms
2021-08-14 14:05:27,886 [SCMBlockDeletingService#0] DEBUG block.SCMBlockDeletingService (SCMBlockDeletingService.java:call(133)) - Running DeletedBlockTransactionScanner
2021-08-14 14:05:27,886 [SCMBlockDeletingService#0] DEBUG block.SCMBlockDeletingService (DatanodeDeletedBlockTransactions.java:addTransactionToDN(50)) - Transaction added: a3a688a0-b759-42a1-9d42-7ea63bf88025 <- TX(19)
2021-08-14 14:05:27,887 [SCMBlockDeletingService#0] DEBUG block.SCMBlockDeletingService (DatanodeDeletedBlockTransactions.java:addTransactionToDN(50)) - Transaction added: a3a688a0-b759-42a1-9d42-7ea63bf88025 <- TX(20)
2021-08-14 14:05:27,887 [SCMBlockDeletingService#0] DEBUG block.SCMBlockDeletingService (DatanodeDeletedBlockTransactions.java:addTransactionToDN(50)) - Transaction added: a3a688a0-b759-42a1-9d42-7ea63bf88025 <- TX(21)
2021-08-14 14:05:27,887 [SCMBlockDeletingService#0] DEBUG block.SCMBlockDeletingService (DatanodeDeletedBlockTransactions.java:addTransactionToDN(50)) - Transaction added: a3a688a0-b759-42a1-9d42-7ea63bf88025 <- TX(22)
2021-08-14 14:05:27,887 [SCMBlockDeletingService#0] DEBUG block.SCMBlockDeletingService (DatanodeDeletedBlockTransactions.java:addTransactionToDN(50)) - Transaction added: a3a688a0-b759-42a1-9d42-7ea63bf88025 <- TX(23)
2021-08-14 14:05:27,887 [SCMBlockDeletingService#0] DEBUG block.SCMBlockDeletingService (DatanodeDeletedBlockTransactions.java:addTransactionToDN(50)) - Transaction added: a3a688a0-b759-42a1-9d42-7ea63bf88025 <- TX(24)
2021-08-14 14:05:27,887 [SCMBlockDeletingService#0] DEBUG block.SCMBlockDeletingService (DatanodeDeletedBlockTransactions.java:addTransactionToDN(50)) - Transaction added: a3a688a0-b759-42a1-9d42-7ea63bf88025 <- TX(25)
2021-08-14 14:05:27,887 [SCMBlockDeletingService#0] DEBUG block.SCMBlockDeletingService (DatanodeDeletedBlockTransactions.java:addTransactionToDN(50)) - Transaction added: a3a688a0-b759-42a1-9d42-7ea63bf88025 <- TX(26)
2021-08-14 14:05:27,887 [SCMBlockDeletingService#0] DEBUG block.SCMBlockDeletingService (DatanodeDeletedBlockTransactions.java:addTransactionToDN(50)) - Transaction added: a3a688a0-b759-42a1-9d42-7ea63bf88025 <- TX(27)
2021-08-14 14:05:27,887 [SCMBlockDeletingService#0] DEBUG block.SCMBlockDeletingService (DatanodeDeletedBlockTransactions.java:addTransactionToDN(50)) - Transaction added: a3a688a0-b759-42a1-9d42-7ea63bf88025 <- TX(28)
2021-08-14 14:05:27,887 [SCMBlockDeletingService#0] DEBUG block.SCMBlockDeletingService (DatanodeDeletedBlockTransactions.java:addTransactionToDN(50)) - Transaction added: a3a688a0-b759-42a1-9d42-7ea63bf88025 <- TX(29)
2021-08-14 14:05:27,887 [SCMBlockDeletingService#0] DEBUG block.SCMBlockDeletingService (DatanodeDeletedBlockTransactions.java:addTransactionToDN(50)) - Transaction added: a3a688a0-b759-42a1-9d42-7ea63bf88025 <- TX(30)
2021-08-14 14:05:27,887 [SCMBlockDeletingService#0] DEBUG block.SCMBlockDeletingService (DatanodeDeletedBlockTransactions.java:addTransactionToDN(50)) - Transaction added: a3a688a0-b759-42a1-9d42-7ea63bf88025 <- TX(31)
2021-08-14 14:05:27,887 [SCMBlockDeletingService#0] DEBUG block.SCMBlockDeletingService (DatanodeDeletedBlockTransactions.java:addTransactionToDN(50)) - Transaction added: a3a688a0-b759-42a1-9d42-7ea63bf88025 <- TX(32)
2021-08-14 14:05:27,887 [SCMBlockDeletingService#0] DEBUG block.SCMBlockDeletingService (DatanodeDeletedBlockTransactions.java:addTransactionToDN(50)) - Transaction added: a3a688a0-b759-42a1-9d42-7ea63bf88025 <- TX(33)
2021-08-14 14:05:27,887 [SCMBlockDeletingService#0] DEBUG block.SCMBlockDeletingService (DatanodeDeletedBlockTransactions.java:addTransactionToDN(50)) - Transaction added: a3a688a0-b759-42a1-9d42-7ea63bf88025 <- TX(34)
2021-08-14 14:05:27,887 [SCMBlockDeletingService#0] DEBUG block.SCMBlockDeletingService (DatanodeDeletedBlockTransactions.java:addTransactionToDN(50)) - Transaction added: a3a688a0-b759-42a1-9d42-7ea63bf88025 <- TX(35)
2021-08-14 14:05:27,887 [SCMBlockDeletingService#0] DEBUG block.SCMBlockDeletingService (DatanodeDeletedBlockTransactions.java:addTransactionToDN(50)) - Transaction added: a3a688a0-b759-42a1-9d42-7ea63bf88025 <- TX(36)
2021-08-14 14:05:27,887 [SCMBlockDeletingService#0] DEBUG block.SCMBlockDeletingService (DatanodeDeletedBlockTransactions.java:addTransactionToDN(50)) - Transaction added: a3a688a0-b759-42a1-9d42-7ea63bf88025 <- TX(37)
2021-08-14 14:05:27,887 [SCMBlockDeletingService#0] DEBUG block.SCMBlockDeletingService (DatanodeDeletedBlockTransactions.java:addTransactionToDN(50)) - Transaction added: a3a688a0-b759-42a1-9d42-7ea63bf88025 <- TX(38)
2021-08-14 14:05:27,887 [SCMBlockDeletingService#0] DEBUG block.SCMBlockDeletingService (DatanodeDeletedBlockTransactions.java:addTransactionToDN(50)) - Transaction added: a3a688a0-b759-42a1-9d42-7ea63bf88025 <- TX(39)
2021-08-14 14:05:27,887 [SCMBlockDeletingService#0] DEBUG block.SCMBlockDeletingService (DatanodeDeletedBlockTransactions.java:addTransactionToDN(50)) - Transaction added: a3a688a0-b759-42a1-9d42-7ea63bf88025 <- TX(40)
2021-08-14 14:05:27,887 [SCMBlockDeletingService#0] DEBUG block.SCMBlockDeletingService (DatanodeDeletedBlockTransactions.java:addTransactionToDN(50)) - Transaction added: a3a688a0-b759-42a1-9d42-7ea63bf88025 <- TX(41)
2021-08-14 14:05:27,887 [SCMBlockDeletingService#0] DEBUG block.SCMBlockDeletingService (DatanodeDeletedBlockTransactions.java:addTransactionToDN(50)) - Transaction added: a3a688a0-b759-42a1-9d42-7ea63bf88025 <- TX(42)
2021-08-14 14:05:27,887 [SCMBlockDeletingService#0] DEBUG block.SCMBlockDeletingService (DatanodeDeletedBlockTransactions.java:addTransactionToDN(50)) - Transaction added: a3a688a0-b759-42a1-9d42-7ea63bf88025 <- TX(43)
2021-08-14 14:05:27,887 [SCMBlockDeletingService#0] DEBUG block.SCMBlockDeletingService (DatanodeDeletedBlockTransactions.java:addTransactionToDN(50)) - Transaction added: a3a688a0-b759-42a1-9d42-7ea63bf88025 <- TX(44)
2021-08-14 14:05:27,887 [SCMBlockDeletingService#0] DEBUG block.SCMBlockDeletingService (DatanodeDeletedBlockTransactions.java:addTransactionToDN(50)) - Transaction added: a3a688a0-b759-42a1-9d42-7ea63bf88025 <- TX(45)
2021-08-14 14:05:27,888 [SCMBlockDeletingService#0] DEBUG block.SCMBlockDeletingService (DatanodeDeletedBlockTransactions.java:addTransactionToDN(50)) - Transaction added: a3a688a0-b759-42a1-9d42-7ea63bf88025 <- TX(46)
2021-08-14 14:05:27,888 [SCMBlockDeletingService#0] DEBUG block.SCMBlockDeletingService (DatanodeDeletedBlockTransactions.java:addTransactionToDN(50)) - Transaction added: a3a688a0-b759-42a1-9d42-7ea63bf88025 <- TX(47)
2021-08-14 14:05:27,888 [SCMBlockDeletingService#0] DEBUG block.SCMBlockDeletingService (DatanodeDeletedBlockTransactions.java:addTransactionToDN(50)) - Transaction added: a3a688a0-b759-42a1-9d42-7ea63bf88025 <- TX(48)
2021-08-14 14:05:27,888 [SCMBlockDeletingService#0] DEBUG block.SCMBlockDeletingService (DatanodeDeletedBlockTransactions.java:addTransactionToDN(50)) - Transaction added: a3a688a0-b759-42a1-9d42-7ea63bf88025 <- TX(49)
2021-08-14 14:05:27,888 [SCMBlockDeletingService#0] DEBUG block.SCMBlockDeletingService (DatanodeDeletedBlockTransactions.java:addTransactionToDN(50)) - Transaction added: a3a688a0-b759-42a1-9d42-7ea63bf88025 <- TX(50)
2021-08-14 14:05:27,888 [SCMBlockDeletingService#0] DEBUG block.SCMBlockDeletingService (DatanodeDeletedBlockTransactions.java:addTransactionToDN(50)) - Transaction added: a3a688a0-b759-42a1-9d42-7ea63bf88025 <- TX(51)
2021-08-14 14:05:27,888 [SCMBlockDeletingService#0] DEBUG block.SCMBlockDeletingService (DatanodeDeletedBlockTransactions.java:addTransactionToDN(50)) - Transaction added: a3a688a0-b759-42a1-9d42-7ea63bf88025 <- TX(52)
2021-08-14 14:05:27,888 [SCMBlockDeletingService#0] DEBUG block.SCMBlockDeletingService (DatanodeDeletedBlockTransactions.java:addTransactionToDN(50)) - Transaction added: a3a688a0-b759-42a1-9d42-7ea63bf88025 <- TX(53)
2021-08-14 14:05:27,888 [SCMBlockDeletingService#0] DEBUG block.SCMBlockDeletingService (DatanodeDeletedBlockTransactions.java:addTransactionToDN(50)) - Transaction added: a3a688a0-b759-42a1-9d42-7ea63bf88025 <- TX(54)
2021-08-14 14:05:27,888 [SCMBlockDeletingService#0] DEBUG block.SCMBlockDeletingService (DatanodeDeletedBlockTransactions.java:addTransactionToDN(50)) - Transaction added: a3a688a0-b759-42a1-9d42-7ea63bf88025 <- TX(55)
2021-08-14 14:05:27,888 [SCMBlockDeletingService#0] DEBUG block.SCMBlockDeletingService (DatanodeDeletedBlockTransactions.java:addTransactionToDN(50)) - Transaction added: a3a688a0-b759-42a1-9d42-7ea63bf88025 <- TX(56)
2021-08-14 14:05:27,888 [SCMBlockDeletingService#0] DEBUG block.SCMBlockDeletingService (SCMBlockDeletingService.java:call(164)) - Added delete block command for datanode a3a688a0-b759-42a1-9d42-7ea63bf88025 in the queue, number of delete block transactions: 38
2021-08-14 14:05:27,888 [SCMBlockDeletingService#0] INFO  block.SCMBlockDeletingService (SCMBlockDeletingService.java:call(174)) - Totally added 38 blocks to be deleted for 1 datanodes, task elapsed time: 2ms
2021-08-14 14:05:27,961 [org.apache.hadoop.ozone.container.common.statemachine.commandhandler.DeleteBlocksCommandHandler$DeleteCmdWorker@24a0a0d7] INFO  commandhandler.DeleteBlocksCommandHandler (DeleteBlocksCommandHandler.java:processCmd(261)) - Start to delete container blocks, TXIDs=[1(0),2(0),3(0),4(0),5(0),6(0),7(0),8(0),9(0),10(0),11(0),12(0),13(0),14(0),15(0),16(0),17(0),18(0)], numOfContainers=18, numOfBlocks=18
2021-08-14 14:05:27,961 [org.apache.hadoop.ozone.container.common.statemachine.commandhandler.DeleteBlocksCommandHandler$DeleteCmdWorker@24a0a0d7] INFO  commandhandler.DeleteBlocksCommandHandler (DeleteBlocksCommandHandler.java:processCmd(261)) - Start to delete container blocks, TXIDs=[1(0),2(0),3(0),4(0),5(0),6(0),7(0),8(0),9(0),10(0),11(0),12(0),13(0),14(0),15(0),16(0),17(0),18(0)], numOfContainers=18, numOfBlocks=18
2021-08-14 14:05:27,961 [org.apache.hadoop.ozone.container.common.statemachine.commandhandler.DeleteBlocksCommandHandler$DeleteCmdWorker@24a0a0d7] INFO  commandhandler.DeleteBlocksCommandHandler (DeleteBlocksCommandHandler.java:processCmd(261)) - Start to delete container blocks, TXIDs=[1(0),2(0),3(0),4(0),5(0),6(0),7(0),8(0),9(0),10(0),11(0),12(0),13(0),14(0),15(0),16(0),17(0),18(0),19(0)], numOfContainers=19, numOfBlocks=19
2021-08-14 14:05:27,961 [org.apache.hadoop.ozone.container.common.statemachine.commandhandler.DeleteBlocksCommandHandler$DeleteCmdWorker@24a0a0d7] INFO  commandhandler.DeleteBlocksCommandHandler (DeleteBlocksCommandHandler.java:processCmd(261)) - Start to delete container blocks, TXIDs=[1(0),2(0),3(0),4(0),5(0),6(0),7(0),8(0),9(0),10(0),11(0),12(0),13(0),14(0),15(0),16(0),17(0),18(0),19(0)], numOfContainers=19, numOfBlocks=19
2021-08-14 14:05:27,962 [org.apache.hadoop.ozone.container.common.statemachine.commandhandler.DeleteBlocksCommandHandler$DeleteCmdWorker@24a0a0d7] INFO  commandhandler.DeleteBlocksCommandHandler (DeleteBlocksCommandHandler.java:processCmd(261)) - Start to delete container blocks, TXIDs=[1(0),2(0),3(0),4(0),5(0),6(0),7(0),8(0),9(0),10(0),11(0),12(0),13(0),14(0),15(0),16(0),17(0),18(0),19(0),20(0),21(0),22(0),23(0),24(0),25(0),26(0),27(0),28(0),29(0),30(0),31(0),32(0),33(0),34(0),35(0),36(0),37(0),38(0),39(0),40(0),41(0),42(0),43(0),44(0),45(0),46(0),47(0),48(0),49(0),50(0),51(0),52(0),53(0),54(0),55(0),56(0)], numOfContainers=56, numOfBlocks=56
2021-08-14 14:05:27,963 [org.apache.hadoop.ozone.container.common.statemachine.commandhandler.DeleteBlocksCommandHandler$DeleteCmdWorker@24a0a0d7] INFO  commandhandler.DeleteBlocksCommandHandler (DeleteBlocksCommandHandler.java:processCmd(261)) - Start to delete container blocks, TXIDs=[1(0),2(0),3(0),4(0),5(0),6(0),7(0),8(0),9(0),10(0),11(0),12(0),13(0),14(0),15(0),16(0),17(0),18(0),19(0),20(0),21(0),22(0),23(0),24(0),25(0),26(0),27(0),28(0),29(0),30(0),31(0),32(0),33(0),34(0),35(0),36(0),37(0),38(0),39(0),40(0),41(0),42(0),43(0),44(0),45(0),46(0),47(0),48(0),49(0),50(0),51(0),52(0),53(0),54(0),55(0),56(0)], numOfContainers=56, numOfBlocks=56
2021-08-14 14:05:27,963 [org.apache.hadoop.ozone.container.common.statemachine.commandhandler.DeleteBlocksCommandHandler$DeleteCmdWorker@24a0a0d7] INFO  commandhandler.DeleteBlocksCommandHandler (DeleteBlocksCommandHandler.java:processCmd(261)) - Start to delete container blocks, TXIDs=[1(0),2(0),3(0),4(0),5(0),6(0),7(0),8(0),9(0),10(0),11(0),12(0),13(0),14(0),15(0),16(0),17(0),18(0),19(0),20(0),21(0),22(0),23(0),24(0),25(0),26(0),27(0),28(0),29(0),30(0),31(0),32(0),33(0),34(0),35(0),36(0),37(0),38(0),39(0),40(0),41(0),42(0),43(0),44(0),45(0),46(0),47(0),48(0),49(0),50(0),51(0),52(0),53(0),54(0),55(0),56(0)], numOfContainers=56, numOfBlocks=56
2021-08-14 14:05:27,963 [org.apache.hadoop.ozone.container.common.statemachine.commandhandler.DeleteBlocksCommandHandler$DeleteCmdWorker@24a0a0d7] INFO  commandhandler.DeleteBlocksCommandHandler (DeleteBlocksCommandHandler.java:processCmd(261)) - Start to delete container blocks, TXIDs=[19(0),20(0),21(0),22(0),23(0),24(0),25(0),26(0),27(0),28(0),29(0),30(0),31(0),32(0),33(0),34(0),35(0),36(0),37(0),38(0),39(0),40(0),41(0),42(0),43(0),44(0),45(0),46(0),47(0),48(0),49(0),50(0),51(0),52(0),53(0),54(0),55(0),56(0)], numOfContainers=38, numOfBlocks=38
2021-08-14 14:05:27,963 [org.apache.hadoop.ozone.container.common.statemachine.commandhandler.DeleteBlocksCommandHandler$DeleteCmdWorker@24a0a0d7] INFO  commandhandler.DeleteBlocksCommandHandler (DeleteBlocksCommandHandler.java:processCmd(261)) - Start to delete container blocks, TXIDs=[19(0),20(0),21(0),22(0),23(0),24(0),25(0),26(0),27(0),28(0),29(0),30(0),31(0),32(0),33(0),34(0),35(0),36(0),37(0),38(0),39(0),40(0),41(0),42(0),43(0),44(0),45(0),46(0),47(0),48(0),49(0),50(0),51(0),52(0),53(0),54(0),55(0),56(0)], numOfContainers=38, numOfBlocks=38
2021-08-14 14:05:27,963 [org.apache.hadoop.ozone.container.common.statemachine.commandhandler.DeleteBlocksCommandHandler$DeleteCmdWorker@24a0a0d7] INFO  commandhandler.DeleteBlocksCommandHandler (DeleteBlocksCommandHandler.java:processCmd(261)) - Start to delete container blocks, TXIDs=[19(0),20(0),21(0),22(0),23(0),24(0),25(0),26(0),27(0),28(0),29(0),30(0),31(0),32(0),33(0),34(0),35(0),36(0),37(0),38(0),39(0),40(0),41(0),42(0),43(0),44(0),45(0),46(0),47(0),48(0),49(0),50(0),51(0),52(0),53(0),54(0),55(0),56(0)], numOfContainers=38, numOfBlocks=38
2021-08-14 14:05:27,986 [SCMBlockDeletingService#0] DEBUG block.SCMBlockDeletingService (SCMBlockDeletingService.java:call(133)) - Running DeletedBlockTransactionScanner
2021-08-14 14:05:27,987 [SCMBlockDeletingService#0] DEBUG block.SCMBlockDeletingService (DatanodeDeletedBlockTransactions.java:addTransactionToDN(50)) - Transaction added: a3a688a0-b759-42a1-9d42-7ea63bf88025 <- TX(19)
2021-08-14 14:05:27,987 [SCMBlockDeletingService#0] DEBUG block.SCMBlockDeletingService (DatanodeDeletedBlockTransactions.java:addTransactionToDN(50)) - Transaction added: a3a688a0-b759-42a1-9d42-7ea63bf88025 <- TX(20)
2021-08-14 14:05:27,987 [SCMBlockDeletingService#0] DEBUG block.SCMBlockDeletingService (DatanodeDeletedBlockTransactions.java:addTransactionToDN(50)) - Transaction added: a3a688a0-b759-42a1-9d42-7ea63bf88025 <- TX(21)
2021-08-14 14:05:27,987 [SCMBlockDeletingService#0] DEBUG block.SCMBlockDeletingService (DatanodeDeletedBlockTransactions.java:addTransactionToDN(50)) - Transaction added: a3a688a0-b759-42a1-9d42-7ea63bf88025 <- TX(22)
2021-08-14 14:05:27,988 [SCMBlockDeletingService#0] DEBUG block.SCMBlockDeletingService (DatanodeDeletedBlockTransactions.java:addTransactionToDN(50)) - Transaction added: a3a688a0-b759-42a1-9d42-7ea63bf88025 <- TX(23)
2021-08-14 14:05:27,988 [SCMBlockDeletingService#0] DEBUG block.SCMBlockDeletingService (DatanodeDeletedBlockTransactions.java:addTransactionToDN(50)) - Transaction added: a3a688a0-b759-42a1-9d42-7ea63bf88025 <- TX(24)
2021-08-14 14:05:27,988 [SCMBlockDeletingService#0] DEBUG block.SCMBlockDeletingService (DatanodeDeletedBlockTransactions.java:addTransactionToDN(50)) - Transaction added: a3a688a0-b759-42a1-9d42-7ea63bf88025 <- TX(25)
2021-08-14 14:05:27,988 [SCMBlockDeletingService#0] DEBUG block.SCMBlockDeletingService (DatanodeDeletedBlockTransactions.java:addTransactionToDN(50)) - Transaction added: a3a688a0-b759-42a1-9d42-7ea63bf88025 <- TX(26)
2021-08-14 14:05:27,988 [SCMBlockDeletingService#0] DEBUG block.SCMBlockDeletingService (DatanodeDeletedBlockTransactions.java:addTransactionToDN(50)) - Transaction added: a3a688a0-b759-42a1-9d42-7ea63bf88025 <- TX(27)
2021-08-14 14:05:27,988 [SCMBlockDeletingService#0] DEBUG block.SCMBlockDeletingService (DatanodeDeletedBlockTransactions.java:addTransactionToDN(50)) - Transaction added: a3a688a0-b759-42a1-9d42-7ea63bf88025 <- TX(28)
2021-08-14 14:05:27,988 [SCMBlockDeletingService#0] DEBUG block.SCMBlockDeletingService (DatanodeDeletedBlockTransactions.java:addTransactionToDN(50)) - Transaction added: a3a688a0-b759-42a1-9d42-7ea63bf88025 <- TX(29)
2021-08-14 14:05:27,988 [SCMBlockDeletingService#0] DEBUG block.SCMBlockDeletingService (DatanodeDeletedBlockTransactions.java:addTransactionToDN(50)) - Transaction added: a3a688a0-b759-42a1-9d42-7ea63bf88025 <- TX(30)
2021-08-14 14:05:27,988 [SCMBlockDeletingService#0] DEBUG block.SCMBlockDeletingService (DatanodeDeletedBlockTransactions.java:addTransactionToDN(50)) - Transaction added: a3a688a0-b759-42a1-9d42-7ea63bf88025 <- TX(31)
2021-08-14 14:05:27,988 [SCMBlockDeletingService#0] DEBUG block.SCMBlockDeletingService (DatanodeDeletedBlockTransactions.java:addTransactionToDN(50)) - Transaction added: a3a688a0-b759-42a1-9d42-7ea63bf88025 <- TX(32)
2021-08-14 14:05:27,988 [SCMBlockDeletingService#0] DEBUG block.SCMBlockDeletingService (DatanodeDeletedBlockTransactions.java:addTransactionToDN(50)) - Transaction added: a3a688a0-b759-42a1-9d42-7ea63bf88025 <- TX(33)
2021-08-14 14:05:27,988 [SCMBlockDeletingService#0] DEBUG block.SCMBlockDeletingService (DatanodeDeletedBlockTransactions.java:addTransactionToDN(50)) - Transaction added: a3a688a0-b759-42a1-9d42-7ea63bf88025 <- TX(34)
2021-08-14 14:05:27,988 [SCMBlockDeletingService#0] DEBUG block.SCMBlockDeletingService (DatanodeDeletedBlockTransactions.java:addTransactionToDN(50)) - Transaction added: a3a688a0-b759-42a1-9d42-7ea63bf88025 <- TX(35)
2021-08-14 14:05:27,988 [SCMBlockDeletingService#0] DEBUG block.SCMBlockDeletingService (DatanodeDeletedBlockTransactions.java:addTransactionToDN(50)) - Transaction added: a3a688a0-b759-42a1-9d42-7ea63bf88025 <- TX(36)
2021-08-14 14:05:27,988 [SCMBlockDeletingService#0] DEBUG block.SCMBlockDeletingService (DatanodeDeletedBlockTransactions.java:addTransactionToDN(50)) - Transaction added: a3a688a0-b759-42a1-9d42-7ea63bf88025 <- TX(37)
2021-08-14 14:05:27,988 [SCMBlockDeletingService#0] DEBUG block.SCMBlockDeletingService (DatanodeDeletedBlockTransactions.java:addTransactionToDN(50)) - Transaction added: a3a688a0-b759-42a1-9d42-7ea63bf88025 <- TX(38)
2021-08-14 14:05:27,988 [SCMBlockDeletingService#0] DEBUG block.SCMBlockDeletingService (DatanodeDeletedBlockTransactions.java:addTransactionToDN(50)) - Transaction added: a3a688a0-b759-42a1-9d42-7ea63bf88025 <- TX(39)
2021-08-14 14:05:27,988 [SCMBlockDeletingService#0] DEBUG block.SCMBlockDeletingService (DatanodeDeletedBlockTransactions.java:addTransactionToDN(50)) - Transaction added: a3a688a0-b759-42a1-9d42-7ea63bf88025 <- TX(40)
2021-08-14 14:05:27,988 [SCMBlockDeletingService#0] DEBUG block.SCMBlockDeletingService (DatanodeDeletedBlockTransactions.java:addTransactionToDN(50)) - Transaction added: a3a688a0-b759-42a1-9d42-7ea63bf88025 <- TX(41)
2021-08-14 14:05:27,988 [SCMBlockDeletingService#0] DEBUG block.SCMBlockDeletingService (DatanodeDeletedBlockTransactions.java:addTransactionToDN(50)) - Transaction added: a3a688a0-b759-42a1-9d42-7ea63bf88025 <- TX(42)
2021-08-14 14:05:27,988 [SCMBlockDeletingService#0] DEBUG block.SCMBlockDeletingService (DatanodeDeletedBlockTransactions.java:addTransactionToDN(50)) - Transaction added: a3a688a0-b759-42a1-9d42-7ea63bf88025 <- TX(43)
2021-08-14 14:05:27,988 [SCMBlockDeletingService#0] DEBUG block.SCMBlockDeletingService (DatanodeDeletedBlockTransactions.java:addTransactionToDN(50)) - Transaction added: a3a688a0-b759-42a1-9d42-7ea63bf88025 <- TX(44)
2021-08-14 14:05:27,988 [SCMBlockDeletingService#0] DEBUG block.SCMBlockDeletingService (DatanodeDeletedBlockTransactions.java:addTransactionToDN(50)) - Transaction added: a3a688a0-b759-42a1-9d42-7ea63bf88025 <- TX(45)
2021-08-14 14:05:27,988 [SCMBlockDeletingService#0] DEBUG block.SCMBlockDeletingService (DatanodeDeletedBlockTransactions.java:addTransactionToDN(50)) - Transaction added: a3a688a0-b759-42a1-9d42-7ea63bf88025 <- TX(46)
2021-08-14 14:05:27,988 [SCMBlockDeletingService#0] DEBUG block.SCMBlockDeletingService (DatanodeDeletedBlockTransactions.java:addTransactionToDN(50)) - Transaction added: a3a688a0-b759-42a1-9d42-7ea63bf88025 <- TX(47)
2021-08-14 14:05:27,988 [SCMBlockDeletingService#0] DEBUG block.SCMBlockDeletingService (DatanodeDeletedBlockTransactions.java:addTransactionToDN(50)) - Transaction added: a3a688a0-b759-42a1-9d42-7ea63bf88025 <- TX(48)
2021-08-14 14:05:27,989 [SCMBlockDeletingService#0] DEBUG block.SCMBlockDeletingService (DatanodeDeletedBlockTransactions.java:addTransactionToDN(50)) - Transaction added: a3a688a0-b759-42a1-9d42-7ea63bf88025 <- TX(49)
2021-08-14 14:05:27,989 [SCMBlockDeletingService#0] DEBUG block.SCMBlockDeletingService (DatanodeDeletedBlockTransactions.java:addTransactionToDN(50)) - Transaction added: a3a688a0-b759-42a1-9d42-7ea63bf88025 <- TX(50)
2021-08-14 14:05:27,989 [SCMBlockDeletingService#0] DEBUG block.SCMBlockDeletingService (DatanodeDeletedBlockTransactions.java:addTransactionToDN(50)) - Transaction added: a3a688a0-b759-42a1-9d42-7ea63bf88025 <- TX(51)
2021-08-14 14:05:27,989 [SCMBlockDeletingService#0] DEBUG block.SCMBlockDeletingService (DatanodeDeletedBlockTransactions.java:addTransactionToDN(50)) - Transaction added: a3a688a0-b759-42a1-9d42-7ea63bf88025 <- TX(52)
2021-08-14 14:05:27,989 [SCMBlockDeletingService#0] DEBUG block.SCMBlockDeletingService (DatanodeDeletedBlockTransactions.java:addTransactionToDN(50)) - Transaction added: a3a688a0-b759-42a1-9d42-7ea63bf88025 <- TX(53)
2021-08-14 14:05:27,989 [SCMBlockDeletingService#0] DEBUG block.SCMBlockDeletingService (DatanodeDeletedBlockTransactions.java:addTransactionToDN(50)) - Transaction added: a3a688a0-b759-42a1-9d42-7ea63bf88025 <- TX(54)
2021-08-14 14:05:27,989 [SCMBlockDeletingService#0] DEBUG block.SCMBlockDeletingService (DatanodeDeletedBlockTransactions.java:addTransactionToDN(50)) - Transaction added: a3a688a0-b759-42a1-9d42-7ea63bf88025 <- TX(55)
2021-08-14 14:05:27,989 [SCMBlockDeletingService#0] DEBUG block.SCMBlockDeletingService (DatanodeDeletedBlockTransactions.java:addTransactionToDN(50)) - Transaction added: a3a688a0-b759-42a1-9d42-7ea63bf88025 <- TX(56)
2021-08-14 14:05:27,989 [SCMBlockDeletingService#0] DEBUG block.SCMBlockDeletingService (SCMBlockDeletingService.java:call(164)) - Added delete block command for datanode a3a688a0-b759-42a1-9d42-7ea63bf88025 in the queue, number of delete block transactions: 38
2021-08-14 14:05:27,989 [SCMBlockDeletingService#0] INFO  block.SCMBlockDeletingService (SCMBlockDeletingService.java:call(174)) - Totally added 38 blocks to be deleted for 1 datanodes, task elapsed time: 3ms
2021-08-14 14:05:28,086 [SCMBlockDeletingService#0] DEBUG block.SCMBlockDeletingService (SCMBlockDeletingService.java:call(133)) - Running DeletedBlockTransactionScanner
2021-08-14 14:05:28,087 [SCMBlockDeletingService#0] DEBUG block.SCMBlockDeletingService (DatanodeDeletedBlockTransactions.java:addTransactionToDN(50)) - Transaction added: a3a688a0-b759-42a1-9d42-7ea63bf88025 <- TX(19)
2021-08-14 14:05:28,087 [SCMBlockDeletingService#0] DEBUG block.SCMBlockDeletingService (DatanodeDeletedBlockTransactions.java:addTransactionToDN(50)) - Transaction added: a3a688a0-b759-42a1-9d42-7ea63bf88025 <- TX(20)
2021-08-14 14:05:28,087 [SCMBlockDeletingService#0] DEBUG block.SCMBlockDeletingService (DatanodeDeletedBlockTransactions.java:addTransactionToDN(50)) - Transaction added: a3a688a0-b759-42a1-9d42-7ea63bf88025 <- TX(21)
2021-08-14 14:05:28,087 [SCMBlockDeletingService#0] DEBUG block.SCMBlockDeletingService (DatanodeDeletedBlockTransactions.java:addTransactionToDN(50)) - Transaction added: a3a688a0-b759-42a1-9d42-7ea63bf88025 <- TX(22)
2021-08-14 14:05:28,087 [SCMBlockDeletingService#0] DEBUG block.SCMBlockDeletingService (DatanodeDeletedBlockTransactions.java:addTransactionToDN(50)) - Transaction added: a3a688a0-b759-42a1-9d42-7ea63bf88025 <- TX(23)
2021-08-14 14:05:28,087 [SCMBlockDeletingService#0] DEBUG block.SCMBlockDeletingService (DatanodeDeletedBlockTransactions.java:addTransactionToDN(50)) - Transaction added: a3a688a0-b759-42a1-9d42-7ea63bf88025 <- TX(24)
2021-08-14 14:05:28,087 [SCMBlockDeletingService#0] DEBUG block.SCMBlockDeletingService (DatanodeDeletedBlockTransactions.java:addTransactionToDN(50)) - Transaction added: a3a688a0-b759-42a1-9d42-7ea63bf88025 <- TX(25)
2021-08-14 14:05:28,087 [SCMBlockDeletingService#0] DEBUG block.SCMBlockDeletingService (DatanodeDeletedBlockTransactions.java:addTransactionToDN(50)) - Transaction added: a3a688a0-b759-42a1-9d42-7ea63bf88025 <- TX(26)
2021-08-14 14:05:28,087 [SCMBlockDeletingService#0] DEBUG block.SCMBlockDeletingService (DatanodeDeletedBlockTransactions.java:addTransactionToDN(50)) - Transaction added: a3a688a0-b759-42a1-9d42-7ea63bf88025 <- TX(27)
2021-08-14 14:05:28,087 [SCMBlockDeletingService#0] DEBUG block.SCMBlockDeletingService (DatanodeDeletedBlockTransactions.java:addTransactionToDN(50)) - Transaction added: a3a688a0-b759-42a1-9d42-7ea63bf88025 <- TX(28)
2021-08-14 14:05:28,087 [SCMBlockDeletingService#0] DEBUG block.SCMBlockDeletingService (DatanodeDeletedBlockTransactions.java:addTransactionToDN(50)) - Transaction added: a3a688a0-b759-42a1-9d42-7ea63bf88025 <- TX(29)
2021-08-14 14:05:28,087 [SCMBlockDeletingService#0] DEBUG block.SCMBlockDeletingService (DatanodeDeletedBlockTransactions.java:addTransactionToDN(50)) - Transaction added: a3a688a0-b759-42a1-9d42-7ea63bf88025 <- TX(30)
2021-08-14 14:05:28,087 [SCMBlockDeletingService#0] DEBUG block.SCMBlockDeletingService (DatanodeDeletedBlockTransactions.java:addTransactionToDN(50)) - Transaction added: a3a688a0-b759-42a1-9d42-7ea63bf88025 <- TX(31)
2021-08-14 14:05:28,087 [SCMBlockDeletingService#0] DEBUG block.SCMBlockDeletingService (DatanodeDeletedBlockTransactions.java:addTransactionToDN(50)) - Transaction added: a3a688a0-b759-42a1-9d42-7ea63bf88025 <- TX(32)
2021-08-14 14:05:28,087 [SCMBlockDeletingService#0] DEBUG block.SCMBlockDeletingService (DatanodeDeletedBlockTransactions.java:addTransactionToDN(50)) - Transaction added: a3a688a0-b759-42a1-9d42-7ea63bf88025 <- TX(33)
2021-08-14 14:05:28,087 [SCMBlockDeletingService#0] DEBUG block.SCMBlockDeletingService (DatanodeDeletedBlockTransactions.java:addTransactionToDN(50)) - Transaction added: a3a688a0-b759-42a1-9d42-7ea63bf88025 <- TX(34)
2021-08-14 14:05:28,087 [SCMBlockDeletingService#0] DEBUG block.SCMBlockDeletingService (DatanodeDeletedBlockTransactions.java:addTransactionToDN(50)) - Transaction added: a3a688a0-b759-42a1-9d42-7ea63bf88025 <- TX(35)
2021-08-14 14:05:28,087 [SCMBlockDeletingService#0] DEBUG block.SCMBlockDeletingService (DatanodeDeletedBlockTransactions.java:addTransactionToDN(50)) - Transaction added: a3a688a0-b759-42a1-9d42-7ea63bf88025 <- TX(36)
2021-08-14 14:05:28,087 [SCMBlockDeletingService#0] DEBUG block.SCMBlockDeletingService (DatanodeDeletedBlockTransactions.java:addTransactionToDN(50)) - Transaction added: a3a688a0-b759-42a1-9d42-7ea63bf88025 <- TX(37)
2021-08-14 14:05:28,087 [SCMBlockDeletingService#0] DEBUG block.SCMBlockDeletingService (DatanodeDeletedBlockTransactions.java:addTransactionToDN(50)) - Transaction added: a3a688a0-b759-42a1-9d42-7ea63bf88025 <- TX(38)
2021-08-14 14:05:28,087 [SCMBlockDeletingService#0] DEBUG block.SCMBlockDeletingService (DatanodeDeletedBlockTransactions.java:addTransactionToDN(50)) - Transaction added: a3a688a0-b759-42a1-9d42-7ea63bf88025 <- TX(39)
2021-08-14 14:05:28,088 [SCMBlockDeletingService#0] DEBUG block.SCMBlockDeletingService (DatanodeDeletedBlockTransactions.java:addTransactionToDN(50)) - Transaction added: a3a688a0-b759-42a1-9d42-7ea63bf88025 <- TX(40)
2021-08-14 14:05:28,088 [SCMBlockDeletingService#0] DEBUG block.SCMBlockDeletingService (DatanodeDeletedBlockTransactions.java:addTransactionToDN(50)) - Transaction added: a3a688a0-b759-42a1-9d42-7ea63bf88025 <- TX(41)
2021-08-14 14:05:28,088 [SCMBlockDeletingService#0] DEBUG block.SCMBlockDeletingService (DatanodeDeletedBlockTransactions.java:addTransactionToDN(50)) - Transaction added: a3a688a0-b759-42a1-9d42-7ea63bf88025 <- TX(42)
2021-08-14 14:05:28,088 [SCMBlockDeletingService#0] DEBUG block.SCMBlockDeletingService (DatanodeDeletedBlockTransactions.java:addTransactionToDN(50)) - Transaction added: a3a688a0-b759-42a1-9d42-7ea63bf88025 <- TX(43)
2021-08-14 14:05:28,088 [SCMBlockDeletingService#0] DEBUG block.SCMBlockDeletingService (DatanodeDeletedBlockTransactions.java:addTransactionToDN(50)) - Transaction added: a3a688a0-b759-42a1-9d42-7ea63bf88025 <- TX(44)
2021-08-14 14:05:28,088 [SCMBlockDeletingService#0] DEBUG block.SCMBlockDeletingService (DatanodeDeletedBlockTransactions.java:addTransactionToDN(50)) - Transaction added: a3a688a0-b759-42a1-9d42-7ea63bf88025 <- TX(45)
2021-08-14 14:05:28,088 [SCMBlockDeletingService#0] DEBUG block.SCMBlockDeletingService (DatanodeDeletedBlockTransactions.java:addTransactionToDN(50)) - Transaction added: a3a688a0-b759-42a1-9d42-7ea63bf88025 <- TX(46)
2021-08-14 14:05:28,088 [SCMBlockDeletingService#0] DEBUG block.SCMBlockDeletingService (DatanodeDeletedBlockTransactions.java:addTransactionToDN(50)) - Transaction added: a3a688a0-b759-42a1-9d42-7ea63bf88025 <- TX(47)
2021-08-14 14:05:28,088 [SCMBlockDeletingService#0] DEBUG block.SCMBlockDeletingService (DatanodeDeletedBlockTransactions.java:addTransactionToDN(50)) - Transaction added: a3a688a0-b759-42a1-9d42-7ea63bf88025 <- TX(48)
2021-08-14 14:05:28,088 [SCMBlockDeletingService#0] DEBUG block.SCMBlockDeletingService (DatanodeDeletedBlockTransactions.java:addTransactionToDN(50)) - Transaction added: a3a688a0-b759-42a1-9d42-7ea63bf88025 <- TX(49)
2021-08-14 14:05:28,088 [SCMBlockDeletingService#0] DEBUG block.SCMBlockDeletingService (DatanodeDeletedBlockTransactions.java:addTransactionToDN(50)) - Transaction added: a3a688a0-b759-42a1-9d42-7ea63bf88025 <- TX(50)
2021-08-14 14:05:28,088 [SCMBlockDeletingService#0] DEBUG block.SCMBlockDeletingService (DatanodeDeletedBlockTransactions.java:addTransactionToDN(50)) - Transaction added: a3a688a0-b759-42a1-9d42-7ea63bf88025 <- TX(51)
2021-08-14 14:05:28,088 [SCMBlockDeletingService#0] DEBUG block.SCMBlockDeletingService (DatanodeDeletedBlockTransactions.java:addTransactionToDN(50)) - Transaction added: a3a688a0-b759-42a1-9d42-7ea63bf88025 <- TX(52)
2021-08-14 14:05:28,088 [SCMBlockDeletingService#0] DEBUG block.SCMBlockDeletingService (DatanodeDeletedBlockTransactions.java:addTransactionToDN(50)) - Transaction added: a3a688a0-b759-42a1-9d42-7ea63bf88025 <- TX(53)
2021-08-14 14:05:28,088 [SCMBlockDeletingService#0] DEBUG block.SCMBlockDeletingService (DatanodeDeletedBlockTransactions.java:addTransactionToDN(50)) - Transaction added: a3a688a0-b759-42a1-9d42-7ea63bf88025 <- TX(54)
2021-08-14 14:05:28,088 [SCMBlockDeletingService#0] DEBUG block.SCMBlockDeletingService (DatanodeDeletedBlockTransactions.java:addTransactionToDN(50)) - Transaction added: a3a688a0-b759-42a1-9d42-7ea63bf88025 <- TX(55)
2021-08-14 14:05:28,088 [SCMBlockDeletingService#0] DEBUG block.SCMBlockDeletingService (DatanodeDeletedBlockTransactions.java:addTransactionToDN(50)) - Transaction added: a3a688a0-b759-42a1-9d42-7ea63bf88025 <- TX(56)
2021-08-14 14:05:28,088 [SCMBlockDeletingService#0] DEBUG block.SCMBlockDeletingService (SCMBlockDeletingService.java:call(164)) - Added delete block command for datanode a3a688a0-b759-42a1-9d42-7ea63bf88025 in the queue, number of delete block transactions: 38
2021-08-14 14:05:28,088 [SCMBlockDeletingService#0] INFO  block.SCMBlockDeletingService (SCMBlockDeletingService.java:call(174)) - Totally added 38 blocks to be deleted for 1 datanodes, task elapsed time: 2ms
2021-08-14 14:05:28,186 [SCMBlockDeletingService#0] DEBUG block.SCMBlockDeletingService (SCMBlockDeletingService.java:call(133)) - Running DeletedBlockTransactionScanner
2021-08-14 14:05:28,187 [SCMBlockDeletingService#0] DEBUG block.SCMBlockDeletingService (DatanodeDeletedBlockTransactions.java:addTransactionToDN(50)) - Transaction added: a3a688a0-b759-42a1-9d42-7ea63bf88025 <- TX(19)
2021-08-14 14:05:28,187 [SCMBlockDeletingService#0] DEBUG block.SCMBlockDeletingService (DatanodeDeletedBlockTransactions.java:addTransactionToDN(50)) - Transaction added: a3a688a0-b759-42a1-9d42-7ea63bf88025 <- TX(20)
2021-08-14 14:05:28,187 [SCMBlockDeletingService#0] DEBUG block.SCMBlockDeletingService (DatanodeDeletedBlockTransactions.java:addTransactionToDN(50)) - Transaction added: a3a688a0-b759-42a1-9d42-7ea63bf88025 <- TX(21)
2021-08-14 14:05:28,187 [SCMBlockDeletingService#0] DEBUG block.SCMBlockDeletingService (DatanodeDeletedBlockTransactions.java:addTransactionToDN(50)) - Transaction added: a3a688a0-b759-42a1-9d42-7ea63bf88025 <- TX(22)
2021-08-14 14:05:28,187 [SCMBlockDeletingService#0] DEBUG block.SCMBlockDeletingService (DatanodeDeletedBlockTransactions.java:addTransactionToDN(50)) - Transaction added: a3a688a0-b759-42a1-9d42-7ea63bf88025 <- TX(23)
2021-08-14 14:05:28,187 [SCMBlockDeletingService#0] DEBUG block.SCMBlockDeletingService (DatanodeDeletedBlockTransactions.java:addTransactionToDN(50)) - Transaction added: a3a688a0-b759-42a1-9d42-7ea63bf88025 <- TX(24)
2021-08-14 14:05:28,187 [SCMBlockDeletingService#0] DEBUG block.SCMBlockDeletingService (DatanodeDeletedBlockTransactions.java:addTransactionToDN(50)) - Transaction added: a3a688a0-b759-42a1-9d42-7ea63bf88025 <- TX(25)
2021-08-14 14:05:28,187 [SCMBlockDeletingService#0] DEBUG block.SCMBlockDeletingService (DatanodeDeletedBlockTransactions.java:addTransactionToDN(50)) - Transaction added: a3a688a0-b759-42a1-9d42-7ea63bf88025 <- TX(26)
2021-08-14 14:05:28,187 [SCMBlockDeletingService#0] DEBUG block.SCMBlockDeletingService (DatanodeDeletedBlockTransactions.java:addTransactionToDN(50)) - Transaction added: a3a688a0-b759-42a1-9d42-7ea63bf88025 <- TX(27)
2021-08-14 14:05:28,187 [SCMBlockDeletingService#0] DEBUG block.SCMBlockDeletingService (DatanodeDeletedBlockTransactions.java:addTransactionToDN(50)) - Transaction added: a3a688a0-b759-42a1-9d42-7ea63bf88025 <- TX(28)
2021-08-14 14:05:28,187 [SCMBlockDeletingService#0] DEBUG block.SCMBlockDeletingService (DatanodeDeletedBlockTransactions.java:addTransactionToDN(50)) - Transaction added: a3a688a0-b759-42a1-9d42-7ea63bf88025 <- TX(29)
2021-08-14 14:05:28,187 [SCMBlockDeletingService#0] DEBUG block.SCMBlockDeletingService (DatanodeDeletedBlockTransactions.java:addTransactionToDN(50)) - Transaction added: a3a688a0-b759-42a1-9d42-7ea63bf88025 <- TX(30)
2021-08-14 14:05:28,187 [SCMBlockDeletingService#0] DEBUG block.SCMBlockDeletingService (DatanodeDeletedBlockTransactions.java:addTransactionToDN(50)) - Transaction added: a3a688a0-b759-42a1-9d42-7ea63bf88025 <- TX(31)
2021-08-14 14:05:28,187 [SCMBlockDeletingService#0] DEBUG block.SCMBlockDeletingService (DatanodeDeletedBlockTransactions.java:addTransactionToDN(50)) - Transaction added: a3a688a0-b759-42a1-9d42-7ea63bf88025 <- TX(32)
2021-08-14 14:05:28,187 [SCMBlockDeletingService#0] DEBUG block.SCMBlockDeletingService (DatanodeDeletedBlockTransactions.java:addTransactionToDN(50)) - Transaction added: a3a688a0-b759-42a1-9d42-7ea63bf88025 <- TX(33)
2021-08-14 14:05:28,187 [SCMBlockDeletingService#0] DEBUG block.SCMBlockDeletingService (DatanodeDeletedBlockTransactions.java:addTransactionToDN(50)) - Transaction added: a3a688a0-b759-42a1-9d42-7ea63bf88025 <- TX(34)
2021-08-14 14:05:28,187 [SCMBlockDeletingService#0] DEBUG block.SCMBlockDeletingService (DatanodeDeletedBlockTransactions.java:addTransactionToDN(50)) - Transaction added: a3a688a0-b759-42a1-9d42-7ea63bf88025 <- TX(35)
2021-08-14 14:05:28,187 [SCMBlockDeletingService#0] DEBUG block.SCMBlockDeletingService (DatanodeDeletedBlockTransactions.java:addTransactionToDN(50)) - Transaction added: a3a688a0-b759-42a1-9d42-7ea63bf88025 <- TX(36)
2021-08-14 14:05:28,187 [SCMBlockDeletingService#0] DEBUG block.SCMBlockDeletingService (DatanodeDeletedBlockTransactions.java:addTransactionToDN(50)) - Transaction added: a3a688a0-b759-42a1-9d42-7ea63bf88025 <- TX(37)
2021-08-14 14:05:28,187 [SCMBlockDeletingService#0] DEBUG block.SCMBlockDeletingService (DatanodeDeletedBlockTransactions.java:addTransactionToDN(50)) - Transaction added: a3a688a0-b759-42a1-9d42-7ea63bf88025 <- TX(38)
2021-08-14 14:05:28,187 [SCMBlockDeletingService#0] DEBUG block.SCMBlockDeletingService (DatanodeDeletedBlockTransactions.java:addTransactionToDN(50)) - Transaction added: a3a688a0-b759-42a1-9d42-7ea63bf88025 <- TX(39)
2021-08-14 14:05:28,187 [SCMBlockDeletingService#0] DEBUG block.SCMBlockDeletingService (DatanodeDeletedBlockTransactions.java:addTransactionToDN(50)) - Transaction added: a3a688a0-b759-42a1-9d42-7ea63bf88025 <- TX(40)
2021-08-14 14:05:28,188 [SCMBlockDeletingService#0] DEBUG block.SCMBlockDeletingService (DatanodeDeletedBlockTransactions.java:addTransactionToDN(50)) - Transaction added: a3a688a0-b759-42a1-9d42-7ea63bf88025 <- TX(41)
2021-08-14 14:05:28,188 [SCMBlockDeletingService#0] DEBUG block.SCMBlockDeletingService (DatanodeDeletedBlockTransactions.java:addTransactionToDN(50)) - Transaction added: a3a688a0-b759-42a1-9d42-7ea63bf88025 <- TX(42)
2021-08-14 14:05:28,188 [SCMBlockDeletingService#0] DEBUG block.SCMBlockDeletingService (DatanodeDeletedBlockTransactions.java:addTransactionToDN(50)) - Transaction added: a3a688a0-b759-42a1-9d42-7ea63bf88025 <- TX(43)
2021-08-14 14:05:28,188 [SCMBlockDeletingService#0] DEBUG block.SCMBlockDeletingService (DatanodeDeletedBlockTransactions.java:addTransactionToDN(50)) - Transaction added: a3a688a0-b759-42a1-9d42-7ea63bf88025 <- TX(44)
2021-08-14 14:05:28,188 [SCMBlockDeletingService#0] DEBUG block.SCMBlockDeletingService (DatanodeDeletedBlockTransactions.java:addTransactionToDN(50)) - Transaction added: a3a688a0-b759-42a1-9d42-7ea63bf88025 <- TX(45)
2021-08-14 14:05:28,188 [SCMBlockDeletingService#0] DEBUG block.SCMBlockDeletingService (DatanodeDeletedBlockTransactions.java:addTransactionToDN(50)) - Transaction added: a3a688a0-b759-42a1-9d42-7ea63bf88025 <- TX(46)
2021-08-14 14:05:28,188 [SCMBlockDeletingService#0] DEBUG block.SCMBlockDeletingService (DatanodeDeletedBlockTransactions.java:addTransactionToDN(50)) - Transaction added: a3a688a0-b759-42a1-9d42-7ea63bf88025 <- TX(47)
2021-08-14 14:05:28,188 [SCMBlockDeletingService#0] DEBUG block.SCMBlockDeletingService (DatanodeDeletedBlockTransactions.java:addTransactionToDN(50)) - Transaction added: a3a688a0-b759-42a1-9d42-7ea63bf88025 <- TX(48)
2021-08-14 14:05:28,188 [SCMBlockDeletingService#0] DEBUG block.SCMBlockDeletingService (DatanodeDeletedBlockTransactions.java:addTransactionToDN(50)) - Transaction added: a3a688a0-b759-42a1-9d42-7ea63bf88025 <- TX(49)
2021-08-14 14:05:28,188 [SCMBlockDeletingService#0] DEBUG block.SCMBlockDeletingService (DatanodeDeletedBlockTransactions.java:addTransactionToDN(50)) - Transaction added: a3a688a0-b759-42a1-9d42-7ea63bf88025 <- TX(50)
2021-08-14 14:05:28,188 [SCMBlockDeletingService#0] DEBUG block.SCMBlockDeletingService (DatanodeDeletedBlockTransactions.java:addTransactionToDN(50)) - Transaction added: a3a688a0-b759-42a1-9d42-7ea63bf88025 <- TX(51)
2021-08-14 14:05:28,188 [SCMBlockDeletingService#0] DEBUG block.SCMBlockDeletingService (DatanodeDeletedBlockTransactions.java:addTransactionToDN(50)) - Transaction added: a3a688a0-b759-42a1-9d42-7ea63bf88025 <- TX(52)
2021-08-14 14:05:28,188 [SCMBlockDeletingService#0] DEBUG block.SCMBlockDeletingService (DatanodeDeletedBlockTransactions.java:addTransactionToDN(50)) - Transaction added: a3a688a0-b759-42a1-9d42-7ea63bf88025 <- TX(53)
2021-08-14 14:05:28,188 [SCMBlockDeletingService#0] DEBUG block.SCMBlockDeletingService (DatanodeDeletedBlockTransactions.java:addTransactionToDN(50)) - Transaction added: a3a688a0-b759-42a1-9d42-7ea63bf88025 <- TX(54)
2021-08-14 14:05:28,188 [SCMBlockDeletingService#0] DEBUG block.SCMBlockDeletingService (DatanodeDeletedBlockTransactions.java:addTransactionToDN(50)) - Transaction added: a3a688a0-b759-42a1-9d42-7ea63bf88025 <- TX(55)
2021-08-14 14:05:28,188 [SCMBlockDeletingService#0] DEBUG block.SCMBlockDeletingService (DatanodeDeletedBlockTransactions.java:addTransactionToDN(50)) - Transaction added: a3a688a0-b759-42a1-9d42-7ea63bf88025 <- TX(56)
2021-08-14 14:05:28,188 [SCMBlockDeletingService#0] DEBUG block.SCMBlockDeletingService (SCMBlockDeletingService.java:call(164)) - Added delete block command for datanode a3a688a0-b759-42a1-9d42-7ea63bf88025 in the queue, number of delete block transactions: 38
2021-08-14 14:05:28,188 [SCMBlockDeletingService#0] INFO  block.SCMBlockDeletingService (SCMBlockDeletingService.java:call(174)) - Totally added 38 blocks to be deleted for 1 datanodes, task elapsed time: 2ms
2021-08-14 14:05:28,231 [EventQueue-DeleteBlockStatusForDeletedBlockLogImpl] DEBUG block.DeletedBlockLogImpl (DeletedBlockLogImpl.java:isTransactionFailed(278)) - Got block deletion ACK from datanode, TXIDs=1, success=true
2021-08-14 14:05:28,231 [EventQueue-DeleteBlockStatusForDeletedBlockLogImpl] DEBUG block.DeletedBlockLogImpl (DeletedBlockLogImpl.java:commitTransactions(224)) - Transaction txId=1 commit by dnId=a3a688a0-b759-42a1-9d42-7ea63bf88025 for containerID=#1 failed. Corresponding entry not found.
2021-08-14 14:05:28,231 [EventQueue-DeleteBlockStatusForDeletedBlockLogImpl] DEBUG block.DeletedBlockLogImpl (DeletedBlockLogImpl.java:isTransactionFailed(278)) - Got block deletion ACK from datanode, TXIDs=2, success=true
2021-08-14 14:05:28,231 [EventQueue-DeleteBlockStatusForDeletedBlockLogImpl] DEBUG block.DeletedBlockLogImpl (DeletedBlockLogImpl.java:commitTransactions(224)) - Transaction txId=2 commit by dnId=a3a688a0-b759-42a1-9d42-7ea63bf88025 for containerID=#2 failed. Corresponding entry not found.
2021-08-14 14:05:28,231 [EventQueue-DeleteBlockStatusForDeletedBlockLogImpl] DEBUG block.DeletedBlockLogImpl (DeletedBlockLogImpl.java:isTransactionFailed(278)) - Got block deletion ACK from datanode, TXIDs=3, success=true
2021-08-14 14:05:28,231 [EventQueue-DeleteBlockStatusForDeletedBlockLogImpl] DEBUG block.DeletedBlockLogImpl (DeletedBlockLogImpl.java:commitTransactions(224)) - Transaction txId=3 commit by dnId=a3a688a0-b759-42a1-9d42-7ea63bf88025 for containerID=#3 failed. Corresponding entry not found.
2021-08-14 14:05:28,232 [EventQueue-DeleteBlockStatusForDeletedBlockLogImpl] DEBUG block.DeletedBlockLogImpl (DeletedBlockLogImpl.java:isTransactionFailed(278)) - Got block deletion ACK from datanode, TXIDs=4, success=true
2021-08-14 14:05:28,232 [EventQueue-DeleteBlockStatusForDeletedBlockLogImpl] DEBUG block.DeletedBlockLogImpl (DeletedBlockLogImpl.java:commitTransactions(224)) - Transaction txId=4 commit by dnId=a3a688a0-b759-42a1-9d42-7ea63bf88025 for containerID=#4 failed. Corresponding entry not found.
2021-08-14 14:05:28,232 [EventQueue-DeleteBlockStatusForDeletedBlockLogImpl] DEBUG block.DeletedBlockLogImpl (DeletedBlockLogImpl.java:isTransactionFailed(278)) - Got block deletion ACK from datanode, TXIDs=5, success=true
2021-08-14 14:05:28,232 [EventQueue-DeleteBlockStatusForDeletedBlockLogImpl] DEBUG block.DeletedBlockLogImpl (DeletedBlockLogImpl.java:commitTransactions(224)) - Transaction txId=5 commit by dnId=a3a688a0-b759-42a1-9d42-7ea63bf88025 for containerID=#5 failed. Corresponding entry not found.
2021-08-14 14:05:28,232 [EventQueue-DeleteBlockStatusForDeletedBlockLogImpl] DEBUG block.DeletedBlockLogImpl (DeletedBlockLogImpl.java:isTransactionFailed(278)) - Got block deletion ACK from datanode, TXIDs=6, success=true
2021-08-14 14:05:28,232 [EventQueue-DeleteBlockStatusForDeletedBlockLogImpl] DEBUG block.DeletedBlockLogImpl (DeletedBlockLogImpl.java:commitTransactions(224)) - Transaction txId=6 commit by dnId=a3a688a0-b759-42a1-9d42-7ea63bf88025 for containerID=#6 failed. Corresponding entry not found.
2021-08-14 14:05:28,232 [EventQueue-DeleteBlockStatusForDeletedBlockLogImpl] DEBUG block.DeletedBlockLogImpl (DeletedBlockLogImpl.java:isTransactionFailed(278)) - Got block deletion ACK from datanode, TXIDs=7, success=true
2021-08-14 14:05:28,232 [EventQueue-DeleteBlockStatusForDeletedBlockLogImpl] DEBUG block.DeletedBlockLogImpl (DeletedBlockLogImpl.java:commitTransactions(224)) - Transaction txId=7 commit by dnId=a3a688a0-b759-42a1-9d42-7ea63bf88025 for containerID=#7 failed. Corresponding entry not found.
2021-08-14 14:05:28,232 [EventQueue-DeleteBlockStatusForDeletedBlockLogImpl] DEBUG block.DeletedBlockLogImpl (DeletedBlockLogImpl.java:isTransactionFailed(278)) - Got block deletion ACK from datanode, TXIDs=8, success=true
2021-08-14 14:05:28,232 [EventQueue-DeleteBlockStatusForDeletedBlockLogImpl] DEBUG block.DeletedBlockLogImpl (DeletedBlockLogImpl.java:commitTransactions(224)) - Transaction txId=8 commit by dnId=a3a688a0-b759-42a1-9d42-7ea63bf88025 for containerID=#8 failed. Corresponding entry not found.
2021-08-14 14:05:28,232 [EventQueue-DeleteBlockStatusForDeletedBlockLogImpl] DEBUG block.DeletedBlockLogImpl (DeletedBlockLogImpl.java:isTransactionFailed(278)) - Got block deletion ACK from datanode, TXIDs=9, success=true
2021-08-14 14:05:28,232 [EventQueue-DeleteBlockStatusForDeletedBlockLogImpl] DEBUG block.DeletedBlockLogImpl (DeletedBlockLogImpl.java:commitTransactions(224)) - Transaction txId=9 commit by dnId=a3a688a0-b759-42a1-9d42-7ea63bf88025 for containerID=#9 failed. Corresponding entry not found.
2021-08-14 14:05:28,232 [EventQueue-DeleteBlockStatusForDeletedBlockLogImpl] DEBUG block.DeletedBlockLogImpl (DeletedBlockLogImpl.java:isTransactionFailed(278)) - Got block deletion ACK from datanode, TXIDs=10, success=true
2021-08-14 14:05:28,232 [EventQueue-DeleteBlockStatusForDeletedBlockLogImpl] DEBUG block.DeletedBlockLogImpl (DeletedBlockLogImpl.java:commitTransactions(224)) - Transaction txId=10 commit by dnId=a3a688a0-b759-42a1-9d42-7ea63bf88025 for containerID=#10 failed. Corresponding entry not found.
2021-08-14 14:05:28,232 [EventQueue-DeleteBlockStatusForDeletedBlockLogImpl] DEBUG block.DeletedBlockLogImpl (DeletedBlockLogImpl.java:isTransactionFailed(278)) - Got block deletion ACK from datanode, TXIDs=11, success=true
2021-08-14 14:05:28,232 [EventQueue-DeleteBlockStatusForDeletedBlockLogImpl] DEBUG block.DeletedBlockLogImpl (DeletedBlockLogImpl.java:commitTransactions(224)) - Transaction txId=11 commit by dnId=a3a688a0-b759-42a1-9d42-7ea63bf88025 for containerID=#11 failed. Corresponding entry not found.
2021-08-14 14:05:28,232 [EventQueue-DeleteBlockStatusForDeletedBlockLogImpl] DEBUG block.DeletedBlockLogImpl (DeletedBlockLogImpl.java:isTransactionFailed(278)) - Got block deletion ACK from datanode, TXIDs=12, success=true
2021-08-14 14:05:28,232 [EventQueue-DeleteBlockStatusForDeletedBlockLogImpl] DEBUG block.DeletedBlockLogImpl (DeletedBlockLogImpl.java:commitTransactions(224)) - Transaction txId=12 commit by dnId=a3a688a0-b759-42a1-9d42-7ea63bf88025 for containerID=#12 failed. Corresponding entry not found.
2021-08-14 14:05:28,232 [EventQueue-DeleteBlockStatusForDeletedBlockLogImpl] DEBUG block.DeletedBlockLogImpl (DeletedBlockLogImpl.java:isTransactionFailed(278)) - Got block deletion ACK from datanode, TXIDs=13, success=true
2021-08-14 14:05:28,232 [EventQueue-DeleteBlockStatusForDeletedBlockLogImpl] DEBUG block.DeletedBlockLogImpl (DeletedBlockLogImpl.java:commitTransactions(224)) - Transaction txId=13 commit by dnId=a3a688a0-b759-42a1-9d42-7ea63bf88025 for containerID=#13 failed. Corresponding entry not found.
2021-08-14 14:05:28,232 [EventQueue-DeleteBlockStatusForDeletedBlockLogImpl] DEBUG block.DeletedBlockLogImpl (DeletedBlockLogImpl.java:isTransactionFailed(278)) - Got block deletion ACK from datanode, TXIDs=14, success=true
2021-08-14 14:05:28,232 [EventQueue-DeleteBlockStatusForDeletedBlockLogImpl] DEBUG block.DeletedBlockLogImpl (DeletedBlockLogImpl.java:commitTransactions(224)) - Transaction txId=14 commit by dnId=a3a688a0-b759-42a1-9d42-7ea63bf88025 for containerID=#14 failed. Corresponding entry not found.
2021-08-14 14:05:28,232 [EventQueue-DeleteBlockStatusForDeletedBlockLogImpl] DEBUG block.DeletedBlockLogImpl (DeletedBlockLogImpl.java:isTransactionFailed(278)) - Got block deletion ACK from datanode, TXIDs=15, success=true
2021-08-14 14:05:28,232 [EventQueue-DeleteBlockStatusForDeletedBlockLogImpl] DEBUG block.DeletedBlockLogImpl (DeletedBlockLogImpl.java:commitTransactions(224)) - Transaction txId=15 commit by dnId=a3a688a0-b759-42a1-9d42-7ea63bf88025 for containerID=#15 failed. Corresponding entry not found.
2021-08-14 14:05:28,232 [EventQueue-DeleteBlockStatusForDeletedBlockLogImpl] DEBUG block.DeletedBlockLogImpl (DeletedBlockLogImpl.java:isTransactionFailed(278)) - Got block deletion ACK from datanode, TXIDs=16, success=true
2021-08-14 14:05:28,232 [EventQueue-DeleteBlockStatusForDeletedBlockLogImpl] DEBUG block.DeletedBlockLogImpl (DeletedBlockLogImpl.java:commitTransactions(224)) - Transaction txId=16 commit by dnId=a3a688a0-b759-42a1-9d42-7ea63bf88025 for containerID=#16 failed. Corresponding entry not found.
2021-08-14 14:05:28,232 [EventQueue-DeleteBlockStatusForDeletedBlockLogImpl] DEBUG block.DeletedBlockLogImpl (DeletedBlockLogImpl.java:isTransactionFailed(278)) - Got block deletion ACK from datanode, TXIDs=17, success=true
2021-08-14 14:05:28,232 [EventQueue-DeleteBlockStatusForDeletedBlockLogImpl] DEBUG block.DeletedBlockLogImpl (DeletedBlockLogImpl.java:commitTransactions(224)) - Transaction txId=17 commit by dnId=a3a688a0-b759-42a1-9d42-7ea63bf88025 for containerID=#17 failed. Corresponding entry not found.
2021-08-14 14:05:28,232 [EventQueue-DeleteBlockStatusForDeletedBlockLogImpl] DEBUG block.DeletedBlockLogImpl (DeletedBlockLogImpl.java:isTransactionFailed(278)) - Got block deletion ACK from datanode, TXIDs=18, success=true
2021-08-14 14:05:28,232 [EventQueue-DeleteBlockStatusForDeletedBlockLogImpl] DEBUG block.DeletedBlockLogImpl (DeletedBlockLogImpl.java:commitTransactions(224)) - Transaction txId=18 commit by dnId=a3a688a0-b759-42a1-9d42-7ea63bf88025 for containerID=#18 failed. Corresponding entry not found.
2021-08-14 14:05:28,232 [EventQueue-DeleteBlockStatusForDeletedBlockLogImpl] DEBUG block.DeletedBlockLogImpl (DeletedBlockLogImpl.java:isTransactionFailed(278)) - Got block deletion ACK from datanode, TXIDs=1, success=true
2021-08-14 14:05:28,232 [EventQueue-DeleteBlockStatusForDeletedBlockLogImpl] DEBUG block.DeletedBlockLogImpl (DeletedBlockLogImpl.java:commitTransactions(224)) - Transaction txId=1 commit by dnId=a3a688a0-b759-42a1-9d42-7ea63bf88025 for containerID=#1 failed. Corresponding entry not found.
2021-08-14 14:05:28,232 [EventQueue-DeleteBlockStatusForDeletedBlockLogImpl] DEBUG block.DeletedBlockLogImpl (DeletedBlockLogImpl.java:isTransactionFailed(278)) - Got block deletion ACK from datanode, TXIDs=2, success=true
2021-08-14 14:05:28,232 [EventQueue-DeleteBlockStatusForDeletedBlockLogImpl] DEBUG block.DeletedBlockLogImpl (DeletedBlockLogImpl.java:commitTransactions(224)) - Transaction txId=2 commit by dnId=a3a688a0-b759-42a1-9d42-7ea63bf88025 for containerID=#2 failed. Corresponding entry not found.
2021-08-14 14:05:28,232 [EventQueue-DeleteBlockStatusForDeletedBlockLogImpl] DEBUG block.DeletedBlockLogImpl (DeletedBlockLogImpl.java:isTransactionFailed(278)) - Got block deletion ACK from datanode, TXIDs=3, success=true
2021-08-14 14:05:28,232 [EventQueue-DeleteBlockStatusForDeletedBlockLogImpl] DEBUG block.DeletedBlockLogImpl (DeletedBlockLogImpl.java:commitTransactions(224)) - Transaction txId=3 commit by dnId=a3a688a0-b759-42a1-9d42-7ea63bf88025 for containerID=#3 failed. Corresponding entry not found.
2021-08-14 14:05:28,232 [EventQueue-DeleteBlockStatusForDeletedBlockLogImpl] DEBUG block.DeletedBlockLogImpl (DeletedBlockLogImpl.java:isTransactionFailed(278)) - Got block deletion ACK from datanode, TXIDs=4, success=true
2021-08-14 14:05:28,232 [EventQueue-DeleteBlockStatusForDeletedBlockLogImpl] DEBUG block.DeletedBlockLogImpl (DeletedBlockLogImpl.java:commitTransactions(224)) - Transaction txId=4 commit by dnId=a3a688a0-b759-42a1-9d42-7ea63bf88025 for containerID=#4 failed. Corresponding entry not found.
2021-08-14 14:05:28,232 [EventQueue-DeleteBlockStatusForDeletedBlockLogImpl] DEBUG block.DeletedBlockLogImpl (DeletedBlockLogImpl.java:isTransactionFailed(278)) - Got block deletion ACK from datanode, TXIDs=5, success=true
2021-08-14 14:05:28,232 [EventQueue-DeleteBlockStatusForDeletedBlockLogImpl] DEBUG block.DeletedBlockLogImpl (DeletedBlockLogImpl.java:commitTransactions(224)) - Transaction txId=5 commit by dnId=a3a688a0-b759-42a1-9d42-7ea63bf88025 for containerID=#5 failed. Corresponding entry not found.
2021-08-14 14:05:28,232 [EventQueue-DeleteBlockStatusForDeletedBlockLogImpl] DEBUG block.DeletedBlockLogImpl (DeletedBlockLogImpl.java:isTransactionFailed(278)) - Got block deletion ACK from datanode, TXIDs=6, success=true
2021-08-14 14:05:28,232 [EventQueue-DeleteBlockStatusForDeletedBlockLogImpl] DEBUG block.DeletedBlockLogImpl (DeletedBlockLogImpl.java:commitTransactions(224)) - Transaction txId=6 commit by dnId=a3a688a0-b759-42a1-9d42-7ea63bf88025 for containerID=#6 failed. Corresponding entry not found.
2021-08-14 14:05:28,232 [EventQueue-DeleteBlockStatusForDeletedBlockLogImpl] DEBUG block.DeletedBlockLogImpl (DeletedBlockLogImpl.java:isTransactionFailed(278)) - Got block deletion ACK from datanode, TXIDs=7, success=true
2021-08-14 14:05:28,233 [EventQueue-DeleteBlockStatusForDeletedBlockLogImpl] DEBUG block.DeletedBlockLogImpl (DeletedBlockLogImpl.java:commitTransactions(224)) - Transaction txId=7 commit by dnId=a3a688a0-b759-42a1-9d42-7ea63bf88025 for containerID=#7 failed. Corresponding entry not found.
2021-08-14 14:05:28,233 [EventQueue-DeleteBlockStatusForDeletedBlockLogImpl] DEBUG block.DeletedBlockLogImpl (DeletedBlockLogImpl.java:isTransactionFailed(278)) - Got block deletion ACK from datanode, TXIDs=8, success=true
2021-08-14 14:05:28,233 [EventQueue-DeleteBlockStatusForDeletedBlockLogImpl] DEBUG block.DeletedBlockLogImpl (DeletedBlockLogImpl.java:commitTransactions(224)) - Transaction txId=8 commit by dnId=a3a688a0-b759-42a1-9d42-7ea63bf88025 for containerID=#8 failed. Corresponding entry not found.
2021-08-14 14:05:28,233 [EventQueue-DeleteBlockStatusForDeletedBlockLogImpl] DEBUG block.DeletedBlockLogImpl (DeletedBlockLogImpl.java:isTransactionFailed(278)) - Got block deletion ACK from datanode, TXIDs=9, success=true
2021-08-14 14:05:28,233 [EventQueue-DeleteBlockStatusForDeletedBlockLogImpl] DEBUG block.DeletedBlockLogImpl (DeletedBlockLogImpl.java:commitTransactions(224)) - Transaction txId=9 commit by dnId=a3a688a0-b759-42a1-9d42-7ea63bf88025 for containerID=#9 failed. Corresponding entry not found.
2021-08-14 14:05:28,233 [EventQueue-DeleteBlockStatusForDeletedBlockLogImpl] DEBUG block.DeletedBlockLogImpl (DeletedBlockLogImpl.java:isTransactionFailed(278)) - Got block deletion ACK from datanode, TXIDs=10, success=true
2021-08-14 14:05:28,233 [EventQueue-DeleteBlockStatusForDeletedBlockLogImpl] DEBUG block.DeletedBlockLogImpl (DeletedBlockLogImpl.java:commitTransactions(224)) - Transaction txId=10 commit by dnId=a3a688a0-b759-42a1-9d42-7ea63bf88025 for containerID=#10 failed. Corresponding entry not found.
2021-08-14 14:05:28,233 [EventQueue-DeleteBlockStatusForDeletedBlockLogImpl] DEBUG block.DeletedBlockLogImpl (DeletedBlockLogImpl.java:isTransactionFailed(278)) - Got block deletion ACK from datanode, TXIDs=11, success=true
2021-08-14 14:05:28,233 [EventQueue-DeleteBlockStatusForDeletedBlockLogImpl] DEBUG block.DeletedBlockLogImpl (DeletedBlockLogImpl.java:commitTransactions(224)) - Transaction txId=11 commit by dnId=a3a688a0-b759-42a1-9d42-7ea63bf88025 for containerID=#11 failed. Corresponding entry not found.
2021-08-14 14:05:28,233 [EventQueue-DeleteBlockStatusForDeletedBlockLogImpl] DEBUG block.DeletedBlockLogImpl (DeletedBlockLogImpl.java:isTransactionFailed(278)) - Got block deletion ACK from datanode, TXIDs=12, success=true
2021-08-14 14:05:28,233 [EventQueue-DeleteBlockStatusForDeletedBlockLogImpl] DEBUG block.DeletedBlockLogImpl (DeletedBlockLogImpl.java:commitTransactions(224)) - Transaction txId=12 commit by dnId=a3a688a0-b759-42a1-9d42-7ea63bf88025 for containerID=#12 failed. Corresponding entry not found.
2021-08-14 14:05:28,233 [EventQueue-DeleteBlockStatusForDeletedBlockLogImpl] DEBUG block.DeletedBlockLogImpl (DeletedBlockLogImpl.java:isTransactionFailed(278)) - Got block deletion ACK from datanode, TXIDs=13, success=true
2021-08-14 14:05:28,233 [EventQueue-DeleteBlockStatusForDeletedBlockLogImpl] DEBUG block.DeletedBlockLogImpl (DeletedBlockLogImpl.java:commitTransactions(224)) - Transaction txId=13 commit by dnId=a3a688a0-b759-42a1-9d42-7ea63bf88025 for containerID=#13 failed. Corresponding entry not found.
2021-08-14 14:05:28,233 [EventQueue-DeleteBlockStatusForDeletedBlockLogImpl] DEBUG block.DeletedBlockLogImpl (DeletedBlockLogImpl.java:isTransactionFailed(278)) - Got block deletion ACK from datanode, TXIDs=14, success=true
2021-08-14 14:05:28,233 [EventQueue-DeleteBlockStatusForDeletedBlockLogImpl] DEBUG block.DeletedBlockLogImpl (DeletedBlockLogImpl.java:commitTransactions(224)) - Transaction txId=14 commit by dnId=a3a688a0-b759-42a1-9d42-7ea63bf88025 for containerID=#14 failed. Corresponding entry not found.
2021-08-14 14:05:28,233 [EventQueue-DeleteBlockStatusForDeletedBlockLogImpl] DEBUG block.DeletedBlockLogImpl (DeletedBlockLogImpl.java:isTransactionFailed(278)) - Got block deletion ACK from datanode, TXIDs=15, success=true
2021-08-14 14:05:28,233 [EventQueue-DeleteBlockStatusForDeletedBlockLogImpl] DEBUG block.DeletedBlockLogImpl (DeletedBlockLogImpl.java:commitTransactions(224)) - Transaction txId=15 commit by dnId=a3a688a0-b759-42a1-9d42-7ea63bf88025 for containerID=#15 failed. Corresponding entry not found.
2021-08-14 14:05:28,233 [EventQueue-DeleteBlockStatusForDeletedBlockLogImpl] DEBUG block.DeletedBlockLogImpl (DeletedBlockLogImpl.java:isTransactionFailed(278)) - Got block deletion ACK from datanode, TXIDs=16, success=true
2021-08-14 14:05:28,233 [EventQueue-DeleteBlockStatusForDeletedBlockLogImpl] DEBUG block.DeletedBlockLogImpl (DeletedBlockLogImpl.java:commitTransactions(224)) - Transaction txId=16 commit by dnId=a3a688a0-b759-42a1-9d42-7ea63bf88025 for containerID=#16 failed. Corresponding entry not found.
2021-08-14 14:05:28,233 [EventQueue-DeleteBlockStatusForDeletedBlockLogImpl] DEBUG block.DeletedBlockLogImpl (DeletedBlockLogImpl.java:isTransactionFailed(278)) - Got block deletion ACK from datanode, TXIDs=17, success=true
2021-08-14 14:05:28,233 [EventQueue-DeleteBlockStatusForDeletedBlockLogImpl] DEBUG block.DeletedBlockLogImpl (DeletedBlockLogImpl.java:commitTransactions(224)) - Transaction txId=17 commit by dnId=a3a688a0-b759-42a1-9d42-7ea63bf88025 for containerID=#17 failed. Corresponding entry not found.
2021-08-14 14:05:28,233 [EventQueue-DeleteBlockStatusForDeletedBlockLogImpl] DEBUG block.DeletedBlockLogImpl (DeletedBlockLogImpl.java:isTransactionFailed(278)) - Got block deletion ACK from datanode, TXIDs=18, success=true
2021-08-14 14:05:28,233 [EventQueue-DeleteBlockStatusForDeletedBlockLogImpl] DEBUG block.DeletedBlockLogImpl (DeletedBlockLogImpl.java:commitTransactions(224)) - Transaction txId=18 commit by dnId=a3a688a0-b759-42a1-9d42-7ea63bf88025 for containerID=#18 failed. Corresponding entry not found.
2021-08-14 14:05:28,233 [EventQueue-DeleteBlockStatusForDeletedBlockLogImpl] DEBUG block.DeletedBlockLogImpl (DeletedBlockLogImpl.java:isTransactionFailed(278)) - Got block deletion ACK from datanode, TXIDs=1, success=true
2021-08-14 14:05:28,233 [EventQueue-DeleteBlockStatusForDeletedBlockLogImpl] DEBUG block.DeletedBlockLogImpl (DeletedBlockLogImpl.java:commitTransactions(224)) - Transaction txId=1 commit by dnId=a3a688a0-b759-42a1-9d42-7ea63bf88025 for containerID=#1 failed. Corresponding entry not found.
2021-08-14 14:05:28,233 [EventQueue-DeleteBlockStatusForDeletedBlockLogImpl] DEBUG block.DeletedBlockLogImpl (DeletedBlockLogImpl.java:isTransactionFailed(278)) - Got block deletion ACK from datanode, TXIDs=2, success=true
2021-08-14 14:05:28,233 [EventQueue-DeleteBlockStatusForDeletedBlockLogImpl] DEBUG block.DeletedBlockLogImpl (DeletedBlockLogImpl.java:commitTransactions(224)) - Transaction txId=2 commit by dnId=a3a688a0-b759-42a1-9d42-7ea63bf88025 for containerID=#2 failed. Corresponding entry not found.
2021-08-14 14:05:28,233 [EventQueue-DeleteBlockStatusForDeletedBlockLogImpl] DEBUG block.DeletedBlockLogImpl (DeletedBlockLogImpl.java:isTransactionFailed(278)) - Got block deletion ACK from datanode, TXIDs=3, success=true
2021-08-14 14:05:28,233 [EventQueue-DeleteBlockStatusForDeletedBlockLogImpl] DEBUG block.DeletedBlockLogImpl (DeletedBlockLogImpl.java:commitTransactions(224)) - Transaction txId=3 commit by dnId=a3a688a0-b759-42a1-9d42-7ea63bf88025 for containerID=#3 failed. Corresponding entry not found.
2021-08-14 14:05:28,233 [EventQueue-DeleteBlockStatusForDeletedBlockLogImpl] DEBUG block.DeletedBlockLogImpl (DeletedBlockLogImpl.java:isTransactionFailed(278)) - Got block deletion ACK from datanode, TXIDs=4, success=true
2021-08-14 14:05:28,233 [EventQueue-DeleteBlockStatusForDeletedBlockLogImpl] DEBUG block.DeletedBlockLogImpl (DeletedBlockLogImpl.java:commitTransactions(224)) - Transaction txId=4 commit by dnId=a3a688a0-b759-42a1-9d42-7ea63bf88025 for containerID=#4 failed. Corresponding entry not found.
2021-08-14 14:05:28,233 [EventQueue-DeleteBlockStatusForDeletedBlockLogImpl] DEBUG block.DeletedBlockLogImpl (DeletedBlockLogImpl.java:isTransactionFailed(278)) - Got block deletion ACK from datanode, TXIDs=5, success=true
2021-08-14 14:05:28,233 [EventQueue-DeleteBlockStatusForDeletedBlockLogImpl] DEBUG block.DeletedBlockLogImpl (DeletedBlockLogImpl.java:commitTransactions(224)) - Transaction txId=5 commit by dnId=a3a688a0-b759-42a1-9d42-7ea63bf88025 for containerID=#5 failed. Corresponding entry not found.
2021-08-14 14:05:28,233 [EventQueue-DeleteBlockStatusForDeletedBlockLogImpl] DEBUG block.DeletedBlockLogImpl (DeletedBlockLogImpl.java:isTransactionFailed(278)) - Got block deletion ACK from datanode, TXIDs=6, success=true
2021-08-14 14:05:28,233 [EventQueue-DeleteBlockStatusForDeletedBlockLogImpl] DEBUG block.DeletedBlockLogImpl (DeletedBlockLogImpl.java:commitTransactions(224)) - Transaction txId=6 commit by dnId=a3a688a0-b759-42a1-9d42-7ea63bf88025 for containerID=#6 failed. Corresponding entry not found.
2021-08-14 14:05:28,233 [EventQueue-DeleteBlockStatusForDeletedBlockLogImpl] DEBUG block.DeletedBlockLogImpl (DeletedBlockLogImpl.java:isTransactionFailed(278)) - Got block deletion ACK from datanode, TXIDs=7, success=true
2021-08-14 14:05:28,233 [EventQueue-DeleteBlockStatusForDeletedBlockLogImpl] DEBUG block.DeletedBlockLogImpl (DeletedBlockLogImpl.java:commitTransactions(224)) - Transaction txId=7 commit by dnId=a3a688a0-b759-42a1-9d42-7ea63bf88025 for containerID=#7 failed. Corresponding entry not found.
2021-08-14 14:05:28,233 [EventQueue-DeleteBlockStatusForDeletedBlockLogImpl] DEBUG block.DeletedBlockLogImpl (DeletedBlockLogImpl.java:isTransactionFailed(278)) - Got block deletion ACK from datanode, TXIDs=8, success=true
2021-08-14 14:05:28,233 [EventQueue-DeleteBlockStatusForDeletedBlockLogImpl] DEBUG block.DeletedBlockLogImpl (DeletedBlockLogImpl.java:commitTransactions(224)) - Transaction txId=8 commit by dnId=a3a688a0-b759-42a1-9d42-7ea63bf88025 for containerID=#8 failed. Corresponding entry not found.
2021-08-14 14:05:28,233 [EventQueue-DeleteBlockStatusForDeletedBlockLogImpl] DEBUG block.DeletedBlockLogImpl (DeletedBlockLogImpl.java:isTransactionFailed(278)) - Got block deletion ACK from datanode, TXIDs=9, success=true
2021-08-14 14:05:28,233 [EventQueue-DeleteBlockStatusForDeletedBlockLogImpl] DEBUG block.DeletedBlockLogImpl (DeletedBlockLogImpl.java:commitTransactions(224)) - Transaction txId=9 commit by dnId=a3a688a0-b759-42a1-9d42-7ea63bf88025 for containerID=#9 failed. Corresponding entry not found.
2021-08-14 14:05:28,233 [EventQueue-DeleteBlockStatusForDeletedBlockLogImpl] DEBUG block.DeletedBlockLogImpl (DeletedBlockLogImpl.java:isTransactionFailed(278)) - Got block deletion ACK from datanode, TXIDs=10, success=true
2021-08-14 14:05:28,234 [EventQueue-DeleteBlockStatusForDeletedBlockLogImpl] DEBUG block.DeletedBlockLogImpl (DeletedBlockLogImpl.java:commitTransactions(224)) - Transaction txId=10 commit by dnId=a3a688a0-b759-42a1-9d42-7ea63bf88025 for containerID=#10 failed. Corresponding entry not found.
2021-08-14 14:05:28,234 [EventQueue-DeleteBlockStatusForDeletedBlockLogImpl] DEBUG block.DeletedBlockLogImpl (DeletedBlockLogImpl.java:isTransactionFailed(278)) - Got block deletion ACK from datanode, TXIDs=11, success=true
2021-08-14 14:05:28,234 [EventQueue-DeleteBlockStatusForDeletedBlockLogImpl] DEBUG block.DeletedBlockLogImpl (DeletedBlockLogImpl.java:commitTransactions(224)) - Transaction txId=11 commit by dnId=a3a688a0-b759-42a1-9d42-7ea63bf88025 for containerID=#11 failed. Corresponding entry not found.
2021-08-14 14:05:28,234 [EventQueue-DeleteBlockStatusForDeletedBlockLogImpl] DEBUG block.DeletedBlockLogImpl (DeletedBlockLogImpl.java:isTransactionFailed(278)) - Got block deletion ACK from datanode, TXIDs=12, success=true
2021-08-14 14:05:28,234 [EventQueue-DeleteBlockStatusForDeletedBlockLogImpl] DEBUG block.DeletedBlockLogImpl (DeletedBlockLogImpl.java:commitTransactions(224)) - Transaction txId=12 commit by dnId=a3a688a0-b759-42a1-9d42-7ea63bf88025 for containerID=#12 failed. Corresponding entry not found.
2021-08-14 14:05:28,234 [EventQueue-DeleteBlockStatusForDeletedBlockLogImpl] DEBUG block.DeletedBlockLogImpl (DeletedBlockLogImpl.java:isTransactionFailed(278)) - Got block deletion ACK from datanode, TXIDs=13, success=true
2021-08-14 14:05:28,234 [EventQueue-DeleteBlockStatusForDeletedBlockLogImpl] DEBUG block.DeletedBlockLogImpl (DeletedBlockLogImpl.java:commitTransactions(224)) - Transaction txId=13 commit by dnId=a3a688a0-b759-42a1-9d42-7ea63bf88025 for containerID=#13 failed. Corresponding entry not found.
2021-08-14 14:05:28,234 [EventQueue-DeleteBlockStatusForDeletedBlockLogImpl] DEBUG block.DeletedBlockLogImpl (DeletedBlockLogImpl.java:isTransactionFailed(278)) - Got block deletion ACK from datanode, TXIDs=14, success=true
2021-08-14 14:05:28,234 [EventQueue-DeleteBlockStatusForDeletedBlockLogImpl] DEBUG block.DeletedBlockLogImpl (DeletedBlockLogImpl.java:commitTransactions(224)) - Transaction txId=14 commit by dnId=a3a688a0-b759-42a1-9d42-7ea63bf88025 for containerID=#14 failed. Corresponding entry not found.
2021-08-14 14:05:28,234 [EventQueue-DeleteBlockStatusForDeletedBlockLogImpl] DEBUG block.DeletedBlockLogImpl (DeletedBlockLogImpl.java:isTransactionFailed(278)) - Got block deletion ACK from datanode, TXIDs=15, success=true
2021-08-14 14:05:28,234 [EventQueue-DeleteBlockStatusForDeletedBlockLogImpl] DEBUG block.DeletedBlockLogImpl (DeletedBlockLogImpl.java:commitTransactions(224)) - Transaction txId=15 commit by dnId=a3a688a0-b759-42a1-9d42-7ea63bf88025 for containerID=#15 failed. Corresponding entry not found.
2021-08-14 14:05:28,234 [EventQueue-DeleteBlockStatusForDeletedBlockLogImpl] DEBUG block.DeletedBlockLogImpl (DeletedBlockLogImpl.java:isTransactionFailed(278)) - Got block deletion ACK from datanode, TXIDs=16, success=true
2021-08-14 14:05:28,234 [EventQueue-DeleteBlockStatusForDeletedBlockLogImpl] DEBUG block.DeletedBlockLogImpl (DeletedBlockLogImpl.java:commitTransactions(224)) - Transaction txId=16 commit by dnId=a3a688a0-b759-42a1-9d42-7ea63bf88025 for containerID=#16 failed. Corresponding entry not found.
2021-08-14 14:05:28,234 [EventQueue-DeleteBlockStatusForDeletedBlockLogImpl] DEBUG block.DeletedBlockLogImpl (DeletedBlockLogImpl.java:isTransactionFailed(278)) - Got block deletion ACK from datanode, TXIDs=17, success=true
2021-08-14 14:05:28,234 [EventQueue-DeleteBlockStatusForDeletedBlockLogImpl] DEBUG block.DeletedBlockLogImpl (DeletedBlockLogImpl.java:commitTransactions(224)) - Transaction txId=17 commit by dnId=a3a688a0-b759-42a1-9d42-7ea63bf88025 for containerID=#17 failed. Corresponding entry not found.
2021-08-14 14:05:28,234 [EventQueue-DeleteBlockStatusForDeletedBlockLogImpl] DEBUG block.DeletedBlockLogImpl (DeletedBlockLogImpl.java:isTransactionFailed(278)) - Got block deletion ACK from datanode, TXIDs=18, success=true
2021-08-14 14:05:28,234 [EventQueue-DeleteBlockStatusForDeletedBlockLogImpl] DEBUG block.DeletedBlockLogImpl (DeletedBlockLogImpl.java:commitTransactions(224)) - Transaction txId=18 commit by dnId=a3a688a0-b759-42a1-9d42-7ea63bf88025 for containerID=#18 failed. Corresponding entry not found.
2021-08-14 14:05:28,234 [EventQueue-DeleteBlockStatusForDeletedBlockLogImpl] DEBUG block.DeletedBlockLogImpl (DeletedBlockLogImpl.java:isTransactionFailed(278)) - Got block deletion ACK from datanode, TXIDs=19, success=true
2021-08-14 14:05:28,234 [EventQueue-DeleteBlockStatusForDeletedBlockLogImpl] DEBUG block.DeletedBlockLogImpl (DeletedBlockLogImpl.java:commitTransactions(250)) - Purging txId=19 from block deletion log
2021-08-14 14:05:28,234 [EventQueue-DeleteBlockStatusForDeletedBlockLogImpl] DEBUG block.DeletedBlockLogImpl (DeletedBlockLogImpl.java:commitTransactions(256)) - Datanode txId=19 containerId=#19 committed by dnId=a3a688a0-b759-42a1-9d42-7ea63bf88025
2021-08-14 14:05:28,234 [EventQueue-DeleteBlockStatusForDeletedBlockLogImpl] DEBUG block.DeletedBlockLogImpl (DeletedBlockLogImpl.java:isTransactionFailed(278)) - Got block deletion ACK from datanode, TXIDs=1, success=true
2021-08-14 14:05:28,234 [EventQueue-DeleteBlockStatusForDeletedBlockLogImpl] DEBUG block.DeletedBlockLogImpl (DeletedBlockLogImpl.java:commitTransactions(224)) - Transaction txId=1 commit by dnId=a3a688a0-b759-42a1-9d42-7ea63bf88025 for containerID=#1 failed. Corresponding entry not found.
2021-08-14 14:05:28,234 [EventQueue-DeleteBlockStatusForDeletedBlockLogImpl] DEBUG block.DeletedBlockLogImpl (DeletedBlockLogImpl.java:isTransactionFailed(278)) - Got block deletion ACK from datanode, TXIDs=2, success=true
2021-08-14 14:05:28,234 [EventQueue-DeleteBlockStatusForDeletedBlockLogImpl] DEBUG block.DeletedBlockLogImpl (DeletedBlockLogImpl.java:commitTransactions(224)) - Transaction txId=2 commit by dnId=a3a688a0-b759-42a1-9d42-7ea63bf88025 for containerID=#2 failed. Corresponding entry not found.
2021-08-14 14:05:28,234 [EventQueue-DeleteBlockStatusForDeletedBlockLogImpl] DEBUG block.DeletedBlockLogImpl (DeletedBlockLogImpl.java:isTransactionFailed(278)) - Got block deletion ACK from datanode, TXIDs=3, success=true
2021-08-14 14:05:28,234 [EventQueue-DeleteBlockStatusForDeletedBlockLogImpl] DEBUG block.DeletedBlockLogImpl (DeletedBlockLogImpl.java:commitTransactions(224)) - Transaction txId=3 commit by dnId=a3a688a0-b759-42a1-9d42-7ea63bf88025 for containerID=#3 failed. Corresponding entry not found.
2021-08-14 14:05:28,234 [EventQueue-DeleteBlockStatusForDeletedBlockLogImpl] DEBUG block.DeletedBlockLogImpl (DeletedBlockLogImpl.java:isTransactionFailed(278)) - Got block deletion ACK from datanode, TXIDs=4, success=true
2021-08-14 14:05:28,234 [EventQueue-DeleteBlockStatusForDeletedBlockLogImpl] DEBUG block.DeletedBlockLogImpl (DeletedBlockLogImpl.java:commitTransactions(224)) - Transaction txId=4 commit by dnId=a3a688a0-b759-42a1-9d42-7ea63bf88025 for containerID=#4 failed. Corresponding entry not found.
2021-08-14 14:05:28,234 [EventQueue-DeleteBlockStatusForDeletedBlockLogImpl] DEBUG block.DeletedBlockLogImpl (DeletedBlockLogImpl.java:isTransactionFailed(278)) - Got block deletion ACK from datanode, TXIDs=5, success=true
2021-08-14 14:05:28,234 [EventQueue-DeleteBlockStatusForDeletedBlockLogImpl] DEBUG block.DeletedBlockLogImpl (DeletedBlockLogImpl.java:commitTransactions(224)) - Transaction txId=5 commit by dnId=a3a688a0-b759-42a1-9d42-7ea63bf88025 for containerID=#5 failed. Corresponding entry not found.
2021-08-14 14:05:28,234 [EventQueue-DeleteBlockStatusForDeletedBlockLogImpl] DEBUG block.DeletedBlockLogImpl (DeletedBlockLogImpl.java:isTransactionFailed(278)) - Got block deletion ACK from datanode, TXIDs=6, success=true
2021-08-14 14:05:28,234 [EventQueue-DeleteBlockStatusForDeletedBlockLogImpl] DEBUG block.DeletedBlockLogImpl (DeletedBlockLogImpl.java:commitTransactions(224)) - Transaction txId=6 commit by dnId=a3a688a0-b759-42a1-9d42-7ea63bf88025 for containerID=#6 failed. Corresponding entry not found.
2021-08-14 14:05:28,234 [EventQueue-DeleteBlockStatusForDeletedBlockLogImpl] DEBUG block.DeletedBlockLogImpl (DeletedBlockLogImpl.java:isTransactionFailed(278)) - Got block deletion ACK from datanode, TXIDs=7, success=true
2021-08-14 14:05:28,234 [EventQueue-DeleteBlockStatusForDeletedBlockLogImpl] DEBUG block.DeletedBlockLogImpl (DeletedBlockLogImpl.java:commitTransactions(224)) - Transaction txId=7 commit by dnId=a3a688a0-b759-42a1-9d42-7ea63bf88025 for containerID=#7 failed. Corresponding entry not found.
2021-08-14 14:05:28,235 [EventQueue-DeleteBlockStatusForDeletedBlockLogImpl] DEBUG block.DeletedBlockLogImpl (DeletedBlockLogImpl.java:isTransactionFailed(278)) - Got block deletion ACK from datanode, TXIDs=8, success=true
2021-08-14 14:05:28,235 [EventQueue-DeleteBlockStatusForDeletedBlockLogImpl] DEBUG block.DeletedBlockLogImpl (DeletedBlockLogImpl.java:commitTransactions(224)) - Transaction txId=8 commit by dnId=a3a688a0-b759-42a1-9d42-7ea63bf88025 for containerID=#8 failed. Corresponding entry not found.
2021-08-14 14:05:28,235 [EventQueue-DeleteBlockStatusForDeletedBlockLogImpl] DEBUG block.DeletedBlockLogImpl (DeletedBlockLogImpl.java:isTransactionFailed(278)) - Got block deletion ACK from datanode, TXIDs=9, success=true
2021-08-14 14:05:28,235 [EventQueue-DeleteBlockStatusForDeletedBlockLogImpl] DEBUG block.DeletedBlockLogImpl (DeletedBlockLogImpl.java:commitTransactions(224)) - Transaction txId=9 commit by dnId=a3a688a0-b759-42a1-9d42-7ea63bf88025 for containerID=#9 failed. Corresponding entry not found.
2021-08-14 14:05:28,235 [EventQueue-DeleteBlockStatusForDeletedBlockLogImpl] DEBUG block.DeletedBlockLogImpl (DeletedBlockLogImpl.java:isTransactionFailed(278)) - Got block deletion ACK from datanode, TXIDs=10, success=true
2021-08-14 14:05:28,235 [EventQueue-DeleteBlockStatusForDeletedBlockLogImpl] DEBUG block.DeletedBlockLogImpl (DeletedBlockLogImpl.java:commitTransactions(224)) - Transaction txId=10 commit by dnId=a3a688a0-b759-42a1-9d42-7ea63bf88025 for containerID=#10 failed. Corresponding entry not found.
2021-08-14 14:05:28,235 [EventQueue-DeleteBlockStatusForDeletedBlockLogImpl] DEBUG block.DeletedBlockLogImpl (DeletedBlockLogImpl.java:isTransactionFailed(278)) - Got block deletion ACK from datanode, TXIDs=11, success=true
2021-08-14 14:05:28,235 [EventQueue-DeleteBlockStatusForDeletedBlockLogImpl] DEBUG block.DeletedBlockLogImpl (DeletedBlockLogImpl.java:commitTransactions(224)) - Transaction txId=11 commit by dnId=a3a688a0-b759-42a1-9d42-7ea63bf88025 for containerID=#11 failed. Corresponding entry not found.
2021-08-14 14:05:28,235 [EventQueue-DeleteBlockStatusForDeletedBlockLogImpl] DEBUG block.DeletedBlockLogImpl (DeletedBlockLogImpl.java:isTransactionFailed(278)) - Got block deletion ACK from datanode, TXIDs=12, success=true
2021-08-14 14:05:28,235 [EventQueue-DeleteBlockStatusForDeletedBlockLogImpl] DEBUG block.DeletedBlockLogImpl (DeletedBlockLogImpl.java:commitTransactions(224)) - Transaction txId=12 commit by dnId=a3a688a0-b759-42a1-9d42-7ea63bf88025 for containerID=#12 failed. Corresponding entry not found.
2021-08-14 14:05:28,235 [EventQueue-DeleteBlockStatusForDeletedBlockLogImpl] DEBUG block.DeletedBlockLogImpl (DeletedBlockLogImpl.java:isTransactionFailed(278)) - Got block deletion ACK from datanode, TXIDs=13, success=true
2021-08-14 14:05:28,235 [EventQueue-DeleteBlockStatusForDeletedBlockLogImpl] DEBUG block.DeletedBlockLogImpl (DeletedBlockLogImpl.java:commitTransactions(224)) - Transaction txId=13 commit by dnId=a3a688a0-b759-42a1-9d42-7ea63bf88025 for containerID=#13 failed. Corresponding entry not found.
2021-08-14 14:05:28,235 [EventQueue-DeleteBlockStatusForDeletedBlockLogImpl] DEBUG block.DeletedBlockLogImpl (DeletedBlockLogImpl.java:isTransactionFailed(278)) - Got block deletion ACK from datanode, TXIDs=14, success=true
2021-08-14 14:05:28,235 [EventQueue-DeleteBlockStatusForDeletedBlockLogImpl] DEBUG block.DeletedBlockLogImpl (DeletedBlockLogImpl.java:commitTransactions(224)) - Transaction txId=14 commit by dnId=a3a688a0-b759-42a1-9d42-7ea63bf88025 for containerID=#14 failed. Corresponding entry not found.
2021-08-14 14:05:28,235 [EventQueue-DeleteBlockStatusForDeletedBlockLogImpl] DEBUG block.DeletedBlockLogImpl (DeletedBlockLogImpl.java:isTransactionFailed(278)) - Got block deletion ACK from datanode, TXIDs=15, success=true
2021-08-14 14:05:28,235 [EventQueue-DeleteBlockStatusForDeletedBlockLogImpl] DEBUG block.DeletedBlockLogImpl (DeletedBlockLogImpl.java:commitTransactions(224)) - Transaction txId=15 commit by dnId=a3a688a0-b759-42a1-9d42-7ea63bf88025 for containerID=#15 failed. Corresponding entry not found.
2021-08-14 14:05:28,235 [EventQueue-DeleteBlockStatusForDeletedBlockLogImpl] DEBUG block.DeletedBlockLogImpl (DeletedBlockLogImpl.java:isTransactionFailed(278)) - Got block deletion ACK from datanode, TXIDs=16, success=true
2021-08-14 14:05:28,235 [EventQueue-DeleteBlockStatusForDeletedBlockLogImpl] DEBUG block.DeletedBlockLogImpl (DeletedBlockLogImpl.java:commitTransactions(224)) - Transaction txId=16 commit by dnId=a3a688a0-b759-42a1-9d42-7ea63bf88025 for containerID=#16 failed. Corresponding entry not found.
2021-08-14 14:05:28,235 [EventQueue-DeleteBlockStatusForDeletedBlockLogImpl] DEBUG block.DeletedBlockLogImpl (DeletedBlockLogImpl.java:isTransactionFailed(278)) - Got block deletion ACK from datanode, TXIDs=17, success=true
2021-08-14 14:05:28,235 [EventQueue-DeleteBlockStatusForDeletedBlockLogImpl] DEBUG block.DeletedBlockLogImpl (DeletedBlockLogImpl.java:commitTransactions(224)) - Transaction txId=17 commit by dnId=a3a688a0-b759-42a1-9d42-7ea63bf88025 for containerID=#17 failed. Corresponding entry not found.
2021-08-14 14:05:28,235 [EventQueue-DeleteBlockStatusForDeletedBlockLogImpl] DEBUG block.DeletedBlockLogImpl (DeletedBlockLogImpl.java:isTransactionFailed(278)) - Got block deletion ACK from datanode, TXIDs=18, success=true
2021-08-14 14:05:28,235 [EventQueue-DeleteBlockStatusForDeletedBlockLogImpl] DEBUG block.DeletedBlockLogImpl (DeletedBlockLogImpl.java:commitTransactions(224)) - Transaction txId=18 commit by dnId=a3a688a0-b759-42a1-9d42-7ea63bf88025 for containerID=#18 failed. Corresponding entry not found.
2021-08-14 14:05:28,235 [EventQueue-DeleteBlockStatusForDeletedBlockLogImpl] DEBUG block.DeletedBlockLogImpl (DeletedBlockLogImpl.java:isTransactionFailed(278)) - Got block deletion ACK from datanode, TXIDs=19, success=true
2021-08-14 14:05:28,235 [EventQueue-DeleteBlockStatusForDeletedBlockLogImpl] DEBUG block.DeletedBlockLogImpl (DeletedBlockLogImpl.java:commitTransactions(224)) - Transaction txId=19 commit by dnId=a3a688a0-b759-42a1-9d42-7ea63bf88025 for containerID=#19 failed. Corresponding entry not found.
2021-08-14 14:05:28,235 [EventQueue-DeleteBlockStatusForDeletedBlockLogImpl] DEBUG block.DeletedBlockLogImpl (DeletedBlockLogImpl.java:isTransactionFailed(278)) - Got block deletion ACK from datanode, TXIDs=1, success=true
2021-08-14 14:05:28,235 [EventQueue-DeleteBlockStatusForDeletedBlockLogImpl] DEBUG block.DeletedBlockLogImpl (DeletedBlockLogImpl.java:commitTransactions(224)) - Transaction txId=1 commit by dnId=a3a688a0-b759-42a1-9d42-7ea63bf88025 for containerID=#1 failed. Corresponding entry not found.
2021-08-14 14:05:28,235 [EventQueue-DeleteBlockStatusForDeletedBlockLogImpl] DEBUG block.DeletedBlockLogImpl (DeletedBlockLogImpl.java:isTransactionFailed(278)) - Got block deletion ACK from datanode, TXIDs=2, success=true
2021-08-14 14:05:28,235 [EventQueue-DeleteBlockStatusForDeletedBlockLogImpl] DEBUG block.DeletedBlockLogImpl (DeletedBlockLogImpl.java:commitTransactions(224)) - Transaction txId=2 commit by dnId=a3a688a0-b759-42a1-9d42-7ea63bf88025 for containerID=#2 failed. Corresponding entry not found.
2021-08-14 14:05:28,235 [EventQueue-DeleteBlockStatusForDeletedBlockLogImpl] DEBUG block.DeletedBlockLogImpl (DeletedBlockLogImpl.java:isTransactionFailed(278)) - Got block deletion ACK from datanode, TXIDs=3, success=true
2021-08-14 14:05:28,235 [EventQueue-DeleteBlockStatusForDeletedBlockLogImpl] DEBUG block.DeletedBlockLogImpl (DeletedBlockLogImpl.java:commitTransactions(224)) - Transaction txId=3 commit by dnId=a3a688a0-b759-42a1-9d42-7ea63bf88025 for containerID=#3 failed. Corresponding entry not found.
2021-08-14 14:05:28,235 [EventQueue-DeleteBlockStatusForDeletedBlockLogImpl] DEBUG block.DeletedBlockLogImpl (DeletedBlockLogImpl.java:isTransactionFailed(278)) - Got block deletion ACK from datanode, TXIDs=4, success=true
2021-08-14 14:05:28,235 [EventQueue-DeleteBlockStatusForDeletedBlockLogImpl] DEBUG block.DeletedBlockLogImpl (DeletedBlockLogImpl.java:commitTransactions(224)) - Transaction txId=4 commit by dnId=a3a688a0-b759-42a1-9d42-7ea63bf88025 for containerID=#4 failed. Corresponding entry not found.
2021-08-14 14:05:28,235 [EventQueue-DeleteBlockStatusForDeletedBlockLogImpl] DEBUG block.DeletedBlockLogImpl (DeletedBlockLogImpl.java:isTransactionFailed(278)) - Got block deletion ACK from datanode, TXIDs=5, success=true
2021-08-14 14:05:28,235 [EventQueue-DeleteBlockStatusForDeletedBlockLogImpl] DEBUG block.DeletedBlockLogImpl (DeletedBlockLogImpl.java:commitTransactions(224)) - Transaction txId=5 commit by dnId=a3a688a0-b759-42a1-9d42-7ea63bf88025 for containerID=#5 failed. Corresponding entry not found.
2021-08-14 14:05:28,235 [EventQueue-DeleteBlockStatusForDeletedBlockLogImpl] DEBUG block.DeletedBlockLogImpl (DeletedBlockLogImpl.java:isTransactionFailed(278)) - Got block deletion ACK from datanode, TXIDs=6, success=true
2021-08-14 14:05:28,235 [EventQueue-DeleteBlockStatusForDeletedBlockLogImpl] DEBUG block.DeletedBlockLogImpl (DeletedBlockLogImpl.java:commitTransactions(224)) - Transaction txId=6 commit by dnId=a3a688a0-b759-42a1-9d42-7ea63bf88025 for containerID=#6 failed. Corresponding entry not found.
2021-08-14 14:05:28,235 [EventQueue-DeleteBlockStatusForDeletedBlockLogImpl] DEBUG block.DeletedBlockLogImpl (DeletedBlockLogImpl.java:isTransactionFailed(278)) - Got block deletion ACK from datanode, TXIDs=7, success=true
2021-08-14 14:05:28,236 [EventQueue-DeleteBlockStatusForDeletedBlockLogImpl] DEBUG block.DeletedBlockLogImpl (DeletedBlockLogImpl.java:commitTransactions(224)) - Transaction txId=7 commit by dnId=a3a688a0-b759-42a1-9d42-7ea63bf88025 for containerID=#7 failed. Corresponding entry not found.
2021-08-14 14:05:28,236 [EventQueue-DeleteBlockStatusForDeletedBlockLogImpl] DEBUG block.DeletedBlockLogImpl (DeletedBlockLogImpl.java:isTransactionFailed(278)) - Got block deletion ACK from datanode, TXIDs=8, success=true
2021-08-14 14:05:28,236 [EventQueue-DeleteBlockStatusForDeletedBlockLogImpl] DEBUG block.DeletedBlockLogImpl (DeletedBlockLogImpl.java:commitTransactions(224)) - Transaction txId=8 commit by dnId=a3a688a0-b759-42a1-9d42-7ea63bf88025 for containerID=#8 failed. Corresponding entry not found.
2021-08-14 14:05:28,236 [EventQueue-DeleteBlockStatusForDeletedBlockLogImpl] DEBUG block.DeletedBlockLogImpl (DeletedBlockLogImpl.java:isTransactionFailed(278)) - Got block deletion ACK from datanode, TXIDs=9, success=true
2021-08-14 14:05:28,236 [EventQueue-DeleteBlockStatusForDeletedBlockLogImpl] DEBUG block.DeletedBlockLogImpl (DeletedBlockLogImpl.java:commitTransactions(224)) - Transaction txId=9 commit by dnId=a3a688a0-b759-42a1-9d42-7ea63bf88025 for containerID=#9 failed. Corresponding entry not found.
2021-08-14 14:05:28,236 [EventQueue-DeleteBlockStatusForDeletedBlockLogImpl] DEBUG block.DeletedBlockLogImpl (DeletedBlockLogImpl.java:isTransactionFailed(278)) - Got block deletion ACK from datanode, TXIDs=10, success=true
2021-08-14 14:05:28,236 [EventQueue-DeleteBlockStatusForDeletedBlockLogImpl] DEBUG block.DeletedBlockLogImpl (DeletedBlockLogImpl.java:commitTransactions(224)) - Transaction txId=10 commit by dnId=a3a688a0-b759-42a1-9d42-7ea63bf88025 for containerID=#10 failed. Corresponding entry not found.
2021-08-14 14:05:28,236 [EventQueue-DeleteBlockStatusForDeletedBlockLogImpl] DEBUG block.DeletedBlockLogImpl (DeletedBlockLogImpl.java:isTransactionFailed(278)) - Got block deletion ACK from datanode, TXIDs=11, success=true
2021-08-14 14:05:28,236 [EventQueue-DeleteBlockStatusForDeletedBlockLogImpl] DEBUG block.DeletedBlockLogImpl (DeletedBlockLogImpl.java:commitTransactions(224)) - Transaction txId=11 commit by dnId=a3a688a0-b759-42a1-9d42-7ea63bf88025 for containerID=#11 failed. Corresponding entry not found.
2021-08-14 14:05:28,236 [EventQueue-DeleteBlockStatusForDeletedBlockLogImpl] DEBUG block.DeletedBlockLogImpl (DeletedBlockLogImpl.java:isTransactionFailed(278)) - Got block deletion ACK from datanode, TXIDs=12, success=true
2021-08-14 14:05:28,236 [EventQueue-DeleteBlockStatusForDeletedBlockLogImpl] DEBUG block.DeletedBlockLogImpl (DeletedBlockLogImpl.java:commitTransactions(224)) - Transaction txId=12 commit by dnId=a3a688a0-b759-42a1-9d42-7ea63bf88025 for containerID=#12 failed. Corresponding entry not found.
2021-08-14 14:05:28,236 [EventQueue-DeleteBlockStatusForDeletedBlockLogImpl] DEBUG block.DeletedBlockLogImpl (DeletedBlockLogImpl.java:isTransactionFailed(278)) - Got block deletion ACK from datanode, TXIDs=13, success=true
2021-08-14 14:05:28,236 [EventQueue-DeleteBlockStatusForDeletedBlockLogImpl] DEBUG block.DeletedBlockLogImpl (DeletedBlockLogImpl.java:commitTransactions(224)) - Transaction txId=13 commit by dnId=a3a688a0-b759-42a1-9d42-7ea63bf88025 for containerID=#13 failed. Corresponding entry not found.
2021-08-14 14:05:28,236 [EventQueue-DeleteBlockStatusForDeletedBlockLogImpl] DEBUG block.DeletedBlockLogImpl (DeletedBlockLogImpl.java:isTransactionFailed(278)) - Got block deletion ACK from datanode, TXIDs=14, success=true
2021-08-14 14:05:28,236 [EventQueue-DeleteBlockStatusForDeletedBlockLogImpl] DEBUG block.DeletedBlockLogImpl (DeletedBlockLogImpl.java:commitTransactions(224)) - Transaction txId=14 commit by dnId=a3a688a0-b759-42a1-9d42-7ea63bf88025 for containerID=#14 failed. Corresponding entry not found.
2021-08-14 14:05:28,236 [EventQueue-DeleteBlockStatusForDeletedBlockLogImpl] DEBUG block.DeletedBlockLogImpl (DeletedBlockLogImpl.java:isTransactionFailed(278)) - Got block deletion ACK from datanode, TXIDs=15, success=true
2021-08-14 14:05:28,236 [EventQueue-DeleteBlockStatusForDeletedBlockLogImpl] DEBUG block.DeletedBlockLogImpl (DeletedBlockLogImpl.java:commitTransactions(224)) - Transaction txId=15 commit by dnId=a3a688a0-b759-42a1-9d42-7ea63bf88025 for containerID=#15 failed. Corresponding entry not found.
2021-08-14 14:05:28,236 [EventQueue-DeleteBlockStatusForDeletedBlockLogImpl] DEBUG block.DeletedBlockLogImpl (DeletedBlockLogImpl.java:isTransactionFailed(278)) - Got block deletion ACK from datanode, TXIDs=16, success=true
2021-08-14 14:05:28,236 [EventQueue-DeleteBlockStatusForDeletedBlockLogImpl] DEBUG block.DeletedBlockLogImpl (DeletedBlockLogImpl.java:commitTransactions(224)) - Transaction txId=16 commit by dnId=a3a688a0-b759-42a1-9d42-7ea63bf88025 for containerID=#16 failed. Corresponding entry not found.
2021-08-14 14:05:28,236 [EventQueue-DeleteBlockStatusForDeletedBlockLogImpl] DEBUG block.DeletedBlockLogImpl (DeletedBlockLogImpl.java:isTransactionFailed(278)) - Got block deletion ACK from datanode, TXIDs=17, success=true
2021-08-14 14:05:28,236 [EventQueue-DeleteBlockStatusForDeletedBlockLogImpl] DEBUG block.DeletedBlockLogImpl (DeletedBlockLogImpl.java:commitTransactions(224)) - Transaction txId=17 commit by dnId=a3a688a0-b759-42a1-9d42-7ea63bf88025 for containerID=#17 failed. Corresponding entry not found.
2021-08-14 14:05:28,236 [EventQueue-DeleteBlockStatusForDeletedBlockLogImpl] DEBUG block.DeletedBlockLogImpl (DeletedBlockLogImpl.java:isTransactionFailed(278)) - Got block deletion ACK from datanode, TXIDs=18, success=true
2021-08-14 14:05:28,236 [EventQueue-DeleteBlockStatusForDeletedBlockLogImpl] DEBUG block.DeletedBlockLogImpl (DeletedBlockLogImpl.java:commitTransactions(224)) - Transaction txId=18 commit by dnId=a3a688a0-b759-42a1-9d42-7ea63bf88025 for containerID=#18 failed. Corresponding entry not found.
2021-08-14 14:05:28,236 [EventQueue-DeleteBlockStatusForDeletedBlockLogImpl] DEBUG block.DeletedBlockLogImpl (DeletedBlockLogImpl.java:isTransactionFailed(278)) - Got block deletion ACK from datanode, TXIDs=19, success=true
2021-08-14 14:05:28,236 [EventQueue-DeleteBlockStatusForDeletedBlockLogImpl] DEBUG block.DeletedBlockLogImpl (DeletedBlockLogImpl.java:commitTransactions(224)) - Transaction txId=19 commit by dnId=a3a688a0-b759-42a1-9d42-7ea63bf88025 for containerID=#19 failed. Corresponding entry not found.
2021-08-14 14:05:28,236 [EventQueue-DeleteBlockStatusForDeletedBlockLogImpl] DEBUG block.DeletedBlockLogImpl (DeletedBlockLogImpl.java:isTransactionFailed(278)) - Got block deletion ACK from datanode, TXIDs=20, success=true
2021-08-14 14:05:28,236 [EventQueue-DeleteBlockStatusForDeletedBlockLogImpl] DEBUG block.DeletedBlockLogImpl (DeletedBlockLogImpl.java:commitTransactions(250)) - Purging txId=20 from block deletion log
2021-08-14 14:05:28,236 [EventQueue-DeleteBlockStatusForDeletedBlockLogImpl] DEBUG block.DeletedBlockLogImpl (DeletedBlockLogImpl.java:commitTransactions(256)) - Datanode txId=20 containerId=#20 committed by dnId=a3a688a0-b759-42a1-9d42-7ea63bf88025
2021-08-14 14:05:28,236 [EventQueue-DeleteBlockStatusForDeletedBlockLogImpl] DEBUG block.DeletedBlockLogImpl (DeletedBlockLogImpl.java:isTransactionFailed(278)) - Got block deletion ACK from datanode, TXIDs=21, success=true
2021-08-14 14:05:28,236 [EventQueue-DeleteBlockStatusForDeletedBlockLogImpl] DEBUG block.DeletedBlockLogImpl (DeletedBlockLogImpl.java:commitTransactions(250)) - Purging txId=21 from block deletion log
2021-08-14 14:05:28,236 [EventQueue-DeleteBlockStatusForDeletedBlockLogImpl] DEBUG block.DeletedBlockLogImpl (DeletedBlockLogImpl.java:commitTransactions(256)) - Datanode txId=21 containerId=#21 committed by dnId=a3a688a0-b759-42a1-9d42-7ea63bf88025
2021-08-14 14:05:28,236 [EventQueue-DeleteBlockStatusForDeletedBlockLogImpl] DEBUG block.DeletedBlockLogImpl (DeletedBlockLogImpl.java:isTransactionFailed(278)) - Got block deletion ACK from datanode, TXIDs=22, success=true
2021-08-14 14:05:28,236 [EventQueue-DeleteBlockStatusForDeletedBlockLogImpl] DEBUG block.DeletedBlockLogImpl (DeletedBlockLogImpl.java:commitTransactions(250)) - Purging txId=22 from block deletion log
2021-08-14 14:05:28,236 [EventQueue-DeleteBlockStatusForDeletedBlockLogImpl] DEBUG block.DeletedBlockLogImpl (DeletedBlockLogImpl.java:commitTransactions(256)) - Datanode txId=22 containerId=#22 committed by dnId=a3a688a0-b759-42a1-9d42-7ea63bf88025
2021-08-14 14:05:28,236 [EventQueue-DeleteBlockStatusForDeletedBlockLogImpl] DEBUG block.DeletedBlockLogImpl (DeletedBlockLogImpl.java:isTransactionFailed(278)) - Got block deletion ACK from datanode, TXIDs=23, success=true
2021-08-14 14:05:28,236 [EventQueue-DeleteBlockStatusForDeletedBlockLogImpl] DEBUG block.DeletedBlockLogImpl (DeletedBlockLogImpl.java:commitTransactions(250)) - Purging txId=23 from block deletion log
2021-08-14 14:05:28,236 [EventQueue-DeleteBlockStatusForDeletedBlockLogImpl] DEBUG block.DeletedBlockLogImpl (DeletedBlockLogImpl.java:commitTransactions(256)) - Datanode txId=23 containerId=#23 committed by dnId=a3a688a0-b759-42a1-9d42-7ea63bf88025
2021-08-14 14:05:28,236 [EventQueue-DeleteBlockStatusForDeletedBlockLogImpl] DEBUG block.DeletedBlockLogImpl (DeletedBlockLogImpl.java:isTransactionFailed(278)) - Got block deletion ACK from datanode, TXIDs=24, success=true
2021-08-14 14:05:28,236 [EventQueue-DeleteBlockStatusForDeletedBlockLogImpl] DEBUG block.DeletedBlockLogImpl (DeletedBlockLogImpl.java:commitTransactions(250)) - Purging txId=24 from block deletion log
2021-08-14 14:05:28,236 [EventQueue-DeleteBlockStatusForDeletedBlockLogImpl] DEBUG block.DeletedBlockLogImpl (DeletedBlockLogImpl.java:commitTransactions(256)) - Datanode txId=24 containerId=#24 committed by dnId=a3a688a0-b759-42a1-9d42-7ea63bf88025
2021-08-14 14:05:28,236 [EventQueue-DeleteBlockStatusForDeletedBlockLogImpl] DEBUG block.DeletedBlockLogImpl (DeletedBlockLogImpl.java:isTransactionFailed(278)) - Got block deletion ACK from datanode, TXIDs=25, success=true
2021-08-14 14:05:28,237 [EventQueue-DeleteBlockStatusForDeletedBlockLogImpl] DEBUG block.DeletedBlockLogImpl (DeletedBlockLogImpl.java:commitTransactions(250)) - Purging txId=25 from block deletion log
2021-08-14 14:05:28,237 [EventQueue-DeleteBlockStatusForDeletedBlockLogImpl] DEBUG block.DeletedBlockLogImpl (DeletedBlockLogImpl.java:commitTransactions(256)) - Datanode txId=25 containerId=#25 committed by dnId=a3a688a0-b759-42a1-9d42-7ea63bf88025
2021-08-14 14:05:28,237 [EventQueue-DeleteBlockStatusForDeletedBlockLogImpl] DEBUG block.DeletedBlockLogImpl (DeletedBlockLogImpl.java:isTransactionFailed(278)) - Got block deletion ACK from datanode, TXIDs=26, success=true
2021-08-14 14:05:28,237 [EventQueue-DeleteBlockStatusForDeletedBlockLogImpl] DEBUG block.DeletedBlockLogImpl (DeletedBlockLogImpl.java:commitTransactions(250)) - Purging txId=26 from block deletion log
2021-08-14 14:05:28,237 [EventQueue-DeleteBlockStatusForDeletedBlockLogImpl] DEBUG block.DeletedBlockLogImpl (DeletedBlockLogImpl.java:commitTransactions(256)) - Datanode txId=26 containerId=#26 committed by dnId=a3a688a0-b759-42a1-9d42-7ea63bf88025
2021-08-14 14:05:28,237 [EventQueue-DeleteBlockStatusForDeletedBlockLogImpl] DEBUG block.DeletedBlockLogImpl (DeletedBlockLogImpl.java:isTransactionFailed(278)) - Got block deletion ACK from datanode, TXIDs=27, success=true
2021-08-14 14:05:28,237 [EventQueue-DeleteBlockStatusForDeletedBlockLogImpl] DEBUG block.DeletedBlockLogImpl (DeletedBlockLogImpl.java:commitTransactions(250)) - Purging txId=27 from block deletion log
2021-08-14 14:05:28,237 [EventQueue-DeleteBlockStatusForDeletedBlockLogImpl] DEBUG block.DeletedBlockLogImpl (DeletedBlockLogImpl.java:commitTransactions(256)) - Datanode txId=27 containerId=#27 committed by dnId=a3a688a0-b759-42a1-9d42-7ea63bf88025
2021-08-14 14:05:28,237 [EventQueue-DeleteBlockStatusForDeletedBlockLogImpl] DEBUG block.DeletedBlockLogImpl (DeletedBlockLogImpl.java:isTransactionFailed(278)) - Got block deletion ACK from datanode, TXIDs=28, success=true
2021-08-14 14:05:28,237 [EventQueue-DeleteBlockStatusForDeletedBlockLogImpl] DEBUG block.DeletedBlockLogImpl (DeletedBlockLogImpl.java:commitTransactions(250)) - Purging txId=28 from block deletion log
2021-08-14 14:05:28,237 [EventQueue-DeleteBlockStatusForDeletedBlockLogImpl] DEBUG block.DeletedBlockLogImpl (DeletedBlockLogImpl.java:commitTransactions(256)) - Datanode txId=28 containerId=#28 committed by dnId=a3a688a0-b759-42a1-9d42-7ea63bf88025
2021-08-14 14:05:28,237 [EventQueue-DeleteBlockStatusForDeletedBlockLogImpl] DEBUG block.DeletedBlockLogImpl (DeletedBlockLogImpl.java:isTransactionFailed(278)) - Got block deletion ACK from datanode, TXIDs=29, success=true
2021-08-14 14:05:28,237 [EventQueue-DeleteBlockStatusForDeletedBlockLogImpl] DEBUG block.DeletedBlockLogImpl (DeletedBlockLogImpl.java:commitTransactions(250)) - Purging txId=29 from block deletion log
2021-08-14 14:05:28,237 [EventQueue-DeleteBlockStatusForDeletedBlockLogImpl] DEBUG block.DeletedBlockLogImpl (DeletedBlockLogImpl.java:commitTransactions(256)) - Datanode txId=29 containerId=#29 committed by dnId=a3a688a0-b759-42a1-9d42-7ea63bf88025
2021-08-14 14:05:28,237 [EventQueue-DeleteBlockStatusForDeletedBlockLogImpl] DEBUG block.DeletedBlockLogImpl (DeletedBlockLogImpl.java:isTransactionFailed(278)) - Got block deletion ACK from datanode, TXIDs=30, success=true
2021-08-14 14:05:28,237 [EventQueue-DeleteBlockStatusForDeletedBlockLogImpl] DEBUG block.DeletedBlockLogImpl (DeletedBlockLogImpl.java:commitTransactions(250)) - Purging txId=30 from block deletion log
2021-08-14 14:05:28,237 [EventQueue-DeleteBlockStatusForDeletedBlockLogImpl] DEBUG block.DeletedBlockLogImpl (DeletedBlockLogImpl.java:commitTransactions(256)) - Datanode txId=30 containerId=#30 committed by dnId=a3a688a0-b759-42a1-9d42-7ea63bf88025
2021-08-14 14:05:28,237 [EventQueue-DeleteBlockStatusForDeletedBlockLogImpl] DEBUG block.DeletedBlockLogImpl (DeletedBlockLogImpl.java:isTransactionFailed(278)) - Got block deletion ACK from datanode, TXIDs=31, success=true
2021-08-14 14:05:28,237 [EventQueue-DeleteBlockStatusForDeletedBlockLogImpl] DEBUG block.DeletedBlockLogImpl (DeletedBlockLogImpl.java:commitTransactions(250)) - Purging txId=31 from block deletion log
2021-08-14 14:05:28,237 [EventQueue-DeleteBlockStatusForDeletedBlockLogImpl] DEBUG block.DeletedBlockLogImpl (DeletedBlockLogImpl.java:commitTransactions(256)) - Datanode txId=31 containerId=#31 committed by dnId=a3a688a0-b759-42a1-9d42-7ea63bf88025
2021-08-14 14:05:28,237 [EventQueue-DeleteBlockStatusForDeletedBlockLogImpl] DEBUG block.DeletedBlockLogImpl (DeletedBlockLogImpl.java:isTransactionFailed(278)) - Got block deletion ACK from datanode, TXIDs=32, success=true
2021-08-14 14:05:28,237 [EventQueue-DeleteBlockStatusForDeletedBlockLogImpl] DEBUG block.DeletedBlockLogImpl (DeletedBlockLogImpl.java:commitTransactions(250)) - Purging txId=32 from block deletion log
2021-08-14 14:05:28,237 [EventQueue-DeleteBlockStatusForDeletedBlockLogImpl] DEBUG block.DeletedBlockLogImpl (DeletedBlockLogImpl.java:commitTransactions(256)) - Datanode txId=32 containerId=#32 committed by dnId=a3a688a0-b759-42a1-9d42-7ea63bf88025
2021-08-14 14:05:28,237 [EventQueue-DeleteBlockStatusForDeletedBlockLogImpl] DEBUG block.DeletedBlockLogImpl (DeletedBlockLogImpl.java:isTransactionFailed(278)) - Got block deletion ACK from datanode, TXIDs=33, success=true
2021-08-14 14:05:28,237 [EventQueue-DeleteBlockStatusForDeletedBlockLogImpl] DEBUG block.DeletedBlockLogImpl (DeletedBlockLogImpl.java:commitTransactions(250)) - Purging txId=33 from block deletion log
2021-08-14 14:05:28,237 [EventQueue-DeleteBlockStatusForDeletedBlockLogImpl] DEBUG block.DeletedBlockLogImpl (DeletedBlockLogImpl.java:commitTransactions(256)) - Datanode txId=33 containerId=#33 committed by dnId=a3a688a0-b759-42a1-9d42-7ea63bf88025
2021-08-14 14:05:28,237 [EventQueue-DeleteBlockStatusForDeletedBlockLogImpl] DEBUG block.DeletedBlockLogImpl (DeletedBlockLogImpl.java:isTransactionFailed(278)) - Got block deletion ACK from datanode, TXIDs=34, success=true
2021-08-14 14:05:28,237 [EventQueue-DeleteBlockStatusForDeletedBlockLogImpl] DEBUG block.DeletedBlockLogImpl (DeletedBlockLogImpl.java:commitTransactions(250)) - Purging txId=34 from block deletion log
2021-08-14 14:05:28,237 [EventQueue-DeleteBlockStatusForDeletedBlockLogImpl] DEBUG block.DeletedBlockLogImpl (DeletedBlockLogImpl.java:commitTransactions(256)) - Datanode txId=34 containerId=#34 committed by dnId=a3a688a0-b759-42a1-9d42-7ea63bf88025
2021-08-14 14:05:28,238 [EventQueue-DeleteBlockStatusForDeletedBlockLogImpl] DEBUG block.DeletedBlockLogImpl (DeletedBlockLogImpl.java:isTransactionFailed(278)) - Got block deletion ACK from datanode, TXIDs=35, success=true
2021-08-14 14:05:28,238 [EventQueue-DeleteBlockStatusForDeletedBlockLogImpl] DEBUG block.DeletedBlockLogImpl (DeletedBlockLogImpl.java:commitTransactions(250)) - Purging txId=35 from block deletion log
2021-08-14 14:05:28,238 [EventQueue-DeleteBlockStatusForDeletedBlockLogImpl] DEBUG block.DeletedBlockLogImpl (DeletedBlockLogImpl.java:commitTransactions(256)) - Datanode txId=35 containerId=#35 committed by dnId=a3a688a0-b759-42a1-9d42-7ea63bf88025
2021-08-14 14:05:28,238 [EventQueue-DeleteBlockStatusForDeletedBlockLogImpl] DEBUG block.DeletedBlockLogImpl (DeletedBlockLogImpl.java:isTransactionFailed(278)) - Got block deletion ACK from datanode, TXIDs=36, success=true
2021-08-14 14:05:28,238 [EventQueue-DeleteBlockStatusForDeletedBlockLogImpl] DEBUG block.DeletedBlockLogImpl (DeletedBlockLogImpl.java:commitTransactions(250)) - Purging txId=36 from block deletion log
2021-08-14 14:05:28,238 [EventQueue-DeleteBlockStatusForDeletedBlockLogImpl] DEBUG block.DeletedBlockLogImpl (DeletedBlockLogImpl.java:commitTransactions(256)) - Datanode txId=36 containerId=#36 committed by dnId=a3a688a0-b759-42a1-9d42-7ea63bf88025
2021-08-14 14:05:28,238 [EventQueue-DeleteBlockStatusForDeletedBlockLogImpl] DEBUG block.DeletedBlockLogImpl (DeletedBlockLogImpl.java:isTransactionFailed(278)) - Got block deletion ACK from datanode, TXIDs=37, success=true
2021-08-14 14:05:28,238 [EventQueue-DeleteBlockStatusForDeletedBlockLogImpl] DEBUG block.DeletedBlockLogImpl (DeletedBlockLogImpl.java:commitTransactions(250)) - Purging txId=37 from block deletion log
2021-08-14 14:05:28,238 [EventQueue-DeleteBlockStatusForDeletedBlockLogImpl] DEBUG block.DeletedBlockLogImpl (DeletedBlockLogImpl.java:commitTransactions(256)) - Datanode txId=37 containerId=#37 committed by dnId=a3a688a0-b759-42a1-9d42-7ea63bf88025
2021-08-14 14:05:28,238 [EventQueue-DeleteBlockStatusForDeletedBlockLogImpl] DEBUG block.DeletedBlockLogImpl (DeletedBlockLogImpl.java:isTransactionFailed(278)) - Got block deletion ACK from datanode, TXIDs=38, success=true
2021-08-14 14:05:28,238 [EventQueue-DeleteBlockStatusForDeletedBlockLogImpl] DEBUG block.DeletedBlockLogImpl (DeletedBlockLogImpl.java:commitTransactions(250)) - Purging txId=38 from block deletion log
2021-08-14 14:05:28,238 [EventQueue-DeleteBlockStatusForDeletedBlockLogImpl] DEBUG block.DeletedBlockLogImpl (DeletedBlockLogImpl.java:commitTransactions(256)) - Datanode txId=38 containerId=#38 committed by dnId=a3a688a0-b759-42a1-9d42-7ea63bf88025
2021-08-14 14:05:28,238 [EventQueue-DeleteBlockStatusForDeletedBlockLogImpl] DEBUG block.DeletedBlockLogImpl (DeletedBlockLogImpl.java:isTransactionFailed(278)) - Got block deletion ACK from datanode, TXIDs=39, success=true
2021-08-14 14:05:28,238 [EventQueue-DeleteBlockStatusForDeletedBlockLogImpl] DEBUG block.DeletedBlockLogImpl (DeletedBlockLogImpl.java:commitTransactions(250)) - Purging txId=39 from block deletion log
2021-08-14 14:05:28,238 [EventQueue-DeleteBlockStatusForDeletedBlockLogImpl] DEBUG block.DeletedBlockLogImpl (DeletedBlockLogImpl.java:commitTransactions(256)) - Datanode txId=39 containerId=#39 committed by dnId=a3a688a0-b759-42a1-9d42-7ea63bf88025
2021-08-14 14:05:28,238 [BlockDeletingService#1] INFO  background.BlockDeletingService (BlockDeletingService.java:getTasks(158)) - Plan to choose 5000 blocks for block deletion, actually deleting 38 blocks.
2021-08-14 14:05:28,238 [EventQueue-DeleteBlockStatusForDeletedBlockLogImpl] DEBUG block.DeletedBlockLogImpl (DeletedBlockLogImpl.java:isTransactionFailed(278)) - Got block deletion ACK from datanode, TXIDs=40, success=true
2021-08-14 14:05:28,238 [EventQueue-DeleteBlockStatusForDeletedBlockLogImpl] DEBUG block.DeletedBlockLogImpl (DeletedBlockLogImpl.java:commitTransactions(250)) - Purging txId=40 from block deletion log
2021-08-14 14:05:28,238 [EventQueue-DeleteBlockStatusForDeletedBlockLogImpl] DEBUG block.DeletedBlockLogImpl (DeletedBlockLogImpl.java:commitTransactions(256)) - Datanode txId=40 containerId=#40 committed by dnId=a3a688a0-b759-42a1-9d42-7ea63bf88025
2021-08-14 14:05:28,238 [EventQueue-DeleteBlockStatusForDeletedBlockLogImpl] DEBUG block.DeletedBlockLogImpl (DeletedBlockLogImpl.java:isTransactionFailed(278)) - Got block deletion ACK from datanode, TXIDs=41, success=true
2021-08-14 14:05:28,238 [EventQueue-DeleteBlockStatusForDeletedBlockLogImpl] DEBUG block.DeletedBlockLogImpl (DeletedBlockLogImpl.java:commitTransactions(250)) - Purging txId=41 from block deletion log
2021-08-14 14:05:28,238 [EventQueue-DeleteBlockStatusForDeletedBlockLogImpl] DEBUG block.DeletedBlockLogImpl (DeletedBlockLogImpl.java:commitTransactions(256)) - Datanode txId=41 containerId=#41 committed by dnId=a3a688a0-b759-42a1-9d42-7ea63bf88025
2021-08-14 14:05:28,238 [EventQueue-DeleteBlockStatusForDeletedBlockLogImpl] DEBUG block.DeletedBlockLogImpl (DeletedBlockLogImpl.java:isTransactionFailed(278)) - Got block deletion ACK from datanode, TXIDs=42, success=true
2021-08-14 14:05:28,238 [EventQueue-DeleteBlockStatusForDeletedBlockLogImpl] DEBUG block.DeletedBlockLogImpl (DeletedBlockLogImpl.java:commitTransactions(250)) - Purging txId=42 from block deletion log
2021-08-14 14:05:28,238 [EventQueue-DeleteBlockStatusForDeletedBlockLogImpl] DEBUG block.DeletedBlockLogImpl (DeletedBlockLogImpl.java:commitTransactions(256)) - Datanode txId=42 containerId=#42 committed by dnId=a3a688a0-b759-42a1-9d42-7ea63bf88025
2021-08-14 14:05:28,238 [EventQueue-DeleteBlockStatusForDeletedBlockLogImpl] DEBUG block.DeletedBlockLogImpl (DeletedBlockLogImpl.java:isTransactionFailed(278)) - Got block deletion ACK from datanode, TXIDs=43, success=true
2021-08-14 14:05:28,238 [EventQueue-DeleteBlockStatusForDeletedBlockLogImpl] DEBUG block.DeletedBlockLogImpl (DeletedBlockLogImpl.java:commitTransactions(250)) - Purging txId=43 from block deletion log
2021-08-14 14:05:28,238 [EventQueue-DeleteBlockStatusForDeletedBlockLogImpl] DEBUG block.DeletedBlockLogImpl (DeletedBlockLogImpl.java:commitTransactions(256)) - Datanode txId=43 containerId=#43 committed by dnId=a3a688a0-b759-42a1-9d42-7ea63bf88025
2021-08-14 14:05:28,238 [EventQueue-DeleteBlockStatusForDeletedBlockLogImpl] DEBUG block.DeletedBlockLogImpl (DeletedBlockLogImpl.java:isTransactionFailed(278)) - Got block deletion ACK from datanode, TXIDs=44, success=true
2021-08-14 14:05:28,238 [EventQueue-DeleteBlockStatusForDeletedBlockLogImpl] DEBUG block.DeletedBlockLogImpl (DeletedBlockLogImpl.java:commitTransactions(250)) - Purging txId=44 from block deletion log
2021-08-14 14:05:28,238 [EventQueue-DeleteBlockStatusForDeletedBlockLogImpl] DEBUG block.DeletedBlockLogImpl (DeletedBlockLogImpl.java:commitTransactions(256)) - Datanode txId=44 containerId=#44 committed by dnId=a3a688a0-b759-42a1-9d42-7ea63bf88025
2021-08-14 14:05:28,238 [EventQueue-DeleteBlockStatusForDeletedBlockLogImpl] DEBUG block.DeletedBlockLogImpl (DeletedBlockLogImpl.java:isTransactionFailed(278)) - Got block deletion ACK from datanode, TXIDs=45, success=true
2021-08-14 14:05:28,238 [EventQueue-DeleteBlockStatusForDeletedBlockLogImpl] DEBUG block.DeletedBlockLogImpl (DeletedBlockLogImpl.java:commitTransactions(250)) - Purging txId=45 from block deletion log
2021-08-14 14:05:28,238 [EventQueue-DeleteBlockStatusForDeletedBlockLogImpl] DEBUG block.DeletedBlockLogImpl (DeletedBlockLogImpl.java:commitTransactions(256)) - Datanode txId=45 containerId=#45 committed by dnId=a3a688a0-b759-42a1-9d42-7ea63bf88025
2021-08-14 14:05:28,238 [EventQueue-DeleteBlockStatusForDeletedBlockLogImpl] DEBUG block.DeletedBlockLogImpl (DeletedBlockLogImpl.java:isTransactionFailed(278)) - Got block deletion ACK from datanode, TXIDs=46, success=true
2021-08-14 14:05:28,238 [EventQueue-DeleteBlockStatusForDeletedBlockLogImpl] DEBUG block.DeletedBlockLogImpl (DeletedBlockLogImpl.java:commitTransactions(250)) - Purging txId=46 from block deletion log
2021-08-14 14:05:28,238 [EventQueue-DeleteBlockStatusForDeletedBlockLogImpl] DEBUG block.DeletedBlockLogImpl (DeletedBlockLogImpl.java:commitTransactions(256)) - Datanode txId=46 containerId=#46 committed by dnId=a3a688a0-b759-42a1-9d42-7ea63bf88025
2021-08-14 14:05:28,238 [EventQueue-DeleteBlockStatusForDeletedBlockLogImpl] DEBUG block.DeletedBlockLogImpl (DeletedBlockLogImpl.java:isTransactionFailed(278)) - Got block deletion ACK from datanode, TXIDs=47, success=true
2021-08-14 14:05:28,239 [EventQueue-DeleteBlockStatusForDeletedBlockLogImpl] DEBUG block.DeletedBlockLogImpl (DeletedBlockLogImpl.java:commitTransactions(250)) - Purging txId=47 from block deletion log
2021-08-14 14:05:28,239 [EventQueue-DeleteBlockStatusForDeletedBlockLogImpl] DEBUG block.DeletedBlockLogImpl (DeletedBlockLogImpl.java:commitTransactions(256)) - Datanode txId=47 containerId=#47 committed by dnId=a3a688a0-b759-42a1-9d42-7ea63bf88025
2021-08-14 14:05:28,239 [EventQueue-DeleteBlockStatusForDeletedBlockLogImpl] DEBUG block.DeletedBlockLogImpl (DeletedBlockLogImpl.java:isTransactionFailed(278)) - Got block deletion ACK from datanode, TXIDs=48, success=true
2021-08-14 14:05:28,239 [EventQueue-DeleteBlockStatusForDeletedBlockLogImpl] DEBUG block.DeletedBlockLogImpl (DeletedBlockLogImpl.java:commitTransactions(250)) - Purging txId=48 from block deletion log
2021-08-14 14:05:28,239 [EventQueue-DeleteBlockStatusForDeletedBlockLogImpl] DEBUG block.DeletedBlockLogImpl (DeletedBlockLogImpl.java:commitTransactions(256)) - Datanode txId=48 containerId=#48 committed by dnId=a3a688a0-b759-42a1-9d42-7ea63bf88025
2021-08-14 14:05:28,239 [EventQueue-DeleteBlockStatusForDeletedBlockLogImpl] DEBUG block.DeletedBlockLogImpl (DeletedBlockLogImpl.java:isTransactionFailed(278)) - Got block deletion ACK from datanode, TXIDs=49, success=true
2021-08-14 14:05:28,239 [EventQueue-DeleteBlockStatusForDeletedBlockLogImpl] DEBUG block.DeletedBlockLogImpl (DeletedBlockLogImpl.java:commitTransactions(250)) - Purging txId=49 from block deletion log
2021-08-14 14:05:28,239 [EventQueue-DeleteBlockStatusForDeletedBlockLogImpl] DEBUG block.DeletedBlockLogImpl (DeletedBlockLogImpl.java:commitTransactions(256)) - Datanode txId=49 containerId=#49 committed by dnId=a3a688a0-b759-42a1-9d42-7ea63bf88025
2021-08-14 14:05:28,239 [EventQueue-DeleteBlockStatusForDeletedBlockLogImpl] DEBUG block.DeletedBlockLogImpl (DeletedBlockLogImpl.java:isTransactionFailed(278)) - Got block deletion ACK from datanode, TXIDs=50, success=true
2021-08-14 14:05:28,239 [EventQueue-DeleteBlockStatusForDeletedBlockLogImpl] DEBUG block.DeletedBlockLogImpl (DeletedBlockLogImpl.java:commitTransactions(250)) - Purging txId=50 from block deletion log
2021-08-14 14:05:28,239 [EventQueue-DeleteBlockStatusForDeletedBlockLogImpl] DEBUG block.DeletedBlockLogImpl (DeletedBlockLogImpl.java:commitTransactions(256)) - Datanode txId=50 containerId=#50 committed by dnId=a3a688a0-b759-42a1-9d42-7ea63bf88025
2021-08-14 14:05:28,239 [EventQueue-DeleteBlockStatusForDeletedBlockLogImpl] DEBUG block.DeletedBlockLogImpl (DeletedBlockLogImpl.java:isTransactionFailed(278)) - Got block deletion ACK from datanode, TXIDs=51, success=true
2021-08-14 14:05:28,239 [EventQueue-DeleteBlockStatusForDeletedBlockLogImpl] DEBUG block.DeletedBlockLogImpl (DeletedBlockLogImpl.java:commitTransactions(250)) - Purging txId=51 from block deletion log
2021-08-14 14:05:28,239 [EventQueue-DeleteBlockStatusForDeletedBlockLogImpl] DEBUG block.DeletedBlockLogImpl (DeletedBlockLogImpl.java:commitTransactions(256)) - Datanode txId=51 containerId=#51 committed by dnId=a3a688a0-b759-42a1-9d42-7ea63bf88025
2021-08-14 14:05:28,239 [EventQueue-DeleteBlockStatusForDeletedBlockLogImpl] DEBUG block.DeletedBlockLogImpl (DeletedBlockLogImpl.java:isTransactionFailed(278)) - Got block deletion ACK from datanode, TXIDs=52, success=true
2021-08-14 14:05:28,239 [EventQueue-DeleteBlockStatusForDeletedBlockLogImpl] DEBUG block.DeletedBlockLogImpl (DeletedBlockLogImpl.java:commitTransactions(250)) - Purging txId=52 from block deletion log
2021-08-14 14:05:28,239 [EventQueue-DeleteBlockStatusForDeletedBlockLogImpl] DEBUG block.DeletedBlockLogImpl (DeletedBlockLogImpl.java:commitTransactions(256)) - Datanode txId=52 containerId=#52 committed by dnId=a3a688a0-b759-42a1-9d42-7ea63bf88025
2021-08-14 14:05:28,239 [EventQueue-DeleteBlockStatusForDeletedBlockLogImpl] DEBUG block.DeletedBlockLogImpl (DeletedBlockLogImpl.java:isTransactionFailed(278)) - Got block deletion ACK from datanode, TXIDs=53, success=true
2021-08-14 14:05:28,239 [EventQueue-DeleteBlockStatusForDeletedBlockLogImpl] DEBUG block.DeletedBlockLogImpl (DeletedBlockLogImpl.java:commitTransactions(250)) - Purging txId=53 from block deletion log
2021-08-14 14:05:28,239 [EventQueue-DeleteBlockStatusForDeletedBlockLogImpl] DEBUG block.DeletedBlockLogImpl (DeletedBlockLogImpl.java:commitTransactions(256)) - Datanode txId=53 containerId=#53 committed by dnId=a3a688a0-b759-42a1-9d42-7ea63bf88025
2021-08-14 14:05:28,239 [EventQueue-DeleteBlockStatusForDeletedBlockLogImpl] DEBUG block.DeletedBlockLogImpl (DeletedBlockLogImpl.java:isTransactionFailed(278)) - Got block deletion ACK from datanode, TXIDs=54, success=true
2021-08-14 14:05:28,239 [EventQueue-DeleteBlockStatusForDeletedBlockLogImpl] DEBUG block.DeletedBlockLogImpl (DeletedBlockLogImpl.java:commitTransactions(250)) - Purging txId=54 from block deletion log
2021-08-14 14:05:28,239 [EventQueue-DeleteBlockStatusForDeletedBlockLogImpl] DEBUG block.DeletedBlockLogImpl (DeletedBlockLogImpl.java:commitTransactions(256)) - Datanode txId=54 containerId=#54 committed by dnId=a3a688a0-b759-42a1-9d42-7ea63bf88025
2021-08-14 14:05:28,239 [EventQueue-DeleteBlockStatusForDeletedBlockLogImpl] DEBUG block.DeletedBlockLogImpl (DeletedBlockLogImpl.java:isTransactionFailed(278)) - Got block deletion ACK from datanode, TXIDs=55, success=true
2021-08-14 14:05:28,239 [EventQueue-DeleteBlockStatusForDeletedBlockLogImpl] DEBUG block.DeletedBlockLogImpl (DeletedBlockLogImpl.java:commitTransactions(250)) - Purging txId=55 from block deletion log
2021-08-14 14:05:28,239 [EventQueue-DeleteBlockStatusForDeletedBlockLogImpl] DEBUG block.DeletedBlockLogImpl (DeletedBlockLogImpl.java:commitTransactions(256)) - Datanode txId=55 containerId=#55 committed by dnId=a3a688a0-b759-42a1-9d42-7ea63bf88025
2021-08-14 14:05:28,239 [EventQueue-DeleteBlockStatusForDeletedBlockLogImpl] DEBUG block.DeletedBlockLogImpl (DeletedBlockLogImpl.java:isTransactionFailed(278)) - Got block deletion ACK from datanode, TXIDs=56, success=true
2021-08-14 14:05:28,239 [EventQueue-DeleteBlockStatusForDeletedBlockLogImpl] DEBUG block.DeletedBlockLogImpl (DeletedBlockLogImpl.java:commitTransactions(250)) - Purging txId=56 from block deletion log
2021-08-14 14:05:28,239 [EventQueue-DeleteBlockStatusForDeletedBlockLogImpl] DEBUG block.DeletedBlockLogImpl (DeletedBlockLogImpl.java:commitTransactions(256)) - Datanode txId=56 containerId=#56 committed by dnId=a3a688a0-b759-42a1-9d42-7ea63bf88025
2021-08-14 14:05:28,239 [BlockDeletingService#5] INFO  impl.FilePerBlockStrategy (FilePerBlockStrategy.java:deleteChunk(227)) - Deleted block file: /home/runner/work/ozone/ozone/hadoop-ozone/integration-test/target/test-dir/MiniOzoneClusterImpl-903ecea8-4fd7-4e9d-96bf-9013ab6d4ae3/datanode-0/data-0/containers/hdds/903ecea8-4fd7-4e9d-96bf-9013ab6d4ae3/current/containerDir0/56/chunks/107544261427200056.block
2021-08-14 14:05:28,239 [EventQueue-DeleteBlockStatusForDeletedBlockLogImpl] DEBUG block.DeletedBlockLogImpl (DeletedBlockLogImpl.java:isTransactionFailed(278)) - Got block deletion ACK from datanode, TXIDs=1, success=true
2021-08-14 14:05:28,239 [EventQueue-DeleteBlockStatusForDeletedBlockLogImpl] DEBUG block.DeletedBlockLogImpl (DeletedBlockLogImpl.java:commitTransactions(224)) - Transaction txId=1 commit by dnId=a3a688a0-b759-42a1-9d42-7ea63bf88025 for containerID=#1 failed. Corresponding entry not found.
2021-08-14 14:05:28,240 [EventQueue-DeleteBlockStatusForDeletedBlockLogImpl] DEBUG block.DeletedBlockLogImpl (DeletedBlockLogImpl.java:isTransactionFailed(278)) - Got block deletion ACK from datanode, TXIDs=2, success=true
2021-08-14 14:05:28,240 [EventQueue-DeleteBlockStatusForDeletedBlockLogImpl] DEBUG block.DeletedBlockLogImpl (DeletedBlockLogImpl.java:commitTransactions(224)) - Transaction txId=2 commit by dnId=a3a688a0-b759-42a1-9d42-7ea63bf88025 for containerID=#2 failed. Corresponding entry not found.
2021-08-14 14:05:28,241 [EventQueue-DeleteBlockStatusForDeletedBlockLogImpl] DEBUG block.DeletedBlockLogImpl (DeletedBlockLogImpl.java:isTransactionFailed(278)) - Got block deletion ACK from datanode, TXIDs=3, success=true
2021-08-14 14:05:28,241 [EventQueue-DeleteBlockStatusForDeletedBlockLogImpl] DEBUG block.DeletedBlockLogImpl (DeletedBlockLogImpl.java:commitTransactions(224)) - Transaction txId=3 commit by dnId=a3a688a0-b759-42a1-9d42-7ea63bf88025 for containerID=#3 failed. Corresponding entry not found.
2021-08-14 14:05:28,241 [EventQueue-DeleteBlockStatusForDeletedBlockLogImpl] DEBUG block.DeletedBlockLogImpl (DeletedBlockLogImpl.java:isTransactionFailed(278)) - Got block deletion ACK from datanode, TXIDs=4, success=true
2021-08-14 14:05:28,241 [EventQueue-DeleteBlockStatusForDeletedBlockLogImpl] DEBUG block.DeletedBlockLogImpl (DeletedBlockLogImpl.java:commitTransactions(224)) - Transaction txId=4 commit by dnId=a3a688a0-b759-42a1-9d42-7ea63bf88025 for containerID=#4 failed. Corresponding entry not found.
2021-08-14 14:05:28,241 [EventQueue-DeleteBlockStatusForDeletedBlockLogImpl] DEBUG block.DeletedBlockLogImpl (DeletedBlockLogImpl.java:isTransactionFailed(278)) - Got block deletion ACK from datanode, TXIDs=5, success=true
2021-08-14 14:05:28,241 [EventQueue-DeleteBlockStatusForDeletedBlockLogImpl] DEBUG block.DeletedBlockLogImpl (DeletedBlockLogImpl.java:commitTransactions(224)) - Transaction txId=5 commit by dnId=a3a688a0-b759-42a1-9d42-7ea63bf88025 for containerID=#5 failed. Corresponding entry not found.
2021-08-14 14:05:28,241 [EventQueue-DeleteBlockStatusForDeletedBlockLogImpl] DEBUG block.DeletedBlockLogImpl (DeletedBlockLogImpl.java:isTransactionFailed(278)) - Got block deletion ACK from datanode, TXIDs=6, success=true
2021-08-14 14:05:28,241 [EventQueue-DeleteBlockStatusForDeletedBlockLogImpl] DEBUG block.DeletedBlockLogImpl (DeletedBlockLogImpl.java:commitTransactions(224)) - Transaction txId=6 commit by dnId=a3a688a0-b759-42a1-9d42-7ea63bf88025 for containerID=#6 failed. Corresponding entry not found.
2021-08-14 14:05:28,241 [EventQueue-DeleteBlockStatusForDeletedBlockLogImpl] DEBUG block.DeletedBlockLogImpl (DeletedBlockLogImpl.java:isTransactionFailed(278)) - Got block deletion ACK from datanode, TXIDs=7, success=true
2021-08-14 14:05:28,241 [EventQueue-DeleteBlockStatusForDeletedBlockLogImpl] DEBUG block.DeletedBlockLogImpl (DeletedBlockLogImpl.java:commitTransactions(224)) - Transaction txId=7 commit by dnId=a3a688a0-b759-42a1-9d42-7ea63bf88025 for containerID=#7 failed. Corresponding entry not found.
2021-08-14 14:05:28,241 [EventQueue-DeleteBlockStatusForDeletedBlockLogImpl] DEBUG block.DeletedBlockLogImpl (DeletedBlockLogImpl.java:isTransactionFailed(278)) - Got block deletion ACK from datanode, TXIDs=8, success=true
2021-08-14 14:05:28,241 [EventQueue-DeleteBlockStatusForDeletedBlockLogImpl] DEBUG block.DeletedBlockLogImpl (DeletedBlockLogImpl.java:commitTransactions(224)) - Transaction txId=8 commit by dnId=a3a688a0-b759-42a1-9d42-7ea63bf88025 for containerID=#8 failed. Corresponding entry not found.
2021-08-14 14:05:28,241 [EventQueue-DeleteBlockStatusForDeletedBlockLogImpl] DEBUG block.DeletedBlockLogImpl (DeletedBlockLogImpl.java:isTransactionFailed(278)) - Got block deletion ACK from datanode, TXIDs=9, success=true
2021-08-14 14:05:28,241 [EventQueue-DeleteBlockStatusForDeletedBlockLogImpl] DEBUG block.DeletedBlockLogImpl (DeletedBlockLogImpl.java:commitTransactions(224)) - Transaction txId=9 commit by dnId=a3a688a0-b759-42a1-9d42-7ea63bf88025 for containerID=#9 failed. Corresponding entry not found.
2021-08-14 14:05:28,241 [EventQueue-DeleteBlockStatusForDeletedBlockLogImpl] DEBUG block.DeletedBlockLogImpl (DeletedBlockLogImpl.java:isTransactionFailed(278)) - Got block deletion ACK from datanode, TXIDs=10, success=true
2021-08-14 14:05:28,241 [EventQueue-DeleteBlockStatusForDeletedBlockLogImpl] DEBUG block.DeletedBlockLogImpl (DeletedBlockLogImpl.java:commitTransactions(224)) - Transaction txId=10 commit by dnId=a3a688a0-b759-42a1-9d42-7ea63bf88025 for containerID=#10 failed. Corresponding entry not found.
2021-08-14 14:05:28,241 [EventQueue-DeleteBlockStatusForDeletedBlockLogImpl] DEBUG block.DeletedBlockLogImpl (DeletedBlockLogImpl.java:isTransactionFailed(278)) - Got block deletion ACK from datanode, TXIDs=11, success=true
2021-08-14 14:05:28,241 [EventQueue-DeleteBlockStatusForDeletedBlockLogImpl] DEBUG block.DeletedBlockLogImpl (DeletedBlockLogImpl.java:commitTransactions(224)) - Transaction txId=11 commit by dnId=a3a688a0-b759-42a1-9d42-7ea63bf88025 for containerID=#11 failed. Corresponding entry not found.
2021-08-14 14:05:28,241 [EventQueue-DeleteBlockStatusForDeletedBlockLogImpl] DEBUG block.DeletedBlockLogImpl (DeletedBlockLogImpl.java:isTransactionFailed(278)) - Got block deletion ACK from datanode, TXIDs=12, success=true
2021-08-14 14:05:28,241 [EventQueue-DeleteBlockStatusForDeletedBlockLogImpl] DEBUG block.DeletedBlockLogImpl (DeletedBlockLogImpl.java:commitTransactions(224)) - Transaction txId=12 commit by dnId=a3a688a0-b759-42a1-9d42-7ea63bf88025 for containerID=#12 failed. Corresponding entry not found.
2021-08-14 14:05:28,241 [EventQueue-DeleteBlockStatusForDeletedBlockLogImpl] DEBUG block.DeletedBlockLogImpl (DeletedBlockLogImpl.java:isTransactionFailed(278)) - Got block deletion ACK from datanode, TXIDs=13, success=true
2021-08-14 14:05:28,241 [EventQueue-DeleteBlockStatusForDeletedBlockLogImpl] DEBUG block.DeletedBlockLogImpl (DeletedBlockLogImpl.java:commitTransactions(224)) - Transaction txId=13 commit by dnId=a3a688a0-b759-42a1-9d42-7ea63bf88025 for containerID=#13 failed. Corresponding entry not found.
2021-08-14 14:05:28,241 [EventQueue-DeleteBlockStatusForDeletedBlockLogImpl] DEBUG block.DeletedBlockLogImpl (DeletedBlockLogImpl.java:isTransactionFailed(278)) - Got block deletion ACK from datanode, TXIDs=14, success=true
2021-08-14 14:05:28,241 [EventQueue-DeleteBlockStatusForDeletedBlockLogImpl] DEBUG block.DeletedBlockLogImpl (DeletedBlockLogImpl.java:commitTransactions(224)) - Transaction txId=14 commit by dnId=a3a688a0-b759-42a1-9d42-7ea63bf88025 for containerID=#14 failed. Corresponding entry not found.
2021-08-14 14:05:28,241 [EventQueue-DeleteBlockStatusForDeletedBlockLogImpl] DEBUG block.DeletedBlockLogImpl (DeletedBlockLogImpl.java:isTransactionFailed(278)) - Got block deletion ACK from datanode, TXIDs=15, success=true
2021-08-14 14:05:28,243 [EventQueue-DeleteBlockStatusForDeletedBlockLogImpl] DEBUG block.DeletedBlockLogImpl (DeletedBlockLogImpl.java:commitTransactions(224)) - Transaction txId=15 commit by dnId=a3a688a0-b759-42a1-9d42-7ea63bf88025 for containerID=#15 failed. Corresponding entry not found.
2021-08-14 14:05:28,243 [EventQueue-DeleteBlockStatusForDeletedBlockLogImpl] DEBUG block.DeletedBlockLogImpl (DeletedBlockLogImpl.java:isTransactionFailed(278)) - Got block deletion ACK from datanode, TXIDs=16, success=true
2021-08-14 14:05:28,243 [EventQueue-DeleteBlockStatusForDeletedBlockLogImpl] DEBUG block.DeletedBlockLogImpl (DeletedBlockLogImpl.java:commitTransactions(224)) - Transaction txId=16 commit by dnId=a3a688a0-b759-42a1-9d42-7ea63bf88025 for containerID=#16 failed. Corresponding entry not found.
2021-08-14 14:05:28,243 [EventQueue-DeleteBlockStatusForDeletedBlockLogImpl] DEBUG block.DeletedBlockLogImpl (DeletedBlockLogImpl.java:isTransactionFailed(278)) - Got block deletion ACK from datanode, TXIDs=17, success=true
2021-08-14 14:05:28,243 [EventQueue-DeleteBlockStatusForDeletedBlockLogImpl] DEBUG block.DeletedBlockLogImpl (DeletedBlockLogImpl.java:commitTransactions(224)) - Transaction txId=17 commit by dnId=a3a688a0-b759-42a1-9d42-7ea63bf88025 for containerID=#17 failed. Corresponding entry not found.
2021-08-14 14:05:28,243 [EventQueue-DeleteBlockStatusForDeletedBlockLogImpl] DEBUG block.DeletedBlockLogImpl (DeletedBlockLogImpl.java:isTransactionFailed(278)) - Got block deletion ACK from datanode, TXIDs=18, success=true
2021-08-14 14:05:28,243 [EventQueue-DeleteBlockStatusForDeletedBlockLogImpl] DEBUG block.DeletedBlockLogImpl (DeletedBlockLogImpl.java:commitTransactions(224)) - Transaction txId=18 commit by dnId=a3a688a0-b759-42a1-9d42-7ea63bf88025 for containerID=#18 failed. Corresponding entry not found.
2021-08-14 14:05:28,243 [EventQueue-DeleteBlockStatusForDeletedBlockLogImpl] DEBUG block.DeletedBlockLogImpl (DeletedBlockLogImpl.java:isTransactionFailed(278)) - Got block deletion ACK from datanode, TXIDs=19, success=true
2021-08-14 14:05:28,243 [EventQueue-DeleteBlockStatusForDeletedBlockLogImpl] DEBUG block.DeletedBlockLogImpl (DeletedBlockLogImpl.java:commitTransactions(224)) - Transaction txId=19 commit by dnId=a3a688a0-b759-42a1-9d42-7ea63bf88025 for containerID=#19 failed. Corresponding entry not found.
2021-08-14 14:05:28,243 [EventQueue-DeleteBlockStatusForDeletedBlockLogImpl] DEBUG block.DeletedBlockLogImpl (DeletedBlockLogImpl.java:isTransactionFailed(278)) - Got block deletion ACK from datanode, TXIDs=20, success=true
2021-08-14 14:05:28,243 [EventQueue-DeleteBlockStatusForDeletedBlockLogImpl] DEBUG block.DeletedBlockLogImpl (DeletedBlockLogImpl.java:commitTransactions(224)) - Transaction txId=20 commit by dnId=a3a688a0-b759-42a1-9d42-7ea63bf88025 for containerID=#20 failed. Corresponding entry not found.
2021-08-14 14:05:28,243 [EventQueue-DeleteBlockStatusForDeletedBlockLogImpl] DEBUG block.DeletedBlockLogImpl (DeletedBlockLogImpl.java:isTransactionFailed(278)) - Got block deletion ACK from datanode, TXIDs=21, success=true
2021-08-14 14:05:28,243 [EventQueue-DeleteBlockStatusForDeletedBlockLogImpl] DEBUG block.DeletedBlockLogImpl (DeletedBlockLogImpl.java:commitTransactions(224)) - Transaction txId=21 commit by dnId=a3a688a0-b759-42a1-9d42-7ea63bf88025 for containerID=#21 failed. Corresponding entry not found.
2021-08-14 14:05:28,243 [EventQueue-DeleteBlockStatusForDeletedBlockLogImpl] DEBUG block.DeletedBlockLogImpl (DeletedBlockLogImpl.java:isTransactionFailed(278)) - Got block deletion ACK from datanode, TXIDs=22, success=true
2021-08-14 14:05:28,243 [EventQueue-DeleteBlockStatusForDeletedBlockLogImpl] DEBUG block.DeletedBlockLogImpl (DeletedBlockLogImpl.java:commitTransactions(224)) - Transaction txId=22 commit by dnId=a3a688a0-b759-42a1-9d42-7ea63bf88025 for containerID=#22 failed. Corresponding entry not found.
2021-08-14 14:05:28,243 [EventQueue-DeleteBlockStatusForDeletedBlockLogImpl] DEBUG block.DeletedBlockLogImpl (DeletedBlockLogImpl.java:isTransactionFailed(278)) - Got block deletion ACK from datanode, TXIDs=23, success=true
2021-08-14 14:05:28,243 [EventQueue-DeleteBlockStatusForDeletedBlockLogImpl] DEBUG block.DeletedBlockLogImpl (DeletedBlockLogImpl.java:commitTransactions(224)) - Transaction txId=23 commit by dnId=a3a688a0-b759-42a1-9d42-7ea63bf88025 for containerID=#23 failed. Corresponding entry not found.
2021-08-14 14:05:28,243 [EventQueue-DeleteBlockStatusForDeletedBlockLogImpl] DEBUG block.DeletedBlockLogImpl (DeletedBlockLogImpl.java:isTransactionFailed(278)) - Got block deletion ACK from datanode, TXIDs=24, success=true
2021-08-14 14:05:28,243 [EventQueue-DeleteBlockStatusForDeletedBlockLogImpl] DEBUG block.DeletedBlockLogImpl (DeletedBlockLogImpl.java:commitTransactions(224)) - Transaction txId=24 commit by dnId=a3a688a0-b759-42a1-9d42-7ea63bf88025 for containerID=#24 failed. Corresponding entry not found.
2021-08-14 14:05:28,243 [EventQueue-DeleteBlockStatusForDeletedBlockLogImpl] DEBUG block.DeletedBlockLogImpl (DeletedBlockLogImpl.java:isTransactionFailed(278)) - Got block deletion ACK from datanode, TXIDs=25, success=true
2021-08-14 14:05:28,243 [EventQueue-DeleteBlockStatusForDeletedBlockLogImpl] DEBUG block.DeletedBlockLogImpl (DeletedBlockLogImpl.java:commitTransactions(224)) - Transaction txId=25 commit by dnId=a3a688a0-b759-42a1-9d42-7ea63bf88025 for containerID=#25 failed. Corresponding entry not found.
2021-08-14 14:05:28,243 [EventQueue-DeleteBlockStatusForDeletedBlockLogImpl] DEBUG block.DeletedBlockLogImpl (DeletedBlockLogImpl.java:isTransactionFailed(278)) - Got block deletion ACK from datanode, TXIDs=26, success=true
2021-08-14 14:05:28,244 [EventQueue-DeleteBlockStatusForDeletedBlockLogImpl] DEBUG block.DeletedBlockLogImpl (DeletedBlockLogImpl.java:commitTransactions(224)) - Transaction txId=26 commit by dnId=a3a688a0-b759-42a1-9d42-7ea63bf88025 for containerID=#26 failed. Corresponding entry not found.
2021-08-14 14:05:28,244 [EventQueue-DeleteBlockStatusForDeletedBlockLogImpl] DEBUG block.DeletedBlockLogImpl (DeletedBlockLogImpl.java:isTransactionFailed(278)) - Got block deletion ACK from datanode, TXIDs=27, success=true
2021-08-14 14:05:28,244 [EventQueue-DeleteBlockStatusForDeletedBlockLogImpl] DEBUG block.DeletedBlockLogImpl (DeletedBlockLogImpl.java:commitTransactions(224)) - Transaction txId=27 commit by dnId=a3a688a0-b759-42a1-9d42-7ea63bf88025 for containerID=#27 failed. Corresponding entry not found.
2021-08-14 14:05:28,244 [EventQueue-DeleteBlockStatusForDeletedBlockLogImpl] DEBUG block.DeletedBlockLogImpl (DeletedBlockLogImpl.java:isTransactionFailed(278)) - Got block deletion ACK from datanode, TXIDs=28, success=true
2021-08-14 14:05:28,244 [EventQueue-DeleteBlockStatusForDeletedBlockLogImpl] DEBUG block.DeletedBlockLogImpl (DeletedBlockLogImpl.java:commitTransactions(224)) - Transaction txId=28 commit by dnId=a3a688a0-b759-42a1-9d42-7ea63bf88025 for containerID=#28 failed. Corresponding entry not found.
2021-08-14 14:05:28,244 [EventQueue-DeleteBlockStatusForDeletedBlockLogImpl] DEBUG block.DeletedBlockLogImpl (DeletedBlockLogImpl.java:isTransactionFailed(278)) - Got block deletion ACK from datanode, TXIDs=29, success=true
2021-08-14 14:05:28,244 [EventQueue-DeleteBlockStatusForDeletedBlockLogImpl] DEBUG block.DeletedBlockLogImpl (DeletedBlockLogImpl.java:commitTransactions(224)) - Transaction txId=29 commit by dnId=a3a688a0-b759-42a1-9d42-7ea63bf88025 for containerID=#29 failed. Corresponding entry not found.
2021-08-14 14:05:28,244 [EventQueue-DeleteBlockStatusForDeletedBlockLogImpl] DEBUG block.DeletedBlockLogImpl (DeletedBlockLogImpl.java:isTransactionFailed(278)) - Got block deletion ACK from datanode, TXIDs=30, success=true
2021-08-14 14:05:28,244 [EventQueue-DeleteBlockStatusForDeletedBlockLogImpl] DEBUG block.DeletedBlockLogImpl (DeletedBlockLogImpl.java:commitTransactions(224)) - Transaction txId=30 commit by dnId=a3a688a0-b759-42a1-9d42-7ea63bf88025 for containerID=#30 failed. Corresponding entry not found.
2021-08-14 14:05:28,244 [EventQueue-DeleteBlockStatusForDeletedBlockLogImpl] DEBUG block.DeletedBlockLogImpl (DeletedBlockLogImpl.java:isTransactionFailed(278)) - Got block deletion ACK from datanode, TXIDs=31, success=true
2021-08-14 14:05:28,244 [EventQueue-DeleteBlockStatusForDeletedBlockLogImpl] DEBUG block.DeletedBlockLogImpl (DeletedBlockLogImpl.java:commitTransactions(224)) - Transaction txId=31 commit by dnId=a3a688a0-b759-42a1-9d42-7ea63bf88025 for containerID=#31 failed. Corresponding entry not found.
2021-08-14 14:05:28,244 [EventQueue-DeleteBlockStatusForDeletedBlockLogImpl] DEBUG block.DeletedBlockLogImpl (DeletedBlockLogImpl.java:isTransactionFailed(278)) - Got block deletion ACK from datanode, TXIDs=32, success=true
2021-08-14 14:05:28,244 [EventQueue-DeleteBlockStatusForDeletedBlockLogImpl] DEBUG block.DeletedBlockLogImpl (DeletedBlockLogImpl.java:commitTransactions(224)) - Transaction txId=32 commit by dnId=a3a688a0-b759-42a1-9d42-7ea63bf88025 for containerID=#32 failed. Corresponding entry not found.
2021-08-14 14:05:28,244 [EventQueue-DeleteBlockStatusForDeletedBlockLogImpl] DEBUG block.DeletedBlockLogImpl (DeletedBlockLogImpl.java:isTransactionFailed(278)) - Got block deletion ACK from datanode, TXIDs=33, success=true
2021-08-14 14:05:28,244 [EventQueue-DeleteBlockStatusForDeletedBlockLogImpl] DEBUG block.DeletedBlockLogImpl (DeletedBlockLogImpl.java:commitTransactions(224)) - Transaction txId=33 commit by dnId=a3a688a0-b759-42a1-9d42-7ea63bf88025 for containerID=#33 failed. Corresponding entry not found.
2021-08-14 14:05:28,244 [EventQueue-DeleteBlockStatusForDeletedBlockLogImpl] DEBUG block.DeletedBlockLogImpl (DeletedBlockLogImpl.java:isTransactionFailed(278)) - Got block deletion ACK from datanode, TXIDs=34, success=true
2021-08-14 14:05:28,244 [EventQueue-DeleteBlockStatusForDeletedBlockLogImpl] DEBUG block.DeletedBlockLogImpl (DeletedBlockLogImpl.java:commitTransactions(224)) - Transaction txId=34 commit by dnId=a3a688a0-b759-42a1-9d42-7ea63bf88025 for containerID=#34 failed. Corresponding entry not found.
2021-08-14 14:05:28,244 [EventQueue-DeleteBlockStatusForDeletedBlockLogImpl] DEBUG block.DeletedBlockLogImpl (DeletedBlockLogImpl.java:isTransactionFailed(278)) - Got block deletion ACK from datanode, TXIDs=35, success=true
2021-08-14 14:05:28,244 [EventQueue-DeleteBlockStatusForDeletedBlockLogImpl] DEBUG block.DeletedBlockLogImpl (DeletedBlockLogImpl.java:commitTransactions(224)) - Transaction txId=35 commit by dnId=a3a688a0-b759-42a1-9d42-7ea63bf88025 for containerID=#35 failed. Corresponding entry not found.
2021-08-14 14:05:28,244 [EventQueue-DeleteBlockStatusForDeletedBlockLogImpl] DEBUG block.DeletedBlockLogImpl (DeletedBlockLogImpl.java:isTransactionFailed(278)) - Got block deletion ACK from datanode, TXIDs=36, success=true
2021-08-14 14:05:28,244 [EventQueue-DeleteBlockStatusForDeletedBlockLogImpl] DEBUG block.DeletedBlockLogImpl (DeletedBlockLogImpl.java:commitTransactions(224)) - Transaction txId=36 commit by dnId=a3a688a0-b759-42a1-9d42-7ea63bf88025 for containerID=#36 failed. Corresponding entry not found.
2021-08-14 14:05:28,244 [EventQueue-DeleteBlockStatusForDeletedBlockLogImpl] DEBUG block.DeletedBlockLogImpl (DeletedBlockLogImpl.java:isTransactionFailed(278)) - Got block deletion ACK from datanode, TXIDs=37, success=true
2021-08-14 14:05:28,244 [EventQueue-DeleteBlockStatusForDeletedBlockLogImpl] DEBUG block.DeletedBlockLogImpl (DeletedBlockLogImpl.java:commitTransactions(224)) - Transaction txId=37 commit by dnId=a3a688a0-b759-42a1-9d42-7ea63bf88025 for containerID=#37 failed. Corresponding entry not found.
2021-08-14 14:05:28,244 [EventQueue-DeleteBlockStatusForDeletedBlockLogImpl] DEBUG block.DeletedBlockLogImpl (DeletedBlockLogImpl.java:isTransactionFailed(278)) - Got block deletion ACK from datanode, TXIDs=38, success=true
2021-08-14 14:05:28,244 [EventQueue-DeleteBlockStatusForDeletedBlockLogImpl] DEBUG block.DeletedBlockLogImpl (DeletedBlockLogImpl.java:commitTransactions(224)) - Transaction txId=38 commit by dnId=a3a688a0-b759-42a1-9d42-7ea63bf88025 for containerID=#38 failed. Corresponding entry not found.
2021-08-14 14:05:28,244 [EventQueue-DeleteBlockStatusForDeletedBlockLogImpl] DEBUG block.DeletedBlockLogImpl (DeletedBlockLogImpl.java:isTransactionFailed(278)) - Got block deletion ACK from datanode, TXIDs=39, success=true
2021-08-14 14:05:28,244 [EventQueue-DeleteBlockStatusForDeletedBlockLogImpl] DEBUG block.DeletedBlockLogImpl (DeletedBlockLogImpl.java:commitTransactions(224)) - Transaction txId=39 commit by dnId=a3a688a0-b759-42a1-9d42-7ea63bf88025 for containerID=#39 failed. Corresponding entry not found.
2021-08-14 14:05:28,244 [EventQueue-DeleteBlockStatusForDeletedBlockLogImpl] DEBUG block.DeletedBlockLogImpl (DeletedBlockLogImpl.java:isTransactionFailed(278)) - Got block deletion ACK from datanode, TXIDs=40, success=true
2021-08-14 14:05:28,244 [EventQueue-DeleteBlockStatusForDeletedBlockLogImpl] DEBUG block.DeletedBlockLogImpl (DeletedBlockLogImpl.java:commitTransactions(224)) - Transaction txId=40 commit by dnId=a3a688a0-b759-42a1-9d42-7ea63bf88025 for containerID=#40 failed. Corresponding entry not found.
2021-08-14 14:05:28,244 [EventQueue-DeleteBlockStatusForDeletedBlockLogImpl] DEBUG block.DeletedBlockLogImpl (DeletedBlockLogImpl.java:isTransactionFailed(278)) - Got block deletion ACK from datanode, TXIDs=41, success=true
2021-08-14 14:05:28,244 [EventQueue-DeleteBlockStatusForDeletedBlockLogImpl] DEBUG block.DeletedBlockLogImpl (DeletedBlockLogImpl.java:commitTransactions(224)) - Transaction txId=41 commit by dnId=a3a688a0-b759-42a1-9d42-7ea63bf88025 for containerID=#41 failed. Corresponding entry not found.
2021-08-14 14:05:28,244 [EventQueue-DeleteBlockStatusForDeletedBlockLogImpl] DEBUG block.DeletedBlockLogImpl (DeletedBlockLogImpl.java:isTransactionFailed(278)) - Got block deletion ACK from datanode, TXIDs=42, success=true
2021-08-14 14:05:28,244 [EventQueue-DeleteBlockStatusForDeletedBlockLogImpl] DEBUG block.DeletedBlockLogImpl (DeletedBlockLogImpl.java:commitTransactions(224)) - Transaction txId=42 commit by dnId=a3a688a0-b759-42a1-9d42-7ea63bf88025 for containerID=#42 failed. Corresponding entry not found.
2021-08-14 14:05:28,244 [EventQueue-DeleteBlockStatusForDeletedBlockLogImpl] DEBUG block.DeletedBlockLogImpl (DeletedBlockLogImpl.java:isTransactionFailed(278)) - Got block deletion ACK from datanode, TXIDs=43, success=true
2021-08-14 14:05:28,244 [EventQueue-DeleteBlockStatusForDeletedBlockLogImpl] DEBUG block.DeletedBlockLogImpl (DeletedBlockLogImpl.java:commitTransactions(224)) - Transaction txId=43 commit by dnId=a3a688a0-b759-42a1-9d42-7ea63bf88025 for containerID=#43 failed. Corresponding entry not found.
2021-08-14 14:05:28,244 [EventQueue-DeleteBlockStatusForDeletedBlockLogImpl] DEBUG block.DeletedBlockLogImpl (DeletedBlockLogImpl.java:isTransactionFailed(278)) - Got block deletion ACK from datanode, TXIDs=44, success=true
2021-08-14 14:05:28,244 [EventQueue-DeleteBlockStatusForDeletedBlockLogImpl] DEBUG block.DeletedBlockLogImpl (DeletedBlockLogImpl.java:commitTransactions(224)) - Transaction txId=44 commit by dnId=a3a688a0-b759-42a1-9d42-7ea63bf88025 for containerID=#44 failed. Corresponding entry not found.
2021-08-14 14:05:28,244 [EventQueue-DeleteBlockStatusForDeletedBlockLogImpl] DEBUG block.DeletedBlockLogImpl (DeletedBlockLogImpl.java:isTransactionFailed(278)) - Got block deletion ACK from datanode, TXIDs=45, success=true
2021-08-14 14:05:28,244 [EventQueue-DeleteBlockStatusForDeletedBlockLogImpl] DEBUG block.DeletedBlockLogImpl (DeletedBlockLogImpl.java:commitTransactions(224)) - Transaction txId=45 commit by dnId=a3a688a0-b759-42a1-9d42-7ea63bf88025 for containerID=#45 failed. Corresponding entry not found.
2021-08-14 14:05:28,244 [EventQueue-DeleteBlockStatusForDeletedBlockLogImpl] DEBUG block.DeletedBlockLogImpl (DeletedBlockLogImpl.java:isTransactionFailed(278)) - Got block deletion ACK from datanode, TXIDs=46, success=true
2021-08-14 14:05:28,244 [EventQueue-DeleteBlockStatusForDeletedBlockLogImpl] DEBUG block.DeletedBlockLogImpl (DeletedBlockLogImpl.java:commitTransactions(224)) - Transaction txId=46 commit by dnId=a3a688a0-b759-42a1-9d42-7ea63bf88025 for containerID=#46 failed. Corresponding entry not found.
2021-08-14 14:05:28,244 [EventQueue-DeleteBlockStatusForDeletedBlockLogImpl] DEBUG block.DeletedBlockLogImpl (DeletedBlockLogImpl.java:isTransactionFailed(278)) - Got block deletion ACK from datanode, TXIDs=47, success=true
2021-08-14 14:05:28,244 [EventQueue-DeleteBlockStatusForDeletedBlockLogImpl] DEBUG block.DeletedBlockLogImpl (DeletedBlockLogImpl.java:commitTransactions(224)) - Transaction txId=47 commit by dnId=a3a688a0-b759-42a1-9d42-7ea63bf88025 for containerID=#47 failed. Corresponding entry not found.
2021-08-14 14:05:28,244 [EventQueue-DeleteBlockStatusForDeletedBlockLogImpl] DEBUG block.DeletedBlockLogImpl (DeletedBlockLogImpl.java:isTransactionFailed(278)) - Got block deletion ACK from datanode, TXIDs=48, success=true
2021-08-14 14:05:28,244 [EventQueue-DeleteBlockStatusForDeletedBlockLogImpl] DEBUG block.DeletedBlockLogImpl (DeletedBlockLogImpl.java:commitTransactions(224)) - Transaction txId=48 commit by dnId=a3a688a0-b759-42a1-9d42-7ea63bf88025 for containerID=#48 failed. Corresponding entry not found.
2021-08-14 14:05:28,244 [EventQueue-DeleteBlockStatusForDeletedBlockLogImpl] DEBUG block.DeletedBlockLogImpl (DeletedBlockLogImpl.java:isTransactionFailed(278)) - Got block deletion ACK from datanode, TXIDs=49, success=true
2021-08-14 14:05:28,244 [EventQueue-DeleteBlockStatusForDeletedBlockLogImpl] DEBUG block.DeletedBlockLogImpl (DeletedBlockLogImpl.java:commitTransactions(224)) - Transaction txId=49 commit by dnId=a3a688a0-b759-42a1-9d42-7ea63bf88025 for containerID=#49 failed. Corresponding entry not found.
2021-08-14 14:05:28,239 [BlockDeletingService#1] INFO  impl.FilePerBlockStrategy (FilePerBlockStrategy.java:deleteChunk(227)) - Deleted block file: /home/runner/work/ozone/ozone/hadoop-ozone/integration-test/target/test-dir/MiniOzoneClusterImpl-903ecea8-4fd7-4e9d-96bf-9013ab6d4ae3/datanode-0/data-0/containers/hdds/903ecea8-4fd7-4e9d-96bf-9013ab6d4ae3/current/containerDir0/19/chunks/107544261427200019.block
2021-08-14 14:05:28,245 [BlockDeletingService#1] INFO  background.BlockDeletingService (BlockDeletingService.java:deleteViaSchema2(447)) - Container: 19, deleted blocks: 1, task elapsed time: 7ms
2021-08-14 14:05:28,246 [EventQueue-DeleteBlockStatusForDeletedBlockLogImpl] DEBUG block.DeletedBlockLogImpl (DeletedBlockLogImpl.java:isTransactionFailed(278)) - Got block deletion ACK from datanode, TXIDs=50, success=true
2021-08-14 14:05:28,246 [EventQueue-DeleteBlockStatusForDeletedBlockLogImpl] DEBUG block.DeletedBlockLogImpl (DeletedBlockLogImpl.java:commitTransactions(224)) - Transaction txId=50 commit by dnId=a3a688a0-b759-42a1-9d42-7ea63bf88025 for containerID=#50 failed. Corresponding entry not found.
2021-08-14 14:05:28,246 [BlockDeletingService#1] INFO  impl.FilePerBlockStrategy (FilePerBlockStrategy.java:deleteChunk(227)) - Deleted block file: /home/runner/work/ozone/ozone/hadoop-ozone/integration-test/target/test-dir/MiniOzoneClusterImpl-903ecea8-4fd7-4e9d-96bf-9013ab6d4ae3/datanode-0/data-0/containers/hdds/903ecea8-4fd7-4e9d-96bf-9013ab6d4ae3/current/containerDir0/47/chunks/107544261427200047.block
2021-08-14 14:05:28,246 [BlockDeletingService#1] INFO  background.BlockDeletingService (BlockDeletingService.java:deleteViaSchema2(447)) - Container: 47, deleted blocks: 1, task elapsed time: 1ms
2021-08-14 14:05:28,247 [BlockDeletingService#1] INFO  impl.FilePerBlockStrategy (FilePerBlockStrategy.java:deleteChunk(227)) - Deleted block file: /home/runner/work/ozone/ozone/hadoop-ozone/integration-test/target/test-dir/MiniOzoneClusterImpl-903ecea8-4fd7-4e9d-96bf-9013ab6d4ae3/datanode-0/data-0/containers/hdds/903ecea8-4fd7-4e9d-96bf-9013ab6d4ae3/current/containerDir0/46/chunks/107544261427200046.block
2021-08-14 14:05:28,247 [BlockDeletingService#1] INFO  background.BlockDeletingService (BlockDeletingService.java:deleteViaSchema2(447)) - Container: 46, deleted blocks: 1, task elapsed time: 1ms
2021-08-14 14:05:28,248 [BlockDeletingService#1] INFO  impl.FilePerBlockStrategy (FilePerBlockStrategy.java:deleteChunk(227)) - Deleted block file: /home/runner/work/ozone/ozone/hadoop-ozone/integration-test/target/test-dir/MiniOzoneClusterImpl-903ecea8-4fd7-4e9d-96bf-9013ab6d4ae3/datanode-0/data-0/containers/hdds/903ecea8-4fd7-4e9d-96bf-9013ab6d4ae3/current/containerDir0/45/chunks/107544261427200045.block
2021-08-14 14:05:28,248 [BlockDeletingService#1] INFO  background.BlockDeletingService (BlockDeletingService.java:deleteViaSchema2(447)) - Container: 45, deleted blocks: 1, task elapsed time: 1ms
2021-08-14 14:05:28,249 [BlockDeletingService#1] INFO  impl.FilePerBlockStrategy (FilePerBlockStrategy.java:deleteChunk(227)) - Deleted block file: /home/runner/work/ozone/ozone/hadoop-ozone/integration-test/target/test-dir/MiniOzoneClusterImpl-903ecea8-4fd7-4e9d-96bf-9013ab6d4ae3/datanode-0/data-0/containers/hdds/903ecea8-4fd7-4e9d-96bf-9013ab6d4ae3/current/containerDir0/44/chunks/107544261427200044.block
2021-08-14 14:05:28,249 [BlockDeletingService#1] INFO  background.BlockDeletingService (BlockDeletingService.java:deleteViaSchema2(447)) - Container: 44, deleted blocks: 1, task elapsed time: 1ms
2021-08-14 14:05:28,244 [BlockDeletingService#8] INFO  impl.FilePerBlockStrategy (FilePerBlockStrategy.java:deleteChunk(227)) - Deleted block file: /home/runner/work/ozone/ozone/hadoop-ozone/integration-test/target/test-dir/MiniOzoneClusterImpl-903ecea8-4fd7-4e9d-96bf-9013ab6d4ae3/datanode-0/data-0/containers/hdds/903ecea8-4fd7-4e9d-96bf-9013ab6d4ae3/current/containerDir0/53/chunks/107544261427200053.block
2021-08-14 14:05:28,244 [BlockDeletingService#9] INFO  impl.FilePerBlockStrategy (FilePerBlockStrategy.java:deleteChunk(227)) - Deleted block file: /home/runner/work/ozone/ozone/hadoop-ozone/integration-test/target/test-dir/MiniOzoneClusterImpl-903ecea8-4fd7-4e9d-96bf-9013ab6d4ae3/datanode-0/data-0/containers/hdds/903ecea8-4fd7-4e9d-96bf-9013ab6d4ae3/current/containerDir0/48/chunks/107544261427200048.block
2021-08-14 14:05:28,249 [BlockDeletingService#8] INFO  background.BlockDeletingService (BlockDeletingService.java:deleteViaSchema2(447)) - Container: 53, deleted blocks: 1, task elapsed time: 9ms
2021-08-14 14:05:28,249 [BlockDeletingService#9] INFO  background.BlockDeletingService (BlockDeletingService.java:deleteViaSchema2(447)) - Container: 48, deleted blocks: 1, task elapsed time: 6ms
2021-08-14 14:05:28,250 [BlockDeletingService#8] INFO  impl.FilePerBlockStrategy (FilePerBlockStrategy.java:deleteChunk(227)) - Deleted block file: /home/runner/work/ozone/ozone/hadoop-ozone/integration-test/target/test-dir/MiniOzoneClusterImpl-903ecea8-4fd7-4e9d-96bf-9013ab6d4ae3/datanode-0/data-0/containers/hdds/903ecea8-4fd7-4e9d-96bf-9013ab6d4ae3/current/containerDir0/42/chunks/107544261427200042.block
2021-08-14 14:05:28,250 [BlockDeletingService#9] INFO  impl.FilePerBlockStrategy (FilePerBlockStrategy.java:deleteChunk(227)) - Deleted block file: /home/runner/work/ozone/ozone/hadoop-ozone/integration-test/target/test-dir/MiniOzoneClusterImpl-903ecea8-4fd7-4e9d-96bf-9013ab6d4ae3/datanode-0/data-0/containers/hdds/903ecea8-4fd7-4e9d-96bf-9013ab6d4ae3/current/containerDir0/41/chunks/107544261427200041.block
2021-08-14 14:05:28,250 [BlockDeletingService#9] INFO  background.BlockDeletingService (BlockDeletingService.java:deleteViaSchema2(447)) - Container: 41, deleted blocks: 1, task elapsed time: 1ms
2021-08-14 14:05:28,243 [BlockDeletingService#2] INFO  impl.FilePerBlockStrategy (FilePerBlockStrategy.java:deleteChunk(227)) - Deleted block file: /home/runner/work/ozone/ozone/hadoop-ozone/integration-test/target/test-dir/MiniOzoneClusterImpl-903ecea8-4fd7-4e9d-96bf-9013ab6d4ae3/datanode-0/data-0/containers/hdds/903ecea8-4fd7-4e9d-96bf-9013ab6d4ae3/current/containerDir0/49/chunks/107544261427200049.block
2021-08-14 14:05:28,251 [BlockDeletingService#2] INFO  background.BlockDeletingService (BlockDeletingService.java:deleteViaSchema2(447)) - Container: 49, deleted blocks: 1, task elapsed time: 9ms
2021-08-14 14:05:28,243 [BlockDeletingService#7] INFO  impl.FilePerBlockStrategy (FilePerBlockStrategy.java:deleteChunk(227)) - Deleted block file: /home/runner/work/ozone/ozone/hadoop-ozone/integration-test/target/test-dir/MiniOzoneClusterImpl-903ecea8-4fd7-4e9d-96bf-9013ab6d4ae3/datanode-0/data-0/containers/hdds/903ecea8-4fd7-4e9d-96bf-9013ab6d4ae3/current/containerDir0/50/chunks/107544261427200050.block
2021-08-14 14:05:28,252 [BlockDeletingService#7] INFO  background.BlockDeletingService (BlockDeletingService.java:deleteViaSchema2(447)) - Container: 50, deleted blocks: 1, task elapsed time: 9ms
2021-08-14 14:05:28,252 [BlockDeletingService#2] INFO  impl.FilePerBlockStrategy (FilePerBlockStrategy.java:deleteChunk(227)) - Deleted block file: /home/runner/work/ozone/ozone/hadoop-ozone/integration-test/target/test-dir/MiniOzoneClusterImpl-903ecea8-4fd7-4e9d-96bf-9013ab6d4ae3/datanode-0/data-0/containers/hdds/903ecea8-4fd7-4e9d-96bf-9013ab6d4ae3/current/containerDir0/39/chunks/107544261427200039.block
2021-08-14 14:05:28,252 [BlockDeletingService#2] INFO  background.BlockDeletingService (BlockDeletingService.java:deleteViaSchema2(447)) - Container: 39, deleted blocks: 1, task elapsed time: 1ms
2021-08-14 14:05:28,252 [BlockDeletingService#7] INFO  impl.FilePerBlockStrategy (FilePerBlockStrategy.java:deleteChunk(227)) - Deleted block file: /home/runner/work/ozone/ozone/hadoop-ozone/integration-test/target/test-dir/MiniOzoneClusterImpl-903ecea8-4fd7-4e9d-96bf-9013ab6d4ae3/datanode-0/data-0/containers/hdds/903ecea8-4fd7-4e9d-96bf-9013ab6d4ae3/current/containerDir0/38/chunks/107544261427200038.block
2021-08-14 14:05:28,252 [BlockDeletingService#7] INFO  background.BlockDeletingService (BlockDeletingService.java:deleteViaSchema2(447)) - Container: 38, deleted blocks: 1, task elapsed time: 1ms
2021-08-14 14:05:28,253 [BlockDeletingService#2] INFO  impl.FilePerBlockStrategy (FilePerBlockStrategy.java:deleteChunk(227)) - Deleted block file: /home/runner/work/ozone/ozone/hadoop-ozone/integration-test/target/test-dir/MiniOzoneClusterImpl-903ecea8-4fd7-4e9d-96bf-9013ab6d4ae3/datanode-0/data-0/containers/hdds/903ecea8-4fd7-4e9d-96bf-9013ab6d4ae3/current/containerDir0/37/chunks/107544261427200037.block
2021-08-14 14:05:28,253 [BlockDeletingService#2] INFO  background.BlockDeletingService (BlockDeletingService.java:deleteViaSchema2(447)) - Container: 37, deleted blocks: 1, task elapsed time: 1ms
2021-08-14 14:05:28,242 [BlockDeletingService#6] INFO  impl.FilePerBlockStrategy (FilePerBlockStrategy.java:deleteChunk(227)) - Deleted block file: /home/runner/work/ozone/ozone/hadoop-ozone/integration-test/target/test-dir/MiniOzoneClusterImpl-903ecea8-4fd7-4e9d-96bf-9013ab6d4ae3/datanode-0/data-0/containers/hdds/903ecea8-4fd7-4e9d-96bf-9013ab6d4ae3/current/containerDir0/51/chunks/107544261427200051.block
2021-08-14 14:05:28,253 [BlockDeletingService#6] INFO  background.BlockDeletingService (BlockDeletingService.java:deleteViaSchema2(447)) - Container: 51, deleted blocks: 1, task elapsed time: 12ms
2021-08-14 14:05:28,254 [BlockDeletingService#2] INFO  impl.FilePerBlockStrategy (FilePerBlockStrategy.java:deleteChunk(227)) - Deleted block file: /home/runner/work/ozone/ozone/hadoop-ozone/integration-test/target/test-dir/MiniOzoneClusterImpl-903ecea8-4fd7-4e9d-96bf-9013ab6d4ae3/datanode-0/data-0/containers/hdds/903ecea8-4fd7-4e9d-96bf-9013ab6d4ae3/current/containerDir0/35/chunks/107544261427200035.block
2021-08-14 14:05:28,254 [BlockDeletingService#2] INFO  background.BlockDeletingService (BlockDeletingService.java:deleteViaSchema2(447)) - Container: 35, deleted blocks: 1, task elapsed time: 1ms
2021-08-14 14:05:28,254 [BlockDeletingService#6] INFO  impl.FilePerBlockStrategy (FilePerBlockStrategy.java:deleteChunk(227)) - Deleted block file: /home/runner/work/ozone/ozone/hadoop-ozone/integration-test/target/test-dir/MiniOzoneClusterImpl-903ecea8-4fd7-4e9d-96bf-9013ab6d4ae3/datanode-0/data-0/containers/hdds/903ecea8-4fd7-4e9d-96bf-9013ab6d4ae3/current/containerDir0/34/chunks/107544261427200034.block
2021-08-14 14:05:28,254 [BlockDeletingService#6] INFO  background.BlockDeletingService (BlockDeletingService.java:deleteViaSchema2(447)) - Container: 34, deleted blocks: 1, task elapsed time: 1ms
2021-08-14 14:05:28,255 [BlockDeletingService#9] INFO  impl.FilePerBlockStrategy (FilePerBlockStrategy.java:deleteChunk(227)) - Deleted block file: /home/runner/work/ozone/ozone/hadoop-ozone/integration-test/target/test-dir/MiniOzoneClusterImpl-903ecea8-4fd7-4e9d-96bf-9013ab6d4ae3/datanode-0/data-0/containers/hdds/903ecea8-4fd7-4e9d-96bf-9013ab6d4ae3/current/containerDir0/40/chunks/107544261427200040.block
2021-08-14 14:05:28,255 [BlockDeletingService#9] INFO  background.BlockDeletingService (BlockDeletingService.java:deleteViaSchema2(447)) - Container: 40, deleted blocks: 1, task elapsed time: 5ms
2021-08-14 14:05:28,255 [BlockDeletingService#6] INFO  impl.FilePerBlockStrategy (FilePerBlockStrategy.java:deleteChunk(227)) - Deleted block file: /home/runner/work/ozone/ozone/hadoop-ozone/integration-test/target/test-dir/MiniOzoneClusterImpl-903ecea8-4fd7-4e9d-96bf-9013ab6d4ae3/datanode-0/data-0/containers/hdds/903ecea8-4fd7-4e9d-96bf-9013ab6d4ae3/current/containerDir0/32/chunks/107544261427200032.block
2021-08-14 14:05:28,255 [BlockDeletingService#6] INFO  background.BlockDeletingService (BlockDeletingService.java:deleteViaSchema2(447)) - Container: 32, deleted blocks: 1, task elapsed time: 1ms
2021-08-14 14:05:28,256 [BlockDeletingService#9] INFO  impl.FilePerBlockStrategy (FilePerBlockStrategy.java:deleteChunk(227)) - Deleted block file: /home/runner/work/ozone/ozone/hadoop-ozone/integration-test/target/test-dir/MiniOzoneClusterImpl-903ecea8-4fd7-4e9d-96bf-9013ab6d4ae3/datanode-0/data-0/containers/hdds/903ecea8-4fd7-4e9d-96bf-9013ab6d4ae3/current/containerDir0/31/chunks/107544261427200031.block
2021-08-14 14:05:28,256 [BlockDeletingService#9] INFO  background.BlockDeletingService (BlockDeletingService.java:deleteViaSchema2(447)) - Container: 31, deleted blocks: 1, task elapsed time: 1ms
2021-08-14 14:05:28,256 [BlockDeletingService#6] INFO  impl.FilePerBlockStrategy (FilePerBlockStrategy.java:deleteChunk(227)) - Deleted block file: /home/runner/work/ozone/ozone/hadoop-ozone/integration-test/target/test-dir/MiniOzoneClusterImpl-903ecea8-4fd7-4e9d-96bf-9013ab6d4ae3/datanode-0/data-0/containers/hdds/903ecea8-4fd7-4e9d-96bf-9013ab6d4ae3/current/containerDir0/30/chunks/107544261427200030.block
2021-08-14 14:05:28,256 [BlockDeletingService#6] INFO  background.BlockDeletingService (BlockDeletingService.java:deleteViaSchema2(447)) - Container: 30, deleted blocks: 1, task elapsed time: 1ms
2021-08-14 14:05:28,257 [BlockDeletingService#2] INFO  impl.FilePerBlockStrategy (FilePerBlockStrategy.java:deleteChunk(227)) - Deleted block file: /home/runner/work/ozone/ozone/hadoop-ozone/integration-test/target/test-dir/MiniOzoneClusterImpl-903ecea8-4fd7-4e9d-96bf-9013ab6d4ae3/datanode-0/data-0/containers/hdds/903ecea8-4fd7-4e9d-96bf-9013ab6d4ae3/current/containerDir0/33/chunks/107544261427200033.block
2021-08-14 14:05:28,257 [BlockDeletingService#2] INFO  background.BlockDeletingService (BlockDeletingService.java:deleteViaSchema2(447)) - Container: 33, deleted blocks: 1, task elapsed time: 3ms
2021-08-14 14:05:28,257 [BlockDeletingService#6] INFO  impl.FilePerBlockStrategy (FilePerBlockStrategy.java:deleteChunk(227)) - Deleted block file: /home/runner/work/ozone/ozone/hadoop-ozone/integration-test/target/test-dir/MiniOzoneClusterImpl-903ecea8-4fd7-4e9d-96bf-9013ab6d4ae3/datanode-0/data-0/containers/hdds/903ecea8-4fd7-4e9d-96bf-9013ab6d4ae3/current/containerDir0/28/chunks/107544261427200028.block
2021-08-14 14:05:28,257 [BlockDeletingService#6] INFO  background.BlockDeletingService (BlockDeletingService.java:deleteViaSchema2(447)) - Container: 28, deleted blocks: 1, task elapsed time: 1ms
2021-08-14 14:05:28,242 [BlockDeletingService#3] INFO  impl.FilePerBlockStrategy (FilePerBlockStrategy.java:deleteChunk(227)) - Deleted block file: /home/runner/work/ozone/ozone/hadoop-ozone/integration-test/target/test-dir/MiniOzoneClusterImpl-903ecea8-4fd7-4e9d-96bf-9013ab6d4ae3/datanode-0/data-0/containers/hdds/903ecea8-4fd7-4e9d-96bf-9013ab6d4ae3/current/containerDir0/52/chunks/107544261427200052.block
2021-08-14 14:05:28,240 [BlockDeletingService#0] INFO  impl.FilePerBlockStrategy (FilePerBlockStrategy.java:deleteChunk(227)) - Deleted block file: /home/runner/work/ozone/ozone/hadoop-ozone/integration-test/target/test-dir/MiniOzoneClusterImpl-903ecea8-4fd7-4e9d-96bf-9013ab6d4ae3/datanode-0/data-0/containers/hdds/903ecea8-4fd7-4e9d-96bf-9013ab6d4ae3/current/containerDir0/54/chunks/107544261427200054.block
2021-08-14 14:05:28,240 [BlockDeletingService#4] INFO  impl.FilePerBlockStrategy (FilePerBlockStrategy.java:deleteChunk(227)) - Deleted block file: /home/runner/work/ozone/ozone/hadoop-ozone/integration-test/target/test-dir/MiniOzoneClusterImpl-903ecea8-4fd7-4e9d-96bf-9013ab6d4ae3/datanode-0/data-0/containers/hdds/903ecea8-4fd7-4e9d-96bf-9013ab6d4ae3/current/containerDir0/55/chunks/107544261427200055.block
2021-08-14 14:05:28,258 [BlockDeletingService#4] INFO  background.BlockDeletingService (BlockDeletingService.java:deleteViaSchema2(447)) - Container: 55, deleted blocks: 1, task elapsed time: 18ms
2021-08-14 14:05:28,258 [BlockDeletingService#9] INFO  impl.FilePerBlockStrategy (FilePerBlockStrategy.java:deleteChunk(227)) - Deleted block file: /home/runner/work/ozone/ozone/hadoop-ozone/integration-test/target/test-dir/MiniOzoneClusterImpl-903ecea8-4fd7-4e9d-96bf-9013ab6d4ae3/datanode-0/data-0/containers/hdds/903ecea8-4fd7-4e9d-96bf-9013ab6d4ae3/current/containerDir0/29/chunks/107544261427200029.block
2021-08-14 14:05:28,258 [BlockDeletingService#4] INFO  impl.FilePerBlockStrategy (FilePerBlockStrategy.java:deleteChunk(227)) - Deleted block file: /home/runner/work/ozone/ozone/hadoop-ozone/integration-test/target/test-dir/MiniOzoneClusterImpl-903ecea8-4fd7-4e9d-96bf-9013ab6d4ae3/datanode-0/data-0/containers/hdds/903ecea8-4fd7-4e9d-96bf-9013ab6d4ae3/current/containerDir0/25/chunks/107544261427200025.block
2021-08-14 14:05:28,258 [BlockDeletingService#4] INFO  background.BlockDeletingService (BlockDeletingService.java:deleteViaSchema2(447)) - Container: 25, deleted blocks: 1, task elapsed time: 1ms
2021-08-14 14:05:28,259 [BlockDeletingService#2] INFO  impl.FilePerBlockStrategy (FilePerBlockStrategy.java:deleteChunk(227)) - Deleted block file: /home/runner/work/ozone/ozone/hadoop-ozone/integration-test/target/test-dir/MiniOzoneClusterImpl-903ecea8-4fd7-4e9d-96bf-9013ab6d4ae3/datanode-0/data-0/containers/hdds/903ecea8-4fd7-4e9d-96bf-9013ab6d4ae3/current/containerDir0/27/chunks/107544261427200027.block
2021-08-14 14:05:28,259 [BlockDeletingService#2] INFO  background.BlockDeletingService (BlockDeletingService.java:deleteViaSchema2(447)) - Container: 27, deleted blocks: 1, task elapsed time: 2ms
2021-08-14 14:05:28,259 [BlockDeletingService#4] INFO  impl.FilePerBlockStrategy (FilePerBlockStrategy.java:deleteChunk(227)) - Deleted block file: /home/runner/work/ozone/ozone/hadoop-ozone/integration-test/target/test-dir/MiniOzoneClusterImpl-903ecea8-4fd7-4e9d-96bf-9013ab6d4ae3/datanode-0/data-0/containers/hdds/903ecea8-4fd7-4e9d-96bf-9013ab6d4ae3/current/containerDir0/24/chunks/107544261427200024.block
2021-08-14 14:05:28,259 [BlockDeletingService#4] INFO  background.BlockDeletingService (BlockDeletingService.java:deleteViaSchema2(447)) - Container: 24, deleted blocks: 1, task elapsed time: 1ms
2021-08-14 14:05:28,259 [BlockDeletingService#2] INFO  impl.FilePerBlockStrategy (FilePerBlockStrategy.java:deleteChunk(227)) - Deleted block file: /home/runner/work/ozone/ozone/hadoop-ozone/integration-test/target/test-dir/MiniOzoneClusterImpl-903ecea8-4fd7-4e9d-96bf-9013ab6d4ae3/datanode-0/data-0/containers/hdds/903ecea8-4fd7-4e9d-96bf-9013ab6d4ae3/current/containerDir0/23/chunks/107544261427200023.block
2021-08-14 14:05:28,260 [BlockDeletingService#2] INFO  background.BlockDeletingService (BlockDeletingService.java:deleteViaSchema2(447)) - Container: 23, deleted blocks: 1, task elapsed time: 0ms
2021-08-14 14:05:28,260 [BlockDeletingService#4] INFO  impl.FilePerBlockStrategy (FilePerBlockStrategy.java:deleteChunk(227)) - Deleted block file: /home/runner/work/ozone/ozone/hadoop-ozone/integration-test/target/test-dir/MiniOzoneClusterImpl-903ecea8-4fd7-4e9d-96bf-9013ab6d4ae3/datanode-0/data-0/containers/hdds/903ecea8-4fd7-4e9d-96bf-9013ab6d4ae3/current/containerDir0/22/chunks/107544261427200022.block
2021-08-14 14:05:28,260 [BlockDeletingService#4] INFO  background.BlockDeletingService (BlockDeletingService.java:deleteViaSchema2(447)) - Container: 22, deleted blocks: 1, task elapsed time: 1ms
2021-08-14 14:05:28,260 [BlockDeletingService#2] INFO  impl.FilePerBlockStrategy (FilePerBlockStrategy.java:deleteChunk(227)) - Deleted block file: /home/runner/work/ozone/ozone/hadoop-ozone/integration-test/target/test-dir/MiniOzoneClusterImpl-903ecea8-4fd7-4e9d-96bf-9013ab6d4ae3/datanode-0/data-0/containers/hdds/903ecea8-4fd7-4e9d-96bf-9013ab6d4ae3/current/containerDir0/21/chunks/107544261427200021.block
2021-08-14 14:05:28,261 [BlockDeletingService#2] INFO  background.BlockDeletingService (BlockDeletingService.java:deleteViaSchema2(447)) - Container: 21, deleted blocks: 1, task elapsed time: 0ms
2021-08-14 14:05:28,261 [BlockDeletingService#4] INFO  impl.FilePerBlockStrategy (FilePerBlockStrategy.java:deleteChunk(227)) - Deleted block file: /home/runner/work/ozone/ozone/hadoop-ozone/integration-test/target/test-dir/MiniOzoneClusterImpl-903ecea8-4fd7-4e9d-96bf-9013ab6d4ae3/datanode-0/data-0/containers/hdds/903ecea8-4fd7-4e9d-96bf-9013ab6d4ae3/current/containerDir0/20/chunks/107544261427200020.block
2021-08-14 14:05:28,261 [BlockDeletingService#4] INFO  background.BlockDeletingService (BlockDeletingService.java:deleteViaSchema2(447)) - Container: 20, deleted blocks: 1, task elapsed time: 1ms
2021-08-14 14:05:28,240 [BlockDeletingService#5] INFO  background.BlockDeletingService (BlockDeletingService.java:deleteViaSchema2(447)) - Container: 56, deleted blocks: 1, task elapsed time: 0ms
2021-08-14 14:05:28,258 [BlockDeletingService#9] INFO  background.BlockDeletingService (BlockDeletingService.java:deleteViaSchema2(447)) - Container: 29, deleted blocks: 1, task elapsed time: 2ms
2021-08-14 14:05:28,257 [BlockDeletingService#0] INFO  background.BlockDeletingService (BlockDeletingService.java:deleteViaSchema2(447)) - Container: 54, deleted blocks: 1, task elapsed time: 18ms
2021-08-14 14:05:28,257 [BlockDeletingService#3] INFO  background.BlockDeletingService (BlockDeletingService.java:deleteViaSchema2(447)) - Container: 52, deleted blocks: 1, task elapsed time: 16ms
2021-08-14 14:05:28,250 [BlockDeletingService#8] INFO  background.BlockDeletingService (BlockDeletingService.java:deleteViaSchema2(447)) - Container: 42, deleted blocks: 1, task elapsed time: 1ms
2021-08-14 14:05:28,246 [EventQueue-DeleteBlockStatusForDeletedBlockLogImpl] DEBUG block.DeletedBlockLogImpl (DeletedBlockLogImpl.java:isTransactionFailed(278)) - Got block deletion ACK from datanode, TXIDs=51, success=true
2021-08-14 14:05:28,261 [EventQueue-DeleteBlockStatusForDeletedBlockLogImpl] DEBUG block.DeletedBlockLogImpl (DeletedBlockLogImpl.java:commitTransactions(224)) - Transaction txId=51 commit by dnId=a3a688a0-b759-42a1-9d42-7ea63bf88025 for containerID=#51 failed. Corresponding entry not found.
2021-08-14 14:05:28,261 [EventQueue-DeleteBlockStatusForDeletedBlockLogImpl] DEBUG block.DeletedBlockLogImpl (DeletedBlockLogImpl.java:isTransactionFailed(278)) - Got block deletion ACK from datanode, TXIDs=52, success=true
2021-08-14 14:05:28,261 [EventQueue-DeleteBlockStatusForDeletedBlockLogImpl] DEBUG block.DeletedBlockLogImpl (DeletedBlockLogImpl.java:commitTransactions(224)) - Transaction txId=52 commit by dnId=a3a688a0-b759-42a1-9d42-7ea63bf88025 for containerID=#52 failed. Corresponding entry not found.
2021-08-14 14:05:28,261 [EventQueue-DeleteBlockStatusForDeletedBlockLogImpl] DEBUG block.DeletedBlockLogImpl (DeletedBlockLogImpl.java:isTransactionFailed(278)) - Got block deletion ACK from datanode, TXIDs=53, success=true
2021-08-14 14:05:28,261 [EventQueue-DeleteBlockStatusForDeletedBlockLogImpl] DEBUG block.DeletedBlockLogImpl (DeletedBlockLogImpl.java:commitTransactions(224)) - Transaction txId=53 commit by dnId=a3a688a0-b759-42a1-9d42-7ea63bf88025 for containerID=#53 failed. Corresponding entry not found.
2021-08-14 14:05:28,262 [EventQueue-DeleteBlockStatusForDeletedBlockLogImpl] DEBUG block.DeletedBlockLogImpl (DeletedBlockLogImpl.java:isTransactionFailed(278)) - Got block deletion ACK from datanode, TXIDs=54, success=true
2021-08-14 14:05:28,262 [EventQueue-DeleteBlockStatusForDeletedBlockLogImpl] DEBUG block.DeletedBlockLogImpl (DeletedBlockLogImpl.java:commitTransactions(224)) - Transaction txId=54 commit by dnId=a3a688a0-b759-42a1-9d42-7ea63bf88025 for containerID=#54 failed. Corresponding entry not found.
2021-08-14 14:05:28,262 [EventQueue-DeleteBlockStatusForDeletedBlockLogImpl] DEBUG block.DeletedBlockLogImpl (DeletedBlockLogImpl.java:isTransactionFailed(278)) - Got block deletion ACK from datanode, TXIDs=55, success=true
2021-08-14 14:05:28,262 [EventQueue-DeleteBlockStatusForDeletedBlockLogImpl] DEBUG block.DeletedBlockLogImpl (DeletedBlockLogImpl.java:commitTransactions(224)) - Transaction txId=55 commit by dnId=a3a688a0-b759-42a1-9d42-7ea63bf88025 for containerID=#55 failed. Corresponding entry not found.
2021-08-14 14:05:28,262 [EventQueue-DeleteBlockStatusForDeletedBlockLogImpl] DEBUG block.DeletedBlockLogImpl (DeletedBlockLogImpl.java:isTransactionFailed(278)) - Got block deletion ACK from datanode, TXIDs=56, success=true
2021-08-14 14:05:28,262 [EventQueue-DeleteBlockStatusForDeletedBlockLogImpl] DEBUG block.DeletedBlockLogImpl (DeletedBlockLogImpl.java:commitTransactions(224)) - Transaction txId=56 commit by dnId=a3a688a0-b759-42a1-9d42-7ea63bf88025 for containerID=#56 failed. Corresponding entry not found.
2021-08-14 14:05:28,262 [EventQueue-DeleteBlockStatusForDeletedBlockLogImpl] DEBUG block.DeletedBlockLogImpl (DeletedBlockLogImpl.java:isTransactionFailed(278)) - Got block deletion ACK from datanode, TXIDs=19, success=true
2021-08-14 14:05:28,262 [EventQueue-DeleteBlockStatusForDeletedBlockLogImpl] DEBUG block.DeletedBlockLogImpl (DeletedBlockLogImpl.java:commitTransactions(224)) - Transaction txId=19 commit by dnId=a3a688a0-b759-42a1-9d42-7ea63bf88025 for containerID=#19 failed. Corresponding entry not found.
2021-08-14 14:05:28,262 [EventQueue-DeleteBlockStatusForDeletedBlockLogImpl] DEBUG block.DeletedBlockLogImpl (DeletedBlockLogImpl.java:isTransactionFailed(278)) - Got block deletion ACK from datanode, TXIDs=20, success=true
2021-08-14 14:05:28,262 [EventQueue-DeleteBlockStatusForDeletedBlockLogImpl] DEBUG block.DeletedBlockLogImpl (DeletedBlockLogImpl.java:commitTransactions(224)) - Transaction txId=20 commit by dnId=a3a688a0-b759-42a1-9d42-7ea63bf88025 for containerID=#20 failed. Corresponding entry not found.
2021-08-14 14:05:28,262 [EventQueue-DeleteBlockStatusForDeletedBlockLogImpl] DEBUG block.DeletedBlockLogImpl (DeletedBlockLogImpl.java:isTransactionFailed(278)) - Got block deletion ACK from datanode, TXIDs=21, success=true
2021-08-14 14:05:28,262 [EventQueue-DeleteBlockStatusForDeletedBlockLogImpl] DEBUG block.DeletedBlockLogImpl (DeletedBlockLogImpl.java:commitTransactions(224)) - Transaction txId=21 commit by dnId=a3a688a0-b759-42a1-9d42-7ea63bf88025 for containerID=#21 failed. Corresponding entry not found.
2021-08-14 14:05:28,262 [EventQueue-DeleteBlockStatusForDeletedBlockLogImpl] DEBUG block.DeletedBlockLogImpl (DeletedBlockLogImpl.java:isTransactionFailed(278)) - Got block deletion ACK from datanode, TXIDs=22, success=true
2021-08-14 14:05:28,262 [EventQueue-DeleteBlockStatusForDeletedBlockLogImpl] DEBUG block.DeletedBlockLogImpl (DeletedBlockLogImpl.java:commitTransactions(224)) - Transaction txId=22 commit by dnId=a3a688a0-b759-42a1-9d42-7ea63bf88025 for containerID=#22 failed. Corresponding entry not found.
2021-08-14 14:05:28,262 [EventQueue-DeleteBlockStatusForDeletedBlockLogImpl] DEBUG block.DeletedBlockLogImpl (DeletedBlockLogImpl.java:isTransactionFailed(278)) - Got block deletion ACK from datanode, TXIDs=23, success=true
2021-08-14 14:05:28,262 [EventQueue-DeleteBlockStatusForDeletedBlockLogImpl] DEBUG block.DeletedBlockLogImpl (DeletedBlockLogImpl.java:commitTransactions(224)) - Transaction txId=23 commit by dnId=a3a688a0-b759-42a1-9d42-7ea63bf88025 for containerID=#23 failed. Corresponding entry not found.
2021-08-14 14:05:28,262 [EventQueue-DeleteBlockStatusForDeletedBlockLogImpl] DEBUG block.DeletedBlockLogImpl (DeletedBlockLogImpl.java:isTransactionFailed(278)) - Got block deletion ACK from datanode, TXIDs=24, success=true
2021-08-14 14:05:28,262 [EventQueue-DeleteBlockStatusForDeletedBlockLogImpl] DEBUG block.DeletedBlockLogImpl (DeletedBlockLogImpl.java:commitTransactions(224)) - Transaction txId=24 commit by dnId=a3a688a0-b759-42a1-9d42-7ea63bf88025 for containerID=#24 failed. Corresponding entry not found.
2021-08-14 14:05:28,262 [EventQueue-DeleteBlockStatusForDeletedBlockLogImpl] DEBUG block.DeletedBlockLogImpl (DeletedBlockLogImpl.java:isTransactionFailed(278)) - Got block deletion ACK from datanode, TXIDs=25, success=true
2021-08-14 14:05:28,262 [EventQueue-DeleteBlockStatusForDeletedBlockLogImpl] DEBUG block.DeletedBlockLogImpl (DeletedBlockLogImpl.java:commitTransactions(224)) - Transaction txId=25 commit by dnId=a3a688a0-b759-42a1-9d42-7ea63bf88025 for containerID=#25 failed. Corresponding entry not found.
2021-08-14 14:05:28,262 [EventQueue-DeleteBlockStatusForDeletedBlockLogImpl] DEBUG block.DeletedBlockLogImpl (DeletedBlockLogImpl.java:isTransactionFailed(278)) - Got block deletion ACK from datanode, TXIDs=26, success=true
2021-08-14 14:05:28,262 [EventQueue-DeleteBlockStatusForDeletedBlockLogImpl] DEBUG block.DeletedBlockLogImpl (DeletedBlockLogImpl.java:commitTransactions(224)) - Transaction txId=26 commit by dnId=a3a688a0-b759-42a1-9d42-7ea63bf88025 for containerID=#26 failed. Corresponding entry not found.
2021-08-14 14:05:28,262 [EventQueue-DeleteBlockStatusForDeletedBlockLogImpl] DEBUG block.DeletedBlockLogImpl (DeletedBlockLogImpl.java:isTransactionFailed(278)) - Got block deletion ACK from datanode, TXIDs=27, success=true
2021-08-14 14:05:28,262 [EventQueue-DeleteBlockStatusForDeletedBlockLogImpl] DEBUG block.DeletedBlockLogImpl (DeletedBlockLogImpl.java:commitTransactions(224)) - Transaction txId=27 commit by dnId=a3a688a0-b759-42a1-9d42-7ea63bf88025 for containerID=#27 failed. Corresponding entry not found.
2021-08-14 14:05:28,262 [EventQueue-DeleteBlockStatusForDeletedBlockLogImpl] DEBUG block.DeletedBlockLogImpl (DeletedBlockLogImpl.java:isTransactionFailed(278)) - Got block deletion ACK from datanode, TXIDs=28, success=true
2021-08-14 14:05:28,262 [EventQueue-DeleteBlockStatusForDeletedBlockLogImpl] DEBUG block.DeletedBlockLogImpl (DeletedBlockLogImpl.java:commitTransactions(224)) - Transaction txId=28 commit by dnId=a3a688a0-b759-42a1-9d42-7ea63bf88025 for containerID=#28 failed. Corresponding entry not found.
2021-08-14 14:05:28,262 [EventQueue-DeleteBlockStatusForDeletedBlockLogImpl] DEBUG block.DeletedBlockLogImpl (DeletedBlockLogImpl.java:isTransactionFailed(278)) - Got block deletion ACK from datanode, TXIDs=29, success=true
2021-08-14 14:05:28,262 [EventQueue-DeleteBlockStatusForDeletedBlockLogImpl] DEBUG block.DeletedBlockLogImpl (DeletedBlockLogImpl.java:commitTransactions(224)) - Transaction txId=29 commit by dnId=a3a688a0-b759-42a1-9d42-7ea63bf88025 for containerID=#29 failed. Corresponding entry not found.
2021-08-14 14:05:28,262 [EventQueue-DeleteBlockStatusForDeletedBlockLogImpl] DEBUG block.DeletedBlockLogImpl (DeletedBlockLogImpl.java:isTransactionFailed(278)) - Got block deletion ACK from datanode, TXIDs=30, success=true
2021-08-14 14:05:28,262 [EventQueue-DeleteBlockStatusForDeletedBlockLogImpl] DEBUG block.DeletedBlockLogImpl (DeletedBlockLogImpl.java:commitTransactions(224)) - Transaction txId=30 commit by dnId=a3a688a0-b759-42a1-9d42-7ea63bf88025 for containerID=#30 failed. Corresponding entry not found.
2021-08-14 14:05:28,262 [EventQueue-DeleteBlockStatusForDeletedBlockLogImpl] DEBUG block.DeletedBlockLogImpl (DeletedBlockLogImpl.java:isTransactionFailed(278)) - Got block deletion ACK from datanode, TXIDs=31, success=true
2021-08-14 14:05:28,262 [EventQueue-DeleteBlockStatusForDeletedBlockLogImpl] DEBUG block.DeletedBlockLogImpl (DeletedBlockLogImpl.java:commitTransactions(224)) - Transaction txId=31 commit by dnId=a3a688a0-b759-42a1-9d42-7ea63bf88025 for containerID=#31 failed. Corresponding entry not found.
2021-08-14 14:05:28,262 [EventQueue-DeleteBlockStatusForDeletedBlockLogImpl] DEBUG block.DeletedBlockLogImpl (DeletedBlockLogImpl.java:isTransactionFailed(278)) - Got block deletion ACK from datanode, TXIDs=32, success=true
2021-08-14 14:05:28,262 [EventQueue-DeleteBlockStatusForDeletedBlockLogImpl] DEBUG block.DeletedBlockLogImpl (DeletedBlockLogImpl.java:commitTransactions(224)) - Transaction txId=32 commit by dnId=a3a688a0-b759-42a1-9d42-7ea63bf88025 for containerID=#32 failed. Corresponding entry not found.
2021-08-14 14:05:28,262 [EventQueue-DeleteBlockStatusForDeletedBlockLogImpl] DEBUG block.DeletedBlockLogImpl (DeletedBlockLogImpl.java:isTransactionFailed(278)) - Got block deletion ACK from datanode, TXIDs=33, success=true
2021-08-14 14:05:28,262 [EventQueue-DeleteBlockStatusForDeletedBlockLogImpl] DEBUG block.DeletedBlockLogImpl (DeletedBlockLogImpl.java:commitTransactions(224)) - Transaction txId=33 commit by dnId=a3a688a0-b759-42a1-9d42-7ea63bf88025 for containerID=#33 failed. Corresponding entry not found.
2021-08-14 14:05:28,262 [EventQueue-DeleteBlockStatusForDeletedBlockLogImpl] DEBUG block.DeletedBlockLogImpl (DeletedBlockLogImpl.java:isTransactionFailed(278)) - Got block deletion ACK from datanode, TXIDs=34, success=true
2021-08-14 14:05:28,262 [EventQueue-DeleteBlockStatusForDeletedBlockLogImpl] DEBUG block.DeletedBlockLogImpl (DeletedBlockLogImpl.java:commitTransactions(224)) - Transaction txId=34 commit by dnId=a3a688a0-b759-42a1-9d42-7ea63bf88025 for containerID=#34 failed. Corresponding entry not found.
2021-08-14 14:05:28,262 [EventQueue-DeleteBlockStatusForDeletedBlockLogImpl] DEBUG block.DeletedBlockLogImpl (DeletedBlockLogImpl.java:isTransactionFailed(278)) - Got block deletion ACK from datanode, TXIDs=35, success=true
2021-08-14 14:05:28,262 [EventQueue-DeleteBlockStatusForDeletedBlockLogImpl] DEBUG block.DeletedBlockLogImpl (DeletedBlockLogImpl.java:commitTransactions(224)) - Transaction txId=35 commit by dnId=a3a688a0-b759-42a1-9d42-7ea63bf88025 for containerID=#35 failed. Corresponding entry not found.
2021-08-14 14:05:28,262 [EventQueue-DeleteBlockStatusForDeletedBlockLogImpl] DEBUG block.DeletedBlockLogImpl (DeletedBlockLogImpl.java:isTransactionFailed(278)) - Got block deletion ACK from datanode, TXIDs=36, success=true
2021-08-14 14:05:28,262 [EventQueue-DeleteBlockStatusForDeletedBlockLogImpl] DEBUG block.DeletedBlockLogImpl (DeletedBlockLogImpl.java:commitTransactions(224)) - Transaction txId=36 commit by dnId=a3a688a0-b759-42a1-9d42-7ea63bf88025 for containerID=#36 failed. Corresponding entry not found.
2021-08-14 14:05:28,262 [EventQueue-DeleteBlockStatusForDeletedBlockLogImpl] DEBUG block.DeletedBlockLogImpl (DeletedBlockLogImpl.java:isTransactionFailed(278)) - Got block deletion ACK from datanode, TXIDs=37, success=true
2021-08-14 14:05:28,263 [EventQueue-DeleteBlockStatusForDeletedBlockLogImpl] DEBUG block.DeletedBlockLogImpl (DeletedBlockLogImpl.java:commitTransactions(224)) - Transaction txId=37 commit by dnId=a3a688a0-b759-42a1-9d42-7ea63bf88025 for containerID=#37 failed. Corresponding entry not found.
2021-08-14 14:05:28,263 [EventQueue-DeleteBlockStatusForDeletedBlockLogImpl] DEBUG block.DeletedBlockLogImpl (DeletedBlockLogImpl.java:isTransactionFailed(278)) - Got block deletion ACK from datanode, TXIDs=38, success=true
2021-08-14 14:05:28,263 [EventQueue-DeleteBlockStatusForDeletedBlockLogImpl] DEBUG block.DeletedBlockLogImpl (DeletedBlockLogImpl.java:commitTransactions(224)) - Transaction txId=38 commit by dnId=a3a688a0-b759-42a1-9d42-7ea63bf88025 for containerID=#38 failed. Corresponding entry not found.
2021-08-14 14:05:28,263 [EventQueue-DeleteBlockStatusForDeletedBlockLogImpl] DEBUG block.DeletedBlockLogImpl (DeletedBlockLogImpl.java:isTransactionFailed(278)) - Got block deletion ACK from datanode, TXIDs=39, success=true
2021-08-14 14:05:28,263 [EventQueue-DeleteBlockStatusForDeletedBlockLogImpl] DEBUG block.DeletedBlockLogImpl (DeletedBlockLogImpl.java:commitTransactions(224)) - Transaction txId=39 commit by dnId=a3a688a0-b759-42a1-9d42-7ea63bf88025 for containerID=#39 failed. Corresponding entry not found.
2021-08-14 14:05:28,263 [EventQueue-DeleteBlockStatusForDeletedBlockLogImpl] DEBUG block.DeletedBlockLogImpl (DeletedBlockLogImpl.java:isTransactionFailed(278)) - Got block deletion ACK from datanode, TXIDs=40, success=true
2021-08-14 14:05:28,263 [EventQueue-DeleteBlockStatusForDeletedBlockLogImpl] DEBUG block.DeletedBlockLogImpl (DeletedBlockLogImpl.java:commitTransactions(224)) - Transaction txId=40 commit by dnId=a3a688a0-b759-42a1-9d42-7ea63bf88025 for containerID=#40 failed. Corresponding entry not found.
2021-08-14 14:05:28,263 [EventQueue-DeleteBlockStatusForDeletedBlockLogImpl] DEBUG block.DeletedBlockLogImpl (DeletedBlockLogImpl.java:isTransactionFailed(278)) - Got block deletion ACK from datanode, TXIDs=41, success=true
2021-08-14 14:05:28,263 [EventQueue-DeleteBlockStatusForDeletedBlockLogImpl] DEBUG block.DeletedBlockLogImpl (DeletedBlockLogImpl.java:commitTransactions(224)) - Transaction txId=41 commit by dnId=a3a688a0-b759-42a1-9d42-7ea63bf88025 for containerID=#41 failed. Corresponding entry not found.
2021-08-14 14:05:28,263 [EventQueue-DeleteBlockStatusForDeletedBlockLogImpl] DEBUG block.DeletedBlockLogImpl (DeletedBlockLogImpl.java:isTransactionFailed(278)) - Got block deletion ACK from datanode, TXIDs=42, success=true
2021-08-14 14:05:28,263 [EventQueue-DeleteBlockStatusForDeletedBlockLogImpl] DEBUG block.DeletedBlockLogImpl (DeletedBlockLogImpl.java:commitTransactions(224)) - Transaction txId=42 commit by dnId=a3a688a0-b759-42a1-9d42-7ea63bf88025 for containerID=#42 failed. Corresponding entry not found.
2021-08-14 14:05:28,263 [EventQueue-DeleteBlockStatusForDeletedBlockLogImpl] DEBUG block.DeletedBlockLogImpl (DeletedBlockLogImpl.java:isTransactionFailed(278)) - Got block deletion ACK from datanode, TXIDs=43, success=true
2021-08-14 14:05:28,263 [EventQueue-DeleteBlockStatusForDeletedBlockLogImpl] DEBUG block.DeletedBlockLogImpl (DeletedBlockLogImpl.java:commitTransactions(224)) - Transaction txId=43 commit by dnId=a3a688a0-b759-42a1-9d42-7ea63bf88025 for containerID=#43 failed. Corresponding entry not found.
2021-08-14 14:05:28,263 [EventQueue-DeleteBlockStatusForDeletedBlockLogImpl] DEBUG block.DeletedBlockLogImpl (DeletedBlockLogImpl.java:isTransactionFailed(278)) - Got block deletion ACK from datanode, TXIDs=44, success=true
2021-08-14 14:05:28,263 [EventQueue-DeleteBlockStatusForDeletedBlockLogImpl] DEBUG block.DeletedBlockLogImpl (DeletedBlockLogImpl.java:commitTransactions(224)) - Transaction txId=44 commit by dnId=a3a688a0-b759-42a1-9d42-7ea63bf88025 for containerID=#44 failed. Corresponding entry not found.
2021-08-14 14:05:28,263 [EventQueue-DeleteBlockStatusForDeletedBlockLogImpl] DEBUG block.DeletedBlockLogImpl (DeletedBlockLogImpl.java:isTransactionFailed(278)) - Got block deletion ACK from datanode, TXIDs=45, success=true
2021-08-14 14:05:28,263 [EventQueue-DeleteBlockStatusForDeletedBlockLogImpl] DEBUG block.DeletedBlockLogImpl (DeletedBlockLogImpl.java:commitTransactions(224)) - Transaction txId=45 commit by dnId=a3a688a0-b759-42a1-9d42-7ea63bf88025 for containerID=#45 failed. Corresponding entry not found.
2021-08-14 14:05:28,263 [EventQueue-DeleteBlockStatusForDeletedBlockLogImpl] DEBUG block.DeletedBlockLogImpl (DeletedBlockLogImpl.java:isTransactionFailed(278)) - Got block deletion ACK from datanode, TXIDs=46, success=true
2021-08-14 14:05:28,263 [EventQueue-DeleteBlockStatusForDeletedBlockLogImpl] DEBUG block.DeletedBlockLogImpl (DeletedBlockLogImpl.java:commitTransactions(224)) - Transaction txId=46 commit by dnId=a3a688a0-b759-42a1-9d42-7ea63bf88025 for containerID=#46 failed. Corresponding entry not found.
2021-08-14 14:05:28,263 [EventQueue-DeleteBlockStatusForDeletedBlockLogImpl] DEBUG block.DeletedBlockLogImpl (DeletedBlockLogImpl.java:isTransactionFailed(278)) - Got block deletion ACK from datanode, TXIDs=47, success=true
2021-08-14 14:05:28,263 [EventQueue-DeleteBlockStatusForDeletedBlockLogImpl] DEBUG block.DeletedBlockLogImpl (DeletedBlockLogImpl.java:commitTransactions(224)) - Transaction txId=47 commit by dnId=a3a688a0-b759-42a1-9d42-7ea63bf88025 for containerID=#47 failed. Corresponding entry not found.
2021-08-14 14:05:28,263 [EventQueue-DeleteBlockStatusForDeletedBlockLogImpl] DEBUG block.DeletedBlockLogImpl (DeletedBlockLogImpl.java:isTransactionFailed(278)) - Got block deletion ACK from datanode, TXIDs=48, success=true
2021-08-14 14:05:28,263 [EventQueue-DeleteBlockStatusForDeletedBlockLogImpl] DEBUG block.DeletedBlockLogImpl (DeletedBlockLogImpl.java:commitTransactions(224)) - Transaction txId=48 commit by dnId=a3a688a0-b759-42a1-9d42-7ea63bf88025 for containerID=#48 failed. Corresponding entry not found.
2021-08-14 14:05:28,263 [EventQueue-DeleteBlockStatusForDeletedBlockLogImpl] DEBUG block.DeletedBlockLogImpl (DeletedBlockLogImpl.java:isTransactionFailed(278)) - Got block deletion ACK from datanode, TXIDs=49, success=true
2021-08-14 14:05:28,263 [EventQueue-DeleteBlockStatusForDeletedBlockLogImpl] DEBUG block.DeletedBlockLogImpl (DeletedBlockLogImpl.java:commitTransactions(224)) - Transaction txId=49 commit by dnId=a3a688a0-b759-42a1-9d42-7ea63bf88025 for containerID=#49 failed. Corresponding entry not found.
2021-08-14 14:05:28,263 [EventQueue-DeleteBlockStatusForDeletedBlockLogImpl] DEBUG block.DeletedBlockLogImpl (DeletedBlockLogImpl.java:isTransactionFailed(278)) - Got block deletion ACK from datanode, TXIDs=50, success=true
2021-08-14 14:05:28,263 [EventQueue-DeleteBlockStatusForDeletedBlockLogImpl] DEBUG block.DeletedBlockLogImpl (DeletedBlockLogImpl.java:commitTransactions(224)) - Transaction txId=50 commit by dnId=a3a688a0-b759-42a1-9d42-7ea63bf88025 for containerID=#50 failed. Corresponding entry not found.
2021-08-14 14:05:28,263 [EventQueue-DeleteBlockStatusForDeletedBlockLogImpl] DEBUG block.DeletedBlockLogImpl (DeletedBlockLogImpl.java:isTransactionFailed(278)) - Got block deletion ACK from datanode, TXIDs=51, success=true
2021-08-14 14:05:28,263 [EventQueue-DeleteBlockStatusForDeletedBlockLogImpl] DEBUG block.DeletedBlockLogImpl (DeletedBlockLogImpl.java:commitTransactions(224)) - Transaction txId=51 commit by dnId=a3a688a0-b759-42a1-9d42-7ea63bf88025 for containerID=#51 failed. Corresponding entry not found.
2021-08-14 14:05:28,263 [EventQueue-DeleteBlockStatusForDeletedBlockLogImpl] DEBUG block.DeletedBlockLogImpl (DeletedBlockLogImpl.java:isTransactionFailed(278)) - Got block deletion ACK from datanode, TXIDs=52, success=true
2021-08-14 14:05:28,263 [EventQueue-DeleteBlockStatusForDeletedBlockLogImpl] DEBUG block.DeletedBlockLogImpl (DeletedBlockLogImpl.java:commitTransactions(224)) - Transaction txId=52 commit by dnId=a3a688a0-b759-42a1-9d42-7ea63bf88025 for containerID=#52 failed. Corresponding entry not found.
2021-08-14 14:05:28,263 [EventQueue-DeleteBlockStatusForDeletedBlockLogImpl] DEBUG block.DeletedBlockLogImpl (DeletedBlockLogImpl.java:isTransactionFailed(278)) - Got block deletion ACK from datanode, TXIDs=53, success=true
2021-08-14 14:05:28,263 [EventQueue-DeleteBlockStatusForDeletedBlockLogImpl] DEBUG block.DeletedBlockLogImpl (DeletedBlockLogImpl.java:commitTransactions(224)) - Transaction txId=53 commit by dnId=a3a688a0-b759-42a1-9d42-7ea63bf88025 for containerID=#53 failed. Corresponding entry not found.
2021-08-14 14:05:28,263 [EventQueue-DeleteBlockStatusForDeletedBlockLogImpl] DEBUG block.DeletedBlockLogImpl (DeletedBlockLogImpl.java:isTransactionFailed(278)) - Got block deletion ACK from datanode, TXIDs=54, success=true
2021-08-14 14:05:28,263 [EventQueue-DeleteBlockStatusForDeletedBlockLogImpl] DEBUG block.DeletedBlockLogImpl (DeletedBlockLogImpl.java:commitTransactions(224)) - Transaction txId=54 commit by dnId=a3a688a0-b759-42a1-9d42-7ea63bf88025 for containerID=#54 failed. Corresponding entry not found.
2021-08-14 14:05:28,263 [EventQueue-DeleteBlockStatusForDeletedBlockLogImpl] DEBUG block.DeletedBlockLogImpl (DeletedBlockLogImpl.java:isTransactionFailed(278)) - Got block deletion ACK from datanode, TXIDs=55, success=true
2021-08-14 14:05:28,263 [EventQueue-DeleteBlockStatusForDeletedBlockLogImpl] DEBUG block.DeletedBlockLogImpl (DeletedBlockLogImpl.java:commitTransactions(224)) - Transaction txId=55 commit by dnId=a3a688a0-b759-42a1-9d42-7ea63bf88025 for containerID=#55 failed. Corresponding entry not found.
2021-08-14 14:05:28,263 [EventQueue-DeleteBlockStatusForDeletedBlockLogImpl] DEBUG block.DeletedBlockLogImpl (DeletedBlockLogImpl.java:isTransactionFailed(278)) - Got block deletion ACK from datanode, TXIDs=56, success=true
2021-08-14 14:05:28,263 [EventQueue-DeleteBlockStatusForDeletedBlockLogImpl] DEBUG block.DeletedBlockLogImpl (DeletedBlockLogImpl.java:commitTransactions(224)) - Transaction txId=56 commit by dnId=a3a688a0-b759-42a1-9d42-7ea63bf88025 for containerID=#56 failed. Corresponding entry not found.
2021-08-14 14:05:28,263 [EventQueue-DeleteBlockStatusForDeletedBlockLogImpl] DEBUG block.DeletedBlockLogImpl (DeletedBlockLogImpl.java:isTransactionFailed(278)) - Got block deletion ACK from datanode, TXIDs=1, success=true
2021-08-14 14:05:28,263 [EventQueue-DeleteBlockStatusForDeletedBlockLogImpl] DEBUG block.DeletedBlockLogImpl (DeletedBlockLogImpl.java:commitTransactions(224)) - Transaction txId=1 commit by dnId=a3a688a0-b759-42a1-9d42-7ea63bf88025 for containerID=#1 failed. Corresponding entry not found.
2021-08-14 14:05:28,263 [EventQueue-DeleteBlockStatusForDeletedBlockLogImpl] DEBUG block.DeletedBlockLogImpl (DeletedBlockLogImpl.java:isTransactionFailed(278)) - Got block deletion ACK from datanode, TXIDs=2, success=true
2021-08-14 14:05:28,263 [EventQueue-DeleteBlockStatusForDeletedBlockLogImpl] DEBUG block.DeletedBlockLogImpl (DeletedBlockLogImpl.java:commitTransactions(224)) - Transaction txId=2 commit by dnId=a3a688a0-b759-42a1-9d42-7ea63bf88025 for containerID=#2 failed. Corresponding entry not found.
2021-08-14 14:05:28,263 [EventQueue-DeleteBlockStatusForDeletedBlockLogImpl] DEBUG block.DeletedBlockLogImpl (DeletedBlockLogImpl.java:isTransactionFailed(278)) - Got block deletion ACK from datanode, TXIDs=3, success=true
2021-08-14 14:05:28,263 [EventQueue-DeleteBlockStatusForDeletedBlockLogImpl] DEBUG block.DeletedBlockLogImpl (DeletedBlockLogImpl.java:commitTransactions(224)) - Transaction txId=3 commit by dnId=a3a688a0-b759-42a1-9d42-7ea63bf88025 for containerID=#3 failed. Corresponding entry not found.
2021-08-14 14:05:28,263 [EventQueue-DeleteBlockStatusForDeletedBlockLogImpl] DEBUG block.DeletedBlockLogImpl (DeletedBlockLogImpl.java:isTransactionFailed(278)) - Got block deletion ACK from datanode, TXIDs=4, success=true
2021-08-14 14:05:28,264 [EventQueue-DeleteBlockStatusForDeletedBlockLogImpl] DEBUG block.DeletedBlockLogImpl (DeletedBlockLogImpl.java:commitTransactions(224)) - Transaction txId=4 commit by dnId=a3a688a0-b759-42a1-9d42-7ea63bf88025 for containerID=#4 failed. Corresponding entry not found.
2021-08-14 14:05:28,264 [EventQueue-DeleteBlockStatusForDeletedBlockLogImpl] DEBUG block.DeletedBlockLogImpl (DeletedBlockLogImpl.java:isTransactionFailed(278)) - Got block deletion ACK from datanode, TXIDs=5, success=true
2021-08-14 14:05:28,264 [EventQueue-DeleteBlockStatusForDeletedBlockLogImpl] DEBUG block.DeletedBlockLogImpl (DeletedBlockLogImpl.java:commitTransactions(224)) - Transaction txId=5 commit by dnId=a3a688a0-b759-42a1-9d42-7ea63bf88025 for containerID=#5 failed. Corresponding entry not found.
2021-08-14 14:05:28,264 [EventQueue-DeleteBlockStatusForDeletedBlockLogImpl] DEBUG block.DeletedBlockLogImpl (DeletedBlockLogImpl.java:isTransactionFailed(278)) - Got block deletion ACK from datanode, TXIDs=6, success=true
2021-08-14 14:05:28,264 [EventQueue-DeleteBlockStatusForDeletedBlockLogImpl] DEBUG block.DeletedBlockLogImpl (DeletedBlockLogImpl.java:commitTransactions(224)) - Transaction txId=6 commit by dnId=a3a688a0-b759-42a1-9d42-7ea63bf88025 for containerID=#6 failed. Corresponding entry not found.
2021-08-14 14:05:28,264 [EventQueue-DeleteBlockStatusForDeletedBlockLogImpl] DEBUG block.DeletedBlockLogImpl (DeletedBlockLogImpl.java:isTransactionFailed(278)) - Got block deletion ACK from datanode, TXIDs=7, success=true
2021-08-14 14:05:28,264 [EventQueue-DeleteBlockStatusForDeletedBlockLogImpl] DEBUG block.DeletedBlockLogImpl (DeletedBlockLogImpl.java:commitTransactions(224)) - Transaction txId=7 commit by dnId=a3a688a0-b759-42a1-9d42-7ea63bf88025 for containerID=#7 failed. Corresponding entry not found.
2021-08-14 14:05:28,264 [EventQueue-DeleteBlockStatusForDeletedBlockLogImpl] DEBUG block.DeletedBlockLogImpl (DeletedBlockLogImpl.java:isTransactionFailed(278)) - Got block deletion ACK from datanode, TXIDs=8, success=true
2021-08-14 14:05:28,264 [EventQueue-DeleteBlockStatusForDeletedBlockLogImpl] DEBUG block.DeletedBlockLogImpl (DeletedBlockLogImpl.java:commitTransactions(224)) - Transaction txId=8 commit by dnId=a3a688a0-b759-42a1-9d42-7ea63bf88025 for containerID=#8 failed. Corresponding entry not found.
2021-08-14 14:05:28,264 [EventQueue-DeleteBlockStatusForDeletedBlockLogImpl] DEBUG block.DeletedBlockLogImpl (DeletedBlockLogImpl.java:isTransactionFailed(278)) - Got block deletion ACK from datanode, TXIDs=9, success=true
2021-08-14 14:05:28,264 [EventQueue-DeleteBlockStatusForDeletedBlockLogImpl] DEBUG block.DeletedBlockLogImpl (DeletedBlockLogImpl.java:commitTransactions(224)) - Transaction txId=9 commit by dnId=a3a688a0-b759-42a1-9d42-7ea63bf88025 for containerID=#9 failed. Corresponding entry not found.
2021-08-14 14:05:28,264 [EventQueue-DeleteBlockStatusForDeletedBlockLogImpl] DEBUG block.DeletedBlockLogImpl (DeletedBlockLogImpl.java:isTransactionFailed(278)) - Got block deletion ACK from datanode, TXIDs=10, success=true
2021-08-14 14:05:28,264 [EventQueue-DeleteBlockStatusForDeletedBlockLogImpl] DEBUG block.DeletedBlockLogImpl (DeletedBlockLogImpl.java:commitTransactions(224)) - Transaction txId=10 commit by dnId=a3a688a0-b759-42a1-9d42-7ea63bf88025 for containerID=#10 failed. Corresponding entry not found.
2021-08-14 14:05:28,264 [EventQueue-DeleteBlockStatusForDeletedBlockLogImpl] DEBUG block.DeletedBlockLogImpl (DeletedBlockLogImpl.java:isTransactionFailed(278)) - Got block deletion ACK from datanode, TXIDs=11, success=true
2021-08-14 14:05:28,264 [EventQueue-DeleteBlockStatusForDeletedBlockLogImpl] DEBUG block.DeletedBlockLogImpl (DeletedBlockLogImpl.java:commitTransactions(224)) - Transaction txId=11 commit by dnId=a3a688a0-b759-42a1-9d42-7ea63bf88025 for containerID=#11 failed. Corresponding entry not found.
2021-08-14 14:05:28,264 [EventQueue-DeleteBlockStatusForDeletedBlockLogImpl] DEBUG block.DeletedBlockLogImpl (DeletedBlockLogImpl.java:isTransactionFailed(278)) - Got block deletion ACK from datanode, TXIDs=12, success=true
2021-08-14 14:05:28,264 [EventQueue-DeleteBlockStatusForDeletedBlockLogImpl] DEBUG block.DeletedBlockLogImpl (DeletedBlockLogImpl.java:commitTransactions(224)) - Transaction txId=12 commit by dnId=a3a688a0-b759-42a1-9d42-7ea63bf88025 for containerID=#12 failed. Corresponding entry not found.
2021-08-14 14:05:28,264 [EventQueue-DeleteBlockStatusForDeletedBlockLogImpl] DEBUG block.DeletedBlockLogImpl (DeletedBlockLogImpl.java:isTransactionFailed(278)) - Got block deletion ACK from datanode, TXIDs=13, success=true
2021-08-14 14:05:28,264 [EventQueue-DeleteBlockStatusForDeletedBlockLogImpl] DEBUG block.DeletedBlockLogImpl (DeletedBlockLogImpl.java:commitTransactions(224)) - Transaction txId=13 commit by dnId=a3a688a0-b759-42a1-9d42-7ea63bf88025 for containerID=#13 failed. Corresponding entry not found.
2021-08-14 14:05:28,264 [EventQueue-DeleteBlockStatusForDeletedBlockLogImpl] DEBUG block.DeletedBlockLogImpl (DeletedBlockLogImpl.java:isTransactionFailed(278)) - Got block deletion ACK from datanode, TXIDs=14, success=true
2021-08-14 14:05:28,264 [EventQueue-DeleteBlockStatusForDeletedBlockLogImpl] DEBUG block.DeletedBlockLogImpl (DeletedBlockLogImpl.java:commitTransactions(224)) - Transaction txId=14 commit by dnId=a3a688a0-b759-42a1-9d42-7ea63bf88025 for containerID=#14 failed. Corresponding entry not found.
2021-08-14 14:05:28,264 [EventQueue-DeleteBlockStatusForDeletedBlockLogImpl] DEBUG block.DeletedBlockLogImpl (DeletedBlockLogImpl.java:isTransactionFailed(278)) - Got block deletion ACK from datanode, TXIDs=15, success=true
2021-08-14 14:05:28,264 [EventQueue-DeleteBlockStatusForDeletedBlockLogImpl] DEBUG block.DeletedBlockLogImpl (DeletedBlockLogImpl.java:commitTransactions(224)) - Transaction txId=15 commit by dnId=a3a688a0-b759-42a1-9d42-7ea63bf88025 for containerID=#15 failed. Corresponding entry not found.
2021-08-14 14:05:28,264 [EventQueue-DeleteBlockStatusForDeletedBlockLogImpl] DEBUG block.DeletedBlockLogImpl (DeletedBlockLogImpl.java:isTransactionFailed(278)) - Got block deletion ACK from datanode, TXIDs=16, success=true
2021-08-14 14:05:28,264 [EventQueue-DeleteBlockStatusForDeletedBlockLogImpl] DEBUG block.DeletedBlockLogImpl (DeletedBlockLogImpl.java:commitTransactions(224)) - Transaction txId=16 commit by dnId=a3a688a0-b759-42a1-9d42-7ea63bf88025 for containerID=#16 failed. Corresponding entry not found.
2021-08-14 14:05:28,264 [EventQueue-DeleteBlockStatusForDeletedBlockLogImpl] DEBUG block.DeletedBlockLogImpl (DeletedBlockLogImpl.java:isTransactionFailed(278)) - Got block deletion ACK from datanode, TXIDs=17, success=true
2021-08-14 14:05:28,264 [EventQueue-DeleteBlockStatusForDeletedBlockLogImpl] DEBUG block.DeletedBlockLogImpl (DeletedBlockLogImpl.java:commitTransactions(224)) - Transaction txId=17 commit by dnId=a3a688a0-b759-42a1-9d42-7ea63bf88025 for containerID=#17 failed. Corresponding entry not found.
2021-08-14 14:05:28,264 [EventQueue-DeleteBlockStatusForDeletedBlockLogImpl] DEBUG block.DeletedBlockLogImpl (DeletedBlockLogImpl.java:isTransactionFailed(278)) - Got block deletion ACK from datanode, TXIDs=18, success=true
2021-08-14 14:05:28,264 [EventQueue-DeleteBlockStatusForDeletedBlockLogImpl] DEBUG block.DeletedBlockLogImpl (DeletedBlockLogImpl.java:commitTransactions(224)) - Transaction txId=18 commit by dnId=a3a688a0-b759-42a1-9d42-7ea63bf88025 for containerID=#18 failed. Corresponding entry not found.
2021-08-14 14:05:28,264 [EventQueue-DeleteBlockStatusForDeletedBlockLogImpl] DEBUG block.DeletedBlockLogImpl (DeletedBlockLogImpl.java:isTransactionFailed(278)) - Got block deletion ACK from datanode, TXIDs=19, success=true
2021-08-14 14:05:28,264 [EventQueue-DeleteBlockStatusForDeletedBlockLogImpl] DEBUG block.DeletedBlockLogImpl (DeletedBlockLogImpl.java:commitTransactions(224)) - Transaction txId=19 commit by dnId=a3a688a0-b759-42a1-9d42-7ea63bf88025 for containerID=#19 failed. Corresponding entry not found.
2021-08-14 14:05:28,264 [EventQueue-DeleteBlockStatusForDeletedBlockLogImpl] DEBUG block.DeletedBlockLogImpl (DeletedBlockLogImpl.java:isTransactionFailed(278)) - Got block deletion ACK from datanode, TXIDs=20, success=true
2021-08-14 14:05:28,264 [EventQueue-DeleteBlockStatusForDeletedBlockLogImpl] DEBUG block.DeletedBlockLogImpl (DeletedBlockLogImpl.java:commitTransactions(224)) - Transaction txId=20 commit by dnId=a3a688a0-b759-42a1-9d42-7ea63bf88025 for containerID=#20 failed. Corresponding entry not found.
2021-08-14 14:05:28,264 [EventQueue-DeleteBlockStatusForDeletedBlockLogImpl] DEBUG block.DeletedBlockLogImpl (DeletedBlockLogImpl.java:isTransactionFailed(278)) - Got block deletion ACK from datanode, TXIDs=21, success=true
2021-08-14 14:05:28,264 [EventQueue-DeleteBlockStatusForDeletedBlockLogImpl] DEBUG block.DeletedBlockLogImpl (DeletedBlockLogImpl.java:commitTransactions(224)) - Transaction txId=21 commit by dnId=a3a688a0-b759-42a1-9d42-7ea63bf88025 for containerID=#21 failed. Corresponding entry not found.
2021-08-14 14:05:28,264 [EventQueue-DeleteBlockStatusForDeletedBlockLogImpl] DEBUG block.DeletedBlockLogImpl (DeletedBlockLogImpl.java:isTransactionFailed(278)) - Got block deletion ACK from datanode, TXIDs=22, success=true
2021-08-14 14:05:28,264 [EventQueue-DeleteBlockStatusForDeletedBlockLogImpl] DEBUG block.DeletedBlockLogImpl (DeletedBlockLogImpl.java:commitTransactions(224)) - Transaction txId=22 commit by dnId=a3a688a0-b759-42a1-9d42-7ea63bf88025 for containerID=#22 failed. Corresponding entry not found.
2021-08-14 14:05:28,264 [EventQueue-DeleteBlockStatusForDeletedBlockLogImpl] DEBUG block.DeletedBlockLogImpl (DeletedBlockLogImpl.java:isTransactionFailed(278)) - Got block deletion ACK from datanode, TXIDs=23, success=true
2021-08-14 14:05:28,264 [EventQueue-DeleteBlockStatusForDeletedBlockLogImpl] DEBUG block.DeletedBlockLogImpl (DeletedBlockLogImpl.java:commitTransactions(224)) - Transaction txId=23 commit by dnId=a3a688a0-b759-42a1-9d42-7ea63bf88025 for containerID=#23 failed. Corresponding entry not found.
2021-08-14 14:05:28,264 [EventQueue-DeleteBlockStatusForDeletedBlockLogImpl] DEBUG block.DeletedBlockLogImpl (DeletedBlockLogImpl.java:isTransactionFailed(278)) - Got block deletion ACK from datanode, TXIDs=24, success=true
2021-08-14 14:05:28,264 [EventQueue-DeleteBlockStatusForDeletedBlockLogImpl] DEBUG block.DeletedBlockLogImpl (DeletedBlockLogImpl.java:commitTransactions(224)) - Transaction txId=24 commit by dnId=a3a688a0-b759-42a1-9d42-7ea63bf88025 for containerID=#24 failed. Corresponding entry not found.
2021-08-14 14:05:28,264 [EventQueue-DeleteBlockStatusForDeletedBlockLogImpl] DEBUG block.DeletedBlockLogImpl (DeletedBlockLogImpl.java:isTransactionFailed(278)) - Got block deletion ACK from datanode, TXIDs=25, success=true
2021-08-14 14:05:28,264 [EventQueue-DeleteBlockStatusForDeletedBlockLogImpl] DEBUG block.DeletedBlockLogImpl (DeletedBlockLogImpl.java:commitTransactions(224)) - Transaction txId=25 commit by dnId=a3a688a0-b759-42a1-9d42-7ea63bf88025 for containerID=#25 failed. Corresponding entry not found.
2021-08-14 14:05:28,264 [EventQueue-DeleteBlockStatusForDeletedBlockLogImpl] DEBUG block.DeletedBlockLogImpl (DeletedBlockLogImpl.java:isTransactionFailed(278)) - Got block deletion ACK from datanode, TXIDs=26, success=true
2021-08-14 14:05:28,264 [EventQueue-DeleteBlockStatusForDeletedBlockLogImpl] DEBUG block.DeletedBlockLogImpl (DeletedBlockLogImpl.java:commitTransactions(224)) - Transaction txId=26 commit by dnId=a3a688a0-b759-42a1-9d42-7ea63bf88025 for containerID=#26 failed. Corresponding entry not found.
2021-08-14 14:05:28,264 [EventQueue-DeleteBlockStatusForDeletedBlockLogImpl] DEBUG block.DeletedBlockLogImpl (DeletedBlockLogImpl.java:isTransactionFailed(278)) - Got block deletion ACK from datanode, TXIDs=27, success=true
2021-08-14 14:05:28,265 [EventQueue-DeleteBlockStatusForDeletedBlockLogImpl] DEBUG block.DeletedBlockLogImpl (DeletedBlockLogImpl.java:commitTransactions(224)) - Transaction txId=27 commit by dnId=a3a688a0-b759-42a1-9d42-7ea63bf88025 for containerID=#27 failed. Corresponding entry not found.
2021-08-14 14:05:28,265 [EventQueue-DeleteBlockStatusForDeletedBlockLogImpl] DEBUG block.DeletedBlockLogImpl (DeletedBlockLogImpl.java:isTransactionFailed(278)) - Got block deletion ACK from datanode, TXIDs=28, success=true
2021-08-14 14:05:28,265 [EventQueue-DeleteBlockStatusForDeletedBlockLogImpl] DEBUG block.DeletedBlockLogImpl (DeletedBlockLogImpl.java:commitTransactions(224)) - Transaction txId=28 commit by dnId=a3a688a0-b759-42a1-9d42-7ea63bf88025 for containerID=#28 failed. Corresponding entry not found.
2021-08-14 14:05:28,265 [EventQueue-DeleteBlockStatusForDeletedBlockLogImpl] DEBUG block.DeletedBlockLogImpl (DeletedBlockLogImpl.java:isTransactionFailed(278)) - Got block deletion ACK from datanode, TXIDs=29, success=true
2021-08-14 14:05:28,265 [EventQueue-DeleteBlockStatusForDeletedBlockLogImpl] DEBUG block.DeletedBlockLogImpl (DeletedBlockLogImpl.java:commitTransactions(224)) - Transaction txId=29 commit by dnId=a3a688a0-b759-42a1-9d42-7ea63bf88025 for containerID=#29 failed. Corresponding entry not found.
2021-08-14 14:05:28,265 [EventQueue-DeleteBlockStatusForDeletedBlockLogImpl] DEBUG block.DeletedBlockLogImpl (DeletedBlockLogImpl.java:isTransactionFailed(278)) - Got block deletion ACK from datanode, TXIDs=30, success=true
2021-08-14 14:05:28,265 [EventQueue-DeleteBlockStatusForDeletedBlockLogImpl] DEBUG block.DeletedBlockLogImpl (DeletedBlockLogImpl.java:commitTransactions(224)) - Transaction txId=30 commit by dnId=a3a688a0-b759-42a1-9d42-7ea63bf88025 for containerID=#30 failed. Corresponding entry not found.
2021-08-14 14:05:28,265 [EventQueue-DeleteBlockStatusForDeletedBlockLogImpl] DEBUG block.DeletedBlockLogImpl (DeletedBlockLogImpl.java:isTransactionFailed(278)) - Got block deletion ACK from datanode, TXIDs=31, success=true
2021-08-14 14:05:28,265 [EventQueue-DeleteBlockStatusForDeletedBlockLogImpl] DEBUG block.DeletedBlockLogImpl (DeletedBlockLogImpl.java:commitTransactions(224)) - Transaction txId=31 commit by dnId=a3a688a0-b759-42a1-9d42-7ea63bf88025 for containerID=#31 failed. Corresponding entry not found.
2021-08-14 14:05:28,265 [EventQueue-DeleteBlockStatusForDeletedBlockLogImpl] DEBUG block.DeletedBlockLogImpl (DeletedBlockLogImpl.java:isTransactionFailed(278)) - Got block deletion ACK from datanode, TXIDs=32, success=true
2021-08-14 14:05:28,265 [EventQueue-DeleteBlockStatusForDeletedBlockLogImpl] DEBUG block.DeletedBlockLogImpl (DeletedBlockLogImpl.java:commitTransactions(224)) - Transaction txId=32 commit by dnId=a3a688a0-b759-42a1-9d42-7ea63bf88025 for containerID=#32 failed. Corresponding entry not found.
2021-08-14 14:05:28,265 [EventQueue-DeleteBlockStatusForDeletedBlockLogImpl] DEBUG block.DeletedBlockLogImpl (DeletedBlockLogImpl.java:isTransactionFailed(278)) - Got block deletion ACK from datanode, TXIDs=33, success=true
2021-08-14 14:05:28,265 [EventQueue-DeleteBlockStatusForDeletedBlockLogImpl] DEBUG block.DeletedBlockLogImpl (DeletedBlockLogImpl.java:commitTransactions(224)) - Transaction txId=33 commit by dnId=a3a688a0-b759-42a1-9d42-7ea63bf88025 for containerID=#33 failed. Corresponding entry not found.
2021-08-14 14:05:28,265 [EventQueue-DeleteBlockStatusForDeletedBlockLogImpl] DEBUG block.DeletedBlockLogImpl (DeletedBlockLogImpl.java:isTransactionFailed(278)) - Got block deletion ACK from datanode, TXIDs=34, success=true
2021-08-14 14:05:28,265 [EventQueue-DeleteBlockStatusForDeletedBlockLogImpl] DEBUG block.DeletedBlockLogImpl (DeletedBlockLogImpl.java:commitTransactions(224)) - Transaction txId=34 commit by dnId=a3a688a0-b759-42a1-9d42-7ea63bf88025 for containerID=#34 failed. Corresponding entry not found.
2021-08-14 14:05:28,265 [EventQueue-DeleteBlockStatusForDeletedBlockLogImpl] DEBUG block.DeletedBlockLogImpl (DeletedBlockLogImpl.java:isTransactionFailed(278)) - Got block deletion ACK from datanode, TXIDs=35, success=true
2021-08-14 14:05:28,265 [EventQueue-DeleteBlockStatusForDeletedBlockLogImpl] DEBUG block.DeletedBlockLogImpl (DeletedBlockLogImpl.java:commitTransactions(224)) - Transaction txId=35 commit by dnId=a3a688a0-b759-42a1-9d42-7ea63bf88025 for containerID=#35 failed. Corresponding entry not found.
2021-08-14 14:05:28,265 [EventQueue-DeleteBlockStatusForDeletedBlockLogImpl] DEBUG block.DeletedBlockLogImpl (DeletedBlockLogImpl.java:isTransactionFailed(278)) - Got block deletion ACK from datanode, TXIDs=36, success=true
2021-08-14 14:05:28,265 [EventQueue-DeleteBlockStatusForDeletedBlockLogImpl] DEBUG block.DeletedBlockLogImpl (DeletedBlockLogImpl.java:commitTransactions(224)) - Transaction txId=36 commit by dnId=a3a688a0-b759-42a1-9d42-7ea63bf88025 for containerID=#36 failed. Corresponding entry not found.
2021-08-14 14:05:28,265 [EventQueue-DeleteBlockStatusForDeletedBlockLogImpl] DEBUG block.DeletedBlockLogImpl (DeletedBlockLogImpl.java:isTransactionFailed(278)) - Got block deletion ACK from datanode, TXIDs=37, success=true
2021-08-14 14:05:28,265 [EventQueue-DeleteBlockStatusForDeletedBlockLogImpl] DEBUG block.DeletedBlockLogImpl (DeletedBlockLogImpl.java:commitTransactions(224)) - Transaction txId=37 commit by dnId=a3a688a0-b759-42a1-9d42-7ea63bf88025 for containerID=#37 failed. Corresponding entry not found.
2021-08-14 14:05:28,265 [EventQueue-DeleteBlockStatusForDeletedBlockLogImpl] DEBUG block.DeletedBlockLogImpl (DeletedBlockLogImpl.java:isTransactionFailed(278)) - Got block deletion ACK from datanode, TXIDs=38, success=true
2021-08-14 14:05:28,265 [EventQueue-DeleteBlockStatusForDeletedBlockLogImpl] DEBUG block.DeletedBlockLogImpl (DeletedBlockLogImpl.java:commitTransactions(224)) - Transaction txId=38 commit by dnId=a3a688a0-b759-42a1-9d42-7ea63bf88025 for containerID=#38 failed. Corresponding entry not found.
2021-08-14 14:05:28,265 [EventQueue-DeleteBlockStatusForDeletedBlockLogImpl] DEBUG block.DeletedBlockLogImpl (DeletedBlockLogImpl.java:isTransactionFailed(278)) - Got block deletion ACK from datanode, TXIDs=39, success=true
2021-08-14 14:05:28,265 [EventQueue-DeleteBlockStatusForDeletedBlockLogImpl] DEBUG block.DeletedBlockLogImpl (DeletedBlockLogImpl.java:commitTransactions(224)) - Transaction txId=39 commit by dnId=a3a688a0-b759-42a1-9d42-7ea63bf88025 for containerID=#39 failed. Corresponding entry not found.
2021-08-14 14:05:28,265 [EventQueue-DeleteBlockStatusForDeletedBlockLogImpl] DEBUG block.DeletedBlockLogImpl (DeletedBlockLogImpl.java:isTransactionFailed(278)) - Got block deletion ACK from datanode, TXIDs=40, success=true
2021-08-14 14:05:28,265 [EventQueue-DeleteBlockStatusForDeletedBlockLogImpl] DEBUG block.DeletedBlockLogImpl (DeletedBlockLogImpl.java:commitTransactions(224)) - Transaction txId=40 commit by dnId=a3a688a0-b759-42a1-9d42-7ea63bf88025 for containerID=#40 failed. Corresponding entry not found.
2021-08-14 14:05:28,265 [EventQueue-DeleteBlockStatusForDeletedBlockLogImpl] DEBUG block.DeletedBlockLogImpl (DeletedBlockLogImpl.java:isTransactionFailed(278)) - Got block deletion ACK from datanode, TXIDs=41, success=true
2021-08-14 14:05:28,265 [EventQueue-DeleteBlockStatusForDeletedBlockLogImpl] DEBUG block.DeletedBlockLogImpl (DeletedBlockLogImpl.java:commitTransactions(224)) - Transaction txId=41 commit by dnId=a3a688a0-b759-42a1-9d42-7ea63bf88025 for containerID=#41 failed. Corresponding entry not found.
2021-08-14 14:05:28,265 [EventQueue-DeleteBlockStatusForDeletedBlockLogImpl] DEBUG block.DeletedBlockLogImpl (DeletedBlockLogImpl.java:isTransactionFailed(278)) - Got block deletion ACK from datanode, TXIDs=42, success=true
2021-08-14 14:05:28,265 [BlockDeletingService#7] INFO  impl.FilePerBlockStrategy (FilePerBlockStrategy.java:deleteChunk(227)) - Deleted block file: /home/runner/work/ozone/ozone/hadoop-ozone/integration-test/target/test-dir/MiniOzoneClusterImpl-903ecea8-4fd7-4e9d-96bf-9013ab6d4ae3/datanode-0/data-0/containers/hdds/903ecea8-4fd7-4e9d-96bf-9013ab6d4ae3/current/containerDir0/36/chunks/107544261427200036.block
2021-08-14 14:05:28,265 [BlockDeletingService#7] INFO  background.BlockDeletingService (BlockDeletingService.java:deleteViaSchema2(447)) - Container: 36, deleted blocks: 1, task elapsed time: 13ms
2021-08-14 14:05:28,267 [BlockDeletingService#6] INFO  impl.FilePerBlockStrategy (FilePerBlockStrategy.java:deleteChunk(227)) - Deleted block file: /home/runner/work/ozone/ozone/hadoop-ozone/integration-test/target/test-dir/MiniOzoneClusterImpl-903ecea8-4fd7-4e9d-96bf-9013ab6d4ae3/datanode-0/data-0/containers/hdds/903ecea8-4fd7-4e9d-96bf-9013ab6d4ae3/current/containerDir0/26/chunks/107544261427200026.block
2021-08-14 14:05:28,267 [BlockDeletingService#6] INFO  background.BlockDeletingService (BlockDeletingService.java:deleteViaSchema2(447)) - Container: 26, deleted blocks: 1, task elapsed time: 10ms
2021-08-14 14:05:28,268 [BlockDeletingService#1] INFO  impl.FilePerBlockStrategy (FilePerBlockStrategy.java:deleteChunk(227)) - Deleted block file: /home/runner/work/ozone/ozone/hadoop-ozone/integration-test/target/test-dir/MiniOzoneClusterImpl-903ecea8-4fd7-4e9d-96bf-9013ab6d4ae3/datanode-0/data-0/containers/hdds/903ecea8-4fd7-4e9d-96bf-9013ab6d4ae3/current/containerDir0/43/chunks/107544261427200043.block
2021-08-14 14:05:28,268 [BlockDeletingService#1] INFO  background.BlockDeletingService (BlockDeletingService.java:deleteViaSchema2(447)) - Container: 43, deleted blocks: 1, task elapsed time: 19ms
2021-08-14 14:05:28,265 [EventQueue-DeleteBlockStatusForDeletedBlockLogImpl] DEBUG block.DeletedBlockLogImpl (DeletedBlockLogImpl.java:commitTransactions(224)) - Transaction txId=42 commit by dnId=a3a688a0-b759-42a1-9d42-7ea63bf88025 for containerID=#42 failed. Corresponding entry not found.
2021-08-14 14:05:28,278 [EventQueue-DeleteBlockStatusForDeletedBlockLogImpl] DEBUG block.DeletedBlockLogImpl (DeletedBlockLogImpl.java:isTransactionFailed(278)) - Got block deletion ACK from datanode, TXIDs=43, success=true
2021-08-14 14:05:28,278 [EventQueue-DeleteBlockStatusForDeletedBlockLogImpl] DEBUG block.DeletedBlockLogImpl (DeletedBlockLogImpl.java:commitTransactions(224)) - Transaction txId=43 commit by dnId=a3a688a0-b759-42a1-9d42-7ea63bf88025 for containerID=#43 failed. Corresponding entry not found.
2021-08-14 14:05:28,278 [EventQueue-DeleteBlockStatusForDeletedBlockLogImpl] DEBUG block.DeletedBlockLogImpl (DeletedBlockLogImpl.java:isTransactionFailed(278)) - Got block deletion ACK from datanode, TXIDs=44, success=true
2021-08-14 14:05:28,278 [EventQueue-DeleteBlockStatusForDeletedBlockLogImpl] DEBUG block.DeletedBlockLogImpl (DeletedBlockLogImpl.java:commitTransactions(224)) - Transaction txId=44 commit by dnId=a3a688a0-b759-42a1-9d42-7ea63bf88025 for containerID=#44 failed. Corresponding entry not found.
2021-08-14 14:05:28,278 [EventQueue-DeleteBlockStatusForDeletedBlockLogImpl] DEBUG block.DeletedBlockLogImpl (DeletedBlockLogImpl.java:isTransactionFailed(278)) - Got block deletion ACK from datanode, TXIDs=45, success=true
2021-08-14 14:05:28,278 [EventQueue-DeleteBlockStatusForDeletedBlockLogImpl] DEBUG block.DeletedBlockLogImpl (DeletedBlockLogImpl.java:commitTransactions(224)) - Transaction txId=45 commit by dnId=a3a688a0-b759-42a1-9d42-7ea63bf88025 for containerID=#45 failed. Corresponding entry not found.
2021-08-14 14:05:28,278 [EventQueue-DeleteBlockStatusForDeletedBlockLogImpl] DEBUG block.DeletedBlockLogImpl (DeletedBlockLogImpl.java:isTransactionFailed(278)) - Got block deletion ACK from datanode, TXIDs=46, success=true
2021-08-14 14:05:28,278 [EventQueue-DeleteBlockStatusForDeletedBlockLogImpl] DEBUG block.DeletedBlockLogImpl (DeletedBlockLogImpl.java:commitTransactions(224)) - Transaction txId=46 commit by dnId=a3a688a0-b759-42a1-9d42-7ea63bf88025 for containerID=#46 failed. Corresponding entry not found.
2021-08-14 14:05:28,278 [EventQueue-DeleteBlockStatusForDeletedBlockLogImpl] DEBUG block.DeletedBlockLogImpl (DeletedBlockLogImpl.java:isTransactionFailed(278)) - Got block deletion ACK from datanode, TXIDs=47, success=true
2021-08-14 14:05:28,278 [EventQueue-DeleteBlockStatusForDeletedBlockLogImpl] DEBUG block.DeletedBlockLogImpl (DeletedBlockLogImpl.java:commitTransactions(224)) - Transaction txId=47 commit by dnId=a3a688a0-b759-42a1-9d42-7ea63bf88025 for containerID=#47 failed. Corresponding entry not found.
2021-08-14 14:05:28,278 [EventQueue-DeleteBlockStatusForDeletedBlockLogImpl] DEBUG block.DeletedBlockLogImpl (DeletedBlockLogImpl.java:isTransactionFailed(278)) - Got block deletion ACK from datanode, TXIDs=48, success=true
2021-08-14 14:05:28,278 [EventQueue-DeleteBlockStatusForDeletedBlockLogImpl] DEBUG block.DeletedBlockLogImpl (DeletedBlockLogImpl.java:commitTransactions(224)) - Transaction txId=48 commit by dnId=a3a688a0-b759-42a1-9d42-7ea63bf88025 for containerID=#48 failed. Corresponding entry not found.
2021-08-14 14:05:28,278 [EventQueue-DeleteBlockStatusForDeletedBlockLogImpl] DEBUG block.DeletedBlockLogImpl (DeletedBlockLogImpl.java:isTransactionFailed(278)) - Got block deletion ACK from datanode, TXIDs=49, success=true
2021-08-14 14:05:28,278 [EventQueue-DeleteBlockStatusForDeletedBlockLogImpl] DEBUG block.DeletedBlockLogImpl (DeletedBlockLogImpl.java:commitTransactions(224)) - Transaction txId=49 commit by dnId=a3a688a0-b759-42a1-9d42-7ea63bf88025 for containerID=#49 failed. Corresponding entry not found.
2021-08-14 14:05:28,278 [EventQueue-DeleteBlockStatusForDeletedBlockLogImpl] DEBUG block.DeletedBlockLogImpl (DeletedBlockLogImpl.java:isTransactionFailed(278)) - Got block deletion ACK from datanode, TXIDs=50, success=true
2021-08-14 14:05:28,278 [EventQueue-DeleteBlockStatusForDeletedBlockLogImpl] DEBUG block.DeletedBlockLogImpl (DeletedBlockLogImpl.java:commitTransactions(224)) - Transaction txId=50 commit by dnId=a3a688a0-b759-42a1-9d42-7ea63bf88025 for containerID=#50 failed. Corresponding entry not found.
2021-08-14 14:05:28,278 [EventQueue-DeleteBlockStatusForDeletedBlockLogImpl] DEBUG block.DeletedBlockLogImpl (DeletedBlockLogImpl.java:isTransactionFailed(278)) - Got block deletion ACK from datanode, TXIDs=51, success=true
2021-08-14 14:05:28,278 [EventQueue-DeleteBlockStatusForDeletedBlockLogImpl] DEBUG block.DeletedBlockLogImpl (DeletedBlockLogImpl.java:commitTransactions(224)) - Transaction txId=51 commit by dnId=a3a688a0-b759-42a1-9d42-7ea63bf88025 for containerID=#51 failed. Corresponding entry not found.
2021-08-14 14:05:28,278 [EventQueue-DeleteBlockStatusForDeletedBlockLogImpl] DEBUG block.DeletedBlockLogImpl (DeletedBlockLogImpl.java:isTransactionFailed(278)) - Got block deletion ACK from datanode, TXIDs=52, success=true
2021-08-14 14:05:28,278 [EventQueue-DeleteBlockStatusForDeletedBlockLogImpl] DEBUG block.DeletedBlockLogImpl (DeletedBlockLogImpl.java:commitTransactions(224)) - Transaction txId=52 commit by dnId=a3a688a0-b759-42a1-9d42-7ea63bf88025 for containerID=#52 failed. Corresponding entry not found.
2021-08-14 14:05:28,278 [EventQueue-DeleteBlockStatusForDeletedBlockLogImpl] DEBUG block.DeletedBlockLogImpl (DeletedBlockLogImpl.java:isTransactionFailed(278)) - Got block deletion ACK from datanode, TXIDs=53, success=true
2021-08-14 14:05:28,279 [EventQueue-DeleteBlockStatusForDeletedBlockLogImpl] DEBUG block.DeletedBlockLogImpl (DeletedBlockLogImpl.java:commitTransactions(224)) - Transaction txId=53 commit by dnId=a3a688a0-b759-42a1-9d42-7ea63bf88025 for containerID=#53 failed. Corresponding entry not found.
2021-08-14 14:05:28,279 [EventQueue-DeleteBlockStatusForDeletedBlockLogImpl] DEBUG block.DeletedBlockLogImpl (DeletedBlockLogImpl.java:isTransactionFailed(278)) - Got block deletion ACK from datanode, TXIDs=54, success=true
2021-08-14 14:05:28,279 [EventQueue-DeleteBlockStatusForDeletedBlockLogImpl] DEBUG block.DeletedBlockLogImpl (DeletedBlockLogImpl.java:commitTransactions(224)) - Transaction txId=54 commit by dnId=a3a688a0-b759-42a1-9d42-7ea63bf88025 for containerID=#54 failed. Corresponding entry not found.
2021-08-14 14:05:28,279 [EventQueue-DeleteBlockStatusForDeletedBlockLogImpl] DEBUG block.DeletedBlockLogImpl (DeletedBlockLogImpl.java:isTransactionFailed(278)) - Got block deletion ACK from datanode, TXIDs=55, success=true
2021-08-14 14:05:28,279 [EventQueue-DeleteBlockStatusForDeletedBlockLogImpl] DEBUG block.DeletedBlockLogImpl (DeletedBlockLogImpl.java:commitTransactions(224)) - Transaction txId=55 commit by dnId=a3a688a0-b759-42a1-9d42-7ea63bf88025 for containerID=#55 failed. Corresponding entry not found.
2021-08-14 14:05:28,279 [EventQueue-DeleteBlockStatusForDeletedBlockLogImpl] DEBUG block.DeletedBlockLogImpl (DeletedBlockLogImpl.java:isTransactionFailed(278)) - Got block deletion ACK from datanode, TXIDs=56, success=true
2021-08-14 14:05:28,279 [EventQueue-DeleteBlockStatusForDeletedBlockLogImpl] DEBUG block.DeletedBlockLogImpl (DeletedBlockLogImpl.java:commitTransactions(224)) - Transaction txId=56 commit by dnId=a3a688a0-b759-42a1-9d42-7ea63bf88025 for containerID=#56 failed. Corresponding entry not found.
2021-08-14 14:05:28,279 [EventQueue-DeleteBlockStatusForDeletedBlockLogImpl] DEBUG block.DeletedBlockLogImpl (DeletedBlockLogImpl.java:isTransactionFailed(278)) - Got block deletion ACK from datanode, TXIDs=19, success=true
2021-08-14 14:05:28,279 [EventQueue-DeleteBlockStatusForDeletedBlockLogImpl] DEBUG block.DeletedBlockLogImpl (DeletedBlockLogImpl.java:commitTransactions(224)) - Transaction txId=19 commit by dnId=a3a688a0-b759-42a1-9d42-7ea63bf88025 for containerID=#19 failed. Corresponding entry not found.
2021-08-14 14:05:28,279 [EventQueue-DeleteBlockStatusForDeletedBlockLogImpl] DEBUG block.DeletedBlockLogImpl (DeletedBlockLogImpl.java:isTransactionFailed(278)) - Got block deletion ACK from datanode, TXIDs=20, success=true
2021-08-14 14:05:28,279 [EventQueue-DeleteBlockStatusForDeletedBlockLogImpl] DEBUG block.DeletedBlockLogImpl (DeletedBlockLogImpl.java:commitTransactions(224)) - Transaction txId=20 commit by dnId=a3a688a0-b759-42a1-9d42-7ea63bf88025 for containerID=#20 failed. Corresponding entry not found.
2021-08-14 14:05:28,279 [EventQueue-DeleteBlockStatusForDeletedBlockLogImpl] DEBUG block.DeletedBlockLogImpl (DeletedBlockLogImpl.java:isTransactionFailed(278)) - Got block deletion ACK from datanode, TXIDs=21, success=true
2021-08-14 14:05:28,279 [EventQueue-DeleteBlockStatusForDeletedBlockLogImpl] DEBUG block.DeletedBlockLogImpl (DeletedBlockLogImpl.java:commitTransactions(224)) - Transaction txId=21 commit by dnId=a3a688a0-b759-42a1-9d42-7ea63bf88025 for containerID=#21 failed. Corresponding entry not found.
2021-08-14 14:05:28,279 [EventQueue-DeleteBlockStatusForDeletedBlockLogImpl] DEBUG block.DeletedBlockLogImpl (DeletedBlockLogImpl.java:isTransactionFailed(278)) - Got block deletion ACK from datanode, TXIDs=22, success=true
2021-08-14 14:05:28,279 [EventQueue-DeleteBlockStatusForDeletedBlockLogImpl] DEBUG block.DeletedBlockLogImpl (DeletedBlockLogImpl.java:commitTransactions(224)) - Transaction txId=22 commit by dnId=a3a688a0-b759-42a1-9d42-7ea63bf88025 for containerID=#22 failed. Corresponding entry not found.
2021-08-14 14:05:28,279 [EventQueue-DeleteBlockStatusForDeletedBlockLogImpl] DEBUG block.DeletedBlockLogImpl (DeletedBlockLogImpl.java:isTransactionFailed(278)) - Got block deletion ACK from datanode, TXIDs=23, success=true
2021-08-14 14:05:28,279 [EventQueue-DeleteBlockStatusForDeletedBlockLogImpl] DEBUG block.DeletedBlockLogImpl (DeletedBlockLogImpl.java:commitTransactions(224)) - Transaction txId=23 commit by dnId=a3a688a0-b759-42a1-9d42-7ea63bf88025 for containerID=#23 failed. Corresponding entry not found.
2021-08-14 14:05:28,279 [EventQueue-DeleteBlockStatusForDeletedBlockLogImpl] DEBUG block.DeletedBlockLogImpl (DeletedBlockLogImpl.java:isTransactionFailed(278)) - Got block deletion ACK from datanode, TXIDs=24, success=true
2021-08-14 14:05:28,279 [EventQueue-DeleteBlockStatusForDeletedBlockLogImpl] DEBUG block.DeletedBlockLogImpl (DeletedBlockLogImpl.java:commitTransactions(224)) - Transaction txId=24 commit by dnId=a3a688a0-b759-42a1-9d42-7ea63bf88025 for containerID=#24 failed. Corresponding entry not found.
2021-08-14 14:05:28,279 [EventQueue-DeleteBlockStatusForDeletedBlockLogImpl] DEBUG block.DeletedBlockLogImpl (DeletedBlockLogImpl.java:isTransactionFailed(278)) - Got block deletion ACK from datanode, TXIDs=25, success=true
2021-08-14 14:05:28,279 [EventQueue-DeleteBlockStatusForDeletedBlockLogImpl] DEBUG block.DeletedBlockLogImpl (DeletedBlockLogImpl.java:commitTransactions(224)) - Transaction txId=25 commit by dnId=a3a688a0-b759-42a1-9d42-7ea63bf88025 for containerID=#25 failed. Corresponding entry not found.
2021-08-14 14:05:28,279 [EventQueue-DeleteBlockStatusForDeletedBlockLogImpl] DEBUG block.DeletedBlockLogImpl (DeletedBlockLogImpl.java:isTransactionFailed(278)) - Got block deletion ACK from datanode, TXIDs=26, success=true
2021-08-14 14:05:28,279 [EventQueue-DeleteBlockStatusForDeletedBlockLogImpl] DEBUG block.DeletedBlockLogImpl (DeletedBlockLogImpl.java:commitTransactions(224)) - Transaction txId=26 commit by dnId=a3a688a0-b759-42a1-9d42-7ea63bf88025 for containerID=#26 failed. Corresponding entry not found.
2021-08-14 14:05:28,279 [EventQueue-DeleteBlockStatusForDeletedBlockLogImpl] DEBUG block.DeletedBlockLogImpl (DeletedBlockLogImpl.java:isTransactionFailed(278)) - Got block deletion ACK from datanode, TXIDs=27, success=true
2021-08-14 14:05:28,279 [EventQueue-DeleteBlockStatusForDeletedBlockLogImpl] DEBUG block.DeletedBlockLogImpl (DeletedBlockLogImpl.java:commitTransactions(224)) - Transaction txId=27 commit by dnId=a3a688a0-b759-42a1-9d42-7ea63bf88025 for containerID=#27 failed. Corresponding entry not found.
2021-08-14 14:05:28,279 [EventQueue-DeleteBlockStatusForDeletedBlockLogImpl] DEBUG block.DeletedBlockLogImpl (DeletedBlockLogImpl.java:isTransactionFailed(278)) - Got block deletion ACK from datanode, TXIDs=28, success=true
2021-08-14 14:05:28,279 [EventQueue-DeleteBlockStatusForDeletedBlockLogImpl] DEBUG block.DeletedBlockLogImpl (DeletedBlockLogImpl.java:commitTransactions(224)) - Transaction txId=28 commit by dnId=a3a688a0-b759-42a1-9d42-7ea63bf88025 for containerID=#28 failed. Corresponding entry not found.
2021-08-14 14:05:28,279 [EventQueue-DeleteBlockStatusForDeletedBlockLogImpl] DEBUG block.DeletedBlockLogImpl (DeletedBlockLogImpl.java:isTransactionFailed(278)) - Got block deletion ACK from datanode, TXIDs=29, success=true
2021-08-14 14:05:28,279 [EventQueue-DeleteBlockStatusForDeletedBlockLogImpl] DEBUG block.DeletedBlockLogImpl (DeletedBlockLogImpl.java:commitTransactions(224)) - Transaction txId=29 commit by dnId=a3a688a0-b759-42a1-9d42-7ea63bf88025 for containerID=#29 failed. Corresponding entry not found.
2021-08-14 14:05:28,279 [EventQueue-DeleteBlockStatusForDeletedBlockLogImpl] DEBUG block.DeletedBlockLogImpl (DeletedBlockLogImpl.java:isTransactionFailed(278)) - Got block deletion ACK from datanode, TXIDs=30, success=true
2021-08-14 14:05:28,279 [EventQueue-DeleteBlockStatusForDeletedBlockLogImpl] DEBUG block.DeletedBlockLogImpl (DeletedBlockLogImpl.java:commitTransactions(224)) - Transaction txId=30 commit by dnId=a3a688a0-b759-42a1-9d42-7ea63bf88025 for containerID=#30 failed. Corresponding entry not found.
2021-08-14 14:05:28,279 [EventQueue-DeleteBlockStatusForDeletedBlockLogImpl] DEBUG block.DeletedBlockLogImpl (DeletedBlockLogImpl.java:isTransactionFailed(278)) - Got block deletion ACK from datanode, TXIDs=31, success=true
2021-08-14 14:05:28,289 [EventQueue-DeleteBlockStatusForDeletedBlockLogImpl] DEBUG block.DeletedBlockLogImpl (DeletedBlockLogImpl.java:commitTransactions(224)) - Transaction txId=31 commit by dnId=a3a688a0-b759-42a1-9d42-7ea63bf88025 for containerID=#31 failed. Corresponding entry not found.
2021-08-14 14:05:28,287 [SCMBlockDeletingService#0] DEBUG block.SCMBlockDeletingService (SCMBlockDeletingService.java:call(133)) - Running DeletedBlockTransactionScanner
2021-08-14 14:05:28,289 [EventQueue-DeleteBlockStatusForDeletedBlockLogImpl] DEBUG block.DeletedBlockLogImpl (DeletedBlockLogImpl.java:isTransactionFailed(278)) - Got block deletion ACK from datanode, TXIDs=32, success=true
2021-08-14 14:05:28,289 [EventQueue-DeleteBlockStatusForDeletedBlockLogImpl] DEBUG block.DeletedBlockLogImpl (DeletedBlockLogImpl.java:commitTransactions(224)) - Transaction txId=32 commit by dnId=a3a688a0-b759-42a1-9d42-7ea63bf88025 for containerID=#32 failed. Corresponding entry not found.
2021-08-14 14:05:28,289 [EventQueue-DeleteBlockStatusForDeletedBlockLogImpl] DEBUG block.DeletedBlockLogImpl (DeletedBlockLogImpl.java:isTransactionFailed(278)) - Got block deletion ACK from datanode, TXIDs=33, success=true
2021-08-14 14:05:28,290 [EventQueue-DeleteBlockStatusForDeletedBlockLogImpl] DEBUG block.DeletedBlockLogImpl (DeletedBlockLogImpl.java:commitTransactions(224)) - Transaction txId=33 commit by dnId=a3a688a0-b759-42a1-9d42-7ea63bf88025 for containerID=#33 failed. Corresponding entry not found.
2021-08-14 14:05:28,290 [EventQueue-DeleteBlockStatusForDeletedBlockLogImpl] DEBUG block.DeletedBlockLogImpl (DeletedBlockLogImpl.java:isTransactionFailed(278)) - Got block deletion ACK from datanode, TXIDs=34, success=true
2021-08-14 14:05:28,290 [EventQueue-DeleteBlockStatusForDeletedBlockLogImpl] DEBUG block.DeletedBlockLogImpl (DeletedBlockLogImpl.java:commitTransactions(224)) - Transaction txId=34 commit by dnId=a3a688a0-b759-42a1-9d42-7ea63bf88025 for containerID=#34 failed. Corresponding entry not found.
2021-08-14 14:05:28,290 [EventQueue-DeleteBlockStatusForDeletedBlockLogImpl] DEBUG block.DeletedBlockLogImpl (DeletedBlockLogImpl.java:isTransactionFailed(278)) - Got block deletion ACK from datanode, TXIDs=35, success=true
2021-08-14 14:05:28,290 [EventQueue-DeleteBlockStatusForDeletedBlockLogImpl] DEBUG block.DeletedBlockLogImpl (DeletedBlockLogImpl.java:commitTransactions(224)) - Transaction txId=35 commit by dnId=a3a688a0-b759-42a1-9d42-7ea63bf88025 for containerID=#35 failed. Corresponding entry not found.
2021-08-14 14:05:28,290 [EventQueue-DeleteBlockStatusForDeletedBlockLogImpl] DEBUG block.DeletedBlockLogImpl (DeletedBlockLogImpl.java:isTransactionFailed(278)) - Got block deletion ACK from datanode, TXIDs=36, success=true
2021-08-14 14:05:28,290 [EventQueue-DeleteBlockStatusForDeletedBlockLogImpl] DEBUG block.DeletedBlockLogImpl (DeletedBlockLogImpl.java:commitTransactions(224)) - Transaction txId=36 commit by dnId=a3a688a0-b759-42a1-9d42-7ea63bf88025 for containerID=#36 failed. Corresponding entry not found.
2021-08-14 14:05:28,290 [EventQueue-DeleteBlockStatusForDeletedBlockLogImpl] DEBUG block.DeletedBlockLogImpl (DeletedBlockLogImpl.java:isTransactionFailed(278)) - Got block deletion ACK from datanode, TXIDs=37, success=true
2021-08-14 14:05:28,290 [EventQueue-DeleteBlockStatusForDeletedBlockLogImpl] DEBUG block.DeletedBlockLogImpl (DeletedBlockLogImpl.java:commitTransactions(224)) - Transaction txId=37 commit by dnId=a3a688a0-b759-42a1-9d42-7ea63bf88025 for containerID=#37 failed. Corresponding entry not found.
2021-08-14 14:05:28,290 [EventQueue-DeleteBlockStatusForDeletedBlockLogImpl] DEBUG block.DeletedBlockLogImpl (DeletedBlockLogImpl.java:isTransactionFailed(278)) - Got block deletion ACK from datanode, TXIDs=38, success=true
2021-08-14 14:05:28,290 [EventQueue-DeleteBlockStatusForDeletedBlockLogImpl] DEBUG block.DeletedBlockLogImpl (DeletedBlockLogImpl.java:commitTransactions(224)) - Transaction txId=38 commit by dnId=a3a688a0-b759-42a1-9d42-7ea63bf88025 for containerID=#38 failed. Corresponding entry not found.
2021-08-14 14:05:28,290 [EventQueue-DeleteBlockStatusForDeletedBlockLogImpl] DEBUG block.DeletedBlockLogImpl (DeletedBlockLogImpl.java:isTransactionFailed(278)) - Got block deletion ACK from datanode, TXIDs=39, success=true
2021-08-14 14:05:28,290 [EventQueue-DeleteBlockStatusForDeletedBlockLogImpl] DEBUG block.DeletedBlockLogImpl (DeletedBlockLogImpl.java:commitTransactions(224)) - Transaction txId=39 commit by dnId=a3a688a0-b759-42a1-9d42-7ea63bf88025 for containerID=#39 failed. Corresponding entry not found.
2021-08-14 14:05:28,290 [EventQueue-DeleteBlockStatusForDeletedBlockLogImpl] DEBUG block.DeletedBlockLogImpl (DeletedBlockLogImpl.java:isTransactionFailed(278)) - Got block deletion ACK from datanode, TXIDs=40, success=true
2021-08-14 14:05:28,290 [EventQueue-DeleteBlockStatusForDeletedBlockLogImpl] DEBUG block.DeletedBlockLogImpl (DeletedBlockLogImpl.java:commitTransactions(224)) - Transaction txId=40 commit by dnId=a3a688a0-b759-42a1-9d42-7ea63bf88025 for containerID=#40 failed. Corresponding entry not found.
2021-08-14 14:05:28,290 [EventQueue-DeleteBlockStatusForDeletedBlockLogImpl] DEBUG block.DeletedBlockLogImpl (DeletedBlockLogImpl.java:isTransactionFailed(278)) - Got block deletion ACK from datanode, TXIDs=41, success=true
2021-08-14 14:05:28,290 [EventQueue-DeleteBlockStatusForDeletedBlockLogImpl] DEBUG block.DeletedBlockLogImpl (DeletedBlockLogImpl.java:commitTransactions(224)) - Transaction txId=41 commit by dnId=a3a688a0-b759-42a1-9d42-7ea63bf88025 for containerID=#41 failed. Corresponding entry not found.
2021-08-14 14:05:28,290 [EventQueue-DeleteBlockStatusForDeletedBlockLogImpl] DEBUG block.DeletedBlockLogImpl (DeletedBlockLogImpl.java:isTransactionFailed(278)) - Got block deletion ACK from datanode, TXIDs=42, success=true
2021-08-14 14:05:28,290 [EventQueue-DeleteBlockStatusForDeletedBlockLogImpl] DEBUG block.DeletedBlockLogImpl (DeletedBlockLogImpl.java:commitTransactions(224)) - Transaction txId=42 commit by dnId=a3a688a0-b759-42a1-9d42-7ea63bf88025 for containerID=#42 failed. Corresponding entry not found.
2021-08-14 14:05:28,290 [EventQueue-DeleteBlockStatusForDeletedBlockLogImpl] DEBUG block.DeletedBlockLogImpl (DeletedBlockLogImpl.java:isTransactionFailed(278)) - Got block deletion ACK from datanode, TXIDs=43, success=true
2021-08-14 14:05:28,290 [EventQueue-DeleteBlockStatusForDeletedBlockLogImpl] DEBUG block.DeletedBlockLogImpl (DeletedBlockLogImpl.java:commitTransactions(224)) - Transaction txId=43 commit by dnId=a3a688a0-b759-42a1-9d42-7ea63bf88025 for containerID=#43 failed. Corresponding entry not found.
2021-08-14 14:05:28,290 [EventQueue-DeleteBlockStatusForDeletedBlockLogImpl] DEBUG block.DeletedBlockLogImpl (DeletedBlockLogImpl.java:isTransactionFailed(278)) - Got block deletion ACK from datanode, TXIDs=44, success=true
2021-08-14 14:05:28,290 [EventQueue-DeleteBlockStatusForDeletedBlockLogImpl] DEBUG block.DeletedBlockLogImpl (DeletedBlockLogImpl.java:commitTransactions(224)) - Transaction txId=44 commit by dnId=a3a688a0-b759-42a1-9d42-7ea63bf88025 for containerID=#44 failed. Corresponding entry not found.
2021-08-14 14:05:28,290 [EventQueue-DeleteBlockStatusForDeletedBlockLogImpl] DEBUG block.DeletedBlockLogImpl (DeletedBlockLogImpl.java:isTransactionFailed(278)) - Got block deletion ACK from datanode, TXIDs=45, success=true
2021-08-14 14:05:28,290 [EventQueue-DeleteBlockStatusForDeletedBlockLogImpl] DEBUG block.DeletedBlockLogImpl (DeletedBlockLogImpl.java:commitTransactions(224)) - Transaction txId=45 commit by dnId=a3a688a0-b759-42a1-9d42-7ea63bf88025 for containerID=#45 failed. Corresponding entry not found.
2021-08-14 14:05:28,290 [EventQueue-DeleteBlockStatusForDeletedBlockLogImpl] DEBUG block.DeletedBlockLogImpl (DeletedBlockLogImpl.java:isTransactionFailed(278)) - Got block deletion ACK from datanode, TXIDs=46, success=true
2021-08-14 14:05:28,290 [EventQueue-DeleteBlockStatusForDeletedBlockLogImpl] DEBUG block.DeletedBlockLogImpl (DeletedBlockLogImpl.java:commitTransactions(224)) - Transaction txId=46 commit by dnId=a3a688a0-b759-42a1-9d42-7ea63bf88025 for containerID=#46 failed. Corresponding entry not found.
2021-08-14 14:05:28,290 [EventQueue-DeleteBlockStatusForDeletedBlockLogImpl] DEBUG block.DeletedBlockLogImpl (DeletedBlockLogImpl.java:isTransactionFailed(278)) - Got block deletion ACK from datanode, TXIDs=47, success=true
2021-08-14 14:05:28,290 [EventQueue-DeleteBlockStatusForDeletedBlockLogImpl] DEBUG block.DeletedBlockLogImpl (DeletedBlockLogImpl.java:commitTransactions(224)) - Transaction txId=47 commit by dnId=a3a688a0-b759-42a1-9d42-7ea63bf88025 for containerID=#47 failed. Corresponding entry not found.
2021-08-14 14:05:28,290 [EventQueue-DeleteBlockStatusForDeletedBlockLogImpl] DEBUG block.DeletedBlockLogImpl (DeletedBlockLogImpl.java:isTransactionFailed(278)) - Got block deletion ACK from datanode, TXIDs=48, success=true
2021-08-14 14:05:28,290 [EventQueue-DeleteBlockStatusForDeletedBlockLogImpl] DEBUG block.DeletedBlockLogImpl (DeletedBlockLogImpl.java:commitTransactions(224)) - Transaction txId=48 commit by dnId=a3a688a0-b759-42a1-9d42-7ea63bf88025 for containerID=#48 failed. Corresponding entry not found.
2021-08-14 14:05:28,290 [EventQueue-DeleteBlockStatusForDeletedBlockLogImpl] DEBUG block.DeletedBlockLogImpl (DeletedBlockLogImpl.java:isTransactionFailed(278)) - Got block deletion ACK from datanode, TXIDs=49, success=true
2021-08-14 14:05:28,290 [EventQueue-DeleteBlockStatusForDeletedBlockLogImpl] DEBUG block.DeletedBlockLogImpl (DeletedBlockLogImpl.java:commitTransactions(224)) - Transaction txId=49 commit by dnId=a3a688a0-b759-42a1-9d42-7ea63bf88025 for containerID=#49 failed. Corresponding entry not found.
2021-08-14 14:05:28,290 [EventQueue-DeleteBlockStatusForDeletedBlockLogImpl] DEBUG block.DeletedBlockLogImpl (DeletedBlockLogImpl.java:isTransactionFailed(278)) - Got block deletion ACK from datanode, TXIDs=50, success=true
2021-08-14 14:05:28,291 [EventQueue-DeleteBlockStatusForDeletedBlockLogImpl] DEBUG block.DeletedBlockLogImpl (DeletedBlockLogImpl.java:commitTransactions(224)) - Transaction txId=50 commit by dnId=a3a688a0-b759-42a1-9d42-7ea63bf88025 for containerID=#50 failed. Corresponding entry not found.
2021-08-14 14:05:28,291 [EventQueue-DeleteBlockStatusForDeletedBlockLogImpl] DEBUG block.DeletedBlockLogImpl (DeletedBlockLogImpl.java:isTransactionFailed(278)) - Got block deletion ACK from datanode, TXIDs=51, success=true
2021-08-14 14:05:28,291 [EventQueue-DeleteBlockStatusForDeletedBlockLogImpl] DEBUG block.DeletedBlockLogImpl (DeletedBlockLogImpl.java:commitTransactions(224)) - Transaction txId=51 commit by dnId=a3a688a0-b759-42a1-9d42-7ea63bf88025 for containerID=#51 failed. Corresponding entry not found.
2021-08-14 14:05:28,291 [EventQueue-DeleteBlockStatusForDeletedBlockLogImpl] DEBUG block.DeletedBlockLogImpl (DeletedBlockLogImpl.java:isTransactionFailed(278)) - Got block deletion ACK from datanode, TXIDs=52, success=true
2021-08-14 14:05:28,291 [EventQueue-DeleteBlockStatusForDeletedBlockLogImpl] DEBUG block.DeletedBlockLogImpl (DeletedBlockLogImpl.java:commitTransactions(224)) - Transaction txId=52 commit by dnId=a3a688a0-b759-42a1-9d42-7ea63bf88025 for containerID=#52 failed. Corresponding entry not found.
2021-08-14 14:05:28,291 [EventQueue-DeleteBlockStatusForDeletedBlockLogImpl] DEBUG block.DeletedBlockLogImpl (DeletedBlockLogImpl.java:isTransactionFailed(278)) - Got block deletion ACK from datanode, TXIDs=53, success=true
2021-08-14 14:05:28,291 [EventQueue-DeleteBlockStatusForDeletedBlockLogImpl] DEBUG block.DeletedBlockLogImpl (DeletedBlockLogImpl.java:commitTransactions(224)) - Transaction txId=53 commit by dnId=a3a688a0-b759-42a1-9d42-7ea63bf88025 for containerID=#53 failed. Corresponding entry not found.
2021-08-14 14:05:28,291 [EventQueue-DeleteBlockStatusForDeletedBlockLogImpl] DEBUG block.DeletedBlockLogImpl (DeletedBlockLogImpl.java:isTransactionFailed(278)) - Got block deletion ACK from datanode, TXIDs=54, success=true
2021-08-14 14:05:28,291 [EventQueue-DeleteBlockStatusForDeletedBlockLogImpl] DEBUG block.DeletedBlockLogImpl (DeletedBlockLogImpl.java:commitTransactions(224)) - Transaction txId=54 commit by dnId=a3a688a0-b759-42a1-9d42-7ea63bf88025 for containerID=#54 failed. Corresponding entry not found.
2021-08-14 14:05:28,291 [EventQueue-DeleteBlockStatusForDeletedBlockLogImpl] DEBUG block.DeletedBlockLogImpl (DeletedBlockLogImpl.java:isTransactionFailed(278)) - Got block deletion ACK from datanode, TXIDs=55, success=true
2021-08-14 14:05:28,291 [EventQueue-DeleteBlockStatusForDeletedBlockLogImpl] DEBUG block.DeletedBlockLogImpl (DeletedBlockLogImpl.java:commitTransactions(224)) - Transaction txId=55 commit by dnId=a3a688a0-b759-42a1-9d42-7ea63bf88025 for containerID=#55 failed. Corresponding entry not found.
2021-08-14 14:05:28,291 [EventQueue-DeleteBlockStatusForDeletedBlockLogImpl] DEBUG block.DeletedBlockLogImpl (DeletedBlockLogImpl.java:isTransactionFailed(278)) - Got block deletion ACK from datanode, TXIDs=56, success=true
2021-08-14 14:05:28,291 [EventQueue-DeleteBlockStatusForDeletedBlockLogImpl] DEBUG block.DeletedBlockLogImpl (DeletedBlockLogImpl.java:commitTransactions(224)) - Transaction txId=56 commit by dnId=a3a688a0-b759-42a1-9d42-7ea63bf88025 for containerID=#56 failed. Corresponding entry not found.
2021-08-14 14:05:28,311 [EventQueue-DeleteBlockStatusForDeletedBlockLogImpl] DEBUG block.DeletedBlockLogImpl (DeletedBlockLogImpl.java:isTransactionFailed(278)) - Got block deletion ACK from datanode, TXIDs=19, success=true
2021-08-14 14:05:28,311 [EventQueue-DeleteBlockStatusForDeletedBlockLogImpl] DEBUG block.DeletedBlockLogImpl (DeletedBlockLogImpl.java:commitTransactions(224)) - Transaction txId=19 commit by dnId=a3a688a0-b759-42a1-9d42-7ea63bf88025 for containerID=#19 failed. Corresponding entry not found.
2021-08-14 14:05:28,311 [EventQueue-DeleteBlockStatusForDeletedBlockLogImpl] DEBUG block.DeletedBlockLogImpl (DeletedBlockLogImpl.java:isTransactionFailed(278)) - Got block deletion ACK from datanode, TXIDs=20, success=true
2021-08-14 14:05:28,312 [EventQueue-DeleteBlockStatusForDeletedBlockLogImpl] DEBUG block.DeletedBlockLogImpl (DeletedBlockLogImpl.java:commitTransactions(224)) - Transaction txId=20 commit by dnId=a3a688a0-b759-42a1-9d42-7ea63bf88025 for containerID=#20 failed. Corresponding entry not found.
2021-08-14 14:05:28,312 [EventQueue-DeleteBlockStatusForDeletedBlockLogImpl] DEBUG block.DeletedBlockLogImpl (DeletedBlockLogImpl.java:isTransactionFailed(278)) - Got block deletion ACK from datanode, TXIDs=21, success=true
2021-08-14 14:05:28,312 [EventQueue-DeleteBlockStatusForDeletedBlockLogImpl] DEBUG block.DeletedBlockLogImpl (DeletedBlockLogImpl.java:commitTransactions(224)) - Transaction txId=21 commit by dnId=a3a688a0-b759-42a1-9d42-7ea63bf88025 for containerID=#21 failed. Corresponding entry not found.
2021-08-14 14:05:28,312 [EventQueue-DeleteBlockStatusForDeletedBlockLogImpl] DEBUG block.DeletedBlockLogImpl (DeletedBlockLogImpl.java:isTransactionFailed(278)) - Got block deletion ACK from datanode, TXIDs=22, success=true
2021-08-14 14:05:28,312 [EventQueue-DeleteBlockStatusForDeletedBlockLogImpl] DEBUG block.DeletedBlockLogImpl (DeletedBlockLogImpl.java:commitTransactions(224)) - Transaction txId=22 commit by dnId=a3a688a0-b759-42a1-9d42-7ea63bf88025 for containerID=#22 failed. Corresponding entry not found.
2021-08-14 14:05:28,312 [EventQueue-DeleteBlockStatusForDeletedBlockLogImpl] DEBUG block.DeletedBlockLogImpl (DeletedBlockLogImpl.java:isTransactionFailed(278)) - Got block deletion ACK from datanode, TXIDs=23, success=true
2021-08-14 14:05:28,312 [EventQueue-DeleteBlockStatusForDeletedBlockLogImpl] DEBUG block.DeletedBlockLogImpl (DeletedBlockLogImpl.java:commitTransactions(224)) - Transaction txId=23 commit by dnId=a3a688a0-b759-42a1-9d42-7ea63bf88025 for containerID=#23 failed. Corresponding entry not found.
2021-08-14 14:05:28,312 [EventQueue-DeleteBlockStatusForDeletedBlockLogImpl] DEBUG block.DeletedBlockLogImpl (DeletedBlockLogImpl.java:isTransactionFailed(278)) - Got block deletion ACK from datanode, TXIDs=24, success=true
2021-08-14 14:05:28,312 [EventQueue-DeleteBlockStatusForDeletedBlockLogImpl] DEBUG block.DeletedBlockLogImpl (DeletedBlockLogImpl.java:commitTransactions(224)) - Transaction txId=24 commit by dnId=a3a688a0-b759-42a1-9d42-7ea63bf88025 for containerID=#24 failed. Corresponding entry not found.
2021-08-14 14:05:28,312 [EventQueue-DeleteBlockStatusForDeletedBlockLogImpl] DEBUG block.DeletedBlockLogImpl (DeletedBlockLogImpl.java:isTransactionFailed(278)) - Got block deletion ACK from datanode, TXIDs=25, success=true
2021-08-14 14:05:28,312 [EventQueue-DeleteBlockStatusForDeletedBlockLogImpl] DEBUG block.DeletedBlockLogImpl (DeletedBlockLogImpl.java:commitTransactions(224)) - Transaction txId=25 commit by dnId=a3a688a0-b759-42a1-9d42-7ea63bf88025 for containerID=#25 failed. Corresponding entry not found.
2021-08-14 14:05:28,312 [EventQueue-DeleteBlockStatusForDeletedBlockLogImpl] DEBUG block.DeletedBlockLogImpl (DeletedBlockLogImpl.java:isTransactionFailed(278)) - Got block deletion ACK from datanode, TXIDs=26, success=true
2021-08-14 14:05:28,312 [EventQueue-DeleteBlockStatusForDeletedBlockLogImpl] DEBUG block.DeletedBlockLogImpl (DeletedBlockLogImpl.java:commitTransactions(224)) - Transaction txId=26 commit by dnId=a3a688a0-b759-42a1-9d42-7ea63bf88025 for containerID=#26 failed. Corresponding entry not found.
2021-08-14 14:05:28,312 [EventQueue-DeleteBlockStatusForDeletedBlockLogImpl] DEBUG block.DeletedBlockLogImpl (DeletedBlockLogImpl.java:isTransactionFailed(278)) - Got block deletion ACK from datanode, TXIDs=27, success=true
2021-08-14 14:05:28,312 [EventQueue-DeleteBlockStatusForDeletedBlockLogImpl] DEBUG block.DeletedBlockLogImpl (DeletedBlockLogImpl.java:commitTransactions(224)) - Transaction txId=27 commit by dnId=a3a688a0-b759-42a1-9d42-7ea63bf88025 for containerID=#27 failed. Corresponding entry not found.
2021-08-14 14:05:28,312 [EventQueue-DeleteBlockStatusForDeletedBlockLogImpl] DEBUG block.DeletedBlockLogImpl (DeletedBlockLogImpl.java:isTransactionFailed(278)) - Got block deletion ACK from datanode, TXIDs=28, success=true
2021-08-14 14:05:28,312 [EventQueue-DeleteBlockStatusForDeletedBlockLogImpl] DEBUG block.DeletedBlockLogImpl (DeletedBlockLogImpl.java:commitTransactions(224)) - Transaction txId=28 commit by dnId=a3a688a0-b759-42a1-9d42-7ea63bf88025 for containerID=#28 failed. Corresponding entry not found.
2021-08-14 14:05:28,312 [EventQueue-DeleteBlockStatusForDeletedBlockLogImpl] DEBUG block.DeletedBlockLogImpl (DeletedBlockLogImpl.java:isTransactionFailed(278)) - Got block deletion ACK from datanode, TXIDs=29, success=true
2021-08-14 14:05:28,312 [EventQueue-DeleteBlockStatusForDeletedBlockLogImpl] DEBUG block.DeletedBlockLogImpl (DeletedBlockLogImpl.java:commitTransactions(224)) - Transaction txId=29 commit by dnId=a3a688a0-b759-42a1-9d42-7ea63bf88025 for containerID=#29 failed. Corresponding entry not found.
2021-08-14 14:05:28,312 [EventQueue-DeleteBlockStatusForDeletedBlockLogImpl] DEBUG block.DeletedBlockLogImpl (DeletedBlockLogImpl.java:isTransactionFailed(278)) - Got block deletion ACK from datanode, TXIDs=30, success=true
2021-08-14 14:05:28,312 [EventQueue-DeleteBlockStatusForDeletedBlockLogImpl] DEBUG block.DeletedBlockLogImpl (DeletedBlockLogImpl.java:commitTransactions(224)) - Transaction txId=30 commit by dnId=a3a688a0-b759-42a1-9d42-7ea63bf88025 for containerID=#30 failed. Corresponding entry not found.
2021-08-14 14:05:28,312 [EventQueue-DeleteBlockStatusForDeletedBlockLogImpl] DEBUG block.DeletedBlockLogImpl (DeletedBlockLogImpl.java:isTransactionFailed(278)) - Got block deletion ACK from datanode, TXIDs=31, success=true
2021-08-14 14:05:28,312 [EventQueue-DeleteBlockStatusForDeletedBlockLogImpl] DEBUG block.DeletedBlockLogImpl (DeletedBlockLogImpl.java:commitTransactions(224)) - Transaction txId=31 commit by dnId=a3a688a0-b759-42a1-9d42-7ea63bf88025 for containerID=#31 failed. Corresponding entry not found.
2021-08-14 14:05:28,312 [EventQueue-DeleteBlockStatusForDeletedBlockLogImpl] DEBUG block.DeletedBlockLogImpl (DeletedBlockLogImpl.java:isTransactionFailed(278)) - Got block deletion ACK from datanode, TXIDs=32, success=true
2021-08-14 14:05:28,312 [EventQueue-DeleteBlockStatusForDeletedBlockLogImpl] DEBUG block.DeletedBlockLogImpl (DeletedBlockLogImpl.java:commitTransactions(224)) - Transaction txId=32 commit by dnId=a3a688a0-b759-42a1-9d42-7ea63bf88025 for containerID=#32 failed. Corresponding entry not found.
2021-08-14 14:05:28,313 [EventQueue-DeleteBlockStatusForDeletedBlockLogImpl] DEBUG block.DeletedBlockLogImpl (DeletedBlockLogImpl.java:isTransactionFailed(278)) - Got block deletion ACK from datanode, TXIDs=33, success=true
2021-08-14 14:05:28,313 [EventQueue-DeleteBlockStatusForDeletedBlockLogImpl] DEBUG block.DeletedBlockLogImpl (DeletedBlockLogImpl.java:commitTransactions(224)) - Transaction txId=33 commit by dnId=a3a688a0-b759-42a1-9d42-7ea63bf88025 for containerID=#33 failed. Corresponding entry not found.
2021-08-14 14:05:28,313 [EventQueue-DeleteBlockStatusForDeletedBlockLogImpl] DEBUG block.DeletedBlockLogImpl (DeletedBlockLogImpl.java:isTransactionFailed(278)) - Got block deletion ACK from datanode, TXIDs=34, success=true
2021-08-14 14:05:28,313 [EventQueue-DeleteBlockStatusForDeletedBlockLogImpl] DEBUG block.DeletedBlockLogImpl (DeletedBlockLogImpl.java:commitTransactions(224)) - Transaction txId=34 commit by dnId=a3a688a0-b759-42a1-9d42-7ea63bf88025 for containerID=#34 failed. Corresponding entry not found.
2021-08-14 14:05:28,313 [EventQueue-DeleteBlockStatusForDeletedBlockLogImpl] DEBUG block.DeletedBlockLogImpl (DeletedBlockLogImpl.java:isTransactionFailed(278)) - Got block deletion ACK from datanode, TXIDs=35, success=true
2021-08-14 14:05:28,313 [EventQueue-DeleteBlockStatusForDeletedBlockLogImpl] DEBUG block.DeletedBlockLogImpl (DeletedBlockLogImpl.java:commitTransactions(224)) - Transaction txId=35 commit by dnId=a3a688a0-b759-42a1-9d42-7ea63bf88025 for containerID=#35 failed. Corresponding entry not found.
2021-08-14 14:05:28,313 [EventQueue-DeleteBlockStatusForDeletedBlockLogImpl] DEBUG block.DeletedBlockLogImpl (DeletedBlockLogImpl.java:isTransactionFailed(278)) - Got block deletion ACK from datanode, TXIDs=36, success=true
2021-08-14 14:05:28,314 [EventQueue-DeleteBlockStatusForDeletedBlockLogImpl] DEBUG block.DeletedBlockLogImpl (DeletedBlockLogImpl.java:commitTransactions(224)) - Transaction txId=36 commit by dnId=a3a688a0-b759-42a1-9d42-7ea63bf88025 for containerID=#36 failed. Corresponding entry not found.
2021-08-14 14:05:28,315 [EventQueue-DeleteBlockStatusForDeletedBlockLogImpl] DEBUG block.DeletedBlockLogImpl (DeletedBlockLogImpl.java:isTransactionFailed(278)) - Got block deletion ACK from datanode, TXIDs=37, success=true
2021-08-14 14:05:28,315 [EventQueue-DeleteBlockStatusForDeletedBlockLogImpl] DEBUG block.DeletedBlockLogImpl (DeletedBlockLogImpl.java:commitTransactions(224)) - Transaction txId=37 commit by dnId=a3a688a0-b759-42a1-9d42-7ea63bf88025 for containerID=#37 failed. Corresponding entry not found.
2021-08-14 14:05:28,315 [EventQueue-DeleteBlockStatusForDeletedBlockLogImpl] DEBUG block.DeletedBlockLogImpl (DeletedBlockLogImpl.java:isTransactionFailed(278)) - Got block deletion ACK from datanode, TXIDs=38, success=true
2021-08-14 14:05:28,315 [EventQueue-DeleteBlockStatusForDeletedBlockLogImpl] DEBUG block.DeletedBlockLogImpl (DeletedBlockLogImpl.java:commitTransactions(224)) - Transaction txId=38 commit by dnId=a3a688a0-b759-42a1-9d42-7ea63bf88025 for containerID=#38 failed. Corresponding entry not found.
2021-08-14 14:05:28,315 [EventQueue-DeleteBlockStatusForDeletedBlockLogImpl] DEBUG block.DeletedBlockLogImpl (DeletedBlockLogImpl.java:isTransactionFailed(278)) - Got block deletion ACK from datanode, TXIDs=39, success=true
2021-08-14 14:05:28,315 [EventQueue-DeleteBlockStatusForDeletedBlockLogImpl] DEBUG block.DeletedBlockLogImpl (DeletedBlockLogImpl.java:commitTransactions(224)) - Transaction txId=39 commit by dnId=a3a688a0-b759-42a1-9d42-7ea63bf88025 for containerID=#39 failed. Corresponding entry not found.
2021-08-14 14:05:28,315 [EventQueue-DeleteBlockStatusForDeletedBlockLogImpl] DEBUG block.DeletedBlockLogImpl (DeletedBlockLogImpl.java:isTransactionFailed(278)) - Got block deletion ACK from datanode, TXIDs=40, success=true
2021-08-14 14:05:28,315 [EventQueue-DeleteBlockStatusForDeletedBlockLogImpl] DEBUG block.DeletedBlockLogImpl (DeletedBlockLogImpl.java:commitTransactions(224)) - Transaction txId=40 commit by dnId=a3a688a0-b759-42a1-9d42-7ea63bf88025 for containerID=#40 failed. Corresponding entry not found.
2021-08-14 14:05:28,315 [EventQueue-DeleteBlockStatusForDeletedBlockLogImpl] DEBUG block.DeletedBlockLogImpl (DeletedBlockLogImpl.java:isTransactionFailed(278)) - Got block deletion ACK from datanode, TXIDs=41, success=true
2021-08-14 14:05:28,315 [EventQueue-DeleteBlockStatusForDeletedBlockLogImpl] DEBUG block.DeletedBlockLogImpl (DeletedBlockLogImpl.java:commitTransactions(224)) - Transaction txId=41 commit by dnId=a3a688a0-b759-42a1-9d42-7ea63bf88025 for containerID=#41 failed. Corresponding entry not found.
2021-08-14 14:05:28,315 [EventQueue-DeleteBlockStatusForDeletedBlockLogImpl] DEBUG block.DeletedBlockLogImpl (DeletedBlockLogImpl.java:isTransactionFailed(278)) - Got block deletion ACK from datanode, TXIDs=42, success=true
2021-08-14 14:05:28,315 [EventQueue-DeleteBlockStatusForDeletedBlockLogImpl] DEBUG block.DeletedBlockLogImpl (DeletedBlockLogImpl.java:commitTransactions(224)) - Transaction txId=42 commit by dnId=a3a688a0-b759-42a1-9d42-7ea63bf88025 for containerID=#42 failed. Corresponding entry not found.
2021-08-14 14:05:28,315 [EventQueue-DeleteBlockStatusForDeletedBlockLogImpl] DEBUG block.DeletedBlockLogImpl (DeletedBlockLogImpl.java:isTransactionFailed(278)) - Got block deletion ACK from datanode, TXIDs=43, success=true
2021-08-14 14:05:28,315 [EventQueue-DeleteBlockStatusForDeletedBlockLogImpl] DEBUG block.DeletedBlockLogImpl (DeletedBlockLogImpl.java:commitTransactions(224)) - Transaction txId=43 commit by dnId=a3a688a0-b759-42a1-9d42-7ea63bf88025 for containerID=#43 failed. Corresponding entry not found.
2021-08-14 14:05:28,315 [EventQueue-DeleteBlockStatusForDeletedBlockLogImpl] DEBUG block.DeletedBlockLogImpl (DeletedBlockLogImpl.java:isTransactionFailed(278)) - Got block deletion ACK from datanode, TXIDs=44, success=true
2021-08-14 14:05:28,315 [EventQueue-DeleteBlockStatusForDeletedBlockLogImpl] DEBUG block.DeletedBlockLogImpl (DeletedBlockLogImpl.java:commitTransactions(224)) - Transaction txId=44 commit by dnId=a3a688a0-b759-42a1-9d42-7ea63bf88025 for containerID=#44 failed. Corresponding entry not found.
2021-08-14 14:05:28,318 [EventQueue-DeleteBlockStatusForDeletedBlockLogImpl] DEBUG block.DeletedBlockLogImpl (DeletedBlockLogImpl.java:isTransactionFailed(278)) - Got block deletion ACK from datanode, TXIDs=45, success=true
2021-08-14 14:05:28,318 [EventQueue-DeleteBlockStatusForDeletedBlockLogImpl] DEBUG block.DeletedBlockLogImpl (DeletedBlockLogImpl.java:commitTransactions(224)) - Transaction txId=45 commit by dnId=a3a688a0-b759-42a1-9d42-7ea63bf88025 for containerID=#45 failed. Corresponding entry not found.
2021-08-14 14:05:28,318 [EventQueue-DeleteBlockStatusForDeletedBlockLogImpl] DEBUG block.DeletedBlockLogImpl (DeletedBlockLogImpl.java:isTransactionFailed(278)) - Got block deletion ACK from datanode, TXIDs=46, success=true
2021-08-14 14:05:28,318 [EventQueue-DeleteBlockStatusForDeletedBlockLogImpl] DEBUG block.DeletedBlockLogImpl (DeletedBlockLogImpl.java:commitTransactions(224)) - Transaction txId=46 commit by dnId=a3a688a0-b759-42a1-9d42-7ea63bf88025 for containerID=#46 failed. Corresponding entry not found.
2021-08-14 14:05:28,318 [EventQueue-DeleteBlockStatusForDeletedBlockLogImpl] DEBUG block.DeletedBlockLogImpl (DeletedBlockLogImpl.java:isTransactionFailed(278)) - Got block deletion ACK from datanode, TXIDs=47, success=true
2021-08-14 14:05:28,318 [EventQueue-DeleteBlockStatusForDeletedBlockLogImpl] DEBUG block.DeletedBlockLogImpl (DeletedBlockLogImpl.java:commitTransactions(224)) - Transaction txId=47 commit by dnId=a3a688a0-b759-42a1-9d42-7ea63bf88025 for containerID=#47 failed. Corresponding entry not found.
2021-08-14 14:05:28,318 [EventQueue-DeleteBlockStatusForDeletedBlockLogImpl] DEBUG block.DeletedBlockLogImpl (DeletedBlockLogImpl.java:isTransactionFailed(278)) - Got block deletion ACK from datanode, TXIDs=48, success=true
2021-08-14 14:05:28,318 [EventQueue-DeleteBlockStatusForDeletedBlockLogImpl] DEBUG block.DeletedBlockLogImpl (DeletedBlockLogImpl.java:commitTransactions(224)) - Transaction txId=48 commit by dnId=a3a688a0-b759-42a1-9d42-7ea63bf88025 for containerID=#48 failed. Corresponding entry not found.
2021-08-14 14:05:28,318 [EventQueue-DeleteBlockStatusForDeletedBlockLogImpl] DEBUG block.DeletedBlockLogImpl (DeletedBlockLogImpl.java:isTransactionFailed(278)) - Got block deletion ACK from datanode, TXIDs=49, success=true
2021-08-14 14:05:28,318 [EventQueue-DeleteBlockStatusForDeletedBlockLogImpl] DEBUG block.DeletedBlockLogImpl (DeletedBlockLogImpl.java:commitTransactions(224)) - Transaction txId=49 commit by dnId=a3a688a0-b759-42a1-9d42-7ea63bf88025 for containerID=#49 failed. Corresponding entry not found.
2021-08-14 14:05:28,318 [EventQueue-DeleteBlockStatusForDeletedBlockLogImpl] DEBUG block.DeletedBlockLogImpl (DeletedBlockLogImpl.java:isTransactionFailed(278)) - Got block deletion ACK from datanode, TXIDs=50, success=true
2021-08-14 14:05:28,318 [EventQueue-DeleteBlockStatusForDeletedBlockLogImpl] DEBUG block.DeletedBlockLogImpl (DeletedBlockLogImpl.java:commitTransactions(224)) - Transaction txId=50 commit by dnId=a3a688a0-b759-42a1-9d42-7ea63bf88025 for containerID=#50 failed. Corresponding entry not found.
2021-08-14 14:05:28,318 [EventQueue-DeleteBlockStatusForDeletedBlockLogImpl] DEBUG block.DeletedBlockLogImpl (DeletedBlockLogImpl.java:isTransactionFailed(278)) - Got block deletion ACK from datanode, TXIDs=51, success=true
2021-08-14 14:05:28,319 [EventQueue-DeleteBlockStatusForDeletedBlockLogImpl] DEBUG block.DeletedBlockLogImpl (DeletedBlockLogImpl.java:commitTransactions(224)) - Transaction txId=51 commit by dnId=a3a688a0-b759-42a1-9d42-7ea63bf88025 for containerID=#51 failed. Corresponding entry not found.
2021-08-14 14:05:28,319 [EventQueue-DeleteBlockStatusForDeletedBlockLogImpl] DEBUG block.DeletedBlockLogImpl (DeletedBlockLogImpl.java:isTransactionFailed(278)) - Got block deletion ACK from datanode, TXIDs=52, success=true
2021-08-14 14:05:28,319 [EventQueue-DeleteBlockStatusForDeletedBlockLogImpl] DEBUG block.DeletedBlockLogImpl (DeletedBlockLogImpl.java:commitTransactions(224)) - Transaction txId=52 commit by dnId=a3a688a0-b759-42a1-9d42-7ea63bf88025 for containerID=#52 failed. Corresponding entry not found.
2021-08-14 14:05:28,319 [EventQueue-DeleteBlockStatusForDeletedBlockLogImpl] DEBUG block.DeletedBlockLogImpl (DeletedBlockLogImpl.java:isTransactionFailed(278)) - Got block deletion ACK from datanode, TXIDs=53, success=true
2021-08-14 14:05:28,319 [EventQueue-DeleteBlockStatusForDeletedBlockLogImpl] DEBUG block.DeletedBlockLogImpl (DeletedBlockLogImpl.java:commitTransactions(224)) - Transaction txId=53 commit by dnId=a3a688a0-b759-42a1-9d42-7ea63bf88025 for containerID=#53 failed. Corresponding entry not found.
2021-08-14 14:05:28,319 [EventQueue-DeleteBlockStatusForDeletedBlockLogImpl] DEBUG block.DeletedBlockLogImpl (DeletedBlockLogImpl.java:isTransactionFailed(278)) - Got block deletion ACK from datanode, TXIDs=54, success=true
2021-08-14 14:05:28,319 [EventQueue-DeleteBlockStatusForDeletedBlockLogImpl] DEBUG block.DeletedBlockLogImpl (DeletedBlockLogImpl.java:commitTransactions(224)) - Transaction txId=54 commit by dnId=a3a688a0-b759-42a1-9d42-7ea63bf88025 for containerID=#54 failed. Corresponding entry not found.
2021-08-14 14:05:28,319 [EventQueue-DeleteBlockStatusForDeletedBlockLogImpl] DEBUG block.DeletedBlockLogImpl (DeletedBlockLogImpl.java:isTransactionFailed(278)) - Got block deletion ACK from datanode, TXIDs=55, success=true
2021-08-14 14:05:28,319 [EventQueue-DeleteBlockStatusForDeletedBlockLogImpl] DEBUG block.DeletedBlockLogImpl (DeletedBlockLogImpl.java:commitTransactions(224)) - Transaction txId=55 commit by dnId=a3a688a0-b759-42a1-9d42-7ea63bf88025 for containerID=#55 failed. Corresponding entry not found.
2021-08-14 14:05:28,319 [EventQueue-DeleteBlockStatusForDeletedBlockLogImpl] DEBUG block.DeletedBlockLogImpl (DeletedBlockLogImpl.java:isTransactionFailed(278)) - Got block deletion ACK from datanode, TXIDs=56, success=true
2021-08-14 14:05:28,319 [EventQueue-DeleteBlockStatusForDeletedBlockLogImpl] DEBUG block.DeletedBlockLogImpl (DeletedBlockLogImpl.java:commitTransactions(224)) - Transaction txId=56 commit by dnId=a3a688a0-b759-42a1-9d42-7ea63bf88025 for containerID=#56 failed. Corresponding entry not found.
2021-08-14 14:05:28,387 [SCMBlockDeletingService#0] DEBUG block.SCMBlockDeletingService (SCMBlockDeletingService.java:call(133)) - Running DeletedBlockTransactionScanner
2021-08-14 14:05:28,488 [SCMBlockDeletingService#0] DEBUG block.SCMBlockDeletingService (SCMBlockDeletingService.java:call(133)) - Running DeletedBlockTransactionScanner
2021-08-14 14:05:28,588 [SCMBlockDeletingService#0] DEBUG block.SCMBlockDeletingService (SCMBlockDeletingService.java:call(133)) - Running DeletedBlockTransactionScanner
2021-08-14 14:05:28,688 [org.apache.hadoop.ozone.container.common.statemachine.commandhandler.DeleteBlocksCommandHandler$DeleteCmdWorker@34ef29c5] INFO  commandhandler.DeleteBlocksCommandHandler (DeleteBlocksCommandHandler.java:processCmd(261)) - Start to delete container blocks, TXIDs=[1(0),2(0),3(0),4(0),5(0),6(0),7(0),8(0),9(0),10(0),11(0),12(0),13(0),14(0),15(0),16(0),17(0),18(0),19(0),20(0),21(0),22(0),23(0),24(0),25(0),26(0),27(0),28(0),29(0),30(0),31(0),32(0),33(0),34(0),35(0),36(0),37(0),38(0),39(0),40(0),41(0),42(0),43(0),44(0),45(0),46(0),47(0),48(0),49(0),50(0),51(0),52(0),53(0),54(0),55(0),56(0)], numOfContainers=56, numOfBlocks=56
2021-08-14 14:05:28,688 [SCMBlockDeletingService#0] DEBUG block.SCMBlockDeletingService (SCMBlockDeletingService.java:call(133)) - Running DeletedBlockTransactionScanner
2021-08-14 14:05:28,688 [org.apache.hadoop.ozone.container.common.statemachine.commandhandler.DeleteBlocksCommandHandler$DeleteCmdWorker@34ef29c5] INFO  commandhandler.DeleteBlocksCommandHandler (DeleteBlocksCommandHandler.java:processCmd(261)) - Start to delete container blocks, TXIDs=[1(0),2(0),3(0),4(0),5(0),6(0),7(0),8(0),9(0),10(0),11(0),12(0),13(0),14(0),15(0),16(0),17(0),18(0),19(0),20(0),21(0),22(0),23(0),24(0),25(0),26(0),27(0),28(0),29(0),30(0),31(0),32(0),33(0),34(0),35(0),36(0),37(0),38(0),39(0),40(0),41(0),42(0),43(0),44(0),45(0),46(0),47(0),48(0),49(0),50(0),51(0),52(0),53(0),54(0),55(0),56(0)], numOfContainers=56, numOfBlocks=56
2021-08-14 14:05:28,697 [org.apache.hadoop.ozone.container.common.statemachine.commandhandler.DeleteBlocksCommandHandler$DeleteCmdWorker@34ef29c5] INFO  commandhandler.DeleteBlocksCommandHandler (DeleteBlocksCommandHandler.java:processCmd(261)) - Start to delete container blocks, TXIDs=[1(0),2(0),3(0),4(0),5(0),6(0),7(0),8(0),9(0),10(0),11(0),12(0),13(0),14(0),15(0),16(0),17(0),18(0),19(0),20(0),21(0),22(0),23(0),24(0),25(0),26(0),27(0),28(0),29(0),30(0),31(0),32(0),33(0),34(0),35(0),36(0),37(0),38(0),39(0),40(0),41(0),42(0),43(0),44(0),45(0),46(0),47(0),48(0),49(0),50(0),51(0),52(0),53(0),54(0),55(0),56(0)], numOfContainers=56, numOfBlocks=56
2021-08-14 14:05:28,697 [org.apache.hadoop.ozone.container.common.statemachine.commandhandler.DeleteBlocksCommandHandler$DeleteCmdWorker@34ef29c5] INFO  commandhandler.DeleteBlocksCommandHandler (DeleteBlocksCommandHandler.java:processCmd(261)) - Start to delete container blocks, TXIDs=[1(0),2(0),3(0),4(0),5(0),6(0),7(0),8(0),9(0),10(0),11(0),12(0),13(0),14(0),15(0),16(0),17(0),18(0),19(0),20(0),21(0),22(0),23(0),24(0),25(0),26(0),27(0),28(0),29(0),30(0),31(0),32(0),33(0),34(0),35(0),36(0),37(0),38(0),39(0),40(0),41(0),42(0),43(0),44(0),45(0),46(0),47(0),48(0),49(0),50(0),51(0),52(0),53(0),54(0),55(0),56(0)], numOfContainers=56, numOfBlocks=56
2021-08-14 14:05:28,697 [org.apache.hadoop.ozone.container.common.statemachine.commandhandler.DeleteBlocksCommandHandler$DeleteCmdWorker@34ef29c5] INFO  commandhandler.DeleteBlocksCommandHandler (DeleteBlocksCommandHandler.java:processCmd(261)) - Start to delete container blocks, TXIDs=[1(0),2(0),3(0),4(0),5(0),6(0),7(0),8(0),9(0),10(0),11(0),12(0),13(0),14(0),15(0),16(0),17(0),18(0),19(0),20(0),21(0),22(0),23(0),24(0),25(0),26(0),27(0),28(0),29(0),30(0),31(0),32(0),33(0),34(0),35(0),36(0),37(0),38(0),39(0),40(0),41(0),42(0),43(0),44(0),45(0),46(0),47(0),48(0),49(0),50(0),51(0),52(0),53(0),54(0),55(0),56(0)], numOfContainers=56, numOfBlocks=56
2021-08-14 14:05:28,698 [org.apache.hadoop.ozone.container.common.statemachine.commandhandler.DeleteBlocksCommandHandler$DeleteCmdWorker@34ef29c5] INFO  commandhandler.DeleteBlocksCommandHandler (DeleteBlocksCommandHandler.java:processCmd(261)) - Start to delete container blocks, TXIDs=[1(0),2(0),3(0),4(0),5(0),6(0),7(0),8(0),9(0),10(0),11(0),12(0),13(0),14(0),15(0),16(0),17(0),18(0),19(0),20(0),21(0),22(0),23(0),24(0),25(0),26(0),27(0),28(0),29(0),30(0),31(0),32(0),33(0),34(0),35(0),36(0),37(0),38(0),39(0),40(0),41(0),42(0),43(0),44(0),45(0),46(0),47(0),48(0),49(0),50(0),51(0),52(0),53(0),54(0),55(0),56(0)], numOfContainers=56, numOfBlocks=56
2021-08-14 14:05:28,698 [org.apache.hadoop.ozone.container.common.statemachine.commandhandler.DeleteBlocksCommandHandler$DeleteCmdWorker@34ef29c5] INFO  commandhandler.DeleteBlocksCommandHandler (DeleteBlocksCommandHandler.java:processCmd(261)) - Start to delete container blocks, TXIDs=[1(0),2(0),3(0),4(0),5(0),6(0),7(0),8(0),9(0),10(0),11(0),12(0),13(0),14(0),15(0),16(0),17(0),18(0),19(0),20(0),21(0),22(0),23(0),24(0),25(0),26(0),27(0),28(0),29(0),30(0),31(0),32(0),33(0),34(0),35(0),36(0),37(0),38(0),39(0),40(0),41(0),42(0),43(0),44(0),45(0),46(0),47(0),48(0),49(0),50(0),51(0),52(0),53(0),54(0),55(0),56(0)], numOfContainers=56, numOfBlocks=56
2021-08-14 14:05:28,698 [org.apache.hadoop.ozone.container.common.statemachine.commandhandler.DeleteBlocksCommandHandler$DeleteCmdWorker@34ef29c5] INFO  commandhandler.DeleteBlocksCommandHandler (DeleteBlocksCommandHandler.java:processCmd(261)) - Start to delete container blocks, TXIDs=[1(0),2(0),3(0),4(0),5(0),6(0),7(0),8(0),9(0),10(0),11(0),12(0),13(0),14(0),15(0),16(0),17(0),18(0),19(0),20(0),21(0),22(0),23(0),24(0),25(0),26(0),27(0),28(0),29(0),30(0),31(0),32(0),33(0),34(0),35(0),36(0),37(0),38(0),39(0),40(0),41(0),42(0),43(0),44(0),45(0),46(0),47(0),48(0),49(0),50(0),51(0),52(0),53(0),54(0),55(0),56(0)], numOfContainers=56, numOfBlocks=56
2021-08-14 14:05:28,788 [SCMBlockDeletingService#0] DEBUG block.SCMBlockDeletingService (SCMBlockDeletingService.java:call(133)) - Running DeletedBlockTransactionScanner
2021-08-14 14:05:28,888 [SCMBlockDeletingService#0] DEBUG block.SCMBlockDeletingService (SCMBlockDeletingService.java:call(133)) - Running DeletedBlockTransactionScanner
2021-08-14 14:05:28,988 [SCMBlockDeletingService#0] DEBUG block.SCMBlockDeletingService (SCMBlockDeletingService.java:call(133)) - Running DeletedBlockTransactionScanner
2021-08-14 14:05:29,003 [EventQueue-DeleteBlockStatusForDeletedBlockLogImpl] DEBUG block.DeletedBlockLogImpl (DeletedBlockLogImpl.java:isTransactionFailed(278)) - Got block deletion ACK from datanode, TXIDs=1, success=true
2021-08-14 14:05:29,016 [EventQueue-DeleteBlockStatusForDeletedBlockLogImpl] DEBUG block.DeletedBlockLogImpl (DeletedBlockLogImpl.java:commitTransactions(224)) - Transaction txId=1 commit by dnId=e5d3e9d3-1367-47eb-ad7f-372895a70f55 for containerID=#1 failed. Corresponding entry not found.
2021-08-14 14:05:29,016 [EventQueue-DeleteBlockStatusForDeletedBlockLogImpl] DEBUG block.DeletedBlockLogImpl (DeletedBlockLogImpl.java:isTransactionFailed(278)) - Got block deletion ACK from datanode, TXIDs=2, success=true
2021-08-14 14:05:29,016 [EventQueue-DeleteBlockStatusForDeletedBlockLogImpl] DEBUG block.DeletedBlockLogImpl (DeletedBlockLogImpl.java:commitTransactions(224)) - Transaction txId=2 commit by dnId=e5d3e9d3-1367-47eb-ad7f-372895a70f55 for containerID=#2 failed. Corresponding entry not found.
2021-08-14 14:05:29,016 [EventQueue-DeleteBlockStatusForDeletedBlockLogImpl] DEBUG block.DeletedBlockLogImpl (DeletedBlockLogImpl.java:isTransactionFailed(278)) - Got block deletion ACK from datanode, TXIDs=3, success=true
2021-08-14 14:05:29,016 [EventQueue-DeleteBlockStatusForDeletedBlockLogImpl] DEBUG block.DeletedBlockLogImpl (DeletedBlockLogImpl.java:commitTransactions(224)) - Transaction txId=3 commit by dnId=e5d3e9d3-1367-47eb-ad7f-372895a70f55 for containerID=#3 failed. Corresponding entry not found.
2021-08-14 14:05:29,017 [EventQueue-DeleteBlockStatusForDeletedBlockLogImpl] DEBUG block.DeletedBlockLogImpl (DeletedBlockLogImpl.java:isTransactionFailed(278)) - Got block deletion ACK from datanode, TXIDs=4, success=true
2021-08-14 14:05:29,017 [EventQueue-DeleteBlockStatusForDeletedBlockLogImpl] DEBUG block.DeletedBlockLogImpl (DeletedBlockLogImpl.java:commitTransactions(224)) - Transaction txId=4 commit by dnId=e5d3e9d3-1367-47eb-ad7f-372895a70f55 for containerID=#4 failed. Corresponding entry not found.
2021-08-14 14:05:29,017 [EventQueue-DeleteBlockStatusForDeletedBlockLogImpl] DEBUG block.DeletedBlockLogImpl (DeletedBlockLogImpl.java:isTransactionFailed(278)) - Got block deletion ACK from datanode, TXIDs=5, success=true
2021-08-14 14:05:29,017 [EventQueue-DeleteBlockStatusForDeletedBlockLogImpl] DEBUG block.DeletedBlockLogImpl (DeletedBlockLogImpl.java:commitTransactions(224)) - Transaction txId=5 commit by dnId=e5d3e9d3-1367-47eb-ad7f-372895a70f55 for containerID=#5 failed. Corresponding entry not found.
2021-08-14 14:05:29,017 [EventQueue-DeleteBlockStatusForDeletedBlockLogImpl] DEBUG block.DeletedBlockLogImpl (DeletedBlockLogImpl.java:isTransactionFailed(278)) - Got block deletion ACK from datanode, TXIDs=6, success=true
2021-08-14 14:05:29,017 [EventQueue-DeleteBlockStatusForDeletedBlockLogImpl] DEBUG block.DeletedBlockLogImpl (DeletedBlockLogImpl.java:commitTransactions(224)) - Transaction txId=6 commit by dnId=e5d3e9d3-1367-47eb-ad7f-372895a70f55 for containerID=#6 failed. Corresponding entry not found.
2021-08-14 14:05:29,017 [EventQueue-DeleteBlockStatusForDeletedBlockLogImpl] DEBUG block.DeletedBlockLogImpl (DeletedBlockLogImpl.java:isTransactionFailed(278)) - Got block deletion ACK from datanode, TXIDs=7, success=true
2021-08-14 14:05:29,017 [EventQueue-DeleteBlockStatusForDeletedBlockLogImpl] DEBUG block.DeletedBlockLogImpl (DeletedBlockLogImpl.java:commitTransactions(224)) - Transaction txId=7 commit by dnId=e5d3e9d3-1367-47eb-ad7f-372895a70f55 for containerID=#7 failed. Corresponding entry not found.
2021-08-14 14:05:29,017 [EventQueue-DeleteBlockStatusForDeletedBlockLogImpl] DEBUG block.DeletedBlockLogImpl (DeletedBlockLogImpl.java:isTransactionFailed(278)) - Got block deletion ACK from datanode, TXIDs=8, success=true
2021-08-14 14:05:29,017 [EventQueue-DeleteBlockStatusForDeletedBlockLogImpl] DEBUG block.DeletedBlockLogImpl (DeletedBlockLogImpl.java:commitTransactions(224)) - Transaction txId=8 commit by dnId=e5d3e9d3-1367-47eb-ad7f-372895a70f55 for containerID=#8 failed. Corresponding entry not found.
2021-08-14 14:05:29,017 [EventQueue-DeleteBlockStatusForDeletedBlockLogImpl] DEBUG block.DeletedBlockLogImpl (DeletedBlockLogImpl.java:isTransactionFailed(278)) - Got block deletion ACK from datanode, TXIDs=9, success=true
2021-08-14 14:05:29,017 [EventQueue-DeleteBlockStatusForDeletedBlockLogImpl] DEBUG block.DeletedBlockLogImpl (DeletedBlockLogImpl.java:commitTransactions(224)) - Transaction txId=9 commit by dnId=e5d3e9d3-1367-47eb-ad7f-372895a70f55 for containerID=#9 failed. Corresponding entry not found.
2021-08-14 14:05:29,017 [EventQueue-DeleteBlockStatusForDeletedBlockLogImpl] DEBUG block.DeletedBlockLogImpl (DeletedBlockLogImpl.java:isTransactionFailed(278)) - Got block deletion ACK from datanode, TXIDs=10, success=true
2021-08-14 14:05:29,017 [EventQueue-DeleteBlockStatusForDeletedBlockLogImpl] DEBUG block.DeletedBlockLogImpl (DeletedBlockLogImpl.java:commitTransactions(224)) - Transaction txId=10 commit by dnId=e5d3e9d3-1367-47eb-ad7f-372895a70f55 for containerID=#10 failed. Corresponding entry not found.
2021-08-14 14:05:29,017 [EventQueue-DeleteBlockStatusForDeletedBlockLogImpl] DEBUG block.DeletedBlockLogImpl (DeletedBlockLogImpl.java:isTransactionFailed(278)) - Got block deletion ACK from datanode, TXIDs=11, success=true
2021-08-14 14:05:29,017 [EventQueue-DeleteBlockStatusForDeletedBlockLogImpl] DEBUG block.DeletedBlockLogImpl (DeletedBlockLogImpl.java:commitTransactions(224)) - Transaction txId=11 commit by dnId=e5d3e9d3-1367-47eb-ad7f-372895a70f55 for containerID=#11 failed. Corresponding entry not found.
2021-08-14 14:05:29,017 [EventQueue-DeleteBlockStatusForDeletedBlockLogImpl] DEBUG block.DeletedBlockLogImpl (DeletedBlockLogImpl.java:isTransactionFailed(278)) - Got block deletion ACK from datanode, TXIDs=12, success=true
2021-08-14 14:05:29,017 [EventQueue-DeleteBlockStatusForDeletedBlockLogImpl] DEBUG block.DeletedBlockLogImpl (DeletedBlockLogImpl.java:commitTransactions(224)) - Transaction txId=12 commit by dnId=e5d3e9d3-1367-47eb-ad7f-372895a70f55 for containerID=#12 failed. Corresponding entry not found.
2021-08-14 14:05:29,017 [EventQueue-DeleteBlockStatusForDeletedBlockLogImpl] DEBUG block.DeletedBlockLogImpl (DeletedBlockLogImpl.java:isTransactionFailed(278)) - Got block deletion ACK from datanode, TXIDs=13, success=true
2021-08-14 14:05:29,017 [EventQueue-DeleteBlockStatusForDeletedBlockLogImpl] DEBUG block.DeletedBlockLogImpl (DeletedBlockLogImpl.java:commitTransactions(224)) - Transaction txId=13 commit by dnId=e5d3e9d3-1367-47eb-ad7f-372895a70f55 for containerID=#13 failed. Corresponding entry not found.
2021-08-14 14:05:29,017 [EventQueue-DeleteBlockStatusForDeletedBlockLogImpl] DEBUG block.DeletedBlockLogImpl (DeletedBlockLogImpl.java:isTransactionFailed(278)) - Got block deletion ACK from datanode, TXIDs=14, success=true
2021-08-14 14:05:29,017 [EventQueue-DeleteBlockStatusForDeletedBlockLogImpl] DEBUG block.DeletedBlockLogImpl (DeletedBlockLogImpl.java:commitTransactions(224)) - Transaction txId=14 commit by dnId=e5d3e9d3-1367-47eb-ad7f-372895a70f55 for containerID=#14 failed. Corresponding entry not found.
2021-08-14 14:05:29,017 [EventQueue-DeleteBlockStatusForDeletedBlockLogImpl] DEBUG block.DeletedBlockLogImpl (DeletedBlockLogImpl.java:isTransactionFailed(278)) - Got block deletion ACK from datanode, TXIDs=15, success=true
2021-08-14 14:05:29,017 [EventQueue-DeleteBlockStatusForDeletedBlockLogImpl] DEBUG block.DeletedBlockLogImpl (DeletedBlockLogImpl.java:commitTransactions(224)) - Transaction txId=15 commit by dnId=e5d3e9d3-1367-47eb-ad7f-372895a70f55 for containerID=#15 failed. Corresponding entry not found.
2021-08-14 14:05:29,017 [EventQueue-DeleteBlockStatusForDeletedBlockLogImpl] DEBUG block.DeletedBlockLogImpl (DeletedBlockLogImpl.java:isTransactionFailed(278)) - Got block deletion ACK from datanode, TXIDs=16, success=true
2021-08-14 14:05:29,017 [EventQueue-DeleteBlockStatusForDeletedBlockLogImpl] DEBUG block.DeletedBlockLogImpl (DeletedBlockLogImpl.java:commitTransactions(224)) - Transaction txId=16 commit by dnId=e5d3e9d3-1367-47eb-ad7f-372895a70f55 for containerID=#16 failed. Corresponding entry not found.
2021-08-14 14:05:29,017 [EventQueue-DeleteBlockStatusForDeletedBlockLogImpl] DEBUG block.DeletedBlockLogImpl (DeletedBlockLogImpl.java:isTransactionFailed(278)) - Got block deletion ACK from datanode, TXIDs=17, success=true
2021-08-14 14:05:29,017 [EventQueue-DeleteBlockStatusForDeletedBlockLogImpl] DEBUG block.DeletedBlockLogImpl (DeletedBlockLogImpl.java:commitTransactions(224)) - Transaction txId=17 commit by dnId=e5d3e9d3-1367-47eb-ad7f-372895a70f55 for containerID=#17 failed. Corresponding entry not found.
2021-08-14 14:05:29,017 [EventQueue-DeleteBlockStatusForDeletedBlockLogImpl] DEBUG block.DeletedBlockLogImpl (DeletedBlockLogImpl.java:isTransactionFailed(278)) - Got block deletion ACK from datanode, TXIDs=18, success=true
2021-08-14 14:05:29,017 [EventQueue-DeleteBlockStatusForDeletedBlockLogImpl] DEBUG block.DeletedBlockLogImpl (DeletedBlockLogImpl.java:commitTransactions(224)) - Transaction txId=18 commit by dnId=e5d3e9d3-1367-47eb-ad7f-372895a70f55 for containerID=#18 failed. Corresponding entry not found.
2021-08-14 14:05:29,017 [EventQueue-DeleteBlockStatusForDeletedBlockLogImpl] DEBUG block.DeletedBlockLogImpl (DeletedBlockLogImpl.java:isTransactionFailed(278)) - Got block deletion ACK from datanode, TXIDs=19, success=true
2021-08-14 14:05:29,017 [EventQueue-DeleteBlockStatusForDeletedBlockLogImpl] DEBUG block.DeletedBlockLogImpl (DeletedBlockLogImpl.java:commitTransactions(224)) - Transaction txId=19 commit by dnId=e5d3e9d3-1367-47eb-ad7f-372895a70f55 for containerID=#19 failed. Corresponding entry not found.
2021-08-14 14:05:29,017 [EventQueue-DeleteBlockStatusForDeletedBlockLogImpl] DEBUG block.DeletedBlockLogImpl (DeletedBlockLogImpl.java:isTransactionFailed(278)) - Got block deletion ACK from datanode, TXIDs=20, success=true
2021-08-14 14:05:29,017 [EventQueue-DeleteBlockStatusForDeletedBlockLogImpl] DEBUG block.DeletedBlockLogImpl (DeletedBlockLogImpl.java:commitTransactions(224)) - Transaction txId=20 commit by dnId=e5d3e9d3-1367-47eb-ad7f-372895a70f55 for containerID=#20 failed. Corresponding entry not found.
2021-08-14 14:05:29,017 [EventQueue-DeleteBlockStatusForDeletedBlockLogImpl] DEBUG block.DeletedBlockLogImpl (DeletedBlockLogImpl.java:isTransactionFailed(278)) - Got block deletion ACK from datanode, TXIDs=21, success=true
2021-08-14 14:05:29,017 [EventQueue-DeleteBlockStatusForDeletedBlockLogImpl] DEBUG block.DeletedBlockLogImpl (DeletedBlockLogImpl.java:commitTransactions(224)) - Transaction txId=21 commit by dnId=e5d3e9d3-1367-47eb-ad7f-372895a70f55 for containerID=#21 failed. Corresponding entry not found.
2021-08-14 14:05:29,017 [EventQueue-DeleteBlockStatusForDeletedBlockLogImpl] DEBUG block.DeletedBlockLogImpl (DeletedBlockLogImpl.java:isTransactionFailed(278)) - Got block deletion ACK from datanode, TXIDs=22, success=true
2021-08-14 14:05:29,017 [EventQueue-DeleteBlockStatusForDeletedBlockLogImpl] DEBUG block.DeletedBlockLogImpl (DeletedBlockLogImpl.java:commitTransactions(224)) - Transaction txId=22 commit by dnId=e5d3e9d3-1367-47eb-ad7f-372895a70f55 for containerID=#22 failed. Corresponding entry not found.
2021-08-14 14:05:29,017 [EventQueue-DeleteBlockStatusForDeletedBlockLogImpl] DEBUG block.DeletedBlockLogImpl (DeletedBlockLogImpl.java:isTransactionFailed(278)) - Got block deletion ACK from datanode, TXIDs=23, success=true
2021-08-14 14:05:29,017 [EventQueue-DeleteBlockStatusForDeletedBlockLogImpl] DEBUG block.DeletedBlockLogImpl (DeletedBlockLogImpl.java:commitTransactions(224)) - Transaction txId=23 commit by dnId=e5d3e9d3-1367-47eb-ad7f-372895a70f55 for containerID=#23 failed. Corresponding entry not found.
2021-08-14 14:05:29,017 [EventQueue-DeleteBlockStatusForDeletedBlockLogImpl] DEBUG block.DeletedBlockLogImpl (DeletedBlockLogImpl.java:isTransactionFailed(278)) - Got block deletion ACK from datanode, TXIDs=24, success=true
2021-08-14 14:05:29,017 [EventQueue-DeleteBlockStatusForDeletedBlockLogImpl] DEBUG block.DeletedBlockLogImpl (DeletedBlockLogImpl.java:commitTransactions(224)) - Transaction txId=24 commit by dnId=e5d3e9d3-1367-47eb-ad7f-372895a70f55 for containerID=#24 failed. Corresponding entry not found.
2021-08-14 14:05:29,017 [EventQueue-DeleteBlockStatusForDeletedBlockLogImpl] DEBUG block.DeletedBlockLogImpl (DeletedBlockLogImpl.java:isTransactionFailed(278)) - Got block deletion ACK from datanode, TXIDs=25, success=true
2021-08-14 14:05:29,017 [EventQueue-DeleteBlockStatusForDeletedBlockLogImpl] DEBUG block.DeletedBlockLogImpl (DeletedBlockLogImpl.java:commitTransactions(224)) - Transaction txId=25 commit by dnId=e5d3e9d3-1367-47eb-ad7f-372895a70f55 for containerID=#25 failed. Corresponding entry not found.
2021-08-14 14:05:29,018 [EventQueue-DeleteBlockStatusForDeletedBlockLogImpl] DEBUG block.DeletedBlockLogImpl (DeletedBlockLogImpl.java:isTransactionFailed(278)) - Got block deletion ACK from datanode, TXIDs=26, success=true
2021-08-14 14:05:29,018 [EventQueue-DeleteBlockStatusForDeletedBlockLogImpl] DEBUG block.DeletedBlockLogImpl (DeletedBlockLogImpl.java:commitTransactions(224)) - Transaction txId=26 commit by dnId=e5d3e9d3-1367-47eb-ad7f-372895a70f55 for containerID=#26 failed. Corresponding entry not found.
2021-08-14 14:05:29,018 [EventQueue-DeleteBlockStatusForDeletedBlockLogImpl] DEBUG block.DeletedBlockLogImpl (DeletedBlockLogImpl.java:isTransactionFailed(278)) - Got block deletion ACK from datanode, TXIDs=27, success=true
2021-08-14 14:05:29,018 [EventQueue-DeleteBlockStatusForDeletedBlockLogImpl] DEBUG block.DeletedBlockLogImpl (DeletedBlockLogImpl.java:commitTransactions(224)) - Transaction txId=27 commit by dnId=e5d3e9d3-1367-47eb-ad7f-372895a70f55 for containerID=#27 failed. Corresponding entry not found.
2021-08-14 14:05:29,018 [EventQueue-DeleteBlockStatusForDeletedBlockLogImpl] DEBUG block.DeletedBlockLogImpl (DeletedBlockLogImpl.java:isTransactionFailed(278)) - Got block deletion ACK from datanode, TXIDs=28, success=true
2021-08-14 14:05:29,018 [EventQueue-DeleteBlockStatusForDeletedBlockLogImpl] DEBUG block.DeletedBlockLogImpl (DeletedBlockLogImpl.java:commitTransactions(224)) - Transaction txId=28 commit by dnId=e5d3e9d3-1367-47eb-ad7f-372895a70f55 for containerID=#28 failed. Corresponding entry not found.
2021-08-14 14:05:29,018 [EventQueue-DeleteBlockStatusForDeletedBlockLogImpl] DEBUG block.DeletedBlockLogImpl (DeletedBlockLogImpl.java:isTransactionFailed(278)) - Got block deletion ACK from datanode, TXIDs=29, success=true
2021-08-14 14:05:29,018 [EventQueue-DeleteBlockStatusForDeletedBlockLogImpl] DEBUG block.DeletedBlockLogImpl (DeletedBlockLogImpl.java:commitTransactions(224)) - Transaction txId=29 commit by dnId=e5d3e9d3-1367-47eb-ad7f-372895a70f55 for containerID=#29 failed. Corresponding entry not found.
2021-08-14 14:05:29,018 [EventQueue-DeleteBlockStatusForDeletedBlockLogImpl] DEBUG block.DeletedBlockLogImpl (DeletedBlockLogImpl.java:isTransactionFailed(278)) - Got block deletion ACK from datanode, TXIDs=30, success=true
2021-08-14 14:05:29,018 [EventQueue-DeleteBlockStatusForDeletedBlockLogImpl] DEBUG block.DeletedBlockLogImpl (DeletedBlockLogImpl.java:commitTransactions(224)) - Transaction txId=30 commit by dnId=e5d3e9d3-1367-47eb-ad7f-372895a70f55 for containerID=#30 failed. Corresponding entry not found.
2021-08-14 14:05:29,018 [EventQueue-DeleteBlockStatusForDeletedBlockLogImpl] DEBUG block.DeletedBlockLogImpl (DeletedBlockLogImpl.java:isTransactionFailed(278)) - Got block deletion ACK from datanode, TXIDs=31, success=true
2021-08-14 14:05:29,018 [EventQueue-DeleteBlockStatusForDeletedBlockLogImpl] DEBUG block.DeletedBlockLogImpl (DeletedBlockLogImpl.java:commitTransactions(224)) - Transaction txId=31 commit by dnId=e5d3e9d3-1367-47eb-ad7f-372895a70f55 for containerID=#31 failed. Corresponding entry not found.
2021-08-14 14:05:29,018 [EventQueue-DeleteBlockStatusForDeletedBlockLogImpl] DEBUG block.DeletedBlockLogImpl (DeletedBlockLogImpl.java:isTransactionFailed(278)) - Got block deletion ACK from datanode, TXIDs=32, success=true
2021-08-14 14:05:29,018 [EventQueue-DeleteBlockStatusForDeletedBlockLogImpl] DEBUG block.DeletedBlockLogImpl (DeletedBlockLogImpl.java:commitTransactions(224)) - Transaction txId=32 commit by dnId=e5d3e9d3-1367-47eb-ad7f-372895a70f55 for containerID=#32 failed. Corresponding entry not found.
2021-08-14 14:05:29,018 [EventQueue-DeleteBlockStatusForDeletedBlockLogImpl] DEBUG block.DeletedBlockLogImpl (DeletedBlockLogImpl.java:isTransactionFailed(278)) - Got block deletion ACK from datanode, TXIDs=33, success=true
2021-08-14 14:05:29,018 [EventQueue-DeleteBlockStatusForDeletedBlockLogImpl] DEBUG block.DeletedBlockLogImpl (DeletedBlockLogImpl.java:commitTransactions(224)) - Transaction txId=33 commit by dnId=e5d3e9d3-1367-47eb-ad7f-372895a70f55 for containerID=#33 failed. Corresponding entry not found.
2021-08-14 14:05:29,018 [EventQueue-DeleteBlockStatusForDeletedBlockLogImpl] DEBUG block.DeletedBlockLogImpl (DeletedBlockLogImpl.java:isTransactionFailed(278)) - Got block deletion ACK from datanode, TXIDs=34, success=true
2021-08-14 14:05:29,018 [EventQueue-DeleteBlockStatusForDeletedBlockLogImpl] DEBUG block.DeletedBlockLogImpl (DeletedBlockLogImpl.java:commitTransactions(224)) - Transaction txId=34 commit by dnId=e5d3e9d3-1367-47eb-ad7f-372895a70f55 for containerID=#34 failed. Corresponding entry not found.
2021-08-14 14:05:29,018 [EventQueue-DeleteBlockStatusForDeletedBlockLogImpl] DEBUG block.DeletedBlockLogImpl (DeletedBlockLogImpl.java:isTransactionFailed(278)) - Got block deletion ACK from datanode, TXIDs=35, success=true
2021-08-14 14:05:29,018 [EventQueue-DeleteBlockStatusForDeletedBlockLogImpl] DEBUG block.DeletedBlockLogImpl (DeletedBlockLogImpl.java:commitTransactions(224)) - Transaction txId=35 commit by dnId=e5d3e9d3-1367-47eb-ad7f-372895a70f55 for containerID=#35 failed. Corresponding entry not found.
2021-08-14 14:05:29,018 [EventQueue-DeleteBlockStatusForDeletedBlockLogImpl] DEBUG block.DeletedBlockLogImpl (DeletedBlockLogImpl.java:isTransactionFailed(278)) - Got block deletion ACK from datanode, TXIDs=36, success=true
2021-08-14 14:05:29,018 [EventQueue-DeleteBlockStatusForDeletedBlockLogImpl] DEBUG block.DeletedBlockLogImpl (DeletedBlockLogImpl.java:commitTransactions(224)) - Transaction txId=36 commit by dnId=e5d3e9d3-1367-47eb-ad7f-372895a70f55 for containerID=#36 failed. Corresponding entry not found.
2021-08-14 14:05:29,018 [EventQueue-DeleteBlockStatusForDeletedBlockLogImpl] DEBUG block.DeletedBlockLogImpl (DeletedBlockLogImpl.java:isTransactionFailed(278)) - Got block deletion ACK from datanode, TXIDs=37, success=true
2021-08-14 14:05:29,018 [EventQueue-DeleteBlockStatusForDeletedBlockLogImpl] DEBUG block.DeletedBlockLogImpl (DeletedBlockLogImpl.java:commitTransactions(224)) - Transaction txId=37 commit by dnId=e5d3e9d3-1367-47eb-ad7f-372895a70f55 for containerID=#37 failed. Corresponding entry not found.
2021-08-14 14:05:29,018 [EventQueue-DeleteBlockStatusForDeletedBlockLogImpl] DEBUG block.DeletedBlockLogImpl (DeletedBlockLogImpl.java:isTransactionFailed(278)) - Got block deletion ACK from datanode, TXIDs=38, success=true
2021-08-14 14:05:29,018 [EventQueue-DeleteBlockStatusForDeletedBlockLogImpl] DEBUG block.DeletedBlockLogImpl (DeletedBlockLogImpl.java:commitTransactions(224)) - Transaction txId=38 commit by dnId=e5d3e9d3-1367-47eb-ad7f-372895a70f55 for containerID=#38 failed. Corresponding entry not found.
2021-08-14 14:05:29,018 [EventQueue-DeleteBlockStatusForDeletedBlockLogImpl] DEBUG block.DeletedBlockLogImpl (DeletedBlockLogImpl.java:isTransactionFailed(278)) - Got block deletion ACK from datanode, TXIDs=39, success=true
2021-08-14 14:05:29,018 [EventQueue-DeleteBlockStatusForDeletedBlockLogImpl] DEBUG block.DeletedBlockLogImpl (DeletedBlockLogImpl.java:commitTransactions(224)) - Transaction txId=39 commit by dnId=e5d3e9d3-1367-47eb-ad7f-372895a70f55 for containerID=#39 failed. Corresponding entry not found.
2021-08-14 14:05:29,018 [EventQueue-DeleteBlockStatusForDeletedBlockLogImpl] DEBUG block.DeletedBlockLogImpl (DeletedBlockLogImpl.java:isTransactionFailed(278)) - Got block deletion ACK from datanode, TXIDs=40, success=true
2021-08-14 14:05:29,018 [EventQueue-DeleteBlockStatusForDeletedBlockLogImpl] DEBUG block.DeletedBlockLogImpl (DeletedBlockLogImpl.java:commitTransactions(224)) - Transaction txId=40 commit by dnId=e5d3e9d3-1367-47eb-ad7f-372895a70f55 for containerID=#40 failed. Corresponding entry not found.
2021-08-14 14:05:29,018 [EventQueue-DeleteBlockStatusForDeletedBlockLogImpl] DEBUG block.DeletedBlockLogImpl (DeletedBlockLogImpl.java:isTransactionFailed(278)) - Got block deletion ACK from datanode, TXIDs=41, success=true
2021-08-14 14:05:29,018 [EventQueue-DeleteBlockStatusForDeletedBlockLogImpl] DEBUG block.DeletedBlockLogImpl (DeletedBlockLogImpl.java:commitTransactions(224)) - Transaction txId=41 commit by dnId=e5d3e9d3-1367-47eb-ad7f-372895a70f55 for containerID=#41 failed. Corresponding entry not found.
2021-08-14 14:05:29,018 [EventQueue-DeleteBlockStatusForDeletedBlockLogImpl] DEBUG block.DeletedBlockLogImpl (DeletedBlockLogImpl.java:isTransactionFailed(278)) - Got block deletion ACK from datanode, TXIDs=42, success=true
2021-08-14 14:05:29,018 [EventQueue-DeleteBlockStatusForDeletedBlockLogImpl] DEBUG block.DeletedBlockLogImpl (DeletedBlockLogImpl.java:commitTransactions(224)) - Transaction txId=42 commit by dnId=e5d3e9d3-1367-47eb-ad7f-372895a70f55 for containerID=#42 failed. Corresponding entry not found.
2021-08-14 14:05:29,018 [EventQueue-DeleteBlockStatusForDeletedBlockLogImpl] DEBUG block.DeletedBlockLogImpl (DeletedBlockLogImpl.java:isTransactionFailed(278)) - Got block deletion ACK from datanode, TXIDs=43, success=true
2021-08-14 14:05:29,018 [EventQueue-DeleteBlockStatusForDeletedBlockLogImpl] DEBUG block.DeletedBlockLogImpl (DeletedBlockLogImpl.java:commitTransactions(224)) - Transaction txId=43 commit by dnId=e5d3e9d3-1367-47eb-ad7f-372895a70f55 for containerID=#43 failed. Corresponding entry not found.
2021-08-14 14:05:29,018 [EventQueue-DeleteBlockStatusForDeletedBlockLogImpl] DEBUG block.DeletedBlockLogImpl (DeletedBlockLogImpl.java:isTransactionFailed(278)) - Got block deletion ACK from datanode, TXIDs=44, success=true
2021-08-14 14:05:29,018 [EventQueue-DeleteBlockStatusForDeletedBlockLogImpl] DEBUG block.DeletedBlockLogImpl (DeletedBlockLogImpl.java:commitTransactions(224)) - Transaction txId=44 commit by dnId=e5d3e9d3-1367-47eb-ad7f-372895a70f55 for containerID=#44 failed. Corresponding entry not found.
2021-08-14 14:05:29,018 [EventQueue-DeleteBlockStatusForDeletedBlockLogImpl] DEBUG block.DeletedBlockLogImpl (DeletedBlockLogImpl.java:isTransactionFailed(278)) - Got block deletion ACK from datanode, TXIDs=45, success=true
2021-08-14 14:05:29,018 [EventQueue-DeleteBlockStatusForDeletedBlockLogImpl] DEBUG block.DeletedBlockLogImpl (DeletedBlockLogImpl.java:commitTransactions(224)) - Transaction txId=45 commit by dnId=e5d3e9d3-1367-47eb-ad7f-372895a70f55 for containerID=#45 failed. Corresponding entry not found.
2021-08-14 14:05:29,018 [EventQueue-DeleteBlockStatusForDeletedBlockLogImpl] DEBUG block.DeletedBlockLogImpl (DeletedBlockLogImpl.java:isTransactionFailed(278)) - Got block deletion ACK from datanode, TXIDs=46, success=true
2021-08-14 14:05:29,018 [EventQueue-DeleteBlockStatusForDeletedBlockLogImpl] DEBUG block.DeletedBlockLogImpl (DeletedBlockLogImpl.java:commitTransactions(224)) - Transaction txId=46 commit by dnId=e5d3e9d3-1367-47eb-ad7f-372895a70f55 for containerID=#46 failed. Corresponding entry not found.
2021-08-14 14:05:29,018 [EventQueue-DeleteBlockStatusForDeletedBlockLogImpl] DEBUG block.DeletedBlockLogImpl (DeletedBlockLogImpl.java:isTransactionFailed(278)) - Got block deletion ACK from datanode, TXIDs=47, success=true
2021-08-14 14:05:29,018 [EventQueue-DeleteBlockStatusForDeletedBlockLogImpl] DEBUG block.DeletedBlockLogImpl (DeletedBlockLogImpl.java:commitTransactions(224)) - Transaction txId=47 commit by dnId=e5d3e9d3-1367-47eb-ad7f-372895a70f55 for containerID=#47 failed. Corresponding entry not found.
2021-08-14 14:05:29,018 [EventQueue-DeleteBlockStatusForDeletedBlockLogImpl] DEBUG block.DeletedBlockLogImpl (DeletedBlockLogImpl.java:isTransactionFailed(278)) - Got block deletion ACK from datanode, TXIDs=48, success=true
2021-08-14 14:05:29,018 [EventQueue-DeleteBlockStatusForDeletedBlockLogImpl] DEBUG block.DeletedBlockLogImpl (DeletedBlockLogImpl.java:commitTransactions(224)) - Transaction txId=48 commit by dnId=e5d3e9d3-1367-47eb-ad7f-372895a70f55 for containerID=#48 failed. Corresponding entry not found.
2021-08-14 14:05:29,019 [EventQueue-DeleteBlockStatusForDeletedBlockLogImpl] DEBUG block.DeletedBlockLogImpl (DeletedBlockLogImpl.java:isTransactionFailed(278)) - Got block deletion ACK from datanode, TXIDs=49, success=true
2021-08-14 14:05:29,019 [EventQueue-DeleteBlockStatusForDeletedBlockLogImpl] DEBUG block.DeletedBlockLogImpl (DeletedBlockLogImpl.java:commitTransactions(224)) - Transaction txId=49 commit by dnId=e5d3e9d3-1367-47eb-ad7f-372895a70f55 for containerID=#49 failed. Corresponding entry not found.
2021-08-14 14:05:29,019 [EventQueue-DeleteBlockStatusForDeletedBlockLogImpl] DEBUG block.DeletedBlockLogImpl (DeletedBlockLogImpl.java:isTransactionFailed(278)) - Got block deletion ACK from datanode, TXIDs=50, success=true
2021-08-14 14:05:29,019 [EventQueue-DeleteBlockStatusForDeletedBlockLogImpl] DEBUG block.DeletedBlockLogImpl (DeletedBlockLogImpl.java:commitTransactions(224)) - Transaction txId=50 commit by dnId=e5d3e9d3-1367-47eb-ad7f-372895a70f55 for containerID=#50 failed. Corresponding entry not found.
2021-08-14 14:05:29,019 [EventQueue-DeleteBlockStatusForDeletedBlockLogImpl] DEBUG block.DeletedBlockLogImpl (DeletedBlockLogImpl.java:isTransactionFailed(278)) - Got block deletion ACK from datanode, TXIDs=51, success=true
2021-08-14 14:05:29,019 [EventQueue-DeleteBlockStatusForDeletedBlockLogImpl] DEBUG block.DeletedBlockLogImpl (DeletedBlockLogImpl.java:commitTransactions(224)) - Transaction txId=51 commit by dnId=e5d3e9d3-1367-47eb-ad7f-372895a70f55 for containerID=#51 failed. Corresponding entry not found.
2021-08-14 14:05:29,019 [EventQueue-DeleteBlockStatusForDeletedBlockLogImpl] DEBUG block.DeletedBlockLogImpl (DeletedBlockLogImpl.java:isTransactionFailed(278)) - Got block deletion ACK from datanode, TXIDs=52, success=true
2021-08-14 14:05:29,019 [EventQueue-DeleteBlockStatusForDeletedBlockLogImpl] DEBUG block.DeletedBlockLogImpl (DeletedBlockLogImpl.java:commitTransactions(224)) - Transaction txId=52 commit by dnId=e5d3e9d3-1367-47eb-ad7f-372895a70f55 for containerID=#52 failed. Corresponding entry not found.
2021-08-14 14:05:29,019 [EventQueue-DeleteBlockStatusForDeletedBlockLogImpl] DEBUG block.DeletedBlockLogImpl (DeletedBlockLogImpl.java:isTransactionFailed(278)) - Got block deletion ACK from datanode, TXIDs=53, success=true
2021-08-14 14:05:29,019 [EventQueue-DeleteBlockStatusForDeletedBlockLogImpl] DEBUG block.DeletedBlockLogImpl (DeletedBlockLogImpl.java:commitTransactions(224)) - Transaction txId=53 commit by dnId=e5d3e9d3-1367-47eb-ad7f-372895a70f55 for containerID=#53 failed. Corresponding entry not found.
2021-08-14 14:05:29,019 [EventQueue-DeleteBlockStatusForDeletedBlockLogImpl] DEBUG block.DeletedBlockLogImpl (DeletedBlockLogImpl.java:isTransactionFailed(278)) - Got block deletion ACK from datanode, TXIDs=54, success=true
2021-08-14 14:05:29,019 [EventQueue-DeleteBlockStatusForDeletedBlockLogImpl] DEBUG block.DeletedBlockLogImpl (DeletedBlockLogImpl.java:commitTransactions(224)) - Transaction txId=54 commit by dnId=e5d3e9d3-1367-47eb-ad7f-372895a70f55 for containerID=#54 failed. Corresponding entry not found.
2021-08-14 14:05:29,019 [EventQueue-DeleteBlockStatusForDeletedBlockLogImpl] DEBUG block.DeletedBlockLogImpl (DeletedBlockLogImpl.java:isTransactionFailed(278)) - Got block deletion ACK from datanode, TXIDs=55, success=true
2021-08-14 14:05:29,019 [EventQueue-DeleteBlockStatusForDeletedBlockLogImpl] DEBUG block.DeletedBlockLogImpl (DeletedBlockLogImpl.java:commitTransactions(224)) - Transaction txId=55 commit by dnId=e5d3e9d3-1367-47eb-ad7f-372895a70f55 for containerID=#55 failed. Corresponding entry not found.
2021-08-14 14:05:29,019 [EventQueue-DeleteBlockStatusForDeletedBlockLogImpl] DEBUG block.DeletedBlockLogImpl (DeletedBlockLogImpl.java:isTransactionFailed(278)) - Got block deletion ACK from datanode, TXIDs=56, success=true
2021-08-14 14:05:29,019 [EventQueue-DeleteBlockStatusForDeletedBlockLogImpl] DEBUG block.DeletedBlockLogImpl (DeletedBlockLogImpl.java:commitTransactions(224)) - Transaction txId=56 commit by dnId=e5d3e9d3-1367-47eb-ad7f-372895a70f55 for containerID=#56 failed. Corresponding entry not found.
2021-08-14 14:05:29,019 [EventQueue-DeleteBlockStatusForDeletedBlockLogImpl] DEBUG block.DeletedBlockLogImpl (DeletedBlockLogImpl.java:isTransactionFailed(278)) - Got block deletion ACK from datanode, TXIDs=1, success=true
2021-08-14 14:05:29,019 [EventQueue-DeleteBlockStatusForDeletedBlockLogImpl] DEBUG block.DeletedBlockLogImpl (DeletedBlockLogImpl.java:commitTransactions(224)) - Transaction txId=1 commit by dnId=e5d3e9d3-1367-47eb-ad7f-372895a70f55 for containerID=#1 failed. Corresponding entry not found.
2021-08-14 14:05:29,019 [EventQueue-DeleteBlockStatusForDeletedBlockLogImpl] DEBUG block.DeletedBlockLogImpl (DeletedBlockLogImpl.java:isTransactionFailed(278)) - Got block deletion ACK from datanode, TXIDs=2, success=true
2021-08-14 14:05:29,019 [EventQueue-DeleteBlockStatusForDeletedBlockLogImpl] DEBUG block.DeletedBlockLogImpl (DeletedBlockLogImpl.java:commitTransactions(224)) - Transaction txId=2 commit by dnId=e5d3e9d3-1367-47eb-ad7f-372895a70f55 for containerID=#2 failed. Corresponding entry not found.
2021-08-14 14:05:29,019 [EventQueue-DeleteBlockStatusForDeletedBlockLogImpl] DEBUG block.DeletedBlockLogImpl (DeletedBlockLogImpl.java:isTransactionFailed(278)) - Got block deletion ACK from datanode, TXIDs=3, success=true
2021-08-14 14:05:29,020 [EventQueue-DeleteBlockStatusForDeletedBlockLogImpl] DEBUG block.DeletedBlockLogImpl (DeletedBlockLogImpl.java:commitTransactions(224)) - Transaction txId=3 commit by dnId=e5d3e9d3-1367-47eb-ad7f-372895a70f55 for containerID=#3 failed. Corresponding entry not found.
2021-08-14 14:05:29,020 [EventQueue-DeleteBlockStatusForDeletedBlockLogImpl] DEBUG block.DeletedBlockLogImpl (DeletedBlockLogImpl.java:isTransactionFailed(278)) - Got block deletion ACK from datanode, TXIDs=4, success=true
2021-08-14 14:05:29,020 [EventQueue-DeleteBlockStatusForDeletedBlockLogImpl] DEBUG block.DeletedBlockLogImpl (DeletedBlockLogImpl.java:commitTransactions(224)) - Transaction txId=4 commit by dnId=e5d3e9d3-1367-47eb-ad7f-372895a70f55 for containerID=#4 failed. Corresponding entry not found.
2021-08-14 14:05:29,020 [EventQueue-DeleteBlockStatusForDeletedBlockLogImpl] DEBUG block.DeletedBlockLogImpl (DeletedBlockLogImpl.java:isTransactionFailed(278)) - Got block deletion ACK from datanode, TXIDs=5, success=true
2021-08-14 14:05:29,020 [EventQueue-DeleteBlockStatusForDeletedBlockLogImpl] DEBUG block.DeletedBlockLogImpl (DeletedBlockLogImpl.java:commitTransactions(224)) - Transaction txId=5 commit by dnId=e5d3e9d3-1367-47eb-ad7f-372895a70f55 for containerID=#5 failed. Corresponding entry not found.
2021-08-14 14:05:29,020 [EventQueue-DeleteBlockStatusForDeletedBlockLogImpl] DEBUG block.DeletedBlockLogImpl (DeletedBlockLogImpl.java:isTransactionFailed(278)) - Got block deletion ACK from datanode, TXIDs=6, success=true
2021-08-14 14:05:29,020 [EventQueue-DeleteBlockStatusForDeletedBlockLogImpl] DEBUG block.DeletedBlockLogImpl (DeletedBlockLogImpl.java:commitTransactions(224)) - Transaction txId=6 commit by dnId=e5d3e9d3-1367-47eb-ad7f-372895a70f55 for containerID=#6 failed. Corresponding entry not found.
2021-08-14 14:05:29,020 [EventQueue-DeleteBlockStatusForDeletedBlockLogImpl] DEBUG block.DeletedBlockLogImpl (DeletedBlockLogImpl.java:isTransactionFailed(278)) - Got block deletion ACK from datanode, TXIDs=7, success=true
2021-08-14 14:05:29,020 [EventQueue-DeleteBlockStatusForDeletedBlockLogImpl] DEBUG block.DeletedBlockLogImpl (DeletedBlockLogImpl.java:commitTransactions(224)) - Transaction txId=7 commit by dnId=e5d3e9d3-1367-47eb-ad7f-372895a70f55 for containerID=#7 failed. Corresponding entry not found.
2021-08-14 14:05:29,020 [EventQueue-DeleteBlockStatusForDeletedBlockLogImpl] DEBUG block.DeletedBlockLogImpl (DeletedBlockLogImpl.java:isTransactionFailed(278)) - Got block deletion ACK from datanode, TXIDs=8, success=true
2021-08-14 14:05:29,020 [EventQueue-DeleteBlockStatusForDeletedBlockLogImpl] DEBUG block.DeletedBlockLogImpl (DeletedBlockLogImpl.java:commitTransactions(224)) - Transaction txId=8 commit by dnId=e5d3e9d3-1367-47eb-ad7f-372895a70f55 for containerID=#8 failed. Corresponding entry not found.
2021-08-14 14:05:29,020 [EventQueue-DeleteBlockStatusForDeletedBlockLogImpl] DEBUG block.DeletedBlockLogImpl (DeletedBlockLogImpl.java:isTransactionFailed(278)) - Got block deletion ACK from datanode, TXIDs=9, success=true
2021-08-14 14:05:29,020 [EventQueue-DeleteBlockStatusForDeletedBlockLogImpl] DEBUG block.DeletedBlockLogImpl (DeletedBlockLogImpl.java:commitTransactions(224)) - Transaction txId=9 commit by dnId=e5d3e9d3-1367-47eb-ad7f-372895a70f55 for containerID=#9 failed. Corresponding entry not found.
2021-08-14 14:05:29,020 [EventQueue-DeleteBlockStatusForDeletedBlockLogImpl] DEBUG block.DeletedBlockLogImpl (DeletedBlockLogImpl.java:isTransactionFailed(278)) - Got block deletion ACK from datanode, TXIDs=10, success=true
2021-08-14 14:05:29,020 [EventQueue-DeleteBlockStatusForDeletedBlockLogImpl] DEBUG block.DeletedBlockLogImpl (DeletedBlockLogImpl.java:commitTransactions(224)) - Transaction txId=10 commit by dnId=e5d3e9d3-1367-47eb-ad7f-372895a70f55 for containerID=#10 failed. Corresponding entry not found.
2021-08-14 14:05:29,020 [EventQueue-DeleteBlockStatusForDeletedBlockLogImpl] DEBUG block.DeletedBlockLogImpl (DeletedBlockLogImpl.java:isTransactionFailed(278)) - Got block deletion ACK from datanode, TXIDs=11, success=true
2021-08-14 14:05:29,020 [EventQueue-DeleteBlockStatusForDeletedBlockLogImpl] DEBUG block.DeletedBlockLogImpl (DeletedBlockLogImpl.java:commitTransactions(224)) - Transaction txId=11 commit by dnId=e5d3e9d3-1367-47eb-ad7f-372895a70f55 for containerID=#11 failed. Corresponding entry not found.
2021-08-14 14:05:29,020 [EventQueue-DeleteBlockStatusForDeletedBlockLogImpl] DEBUG block.DeletedBlockLogImpl (DeletedBlockLogImpl.java:isTransactionFailed(278)) - Got block deletion ACK from datanode, TXIDs=12, success=true
2021-08-14 14:05:29,020 [EventQueue-DeleteBlockStatusForDeletedBlockLogImpl] DEBUG block.DeletedBlockLogImpl (DeletedBlockLogImpl.java:commitTransactions(224)) - Transaction txId=12 commit by dnId=e5d3e9d3-1367-47eb-ad7f-372895a70f55 for containerID=#12 failed. Corresponding entry not found.
2021-08-14 14:05:29,020 [EventQueue-DeleteBlockStatusForDeletedBlockLogImpl] DEBUG block.DeletedBlockLogImpl (DeletedBlockLogImpl.java:isTransactionFailed(278)) - Got block deletion ACK from datanode, TXIDs=13, success=true
2021-08-14 14:05:29,020 [EventQueue-DeleteBlockStatusForDeletedBlockLogImpl] DEBUG block.DeletedBlockLogImpl (DeletedBlockLogImpl.java:commitTransactions(224)) - Transaction txId=13 commit by dnId=e5d3e9d3-1367-47eb-ad7f-372895a70f55 for containerID=#13 failed. Corresponding entry not found.
2021-08-14 14:05:29,020 [EventQueue-DeleteBlockStatusForDeletedBlockLogImpl] DEBUG block.DeletedBlockLogImpl (DeletedBlockLogImpl.java:isTransactionFailed(278)) - Got block deletion ACK from datanode, TXIDs=14, success=true
2021-08-14 14:05:29,020 [EventQueue-DeleteBlockStatusForDeletedBlockLogImpl] DEBUG block.DeletedBlockLogImpl (DeletedBlockLogImpl.java:commitTransactions(224)) - Transaction txId=14 commit by dnId=e5d3e9d3-1367-47eb-ad7f-372895a70f55 for containerID=#14 failed. Corresponding entry not found.
2021-08-14 14:05:29,020 [EventQueue-DeleteBlockStatusForDeletedBlockLogImpl] DEBUG block.DeletedBlockLogImpl (DeletedBlockLogImpl.java:isTransactionFailed(278)) - Got block deletion ACK from datanode, TXIDs=15, success=true
2021-08-14 14:05:29,020 [EventQueue-DeleteBlockStatusForDeletedBlockLogImpl] DEBUG block.DeletedBlockLogImpl (DeletedBlockLogImpl.java:commitTransactions(224)) - Transaction txId=15 commit by dnId=e5d3e9d3-1367-47eb-ad7f-372895a70f55 for containerID=#15 failed. Corresponding entry not found.
2021-08-14 14:05:29,020 [EventQueue-DeleteBlockStatusForDeletedBlockLogImpl] DEBUG block.DeletedBlockLogImpl (DeletedBlockLogImpl.java:isTransactionFailed(278)) - Got block deletion ACK from datanode, TXIDs=16, success=true
2021-08-14 14:05:29,020 [EventQueue-DeleteBlockStatusForDeletedBlockLogImpl] DEBUG block.DeletedBlockLogImpl (DeletedBlockLogImpl.java:commitTransactions(224)) - Transaction txId=16 commit by dnId=e5d3e9d3-1367-47eb-ad7f-372895a70f55 for containerID=#16 failed. Corresponding entry not found.
2021-08-14 14:05:29,020 [EventQueue-DeleteBlockStatusForDeletedBlockLogImpl] DEBUG block.DeletedBlockLogImpl (DeletedBlockLogImpl.java:isTransactionFailed(278)) - Got block deletion ACK from datanode, TXIDs=17, success=true
2021-08-14 14:05:29,020 [EventQueue-DeleteBlockStatusForDeletedBlockLogImpl] DEBUG block.DeletedBlockLogImpl (DeletedBlockLogImpl.java:commitTransactions(224)) - Transaction txId=17 commit by dnId=e5d3e9d3-1367-47eb-ad7f-372895a70f55 for containerID=#17 failed. Corresponding entry not found.
2021-08-14 14:05:29,020 [EventQueue-DeleteBlockStatusForDeletedBlockLogImpl] DEBUG block.DeletedBlockLogImpl (DeletedBlockLogImpl.java:isTransactionFailed(278)) - Got block deletion ACK from datanode, TXIDs=18, success=true
2021-08-14 14:05:29,020 [EventQueue-DeleteBlockStatusForDeletedBlockLogImpl] DEBUG block.DeletedBlockLogImpl (DeletedBlockLogImpl.java:commitTransactions(224)) - Transaction txId=18 commit by dnId=e5d3e9d3-1367-47eb-ad7f-372895a70f55 for containerID=#18 failed. Corresponding entry not found.
2021-08-14 14:05:29,020 [EventQueue-DeleteBlockStatusForDeletedBlockLogImpl] DEBUG block.DeletedBlockLogImpl (DeletedBlockLogImpl.java:isTransactionFailed(278)) - Got block deletion ACK from datanode, TXIDs=19, success=true
2021-08-14 14:05:29,020 [EventQueue-DeleteBlockStatusForDeletedBlockLogImpl] DEBUG block.DeletedBlockLogImpl (DeletedBlockLogImpl.java:commitTransactions(224)) - Transaction txId=19 commit by dnId=e5d3e9d3-1367-47eb-ad7f-372895a70f55 for containerID=#19 failed. Corresponding entry not found.
2021-08-14 14:05:29,020 [EventQueue-DeleteBlockStatusForDeletedBlockLogImpl] DEBUG block.DeletedBlockLogImpl (DeletedBlockLogImpl.java:isTransactionFailed(278)) - Got block deletion ACK from datanode, TXIDs=20, success=true
2021-08-14 14:05:29,020 [EventQueue-DeleteBlockStatusForDeletedBlockLogImpl] DEBUG block.DeletedBlockLogImpl (DeletedBlockLogImpl.java:commitTransactions(224)) - Transaction txId=20 commit by dnId=e5d3e9d3-1367-47eb-ad7f-372895a70f55 for containerID=#20 failed. Corresponding entry not found.
2021-08-14 14:05:29,021 [EventQueue-DeleteBlockStatusForDeletedBlockLogImpl] DEBUG block.DeletedBlockLogImpl (DeletedBlockLogImpl.java:isTransactionFailed(278)) - Got block deletion ACK from datanode, TXIDs=21, success=true
2021-08-14 14:05:29,021 [EventQueue-DeleteBlockStatusForDeletedBlockLogImpl] DEBUG block.DeletedBlockLogImpl (DeletedBlockLogImpl.java:commitTransactions(224)) - Transaction txId=21 commit by dnId=e5d3e9d3-1367-47eb-ad7f-372895a70f55 for containerID=#21 failed. Corresponding entry not found.
2021-08-14 14:05:29,021 [EventQueue-DeleteBlockStatusForDeletedBlockLogImpl] DEBUG block.DeletedBlockLogImpl (DeletedBlockLogImpl.java:isTransactionFailed(278)) - Got block deletion ACK from datanode, TXIDs=22, success=true
2021-08-14 14:05:29,021 [EventQueue-DeleteBlockStatusForDeletedBlockLogImpl] DEBUG block.DeletedBlockLogImpl (DeletedBlockLogImpl.java:commitTransactions(224)) - Transaction txId=22 commit by dnId=e5d3e9d3-1367-47eb-ad7f-372895a70f55 for containerID=#22 failed. Corresponding entry not found.
2021-08-14 14:05:29,021 [EventQueue-DeleteBlockStatusForDeletedBlockLogImpl] DEBUG block.DeletedBlockLogImpl (DeletedBlockLogImpl.java:isTransactionFailed(278)) - Got block deletion ACK from datanode, TXIDs=23, success=true
2021-08-14 14:05:29,021 [EventQueue-DeleteBlockStatusForDeletedBlockLogImpl] DEBUG block.DeletedBlockLogImpl (DeletedBlockLogImpl.java:commitTransactions(224)) - Transaction txId=23 commit by dnId=e5d3e9d3-1367-47eb-ad7f-372895a70f55 for containerID=#23 failed. Corresponding entry not found.
2021-08-14 14:05:29,021 [EventQueue-DeleteBlockStatusForDeletedBlockLogImpl] DEBUG block.DeletedBlockLogImpl (DeletedBlockLogImpl.java:isTransactionFailed(278)) - Got block deletion ACK from datanode, TXIDs=24, success=true
2021-08-14 14:05:29,021 [EventQueue-DeleteBlockStatusForDeletedBlockLogImpl] DEBUG block.DeletedBlockLogImpl (DeletedBlockLogImpl.java:commitTransactions(224)) - Transaction txId=24 commit by dnId=e5d3e9d3-1367-47eb-ad7f-372895a70f55 for containerID=#24 failed. Corresponding entry not found.
2021-08-14 14:05:29,021 [EventQueue-DeleteBlockStatusForDeletedBlockLogImpl] DEBUG block.DeletedBlockLogImpl (DeletedBlockLogImpl.java:isTransactionFailed(278)) - Got block deletion ACK from datanode, TXIDs=25, success=true
2021-08-14 14:05:29,021 [EventQueue-DeleteBlockStatusForDeletedBlockLogImpl] DEBUG block.DeletedBlockLogImpl (DeletedBlockLogImpl.java:commitTransactions(224)) - Transaction txId=25 commit by dnId=e5d3e9d3-1367-47eb-ad7f-372895a70f55 for containerID=#25 failed. Corresponding entry not found.
2021-08-14 14:05:29,021 [EventQueue-DeleteBlockStatusForDeletedBlockLogImpl] DEBUG block.DeletedBlockLogImpl (DeletedBlockLogImpl.java:isTransactionFailed(278)) - Got block deletion ACK from datanode, TXIDs=26, success=true
2021-08-14 14:05:29,021 [EventQueue-DeleteBlockStatusForDeletedBlockLogImpl] DEBUG block.DeletedBlockLogImpl (DeletedBlockLogImpl.java:commitTransactions(224)) - Transaction txId=26 commit by dnId=e5d3e9d3-1367-47eb-ad7f-372895a70f55 for containerID=#26 failed. Corresponding entry not found.
2021-08-14 14:05:29,021 [EventQueue-DeleteBlockStatusForDeletedBlockLogImpl] DEBUG block.DeletedBlockLogImpl (DeletedBlockLogImpl.java:isTransactionFailed(278)) - Got block deletion ACK from datanode, TXIDs=27, success=true
2021-08-14 14:05:29,021 [EventQueue-DeleteBlockStatusForDeletedBlockLogImpl] DEBUG block.DeletedBlockLogImpl (DeletedBlockLogImpl.java:commitTransactions(224)) - Transaction txId=27 commit by dnId=e5d3e9d3-1367-47eb-ad7f-372895a70f55 for containerID=#27 failed. Corresponding entry not found.
2021-08-14 14:05:29,021 [EventQueue-DeleteBlockStatusForDeletedBlockLogImpl] DEBUG block.DeletedBlockLogImpl (DeletedBlockLogImpl.java:isTransactionFailed(278)) - Got block deletion ACK from datanode, TXIDs=28, success=true
2021-08-14 14:05:29,021 [EventQueue-DeleteBlockStatusForDeletedBlockLogImpl] DEBUG block.DeletedBlockLogImpl (DeletedBlockLogImpl.java:commitTransactions(224)) - Transaction txId=28 commit by dnId=e5d3e9d3-1367-47eb-ad7f-372895a70f55 for containerID=#28 failed. Corresponding entry not found.
2021-08-14 14:05:29,021 [EventQueue-DeleteBlockStatusForDeletedBlockLogImpl] DEBUG block.DeletedBlockLogImpl (DeletedBlockLogImpl.java:isTransactionFailed(278)) - Got block deletion ACK from datanode, TXIDs=29, success=true
2021-08-14 14:05:29,021 [EventQueue-DeleteBlockStatusForDeletedBlockLogImpl] DEBUG block.DeletedBlockLogImpl (DeletedBlockLogImpl.java:commitTransactions(224)) - Transaction txId=29 commit by dnId=e5d3e9d3-1367-47eb-ad7f-372895a70f55 for containerID=#29 failed. Corresponding entry not found.
2021-08-14 14:05:29,021 [EventQueue-DeleteBlockStatusForDeletedBlockLogImpl] DEBUG block.DeletedBlockLogImpl (DeletedBlockLogImpl.java:isTransactionFailed(278)) - Got block deletion ACK from datanode, TXIDs=30, success=true
2021-08-14 14:05:29,021 [EventQueue-DeleteBlockStatusForDeletedBlockLogImpl] DEBUG block.DeletedBlockLogImpl (DeletedBlockLogImpl.java:commitTransactions(224)) - Transaction txId=30 commit by dnId=e5d3e9d3-1367-47eb-ad7f-372895a70f55 for containerID=#30 failed. Corresponding entry not found.
2021-08-14 14:05:29,021 [EventQueue-DeleteBlockStatusForDeletedBlockLogImpl] DEBUG block.DeletedBlockLogImpl (DeletedBlockLogImpl.java:isTransactionFailed(278)) - Got block deletion ACK from datanode, TXIDs=31, success=true
2021-08-14 14:05:29,021 [EventQueue-DeleteBlockStatusForDeletedBlockLogImpl] DEBUG block.DeletedBlockLogImpl (DeletedBlockLogImpl.java:commitTransactions(224)) - Transaction txId=31 commit by dnId=e5d3e9d3-1367-47eb-ad7f-372895a70f55 for containerID=#31 failed. Corresponding entry not found.
2021-08-14 14:05:29,021 [EventQueue-DeleteBlockStatusForDeletedBlockLogImpl] DEBUG block.DeletedBlockLogImpl (DeletedBlockLogImpl.java:isTransactionFailed(278)) - Got block deletion ACK from datanode, TXIDs=32, success=true
2021-08-14 14:05:29,021 [EventQueue-DeleteBlockStatusForDeletedBlockLogImpl] DEBUG block.DeletedBlockLogImpl (DeletedBlockLogImpl.java:commitTransactions(224)) - Transaction txId=32 commit by dnId=e5d3e9d3-1367-47eb-ad7f-372895a70f55 for containerID=#32 failed. Corresponding entry not found.
2021-08-14 14:05:29,021 [EventQueue-DeleteBlockStatusForDeletedBlockLogImpl] DEBUG block.DeletedBlockLogImpl (DeletedBlockLogImpl.java:isTransactionFailed(278)) - Got block deletion ACK from datanode, TXIDs=33, success=true
2021-08-14 14:05:29,021 [EventQueue-DeleteBlockStatusForDeletedBlockLogImpl] DEBUG block.DeletedBlockLogImpl (DeletedBlockLogImpl.java:commitTransactions(224)) - Transaction txId=33 commit by dnId=e5d3e9d3-1367-47eb-ad7f-372895a70f55 for containerID=#33 failed. Corresponding entry not found.
2021-08-14 14:05:29,021 [EventQueue-DeleteBlockStatusForDeletedBlockLogImpl] DEBUG block.DeletedBlockLogImpl (DeletedBlockLogImpl.java:isTransactionFailed(278)) - Got block deletion ACK from datanode, TXIDs=34, success=true
2021-08-14 14:05:29,021 [EventQueue-DeleteBlockStatusForDeletedBlockLogImpl] DEBUG block.DeletedBlockLogImpl (DeletedBlockLogImpl.java:commitTransactions(224)) - Transaction txId=34 commit by dnId=e5d3e9d3-1367-47eb-ad7f-372895a70f55 for containerID=#34 failed. Corresponding entry not found.
2021-08-14 14:05:29,021 [EventQueue-DeleteBlockStatusForDeletedBlockLogImpl] DEBUG block.DeletedBlockLogImpl (DeletedBlockLogImpl.java:isTransactionFailed(278)) - Got block deletion ACK from datanode, TXIDs=35, success=true
2021-08-14 14:05:29,021 [EventQueue-DeleteBlockStatusForDeletedBlockLogImpl] DEBUG block.DeletedBlockLogImpl (DeletedBlockLogImpl.java:commitTransactions(224)) - Transaction txId=35 commit by dnId=e5d3e9d3-1367-47eb-ad7f-372895a70f55 for containerID=#35 failed. Corresponding entry not found.
2021-08-14 14:05:29,021 [EventQueue-DeleteBlockStatusForDeletedBlockLogImpl] DEBUG block.DeletedBlockLogImpl (DeletedBlockLogImpl.java:isTransactionFailed(278)) - Got block deletion ACK from datanode, TXIDs=36, success=true
2021-08-14 14:05:29,021 [EventQueue-DeleteBlockStatusForDeletedBlockLogImpl] DEBUG block.DeletedBlockLogImpl (DeletedBlockLogImpl.java:commitTransactions(224)) - Transaction txId=36 commit by dnId=e5d3e9d3-1367-47eb-ad7f-372895a70f55 for containerID=#36 failed. Corresponding entry not found.
2021-08-14 14:05:29,021 [EventQueue-DeleteBlockStatusForDeletedBlockLogImpl] DEBUG block.DeletedBlockLogImpl (DeletedBlockLogImpl.java:isTransactionFailed(278)) - Got block deletion ACK from datanode, TXIDs=37, success=true
2021-08-14 14:05:29,021 [EventQueue-DeleteBlockStatusForDeletedBlockLogImpl] DEBUG block.DeletedBlockLogImpl (DeletedBlockLogImpl.java:commitTransactions(224)) - Transaction txId=37 commit by dnId=e5d3e9d3-1367-47eb-ad7f-372895a70f55 for containerID=#37 failed. Corresponding entry not found.
2021-08-14 14:05:29,021 [EventQueue-DeleteBlockStatusForDeletedBlockLogImpl] DEBUG block.DeletedBlockLogImpl (DeletedBlockLogImpl.java:isTransactionFailed(278)) - Got block deletion ACK from datanode, TXIDs=38, success=true
2021-08-14 14:05:29,021 [EventQueue-DeleteBlockStatusForDeletedBlockLogImpl] DEBUG block.DeletedBlockLogImpl (DeletedBlockLogImpl.java:commitTransactions(224)) - Transaction txId=38 commit by dnId=e5d3e9d3-1367-47eb-ad7f-372895a70f55 for containerID=#38 failed. Corresponding entry not found.
2021-08-14 14:05:29,022 [EventQueue-DeleteBlockStatusForDeletedBlockLogImpl] DEBUG block.DeletedBlockLogImpl (DeletedBlockLogImpl.java:isTransactionFailed(278)) - Got block deletion ACK from datanode, TXIDs=39, success=true
2021-08-14 14:05:29,022 [EventQueue-DeleteBlockStatusForDeletedBlockLogImpl] DEBUG block.DeletedBlockLogImpl (DeletedBlockLogImpl.java:commitTransactions(224)) - Transaction txId=39 commit by dnId=e5d3e9d3-1367-47eb-ad7f-372895a70f55 for containerID=#39 failed. Corresponding entry not found.
2021-08-14 14:05:29,022 [EventQueue-DeleteBlockStatusForDeletedBlockLogImpl] DEBUG block.DeletedBlockLogImpl (DeletedBlockLogImpl.java:isTransactionFailed(278)) - Got block deletion ACK from datanode, TXIDs=40, success=true
2021-08-14 14:05:29,022 [EventQueue-DeleteBlockStatusForDeletedBlockLogImpl] DEBUG block.DeletedBlockLogImpl (DeletedBlockLogImpl.java:commitTransactions(224)) - Transaction txId=40 commit by dnId=e5d3e9d3-1367-47eb-ad7f-372895a70f55 for containerID=#40 failed. Corresponding entry not found.
2021-08-14 14:05:29,022 [EventQueue-DeleteBlockStatusForDeletedBlockLogImpl] DEBUG block.DeletedBlockLogImpl (DeletedBlockLogImpl.java:isTransactionFailed(278)) - Got block deletion ACK from datanode, TXIDs=41, success=true
2021-08-14 14:05:29,022 [EventQueue-DeleteBlockStatusForDeletedBlockLogImpl] DEBUG block.DeletedBlockLogImpl (DeletedBlockLogImpl.java:commitTransactions(224)) - Transaction txId=41 commit by dnId=e5d3e9d3-1367-47eb-ad7f-372895a70f55 for containerID=#41 failed. Corresponding entry not found.
2021-08-14 14:05:29,022 [EventQueue-DeleteBlockStatusForDeletedBlockLogImpl] DEBUG block.DeletedBlockLogImpl (DeletedBlockLogImpl.java:isTransactionFailed(278)) - Got block deletion ACK from datanode, TXIDs=42, success=true
2021-08-14 14:05:29,022 [EventQueue-DeleteBlockStatusForDeletedBlockLogImpl] DEBUG block.DeletedBlockLogImpl (DeletedBlockLogImpl.java:commitTransactions(224)) - Transaction txId=42 commit by dnId=e5d3e9d3-1367-47eb-ad7f-372895a70f55 for containerID=#42 failed. Corresponding entry not found.
2021-08-14 14:05:29,022 [EventQueue-DeleteBlockStatusForDeletedBlockLogImpl] DEBUG block.DeletedBlockLogImpl (DeletedBlockLogImpl.java:isTransactionFailed(278)) - Got block deletion ACK from datanode, TXIDs=43, success=true
2021-08-14 14:05:29,022 [EventQueue-DeleteBlockStatusForDeletedBlockLogImpl] DEBUG block.DeletedBlockLogImpl (DeletedBlockLogImpl.java:commitTransactions(224)) - Transaction txId=43 commit by dnId=e5d3e9d3-1367-47eb-ad7f-372895a70f55 for containerID=#43 failed. Corresponding entry not found.
2021-08-14 14:05:29,022 [EventQueue-DeleteBlockStatusForDeletedBlockLogImpl] DEBUG block.DeletedBlockLogImpl (DeletedBlockLogImpl.java:isTransactionFailed(278)) - Got block deletion ACK from datanode, TXIDs=44, success=true
2021-08-14 14:05:29,022 [EventQueue-DeleteBlockStatusForDeletedBlockLogImpl] DEBUG block.DeletedBlockLogImpl (DeletedBlockLogImpl.java:commitTransactions(224)) - Transaction txId=44 commit by dnId=e5d3e9d3-1367-47eb-ad7f-372895a70f55 for containerID=#44 failed. Corresponding entry not found.
2021-08-14 14:05:29,022 [EventQueue-DeleteBlockStatusForDeletedBlockLogImpl] DEBUG block.DeletedBlockLogImpl (DeletedBlockLogImpl.java:isTransactionFailed(278)) - Got block deletion ACK from datanode, TXIDs=45, success=true
2021-08-14 14:05:29,022 [EventQueue-DeleteBlockStatusForDeletedBlockLogImpl] DEBUG block.DeletedBlockLogImpl (DeletedBlockLogImpl.java:commitTransactions(224)) - Transaction txId=45 commit by dnId=e5d3e9d3-1367-47eb-ad7f-372895a70f55 for containerID=#45 failed. Corresponding entry not found.
2021-08-14 14:05:29,022 [EventQueue-DeleteBlockStatusForDeletedBlockLogImpl] DEBUG block.DeletedBlockLogImpl (DeletedBlockLogImpl.java:isTransactionFailed(278)) - Got block deletion ACK from datanode, TXIDs=46, success=true
2021-08-14 14:05:29,022 [EventQueue-DeleteBlockStatusForDeletedBlockLogImpl] DEBUG block.DeletedBlockLogImpl (DeletedBlockLogImpl.java:commitTransactions(224)) - Transaction txId=46 commit by dnId=e5d3e9d3-1367-47eb-ad7f-372895a70f55 for containerID=#46 failed. Corresponding entry not found.
2021-08-14 14:05:29,022 [EventQueue-DeleteBlockStatusForDeletedBlockLogImpl] DEBUG block.DeletedBlockLogImpl (DeletedBlockLogImpl.java:isTransactionFailed(278)) - Got block deletion ACK from datanode, TXIDs=47, success=true
2021-08-14 14:05:29,022 [EventQueue-DeleteBlockStatusForDeletedBlockLogImpl] DEBUG block.DeletedBlockLogImpl (DeletedBlockLogImpl.java:commitTransactions(224)) - Transaction txId=47 commit by dnId=e5d3e9d3-1367-47eb-ad7f-372895a70f55 for containerID=#47 failed. Corresponding entry not found.
2021-08-14 14:05:29,022 [EventQueue-DeleteBlockStatusForDeletedBlockLogImpl] DEBUG block.DeletedBlockLogImpl (DeletedBlockLogImpl.java:isTransactionFailed(278)) - Got block deletion ACK from datanode, TXIDs=48, success=true
2021-08-14 14:05:29,022 [EventQueue-DeleteBlockStatusForDeletedBlockLogImpl] DEBUG block.DeletedBlockLogImpl (DeletedBlockLogImpl.java:commitTransactions(224)) - Transaction txId=48 commit by dnId=e5d3e9d3-1367-47eb-ad7f-372895a70f55 for containerID=#48 failed. Corresponding entry not found.
2021-08-14 14:05:29,022 [EventQueue-DeleteBlockStatusForDeletedBlockLogImpl] DEBUG block.DeletedBlockLogImpl (DeletedBlockLogImpl.java:isTransactionFailed(278)) - Got block deletion ACK from datanode, TXIDs=49, success=true
2021-08-14 14:05:29,022 [EventQueue-DeleteBlockStatusForDeletedBlockLogImpl] DEBUG block.DeletedBlockLogImpl (DeletedBlockLogImpl.java:commitTransactions(224)) - Transaction txId=49 commit by dnId=e5d3e9d3-1367-47eb-ad7f-372895a70f55 for containerID=#49 failed. Corresponding entry not found.
2021-08-14 14:05:29,022 [EventQueue-DeleteBlockStatusForDeletedBlockLogImpl] DEBUG block.DeletedBlockLogImpl (DeletedBlockLogImpl.java:isTransactionFailed(278)) - Got block deletion ACK from datanode, TXIDs=50, success=true
2021-08-14 14:05:29,022 [EventQueue-DeleteBlockStatusForDeletedBlockLogImpl] DEBUG block.DeletedBlockLogImpl (DeletedBlockLogImpl.java:commitTransactions(224)) - Transaction txId=50 commit by dnId=e5d3e9d3-1367-47eb-ad7f-372895a70f55 for containerID=#50 failed. Corresponding entry not found.
2021-08-14 14:05:29,022 [EventQueue-DeleteBlockStatusForDeletedBlockLogImpl] DEBUG block.DeletedBlockLogImpl (DeletedBlockLogImpl.java:isTransactionFailed(278)) - Got block deletion ACK from datanode, TXIDs=51, success=true
2021-08-14 14:05:29,022 [EventQueue-DeleteBlockStatusForDeletedBlockLogImpl] DEBUG block.DeletedBlockLogImpl (DeletedBlockLogImpl.java:commitTransactions(224)) - Transaction txId=51 commit by dnId=e5d3e9d3-1367-47eb-ad7f-372895a70f55 for containerID=#51 failed. Corresponding entry not found.
2021-08-14 14:05:29,022 [EventQueue-DeleteBlockStatusForDeletedBlockLogImpl] DEBUG block.DeletedBlockLogImpl (DeletedBlockLogImpl.java:isTransactionFailed(278)) - Got block deletion ACK from datanode, TXIDs=52, success=true
2021-08-14 14:05:29,022 [EventQueue-DeleteBlockStatusForDeletedBlockLogImpl] DEBUG block.DeletedBlockLogImpl (DeletedBlockLogImpl.java:commitTransactions(224)) - Transaction txId=52 commit by dnId=e5d3e9d3-1367-47eb-ad7f-372895a70f55 for containerID=#52 failed. Corresponding entry not found.
2021-08-14 14:05:29,022 [EventQueue-DeleteBlockStatusForDeletedBlockLogImpl] DEBUG block.DeletedBlockLogImpl (DeletedBlockLogImpl.java:isTransactionFailed(278)) - Got block deletion ACK from datanode, TXIDs=53, success=true
2021-08-14 14:05:29,022 [EventQueue-DeleteBlockStatusForDeletedBlockLogImpl] DEBUG block.DeletedBlockLogImpl (DeletedBlockLogImpl.java:commitTransactions(224)) - Transaction txId=53 commit by dnId=e5d3e9d3-1367-47eb-ad7f-372895a70f55 for containerID=#53 failed. Corresponding entry not found.
2021-08-14 14:05:29,022 [EventQueue-DeleteBlockStatusForDeletedBlockLogImpl] DEBUG block.DeletedBlockLogImpl (DeletedBlockLogImpl.java:isTransactionFailed(278)) - Got block deletion ACK from datanode, TXIDs=54, success=true
2021-08-14 14:05:29,022 [EventQueue-DeleteBlockStatusForDeletedBlockLogImpl] DEBUG block.DeletedBlockLogImpl (DeletedBlockLogImpl.java:commitTransactions(224)) - Transaction txId=54 commit by dnId=e5d3e9d3-1367-47eb-ad7f-372895a70f55 for containerID=#54 failed. Corresponding entry not found.
2021-08-14 14:05:29,022 [EventQueue-DeleteBlockStatusForDeletedBlockLogImpl] DEBUG block.DeletedBlockLogImpl (DeletedBlockLogImpl.java:isTransactionFailed(278)) - Got block deletion ACK from datanode, TXIDs=55, success=true
2021-08-14 14:05:29,022 [EventQueue-DeleteBlockStatusForDeletedBlockLogImpl] DEBUG block.DeletedBlockLogImpl (DeletedBlockLogImpl.java:commitTransactions(224)) - Transaction txId=55 commit by dnId=e5d3e9d3-1367-47eb-ad7f-372895a70f55 for containerID=#55 failed. Corresponding entry not found.
2021-08-14 14:05:29,022 [EventQueue-DeleteBlockStatusForDeletedBlockLogImpl] DEBUG block.DeletedBlockLogImpl (DeletedBlockLogImpl.java:isTransactionFailed(278)) - Got block deletion ACK from datanode, TXIDs=56, success=true
2021-08-14 14:05:29,022 [EventQueue-DeleteBlockStatusForDeletedBlockLogImpl] DEBUG block.DeletedBlockLogImpl (DeletedBlockLogImpl.java:commitTransactions(224)) - Transaction txId=56 commit by dnId=e5d3e9d3-1367-47eb-ad7f-372895a70f55 for containerID=#56 failed. Corresponding entry not found.
2021-08-14 14:05:29,022 [EventQueue-DeleteBlockStatusForDeletedBlockLogImpl] DEBUG block.DeletedBlockLogImpl (DeletedBlockLogImpl.java:isTransactionFailed(278)) - Got block deletion ACK from datanode, TXIDs=1, success=true
2021-08-14 14:05:29,022 [EventQueue-DeleteBlockStatusForDeletedBlockLogImpl] DEBUG block.DeletedBlockLogImpl (DeletedBlockLogImpl.java:commitTransactions(224)) - Transaction txId=1 commit by dnId=e5d3e9d3-1367-47eb-ad7f-372895a70f55 for containerID=#1 failed. Corresponding entry not found.
2021-08-14 14:05:29,023 [EventQueue-DeleteBlockStatusForDeletedBlockLogImpl] DEBUG block.DeletedBlockLogImpl (DeletedBlockLogImpl.java:isTransactionFailed(278)) - Got block deletion ACK from datanode, TXIDs=2, success=true
2021-08-14 14:05:29,023 [EventQueue-DeleteBlockStatusForDeletedBlockLogImpl] DEBUG block.DeletedBlockLogImpl (DeletedBlockLogImpl.java:commitTransactions(224)) - Transaction txId=2 commit by dnId=e5d3e9d3-1367-47eb-ad7f-372895a70f55 for containerID=#2 failed. Corresponding entry not found.
2021-08-14 14:05:29,023 [EventQueue-DeleteBlockStatusForDeletedBlockLogImpl] DEBUG block.DeletedBlockLogImpl (DeletedBlockLogImpl.java:isTransactionFailed(278)) - Got block deletion ACK from datanode, TXIDs=3, success=true
2021-08-14 14:05:29,023 [EventQueue-DeleteBlockStatusForDeletedBlockLogImpl] DEBUG block.DeletedBlockLogImpl (DeletedBlockLogImpl.java:commitTransactions(224)) - Transaction txId=3 commit by dnId=e5d3e9d3-1367-47eb-ad7f-372895a70f55 for containerID=#3 failed. Corresponding entry not found.
2021-08-14 14:05:29,023 [EventQueue-DeleteBlockStatusForDeletedBlockLogImpl] DEBUG block.DeletedBlockLogImpl (DeletedBlockLogImpl.java:isTransactionFailed(278)) - Got block deletion ACK from datanode, TXIDs=4, success=true
2021-08-14 14:05:29,023 [EventQueue-DeleteBlockStatusForDeletedBlockLogImpl] DEBUG block.DeletedBlockLogImpl (DeletedBlockLogImpl.java:commitTransactions(224)) - Transaction txId=4 commit by dnId=e5d3e9d3-1367-47eb-ad7f-372895a70f55 for containerID=#4 failed. Corresponding entry not found.
2021-08-14 14:05:29,023 [EventQueue-DeleteBlockStatusForDeletedBlockLogImpl] DEBUG block.DeletedBlockLogImpl (DeletedBlockLogImpl.java:isTransactionFailed(278)) - Got block deletion ACK from datanode, TXIDs=5, success=true
2021-08-14 14:05:29,023 [EventQueue-DeleteBlockStatusForDeletedBlockLogImpl] DEBUG block.DeletedBlockLogImpl (DeletedBlockLogImpl.java:commitTransactions(224)) - Transaction txId=5 commit by dnId=e5d3e9d3-1367-47eb-ad7f-372895a70f55 for containerID=#5 failed. Corresponding entry not found.
2021-08-14 14:05:29,023 [EventQueue-DeleteBlockStatusForDeletedBlockLogImpl] DEBUG block.DeletedBlockLogImpl (DeletedBlockLogImpl.java:isTransactionFailed(278)) - Got block deletion ACK from datanode, TXIDs=6, success=true
2021-08-14 14:05:29,023 [EventQueue-DeleteBlockStatusForDeletedBlockLogImpl] DEBUG block.DeletedBlockLogImpl (DeletedBlockLogImpl.java:commitTransactions(224)) - Transaction txId=6 commit by dnId=e5d3e9d3-1367-47eb-ad7f-372895a70f55 for containerID=#6 failed. Corresponding entry not found.
2021-08-14 14:05:29,023 [EventQueue-DeleteBlockStatusForDeletedBlockLogImpl] DEBUG block.DeletedBlockLogImpl (DeletedBlockLogImpl.java:isTransactionFailed(278)) - Got block deletion ACK from datanode, TXIDs=7, success=true
2021-08-14 14:05:29,023 [EventQueue-DeleteBlockStatusForDeletedBlockLogImpl] DEBUG block.DeletedBlockLogImpl (DeletedBlockLogImpl.java:commitTransactions(224)) - Transaction txId=7 commit by dnId=e5d3e9d3-1367-47eb-ad7f-372895a70f55 for containerID=#7 failed. Corresponding entry not found.
2021-08-14 14:05:29,023 [EventQueue-DeleteBlockStatusForDeletedBlockLogImpl] DEBUG block.DeletedBlockLogImpl (DeletedBlockLogImpl.java:isTransactionFailed(278)) - Got block deletion ACK from datanode, TXIDs=8, success=true
2021-08-14 14:05:29,023 [EventQueue-DeleteBlockStatusForDeletedBlockLogImpl] DEBUG block.DeletedBlockLogImpl (DeletedBlockLogImpl.java:commitTransactions(224)) - Transaction txId=8 commit by dnId=e5d3e9d3-1367-47eb-ad7f-372895a70f55 for containerID=#8 failed. Corresponding entry not found.
2021-08-14 14:05:29,023 [EventQueue-DeleteBlockStatusForDeletedBlockLogImpl] DEBUG block.DeletedBlockLogImpl (DeletedBlockLogImpl.java:isTransactionFailed(278)) - Got block deletion ACK from datanode, TXIDs=9, success=true
2021-08-14 14:05:29,023 [EventQueue-DeleteBlockStatusForDeletedBlockLogImpl] DEBUG block.DeletedBlockLogImpl (DeletedBlockLogImpl.java:commitTransactions(224)) - Transaction txId=9 commit by dnId=e5d3e9d3-1367-47eb-ad7f-372895a70f55 for containerID=#9 failed. Corresponding entry not found.
2021-08-14 14:05:29,023 [EventQueue-DeleteBlockStatusForDeletedBlockLogImpl] DEBUG block.DeletedBlockLogImpl (DeletedBlockLogImpl.java:isTransactionFailed(278)) - Got block deletion ACK from datanode, TXIDs=10, success=true
2021-08-14 14:05:29,023 [EventQueue-DeleteBlockStatusForDeletedBlockLogImpl] DEBUG block.DeletedBlockLogImpl (DeletedBlockLogImpl.java:commitTransactions(224)) - Transaction txId=10 commit by dnId=e5d3e9d3-1367-47eb-ad7f-372895a70f55 for containerID=#10 failed. Corresponding entry not found.
2021-08-14 14:05:29,023 [EventQueue-DeleteBlockStatusForDeletedBlockLogImpl] DEBUG block.DeletedBlockLogImpl (DeletedBlockLogImpl.java:isTransactionFailed(278)) - Got block deletion ACK from datanode, TXIDs=11, success=true
2021-08-14 14:05:29,023 [EventQueue-DeleteBlockStatusForDeletedBlockLogImpl] DEBUG block.DeletedBlockLogImpl (DeletedBlockLogImpl.java:commitTransactions(224)) - Transaction txId=11 commit by dnId=e5d3e9d3-1367-47eb-ad7f-372895a70f55 for containerID=#11 failed. Corresponding entry not found.
2021-08-14 14:05:29,023 [EventQueue-DeleteBlockStatusForDeletedBlockLogImpl] DEBUG block.DeletedBlockLogImpl (DeletedBlockLogImpl.java:isTransactionFailed(278)) - Got block deletion ACK from datanode, TXIDs=12, success=true
2021-08-14 14:05:29,023 [EventQueue-DeleteBlockStatusForDeletedBlockLogImpl] DEBUG block.DeletedBlockLogImpl (DeletedBlockLogImpl.java:commitTransactions(224)) - Transaction txId=12 commit by dnId=e5d3e9d3-1367-47eb-ad7f-372895a70f55 for containerID=#12 failed. Corresponding entry not found.
2021-08-14 14:05:29,023 [EventQueue-DeleteBlockStatusForDeletedBlockLogImpl] DEBUG block.DeletedBlockLogImpl (DeletedBlockLogImpl.java:isTransactionFailed(278)) - Got block deletion ACK from datanode, TXIDs=13, success=true
2021-08-14 14:05:29,023 [EventQueue-DeleteBlockStatusForDeletedBlockLogImpl] DEBUG block.DeletedBlockLogImpl (DeletedBlockLogImpl.java:commitTransactions(224)) - Transaction txId=13 commit by dnId=e5d3e9d3-1367-47eb-ad7f-372895a70f55 for containerID=#13 failed. Corresponding entry not found.
2021-08-14 14:05:29,023 [EventQueue-DeleteBlockStatusForDeletedBlockLogImpl] DEBUG block.DeletedBlockLogImpl (DeletedBlockLogImpl.java:isTransactionFailed(278)) - Got block deletion ACK from datanode, TXIDs=14, success=true
2021-08-14 14:05:29,023 [EventQueue-DeleteBlockStatusForDeletedBlockLogImpl] DEBUG block.DeletedBlockLogImpl (DeletedBlockLogImpl.java:commitTransactions(224)) - Transaction txId=14 commit by dnId=e5d3e9d3-1367-47eb-ad7f-372895a70f55 for containerID=#14 failed. Corresponding entry not found.
2021-08-14 14:05:29,023 [EventQueue-DeleteBlockStatusForDeletedBlockLogImpl] DEBUG block.DeletedBlockLogImpl (DeletedBlockLogImpl.java:isTransactionFailed(278)) - Got block deletion ACK from datanode, TXIDs=15, success=true
2021-08-14 14:05:29,023 [EventQueue-DeleteBlockStatusForDeletedBlockLogImpl] DEBUG block.DeletedBlockLogImpl (DeletedBlockLogImpl.java:commitTransactions(224)) - Transaction txId=15 commit by dnId=e5d3e9d3-1367-47eb-ad7f-372895a70f55 for containerID=#15 failed. Corresponding entry not found.
2021-08-14 14:05:29,023 [EventQueue-DeleteBlockStatusForDeletedBlockLogImpl] DEBUG block.DeletedBlockLogImpl (DeletedBlockLogImpl.java:isTransactionFailed(278)) - Got block deletion ACK from datanode, TXIDs=16, success=true
2021-08-14 14:05:29,023 [EventQueue-DeleteBlockStatusForDeletedBlockLogImpl] DEBUG block.DeletedBlockLogImpl (DeletedBlockLogImpl.java:commitTransactions(224)) - Transaction txId=16 commit by dnId=e5d3e9d3-1367-47eb-ad7f-372895a70f55 for containerID=#16 failed. Corresponding entry not found.
2021-08-14 14:05:29,023 [EventQueue-DeleteBlockStatusForDeletedBlockLogImpl] DEBUG block.DeletedBlockLogImpl (DeletedBlockLogImpl.java:isTransactionFailed(278)) - Got block deletion ACK from datanode, TXIDs=17, success=true
2021-08-14 14:05:29,023 [EventQueue-DeleteBlockStatusForDeletedBlockLogImpl] DEBUG block.DeletedBlockLogImpl (DeletedBlockLogImpl.java:commitTransactions(224)) - Transaction txId=17 commit by dnId=e5d3e9d3-1367-47eb-ad7f-372895a70f55 for containerID=#17 failed. Corresponding entry not found.
2021-08-14 14:05:29,023 [EventQueue-DeleteBlockStatusForDeletedBlockLogImpl] DEBUG block.DeletedBlockLogImpl (DeletedBlockLogImpl.java:isTransactionFailed(278)) - Got block deletion ACK from datanode, TXIDs=18, success=true
2021-08-14 14:05:29,023 [EventQueue-DeleteBlockStatusForDeletedBlockLogImpl] DEBUG block.DeletedBlockLogImpl (DeletedBlockLogImpl.java:commitTransactions(224)) - Transaction txId=18 commit by dnId=e5d3e9d3-1367-47eb-ad7f-372895a70f55 for containerID=#18 failed. Corresponding entry not found.
2021-08-14 14:05:29,023 [EventQueue-DeleteBlockStatusForDeletedBlockLogImpl] DEBUG block.DeletedBlockLogImpl (DeletedBlockLogImpl.java:isTransactionFailed(278)) - Got block deletion ACK from datanode, TXIDs=19, success=true
2021-08-14 14:05:29,023 [EventQueue-DeleteBlockStatusForDeletedBlockLogImpl] DEBUG block.DeletedBlockLogImpl (DeletedBlockLogImpl.java:commitTransactions(224)) - Transaction txId=19 commit by dnId=e5d3e9d3-1367-47eb-ad7f-372895a70f55 for containerID=#19 failed. Corresponding entry not found.
2021-08-14 14:05:29,023 [EventQueue-DeleteBlockStatusForDeletedBlockLogImpl] DEBUG block.DeletedBlockLogImpl (DeletedBlockLogImpl.java:isTransactionFailed(278)) - Got block deletion ACK from datanode, TXIDs=20, success=true
2021-08-14 14:05:29,023 [EventQueue-DeleteBlockStatusForDeletedBlockLogImpl] DEBUG block.DeletedBlockLogImpl (DeletedBlockLogImpl.java:commitTransactions(224)) - Transaction txId=20 commit by dnId=e5d3e9d3-1367-47eb-ad7f-372895a70f55 for containerID=#20 failed. Corresponding entry not found.
2021-08-14 14:05:29,023 [EventQueue-DeleteBlockStatusForDeletedBlockLogImpl] DEBUG block.DeletedBlockLogImpl (DeletedBlockLogImpl.java:isTransactionFailed(278)) - Got block deletion ACK from datanode, TXIDs=21, success=true
2021-08-14 14:05:29,023 [EventQueue-DeleteBlockStatusForDeletedBlockLogImpl] DEBUG block.DeletedBlockLogImpl (DeletedBlockLogImpl.java:commitTransactions(224)) - Transaction txId=21 commit by dnId=e5d3e9d3-1367-47eb-ad7f-372895a70f55 for containerID=#21 failed. Corresponding entry not found.
2021-08-14 14:05:29,024 [EventQueue-DeleteBlockStatusForDeletedBlockLogImpl] DEBUG block.DeletedBlockLogImpl (DeletedBlockLogImpl.java:isTransactionFailed(278)) - Got block deletion ACK from datanode, TXIDs=22, success=true
2021-08-14 14:05:29,024 [EventQueue-DeleteBlockStatusForDeletedBlockLogImpl] DEBUG block.DeletedBlockLogImpl (DeletedBlockLogImpl.java:commitTransactions(224)) - Transaction txId=22 commit by dnId=e5d3e9d3-1367-47eb-ad7f-372895a70f55 for containerID=#22 failed. Corresponding entry not found.
2021-08-14 14:05:29,024 [EventQueue-DeleteBlockStatusForDeletedBlockLogImpl] DEBUG block.DeletedBlockLogImpl (DeletedBlockLogImpl.java:isTransactionFailed(278)) - Got block deletion ACK from datanode, TXIDs=23, success=true
2021-08-14 14:05:29,024 [EventQueue-DeleteBlockStatusForDeletedBlockLogImpl] DEBUG block.DeletedBlockLogImpl (DeletedBlockLogImpl.java:commitTransactions(224)) - Transaction txId=23 commit by dnId=e5d3e9d3-1367-47eb-ad7f-372895a70f55 for containerID=#23 failed. Corresponding entry not found.
2021-08-14 14:05:29,024 [EventQueue-DeleteBlockStatusForDeletedBlockLogImpl] DEBUG block.DeletedBlockLogImpl (DeletedBlockLogImpl.java:isTransactionFailed(278)) - Got block deletion ACK from datanode, TXIDs=24, success=true
2021-08-14 14:05:29,024 [EventQueue-DeleteBlockStatusForDeletedBlockLogImpl] DEBUG block.DeletedBlockLogImpl (DeletedBlockLogImpl.java:commitTransactions(224)) - Transaction txId=24 commit by dnId=e5d3e9d3-1367-47eb-ad7f-372895a70f55 for containerID=#24 failed. Corresponding entry not found.
2021-08-14 14:05:29,024 [EventQueue-DeleteBlockStatusForDeletedBlockLogImpl] DEBUG block.DeletedBlockLogImpl (DeletedBlockLogImpl.java:isTransactionFailed(278)) - Got block deletion ACK from datanode, TXIDs=25, success=true
2021-08-14 14:05:29,024 [EventQueue-DeleteBlockStatusForDeletedBlockLogImpl] DEBUG block.DeletedBlockLogImpl (DeletedBlockLogImpl.java:commitTransactions(224)) - Transaction txId=25 commit by dnId=e5d3e9d3-1367-47eb-ad7f-372895a70f55 for containerID=#25 failed. Corresponding entry not found.
2021-08-14 14:05:29,024 [EventQueue-DeleteBlockStatusForDeletedBlockLogImpl] DEBUG block.DeletedBlockLogImpl (DeletedBlockLogImpl.java:isTransactionFailed(278)) - Got block deletion ACK from datanode, TXIDs=26, success=true
2021-08-14 14:05:29,024 [EventQueue-DeleteBlockStatusForDeletedBlockLogImpl] DEBUG block.DeletedBlockLogImpl (DeletedBlockLogImpl.java:commitTransactions(224)) - Transaction txId=26 commit by dnId=e5d3e9d3-1367-47eb-ad7f-372895a70f55 for containerID=#26 failed. Corresponding entry not found.
2021-08-14 14:05:29,024 [EventQueue-DeleteBlockStatusForDeletedBlockLogImpl] DEBUG block.DeletedBlockLogImpl (DeletedBlockLogImpl.java:isTransactionFailed(278)) - Got block deletion ACK from datanode, TXIDs=27, success=true
2021-08-14 14:05:29,024 [EventQueue-DeleteBlockStatusForDeletedBlockLogImpl] DEBUG block.DeletedBlockLogImpl (DeletedBlockLogImpl.java:commitTransactions(224)) - Transaction txId=27 commit by dnId=e5d3e9d3-1367-47eb-ad7f-372895a70f55 for containerID=#27 failed. Corresponding entry not found.
2021-08-14 14:05:29,024 [EventQueue-DeleteBlockStatusForDeletedBlockLogImpl] DEBUG block.DeletedBlockLogImpl (DeletedBlockLogImpl.java:isTransactionFailed(278)) - Got block deletion ACK from datanode, TXIDs=28, success=true
2021-08-14 14:05:29,024 [EventQueue-DeleteBlockStatusForDeletedBlockLogImpl] DEBUG block.DeletedBlockLogImpl (DeletedBlockLogImpl.java:commitTransactions(224)) - Transaction txId=28 commit by dnId=e5d3e9d3-1367-47eb-ad7f-372895a70f55 for containerID=#28 failed. Corresponding entry not found.
2021-08-14 14:05:29,024 [EventQueue-DeleteBlockStatusForDeletedBlockLogImpl] DEBUG block.DeletedBlockLogImpl (DeletedBlockLogImpl.java:isTransactionFailed(278)) - Got block deletion ACK from datanode, TXIDs=29, success=true
2021-08-14 14:05:29,024 [EventQueue-DeleteBlockStatusForDeletedBlockLogImpl] DEBUG block.DeletedBlockLogImpl (DeletedBlockLogImpl.java:commitTransactions(224)) - Transaction txId=29 commit by dnId=e5d3e9d3-1367-47eb-ad7f-372895a70f55 for containerID=#29 failed. Corresponding entry not found.
2021-08-14 14:05:29,024 [EventQueue-DeleteBlockStatusForDeletedBlockLogImpl] DEBUG block.DeletedBlockLogImpl (DeletedBlockLogImpl.java:isTransactionFailed(278)) - Got block deletion ACK from datanode, TXIDs=30, success=true
2021-08-14 14:05:29,024 [EventQueue-DeleteBlockStatusForDeletedBlockLogImpl] DEBUG block.DeletedBlockLogImpl (DeletedBlockLogImpl.java:commitTransactions(224)) - Transaction txId=30 commit by dnId=e5d3e9d3-1367-47eb-ad7f-372895a70f55 for containerID=#30 failed. Corresponding entry not found.
2021-08-14 14:05:29,024 [EventQueue-DeleteBlockStatusForDeletedBlockLogImpl] DEBUG block.DeletedBlockLogImpl (DeletedBlockLogImpl.java:isTransactionFailed(278)) - Got block deletion ACK from datanode, TXIDs=31, success=true
2021-08-14 14:05:29,024 [EventQueue-DeleteBlockStatusForDeletedBlockLogImpl] DEBUG block.DeletedBlockLogImpl (DeletedBlockLogImpl.java:commitTransactions(224)) - Transaction txId=31 commit by dnId=e5d3e9d3-1367-47eb-ad7f-372895a70f55 for containerID=#31 failed. Corresponding entry not found.
2021-08-14 14:05:29,024 [EventQueue-DeleteBlockStatusForDeletedBlockLogImpl] DEBUG block.DeletedBlockLogImpl (DeletedBlockLogImpl.java:isTransactionFailed(278)) - Got block deletion ACK from datanode, TXIDs=32, success=true
2021-08-14 14:05:29,024 [EventQueue-DeleteBlockStatusForDeletedBlockLogImpl] DEBUG block.DeletedBlockLogImpl (DeletedBlockLogImpl.java:commitTransactions(224)) - Transaction txId=32 commit by dnId=e5d3e9d3-1367-47eb-ad7f-372895a70f55 for containerID=#32 failed. Corresponding entry not found.
2021-08-14 14:05:29,024 [EventQueue-DeleteBlockStatusForDeletedBlockLogImpl] DEBUG block.DeletedBlockLogImpl (DeletedBlockLogImpl.java:isTransactionFailed(278)) - Got block deletion ACK from datanode, TXIDs=33, success=true
2021-08-14 14:05:29,024 [EventQueue-DeleteBlockStatusForDeletedBlockLogImpl] DEBUG block.DeletedBlockLogImpl (DeletedBlockLogImpl.java:commitTransactions(224)) - Transaction txId=33 commit by dnId=e5d3e9d3-1367-47eb-ad7f-372895a70f55 for containerID=#33 failed. Corresponding entry not found.
2021-08-14 14:05:29,024 [EventQueue-DeleteBlockStatusForDeletedBlockLogImpl] DEBUG block.DeletedBlockLogImpl (DeletedBlockLogImpl.java:isTransactionFailed(278)) - Got block deletion ACK from datanode, TXIDs=34, success=true
2021-08-14 14:05:29,024 [EventQueue-DeleteBlockStatusForDeletedBlockLogImpl] DEBUG block.DeletedBlockLogImpl (DeletedBlockLogImpl.java:commitTransactions(224)) - Transaction txId=34 commit by dnId=e5d3e9d3-1367-47eb-ad7f-372895a70f55 for containerID=#34 failed. Corresponding entry not found.
2021-08-14 14:05:29,024 [EventQueue-DeleteBlockStatusForDeletedBlockLogImpl] DEBUG block.DeletedBlockLogImpl (DeletedBlockLogImpl.java:isTransactionFailed(278)) - Got block deletion ACK from datanode, TXIDs=35, success=true
2021-08-14 14:05:29,024 [EventQueue-DeleteBlockStatusForDeletedBlockLogImpl] DEBUG block.DeletedBlockLogImpl (DeletedBlockLogImpl.java:commitTransactions(224)) - Transaction txId=35 commit by dnId=e5d3e9d3-1367-47eb-ad7f-372895a70f55 for containerID=#35 failed. Corresponding entry not found.
2021-08-14 14:05:29,024 [EventQueue-DeleteBlockStatusForDeletedBlockLogImpl] DEBUG block.DeletedBlockLogImpl (DeletedBlockLogImpl.java:isTransactionFailed(278)) - Got block deletion ACK from datanode, TXIDs=36, success=true
2021-08-14 14:05:29,024 [EventQueue-DeleteBlockStatusForDeletedBlockLogImpl] DEBUG block.DeletedBlockLogImpl (DeletedBlockLogImpl.java:commitTransactions(224)) - Transaction txId=36 commit by dnId=e5d3e9d3-1367-47eb-ad7f-372895a70f55 for containerID=#36 failed. Corresponding entry not found.
2021-08-14 14:05:29,024 [EventQueue-DeleteBlockStatusForDeletedBlockLogImpl] DEBUG block.DeletedBlockLogImpl (DeletedBlockLogImpl.java:isTransactionFailed(278)) - Got block deletion ACK from datanode, TXIDs=37, success=true
2021-08-14 14:05:29,024 [EventQueue-DeleteBlockStatusForDeletedBlockLogImpl] DEBUG block.DeletedBlockLogImpl (DeletedBlockLogImpl.java:commitTransactions(224)) - Transaction txId=37 commit by dnId=e5d3e9d3-1367-47eb-ad7f-372895a70f55 for containerID=#37 failed. Corresponding entry not found.
2021-08-14 14:05:29,024 [EventQueue-DeleteBlockStatusForDeletedBlockLogImpl] DEBUG block.DeletedBlockLogImpl (DeletedBlockLogImpl.java:isTransactionFailed(278)) - Got block deletion ACK from datanode, TXIDs=38, success=true
2021-08-14 14:05:29,024 [EventQueue-DeleteBlockStatusForDeletedBlockLogImpl] DEBUG block.DeletedBlockLogImpl (DeletedBlockLogImpl.java:commitTransactions(224)) - Transaction txId=38 commit by dnId=e5d3e9d3-1367-47eb-ad7f-372895a70f55 for containerID=#38 failed. Corresponding entry not found.
2021-08-14 14:05:29,024 [EventQueue-DeleteBlockStatusForDeletedBlockLogImpl] DEBUG block.DeletedBlockLogImpl (DeletedBlockLogImpl.java:isTransactionFailed(278)) - Got block deletion ACK from datanode, TXIDs=39, success=true
2021-08-14 14:05:29,024 [EventQueue-DeleteBlockStatusForDeletedBlockLogImpl] DEBUG block.DeletedBlockLogImpl (DeletedBlockLogImpl.java:commitTransactions(224)) - Transaction txId=39 commit by dnId=e5d3e9d3-1367-47eb-ad7f-372895a70f55 for containerID=#39 failed. Corresponding entry not found.
2021-08-14 14:05:29,024 [EventQueue-DeleteBlockStatusForDeletedBlockLogImpl] DEBUG block.DeletedBlockLogImpl (DeletedBlockLogImpl.java:isTransactionFailed(278)) - Got block deletion ACK from datanode, TXIDs=40, success=true
2021-08-14 14:05:29,024 [EventQueue-DeleteBlockStatusForDeletedBlockLogImpl] DEBUG block.DeletedBlockLogImpl (DeletedBlockLogImpl.java:commitTransactions(224)) - Transaction txId=40 commit by dnId=e5d3e9d3-1367-47eb-ad7f-372895a70f55 for containerID=#40 failed. Corresponding entry not found.
2021-08-14 14:05:29,024 [EventQueue-DeleteBlockStatusForDeletedBlockLogImpl] DEBUG block.DeletedBlockLogImpl (DeletedBlockLogImpl.java:isTransactionFailed(278)) - Got block deletion ACK from datanode, TXIDs=41, success=true
2021-08-14 14:05:29,035 [EventQueue-DeleteBlockStatusForDeletedBlockLogImpl] DEBUG block.DeletedBlockLogImpl (DeletedBlockLogImpl.java:commitTransactions(224)) - Transaction txId=41 commit by dnId=e5d3e9d3-1367-47eb-ad7f-372895a70f55 for containerID=#41 failed. Corresponding entry not found.
2021-08-14 14:05:29,035 [EventQueue-DeleteBlockStatusForDeletedBlockLogImpl] DEBUG block.DeletedBlockLogImpl (DeletedBlockLogImpl.java:isTransactionFailed(278)) - Got block deletion ACK from datanode, TXIDs=42, success=true
2021-08-14 14:05:29,035 [EventQueue-DeleteBlockStatusForDeletedBlockLogImpl] DEBUG block.DeletedBlockLogImpl (DeletedBlockLogImpl.java:commitTransactions(224)) - Transaction txId=42 commit by dnId=e5d3e9d3-1367-47eb-ad7f-372895a70f55 for containerID=#42 failed. Corresponding entry not found.
2021-08-14 14:05:29,036 [EventQueue-DeleteBlockStatusForDeletedBlockLogImpl] DEBUG block.DeletedBlockLogImpl (DeletedBlockLogImpl.java:isTransactionFailed(278)) - Got block deletion ACK from datanode, TXIDs=43, success=true
2021-08-14 14:05:29,036 [EventQueue-DeleteBlockStatusForDeletedBlockLogImpl] DEBUG block.DeletedBlockLogImpl (DeletedBlockLogImpl.java:commitTransactions(224)) - Transaction txId=43 commit by dnId=e5d3e9d3-1367-47eb-ad7f-372895a70f55 for containerID=#43 failed. Corresponding entry not found.
2021-08-14 14:05:29,036 [EventQueue-DeleteBlockStatusForDeletedBlockLogImpl] DEBUG block.DeletedBlockLogImpl (DeletedBlockLogImpl.java:isTransactionFailed(278)) - Got block deletion ACK from datanode, TXIDs=44, success=true
2021-08-14 14:05:29,036 [EventQueue-DeleteBlockStatusForDeletedBlockLogImpl] DEBUG block.DeletedBlockLogImpl (DeletedBlockLogImpl.java:commitTransactions(224)) - Transaction txId=44 commit by dnId=e5d3e9d3-1367-47eb-ad7f-372895a70f55 for containerID=#44 failed. Corresponding entry not found.
2021-08-14 14:05:29,036 [EventQueue-DeleteBlockStatusForDeletedBlockLogImpl] DEBUG block.DeletedBlockLogImpl (DeletedBlockLogImpl.java:isTransactionFailed(278)) - Got block deletion ACK from datanode, TXIDs=45, success=true
2021-08-14 14:05:29,036 [EventQueue-DeleteBlockStatusForDeletedBlockLogImpl] DEBUG block.DeletedBlockLogImpl (DeletedBlockLogImpl.java:commitTransactions(224)) - Transaction txId=45 commit by dnId=e5d3e9d3-1367-47eb-ad7f-372895a70f55 for containerID=#45 failed. Corresponding entry not found.
2021-08-14 14:05:29,036 [EventQueue-DeleteBlockStatusForDeletedBlockLogImpl] DEBUG block.DeletedBlockLogImpl (DeletedBlockLogImpl.java:isTransactionFailed(278)) - Got block deletion ACK from datanode, TXIDs=46, success=true
2021-08-14 14:05:29,036 [EventQueue-DeleteBlockStatusForDeletedBlockLogImpl] DEBUG block.DeletedBlockLogImpl (DeletedBlockLogImpl.java:commitTransactions(224)) - Transaction txId=46 commit by dnId=e5d3e9d3-1367-47eb-ad7f-372895a70f55 for containerID=#46 failed. Corresponding entry not found.
2021-08-14 14:05:29,036 [EventQueue-DeleteBlockStatusForDeletedBlockLogImpl] DEBUG block.DeletedBlockLogImpl (DeletedBlockLogImpl.java:isTransactionFailed(278)) - Got block deletion ACK from datanode, TXIDs=47, success=true
2021-08-14 14:05:29,036 [EventQueue-DeleteBlockStatusForDeletedBlockLogImpl] DEBUG block.DeletedBlockLogImpl (DeletedBlockLogImpl.java:commitTransactions(224)) - Transaction txId=47 commit by dnId=e5d3e9d3-1367-47eb-ad7f-372895a70f55 for containerID=#47 failed. Corresponding entry not found.
2021-08-14 14:05:29,036 [EventQueue-DeleteBlockStatusForDeletedBlockLogImpl] DEBUG block.DeletedBlockLogImpl (DeletedBlockLogImpl.java:isTransactionFailed(278)) - Got block deletion ACK from datanode, TXIDs=48, success=true
2021-08-14 14:05:29,036 [EventQueue-DeleteBlockStatusForDeletedBlockLogImpl] DEBUG block.DeletedBlockLogImpl (DeletedBlockLogImpl.java:commitTransactions(224)) - Transaction txId=48 commit by dnId=e5d3e9d3-1367-47eb-ad7f-372895a70f55 for containerID=#48 failed. Corresponding entry not found.
2021-08-14 14:05:29,036 [EventQueue-DeleteBlockStatusForDeletedBlockLogImpl] DEBUG block.DeletedBlockLogImpl (DeletedBlockLogImpl.java:isTransactionFailed(278)) - Got block deletion ACK from datanode, TXIDs=49, success=true
2021-08-14 14:05:29,036 [EventQueue-DeleteBlockStatusForDeletedBlockLogImpl] DEBUG block.DeletedBlockLogImpl (DeletedBlockLogImpl.java:commitTransactions(224)) - Transaction txId=49 commit by dnId=e5d3e9d3-1367-47eb-ad7f-372895a70f55 for containerID=#49 failed. Corresponding entry not found.
2021-08-14 14:05:29,036 [EventQueue-DeleteBlockStatusForDeletedBlockLogImpl] DEBUG block.DeletedBlockLogImpl (DeletedBlockLogImpl.java:isTransactionFailed(278)) - Got block deletion ACK from datanode, TXIDs=50, success=true
2021-08-14 14:05:29,036 [EventQueue-DeleteBlockStatusForDeletedBlockLogImpl] DEBUG block.DeletedBlockLogImpl (DeletedBlockLogImpl.java:commitTransactions(224)) - Transaction txId=50 commit by dnId=e5d3e9d3-1367-47eb-ad7f-372895a70f55 for containerID=#50 failed. Corresponding entry not found.
2021-08-14 14:05:29,036 [EventQueue-DeleteBlockStatusForDeletedBlockLogImpl] DEBUG block.DeletedBlockLogImpl (DeletedBlockLogImpl.java:isTransactionFailed(278)) - Got block deletion ACK from datanode, TXIDs=51, success=true
2021-08-14 14:05:29,036 [EventQueue-DeleteBlockStatusForDeletedBlockLogImpl] DEBUG block.DeletedBlockLogImpl (DeletedBlockLogImpl.java:commitTransactions(224)) - Transaction txId=51 commit by dnId=e5d3e9d3-1367-47eb-ad7f-372895a70f55 for containerID=#51 failed. Corresponding entry not found.
2021-08-14 14:05:29,036 [EventQueue-DeleteBlockStatusForDeletedBlockLogImpl] DEBUG block.DeletedBlockLogImpl (DeletedBlockLogImpl.java:isTransactionFailed(278)) - Got block deletion ACK from datanode, TXIDs=52, success=true
2021-08-14 14:05:29,036 [EventQueue-DeleteBlockStatusForDeletedBlockLogImpl] DEBUG block.DeletedBlockLogImpl (DeletedBlockLogImpl.java:commitTransactions(224)) - Transaction txId=52 commit by dnId=e5d3e9d3-1367-47eb-ad7f-372895a70f55 for containerID=#52 failed. Corresponding entry not found.
2021-08-14 14:05:29,036 [EventQueue-DeleteBlockStatusForDeletedBlockLogImpl] DEBUG block.DeletedBlockLogImpl (DeletedBlockLogImpl.java:isTransactionFailed(278)) - Got block deletion ACK from datanode, TXIDs=53, success=true
2021-08-14 14:05:29,036 [EventQueue-DeleteBlockStatusForDeletedBlockLogImpl] DEBUG block.DeletedBlockLogImpl (DeletedBlockLogImpl.java:commitTransactions(224)) - Transaction txId=53 commit by dnId=e5d3e9d3-1367-47eb-ad7f-372895a70f55 for containerID=#53 failed. Corresponding entry not found.
2021-08-14 14:05:29,036 [EventQueue-DeleteBlockStatusForDeletedBlockLogImpl] DEBUG block.DeletedBlockLogImpl (DeletedBlockLogImpl.java:isTransactionFailed(278)) - Got block deletion ACK from datanode, TXIDs=54, success=true
2021-08-14 14:05:29,036 [EventQueue-DeleteBlockStatusForDeletedBlockLogImpl] DEBUG block.DeletedBlockLogImpl (DeletedBlockLogImpl.java:commitTransactions(224)) - Transaction txId=54 commit by dnId=e5d3e9d3-1367-47eb-ad7f-372895a70f55 for containerID=#54 failed. Corresponding entry not found.
2021-08-14 14:05:29,036 [EventQueue-DeleteBlockStatusForDeletedBlockLogImpl] DEBUG block.DeletedBlockLogImpl (DeletedBlockLogImpl.java:isTransactionFailed(278)) - Got block deletion ACK from datanode, TXIDs=55, success=true
2021-08-14 14:05:29,036 [EventQueue-DeleteBlockStatusForDeletedBlockLogImpl] DEBUG block.DeletedBlockLogImpl (DeletedBlockLogImpl.java:commitTransactions(224)) - Transaction txId=55 commit by dnId=e5d3e9d3-1367-47eb-ad7f-372895a70f55 for containerID=#55 failed. Corresponding entry not found.
2021-08-14 14:05:29,036 [EventQueue-DeleteBlockStatusForDeletedBlockLogImpl] DEBUG block.DeletedBlockLogImpl (DeletedBlockLogImpl.java:isTransactionFailed(278)) - Got block deletion ACK from datanode, TXIDs=56, success=true
2021-08-14 14:05:29,036 [EventQueue-DeleteBlockStatusForDeletedBlockLogImpl] DEBUG block.DeletedBlockLogImpl (DeletedBlockLogImpl.java:commitTransactions(224)) - Transaction txId=56 commit by dnId=e5d3e9d3-1367-47eb-ad7f-372895a70f55 for containerID=#56 failed. Corresponding entry not found.
2021-08-14 14:05:29,036 [EventQueue-DeleteBlockStatusForDeletedBlockLogImpl] DEBUG block.DeletedBlockLogImpl (DeletedBlockLogImpl.java:isTransactionFailed(278)) - Got block deletion ACK from datanode, TXIDs=1, success=true
2021-08-14 14:05:29,036 [EventQueue-DeleteBlockStatusForDeletedBlockLogImpl] DEBUG block.DeletedBlockLogImpl (DeletedBlockLogImpl.java:commitTransactions(224)) - Transaction txId=1 commit by dnId=e5d3e9d3-1367-47eb-ad7f-372895a70f55 for containerID=#1 failed. Corresponding entry not found.
2021-08-14 14:05:29,036 [EventQueue-DeleteBlockStatusForDeletedBlockLogImpl] DEBUG block.DeletedBlockLogImpl (DeletedBlockLogImpl.java:isTransactionFailed(278)) - Got block deletion ACK from datanode, TXIDs=2, success=true
2021-08-14 14:05:29,036 [EventQueue-DeleteBlockStatusForDeletedBlockLogImpl] DEBUG block.DeletedBlockLogImpl (DeletedBlockLogImpl.java:commitTransactions(224)) - Transaction txId=2 commit by dnId=e5d3e9d3-1367-47eb-ad7f-372895a70f55 for containerID=#2 failed. Corresponding entry not found.
2021-08-14 14:05:29,036 [EventQueue-DeleteBlockStatusForDeletedBlockLogImpl] DEBUG block.DeletedBlockLogImpl (DeletedBlockLogImpl.java:isTransactionFailed(278)) - Got block deletion ACK from datanode, TXIDs=3, success=true
2021-08-14 14:05:29,036 [EventQueue-DeleteBlockStatusForDeletedBlockLogImpl] DEBUG block.DeletedBlockLogImpl (DeletedBlockLogImpl.java:commitTransactions(224)) - Transaction txId=3 commit by dnId=e5d3e9d3-1367-47eb-ad7f-372895a70f55 for containerID=#3 failed. Corresponding entry not found.
2021-08-14 14:05:29,036 [EventQueue-DeleteBlockStatusForDeletedBlockLogImpl] DEBUG block.DeletedBlockLogImpl (DeletedBlockLogImpl.java:isTransactionFailed(278)) - Got block deletion ACK from datanode, TXIDs=4, success=true
2021-08-14 14:05:29,036 [EventQueue-DeleteBlockStatusForDeletedBlockLogImpl] DEBUG block.DeletedBlockLogImpl (DeletedBlockLogImpl.java:commitTransactions(224)) - Transaction txId=4 commit by dnId=e5d3e9d3-1367-47eb-ad7f-372895a70f55 for containerID=#4 failed. Corresponding entry not found.
2021-08-14 14:05:29,037 [EventQueue-DeleteBlockStatusForDeletedBlockLogImpl] DEBUG block.DeletedBlockLogImpl (DeletedBlockLogImpl.java:isTransactionFailed(278)) - Got block deletion ACK from datanode, TXIDs=5, success=true
2021-08-14 14:05:29,037 [EventQueue-DeleteBlockStatusForDeletedBlockLogImpl] DEBUG block.DeletedBlockLogImpl (DeletedBlockLogImpl.java:commitTransactions(224)) - Transaction txId=5 commit by dnId=e5d3e9d3-1367-47eb-ad7f-372895a70f55 for containerID=#5 failed. Corresponding entry not found.
2021-08-14 14:05:29,037 [EventQueue-DeleteBlockStatusForDeletedBlockLogImpl] DEBUG block.DeletedBlockLogImpl (DeletedBlockLogImpl.java:isTransactionFailed(278)) - Got block deletion ACK from datanode, TXIDs=6, success=true
2021-08-14 14:05:29,037 [EventQueue-DeleteBlockStatusForDeletedBlockLogImpl] DEBUG block.DeletedBlockLogImpl (DeletedBlockLogImpl.java:commitTransactions(224)) - Transaction txId=6 commit by dnId=e5d3e9d3-1367-47eb-ad7f-372895a70f55 for containerID=#6 failed. Corresponding entry not found.
2021-08-14 14:05:29,037 [EventQueue-DeleteBlockStatusForDeletedBlockLogImpl] DEBUG block.DeletedBlockLogImpl (DeletedBlockLogImpl.java:isTransactionFailed(278)) - Got block deletion ACK from datanode, TXIDs=7, success=true
2021-08-14 14:05:29,037 [EventQueue-DeleteBlockStatusForDeletedBlockLogImpl] DEBUG block.DeletedBlockLogImpl (DeletedBlockLogImpl.java:commitTransactions(224)) - Transaction txId=7 commit by dnId=e5d3e9d3-1367-47eb-ad7f-372895a70f55 for containerID=#7 failed. Corresponding entry not found.
2021-08-14 14:05:29,037 [EventQueue-DeleteBlockStatusForDeletedBlockLogImpl] DEBUG block.DeletedBlockLogImpl (DeletedBlockLogImpl.java:isTransactionFailed(278)) - Got block deletion ACK from datanode, TXIDs=8, success=true
2021-08-14 14:05:29,037 [EventQueue-DeleteBlockStatusForDeletedBlockLogImpl] DEBUG block.DeletedBlockLogImpl (DeletedBlockLogImpl.java:commitTransactions(224)) - Transaction txId=8 commit by dnId=e5d3e9d3-1367-47eb-ad7f-372895a70f55 for containerID=#8 failed. Corresponding entry not found.
2021-08-14 14:05:29,037 [EventQueue-DeleteBlockStatusForDeletedBlockLogImpl] DEBUG block.DeletedBlockLogImpl (DeletedBlockLogImpl.java:isTransactionFailed(278)) - Got block deletion ACK from datanode, TXIDs=9, success=true
2021-08-14 14:05:29,037 [EventQueue-DeleteBlockStatusForDeletedBlockLogImpl] DEBUG block.DeletedBlockLogImpl (DeletedBlockLogImpl.java:commitTransactions(224)) - Transaction txId=9 commit by dnId=e5d3e9d3-1367-47eb-ad7f-372895a70f55 for containerID=#9 failed. Corresponding entry not found.
2021-08-14 14:05:29,037 [EventQueue-DeleteBlockStatusForDeletedBlockLogImpl] DEBUG block.DeletedBlockLogImpl (DeletedBlockLogImpl.java:isTransactionFailed(278)) - Got block deletion ACK from datanode, TXIDs=10, success=true
2021-08-14 14:05:29,037 [EventQueue-DeleteBlockStatusForDeletedBlockLogImpl] DEBUG block.DeletedBlockLogImpl (DeletedBlockLogImpl.java:commitTransactions(224)) - Transaction txId=10 commit by dnId=e5d3e9d3-1367-47eb-ad7f-372895a70f55 for containerID=#10 failed. Corresponding entry not found.
2021-08-14 14:05:29,037 [EventQueue-DeleteBlockStatusForDeletedBlockLogImpl] DEBUG block.DeletedBlockLogImpl (DeletedBlockLogImpl.java:isTransactionFailed(278)) - Got block deletion ACK from datanode, TXIDs=11, success=true
2021-08-14 14:05:29,037 [EventQueue-DeleteBlockStatusForDeletedBlockLogImpl] DEBUG block.DeletedBlockLogImpl (DeletedBlockLogImpl.java:commitTransactions(224)) - Transaction txId=11 commit by dnId=e5d3e9d3-1367-47eb-ad7f-372895a70f55 for containerID=#11 failed. Corresponding entry not found.
2021-08-14 14:05:29,037 [EventQueue-DeleteBlockStatusForDeletedBlockLogImpl] DEBUG block.DeletedBlockLogImpl (DeletedBlockLogImpl.java:isTransactionFailed(278)) - Got block deletion ACK from datanode, TXIDs=12, success=true
2021-08-14 14:05:29,037 [EventQueue-DeleteBlockStatusForDeletedBlockLogImpl] DEBUG block.DeletedBlockLogImpl (DeletedBlockLogImpl.java:commitTransactions(224)) - Transaction txId=12 commit by dnId=e5d3e9d3-1367-47eb-ad7f-372895a70f55 for containerID=#12 failed. Corresponding entry not found.
2021-08-14 14:05:29,037 [EventQueue-DeleteBlockStatusForDeletedBlockLogImpl] DEBUG block.DeletedBlockLogImpl (DeletedBlockLogImpl.java:isTransactionFailed(278)) - Got block deletion ACK from datanode, TXIDs=13, success=true
2021-08-14 14:05:29,037 [EventQueue-DeleteBlockStatusForDeletedBlockLogImpl] DEBUG block.DeletedBlockLogImpl (DeletedBlockLogImpl.java:commitTransactions(224)) - Transaction txId=13 commit by dnId=e5d3e9d3-1367-47eb-ad7f-372895a70f55 for containerID=#13 failed. Corresponding entry not found.
2021-08-14 14:05:29,037 [EventQueue-DeleteBlockStatusForDeletedBlockLogImpl] DEBUG block.DeletedBlockLogImpl (DeletedBlockLogImpl.java:isTransactionFailed(278)) - Got block deletion ACK from datanode, TXIDs=14, success=true
2021-08-14 14:05:29,037 [EventQueue-DeleteBlockStatusForDeletedBlockLogImpl] DEBUG block.DeletedBlockLogImpl (DeletedBlockLogImpl.java:commitTransactions(224)) - Transaction txId=14 commit by dnId=e5d3e9d3-1367-47eb-ad7f-372895a70f55 for containerID=#14 failed. Corresponding entry not found.
2021-08-14 14:05:29,037 [EventQueue-DeleteBlockStatusForDeletedBlockLogImpl] DEBUG block.DeletedBlockLogImpl (DeletedBlockLogImpl.java:isTransactionFailed(278)) - Got block deletion ACK from datanode, TXIDs=15, success=true
2021-08-14 14:05:29,037 [EventQueue-DeleteBlockStatusForDeletedBlockLogImpl] DEBUG block.DeletedBlockLogImpl (DeletedBlockLogImpl.java:commitTransactions(224)) - Transaction txId=15 commit by dnId=e5d3e9d3-1367-47eb-ad7f-372895a70f55 for containerID=#15 failed. Corresponding entry not found.
2021-08-14 14:05:29,037 [EventQueue-DeleteBlockStatusForDeletedBlockLogImpl] DEBUG block.DeletedBlockLogImpl (DeletedBlockLogImpl.java:isTransactionFailed(278)) - Got block deletion ACK from datanode, TXIDs=16, success=true
2021-08-14 14:05:29,037 [EventQueue-DeleteBlockStatusForDeletedBlockLogImpl] DEBUG block.DeletedBlockLogImpl (DeletedBlockLogImpl.java:commitTransactions(224)) - Transaction txId=16 commit by dnId=e5d3e9d3-1367-47eb-ad7f-372895a70f55 for containerID=#16 failed. Corresponding entry not found.
2021-08-14 14:05:29,037 [EventQueue-DeleteBlockStatusForDeletedBlockLogImpl] DEBUG block.DeletedBlockLogImpl (DeletedBlockLogImpl.java:isTransactionFailed(278)) - Got block deletion ACK from datanode, TXIDs=17, success=true
2021-08-14 14:05:29,037 [EventQueue-DeleteBlockStatusForDeletedBlockLogImpl] DEBUG block.DeletedBlockLogImpl (DeletedBlockLogImpl.java:commitTransactions(224)) - Transaction txId=17 commit by dnId=e5d3e9d3-1367-47eb-ad7f-372895a70f55 for containerID=#17 failed. Corresponding entry not found.
2021-08-14 14:05:29,037 [EventQueue-DeleteBlockStatusForDeletedBlockLogImpl] DEBUG block.DeletedBlockLogImpl (DeletedBlockLogImpl.java:isTransactionFailed(278)) - Got block deletion ACK from datanode, TXIDs=18, success=true
2021-08-14 14:05:29,037 [EventQueue-DeleteBlockStatusForDeletedBlockLogImpl] DEBUG block.DeletedBlockLogImpl (DeletedBlockLogImpl.java:commitTransactions(224)) - Transaction txId=18 commit by dnId=e5d3e9d3-1367-47eb-ad7f-372895a70f55 for containerID=#18 failed. Corresponding entry not found.
2021-08-14 14:05:29,037 [EventQueue-DeleteBlockStatusForDeletedBlockLogImpl] DEBUG block.DeletedBlockLogImpl (DeletedBlockLogImpl.java:isTransactionFailed(278)) - Got block deletion ACK from datanode, TXIDs=19, success=true
2021-08-14 14:05:29,037 [EventQueue-DeleteBlockStatusForDeletedBlockLogImpl] DEBUG block.DeletedBlockLogImpl (DeletedBlockLogImpl.java:commitTransactions(224)) - Transaction txId=19 commit by dnId=e5d3e9d3-1367-47eb-ad7f-372895a70f55 for containerID=#19 failed. Corresponding entry not found.
2021-08-14 14:05:29,037 [EventQueue-DeleteBlockStatusForDeletedBlockLogImpl] DEBUG block.DeletedBlockLogImpl (DeletedBlockLogImpl.java:isTransactionFailed(278)) - Got block deletion ACK from datanode, TXIDs=20, success=true
2021-08-14 14:05:29,037 [EventQueue-DeleteBlockStatusForDeletedBlockLogImpl] DEBUG block.DeletedBlockLogImpl (DeletedBlockLogImpl.java:commitTransactions(224)) - Transaction txId=20 commit by dnId=e5d3e9d3-1367-47eb-ad7f-372895a70f55 for containerID=#20 failed. Corresponding entry not found.
2021-08-14 14:05:29,037 [EventQueue-DeleteBlockStatusForDeletedBlockLogImpl] DEBUG block.DeletedBlockLogImpl (DeletedBlockLogImpl.java:isTransactionFailed(278)) - Got block deletion ACK from datanode, TXIDs=21, success=true
2021-08-14 14:05:29,037 [EventQueue-DeleteBlockStatusForDeletedBlockLogImpl] DEBUG block.DeletedBlockLogImpl (DeletedBlockLogImpl.java:commitTransactions(224)) - Transaction txId=21 commit by dnId=e5d3e9d3-1367-47eb-ad7f-372895a70f55 for containerID=#21 failed. Corresponding entry not found.
2021-08-14 14:05:29,037 [EventQueue-DeleteBlockStatusForDeletedBlockLogImpl] DEBUG block.DeletedBlockLogImpl (DeletedBlockLogImpl.java:isTransactionFailed(278)) - Got block deletion ACK from datanode, TXIDs=22, success=true
2021-08-14 14:05:29,037 [EventQueue-DeleteBlockStatusForDeletedBlockLogImpl] DEBUG block.DeletedBlockLogImpl (DeletedBlockLogImpl.java:commitTransactions(224)) - Transaction txId=22 commit by dnId=e5d3e9d3-1367-47eb-ad7f-372895a70f55 for containerID=#22 failed. Corresponding entry not found.
2021-08-14 14:05:29,037 [EventQueue-DeleteBlockStatusForDeletedBlockLogImpl] DEBUG block.DeletedBlockLogImpl (DeletedBlockLogImpl.java:isTransactionFailed(278)) - Got block deletion ACK from datanode, TXIDs=23, success=true
2021-08-14 14:05:29,037 [EventQueue-DeleteBlockStatusForDeletedBlockLogImpl] DEBUG block.DeletedBlockLogImpl (DeletedBlockLogImpl.java:commitTransactions(224)) - Transaction txId=23 commit by dnId=e5d3e9d3-1367-47eb-ad7f-372895a70f55 for containerID=#23 failed. Corresponding entry not found.
2021-08-14 14:05:29,038 [EventQueue-DeleteBlockStatusForDeletedBlockLogImpl] DEBUG block.DeletedBlockLogImpl (DeletedBlockLogImpl.java:isTransactionFailed(278)) - Got block deletion ACK from datanode, TXIDs=24, success=true
2021-08-14 14:05:29,038 [EventQueue-DeleteBlockStatusForDeletedBlockLogImpl] DEBUG block.DeletedBlockLogImpl (DeletedBlockLogImpl.java:commitTransactions(224)) - Transaction txId=24 commit by dnId=e5d3e9d3-1367-47eb-ad7f-372895a70f55 for containerID=#24 failed. Corresponding entry not found.
2021-08-14 14:05:29,038 [EventQueue-DeleteBlockStatusForDeletedBlockLogImpl] DEBUG block.DeletedBlockLogImpl (DeletedBlockLogImpl.java:isTransactionFailed(278)) - Got block deletion ACK from datanode, TXIDs=25, success=true
2021-08-14 14:05:29,038 [EventQueue-DeleteBlockStatusForDeletedBlockLogImpl] DEBUG block.DeletedBlockLogImpl (DeletedBlockLogImpl.java:commitTransactions(224)) - Transaction txId=25 commit by dnId=e5d3e9d3-1367-47eb-ad7f-372895a70f55 for containerID=#25 failed. Corresponding entry not found.
2021-08-14 14:05:29,038 [EventQueue-DeleteBlockStatusForDeletedBlockLogImpl] DEBUG block.DeletedBlockLogImpl (DeletedBlockLogImpl.java:isTransactionFailed(278)) - Got block deletion ACK from datanode, TXIDs=26, success=true
2021-08-14 14:05:29,038 [EventQueue-DeleteBlockStatusForDeletedBlockLogImpl] DEBUG block.DeletedBlockLogImpl (DeletedBlockLogImpl.java:commitTransactions(224)) - Transaction txId=26 commit by dnId=e5d3e9d3-1367-47eb-ad7f-372895a70f55 for containerID=#26 failed. Corresponding entry not found.
2021-08-14 14:05:29,038 [EventQueue-DeleteBlockStatusForDeletedBlockLogImpl] DEBUG block.DeletedBlockLogImpl (DeletedBlockLogImpl.java:isTransactionFailed(278)) - Got block deletion ACK from datanode, TXIDs=27, success=true
2021-08-14 14:05:29,038 [EventQueue-DeleteBlockStatusForDeletedBlockLogImpl] DEBUG block.DeletedBlockLogImpl (DeletedBlockLogImpl.java:commitTransactions(224)) - Transaction txId=27 commit by dnId=e5d3e9d3-1367-47eb-ad7f-372895a70f55 for containerID=#27 failed. Corresponding entry not found.
2021-08-14 14:05:29,038 [EventQueue-DeleteBlockStatusForDeletedBlockLogImpl] DEBUG block.DeletedBlockLogImpl (DeletedBlockLogImpl.java:isTransactionFailed(278)) - Got block deletion ACK from datanode, TXIDs=28, success=true
2021-08-14 14:05:29,038 [EventQueue-DeleteBlockStatusForDeletedBlockLogImpl] DEBUG block.DeletedBlockLogImpl (DeletedBlockLogImpl.java:commitTransactions(224)) - Transaction txId=28 commit by dnId=e5d3e9d3-1367-47eb-ad7f-372895a70f55 for containerID=#28 failed. Corresponding entry not found.
2021-08-14 14:05:29,038 [EventQueue-DeleteBlockStatusForDeletedBlockLogImpl] DEBUG block.DeletedBlockLogImpl (DeletedBlockLogImpl.java:isTransactionFailed(278)) - Got block deletion ACK from datanode, TXIDs=29, success=true
2021-08-14 14:05:29,038 [EventQueue-DeleteBlockStatusForDeletedBlockLogImpl] DEBUG block.DeletedBlockLogImpl (DeletedBlockLogImpl.java:commitTransactions(224)) - Transaction txId=29 commit by dnId=e5d3e9d3-1367-47eb-ad7f-372895a70f55 for containerID=#29 failed. Corresponding entry not found.
2021-08-14 14:05:29,038 [EventQueue-DeleteBlockStatusForDeletedBlockLogImpl] DEBUG block.DeletedBlockLogImpl (DeletedBlockLogImpl.java:isTransactionFailed(278)) - Got block deletion ACK from datanode, TXIDs=30, success=true
2021-08-14 14:05:29,038 [EventQueue-DeleteBlockStatusForDeletedBlockLogImpl] DEBUG block.DeletedBlockLogImpl (DeletedBlockLogImpl.java:commitTransactions(224)) - Transaction txId=30 commit by dnId=e5d3e9d3-1367-47eb-ad7f-372895a70f55 for containerID=#30 failed. Corresponding entry not found.
2021-08-14 14:05:29,038 [EventQueue-DeleteBlockStatusForDeletedBlockLogImpl] DEBUG block.DeletedBlockLogImpl (DeletedBlockLogImpl.java:isTransactionFailed(278)) - Got block deletion ACK from datanode, TXIDs=31, success=true
2021-08-14 14:05:29,038 [EventQueue-DeleteBlockStatusForDeletedBlockLogImpl] DEBUG block.DeletedBlockLogImpl (DeletedBlockLogImpl.java:commitTransactions(224)) - Transaction txId=31 commit by dnId=e5d3e9d3-1367-47eb-ad7f-372895a70f55 for containerID=#31 failed. Corresponding entry not found.
2021-08-14 14:05:29,038 [EventQueue-DeleteBlockStatusForDeletedBlockLogImpl] DEBUG block.DeletedBlockLogImpl (DeletedBlockLogImpl.java:isTransactionFailed(278)) - Got block deletion ACK from datanode, TXIDs=32, success=true
2021-08-14 14:05:29,038 [EventQueue-DeleteBlockStatusForDeletedBlockLogImpl] DEBUG block.DeletedBlockLogImpl (DeletedBlockLogImpl.java:commitTransactions(224)) - Transaction txId=32 commit by dnId=e5d3e9d3-1367-47eb-ad7f-372895a70f55 for containerID=#32 failed. Corresponding entry not found.
2021-08-14 14:05:29,038 [EventQueue-DeleteBlockStatusForDeletedBlockLogImpl] DEBUG block.DeletedBlockLogImpl (DeletedBlockLogImpl.java:isTransactionFailed(278)) - Got block deletion ACK from datanode, TXIDs=33, success=true
2021-08-14 14:05:29,038 [EventQueue-DeleteBlockStatusForDeletedBlockLogImpl] DEBUG block.DeletedBlockLogImpl (DeletedBlockLogImpl.java:commitTransactions(224)) - Transaction txId=33 commit by dnId=e5d3e9d3-1367-47eb-ad7f-372895a70f55 for containerID=#33 failed. Corresponding entry not found.
2021-08-14 14:05:29,038 [EventQueue-DeleteBlockStatusForDeletedBlockLogImpl] DEBUG block.DeletedBlockLogImpl (DeletedBlockLogImpl.java:isTransactionFailed(278)) - Got block deletion ACK from datanode, TXIDs=34, success=true
2021-08-14 14:05:29,038 [EventQueue-DeleteBlockStatusForDeletedBlockLogImpl] DEBUG block.DeletedBlockLogImpl (DeletedBlockLogImpl.java:commitTransactions(224)) - Transaction txId=34 commit by dnId=e5d3e9d3-1367-47eb-ad7f-372895a70f55 for containerID=#34 failed. Corresponding entry not found.
2021-08-14 14:05:29,038 [EventQueue-DeleteBlockStatusForDeletedBlockLogImpl] DEBUG block.DeletedBlockLogImpl (DeletedBlockLogImpl.java:isTransactionFailed(278)) - Got block deletion ACK from datanode, TXIDs=35, success=true
2021-08-14 14:05:29,038 [EventQueue-DeleteBlockStatusForDeletedBlockLogImpl] DEBUG block.DeletedBlockLogImpl (DeletedBlockLogImpl.java:commitTransactions(224)) - Transaction txId=35 commit by dnId=e5d3e9d3-1367-47eb-ad7f-372895a70f55 for containerID=#35 failed. Corresponding entry not found.
2021-08-14 14:05:29,038 [EventQueue-DeleteBlockStatusForDeletedBlockLogImpl] DEBUG block.DeletedBlockLogImpl (DeletedBlockLogImpl.java:isTransactionFailed(278)) - Got block deletion ACK from datanode, TXIDs=36, success=true
2021-08-14 14:05:29,038 [EventQueue-DeleteBlockStatusForDeletedBlockLogImpl] DEBUG block.DeletedBlockLogImpl (DeletedBlockLogImpl.java:commitTransactions(224)) - Transaction txId=36 commit by dnId=e5d3e9d3-1367-47eb-ad7f-372895a70f55 for containerID=#36 failed. Corresponding entry not found.
2021-08-14 14:05:29,038 [EventQueue-DeleteBlockStatusForDeletedBlockLogImpl] DEBUG block.DeletedBlockLogImpl (DeletedBlockLogImpl.java:isTransactionFailed(278)) - Got block deletion ACK from datanode, TXIDs=37, success=true
2021-08-14 14:05:29,038 [EventQueue-DeleteBlockStatusForDeletedBlockLogImpl] DEBUG block.DeletedBlockLogImpl (DeletedBlockLogImpl.java:commitTransactions(224)) - Transaction txId=37 commit by dnId=e5d3e9d3-1367-47eb-ad7f-372895a70f55 for containerID=#37 failed. Corresponding entry not found.
2021-08-14 14:05:29,038 [EventQueue-DeleteBlockStatusForDeletedBlockLogImpl] DEBUG block.DeletedBlockLogImpl (DeletedBlockLogImpl.java:isTransactionFailed(278)) - Got block deletion ACK from datanode, TXIDs=38, success=true
2021-08-14 14:05:29,038 [EventQueue-DeleteBlockStatusForDeletedBlockLogImpl] DEBUG block.DeletedBlockLogImpl (DeletedBlockLogImpl.java:commitTransactions(224)) - Transaction txId=38 commit by dnId=e5d3e9d3-1367-47eb-ad7f-372895a70f55 for containerID=#38 failed. Corresponding entry not found.
2021-08-14 14:05:29,038 [EventQueue-DeleteBlockStatusForDeletedBlockLogImpl] DEBUG block.DeletedBlockLogImpl (DeletedBlockLogImpl.java:isTransactionFailed(278)) - Got block deletion ACK from datanode, TXIDs=39, success=true
2021-08-14 14:05:29,038 [EventQueue-DeleteBlockStatusForDeletedBlockLogImpl] DEBUG block.DeletedBlockLogImpl (DeletedBlockLogImpl.java:commitTransactions(224)) - Transaction txId=39 commit by dnId=e5d3e9d3-1367-47eb-ad7f-372895a70f55 for containerID=#39 failed. Corresponding entry not found.
2021-08-14 14:05:29,038 [EventQueue-DeleteBlockStatusForDeletedBlockLogImpl] DEBUG block.DeletedBlockLogImpl (DeletedBlockLogImpl.java:isTransactionFailed(278)) - Got block deletion ACK from datanode, TXIDs=40, success=true
2021-08-14 14:05:29,038 [EventQueue-DeleteBlockStatusForDeletedBlockLogImpl] DEBUG block.DeletedBlockLogImpl (DeletedBlockLogImpl.java:commitTransactions(224)) - Transaction txId=40 commit by dnId=e5d3e9d3-1367-47eb-ad7f-372895a70f55 for containerID=#40 failed. Corresponding entry not found.
2021-08-14 14:05:29,038 [EventQueue-DeleteBlockStatusForDeletedBlockLogImpl] DEBUG block.DeletedBlockLogImpl (DeletedBlockLogImpl.java:isTransactionFailed(278)) - Got block deletion ACK from datanode, TXIDs=41, success=true
2021-08-14 14:05:29,038 [EventQueue-DeleteBlockStatusForDeletedBlockLogImpl] DEBUG block.DeletedBlockLogImpl (DeletedBlockLogImpl.java:commitTransactions(224)) - Transaction txId=41 commit by dnId=e5d3e9d3-1367-47eb-ad7f-372895a70f55 for containerID=#41 failed. Corresponding entry not found.
2021-08-14 14:05:29,038 [EventQueue-DeleteBlockStatusForDeletedBlockLogImpl] DEBUG block.DeletedBlockLogImpl (DeletedBlockLogImpl.java:isTransactionFailed(278)) - Got block deletion ACK from datanode, TXIDs=42, success=true
2021-08-14 14:05:29,038 [EventQueue-DeleteBlockStatusForDeletedBlockLogImpl] DEBUG block.DeletedBlockLogImpl (DeletedBlockLogImpl.java:commitTransactions(224)) - Transaction txId=42 commit by dnId=e5d3e9d3-1367-47eb-ad7f-372895a70f55 for containerID=#42 failed. Corresponding entry not found.
2021-08-14 14:05:29,039 [EventQueue-DeleteBlockStatusForDeletedBlockLogImpl] DEBUG block.DeletedBlockLogImpl (DeletedBlockLogImpl.java:isTransactionFailed(278)) - Got block deletion ACK from datanode, TXIDs=43, success=true
2021-08-14 14:05:29,039 [EventQueue-DeleteBlockStatusForDeletedBlockLogImpl] DEBUG block.DeletedBlockLogImpl (DeletedBlockLogImpl.java:commitTransactions(224)) - Transaction txId=43 commit by dnId=e5d3e9d3-1367-47eb-ad7f-372895a70f55 for containerID=#43 failed. Corresponding entry not found.
2021-08-14 14:05:29,039 [EventQueue-DeleteBlockStatusForDeletedBlockLogImpl] DEBUG block.DeletedBlockLogImpl (DeletedBlockLogImpl.java:isTransactionFailed(278)) - Got block deletion ACK from datanode, TXIDs=44, success=true
2021-08-14 14:05:29,039 [EventQueue-DeleteBlockStatusForDeletedBlockLogImpl] DEBUG block.DeletedBlockLogImpl (DeletedBlockLogImpl.java:commitTransactions(224)) - Transaction txId=44 commit by dnId=e5d3e9d3-1367-47eb-ad7f-372895a70f55 for containerID=#44 failed. Corresponding entry not found.
2021-08-14 14:05:29,039 [EventQueue-DeleteBlockStatusForDeletedBlockLogImpl] DEBUG block.DeletedBlockLogImpl (DeletedBlockLogImpl.java:isTransactionFailed(278)) - Got block deletion ACK from datanode, TXIDs=45, success=true
2021-08-14 14:05:29,039 [EventQueue-DeleteBlockStatusForDeletedBlockLogImpl] DEBUG block.DeletedBlockLogImpl (DeletedBlockLogImpl.java:commitTransactions(224)) - Transaction txId=45 commit by dnId=e5d3e9d3-1367-47eb-ad7f-372895a70f55 for containerID=#45 failed. Corresponding entry not found.
2021-08-14 14:05:29,039 [EventQueue-DeleteBlockStatusForDeletedBlockLogImpl] DEBUG block.DeletedBlockLogImpl (DeletedBlockLogImpl.java:isTransactionFailed(278)) - Got block deletion ACK from datanode, TXIDs=46, success=true
2021-08-14 14:05:29,039 [EventQueue-DeleteBlockStatusForDeletedBlockLogImpl] DEBUG block.DeletedBlockLogImpl (DeletedBlockLogImpl.java:commitTransactions(224)) - Transaction txId=46 commit by dnId=e5d3e9d3-1367-47eb-ad7f-372895a70f55 for containerID=#46 failed. Corresponding entry not found.
2021-08-14 14:05:29,039 [EventQueue-DeleteBlockStatusForDeletedBlockLogImpl] DEBUG block.DeletedBlockLogImpl (DeletedBlockLogImpl.java:isTransactionFailed(278)) - Got block deletion ACK from datanode, TXIDs=47, success=true
2021-08-14 14:05:29,039 [EventQueue-DeleteBlockStatusForDeletedBlockLogImpl] DEBUG block.DeletedBlockLogImpl (DeletedBlockLogImpl.java:commitTransactions(224)) - Transaction txId=47 commit by dnId=e5d3e9d3-1367-47eb-ad7f-372895a70f55 for containerID=#47 failed. Corresponding entry not found.
2021-08-14 14:05:29,039 [EventQueue-DeleteBlockStatusForDeletedBlockLogImpl] DEBUG block.DeletedBlockLogImpl (DeletedBlockLogImpl.java:isTransactionFailed(278)) - Got block deletion ACK from datanode, TXIDs=48, success=true
2021-08-14 14:05:29,039 [EventQueue-DeleteBlockStatusForDeletedBlockLogImpl] DEBUG block.DeletedBlockLogImpl (DeletedBlockLogImpl.java:commitTransactions(224)) - Transaction txId=48 commit by dnId=e5d3e9d3-1367-47eb-ad7f-372895a70f55 for containerID=#48 failed. Corresponding entry not found.
2021-08-14 14:05:29,039 [EventQueue-DeleteBlockStatusForDeletedBlockLogImpl] DEBUG block.DeletedBlockLogImpl (DeletedBlockLogImpl.java:isTransactionFailed(278)) - Got block deletion ACK from datanode, TXIDs=49, success=true
2021-08-14 14:05:29,039 [EventQueue-DeleteBlockStatusForDeletedBlockLogImpl] DEBUG block.DeletedBlockLogImpl (DeletedBlockLogImpl.java:commitTransactions(224)) - Transaction txId=49 commit by dnId=e5d3e9d3-1367-47eb-ad7f-372895a70f55 for containerID=#49 failed. Corresponding entry not found.
2021-08-14 14:05:29,039 [EventQueue-DeleteBlockStatusForDeletedBlockLogImpl] DEBUG block.DeletedBlockLogImpl (DeletedBlockLogImpl.java:isTransactionFailed(278)) - Got block deletion ACK from datanode, TXIDs=50, success=true
2021-08-14 14:05:29,039 [EventQueue-DeleteBlockStatusForDeletedBlockLogImpl] DEBUG block.DeletedBlockLogImpl (DeletedBlockLogImpl.java:commitTransactions(224)) - Transaction txId=50 commit by dnId=e5d3e9d3-1367-47eb-ad7f-372895a70f55 for containerID=#50 failed. Corresponding entry not found.
2021-08-14 14:05:29,039 [EventQueue-DeleteBlockStatusForDeletedBlockLogImpl] DEBUG block.DeletedBlockLogImpl (DeletedBlockLogImpl.java:isTransactionFailed(278)) - Got block deletion ACK from datanode, TXIDs=51, success=true
2021-08-14 14:05:29,039 [EventQueue-DeleteBlockStatusForDeletedBlockLogImpl] DEBUG block.DeletedBlockLogImpl (DeletedBlockLogImpl.java:commitTransactions(224)) - Transaction txId=51 commit by dnId=e5d3e9d3-1367-47eb-ad7f-372895a70f55 for containerID=#51 failed. Corresponding entry not found.
2021-08-14 14:05:29,039 [EventQueue-DeleteBlockStatusForDeletedBlockLogImpl] DEBUG block.DeletedBlockLogImpl (DeletedBlockLogImpl.java:isTransactionFailed(278)) - Got block deletion ACK from datanode, TXIDs=52, success=true
2021-08-14 14:05:29,039 [EventQueue-DeleteBlockStatusForDeletedBlockLogImpl] DEBUG block.DeletedBlockLogImpl (DeletedBlockLogImpl.java:commitTransactions(224)) - Transaction txId=52 commit by dnId=e5d3e9d3-1367-47eb-ad7f-372895a70f55 for containerID=#52 failed. Corresponding entry not found.
2021-08-14 14:05:29,039 [EventQueue-DeleteBlockStatusForDeletedBlockLogImpl] DEBUG block.DeletedBlockLogImpl (DeletedBlockLogImpl.java:isTransactionFailed(278)) - Got block deletion ACK from datanode, TXIDs=53, success=true
2021-08-14 14:05:29,039 [EventQueue-DeleteBlockStatusForDeletedBlockLogImpl] DEBUG block.DeletedBlockLogImpl (DeletedBlockLogImpl.java:commitTransactions(224)) - Transaction txId=53 commit by dnId=e5d3e9d3-1367-47eb-ad7f-372895a70f55 for containerID=#53 failed. Corresponding entry not found.
2021-08-14 14:05:29,039 [EventQueue-DeleteBlockStatusForDeletedBlockLogImpl] DEBUG block.DeletedBlockLogImpl (DeletedBlockLogImpl.java:isTransactionFailed(278)) - Got block deletion ACK from datanode, TXIDs=54, success=true
2021-08-14 14:05:29,039 [EventQueue-DeleteBlockStatusForDeletedBlockLogImpl] DEBUG block.DeletedBlockLogImpl (DeletedBlockLogImpl.java:commitTransactions(224)) - Transaction txId=54 commit by dnId=e5d3e9d3-1367-47eb-ad7f-372895a70f55 for containerID=#54 failed. Corresponding entry not found.
2021-08-14 14:05:29,039 [EventQueue-DeleteBlockStatusForDeletedBlockLogImpl] DEBUG block.DeletedBlockLogImpl (DeletedBlockLogImpl.java:isTransactionFailed(278)) - Got block deletion ACK from datanode, TXIDs=55, success=true
2021-08-14 14:05:29,039 [EventQueue-DeleteBlockStatusForDeletedBlockLogImpl] DEBUG block.DeletedBlockLogImpl (DeletedBlockLogImpl.java:commitTransactions(224)) - Transaction txId=55 commit by dnId=e5d3e9d3-1367-47eb-ad7f-372895a70f55 for containerID=#55 failed. Corresponding entry not found.
2021-08-14 14:05:29,039 [EventQueue-DeleteBlockStatusForDeletedBlockLogImpl] DEBUG block.DeletedBlockLogImpl (DeletedBlockLogImpl.java:isTransactionFailed(278)) - Got block deletion ACK from datanode, TXIDs=56, success=true
2021-08-14 14:05:29,039 [EventQueue-DeleteBlockStatusForDeletedBlockLogImpl] DEBUG block.DeletedBlockLogImpl (DeletedBlockLogImpl.java:commitTransactions(224)) - Transaction txId=56 commit by dnId=e5d3e9d3-1367-47eb-ad7f-372895a70f55 for containerID=#56 failed. Corresponding entry not found.
2021-08-14 14:05:29,039 [EventQueue-DeleteBlockStatusForDeletedBlockLogImpl] DEBUG block.DeletedBlockLogImpl (DeletedBlockLogImpl.java:isTransactionFailed(278)) - Got block deletion ACK from datanode, TXIDs=1, success=true
2021-08-14 14:05:29,039 [EventQueue-DeleteBlockStatusForDeletedBlockLogImpl] DEBUG block.DeletedBlockLogImpl (DeletedBlockLogImpl.java:commitTransactions(224)) - Transaction txId=1 commit by dnId=e5d3e9d3-1367-47eb-ad7f-372895a70f55 for containerID=#1 failed. Corresponding entry not found.
2021-08-14 14:05:29,039 [EventQueue-DeleteBlockStatusForDeletedBlockLogImpl] DEBUG block.DeletedBlockLogImpl (DeletedBlockLogImpl.java:isTransactionFailed(278)) - Got block deletion ACK from datanode, TXIDs=2, success=true
2021-08-14 14:05:29,039 [EventQueue-DeleteBlockStatusForDeletedBlockLogImpl] DEBUG block.DeletedBlockLogImpl (DeletedBlockLogImpl.java:commitTransactions(224)) - Transaction txId=2 commit by dnId=e5d3e9d3-1367-47eb-ad7f-372895a70f55 for containerID=#2 failed. Corresponding entry not found.
2021-08-14 14:05:29,039 [EventQueue-DeleteBlockStatusForDeletedBlockLogImpl] DEBUG block.DeletedBlockLogImpl (DeletedBlockLogImpl.java:isTransactionFailed(278)) - Got block deletion ACK from datanode, TXIDs=3, success=true
2021-08-14 14:05:29,039 [EventQueue-DeleteBlockStatusForDeletedBlockLogImpl] DEBUG block.DeletedBlockLogImpl (DeletedBlockLogImpl.java:commitTransactions(224)) - Transaction txId=3 commit by dnId=e5d3e9d3-1367-47eb-ad7f-372895a70f55 for containerID=#3 failed. Corresponding entry not found.
2021-08-14 14:05:29,039 [EventQueue-DeleteBlockStatusForDeletedBlockLogImpl] DEBUG block.DeletedBlockLogImpl (DeletedBlockLogImpl.java:isTransactionFailed(278)) - Got block deletion ACK from datanode, TXIDs=4, success=true
2021-08-14 14:05:29,039 [EventQueue-DeleteBlockStatusForDeletedBlockLogImpl] DEBUG block.DeletedBlockLogImpl (DeletedBlockLogImpl.java:commitTransactions(224)) - Transaction txId=4 commit by dnId=e5d3e9d3-1367-47eb-ad7f-372895a70f55 for containerID=#4 failed. Corresponding entry not found.
2021-08-14 14:05:29,039 [EventQueue-DeleteBlockStatusForDeletedBlockLogImpl] DEBUG block.DeletedBlockLogImpl (DeletedBlockLogImpl.java:isTransactionFailed(278)) - Got block deletion ACK from datanode, TXIDs=5, success=true
2021-08-14 14:05:29,040 [EventQueue-DeleteBlockStatusForDeletedBlockLogImpl] DEBUG block.DeletedBlockLogImpl (DeletedBlockLogImpl.java:commitTransactions(224)) - Transaction txId=5 commit by dnId=e5d3e9d3-1367-47eb-ad7f-372895a70f55 for containerID=#5 failed. Corresponding entry not found.
2021-08-14 14:05:29,040 [EventQueue-DeleteBlockStatusForDeletedBlockLogImpl] DEBUG block.DeletedBlockLogImpl (DeletedBlockLogImpl.java:isTransactionFailed(278)) - Got block deletion ACK from datanode, TXIDs=6, success=true
2021-08-14 14:05:29,040 [EventQueue-DeleteBlockStatusForDeletedBlockLogImpl] DEBUG block.DeletedBlockLogImpl (DeletedBlockLogImpl.java:commitTransactions(224)) - Transaction txId=6 commit by dnId=e5d3e9d3-1367-47eb-ad7f-372895a70f55 for containerID=#6 failed. Corresponding entry not found.
2021-08-14 14:05:29,040 [EventQueue-DeleteBlockStatusForDeletedBlockLogImpl] DEBUG block.DeletedBlockLogImpl (DeletedBlockLogImpl.java:isTransactionFailed(278)) - Got block deletion ACK from datanode, TXIDs=7, success=true
2021-08-14 14:05:29,040 [EventQueue-DeleteBlockStatusForDeletedBlockLogImpl] DEBUG block.DeletedBlockLogImpl (DeletedBlockLogImpl.java:commitTransactions(224)) - Transaction txId=7 commit by dnId=e5d3e9d3-1367-47eb-ad7f-372895a70f55 for containerID=#7 failed. Corresponding entry not found.
2021-08-14 14:05:29,061 [EventQueue-DeleteBlockStatusForDeletedBlockLogImpl] DEBUG block.DeletedBlockLogImpl (DeletedBlockLogImpl.java:isTransactionFailed(278)) - Got block deletion ACK from datanode, TXIDs=8, success=true
2021-08-14 14:05:29,061 [EventQueue-DeleteBlockStatusForDeletedBlockLogImpl] DEBUG block.DeletedBlockLogImpl (DeletedBlockLogImpl.java:commitTransactions(224)) - Transaction txId=8 commit by dnId=e5d3e9d3-1367-47eb-ad7f-372895a70f55 for containerID=#8 failed. Corresponding entry not found.
2021-08-14 14:05:29,061 [EventQueue-DeleteBlockStatusForDeletedBlockLogImpl] DEBUG block.DeletedBlockLogImpl (DeletedBlockLogImpl.java:isTransactionFailed(278)) - Got block deletion ACK from datanode, TXIDs=9, success=true
2021-08-14 14:05:29,061 [EventQueue-DeleteBlockStatusForDeletedBlockLogImpl] DEBUG block.DeletedBlockLogImpl (DeletedBlockLogImpl.java:commitTransactions(224)) - Transaction txId=9 commit by dnId=e5d3e9d3-1367-47eb-ad7f-372895a70f55 for containerID=#9 failed. Corresponding entry not found.
2021-08-14 14:05:29,061 [EventQueue-DeleteBlockStatusForDeletedBlockLogImpl] DEBUG block.DeletedBlockLogImpl (DeletedBlockLogImpl.java:isTransactionFailed(278)) - Got block deletion ACK from datanode, TXIDs=10, success=true
2021-08-14 14:05:29,061 [EventQueue-DeleteBlockStatusForDeletedBlockLogImpl] DEBUG block.DeletedBlockLogImpl (DeletedBlockLogImpl.java:commitTransactions(224)) - Transaction txId=10 commit by dnId=e5d3e9d3-1367-47eb-ad7f-372895a70f55 for containerID=#10 failed. Corresponding entry not found.
2021-08-14 14:05:29,061 [EventQueue-DeleteBlockStatusForDeletedBlockLogImpl] DEBUG block.DeletedBlockLogImpl (DeletedBlockLogImpl.java:isTransactionFailed(278)) - Got block deletion ACK from datanode, TXIDs=11, success=true
2021-08-14 14:05:29,062 [EventQueue-DeleteBlockStatusForDeletedBlockLogImpl] DEBUG block.DeletedBlockLogImpl (DeletedBlockLogImpl.java:commitTransactions(224)) - Transaction txId=11 commit by dnId=e5d3e9d3-1367-47eb-ad7f-372895a70f55 for containerID=#11 failed. Corresponding entry not found.
2021-08-14 14:05:29,062 [EventQueue-DeleteBlockStatusForDeletedBlockLogImpl] DEBUG block.DeletedBlockLogImpl (DeletedBlockLogImpl.java:isTransactionFailed(278)) - Got block deletion ACK from datanode, TXIDs=12, success=true
2021-08-14 14:05:29,062 [EventQueue-DeleteBlockStatusForDeletedBlockLogImpl] DEBUG block.DeletedBlockLogImpl (DeletedBlockLogImpl.java:commitTransactions(224)) - Transaction txId=12 commit by dnId=e5d3e9d3-1367-47eb-ad7f-372895a70f55 for containerID=#12 failed. Corresponding entry not found.
2021-08-14 14:05:29,062 [EventQueue-DeleteBlockStatusForDeletedBlockLogImpl] DEBUG block.DeletedBlockLogImpl (DeletedBlockLogImpl.java:isTransactionFailed(278)) - Got block deletion ACK from datanode, TXIDs=13, success=true
2021-08-14 14:05:29,062 [EventQueue-DeleteBlockStatusForDeletedBlockLogImpl] DEBUG block.DeletedBlockLogImpl (DeletedBlockLogImpl.java:commitTransactions(224)) - Transaction txId=13 commit by dnId=e5d3e9d3-1367-47eb-ad7f-372895a70f55 for containerID=#13 failed. Corresponding entry not found.
2021-08-14 14:05:29,062 [EventQueue-DeleteBlockStatusForDeletedBlockLogImpl] DEBUG block.DeletedBlockLogImpl (DeletedBlockLogImpl.java:isTransactionFailed(278)) - Got block deletion ACK from datanode, TXIDs=14, success=true
2021-08-14 14:05:29,062 [EventQueue-DeleteBlockStatusForDeletedBlockLogImpl] DEBUG block.DeletedBlockLogImpl (DeletedBlockLogImpl.java:commitTransactions(224)) - Transaction txId=14 commit by dnId=e5d3e9d3-1367-47eb-ad7f-372895a70f55 for containerID=#14 failed. Corresponding entry not found.
2021-08-14 14:05:29,062 [EventQueue-DeleteBlockStatusForDeletedBlockLogImpl] DEBUG block.DeletedBlockLogImpl (DeletedBlockLogImpl.java:isTransactionFailed(278)) - Got block deletion ACK from datanode, TXIDs=15, success=true
2021-08-14 14:05:29,062 [EventQueue-DeleteBlockStatusForDeletedBlockLogImpl] DEBUG block.DeletedBlockLogImpl (DeletedBlockLogImpl.java:commitTransactions(224)) - Transaction txId=15 commit by dnId=e5d3e9d3-1367-47eb-ad7f-372895a70f55 for containerID=#15 failed. Corresponding entry not found.
2021-08-14 14:05:29,062 [EventQueue-DeleteBlockStatusForDeletedBlockLogImpl] DEBUG block.DeletedBlockLogImpl (DeletedBlockLogImpl.java:isTransactionFailed(278)) - Got block deletion ACK from datanode, TXIDs=16, success=true
2021-08-14 14:05:29,062 [EventQueue-DeleteBlockStatusForDeletedBlockLogImpl] DEBUG block.DeletedBlockLogImpl (DeletedBlockLogImpl.java:commitTransactions(224)) - Transaction txId=16 commit by dnId=e5d3e9d3-1367-47eb-ad7f-372895a70f55 for containerID=#16 failed. Corresponding entry not found.
2021-08-14 14:05:29,062 [EventQueue-DeleteBlockStatusForDeletedBlockLogImpl] DEBUG block.DeletedBlockLogImpl (DeletedBlockLogImpl.java:isTransactionFailed(278)) - Got block deletion ACK from datanode, TXIDs=17, success=true
2021-08-14 14:05:29,062 [EventQueue-DeleteBlockStatusForDeletedBlockLogImpl] DEBUG block.DeletedBlockLogImpl (DeletedBlockLogImpl.java:commitTransactions(224)) - Transaction txId=17 commit by dnId=e5d3e9d3-1367-47eb-ad7f-372895a70f55 for containerID=#17 failed. Corresponding entry not found.
2021-08-14 14:05:29,062 [EventQueue-DeleteBlockStatusForDeletedBlockLogImpl] DEBUG block.DeletedBlockLogImpl (DeletedBlockLogImpl.java:isTransactionFailed(278)) - Got block deletion ACK from datanode, TXIDs=18, success=true
2021-08-14 14:05:29,062 [EventQueue-DeleteBlockStatusForDeletedBlockLogImpl] DEBUG block.DeletedBlockLogImpl (DeletedBlockLogImpl.java:commitTransactions(224)) - Transaction txId=18 commit by dnId=e5d3e9d3-1367-47eb-ad7f-372895a70f55 for containerID=#18 failed. Corresponding entry not found.
2021-08-14 14:05:29,062 [EventQueue-DeleteBlockStatusForDeletedBlockLogImpl] DEBUG block.DeletedBlockLogImpl (DeletedBlockLogImpl.java:isTransactionFailed(278)) - Got block deletion ACK from datanode, TXIDs=19, success=true
2021-08-14 14:05:29,062 [EventQueue-DeleteBlockStatusForDeletedBlockLogImpl] DEBUG block.DeletedBlockLogImpl (DeletedBlockLogImpl.java:commitTransactions(224)) - Transaction txId=19 commit by dnId=e5d3e9d3-1367-47eb-ad7f-372895a70f55 for containerID=#19 failed. Corresponding entry not found.
2021-08-14 14:05:29,062 [EventQueue-DeleteBlockStatusForDeletedBlockLogImpl] DEBUG block.DeletedBlockLogImpl (DeletedBlockLogImpl.java:isTransactionFailed(278)) - Got block deletion ACK from datanode, TXIDs=20, success=true
2021-08-14 14:05:29,062 [EventQueue-DeleteBlockStatusForDeletedBlockLogImpl] DEBUG block.DeletedBlockLogImpl (DeletedBlockLogImpl.java:commitTransactions(224)) - Transaction txId=20 commit by dnId=e5d3e9d3-1367-47eb-ad7f-372895a70f55 for containerID=#20 failed. Corresponding entry not found.
2021-08-14 14:05:29,062 [EventQueue-DeleteBlockStatusForDeletedBlockLogImpl] DEBUG block.DeletedBlockLogImpl (DeletedBlockLogImpl.java:isTransactionFailed(278)) - Got block deletion ACK from datanode, TXIDs=21, success=true
2021-08-14 14:05:29,062 [EventQueue-DeleteBlockStatusForDeletedBlockLogImpl] DEBUG block.DeletedBlockLogImpl (DeletedBlockLogImpl.java:commitTransactions(224)) - Transaction txId=21 commit by dnId=e5d3e9d3-1367-47eb-ad7f-372895a70f55 for containerID=#21 failed. Corresponding entry not found.
2021-08-14 14:05:29,062 [EventQueue-DeleteBlockStatusForDeletedBlockLogImpl] DEBUG block.DeletedBlockLogImpl (DeletedBlockLogImpl.java:isTransactionFailed(278)) - Got block deletion ACK from datanode, TXIDs=22, success=true
2021-08-14 14:05:29,062 [EventQueue-DeleteBlockStatusForDeletedBlockLogImpl] DEBUG block.DeletedBlockLogImpl (DeletedBlockLogImpl.java:commitTransactions(224)) - Transaction txId=22 commit by dnId=e5d3e9d3-1367-47eb-ad7f-372895a70f55 for containerID=#22 failed. Corresponding entry not found.
2021-08-14 14:05:29,062 [EventQueue-DeleteBlockStatusForDeletedBlockLogImpl] DEBUG block.DeletedBlockLogImpl (DeletedBlockLogImpl.java:isTransactionFailed(278)) - Got block deletion ACK from datanode, TXIDs=23, success=true
2021-08-14 14:05:29,062 [EventQueue-DeleteBlockStatusForDeletedBlockLogImpl] DEBUG block.DeletedBlockLogImpl (DeletedBlockLogImpl.java:commitTransactions(224)) - Transaction txId=23 commit by dnId=e5d3e9d3-1367-47eb-ad7f-372895a70f55 for containerID=#23 failed. Corresponding entry not found.
2021-08-14 14:05:29,062 [EventQueue-DeleteBlockStatusForDeletedBlockLogImpl] DEBUG block.DeletedBlockLogImpl (DeletedBlockLogImpl.java:isTransactionFailed(278)) - Got block deletion ACK from datanode, TXIDs=24, success=true
2021-08-14 14:05:29,062 [EventQueue-DeleteBlockStatusForDeletedBlockLogImpl] DEBUG block.DeletedBlockLogImpl (DeletedBlockLogImpl.java:commitTransactions(224)) - Transaction txId=24 commit by dnId=e5d3e9d3-1367-47eb-ad7f-372895a70f55 for containerID=#24 failed. Corresponding entry not found.
2021-08-14 14:05:29,062 [EventQueue-DeleteBlockStatusForDeletedBlockLogImpl] DEBUG block.DeletedBlockLogImpl (DeletedBlockLogImpl.java:isTransactionFailed(278)) - Got block deletion ACK from datanode, TXIDs=25, success=true
2021-08-14 14:05:29,062 [EventQueue-DeleteBlockStatusForDeletedBlockLogImpl] DEBUG block.DeletedBlockLogImpl (DeletedBlockLogImpl.java:commitTransactions(224)) - Transaction txId=25 commit by dnId=e5d3e9d3-1367-47eb-ad7f-372895a70f55 for containerID=#25 failed. Corresponding entry not found.
2021-08-14 14:05:29,062 [EventQueue-DeleteBlockStatusForDeletedBlockLogImpl] DEBUG block.DeletedBlockLogImpl (DeletedBlockLogImpl.java:isTransactionFailed(278)) - Got block deletion ACK from datanode, TXIDs=26, success=true
2021-08-14 14:05:29,062 [EventQueue-DeleteBlockStatusForDeletedBlockLogImpl] DEBUG block.DeletedBlockLogImpl (DeletedBlockLogImpl.java:commitTransactions(224)) - Transaction txId=26 commit by dnId=e5d3e9d3-1367-47eb-ad7f-372895a70f55 for containerID=#26 failed. Corresponding entry not found.
2021-08-14 14:05:29,062 [EventQueue-DeleteBlockStatusForDeletedBlockLogImpl] DEBUG block.DeletedBlockLogImpl (DeletedBlockLogImpl.java:isTransactionFailed(278)) - Got block deletion ACK from datanode, TXIDs=27, success=true
2021-08-14 14:05:29,062 [EventQueue-DeleteBlockStatusForDeletedBlockLogImpl] DEBUG block.DeletedBlockLogImpl (DeletedBlockLogImpl.java:commitTransactions(224)) - Transaction txId=27 commit by dnId=e5d3e9d3-1367-47eb-ad7f-372895a70f55 for containerID=#27 failed. Corresponding entry not found.
2021-08-14 14:05:29,062 [EventQueue-DeleteBlockStatusForDeletedBlockLogImpl] DEBUG block.DeletedBlockLogImpl (DeletedBlockLogImpl.java:isTransactionFailed(278)) - Got block deletion ACK from datanode, TXIDs=28, success=true
2021-08-14 14:05:29,062 [EventQueue-DeleteBlockStatusForDeletedBlockLogImpl] DEBUG block.DeletedBlockLogImpl (DeletedBlockLogImpl.java:commitTransactions(224)) - Transaction txId=28 commit by dnId=e5d3e9d3-1367-47eb-ad7f-372895a70f55 for containerID=#28 failed. Corresponding entry not found.
2021-08-14 14:05:29,062 [EventQueue-DeleteBlockStatusForDeletedBlockLogImpl] DEBUG block.DeletedBlockLogImpl (DeletedBlockLogImpl.java:isTransactionFailed(278)) - Got block deletion ACK from datanode, TXIDs=29, success=true
2021-08-14 14:05:29,062 [EventQueue-DeleteBlockStatusForDeletedBlockLogImpl] DEBUG block.DeletedBlockLogImpl (DeletedBlockLogImpl.java:commitTransactions(224)) - Transaction txId=29 commit by dnId=e5d3e9d3-1367-47eb-ad7f-372895a70f55 for containerID=#29 failed. Corresponding entry not found.
2021-08-14 14:05:29,063 [EventQueue-DeleteBlockStatusForDeletedBlockLogImpl] DEBUG block.DeletedBlockLogImpl (DeletedBlockLogImpl.java:isTransactionFailed(278)) - Got block deletion ACK from datanode, TXIDs=30, success=true
2021-08-14 14:05:29,063 [EventQueue-DeleteBlockStatusForDeletedBlockLogImpl] DEBUG block.DeletedBlockLogImpl (DeletedBlockLogImpl.java:commitTransactions(224)) - Transaction txId=30 commit by dnId=e5d3e9d3-1367-47eb-ad7f-372895a70f55 for containerID=#30 failed. Corresponding entry not found.
2021-08-14 14:05:29,063 [EventQueue-DeleteBlockStatusForDeletedBlockLogImpl] DEBUG block.DeletedBlockLogImpl (DeletedBlockLogImpl.java:isTransactionFailed(278)) - Got block deletion ACK from datanode, TXIDs=31, success=true
2021-08-14 14:05:29,063 [EventQueue-DeleteBlockStatusForDeletedBlockLogImpl] DEBUG block.DeletedBlockLogImpl (DeletedBlockLogImpl.java:commitTransactions(224)) - Transaction txId=31 commit by dnId=e5d3e9d3-1367-47eb-ad7f-372895a70f55 for containerID=#31 failed. Corresponding entry not found.
2021-08-14 14:05:29,063 [EventQueue-DeleteBlockStatusForDeletedBlockLogImpl] DEBUG block.DeletedBlockLogImpl (DeletedBlockLogImpl.java:isTransactionFailed(278)) - Got block deletion ACK from datanode, TXIDs=32, success=true
2021-08-14 14:05:29,063 [EventQueue-DeleteBlockStatusForDeletedBlockLogImpl] DEBUG block.DeletedBlockLogImpl (DeletedBlockLogImpl.java:commitTransactions(224)) - Transaction txId=32 commit by dnId=e5d3e9d3-1367-47eb-ad7f-372895a70f55 for containerID=#32 failed. Corresponding entry not found.
2021-08-14 14:05:29,063 [EventQueue-DeleteBlockStatusForDeletedBlockLogImpl] DEBUG block.DeletedBlockLogImpl (DeletedBlockLogImpl.java:isTransactionFailed(278)) - Got block deletion ACK from datanode, TXIDs=33, success=true
2021-08-14 14:05:29,063 [EventQueue-DeleteBlockStatusForDeletedBlockLogImpl] DEBUG block.DeletedBlockLogImpl (DeletedBlockLogImpl.java:commitTransactions(224)) - Transaction txId=33 commit by dnId=e5d3e9d3-1367-47eb-ad7f-372895a70f55 for containerID=#33 failed. Corresponding entry not found.
2021-08-14 14:05:29,063 [EventQueue-DeleteBlockStatusForDeletedBlockLogImpl] DEBUG block.DeletedBlockLogImpl (DeletedBlockLogImpl.java:isTransactionFailed(278)) - Got block deletion ACK from datanode, TXIDs=34, success=true
2021-08-14 14:05:29,063 [EventQueue-DeleteBlockStatusForDeletedBlockLogImpl] DEBUG block.DeletedBlockLogImpl (DeletedBlockLogImpl.java:commitTransactions(224)) - Transaction txId=34 commit by dnId=e5d3e9d3-1367-47eb-ad7f-372895a70f55 for containerID=#34 failed. Corresponding entry not found.
2021-08-14 14:05:29,063 [EventQueue-DeleteBlockStatusForDeletedBlockLogImpl] DEBUG block.DeletedBlockLogImpl (DeletedBlockLogImpl.java:isTransactionFailed(278)) - Got block deletion ACK from datanode, TXIDs=35, success=true
2021-08-14 14:05:29,063 [EventQueue-DeleteBlockStatusForDeletedBlockLogImpl] DEBUG block.DeletedBlockLogImpl (DeletedBlockLogImpl.java:commitTransactions(224)) - Transaction txId=35 commit by dnId=e5d3e9d3-1367-47eb-ad7f-372895a70f55 for containerID=#35 failed. Corresponding entry not found.
2021-08-14 14:05:29,063 [EventQueue-DeleteBlockStatusForDeletedBlockLogImpl] DEBUG block.DeletedBlockLogImpl (DeletedBlockLogImpl.java:isTransactionFailed(278)) - Got block deletion ACK from datanode, TXIDs=36, success=true
2021-08-14 14:05:29,063 [EventQueue-DeleteBlockStatusForDeletedBlockLogImpl] DEBUG block.DeletedBlockLogImpl (DeletedBlockLogImpl.java:commitTransactions(224)) - Transaction txId=36 commit by dnId=e5d3e9d3-1367-47eb-ad7f-372895a70f55 for containerID=#36 failed. Corresponding entry not found.
2021-08-14 14:05:29,063 [EventQueue-DeleteBlockStatusForDeletedBlockLogImpl] DEBUG block.DeletedBlockLogImpl (DeletedBlockLogImpl.java:isTransactionFailed(278)) - Got block deletion ACK from datanode, TXIDs=37, success=true
2021-08-14 14:05:29,063 [EventQueue-DeleteBlockStatusForDeletedBlockLogImpl] DEBUG block.DeletedBlockLogImpl (DeletedBlockLogImpl.java:commitTransactions(224)) - Transaction txId=37 commit by dnId=e5d3e9d3-1367-47eb-ad7f-372895a70f55 for containerID=#37 failed. Corresponding entry not found.
2021-08-14 14:05:29,063 [EventQueue-DeleteBlockStatusForDeletedBlockLogImpl] DEBUG block.DeletedBlockLogImpl (DeletedBlockLogImpl.java:isTransactionFailed(278)) - Got block deletion ACK from datanode, TXIDs=38, success=true
2021-08-14 14:05:29,063 [EventQueue-DeleteBlockStatusForDeletedBlockLogImpl] DEBUG block.DeletedBlockLogImpl (DeletedBlockLogImpl.java:commitTransactions(224)) - Transaction txId=38 commit by dnId=e5d3e9d3-1367-47eb-ad7f-372895a70f55 for containerID=#38 failed. Corresponding entry not found.
2021-08-14 14:05:29,063 [EventQueue-DeleteBlockStatusForDeletedBlockLogImpl] DEBUG block.DeletedBlockLogImpl (DeletedBlockLogImpl.java:isTransactionFailed(278)) - Got block deletion ACK from datanode, TXIDs=39, success=true
2021-08-14 14:05:29,063 [EventQueue-DeleteBlockStatusForDeletedBlockLogImpl] DEBUG block.DeletedBlockLogImpl (DeletedBlockLogImpl.java:commitTransactions(224)) - Transaction txId=39 commit by dnId=e5d3e9d3-1367-47eb-ad7f-372895a70f55 for containerID=#39 failed. Corresponding entry not found.
2021-08-14 14:05:29,063 [EventQueue-DeleteBlockStatusForDeletedBlockLogImpl] DEBUG block.DeletedBlockLogImpl (DeletedBlockLogImpl.java:isTransactionFailed(278)) - Got block deletion ACK from datanode, TXIDs=40, success=true
2021-08-14 14:05:29,063 [EventQueue-DeleteBlockStatusForDeletedBlockLogImpl] DEBUG block.DeletedBlockLogImpl (DeletedBlockLogImpl.java:commitTransactions(224)) - Transaction txId=40 commit by dnId=e5d3e9d3-1367-47eb-ad7f-372895a70f55 for containerID=#40 failed. Corresponding entry not found.
2021-08-14 14:05:29,063 [EventQueue-DeleteBlockStatusForDeletedBlockLogImpl] DEBUG block.DeletedBlockLogImpl (DeletedBlockLogImpl.java:isTransactionFailed(278)) - Got block deletion ACK from datanode, TXIDs=41, success=true
2021-08-14 14:05:29,063 [EventQueue-DeleteBlockStatusForDeletedBlockLogImpl] DEBUG block.DeletedBlockLogImpl (DeletedBlockLogImpl.java:commitTransactions(224)) - Transaction txId=41 commit by dnId=e5d3e9d3-1367-47eb-ad7f-372895a70f55 for containerID=#41 failed. Corresponding entry not found.
2021-08-14 14:05:29,063 [EventQueue-DeleteBlockStatusForDeletedBlockLogImpl] DEBUG block.DeletedBlockLogImpl (DeletedBlockLogImpl.java:isTransactionFailed(278)) - Got block deletion ACK from datanode, TXIDs=42, success=true
2021-08-14 14:05:29,069 [EventQueue-DeleteBlockStatusForDeletedBlockLogImpl] DEBUG block.DeletedBlockLogImpl (DeletedBlockLogImpl.java:commitTransactions(224)) - Transaction txId=42 commit by dnId=e5d3e9d3-1367-47eb-ad7f-372895a70f55 for containerID=#42 failed. Corresponding entry not found.
2021-08-14 14:05:29,069 [EventQueue-DeleteBlockStatusForDeletedBlockLogImpl] DEBUG block.DeletedBlockLogImpl (DeletedBlockLogImpl.java:isTransactionFailed(278)) - Got block deletion ACK from datanode, TXIDs=43, success=true
2021-08-14 14:05:29,069 [EventQueue-DeleteBlockStatusForDeletedBlockLogImpl] DEBUG block.DeletedBlockLogImpl (DeletedBlockLogImpl.java:commitTransactions(224)) - Transaction txId=43 commit by dnId=e5d3e9d3-1367-47eb-ad7f-372895a70f55 for containerID=#43 failed. Corresponding entry not found.
2021-08-14 14:05:29,069 [EventQueue-DeleteBlockStatusForDeletedBlockLogImpl] DEBUG block.DeletedBlockLogImpl (DeletedBlockLogImpl.java:isTransactionFailed(278)) - Got block deletion ACK from datanode, TXIDs=44, success=true
2021-08-14 14:05:29,069 [EventQueue-DeleteBlockStatusForDeletedBlockLogImpl] DEBUG block.DeletedBlockLogImpl (DeletedBlockLogImpl.java:commitTransactions(224)) - Transaction txId=44 commit by dnId=e5d3e9d3-1367-47eb-ad7f-372895a70f55 for containerID=#44 failed. Corresponding entry not found.
2021-08-14 14:05:29,069 [EventQueue-DeleteBlockStatusForDeletedBlockLogImpl] DEBUG block.DeletedBlockLogImpl (DeletedBlockLogImpl.java:isTransactionFailed(278)) - Got block deletion ACK from datanode, TXIDs=45, success=true
2021-08-14 14:05:29,069 [EventQueue-DeleteBlockStatusForDeletedBlockLogImpl] DEBUG block.DeletedBlockLogImpl (DeletedBlockLogImpl.java:commitTransactions(224)) - Transaction txId=45 commit by dnId=e5d3e9d3-1367-47eb-ad7f-372895a70f55 for containerID=#45 failed. Corresponding entry not found.
2021-08-14 14:05:29,069 [EventQueue-DeleteBlockStatusForDeletedBlockLogImpl] DEBUG block.DeletedBlockLogImpl (DeletedBlockLogImpl.java:isTransactionFailed(278)) - Got block deletion ACK from datanode, TXIDs=46, success=true
2021-08-14 14:05:29,069 [EventQueue-DeleteBlockStatusForDeletedBlockLogImpl] DEBUG block.DeletedBlockLogImpl (DeletedBlockLogImpl.java:commitTransactions(224)) - Transaction txId=46 commit by dnId=e5d3e9d3-1367-47eb-ad7f-372895a70f55 for containerID=#46 failed. Corresponding entry not found.
2021-08-14 14:05:29,069 [EventQueue-DeleteBlockStatusForDeletedBlockLogImpl] DEBUG block.DeletedBlockLogImpl (DeletedBlockLogImpl.java:isTransactionFailed(278)) - Got block deletion ACK from datanode, TXIDs=47, success=true
2021-08-14 14:05:29,077 [EventQueue-DeleteBlockStatusForDeletedBlockLogImpl] DEBUG block.DeletedBlockLogImpl (DeletedBlockLogImpl.java:commitTransactions(224)) - Transaction txId=47 commit by dnId=e5d3e9d3-1367-47eb-ad7f-372895a70f55 for containerID=#47 failed. Corresponding entry not found.
2021-08-14 14:05:29,081 [EventQueue-DeleteBlockStatusForDeletedBlockLogImpl] DEBUG block.DeletedBlockLogImpl (DeletedBlockLogImpl.java:isTransactionFailed(278)) - Got block deletion ACK from datanode, TXIDs=48, success=true
2021-08-14 14:05:29,081 [EventQueue-DeleteBlockStatusForDeletedBlockLogImpl] DEBUG block.DeletedBlockLogImpl (DeletedBlockLogImpl.java:commitTransactions(224)) - Transaction txId=48 commit by dnId=e5d3e9d3-1367-47eb-ad7f-372895a70f55 for containerID=#48 failed. Corresponding entry not found.
2021-08-14 14:05:29,081 [EventQueue-DeleteBlockStatusForDeletedBlockLogImpl] DEBUG block.DeletedBlockLogImpl (DeletedBlockLogImpl.java:isTransactionFailed(278)) - Got block deletion ACK from datanode, TXIDs=49, success=true
2021-08-14 14:05:29,081 [EventQueue-DeleteBlockStatusForDeletedBlockLogImpl] DEBUG block.DeletedBlockLogImpl (DeletedBlockLogImpl.java:commitTransactions(224)) - Transaction txId=49 commit by dnId=e5d3e9d3-1367-47eb-ad7f-372895a70f55 for containerID=#49 failed. Corresponding entry not found.
2021-08-14 14:05:29,081 [EventQueue-DeleteBlockStatusForDeletedBlockLogImpl] DEBUG block.DeletedBlockLogImpl (DeletedBlockLogImpl.java:isTransactionFailed(278)) - Got block deletion ACK from datanode, TXIDs=50, success=true
2021-08-14 14:05:29,081 [EventQueue-DeleteBlockStatusForDeletedBlockLogImpl] DEBUG block.DeletedBlockLogImpl (DeletedBlockLogImpl.java:commitTransactions(224)) - Transaction txId=50 commit by dnId=e5d3e9d3-1367-47eb-ad7f-372895a70f55 for containerID=#50 failed. Corresponding entry not found.
2021-08-14 14:05:29,084 [EventQueue-DeleteBlockStatusForDeletedBlockLogImpl] DEBUG block.DeletedBlockLogImpl (DeletedBlockLogImpl.java:isTransactionFailed(278)) - Got block deletion ACK from datanode, TXIDs=51, success=true
2021-08-14 14:05:29,084 [EventQueue-DeleteBlockStatusForDeletedBlockLogImpl] DEBUG block.DeletedBlockLogImpl (DeletedBlockLogImpl.java:commitTransactions(224)) - Transaction txId=51 commit by dnId=e5d3e9d3-1367-47eb-ad7f-372895a70f55 for containerID=#51 failed. Corresponding entry not found.
2021-08-14 14:05:29,084 [EventQueue-DeleteBlockStatusForDeletedBlockLogImpl] DEBUG block.DeletedBlockLogImpl (DeletedBlockLogImpl.java:isTransactionFailed(278)) - Got block deletion ACK from datanode, TXIDs=52, success=true
2021-08-14 14:05:29,084 [EventQueue-DeleteBlockStatusForDeletedBlockLogImpl] DEBUG block.DeletedBlockLogImpl (DeletedBlockLogImpl.java:commitTransactions(224)) - Transaction txId=52 commit by dnId=e5d3e9d3-1367-47eb-ad7f-372895a70f55 for containerID=#52 failed. Corresponding entry not found.
2021-08-14 14:05:29,084 [EventQueue-DeleteBlockStatusForDeletedBlockLogImpl] DEBUG block.DeletedBlockLogImpl (DeletedBlockLogImpl.java:isTransactionFailed(278)) - Got block deletion ACK from datanode, TXIDs=53, success=true
2021-08-14 14:05:29,085 [EventQueue-DeleteBlockStatusForDeletedBlockLogImpl] DEBUG block.DeletedBlockLogImpl (DeletedBlockLogImpl.java:commitTransactions(224)) - Transaction txId=53 commit by dnId=e5d3e9d3-1367-47eb-ad7f-372895a70f55 for containerID=#53 failed. Corresponding entry not found.
2021-08-14 14:05:29,085 [EventQueue-DeleteBlockStatusForDeletedBlockLogImpl] DEBUG block.DeletedBlockLogImpl (DeletedBlockLogImpl.java:isTransactionFailed(278)) - Got block deletion ACK from datanode, TXIDs=54, success=true
2021-08-14 14:05:29,085 [EventQueue-DeleteBlockStatusForDeletedBlockLogImpl] DEBUG block.DeletedBlockLogImpl (DeletedBlockLogImpl.java:commitTransactions(224)) - Transaction txId=54 commit by dnId=e5d3e9d3-1367-47eb-ad7f-372895a70f55 for containerID=#54 failed. Corresponding entry not found.
2021-08-14 14:05:29,085 [EventQueue-DeleteBlockStatusForDeletedBlockLogImpl] DEBUG block.DeletedBlockLogImpl (DeletedBlockLogImpl.java:isTransactionFailed(278)) - Got block deletion ACK from datanode, TXIDs=55, success=true
2021-08-14 14:05:29,085 [EventQueue-DeleteBlockStatusForDeletedBlockLogImpl] DEBUG block.DeletedBlockLogImpl (DeletedBlockLogImpl.java:commitTransactions(224)) - Transaction txId=55 commit by dnId=e5d3e9d3-1367-47eb-ad7f-372895a70f55 for containerID=#55 failed. Corresponding entry not found.
2021-08-14 14:05:29,085 [EventQueue-DeleteBlockStatusForDeletedBlockLogImpl] DEBUG block.DeletedBlockLogImpl (DeletedBlockLogImpl.java:isTransactionFailed(278)) - Got block deletion ACK from datanode, TXIDs=56, success=true
2021-08-14 14:05:29,085 [EventQueue-DeleteBlockStatusForDeletedBlockLogImpl] DEBUG block.DeletedBlockLogImpl (DeletedBlockLogImpl.java:commitTransactions(224)) - Transaction txId=56 commit by dnId=e5d3e9d3-1367-47eb-ad7f-372895a70f55 for containerID=#56 failed. Corresponding entry not found.
2021-08-14 14:05:29,086 [EventQueue-DeleteBlockStatusForDeletedBlockLogImpl] DEBUG block.DeletedBlockLogImpl (DeletedBlockLogImpl.java:isTransactionFailed(278)) - Got block deletion ACK from datanode, TXIDs=1, success=true
2021-08-14 14:05:29,086 [EventQueue-DeleteBlockStatusForDeletedBlockLogImpl] DEBUG block.DeletedBlockLogImpl (DeletedBlockLogImpl.java:commitTransactions(224)) - Transaction txId=1 commit by dnId=e5d3e9d3-1367-47eb-ad7f-372895a70f55 for containerID=#1 failed. Corresponding entry not found.
2021-08-14 14:05:29,086 [EventQueue-DeleteBlockStatusForDeletedBlockLogImpl] DEBUG block.DeletedBlockLogImpl (DeletedBlockLogImpl.java:isTransactionFailed(278)) - Got block deletion ACK from datanode, TXIDs=2, success=true
2021-08-14 14:05:29,086 [EventQueue-DeleteBlockStatusForDeletedBlockLogImpl] DEBUG block.DeletedBlockLogImpl (DeletedBlockLogImpl.java:commitTransactions(224)) - Transaction txId=2 commit by dnId=e5d3e9d3-1367-47eb-ad7f-372895a70f55 for containerID=#2 failed. Corresponding entry not found.
2021-08-14 14:05:29,086 [EventQueue-DeleteBlockStatusForDeletedBlockLogImpl] DEBUG block.DeletedBlockLogImpl (DeletedBlockLogImpl.java:isTransactionFailed(278)) - Got block deletion ACK from datanode, TXIDs=3, success=true
2021-08-14 14:05:29,086 [EventQueue-DeleteBlockStatusForDeletedBlockLogImpl] DEBUG block.DeletedBlockLogImpl (DeletedBlockLogImpl.java:commitTransactions(224)) - Transaction txId=3 commit by dnId=e5d3e9d3-1367-47eb-ad7f-372895a70f55 for containerID=#3 failed. Corresponding entry not found.
2021-08-14 14:05:29,086 [EventQueue-DeleteBlockStatusForDeletedBlockLogImpl] DEBUG block.DeletedBlockLogImpl (DeletedBlockLogImpl.java:isTransactionFailed(278)) - Got block deletion ACK from datanode, TXIDs=4, success=true
2021-08-14 14:05:29,086 [EventQueue-DeleteBlockStatusForDeletedBlockLogImpl] DEBUG block.DeletedBlockLogImpl (DeletedBlockLogImpl.java:commitTransactions(224)) - Transaction txId=4 commit by dnId=e5d3e9d3-1367-47eb-ad7f-372895a70f55 for containerID=#4 failed. Corresponding entry not found.
2021-08-14 14:05:29,086 [EventQueue-DeleteBlockStatusForDeletedBlockLogImpl] DEBUG block.DeletedBlockLogImpl (DeletedBlockLogImpl.java:isTransactionFailed(278)) - Got block deletion ACK from datanode, TXIDs=5, success=true
2021-08-14 14:05:29,086 [EventQueue-DeleteBlockStatusForDeletedBlockLogImpl] DEBUG block.DeletedBlockLogImpl (DeletedBlockLogImpl.java:commitTransactions(224)) - Transaction txId=5 commit by dnId=e5d3e9d3-1367-47eb-ad7f-372895a70f55 for containerID=#5 failed. Corresponding entry not found.
2021-08-14 14:05:29,086 [EventQueue-DeleteBlockStatusForDeletedBlockLogImpl] DEBUG block.DeletedBlockLogImpl (DeletedBlockLogImpl.java:isTransactionFailed(278)) - Got block deletion ACK from datanode, TXIDs=6, success=true
2021-08-14 14:05:29,086 [EventQueue-DeleteBlockStatusForDeletedBlockLogImpl] DEBUG block.DeletedBlockLogImpl (DeletedBlockLogImpl.java:commitTransactions(224)) - Transaction txId=6 commit by dnId=e5d3e9d3-1367-47eb-ad7f-372895a70f55 for containerID=#6 failed. Corresponding entry not found.
2021-08-14 14:05:29,086 [EventQueue-DeleteBlockStatusForDeletedBlockLogImpl] DEBUG block.DeletedBlockLogImpl (DeletedBlockLogImpl.java:isTransactionFailed(278)) - Got block deletion ACK from datanode, TXIDs=7, success=true
2021-08-14 14:05:29,086 [EventQueue-DeleteBlockStatusForDeletedBlockLogImpl] DEBUG block.DeletedBlockLogImpl (DeletedBlockLogImpl.java:commitTransactions(224)) - Transaction txId=7 commit by dnId=e5d3e9d3-1367-47eb-ad7f-372895a70f55 for containerID=#7 failed. Corresponding entry not found.
2021-08-14 14:05:29,086 [EventQueue-DeleteBlockStatusForDeletedBlockLogImpl] DEBUG block.DeletedBlockLogImpl (DeletedBlockLogImpl.java:isTransactionFailed(278)) - Got block deletion ACK from datanode, TXIDs=8, success=true
2021-08-14 14:05:29,086 [EventQueue-DeleteBlockStatusForDeletedBlockLogImpl] DEBUG block.DeletedBlockLogImpl (DeletedBlockLogImpl.java:commitTransactions(224)) - Transaction txId=8 commit by dnId=e5d3e9d3-1367-47eb-ad7f-372895a70f55 for containerID=#8 failed. Corresponding entry not found.
2021-08-14 14:05:29,086 [EventQueue-DeleteBlockStatusForDeletedBlockLogImpl] DEBUG block.DeletedBlockLogImpl (DeletedBlockLogImpl.java:isTransactionFailed(278)) - Got block deletion ACK from datanode, TXIDs=9, success=true
2021-08-14 14:05:29,086 [EventQueue-DeleteBlockStatusForDeletedBlockLogImpl] DEBUG block.DeletedBlockLogImpl (DeletedBlockLogImpl.java:commitTransactions(224)) - Transaction txId=9 commit by dnId=e5d3e9d3-1367-47eb-ad7f-372895a70f55 for containerID=#9 failed. Corresponding entry not found.
2021-08-14 14:05:29,086 [EventQueue-DeleteBlockStatusForDeletedBlockLogImpl] DEBUG block.DeletedBlockLogImpl (DeletedBlockLogImpl.java:isTransactionFailed(278)) - Got block deletion ACK from datanode, TXIDs=10, success=true
2021-08-14 14:05:29,086 [EventQueue-DeleteBlockStatusForDeletedBlockLogImpl] DEBUG block.DeletedBlockLogImpl (DeletedBlockLogImpl.java:commitTransactions(224)) - Transaction txId=10 commit by dnId=e5d3e9d3-1367-47eb-ad7f-372895a70f55 for containerID=#10 failed. Corresponding entry not found.
2021-08-14 14:05:29,087 [EventQueue-DeleteBlockStatusForDeletedBlockLogImpl] DEBUG block.DeletedBlockLogImpl (DeletedBlockLogImpl.java:isTransactionFailed(278)) - Got block deletion ACK from datanode, TXIDs=11, success=true
2021-08-14 14:05:29,087 [EventQueue-DeleteBlockStatusForDeletedBlockLogImpl] DEBUG block.DeletedBlockLogImpl (DeletedBlockLogImpl.java:commitTransactions(224)) - Transaction txId=11 commit by dnId=e5d3e9d3-1367-47eb-ad7f-372895a70f55 for containerID=#11 failed. Corresponding entry not found.
2021-08-14 14:05:29,087 [EventQueue-DeleteBlockStatusForDeletedBlockLogImpl] DEBUG block.DeletedBlockLogImpl (DeletedBlockLogImpl.java:isTransactionFailed(278)) - Got block deletion ACK from datanode, TXIDs=12, success=true
2021-08-14 14:05:29,089 [EventQueue-DeleteBlockStatusForDeletedBlockLogImpl] DEBUG block.DeletedBlockLogImpl (DeletedBlockLogImpl.java:commitTransactions(224)) - Transaction txId=12 commit by dnId=e5d3e9d3-1367-47eb-ad7f-372895a70f55 for containerID=#12 failed. Corresponding entry not found.
2021-08-14 14:05:29,089 [EventQueue-DeleteBlockStatusForDeletedBlockLogImpl] DEBUG block.DeletedBlockLogImpl (DeletedBlockLogImpl.java:isTransactionFailed(278)) - Got block deletion ACK from datanode, TXIDs=13, success=true
2021-08-14 14:05:29,089 [EventQueue-DeleteBlockStatusForDeletedBlockLogImpl] DEBUG block.DeletedBlockLogImpl (DeletedBlockLogImpl.java:commitTransactions(224)) - Transaction txId=13 commit by dnId=e5d3e9d3-1367-47eb-ad7f-372895a70f55 for containerID=#13 failed. Corresponding entry not found.
2021-08-14 14:05:29,089 [EventQueue-DeleteBlockStatusForDeletedBlockLogImpl] DEBUG block.DeletedBlockLogImpl (DeletedBlockLogImpl.java:isTransactionFailed(278)) - Got block deletion ACK from datanode, TXIDs=14, success=true
2021-08-14 14:05:29,089 [EventQueue-DeleteBlockStatusForDeletedBlockLogImpl] DEBUG block.DeletedBlockLogImpl (DeletedBlockLogImpl.java:commitTransactions(224)) - Transaction txId=14 commit by dnId=e5d3e9d3-1367-47eb-ad7f-372895a70f55 for containerID=#14 failed. Corresponding entry not found.
2021-08-14 14:05:29,089 [EventQueue-DeleteBlockStatusForDeletedBlockLogImpl] DEBUG block.DeletedBlockLogImpl (DeletedBlockLogImpl.java:isTransactionFailed(278)) - Got block deletion ACK from datanode, TXIDs=15, success=true
2021-08-14 14:05:29,088 [SCMBlockDeletingService#0] DEBUG block.SCMBlockDeletingService (SCMBlockDeletingService.java:call(133)) - Running DeletedBlockTransactionScanner
2021-08-14 14:05:29,089 [EventQueue-DeleteBlockStatusForDeletedBlockLogImpl] DEBUG block.DeletedBlockLogImpl (DeletedBlockLogImpl.java:commitTransactions(224)) - Transaction txId=15 commit by dnId=e5d3e9d3-1367-47eb-ad7f-372895a70f55 for containerID=#15 failed. Corresponding entry not found.
2021-08-14 14:05:29,089 [EventQueue-DeleteBlockStatusForDeletedBlockLogImpl] DEBUG block.DeletedBlockLogImpl (DeletedBlockLogImpl.java:isTransactionFailed(278)) - Got block deletion ACK from datanode, TXIDs=16, success=true
2021-08-14 14:05:29,089 [EventQueue-DeleteBlockStatusForDeletedBlockLogImpl] DEBUG block.DeletedBlockLogImpl (DeletedBlockLogImpl.java:commitTransactions(224)) - Transaction txId=16 commit by dnId=e5d3e9d3-1367-47eb-ad7f-372895a70f55 for containerID=#16 failed. Corresponding entry not found.
2021-08-14 14:05:29,089 [EventQueue-DeleteBlockStatusForDeletedBlockLogImpl] DEBUG block.DeletedBlockLogImpl (DeletedBlockLogImpl.java:isTransactionFailed(278)) - Got block deletion ACK from datanode, TXIDs=17, success=true
2021-08-14 14:05:29,089 [EventQueue-DeleteBlockStatusForDeletedBlockLogImpl] DEBUG block.DeletedBlockLogImpl (DeletedBlockLogImpl.java:commitTransactions(224)) - Transaction txId=17 commit by dnId=e5d3e9d3-1367-47eb-ad7f-372895a70f55 for containerID=#17 failed. Corresponding entry not found.
2021-08-14 14:05:29,089 [EventQueue-DeleteBlockStatusForDeletedBlockLogImpl] DEBUG block.DeletedBlockLogImpl (DeletedBlockLogImpl.java:isTransactionFailed(278)) - Got block deletion ACK from datanode, TXIDs=18, success=true
2021-08-14 14:05:29,089 [EventQueue-DeleteBlockStatusForDeletedBlockLogImpl] DEBUG block.DeletedBlockLogImpl (DeletedBlockLogImpl.java:commitTransactions(224)) - Transaction txId=18 commit by dnId=e5d3e9d3-1367-47eb-ad7f-372895a70f55 for containerID=#18 failed. Corresponding entry not found.
2021-08-14 14:05:29,089 [EventQueue-DeleteBlockStatusForDeletedBlockLogImpl] DEBUG block.DeletedBlockLogImpl (DeletedBlockLogImpl.java:isTransactionFailed(278)) - Got block deletion ACK from datanode, TXIDs=19, success=true
2021-08-14 14:05:29,089 [EventQueue-DeleteBlockStatusForDeletedBlockLogImpl] DEBUG block.DeletedBlockLogImpl (DeletedBlockLogImpl.java:commitTransactions(224)) - Transaction txId=19 commit by dnId=e5d3e9d3-1367-47eb-ad7f-372895a70f55 for containerID=#19 failed. Corresponding entry not found.
2021-08-14 14:05:29,089 [EventQueue-DeleteBlockStatusForDeletedBlockLogImpl] DEBUG block.DeletedBlockLogImpl (DeletedBlockLogImpl.java:isTransactionFailed(278)) - Got block deletion ACK from datanode, TXIDs=20, success=true
2021-08-14 14:05:29,089 [EventQueue-DeleteBlockStatusForDeletedBlockLogImpl] DEBUG block.DeletedBlockLogImpl (DeletedBlockLogImpl.java:commitTransactions(224)) - Transaction txId=20 commit by dnId=e5d3e9d3-1367-47eb-ad7f-372895a70f55 for containerID=#20 failed. Corresponding entry not found.
2021-08-14 14:05:29,089 [EventQueue-DeleteBlockStatusForDeletedBlockLogImpl] DEBUG block.DeletedBlockLogImpl (DeletedBlockLogImpl.java:isTransactionFailed(278)) - Got block deletion ACK from datanode, TXIDs=21, success=true
2021-08-14 14:05:29,089 [EventQueue-DeleteBlockStatusForDeletedBlockLogImpl] DEBUG block.DeletedBlockLogImpl (DeletedBlockLogImpl.java:commitTransactions(224)) - Transaction txId=21 commit by dnId=e5d3e9d3-1367-47eb-ad7f-372895a70f55 for containerID=#21 failed. Corresponding entry not found.
2021-08-14 14:05:29,089 [EventQueue-DeleteBlockStatusForDeletedBlockLogImpl] DEBUG block.DeletedBlockLogImpl (DeletedBlockLogImpl.java:isTransactionFailed(278)) - Got block deletion ACK from datanode, TXIDs=22, success=true
2021-08-14 14:05:29,089 [EventQueue-DeleteBlockStatusForDeletedBlockLogImpl] DEBUG block.DeletedBlockLogImpl (DeletedBlockLogImpl.java:commitTransactions(224)) - Transaction txId=22 commit by dnId=e5d3e9d3-1367-47eb-ad7f-372895a70f55 for containerID=#22 failed. Corresponding entry not found.
2021-08-14 14:05:29,089 [EventQueue-DeleteBlockStatusForDeletedBlockLogImpl] DEBUG block.DeletedBlockLogImpl (DeletedBlockLogImpl.java:isTransactionFailed(278)) - Got block deletion ACK from datanode, TXIDs=23, success=true
2021-08-14 14:05:29,090 [EventQueue-DeleteBlockStatusForDeletedBlockLogImpl] DEBUG block.DeletedBlockLogImpl (DeletedBlockLogImpl.java:commitTransactions(224)) - Transaction txId=23 commit by dnId=e5d3e9d3-1367-47eb-ad7f-372895a70f55 for containerID=#23 failed. Corresponding entry not found.
2021-08-14 14:05:29,090 [EventQueue-DeleteBlockStatusForDeletedBlockLogImpl] DEBUG block.DeletedBlockLogImpl (DeletedBlockLogImpl.java:isTransactionFailed(278)) - Got block deletion ACK from datanode, TXIDs=24, success=true
2021-08-14 14:05:29,090 [EventQueue-DeleteBlockStatusForDeletedBlockLogImpl] DEBUG block.DeletedBlockLogImpl (DeletedBlockLogImpl.java:commitTransactions(224)) - Transaction txId=24 commit by dnId=e5d3e9d3-1367-47eb-ad7f-372895a70f55 for containerID=#24 failed. Corresponding entry not found.
2021-08-14 14:05:29,090 [EventQueue-DeleteBlockStatusForDeletedBlockLogImpl] DEBUG block.DeletedBlockLogImpl (DeletedBlockLogImpl.java:isTransactionFailed(278)) - Got block deletion ACK from datanode, TXIDs=25, success=true
2021-08-14 14:05:29,090 [EventQueue-DeleteBlockStatusForDeletedBlockLogImpl] DEBUG block.DeletedBlockLogImpl (DeletedBlockLogImpl.java:commitTransactions(224)) - Transaction txId=25 commit by dnId=e5d3e9d3-1367-47eb-ad7f-372895a70f55 for containerID=#25 failed. Corresponding entry not found.
2021-08-14 14:05:29,090 [EventQueue-DeleteBlockStatusForDeletedBlockLogImpl] DEBUG block.DeletedBlockLogImpl (DeletedBlockLogImpl.java:isTransactionFailed(278)) - Got block deletion ACK from datanode, TXIDs=26, success=true
2021-08-14 14:05:29,090 [EventQueue-DeleteBlockStatusForDeletedBlockLogImpl] DEBUG block.DeletedBlockLogImpl (DeletedBlockLogImpl.java:commitTransactions(224)) - Transaction txId=26 commit by dnId=e5d3e9d3-1367-47eb-ad7f-372895a70f55 for containerID=#26 failed. Corresponding entry not found.
2021-08-14 14:05:29,090 [EventQueue-DeleteBlockStatusForDeletedBlockLogImpl] DEBUG block.DeletedBlockLogImpl (DeletedBlockLogImpl.java:isTransactionFailed(278)) - Got block deletion ACK from datanode, TXIDs=27, success=true
2021-08-14 14:05:29,090 [EventQueue-DeleteBlockStatusForDeletedBlockLogImpl] DEBUG block.DeletedBlockLogImpl (DeletedBlockLogImpl.java:commitTransactions(224)) - Transaction txId=27 commit by dnId=e5d3e9d3-1367-47eb-ad7f-372895a70f55 for containerID=#27 failed. Corresponding entry not found.
2021-08-14 14:05:29,090 [EventQueue-DeleteBlockStatusForDeletedBlockLogImpl] DEBUG block.DeletedBlockLogImpl (DeletedBlockLogImpl.java:isTransactionFailed(278)) - Got block deletion ACK from datanode, TXIDs=28, success=true
2021-08-14 14:05:29,090 [EventQueue-DeleteBlockStatusForDeletedBlockLogImpl] DEBUG block.DeletedBlockLogImpl (DeletedBlockLogImpl.java:commitTransactions(224)) - Transaction txId=28 commit by dnId=e5d3e9d3-1367-47eb-ad7f-372895a70f55 for containerID=#28 failed. Corresponding entry not found.
2021-08-14 14:05:29,090 [EventQueue-DeleteBlockStatusForDeletedBlockLogImpl] DEBUG block.DeletedBlockLogImpl (DeletedBlockLogImpl.java:isTransactionFailed(278)) - Got block deletion ACK from datanode, TXIDs=29, success=true
2021-08-14 14:05:29,090 [EventQueue-DeleteBlockStatusForDeletedBlockLogImpl] DEBUG block.DeletedBlockLogImpl (DeletedBlockLogImpl.java:commitTransactions(224)) - Transaction txId=29 commit by dnId=e5d3e9d3-1367-47eb-ad7f-372895a70f55 for containerID=#29 failed. Corresponding entry not found.
2021-08-14 14:05:29,090 [EventQueue-DeleteBlockStatusForDeletedBlockLogImpl] DEBUG block.DeletedBlockLogImpl (DeletedBlockLogImpl.java:isTransactionFailed(278)) - Got block deletion ACK from datanode, TXIDs=30, success=true
2021-08-14 14:05:29,090 [EventQueue-DeleteBlockStatusForDeletedBlockLogImpl] DEBUG block.DeletedBlockLogImpl (DeletedBlockLogImpl.java:commitTransactions(224)) - Transaction txId=30 commit by dnId=e5d3e9d3-1367-47eb-ad7f-372895a70f55 for containerID=#30 failed. Corresponding entry not found.
2021-08-14 14:05:29,090 [EventQueue-DeleteBlockStatusForDeletedBlockLogImpl] DEBUG block.DeletedBlockLogImpl (DeletedBlockLogImpl.java:isTransactionFailed(278)) - Got block deletion ACK from datanode, TXIDs=31, success=true
2021-08-14 14:05:29,090 [EventQueue-DeleteBlockStatusForDeletedBlockLogImpl] DEBUG block.DeletedBlockLogImpl (DeletedBlockLogImpl.java:commitTransactions(224)) - Transaction txId=31 commit by dnId=e5d3e9d3-1367-47eb-ad7f-372895a70f55 for containerID=#31 failed. Corresponding entry not found.
2021-08-14 14:05:29,090 [EventQueue-DeleteBlockStatusForDeletedBlockLogImpl] DEBUG block.DeletedBlockLogImpl (DeletedBlockLogImpl.java:isTransactionFailed(278)) - Got block deletion ACK from datanode, TXIDs=32, success=true
2021-08-14 14:05:29,090 [EventQueue-DeleteBlockStatusForDeletedBlockLogImpl] DEBUG block.DeletedBlockLogImpl (DeletedBlockLogImpl.java:commitTransactions(224)) - Transaction txId=32 commit by dnId=e5d3e9d3-1367-47eb-ad7f-372895a70f55 for containerID=#32 failed. Corresponding entry not found.
2021-08-14 14:05:29,090 [EventQueue-DeleteBlockStatusForDeletedBlockLogImpl] DEBUG block.DeletedBlockLogImpl (DeletedBlockLogImpl.java:isTransactionFailed(278)) - Got block deletion ACK from datanode, TXIDs=33, success=true
2021-08-14 14:05:29,090 [EventQueue-DeleteBlockStatusForDeletedBlockLogImpl] DEBUG block.DeletedBlockLogImpl (DeletedBlockLogImpl.java:commitTransactions(224)) - Transaction txId=33 commit by dnId=e5d3e9d3-1367-47eb-ad7f-372895a70f55 for containerID=#33 failed. Corresponding entry not found.
2021-08-14 14:05:29,090 [EventQueue-DeleteBlockStatusForDeletedBlockLogImpl] DEBUG block.DeletedBlockLogImpl (DeletedBlockLogImpl.java:isTransactionFailed(278)) - Got block deletion ACK from datanode, TXIDs=34, success=true
2021-08-14 14:05:29,090 [EventQueue-DeleteBlockStatusForDeletedBlockLogImpl] DEBUG block.DeletedBlockLogImpl (DeletedBlockLogImpl.java:commitTransactions(224)) - Transaction txId=34 commit by dnId=e5d3e9d3-1367-47eb-ad7f-372895a70f55 for containerID=#34 failed. Corresponding entry not found.
2021-08-14 14:05:29,090 [EventQueue-DeleteBlockStatusForDeletedBlockLogImpl] DEBUG block.DeletedBlockLogImpl (DeletedBlockLogImpl.java:isTransactionFailed(278)) - Got block deletion ACK from datanode, TXIDs=35, success=true
2021-08-14 14:05:29,090 [EventQueue-DeleteBlockStatusForDeletedBlockLogImpl] DEBUG block.DeletedBlockLogImpl (DeletedBlockLogImpl.java:commitTransactions(224)) - Transaction txId=35 commit by dnId=e5d3e9d3-1367-47eb-ad7f-372895a70f55 for containerID=#35 failed. Corresponding entry not found.
2021-08-14 14:05:29,090 [EventQueue-DeleteBlockStatusForDeletedBlockLogImpl] DEBUG block.DeletedBlockLogImpl (DeletedBlockLogImpl.java:isTransactionFailed(278)) - Got block deletion ACK from datanode, TXIDs=36, success=true
2021-08-14 14:05:29,090 [EventQueue-DeleteBlockStatusForDeletedBlockLogImpl] DEBUG block.DeletedBlockLogImpl (DeletedBlockLogImpl.java:commitTransactions(224)) - Transaction txId=36 commit by dnId=e5d3e9d3-1367-47eb-ad7f-372895a70f55 for containerID=#36 failed. Corresponding entry not found.
2021-08-14 14:05:29,090 [EventQueue-DeleteBlockStatusForDeletedBlockLogImpl] DEBUG block.DeletedBlockLogImpl (DeletedBlockLogImpl.java:isTransactionFailed(278)) - Got block deletion ACK from datanode, TXIDs=37, success=true
2021-08-14 14:05:29,090 [EventQueue-DeleteBlockStatusForDeletedBlockLogImpl] DEBUG block.DeletedBlockLogImpl (DeletedBlockLogImpl.java:commitTransactions(224)) - Transaction txId=37 commit by dnId=e5d3e9d3-1367-47eb-ad7f-372895a70f55 for containerID=#37 failed. Corresponding entry not found.
2021-08-14 14:05:29,090 [EventQueue-DeleteBlockStatusForDeletedBlockLogImpl] DEBUG block.DeletedBlockLogImpl (DeletedBlockLogImpl.java:isTransactionFailed(278)) - Got block deletion ACK from datanode, TXIDs=38, success=true
2021-08-14 14:05:29,090 [EventQueue-DeleteBlockStatusForDeletedBlockLogImpl] DEBUG block.DeletedBlockLogImpl (DeletedBlockLogImpl.java:commitTransactions(224)) - Transaction txId=38 commit by dnId=e5d3e9d3-1367-47eb-ad7f-372895a70f55 for containerID=#38 failed. Corresponding entry not found.
2021-08-14 14:05:29,090 [EventQueue-DeleteBlockStatusForDeletedBlockLogImpl] DEBUG block.DeletedBlockLogImpl (DeletedBlockLogImpl.java:isTransactionFailed(278)) - Got block deletion ACK from datanode, TXIDs=39, success=true
2021-08-14 14:05:29,090 [EventQueue-DeleteBlockStatusForDeletedBlockLogImpl] DEBUG block.DeletedBlockLogImpl (DeletedBlockLogImpl.java:commitTransactions(224)) - Transaction txId=39 commit by dnId=e5d3e9d3-1367-47eb-ad7f-372895a70f55 for containerID=#39 failed. Corresponding entry not found.
2021-08-14 14:05:29,090 [EventQueue-DeleteBlockStatusForDeletedBlockLogImpl] DEBUG block.DeletedBlockLogImpl (DeletedBlockLogImpl.java:isTransactionFailed(278)) - Got block deletion ACK from datanode, TXIDs=40, success=true
2021-08-14 14:05:29,090 [EventQueue-DeleteBlockStatusForDeletedBlockLogImpl] DEBUG block.DeletedBlockLogImpl (DeletedBlockLogImpl.java:commitTransactions(224)) - Transaction txId=40 commit by dnId=e5d3e9d3-1367-47eb-ad7f-372895a70f55 for containerID=#40 failed. Corresponding entry not found.
2021-08-14 14:05:29,090 [EventQueue-DeleteBlockStatusForDeletedBlockLogImpl] DEBUG block.DeletedBlockLogImpl (DeletedBlockLogImpl.java:isTransactionFailed(278)) - Got block deletion ACK from datanode, TXIDs=41, success=true
2021-08-14 14:05:29,090 [EventQueue-DeleteBlockStatusForDeletedBlockLogImpl] DEBUG block.DeletedBlockLogImpl (DeletedBlockLogImpl.java:commitTransactions(224)) - Transaction txId=41 commit by dnId=e5d3e9d3-1367-47eb-ad7f-372895a70f55 for containerID=#41 failed. Corresponding entry not found.
2021-08-14 14:05:29,090 [EventQueue-DeleteBlockStatusForDeletedBlockLogImpl] DEBUG block.DeletedBlockLogImpl (DeletedBlockLogImpl.java:isTransactionFailed(278)) - Got block deletion ACK from datanode, TXIDs=42, success=true
2021-08-14 14:05:29,091 [EventQueue-DeleteBlockStatusForDeletedBlockLogImpl] DEBUG block.DeletedBlockLogImpl (DeletedBlockLogImpl.java:commitTransactions(224)) - Transaction txId=42 commit by dnId=e5d3e9d3-1367-47eb-ad7f-372895a70f55 for containerID=#42 failed. Corresponding entry not found.
2021-08-14 14:05:29,091 [EventQueue-DeleteBlockStatusForDeletedBlockLogImpl] DEBUG block.DeletedBlockLogImpl (DeletedBlockLogImpl.java:isTransactionFailed(278)) - Got block deletion ACK from datanode, TXIDs=43, success=true
2021-08-14 14:05:29,091 [EventQueue-DeleteBlockStatusForDeletedBlockLogImpl] DEBUG block.DeletedBlockLogImpl (DeletedBlockLogImpl.java:commitTransactions(224)) - Transaction txId=43 commit by dnId=e5d3e9d3-1367-47eb-ad7f-372895a70f55 for containerID=#43 failed. Corresponding entry not found.
2021-08-14 14:05:29,091 [EventQueue-DeleteBlockStatusForDeletedBlockLogImpl] DEBUG block.DeletedBlockLogImpl (DeletedBlockLogImpl.java:isTransactionFailed(278)) - Got block deletion ACK from datanode, TXIDs=44, success=true
2021-08-14 14:05:29,091 [EventQueue-DeleteBlockStatusForDeletedBlockLogImpl] DEBUG block.DeletedBlockLogImpl (DeletedBlockLogImpl.java:commitTransactions(224)) - Transaction txId=44 commit by dnId=e5d3e9d3-1367-47eb-ad7f-372895a70f55 for containerID=#44 failed. Corresponding entry not found.
2021-08-14 14:05:29,091 [EventQueue-DeleteBlockStatusForDeletedBlockLogImpl] DEBUG block.DeletedBlockLogImpl (DeletedBlockLogImpl.java:isTransactionFailed(278)) - Got block deletion ACK from datanode, TXIDs=45, success=true
2021-08-14 14:05:29,091 [EventQueue-DeleteBlockStatusForDeletedBlockLogImpl] DEBUG block.DeletedBlockLogImpl (DeletedBlockLogImpl.java:commitTransactions(224)) - Transaction txId=45 commit by dnId=e5d3e9d3-1367-47eb-ad7f-372895a70f55 for containerID=#45 failed. Corresponding entry not found.
2021-08-14 14:05:29,091 [EventQueue-DeleteBlockStatusForDeletedBlockLogImpl] DEBUG block.DeletedBlockLogImpl (DeletedBlockLogImpl.java:isTransactionFailed(278)) - Got block deletion ACK from datanode, TXIDs=46, success=true
2021-08-14 14:05:29,091 [EventQueue-DeleteBlockStatusForDeletedBlockLogImpl] DEBUG block.DeletedBlockLogImpl (DeletedBlockLogImpl.java:commitTransactions(224)) - Transaction txId=46 commit by dnId=e5d3e9d3-1367-47eb-ad7f-372895a70f55 for containerID=#46 failed. Corresponding entry not found.
2021-08-14 14:05:29,091 [EventQueue-DeleteBlockStatusForDeletedBlockLogImpl] DEBUG block.DeletedBlockLogImpl (DeletedBlockLogImpl.java:isTransactionFailed(278)) - Got block deletion ACK from datanode, TXIDs=47, success=true
2021-08-14 14:05:29,091 [EventQueue-DeleteBlockStatusForDeletedBlockLogImpl] DEBUG block.DeletedBlockLogImpl (DeletedBlockLogImpl.java:commitTransactions(224)) - Transaction txId=47 commit by dnId=e5d3e9d3-1367-47eb-ad7f-372895a70f55 for containerID=#47 failed. Corresponding entry not found.
2021-08-14 14:05:29,091 [EventQueue-DeleteBlockStatusForDeletedBlockLogImpl] DEBUG block.DeletedBlockLogImpl (DeletedBlockLogImpl.java:isTransactionFailed(278)) - Got block deletion ACK from datanode, TXIDs=48, success=true
2021-08-14 14:05:29,091 [EventQueue-DeleteBlockStatusForDeletedBlockLogImpl] DEBUG block.DeletedBlockLogImpl (DeletedBlockLogImpl.java:commitTransactions(224)) - Transaction txId=48 commit by dnId=e5d3e9d3-1367-47eb-ad7f-372895a70f55 for containerID=#48 failed. Corresponding entry not found.
2021-08-14 14:05:29,091 [EventQueue-DeleteBlockStatusForDeletedBlockLogImpl] DEBUG block.DeletedBlockLogImpl (DeletedBlockLogImpl.java:isTransactionFailed(278)) - Got block deletion ACK from datanode, TXIDs=49, success=true
2021-08-14 14:05:29,091 [EventQueue-DeleteBlockStatusForDeletedBlockLogImpl] DEBUG block.DeletedBlockLogImpl (DeletedBlockLogImpl.java:commitTransactions(224)) - Transaction txId=49 commit by dnId=e5d3e9d3-1367-47eb-ad7f-372895a70f55 for containerID=#49 failed. Corresponding entry not found.
2021-08-14 14:05:29,091 [EventQueue-DeleteBlockStatusForDeletedBlockLogImpl] DEBUG block.DeletedBlockLogImpl (DeletedBlockLogImpl.java:isTransactionFailed(278)) - Got block deletion ACK from datanode, TXIDs=50, success=true
2021-08-14 14:05:29,091 [EventQueue-DeleteBlockStatusForDeletedBlockLogImpl] DEBUG block.DeletedBlockLogImpl (DeletedBlockLogImpl.java:commitTransactions(224)) - Transaction txId=50 commit by dnId=e5d3e9d3-1367-47eb-ad7f-372895a70f55 for containerID=#50 failed. Corresponding entry not found.
2021-08-14 14:05:29,091 [EventQueue-DeleteBlockStatusForDeletedBlockLogImpl] DEBUG block.DeletedBlockLogImpl (DeletedBlockLogImpl.java:isTransactionFailed(278)) - Got block deletion ACK from datanode, TXIDs=51, success=true
2021-08-14 14:05:29,091 [EventQueue-DeleteBlockStatusForDeletedBlockLogImpl] DEBUG block.DeletedBlockLogImpl (DeletedBlockLogImpl.java:commitTransactions(224)) - Transaction txId=51 commit by dnId=e5d3e9d3-1367-47eb-ad7f-372895a70f55 for containerID=#51 failed. Corresponding entry not found.
2021-08-14 14:05:29,091 [EventQueue-DeleteBlockStatusForDeletedBlockLogImpl] DEBUG block.DeletedBlockLogImpl (DeletedBlockLogImpl.java:isTransactionFailed(278)) - Got block deletion ACK from datanode, TXIDs=52, success=true
2021-08-14 14:05:29,091 [EventQueue-DeleteBlockStatusForDeletedBlockLogImpl] DEBUG block.DeletedBlockLogImpl (DeletedBlockLogImpl.java:commitTransactions(224)) - Transaction txId=52 commit by dnId=e5d3e9d3-1367-47eb-ad7f-372895a70f55 for containerID=#52 failed. Corresponding entry not found.
2021-08-14 14:05:29,091 [EventQueue-DeleteBlockStatusForDeletedBlockLogImpl] DEBUG block.DeletedBlockLogImpl (DeletedBlockLogImpl.java:isTransactionFailed(278)) - Got block deletion ACK from datanode, TXIDs=53, success=true
2021-08-14 14:05:29,091 [EventQueue-DeleteBlockStatusForDeletedBlockLogImpl] DEBUG block.DeletedBlockLogImpl (DeletedBlockLogImpl.java:commitTransactions(224)) - Transaction txId=53 commit by dnId=e5d3e9d3-1367-47eb-ad7f-372895a70f55 for containerID=#53 failed. Corresponding entry not found.
2021-08-14 14:05:29,091 [EventQueue-DeleteBlockStatusForDeletedBlockLogImpl] DEBUG block.DeletedBlockLogImpl (DeletedBlockLogImpl.java:isTransactionFailed(278)) - Got block deletion ACK from datanode, TXIDs=54, success=true
2021-08-14 14:05:29,091 [EventQueue-DeleteBlockStatusForDeletedBlockLogImpl] DEBUG block.DeletedBlockLogImpl (DeletedBlockLogImpl.java:commitTransactions(224)) - Transaction txId=54 commit by dnId=e5d3e9d3-1367-47eb-ad7f-372895a70f55 for containerID=#54 failed. Corresponding entry not found.
2021-08-14 14:05:29,091 [EventQueue-DeleteBlockStatusForDeletedBlockLogImpl] DEBUG block.DeletedBlockLogImpl (DeletedBlockLogImpl.java:isTransactionFailed(278)) - Got block deletion ACK from datanode, TXIDs=55, success=true
2021-08-14 14:05:29,091 [EventQueue-DeleteBlockStatusForDeletedBlockLogImpl] DEBUG block.DeletedBlockLogImpl (DeletedBlockLogImpl.java:commitTransactions(224)) - Transaction txId=55 commit by dnId=e5d3e9d3-1367-47eb-ad7f-372895a70f55 for containerID=#55 failed. Corresponding entry not found.
2021-08-14 14:05:29,091 [EventQueue-DeleteBlockStatusForDeletedBlockLogImpl] DEBUG block.DeletedBlockLogImpl (DeletedBlockLogImpl.java:isTransactionFailed(278)) - Got block deletion ACK from datanode, TXIDs=56, success=true
2021-08-14 14:05:29,091 [EventQueue-DeleteBlockStatusForDeletedBlockLogImpl] DEBUG block.DeletedBlockLogImpl (DeletedBlockLogImpl.java:commitTransactions(224)) - Transaction txId=56 commit by dnId=e5d3e9d3-1367-47eb-ad7f-372895a70f55 for containerID=#56 failed. Corresponding entry not found.
2021-08-14 14:05:29,091 [EventQueue-DeleteBlockStatusForDeletedBlockLogImpl] DEBUG block.DeletedBlockLogImpl (DeletedBlockLogImpl.java:isTransactionFailed(278)) - Got block deletion ACK from datanode, TXIDs=1, success=true
2021-08-14 14:05:29,091 [EventQueue-DeleteBlockStatusForDeletedBlockLogImpl] DEBUG block.DeletedBlockLogImpl (DeletedBlockLogImpl.java:commitTransactions(224)) - Transaction txId=1 commit by dnId=e5d3e9d3-1367-47eb-ad7f-372895a70f55 for containerID=#1 failed. Corresponding entry not found.
2021-08-14 14:05:29,091 [EventQueue-DeleteBlockStatusForDeletedBlockLogImpl] DEBUG block.DeletedBlockLogImpl (DeletedBlockLogImpl.java:isTransactionFailed(278)) - Got block deletion ACK from datanode, TXIDs=2, success=true
2021-08-14 14:05:29,092 [EventQueue-DeleteBlockStatusForDeletedBlockLogImpl] DEBUG block.DeletedBlockLogImpl (DeletedBlockLogImpl.java:commitTransactions(224)) - Transaction txId=2 commit by dnId=e5d3e9d3-1367-47eb-ad7f-372895a70f55 for containerID=#2 failed. Corresponding entry not found.
2021-08-14 14:05:29,092 [EventQueue-DeleteBlockStatusForDeletedBlockLogImpl] DEBUG block.DeletedBlockLogImpl (DeletedBlockLogImpl.java:isTransactionFailed(278)) - Got block deletion ACK from datanode, TXIDs=3, success=true
2021-08-14 14:05:29,092 [EventQueue-DeleteBlockStatusForDeletedBlockLogImpl] DEBUG block.DeletedBlockLogImpl (DeletedBlockLogImpl.java:commitTransactions(224)) - Transaction txId=3 commit by dnId=e5d3e9d3-1367-47eb-ad7f-372895a70f55 for containerID=#3 failed. Corresponding entry not found.
2021-08-14 14:05:29,092 [EventQueue-DeleteBlockStatusForDeletedBlockLogImpl] DEBUG block.DeletedBlockLogImpl (DeletedBlockLogImpl.java:isTransactionFailed(278)) - Got block deletion ACK from datanode, TXIDs=4, success=true
2021-08-14 14:05:29,092 [EventQueue-DeleteBlockStatusForDeletedBlockLogImpl] DEBUG block.DeletedBlockLogImpl (DeletedBlockLogImpl.java:commitTransactions(224)) - Transaction txId=4 commit by dnId=e5d3e9d3-1367-47eb-ad7f-372895a70f55 for containerID=#4 failed. Corresponding entry not found.
2021-08-14 14:05:29,092 [EventQueue-DeleteBlockStatusForDeletedBlockLogImpl] DEBUG block.DeletedBlockLogImpl (DeletedBlockLogImpl.java:isTransactionFailed(278)) - Got block deletion ACK from datanode, TXIDs=5, success=true
2021-08-14 14:05:29,092 [EventQueue-DeleteBlockStatusForDeletedBlockLogImpl] DEBUG block.DeletedBlockLogImpl (DeletedBlockLogImpl.java:commitTransactions(224)) - Transaction txId=5 commit by dnId=e5d3e9d3-1367-47eb-ad7f-372895a70f55 for containerID=#5 failed. Corresponding entry not found.
2021-08-14 14:05:29,092 [EventQueue-DeleteBlockStatusForDeletedBlockLogImpl] DEBUG block.DeletedBlockLogImpl (DeletedBlockLogImpl.java:isTransactionFailed(278)) - Got block deletion ACK from datanode, TXIDs=6, success=true
2021-08-14 14:05:29,092 [EventQueue-DeleteBlockStatusForDeletedBlockLogImpl] DEBUG block.DeletedBlockLogImpl (DeletedBlockLogImpl.java:commitTransactions(224)) - Transaction txId=6 commit by dnId=e5d3e9d3-1367-47eb-ad7f-372895a70f55 for containerID=#6 failed. Corresponding entry not found.
2021-08-14 14:05:29,092 [EventQueue-DeleteBlockStatusForDeletedBlockLogImpl] DEBUG block.DeletedBlockLogImpl (DeletedBlockLogImpl.java:isTransactionFailed(278)) - Got block deletion ACK from datanode, TXIDs=7, success=true
2021-08-14 14:05:29,092 [EventQueue-DeleteBlockStatusForDeletedBlockLogImpl] DEBUG block.DeletedBlockLogImpl (DeletedBlockLogImpl.java:commitTransactions(224)) - Transaction txId=7 commit by dnId=e5d3e9d3-1367-47eb-ad7f-372895a70f55 for containerID=#7 failed. Corresponding entry not found.
2021-08-14 14:05:29,092 [EventQueue-DeleteBlockStatusForDeletedBlockLogImpl] DEBUG block.DeletedBlockLogImpl (DeletedBlockLogImpl.java:isTransactionFailed(278)) - Got block deletion ACK from datanode, TXIDs=8, success=true
2021-08-14 14:05:29,092 [EventQueue-DeleteBlockStatusForDeletedBlockLogImpl] DEBUG block.DeletedBlockLogImpl (DeletedBlockLogImpl.java:commitTransactions(224)) - Transaction txId=8 commit by dnId=e5d3e9d3-1367-47eb-ad7f-372895a70f55 for containerID=#8 failed. Corresponding entry not found.
2021-08-14 14:05:29,092 [EventQueue-DeleteBlockStatusForDeletedBlockLogImpl] DEBUG block.DeletedBlockLogImpl (DeletedBlockLogImpl.java:isTransactionFailed(278)) - Got block deletion ACK from datanode, TXIDs=9, success=true
2021-08-14 14:05:29,092 [EventQueue-DeleteBlockStatusForDeletedBlockLogImpl] DEBUG block.DeletedBlockLogImpl (DeletedBlockLogImpl.java:commitTransactions(224)) - Transaction txId=9 commit by dnId=e5d3e9d3-1367-47eb-ad7f-372895a70f55 for containerID=#9 failed. Corresponding entry not found.
2021-08-14 14:05:29,092 [EventQueue-DeleteBlockStatusForDeletedBlockLogImpl] DEBUG block.DeletedBlockLogImpl (DeletedBlockLogImpl.java:isTransactionFailed(278)) - Got block deletion ACK from datanode, TXIDs=10, success=true
2021-08-14 14:05:29,092 [EventQueue-DeleteBlockStatusForDeletedBlockLogImpl] DEBUG block.DeletedBlockLogImpl (DeletedBlockLogImpl.java:commitTransactions(224)) - Transaction txId=10 commit by dnId=e5d3e9d3-1367-47eb-ad7f-372895a70f55 for containerID=#10 failed. Corresponding entry not found.
2021-08-14 14:05:29,092 [EventQueue-DeleteBlockStatusForDeletedBlockLogImpl] DEBUG block.DeletedBlockLogImpl (DeletedBlockLogImpl.java:isTransactionFailed(278)) - Got block deletion ACK from datanode, TXIDs=11, success=true
2021-08-14 14:05:29,092 [EventQueue-DeleteBlockStatusForDeletedBlockLogImpl] DEBUG block.DeletedBlockLogImpl (DeletedBlockLogImpl.java:commitTransactions(224)) - Transaction txId=11 commit by dnId=e5d3e9d3-1367-47eb-ad7f-372895a70f55 for containerID=#11 failed. Corresponding entry not found.
2021-08-14 14:05:29,092 [EventQueue-DeleteBlockStatusForDeletedBlockLogImpl] DEBUG block.DeletedBlockLogImpl (DeletedBlockLogImpl.java:isTransactionFailed(278)) - Got block deletion ACK from datanode, TXIDs=12, success=true
2021-08-14 14:05:29,092 [EventQueue-DeleteBlockStatusForDeletedBlockLogImpl] DEBUG block.DeletedBlockLogImpl (DeletedBlockLogImpl.java:commitTransactions(224)) - Transaction txId=12 commit by dnId=e5d3e9d3-1367-47eb-ad7f-372895a70f55 for containerID=#12 failed. Corresponding entry not found.
2021-08-14 14:05:29,092 [EventQueue-DeleteBlockStatusForDeletedBlockLogImpl] DEBUG block.DeletedBlockLogImpl (DeletedBlockLogImpl.java:isTransactionFailed(278)) - Got block deletion ACK from datanode, TXIDs=13, success=true
2021-08-14 14:05:29,092 [EventQueue-DeleteBlockStatusForDeletedBlockLogImpl] DEBUG block.DeletedBlockLogImpl (DeletedBlockLogImpl.java:commitTransactions(224)) - Transaction txId=13 commit by dnId=e5d3e9d3-1367-47eb-ad7f-372895a70f55 for containerID=#13 failed. Corresponding entry not found.
2021-08-14 14:05:29,092 [EventQueue-DeleteBlockStatusForDeletedBlockLogImpl] DEBUG block.DeletedBlockLogImpl (DeletedBlockLogImpl.java:isTransactionFailed(278)) - Got block deletion ACK from datanode, TXIDs=14, success=true
2021-08-14 14:05:29,092 [EventQueue-DeleteBlockStatusForDeletedBlockLogImpl] DEBUG block.DeletedBlockLogImpl (DeletedBlockLogImpl.java:commitTransactions(224)) - Transaction txId=14 commit by dnId=e5d3e9d3-1367-47eb-ad7f-372895a70f55 for containerID=#14 failed. Corresponding entry not found.
2021-08-14 14:05:29,092 [EventQueue-DeleteBlockStatusForDeletedBlockLogImpl] DEBUG block.DeletedBlockLogImpl (DeletedBlockLogImpl.java:isTransactionFailed(278)) - Got block deletion ACK from datanode, TXIDs=15, success=true
2021-08-14 14:05:29,092 [EventQueue-DeleteBlockStatusForDeletedBlockLogImpl] DEBUG block.DeletedBlockLogImpl (DeletedBlockLogImpl.java:commitTransactions(224)) - Transaction txId=15 commit by dnId=e5d3e9d3-1367-47eb-ad7f-372895a70f55 for containerID=#15 failed. Corresponding entry not found.
2021-08-14 14:05:29,092 [EventQueue-DeleteBlockStatusForDeletedBlockLogImpl] DEBUG block.DeletedBlockLogImpl (DeletedBlockLogImpl.java:isTransactionFailed(278)) - Got block deletion ACK from datanode, TXIDs=16, success=true
2021-08-14 14:05:29,092 [EventQueue-DeleteBlockStatusForDeletedBlockLogImpl] DEBUG block.DeletedBlockLogImpl (DeletedBlockLogImpl.java:commitTransactions(224)) - Transaction txId=16 commit by dnId=e5d3e9d3-1367-47eb-ad7f-372895a70f55 for containerID=#16 failed. Corresponding entry not found.
2021-08-14 14:05:29,092 [EventQueue-DeleteBlockStatusForDeletedBlockLogImpl] DEBUG block.DeletedBlockLogImpl (DeletedBlockLogImpl.java:isTransactionFailed(278)) - Got block deletion ACK from datanode, TXIDs=17, success=true
2021-08-14 14:05:29,092 [EventQueue-DeleteBlockStatusForDeletedBlockLogImpl] DEBUG block.DeletedBlockLogImpl (DeletedBlockLogImpl.java:commitTransactions(224)) - Transaction txId=17 commit by dnId=e5d3e9d3-1367-47eb-ad7f-372895a70f55 for containerID=#17 failed. Corresponding entry not found.
2021-08-14 14:05:29,092 [EventQueue-DeleteBlockStatusForDeletedBlockLogImpl] DEBUG block.DeletedBlockLogImpl (DeletedBlockLogImpl.java:isTransactionFailed(278)) - Got block deletion ACK from datanode, TXIDs=18, success=true
2021-08-14 14:05:29,092 [EventQueue-DeleteBlockStatusForDeletedBlockLogImpl] DEBUG block.DeletedBlockLogImpl (DeletedBlockLogImpl.java:commitTransactions(224)) - Transaction txId=18 commit by dnId=e5d3e9d3-1367-47eb-ad7f-372895a70f55 for containerID=#18 failed. Corresponding entry not found.
2021-08-14 14:05:29,092 [EventQueue-DeleteBlockStatusForDeletedBlockLogImpl] DEBUG block.DeletedBlockLogImpl (DeletedBlockLogImpl.java:isTransactionFailed(278)) - Got block deletion ACK from datanode, TXIDs=19, success=true
2021-08-14 14:05:29,092 [EventQueue-DeleteBlockStatusForDeletedBlockLogImpl] DEBUG block.DeletedBlockLogImpl (DeletedBlockLogImpl.java:commitTransactions(224)) - Transaction txId=19 commit by dnId=e5d3e9d3-1367-47eb-ad7f-372895a70f55 for containerID=#19 failed. Corresponding entry not found.
2021-08-14 14:05:29,092 [EventQueue-DeleteBlockStatusForDeletedBlockLogImpl] DEBUG block.DeletedBlockLogImpl (DeletedBlockLogImpl.java:isTransactionFailed(278)) - Got block deletion ACK from datanode, TXIDs=20, success=true
2021-08-14 14:05:29,092 [EventQueue-DeleteBlockStatusForDeletedBlockLogImpl] DEBUG block.DeletedBlockLogImpl (DeletedBlockLogImpl.java:commitTransactions(224)) - Transaction txId=20 commit by dnId=e5d3e9d3-1367-47eb-ad7f-372895a70f55 for containerID=#20 failed. Corresponding entry not found.
2021-08-14 14:05:29,092 [EventQueue-DeleteBlockStatusForDeletedBlockLogImpl] DEBUG block.DeletedBlockLogImpl (DeletedBlockLogImpl.java:isTransactionFailed(278)) - Got block deletion ACK from datanode, TXIDs=21, success=true
2021-08-14 14:05:29,092 [EventQueue-DeleteBlockStatusForDeletedBlockLogImpl] DEBUG block.DeletedBlockLogImpl (DeletedBlockLogImpl.java:commitTransactions(224)) - Transaction txId=21 commit by dnId=e5d3e9d3-1367-47eb-ad7f-372895a70f55 for containerID=#21 failed. Corresponding entry not found.
2021-08-14 14:05:29,092 [EventQueue-DeleteBlockStatusForDeletedBlockLogImpl] DEBUG block.DeletedBlockLogImpl (DeletedBlockLogImpl.java:isTransactionFailed(278)) - Got block deletion ACK from datanode, TXIDs=22, success=true
2021-08-14 14:05:29,092 [EventQueue-DeleteBlockStatusForDeletedBlockLogImpl] DEBUG block.DeletedBlockLogImpl (DeletedBlockLogImpl.java:commitTransactions(224)) - Transaction txId=22 commit by dnId=e5d3e9d3-1367-47eb-ad7f-372895a70f55 for containerID=#22 failed. Corresponding entry not found.
2021-08-14 14:05:29,093 [EventQueue-DeleteBlockStatusForDeletedBlockLogImpl] DEBUG block.DeletedBlockLogImpl (DeletedBlockLogImpl.java:isTransactionFailed(278)) - Got block deletion ACK from datanode, TXIDs=23, success=true
2021-08-14 14:05:29,093 [EventQueue-DeleteBlockStatusForDeletedBlockLogImpl] DEBUG block.DeletedBlockLogImpl (DeletedBlockLogImpl.java:commitTransactions(224)) - Transaction txId=23 commit by dnId=e5d3e9d3-1367-47eb-ad7f-372895a70f55 for containerID=#23 failed. Corresponding entry not found.
2021-08-14 14:05:29,093 [EventQueue-DeleteBlockStatusForDeletedBlockLogImpl] DEBUG block.DeletedBlockLogImpl (DeletedBlockLogImpl.java:isTransactionFailed(278)) - Got block deletion ACK from datanode, TXIDs=24, success=true
2021-08-14 14:05:29,093 [EventQueue-DeleteBlockStatusForDeletedBlockLogImpl] DEBUG block.DeletedBlockLogImpl (DeletedBlockLogImpl.java:commitTransactions(224)) - Transaction txId=24 commit by dnId=e5d3e9d3-1367-47eb-ad7f-372895a70f55 for containerID=#24 failed. Corresponding entry not found.
2021-08-14 14:05:29,093 [EventQueue-DeleteBlockStatusForDeletedBlockLogImpl] DEBUG block.DeletedBlockLogImpl (DeletedBlockLogImpl.java:isTransactionFailed(278)) - Got block deletion ACK from datanode, TXIDs=25, success=true
2021-08-14 14:05:29,093 [EventQueue-DeleteBlockStatusForDeletedBlockLogImpl] DEBUG block.DeletedBlockLogImpl (DeletedBlockLogImpl.java:commitTransactions(224)) - Transaction txId=25 commit by dnId=e5d3e9d3-1367-47eb-ad7f-372895a70f55 for containerID=#25 failed. Corresponding entry not found.
2021-08-14 14:05:29,093 [EventQueue-DeleteBlockStatusForDeletedBlockLogImpl] DEBUG block.DeletedBlockLogImpl (DeletedBlockLogImpl.java:isTransactionFailed(278)) - Got block deletion ACK from datanode, TXIDs=26, success=true
2021-08-14 14:05:29,093 [EventQueue-DeleteBlockStatusForDeletedBlockLogImpl] DEBUG block.DeletedBlockLogImpl (DeletedBlockLogImpl.java:commitTransactions(224)) - Transaction txId=26 commit by dnId=e5d3e9d3-1367-47eb-ad7f-372895a70f55 for containerID=#26 failed. Corresponding entry not found.
2021-08-14 14:05:29,093 [EventQueue-DeleteBlockStatusForDeletedBlockLogImpl] DEBUG block.DeletedBlockLogImpl (DeletedBlockLogImpl.java:isTransactionFailed(278)) - Got block deletion ACK from datanode, TXIDs=27, success=true
2021-08-14 14:05:29,093 [EventQueue-DeleteBlockStatusForDeletedBlockLogImpl] DEBUG block.DeletedBlockLogImpl (DeletedBlockLogImpl.java:commitTransactions(224)) - Transaction txId=27 commit by dnId=e5d3e9d3-1367-47eb-ad7f-372895a70f55 for containerID=#27 failed. Corresponding entry not found.
2021-08-14 14:05:29,093 [EventQueue-DeleteBlockStatusForDeletedBlockLogImpl] DEBUG block.DeletedBlockLogImpl (DeletedBlockLogImpl.java:isTransactionFailed(278)) - Got block deletion ACK from datanode, TXIDs=28, success=true
2021-08-14 14:05:29,093 [EventQueue-DeleteBlockStatusForDeletedBlockLogImpl] DEBUG block.DeletedBlockLogImpl (DeletedBlockLogImpl.java:commitTransactions(224)) - Transaction txId=28 commit by dnId=e5d3e9d3-1367-47eb-ad7f-372895a70f55 for containerID=#28 failed. Corresponding entry not found.
2021-08-14 14:05:29,093 [EventQueue-DeleteBlockStatusForDeletedBlockLogImpl] DEBUG block.DeletedBlockLogImpl (DeletedBlockLogImpl.java:isTransactionFailed(278)) - Got block deletion ACK from datanode, TXIDs=29, success=true
2021-08-14 14:05:29,093 [EventQueue-DeleteBlockStatusForDeletedBlockLogImpl] DEBUG block.DeletedBlockLogImpl (DeletedBlockLogImpl.java:commitTransactions(224)) - Transaction txId=29 commit by dnId=e5d3e9d3-1367-47eb-ad7f-372895a70f55 for containerID=#29 failed. Corresponding entry not found.
2021-08-14 14:05:29,093 [EventQueue-DeleteBlockStatusForDeletedBlockLogImpl] DEBUG block.DeletedBlockLogImpl (DeletedBlockLogImpl.java:isTransactionFailed(278)) - Got block deletion ACK from datanode, TXIDs=30, success=true
2021-08-14 14:05:29,093 [EventQueue-DeleteBlockStatusForDeletedBlockLogImpl] DEBUG block.DeletedBlockLogImpl (DeletedBlockLogImpl.java:commitTransactions(224)) - Transaction txId=30 commit by dnId=e5d3e9d3-1367-47eb-ad7f-372895a70f55 for containerID=#30 failed. Corresponding entry not found.
2021-08-14 14:05:29,093 [EventQueue-DeleteBlockStatusForDeletedBlockLogImpl] DEBUG block.DeletedBlockLogImpl (DeletedBlockLogImpl.java:isTransactionFailed(278)) - Got block deletion ACK from datanode, TXIDs=31, success=true
2021-08-14 14:05:29,093 [EventQueue-DeleteBlockStatusForDeletedBlockLogImpl] DEBUG block.DeletedBlockLogImpl (DeletedBlockLogImpl.java:commitTransactions(224)) - Transaction txId=31 commit by dnId=e5d3e9d3-1367-47eb-ad7f-372895a70f55 for containerID=#31 failed. Corresponding entry not found.
2021-08-14 14:05:29,093 [EventQueue-DeleteBlockStatusForDeletedBlockLogImpl] DEBUG block.DeletedBlockLogImpl (DeletedBlockLogImpl.java:isTransactionFailed(278)) - Got block deletion ACK from datanode, TXIDs=32, success=true
2021-08-14 14:05:29,093 [EventQueue-DeleteBlockStatusForDeletedBlockLogImpl] DEBUG block.DeletedBlockLogImpl (DeletedBlockLogImpl.java:commitTransactions(224)) - Transaction txId=32 commit by dnId=e5d3e9d3-1367-47eb-ad7f-372895a70f55 for containerID=#32 failed. Corresponding entry not found.
2021-08-14 14:05:29,093 [EventQueue-DeleteBlockStatusForDeletedBlockLogImpl] DEBUG block.DeletedBlockLogImpl (DeletedBlockLogImpl.java:isTransactionFailed(278)) - Got block deletion ACK from datanode, TXIDs=33, success=true
2021-08-14 14:05:29,093 [EventQueue-DeleteBlockStatusForDeletedBlockLogImpl] DEBUG block.DeletedBlockLogImpl (DeletedBlockLogImpl.java:commitTransactions(224)) - Transaction txId=33 commit by dnId=e5d3e9d3-1367-47eb-ad7f-372895a70f55 for containerID=#33 failed. Corresponding entry not found.
2021-08-14 14:05:29,093 [EventQueue-DeleteBlockStatusForDeletedBlockLogImpl] DEBUG block.DeletedBlockLogImpl (DeletedBlockLogImpl.java:isTransactionFailed(278)) - Got block deletion ACK from datanode, TXIDs=34, success=true
2021-08-14 14:05:29,093 [EventQueue-DeleteBlockStatusForDeletedBlockLogImpl] DEBUG block.DeletedBlockLogImpl (DeletedBlockLogImpl.java:commitTransactions(224)) - Transaction txId=34 commit by dnId=e5d3e9d3-1367-47eb-ad7f-372895a70f55 for containerID=#34 failed. Corresponding entry not found.
2021-08-14 14:05:29,093 [EventQueue-DeleteBlockStatusForDeletedBlockLogImpl] DEBUG block.DeletedBlockLogImpl (DeletedBlockLogImpl.java:isTransactionFailed(278)) - Got block deletion ACK from datanode, TXIDs=35, success=true
2021-08-14 14:05:29,093 [EventQueue-DeleteBlockStatusForDeletedBlockLogImpl] DEBUG block.DeletedBlockLogImpl (DeletedBlockLogImpl.java:commitTransactions(224)) - Transaction txId=35 commit by dnId=e5d3e9d3-1367-47eb-ad7f-372895a70f55 for containerID=#35 failed. Corresponding entry not found.
2021-08-14 14:05:29,093 [EventQueue-DeleteBlockStatusForDeletedBlockLogImpl] DEBUG block.DeletedBlockLogImpl (DeletedBlockLogImpl.java:isTransactionFailed(278)) - Got block deletion ACK from datanode, TXIDs=36, success=true
2021-08-14 14:05:29,093 [EventQueue-DeleteBlockStatusForDeletedBlockLogImpl] DEBUG block.DeletedBlockLogImpl (DeletedBlockLogImpl.java:commitTransactions(224)) - Transaction txId=36 commit by dnId=e5d3e9d3-1367-47eb-ad7f-372895a70f55 for containerID=#36 failed. Corresponding entry not found.
2021-08-14 14:05:29,093 [EventQueue-DeleteBlockStatusForDeletedBlockLogImpl] DEBUG block.DeletedBlockLogImpl (DeletedBlockLogImpl.java:isTransactionFailed(278)) - Got block deletion ACK from datanode, TXIDs=37, success=true
2021-08-14 14:05:29,093 [EventQueue-DeleteBlockStatusForDeletedBlockLogImpl] DEBUG block.DeletedBlockLogImpl (DeletedBlockLogImpl.java:commitTransactions(224)) - Transaction txId=37 commit by dnId=e5d3e9d3-1367-47eb-ad7f-372895a70f55 for containerID=#37 failed. Corresponding entry not found.
2021-08-14 14:05:29,093 [EventQueue-DeleteBlockStatusForDeletedBlockLogImpl] DEBUG block.DeletedBlockLogImpl (DeletedBlockLogImpl.java:isTransactionFailed(278)) - Got block deletion ACK from datanode, TXIDs=38, success=true
2021-08-14 14:05:29,093 [EventQueue-DeleteBlockStatusForDeletedBlockLogImpl] DEBUG block.DeletedBlockLogImpl (DeletedBlockLogImpl.java:commitTransactions(224)) - Transaction txId=38 commit by dnId=e5d3e9d3-1367-47eb-ad7f-372895a70f55 for containerID=#38 failed. Corresponding entry not found.
2021-08-14 14:05:29,093 [EventQueue-DeleteBlockStatusForDeletedBlockLogImpl] DEBUG block.DeletedBlockLogImpl (DeletedBlockLogImpl.java:isTransactionFailed(278)) - Got block deletion ACK from datanode, TXIDs=39, success=true
2021-08-14 14:05:29,093 [EventQueue-DeleteBlockStatusForDeletedBlockLogImpl] DEBUG block.DeletedBlockLogImpl (DeletedBlockLogImpl.java:commitTransactions(224)) - Transaction txId=39 commit by dnId=e5d3e9d3-1367-47eb-ad7f-372895a70f55 for containerID=#39 failed. Corresponding entry not found.
2021-08-14 14:05:29,093 [EventQueue-DeleteBlockStatusForDeletedBlockLogImpl] DEBUG block.DeletedBlockLogImpl (DeletedBlockLogImpl.java:isTransactionFailed(278)) - Got block deletion ACK from datanode, TXIDs=40, success=true
2021-08-14 14:05:29,093 [EventQueue-DeleteBlockStatusForDeletedBlockLogImpl] DEBUG block.DeletedBlockLogImpl (DeletedBlockLogImpl.java:commitTransactions(224)) - Transaction txId=40 commit by dnId=e5d3e9d3-1367-47eb-ad7f-372895a70f55 for containerID=#40 failed. Corresponding entry not found.
2021-08-14 14:05:29,093 [EventQueue-DeleteBlockStatusForDeletedBlockLogImpl] DEBUG block.DeletedBlockLogImpl (DeletedBlockLogImpl.java:isTransactionFailed(278)) - Got block deletion ACK from datanode, TXIDs=41, success=true
2021-08-14 14:05:29,093 [EventQueue-DeleteBlockStatusForDeletedBlockLogImpl] DEBUG block.DeletedBlockLogImpl (DeletedBlockLogImpl.java:commitTransactions(224)) - Transaction txId=41 commit by dnId=e5d3e9d3-1367-47eb-ad7f-372895a70f55 for containerID=#41 failed. Corresponding entry not found.
2021-08-14 14:05:29,093 [EventQueue-DeleteBlockStatusForDeletedBlockLogImpl] DEBUG block.DeletedBlockLogImpl (DeletedBlockLogImpl.java:isTransactionFailed(278)) - Got block deletion ACK from datanode, TXIDs=42, success=true
2021-08-14 14:05:29,093 [EventQueue-DeleteBlockStatusForDeletedBlockLogImpl] DEBUG block.DeletedBlockLogImpl (DeletedBlockLogImpl.java:commitTransactions(224)) - Transaction txId=42 commit by dnId=e5d3e9d3-1367-47eb-ad7f-372895a70f55 for containerID=#42 failed. Corresponding entry not found.
2021-08-14 14:05:29,093 [EventQueue-DeleteBlockStatusForDeletedBlockLogImpl] DEBUG block.DeletedBlockLogImpl (DeletedBlockLogImpl.java:isTransactionFailed(278)) - Got block deletion ACK from datanode, TXIDs=43, success=true
2021-08-14 14:05:29,093 [EventQueue-DeleteBlockStatusForDeletedBlockLogImpl] DEBUG block.DeletedBlockLogImpl (DeletedBlockLogImpl.java:commitTransactions(224)) - Transaction txId=43 commit by dnId=e5d3e9d3-1367-47eb-ad7f-372895a70f55 for containerID=#43 failed. Corresponding entry not found.
2021-08-14 14:05:29,093 [EventQueue-DeleteBlockStatusForDeletedBlockLogImpl] DEBUG block.DeletedBlockLogImpl (DeletedBlockLogImpl.java:isTransactionFailed(278)) - Got block deletion ACK from datanode, TXIDs=44, success=true
2021-08-14 14:05:29,093 [EventQueue-DeleteBlockStatusForDeletedBlockLogImpl] DEBUG block.DeletedBlockLogImpl (DeletedBlockLogImpl.java:commitTransactions(224)) - Transaction txId=44 commit by dnId=e5d3e9d3-1367-47eb-ad7f-372895a70f55 for containerID=#44 failed. Corresponding entry not found.
2021-08-14 14:05:29,093 [EventQueue-DeleteBlockStatusForDeletedBlockLogImpl] DEBUG block.DeletedBlockLogImpl (DeletedBlockLogImpl.java:isTransactionFailed(278)) - Got block deletion ACK from datanode, TXIDs=45, success=true
2021-08-14 14:05:29,094 [EventQueue-DeleteBlockStatusForDeletedBlockLogImpl] DEBUG block.DeletedBlockLogImpl (DeletedBlockLogImpl.java:commitTransactions(224)) - Transaction txId=45 commit by dnId=e5d3e9d3-1367-47eb-ad7f-372895a70f55 for containerID=#45 failed. Corresponding entry not found.
2021-08-14 14:05:29,094 [EventQueue-DeleteBlockStatusForDeletedBlockLogImpl] DEBUG block.DeletedBlockLogImpl (DeletedBlockLogImpl.java:isTransactionFailed(278)) - Got block deletion ACK from datanode, TXIDs=46, success=true
2021-08-14 14:05:29,094 [EventQueue-DeleteBlockStatusForDeletedBlockLogImpl] DEBUG block.DeletedBlockLogImpl (DeletedBlockLogImpl.java:commitTransactions(224)) - Transaction txId=46 commit by dnId=e5d3e9d3-1367-47eb-ad7f-372895a70f55 for containerID=#46 failed. Corresponding entry not found.
2021-08-14 14:05:29,094 [EventQueue-DeleteBlockStatusForDeletedBlockLogImpl] DEBUG block.DeletedBlockLogImpl (DeletedBlockLogImpl.java:isTransactionFailed(278)) - Got block deletion ACK from datanode, TXIDs=47, success=true
2021-08-14 14:05:29,094 [EventQueue-DeleteBlockStatusForDeletedBlockLogImpl] DEBUG block.DeletedBlockLogImpl (DeletedBlockLogImpl.java:commitTransactions(224)) - Transaction txId=47 commit by dnId=e5d3e9d3-1367-47eb-ad7f-372895a70f55 for containerID=#47 failed. Corresponding entry not found.
2021-08-14 14:05:29,094 [EventQueue-DeleteBlockStatusForDeletedBlockLogImpl] DEBUG block.DeletedBlockLogImpl (DeletedBlockLogImpl.java:isTransactionFailed(278)) - Got block deletion ACK from datanode, TXIDs=48, success=true
2021-08-14 14:05:29,094 [EventQueue-DeleteBlockStatusForDeletedBlockLogImpl] DEBUG block.DeletedBlockLogImpl (DeletedBlockLogImpl.java:commitTransactions(224)) - Transaction txId=48 commit by dnId=e5d3e9d3-1367-47eb-ad7f-372895a70f55 for containerID=#48 failed. Corresponding entry not found.
2021-08-14 14:05:29,094 [EventQueue-DeleteBlockStatusForDeletedBlockLogImpl] DEBUG block.DeletedBlockLogImpl (DeletedBlockLogImpl.java:isTransactionFailed(278)) - Got block deletion ACK from datanode, TXIDs=49, success=true
2021-08-14 14:05:29,094 [EventQueue-DeleteBlockStatusForDeletedBlockLogImpl] DEBUG block.DeletedBlockLogImpl (DeletedBlockLogImpl.java:commitTransactions(224)) - Transaction txId=49 commit by dnId=e5d3e9d3-1367-47eb-ad7f-372895a70f55 for containerID=#49 failed. Corresponding entry not found.
2021-08-14 14:05:29,094 [EventQueue-DeleteBlockStatusForDeletedBlockLogImpl] DEBUG block.DeletedBlockLogImpl (DeletedBlockLogImpl.java:isTransactionFailed(278)) - Got block deletion ACK from datanode, TXIDs=50, success=true
2021-08-14 14:05:29,094 [EventQueue-DeleteBlockStatusForDeletedBlockLogImpl] DEBUG block.DeletedBlockLogImpl (DeletedBlockLogImpl.java:commitTransactions(224)) - Transaction txId=50 commit by dnId=e5d3e9d3-1367-47eb-ad7f-372895a70f55 for containerID=#50 failed. Corresponding entry not found.
2021-08-14 14:05:29,094 [EventQueue-DeleteBlockStatusForDeletedBlockLogImpl] DEBUG block.DeletedBlockLogImpl (DeletedBlockLogImpl.java:isTransactionFailed(278)) - Got block deletion ACK from datanode, TXIDs=51, success=true
2021-08-14 14:05:29,094 [EventQueue-DeleteBlockStatusForDeletedBlockLogImpl] DEBUG block.DeletedBlockLogImpl (DeletedBlockLogImpl.java:commitTransactions(224)) - Transaction txId=51 commit by dnId=e5d3e9d3-1367-47eb-ad7f-372895a70f55 for containerID=#51 failed. Corresponding entry not found.
2021-08-14 14:05:29,094 [EventQueue-DeleteBlockStatusForDeletedBlockLogImpl] DEBUG block.DeletedBlockLogImpl (DeletedBlockLogImpl.java:isTransactionFailed(278)) - Got block deletion ACK from datanode, TXIDs=52, success=true
2021-08-14 14:05:29,094 [EventQueue-DeleteBlockStatusForDeletedBlockLogImpl] DEBUG block.DeletedBlockLogImpl (DeletedBlockLogImpl.java:commitTransactions(224)) - Transaction txId=52 commit by dnId=e5d3e9d3-1367-47eb-ad7f-372895a70f55 for containerID=#52 failed. Corresponding entry not found.
2021-08-14 14:05:29,094 [EventQueue-DeleteBlockStatusForDeletedBlockLogImpl] DEBUG block.DeletedBlockLogImpl (DeletedBlockLogImpl.java:isTransactionFailed(278)) - Got block deletion ACK from datanode, TXIDs=53, success=true
2021-08-14 14:05:29,094 [EventQueue-DeleteBlockStatusForDeletedBlockLogImpl] DEBUG block.DeletedBlockLogImpl (DeletedBlockLogImpl.java:commitTransactions(224)) - Transaction txId=53 commit by dnId=e5d3e9d3-1367-47eb-ad7f-372895a70f55 for containerID=#53 failed. Corresponding entry not found.
2021-08-14 14:05:29,094 [EventQueue-DeleteBlockStatusForDeletedBlockLogImpl] DEBUG block.DeletedBlockLogImpl (DeletedBlockLogImpl.java:isTransactionFailed(278)) - Got block deletion ACK from datanode, TXIDs=54, success=true
2021-08-14 14:05:29,094 [EventQueue-DeleteBlockStatusForDeletedBlockLogImpl] DEBUG block.DeletedBlockLogImpl (DeletedBlockLogImpl.java:commitTransactions(224)) - Transaction txId=54 commit by dnId=e5d3e9d3-1367-47eb-ad7f-372895a70f55 for containerID=#54 failed. Corresponding entry not found.
2021-08-14 14:05:29,094 [EventQueue-DeleteBlockStatusForDeletedBlockLogImpl] DEBUG block.DeletedBlockLogImpl (DeletedBlockLogImpl.java:isTransactionFailed(278)) - Got block deletion ACK from datanode, TXIDs=55, success=true
2021-08-14 14:05:29,094 [EventQueue-DeleteBlockStatusForDeletedBlockLogImpl] DEBUG block.DeletedBlockLogImpl (DeletedBlockLogImpl.java:commitTransactions(224)) - Transaction txId=55 commit by dnId=e5d3e9d3-1367-47eb-ad7f-372895a70f55 for containerID=#55 failed. Corresponding entry not found.
2021-08-14 14:05:29,094 [EventQueue-DeleteBlockStatusForDeletedBlockLogImpl] DEBUG block.DeletedBlockLogImpl (DeletedBlockLogImpl.java:isTransactionFailed(278)) - Got block deletion ACK from datanode, TXIDs=56, success=true
2021-08-14 14:05:29,094 [EventQueue-DeleteBlockStatusForDeletedBlockLogImpl] DEBUG block.DeletedBlockLogImpl (DeletedBlockLogImpl.java:commitTransactions(224)) - Transaction txId=56 commit by dnId=e5d3e9d3-1367-47eb-ad7f-372895a70f55 for containerID=#56 failed. Corresponding entry not found.
2021-08-14 14:05:29,094 [EventQueue-DeleteBlockStatusForDeletedBlockLogImpl] DEBUG block.DeletedBlockLogImpl (DeletedBlockLogImpl.java:isTransactionFailed(278)) - Got block deletion ACK from datanode, TXIDs=1, success=true
2021-08-14 14:05:29,094 [EventQueue-DeleteBlockStatusForDeletedBlockLogImpl] DEBUG block.DeletedBlockLogImpl (DeletedBlockLogImpl.java:commitTransactions(224)) - Transaction txId=1 commit by dnId=e5d3e9d3-1367-47eb-ad7f-372895a70f55 for containerID=#1 failed. Corresponding entry not found.
2021-08-14 14:05:29,094 [EventQueue-DeleteBlockStatusForDeletedBlockLogImpl] DEBUG block.DeletedBlockLogImpl (DeletedBlockLogImpl.java:isTransactionFailed(278)) - Got block deletion ACK from datanode, TXIDs=2, success=true
2021-08-14 14:05:29,094 [EventQueue-DeleteBlockStatusForDeletedBlockLogImpl] DEBUG block.DeletedBlockLogImpl (DeletedBlockLogImpl.java:commitTransactions(224)) - Transaction txId=2 commit by dnId=e5d3e9d3-1367-47eb-ad7f-372895a70f55 for containerID=#2 failed. Corresponding entry not found.
2021-08-14 14:05:29,094 [EventQueue-DeleteBlockStatusForDeletedBlockLogImpl] DEBUG block.DeletedBlockLogImpl (DeletedBlockLogImpl.java:isTransactionFailed(278)) - Got block deletion ACK from datanode, TXIDs=3, success=true
2021-08-14 14:05:29,094 [EventQueue-DeleteBlockStatusForDeletedBlockLogImpl] DEBUG block.DeletedBlockLogImpl (DeletedBlockLogImpl.java:commitTransactions(224)) - Transaction txId=3 commit by dnId=e5d3e9d3-1367-47eb-ad7f-372895a70f55 for containerID=#3 failed. Corresponding entry not found.
2021-08-14 14:05:29,094 [EventQueue-DeleteBlockStatusForDeletedBlockLogImpl] DEBUG block.DeletedBlockLogImpl (DeletedBlockLogImpl.java:isTransactionFailed(278)) - Got block deletion ACK from datanode, TXIDs=4, success=true
2021-08-14 14:05:29,094 [EventQueue-DeleteBlockStatusForDeletedBlockLogImpl] DEBUG block.DeletedBlockLogImpl (DeletedBlockLogImpl.java:commitTransactions(224)) - Transaction txId=4 commit by dnId=e5d3e9d3-1367-47eb-ad7f-372895a70f55 for containerID=#4 failed. Corresponding entry not found.
2021-08-14 14:05:29,094 [EventQueue-DeleteBlockStatusForDeletedBlockLogImpl] DEBUG block.DeletedBlockLogImpl (DeletedBlockLogImpl.java:isTransactionFailed(278)) - Got block deletion ACK from datanode, TXIDs=5, success=true
2021-08-14 14:05:29,094 [EventQueue-DeleteBlockStatusForDeletedBlockLogImpl] DEBUG block.DeletedBlockLogImpl (DeletedBlockLogImpl.java:commitTransactions(224)) - Transaction txId=5 commit by dnId=e5d3e9d3-1367-47eb-ad7f-372895a70f55 for containerID=#5 failed. Corresponding entry not found.
2021-08-14 14:05:29,094 [EventQueue-DeleteBlockStatusForDeletedBlockLogImpl] DEBUG block.DeletedBlockLogImpl (DeletedBlockLogImpl.java:isTransactionFailed(278)) - Got block deletion ACK from datanode, TXIDs=6, success=true
2021-08-14 14:05:29,094 [EventQueue-DeleteBlockStatusForDeletedBlockLogImpl] DEBUG block.DeletedBlockLogImpl (DeletedBlockLogImpl.java:commitTransactions(224)) - Transaction txId=6 commit by dnId=e5d3e9d3-1367-47eb-ad7f-372895a70f55 for containerID=#6 failed. Corresponding entry not found.
2021-08-14 14:05:29,094 [EventQueue-DeleteBlockStatusForDeletedBlockLogImpl] DEBUG block.DeletedBlockLogImpl (DeletedBlockLogImpl.java:isTransactionFailed(278)) - Got block deletion ACK from datanode, TXIDs=7, success=true
2021-08-14 14:05:29,094 [EventQueue-DeleteBlockStatusForDeletedBlockLogImpl] DEBUG block.DeletedBlockLogImpl (DeletedBlockLogImpl.java:commitTransactions(224)) - Transaction txId=7 commit by dnId=e5d3e9d3-1367-47eb-ad7f-372895a70f55 for containerID=#7 failed. Corresponding entry not found.
2021-08-14 14:05:29,094 [EventQueue-DeleteBlockStatusForDeletedBlockLogImpl] DEBUG block.DeletedBlockLogImpl (DeletedBlockLogImpl.java:isTransactionFailed(278)) - Got block deletion ACK from datanode, TXIDs=8, success=true
2021-08-14 14:05:29,094 [EventQueue-DeleteBlockStatusForDeletedBlockLogImpl] DEBUG block.DeletedBlockLogImpl (DeletedBlockLogImpl.java:commitTransactions(224)) - Transaction txId=8 commit by dnId=e5d3e9d3-1367-47eb-ad7f-372895a70f55 for containerID=#8 failed. Corresponding entry not found.
2021-08-14 14:05:29,094 [EventQueue-DeleteBlockStatusForDeletedBlockLogImpl] DEBUG block.DeletedBlockLogImpl (DeletedBlockLogImpl.java:isTransactionFailed(278)) - Got block deletion ACK from datanode, TXIDs=9, success=true
2021-08-14 14:05:29,094 [EventQueue-DeleteBlockStatusForDeletedBlockLogImpl] DEBUG block.DeletedBlockLogImpl (DeletedBlockLogImpl.java:commitTransactions(224)) - Transaction txId=9 commit by dnId=e5d3e9d3-1367-47eb-ad7f-372895a70f55 for containerID=#9 failed. Corresponding entry not found.
2021-08-14 14:05:29,094 [EventQueue-DeleteBlockStatusForDeletedBlockLogImpl] DEBUG block.DeletedBlockLogImpl (DeletedBlockLogImpl.java:isTransactionFailed(278)) - Got block deletion ACK from datanode, TXIDs=10, success=true
2021-08-14 14:05:29,094 [EventQueue-DeleteBlockStatusForDeletedBlockLogImpl] DEBUG block.DeletedBlockLogImpl (DeletedBlockLogImpl.java:commitTransactions(224)) - Transaction txId=10 commit by dnId=e5d3e9d3-1367-47eb-ad7f-372895a70f55 for containerID=#10 failed. Corresponding entry not found.
2021-08-14 14:05:29,094 [EventQueue-DeleteBlockStatusForDeletedBlockLogImpl] DEBUG block.DeletedBlockLogImpl (DeletedBlockLogImpl.java:isTransactionFailed(278)) - Got block deletion ACK from datanode, TXIDs=11, success=true
2021-08-14 14:05:29,094 [EventQueue-DeleteBlockStatusForDeletedBlockLogImpl] DEBUG block.DeletedBlockLogImpl (DeletedBlockLogImpl.java:commitTransactions(224)) - Transaction txId=11 commit by dnId=e5d3e9d3-1367-47eb-ad7f-372895a70f55 for containerID=#11 failed. Corresponding entry not found.
2021-08-14 14:05:29,094 [EventQueue-DeleteBlockStatusForDeletedBlockLogImpl] DEBUG block.DeletedBlockLogImpl (DeletedBlockLogImpl.java:isTransactionFailed(278)) - Got block deletion ACK from datanode, TXIDs=12, success=true
2021-08-14 14:05:29,094 [EventQueue-DeleteBlockStatusForDeletedBlockLogImpl] DEBUG block.DeletedBlockLogImpl (DeletedBlockLogImpl.java:commitTransactions(224)) - Transaction txId=12 commit by dnId=e5d3e9d3-1367-47eb-ad7f-372895a70f55 for containerID=#12 failed. Corresponding entry not found.
2021-08-14 14:05:29,095 [EventQueue-DeleteBlockStatusForDeletedBlockLogImpl] DEBUG block.DeletedBlockLogImpl (DeletedBlockLogImpl.java:isTransactionFailed(278)) - Got block deletion ACK from datanode, TXIDs=13, success=true
2021-08-14 14:05:29,095 [EventQueue-DeleteBlockStatusForDeletedBlockLogImpl] DEBUG block.DeletedBlockLogImpl (DeletedBlockLogImpl.java:commitTransactions(224)) - Transaction txId=13 commit by dnId=e5d3e9d3-1367-47eb-ad7f-372895a70f55 for containerID=#13 failed. Corresponding entry not found.
2021-08-14 14:05:29,095 [EventQueue-DeleteBlockStatusForDeletedBlockLogImpl] DEBUG block.DeletedBlockLogImpl (DeletedBlockLogImpl.java:isTransactionFailed(278)) - Got block deletion ACK from datanode, TXIDs=14, success=true
2021-08-14 14:05:29,095 [EventQueue-DeleteBlockStatusForDeletedBlockLogImpl] DEBUG block.DeletedBlockLogImpl (DeletedBlockLogImpl.java:commitTransactions(224)) - Transaction txId=14 commit by dnId=e5d3e9d3-1367-47eb-ad7f-372895a70f55 for containerID=#14 failed. Corresponding entry not found.
2021-08-14 14:05:29,095 [EventQueue-DeleteBlockStatusForDeletedBlockLogImpl] DEBUG block.DeletedBlockLogImpl (DeletedBlockLogImpl.java:isTransactionFailed(278)) - Got block deletion ACK from datanode, TXIDs=15, success=true
2021-08-14 14:05:29,095 [EventQueue-DeleteBlockStatusForDeletedBlockLogImpl] DEBUG block.DeletedBlockLogImpl (DeletedBlockLogImpl.java:commitTransactions(224)) - Transaction txId=15 commit by dnId=e5d3e9d3-1367-47eb-ad7f-372895a70f55 for containerID=#15 failed. Corresponding entry not found.
2021-08-14 14:05:29,095 [EventQueue-DeleteBlockStatusForDeletedBlockLogImpl] DEBUG block.DeletedBlockLogImpl (DeletedBlockLogImpl.java:isTransactionFailed(278)) - Got block deletion ACK from datanode, TXIDs=16, success=true
2021-08-14 14:05:29,095 [EventQueue-DeleteBlockStatusForDeletedBlockLogImpl] DEBUG block.DeletedBlockLogImpl (DeletedBlockLogImpl.java:commitTransactions(224)) - Transaction txId=16 commit by dnId=e5d3e9d3-1367-47eb-ad7f-372895a70f55 for containerID=#16 failed. Corresponding entry not found.
2021-08-14 14:05:29,095 [EventQueue-DeleteBlockStatusForDeletedBlockLogImpl] DEBUG block.DeletedBlockLogImpl (DeletedBlockLogImpl.java:isTransactionFailed(278)) - Got block deletion ACK from datanode, TXIDs=17, success=true
2021-08-14 14:05:29,095 [EventQueue-DeleteBlockStatusForDeletedBlockLogImpl] DEBUG block.DeletedBlockLogImpl (DeletedBlockLogImpl.java:commitTransactions(224)) - Transaction txId=17 commit by dnId=e5d3e9d3-1367-47eb-ad7f-372895a70f55 for containerID=#17 failed. Corresponding entry not found.
2021-08-14 14:05:29,095 [EventQueue-DeleteBlockStatusForDeletedBlockLogImpl] DEBUG block.DeletedBlockLogImpl (DeletedBlockLogImpl.java:isTransactionFailed(278)) - Got block deletion ACK from datanode, TXIDs=18, success=true
2021-08-14 14:05:29,095 [EventQueue-DeleteBlockStatusForDeletedBlockLogImpl] DEBUG block.DeletedBlockLogImpl (DeletedBlockLogImpl.java:commitTransactions(224)) - Transaction txId=18 commit by dnId=e5d3e9d3-1367-47eb-ad7f-372895a70f55 for containerID=#18 failed. Corresponding entry not found.
2021-08-14 14:05:29,095 [EventQueue-DeleteBlockStatusForDeletedBlockLogImpl] DEBUG block.DeletedBlockLogImpl (DeletedBlockLogImpl.java:isTransactionFailed(278)) - Got block deletion ACK from datanode, TXIDs=19, success=true
2021-08-14 14:05:29,095 [EventQueue-DeleteBlockStatusForDeletedBlockLogImpl] DEBUG block.DeletedBlockLogImpl (DeletedBlockLogImpl.java:commitTransactions(224)) - Transaction txId=19 commit by dnId=e5d3e9d3-1367-47eb-ad7f-372895a70f55 for containerID=#19 failed. Corresponding entry not found.
2021-08-14 14:05:29,095 [EventQueue-DeleteBlockStatusForDeletedBlockLogImpl] DEBUG block.DeletedBlockLogImpl (DeletedBlockLogImpl.java:isTransactionFailed(278)) - Got block deletion ACK from datanode, TXIDs=20, success=true
2021-08-14 14:05:29,095 [EventQueue-DeleteBlockStatusForDeletedBlockLogImpl] DEBUG block.DeletedBlockLogImpl (DeletedBlockLogImpl.java:commitTransactions(224)) - Transaction txId=20 commit by dnId=e5d3e9d3-1367-47eb-ad7f-372895a70f55 for containerID=#20 failed. Corresponding entry not found.
2021-08-14 14:05:29,095 [EventQueue-DeleteBlockStatusForDeletedBlockLogImpl] DEBUG block.DeletedBlockLogImpl (DeletedBlockLogImpl.java:isTransactionFailed(278)) - Got block deletion ACK from datanode, TXIDs=21, success=true
2021-08-14 14:05:29,095 [EventQueue-DeleteBlockStatusForDeletedBlockLogImpl] DEBUG block.DeletedBlockLogImpl (DeletedBlockLogImpl.java:commitTransactions(224)) - Transaction txId=21 commit by dnId=e5d3e9d3-1367-47eb-ad7f-372895a70f55 for containerID=#21 failed. Corresponding entry not found.
2021-08-14 14:05:29,095 [EventQueue-DeleteBlockStatusForDeletedBlockLogImpl] DEBUG block.DeletedBlockLogImpl (DeletedBlockLogImpl.java:isTransactionFailed(278)) - Got block deletion ACK from datanode, TXIDs=22, success=true
2021-08-14 14:05:29,095 [EventQueue-DeleteBlockStatusForDeletedBlockLogImpl] DEBUG block.DeletedBlockLogImpl (DeletedBlockLogImpl.java:commitTransactions(224)) - Transaction txId=22 commit by dnId=e5d3e9d3-1367-47eb-ad7f-372895a70f55 for containerID=#22 failed. Corresponding entry not found.
2021-08-14 14:05:29,095 [EventQueue-DeleteBlockStatusForDeletedBlockLogImpl] DEBUG block.DeletedBlockLogImpl (DeletedBlockLogImpl.java:isTransactionFailed(278)) - Got block deletion ACK from datanode, TXIDs=23, success=true
2021-08-14 14:05:29,095 [EventQueue-DeleteBlockStatusForDeletedBlockLogImpl] DEBUG block.DeletedBlockLogImpl (DeletedBlockLogImpl.java:commitTransactions(224)) - Transaction txId=23 commit by dnId=e5d3e9d3-1367-47eb-ad7f-372895a70f55 for containerID=#23 failed. Corresponding entry not found.
2021-08-14 14:05:29,095 [EventQueue-DeleteBlockStatusForDeletedBlockLogImpl] DEBUG block.DeletedBlockLogImpl (DeletedBlockLogImpl.java:isTransactionFailed(278)) - Got block deletion ACK from datanode, TXIDs=24, success=true
2021-08-14 14:05:29,095 [EventQueue-DeleteBlockStatusForDeletedBlockLogImpl] DEBUG block.DeletedBlockLogImpl (DeletedBlockLogImpl.java:commitTransactions(224)) - Transaction txId=24 commit by dnId=e5d3e9d3-1367-47eb-ad7f-372895a70f55 for containerID=#24 failed. Corresponding entry not found.
2021-08-14 14:05:29,095 [EventQueue-DeleteBlockStatusForDeletedBlockLogImpl] DEBUG block.DeletedBlockLogImpl (DeletedBlockLogImpl.java:isTransactionFailed(278)) - Got block deletion ACK from datanode, TXIDs=25, success=true
2021-08-14 14:05:29,095 [EventQueue-DeleteBlockStatusForDeletedBlockLogImpl] DEBUG block.DeletedBlockLogImpl (DeletedBlockLogImpl.java:commitTransactions(224)) - Transaction txId=25 commit by dnId=e5d3e9d3-1367-47eb-ad7f-372895a70f55 for containerID=#25 failed. Corresponding entry not found.
2021-08-14 14:05:29,095 [EventQueue-DeleteBlockStatusForDeletedBlockLogImpl] DEBUG block.DeletedBlockLogImpl (DeletedBlockLogImpl.java:isTransactionFailed(278)) - Got block deletion ACK from datanode, TXIDs=26, success=true
2021-08-14 14:05:29,095 [EventQueue-DeleteBlockStatusForDeletedBlockLogImpl] DEBUG block.DeletedBlockLogImpl (DeletedBlockLogImpl.java:commitTransactions(224)) - Transaction txId=26 commit by dnId=e5d3e9d3-1367-47eb-ad7f-372895a70f55 for containerID=#26 failed. Corresponding entry not found.
2021-08-14 14:05:29,095 [EventQueue-DeleteBlockStatusForDeletedBlockLogImpl] DEBUG block.DeletedBlockLogImpl (DeletedBlockLogImpl.java:isTransactionFailed(278)) - Got block deletion ACK from datanode, TXIDs=27, success=true
2021-08-14 14:05:29,095 [EventQueue-DeleteBlockStatusForDeletedBlockLogImpl] DEBUG block.DeletedBlockLogImpl (DeletedBlockLogImpl.java:commitTransactions(224)) - Transaction txId=27 commit by dnId=e5d3e9d3-1367-47eb-ad7f-372895a70f55 for containerID=#27 failed. Corresponding entry not found.
2021-08-14 14:05:29,095 [EventQueue-DeleteBlockStatusForDeletedBlockLogImpl] DEBUG block.DeletedBlockLogImpl (DeletedBlockLogImpl.java:isTransactionFailed(278)) - Got block deletion ACK from datanode, TXIDs=28, success=true
2021-08-14 14:05:29,097 [EventQueue-DeleteBlockStatusForDeletedBlockLogImpl] DEBUG block.DeletedBlockLogImpl (DeletedBlockLogImpl.java:commitTransactions(224)) - Transaction txId=28 commit by dnId=e5d3e9d3-1367-47eb-ad7f-372895a70f55 for containerID=#28 failed. Corresponding entry not found.
2021-08-14 14:05:29,097 [EventQueue-DeleteBlockStatusForDeletedBlockLogImpl] DEBUG block.DeletedBlockLogImpl (DeletedBlockLogImpl.java:isTransactionFailed(278)) - Got block deletion ACK from datanode, TXIDs=29, success=true
2021-08-14 14:05:29,097 [EventQueue-DeleteBlockStatusForDeletedBlockLogImpl] DEBUG block.DeletedBlockLogImpl (DeletedBlockLogImpl.java:commitTransactions(224)) - Transaction txId=29 commit by dnId=e5d3e9d3-1367-47eb-ad7f-372895a70f55 for containerID=#29 failed. Corresponding entry not found.
2021-08-14 14:05:29,097 [EventQueue-DeleteBlockStatusForDeletedBlockLogImpl] DEBUG block.DeletedBlockLogImpl (DeletedBlockLogImpl.java:isTransactionFailed(278)) - Got block deletion ACK from datanode, TXIDs=30, success=true
2021-08-14 14:05:29,097 [EventQueue-DeleteBlockStatusForDeletedBlockLogImpl] DEBUG block.DeletedBlockLogImpl (DeletedBlockLogImpl.java:commitTransactions(224)) - Transaction txId=30 commit by dnId=e5d3e9d3-1367-47eb-ad7f-372895a70f55 for containerID=#30 failed. Corresponding entry not found.
2021-08-14 14:05:29,097 [EventQueue-DeleteBlockStatusForDeletedBlockLogImpl] DEBUG block.DeletedBlockLogImpl (DeletedBlockLogImpl.java:isTransactionFailed(278)) - Got block deletion ACK from datanode, TXIDs=31, success=true
2021-08-14 14:05:29,097 [EventQueue-DeleteBlockStatusForDeletedBlockLogImpl] DEBUG block.DeletedBlockLogImpl (DeletedBlockLogImpl.java:commitTransactions(224)) - Transaction txId=31 commit by dnId=e5d3e9d3-1367-47eb-ad7f-372895a70f55 for containerID=#31 failed. Corresponding entry not found.
2021-08-14 14:05:29,097 [EventQueue-DeleteBlockStatusForDeletedBlockLogImpl] DEBUG block.DeletedBlockLogImpl (DeletedBlockLogImpl.java:isTransactionFailed(278)) - Got block deletion ACK from datanode, TXIDs=32, success=true
2021-08-14 14:05:29,097 [EventQueue-DeleteBlockStatusForDeletedBlockLogImpl] DEBUG block.DeletedBlockLogImpl (DeletedBlockLogImpl.java:commitTransactions(224)) - Transaction txId=32 commit by dnId=e5d3e9d3-1367-47eb-ad7f-372895a70f55 for containerID=#32 failed. Corresponding entry not found.
2021-08-14 14:05:29,097 [EventQueue-DeleteBlockStatusForDeletedBlockLogImpl] DEBUG block.DeletedBlockLogImpl (DeletedBlockLogImpl.java:isTransactionFailed(278)) - Got block deletion ACK from datanode, TXIDs=33, success=true
2021-08-14 14:05:29,097 [EventQueue-DeleteBlockStatusForDeletedBlockLogImpl] DEBUG block.DeletedBlockLogImpl (DeletedBlockLogImpl.java:commitTransactions(224)) - Transaction txId=33 commit by dnId=e5d3e9d3-1367-47eb-ad7f-372895a70f55 for containerID=#33 failed. Corresponding entry not found.
2021-08-14 14:05:29,097 [EventQueue-DeleteBlockStatusForDeletedBlockLogImpl] DEBUG block.DeletedBlockLogImpl (DeletedBlockLogImpl.java:isTransactionFailed(278)) - Got block deletion ACK from datanode, TXIDs=34, success=true
2021-08-14 14:05:29,097 [EventQueue-DeleteBlockStatusForDeletedBlockLogImpl] DEBUG block.DeletedBlockLogImpl (DeletedBlockLogImpl.java:commitTransactions(224)) - Transaction txId=34 commit by dnId=e5d3e9d3-1367-47eb-ad7f-372895a70f55 for containerID=#34 failed. Corresponding entry not found.
2021-08-14 14:05:29,097 [EventQueue-DeleteBlockStatusForDeletedBlockLogImpl] DEBUG block.DeletedBlockLogImpl (DeletedBlockLogImpl.java:isTransactionFailed(278)) - Got block deletion ACK from datanode, TXIDs=35, success=true
2021-08-14 14:05:29,097 [EventQueue-DeleteBlockStatusForDeletedBlockLogImpl] DEBUG block.DeletedBlockLogImpl (DeletedBlockLogImpl.java:commitTransactions(224)) - Transaction txId=35 commit by dnId=e5d3e9d3-1367-47eb-ad7f-372895a70f55 for containerID=#35 failed. Corresponding entry not found.
2021-08-14 14:05:29,098 [EventQueue-DeleteBlockStatusForDeletedBlockLogImpl] DEBUG block.DeletedBlockLogImpl (DeletedBlockLogImpl.java:isTransactionFailed(278)) - Got block deletion ACK from datanode, TXIDs=36, success=true
2021-08-14 14:05:29,098 [EventQueue-DeleteBlockStatusForDeletedBlockLogImpl] DEBUG block.DeletedBlockLogImpl (DeletedBlockLogImpl.java:commitTransactions(224)) - Transaction txId=36 commit by dnId=e5d3e9d3-1367-47eb-ad7f-372895a70f55 for containerID=#36 failed. Corresponding entry not found.
2021-08-14 14:05:29,098 [EventQueue-DeleteBlockStatusForDeletedBlockLogImpl] DEBUG block.DeletedBlockLogImpl (DeletedBlockLogImpl.java:isTransactionFailed(278)) - Got block deletion ACK from datanode, TXIDs=37, success=true
2021-08-14 14:05:29,098 [EventQueue-DeleteBlockStatusForDeletedBlockLogImpl] DEBUG block.DeletedBlockLogImpl (DeletedBlockLogImpl.java:commitTransactions(224)) - Transaction txId=37 commit by dnId=e5d3e9d3-1367-47eb-ad7f-372895a70f55 for containerID=#37 failed. Corresponding entry not found.
2021-08-14 14:05:29,098 [EventQueue-DeleteBlockStatusForDeletedBlockLogImpl] DEBUG block.DeletedBlockLogImpl (DeletedBlockLogImpl.java:isTransactionFailed(278)) - Got block deletion ACK from datanode, TXIDs=38, success=true
2021-08-14 14:05:29,098 [EventQueue-DeleteBlockStatusForDeletedBlockLogImpl] DEBUG block.DeletedBlockLogImpl (DeletedBlockLogImpl.java:commitTransactions(224)) - Transaction txId=38 commit by dnId=e5d3e9d3-1367-47eb-ad7f-372895a70f55 for containerID=#38 failed. Corresponding entry not found.
2021-08-14 14:05:29,098 [EventQueue-DeleteBlockStatusForDeletedBlockLogImpl] DEBUG block.DeletedBlockLogImpl (DeletedBlockLogImpl.java:isTransactionFailed(278)) - Got block deletion ACK from datanode, TXIDs=39, success=true
2021-08-14 14:05:29,098 [EventQueue-DeleteBlockStatusForDeletedBlockLogImpl] DEBUG block.DeletedBlockLogImpl (DeletedBlockLogImpl.java:commitTransactions(224)) - Transaction txId=39 commit by dnId=e5d3e9d3-1367-47eb-ad7f-372895a70f55 for containerID=#39 failed. Corresponding entry not found.
2021-08-14 14:05:29,098 [EventQueue-DeleteBlockStatusForDeletedBlockLogImpl] DEBUG block.DeletedBlockLogImpl (DeletedBlockLogImpl.java:isTransactionFailed(278)) - Got block deletion ACK from datanode, TXIDs=40, success=true
2021-08-14 14:05:29,098 [EventQueue-DeleteBlockStatusForDeletedBlockLogImpl] DEBUG block.DeletedBlockLogImpl (DeletedBlockLogImpl.java:commitTransactions(224)) - Transaction txId=40 commit by dnId=e5d3e9d3-1367-47eb-ad7f-372895a70f55 for containerID=#40 failed. Corresponding entry not found.
2021-08-14 14:05:29,098 [EventQueue-DeleteBlockStatusForDeletedBlockLogImpl] DEBUG block.DeletedBlockLogImpl (DeletedBlockLogImpl.java:isTransactionFailed(278)) - Got block deletion ACK from datanode, TXIDs=41, success=true
2021-08-14 14:05:29,098 [EventQueue-DeleteBlockStatusForDeletedBlockLogImpl] DEBUG block.DeletedBlockLogImpl (DeletedBlockLogImpl.java:commitTransactions(224)) - Transaction txId=41 commit by dnId=e5d3e9d3-1367-47eb-ad7f-372895a70f55 for containerID=#41 failed. Corresponding entry not found.
2021-08-14 14:05:29,098 [EventQueue-DeleteBlockStatusForDeletedBlockLogImpl] DEBUG block.DeletedBlockLogImpl (DeletedBlockLogImpl.java:isTransactionFailed(278)) - Got block deletion ACK from datanode, TXIDs=42, success=true
2021-08-14 14:05:29,098 [EventQueue-DeleteBlockStatusForDeletedBlockLogImpl] DEBUG block.DeletedBlockLogImpl (DeletedBlockLogImpl.java:commitTransactions(224)) - Transaction txId=42 commit by dnId=e5d3e9d3-1367-47eb-ad7f-372895a70f55 for containerID=#42 failed. Corresponding entry not found.
2021-08-14 14:05:29,098 [EventQueue-DeleteBlockStatusForDeletedBlockLogImpl] DEBUG block.DeletedBlockLogImpl (DeletedBlockLogImpl.java:isTransactionFailed(278)) - Got block deletion ACK from datanode, TXIDs=43, success=true
2021-08-14 14:05:29,098 [EventQueue-DeleteBlockStatusForDeletedBlockLogImpl] DEBUG block.DeletedBlockLogImpl (DeletedBlockLogImpl.java:commitTransactions(224)) - Transaction txId=43 commit by dnId=e5d3e9d3-1367-47eb-ad7f-372895a70f55 for containerID=#43 failed. Corresponding entry not found.
2021-08-14 14:05:29,098 [EventQueue-DeleteBlockStatusForDeletedBlockLogImpl] DEBUG block.DeletedBlockLogImpl (DeletedBlockLogImpl.java:isTransactionFailed(278)) - Got block deletion ACK from datanode, TXIDs=44, success=true
2021-08-14 14:05:29,098 [EventQueue-DeleteBlockStatusForDeletedBlockLogImpl] DEBUG block.DeletedBlockLogImpl (DeletedBlockLogImpl.java:commitTransactions(224)) - Transaction txId=44 commit by dnId=e5d3e9d3-1367-47eb-ad7f-372895a70f55 for containerID=#44 failed. Corresponding entry not found.
2021-08-14 14:05:29,098 [EventQueue-DeleteBlockStatusForDeletedBlockLogImpl] DEBUG block.DeletedBlockLogImpl (DeletedBlockLogImpl.java:isTransactionFailed(278)) - Got block deletion ACK from datanode, TXIDs=45, success=true
2021-08-14 14:05:29,098 [EventQueue-DeleteBlockStatusForDeletedBlockLogImpl] DEBUG block.DeletedBlockLogImpl (DeletedBlockLogImpl.java:commitTransactions(224)) - Transaction txId=45 commit by dnId=e5d3e9d3-1367-47eb-ad7f-372895a70f55 for containerID=#45 failed. Corresponding entry not found.
2021-08-14 14:05:29,098 [EventQueue-DeleteBlockStatusForDeletedBlockLogImpl] DEBUG block.DeletedBlockLogImpl (DeletedBlockLogImpl.java:isTransactionFailed(278)) - Got block deletion ACK from datanode, TXIDs=46, success=true
2021-08-14 14:05:29,098 [EventQueue-DeleteBlockStatusForDeletedBlockLogImpl] DEBUG block.DeletedBlockLogImpl (DeletedBlockLogImpl.java:commitTransactions(224)) - Transaction txId=46 commit by dnId=e5d3e9d3-1367-47eb-ad7f-372895a70f55 for containerID=#46 failed. Corresponding entry not found.
2021-08-14 14:05:29,098 [EventQueue-DeleteBlockStatusForDeletedBlockLogImpl] DEBUG block.DeletedBlockLogImpl (DeletedBlockLogImpl.java:isTransactionFailed(278)) - Got block deletion ACK from datanode, TXIDs=47, success=true
2021-08-14 14:05:29,098 [EventQueue-DeleteBlockStatusForDeletedBlockLogImpl] DEBUG block.DeletedBlockLogImpl (DeletedBlockLogImpl.java:commitTransactions(224)) - Transaction txId=47 commit by dnId=e5d3e9d3-1367-47eb-ad7f-372895a70f55 for containerID=#47 failed. Corresponding entry not found.
2021-08-14 14:05:29,098 [EventQueue-DeleteBlockStatusForDeletedBlockLogImpl] DEBUG block.DeletedBlockLogImpl (DeletedBlockLogImpl.java:isTransactionFailed(278)) - Got block deletion ACK from datanode, TXIDs=48, success=true
2021-08-14 14:05:29,098 [EventQueue-DeleteBlockStatusForDeletedBlockLogImpl] DEBUG block.DeletedBlockLogImpl (DeletedBlockLogImpl.java:commitTransactions(224)) - Transaction txId=48 commit by dnId=e5d3e9d3-1367-47eb-ad7f-372895a70f55 for containerID=#48 failed. Corresponding entry not found.
2021-08-14 14:05:29,098 [EventQueue-DeleteBlockStatusForDeletedBlockLogImpl] DEBUG block.DeletedBlockLogImpl (DeletedBlockLogImpl.java:isTransactionFailed(278)) - Got block deletion ACK from datanode, TXIDs=49, success=true
2021-08-14 14:05:29,098 [EventQueue-DeleteBlockStatusForDeletedBlockLogImpl] DEBUG block.DeletedBlockLogImpl (DeletedBlockLogImpl.java:commitTransactions(224)) - Transaction txId=49 commit by dnId=e5d3e9d3-1367-47eb-ad7f-372895a70f55 for containerID=#49 failed. Corresponding entry not found.
2021-08-14 14:05:29,098 [EventQueue-DeleteBlockStatusForDeletedBlockLogImpl] DEBUG block.DeletedBlockLogImpl (DeletedBlockLogImpl.java:isTransactionFailed(278)) - Got block deletion ACK from datanode, TXIDs=50, success=true
2021-08-14 14:05:29,098 [EventQueue-DeleteBlockStatusForDeletedBlockLogImpl] DEBUG block.DeletedBlockLogImpl (DeletedBlockLogImpl.java:commitTransactions(224)) - Transaction txId=50 commit by dnId=e5d3e9d3-1367-47eb-ad7f-372895a70f55 for containerID=#50 failed. Corresponding entry not found.
2021-08-14 14:05:29,098 [EventQueue-DeleteBlockStatusForDeletedBlockLogImpl] DEBUG block.DeletedBlockLogImpl (DeletedBlockLogImpl.java:isTransactionFailed(278)) - Got block deletion ACK from datanode, TXIDs=51, success=true
2021-08-14 14:05:29,098 [EventQueue-DeleteBlockStatusForDeletedBlockLogImpl] DEBUG block.DeletedBlockLogImpl (DeletedBlockLogImpl.java:commitTransactions(224)) - Transaction txId=51 commit by dnId=e5d3e9d3-1367-47eb-ad7f-372895a70f55 for containerID=#51 failed. Corresponding entry not found.
2021-08-14 14:05:29,098 [EventQueue-DeleteBlockStatusForDeletedBlockLogImpl] DEBUG block.DeletedBlockLogImpl (DeletedBlockLogImpl.java:isTransactionFailed(278)) - Got block deletion ACK from datanode, TXIDs=52, success=true
2021-08-14 14:05:29,098 [EventQueue-DeleteBlockStatusForDeletedBlockLogImpl] DEBUG block.DeletedBlockLogImpl (DeletedBlockLogImpl.java:commitTransactions(224)) - Transaction txId=52 commit by dnId=e5d3e9d3-1367-47eb-ad7f-372895a70f55 for containerID=#52 failed. Corresponding entry not found.
2021-08-14 14:05:29,098 [EventQueue-DeleteBlockStatusForDeletedBlockLogImpl] DEBUG block.DeletedBlockLogImpl (DeletedBlockLogImpl.java:isTransactionFailed(278)) - Got block deletion ACK from datanode, TXIDs=53, success=true
2021-08-14 14:05:29,098 [EventQueue-DeleteBlockStatusForDeletedBlockLogImpl] DEBUG block.DeletedBlockLogImpl (DeletedBlockLogImpl.java:commitTransactions(224)) - Transaction txId=53 commit by dnId=e5d3e9d3-1367-47eb-ad7f-372895a70f55 for containerID=#53 failed. Corresponding entry not found.
2021-08-14 14:05:29,098 [EventQueue-DeleteBlockStatusForDeletedBlockLogImpl] DEBUG block.DeletedBlockLogImpl (DeletedBlockLogImpl.java:isTransactionFailed(278)) - Got block deletion ACK from datanode, TXIDs=54, success=true
2021-08-14 14:05:29,099 [EventQueue-DeleteBlockStatusForDeletedBlockLogImpl] DEBUG block.DeletedBlockLogImpl (DeletedBlockLogImpl.java:commitTransactions(224)) - Transaction txId=54 commit by dnId=e5d3e9d3-1367-47eb-ad7f-372895a70f55 for containerID=#54 failed. Corresponding entry not found.
2021-08-14 14:05:29,099 [EventQueue-DeleteBlockStatusForDeletedBlockLogImpl] DEBUG block.DeletedBlockLogImpl (DeletedBlockLogImpl.java:isTransactionFailed(278)) - Got block deletion ACK from datanode, TXIDs=55, success=true
2021-08-14 14:05:29,099 [EventQueue-DeleteBlockStatusForDeletedBlockLogImpl] DEBUG block.DeletedBlockLogImpl (DeletedBlockLogImpl.java:commitTransactions(224)) - Transaction txId=55 commit by dnId=e5d3e9d3-1367-47eb-ad7f-372895a70f55 for containerID=#55 failed. Corresponding entry not found.
2021-08-14 14:05:29,099 [EventQueue-DeleteBlockStatusForDeletedBlockLogImpl] DEBUG block.DeletedBlockLogImpl (DeletedBlockLogImpl.java:isTransactionFailed(278)) - Got block deletion ACK from datanode, TXIDs=56, success=true
2021-08-14 14:05:29,099 [EventQueue-DeleteBlockStatusForDeletedBlockLogImpl] DEBUG block.DeletedBlockLogImpl (DeletedBlockLogImpl.java:commitTransactions(224)) - Transaction txId=56 commit by dnId=e5d3e9d3-1367-47eb-ad7f-372895a70f55 for containerID=#56 failed. Corresponding entry not found.
2021-08-14 14:05:29,188 [SCMBlockDeletingService#0] DEBUG block.SCMBlockDeletingService (SCMBlockDeletingService.java:call(133)) - Running DeletedBlockTransactionScanner
2021-08-14 14:05:29,288 [SCMBlockDeletingService#0] DEBUG block.SCMBlockDeletingService (SCMBlockDeletingService.java:call(133)) - Running DeletedBlockTransactionScanner
2021-08-14 14:05:29,328 [org.apache.hadoop.ozone.container.common.statemachine.commandhandler.DeleteBlocksCommandHandler$DeleteCmdWorker@40df07fc] INFO  commandhandler.DeleteBlocksCommandHandler (DeleteBlocksCommandHandler.java:processCmd(261)) - Start to delete container blocks, TXIDs=[1(0),2(0),3(0),4(0),5(0),6(0),7(0),8(0),9(0),10(0),11(0),12(0),13(0),14(0),15(0),16(0),17(0),18(0),19(0),20(0),21(0),22(0),23(0),24(0),25(0),26(0),27(0),28(0),29(0),30(0),31(0),32(0),33(0),34(0),35(0),36(0),37(0),38(0),39(0),40(0),41(0),42(0),43(0),44(0),45(0),46(0),47(0),48(0),49(0),50(0),51(0),52(0),53(0),54(0),55(0),56(0)], numOfContainers=56, numOfBlocks=56
2021-08-14 14:05:29,328 [org.apache.hadoop.ozone.container.common.statemachine.commandhandler.DeleteBlocksCommandHandler$DeleteCmdWorker@40df07fc] INFO  commandhandler.DeleteBlocksCommandHandler (DeleteBlocksCommandHandler.java:processCmd(261)) - Start to delete container blocks, TXIDs=[1(0),2(0),3(0),4(0),5(0),6(0),7(0),8(0),9(0),10(0),11(0),12(0),13(0),14(0),15(0),16(0),17(0),18(0),19(0),20(0),21(0),22(0),23(0),24(0),25(0),26(0),27(0),28(0),29(0),30(0),31(0),32(0),33(0),34(0),35(0),36(0),37(0),38(0),39(0),40(0),41(0),42(0),43(0),44(0),45(0),46(0),47(0),48(0),49(0),50(0),51(0),52(0),53(0),54(0),55(0),56(0)], numOfContainers=56, numOfBlocks=56
2021-08-14 14:05:29,328 [org.apache.hadoop.ozone.container.common.statemachine.commandhandler.DeleteBlocksCommandHandler$DeleteCmdWorker@40df07fc] INFO  commandhandler.DeleteBlocksCommandHandler (DeleteBlocksCommandHandler.java:processCmd(261)) - Start to delete container blocks, TXIDs=[1(0),2(0),3(0),4(0),5(0),6(0),7(0),8(0),9(0),10(0),11(0),12(0),13(0),14(0),15(0),16(0),17(0),18(0),19(0),20(0),21(0),22(0),23(0),24(0),25(0),26(0),27(0),28(0),29(0),30(0),31(0),32(0),33(0),34(0),35(0),36(0),37(0),38(0),39(0),40(0),41(0),42(0),43(0),44(0),45(0),46(0),47(0),48(0),49(0),50(0),51(0),52(0),53(0),54(0),55(0),56(0)], numOfContainers=56, numOfBlocks=56
2021-08-14 14:05:29,328 [org.apache.hadoop.ozone.container.common.statemachine.commandhandler.DeleteBlocksCommandHandler$DeleteCmdWorker@40df07fc] INFO  commandhandler.DeleteBlocksCommandHandler (DeleteBlocksCommandHandler.java:processCmd(261)) - Start to delete container blocks, TXIDs=[1(0),2(0),3(0),4(0),5(0),6(0),7(0),8(0),9(0),10(0),11(0),12(0),13(0),14(0),15(0),16(0),17(0),18(0),19(0),20(0),21(0),22(0),23(0),24(0),25(0),26(0),27(0),28(0),29(0),30(0),31(0),32(0),33(0),34(0),35(0),36(0),37(0),38(0),39(0),40(0),41(0),42(0),43(0),44(0),45(0),46(0),47(0),48(0),49(0),50(0),51(0),52(0),53(0),54(0),55(0),56(0)], numOfContainers=56, numOfBlocks=56
2021-08-14 14:05:29,329 [org.apache.hadoop.ozone.container.common.statemachine.commandhandler.DeleteBlocksCommandHandler$DeleteCmdWorker@40df07fc] INFO  commandhandler.DeleteBlocksCommandHandler (DeleteBlocksCommandHandler.java:processCmd(261)) - Start to delete container blocks, TXIDs=[1(0),2(0),3(0),4(0),5(0),6(0),7(0),8(0),9(0),10(0),11(0),12(0),13(0),14(0),15(0),16(0),17(0),18(0),19(0),20(0),21(0),22(0),23(0),24(0),25(0),26(0),27(0),28(0),29(0),30(0),31(0),32(0),33(0),34(0),35(0),36(0),37(0),38(0),39(0),40(0),41(0),42(0),43(0),44(0),45(0),46(0),47(0),48(0),49(0),50(0),51(0),52(0),53(0),54(0),55(0),56(0)], numOfContainers=56, numOfBlocks=56
2021-08-14 14:05:29,329 [org.apache.hadoop.ozone.container.common.statemachine.commandhandler.DeleteBlocksCommandHandler$DeleteCmdWorker@40df07fc] INFO  commandhandler.DeleteBlocksCommandHandler (DeleteBlocksCommandHandler.java:processCmd(261)) - Start to delete container blocks, TXIDs=[1(0),2(0),3(0),4(0),5(0),6(0),7(0),8(0),9(0),10(0),11(0),12(0),13(0),14(0),15(0),16(0),17(0),18(0),19(0),20(0),21(0),22(0),23(0),24(0),25(0),26(0),27(0),28(0),29(0),30(0),31(0),32(0),33(0),34(0),35(0),36(0),37(0),38(0),39(0),40(0),41(0),42(0),43(0),44(0),45(0),46(0),47(0),48(0),49(0),50(0),51(0),52(0),53(0),54(0),55(0),56(0)], numOfContainers=56, numOfBlocks=56
2021-08-14 14:05:29,331 [org.apache.hadoop.ozone.container.common.statemachine.commandhandler.DeleteBlocksCommandHandler$DeleteCmdWorker@40df07fc] INFO  commandhandler.DeleteBlocksCommandHandler (DeleteBlocksCommandHandler.java:processCmd(261)) - Start to delete container blocks, TXIDs=[1(0),2(0),3(0),4(0),5(0),6(0),7(0),8(0),9(0),10(0),11(0),12(0),13(0),14(0),15(0),16(0),17(0),18(0),19(0),20(0),21(0),22(0),23(0),24(0),25(0),26(0),27(0),28(0),29(0),30(0),31(0),32(0),33(0),34(0),35(0),36(0),37(0),38(0),39(0),40(0),41(0),42(0),43(0),44(0),45(0),46(0),47(0),48(0),49(0),50(0),51(0),52(0),53(0),54(0),55(0),56(0)], numOfContainers=56, numOfBlocks=56
2021-08-14 14:05:29,331 [org.apache.hadoop.ozone.container.common.statemachine.commandhandler.DeleteBlocksCommandHandler$DeleteCmdWorker@40df07fc] INFO  commandhandler.DeleteBlocksCommandHandler (DeleteBlocksCommandHandler.java:processCmd(261)) - Start to delete container blocks, TXIDs=[1(0),2(0),3(0),4(0),5(0),6(0),7(0),8(0),9(0),10(0),11(0),12(0),13(0),14(0),15(0),16(0),17(0),18(0),19(0),20(0),21(0),22(0),23(0),24(0),25(0),26(0),27(0),28(0),29(0),30(0),31(0),32(0),33(0),34(0),35(0),36(0),37(0),38(0),39(0),40(0),41(0),42(0),43(0),44(0),45(0),46(0),47(0),48(0),49(0),50(0),51(0),52(0),53(0),54(0),55(0),56(0)], numOfContainers=56, numOfBlocks=56
2021-08-14 14:05:29,335 [org.apache.hadoop.ozone.container.common.statemachine.commandhandler.DeleteBlocksCommandHandler$DeleteCmdWorker@40df07fc] INFO  commandhandler.DeleteBlocksCommandHandler (DeleteBlocksCommandHandler.java:processCmd(261)) - Start to delete container blocks, TXIDs=[1(0),2(0),3(0),4(0),5(0),6(0),7(0),8(0),9(0),10(0),11(0),12(0),13(0),14(0),15(0),16(0),17(0),18(0),19(0),20(0),21(0),22(0),23(0),24(0),25(0),26(0),27(0),28(0),29(0),30(0),31(0),32(0),33(0),34(0),35(0),36(0),37(0),38(0),39(0),40(0),41(0),42(0),43(0),44(0),45(0),46(0),47(0),48(0),49(0),50(0),51(0),52(0),53(0),54(0),55(0),56(0)], numOfContainers=56, numOfBlocks=56
2021-08-14 14:05:29,335 [org.apache.hadoop.ozone.container.common.statemachine.commandhandler.DeleteBlocksCommandHandler$DeleteCmdWorker@40df07fc] INFO  commandhandler.DeleteBlocksCommandHandler (DeleteBlocksCommandHandler.java:processCmd(261)) - Start to delete container blocks, TXIDs=[1(0),2(0),3(0),4(0),5(0),6(0),7(0),8(0),9(0),10(0),11(0),12(0),13(0),14(0),15(0),16(0),17(0),18(0),19(0),20(0),21(0),22(0),23(0),24(0),25(0),26(0),27(0),28(0),29(0),30(0),31(0),32(0),33(0),34(0),35(0),36(0),37(0),38(0),39(0),40(0),41(0),42(0),43(0),44(0),45(0),46(0),47(0),48(0),49(0),50(0),51(0),52(0),53(0),54(0),55(0),56(0)], numOfContainers=56, numOfBlocks=56
2021-08-14 14:05:29,335 [org.apache.hadoop.ozone.container.common.statemachine.commandhandler.DeleteBlocksCommandHandler$DeleteCmdWorker@40df07fc] INFO  commandhandler.DeleteBlocksCommandHandler (DeleteBlocksCommandHandler.java:processCmd(261)) - Start to delete container blocks, TXIDs=[1(0),2(0),3(0),4(0),5(0),6(0),7(0),8(0),9(0),10(0),11(0),12(0),13(0),14(0),15(0),16(0),17(0),18(0),19(0),20(0),21(0),22(0),23(0),24(0),25(0),26(0),27(0),28(0),29(0),30(0),31(0),32(0),33(0),34(0),35(0),36(0),37(0),38(0),39(0),40(0),41(0),42(0),43(0),44(0),45(0),46(0),47(0),48(0),49(0),50(0),51(0),52(0),53(0),54(0),55(0),56(0)], numOfContainers=56, numOfBlocks=56
2021-08-14 14:05:29,337 [org.apache.hadoop.ozone.container.common.statemachine.commandhandler.DeleteBlocksCommandHandler$DeleteCmdWorker@40df07fc] INFO  commandhandler.DeleteBlocksCommandHandler (DeleteBlocksCommandHandler.java:processCmd(261)) - Start to delete container blocks, TXIDs=[1(0),2(0),3(0),4(0),5(0),6(0),7(0),8(0),9(0),10(0),11(0),12(0),13(0),14(0),15(0),16(0),17(0),18(0),19(0),20(0),21(0),22(0),23(0),24(0),25(0),26(0),27(0),28(0),29(0),30(0),31(0),32(0),33(0),34(0),35(0),36(0),37(0),38(0),39(0),40(0),41(0),42(0),43(0),44(0),45(0),46(0),47(0),48(0),49(0),50(0),51(0),52(0),53(0),54(0),55(0),56(0)], numOfContainers=56, numOfBlocks=56
2021-08-14 14:05:29,337 [org.apache.hadoop.ozone.container.common.statemachine.commandhandler.DeleteBlocksCommandHandler$DeleteCmdWorker@40df07fc] INFO  commandhandler.DeleteBlocksCommandHandler (DeleteBlocksCommandHandler.java:processCmd(261)) - Start to delete container blocks, TXIDs=[1(0),2(0),3(0),4(0),5(0),6(0),7(0),8(0),9(0),10(0),11(0),12(0),13(0),14(0),15(0),16(0),17(0),18(0),19(0),20(0),21(0),22(0),23(0),24(0),25(0),26(0),27(0),28(0),29(0),30(0),31(0),32(0),33(0),34(0),35(0),36(0),37(0),38(0),39(0),40(0),41(0),42(0),43(0),44(0),45(0),46(0),47(0),48(0),49(0),50(0),51(0),52(0),53(0),54(0),55(0),56(0)], numOfContainers=56, numOfBlocks=56
2021-08-14 14:05:29,338 [org.apache.hadoop.ozone.container.common.statemachine.commandhandler.DeleteBlocksCommandHandler$DeleteCmdWorker@40df07fc] INFO  commandhandler.DeleteBlocksCommandHandler (DeleteBlocksCommandHandler.java:processCmd(261)) - Start to delete container blocks, TXIDs=[16(0),17(0),18(0),19(0),20(0),21(0),22(0),23(0),24(0),25(0),26(0),27(0),28(0),29(0),30(0),31(0),32(0),33(0),34(0),35(0),36(0),37(0),38(0),39(0),40(0),41(0),42(0),43(0),44(0),45(0),46(0),47(0),48(0),49(0),50(0),51(0),52(0),53(0),54(0),55(0),56(0)], numOfContainers=41, numOfBlocks=41
2021-08-14 14:05:29,388 [SCMBlockDeletingService#0] DEBUG block.SCMBlockDeletingService (SCMBlockDeletingService.java:call(133)) - Running DeletedBlockTransactionScanner
2021-08-14 14:05:29,488 [SCMBlockDeletingService#0] DEBUG block.SCMBlockDeletingService (SCMBlockDeletingService.java:call(133)) - Running DeletedBlockTransactionScanner
2021-08-14 14:05:29,589 [EventQueue-DeleteBlockStatusForDeletedBlockLogImpl] DEBUG block.DeletedBlockLogImpl (DeletedBlockLogImpl.java:isTransactionFailed(278)) - Got block deletion ACK from datanode, TXIDs=1, success=true
2021-08-14 14:05:29,595 [EventQueue-DeleteBlockStatusForDeletedBlockLogImpl] DEBUG block.DeletedBlockLogImpl (DeletedBlockLogImpl.java:commitTransactions(224)) - Transaction txId=1 commit by dnId=41bdc6fc-f730-460f-b2d8-92157d986a72 for containerID=#1 failed. Corresponding entry not found.
2021-08-14 14:05:29,595 [EventQueue-DeleteBlockStatusForDeletedBlockLogImpl] DEBUG block.DeletedBlockLogImpl (DeletedBlockLogImpl.java:isTransactionFailed(278)) - Got block deletion ACK from datanode, TXIDs=2, success=true
2021-08-14 14:05:29,595 [EventQueue-DeleteBlockStatusForDeletedBlockLogImpl] DEBUG block.DeletedBlockLogImpl (DeletedBlockLogImpl.java:commitTransactions(224)) - Transaction txId=2 commit by dnId=41bdc6fc-f730-460f-b2d8-92157d986a72 for containerID=#2 failed. Corresponding entry not found.
2021-08-14 14:05:29,595 [EventQueue-DeleteBlockStatusForDeletedBlockLogImpl] DEBUG block.DeletedBlockLogImpl (DeletedBlockLogImpl.java:isTransactionFailed(278)) - Got block deletion ACK from datanode, TXIDs=3, success=true
2021-08-14 14:05:29,595 [EventQueue-DeleteBlockStatusForDeletedBlockLogImpl] DEBUG block.DeletedBlockLogImpl (DeletedBlockLogImpl.java:commitTransactions(224)) - Transaction txId=3 commit by dnId=41bdc6fc-f730-460f-b2d8-92157d986a72 for containerID=#3 failed. Corresponding entry not found.
2021-08-14 14:05:29,595 [EventQueue-DeleteBlockStatusForDeletedBlockLogImpl] DEBUG block.DeletedBlockLogImpl (DeletedBlockLogImpl.java:isTransactionFailed(278)) - Got block deletion ACK from datanode, TXIDs=4, success=true
2021-08-14 14:05:29,595 [EventQueue-DeleteBlockStatusForDeletedBlockLogImpl] DEBUG block.DeletedBlockLogImpl (DeletedBlockLogImpl.java:commitTransactions(224)) - Transaction txId=4 commit by dnId=41bdc6fc-f730-460f-b2d8-92157d986a72 for containerID=#4 failed. Corresponding entry not found.
2021-08-14 14:05:29,595 [EventQueue-DeleteBlockStatusForDeletedBlockLogImpl] DEBUG block.DeletedBlockLogImpl (DeletedBlockLogImpl.java:isTransactionFailed(278)) - Got block deletion ACK from datanode, TXIDs=5, success=true
2021-08-14 14:05:29,595 [EventQueue-DeleteBlockStatusForDeletedBlockLogImpl] DEBUG block.DeletedBlockLogImpl (DeletedBlockLogImpl.java:commitTransactions(224)) - Transaction txId=5 commit by dnId=41bdc6fc-f730-460f-b2d8-92157d986a72 for containerID=#5 failed. Corresponding entry not found.
2021-08-14 14:05:29,595 [EventQueue-DeleteBlockStatusForDeletedBlockLogImpl] DEBUG block.DeletedBlockLogImpl (DeletedBlockLogImpl.java:isTransactionFailed(278)) - Got block deletion ACK from datanode, TXIDs=6, success=true
2021-08-14 14:05:29,595 [EventQueue-DeleteBlockStatusForDeletedBlockLogImpl] DEBUG block.DeletedBlockLogImpl (DeletedBlockLogImpl.java:commitTransactions(224)) - Transaction txId=6 commit by dnId=41bdc6fc-f730-460f-b2d8-92157d986a72 for containerID=#6 failed. Corresponding entry not found.
2021-08-14 14:05:29,595 [EventQueue-DeleteBlockStatusForDeletedBlockLogImpl] DEBUG block.DeletedBlockLogImpl (DeletedBlockLogImpl.java:isTransactionFailed(278)) - Got block deletion ACK from datanode, TXIDs=7, success=true
2021-08-14 14:05:29,595 [EventQueue-DeleteBlockStatusForDeletedBlockLogImpl] DEBUG block.DeletedBlockLogImpl (DeletedBlockLogImpl.java:commitTransactions(224)) - Transaction txId=7 commit by dnId=41bdc6fc-f730-460f-b2d8-92157d986a72 for containerID=#7 failed. Corresponding entry not found.
2021-08-14 14:05:29,595 [EventQueue-DeleteBlockStatusForDeletedBlockLogImpl] DEBUG block.DeletedBlockLogImpl (DeletedBlockLogImpl.java:isTransactionFailed(278)) - Got block deletion ACK from datanode, TXIDs=8, success=true
2021-08-14 14:05:29,595 [EventQueue-DeleteBlockStatusForDeletedBlockLogImpl] DEBUG block.DeletedBlockLogImpl (DeletedBlockLogImpl.java:commitTransactions(224)) - Transaction txId=8 commit by dnId=41bdc6fc-f730-460f-b2d8-92157d986a72 for containerID=#8 failed. Corresponding entry not found.
2021-08-14 14:05:29,595 [EventQueue-DeleteBlockStatusForDeletedBlockLogImpl] DEBUG block.DeletedBlockLogImpl (DeletedBlockLogImpl.java:isTransactionFailed(278)) - Got block deletion ACK from datanode, TXIDs=9, success=true
2021-08-14 14:05:29,595 [EventQueue-DeleteBlockStatusForDeletedBlockLogImpl] DEBUG block.DeletedBlockLogImpl (DeletedBlockLogImpl.java:commitTransactions(224)) - Transaction txId=9 commit by dnId=41bdc6fc-f730-460f-b2d8-92157d986a72 for containerID=#9 failed. Corresponding entry not found.
2021-08-14 14:05:29,595 [EventQueue-DeleteBlockStatusForDeletedBlockLogImpl] DEBUG block.DeletedBlockLogImpl (DeletedBlockLogImpl.java:isTransactionFailed(278)) - Got block deletion ACK from datanode, TXIDs=10, success=true
2021-08-14 14:05:29,595 [EventQueue-DeleteBlockStatusForDeletedBlockLogImpl] DEBUG block.DeletedBlockLogImpl (DeletedBlockLogImpl.java:commitTransactions(224)) - Transaction txId=10 commit by dnId=41bdc6fc-f730-460f-b2d8-92157d986a72 for containerID=#10 failed. Corresponding entry not found.
2021-08-14 14:05:29,595 [EventQueue-DeleteBlockStatusForDeletedBlockLogImpl] DEBUG block.DeletedBlockLogImpl (DeletedBlockLogImpl.java:isTransactionFailed(278)) - Got block deletion ACK from datanode, TXIDs=11, success=true
2021-08-14 14:05:29,596 [EventQueue-DeleteBlockStatusForDeletedBlockLogImpl] DEBUG block.DeletedBlockLogImpl (DeletedBlockLogImpl.java:commitTransactions(224)) - Transaction txId=11 commit by dnId=41bdc6fc-f730-460f-b2d8-92157d986a72 for containerID=#11 failed. Corresponding entry not found.
2021-08-14 14:05:29,596 [EventQueue-DeleteBlockStatusForDeletedBlockLogImpl] DEBUG block.DeletedBlockLogImpl (DeletedBlockLogImpl.java:isTransactionFailed(278)) - Got block deletion ACK from datanode, TXIDs=12, success=true
2021-08-14 14:05:29,596 [EventQueue-DeleteBlockStatusForDeletedBlockLogImpl] DEBUG block.DeletedBlockLogImpl (DeletedBlockLogImpl.java:commitTransactions(224)) - Transaction txId=12 commit by dnId=41bdc6fc-f730-460f-b2d8-92157d986a72 for containerID=#12 failed. Corresponding entry not found.
2021-08-14 14:05:29,596 [EventQueue-DeleteBlockStatusForDeletedBlockLogImpl] DEBUG block.DeletedBlockLogImpl (DeletedBlockLogImpl.java:isTransactionFailed(278)) - Got block deletion ACK from datanode, TXIDs=13, success=true
2021-08-14 14:05:29,596 [EventQueue-DeleteBlockStatusForDeletedBlockLogImpl] DEBUG block.DeletedBlockLogImpl (DeletedBlockLogImpl.java:commitTransactions(224)) - Transaction txId=13 commit by dnId=41bdc6fc-f730-460f-b2d8-92157d986a72 for containerID=#13 failed. Corresponding entry not found.
2021-08-14 14:05:29,596 [EventQueue-DeleteBlockStatusForDeletedBlockLogImpl] DEBUG block.DeletedBlockLogImpl (DeletedBlockLogImpl.java:isTransactionFailed(278)) - Got block deletion ACK from datanode, TXIDs=14, success=true
2021-08-14 14:05:29,596 [EventQueue-DeleteBlockStatusForDeletedBlockLogImpl] DEBUG block.DeletedBlockLogImpl (DeletedBlockLogImpl.java:commitTransactions(224)) - Transaction txId=14 commit by dnId=41bdc6fc-f730-460f-b2d8-92157d986a72 for containerID=#14 failed. Corresponding entry not found.
2021-08-14 14:05:29,596 [EventQueue-DeleteBlockStatusForDeletedBlockLogImpl] DEBUG block.DeletedBlockLogImpl (DeletedBlockLogImpl.java:isTransactionFailed(278)) - Got block deletion ACK from datanode, TXIDs=15, success=true
2021-08-14 14:05:29,596 [EventQueue-DeleteBlockStatusForDeletedBlockLogImpl] DEBUG block.DeletedBlockLogImpl (DeletedBlockLogImpl.java:commitTransactions(224)) - Transaction txId=15 commit by dnId=41bdc6fc-f730-460f-b2d8-92157d986a72 for containerID=#15 failed. Corresponding entry not found.
2021-08-14 14:05:29,596 [EventQueue-DeleteBlockStatusForDeletedBlockLogImpl] DEBUG block.DeletedBlockLogImpl (DeletedBlockLogImpl.java:isTransactionFailed(278)) - Got block deletion ACK from datanode, TXIDs=16, success=true
2021-08-14 14:05:29,596 [EventQueue-DeleteBlockStatusForDeletedBlockLogImpl] DEBUG block.DeletedBlockLogImpl (DeletedBlockLogImpl.java:commitTransactions(224)) - Transaction txId=16 commit by dnId=41bdc6fc-f730-460f-b2d8-92157d986a72 for containerID=#16 failed. Corresponding entry not found.
2021-08-14 14:05:29,596 [EventQueue-DeleteBlockStatusForDeletedBlockLogImpl] DEBUG block.DeletedBlockLogImpl (DeletedBlockLogImpl.java:isTransactionFailed(278)) - Got block deletion ACK from datanode, TXIDs=17, success=true
2021-08-14 14:05:29,596 [EventQueue-DeleteBlockStatusForDeletedBlockLogImpl] DEBUG block.DeletedBlockLogImpl (DeletedBlockLogImpl.java:commitTransactions(224)) - Transaction txId=17 commit by dnId=41bdc6fc-f730-460f-b2d8-92157d986a72 for containerID=#17 failed. Corresponding entry not found.
2021-08-14 14:05:29,596 [EventQueue-DeleteBlockStatusForDeletedBlockLogImpl] DEBUG block.DeletedBlockLogImpl (DeletedBlockLogImpl.java:isTransactionFailed(278)) - Got block deletion ACK from datanode, TXIDs=18, success=true
2021-08-14 14:05:29,596 [EventQueue-DeleteBlockStatusForDeletedBlockLogImpl] DEBUG block.DeletedBlockLogImpl (DeletedBlockLogImpl.java:commitTransactions(224)) - Transaction txId=18 commit by dnId=41bdc6fc-f730-460f-b2d8-92157d986a72 for containerID=#18 failed. Corresponding entry not found.
2021-08-14 14:05:29,596 [EventQueue-DeleteBlockStatusForDeletedBlockLogImpl] DEBUG block.DeletedBlockLogImpl (DeletedBlockLogImpl.java:isTransactionFailed(278)) - Got block deletion ACK from datanode, TXIDs=19, success=true
2021-08-14 14:05:29,596 [EventQueue-DeleteBlockStatusForDeletedBlockLogImpl] DEBUG block.DeletedBlockLogImpl (DeletedBlockLogImpl.java:commitTransactions(224)) - Transaction txId=19 commit by dnId=41bdc6fc-f730-460f-b2d8-92157d986a72 for containerID=#19 failed. Corresponding entry not found.
2021-08-14 14:05:29,596 [EventQueue-DeleteBlockStatusForDeletedBlockLogImpl] DEBUG block.DeletedBlockLogImpl (DeletedBlockLogImpl.java:isTransactionFailed(278)) - Got block deletion ACK from datanode, TXIDs=20, success=true
2021-08-14 14:05:29,596 [EventQueue-DeleteBlockStatusForDeletedBlockLogImpl] DEBUG block.DeletedBlockLogImpl (DeletedBlockLogImpl.java:commitTransactions(224)) - Transaction txId=20 commit by dnId=41bdc6fc-f730-460f-b2d8-92157d986a72 for containerID=#20 failed. Corresponding entry not found.
2021-08-14 14:05:29,596 [EventQueue-DeleteBlockStatusForDeletedBlockLogImpl] DEBUG block.DeletedBlockLogImpl (DeletedBlockLogImpl.java:isTransactionFailed(278)) - Got block deletion ACK from datanode, TXIDs=21, success=true
2021-08-14 14:05:29,596 [EventQueue-DeleteBlockStatusForDeletedBlockLogImpl] DEBUG block.DeletedBlockLogImpl (DeletedBlockLogImpl.java:commitTransactions(224)) - Transaction txId=21 commit by dnId=41bdc6fc-f730-460f-b2d8-92157d986a72 for containerID=#21 failed. Corresponding entry not found.
2021-08-14 14:05:29,596 [EventQueue-DeleteBlockStatusForDeletedBlockLogImpl] DEBUG block.DeletedBlockLogImpl (DeletedBlockLogImpl.java:isTransactionFailed(278)) - Got block deletion ACK from datanode, TXIDs=22, success=true
2021-08-14 14:05:29,596 [EventQueue-DeleteBlockStatusForDeletedBlockLogImpl] DEBUG block.DeletedBlockLogImpl (DeletedBlockLogImpl.java:commitTransactions(224)) - Transaction txId=22 commit by dnId=41bdc6fc-f730-460f-b2d8-92157d986a72 for containerID=#22 failed. Corresponding entry not found.
2021-08-14 14:05:29,596 [EventQueue-DeleteBlockStatusForDeletedBlockLogImpl] DEBUG block.DeletedBlockLogImpl (DeletedBlockLogImpl.java:isTransactionFailed(278)) - Got block deletion ACK from datanode, TXIDs=23, success=true
2021-08-14 14:05:29,596 [EventQueue-DeleteBlockStatusForDeletedBlockLogImpl] DEBUG block.DeletedBlockLogImpl (DeletedBlockLogImpl.java:commitTransactions(224)) - Transaction txId=23 commit by dnId=41bdc6fc-f730-460f-b2d8-92157d986a72 for containerID=#23 failed. Corresponding entry not found.
2021-08-14 14:05:29,596 [EventQueue-DeleteBlockStatusForDeletedBlockLogImpl] DEBUG block.DeletedBlockLogImpl (DeletedBlockLogImpl.java:isTransactionFailed(278)) - Got block deletion ACK from datanode, TXIDs=24, success=true
2021-08-14 14:05:29,596 [EventQueue-DeleteBlockStatusForDeletedBlockLogImpl] DEBUG block.DeletedBlockLogImpl (DeletedBlockLogImpl.java:commitTransactions(224)) - Transaction txId=24 commit by dnId=41bdc6fc-f730-460f-b2d8-92157d986a72 for containerID=#24 failed. Corresponding entry not found.
2021-08-14 14:05:29,596 [EventQueue-DeleteBlockStatusForDeletedBlockLogImpl] DEBUG block.DeletedBlockLogImpl (DeletedBlockLogImpl.java:isTransactionFailed(278)) - Got block deletion ACK from datanode, TXIDs=25, success=true
2021-08-14 14:05:29,596 [EventQueue-DeleteBlockStatusForDeletedBlockLogImpl] DEBUG block.DeletedBlockLogImpl (DeletedBlockLogImpl.java:commitTransactions(224)) - Transaction txId=25 commit by dnId=41bdc6fc-f730-460f-b2d8-92157d986a72 for containerID=#25 failed. Corresponding entry not found.
2021-08-14 14:05:29,596 [EventQueue-DeleteBlockStatusForDeletedBlockLogImpl] DEBUG block.DeletedBlockLogImpl (DeletedBlockLogImpl.java:isTransactionFailed(278)) - Got block deletion ACK from datanode, TXIDs=26, success=true
2021-08-14 14:05:29,596 [EventQueue-DeleteBlockStatusForDeletedBlockLogImpl] DEBUG block.DeletedBlockLogImpl (DeletedBlockLogImpl.java:commitTransactions(224)) - Transaction txId=26 commit by dnId=41bdc6fc-f730-460f-b2d8-92157d986a72 for containerID=#26 failed. Corresponding entry not found.
2021-08-14 14:05:29,596 [EventQueue-DeleteBlockStatusForDeletedBlockLogImpl] DEBUG block.DeletedBlockLogImpl (DeletedBlockLogImpl.java:isTransactionFailed(278)) - Got block deletion ACK from datanode, TXIDs=27, success=true
2021-08-14 14:05:29,596 [EventQueue-DeleteBlockStatusForDeletedBlockLogImpl] DEBUG block.DeletedBlockLogImpl (DeletedBlockLogImpl.java:commitTransactions(224)) - Transaction txId=27 commit by dnId=41bdc6fc-f730-460f-b2d8-92157d986a72 for containerID=#27 failed. Corresponding entry not found.
2021-08-14 14:05:29,596 [EventQueue-DeleteBlockStatusForDeletedBlockLogImpl] DEBUG block.DeletedBlockLogImpl (DeletedBlockLogImpl.java:isTransactionFailed(278)) - Got block deletion ACK from datanode, TXIDs=28, success=true
2021-08-14 14:05:29,596 [EventQueue-DeleteBlockStatusForDeletedBlockLogImpl] DEBUG block.DeletedBlockLogImpl (DeletedBlockLogImpl.java:commitTransactions(224)) - Transaction txId=28 commit by dnId=41bdc6fc-f730-460f-b2d8-92157d986a72 for containerID=#28 failed. Corresponding entry not found.
2021-08-14 14:05:29,596 [EventQueue-DeleteBlockStatusForDeletedBlockLogImpl] DEBUG block.DeletedBlockLogImpl (DeletedBlockLogImpl.java:isTransactionFailed(278)) - Got block deletion ACK from datanode, TXIDs=29, success=true
2021-08-14 14:05:29,596 [EventQueue-DeleteBlockStatusForDeletedBlockLogImpl] DEBUG block.DeletedBlockLogImpl (DeletedBlockLogImpl.java:commitTransactions(224)) - Transaction txId=29 commit by dnId=41bdc6fc-f730-460f-b2d8-92157d986a72 for containerID=#29 failed. Corresponding entry not found.
2021-08-14 14:05:29,597 [EventQueue-DeleteBlockStatusForDeletedBlockLogImpl] DEBUG block.DeletedBlockLogImpl (DeletedBlockLogImpl.java:isTransactionFailed(278)) - Got block deletion ACK from datanode, TXIDs=30, success=true
2021-08-14 14:05:29,597 [EventQueue-DeleteBlockStatusForDeletedBlockLogImpl] DEBUG block.DeletedBlockLogImpl (DeletedBlockLogImpl.java:commitTransactions(224)) - Transaction txId=30 commit by dnId=41bdc6fc-f730-460f-b2d8-92157d986a72 for containerID=#30 failed. Corresponding entry not found.
2021-08-14 14:05:29,597 [EventQueue-DeleteBlockStatusForDeletedBlockLogImpl] DEBUG block.DeletedBlockLogImpl (DeletedBlockLogImpl.java:isTransactionFailed(278)) - Got block deletion ACK from datanode, TXIDs=31, success=true
2021-08-14 14:05:29,597 [EventQueue-DeleteBlockStatusForDeletedBlockLogImpl] DEBUG block.DeletedBlockLogImpl (DeletedBlockLogImpl.java:commitTransactions(224)) - Transaction txId=31 commit by dnId=41bdc6fc-f730-460f-b2d8-92157d986a72 for containerID=#31 failed. Corresponding entry not found.
2021-08-14 14:05:29,597 [EventQueue-DeleteBlockStatusForDeletedBlockLogImpl] DEBUG block.DeletedBlockLogImpl (DeletedBlockLogImpl.java:isTransactionFailed(278)) - Got block deletion ACK from datanode, TXIDs=32, success=true
2021-08-14 14:05:29,597 [EventQueue-DeleteBlockStatusForDeletedBlockLogImpl] DEBUG block.DeletedBlockLogImpl (DeletedBlockLogImpl.java:commitTransactions(224)) - Transaction txId=32 commit by dnId=41bdc6fc-f730-460f-b2d8-92157d986a72 for containerID=#32 failed. Corresponding entry not found.
2021-08-14 14:05:29,597 [EventQueue-DeleteBlockStatusForDeletedBlockLogImpl] DEBUG block.DeletedBlockLogImpl (DeletedBlockLogImpl.java:isTransactionFailed(278)) - Got block deletion ACK from datanode, TXIDs=33, success=true
2021-08-14 14:05:29,597 [EventQueue-DeleteBlockStatusForDeletedBlockLogImpl] DEBUG block.DeletedBlockLogImpl (DeletedBlockLogImpl.java:commitTransactions(224)) - Transaction txId=33 commit by dnId=41bdc6fc-f730-460f-b2d8-92157d986a72 for containerID=#33 failed. Corresponding entry not found.
2021-08-14 14:05:29,597 [EventQueue-DeleteBlockStatusForDeletedBlockLogImpl] DEBUG block.DeletedBlockLogImpl (DeletedBlockLogImpl.java:isTransactionFailed(278)) - Got block deletion ACK from datanode, TXIDs=34, success=true
2021-08-14 14:05:29,597 [EventQueue-DeleteBlockStatusForDeletedBlockLogImpl] DEBUG block.DeletedBlockLogImpl (DeletedBlockLogImpl.java:commitTransactions(224)) - Transaction txId=34 commit by dnId=41bdc6fc-f730-460f-b2d8-92157d986a72 for containerID=#34 failed. Corresponding entry not found.
2021-08-14 14:05:29,597 [EventQueue-DeleteBlockStatusForDeletedBlockLogImpl] DEBUG block.DeletedBlockLogImpl (DeletedBlockLogImpl.java:isTransactionFailed(278)) - Got block deletion ACK from datanode, TXIDs=35, success=true
2021-08-14 14:05:29,597 [EventQueue-DeleteBlockStatusForDeletedBlockLogImpl] DEBUG block.DeletedBlockLogImpl (DeletedBlockLogImpl.java:commitTransactions(224)) - Transaction txId=35 commit by dnId=41bdc6fc-f730-460f-b2d8-92157d986a72 for containerID=#35 failed. Corresponding entry not found.
2021-08-14 14:05:29,597 [EventQueue-DeleteBlockStatusForDeletedBlockLogImpl] DEBUG block.DeletedBlockLogImpl (DeletedBlockLogImpl.java:isTransactionFailed(278)) - Got block deletion ACK from datanode, TXIDs=36, success=true
2021-08-14 14:05:29,597 [EventQueue-DeleteBlockStatusForDeletedBlockLogImpl] DEBUG block.DeletedBlockLogImpl (DeletedBlockLogImpl.java:commitTransactions(224)) - Transaction txId=36 commit by dnId=41bdc6fc-f730-460f-b2d8-92157d986a72 for containerID=#36 failed. Corresponding entry not found.
2021-08-14 14:05:29,597 [EventQueue-DeleteBlockStatusForDeletedBlockLogImpl] DEBUG block.DeletedBlockLogImpl (DeletedBlockLogImpl.java:isTransactionFailed(278)) - Got block deletion ACK from datanode, TXIDs=37, success=true
2021-08-14 14:05:29,597 [EventQueue-DeleteBlockStatusForDeletedBlockLogImpl] DEBUG block.DeletedBlockLogImpl (DeletedBlockLogImpl.java:commitTransactions(224)) - Transaction txId=37 commit by dnId=41bdc6fc-f730-460f-b2d8-92157d986a72 for containerID=#37 failed. Corresponding entry not found.
2021-08-14 14:05:29,597 [EventQueue-DeleteBlockStatusForDeletedBlockLogImpl] DEBUG block.DeletedBlockLogImpl (DeletedBlockLogImpl.java:isTransactionFailed(278)) - Got block deletion ACK from datanode, TXIDs=38, success=true
2021-08-14 14:05:29,597 [EventQueue-DeleteBlockStatusForDeletedBlockLogImpl] DEBUG block.DeletedBlockLogImpl (DeletedBlockLogImpl.java:commitTransactions(224)) - Transaction txId=38 commit by dnId=41bdc6fc-f730-460f-b2d8-92157d986a72 for containerID=#38 failed. Corresponding entry not found.
2021-08-14 14:05:29,597 [EventQueue-DeleteBlockStatusForDeletedBlockLogImpl] DEBUG block.DeletedBlockLogImpl (DeletedBlockLogImpl.java:isTransactionFailed(278)) - Got block deletion ACK from datanode, TXIDs=39, success=true
2021-08-14 14:05:29,597 [EventQueue-DeleteBlockStatusForDeletedBlockLogImpl] DEBUG block.DeletedBlockLogImpl (DeletedBlockLogImpl.java:commitTransactions(224)) - Transaction txId=39 commit by dnId=41bdc6fc-f730-460f-b2d8-92157d986a72 for containerID=#39 failed. Corresponding entry not found.
2021-08-14 14:05:29,597 [EventQueue-DeleteBlockStatusForDeletedBlockLogImpl] DEBUG block.DeletedBlockLogImpl (DeletedBlockLogImpl.java:isTransactionFailed(278)) - Got block deletion ACK from datanode, TXIDs=40, success=true
2021-08-14 14:05:29,597 [EventQueue-DeleteBlockStatusForDeletedBlockLogImpl] DEBUG block.DeletedBlockLogImpl (DeletedBlockLogImpl.java:commitTransactions(224)) - Transaction txId=40 commit by dnId=41bdc6fc-f730-460f-b2d8-92157d986a72 for containerID=#40 failed. Corresponding entry not found.
2021-08-14 14:05:29,597 [EventQueue-DeleteBlockStatusForDeletedBlockLogImpl] DEBUG block.DeletedBlockLogImpl (DeletedBlockLogImpl.java:isTransactionFailed(278)) - Got block deletion ACK from datanode, TXIDs=41, success=true
2021-08-14 14:05:29,597 [EventQueue-DeleteBlockStatusForDeletedBlockLogImpl] DEBUG block.DeletedBlockLogImpl (DeletedBlockLogImpl.java:commitTransactions(224)) - Transaction txId=41 commit by dnId=41bdc6fc-f730-460f-b2d8-92157d986a72 for containerID=#41 failed. Corresponding entry not found.
2021-08-14 14:05:29,597 [EventQueue-DeleteBlockStatusForDeletedBlockLogImpl] DEBUG block.DeletedBlockLogImpl (DeletedBlockLogImpl.java:isTransactionFailed(278)) - Got block deletion ACK from datanode, TXIDs=42, success=true
2021-08-14 14:05:29,597 [EventQueue-DeleteBlockStatusForDeletedBlockLogImpl] DEBUG block.DeletedBlockLogImpl (DeletedBlockLogImpl.java:commitTransactions(224)) - Transaction txId=42 commit by dnId=41bdc6fc-f730-460f-b2d8-92157d986a72 for containerID=#42 failed. Corresponding entry not found.
2021-08-14 14:05:29,597 [EventQueue-DeleteBlockStatusForDeletedBlockLogImpl] DEBUG block.DeletedBlockLogImpl (DeletedBlockLogImpl.java:isTransactionFailed(278)) - Got block deletion ACK from datanode, TXIDs=43, success=true
2021-08-14 14:05:29,597 [EventQueue-DeleteBlockStatusForDeletedBlockLogImpl] DEBUG block.DeletedBlockLogImpl (DeletedBlockLogImpl.java:commitTransactions(224)) - Transaction txId=43 commit by dnId=41bdc6fc-f730-460f-b2d8-92157d986a72 for containerID=#43 failed. Corresponding entry not found.
2021-08-14 14:05:29,597 [EventQueue-DeleteBlockStatusForDeletedBlockLogImpl] DEBUG block.DeletedBlockLogImpl (DeletedBlockLogImpl.java:isTransactionFailed(278)) - Got block deletion ACK from datanode, TXIDs=44, success=true
2021-08-14 14:05:29,597 [EventQueue-DeleteBlockStatusForDeletedBlockLogImpl] DEBUG block.DeletedBlockLogImpl (DeletedBlockLogImpl.java:commitTransactions(224)) - Transaction txId=44 commit by dnId=41bdc6fc-f730-460f-b2d8-92157d986a72 for containerID=#44 failed. Corresponding entry not found.
2021-08-14 14:05:29,597 [EventQueue-DeleteBlockStatusForDeletedBlockLogImpl] DEBUG block.DeletedBlockLogImpl (DeletedBlockLogImpl.java:isTransactionFailed(278)) - Got block deletion ACK from datanode, TXIDs=45, success=true
2021-08-14 14:05:29,597 [EventQueue-DeleteBlockStatusForDeletedBlockLogImpl] DEBUG block.DeletedBlockLogImpl (DeletedBlockLogImpl.java:commitTransactions(224)) - Transaction txId=45 commit by dnId=41bdc6fc-f730-460f-b2d8-92157d986a72 for containerID=#45 failed. Corresponding entry not found.
2021-08-14 14:05:29,597 [EventQueue-DeleteBlockStatusForDeletedBlockLogImpl] DEBUG block.DeletedBlockLogImpl (DeletedBlockLogImpl.java:isTransactionFailed(278)) - Got block deletion ACK from datanode, TXIDs=46, success=true
2021-08-14 14:05:29,597 [EventQueue-DeleteBlockStatusForDeletedBlockLogImpl] DEBUG block.DeletedBlockLogImpl (DeletedBlockLogImpl.java:commitTransactions(224)) - Transaction txId=46 commit by dnId=41bdc6fc-f730-460f-b2d8-92157d986a72 for containerID=#46 failed. Corresponding entry not found.
2021-08-14 14:05:29,597 [EventQueue-DeleteBlockStatusForDeletedBlockLogImpl] DEBUG block.DeletedBlockLogImpl (DeletedBlockLogImpl.java:isTransactionFailed(278)) - Got block deletion ACK from datanode, TXIDs=47, success=true
2021-08-14 14:05:29,597 [EventQueue-DeleteBlockStatusForDeletedBlockLogImpl] DEBUG block.DeletedBlockLogImpl (DeletedBlockLogImpl.java:commitTransactions(224)) - Transaction txId=47 commit by dnId=41bdc6fc-f730-460f-b2d8-92157d986a72 for containerID=#47 failed. Corresponding entry not found.
2021-08-14 14:05:29,597 [EventQueue-DeleteBlockStatusForDeletedBlockLogImpl] DEBUG block.DeletedBlockLogImpl (DeletedBlockLogImpl.java:isTransactionFailed(278)) - Got block deletion ACK from datanode, TXIDs=48, success=true
2021-08-14 14:05:29,597 [EventQueue-DeleteBlockStatusForDeletedBlockLogImpl] DEBUG block.DeletedBlockLogImpl (DeletedBlockLogImpl.java:commitTransactions(224)) - Transaction txId=48 commit by dnId=41bdc6fc-f730-460f-b2d8-92157d986a72 for containerID=#48 failed. Corresponding entry not found.
2021-08-14 14:05:29,597 [EventQueue-DeleteBlockStatusForDeletedBlockLogImpl] DEBUG block.DeletedBlockLogImpl (DeletedBlockLogImpl.java:isTransactionFailed(278)) - Got block deletion ACK from datanode, TXIDs=49, success=true
2021-08-14 14:05:29,597 [EventQueue-DeleteBlockStatusForDeletedBlockLogImpl] DEBUG block.DeletedBlockLogImpl (DeletedBlockLogImpl.java:commitTransactions(224)) - Transaction txId=49 commit by dnId=41bdc6fc-f730-460f-b2d8-92157d986a72 for containerID=#49 failed. Corresponding entry not found.
2021-08-14 14:05:29,598 [EventQueue-DeleteBlockStatusForDeletedBlockLogImpl] DEBUG block.DeletedBlockLogImpl (DeletedBlockLogImpl.java:isTransactionFailed(278)) - Got block deletion ACK from datanode, TXIDs=50, success=true
2021-08-14 14:05:29,598 [EventQueue-DeleteBlockStatusForDeletedBlockLogImpl] DEBUG block.DeletedBlockLogImpl (DeletedBlockLogImpl.java:commitTransactions(224)) - Transaction txId=50 commit by dnId=41bdc6fc-f730-460f-b2d8-92157d986a72 for containerID=#50 failed. Corresponding entry not found.
2021-08-14 14:05:29,598 [EventQueue-DeleteBlockStatusForDeletedBlockLogImpl] DEBUG block.DeletedBlockLogImpl (DeletedBlockLogImpl.java:isTransactionFailed(278)) - Got block deletion ACK from datanode, TXIDs=51, success=true
2021-08-14 14:05:29,598 [EventQueue-DeleteBlockStatusForDeletedBlockLogImpl] DEBUG block.DeletedBlockLogImpl (DeletedBlockLogImpl.java:commitTransactions(224)) - Transaction txId=51 commit by dnId=41bdc6fc-f730-460f-b2d8-92157d986a72 for containerID=#51 failed. Corresponding entry not found.
2021-08-14 14:05:29,598 [EventQueue-DeleteBlockStatusForDeletedBlockLogImpl] DEBUG block.DeletedBlockLogImpl (DeletedBlockLogImpl.java:isTransactionFailed(278)) - Got block deletion ACK from datanode, TXIDs=52, success=true
2021-08-14 14:05:29,598 [EventQueue-DeleteBlockStatusForDeletedBlockLogImpl] DEBUG block.DeletedBlockLogImpl (DeletedBlockLogImpl.java:commitTransactions(224)) - Transaction txId=52 commit by dnId=41bdc6fc-f730-460f-b2d8-92157d986a72 for containerID=#52 failed. Corresponding entry not found.
2021-08-14 14:05:29,598 [EventQueue-DeleteBlockStatusForDeletedBlockLogImpl] DEBUG block.DeletedBlockLogImpl (DeletedBlockLogImpl.java:isTransactionFailed(278)) - Got block deletion ACK from datanode, TXIDs=53, success=true
2021-08-14 14:05:29,589 [SCMBlockDeletingService#0] DEBUG block.SCMBlockDeletingService (SCMBlockDeletingService.java:call(133)) - Running DeletedBlockTransactionScanner
2021-08-14 14:05:29,598 [EventQueue-DeleteBlockStatusForDeletedBlockLogImpl] DEBUG block.DeletedBlockLogImpl (DeletedBlockLogImpl.java:commitTransactions(224)) - Transaction txId=53 commit by dnId=41bdc6fc-f730-460f-b2d8-92157d986a72 for containerID=#53 failed. Corresponding entry not found.
2021-08-14 14:05:29,598 [EventQueue-DeleteBlockStatusForDeletedBlockLogImpl] DEBUG block.DeletedBlockLogImpl (DeletedBlockLogImpl.java:isTransactionFailed(278)) - Got block deletion ACK from datanode, TXIDs=54, success=true
2021-08-14 14:05:29,598 [EventQueue-DeleteBlockStatusForDeletedBlockLogImpl] DEBUG block.DeletedBlockLogImpl (DeletedBlockLogImpl.java:commitTransactions(224)) - Transaction txId=54 commit by dnId=41bdc6fc-f730-460f-b2d8-92157d986a72 for containerID=#54 failed. Corresponding entry not found.
2021-08-14 14:05:29,598 [EventQueue-DeleteBlockStatusForDeletedBlockLogImpl] DEBUG block.DeletedBlockLogImpl (DeletedBlockLogImpl.java:isTransactionFailed(278)) - Got block deletion ACK from datanode, TXIDs=55, success=true
2021-08-14 14:05:29,598 [EventQueue-DeleteBlockStatusForDeletedBlockLogImpl] DEBUG block.DeletedBlockLogImpl (DeletedBlockLogImpl.java:commitTransactions(224)) - Transaction txId=55 commit by dnId=41bdc6fc-f730-460f-b2d8-92157d986a72 for containerID=#55 failed. Corresponding entry not found.
2021-08-14 14:05:29,598 [EventQueue-DeleteBlockStatusForDeletedBlockLogImpl] DEBUG block.DeletedBlockLogImpl (DeletedBlockLogImpl.java:isTransactionFailed(278)) - Got block deletion ACK from datanode, TXIDs=56, success=true
2021-08-14 14:05:29,598 [EventQueue-DeleteBlockStatusForDeletedBlockLogImpl] DEBUG block.DeletedBlockLogImpl (DeletedBlockLogImpl.java:commitTransactions(224)) - Transaction txId=56 commit by dnId=41bdc6fc-f730-460f-b2d8-92157d986a72 for containerID=#56 failed. Corresponding entry not found.
2021-08-14 14:05:29,598 [EventQueue-DeleteBlockStatusForDeletedBlockLogImpl] DEBUG block.DeletedBlockLogImpl (DeletedBlockLogImpl.java:isTransactionFailed(278)) - Got block deletion ACK from datanode, TXIDs=1, success=true
2021-08-14 14:05:29,598 [EventQueue-DeleteBlockStatusForDeletedBlockLogImpl] DEBUG block.DeletedBlockLogImpl (DeletedBlockLogImpl.java:commitTransactions(224)) - Transaction txId=1 commit by dnId=41bdc6fc-f730-460f-b2d8-92157d986a72 for containerID=#1 failed. Corresponding entry not found.
2021-08-14 14:05:29,598 [EventQueue-DeleteBlockStatusForDeletedBlockLogImpl] DEBUG block.DeletedBlockLogImpl (DeletedBlockLogImpl.java:isTransactionFailed(278)) - Got block deletion ACK from datanode, TXIDs=2, success=true
2021-08-14 14:05:29,598 [EventQueue-DeleteBlockStatusForDeletedBlockLogImpl] DEBUG block.DeletedBlockLogImpl (DeletedBlockLogImpl.java:commitTransactions(224)) - Transaction txId=2 commit by dnId=41bdc6fc-f730-460f-b2d8-92157d986a72 for containerID=#2 failed. Corresponding entry not found.
2021-08-14 14:05:29,598 [EventQueue-DeleteBlockStatusForDeletedBlockLogImpl] DEBUG block.DeletedBlockLogImpl (DeletedBlockLogImpl.java:isTransactionFailed(278)) - Got block deletion ACK from datanode, TXIDs=3, success=true
2021-08-14 14:05:29,598 [EventQueue-DeleteBlockStatusForDeletedBlockLogImpl] DEBUG block.DeletedBlockLogImpl (DeletedBlockLogImpl.java:commitTransactions(224)) - Transaction txId=3 commit by dnId=41bdc6fc-f730-460f-b2d8-92157d986a72 for containerID=#3 failed. Corresponding entry not found.
2021-08-14 14:05:29,598 [EventQueue-DeleteBlockStatusForDeletedBlockLogImpl] DEBUG block.DeletedBlockLogImpl (DeletedBlockLogImpl.java:isTransactionFailed(278)) - Got block deletion ACK from datanode, TXIDs=4, success=true
2021-08-14 14:05:29,598 [EventQueue-DeleteBlockStatusForDeletedBlockLogImpl] DEBUG block.DeletedBlockLogImpl (DeletedBlockLogImpl.java:commitTransactions(224)) - Transaction txId=4 commit by dnId=41bdc6fc-f730-460f-b2d8-92157d986a72 for containerID=#4 failed. Corresponding entry not found.
2021-08-14 14:05:29,598 [EventQueue-DeleteBlockStatusForDeletedBlockLogImpl] DEBUG block.DeletedBlockLogImpl (DeletedBlockLogImpl.java:isTransactionFailed(278)) - Got block deletion ACK from datanode, TXIDs=5, success=true
2021-08-14 14:05:29,598 [EventQueue-DeleteBlockStatusForDeletedBlockLogImpl] DEBUG block.DeletedBlockLogImpl (DeletedBlockLogImpl.java:commitTransactions(224)) - Transaction txId=5 commit by dnId=41bdc6fc-f730-460f-b2d8-92157d986a72 for containerID=#5 failed. Corresponding entry not found.
2021-08-14 14:05:29,598 [EventQueue-DeleteBlockStatusForDeletedBlockLogImpl] DEBUG block.DeletedBlockLogImpl (DeletedBlockLogImpl.java:isTransactionFailed(278)) - Got block deletion ACK from datanode, TXIDs=6, success=true
2021-08-14 14:05:29,598 [EventQueue-DeleteBlockStatusForDeletedBlockLogImpl] DEBUG block.DeletedBlockLogImpl (DeletedBlockLogImpl.java:commitTransactions(224)) - Transaction txId=6 commit by dnId=41bdc6fc-f730-460f-b2d8-92157d986a72 for containerID=#6 failed. Corresponding entry not found.
2021-08-14 14:05:29,598 [EventQueue-DeleteBlockStatusForDeletedBlockLogImpl] DEBUG block.DeletedBlockLogImpl (DeletedBlockLogImpl.java:isTransactionFailed(278)) - Got block deletion ACK from datanode, TXIDs=7, success=true
2021-08-14 14:05:29,598 [EventQueue-DeleteBlockStatusForDeletedBlockLogImpl] DEBUG block.DeletedBlockLogImpl (DeletedBlockLogImpl.java:commitTransactions(224)) - Transaction txId=7 commit by dnId=41bdc6fc-f730-460f-b2d8-92157d986a72 for containerID=#7 failed. Corresponding entry not found.
2021-08-14 14:05:29,598 [EventQueue-DeleteBlockStatusForDeletedBlockLogImpl] DEBUG block.DeletedBlockLogImpl (DeletedBlockLogImpl.java:isTransactionFailed(278)) - Got block deletion ACK from datanode, TXIDs=8, success=true
2021-08-14 14:05:29,598 [EventQueue-DeleteBlockStatusForDeletedBlockLogImpl] DEBUG block.DeletedBlockLogImpl (DeletedBlockLogImpl.java:commitTransactions(224)) - Transaction txId=8 commit by dnId=41bdc6fc-f730-460f-b2d8-92157d986a72 for containerID=#8 failed. Corresponding entry not found.
2021-08-14 14:05:29,598 [EventQueue-DeleteBlockStatusForDeletedBlockLogImpl] DEBUG block.DeletedBlockLogImpl (DeletedBlockLogImpl.java:isTransactionFailed(278)) - Got block deletion ACK from datanode, TXIDs=9, success=true
2021-08-14 14:05:29,598 [EventQueue-DeleteBlockStatusForDeletedBlockLogImpl] DEBUG block.DeletedBlockLogImpl (DeletedBlockLogImpl.java:commitTransactions(224)) - Transaction txId=9 commit by dnId=41bdc6fc-f730-460f-b2d8-92157d986a72 for containerID=#9 failed. Corresponding entry not found.
2021-08-14 14:05:29,598 [EventQueue-DeleteBlockStatusForDeletedBlockLogImpl] DEBUG block.DeletedBlockLogImpl (DeletedBlockLogImpl.java:isTransactionFailed(278)) - Got block deletion ACK from datanode, TXIDs=10, success=true
2021-08-14 14:05:29,598 [EventQueue-DeleteBlockStatusForDeletedBlockLogImpl] DEBUG block.DeletedBlockLogImpl (DeletedBlockLogImpl.java:commitTransactions(224)) - Transaction txId=10 commit by dnId=41bdc6fc-f730-460f-b2d8-92157d986a72 for containerID=#10 failed. Corresponding entry not found.
2021-08-14 14:05:29,598 [EventQueue-DeleteBlockStatusForDeletedBlockLogImpl] DEBUG block.DeletedBlockLogImpl (DeletedBlockLogImpl.java:isTransactionFailed(278)) - Got block deletion ACK from datanode, TXIDs=11, success=true
2021-08-14 14:05:29,599 [EventQueue-DeleteBlockStatusForDeletedBlockLogImpl] DEBUG block.DeletedBlockLogImpl (DeletedBlockLogImpl.java:commitTransactions(224)) - Transaction txId=11 commit by dnId=41bdc6fc-f730-460f-b2d8-92157d986a72 for containerID=#11 failed. Corresponding entry not found.
2021-08-14 14:05:29,599 [EventQueue-DeleteBlockStatusForDeletedBlockLogImpl] DEBUG block.DeletedBlockLogImpl (DeletedBlockLogImpl.java:isTransactionFailed(278)) - Got block deletion ACK from datanode, TXIDs=12, success=true
2021-08-14 14:05:29,599 [EventQueue-DeleteBlockStatusForDeletedBlockLogImpl] DEBUG block.DeletedBlockLogImpl (DeletedBlockLogImpl.java:commitTransactions(224)) - Transaction txId=12 commit by dnId=41bdc6fc-f730-460f-b2d8-92157d986a72 for containerID=#12 failed. Corresponding entry not found.
2021-08-14 14:05:29,599 [EventQueue-DeleteBlockStatusForDeletedBlockLogImpl] DEBUG block.DeletedBlockLogImpl (DeletedBlockLogImpl.java:isTransactionFailed(278)) - Got block deletion ACK from datanode, TXIDs=13, success=true
2021-08-14 14:05:29,599 [EventQueue-DeleteBlockStatusForDeletedBlockLogImpl] DEBUG block.DeletedBlockLogImpl (DeletedBlockLogImpl.java:commitTransactions(224)) - Transaction txId=13 commit by dnId=41bdc6fc-f730-460f-b2d8-92157d986a72 for containerID=#13 failed. Corresponding entry not found.
2021-08-14 14:05:29,599 [EventQueue-DeleteBlockStatusForDeletedBlockLogImpl] DEBUG block.DeletedBlockLogImpl (DeletedBlockLogImpl.java:isTransactionFailed(278)) - Got block deletion ACK from datanode, TXIDs=14, success=true
2021-08-14 14:05:29,599 [EventQueue-DeleteBlockStatusForDeletedBlockLogImpl] DEBUG block.DeletedBlockLogImpl (DeletedBlockLogImpl.java:commitTransactions(224)) - Transaction txId=14 commit by dnId=41bdc6fc-f730-460f-b2d8-92157d986a72 for containerID=#14 failed. Corresponding entry not found.
2021-08-14 14:05:29,599 [EventQueue-DeleteBlockStatusForDeletedBlockLogImpl] DEBUG block.DeletedBlockLogImpl (DeletedBlockLogImpl.java:isTransactionFailed(278)) - Got block deletion ACK from datanode, TXIDs=15, success=true
2021-08-14 14:05:29,599 [EventQueue-DeleteBlockStatusForDeletedBlockLogImpl] DEBUG block.DeletedBlockLogImpl (DeletedBlockLogImpl.java:commitTransactions(224)) - Transaction txId=15 commit by dnId=41bdc6fc-f730-460f-b2d8-92157d986a72 for containerID=#15 failed. Corresponding entry not found.
2021-08-14 14:05:29,599 [EventQueue-DeleteBlockStatusForDeletedBlockLogImpl] DEBUG block.DeletedBlockLogImpl (DeletedBlockLogImpl.java:isTransactionFailed(278)) - Got block deletion ACK from datanode, TXIDs=16, success=true
2021-08-14 14:05:29,599 [EventQueue-DeleteBlockStatusForDeletedBlockLogImpl] DEBUG block.DeletedBlockLogImpl (DeletedBlockLogImpl.java:commitTransactions(224)) - Transaction txId=16 commit by dnId=41bdc6fc-f730-460f-b2d8-92157d986a72 for containerID=#16 failed. Corresponding entry not found.
2021-08-14 14:05:29,599 [EventQueue-DeleteBlockStatusForDeletedBlockLogImpl] DEBUG block.DeletedBlockLogImpl (DeletedBlockLogImpl.java:isTransactionFailed(278)) - Got block deletion ACK from datanode, TXIDs=17, success=true
2021-08-14 14:05:29,599 [EventQueue-DeleteBlockStatusForDeletedBlockLogImpl] DEBUG block.DeletedBlockLogImpl (DeletedBlockLogImpl.java:commitTransactions(224)) - Transaction txId=17 commit by dnId=41bdc6fc-f730-460f-b2d8-92157d986a72 for containerID=#17 failed. Corresponding entry not found.
2021-08-14 14:05:29,599 [EventQueue-DeleteBlockStatusForDeletedBlockLogImpl] DEBUG block.DeletedBlockLogImpl (DeletedBlockLogImpl.java:isTransactionFailed(278)) - Got block deletion ACK from datanode, TXIDs=18, success=true
2021-08-14 14:05:29,599 [EventQueue-DeleteBlockStatusForDeletedBlockLogImpl] DEBUG block.DeletedBlockLogImpl (DeletedBlockLogImpl.java:commitTransactions(224)) - Transaction txId=18 commit by dnId=41bdc6fc-f730-460f-b2d8-92157d986a72 for containerID=#18 failed. Corresponding entry not found.
2021-08-14 14:05:29,599 [EventQueue-DeleteBlockStatusForDeletedBlockLogImpl] DEBUG block.DeletedBlockLogImpl (DeletedBlockLogImpl.java:isTransactionFailed(278)) - Got block deletion ACK from datanode, TXIDs=19, success=true
2021-08-14 14:05:29,599 [EventQueue-DeleteBlockStatusForDeletedBlockLogImpl] DEBUG block.DeletedBlockLogImpl (DeletedBlockLogImpl.java:commitTransactions(224)) - Transaction txId=19 commit by dnId=41bdc6fc-f730-460f-b2d8-92157d986a72 for containerID=#19 failed. Corresponding entry not found.
2021-08-14 14:05:29,599 [EventQueue-DeleteBlockStatusForDeletedBlockLogImpl] DEBUG block.DeletedBlockLogImpl (DeletedBlockLogImpl.java:isTransactionFailed(278)) - Got block deletion ACK from datanode, TXIDs=20, success=true
2021-08-14 14:05:29,599 [EventQueue-DeleteBlockStatusForDeletedBlockLogImpl] DEBUG block.DeletedBlockLogImpl (DeletedBlockLogImpl.java:commitTransactions(224)) - Transaction txId=20 commit by dnId=41bdc6fc-f730-460f-b2d8-92157d986a72 for containerID=#20 failed. Corresponding entry not found.
2021-08-14 14:05:29,599 [EventQueue-DeleteBlockStatusForDeletedBlockLogImpl] DEBUG block.DeletedBlockLogImpl (DeletedBlockLogImpl.java:isTransactionFailed(278)) - Got block deletion ACK from datanode, TXIDs=21, success=true
2021-08-14 14:05:29,599 [EventQueue-DeleteBlockStatusForDeletedBlockLogImpl] DEBUG block.DeletedBlockLogImpl (DeletedBlockLogImpl.java:commitTransactions(224)) - Transaction txId=21 commit by dnId=41bdc6fc-f730-460f-b2d8-92157d986a72 for containerID=#21 failed. Corresponding entry not found.
2021-08-14 14:05:29,599 [EventQueue-DeleteBlockStatusForDeletedBlockLogImpl] DEBUG block.DeletedBlockLogImpl (DeletedBlockLogImpl.java:isTransactionFailed(278)) - Got block deletion ACK from datanode, TXIDs=22, success=true
2021-08-14 14:05:29,599 [EventQueue-DeleteBlockStatusForDeletedBlockLogImpl] DEBUG block.DeletedBlockLogImpl (DeletedBlockLogImpl.java:commitTransactions(224)) - Transaction txId=22 commit by dnId=41bdc6fc-f730-460f-b2d8-92157d986a72 for containerID=#22 failed. Corresponding entry not found.
2021-08-14 14:05:29,599 [EventQueue-DeleteBlockStatusForDeletedBlockLogImpl] DEBUG block.DeletedBlockLogImpl (DeletedBlockLogImpl.java:isTransactionFailed(278)) - Got block deletion ACK from datanode, TXIDs=23, success=true
2021-08-14 14:05:29,599 [EventQueue-DeleteBlockStatusForDeletedBlockLogImpl] DEBUG block.DeletedBlockLogImpl (DeletedBlockLogImpl.java:commitTransactions(224)) - Transaction txId=23 commit by dnId=41bdc6fc-f730-460f-b2d8-92157d986a72 for containerID=#23 failed. Corresponding entry not found.
2021-08-14 14:05:29,599 [EventQueue-DeleteBlockStatusForDeletedBlockLogImpl] DEBUG block.DeletedBlockLogImpl (DeletedBlockLogImpl.java:isTransactionFailed(278)) - Got block deletion ACK from datanode, TXIDs=24, success=true
2021-08-14 14:05:29,599 [EventQueue-DeleteBlockStatusForDeletedBlockLogImpl] DEBUG block.DeletedBlockLogImpl (DeletedBlockLogImpl.java:commitTransactions(224)) - Transaction txId=24 commit by dnId=41bdc6fc-f730-460f-b2d8-92157d986a72 for containerID=#24 failed. Corresponding entry not found.
2021-08-14 14:05:29,599 [EventQueue-DeleteBlockStatusForDeletedBlockLogImpl] DEBUG block.DeletedBlockLogImpl (DeletedBlockLogImpl.java:isTransactionFailed(278)) - Got block deletion ACK from datanode, TXIDs=25, success=true
2021-08-14 14:05:29,599 [EventQueue-DeleteBlockStatusForDeletedBlockLogImpl] DEBUG block.DeletedBlockLogImpl (DeletedBlockLogImpl.java:commitTransactions(224)) - Transaction txId=25 commit by dnId=41bdc6fc-f730-460f-b2d8-92157d986a72 for containerID=#25 failed. Corresponding entry not found.
2021-08-14 14:05:29,599 [EventQueue-DeleteBlockStatusForDeletedBlockLogImpl] DEBUG block.DeletedBlockLogImpl (DeletedBlockLogImpl.java:isTransactionFailed(278)) - Got block deletion ACK from datanode, TXIDs=26, success=true
2021-08-14 14:05:29,599 [EventQueue-DeleteBlockStatusForDeletedBlockLogImpl] DEBUG block.DeletedBlockLogImpl (DeletedBlockLogImpl.java:commitTransactions(224)) - Transaction txId=26 commit by dnId=41bdc6fc-f730-460f-b2d8-92157d986a72 for containerID=#26 failed. Corresponding entry not found.
2021-08-14 14:05:29,599 [EventQueue-DeleteBlockStatusForDeletedBlockLogImpl] DEBUG block.DeletedBlockLogImpl (DeletedBlockLogImpl.java:isTransactionFailed(278)) - Got block deletion ACK from datanode, TXIDs=27, success=true
2021-08-14 14:05:29,599 [EventQueue-DeleteBlockStatusForDeletedBlockLogImpl] DEBUG block.DeletedBlockLogImpl (DeletedBlockLogImpl.java:commitTransactions(224)) - Transaction txId=27 commit by dnId=41bdc6fc-f730-460f-b2d8-92157d986a72 for containerID=#27 failed. Corresponding entry not found.
2021-08-14 14:05:29,599 [EventQueue-DeleteBlockStatusForDeletedBlockLogImpl] DEBUG block.DeletedBlockLogImpl (DeletedBlockLogImpl.java:isTransactionFailed(278)) - Got block deletion ACK from datanode, TXIDs=28, success=true
2021-08-14 14:05:29,599 [EventQueue-DeleteBlockStatusForDeletedBlockLogImpl] DEBUG block.DeletedBlockLogImpl (DeletedBlockLogImpl.java:commitTransactions(224)) - Transaction txId=28 commit by dnId=41bdc6fc-f730-460f-b2d8-92157d986a72 for containerID=#28 failed. Corresponding entry not found.
2021-08-14 14:05:29,599 [EventQueue-DeleteBlockStatusForDeletedBlockLogImpl] DEBUG block.DeletedBlockLogImpl (DeletedBlockLogImpl.java:isTransactionFailed(278)) - Got block deletion ACK from datanode, TXIDs=29, success=true
2021-08-14 14:05:29,599 [EventQueue-DeleteBlockStatusForDeletedBlockLogImpl] DEBUG block.DeletedBlockLogImpl (DeletedBlockLogImpl.java:commitTransactions(224)) - Transaction txId=29 commit by dnId=41bdc6fc-f730-460f-b2d8-92157d986a72 for containerID=#29 failed. Corresponding entry not found.
2021-08-14 14:05:29,599 [EventQueue-DeleteBlockStatusForDeletedBlockLogImpl] DEBUG block.DeletedBlockLogImpl (DeletedBlockLogImpl.java:isTransactionFailed(278)) - Got block deletion ACK from datanode, TXIDs=30, success=true
2021-08-14 14:05:29,599 [EventQueue-DeleteBlockStatusForDeletedBlockLogImpl] DEBUG block.DeletedBlockLogImpl (DeletedBlockLogImpl.java:commitTransactions(224)) - Transaction txId=30 commit by dnId=41bdc6fc-f730-460f-b2d8-92157d986a72 for containerID=#30 failed. Corresponding entry not found.
2021-08-14 14:05:29,599 [EventQueue-DeleteBlockStatusForDeletedBlockLogImpl] DEBUG block.DeletedBlockLogImpl (DeletedBlockLogImpl.java:isTransactionFailed(278)) - Got block deletion ACK from datanode, TXIDs=31, success=true
2021-08-14 14:05:29,599 [EventQueue-DeleteBlockStatusForDeletedBlockLogImpl] DEBUG block.DeletedBlockLogImpl (DeletedBlockLogImpl.java:commitTransactions(224)) - Transaction txId=31 commit by dnId=41bdc6fc-f730-460f-b2d8-92157d986a72 for containerID=#31 failed. Corresponding entry not found.
2021-08-14 14:05:29,599 [EventQueue-DeleteBlockStatusForDeletedBlockLogImpl] DEBUG block.DeletedBlockLogImpl (DeletedBlockLogImpl.java:isTransactionFailed(278)) - Got block deletion ACK from datanode, TXIDs=32, success=true
2021-08-14 14:05:29,599 [EventQueue-DeleteBlockStatusForDeletedBlockLogImpl] DEBUG block.DeletedBlockLogImpl (DeletedBlockLogImpl.java:commitTransactions(224)) - Transaction txId=32 commit by dnId=41bdc6fc-f730-460f-b2d8-92157d986a72 for containerID=#32 failed. Corresponding entry not found.
2021-08-14 14:05:29,599 [EventQueue-DeleteBlockStatusForDeletedBlockLogImpl] DEBUG block.DeletedBlockLogImpl (DeletedBlockLogImpl.java:isTransactionFailed(278)) - Got block deletion ACK from datanode, TXIDs=33, success=true
2021-08-14 14:05:29,599 [EventQueue-DeleteBlockStatusForDeletedBlockLogImpl] DEBUG block.DeletedBlockLogImpl (DeletedBlockLogImpl.java:commitTransactions(224)) - Transaction txId=33 commit by dnId=41bdc6fc-f730-460f-b2d8-92157d986a72 for containerID=#33 failed. Corresponding entry not found.
2021-08-14 14:05:29,599 [EventQueue-DeleteBlockStatusForDeletedBlockLogImpl] DEBUG block.DeletedBlockLogImpl (DeletedBlockLogImpl.java:isTransactionFailed(278)) - Got block deletion ACK from datanode, TXIDs=34, success=true
2021-08-14 14:05:29,599 [EventQueue-DeleteBlockStatusForDeletedBlockLogImpl] DEBUG block.DeletedBlockLogImpl (DeletedBlockLogImpl.java:commitTransactions(224)) - Transaction txId=34 commit by dnId=41bdc6fc-f730-460f-b2d8-92157d986a72 for containerID=#34 failed. Corresponding entry not found.
2021-08-14 14:05:29,600 [EventQueue-DeleteBlockStatusForDeletedBlockLogImpl] DEBUG block.DeletedBlockLogImpl (DeletedBlockLogImpl.java:isTransactionFailed(278)) - Got block deletion ACK from datanode, TXIDs=35, success=true
2021-08-14 14:05:29,600 [EventQueue-DeleteBlockStatusForDeletedBlockLogImpl] DEBUG block.DeletedBlockLogImpl (DeletedBlockLogImpl.java:commitTransactions(224)) - Transaction txId=35 commit by dnId=41bdc6fc-f730-460f-b2d8-92157d986a72 for containerID=#35 failed. Corresponding entry not found.
2021-08-14 14:05:29,600 [EventQueue-DeleteBlockStatusForDeletedBlockLogImpl] DEBUG block.DeletedBlockLogImpl (DeletedBlockLogImpl.java:isTransactionFailed(278)) - Got block deletion ACK from datanode, TXIDs=36, success=true
2021-08-14 14:05:29,600 [EventQueue-DeleteBlockStatusForDeletedBlockLogImpl] DEBUG block.DeletedBlockLogImpl (DeletedBlockLogImpl.java:commitTransactions(224)) - Transaction txId=36 commit by dnId=41bdc6fc-f730-460f-b2d8-92157d986a72 for containerID=#36 failed. Corresponding entry not found.
2021-08-14 14:05:29,600 [EventQueue-DeleteBlockStatusForDeletedBlockLogImpl] DEBUG block.DeletedBlockLogImpl (DeletedBlockLogImpl.java:isTransactionFailed(278)) - Got block deletion ACK from datanode, TXIDs=37, success=true
2021-08-14 14:05:29,600 [EventQueue-DeleteBlockStatusForDeletedBlockLogImpl] DEBUG block.DeletedBlockLogImpl (DeletedBlockLogImpl.java:commitTransactions(224)) - Transaction txId=37 commit by dnId=41bdc6fc-f730-460f-b2d8-92157d986a72 for containerID=#37 failed. Corresponding entry not found.
2021-08-14 14:05:29,600 [EventQueue-DeleteBlockStatusForDeletedBlockLogImpl] DEBUG block.DeletedBlockLogImpl (DeletedBlockLogImpl.java:isTransactionFailed(278)) - Got block deletion ACK from datanode, TXIDs=38, success=true
2021-08-14 14:05:29,600 [EventQueue-DeleteBlockStatusForDeletedBlockLogImpl] DEBUG block.DeletedBlockLogImpl (DeletedBlockLogImpl.java:commitTransactions(224)) - Transaction txId=38 commit by dnId=41bdc6fc-f730-460f-b2d8-92157d986a72 for containerID=#38 failed. Corresponding entry not found.
2021-08-14 14:05:29,600 [EventQueue-DeleteBlockStatusForDeletedBlockLogImpl] DEBUG block.DeletedBlockLogImpl (DeletedBlockLogImpl.java:isTransactionFailed(278)) - Got block deletion ACK from datanode, TXIDs=39, success=true
2021-08-14 14:05:29,600 [EventQueue-DeleteBlockStatusForDeletedBlockLogImpl] DEBUG block.DeletedBlockLogImpl (DeletedBlockLogImpl.java:commitTransactions(224)) - Transaction txId=39 commit by dnId=41bdc6fc-f730-460f-b2d8-92157d986a72 for containerID=#39 failed. Corresponding entry not found.
2021-08-14 14:05:29,600 [EventQueue-DeleteBlockStatusForDeletedBlockLogImpl] DEBUG block.DeletedBlockLogImpl (DeletedBlockLogImpl.java:isTransactionFailed(278)) - Got block deletion ACK from datanode, TXIDs=40, success=true
2021-08-14 14:05:29,600 [EventQueue-DeleteBlockStatusForDeletedBlockLogImpl] DEBUG block.DeletedBlockLogImpl (DeletedBlockLogImpl.java:commitTransactions(224)) - Transaction txId=40 commit by dnId=41bdc6fc-f730-460f-b2d8-92157d986a72 for containerID=#40 failed. Corresponding entry not found.
2021-08-14 14:05:29,600 [EventQueue-DeleteBlockStatusForDeletedBlockLogImpl] DEBUG block.DeletedBlockLogImpl (DeletedBlockLogImpl.java:isTransactionFailed(278)) - Got block deletion ACK from datanode, TXIDs=41, success=true
2021-08-14 14:05:29,600 [EventQueue-DeleteBlockStatusForDeletedBlockLogImpl] DEBUG block.DeletedBlockLogImpl (DeletedBlockLogImpl.java:commitTransactions(224)) - Transaction txId=41 commit by dnId=41bdc6fc-f730-460f-b2d8-92157d986a72 for containerID=#41 failed. Corresponding entry not found.
2021-08-14 14:05:29,600 [EventQueue-DeleteBlockStatusForDeletedBlockLogImpl] DEBUG block.DeletedBlockLogImpl (DeletedBlockLogImpl.java:isTransactionFailed(278)) - Got block deletion ACK from datanode, TXIDs=42, success=true
2021-08-14 14:05:29,600 [EventQueue-DeleteBlockStatusForDeletedBlockLogImpl] DEBUG block.DeletedBlockLogImpl (DeletedBlockLogImpl.java:commitTransactions(224)) - Transaction txId=42 commit by dnId=41bdc6fc-f730-460f-b2d8-92157d986a72 for containerID=#42 failed. Corresponding entry not found.
2021-08-14 14:05:29,600 [EventQueue-DeleteBlockStatusForDeletedBlockLogImpl] DEBUG block.DeletedBlockLogImpl (DeletedBlockLogImpl.java:isTransactionFailed(278)) - Got block deletion ACK from datanode, TXIDs=43, success=true
2021-08-14 14:05:29,600 [EventQueue-DeleteBlockStatusForDeletedBlockLogImpl] DEBUG block.DeletedBlockLogImpl (DeletedBlockLogImpl.java:commitTransactions(224)) - Transaction txId=43 commit by dnId=41bdc6fc-f730-460f-b2d8-92157d986a72 for containerID=#43 failed. Corresponding entry not found.
2021-08-14 14:05:29,600 [EventQueue-DeleteBlockStatusForDeletedBlockLogImpl] DEBUG block.DeletedBlockLogImpl (DeletedBlockLogImpl.java:isTransactionFailed(278)) - Got block deletion ACK from datanode, TXIDs=44, success=true
2021-08-14 14:05:29,600 [EventQueue-DeleteBlockStatusForDeletedBlockLogImpl] DEBUG block.DeletedBlockLogImpl (DeletedBlockLogImpl.java:commitTransactions(224)) - Transaction txId=44 commit by dnId=41bdc6fc-f730-460f-b2d8-92157d986a72 for containerID=#44 failed. Corresponding entry not found.
2021-08-14 14:05:29,600 [EventQueue-DeleteBlockStatusForDeletedBlockLogImpl] DEBUG block.DeletedBlockLogImpl (DeletedBlockLogImpl.java:isTransactionFailed(278)) - Got block deletion ACK from datanode, TXIDs=45, success=true
2021-08-14 14:05:29,600 [EventQueue-DeleteBlockStatusForDeletedBlockLogImpl] DEBUG block.DeletedBlockLogImpl (DeletedBlockLogImpl.java:commitTransactions(224)) - Transaction txId=45 commit by dnId=41bdc6fc-f730-460f-b2d8-92157d986a72 for containerID=#45 failed. Corresponding entry not found.
2021-08-14 14:05:29,600 [EventQueue-DeleteBlockStatusForDeletedBlockLogImpl] DEBUG block.DeletedBlockLogImpl (DeletedBlockLogImpl.java:isTransactionFailed(278)) - Got block deletion ACK from datanode, TXIDs=46, success=true
2021-08-14 14:05:29,600 [EventQueue-DeleteBlockStatusForDeletedBlockLogImpl] DEBUG block.DeletedBlockLogImpl (DeletedBlockLogImpl.java:commitTransactions(224)) - Transaction txId=46 commit by dnId=41bdc6fc-f730-460f-b2d8-92157d986a72 for containerID=#46 failed. Corresponding entry not found.
2021-08-14 14:05:29,600 [EventQueue-DeleteBlockStatusForDeletedBlockLogImpl] DEBUG block.DeletedBlockLogImpl (DeletedBlockLogImpl.java:isTransactionFailed(278)) - Got block deletion ACK from datanode, TXIDs=47, success=true
2021-08-14 14:05:29,600 [EventQueue-DeleteBlockStatusForDeletedBlockLogImpl] DEBUG block.DeletedBlockLogImpl (DeletedBlockLogImpl.java:commitTransactions(224)) - Transaction txId=47 commit by dnId=41bdc6fc-f730-460f-b2d8-92157d986a72 for containerID=#47 failed. Corresponding entry not found.
2021-08-14 14:05:29,600 [EventQueue-DeleteBlockStatusForDeletedBlockLogImpl] DEBUG block.DeletedBlockLogImpl (DeletedBlockLogImpl.java:isTransactionFailed(278)) - Got block deletion ACK from datanode, TXIDs=48, success=true
2021-08-14 14:05:29,600 [EventQueue-DeleteBlockStatusForDeletedBlockLogImpl] DEBUG block.DeletedBlockLogImpl (DeletedBlockLogImpl.java:commitTransactions(224)) - Transaction txId=48 commit by dnId=41bdc6fc-f730-460f-b2d8-92157d986a72 for containerID=#48 failed. Corresponding entry not found.
2021-08-14 14:05:29,600 [EventQueue-DeleteBlockStatusForDeletedBlockLogImpl] DEBUG block.DeletedBlockLogImpl (DeletedBlockLogImpl.java:isTransactionFailed(278)) - Got block deletion ACK from datanode, TXIDs=49, success=true
2021-08-14 14:05:29,600 [EventQueue-DeleteBlockStatusForDeletedBlockLogImpl] DEBUG block.DeletedBlockLogImpl (DeletedBlockLogImpl.java:commitTransactions(224)) - Transaction txId=49 commit by dnId=41bdc6fc-f730-460f-b2d8-92157d986a72 for containerID=#49 failed. Corresponding entry not found.
2021-08-14 14:05:29,600 [EventQueue-DeleteBlockStatusForDeletedBlockLogImpl] DEBUG block.DeletedBlockLogImpl (DeletedBlockLogImpl.java:isTransactionFailed(278)) - Got block deletion ACK from datanode, TXIDs=50, success=true
2021-08-14 14:05:29,600 [EventQueue-DeleteBlockStatusForDeletedBlockLogImpl] DEBUG block.DeletedBlockLogImpl (DeletedBlockLogImpl.java:commitTransactions(224)) - Transaction txId=50 commit by dnId=41bdc6fc-f730-460f-b2d8-92157d986a72 for containerID=#50 failed. Corresponding entry not found.
2021-08-14 14:05:29,600 [EventQueue-DeleteBlockStatusForDeletedBlockLogImpl] DEBUG block.DeletedBlockLogImpl (DeletedBlockLogImpl.java:isTransactionFailed(278)) - Got block deletion ACK from datanode, TXIDs=51, success=true
2021-08-14 14:05:29,600 [EventQueue-DeleteBlockStatusForDeletedBlockLogImpl] DEBUG block.DeletedBlockLogImpl (DeletedBlockLogImpl.java:commitTransactions(224)) - Transaction txId=51 commit by dnId=41bdc6fc-f730-460f-b2d8-92157d986a72 for containerID=#51 failed. Corresponding entry not found.
2021-08-14 14:05:29,600 [EventQueue-DeleteBlockStatusForDeletedBlockLogImpl] DEBUG block.DeletedBlockLogImpl (DeletedBlockLogImpl.java:isTransactionFailed(278)) - Got block deletion ACK from datanode, TXIDs=52, success=true
2021-08-14 14:05:29,600 [EventQueue-DeleteBlockStatusForDeletedBlockLogImpl] DEBUG block.DeletedBlockLogImpl (DeletedBlockLogImpl.java:commitTransactions(224)) - Transaction txId=52 commit by dnId=41bdc6fc-f730-460f-b2d8-92157d986a72 for containerID=#52 failed. Corresponding entry not found.
2021-08-14 14:05:29,600 [EventQueue-DeleteBlockStatusForDeletedBlockLogImpl] DEBUG block.DeletedBlockLogImpl (DeletedBlockLogImpl.java:isTransactionFailed(278)) - Got block deletion ACK from datanode, TXIDs=53, success=true
2021-08-14 14:05:29,600 [EventQueue-DeleteBlockStatusForDeletedBlockLogImpl] DEBUG block.DeletedBlockLogImpl (DeletedBlockLogImpl.java:commitTransactions(224)) - Transaction txId=53 commit by dnId=41bdc6fc-f730-460f-b2d8-92157d986a72 for containerID=#53 failed. Corresponding entry not found.
2021-08-14 14:05:29,600 [EventQueue-DeleteBlockStatusForDeletedBlockLogImpl] DEBUG block.DeletedBlockLogImpl (DeletedBlockLogImpl.java:isTransactionFailed(278)) - Got block deletion ACK from datanode, TXIDs=54, success=true
2021-08-14 14:05:29,600 [EventQueue-DeleteBlockStatusForDeletedBlockLogImpl] DEBUG block.DeletedBlockLogImpl (DeletedBlockLogImpl.java:commitTransactions(224)) - Transaction txId=54 commit by dnId=41bdc6fc-f730-460f-b2d8-92157d986a72 for containerID=#54 failed. Corresponding entry not found.
2021-08-14 14:05:29,600 [EventQueue-DeleteBlockStatusForDeletedBlockLogImpl] DEBUG block.DeletedBlockLogImpl (DeletedBlockLogImpl.java:isTransactionFailed(278)) - Got block deletion ACK from datanode, TXIDs=55, success=true
2021-08-14 14:05:29,600 [EventQueue-DeleteBlockStatusForDeletedBlockLogImpl] DEBUG block.DeletedBlockLogImpl (DeletedBlockLogImpl.java:commitTransactions(224)) - Transaction txId=55 commit by dnId=41bdc6fc-f730-460f-b2d8-92157d986a72 for containerID=#55 failed. Corresponding entry not found.
2021-08-14 14:05:29,600 [EventQueue-DeleteBlockStatusForDeletedBlockLogImpl] DEBUG block.DeletedBlockLogImpl (DeletedBlockLogImpl.java:isTransactionFailed(278)) - Got block deletion ACK from datanode, TXIDs=56, success=true
2021-08-14 14:05:29,600 [EventQueue-DeleteBlockStatusForDeletedBlockLogImpl] DEBUG block.DeletedBlockLogImpl (DeletedBlockLogImpl.java:commitTransactions(224)) - Transaction txId=56 commit by dnId=41bdc6fc-f730-460f-b2d8-92157d986a72 for containerID=#56 failed. Corresponding entry not found.
2021-08-14 14:05:29,600 [EventQueue-DeleteBlockStatusForDeletedBlockLogImpl] DEBUG block.DeletedBlockLogImpl (DeletedBlockLogImpl.java:isTransactionFailed(278)) - Got block deletion ACK from datanode, TXIDs=1, success=true
2021-08-14 14:05:29,601 [EventQueue-DeleteBlockStatusForDeletedBlockLogImpl] DEBUG block.DeletedBlockLogImpl (DeletedBlockLogImpl.java:commitTransactions(224)) - Transaction txId=1 commit by dnId=41bdc6fc-f730-460f-b2d8-92157d986a72 for containerID=#1 failed. Corresponding entry not found.
2021-08-14 14:05:29,601 [EventQueue-DeleteBlockStatusForDeletedBlockLogImpl] DEBUG block.DeletedBlockLogImpl (DeletedBlockLogImpl.java:isTransactionFailed(278)) - Got block deletion ACK from datanode, TXIDs=2, success=true
2021-08-14 14:05:29,601 [EventQueue-DeleteBlockStatusForDeletedBlockLogImpl] DEBUG block.DeletedBlockLogImpl (DeletedBlockLogImpl.java:commitTransactions(224)) - Transaction txId=2 commit by dnId=41bdc6fc-f730-460f-b2d8-92157d986a72 for containerID=#2 failed. Corresponding entry not found.
2021-08-14 14:05:29,601 [EventQueue-DeleteBlockStatusForDeletedBlockLogImpl] DEBUG block.DeletedBlockLogImpl (DeletedBlockLogImpl.java:isTransactionFailed(278)) - Got block deletion ACK from datanode, TXIDs=3, success=true
2021-08-14 14:05:29,601 [EventQueue-DeleteBlockStatusForDeletedBlockLogImpl] DEBUG block.DeletedBlockLogImpl (DeletedBlockLogImpl.java:commitTransactions(224)) - Transaction txId=3 commit by dnId=41bdc6fc-f730-460f-b2d8-92157d986a72 for containerID=#3 failed. Corresponding entry not found.
2021-08-14 14:05:29,601 [EventQueue-DeleteBlockStatusForDeletedBlockLogImpl] DEBUG block.DeletedBlockLogImpl (DeletedBlockLogImpl.java:isTransactionFailed(278)) - Got block deletion ACK from datanode, TXIDs=4, success=true
2021-08-14 14:05:29,601 [EventQueue-DeleteBlockStatusForDeletedBlockLogImpl] DEBUG block.DeletedBlockLogImpl (DeletedBlockLogImpl.java:commitTransactions(224)) - Transaction txId=4 commit by dnId=41bdc6fc-f730-460f-b2d8-92157d986a72 for containerID=#4 failed. Corresponding entry not found.
2021-08-14 14:05:29,601 [EventQueue-DeleteBlockStatusForDeletedBlockLogImpl] DEBUG block.DeletedBlockLogImpl (DeletedBlockLogImpl.java:isTransactionFailed(278)) - Got block deletion ACK from datanode, TXIDs=5, success=true
2021-08-14 14:05:29,601 [EventQueue-DeleteBlockStatusForDeletedBlockLogImpl] DEBUG block.DeletedBlockLogImpl (DeletedBlockLogImpl.java:commitTransactions(224)) - Transaction txId=5 commit by dnId=41bdc6fc-f730-460f-b2d8-92157d986a72 for containerID=#5 failed. Corresponding entry not found.
2021-08-14 14:05:29,601 [EventQueue-DeleteBlockStatusForDeletedBlockLogImpl] DEBUG block.DeletedBlockLogImpl (DeletedBlockLogImpl.java:isTransactionFailed(278)) - Got block deletion ACK from datanode, TXIDs=6, success=true
2021-08-14 14:05:29,601 [EventQueue-DeleteBlockStatusForDeletedBlockLogImpl] DEBUG block.DeletedBlockLogImpl (DeletedBlockLogImpl.java:commitTransactions(224)) - Transaction txId=6 commit by dnId=41bdc6fc-f730-460f-b2d8-92157d986a72 for containerID=#6 failed. Corresponding entry not found.
2021-08-14 14:05:29,601 [EventQueue-DeleteBlockStatusForDeletedBlockLogImpl] DEBUG block.DeletedBlockLogImpl (DeletedBlockLogImpl.java:isTransactionFailed(278)) - Got block deletion ACK from datanode, TXIDs=7, success=true
2021-08-14 14:05:29,601 [EventQueue-DeleteBlockStatusForDeletedBlockLogImpl] DEBUG block.DeletedBlockLogImpl (DeletedBlockLogImpl.java:commitTransactions(224)) - Transaction txId=7 commit by dnId=41bdc6fc-f730-460f-b2d8-92157d986a72 for containerID=#7 failed. Corresponding entry not found.
2021-08-14 14:05:29,601 [EventQueue-DeleteBlockStatusForDeletedBlockLogImpl] DEBUG block.DeletedBlockLogImpl (DeletedBlockLogImpl.java:isTransactionFailed(278)) - Got block deletion ACK from datanode, TXIDs=8, success=true
2021-08-14 14:05:29,601 [EventQueue-DeleteBlockStatusForDeletedBlockLogImpl] DEBUG block.DeletedBlockLogImpl (DeletedBlockLogImpl.java:commitTransactions(224)) - Transaction txId=8 commit by dnId=41bdc6fc-f730-460f-b2d8-92157d986a72 for containerID=#8 failed. Corresponding entry not found.
2021-08-14 14:05:29,601 [EventQueue-DeleteBlockStatusForDeletedBlockLogImpl] DEBUG block.DeletedBlockLogImpl (DeletedBlockLogImpl.java:isTransactionFailed(278)) - Got block deletion ACK from datanode, TXIDs=9, success=true
2021-08-14 14:05:29,601 [EventQueue-DeleteBlockStatusForDeletedBlockLogImpl] DEBUG block.DeletedBlockLogImpl (DeletedBlockLogImpl.java:commitTransactions(224)) - Transaction txId=9 commit by dnId=41bdc6fc-f730-460f-b2d8-92157d986a72 for containerID=#9 failed. Corresponding entry not found.
2021-08-14 14:05:29,601 [EventQueue-DeleteBlockStatusForDeletedBlockLogImpl] DEBUG block.DeletedBlockLogImpl (DeletedBlockLogImpl.java:isTransactionFailed(278)) - Got block deletion ACK from datanode, TXIDs=10, success=true
2021-08-14 14:05:29,601 [EventQueue-DeleteBlockStatusForDeletedBlockLogImpl] DEBUG block.DeletedBlockLogImpl (DeletedBlockLogImpl.java:commitTransactions(224)) - Transaction txId=10 commit by dnId=41bdc6fc-f730-460f-b2d8-92157d986a72 for containerID=#10 failed. Corresponding entry not found.
2021-08-14 14:05:29,601 [EventQueue-DeleteBlockStatusForDeletedBlockLogImpl] DEBUG block.DeletedBlockLogImpl (DeletedBlockLogImpl.java:isTransactionFailed(278)) - Got block deletion ACK from datanode, TXIDs=11, success=true
2021-08-14 14:05:29,601 [EventQueue-DeleteBlockStatusForDeletedBlockLogImpl] DEBUG block.DeletedBlockLogImpl (DeletedBlockLogImpl.java:commitTransactions(224)) - Transaction txId=11 commit by dnId=41bdc6fc-f730-460f-b2d8-92157d986a72 for containerID=#11 failed. Corresponding entry not found.
2021-08-14 14:05:29,601 [EventQueue-DeleteBlockStatusForDeletedBlockLogImpl] DEBUG block.DeletedBlockLogImpl (DeletedBlockLogImpl.java:isTransactionFailed(278)) - Got block deletion ACK from datanode, TXIDs=12, success=true
2021-08-14 14:05:29,601 [EventQueue-DeleteBlockStatusForDeletedBlockLogImpl] DEBUG block.DeletedBlockLogImpl (DeletedBlockLogImpl.java:commitTransactions(224)) - Transaction txId=12 commit by dnId=41bdc6fc-f730-460f-b2d8-92157d986a72 for containerID=#12 failed. Corresponding entry not found.
2021-08-14 14:05:29,601 [EventQueue-DeleteBlockStatusForDeletedBlockLogImpl] DEBUG block.DeletedBlockLogImpl (DeletedBlockLogImpl.java:isTransactionFailed(278)) - Got block deletion ACK from datanode, TXIDs=13, success=true
2021-08-14 14:05:29,601 [EventQueue-DeleteBlockStatusForDeletedBlockLogImpl] DEBUG block.DeletedBlockLogImpl (DeletedBlockLogImpl.java:commitTransactions(224)) - Transaction txId=13 commit by dnId=41bdc6fc-f730-460f-b2d8-92157d986a72 for containerID=#13 failed. Corresponding entry not found.
2021-08-14 14:05:29,601 [EventQueue-DeleteBlockStatusForDeletedBlockLogImpl] DEBUG block.DeletedBlockLogImpl (DeletedBlockLogImpl.java:isTransactionFailed(278)) - Got block deletion ACK from datanode, TXIDs=14, success=true
2021-08-14 14:05:29,601 [EventQueue-DeleteBlockStatusForDeletedBlockLogImpl] DEBUG block.DeletedBlockLogImpl (DeletedBlockLogImpl.java:commitTransactions(224)) - Transaction txId=14 commit by dnId=41bdc6fc-f730-460f-b2d8-92157d986a72 for containerID=#14 failed. Corresponding entry not found.
2021-08-14 14:05:29,601 [EventQueue-DeleteBlockStatusForDeletedBlockLogImpl] DEBUG block.DeletedBlockLogImpl (DeletedBlockLogImpl.java:isTransactionFailed(278)) - Got block deletion ACK from datanode, TXIDs=15, success=true
2021-08-14 14:05:29,601 [EventQueue-DeleteBlockStatusForDeletedBlockLogImpl] DEBUG block.DeletedBlockLogImpl (DeletedBlockLogImpl.java:commitTransactions(224)) - Transaction txId=15 commit by dnId=41bdc6fc-f730-460f-b2d8-92157d986a72 for containerID=#15 failed. Corresponding entry not found.
2021-08-14 14:05:29,601 [EventQueue-DeleteBlockStatusForDeletedBlockLogImpl] DEBUG block.DeletedBlockLogImpl (DeletedBlockLogImpl.java:isTransactionFailed(278)) - Got block deletion ACK from datanode, TXIDs=16, success=true
2021-08-14 14:05:29,601 [EventQueue-DeleteBlockStatusForDeletedBlockLogImpl] DEBUG block.DeletedBlockLogImpl (DeletedBlockLogImpl.java:commitTransactions(224)) - Transaction txId=16 commit by dnId=41bdc6fc-f730-460f-b2d8-92157d986a72 for containerID=#16 failed. Corresponding entry not found.
2021-08-14 14:05:29,601 [EventQueue-DeleteBlockStatusForDeletedBlockLogImpl] DEBUG block.DeletedBlockLogImpl (DeletedBlockLogImpl.java:isTransactionFailed(278)) - Got block deletion ACK from datanode, TXIDs=17, success=true
2021-08-14 14:05:29,601 [EventQueue-DeleteBlockStatusForDeletedBlockLogImpl] DEBUG block.DeletedBlockLogImpl (DeletedBlockLogImpl.java:commitTransactions(224)) - Transaction txId=17 commit by dnId=41bdc6fc-f730-460f-b2d8-92157d986a72 for containerID=#17 failed. Corresponding entry not found.
2021-08-14 14:05:29,601 [EventQueue-DeleteBlockStatusForDeletedBlockLogImpl] DEBUG block.DeletedBlockLogImpl (DeletedBlockLogImpl.java:isTransactionFailed(278)) - Got block deletion ACK from datanode, TXIDs=18, success=true
2021-08-14 14:05:29,601 [EventQueue-DeleteBlockStatusForDeletedBlockLogImpl] DEBUG block.DeletedBlockLogImpl (DeletedBlockLogImpl.java:commitTransactions(224)) - Transaction txId=18 commit by dnId=41bdc6fc-f730-460f-b2d8-92157d986a72 for containerID=#18 failed. Corresponding entry not found.
2021-08-14 14:05:29,601 [EventQueue-DeleteBlockStatusForDeletedBlockLogImpl] DEBUG block.DeletedBlockLogImpl (DeletedBlockLogImpl.java:isTransactionFailed(278)) - Got block deletion ACK from datanode, TXIDs=19, success=true
2021-08-14 14:05:29,601 [EventQueue-DeleteBlockStatusForDeletedBlockLogImpl] DEBUG block.DeletedBlockLogImpl (DeletedBlockLogImpl.java:commitTransactions(224)) - Transaction txId=19 commit by dnId=41bdc6fc-f730-460f-b2d8-92157d986a72 for containerID=#19 failed. Corresponding entry not found.
2021-08-14 14:05:29,601 [EventQueue-DeleteBlockStatusForDeletedBlockLogImpl] DEBUG block.DeletedBlockLogImpl (DeletedBlockLogImpl.java:isTransactionFailed(278)) - Got block deletion ACK from datanode, TXIDs=20, success=true
2021-08-14 14:05:29,601 [EventQueue-DeleteBlockStatusForDeletedBlockLogImpl] DEBUG block.DeletedBlockLogImpl (DeletedBlockLogImpl.java:commitTransactions(224)) - Transaction txId=20 commit by dnId=41bdc6fc-f730-460f-b2d8-92157d986a72 for containerID=#20 failed. Corresponding entry not found.
2021-08-14 14:05:29,601 [EventQueue-DeleteBlockStatusForDeletedBlockLogImpl] DEBUG block.DeletedBlockLogImpl (DeletedBlockLogImpl.java:isTransactionFailed(278)) - Got block deletion ACK from datanode, TXIDs=21, success=true
2021-08-14 14:05:29,601 [EventQueue-DeleteBlockStatusForDeletedBlockLogImpl] DEBUG block.DeletedBlockLogImpl (DeletedBlockLogImpl.java:commitTransactions(224)) - Transaction txId=21 commit by dnId=41bdc6fc-f730-460f-b2d8-92157d986a72 for containerID=#21 failed. Corresponding entry not found.
2021-08-14 14:05:29,601 [EventQueue-DeleteBlockStatusForDeletedBlockLogImpl] DEBUG block.DeletedBlockLogImpl (DeletedBlockLogImpl.java:isTransactionFailed(278)) - Got block deletion ACK from datanode, TXIDs=22, success=true
2021-08-14 14:05:29,601 [EventQueue-DeleteBlockStatusForDeletedBlockLogImpl] DEBUG block.DeletedBlockLogImpl (DeletedBlockLogImpl.java:commitTransactions(224)) - Transaction txId=22 commit by dnId=41bdc6fc-f730-460f-b2d8-92157d986a72 for containerID=#22 failed. Corresponding entry not found.
2021-08-14 14:05:29,601 [EventQueue-DeleteBlockStatusForDeletedBlockLogImpl] DEBUG block.DeletedBlockLogImpl (DeletedBlockLogImpl.java:isTransactionFailed(278)) - Got block deletion ACK from datanode, TXIDs=23, success=true
2021-08-14 14:05:29,602 [EventQueue-DeleteBlockStatusForDeletedBlockLogImpl] DEBUG block.DeletedBlockLogImpl (DeletedBlockLogImpl.java:commitTransactions(224)) - Transaction txId=23 commit by dnId=41bdc6fc-f730-460f-b2d8-92157d986a72 for containerID=#23 failed. Corresponding entry not found.
2021-08-14 14:05:29,602 [EventQueue-DeleteBlockStatusForDeletedBlockLogImpl] DEBUG block.DeletedBlockLogImpl (DeletedBlockLogImpl.java:isTransactionFailed(278)) - Got block deletion ACK from datanode, TXIDs=24, success=true
2021-08-14 14:05:29,602 [EventQueue-DeleteBlockStatusForDeletedBlockLogImpl] DEBUG block.DeletedBlockLogImpl (DeletedBlockLogImpl.java:commitTransactions(224)) - Transaction txId=24 commit by dnId=41bdc6fc-f730-460f-b2d8-92157d986a72 for containerID=#24 failed. Corresponding entry not found.
2021-08-14 14:05:29,602 [EventQueue-DeleteBlockStatusForDeletedBlockLogImpl] DEBUG block.DeletedBlockLogImpl (DeletedBlockLogImpl.java:isTransactionFailed(278)) - Got block deletion ACK from datanode, TXIDs=25, success=true
2021-08-14 14:05:29,602 [EventQueue-DeleteBlockStatusForDeletedBlockLogImpl] DEBUG block.DeletedBlockLogImpl (DeletedBlockLogImpl.java:commitTransactions(224)) - Transaction txId=25 commit by dnId=41bdc6fc-f730-460f-b2d8-92157d986a72 for containerID=#25 failed. Corresponding entry not found.
2021-08-14 14:05:29,602 [EventQueue-DeleteBlockStatusForDeletedBlockLogImpl] DEBUG block.DeletedBlockLogImpl (DeletedBlockLogImpl.java:isTransactionFailed(278)) - Got block deletion ACK from datanode, TXIDs=26, success=true
2021-08-14 14:05:29,602 [EventQueue-DeleteBlockStatusForDeletedBlockLogImpl] DEBUG block.DeletedBlockLogImpl (DeletedBlockLogImpl.java:commitTransactions(224)) - Transaction txId=26 commit by dnId=41bdc6fc-f730-460f-b2d8-92157d986a72 for containerID=#26 failed. Corresponding entry not found.
2021-08-14 14:05:29,602 [EventQueue-DeleteBlockStatusForDeletedBlockLogImpl] DEBUG block.DeletedBlockLogImpl (DeletedBlockLogImpl.java:isTransactionFailed(278)) - Got block deletion ACK from datanode, TXIDs=27, success=true
2021-08-14 14:05:29,602 [EventQueue-DeleteBlockStatusForDeletedBlockLogImpl] DEBUG block.DeletedBlockLogImpl (DeletedBlockLogImpl.java:commitTransactions(224)) - Transaction txId=27 commit by dnId=41bdc6fc-f730-460f-b2d8-92157d986a72 for containerID=#27 failed. Corresponding entry not found.
2021-08-14 14:05:29,602 [EventQueue-DeleteBlockStatusForDeletedBlockLogImpl] DEBUG block.DeletedBlockLogImpl (DeletedBlockLogImpl.java:isTransactionFailed(278)) - Got block deletion ACK from datanode, TXIDs=28, success=true
2021-08-14 14:05:29,602 [EventQueue-DeleteBlockStatusForDeletedBlockLogImpl] DEBUG block.DeletedBlockLogImpl (DeletedBlockLogImpl.java:commitTransactions(224)) - Transaction txId=28 commit by dnId=41bdc6fc-f730-460f-b2d8-92157d986a72 for containerID=#28 failed. Corresponding entry not found.
2021-08-14 14:05:29,602 [EventQueue-DeleteBlockStatusForDeletedBlockLogImpl] DEBUG block.DeletedBlockLogImpl (DeletedBlockLogImpl.java:isTransactionFailed(278)) - Got block deletion ACK from datanode, TXIDs=29, success=true
2021-08-14 14:05:29,602 [EventQueue-DeleteBlockStatusForDeletedBlockLogImpl] DEBUG block.DeletedBlockLogImpl (DeletedBlockLogImpl.java:commitTransactions(224)) - Transaction txId=29 commit by dnId=41bdc6fc-f730-460f-b2d8-92157d986a72 for containerID=#29 failed. Corresponding entry not found.
2021-08-14 14:05:29,602 [EventQueue-DeleteBlockStatusForDeletedBlockLogImpl] DEBUG block.DeletedBlockLogImpl (DeletedBlockLogImpl.java:isTransactionFailed(278)) - Got block deletion ACK from datanode, TXIDs=30, success=true
2021-08-14 14:05:29,602 [EventQueue-DeleteBlockStatusForDeletedBlockLogImpl] DEBUG block.DeletedBlockLogImpl (DeletedBlockLogImpl.java:commitTransactions(224)) - Transaction txId=30 commit by dnId=41bdc6fc-f730-460f-b2d8-92157d986a72 for containerID=#30 failed. Corresponding entry not found.
2021-08-14 14:05:29,602 [EventQueue-DeleteBlockStatusForDeletedBlockLogImpl] DEBUG block.DeletedBlockLogImpl (DeletedBlockLogImpl.java:isTransactionFailed(278)) - Got block deletion ACK from datanode, TXIDs=31, success=true
2021-08-14 14:05:29,602 [EventQueue-DeleteBlockStatusForDeletedBlockLogImpl] DEBUG block.DeletedBlockLogImpl (DeletedBlockLogImpl.java:commitTransactions(224)) - Transaction txId=31 commit by dnId=41bdc6fc-f730-460f-b2d8-92157d986a72 for containerID=#31 failed. Corresponding entry not found.
2021-08-14 14:05:29,602 [EventQueue-DeleteBlockStatusForDeletedBlockLogImpl] DEBUG block.DeletedBlockLogImpl (DeletedBlockLogImpl.java:isTransactionFailed(278)) - Got block deletion ACK from datanode, TXIDs=32, success=true
2021-08-14 14:05:29,602 [EventQueue-DeleteBlockStatusForDeletedBlockLogImpl] DEBUG block.DeletedBlockLogImpl (DeletedBlockLogImpl.java:commitTransactions(224)) - Transaction txId=32 commit by dnId=41bdc6fc-f730-460f-b2d8-92157d986a72 for containerID=#32 failed. Corresponding entry not found.
2021-08-14 14:05:29,602 [EventQueue-DeleteBlockStatusForDeletedBlockLogImpl] DEBUG block.DeletedBlockLogImpl (DeletedBlockLogImpl.java:isTransactionFailed(278)) - Got block deletion ACK from datanode, TXIDs=33, success=true
2021-08-14 14:05:29,602 [EventQueue-DeleteBlockStatusForDeletedBlockLogImpl] DEBUG block.DeletedBlockLogImpl (DeletedBlockLogImpl.java:commitTransactions(224)) - Transaction txId=33 commit by dnId=41bdc6fc-f730-460f-b2d8-92157d986a72 for containerID=#33 failed. Corresponding entry not found.
2021-08-14 14:05:29,602 [EventQueue-DeleteBlockStatusForDeletedBlockLogImpl] DEBUG block.DeletedBlockLogImpl (DeletedBlockLogImpl.java:isTransactionFailed(278)) - Got block deletion ACK from datanode, TXIDs=34, success=true
2021-08-14 14:05:29,602 [EventQueue-DeleteBlockStatusForDeletedBlockLogImpl] DEBUG block.DeletedBlockLogImpl (DeletedBlockLogImpl.java:commitTransactions(224)) - Transaction txId=34 commit by dnId=41bdc6fc-f730-460f-b2d8-92157d986a72 for containerID=#34 failed. Corresponding entry not found.
2021-08-14 14:05:29,602 [EventQueue-DeleteBlockStatusForDeletedBlockLogImpl] DEBUG block.DeletedBlockLogImpl (DeletedBlockLogImpl.java:isTransactionFailed(278)) - Got block deletion ACK from datanode, TXIDs=35, success=true
2021-08-14 14:05:29,602 [EventQueue-DeleteBlockStatusForDeletedBlockLogImpl] DEBUG block.DeletedBlockLogImpl (DeletedBlockLogImpl.java:commitTransactions(224)) - Transaction txId=35 commit by dnId=41bdc6fc-f730-460f-b2d8-92157d986a72 for containerID=#35 failed. Corresponding entry not found.
2021-08-14 14:05:29,602 [EventQueue-DeleteBlockStatusForDeletedBlockLogImpl] DEBUG block.DeletedBlockLogImpl (DeletedBlockLogImpl.java:isTransactionFailed(278)) - Got block deletion ACK from datanode, TXIDs=36, success=true
2021-08-14 14:05:29,602 [EventQueue-DeleteBlockStatusForDeletedBlockLogImpl] DEBUG block.DeletedBlockLogImpl (DeletedBlockLogImpl.java:commitTransactions(224)) - Transaction txId=36 commit by dnId=41bdc6fc-f730-460f-b2d8-92157d986a72 for containerID=#36 failed. Corresponding entry not found.
2021-08-14 14:05:29,602 [EventQueue-DeleteBlockStatusForDeletedBlockLogImpl] DEBUG block.DeletedBlockLogImpl (DeletedBlockLogImpl.java:isTransactionFailed(278)) - Got block deletion ACK from datanode, TXIDs=37, success=true
2021-08-14 14:05:29,602 [EventQueue-DeleteBlockStatusForDeletedBlockLogImpl] DEBUG block.DeletedBlockLogImpl (DeletedBlockLogImpl.java:commitTransactions(224)) - Transaction txId=37 commit by dnId=41bdc6fc-f730-460f-b2d8-92157d986a72 for containerID=#37 failed. Corresponding entry not found.
2021-08-14 14:05:29,605 [EventQueue-DeleteBlockStatusForDeletedBlockLogImpl] DEBUG block.DeletedBlockLogImpl (DeletedBlockLogImpl.java:isTransactionFailed(278)) - Got block deletion ACK from datanode, TXIDs=38, success=true
2021-08-14 14:05:29,605 [EventQueue-DeleteBlockStatusForDeletedBlockLogImpl] DEBUG block.DeletedBlockLogImpl (DeletedBlockLogImpl.java:commitTransactions(224)) - Transaction txId=38 commit by dnId=41bdc6fc-f730-460f-b2d8-92157d986a72 for containerID=#38 failed. Corresponding entry not found.
2021-08-14 14:05:29,605 [EventQueue-DeleteBlockStatusForDeletedBlockLogImpl] DEBUG block.DeletedBlockLogImpl (DeletedBlockLogImpl.java:isTransactionFailed(278)) - Got block deletion ACK from datanode, TXIDs=39, success=true
2021-08-14 14:05:29,605 [EventQueue-DeleteBlockStatusForDeletedBlockLogImpl] DEBUG block.DeletedBlockLogImpl (DeletedBlockLogImpl.java:commitTransactions(224)) - Transaction txId=39 commit by dnId=41bdc6fc-f730-460f-b2d8-92157d986a72 for containerID=#39 failed. Corresponding entry not found.
2021-08-14 14:05:29,605 [EventQueue-DeleteBlockStatusForDeletedBlockLogImpl] DEBUG block.DeletedBlockLogImpl (DeletedBlockLogImpl.java:isTransactionFailed(278)) - Got block deletion ACK from datanode, TXIDs=40, success=true
2021-08-14 14:05:29,605 [EventQueue-DeleteBlockStatusForDeletedBlockLogImpl] DEBUG block.DeletedBlockLogImpl (DeletedBlockLogImpl.java:commitTransactions(224)) - Transaction txId=40 commit by dnId=41bdc6fc-f730-460f-b2d8-92157d986a72 for containerID=#40 failed. Corresponding entry not found.
2021-08-14 14:05:29,605 [EventQueue-DeleteBlockStatusForDeletedBlockLogImpl] DEBUG block.DeletedBlockLogImpl (DeletedBlockLogImpl.java:isTransactionFailed(278)) - Got block deletion ACK from datanode, TXIDs=41, success=true
2021-08-14 14:05:29,605 [EventQueue-DeleteBlockStatusForDeletedBlockLogImpl] DEBUG block.DeletedBlockLogImpl (DeletedBlockLogImpl.java:commitTransactions(224)) - Transaction txId=41 commit by dnId=41bdc6fc-f730-460f-b2d8-92157d986a72 for containerID=#41 failed. Corresponding entry not found.
2021-08-14 14:05:29,605 [EventQueue-DeleteBlockStatusForDeletedBlockLogImpl] DEBUG block.DeletedBlockLogImpl (DeletedBlockLogImpl.java:isTransactionFailed(278)) - Got block deletion ACK from datanode, TXIDs=42, success=true
2021-08-14 14:05:29,605 [EventQueue-DeleteBlockStatusForDeletedBlockLogImpl] DEBUG block.DeletedBlockLogImpl (DeletedBlockLogImpl.java:commitTransactions(224)) - Transaction txId=42 commit by dnId=41bdc6fc-f730-460f-b2d8-92157d986a72 for containerID=#42 failed. Corresponding entry not found.
2021-08-14 14:05:29,605 [EventQueue-DeleteBlockStatusForDeletedBlockLogImpl] DEBUG block.DeletedBlockLogImpl (DeletedBlockLogImpl.java:isTransactionFailed(278)) - Got block deletion ACK from datanode, TXIDs=43, success=true
2021-08-14 14:05:29,605 [EventQueue-DeleteBlockStatusForDeletedBlockLogImpl] DEBUG block.DeletedBlockLogImpl (DeletedBlockLogImpl.java:commitTransactions(224)) - Transaction txId=43 commit by dnId=41bdc6fc-f730-460f-b2d8-92157d986a72 for containerID=#43 failed. Corresponding entry not found.
2021-08-14 14:05:29,605 [EventQueue-DeleteBlockStatusForDeletedBlockLogImpl] DEBUG block.DeletedBlockLogImpl (DeletedBlockLogImpl.java:isTransactionFailed(278)) - Got block deletion ACK from datanode, TXIDs=44, success=true
2021-08-14 14:05:29,605 [EventQueue-DeleteBlockStatusForDeletedBlockLogImpl] DEBUG block.DeletedBlockLogImpl (DeletedBlockLogImpl.java:commitTransactions(224)) - Transaction txId=44 commit by dnId=41bdc6fc-f730-460f-b2d8-92157d986a72 for containerID=#44 failed. Corresponding entry not found.
2021-08-14 14:05:29,606 [EventQueue-DeleteBlockStatusForDeletedBlockLogImpl] DEBUG block.DeletedBlockLogImpl (DeletedBlockLogImpl.java:isTransactionFailed(278)) - Got block deletion ACK from datanode, TXIDs=45, success=true
2021-08-14 14:05:29,606 [EventQueue-DeleteBlockStatusForDeletedBlockLogImpl] DEBUG block.DeletedBlockLogImpl (DeletedBlockLogImpl.java:commitTransactions(224)) - Transaction txId=45 commit by dnId=41bdc6fc-f730-460f-b2d8-92157d986a72 for containerID=#45 failed. Corresponding entry not found.
2021-08-14 14:05:29,606 [EventQueue-DeleteBlockStatusForDeletedBlockLogImpl] DEBUG block.DeletedBlockLogImpl (DeletedBlockLogImpl.java:isTransactionFailed(278)) - Got block deletion ACK from datanode, TXIDs=46, success=true
2021-08-14 14:05:29,606 [EventQueue-DeleteBlockStatusForDeletedBlockLogImpl] DEBUG block.DeletedBlockLogImpl (DeletedBlockLogImpl.java:commitTransactions(224)) - Transaction txId=46 commit by dnId=41bdc6fc-f730-460f-b2d8-92157d986a72 for containerID=#46 failed. Corresponding entry not found.
2021-08-14 14:05:29,606 [EventQueue-DeleteBlockStatusForDeletedBlockLogImpl] DEBUG block.DeletedBlockLogImpl (DeletedBlockLogImpl.java:isTransactionFailed(278)) - Got block deletion ACK from datanode, TXIDs=47, success=true
2021-08-14 14:05:29,606 [EventQueue-DeleteBlockStatusForDeletedBlockLogImpl] DEBUG block.DeletedBlockLogImpl (DeletedBlockLogImpl.java:commitTransactions(224)) - Transaction txId=47 commit by dnId=41bdc6fc-f730-460f-b2d8-92157d986a72 for containerID=#47 failed. Corresponding entry not found.
2021-08-14 14:05:29,606 [EventQueue-DeleteBlockStatusForDeletedBlockLogImpl] DEBUG block.DeletedBlockLogImpl (DeletedBlockLogImpl.java:isTransactionFailed(278)) - Got block deletion ACK from datanode, TXIDs=48, success=true
2021-08-14 14:05:29,606 [EventQueue-DeleteBlockStatusForDeletedBlockLogImpl] DEBUG block.DeletedBlockLogImpl (DeletedBlockLogImpl.java:commitTransactions(224)) - Transaction txId=48 commit by dnId=41bdc6fc-f730-460f-b2d8-92157d986a72 for containerID=#48 failed. Corresponding entry not found.
2021-08-14 14:05:29,606 [EventQueue-DeleteBlockStatusForDeletedBlockLogImpl] DEBUG block.DeletedBlockLogImpl (DeletedBlockLogImpl.java:isTransactionFailed(278)) - Got block deletion ACK from datanode, TXIDs=49, success=true
2021-08-14 14:05:29,606 [EventQueue-DeleteBlockStatusForDeletedBlockLogImpl] DEBUG block.DeletedBlockLogImpl (DeletedBlockLogImpl.java:commitTransactions(224)) - Transaction txId=49 commit by dnId=41bdc6fc-f730-460f-b2d8-92157d986a72 for containerID=#49 failed. Corresponding entry not found.
2021-08-14 14:05:29,606 [EventQueue-DeleteBlockStatusForDeletedBlockLogImpl] DEBUG block.DeletedBlockLogImpl (DeletedBlockLogImpl.java:isTransactionFailed(278)) - Got block deletion ACK from datanode, TXIDs=50, success=true
2021-08-14 14:05:29,606 [EventQueue-DeleteBlockStatusForDeletedBlockLogImpl] DEBUG block.DeletedBlockLogImpl (DeletedBlockLogImpl.java:commitTransactions(224)) - Transaction txId=50 commit by dnId=41bdc6fc-f730-460f-b2d8-92157d986a72 for containerID=#50 failed. Corresponding entry not found.
2021-08-14 14:05:29,606 [EventQueue-DeleteBlockStatusForDeletedBlockLogImpl] DEBUG block.DeletedBlockLogImpl (DeletedBlockLogImpl.java:isTransactionFailed(278)) - Got block deletion ACK from datanode, TXIDs=51, success=true
2021-08-14 14:05:29,606 [EventQueue-DeleteBlockStatusForDeletedBlockLogImpl] DEBUG block.DeletedBlockLogImpl (DeletedBlockLogImpl.java:commitTransactions(224)) - Transaction txId=51 commit by dnId=41bdc6fc-f730-460f-b2d8-92157d986a72 for containerID=#51 failed. Corresponding entry not found.
2021-08-14 14:05:29,606 [EventQueue-DeleteBlockStatusForDeletedBlockLogImpl] DEBUG block.DeletedBlockLogImpl (DeletedBlockLogImpl.java:isTransactionFailed(278)) - Got block deletion ACK from datanode, TXIDs=52, success=true
2021-08-14 14:05:29,606 [EventQueue-DeleteBlockStatusForDeletedBlockLogImpl] DEBUG block.DeletedBlockLogImpl (DeletedBlockLogImpl.java:commitTransactions(224)) - Transaction txId=52 commit by dnId=41bdc6fc-f730-460f-b2d8-92157d986a72 for containerID=#52 failed. Corresponding entry not found.
2021-08-14 14:05:29,606 [EventQueue-DeleteBlockStatusForDeletedBlockLogImpl] DEBUG block.DeletedBlockLogImpl (DeletedBlockLogImpl.java:isTransactionFailed(278)) - Got block deletion ACK from datanode, TXIDs=53, success=true
2021-08-14 14:05:29,606 [EventQueue-DeleteBlockStatusForDeletedBlockLogImpl] DEBUG block.DeletedBlockLogImpl (DeletedBlockLogImpl.java:commitTransactions(224)) - Transaction txId=53 commit by dnId=41bdc6fc-f730-460f-b2d8-92157d986a72 for containerID=#53 failed. Corresponding entry not found.
2021-08-14 14:05:29,606 [EventQueue-DeleteBlockStatusForDeletedBlockLogImpl] DEBUG block.DeletedBlockLogImpl (DeletedBlockLogImpl.java:isTransactionFailed(278)) - Got block deletion ACK from datanode, TXIDs=54, success=true
2021-08-14 14:05:29,606 [EventQueue-DeleteBlockStatusForDeletedBlockLogImpl] DEBUG block.DeletedBlockLogImpl (DeletedBlockLogImpl.java:commitTransactions(224)) - Transaction txId=54 commit by dnId=41bdc6fc-f730-460f-b2d8-92157d986a72 for containerID=#54 failed. Corresponding entry not found.
2021-08-14 14:05:29,606 [EventQueue-DeleteBlockStatusForDeletedBlockLogImpl] DEBUG block.DeletedBlockLogImpl (DeletedBlockLogImpl.java:isTransactionFailed(278)) - Got block deletion ACK from datanode, TXIDs=55, success=true
2021-08-14 14:05:29,606 [EventQueue-DeleteBlockStatusForDeletedBlockLogImpl] DEBUG block.DeletedBlockLogImpl (DeletedBlockLogImpl.java:commitTransactions(224)) - Transaction txId=55 commit by dnId=41bdc6fc-f730-460f-b2d8-92157d986a72 for containerID=#55 failed. Corresponding entry not found.
2021-08-14 14:05:29,606 [EventQueue-DeleteBlockStatusForDeletedBlockLogImpl] DEBUG block.DeletedBlockLogImpl (DeletedBlockLogImpl.java:isTransactionFailed(278)) - Got block deletion ACK from datanode, TXIDs=56, success=true
2021-08-14 14:05:29,606 [EventQueue-DeleteBlockStatusForDeletedBlockLogImpl] DEBUG block.DeletedBlockLogImpl (DeletedBlockLogImpl.java:commitTransactions(224)) - Transaction txId=56 commit by dnId=41bdc6fc-f730-460f-b2d8-92157d986a72 for containerID=#56 failed. Corresponding entry not found.
2021-08-14 14:05:29,606 [EventQueue-DeleteBlockStatusForDeletedBlockLogImpl] DEBUG block.DeletedBlockLogImpl (DeletedBlockLogImpl.java:isTransactionFailed(278)) - Got block deletion ACK from datanode, TXIDs=1, success=true
2021-08-14 14:05:29,606 [EventQueue-DeleteBlockStatusForDeletedBlockLogImpl] DEBUG block.DeletedBlockLogImpl (DeletedBlockLogImpl.java:commitTransactions(224)) - Transaction txId=1 commit by dnId=41bdc6fc-f730-460f-b2d8-92157d986a72 for containerID=#1 failed. Corresponding entry not found.
2021-08-14 14:05:29,606 [EventQueue-DeleteBlockStatusForDeletedBlockLogImpl] DEBUG block.DeletedBlockLogImpl (DeletedBlockLogImpl.java:isTransactionFailed(278)) - Got block deletion ACK from datanode, TXIDs=2, success=true
2021-08-14 14:05:29,606 [EventQueue-DeleteBlockStatusForDeletedBlockLogImpl] DEBUG block.DeletedBlockLogImpl (DeletedBlockLogImpl.java:commitTransactions(224)) - Transaction txId=2 commit by dnId=41bdc6fc-f730-460f-b2d8-92157d986a72 for containerID=#2 failed. Corresponding entry not found.
2021-08-14 14:05:29,606 [EventQueue-DeleteBlockStatusForDeletedBlockLogImpl] DEBUG block.DeletedBlockLogImpl (DeletedBlockLogImpl.java:isTransactionFailed(278)) - Got block deletion ACK from datanode, TXIDs=3, success=true
2021-08-14 14:05:29,606 [EventQueue-DeleteBlockStatusForDeletedBlockLogImpl] DEBUG block.DeletedBlockLogImpl (DeletedBlockLogImpl.java:commitTransactions(224)) - Transaction txId=3 commit by dnId=41bdc6fc-f730-460f-b2d8-92157d986a72 for containerID=#3 failed. Corresponding entry not found.
2021-08-14 14:05:29,606 [EventQueue-DeleteBlockStatusForDeletedBlockLogImpl] DEBUG block.DeletedBlockLogImpl (DeletedBlockLogImpl.java:isTransactionFailed(278)) - Got block deletion ACK from datanode, TXIDs=4, success=true
2021-08-14 14:05:29,606 [EventQueue-DeleteBlockStatusForDeletedBlockLogImpl] DEBUG block.DeletedBlockLogImpl (DeletedBlockLogImpl.java:commitTransactions(224)) - Transaction txId=4 commit by dnId=41bdc6fc-f730-460f-b2d8-92157d986a72 for containerID=#4 failed. Corresponding entry not found.
2021-08-14 14:05:29,606 [EventQueue-DeleteBlockStatusForDeletedBlockLogImpl] DEBUG block.DeletedBlockLogImpl (DeletedBlockLogImpl.java:isTransactionFailed(278)) - Got block deletion ACK from datanode, TXIDs=5, success=true
2021-08-14 14:05:29,606 [EventQueue-DeleteBlockStatusForDeletedBlockLogImpl] DEBUG block.DeletedBlockLogImpl (DeletedBlockLogImpl.java:commitTransactions(224)) - Transaction txId=5 commit by dnId=41bdc6fc-f730-460f-b2d8-92157d986a72 for containerID=#5 failed. Corresponding entry not found.
2021-08-14 14:05:29,606 [EventQueue-DeleteBlockStatusForDeletedBlockLogImpl] DEBUG block.DeletedBlockLogImpl (DeletedBlockLogImpl.java:isTransactionFailed(278)) - Got block deletion ACK from datanode, TXIDs=6, success=true
2021-08-14 14:05:29,606 [EventQueue-DeleteBlockStatusForDeletedBlockLogImpl] DEBUG block.DeletedBlockLogImpl (DeletedBlockLogImpl.java:commitTransactions(224)) - Transaction txId=6 commit by dnId=41bdc6fc-f730-460f-b2d8-92157d986a72 for containerID=#6 failed. Corresponding entry not found.
2021-08-14 14:05:29,606 [EventQueue-DeleteBlockStatusForDeletedBlockLogImpl] DEBUG block.DeletedBlockLogImpl (DeletedBlockLogImpl.java:isTransactionFailed(278)) - Got block deletion ACK from datanode, TXIDs=7, success=true
2021-08-14 14:05:29,606 [EventQueue-DeleteBlockStatusForDeletedBlockLogImpl] DEBUG block.DeletedBlockLogImpl (DeletedBlockLogImpl.java:commitTransactions(224)) - Transaction txId=7 commit by dnId=41bdc6fc-f730-460f-b2d8-92157d986a72 for containerID=#7 failed. Corresponding entry not found.
2021-08-14 14:05:29,606 [EventQueue-DeleteBlockStatusForDeletedBlockLogImpl] DEBUG block.DeletedBlockLogImpl (DeletedBlockLogImpl.java:isTransactionFailed(278)) - Got block deletion ACK from datanode, TXIDs=8, success=true
2021-08-14 14:05:29,606 [EventQueue-DeleteBlockStatusForDeletedBlockLogImpl] DEBUG block.DeletedBlockLogImpl (DeletedBlockLogImpl.java:commitTransactions(224)) - Transaction txId=8 commit by dnId=41bdc6fc-f730-460f-b2d8-92157d986a72 for containerID=#8 failed. Corresponding entry not found.
2021-08-14 14:05:29,606 [EventQueue-DeleteBlockStatusForDeletedBlockLogImpl] DEBUG block.DeletedBlockLogImpl (DeletedBlockLogImpl.java:isTransactionFailed(278)) - Got block deletion ACK from datanode, TXIDs=9, success=true
2021-08-14 14:05:29,606 [EventQueue-DeleteBlockStatusForDeletedBlockLogImpl] DEBUG block.DeletedBlockLogImpl (DeletedBlockLogImpl.java:commitTransactions(224)) - Transaction txId=9 commit by dnId=41bdc6fc-f730-460f-b2d8-92157d986a72 for containerID=#9 failed. Corresponding entry not found.
2021-08-14 14:05:29,606 [EventQueue-DeleteBlockStatusForDeletedBlockLogImpl] DEBUG block.DeletedBlockLogImpl (DeletedBlockLogImpl.java:isTransactionFailed(278)) - Got block deletion ACK from datanode, TXIDs=10, success=true
2021-08-14 14:05:29,606 [EventQueue-DeleteBlockStatusForDeletedBlockLogImpl] DEBUG block.DeletedBlockLogImpl (DeletedBlockLogImpl.java:commitTransactions(224)) - Transaction txId=10 commit by dnId=41bdc6fc-f730-460f-b2d8-92157d986a72 for containerID=#10 failed. Corresponding entry not found.
2021-08-14 14:05:29,607 [EventQueue-DeleteBlockStatusForDeletedBlockLogImpl] DEBUG block.DeletedBlockLogImpl (DeletedBlockLogImpl.java:isTransactionFailed(278)) - Got block deletion ACK from datanode, TXIDs=11, success=true
2021-08-14 14:05:29,607 [EventQueue-DeleteBlockStatusForDeletedBlockLogImpl] DEBUG block.DeletedBlockLogImpl (DeletedBlockLogImpl.java:commitTransactions(224)) - Transaction txId=11 commit by dnId=41bdc6fc-f730-460f-b2d8-92157d986a72 for containerID=#11 failed. Corresponding entry not found.
2021-08-14 14:05:29,607 [EventQueue-DeleteBlockStatusForDeletedBlockLogImpl] DEBUG block.DeletedBlockLogImpl (DeletedBlockLogImpl.java:isTransactionFailed(278)) - Got block deletion ACK from datanode, TXIDs=12, success=true
2021-08-14 14:05:29,607 [EventQueue-DeleteBlockStatusForDeletedBlockLogImpl] DEBUG block.DeletedBlockLogImpl (DeletedBlockLogImpl.java:commitTransactions(224)) - Transaction txId=12 commit by dnId=41bdc6fc-f730-460f-b2d8-92157d986a72 for containerID=#12 failed. Corresponding entry not found.
2021-08-14 14:05:29,607 [EventQueue-DeleteBlockStatusForDeletedBlockLogImpl] DEBUG block.DeletedBlockLogImpl (DeletedBlockLogImpl.java:isTransactionFailed(278)) - Got block deletion ACK from datanode, TXIDs=13, success=true
2021-08-14 14:05:29,607 [EventQueue-DeleteBlockStatusForDeletedBlockLogImpl] DEBUG block.DeletedBlockLogImpl (DeletedBlockLogImpl.java:commitTransactions(224)) - Transaction txId=13 commit by dnId=41bdc6fc-f730-460f-b2d8-92157d986a72 for containerID=#13 failed. Corresponding entry not found.
2021-08-14 14:05:29,607 [EventQueue-DeleteBlockStatusForDeletedBlockLogImpl] DEBUG block.DeletedBlockLogImpl (DeletedBlockLogImpl.java:isTransactionFailed(278)) - Got block deletion ACK from datanode, TXIDs=14, success=true
2021-08-14 14:05:29,607 [EventQueue-DeleteBlockStatusForDeletedBlockLogImpl] DEBUG block.DeletedBlockLogImpl (DeletedBlockLogImpl.java:commitTransactions(224)) - Transaction txId=14 commit by dnId=41bdc6fc-f730-460f-b2d8-92157d986a72 for containerID=#14 failed. Corresponding entry not found.
2021-08-14 14:05:29,607 [EventQueue-DeleteBlockStatusForDeletedBlockLogImpl] DEBUG block.DeletedBlockLogImpl (DeletedBlockLogImpl.java:isTransactionFailed(278)) - Got block deletion ACK from datanode, TXIDs=15, success=true
2021-08-14 14:05:29,607 [EventQueue-DeleteBlockStatusForDeletedBlockLogImpl] DEBUG block.DeletedBlockLogImpl (DeletedBlockLogImpl.java:commitTransactions(224)) - Transaction txId=15 commit by dnId=41bdc6fc-f730-460f-b2d8-92157d986a72 for containerID=#15 failed. Corresponding entry not found.
2021-08-14 14:05:29,607 [EventQueue-DeleteBlockStatusForDeletedBlockLogImpl] DEBUG block.DeletedBlockLogImpl (DeletedBlockLogImpl.java:isTransactionFailed(278)) - Got block deletion ACK from datanode, TXIDs=16, success=true
2021-08-14 14:05:29,607 [EventQueue-DeleteBlockStatusForDeletedBlockLogImpl] DEBUG block.DeletedBlockLogImpl (DeletedBlockLogImpl.java:commitTransactions(224)) - Transaction txId=16 commit by dnId=41bdc6fc-f730-460f-b2d8-92157d986a72 for containerID=#16 failed. Corresponding entry not found.
2021-08-14 14:05:29,607 [EventQueue-DeleteBlockStatusForDeletedBlockLogImpl] DEBUG block.DeletedBlockLogImpl (DeletedBlockLogImpl.java:isTransactionFailed(278)) - Got block deletion ACK from datanode, TXIDs=17, success=true
2021-08-14 14:05:29,607 [EventQueue-DeleteBlockStatusForDeletedBlockLogImpl] DEBUG block.DeletedBlockLogImpl (DeletedBlockLogImpl.java:commitTransactions(224)) - Transaction txId=17 commit by dnId=41bdc6fc-f730-460f-b2d8-92157d986a72 for containerID=#17 failed. Corresponding entry not found.
2021-08-14 14:05:29,607 [EventQueue-DeleteBlockStatusForDeletedBlockLogImpl] DEBUG block.DeletedBlockLogImpl (DeletedBlockLogImpl.java:isTransactionFailed(278)) - Got block deletion ACK from datanode, TXIDs=18, success=true
2021-08-14 14:05:29,607 [EventQueue-DeleteBlockStatusForDeletedBlockLogImpl] DEBUG block.DeletedBlockLogImpl (DeletedBlockLogImpl.java:commitTransactions(224)) - Transaction txId=18 commit by dnId=41bdc6fc-f730-460f-b2d8-92157d986a72 for containerID=#18 failed. Corresponding entry not found.
2021-08-14 14:05:29,607 [EventQueue-DeleteBlockStatusForDeletedBlockLogImpl] DEBUG block.DeletedBlockLogImpl (DeletedBlockLogImpl.java:isTransactionFailed(278)) - Got block deletion ACK from datanode, TXIDs=19, success=true
2021-08-14 14:05:29,607 [EventQueue-DeleteBlockStatusForDeletedBlockLogImpl] DEBUG block.DeletedBlockLogImpl (DeletedBlockLogImpl.java:commitTransactions(224)) - Transaction txId=19 commit by dnId=41bdc6fc-f730-460f-b2d8-92157d986a72 for containerID=#19 failed. Corresponding entry not found.
2021-08-14 14:05:29,607 [EventQueue-DeleteBlockStatusForDeletedBlockLogImpl] DEBUG block.DeletedBlockLogImpl (DeletedBlockLogImpl.java:isTransactionFailed(278)) - Got block deletion ACK from datanode, TXIDs=20, success=true
2021-08-14 14:05:29,607 [EventQueue-DeleteBlockStatusForDeletedBlockLogImpl] DEBUG block.DeletedBlockLogImpl (DeletedBlockLogImpl.java:commitTransactions(224)) - Transaction txId=20 commit by dnId=41bdc6fc-f730-460f-b2d8-92157d986a72 for containerID=#20 failed. Corresponding entry not found.
2021-08-14 14:05:29,607 [EventQueue-DeleteBlockStatusForDeletedBlockLogImpl] DEBUG block.DeletedBlockLogImpl (DeletedBlockLogImpl.java:isTransactionFailed(278)) - Got block deletion ACK from datanode, TXIDs=21, success=true
2021-08-14 14:05:29,607 [EventQueue-DeleteBlockStatusForDeletedBlockLogImpl] DEBUG block.DeletedBlockLogImpl (DeletedBlockLogImpl.java:commitTransactions(224)) - Transaction txId=21 commit by dnId=41bdc6fc-f730-460f-b2d8-92157d986a72 for containerID=#21 failed. Corresponding entry not found.
2021-08-14 14:05:29,607 [EventQueue-DeleteBlockStatusForDeletedBlockLogImpl] DEBUG block.DeletedBlockLogImpl (DeletedBlockLogImpl.java:isTransactionFailed(278)) - Got block deletion ACK from datanode, TXIDs=22, success=true
2021-08-14 14:05:29,607 [EventQueue-DeleteBlockStatusForDeletedBlockLogImpl] DEBUG block.DeletedBlockLogImpl (DeletedBlockLogImpl.java:commitTransactions(224)) - Transaction txId=22 commit by dnId=41bdc6fc-f730-460f-b2d8-92157d986a72 for containerID=#22 failed. Corresponding entry not found.
2021-08-14 14:05:29,607 [EventQueue-DeleteBlockStatusForDeletedBlockLogImpl] DEBUG block.DeletedBlockLogImpl (DeletedBlockLogImpl.java:isTransactionFailed(278)) - Got block deletion ACK from datanode, TXIDs=23, success=true
2021-08-14 14:05:29,607 [EventQueue-DeleteBlockStatusForDeletedBlockLogImpl] DEBUG block.DeletedBlockLogImpl (DeletedBlockLogImpl.java:commitTransactions(224)) - Transaction txId=23 commit by dnId=41bdc6fc-f730-460f-b2d8-92157d986a72 for containerID=#23 failed. Corresponding entry not found.
2021-08-14 14:05:29,607 [EventQueue-DeleteBlockStatusForDeletedBlockLogImpl] DEBUG block.DeletedBlockLogImpl (DeletedBlockLogImpl.java:isTransactionFailed(278)) - Got block deletion ACK from datanode, TXIDs=24, success=true
2021-08-14 14:05:29,607 [EventQueue-DeleteBlockStatusForDeletedBlockLogImpl] DEBUG block.DeletedBlockLogImpl (DeletedBlockLogImpl.java:commitTransactions(224)) - Transaction txId=24 commit by dnId=41bdc6fc-f730-460f-b2d8-92157d986a72 for containerID=#24 failed. Corresponding entry not found.
2021-08-14 14:05:29,607 [EventQueue-DeleteBlockStatusForDeletedBlockLogImpl] DEBUG block.DeletedBlockLogImpl (DeletedBlockLogImpl.java:isTransactionFailed(278)) - Got block deletion ACK from datanode, TXIDs=25, success=true
2021-08-14 14:05:29,607 [EventQueue-DeleteBlockStatusForDeletedBlockLogImpl] DEBUG block.DeletedBlockLogImpl (DeletedBlockLogImpl.java:commitTransactions(224)) - Transaction txId=25 commit by dnId=41bdc6fc-f730-460f-b2d8-92157d986a72 for containerID=#25 failed. Corresponding entry not found.
2021-08-14 14:05:29,607 [EventQueue-DeleteBlockStatusForDeletedBlockLogImpl] DEBUG block.DeletedBlockLogImpl (DeletedBlockLogImpl.java:isTransactionFailed(278)) - Got block deletion ACK from datanode, TXIDs=26, success=true
2021-08-14 14:05:29,607 [EventQueue-DeleteBlockStatusForDeletedBlockLogImpl] DEBUG block.DeletedBlockLogImpl (DeletedBlockLogImpl.java:commitTransactions(224)) - Transaction txId=26 commit by dnId=41bdc6fc-f730-460f-b2d8-92157d986a72 for containerID=#26 failed. Corresponding entry not found.
2021-08-14 14:05:29,607 [EventQueue-DeleteBlockStatusForDeletedBlockLogImpl] DEBUG block.DeletedBlockLogImpl (DeletedBlockLogImpl.java:isTransactionFailed(278)) - Got block deletion ACK from datanode, TXIDs=27, success=true
2021-08-14 14:05:29,607 [EventQueue-DeleteBlockStatusForDeletedBlockLogImpl] DEBUG block.DeletedBlockLogImpl (DeletedBlockLogImpl.java:commitTransactions(224)) - Transaction txId=27 commit by dnId=41bdc6fc-f730-460f-b2d8-92157d986a72 for containerID=#27 failed. Corresponding entry not found.
2021-08-14 14:05:29,607 [EventQueue-DeleteBlockStatusForDeletedBlockLogImpl] DEBUG block.DeletedBlockLogImpl (DeletedBlockLogImpl.java:isTransactionFailed(278)) - Got block deletion ACK from datanode, TXIDs=28, success=true
2021-08-14 14:05:29,607 [EventQueue-DeleteBlockStatusForDeletedBlockLogImpl] DEBUG block.DeletedBlockLogImpl (DeletedBlockLogImpl.java:commitTransactions(224)) - Transaction txId=28 commit by dnId=41bdc6fc-f730-460f-b2d8-92157d986a72 for containerID=#28 failed. Corresponding entry not found.
2021-08-14 14:05:29,607 [EventQueue-DeleteBlockStatusForDeletedBlockLogImpl] DEBUG block.DeletedBlockLogImpl (DeletedBlockLogImpl.java:isTransactionFailed(278)) - Got block deletion ACK from datanode, TXIDs=29, success=true
2021-08-14 14:05:29,607 [EventQueue-DeleteBlockStatusForDeletedBlockLogImpl] DEBUG block.DeletedBlockLogImpl (DeletedBlockLogImpl.java:commitTransactions(224)) - Transaction txId=29 commit by dnId=41bdc6fc-f730-460f-b2d8-92157d986a72 for containerID=#29 failed. Corresponding entry not found.
2021-08-14 14:05:29,607 [EventQueue-DeleteBlockStatusForDeletedBlockLogImpl] DEBUG block.DeletedBlockLogImpl (DeletedBlockLogImpl.java:isTransactionFailed(278)) - Got block deletion ACK from datanode, TXIDs=30, success=true
2021-08-14 14:05:29,607 [EventQueue-DeleteBlockStatusForDeletedBlockLogImpl] DEBUG block.DeletedBlockLogImpl (DeletedBlockLogImpl.java:commitTransactions(224)) - Transaction txId=30 commit by dnId=41bdc6fc-f730-460f-b2d8-92157d986a72 for containerID=#30 failed. Corresponding entry not found.
2021-08-14 14:05:29,607 [EventQueue-DeleteBlockStatusForDeletedBlockLogImpl] DEBUG block.DeletedBlockLogImpl (DeletedBlockLogImpl.java:isTransactionFailed(278)) - Got block deletion ACK from datanode, TXIDs=31, success=true
2021-08-14 14:05:29,607 [EventQueue-DeleteBlockStatusForDeletedBlockLogImpl] DEBUG block.DeletedBlockLogImpl (DeletedBlockLogImpl.java:commitTransactions(224)) - Transaction txId=31 commit by dnId=41bdc6fc-f730-460f-b2d8-92157d986a72 for containerID=#31 failed. Corresponding entry not found.
2021-08-14 14:05:29,607 [EventQueue-DeleteBlockStatusForDeletedBlockLogImpl] DEBUG block.DeletedBlockLogImpl (DeletedBlockLogImpl.java:isTransactionFailed(278)) - Got block deletion ACK from datanode, TXIDs=32, success=true
2021-08-14 14:05:29,607 [EventQueue-DeleteBlockStatusForDeletedBlockLogImpl] DEBUG block.DeletedBlockLogImpl (DeletedBlockLogImpl.java:commitTransactions(224)) - Transaction txId=32 commit by dnId=41bdc6fc-f730-460f-b2d8-92157d986a72 for containerID=#32 failed. Corresponding entry not found.
2021-08-14 14:05:29,607 [EventQueue-DeleteBlockStatusForDeletedBlockLogImpl] DEBUG block.DeletedBlockLogImpl (DeletedBlockLogImpl.java:isTransactionFailed(278)) - Got block deletion ACK from datanode, TXIDs=33, success=true
2021-08-14 14:05:29,608 [EventQueue-DeleteBlockStatusForDeletedBlockLogImpl] DEBUG block.DeletedBlockLogImpl (DeletedBlockLogImpl.java:commitTransactions(224)) - Transaction txId=33 commit by dnId=41bdc6fc-f730-460f-b2d8-92157d986a72 for containerID=#33 failed. Corresponding entry not found.
2021-08-14 14:05:29,608 [EventQueue-DeleteBlockStatusForDeletedBlockLogImpl] DEBUG block.DeletedBlockLogImpl (DeletedBlockLogImpl.java:isTransactionFailed(278)) - Got block deletion ACK from datanode, TXIDs=34, success=true
2021-08-14 14:05:29,608 [EventQueue-DeleteBlockStatusForDeletedBlockLogImpl] DEBUG block.DeletedBlockLogImpl (DeletedBlockLogImpl.java:commitTransactions(224)) - Transaction txId=34 commit by dnId=41bdc6fc-f730-460f-b2d8-92157d986a72 for containerID=#34 failed. Corresponding entry not found.
2021-08-14 14:05:29,608 [EventQueue-DeleteBlockStatusForDeletedBlockLogImpl] DEBUG block.DeletedBlockLogImpl (DeletedBlockLogImpl.java:isTransactionFailed(278)) - Got block deletion ACK from datanode, TXIDs=35, success=true
2021-08-14 14:05:29,608 [EventQueue-DeleteBlockStatusForDeletedBlockLogImpl] DEBUG block.DeletedBlockLogImpl (DeletedBlockLogImpl.java:commitTransactions(224)) - Transaction txId=35 commit by dnId=41bdc6fc-f730-460f-b2d8-92157d986a72 for containerID=#35 failed. Corresponding entry not found.
2021-08-14 14:05:29,608 [EventQueue-DeleteBlockStatusForDeletedBlockLogImpl] DEBUG block.DeletedBlockLogImpl (DeletedBlockLogImpl.java:isTransactionFailed(278)) - Got block deletion ACK from datanode, TXIDs=36, success=true
2021-08-14 14:05:29,608 [EventQueue-DeleteBlockStatusForDeletedBlockLogImpl] DEBUG block.DeletedBlockLogImpl (DeletedBlockLogImpl.java:commitTransactions(224)) - Transaction txId=36 commit by dnId=41bdc6fc-f730-460f-b2d8-92157d986a72 for containerID=#36 failed. Corresponding entry not found.
2021-08-14 14:05:29,608 [EventQueue-DeleteBlockStatusForDeletedBlockLogImpl] DEBUG block.DeletedBlockLogImpl (DeletedBlockLogImpl.java:isTransactionFailed(278)) - Got block deletion ACK from datanode, TXIDs=37, success=true
2021-08-14 14:05:29,608 [EventQueue-DeleteBlockStatusForDeletedBlockLogImpl] DEBUG block.DeletedBlockLogImpl (DeletedBlockLogImpl.java:commitTransactions(224)) - Transaction txId=37 commit by dnId=41bdc6fc-f730-460f-b2d8-92157d986a72 for containerID=#37 failed. Corresponding entry not found.
2021-08-14 14:05:29,608 [EventQueue-DeleteBlockStatusForDeletedBlockLogImpl] DEBUG block.DeletedBlockLogImpl (DeletedBlockLogImpl.java:isTransactionFailed(278)) - Got block deletion ACK from datanode, TXIDs=38, success=true
2021-08-14 14:05:29,608 [EventQueue-DeleteBlockStatusForDeletedBlockLogImpl] DEBUG block.DeletedBlockLogImpl (DeletedBlockLogImpl.java:commitTransactions(224)) - Transaction txId=38 commit by dnId=41bdc6fc-f730-460f-b2d8-92157d986a72 for containerID=#38 failed. Corresponding entry not found.
2021-08-14 14:05:29,608 [EventQueue-DeleteBlockStatusForDeletedBlockLogImpl] DEBUG block.DeletedBlockLogImpl (DeletedBlockLogImpl.java:isTransactionFailed(278)) - Got block deletion ACK from datanode, TXIDs=39, success=true
2021-08-14 14:05:29,608 [EventQueue-DeleteBlockStatusForDeletedBlockLogImpl] DEBUG block.DeletedBlockLogImpl (DeletedBlockLogImpl.java:commitTransactions(224)) - Transaction txId=39 commit by dnId=41bdc6fc-f730-460f-b2d8-92157d986a72 for containerID=#39 failed. Corresponding entry not found.
2021-08-14 14:05:29,608 [EventQueue-DeleteBlockStatusForDeletedBlockLogImpl] DEBUG block.DeletedBlockLogImpl (DeletedBlockLogImpl.java:isTransactionFailed(278)) - Got block deletion ACK from datanode, TXIDs=40, success=true
2021-08-14 14:05:29,608 [EventQueue-DeleteBlockStatusForDeletedBlockLogImpl] DEBUG block.DeletedBlockLogImpl (DeletedBlockLogImpl.java:commitTransactions(224)) - Transaction txId=40 commit by dnId=41bdc6fc-f730-460f-b2d8-92157d986a72 for containerID=#40 failed. Corresponding entry not found.
2021-08-14 14:05:29,608 [EventQueue-DeleteBlockStatusForDeletedBlockLogImpl] DEBUG block.DeletedBlockLogImpl (DeletedBlockLogImpl.java:isTransactionFailed(278)) - Got block deletion ACK from datanode, TXIDs=41, success=true
2021-08-14 14:05:29,608 [EventQueue-DeleteBlockStatusForDeletedBlockLogImpl] DEBUG block.DeletedBlockLogImpl (DeletedBlockLogImpl.java:commitTransactions(224)) - Transaction txId=41 commit by dnId=41bdc6fc-f730-460f-b2d8-92157d986a72 for containerID=#41 failed. Corresponding entry not found.
2021-08-14 14:05:29,608 [EventQueue-DeleteBlockStatusForDeletedBlockLogImpl] DEBUG block.DeletedBlockLogImpl (DeletedBlockLogImpl.java:isTransactionFailed(278)) - Got block deletion ACK from datanode, TXIDs=42, success=true
2021-08-14 14:05:29,608 [EventQueue-DeleteBlockStatusForDeletedBlockLogImpl] DEBUG block.DeletedBlockLogImpl (DeletedBlockLogImpl.java:commitTransactions(224)) - Transaction txId=42 commit by dnId=41bdc6fc-f730-460f-b2d8-92157d986a72 for containerID=#42 failed. Corresponding entry not found.
2021-08-14 14:05:29,608 [EventQueue-DeleteBlockStatusForDeletedBlockLogImpl] DEBUG block.DeletedBlockLogImpl (DeletedBlockLogImpl.java:isTransactionFailed(278)) - Got block deletion ACK from datanode, TXIDs=43, success=true
2021-08-14 14:05:29,608 [EventQueue-DeleteBlockStatusForDeletedBlockLogImpl] DEBUG block.DeletedBlockLogImpl (DeletedBlockLogImpl.java:commitTransactions(224)) - Transaction txId=43 commit by dnId=41bdc6fc-f730-460f-b2d8-92157d986a72 for containerID=#43 failed. Corresponding entry not found.
2021-08-14 14:05:29,608 [EventQueue-DeleteBlockStatusForDeletedBlockLogImpl] DEBUG block.DeletedBlockLogImpl (DeletedBlockLogImpl.java:isTransactionFailed(278)) - Got block deletion ACK from datanode, TXIDs=44, success=true
2021-08-14 14:05:29,608 [EventQueue-DeleteBlockStatusForDeletedBlockLogImpl] DEBUG block.DeletedBlockLogImpl (DeletedBlockLogImpl.java:commitTransactions(224)) - Transaction txId=44 commit by dnId=41bdc6fc-f730-460f-b2d8-92157d986a72 for containerID=#44 failed. Corresponding entry not found.
2021-08-14 14:05:29,608 [EventQueue-DeleteBlockStatusForDeletedBlockLogImpl] DEBUG block.DeletedBlockLogImpl (DeletedBlockLogImpl.java:isTransactionFailed(278)) - Got block deletion ACK from datanode, TXIDs=45, success=true
2021-08-14 14:05:29,608 [EventQueue-DeleteBlockStatusForDeletedBlockLogImpl] DEBUG block.DeletedBlockLogImpl (DeletedBlockLogImpl.java:commitTransactions(224)) - Transaction txId=45 commit by dnId=41bdc6fc-f730-460f-b2d8-92157d986a72 for containerID=#45 failed. Corresponding entry not found.
2021-08-14 14:05:29,608 [EventQueue-DeleteBlockStatusForDeletedBlockLogImpl] DEBUG block.DeletedBlockLogImpl (DeletedBlockLogImpl.java:isTransactionFailed(278)) - Got block deletion ACK from datanode, TXIDs=46, success=true
2021-08-14 14:05:29,608 [EventQueue-DeleteBlockStatusForDeletedBlockLogImpl] DEBUG block.DeletedBlockLogImpl (DeletedBlockLogImpl.java:commitTransactions(224)) - Transaction txId=46 commit by dnId=41bdc6fc-f730-460f-b2d8-92157d986a72 for containerID=#46 failed. Corresponding entry not found.
2021-08-14 14:05:29,608 [EventQueue-DeleteBlockStatusForDeletedBlockLogImpl] DEBUG block.DeletedBlockLogImpl (DeletedBlockLogImpl.java:isTransactionFailed(278)) - Got block deletion ACK from datanode, TXIDs=47, success=true
2021-08-14 14:05:29,608 [EventQueue-DeleteBlockStatusForDeletedBlockLogImpl] DEBUG block.DeletedBlockLogImpl (DeletedBlockLogImpl.java:commitTransactions(224)) - Transaction txId=47 commit by dnId=41bdc6fc-f730-460f-b2d8-92157d986a72 for containerID=#47 failed. Corresponding entry not found.
2021-08-14 14:05:29,608 [EventQueue-DeleteBlockStatusForDeletedBlockLogImpl] DEBUG block.DeletedBlockLogImpl (DeletedBlockLogImpl.java:isTransactionFailed(278)) - Got block deletion ACK from datanode, TXIDs=48, success=true
2021-08-14 14:05:29,608 [EventQueue-DeleteBlockStatusForDeletedBlockLogImpl] DEBUG block.DeletedBlockLogImpl (DeletedBlockLogImpl.java:commitTransactions(224)) - Transaction txId=48 commit by dnId=41bdc6fc-f730-460f-b2d8-92157d986a72 for containerID=#48 failed. Corresponding entry not found.
2021-08-14 14:05:29,608 [EventQueue-DeleteBlockStatusForDeletedBlockLogImpl] DEBUG block.DeletedBlockLogImpl (DeletedBlockLogImpl.java:isTransactionFailed(278)) - Got block deletion ACK from datanode, TXIDs=49, success=true
2021-08-14 14:05:29,608 [EventQueue-DeleteBlockStatusForDeletedBlockLogImpl] DEBUG block.DeletedBlockLogImpl (DeletedBlockLogImpl.java:commitTransactions(224)) - Transaction txId=49 commit by dnId=41bdc6fc-f730-460f-b2d8-92157d986a72 for containerID=#49 failed. Corresponding entry not found.
2021-08-14 14:05:29,608 [EventQueue-DeleteBlockStatusForDeletedBlockLogImpl] DEBUG block.DeletedBlockLogImpl (DeletedBlockLogImpl.java:isTransactionFailed(278)) - Got block deletion ACK from datanode, TXIDs=50, success=true
2021-08-14 14:05:29,608 [EventQueue-DeleteBlockStatusForDeletedBlockLogImpl] DEBUG block.DeletedBlockLogImpl (DeletedBlockLogImpl.java:commitTransactions(224)) - Transaction txId=50 commit by dnId=41bdc6fc-f730-460f-b2d8-92157d986a72 for containerID=#50 failed. Corresponding entry not found.
2021-08-14 14:05:29,608 [EventQueue-DeleteBlockStatusForDeletedBlockLogImpl] DEBUG block.DeletedBlockLogImpl (DeletedBlockLogImpl.java:isTransactionFailed(278)) - Got block deletion ACK from datanode, TXIDs=51, success=true
2021-08-14 14:05:29,608 [EventQueue-DeleteBlockStatusForDeletedBlockLogImpl] DEBUG block.DeletedBlockLogImpl (DeletedBlockLogImpl.java:commitTransactions(224)) - Transaction txId=51 commit by dnId=41bdc6fc-f730-460f-b2d8-92157d986a72 for containerID=#51 failed. Corresponding entry not found.
2021-08-14 14:05:29,608 [EventQueue-DeleteBlockStatusForDeletedBlockLogImpl] DEBUG block.DeletedBlockLogImpl (DeletedBlockLogImpl.java:isTransactionFailed(278)) - Got block deletion ACK from datanode, TXIDs=52, success=true
2021-08-14 14:05:29,608 [EventQueue-DeleteBlockStatusForDeletedBlockLogImpl] DEBUG block.DeletedBlockLogImpl (DeletedBlockLogImpl.java:commitTransactions(224)) - Transaction txId=52 commit by dnId=41bdc6fc-f730-460f-b2d8-92157d986a72 for containerID=#52 failed. Corresponding entry not found.
2021-08-14 14:05:29,608 [EventQueue-DeleteBlockStatusForDeletedBlockLogImpl] DEBUG block.DeletedBlockLogImpl (DeletedBlockLogImpl.java:isTransactionFailed(278)) - Got block deletion ACK from datanode, TXIDs=53, success=true
2021-08-14 14:05:29,608 [EventQueue-DeleteBlockStatusForDeletedBlockLogImpl] DEBUG block.DeletedBlockLogImpl (DeletedBlockLogImpl.java:commitTransactions(224)) - Transaction txId=53 commit by dnId=41bdc6fc-f730-460f-b2d8-92157d986a72 for containerID=#53 failed. Corresponding entry not found.
2021-08-14 14:05:29,608 [EventQueue-DeleteBlockStatusForDeletedBlockLogImpl] DEBUG block.DeletedBlockLogImpl (DeletedBlockLogImpl.java:isTransactionFailed(278)) - Got block deletion ACK from datanode, TXIDs=54, success=true
2021-08-14 14:05:29,608 [EventQueue-DeleteBlockStatusForDeletedBlockLogImpl] DEBUG block.DeletedBlockLogImpl (DeletedBlockLogImpl.java:commitTransactions(224)) - Transaction txId=54 commit by dnId=41bdc6fc-f730-460f-b2d8-92157d986a72 for containerID=#54 failed. Corresponding entry not found.
2021-08-14 14:05:29,608 [EventQueue-DeleteBlockStatusForDeletedBlockLogImpl] DEBUG block.DeletedBlockLogImpl (DeletedBlockLogImpl.java:isTransactionFailed(278)) - Got block deletion ACK from datanode, TXIDs=55, success=true
2021-08-14 14:05:29,608 [EventQueue-DeleteBlockStatusForDeletedBlockLogImpl] DEBUG block.DeletedBlockLogImpl (DeletedBlockLogImpl.java:commitTransactions(224)) - Transaction txId=55 commit by dnId=41bdc6fc-f730-460f-b2d8-92157d986a72 for containerID=#55 failed. Corresponding entry not found.
2021-08-14 14:05:29,608 [EventQueue-DeleteBlockStatusForDeletedBlockLogImpl] DEBUG block.DeletedBlockLogImpl (DeletedBlockLogImpl.java:isTransactionFailed(278)) - Got block deletion ACK from datanode, TXIDs=56, success=true
2021-08-14 14:05:29,608 [EventQueue-DeleteBlockStatusForDeletedBlockLogImpl] DEBUG block.DeletedBlockLogImpl (DeletedBlockLogImpl.java:commitTransactions(224)) - Transaction txId=56 commit by dnId=41bdc6fc-f730-460f-b2d8-92157d986a72 for containerID=#56 failed. Corresponding entry not found.
2021-08-14 14:05:29,608 [EventQueue-DeleteBlockStatusForDeletedBlockLogImpl] DEBUG block.DeletedBlockLogImpl (DeletedBlockLogImpl.java:isTransactionFailed(278)) - Got block deletion ACK from datanode, TXIDs=1, success=true
2021-08-14 14:05:29,609 [EventQueue-DeleteBlockStatusForDeletedBlockLogImpl] DEBUG block.DeletedBlockLogImpl (DeletedBlockLogImpl.java:commitTransactions(224)) - Transaction txId=1 commit by dnId=41bdc6fc-f730-460f-b2d8-92157d986a72 for containerID=#1 failed. Corresponding entry not found.
2021-08-14 14:05:29,609 [EventQueue-DeleteBlockStatusForDeletedBlockLogImpl] DEBUG block.DeletedBlockLogImpl (DeletedBlockLogImpl.java:isTransactionFailed(278)) - Got block deletion ACK from datanode, TXIDs=2, success=true
2021-08-14 14:05:29,609 [EventQueue-DeleteBlockStatusForDeletedBlockLogImpl] DEBUG block.DeletedBlockLogImpl (DeletedBlockLogImpl.java:commitTransactions(224)) - Transaction txId=2 commit by dnId=41bdc6fc-f730-460f-b2d8-92157d986a72 for containerID=#2 failed. Corresponding entry not found.
2021-08-14 14:05:29,609 [EventQueue-DeleteBlockStatusForDeletedBlockLogImpl] DEBUG block.DeletedBlockLogImpl (DeletedBlockLogImpl.java:isTransactionFailed(278)) - Got block deletion ACK from datanode, TXIDs=3, success=true
2021-08-14 14:05:29,609 [EventQueue-DeleteBlockStatusForDeletedBlockLogImpl] DEBUG block.DeletedBlockLogImpl (DeletedBlockLogImpl.java:commitTransactions(224)) - Transaction txId=3 commit by dnId=41bdc6fc-f730-460f-b2d8-92157d986a72 for containerID=#3 failed. Corresponding entry not found.
2021-08-14 14:05:29,609 [EventQueue-DeleteBlockStatusForDeletedBlockLogImpl] DEBUG block.DeletedBlockLogImpl (DeletedBlockLogImpl.java:isTransactionFailed(278)) - Got block deletion ACK from datanode, TXIDs=4, success=true
2021-08-14 14:05:29,609 [EventQueue-DeleteBlockStatusForDeletedBlockLogImpl] DEBUG block.DeletedBlockLogImpl (DeletedBlockLogImpl.java:commitTransactions(224)) - Transaction txId=4 commit by dnId=41bdc6fc-f730-460f-b2d8-92157d986a72 for containerID=#4 failed. Corresponding entry not found.
2021-08-14 14:05:29,609 [EventQueue-DeleteBlockStatusForDeletedBlockLogImpl] DEBUG block.DeletedBlockLogImpl (DeletedBlockLogImpl.java:isTransactionFailed(278)) - Got block deletion ACK from datanode, TXIDs=5, success=true
2021-08-14 14:05:29,609 [EventQueue-DeleteBlockStatusForDeletedBlockLogImpl] DEBUG block.DeletedBlockLogImpl (DeletedBlockLogImpl.java:commitTransactions(224)) - Transaction txId=5 commit by dnId=41bdc6fc-f730-460f-b2d8-92157d986a72 for containerID=#5 failed. Corresponding entry not found.
2021-08-14 14:05:29,609 [EventQueue-DeleteBlockStatusForDeletedBlockLogImpl] DEBUG block.DeletedBlockLogImpl (DeletedBlockLogImpl.java:isTransactionFailed(278)) - Got block deletion ACK from datanode, TXIDs=6, success=true
2021-08-14 14:05:29,609 [EventQueue-DeleteBlockStatusForDeletedBlockLogImpl] DEBUG block.DeletedBlockLogImpl (DeletedBlockLogImpl.java:commitTransactions(224)) - Transaction txId=6 commit by dnId=41bdc6fc-f730-460f-b2d8-92157d986a72 for containerID=#6 failed. Corresponding entry not found.
2021-08-14 14:05:29,609 [EventQueue-DeleteBlockStatusForDeletedBlockLogImpl] DEBUG block.DeletedBlockLogImpl (DeletedBlockLogImpl.java:isTransactionFailed(278)) - Got block deletion ACK from datanode, TXIDs=7, success=true
2021-08-14 14:05:29,609 [EventQueue-DeleteBlockStatusForDeletedBlockLogImpl] DEBUG block.DeletedBlockLogImpl (DeletedBlockLogImpl.java:commitTransactions(224)) - Transaction txId=7 commit by dnId=41bdc6fc-f730-460f-b2d8-92157d986a72 for containerID=#7 failed. Corresponding entry not found.
2021-08-14 14:05:29,609 [EventQueue-DeleteBlockStatusForDeletedBlockLogImpl] DEBUG block.DeletedBlockLogImpl (DeletedBlockLogImpl.java:isTransactionFailed(278)) - Got block deletion ACK from datanode, TXIDs=8, success=true
2021-08-14 14:05:29,609 [EventQueue-DeleteBlockStatusForDeletedBlockLogImpl] DEBUG block.DeletedBlockLogImpl (DeletedBlockLogImpl.java:commitTransactions(224)) - Transaction txId=8 commit by dnId=41bdc6fc-f730-460f-b2d8-92157d986a72 for containerID=#8 failed. Corresponding entry not found.
2021-08-14 14:05:29,609 [EventQueue-DeleteBlockStatusForDeletedBlockLogImpl] DEBUG block.DeletedBlockLogImpl (DeletedBlockLogImpl.java:isTransactionFailed(278)) - Got block deletion ACK from datanode, TXIDs=9, success=true
2021-08-14 14:05:29,609 [EventQueue-DeleteBlockStatusForDeletedBlockLogImpl] DEBUG block.DeletedBlockLogImpl (DeletedBlockLogImpl.java:commitTransactions(224)) - Transaction txId=9 commit by dnId=41bdc6fc-f730-460f-b2d8-92157d986a72 for containerID=#9 failed. Corresponding entry not found.
2021-08-14 14:05:29,609 [EventQueue-DeleteBlockStatusForDeletedBlockLogImpl] DEBUG block.DeletedBlockLogImpl (DeletedBlockLogImpl.java:isTransactionFailed(278)) - Got block deletion ACK from datanode, TXIDs=10, success=true
2021-08-14 14:05:29,609 [EventQueue-DeleteBlockStatusForDeletedBlockLogImpl] DEBUG block.DeletedBlockLogImpl (DeletedBlockLogImpl.java:commitTransactions(224)) - Transaction txId=10 commit by dnId=41bdc6fc-f730-460f-b2d8-92157d986a72 for containerID=#10 failed. Corresponding entry not found.
2021-08-14 14:05:29,609 [EventQueue-DeleteBlockStatusForDeletedBlockLogImpl] DEBUG block.DeletedBlockLogImpl (DeletedBlockLogImpl.java:isTransactionFailed(278)) - Got block deletion ACK from datanode, TXIDs=11, success=true
2021-08-14 14:05:29,609 [EventQueue-DeleteBlockStatusForDeletedBlockLogImpl] DEBUG block.DeletedBlockLogImpl (DeletedBlockLogImpl.java:commitTransactions(224)) - Transaction txId=11 commit by dnId=41bdc6fc-f730-460f-b2d8-92157d986a72 for containerID=#11 failed. Corresponding entry not found.
2021-08-14 14:05:29,609 [EventQueue-DeleteBlockStatusForDeletedBlockLogImpl] DEBUG block.DeletedBlockLogImpl (DeletedBlockLogImpl.java:isTransactionFailed(278)) - Got block deletion ACK from datanode, TXIDs=12, success=true
2021-08-14 14:05:29,609 [EventQueue-DeleteBlockStatusForDeletedBlockLogImpl] DEBUG block.DeletedBlockLogImpl (DeletedBlockLogImpl.java:commitTransactions(224)) - Transaction txId=12 commit by dnId=41bdc6fc-f730-460f-b2d8-92157d986a72 for containerID=#12 failed. Corresponding entry not found.
2021-08-14 14:05:29,609 [EventQueue-DeleteBlockStatusForDeletedBlockLogImpl] DEBUG block.DeletedBlockLogImpl (DeletedBlockLogImpl.java:isTransactionFailed(278)) - Got block deletion ACK from datanode, TXIDs=13, success=true
2021-08-14 14:05:29,609 [EventQueue-DeleteBlockStatusForDeletedBlockLogImpl] DEBUG block.DeletedBlockLogImpl (DeletedBlockLogImpl.java:commitTransactions(224)) - Transaction txId=13 commit by dnId=41bdc6fc-f730-460f-b2d8-92157d986a72 for containerID=#13 failed. Corresponding entry not found.
2021-08-14 14:05:29,609 [EventQueue-DeleteBlockStatusForDeletedBlockLogImpl] DEBUG block.DeletedBlockLogImpl (DeletedBlockLogImpl.java:isTransactionFailed(278)) - Got block deletion ACK from datanode, TXIDs=14, success=true
2021-08-14 14:05:29,609 [EventQueue-DeleteBlockStatusForDeletedBlockLogImpl] DEBUG block.DeletedBlockLogImpl (DeletedBlockLogImpl.java:commitTransactions(224)) - Transaction txId=14 commit by dnId=41bdc6fc-f730-460f-b2d8-92157d986a72 for containerID=#14 failed. Corresponding entry not found.
2021-08-14 14:05:29,609 [EventQueue-DeleteBlockStatusForDeletedBlockLogImpl] DEBUG block.DeletedBlockLogImpl (DeletedBlockLogImpl.java:isTransactionFailed(278)) - Got block deletion ACK from datanode, TXIDs=15, success=true
2021-08-14 14:05:29,609 [EventQueue-DeleteBlockStatusForDeletedBlockLogImpl] DEBUG block.DeletedBlockLogImpl (DeletedBlockLogImpl.java:commitTransactions(224)) - Transaction txId=15 commit by dnId=41bdc6fc-f730-460f-b2d8-92157d986a72 for containerID=#15 failed. Corresponding entry not found.
2021-08-14 14:05:29,609 [EventQueue-DeleteBlockStatusForDeletedBlockLogImpl] DEBUG block.DeletedBlockLogImpl (DeletedBlockLogImpl.java:isTransactionFailed(278)) - Got block deletion ACK from datanode, TXIDs=16, success=true
2021-08-14 14:05:29,609 [EventQueue-DeleteBlockStatusForDeletedBlockLogImpl] DEBUG block.DeletedBlockLogImpl (DeletedBlockLogImpl.java:commitTransactions(224)) - Transaction txId=16 commit by dnId=41bdc6fc-f730-460f-b2d8-92157d986a72 for containerID=#16 failed. Corresponding entry not found.
2021-08-14 14:05:29,609 [EventQueue-DeleteBlockStatusForDeletedBlockLogImpl] DEBUG block.DeletedBlockLogImpl (DeletedBlockLogImpl.java:isTransactionFailed(278)) - Got block deletion ACK from datanode, TXIDs=17, success=true
2021-08-14 14:05:29,609 [EventQueue-DeleteBlockStatusForDeletedBlockLogImpl] DEBUG block.DeletedBlockLogImpl (DeletedBlockLogImpl.java:commitTransactions(224)) - Transaction txId=17 commit by dnId=41bdc6fc-f730-460f-b2d8-92157d986a72 for containerID=#17 failed. Corresponding entry not found.
2021-08-14 14:05:29,618 [EventQueue-DeleteBlockStatusForDeletedBlockLogImpl] DEBUG block.DeletedBlockLogImpl (DeletedBlockLogImpl.java:isTransactionFailed(278)) - Got block deletion ACK from datanode, TXIDs=18, success=true
2021-08-14 14:05:29,618 [EventQueue-DeleteBlockStatusForDeletedBlockLogImpl] DEBUG block.DeletedBlockLogImpl (DeletedBlockLogImpl.java:commitTransactions(224)) - Transaction txId=18 commit by dnId=41bdc6fc-f730-460f-b2d8-92157d986a72 for containerID=#18 failed. Corresponding entry not found.
2021-08-14 14:05:29,618 [EventQueue-DeleteBlockStatusForDeletedBlockLogImpl] DEBUG block.DeletedBlockLogImpl (DeletedBlockLogImpl.java:isTransactionFailed(278)) - Got block deletion ACK from datanode, TXIDs=19, success=true
2021-08-14 14:05:29,618 [EventQueue-DeleteBlockStatusForDeletedBlockLogImpl] DEBUG block.DeletedBlockLogImpl (DeletedBlockLogImpl.java:commitTransactions(224)) - Transaction txId=19 commit by dnId=41bdc6fc-f730-460f-b2d8-92157d986a72 for containerID=#19 failed. Corresponding entry not found.
2021-08-14 14:05:29,618 [EventQueue-DeleteBlockStatusForDeletedBlockLogImpl] DEBUG block.DeletedBlockLogImpl (DeletedBlockLogImpl.java:isTransactionFailed(278)) - Got block deletion ACK from datanode, TXIDs=20, success=true
2021-08-14 14:05:29,618 [EventQueue-DeleteBlockStatusForDeletedBlockLogImpl] DEBUG block.DeletedBlockLogImpl (DeletedBlockLogImpl.java:commitTransactions(224)) - Transaction txId=20 commit by dnId=41bdc6fc-f730-460f-b2d8-92157d986a72 for containerID=#20 failed. Corresponding entry not found.
2021-08-14 14:05:29,618 [EventQueue-DeleteBlockStatusForDeletedBlockLogImpl] DEBUG block.DeletedBlockLogImpl (DeletedBlockLogImpl.java:isTransactionFailed(278)) - Got block deletion ACK from datanode, TXIDs=21, success=true
2021-08-14 14:05:29,618 [EventQueue-DeleteBlockStatusForDeletedBlockLogImpl] DEBUG block.DeletedBlockLogImpl (DeletedBlockLogImpl.java:commitTransactions(224)) - Transaction txId=21 commit by dnId=41bdc6fc-f730-460f-b2d8-92157d986a72 for containerID=#21 failed. Corresponding entry not found.
2021-08-14 14:05:29,618 [EventQueue-DeleteBlockStatusForDeletedBlockLogImpl] DEBUG block.DeletedBlockLogImpl (DeletedBlockLogImpl.java:isTransactionFailed(278)) - Got block deletion ACK from datanode, TXIDs=22, success=true
2021-08-14 14:05:29,618 [EventQueue-DeleteBlockStatusForDeletedBlockLogImpl] DEBUG block.DeletedBlockLogImpl (DeletedBlockLogImpl.java:commitTransactions(224)) - Transaction txId=22 commit by dnId=41bdc6fc-f730-460f-b2d8-92157d986a72 for containerID=#22 failed. Corresponding entry not found.
2021-08-14 14:05:29,618 [EventQueue-DeleteBlockStatusForDeletedBlockLogImpl] DEBUG block.DeletedBlockLogImpl (DeletedBlockLogImpl.java:isTransactionFailed(278)) - Got block deletion ACK from datanode, TXIDs=23, success=true
2021-08-14 14:05:29,619 [EventQueue-DeleteBlockStatusForDeletedBlockLogImpl] DEBUG block.DeletedBlockLogImpl (DeletedBlockLogImpl.java:commitTransactions(224)) - Transaction txId=23 commit by dnId=41bdc6fc-f730-460f-b2d8-92157d986a72 for containerID=#23 failed. Corresponding entry not found.
2021-08-14 14:05:29,619 [EventQueue-DeleteBlockStatusForDeletedBlockLogImpl] DEBUG block.DeletedBlockLogImpl (DeletedBlockLogImpl.java:isTransactionFailed(278)) - Got block deletion ACK from datanode, TXIDs=24, success=true
2021-08-14 14:05:29,619 [EventQueue-DeleteBlockStatusForDeletedBlockLogImpl] DEBUG block.DeletedBlockLogImpl (DeletedBlockLogImpl.java:commitTransactions(224)) - Transaction txId=24 commit by dnId=41bdc6fc-f730-460f-b2d8-92157d986a72 for containerID=#24 failed. Corresponding entry not found.
2021-08-14 14:05:29,619 [EventQueue-DeleteBlockStatusForDeletedBlockLogImpl] DEBUG block.DeletedBlockLogImpl (DeletedBlockLogImpl.java:isTransactionFailed(278)) - Got block deletion ACK from datanode, TXIDs=25, success=true
2021-08-14 14:05:29,619 [EventQueue-DeleteBlockStatusForDeletedBlockLogImpl] DEBUG block.DeletedBlockLogImpl (DeletedBlockLogImpl.java:commitTransactions(224)) - Transaction txId=25 commit by dnId=41bdc6fc-f730-460f-b2d8-92157d986a72 for containerID=#25 failed. Corresponding entry not found.
2021-08-14 14:05:29,619 [EventQueue-DeleteBlockStatusForDeletedBlockLogImpl] DEBUG block.DeletedBlockLogImpl (DeletedBlockLogImpl.java:isTransactionFailed(278)) - Got block deletion ACK from datanode, TXIDs=26, success=true
2021-08-14 14:05:29,619 [EventQueue-DeleteBlockStatusForDeletedBlockLogImpl] DEBUG block.DeletedBlockLogImpl (DeletedBlockLogImpl.java:commitTransactions(224)) - Transaction txId=26 commit by dnId=41bdc6fc-f730-460f-b2d8-92157d986a72 for containerID=#26 failed. Corresponding entry not found.
2021-08-14 14:05:29,619 [EventQueue-DeleteBlockStatusForDeletedBlockLogImpl] DEBUG block.DeletedBlockLogImpl (DeletedBlockLogImpl.java:isTransactionFailed(278)) - Got block deletion ACK from datanode, TXIDs=27, success=true
2021-08-14 14:05:29,619 [EventQueue-DeleteBlockStatusForDeletedBlockLogImpl] DEBUG block.DeletedBlockLogImpl (DeletedBlockLogImpl.java:commitTransactions(224)) - Transaction txId=27 commit by dnId=41bdc6fc-f730-460f-b2d8-92157d986a72 for containerID=#27 failed. Corresponding entry not found.
2021-08-14 14:05:29,619 [EventQueue-DeleteBlockStatusForDeletedBlockLogImpl] DEBUG block.DeletedBlockLogImpl (DeletedBlockLogImpl.java:isTransactionFailed(278)) - Got block deletion ACK from datanode, TXIDs=28, success=true
2021-08-14 14:05:29,619 [EventQueue-DeleteBlockStatusForDeletedBlockLogImpl] DEBUG block.DeletedBlockLogImpl (DeletedBlockLogImpl.java:commitTransactions(224)) - Transaction txId=28 commit by dnId=41bdc6fc-f730-460f-b2d8-92157d986a72 for containerID=#28 failed. Corresponding entry not found.
2021-08-14 14:05:29,619 [EventQueue-DeleteBlockStatusForDeletedBlockLogImpl] DEBUG block.DeletedBlockLogImpl (DeletedBlockLogImpl.java:isTransactionFailed(278)) - Got block deletion ACK from datanode, TXIDs=29, success=true
2021-08-14 14:05:29,619 [EventQueue-DeleteBlockStatusForDeletedBlockLogImpl] DEBUG block.DeletedBlockLogImpl (DeletedBlockLogImpl.java:commitTransactions(224)) - Transaction txId=29 commit by dnId=41bdc6fc-f730-460f-b2d8-92157d986a72 for containerID=#29 failed. Corresponding entry not found.
2021-08-14 14:05:29,619 [EventQueue-DeleteBlockStatusForDeletedBlockLogImpl] DEBUG block.DeletedBlockLogImpl (DeletedBlockLogImpl.java:isTransactionFailed(278)) - Got block deletion ACK from datanode, TXIDs=30, success=true
2021-08-14 14:05:29,619 [EventQueue-DeleteBlockStatusForDeletedBlockLogImpl] DEBUG block.DeletedBlockLogImpl (DeletedBlockLogImpl.java:commitTransactions(224)) - Transaction txId=30 commit by dnId=41bdc6fc-f730-460f-b2d8-92157d986a72 for containerID=#30 failed. Corresponding entry not found.
2021-08-14 14:05:29,619 [EventQueue-DeleteBlockStatusForDeletedBlockLogImpl] DEBUG block.DeletedBlockLogImpl (DeletedBlockLogImpl.java:isTransactionFailed(278)) - Got block deletion ACK from datanode, TXIDs=31, success=true
2021-08-14 14:05:29,619 [EventQueue-DeleteBlockStatusForDeletedBlockLogImpl] DEBUG block.DeletedBlockLogImpl (DeletedBlockLogImpl.java:commitTransactions(224)) - Transaction txId=31 commit by dnId=41bdc6fc-f730-460f-b2d8-92157d986a72 for containerID=#31 failed. Corresponding entry not found.
2021-08-14 14:05:29,619 [EventQueue-DeleteBlockStatusForDeletedBlockLogImpl] DEBUG block.DeletedBlockLogImpl (DeletedBlockLogImpl.java:isTransactionFailed(278)) - Got block deletion ACK from datanode, TXIDs=32, success=true
2021-08-14 14:05:29,619 [EventQueue-DeleteBlockStatusForDeletedBlockLogImpl] DEBUG block.DeletedBlockLogImpl (DeletedBlockLogImpl.java:commitTransactions(224)) - Transaction txId=32 commit by dnId=41bdc6fc-f730-460f-b2d8-92157d986a72 for containerID=#32 failed. Corresponding entry not found.
2021-08-14 14:05:29,619 [EventQueue-DeleteBlockStatusForDeletedBlockLogImpl] DEBUG block.DeletedBlockLogImpl (DeletedBlockLogImpl.java:isTransactionFailed(278)) - Got block deletion ACK from datanode, TXIDs=33, success=true
2021-08-14 14:05:29,619 [EventQueue-DeleteBlockStatusForDeletedBlockLogImpl] DEBUG block.DeletedBlockLogImpl (DeletedBlockLogImpl.java:commitTransactions(224)) - Transaction txId=33 commit by dnId=41bdc6fc-f730-460f-b2d8-92157d986a72 for containerID=#33 failed. Corresponding entry not found.
2021-08-14 14:05:29,619 [EventQueue-DeleteBlockStatusForDeletedBlockLogImpl] DEBUG block.DeletedBlockLogImpl (DeletedBlockLogImpl.java:isTransactionFailed(278)) - Got block deletion ACK from datanode, TXIDs=34, success=true
2021-08-14 14:05:29,619 [EventQueue-DeleteBlockStatusForDeletedBlockLogImpl] DEBUG block.DeletedBlockLogImpl (DeletedBlockLogImpl.java:commitTransactions(224)) - Transaction txId=34 commit by dnId=41bdc6fc-f730-460f-b2d8-92157d986a72 for containerID=#34 failed. Corresponding entry not found.
2021-08-14 14:05:29,619 [EventQueue-DeleteBlockStatusForDeletedBlockLogImpl] DEBUG block.DeletedBlockLogImpl (DeletedBlockLogImpl.java:isTransactionFailed(278)) - Got block deletion ACK from datanode, TXIDs=35, success=true
2021-08-14 14:05:29,619 [EventQueue-DeleteBlockStatusForDeletedBlockLogImpl] DEBUG block.DeletedBlockLogImpl (DeletedBlockLogImpl.java:commitTransactions(224)) - Transaction txId=35 commit by dnId=41bdc6fc-f730-460f-b2d8-92157d986a72 for containerID=#35 failed. Corresponding entry not found.
2021-08-14 14:05:29,619 [EventQueue-DeleteBlockStatusForDeletedBlockLogImpl] DEBUG block.DeletedBlockLogImpl (DeletedBlockLogImpl.java:isTransactionFailed(278)) - Got block deletion ACK from datanode, TXIDs=36, success=true
2021-08-14 14:05:29,619 [EventQueue-DeleteBlockStatusForDeletedBlockLogImpl] DEBUG block.DeletedBlockLogImpl (DeletedBlockLogImpl.java:commitTransactions(224)) - Transaction txId=36 commit by dnId=41bdc6fc-f730-460f-b2d8-92157d986a72 for containerID=#36 failed. Corresponding entry not found.
2021-08-14 14:05:29,619 [EventQueue-DeleteBlockStatusForDeletedBlockLogImpl] DEBUG block.DeletedBlockLogImpl (DeletedBlockLogImpl.java:isTransactionFailed(278)) - Got block deletion ACK from datanode, TXIDs=37, success=true
2021-08-14 14:05:29,619 [EventQueue-DeleteBlockStatusForDeletedBlockLogImpl] DEBUG block.DeletedBlockLogImpl (DeletedBlockLogImpl.java:commitTransactions(224)) - Transaction txId=37 commit by dnId=41bdc6fc-f730-460f-b2d8-92157d986a72 for containerID=#37 failed. Corresponding entry not found.
2021-08-14 14:05:29,619 [EventQueue-DeleteBlockStatusForDeletedBlockLogImpl] DEBUG block.DeletedBlockLogImpl (DeletedBlockLogImpl.java:isTransactionFailed(278)) - Got block deletion ACK from datanode, TXIDs=38, success=true
2021-08-14 14:05:29,619 [EventQueue-DeleteBlockStatusForDeletedBlockLogImpl] DEBUG block.DeletedBlockLogImpl (DeletedBlockLogImpl.java:commitTransactions(224)) - Transaction txId=38 commit by dnId=41bdc6fc-f730-460f-b2d8-92157d986a72 for containerID=#38 failed. Corresponding entry not found.
2021-08-14 14:05:29,619 [EventQueue-DeleteBlockStatusForDeletedBlockLogImpl] DEBUG block.DeletedBlockLogImpl (DeletedBlockLogImpl.java:isTransactionFailed(278)) - Got block deletion ACK from datanode, TXIDs=39, success=true
2021-08-14 14:05:29,619 [EventQueue-DeleteBlockStatusForDeletedBlockLogImpl] DEBUG block.DeletedBlockLogImpl (DeletedBlockLogImpl.java:commitTransactions(224)) - Transaction txId=39 commit by dnId=41bdc6fc-f730-460f-b2d8-92157d986a72 for containerID=#39 failed. Corresponding entry not found.
2021-08-14 14:05:29,619 [EventQueue-DeleteBlockStatusForDeletedBlockLogImpl] DEBUG block.DeletedBlockLogImpl (DeletedBlockLogImpl.java:isTransactionFailed(278)) - Got block deletion ACK from datanode, TXIDs=40, success=true
2021-08-14 14:05:29,619 [EventQueue-DeleteBlockStatusForDeletedBlockLogImpl] DEBUG block.DeletedBlockLogImpl (DeletedBlockLogImpl.java:commitTransactions(224)) - Transaction txId=40 commit by dnId=41bdc6fc-f730-460f-b2d8-92157d986a72 for containerID=#40 failed. Corresponding entry not found.
2021-08-14 14:05:29,619 [EventQueue-DeleteBlockStatusForDeletedBlockLogImpl] DEBUG block.DeletedBlockLogImpl (DeletedBlockLogImpl.java:isTransactionFailed(278)) - Got block deletion ACK from datanode, TXIDs=41, success=true
2021-08-14 14:05:29,619 [EventQueue-DeleteBlockStatusForDeletedBlockLogImpl] DEBUG block.DeletedBlockLogImpl (DeletedBlockLogImpl.java:commitTransactions(224)) - Transaction txId=41 commit by dnId=41bdc6fc-f730-460f-b2d8-92157d986a72 for containerID=#41 failed. Corresponding entry not found.
2021-08-14 14:05:29,619 [EventQueue-DeleteBlockStatusForDeletedBlockLogImpl] DEBUG block.DeletedBlockLogImpl (DeletedBlockLogImpl.java:isTransactionFailed(278)) - Got block deletion ACK from datanode, TXIDs=42, success=true
2021-08-14 14:05:29,619 [EventQueue-DeleteBlockStatusForDeletedBlockLogImpl] DEBUG block.DeletedBlockLogImpl (DeletedBlockLogImpl.java:commitTransactions(224)) - Transaction txId=42 commit by dnId=41bdc6fc-f730-460f-b2d8-92157d986a72 for containerID=#42 failed. Corresponding entry not found.
2021-08-14 14:05:29,619 [EventQueue-DeleteBlockStatusForDeletedBlockLogImpl] DEBUG block.DeletedBlockLogImpl (DeletedBlockLogImpl.java:isTransactionFailed(278)) - Got block deletion ACK from datanode, TXIDs=43, success=true
2021-08-14 14:05:29,620 [EventQueue-DeleteBlockStatusForDeletedBlockLogImpl] DEBUG block.DeletedBlockLogImpl (DeletedBlockLogImpl.java:commitTransactions(224)) - Transaction txId=43 commit by dnId=41bdc6fc-f730-460f-b2d8-92157d986a72 for containerID=#43 failed. Corresponding entry not found.
2021-08-14 14:05:29,620 [EventQueue-DeleteBlockStatusForDeletedBlockLogImpl] DEBUG block.DeletedBlockLogImpl (DeletedBlockLogImpl.java:isTransactionFailed(278)) - Got block deletion ACK from datanode, TXIDs=44, success=true
2021-08-14 14:05:29,620 [EventQueue-DeleteBlockStatusForDeletedBlockLogImpl] DEBUG block.DeletedBlockLogImpl (DeletedBlockLogImpl.java:commitTransactions(224)) - Transaction txId=44 commit by dnId=41bdc6fc-f730-460f-b2d8-92157d986a72 for containerID=#44 failed. Corresponding entry not found.
2021-08-14 14:05:29,620 [EventQueue-DeleteBlockStatusForDeletedBlockLogImpl] DEBUG block.DeletedBlockLogImpl (DeletedBlockLogImpl.java:isTransactionFailed(278)) - Got block deletion ACK from datanode, TXIDs=45, success=true
2021-08-14 14:05:29,620 [EventQueue-DeleteBlockStatusForDeletedBlockLogImpl] DEBUG block.DeletedBlockLogImpl (DeletedBlockLogImpl.java:commitTransactions(224)) - Transaction txId=45 commit by dnId=41bdc6fc-f730-460f-b2d8-92157d986a72 for containerID=#45 failed. Corresponding entry not found.
2021-08-14 14:05:29,620 [EventQueue-DeleteBlockStatusForDeletedBlockLogImpl] DEBUG block.DeletedBlockLogImpl (DeletedBlockLogImpl.java:isTransactionFailed(278)) - Got block deletion ACK from datanode, TXIDs=46, success=true
2021-08-14 14:05:29,620 [EventQueue-DeleteBlockStatusForDeletedBlockLogImpl] DEBUG block.DeletedBlockLogImpl (DeletedBlockLogImpl.java:commitTransactions(224)) - Transaction txId=46 commit by dnId=41bdc6fc-f730-460f-b2d8-92157d986a72 for containerID=#46 failed. Corresponding entry not found.
2021-08-14 14:05:29,620 [EventQueue-DeleteBlockStatusForDeletedBlockLogImpl] DEBUG block.DeletedBlockLogImpl (DeletedBlockLogImpl.java:isTransactionFailed(278)) - Got block deletion ACK from datanode, TXIDs=47, success=true
2021-08-14 14:05:29,620 [EventQueue-DeleteBlockStatusForDeletedBlockLogImpl] DEBUG block.DeletedBlockLogImpl (DeletedBlockLogImpl.java:commitTransactions(224)) - Transaction txId=47 commit by dnId=41bdc6fc-f730-460f-b2d8-92157d986a72 for containerID=#47 failed. Corresponding entry not found.
2021-08-14 14:05:29,620 [EventQueue-DeleteBlockStatusForDeletedBlockLogImpl] DEBUG block.DeletedBlockLogImpl (DeletedBlockLogImpl.java:isTransactionFailed(278)) - Got block deletion ACK from datanode, TXIDs=48, success=true
2021-08-14 14:05:29,620 [EventQueue-DeleteBlockStatusForDeletedBlockLogImpl] DEBUG block.DeletedBlockLogImpl (DeletedBlockLogImpl.java:commitTransactions(224)) - Transaction txId=48 commit by dnId=41bdc6fc-f730-460f-b2d8-92157d986a72 for containerID=#48 failed. Corresponding entry not found.
2021-08-14 14:05:29,620 [EventQueue-DeleteBlockStatusForDeletedBlockLogImpl] DEBUG block.DeletedBlockLogImpl (DeletedBlockLogImpl.java:isTransactionFailed(278)) - Got block deletion ACK from datanode, TXIDs=49, success=true
2021-08-14 14:05:29,620 [EventQueue-DeleteBlockStatusForDeletedBlockLogImpl] DEBUG block.DeletedBlockLogImpl (DeletedBlockLogImpl.java:commitTransactions(224)) - Transaction txId=49 commit by dnId=41bdc6fc-f730-460f-b2d8-92157d986a72 for containerID=#49 failed. Corresponding entry not found.
2021-08-14 14:05:29,620 [EventQueue-DeleteBlockStatusForDeletedBlockLogImpl] DEBUG block.DeletedBlockLogImpl (DeletedBlockLogImpl.java:isTransactionFailed(278)) - Got block deletion ACK from datanode, TXIDs=50, success=true
2021-08-14 14:05:29,620 [EventQueue-DeleteBlockStatusForDeletedBlockLogImpl] DEBUG block.DeletedBlockLogImpl (DeletedBlockLogImpl.java:commitTransactions(224)) - Transaction txId=50 commit by dnId=41bdc6fc-f730-460f-b2d8-92157d986a72 for containerID=#50 failed. Corresponding entry not found.
2021-08-14 14:05:29,620 [EventQueue-DeleteBlockStatusForDeletedBlockLogImpl] DEBUG block.DeletedBlockLogImpl (DeletedBlockLogImpl.java:isTransactionFailed(278)) - Got block deletion ACK from datanode, TXIDs=51, success=true
2021-08-14 14:05:29,620 [EventQueue-DeleteBlockStatusForDeletedBlockLogImpl] DEBUG block.DeletedBlockLogImpl (DeletedBlockLogImpl.java:commitTransactions(224)) - Transaction txId=51 commit by dnId=41bdc6fc-f730-460f-b2d8-92157d986a72 for containerID=#51 failed. Corresponding entry not found.
2021-08-14 14:05:29,620 [EventQueue-DeleteBlockStatusForDeletedBlockLogImpl] DEBUG block.DeletedBlockLogImpl (DeletedBlockLogImpl.java:isTransactionFailed(278)) - Got block deletion ACK from datanode, TXIDs=52, success=true
2021-08-14 14:05:29,620 [EventQueue-DeleteBlockStatusForDeletedBlockLogImpl] DEBUG block.DeletedBlockLogImpl (DeletedBlockLogImpl.java:commitTransactions(224)) - Transaction txId=52 commit by dnId=41bdc6fc-f730-460f-b2d8-92157d986a72 for containerID=#52 failed. Corresponding entry not found.
2021-08-14 14:05:29,620 [EventQueue-DeleteBlockStatusForDeletedBlockLogImpl] DEBUG block.DeletedBlockLogImpl (DeletedBlockLogImpl.java:isTransactionFailed(278)) - Got block deletion ACK from datanode, TXIDs=53, success=true
2021-08-14 14:05:29,620 [EventQueue-DeleteBlockStatusForDeletedBlockLogImpl] DEBUG block.DeletedBlockLogImpl (DeletedBlockLogImpl.java:commitTransactions(224)) - Transaction txId=53 commit by dnId=41bdc6fc-f730-460f-b2d8-92157d986a72 for containerID=#53 failed. Corresponding entry not found.
2021-08-14 14:05:29,620 [EventQueue-DeleteBlockStatusForDeletedBlockLogImpl] DEBUG block.DeletedBlockLogImpl (DeletedBlockLogImpl.java:isTransactionFailed(278)) - Got block deletion ACK from datanode, TXIDs=54, success=true
2021-08-14 14:05:29,620 [EventQueue-DeleteBlockStatusForDeletedBlockLogImpl] DEBUG block.DeletedBlockLogImpl (DeletedBlockLogImpl.java:commitTransactions(224)) - Transaction txId=54 commit by dnId=41bdc6fc-f730-460f-b2d8-92157d986a72 for containerID=#54 failed. Corresponding entry not found.
2021-08-14 14:05:29,620 [EventQueue-DeleteBlockStatusForDeletedBlockLogImpl] DEBUG block.DeletedBlockLogImpl (DeletedBlockLogImpl.java:isTransactionFailed(278)) - Got block deletion ACK from datanode, TXIDs=55, success=true
2021-08-14 14:05:29,620 [EventQueue-DeleteBlockStatusForDeletedBlockLogImpl] DEBUG block.DeletedBlockLogImpl (DeletedBlockLogImpl.java:commitTransactions(224)) - Transaction txId=55 commit by dnId=41bdc6fc-f730-460f-b2d8-92157d986a72 for containerID=#55 failed. Corresponding entry not found.
2021-08-14 14:05:29,620 [EventQueue-DeleteBlockStatusForDeletedBlockLogImpl] DEBUG block.DeletedBlockLogImpl (DeletedBlockLogImpl.java:isTransactionFailed(278)) - Got block deletion ACK from datanode, TXIDs=56, success=true
2021-08-14 14:05:29,620 [EventQueue-DeleteBlockStatusForDeletedBlockLogImpl] DEBUG block.DeletedBlockLogImpl (DeletedBlockLogImpl.java:commitTransactions(224)) - Transaction txId=56 commit by dnId=41bdc6fc-f730-460f-b2d8-92157d986a72 for containerID=#56 failed. Corresponding entry not found.
2021-08-14 14:05:29,620 [EventQueue-DeleteBlockStatusForDeletedBlockLogImpl] DEBUG block.DeletedBlockLogImpl (DeletedBlockLogImpl.java:isTransactionFailed(278)) - Got block deletion ACK from datanode, TXIDs=1, success=true
2021-08-14 14:05:29,620 [EventQueue-DeleteBlockStatusForDeletedBlockLogImpl] DEBUG block.DeletedBlockLogImpl (DeletedBlockLogImpl.java:commitTransactions(224)) - Transaction txId=1 commit by dnId=41bdc6fc-f730-460f-b2d8-92157d986a72 for containerID=#1 failed. Corresponding entry not found.
2021-08-14 14:05:29,620 [EventQueue-DeleteBlockStatusForDeletedBlockLogImpl] DEBUG block.DeletedBlockLogImpl (DeletedBlockLogImpl.java:isTransactionFailed(278)) - Got block deletion ACK from datanode, TXIDs=2, success=true
2021-08-14 14:05:29,620 [EventQueue-DeleteBlockStatusForDeletedBlockLogImpl] DEBUG block.DeletedBlockLogImpl (DeletedBlockLogImpl.java:commitTransactions(224)) - Transaction txId=2 commit by dnId=41bdc6fc-f730-460f-b2d8-92157d986a72 for containerID=#2 failed. Corresponding entry not found.
2021-08-14 14:05:29,620 [EventQueue-DeleteBlockStatusForDeletedBlockLogImpl] DEBUG block.DeletedBlockLogImpl (DeletedBlockLogImpl.java:isTransactionFailed(278)) - Got block deletion ACK from datanode, TXIDs=3, success=true
2021-08-14 14:05:29,620 [EventQueue-DeleteBlockStatusForDeletedBlockLogImpl] DEBUG block.DeletedBlockLogImpl (DeletedBlockLogImpl.java:commitTransactions(224)) - Transaction txId=3 commit by dnId=41bdc6fc-f730-460f-b2d8-92157d986a72 for containerID=#3 failed. Corresponding entry not found.
2021-08-14 14:05:29,620 [EventQueue-DeleteBlockStatusForDeletedBlockLogImpl] DEBUG block.DeletedBlockLogImpl (DeletedBlockLogImpl.java:isTransactionFailed(278)) - Got block deletion ACK from datanode, TXIDs=4, success=true
2021-08-14 14:05:29,620 [EventQueue-DeleteBlockStatusForDeletedBlockLogImpl] DEBUG block.DeletedBlockLogImpl (DeletedBlockLogImpl.java:commitTransactions(224)) - Transaction txId=4 commit by dnId=41bdc6fc-f730-460f-b2d8-92157d986a72 for containerID=#4 failed. Corresponding entry not found.
2021-08-14 14:05:29,620 [EventQueue-DeleteBlockStatusForDeletedBlockLogImpl] DEBUG block.DeletedBlockLogImpl (DeletedBlockLogImpl.java:isTransactionFailed(278)) - Got block deletion ACK from datanode, TXIDs=5, success=true
2021-08-14 14:05:29,620 [EventQueue-DeleteBlockStatusForDeletedBlockLogImpl] DEBUG block.DeletedBlockLogImpl (DeletedBlockLogImpl.java:commitTransactions(224)) - Transaction txId=5 commit by dnId=41bdc6fc-f730-460f-b2d8-92157d986a72 for containerID=#5 failed. Corresponding entry not found.
2021-08-14 14:05:29,620 [EventQueue-DeleteBlockStatusForDeletedBlockLogImpl] DEBUG block.DeletedBlockLogImpl (DeletedBlockLogImpl.java:isTransactionFailed(278)) - Got block deletion ACK from datanode, TXIDs=6, success=true
2021-08-14 14:05:29,621 [EventQueue-DeleteBlockStatusForDeletedBlockLogImpl] DEBUG block.DeletedBlockLogImpl (DeletedBlockLogImpl.java:commitTransactions(224)) - Transaction txId=6 commit by dnId=41bdc6fc-f730-460f-b2d8-92157d986a72 for containerID=#6 failed. Corresponding entry not found.
2021-08-14 14:05:29,621 [EventQueue-DeleteBlockStatusForDeletedBlockLogImpl] DEBUG block.DeletedBlockLogImpl (DeletedBlockLogImpl.java:isTransactionFailed(278)) - Got block deletion ACK from datanode, TXIDs=7, success=true
2021-08-14 14:05:29,621 [EventQueue-DeleteBlockStatusForDeletedBlockLogImpl] DEBUG block.DeletedBlockLogImpl (DeletedBlockLogImpl.java:commitTransactions(224)) - Transaction txId=7 commit by dnId=41bdc6fc-f730-460f-b2d8-92157d986a72 for containerID=#7 failed. Corresponding entry not found.
2021-08-14 14:05:29,621 [EventQueue-DeleteBlockStatusForDeletedBlockLogImpl] DEBUG block.DeletedBlockLogImpl (DeletedBlockLogImpl.java:isTransactionFailed(278)) - Got block deletion ACK from datanode, TXIDs=8, success=true
2021-08-14 14:05:29,621 [EventQueue-DeleteBlockStatusForDeletedBlockLogImpl] DEBUG block.DeletedBlockLogImpl (DeletedBlockLogImpl.java:commitTransactions(224)) - Transaction txId=8 commit by dnId=41bdc6fc-f730-460f-b2d8-92157d986a72 for containerID=#8 failed. Corresponding entry not found.
2021-08-14 14:05:29,621 [EventQueue-DeleteBlockStatusForDeletedBlockLogImpl] DEBUG block.DeletedBlockLogImpl (DeletedBlockLogImpl.java:isTransactionFailed(278)) - Got block deletion ACK from datanode, TXIDs=9, success=true
2021-08-14 14:05:29,621 [EventQueue-DeleteBlockStatusForDeletedBlockLogImpl] DEBUG block.DeletedBlockLogImpl (DeletedBlockLogImpl.java:commitTransactions(224)) - Transaction txId=9 commit by dnId=41bdc6fc-f730-460f-b2d8-92157d986a72 for containerID=#9 failed. Corresponding entry not found.
2021-08-14 14:05:29,621 [EventQueue-DeleteBlockStatusForDeletedBlockLogImpl] DEBUG block.DeletedBlockLogImpl (DeletedBlockLogImpl.java:isTransactionFailed(278)) - Got block deletion ACK from datanode, TXIDs=10, success=true
2021-08-14 14:05:29,621 [EventQueue-DeleteBlockStatusForDeletedBlockLogImpl] DEBUG block.DeletedBlockLogImpl (DeletedBlockLogImpl.java:commitTransactions(224)) - Transaction txId=10 commit by dnId=41bdc6fc-f730-460f-b2d8-92157d986a72 for containerID=#10 failed. Corresponding entry not found.
2021-08-14 14:05:29,621 [EventQueue-DeleteBlockStatusForDeletedBlockLogImpl] DEBUG block.DeletedBlockLogImpl (DeletedBlockLogImpl.java:isTransactionFailed(278)) - Got block deletion ACK from datanode, TXIDs=11, success=true
2021-08-14 14:05:29,621 [EventQueue-DeleteBlockStatusForDeletedBlockLogImpl] DEBUG block.DeletedBlockLogImpl (DeletedBlockLogImpl.java:commitTransactions(224)) - Transaction txId=11 commit by dnId=41bdc6fc-f730-460f-b2d8-92157d986a72 for containerID=#11 failed. Corresponding entry not found.
2021-08-14 14:05:29,621 [EventQueue-DeleteBlockStatusForDeletedBlockLogImpl] DEBUG block.DeletedBlockLogImpl (DeletedBlockLogImpl.java:isTransactionFailed(278)) - Got block deletion ACK from datanode, TXIDs=12, success=true
2021-08-14 14:05:29,621 [EventQueue-DeleteBlockStatusForDeletedBlockLogImpl] DEBUG block.DeletedBlockLogImpl (DeletedBlockLogImpl.java:commitTransactions(224)) - Transaction txId=12 commit by dnId=41bdc6fc-f730-460f-b2d8-92157d986a72 for containerID=#12 failed. Corresponding entry not found.
2021-08-14 14:05:29,621 [EventQueue-DeleteBlockStatusForDeletedBlockLogImpl] DEBUG block.DeletedBlockLogImpl (DeletedBlockLogImpl.java:isTransactionFailed(278)) - Got block deletion ACK from datanode, TXIDs=13, success=true
2021-08-14 14:05:29,621 [EventQueue-DeleteBlockStatusForDeletedBlockLogImpl] DEBUG block.DeletedBlockLogImpl (DeletedBlockLogImpl.java:commitTransactions(224)) - Transaction txId=13 commit by dnId=41bdc6fc-f730-460f-b2d8-92157d986a72 for containerID=#13 failed. Corresponding entry not found.
2021-08-14 14:05:29,621 [EventQueue-DeleteBlockStatusForDeletedBlockLogImpl] DEBUG block.DeletedBlockLogImpl (DeletedBlockLogImpl.java:isTransactionFailed(278)) - Got block deletion ACK from datanode, TXIDs=14, success=true
2021-08-14 14:05:29,621 [EventQueue-DeleteBlockStatusForDeletedBlockLogImpl] DEBUG block.DeletedBlockLogImpl (DeletedBlockLogImpl.java:commitTransactions(224)) - Transaction txId=14 commit by dnId=41bdc6fc-f730-460f-b2d8-92157d986a72 for containerID=#14 failed. Corresponding entry not found.
2021-08-14 14:05:29,621 [EventQueue-DeleteBlockStatusForDeletedBlockLogImpl] DEBUG block.DeletedBlockLogImpl (DeletedBlockLogImpl.java:isTransactionFailed(278)) - Got block deletion ACK from datanode, TXIDs=15, success=true
2021-08-14 14:05:29,621 [EventQueue-DeleteBlockStatusForDeletedBlockLogImpl] DEBUG block.DeletedBlockLogImpl (DeletedBlockLogImpl.java:commitTransactions(224)) - Transaction txId=15 commit by dnId=41bdc6fc-f730-460f-b2d8-92157d986a72 for containerID=#15 failed. Corresponding entry not found.
2021-08-14 14:05:29,621 [EventQueue-DeleteBlockStatusForDeletedBlockLogImpl] DEBUG block.DeletedBlockLogImpl (DeletedBlockLogImpl.java:isTransactionFailed(278)) - Got block deletion ACK from datanode, TXIDs=16, success=true
2021-08-14 14:05:29,621 [EventQueue-DeleteBlockStatusForDeletedBlockLogImpl] DEBUG block.DeletedBlockLogImpl (DeletedBlockLogImpl.java:commitTransactions(224)) - Transaction txId=16 commit by dnId=41bdc6fc-f730-460f-b2d8-92157d986a72 for containerID=#16 failed. Corresponding entry not found.
2021-08-14 14:05:29,621 [EventQueue-DeleteBlockStatusForDeletedBlockLogImpl] DEBUG block.DeletedBlockLogImpl (DeletedBlockLogImpl.java:isTransactionFailed(278)) - Got block deletion ACK from datanode, TXIDs=17, success=true
2021-08-14 14:05:29,621 [EventQueue-DeleteBlockStatusForDeletedBlockLogImpl] DEBUG block.DeletedBlockLogImpl (DeletedBlockLogImpl.java:commitTransactions(224)) - Transaction txId=17 commit by dnId=41bdc6fc-f730-460f-b2d8-92157d986a72 for containerID=#17 failed. Corresponding entry not found.
2021-08-14 14:05:29,621 [EventQueue-DeleteBlockStatusForDeletedBlockLogImpl] DEBUG block.DeletedBlockLogImpl (DeletedBlockLogImpl.java:isTransactionFailed(278)) - Got block deletion ACK from datanode, TXIDs=18, success=true
2021-08-14 14:05:29,621 [EventQueue-DeleteBlockStatusForDeletedBlockLogImpl] DEBUG block.DeletedBlockLogImpl (DeletedBlockLogImpl.java:commitTransactions(224)) - Transaction txId=18 commit by dnId=41bdc6fc-f730-460f-b2d8-92157d986a72 for containerID=#18 failed. Corresponding entry not found.
2021-08-14 14:05:29,621 [EventQueue-DeleteBlockStatusForDeletedBlockLogImpl] DEBUG block.DeletedBlockLogImpl (DeletedBlockLogImpl.java:isTransactionFailed(278)) - Got block deletion ACK from datanode, TXIDs=19, success=true
2021-08-14 14:05:29,621 [EventQueue-DeleteBlockStatusForDeletedBlockLogImpl] DEBUG block.DeletedBlockLogImpl (DeletedBlockLogImpl.java:commitTransactions(224)) - Transaction txId=19 commit by dnId=41bdc6fc-f730-460f-b2d8-92157d986a72 for containerID=#19 failed. Corresponding entry not found.
2021-08-14 14:05:29,621 [EventQueue-DeleteBlockStatusForDeletedBlockLogImpl] DEBUG block.DeletedBlockLogImpl (DeletedBlockLogImpl.java:isTransactionFailed(278)) - Got block deletion ACK from datanode, TXIDs=20, success=true
2021-08-14 14:05:29,621 [EventQueue-DeleteBlockStatusForDeletedBlockLogImpl] DEBUG block.DeletedBlockLogImpl (DeletedBlockLogImpl.java:commitTransactions(224)) - Transaction txId=20 commit by dnId=41bdc6fc-f730-460f-b2d8-92157d986a72 for containerID=#20 failed. Corresponding entry not found.
2021-08-14 14:05:29,621 [EventQueue-DeleteBlockStatusForDeletedBlockLogImpl] DEBUG block.DeletedBlockLogImpl (DeletedBlockLogImpl.java:isTransactionFailed(278)) - Got block deletion ACK from datanode, TXIDs=21, success=true
2021-08-14 14:05:29,634 [EventQueue-DeleteBlockStatusForDeletedBlockLogImpl] DEBUG block.DeletedBlockLogImpl (DeletedBlockLogImpl.java:commitTransactions(224)) - Transaction txId=21 commit by dnId=41bdc6fc-f730-460f-b2d8-92157d986a72 for containerID=#21 failed. Corresponding entry not found.
2021-08-14 14:05:29,634 [EventQueue-DeleteBlockStatusForDeletedBlockLogImpl] DEBUG block.DeletedBlockLogImpl (DeletedBlockLogImpl.java:isTransactionFailed(278)) - Got block deletion ACK from datanode, TXIDs=22, success=true
2021-08-14 14:05:29,634 [EventQueue-DeleteBlockStatusForDeletedBlockLogImpl] DEBUG block.DeletedBlockLogImpl (DeletedBlockLogImpl.java:commitTransactions(224)) - Transaction txId=22 commit by dnId=41bdc6fc-f730-460f-b2d8-92157d986a72 for containerID=#22 failed. Corresponding entry not found.
2021-08-14 14:05:29,634 [EventQueue-DeleteBlockStatusForDeletedBlockLogImpl] DEBUG block.DeletedBlockLogImpl (DeletedBlockLogImpl.java:isTransactionFailed(278)) - Got block deletion ACK from datanode, TXIDs=23, success=true
2021-08-14 14:05:29,634 [EventQueue-DeleteBlockStatusForDeletedBlockLogImpl] DEBUG block.DeletedBlockLogImpl (DeletedBlockLogImpl.java:commitTransactions(224)) - Transaction txId=23 commit by dnId=41bdc6fc-f730-460f-b2d8-92157d986a72 for containerID=#23 failed. Corresponding entry not found.
2021-08-14 14:05:29,634 [EventQueue-DeleteBlockStatusForDeletedBlockLogImpl] DEBUG block.DeletedBlockLogImpl (DeletedBlockLogImpl.java:isTransactionFailed(278)) - Got block deletion ACK from datanode, TXIDs=24, success=true
2021-08-14 14:05:29,634 [EventQueue-DeleteBlockStatusForDeletedBlockLogImpl] DEBUG block.DeletedBlockLogImpl (DeletedBlockLogImpl.java:commitTransactions(224)) - Transaction txId=24 commit by dnId=41bdc6fc-f730-460f-b2d8-92157d986a72 for containerID=#24 failed. Corresponding entry not found.
2021-08-14 14:05:29,634 [EventQueue-DeleteBlockStatusForDeletedBlockLogImpl] DEBUG block.DeletedBlockLogImpl (DeletedBlockLogImpl.java:isTransactionFailed(278)) - Got block deletion ACK from datanode, TXIDs=25, success=true
2021-08-14 14:05:29,634 [EventQueue-DeleteBlockStatusForDeletedBlockLogImpl] DEBUG block.DeletedBlockLogImpl (DeletedBlockLogImpl.java:commitTransactions(224)) - Transaction txId=25 commit by dnId=41bdc6fc-f730-460f-b2d8-92157d986a72 for containerID=#25 failed. Corresponding entry not found.
2021-08-14 14:05:29,634 [EventQueue-DeleteBlockStatusForDeletedBlockLogImpl] DEBUG block.DeletedBlockLogImpl (DeletedBlockLogImpl.java:isTransactionFailed(278)) - Got block deletion ACK from datanode, TXIDs=26, success=true
2021-08-14 14:05:29,634 [EventQueue-DeleteBlockStatusForDeletedBlockLogImpl] DEBUG block.DeletedBlockLogImpl (DeletedBlockLogImpl.java:commitTransactions(224)) - Transaction txId=26 commit by dnId=41bdc6fc-f730-460f-b2d8-92157d986a72 for containerID=#26 failed. Corresponding entry not found.
2021-08-14 14:05:29,634 [EventQueue-DeleteBlockStatusForDeletedBlockLogImpl] DEBUG block.DeletedBlockLogImpl (DeletedBlockLogImpl.java:isTransactionFailed(278)) - Got block deletion ACK from datanode, TXIDs=27, success=true
2021-08-14 14:05:29,634 [EventQueue-DeleteBlockStatusForDeletedBlockLogImpl] DEBUG block.DeletedBlockLogImpl (DeletedBlockLogImpl.java:commitTransactions(224)) - Transaction txId=27 commit by dnId=41bdc6fc-f730-460f-b2d8-92157d986a72 for containerID=#27 failed. Corresponding entry not found.
2021-08-14 14:05:29,634 [EventQueue-DeleteBlockStatusForDeletedBlockLogImpl] DEBUG block.DeletedBlockLogImpl (DeletedBlockLogImpl.java:isTransactionFailed(278)) - Got block deletion ACK from datanode, TXIDs=28, success=true
2021-08-14 14:05:29,634 [EventQueue-DeleteBlockStatusForDeletedBlockLogImpl] DEBUG block.DeletedBlockLogImpl (DeletedBlockLogImpl.java:commitTransactions(224)) - Transaction txId=28 commit by dnId=41bdc6fc-f730-460f-b2d8-92157d986a72 for containerID=#28 failed. Corresponding entry not found.
2021-08-14 14:05:29,634 [EventQueue-DeleteBlockStatusForDeletedBlockLogImpl] DEBUG block.DeletedBlockLogImpl (DeletedBlockLogImpl.java:isTransactionFailed(278)) - Got block deletion ACK from datanode, TXIDs=29, success=true
2021-08-14 14:05:29,634 [EventQueue-DeleteBlockStatusForDeletedBlockLogImpl] DEBUG block.DeletedBlockLogImpl (DeletedBlockLogImpl.java:commitTransactions(224)) - Transaction txId=29 commit by dnId=41bdc6fc-f730-460f-b2d8-92157d986a72 for containerID=#29 failed. Corresponding entry not found.
2021-08-14 14:05:29,634 [EventQueue-DeleteBlockStatusForDeletedBlockLogImpl] DEBUG block.DeletedBlockLogImpl (DeletedBlockLogImpl.java:isTransactionFailed(278)) - Got block deletion ACK from datanode, TXIDs=30, success=true
2021-08-14 14:05:29,634 [EventQueue-DeleteBlockStatusForDeletedBlockLogImpl] DEBUG block.DeletedBlockLogImpl (DeletedBlockLogImpl.java:commitTransactions(224)) - Transaction txId=30 commit by dnId=41bdc6fc-f730-460f-b2d8-92157d986a72 for containerID=#30 failed. Corresponding entry not found.
2021-08-14 14:05:29,634 [EventQueue-DeleteBlockStatusForDeletedBlockLogImpl] DEBUG block.DeletedBlockLogImpl (DeletedBlockLogImpl.java:isTransactionFailed(278)) - Got block deletion ACK from datanode, TXIDs=31, success=true
2021-08-14 14:05:29,634 [EventQueue-DeleteBlockStatusForDeletedBlockLogImpl] DEBUG block.DeletedBlockLogImpl (DeletedBlockLogImpl.java:commitTransactions(224)) - Transaction txId=31 commit by dnId=41bdc6fc-f730-460f-b2d8-92157d986a72 for containerID=#31 failed. Corresponding entry not found.
2021-08-14 14:05:29,634 [EventQueue-DeleteBlockStatusForDeletedBlockLogImpl] DEBUG block.DeletedBlockLogImpl (DeletedBlockLogImpl.java:isTransactionFailed(278)) - Got block deletion ACK from datanode, TXIDs=32, success=true
2021-08-14 14:05:29,634 [EventQueue-DeleteBlockStatusForDeletedBlockLogImpl] DEBUG block.DeletedBlockLogImpl (DeletedBlockLogImpl.java:commitTransactions(224)) - Transaction txId=32 commit by dnId=41bdc6fc-f730-460f-b2d8-92157d986a72 for containerID=#32 failed. Corresponding entry not found.
2021-08-14 14:05:29,634 [EventQueue-DeleteBlockStatusForDeletedBlockLogImpl] DEBUG block.DeletedBlockLogImpl (DeletedBlockLogImpl.java:isTransactionFailed(278)) - Got block deletion ACK from datanode, TXIDs=33, success=true
2021-08-14 14:05:29,634 [EventQueue-DeleteBlockStatusForDeletedBlockLogImpl] DEBUG block.DeletedBlockLogImpl (DeletedBlockLogImpl.java:commitTransactions(224)) - Transaction txId=33 commit by dnId=41bdc6fc-f730-460f-b2d8-92157d986a72 for containerID=#33 failed. Corresponding entry not found.
2021-08-14 14:05:29,634 [EventQueue-DeleteBlockStatusForDeletedBlockLogImpl] DEBUG block.DeletedBlockLogImpl (DeletedBlockLogImpl.java:isTransactionFailed(278)) - Got block deletion ACK from datanode, TXIDs=34, success=true
2021-08-14 14:05:29,634 [EventQueue-DeleteBlockStatusForDeletedBlockLogImpl] DEBUG block.DeletedBlockLogImpl (DeletedBlockLogImpl.java:commitTransactions(224)) - Transaction txId=34 commit by dnId=41bdc6fc-f730-460f-b2d8-92157d986a72 for containerID=#34 failed. Corresponding entry not found.
2021-08-14 14:05:29,635 [EventQueue-DeleteBlockStatusForDeletedBlockLogImpl] DEBUG block.DeletedBlockLogImpl (DeletedBlockLogImpl.java:isTransactionFailed(278)) - Got block deletion ACK from datanode, TXIDs=35, success=true
2021-08-14 14:05:29,635 [EventQueue-DeleteBlockStatusForDeletedBlockLogImpl] DEBUG block.DeletedBlockLogImpl (DeletedBlockLogImpl.java:commitTransactions(224)) - Transaction txId=35 commit by dnId=41bdc6fc-f730-460f-b2d8-92157d986a72 for containerID=#35 failed. Corresponding entry not found.
2021-08-14 14:05:29,635 [EventQueue-DeleteBlockStatusForDeletedBlockLogImpl] DEBUG block.DeletedBlockLogImpl (DeletedBlockLogImpl.java:isTransactionFailed(278)) - Got block deletion ACK from datanode, TXIDs=36, success=true
2021-08-14 14:05:29,635 [EventQueue-DeleteBlockStatusForDeletedBlockLogImpl] DEBUG block.DeletedBlockLogImpl (DeletedBlockLogImpl.java:commitTransactions(224)) - Transaction txId=36 commit by dnId=41bdc6fc-f730-460f-b2d8-92157d986a72 for containerID=#36 failed. Corresponding entry not found.
2021-08-14 14:05:29,635 [EventQueue-DeleteBlockStatusForDeletedBlockLogImpl] DEBUG block.DeletedBlockLogImpl (DeletedBlockLogImpl.java:isTransactionFailed(278)) - Got block deletion ACK from datanode, TXIDs=37, success=true
2021-08-14 14:05:29,635 [EventQueue-DeleteBlockStatusForDeletedBlockLogImpl] DEBUG block.DeletedBlockLogImpl (DeletedBlockLogImpl.java:commitTransactions(224)) - Transaction txId=37 commit by dnId=41bdc6fc-f730-460f-b2d8-92157d986a72 for containerID=#37 failed. Corresponding entry not found.
2021-08-14 14:05:29,635 [EventQueue-DeleteBlockStatusForDeletedBlockLogImpl] DEBUG block.DeletedBlockLogImpl (DeletedBlockLogImpl.java:isTransactionFailed(278)) - Got block deletion ACK from datanode, TXIDs=38, success=true
2021-08-14 14:05:29,635 [EventQueue-DeleteBlockStatusForDeletedBlockLogImpl] DEBUG block.DeletedBlockLogImpl (DeletedBlockLogImpl.java:commitTransactions(224)) - Transaction txId=38 commit by dnId=41bdc6fc-f730-460f-b2d8-92157d986a72 for containerID=#38 failed. Corresponding entry not found.
2021-08-14 14:05:29,635 [EventQueue-DeleteBlockStatusForDeletedBlockLogImpl] DEBUG block.DeletedBlockLogImpl (DeletedBlockLogImpl.java:isTransactionFailed(278)) - Got block deletion ACK from datanode, TXIDs=39, success=true
2021-08-14 14:05:29,635 [EventQueue-DeleteBlockStatusForDeletedBlockLogImpl] DEBUG block.DeletedBlockLogImpl (DeletedBlockLogImpl.java:commitTransactions(224)) - Transaction txId=39 commit by dnId=41bdc6fc-f730-460f-b2d8-92157d986a72 for containerID=#39 failed. Corresponding entry not found.
2021-08-14 14:05:29,635 [EventQueue-DeleteBlockStatusForDeletedBlockLogImpl] DEBUG block.DeletedBlockLogImpl (DeletedBlockLogImpl.java:isTransactionFailed(278)) - Got block deletion ACK from datanode, TXIDs=40, success=true
2021-08-14 14:05:29,635 [EventQueue-DeleteBlockStatusForDeletedBlockLogImpl] DEBUG block.DeletedBlockLogImpl (DeletedBlockLogImpl.java:commitTransactions(224)) - Transaction txId=40 commit by dnId=41bdc6fc-f730-460f-b2d8-92157d986a72 for containerID=#40 failed. Corresponding entry not found.
2021-08-14 14:05:29,635 [EventQueue-DeleteBlockStatusForDeletedBlockLogImpl] DEBUG block.DeletedBlockLogImpl (DeletedBlockLogImpl.java:isTransactionFailed(278)) - Got block deletion ACK from datanode, TXIDs=41, success=true
2021-08-14 14:05:29,635 [EventQueue-DeleteBlockStatusForDeletedBlockLogImpl] DEBUG block.DeletedBlockLogImpl (DeletedBlockLogImpl.java:commitTransactions(224)) - Transaction txId=41 commit by dnId=41bdc6fc-f730-460f-b2d8-92157d986a72 for containerID=#41 failed. Corresponding entry not found.
2021-08-14 14:05:29,635 [EventQueue-DeleteBlockStatusForDeletedBlockLogImpl] DEBUG block.DeletedBlockLogImpl (DeletedBlockLogImpl.java:isTransactionFailed(278)) - Got block deletion ACK from datanode, TXIDs=42, success=true
2021-08-14 14:05:29,635 [EventQueue-DeleteBlockStatusForDeletedBlockLogImpl] DEBUG block.DeletedBlockLogImpl (DeletedBlockLogImpl.java:commitTransactions(224)) - Transaction txId=42 commit by dnId=41bdc6fc-f730-460f-b2d8-92157d986a72 for containerID=#42 failed. Corresponding entry not found.
2021-08-14 14:05:29,635 [EventQueue-DeleteBlockStatusForDeletedBlockLogImpl] DEBUG block.DeletedBlockLogImpl (DeletedBlockLogImpl.java:isTransactionFailed(278)) - Got block deletion ACK from datanode, TXIDs=43, success=true
2021-08-14 14:05:29,635 [EventQueue-DeleteBlockStatusForDeletedBlockLogImpl] DEBUG block.DeletedBlockLogImpl (DeletedBlockLogImpl.java:commitTransactions(224)) - Transaction txId=43 commit by dnId=41bdc6fc-f730-460f-b2d8-92157d986a72 for containerID=#43 failed. Corresponding entry not found.
2021-08-14 14:05:29,635 [EventQueue-DeleteBlockStatusForDeletedBlockLogImpl] DEBUG block.DeletedBlockLogImpl (DeletedBlockLogImpl.java:isTransactionFailed(278)) - Got block deletion ACK from datanode, TXIDs=44, success=true
2021-08-14 14:05:29,635 [EventQueue-DeleteBlockStatusForDeletedBlockLogImpl] DEBUG block.DeletedBlockLogImpl (DeletedBlockLogImpl.java:commitTransactions(224)) - Transaction txId=44 commit by dnId=41bdc6fc-f730-460f-b2d8-92157d986a72 for containerID=#44 failed. Corresponding entry not found.
2021-08-14 14:05:29,635 [EventQueue-DeleteBlockStatusForDeletedBlockLogImpl] DEBUG block.DeletedBlockLogImpl (DeletedBlockLogImpl.java:isTransactionFailed(278)) - Got block deletion ACK from datanode, TXIDs=45, success=true
2021-08-14 14:05:29,635 [EventQueue-DeleteBlockStatusForDeletedBlockLogImpl] DEBUG block.DeletedBlockLogImpl (DeletedBlockLogImpl.java:commitTransactions(224)) - Transaction txId=45 commit by dnId=41bdc6fc-f730-460f-b2d8-92157d986a72 for containerID=#45 failed. Corresponding entry not found.
2021-08-14 14:05:29,635 [EventQueue-DeleteBlockStatusForDeletedBlockLogImpl] DEBUG block.DeletedBlockLogImpl (DeletedBlockLogImpl.java:isTransactionFailed(278)) - Got block deletion ACK from datanode, TXIDs=46, success=true
2021-08-14 14:05:29,635 [EventQueue-DeleteBlockStatusForDeletedBlockLogImpl] DEBUG block.DeletedBlockLogImpl (DeletedBlockLogImpl.java:commitTransactions(224)) - Transaction txId=46 commit by dnId=41bdc6fc-f730-460f-b2d8-92157d986a72 for containerID=#46 failed. Corresponding entry not found.
2021-08-14 14:05:29,635 [EventQueue-DeleteBlockStatusForDeletedBlockLogImpl] DEBUG block.DeletedBlockLogImpl (DeletedBlockLogImpl.java:isTransactionFailed(278)) - Got block deletion ACK from datanode, TXIDs=47, success=true
2021-08-14 14:05:29,635 [EventQueue-DeleteBlockStatusForDeletedBlockLogImpl] DEBUG block.DeletedBlockLogImpl (DeletedBlockLogImpl.java:commitTransactions(224)) - Transaction txId=47 commit by dnId=41bdc6fc-f730-460f-b2d8-92157d986a72 for containerID=#47 failed. Corresponding entry not found.
2021-08-14 14:05:29,635 [EventQueue-DeleteBlockStatusForDeletedBlockLogImpl] DEBUG block.DeletedBlockLogImpl (DeletedBlockLogImpl.java:isTransactionFailed(278)) - Got block deletion ACK from datanode, TXIDs=48, success=true
2021-08-14 14:05:29,635 [EventQueue-DeleteBlockStatusForDeletedBlockLogImpl] DEBUG block.DeletedBlockLogImpl (DeletedBlockLogImpl.java:commitTransactions(224)) - Transaction txId=48 commit by dnId=41bdc6fc-f730-460f-b2d8-92157d986a72 for containerID=#48 failed. Corresponding entry not found.
2021-08-14 14:05:29,635 [EventQueue-DeleteBlockStatusForDeletedBlockLogImpl] DEBUG block.DeletedBlockLogImpl (DeletedBlockLogImpl.java:isTransactionFailed(278)) - Got block deletion ACK from datanode, TXIDs=49, success=true
2021-08-14 14:05:29,635 [EventQueue-DeleteBlockStatusForDeletedBlockLogImpl] DEBUG block.DeletedBlockLogImpl (DeletedBlockLogImpl.java:commitTransactions(224)) - Transaction txId=49 commit by dnId=41bdc6fc-f730-460f-b2d8-92157d986a72 for containerID=#49 failed. Corresponding entry not found.
2021-08-14 14:05:29,635 [EventQueue-DeleteBlockStatusForDeletedBlockLogImpl] DEBUG block.DeletedBlockLogImpl (DeletedBlockLogImpl.java:isTransactionFailed(278)) - Got block deletion ACK from datanode, TXIDs=50, success=true
2021-08-14 14:05:29,635 [EventQueue-DeleteBlockStatusForDeletedBlockLogImpl] DEBUG block.DeletedBlockLogImpl (DeletedBlockLogImpl.java:commitTransactions(224)) - Transaction txId=50 commit by dnId=41bdc6fc-f730-460f-b2d8-92157d986a72 for containerID=#50 failed. Corresponding entry not found.
2021-08-14 14:05:29,635 [EventQueue-DeleteBlockStatusForDeletedBlockLogImpl] DEBUG block.DeletedBlockLogImpl (DeletedBlockLogImpl.java:isTransactionFailed(278)) - Got block deletion ACK from datanode, TXIDs=51, success=true
2021-08-14 14:05:29,635 [EventQueue-DeleteBlockStatusForDeletedBlockLogImpl] DEBUG block.DeletedBlockLogImpl (DeletedBlockLogImpl.java:commitTransactions(224)) - Transaction txId=51 commit by dnId=41bdc6fc-f730-460f-b2d8-92157d986a72 for containerID=#51 failed. Corresponding entry not found.
2021-08-14 14:05:29,635 [EventQueue-DeleteBlockStatusForDeletedBlockLogImpl] DEBUG block.DeletedBlockLogImpl (DeletedBlockLogImpl.java:isTransactionFailed(278)) - Got block deletion ACK from datanode, TXIDs=52, success=true
2021-08-14 14:05:29,635 [EventQueue-DeleteBlockStatusForDeletedBlockLogImpl] DEBUG block.DeletedBlockLogImpl (DeletedBlockLogImpl.java:commitTransactions(224)) - Transaction txId=52 commit by dnId=41bdc6fc-f730-460f-b2d8-92157d986a72 for containerID=#52 failed. Corresponding entry not found.
2021-08-14 14:05:29,635 [EventQueue-DeleteBlockStatusForDeletedBlockLogImpl] DEBUG block.DeletedBlockLogImpl (DeletedBlockLogImpl.java:isTransactionFailed(278)) - Got block deletion ACK from datanode, TXIDs=53, success=true
2021-08-14 14:05:29,635 [EventQueue-DeleteBlockStatusForDeletedBlockLogImpl] DEBUG block.DeletedBlockLogImpl (DeletedBlockLogImpl.java:commitTransactions(224)) - Transaction txId=53 commit by dnId=41bdc6fc-f730-460f-b2d8-92157d986a72 for containerID=#53 failed. Corresponding entry not found.
2021-08-14 14:05:29,635 [EventQueue-DeleteBlockStatusForDeletedBlockLogImpl] DEBUG block.DeletedBlockLogImpl (DeletedBlockLogImpl.java:isTransactionFailed(278)) - Got block deletion ACK from datanode, TXIDs=54, success=true
2021-08-14 14:05:29,635 [EventQueue-DeleteBlockStatusForDeletedBlockLogImpl] DEBUG block.DeletedBlockLogImpl (DeletedBlockLogImpl.java:commitTransactions(224)) - Transaction txId=54 commit by dnId=41bdc6fc-f730-460f-b2d8-92157d986a72 for containerID=#54 failed. Corresponding entry not found.
2021-08-14 14:05:29,635 [EventQueue-DeleteBlockStatusForDeletedBlockLogImpl] DEBUG block.DeletedBlockLogImpl (DeletedBlockLogImpl.java:isTransactionFailed(278)) - Got block deletion ACK from datanode, TXIDs=55, success=true
2021-08-14 14:05:29,636 [EventQueue-DeleteBlockStatusForDeletedBlockLogImpl] DEBUG block.DeletedBlockLogImpl (DeletedBlockLogImpl.java:commitTransactions(224)) - Transaction txId=55 commit by dnId=41bdc6fc-f730-460f-b2d8-92157d986a72 for containerID=#55 failed. Corresponding entry not found.
2021-08-14 14:05:29,636 [EventQueue-DeleteBlockStatusForDeletedBlockLogImpl] DEBUG block.DeletedBlockLogImpl (DeletedBlockLogImpl.java:isTransactionFailed(278)) - Got block deletion ACK from datanode, TXIDs=56, success=true
2021-08-14 14:05:29,636 [EventQueue-DeleteBlockStatusForDeletedBlockLogImpl] DEBUG block.DeletedBlockLogImpl (DeletedBlockLogImpl.java:commitTransactions(224)) - Transaction txId=56 commit by dnId=41bdc6fc-f730-460f-b2d8-92157d986a72 for containerID=#56 failed. Corresponding entry not found.
2021-08-14 14:05:29,636 [EventQueue-DeleteBlockStatusForDeletedBlockLogImpl] DEBUG block.DeletedBlockLogImpl (DeletedBlockLogImpl.java:isTransactionFailed(278)) - Got block deletion ACK from datanode, TXIDs=1, success=true
2021-08-14 14:05:29,636 [EventQueue-DeleteBlockStatusForDeletedBlockLogImpl] DEBUG block.DeletedBlockLogImpl (DeletedBlockLogImpl.java:commitTransactions(224)) - Transaction txId=1 commit by dnId=41bdc6fc-f730-460f-b2d8-92157d986a72 for containerID=#1 failed. Corresponding entry not found.
2021-08-14 14:05:29,636 [EventQueue-DeleteBlockStatusForDeletedBlockLogImpl] DEBUG block.DeletedBlockLogImpl (DeletedBlockLogImpl.java:isTransactionFailed(278)) - Got block deletion ACK from datanode, TXIDs=2, success=true
2021-08-14 14:05:29,636 [EventQueue-DeleteBlockStatusForDeletedBlockLogImpl] DEBUG block.DeletedBlockLogImpl (DeletedBlockLogImpl.java:commitTransactions(224)) - Transaction txId=2 commit by dnId=41bdc6fc-f730-460f-b2d8-92157d986a72 for containerID=#2 failed. Corresponding entry not found.
2021-08-14 14:05:29,636 [EventQueue-DeleteBlockStatusForDeletedBlockLogImpl] DEBUG block.DeletedBlockLogImpl (DeletedBlockLogImpl.java:isTransactionFailed(278)) - Got block deletion ACK from datanode, TXIDs=3, success=true
2021-08-14 14:05:29,636 [EventQueue-DeleteBlockStatusForDeletedBlockLogImpl] DEBUG block.DeletedBlockLogImpl (DeletedBlockLogImpl.java:commitTransactions(224)) - Transaction txId=3 commit by dnId=41bdc6fc-f730-460f-b2d8-92157d986a72 for containerID=#3 failed. Corresponding entry not found.
2021-08-14 14:05:29,636 [EventQueue-DeleteBlockStatusForDeletedBlockLogImpl] DEBUG block.DeletedBlockLogImpl (DeletedBlockLogImpl.java:isTransactionFailed(278)) - Got block deletion ACK from datanode, TXIDs=4, success=true
2021-08-14 14:05:29,636 [EventQueue-DeleteBlockStatusForDeletedBlockLogImpl] DEBUG block.DeletedBlockLogImpl (DeletedBlockLogImpl.java:commitTransactions(224)) - Transaction txId=4 commit by dnId=41bdc6fc-f730-460f-b2d8-92157d986a72 for containerID=#4 failed. Corresponding entry not found.
2021-08-14 14:05:29,636 [EventQueue-DeleteBlockStatusForDeletedBlockLogImpl] DEBUG block.DeletedBlockLogImpl (DeletedBlockLogImpl.java:isTransactionFailed(278)) - Got block deletion ACK from datanode, TXIDs=5, success=true
2021-08-14 14:05:29,636 [EventQueue-DeleteBlockStatusForDeletedBlockLogImpl] DEBUG block.DeletedBlockLogImpl (DeletedBlockLogImpl.java:commitTransactions(224)) - Transaction txId=5 commit by dnId=41bdc6fc-f730-460f-b2d8-92157d986a72 for containerID=#5 failed. Corresponding entry not found.
2021-08-14 14:05:29,636 [EventQueue-DeleteBlockStatusForDeletedBlockLogImpl] DEBUG block.DeletedBlockLogImpl (DeletedBlockLogImpl.java:isTransactionFailed(278)) - Got block deletion ACK from datanode, TXIDs=6, success=true
2021-08-14 14:05:29,636 [EventQueue-DeleteBlockStatusForDeletedBlockLogImpl] DEBUG block.DeletedBlockLogImpl (DeletedBlockLogImpl.java:commitTransactions(224)) - Transaction txId=6 commit by dnId=41bdc6fc-f730-460f-b2d8-92157d986a72 for containerID=#6 failed. Corresponding entry not found.
2021-08-14 14:05:29,636 [EventQueue-DeleteBlockStatusForDeletedBlockLogImpl] DEBUG block.DeletedBlockLogImpl (DeletedBlockLogImpl.java:isTransactionFailed(278)) - Got block deletion ACK from datanode, TXIDs=7, success=true
2021-08-14 14:05:29,636 [EventQueue-DeleteBlockStatusForDeletedBlockLogImpl] DEBUG block.DeletedBlockLogImpl (DeletedBlockLogImpl.java:commitTransactions(224)) - Transaction txId=7 commit by dnId=41bdc6fc-f730-460f-b2d8-92157d986a72 for containerID=#7 failed. Corresponding entry not found.
2021-08-14 14:05:29,636 [EventQueue-DeleteBlockStatusForDeletedBlockLogImpl] DEBUG block.DeletedBlockLogImpl (DeletedBlockLogImpl.java:isTransactionFailed(278)) - Got block deletion ACK from datanode, TXIDs=8, success=true
2021-08-14 14:05:29,636 [EventQueue-DeleteBlockStatusForDeletedBlockLogImpl] DEBUG block.DeletedBlockLogImpl (DeletedBlockLogImpl.java:commitTransactions(224)) - Transaction txId=8 commit by dnId=41bdc6fc-f730-460f-b2d8-92157d986a72 for containerID=#8 failed. Corresponding entry not found.
2021-08-14 14:05:29,636 [EventQueue-DeleteBlockStatusForDeletedBlockLogImpl] DEBUG block.DeletedBlockLogImpl (DeletedBlockLogImpl.java:isTransactionFailed(278)) - Got block deletion ACK from datanode, TXIDs=9, success=true
2021-08-14 14:05:29,636 [EventQueue-DeleteBlockStatusForDeletedBlockLogImpl] DEBUG block.DeletedBlockLogImpl (DeletedBlockLogImpl.java:commitTransactions(224)) - Transaction txId=9 commit by dnId=41bdc6fc-f730-460f-b2d8-92157d986a72 for containerID=#9 failed. Corresponding entry not found.
2021-08-14 14:05:29,636 [EventQueue-DeleteBlockStatusForDeletedBlockLogImpl] DEBUG block.DeletedBlockLogImpl (DeletedBlockLogImpl.java:isTransactionFailed(278)) - Got block deletion ACK from datanode, TXIDs=10, success=true
2021-08-14 14:05:29,636 [EventQueue-DeleteBlockStatusForDeletedBlockLogImpl] DEBUG block.DeletedBlockLogImpl (DeletedBlockLogImpl.java:commitTransactions(224)) - Transaction txId=10 commit by dnId=41bdc6fc-f730-460f-b2d8-92157d986a72 for containerID=#10 failed. Corresponding entry not found.
2021-08-14 14:05:29,636 [EventQueue-DeleteBlockStatusForDeletedBlockLogImpl] DEBUG block.DeletedBlockLogImpl (DeletedBlockLogImpl.java:isTransactionFailed(278)) - Got block deletion ACK from datanode, TXIDs=11, success=true
2021-08-14 14:05:29,636 [EventQueue-DeleteBlockStatusForDeletedBlockLogImpl] DEBUG block.DeletedBlockLogImpl (DeletedBlockLogImpl.java:commitTransactions(224)) - Transaction txId=11 commit by dnId=41bdc6fc-f730-460f-b2d8-92157d986a72 for containerID=#11 failed. Corresponding entry not found.
2021-08-14 14:05:29,636 [EventQueue-DeleteBlockStatusForDeletedBlockLogImpl] DEBUG block.DeletedBlockLogImpl (DeletedBlockLogImpl.java:isTransactionFailed(278)) - Got block deletion ACK from datanode, TXIDs=12, success=true
2021-08-14 14:05:29,636 [EventQueue-DeleteBlockStatusForDeletedBlockLogImpl] DEBUG block.DeletedBlockLogImpl (DeletedBlockLogImpl.java:commitTransactions(224)) - Transaction txId=12 commit by dnId=41bdc6fc-f730-460f-b2d8-92157d986a72 for containerID=#12 failed. Corresponding entry not found.
2021-08-14 14:05:29,636 [EventQueue-DeleteBlockStatusForDeletedBlockLogImpl] DEBUG block.DeletedBlockLogImpl (DeletedBlockLogImpl.java:isTransactionFailed(278)) - Got block deletion ACK from datanode, TXIDs=13, success=true
2021-08-14 14:05:29,636 [EventQueue-DeleteBlockStatusForDeletedBlockLogImpl] DEBUG block.DeletedBlockLogImpl (DeletedBlockLogImpl.java:commitTransactions(224)) - Transaction txId=13 commit by dnId=41bdc6fc-f730-460f-b2d8-92157d986a72 for containerID=#13 failed. Corresponding entry not found.
2021-08-14 14:05:29,636 [EventQueue-DeleteBlockStatusForDeletedBlockLogImpl] DEBUG block.DeletedBlockLogImpl (DeletedBlockLogImpl.java:isTransactionFailed(278)) - Got block deletion ACK from datanode, TXIDs=14, success=true
2021-08-14 14:05:29,641 [EventQueue-DeleteBlockStatusForDeletedBlockLogImpl] DEBUG block.DeletedBlockLogImpl (DeletedBlockLogImpl.java:commitTransactions(224)) - Transaction txId=14 commit by dnId=41bdc6fc-f730-460f-b2d8-92157d986a72 for containerID=#14 failed. Corresponding entry not found.
2021-08-14 14:05:29,650 [EventQueue-DeleteBlockStatusForDeletedBlockLogImpl] DEBUG block.DeletedBlockLogImpl (DeletedBlockLogImpl.java:isTransactionFailed(278)) - Got block deletion ACK from datanode, TXIDs=15, success=true
2021-08-14 14:05:29,650 [EventQueue-DeleteBlockStatusForDeletedBlockLogImpl] DEBUG block.DeletedBlockLogImpl (DeletedBlockLogImpl.java:commitTransactions(224)) - Transaction txId=15 commit by dnId=41bdc6fc-f730-460f-b2d8-92157d986a72 for containerID=#15 failed. Corresponding entry not found.
2021-08-14 14:05:29,650 [EventQueue-DeleteBlockStatusForDeletedBlockLogImpl] DEBUG block.DeletedBlockLogImpl (DeletedBlockLogImpl.java:isTransactionFailed(278)) - Got block deletion ACK from datanode, TXIDs=16, success=true
2021-08-14 14:05:29,650 [EventQueue-DeleteBlockStatusForDeletedBlockLogImpl] DEBUG block.DeletedBlockLogImpl (DeletedBlockLogImpl.java:commitTransactions(224)) - Transaction txId=16 commit by dnId=41bdc6fc-f730-460f-b2d8-92157d986a72 for containerID=#16 failed. Corresponding entry not found.
2021-08-14 14:05:29,650 [EventQueue-DeleteBlockStatusForDeletedBlockLogImpl] DEBUG block.DeletedBlockLogImpl (DeletedBlockLogImpl.java:isTransactionFailed(278)) - Got block deletion ACK from datanode, TXIDs=17, success=true
2021-08-14 14:05:29,650 [EventQueue-DeleteBlockStatusForDeletedBlockLogImpl] DEBUG block.DeletedBlockLogImpl (DeletedBlockLogImpl.java:commitTransactions(224)) - Transaction txId=17 commit by dnId=41bdc6fc-f730-460f-b2d8-92157d986a72 for containerID=#17 failed. Corresponding entry not found.
2021-08-14 14:05:29,650 [EventQueue-DeleteBlockStatusForDeletedBlockLogImpl] DEBUG block.DeletedBlockLogImpl (DeletedBlockLogImpl.java:isTransactionFailed(278)) - Got block deletion ACK from datanode, TXIDs=18, success=true
2021-08-14 14:05:29,650 [EventQueue-DeleteBlockStatusForDeletedBlockLogImpl] DEBUG block.DeletedBlockLogImpl (DeletedBlockLogImpl.java:commitTransactions(224)) - Transaction txId=18 commit by dnId=41bdc6fc-f730-460f-b2d8-92157d986a72 for containerID=#18 failed. Corresponding entry not found.
2021-08-14 14:05:29,650 [EventQueue-DeleteBlockStatusForDeletedBlockLogImpl] DEBUG block.DeletedBlockLogImpl (DeletedBlockLogImpl.java:isTransactionFailed(278)) - Got block deletion ACK from datanode, TXIDs=19, success=true
2021-08-14 14:05:29,650 [EventQueue-DeleteBlockStatusForDeletedBlockLogImpl] DEBUG block.DeletedBlockLogImpl (DeletedBlockLogImpl.java:commitTransactions(224)) - Transaction txId=19 commit by dnId=41bdc6fc-f730-460f-b2d8-92157d986a72 for containerID=#19 failed. Corresponding entry not found.
2021-08-14 14:05:29,650 [EventQueue-DeleteBlockStatusForDeletedBlockLogImpl] DEBUG block.DeletedBlockLogImpl (DeletedBlockLogImpl.java:isTransactionFailed(278)) - Got block deletion ACK from datanode, TXIDs=20, success=true
2021-08-14 14:05:29,650 [EventQueue-DeleteBlockStatusForDeletedBlockLogImpl] DEBUG block.DeletedBlockLogImpl (DeletedBlockLogImpl.java:commitTransactions(224)) - Transaction txId=20 commit by dnId=41bdc6fc-f730-460f-b2d8-92157d986a72 for containerID=#20 failed. Corresponding entry not found.
2021-08-14 14:05:29,652 [EventQueue-DeleteBlockStatusForDeletedBlockLogImpl] DEBUG block.DeletedBlockLogImpl (DeletedBlockLogImpl.java:isTransactionFailed(278)) - Got block deletion ACK from datanode, TXIDs=21, success=true
2021-08-14 14:05:29,652 [EventQueue-DeleteBlockStatusForDeletedBlockLogImpl] DEBUG block.DeletedBlockLogImpl (DeletedBlockLogImpl.java:commitTransactions(224)) - Transaction txId=21 commit by dnId=41bdc6fc-f730-460f-b2d8-92157d986a72 for containerID=#21 failed. Corresponding entry not found.
2021-08-14 14:05:29,652 [EventQueue-DeleteBlockStatusForDeletedBlockLogImpl] DEBUG block.DeletedBlockLogImpl (DeletedBlockLogImpl.java:isTransactionFailed(278)) - Got block deletion ACK from datanode, TXIDs=22, success=true
2021-08-14 14:05:29,652 [EventQueue-DeleteBlockStatusForDeletedBlockLogImpl] DEBUG block.DeletedBlockLogImpl (DeletedBlockLogImpl.java:commitTransactions(224)) - Transaction txId=22 commit by dnId=41bdc6fc-f730-460f-b2d8-92157d986a72 for containerID=#22 failed. Corresponding entry not found.
2021-08-14 14:05:29,652 [EventQueue-DeleteBlockStatusForDeletedBlockLogImpl] DEBUG block.DeletedBlockLogImpl (DeletedBlockLogImpl.java:isTransactionFailed(278)) - Got block deletion ACK from datanode, TXIDs=23, success=true
2021-08-14 14:05:29,652 [EventQueue-DeleteBlockStatusForDeletedBlockLogImpl] DEBUG block.DeletedBlockLogImpl (DeletedBlockLogImpl.java:commitTransactions(224)) - Transaction txId=23 commit by dnId=41bdc6fc-f730-460f-b2d8-92157d986a72 for containerID=#23 failed. Corresponding entry not found.
2021-08-14 14:05:29,652 [EventQueue-DeleteBlockStatusForDeletedBlockLogImpl] DEBUG block.DeletedBlockLogImpl (DeletedBlockLogImpl.java:isTransactionFailed(278)) - Got block deletion ACK from datanode, TXIDs=24, success=true
2021-08-14 14:05:29,652 [EventQueue-DeleteBlockStatusForDeletedBlockLogImpl] DEBUG block.DeletedBlockLogImpl (DeletedBlockLogImpl.java:commitTransactions(224)) - Transaction txId=24 commit by dnId=41bdc6fc-f730-460f-b2d8-92157d986a72 for containerID=#24 failed. Corresponding entry not found.
2021-08-14 14:05:29,652 [EventQueue-DeleteBlockStatusForDeletedBlockLogImpl] DEBUG block.DeletedBlockLogImpl (DeletedBlockLogImpl.java:isTransactionFailed(278)) - Got block deletion ACK from datanode, TXIDs=25, success=true
2021-08-14 14:05:29,652 [EventQueue-DeleteBlockStatusForDeletedBlockLogImpl] DEBUG block.DeletedBlockLogImpl (DeletedBlockLogImpl.java:commitTransactions(224)) - Transaction txId=25 commit by dnId=41bdc6fc-f730-460f-b2d8-92157d986a72 for containerID=#25 failed. Corresponding entry not found.
2021-08-14 14:05:29,652 [EventQueue-DeleteBlockStatusForDeletedBlockLogImpl] DEBUG block.DeletedBlockLogImpl (DeletedBlockLogImpl.java:isTransactionFailed(278)) - Got block deletion ACK from datanode, TXIDs=26, success=true
2021-08-14 14:05:29,652 [EventQueue-DeleteBlockStatusForDeletedBlockLogImpl] DEBUG block.DeletedBlockLogImpl (DeletedBlockLogImpl.java:commitTransactions(224)) - Transaction txId=26 commit by dnId=41bdc6fc-f730-460f-b2d8-92157d986a72 for containerID=#26 failed. Corresponding entry not found.
2021-08-14 14:05:29,652 [EventQueue-DeleteBlockStatusForDeletedBlockLogImpl] DEBUG block.DeletedBlockLogImpl (DeletedBlockLogImpl.java:isTransactionFailed(278)) - Got block deletion ACK from datanode, TXIDs=27, success=true
2021-08-14 14:05:29,652 [EventQueue-DeleteBlockStatusForDeletedBlockLogImpl] DEBUG block.DeletedBlockLogImpl (DeletedBlockLogImpl.java:commitTransactions(224)) - Transaction txId=27 commit by dnId=41bdc6fc-f730-460f-b2d8-92157d986a72 for containerID=#27 failed. Corresponding entry not found.
2021-08-14 14:05:29,652 [EventQueue-DeleteBlockStatusForDeletedBlockLogImpl] DEBUG block.DeletedBlockLogImpl (DeletedBlockLogImpl.java:isTransactionFailed(278)) - Got block deletion ACK from datanode, TXIDs=28, success=true
2021-08-14 14:05:29,652 [EventQueue-DeleteBlockStatusForDeletedBlockLogImpl] DEBUG block.DeletedBlockLogImpl (DeletedBlockLogImpl.java:commitTransactions(224)) - Transaction txId=28 commit by dnId=41bdc6fc-f730-460f-b2d8-92157d986a72 for containerID=#28 failed. Corresponding entry not found.
2021-08-14 14:05:29,652 [EventQueue-DeleteBlockStatusForDeletedBlockLogImpl] DEBUG block.DeletedBlockLogImpl (DeletedBlockLogImpl.java:isTransactionFailed(278)) - Got block deletion ACK from datanode, TXIDs=29, success=true
2021-08-14 14:05:29,652 [EventQueue-DeleteBlockStatusForDeletedBlockLogImpl] DEBUG block.DeletedBlockLogImpl (DeletedBlockLogImpl.java:commitTransactions(224)) - Transaction txId=29 commit by dnId=41bdc6fc-f730-460f-b2d8-92157d986a72 for containerID=#29 failed. Corresponding entry not found.
2021-08-14 14:05:29,652 [EventQueue-DeleteBlockStatusForDeletedBlockLogImpl] DEBUG block.DeletedBlockLogImpl (DeletedBlockLogImpl.java:isTransactionFailed(278)) - Got block deletion ACK from datanode, TXIDs=30, success=true
2021-08-14 14:05:29,652 [EventQueue-DeleteBlockStatusForDeletedBlockLogImpl] DEBUG block.DeletedBlockLogImpl (DeletedBlockLogImpl.java:commitTransactions(224)) - Transaction txId=30 commit by dnId=41bdc6fc-f730-460f-b2d8-92157d986a72 for containerID=#30 failed. Corresponding entry not found.
2021-08-14 14:05:29,652 [EventQueue-DeleteBlockStatusForDeletedBlockLogImpl] DEBUG block.DeletedBlockLogImpl (DeletedBlockLogImpl.java:isTransactionFailed(278)) - Got block deletion ACK from datanode, TXIDs=31, success=true
2021-08-14 14:05:29,652 [EventQueue-DeleteBlockStatusForDeletedBlockLogImpl] DEBUG block.DeletedBlockLogImpl (DeletedBlockLogImpl.java:commitTransactions(224)) - Transaction txId=31 commit by dnId=41bdc6fc-f730-460f-b2d8-92157d986a72 for containerID=#31 failed. Corresponding entry not found.
2021-08-14 14:05:29,652 [EventQueue-DeleteBlockStatusForDeletedBlockLogImpl] DEBUG block.DeletedBlockLogImpl (DeletedBlockLogImpl.java:isTransactionFailed(278)) - Got block deletion ACK from datanode, TXIDs=32, success=true
2021-08-14 14:05:29,652 [EventQueue-DeleteBlockStatusForDeletedBlockLogImpl] DEBUG block.DeletedBlockLogImpl (DeletedBlockLogImpl.java:commitTransactions(224)) - Transaction txId=32 commit by dnId=41bdc6fc-f730-460f-b2d8-92157d986a72 for containerID=#32 failed. Corresponding entry not found.
2021-08-14 14:05:29,652 [EventQueue-DeleteBlockStatusForDeletedBlockLogImpl] DEBUG block.DeletedBlockLogImpl (DeletedBlockLogImpl.java:isTransactionFailed(278)) - Got block deletion ACK from datanode, TXIDs=33, success=true
2021-08-14 14:05:29,652 [EventQueue-DeleteBlockStatusForDeletedBlockLogImpl] DEBUG block.DeletedBlockLogImpl (DeletedBlockLogImpl.java:commitTransactions(224)) - Transaction txId=33 commit by dnId=41bdc6fc-f730-460f-b2d8-92157d986a72 for containerID=#33 failed. Corresponding entry not found.
2021-08-14 14:05:29,652 [EventQueue-DeleteBlockStatusForDeletedBlockLogImpl] DEBUG block.DeletedBlockLogImpl (DeletedBlockLogImpl.java:isTransactionFailed(278)) - Got block deletion ACK from datanode, TXIDs=34, success=true
2021-08-14 14:05:29,652 [EventQueue-DeleteBlockStatusForDeletedBlockLogImpl] DEBUG block.DeletedBlockLogImpl (DeletedBlockLogImpl.java:commitTransactions(224)) - Transaction txId=34 commit by dnId=41bdc6fc-f730-460f-b2d8-92157d986a72 for containerID=#34 failed. Corresponding entry not found.
2021-08-14 14:05:29,652 [EventQueue-DeleteBlockStatusForDeletedBlockLogImpl] DEBUG block.DeletedBlockLogImpl (DeletedBlockLogImpl.java:isTransactionFailed(278)) - Got block deletion ACK from datanode, TXIDs=35, success=true
2021-08-14 14:05:29,652 [EventQueue-DeleteBlockStatusForDeletedBlockLogImpl] DEBUG block.DeletedBlockLogImpl (DeletedBlockLogImpl.java:commitTransactions(224)) - Transaction txId=35 commit by dnId=41bdc6fc-f730-460f-b2d8-92157d986a72 for containerID=#35 failed. Corresponding entry not found.
2021-08-14 14:05:29,652 [EventQueue-DeleteBlockStatusForDeletedBlockLogImpl] DEBUG block.DeletedBlockLogImpl (DeletedBlockLogImpl.java:isTransactionFailed(278)) - Got block deletion ACK from datanode, TXIDs=36, success=true
2021-08-14 14:05:29,652 [EventQueue-DeleteBlockStatusForDeletedBlockLogImpl] DEBUG block.DeletedBlockLogImpl (DeletedBlockLogImpl.java:commitTransactions(224)) - Transaction txId=36 commit by dnId=41bdc6fc-f730-460f-b2d8-92157d986a72 for containerID=#36 failed. Corresponding entry not found.
2021-08-14 14:05:29,652 [EventQueue-DeleteBlockStatusForDeletedBlockLogImpl] DEBUG block.DeletedBlockLogImpl (DeletedBlockLogImpl.java:isTransactionFailed(278)) - Got block deletion ACK from datanode, TXIDs=37, success=true
2021-08-14 14:05:29,652 [EventQueue-DeleteBlockStatusForDeletedBlockLogImpl] DEBUG block.DeletedBlockLogImpl (DeletedBlockLogImpl.java:commitTransactions(224)) - Transaction txId=37 commit by dnId=41bdc6fc-f730-460f-b2d8-92157d986a72 for containerID=#37 failed. Corresponding entry not found.
2021-08-14 14:05:29,652 [EventQueue-DeleteBlockStatusForDeletedBlockLogImpl] DEBUG block.DeletedBlockLogImpl (DeletedBlockLogImpl.java:isTransactionFailed(278)) - Got block deletion ACK from datanode, TXIDs=38, success=true
2021-08-14 14:05:29,652 [EventQueue-DeleteBlockStatusForDeletedBlockLogImpl] DEBUG block.DeletedBlockLogImpl (DeletedBlockLogImpl.java:commitTransactions(224)) - Transaction txId=38 commit by dnId=41bdc6fc-f730-460f-b2d8-92157d986a72 for containerID=#38 failed. Corresponding entry not found.
2021-08-14 14:05:29,652 [EventQueue-DeleteBlockStatusForDeletedBlockLogImpl] DEBUG block.DeletedBlockLogImpl (DeletedBlockLogImpl.java:isTransactionFailed(278)) - Got block deletion ACK from datanode, TXIDs=39, success=true
2021-08-14 14:05:29,652 [EventQueue-DeleteBlockStatusForDeletedBlockLogImpl] DEBUG block.DeletedBlockLogImpl (DeletedBlockLogImpl.java:commitTransactions(224)) - Transaction txId=39 commit by dnId=41bdc6fc-f730-460f-b2d8-92157d986a72 for containerID=#39 failed. Corresponding entry not found.
2021-08-14 14:05:29,653 [EventQueue-DeleteBlockStatusForDeletedBlockLogImpl] DEBUG block.DeletedBlockLogImpl (DeletedBlockLogImpl.java:isTransactionFailed(278)) - Got block deletion ACK from datanode, TXIDs=40, success=true
2021-08-14 14:05:29,653 [EventQueue-DeleteBlockStatusForDeletedBlockLogImpl] DEBUG block.DeletedBlockLogImpl (DeletedBlockLogImpl.java:commitTransactions(224)) - Transaction txId=40 commit by dnId=41bdc6fc-f730-460f-b2d8-92157d986a72 for containerID=#40 failed. Corresponding entry not found.
2021-08-14 14:05:29,653 [EventQueue-DeleteBlockStatusForDeletedBlockLogImpl] DEBUG block.DeletedBlockLogImpl (DeletedBlockLogImpl.java:isTransactionFailed(278)) - Got block deletion ACK from datanode, TXIDs=41, success=true
2021-08-14 14:05:29,653 [EventQueue-DeleteBlockStatusForDeletedBlockLogImpl] DEBUG block.DeletedBlockLogImpl (DeletedBlockLogImpl.java:commitTransactions(224)) - Transaction txId=41 commit by dnId=41bdc6fc-f730-460f-b2d8-92157d986a72 for containerID=#41 failed. Corresponding entry not found.
2021-08-14 14:05:29,653 [EventQueue-DeleteBlockStatusForDeletedBlockLogImpl] DEBUG block.DeletedBlockLogImpl (DeletedBlockLogImpl.java:isTransactionFailed(278)) - Got block deletion ACK from datanode, TXIDs=42, success=true
2021-08-14 14:05:29,653 [EventQueue-DeleteBlockStatusForDeletedBlockLogImpl] DEBUG block.DeletedBlockLogImpl (DeletedBlockLogImpl.java:commitTransactions(224)) - Transaction txId=42 commit by dnId=41bdc6fc-f730-460f-b2d8-92157d986a72 for containerID=#42 failed. Corresponding entry not found.
2021-08-14 14:05:29,653 [EventQueue-DeleteBlockStatusForDeletedBlockLogImpl] DEBUG block.DeletedBlockLogImpl (DeletedBlockLogImpl.java:isTransactionFailed(278)) - Got block deletion ACK from datanode, TXIDs=43, success=true
2021-08-14 14:05:29,653 [EventQueue-DeleteBlockStatusForDeletedBlockLogImpl] DEBUG block.DeletedBlockLogImpl (DeletedBlockLogImpl.java:commitTransactions(224)) - Transaction txId=43 commit by dnId=41bdc6fc-f730-460f-b2d8-92157d986a72 for containerID=#43 failed. Corresponding entry not found.
2021-08-14 14:05:29,653 [EventQueue-DeleteBlockStatusForDeletedBlockLogImpl] DEBUG block.DeletedBlockLogImpl (DeletedBlockLogImpl.java:isTransactionFailed(278)) - Got block deletion ACK from datanode, TXIDs=44, success=true
2021-08-14 14:05:29,653 [EventQueue-DeleteBlockStatusForDeletedBlockLogImpl] DEBUG block.DeletedBlockLogImpl (DeletedBlockLogImpl.java:commitTransactions(224)) - Transaction txId=44 commit by dnId=41bdc6fc-f730-460f-b2d8-92157d986a72 for containerID=#44 failed. Corresponding entry not found.
2021-08-14 14:05:29,653 [EventQueue-DeleteBlockStatusForDeletedBlockLogImpl] DEBUG block.DeletedBlockLogImpl (DeletedBlockLogImpl.java:isTransactionFailed(278)) - Got block deletion ACK from datanode, TXIDs=45, success=true
2021-08-14 14:05:29,653 [EventQueue-DeleteBlockStatusForDeletedBlockLogImpl] DEBUG block.DeletedBlockLogImpl (DeletedBlockLogImpl.java:commitTransactions(224)) - Transaction txId=45 commit by dnId=41bdc6fc-f730-460f-b2d8-92157d986a72 for containerID=#45 failed. Corresponding entry not found.
2021-08-14 14:05:29,653 [EventQueue-DeleteBlockStatusForDeletedBlockLogImpl] DEBUG block.DeletedBlockLogImpl (DeletedBlockLogImpl.java:isTransactionFailed(278)) - Got block deletion ACK from datanode, TXIDs=46, success=true
2021-08-14 14:05:29,653 [EventQueue-DeleteBlockStatusForDeletedBlockLogImpl] DEBUG block.DeletedBlockLogImpl (DeletedBlockLogImpl.java:commitTransactions(224)) - Transaction txId=46 commit by dnId=41bdc6fc-f730-460f-b2d8-92157d986a72 for containerID=#46 failed. Corresponding entry not found.
2021-08-14 14:05:29,653 [EventQueue-DeleteBlockStatusForDeletedBlockLogImpl] DEBUG block.DeletedBlockLogImpl (DeletedBlockLogImpl.java:isTransactionFailed(278)) - Got block deletion ACK from datanode, TXIDs=47, success=true
2021-08-14 14:05:29,653 [EventQueue-DeleteBlockStatusForDeletedBlockLogImpl] DEBUG block.DeletedBlockLogImpl (DeletedBlockLogImpl.java:commitTransactions(224)) - Transaction txId=47 commit by dnId=41bdc6fc-f730-460f-b2d8-92157d986a72 for containerID=#47 failed. Corresponding entry not found.
2021-08-14 14:05:29,653 [EventQueue-DeleteBlockStatusForDeletedBlockLogImpl] DEBUG block.DeletedBlockLogImpl (DeletedBlockLogImpl.java:isTransactionFailed(278)) - Got block deletion ACK from datanode, TXIDs=48, success=true
2021-08-14 14:05:29,653 [EventQueue-DeleteBlockStatusForDeletedBlockLogImpl] DEBUG block.DeletedBlockLogImpl (DeletedBlockLogImpl.java:commitTransactions(224)) - Transaction txId=48 commit by dnId=41bdc6fc-f730-460f-b2d8-92157d986a72 for containerID=#48 failed. Corresponding entry not found.
2021-08-14 14:05:29,653 [EventQueue-DeleteBlockStatusForDeletedBlockLogImpl] DEBUG block.DeletedBlockLogImpl (DeletedBlockLogImpl.java:isTransactionFailed(278)) - Got block deletion ACK from datanode, TXIDs=49, success=true
2021-08-14 14:05:29,653 [EventQueue-DeleteBlockStatusForDeletedBlockLogImpl] DEBUG block.DeletedBlockLogImpl (DeletedBlockLogImpl.java:commitTransactions(224)) - Transaction txId=49 commit by dnId=41bdc6fc-f730-460f-b2d8-92157d986a72 for containerID=#49 failed. Corresponding entry not found.
2021-08-14 14:05:29,653 [EventQueue-DeleteBlockStatusForDeletedBlockLogImpl] DEBUG block.DeletedBlockLogImpl (DeletedBlockLogImpl.java:isTransactionFailed(278)) - Got block deletion ACK from datanode, TXIDs=50, success=true
2021-08-14 14:05:29,653 [EventQueue-DeleteBlockStatusForDeletedBlockLogImpl] DEBUG block.DeletedBlockLogImpl (DeletedBlockLogImpl.java:commitTransactions(224)) - Transaction txId=50 commit by dnId=41bdc6fc-f730-460f-b2d8-92157d986a72 for containerID=#50 failed. Corresponding entry not found.
2021-08-14 14:05:29,653 [EventQueue-DeleteBlockStatusForDeletedBlockLogImpl] DEBUG block.DeletedBlockLogImpl (DeletedBlockLogImpl.java:isTransactionFailed(278)) - Got block deletion ACK from datanode, TXIDs=51, success=true
2021-08-14 14:05:29,653 [EventQueue-DeleteBlockStatusForDeletedBlockLogImpl] DEBUG block.DeletedBlockLogImpl (DeletedBlockLogImpl.java:commitTransactions(224)) - Transaction txId=51 commit by dnId=41bdc6fc-f730-460f-b2d8-92157d986a72 for containerID=#51 failed. Corresponding entry not found.
2021-08-14 14:05:29,653 [EventQueue-DeleteBlockStatusForDeletedBlockLogImpl] DEBUG block.DeletedBlockLogImpl (DeletedBlockLogImpl.java:isTransactionFailed(278)) - Got block deletion ACK from datanode, TXIDs=52, success=true
2021-08-14 14:05:29,653 [EventQueue-DeleteBlockStatusForDeletedBlockLogImpl] DEBUG block.DeletedBlockLogImpl (DeletedBlockLogImpl.java:commitTransactions(224)) - Transaction txId=52 commit by dnId=41bdc6fc-f730-460f-b2d8-92157d986a72 for containerID=#52 failed. Corresponding entry not found.
2021-08-14 14:05:29,653 [EventQueue-DeleteBlockStatusForDeletedBlockLogImpl] DEBUG block.DeletedBlockLogImpl (DeletedBlockLogImpl.java:isTransactionFailed(278)) - Got block deletion ACK from datanode, TXIDs=53, success=true
2021-08-14 14:05:29,653 [EventQueue-DeleteBlockStatusForDeletedBlockLogImpl] DEBUG block.DeletedBlockLogImpl (DeletedBlockLogImpl.java:commitTransactions(224)) - Transaction txId=53 commit by dnId=41bdc6fc-f730-460f-b2d8-92157d986a72 for containerID=#53 failed. Corresponding entry not found.
2021-08-14 14:05:29,653 [EventQueue-DeleteBlockStatusForDeletedBlockLogImpl] DEBUG block.DeletedBlockLogImpl (DeletedBlockLogImpl.java:isTransactionFailed(278)) - Got block deletion ACK from datanode, TXIDs=54, success=true
2021-08-14 14:05:29,653 [EventQueue-DeleteBlockStatusForDeletedBlockLogImpl] DEBUG block.DeletedBlockLogImpl (DeletedBlockLogImpl.java:commitTransactions(224)) - Transaction txId=54 commit by dnId=41bdc6fc-f730-460f-b2d8-92157d986a72 for containerID=#54 failed. Corresponding entry not found.
2021-08-14 14:05:29,653 [EventQueue-DeleteBlockStatusForDeletedBlockLogImpl] DEBUG block.DeletedBlockLogImpl (DeletedBlockLogImpl.java:isTransactionFailed(278)) - Got block deletion ACK from datanode, TXIDs=55, success=true
2021-08-14 14:05:29,653 [EventQueue-DeleteBlockStatusForDeletedBlockLogImpl] DEBUG block.DeletedBlockLogImpl (DeletedBlockLogImpl.java:commitTransactions(224)) - Transaction txId=55 commit by dnId=41bdc6fc-f730-460f-b2d8-92157d986a72 for containerID=#55 failed. Corresponding entry not found.
2021-08-14 14:05:29,657 [EventQueue-DeleteBlockStatusForDeletedBlockLogImpl] DEBUG block.DeletedBlockLogImpl (DeletedBlockLogImpl.java:isTransactionFailed(278)) - Got block deletion ACK from datanode, TXIDs=56, success=true
2021-08-14 14:05:29,657 [EventQueue-DeleteBlockStatusForDeletedBlockLogImpl] DEBUG block.DeletedBlockLogImpl (DeletedBlockLogImpl.java:commitTransactions(224)) - Transaction txId=56 commit by dnId=41bdc6fc-f730-460f-b2d8-92157d986a72 for containerID=#56 failed. Corresponding entry not found.
2021-08-14 14:05:29,657 [EventQueue-DeleteBlockStatusForDeletedBlockLogImpl] DEBUG block.DeletedBlockLogImpl (DeletedBlockLogImpl.java:isTransactionFailed(278)) - Got block deletion ACK from datanode, TXIDs=16, success=true
2021-08-14 14:05:29,657 [EventQueue-DeleteBlockStatusForDeletedBlockLogImpl] DEBUG block.DeletedBlockLogImpl (DeletedBlockLogImpl.java:commitTransactions(224)) - Transaction txId=16 commit by dnId=41bdc6fc-f730-460f-b2d8-92157d986a72 for containerID=#16 failed. Corresponding entry not found.
2021-08-14 14:05:29,657 [EventQueue-DeleteBlockStatusForDeletedBlockLogImpl] DEBUG block.DeletedBlockLogImpl (DeletedBlockLogImpl.java:isTransactionFailed(278)) - Got block deletion ACK from datanode, TXIDs=17, success=true
2021-08-14 14:05:29,657 [EventQueue-DeleteBlockStatusForDeletedBlockLogImpl] DEBUG block.DeletedBlockLogImpl (DeletedBlockLogImpl.java:commitTransactions(224)) - Transaction txId=17 commit by dnId=41bdc6fc-f730-460f-b2d8-92157d986a72 for containerID=#17 failed. Corresponding entry not found.
2021-08-14 14:05:29,657 [EventQueue-DeleteBlockStatusForDeletedBlockLogImpl] DEBUG block.DeletedBlockLogImpl (DeletedBlockLogImpl.java:isTransactionFailed(278)) - Got block deletion ACK from datanode, TXIDs=18, success=true
2021-08-14 14:05:29,657 [EventQueue-DeleteBlockStatusForDeletedBlockLogImpl] DEBUG block.DeletedBlockLogImpl (DeletedBlockLogImpl.java:commitTransactions(224)) - Transaction txId=18 commit by dnId=41bdc6fc-f730-460f-b2d8-92157d986a72 for containerID=#18 failed. Corresponding entry not found.
2021-08-14 14:05:29,657 [EventQueue-DeleteBlockStatusForDeletedBlockLogImpl] DEBUG block.DeletedBlockLogImpl (DeletedBlockLogImpl.java:isTransactionFailed(278)) - Got block deletion ACK from datanode, TXIDs=19, success=true
2021-08-14 14:05:29,657 [EventQueue-DeleteBlockStatusForDeletedBlockLogImpl] DEBUG block.DeletedBlockLogImpl (DeletedBlockLogImpl.java:commitTransactions(224)) - Transaction txId=19 commit by dnId=41bdc6fc-f730-460f-b2d8-92157d986a72 for containerID=#19 failed. Corresponding entry not found.
2021-08-14 14:05:29,657 [EventQueue-DeleteBlockStatusForDeletedBlockLogImpl] DEBUG block.DeletedBlockLogImpl (DeletedBlockLogImpl.java:isTransactionFailed(278)) - Got block deletion ACK from datanode, TXIDs=20, success=true
2021-08-14 14:05:29,658 [EventQueue-DeleteBlockStatusForDeletedBlockLogImpl] DEBUG block.DeletedBlockLogImpl (DeletedBlockLogImpl.java:commitTransactions(224)) - Transaction txId=20 commit by dnId=41bdc6fc-f730-460f-b2d8-92157d986a72 for containerID=#20 failed. Corresponding entry not found.
2021-08-14 14:05:29,658 [EventQueue-DeleteBlockStatusForDeletedBlockLogImpl] DEBUG block.DeletedBlockLogImpl (DeletedBlockLogImpl.java:isTransactionFailed(278)) - Got block deletion ACK from datanode, TXIDs=21, success=true
2021-08-14 14:05:29,658 [EventQueue-DeleteBlockStatusForDeletedBlockLogImpl] DEBUG block.DeletedBlockLogImpl (DeletedBlockLogImpl.java:commitTransactions(224)) - Transaction txId=21 commit by dnId=41bdc6fc-f730-460f-b2d8-92157d986a72 for containerID=#21 failed. Corresponding entry not found.
2021-08-14 14:05:29,658 [EventQueue-DeleteBlockStatusForDeletedBlockLogImpl] DEBUG block.DeletedBlockLogImpl (DeletedBlockLogImpl.java:isTransactionFailed(278)) - Got block deletion ACK from datanode, TXIDs=22, success=true
2021-08-14 14:05:29,658 [EventQueue-DeleteBlockStatusForDeletedBlockLogImpl] DEBUG block.DeletedBlockLogImpl (DeletedBlockLogImpl.java:commitTransactions(224)) - Transaction txId=22 commit by dnId=41bdc6fc-f730-460f-b2d8-92157d986a72 for containerID=#22 failed. Corresponding entry not found.
2021-08-14 14:05:29,658 [EventQueue-DeleteBlockStatusForDeletedBlockLogImpl] DEBUG block.DeletedBlockLogImpl (DeletedBlockLogImpl.java:isTransactionFailed(278)) - Got block deletion ACK from datanode, TXIDs=23, success=true
2021-08-14 14:05:29,658 [EventQueue-DeleteBlockStatusForDeletedBlockLogImpl] DEBUG block.DeletedBlockLogImpl (DeletedBlockLogImpl.java:commitTransactions(224)) - Transaction txId=23 commit by dnId=41bdc6fc-f730-460f-b2d8-92157d986a72 for containerID=#23 failed. Corresponding entry not found.
2021-08-14 14:05:29,658 [EventQueue-DeleteBlockStatusForDeletedBlockLogImpl] DEBUG block.DeletedBlockLogImpl (DeletedBlockLogImpl.java:isTransactionFailed(278)) - Got block deletion ACK from datanode, TXIDs=24, success=true
2021-08-14 14:05:29,658 [EventQueue-DeleteBlockStatusForDeletedBlockLogImpl] DEBUG block.DeletedBlockLogImpl (DeletedBlockLogImpl.java:commitTransactions(224)) - Transaction txId=24 commit by dnId=41bdc6fc-f730-460f-b2d8-92157d986a72 for containerID=#24 failed. Corresponding entry not found.
2021-08-14 14:05:29,658 [EventQueue-DeleteBlockStatusForDeletedBlockLogImpl] DEBUG block.DeletedBlockLogImpl (DeletedBlockLogImpl.java:isTransactionFailed(278)) - Got block deletion ACK from datanode, TXIDs=25, success=true
2021-08-14 14:05:29,658 [EventQueue-DeleteBlockStatusForDeletedBlockLogImpl] DEBUG block.DeletedBlockLogImpl (DeletedBlockLogImpl.java:commitTransactions(224)) - Transaction txId=25 commit by dnId=41bdc6fc-f730-460f-b2d8-92157d986a72 for containerID=#25 failed. Corresponding entry not found.
2021-08-14 14:05:29,658 [EventQueue-DeleteBlockStatusForDeletedBlockLogImpl] DEBUG block.DeletedBlockLogImpl (DeletedBlockLogImpl.java:isTransactionFailed(278)) - Got block deletion ACK from datanode, TXIDs=26, success=true
2021-08-14 14:05:29,658 [EventQueue-DeleteBlockStatusForDeletedBlockLogImpl] DEBUG block.DeletedBlockLogImpl (DeletedBlockLogImpl.java:commitTransactions(224)) - Transaction txId=26 commit by dnId=41bdc6fc-f730-460f-b2d8-92157d986a72 for containerID=#26 failed. Corresponding entry not found.
2021-08-14 14:05:29,658 [EventQueue-DeleteBlockStatusForDeletedBlockLogImpl] DEBUG block.DeletedBlockLogImpl (DeletedBlockLogImpl.java:isTransactionFailed(278)) - Got block deletion ACK from datanode, TXIDs=27, success=true
2021-08-14 14:05:29,658 [EventQueue-DeleteBlockStatusForDeletedBlockLogImpl] DEBUG block.DeletedBlockLogImpl (DeletedBlockLogImpl.java:commitTransactions(224)) - Transaction txId=27 commit by dnId=41bdc6fc-f730-460f-b2d8-92157d986a72 for containerID=#27 failed. Corresponding entry not found.
2021-08-14 14:05:29,658 [EventQueue-DeleteBlockStatusForDeletedBlockLogImpl] DEBUG block.DeletedBlockLogImpl (DeletedBlockLogImpl.java:isTransactionFailed(278)) - Got block deletion ACK from datanode, TXIDs=28, success=true
2021-08-14 14:05:29,658 [EventQueue-DeleteBlockStatusForDeletedBlockLogImpl] DEBUG block.DeletedBlockLogImpl (DeletedBlockLogImpl.java:commitTransactions(224)) - Transaction txId=28 commit by dnId=41bdc6fc-f730-460f-b2d8-92157d986a72 for containerID=#28 failed. Corresponding entry not found.
2021-08-14 14:05:29,658 [EventQueue-DeleteBlockStatusForDeletedBlockLogImpl] DEBUG block.DeletedBlockLogImpl (DeletedBlockLogImpl.java:isTransactionFailed(278)) - Got block deletion ACK from datanode, TXIDs=29, success=true
2021-08-14 14:05:29,658 [EventQueue-DeleteBlockStatusForDeletedBlockLogImpl] DEBUG block.DeletedBlockLogImpl (DeletedBlockLogImpl.java:commitTransactions(224)) - Transaction txId=29 commit by dnId=41bdc6fc-f730-460f-b2d8-92157d986a72 for containerID=#29 failed. Corresponding entry not found.
2021-08-14 14:05:29,658 [EventQueue-DeleteBlockStatusForDeletedBlockLogImpl] DEBUG block.DeletedBlockLogImpl (DeletedBlockLogImpl.java:isTransactionFailed(278)) - Got block deletion ACK from datanode, TXIDs=30, success=true
2021-08-14 14:05:29,658 [EventQueue-DeleteBlockStatusForDeletedBlockLogImpl] DEBUG block.DeletedBlockLogImpl (DeletedBlockLogImpl.java:commitTransactions(224)) - Transaction txId=30 commit by dnId=41bdc6fc-f730-460f-b2d8-92157d986a72 for containerID=#30 failed. Corresponding entry not found.
2021-08-14 14:05:29,658 [EventQueue-DeleteBlockStatusForDeletedBlockLogImpl] DEBUG block.DeletedBlockLogImpl (DeletedBlockLogImpl.java:isTransactionFailed(278)) - Got block deletion ACK from datanode, TXIDs=31, success=true
2021-08-14 14:05:29,658 [EventQueue-DeleteBlockStatusForDeletedBlockLogImpl] DEBUG block.DeletedBlockLogImpl (DeletedBlockLogImpl.java:commitTransactions(224)) - Transaction txId=31 commit by dnId=41bdc6fc-f730-460f-b2d8-92157d986a72 for containerID=#31 failed. Corresponding entry not found.
2021-08-14 14:05:29,658 [EventQueue-DeleteBlockStatusForDeletedBlockLogImpl] DEBUG block.DeletedBlockLogImpl (DeletedBlockLogImpl.java:isTransactionFailed(278)) - Got block deletion ACK from datanode, TXIDs=32, success=true
2021-08-14 14:05:29,658 [EventQueue-DeleteBlockStatusForDeletedBlockLogImpl] DEBUG block.DeletedBlockLogImpl (DeletedBlockLogImpl.java:commitTransactions(224)) - Transaction txId=32 commit by dnId=41bdc6fc-f730-460f-b2d8-92157d986a72 for containerID=#32 failed. Corresponding entry not found.
2021-08-14 14:05:29,658 [EventQueue-DeleteBlockStatusForDeletedBlockLogImpl] DEBUG block.DeletedBlockLogImpl (DeletedBlockLogImpl.java:isTransactionFailed(278)) - Got block deletion ACK from datanode, TXIDs=33, success=true
2021-08-14 14:05:29,658 [EventQueue-DeleteBlockStatusForDeletedBlockLogImpl] DEBUG block.DeletedBlockLogImpl (DeletedBlockLogImpl.java:commitTransactions(224)) - Transaction txId=33 commit by dnId=41bdc6fc-f730-460f-b2d8-92157d986a72 for containerID=#33 failed. Corresponding entry not found.
2021-08-14 14:05:29,658 [EventQueue-DeleteBlockStatusForDeletedBlockLogImpl] DEBUG block.DeletedBlockLogImpl (DeletedBlockLogImpl.java:isTransactionFailed(278)) - Got block deletion ACK from datanode, TXIDs=34, success=true
2021-08-14 14:05:29,658 [EventQueue-DeleteBlockStatusForDeletedBlockLogImpl] DEBUG block.DeletedBlockLogImpl (DeletedBlockLogImpl.java:commitTransactions(224)) - Transaction txId=34 commit by dnId=41bdc6fc-f730-460f-b2d8-92157d986a72 for containerID=#34 failed. Corresponding entry not found.
2021-08-14 14:05:29,658 [EventQueue-DeleteBlockStatusForDeletedBlockLogImpl] DEBUG block.DeletedBlockLogImpl (DeletedBlockLogImpl.java:isTransactionFailed(278)) - Got block deletion ACK from datanode, TXIDs=35, success=true
2021-08-14 14:05:29,658 [EventQueue-DeleteBlockStatusForDeletedBlockLogImpl] DEBUG block.DeletedBlockLogImpl (DeletedBlockLogImpl.java:commitTransactions(224)) - Transaction txId=35 commit by dnId=41bdc6fc-f730-460f-b2d8-92157d986a72 for containerID=#35 failed. Corresponding entry not found.
2021-08-14 14:05:29,658 [EventQueue-DeleteBlockStatusForDeletedBlockLogImpl] DEBUG block.DeletedBlockLogImpl (DeletedBlockLogImpl.java:isTransactionFailed(278)) - Got block deletion ACK from datanode, TXIDs=36, success=true
2021-08-14 14:05:29,658 [EventQueue-DeleteBlockStatusForDeletedBlockLogImpl] DEBUG block.DeletedBlockLogImpl (DeletedBlockLogImpl.java:commitTransactions(224)) - Transaction txId=36 commit by dnId=41bdc6fc-f730-460f-b2d8-92157d986a72 for containerID=#36 failed. Corresponding entry not found.
2021-08-14 14:05:29,658 [EventQueue-DeleteBlockStatusForDeletedBlockLogImpl] DEBUG block.DeletedBlockLogImpl (DeletedBlockLogImpl.java:isTransactionFailed(278)) - Got block deletion ACK from datanode, TXIDs=37, success=true
2021-08-14 14:05:29,658 [EventQueue-DeleteBlockStatusForDeletedBlockLogImpl] DEBUG block.DeletedBlockLogImpl (DeletedBlockLogImpl.java:commitTransactions(224)) - Transaction txId=37 commit by dnId=41bdc6fc-f730-460f-b2d8-92157d986a72 for containerID=#37 failed. Corresponding entry not found.
2021-08-14 14:05:29,658 [EventQueue-DeleteBlockStatusForDeletedBlockLogImpl] DEBUG block.DeletedBlockLogImpl (DeletedBlockLogImpl.java:isTransactionFailed(278)) - Got block deletion ACK from datanode, TXIDs=38, success=true
2021-08-14 14:05:29,658 [EventQueue-DeleteBlockStatusForDeletedBlockLogImpl] DEBUG block.DeletedBlockLogImpl (DeletedBlockLogImpl.java:commitTransactions(224)) - Transaction txId=38 commit by dnId=41bdc6fc-f730-460f-b2d8-92157d986a72 for containerID=#38 failed. Corresponding entry not found.
2021-08-14 14:05:29,658 [EventQueue-DeleteBlockStatusForDeletedBlockLogImpl] DEBUG block.DeletedBlockLogImpl (DeletedBlockLogImpl.java:isTransactionFailed(278)) - Got block deletion ACK from datanode, TXIDs=39, success=true
2021-08-14 14:05:29,658 [EventQueue-DeleteBlockStatusForDeletedBlockLogImpl] DEBUG block.DeletedBlockLogImpl (DeletedBlockLogImpl.java:commitTransactions(224)) - Transaction txId=39 commit by dnId=41bdc6fc-f730-460f-b2d8-92157d986a72 for containerID=#39 failed. Corresponding entry not found.
2021-08-14 14:05:29,658 [EventQueue-DeleteBlockStatusForDeletedBlockLogImpl] DEBUG block.DeletedBlockLogImpl (DeletedBlockLogImpl.java:isTransactionFailed(278)) - Got block deletion ACK from datanode, TXIDs=40, success=true
2021-08-14 14:05:29,658 [EventQueue-DeleteBlockStatusForDeletedBlockLogImpl] DEBUG block.DeletedBlockLogImpl (DeletedBlockLogImpl.java:commitTransactions(224)) - Transaction txId=40 commit by dnId=41bdc6fc-f730-460f-b2d8-92157d986a72 for containerID=#40 failed. Corresponding entry not found.
2021-08-14 14:05:29,659 [EventQueue-DeleteBlockStatusForDeletedBlockLogImpl] DEBUG block.DeletedBlockLogImpl (DeletedBlockLogImpl.java:isTransactionFailed(278)) - Got block deletion ACK from datanode, TXIDs=41, success=true
2021-08-14 14:05:29,659 [EventQueue-DeleteBlockStatusForDeletedBlockLogImpl] DEBUG block.DeletedBlockLogImpl (DeletedBlockLogImpl.java:commitTransactions(224)) - Transaction txId=41 commit by dnId=41bdc6fc-f730-460f-b2d8-92157d986a72 for containerID=#41 failed. Corresponding entry not found.
2021-08-14 14:05:29,659 [EventQueue-DeleteBlockStatusForDeletedBlockLogImpl] DEBUG block.DeletedBlockLogImpl (DeletedBlockLogImpl.java:isTransactionFailed(278)) - Got block deletion ACK from datanode, TXIDs=42, success=true
2021-08-14 14:05:29,659 [EventQueue-DeleteBlockStatusForDeletedBlockLogImpl] DEBUG block.DeletedBlockLogImpl (DeletedBlockLogImpl.java:commitTransactions(224)) - Transaction txId=42 commit by dnId=41bdc6fc-f730-460f-b2d8-92157d986a72 for containerID=#42 failed. Corresponding entry not found.
2021-08-14 14:05:29,659 [EventQueue-DeleteBlockStatusForDeletedBlockLogImpl] DEBUG block.DeletedBlockLogImpl (DeletedBlockLogImpl.java:isTransactionFailed(278)) - Got block deletion ACK from datanode, TXIDs=43, success=true
2021-08-14 14:05:29,659 [EventQueue-DeleteBlockStatusForDeletedBlockLogImpl] DEBUG block.DeletedBlockLogImpl (DeletedBlockLogImpl.java:commitTransactions(224)) - Transaction txId=43 commit by dnId=41bdc6fc-f730-460f-b2d8-92157d986a72 for containerID=#43 failed. Corresponding entry not found.
2021-08-14 14:05:29,659 [EventQueue-DeleteBlockStatusForDeletedBlockLogImpl] DEBUG block.DeletedBlockLogImpl (DeletedBlockLogImpl.java:isTransactionFailed(278)) - Got block deletion ACK from datanode, TXIDs=44, success=true
2021-08-14 14:05:29,659 [EventQueue-DeleteBlockStatusForDeletedBlockLogImpl] DEBUG block.DeletedBlockLogImpl (DeletedBlockLogImpl.java:commitTransactions(224)) - Transaction txId=44 commit by dnId=41bdc6fc-f730-460f-b2d8-92157d986a72 for containerID=#44 failed. Corresponding entry not found.
2021-08-14 14:05:29,659 [EventQueue-DeleteBlockStatusForDeletedBlockLogImpl] DEBUG block.DeletedBlockLogImpl (DeletedBlockLogImpl.java:isTransactionFailed(278)) - Got block deletion ACK from datanode, TXIDs=45, success=true
2021-08-14 14:05:29,659 [EventQueue-DeleteBlockStatusForDeletedBlockLogImpl] DEBUG block.DeletedBlockLogImpl (DeletedBlockLogImpl.java:commitTransactions(224)) - Transaction txId=45 commit by dnId=41bdc6fc-f730-460f-b2d8-92157d986a72 for containerID=#45 failed. Corresponding entry not found.
2021-08-14 14:05:29,659 [EventQueue-DeleteBlockStatusForDeletedBlockLogImpl] DEBUG block.DeletedBlockLogImpl (DeletedBlockLogImpl.java:isTransactionFailed(278)) - Got block deletion ACK from datanode, TXIDs=46, success=true
2021-08-14 14:05:29,659 [EventQueue-DeleteBlockStatusForDeletedBlockLogImpl] DEBUG block.DeletedBlockLogImpl (DeletedBlockLogImpl.java:commitTransactions(224)) - Transaction txId=46 commit by dnId=41bdc6fc-f730-460f-b2d8-92157d986a72 for containerID=#46 failed. Corresponding entry not found.
2021-08-14 14:05:29,659 [EventQueue-DeleteBlockStatusForDeletedBlockLogImpl] DEBUG block.DeletedBlockLogImpl (DeletedBlockLogImpl.java:isTransactionFailed(278)) - Got block deletion ACK from datanode, TXIDs=47, success=true
2021-08-14 14:05:29,659 [EventQueue-DeleteBlockStatusForDeletedBlockLogImpl] DEBUG block.DeletedBlockLogImpl (DeletedBlockLogImpl.java:commitTransactions(224)) - Transaction txId=47 commit by dnId=41bdc6fc-f730-460f-b2d8-92157d986a72 for containerID=#47 failed. Corresponding entry not found.
2021-08-14 14:05:29,659 [EventQueue-DeleteBlockStatusForDeletedBlockLogImpl] DEBUG block.DeletedBlockLogImpl (DeletedBlockLogImpl.java:isTransactionFailed(278)) - Got block deletion ACK from datanode, TXIDs=48, success=true
2021-08-14 14:05:29,659 [EventQueue-DeleteBlockStatusForDeletedBlockLogImpl] DEBUG block.DeletedBlockLogImpl (DeletedBlockLogImpl.java:commitTransactions(224)) - Transaction txId=48 commit by dnId=41bdc6fc-f730-460f-b2d8-92157d986a72 for containerID=#48 failed. Corresponding entry not found.
2021-08-14 14:05:29,659 [EventQueue-DeleteBlockStatusForDeletedBlockLogImpl] DEBUG block.DeletedBlockLogImpl (DeletedBlockLogImpl.java:isTransactionFailed(278)) - Got block deletion ACK from datanode, TXIDs=49, success=true
2021-08-14 14:05:29,659 [EventQueue-DeleteBlockStatusForDeletedBlockLogImpl] DEBUG block.DeletedBlockLogImpl (DeletedBlockLogImpl.java:commitTransactions(224)) - Transaction txId=49 commit by dnId=41bdc6fc-f730-460f-b2d8-92157d986a72 for containerID=#49 failed. Corresponding entry not found.
2021-08-14 14:05:29,659 [EventQueue-DeleteBlockStatusForDeletedBlockLogImpl] DEBUG block.DeletedBlockLogImpl (DeletedBlockLogImpl.java:isTransactionFailed(278)) - Got block deletion ACK from datanode, TXIDs=50, success=true
2021-08-14 14:05:29,659 [EventQueue-DeleteBlockStatusForDeletedBlockLogImpl] DEBUG block.DeletedBlockLogImpl (DeletedBlockLogImpl.java:commitTransactions(224)) - Transaction txId=50 commit by dnId=41bdc6fc-f730-460f-b2d8-92157d986a72 for containerID=#50 failed. Corresponding entry not found.
2021-08-14 14:05:29,659 [EventQueue-DeleteBlockStatusForDeletedBlockLogImpl] DEBUG block.DeletedBlockLogImpl (DeletedBlockLogImpl.java:isTransactionFailed(278)) - Got block deletion ACK from datanode, TXIDs=51, success=true
2021-08-14 14:05:29,659 [EventQueue-DeleteBlockStatusForDeletedBlockLogImpl] DEBUG block.DeletedBlockLogImpl (DeletedBlockLogImpl.java:commitTransactions(224)) - Transaction txId=51 commit by dnId=41bdc6fc-f730-460f-b2d8-92157d986a72 for containerID=#51 failed. Corresponding entry not found.
2021-08-14 14:05:29,665 [EventQueue-DeleteBlockStatusForDeletedBlockLogImpl] DEBUG block.DeletedBlockLogImpl (DeletedBlockLogImpl.java:isTransactionFailed(278)) - Got block deletion ACK from datanode, TXIDs=52, success=true
2021-08-14 14:05:29,665 [EventQueue-DeleteBlockStatusForDeletedBlockLogImpl] DEBUG block.DeletedBlockLogImpl (DeletedBlockLogImpl.java:commitTransactions(224)) - Transaction txId=52 commit by dnId=41bdc6fc-f730-460f-b2d8-92157d986a72 for containerID=#52 failed. Corresponding entry not found.
2021-08-14 14:05:29,666 [EventQueue-DeleteBlockStatusForDeletedBlockLogImpl] DEBUG block.DeletedBlockLogImpl (DeletedBlockLogImpl.java:isTransactionFailed(278)) - Got block deletion ACK from datanode, TXIDs=53, success=true
2021-08-14 14:05:29,666 [EventQueue-DeleteBlockStatusForDeletedBlockLogImpl] DEBUG block.DeletedBlockLogImpl (DeletedBlockLogImpl.java:commitTransactions(224)) - Transaction txId=53 commit by dnId=41bdc6fc-f730-460f-b2d8-92157d986a72 for containerID=#53 failed. Corresponding entry not found.
2021-08-14 14:05:29,666 [EventQueue-DeleteBlockStatusForDeletedBlockLogImpl] DEBUG block.DeletedBlockLogImpl (DeletedBlockLogImpl.java:isTransactionFailed(278)) - Got block deletion ACK from datanode, TXIDs=54, success=true
2021-08-14 14:05:29,666 [EventQueue-DeleteBlockStatusForDeletedBlockLogImpl] DEBUG block.DeletedBlockLogImpl (DeletedBlockLogImpl.java:commitTransactions(224)) - Transaction txId=54 commit by dnId=41bdc6fc-f730-460f-b2d8-92157d986a72 for containerID=#54 failed. Corresponding entry not found.
2021-08-14 14:05:29,666 [EventQueue-DeleteBlockStatusForDeletedBlockLogImpl] DEBUG block.DeletedBlockLogImpl (DeletedBlockLogImpl.java:isTransactionFailed(278)) - Got block deletion ACK from datanode, TXIDs=55, success=true
2021-08-14 14:05:29,666 [EventQueue-DeleteBlockStatusForDeletedBlockLogImpl] DEBUG block.DeletedBlockLogImpl (DeletedBlockLogImpl.java:commitTransactions(224)) - Transaction txId=55 commit by dnId=41bdc6fc-f730-460f-b2d8-92157d986a72 for containerID=#55 failed. Corresponding entry not found.
2021-08-14 14:05:29,666 [EventQueue-DeleteBlockStatusForDeletedBlockLogImpl] DEBUG block.DeletedBlockLogImpl (DeletedBlockLogImpl.java:isTransactionFailed(278)) - Got block deletion ACK from datanode, TXIDs=56, success=true
2021-08-14 14:05:29,666 [EventQueue-DeleteBlockStatusForDeletedBlockLogImpl] DEBUG block.DeletedBlockLogImpl (DeletedBlockLogImpl.java:commitTransactions(224)) - Transaction txId=56 commit by dnId=41bdc6fc-f730-460f-b2d8-92157d986a72 for containerID=#56 failed. Corresponding entry not found.
2021-08-14 14:05:29,666 [EventQueue-DeleteBlockStatusForDeletedBlockLogImpl] DEBUG block.DeletedBlockLogImpl (DeletedBlockLogImpl.java:isTransactionFailed(278)) - Got block deletion ACK from datanode, TXIDs=1, success=true
2021-08-14 14:05:29,666 [EventQueue-DeleteBlockStatusForDeletedBlockLogImpl] DEBUG block.DeletedBlockLogImpl (DeletedBlockLogImpl.java:commitTransactions(224)) - Transaction txId=1 commit by dnId=41bdc6fc-f730-460f-b2d8-92157d986a72 for containerID=#1 failed. Corresponding entry not found.
2021-08-14 14:05:29,666 [EventQueue-DeleteBlockStatusForDeletedBlockLogImpl] DEBUG block.DeletedBlockLogImpl (DeletedBlockLogImpl.java:isTransactionFailed(278)) - Got block deletion ACK from datanode, TXIDs=2, success=true
2021-08-14 14:05:29,666 [EventQueue-DeleteBlockStatusForDeletedBlockLogImpl] DEBUG block.DeletedBlockLogImpl (DeletedBlockLogImpl.java:commitTransactions(224)) - Transaction txId=2 commit by dnId=41bdc6fc-f730-460f-b2d8-92157d986a72 for containerID=#2 failed. Corresponding entry not found.
2021-08-14 14:05:29,666 [EventQueue-DeleteBlockStatusForDeletedBlockLogImpl] DEBUG block.DeletedBlockLogImpl (DeletedBlockLogImpl.java:isTransactionFailed(278)) - Got block deletion ACK from datanode, TXIDs=3, success=true
2021-08-14 14:05:29,666 [EventQueue-DeleteBlockStatusForDeletedBlockLogImpl] DEBUG block.DeletedBlockLogImpl (DeletedBlockLogImpl.java:commitTransactions(224)) - Transaction txId=3 commit by dnId=41bdc6fc-f730-460f-b2d8-92157d986a72 for containerID=#3 failed. Corresponding entry not found.
2021-08-14 14:05:29,666 [EventQueue-DeleteBlockStatusForDeletedBlockLogImpl] DEBUG block.DeletedBlockLogImpl (DeletedBlockLogImpl.java:isTransactionFailed(278)) - Got block deletion ACK from datanode, TXIDs=4, success=true
2021-08-14 14:05:29,666 [EventQueue-DeleteBlockStatusForDeletedBlockLogImpl] DEBUG block.DeletedBlockLogImpl (DeletedBlockLogImpl.java:commitTransactions(224)) - Transaction txId=4 commit by dnId=41bdc6fc-f730-460f-b2d8-92157d986a72 for containerID=#4 failed. Corresponding entry not found.
2021-08-14 14:05:29,666 [EventQueue-DeleteBlockStatusForDeletedBlockLogImpl] DEBUG block.DeletedBlockLogImpl (DeletedBlockLogImpl.java:isTransactionFailed(278)) - Got block deletion ACK from datanode, TXIDs=5, success=true
2021-08-14 14:05:29,666 [EventQueue-DeleteBlockStatusForDeletedBlockLogImpl] DEBUG block.DeletedBlockLogImpl (DeletedBlockLogImpl.java:commitTransactions(224)) - Transaction txId=5 commit by dnId=41bdc6fc-f730-460f-b2d8-92157d986a72 for containerID=#5 failed. Corresponding entry not found.
2021-08-14 14:05:29,666 [EventQueue-DeleteBlockStatusForDeletedBlockLogImpl] DEBUG block.DeletedBlockLogImpl (DeletedBlockLogImpl.java:isTransactionFailed(278)) - Got block deletion ACK from datanode, TXIDs=6, success=true
2021-08-14 14:05:29,666 [EventQueue-DeleteBlockStatusForDeletedBlockLogImpl] DEBUG block.DeletedBlockLogImpl (DeletedBlockLogImpl.java:commitTransactions(224)) - Transaction txId=6 commit by dnId=41bdc6fc-f730-460f-b2d8-92157d986a72 for containerID=#6 failed. Corresponding entry not found.
2021-08-14 14:05:29,666 [EventQueue-DeleteBlockStatusForDeletedBlockLogImpl] DEBUG block.DeletedBlockLogImpl (DeletedBlockLogImpl.java:isTransactionFailed(278)) - Got block deletion ACK from datanode, TXIDs=7, success=true
2021-08-14 14:05:29,666 [EventQueue-DeleteBlockStatusForDeletedBlockLogImpl] DEBUG block.DeletedBlockLogImpl (DeletedBlockLogImpl.java:commitTransactions(224)) - Transaction txId=7 commit by dnId=41bdc6fc-f730-460f-b2d8-92157d986a72 for containerID=#7 failed. Corresponding entry not found.
2021-08-14 14:05:29,666 [EventQueue-DeleteBlockStatusForDeletedBlockLogImpl] DEBUG block.DeletedBlockLogImpl (DeletedBlockLogImpl.java:isTransactionFailed(278)) - Got block deletion ACK from datanode, TXIDs=8, success=true
2021-08-14 14:05:29,666 [EventQueue-DeleteBlockStatusForDeletedBlockLogImpl] DEBUG block.DeletedBlockLogImpl (DeletedBlockLogImpl.java:commitTransactions(224)) - Transaction txId=8 commit by dnId=41bdc6fc-f730-460f-b2d8-92157d986a72 for containerID=#8 failed. Corresponding entry not found.
2021-08-14 14:05:29,666 [EventQueue-DeleteBlockStatusForDeletedBlockLogImpl] DEBUG block.DeletedBlockLogImpl (DeletedBlockLogImpl.java:isTransactionFailed(278)) - Got block deletion ACK from datanode, TXIDs=9, success=true
2021-08-14 14:05:29,666 [EventQueue-DeleteBlockStatusForDeletedBlockLogImpl] DEBUG block.DeletedBlockLogImpl (DeletedBlockLogImpl.java:commitTransactions(224)) - Transaction txId=9 commit by dnId=41bdc6fc-f730-460f-b2d8-92157d986a72 for containerID=#9 failed. Corresponding entry not found.
2021-08-14 14:05:29,666 [EventQueue-DeleteBlockStatusForDeletedBlockLogImpl] DEBUG block.DeletedBlockLogImpl (DeletedBlockLogImpl.java:isTransactionFailed(278)) - Got block deletion ACK from datanode, TXIDs=10, success=true
2021-08-14 14:05:29,666 [EventQueue-DeleteBlockStatusForDeletedBlockLogImpl] DEBUG block.DeletedBlockLogImpl (DeletedBlockLogImpl.java:commitTransactions(224)) - Transaction txId=10 commit by dnId=41bdc6fc-f730-460f-b2d8-92157d986a72 for containerID=#10 failed. Corresponding entry not found.
2021-08-14 14:05:29,666 [EventQueue-DeleteBlockStatusForDeletedBlockLogImpl] DEBUG block.DeletedBlockLogImpl (DeletedBlockLogImpl.java:isTransactionFailed(278)) - Got block deletion ACK from datanode, TXIDs=11, success=true
2021-08-14 14:05:29,666 [EventQueue-DeleteBlockStatusForDeletedBlockLogImpl] DEBUG block.DeletedBlockLogImpl (DeletedBlockLogImpl.java:commitTransactions(224)) - Transaction txId=11 commit by dnId=41bdc6fc-f730-460f-b2d8-92157d986a72 for containerID=#11 failed. Corresponding entry not found.
2021-08-14 14:05:29,666 [EventQueue-DeleteBlockStatusForDeletedBlockLogImpl] DEBUG block.DeletedBlockLogImpl (DeletedBlockLogImpl.java:isTransactionFailed(278)) - Got block deletion ACK from datanode, TXIDs=12, success=true
2021-08-14 14:05:29,666 [EventQueue-DeleteBlockStatusForDeletedBlockLogImpl] DEBUG block.DeletedBlockLogImpl (DeletedBlockLogImpl.java:commitTransactions(224)) - Transaction txId=12 commit by dnId=41bdc6fc-f730-460f-b2d8-92157d986a72 for containerID=#12 failed. Corresponding entry not found.
2021-08-14 14:05:29,666 [EventQueue-DeleteBlockStatusForDeletedBlockLogImpl] DEBUG block.DeletedBlockLogImpl (DeletedBlockLogImpl.java:isTransactionFailed(278)) - Got block deletion ACK from datanode, TXIDs=13, success=true
2021-08-14 14:05:29,666 [EventQueue-DeleteBlockStatusForDeletedBlockLogImpl] DEBUG block.DeletedBlockLogImpl (DeletedBlockLogImpl.java:commitTransactions(224)) - Transaction txId=13 commit by dnId=41bdc6fc-f730-460f-b2d8-92157d986a72 for containerID=#13 failed. Corresponding entry not found.
2021-08-14 14:05:29,666 [EventQueue-DeleteBlockStatusForDeletedBlockLogImpl] DEBUG block.DeletedBlockLogImpl (DeletedBlockLogImpl.java:isTransactionFailed(278)) - Got block deletion ACK from datanode, TXIDs=14, success=true
2021-08-14 14:05:29,666 [EventQueue-DeleteBlockStatusForDeletedBlockLogImpl] DEBUG block.DeletedBlockLogImpl (DeletedBlockLogImpl.java:commitTransactions(224)) - Transaction txId=14 commit by dnId=41bdc6fc-f730-460f-b2d8-92157d986a72 for containerID=#14 failed. Corresponding entry not found.
2021-08-14 14:05:29,666 [EventQueue-DeleteBlockStatusForDeletedBlockLogImpl] DEBUG block.DeletedBlockLogImpl (DeletedBlockLogImpl.java:isTransactionFailed(278)) - Got block deletion ACK from datanode, TXIDs=15, success=true
2021-08-14 14:05:29,666 [EventQueue-DeleteBlockStatusForDeletedBlockLogImpl] DEBUG block.DeletedBlockLogImpl (DeletedBlockLogImpl.java:commitTransactions(224)) - Transaction txId=15 commit by dnId=41bdc6fc-f730-460f-b2d8-92157d986a72 for containerID=#15 failed. Corresponding entry not found.
2021-08-14 14:05:29,666 [EventQueue-DeleteBlockStatusForDeletedBlockLogImpl] DEBUG block.DeletedBlockLogImpl (DeletedBlockLogImpl.java:isTransactionFailed(278)) - Got block deletion ACK from datanode, TXIDs=16, success=true
2021-08-14 14:05:29,666 [EventQueue-DeleteBlockStatusForDeletedBlockLogImpl] DEBUG block.DeletedBlockLogImpl (DeletedBlockLogImpl.java:commitTransactions(224)) - Transaction txId=16 commit by dnId=41bdc6fc-f730-460f-b2d8-92157d986a72 for containerID=#16 failed. Corresponding entry not found.
2021-08-14 14:05:29,667 [EventQueue-DeleteBlockStatusForDeletedBlockLogImpl] DEBUG block.DeletedBlockLogImpl (DeletedBlockLogImpl.java:isTransactionFailed(278)) - Got block deletion ACK from datanode, TXIDs=17, success=true
2021-08-14 14:05:29,667 [EventQueue-DeleteBlockStatusForDeletedBlockLogImpl] DEBUG block.DeletedBlockLogImpl (DeletedBlockLogImpl.java:commitTransactions(224)) - Transaction txId=17 commit by dnId=41bdc6fc-f730-460f-b2d8-92157d986a72 for containerID=#17 failed. Corresponding entry not found.
2021-08-14 14:05:29,667 [EventQueue-DeleteBlockStatusForDeletedBlockLogImpl] DEBUG block.DeletedBlockLogImpl (DeletedBlockLogImpl.java:isTransactionFailed(278)) - Got block deletion ACK from datanode, TXIDs=18, success=true
2021-08-14 14:05:29,667 [EventQueue-DeleteBlockStatusForDeletedBlockLogImpl] DEBUG block.DeletedBlockLogImpl (DeletedBlockLogImpl.java:commitTransactions(224)) - Transaction txId=18 commit by dnId=41bdc6fc-f730-460f-b2d8-92157d986a72 for containerID=#18 failed. Corresponding entry not found.
2021-08-14 14:05:29,667 [EventQueue-DeleteBlockStatusForDeletedBlockLogImpl] DEBUG block.DeletedBlockLogImpl (DeletedBlockLogImpl.java:isTransactionFailed(278)) - Got block deletion ACK from datanode, TXIDs=19, success=true
2021-08-14 14:05:29,667 [EventQueue-DeleteBlockStatusForDeletedBlockLogImpl] DEBUG block.DeletedBlockLogImpl (DeletedBlockLogImpl.java:commitTransactions(224)) - Transaction txId=19 commit by dnId=41bdc6fc-f730-460f-b2d8-92157d986a72 for containerID=#19 failed. Corresponding entry not found.
2021-08-14 14:05:29,667 [EventQueue-DeleteBlockStatusForDeletedBlockLogImpl] DEBUG block.DeletedBlockLogImpl (DeletedBlockLogImpl.java:isTransactionFailed(278)) - Got block deletion ACK from datanode, TXIDs=20, success=true
2021-08-14 14:05:29,667 [EventQueue-DeleteBlockStatusForDeletedBlockLogImpl] DEBUG block.DeletedBlockLogImpl (DeletedBlockLogImpl.java:commitTransactions(224)) - Transaction txId=20 commit by dnId=41bdc6fc-f730-460f-b2d8-92157d986a72 for containerID=#20 failed. Corresponding entry not found.
2021-08-14 14:05:29,667 [EventQueue-DeleteBlockStatusForDeletedBlockLogImpl] DEBUG block.DeletedBlockLogImpl (DeletedBlockLogImpl.java:isTransactionFailed(278)) - Got block deletion ACK from datanode, TXIDs=21, success=true
2021-08-14 14:05:29,667 [EventQueue-DeleteBlockStatusForDeletedBlockLogImpl] DEBUG block.DeletedBlockLogImpl (DeletedBlockLogImpl.java:commitTransactions(224)) - Transaction txId=21 commit by dnId=41bdc6fc-f730-460f-b2d8-92157d986a72 for containerID=#21 failed. Corresponding entry not found.
2021-08-14 14:05:29,667 [EventQueue-DeleteBlockStatusForDeletedBlockLogImpl] DEBUG block.DeletedBlockLogImpl (DeletedBlockLogImpl.java:isTransactionFailed(278)) - Got block deletion ACK from datanode, TXIDs=22, success=true
2021-08-14 14:05:29,667 [EventQueue-DeleteBlockStatusForDeletedBlockLogImpl] DEBUG block.DeletedBlockLogImpl (DeletedBlockLogImpl.java:commitTransactions(224)) - Transaction txId=22 commit by dnId=41bdc6fc-f730-460f-b2d8-92157d986a72 for containerID=#22 failed. Corresponding entry not found.
2021-08-14 14:05:29,667 [EventQueue-DeleteBlockStatusForDeletedBlockLogImpl] DEBUG block.DeletedBlockLogImpl (DeletedBlockLogImpl.java:isTransactionFailed(278)) - Got block deletion ACK from datanode, TXIDs=23, success=true
2021-08-14 14:05:29,667 [EventQueue-DeleteBlockStatusForDeletedBlockLogImpl] DEBUG block.DeletedBlockLogImpl (DeletedBlockLogImpl.java:commitTransactions(224)) - Transaction txId=23 commit by dnId=41bdc6fc-f730-460f-b2d8-92157d986a72 for containerID=#23 failed. Corresponding entry not found.
2021-08-14 14:05:29,667 [EventQueue-DeleteBlockStatusForDeletedBlockLogImpl] DEBUG block.DeletedBlockLogImpl (DeletedBlockLogImpl.java:isTransactionFailed(278)) - Got block deletion ACK from datanode, TXIDs=24, success=true
2021-08-14 14:05:29,667 [EventQueue-DeleteBlockStatusForDeletedBlockLogImpl] DEBUG block.DeletedBlockLogImpl (DeletedBlockLogImpl.java:commitTransactions(224)) - Transaction txId=24 commit by dnId=41bdc6fc-f730-460f-b2d8-92157d986a72 for containerID=#24 failed. Corresponding entry not found.
2021-08-14 14:05:29,667 [EventQueue-DeleteBlockStatusForDeletedBlockLogImpl] DEBUG block.DeletedBlockLogImpl (DeletedBlockLogImpl.java:isTransactionFailed(278)) - Got block deletion ACK from datanode, TXIDs=25, success=true
2021-08-14 14:05:29,667 [EventQueue-DeleteBlockStatusForDeletedBlockLogImpl] DEBUG block.DeletedBlockLogImpl (DeletedBlockLogImpl.java:commitTransactions(224)) - Transaction txId=25 commit by dnId=41bdc6fc-f730-460f-b2d8-92157d986a72 for containerID=#25 failed. Corresponding entry not found.
2021-08-14 14:05:29,667 [EventQueue-DeleteBlockStatusForDeletedBlockLogImpl] DEBUG block.DeletedBlockLogImpl (DeletedBlockLogImpl.java:isTransactionFailed(278)) - Got block deletion ACK from datanode, TXIDs=26, success=true
2021-08-14 14:05:29,667 [EventQueue-DeleteBlockStatusForDeletedBlockLogImpl] DEBUG block.DeletedBlockLogImpl (DeletedBlockLogImpl.java:commitTransactions(224)) - Transaction txId=26 commit by dnId=41bdc6fc-f730-460f-b2d8-92157d986a72 for containerID=#26 failed. Corresponding entry not found.
2021-08-14 14:05:29,667 [EventQueue-DeleteBlockStatusForDeletedBlockLogImpl] DEBUG block.DeletedBlockLogImpl (DeletedBlockLogImpl.java:isTransactionFailed(278)) - Got block deletion ACK from datanode, TXIDs=27, success=true
2021-08-14 14:05:29,667 [EventQueue-DeleteBlockStatusForDeletedBlockLogImpl] DEBUG block.DeletedBlockLogImpl (DeletedBlockLogImpl.java:commitTransactions(224)) - Transaction txId=27 commit by dnId=41bdc6fc-f730-460f-b2d8-92157d986a72 for containerID=#27 failed. Corresponding entry not found.
2021-08-14 14:05:29,667 [EventQueue-DeleteBlockStatusForDeletedBlockLogImpl] DEBUG block.DeletedBlockLogImpl (DeletedBlockLogImpl.java:isTransactionFailed(278)) - Got block deletion ACK from datanode, TXIDs=28, success=true
2021-08-14 14:05:29,667 [EventQueue-DeleteBlockStatusForDeletedBlockLogImpl] DEBUG block.DeletedBlockLogImpl (DeletedBlockLogImpl.java:commitTransactions(224)) - Transaction txId=28 commit by dnId=41bdc6fc-f730-460f-b2d8-92157d986a72 for containerID=#28 failed. Corresponding entry not found.
2021-08-14 14:05:29,667 [EventQueue-DeleteBlockStatusForDeletedBlockLogImpl] DEBUG block.DeletedBlockLogImpl (DeletedBlockLogImpl.java:isTransactionFailed(278)) - Got block deletion ACK from datanode, TXIDs=29, success=true
2021-08-14 14:05:29,667 [EventQueue-DeleteBlockStatusForDeletedBlockLogImpl] DEBUG block.DeletedBlockLogImpl (DeletedBlockLogImpl.java:commitTransactions(224)) - Transaction txId=29 commit by dnId=41bdc6fc-f730-460f-b2d8-92157d986a72 for containerID=#29 failed. Corresponding entry not found.
2021-08-14 14:05:29,667 [EventQueue-DeleteBlockStatusForDeletedBlockLogImpl] DEBUG block.DeletedBlockLogImpl (DeletedBlockLogImpl.java:isTransactionFailed(278)) - Got block deletion ACK from datanode, TXIDs=30, success=true
2021-08-14 14:05:29,667 [EventQueue-DeleteBlockStatusForDeletedBlockLogImpl] DEBUG block.DeletedBlockLogImpl (DeletedBlockLogImpl.java:commitTransactions(224)) - Transaction txId=30 commit by dnId=41bdc6fc-f730-460f-b2d8-92157d986a72 for containerID=#30 failed. Corresponding entry not found.
2021-08-14 14:05:29,667 [EventQueue-DeleteBlockStatusForDeletedBlockLogImpl] DEBUG block.DeletedBlockLogImpl (DeletedBlockLogImpl.java:isTransactionFailed(278)) - Got block deletion ACK from datanode, TXIDs=31, success=true
2021-08-14 14:05:29,667 [EventQueue-DeleteBlockStatusForDeletedBlockLogImpl] DEBUG block.DeletedBlockLogImpl (DeletedBlockLogImpl.java:commitTransactions(224)) - Transaction txId=31 commit by dnId=41bdc6fc-f730-460f-b2d8-92157d986a72 for containerID=#31 failed. Corresponding entry not found.
2021-08-14 14:05:29,667 [EventQueue-DeleteBlockStatusForDeletedBlockLogImpl] DEBUG block.DeletedBlockLogImpl (DeletedBlockLogImpl.java:isTransactionFailed(278)) - Got block deletion ACK from datanode, TXIDs=32, success=true
2021-08-14 14:05:29,667 [EventQueue-DeleteBlockStatusForDeletedBlockLogImpl] DEBUG block.DeletedBlockLogImpl (DeletedBlockLogImpl.java:commitTransactions(224)) - Transaction txId=32 commit by dnId=41bdc6fc-f730-460f-b2d8-92157d986a72 for containerID=#32 failed. Corresponding entry not found.
2021-08-14 14:05:29,667 [EventQueue-DeleteBlockStatusForDeletedBlockLogImpl] DEBUG block.DeletedBlockLogImpl (DeletedBlockLogImpl.java:isTransactionFailed(278)) - Got block deletion ACK from datanode, TXIDs=33, success=true
2021-08-14 14:05:29,667 [EventQueue-DeleteBlockStatusForDeletedBlockLogImpl] DEBUG block.DeletedBlockLogImpl (DeletedBlockLogImpl.java:commitTransactions(224)) - Transaction txId=33 commit by dnId=41bdc6fc-f730-460f-b2d8-92157d986a72 for containerID=#33 failed. Corresponding entry not found.
2021-08-14 14:05:29,667 [EventQueue-DeleteBlockStatusForDeletedBlockLogImpl] DEBUG block.DeletedBlockLogImpl (DeletedBlockLogImpl.java:isTransactionFailed(278)) - Got block deletion ACK from datanode, TXIDs=34, success=true
2021-08-14 14:05:29,667 [EventQueue-DeleteBlockStatusForDeletedBlockLogImpl] DEBUG block.DeletedBlockLogImpl (DeletedBlockLogImpl.java:commitTransactions(224)) - Transaction txId=34 commit by dnId=41bdc6fc-f730-460f-b2d8-92157d986a72 for containerID=#34 failed. Corresponding entry not found.
2021-08-14 14:05:29,667 [EventQueue-DeleteBlockStatusForDeletedBlockLogImpl] DEBUG block.DeletedBlockLogImpl (DeletedBlockLogImpl.java:isTransactionFailed(278)) - Got block deletion ACK from datanode, TXIDs=35, success=true
2021-08-14 14:05:29,667 [EventQueue-DeleteBlockStatusForDeletedBlockLogImpl] DEBUG block.DeletedBlockLogImpl (DeletedBlockLogImpl.java:commitTransactions(224)) - Transaction txId=35 commit by dnId=41bdc6fc-f730-460f-b2d8-92157d986a72 for containerID=#35 failed. Corresponding entry not found.
2021-08-14 14:05:29,668 [EventQueue-DeleteBlockStatusForDeletedBlockLogImpl] DEBUG block.DeletedBlockLogImpl (DeletedBlockLogImpl.java:isTransactionFailed(278)) - Got block deletion ACK from datanode, TXIDs=36, success=true
2021-08-14 14:05:29,668 [EventQueue-DeleteBlockStatusForDeletedBlockLogImpl] DEBUG block.DeletedBlockLogImpl (DeletedBlockLogImpl.java:commitTransactions(224)) - Transaction txId=36 commit by dnId=41bdc6fc-f730-460f-b2d8-92157d986a72 for containerID=#36 failed. Corresponding entry not found.
2021-08-14 14:05:29,668 [EventQueue-DeleteBlockStatusForDeletedBlockLogImpl] DEBUG block.DeletedBlockLogImpl (DeletedBlockLogImpl.java:isTransactionFailed(278)) - Got block deletion ACK from datanode, TXIDs=37, success=true
2021-08-14 14:05:29,668 [EventQueue-DeleteBlockStatusForDeletedBlockLogImpl] DEBUG block.DeletedBlockLogImpl (DeletedBlockLogImpl.java:commitTransactions(224)) - Transaction txId=37 commit by dnId=41bdc6fc-f730-460f-b2d8-92157d986a72 for containerID=#37 failed. Corresponding entry not found.
2021-08-14 14:05:29,668 [EventQueue-DeleteBlockStatusForDeletedBlockLogImpl] DEBUG block.DeletedBlockLogImpl (DeletedBlockLogImpl.java:isTransactionFailed(278)) - Got block deletion ACK from datanode, TXIDs=38, success=true
2021-08-14 14:05:29,668 [EventQueue-DeleteBlockStatusForDeletedBlockLogImpl] DEBUG block.DeletedBlockLogImpl (DeletedBlockLogImpl.java:commitTransactions(224)) - Transaction txId=38 commit by dnId=41bdc6fc-f730-460f-b2d8-92157d986a72 for containerID=#38 failed. Corresponding entry not found.
2021-08-14 14:05:29,668 [EventQueue-DeleteBlockStatusForDeletedBlockLogImpl] DEBUG block.DeletedBlockLogImpl (DeletedBlockLogImpl.java:isTransactionFailed(278)) - Got block deletion ACK from datanode, TXIDs=39, success=true
2021-08-14 14:05:29,668 [EventQueue-DeleteBlockStatusForDeletedBlockLogImpl] DEBUG block.DeletedBlockLogImpl (DeletedBlockLogImpl.java:commitTransactions(224)) - Transaction txId=39 commit by dnId=41bdc6fc-f730-460f-b2d8-92157d986a72 for containerID=#39 failed. Corresponding entry not found.
2021-08-14 14:05:29,668 [EventQueue-DeleteBlockStatusForDeletedBlockLogImpl] DEBUG block.DeletedBlockLogImpl (DeletedBlockLogImpl.java:isTransactionFailed(278)) - Got block deletion ACK from datanode, TXIDs=40, success=true
2021-08-14 14:05:29,668 [EventQueue-DeleteBlockStatusForDeletedBlockLogImpl] DEBUG block.DeletedBlockLogImpl (DeletedBlockLogImpl.java:commitTransactions(224)) - Transaction txId=40 commit by dnId=41bdc6fc-f730-460f-b2d8-92157d986a72 for containerID=#40 failed. Corresponding entry not found.
2021-08-14 14:05:29,668 [EventQueue-DeleteBlockStatusForDeletedBlockLogImpl] DEBUG block.DeletedBlockLogImpl (DeletedBlockLogImpl.java:isTransactionFailed(278)) - Got block deletion ACK from datanode, TXIDs=41, success=true
2021-08-14 14:05:29,668 [EventQueue-DeleteBlockStatusForDeletedBlockLogImpl] DEBUG block.DeletedBlockLogImpl (DeletedBlockLogImpl.java:commitTransactions(224)) - Transaction txId=41 commit by dnId=41bdc6fc-f730-460f-b2d8-92157d986a72 for containerID=#41 failed. Corresponding entry not found.
2021-08-14 14:05:29,668 [EventQueue-DeleteBlockStatusForDeletedBlockLogImpl] DEBUG block.DeletedBlockLogImpl (DeletedBlockLogImpl.java:isTransactionFailed(278)) - Got block deletion ACK from datanode, TXIDs=42, success=true
2021-08-14 14:05:29,668 [EventQueue-DeleteBlockStatusForDeletedBlockLogImpl] DEBUG block.DeletedBlockLogImpl (DeletedBlockLogImpl.java:commitTransactions(224)) - Transaction txId=42 commit by dnId=41bdc6fc-f730-460f-b2d8-92157d986a72 for containerID=#42 failed. Corresponding entry not found.
2021-08-14 14:05:29,668 [EventQueue-DeleteBlockStatusForDeletedBlockLogImpl] DEBUG block.DeletedBlockLogImpl (DeletedBlockLogImpl.java:isTransactionFailed(278)) - Got block deletion ACK from datanode, TXIDs=43, success=true
2021-08-14 14:05:29,668 [EventQueue-DeleteBlockStatusForDeletedBlockLogImpl] DEBUG block.DeletedBlockLogImpl (DeletedBlockLogImpl.java:commitTransactions(224)) - Transaction txId=43 commit by dnId=41bdc6fc-f730-460f-b2d8-92157d986a72 for containerID=#43 failed. Corresponding entry not found.
2021-08-14 14:05:29,668 [EventQueue-DeleteBlockStatusForDeletedBlockLogImpl] DEBUG block.DeletedBlockLogImpl (DeletedBlockLogImpl.java:isTransactionFailed(278)) - Got block deletion ACK from datanode, TXIDs=44, success=true
2021-08-14 14:05:29,668 [EventQueue-DeleteBlockStatusForDeletedBlockLogImpl] DEBUG block.DeletedBlockLogImpl (DeletedBlockLogImpl.java:commitTransactions(224)) - Transaction txId=44 commit by dnId=41bdc6fc-f730-460f-b2d8-92157d986a72 for containerID=#44 failed. Corresponding entry not found.
2021-08-14 14:05:29,668 [EventQueue-DeleteBlockStatusForDeletedBlockLogImpl] DEBUG block.DeletedBlockLogImpl (DeletedBlockLogImpl.java:isTransactionFailed(278)) - Got block deletion ACK from datanode, TXIDs=45, success=true
2021-08-14 14:05:29,668 [EventQueue-DeleteBlockStatusForDeletedBlockLogImpl] DEBUG block.DeletedBlockLogImpl (DeletedBlockLogImpl.java:commitTransactions(224)) - Transaction txId=45 commit by dnId=41bdc6fc-f730-460f-b2d8-92157d986a72 for containerID=#45 failed. Corresponding entry not found.
2021-08-14 14:05:29,668 [EventQueue-DeleteBlockStatusForDeletedBlockLogImpl] DEBUG block.DeletedBlockLogImpl (DeletedBlockLogImpl.java:isTransactionFailed(278)) - Got block deletion ACK from datanode, TXIDs=46, success=true
2021-08-14 14:05:29,668 [EventQueue-DeleteBlockStatusForDeletedBlockLogImpl] DEBUG block.DeletedBlockLogImpl (DeletedBlockLogImpl.java:commitTransactions(224)) - Transaction txId=46 commit by dnId=41bdc6fc-f730-460f-b2d8-92157d986a72 for containerID=#46 failed. Corresponding entry not found.
2021-08-14 14:05:29,668 [EventQueue-DeleteBlockStatusForDeletedBlockLogImpl] DEBUG block.DeletedBlockLogImpl (DeletedBlockLogImpl.java:isTransactionFailed(278)) - Got block deletion ACK from datanode, TXIDs=47, success=true
2021-08-14 14:05:29,668 [EventQueue-DeleteBlockStatusForDeletedBlockLogImpl] DEBUG block.DeletedBlockLogImpl (DeletedBlockLogImpl.java:commitTransactions(224)) - Transaction txId=47 commit by dnId=41bdc6fc-f730-460f-b2d8-92157d986a72 for containerID=#47 failed. Corresponding entry not found.
2021-08-14 14:05:29,668 [EventQueue-DeleteBlockStatusForDeletedBlockLogImpl] DEBUG block.DeletedBlockLogImpl (DeletedBlockLogImpl.java:isTransactionFailed(278)) - Got block deletion ACK from datanode, TXIDs=48, success=true
2021-08-14 14:05:29,668 [EventQueue-DeleteBlockStatusForDeletedBlockLogImpl] DEBUG block.DeletedBlockLogImpl (DeletedBlockLogImpl.java:commitTransactions(224)) - Transaction txId=48 commit by dnId=41bdc6fc-f730-460f-b2d8-92157d986a72 for containerID=#48 failed. Corresponding entry not found.
2021-08-14 14:05:29,668 [EventQueue-DeleteBlockStatusForDeletedBlockLogImpl] DEBUG block.DeletedBlockLogImpl (DeletedBlockLogImpl.java:isTransactionFailed(278)) - Got block deletion ACK from datanode, TXIDs=49, success=true
2021-08-14 14:05:29,668 [EventQueue-DeleteBlockStatusForDeletedBlockLogImpl] DEBUG block.DeletedBlockLogImpl (DeletedBlockLogImpl.java:commitTransactions(224)) - Transaction txId=49 commit by dnId=41bdc6fc-f730-460f-b2d8-92157d986a72 for containerID=#49 failed. Corresponding entry not found.
2021-08-14 14:05:29,668 [EventQueue-DeleteBlockStatusForDeletedBlockLogImpl] DEBUG block.DeletedBlockLogImpl (DeletedBlockLogImpl.java:isTransactionFailed(278)) - Got block deletion ACK from datanode, TXIDs=50, success=true
2021-08-14 14:05:29,668 [EventQueue-DeleteBlockStatusForDeletedBlockLogImpl] DEBUG block.DeletedBlockLogImpl (DeletedBlockLogImpl.java:commitTransactions(224)) - Transaction txId=50 commit by dnId=41bdc6fc-f730-460f-b2d8-92157d986a72 for containerID=#50 failed. Corresponding entry not found.
2021-08-14 14:05:29,668 [EventQueue-DeleteBlockStatusForDeletedBlockLogImpl] DEBUG block.DeletedBlockLogImpl (DeletedBlockLogImpl.java:isTransactionFailed(278)) - Got block deletion ACK from datanode, TXIDs=51, success=true
2021-08-14 14:05:29,668 [EventQueue-DeleteBlockStatusForDeletedBlockLogImpl] DEBUG block.DeletedBlockLogImpl (DeletedBlockLogImpl.java:commitTransactions(224)) - Transaction txId=51 commit by dnId=41bdc6fc-f730-460f-b2d8-92157d986a72 for containerID=#51 failed. Corresponding entry not found.
2021-08-14 14:05:29,668 [EventQueue-DeleteBlockStatusForDeletedBlockLogImpl] DEBUG block.DeletedBlockLogImpl (DeletedBlockLogImpl.java:isTransactionFailed(278)) - Got block deletion ACK from datanode, TXIDs=52, success=true
2021-08-14 14:05:29,668 [EventQueue-DeleteBlockStatusForDeletedBlockLogImpl] DEBUG block.DeletedBlockLogImpl (DeletedBlockLogImpl.java:commitTransactions(224)) - Transaction txId=52 commit by dnId=41bdc6fc-f730-460f-b2d8-92157d986a72 for containerID=#52 failed. Corresponding entry not found.
2021-08-14 14:05:29,668 [EventQueue-DeleteBlockStatusForDeletedBlockLogImpl] DEBUG block.DeletedBlockLogImpl (DeletedBlockLogImpl.java:isTransactionFailed(278)) - Got block deletion ACK from datanode, TXIDs=53, success=true
2021-08-14 14:05:29,668 [EventQueue-DeleteBlockStatusForDeletedBlockLogImpl] DEBUG block.DeletedBlockLogImpl (DeletedBlockLogImpl.java:commitTransactions(224)) - Transaction txId=53 commit by dnId=41bdc6fc-f730-460f-b2d8-92157d986a72 for containerID=#53 failed. Corresponding entry not found.
2021-08-14 14:05:29,668 [EventQueue-DeleteBlockStatusForDeletedBlockLogImpl] DEBUG block.DeletedBlockLogImpl (DeletedBlockLogImpl.java:isTransactionFailed(278)) - Got block deletion ACK from datanode, TXIDs=54, success=true
2021-08-14 14:05:29,668 [EventQueue-DeleteBlockStatusForDeletedBlockLogImpl] DEBUG block.DeletedBlockLogImpl (DeletedBlockLogImpl.java:commitTransactions(224)) - Transaction txId=54 commit by dnId=41bdc6fc-f730-460f-b2d8-92157d986a72 for containerID=#54 failed. Corresponding entry not found.
2021-08-14 14:05:29,668 [EventQueue-DeleteBlockStatusForDeletedBlockLogImpl] DEBUG block.DeletedBlockLogImpl (DeletedBlockLogImpl.java:isTransactionFailed(278)) - Got block deletion ACK from datanode, TXIDs=55, success=true
2021-08-14 14:05:29,668 [EventQueue-DeleteBlockStatusForDeletedBlockLogImpl] DEBUG block.DeletedBlockLogImpl (DeletedBlockLogImpl.java:commitTransactions(224)) - Transaction txId=55 commit by dnId=41bdc6fc-f730-460f-b2d8-92157d986a72 for containerID=#55 failed. Corresponding entry not found.
2021-08-14 14:05:29,669 [EventQueue-DeleteBlockStatusForDeletedBlockLogImpl] DEBUG block.DeletedBlockLogImpl (DeletedBlockLogImpl.java:isTransactionFailed(278)) - Got block deletion ACK from datanode, TXIDs=56, success=true
2021-08-14 14:05:29,669 [EventQueue-DeleteBlockStatusForDeletedBlockLogImpl] DEBUG block.DeletedBlockLogImpl (DeletedBlockLogImpl.java:commitTransactions(224)) - Transaction txId=56 commit by dnId=41bdc6fc-f730-460f-b2d8-92157d986a72 for containerID=#56 failed. Corresponding entry not found.
2021-08-14 14:05:29,669 [EventQueue-DeleteBlockStatusForDeletedBlockLogImpl] DEBUG block.DeletedBlockLogImpl (DeletedBlockLogImpl.java:isTransactionFailed(278)) - Got block deletion ACK from datanode, TXIDs=1, success=true
2021-08-14 14:05:29,669 [EventQueue-DeleteBlockStatusForDeletedBlockLogImpl] DEBUG block.DeletedBlockLogImpl (DeletedBlockLogImpl.java:commitTransactions(224)) - Transaction txId=1 commit by dnId=41bdc6fc-f730-460f-b2d8-92157d986a72 for containerID=#1 failed. Corresponding entry not found.
2021-08-14 14:05:29,669 [EventQueue-DeleteBlockStatusForDeletedBlockLogImpl] DEBUG block.DeletedBlockLogImpl (DeletedBlockLogImpl.java:isTransactionFailed(278)) - Got block deletion ACK from datanode, TXIDs=2, success=true
2021-08-14 14:05:29,669 [EventQueue-DeleteBlockStatusForDeletedBlockLogImpl] DEBUG block.DeletedBlockLogImpl (DeletedBlockLogImpl.java:commitTransactions(224)) - Transaction txId=2 commit by dnId=41bdc6fc-f730-460f-b2d8-92157d986a72 for containerID=#2 failed. Corresponding entry not found.
2021-08-14 14:05:29,669 [EventQueue-DeleteBlockStatusForDeletedBlockLogImpl] DEBUG block.DeletedBlockLogImpl (DeletedBlockLogImpl.java:isTransactionFailed(278)) - Got block deletion ACK from datanode, TXIDs=3, success=true
2021-08-14 14:05:29,669 [EventQueue-DeleteBlockStatusForDeletedBlockLogImpl] DEBUG block.DeletedBlockLogImpl (DeletedBlockLogImpl.java:commitTransactions(224)) - Transaction txId=3 commit by dnId=41bdc6fc-f730-460f-b2d8-92157d986a72 for containerID=#3 failed. Corresponding entry not found.
2021-08-14 14:05:29,669 [EventQueue-DeleteBlockStatusForDeletedBlockLogImpl] DEBUG block.DeletedBlockLogImpl (DeletedBlockLogImpl.java:isTransactionFailed(278)) - Got block deletion ACK from datanode, TXIDs=4, success=true
2021-08-14 14:05:29,669 [EventQueue-DeleteBlockStatusForDeletedBlockLogImpl] DEBUG block.DeletedBlockLogImpl (DeletedBlockLogImpl.java:commitTransactions(224)) - Transaction txId=4 commit by dnId=41bdc6fc-f730-460f-b2d8-92157d986a72 for containerID=#4 failed. Corresponding entry not found.
2021-08-14 14:05:29,669 [EventQueue-DeleteBlockStatusForDeletedBlockLogImpl] DEBUG block.DeletedBlockLogImpl (DeletedBlockLogImpl.java:isTransactionFailed(278)) - Got block deletion ACK from datanode, TXIDs=5, success=true
2021-08-14 14:05:29,669 [EventQueue-DeleteBlockStatusForDeletedBlockLogImpl] DEBUG block.DeletedBlockLogImpl (DeletedBlockLogImpl.java:commitTransactions(224)) - Transaction txId=5 commit by dnId=41bdc6fc-f730-460f-b2d8-92157d986a72 for containerID=#5 failed. Corresponding entry not found.
2021-08-14 14:05:29,669 [EventQueue-DeleteBlockStatusForDeletedBlockLogImpl] DEBUG block.DeletedBlockLogImpl (DeletedBlockLogImpl.java:isTransactionFailed(278)) - Got block deletion ACK from datanode, TXIDs=6, success=true
2021-08-14 14:05:29,669 [EventQueue-DeleteBlockStatusForDeletedBlockLogImpl] DEBUG block.DeletedBlockLogImpl (DeletedBlockLogImpl.java:commitTransactions(224)) - Transaction txId=6 commit by dnId=41bdc6fc-f730-460f-b2d8-92157d986a72 for containerID=#6 failed. Corresponding entry not found.
2021-08-14 14:05:29,669 [EventQueue-DeleteBlockStatusForDeletedBlockLogImpl] DEBUG block.DeletedBlockLogImpl (DeletedBlockLogImpl.java:isTransactionFailed(278)) - Got block deletion ACK from datanode, TXIDs=7, success=true
2021-08-14 14:05:29,669 [EventQueue-DeleteBlockStatusForDeletedBlockLogImpl] DEBUG block.DeletedBlockLogImpl (DeletedBlockLogImpl.java:commitTransactions(224)) - Transaction txId=7 commit by dnId=41bdc6fc-f730-460f-b2d8-92157d986a72 for containerID=#7 failed. Corresponding entry not found.
2021-08-14 14:05:29,669 [EventQueue-DeleteBlockStatusForDeletedBlockLogImpl] DEBUG block.DeletedBlockLogImpl (DeletedBlockLogImpl.java:isTransactionFailed(278)) - Got block deletion ACK from datanode, TXIDs=8, success=true
2021-08-14 14:05:29,669 [EventQueue-DeleteBlockStatusForDeletedBlockLogImpl] DEBUG block.DeletedBlockLogImpl (DeletedBlockLogImpl.java:commitTransactions(224)) - Transaction txId=8 commit by dnId=41bdc6fc-f730-460f-b2d8-92157d986a72 for containerID=#8 failed. Corresponding entry not found.
2021-08-14 14:05:29,669 [EventQueue-DeleteBlockStatusForDeletedBlockLogImpl] DEBUG block.DeletedBlockLogImpl (DeletedBlockLogImpl.java:isTransactionFailed(278)) - Got block deletion ACK from datanode, TXIDs=9, success=true
2021-08-14 14:05:29,669 [EventQueue-DeleteBlockStatusForDeletedBlockLogImpl] DEBUG block.DeletedBlockLogImpl (DeletedBlockLogImpl.java:commitTransactions(224)) - Transaction txId=9 commit by dnId=41bdc6fc-f730-460f-b2d8-92157d986a72 for containerID=#9 failed. Corresponding entry not found.
2021-08-14 14:05:29,669 [EventQueue-DeleteBlockStatusForDeletedBlockLogImpl] DEBUG block.DeletedBlockLogImpl (DeletedBlockLogImpl.java:isTransactionFailed(278)) - Got block deletion ACK from datanode, TXIDs=10, success=true
2021-08-14 14:05:29,669 [EventQueue-DeleteBlockStatusForDeletedBlockLogImpl] DEBUG block.DeletedBlockLogImpl (DeletedBlockLogImpl.java:commitTransactions(224)) - Transaction txId=10 commit by dnId=41bdc6fc-f730-460f-b2d8-92157d986a72 for containerID=#10 failed. Corresponding entry not found.
2021-08-14 14:05:29,669 [EventQueue-DeleteBlockStatusForDeletedBlockLogImpl] DEBUG block.DeletedBlockLogImpl (DeletedBlockLogImpl.java:isTransactionFailed(278)) - Got block deletion ACK from datanode, TXIDs=11, success=true
2021-08-14 14:05:29,669 [EventQueue-DeleteBlockStatusForDeletedBlockLogImpl] DEBUG block.DeletedBlockLogImpl (DeletedBlockLogImpl.java:commitTransactions(224)) - Transaction txId=11 commit by dnId=41bdc6fc-f730-460f-b2d8-92157d986a72 for containerID=#11 failed. Corresponding entry not found.
2021-08-14 14:05:29,669 [EventQueue-DeleteBlockStatusForDeletedBlockLogImpl] DEBUG block.DeletedBlockLogImpl (DeletedBlockLogImpl.java:isTransactionFailed(278)) - Got block deletion ACK from datanode, TXIDs=12, success=true
2021-08-14 14:05:29,669 [EventQueue-DeleteBlockStatusForDeletedBlockLogImpl] DEBUG block.DeletedBlockLogImpl (DeletedBlockLogImpl.java:commitTransactions(224)) - Transaction txId=12 commit by dnId=41bdc6fc-f730-460f-b2d8-92157d986a72 for containerID=#12 failed. Corresponding entry not found.
2021-08-14 14:05:29,669 [EventQueue-DeleteBlockStatusForDeletedBlockLogImpl] DEBUG block.DeletedBlockLogImpl (DeletedBlockLogImpl.java:isTransactionFailed(278)) - Got block deletion ACK from datanode, TXIDs=13, success=true
2021-08-14 14:05:29,669 [EventQueue-DeleteBlockStatusForDeletedBlockLogImpl] DEBUG block.DeletedBlockLogImpl (DeletedBlockLogImpl.java:commitTransactions(224)) - Transaction txId=13 commit by dnId=41bdc6fc-f730-460f-b2d8-92157d986a72 for containerID=#13 failed. Corresponding entry not found.
2021-08-14 14:05:29,669 [EventQueue-DeleteBlockStatusForDeletedBlockLogImpl] DEBUG block.DeletedBlockLogImpl (DeletedBlockLogImpl.java:isTransactionFailed(278)) - Got block deletion ACK from datanode, TXIDs=14, success=true
2021-08-14 14:05:29,669 [EventQueue-DeleteBlockStatusForDeletedBlockLogImpl] DEBUG block.DeletedBlockLogImpl (DeletedBlockLogImpl.java:commitTransactions(224)) - Transaction txId=14 commit by dnId=41bdc6fc-f730-460f-b2d8-92157d986a72 for containerID=#14 failed. Corresponding entry not found.
2021-08-14 14:05:29,669 [EventQueue-DeleteBlockStatusForDeletedBlockLogImpl] DEBUG block.DeletedBlockLogImpl (DeletedBlockLogImpl.java:isTransactionFailed(278)) - Got block deletion ACK from datanode, TXIDs=15, success=true
2021-08-14 14:05:29,676 [EventQueue-DeleteBlockStatusForDeletedBlockLogImpl] DEBUG block.DeletedBlockLogImpl (DeletedBlockLogImpl.java:commitTransactions(224)) - Transaction txId=15 commit by dnId=41bdc6fc-f730-460f-b2d8-92157d986a72 for containerID=#15 failed. Corresponding entry not found.
2021-08-14 14:05:29,676 [EventQueue-DeleteBlockStatusForDeletedBlockLogImpl] DEBUG block.DeletedBlockLogImpl (DeletedBlockLogImpl.java:isTransactionFailed(278)) - Got block deletion ACK from datanode, TXIDs=16, success=true
2021-08-14 14:05:29,676 [EventQueue-DeleteBlockStatusForDeletedBlockLogImpl] DEBUG block.DeletedBlockLogImpl (DeletedBlockLogImpl.java:commitTransactions(224)) - Transaction txId=16 commit by dnId=41bdc6fc-f730-460f-b2d8-92157d986a72 for containerID=#16 failed. Corresponding entry not found.
2021-08-14 14:05:29,676 [EventQueue-DeleteBlockStatusForDeletedBlockLogImpl] DEBUG block.DeletedBlockLogImpl (DeletedBlockLogImpl.java:isTransactionFailed(278)) - Got block deletion ACK from datanode, TXIDs=17, success=true
2021-08-14 14:05:29,676 [EventQueue-DeleteBlockStatusForDeletedBlockLogImpl] DEBUG block.DeletedBlockLogImpl (DeletedBlockLogImpl.java:commitTransactions(224)) - Transaction txId=17 commit by dnId=41bdc6fc-f730-460f-b2d8-92157d986a72 for containerID=#17 failed. Corresponding entry not found.
2021-08-14 14:05:29,676 [EventQueue-DeleteBlockStatusForDeletedBlockLogImpl] DEBUG block.DeletedBlockLogImpl (DeletedBlockLogImpl.java:isTransactionFailed(278)) - Got block deletion ACK from datanode, TXIDs=18, success=true
2021-08-14 14:05:29,676 [EventQueue-DeleteBlockStatusForDeletedBlockLogImpl] DEBUG block.DeletedBlockLogImpl (DeletedBlockLogImpl.java:commitTransactions(224)) - Transaction txId=18 commit by dnId=41bdc6fc-f730-460f-b2d8-92157d986a72 for containerID=#18 failed. Corresponding entry not found.
2021-08-14 14:05:29,676 [EventQueue-DeleteBlockStatusForDeletedBlockLogImpl] DEBUG block.DeletedBlockLogImpl (DeletedBlockLogImpl.java:isTransactionFailed(278)) - Got block deletion ACK from datanode, TXIDs=19, success=true
2021-08-14 14:05:29,677 [EventQueue-DeleteBlockStatusForDeletedBlockLogImpl] DEBUG block.DeletedBlockLogImpl (DeletedBlockLogImpl.java:commitTransactions(224)) - Transaction txId=19 commit by dnId=41bdc6fc-f730-460f-b2d8-92157d986a72 for containerID=#19 failed. Corresponding entry not found.
2021-08-14 14:05:29,677 [EventQueue-DeleteBlockStatusForDeletedBlockLogImpl] DEBUG block.DeletedBlockLogImpl (DeletedBlockLogImpl.java:isTransactionFailed(278)) - Got block deletion ACK from datanode, TXIDs=20, success=true
2021-08-14 14:05:29,677 [EventQueue-DeleteBlockStatusForDeletedBlockLogImpl] DEBUG block.DeletedBlockLogImpl (DeletedBlockLogImpl.java:commitTransactions(224)) - Transaction txId=20 commit by dnId=41bdc6fc-f730-460f-b2d8-92157d986a72 for containerID=#20 failed. Corresponding entry not found.
2021-08-14 14:05:29,677 [EventQueue-DeleteBlockStatusForDeletedBlockLogImpl] DEBUG block.DeletedBlockLogImpl (DeletedBlockLogImpl.java:isTransactionFailed(278)) - Got block deletion ACK from datanode, TXIDs=21, success=true
2021-08-14 14:05:29,677 [EventQueue-DeleteBlockStatusForDeletedBlockLogImpl] DEBUG block.DeletedBlockLogImpl (DeletedBlockLogImpl.java:commitTransactions(224)) - Transaction txId=21 commit by dnId=41bdc6fc-f730-460f-b2d8-92157d986a72 for containerID=#21 failed. Corresponding entry not found.
2021-08-14 14:05:29,677 [EventQueue-DeleteBlockStatusForDeletedBlockLogImpl] DEBUG block.DeletedBlockLogImpl (DeletedBlockLogImpl.java:isTransactionFailed(278)) - Got block deletion ACK from datanode, TXIDs=22, success=true
2021-08-14 14:05:29,677 [EventQueue-DeleteBlockStatusForDeletedBlockLogImpl] DEBUG block.DeletedBlockLogImpl (DeletedBlockLogImpl.java:commitTransactions(224)) - Transaction txId=22 commit by dnId=41bdc6fc-f730-460f-b2d8-92157d986a72 for containerID=#22 failed. Corresponding entry not found.
2021-08-14 14:05:29,677 [EventQueue-DeleteBlockStatusForDeletedBlockLogImpl] DEBUG block.DeletedBlockLogImpl (DeletedBlockLogImpl.java:isTransactionFailed(278)) - Got block deletion ACK from datanode, TXIDs=23, success=true
2021-08-14 14:05:29,677 [EventQueue-DeleteBlockStatusForDeletedBlockLogImpl] DEBUG block.DeletedBlockLogImpl (DeletedBlockLogImpl.java:commitTransactions(224)) - Transaction txId=23 commit by dnId=41bdc6fc-f730-460f-b2d8-92157d986a72 for containerID=#23 failed. Corresponding entry not found.
2021-08-14 14:05:29,677 [EventQueue-DeleteBlockStatusForDeletedBlockLogImpl] DEBUG block.DeletedBlockLogImpl (DeletedBlockLogImpl.java:isTransactionFailed(278)) - Got block deletion ACK from datanode, TXIDs=24, success=true
2021-08-14 14:05:29,677 [EventQueue-DeleteBlockStatusForDeletedBlockLogImpl] DEBUG block.DeletedBlockLogImpl (DeletedBlockLogImpl.java:commitTransactions(224)) - Transaction txId=24 commit by dnId=41bdc6fc-f730-460f-b2d8-92157d986a72 for containerID=#24 failed. Corresponding entry not found.
2021-08-14 14:05:29,677 [EventQueue-DeleteBlockStatusForDeletedBlockLogImpl] DEBUG block.DeletedBlockLogImpl (DeletedBlockLogImpl.java:isTransactionFailed(278)) - Got block deletion ACK from datanode, TXIDs=25, success=true
2021-08-14 14:05:29,677 [EventQueue-DeleteBlockStatusForDeletedBlockLogImpl] DEBUG block.DeletedBlockLogImpl (DeletedBlockLogImpl.java:commitTransactions(224)) - Transaction txId=25 commit by dnId=41bdc6fc-f730-460f-b2d8-92157d986a72 for containerID=#25 failed. Corresponding entry not found.
2021-08-14 14:05:29,677 [EventQueue-DeleteBlockStatusForDeletedBlockLogImpl] DEBUG block.DeletedBlockLogImpl (DeletedBlockLogImpl.java:isTransactionFailed(278)) - Got block deletion ACK from datanode, TXIDs=26, success=true
2021-08-14 14:05:29,677 [EventQueue-DeleteBlockStatusForDeletedBlockLogImpl] DEBUG block.DeletedBlockLogImpl (DeletedBlockLogImpl.java:commitTransactions(224)) - Transaction txId=26 commit by dnId=41bdc6fc-f730-460f-b2d8-92157d986a72 for containerID=#26 failed. Corresponding entry not found.
2021-08-14 14:05:29,677 [EventQueue-DeleteBlockStatusForDeletedBlockLogImpl] DEBUG block.DeletedBlockLogImpl (DeletedBlockLogImpl.java:isTransactionFailed(278)) - Got block deletion ACK from datanode, TXIDs=27, success=true
2021-08-14 14:05:29,677 [EventQueue-DeleteBlockStatusForDeletedBlockLogImpl] DEBUG block.DeletedBlockLogImpl (DeletedBlockLogImpl.java:commitTransactions(224)) - Transaction txId=27 commit by dnId=41bdc6fc-f730-460f-b2d8-92157d986a72 for containerID=#27 failed. Corresponding entry not found.
2021-08-14 14:05:29,677 [EventQueue-DeleteBlockStatusForDeletedBlockLogImpl] DEBUG block.DeletedBlockLogImpl (DeletedBlockLogImpl.java:isTransactionFailed(278)) - Got block deletion ACK from datanode, TXIDs=28, success=true
2021-08-14 14:05:29,677 [EventQueue-DeleteBlockStatusForDeletedBlockLogImpl] DEBUG block.DeletedBlockLogImpl (DeletedBlockLogImpl.java:commitTransactions(224)) - Transaction txId=28 commit by dnId=41bdc6fc-f730-460f-b2d8-92157d986a72 for containerID=#28 failed. Corresponding entry not found.
2021-08-14 14:05:29,677 [EventQueue-DeleteBlockStatusForDeletedBlockLogImpl] DEBUG block.DeletedBlockLogImpl (DeletedBlockLogImpl.java:isTransactionFailed(278)) - Got block deletion ACK from datanode, TXIDs=29, success=true
2021-08-14 14:05:29,677 [EventQueue-DeleteBlockStatusForDeletedBlockLogImpl] DEBUG block.DeletedBlockLogImpl (DeletedBlockLogImpl.java:commitTransactions(224)) - Transaction txId=29 commit by dnId=41bdc6fc-f730-460f-b2d8-92157d986a72 for containerID=#29 failed. Corresponding entry not found.
2021-08-14 14:05:29,677 [EventQueue-DeleteBlockStatusForDeletedBlockLogImpl] DEBUG block.DeletedBlockLogImpl (DeletedBlockLogImpl.java:isTransactionFailed(278)) - Got block deletion ACK from datanode, TXIDs=30, success=true
2021-08-14 14:05:29,677 [EventQueue-DeleteBlockStatusForDeletedBlockLogImpl] DEBUG block.DeletedBlockLogImpl (DeletedBlockLogImpl.java:commitTransactions(224)) - Transaction txId=30 commit by dnId=41bdc6fc-f730-460f-b2d8-92157d986a72 for containerID=#30 failed. Corresponding entry not found.
2021-08-14 14:05:29,677 [EventQueue-DeleteBlockStatusForDeletedBlockLogImpl] DEBUG block.DeletedBlockLogImpl (DeletedBlockLogImpl.java:isTransactionFailed(278)) - Got block deletion ACK from datanode, TXIDs=31, success=true
2021-08-14 14:05:29,677 [EventQueue-DeleteBlockStatusForDeletedBlockLogImpl] DEBUG block.DeletedBlockLogImpl (DeletedBlockLogImpl.java:commitTransactions(224)) - Transaction txId=31 commit by dnId=41bdc6fc-f730-460f-b2d8-92157d986a72 for containerID=#31 failed. Corresponding entry not found.
2021-08-14 14:05:29,677 [EventQueue-DeleteBlockStatusForDeletedBlockLogImpl] DEBUG block.DeletedBlockLogImpl (DeletedBlockLogImpl.java:isTransactionFailed(278)) - Got block deletion ACK from datanode, TXIDs=32, success=true
2021-08-14 14:05:29,677 [EventQueue-DeleteBlockStatusForDeletedBlockLogImpl] DEBUG block.DeletedBlockLogImpl (DeletedBlockLogImpl.java:commitTransactions(224)) - Transaction txId=32 commit by dnId=41bdc6fc-f730-460f-b2d8-92157d986a72 for containerID=#32 failed. Corresponding entry not found.
2021-08-14 14:05:29,677 [EventQueue-DeleteBlockStatusForDeletedBlockLogImpl] DEBUG block.DeletedBlockLogImpl (DeletedBlockLogImpl.java:isTransactionFailed(278)) - Got block deletion ACK from datanode, TXIDs=33, success=true
2021-08-14 14:05:29,677 [EventQueue-DeleteBlockStatusForDeletedBlockLogImpl] DEBUG block.DeletedBlockLogImpl (DeletedBlockLogImpl.java:commitTransactions(224)) - Transaction txId=33 commit by dnId=41bdc6fc-f730-460f-b2d8-92157d986a72 for containerID=#33 failed. Corresponding entry not found.
2021-08-14 14:05:29,677 [EventQueue-DeleteBlockStatusForDeletedBlockLogImpl] DEBUG block.DeletedBlockLogImpl (DeletedBlockLogImpl.java:isTransactionFailed(278)) - Got block deletion ACK from datanode, TXIDs=34, success=true
2021-08-14 14:05:29,677 [EventQueue-DeleteBlockStatusForDeletedBlockLogImpl] DEBUG block.DeletedBlockLogImpl (DeletedBlockLogImpl.java:commitTransactions(224)) - Transaction txId=34 commit by dnId=41bdc6fc-f730-460f-b2d8-92157d986a72 for containerID=#34 failed. Corresponding entry not found.
2021-08-14 14:05:29,677 [EventQueue-DeleteBlockStatusForDeletedBlockLogImpl] DEBUG block.DeletedBlockLogImpl (DeletedBlockLogImpl.java:isTransactionFailed(278)) - Got block deletion ACK from datanode, TXIDs=35, success=true
2021-08-14 14:05:29,677 [EventQueue-DeleteBlockStatusForDeletedBlockLogImpl] DEBUG block.DeletedBlockLogImpl (DeletedBlockLogImpl.java:commitTransactions(224)) - Transaction txId=35 commit by dnId=41bdc6fc-f730-460f-b2d8-92157d986a72 for containerID=#35 failed. Corresponding entry not found.
2021-08-14 14:05:29,677 [EventQueue-DeleteBlockStatusForDeletedBlockLogImpl] DEBUG block.DeletedBlockLogImpl (DeletedBlockLogImpl.java:isTransactionFailed(278)) - Got block deletion ACK from datanode, TXIDs=36, success=true
2021-08-14 14:05:29,677 [EventQueue-DeleteBlockStatusForDeletedBlockLogImpl] DEBUG block.DeletedBlockLogImpl (DeletedBlockLogImpl.java:commitTransactions(224)) - Transaction txId=36 commit by dnId=41bdc6fc-f730-460f-b2d8-92157d986a72 for containerID=#36 failed. Corresponding entry not found.
2021-08-14 14:05:29,677 [EventQueue-DeleteBlockStatusForDeletedBlockLogImpl] DEBUG block.DeletedBlockLogImpl (DeletedBlockLogImpl.java:isTransactionFailed(278)) - Got block deletion ACK from datanode, TXIDs=37, success=true
2021-08-14 14:05:29,677 [EventQueue-DeleteBlockStatusForDeletedBlockLogImpl] DEBUG block.DeletedBlockLogImpl (DeletedBlockLogImpl.java:commitTransactions(224)) - Transaction txId=37 commit by dnId=41bdc6fc-f730-460f-b2d8-92157d986a72 for containerID=#37 failed. Corresponding entry not found.
2021-08-14 14:05:29,677 [EventQueue-DeleteBlockStatusForDeletedBlockLogImpl] DEBUG block.DeletedBlockLogImpl (DeletedBlockLogImpl.java:isTransactionFailed(278)) - Got block deletion ACK from datanode, TXIDs=38, success=true
2021-08-14 14:05:29,677 [EventQueue-DeleteBlockStatusForDeletedBlockLogImpl] DEBUG block.DeletedBlockLogImpl (DeletedBlockLogImpl.java:commitTransactions(224)) - Transaction txId=38 commit by dnId=41bdc6fc-f730-460f-b2d8-92157d986a72 for containerID=#38 failed. Corresponding entry not found.
2021-08-14 14:05:29,678 [EventQueue-DeleteBlockStatusForDeletedBlockLogImpl] DEBUG block.DeletedBlockLogImpl (DeletedBlockLogImpl.java:isTransactionFailed(278)) - Got block deletion ACK from datanode, TXIDs=39, success=true
2021-08-14 14:05:29,678 [EventQueue-DeleteBlockStatusForDeletedBlockLogImpl] DEBUG block.DeletedBlockLogImpl (DeletedBlockLogImpl.java:commitTransactions(224)) - Transaction txId=39 commit by dnId=41bdc6fc-f730-460f-b2d8-92157d986a72 for containerID=#39 failed. Corresponding entry not found.
2021-08-14 14:05:29,678 [EventQueue-DeleteBlockStatusForDeletedBlockLogImpl] DEBUG block.DeletedBlockLogImpl (DeletedBlockLogImpl.java:isTransactionFailed(278)) - Got block deletion ACK from datanode, TXIDs=40, success=true
2021-08-14 14:05:29,678 [EventQueue-DeleteBlockStatusForDeletedBlockLogImpl] DEBUG block.DeletedBlockLogImpl (DeletedBlockLogImpl.java:commitTransactions(224)) - Transaction txId=40 commit by dnId=41bdc6fc-f730-460f-b2d8-92157d986a72 for containerID=#40 failed. Corresponding entry not found.
2021-08-14 14:05:29,678 [EventQueue-DeleteBlockStatusForDeletedBlockLogImpl] DEBUG block.DeletedBlockLogImpl (DeletedBlockLogImpl.java:isTransactionFailed(278)) - Got block deletion ACK from datanode, TXIDs=41, success=true
2021-08-14 14:05:29,678 [EventQueue-DeleteBlockStatusForDeletedBlockLogImpl] DEBUG block.DeletedBlockLogImpl (DeletedBlockLogImpl.java:commitTransactions(224)) - Transaction txId=41 commit by dnId=41bdc6fc-f730-460f-b2d8-92157d986a72 for containerID=#41 failed. Corresponding entry not found.
2021-08-14 14:05:29,678 [EventQueue-DeleteBlockStatusForDeletedBlockLogImpl] DEBUG block.DeletedBlockLogImpl (DeletedBlockLogImpl.java:isTransactionFailed(278)) - Got block deletion ACK from datanode, TXIDs=42, success=true
2021-08-14 14:05:29,678 [EventQueue-DeleteBlockStatusForDeletedBlockLogImpl] DEBUG block.DeletedBlockLogImpl (DeletedBlockLogImpl.java:commitTransactions(224)) - Transaction txId=42 commit by dnId=41bdc6fc-f730-460f-b2d8-92157d986a72 for containerID=#42 failed. Corresponding entry not found.
2021-08-14 14:05:29,678 [EventQueue-DeleteBlockStatusForDeletedBlockLogImpl] DEBUG block.DeletedBlockLogImpl (DeletedBlockLogImpl.java:isTransactionFailed(278)) - Got block deletion ACK from datanode, TXIDs=43, success=true
2021-08-14 14:05:29,678 [EventQueue-DeleteBlockStatusForDeletedBlockLogImpl] DEBUG block.DeletedBlockLogImpl (DeletedBlockLogImpl.java:commitTransactions(224)) - Transaction txId=43 commit by dnId=41bdc6fc-f730-460f-b2d8-92157d986a72 for containerID=#43 failed. Corresponding entry not found.
2021-08-14 14:05:29,678 [EventQueue-DeleteBlockStatusForDeletedBlockLogImpl] DEBUG block.DeletedBlockLogImpl (DeletedBlockLogImpl.java:isTransactionFailed(278)) - Got block deletion ACK from datanode, TXIDs=44, success=true
2021-08-14 14:05:29,678 [EventQueue-DeleteBlockStatusForDeletedBlockLogImpl] DEBUG block.DeletedBlockLogImpl (DeletedBlockLogImpl.java:commitTransactions(224)) - Transaction txId=44 commit by dnId=41bdc6fc-f730-460f-b2d8-92157d986a72 for containerID=#44 failed. Corresponding entry not found.
2021-08-14 14:05:29,678 [EventQueue-DeleteBlockStatusForDeletedBlockLogImpl] DEBUG block.DeletedBlockLogImpl (DeletedBlockLogImpl.java:isTransactionFailed(278)) - Got block deletion ACK from datanode, TXIDs=45, success=true
2021-08-14 14:05:29,678 [EventQueue-DeleteBlockStatusForDeletedBlockLogImpl] DEBUG block.DeletedBlockLogImpl (DeletedBlockLogImpl.java:commitTransactions(224)) - Transaction txId=45 commit by dnId=41bdc6fc-f730-460f-b2d8-92157d986a72 for containerID=#45 failed. Corresponding entry not found.
2021-08-14 14:05:29,678 [EventQueue-DeleteBlockStatusForDeletedBlockLogImpl] DEBUG block.DeletedBlockLogImpl (DeletedBlockLogImpl.java:isTransactionFailed(278)) - Got block deletion ACK from datanode, TXIDs=46, success=true
2021-08-14 14:05:29,678 [EventQueue-DeleteBlockStatusForDeletedBlockLogImpl] DEBUG block.DeletedBlockLogImpl (DeletedBlockLogImpl.java:commitTransactions(224)) - Transaction txId=46 commit by dnId=41bdc6fc-f730-460f-b2d8-92157d986a72 for containerID=#46 failed. Corresponding entry not found.
2021-08-14 14:05:29,678 [EventQueue-DeleteBlockStatusForDeletedBlockLogImpl] DEBUG block.DeletedBlockLogImpl (DeletedBlockLogImpl.java:isTransactionFailed(278)) - Got block deletion ACK from datanode, TXIDs=47, success=true
2021-08-14 14:05:29,678 [EventQueue-DeleteBlockStatusForDeletedBlockLogImpl] DEBUG block.DeletedBlockLogImpl (DeletedBlockLogImpl.java:commitTransactions(224)) - Transaction txId=47 commit by dnId=41bdc6fc-f730-460f-b2d8-92157d986a72 for containerID=#47 failed. Corresponding entry not found.
2021-08-14 14:05:29,678 [EventQueue-DeleteBlockStatusForDeletedBlockLogImpl] DEBUG block.DeletedBlockLogImpl (DeletedBlockLogImpl.java:isTransactionFailed(278)) - Got block deletion ACK from datanode, TXIDs=48, success=true
2021-08-14 14:05:29,678 [EventQueue-DeleteBlockStatusForDeletedBlockLogImpl] DEBUG block.DeletedBlockLogImpl (DeletedBlockLogImpl.java:commitTransactions(224)) - Transaction txId=48 commit by dnId=41bdc6fc-f730-460f-b2d8-92157d986a72 for containerID=#48 failed. Corresponding entry not found.
2021-08-14 14:05:29,678 [EventQueue-DeleteBlockStatusForDeletedBlockLogImpl] DEBUG block.DeletedBlockLogImpl (DeletedBlockLogImpl.java:isTransactionFailed(278)) - Got block deletion ACK from datanode, TXIDs=49, success=true
2021-08-14 14:05:29,689 [SCMBlockDeletingService#0] DEBUG block.SCMBlockDeletingService (SCMBlockDeletingService.java:call(133)) - Running DeletedBlockTransactionScanner
2021-08-14 14:05:29,681 [Listener at 127.0.0.1/32925] WARN  commandhandler.TestBlockDeletion (TestBlockDeletion.java:lambda$testBlockDeletion$3(251)) - Verify blocks deletion failed
java.lang.AssertionError: expected null, but was:<[blockId=conID: 20 locID: 107544261427200020 bcsId: 304, size=4194304]>
	at org.junit.Assert.fail(Assert.java:89)
	at org.junit.Assert.failNotNull(Assert.java:756)
	at org.junit.Assert.assertNull(Assert.java:738)
	at org.junit.Assert.assertNull(Assert.java:748)
	at org.apache.hadoop.ozone.container.common.statemachine.commandhandler.TestBlockDeletion.lambda$verifyBlocksDeleted$15(TestBlockDeletion.java:453)
	at org.apache.hadoop.ozone.OzoneTestUtils.performOperationOnKeyContainers(OzoneTestUtils.java:133)
	at org.apache.hadoop.ozone.container.common.statemachine.commandhandler.TestBlockDeletion.verifyBlocksDeleted(TestBlockDeletion.java:442)
	at org.apache.hadoop.ozone.container.common.statemachine.commandhandler.TestBlockDeletion.lambda$testBlockDeletion$3(TestBlockDeletion.java:248)
	at org.apache.ozone.test.GenericTestUtils.waitFor(GenericTestUtils.java:219)
	at org.apache.hadoop.ozone.container.common.statemachine.commandhandler.TestBlockDeletion.testBlockDeletion(TestBlockDeletion.java:246)
	at sun.reflect.NativeMethodAccessorImpl.invoke0(Native Method)
	at sun.reflect.NativeMethodAccessorImpl.invoke(NativeMethodAccessorImpl.java:62)
	at sun.reflect.DelegatingMethodAccessorImpl.invoke(DelegatingMethodAccessorImpl.java:43)
	at java.lang.reflect.Method.invoke(Method.java:498)
	at org.junit.runners.model.FrameworkMethod$1.runReflectiveCall(FrameworkMethod.java:59)
	at org.junit.internal.runners.model.ReflectiveCallable.run(ReflectiveCallable.java:12)
	at org.junit.runners.model.FrameworkMethod.invokeExplosively(FrameworkMethod.java:56)
	at org.junit.internal.runners.statements.InvokeMethod.evaluate(InvokeMethod.java:17)
	at org.junit.internal.runners.statements.RunBefores.evaluate(RunBefores.java:26)
	at org.junit.internal.runners.statements.RunAfters.evaluate(RunAfters.java:27)
	at org.junit.runners.ParentRunner$3.evaluate(ParentRunner.java:306)
	at org.junit.runners.BlockJUnit4ClassRunner$1.evaluate(BlockJUnit4ClassRunner.java:100)
	at org.junit.runners.ParentRunner.runLeaf(ParentRunner.java:366)
	at org.junit.runners.BlockJUnit4ClassRunner.runChild(BlockJUnit4ClassRunner.java:103)
	at org.junit.runners.BlockJUnit4ClassRunner.runChild(BlockJUnit4ClassRunner.java:63)
	at org.junit.runners.ParentRunner$4.run(ParentRunner.java:331)
	at org.junit.runners.ParentRunner$1.schedule(ParentRunner.java:79)
	at org.junit.runners.ParentRunner.runChildren(ParentRunner.java:329)
	at org.junit.runners.ParentRunner.access$100(ParentRunner.java:66)
	at org.junit.runners.ParentRunner$2.evaluate(ParentRunner.java:293)
	at org.junit.runners.ParentRunner$3.evaluate(ParentRunner.java:306)
	at org.junit.runners.ParentRunner.run(ParentRunner.java:413)
	at org.junit.runner.JUnitCore.run(JUnitCore.java:137)
	at org.junit.runner.JUnitCore.run(JUnitCore.java:115)
	at org.junit.vintage.engine.execution.RunnerExecutor.execute(RunnerExecutor.java:43)
	at java.util.stream.ForEachOps$ForEachOp$OfRef.accept(ForEachOps.java:183)
	at java.util.stream.ReferencePipeline$3$1.accept(ReferencePipeline.java:193)
	at java.util.Iterator.forEachRemaining(Iterator.java:116)
	at java.util.Spliterators$IteratorSpliterator.forEachRemaining(Spliterators.java:1801)
	at java.util.stream.AbstractPipeline.copyInto(AbstractPipeline.java:482)
	at java.util.stream.AbstractPipeline.wrapAndCopyInto(AbstractPipeline.java:472)
	at java.util.stream.ForEachOps$ForEachOp.evaluateSequential(ForEachOps.java:150)
	at java.util.stream.ForEachOps$ForEachOp$OfRef.evaluateSequential(ForEachOps.java:173)
	at java.util.stream.AbstractPipeline.evaluate(AbstractPipeline.java:234)
	at java.util.stream.ReferencePipeline.forEach(ReferencePipeline.java:485)
	at org.junit.vintage.engine.VintageTestEngine.executeAllChildren(VintageTestEngine.java:82)
	at org.junit.vintage.engine.VintageTestEngine.execute(VintageTestEngine.java:73)
	at org.junit.platform.launcher.core.EngineExecutionOrchestrator.execute(EngineExecutionOrchestrator.java:108)
	at org.junit.platform.launcher.core.EngineExecutionOrchestrator.execute(EngineExecutionOrchestrator.java:88)
	at org.junit.platform.launcher.core.EngineExecutionOrchestrator.lambda$execute$0(EngineExecutionOrchestrator.java:54)
	at org.junit.platform.launcher.core.EngineExecutionOrchestrator.withInterceptedStreams(EngineExecutionOrchestrator.java:67)
	at org.junit.platform.launcher.core.EngineExecutionOrchestrator.execute(EngineExecutionOrchestrator.java:52)
	at org.junit.platform.launcher.core.DefaultLauncher.execute(DefaultLauncher.java:96)
	at org.junit.platform.launcher.core.DefaultLauncher.execute(DefaultLauncher.java:75)
	at org.apache.maven.surefire.junitplatform.JUnitPlatformProvider.invokeAllTests(JUnitPlatformProvider.java:142)
	at org.apache.maven.surefire.junitplatform.JUnitPlatformProvider.invoke(JUnitPlatformProvider.java:113)
	at org.apache.maven.surefire.booter.ForkedBooter.invokeProviderInSameClassLoader(ForkedBooter.java:384)
	at org.apache.maven.surefire.booter.ForkedBooter.runSuitesInProcess(ForkedBooter.java:345)
	at org.apache.maven.surefire.booter.ForkedBooter.execute(ForkedBooter.java:126)
	at org.apache.maven.surefire.booter.ForkedBooter.main(ForkedBooter.java:418)
2021-08-14 14:05:29,694 [EventQueue-DeleteBlockStatusForDeletedBlockLogImpl] DEBUG block.DeletedBlockLogImpl (DeletedBlockLogImpl.java:commitTransactions(224)) - Transaction txId=49 commit by dnId=41bdc6fc-f730-460f-b2d8-92157d986a72 for containerID=#49 failed. Corresponding entry not found.
2021-08-14 14:05:29,694 [EventQueue-DeleteBlockStatusForDeletedBlockLogImpl] DEBUG block.DeletedBlockLogImpl (DeletedBlockLogImpl.java:isTransactionFailed(278)) - Got block deletion ACK from datanode, TXIDs=50, success=true
2021-08-14 14:05:29,694 [EventQueue-DeleteBlockStatusForDeletedBlockLogImpl] DEBUG block.DeletedBlockLogImpl (DeletedBlockLogImpl.java:commitTransactions(224)) - Transaction txId=50 commit by dnId=41bdc6fc-f730-460f-b2d8-92157d986a72 for containerID=#50 failed. Corresponding entry not found.
2021-08-14 14:05:29,694 [EventQueue-DeleteBlockStatusForDeletedBlockLogImpl] DEBUG block.DeletedBlockLogImpl (DeletedBlockLogImpl.java:isTransactionFailed(278)) - Got block deletion ACK from datanode, TXIDs=51, success=true
2021-08-14 14:05:29,694 [EventQueue-DeleteBlockStatusForDeletedBlockLogImpl] DEBUG block.DeletedBlockLogImpl (DeletedBlockLogImpl.java:commitTransactions(224)) - Transaction txId=51 commit by dnId=41bdc6fc-f730-460f-b2d8-92157d986a72 for containerID=#51 failed. Corresponding entry not found.
2021-08-14 14:05:29,694 [EventQueue-DeleteBlockStatusForDeletedBlockLogImpl] DEBUG block.DeletedBlockLogImpl (DeletedBlockLogImpl.java:isTransactionFailed(278)) - Got block deletion ACK from datanode, TXIDs=52, success=true
2021-08-14 14:05:29,694 [EventQueue-DeleteBlockStatusForDeletedBlockLogImpl] DEBUG block.DeletedBlockLogImpl (DeletedBlockLogImpl.java:commitTransactions(224)) - Transaction txId=52 commit by dnId=41bdc6fc-f730-460f-b2d8-92157d986a72 for containerID=#52 failed. Corresponding entry not found.
2021-08-14 14:05:29,694 [EventQueue-DeleteBlockStatusForDeletedBlockLogImpl] DEBUG block.DeletedBlockLogImpl (DeletedBlockLogImpl.java:isTransactionFailed(278)) - Got block deletion ACK from datanode, TXIDs=53, success=true
2021-08-14 14:05:29,694 [EventQueue-DeleteBlockStatusForDeletedBlockLogImpl] DEBUG block.DeletedBlockLogImpl (DeletedBlockLogImpl.java:commitTransactions(224)) - Transaction txId=53 commit by dnId=41bdc6fc-f730-460f-b2d8-92157d986a72 for containerID=#53 failed. Corresponding entry not found.
2021-08-14 14:05:29,694 [EventQueue-DeleteBlockStatusForDeletedBlockLogImpl] DEBUG block.DeletedBlockLogImpl (DeletedBlockLogImpl.java:isTransactionFailed(278)) - Got block deletion ACK from datanode, TXIDs=54, success=true
2021-08-14 14:05:29,695 [EventQueue-DeleteBlockStatusForDeletedBlockLogImpl] DEBUG block.DeletedBlockLogImpl (DeletedBlockLogImpl.java:commitTransactions(224)) - Transaction txId=54 commit by dnId=41bdc6fc-f730-460f-b2d8-92157d986a72 for containerID=#54 failed. Corresponding entry not found.
2021-08-14 14:05:29,695 [EventQueue-DeleteBlockStatusForDeletedBlockLogImpl] DEBUG block.DeletedBlockLogImpl (DeletedBlockLogImpl.java:isTransactionFailed(278)) - Got block deletion ACK from datanode, TXIDs=55, success=true
2021-08-14 14:05:29,695 [EventQueue-DeleteBlockStatusForDeletedBlockLogImpl] DEBUG block.DeletedBlockLogImpl (DeletedBlockLogImpl.java:commitTransactions(224)) - Transaction txId=55 commit by dnId=41bdc6fc-f730-460f-b2d8-92157d986a72 for containerID=#55 failed. Corresponding entry not found.
2021-08-14 14:05:29,695 [EventQueue-DeleteBlockStatusForDeletedBlockLogImpl] DEBUG block.DeletedBlockLogImpl (DeletedBlockLogImpl.java:isTransactionFailed(278)) - Got block deletion ACK from datanode, TXIDs=56, success=true
2021-08-14 14:05:29,695 [EventQueue-DeleteBlockStatusForDeletedBlockLogImpl] DEBUG block.DeletedBlockLogImpl (DeletedBlockLogImpl.java:commitTransactions(224)) - Transaction txId=56 commit by dnId=41bdc6fc-f730-460f-b2d8-92157d986a72 for containerID=#56 failed. Corresponding entry not found.
2021-08-14 14:05:29,696 [EventQueue-DeleteBlockStatusForDeletedBlockLogImpl] DEBUG block.DeletedBlockLogImpl (DeletedBlockLogImpl.java:isTransactionFailed(278)) - Got block deletion ACK from datanode, TXIDs=1, success=true
2021-08-14 14:05:29,696 [EventQueue-DeleteBlockStatusForDeletedBlockLogImpl] DEBUG block.DeletedBlockLogImpl (DeletedBlockLogImpl.java:commitTransactions(224)) - Transaction txId=1 commit by dnId=41bdc6fc-f730-460f-b2d8-92157d986a72 for containerID=#1 failed. Corresponding entry not found.
2021-08-14 14:05:29,696 [EventQueue-DeleteBlockStatusForDeletedBlockLogImpl] DEBUG block.DeletedBlockLogImpl (DeletedBlockLogImpl.java:isTransactionFailed(278)) - Got block deletion ACK from datanode, TXIDs=2, success=true
2021-08-14 14:05:29,696 [EventQueue-DeleteBlockStatusForDeletedBlockLogImpl] DEBUG block.DeletedBlockLogImpl (DeletedBlockLogImpl.java:commitTransactions(224)) - Transaction txId=2 commit by dnId=41bdc6fc-f730-460f-b2d8-92157d986a72 for containerID=#2 failed. Corresponding entry not found.
2021-08-14 14:05:29,696 [EventQueue-DeleteBlockStatusForDeletedBlockLogImpl] DEBUG block.DeletedBlockLogImpl (DeletedBlockLogImpl.java:isTransactionFailed(278)) - Got block deletion ACK from datanode, TXIDs=3, success=true
2021-08-14 14:05:29,696 [EventQueue-DeleteBlockStatusForDeletedBlockLogImpl] DEBUG block.DeletedBlockLogImpl (DeletedBlockLogImpl.java:commitTransactions(224)) - Transaction txId=3 commit by dnId=41bdc6fc-f730-460f-b2d8-92157d986a72 for containerID=#3 failed. Corresponding entry not found.
2021-08-14 14:05:29,696 [EventQueue-DeleteBlockStatusForDeletedBlockLogImpl] DEBUG block.DeletedBlockLogImpl (DeletedBlockLogImpl.java:isTransactionFailed(278)) - Got block deletion ACK from datanode, TXIDs=4, success=true
2021-08-14 14:05:29,696 [EventQueue-DeleteBlockStatusForDeletedBlockLogImpl] DEBUG block.DeletedBlockLogImpl (DeletedBlockLogImpl.java:commitTransactions(224)) - Transaction txId=4 commit by dnId=41bdc6fc-f730-460f-b2d8-92157d986a72 for containerID=#4 failed. Corresponding entry not found.
2021-08-14 14:05:29,696 [EventQueue-DeleteBlockStatusForDeletedBlockLogImpl] DEBUG block.DeletedBlockLogImpl (DeletedBlockLogImpl.java:isTransactionFailed(278)) - Got block deletion ACK from datanode, TXIDs=5, success=true
2021-08-14 14:05:29,696 [EventQueue-DeleteBlockStatusForDeletedBlockLogImpl] DEBUG block.DeletedBlockLogImpl (DeletedBlockLogImpl.java:commitTransactions(224)) - Transaction txId=5 commit by dnId=41bdc6fc-f730-460f-b2d8-92157d986a72 for containerID=#5 failed. Corresponding entry not found.
2021-08-14 14:05:29,696 [EventQueue-DeleteBlockStatusForDeletedBlockLogImpl] DEBUG block.DeletedBlockLogImpl (DeletedBlockLogImpl.java:isTransactionFailed(278)) - Got block deletion ACK from datanode, TXIDs=6, success=true
2021-08-14 14:05:29,696 [EventQueue-DeleteBlockStatusForDeletedBlockLogImpl] DEBUG block.DeletedBlockLogImpl (DeletedBlockLogImpl.java:commitTransactions(224)) - Transaction txId=6 commit by dnId=41bdc6fc-f730-460f-b2d8-92157d986a72 for containerID=#6 failed. Corresponding entry not found.
2021-08-14 14:05:29,696 [EventQueue-DeleteBlockStatusForDeletedBlockLogImpl] DEBUG block.DeletedBlockLogImpl (DeletedBlockLogImpl.java:isTransactionFailed(278)) - Got block deletion ACK from datanode, TXIDs=7, success=true
2021-08-14 14:05:29,696 [EventQueue-DeleteBlockStatusForDeletedBlockLogImpl] DEBUG block.DeletedBlockLogImpl (DeletedBlockLogImpl.java:commitTransactions(224)) - Transaction txId=7 commit by dnId=41bdc6fc-f730-460f-b2d8-92157d986a72 for containerID=#7 failed. Corresponding entry not found.
2021-08-14 14:05:29,696 [EventQueue-DeleteBlockStatusForDeletedBlockLogImpl] DEBUG block.DeletedBlockLogImpl (DeletedBlockLogImpl.java:isTransactionFailed(278)) - Got block deletion ACK from datanode, TXIDs=8, success=true
2021-08-14 14:05:29,696 [EventQueue-DeleteBlockStatusForDeletedBlockLogImpl] DEBUG block.DeletedBlockLogImpl (DeletedBlockLogImpl.java:commitTransactions(224)) - Transaction txId=8 commit by dnId=41bdc6fc-f730-460f-b2d8-92157d986a72 for containerID=#8 failed. Corresponding entry not found.
2021-08-14 14:05:29,696 [EventQueue-DeleteBlockStatusForDeletedBlockLogImpl] DEBUG block.DeletedBlockLogImpl (DeletedBlockLogImpl.java:isTransactionFailed(278)) - Got block deletion ACK from datanode, TXIDs=9, success=true
2021-08-14 14:05:29,696 [EventQueue-DeleteBlockStatusForDeletedBlockLogImpl] DEBUG block.DeletedBlockLogImpl (DeletedBlockLogImpl.java:commitTransactions(224)) - Transaction txId=9 commit by dnId=41bdc6fc-f730-460f-b2d8-92157d986a72 for containerID=#9 failed. Corresponding entry not found.
2021-08-14 14:05:29,696 [EventQueue-DeleteBlockStatusForDeletedBlockLogImpl] DEBUG block.DeletedBlockLogImpl (DeletedBlockLogImpl.java:isTransactionFailed(278)) - Got block deletion ACK from datanode, TXIDs=10, success=true
2021-08-14 14:05:29,696 [EventQueue-DeleteBlockStatusForDeletedBlockLogImpl] DEBUG block.DeletedBlockLogImpl (DeletedBlockLogImpl.java:commitTransactions(224)) - Transaction txId=10 commit by dnId=41bdc6fc-f730-460f-b2d8-92157d986a72 for containerID=#10 failed. Corresponding entry not found.
2021-08-14 14:05:29,696 [EventQueue-DeleteBlockStatusForDeletedBlockLogImpl] DEBUG block.DeletedBlockLogImpl (DeletedBlockLogImpl.java:isTransactionFailed(278)) - Got block deletion ACK from datanode, TXIDs=11, success=true
2021-08-14 14:05:29,696 [EventQueue-DeleteBlockStatusForDeletedBlockLogImpl] DEBUG block.DeletedBlockLogImpl (DeletedBlockLogImpl.java:commitTransactions(224)) - Transaction txId=11 commit by dnId=41bdc6fc-f730-460f-b2d8-92157d986a72 for containerID=#11 failed. Corresponding entry not found.
2021-08-14 14:05:29,696 [EventQueue-DeleteBlockStatusForDeletedBlockLogImpl] DEBUG block.DeletedBlockLogImpl (DeletedBlockLogImpl.java:isTransactionFailed(278)) - Got block deletion ACK from datanode, TXIDs=12, success=true
2021-08-14 14:05:29,696 [EventQueue-DeleteBlockStatusForDeletedBlockLogImpl] DEBUG block.DeletedBlockLogImpl (DeletedBlockLogImpl.java:commitTransactions(224)) - Transaction txId=12 commit by dnId=41bdc6fc-f730-460f-b2d8-92157d986a72 for containerID=#12 failed. Corresponding entry not found.
2021-08-14 14:05:29,697 [EventQueue-DeleteBlockStatusForDeletedBlockLogImpl] DEBUG block.DeletedBlockLogImpl (DeletedBlockLogImpl.java:isTransactionFailed(278)) - Got block deletion ACK from datanode, TXIDs=13, success=true
2021-08-14 14:05:29,697 [EventQueue-DeleteBlockStatusForDeletedBlockLogImpl] DEBUG block.DeletedBlockLogImpl (DeletedBlockLogImpl.java:commitTransactions(224)) - Transaction txId=13 commit by dnId=41bdc6fc-f730-460f-b2d8-92157d986a72 for containerID=#13 failed. Corresponding entry not found.
2021-08-14 14:05:29,697 [EventQueue-DeleteBlockStatusForDeletedBlockLogImpl] DEBUG block.DeletedBlockLogImpl (DeletedBlockLogImpl.java:isTransactionFailed(278)) - Got block deletion ACK from datanode, TXIDs=14, success=true
2021-08-14 14:05:29,697 [EventQueue-DeleteBlockStatusForDeletedBlockLogImpl] DEBUG block.DeletedBlockLogImpl (DeletedBlockLogImpl.java:commitTransactions(224)) - Transaction txId=14 commit by dnId=41bdc6fc-f730-460f-b2d8-92157d986a72 for containerID=#14 failed. Corresponding entry not found.
2021-08-14 14:05:29,697 [EventQueue-DeleteBlockStatusForDeletedBlockLogImpl] DEBUG block.DeletedBlockLogImpl (DeletedBlockLogImpl.java:isTransactionFailed(278)) - Got block deletion ACK from datanode, TXIDs=15, success=true
2021-08-14 14:05:29,697 [EventQueue-DeleteBlockStatusForDeletedBlockLogImpl] DEBUG block.DeletedBlockLogImpl (DeletedBlockLogImpl.java:commitTransactions(224)) - Transaction txId=15 commit by dnId=41bdc6fc-f730-460f-b2d8-92157d986a72 for containerID=#15 failed. Corresponding entry not found.
2021-08-14 14:05:29,697 [EventQueue-DeleteBlockStatusForDeletedBlockLogImpl] DEBUG block.DeletedBlockLogImpl (DeletedBlockLogImpl.java:isTransactionFailed(278)) - Got block deletion ACK from datanode, TXIDs=16, success=true
2021-08-14 14:05:29,697 [EventQueue-DeleteBlockStatusForDeletedBlockLogImpl] DEBUG block.DeletedBlockLogImpl (DeletedBlockLogImpl.java:commitTransactions(224)) - Transaction txId=16 commit by dnId=41bdc6fc-f730-460f-b2d8-92157d986a72 for containerID=#16 failed. Corresponding entry not found.
2021-08-14 14:05:29,697 [EventQueue-DeleteBlockStatusForDeletedBlockLogImpl] DEBUG block.DeletedBlockLogImpl (DeletedBlockLogImpl.java:isTransactionFailed(278)) - Got block deletion ACK from datanode, TXIDs=17, success=true
2021-08-14 14:05:29,697 [EventQueue-DeleteBlockStatusForDeletedBlockLogImpl] DEBUG block.DeletedBlockLogImpl (DeletedBlockLogImpl.java:commitTransactions(224)) - Transaction txId=17 commit by dnId=41bdc6fc-f730-460f-b2d8-92157d986a72 for containerID=#17 failed. Corresponding entry not found.
2021-08-14 14:05:29,697 [EventQueue-DeleteBlockStatusForDeletedBlockLogImpl] DEBUG block.DeletedBlockLogImpl (DeletedBlockLogImpl.java:isTransactionFailed(278)) - Got block deletion ACK from datanode, TXIDs=18, success=true
2021-08-14 14:05:29,698 [EventQueue-DeleteBlockStatusForDeletedBlockLogImpl] DEBUG block.DeletedBlockLogImpl (DeletedBlockLogImpl.java:commitTransactions(224)) - Transaction txId=18 commit by dnId=41bdc6fc-f730-460f-b2d8-92157d986a72 for containerID=#18 failed. Corresponding entry not found.
2021-08-14 14:05:29,698 [EventQueue-DeleteBlockStatusForDeletedBlockLogImpl] DEBUG block.DeletedBlockLogImpl (DeletedBlockLogImpl.java:isTransactionFailed(278)) - Got block deletion ACK from datanode, TXIDs=19, success=true
2021-08-14 14:05:29,698 [EventQueue-DeleteBlockStatusForDeletedBlockLogImpl] DEBUG block.DeletedBlockLogImpl (DeletedBlockLogImpl.java:commitTransactions(224)) - Transaction txId=19 commit by dnId=41bdc6fc-f730-460f-b2d8-92157d986a72 for containerID=#19 failed. Corresponding entry not found.
2021-08-14 14:05:29,698 [EventQueue-DeleteBlockStatusForDeletedBlockLogImpl] DEBUG block.DeletedBlockLogImpl (DeletedBlockLogImpl.java:isTransactionFailed(278)) - Got block deletion ACK from datanode, TXIDs=20, success=true
2021-08-14 14:05:29,698 [EventQueue-DeleteBlockStatusForDeletedBlockLogImpl] DEBUG block.DeletedBlockLogImpl (DeletedBlockLogImpl.java:commitTransactions(224)) - Transaction txId=20 commit by dnId=41bdc6fc-f730-460f-b2d8-92157d986a72 for containerID=#20 failed. Corresponding entry not found.
2021-08-14 14:05:29,698 [EventQueue-DeleteBlockStatusForDeletedBlockLogImpl] DEBUG block.DeletedBlockLogImpl (DeletedBlockLogImpl.java:isTransactionFailed(278)) - Got block deletion ACK from datanode, TXIDs=21, success=true
2021-08-14 14:05:29,698 [EventQueue-DeleteBlockStatusForDeletedBlockLogImpl] DEBUG block.DeletedBlockLogImpl (DeletedBlockLogImpl.java:commitTransactions(224)) - Transaction txId=21 commit by dnId=41bdc6fc-f730-460f-b2d8-92157d986a72 for containerID=#21 failed. Corresponding entry not found.
2021-08-14 14:05:29,698 [EventQueue-DeleteBlockStatusForDeletedBlockLogImpl] DEBUG block.DeletedBlockLogImpl (DeletedBlockLogImpl.java:isTransactionFailed(278)) - Got block deletion ACK from datanode, TXIDs=22, success=true
2021-08-14 14:05:29,698 [EventQueue-DeleteBlockStatusForDeletedBlockLogImpl] DEBUG block.DeletedBlockLogImpl (DeletedBlockLogImpl.java:commitTransactions(224)) - Transaction txId=22 commit by dnId=41bdc6fc-f730-460f-b2d8-92157d986a72 for containerID=#22 failed. Corresponding entry not found.
2021-08-14 14:05:29,698 [EventQueue-DeleteBlockStatusForDeletedBlockLogImpl] DEBUG block.DeletedBlockLogImpl (DeletedBlockLogImpl.java:isTransactionFailed(278)) - Got block deletion ACK from datanode, TXIDs=23, success=true
2021-08-14 14:05:29,698 [EventQueue-DeleteBlockStatusForDeletedBlockLogImpl] DEBUG block.DeletedBlockLogImpl (DeletedBlockLogImpl.java:commitTransactions(224)) - Transaction txId=23 commit by dnId=41bdc6fc-f730-460f-b2d8-92157d986a72 for containerID=#23 failed. Corresponding entry not found.
2021-08-14 14:05:29,698 [EventQueue-DeleteBlockStatusForDeletedBlockLogImpl] DEBUG block.DeletedBlockLogImpl (DeletedBlockLogImpl.java:isTransactionFailed(278)) - Got block deletion ACK from datanode, TXIDs=24, success=true
2021-08-14 14:05:29,698 [EventQueue-DeleteBlockStatusForDeletedBlockLogImpl] DEBUG block.DeletedBlockLogImpl (DeletedBlockLogImpl.java:commitTransactions(224)) - Transaction txId=24 commit by dnId=41bdc6fc-f730-460f-b2d8-92157d986a72 for containerID=#24 failed. Corresponding entry not found.
2021-08-14 14:05:29,698 [EventQueue-DeleteBlockStatusForDeletedBlockLogImpl] DEBUG block.DeletedBlockLogImpl (DeletedBlockLogImpl.java:isTransactionFailed(278)) - Got block deletion ACK from datanode, TXIDs=25, success=true
2021-08-14 14:05:29,698 [EventQueue-DeleteBlockStatusForDeletedBlockLogImpl] DEBUG block.DeletedBlockLogImpl (DeletedBlockLogImpl.java:commitTransactions(224)) - Transaction txId=25 commit by dnId=41bdc6fc-f730-460f-b2d8-92157d986a72 for containerID=#25 failed. Corresponding entry not found.
2021-08-14 14:05:29,698 [EventQueue-DeleteBlockStatusForDeletedBlockLogImpl] DEBUG block.DeletedBlockLogImpl (DeletedBlockLogImpl.java:isTransactionFailed(278)) - Got block deletion ACK from datanode, TXIDs=26, success=true
2021-08-14 14:05:29,698 [EventQueue-DeleteBlockStatusForDeletedBlockLogImpl] DEBUG block.DeletedBlockLogImpl (DeletedBlockLogImpl.java:commitTransactions(224)) - Transaction txId=26 commit by dnId=41bdc6fc-f730-460f-b2d8-92157d986a72 for containerID=#26 failed. Corresponding entry not found.
2021-08-14 14:05:29,698 [EventQueue-DeleteBlockStatusForDeletedBlockLogImpl] DEBUG block.DeletedBlockLogImpl (DeletedBlockLogImpl.java:isTransactionFailed(278)) - Got block deletion ACK from datanode, TXIDs=27, success=true
2021-08-14 14:05:29,698 [EventQueue-DeleteBlockStatusForDeletedBlockLogImpl] DEBUG block.DeletedBlockLogImpl (DeletedBlockLogImpl.java:commitTransactions(224)) - Transaction txId=27 commit by dnId=41bdc6fc-f730-460f-b2d8-92157d986a72 for containerID=#27 failed. Corresponding entry not found.
2021-08-14 14:05:29,698 [EventQueue-DeleteBlockStatusForDeletedBlockLogImpl] DEBUG block.DeletedBlockLogImpl (DeletedBlockLogImpl.java:isTransactionFailed(278)) - Got block deletion ACK from datanode, TXIDs=28, success=true
2021-08-14 14:05:29,698 [EventQueue-DeleteBlockStatusForDeletedBlockLogImpl] DEBUG block.DeletedBlockLogImpl (DeletedBlockLogImpl.java:commitTransactions(224)) - Transaction txId=28 commit by dnId=41bdc6fc-f730-460f-b2d8-92157d986a72 for containerID=#28 failed. Corresponding entry not found.
2021-08-14 14:05:29,698 [EventQueue-DeleteBlockStatusForDeletedBlockLogImpl] DEBUG block.DeletedBlockLogImpl (DeletedBlockLogImpl.java:isTransactionFailed(278)) - Got block deletion ACK from datanode, TXIDs=29, success=true
2021-08-14 14:05:29,698 [EventQueue-DeleteBlockStatusForDeletedBlockLogImpl] DEBUG block.DeletedBlockLogImpl (DeletedBlockLogImpl.java:commitTransactions(224)) - Transaction txId=29 commit by dnId=41bdc6fc-f730-460f-b2d8-92157d986a72 for containerID=#29 failed. Corresponding entry not found.
2021-08-14 14:05:29,698 [EventQueue-DeleteBlockStatusForDeletedBlockLogImpl] DEBUG block.DeletedBlockLogImpl (DeletedBlockLogImpl.java:isTransactionFailed(278)) - Got block deletion ACK from datanode, TXIDs=30, success=true
2021-08-14 14:05:29,698 [EventQueue-DeleteBlockStatusForDeletedBlockLogImpl] DEBUG block.DeletedBlockLogImpl (DeletedBlockLogImpl.java:commitTransactions(224)) - Transaction txId=30 commit by dnId=41bdc6fc-f730-460f-b2d8-92157d986a72 for containerID=#30 failed. Corresponding entry not found.
2021-08-14 14:05:29,698 [EventQueue-DeleteBlockStatusForDeletedBlockLogImpl] DEBUG block.DeletedBlockLogImpl (DeletedBlockLogImpl.java:isTransactionFailed(278)) - Got block deletion ACK from datanode, TXIDs=31, success=true
2021-08-14 14:05:29,698 [EventQueue-DeleteBlockStatusForDeletedBlockLogImpl] DEBUG block.DeletedBlockLogImpl (DeletedBlockLogImpl.java:commitTransactions(224)) - Transaction txId=31 commit by dnId=41bdc6fc-f730-460f-b2d8-92157d986a72 for containerID=#31 failed. Corresponding entry not found.
2021-08-14 14:05:29,698 [EventQueue-DeleteBlockStatusForDeletedBlockLogImpl] DEBUG block.DeletedBlockLogImpl (DeletedBlockLogImpl.java:isTransactionFailed(278)) - Got block deletion ACK from datanode, TXIDs=32, success=true
2021-08-14 14:05:29,698 [EventQueue-DeleteBlockStatusForDeletedBlockLogImpl] DEBUG block.DeletedBlockLogImpl (DeletedBlockLogImpl.java:commitTransactions(224)) - Transaction txId=32 commit by dnId=41bdc6fc-f730-460f-b2d8-92157d986a72 for containerID=#32 failed. Corresponding entry not found.
2021-08-14 14:05:29,698 [EventQueue-DeleteBlockStatusForDeletedBlockLogImpl] DEBUG block.DeletedBlockLogImpl (DeletedBlockLogImpl.java:isTransactionFailed(278)) - Got block deletion ACK from datanode, TXIDs=33, success=true
2021-08-14 14:05:29,698 [EventQueue-DeleteBlockStatusForDeletedBlockLogImpl] DEBUG block.DeletedBlockLogImpl (DeletedBlockLogImpl.java:commitTransactions(224)) - Transaction txId=33 commit by dnId=41bdc6fc-f730-460f-b2d8-92157d986a72 for containerID=#33 failed. Corresponding entry not found.
2021-08-14 14:05:29,698 [EventQueue-DeleteBlockStatusForDeletedBlockLogImpl] DEBUG block.DeletedBlockLogImpl (DeletedBlockLogImpl.java:isTransactionFailed(278)) - Got block deletion ACK from datanode, TXIDs=34, success=true
2021-08-14 14:05:29,698 [EventQueue-DeleteBlockStatusForDeletedBlockLogImpl] DEBUG block.DeletedBlockLogImpl (DeletedBlockLogImpl.java:commitTransactions(224)) - Transaction txId=34 commit by dnId=41bdc6fc-f730-460f-b2d8-92157d986a72 for containerID=#34 failed. Corresponding entry not found.
2021-08-14 14:05:29,698 [EventQueue-DeleteBlockStatusForDeletedBlockLogImpl] DEBUG block.DeletedBlockLogImpl (DeletedBlockLogImpl.java:isTransactionFailed(278)) - Got block deletion ACK from datanode, TXIDs=35, success=true
2021-08-14 14:05:29,698 [EventQueue-DeleteBlockStatusForDeletedBlockLogImpl] DEBUG block.DeletedBlockLogImpl (DeletedBlockLogImpl.java:commitTransactions(224)) - Transaction txId=35 commit by dnId=41bdc6fc-f730-460f-b2d8-92157d986a72 for containerID=#35 failed. Corresponding entry not found.
2021-08-14 14:05:29,698 [EventQueue-DeleteBlockStatusForDeletedBlockLogImpl] DEBUG block.DeletedBlockLogImpl (DeletedBlockLogImpl.java:isTransactionFailed(278)) - Got block deletion ACK from datanode, TXIDs=36, success=true
2021-08-14 14:05:29,698 [EventQueue-DeleteBlockStatusForDeletedBlockLogImpl] DEBUG block.DeletedBlockLogImpl (DeletedBlockLogImpl.java:commitTransactions(224)) - Transaction txId=36 commit by dnId=41bdc6fc-f730-460f-b2d8-92157d986a72 for containerID=#36 failed. Corresponding entry not found.
2021-08-14 14:05:29,698 [EventQueue-DeleteBlockStatusForDeletedBlockLogImpl] DEBUG block.DeletedBlockLogImpl (DeletedBlockLogImpl.java:isTransactionFailed(278)) - Got block deletion ACK from datanode, TXIDs=37, success=true
2021-08-14 14:05:29,698 [EventQueue-DeleteBlockStatusForDeletedBlockLogImpl] DEBUG block.DeletedBlockLogImpl (DeletedBlockLogImpl.java:commitTransactions(224)) - Transaction txId=37 commit by dnId=41bdc6fc-f730-460f-b2d8-92157d986a72 for containerID=#37 failed. Corresponding entry not found.
2021-08-14 14:05:29,698 [EventQueue-DeleteBlockStatusForDeletedBlockLogImpl] DEBUG block.DeletedBlockLogImpl (DeletedBlockLogImpl.java:isTransactionFailed(278)) - Got block deletion ACK from datanode, TXIDs=38, success=true
2021-08-14 14:05:29,698 [EventQueue-DeleteBlockStatusForDeletedBlockLogImpl] DEBUG block.DeletedBlockLogImpl (DeletedBlockLogImpl.java:commitTransactions(224)) - Transaction txId=38 commit by dnId=41bdc6fc-f730-460f-b2d8-92157d986a72 for containerID=#38 failed. Corresponding entry not found.
2021-08-14 14:05:29,699 [EventQueue-DeleteBlockStatusForDeletedBlockLogImpl] DEBUG block.DeletedBlockLogImpl (DeletedBlockLogImpl.java:isTransactionFailed(278)) - Got block deletion ACK from datanode, TXIDs=39, success=true
2021-08-14 14:05:29,699 [EventQueue-DeleteBlockStatusForDeletedBlockLogImpl] DEBUG block.DeletedBlockLogImpl (DeletedBlockLogImpl.java:commitTransactions(224)) - Transaction txId=39 commit by dnId=41bdc6fc-f730-460f-b2d8-92157d986a72 for containerID=#39 failed. Corresponding entry not found.
2021-08-14 14:05:29,699 [EventQueue-DeleteBlockStatusForDeletedBlockLogImpl] DEBUG block.DeletedBlockLogImpl (DeletedBlockLogImpl.java:isTransactionFailed(278)) - Got block deletion ACK from datanode, TXIDs=40, success=true
2021-08-14 14:05:29,699 [EventQueue-DeleteBlockStatusForDeletedBlockLogImpl] DEBUG block.DeletedBlockLogImpl (DeletedBlockLogImpl.java:commitTransactions(224)) - Transaction txId=40 commit by dnId=41bdc6fc-f730-460f-b2d8-92157d986a72 for containerID=#40 failed. Corresponding entry not found.
2021-08-14 14:05:29,699 [EventQueue-DeleteBlockStatusForDeletedBlockLogImpl] DEBUG block.DeletedBlockLogImpl (DeletedBlockLogImpl.java:isTransactionFailed(278)) - Got block deletion ACK from datanode, TXIDs=41, success=true
2021-08-14 14:05:29,699 [EventQueue-DeleteBlockStatusForDeletedBlockLogImpl] DEBUG block.DeletedBlockLogImpl (DeletedBlockLogImpl.java:commitTransactions(224)) - Transaction txId=41 commit by dnId=41bdc6fc-f730-460f-b2d8-92157d986a72 for containerID=#41 failed. Corresponding entry not found.
2021-08-14 14:05:29,699 [EventQueue-DeleteBlockStatusForDeletedBlockLogImpl] DEBUG block.DeletedBlockLogImpl (DeletedBlockLogImpl.java:isTransactionFailed(278)) - Got block deletion ACK from datanode, TXIDs=42, success=true
2021-08-14 14:05:29,699 [EventQueue-DeleteBlockStatusForDeletedBlockLogImpl] DEBUG block.DeletedBlockLogImpl (DeletedBlockLogImpl.java:commitTransactions(224)) - Transaction txId=42 commit by dnId=41bdc6fc-f730-460f-b2d8-92157d986a72 for containerID=#42 failed. Corresponding entry not found.
2021-08-14 14:05:29,699 [EventQueue-DeleteBlockStatusForDeletedBlockLogImpl] DEBUG block.DeletedBlockLogImpl (DeletedBlockLogImpl.java:isTransactionFailed(278)) - Got block deletion ACK from datanode, TXIDs=43, success=true
2021-08-14 14:05:29,699 [EventQueue-DeleteBlockStatusForDeletedBlockLogImpl] DEBUG block.DeletedBlockLogImpl (DeletedBlockLogImpl.java:commitTransactions(224)) - Transaction txId=43 commit by dnId=41bdc6fc-f730-460f-b2d8-92157d986a72 for containerID=#43 failed. Corresponding entry not found.
2021-08-14 14:05:29,699 [EventQueue-DeleteBlockStatusForDeletedBlockLogImpl] DEBUG block.DeletedBlockLogImpl (DeletedBlockLogImpl.java:isTransactionFailed(278)) - Got block deletion ACK from datanode, TXIDs=44, success=true
2021-08-14 14:05:29,699 [EventQueue-DeleteBlockStatusForDeletedBlockLogImpl] DEBUG block.DeletedBlockLogImpl (DeletedBlockLogImpl.java:commitTransactions(224)) - Transaction txId=44 commit by dnId=41bdc6fc-f730-460f-b2d8-92157d986a72 for containerID=#44 failed. Corresponding entry not found.
2021-08-14 14:05:29,699 [EventQueue-DeleteBlockStatusForDeletedBlockLogImpl] DEBUG block.DeletedBlockLogImpl (DeletedBlockLogImpl.java:isTransactionFailed(278)) - Got block deletion ACK from datanode, TXIDs=45, success=true
2021-08-14 14:05:29,699 [EventQueue-DeleteBlockStatusForDeletedBlockLogImpl] DEBUG block.DeletedBlockLogImpl (DeletedBlockLogImpl.java:commitTransactions(224)) - Transaction txId=45 commit by dnId=41bdc6fc-f730-460f-b2d8-92157d986a72 for containerID=#45 failed. Corresponding entry not found.
2021-08-14 14:05:29,699 [EventQueue-DeleteBlockStatusForDeletedBlockLogImpl] DEBUG block.DeletedBlockLogImpl (DeletedBlockLogImpl.java:isTransactionFailed(278)) - Got block deletion ACK from datanode, TXIDs=46, success=true
2021-08-14 14:05:29,699 [EventQueue-DeleteBlockStatusForDeletedBlockLogImpl] DEBUG block.DeletedBlockLogImpl (DeletedBlockLogImpl.java:commitTransactions(224)) - Transaction txId=46 commit by dnId=41bdc6fc-f730-460f-b2d8-92157d986a72 for containerID=#46 failed. Corresponding entry not found.
2021-08-14 14:05:29,699 [EventQueue-DeleteBlockStatusForDeletedBlockLogImpl] DEBUG block.DeletedBlockLogImpl (DeletedBlockLogImpl.java:isTransactionFailed(278)) - Got block deletion ACK from datanode, TXIDs=47, success=true
2021-08-14 14:05:29,699 [EventQueue-DeleteBlockStatusForDeletedBlockLogImpl] DEBUG block.DeletedBlockLogImpl (DeletedBlockLogImpl.java:commitTransactions(224)) - Transaction txId=47 commit by dnId=41bdc6fc-f730-460f-b2d8-92157d986a72 for containerID=#47 failed. Corresponding entry not found.
2021-08-14 14:05:29,699 [EventQueue-DeleteBlockStatusForDeletedBlockLogImpl] DEBUG block.DeletedBlockLogImpl (DeletedBlockLogImpl.java:isTransactionFailed(278)) - Got block deletion ACK from datanode, TXIDs=48, success=true
2021-08-14 14:05:29,699 [EventQueue-DeleteBlockStatusForDeletedBlockLogImpl] DEBUG block.DeletedBlockLogImpl (DeletedBlockLogImpl.java:commitTransactions(224)) - Transaction txId=48 commit by dnId=41bdc6fc-f730-460f-b2d8-92157d986a72 for containerID=#48 failed. Corresponding entry not found.
2021-08-14 14:05:29,699 [EventQueue-DeleteBlockStatusForDeletedBlockLogImpl] DEBUG block.DeletedBlockLogImpl (DeletedBlockLogImpl.java:isTransactionFailed(278)) - Got block deletion ACK from datanode, TXIDs=49, success=true
2021-08-14 14:05:29,699 [EventQueue-DeleteBlockStatusForDeletedBlockLogImpl] DEBUG block.DeletedBlockLogImpl (DeletedBlockLogImpl.java:commitTransactions(224)) - Transaction txId=49 commit by dnId=41bdc6fc-f730-460f-b2d8-92157d986a72 for containerID=#49 failed. Corresponding entry not found.
2021-08-14 14:05:29,699 [EventQueue-DeleteBlockStatusForDeletedBlockLogImpl] DEBUG block.DeletedBlockLogImpl (DeletedBlockLogImpl.java:isTransactionFailed(278)) - Got block deletion ACK from datanode, TXIDs=50, success=true
2021-08-14 14:05:29,699 [EventQueue-DeleteBlockStatusForDeletedBlockLogImpl] DEBUG block.DeletedBlockLogImpl (DeletedBlockLogImpl.java:commitTransactions(224)) - Transaction txId=50 commit by dnId=41bdc6fc-f730-460f-b2d8-92157d986a72 for containerID=#50 failed. Corresponding entry not found.
2021-08-14 14:05:29,699 [EventQueue-DeleteBlockStatusForDeletedBlockLogImpl] DEBUG block.DeletedBlockLogImpl (DeletedBlockLogImpl.java:isTransactionFailed(278)) - Got block deletion ACK from datanode, TXIDs=51, success=true
2021-08-14 14:05:29,699 [EventQueue-DeleteBlockStatusForDeletedBlockLogImpl] DEBUG block.DeletedBlockLogImpl (DeletedBlockLogImpl.java:commitTransactions(224)) - Transaction txId=51 commit by dnId=41bdc6fc-f730-460f-b2d8-92157d986a72 for containerID=#51 failed. Corresponding entry not found.
2021-08-14 14:05:29,699 [EventQueue-DeleteBlockStatusForDeletedBlockLogImpl] DEBUG block.DeletedBlockLogImpl (DeletedBlockLogImpl.java:isTransactionFailed(278)) - Got block deletion ACK from datanode, TXIDs=52, success=true
2021-08-14 14:05:29,699 [EventQueue-DeleteBlockStatusForDeletedBlockLogImpl] DEBUG block.DeletedBlockLogImpl (DeletedBlockLogImpl.java:commitTransactions(224)) - Transaction txId=52 commit by dnId=41bdc6fc-f730-460f-b2d8-92157d986a72 for containerID=#52 failed. Corresponding entry not found.
2021-08-14 14:05:29,699 [EventQueue-DeleteBlockStatusForDeletedBlockLogImpl] DEBUG block.DeletedBlockLogImpl (DeletedBlockLogImpl.java:isTransactionFailed(278)) - Got block deletion ACK from datanode, TXIDs=53, success=true
2021-08-14 14:05:29,699 [EventQueue-DeleteBlockStatusForDeletedBlockLogImpl] DEBUG block.DeletedBlockLogImpl (DeletedBlockLogImpl.java:commitTransactions(224)) - Transaction txId=53 commit by dnId=41bdc6fc-f730-460f-b2d8-92157d986a72 for containerID=#53 failed. Corresponding entry not found.
2021-08-14 14:05:29,699 [EventQueue-DeleteBlockStatusForDeletedBlockLogImpl] DEBUG block.DeletedBlockLogImpl (DeletedBlockLogImpl.java:isTransactionFailed(278)) - Got block deletion ACK from datanode, TXIDs=54, success=true
2021-08-14 14:05:29,699 [EventQueue-DeleteBlockStatusForDeletedBlockLogImpl] DEBUG block.DeletedBlockLogImpl (DeletedBlockLogImpl.java:commitTransactions(224)) - Transaction txId=54 commit by dnId=41bdc6fc-f730-460f-b2d8-92157d986a72 for containerID=#54 failed. Corresponding entry not found.
2021-08-14 14:05:29,699 [EventQueue-DeleteBlockStatusForDeletedBlockLogImpl] DEBUG block.DeletedBlockLogImpl (DeletedBlockLogImpl.java:isTransactionFailed(278)) - Got block deletion ACK from datanode, TXIDs=55, success=true
2021-08-14 14:05:29,699 [EventQueue-DeleteBlockStatusForDeletedBlockLogImpl] DEBUG block.DeletedBlockLogImpl (DeletedBlockLogImpl.java:commitTransactions(224)) - Transaction txId=55 commit by dnId=41bdc6fc-f730-460f-b2d8-92157d986a72 for containerID=#55 failed. Corresponding entry not found.
2021-08-14 14:05:29,699 [EventQueue-DeleteBlockStatusForDeletedBlockLogImpl] DEBUG block.DeletedBlockLogImpl (DeletedBlockLogImpl.java:isTransactionFailed(278)) - Got block deletion ACK from datanode, TXIDs=56, success=true
2021-08-14 14:05:29,699 [EventQueue-DeleteBlockStatusForDeletedBlockLogImpl] DEBUG block.DeletedBlockLogImpl (DeletedBlockLogImpl.java:commitTransactions(224)) - Transaction txId=56 commit by dnId=41bdc6fc-f730-460f-b2d8-92157d986a72 for containerID=#56 failed. Corresponding entry not found.
2021-08-14 14:05:29,699 [EventQueue-DeleteBlockStatusForDeletedBlockLogImpl] DEBUG block.DeletedBlockLogImpl (DeletedBlockLogImpl.java:isTransactionFailed(278)) - Got block deletion ACK from datanode, TXIDs=1, success=true
2021-08-14 14:05:29,699 [EventQueue-DeleteBlockStatusForDeletedBlockLogImpl] DEBUG block.DeletedBlockLogImpl (DeletedBlockLogImpl.java:commitTransactions(224)) - Transaction txId=1 commit by dnId=41bdc6fc-f730-460f-b2d8-92157d986a72 for containerID=#1 failed. Corresponding entry not found.
2021-08-14 14:05:29,699 [EventQueue-DeleteBlockStatusForDeletedBlockLogImpl] DEBUG block.DeletedBlockLogImpl (DeletedBlockLogImpl.java:isTransactionFailed(278)) - Got block deletion ACK from datanode, TXIDs=2, success=true
2021-08-14 14:05:29,699 [EventQueue-DeleteBlockStatusForDeletedBlockLogImpl] DEBUG block.DeletedBlockLogImpl (DeletedBlockLogImpl.java:commitTransactions(224)) - Transaction txId=2 commit by dnId=41bdc6fc-f730-460f-b2d8-92157d986a72 for containerID=#2 failed. Corresponding entry not found.
2021-08-14 14:05:29,700 [EventQueue-DeleteBlockStatusForDeletedBlockLogImpl] DEBUG block.DeletedBlockLogImpl (DeletedBlockLogImpl.java:isTransactionFailed(278)) - Got block deletion ACK from datanode, TXIDs=3, success=true
2021-08-14 14:05:29,700 [EventQueue-DeleteBlockStatusForDeletedBlockLogImpl] DEBUG block.DeletedBlockLogImpl (DeletedBlockLogImpl.java:commitTransactions(224)) - Transaction txId=3 commit by dnId=41bdc6fc-f730-460f-b2d8-92157d986a72 for containerID=#3 failed. Corresponding entry not found.
2021-08-14 14:05:29,700 [EventQueue-DeleteBlockStatusForDeletedBlockLogImpl] DEBUG block.DeletedBlockLogImpl (DeletedBlockLogImpl.java:isTransactionFailed(278)) - Got block deletion ACK from datanode, TXIDs=4, success=true
2021-08-14 14:05:29,700 [EventQueue-DeleteBlockStatusForDeletedBlockLogImpl] DEBUG block.DeletedBlockLogImpl (DeletedBlockLogImpl.java:commitTransactions(224)) - Transaction txId=4 commit by dnId=41bdc6fc-f730-460f-b2d8-92157d986a72 for containerID=#4 failed. Corresponding entry not found.
2021-08-14 14:05:29,700 [EventQueue-DeleteBlockStatusForDeletedBlockLogImpl] DEBUG block.DeletedBlockLogImpl (DeletedBlockLogImpl.java:isTransactionFailed(278)) - Got block deletion ACK from datanode, TXIDs=5, success=true
2021-08-14 14:05:29,700 [EventQueue-DeleteBlockStatusForDeletedBlockLogImpl] DEBUG block.DeletedBlockLogImpl (DeletedBlockLogImpl.java:commitTransactions(224)) - Transaction txId=5 commit by dnId=41bdc6fc-f730-460f-b2d8-92157d986a72 for containerID=#5 failed. Corresponding entry not found.
2021-08-14 14:05:29,700 [EventQueue-DeleteBlockStatusForDeletedBlockLogImpl] DEBUG block.DeletedBlockLogImpl (DeletedBlockLogImpl.java:isTransactionFailed(278)) - Got block deletion ACK from datanode, TXIDs=6, success=true
2021-08-14 14:05:29,700 [EventQueue-DeleteBlockStatusForDeletedBlockLogImpl] DEBUG block.DeletedBlockLogImpl (DeletedBlockLogImpl.java:commitTransactions(224)) - Transaction txId=6 commit by dnId=41bdc6fc-f730-460f-b2d8-92157d986a72 for containerID=#6 failed. Corresponding entry not found.
2021-08-14 14:05:29,700 [EventQueue-DeleteBlockStatusForDeletedBlockLogImpl] DEBUG block.DeletedBlockLogImpl (DeletedBlockLogImpl.java:isTransactionFailed(278)) - Got block deletion ACK from datanode, TXIDs=7, success=true
2021-08-14 14:05:29,700 [EventQueue-DeleteBlockStatusForDeletedBlockLogImpl] DEBUG block.DeletedBlockLogImpl (DeletedBlockLogImpl.java:commitTransactions(224)) - Transaction txId=7 commit by dnId=41bdc6fc-f730-460f-b2d8-92157d986a72 for containerID=#7 failed. Corresponding entry not found.
2021-08-14 14:05:29,700 [EventQueue-DeleteBlockStatusForDeletedBlockLogImpl] DEBUG block.DeletedBlockLogImpl (DeletedBlockLogImpl.java:isTransactionFailed(278)) - Got block deletion ACK from datanode, TXIDs=8, success=true
2021-08-14 14:05:29,700 [EventQueue-DeleteBlockStatusForDeletedBlockLogImpl] DEBUG block.DeletedBlockLogImpl (DeletedBlockLogImpl.java:commitTransactions(224)) - Transaction txId=8 commit by dnId=41bdc6fc-f730-460f-b2d8-92157d986a72 for containerID=#8 failed. Corresponding entry not found.
2021-08-14 14:05:29,700 [EventQueue-DeleteBlockStatusForDeletedBlockLogImpl] DEBUG block.DeletedBlockLogImpl (DeletedBlockLogImpl.java:isTransactionFailed(278)) - Got block deletion ACK from datanode, TXIDs=9, success=true
2021-08-14 14:05:29,700 [EventQueue-DeleteBlockStatusForDeletedBlockLogImpl] DEBUG block.DeletedBlockLogImpl (DeletedBlockLogImpl.java:commitTransactions(224)) - Transaction txId=9 commit by dnId=41bdc6fc-f730-460f-b2d8-92157d986a72 for containerID=#9 failed. Corresponding entry not found.
2021-08-14 14:05:29,700 [EventQueue-DeleteBlockStatusForDeletedBlockLogImpl] DEBUG block.DeletedBlockLogImpl (DeletedBlockLogImpl.java:isTransactionFailed(278)) - Got block deletion ACK from datanode, TXIDs=10, success=true
2021-08-14 14:05:29,700 [EventQueue-DeleteBlockStatusForDeletedBlockLogImpl] DEBUG block.DeletedBlockLogImpl (DeletedBlockLogImpl.java:commitTransactions(224)) - Transaction txId=10 commit by dnId=41bdc6fc-f730-460f-b2d8-92157d986a72 for containerID=#10 failed. Corresponding entry not found.
2021-08-14 14:05:29,700 [EventQueue-DeleteBlockStatusForDeletedBlockLogImpl] DEBUG block.DeletedBlockLogImpl (DeletedBlockLogImpl.java:isTransactionFailed(278)) - Got block deletion ACK from datanode, TXIDs=11, success=true
2021-08-14 14:05:29,700 [EventQueue-DeleteBlockStatusForDeletedBlockLogImpl] DEBUG block.DeletedBlockLogImpl (DeletedBlockLogImpl.java:commitTransactions(224)) - Transaction txId=11 commit by dnId=41bdc6fc-f730-460f-b2d8-92157d986a72 for containerID=#11 failed. Corresponding entry not found.
2021-08-14 14:05:29,700 [EventQueue-DeleteBlockStatusForDeletedBlockLogImpl] DEBUG block.DeletedBlockLogImpl (DeletedBlockLogImpl.java:isTransactionFailed(278)) - Got block deletion ACK from datanode, TXIDs=12, success=true
2021-08-14 14:05:29,700 [EventQueue-DeleteBlockStatusForDeletedBlockLogImpl] DEBUG block.DeletedBlockLogImpl (DeletedBlockLogImpl.java:commitTransactions(224)) - Transaction txId=12 commit by dnId=41bdc6fc-f730-460f-b2d8-92157d986a72 for containerID=#12 failed. Corresponding entry not found.
2021-08-14 14:05:29,700 [EventQueue-DeleteBlockStatusForDeletedBlockLogImpl] DEBUG block.DeletedBlockLogImpl (DeletedBlockLogImpl.java:isTransactionFailed(278)) - Got block deletion ACK from datanode, TXIDs=13, success=true
2021-08-14 14:05:29,700 [EventQueue-DeleteBlockStatusForDeletedBlockLogImpl] DEBUG block.DeletedBlockLogImpl (DeletedBlockLogImpl.java:commitTransactions(224)) - Transaction txId=13 commit by dnId=41bdc6fc-f730-460f-b2d8-92157d986a72 for containerID=#13 failed. Corresponding entry not found.
2021-08-14 14:05:29,700 [EventQueue-DeleteBlockStatusForDeletedBlockLogImpl] DEBUG block.DeletedBlockLogImpl (DeletedBlockLogImpl.java:isTransactionFailed(278)) - Got block deletion ACK from datanode, TXIDs=14, success=true
2021-08-14 14:05:29,700 [EventQueue-DeleteBlockStatusForDeletedBlockLogImpl] DEBUG block.DeletedBlockLogImpl (DeletedBlockLogImpl.java:commitTransactions(224)) - Transaction txId=14 commit by dnId=41bdc6fc-f730-460f-b2d8-92157d986a72 for containerID=#14 failed. Corresponding entry not found.
2021-08-14 14:05:29,700 [EventQueue-DeleteBlockStatusForDeletedBlockLogImpl] DEBUG block.DeletedBlockLogImpl (DeletedBlockLogImpl.java:isTransactionFailed(278)) - Got block deletion ACK from datanode, TXIDs=15, success=true
2021-08-14 14:05:29,700 [EventQueue-DeleteBlockStatusForDeletedBlockLogImpl] DEBUG block.DeletedBlockLogImpl (DeletedBlockLogImpl.java:commitTransactions(224)) - Transaction txId=15 commit by dnId=41bdc6fc-f730-460f-b2d8-92157d986a72 for containerID=#15 failed. Corresponding entry not found.
2021-08-14 14:05:29,700 [EventQueue-DeleteBlockStatusForDeletedBlockLogImpl] DEBUG block.DeletedBlockLogImpl (DeletedBlockLogImpl.java:isTransactionFailed(278)) - Got block deletion ACK from datanode, TXIDs=16, success=true
2021-08-14 14:05:29,700 [EventQueue-DeleteBlockStatusForDeletedBlockLogImpl] DEBUG block.DeletedBlockLogImpl (DeletedBlockLogImpl.java:commitTransactions(224)) - Transaction txId=16 commit by dnId=41bdc6fc-f730-460f-b2d8-92157d986a72 for containerID=#16 failed. Corresponding entry not found.
2021-08-14 14:05:29,700 [EventQueue-DeleteBlockStatusForDeletedBlockLogImpl] DEBUG block.DeletedBlockLogImpl (DeletedBlockLogImpl.java:isTransactionFailed(278)) - Got block deletion ACK from datanode, TXIDs=17, success=true
2021-08-14 14:05:29,700 [EventQueue-DeleteBlockStatusForDeletedBlockLogImpl] DEBUG block.DeletedBlockLogImpl (DeletedBlockLogImpl.java:commitTransactions(224)) - Transaction txId=17 commit by dnId=41bdc6fc-f730-460f-b2d8-92157d986a72 for containerID=#17 failed. Corresponding entry not found.
2021-08-14 14:05:29,700 [EventQueue-DeleteBlockStatusForDeletedBlockLogImpl] DEBUG block.DeletedBlockLogImpl (DeletedBlockLogImpl.java:isTransactionFailed(278)) - Got block deletion ACK from datanode, TXIDs=18, success=true
2021-08-14 14:05:29,700 [EventQueue-DeleteBlockStatusForDeletedBlockLogImpl] DEBUG block.DeletedBlockLogImpl (DeletedBlockLogImpl.java:commitTransactions(224)) - Transaction txId=18 commit by dnId=41bdc6fc-f730-460f-b2d8-92157d986a72 for containerID=#18 failed. Corresponding entry not found.
2021-08-14 14:05:29,700 [EventQueue-DeleteBlockStatusForDeletedBlockLogImpl] DEBUG block.DeletedBlockLogImpl (DeletedBlockLogImpl.java:isTransactionFailed(278)) - Got block deletion ACK from datanode, TXIDs=19, success=true
2021-08-14 14:05:29,700 [EventQueue-DeleteBlockStatusForDeletedBlockLogImpl] DEBUG block.DeletedBlockLogImpl (DeletedBlockLogImpl.java:commitTransactions(224)) - Transaction txId=19 commit by dnId=41bdc6fc-f730-460f-b2d8-92157d986a72 for containerID=#19 failed. Corresponding entry not found.
2021-08-14 14:05:29,700 [EventQueue-DeleteBlockStatusForDeletedBlockLogImpl] DEBUG block.DeletedBlockLogImpl (DeletedBlockLogImpl.java:isTransactionFailed(278)) - Got block deletion ACK from datanode, TXIDs=20, success=true
2021-08-14 14:05:29,700 [EventQueue-DeleteBlockStatusForDeletedBlockLogImpl] DEBUG block.DeletedBlockLogImpl (DeletedBlockLogImpl.java:commitTransactions(224)) - Transaction txId=20 commit by dnId=41bdc6fc-f730-460f-b2d8-92157d986a72 for containerID=#20 failed. Corresponding entry not found.
2021-08-14 14:05:29,700 [EventQueue-DeleteBlockStatusForDeletedBlockLogImpl] DEBUG block.DeletedBlockLogImpl (DeletedBlockLogImpl.java:isTransactionFailed(278)) - Got block deletion ACK from datanode, TXIDs=21, success=true
2021-08-14 14:05:29,700 [EventQueue-DeleteBlockStatusForDeletedBlockLogImpl] DEBUG block.DeletedBlockLogImpl (DeletedBlockLogImpl.java:commitTransactions(224)) - Transaction txId=21 commit by dnId=41bdc6fc-f730-460f-b2d8-92157d986a72 for containerID=#21 failed. Corresponding entry not found.
2021-08-14 14:05:29,701 [EventQueue-DeleteBlockStatusForDeletedBlockLogImpl] DEBUG block.DeletedBlockLogImpl (DeletedBlockLogImpl.java:isTransactionFailed(278)) - Got block deletion ACK from datanode, TXIDs=22, success=true
2021-08-14 14:05:29,701 [EventQueue-DeleteBlockStatusForDeletedBlockLogImpl] DEBUG block.DeletedBlockLogImpl (DeletedBlockLogImpl.java:commitTransactions(224)) - Transaction txId=22 commit by dnId=41bdc6fc-f730-460f-b2d8-92157d986a72 for containerID=#22 failed. Corresponding entry not found.
2021-08-14 14:05:29,701 [EventQueue-DeleteBlockStatusForDeletedBlockLogImpl] DEBUG block.DeletedBlockLogImpl (DeletedBlockLogImpl.java:isTransactionFailed(278)) - Got block deletion ACK from datanode, TXIDs=23, success=true
2021-08-14 14:05:29,701 [EventQueue-DeleteBlockStatusForDeletedBlockLogImpl] DEBUG block.DeletedBlockLogImpl (DeletedBlockLogImpl.java:commitTransactions(224)) - Transaction txId=23 commit by dnId=41bdc6fc-f730-460f-b2d8-92157d986a72 for containerID=#23 failed. Corresponding entry not found.
2021-08-14 14:05:29,701 [EventQueue-DeleteBlockStatusForDeletedBlockLogImpl] DEBUG block.DeletedBlockLogImpl (DeletedBlockLogImpl.java:isTransactionFailed(278)) - Got block deletion ACK from datanode, TXIDs=24, success=true
2021-08-14 14:05:29,701 [EventQueue-DeleteBlockStatusForDeletedBlockLogImpl] DEBUG block.DeletedBlockLogImpl (DeletedBlockLogImpl.java:commitTransactions(224)) - Transaction txId=24 commit by dnId=41bdc6fc-f730-460f-b2d8-92157d986a72 for containerID=#24 failed. Corresponding entry not found.
2021-08-14 14:05:29,701 [EventQueue-DeleteBlockStatusForDeletedBlockLogImpl] DEBUG block.DeletedBlockLogImpl (DeletedBlockLogImpl.java:isTransactionFailed(278)) - Got block deletion ACK from datanode, TXIDs=25, success=true
2021-08-14 14:05:29,701 [EventQueue-DeleteBlockStatusForDeletedBlockLogImpl] DEBUG block.DeletedBlockLogImpl (DeletedBlockLogImpl.java:commitTransactions(224)) - Transaction txId=25 commit by dnId=41bdc6fc-f730-460f-b2d8-92157d986a72 for containerID=#25 failed. Corresponding entry not found.
2021-08-14 14:05:29,701 [EventQueue-DeleteBlockStatusForDeletedBlockLogImpl] DEBUG block.DeletedBlockLogImpl (DeletedBlockLogImpl.java:isTransactionFailed(278)) - Got block deletion ACK from datanode, TXIDs=26, success=true
2021-08-14 14:05:29,701 [EventQueue-DeleteBlockStatusForDeletedBlockLogImpl] DEBUG block.DeletedBlockLogImpl (DeletedBlockLogImpl.java:commitTransactions(224)) - Transaction txId=26 commit by dnId=41bdc6fc-f730-460f-b2d8-92157d986a72 for containerID=#26 failed. Corresponding entry not found.
2021-08-14 14:05:29,701 [EventQueue-DeleteBlockStatusForDeletedBlockLogImpl] DEBUG block.DeletedBlockLogImpl (DeletedBlockLogImpl.java:isTransactionFailed(278)) - Got block deletion ACK from datanode, TXIDs=27, success=true
2021-08-14 14:05:29,701 [EventQueue-DeleteBlockStatusForDeletedBlockLogImpl] DEBUG block.DeletedBlockLogImpl (DeletedBlockLogImpl.java:commitTransactions(224)) - Transaction txId=27 commit by dnId=41bdc6fc-f730-460f-b2d8-92157d986a72 for containerID=#27 failed. Corresponding entry not found.
2021-08-14 14:05:29,701 [EventQueue-DeleteBlockStatusForDeletedBlockLogImpl] DEBUG block.DeletedBlockLogImpl (DeletedBlockLogImpl.java:isTransactionFailed(278)) - Got block deletion ACK from datanode, TXIDs=28, success=true
2021-08-14 14:05:29,701 [EventQueue-DeleteBlockStatusForDeletedBlockLogImpl] DEBUG block.DeletedBlockLogImpl (DeletedBlockLogImpl.java:commitTransactions(224)) - Transaction txId=28 commit by dnId=41bdc6fc-f730-460f-b2d8-92157d986a72 for containerID=#28 failed. Corresponding entry not found.
2021-08-14 14:05:29,701 [EventQueue-DeleteBlockStatusForDeletedBlockLogImpl] DEBUG block.DeletedBlockLogImpl (DeletedBlockLogImpl.java:isTransactionFailed(278)) - Got block deletion ACK from datanode, TXIDs=29, success=true
2021-08-14 14:05:29,701 [EventQueue-DeleteBlockStatusForDeletedBlockLogImpl] DEBUG block.DeletedBlockLogImpl (DeletedBlockLogImpl.java:commitTransactions(224)) - Transaction txId=29 commit by dnId=41bdc6fc-f730-460f-b2d8-92157d986a72 for containerID=#29 failed. Corresponding entry not found.
2021-08-14 14:05:29,701 [EventQueue-DeleteBlockStatusForDeletedBlockLogImpl] DEBUG block.DeletedBlockLogImpl (DeletedBlockLogImpl.java:isTransactionFailed(278)) - Got block deletion ACK from datanode, TXIDs=30, success=true
2021-08-14 14:05:29,701 [EventQueue-DeleteBlockStatusForDeletedBlockLogImpl] DEBUG block.DeletedBlockLogImpl (DeletedBlockLogImpl.java:commitTransactions(224)) - Transaction txId=30 commit by dnId=41bdc6fc-f730-460f-b2d8-92157d986a72 for containerID=#30 failed. Corresponding entry not found.
2021-08-14 14:05:29,701 [EventQueue-DeleteBlockStatusForDeletedBlockLogImpl] DEBUG block.DeletedBlockLogImpl (DeletedBlockLogImpl.java:isTransactionFailed(278)) - Got block deletion ACK from datanode, TXIDs=31, success=true
2021-08-14 14:05:29,701 [EventQueue-DeleteBlockStatusForDeletedBlockLogImpl] DEBUG block.DeletedBlockLogImpl (DeletedBlockLogImpl.java:commitTransactions(224)) - Transaction txId=31 commit by dnId=41bdc6fc-f730-460f-b2d8-92157d986a72 for containerID=#31 failed. Corresponding entry not found.
2021-08-14 14:05:29,701 [EventQueue-DeleteBlockStatusForDeletedBlockLogImpl] DEBUG block.DeletedBlockLogImpl (DeletedBlockLogImpl.java:isTransactionFailed(278)) - Got block deletion ACK from datanode, TXIDs=32, success=true
2021-08-14 14:05:29,701 [EventQueue-DeleteBlockStatusForDeletedBlockLogImpl] DEBUG block.DeletedBlockLogImpl (DeletedBlockLogImpl.java:commitTransactions(224)) - Transaction txId=32 commit by dnId=41bdc6fc-f730-460f-b2d8-92157d986a72 for containerID=#32 failed. Corresponding entry not found.
2021-08-14 14:05:29,701 [EventQueue-DeleteBlockStatusForDeletedBlockLogImpl] DEBUG block.DeletedBlockLogImpl (DeletedBlockLogImpl.java:isTransactionFailed(278)) - Got block deletion ACK from datanode, TXIDs=33, success=true
2021-08-14 14:05:29,701 [EventQueue-DeleteBlockStatusForDeletedBlockLogImpl] DEBUG block.DeletedBlockLogImpl (DeletedBlockLogImpl.java:commitTransactions(224)) - Transaction txId=33 commit by dnId=41bdc6fc-f730-460f-b2d8-92157d986a72 for containerID=#33 failed. Corresponding entry not found.
2021-08-14 14:05:29,701 [EventQueue-DeleteBlockStatusForDeletedBlockLogImpl] DEBUG block.DeletedBlockLogImpl (DeletedBlockLogImpl.java:isTransactionFailed(278)) - Got block deletion ACK from datanode, TXIDs=34, success=true
2021-08-14 14:05:29,701 [EventQueue-DeleteBlockStatusForDeletedBlockLogImpl] DEBUG block.DeletedBlockLogImpl (DeletedBlockLogImpl.java:commitTransactions(224)) - Transaction txId=34 commit by dnId=41bdc6fc-f730-460f-b2d8-92157d986a72 for containerID=#34 failed. Corresponding entry not found.
2021-08-14 14:05:29,709 [EventQueue-DeleteBlockStatusForDeletedBlockLogImpl] DEBUG block.DeletedBlockLogImpl (DeletedBlockLogImpl.java:isTransactionFailed(278)) - Got block deletion ACK from datanode, TXIDs=35, success=true
2021-08-14 14:05:29,709 [EventQueue-DeleteBlockStatusForDeletedBlockLogImpl] DEBUG block.DeletedBlockLogImpl (DeletedBlockLogImpl.java:commitTransactions(224)) - Transaction txId=35 commit by dnId=41bdc6fc-f730-460f-b2d8-92157d986a72 for containerID=#35 failed. Corresponding entry not found.
2021-08-14 14:05:29,709 [EventQueue-DeleteBlockStatusForDeletedBlockLogImpl] DEBUG block.DeletedBlockLogImpl (DeletedBlockLogImpl.java:isTransactionFailed(278)) - Got block deletion ACK from datanode, TXIDs=36, success=true
2021-08-14 14:05:29,710 [EventQueue-DeleteBlockStatusForDeletedBlockLogImpl] DEBUG block.DeletedBlockLogImpl (DeletedBlockLogImpl.java:commitTransactions(224)) - Transaction txId=36 commit by dnId=41bdc6fc-f730-460f-b2d8-92157d986a72 for containerID=#36 failed. Corresponding entry not found.
2021-08-14 14:05:29,710 [EventQueue-DeleteBlockStatusForDeletedBlockLogImpl] DEBUG block.DeletedBlockLogImpl (DeletedBlockLogImpl.java:isTransactionFailed(278)) - Got block deletion ACK from datanode, TXIDs=37, success=true
2021-08-14 14:05:29,710 [EventQueue-DeleteBlockStatusForDeletedBlockLogImpl] DEBUG block.DeletedBlockLogImpl (DeletedBlockLogImpl.java:commitTransactions(224)) - Transaction txId=37 commit by dnId=41bdc6fc-f730-460f-b2d8-92157d986a72 for containerID=#37 failed. Corresponding entry not found.
2021-08-14 14:05:29,710 [EventQueue-DeleteBlockStatusForDeletedBlockLogImpl] DEBUG block.DeletedBlockLogImpl (DeletedBlockLogImpl.java:isTransactionFailed(278)) - Got block deletion ACK from datanode, TXIDs=38, success=true
2021-08-14 14:05:29,710 [EventQueue-DeleteBlockStatusForDeletedBlockLogImpl] DEBUG block.DeletedBlockLogImpl (DeletedBlockLogImpl.java:commitTransactions(224)) - Transaction txId=38 commit by dnId=41bdc6fc-f730-460f-b2d8-92157d986a72 for containerID=#38 failed. Corresponding entry not found.
2021-08-14 14:05:29,710 [EventQueue-DeleteBlockStatusForDeletedBlockLogImpl] DEBUG block.DeletedBlockLogImpl (DeletedBlockLogImpl.java:isTransactionFailed(278)) - Got block deletion ACK from datanode, TXIDs=39, success=true
2021-08-14 14:05:29,710 [EventQueue-DeleteBlockStatusForDeletedBlockLogImpl] DEBUG block.DeletedBlockLogImpl (DeletedBlockLogImpl.java:commitTransactions(224)) - Transaction txId=39 commit by dnId=41bdc6fc-f730-460f-b2d8-92157d986a72 for containerID=#39 failed. Corresponding entry not found.
2021-08-14 14:05:29,710 [EventQueue-DeleteBlockStatusForDeletedBlockLogImpl] DEBUG block.DeletedBlockLogImpl (DeletedBlockLogImpl.java:isTransactionFailed(278)) - Got block deletion ACK from datanode, TXIDs=40, success=true
2021-08-14 14:05:29,710 [EventQueue-DeleteBlockStatusForDeletedBlockLogImpl] DEBUG block.DeletedBlockLogImpl (DeletedBlockLogImpl.java:commitTransactions(224)) - Transaction txId=40 commit by dnId=41bdc6fc-f730-460f-b2d8-92157d986a72 for containerID=#40 failed. Corresponding entry not found.
2021-08-14 14:05:29,710 [EventQueue-DeleteBlockStatusForDeletedBlockLogImpl] DEBUG block.DeletedBlockLogImpl (DeletedBlockLogImpl.java:isTransactionFailed(278)) - Got block deletion ACK from datanode, TXIDs=41, success=true
2021-08-14 14:05:29,710 [EventQueue-DeleteBlockStatusForDeletedBlockLogImpl] DEBUG block.DeletedBlockLogImpl (DeletedBlockLogImpl.java:commitTransactions(224)) - Transaction txId=41 commit by dnId=41bdc6fc-f730-460f-b2d8-92157d986a72 for containerID=#41 failed. Corresponding entry not found.
2021-08-14 14:05:29,710 [EventQueue-DeleteBlockStatusForDeletedBlockLogImpl] DEBUG block.DeletedBlockLogImpl (DeletedBlockLogImpl.java:isTransactionFailed(278)) - Got block deletion ACK from datanode, TXIDs=42, success=true
2021-08-14 14:05:29,710 [EventQueue-DeleteBlockStatusForDeletedBlockLogImpl] DEBUG block.DeletedBlockLogImpl (DeletedBlockLogImpl.java:commitTransactions(224)) - Transaction txId=42 commit by dnId=41bdc6fc-f730-460f-b2d8-92157d986a72 for containerID=#42 failed. Corresponding entry not found.
2021-08-14 14:05:29,710 [EventQueue-DeleteBlockStatusForDeletedBlockLogImpl] DEBUG block.DeletedBlockLogImpl (DeletedBlockLogImpl.java:isTransactionFailed(278)) - Got block deletion ACK from datanode, TXIDs=43, success=true
2021-08-14 14:05:29,710 [EventQueue-DeleteBlockStatusForDeletedBlockLogImpl] DEBUG block.DeletedBlockLogImpl (DeletedBlockLogImpl.java:commitTransactions(224)) - Transaction txId=43 commit by dnId=41bdc6fc-f730-460f-b2d8-92157d986a72 for containerID=#43 failed. Corresponding entry not found.
2021-08-14 14:05:29,710 [EventQueue-DeleteBlockStatusForDeletedBlockLogImpl] DEBUG block.DeletedBlockLogImpl (DeletedBlockLogImpl.java:isTransactionFailed(278)) - Got block deletion ACK from datanode, TXIDs=44, success=true
2021-08-14 14:05:29,710 [EventQueue-DeleteBlockStatusForDeletedBlockLogImpl] DEBUG block.DeletedBlockLogImpl (DeletedBlockLogImpl.java:commitTransactions(224)) - Transaction txId=44 commit by dnId=41bdc6fc-f730-460f-b2d8-92157d986a72 for containerID=#44 failed. Corresponding entry not found.
2021-08-14 14:05:29,710 [EventQueue-DeleteBlockStatusForDeletedBlockLogImpl] DEBUG block.DeletedBlockLogImpl (DeletedBlockLogImpl.java:isTransactionFailed(278)) - Got block deletion ACK from datanode, TXIDs=45, success=true
2021-08-14 14:05:29,710 [EventQueue-DeleteBlockStatusForDeletedBlockLogImpl] DEBUG block.DeletedBlockLogImpl (DeletedBlockLogImpl.java:commitTransactions(224)) - Transaction txId=45 commit by dnId=41bdc6fc-f730-460f-b2d8-92157d986a72 for containerID=#45 failed. Corresponding entry not found.
2021-08-14 14:05:29,710 [EventQueue-DeleteBlockStatusForDeletedBlockLogImpl] DEBUG block.DeletedBlockLogImpl (DeletedBlockLogImpl.java:isTransactionFailed(278)) - Got block deletion ACK from datanode, TXIDs=46, success=true
2021-08-14 14:05:29,710 [EventQueue-DeleteBlockStatusForDeletedBlockLogImpl] DEBUG block.DeletedBlockLogImpl (DeletedBlockLogImpl.java:commitTransactions(224)) - Transaction txId=46 commit by dnId=41bdc6fc-f730-460f-b2d8-92157d986a72 for containerID=#46 failed. Corresponding entry not found.
2021-08-14 14:05:29,725 [EventQueue-DeleteBlockStatusForDeletedBlockLogImpl] DEBUG block.DeletedBlockLogImpl (DeletedBlockLogImpl.java:isTransactionFailed(278)) - Got block deletion ACK from datanode, TXIDs=47, success=true
2021-08-14 14:05:29,726 [EventQueue-DeleteBlockStatusForDeletedBlockLogImpl] DEBUG block.DeletedBlockLogImpl (DeletedBlockLogImpl.java:commitTransactions(224)) - Transaction txId=47 commit by dnId=41bdc6fc-f730-460f-b2d8-92157d986a72 for containerID=#47 failed. Corresponding entry not found.
2021-08-14 14:05:29,726 [EventQueue-DeleteBlockStatusForDeletedBlockLogImpl] DEBUG block.DeletedBlockLogImpl (DeletedBlockLogImpl.java:isTransactionFailed(278)) - Got block deletion ACK from datanode, TXIDs=48, success=true
2021-08-14 14:05:29,726 [EventQueue-DeleteBlockStatusForDeletedBlockLogImpl] DEBUG block.DeletedBlockLogImpl (DeletedBlockLogImpl.java:commitTransactions(224)) - Transaction txId=48 commit by dnId=41bdc6fc-f730-460f-b2d8-92157d986a72 for containerID=#48 failed. Corresponding entry not found.
2021-08-14 14:05:29,726 [EventQueue-DeleteBlockStatusForDeletedBlockLogImpl] DEBUG block.DeletedBlockLogImpl (DeletedBlockLogImpl.java:isTransactionFailed(278)) - Got block deletion ACK from datanode, TXIDs=49, success=true
2021-08-14 14:05:29,726 [EventQueue-DeleteBlockStatusForDeletedBlockLogImpl] DEBUG block.DeletedBlockLogImpl (DeletedBlockLogImpl.java:commitTransactions(224)) - Transaction txId=49 commit by dnId=41bdc6fc-f730-460f-b2d8-92157d986a72 for containerID=#49 failed. Corresponding entry not found.
2021-08-14 14:05:29,726 [EventQueue-DeleteBlockStatusForDeletedBlockLogImpl] DEBUG block.DeletedBlockLogImpl (DeletedBlockLogImpl.java:isTransactionFailed(278)) - Got block deletion ACK from datanode, TXIDs=50, success=true
2021-08-14 14:05:29,726 [EventQueue-DeleteBlockStatusForDeletedBlockLogImpl] DEBUG block.DeletedBlockLogImpl (DeletedBlockLogImpl.java:commitTransactions(224)) - Transaction txId=50 commit by dnId=41bdc6fc-f730-460f-b2d8-92157d986a72 for containerID=#50 failed. Corresponding entry not found.
2021-08-14 14:05:29,726 [EventQueue-DeleteBlockStatusForDeletedBlockLogImpl] DEBUG block.DeletedBlockLogImpl (DeletedBlockLogImpl.java:isTransactionFailed(278)) - Got block deletion ACK from datanode, TXIDs=51, success=true
2021-08-14 14:05:29,726 [EventQueue-DeleteBlockStatusForDeletedBlockLogImpl] DEBUG block.DeletedBlockLogImpl (DeletedBlockLogImpl.java:commitTransactions(224)) - Transaction txId=51 commit by dnId=41bdc6fc-f730-460f-b2d8-92157d986a72 for containerID=#51 failed. Corresponding entry not found.
2021-08-14 14:05:29,726 [EventQueue-DeleteBlockStatusForDeletedBlockLogImpl] DEBUG block.DeletedBlockLogImpl (DeletedBlockLogImpl.java:isTransactionFailed(278)) - Got block deletion ACK from datanode, TXIDs=52, success=true
2021-08-14 14:05:29,726 [EventQueue-DeleteBlockStatusForDeletedBlockLogImpl] DEBUG block.DeletedBlockLogImpl (DeletedBlockLogImpl.java:commitTransactions(224)) - Transaction txId=52 commit by dnId=41bdc6fc-f730-460f-b2d8-92157d986a72 for containerID=#52 failed. Corresponding entry not found.
2021-08-14 14:05:29,726 [EventQueue-DeleteBlockStatusForDeletedBlockLogImpl] DEBUG block.DeletedBlockLogImpl (DeletedBlockLogImpl.java:isTransactionFailed(278)) - Got block deletion ACK from datanode, TXIDs=53, success=true
2021-08-14 14:05:29,726 [EventQueue-DeleteBlockStatusForDeletedBlockLogImpl] DEBUG block.DeletedBlockLogImpl (DeletedBlockLogImpl.java:commitTransactions(224)) - Transaction txId=53 commit by dnId=41bdc6fc-f730-460f-b2d8-92157d986a72 for containerID=#53 failed. Corresponding entry not found.
2021-08-14 14:05:29,726 [EventQueue-DeleteBlockStatusForDeletedBlockLogImpl] DEBUG block.DeletedBlockLogImpl (DeletedBlockLogImpl.java:isTransactionFailed(278)) - Got block deletion ACK from datanode, TXIDs=54, success=true
2021-08-14 14:05:29,726 [EventQueue-DeleteBlockStatusForDeletedBlockLogImpl] DEBUG block.DeletedBlockLogImpl (DeletedBlockLogImpl.java:commitTransactions(224)) - Transaction txId=54 commit by dnId=41bdc6fc-f730-460f-b2d8-92157d986a72 for containerID=#54 failed. Corresponding entry not found.
2021-08-14 14:05:29,726 [EventQueue-DeleteBlockStatusForDeletedBlockLogImpl] DEBUG block.DeletedBlockLogImpl (DeletedBlockLogImpl.java:isTransactionFailed(278)) - Got block deletion ACK from datanode, TXIDs=55, success=true
2021-08-14 14:05:29,726 [EventQueue-DeleteBlockStatusForDeletedBlockLogImpl] DEBUG block.DeletedBlockLogImpl (DeletedBlockLogImpl.java:commitTransactions(224)) - Transaction txId=55 commit by dnId=41bdc6fc-f730-460f-b2d8-92157d986a72 for containerID=#55 failed. Corresponding entry not found.
2021-08-14 14:05:29,726 [EventQueue-DeleteBlockStatusForDeletedBlockLogImpl] DEBUG block.DeletedBlockLogImpl (DeletedBlockLogImpl.java:isTransactionFailed(278)) - Got block deletion ACK from datanode, TXIDs=56, success=true
2021-08-14 14:05:29,726 [EventQueue-DeleteBlockStatusForDeletedBlockLogImpl] DEBUG block.DeletedBlockLogImpl (DeletedBlockLogImpl.java:commitTransactions(224)) - Transaction txId=56 commit by dnId=41bdc6fc-f730-460f-b2d8-92157d986a72 for containerID=#56 failed. Corresponding entry not found.
2021-08-14 14:05:29,726 [EventQueue-DeleteBlockStatusForDeletedBlockLogImpl] DEBUG block.DeletedBlockLogImpl (DeletedBlockLogImpl.java:isTransactionFailed(278)) - Got block deletion ACK from datanode, TXIDs=1, success=true
2021-08-14 14:05:29,726 [EventQueue-DeleteBlockStatusForDeletedBlockLogImpl] DEBUG block.DeletedBlockLogImpl (DeletedBlockLogImpl.java:commitTransactions(224)) - Transaction txId=1 commit by dnId=41bdc6fc-f730-460f-b2d8-92157d986a72 for containerID=#1 failed. Corresponding entry not found.
2021-08-14 14:05:29,726 [EventQueue-DeleteBlockStatusForDeletedBlockLogImpl] DEBUG block.DeletedBlockLogImpl (DeletedBlockLogImpl.java:isTransactionFailed(278)) - Got block deletion ACK from datanode, TXIDs=2, success=true
2021-08-14 14:05:29,726 [EventQueue-DeleteBlockStatusForDeletedBlockLogImpl] DEBUG block.DeletedBlockLogImpl (DeletedBlockLogImpl.java:commitTransactions(224)) - Transaction txId=2 commit by dnId=41bdc6fc-f730-460f-b2d8-92157d986a72 for containerID=#2 failed. Corresponding entry not found.
2021-08-14 14:05:29,726 [EventQueue-DeleteBlockStatusForDeletedBlockLogImpl] DEBUG block.DeletedBlockLogImpl (DeletedBlockLogImpl.java:isTransactionFailed(278)) - Got block deletion ACK from datanode, TXIDs=3, success=true
2021-08-14 14:05:29,726 [EventQueue-DeleteBlockStatusForDeletedBlockLogImpl] DEBUG block.DeletedBlockLogImpl (DeletedBlockLogImpl.java:commitTransactions(224)) - Transaction txId=3 commit by dnId=41bdc6fc-f730-460f-b2d8-92157d986a72 for containerID=#3 failed. Corresponding entry not found.
2021-08-14 14:05:29,726 [EventQueue-DeleteBlockStatusForDeletedBlockLogImpl] DEBUG block.DeletedBlockLogImpl (DeletedBlockLogImpl.java:isTransactionFailed(278)) - Got block deletion ACK from datanode, TXIDs=4, success=true
2021-08-14 14:05:29,726 [EventQueue-DeleteBlockStatusForDeletedBlockLogImpl] DEBUG block.DeletedBlockLogImpl (DeletedBlockLogImpl.java:commitTransactions(224)) - Transaction txId=4 commit by dnId=41bdc6fc-f730-460f-b2d8-92157d986a72 for containerID=#4 failed. Corresponding entry not found.
2021-08-14 14:05:29,726 [EventQueue-DeleteBlockStatusForDeletedBlockLogImpl] DEBUG block.DeletedBlockLogImpl (DeletedBlockLogImpl.java:isTransactionFailed(278)) - Got block deletion ACK from datanode, TXIDs=5, success=true
2021-08-14 14:05:29,726 [EventQueue-DeleteBlockStatusForDeletedBlockLogImpl] DEBUG block.DeletedBlockLogImpl (DeletedBlockLogImpl.java:commitTransactions(224)) - Transaction txId=5 commit by dnId=41bdc6fc-f730-460f-b2d8-92157d986a72 for containerID=#5 failed. Corresponding entry not found.
2021-08-14 14:05:29,726 [EventQueue-DeleteBlockStatusForDeletedBlockLogImpl] DEBUG block.DeletedBlockLogImpl (DeletedBlockLogImpl.java:isTransactionFailed(278)) - Got block deletion ACK from datanode, TXIDs=6, success=true
2021-08-14 14:05:29,726 [EventQueue-DeleteBlockStatusForDeletedBlockLogImpl] DEBUG block.DeletedBlockLogImpl (DeletedBlockLogImpl.java:commitTransactions(224)) - Transaction txId=6 commit by dnId=41bdc6fc-f730-460f-b2d8-92157d986a72 for containerID=#6 failed. Corresponding entry not found.
2021-08-14 14:05:29,726 [EventQueue-DeleteBlockStatusForDeletedBlockLogImpl] DEBUG block.DeletedBlockLogImpl (DeletedBlockLogImpl.java:isTransactionFailed(278)) - Got block deletion ACK from datanode, TXIDs=7, success=true
2021-08-14 14:05:29,726 [EventQueue-DeleteBlockStatusForDeletedBlockLogImpl] DEBUG block.DeletedBlockLogImpl (DeletedBlockLogImpl.java:commitTransactions(224)) - Transaction txId=7 commit by dnId=41bdc6fc-f730-460f-b2d8-92157d986a72 for containerID=#7 failed. Corresponding entry not found.
2021-08-14 14:05:29,726 [EventQueue-DeleteBlockStatusForDeletedBlockLogImpl] DEBUG block.DeletedBlockLogImpl (DeletedBlockLogImpl.java:isTransactionFailed(278)) - Got block deletion ACK from datanode, TXIDs=8, success=true
2021-08-14 14:05:29,726 [EventQueue-DeleteBlockStatusForDeletedBlockLogImpl] DEBUG block.DeletedBlockLogImpl (DeletedBlockLogImpl.java:commitTransactions(224)) - Transaction txId=8 commit by dnId=41bdc6fc-f730-460f-b2d8-92157d986a72 for containerID=#8 failed. Corresponding entry not found.
2021-08-14 14:05:29,726 [EventQueue-DeleteBlockStatusForDeletedBlockLogImpl] DEBUG block.DeletedBlockLogImpl (DeletedBlockLogImpl.java:isTransactionFailed(278)) - Got block deletion ACK from datanode, TXIDs=9, success=true
2021-08-14 14:05:29,726 [EventQueue-DeleteBlockStatusForDeletedBlockLogImpl] DEBUG block.DeletedBlockLogImpl (DeletedBlockLogImpl.java:commitTransactions(224)) - Transaction txId=9 commit by dnId=41bdc6fc-f730-460f-b2d8-92157d986a72 for containerID=#9 failed. Corresponding entry not found.
2021-08-14 14:05:29,726 [EventQueue-DeleteBlockStatusForDeletedBlockLogImpl] DEBUG block.DeletedBlockLogImpl (DeletedBlockLogImpl.java:isTransactionFailed(278)) - Got block deletion ACK from datanode, TXIDs=10, success=true
2021-08-14 14:05:29,726 [EventQueue-DeleteBlockStatusForDeletedBlockLogImpl] DEBUG block.DeletedBlockLogImpl (DeletedBlockLogImpl.java:commitTransactions(224)) - Transaction txId=10 commit by dnId=41bdc6fc-f730-460f-b2d8-92157d986a72 for containerID=#10 failed. Corresponding entry not found.
2021-08-14 14:05:29,727 [EventQueue-DeleteBlockStatusForDeletedBlockLogImpl] DEBUG block.DeletedBlockLogImpl (DeletedBlockLogImpl.java:isTransactionFailed(278)) - Got block deletion ACK from datanode, TXIDs=11, success=true
2021-08-14 14:05:29,727 [EventQueue-DeleteBlockStatusForDeletedBlockLogImpl] DEBUG block.DeletedBlockLogImpl (DeletedBlockLogImpl.java:commitTransactions(224)) - Transaction txId=11 commit by dnId=41bdc6fc-f730-460f-b2d8-92157d986a72 for containerID=#11 failed. Corresponding entry not found.
2021-08-14 14:05:29,727 [EventQueue-DeleteBlockStatusForDeletedBlockLogImpl] DEBUG block.DeletedBlockLogImpl (DeletedBlockLogImpl.java:isTransactionFailed(278)) - Got block deletion ACK from datanode, TXIDs=12, success=true
2021-08-14 14:05:29,727 [EventQueue-DeleteBlockStatusForDeletedBlockLogImpl] DEBUG block.DeletedBlockLogImpl (DeletedBlockLogImpl.java:commitTransactions(224)) - Transaction txId=12 commit by dnId=41bdc6fc-f730-460f-b2d8-92157d986a72 for containerID=#12 failed. Corresponding entry not found.
2021-08-14 14:05:29,727 [EventQueue-DeleteBlockStatusForDeletedBlockLogImpl] DEBUG block.DeletedBlockLogImpl (DeletedBlockLogImpl.java:isTransactionFailed(278)) - Got block deletion ACK from datanode, TXIDs=13, success=true
2021-08-14 14:05:29,727 [EventQueue-DeleteBlockStatusForDeletedBlockLogImpl] DEBUG block.DeletedBlockLogImpl (DeletedBlockLogImpl.java:commitTransactions(224)) - Transaction txId=13 commit by dnId=41bdc6fc-f730-460f-b2d8-92157d986a72 for containerID=#13 failed. Corresponding entry not found.
2021-08-14 14:05:29,727 [EventQueue-DeleteBlockStatusForDeletedBlockLogImpl] DEBUG block.DeletedBlockLogImpl (DeletedBlockLogImpl.java:isTransactionFailed(278)) - Got block deletion ACK from datanode, TXIDs=14, success=true
2021-08-14 14:05:29,727 [EventQueue-DeleteBlockStatusForDeletedBlockLogImpl] DEBUG block.DeletedBlockLogImpl (DeletedBlockLogImpl.java:commitTransactions(224)) - Transaction txId=14 commit by dnId=41bdc6fc-f730-460f-b2d8-92157d986a72 for containerID=#14 failed. Corresponding entry not found.
2021-08-14 14:05:29,727 [EventQueue-DeleteBlockStatusForDeletedBlockLogImpl] DEBUG block.DeletedBlockLogImpl (DeletedBlockLogImpl.java:isTransactionFailed(278)) - Got block deletion ACK from datanode, TXIDs=15, success=true
2021-08-14 14:05:29,727 [EventQueue-DeleteBlockStatusForDeletedBlockLogImpl] DEBUG block.DeletedBlockLogImpl (DeletedBlockLogImpl.java:commitTransactions(224)) - Transaction txId=15 commit by dnId=41bdc6fc-f730-460f-b2d8-92157d986a72 for containerID=#15 failed. Corresponding entry not found.
2021-08-14 14:05:29,727 [EventQueue-DeleteBlockStatusForDeletedBlockLogImpl] DEBUG block.DeletedBlockLogImpl (DeletedBlockLogImpl.java:isTransactionFailed(278)) - Got block deletion ACK from datanode, TXIDs=16, success=true
2021-08-14 14:05:29,727 [EventQueue-DeleteBlockStatusForDeletedBlockLogImpl] DEBUG block.DeletedBlockLogImpl (DeletedBlockLogImpl.java:commitTransactions(224)) - Transaction txId=16 commit by dnId=41bdc6fc-f730-460f-b2d8-92157d986a72 for containerID=#16 failed. Corresponding entry not found.
2021-08-14 14:05:29,727 [EventQueue-DeleteBlockStatusForDeletedBlockLogImpl] DEBUG block.DeletedBlockLogImpl (DeletedBlockLogImpl.java:isTransactionFailed(278)) - Got block deletion ACK from datanode, TXIDs=17, success=true
2021-08-14 14:05:29,727 [EventQueue-DeleteBlockStatusForDeletedBlockLogImpl] DEBUG block.DeletedBlockLogImpl (DeletedBlockLogImpl.java:commitTransactions(224)) - Transaction txId=17 commit by dnId=41bdc6fc-f730-460f-b2d8-92157d986a72 for containerID=#17 failed. Corresponding entry not found.
2021-08-14 14:05:29,727 [EventQueue-DeleteBlockStatusForDeletedBlockLogImpl] DEBUG block.DeletedBlockLogImpl (DeletedBlockLogImpl.java:isTransactionFailed(278)) - Got block deletion ACK from datanode, TXIDs=18, success=true
2021-08-14 14:05:29,727 [EventQueue-DeleteBlockStatusForDeletedBlockLogImpl] DEBUG block.DeletedBlockLogImpl (DeletedBlockLogImpl.java:commitTransactions(224)) - Transaction txId=18 commit by dnId=41bdc6fc-f730-460f-b2d8-92157d986a72 for containerID=#18 failed. Corresponding entry not found.
2021-08-14 14:05:29,727 [EventQueue-DeleteBlockStatusForDeletedBlockLogImpl] DEBUG block.DeletedBlockLogImpl (DeletedBlockLogImpl.java:isTransactionFailed(278)) - Got block deletion ACK from datanode, TXIDs=19, success=true
2021-08-14 14:05:29,727 [EventQueue-DeleteBlockStatusForDeletedBlockLogImpl] DEBUG block.DeletedBlockLogImpl (DeletedBlockLogImpl.java:commitTransactions(224)) - Transaction txId=19 commit by dnId=41bdc6fc-f730-460f-b2d8-92157d986a72 for containerID=#19 failed. Corresponding entry not found.
2021-08-14 14:05:29,727 [EventQueue-DeleteBlockStatusForDeletedBlockLogImpl] DEBUG block.DeletedBlockLogImpl (DeletedBlockLogImpl.java:isTransactionFailed(278)) - Got block deletion ACK from datanode, TXIDs=20, success=true
2021-08-14 14:05:29,727 [EventQueue-DeleteBlockStatusForDeletedBlockLogImpl] DEBUG block.DeletedBlockLogImpl (DeletedBlockLogImpl.java:commitTransactions(224)) - Transaction txId=20 commit by dnId=41bdc6fc-f730-460f-b2d8-92157d986a72 for containerID=#20 failed. Corresponding entry not found.
2021-08-14 14:05:29,727 [EventQueue-DeleteBlockStatusForDeletedBlockLogImpl] DEBUG block.DeletedBlockLogImpl (DeletedBlockLogImpl.java:isTransactionFailed(278)) - Got block deletion ACK from datanode, TXIDs=21, success=true
2021-08-14 14:05:29,727 [EventQueue-DeleteBlockStatusForDeletedBlockLogImpl] DEBUG block.DeletedBlockLogImpl (DeletedBlockLogImpl.java:commitTransactions(224)) - Transaction txId=21 commit by dnId=41bdc6fc-f730-460f-b2d8-92157d986a72 for containerID=#21 failed. Corresponding entry not found.
2021-08-14 14:05:29,727 [EventQueue-DeleteBlockStatusForDeletedBlockLogImpl] DEBUG block.DeletedBlockLogImpl (DeletedBlockLogImpl.java:isTransactionFailed(278)) - Got block deletion ACK from datanode, TXIDs=22, success=true
2021-08-14 14:05:29,727 [EventQueue-DeleteBlockStatusForDeletedBlockLogImpl] DEBUG block.DeletedBlockLogImpl (DeletedBlockLogImpl.java:commitTransactions(224)) - Transaction txId=22 commit by dnId=41bdc6fc-f730-460f-b2d8-92157d986a72 for containerID=#22 failed. Corresponding entry not found.
2021-08-14 14:05:29,727 [EventQueue-DeleteBlockStatusForDeletedBlockLogImpl] DEBUG block.DeletedBlockLogImpl (DeletedBlockLogImpl.java:isTransactionFailed(278)) - Got block deletion ACK from datanode, TXIDs=23, success=true
2021-08-14 14:05:29,727 [EventQueue-DeleteBlockStatusForDeletedBlockLogImpl] DEBUG block.DeletedBlockLogImpl (DeletedBlockLogImpl.java:commitTransactions(224)) - Transaction txId=23 commit by dnId=41bdc6fc-f730-460f-b2d8-92157d986a72 for containerID=#23 failed. Corresponding entry not found.
2021-08-14 14:05:29,727 [EventQueue-DeleteBlockStatusForDeletedBlockLogImpl] DEBUG block.DeletedBlockLogImpl (DeletedBlockLogImpl.java:isTransactionFailed(278)) - Got block deletion ACK from datanode, TXIDs=24, success=true
2021-08-14 14:05:29,727 [EventQueue-DeleteBlockStatusForDeletedBlockLogImpl] DEBUG block.DeletedBlockLogImpl (DeletedBlockLogImpl.java:commitTransactions(224)) - Transaction txId=24 commit by dnId=41bdc6fc-f730-460f-b2d8-92157d986a72 for containerID=#24 failed. Corresponding entry not found.
2021-08-14 14:05:29,727 [EventQueue-DeleteBlockStatusForDeletedBlockLogImpl] DEBUG block.DeletedBlockLogImpl (DeletedBlockLogImpl.java:isTransactionFailed(278)) - Got block deletion ACK from datanode, TXIDs=25, success=true
2021-08-14 14:05:29,727 [EventQueue-DeleteBlockStatusForDeletedBlockLogImpl] DEBUG block.DeletedBlockLogImpl (DeletedBlockLogImpl.java:commitTransactions(224)) - Transaction txId=25 commit by dnId=41bdc6fc-f730-460f-b2d8-92157d986a72 for containerID=#25 failed. Corresponding entry not found.
2021-08-14 14:05:29,727 [EventQueue-DeleteBlockStatusForDeletedBlockLogImpl] DEBUG block.DeletedBlockLogImpl (DeletedBlockLogImpl.java:isTransactionFailed(278)) - Got block deletion ACK from datanode, TXIDs=26, success=true
2021-08-14 14:05:29,727 [EventQueue-DeleteBlockStatusForDeletedBlockLogImpl] DEBUG block.DeletedBlockLogImpl (DeletedBlockLogImpl.java:commitTransactions(224)) - Transaction txId=26 commit by dnId=41bdc6fc-f730-460f-b2d8-92157d986a72 for containerID=#26 failed. Corresponding entry not found.
2021-08-14 14:05:29,727 [EventQueue-DeleteBlockStatusForDeletedBlockLogImpl] DEBUG block.DeletedBlockLogImpl (DeletedBlockLogImpl.java:isTransactionFailed(278)) - Got block deletion ACK from datanode, TXIDs=27, success=true
2021-08-14 14:05:29,727 [EventQueue-DeleteBlockStatusForDeletedBlockLogImpl] DEBUG block.DeletedBlockLogImpl (DeletedBlockLogImpl.java:commitTransactions(224)) - Transaction txId=27 commit by dnId=41bdc6fc-f730-460f-b2d8-92157d986a72 for containerID=#27 failed. Corresponding entry not found.
2021-08-14 14:05:29,727 [EventQueue-DeleteBlockStatusForDeletedBlockLogImpl] DEBUG block.DeletedBlockLogImpl (DeletedBlockLogImpl.java:isTransactionFailed(278)) - Got block deletion ACK from datanode, TXIDs=28, success=true
2021-08-14 14:05:29,727 [EventQueue-DeleteBlockStatusForDeletedBlockLogImpl] DEBUG block.DeletedBlockLogImpl (DeletedBlockLogImpl.java:commitTransactions(224)) - Transaction txId=28 commit by dnId=41bdc6fc-f730-460f-b2d8-92157d986a72 for containerID=#28 failed. Corresponding entry not found.
2021-08-14 14:05:29,727 [EventQueue-DeleteBlockStatusForDeletedBlockLogImpl] DEBUG block.DeletedBlockLogImpl (DeletedBlockLogImpl.java:isTransactionFailed(278)) - Got block deletion ACK from datanode, TXIDs=29, success=true
2021-08-14 14:05:29,727 [EventQueue-DeleteBlockStatusForDeletedBlockLogImpl] DEBUG block.DeletedBlockLogImpl (DeletedBlockLogImpl.java:commitTransactions(224)) - Transaction txId=29 commit by dnId=41bdc6fc-f730-460f-b2d8-92157d986a72 for containerID=#29 failed. Corresponding entry not found.
2021-08-14 14:05:29,727 [EventQueue-DeleteBlockStatusForDeletedBlockLogImpl] DEBUG block.DeletedBlockLogImpl (DeletedBlockLogImpl.java:isTransactionFailed(278)) - Got block deletion ACK from datanode, TXIDs=30, success=true
2021-08-14 14:05:29,727 [EventQueue-DeleteBlockStatusForDeletedBlockLogImpl] DEBUG block.DeletedBlockLogImpl (DeletedBlockLogImpl.java:commitTransactions(224)) - Transaction txId=30 commit by dnId=41bdc6fc-f730-460f-b2d8-92157d986a72 for containerID=#30 failed. Corresponding entry not found.
2021-08-14 14:05:29,727 [EventQueue-DeleteBlockStatusForDeletedBlockLogImpl] DEBUG block.DeletedBlockLogImpl (DeletedBlockLogImpl.java:isTransactionFailed(278)) - Got block deletion ACK from datanode, TXIDs=31, success=true
2021-08-14 14:05:29,727 [EventQueue-DeleteBlockStatusForDeletedBlockLogImpl] DEBUG block.DeletedBlockLogImpl (DeletedBlockLogImpl.java:commitTransactions(224)) - Transaction txId=31 commit by dnId=41bdc6fc-f730-460f-b2d8-92157d986a72 for containerID=#31 failed. Corresponding entry not found.
2021-08-14 14:05:29,727 [EventQueue-DeleteBlockStatusForDeletedBlockLogImpl] DEBUG block.DeletedBlockLogImpl (DeletedBlockLogImpl.java:isTransactionFailed(278)) - Got block deletion ACK from datanode, TXIDs=32, success=true
2021-08-14 14:05:29,727 [EventQueue-DeleteBlockStatusForDeletedBlockLogImpl] DEBUG block.DeletedBlockLogImpl (DeletedBlockLogImpl.java:commitTransactions(224)) - Transaction txId=32 commit by dnId=41bdc6fc-f730-460f-b2d8-92157d986a72 for containerID=#32 failed. Corresponding entry not found.
2021-08-14 14:05:29,727 [EventQueue-DeleteBlockStatusForDeletedBlockLogImpl] DEBUG block.DeletedBlockLogImpl (DeletedBlockLogImpl.java:isTransactionFailed(278)) - Got block deletion ACK from datanode, TXIDs=33, success=true
2021-08-14 14:05:29,727 [EventQueue-DeleteBlockStatusForDeletedBlockLogImpl] DEBUG block.DeletedBlockLogImpl (DeletedBlockLogImpl.java:commitTransactions(224)) - Transaction txId=33 commit by dnId=41bdc6fc-f730-460f-b2d8-92157d986a72 for containerID=#33 failed. Corresponding entry not found.
2021-08-14 14:05:29,728 [EventQueue-DeleteBlockStatusForDeletedBlockLogImpl] DEBUG block.DeletedBlockLogImpl (DeletedBlockLogImpl.java:isTransactionFailed(278)) - Got block deletion ACK from datanode, TXIDs=34, success=true
2021-08-14 14:05:29,728 [EventQueue-DeleteBlockStatusForDeletedBlockLogImpl] DEBUG block.DeletedBlockLogImpl (DeletedBlockLogImpl.java:commitTransactions(224)) - Transaction txId=34 commit by dnId=41bdc6fc-f730-460f-b2d8-92157d986a72 for containerID=#34 failed. Corresponding entry not found.
2021-08-14 14:05:29,728 [EventQueue-DeleteBlockStatusForDeletedBlockLogImpl] DEBUG block.DeletedBlockLogImpl (DeletedBlockLogImpl.java:isTransactionFailed(278)) - Got block deletion ACK from datanode, TXIDs=35, success=true
2021-08-14 14:05:29,728 [EventQueue-DeleteBlockStatusForDeletedBlockLogImpl] DEBUG block.DeletedBlockLogImpl (DeletedBlockLogImpl.java:commitTransactions(224)) - Transaction txId=35 commit by dnId=41bdc6fc-f730-460f-b2d8-92157d986a72 for containerID=#35 failed. Corresponding entry not found.
2021-08-14 14:05:29,728 [EventQueue-DeleteBlockStatusForDeletedBlockLogImpl] DEBUG block.DeletedBlockLogImpl (DeletedBlockLogImpl.java:isTransactionFailed(278)) - Got block deletion ACK from datanode, TXIDs=36, success=true
2021-08-14 14:05:29,728 [EventQueue-DeleteBlockStatusForDeletedBlockLogImpl] DEBUG block.DeletedBlockLogImpl (DeletedBlockLogImpl.java:commitTransactions(224)) - Transaction txId=36 commit by dnId=41bdc6fc-f730-460f-b2d8-92157d986a72 for containerID=#36 failed. Corresponding entry not found.
2021-08-14 14:05:29,728 [EventQueue-DeleteBlockStatusForDeletedBlockLogImpl] DEBUG block.DeletedBlockLogImpl (DeletedBlockLogImpl.java:isTransactionFailed(278)) - Got block deletion ACK from datanode, TXIDs=37, success=true
2021-08-14 14:05:29,728 [EventQueue-DeleteBlockStatusForDeletedBlockLogImpl] DEBUG block.DeletedBlockLogImpl (DeletedBlockLogImpl.java:commitTransactions(224)) - Transaction txId=37 commit by dnId=41bdc6fc-f730-460f-b2d8-92157d986a72 for containerID=#37 failed. Corresponding entry not found.
2021-08-14 14:05:29,728 [EventQueue-DeleteBlockStatusForDeletedBlockLogImpl] DEBUG block.DeletedBlockLogImpl (DeletedBlockLogImpl.java:isTransactionFailed(278)) - Got block deletion ACK from datanode, TXIDs=38, success=true
2021-08-14 14:05:29,728 [EventQueue-DeleteBlockStatusForDeletedBlockLogImpl] DEBUG block.DeletedBlockLogImpl (DeletedBlockLogImpl.java:commitTransactions(224)) - Transaction txId=38 commit by dnId=41bdc6fc-f730-460f-b2d8-92157d986a72 for containerID=#38 failed. Corresponding entry not found.
2021-08-14 14:05:29,728 [EventQueue-DeleteBlockStatusForDeletedBlockLogImpl] DEBUG block.DeletedBlockLogImpl (DeletedBlockLogImpl.java:isTransactionFailed(278)) - Got block deletion ACK from datanode, TXIDs=39, success=true
2021-08-14 14:05:29,728 [EventQueue-DeleteBlockStatusForDeletedBlockLogImpl] DEBUG block.DeletedBlockLogImpl (DeletedBlockLogImpl.java:commitTransactions(224)) - Transaction txId=39 commit by dnId=41bdc6fc-f730-460f-b2d8-92157d986a72 for containerID=#39 failed. Corresponding entry not found.
2021-08-14 14:05:29,728 [EventQueue-DeleteBlockStatusForDeletedBlockLogImpl] DEBUG block.DeletedBlockLogImpl (DeletedBlockLogImpl.java:isTransactionFailed(278)) - Got block deletion ACK from datanode, TXIDs=40, success=true
2021-08-14 14:05:29,728 [EventQueue-DeleteBlockStatusForDeletedBlockLogImpl] DEBUG block.DeletedBlockLogImpl (DeletedBlockLogImpl.java:commitTransactions(224)) - Transaction txId=40 commit by dnId=41bdc6fc-f730-460f-b2d8-92157d986a72 for containerID=#40 failed. Corresponding entry not found.
2021-08-14 14:05:29,728 [EventQueue-DeleteBlockStatusForDeletedBlockLogImpl] DEBUG block.DeletedBlockLogImpl (DeletedBlockLogImpl.java:isTransactionFailed(278)) - Got block deletion ACK from datanode, TXIDs=41, success=true
2021-08-14 14:05:29,728 [EventQueue-DeleteBlockStatusForDeletedBlockLogImpl] DEBUG block.DeletedBlockLogImpl (DeletedBlockLogImpl.java:commitTransactions(224)) - Transaction txId=41 commit by dnId=41bdc6fc-f730-460f-b2d8-92157d986a72 for containerID=#41 failed. Corresponding entry not found.
2021-08-14 14:05:29,728 [EventQueue-DeleteBlockStatusForDeletedBlockLogImpl] DEBUG block.DeletedBlockLogImpl (DeletedBlockLogImpl.java:isTransactionFailed(278)) - Got block deletion ACK from datanode, TXIDs=42, success=true
2021-08-14 14:05:29,728 [EventQueue-DeleteBlockStatusForDeletedBlockLogImpl] DEBUG block.DeletedBlockLogImpl (DeletedBlockLogImpl.java:commitTransactions(224)) - Transaction txId=42 commit by dnId=41bdc6fc-f730-460f-b2d8-92157d986a72 for containerID=#42 failed. Corresponding entry not found.
2021-08-14 14:05:29,728 [EventQueue-DeleteBlockStatusForDeletedBlockLogImpl] DEBUG block.DeletedBlockLogImpl (DeletedBlockLogImpl.java:isTransactionFailed(278)) - Got block deletion ACK from datanode, TXIDs=43, success=true
2021-08-14 14:05:29,728 [EventQueue-DeleteBlockStatusForDeletedBlockLogImpl] DEBUG block.DeletedBlockLogImpl (DeletedBlockLogImpl.java:commitTransactions(224)) - Transaction txId=43 commit by dnId=41bdc6fc-f730-460f-b2d8-92157d986a72 for containerID=#43 failed. Corresponding entry not found.
2021-08-14 14:05:29,728 [EventQueue-DeleteBlockStatusForDeletedBlockLogImpl] DEBUG block.DeletedBlockLogImpl (DeletedBlockLogImpl.java:isTransactionFailed(278)) - Got block deletion ACK from datanode, TXIDs=44, success=true
2021-08-14 14:05:29,728 [EventQueue-DeleteBlockStatusForDeletedBlockLogImpl] DEBUG block.DeletedBlockLogImpl (DeletedBlockLogImpl.java:commitTransactions(224)) - Transaction txId=44 commit by dnId=41bdc6fc-f730-460f-b2d8-92157d986a72 for containerID=#44 failed. Corresponding entry not found.
2021-08-14 14:05:29,728 [EventQueue-DeleteBlockStatusForDeletedBlockLogImpl] DEBUG block.DeletedBlockLogImpl (DeletedBlockLogImpl.java:isTransactionFailed(278)) - Got block deletion ACK from datanode, TXIDs=45, success=true
2021-08-14 14:05:29,728 [EventQueue-DeleteBlockStatusForDeletedBlockLogImpl] DEBUG block.DeletedBlockLogImpl (DeletedBlockLogImpl.java:commitTransactions(224)) - Transaction txId=45 commit by dnId=41bdc6fc-f730-460f-b2d8-92157d986a72 for containerID=#45 failed. Corresponding entry not found.
2021-08-14 14:05:29,728 [EventQueue-DeleteBlockStatusForDeletedBlockLogImpl] DEBUG block.DeletedBlockLogImpl (DeletedBlockLogImpl.java:isTransactionFailed(278)) - Got block deletion ACK from datanode, TXIDs=46, success=true
2021-08-14 14:05:29,728 [EventQueue-DeleteBlockStatusForDeletedBlockLogImpl] DEBUG block.DeletedBlockLogImpl (DeletedBlockLogImpl.java:commitTransactions(224)) - Transaction txId=46 commit by dnId=41bdc6fc-f730-460f-b2d8-92157d986a72 for containerID=#46 failed. Corresponding entry not found.
2021-08-14 14:05:29,728 [EventQueue-DeleteBlockStatusForDeletedBlockLogImpl] DEBUG block.DeletedBlockLogImpl (DeletedBlockLogImpl.java:isTransactionFailed(278)) - Got block deletion ACK from datanode, TXIDs=47, success=true
2021-08-14 14:05:29,728 [EventQueue-DeleteBlockStatusForDeletedBlockLogImpl] DEBUG block.DeletedBlockLogImpl (DeletedBlockLogImpl.java:commitTransactions(224)) - Transaction txId=47 commit by dnId=41bdc6fc-f730-460f-b2d8-92157d986a72 for containerID=#47 failed. Corresponding entry not found.
2021-08-14 14:05:29,728 [EventQueue-DeleteBlockStatusForDeletedBlockLogImpl] DEBUG block.DeletedBlockLogImpl (DeletedBlockLogImpl.java:isTransactionFailed(278)) - Got block deletion ACK from datanode, TXIDs=48, success=true
2021-08-14 14:05:29,728 [EventQueue-DeleteBlockStatusForDeletedBlockLogImpl] DEBUG block.DeletedBlockLogImpl (DeletedBlockLogImpl.java:commitTransactions(224)) - Transaction txId=48 commit by dnId=41bdc6fc-f730-460f-b2d8-92157d986a72 for containerID=#48 failed. Corresponding entry not found.
2021-08-14 14:05:29,728 [EventQueue-DeleteBlockStatusForDeletedBlockLogImpl] DEBUG block.DeletedBlockLogImpl (DeletedBlockLogImpl.java:isTransactionFailed(278)) - Got block deletion ACK from datanode, TXIDs=49, success=true
2021-08-14 14:05:29,728 [EventQueue-DeleteBlockStatusForDeletedBlockLogImpl] DEBUG block.DeletedBlockLogImpl (DeletedBlockLogImpl.java:commitTransactions(224)) - Transaction txId=49 commit by dnId=41bdc6fc-f730-460f-b2d8-92157d986a72 for containerID=#49 failed. Corresponding entry not found.
2021-08-14 14:05:29,728 [EventQueue-DeleteBlockStatusForDeletedBlockLogImpl] DEBUG block.DeletedBlockLogImpl (DeletedBlockLogImpl.java:isTransactionFailed(278)) - Got block deletion ACK from datanode, TXIDs=50, success=true
2021-08-14 14:05:29,728 [EventQueue-DeleteBlockStatusForDeletedBlockLogImpl] DEBUG block.DeletedBlockLogImpl (DeletedBlockLogImpl.java:commitTransactions(224)) - Transaction txId=50 commit by dnId=41bdc6fc-f730-460f-b2d8-92157d986a72 for containerID=#50 failed. Corresponding entry not found.
2021-08-14 14:05:29,728 [EventQueue-DeleteBlockStatusForDeletedBlockLogImpl] DEBUG block.DeletedBlockLogImpl (DeletedBlockLogImpl.java:isTransactionFailed(278)) - Got block deletion ACK from datanode, TXIDs=51, success=true
2021-08-14 14:05:29,728 [EventQueue-DeleteBlockStatusForDeletedBlockLogImpl] DEBUG block.DeletedBlockLogImpl (DeletedBlockLogImpl.java:commitTransactions(224)) - Transaction txId=51 commit by dnId=41bdc6fc-f730-460f-b2d8-92157d986a72 for containerID=#51 failed. Corresponding entry not found.
2021-08-14 14:05:29,728 [EventQueue-DeleteBlockStatusForDeletedBlockLogImpl] DEBUG block.DeletedBlockLogImpl (DeletedBlockLogImpl.java:isTransactionFailed(278)) - Got block deletion ACK from datanode, TXIDs=52, success=true
2021-08-14 14:05:29,728 [EventQueue-DeleteBlockStatusForDeletedBlockLogImpl] DEBUG block.DeletedBlockLogImpl (DeletedBlockLogImpl.java:commitTransactions(224)) - Transaction txId=52 commit by dnId=41bdc6fc-f730-460f-b2d8-92157d986a72 for containerID=#52 failed. Corresponding entry not found.
2021-08-14 14:05:29,728 [EventQueue-DeleteBlockStatusForDeletedBlockLogImpl] DEBUG block.DeletedBlockLogImpl (DeletedBlockLogImpl.java:isTransactionFailed(278)) - Got block deletion ACK from datanode, TXIDs=53, success=true
2021-08-14 14:05:29,728 [EventQueue-DeleteBlockStatusForDeletedBlockLogImpl] DEBUG block.DeletedBlockLogImpl (DeletedBlockLogImpl.java:commitTransactions(224)) - Transaction txId=53 commit by dnId=41bdc6fc-f730-460f-b2d8-92157d986a72 for containerID=#53 failed. Corresponding entry not found.
2021-08-14 14:05:29,728 [EventQueue-DeleteBlockStatusForDeletedBlockLogImpl] DEBUG block.DeletedBlockLogImpl (DeletedBlockLogImpl.java:isTransactionFailed(278)) - Got block deletion ACK from datanode, TXIDs=54, success=true
2021-08-14 14:05:29,728 [EventQueue-DeleteBlockStatusForDeletedBlockLogImpl] DEBUG block.DeletedBlockLogImpl (DeletedBlockLogImpl.java:commitTransactions(224)) - Transaction txId=54 commit by dnId=41bdc6fc-f730-460f-b2d8-92157d986a72 for containerID=#54 failed. Corresponding entry not found.
2021-08-14 14:05:29,728 [EventQueue-DeleteBlockStatusForDeletedBlockLogImpl] DEBUG block.DeletedBlockLogImpl (DeletedBlockLogImpl.java:isTransactionFailed(278)) - Got block deletion ACK from datanode, TXIDs=55, success=true
2021-08-14 14:05:29,729 [EventQueue-DeleteBlockStatusForDeletedBlockLogImpl] DEBUG block.DeletedBlockLogImpl (DeletedBlockLogImpl.java:commitTransactions(224)) - Transaction txId=55 commit by dnId=41bdc6fc-f730-460f-b2d8-92157d986a72 for containerID=#55 failed. Corresponding entry not found.
2021-08-14 14:05:29,729 [EventQueue-DeleteBlockStatusForDeletedBlockLogImpl] DEBUG block.DeletedBlockLogImpl (DeletedBlockLogImpl.java:isTransactionFailed(278)) - Got block deletion ACK from datanode, TXIDs=56, success=true
2021-08-14 14:05:29,729 [EventQueue-DeleteBlockStatusForDeletedBlockLogImpl] DEBUG block.DeletedBlockLogImpl (DeletedBlockLogImpl.java:commitTransactions(224)) - Transaction txId=56 commit by dnId=41bdc6fc-f730-460f-b2d8-92157d986a72 for containerID=#56 failed. Corresponding entry not found.
2021-08-14 14:05:29,729 [EventQueue-DeleteBlockStatusForDeletedBlockLogImpl] DEBUG block.DeletedBlockLogImpl (DeletedBlockLogImpl.java:isTransactionFailed(278)) - Got block deletion ACK from datanode, TXIDs=1, success=true
2021-08-14 14:05:29,729 [EventQueue-DeleteBlockStatusForDeletedBlockLogImpl] DEBUG block.DeletedBlockLogImpl (DeletedBlockLogImpl.java:commitTransactions(224)) - Transaction txId=1 commit by dnId=41bdc6fc-f730-460f-b2d8-92157d986a72 for containerID=#1 failed. Corresponding entry not found.
2021-08-14 14:05:29,729 [EventQueue-DeleteBlockStatusForDeletedBlockLogImpl] DEBUG block.DeletedBlockLogImpl (DeletedBlockLogImpl.java:isTransactionFailed(278)) - Got block deletion ACK from datanode, TXIDs=2, success=true
2021-08-14 14:05:29,729 [EventQueue-DeleteBlockStatusForDeletedBlockLogImpl] DEBUG block.DeletedBlockLogImpl (DeletedBlockLogImpl.java:commitTransactions(224)) - Transaction txId=2 commit by dnId=41bdc6fc-f730-460f-b2d8-92157d986a72 for containerID=#2 failed. Corresponding entry not found.
2021-08-14 14:05:29,729 [EventQueue-DeleteBlockStatusForDeletedBlockLogImpl] DEBUG block.DeletedBlockLogImpl (DeletedBlockLogImpl.java:isTransactionFailed(278)) - Got block deletion ACK from datanode, TXIDs=3, success=true
2021-08-14 14:05:29,729 [EventQueue-DeleteBlockStatusForDeletedBlockLogImpl] DEBUG block.DeletedBlockLogImpl (DeletedBlockLogImpl.java:commitTransactions(224)) - Transaction txId=3 commit by dnId=41bdc6fc-f730-460f-b2d8-92157d986a72 for containerID=#3 failed. Corresponding entry not found.
2021-08-14 14:05:29,729 [EventQueue-DeleteBlockStatusForDeletedBlockLogImpl] DEBUG block.DeletedBlockLogImpl (DeletedBlockLogImpl.java:isTransactionFailed(278)) - Got block deletion ACK from datanode, TXIDs=4, success=true
2021-08-14 14:05:29,729 [EventQueue-DeleteBlockStatusForDeletedBlockLogImpl] DEBUG block.DeletedBlockLogImpl (DeletedBlockLogImpl.java:commitTransactions(224)) - Transaction txId=4 commit by dnId=41bdc6fc-f730-460f-b2d8-92157d986a72 for containerID=#4 failed. Corresponding entry not found.
2021-08-14 14:05:29,729 [EventQueue-DeleteBlockStatusForDeletedBlockLogImpl] DEBUG block.DeletedBlockLogImpl (DeletedBlockLogImpl.java:isTransactionFailed(278)) - Got block deletion ACK from datanode, TXIDs=5, success=true
2021-08-14 14:05:29,729 [EventQueue-DeleteBlockStatusForDeletedBlockLogImpl] DEBUG block.DeletedBlockLogImpl (DeletedBlockLogImpl.java:commitTransactions(224)) - Transaction txId=5 commit by dnId=41bdc6fc-f730-460f-b2d8-92157d986a72 for containerID=#5 failed. Corresponding entry not found.
2021-08-14 14:05:29,729 [EventQueue-DeleteBlockStatusForDeletedBlockLogImpl] DEBUG block.DeletedBlockLogImpl (DeletedBlockLogImpl.java:isTransactionFailed(278)) - Got block deletion ACK from datanode, TXIDs=6, success=true
2021-08-14 14:05:29,729 [EventQueue-DeleteBlockStatusForDeletedBlockLogImpl] DEBUG block.DeletedBlockLogImpl (DeletedBlockLogImpl.java:commitTransactions(224)) - Transaction txId=6 commit by dnId=41bdc6fc-f730-460f-b2d8-92157d986a72 for containerID=#6 failed. Corresponding entry not found.
2021-08-14 14:05:29,729 [EventQueue-DeleteBlockStatusForDeletedBlockLogImpl] DEBUG block.DeletedBlockLogImpl (DeletedBlockLogImpl.java:isTransactionFailed(278)) - Got block deletion ACK from datanode, TXIDs=7, success=true
2021-08-14 14:05:29,729 [EventQueue-DeleteBlockStatusForDeletedBlockLogImpl] DEBUG block.DeletedBlockLogImpl (DeletedBlockLogImpl.java:commitTransactions(224)) - Transaction txId=7 commit by dnId=41bdc6fc-f730-460f-b2d8-92157d986a72 for containerID=#7 failed. Corresponding entry not found.
2021-08-14 14:05:29,729 [EventQueue-DeleteBlockStatusForDeletedBlockLogImpl] DEBUG block.DeletedBlockLogImpl (DeletedBlockLogImpl.java:isTransactionFailed(278)) - Got block deletion ACK from datanode, TXIDs=8, success=true
2021-08-14 14:05:29,729 [EventQueue-DeleteBlockStatusForDeletedBlockLogImpl] DEBUG block.DeletedBlockLogImpl (DeletedBlockLogImpl.java:commitTransactions(224)) - Transaction txId=8 commit by dnId=41bdc6fc-f730-460f-b2d8-92157d986a72 for containerID=#8 failed. Corresponding entry not found.
2021-08-14 14:05:29,729 [EventQueue-DeleteBlockStatusForDeletedBlockLogImpl] DEBUG block.DeletedBlockLogImpl (DeletedBlockLogImpl.java:isTransactionFailed(278)) - Got block deletion ACK from datanode, TXIDs=9, success=true
2021-08-14 14:05:29,729 [EventQueue-DeleteBlockStatusForDeletedBlockLogImpl] DEBUG block.DeletedBlockLogImpl (DeletedBlockLogImpl.java:commitTransactions(224)) - Transaction txId=9 commit by dnId=41bdc6fc-f730-460f-b2d8-92157d986a72 for containerID=#9 failed. Corresponding entry not found.
2021-08-14 14:05:29,729 [EventQueue-DeleteBlockStatusForDeletedBlockLogImpl] DEBUG block.DeletedBlockLogImpl (DeletedBlockLogImpl.java:isTransactionFailed(278)) - Got block deletion ACK from datanode, TXIDs=10, success=true
2021-08-14 14:05:29,729 [EventQueue-DeleteBlockStatusForDeletedBlockLogImpl] DEBUG block.DeletedBlockLogImpl (DeletedBlockLogImpl.java:commitTransactions(224)) - Transaction txId=10 commit by dnId=41bdc6fc-f730-460f-b2d8-92157d986a72 for containerID=#10 failed. Corresponding entry not found.
2021-08-14 14:05:29,729 [EventQueue-DeleteBlockStatusForDeletedBlockLogImpl] DEBUG block.DeletedBlockLogImpl (DeletedBlockLogImpl.java:isTransactionFailed(278)) - Got block deletion ACK from datanode, TXIDs=11, success=true
2021-08-14 14:05:29,729 [EventQueue-DeleteBlockStatusForDeletedBlockLogImpl] DEBUG block.DeletedBlockLogImpl (DeletedBlockLogImpl.java:commitTransactions(224)) - Transaction txId=11 commit by dnId=41bdc6fc-f730-460f-b2d8-92157d986a72 for containerID=#11 failed. Corresponding entry not found.
2021-08-14 14:05:29,729 [EventQueue-DeleteBlockStatusForDeletedBlockLogImpl] DEBUG block.DeletedBlockLogImpl (DeletedBlockLogImpl.java:isTransactionFailed(278)) - Got block deletion ACK from datanode, TXIDs=12, success=true
2021-08-14 14:05:29,729 [EventQueue-DeleteBlockStatusForDeletedBlockLogImpl] DEBUG block.DeletedBlockLogImpl (DeletedBlockLogImpl.java:commitTransactions(224)) - Transaction txId=12 commit by dnId=41bdc6fc-f730-460f-b2d8-92157d986a72 for containerID=#12 failed. Corresponding entry not found.
2021-08-14 14:05:29,729 [EventQueue-DeleteBlockStatusForDeletedBlockLogImpl] DEBUG block.DeletedBlockLogImpl (DeletedBlockLogImpl.java:isTransactionFailed(278)) - Got block deletion ACK from datanode, TXIDs=13, success=true
2021-08-14 14:05:29,729 [EventQueue-DeleteBlockStatusForDeletedBlockLogImpl] DEBUG block.DeletedBlockLogImpl (DeletedBlockLogImpl.java:commitTransactions(224)) - Transaction txId=13 commit by dnId=41bdc6fc-f730-460f-b2d8-92157d986a72 for containerID=#13 failed. Corresponding entry not found.
2021-08-14 14:05:29,729 [EventQueue-DeleteBlockStatusForDeletedBlockLogImpl] DEBUG block.DeletedBlockLogImpl (DeletedBlockLogImpl.java:isTransactionFailed(278)) - Got block deletion ACK from datanode, TXIDs=14, success=true
2021-08-14 14:05:29,729 [EventQueue-DeleteBlockStatusForDeletedBlockLogImpl] DEBUG block.DeletedBlockLogImpl (DeletedBlockLogImpl.java:commitTransactions(224)) - Transaction txId=14 commit by dnId=41bdc6fc-f730-460f-b2d8-92157d986a72 for containerID=#14 failed. Corresponding entry not found.
2021-08-14 14:05:29,729 [EventQueue-DeleteBlockStatusForDeletedBlockLogImpl] DEBUG block.DeletedBlockLogImpl (DeletedBlockLogImpl.java:isTransactionFailed(278)) - Got block deletion ACK from datanode, TXIDs=15, success=true
2021-08-14 14:05:29,729 [EventQueue-DeleteBlockStatusForDeletedBlockLogImpl] DEBUG block.DeletedBlockLogImpl (DeletedBlockLogImpl.java:commitTransactions(224)) - Transaction txId=15 commit by dnId=41bdc6fc-f730-460f-b2d8-92157d986a72 for containerID=#15 failed. Corresponding entry not found.
2021-08-14 14:05:29,729 [EventQueue-DeleteBlockStatusForDeletedBlockLogImpl] DEBUG block.DeletedBlockLogImpl (DeletedBlockLogImpl.java:isTransactionFailed(278)) - Got block deletion ACK from datanode, TXIDs=16, success=true
2021-08-14 14:05:29,729 [EventQueue-DeleteBlockStatusForDeletedBlockLogImpl] DEBUG block.DeletedBlockLogImpl (DeletedBlockLogImpl.java:commitTransactions(224)) - Transaction txId=16 commit by dnId=41bdc6fc-f730-460f-b2d8-92157d986a72 for containerID=#16 failed. Corresponding entry not found.
2021-08-14 14:05:29,729 [EventQueue-DeleteBlockStatusForDeletedBlockLogImpl] DEBUG block.DeletedBlockLogImpl (DeletedBlockLogImpl.java:isTransactionFailed(278)) - Got block deletion ACK from datanode, TXIDs=17, success=true
2021-08-14 14:05:29,729 [EventQueue-DeleteBlockStatusForDeletedBlockLogImpl] DEBUG block.DeletedBlockLogImpl (DeletedBlockLogImpl.java:commitTransactions(224)) - Transaction txId=17 commit by dnId=41bdc6fc-f730-460f-b2d8-92157d986a72 for containerID=#17 failed. Corresponding entry not found.
2021-08-14 14:05:29,729 [EventQueue-DeleteBlockStatusForDeletedBlockLogImpl] DEBUG block.DeletedBlockLogImpl (DeletedBlockLogImpl.java:isTransactionFailed(278)) - Got block deletion ACK from datanode, TXIDs=18, success=true
2021-08-14 14:05:29,729 [EventQueue-DeleteBlockStatusForDeletedBlockLogImpl] DEBUG block.DeletedBlockLogImpl (DeletedBlockLogImpl.java:commitTransactions(224)) - Transaction txId=18 commit by dnId=41bdc6fc-f730-460f-b2d8-92157d986a72 for containerID=#18 failed. Corresponding entry not found.
2021-08-14 14:05:29,729 [EventQueue-DeleteBlockStatusForDeletedBlockLogImpl] DEBUG block.DeletedBlockLogImpl (DeletedBlockLogImpl.java:isTransactionFailed(278)) - Got block deletion ACK from datanode, TXIDs=19, success=true
2021-08-14 14:05:29,729 [EventQueue-DeleteBlockStatusForDeletedBlockLogImpl] DEBUG block.DeletedBlockLogImpl (DeletedBlockLogImpl.java:commitTransactions(224)) - Transaction txId=19 commit by dnId=41bdc6fc-f730-460f-b2d8-92157d986a72 for containerID=#19 failed. Corresponding entry not found.
2021-08-14 14:05:29,729 [EventQueue-DeleteBlockStatusForDeletedBlockLogImpl] DEBUG block.DeletedBlockLogImpl (DeletedBlockLogImpl.java:isTransactionFailed(278)) - Got block deletion ACK from datanode, TXIDs=20, success=true
2021-08-14 14:05:29,729 [EventQueue-DeleteBlockStatusForDeletedBlockLogImpl] DEBUG block.DeletedBlockLogImpl (DeletedBlockLogImpl.java:commitTransactions(224)) - Transaction txId=20 commit by dnId=41bdc6fc-f730-460f-b2d8-92157d986a72 for containerID=#20 failed. Corresponding entry not found.
2021-08-14 14:05:29,729 [EventQueue-DeleteBlockStatusForDeletedBlockLogImpl] DEBUG block.DeletedBlockLogImpl (DeletedBlockLogImpl.java:isTransactionFailed(278)) - Got block deletion ACK from datanode, TXIDs=21, success=true
2021-08-14 14:05:29,729 [EventQueue-DeleteBlockStatusForDeletedBlockLogImpl] DEBUG block.DeletedBlockLogImpl (DeletedBlockLogImpl.java:commitTransactions(224)) - Transaction txId=21 commit by dnId=41bdc6fc-f730-460f-b2d8-92157d986a72 for containerID=#21 failed. Corresponding entry not found.
2021-08-14 14:05:29,729 [EventQueue-DeleteBlockStatusForDeletedBlockLogImpl] DEBUG block.DeletedBlockLogImpl (DeletedBlockLogImpl.java:isTransactionFailed(278)) - Got block deletion ACK from datanode, TXIDs=22, success=true
2021-08-14 14:05:29,729 [EventQueue-DeleteBlockStatusForDeletedBlockLogImpl] DEBUG block.DeletedBlockLogImpl (DeletedBlockLogImpl.java:commitTransactions(224)) - Transaction txId=22 commit by dnId=41bdc6fc-f730-460f-b2d8-92157d986a72 for containerID=#22 failed. Corresponding entry not found.
2021-08-14 14:05:29,729 [EventQueue-DeleteBlockStatusForDeletedBlockLogImpl] DEBUG block.DeletedBlockLogImpl (DeletedBlockLogImpl.java:isTransactionFailed(278)) - Got block deletion ACK from datanode, TXIDs=23, success=true
2021-08-14 14:05:29,730 [EventQueue-DeleteBlockStatusForDeletedBlockLogImpl] DEBUG block.DeletedBlockLogImpl (DeletedBlockLogImpl.java:commitTransactions(224)) - Transaction txId=23 commit by dnId=41bdc6fc-f730-460f-b2d8-92157d986a72 for containerID=#23 failed. Corresponding entry not found.
2021-08-14 14:05:29,730 [EventQueue-DeleteBlockStatusForDeletedBlockLogImpl] DEBUG block.DeletedBlockLogImpl (DeletedBlockLogImpl.java:isTransactionFailed(278)) - Got block deletion ACK from datanode, TXIDs=24, success=true
2021-08-14 14:05:29,730 [EventQueue-DeleteBlockStatusForDeletedBlockLogImpl] DEBUG block.DeletedBlockLogImpl (DeletedBlockLogImpl.java:commitTransactions(224)) - Transaction txId=24 commit by dnId=41bdc6fc-f730-460f-b2d8-92157d986a72 for containerID=#24 failed. Corresponding entry not found.
2021-08-14 14:05:29,735 [EventQueue-DeleteBlockStatusForDeletedBlockLogImpl] DEBUG block.DeletedBlockLogImpl (DeletedBlockLogImpl.java:isTransactionFailed(278)) - Got block deletion ACK from datanode, TXIDs=25, success=true
2021-08-14 14:05:29,735 [EventQueue-DeleteBlockStatusForDeletedBlockLogImpl] DEBUG block.DeletedBlockLogImpl (DeletedBlockLogImpl.java:commitTransactions(224)) - Transaction txId=25 commit by dnId=41bdc6fc-f730-460f-b2d8-92157d986a72 for containerID=#25 failed. Corresponding entry not found.
2021-08-14 14:05:29,737 [EventQueue-DeleteBlockStatusForDeletedBlockLogImpl] DEBUG block.DeletedBlockLogImpl (DeletedBlockLogImpl.java:isTransactionFailed(278)) - Got block deletion ACK from datanode, TXIDs=26, success=true
2021-08-14 14:05:29,737 [EventQueue-DeleteBlockStatusForDeletedBlockLogImpl] DEBUG block.DeletedBlockLogImpl (DeletedBlockLogImpl.java:commitTransactions(224)) - Transaction txId=26 commit by dnId=41bdc6fc-f730-460f-b2d8-92157d986a72 for containerID=#26 failed. Corresponding entry not found.
2021-08-14 14:05:29,737 [EventQueue-DeleteBlockStatusForDeletedBlockLogImpl] DEBUG block.DeletedBlockLogImpl (DeletedBlockLogImpl.java:isTransactionFailed(278)) - Got block deletion ACK from datanode, TXIDs=27, success=true
2021-08-14 14:05:29,737 [EventQueue-DeleteBlockStatusForDeletedBlockLogImpl] DEBUG block.DeletedBlockLogImpl (DeletedBlockLogImpl.java:commitTransactions(224)) - Transaction txId=27 commit by dnId=41bdc6fc-f730-460f-b2d8-92157d986a72 for containerID=#27 failed. Corresponding entry not found.
2021-08-14 14:05:29,737 [EventQueue-DeleteBlockStatusForDeletedBlockLogImpl] DEBUG block.DeletedBlockLogImpl (DeletedBlockLogImpl.java:isTransactionFailed(278)) - Got block deletion ACK from datanode, TXIDs=28, success=true
2021-08-14 14:05:29,739 [EventQueue-DeleteBlockStatusForDeletedBlockLogImpl] DEBUG block.DeletedBlockLogImpl (DeletedBlockLogImpl.java:commitTransactions(224)) - Transaction txId=28 commit by dnId=41bdc6fc-f730-460f-b2d8-92157d986a72 for containerID=#28 failed. Corresponding entry not found.
2021-08-14 14:05:29,749 [EventQueue-DeleteBlockStatusForDeletedBlockLogImpl] DEBUG block.DeletedBlockLogImpl (DeletedBlockLogImpl.java:isTransactionFailed(278)) - Got block deletion ACK from datanode, TXIDs=29, success=true
2021-08-14 14:05:29,749 [EventQueue-DeleteBlockStatusForDeletedBlockLogImpl] DEBUG block.DeletedBlockLogImpl (DeletedBlockLogImpl.java:commitTransactions(224)) - Transaction txId=29 commit by dnId=41bdc6fc-f730-460f-b2d8-92157d986a72 for containerID=#29 failed. Corresponding entry not found.
2021-08-14 14:05:29,749 [EventQueue-DeleteBlockStatusForDeletedBlockLogImpl] DEBUG block.DeletedBlockLogImpl (DeletedBlockLogImpl.java:isTransactionFailed(278)) - Got block deletion ACK from datanode, TXIDs=30, success=true
2021-08-14 14:05:29,749 [EventQueue-DeleteBlockStatusForDeletedBlockLogImpl] DEBUG block.DeletedBlockLogImpl (DeletedBlockLogImpl.java:commitTransactions(224)) - Transaction txId=30 commit by dnId=41bdc6fc-f730-460f-b2d8-92157d986a72 for containerID=#30 failed. Corresponding entry not found.
2021-08-14 14:05:29,749 [EventQueue-DeleteBlockStatusForDeletedBlockLogImpl] DEBUG block.DeletedBlockLogImpl (DeletedBlockLogImpl.java:isTransactionFailed(278)) - Got block deletion ACK from datanode, TXIDs=31, success=true
2021-08-14 14:05:29,749 [EventQueue-DeleteBlockStatusForDeletedBlockLogImpl] DEBUG block.DeletedBlockLogImpl (DeletedBlockLogImpl.java:commitTransactions(224)) - Transaction txId=31 commit by dnId=41bdc6fc-f730-460f-b2d8-92157d986a72 for containerID=#31 failed. Corresponding entry not found.
2021-08-14 14:05:29,749 [EventQueue-DeleteBlockStatusForDeletedBlockLogImpl] DEBUG block.DeletedBlockLogImpl (DeletedBlockLogImpl.java:isTransactionFailed(278)) - Got block deletion ACK from datanode, TXIDs=32, success=true
2021-08-14 14:05:29,749 [EventQueue-DeleteBlockStatusForDeletedBlockLogImpl] DEBUG block.DeletedBlockLogImpl (DeletedBlockLogImpl.java:commitTransactions(224)) - Transaction txId=32 commit by dnId=41bdc6fc-f730-460f-b2d8-92157d986a72 for containerID=#32 failed. Corresponding entry not found.
2021-08-14 14:05:29,749 [EventQueue-DeleteBlockStatusForDeletedBlockLogImpl] DEBUG block.DeletedBlockLogImpl (DeletedBlockLogImpl.java:isTransactionFailed(278)) - Got block deletion ACK from datanode, TXIDs=33, success=true
2021-08-14 14:05:29,749 [EventQueue-DeleteBlockStatusForDeletedBlockLogImpl] DEBUG block.DeletedBlockLogImpl (DeletedBlockLogImpl.java:commitTransactions(224)) - Transaction txId=33 commit by dnId=41bdc6fc-f730-460f-b2d8-92157d986a72 for containerID=#33 failed. Corresponding entry not found.
2021-08-14 14:05:29,749 [EventQueue-DeleteBlockStatusForDeletedBlockLogImpl] DEBUG block.DeletedBlockLogImpl (DeletedBlockLogImpl.java:isTransactionFailed(278)) - Got block deletion ACK from datanode, TXIDs=34, success=true
2021-08-14 14:05:29,749 [EventQueue-DeleteBlockStatusForDeletedBlockLogImpl] DEBUG block.DeletedBlockLogImpl (DeletedBlockLogImpl.java:commitTransactions(224)) - Transaction txId=34 commit by dnId=41bdc6fc-f730-460f-b2d8-92157d986a72 for containerID=#34 failed. Corresponding entry not found.
2021-08-14 14:05:29,749 [EventQueue-DeleteBlockStatusForDeletedBlockLogImpl] DEBUG block.DeletedBlockLogImpl (DeletedBlockLogImpl.java:isTransactionFailed(278)) - Got block deletion ACK from datanode, TXIDs=35, success=true
2021-08-14 14:05:29,749 [EventQueue-DeleteBlockStatusForDeletedBlockLogImpl] DEBUG block.DeletedBlockLogImpl (DeletedBlockLogImpl.java:commitTransactions(224)) - Transaction txId=35 commit by dnId=41bdc6fc-f730-460f-b2d8-92157d986a72 for containerID=#35 failed. Corresponding entry not found.
2021-08-14 14:05:29,749 [EventQueue-DeleteBlockStatusForDeletedBlockLogImpl] DEBUG block.DeletedBlockLogImpl (DeletedBlockLogImpl.java:isTransactionFailed(278)) - Got block deletion ACK from datanode, TXIDs=36, success=true
2021-08-14 14:05:29,749 [EventQueue-DeleteBlockStatusForDeletedBlockLogImpl] DEBUG block.DeletedBlockLogImpl (DeletedBlockLogImpl.java:commitTransactions(224)) - Transaction txId=36 commit by dnId=41bdc6fc-f730-460f-b2d8-92157d986a72 for containerID=#36 failed. Corresponding entry not found.
2021-08-14 14:05:29,749 [EventQueue-DeleteBlockStatusForDeletedBlockLogImpl] DEBUG block.DeletedBlockLogImpl (DeletedBlockLogImpl.java:isTransactionFailed(278)) - Got block deletion ACK from datanode, TXIDs=37, success=true
2021-08-14 14:05:29,749 [EventQueue-DeleteBlockStatusForDeletedBlockLogImpl] DEBUG block.DeletedBlockLogImpl (DeletedBlockLogImpl.java:commitTransactions(224)) - Transaction txId=37 commit by dnId=41bdc6fc-f730-460f-b2d8-92157d986a72 for containerID=#37 failed. Corresponding entry not found.
2021-08-14 14:05:29,749 [EventQueue-DeleteBlockStatusForDeletedBlockLogImpl] DEBUG block.DeletedBlockLogImpl (DeletedBlockLogImpl.java:isTransactionFailed(278)) - Got block deletion ACK from datanode, TXIDs=38, success=true
2021-08-14 14:05:29,749 [EventQueue-DeleteBlockStatusForDeletedBlockLogImpl] DEBUG block.DeletedBlockLogImpl (DeletedBlockLogImpl.java:commitTransactions(224)) - Transaction txId=38 commit by dnId=41bdc6fc-f730-460f-b2d8-92157d986a72 for containerID=#38 failed. Corresponding entry not found.
2021-08-14 14:05:29,749 [EventQueue-DeleteBlockStatusForDeletedBlockLogImpl] DEBUG block.DeletedBlockLogImpl (DeletedBlockLogImpl.java:isTransactionFailed(278)) - Got block deletion ACK from datanode, TXIDs=39, success=true
2021-08-14 14:05:29,749 [EventQueue-DeleteBlockStatusForDeletedBlockLogImpl] DEBUG block.DeletedBlockLogImpl (DeletedBlockLogImpl.java:commitTransactions(224)) - Transaction txId=39 commit by dnId=41bdc6fc-f730-460f-b2d8-92157d986a72 for containerID=#39 failed. Corresponding entry not found.
2021-08-14 14:05:29,749 [EventQueue-DeleteBlockStatusForDeletedBlockLogImpl] DEBUG block.DeletedBlockLogImpl (DeletedBlockLogImpl.java:isTransactionFailed(278)) - Got block deletion ACK from datanode, TXIDs=40, success=true
2021-08-14 14:05:29,749 [EventQueue-DeleteBlockStatusForDeletedBlockLogImpl] DEBUG block.DeletedBlockLogImpl (DeletedBlockLogImpl.java:commitTransactions(224)) - Transaction txId=40 commit by dnId=41bdc6fc-f730-460f-b2d8-92157d986a72 for containerID=#40 failed. Corresponding entry not found.
2021-08-14 14:05:29,749 [EventQueue-DeleteBlockStatusForDeletedBlockLogImpl] DEBUG block.DeletedBlockLogImpl (DeletedBlockLogImpl.java:isTransactionFailed(278)) - Got block deletion ACK from datanode, TXIDs=41, success=true
2021-08-14 14:05:29,749 [EventQueue-DeleteBlockStatusForDeletedBlockLogImpl] DEBUG block.DeletedBlockLogImpl (DeletedBlockLogImpl.java:commitTransactions(224)) - Transaction txId=41 commit by dnId=41bdc6fc-f730-460f-b2d8-92157d986a72 for containerID=#41 failed. Corresponding entry not found.
2021-08-14 14:05:29,749 [EventQueue-DeleteBlockStatusForDeletedBlockLogImpl] DEBUG block.DeletedBlockLogImpl (DeletedBlockLogImpl.java:isTransactionFailed(278)) - Got block deletion ACK from datanode, TXIDs=42, success=true
2021-08-14 14:05:29,749 [EventQueue-DeleteBlockStatusForDeletedBlockLogImpl] DEBUG block.DeletedBlockLogImpl (DeletedBlockLogImpl.java:commitTransactions(224)) - Transaction txId=42 commit by dnId=41bdc6fc-f730-460f-b2d8-92157d986a72 for containerID=#42 failed. Corresponding entry not found.
2021-08-14 14:05:29,749 [EventQueue-DeleteBlockStatusForDeletedBlockLogImpl] DEBUG block.DeletedBlockLogImpl (DeletedBlockLogImpl.java:isTransactionFailed(278)) - Got block deletion ACK from datanode, TXIDs=43, success=true
2021-08-14 14:05:29,749 [EventQueue-DeleteBlockStatusForDeletedBlockLogImpl] DEBUG block.DeletedBlockLogImpl (DeletedBlockLogImpl.java:commitTransactions(224)) - Transaction txId=43 commit by dnId=41bdc6fc-f730-460f-b2d8-92157d986a72 for containerID=#43 failed. Corresponding entry not found.
2021-08-14 14:05:29,749 [EventQueue-DeleteBlockStatusForDeletedBlockLogImpl] DEBUG block.DeletedBlockLogImpl (DeletedBlockLogImpl.java:isTransactionFailed(278)) - Got block deletion ACK from datanode, TXIDs=44, success=true
2021-08-14 14:05:29,749 [EventQueue-DeleteBlockStatusForDeletedBlockLogImpl] DEBUG block.DeletedBlockLogImpl (DeletedBlockLogImpl.java:commitTransactions(224)) - Transaction txId=44 commit by dnId=41bdc6fc-f730-460f-b2d8-92157d986a72 for containerID=#44 failed. Corresponding entry not found.
2021-08-14 14:05:29,750 [EventQueue-DeleteBlockStatusForDeletedBlockLogImpl] DEBUG block.DeletedBlockLogImpl (DeletedBlockLogImpl.java:isTransactionFailed(278)) - Got block deletion ACK from datanode, TXIDs=45, success=true
2021-08-14 14:05:29,750 [EventQueue-DeleteBlockStatusForDeletedBlockLogImpl] DEBUG block.DeletedBlockLogImpl (DeletedBlockLogImpl.java:commitTransactions(224)) - Transaction txId=45 commit by dnId=41bdc6fc-f730-460f-b2d8-92157d986a72 for containerID=#45 failed. Corresponding entry not found.
2021-08-14 14:05:29,750 [EventQueue-DeleteBlockStatusForDeletedBlockLogImpl] DEBUG block.DeletedBlockLogImpl (DeletedBlockLogImpl.java:isTransactionFailed(278)) - Got block deletion ACK from datanode, TXIDs=46, success=true
2021-08-14 14:05:29,750 [EventQueue-DeleteBlockStatusForDeletedBlockLogImpl] DEBUG block.DeletedBlockLogImpl (DeletedBlockLogImpl.java:commitTransactions(224)) - Transaction txId=46 commit by dnId=41bdc6fc-f730-460f-b2d8-92157d986a72 for containerID=#46 failed. Corresponding entry not found.
2021-08-14 14:05:29,750 [EventQueue-DeleteBlockStatusForDeletedBlockLogImpl] DEBUG block.DeletedBlockLogImpl (DeletedBlockLogImpl.java:isTransactionFailed(278)) - Got block deletion ACK from datanode, TXIDs=47, success=true
2021-08-14 14:05:29,750 [EventQueue-DeleteBlockStatusForDeletedBlockLogImpl] DEBUG block.DeletedBlockLogImpl (DeletedBlockLogImpl.java:commitTransactions(224)) - Transaction txId=47 commit by dnId=41bdc6fc-f730-460f-b2d8-92157d986a72 for containerID=#47 failed. Corresponding entry not found.
2021-08-14 14:05:29,750 [EventQueue-DeleteBlockStatusForDeletedBlockLogImpl] DEBUG block.DeletedBlockLogImpl (DeletedBlockLogImpl.java:isTransactionFailed(278)) - Got block deletion ACK from datanode, TXIDs=48, success=true
2021-08-14 14:05:29,750 [EventQueue-DeleteBlockStatusForDeletedBlockLogImpl] DEBUG block.DeletedBlockLogImpl (DeletedBlockLogImpl.java:commitTransactions(224)) - Transaction txId=48 commit by dnId=41bdc6fc-f730-460f-b2d8-92157d986a72 for containerID=#48 failed. Corresponding entry not found.
2021-08-14 14:05:29,750 [EventQueue-DeleteBlockStatusForDeletedBlockLogImpl] DEBUG block.DeletedBlockLogImpl (DeletedBlockLogImpl.java:isTransactionFailed(278)) - Got block deletion ACK from datanode, TXIDs=49, success=true
2021-08-14 14:05:29,750 [EventQueue-DeleteBlockStatusForDeletedBlockLogImpl] DEBUG block.DeletedBlockLogImpl (DeletedBlockLogImpl.java:commitTransactions(224)) - Transaction txId=49 commit by dnId=41bdc6fc-f730-460f-b2d8-92157d986a72 for containerID=#49 failed. Corresponding entry not found.
2021-08-14 14:05:29,750 [EventQueue-DeleteBlockStatusForDeletedBlockLogImpl] DEBUG block.DeletedBlockLogImpl (DeletedBlockLogImpl.java:isTransactionFailed(278)) - Got block deletion ACK from datanode, TXIDs=50, success=true
2021-08-14 14:05:29,750 [EventQueue-DeleteBlockStatusForDeletedBlockLogImpl] DEBUG block.DeletedBlockLogImpl (DeletedBlockLogImpl.java:commitTransactions(224)) - Transaction txId=50 commit by dnId=41bdc6fc-f730-460f-b2d8-92157d986a72 for containerID=#50 failed. Corresponding entry not found.
2021-08-14 14:05:29,750 [EventQueue-DeleteBlockStatusForDeletedBlockLogImpl] DEBUG block.DeletedBlockLogImpl (DeletedBlockLogImpl.java:isTransactionFailed(278)) - Got block deletion ACK from datanode, TXIDs=51, success=true
2021-08-14 14:05:29,750 [EventQueue-DeleteBlockStatusForDeletedBlockLogImpl] DEBUG block.DeletedBlockLogImpl (DeletedBlockLogImpl.java:commitTransactions(224)) - Transaction txId=51 commit by dnId=41bdc6fc-f730-460f-b2d8-92157d986a72 for containerID=#51 failed. Corresponding entry not found.
2021-08-14 14:05:29,750 [EventQueue-DeleteBlockStatusForDeletedBlockLogImpl] DEBUG block.DeletedBlockLogImpl (DeletedBlockLogImpl.java:isTransactionFailed(278)) - Got block deletion ACK from datanode, TXIDs=52, success=true
2021-08-14 14:05:29,750 [EventQueue-DeleteBlockStatusForDeletedBlockLogImpl] DEBUG block.DeletedBlockLogImpl (DeletedBlockLogImpl.java:commitTransactions(224)) - Transaction txId=52 commit by dnId=41bdc6fc-f730-460f-b2d8-92157d986a72 for containerID=#52 failed. Corresponding entry not found.
2021-08-14 14:05:29,750 [EventQueue-DeleteBlockStatusForDeletedBlockLogImpl] DEBUG block.DeletedBlockLogImpl (DeletedBlockLogImpl.java:isTransactionFailed(278)) - Got block deletion ACK from datanode, TXIDs=53, success=true
2021-08-14 14:05:29,750 [EventQueue-DeleteBlockStatusForDeletedBlockLogImpl] DEBUG block.DeletedBlockLogImpl (DeletedBlockLogImpl.java:commitTransactions(224)) - Transaction txId=53 commit by dnId=41bdc6fc-f730-460f-b2d8-92157d986a72 for containerID=#53 failed. Corresponding entry not found.
2021-08-14 14:05:29,750 [EventQueue-DeleteBlockStatusForDeletedBlockLogImpl] DEBUG block.DeletedBlockLogImpl (DeletedBlockLogImpl.java:isTransactionFailed(278)) - Got block deletion ACK from datanode, TXIDs=54, success=true
2021-08-14 14:05:29,750 [EventQueue-DeleteBlockStatusForDeletedBlockLogImpl] DEBUG block.DeletedBlockLogImpl (DeletedBlockLogImpl.java:commitTransactions(224)) - Transaction txId=54 commit by dnId=41bdc6fc-f730-460f-b2d8-92157d986a72 for containerID=#54 failed. Corresponding entry not found.
2021-08-14 14:05:29,750 [EventQueue-DeleteBlockStatusForDeletedBlockLogImpl] DEBUG block.DeletedBlockLogImpl (DeletedBlockLogImpl.java:isTransactionFailed(278)) - Got block deletion ACK from datanode, TXIDs=55, success=true
2021-08-14 14:05:29,750 [EventQueue-DeleteBlockStatusForDeletedBlockLogImpl] DEBUG block.DeletedBlockLogImpl (DeletedBlockLogImpl.java:commitTransactions(224)) - Transaction txId=55 commit by dnId=41bdc6fc-f730-460f-b2d8-92157d986a72 for containerID=#55 failed. Corresponding entry not found.
2021-08-14 14:05:29,750 [EventQueue-DeleteBlockStatusForDeletedBlockLogImpl] DEBUG block.DeletedBlockLogImpl (DeletedBlockLogImpl.java:isTransactionFailed(278)) - Got block deletion ACK from datanode, TXIDs=56, success=true
2021-08-14 14:05:29,750 [EventQueue-DeleteBlockStatusForDeletedBlockLogImpl] DEBUG block.DeletedBlockLogImpl (DeletedBlockLogImpl.java:commitTransactions(224)) - Transaction txId=56 commit by dnId=41bdc6fc-f730-460f-b2d8-92157d986a72 for containerID=#56 failed. Corresponding entry not found.
2021-08-14 14:05:29,789 [SCMBlockDeletingService#0] DEBUG block.SCMBlockDeletingService (SCMBlockDeletingService.java:call(133)) - Running DeletedBlockTransactionScanner
2021-08-14 14:05:29,889 [SCMBlockDeletingService#0] DEBUG block.SCMBlockDeletingService (SCMBlockDeletingService.java:call(133)) - Running DeletedBlockTransactionScanner
2021-08-14 14:05:29,969 [org.apache.hadoop.ozone.container.common.statemachine.commandhandler.DeleteBlocksCommandHandler$DeleteCmdWorker@24a0a0d7] INFO  commandhandler.DeleteBlocksCommandHandler (DeleteBlocksCommandHandler.java:processCmd(261)) - Start to delete container blocks, TXIDs=[19(0),20(0),21(0),22(0),23(0),24(0),25(0),26(0),27(0),28(0),29(0),30(0),31(0),32(0),33(0),34(0),35(0),36(0),37(0),38(0),39(0),40(0),41(0),42(0),43(0),44(0),45(0),46(0),47(0),48(0),49(0),50(0),51(0),52(0),53(0),54(0),55(0),56(0)], numOfContainers=38, numOfBlocks=38
2021-08-14 14:05:29,970 [org.apache.hadoop.ozone.container.common.statemachine.commandhandler.DeleteBlocksCommandHandler$DeleteCmdWorker@24a0a0d7] INFO  commandhandler.DeleteBlocksCommandHandler (DeleteBlocksCommandHandler.java:processCmd(261)) - Start to delete container blocks, TXIDs=[19(0),20(0),21(0),22(0),23(0),24(0),25(0),26(0),27(0),28(0),29(0),30(0),31(0),32(0),33(0),34(0),35(0),36(0),37(0),38(0),39(0),40(0),41(0),42(0),43(0),44(0),45(0),46(0),47(0),48(0),49(0),50(0),51(0),52(0),53(0),54(0),55(0),56(0)], numOfContainers=38, numOfBlocks=38
2021-08-14 14:05:29,970 [org.apache.hadoop.ozone.container.common.statemachine.commandhandler.DeleteBlocksCommandHandler$DeleteCmdWorker@24a0a0d7] INFO  commandhandler.DeleteBlocksCommandHandler (DeleteBlocksCommandHandler.java:processCmd(261)) - Start to delete container blocks, TXIDs=[19(0),20(0),21(0),22(0),23(0),24(0),25(0),26(0),27(0),28(0),29(0),30(0),31(0),32(0),33(0),34(0),35(0),36(0),37(0),38(0),39(0),40(0),41(0),42(0),43(0),44(0),45(0),46(0),47(0),48(0),49(0),50(0),51(0),52(0),53(0),54(0),55(0),56(0)], numOfContainers=38, numOfBlocks=38
2021-08-14 14:05:29,970 [org.apache.hadoop.ozone.container.common.statemachine.commandhandler.DeleteBlocksCommandHandler$DeleteCmdWorker@24a0a0d7] INFO  commandhandler.DeleteBlocksCommandHandler (DeleteBlocksCommandHandler.java:processCmd(261)) - Start to delete container blocks, TXIDs=[19(0),20(0),21(0),22(0),23(0),24(0),25(0),26(0),27(0),28(0),29(0),30(0),31(0),32(0),33(0),34(0),35(0),36(0),37(0),38(0),39(0),40(0),41(0),42(0),43(0),44(0),45(0),46(0),47(0),48(0),49(0),50(0),51(0),52(0),53(0),54(0),55(0),56(0)], numOfContainers=38, numOfBlocks=38
2021-08-14 14:05:29,970 [org.apache.hadoop.ozone.container.common.statemachine.commandhandler.DeleteBlocksCommandHandler$DeleteCmdWorker@24a0a0d7] INFO  commandhandler.DeleteBlocksCommandHandler (DeleteBlocksCommandHandler.java:processCmd(261)) - Start to delete container blocks, TXIDs=[19(0),20(0),21(0),22(0),23(0),24(0),25(0),26(0),27(0),28(0),29(0),30(0),31(0),32(0),33(0),34(0),35(0),36(0),37(0),38(0),39(0),40(0),41(0),42(0),43(0),44(0),45(0),46(0),47(0),48(0),49(0),50(0),51(0),52(0),53(0),54(0),55(0),56(0)], numOfContainers=38, numOfBlocks=38
2021-08-14 14:05:29,971 [org.apache.hadoop.ozone.container.common.statemachine.commandhandler.DeleteBlocksCommandHandler$DeleteCmdWorker@24a0a0d7] INFO  commandhandler.DeleteBlocksCommandHandler (DeleteBlocksCommandHandler.java:processCmd(261)) - Start to delete container blocks, TXIDs=[19(0),20(0),21(0),22(0),23(0),24(0),25(0),26(0),27(0),28(0),29(0),30(0),31(0),32(0),33(0),34(0),35(0),36(0),37(0),38(0),39(0),40(0),41(0),42(0),43(0),44(0),45(0),46(0),47(0),48(0),49(0),50(0),51(0),52(0),53(0),54(0),55(0),56(0)], numOfContainers=38, numOfBlocks=38
2021-08-14 14:05:29,971 [org.apache.hadoop.ozone.container.common.statemachine.commandhandler.DeleteBlocksCommandHandler$DeleteCmdWorker@24a0a0d7] INFO  commandhandler.DeleteBlocksCommandHandler (DeleteBlocksCommandHandler.java:processCmd(261)) - Start to delete container blocks, TXIDs=[19(0),20(0),21(0),22(0),23(0),24(0),25(0),26(0),27(0),28(0),29(0),30(0),31(0),32(0),33(0),34(0),35(0),36(0),37(0),38(0),39(0),40(0),41(0),42(0),43(0),44(0),45(0),46(0),47(0),48(0),49(0),50(0),51(0),52(0),53(0),54(0),55(0),56(0)], numOfContainers=38, numOfBlocks=38
2021-08-14 14:05:29,971 [org.apache.hadoop.ozone.container.common.statemachine.commandhandler.DeleteBlocksCommandHandler$DeleteCmdWorker@24a0a0d7] INFO  commandhandler.DeleteBlocksCommandHandler (DeleteBlocksCommandHandler.java:processCmd(261)) - Start to delete container blocks, TXIDs=[19(0),20(0),21(0),22(0),23(0),24(0),25(0),26(0),27(0),28(0),29(0),30(0),31(0),32(0),33(0),34(0),35(0),36(0),37(0),38(0),39(0),40(0),41(0),42(0),43(0),44(0),45(0),46(0),47(0),48(0),49(0),50(0),51(0),52(0),53(0),54(0),55(0),56(0)], numOfContainers=38, numOfBlocks=38
2021-08-14 14:05:29,971 [org.apache.hadoop.ozone.container.common.statemachine.commandhandler.DeleteBlocksCommandHandler$DeleteCmdWorker@24a0a0d7] INFO  commandhandler.DeleteBlocksCommandHandler (DeleteBlocksCommandHandler.java:processCmd(261)) - Start to delete container blocks, TXIDs=[19(0),20(0),21(0),22(0),23(0),24(0),25(0),26(0),27(0),28(0),29(0),30(0),31(0),32(0),33(0),34(0),35(0),36(0),37(0),38(0),39(0),40(0),41(0),42(0),43(0),44(0),45(0),46(0),47(0),48(0),49(0),50(0),51(0),52(0),53(0),54(0),55(0),56(0)], numOfContainers=38, numOfBlocks=38
2021-08-14 14:05:29,971 [org.apache.hadoop.ozone.container.common.statemachine.commandhandler.DeleteBlocksCommandHandler$DeleteCmdWorker@24a0a0d7] INFO  commandhandler.DeleteBlocksCommandHandler (DeleteBlocksCommandHandler.java:processCmd(261)) - Start to delete container blocks, TXIDs=[19(0),20(0),21(0),22(0),23(0),24(0),25(0),26(0),27(0),28(0),29(0),30(0),31(0),32(0),33(0),34(0),35(0),36(0),37(0),38(0),39(0),40(0),41(0),42(0),43(0),44(0),45(0),46(0),47(0),48(0),49(0),50(0),51(0),52(0),53(0),54(0),55(0),56(0)], numOfContainers=38, numOfBlocks=38
2021-08-14 14:05:29,971 [org.apache.hadoop.ozone.container.common.statemachine.commandhandler.DeleteBlocksCommandHandler$DeleteCmdWorker@24a0a0d7] INFO  commandhandler.DeleteBlocksCommandHandler (DeleteBlocksCommandHandler.java:processCmd(261)) - Start to delete container blocks, TXIDs=[19(0),20(0),21(0),22(0),23(0),24(0),25(0),26(0),27(0),28(0),29(0),30(0),31(0),32(0),33(0),34(0),35(0),36(0),37(0),38(0),39(0),40(0),41(0),42(0),43(0),44(0),45(0),46(0),47(0),48(0),49(0),50(0),51(0),52(0),53(0),54(0),55(0),56(0)], numOfContainers=38, numOfBlocks=38
2021-08-14 14:05:29,971 [org.apache.hadoop.ozone.container.common.statemachine.commandhandler.DeleteBlocksCommandHandler$DeleteCmdWorker@24a0a0d7] INFO  commandhandler.DeleteBlocksCommandHandler (DeleteBlocksCommandHandler.java:processCmd(261)) - Start to delete container blocks, TXIDs=[19(0),20(0),21(0),22(0),23(0),24(0),25(0),26(0),27(0),28(0),29(0),30(0),31(0),32(0),33(0),34(0),35(0),36(0),37(0),38(0),39(0),40(0),41(0),42(0),43(0),44(0),45(0),46(0),47(0),48(0),49(0),50(0),51(0),52(0),53(0),54(0),55(0),56(0)], numOfContainers=38, numOfBlocks=38
2021-08-14 14:05:29,972 [org.apache.hadoop.ozone.container.common.statemachine.commandhandler.DeleteBlocksCommandHandler$DeleteCmdWorker@24a0a0d7] INFO  commandhandler.DeleteBlocksCommandHandler (DeleteBlocksCommandHandler.java:processCmd(261)) - Start to delete container blocks, TXIDs=[19(0),20(0),21(0),22(0),23(0),24(0),25(0),26(0),27(0),28(0),29(0),30(0),31(0),32(0),33(0),34(0),35(0),36(0),37(0),38(0),39(0),40(0),41(0),42(0),43(0),44(0),45(0),46(0),47(0),48(0),49(0),50(0),51(0),52(0),53(0),54(0),55(0),56(0)], numOfContainers=38, numOfBlocks=38
2021-08-14 14:05:29,972 [org.apache.hadoop.ozone.container.common.statemachine.commandhandler.DeleteBlocksCommandHandler$DeleteCmdWorker@24a0a0d7] INFO  commandhandler.DeleteBlocksCommandHandler (DeleteBlocksCommandHandler.java:processCmd(261)) - Start to delete container blocks, TXIDs=[19(0),20(0),21(0),22(0),23(0),24(0),25(0),26(0),27(0),28(0),29(0),30(0),31(0),32(0),33(0),34(0),35(0),36(0),37(0),38(0),39(0),40(0),41(0),42(0),43(0),44(0),45(0),46(0),47(0),48(0),49(0),50(0),51(0),52(0),53(0),54(0),55(0),56(0)], numOfContainers=38, numOfBlocks=38
2021-08-14 14:05:29,972 [org.apache.hadoop.ozone.container.common.statemachine.commandhandler.DeleteBlocksCommandHandler$DeleteCmdWorker@24a0a0d7] INFO  commandhandler.DeleteBlocksCommandHandler (DeleteBlocksCommandHandler.java:processCmd(261)) - Start to delete container blocks, TXIDs=[19(0),20(0),21(0),22(0),23(0),24(0),25(0),26(0),27(0),28(0),29(0),30(0),31(0),32(0),33(0),34(0),35(0),36(0),37(0),38(0),39(0),40(0),41(0),42(0),43(0),44(0),45(0),46(0),47(0),48(0),49(0),50(0),51(0),52(0),53(0),54(0),55(0),56(0)], numOfContainers=38, numOfBlocks=38
2021-08-14 14:05:29,972 [org.apache.hadoop.ozone.container.common.statemachine.commandhandler.DeleteBlocksCommandHandler$DeleteCmdWorker@24a0a0d7] INFO  commandhandler.DeleteBlocksCommandHandler (DeleteBlocksCommandHandler.java:processCmd(261)) - Start to delete container blocks, TXIDs=[19(0),20(0),21(0),22(0),23(0),24(0),25(0),26(0),27(0),28(0),29(0),30(0),31(0),32(0),33(0),34(0),35(0),36(0),37(0),38(0),39(0),40(0),41(0),42(0),43(0),44(0),45(0),46(0),47(0),48(0),49(0),50(0),51(0),52(0),53(0),54(0),55(0),56(0)], numOfContainers=38, numOfBlocks=38
2021-08-14 14:05:29,989 [SCMBlockDeletingService#0] DEBUG block.SCMBlockDeletingService (SCMBlockDeletingService.java:call(133)) - Running DeletedBlockTransactionScanner
2021-08-14 14:05:30,089 [SCMBlockDeletingService#0] DEBUG block.SCMBlockDeletingService (SCMBlockDeletingService.java:call(133)) - Running DeletedBlockTransactionScanner
2021-08-14 14:05:30,189 [SCMBlockDeletingService#0] DEBUG block.SCMBlockDeletingService (SCMBlockDeletingService.java:call(133)) - Running DeletedBlockTransactionScanner
2021-08-14 14:05:30,229 [EventQueue-DeleteBlockStatusForDeletedBlockLogImpl] DEBUG block.DeletedBlockLogImpl (DeletedBlockLogImpl.java:isTransactionFailed(278)) - Got block deletion ACK from datanode, TXIDs=19, success=true
2021-08-14 14:05:30,231 [EventQueue-DeleteBlockStatusForDeletedBlockLogImpl] DEBUG block.DeletedBlockLogImpl (DeletedBlockLogImpl.java:commitTransactions(224)) - Transaction txId=19 commit by dnId=a3a688a0-b759-42a1-9d42-7ea63bf88025 for containerID=#19 failed. Corresponding entry not found.
2021-08-14 14:05:30,231 [EventQueue-DeleteBlockStatusForDeletedBlockLogImpl] DEBUG block.DeletedBlockLogImpl (DeletedBlockLogImpl.java:isTransactionFailed(278)) - Got block deletion ACK from datanode, TXIDs=20, success=true
2021-08-14 14:05:30,231 [EventQueue-DeleteBlockStatusForDeletedBlockLogImpl] DEBUG block.DeletedBlockLogImpl (DeletedBlockLogImpl.java:commitTransactions(224)) - Transaction txId=20 commit by dnId=a3a688a0-b759-42a1-9d42-7ea63bf88025 for containerID=#20 failed. Corresponding entry not found.
2021-08-14 14:05:30,231 [EventQueue-DeleteBlockStatusForDeletedBlockLogImpl] DEBUG block.DeletedBlockLogImpl (DeletedBlockLogImpl.java:isTransactionFailed(278)) - Got block deletion ACK from datanode, TXIDs=21, success=true
2021-08-14 14:05:30,231 [EventQueue-DeleteBlockStatusForDeletedBlockLogImpl] DEBUG block.DeletedBlockLogImpl (DeletedBlockLogImpl.java:commitTransactions(224)) - Transaction txId=21 commit by dnId=a3a688a0-b759-42a1-9d42-7ea63bf88025 for containerID=#21 failed. Corresponding entry not found.
2021-08-14 14:05:30,231 [EventQueue-DeleteBlockStatusForDeletedBlockLogImpl] DEBUG block.DeletedBlockLogImpl (DeletedBlockLogImpl.java:isTransactionFailed(278)) - Got block deletion ACK from datanode, TXIDs=22, success=true
2021-08-14 14:05:30,231 [EventQueue-DeleteBlockStatusForDeletedBlockLogImpl] DEBUG block.DeletedBlockLogImpl (DeletedBlockLogImpl.java:commitTransactions(224)) - Transaction txId=22 commit by dnId=a3a688a0-b759-42a1-9d42-7ea63bf88025 for containerID=#22 failed. Corresponding entry not found.
2021-08-14 14:05:30,231 [EventQueue-DeleteBlockStatusForDeletedBlockLogImpl] DEBUG block.DeletedBlockLogImpl (DeletedBlockLogImpl.java:isTransactionFailed(278)) - Got block deletion ACK from datanode, TXIDs=23, success=true
2021-08-14 14:05:30,231 [EventQueue-DeleteBlockStatusForDeletedBlockLogImpl] DEBUG block.DeletedBlockLogImpl (DeletedBlockLogImpl.java:commitTransactions(224)) - Transaction txId=23 commit by dnId=a3a688a0-b759-42a1-9d42-7ea63bf88025 for containerID=#23 failed. Corresponding entry not found.
2021-08-14 14:05:30,231 [EventQueue-DeleteBlockStatusForDeletedBlockLogImpl] DEBUG block.DeletedBlockLogImpl (DeletedBlockLogImpl.java:isTransactionFailed(278)) - Got block deletion ACK from datanode, TXIDs=24, success=true
2021-08-14 14:05:30,231 [EventQueue-DeleteBlockStatusForDeletedBlockLogImpl] DEBUG block.DeletedBlockLogImpl (DeletedBlockLogImpl.java:commitTransactions(224)) - Transaction txId=24 commit by dnId=a3a688a0-b759-42a1-9d42-7ea63bf88025 for containerID=#24 failed. Corresponding entry not found.
2021-08-14 14:05:30,231 [EventQueue-DeleteBlockStatusForDeletedBlockLogImpl] DEBUG block.DeletedBlockLogImpl (DeletedBlockLogImpl.java:isTransactionFailed(278)) - Got block deletion ACK from datanode, TXIDs=25, success=true
2021-08-14 14:05:30,231 [EventQueue-DeleteBlockStatusForDeletedBlockLogImpl] DEBUG block.DeletedBlockLogImpl (DeletedBlockLogImpl.java:commitTransactions(224)) - Transaction txId=25 commit by dnId=a3a688a0-b759-42a1-9d42-7ea63bf88025 for containerID=#25 failed. Corresponding entry not found.
2021-08-14 14:05:30,231 [EventQueue-DeleteBlockStatusForDeletedBlockLogImpl] DEBUG block.DeletedBlockLogImpl (DeletedBlockLogImpl.java:isTransactionFailed(278)) - Got block deletion ACK from datanode, TXIDs=26, success=true
2021-08-14 14:05:30,231 [EventQueue-DeleteBlockStatusForDeletedBlockLogImpl] DEBUG block.DeletedBlockLogImpl (DeletedBlockLogImpl.java:commitTransactions(224)) - Transaction txId=26 commit by dnId=a3a688a0-b759-42a1-9d42-7ea63bf88025 for containerID=#26 failed. Corresponding entry not found.
2021-08-14 14:05:30,231 [EventQueue-DeleteBlockStatusForDeletedBlockLogImpl] DEBUG block.DeletedBlockLogImpl (DeletedBlockLogImpl.java:isTransactionFailed(278)) - Got block deletion ACK from datanode, TXIDs=27, success=true
2021-08-14 14:05:30,231 [EventQueue-DeleteBlockStatusForDeletedBlockLogImpl] DEBUG block.DeletedBlockLogImpl (DeletedBlockLogImpl.java:commitTransactions(224)) - Transaction txId=27 commit by dnId=a3a688a0-b759-42a1-9d42-7ea63bf88025 for containerID=#27 failed. Corresponding entry not found.
2021-08-14 14:05:30,231 [EventQueue-DeleteBlockStatusForDeletedBlockLogImpl] DEBUG block.DeletedBlockLogImpl (DeletedBlockLogImpl.java:isTransactionFailed(278)) - Got block deletion ACK from datanode, TXIDs=28, success=true
2021-08-14 14:05:30,231 [EventQueue-DeleteBlockStatusForDeletedBlockLogImpl] DEBUG block.DeletedBlockLogImpl (DeletedBlockLogImpl.java:commitTransactions(224)) - Transaction txId=28 commit by dnId=a3a688a0-b759-42a1-9d42-7ea63bf88025 for containerID=#28 failed. Corresponding entry not found.
2021-08-14 14:05:30,231 [EventQueue-DeleteBlockStatusForDeletedBlockLogImpl] DEBUG block.DeletedBlockLogImpl (DeletedBlockLogImpl.java:isTransactionFailed(278)) - Got block deletion ACK from datanode, TXIDs=29, success=true
2021-08-14 14:05:30,231 [EventQueue-DeleteBlockStatusForDeletedBlockLogImpl] DEBUG block.DeletedBlockLogImpl (DeletedBlockLogImpl.java:commitTransactions(224)) - Transaction txId=29 commit by dnId=a3a688a0-b759-42a1-9d42-7ea63bf88025 for containerID=#29 failed. Corresponding entry not found.
2021-08-14 14:05:30,231 [EventQueue-DeleteBlockStatusForDeletedBlockLogImpl] DEBUG block.DeletedBlockLogImpl (DeletedBlockLogImpl.java:isTransactionFailed(278)) - Got block deletion ACK from datanode, TXIDs=30, success=true
2021-08-14 14:05:30,231 [EventQueue-DeleteBlockStatusForDeletedBlockLogImpl] DEBUG block.DeletedBlockLogImpl (DeletedBlockLogImpl.java:commitTransactions(224)) - Transaction txId=30 commit by dnId=a3a688a0-b759-42a1-9d42-7ea63bf88025 for containerID=#30 failed. Corresponding entry not found.
2021-08-14 14:05:30,231 [EventQueue-DeleteBlockStatusForDeletedBlockLogImpl] DEBUG block.DeletedBlockLogImpl (DeletedBlockLogImpl.java:isTransactionFailed(278)) - Got block deletion ACK from datanode, TXIDs=31, success=true
2021-08-14 14:05:30,231 [EventQueue-DeleteBlockStatusForDeletedBlockLogImpl] DEBUG block.DeletedBlockLogImpl (DeletedBlockLogImpl.java:commitTransactions(224)) - Transaction txId=31 commit by dnId=a3a688a0-b759-42a1-9d42-7ea63bf88025 for containerID=#31 failed. Corresponding entry not found.
2021-08-14 14:05:30,231 [EventQueue-DeleteBlockStatusForDeletedBlockLogImpl] DEBUG block.DeletedBlockLogImpl (DeletedBlockLogImpl.java:isTransactionFailed(278)) - Got block deletion ACK from datanode, TXIDs=32, success=true
2021-08-14 14:05:30,231 [EventQueue-DeleteBlockStatusForDeletedBlockLogImpl] DEBUG block.DeletedBlockLogImpl (DeletedBlockLogImpl.java:commitTransactions(224)) - Transaction txId=32 commit by dnId=a3a688a0-b759-42a1-9d42-7ea63bf88025 for containerID=#32 failed. Corresponding entry not found.
2021-08-14 14:05:30,231 [EventQueue-DeleteBlockStatusForDeletedBlockLogImpl] DEBUG block.DeletedBlockLogImpl (DeletedBlockLogImpl.java:isTransactionFailed(278)) - Got block deletion ACK from datanode, TXIDs=33, success=true
2021-08-14 14:05:30,231 [EventQueue-DeleteBlockStatusForDeletedBlockLogImpl] DEBUG block.DeletedBlockLogImpl (DeletedBlockLogImpl.java:commitTransactions(224)) - Transaction txId=33 commit by dnId=a3a688a0-b759-42a1-9d42-7ea63bf88025 for containerID=#33 failed. Corresponding entry not found.
2021-08-14 14:05:30,231 [EventQueue-DeleteBlockStatusForDeletedBlockLogImpl] DEBUG block.DeletedBlockLogImpl (DeletedBlockLogImpl.java:isTransactionFailed(278)) - Got block deletion ACK from datanode, TXIDs=34, success=true
2021-08-14 14:05:30,231 [EventQueue-DeleteBlockStatusForDeletedBlockLogImpl] DEBUG block.DeletedBlockLogImpl (DeletedBlockLogImpl.java:commitTransactions(224)) - Transaction txId=34 commit by dnId=a3a688a0-b759-42a1-9d42-7ea63bf88025 for containerID=#34 failed. Corresponding entry not found.
2021-08-14 14:05:30,231 [EventQueue-DeleteBlockStatusForDeletedBlockLogImpl] DEBUG block.DeletedBlockLogImpl (DeletedBlockLogImpl.java:isTransactionFailed(278)) - Got block deletion ACK from datanode, TXIDs=35, success=true
2021-08-14 14:05:30,231 [EventQueue-DeleteBlockStatusForDeletedBlockLogImpl] DEBUG block.DeletedBlockLogImpl (DeletedBlockLogImpl.java:commitTransactions(224)) - Transaction txId=35 commit by dnId=a3a688a0-b759-42a1-9d42-7ea63bf88025 for containerID=#35 failed. Corresponding entry not found.
2021-08-14 14:05:30,231 [EventQueue-DeleteBlockStatusForDeletedBlockLogImpl] DEBUG block.DeletedBlockLogImpl (DeletedBlockLogImpl.java:isTransactionFailed(278)) - Got block deletion ACK from datanode, TXIDs=36, success=true
2021-08-14 14:05:30,231 [EventQueue-DeleteBlockStatusForDeletedBlockLogImpl] DEBUG block.DeletedBlockLogImpl (DeletedBlockLogImpl.java:commitTransactions(224)) - Transaction txId=36 commit by dnId=a3a688a0-b759-42a1-9d42-7ea63bf88025 for containerID=#36 failed. Corresponding entry not found.
2021-08-14 14:05:30,231 [EventQueue-DeleteBlockStatusForDeletedBlockLogImpl] DEBUG block.DeletedBlockLogImpl (DeletedBlockLogImpl.java:isTransactionFailed(278)) - Got block deletion ACK from datanode, TXIDs=37, success=true
2021-08-14 14:05:30,231 [EventQueue-DeleteBlockStatusForDeletedBlockLogImpl] DEBUG block.DeletedBlockLogImpl (DeletedBlockLogImpl.java:commitTransactions(224)) - Transaction txId=37 commit by dnId=a3a688a0-b759-42a1-9d42-7ea63bf88025 for containerID=#37 failed. Corresponding entry not found.
2021-08-14 14:05:30,231 [EventQueue-DeleteBlockStatusForDeletedBlockLogImpl] DEBUG block.DeletedBlockLogImpl (DeletedBlockLogImpl.java:isTransactionFailed(278)) - Got block deletion ACK from datanode, TXIDs=38, success=true
2021-08-14 14:05:30,231 [EventQueue-DeleteBlockStatusForDeletedBlockLogImpl] DEBUG block.DeletedBlockLogImpl (DeletedBlockLogImpl.java:commitTransactions(224)) - Transaction txId=38 commit by dnId=a3a688a0-b759-42a1-9d42-7ea63bf88025 for containerID=#38 failed. Corresponding entry not found.
2021-08-14 14:05:30,232 [EventQueue-DeleteBlockStatusForDeletedBlockLogImpl] DEBUG block.DeletedBlockLogImpl (DeletedBlockLogImpl.java:isTransactionFailed(278)) - Got block deletion ACK from datanode, TXIDs=39, success=true
2021-08-14 14:05:30,232 [EventQueue-DeleteBlockStatusForDeletedBlockLogImpl] DEBUG block.DeletedBlockLogImpl (DeletedBlockLogImpl.java:commitTransactions(224)) - Transaction txId=39 commit by dnId=a3a688a0-b759-42a1-9d42-7ea63bf88025 for containerID=#39 failed. Corresponding entry not found.
2021-08-14 14:05:30,232 [EventQueue-DeleteBlockStatusForDeletedBlockLogImpl] DEBUG block.DeletedBlockLogImpl (DeletedBlockLogImpl.java:isTransactionFailed(278)) - Got block deletion ACK from datanode, TXIDs=40, success=true
2021-08-14 14:05:30,232 [EventQueue-DeleteBlockStatusForDeletedBlockLogImpl] DEBUG block.DeletedBlockLogImpl (DeletedBlockLogImpl.java:commitTransactions(224)) - Transaction txId=40 commit by dnId=a3a688a0-b759-42a1-9d42-7ea63bf88025 for containerID=#40 failed. Corresponding entry not found.
2021-08-14 14:05:30,232 [EventQueue-DeleteBlockStatusForDeletedBlockLogImpl] DEBUG block.DeletedBlockLogImpl (DeletedBlockLogImpl.java:isTransactionFailed(278)) - Got block deletion ACK from datanode, TXIDs=41, success=true
2021-08-14 14:05:30,232 [EventQueue-DeleteBlockStatusForDeletedBlockLogImpl] DEBUG block.DeletedBlockLogImpl (DeletedBlockLogImpl.java:commitTransactions(224)) - Transaction txId=41 commit by dnId=a3a688a0-b759-42a1-9d42-7ea63bf88025 for containerID=#41 failed. Corresponding entry not found.
2021-08-14 14:05:30,232 [EventQueue-DeleteBlockStatusForDeletedBlockLogImpl] DEBUG block.DeletedBlockLogImpl (DeletedBlockLogImpl.java:isTransactionFailed(278)) - Got block deletion ACK from datanode, TXIDs=42, success=true
2021-08-14 14:05:30,232 [EventQueue-DeleteBlockStatusForDeletedBlockLogImpl] DEBUG block.DeletedBlockLogImpl (DeletedBlockLogImpl.java:commitTransactions(224)) - Transaction txId=42 commit by dnId=a3a688a0-b759-42a1-9d42-7ea63bf88025 for containerID=#42 failed. Corresponding entry not found.
2021-08-14 14:05:30,232 [EventQueue-DeleteBlockStatusForDeletedBlockLogImpl] DEBUG block.DeletedBlockLogImpl (DeletedBlockLogImpl.java:isTransactionFailed(278)) - Got block deletion ACK from datanode, TXIDs=43, success=true
2021-08-14 14:05:30,232 [EventQueue-DeleteBlockStatusForDeletedBlockLogImpl] DEBUG block.DeletedBlockLogImpl (DeletedBlockLogImpl.java:commitTransactions(224)) - Transaction txId=43 commit by dnId=a3a688a0-b759-42a1-9d42-7ea63bf88025 for containerID=#43 failed. Corresponding entry not found.
2021-08-14 14:05:30,232 [EventQueue-DeleteBlockStatusForDeletedBlockLogImpl] DEBUG block.DeletedBlockLogImpl (DeletedBlockLogImpl.java:isTransactionFailed(278)) - Got block deletion ACK from datanode, TXIDs=44, success=true
2021-08-14 14:05:30,232 [EventQueue-DeleteBlockStatusForDeletedBlockLogImpl] DEBUG block.DeletedBlockLogImpl (DeletedBlockLogImpl.java:commitTransactions(224)) - Transaction txId=44 commit by dnId=a3a688a0-b759-42a1-9d42-7ea63bf88025 for containerID=#44 failed. Corresponding entry not found.
2021-08-14 14:05:30,232 [EventQueue-DeleteBlockStatusForDeletedBlockLogImpl] DEBUG block.DeletedBlockLogImpl (DeletedBlockLogImpl.java:isTransactionFailed(278)) - Got block deletion ACK from datanode, TXIDs=45, success=true
2021-08-14 14:05:30,232 [EventQueue-DeleteBlockStatusForDeletedBlockLogImpl] DEBUG block.DeletedBlockLogImpl (DeletedBlockLogImpl.java:commitTransactions(224)) - Transaction txId=45 commit by dnId=a3a688a0-b759-42a1-9d42-7ea63bf88025 for containerID=#45 failed. Corresponding entry not found.
2021-08-14 14:05:30,232 [EventQueue-DeleteBlockStatusForDeletedBlockLogImpl] DEBUG block.DeletedBlockLogImpl (DeletedBlockLogImpl.java:isTransactionFailed(278)) - Got block deletion ACK from datanode, TXIDs=46, success=true
2021-08-14 14:05:30,232 [EventQueue-DeleteBlockStatusForDeletedBlockLogImpl] DEBUG block.DeletedBlockLogImpl (DeletedBlockLogImpl.java:commitTransactions(224)) - Transaction txId=46 commit by dnId=a3a688a0-b759-42a1-9d42-7ea63bf88025 for containerID=#46 failed. Corresponding entry not found.
2021-08-14 14:05:30,232 [EventQueue-DeleteBlockStatusForDeletedBlockLogImpl] DEBUG block.DeletedBlockLogImpl (DeletedBlockLogImpl.java:isTransactionFailed(278)) - Got block deletion ACK from datanode, TXIDs=47, success=true
2021-08-14 14:05:30,232 [EventQueue-DeleteBlockStatusForDeletedBlockLogImpl] DEBUG block.DeletedBlockLogImpl (DeletedBlockLogImpl.java:commitTransactions(224)) - Transaction txId=47 commit by dnId=a3a688a0-b759-42a1-9d42-7ea63bf88025 for containerID=#47 failed. Corresponding entry not found.
2021-08-14 14:05:30,232 [EventQueue-DeleteBlockStatusForDeletedBlockLogImpl] DEBUG block.DeletedBlockLogImpl (DeletedBlockLogImpl.java:isTransactionFailed(278)) - Got block deletion ACK from datanode, TXIDs=48, success=true
2021-08-14 14:05:30,232 [EventQueue-DeleteBlockStatusForDeletedBlockLogImpl] DEBUG block.DeletedBlockLogImpl (DeletedBlockLogImpl.java:commitTransactions(224)) - Transaction txId=48 commit by dnId=a3a688a0-b759-42a1-9d42-7ea63bf88025 for containerID=#48 failed. Corresponding entry not found.
2021-08-14 14:05:30,232 [EventQueue-DeleteBlockStatusForDeletedBlockLogImpl] DEBUG block.DeletedBlockLogImpl (DeletedBlockLogImpl.java:isTransactionFailed(278)) - Got block deletion ACK from datanode, TXIDs=49, success=true
2021-08-14 14:05:30,232 [EventQueue-DeleteBlockStatusForDeletedBlockLogImpl] DEBUG block.DeletedBlockLogImpl (DeletedBlockLogImpl.java:commitTransactions(224)) - Transaction txId=49 commit by dnId=a3a688a0-b759-42a1-9d42-7ea63bf88025 for containerID=#49 failed. Corresponding entry not found.
2021-08-14 14:05:30,232 [EventQueue-DeleteBlockStatusForDeletedBlockLogImpl] DEBUG block.DeletedBlockLogImpl (DeletedBlockLogImpl.java:isTransactionFailed(278)) - Got block deletion ACK from datanode, TXIDs=50, success=true
2021-08-14 14:05:30,232 [EventQueue-DeleteBlockStatusForDeletedBlockLogImpl] DEBUG block.DeletedBlockLogImpl (DeletedBlockLogImpl.java:commitTransactions(224)) - Transaction txId=50 commit by dnId=a3a688a0-b759-42a1-9d42-7ea63bf88025 for containerID=#50 failed. Corresponding entry not found.
2021-08-14 14:05:30,232 [EventQueue-DeleteBlockStatusForDeletedBlockLogImpl] DEBUG block.DeletedBlockLogImpl (DeletedBlockLogImpl.java:isTransactionFailed(278)) - Got block deletion ACK from datanode, TXIDs=51, success=true
2021-08-14 14:05:30,232 [EventQueue-DeleteBlockStatusForDeletedBlockLogImpl] DEBUG block.DeletedBlockLogImpl (DeletedBlockLogImpl.java:commitTransactions(224)) - Transaction txId=51 commit by dnId=a3a688a0-b759-42a1-9d42-7ea63bf88025 for containerID=#51 failed. Corresponding entry not found.
2021-08-14 14:05:30,232 [EventQueue-DeleteBlockStatusForDeletedBlockLogImpl] DEBUG block.DeletedBlockLogImpl (DeletedBlockLogImpl.java:isTransactionFailed(278)) - Got block deletion ACK from datanode, TXIDs=52, success=true
2021-08-14 14:05:30,232 [EventQueue-DeleteBlockStatusForDeletedBlockLogImpl] DEBUG block.DeletedBlockLogImpl (DeletedBlockLogImpl.java:commitTransactions(224)) - Transaction txId=52 commit by dnId=a3a688a0-b759-42a1-9d42-7ea63bf88025 for containerID=#52 failed. Corresponding entry not found.
2021-08-14 14:05:30,232 [EventQueue-DeleteBlockStatusForDeletedBlockLogImpl] DEBUG block.DeletedBlockLogImpl (DeletedBlockLogImpl.java:isTransactionFailed(278)) - Got block deletion ACK from datanode, TXIDs=53, success=true
2021-08-14 14:05:30,232 [EventQueue-DeleteBlockStatusForDeletedBlockLogImpl] DEBUG block.DeletedBlockLogImpl (DeletedBlockLogImpl.java:commitTransactions(224)) - Transaction txId=53 commit by dnId=a3a688a0-b759-42a1-9d42-7ea63bf88025 for containerID=#53 failed. Corresponding entry not found.
2021-08-14 14:05:30,232 [EventQueue-DeleteBlockStatusForDeletedBlockLogImpl] DEBUG block.DeletedBlockLogImpl (DeletedBlockLogImpl.java:isTransactionFailed(278)) - Got block deletion ACK from datanode, TXIDs=54, success=true
2021-08-14 14:05:30,232 [EventQueue-DeleteBlockStatusForDeletedBlockLogImpl] DEBUG block.DeletedBlockLogImpl (DeletedBlockLogImpl.java:commitTransactions(224)) - Transaction txId=54 commit by dnId=a3a688a0-b759-42a1-9d42-7ea63bf88025 for containerID=#54 failed. Corresponding entry not found.
2021-08-14 14:05:30,232 [EventQueue-DeleteBlockStatusForDeletedBlockLogImpl] DEBUG block.DeletedBlockLogImpl (DeletedBlockLogImpl.java:isTransactionFailed(278)) - Got block deletion ACK from datanode, TXIDs=55, success=true
2021-08-14 14:05:30,232 [EventQueue-DeleteBlockStatusForDeletedBlockLogImpl] DEBUG block.DeletedBlockLogImpl (DeletedBlockLogImpl.java:commitTransactions(224)) - Transaction txId=55 commit by dnId=a3a688a0-b759-42a1-9d42-7ea63bf88025 for containerID=#55 failed. Corresponding entry not found.
2021-08-14 14:05:30,232 [EventQueue-DeleteBlockStatusForDeletedBlockLogImpl] DEBUG block.DeletedBlockLogImpl (DeletedBlockLogImpl.java:isTransactionFailed(278)) - Got block deletion ACK from datanode, TXIDs=56, success=true
2021-08-14 14:05:30,232 [EventQueue-DeleteBlockStatusForDeletedBlockLogImpl] DEBUG block.DeletedBlockLogImpl (DeletedBlockLogImpl.java:commitTransactions(224)) - Transaction txId=56 commit by dnId=a3a688a0-b759-42a1-9d42-7ea63bf88025 for containerID=#56 failed. Corresponding entry not found.
2021-08-14 14:05:30,232 [EventQueue-DeleteBlockStatusForDeletedBlockLogImpl] DEBUG block.DeletedBlockLogImpl (DeletedBlockLogImpl.java:isTransactionFailed(278)) - Got block deletion ACK from datanode, TXIDs=19, success=true
2021-08-14 14:05:30,232 [EventQueue-DeleteBlockStatusForDeletedBlockLogImpl] DEBUG block.DeletedBlockLogImpl (DeletedBlockLogImpl.java:commitTransactions(224)) - Transaction txId=19 commit by dnId=a3a688a0-b759-42a1-9d42-7ea63bf88025 for containerID=#19 failed. Corresponding entry not found.
2021-08-14 14:05:30,232 [EventQueue-DeleteBlockStatusForDeletedBlockLogImpl] DEBUG block.DeletedBlockLogImpl (DeletedBlockLogImpl.java:isTransactionFailed(278)) - Got block deletion ACK from datanode, TXIDs=20, success=true
2021-08-14 14:05:30,232 [EventQueue-DeleteBlockStatusForDeletedBlockLogImpl] DEBUG block.DeletedBlockLogImpl (DeletedBlockLogImpl.java:commitTransactions(224)) - Transaction txId=20 commit by dnId=a3a688a0-b759-42a1-9d42-7ea63bf88025 for containerID=#20 failed. Corresponding entry not found.
2021-08-14 14:05:30,232 [EventQueue-DeleteBlockStatusForDeletedBlockLogImpl] DEBUG block.DeletedBlockLogImpl (DeletedBlockLogImpl.java:isTransactionFailed(278)) - Got block deletion ACK from datanode, TXIDs=21, success=true
2021-08-14 14:05:30,232 [EventQueue-DeleteBlockStatusForDeletedBlockLogImpl] DEBUG block.DeletedBlockLogImpl (DeletedBlockLogImpl.java:commitTransactions(224)) - Transaction txId=21 commit by dnId=a3a688a0-b759-42a1-9d42-7ea63bf88025 for containerID=#21 failed. Corresponding entry not found.
2021-08-14 14:05:30,232 [EventQueue-DeleteBlockStatusForDeletedBlockLogImpl] DEBUG block.DeletedBlockLogImpl (DeletedBlockLogImpl.java:isTransactionFailed(278)) - Got block deletion ACK from datanode, TXIDs=22, success=true
2021-08-14 14:05:30,232 [EventQueue-DeleteBlockStatusForDeletedBlockLogImpl] DEBUG block.DeletedBlockLogImpl (DeletedBlockLogImpl.java:commitTransactions(224)) - Transaction txId=22 commit by dnId=a3a688a0-b759-42a1-9d42-7ea63bf88025 for containerID=#22 failed. Corresponding entry not found.
2021-08-14 14:05:30,232 [EventQueue-DeleteBlockStatusForDeletedBlockLogImpl] DEBUG block.DeletedBlockLogImpl (DeletedBlockLogImpl.java:isTransactionFailed(278)) - Got block deletion ACK from datanode, TXIDs=23, success=true
2021-08-14 14:05:30,232 [EventQueue-DeleteBlockStatusForDeletedBlockLogImpl] DEBUG block.DeletedBlockLogImpl (DeletedBlockLogImpl.java:commitTransactions(224)) - Transaction txId=23 commit by dnId=a3a688a0-b759-42a1-9d42-7ea63bf88025 for containerID=#23 failed. Corresponding entry not found.
2021-08-14 14:05:30,232 [EventQueue-DeleteBlockStatusForDeletedBlockLogImpl] DEBUG block.DeletedBlockLogImpl (DeletedBlockLogImpl.java:isTransactionFailed(278)) - Got block deletion ACK from datanode, TXIDs=24, success=true
2021-08-14 14:05:30,232 [EventQueue-DeleteBlockStatusForDeletedBlockLogImpl] DEBUG block.DeletedBlockLogImpl (DeletedBlockLogImpl.java:commitTransactions(224)) - Transaction txId=24 commit by dnId=a3a688a0-b759-42a1-9d42-7ea63bf88025 for containerID=#24 failed. Corresponding entry not found.
2021-08-14 14:05:30,233 [EventQueue-DeleteBlockStatusForDeletedBlockLogImpl] DEBUG block.DeletedBlockLogImpl (DeletedBlockLogImpl.java:isTransactionFailed(278)) - Got block deletion ACK from datanode, TXIDs=25, success=true
2021-08-14 14:05:30,233 [EventQueue-DeleteBlockStatusForDeletedBlockLogImpl] DEBUG block.DeletedBlockLogImpl (DeletedBlockLogImpl.java:commitTransactions(224)) - Transaction txId=25 commit by dnId=a3a688a0-b759-42a1-9d42-7ea63bf88025 for containerID=#25 failed. Corresponding entry not found.
2021-08-14 14:05:30,233 [EventQueue-DeleteBlockStatusForDeletedBlockLogImpl] DEBUG block.DeletedBlockLogImpl (DeletedBlockLogImpl.java:isTransactionFailed(278)) - Got block deletion ACK from datanode, TXIDs=26, success=true
2021-08-14 14:05:30,233 [EventQueue-DeleteBlockStatusForDeletedBlockLogImpl] DEBUG block.DeletedBlockLogImpl (DeletedBlockLogImpl.java:commitTransactions(224)) - Transaction txId=26 commit by dnId=a3a688a0-b759-42a1-9d42-7ea63bf88025 for containerID=#26 failed. Corresponding entry not found.
2021-08-14 14:05:30,233 [EventQueue-DeleteBlockStatusForDeletedBlockLogImpl] DEBUG block.DeletedBlockLogImpl (DeletedBlockLogImpl.java:isTransactionFailed(278)) - Got block deletion ACK from datanode, TXIDs=27, success=true
2021-08-14 14:05:30,233 [EventQueue-DeleteBlockStatusForDeletedBlockLogImpl] DEBUG block.DeletedBlockLogImpl (DeletedBlockLogImpl.java:commitTransactions(224)) - Transaction txId=27 commit by dnId=a3a688a0-b759-42a1-9d42-7ea63bf88025 for containerID=#27 failed. Corresponding entry not found.
2021-08-14 14:05:30,233 [EventQueue-DeleteBlockStatusForDeletedBlockLogImpl] DEBUG block.DeletedBlockLogImpl (DeletedBlockLogImpl.java:isTransactionFailed(278)) - Got block deletion ACK from datanode, TXIDs=28, success=true
2021-08-14 14:05:30,233 [EventQueue-DeleteBlockStatusForDeletedBlockLogImpl] DEBUG block.DeletedBlockLogImpl (DeletedBlockLogImpl.java:commitTransactions(224)) - Transaction txId=28 commit by dnId=a3a688a0-b759-42a1-9d42-7ea63bf88025 for containerID=#28 failed. Corresponding entry not found.
2021-08-14 14:05:30,233 [EventQueue-DeleteBlockStatusForDeletedBlockLogImpl] DEBUG block.DeletedBlockLogImpl (DeletedBlockLogImpl.java:isTransactionFailed(278)) - Got block deletion ACK from datanode, TXIDs=29, success=true
2021-08-14 14:05:30,233 [EventQueue-DeleteBlockStatusForDeletedBlockLogImpl] DEBUG block.DeletedBlockLogImpl (DeletedBlockLogImpl.java:commitTransactions(224)) - Transaction txId=29 commit by dnId=a3a688a0-b759-42a1-9d42-7ea63bf88025 for containerID=#29 failed. Corresponding entry not found.
2021-08-14 14:05:30,233 [EventQueue-DeleteBlockStatusForDeletedBlockLogImpl] DEBUG block.DeletedBlockLogImpl (DeletedBlockLogImpl.java:isTransactionFailed(278)) - Got block deletion ACK from datanode, TXIDs=30, success=true
2021-08-14 14:05:30,233 [EventQueue-DeleteBlockStatusForDeletedBlockLogImpl] DEBUG block.DeletedBlockLogImpl (DeletedBlockLogImpl.java:commitTransactions(224)) - Transaction txId=30 commit by dnId=a3a688a0-b759-42a1-9d42-7ea63bf88025 for containerID=#30 failed. Corresponding entry not found.
2021-08-14 14:05:30,233 [EventQueue-DeleteBlockStatusForDeletedBlockLogImpl] DEBUG block.DeletedBlockLogImpl (DeletedBlockLogImpl.java:isTransactionFailed(278)) - Got block deletion ACK from datanode, TXIDs=31, success=true
2021-08-14 14:05:30,233 [EventQueue-DeleteBlockStatusForDeletedBlockLogImpl] DEBUG block.DeletedBlockLogImpl (DeletedBlockLogImpl.java:commitTransactions(224)) - Transaction txId=31 commit by dnId=a3a688a0-b759-42a1-9d42-7ea63bf88025 for containerID=#31 failed. Corresponding entry not found.
2021-08-14 14:05:30,233 [EventQueue-DeleteBlockStatusForDeletedBlockLogImpl] DEBUG block.DeletedBlockLogImpl (DeletedBlockLogImpl.java:isTransactionFailed(278)) - Got block deletion ACK from datanode, TXIDs=32, success=true
2021-08-14 14:05:30,233 [EventQueue-DeleteBlockStatusForDeletedBlockLogImpl] DEBUG block.DeletedBlockLogImpl (DeletedBlockLogImpl.java:commitTransactions(224)) - Transaction txId=32 commit by dnId=a3a688a0-b759-42a1-9d42-7ea63bf88025 for containerID=#32 failed. Corresponding entry not found.
2021-08-14 14:05:30,233 [EventQueue-DeleteBlockStatusForDeletedBlockLogImpl] DEBUG block.DeletedBlockLogImpl (DeletedBlockLogImpl.java:isTransactionFailed(278)) - Got block deletion ACK from datanode, TXIDs=33, success=true
2021-08-14 14:05:30,233 [EventQueue-DeleteBlockStatusForDeletedBlockLogImpl] DEBUG block.DeletedBlockLogImpl (DeletedBlockLogImpl.java:commitTransactions(224)) - Transaction txId=33 commit by dnId=a3a688a0-b759-42a1-9d42-7ea63bf88025 for containerID=#33 failed. Corresponding entry not found.
2021-08-14 14:05:30,233 [EventQueue-DeleteBlockStatusForDeletedBlockLogImpl] DEBUG block.DeletedBlockLogImpl (DeletedBlockLogImpl.java:isTransactionFailed(278)) - Got block deletion ACK from datanode, TXIDs=34, success=true
2021-08-14 14:05:30,233 [EventQueue-DeleteBlockStatusForDeletedBlockLogImpl] DEBUG block.DeletedBlockLogImpl (DeletedBlockLogImpl.java:commitTransactions(224)) - Transaction txId=34 commit by dnId=a3a688a0-b759-42a1-9d42-7ea63bf88025 for containerID=#34 failed. Corresponding entry not found.
2021-08-14 14:05:30,233 [EventQueue-DeleteBlockStatusForDeletedBlockLogImpl] DEBUG block.DeletedBlockLogImpl (DeletedBlockLogImpl.java:isTransactionFailed(278)) - Got block deletion ACK from datanode, TXIDs=35, success=true
2021-08-14 14:05:30,233 [EventQueue-DeleteBlockStatusForDeletedBlockLogImpl] DEBUG block.DeletedBlockLogImpl (DeletedBlockLogImpl.java:commitTransactions(224)) - Transaction txId=35 commit by dnId=a3a688a0-b759-42a1-9d42-7ea63bf88025 for containerID=#35 failed. Corresponding entry not found.
2021-08-14 14:05:30,233 [EventQueue-DeleteBlockStatusForDeletedBlockLogImpl] DEBUG block.DeletedBlockLogImpl (DeletedBlockLogImpl.java:isTransactionFailed(278)) - Got block deletion ACK from datanode, TXIDs=36, success=true
2021-08-14 14:05:30,233 [EventQueue-DeleteBlockStatusForDeletedBlockLogImpl] DEBUG block.DeletedBlockLogImpl (DeletedBlockLogImpl.java:commitTransactions(224)) - Transaction txId=36 commit by dnId=a3a688a0-b759-42a1-9d42-7ea63bf88025 for containerID=#36 failed. Corresponding entry not found.
2021-08-14 14:05:30,233 [EventQueue-DeleteBlockStatusForDeletedBlockLogImpl] DEBUG block.DeletedBlockLogImpl (DeletedBlockLogImpl.java:isTransactionFailed(278)) - Got block deletion ACK from datanode, TXIDs=37, success=true
2021-08-14 14:05:30,233 [EventQueue-DeleteBlockStatusForDeletedBlockLogImpl] DEBUG block.DeletedBlockLogImpl (DeletedBlockLogImpl.java:commitTransactions(224)) - Transaction txId=37 commit by dnId=a3a688a0-b759-42a1-9d42-7ea63bf88025 for containerID=#37 failed. Corresponding entry not found.
2021-08-14 14:05:30,233 [EventQueue-DeleteBlockStatusForDeletedBlockLogImpl] DEBUG block.DeletedBlockLogImpl (DeletedBlockLogImpl.java:isTransactionFailed(278)) - Got block deletion ACK from datanode, TXIDs=38, success=true
2021-08-14 14:05:30,233 [EventQueue-DeleteBlockStatusForDeletedBlockLogImpl] DEBUG block.DeletedBlockLogImpl (DeletedBlockLogImpl.java:commitTransactions(224)) - Transaction txId=38 commit by dnId=a3a688a0-b759-42a1-9d42-7ea63bf88025 for containerID=#38 failed. Corresponding entry not found.
2021-08-14 14:05:30,233 [EventQueue-DeleteBlockStatusForDeletedBlockLogImpl] DEBUG block.DeletedBlockLogImpl (DeletedBlockLogImpl.java:isTransactionFailed(278)) - Got block deletion ACK from datanode, TXIDs=39, success=true
2021-08-14 14:05:30,233 [EventQueue-DeleteBlockStatusForDeletedBlockLogImpl] DEBUG block.DeletedBlockLogImpl (DeletedBlockLogImpl.java:commitTransactions(224)) - Transaction txId=39 commit by dnId=a3a688a0-b759-42a1-9d42-7ea63bf88025 for containerID=#39 failed. Corresponding entry not found.
2021-08-14 14:05:30,233 [EventQueue-DeleteBlockStatusForDeletedBlockLogImpl] DEBUG block.DeletedBlockLogImpl (DeletedBlockLogImpl.java:isTransactionFailed(278)) - Got block deletion ACK from datanode, TXIDs=40, success=true
2021-08-14 14:05:30,233 [EventQueue-DeleteBlockStatusForDeletedBlockLogImpl] DEBUG block.DeletedBlockLogImpl (DeletedBlockLogImpl.java:commitTransactions(224)) - Transaction txId=40 commit by dnId=a3a688a0-b759-42a1-9d42-7ea63bf88025 for containerID=#40 failed. Corresponding entry not found.
2021-08-14 14:05:30,233 [EventQueue-DeleteBlockStatusForDeletedBlockLogImpl] DEBUG block.DeletedBlockLogImpl (DeletedBlockLogImpl.java:isTransactionFailed(278)) - Got block deletion ACK from datanode, TXIDs=41, success=true
2021-08-14 14:05:30,233 [EventQueue-DeleteBlockStatusForDeletedBlockLogImpl] DEBUG block.DeletedBlockLogImpl (DeletedBlockLogImpl.java:commitTransactions(224)) - Transaction txId=41 commit by dnId=a3a688a0-b759-42a1-9d42-7ea63bf88025 for containerID=#41 failed. Corresponding entry not found.
2021-08-14 14:05:30,233 [EventQueue-DeleteBlockStatusForDeletedBlockLogImpl] DEBUG block.DeletedBlockLogImpl (DeletedBlockLogImpl.java:isTransactionFailed(278)) - Got block deletion ACK from datanode, TXIDs=42, success=true
2021-08-14 14:05:30,233 [EventQueue-DeleteBlockStatusForDeletedBlockLogImpl] DEBUG block.DeletedBlockLogImpl (DeletedBlockLogImpl.java:commitTransactions(224)) - Transaction txId=42 commit by dnId=a3a688a0-b759-42a1-9d42-7ea63bf88025 for containerID=#42 failed. Corresponding entry not found.
2021-08-14 14:05:30,233 [EventQueue-DeleteBlockStatusForDeletedBlockLogImpl] DEBUG block.DeletedBlockLogImpl (DeletedBlockLogImpl.java:isTransactionFailed(278)) - Got block deletion ACK from datanode, TXIDs=43, success=true
2021-08-14 14:05:30,233 [EventQueue-DeleteBlockStatusForDeletedBlockLogImpl] DEBUG block.DeletedBlockLogImpl (DeletedBlockLogImpl.java:commitTransactions(224)) - Transaction txId=43 commit by dnId=a3a688a0-b759-42a1-9d42-7ea63bf88025 for containerID=#43 failed. Corresponding entry not found.
2021-08-14 14:05:30,233 [EventQueue-DeleteBlockStatusForDeletedBlockLogImpl] DEBUG block.DeletedBlockLogImpl (DeletedBlockLogImpl.java:isTransactionFailed(278)) - Got block deletion ACK from datanode, TXIDs=44, success=true
2021-08-14 14:05:30,233 [EventQueue-DeleteBlockStatusForDeletedBlockLogImpl] DEBUG block.DeletedBlockLogImpl (DeletedBlockLogImpl.java:commitTransactions(224)) - Transaction txId=44 commit by dnId=a3a688a0-b759-42a1-9d42-7ea63bf88025 for containerID=#44 failed. Corresponding entry not found.
2021-08-14 14:05:30,233 [EventQueue-DeleteBlockStatusForDeletedBlockLogImpl] DEBUG block.DeletedBlockLogImpl (DeletedBlockLogImpl.java:isTransactionFailed(278)) - Got block deletion ACK from datanode, TXIDs=45, success=true
2021-08-14 14:05:30,233 [EventQueue-DeleteBlockStatusForDeletedBlockLogImpl] DEBUG block.DeletedBlockLogImpl (DeletedBlockLogImpl.java:commitTransactions(224)) - Transaction txId=45 commit by dnId=a3a688a0-b759-42a1-9d42-7ea63bf88025 for containerID=#45 failed. Corresponding entry not found.
2021-08-14 14:05:30,233 [EventQueue-DeleteBlockStatusForDeletedBlockLogImpl] DEBUG block.DeletedBlockLogImpl (DeletedBlockLogImpl.java:isTransactionFailed(278)) - Got block deletion ACK from datanode, TXIDs=46, success=true
2021-08-14 14:05:30,234 [EventQueue-DeleteBlockStatusForDeletedBlockLogImpl] DEBUG block.DeletedBlockLogImpl (DeletedBlockLogImpl.java:commitTransactions(224)) - Transaction txId=46 commit by dnId=a3a688a0-b759-42a1-9d42-7ea63bf88025 for containerID=#46 failed. Corresponding entry not found.
2021-08-14 14:05:30,234 [EventQueue-DeleteBlockStatusForDeletedBlockLogImpl] DEBUG block.DeletedBlockLogImpl (DeletedBlockLogImpl.java:isTransactionFailed(278)) - Got block deletion ACK from datanode, TXIDs=47, success=true
2021-08-14 14:05:30,234 [EventQueue-DeleteBlockStatusForDeletedBlockLogImpl] DEBUG block.DeletedBlockLogImpl (DeletedBlockLogImpl.java:commitTransactions(224)) - Transaction txId=47 commit by dnId=a3a688a0-b759-42a1-9d42-7ea63bf88025 for containerID=#47 failed. Corresponding entry not found.
2021-08-14 14:05:30,234 [EventQueue-DeleteBlockStatusForDeletedBlockLogImpl] DEBUG block.DeletedBlockLogImpl (DeletedBlockLogImpl.java:isTransactionFailed(278)) - Got block deletion ACK from datanode, TXIDs=48, success=true
2021-08-14 14:05:30,234 [EventQueue-DeleteBlockStatusForDeletedBlockLogImpl] DEBUG block.DeletedBlockLogImpl (DeletedBlockLogImpl.java:commitTransactions(224)) - Transaction txId=48 commit by dnId=a3a688a0-b759-42a1-9d42-7ea63bf88025 for containerID=#48 failed. Corresponding entry not found.
2021-08-14 14:05:30,234 [EventQueue-DeleteBlockStatusForDeletedBlockLogImpl] DEBUG block.DeletedBlockLogImpl (DeletedBlockLogImpl.java:isTransactionFailed(278)) - Got block deletion ACK from datanode, TXIDs=49, success=true
2021-08-14 14:05:30,234 [EventQueue-DeleteBlockStatusForDeletedBlockLogImpl] DEBUG block.DeletedBlockLogImpl (DeletedBlockLogImpl.java:commitTransactions(224)) - Transaction txId=49 commit by dnId=a3a688a0-b759-42a1-9d42-7ea63bf88025 for containerID=#49 failed. Corresponding entry not found.
2021-08-14 14:05:30,234 [EventQueue-DeleteBlockStatusForDeletedBlockLogImpl] DEBUG block.DeletedBlockLogImpl (DeletedBlockLogImpl.java:isTransactionFailed(278)) - Got block deletion ACK from datanode, TXIDs=50, success=true
2021-08-14 14:05:30,234 [EventQueue-DeleteBlockStatusForDeletedBlockLogImpl] DEBUG block.DeletedBlockLogImpl (DeletedBlockLogImpl.java:commitTransactions(224)) - Transaction txId=50 commit by dnId=a3a688a0-b759-42a1-9d42-7ea63bf88025 for containerID=#50 failed. Corresponding entry not found.
2021-08-14 14:05:30,234 [EventQueue-DeleteBlockStatusForDeletedBlockLogImpl] DEBUG block.DeletedBlockLogImpl (DeletedBlockLogImpl.java:isTransactionFailed(278)) - Got block deletion ACK from datanode, TXIDs=51, success=true
2021-08-14 14:05:30,234 [EventQueue-DeleteBlockStatusForDeletedBlockLogImpl] DEBUG block.DeletedBlockLogImpl (DeletedBlockLogImpl.java:commitTransactions(224)) - Transaction txId=51 commit by dnId=a3a688a0-b759-42a1-9d42-7ea63bf88025 for containerID=#51 failed. Corresponding entry not found.
2021-08-14 14:05:30,234 [EventQueue-DeleteBlockStatusForDeletedBlockLogImpl] DEBUG block.DeletedBlockLogImpl (DeletedBlockLogImpl.java:isTransactionFailed(278)) - Got block deletion ACK from datanode, TXIDs=52, success=true
2021-08-14 14:05:30,234 [EventQueue-DeleteBlockStatusForDeletedBlockLogImpl] DEBUG block.DeletedBlockLogImpl (DeletedBlockLogImpl.java:commitTransactions(224)) - Transaction txId=52 commit by dnId=a3a688a0-b759-42a1-9d42-7ea63bf88025 for containerID=#52 failed. Corresponding entry not found.
2021-08-14 14:05:30,234 [EventQueue-DeleteBlockStatusForDeletedBlockLogImpl] DEBUG block.DeletedBlockLogImpl (DeletedBlockLogImpl.java:isTransactionFailed(278)) - Got block deletion ACK from datanode, TXIDs=53, success=true
2021-08-14 14:05:30,234 [EventQueue-DeleteBlockStatusForDeletedBlockLogImpl] DEBUG block.DeletedBlockLogImpl (DeletedBlockLogImpl.java:commitTransactions(224)) - Transaction txId=53 commit by dnId=a3a688a0-b759-42a1-9d42-7ea63bf88025 for containerID=#53 failed. Corresponding entry not found.
2021-08-14 14:05:30,234 [EventQueue-DeleteBlockStatusForDeletedBlockLogImpl] DEBUG block.DeletedBlockLogImpl (DeletedBlockLogImpl.java:isTransactionFailed(278)) - Got block deletion ACK from datanode, TXIDs=54, success=true
2021-08-14 14:05:30,234 [EventQueue-DeleteBlockStatusForDeletedBlockLogImpl] DEBUG block.DeletedBlockLogImpl (DeletedBlockLogImpl.java:commitTransactions(224)) - Transaction txId=54 commit by dnId=a3a688a0-b759-42a1-9d42-7ea63bf88025 for containerID=#54 failed. Corresponding entry not found.
2021-08-14 14:05:30,234 [EventQueue-DeleteBlockStatusForDeletedBlockLogImpl] DEBUG block.DeletedBlockLogImpl (DeletedBlockLogImpl.java:isTransactionFailed(278)) - Got block deletion ACK from datanode, TXIDs=55, success=true
2021-08-14 14:05:30,234 [EventQueue-DeleteBlockStatusForDeletedBlockLogImpl] DEBUG block.DeletedBlockLogImpl (DeletedBlockLogImpl.java:commitTransactions(224)) - Transaction txId=55 commit by dnId=a3a688a0-b759-42a1-9d42-7ea63bf88025 for containerID=#55 failed. Corresponding entry not found.
2021-08-14 14:05:30,234 [EventQueue-DeleteBlockStatusForDeletedBlockLogImpl] DEBUG block.DeletedBlockLogImpl (DeletedBlockLogImpl.java:isTransactionFailed(278)) - Got block deletion ACK from datanode, TXIDs=56, success=true
2021-08-14 14:05:30,234 [EventQueue-DeleteBlockStatusForDeletedBlockLogImpl] DEBUG block.DeletedBlockLogImpl (DeletedBlockLogImpl.java:commitTransactions(224)) - Transaction txId=56 commit by dnId=a3a688a0-b759-42a1-9d42-7ea63bf88025 for containerID=#56 failed. Corresponding entry not found.
2021-08-14 14:05:30,234 [EventQueue-DeleteBlockStatusForDeletedBlockLogImpl] DEBUG block.DeletedBlockLogImpl (DeletedBlockLogImpl.java:isTransactionFailed(278)) - Got block deletion ACK from datanode, TXIDs=19, success=true
2021-08-14 14:05:30,234 [EventQueue-DeleteBlockStatusForDeletedBlockLogImpl] DEBUG block.DeletedBlockLogImpl (DeletedBlockLogImpl.java:commitTransactions(224)) - Transaction txId=19 commit by dnId=a3a688a0-b759-42a1-9d42-7ea63bf88025 for containerID=#19 failed. Corresponding entry not found.
2021-08-14 14:05:30,234 [EventQueue-DeleteBlockStatusForDeletedBlockLogImpl] DEBUG block.DeletedBlockLogImpl (DeletedBlockLogImpl.java:isTransactionFailed(278)) - Got block deletion ACK from datanode, TXIDs=20, success=true
2021-08-14 14:05:30,234 [EventQueue-DeleteBlockStatusForDeletedBlockLogImpl] DEBUG block.DeletedBlockLogImpl (DeletedBlockLogImpl.java:commitTransactions(224)) - Transaction txId=20 commit by dnId=a3a688a0-b759-42a1-9d42-7ea63bf88025 for containerID=#20 failed. Corresponding entry not found.
2021-08-14 14:05:30,234 [EventQueue-DeleteBlockStatusForDeletedBlockLogImpl] DEBUG block.DeletedBlockLogImpl (DeletedBlockLogImpl.java:isTransactionFailed(278)) - Got block deletion ACK from datanode, TXIDs=21, success=true
2021-08-14 14:05:30,234 [EventQueue-DeleteBlockStatusForDeletedBlockLogImpl] DEBUG block.DeletedBlockLogImpl (DeletedBlockLogImpl.java:commitTransactions(224)) - Transaction txId=21 commit by dnId=a3a688a0-b759-42a1-9d42-7ea63bf88025 for containerID=#21 failed. Corresponding entry not found.
2021-08-14 14:05:30,234 [EventQueue-DeleteBlockStatusForDeletedBlockLogImpl] DEBUG block.DeletedBlockLogImpl (DeletedBlockLogImpl.java:isTransactionFailed(278)) - Got block deletion ACK from datanode, TXIDs=22, success=true
2021-08-14 14:05:30,234 [EventQueue-DeleteBlockStatusForDeletedBlockLogImpl] DEBUG block.DeletedBlockLogImpl (DeletedBlockLogImpl.java:commitTransactions(224)) - Transaction txId=22 commit by dnId=a3a688a0-b759-42a1-9d42-7ea63bf88025 for containerID=#22 failed. Corresponding entry not found.
2021-08-14 14:05:30,234 [EventQueue-DeleteBlockStatusForDeletedBlockLogImpl] DEBUG block.DeletedBlockLogImpl (DeletedBlockLogImpl.java:isTransactionFailed(278)) - Got block deletion ACK from datanode, TXIDs=23, success=true
2021-08-14 14:05:30,234 [EventQueue-DeleteBlockStatusForDeletedBlockLogImpl] DEBUG block.DeletedBlockLogImpl (DeletedBlockLogImpl.java:commitTransactions(224)) - Transaction txId=23 commit by dnId=a3a688a0-b759-42a1-9d42-7ea63bf88025 for containerID=#23 failed. Corresponding entry not found.
2021-08-14 14:05:30,234 [EventQueue-DeleteBlockStatusForDeletedBlockLogImpl] DEBUG block.DeletedBlockLogImpl (DeletedBlockLogImpl.java:isTransactionFailed(278)) - Got block deletion ACK from datanode, TXIDs=24, success=true
2021-08-14 14:05:30,234 [EventQueue-DeleteBlockStatusForDeletedBlockLogImpl] DEBUG block.DeletedBlockLogImpl (DeletedBlockLogImpl.java:commitTransactions(224)) - Transaction txId=24 commit by dnId=a3a688a0-b759-42a1-9d42-7ea63bf88025 for containerID=#24 failed. Corresponding entry not found.
2021-08-14 14:05:30,234 [EventQueue-DeleteBlockStatusForDeletedBlockLogImpl] DEBUG block.DeletedBlockLogImpl (DeletedBlockLogImpl.java:isTransactionFailed(278)) - Got block deletion ACK from datanode, TXIDs=25, success=true
2021-08-14 14:05:30,234 [EventQueue-DeleteBlockStatusForDeletedBlockLogImpl] DEBUG block.DeletedBlockLogImpl (DeletedBlockLogImpl.java:commitTransactions(224)) - Transaction txId=25 commit by dnId=a3a688a0-b759-42a1-9d42-7ea63bf88025 for containerID=#25 failed. Corresponding entry not found.
2021-08-14 14:05:30,234 [EventQueue-DeleteBlockStatusForDeletedBlockLogImpl] DEBUG block.DeletedBlockLogImpl (DeletedBlockLogImpl.java:isTransactionFailed(278)) - Got block deletion ACK from datanode, TXIDs=26, success=true
2021-08-14 14:05:30,234 [EventQueue-DeleteBlockStatusForDeletedBlockLogImpl] DEBUG block.DeletedBlockLogImpl (DeletedBlockLogImpl.java:commitTransactions(224)) - Transaction txId=26 commit by dnId=a3a688a0-b759-42a1-9d42-7ea63bf88025 for containerID=#26 failed. Corresponding entry not found.
2021-08-14 14:05:30,234 [EventQueue-DeleteBlockStatusForDeletedBlockLogImpl] DEBUG block.DeletedBlockLogImpl (DeletedBlockLogImpl.java:isTransactionFailed(278)) - Got block deletion ACK from datanode, TXIDs=27, success=true
2021-08-14 14:05:30,234 [EventQueue-DeleteBlockStatusForDeletedBlockLogImpl] DEBUG block.DeletedBlockLogImpl (DeletedBlockLogImpl.java:commitTransactions(224)) - Transaction txId=27 commit by dnId=a3a688a0-b759-42a1-9d42-7ea63bf88025 for containerID=#27 failed. Corresponding entry not found.
2021-08-14 14:05:30,234 [EventQueue-DeleteBlockStatusForDeletedBlockLogImpl] DEBUG block.DeletedBlockLogImpl (DeletedBlockLogImpl.java:isTransactionFailed(278)) - Got block deletion ACK from datanode, TXIDs=28, success=true
2021-08-14 14:05:30,234 [EventQueue-DeleteBlockStatusForDeletedBlockLogImpl] DEBUG block.DeletedBlockLogImpl (DeletedBlockLogImpl.java:commitTransactions(224)) - Transaction txId=28 commit by dnId=a3a688a0-b759-42a1-9d42-7ea63bf88025 for containerID=#28 failed. Corresponding entry not found.
2021-08-14 14:05:30,234 [EventQueue-DeleteBlockStatusForDeletedBlockLogImpl] DEBUG block.DeletedBlockLogImpl (DeletedBlockLogImpl.java:isTransactionFailed(278)) - Got block deletion ACK from datanode, TXIDs=29, success=true
2021-08-14 14:05:30,234 [EventQueue-DeleteBlockStatusForDeletedBlockLogImpl] DEBUG block.DeletedBlockLogImpl (DeletedBlockLogImpl.java:commitTransactions(224)) - Transaction txId=29 commit by dnId=a3a688a0-b759-42a1-9d42-7ea63bf88025 for containerID=#29 failed. Corresponding entry not found.
2021-08-14 14:05:30,234 [EventQueue-DeleteBlockStatusForDeletedBlockLogImpl] DEBUG block.DeletedBlockLogImpl (DeletedBlockLogImpl.java:isTransactionFailed(278)) - Got block deletion ACK from datanode, TXIDs=30, success=true
2021-08-14 14:05:30,234 [EventQueue-DeleteBlockStatusForDeletedBlockLogImpl] DEBUG block.DeletedBlockLogImpl (DeletedBlockLogImpl.java:commitTransactions(224)) - Transaction txId=30 commit by dnId=a3a688a0-b759-42a1-9d42-7ea63bf88025 for containerID=#30 failed. Corresponding entry not found.
2021-08-14 14:05:30,234 [EventQueue-DeleteBlockStatusForDeletedBlockLogImpl] DEBUG block.DeletedBlockLogImpl (DeletedBlockLogImpl.java:isTransactionFailed(278)) - Got block deletion ACK from datanode, TXIDs=31, success=true
2021-08-14 14:05:30,235 [EventQueue-DeleteBlockStatusForDeletedBlockLogImpl] DEBUG block.DeletedBlockLogImpl (DeletedBlockLogImpl.java:commitTransactions(224)) - Transaction txId=31 commit by dnId=a3a688a0-b759-42a1-9d42-7ea63bf88025 for containerID=#31 failed. Corresponding entry not found.
2021-08-14 14:05:30,235 [EventQueue-DeleteBlockStatusForDeletedBlockLogImpl] DEBUG block.DeletedBlockLogImpl (DeletedBlockLogImpl.java:isTransactionFailed(278)) - Got block deletion ACK from datanode, TXIDs=32, success=true
2021-08-14 14:05:30,235 [EventQueue-DeleteBlockStatusForDeletedBlockLogImpl] DEBUG block.DeletedBlockLogImpl (DeletedBlockLogImpl.java:commitTransactions(224)) - Transaction txId=32 commit by dnId=a3a688a0-b759-42a1-9d42-7ea63bf88025 for containerID=#32 failed. Corresponding entry not found.
2021-08-14 14:05:30,235 [EventQueue-DeleteBlockStatusForDeletedBlockLogImpl] DEBUG block.DeletedBlockLogImpl (DeletedBlockLogImpl.java:isTransactionFailed(278)) - Got block deletion ACK from datanode, TXIDs=33, success=true
2021-08-14 14:05:30,235 [EventQueue-DeleteBlockStatusForDeletedBlockLogImpl] DEBUG block.DeletedBlockLogImpl (DeletedBlockLogImpl.java:commitTransactions(224)) - Transaction txId=33 commit by dnId=a3a688a0-b759-42a1-9d42-7ea63bf88025 for containerID=#33 failed. Corresponding entry not found.
2021-08-14 14:05:30,235 [EventQueue-DeleteBlockStatusForDeletedBlockLogImpl] DEBUG block.DeletedBlockLogImpl (DeletedBlockLogImpl.java:isTransactionFailed(278)) - Got block deletion ACK from datanode, TXIDs=34, success=true
2021-08-14 14:05:30,235 [EventQueue-DeleteBlockStatusForDeletedBlockLogImpl] DEBUG block.DeletedBlockLogImpl (DeletedBlockLogImpl.java:commitTransactions(224)) - Transaction txId=34 commit by dnId=a3a688a0-b759-42a1-9d42-7ea63bf88025 for containerID=#34 failed. Corresponding entry not found.
2021-08-14 14:05:30,235 [EventQueue-DeleteBlockStatusForDeletedBlockLogImpl] DEBUG block.DeletedBlockLogImpl (DeletedBlockLogImpl.java:isTransactionFailed(278)) - Got block deletion ACK from datanode, TXIDs=35, success=true
2021-08-14 14:05:30,235 [EventQueue-DeleteBlockStatusForDeletedBlockLogImpl] DEBUG block.DeletedBlockLogImpl (DeletedBlockLogImpl.java:commitTransactions(224)) - Transaction txId=35 commit by dnId=a3a688a0-b759-42a1-9d42-7ea63bf88025 for containerID=#35 failed. Corresponding entry not found.
2021-08-14 14:05:30,235 [EventQueue-DeleteBlockStatusForDeletedBlockLogImpl] DEBUG block.DeletedBlockLogImpl (DeletedBlockLogImpl.java:isTransactionFailed(278)) - Got block deletion ACK from datanode, TXIDs=36, success=true
2021-08-14 14:05:30,235 [EventQueue-DeleteBlockStatusForDeletedBlockLogImpl] DEBUG block.DeletedBlockLogImpl (DeletedBlockLogImpl.java:commitTransactions(224)) - Transaction txId=36 commit by dnId=a3a688a0-b759-42a1-9d42-7ea63bf88025 for containerID=#36 failed. Corresponding entry not found.
2021-08-14 14:05:30,235 [EventQueue-DeleteBlockStatusForDeletedBlockLogImpl] DEBUG block.DeletedBlockLogImpl (DeletedBlockLogImpl.java:isTransactionFailed(278)) - Got block deletion ACK from datanode, TXIDs=37, success=true
2021-08-14 14:05:30,235 [EventQueue-DeleteBlockStatusForDeletedBlockLogImpl] DEBUG block.DeletedBlockLogImpl (DeletedBlockLogImpl.java:commitTransactions(224)) - Transaction txId=37 commit by dnId=a3a688a0-b759-42a1-9d42-7ea63bf88025 for containerID=#37 failed. Corresponding entry not found.
2021-08-14 14:05:30,235 [EventQueue-DeleteBlockStatusForDeletedBlockLogImpl] DEBUG block.DeletedBlockLogImpl (DeletedBlockLogImpl.java:isTransactionFailed(278)) - Got block deletion ACK from datanode, TXIDs=38, success=true
2021-08-14 14:05:30,235 [EventQueue-DeleteBlockStatusForDeletedBlockLogImpl] DEBUG block.DeletedBlockLogImpl (DeletedBlockLogImpl.java:commitTransactions(224)) - Transaction txId=38 commit by dnId=a3a688a0-b759-42a1-9d42-7ea63bf88025 for containerID=#38 failed. Corresponding entry not found.
2021-08-14 14:05:30,235 [EventQueue-DeleteBlockStatusForDeletedBlockLogImpl] DEBUG block.DeletedBlockLogImpl (DeletedBlockLogImpl.java:isTransactionFailed(278)) - Got block deletion ACK from datanode, TXIDs=39, success=true
2021-08-14 14:05:30,235 [EventQueue-DeleteBlockStatusForDeletedBlockLogImpl] DEBUG block.DeletedBlockLogImpl (DeletedBlockLogImpl.java:commitTransactions(224)) - Transaction txId=39 commit by dnId=a3a688a0-b759-42a1-9d42-7ea63bf88025 for containerID=#39 failed. Corresponding entry not found.
2021-08-14 14:05:30,235 [EventQueue-DeleteBlockStatusForDeletedBlockLogImpl] DEBUG block.DeletedBlockLogImpl (DeletedBlockLogImpl.java:isTransactionFailed(278)) - Got block deletion ACK from datanode, TXIDs=40, success=true
2021-08-14 14:05:30,235 [EventQueue-DeleteBlockStatusForDeletedBlockLogImpl] DEBUG block.DeletedBlockLogImpl (DeletedBlockLogImpl.java:commitTransactions(224)) - Transaction txId=40 commit by dnId=a3a688a0-b759-42a1-9d42-7ea63bf88025 for containerID=#40 failed. Corresponding entry not found.
2021-08-14 14:05:30,235 [EventQueue-DeleteBlockStatusForDeletedBlockLogImpl] DEBUG block.DeletedBlockLogImpl (DeletedBlockLogImpl.java:isTransactionFailed(278)) - Got block deletion ACK from datanode, TXIDs=41, success=true
2021-08-14 14:05:30,235 [EventQueue-DeleteBlockStatusForDeletedBlockLogImpl] DEBUG block.DeletedBlockLogImpl (DeletedBlockLogImpl.java:commitTransactions(224)) - Transaction txId=41 commit by dnId=a3a688a0-b759-42a1-9d42-7ea63bf88025 for containerID=#41 failed. Corresponding entry not found.
2021-08-14 14:05:30,235 [EventQueue-DeleteBlockStatusForDeletedBlockLogImpl] DEBUG block.DeletedBlockLogImpl (DeletedBlockLogImpl.java:isTransactionFailed(278)) - Got block deletion ACK from datanode, TXIDs=42, success=true
2021-08-14 14:05:30,235 [EventQueue-DeleteBlockStatusForDeletedBlockLogImpl] DEBUG block.DeletedBlockLogImpl (DeletedBlockLogImpl.java:commitTransactions(224)) - Transaction txId=42 commit by dnId=a3a688a0-b759-42a1-9d42-7ea63bf88025 for containerID=#42 failed. Corresponding entry not found.
2021-08-14 14:05:30,235 [EventQueue-DeleteBlockStatusForDeletedBlockLogImpl] DEBUG block.DeletedBlockLogImpl (DeletedBlockLogImpl.java:isTransactionFailed(278)) - Got block deletion ACK from datanode, TXIDs=43, success=true
2021-08-14 14:05:30,235 [EventQueue-DeleteBlockStatusForDeletedBlockLogImpl] DEBUG block.DeletedBlockLogImpl (DeletedBlockLogImpl.java:commitTransactions(224)) - Transaction txId=43 commit by dnId=a3a688a0-b759-42a1-9d42-7ea63bf88025 for containerID=#43 failed. Corresponding entry not found.
2021-08-14 14:05:30,235 [EventQueue-DeleteBlockStatusForDeletedBlockLogImpl] DEBUG block.DeletedBlockLogImpl (DeletedBlockLogImpl.java:isTransactionFailed(278)) - Got block deletion ACK from datanode, TXIDs=44, success=true
2021-08-14 14:05:30,235 [EventQueue-DeleteBlockStatusForDeletedBlockLogImpl] DEBUG block.DeletedBlockLogImpl (DeletedBlockLogImpl.java:commitTransactions(224)) - Transaction txId=44 commit by dnId=a3a688a0-b759-42a1-9d42-7ea63bf88025 for containerID=#44 failed. Corresponding entry not found.
2021-08-14 14:05:30,235 [EventQueue-DeleteBlockStatusForDeletedBlockLogImpl] DEBUG block.DeletedBlockLogImpl (DeletedBlockLogImpl.java:isTransactionFailed(278)) - Got block deletion ACK from datanode, TXIDs=45, success=true
2021-08-14 14:05:30,235 [EventQueue-DeleteBlockStatusForDeletedBlockLogImpl] DEBUG block.DeletedBlockLogImpl (DeletedBlockLogImpl.java:commitTransactions(224)) - Transaction txId=45 commit by dnId=a3a688a0-b759-42a1-9d42-7ea63bf88025 for containerID=#45 failed. Corresponding entry not found.
2021-08-14 14:05:30,235 [EventQueue-DeleteBlockStatusForDeletedBlockLogImpl] DEBUG block.DeletedBlockLogImpl (DeletedBlockLogImpl.java:isTransactionFailed(278)) - Got block deletion ACK from datanode, TXIDs=46, success=true
2021-08-14 14:05:30,235 [EventQueue-DeleteBlockStatusForDeletedBlockLogImpl] DEBUG block.DeletedBlockLogImpl (DeletedBlockLogImpl.java:commitTransactions(224)) - Transaction txId=46 commit by dnId=a3a688a0-b759-42a1-9d42-7ea63bf88025 for containerID=#46 failed. Corresponding entry not found.
2021-08-14 14:05:30,235 [EventQueue-DeleteBlockStatusForDeletedBlockLogImpl] DEBUG block.DeletedBlockLogImpl (DeletedBlockLogImpl.java:isTransactionFailed(278)) - Got block deletion ACK from datanode, TXIDs=47, success=true
2021-08-14 14:05:30,235 [EventQueue-DeleteBlockStatusForDeletedBlockLogImpl] DEBUG block.DeletedBlockLogImpl (DeletedBlockLogImpl.java:commitTransactions(224)) - Transaction txId=47 commit by dnId=a3a688a0-b759-42a1-9d42-7ea63bf88025 for containerID=#47 failed. Corresponding entry not found.
2021-08-14 14:05:30,235 [EventQueue-DeleteBlockStatusForDeletedBlockLogImpl] DEBUG block.DeletedBlockLogImpl (DeletedBlockLogImpl.java:isTransactionFailed(278)) - Got block deletion ACK from datanode, TXIDs=48, success=true
2021-08-14 14:05:30,235 [EventQueue-DeleteBlockStatusForDeletedBlockLogImpl] DEBUG block.DeletedBlockLogImpl (DeletedBlockLogImpl.java:commitTransactions(224)) - Transaction txId=48 commit by dnId=a3a688a0-b759-42a1-9d42-7ea63bf88025 for containerID=#48 failed. Corresponding entry not found.
2021-08-14 14:05:30,235 [EventQueue-DeleteBlockStatusForDeletedBlockLogImpl] DEBUG block.DeletedBlockLogImpl (DeletedBlockLogImpl.java:isTransactionFailed(278)) - Got block deletion ACK from datanode, TXIDs=49, success=true
2021-08-14 14:05:30,235 [EventQueue-DeleteBlockStatusForDeletedBlockLogImpl] DEBUG block.DeletedBlockLogImpl (DeletedBlockLogImpl.java:commitTransactions(224)) - Transaction txId=49 commit by dnId=a3a688a0-b759-42a1-9d42-7ea63bf88025 for containerID=#49 failed. Corresponding entry not found.
2021-08-14 14:05:30,235 [EventQueue-DeleteBlockStatusForDeletedBlockLogImpl] DEBUG block.DeletedBlockLogImpl (DeletedBlockLogImpl.java:isTransactionFailed(278)) - Got block deletion ACK from datanode, TXIDs=50, success=true
2021-08-14 14:05:30,235 [EventQueue-DeleteBlockStatusForDeletedBlockLogImpl] DEBUG block.DeletedBlockLogImpl (DeletedBlockLogImpl.java:commitTransactions(224)) - Transaction txId=50 commit by dnId=a3a688a0-b759-42a1-9d42-7ea63bf88025 for containerID=#50 failed. Corresponding entry not found.
2021-08-14 14:05:30,235 [EventQueue-DeleteBlockStatusForDeletedBlockLogImpl] DEBUG block.DeletedBlockLogImpl (DeletedBlockLogImpl.java:isTransactionFailed(278)) - Got block deletion ACK from datanode, TXIDs=51, success=true
2021-08-14 14:05:30,235 [EventQueue-DeleteBlockStatusForDeletedBlockLogImpl] DEBUG block.DeletedBlockLogImpl (DeletedBlockLogImpl.java:commitTransactions(224)) - Transaction txId=51 commit by dnId=a3a688a0-b759-42a1-9d42-7ea63bf88025 for containerID=#51 failed. Corresponding entry not found.
2021-08-14 14:05:30,235 [EventQueue-DeleteBlockStatusForDeletedBlockLogImpl] DEBUG block.DeletedBlockLogImpl (DeletedBlockLogImpl.java:isTransactionFailed(278)) - Got block deletion ACK from datanode, TXIDs=52, success=true
2021-08-14 14:05:30,235 [EventQueue-DeleteBlockStatusForDeletedBlockLogImpl] DEBUG block.DeletedBlockLogImpl (DeletedBlockLogImpl.java:commitTransactions(224)) - Transaction txId=52 commit by dnId=a3a688a0-b759-42a1-9d42-7ea63bf88025 for containerID=#52 failed. Corresponding entry not found.
2021-08-14 14:05:30,235 [EventQueue-DeleteBlockStatusForDeletedBlockLogImpl] DEBUG block.DeletedBlockLogImpl (DeletedBlockLogImpl.java:isTransactionFailed(278)) - Got block deletion ACK from datanode, TXIDs=53, success=true
2021-08-14 14:05:30,235 [EventQueue-DeleteBlockStatusForDeletedBlockLogImpl] DEBUG block.DeletedBlockLogImpl (DeletedBlockLogImpl.java:commitTransactions(224)) - Transaction txId=53 commit by dnId=a3a688a0-b759-42a1-9d42-7ea63bf88025 for containerID=#53 failed. Corresponding entry not found.
2021-08-14 14:05:30,235 [EventQueue-DeleteBlockStatusForDeletedBlockLogImpl] DEBUG block.DeletedBlockLogImpl (DeletedBlockLogImpl.java:isTransactionFailed(278)) - Got block deletion ACK from datanode, TXIDs=54, success=true
2021-08-14 14:05:30,235 [EventQueue-DeleteBlockStatusForDeletedBlockLogImpl] DEBUG block.DeletedBlockLogImpl (DeletedBlockLogImpl.java:commitTransactions(224)) - Transaction txId=54 commit by dnId=a3a688a0-b759-42a1-9d42-7ea63bf88025 for containerID=#54 failed. Corresponding entry not found.
2021-08-14 14:05:30,235 [EventQueue-DeleteBlockStatusForDeletedBlockLogImpl] DEBUG block.DeletedBlockLogImpl (DeletedBlockLogImpl.java:isTransactionFailed(278)) - Got block deletion ACK from datanode, TXIDs=55, success=true
2021-08-14 14:05:30,235 [EventQueue-DeleteBlockStatusForDeletedBlockLogImpl] DEBUG block.DeletedBlockLogImpl (DeletedBlockLogImpl.java:commitTransactions(224)) - Transaction txId=55 commit by dnId=a3a688a0-b759-42a1-9d42-7ea63bf88025 for containerID=#55 failed. Corresponding entry not found.
2021-08-14 14:05:30,236 [EventQueue-DeleteBlockStatusForDeletedBlockLogImpl] DEBUG block.DeletedBlockLogImpl (DeletedBlockLogImpl.java:isTransactionFailed(278)) - Got block deletion ACK from datanode, TXIDs=56, success=true
2021-08-14 14:05:30,236 [EventQueue-DeleteBlockStatusForDeletedBlockLogImpl] DEBUG block.DeletedBlockLogImpl (DeletedBlockLogImpl.java:commitTransactions(224)) - Transaction txId=56 commit by dnId=a3a688a0-b759-42a1-9d42-7ea63bf88025 for containerID=#56 failed. Corresponding entry not found.
2021-08-14 14:05:30,236 [EventQueue-DeleteBlockStatusForDeletedBlockLogImpl] DEBUG block.DeletedBlockLogImpl (DeletedBlockLogImpl.java:isTransactionFailed(278)) - Got block deletion ACK from datanode, TXIDs=19, success=true
2021-08-14 14:05:30,236 [EventQueue-DeleteBlockStatusForDeletedBlockLogImpl] DEBUG block.DeletedBlockLogImpl (DeletedBlockLogImpl.java:commitTransactions(224)) - Transaction txId=19 commit by dnId=a3a688a0-b759-42a1-9d42-7ea63bf88025 for containerID=#19 failed. Corresponding entry not found.
2021-08-14 14:05:30,236 [EventQueue-DeleteBlockStatusForDeletedBlockLogImpl] DEBUG block.DeletedBlockLogImpl (DeletedBlockLogImpl.java:isTransactionFailed(278)) - Got block deletion ACK from datanode, TXIDs=20, success=true
2021-08-14 14:05:30,236 [EventQueue-DeleteBlockStatusForDeletedBlockLogImpl] DEBUG block.DeletedBlockLogImpl (DeletedBlockLogImpl.java:commitTransactions(224)) - Transaction txId=20 commit by dnId=a3a688a0-b759-42a1-9d42-7ea63bf88025 for containerID=#20 failed. Corresponding entry not found.
2021-08-14 14:05:30,236 [EventQueue-DeleteBlockStatusForDeletedBlockLogImpl] DEBUG block.DeletedBlockLogImpl (DeletedBlockLogImpl.java:isTransactionFailed(278)) - Got block deletion ACK from datanode, TXIDs=21, success=true
2021-08-14 14:05:30,236 [EventQueue-DeleteBlockStatusForDeletedBlockLogImpl] DEBUG block.DeletedBlockLogImpl (DeletedBlockLogImpl.java:commitTransactions(224)) - Transaction txId=21 commit by dnId=a3a688a0-b759-42a1-9d42-7ea63bf88025 for containerID=#21 failed. Corresponding entry not found.
2021-08-14 14:05:30,236 [EventQueue-DeleteBlockStatusForDeletedBlockLogImpl] DEBUG block.DeletedBlockLogImpl (DeletedBlockLogImpl.java:isTransactionFailed(278)) - Got block deletion ACK from datanode, TXIDs=22, success=true
2021-08-14 14:05:30,236 [EventQueue-DeleteBlockStatusForDeletedBlockLogImpl] DEBUG block.DeletedBlockLogImpl (DeletedBlockLogImpl.java:commitTransactions(224)) - Transaction txId=22 commit by dnId=a3a688a0-b759-42a1-9d42-7ea63bf88025 for containerID=#22 failed. Corresponding entry not found.
2021-08-14 14:05:30,236 [EventQueue-DeleteBlockStatusForDeletedBlockLogImpl] DEBUG block.DeletedBlockLogImpl (DeletedBlockLogImpl.java:isTransactionFailed(278)) - Got block deletion ACK from datanode, TXIDs=23, success=true
2021-08-14 14:05:30,236 [EventQueue-DeleteBlockStatusForDeletedBlockLogImpl] DEBUG block.DeletedBlockLogImpl (DeletedBlockLogImpl.java:commitTransactions(224)) - Transaction txId=23 commit by dnId=a3a688a0-b759-42a1-9d42-7ea63bf88025 for containerID=#23 failed. Corresponding entry not found.
2021-08-14 14:05:30,236 [EventQueue-DeleteBlockStatusForDeletedBlockLogImpl] DEBUG block.DeletedBlockLogImpl (DeletedBlockLogImpl.java:isTransactionFailed(278)) - Got block deletion ACK from datanode, TXIDs=24, success=true
2021-08-14 14:05:30,236 [EventQueue-DeleteBlockStatusForDeletedBlockLogImpl] DEBUG block.DeletedBlockLogImpl (DeletedBlockLogImpl.java:commitTransactions(224)) - Transaction txId=24 commit by dnId=a3a688a0-b759-42a1-9d42-7ea63bf88025 for containerID=#24 failed. Corresponding entry not found.
2021-08-14 14:05:30,236 [EventQueue-DeleteBlockStatusForDeletedBlockLogImpl] DEBUG block.DeletedBlockLogImpl (DeletedBlockLogImpl.java:isTransactionFailed(278)) - Got block deletion ACK from datanode, TXIDs=25, success=true
2021-08-14 14:05:30,236 [EventQueue-DeleteBlockStatusForDeletedBlockLogImpl] DEBUG block.DeletedBlockLogImpl (DeletedBlockLogImpl.java:commitTransactions(224)) - Transaction txId=25 commit by dnId=a3a688a0-b759-42a1-9d42-7ea63bf88025 for containerID=#25 failed. Corresponding entry not found.
2021-08-14 14:05:30,236 [EventQueue-DeleteBlockStatusForDeletedBlockLogImpl] DEBUG block.DeletedBlockLogImpl (DeletedBlockLogImpl.java:isTransactionFailed(278)) - Got block deletion ACK from datanode, TXIDs=26, success=true
2021-08-14 14:05:30,236 [EventQueue-DeleteBlockStatusForDeletedBlockLogImpl] DEBUG block.DeletedBlockLogImpl (DeletedBlockLogImpl.java:commitTransactions(224)) - Transaction txId=26 commit by dnId=a3a688a0-b759-42a1-9d42-7ea63bf88025 for containerID=#26 failed. Corresponding entry not found.
2021-08-14 14:05:30,236 [EventQueue-DeleteBlockStatusForDeletedBlockLogImpl] DEBUG block.DeletedBlockLogImpl (DeletedBlockLogImpl.java:isTransactionFailed(278)) - Got block deletion ACK from datanode, TXIDs=27, success=true
2021-08-14 14:05:30,236 [EventQueue-DeleteBlockStatusForDeletedBlockLogImpl] DEBUG block.DeletedBlockLogImpl (DeletedBlockLogImpl.java:commitTransactions(224)) - Transaction txId=27 commit by dnId=a3a688a0-b759-42a1-9d42-7ea63bf88025 for containerID=#27 failed. Corresponding entry not found.
2021-08-14 14:05:30,236 [EventQueue-DeleteBlockStatusForDeletedBlockLogImpl] DEBUG block.DeletedBlockLogImpl (DeletedBlockLogImpl.java:isTransactionFailed(278)) - Got block deletion ACK from datanode, TXIDs=28, success=true
2021-08-14 14:05:30,236 [EventQueue-DeleteBlockStatusForDeletedBlockLogImpl] DEBUG block.DeletedBlockLogImpl (DeletedBlockLogImpl.java:commitTransactions(224)) - Transaction txId=28 commit by dnId=a3a688a0-b759-42a1-9d42-7ea63bf88025 for containerID=#28 failed. Corresponding entry not found.
2021-08-14 14:05:30,236 [EventQueue-DeleteBlockStatusForDeletedBlockLogImpl] DEBUG block.DeletedBlockLogImpl (DeletedBlockLogImpl.java:isTransactionFailed(278)) - Got block deletion ACK from datanode, TXIDs=29, success=true
2021-08-14 14:05:30,236 [EventQueue-DeleteBlockStatusForDeletedBlockLogImpl] DEBUG block.DeletedBlockLogImpl (DeletedBlockLogImpl.java:commitTransactions(224)) - Transaction txId=29 commit by dnId=a3a688a0-b759-42a1-9d42-7ea63bf88025 for containerID=#29 failed. Corresponding entry not found.
2021-08-14 14:05:30,236 [EventQueue-DeleteBlockStatusForDeletedBlockLogImpl] DEBUG block.DeletedBlockLogImpl (DeletedBlockLogImpl.java:isTransactionFailed(278)) - Got block deletion ACK from datanode, TXIDs=30, success=true
2021-08-14 14:05:30,236 [EventQueue-DeleteBlockStatusForDeletedBlockLogImpl] DEBUG block.DeletedBlockLogImpl (DeletedBlockLogImpl.java:commitTransactions(224)) - Transaction txId=30 commit by dnId=a3a688a0-b759-42a1-9d42-7ea63bf88025 for containerID=#30 failed. Corresponding entry not found.
2021-08-14 14:05:30,236 [EventQueue-DeleteBlockStatusForDeletedBlockLogImpl] DEBUG block.DeletedBlockLogImpl (DeletedBlockLogImpl.java:isTransactionFailed(278)) - Got block deletion ACK from datanode, TXIDs=31, success=true
2021-08-14 14:05:30,236 [EventQueue-DeleteBlockStatusForDeletedBlockLogImpl] DEBUG block.DeletedBlockLogImpl (DeletedBlockLogImpl.java:commitTransactions(224)) - Transaction txId=31 commit by dnId=a3a688a0-b759-42a1-9d42-7ea63bf88025 for containerID=#31 failed. Corresponding entry not found.
2021-08-14 14:05:30,236 [EventQueue-DeleteBlockStatusForDeletedBlockLogImpl] DEBUG block.DeletedBlockLogImpl (DeletedBlockLogImpl.java:isTransactionFailed(278)) - Got block deletion ACK from datanode, TXIDs=32, success=true
2021-08-14 14:05:30,236 [EventQueue-DeleteBlockStatusForDeletedBlockLogImpl] DEBUG block.DeletedBlockLogImpl (DeletedBlockLogImpl.java:commitTransactions(224)) - Transaction txId=32 commit by dnId=a3a688a0-b759-42a1-9d42-7ea63bf88025 for containerID=#32 failed. Corresponding entry not found.
2021-08-14 14:05:30,236 [EventQueue-DeleteBlockStatusForDeletedBlockLogImpl] DEBUG block.DeletedBlockLogImpl (DeletedBlockLogImpl.java:isTransactionFailed(278)) - Got block deletion ACK from datanode, TXIDs=33, success=true
2021-08-14 14:05:30,236 [EventQueue-DeleteBlockStatusForDeletedBlockLogImpl] DEBUG block.DeletedBlockLogImpl (DeletedBlockLogImpl.java:commitTransactions(224)) - Transaction txId=33 commit by dnId=a3a688a0-b759-42a1-9d42-7ea63bf88025 for containerID=#33 failed. Corresponding entry not found.
2021-08-14 14:05:30,236 [EventQueue-DeleteBlockStatusForDeletedBlockLogImpl] DEBUG block.DeletedBlockLogImpl (DeletedBlockLogImpl.java:isTransactionFailed(278)) - Got block deletion ACK from datanode, TXIDs=34, success=true
2021-08-14 14:05:30,236 [EventQueue-DeleteBlockStatusForDeletedBlockLogImpl] DEBUG block.DeletedBlockLogImpl (DeletedBlockLogImpl.java:commitTransactions(224)) - Transaction txId=34 commit by dnId=a3a688a0-b759-42a1-9d42-7ea63bf88025 for containerID=#34 failed. Corresponding entry not found.
2021-08-14 14:05:30,236 [EventQueue-DeleteBlockStatusForDeletedBlockLogImpl] DEBUG block.DeletedBlockLogImpl (DeletedBlockLogImpl.java:isTransactionFailed(278)) - Got block deletion ACK from datanode, TXIDs=35, success=true
2021-08-14 14:05:30,236 [EventQueue-DeleteBlockStatusForDeletedBlockLogImpl] DEBUG block.DeletedBlockLogImpl (DeletedBlockLogImpl.java:commitTransactions(224)) - Transaction txId=35 commit by dnId=a3a688a0-b759-42a1-9d42-7ea63bf88025 for containerID=#35 failed. Corresponding entry not found.
2021-08-14 14:05:30,236 [EventQueue-DeleteBlockStatusForDeletedBlockLogImpl] DEBUG block.DeletedBlockLogImpl (DeletedBlockLogImpl.java:isTransactionFailed(278)) - Got block deletion ACK from datanode, TXIDs=36, success=true
2021-08-14 14:05:30,236 [EventQueue-DeleteBlockStatusForDeletedBlockLogImpl] DEBUG block.DeletedBlockLogImpl (DeletedBlockLogImpl.java:commitTransactions(224)) - Transaction txId=36 commit by dnId=a3a688a0-b759-42a1-9d42-7ea63bf88025 for containerID=#36 failed. Corresponding entry not found.
2021-08-14 14:05:30,236 [EventQueue-DeleteBlockStatusForDeletedBlockLogImpl] DEBUG block.DeletedBlockLogImpl (DeletedBlockLogImpl.java:isTransactionFailed(278)) - Got block deletion ACK from datanode, TXIDs=37, success=true
2021-08-14 14:05:30,236 [EventQueue-DeleteBlockStatusForDeletedBlockLogImpl] DEBUG block.DeletedBlockLogImpl (DeletedBlockLogImpl.java:commitTransactions(224)) - Transaction txId=37 commit by dnId=a3a688a0-b759-42a1-9d42-7ea63bf88025 for containerID=#37 failed. Corresponding entry not found.
2021-08-14 14:05:30,236 [EventQueue-DeleteBlockStatusForDeletedBlockLogImpl] DEBUG block.DeletedBlockLogImpl (DeletedBlockLogImpl.java:isTransactionFailed(278)) - Got block deletion ACK from datanode, TXIDs=38, success=true
2021-08-14 14:05:30,236 [EventQueue-DeleteBlockStatusForDeletedBlockLogImpl] DEBUG block.DeletedBlockLogImpl (DeletedBlockLogImpl.java:commitTransactions(224)) - Transaction txId=38 commit by dnId=a3a688a0-b759-42a1-9d42-7ea63bf88025 for containerID=#38 failed. Corresponding entry not found.
2021-08-14 14:05:30,236 [EventQueue-DeleteBlockStatusForDeletedBlockLogImpl] DEBUG block.DeletedBlockLogImpl (DeletedBlockLogImpl.java:isTransactionFailed(278)) - Got block deletion ACK from datanode, TXIDs=39, success=true
2021-08-14 14:05:30,236 [EventQueue-DeleteBlockStatusForDeletedBlockLogImpl] DEBUG block.DeletedBlockLogImpl (DeletedBlockLogImpl.java:commitTransactions(224)) - Transaction txId=39 commit by dnId=a3a688a0-b759-42a1-9d42-7ea63bf88025 for containerID=#39 failed. Corresponding entry not found.
2021-08-14 14:05:30,236 [EventQueue-DeleteBlockStatusForDeletedBlockLogImpl] DEBUG block.DeletedBlockLogImpl (DeletedBlockLogImpl.java:isTransactionFailed(278)) - Got block deletion ACK from datanode, TXIDs=40, success=true
2021-08-14 14:05:30,236 [EventQueue-DeleteBlockStatusForDeletedBlockLogImpl] DEBUG block.DeletedBlockLogImpl (DeletedBlockLogImpl.java:commitTransactions(224)) - Transaction txId=40 commit by dnId=a3a688a0-b759-42a1-9d42-7ea63bf88025 for containerID=#40 failed. Corresponding entry not found.
2021-08-14 14:05:30,236 [EventQueue-DeleteBlockStatusForDeletedBlockLogImpl] DEBUG block.DeletedBlockLogImpl (DeletedBlockLogImpl.java:isTransactionFailed(278)) - Got block deletion ACK from datanode, TXIDs=41, success=true
2021-08-14 14:05:30,236 [EventQueue-DeleteBlockStatusForDeletedBlockLogImpl] DEBUG block.DeletedBlockLogImpl (DeletedBlockLogImpl.java:commitTransactions(224)) - Transaction txId=41 commit by dnId=a3a688a0-b759-42a1-9d42-7ea63bf88025 for containerID=#41 failed. Corresponding entry not found.
2021-08-14 14:05:30,237 [EventQueue-DeleteBlockStatusForDeletedBlockLogImpl] DEBUG block.DeletedBlockLogImpl (DeletedBlockLogImpl.java:isTransactionFailed(278)) - Got block deletion ACK from datanode, TXIDs=42, success=true
2021-08-14 14:05:30,237 [EventQueue-DeleteBlockStatusForDeletedBlockLogImpl] DEBUG block.DeletedBlockLogImpl (DeletedBlockLogImpl.java:commitTransactions(224)) - Transaction txId=42 commit by dnId=a3a688a0-b759-42a1-9d42-7ea63bf88025 for containerID=#42 failed. Corresponding entry not found.
2021-08-14 14:05:30,237 [EventQueue-DeleteBlockStatusForDeletedBlockLogImpl] DEBUG block.DeletedBlockLogImpl (DeletedBlockLogImpl.java:isTransactionFailed(278)) - Got block deletion ACK from datanode, TXIDs=43, success=true
2021-08-14 14:05:30,237 [EventQueue-DeleteBlockStatusForDeletedBlockLogImpl] DEBUG block.DeletedBlockLogImpl (DeletedBlockLogImpl.java:commitTransactions(224)) - Transaction txId=43 commit by dnId=a3a688a0-b759-42a1-9d42-7ea63bf88025 for containerID=#43 failed. Corresponding entry not found.
2021-08-14 14:05:30,237 [EventQueue-DeleteBlockStatusForDeletedBlockLogImpl] DEBUG block.DeletedBlockLogImpl (DeletedBlockLogImpl.java:isTransactionFailed(278)) - Got block deletion ACK from datanode, TXIDs=44, success=true
2021-08-14 14:05:30,237 [EventQueue-DeleteBlockStatusForDeletedBlockLogImpl] DEBUG block.DeletedBlockLogImpl (DeletedBlockLogImpl.java:commitTransactions(224)) - Transaction txId=44 commit by dnId=a3a688a0-b759-42a1-9d42-7ea63bf88025 for containerID=#44 failed. Corresponding entry not found.
2021-08-14 14:05:30,237 [EventQueue-DeleteBlockStatusForDeletedBlockLogImpl] DEBUG block.DeletedBlockLogImpl (DeletedBlockLogImpl.java:isTransactionFailed(278)) - Got block deletion ACK from datanode, TXIDs=45, success=true
2021-08-14 14:05:30,237 [EventQueue-DeleteBlockStatusForDeletedBlockLogImpl] DEBUG block.DeletedBlockLogImpl (DeletedBlockLogImpl.java:commitTransactions(224)) - Transaction txId=45 commit by dnId=a3a688a0-b759-42a1-9d42-7ea63bf88025 for containerID=#45 failed. Corresponding entry not found.
2021-08-14 14:05:30,237 [EventQueue-DeleteBlockStatusForDeletedBlockLogImpl] DEBUG block.DeletedBlockLogImpl (DeletedBlockLogImpl.java:isTransactionFailed(278)) - Got block deletion ACK from datanode, TXIDs=46, success=true
2021-08-14 14:05:30,237 [EventQueue-DeleteBlockStatusForDeletedBlockLogImpl] DEBUG block.DeletedBlockLogImpl (DeletedBlockLogImpl.java:commitTransactions(224)) - Transaction txId=46 commit by dnId=a3a688a0-b759-42a1-9d42-7ea63bf88025 for containerID=#46 failed. Corresponding entry not found.
2021-08-14 14:05:30,237 [EventQueue-DeleteBlockStatusForDeletedBlockLogImpl] DEBUG block.DeletedBlockLogImpl (DeletedBlockLogImpl.java:isTransactionFailed(278)) - Got block deletion ACK from datanode, TXIDs=47, success=true
2021-08-14 14:05:30,237 [EventQueue-DeleteBlockStatusForDeletedBlockLogImpl] DEBUG block.DeletedBlockLogImpl (DeletedBlockLogImpl.java:commitTransactions(224)) - Transaction txId=47 commit by dnId=a3a688a0-b759-42a1-9d42-7ea63bf88025 for containerID=#47 failed. Corresponding entry not found.
2021-08-14 14:05:30,237 [EventQueue-DeleteBlockStatusForDeletedBlockLogImpl] DEBUG block.DeletedBlockLogImpl (DeletedBlockLogImpl.java:isTransactionFailed(278)) - Got block deletion ACK from datanode, TXIDs=48, success=true
2021-08-14 14:05:30,237 [EventQueue-DeleteBlockStatusForDeletedBlockLogImpl] DEBUG block.DeletedBlockLogImpl (DeletedBlockLogImpl.java:commitTransactions(224)) - Transaction txId=48 commit by dnId=a3a688a0-b759-42a1-9d42-7ea63bf88025 for containerID=#48 failed. Corresponding entry not found.
2021-08-14 14:05:30,237 [EventQueue-DeleteBlockStatusForDeletedBlockLogImpl] DEBUG block.DeletedBlockLogImpl (DeletedBlockLogImpl.java:isTransactionFailed(278)) - Got block deletion ACK from datanode, TXIDs=49, success=true
2021-08-14 14:05:30,237 [EventQueue-DeleteBlockStatusForDeletedBlockLogImpl] DEBUG block.DeletedBlockLogImpl (DeletedBlockLogImpl.java:commitTransactions(224)) - Transaction txId=49 commit by dnId=a3a688a0-b759-42a1-9d42-7ea63bf88025 for containerID=#49 failed. Corresponding entry not found.
2021-08-14 14:05:30,237 [EventQueue-DeleteBlockStatusForDeletedBlockLogImpl] DEBUG block.DeletedBlockLogImpl (DeletedBlockLogImpl.java:isTransactionFailed(278)) - Got block deletion ACK from datanode, TXIDs=50, success=true
2021-08-14 14:05:30,237 [EventQueue-DeleteBlockStatusForDeletedBlockLogImpl] DEBUG block.DeletedBlockLogImpl (DeletedBlockLogImpl.java:commitTransactions(224)) - Transaction txId=50 commit by dnId=a3a688a0-b759-42a1-9d42-7ea63bf88025 for containerID=#50 failed. Corresponding entry not found.
2021-08-14 14:05:30,237 [EventQueue-DeleteBlockStatusForDeletedBlockLogImpl] DEBUG block.DeletedBlockLogImpl (DeletedBlockLogImpl.java:isTransactionFailed(278)) - Got block deletion ACK from datanode, TXIDs=51, success=true
2021-08-14 14:05:30,237 [EventQueue-DeleteBlockStatusForDeletedBlockLogImpl] DEBUG block.DeletedBlockLogImpl (DeletedBlockLogImpl.java:commitTransactions(224)) - Transaction txId=51 commit by dnId=a3a688a0-b759-42a1-9d42-7ea63bf88025 for containerID=#51 failed. Corresponding entry not found.
2021-08-14 14:05:30,237 [EventQueue-DeleteBlockStatusForDeletedBlockLogImpl] DEBUG block.DeletedBlockLogImpl (DeletedBlockLogImpl.java:isTransactionFailed(278)) - Got block deletion ACK from datanode, TXIDs=52, success=true
2021-08-14 14:05:30,237 [EventQueue-DeleteBlockStatusForDeletedBlockLogImpl] DEBUG block.DeletedBlockLogImpl (DeletedBlockLogImpl.java:commitTransactions(224)) - Transaction txId=52 commit by dnId=a3a688a0-b759-42a1-9d42-7ea63bf88025 for containerID=#52 failed. Corresponding entry not found.
2021-08-14 14:05:30,237 [EventQueue-DeleteBlockStatusForDeletedBlockLogImpl] DEBUG block.DeletedBlockLogImpl (DeletedBlockLogImpl.java:isTransactionFailed(278)) - Got block deletion ACK from datanode, TXIDs=53, success=true
2021-08-14 14:05:30,237 [EventQueue-DeleteBlockStatusForDeletedBlockLogImpl] DEBUG block.DeletedBlockLogImpl (DeletedBlockLogImpl.java:commitTransactions(224)) - Transaction txId=53 commit by dnId=a3a688a0-b759-42a1-9d42-7ea63bf88025 for containerID=#53 failed. Corresponding entry not found.
2021-08-14 14:05:30,237 [EventQueue-DeleteBlockStatusForDeletedBlockLogImpl] DEBUG block.DeletedBlockLogImpl (DeletedBlockLogImpl.java:isTransactionFailed(278)) - Got block deletion ACK from datanode, TXIDs=54, success=true
2021-08-14 14:05:30,237 [EventQueue-DeleteBlockStatusForDeletedBlockLogImpl] DEBUG block.DeletedBlockLogImpl (DeletedBlockLogImpl.java:commitTransactions(224)) - Transaction txId=54 commit by dnId=a3a688a0-b759-42a1-9d42-7ea63bf88025 for containerID=#54 failed. Corresponding entry not found.
2021-08-14 14:05:30,237 [EventQueue-DeleteBlockStatusForDeletedBlockLogImpl] DEBUG block.DeletedBlockLogImpl (DeletedBlockLogImpl.java:isTransactionFailed(278)) - Got block deletion ACK from datanode, TXIDs=55, success=true
2021-08-14 14:05:30,237 [EventQueue-DeleteBlockStatusForDeletedBlockLogImpl] DEBUG block.DeletedBlockLogImpl (DeletedBlockLogImpl.java:commitTransactions(224)) - Transaction txId=55 commit by dnId=a3a688a0-b759-42a1-9d42-7ea63bf88025 for containerID=#55 failed. Corresponding entry not found.
2021-08-14 14:05:30,237 [EventQueue-DeleteBlockStatusForDeletedBlockLogImpl] DEBUG block.DeletedBlockLogImpl (DeletedBlockLogImpl.java:isTransactionFailed(278)) - Got block deletion ACK from datanode, TXIDs=56, success=true
2021-08-14 14:05:30,237 [EventQueue-DeleteBlockStatusForDeletedBlockLogImpl] DEBUG block.DeletedBlockLogImpl (DeletedBlockLogImpl.java:commitTransactions(224)) - Transaction txId=56 commit by dnId=a3a688a0-b759-42a1-9d42-7ea63bf88025 for containerID=#56 failed. Corresponding entry not found.
2021-08-14 14:05:30,237 [EventQueue-DeleteBlockStatusForDeletedBlockLogImpl] DEBUG block.DeletedBlockLogImpl (DeletedBlockLogImpl.java:isTransactionFailed(278)) - Got block deletion ACK from datanode, TXIDs=19, success=true
2021-08-14 14:05:30,237 [EventQueue-DeleteBlockStatusForDeletedBlockLogImpl] DEBUG block.DeletedBlockLogImpl (DeletedBlockLogImpl.java:commitTransactions(224)) - Transaction txId=19 commit by dnId=a3a688a0-b759-42a1-9d42-7ea63bf88025 for containerID=#19 failed. Corresponding entry not found.
2021-08-14 14:05:30,237 [EventQueue-DeleteBlockStatusForDeletedBlockLogImpl] DEBUG block.DeletedBlockLogImpl (DeletedBlockLogImpl.java:isTransactionFailed(278)) - Got block deletion ACK from datanode, TXIDs=20, success=true
2021-08-14 14:05:30,237 [EventQueue-DeleteBlockStatusForDeletedBlockLogImpl] DEBUG block.DeletedBlockLogImpl (DeletedBlockLogImpl.java:commitTransactions(224)) - Transaction txId=20 commit by dnId=a3a688a0-b759-42a1-9d42-7ea63bf88025 for containerID=#20 failed. Corresponding entry not found.
2021-08-14 14:05:30,237 [EventQueue-DeleteBlockStatusForDeletedBlockLogImpl] DEBUG block.DeletedBlockLogImpl (DeletedBlockLogImpl.java:isTransactionFailed(278)) - Got block deletion ACK from datanode, TXIDs=21, success=true
2021-08-14 14:05:30,237 [EventQueue-DeleteBlockStatusForDeletedBlockLogImpl] DEBUG block.DeletedBlockLogImpl (DeletedBlockLogImpl.java:commitTransactions(224)) - Transaction txId=21 commit by dnId=a3a688a0-b759-42a1-9d42-7ea63bf88025 for containerID=#21 failed. Corresponding entry not found.
2021-08-14 14:05:30,237 [EventQueue-DeleteBlockStatusForDeletedBlockLogImpl] DEBUG block.DeletedBlockLogImpl (DeletedBlockLogImpl.java:isTransactionFailed(278)) - Got block deletion ACK from datanode, TXIDs=22, success=true
2021-08-14 14:05:30,237 [EventQueue-DeleteBlockStatusForDeletedBlockLogImpl] DEBUG block.DeletedBlockLogImpl (DeletedBlockLogImpl.java:commitTransactions(224)) - Transaction txId=22 commit by dnId=a3a688a0-b759-42a1-9d42-7ea63bf88025 for containerID=#22 failed. Corresponding entry not found.
2021-08-14 14:05:30,237 [EventQueue-DeleteBlockStatusForDeletedBlockLogImpl] DEBUG block.DeletedBlockLogImpl (DeletedBlockLogImpl.java:isTransactionFailed(278)) - Got block deletion ACK from datanode, TXIDs=23, success=true
2021-08-14 14:05:30,237 [EventQueue-DeleteBlockStatusForDeletedBlockLogImpl] DEBUG block.DeletedBlockLogImpl (DeletedBlockLogImpl.java:commitTransactions(224)) - Transaction txId=23 commit by dnId=a3a688a0-b759-42a1-9d42-7ea63bf88025 for containerID=#23 failed. Corresponding entry not found.
2021-08-14 14:05:30,237 [EventQueue-DeleteBlockStatusForDeletedBlockLogImpl] DEBUG block.DeletedBlockLogImpl (DeletedBlockLogImpl.java:isTransactionFailed(278)) - Got block deletion ACK from datanode, TXIDs=24, success=true
2021-08-14 14:05:30,237 [EventQueue-DeleteBlockStatusForDeletedBlockLogImpl] DEBUG block.DeletedBlockLogImpl (DeletedBlockLogImpl.java:commitTransactions(224)) - Transaction txId=24 commit by dnId=a3a688a0-b759-42a1-9d42-7ea63bf88025 for containerID=#24 failed. Corresponding entry not found.
2021-08-14 14:05:30,237 [EventQueue-DeleteBlockStatusForDeletedBlockLogImpl] DEBUG block.DeletedBlockLogImpl (DeletedBlockLogImpl.java:isTransactionFailed(278)) - Got block deletion ACK from datanode, TXIDs=25, success=true
2021-08-14 14:05:30,237 [EventQueue-DeleteBlockStatusForDeletedBlockLogImpl] DEBUG block.DeletedBlockLogImpl (DeletedBlockLogImpl.java:commitTransactions(224)) - Transaction txId=25 commit by dnId=a3a688a0-b759-42a1-9d42-7ea63bf88025 for containerID=#25 failed. Corresponding entry not found.
2021-08-14 14:05:30,237 [EventQueue-DeleteBlockStatusForDeletedBlockLogImpl] DEBUG block.DeletedBlockLogImpl (DeletedBlockLogImpl.java:isTransactionFailed(278)) - Got block deletion ACK from datanode, TXIDs=26, success=true
2021-08-14 14:05:30,277 [EventQueue-DeleteBlockStatusForDeletedBlockLogImpl] DEBUG block.DeletedBlockLogImpl (DeletedBlockLogImpl.java:commitTransactions(224)) - Transaction txId=26 commit by dnId=a3a688a0-b759-42a1-9d42-7ea63bf88025 for containerID=#26 failed. Corresponding entry not found.
2021-08-14 14:05:30,277 [EventQueue-DeleteBlockStatusForDeletedBlockLogImpl] DEBUG block.DeletedBlockLogImpl (DeletedBlockLogImpl.java:isTransactionFailed(278)) - Got block deletion ACK from datanode, TXIDs=27, success=true
2021-08-14 14:05:30,277 [EventQueue-DeleteBlockStatusForDeletedBlockLogImpl] DEBUG block.DeletedBlockLogImpl (DeletedBlockLogImpl.java:commitTransactions(224)) - Transaction txId=27 commit by dnId=a3a688a0-b759-42a1-9d42-7ea63bf88025 for containerID=#27 failed. Corresponding entry not found.
2021-08-14 14:05:30,277 [EventQueue-DeleteBlockStatusForDeletedBlockLogImpl] DEBUG block.DeletedBlockLogImpl (DeletedBlockLogImpl.java:isTransactionFailed(278)) - Got block deletion ACK from datanode, TXIDs=28, success=true
2021-08-14 14:05:30,277 [EventQueue-DeleteBlockStatusForDeletedBlockLogImpl] DEBUG block.DeletedBlockLogImpl (DeletedBlockLogImpl.java:commitTransactions(224)) - Transaction txId=28 commit by dnId=a3a688a0-b759-42a1-9d42-7ea63bf88025 for containerID=#28 failed. Corresponding entry not found.
2021-08-14 14:05:30,277 [EventQueue-DeleteBlockStatusForDeletedBlockLogImpl] DEBUG block.DeletedBlockLogImpl (DeletedBlockLogImpl.java:isTransactionFailed(278)) - Got block deletion ACK from datanode, TXIDs=29, success=true
2021-08-14 14:05:30,278 [EventQueue-DeleteBlockStatusForDeletedBlockLogImpl] DEBUG block.DeletedBlockLogImpl (DeletedBlockLogImpl.java:commitTransactions(224)) - Transaction txId=29 commit by dnId=a3a688a0-b759-42a1-9d42-7ea63bf88025 for containerID=#29 failed. Corresponding entry not found.
2021-08-14 14:05:30,278 [EventQueue-DeleteBlockStatusForDeletedBlockLogImpl] DEBUG block.DeletedBlockLogImpl (DeletedBlockLogImpl.java:isTransactionFailed(278)) - Got block deletion ACK from datanode, TXIDs=30, success=true
2021-08-14 14:05:30,278 [EventQueue-DeleteBlockStatusForDeletedBlockLogImpl] DEBUG block.DeletedBlockLogImpl (DeletedBlockLogImpl.java:commitTransactions(224)) - Transaction txId=30 commit by dnId=a3a688a0-b759-42a1-9d42-7ea63bf88025 for containerID=#30 failed. Corresponding entry not found.
2021-08-14 14:05:30,278 [EventQueue-DeleteBlockStatusForDeletedBlockLogImpl] DEBUG block.DeletedBlockLogImpl (DeletedBlockLogImpl.java:isTransactionFailed(278)) - Got block deletion ACK from datanode, TXIDs=31, success=true
2021-08-14 14:05:30,278 [EventQueue-DeleteBlockStatusForDeletedBlockLogImpl] DEBUG block.DeletedBlockLogImpl (DeletedBlockLogImpl.java:commitTransactions(224)) - Transaction txId=31 commit by dnId=a3a688a0-b759-42a1-9d42-7ea63bf88025 for containerID=#31 failed. Corresponding entry not found.
2021-08-14 14:05:30,278 [EventQueue-DeleteBlockStatusForDeletedBlockLogImpl] DEBUG block.DeletedBlockLogImpl (DeletedBlockLogImpl.java:isTransactionFailed(278)) - Got block deletion ACK from datanode, TXIDs=32, success=true
2021-08-14 14:05:30,278 [EventQueue-DeleteBlockStatusForDeletedBlockLogImpl] DEBUG block.DeletedBlockLogImpl (DeletedBlockLogImpl.java:commitTransactions(224)) - Transaction txId=32 commit by dnId=a3a688a0-b759-42a1-9d42-7ea63bf88025 for containerID=#32 failed. Corresponding entry not found.
2021-08-14 14:05:30,278 [EventQueue-DeleteBlockStatusForDeletedBlockLogImpl] DEBUG block.DeletedBlockLogImpl (DeletedBlockLogImpl.java:isTransactionFailed(278)) - Got block deletion ACK from datanode, TXIDs=33, success=true
2021-08-14 14:05:30,278 [EventQueue-DeleteBlockStatusForDeletedBlockLogImpl] DEBUG block.DeletedBlockLogImpl (DeletedBlockLogImpl.java:commitTransactions(224)) - Transaction txId=33 commit by dnId=a3a688a0-b759-42a1-9d42-7ea63bf88025 for containerID=#33 failed. Corresponding entry not found.
2021-08-14 14:05:30,278 [EventQueue-DeleteBlockStatusForDeletedBlockLogImpl] DEBUG block.DeletedBlockLogImpl (DeletedBlockLogImpl.java:isTransactionFailed(278)) - Got block deletion ACK from datanode, TXIDs=34, success=true
2021-08-14 14:05:30,278 [EventQueue-DeleteBlockStatusForDeletedBlockLogImpl] DEBUG block.DeletedBlockLogImpl (DeletedBlockLogImpl.java:commitTransactions(224)) - Transaction txId=34 commit by dnId=a3a688a0-b759-42a1-9d42-7ea63bf88025 for containerID=#34 failed. Corresponding entry not found.
2021-08-14 14:05:30,278 [EventQueue-DeleteBlockStatusForDeletedBlockLogImpl] DEBUG block.DeletedBlockLogImpl (DeletedBlockLogImpl.java:isTransactionFailed(278)) - Got block deletion ACK from datanode, TXIDs=35, success=true
2021-08-14 14:05:30,278 [EventQueue-DeleteBlockStatusForDeletedBlockLogImpl] DEBUG block.DeletedBlockLogImpl (DeletedBlockLogImpl.java:commitTransactions(224)) - Transaction txId=35 commit by dnId=a3a688a0-b759-42a1-9d42-7ea63bf88025 for containerID=#35 failed. Corresponding entry not found.
2021-08-14 14:05:30,278 [EventQueue-DeleteBlockStatusForDeletedBlockLogImpl] DEBUG block.DeletedBlockLogImpl (DeletedBlockLogImpl.java:isTransactionFailed(278)) - Got block deletion ACK from datanode, TXIDs=36, success=true
2021-08-14 14:05:30,278 [EventQueue-DeleteBlockStatusForDeletedBlockLogImpl] DEBUG block.DeletedBlockLogImpl (DeletedBlockLogImpl.java:commitTransactions(224)) - Transaction txId=36 commit by dnId=a3a688a0-b759-42a1-9d42-7ea63bf88025 for containerID=#36 failed. Corresponding entry not found.
2021-08-14 14:05:30,278 [EventQueue-DeleteBlockStatusForDeletedBlockLogImpl] DEBUG block.DeletedBlockLogImpl (DeletedBlockLogImpl.java:isTransactionFailed(278)) - Got block deletion ACK from datanode, TXIDs=37, success=true
2021-08-14 14:05:30,278 [EventQueue-DeleteBlockStatusForDeletedBlockLogImpl] DEBUG block.DeletedBlockLogImpl (DeletedBlockLogImpl.java:commitTransactions(224)) - Transaction txId=37 commit by dnId=a3a688a0-b759-42a1-9d42-7ea63bf88025 for containerID=#37 failed. Corresponding entry not found.
2021-08-14 14:05:30,278 [EventQueue-DeleteBlockStatusForDeletedBlockLogImpl] DEBUG block.DeletedBlockLogImpl (DeletedBlockLogImpl.java:isTransactionFailed(278)) - Got block deletion ACK from datanode, TXIDs=38, success=true
2021-08-14 14:05:30,278 [EventQueue-DeleteBlockStatusForDeletedBlockLogImpl] DEBUG block.DeletedBlockLogImpl (DeletedBlockLogImpl.java:commitTransactions(224)) - Transaction txId=38 commit by dnId=a3a688a0-b759-42a1-9d42-7ea63bf88025 for containerID=#38 failed. Corresponding entry not found.
2021-08-14 14:05:30,278 [EventQueue-DeleteBlockStatusForDeletedBlockLogImpl] DEBUG block.DeletedBlockLogImpl (DeletedBlockLogImpl.java:isTransactionFailed(278)) - Got block deletion ACK from datanode, TXIDs=39, success=true
2021-08-14 14:05:30,278 [EventQueue-DeleteBlockStatusForDeletedBlockLogImpl] DEBUG block.DeletedBlockLogImpl (DeletedBlockLogImpl.java:commitTransactions(224)) - Transaction txId=39 commit by dnId=a3a688a0-b759-42a1-9d42-7ea63bf88025 for containerID=#39 failed. Corresponding entry not found.
2021-08-14 14:05:30,278 [EventQueue-DeleteBlockStatusForDeletedBlockLogImpl] DEBUG block.DeletedBlockLogImpl (DeletedBlockLogImpl.java:isTransactionFailed(278)) - Got block deletion ACK from datanode, TXIDs=40, success=true
2021-08-14 14:05:30,278 [EventQueue-DeleteBlockStatusForDeletedBlockLogImpl] DEBUG block.DeletedBlockLogImpl (DeletedBlockLogImpl.java:commitTransactions(224)) - Transaction txId=40 commit by dnId=a3a688a0-b759-42a1-9d42-7ea63bf88025 for containerID=#40 failed. Corresponding entry not found.
2021-08-14 14:05:30,278 [EventQueue-DeleteBlockStatusForDeletedBlockLogImpl] DEBUG block.DeletedBlockLogImpl (DeletedBlockLogImpl.java:isTransactionFailed(278)) - Got block deletion ACK from datanode, TXIDs=41, success=true
2021-08-14 14:05:30,278 [EventQueue-DeleteBlockStatusForDeletedBlockLogImpl] DEBUG block.DeletedBlockLogImpl (DeletedBlockLogImpl.java:commitTransactions(224)) - Transaction txId=41 commit by dnId=a3a688a0-b759-42a1-9d42-7ea63bf88025 for containerID=#41 failed. Corresponding entry not found.
2021-08-14 14:05:30,278 [EventQueue-DeleteBlockStatusForDeletedBlockLogImpl] DEBUG block.DeletedBlockLogImpl (DeletedBlockLogImpl.java:isTransactionFailed(278)) - Got block deletion ACK from datanode, TXIDs=42, success=true
2021-08-14 14:05:30,279 [EventQueue-DeleteBlockStatusForDeletedBlockLogImpl] DEBUG block.DeletedBlockLogImpl (DeletedBlockLogImpl.java:commitTransactions(224)) - Transaction txId=42 commit by dnId=a3a688a0-b759-42a1-9d42-7ea63bf88025 for containerID=#42 failed. Corresponding entry not found.
2021-08-14 14:05:30,279 [EventQueue-DeleteBlockStatusForDeletedBlockLogImpl] DEBUG block.DeletedBlockLogImpl (DeletedBlockLogImpl.java:isTransactionFailed(278)) - Got block deletion ACK from datanode, TXIDs=43, success=true
2021-08-14 14:05:30,279 [EventQueue-DeleteBlockStatusForDeletedBlockLogImpl] DEBUG block.DeletedBlockLogImpl (DeletedBlockLogImpl.java:commitTransactions(224)) - Transaction txId=43 commit by dnId=a3a688a0-b759-42a1-9d42-7ea63bf88025 for containerID=#43 failed. Corresponding entry not found.
2021-08-14 14:05:30,279 [EventQueue-DeleteBlockStatusForDeletedBlockLogImpl] DEBUG block.DeletedBlockLogImpl (DeletedBlockLogImpl.java:isTransactionFailed(278)) - Got block deletion ACK from datanode, TXIDs=44, success=true
2021-08-14 14:05:30,279 [EventQueue-DeleteBlockStatusForDeletedBlockLogImpl] DEBUG block.DeletedBlockLogImpl (DeletedBlockLogImpl.java:commitTransactions(224)) - Transaction txId=44 commit by dnId=a3a688a0-b759-42a1-9d42-7ea63bf88025 for containerID=#44 failed. Corresponding entry not found.
2021-08-14 14:05:30,279 [EventQueue-DeleteBlockStatusForDeletedBlockLogImpl] DEBUG block.DeletedBlockLogImpl (DeletedBlockLogImpl.java:isTransactionFailed(278)) - Got block deletion ACK from datanode, TXIDs=45, success=true
2021-08-14 14:05:30,279 [EventQueue-DeleteBlockStatusForDeletedBlockLogImpl] DEBUG block.DeletedBlockLogImpl (DeletedBlockLogImpl.java:commitTransactions(224)) - Transaction txId=45 commit by dnId=a3a688a0-b759-42a1-9d42-7ea63bf88025 for containerID=#45 failed. Corresponding entry not found.
2021-08-14 14:05:30,279 [EventQueue-DeleteBlockStatusForDeletedBlockLogImpl] DEBUG block.DeletedBlockLogImpl (DeletedBlockLogImpl.java:isTransactionFailed(278)) - Got block deletion ACK from datanode, TXIDs=46, success=true
2021-08-14 14:05:30,279 [EventQueue-DeleteBlockStatusForDeletedBlockLogImpl] DEBUG block.DeletedBlockLogImpl (DeletedBlockLogImpl.java:commitTransactions(224)) - Transaction txId=46 commit by dnId=a3a688a0-b759-42a1-9d42-7ea63bf88025 for containerID=#46 failed. Corresponding entry not found.
2021-08-14 14:05:30,279 [EventQueue-DeleteBlockStatusForDeletedBlockLogImpl] DEBUG block.DeletedBlockLogImpl (DeletedBlockLogImpl.java:isTransactionFailed(278)) - Got block deletion ACK from datanode, TXIDs=47, success=true
2021-08-14 14:05:30,279 [EventQueue-DeleteBlockStatusForDeletedBlockLogImpl] DEBUG block.DeletedBlockLogImpl (DeletedBlockLogImpl.java:commitTransactions(224)) - Transaction txId=47 commit by dnId=a3a688a0-b759-42a1-9d42-7ea63bf88025 for containerID=#47 failed. Corresponding entry not found.
2021-08-14 14:05:30,279 [EventQueue-DeleteBlockStatusForDeletedBlockLogImpl] DEBUG block.DeletedBlockLogImpl (DeletedBlockLogImpl.java:isTransactionFailed(278)) - Got block deletion ACK from datanode, TXIDs=48, success=true
2021-08-14 14:05:30,279 [EventQueue-DeleteBlockStatusForDeletedBlockLogImpl] DEBUG block.DeletedBlockLogImpl (DeletedBlockLogImpl.java:commitTransactions(224)) - Transaction txId=48 commit by dnId=a3a688a0-b759-42a1-9d42-7ea63bf88025 for containerID=#48 failed. Corresponding entry not found.
2021-08-14 14:05:30,279 [EventQueue-DeleteBlockStatusForDeletedBlockLogImpl] DEBUG block.DeletedBlockLogImpl (DeletedBlockLogImpl.java:isTransactionFailed(278)) - Got block deletion ACK from datanode, TXIDs=49, success=true
2021-08-14 14:05:30,279 [EventQueue-DeleteBlockStatusForDeletedBlockLogImpl] DEBUG block.DeletedBlockLogImpl (DeletedBlockLogImpl.java:commitTransactions(224)) - Transaction txId=49 commit by dnId=a3a688a0-b759-42a1-9d42-7ea63bf88025 for containerID=#49 failed. Corresponding entry not found.
2021-08-14 14:05:30,279 [EventQueue-DeleteBlockStatusForDeletedBlockLogImpl] DEBUG block.DeletedBlockLogImpl (DeletedBlockLogImpl.java:isTransactionFailed(278)) - Got block deletion ACK from datanode, TXIDs=50, success=true
2021-08-14 14:05:30,279 [EventQueue-DeleteBlockStatusForDeletedBlockLogImpl] DEBUG block.DeletedBlockLogImpl (DeletedBlockLogImpl.java:commitTransactions(224)) - Transaction txId=50 commit by dnId=a3a688a0-b759-42a1-9d42-7ea63bf88025 for containerID=#50 failed. Corresponding entry not found.
2021-08-14 14:05:30,279 [EventQueue-DeleteBlockStatusForDeletedBlockLogImpl] DEBUG block.DeletedBlockLogImpl (DeletedBlockLogImpl.java:isTransactionFailed(278)) - Got block deletion ACK from datanode, TXIDs=51, success=true
2021-08-14 14:05:30,279 [EventQueue-DeleteBlockStatusForDeletedBlockLogImpl] DEBUG block.DeletedBlockLogImpl (DeletedBlockLogImpl.java:commitTransactions(224)) - Transaction txId=51 commit by dnId=a3a688a0-b759-42a1-9d42-7ea63bf88025 for containerID=#51 failed. Corresponding entry not found.
2021-08-14 14:05:30,279 [EventQueue-DeleteBlockStatusForDeletedBlockLogImpl] DEBUG block.DeletedBlockLogImpl (DeletedBlockLogImpl.java:isTransactionFailed(278)) - Got block deletion ACK from datanode, TXIDs=52, success=true
2021-08-14 14:05:30,279 [EventQueue-DeleteBlockStatusForDeletedBlockLogImpl] DEBUG block.DeletedBlockLogImpl (DeletedBlockLogImpl.java:commitTransactions(224)) - Transaction txId=52 commit by dnId=a3a688a0-b759-42a1-9d42-7ea63bf88025 for containerID=#52 failed. Corresponding entry not found.
2021-08-14 14:05:30,279 [EventQueue-DeleteBlockStatusForDeletedBlockLogImpl] DEBUG block.DeletedBlockLogImpl (DeletedBlockLogImpl.java:isTransactionFailed(278)) - Got block deletion ACK from datanode, TXIDs=53, success=true
2021-08-14 14:05:30,279 [EventQueue-DeleteBlockStatusForDeletedBlockLogImpl] DEBUG block.DeletedBlockLogImpl (DeletedBlockLogImpl.java:commitTransactions(224)) - Transaction txId=53 commit by dnId=a3a688a0-b759-42a1-9d42-7ea63bf88025 for containerID=#53 failed. Corresponding entry not found.
2021-08-14 14:05:30,279 [EventQueue-DeleteBlockStatusForDeletedBlockLogImpl] DEBUG block.DeletedBlockLogImpl (DeletedBlockLogImpl.java:isTransactionFailed(278)) - Got block deletion ACK from datanode, TXIDs=54, success=true
2021-08-14 14:05:30,280 [EventQueue-DeleteBlockStatusForDeletedBlockLogImpl] DEBUG block.DeletedBlockLogImpl (DeletedBlockLogImpl.java:commitTransactions(224)) - Transaction txId=54 commit by dnId=a3a688a0-b759-42a1-9d42-7ea63bf88025 for containerID=#54 failed. Corresponding entry not found.
2021-08-14 14:05:30,280 [EventQueue-DeleteBlockStatusForDeletedBlockLogImpl] DEBUG block.DeletedBlockLogImpl (DeletedBlockLogImpl.java:isTransactionFailed(278)) - Got block deletion ACK from datanode, TXIDs=55, success=true
2021-08-14 14:05:30,280 [EventQueue-DeleteBlockStatusForDeletedBlockLogImpl] DEBUG block.DeletedBlockLogImpl (DeletedBlockLogImpl.java:commitTransactions(224)) - Transaction txId=55 commit by dnId=a3a688a0-b759-42a1-9d42-7ea63bf88025 for containerID=#55 failed. Corresponding entry not found.
2021-08-14 14:05:30,280 [EventQueue-DeleteBlockStatusForDeletedBlockLogImpl] DEBUG block.DeletedBlockLogImpl (DeletedBlockLogImpl.java:isTransactionFailed(278)) - Got block deletion ACK from datanode, TXIDs=56, success=true
2021-08-14 14:05:30,280 [EventQueue-DeleteBlockStatusForDeletedBlockLogImpl] DEBUG block.DeletedBlockLogImpl (DeletedBlockLogImpl.java:commitTransactions(224)) - Transaction txId=56 commit by dnId=a3a688a0-b759-42a1-9d42-7ea63bf88025 for containerID=#56 failed. Corresponding entry not found.
2021-08-14 14:05:30,280 [EventQueue-DeleteBlockStatusForDeletedBlockLogImpl] DEBUG block.DeletedBlockLogImpl (DeletedBlockLogImpl.java:isTransactionFailed(278)) - Got block deletion ACK from datanode, TXIDs=19, success=true
2021-08-14 14:05:30,280 [EventQueue-DeleteBlockStatusForDeletedBlockLogImpl] DEBUG block.DeletedBlockLogImpl (DeletedBlockLogImpl.java:commitTransactions(224)) - Transaction txId=19 commit by dnId=a3a688a0-b759-42a1-9d42-7ea63bf88025 for containerID=#19 failed. Corresponding entry not found.
2021-08-14 14:05:30,280 [EventQueue-DeleteBlockStatusForDeletedBlockLogImpl] DEBUG block.DeletedBlockLogImpl (DeletedBlockLogImpl.java:isTransactionFailed(278)) - Got block deletion ACK from datanode, TXIDs=20, success=true
2021-08-14 14:05:30,280 [EventQueue-DeleteBlockStatusForDeletedBlockLogImpl] DEBUG block.DeletedBlockLogImpl (DeletedBlockLogImpl.java:commitTransactions(224)) - Transaction txId=20 commit by dnId=a3a688a0-b759-42a1-9d42-7ea63bf88025 for containerID=#20 failed. Corresponding entry not found.
2021-08-14 14:05:30,280 [EventQueue-DeleteBlockStatusForDeletedBlockLogImpl] DEBUG block.DeletedBlockLogImpl (DeletedBlockLogImpl.java:isTransactionFailed(278)) - Got block deletion ACK from datanode, TXIDs=21, success=true
2021-08-14 14:05:30,280 [EventQueue-DeleteBlockStatusForDeletedBlockLogImpl] DEBUG block.DeletedBlockLogImpl (DeletedBlockLogImpl.java:commitTransactions(224)) - Transaction txId=21 commit by dnId=a3a688a0-b759-42a1-9d42-7ea63bf88025 for containerID=#21 failed. Corresponding entry not found.
2021-08-14 14:05:30,280 [EventQueue-DeleteBlockStatusForDeletedBlockLogImpl] DEBUG block.DeletedBlockLogImpl (DeletedBlockLogImpl.java:isTransactionFailed(278)) - Got block deletion ACK from datanode, TXIDs=22, success=true
2021-08-14 14:05:30,280 [EventQueue-DeleteBlockStatusForDeletedBlockLogImpl] DEBUG block.DeletedBlockLogImpl (DeletedBlockLogImpl.java:commitTransactions(224)) - Transaction txId=22 commit by dnId=a3a688a0-b759-42a1-9d42-7ea63bf88025 for containerID=#22 failed. Corresponding entry not found.
2021-08-14 14:05:30,280 [EventQueue-DeleteBlockStatusForDeletedBlockLogImpl] DEBUG block.DeletedBlockLogImpl (DeletedBlockLogImpl.java:isTransactionFailed(278)) - Got block deletion ACK from datanode, TXIDs=23, success=true
2021-08-14 14:05:30,280 [EventQueue-DeleteBlockStatusForDeletedBlockLogImpl] DEBUG block.DeletedBlockLogImpl (DeletedBlockLogImpl.java:commitTransactions(224)) - Transaction txId=23 commit by dnId=a3a688a0-b759-42a1-9d42-7ea63bf88025 for containerID=#23 failed. Corresponding entry not found.
2021-08-14 14:05:30,280 [EventQueue-DeleteBlockStatusForDeletedBlockLogImpl] DEBUG block.DeletedBlockLogImpl (DeletedBlockLogImpl.java:isTransactionFailed(278)) - Got block deletion ACK from datanode, TXIDs=24, success=true
2021-08-14 14:05:30,280 [EventQueue-DeleteBlockStatusForDeletedBlockLogImpl] DEBUG block.DeletedBlockLogImpl (DeletedBlockLogImpl.java:commitTransactions(224)) - Transaction txId=24 commit by dnId=a3a688a0-b759-42a1-9d42-7ea63bf88025 for containerID=#24 failed. Corresponding entry not found.
2021-08-14 14:05:30,280 [EventQueue-DeleteBlockStatusForDeletedBlockLogImpl] DEBUG block.DeletedBlockLogImpl (DeletedBlockLogImpl.java:isTransactionFailed(278)) - Got block deletion ACK from datanode, TXIDs=25, success=true
2021-08-14 14:05:30,280 [EventQueue-DeleteBlockStatusForDeletedBlockLogImpl] DEBUG block.DeletedBlockLogImpl (DeletedBlockLogImpl.java:commitTransactions(224)) - Transaction txId=25 commit by dnId=a3a688a0-b759-42a1-9d42-7ea63bf88025 for containerID=#25 failed. Corresponding entry not found.
2021-08-14 14:05:30,280 [EventQueue-DeleteBlockStatusForDeletedBlockLogImpl] DEBUG block.DeletedBlockLogImpl (DeletedBlockLogImpl.java:isTransactionFailed(278)) - Got block deletion ACK from datanode, TXIDs=26, success=true
2021-08-14 14:05:30,280 [EventQueue-DeleteBlockStatusForDeletedBlockLogImpl] DEBUG block.DeletedBlockLogImpl (DeletedBlockLogImpl.java:commitTransactions(224)) - Transaction txId=26 commit by dnId=a3a688a0-b759-42a1-9d42-7ea63bf88025 for containerID=#26 failed. Corresponding entry not found.
2021-08-14 14:05:30,280 [EventQueue-DeleteBlockStatusForDeletedBlockLogImpl] DEBUG block.DeletedBlockLogImpl (DeletedBlockLogImpl.java:isTransactionFailed(278)) - Got block deletion ACK from datanode, TXIDs=27, success=true
2021-08-14 14:05:30,280 [EventQueue-DeleteBlockStatusForDeletedBlockLogImpl] DEBUG block.DeletedBlockLogImpl (DeletedBlockLogImpl.java:commitTransactions(224)) - Transaction txId=27 commit by dnId=a3a688a0-b759-42a1-9d42-7ea63bf88025 for containerID=#27 failed. Corresponding entry not found.
2021-08-14 14:05:30,281 [EventQueue-DeleteBlockStatusForDeletedBlockLogImpl] DEBUG block.DeletedBlockLogImpl (DeletedBlockLogImpl.java:isTransactionFailed(278)) - Got block deletion ACK from datanode, TXIDs=28, success=true
2021-08-14 14:05:30,281 [EventQueue-DeleteBlockStatusForDeletedBlockLogImpl] DEBUG block.DeletedBlockLogImpl (DeletedBlockLogImpl.java:commitTransactions(224)) - Transaction txId=28 commit by dnId=a3a688a0-b759-42a1-9d42-7ea63bf88025 for containerID=#28 failed. Corresponding entry not found.
2021-08-14 14:05:30,281 [EventQueue-DeleteBlockStatusForDeletedBlockLogImpl] DEBUG block.DeletedBlockLogImpl (DeletedBlockLogImpl.java:isTransactionFailed(278)) - Got block deletion ACK from datanode, TXIDs=29, success=true
2021-08-14 14:05:30,281 [EventQueue-DeleteBlockStatusForDeletedBlockLogImpl] DEBUG block.DeletedBlockLogImpl (DeletedBlockLogImpl.java:commitTransactions(224)) - Transaction txId=29 commit by dnId=a3a688a0-b759-42a1-9d42-7ea63bf88025 for containerID=#29 failed. Corresponding entry not found.
2021-08-14 14:05:30,281 [EventQueue-DeleteBlockStatusForDeletedBlockLogImpl] DEBUG block.DeletedBlockLogImpl (DeletedBlockLogImpl.java:isTransactionFailed(278)) - Got block deletion ACK from datanode, TXIDs=30, success=true
2021-08-14 14:05:30,281 [EventQueue-DeleteBlockStatusForDeletedBlockLogImpl] DEBUG block.DeletedBlockLogImpl (DeletedBlockLogImpl.java:commitTransactions(224)) - Transaction txId=30 commit by dnId=a3a688a0-b759-42a1-9d42-7ea63bf88025 for containerID=#30 failed. Corresponding entry not found.
2021-08-14 14:05:30,281 [EventQueue-DeleteBlockStatusForDeletedBlockLogImpl] DEBUG block.DeletedBlockLogImpl (DeletedBlockLogImpl.java:isTransactionFailed(278)) - Got block deletion ACK from datanode, TXIDs=31, success=true
2021-08-14 14:05:30,281 [EventQueue-DeleteBlockStatusForDeletedBlockLogImpl] DEBUG block.DeletedBlockLogImpl (DeletedBlockLogImpl.java:commitTransactions(224)) - Transaction txId=31 commit by dnId=a3a688a0-b759-42a1-9d42-7ea63bf88025 for containerID=#31 failed. Corresponding entry not found.
2021-08-14 14:05:30,281 [EventQueue-DeleteBlockStatusForDeletedBlockLogImpl] DEBUG block.DeletedBlockLogImpl (DeletedBlockLogImpl.java:isTransactionFailed(278)) - Got block deletion ACK from datanode, TXIDs=32, success=true
2021-08-14 14:05:30,281 [EventQueue-DeleteBlockStatusForDeletedBlockLogImpl] DEBUG block.DeletedBlockLogImpl (DeletedBlockLogImpl.java:commitTransactions(224)) - Transaction txId=32 commit by dnId=a3a688a0-b759-42a1-9d42-7ea63bf88025 for containerID=#32 failed. Corresponding entry not found.
2021-08-14 14:05:30,281 [EventQueue-DeleteBlockStatusForDeletedBlockLogImpl] DEBUG block.DeletedBlockLogImpl (DeletedBlockLogImpl.java:isTransactionFailed(278)) - Got block deletion ACK from datanode, TXIDs=33, success=true
2021-08-14 14:05:30,281 [EventQueue-DeleteBlockStatusForDeletedBlockLogImpl] DEBUG block.DeletedBlockLogImpl (DeletedBlockLogImpl.java:commitTransactions(224)) - Transaction txId=33 commit by dnId=a3a688a0-b759-42a1-9d42-7ea63bf88025 for containerID=#33 failed. Corresponding entry not found.
2021-08-14 14:05:30,281 [EventQueue-DeleteBlockStatusForDeletedBlockLogImpl] DEBUG block.DeletedBlockLogImpl (DeletedBlockLogImpl.java:isTransactionFailed(278)) - Got block deletion ACK from datanode, TXIDs=34, success=true
2021-08-14 14:05:30,281 [EventQueue-DeleteBlockStatusForDeletedBlockLogImpl] DEBUG block.DeletedBlockLogImpl (DeletedBlockLogImpl.java:commitTransactions(224)) - Transaction txId=34 commit by dnId=a3a688a0-b759-42a1-9d42-7ea63bf88025 for containerID=#34 failed. Corresponding entry not found.
2021-08-14 14:05:30,281 [EventQueue-DeleteBlockStatusForDeletedBlockLogImpl] DEBUG block.DeletedBlockLogImpl (DeletedBlockLogImpl.java:isTransactionFailed(278)) - Got block deletion ACK from datanode, TXIDs=35, success=true
2021-08-14 14:05:30,281 [EventQueue-DeleteBlockStatusForDeletedBlockLogImpl] DEBUG block.DeletedBlockLogImpl (DeletedBlockLogImpl.java:commitTransactions(224)) - Transaction txId=35 commit by dnId=a3a688a0-b759-42a1-9d42-7ea63bf88025 for containerID=#35 failed. Corresponding entry not found.
2021-08-14 14:05:30,281 [EventQueue-DeleteBlockStatusForDeletedBlockLogImpl] DEBUG block.DeletedBlockLogImpl (DeletedBlockLogImpl.java:isTransactionFailed(278)) - Got block deletion ACK from datanode, TXIDs=36, success=true
2021-08-14 14:05:30,281 [EventQueue-DeleteBlockStatusForDeletedBlockLogImpl] DEBUG block.DeletedBlockLogImpl (DeletedBlockLogImpl.java:commitTransactions(224)) - Transaction txId=36 commit by dnId=a3a688a0-b759-42a1-9d42-7ea63bf88025 for containerID=#36 failed. Corresponding entry not found.
2021-08-14 14:05:30,281 [EventQueue-DeleteBlockStatusForDeletedBlockLogImpl] DEBUG block.DeletedBlockLogImpl (DeletedBlockLogImpl.java:isTransactionFailed(278)) - Got block deletion ACK from datanode, TXIDs=37, success=true
2021-08-14 14:05:30,281 [EventQueue-DeleteBlockStatusForDeletedBlockLogImpl] DEBUG block.DeletedBlockLogImpl (DeletedBlockLogImpl.java:commitTransactions(224)) - Transaction txId=37 commit by dnId=a3a688a0-b759-42a1-9d42-7ea63bf88025 for containerID=#37 failed. Corresponding entry not found.
2021-08-14 14:05:30,285 [EventQueue-DeleteBlockStatusForDeletedBlockLogImpl] DEBUG block.DeletedBlockLogImpl (DeletedBlockLogImpl.java:isTransactionFailed(278)) - Got block deletion ACK from datanode, TXIDs=38, success=true
2021-08-14 14:05:30,285 [EventQueue-DeleteBlockStatusForDeletedBlockLogImpl] DEBUG block.DeletedBlockLogImpl (DeletedBlockLogImpl.java:commitTransactions(224)) - Transaction txId=38 commit by dnId=a3a688a0-b759-42a1-9d42-7ea63bf88025 for containerID=#38 failed. Corresponding entry not found.
2021-08-14 14:05:30,285 [EventQueue-DeleteBlockStatusForDeletedBlockLogImpl] DEBUG block.DeletedBlockLogImpl (DeletedBlockLogImpl.java:isTransactionFailed(278)) - Got block deletion ACK from datanode, TXIDs=39, success=true
2021-08-14 14:05:30,285 [EventQueue-DeleteBlockStatusForDeletedBlockLogImpl] DEBUG block.DeletedBlockLogImpl (DeletedBlockLogImpl.java:commitTransactions(224)) - Transaction txId=39 commit by dnId=a3a688a0-b759-42a1-9d42-7ea63bf88025 for containerID=#39 failed. Corresponding entry not found.
2021-08-14 14:05:30,285 [EventQueue-DeleteBlockStatusForDeletedBlockLogImpl] DEBUG block.DeletedBlockLogImpl (DeletedBlockLogImpl.java:isTransactionFailed(278)) - Got block deletion ACK from datanode, TXIDs=40, success=true
2021-08-14 14:05:30,285 [EventQueue-DeleteBlockStatusForDeletedBlockLogImpl] DEBUG block.DeletedBlockLogImpl (DeletedBlockLogImpl.java:commitTransactions(224)) - Transaction txId=40 commit by dnId=a3a688a0-b759-42a1-9d42-7ea63bf88025 for containerID=#40 failed. Corresponding entry not found.
2021-08-14 14:05:30,286 [EventQueue-DeleteBlockStatusForDeletedBlockLogImpl] DEBUG block.DeletedBlockLogImpl (DeletedBlockLogImpl.java:isTransactionFailed(278)) - Got block deletion ACK from datanode, TXIDs=41, success=true
2021-08-14 14:05:30,286 [EventQueue-DeleteBlockStatusForDeletedBlockLogImpl] DEBUG block.DeletedBlockLogImpl (DeletedBlockLogImpl.java:commitTransactions(224)) - Transaction txId=41 commit by dnId=a3a688a0-b759-42a1-9d42-7ea63bf88025 for containerID=#41 failed. Corresponding entry not found.
2021-08-14 14:05:30,286 [EventQueue-DeleteBlockStatusForDeletedBlockLogImpl] DEBUG block.DeletedBlockLogImpl (DeletedBlockLogImpl.java:isTransactionFailed(278)) - Got block deletion ACK from datanode, TXIDs=42, success=true
2021-08-14 14:05:30,286 [EventQueue-DeleteBlockStatusForDeletedBlockLogImpl] DEBUG block.DeletedBlockLogImpl (DeletedBlockLogImpl.java:commitTransactions(224)) - Transaction txId=42 commit by dnId=a3a688a0-b759-42a1-9d42-7ea63bf88025 for containerID=#42 failed. Corresponding entry not found.
2021-08-14 14:05:30,286 [EventQueue-DeleteBlockStatusForDeletedBlockLogImpl] DEBUG block.DeletedBlockLogImpl (DeletedBlockLogImpl.java:isTransactionFailed(278)) - Got block deletion ACK from datanode, TXIDs=43, success=true
2021-08-14 14:05:30,286 [EventQueue-DeleteBlockStatusForDeletedBlockLogImpl] DEBUG block.DeletedBlockLogImpl (DeletedBlockLogImpl.java:commitTransactions(224)) - Transaction txId=43 commit by dnId=a3a688a0-b759-42a1-9d42-7ea63bf88025 for containerID=#43 failed. Corresponding entry not found.
2021-08-14 14:05:30,286 [EventQueue-DeleteBlockStatusForDeletedBlockLogImpl] DEBUG block.DeletedBlockLogImpl (DeletedBlockLogImpl.java:isTransactionFailed(278)) - Got block deletion ACK from datanode, TXIDs=44, success=true
2021-08-14 14:05:30,286 [EventQueue-DeleteBlockStatusForDeletedBlockLogImpl] DEBUG block.DeletedBlockLogImpl (DeletedBlockLogImpl.java:commitTransactions(224)) - Transaction txId=44 commit by dnId=a3a688a0-b759-42a1-9d42-7ea63bf88025 for containerID=#44 failed. Corresponding entry not found.
2021-08-14 14:05:30,286 [EventQueue-DeleteBlockStatusForDeletedBlockLogImpl] DEBUG block.DeletedBlockLogImpl (DeletedBlockLogImpl.java:isTransactionFailed(278)) - Got block deletion ACK from datanode, TXIDs=45, success=true
2021-08-14 14:05:30,286 [EventQueue-DeleteBlockStatusForDeletedBlockLogImpl] DEBUG block.DeletedBlockLogImpl (DeletedBlockLogImpl.java:commitTransactions(224)) - Transaction txId=45 commit by dnId=a3a688a0-b759-42a1-9d42-7ea63bf88025 for containerID=#45 failed. Corresponding entry not found.
2021-08-14 14:05:30,286 [EventQueue-DeleteBlockStatusForDeletedBlockLogImpl] DEBUG block.DeletedBlockLogImpl (DeletedBlockLogImpl.java:isTransactionFailed(278)) - Got block deletion ACK from datanode, TXIDs=46, success=true
2021-08-14 14:05:30,286 [EventQueue-DeleteBlockStatusForDeletedBlockLogImpl] DEBUG block.DeletedBlockLogImpl (DeletedBlockLogImpl.java:commitTransactions(224)) - Transaction txId=46 commit by dnId=a3a688a0-b759-42a1-9d42-7ea63bf88025 for containerID=#46 failed. Corresponding entry not found.
2021-08-14 14:05:30,286 [EventQueue-DeleteBlockStatusForDeletedBlockLogImpl] DEBUG block.DeletedBlockLogImpl (DeletedBlockLogImpl.java:isTransactionFailed(278)) - Got block deletion ACK from datanode, TXIDs=47, success=true
2021-08-14 14:05:30,286 [EventQueue-DeleteBlockStatusForDeletedBlockLogImpl] DEBUG block.DeletedBlockLogImpl (DeletedBlockLogImpl.java:commitTransactions(224)) - Transaction txId=47 commit by dnId=a3a688a0-b759-42a1-9d42-7ea63bf88025 for containerID=#47 failed. Corresponding entry not found.
2021-08-14 14:05:30,286 [EventQueue-DeleteBlockStatusForDeletedBlockLogImpl] DEBUG block.DeletedBlockLogImpl (DeletedBlockLogImpl.java:isTransactionFailed(278)) - Got block deletion ACK from datanode, TXIDs=48, success=true
2021-08-14 14:05:30,286 [EventQueue-DeleteBlockStatusForDeletedBlockLogImpl] DEBUG block.DeletedBlockLogImpl (DeletedBlockLogImpl.java:commitTransactions(224)) - Transaction txId=48 commit by dnId=a3a688a0-b759-42a1-9d42-7ea63bf88025 for containerID=#48 failed. Corresponding entry not found.
2021-08-14 14:05:30,286 [EventQueue-DeleteBlockStatusForDeletedBlockLogImpl] DEBUG block.DeletedBlockLogImpl (DeletedBlockLogImpl.java:isTransactionFailed(278)) - Got block deletion ACK from datanode, TXIDs=49, success=true
2021-08-14 14:05:30,286 [EventQueue-DeleteBlockStatusForDeletedBlockLogImpl] DEBUG block.DeletedBlockLogImpl (DeletedBlockLogImpl.java:commitTransactions(224)) - Transaction txId=49 commit by dnId=a3a688a0-b759-42a1-9d42-7ea63bf88025 for containerID=#49 failed. Corresponding entry not found.
2021-08-14 14:05:30,286 [EventQueue-DeleteBlockStatusForDeletedBlockLogImpl] DEBUG block.DeletedBlockLogImpl (DeletedBlockLogImpl.java:isTransactionFailed(278)) - Got block deletion ACK from datanode, TXIDs=50, success=true
2021-08-14 14:05:30,286 [EventQueue-DeleteBlockStatusForDeletedBlockLogImpl] DEBUG block.DeletedBlockLogImpl (DeletedBlockLogImpl.java:commitTransactions(224)) - Transaction txId=50 commit by dnId=a3a688a0-b759-42a1-9d42-7ea63bf88025 for containerID=#50 failed. Corresponding entry not found.
2021-08-14 14:05:30,286 [EventQueue-DeleteBlockStatusForDeletedBlockLogImpl] DEBUG block.DeletedBlockLogImpl (DeletedBlockLogImpl.java:isTransactionFailed(278)) - Got block deletion ACK from datanode, TXIDs=51, success=true
2021-08-14 14:05:30,286 [EventQueue-DeleteBlockStatusForDeletedBlockLogImpl] DEBUG block.DeletedBlockLogImpl (DeletedBlockLogImpl.java:commitTransactions(224)) - Transaction txId=51 commit by dnId=a3a688a0-b759-42a1-9d42-7ea63bf88025 for containerID=#51 failed. Corresponding entry not found.
2021-08-14 14:05:30,286 [EventQueue-DeleteBlockStatusForDeletedBlockLogImpl] DEBUG block.DeletedBlockLogImpl (DeletedBlockLogImpl.java:isTransactionFailed(278)) - Got block deletion ACK from datanode, TXIDs=52, success=true
2021-08-14 14:05:30,286 [EventQueue-DeleteBlockStatusForDeletedBlockLogImpl] DEBUG block.DeletedBlockLogImpl (DeletedBlockLogImpl.java:commitTransactions(224)) - Transaction txId=52 commit by dnId=a3a688a0-b759-42a1-9d42-7ea63bf88025 for containerID=#52 failed. Corresponding entry not found.
2021-08-14 14:05:30,287 [EventQueue-DeleteBlockStatusForDeletedBlockLogImpl] DEBUG block.DeletedBlockLogImpl (DeletedBlockLogImpl.java:isTransactionFailed(278)) - Got block deletion ACK from datanode, TXIDs=53, success=true
2021-08-14 14:05:30,287 [EventQueue-DeleteBlockStatusForDeletedBlockLogImpl] DEBUG block.DeletedBlockLogImpl (DeletedBlockLogImpl.java:commitTransactions(224)) - Transaction txId=53 commit by dnId=a3a688a0-b759-42a1-9d42-7ea63bf88025 for containerID=#53 failed. Corresponding entry not found.
2021-08-14 14:05:30,287 [EventQueue-DeleteBlockStatusForDeletedBlockLogImpl] DEBUG block.DeletedBlockLogImpl (DeletedBlockLogImpl.java:isTransactionFailed(278)) - Got block deletion ACK from datanode, TXIDs=54, success=true
2021-08-14 14:05:30,287 [EventQueue-DeleteBlockStatusForDeletedBlockLogImpl] DEBUG block.DeletedBlockLogImpl (DeletedBlockLogImpl.java:commitTransactions(224)) - Transaction txId=54 commit by dnId=a3a688a0-b759-42a1-9d42-7ea63bf88025 for containerID=#54 failed. Corresponding entry not found.
2021-08-14 14:05:30,287 [EventQueue-DeleteBlockStatusForDeletedBlockLogImpl] DEBUG block.DeletedBlockLogImpl (DeletedBlockLogImpl.java:isTransactionFailed(278)) - Got block deletion ACK from datanode, TXIDs=55, success=true
2021-08-14 14:05:30,287 [EventQueue-DeleteBlockStatusForDeletedBlockLogImpl] DEBUG block.DeletedBlockLogImpl (DeletedBlockLogImpl.java:commitTransactions(224)) - Transaction txId=55 commit by dnId=a3a688a0-b759-42a1-9d42-7ea63bf88025 for containerID=#55 failed. Corresponding entry not found.
2021-08-14 14:05:30,287 [EventQueue-DeleteBlockStatusForDeletedBlockLogImpl] DEBUG block.DeletedBlockLogImpl (DeletedBlockLogImpl.java:isTransactionFailed(278)) - Got block deletion ACK from datanode, TXIDs=56, success=true
2021-08-14 14:05:30,287 [EventQueue-DeleteBlockStatusForDeletedBlockLogImpl] DEBUG block.DeletedBlockLogImpl (DeletedBlockLogImpl.java:commitTransactions(224)) - Transaction txId=56 commit by dnId=a3a688a0-b759-42a1-9d42-7ea63bf88025 for containerID=#56 failed. Corresponding entry not found.
2021-08-14 14:05:30,287 [EventQueue-DeleteBlockStatusForDeletedBlockLogImpl] DEBUG block.DeletedBlockLogImpl (DeletedBlockLogImpl.java:isTransactionFailed(278)) - Got block deletion ACK from datanode, TXIDs=19, success=true
2021-08-14 14:05:30,287 [EventQueue-DeleteBlockStatusForDeletedBlockLogImpl] DEBUG block.DeletedBlockLogImpl (DeletedBlockLogImpl.java:commitTransactions(224)) - Transaction txId=19 commit by dnId=a3a688a0-b759-42a1-9d42-7ea63bf88025 for containerID=#19 failed. Corresponding entry not found.
2021-08-14 14:05:30,287 [EventQueue-DeleteBlockStatusForDeletedBlockLogImpl] DEBUG block.DeletedBlockLogImpl (DeletedBlockLogImpl.java:isTransactionFailed(278)) - Got block deletion ACK from datanode, TXIDs=20, success=true
2021-08-14 14:05:30,287 [EventQueue-DeleteBlockStatusForDeletedBlockLogImpl] DEBUG block.DeletedBlockLogImpl (DeletedBlockLogImpl.java:commitTransactions(224)) - Transaction txId=20 commit by dnId=a3a688a0-b759-42a1-9d42-7ea63bf88025 for containerID=#20 failed. Corresponding entry not found.
2021-08-14 14:05:30,287 [EventQueue-DeleteBlockStatusForDeletedBlockLogImpl] DEBUG block.DeletedBlockLogImpl (DeletedBlockLogImpl.java:isTransactionFailed(278)) - Got block deletion ACK from datanode, TXIDs=21, success=true
2021-08-14 14:05:30,287 [EventQueue-DeleteBlockStatusForDeletedBlockLogImpl] DEBUG block.DeletedBlockLogImpl (DeletedBlockLogImpl.java:commitTransactions(224)) - Transaction txId=21 commit by dnId=a3a688a0-b759-42a1-9d42-7ea63bf88025 for containerID=#21 failed. Corresponding entry not found.
2021-08-14 14:05:30,287 [EventQueue-DeleteBlockStatusForDeletedBlockLogImpl] DEBUG block.DeletedBlockLogImpl (DeletedBlockLogImpl.java:isTransactionFailed(278)) - Got block deletion ACK from datanode, TXIDs=22, success=true
2021-08-14 14:05:30,287 [EventQueue-DeleteBlockStatusForDeletedBlockLogImpl] DEBUG block.DeletedBlockLogImpl (DeletedBlockLogImpl.java:commitTransactions(224)) - Transaction txId=22 commit by dnId=a3a688a0-b759-42a1-9d42-7ea63bf88025 for containerID=#22 failed. Corresponding entry not found.
2021-08-14 14:05:30,287 [EventQueue-DeleteBlockStatusForDeletedBlockLogImpl] DEBUG block.DeletedBlockLogImpl (DeletedBlockLogImpl.java:isTransactionFailed(278)) - Got block deletion ACK from datanode, TXIDs=23, success=true
2021-08-14 14:05:30,287 [EventQueue-DeleteBlockStatusForDeletedBlockLogImpl] DEBUG block.DeletedBlockLogImpl (DeletedBlockLogImpl.java:commitTransactions(224)) - Transaction txId=23 commit by dnId=a3a688a0-b759-42a1-9d42-7ea63bf88025 for containerID=#23 failed. Corresponding entry not found.
2021-08-14 14:05:30,287 [EventQueue-DeleteBlockStatusForDeletedBlockLogImpl] DEBUG block.DeletedBlockLogImpl (DeletedBlockLogImpl.java:isTransactionFailed(278)) - Got block deletion ACK from datanode, TXIDs=24, success=true
2021-08-14 14:05:30,289 [SCMBlockDeletingService#0] DEBUG block.SCMBlockDeletingService (SCMBlockDeletingService.java:call(133)) - Running DeletedBlockTransactionScanner
2021-08-14 14:05:30,296 [EventQueue-DeleteBlockStatusForDeletedBlockLogImpl] DEBUG block.DeletedBlockLogImpl (DeletedBlockLogImpl.java:commitTransactions(224)) - Transaction txId=24 commit by dnId=a3a688a0-b759-42a1-9d42-7ea63bf88025 for containerID=#24 failed. Corresponding entry not found.
2021-08-14 14:05:30,296 [EventQueue-DeleteBlockStatusForDeletedBlockLogImpl] DEBUG block.DeletedBlockLogImpl (DeletedBlockLogImpl.java:isTransactionFailed(278)) - Got block deletion ACK from datanode, TXIDs=25, success=true
2021-08-14 14:05:30,296 [EventQueue-DeleteBlockStatusForDeletedBlockLogImpl] DEBUG block.DeletedBlockLogImpl (DeletedBlockLogImpl.java:commitTransactions(224)) - Transaction txId=25 commit by dnId=a3a688a0-b759-42a1-9d42-7ea63bf88025 for containerID=#25 failed. Corresponding entry not found.
2021-08-14 14:05:30,296 [EventQueue-DeleteBlockStatusForDeletedBlockLogImpl] DEBUG block.DeletedBlockLogImpl (DeletedBlockLogImpl.java:isTransactionFailed(278)) - Got block deletion ACK from datanode, TXIDs=26, success=true
2021-08-14 14:05:30,296 [EventQueue-DeleteBlockStatusForDeletedBlockLogImpl] DEBUG block.DeletedBlockLogImpl (DeletedBlockLogImpl.java:commitTransactions(224)) - Transaction txId=26 commit by dnId=a3a688a0-b759-42a1-9d42-7ea63bf88025 for containerID=#26 failed. Corresponding entry not found.
2021-08-14 14:05:30,296 [EventQueue-DeleteBlockStatusForDeletedBlockLogImpl] DEBUG block.DeletedBlockLogImpl (DeletedBlockLogImpl.java:isTransactionFailed(278)) - Got block deletion ACK from datanode, TXIDs=27, success=true
2021-08-14 14:05:30,296 [EventQueue-DeleteBlockStatusForDeletedBlockLogImpl] DEBUG block.DeletedBlockLogImpl (DeletedBlockLogImpl.java:commitTransactions(224)) - Transaction txId=27 commit by dnId=a3a688a0-b759-42a1-9d42-7ea63bf88025 for containerID=#27 failed. Corresponding entry not found.
2021-08-14 14:05:30,296 [EventQueue-DeleteBlockStatusForDeletedBlockLogImpl] DEBUG block.DeletedBlockLogImpl (DeletedBlockLogImpl.java:isTransactionFailed(278)) - Got block deletion ACK from datanode, TXIDs=28, success=true
2021-08-14 14:05:30,296 [EventQueue-DeleteBlockStatusForDeletedBlockLogImpl] DEBUG block.DeletedBlockLogImpl (DeletedBlockLogImpl.java:commitTransactions(224)) - Transaction txId=28 commit by dnId=a3a688a0-b759-42a1-9d42-7ea63bf88025 for containerID=#28 failed. Corresponding entry not found.
2021-08-14 14:05:30,296 [EventQueue-DeleteBlockStatusForDeletedBlockLogImpl] DEBUG block.DeletedBlockLogImpl (DeletedBlockLogImpl.java:isTransactionFailed(278)) - Got block deletion ACK from datanode, TXIDs=29, success=true
2021-08-14 14:05:30,296 [EventQueue-DeleteBlockStatusForDeletedBlockLogImpl] DEBUG block.DeletedBlockLogImpl (DeletedBlockLogImpl.java:commitTransactions(224)) - Transaction txId=29 commit by dnId=a3a688a0-b759-42a1-9d42-7ea63bf88025 for containerID=#29 failed. Corresponding entry not found.
2021-08-14 14:05:30,296 [EventQueue-DeleteBlockStatusForDeletedBlockLogImpl] DEBUG block.DeletedBlockLogImpl (DeletedBlockLogImpl.java:isTransactionFailed(278)) - Got block deletion ACK from datanode, TXIDs=30, success=true
2021-08-14 14:05:30,296 [EventQueue-DeleteBlockStatusForDeletedBlockLogImpl] DEBUG block.DeletedBlockLogImpl (DeletedBlockLogImpl.java:commitTransactions(224)) - Transaction txId=30 commit by dnId=a3a688a0-b759-42a1-9d42-7ea63bf88025 for containerID=#30 failed. Corresponding entry not found.
2021-08-14 14:05:30,296 [EventQueue-DeleteBlockStatusForDeletedBlockLogImpl] DEBUG block.DeletedBlockLogImpl (DeletedBlockLogImpl.java:isTransactionFailed(278)) - Got block deletion ACK from datanode, TXIDs=31, success=true
2021-08-14 14:05:30,296 [EventQueue-DeleteBlockStatusForDeletedBlockLogImpl] DEBUG block.DeletedBlockLogImpl (DeletedBlockLogImpl.java:commitTransactions(224)) - Transaction txId=31 commit by dnId=a3a688a0-b759-42a1-9d42-7ea63bf88025 for containerID=#31 failed. Corresponding entry not found.
2021-08-14 14:05:30,296 [EventQueue-DeleteBlockStatusForDeletedBlockLogImpl] DEBUG block.DeletedBlockLogImpl (DeletedBlockLogImpl.java:isTransactionFailed(278)) - Got block deletion ACK from datanode, TXIDs=32, success=true
2021-08-14 14:05:30,296 [EventQueue-DeleteBlockStatusForDeletedBlockLogImpl] DEBUG block.DeletedBlockLogImpl (DeletedBlockLogImpl.java:commitTransactions(224)) - Transaction txId=32 commit by dnId=a3a688a0-b759-42a1-9d42-7ea63bf88025 for containerID=#32 failed. Corresponding entry not found.
2021-08-14 14:05:30,296 [EventQueue-DeleteBlockStatusForDeletedBlockLogImpl] DEBUG block.DeletedBlockLogImpl (DeletedBlockLogImpl.java:isTransactionFailed(278)) - Got block deletion ACK from datanode, TXIDs=33, success=true
2021-08-14 14:05:30,296 [EventQueue-DeleteBlockStatusForDeletedBlockLogImpl] DEBUG block.DeletedBlockLogImpl (DeletedBlockLogImpl.java:commitTransactions(224)) - Transaction txId=33 commit by dnId=a3a688a0-b759-42a1-9d42-7ea63bf88025 for containerID=#33 failed. Corresponding entry not found.
2021-08-14 14:05:30,296 [EventQueue-DeleteBlockStatusForDeletedBlockLogImpl] DEBUG block.DeletedBlockLogImpl (DeletedBlockLogImpl.java:isTransactionFailed(278)) - Got block deletion ACK from datanode, TXIDs=34, success=true
2021-08-14 14:05:30,296 [EventQueue-DeleteBlockStatusForDeletedBlockLogImpl] DEBUG block.DeletedBlockLogImpl (DeletedBlockLogImpl.java:commitTransactions(224)) - Transaction txId=34 commit by dnId=a3a688a0-b759-42a1-9d42-7ea63bf88025 for containerID=#34 failed. Corresponding entry not found.
2021-08-14 14:05:30,297 [EventQueue-DeleteBlockStatusForDeletedBlockLogImpl] DEBUG block.DeletedBlockLogImpl (DeletedBlockLogImpl.java:isTransactionFailed(278)) - Got block deletion ACK from datanode, TXIDs=35, success=true
2021-08-14 14:05:30,297 [EventQueue-DeleteBlockStatusForDeletedBlockLogImpl] DEBUG block.DeletedBlockLogImpl (DeletedBlockLogImpl.java:commitTransactions(224)) - Transaction txId=35 commit by dnId=a3a688a0-b759-42a1-9d42-7ea63bf88025 for containerID=#35 failed. Corresponding entry not found.
2021-08-14 14:05:30,297 [EventQueue-DeleteBlockStatusForDeletedBlockLogImpl] DEBUG block.DeletedBlockLogImpl (DeletedBlockLogImpl.java:isTransactionFailed(278)) - Got block deletion ACK from datanode, TXIDs=36, success=true
2021-08-14 14:05:30,297 [EventQueue-DeleteBlockStatusForDeletedBlockLogImpl] DEBUG block.DeletedBlockLogImpl (DeletedBlockLogImpl.java:commitTransactions(224)) - Transaction txId=36 commit by dnId=a3a688a0-b759-42a1-9d42-7ea63bf88025 for containerID=#36 failed. Corresponding entry not found.
2021-08-14 14:05:30,297 [EventQueue-DeleteBlockStatusForDeletedBlockLogImpl] DEBUG block.DeletedBlockLogImpl (DeletedBlockLogImpl.java:isTransactionFailed(278)) - Got block deletion ACK from datanode, TXIDs=37, success=true
2021-08-14 14:05:30,297 [EventQueue-DeleteBlockStatusForDeletedBlockLogImpl] DEBUG block.DeletedBlockLogImpl (DeletedBlockLogImpl.java:commitTransactions(224)) - Transaction txId=37 commit by dnId=a3a688a0-b759-42a1-9d42-7ea63bf88025 for containerID=#37 failed. Corresponding entry not found.
2021-08-14 14:05:30,297 [EventQueue-DeleteBlockStatusForDeletedBlockLogImpl] DEBUG block.DeletedBlockLogImpl (DeletedBlockLogImpl.java:isTransactionFailed(278)) - Got block deletion ACK from datanode, TXIDs=38, success=true
2021-08-14 14:05:30,297 [EventQueue-DeleteBlockStatusForDeletedBlockLogImpl] DEBUG block.DeletedBlockLogImpl (DeletedBlockLogImpl.java:commitTransactions(224)) - Transaction txId=38 commit by dnId=a3a688a0-b759-42a1-9d42-7ea63bf88025 for containerID=#38 failed. Corresponding entry not found.
2021-08-14 14:05:30,297 [EventQueue-DeleteBlockStatusForDeletedBlockLogImpl] DEBUG block.DeletedBlockLogImpl (DeletedBlockLogImpl.java:isTransactionFailed(278)) - Got block deletion ACK from datanode, TXIDs=39, success=true
2021-08-14 14:05:30,297 [EventQueue-DeleteBlockStatusForDeletedBlockLogImpl] DEBUG block.DeletedBlockLogImpl (DeletedBlockLogImpl.java:commitTransactions(224)) - Transaction txId=39 commit by dnId=a3a688a0-b759-42a1-9d42-7ea63bf88025 for containerID=#39 failed. Corresponding entry not found.
2021-08-14 14:05:30,297 [EventQueue-DeleteBlockStatusForDeletedBlockLogImpl] DEBUG block.DeletedBlockLogImpl (DeletedBlockLogImpl.java:isTransactionFailed(278)) - Got block deletion ACK from datanode, TXIDs=40, success=true
2021-08-14 14:05:30,297 [EventQueue-DeleteBlockStatusForDeletedBlockLogImpl] DEBUG block.DeletedBlockLogImpl (DeletedBlockLogImpl.java:commitTransactions(224)) - Transaction txId=40 commit by dnId=a3a688a0-b759-42a1-9d42-7ea63bf88025 for containerID=#40 failed. Corresponding entry not found.
2021-08-14 14:05:30,297 [EventQueue-DeleteBlockStatusForDeletedBlockLogImpl] DEBUG block.DeletedBlockLogImpl (DeletedBlockLogImpl.java:isTransactionFailed(278)) - Got block deletion ACK from datanode, TXIDs=41, success=true
2021-08-14 14:05:30,297 [EventQueue-DeleteBlockStatusForDeletedBlockLogImpl] DEBUG block.DeletedBlockLogImpl (DeletedBlockLogImpl.java:commitTransactions(224)) - Transaction txId=41 commit by dnId=a3a688a0-b759-42a1-9d42-7ea63bf88025 for containerID=#41 failed. Corresponding entry not found.
2021-08-14 14:05:30,297 [EventQueue-DeleteBlockStatusForDeletedBlockLogImpl] DEBUG block.DeletedBlockLogImpl (DeletedBlockLogImpl.java:isTransactionFailed(278)) - Got block deletion ACK from datanode, TXIDs=42, success=true
2021-08-14 14:05:30,297 [EventQueue-DeleteBlockStatusForDeletedBlockLogImpl] DEBUG block.DeletedBlockLogImpl (DeletedBlockLogImpl.java:commitTransactions(224)) - Transaction txId=42 commit by dnId=a3a688a0-b759-42a1-9d42-7ea63bf88025 for containerID=#42 failed. Corresponding entry not found.
2021-08-14 14:05:30,297 [EventQueue-DeleteBlockStatusForDeletedBlockLogImpl] DEBUG block.DeletedBlockLogImpl (DeletedBlockLogImpl.java:isTransactionFailed(278)) - Got block deletion ACK from datanode, TXIDs=43, success=true
2021-08-14 14:05:30,297 [EventQueue-DeleteBlockStatusForDeletedBlockLogImpl] DEBUG block.DeletedBlockLogImpl (DeletedBlockLogImpl.java:commitTransactions(224)) - Transaction txId=43 commit by dnId=a3a688a0-b759-42a1-9d42-7ea63bf88025 for containerID=#43 failed. Corresponding entry not found.
2021-08-14 14:05:30,297 [EventQueue-DeleteBlockStatusForDeletedBlockLogImpl] DEBUG block.DeletedBlockLogImpl (DeletedBlockLogImpl.java:isTransactionFailed(278)) - Got block deletion ACK from datanode, TXIDs=44, success=true
2021-08-14 14:05:30,297 [EventQueue-DeleteBlockStatusForDeletedBlockLogImpl] DEBUG block.DeletedBlockLogImpl (DeletedBlockLogImpl.java:commitTransactions(224)) - Transaction txId=44 commit by dnId=a3a688a0-b759-42a1-9d42-7ea63bf88025 for containerID=#44 failed. Corresponding entry not found.
2021-08-14 14:05:30,297 [EventQueue-DeleteBlockStatusForDeletedBlockLogImpl] DEBUG block.DeletedBlockLogImpl (DeletedBlockLogImpl.java:isTransactionFailed(278)) - Got block deletion ACK from datanode, TXIDs=45, success=true
2021-08-14 14:05:30,297 [EventQueue-DeleteBlockStatusForDeletedBlockLogImpl] DEBUG block.DeletedBlockLogImpl (DeletedBlockLogImpl.java:commitTransactions(224)) - Transaction txId=45 commit by dnId=a3a688a0-b759-42a1-9d42-7ea63bf88025 for containerID=#45 failed. Corresponding entry not found.
2021-08-14 14:05:30,298 [EventQueue-DeleteBlockStatusForDeletedBlockLogImpl] DEBUG block.DeletedBlockLogImpl (DeletedBlockLogImpl.java:isTransactionFailed(278)) - Got block deletion ACK from datanode, TXIDs=46, success=true
2021-08-14 14:05:30,298 [EventQueue-DeleteBlockStatusForDeletedBlockLogImpl] DEBUG block.DeletedBlockLogImpl (DeletedBlockLogImpl.java:commitTransactions(224)) - Transaction txId=46 commit by dnId=a3a688a0-b759-42a1-9d42-7ea63bf88025 for containerID=#46 failed. Corresponding entry not found.
2021-08-14 14:05:30,298 [EventQueue-DeleteBlockStatusForDeletedBlockLogImpl] DEBUG block.DeletedBlockLogImpl (DeletedBlockLogImpl.java:isTransactionFailed(278)) - Got block deletion ACK from datanode, TXIDs=47, success=true
2021-08-14 14:05:30,298 [EventQueue-DeleteBlockStatusForDeletedBlockLogImpl] DEBUG block.DeletedBlockLogImpl (DeletedBlockLogImpl.java:commitTransactions(224)) - Transaction txId=47 commit by dnId=a3a688a0-b759-42a1-9d42-7ea63bf88025 for containerID=#47 failed. Corresponding entry not found.
2021-08-14 14:05:30,298 [EventQueue-DeleteBlockStatusForDeletedBlockLogImpl] DEBUG block.DeletedBlockLogImpl (DeletedBlockLogImpl.java:isTransactionFailed(278)) - Got block deletion ACK from datanode, TXIDs=48, success=true
2021-08-14 14:05:30,298 [EventQueue-DeleteBlockStatusForDeletedBlockLogImpl] DEBUG block.DeletedBlockLogImpl (DeletedBlockLogImpl.java:commitTransactions(224)) - Transaction txId=48 commit by dnId=a3a688a0-b759-42a1-9d42-7ea63bf88025 for containerID=#48 failed. Corresponding entry not found.
2021-08-14 14:05:30,298 [EventQueue-DeleteBlockStatusForDeletedBlockLogImpl] DEBUG block.DeletedBlockLogImpl (DeletedBlockLogImpl.java:isTransactionFailed(278)) - Got block deletion ACK from datanode, TXIDs=49, success=true
2021-08-14 14:05:30,298 [EventQueue-DeleteBlockStatusForDeletedBlockLogImpl] DEBUG block.DeletedBlockLogImpl (DeletedBlockLogImpl.java:commitTransactions(224)) - Transaction txId=49 commit by dnId=a3a688a0-b759-42a1-9d42-7ea63bf88025 for containerID=#49 failed. Corresponding entry not found.
2021-08-14 14:05:30,298 [EventQueue-DeleteBlockStatusForDeletedBlockLogImpl] DEBUG block.DeletedBlockLogImpl (DeletedBlockLogImpl.java:isTransactionFailed(278)) - Got block deletion ACK from datanode, TXIDs=50, success=true
2021-08-14 14:05:30,298 [EventQueue-DeleteBlockStatusForDeletedBlockLogImpl] DEBUG block.DeletedBlockLogImpl (DeletedBlockLogImpl.java:commitTransactions(224)) - Transaction txId=50 commit by dnId=a3a688a0-b759-42a1-9d42-7ea63bf88025 for containerID=#50 failed. Corresponding entry not found.
2021-08-14 14:05:30,298 [EventQueue-DeleteBlockStatusForDeletedBlockLogImpl] DEBUG block.DeletedBlockLogImpl (DeletedBlockLogImpl.java:isTransactionFailed(278)) - Got block deletion ACK from datanode, TXIDs=51, success=true
2021-08-14 14:05:30,298 [EventQueue-DeleteBlockStatusForDeletedBlockLogImpl] DEBUG block.DeletedBlockLogImpl (DeletedBlockLogImpl.java:commitTransactions(224)) - Transaction txId=51 commit by dnId=a3a688a0-b759-42a1-9d42-7ea63bf88025 for containerID=#51 failed. Corresponding entry not found.
2021-08-14 14:05:30,298 [EventQueue-DeleteBlockStatusForDeletedBlockLogImpl] DEBUG block.DeletedBlockLogImpl (DeletedBlockLogImpl.java:isTransactionFailed(278)) - Got block deletion ACK from datanode, TXIDs=52, success=true
2021-08-14 14:05:30,298 [EventQueue-DeleteBlockStatusForDeletedBlockLogImpl] DEBUG block.DeletedBlockLogImpl (DeletedBlockLogImpl.java:commitTransactions(224)) - Transaction txId=52 commit by dnId=a3a688a0-b759-42a1-9d42-7ea63bf88025 for containerID=#52 failed. Corresponding entry not found.
2021-08-14 14:05:30,298 [EventQueue-DeleteBlockStatusForDeletedBlockLogImpl] DEBUG block.DeletedBlockLogImpl (DeletedBlockLogImpl.java:isTransactionFailed(278)) - Got block deletion ACK from datanode, TXIDs=53, success=true
2021-08-14 14:05:30,298 [EventQueue-DeleteBlockStatusForDeletedBlockLogImpl] DEBUG block.DeletedBlockLogImpl (DeletedBlockLogImpl.java:commitTransactions(224)) - Transaction txId=53 commit by dnId=a3a688a0-b759-42a1-9d42-7ea63bf88025 for containerID=#53 failed. Corresponding entry not found.
2021-08-14 14:05:30,298 [EventQueue-DeleteBlockStatusForDeletedBlockLogImpl] DEBUG block.DeletedBlockLogImpl (DeletedBlockLogImpl.java:isTransactionFailed(278)) - Got block deletion ACK from datanode, TXIDs=54, success=true
2021-08-14 14:05:30,298 [EventQueue-DeleteBlockStatusForDeletedBlockLogImpl] DEBUG block.DeletedBlockLogImpl (DeletedBlockLogImpl.java:commitTransactions(224)) - Transaction txId=54 commit by dnId=a3a688a0-b759-42a1-9d42-7ea63bf88025 for containerID=#54 failed. Corresponding entry not found.
2021-08-14 14:05:30,298 [EventQueue-DeleteBlockStatusForDeletedBlockLogImpl] DEBUG block.DeletedBlockLogImpl (DeletedBlockLogImpl.java:isTransactionFailed(278)) - Got block deletion ACK from datanode, TXIDs=55, success=true
2021-08-14 14:05:30,298 [EventQueue-DeleteBlockStatusForDeletedBlockLogImpl] DEBUG block.DeletedBlockLogImpl (DeletedBlockLogImpl.java:commitTransactions(224)) - Transaction txId=55 commit by dnId=a3a688a0-b759-42a1-9d42-7ea63bf88025 for containerID=#55 failed. Corresponding entry not found.
2021-08-14 14:05:30,298 [EventQueue-DeleteBlockStatusForDeletedBlockLogImpl] DEBUG block.DeletedBlockLogImpl (DeletedBlockLogImpl.java:isTransactionFailed(278)) - Got block deletion ACK from datanode, TXIDs=56, success=true
2021-08-14 14:05:30,298 [EventQueue-DeleteBlockStatusForDeletedBlockLogImpl] DEBUG block.DeletedBlockLogImpl (DeletedBlockLogImpl.java:commitTransactions(224)) - Transaction txId=56 commit by dnId=a3a688a0-b759-42a1-9d42-7ea63bf88025 for containerID=#56 failed. Corresponding entry not found.
2021-08-14 14:05:30,299 [EventQueue-DeleteBlockStatusForDeletedBlockLogImpl] DEBUG block.DeletedBlockLogImpl (DeletedBlockLogImpl.java:isTransactionFailed(278)) - Got block deletion ACK from datanode, TXIDs=19, success=true
2021-08-14 14:05:30,299 [EventQueue-DeleteBlockStatusForDeletedBlockLogImpl] DEBUG block.DeletedBlockLogImpl (DeletedBlockLogImpl.java:commitTransactions(224)) - Transaction txId=19 commit by dnId=a3a688a0-b759-42a1-9d42-7ea63bf88025 for containerID=#19 failed. Corresponding entry not found.
2021-08-14 14:05:30,304 [EventQueue-DeleteBlockStatusForDeletedBlockLogImpl] DEBUG block.DeletedBlockLogImpl (DeletedBlockLogImpl.java:isTransactionFailed(278)) - Got block deletion ACK from datanode, TXIDs=20, success=true
2021-08-14 14:05:30,304 [EventQueue-DeleteBlockStatusForDeletedBlockLogImpl] DEBUG block.DeletedBlockLogImpl (DeletedBlockLogImpl.java:commitTransactions(224)) - Transaction txId=20 commit by dnId=a3a688a0-b759-42a1-9d42-7ea63bf88025 for containerID=#20 failed. Corresponding entry not found.
2021-08-14 14:05:30,304 [EventQueue-DeleteBlockStatusForDeletedBlockLogImpl] DEBUG block.DeletedBlockLogImpl (DeletedBlockLogImpl.java:isTransactionFailed(278)) - Got block deletion ACK from datanode, TXIDs=21, success=true
2021-08-14 14:05:30,304 [EventQueue-DeleteBlockStatusForDeletedBlockLogImpl] DEBUG block.DeletedBlockLogImpl (DeletedBlockLogImpl.java:commitTransactions(224)) - Transaction txId=21 commit by dnId=a3a688a0-b759-42a1-9d42-7ea63bf88025 for containerID=#21 failed. Corresponding entry not found.
2021-08-14 14:05:30,304 [EventQueue-DeleteBlockStatusForDeletedBlockLogImpl] DEBUG block.DeletedBlockLogImpl (DeletedBlockLogImpl.java:isTransactionFailed(278)) - Got block deletion ACK from datanode, TXIDs=22, success=true
2021-08-14 14:05:30,304 [EventQueue-DeleteBlockStatusForDeletedBlockLogImpl] DEBUG block.DeletedBlockLogImpl (DeletedBlockLogImpl.java:commitTransactions(224)) - Transaction txId=22 commit by dnId=a3a688a0-b759-42a1-9d42-7ea63bf88025 for containerID=#22 failed. Corresponding entry not found.
2021-08-14 14:05:30,304 [EventQueue-DeleteBlockStatusForDeletedBlockLogImpl] DEBUG block.DeletedBlockLogImpl (DeletedBlockLogImpl.java:isTransactionFailed(278)) - Got block deletion ACK from datanode, TXIDs=23, success=true
2021-08-14 14:05:30,304 [EventQueue-DeleteBlockStatusForDeletedBlockLogImpl] DEBUG block.DeletedBlockLogImpl (DeletedBlockLogImpl.java:commitTransactions(224)) - Transaction txId=23 commit by dnId=a3a688a0-b759-42a1-9d42-7ea63bf88025 for containerID=#23 failed. Corresponding entry not found.
2021-08-14 14:05:30,304 [EventQueue-DeleteBlockStatusForDeletedBlockLogImpl] DEBUG block.DeletedBlockLogImpl (DeletedBlockLogImpl.java:isTransactionFailed(278)) - Got block deletion ACK from datanode, TXIDs=24, success=true
2021-08-14 14:05:30,304 [EventQueue-DeleteBlockStatusForDeletedBlockLogImpl] DEBUG block.DeletedBlockLogImpl (DeletedBlockLogImpl.java:commitTransactions(224)) - Transaction txId=24 commit by dnId=a3a688a0-b759-42a1-9d42-7ea63bf88025 for containerID=#24 failed. Corresponding entry not found.
2021-08-14 14:05:30,304 [EventQueue-DeleteBlockStatusForDeletedBlockLogImpl] DEBUG block.DeletedBlockLogImpl (DeletedBlockLogImpl.java:isTransactionFailed(278)) - Got block deletion ACK from datanode, TXIDs=25, success=true
2021-08-14 14:05:30,305 [EventQueue-DeleteBlockStatusForDeletedBlockLogImpl] DEBUG block.DeletedBlockLogImpl (DeletedBlockLogImpl.java:commitTransactions(224)) - Transaction txId=25 commit by dnId=a3a688a0-b759-42a1-9d42-7ea63bf88025 for containerID=#25 failed. Corresponding entry not found.
2021-08-14 14:05:30,305 [EventQueue-DeleteBlockStatusForDeletedBlockLogImpl] DEBUG block.DeletedBlockLogImpl (DeletedBlockLogImpl.java:isTransactionFailed(278)) - Got block deletion ACK from datanode, TXIDs=26, success=true
2021-08-14 14:05:30,305 [EventQueue-DeleteBlockStatusForDeletedBlockLogImpl] DEBUG block.DeletedBlockLogImpl (DeletedBlockLogImpl.java:commitTransactions(224)) - Transaction txId=26 commit by dnId=a3a688a0-b759-42a1-9d42-7ea63bf88025 for containerID=#26 failed. Corresponding entry not found.
2021-08-14 14:05:30,305 [EventQueue-DeleteBlockStatusForDeletedBlockLogImpl] DEBUG block.DeletedBlockLogImpl (DeletedBlockLogImpl.java:isTransactionFailed(278)) - Got block deletion ACK from datanode, TXIDs=27, success=true
2021-08-14 14:05:30,305 [EventQueue-DeleteBlockStatusForDeletedBlockLogImpl] DEBUG block.DeletedBlockLogImpl (DeletedBlockLogImpl.java:commitTransactions(224)) - Transaction txId=27 commit by dnId=a3a688a0-b759-42a1-9d42-7ea63bf88025 for containerID=#27 failed. Corresponding entry not found.
2021-08-14 14:05:30,305 [EventQueue-DeleteBlockStatusForDeletedBlockLogImpl] DEBUG block.DeletedBlockLogImpl (DeletedBlockLogImpl.java:isTransactionFailed(278)) - Got block deletion ACK from datanode, TXIDs=28, success=true
2021-08-14 14:05:30,305 [EventQueue-DeleteBlockStatusForDeletedBlockLogImpl] DEBUG block.DeletedBlockLogImpl (DeletedBlockLogImpl.java:commitTransactions(224)) - Transaction txId=28 commit by dnId=a3a688a0-b759-42a1-9d42-7ea63bf88025 for containerID=#28 failed. Corresponding entry not found.
2021-08-14 14:05:30,305 [EventQueue-DeleteBlockStatusForDeletedBlockLogImpl] DEBUG block.DeletedBlockLogImpl (DeletedBlockLogImpl.java:isTransactionFailed(278)) - Got block deletion ACK from datanode, TXIDs=29, success=true
2021-08-14 14:05:30,305 [EventQueue-DeleteBlockStatusForDeletedBlockLogImpl] DEBUG block.DeletedBlockLogImpl (DeletedBlockLogImpl.java:commitTransactions(224)) - Transaction txId=29 commit by dnId=a3a688a0-b759-42a1-9d42-7ea63bf88025 for containerID=#29 failed. Corresponding entry not found.
2021-08-14 14:05:30,305 [EventQueue-DeleteBlockStatusForDeletedBlockLogImpl] DEBUG block.DeletedBlockLogImpl (DeletedBlockLogImpl.java:isTransactionFailed(278)) - Got block deletion ACK from datanode, TXIDs=30, success=true
2021-08-14 14:05:30,305 [EventQueue-DeleteBlockStatusForDeletedBlockLogImpl] DEBUG block.DeletedBlockLogImpl (DeletedBlockLogImpl.java:commitTransactions(224)) - Transaction txId=30 commit by dnId=a3a688a0-b759-42a1-9d42-7ea63bf88025 for containerID=#30 failed. Corresponding entry not found.
2021-08-14 14:05:30,305 [EventQueue-DeleteBlockStatusForDeletedBlockLogImpl] DEBUG block.DeletedBlockLogImpl (DeletedBlockLogImpl.java:isTransactionFailed(278)) - Got block deletion ACK from datanode, TXIDs=31, success=true
2021-08-14 14:05:30,305 [EventQueue-DeleteBlockStatusForDeletedBlockLogImpl] DEBUG block.DeletedBlockLogImpl (DeletedBlockLogImpl.java:commitTransactions(224)) - Transaction txId=31 commit by dnId=a3a688a0-b759-42a1-9d42-7ea63bf88025 for containerID=#31 failed. Corresponding entry not found.
2021-08-14 14:05:30,305 [EventQueue-DeleteBlockStatusForDeletedBlockLogImpl] DEBUG block.DeletedBlockLogImpl (DeletedBlockLogImpl.java:isTransactionFailed(278)) - Got block deletion ACK from datanode, TXIDs=32, success=true
2021-08-14 14:05:30,305 [EventQueue-DeleteBlockStatusForDeletedBlockLogImpl] DEBUG block.DeletedBlockLogImpl (DeletedBlockLogImpl.java:commitTransactions(224)) - Transaction txId=32 commit by dnId=a3a688a0-b759-42a1-9d42-7ea63bf88025 for containerID=#32 failed. Corresponding entry not found.
2021-08-14 14:05:30,305 [EventQueue-DeleteBlockStatusForDeletedBlockLogImpl] DEBUG block.DeletedBlockLogImpl (DeletedBlockLogImpl.java:isTransactionFailed(278)) - Got block deletion ACK from datanode, TXIDs=33, success=true
2021-08-14 14:05:30,305 [EventQueue-DeleteBlockStatusForDeletedBlockLogImpl] DEBUG block.DeletedBlockLogImpl (DeletedBlockLogImpl.java:commitTransactions(224)) - Transaction txId=33 commit by dnId=a3a688a0-b759-42a1-9d42-7ea63bf88025 for containerID=#33 failed. Corresponding entry not found.
2021-08-14 14:05:30,306 [EventQueue-DeleteBlockStatusForDeletedBlockLogImpl] DEBUG block.DeletedBlockLogImpl (DeletedBlockLogImpl.java:isTransactionFailed(278)) - Got block deletion ACK from datanode, TXIDs=34, success=true
2021-08-14 14:05:30,306 [EventQueue-DeleteBlockStatusForDeletedBlockLogImpl] DEBUG block.DeletedBlockLogImpl (DeletedBlockLogImpl.java:commitTransactions(224)) - Transaction txId=34 commit by dnId=a3a688a0-b759-42a1-9d42-7ea63bf88025 for containerID=#34 failed. Corresponding entry not found.
2021-08-14 14:05:30,306 [EventQueue-DeleteBlockStatusForDeletedBlockLogImpl] DEBUG block.DeletedBlockLogImpl (DeletedBlockLogImpl.java:isTransactionFailed(278)) - Got block deletion ACK from datanode, TXIDs=35, success=true
2021-08-14 14:05:30,306 [EventQueue-DeleteBlockStatusForDeletedBlockLogImpl] DEBUG block.DeletedBlockLogImpl (DeletedBlockLogImpl.java:commitTransactions(224)) - Transaction txId=35 commit by dnId=a3a688a0-b759-42a1-9d42-7ea63bf88025 for containerID=#35 failed. Corresponding entry not found.
2021-08-14 14:05:30,306 [EventQueue-DeleteBlockStatusForDeletedBlockLogImpl] DEBUG block.DeletedBlockLogImpl (DeletedBlockLogImpl.java:isTransactionFailed(278)) - Got block deletion ACK from datanode, TXIDs=36, success=true
2021-08-14 14:05:30,306 [EventQueue-DeleteBlockStatusForDeletedBlockLogImpl] DEBUG block.DeletedBlockLogImpl (DeletedBlockLogImpl.java:commitTransactions(224)) - Transaction txId=36 commit by dnId=a3a688a0-b759-42a1-9d42-7ea63bf88025 for containerID=#36 failed. Corresponding entry not found.
2021-08-14 14:05:30,306 [EventQueue-DeleteBlockStatusForDeletedBlockLogImpl] DEBUG block.DeletedBlockLogImpl (DeletedBlockLogImpl.java:isTransactionFailed(278)) - Got block deletion ACK from datanode, TXIDs=37, success=true
2021-08-14 14:05:30,306 [EventQueue-DeleteBlockStatusForDeletedBlockLogImpl] DEBUG block.DeletedBlockLogImpl (DeletedBlockLogImpl.java:commitTransactions(224)) - Transaction txId=37 commit by dnId=a3a688a0-b759-42a1-9d42-7ea63bf88025 for containerID=#37 failed. Corresponding entry not found.
2021-08-14 14:05:30,306 [EventQueue-DeleteBlockStatusForDeletedBlockLogImpl] DEBUG block.DeletedBlockLogImpl (DeletedBlockLogImpl.java:isTransactionFailed(278)) - Got block deletion ACK from datanode, TXIDs=38, success=true
2021-08-14 14:05:30,306 [EventQueue-DeleteBlockStatusForDeletedBlockLogImpl] DEBUG block.DeletedBlockLogImpl (DeletedBlockLogImpl.java:commitTransactions(224)) - Transaction txId=38 commit by dnId=a3a688a0-b759-42a1-9d42-7ea63bf88025 for containerID=#38 failed. Corresponding entry not found.
2021-08-14 14:05:30,306 [EventQueue-DeleteBlockStatusForDeletedBlockLogImpl] DEBUG block.DeletedBlockLogImpl (DeletedBlockLogImpl.java:isTransactionFailed(278)) - Got block deletion ACK from datanode, TXIDs=39, success=true
2021-08-14 14:05:30,306 [EventQueue-DeleteBlockStatusForDeletedBlockLogImpl] DEBUG block.DeletedBlockLogImpl (DeletedBlockLogImpl.java:commitTransactions(224)) - Transaction txId=39 commit by dnId=a3a688a0-b759-42a1-9d42-7ea63bf88025 for containerID=#39 failed. Corresponding entry not found.
2021-08-14 14:05:30,306 [EventQueue-DeleteBlockStatusForDeletedBlockLogImpl] DEBUG block.DeletedBlockLogImpl (DeletedBlockLogImpl.java:isTransactionFailed(278)) - Got block deletion ACK from datanode, TXIDs=40, success=true
2021-08-14 14:05:30,306 [EventQueue-DeleteBlockStatusForDeletedBlockLogImpl] DEBUG block.DeletedBlockLogImpl (DeletedBlockLogImpl.java:commitTransactions(224)) - Transaction txId=40 commit by dnId=a3a688a0-b759-42a1-9d42-7ea63bf88025 for containerID=#40 failed. Corresponding entry not found.
2021-08-14 14:05:30,308 [EventQueue-DeleteBlockStatusForDeletedBlockLogImpl] DEBUG block.DeletedBlockLogImpl (DeletedBlockLogImpl.java:isTransactionFailed(278)) - Got block deletion ACK from datanode, TXIDs=41, success=true
2021-08-14 14:05:30,308 [EventQueue-DeleteBlockStatusForDeletedBlockLogImpl] DEBUG block.DeletedBlockLogImpl (DeletedBlockLogImpl.java:commitTransactions(224)) - Transaction txId=41 commit by dnId=a3a688a0-b759-42a1-9d42-7ea63bf88025 for containerID=#41 failed. Corresponding entry not found.
2021-08-14 14:05:30,308 [EventQueue-DeleteBlockStatusForDeletedBlockLogImpl] DEBUG block.DeletedBlockLogImpl (DeletedBlockLogImpl.java:isTransactionFailed(278)) - Got block deletion ACK from datanode, TXIDs=42, success=true
2021-08-14 14:05:30,308 [EventQueue-DeleteBlockStatusForDeletedBlockLogImpl] DEBUG block.DeletedBlockLogImpl (DeletedBlockLogImpl.java:commitTransactions(224)) - Transaction txId=42 commit by dnId=a3a688a0-b759-42a1-9d42-7ea63bf88025 for containerID=#42 failed. Corresponding entry not found.
2021-08-14 14:05:30,308 [EventQueue-DeleteBlockStatusForDeletedBlockLogImpl] DEBUG block.DeletedBlockLogImpl (DeletedBlockLogImpl.java:isTransactionFailed(278)) - Got block deletion ACK from datanode, TXIDs=43, success=true
2021-08-14 14:05:30,308 [EventQueue-DeleteBlockStatusForDeletedBlockLogImpl] DEBUG block.DeletedBlockLogImpl (DeletedBlockLogImpl.java:commitTransactions(224)) - Transaction txId=43 commit by dnId=a3a688a0-b759-42a1-9d42-7ea63bf88025 for containerID=#43 failed. Corresponding entry not found.
2021-08-14 14:05:30,308 [EventQueue-DeleteBlockStatusForDeletedBlockLogImpl] DEBUG block.DeletedBlockLogImpl (DeletedBlockLogImpl.java:isTransactionFailed(278)) - Got block deletion ACK from datanode, TXIDs=44, success=true
2021-08-14 14:05:30,309 [EventQueue-DeleteBlockStatusForDeletedBlockLogImpl] DEBUG block.DeletedBlockLogImpl (DeletedBlockLogImpl.java:commitTransactions(224)) - Transaction txId=44 commit by dnId=a3a688a0-b759-42a1-9d42-7ea63bf88025 for containerID=#44 failed. Corresponding entry not found.
2021-08-14 14:05:30,309 [EventQueue-DeleteBlockStatusForDeletedBlockLogImpl] DEBUG block.DeletedBlockLogImpl (DeletedBlockLogImpl.java:isTransactionFailed(278)) - Got block deletion ACK from datanode, TXIDs=45, success=true
2021-08-14 14:05:30,309 [EventQueue-DeleteBlockStatusForDeletedBlockLogImpl] DEBUG block.DeletedBlockLogImpl (DeletedBlockLogImpl.java:commitTransactions(224)) - Transaction txId=45 commit by dnId=a3a688a0-b759-42a1-9d42-7ea63bf88025 for containerID=#45 failed. Corresponding entry not found.
2021-08-14 14:05:30,309 [EventQueue-DeleteBlockStatusForDeletedBlockLogImpl] DEBUG block.DeletedBlockLogImpl (DeletedBlockLogImpl.java:isTransactionFailed(278)) - Got block deletion ACK from datanode, TXIDs=46, success=true
2021-08-14 14:05:30,309 [EventQueue-DeleteBlockStatusForDeletedBlockLogImpl] DEBUG block.DeletedBlockLogImpl (DeletedBlockLogImpl.java:commitTransactions(224)) - Transaction txId=46 commit by dnId=a3a688a0-b759-42a1-9d42-7ea63bf88025 for containerID=#46 failed. Corresponding entry not found.
2021-08-14 14:05:30,309 [EventQueue-DeleteBlockStatusForDeletedBlockLogImpl] DEBUG block.DeletedBlockLogImpl (DeletedBlockLogImpl.java:isTransactionFailed(278)) - Got block deletion ACK from datanode, TXIDs=47, success=true
2021-08-14 14:05:30,309 [EventQueue-DeleteBlockStatusForDeletedBlockLogImpl] DEBUG block.DeletedBlockLogImpl (DeletedBlockLogImpl.java:commitTransactions(224)) - Transaction txId=47 commit by dnId=a3a688a0-b759-42a1-9d42-7ea63bf88025 for containerID=#47 failed. Corresponding entry not found.
2021-08-14 14:05:30,309 [EventQueue-DeleteBlockStatusForDeletedBlockLogImpl] DEBUG block.DeletedBlockLogImpl (DeletedBlockLogImpl.java:isTransactionFailed(278)) - Got block deletion ACK from datanode, TXIDs=48, success=true
2021-08-14 14:05:30,309 [EventQueue-DeleteBlockStatusForDeletedBlockLogImpl] DEBUG block.DeletedBlockLogImpl (DeletedBlockLogImpl.java:commitTransactions(224)) - Transaction txId=48 commit by dnId=a3a688a0-b759-42a1-9d42-7ea63bf88025 for containerID=#48 failed. Corresponding entry not found.
2021-08-14 14:05:30,309 [EventQueue-DeleteBlockStatusForDeletedBlockLogImpl] DEBUG block.DeletedBlockLogImpl (DeletedBlockLogImpl.java:isTransactionFailed(278)) - Got block deletion ACK from datanode, TXIDs=49, success=true
2021-08-14 14:05:30,309 [EventQueue-DeleteBlockStatusForDeletedBlockLogImpl] DEBUG block.DeletedBlockLogImpl (DeletedBlockLogImpl.java:commitTransactions(224)) - Transaction txId=49 commit by dnId=a3a688a0-b759-42a1-9d42-7ea63bf88025 for containerID=#49 failed. Corresponding entry not found.
2021-08-14 14:05:30,309 [EventQueue-DeleteBlockStatusForDeletedBlockLogImpl] DEBUG block.DeletedBlockLogImpl (DeletedBlockLogImpl.java:isTransactionFailed(278)) - Got block deletion ACK from datanode, TXIDs=50, success=true
2021-08-14 14:05:30,309 [EventQueue-DeleteBlockStatusForDeletedBlockLogImpl] DEBUG block.DeletedBlockLogImpl (DeletedBlockLogImpl.java:commitTransactions(224)) - Transaction txId=50 commit by dnId=a3a688a0-b759-42a1-9d42-7ea63bf88025 for containerID=#50 failed. Corresponding entry not found.
2021-08-14 14:05:30,310 [EventQueue-DeleteBlockStatusForDeletedBlockLogImpl] DEBUG block.DeletedBlockLogImpl (DeletedBlockLogImpl.java:isTransactionFailed(278)) - Got block deletion ACK from datanode, TXIDs=51, success=true
2021-08-14 14:05:30,310 [EventQueue-DeleteBlockStatusForDeletedBlockLogImpl] DEBUG block.DeletedBlockLogImpl (DeletedBlockLogImpl.java:commitTransactions(224)) - Transaction txId=51 commit by dnId=a3a688a0-b759-42a1-9d42-7ea63bf88025 for containerID=#51 failed. Corresponding entry not found.
2021-08-14 14:05:30,310 [EventQueue-DeleteBlockStatusForDeletedBlockLogImpl] DEBUG block.DeletedBlockLogImpl (DeletedBlockLogImpl.java:isTransactionFailed(278)) - Got block deletion ACK from datanode, TXIDs=52, success=true
2021-08-14 14:05:30,310 [EventQueue-DeleteBlockStatusForDeletedBlockLogImpl] DEBUG block.DeletedBlockLogImpl (DeletedBlockLogImpl.java:commitTransactions(224)) - Transaction txId=52 commit by dnId=a3a688a0-b759-42a1-9d42-7ea63bf88025 for containerID=#52 failed. Corresponding entry not found.
2021-08-14 14:05:30,310 [EventQueue-DeleteBlockStatusForDeletedBlockLogImpl] DEBUG block.DeletedBlockLogImpl (DeletedBlockLogImpl.java:isTransactionFailed(278)) - Got block deletion ACK from datanode, TXIDs=53, success=true
2021-08-14 14:05:30,310 [EventQueue-DeleteBlockStatusForDeletedBlockLogImpl] DEBUG block.DeletedBlockLogImpl (DeletedBlockLogImpl.java:commitTransactions(224)) - Transaction txId=53 commit by dnId=a3a688a0-b759-42a1-9d42-7ea63bf88025 for containerID=#53 failed. Corresponding entry not found.
2021-08-14 14:05:30,310 [EventQueue-DeleteBlockStatusForDeletedBlockLogImpl] DEBUG block.DeletedBlockLogImpl (DeletedBlockLogImpl.java:isTransactionFailed(278)) - Got block deletion ACK from datanode, TXIDs=54, success=true
2021-08-14 14:05:30,313 [EventQueue-DeleteBlockStatusForDeletedBlockLogImpl] DEBUG block.DeletedBlockLogImpl (DeletedBlockLogImpl.java:commitTransactions(224)) - Transaction txId=54 commit by dnId=a3a688a0-b759-42a1-9d42-7ea63bf88025 for containerID=#54 failed. Corresponding entry not found.
2021-08-14 14:05:30,313 [EventQueue-DeleteBlockStatusForDeletedBlockLogImpl] DEBUG block.DeletedBlockLogImpl (DeletedBlockLogImpl.java:isTransactionFailed(278)) - Got block deletion ACK from datanode, TXIDs=55, success=true
2021-08-14 14:05:30,313 [EventQueue-DeleteBlockStatusForDeletedBlockLogImpl] DEBUG block.DeletedBlockLogImpl (DeletedBlockLogImpl.java:commitTransactions(224)) - Transaction txId=55 commit by dnId=a3a688a0-b759-42a1-9d42-7ea63bf88025 for containerID=#55 failed. Corresponding entry not found.
2021-08-14 14:05:30,316 [EventQueue-DeleteBlockStatusForDeletedBlockLogImpl] DEBUG block.DeletedBlockLogImpl (DeletedBlockLogImpl.java:isTransactionFailed(278)) - Got block deletion ACK from datanode, TXIDs=56, success=true
2021-08-14 14:05:30,316 [EventQueue-DeleteBlockStatusForDeletedBlockLogImpl] DEBUG block.DeletedBlockLogImpl (DeletedBlockLogImpl.java:commitTransactions(224)) - Transaction txId=56 commit by dnId=a3a688a0-b759-42a1-9d42-7ea63bf88025 for containerID=#56 failed. Corresponding entry not found.
2021-08-14 14:05:30,316 [EventQueue-DeleteBlockStatusForDeletedBlockLogImpl] DEBUG block.DeletedBlockLogImpl (DeletedBlockLogImpl.java:isTransactionFailed(278)) - Got block deletion ACK from datanode, TXIDs=19, success=true
2021-08-14 14:05:30,316 [EventQueue-DeleteBlockStatusForDeletedBlockLogImpl] DEBUG block.DeletedBlockLogImpl (DeletedBlockLogImpl.java:commitTransactions(224)) - Transaction txId=19 commit by dnId=a3a688a0-b759-42a1-9d42-7ea63bf88025 for containerID=#19 failed. Corresponding entry not found.
2021-08-14 14:05:30,316 [EventQueue-DeleteBlockStatusForDeletedBlockLogImpl] DEBUG block.DeletedBlockLogImpl (DeletedBlockLogImpl.java:isTransactionFailed(278)) - Got block deletion ACK from datanode, TXIDs=20, success=true
2021-08-14 14:05:30,316 [EventQueue-DeleteBlockStatusForDeletedBlockLogImpl] DEBUG block.DeletedBlockLogImpl (DeletedBlockLogImpl.java:commitTransactions(224)) - Transaction txId=20 commit by dnId=a3a688a0-b759-42a1-9d42-7ea63bf88025 for containerID=#20 failed. Corresponding entry not found.
2021-08-14 14:05:30,316 [EventQueue-DeleteBlockStatusForDeletedBlockLogImpl] DEBUG block.DeletedBlockLogImpl (DeletedBlockLogImpl.java:isTransactionFailed(278)) - Got block deletion ACK from datanode, TXIDs=21, success=true
2021-08-14 14:05:30,316 [EventQueue-DeleteBlockStatusForDeletedBlockLogImpl] DEBUG block.DeletedBlockLogImpl (DeletedBlockLogImpl.java:commitTransactions(224)) - Transaction txId=21 commit by dnId=a3a688a0-b759-42a1-9d42-7ea63bf88025 for containerID=#21 failed. Corresponding entry not found.
2021-08-14 14:05:30,316 [EventQueue-DeleteBlockStatusForDeletedBlockLogImpl] DEBUG block.DeletedBlockLogImpl (DeletedBlockLogImpl.java:isTransactionFailed(278)) - Got block deletion ACK from datanode, TXIDs=22, success=true
2021-08-14 14:05:30,316 [EventQueue-DeleteBlockStatusForDeletedBlockLogImpl] DEBUG block.DeletedBlockLogImpl (DeletedBlockLogImpl.java:commitTransactions(224)) - Transaction txId=22 commit by dnId=a3a688a0-b759-42a1-9d42-7ea63bf88025 for containerID=#22 failed. Corresponding entry not found.
2021-08-14 14:05:30,316 [EventQueue-DeleteBlockStatusForDeletedBlockLogImpl] DEBUG block.DeletedBlockLogImpl (DeletedBlockLogImpl.java:isTransactionFailed(278)) - Got block deletion ACK from datanode, TXIDs=23, success=true
2021-08-14 14:05:30,316 [EventQueue-DeleteBlockStatusForDeletedBlockLogImpl] DEBUG block.DeletedBlockLogImpl (DeletedBlockLogImpl.java:commitTransactions(224)) - Transaction txId=23 commit by dnId=a3a688a0-b759-42a1-9d42-7ea63bf88025 for containerID=#23 failed. Corresponding entry not found.
2021-08-14 14:05:30,316 [EventQueue-DeleteBlockStatusForDeletedBlockLogImpl] DEBUG block.DeletedBlockLogImpl (DeletedBlockLogImpl.java:isTransactionFailed(278)) - Got block deletion ACK from datanode, TXIDs=24, success=true
2021-08-14 14:05:30,316 [EventQueue-DeleteBlockStatusForDeletedBlockLogImpl] DEBUG block.DeletedBlockLogImpl (DeletedBlockLogImpl.java:commitTransactions(224)) - Transaction txId=24 commit by dnId=a3a688a0-b759-42a1-9d42-7ea63bf88025 for containerID=#24 failed. Corresponding entry not found.
2021-08-14 14:05:30,316 [EventQueue-DeleteBlockStatusForDeletedBlockLogImpl] DEBUG block.DeletedBlockLogImpl (DeletedBlockLogImpl.java:isTransactionFailed(278)) - Got block deletion ACK from datanode, TXIDs=25, success=true
2021-08-14 14:05:30,316 [EventQueue-DeleteBlockStatusForDeletedBlockLogImpl] DEBUG block.DeletedBlockLogImpl (DeletedBlockLogImpl.java:commitTransactions(224)) - Transaction txId=25 commit by dnId=a3a688a0-b759-42a1-9d42-7ea63bf88025 for containerID=#25 failed. Corresponding entry not found.
2021-08-14 14:05:30,316 [EventQueue-DeleteBlockStatusForDeletedBlockLogImpl] DEBUG block.DeletedBlockLogImpl (DeletedBlockLogImpl.java:isTransactionFailed(278)) - Got block deletion ACK from datanode, TXIDs=26, success=true
2021-08-14 14:05:30,316 [EventQueue-DeleteBlockStatusForDeletedBlockLogImpl] DEBUG block.DeletedBlockLogImpl (DeletedBlockLogImpl.java:commitTransactions(224)) - Transaction txId=26 commit by dnId=a3a688a0-b759-42a1-9d42-7ea63bf88025 for containerID=#26 failed. Corresponding entry not found.
2021-08-14 14:05:30,317 [EventQueue-DeleteBlockStatusForDeletedBlockLogImpl] DEBUG block.DeletedBlockLogImpl (DeletedBlockLogImpl.java:isTransactionFailed(278)) - Got block deletion ACK from datanode, TXIDs=27, success=true
2021-08-14 14:05:30,317 [EventQueue-DeleteBlockStatusForDeletedBlockLogImpl] DEBUG block.DeletedBlockLogImpl (DeletedBlockLogImpl.java:commitTransactions(224)) - Transaction txId=27 commit by dnId=a3a688a0-b759-42a1-9d42-7ea63bf88025 for containerID=#27 failed. Corresponding entry not found.
2021-08-14 14:05:30,317 [EventQueue-DeleteBlockStatusForDeletedBlockLogImpl] DEBUG block.DeletedBlockLogImpl (DeletedBlockLogImpl.java:isTransactionFailed(278)) - Got block deletion ACK from datanode, TXIDs=28, success=true
2021-08-14 14:05:30,317 [EventQueue-DeleteBlockStatusForDeletedBlockLogImpl] DEBUG block.DeletedBlockLogImpl (DeletedBlockLogImpl.java:commitTransactions(224)) - Transaction txId=28 commit by dnId=a3a688a0-b759-42a1-9d42-7ea63bf88025 for containerID=#28 failed. Corresponding entry not found.
2021-08-14 14:05:30,317 [EventQueue-DeleteBlockStatusForDeletedBlockLogImpl] DEBUG block.DeletedBlockLogImpl (DeletedBlockLogImpl.java:isTransactionFailed(278)) - Got block deletion ACK from datanode, TXIDs=29, success=true
2021-08-14 14:05:30,317 [EventQueue-DeleteBlockStatusForDeletedBlockLogImpl] DEBUG block.DeletedBlockLogImpl (DeletedBlockLogImpl.java:commitTransactions(224)) - Transaction txId=29 commit by dnId=a3a688a0-b759-42a1-9d42-7ea63bf88025 for containerID=#29 failed. Corresponding entry not found.
2021-08-14 14:05:30,317 [EventQueue-DeleteBlockStatusForDeletedBlockLogImpl] DEBUG block.DeletedBlockLogImpl (DeletedBlockLogImpl.java:isTransactionFailed(278)) - Got block deletion ACK from datanode, TXIDs=30, success=true
2021-08-14 14:05:30,317 [EventQueue-DeleteBlockStatusForDeletedBlockLogImpl] DEBUG block.DeletedBlockLogImpl (DeletedBlockLogImpl.java:commitTransactions(224)) - Transaction txId=30 commit by dnId=a3a688a0-b759-42a1-9d42-7ea63bf88025 for containerID=#30 failed. Corresponding entry not found.
2021-08-14 14:05:30,318 [EventQueue-DeleteBlockStatusForDeletedBlockLogImpl] DEBUG block.DeletedBlockLogImpl (DeletedBlockLogImpl.java:isTransactionFailed(278)) - Got block deletion ACK from datanode, TXIDs=31, success=true
2021-08-14 14:05:30,318 [EventQueue-DeleteBlockStatusForDeletedBlockLogImpl] DEBUG block.DeletedBlockLogImpl (DeletedBlockLogImpl.java:commitTransactions(224)) - Transaction txId=31 commit by dnId=a3a688a0-b759-42a1-9d42-7ea63bf88025 for containerID=#31 failed. Corresponding entry not found.
2021-08-14 14:05:30,318 [EventQueue-DeleteBlockStatusForDeletedBlockLogImpl] DEBUG block.DeletedBlockLogImpl (DeletedBlockLogImpl.java:isTransactionFailed(278)) - Got block deletion ACK from datanode, TXIDs=32, success=true
2021-08-14 14:05:30,318 [EventQueue-DeleteBlockStatusForDeletedBlockLogImpl] DEBUG block.DeletedBlockLogImpl (DeletedBlockLogImpl.java:commitTransactions(224)) - Transaction txId=32 commit by dnId=a3a688a0-b759-42a1-9d42-7ea63bf88025 for containerID=#32 failed. Corresponding entry not found.
2021-08-14 14:05:30,318 [EventQueue-DeleteBlockStatusForDeletedBlockLogImpl] DEBUG block.DeletedBlockLogImpl (DeletedBlockLogImpl.java:isTransactionFailed(278)) - Got block deletion ACK from datanode, TXIDs=33, success=true
2021-08-14 14:05:30,318 [EventQueue-DeleteBlockStatusForDeletedBlockLogImpl] DEBUG block.DeletedBlockLogImpl (DeletedBlockLogImpl.java:commitTransactions(224)) - Transaction txId=33 commit by dnId=a3a688a0-b759-42a1-9d42-7ea63bf88025 for containerID=#33 failed. Corresponding entry not found.
2021-08-14 14:05:30,318 [EventQueue-DeleteBlockStatusForDeletedBlockLogImpl] DEBUG block.DeletedBlockLogImpl (DeletedBlockLogImpl.java:isTransactionFailed(278)) - Got block deletion ACK from datanode, TXIDs=34, success=true
2021-08-14 14:05:30,318 [EventQueue-DeleteBlockStatusForDeletedBlockLogImpl] DEBUG block.DeletedBlockLogImpl (DeletedBlockLogImpl.java:commitTransactions(224)) - Transaction txId=34 commit by dnId=a3a688a0-b759-42a1-9d42-7ea63bf88025 for containerID=#34 failed. Corresponding entry not found.
2021-08-14 14:05:30,318 [EventQueue-DeleteBlockStatusForDeletedBlockLogImpl] DEBUG block.DeletedBlockLogImpl (DeletedBlockLogImpl.java:isTransactionFailed(278)) - Got block deletion ACK from datanode, TXIDs=35, success=true
2021-08-14 14:05:30,318 [EventQueue-DeleteBlockStatusForDeletedBlockLogImpl] DEBUG block.DeletedBlockLogImpl (DeletedBlockLogImpl.java:commitTransactions(224)) - Transaction txId=35 commit by dnId=a3a688a0-b759-42a1-9d42-7ea63bf88025 for containerID=#35 failed. Corresponding entry not found.
2021-08-14 14:05:30,318 [EventQueue-DeleteBlockStatusForDeletedBlockLogImpl] DEBUG block.DeletedBlockLogImpl (DeletedBlockLogImpl.java:isTransactionFailed(278)) - Got block deletion ACK from datanode, TXIDs=36, success=true
2021-08-14 14:05:30,318 [EventQueue-DeleteBlockStatusForDeletedBlockLogImpl] DEBUG block.DeletedBlockLogImpl (DeletedBlockLogImpl.java:commitTransactions(224)) - Transaction txId=36 commit by dnId=a3a688a0-b759-42a1-9d42-7ea63bf88025 for containerID=#36 failed. Corresponding entry not found.
2021-08-14 14:05:30,318 [EventQueue-DeleteBlockStatusForDeletedBlockLogImpl] DEBUG block.DeletedBlockLogImpl (DeletedBlockLogImpl.java:isTransactionFailed(278)) - Got block deletion ACK from datanode, TXIDs=37, success=true
2021-08-14 14:05:30,318 [EventQueue-DeleteBlockStatusForDeletedBlockLogImpl] DEBUG block.DeletedBlockLogImpl (DeletedBlockLogImpl.java:commitTransactions(224)) - Transaction txId=37 commit by dnId=a3a688a0-b759-42a1-9d42-7ea63bf88025 for containerID=#37 failed. Corresponding entry not found.
2021-08-14 14:05:30,318 [EventQueue-DeleteBlockStatusForDeletedBlockLogImpl] DEBUG block.DeletedBlockLogImpl (DeletedBlockLogImpl.java:isTransactionFailed(278)) - Got block deletion ACK from datanode, TXIDs=38, success=true
2021-08-14 14:05:30,318 [EventQueue-DeleteBlockStatusForDeletedBlockLogImpl] DEBUG block.DeletedBlockLogImpl (DeletedBlockLogImpl.java:commitTransactions(224)) - Transaction txId=38 commit by dnId=a3a688a0-b759-42a1-9d42-7ea63bf88025 for containerID=#38 failed. Corresponding entry not found.
2021-08-14 14:05:30,318 [EventQueue-DeleteBlockStatusForDeletedBlockLogImpl] DEBUG block.DeletedBlockLogImpl (DeletedBlockLogImpl.java:isTransactionFailed(278)) - Got block deletion ACK from datanode, TXIDs=39, success=true
2021-08-14 14:05:30,318 [EventQueue-DeleteBlockStatusForDeletedBlockLogImpl] DEBUG block.DeletedBlockLogImpl (DeletedBlockLogImpl.java:commitTransactions(224)) - Transaction txId=39 commit by dnId=a3a688a0-b759-42a1-9d42-7ea63bf88025 for containerID=#39 failed. Corresponding entry not found.
2021-08-14 14:05:30,318 [EventQueue-DeleteBlockStatusForDeletedBlockLogImpl] DEBUG block.DeletedBlockLogImpl (DeletedBlockLogImpl.java:isTransactionFailed(278)) - Got block deletion ACK from datanode, TXIDs=40, success=true
2021-08-14 14:05:30,318 [EventQueue-DeleteBlockStatusForDeletedBlockLogImpl] DEBUG block.DeletedBlockLogImpl (DeletedBlockLogImpl.java:commitTransactions(224)) - Transaction txId=40 commit by dnId=a3a688a0-b759-42a1-9d42-7ea63bf88025 for containerID=#40 failed. Corresponding entry not found.
2021-08-14 14:05:30,318 [EventQueue-DeleteBlockStatusForDeletedBlockLogImpl] DEBUG block.DeletedBlockLogImpl (DeletedBlockLogImpl.java:isTransactionFailed(278)) - Got block deletion ACK from datanode, TXIDs=41, success=true
2021-08-14 14:05:30,321 [EventQueue-DeleteBlockStatusForDeletedBlockLogImpl] DEBUG block.DeletedBlockLogImpl (DeletedBlockLogImpl.java:commitTransactions(224)) - Transaction txId=41 commit by dnId=a3a688a0-b759-42a1-9d42-7ea63bf88025 for containerID=#41 failed. Corresponding entry not found.
2021-08-14 14:05:30,321 [EventQueue-DeleteBlockStatusForDeletedBlockLogImpl] DEBUG block.DeletedBlockLogImpl (DeletedBlockLogImpl.java:isTransactionFailed(278)) - Got block deletion ACK from datanode, TXIDs=42, success=true
2021-08-14 14:05:30,321 [EventQueue-DeleteBlockStatusForDeletedBlockLogImpl] DEBUG block.DeletedBlockLogImpl (DeletedBlockLogImpl.java:commitTransactions(224)) - Transaction txId=42 commit by dnId=a3a688a0-b759-42a1-9d42-7ea63bf88025 for containerID=#42 failed. Corresponding entry not found.
2021-08-14 14:05:30,321 [EventQueue-DeleteBlockStatusForDeletedBlockLogImpl] DEBUG block.DeletedBlockLogImpl (DeletedBlockLogImpl.java:isTransactionFailed(278)) - Got block deletion ACK from datanode, TXIDs=43, success=true
2021-08-14 14:05:30,325 [EventQueue-DeleteBlockStatusForDeletedBlockLogImpl] DEBUG block.DeletedBlockLogImpl (DeletedBlockLogImpl.java:commitTransactions(224)) - Transaction txId=43 commit by dnId=a3a688a0-b759-42a1-9d42-7ea63bf88025 for containerID=#43 failed. Corresponding entry not found.
2021-08-14 14:05:30,325 [EventQueue-DeleteBlockStatusForDeletedBlockLogImpl] DEBUG block.DeletedBlockLogImpl (DeletedBlockLogImpl.java:isTransactionFailed(278)) - Got block deletion ACK from datanode, TXIDs=44, success=true
2021-08-14 14:05:30,325 [EventQueue-DeleteBlockStatusForDeletedBlockLogImpl] DEBUG block.DeletedBlockLogImpl (DeletedBlockLogImpl.java:commitTransactions(224)) - Transaction txId=44 commit by dnId=a3a688a0-b759-42a1-9d42-7ea63bf88025 for containerID=#44 failed. Corresponding entry not found.
2021-08-14 14:05:30,325 [EventQueue-DeleteBlockStatusForDeletedBlockLogImpl] DEBUG block.DeletedBlockLogImpl (DeletedBlockLogImpl.java:isTransactionFailed(278)) - Got block deletion ACK from datanode, TXIDs=45, success=true
2021-08-14 14:05:30,325 [EventQueue-DeleteBlockStatusForDeletedBlockLogImpl] DEBUG block.DeletedBlockLogImpl (DeletedBlockLogImpl.java:commitTransactions(224)) - Transaction txId=45 commit by dnId=a3a688a0-b759-42a1-9d42-7ea63bf88025 for containerID=#45 failed. Corresponding entry not found.
2021-08-14 14:05:30,325 [EventQueue-DeleteBlockStatusForDeletedBlockLogImpl] DEBUG block.DeletedBlockLogImpl (DeletedBlockLogImpl.java:isTransactionFailed(278)) - Got block deletion ACK from datanode, TXIDs=46, success=true
2021-08-14 14:05:30,325 [EventQueue-DeleteBlockStatusForDeletedBlockLogImpl] DEBUG block.DeletedBlockLogImpl (DeletedBlockLogImpl.java:commitTransactions(224)) - Transaction txId=46 commit by dnId=a3a688a0-b759-42a1-9d42-7ea63bf88025 for containerID=#46 failed. Corresponding entry not found.
2021-08-14 14:05:30,325 [EventQueue-DeleteBlockStatusForDeletedBlockLogImpl] DEBUG block.DeletedBlockLogImpl (DeletedBlockLogImpl.java:isTransactionFailed(278)) - Got block deletion ACK from datanode, TXIDs=47, success=true
2021-08-14 14:05:30,325 [EventQueue-DeleteBlockStatusForDeletedBlockLogImpl] DEBUG block.DeletedBlockLogImpl (DeletedBlockLogImpl.java:commitTransactions(224)) - Transaction txId=47 commit by dnId=a3a688a0-b759-42a1-9d42-7ea63bf88025 for containerID=#47 failed. Corresponding entry not found.
2021-08-14 14:05:30,326 [EventQueue-DeleteBlockStatusForDeletedBlockLogImpl] DEBUG block.DeletedBlockLogImpl (DeletedBlockLogImpl.java:isTransactionFailed(278)) - Got block deletion ACK from datanode, TXIDs=48, success=true
2021-08-14 14:05:30,326 [EventQueue-DeleteBlockStatusForDeletedBlockLogImpl] DEBUG block.DeletedBlockLogImpl (DeletedBlockLogImpl.java:commitTransactions(224)) - Transaction txId=48 commit by dnId=a3a688a0-b759-42a1-9d42-7ea63bf88025 for containerID=#48 failed. Corresponding entry not found.
2021-08-14 14:05:30,326 [EventQueue-DeleteBlockStatusForDeletedBlockLogImpl] DEBUG block.DeletedBlockLogImpl (DeletedBlockLogImpl.java:isTransactionFailed(278)) - Got block deletion ACK from datanode, TXIDs=49, success=true
2021-08-14 14:05:30,326 [EventQueue-DeleteBlockStatusForDeletedBlockLogImpl] DEBUG block.DeletedBlockLogImpl (DeletedBlockLogImpl.java:commitTransactions(224)) - Transaction txId=49 commit by dnId=a3a688a0-b759-42a1-9d42-7ea63bf88025 for containerID=#49 failed. Corresponding entry not found.
2021-08-14 14:05:30,326 [EventQueue-DeleteBlockStatusForDeletedBlockLogImpl] DEBUG block.DeletedBlockLogImpl (DeletedBlockLogImpl.java:isTransactionFailed(278)) - Got block deletion ACK from datanode, TXIDs=50, success=true
2021-08-14 14:05:30,326 [EventQueue-DeleteBlockStatusForDeletedBlockLogImpl] DEBUG block.DeletedBlockLogImpl (DeletedBlockLogImpl.java:commitTransactions(224)) - Transaction txId=50 commit by dnId=a3a688a0-b759-42a1-9d42-7ea63bf88025 for containerID=#50 failed. Corresponding entry not found.
2021-08-14 14:05:30,326 [EventQueue-DeleteBlockStatusForDeletedBlockLogImpl] DEBUG block.DeletedBlockLogImpl (DeletedBlockLogImpl.java:isTransactionFailed(278)) - Got block deletion ACK from datanode, TXIDs=51, success=true
2021-08-14 14:05:30,326 [EventQueue-DeleteBlockStatusForDeletedBlockLogImpl] DEBUG block.DeletedBlockLogImpl (DeletedBlockLogImpl.java:commitTransactions(224)) - Transaction txId=51 commit by dnId=a3a688a0-b759-42a1-9d42-7ea63bf88025 for containerID=#51 failed. Corresponding entry not found.
2021-08-14 14:05:30,326 [EventQueue-DeleteBlockStatusForDeletedBlockLogImpl] DEBUG block.DeletedBlockLogImpl (DeletedBlockLogImpl.java:isTransactionFailed(278)) - Got block deletion ACK from datanode, TXIDs=52, success=true
2021-08-14 14:05:30,326 [EventQueue-DeleteBlockStatusForDeletedBlockLogImpl] DEBUG block.DeletedBlockLogImpl (DeletedBlockLogImpl.java:commitTransactions(224)) - Transaction txId=52 commit by dnId=a3a688a0-b759-42a1-9d42-7ea63bf88025 for containerID=#52 failed. Corresponding entry not found.
2021-08-14 14:05:30,326 [EventQueue-DeleteBlockStatusForDeletedBlockLogImpl] DEBUG block.DeletedBlockLogImpl (DeletedBlockLogImpl.java:isTransactionFailed(278)) - Got block deletion ACK from datanode, TXIDs=53, success=true
2021-08-14 14:05:30,326 [EventQueue-DeleteBlockStatusForDeletedBlockLogImpl] DEBUG block.DeletedBlockLogImpl (DeletedBlockLogImpl.java:commitTransactions(224)) - Transaction txId=53 commit by dnId=a3a688a0-b759-42a1-9d42-7ea63bf88025 for containerID=#53 failed. Corresponding entry not found.
2021-08-14 14:05:30,326 [EventQueue-DeleteBlockStatusForDeletedBlockLogImpl] DEBUG block.DeletedBlockLogImpl (DeletedBlockLogImpl.java:isTransactionFailed(278)) - Got block deletion ACK from datanode, TXIDs=54, success=true
2021-08-14 14:05:30,326 [EventQueue-DeleteBlockStatusForDeletedBlockLogImpl] DEBUG block.DeletedBlockLogImpl (DeletedBlockLogImpl.java:commitTransactions(224)) - Transaction txId=54 commit by dnId=a3a688a0-b759-42a1-9d42-7ea63bf88025 for containerID=#54 failed. Corresponding entry not found.
2021-08-14 14:05:30,326 [EventQueue-DeleteBlockStatusForDeletedBlockLogImpl] DEBUG block.DeletedBlockLogImpl (DeletedBlockLogImpl.java:isTransactionFailed(278)) - Got block deletion ACK from datanode, TXIDs=55, success=true
2021-08-14 14:05:30,326 [EventQueue-DeleteBlockStatusForDeletedBlockLogImpl] DEBUG block.DeletedBlockLogImpl (DeletedBlockLogImpl.java:commitTransactions(224)) - Transaction txId=55 commit by dnId=a3a688a0-b759-42a1-9d42-7ea63bf88025 for containerID=#55 failed. Corresponding entry not found.
2021-08-14 14:05:30,326 [EventQueue-DeleteBlockStatusForDeletedBlockLogImpl] DEBUG block.DeletedBlockLogImpl (DeletedBlockLogImpl.java:isTransactionFailed(278)) - Got block deletion ACK from datanode, TXIDs=56, success=true
2021-08-14 14:05:30,326 [EventQueue-DeleteBlockStatusForDeletedBlockLogImpl] DEBUG block.DeletedBlockLogImpl (DeletedBlockLogImpl.java:commitTransactions(224)) - Transaction txId=56 commit by dnId=a3a688a0-b759-42a1-9d42-7ea63bf88025 for containerID=#56 failed. Corresponding entry not found.
2021-08-14 14:05:30,326 [EventQueue-DeleteBlockStatusForDeletedBlockLogImpl] DEBUG block.DeletedBlockLogImpl (DeletedBlockLogImpl.java:isTransactionFailed(278)) - Got block deletion ACK from datanode, TXIDs=19, success=true
2021-08-14 14:05:30,326 [EventQueue-DeleteBlockStatusForDeletedBlockLogImpl] DEBUG block.DeletedBlockLogImpl (DeletedBlockLogImpl.java:commitTransactions(224)) - Transaction txId=19 commit by dnId=a3a688a0-b759-42a1-9d42-7ea63bf88025 for containerID=#19 failed. Corresponding entry not found.
2021-08-14 14:05:30,326 [EventQueue-DeleteBlockStatusForDeletedBlockLogImpl] DEBUG block.DeletedBlockLogImpl (DeletedBlockLogImpl.java:isTransactionFailed(278)) - Got block deletion ACK from datanode, TXIDs=20, success=true
2021-08-14 14:05:30,326 [EventQueue-DeleteBlockStatusForDeletedBlockLogImpl] DEBUG block.DeletedBlockLogImpl (DeletedBlockLogImpl.java:commitTransactions(224)) - Transaction txId=20 commit by dnId=a3a688a0-b759-42a1-9d42-7ea63bf88025 for containerID=#20 failed. Corresponding entry not found.
2021-08-14 14:05:30,326 [EventQueue-DeleteBlockStatusForDeletedBlockLogImpl] DEBUG block.DeletedBlockLogImpl (DeletedBlockLogImpl.java:isTransactionFailed(278)) - Got block deletion ACK from datanode, TXIDs=21, success=true
2021-08-14 14:05:30,327 [EventQueue-DeleteBlockStatusForDeletedBlockLogImpl] DEBUG block.DeletedBlockLogImpl (DeletedBlockLogImpl.java:commitTransactions(224)) - Transaction txId=21 commit by dnId=a3a688a0-b759-42a1-9d42-7ea63bf88025 for containerID=#21 failed. Corresponding entry not found.
2021-08-14 14:05:30,327 [EventQueue-DeleteBlockStatusForDeletedBlockLogImpl] DEBUG block.DeletedBlockLogImpl (DeletedBlockLogImpl.java:isTransactionFailed(278)) - Got block deletion ACK from datanode, TXIDs=22, success=true
2021-08-14 14:05:30,327 [EventQueue-DeleteBlockStatusForDeletedBlockLogImpl] DEBUG block.DeletedBlockLogImpl (DeletedBlockLogImpl.java:commitTransactions(224)) - Transaction txId=22 commit by dnId=a3a688a0-b759-42a1-9d42-7ea63bf88025 for containerID=#22 failed. Corresponding entry not found.
2021-08-14 14:05:30,327 [EventQueue-DeleteBlockStatusForDeletedBlockLogImpl] DEBUG block.DeletedBlockLogImpl (DeletedBlockLogImpl.java:isTransactionFailed(278)) - Got block deletion ACK from datanode, TXIDs=23, success=true
2021-08-14 14:05:30,327 [EventQueue-DeleteBlockStatusForDeletedBlockLogImpl] DEBUG block.DeletedBlockLogImpl (DeletedBlockLogImpl.java:commitTransactions(224)) - Transaction txId=23 commit by dnId=a3a688a0-b759-42a1-9d42-7ea63bf88025 for containerID=#23 failed. Corresponding entry not found.
2021-08-14 14:05:30,327 [EventQueue-DeleteBlockStatusForDeletedBlockLogImpl] DEBUG block.DeletedBlockLogImpl (DeletedBlockLogImpl.java:isTransactionFailed(278)) - Got block deletion ACK from datanode, TXIDs=24, success=true
2021-08-14 14:05:30,327 [EventQueue-DeleteBlockStatusForDeletedBlockLogImpl] DEBUG block.DeletedBlockLogImpl (DeletedBlockLogImpl.java:commitTransactions(224)) - Transaction txId=24 commit by dnId=a3a688a0-b759-42a1-9d42-7ea63bf88025 for containerID=#24 failed. Corresponding entry not found.
2021-08-14 14:05:30,327 [EventQueue-DeleteBlockStatusForDeletedBlockLogImpl] DEBUG block.DeletedBlockLogImpl (DeletedBlockLogImpl.java:isTransactionFailed(278)) - Got block deletion ACK from datanode, TXIDs=25, success=true
2021-08-14 14:05:30,327 [EventQueue-DeleteBlockStatusForDeletedBlockLogImpl] DEBUG block.DeletedBlockLogImpl (DeletedBlockLogImpl.java:commitTransactions(224)) - Transaction txId=25 commit by dnId=a3a688a0-b759-42a1-9d42-7ea63bf88025 for containerID=#25 failed. Corresponding entry not found.
2021-08-14 14:05:30,327 [EventQueue-DeleteBlockStatusForDeletedBlockLogImpl] DEBUG block.DeletedBlockLogImpl (DeletedBlockLogImpl.java:isTransactionFailed(278)) - Got block deletion ACK from datanode, TXIDs=26, success=true
2021-08-14 14:05:30,327 [EventQueue-DeleteBlockStatusForDeletedBlockLogImpl] DEBUG block.DeletedBlockLogImpl (DeletedBlockLogImpl.java:commitTransactions(224)) - Transaction txId=26 commit by dnId=a3a688a0-b759-42a1-9d42-7ea63bf88025 for containerID=#26 failed. Corresponding entry not found.
2021-08-14 14:05:30,327 [EventQueue-DeleteBlockStatusForDeletedBlockLogImpl] DEBUG block.DeletedBlockLogImpl (DeletedBlockLogImpl.java:isTransactionFailed(278)) - Got block deletion ACK from datanode, TXIDs=27, success=true
2021-08-14 14:05:30,327 [EventQueue-DeleteBlockStatusForDeletedBlockLogImpl] DEBUG block.DeletedBlockLogImpl (DeletedBlockLogImpl.java:commitTransactions(224)) - Transaction txId=27 commit by dnId=a3a688a0-b759-42a1-9d42-7ea63bf88025 for containerID=#27 failed. Corresponding entry not found.
2021-08-14 14:05:30,328 [EventQueue-DeleteBlockStatusForDeletedBlockLogImpl] DEBUG block.DeletedBlockLogImpl (DeletedBlockLogImpl.java:isTransactionFailed(278)) - Got block deletion ACK from datanode, TXIDs=28, success=true
2021-08-14 14:05:30,328 [EventQueue-DeleteBlockStatusForDeletedBlockLogImpl] DEBUG block.DeletedBlockLogImpl (DeletedBlockLogImpl.java:commitTransactions(224)) - Transaction txId=28 commit by dnId=a3a688a0-b759-42a1-9d42-7ea63bf88025 for containerID=#28 failed. Corresponding entry not found.
2021-08-14 14:05:30,328 [EventQueue-DeleteBlockStatusForDeletedBlockLogImpl] DEBUG block.DeletedBlockLogImpl (DeletedBlockLogImpl.java:isTransactionFailed(278)) - Got block deletion ACK from datanode, TXIDs=29, success=true
2021-08-14 14:05:30,328 [EventQueue-DeleteBlockStatusForDeletedBlockLogImpl] DEBUG block.DeletedBlockLogImpl (DeletedBlockLogImpl.java:commitTransactions(224)) - Transaction txId=29 commit by dnId=a3a688a0-b759-42a1-9d42-7ea63bf88025 for containerID=#29 failed. Corresponding entry not found.
2021-08-14 14:05:30,328 [EventQueue-DeleteBlockStatusForDeletedBlockLogImpl] DEBUG block.DeletedBlockLogImpl (DeletedBlockLogImpl.java:isTransactionFailed(278)) - Got block deletion ACK from datanode, TXIDs=30, success=true
2021-08-14 14:05:30,328 [EventQueue-DeleteBlockStatusForDeletedBlockLogImpl] DEBUG block.DeletedBlockLogImpl (DeletedBlockLogImpl.java:commitTransactions(224)) - Transaction txId=30 commit by dnId=a3a688a0-b759-42a1-9d42-7ea63bf88025 for containerID=#30 failed. Corresponding entry not found.
2021-08-14 14:05:30,328 [EventQueue-DeleteBlockStatusForDeletedBlockLogImpl] DEBUG block.DeletedBlockLogImpl (DeletedBlockLogImpl.java:isTransactionFailed(278)) - Got block deletion ACK from datanode, TXIDs=31, success=true
2021-08-14 14:05:30,328 [EventQueue-DeleteBlockStatusForDeletedBlockLogImpl] DEBUG block.DeletedBlockLogImpl (DeletedBlockLogImpl.java:commitTransactions(224)) - Transaction txId=31 commit by dnId=a3a688a0-b759-42a1-9d42-7ea63bf88025 for containerID=#31 failed. Corresponding entry not found.
2021-08-14 14:05:30,328 [EventQueue-DeleteBlockStatusForDeletedBlockLogImpl] DEBUG block.DeletedBlockLogImpl (DeletedBlockLogImpl.java:isTransactionFailed(278)) - Got block deletion ACK from datanode, TXIDs=32, success=true
2021-08-14 14:05:30,328 [EventQueue-DeleteBlockStatusForDeletedBlockLogImpl] DEBUG block.DeletedBlockLogImpl (DeletedBlockLogImpl.java:commitTransactions(224)) - Transaction txId=32 commit by dnId=a3a688a0-b759-42a1-9d42-7ea63bf88025 for containerID=#32 failed. Corresponding entry not found.
2021-08-14 14:05:30,328 [EventQueue-DeleteBlockStatusForDeletedBlockLogImpl] DEBUG block.DeletedBlockLogImpl (DeletedBlockLogImpl.java:isTransactionFailed(278)) - Got block deletion ACK from datanode, TXIDs=33, success=true
2021-08-14 14:05:30,329 [EventQueue-DeleteBlockStatusForDeletedBlockLogImpl] DEBUG block.DeletedBlockLogImpl (DeletedBlockLogImpl.java:commitTransactions(224)) - Transaction txId=33 commit by dnId=a3a688a0-b759-42a1-9d42-7ea63bf88025 for containerID=#33 failed. Corresponding entry not found.
2021-08-14 14:05:30,329 [EventQueue-DeleteBlockStatusForDeletedBlockLogImpl] DEBUG block.DeletedBlockLogImpl (DeletedBlockLogImpl.java:isTransactionFailed(278)) - Got block deletion ACK from datanode, TXIDs=34, success=true
2021-08-14 14:05:30,329 [EventQueue-DeleteBlockStatusForDeletedBlockLogImpl] DEBUG block.DeletedBlockLogImpl (DeletedBlockLogImpl.java:commitTransactions(224)) - Transaction txId=34 commit by dnId=a3a688a0-b759-42a1-9d42-7ea63bf88025 for containerID=#34 failed. Corresponding entry not found.
2021-08-14 14:05:30,329 [EventQueue-DeleteBlockStatusForDeletedBlockLogImpl] DEBUG block.DeletedBlockLogImpl (DeletedBlockLogImpl.java:isTransactionFailed(278)) - Got block deletion ACK from datanode, TXIDs=35, success=true
2021-08-14 14:05:30,329 [EventQueue-DeleteBlockStatusForDeletedBlockLogImpl] DEBUG block.DeletedBlockLogImpl (DeletedBlockLogImpl.java:commitTransactions(224)) - Transaction txId=35 commit by dnId=a3a688a0-b759-42a1-9d42-7ea63bf88025 for containerID=#35 failed. Corresponding entry not found.
2021-08-14 14:05:30,329 [EventQueue-DeleteBlockStatusForDeletedBlockLogImpl] DEBUG block.DeletedBlockLogImpl (DeletedBlockLogImpl.java:isTransactionFailed(278)) - Got block deletion ACK from datanode, TXIDs=36, success=true
2021-08-14 14:05:30,329 [EventQueue-DeleteBlockStatusForDeletedBlockLogImpl] DEBUG block.DeletedBlockLogImpl (DeletedBlockLogImpl.java:commitTransactions(224)) - Transaction txId=36 commit by dnId=a3a688a0-b759-42a1-9d42-7ea63bf88025 for containerID=#36 failed. Corresponding entry not found.
2021-08-14 14:05:30,330 [EventQueue-DeleteBlockStatusForDeletedBlockLogImpl] DEBUG block.DeletedBlockLogImpl (DeletedBlockLogImpl.java:isTransactionFailed(278)) - Got block deletion ACK from datanode, TXIDs=37, success=true
2021-08-14 14:05:30,330 [EventQueue-DeleteBlockStatusForDeletedBlockLogImpl] DEBUG block.DeletedBlockLogImpl (DeletedBlockLogImpl.java:commitTransactions(224)) - Transaction txId=37 commit by dnId=a3a688a0-b759-42a1-9d42-7ea63bf88025 for containerID=#37 failed. Corresponding entry not found.
2021-08-14 14:05:30,330 [EventQueue-DeleteBlockStatusForDeletedBlockLogImpl] DEBUG block.DeletedBlockLogImpl (DeletedBlockLogImpl.java:isTransactionFailed(278)) - Got block deletion ACK from datanode, TXIDs=38, success=true
2021-08-14 14:05:30,330 [EventQueue-DeleteBlockStatusForDeletedBlockLogImpl] DEBUG block.DeletedBlockLogImpl (DeletedBlockLogImpl.java:commitTransactions(224)) - Transaction txId=38 commit by dnId=a3a688a0-b759-42a1-9d42-7ea63bf88025 for containerID=#38 failed. Corresponding entry not found.
2021-08-14 14:05:30,330 [EventQueue-DeleteBlockStatusForDeletedBlockLogImpl] DEBUG block.DeletedBlockLogImpl (DeletedBlockLogImpl.java:isTransactionFailed(278)) - Got block deletion ACK from datanode, TXIDs=39, success=true
2021-08-14 14:05:30,330 [EventQueue-DeleteBlockStatusForDeletedBlockLogImpl] DEBUG block.DeletedBlockLogImpl (DeletedBlockLogImpl.java:commitTransactions(224)) - Transaction txId=39 commit by dnId=a3a688a0-b759-42a1-9d42-7ea63bf88025 for containerID=#39 failed. Corresponding entry not found.
2021-08-14 14:05:30,330 [EventQueue-DeleteBlockStatusForDeletedBlockLogImpl] DEBUG block.DeletedBlockLogImpl (DeletedBlockLogImpl.java:isTransactionFailed(278)) - Got block deletion ACK from datanode, TXIDs=40, success=true
2021-08-14 14:05:30,330 [EventQueue-DeleteBlockStatusForDeletedBlockLogImpl] DEBUG block.DeletedBlockLogImpl (DeletedBlockLogImpl.java:commitTransactions(224)) - Transaction txId=40 commit by dnId=a3a688a0-b759-42a1-9d42-7ea63bf88025 for containerID=#40 failed. Corresponding entry not found.
2021-08-14 14:05:30,330 [EventQueue-DeleteBlockStatusForDeletedBlockLogImpl] DEBUG block.DeletedBlockLogImpl (DeletedBlockLogImpl.java:isTransactionFailed(278)) - Got block deletion ACK from datanode, TXIDs=41, success=true
2021-08-14 14:05:30,330 [EventQueue-DeleteBlockStatusForDeletedBlockLogImpl] DEBUG block.DeletedBlockLogImpl (DeletedBlockLogImpl.java:commitTransactions(224)) - Transaction txId=41 commit by dnId=a3a688a0-b759-42a1-9d42-7ea63bf88025 for containerID=#41 failed. Corresponding entry not found.
2021-08-14 14:05:30,330 [EventQueue-DeleteBlockStatusForDeletedBlockLogImpl] DEBUG block.DeletedBlockLogImpl (DeletedBlockLogImpl.java:isTransactionFailed(278)) - Got block deletion ACK from datanode, TXIDs=42, success=true
2021-08-14 14:05:30,330 [EventQueue-DeleteBlockStatusForDeletedBlockLogImpl] DEBUG block.DeletedBlockLogImpl (DeletedBlockLogImpl.java:commitTransactions(224)) - Transaction txId=42 commit by dnId=a3a688a0-b759-42a1-9d42-7ea63bf88025 for containerID=#42 failed. Corresponding entry not found.
2021-08-14 14:05:30,330 [EventQueue-DeleteBlockStatusForDeletedBlockLogImpl] DEBUG block.DeletedBlockLogImpl (DeletedBlockLogImpl.java:isTransactionFailed(278)) - Got block deletion ACK from datanode, TXIDs=43, success=true
2021-08-14 14:05:30,330 [EventQueue-DeleteBlockStatusForDeletedBlockLogImpl] DEBUG block.DeletedBlockLogImpl (DeletedBlockLogImpl.java:commitTransactions(224)) - Transaction txId=43 commit by dnId=a3a688a0-b759-42a1-9d42-7ea63bf88025 for containerID=#43 failed. Corresponding entry not found.
2021-08-14 14:05:30,330 [EventQueue-DeleteBlockStatusForDeletedBlockLogImpl] DEBUG block.DeletedBlockLogImpl (DeletedBlockLogImpl.java:isTransactionFailed(278)) - Got block deletion ACK from datanode, TXIDs=44, success=true
2021-08-14 14:05:30,330 [EventQueue-DeleteBlockStatusForDeletedBlockLogImpl] DEBUG block.DeletedBlockLogImpl (DeletedBlockLogImpl.java:commitTransactions(224)) - Transaction txId=44 commit by dnId=a3a688a0-b759-42a1-9d42-7ea63bf88025 for containerID=#44 failed. Corresponding entry not found.
2021-08-14 14:05:30,330 [EventQueue-DeleteBlockStatusForDeletedBlockLogImpl] DEBUG block.DeletedBlockLogImpl (DeletedBlockLogImpl.java:isTransactionFailed(278)) - Got block deletion ACK from datanode, TXIDs=45, success=true
2021-08-14 14:05:30,330 [EventQueue-DeleteBlockStatusForDeletedBlockLogImpl] DEBUG block.DeletedBlockLogImpl (DeletedBlockLogImpl.java:commitTransactions(224)) - Transaction txId=45 commit by dnId=a3a688a0-b759-42a1-9d42-7ea63bf88025 for containerID=#45 failed. Corresponding entry not found.
2021-08-14 14:05:30,330 [EventQueue-DeleteBlockStatusForDeletedBlockLogImpl] DEBUG block.DeletedBlockLogImpl (DeletedBlockLogImpl.java:isTransactionFailed(278)) - Got block deletion ACK from datanode, TXIDs=46, success=true
2021-08-14 14:05:30,330 [EventQueue-DeleteBlockStatusForDeletedBlockLogImpl] DEBUG block.DeletedBlockLogImpl (DeletedBlockLogImpl.java:commitTransactions(224)) - Transaction txId=46 commit by dnId=a3a688a0-b759-42a1-9d42-7ea63bf88025 for containerID=#46 failed. Corresponding entry not found.
2021-08-14 14:05:30,330 [EventQueue-DeleteBlockStatusForDeletedBlockLogImpl] DEBUG block.DeletedBlockLogImpl (DeletedBlockLogImpl.java:isTransactionFailed(278)) - Got block deletion ACK from datanode, TXIDs=47, success=true
2021-08-14 14:05:30,331 [EventQueue-DeleteBlockStatusForDeletedBlockLogImpl] DEBUG block.DeletedBlockLogImpl (DeletedBlockLogImpl.java:commitTransactions(224)) - Transaction txId=47 commit by dnId=a3a688a0-b759-42a1-9d42-7ea63bf88025 for containerID=#47 failed. Corresponding entry not found.
2021-08-14 14:05:30,331 [EventQueue-DeleteBlockStatusForDeletedBlockLogImpl] DEBUG block.DeletedBlockLogImpl (DeletedBlockLogImpl.java:isTransactionFailed(278)) - Got block deletion ACK from datanode, TXIDs=48, success=true
2021-08-14 14:05:30,331 [EventQueue-DeleteBlockStatusForDeletedBlockLogImpl] DEBUG block.DeletedBlockLogImpl (DeletedBlockLogImpl.java:commitTransactions(224)) - Transaction txId=48 commit by dnId=a3a688a0-b759-42a1-9d42-7ea63bf88025 for containerID=#48 failed. Corresponding entry not found.
2021-08-14 14:05:30,331 [EventQueue-DeleteBlockStatusForDeletedBlockLogImpl] DEBUG block.DeletedBlockLogImpl (DeletedBlockLogImpl.java:isTransactionFailed(278)) - Got block deletion ACK from datanode, TXIDs=49, success=true
2021-08-14 14:05:30,331 [EventQueue-DeleteBlockStatusForDeletedBlockLogImpl] DEBUG block.DeletedBlockLogImpl (DeletedBlockLogImpl.java:commitTransactions(224)) - Transaction txId=49 commit by dnId=a3a688a0-b759-42a1-9d42-7ea63bf88025 for containerID=#49 failed. Corresponding entry not found.
2021-08-14 14:05:30,331 [EventQueue-DeleteBlockStatusForDeletedBlockLogImpl] DEBUG block.DeletedBlockLogImpl (DeletedBlockLogImpl.java:isTransactionFailed(278)) - Got block deletion ACK from datanode, TXIDs=50, success=true
2021-08-14 14:05:30,331 [EventQueue-DeleteBlockStatusForDeletedBlockLogImpl] DEBUG block.DeletedBlockLogImpl (DeletedBlockLogImpl.java:commitTransactions(224)) - Transaction txId=50 commit by dnId=a3a688a0-b759-42a1-9d42-7ea63bf88025 for containerID=#50 failed. Corresponding entry not found.
2021-08-14 14:05:30,331 [EventQueue-DeleteBlockStatusForDeletedBlockLogImpl] DEBUG block.DeletedBlockLogImpl (DeletedBlockLogImpl.java:isTransactionFailed(278)) - Got block deletion ACK from datanode, TXIDs=51, success=true
2021-08-14 14:05:30,331 [EventQueue-DeleteBlockStatusForDeletedBlockLogImpl] DEBUG block.DeletedBlockLogImpl (DeletedBlockLogImpl.java:commitTransactions(224)) - Transaction txId=51 commit by dnId=a3a688a0-b759-42a1-9d42-7ea63bf88025 for containerID=#51 failed. Corresponding entry not found.
2021-08-14 14:05:30,331 [EventQueue-DeleteBlockStatusForDeletedBlockLogImpl] DEBUG block.DeletedBlockLogImpl (DeletedBlockLogImpl.java:isTransactionFailed(278)) - Got block deletion ACK from datanode, TXIDs=52, success=true
2021-08-14 14:05:30,331 [EventQueue-DeleteBlockStatusForDeletedBlockLogImpl] DEBUG block.DeletedBlockLogImpl (DeletedBlockLogImpl.java:commitTransactions(224)) - Transaction txId=52 commit by dnId=a3a688a0-b759-42a1-9d42-7ea63bf88025 for containerID=#52 failed. Corresponding entry not found.
2021-08-14 14:05:30,331 [EventQueue-DeleteBlockStatusForDeletedBlockLogImpl] DEBUG block.DeletedBlockLogImpl (DeletedBlockLogImpl.java:isTransactionFailed(278)) - Got block deletion ACK from datanode, TXIDs=53, success=true
2021-08-14 14:05:30,331 [EventQueue-DeleteBlockStatusForDeletedBlockLogImpl] DEBUG block.DeletedBlockLogImpl (DeletedBlockLogImpl.java:commitTransactions(224)) - Transaction txId=53 commit by dnId=a3a688a0-b759-42a1-9d42-7ea63bf88025 for containerID=#53 failed. Corresponding entry not found.
2021-08-14 14:05:30,331 [EventQueue-DeleteBlockStatusForDeletedBlockLogImpl] DEBUG block.DeletedBlockLogImpl (DeletedBlockLogImpl.java:isTransactionFailed(278)) - Got block deletion ACK from datanode, TXIDs=54, success=true
2021-08-14 14:05:30,331 [EventQueue-DeleteBlockStatusForDeletedBlockLogImpl] DEBUG block.DeletedBlockLogImpl (DeletedBlockLogImpl.java:commitTransactions(224)) - Transaction txId=54 commit by dnId=a3a688a0-b759-42a1-9d42-7ea63bf88025 for containerID=#54 failed. Corresponding entry not found.
2021-08-14 14:05:30,336 [EventQueue-DeleteBlockStatusForDeletedBlockLogImpl] DEBUG block.DeletedBlockLogImpl (DeletedBlockLogImpl.java:isTransactionFailed(278)) - Got block deletion ACK from datanode, TXIDs=55, success=true
2021-08-14 14:05:30,336 [EventQueue-DeleteBlockStatusForDeletedBlockLogImpl] DEBUG block.DeletedBlockLogImpl (DeletedBlockLogImpl.java:commitTransactions(224)) - Transaction txId=55 commit by dnId=a3a688a0-b759-42a1-9d42-7ea63bf88025 for containerID=#55 failed. Corresponding entry not found.
2021-08-14 14:05:30,336 [EventQueue-DeleteBlockStatusForDeletedBlockLogImpl] DEBUG block.DeletedBlockLogImpl (DeletedBlockLogImpl.java:isTransactionFailed(278)) - Got block deletion ACK from datanode, TXIDs=56, success=true
2021-08-14 14:05:30,336 [EventQueue-DeleteBlockStatusForDeletedBlockLogImpl] DEBUG block.DeletedBlockLogImpl (DeletedBlockLogImpl.java:commitTransactions(224)) - Transaction txId=56 commit by dnId=a3a688a0-b759-42a1-9d42-7ea63bf88025 for containerID=#56 failed. Corresponding entry not found.
2021-08-14 14:05:30,336 [EventQueue-DeleteBlockStatusForDeletedBlockLogImpl] DEBUG block.DeletedBlockLogImpl (DeletedBlockLogImpl.java:isTransactionFailed(278)) - Got block deletion ACK from datanode, TXIDs=19, success=true
2021-08-14 14:05:30,336 [EventQueue-DeleteBlockStatusForDeletedBlockLogImpl] DEBUG block.DeletedBlockLogImpl (DeletedBlockLogImpl.java:commitTransactions(224)) - Transaction txId=19 commit by dnId=a3a688a0-b759-42a1-9d42-7ea63bf88025 for containerID=#19 failed. Corresponding entry not found.
2021-08-14 14:05:30,336 [EventQueue-DeleteBlockStatusForDeletedBlockLogImpl] DEBUG block.DeletedBlockLogImpl (DeletedBlockLogImpl.java:isTransactionFailed(278)) - Got block deletion ACK from datanode, TXIDs=20, success=true
2021-08-14 14:05:30,336 [EventQueue-DeleteBlockStatusForDeletedBlockLogImpl] DEBUG block.DeletedBlockLogImpl (DeletedBlockLogImpl.java:commitTransactions(224)) - Transaction txId=20 commit by dnId=a3a688a0-b759-42a1-9d42-7ea63bf88025 for containerID=#20 failed. Corresponding entry not found.
2021-08-14 14:05:30,336 [EventQueue-DeleteBlockStatusForDeletedBlockLogImpl] DEBUG block.DeletedBlockLogImpl (DeletedBlockLogImpl.java:isTransactionFailed(278)) - Got block deletion ACK from datanode, TXIDs=21, success=true
2021-08-14 14:05:30,336 [EventQueue-DeleteBlockStatusForDeletedBlockLogImpl] DEBUG block.DeletedBlockLogImpl (DeletedBlockLogImpl.java:commitTransactions(224)) - Transaction txId=21 commit by dnId=a3a688a0-b759-42a1-9d42-7ea63bf88025 for containerID=#21 failed. Corresponding entry not found.
2021-08-14 14:05:30,336 [EventQueue-DeleteBlockStatusForDeletedBlockLogImpl] DEBUG block.DeletedBlockLogImpl (DeletedBlockLogImpl.java:isTransactionFailed(278)) - Got block deletion ACK from datanode, TXIDs=22, success=true
2021-08-14 14:05:30,337 [EventQueue-DeleteBlockStatusForDeletedBlockLogImpl] DEBUG block.DeletedBlockLogImpl (DeletedBlockLogImpl.java:commitTransactions(224)) - Transaction txId=22 commit by dnId=a3a688a0-b759-42a1-9d42-7ea63bf88025 for containerID=#22 failed. Corresponding entry not found.
2021-08-14 14:05:30,337 [EventQueue-DeleteBlockStatusForDeletedBlockLogImpl] DEBUG block.DeletedBlockLogImpl (DeletedBlockLogImpl.java:isTransactionFailed(278)) - Got block deletion ACK from datanode, TXIDs=23, success=true
2021-08-14 14:05:30,337 [EventQueue-DeleteBlockStatusForDeletedBlockLogImpl] DEBUG block.DeletedBlockLogImpl (DeletedBlockLogImpl.java:commitTransactions(224)) - Transaction txId=23 commit by dnId=a3a688a0-b759-42a1-9d42-7ea63bf88025 for containerID=#23 failed. Corresponding entry not found.
2021-08-14 14:05:30,337 [EventQueue-DeleteBlockStatusForDeletedBlockLogImpl] DEBUG block.DeletedBlockLogImpl (DeletedBlockLogImpl.java:isTransactionFailed(278)) - Got block deletion ACK from datanode, TXIDs=24, success=true
2021-08-14 14:05:30,337 [EventQueue-DeleteBlockStatusForDeletedBlockLogImpl] DEBUG block.DeletedBlockLogImpl (DeletedBlockLogImpl.java:commitTransactions(224)) - Transaction txId=24 commit by dnId=a3a688a0-b759-42a1-9d42-7ea63bf88025 for containerID=#24 failed. Corresponding entry not found.
2021-08-14 14:05:30,337 [EventQueue-DeleteBlockStatusForDeletedBlockLogImpl] DEBUG block.DeletedBlockLogImpl (DeletedBlockLogImpl.java:isTransactionFailed(278)) - Got block deletion ACK from datanode, TXIDs=25, success=true
2021-08-14 14:05:30,337 [EventQueue-DeleteBlockStatusForDeletedBlockLogImpl] DEBUG block.DeletedBlockLogImpl (DeletedBlockLogImpl.java:commitTransactions(224)) - Transaction txId=25 commit by dnId=a3a688a0-b759-42a1-9d42-7ea63bf88025 for containerID=#25 failed. Corresponding entry not found.
2021-08-14 14:05:30,337 [EventQueue-DeleteBlockStatusForDeletedBlockLogImpl] DEBUG block.DeletedBlockLogImpl (DeletedBlockLogImpl.java:isTransactionFailed(278)) - Got block deletion ACK from datanode, TXIDs=26, success=true
2021-08-14 14:05:30,338 [EventQueue-DeleteBlockStatusForDeletedBlockLogImpl] DEBUG block.DeletedBlockLogImpl (DeletedBlockLogImpl.java:commitTransactions(224)) - Transaction txId=26 commit by dnId=a3a688a0-b759-42a1-9d42-7ea63bf88025 for containerID=#26 failed. Corresponding entry not found.
2021-08-14 14:05:30,338 [EventQueue-DeleteBlockStatusForDeletedBlockLogImpl] DEBUG block.DeletedBlockLogImpl (DeletedBlockLogImpl.java:isTransactionFailed(278)) - Got block deletion ACK from datanode, TXIDs=27, success=true
2021-08-14 14:05:30,338 [EventQueue-DeleteBlockStatusForDeletedBlockLogImpl] DEBUG block.DeletedBlockLogImpl (DeletedBlockLogImpl.java:commitTransactions(224)) - Transaction txId=27 commit by dnId=a3a688a0-b759-42a1-9d42-7ea63bf88025 for containerID=#27 failed. Corresponding entry not found.
2021-08-14 14:05:30,338 [EventQueue-DeleteBlockStatusForDeletedBlockLogImpl] DEBUG block.DeletedBlockLogImpl (DeletedBlockLogImpl.java:isTransactionFailed(278)) - Got block deletion ACK from datanode, TXIDs=28, success=true
2021-08-14 14:05:30,338 [EventQueue-DeleteBlockStatusForDeletedBlockLogImpl] DEBUG block.DeletedBlockLogImpl (DeletedBlockLogImpl.java:commitTransactions(224)) - Transaction txId=28 commit by dnId=a3a688a0-b759-42a1-9d42-7ea63bf88025 for containerID=#28 failed. Corresponding entry not found.
2021-08-14 14:05:30,338 [EventQueue-DeleteBlockStatusForDeletedBlockLogImpl] DEBUG block.DeletedBlockLogImpl (DeletedBlockLogImpl.java:isTransactionFailed(278)) - Got block deletion ACK from datanode, TXIDs=29, success=true
2021-08-14 14:05:30,338 [EventQueue-DeleteBlockStatusForDeletedBlockLogImpl] DEBUG block.DeletedBlockLogImpl (DeletedBlockLogImpl.java:commitTransactions(224)) - Transaction txId=29 commit by dnId=a3a688a0-b759-42a1-9d42-7ea63bf88025 for containerID=#29 failed. Corresponding entry not found.
2021-08-14 14:05:30,338 [EventQueue-DeleteBlockStatusForDeletedBlockLogImpl] DEBUG block.DeletedBlockLogImpl (DeletedBlockLogImpl.java:isTransactionFailed(278)) - Got block deletion ACK from datanode, TXIDs=30, success=true
2021-08-14 14:05:30,338 [EventQueue-DeleteBlockStatusForDeletedBlockLogImpl] DEBUG block.DeletedBlockLogImpl (DeletedBlockLogImpl.java:commitTransactions(224)) - Transaction txId=30 commit by dnId=a3a688a0-b759-42a1-9d42-7ea63bf88025 for containerID=#30 failed. Corresponding entry not found.
2021-08-14 14:05:30,338 [EventQueue-DeleteBlockStatusForDeletedBlockLogImpl] DEBUG block.DeletedBlockLogImpl (DeletedBlockLogImpl.java:isTransactionFailed(278)) - Got block deletion ACK from datanode, TXIDs=31, success=true
2021-08-14 14:05:30,338 [EventQueue-DeleteBlockStatusForDeletedBlockLogImpl] DEBUG block.DeletedBlockLogImpl (DeletedBlockLogImpl.java:commitTransactions(224)) - Transaction txId=31 commit by dnId=a3a688a0-b759-42a1-9d42-7ea63bf88025 for containerID=#31 failed. Corresponding entry not found.
2021-08-14 14:05:30,338 [EventQueue-DeleteBlockStatusForDeletedBlockLogImpl] DEBUG block.DeletedBlockLogImpl (DeletedBlockLogImpl.java:isTransactionFailed(278)) - Got block deletion ACK from datanode, TXIDs=32, success=true
2021-08-14 14:05:30,338 [EventQueue-DeleteBlockStatusForDeletedBlockLogImpl] DEBUG block.DeletedBlockLogImpl (DeletedBlockLogImpl.java:commitTransactions(224)) - Transaction txId=32 commit by dnId=a3a688a0-b759-42a1-9d42-7ea63bf88025 for containerID=#32 failed. Corresponding entry not found.
2021-08-14 14:05:30,338 [EventQueue-DeleteBlockStatusForDeletedBlockLogImpl] DEBUG block.DeletedBlockLogImpl (DeletedBlockLogImpl.java:isTransactionFailed(278)) - Got block deletion ACK from datanode, TXIDs=33, success=true
2021-08-14 14:05:30,338 [EventQueue-DeleteBlockStatusForDeletedBlockLogImpl] DEBUG block.DeletedBlockLogImpl (DeletedBlockLogImpl.java:commitTransactions(224)) - Transaction txId=33 commit by dnId=a3a688a0-b759-42a1-9d42-7ea63bf88025 for containerID=#33 failed. Corresponding entry not found.
2021-08-14 14:05:30,338 [EventQueue-DeleteBlockStatusForDeletedBlockLogImpl] DEBUG block.DeletedBlockLogImpl (DeletedBlockLogImpl.java:isTransactionFailed(278)) - Got block deletion ACK from datanode, TXIDs=34, success=true
2021-08-14 14:05:30,338 [EventQueue-DeleteBlockStatusForDeletedBlockLogImpl] DEBUG block.DeletedBlockLogImpl (DeletedBlockLogImpl.java:commitTransactions(224)) - Transaction txId=34 commit by dnId=a3a688a0-b759-42a1-9d42-7ea63bf88025 for containerID=#34 failed. Corresponding entry not found.
2021-08-14 14:05:30,338 [EventQueue-DeleteBlockStatusForDeletedBlockLogImpl] DEBUG block.DeletedBlockLogImpl (DeletedBlockLogImpl.java:isTransactionFailed(278)) - Got block deletion ACK from datanode, TXIDs=35, success=true
2021-08-14 14:05:30,338 [EventQueue-DeleteBlockStatusForDeletedBlockLogImpl] DEBUG block.DeletedBlockLogImpl (DeletedBlockLogImpl.java:commitTransactions(224)) - Transaction txId=35 commit by dnId=a3a688a0-b759-42a1-9d42-7ea63bf88025 for containerID=#35 failed. Corresponding entry not found.
2021-08-14 14:05:30,338 [EventQueue-DeleteBlockStatusForDeletedBlockLogImpl] DEBUG block.DeletedBlockLogImpl (DeletedBlockLogImpl.java:isTransactionFailed(278)) - Got block deletion ACK from datanode, TXIDs=36, success=true
2021-08-14 14:05:30,338 [EventQueue-DeleteBlockStatusForDeletedBlockLogImpl] DEBUG block.DeletedBlockLogImpl (DeletedBlockLogImpl.java:commitTransactions(224)) - Transaction txId=36 commit by dnId=a3a688a0-b759-42a1-9d42-7ea63bf88025 for containerID=#36 failed. Corresponding entry not found.
2021-08-14 14:05:30,338 [EventQueue-DeleteBlockStatusForDeletedBlockLogImpl] DEBUG block.DeletedBlockLogImpl (DeletedBlockLogImpl.java:isTransactionFailed(278)) - Got block deletion ACK from datanode, TXIDs=37, success=true
2021-08-14 14:05:30,338 [EventQueue-DeleteBlockStatusForDeletedBlockLogImpl] DEBUG block.DeletedBlockLogImpl (DeletedBlockLogImpl.java:commitTransactions(224)) - Transaction txId=37 commit by dnId=a3a688a0-b759-42a1-9d42-7ea63bf88025 for containerID=#37 failed. Corresponding entry not found.
2021-08-14 14:05:30,339 [EventQueue-DeleteBlockStatusForDeletedBlockLogImpl] DEBUG block.DeletedBlockLogImpl (DeletedBlockLogImpl.java:isTransactionFailed(278)) - Got block deletion ACK from datanode, TXIDs=38, success=true
2021-08-14 14:05:30,339 [EventQueue-DeleteBlockStatusForDeletedBlockLogImpl] DEBUG block.DeletedBlockLogImpl (DeletedBlockLogImpl.java:commitTransactions(224)) - Transaction txId=38 commit by dnId=a3a688a0-b759-42a1-9d42-7ea63bf88025 for containerID=#38 failed. Corresponding entry not found.
2021-08-14 14:05:30,339 [EventQueue-DeleteBlockStatusForDeletedBlockLogImpl] DEBUG block.DeletedBlockLogImpl (DeletedBlockLogImpl.java:isTransactionFailed(278)) - Got block deletion ACK from datanode, TXIDs=39, success=true
2021-08-14 14:05:30,339 [EventQueue-DeleteBlockStatusForDeletedBlockLogImpl] DEBUG block.DeletedBlockLogImpl (DeletedBlockLogImpl.java:commitTransactions(224)) - Transaction txId=39 commit by dnId=a3a688a0-b759-42a1-9d42-7ea63bf88025 for containerID=#39 failed. Corresponding entry not found.
2021-08-14 14:05:30,340 [EventQueue-DeleteBlockStatusForDeletedBlockLogImpl] DEBUG block.DeletedBlockLogImpl (DeletedBlockLogImpl.java:isTransactionFailed(278)) - Got block deletion ACK from datanode, TXIDs=40, success=true
2021-08-14 14:05:30,340 [EventQueue-DeleteBlockStatusForDeletedBlockLogImpl] DEBUG block.DeletedBlockLogImpl (DeletedBlockLogImpl.java:commitTransactions(224)) - Transaction txId=40 commit by dnId=a3a688a0-b759-42a1-9d42-7ea63bf88025 for containerID=#40 failed. Corresponding entry not found.
2021-08-14 14:05:30,340 [EventQueue-DeleteBlockStatusForDeletedBlockLogImpl] DEBUG block.DeletedBlockLogImpl (DeletedBlockLogImpl.java:isTransactionFailed(278)) - Got block deletion ACK from datanode, TXIDs=41, success=true
2021-08-14 14:05:30,340 [EventQueue-DeleteBlockStatusForDeletedBlockLogImpl] DEBUG block.DeletedBlockLogImpl (DeletedBlockLogImpl.java:commitTransactions(224)) - Transaction txId=41 commit by dnId=a3a688a0-b759-42a1-9d42-7ea63bf88025 for containerID=#41 failed. Corresponding entry not found.
2021-08-14 14:05:30,340 [EventQueue-DeleteBlockStatusForDeletedBlockLogImpl] DEBUG block.DeletedBlockLogImpl (DeletedBlockLogImpl.java:isTransactionFailed(278)) - Got block deletion ACK from datanode, TXIDs=42, success=true
2021-08-14 14:05:30,340 [EventQueue-DeleteBlockStatusForDeletedBlockLogImpl] DEBUG block.DeletedBlockLogImpl (DeletedBlockLogImpl.java:commitTransactions(224)) - Transaction txId=42 commit by dnId=a3a688a0-b759-42a1-9d42-7ea63bf88025 for containerID=#42 failed. Corresponding entry not found.
2021-08-14 14:05:30,340 [EventQueue-DeleteBlockStatusForDeletedBlockLogImpl] DEBUG block.DeletedBlockLogImpl (DeletedBlockLogImpl.java:isTransactionFailed(278)) - Got block deletion ACK from datanode, TXIDs=43, success=true
2021-08-14 14:05:30,340 [EventQueue-DeleteBlockStatusForDeletedBlockLogImpl] DEBUG block.DeletedBlockLogImpl (DeletedBlockLogImpl.java:commitTransactions(224)) - Transaction txId=43 commit by dnId=a3a688a0-b759-42a1-9d42-7ea63bf88025 for containerID=#43 failed. Corresponding entry not found.
2021-08-14 14:05:30,340 [EventQueue-DeleteBlockStatusForDeletedBlockLogImpl] DEBUG block.DeletedBlockLogImpl (DeletedBlockLogImpl.java:isTransactionFailed(278)) - Got block deletion ACK from datanode, TXIDs=44, success=true
2021-08-14 14:05:30,340 [EventQueue-DeleteBlockStatusForDeletedBlockLogImpl] DEBUG block.DeletedBlockLogImpl (DeletedBlockLogImpl.java:commitTransactions(224)) - Transaction txId=44 commit by dnId=a3a688a0-b759-42a1-9d42-7ea63bf88025 for containerID=#44 failed. Corresponding entry not found.
2021-08-14 14:05:30,340 [EventQueue-DeleteBlockStatusForDeletedBlockLogImpl] DEBUG block.DeletedBlockLogImpl (DeletedBlockLogImpl.java:isTransactionFailed(278)) - Got block deletion ACK from datanode, TXIDs=45, success=true
2021-08-14 14:05:30,340 [EventQueue-DeleteBlockStatusForDeletedBlockLogImpl] DEBUG block.DeletedBlockLogImpl (DeletedBlockLogImpl.java:commitTransactions(224)) - Transaction txId=45 commit by dnId=a3a688a0-b759-42a1-9d42-7ea63bf88025 for containerID=#45 failed. Corresponding entry not found.
2021-08-14 14:05:30,340 [EventQueue-DeleteBlockStatusForDeletedBlockLogImpl] DEBUG block.DeletedBlockLogImpl (DeletedBlockLogImpl.java:isTransactionFailed(278)) - Got block deletion ACK from datanode, TXIDs=46, success=true
2021-08-14 14:05:30,340 [EventQueue-DeleteBlockStatusForDeletedBlockLogImpl] DEBUG block.DeletedBlockLogImpl (DeletedBlockLogImpl.java:commitTransactions(224)) - Transaction txId=46 commit by dnId=a3a688a0-b759-42a1-9d42-7ea63bf88025 for containerID=#46 failed. Corresponding entry not found.
2021-08-14 14:05:30,340 [EventQueue-DeleteBlockStatusForDeletedBlockLogImpl] DEBUG block.DeletedBlockLogImpl (DeletedBlockLogImpl.java:isTransactionFailed(278)) - Got block deletion ACK from datanode, TXIDs=47, success=true
2021-08-14 14:05:30,340 [EventQueue-DeleteBlockStatusForDeletedBlockLogImpl] DEBUG block.DeletedBlockLogImpl (DeletedBlockLogImpl.java:commitTransactions(224)) - Transaction txId=47 commit by dnId=a3a688a0-b759-42a1-9d42-7ea63bf88025 for containerID=#47 failed. Corresponding entry not found.
2021-08-14 14:05:30,340 [EventQueue-DeleteBlockStatusForDeletedBlockLogImpl] DEBUG block.DeletedBlockLogImpl (DeletedBlockLogImpl.java:isTransactionFailed(278)) - Got block deletion ACK from datanode, TXIDs=48, success=true
2021-08-14 14:05:30,340 [EventQueue-DeleteBlockStatusForDeletedBlockLogImpl] DEBUG block.DeletedBlockLogImpl (DeletedBlockLogImpl.java:commitTransactions(224)) - Transaction txId=48 commit by dnId=a3a688a0-b759-42a1-9d42-7ea63bf88025 for containerID=#48 failed. Corresponding entry not found.
2021-08-14 14:05:30,340 [EventQueue-DeleteBlockStatusForDeletedBlockLogImpl] DEBUG block.DeletedBlockLogImpl (DeletedBlockLogImpl.java:isTransactionFailed(278)) - Got block deletion ACK from datanode, TXIDs=49, success=true
2021-08-14 14:05:30,340 [EventQueue-DeleteBlockStatusForDeletedBlockLogImpl] DEBUG block.DeletedBlockLogImpl (DeletedBlockLogImpl.java:commitTransactions(224)) - Transaction txId=49 commit by dnId=a3a688a0-b759-42a1-9d42-7ea63bf88025 for containerID=#49 failed. Corresponding entry not found.
2021-08-14 14:05:30,340 [EventQueue-DeleteBlockStatusForDeletedBlockLogImpl] DEBUG block.DeletedBlockLogImpl (DeletedBlockLogImpl.java:isTransactionFailed(278)) - Got block deletion ACK from datanode, TXIDs=50, success=true
2021-08-14 14:05:30,340 [EventQueue-DeleteBlockStatusForDeletedBlockLogImpl] DEBUG block.DeletedBlockLogImpl (DeletedBlockLogImpl.java:commitTransactions(224)) - Transaction txId=50 commit by dnId=a3a688a0-b759-42a1-9d42-7ea63bf88025 for containerID=#50 failed. Corresponding entry not found.
2021-08-14 14:05:30,340 [EventQueue-DeleteBlockStatusForDeletedBlockLogImpl] DEBUG block.DeletedBlockLogImpl (DeletedBlockLogImpl.java:isTransactionFailed(278)) - Got block deletion ACK from datanode, TXIDs=51, success=true
2021-08-14 14:05:30,340 [EventQueue-DeleteBlockStatusForDeletedBlockLogImpl] DEBUG block.DeletedBlockLogImpl (DeletedBlockLogImpl.java:commitTransactions(224)) - Transaction txId=51 commit by dnId=a3a688a0-b759-42a1-9d42-7ea63bf88025 for containerID=#51 failed. Corresponding entry not found.
2021-08-14 14:05:30,341 [EventQueue-DeleteBlockStatusForDeletedBlockLogImpl] DEBUG block.DeletedBlockLogImpl (DeletedBlockLogImpl.java:isTransactionFailed(278)) - Got block deletion ACK from datanode, TXIDs=52, success=true
2021-08-14 14:05:30,341 [EventQueue-DeleteBlockStatusForDeletedBlockLogImpl] DEBUG block.DeletedBlockLogImpl (DeletedBlockLogImpl.java:commitTransactions(224)) - Transaction txId=52 commit by dnId=a3a688a0-b759-42a1-9d42-7ea63bf88025 for containerID=#52 failed. Corresponding entry not found.
2021-08-14 14:05:30,341 [EventQueue-DeleteBlockStatusForDeletedBlockLogImpl] DEBUG block.DeletedBlockLogImpl (DeletedBlockLogImpl.java:isTransactionFailed(278)) - Got block deletion ACK from datanode, TXIDs=53, success=true
2021-08-14 14:05:30,341 [EventQueue-DeleteBlockStatusForDeletedBlockLogImpl] DEBUG block.DeletedBlockLogImpl (DeletedBlockLogImpl.java:commitTransactions(224)) - Transaction txId=53 commit by dnId=a3a688a0-b759-42a1-9d42-7ea63bf88025 for containerID=#53 failed. Corresponding entry not found.
2021-08-14 14:05:30,343 [EventQueue-DeleteBlockStatusForDeletedBlockLogImpl] DEBUG block.DeletedBlockLogImpl (DeletedBlockLogImpl.java:isTransactionFailed(278)) - Got block deletion ACK from datanode, TXIDs=54, success=true
2021-08-14 14:05:30,343 [EventQueue-DeleteBlockStatusForDeletedBlockLogImpl] DEBUG block.DeletedBlockLogImpl (DeletedBlockLogImpl.java:commitTransactions(224)) - Transaction txId=54 commit by dnId=a3a688a0-b759-42a1-9d42-7ea63bf88025 for containerID=#54 failed. Corresponding entry not found.
2021-08-14 14:05:30,343 [EventQueue-DeleteBlockStatusForDeletedBlockLogImpl] DEBUG block.DeletedBlockLogImpl (DeletedBlockLogImpl.java:isTransactionFailed(278)) - Got block deletion ACK from datanode, TXIDs=55, success=true
2021-08-14 14:05:30,343 [EventQueue-DeleteBlockStatusForDeletedBlockLogImpl] DEBUG block.DeletedBlockLogImpl (DeletedBlockLogImpl.java:commitTransactions(224)) - Transaction txId=55 commit by dnId=a3a688a0-b759-42a1-9d42-7ea63bf88025 for containerID=#55 failed. Corresponding entry not found.
2021-08-14 14:05:30,343 [EventQueue-DeleteBlockStatusForDeletedBlockLogImpl] DEBUG block.DeletedBlockLogImpl (DeletedBlockLogImpl.java:isTransactionFailed(278)) - Got block deletion ACK from datanode, TXIDs=56, success=true
2021-08-14 14:05:30,343 [EventQueue-DeleteBlockStatusForDeletedBlockLogImpl] DEBUG block.DeletedBlockLogImpl (DeletedBlockLogImpl.java:commitTransactions(224)) - Transaction txId=56 commit by dnId=a3a688a0-b759-42a1-9d42-7ea63bf88025 for containerID=#56 failed. Corresponding entry not found.
2021-08-14 14:05:30,343 [EventQueue-DeleteBlockStatusForDeletedBlockLogImpl] DEBUG block.DeletedBlockLogImpl (DeletedBlockLogImpl.java:isTransactionFailed(278)) - Got block deletion ACK from datanode, TXIDs=19, success=true
2021-08-14 14:05:30,343 [EventQueue-DeleteBlockStatusForDeletedBlockLogImpl] DEBUG block.DeletedBlockLogImpl (DeletedBlockLogImpl.java:commitTransactions(224)) - Transaction txId=19 commit by dnId=a3a688a0-b759-42a1-9d42-7ea63bf88025 for containerID=#19 failed. Corresponding entry not found.
2021-08-14 14:05:30,343 [EventQueue-DeleteBlockStatusForDeletedBlockLogImpl] DEBUG block.DeletedBlockLogImpl (DeletedBlockLogImpl.java:isTransactionFailed(278)) - Got block deletion ACK from datanode, TXIDs=20, success=true
2021-08-14 14:05:30,343 [EventQueue-DeleteBlockStatusForDeletedBlockLogImpl] DEBUG block.DeletedBlockLogImpl (DeletedBlockLogImpl.java:commitTransactions(224)) - Transaction txId=20 commit by dnId=a3a688a0-b759-42a1-9d42-7ea63bf88025 for containerID=#20 failed. Corresponding entry not found.
2021-08-14 14:05:30,343 [EventQueue-DeleteBlockStatusForDeletedBlockLogImpl] DEBUG block.DeletedBlockLogImpl (DeletedBlockLogImpl.java:isTransactionFailed(278)) - Got block deletion ACK from datanode, TXIDs=21, success=true
2021-08-14 14:05:30,343 [EventQueue-DeleteBlockStatusForDeletedBlockLogImpl] DEBUG block.DeletedBlockLogImpl (DeletedBlockLogImpl.java:commitTransactions(224)) - Transaction txId=21 commit by dnId=a3a688a0-b759-42a1-9d42-7ea63bf88025 for containerID=#21 failed. Corresponding entry not found.
2021-08-14 14:05:30,344 [EventQueue-DeleteBlockStatusForDeletedBlockLogImpl] DEBUG block.DeletedBlockLogImpl (DeletedBlockLogImpl.java:isTransactionFailed(278)) - Got block deletion ACK from datanode, TXIDs=22, success=true
2021-08-14 14:05:30,344 [EventQueue-DeleteBlockStatusForDeletedBlockLogImpl] DEBUG block.DeletedBlockLogImpl (DeletedBlockLogImpl.java:commitTransactions(224)) - Transaction txId=22 commit by dnId=a3a688a0-b759-42a1-9d42-7ea63bf88025 for containerID=#22 failed. Corresponding entry not found.
2021-08-14 14:05:30,344 [EventQueue-DeleteBlockStatusForDeletedBlockLogImpl] DEBUG block.DeletedBlockLogImpl (DeletedBlockLogImpl.java:isTransactionFailed(278)) - Got block deletion ACK from datanode, TXIDs=23, success=true
2021-08-14 14:05:30,344 [EventQueue-DeleteBlockStatusForDeletedBlockLogImpl] DEBUG block.DeletedBlockLogImpl (DeletedBlockLogImpl.java:commitTransactions(224)) - Transaction txId=23 commit by dnId=a3a688a0-b759-42a1-9d42-7ea63bf88025 for containerID=#23 failed. Corresponding entry not found.
2021-08-14 14:05:30,344 [EventQueue-DeleteBlockStatusForDeletedBlockLogImpl] DEBUG block.DeletedBlockLogImpl (DeletedBlockLogImpl.java:isTransactionFailed(278)) - Got block deletion ACK from datanode, TXIDs=24, success=true
2021-08-14 14:05:30,344 [EventQueue-DeleteBlockStatusForDeletedBlockLogImpl] DEBUG block.DeletedBlockLogImpl (DeletedBlockLogImpl.java:commitTransactions(224)) - Transaction txId=24 commit by dnId=a3a688a0-b759-42a1-9d42-7ea63bf88025 for containerID=#24 failed. Corresponding entry not found.
2021-08-14 14:05:30,344 [EventQueue-DeleteBlockStatusForDeletedBlockLogImpl] DEBUG block.DeletedBlockLogImpl (DeletedBlockLogImpl.java:isTransactionFailed(278)) - Got block deletion ACK from datanode, TXIDs=25, success=true
2021-08-14 14:05:30,344 [EventQueue-DeleteBlockStatusForDeletedBlockLogImpl] DEBUG block.DeletedBlockLogImpl (DeletedBlockLogImpl.java:commitTransactions(224)) - Transaction txId=25 commit by dnId=a3a688a0-b759-42a1-9d42-7ea63bf88025 for containerID=#25 failed. Corresponding entry not found.
2021-08-14 14:05:30,344 [EventQueue-DeleteBlockStatusForDeletedBlockLogImpl] DEBUG block.DeletedBlockLogImpl (DeletedBlockLogImpl.java:isTransactionFailed(278)) - Got block deletion ACK from datanode, TXIDs=26, success=true
2021-08-14 14:05:30,344 [EventQueue-DeleteBlockStatusForDeletedBlockLogImpl] DEBUG block.DeletedBlockLogImpl (DeletedBlockLogImpl.java:commitTransactions(224)) - Transaction txId=26 commit by dnId=a3a688a0-b759-42a1-9d42-7ea63bf88025 for containerID=#26 failed. Corresponding entry not found.
2021-08-14 14:05:30,344 [EventQueue-DeleteBlockStatusForDeletedBlockLogImpl] DEBUG block.DeletedBlockLogImpl (DeletedBlockLogImpl.java:isTransactionFailed(278)) - Got block deletion ACK from datanode, TXIDs=27, success=true
2021-08-14 14:05:30,345 [EventQueue-DeleteBlockStatusForDeletedBlockLogImpl] DEBUG block.DeletedBlockLogImpl (DeletedBlockLogImpl.java:commitTransactions(224)) - Transaction txId=27 commit by dnId=a3a688a0-b759-42a1-9d42-7ea63bf88025 for containerID=#27 failed. Corresponding entry not found.
2021-08-14 14:05:30,349 [EventQueue-DeleteBlockStatusForDeletedBlockLogImpl] DEBUG block.DeletedBlockLogImpl (DeletedBlockLogImpl.java:isTransactionFailed(278)) - Got block deletion ACK from datanode, TXIDs=28, success=true
2021-08-14 14:05:30,349 [EventQueue-DeleteBlockStatusForDeletedBlockLogImpl] DEBUG block.DeletedBlockLogImpl (DeletedBlockLogImpl.java:commitTransactions(224)) - Transaction txId=28 commit by dnId=a3a688a0-b759-42a1-9d42-7ea63bf88025 for containerID=#28 failed. Corresponding entry not found.
2021-08-14 14:05:30,349 [EventQueue-DeleteBlockStatusForDeletedBlockLogImpl] DEBUG block.DeletedBlockLogImpl (DeletedBlockLogImpl.java:isTransactionFailed(278)) - Got block deletion ACK from datanode, TXIDs=29, success=true
2021-08-14 14:05:30,349 [EventQueue-DeleteBlockStatusForDeletedBlockLogImpl] DEBUG block.DeletedBlockLogImpl (DeletedBlockLogImpl.java:commitTransactions(224)) - Transaction txId=29 commit by dnId=a3a688a0-b759-42a1-9d42-7ea63bf88025 for containerID=#29 failed. Corresponding entry not found.
2021-08-14 14:05:30,349 [EventQueue-DeleteBlockStatusForDeletedBlockLogImpl] DEBUG block.DeletedBlockLogImpl (DeletedBlockLogImpl.java:isTransactionFailed(278)) - Got block deletion ACK from datanode, TXIDs=30, success=true
2021-08-14 14:05:30,349 [EventQueue-DeleteBlockStatusForDeletedBlockLogImpl] DEBUG block.DeletedBlockLogImpl (DeletedBlockLogImpl.java:commitTransactions(224)) - Transaction txId=30 commit by dnId=a3a688a0-b759-42a1-9d42-7ea63bf88025 for containerID=#30 failed. Corresponding entry not found.
2021-08-14 14:05:30,349 [EventQueue-DeleteBlockStatusForDeletedBlockLogImpl] DEBUG block.DeletedBlockLogImpl (DeletedBlockLogImpl.java:isTransactionFailed(278)) - Got block deletion ACK from datanode, TXIDs=31, success=true
2021-08-14 14:05:30,350 [EventQueue-DeleteBlockStatusForDeletedBlockLogImpl] DEBUG block.DeletedBlockLogImpl (DeletedBlockLogImpl.java:commitTransactions(224)) - Transaction txId=31 commit by dnId=a3a688a0-b759-42a1-9d42-7ea63bf88025 for containerID=#31 failed. Corresponding entry not found.
2021-08-14 14:05:30,350 [EventQueue-DeleteBlockStatusForDeletedBlockLogImpl] DEBUG block.DeletedBlockLogImpl (DeletedBlockLogImpl.java:isTransactionFailed(278)) - Got block deletion ACK from datanode, TXIDs=32, success=true
2021-08-14 14:05:30,351 [EventQueue-DeleteBlockStatusForDeletedBlockLogImpl] DEBUG block.DeletedBlockLogImpl (DeletedBlockLogImpl.java:commitTransactions(224)) - Transaction txId=32 commit by dnId=a3a688a0-b759-42a1-9d42-7ea63bf88025 for containerID=#32 failed. Corresponding entry not found.
2021-08-14 14:05:30,351 [EventQueue-DeleteBlockStatusForDeletedBlockLogImpl] DEBUG block.DeletedBlockLogImpl (DeletedBlockLogImpl.java:isTransactionFailed(278)) - Got block deletion ACK from datanode, TXIDs=33, success=true
2021-08-14 14:05:30,351 [EventQueue-DeleteBlockStatusForDeletedBlockLogImpl] DEBUG block.DeletedBlockLogImpl (DeletedBlockLogImpl.java:commitTransactions(224)) - Transaction txId=33 commit by dnId=a3a688a0-b759-42a1-9d42-7ea63bf88025 for containerID=#33 failed. Corresponding entry not found.
2021-08-14 14:05:30,351 [EventQueue-DeleteBlockStatusForDeletedBlockLogImpl] DEBUG block.DeletedBlockLogImpl (DeletedBlockLogImpl.java:isTransactionFailed(278)) - Got block deletion ACK from datanode, TXIDs=34, success=true
2021-08-14 14:05:30,351 [EventQueue-DeleteBlockStatusForDeletedBlockLogImpl] DEBUG block.DeletedBlockLogImpl (DeletedBlockLogImpl.java:commitTransactions(224)) - Transaction txId=34 commit by dnId=a3a688a0-b759-42a1-9d42-7ea63bf88025 for containerID=#34 failed. Corresponding entry not found.
2021-08-14 14:05:30,351 [EventQueue-DeleteBlockStatusForDeletedBlockLogImpl] DEBUG block.DeletedBlockLogImpl (DeletedBlockLogImpl.java:isTransactionFailed(278)) - Got block deletion ACK from datanode, TXIDs=35, success=true
2021-08-14 14:05:30,351 [EventQueue-DeleteBlockStatusForDeletedBlockLogImpl] DEBUG block.DeletedBlockLogImpl (DeletedBlockLogImpl.java:commitTransactions(224)) - Transaction txId=35 commit by dnId=a3a688a0-b759-42a1-9d42-7ea63bf88025 for containerID=#35 failed. Corresponding entry not found.
2021-08-14 14:05:30,351 [EventQueue-DeleteBlockStatusForDeletedBlockLogImpl] DEBUG block.DeletedBlockLogImpl (DeletedBlockLogImpl.java:isTransactionFailed(278)) - Got block deletion ACK from datanode, TXIDs=36, success=true
2021-08-14 14:05:30,351 [EventQueue-DeleteBlockStatusForDeletedBlockLogImpl] DEBUG block.DeletedBlockLogImpl (DeletedBlockLogImpl.java:commitTransactions(224)) - Transaction txId=36 commit by dnId=a3a688a0-b759-42a1-9d42-7ea63bf88025 for containerID=#36 failed. Corresponding entry not found.
2021-08-14 14:05:30,351 [EventQueue-DeleteBlockStatusForDeletedBlockLogImpl] DEBUG block.DeletedBlockLogImpl (DeletedBlockLogImpl.java:isTransactionFailed(278)) - Got block deletion ACK from datanode, TXIDs=37, success=true
2021-08-14 14:05:30,351 [EventQueue-DeleteBlockStatusForDeletedBlockLogImpl] DEBUG block.DeletedBlockLogImpl (DeletedBlockLogImpl.java:commitTransactions(224)) - Transaction txId=37 commit by dnId=a3a688a0-b759-42a1-9d42-7ea63bf88025 for containerID=#37 failed. Corresponding entry not found.
2021-08-14 14:05:30,351 [EventQueue-DeleteBlockStatusForDeletedBlockLogImpl] DEBUG block.DeletedBlockLogImpl (DeletedBlockLogImpl.java:isTransactionFailed(278)) - Got block deletion ACK from datanode, TXIDs=38, success=true
2021-08-14 14:05:30,351 [EventQueue-DeleteBlockStatusForDeletedBlockLogImpl] DEBUG block.DeletedBlockLogImpl (DeletedBlockLogImpl.java:commitTransactions(224)) - Transaction txId=38 commit by dnId=a3a688a0-b759-42a1-9d42-7ea63bf88025 for containerID=#38 failed. Corresponding entry not found.
2021-08-14 14:05:30,351 [EventQueue-DeleteBlockStatusForDeletedBlockLogImpl] DEBUG block.DeletedBlockLogImpl (DeletedBlockLogImpl.java:isTransactionFailed(278)) - Got block deletion ACK from datanode, TXIDs=39, success=true
2021-08-14 14:05:30,351 [EventQueue-DeleteBlockStatusForDeletedBlockLogImpl] DEBUG block.DeletedBlockLogImpl (DeletedBlockLogImpl.java:commitTransactions(224)) - Transaction txId=39 commit by dnId=a3a688a0-b759-42a1-9d42-7ea63bf88025 for containerID=#39 failed. Corresponding entry not found.
2021-08-14 14:05:30,351 [EventQueue-DeleteBlockStatusForDeletedBlockLogImpl] DEBUG block.DeletedBlockLogImpl (DeletedBlockLogImpl.java:isTransactionFailed(278)) - Got block deletion ACK from datanode, TXIDs=40, success=true
2021-08-14 14:05:30,351 [EventQueue-DeleteBlockStatusForDeletedBlockLogImpl] DEBUG block.DeletedBlockLogImpl (DeletedBlockLogImpl.java:commitTransactions(224)) - Transaction txId=40 commit by dnId=a3a688a0-b759-42a1-9d42-7ea63bf88025 for containerID=#40 failed. Corresponding entry not found.
2021-08-14 14:05:30,351 [EventQueue-DeleteBlockStatusForDeletedBlockLogImpl] DEBUG block.DeletedBlockLogImpl (DeletedBlockLogImpl.java:isTransactionFailed(278)) - Got block deletion ACK from datanode, TXIDs=41, success=true
2021-08-14 14:05:30,351 [EventQueue-DeleteBlockStatusForDeletedBlockLogImpl] DEBUG block.DeletedBlockLogImpl (DeletedBlockLogImpl.java:commitTransactions(224)) - Transaction txId=41 commit by dnId=a3a688a0-b759-42a1-9d42-7ea63bf88025 for containerID=#41 failed. Corresponding entry not found.
2021-08-14 14:05:30,351 [EventQueue-DeleteBlockStatusForDeletedBlockLogImpl] DEBUG block.DeletedBlockLogImpl (DeletedBlockLogImpl.java:isTransactionFailed(278)) - Got block deletion ACK from datanode, TXIDs=42, success=true
2021-08-14 14:05:30,351 [EventQueue-DeleteBlockStatusForDeletedBlockLogImpl] DEBUG block.DeletedBlockLogImpl (DeletedBlockLogImpl.java:commitTransactions(224)) - Transaction txId=42 commit by dnId=a3a688a0-b759-42a1-9d42-7ea63bf88025 for containerID=#42 failed. Corresponding entry not found.
2021-08-14 14:05:30,351 [EventQueue-DeleteBlockStatusForDeletedBlockLogImpl] DEBUG block.DeletedBlockLogImpl (DeletedBlockLogImpl.java:isTransactionFailed(278)) - Got block deletion ACK from datanode, TXIDs=43, success=true
2021-08-14 14:05:30,351 [EventQueue-DeleteBlockStatusForDeletedBlockLogImpl] DEBUG block.DeletedBlockLogImpl (DeletedBlockLogImpl.java:commitTransactions(224)) - Transaction txId=43 commit by dnId=a3a688a0-b759-42a1-9d42-7ea63bf88025 for containerID=#43 failed. Corresponding entry not found.
2021-08-14 14:05:30,351 [EventQueue-DeleteBlockStatusForDeletedBlockLogImpl] DEBUG block.DeletedBlockLogImpl (DeletedBlockLogImpl.java:isTransactionFailed(278)) - Got block deletion ACK from datanode, TXIDs=44, success=true
2021-08-14 14:05:30,352 [EventQueue-DeleteBlockStatusForDeletedBlockLogImpl] DEBUG block.DeletedBlockLogImpl (DeletedBlockLogImpl.java:commitTransactions(224)) - Transaction txId=44 commit by dnId=a3a688a0-b759-42a1-9d42-7ea63bf88025 for containerID=#44 failed. Corresponding entry not found.
2021-08-14 14:05:30,352 [EventQueue-DeleteBlockStatusForDeletedBlockLogImpl] DEBUG block.DeletedBlockLogImpl (DeletedBlockLogImpl.java:isTransactionFailed(278)) - Got block deletion ACK from datanode, TXIDs=45, success=true
2021-08-14 14:05:30,352 [EventQueue-DeleteBlockStatusForDeletedBlockLogImpl] DEBUG block.DeletedBlockLogImpl (DeletedBlockLogImpl.java:commitTransactions(224)) - Transaction txId=45 commit by dnId=a3a688a0-b759-42a1-9d42-7ea63bf88025 for containerID=#45 failed. Corresponding entry not found.
2021-08-14 14:05:30,352 [EventQueue-DeleteBlockStatusForDeletedBlockLogImpl] DEBUG block.DeletedBlockLogImpl (DeletedBlockLogImpl.java:isTransactionFailed(278)) - Got block deletion ACK from datanode, TXIDs=46, success=true
2021-08-14 14:05:30,353 [EventQueue-DeleteBlockStatusForDeletedBlockLogImpl] DEBUG block.DeletedBlockLogImpl (DeletedBlockLogImpl.java:commitTransactions(224)) - Transaction txId=46 commit by dnId=a3a688a0-b759-42a1-9d42-7ea63bf88025 for containerID=#46 failed. Corresponding entry not found.
2021-08-14 14:05:30,353 [EventQueue-DeleteBlockStatusForDeletedBlockLogImpl] DEBUG block.DeletedBlockLogImpl (DeletedBlockLogImpl.java:isTransactionFailed(278)) - Got block deletion ACK from datanode, TXIDs=47, success=true
2021-08-14 14:05:30,353 [EventQueue-DeleteBlockStatusForDeletedBlockLogImpl] DEBUG block.DeletedBlockLogImpl (DeletedBlockLogImpl.java:commitTransactions(224)) - Transaction txId=47 commit by dnId=a3a688a0-b759-42a1-9d42-7ea63bf88025 for containerID=#47 failed. Corresponding entry not found.
2021-08-14 14:05:30,353 [EventQueue-DeleteBlockStatusForDeletedBlockLogImpl] DEBUG block.DeletedBlockLogImpl (DeletedBlockLogImpl.java:isTransactionFailed(278)) - Got block deletion ACK from datanode, TXIDs=48, success=true
2021-08-14 14:05:30,353 [EventQueue-DeleteBlockStatusForDeletedBlockLogImpl] DEBUG block.DeletedBlockLogImpl (DeletedBlockLogImpl.java:commitTransactions(224)) - Transaction txId=48 commit by dnId=a3a688a0-b759-42a1-9d42-7ea63bf88025 for containerID=#48 failed. Corresponding entry not found.
2021-08-14 14:05:30,354 [EventQueue-DeleteBlockStatusForDeletedBlockLogImpl] DEBUG block.DeletedBlockLogImpl (DeletedBlockLogImpl.java:isTransactionFailed(278)) - Got block deletion ACK from datanode, TXIDs=49, success=true
2021-08-14 14:05:30,354 [EventQueue-DeleteBlockStatusForDeletedBlockLogImpl] DEBUG block.DeletedBlockLogImpl (DeletedBlockLogImpl.java:commitTransactions(224)) - Transaction txId=49 commit by dnId=a3a688a0-b759-42a1-9d42-7ea63bf88025 for containerID=#49 failed. Corresponding entry not found.
2021-08-14 14:05:30,354 [EventQueue-DeleteBlockStatusForDeletedBlockLogImpl] DEBUG block.DeletedBlockLogImpl (DeletedBlockLogImpl.java:isTransactionFailed(278)) - Got block deletion ACK from datanode, TXIDs=50, success=true
2021-08-14 14:05:30,356 [EventQueue-DeleteBlockStatusForDeletedBlockLogImpl] DEBUG block.DeletedBlockLogImpl (DeletedBlockLogImpl.java:commitTransactions(224)) - Transaction txId=50 commit by dnId=a3a688a0-b759-42a1-9d42-7ea63bf88025 for containerID=#50 failed. Corresponding entry not found.
2021-08-14 14:05:30,356 [EventQueue-DeleteBlockStatusForDeletedBlockLogImpl] DEBUG block.DeletedBlockLogImpl (DeletedBlockLogImpl.java:isTransactionFailed(278)) - Got block deletion ACK from datanode, TXIDs=51, success=true
2021-08-14 14:05:30,356 [EventQueue-DeleteBlockStatusForDeletedBlockLogImpl] DEBUG block.DeletedBlockLogImpl (DeletedBlockLogImpl.java:commitTransactions(224)) - Transaction txId=51 commit by dnId=a3a688a0-b759-42a1-9d42-7ea63bf88025 for containerID=#51 failed. Corresponding entry not found.
2021-08-14 14:05:30,356 [EventQueue-DeleteBlockStatusForDeletedBlockLogImpl] DEBUG block.DeletedBlockLogImpl (DeletedBlockLogImpl.java:isTransactionFailed(278)) - Got block deletion ACK from datanode, TXIDs=52, success=true
2021-08-14 14:05:30,356 [EventQueue-DeleteBlockStatusForDeletedBlockLogImpl] DEBUG block.DeletedBlockLogImpl (DeletedBlockLogImpl.java:commitTransactions(224)) - Transaction txId=52 commit by dnId=a3a688a0-b759-42a1-9d42-7ea63bf88025 for containerID=#52 failed. Corresponding entry not found.
2021-08-14 14:05:30,356 [EventQueue-DeleteBlockStatusForDeletedBlockLogImpl] DEBUG block.DeletedBlockLogImpl (DeletedBlockLogImpl.java:isTransactionFailed(278)) - Got block deletion ACK from datanode, TXIDs=53, success=true
2021-08-14 14:05:30,356 [EventQueue-DeleteBlockStatusForDeletedBlockLogImpl] DEBUG block.DeletedBlockLogImpl (DeletedBlockLogImpl.java:commitTransactions(224)) - Transaction txId=53 commit by dnId=a3a688a0-b759-42a1-9d42-7ea63bf88025 for containerID=#53 failed. Corresponding entry not found.
2021-08-14 14:05:30,356 [EventQueue-DeleteBlockStatusForDeletedBlockLogImpl] DEBUG block.DeletedBlockLogImpl (DeletedBlockLogImpl.java:isTransactionFailed(278)) - Got block deletion ACK from datanode, TXIDs=54, success=true
2021-08-14 14:05:30,359 [EventQueue-DeleteBlockStatusForDeletedBlockLogImpl] DEBUG block.DeletedBlockLogImpl (DeletedBlockLogImpl.java:commitTransactions(224)) - Transaction txId=54 commit by dnId=a3a688a0-b759-42a1-9d42-7ea63bf88025 for containerID=#54 failed. Corresponding entry not found.
2021-08-14 14:05:30,359 [EventQueue-DeleteBlockStatusForDeletedBlockLogImpl] DEBUG block.DeletedBlockLogImpl (DeletedBlockLogImpl.java:isTransactionFailed(278)) - Got block deletion ACK from datanode, TXIDs=55, success=true
2021-08-14 14:05:30,359 [EventQueue-DeleteBlockStatusForDeletedBlockLogImpl] DEBUG block.DeletedBlockLogImpl (DeletedBlockLogImpl.java:commitTransactions(224)) - Transaction txId=55 commit by dnId=a3a688a0-b759-42a1-9d42-7ea63bf88025 for containerID=#55 failed. Corresponding entry not found.
2021-08-14 14:05:30,359 [EventQueue-DeleteBlockStatusForDeletedBlockLogImpl] DEBUG block.DeletedBlockLogImpl (DeletedBlockLogImpl.java:isTransactionFailed(278)) - Got block deletion ACK from datanode, TXIDs=56, success=true
2021-08-14 14:05:30,359 [EventQueue-DeleteBlockStatusForDeletedBlockLogImpl] DEBUG block.DeletedBlockLogImpl (DeletedBlockLogImpl.java:commitTransactions(224)) - Transaction txId=56 commit by dnId=a3a688a0-b759-42a1-9d42-7ea63bf88025 for containerID=#56 failed. Corresponding entry not found.
2021-08-14 14:05:30,359 [EventQueue-DeleteBlockStatusForDeletedBlockLogImpl] DEBUG block.DeletedBlockLogImpl (DeletedBlockLogImpl.java:isTransactionFailed(278)) - Got block deletion ACK from datanode, TXIDs=19, success=true
2021-08-14 14:05:30,359 [EventQueue-DeleteBlockStatusForDeletedBlockLogImpl] DEBUG block.DeletedBlockLogImpl (DeletedBlockLogImpl.java:commitTransactions(224)) - Transaction txId=19 commit by dnId=a3a688a0-b759-42a1-9d42-7ea63bf88025 for containerID=#19 failed. Corresponding entry not found.
2021-08-14 14:05:30,359 [EventQueue-DeleteBlockStatusForDeletedBlockLogImpl] DEBUG block.DeletedBlockLogImpl (DeletedBlockLogImpl.java:isTransactionFailed(278)) - Got block deletion ACK from datanode, TXIDs=20, success=true
2021-08-14 14:05:30,359 [EventQueue-DeleteBlockStatusForDeletedBlockLogImpl] DEBUG block.DeletedBlockLogImpl (DeletedBlockLogImpl.java:commitTransactions(224)) - Transaction txId=20 commit by dnId=a3a688a0-b759-42a1-9d42-7ea63bf88025 for containerID=#20 failed. Corresponding entry not found.
2021-08-14 14:05:30,359 [EventQueue-DeleteBlockStatusForDeletedBlockLogImpl] DEBUG block.DeletedBlockLogImpl (DeletedBlockLogImpl.java:isTransactionFailed(278)) - Got block deletion ACK from datanode, TXIDs=21, success=true
2021-08-14 14:05:30,359 [EventQueue-DeleteBlockStatusForDeletedBlockLogImpl] DEBUG block.DeletedBlockLogImpl (DeletedBlockLogImpl.java:commitTransactions(224)) - Transaction txId=21 commit by dnId=a3a688a0-b759-42a1-9d42-7ea63bf88025 for containerID=#21 failed. Corresponding entry not found.
2021-08-14 14:05:30,360 [EventQueue-DeleteBlockStatusForDeletedBlockLogImpl] DEBUG block.DeletedBlockLogImpl (DeletedBlockLogImpl.java:isTransactionFailed(278)) - Got block deletion ACK from datanode, TXIDs=22, success=true
2021-08-14 14:05:30,360 [EventQueue-DeleteBlockStatusForDeletedBlockLogImpl] DEBUG block.DeletedBlockLogImpl (DeletedBlockLogImpl.java:commitTransactions(224)) - Transaction txId=22 commit by dnId=a3a688a0-b759-42a1-9d42-7ea63bf88025 for containerID=#22 failed. Corresponding entry not found.
2021-08-14 14:05:30,360 [EventQueue-DeleteBlockStatusForDeletedBlockLogImpl] DEBUG block.DeletedBlockLogImpl (DeletedBlockLogImpl.java:isTransactionFailed(278)) - Got block deletion ACK from datanode, TXIDs=23, success=true
2021-08-14 14:05:30,360 [EventQueue-DeleteBlockStatusForDeletedBlockLogImpl] DEBUG block.DeletedBlockLogImpl (DeletedBlockLogImpl.java:commitTransactions(224)) - Transaction txId=23 commit by dnId=a3a688a0-b759-42a1-9d42-7ea63bf88025 for containerID=#23 failed. Corresponding entry not found.
2021-08-14 14:05:30,360 [EventQueue-DeleteBlockStatusForDeletedBlockLogImpl] DEBUG block.DeletedBlockLogImpl (DeletedBlockLogImpl.java:isTransactionFailed(278)) - Got block deletion ACK from datanode, TXIDs=24, success=true
2021-08-14 14:05:30,360 [EventQueue-DeleteBlockStatusForDeletedBlockLogImpl] DEBUG block.DeletedBlockLogImpl (DeletedBlockLogImpl.java:commitTransactions(224)) - Transaction txId=24 commit by dnId=a3a688a0-b759-42a1-9d42-7ea63bf88025 for containerID=#24 failed. Corresponding entry not found.
2021-08-14 14:05:30,360 [EventQueue-DeleteBlockStatusForDeletedBlockLogImpl] DEBUG block.DeletedBlockLogImpl (DeletedBlockLogImpl.java:isTransactionFailed(278)) - Got block deletion ACK from datanode, TXIDs=25, success=true
2021-08-14 14:05:30,360 [EventQueue-DeleteBlockStatusForDeletedBlockLogImpl] DEBUG block.DeletedBlockLogImpl (DeletedBlockLogImpl.java:commitTransactions(224)) - Transaction txId=25 commit by dnId=a3a688a0-b759-42a1-9d42-7ea63bf88025 for containerID=#25 failed. Corresponding entry not found.
2021-08-14 14:05:30,360 [EventQueue-DeleteBlockStatusForDeletedBlockLogImpl] DEBUG block.DeletedBlockLogImpl (DeletedBlockLogImpl.java:isTransactionFailed(278)) - Got block deletion ACK from datanode, TXIDs=26, success=true
2021-08-14 14:05:30,360 [EventQueue-DeleteBlockStatusForDeletedBlockLogImpl] DEBUG block.DeletedBlockLogImpl (DeletedBlockLogImpl.java:commitTransactions(224)) - Transaction txId=26 commit by dnId=a3a688a0-b759-42a1-9d42-7ea63bf88025 for containerID=#26 failed. Corresponding entry not found.
2021-08-14 14:05:30,360 [EventQueue-DeleteBlockStatusForDeletedBlockLogImpl] DEBUG block.DeletedBlockLogImpl (DeletedBlockLogImpl.java:isTransactionFailed(278)) - Got block deletion ACK from datanode, TXIDs=27, success=true
2021-08-14 14:05:30,360 [EventQueue-DeleteBlockStatusForDeletedBlockLogImpl] DEBUG block.DeletedBlockLogImpl (DeletedBlockLogImpl.java:commitTransactions(224)) - Transaction txId=27 commit by dnId=a3a688a0-b759-42a1-9d42-7ea63bf88025 for containerID=#27 failed. Corresponding entry not found.
2021-08-14 14:05:30,360 [EventQueue-DeleteBlockStatusForDeletedBlockLogImpl] DEBUG block.DeletedBlockLogImpl (DeletedBlockLogImpl.java:isTransactionFailed(278)) - Got block deletion ACK from datanode, TXIDs=28, success=true
2021-08-14 14:05:30,360 [EventQueue-DeleteBlockStatusForDeletedBlockLogImpl] DEBUG block.DeletedBlockLogImpl (DeletedBlockLogImpl.java:commitTransactions(224)) - Transaction txId=28 commit by dnId=a3a688a0-b759-42a1-9d42-7ea63bf88025 for containerID=#28 failed. Corresponding entry not found.
2021-08-14 14:05:30,360 [EventQueue-DeleteBlockStatusForDeletedBlockLogImpl] DEBUG block.DeletedBlockLogImpl (DeletedBlockLogImpl.java:isTransactionFailed(278)) - Got block deletion ACK from datanode, TXIDs=29, success=true
2021-08-14 14:05:30,360 [EventQueue-DeleteBlockStatusForDeletedBlockLogImpl] DEBUG block.DeletedBlockLogImpl (DeletedBlockLogImpl.java:commitTransactions(224)) - Transaction txId=29 commit by dnId=a3a688a0-b759-42a1-9d42-7ea63bf88025 for containerID=#29 failed. Corresponding entry not found.
2021-08-14 14:05:30,360 [EventQueue-DeleteBlockStatusForDeletedBlockLogImpl] DEBUG block.DeletedBlockLogImpl (DeletedBlockLogImpl.java:isTransactionFailed(278)) - Got block deletion ACK from datanode, TXIDs=30, success=true
2021-08-14 14:05:30,360 [EventQueue-DeleteBlockStatusForDeletedBlockLogImpl] DEBUG block.DeletedBlockLogImpl (DeletedBlockLogImpl.java:commitTransactions(224)) - Transaction txId=30 commit by dnId=a3a688a0-b759-42a1-9d42-7ea63bf88025 for containerID=#30 failed. Corresponding entry not found.
2021-08-14 14:05:30,360 [EventQueue-DeleteBlockStatusForDeletedBlockLogImpl] DEBUG block.DeletedBlockLogImpl (DeletedBlockLogImpl.java:isTransactionFailed(278)) - Got block deletion ACK from datanode, TXIDs=31, success=true
2021-08-14 14:05:30,360 [EventQueue-DeleteBlockStatusForDeletedBlockLogImpl] DEBUG block.DeletedBlockLogImpl (DeletedBlockLogImpl.java:commitTransactions(224)) - Transaction txId=31 commit by dnId=a3a688a0-b759-42a1-9d42-7ea63bf88025 for containerID=#31 failed. Corresponding entry not found.
2021-08-14 14:05:30,360 [EventQueue-DeleteBlockStatusForDeletedBlockLogImpl] DEBUG block.DeletedBlockLogImpl (DeletedBlockLogImpl.java:isTransactionFailed(278)) - Got block deletion ACK from datanode, TXIDs=32, success=true
2021-08-14 14:05:30,360 [EventQueue-DeleteBlockStatusForDeletedBlockLogImpl] DEBUG block.DeletedBlockLogImpl (DeletedBlockLogImpl.java:commitTransactions(224)) - Transaction txId=32 commit by dnId=a3a688a0-b759-42a1-9d42-7ea63bf88025 for containerID=#32 failed. Corresponding entry not found.
2021-08-14 14:05:30,360 [EventQueue-DeleteBlockStatusForDeletedBlockLogImpl] DEBUG block.DeletedBlockLogImpl (DeletedBlockLogImpl.java:isTransactionFailed(278)) - Got block deletion ACK from datanode, TXIDs=33, success=true
2021-08-14 14:05:30,361 [EventQueue-DeleteBlockStatusForDeletedBlockLogImpl] DEBUG block.DeletedBlockLogImpl (DeletedBlockLogImpl.java:commitTransactions(224)) - Transaction txId=33 commit by dnId=a3a688a0-b759-42a1-9d42-7ea63bf88025 for containerID=#33 failed. Corresponding entry not found.
2021-08-14 14:05:30,361 [EventQueue-DeleteBlockStatusForDeletedBlockLogImpl] DEBUG block.DeletedBlockLogImpl (DeletedBlockLogImpl.java:isTransactionFailed(278)) - Got block deletion ACK from datanode, TXIDs=34, success=true
2021-08-14 14:05:30,361 [EventQueue-DeleteBlockStatusForDeletedBlockLogImpl] DEBUG block.DeletedBlockLogImpl (DeletedBlockLogImpl.java:commitTransactions(224)) - Transaction txId=34 commit by dnId=a3a688a0-b759-42a1-9d42-7ea63bf88025 for containerID=#34 failed. Corresponding entry not found.
2021-08-14 14:05:30,361 [EventQueue-DeleteBlockStatusForDeletedBlockLogImpl] DEBUG block.DeletedBlockLogImpl (DeletedBlockLogImpl.java:isTransactionFailed(278)) - Got block deletion ACK from datanode, TXIDs=35, success=true
2021-08-14 14:05:30,361 [EventQueue-DeleteBlockStatusForDeletedBlockLogImpl] DEBUG block.DeletedBlockLogImpl (DeletedBlockLogImpl.java:commitTransactions(224)) - Transaction txId=35 commit by dnId=a3a688a0-b759-42a1-9d42-7ea63bf88025 for containerID=#35 failed. Corresponding entry not found.
2021-08-14 14:05:30,361 [EventQueue-DeleteBlockStatusForDeletedBlockLogImpl] DEBUG block.DeletedBlockLogImpl (DeletedBlockLogImpl.java:isTransactionFailed(278)) - Got block deletion ACK from datanode, TXIDs=36, success=true
2021-08-14 14:05:30,361 [EventQueue-DeleteBlockStatusForDeletedBlockLogImpl] DEBUG block.DeletedBlockLogImpl (DeletedBlockLogImpl.java:commitTransactions(224)) - Transaction txId=36 commit by dnId=a3a688a0-b759-42a1-9d42-7ea63bf88025 for containerID=#36 failed. Corresponding entry not found.
2021-08-14 14:05:30,361 [EventQueue-DeleteBlockStatusForDeletedBlockLogImpl] DEBUG block.DeletedBlockLogImpl (DeletedBlockLogImpl.java:isTransactionFailed(278)) - Got block deletion ACK from datanode, TXIDs=37, success=true
2021-08-14 14:05:30,361 [EventQueue-DeleteBlockStatusForDeletedBlockLogImpl] DEBUG block.DeletedBlockLogImpl (DeletedBlockLogImpl.java:commitTransactions(224)) - Transaction txId=37 commit by dnId=a3a688a0-b759-42a1-9d42-7ea63bf88025 for containerID=#37 failed. Corresponding entry not found.
2021-08-14 14:05:30,361 [EventQueue-DeleteBlockStatusForDeletedBlockLogImpl] DEBUG block.DeletedBlockLogImpl (DeletedBlockLogImpl.java:isTransactionFailed(278)) - Got block deletion ACK from datanode, TXIDs=38, success=true
2021-08-14 14:05:30,361 [EventQueue-DeleteBlockStatusForDeletedBlockLogImpl] DEBUG block.DeletedBlockLogImpl (DeletedBlockLogImpl.java:commitTransactions(224)) - Transaction txId=38 commit by dnId=a3a688a0-b759-42a1-9d42-7ea63bf88025 for containerID=#38 failed. Corresponding entry not found.
2021-08-14 14:05:30,365 [EventQueue-DeleteBlockStatusForDeletedBlockLogImpl] DEBUG block.DeletedBlockLogImpl (DeletedBlockLogImpl.java:isTransactionFailed(278)) - Got block deletion ACK from datanode, TXIDs=39, success=true
2021-08-14 14:05:30,365 [EventQueue-DeleteBlockStatusForDeletedBlockLogImpl] DEBUG block.DeletedBlockLogImpl (DeletedBlockLogImpl.java:commitTransactions(224)) - Transaction txId=39 commit by dnId=a3a688a0-b759-42a1-9d42-7ea63bf88025 for containerID=#39 failed. Corresponding entry not found.
2021-08-14 14:05:30,365 [EventQueue-DeleteBlockStatusForDeletedBlockLogImpl] DEBUG block.DeletedBlockLogImpl (DeletedBlockLogImpl.java:isTransactionFailed(278)) - Got block deletion ACK from datanode, TXIDs=40, success=true
2021-08-14 14:05:30,365 [EventQueue-DeleteBlockStatusForDeletedBlockLogImpl] DEBUG block.DeletedBlockLogImpl (DeletedBlockLogImpl.java:commitTransactions(224)) - Transaction txId=40 commit by dnId=a3a688a0-b759-42a1-9d42-7ea63bf88025 for containerID=#40 failed. Corresponding entry not found.
2021-08-14 14:05:30,365 [EventQueue-DeleteBlockStatusForDeletedBlockLogImpl] DEBUG block.DeletedBlockLogImpl (DeletedBlockLogImpl.java:isTransactionFailed(278)) - Got block deletion ACK from datanode, TXIDs=41, success=true
2021-08-14 14:05:30,365 [EventQueue-DeleteBlockStatusForDeletedBlockLogImpl] DEBUG block.DeletedBlockLogImpl (DeletedBlockLogImpl.java:commitTransactions(224)) - Transaction txId=41 commit by dnId=a3a688a0-b759-42a1-9d42-7ea63bf88025 for containerID=#41 failed. Corresponding entry not found.
2021-08-14 14:05:30,365 [EventQueue-DeleteBlockStatusForDeletedBlockLogImpl] DEBUG block.DeletedBlockLogImpl (DeletedBlockLogImpl.java:isTransactionFailed(278)) - Got block deletion ACK from datanode, TXIDs=42, success=true
2021-08-14 14:05:30,366 [EventQueue-DeleteBlockStatusForDeletedBlockLogImpl] DEBUG block.DeletedBlockLogImpl (DeletedBlockLogImpl.java:commitTransactions(224)) - Transaction txId=42 commit by dnId=a3a688a0-b759-42a1-9d42-7ea63bf88025 for containerID=#42 failed. Corresponding entry not found.
2021-08-14 14:05:30,366 [EventQueue-DeleteBlockStatusForDeletedBlockLogImpl] DEBUG block.DeletedBlockLogImpl (DeletedBlockLogImpl.java:isTransactionFailed(278)) - Got block deletion ACK from datanode, TXIDs=43, success=true
2021-08-14 14:05:30,366 [EventQueue-DeleteBlockStatusForDeletedBlockLogImpl] DEBUG block.DeletedBlockLogImpl (DeletedBlockLogImpl.java:commitTransactions(224)) - Transaction txId=43 commit by dnId=a3a688a0-b759-42a1-9d42-7ea63bf88025 for containerID=#43 failed. Corresponding entry not found.
2021-08-14 14:05:30,366 [EventQueue-DeleteBlockStatusForDeletedBlockLogImpl] DEBUG block.DeletedBlockLogImpl (DeletedBlockLogImpl.java:isTransactionFailed(278)) - Got block deletion ACK from datanode, TXIDs=44, success=true
2021-08-14 14:05:30,366 [EventQueue-DeleteBlockStatusForDeletedBlockLogImpl] DEBUG block.DeletedBlockLogImpl (DeletedBlockLogImpl.java:commitTransactions(224)) - Transaction txId=44 commit by dnId=a3a688a0-b759-42a1-9d42-7ea63bf88025 for containerID=#44 failed. Corresponding entry not found.
2021-08-14 14:05:30,366 [EventQueue-DeleteBlockStatusForDeletedBlockLogImpl] DEBUG block.DeletedBlockLogImpl (DeletedBlockLogImpl.java:isTransactionFailed(278)) - Got block deletion ACK from datanode, TXIDs=45, success=true
2021-08-14 14:05:30,366 [EventQueue-DeleteBlockStatusForDeletedBlockLogImpl] DEBUG block.DeletedBlockLogImpl (DeletedBlockLogImpl.java:commitTransactions(224)) - Transaction txId=45 commit by dnId=a3a688a0-b759-42a1-9d42-7ea63bf88025 for containerID=#45 failed. Corresponding entry not found.
2021-08-14 14:05:30,366 [EventQueue-DeleteBlockStatusForDeletedBlockLogImpl] DEBUG block.DeletedBlockLogImpl (DeletedBlockLogImpl.java:isTransactionFailed(278)) - Got block deletion ACK from datanode, TXIDs=46, success=true
2021-08-14 14:05:30,366 [EventQueue-DeleteBlockStatusForDeletedBlockLogImpl] DEBUG block.DeletedBlockLogImpl (DeletedBlockLogImpl.java:commitTransactions(224)) - Transaction txId=46 commit by dnId=a3a688a0-b759-42a1-9d42-7ea63bf88025 for containerID=#46 failed. Corresponding entry not found.
2021-08-14 14:05:30,366 [EventQueue-DeleteBlockStatusForDeletedBlockLogImpl] DEBUG block.DeletedBlockLogImpl (DeletedBlockLogImpl.java:isTransactionFailed(278)) - Got block deletion ACK from datanode, TXIDs=47, success=true
2021-08-14 14:05:30,366 [EventQueue-DeleteBlockStatusForDeletedBlockLogImpl] DEBUG block.DeletedBlockLogImpl (DeletedBlockLogImpl.java:commitTransactions(224)) - Transaction txId=47 commit by dnId=a3a688a0-b759-42a1-9d42-7ea63bf88025 for containerID=#47 failed. Corresponding entry not found.
2021-08-14 14:05:30,366 [EventQueue-DeleteBlockStatusForDeletedBlockLogImpl] DEBUG block.DeletedBlockLogImpl (DeletedBlockLogImpl.java:isTransactionFailed(278)) - Got block deletion ACK from datanode, TXIDs=48, success=true
2021-08-14 14:05:30,366 [EventQueue-DeleteBlockStatusForDeletedBlockLogImpl] DEBUG block.DeletedBlockLogImpl (DeletedBlockLogImpl.java:commitTransactions(224)) - Transaction txId=48 commit by dnId=a3a688a0-b759-42a1-9d42-7ea63bf88025 for containerID=#48 failed. Corresponding entry not found.
2021-08-14 14:05:30,366 [EventQueue-DeleteBlockStatusForDeletedBlockLogImpl] DEBUG block.DeletedBlockLogImpl (DeletedBlockLogImpl.java:isTransactionFailed(278)) - Got block deletion ACK from datanode, TXIDs=49, success=true
2021-08-14 14:05:30,366 [EventQueue-DeleteBlockStatusForDeletedBlockLogImpl] DEBUG block.DeletedBlockLogImpl (DeletedBlockLogImpl.java:commitTransactions(224)) - Transaction txId=49 commit by dnId=a3a688a0-b759-42a1-9d42-7ea63bf88025 for containerID=#49 failed. Corresponding entry not found.
2021-08-14 14:05:30,366 [EventQueue-DeleteBlockStatusForDeletedBlockLogImpl] DEBUG block.DeletedBlockLogImpl (DeletedBlockLogImpl.java:isTransactionFailed(278)) - Got block deletion ACK from datanode, TXIDs=50, success=true
2021-08-14 14:05:30,366 [EventQueue-DeleteBlockStatusForDeletedBlockLogImpl] DEBUG block.DeletedBlockLogImpl (DeletedBlockLogImpl.java:commitTransactions(224)) - Transaction txId=50 commit by dnId=a3a688a0-b759-42a1-9d42-7ea63bf88025 for containerID=#50 failed. Corresponding entry not found.
2021-08-14 14:05:30,366 [EventQueue-DeleteBlockStatusForDeletedBlockLogImpl] DEBUG block.DeletedBlockLogImpl (DeletedBlockLogImpl.java:isTransactionFailed(278)) - Got block deletion ACK from datanode, TXIDs=51, success=true
2021-08-14 14:05:30,366 [EventQueue-DeleteBlockStatusForDeletedBlockLogImpl] DEBUG block.DeletedBlockLogImpl (DeletedBlockLogImpl.java:commitTransactions(224)) - Transaction txId=51 commit by dnId=a3a688a0-b759-42a1-9d42-7ea63bf88025 for containerID=#51 failed. Corresponding entry not found.
2021-08-14 14:05:30,366 [EventQueue-DeleteBlockStatusForDeletedBlockLogImpl] DEBUG block.DeletedBlockLogImpl (DeletedBlockLogImpl.java:isTransactionFailed(278)) - Got block deletion ACK from datanode, TXIDs=52, success=true
2021-08-14 14:05:30,366 [EventQueue-DeleteBlockStatusForDeletedBlockLogImpl] DEBUG block.DeletedBlockLogImpl (DeletedBlockLogImpl.java:commitTransactions(224)) - Transaction txId=52 commit by dnId=a3a688a0-b759-42a1-9d42-7ea63bf88025 for containerID=#52 failed. Corresponding entry not found.
2021-08-14 14:05:30,366 [EventQueue-DeleteBlockStatusForDeletedBlockLogImpl] DEBUG block.DeletedBlockLogImpl (DeletedBlockLogImpl.java:isTransactionFailed(278)) - Got block deletion ACK from datanode, TXIDs=53, success=true
2021-08-14 14:05:30,366 [EventQueue-DeleteBlockStatusForDeletedBlockLogImpl] DEBUG block.DeletedBlockLogImpl (DeletedBlockLogImpl.java:commitTransactions(224)) - Transaction txId=53 commit by dnId=a3a688a0-b759-42a1-9d42-7ea63bf88025 for containerID=#53 failed. Corresponding entry not found.
2021-08-14 14:05:30,367 [EventQueue-DeleteBlockStatusForDeletedBlockLogImpl] DEBUG block.DeletedBlockLogImpl (DeletedBlockLogImpl.java:isTransactionFailed(278)) - Got block deletion ACK from datanode, TXIDs=54, success=true
2021-08-14 14:05:30,367 [EventQueue-DeleteBlockStatusForDeletedBlockLogImpl] DEBUG block.DeletedBlockLogImpl (DeletedBlockLogImpl.java:commitTransactions(224)) - Transaction txId=54 commit by dnId=a3a688a0-b759-42a1-9d42-7ea63bf88025 for containerID=#54 failed. Corresponding entry not found.
2021-08-14 14:05:30,367 [EventQueue-DeleteBlockStatusForDeletedBlockLogImpl] DEBUG block.DeletedBlockLogImpl (DeletedBlockLogImpl.java:isTransactionFailed(278)) - Got block deletion ACK from datanode, TXIDs=55, success=true
2021-08-14 14:05:30,367 [EventQueue-DeleteBlockStatusForDeletedBlockLogImpl] DEBUG block.DeletedBlockLogImpl (DeletedBlockLogImpl.java:commitTransactions(224)) - Transaction txId=55 commit by dnId=a3a688a0-b759-42a1-9d42-7ea63bf88025 for containerID=#55 failed. Corresponding entry not found.
2021-08-14 14:05:30,367 [EventQueue-DeleteBlockStatusForDeletedBlockLogImpl] DEBUG block.DeletedBlockLogImpl (DeletedBlockLogImpl.java:isTransactionFailed(278)) - Got block deletion ACK from datanode, TXIDs=56, success=true
2021-08-14 14:05:30,367 [EventQueue-DeleteBlockStatusForDeletedBlockLogImpl] DEBUG block.DeletedBlockLogImpl (DeletedBlockLogImpl.java:commitTransactions(224)) - Transaction txId=56 commit by dnId=a3a688a0-b759-42a1-9d42-7ea63bf88025 for containerID=#56 failed. Corresponding entry not found.
2021-08-14 14:05:30,367 [EventQueue-DeleteBlockStatusForDeletedBlockLogImpl] DEBUG block.DeletedBlockLogImpl (DeletedBlockLogImpl.java:isTransactionFailed(278)) - Got block deletion ACK from datanode, TXIDs=19, success=true
2021-08-14 14:05:30,367 [EventQueue-DeleteBlockStatusForDeletedBlockLogImpl] DEBUG block.DeletedBlockLogImpl (DeletedBlockLogImpl.java:commitTransactions(224)) - Transaction txId=19 commit by dnId=a3a688a0-b759-42a1-9d42-7ea63bf88025 for containerID=#19 failed. Corresponding entry not found.
2021-08-14 14:05:30,367 [EventQueue-DeleteBlockStatusForDeletedBlockLogImpl] DEBUG block.DeletedBlockLogImpl (DeletedBlockLogImpl.java:isTransactionFailed(278)) - Got block deletion ACK from datanode, TXIDs=20, success=true
2021-08-14 14:05:30,367 [EventQueue-DeleteBlockStatusForDeletedBlockLogImpl] DEBUG block.DeletedBlockLogImpl (DeletedBlockLogImpl.java:commitTransactions(224)) - Transaction txId=20 commit by dnId=a3a688a0-b759-42a1-9d42-7ea63bf88025 for containerID=#20 failed. Corresponding entry not found.
2021-08-14 14:05:30,367 [EventQueue-DeleteBlockStatusForDeletedBlockLogImpl] DEBUG block.DeletedBlockLogImpl (DeletedBlockLogImpl.java:isTransactionFailed(278)) - Got block deletion ACK from datanode, TXIDs=21, success=true
2021-08-14 14:05:30,367 [EventQueue-DeleteBlockStatusForDeletedBlockLogImpl] DEBUG block.DeletedBlockLogImpl (DeletedBlockLogImpl.java:commitTransactions(224)) - Transaction txId=21 commit by dnId=a3a688a0-b759-42a1-9d42-7ea63bf88025 for containerID=#21 failed. Corresponding entry not found.
2021-08-14 14:05:30,367 [EventQueue-DeleteBlockStatusForDeletedBlockLogImpl] DEBUG block.DeletedBlockLogImpl (DeletedBlockLogImpl.java:isTransactionFailed(278)) - Got block deletion ACK from datanode, TXIDs=22, success=true
2021-08-14 14:05:30,367 [EventQueue-DeleteBlockStatusForDeletedBlockLogImpl] DEBUG block.DeletedBlockLogImpl (DeletedBlockLogImpl.java:commitTransactions(224)) - Transaction txId=22 commit by dnId=a3a688a0-b759-42a1-9d42-7ea63bf88025 for containerID=#22 failed. Corresponding entry not found.
2021-08-14 14:05:30,367 [EventQueue-DeleteBlockStatusForDeletedBlockLogImpl] DEBUG block.DeletedBlockLogImpl (DeletedBlockLogImpl.java:isTransactionFailed(278)) - Got block deletion ACK from datanode, TXIDs=23, success=true
2021-08-14 14:05:30,367 [EventQueue-DeleteBlockStatusForDeletedBlockLogImpl] DEBUG block.DeletedBlockLogImpl (DeletedBlockLogImpl.java:commitTransactions(224)) - Transaction txId=23 commit by dnId=a3a688a0-b759-42a1-9d42-7ea63bf88025 for containerID=#23 failed. Corresponding entry not found.
2021-08-14 14:05:30,367 [EventQueue-DeleteBlockStatusForDeletedBlockLogImpl] DEBUG block.DeletedBlockLogImpl (DeletedBlockLogImpl.java:isTransactionFailed(278)) - Got block deletion ACK from datanode, TXIDs=24, success=true
2021-08-14 14:05:30,367 [EventQueue-DeleteBlockStatusForDeletedBlockLogImpl] DEBUG block.DeletedBlockLogImpl (DeletedBlockLogImpl.java:commitTransactions(224)) - Transaction txId=24 commit by dnId=a3a688a0-b759-42a1-9d42-7ea63bf88025 for containerID=#24 failed. Corresponding entry not found.
2021-08-14 14:05:30,367 [EventQueue-DeleteBlockStatusForDeletedBlockLogImpl] DEBUG block.DeletedBlockLogImpl (DeletedBlockLogImpl.java:isTransactionFailed(278)) - Got block deletion ACK from datanode, TXIDs=25, success=true
2021-08-14 14:05:30,367 [EventQueue-DeleteBlockStatusForDeletedBlockLogImpl] DEBUG block.DeletedBlockLogImpl (DeletedBlockLogImpl.java:commitTransactions(224)) - Transaction txId=25 commit by dnId=a3a688a0-b759-42a1-9d42-7ea63bf88025 for containerID=#25 failed. Corresponding entry not found.
2021-08-14 14:05:30,367 [EventQueue-DeleteBlockStatusForDeletedBlockLogImpl] DEBUG block.DeletedBlockLogImpl (DeletedBlockLogImpl.java:isTransactionFailed(278)) - Got block deletion ACK from datanode, TXIDs=26, success=true
2021-08-14 14:05:30,367 [EventQueue-DeleteBlockStatusForDeletedBlockLogImpl] DEBUG block.DeletedBlockLogImpl (DeletedBlockLogImpl.java:commitTransactions(224)) - Transaction txId=26 commit by dnId=a3a688a0-b759-42a1-9d42-7ea63bf88025 for containerID=#26 failed. Corresponding entry not found.
2021-08-14 14:05:30,367 [EventQueue-DeleteBlockStatusForDeletedBlockLogImpl] DEBUG block.DeletedBlockLogImpl (DeletedBlockLogImpl.java:isTransactionFailed(278)) - Got block deletion ACK from datanode, TXIDs=27, success=true
2021-08-14 14:05:30,368 [EventQueue-DeleteBlockStatusForDeletedBlockLogImpl] DEBUG block.DeletedBlockLogImpl (DeletedBlockLogImpl.java:commitTransactions(224)) - Transaction txId=27 commit by dnId=a3a688a0-b759-42a1-9d42-7ea63bf88025 for containerID=#27 failed. Corresponding entry not found.
2021-08-14 14:05:30,368 [EventQueue-DeleteBlockStatusForDeletedBlockLogImpl] DEBUG block.DeletedBlockLogImpl (DeletedBlockLogImpl.java:isTransactionFailed(278)) - Got block deletion ACK from datanode, TXIDs=28, success=true
2021-08-14 14:05:30,368 [EventQueue-DeleteBlockStatusForDeletedBlockLogImpl] DEBUG block.DeletedBlockLogImpl (DeletedBlockLogImpl.java:commitTransactions(224)) - Transaction txId=28 commit by dnId=a3a688a0-b759-42a1-9d42-7ea63bf88025 for containerID=#28 failed. Corresponding entry not found.
2021-08-14 14:05:30,368 [EventQueue-DeleteBlockStatusForDeletedBlockLogImpl] DEBUG block.DeletedBlockLogImpl (DeletedBlockLogImpl.java:isTransactionFailed(278)) - Got block deletion ACK from datanode, TXIDs=29, success=true
2021-08-14 14:05:30,368 [EventQueue-DeleteBlockStatusForDeletedBlockLogImpl] DEBUG block.DeletedBlockLogImpl (DeletedBlockLogImpl.java:commitTransactions(224)) - Transaction txId=29 commit by dnId=a3a688a0-b759-42a1-9d42-7ea63bf88025 for containerID=#29 failed. Corresponding entry not found.
2021-08-14 14:05:30,368 [EventQueue-DeleteBlockStatusForDeletedBlockLogImpl] DEBUG block.DeletedBlockLogImpl (DeletedBlockLogImpl.java:isTransactionFailed(278)) - Got block deletion ACK from datanode, TXIDs=30, success=true
2021-08-14 14:05:30,376 [EventQueue-DeleteBlockStatusForDeletedBlockLogImpl] DEBUG block.DeletedBlockLogImpl (DeletedBlockLogImpl.java:commitTransactions(224)) - Transaction txId=30 commit by dnId=a3a688a0-b759-42a1-9d42-7ea63bf88025 for containerID=#30 failed. Corresponding entry not found.
2021-08-14 14:05:30,376 [EventQueue-DeleteBlockStatusForDeletedBlockLogImpl] DEBUG block.DeletedBlockLogImpl (DeletedBlockLogImpl.java:isTransactionFailed(278)) - Got block deletion ACK from datanode, TXIDs=31, success=true
2021-08-14 14:05:30,376 [EventQueue-DeleteBlockStatusForDeletedBlockLogImpl] DEBUG block.DeletedBlockLogImpl (DeletedBlockLogImpl.java:commitTransactions(224)) - Transaction txId=31 commit by dnId=a3a688a0-b759-42a1-9d42-7ea63bf88025 for containerID=#31 failed. Corresponding entry not found.
2021-08-14 14:05:30,376 [EventQueue-DeleteBlockStatusForDeletedBlockLogImpl] DEBUG block.DeletedBlockLogImpl (DeletedBlockLogImpl.java:isTransactionFailed(278)) - Got block deletion ACK from datanode, TXIDs=32, success=true
2021-08-14 14:05:30,376 [EventQueue-DeleteBlockStatusForDeletedBlockLogImpl] DEBUG block.DeletedBlockLogImpl (DeletedBlockLogImpl.java:commitTransactions(224)) - Transaction txId=32 commit by dnId=a3a688a0-b759-42a1-9d42-7ea63bf88025 for containerID=#32 failed. Corresponding entry not found.
2021-08-14 14:05:30,376 [EventQueue-DeleteBlockStatusForDeletedBlockLogImpl] DEBUG block.DeletedBlockLogImpl (DeletedBlockLogImpl.java:isTransactionFailed(278)) - Got block deletion ACK from datanode, TXIDs=33, success=true
2021-08-14 14:05:30,376 [EventQueue-DeleteBlockStatusForDeletedBlockLogImpl] DEBUG block.DeletedBlockLogImpl (DeletedBlockLogImpl.java:commitTransactions(224)) - Transaction txId=33 commit by dnId=a3a688a0-b759-42a1-9d42-7ea63bf88025 for containerID=#33 failed. Corresponding entry not found.
2021-08-14 14:05:30,376 [EventQueue-DeleteBlockStatusForDeletedBlockLogImpl] DEBUG block.DeletedBlockLogImpl (DeletedBlockLogImpl.java:isTransactionFailed(278)) - Got block deletion ACK from datanode, TXIDs=34, success=true
2021-08-14 14:05:30,376 [EventQueue-DeleteBlockStatusForDeletedBlockLogImpl] DEBUG block.DeletedBlockLogImpl (DeletedBlockLogImpl.java:commitTransactions(224)) - Transaction txId=34 commit by dnId=a3a688a0-b759-42a1-9d42-7ea63bf88025 for containerID=#34 failed. Corresponding entry not found.
2021-08-14 14:05:30,376 [EventQueue-DeleteBlockStatusForDeletedBlockLogImpl] DEBUG block.DeletedBlockLogImpl (DeletedBlockLogImpl.java:isTransactionFailed(278)) - Got block deletion ACK from datanode, TXIDs=35, success=true
2021-08-14 14:05:30,377 [EventQueue-DeleteBlockStatusForDeletedBlockLogImpl] DEBUG block.DeletedBlockLogImpl (DeletedBlockLogImpl.java:commitTransactions(224)) - Transaction txId=35 commit by dnId=a3a688a0-b759-42a1-9d42-7ea63bf88025 for containerID=#35 failed. Corresponding entry not found.
2021-08-14 14:05:30,377 [EventQueue-DeleteBlockStatusForDeletedBlockLogImpl] DEBUG block.DeletedBlockLogImpl (DeletedBlockLogImpl.java:isTransactionFailed(278)) - Got block deletion ACK from datanode, TXIDs=36, success=true
2021-08-14 14:05:30,377 [EventQueue-DeleteBlockStatusForDeletedBlockLogImpl] DEBUG block.DeletedBlockLogImpl (DeletedBlockLogImpl.java:commitTransactions(224)) - Transaction txId=36 commit by dnId=a3a688a0-b759-42a1-9d42-7ea63bf88025 for containerID=#36 failed. Corresponding entry not found.
2021-08-14 14:05:30,377 [EventQueue-DeleteBlockStatusForDeletedBlockLogImpl] DEBUG block.DeletedBlockLogImpl (DeletedBlockLogImpl.java:isTransactionFailed(278)) - Got block deletion ACK from datanode, TXIDs=37, success=true
2021-08-14 14:05:30,377 [EventQueue-DeleteBlockStatusForDeletedBlockLogImpl] DEBUG block.DeletedBlockLogImpl (DeletedBlockLogImpl.java:commitTransactions(224)) - Transaction txId=37 commit by dnId=a3a688a0-b759-42a1-9d42-7ea63bf88025 for containerID=#37 failed. Corresponding entry not found.
2021-08-14 14:05:30,377 [EventQueue-DeleteBlockStatusForDeletedBlockLogImpl] DEBUG block.DeletedBlockLogImpl (DeletedBlockLogImpl.java:isTransactionFailed(278)) - Got block deletion ACK from datanode, TXIDs=38, success=true
2021-08-14 14:05:30,377 [EventQueue-DeleteBlockStatusForDeletedBlockLogImpl] DEBUG block.DeletedBlockLogImpl (DeletedBlockLogImpl.java:commitTransactions(224)) - Transaction txId=38 commit by dnId=a3a688a0-b759-42a1-9d42-7ea63bf88025 for containerID=#38 failed. Corresponding entry not found.
2021-08-14 14:05:30,377 [EventQueue-DeleteBlockStatusForDeletedBlockLogImpl] DEBUG block.DeletedBlockLogImpl (DeletedBlockLogImpl.java:isTransactionFailed(278)) - Got block deletion ACK from datanode, TXIDs=39, success=true
2021-08-14 14:05:30,377 [EventQueue-DeleteBlockStatusForDeletedBlockLogImpl] DEBUG block.DeletedBlockLogImpl (DeletedBlockLogImpl.java:commitTransactions(224)) - Transaction txId=39 commit by dnId=a3a688a0-b759-42a1-9d42-7ea63bf88025 for containerID=#39 failed. Corresponding entry not found.
2021-08-14 14:05:30,377 [EventQueue-DeleteBlockStatusForDeletedBlockLogImpl] DEBUG block.DeletedBlockLogImpl (DeletedBlockLogImpl.java:isTransactionFailed(278)) - Got block deletion ACK from datanode, TXIDs=40, success=true
2021-08-14 14:05:30,377 [EventQueue-DeleteBlockStatusForDeletedBlockLogImpl] DEBUG block.DeletedBlockLogImpl (DeletedBlockLogImpl.java:commitTransactions(224)) - Transaction txId=40 commit by dnId=a3a688a0-b759-42a1-9d42-7ea63bf88025 for containerID=#40 failed. Corresponding entry not found.
2021-08-14 14:05:30,377 [EventQueue-DeleteBlockStatusForDeletedBlockLogImpl] DEBUG block.DeletedBlockLogImpl (DeletedBlockLogImpl.java:isTransactionFailed(278)) - Got block deletion ACK from datanode, TXIDs=41, success=true
2021-08-14 14:05:30,377 [EventQueue-DeleteBlockStatusForDeletedBlockLogImpl] DEBUG block.DeletedBlockLogImpl (DeletedBlockLogImpl.java:commitTransactions(224)) - Transaction txId=41 commit by dnId=a3a688a0-b759-42a1-9d42-7ea63bf88025 for containerID=#41 failed. Corresponding entry not found.
2021-08-14 14:05:30,377 [EventQueue-DeleteBlockStatusForDeletedBlockLogImpl] DEBUG block.DeletedBlockLogImpl (DeletedBlockLogImpl.java:isTransactionFailed(278)) - Got block deletion ACK from datanode, TXIDs=42, success=true
2021-08-14 14:05:30,377 [EventQueue-DeleteBlockStatusForDeletedBlockLogImpl] DEBUG block.DeletedBlockLogImpl (DeletedBlockLogImpl.java:commitTransactions(224)) - Transaction txId=42 commit by dnId=a3a688a0-b759-42a1-9d42-7ea63bf88025 for containerID=#42 failed. Corresponding entry not found.
2021-08-14 14:05:30,377 [EventQueue-DeleteBlockStatusForDeletedBlockLogImpl] DEBUG block.DeletedBlockLogImpl (DeletedBlockLogImpl.java:isTransactionFailed(278)) - Got block deletion ACK from datanode, TXIDs=43, success=true
2021-08-14 14:05:30,377 [EventQueue-DeleteBlockStatusForDeletedBlockLogImpl] DEBUG block.DeletedBlockLogImpl (DeletedBlockLogImpl.java:commitTransactions(224)) - Transaction txId=43 commit by dnId=a3a688a0-b759-42a1-9d42-7ea63bf88025 for containerID=#43 failed. Corresponding entry not found.
2021-08-14 14:05:30,380 [EventQueue-DeleteBlockStatusForDeletedBlockLogImpl] DEBUG block.DeletedBlockLogImpl (DeletedBlockLogImpl.java:isTransactionFailed(278)) - Got block deletion ACK from datanode, TXIDs=44, success=true
2021-08-14 14:05:30,380 [EventQueue-DeleteBlockStatusForDeletedBlockLogImpl] DEBUG block.DeletedBlockLogImpl (DeletedBlockLogImpl.java:commitTransactions(224)) - Transaction txId=44 commit by dnId=a3a688a0-b759-42a1-9d42-7ea63bf88025 for containerID=#44 failed. Corresponding entry not found.
2021-08-14 14:05:30,380 [EventQueue-DeleteBlockStatusForDeletedBlockLogImpl] DEBUG block.DeletedBlockLogImpl (DeletedBlockLogImpl.java:isTransactionFailed(278)) - Got block deletion ACK from datanode, TXIDs=45, success=true
2021-08-14 14:05:30,380 [EventQueue-DeleteBlockStatusForDeletedBlockLogImpl] DEBUG block.DeletedBlockLogImpl (DeletedBlockLogImpl.java:commitTransactions(224)) - Transaction txId=45 commit by dnId=a3a688a0-b759-42a1-9d42-7ea63bf88025 for containerID=#45 failed. Corresponding entry not found.
2021-08-14 14:05:30,380 [EventQueue-DeleteBlockStatusForDeletedBlockLogImpl] DEBUG block.DeletedBlockLogImpl (DeletedBlockLogImpl.java:isTransactionFailed(278)) - Got block deletion ACK from datanode, TXIDs=46, success=true
2021-08-14 14:05:30,380 [EventQueue-DeleteBlockStatusForDeletedBlockLogImpl] DEBUG block.DeletedBlockLogImpl (DeletedBlockLogImpl.java:commitTransactions(224)) - Transaction txId=46 commit by dnId=a3a688a0-b759-42a1-9d42-7ea63bf88025 for containerID=#46 failed. Corresponding entry not found.
2021-08-14 14:05:30,380 [EventQueue-DeleteBlockStatusForDeletedBlockLogImpl] DEBUG block.DeletedBlockLogImpl (DeletedBlockLogImpl.java:isTransactionFailed(278)) - Got block deletion ACK from datanode, TXIDs=47, success=true
2021-08-14 14:05:30,380 [EventQueue-DeleteBlockStatusForDeletedBlockLogImpl] DEBUG block.DeletedBlockLogImpl (DeletedBlockLogImpl.java:commitTransactions(224)) - Transaction txId=47 commit by dnId=a3a688a0-b759-42a1-9d42-7ea63bf88025 for containerID=#47 failed. Corresponding entry not found.
2021-08-14 14:05:30,380 [EventQueue-DeleteBlockStatusForDeletedBlockLogImpl] DEBUG block.DeletedBlockLogImpl (DeletedBlockLogImpl.java:isTransactionFailed(278)) - Got block deletion ACK from datanode, TXIDs=48, success=true
2021-08-14 14:05:30,380 [EventQueue-DeleteBlockStatusForDeletedBlockLogImpl] DEBUG block.DeletedBlockLogImpl (DeletedBlockLogImpl.java:commitTransactions(224)) - Transaction txId=48 commit by dnId=a3a688a0-b759-42a1-9d42-7ea63bf88025 for containerID=#48 failed. Corresponding entry not found.
2021-08-14 14:05:30,380 [EventQueue-DeleteBlockStatusForDeletedBlockLogImpl] DEBUG block.DeletedBlockLogImpl (DeletedBlockLogImpl.java:isTransactionFailed(278)) - Got block deletion ACK from datanode, TXIDs=49, success=true
2021-08-14 14:05:30,380 [EventQueue-DeleteBlockStatusForDeletedBlockLogImpl] DEBUG block.DeletedBlockLogImpl (DeletedBlockLogImpl.java:commitTransactions(224)) - Transaction txId=49 commit by dnId=a3a688a0-b759-42a1-9d42-7ea63bf88025 for containerID=#49 failed. Corresponding entry not found.
2021-08-14 14:05:30,380 [EventQueue-DeleteBlockStatusForDeletedBlockLogImpl] DEBUG block.DeletedBlockLogImpl (DeletedBlockLogImpl.java:isTransactionFailed(278)) - Got block deletion ACK from datanode, TXIDs=50, success=true
2021-08-14 14:05:30,380 [EventQueue-DeleteBlockStatusForDeletedBlockLogImpl] DEBUG block.DeletedBlockLogImpl (DeletedBlockLogImpl.java:commitTransactions(224)) - Transaction txId=50 commit by dnId=a3a688a0-b759-42a1-9d42-7ea63bf88025 for containerID=#50 failed. Corresponding entry not found.
2021-08-14 14:05:30,383 [EventQueue-DeleteBlockStatusForDeletedBlockLogImpl] DEBUG block.DeletedBlockLogImpl (DeletedBlockLogImpl.java:isTransactionFailed(278)) - Got block deletion ACK from datanode, TXIDs=51, success=true
2021-08-14 14:05:30,383 [EventQueue-DeleteBlockStatusForDeletedBlockLogImpl] DEBUG block.DeletedBlockLogImpl (DeletedBlockLogImpl.java:commitTransactions(224)) - Transaction txId=51 commit by dnId=a3a688a0-b759-42a1-9d42-7ea63bf88025 for containerID=#51 failed. Corresponding entry not found.
2021-08-14 14:05:30,383 [EventQueue-DeleteBlockStatusForDeletedBlockLogImpl] DEBUG block.DeletedBlockLogImpl (DeletedBlockLogImpl.java:isTransactionFailed(278)) - Got block deletion ACK from datanode, TXIDs=52, success=true
2021-08-14 14:05:30,383 [EventQueue-DeleteBlockStatusForDeletedBlockLogImpl] DEBUG block.DeletedBlockLogImpl (DeletedBlockLogImpl.java:commitTransactions(224)) - Transaction txId=52 commit by dnId=a3a688a0-b759-42a1-9d42-7ea63bf88025 for containerID=#52 failed. Corresponding entry not found.
2021-08-14 14:05:30,383 [EventQueue-DeleteBlockStatusForDeletedBlockLogImpl] DEBUG block.DeletedBlockLogImpl (DeletedBlockLogImpl.java:isTransactionFailed(278)) - Got block deletion ACK from datanode, TXIDs=53, success=true
2021-08-14 14:05:30,383 [EventQueue-DeleteBlockStatusForDeletedBlockLogImpl] DEBUG block.DeletedBlockLogImpl (DeletedBlockLogImpl.java:commitTransactions(224)) - Transaction txId=53 commit by dnId=a3a688a0-b759-42a1-9d42-7ea63bf88025 for containerID=#53 failed. Corresponding entry not found.
2021-08-14 14:05:30,383 [EventQueue-DeleteBlockStatusForDeletedBlockLogImpl] DEBUG block.DeletedBlockLogImpl (DeletedBlockLogImpl.java:isTransactionFailed(278)) - Got block deletion ACK from datanode, TXIDs=54, success=true
2021-08-14 14:05:30,383 [EventQueue-DeleteBlockStatusForDeletedBlockLogImpl] DEBUG block.DeletedBlockLogImpl (DeletedBlockLogImpl.java:commitTransactions(224)) - Transaction txId=54 commit by dnId=a3a688a0-b759-42a1-9d42-7ea63bf88025 for containerID=#54 failed. Corresponding entry not found.
2021-08-14 14:05:30,383 [EventQueue-DeleteBlockStatusForDeletedBlockLogImpl] DEBUG block.DeletedBlockLogImpl (DeletedBlockLogImpl.java:isTransactionFailed(278)) - Got block deletion ACK from datanode, TXIDs=55, success=true
2021-08-14 14:05:30,383 [EventQueue-DeleteBlockStatusForDeletedBlockLogImpl] DEBUG block.DeletedBlockLogImpl (DeletedBlockLogImpl.java:commitTransactions(224)) - Transaction txId=55 commit by dnId=a3a688a0-b759-42a1-9d42-7ea63bf88025 for containerID=#55 failed. Corresponding entry not found.
2021-08-14 14:05:30,383 [EventQueue-DeleteBlockStatusForDeletedBlockLogImpl] DEBUG block.DeletedBlockLogImpl (DeletedBlockLogImpl.java:isTransactionFailed(278)) - Got block deletion ACK from datanode, TXIDs=56, success=true
2021-08-14 14:05:30,383 [EventQueue-DeleteBlockStatusForDeletedBlockLogImpl] DEBUG block.DeletedBlockLogImpl (DeletedBlockLogImpl.java:commitTransactions(224)) - Transaction txId=56 commit by dnId=a3a688a0-b759-42a1-9d42-7ea63bf88025 for containerID=#56 failed. Corresponding entry not found.
2021-08-14 14:05:30,383 [EventQueue-DeleteBlockStatusForDeletedBlockLogImpl] DEBUG block.DeletedBlockLogImpl (DeletedBlockLogImpl.java:isTransactionFailed(278)) - Got block deletion ACK from datanode, TXIDs=19, success=true
2021-08-14 14:05:30,383 [EventQueue-DeleteBlockStatusForDeletedBlockLogImpl] DEBUG block.DeletedBlockLogImpl (DeletedBlockLogImpl.java:commitTransactions(224)) - Transaction txId=19 commit by dnId=a3a688a0-b759-42a1-9d42-7ea63bf88025 for containerID=#19 failed. Corresponding entry not found.
2021-08-14 14:05:30,384 [EventQueue-DeleteBlockStatusForDeletedBlockLogImpl] DEBUG block.DeletedBlockLogImpl (DeletedBlockLogImpl.java:isTransactionFailed(278)) - Got block deletion ACK from datanode, TXIDs=20, success=true
2021-08-14 14:05:30,384 [EventQueue-DeleteBlockStatusForDeletedBlockLogImpl] DEBUG block.DeletedBlockLogImpl (DeletedBlockLogImpl.java:commitTransactions(224)) - Transaction txId=20 commit by dnId=a3a688a0-b759-42a1-9d42-7ea63bf88025 for containerID=#20 failed. Corresponding entry not found.
2021-08-14 14:05:30,384 [EventQueue-DeleteBlockStatusForDeletedBlockLogImpl] DEBUG block.DeletedBlockLogImpl (DeletedBlockLogImpl.java:isTransactionFailed(278)) - Got block deletion ACK from datanode, TXIDs=21, success=true
2021-08-14 14:05:30,384 [EventQueue-DeleteBlockStatusForDeletedBlockLogImpl] DEBUG block.DeletedBlockLogImpl (DeletedBlockLogImpl.java:commitTransactions(224)) - Transaction txId=21 commit by dnId=a3a688a0-b759-42a1-9d42-7ea63bf88025 for containerID=#21 failed. Corresponding entry not found.
2021-08-14 14:05:30,384 [EventQueue-DeleteBlockStatusForDeletedBlockLogImpl] DEBUG block.DeletedBlockLogImpl (DeletedBlockLogImpl.java:isTransactionFailed(278)) - Got block deletion ACK from datanode, TXIDs=22, success=true
2021-08-14 14:05:30,384 [EventQueue-DeleteBlockStatusForDeletedBlockLogImpl] DEBUG block.DeletedBlockLogImpl (DeletedBlockLogImpl.java:commitTransactions(224)) - Transaction txId=22 commit by dnId=a3a688a0-b759-42a1-9d42-7ea63bf88025 for containerID=#22 failed. Corresponding entry not found.
2021-08-14 14:05:30,384 [EventQueue-DeleteBlockStatusForDeletedBlockLogImpl] DEBUG block.DeletedBlockLogImpl (DeletedBlockLogImpl.java:isTransactionFailed(278)) - Got block deletion ACK from datanode, TXIDs=23, success=true
2021-08-14 14:05:30,384 [EventQueue-DeleteBlockStatusForDeletedBlockLogImpl] DEBUG block.DeletedBlockLogImpl (DeletedBlockLogImpl.java:commitTransactions(224)) - Transaction txId=23 commit by dnId=a3a688a0-b759-42a1-9d42-7ea63bf88025 for containerID=#23 failed. Corresponding entry not found.
2021-08-14 14:05:30,384 [EventQueue-DeleteBlockStatusForDeletedBlockLogImpl] DEBUG block.DeletedBlockLogImpl (DeletedBlockLogImpl.java:isTransactionFailed(278)) - Got block deletion ACK from datanode, TXIDs=24, success=true
2021-08-14 14:05:30,384 [EventQueue-DeleteBlockStatusForDeletedBlockLogImpl] DEBUG block.DeletedBlockLogImpl (DeletedBlockLogImpl.java:commitTransactions(224)) - Transaction txId=24 commit by dnId=a3a688a0-b759-42a1-9d42-7ea63bf88025 for containerID=#24 failed. Corresponding entry not found.
2021-08-14 14:05:30,384 [EventQueue-DeleteBlockStatusForDeletedBlockLogImpl] DEBUG block.DeletedBlockLogImpl (DeletedBlockLogImpl.java:isTransactionFailed(278)) - Got block deletion ACK from datanode, TXIDs=25, success=true
2021-08-14 14:05:30,384 [EventQueue-DeleteBlockStatusForDeletedBlockLogImpl] DEBUG block.DeletedBlockLogImpl (DeletedBlockLogImpl.java:commitTransactions(224)) - Transaction txId=25 commit by dnId=a3a688a0-b759-42a1-9d42-7ea63bf88025 for containerID=#25 failed. Corresponding entry not found.
2021-08-14 14:05:30,384 [EventQueue-DeleteBlockStatusForDeletedBlockLogImpl] DEBUG block.DeletedBlockLogImpl (DeletedBlockLogImpl.java:isTransactionFailed(278)) - Got block deletion ACK from datanode, TXIDs=26, success=true
2021-08-14 14:05:30,384 [EventQueue-DeleteBlockStatusForDeletedBlockLogImpl] DEBUG block.DeletedBlockLogImpl (DeletedBlockLogImpl.java:commitTransactions(224)) - Transaction txId=26 commit by dnId=a3a688a0-b759-42a1-9d42-7ea63bf88025 for containerID=#26 failed. Corresponding entry not found.
2021-08-14 14:05:30,384 [EventQueue-DeleteBlockStatusForDeletedBlockLogImpl] DEBUG block.DeletedBlockLogImpl (DeletedBlockLogImpl.java:isTransactionFailed(278)) - Got block deletion ACK from datanode, TXIDs=27, success=true
2021-08-14 14:05:30,384 [EventQueue-DeleteBlockStatusForDeletedBlockLogImpl] DEBUG block.DeletedBlockLogImpl (DeletedBlockLogImpl.java:commitTransactions(224)) - Transaction txId=27 commit by dnId=a3a688a0-b759-42a1-9d42-7ea63bf88025 for containerID=#27 failed. Corresponding entry not found.
2021-08-14 14:05:30,384 [EventQueue-DeleteBlockStatusForDeletedBlockLogImpl] DEBUG block.DeletedBlockLogImpl (DeletedBlockLogImpl.java:isTransactionFailed(278)) - Got block deletion ACK from datanode, TXIDs=28, success=true
2021-08-14 14:05:30,384 [EventQueue-DeleteBlockStatusForDeletedBlockLogImpl] DEBUG block.DeletedBlockLogImpl (DeletedBlockLogImpl.java:commitTransactions(224)) - Transaction txId=28 commit by dnId=a3a688a0-b759-42a1-9d42-7ea63bf88025 for containerID=#28 failed. Corresponding entry not found.
2021-08-14 14:05:30,384 [EventQueue-DeleteBlockStatusForDeletedBlockLogImpl] DEBUG block.DeletedBlockLogImpl (DeletedBlockLogImpl.java:isTransactionFailed(278)) - Got block deletion ACK from datanode, TXIDs=29, success=true
2021-08-14 14:05:30,384 [EventQueue-DeleteBlockStatusForDeletedBlockLogImpl] DEBUG block.DeletedBlockLogImpl (DeletedBlockLogImpl.java:commitTransactions(224)) - Transaction txId=29 commit by dnId=a3a688a0-b759-42a1-9d42-7ea63bf88025 for containerID=#29 failed. Corresponding entry not found.
2021-08-14 14:05:30,384 [EventQueue-DeleteBlockStatusForDeletedBlockLogImpl] DEBUG block.DeletedBlockLogImpl (DeletedBlockLogImpl.java:isTransactionFailed(278)) - Got block deletion ACK from datanode, TXIDs=30, success=true
2021-08-14 14:05:30,384 [EventQueue-DeleteBlockStatusForDeletedBlockLogImpl] DEBUG block.DeletedBlockLogImpl (DeletedBlockLogImpl.java:commitTransactions(224)) - Transaction txId=30 commit by dnId=a3a688a0-b759-42a1-9d42-7ea63bf88025 for containerID=#30 failed. Corresponding entry not found.
2021-08-14 14:05:30,384 [EventQueue-DeleteBlockStatusForDeletedBlockLogImpl] DEBUG block.DeletedBlockLogImpl (DeletedBlockLogImpl.java:isTransactionFailed(278)) - Got block deletion ACK from datanode, TXIDs=31, success=true
2021-08-14 14:05:30,384 [EventQueue-DeleteBlockStatusForDeletedBlockLogImpl] DEBUG block.DeletedBlockLogImpl (DeletedBlockLogImpl.java:commitTransactions(224)) - Transaction txId=31 commit by dnId=a3a688a0-b759-42a1-9d42-7ea63bf88025 for containerID=#31 failed. Corresponding entry not found.
2021-08-14 14:05:30,385 [EventQueue-DeleteBlockStatusForDeletedBlockLogImpl] DEBUG block.DeletedBlockLogImpl (DeletedBlockLogImpl.java:isTransactionFailed(278)) - Got block deletion ACK from datanode, TXIDs=32, success=true
2021-08-14 14:05:30,385 [EventQueue-DeleteBlockStatusForDeletedBlockLogImpl] DEBUG block.DeletedBlockLogImpl (DeletedBlockLogImpl.java:commitTransactions(224)) - Transaction txId=32 commit by dnId=a3a688a0-b759-42a1-9d42-7ea63bf88025 for containerID=#32 failed. Corresponding entry not found.
2021-08-14 14:05:30,385 [EventQueue-DeleteBlockStatusForDeletedBlockLogImpl] DEBUG block.DeletedBlockLogImpl (DeletedBlockLogImpl.java:isTransactionFailed(278)) - Got block deletion ACK from datanode, TXIDs=33, success=true
2021-08-14 14:05:30,385 [EventQueue-DeleteBlockStatusForDeletedBlockLogImpl] DEBUG block.DeletedBlockLogImpl (DeletedBlockLogImpl.java:commitTransactions(224)) - Transaction txId=33 commit by dnId=a3a688a0-b759-42a1-9d42-7ea63bf88025 for containerID=#33 failed. Corresponding entry not found.
2021-08-14 14:05:30,385 [EventQueue-DeleteBlockStatusForDeletedBlockLogImpl] DEBUG block.DeletedBlockLogImpl (DeletedBlockLogImpl.java:isTransactionFailed(278)) - Got block deletion ACK from datanode, TXIDs=34, success=true
2021-08-14 14:05:30,385 [EventQueue-DeleteBlockStatusForDeletedBlockLogImpl] DEBUG block.DeletedBlockLogImpl (DeletedBlockLogImpl.java:commitTransactions(224)) - Transaction txId=34 commit by dnId=a3a688a0-b759-42a1-9d42-7ea63bf88025 for containerID=#34 failed. Corresponding entry not found.
2021-08-14 14:05:30,385 [EventQueue-DeleteBlockStatusForDeletedBlockLogImpl] DEBUG block.DeletedBlockLogImpl (DeletedBlockLogImpl.java:isTransactionFailed(278)) - Got block deletion ACK from datanode, TXIDs=35, success=true
2021-08-14 14:05:30,385 [EventQueue-DeleteBlockStatusForDeletedBlockLogImpl] DEBUG block.DeletedBlockLogImpl (DeletedBlockLogImpl.java:commitTransactions(224)) - Transaction txId=35 commit by dnId=a3a688a0-b759-42a1-9d42-7ea63bf88025 for containerID=#35 failed. Corresponding entry not found.
2021-08-14 14:05:30,385 [EventQueue-DeleteBlockStatusForDeletedBlockLogImpl] DEBUG block.DeletedBlockLogImpl (DeletedBlockLogImpl.java:isTransactionFailed(278)) - Got block deletion ACK from datanode, TXIDs=36, success=true
2021-08-14 14:05:30,385 [EventQueue-DeleteBlockStatusForDeletedBlockLogImpl] DEBUG block.DeletedBlockLogImpl (DeletedBlockLogImpl.java:commitTransactions(224)) - Transaction txId=36 commit by dnId=a3a688a0-b759-42a1-9d42-7ea63bf88025 for containerID=#36 failed. Corresponding entry not found.
2021-08-14 14:05:30,385 [EventQueue-DeleteBlockStatusForDeletedBlockLogImpl] DEBUG block.DeletedBlockLogImpl (DeletedBlockLogImpl.java:isTransactionFailed(278)) - Got block deletion ACK from datanode, TXIDs=37, success=true
2021-08-14 14:05:30,385 [EventQueue-DeleteBlockStatusForDeletedBlockLogImpl] DEBUG block.DeletedBlockLogImpl (DeletedBlockLogImpl.java:commitTransactions(224)) - Transaction txId=37 commit by dnId=a3a688a0-b759-42a1-9d42-7ea63bf88025 for containerID=#37 failed. Corresponding entry not found.
2021-08-14 14:05:30,385 [EventQueue-DeleteBlockStatusForDeletedBlockLogImpl] DEBUG block.DeletedBlockLogImpl (DeletedBlockLogImpl.java:isTransactionFailed(278)) - Got block deletion ACK from datanode, TXIDs=38, success=true
2021-08-14 14:05:30,385 [EventQueue-DeleteBlockStatusForDeletedBlockLogImpl] DEBUG block.DeletedBlockLogImpl (DeletedBlockLogImpl.java:commitTransactions(224)) - Transaction txId=38 commit by dnId=a3a688a0-b759-42a1-9d42-7ea63bf88025 for containerID=#38 failed. Corresponding entry not found.
2021-08-14 14:05:30,385 [EventQueue-DeleteBlockStatusForDeletedBlockLogImpl] DEBUG block.DeletedBlockLogImpl (DeletedBlockLogImpl.java:isTransactionFailed(278)) - Got block deletion ACK from datanode, TXIDs=39, success=true
2021-08-14 14:05:30,385 [EventQueue-DeleteBlockStatusForDeletedBlockLogImpl] DEBUG block.DeletedBlockLogImpl (DeletedBlockLogImpl.java:commitTransactions(224)) - Transaction txId=39 commit by dnId=a3a688a0-b759-42a1-9d42-7ea63bf88025 for containerID=#39 failed. Corresponding entry not found.
2021-08-14 14:05:30,386 [EventQueue-DeleteBlockStatusForDeletedBlockLogImpl] DEBUG block.DeletedBlockLogImpl (DeletedBlockLogImpl.java:isTransactionFailed(278)) - Got block deletion ACK from datanode, TXIDs=40, success=true
2021-08-14 14:05:30,386 [EventQueue-DeleteBlockStatusForDeletedBlockLogImpl] DEBUG block.DeletedBlockLogImpl (DeletedBlockLogImpl.java:commitTransactions(224)) - Transaction txId=40 commit by dnId=a3a688a0-b759-42a1-9d42-7ea63bf88025 for containerID=#40 failed. Corresponding entry not found.
2021-08-14 14:05:30,386 [EventQueue-DeleteBlockStatusForDeletedBlockLogImpl] DEBUG block.DeletedBlockLogImpl (DeletedBlockLogImpl.java:isTransactionFailed(278)) - Got block deletion ACK from datanode, TXIDs=41, success=true
2021-08-14 14:05:30,386 [EventQueue-DeleteBlockStatusForDeletedBlockLogImpl] DEBUG block.DeletedBlockLogImpl (DeletedBlockLogImpl.java:commitTransactions(224)) - Transaction txId=41 commit by dnId=a3a688a0-b759-42a1-9d42-7ea63bf88025 for containerID=#41 failed. Corresponding entry not found.
2021-08-14 14:05:30,386 [EventQueue-DeleteBlockStatusForDeletedBlockLogImpl] DEBUG block.DeletedBlockLogImpl (DeletedBlockLogImpl.java:isTransactionFailed(278)) - Got block deletion ACK from datanode, TXIDs=42, success=true
2021-08-14 14:05:30,386 [EventQueue-DeleteBlockStatusForDeletedBlockLogImpl] DEBUG block.DeletedBlockLogImpl (DeletedBlockLogImpl.java:commitTransactions(224)) - Transaction txId=42 commit by dnId=a3a688a0-b759-42a1-9d42-7ea63bf88025 for containerID=#42 failed. Corresponding entry not found.
2021-08-14 14:05:30,386 [EventQueue-DeleteBlockStatusForDeletedBlockLogImpl] DEBUG block.DeletedBlockLogImpl (DeletedBlockLogImpl.java:isTransactionFailed(278)) - Got block deletion ACK from datanode, TXIDs=43, success=true
2021-08-14 14:05:30,386 [EventQueue-DeleteBlockStatusForDeletedBlockLogImpl] DEBUG block.DeletedBlockLogImpl (DeletedBlockLogImpl.java:commitTransactions(224)) - Transaction txId=43 commit by dnId=a3a688a0-b759-42a1-9d42-7ea63bf88025 for containerID=#43 failed. Corresponding entry not found.
2021-08-14 14:05:30,386 [EventQueue-DeleteBlockStatusForDeletedBlockLogImpl] DEBUG block.DeletedBlockLogImpl (DeletedBlockLogImpl.java:isTransactionFailed(278)) - Got block deletion ACK from datanode, TXIDs=44, success=true
2021-08-14 14:05:30,386 [EventQueue-DeleteBlockStatusForDeletedBlockLogImpl] DEBUG block.DeletedBlockLogImpl (DeletedBlockLogImpl.java:commitTransactions(224)) - Transaction txId=44 commit by dnId=a3a688a0-b759-42a1-9d42-7ea63bf88025 for containerID=#44 failed. Corresponding entry not found.
2021-08-14 14:05:30,386 [EventQueue-DeleteBlockStatusForDeletedBlockLogImpl] DEBUG block.DeletedBlockLogImpl (DeletedBlockLogImpl.java:isTransactionFailed(278)) - Got block deletion ACK from datanode, TXIDs=45, success=true
2021-08-14 14:05:30,387 [EventQueue-DeleteBlockStatusForDeletedBlockLogImpl] DEBUG block.DeletedBlockLogImpl (DeletedBlockLogImpl.java:commitTransactions(224)) - Transaction txId=45 commit by dnId=a3a688a0-b759-42a1-9d42-7ea63bf88025 for containerID=#45 failed. Corresponding entry not found.
2021-08-14 14:05:30,387 [EventQueue-DeleteBlockStatusForDeletedBlockLogImpl] DEBUG block.DeletedBlockLogImpl (DeletedBlockLogImpl.java:isTransactionFailed(278)) - Got block deletion ACK from datanode, TXIDs=46, success=true
2021-08-14 14:05:30,387 [EventQueue-DeleteBlockStatusForDeletedBlockLogImpl] DEBUG block.DeletedBlockLogImpl (DeletedBlockLogImpl.java:commitTransactions(224)) - Transaction txId=46 commit by dnId=a3a688a0-b759-42a1-9d42-7ea63bf88025 for containerID=#46 failed. Corresponding entry not found.
2021-08-14 14:05:30,388 [EventQueue-DeleteBlockStatusForDeletedBlockLogImpl] DEBUG block.DeletedBlockLogImpl (DeletedBlockLogImpl.java:isTransactionFailed(278)) - Got block deletion ACK from datanode, TXIDs=47, success=true
2021-08-14 14:05:30,389 [SCMBlockDeletingService#0] DEBUG block.SCMBlockDeletingService (SCMBlockDeletingService.java:call(133)) - Running DeletedBlockTransactionScanner
2021-08-14 14:05:30,389 [EventQueue-DeleteBlockStatusForDeletedBlockLogImpl] DEBUG block.DeletedBlockLogImpl (DeletedBlockLogImpl.java:commitTransactions(224)) - Transaction txId=47 commit by dnId=a3a688a0-b759-42a1-9d42-7ea63bf88025 for containerID=#47 failed. Corresponding entry not found.
2021-08-14 14:05:30,389 [EventQueue-DeleteBlockStatusForDeletedBlockLogImpl] DEBUG block.DeletedBlockLogImpl (DeletedBlockLogImpl.java:isTransactionFailed(278)) - Got block deletion ACK from datanode, TXIDs=48, success=true
2021-08-14 14:05:30,389 [EventQueue-DeleteBlockStatusForDeletedBlockLogImpl] DEBUG block.DeletedBlockLogImpl (DeletedBlockLogImpl.java:commitTransactions(224)) - Transaction txId=48 commit by dnId=a3a688a0-b759-42a1-9d42-7ea63bf88025 for containerID=#48 failed. Corresponding entry not found.
2021-08-14 14:05:30,389 [EventQueue-DeleteBlockStatusForDeletedBlockLogImpl] DEBUG block.DeletedBlockLogImpl (DeletedBlockLogImpl.java:isTransactionFailed(278)) - Got block deletion ACK from datanode, TXIDs=49, success=true
2021-08-14 14:05:30,390 [EventQueue-DeleteBlockStatusForDeletedBlockLogImpl] DEBUG block.DeletedBlockLogImpl (DeletedBlockLogImpl.java:commitTransactions(224)) - Transaction txId=49 commit by dnId=a3a688a0-b759-42a1-9d42-7ea63bf88025 for containerID=#49 failed. Corresponding entry not found.
2021-08-14 14:05:30,390 [EventQueue-DeleteBlockStatusForDeletedBlockLogImpl] DEBUG block.DeletedBlockLogImpl (DeletedBlockLogImpl.java:isTransactionFailed(278)) - Got block deletion ACK from datanode, TXIDs=50, success=true
2021-08-14 14:05:30,390 [EventQueue-DeleteBlockStatusForDeletedBlockLogImpl] DEBUG block.DeletedBlockLogImpl (DeletedBlockLogImpl.java:commitTransactions(224)) - Transaction txId=50 commit by dnId=a3a688a0-b759-42a1-9d42-7ea63bf88025 for containerID=#50 failed. Corresponding entry not found.
2021-08-14 14:05:30,390 [EventQueue-DeleteBlockStatusForDeletedBlockLogImpl] DEBUG block.DeletedBlockLogImpl (DeletedBlockLogImpl.java:isTransactionFailed(278)) - Got block deletion ACK from datanode, TXIDs=51, success=true
2021-08-14 14:05:30,390 [EventQueue-DeleteBlockStatusForDeletedBlockLogImpl] DEBUG block.DeletedBlockLogImpl (DeletedBlockLogImpl.java:commitTransactions(224)) - Transaction txId=51 commit by dnId=a3a688a0-b759-42a1-9d42-7ea63bf88025 for containerID=#51 failed. Corresponding entry not found.
2021-08-14 14:05:30,390 [EventQueue-DeleteBlockStatusForDeletedBlockLogImpl] DEBUG block.DeletedBlockLogImpl (DeletedBlockLogImpl.java:isTransactionFailed(278)) - Got block deletion ACK from datanode, TXIDs=52, success=true
2021-08-14 14:05:30,390 [EventQueue-DeleteBlockStatusForDeletedBlockLogImpl] DEBUG block.DeletedBlockLogImpl (DeletedBlockLogImpl.java:commitTransactions(224)) - Transaction txId=52 commit by dnId=a3a688a0-b759-42a1-9d42-7ea63bf88025 for containerID=#52 failed. Corresponding entry not found.
2021-08-14 14:05:30,390 [EventQueue-DeleteBlockStatusForDeletedBlockLogImpl] DEBUG block.DeletedBlockLogImpl (DeletedBlockLogImpl.java:isTransactionFailed(278)) - Got block deletion ACK from datanode, TXIDs=53, success=true
2021-08-14 14:05:30,390 [EventQueue-DeleteBlockStatusForDeletedBlockLogImpl] DEBUG block.DeletedBlockLogImpl (DeletedBlockLogImpl.java:commitTransactions(224)) - Transaction txId=53 commit by dnId=a3a688a0-b759-42a1-9d42-7ea63bf88025 for containerID=#53 failed. Corresponding entry not found.
2021-08-14 14:05:30,390 [EventQueue-DeleteBlockStatusForDeletedBlockLogImpl] DEBUG block.DeletedBlockLogImpl (DeletedBlockLogImpl.java:isTransactionFailed(278)) - Got block deletion ACK from datanode, TXIDs=54, success=true
2021-08-14 14:05:30,390 [EventQueue-DeleteBlockStatusForDeletedBlockLogImpl] DEBUG block.DeletedBlockLogImpl (DeletedBlockLogImpl.java:commitTransactions(224)) - Transaction txId=54 commit by dnId=a3a688a0-b759-42a1-9d42-7ea63bf88025 for containerID=#54 failed. Corresponding entry not found.
2021-08-14 14:05:30,390 [EventQueue-DeleteBlockStatusForDeletedBlockLogImpl] DEBUG block.DeletedBlockLogImpl (DeletedBlockLogImpl.java:isTransactionFailed(278)) - Got block deletion ACK from datanode, TXIDs=55, success=true
2021-08-14 14:05:30,390 [EventQueue-DeleteBlockStatusForDeletedBlockLogImpl] DEBUG block.DeletedBlockLogImpl (DeletedBlockLogImpl.java:commitTransactions(224)) - Transaction txId=55 commit by dnId=a3a688a0-b759-42a1-9d42-7ea63bf88025 for containerID=#55 failed. Corresponding entry not found.
2021-08-14 14:05:30,390 [EventQueue-DeleteBlockStatusForDeletedBlockLogImpl] DEBUG block.DeletedBlockLogImpl (DeletedBlockLogImpl.java:isTransactionFailed(278)) - Got block deletion ACK from datanode, TXIDs=56, success=true
2021-08-14 14:05:30,390 [EventQueue-DeleteBlockStatusForDeletedBlockLogImpl] DEBUG block.DeletedBlockLogImpl (DeletedBlockLogImpl.java:commitTransactions(224)) - Transaction txId=56 commit by dnId=a3a688a0-b759-42a1-9d42-7ea63bf88025 for containerID=#56 failed. Corresponding entry not found.
2021-08-14 14:05:30,390 [EventQueue-DeleteBlockStatusForDeletedBlockLogImpl] DEBUG block.DeletedBlockLogImpl (DeletedBlockLogImpl.java:isTransactionFailed(278)) - Got block deletion ACK from datanode, TXIDs=19, success=true
2021-08-14 14:05:30,390 [EventQueue-DeleteBlockStatusForDeletedBlockLogImpl] DEBUG block.DeletedBlockLogImpl (DeletedBlockLogImpl.java:commitTransactions(224)) - Transaction txId=19 commit by dnId=a3a688a0-b759-42a1-9d42-7ea63bf88025 for containerID=#19 failed. Corresponding entry not found.
2021-08-14 14:05:30,390 [EventQueue-DeleteBlockStatusForDeletedBlockLogImpl] DEBUG block.DeletedBlockLogImpl (DeletedBlockLogImpl.java:isTransactionFailed(278)) - Got block deletion ACK from datanode, TXIDs=20, success=true
2021-08-14 14:05:30,390 [EventQueue-DeleteBlockStatusForDeletedBlockLogImpl] DEBUG block.DeletedBlockLogImpl (DeletedBlockLogImpl.java:commitTransactions(224)) - Transaction txId=20 commit by dnId=a3a688a0-b759-42a1-9d42-7ea63bf88025 for containerID=#20 failed. Corresponding entry not found.
2021-08-14 14:05:30,390 [EventQueue-DeleteBlockStatusForDeletedBlockLogImpl] DEBUG block.DeletedBlockLogImpl (DeletedBlockLogImpl.java:isTransactionFailed(278)) - Got block deletion ACK from datanode, TXIDs=21, success=true
2021-08-14 14:05:30,390 [EventQueue-DeleteBlockStatusForDeletedBlockLogImpl] DEBUG block.DeletedBlockLogImpl (DeletedBlockLogImpl.java:commitTransactions(224)) - Transaction txId=21 commit by dnId=a3a688a0-b759-42a1-9d42-7ea63bf88025 for containerID=#21 failed. Corresponding entry not found.
2021-08-14 14:05:30,390 [EventQueue-DeleteBlockStatusForDeletedBlockLogImpl] DEBUG block.DeletedBlockLogImpl (DeletedBlockLogImpl.java:isTransactionFailed(278)) - Got block deletion ACK from datanode, TXIDs=22, success=true
2021-08-14 14:05:30,391 [EventQueue-DeleteBlockStatusForDeletedBlockLogImpl] DEBUG block.DeletedBlockLogImpl (DeletedBlockLogImpl.java:commitTransactions(224)) - Transaction txId=22 commit by dnId=a3a688a0-b759-42a1-9d42-7ea63bf88025 for containerID=#22 failed. Corresponding entry not found.
2021-08-14 14:05:30,391 [EventQueue-DeleteBlockStatusForDeletedBlockLogImpl] DEBUG block.DeletedBlockLogImpl (DeletedBlockLogImpl.java:isTransactionFailed(278)) - Got block deletion ACK from datanode, TXIDs=23, success=true
2021-08-14 14:05:30,391 [EventQueue-DeleteBlockStatusForDeletedBlockLogImpl] DEBUG block.DeletedBlockLogImpl (DeletedBlockLogImpl.java:commitTransactions(224)) - Transaction txId=23 commit by dnId=a3a688a0-b759-42a1-9d42-7ea63bf88025 for containerID=#23 failed. Corresponding entry not found.
2021-08-14 14:05:30,391 [EventQueue-DeleteBlockStatusForDeletedBlockLogImpl] DEBUG block.DeletedBlockLogImpl (DeletedBlockLogImpl.java:isTransactionFailed(278)) - Got block deletion ACK from datanode, TXIDs=24, success=true
2021-08-14 14:05:30,391 [EventQueue-DeleteBlockStatusForDeletedBlockLogImpl] DEBUG block.DeletedBlockLogImpl (DeletedBlockLogImpl.java:commitTransactions(224)) - Transaction txId=24 commit by dnId=a3a688a0-b759-42a1-9d42-7ea63bf88025 for containerID=#24 failed. Corresponding entry not found.
2021-08-14 14:05:30,391 [EventQueue-DeleteBlockStatusForDeletedBlockLogImpl] DEBUG block.DeletedBlockLogImpl (DeletedBlockLogImpl.java:isTransactionFailed(278)) - Got block deletion ACK from datanode, TXIDs=25, success=true
2021-08-14 14:05:30,391 [EventQueue-DeleteBlockStatusForDeletedBlockLogImpl] DEBUG block.DeletedBlockLogImpl (DeletedBlockLogImpl.java:commitTransactions(224)) - Transaction txId=25 commit by dnId=a3a688a0-b759-42a1-9d42-7ea63bf88025 for containerID=#25 failed. Corresponding entry not found.
2021-08-14 14:05:30,391 [EventQueue-DeleteBlockStatusForDeletedBlockLogImpl] DEBUG block.DeletedBlockLogImpl (DeletedBlockLogImpl.java:isTransactionFailed(278)) - Got block deletion ACK from datanode, TXIDs=26, success=true
2021-08-14 14:05:30,391 [EventQueue-DeleteBlockStatusForDeletedBlockLogImpl] DEBUG block.DeletedBlockLogImpl (DeletedBlockLogImpl.java:commitTransactions(224)) - Transaction txId=26 commit by dnId=a3a688a0-b759-42a1-9d42-7ea63bf88025 for containerID=#26 failed. Corresponding entry not found.
2021-08-14 14:05:30,391 [EventQueue-DeleteBlockStatusForDeletedBlockLogImpl] DEBUG block.DeletedBlockLogImpl (DeletedBlockLogImpl.java:isTransactionFailed(278)) - Got block deletion ACK from datanode, TXIDs=27, success=true
2021-08-14 14:05:30,391 [EventQueue-DeleteBlockStatusForDeletedBlockLogImpl] DEBUG block.DeletedBlockLogImpl (DeletedBlockLogImpl.java:commitTransactions(224)) - Transaction txId=27 commit by dnId=a3a688a0-b759-42a1-9d42-7ea63bf88025 for containerID=#27 failed. Corresponding entry not found.
2021-08-14 14:05:30,391 [EventQueue-DeleteBlockStatusForDeletedBlockLogImpl] DEBUG block.DeletedBlockLogImpl (DeletedBlockLogImpl.java:isTransactionFailed(278)) - Got block deletion ACK from datanode, TXIDs=28, success=true
2021-08-14 14:05:30,391 [EventQueue-DeleteBlockStatusForDeletedBlockLogImpl] DEBUG block.DeletedBlockLogImpl (DeletedBlockLogImpl.java:commitTransactions(224)) - Transaction txId=28 commit by dnId=a3a688a0-b759-42a1-9d42-7ea63bf88025 for containerID=#28 failed. Corresponding entry not found.
2021-08-14 14:05:30,396 [EventQueue-DeleteBlockStatusForDeletedBlockLogImpl] DEBUG block.DeletedBlockLogImpl (DeletedBlockLogImpl.java:isTransactionFailed(278)) - Got block deletion ACK from datanode, TXIDs=29, success=true
2021-08-14 14:05:30,396 [EventQueue-DeleteBlockStatusForDeletedBlockLogImpl] DEBUG block.DeletedBlockLogImpl (DeletedBlockLogImpl.java:commitTransactions(224)) - Transaction txId=29 commit by dnId=a3a688a0-b759-42a1-9d42-7ea63bf88025 for containerID=#29 failed. Corresponding entry not found.
2021-08-14 14:05:30,396 [EventQueue-DeleteBlockStatusForDeletedBlockLogImpl] DEBUG block.DeletedBlockLogImpl (DeletedBlockLogImpl.java:isTransactionFailed(278)) - Got block deletion ACK from datanode, TXIDs=30, success=true
2021-08-14 14:05:30,396 [EventQueue-DeleteBlockStatusForDeletedBlockLogImpl] DEBUG block.DeletedBlockLogImpl (DeletedBlockLogImpl.java:commitTransactions(224)) - Transaction txId=30 commit by dnId=a3a688a0-b759-42a1-9d42-7ea63bf88025 for containerID=#30 failed. Corresponding entry not found.
2021-08-14 14:05:30,396 [EventQueue-DeleteBlockStatusForDeletedBlockLogImpl] DEBUG block.DeletedBlockLogImpl (DeletedBlockLogImpl.java:isTransactionFailed(278)) - Got block deletion ACK from datanode, TXIDs=31, success=true
2021-08-14 14:05:30,396 [EventQueue-DeleteBlockStatusForDeletedBlockLogImpl] DEBUG block.DeletedBlockLogImpl (DeletedBlockLogImpl.java:commitTransactions(224)) - Transaction txId=31 commit by dnId=a3a688a0-b759-42a1-9d42-7ea63bf88025 for containerID=#31 failed. Corresponding entry not found.
2021-08-14 14:05:30,396 [EventQueue-DeleteBlockStatusForDeletedBlockLogImpl] DEBUG block.DeletedBlockLogImpl (DeletedBlockLogImpl.java:isTransactionFailed(278)) - Got block deletion ACK from datanode, TXIDs=32, success=true
2021-08-14 14:05:30,397 [EventQueue-DeleteBlockStatusForDeletedBlockLogImpl] DEBUG block.DeletedBlockLogImpl (DeletedBlockLogImpl.java:commitTransactions(224)) - Transaction txId=32 commit by dnId=a3a688a0-b759-42a1-9d42-7ea63bf88025 for containerID=#32 failed. Corresponding entry not found.
2021-08-14 14:05:30,397 [EventQueue-DeleteBlockStatusForDeletedBlockLogImpl] DEBUG block.DeletedBlockLogImpl (DeletedBlockLogImpl.java:isTransactionFailed(278)) - Got block deletion ACK from datanode, TXIDs=33, success=true
2021-08-14 14:05:30,397 [EventQueue-DeleteBlockStatusForDeletedBlockLogImpl] DEBUG block.DeletedBlockLogImpl (DeletedBlockLogImpl.java:commitTransactions(224)) - Transaction txId=33 commit by dnId=a3a688a0-b759-42a1-9d42-7ea63bf88025 for containerID=#33 failed. Corresponding entry not found.
2021-08-14 14:05:30,397 [EventQueue-DeleteBlockStatusForDeletedBlockLogImpl] DEBUG block.DeletedBlockLogImpl (DeletedBlockLogImpl.java:isTransactionFailed(278)) - Got block deletion ACK from datanode, TXIDs=34, success=true
2021-08-14 14:05:30,397 [EventQueue-DeleteBlockStatusForDeletedBlockLogImpl] DEBUG block.DeletedBlockLogImpl (DeletedBlockLogImpl.java:commitTransactions(224)) - Transaction txId=34 commit by dnId=a3a688a0-b759-42a1-9d42-7ea63bf88025 for containerID=#34 failed. Corresponding entry not found.
2021-08-14 14:05:30,397 [EventQueue-DeleteBlockStatusForDeletedBlockLogImpl] DEBUG block.DeletedBlockLogImpl (DeletedBlockLogImpl.java:isTransactionFailed(278)) - Got block deletion ACK from datanode, TXIDs=35, success=true
2021-08-14 14:05:30,397 [EventQueue-DeleteBlockStatusForDeletedBlockLogImpl] DEBUG block.DeletedBlockLogImpl (DeletedBlockLogImpl.java:commitTransactions(224)) - Transaction txId=35 commit by dnId=a3a688a0-b759-42a1-9d42-7ea63bf88025 for containerID=#35 failed. Corresponding entry not found.
2021-08-14 14:05:30,397 [EventQueue-DeleteBlockStatusForDeletedBlockLogImpl] DEBUG block.DeletedBlockLogImpl (DeletedBlockLogImpl.java:isTransactionFailed(278)) - Got block deletion ACK from datanode, TXIDs=36, success=true
2021-08-14 14:05:30,397 [EventQueue-DeleteBlockStatusForDeletedBlockLogImpl] DEBUG block.DeletedBlockLogImpl (DeletedBlockLogImpl.java:commitTransactions(224)) - Transaction txId=36 commit by dnId=a3a688a0-b759-42a1-9d42-7ea63bf88025 for containerID=#36 failed. Corresponding entry not found.
2021-08-14 14:05:30,397 [EventQueue-DeleteBlockStatusForDeletedBlockLogImpl] DEBUG block.DeletedBlockLogImpl (DeletedBlockLogImpl.java:isTransactionFailed(278)) - Got block deletion ACK from datanode, TXIDs=37, success=true
2021-08-14 14:05:30,397 [EventQueue-DeleteBlockStatusForDeletedBlockLogImpl] DEBUG block.DeletedBlockLogImpl (DeletedBlockLogImpl.java:commitTransactions(224)) - Transaction txId=37 commit by dnId=a3a688a0-b759-42a1-9d42-7ea63bf88025 for containerID=#37 failed. Corresponding entry not found.
2021-08-14 14:05:30,397 [EventQueue-DeleteBlockStatusForDeletedBlockLogImpl] DEBUG block.DeletedBlockLogImpl (DeletedBlockLogImpl.java:isTransactionFailed(278)) - Got block deletion ACK from datanode, TXIDs=38, success=true
2021-08-14 14:05:30,397 [EventQueue-DeleteBlockStatusForDeletedBlockLogImpl] DEBUG block.DeletedBlockLogImpl (DeletedBlockLogImpl.java:commitTransactions(224)) - Transaction txId=38 commit by dnId=a3a688a0-b759-42a1-9d42-7ea63bf88025 for containerID=#38 failed. Corresponding entry not found.
2021-08-14 14:05:30,397 [EventQueue-DeleteBlockStatusForDeletedBlockLogImpl] DEBUG block.DeletedBlockLogImpl (DeletedBlockLogImpl.java:isTransactionFailed(278)) - Got block deletion ACK from datanode, TXIDs=39, success=true
2021-08-14 14:05:30,397 [EventQueue-DeleteBlockStatusForDeletedBlockLogImpl] DEBUG block.DeletedBlockLogImpl (DeletedBlockLogImpl.java:commitTransactions(224)) - Transaction txId=39 commit by dnId=a3a688a0-b759-42a1-9d42-7ea63bf88025 for containerID=#39 failed. Corresponding entry not found.
2021-08-14 14:05:30,397 [EventQueue-DeleteBlockStatusForDeletedBlockLogImpl] DEBUG block.DeletedBlockLogImpl (DeletedBlockLogImpl.java:isTransactionFailed(278)) - Got block deletion ACK from datanode, TXIDs=40, success=true
2021-08-14 14:05:30,397 [EventQueue-DeleteBlockStatusForDeletedBlockLogImpl] DEBUG block.DeletedBlockLogImpl (DeletedBlockLogImpl.java:commitTransactions(224)) - Transaction txId=40 commit by dnId=a3a688a0-b759-42a1-9d42-7ea63bf88025 for containerID=#40 failed. Corresponding entry not found.
2021-08-14 14:05:30,397 [EventQueue-DeleteBlockStatusForDeletedBlockLogImpl] DEBUG block.DeletedBlockLogImpl (DeletedBlockLogImpl.java:isTransactionFailed(278)) - Got block deletion ACK from datanode, TXIDs=41, success=true
2021-08-14 14:05:30,397 [EventQueue-DeleteBlockStatusForDeletedBlockLogImpl] DEBUG block.DeletedBlockLogImpl (DeletedBlockLogImpl.java:commitTransactions(224)) - Transaction txId=41 commit by dnId=a3a688a0-b759-42a1-9d42-7ea63bf88025 for containerID=#41 failed. Corresponding entry not found.
2021-08-14 14:05:30,397 [EventQueue-DeleteBlockStatusForDeletedBlockLogImpl] DEBUG block.DeletedBlockLogImpl (DeletedBlockLogImpl.java:isTransactionFailed(278)) - Got block deletion ACK from datanode, TXIDs=42, success=true
2021-08-14 14:05:30,397 [EventQueue-DeleteBlockStatusForDeletedBlockLogImpl] DEBUG block.DeletedBlockLogImpl (DeletedBlockLogImpl.java:commitTransactions(224)) - Transaction txId=42 commit by dnId=a3a688a0-b759-42a1-9d42-7ea63bf88025 for containerID=#42 failed. Corresponding entry not found.
2021-08-14 14:05:30,397 [EventQueue-DeleteBlockStatusForDeletedBlockLogImpl] DEBUG block.DeletedBlockLogImpl (DeletedBlockLogImpl.java:isTransactionFailed(278)) - Got block deletion ACK from datanode, TXIDs=43, success=true
2021-08-14 14:05:30,397 [EventQueue-DeleteBlockStatusForDeletedBlockLogImpl] DEBUG block.DeletedBlockLogImpl (DeletedBlockLogImpl.java:commitTransactions(224)) - Transaction txId=43 commit by dnId=a3a688a0-b759-42a1-9d42-7ea63bf88025 for containerID=#43 failed. Corresponding entry not found.
2021-08-14 14:05:30,397 [EventQueue-DeleteBlockStatusForDeletedBlockLogImpl] DEBUG block.DeletedBlockLogImpl (DeletedBlockLogImpl.java:isTransactionFailed(278)) - Got block deletion ACK from datanode, TXIDs=44, success=true
2021-08-14 14:05:30,398 [EventQueue-DeleteBlockStatusForDeletedBlockLogImpl] DEBUG block.DeletedBlockLogImpl (DeletedBlockLogImpl.java:commitTransactions(224)) - Transaction txId=44 commit by dnId=a3a688a0-b759-42a1-9d42-7ea63bf88025 for containerID=#44 failed. Corresponding entry not found.
2021-08-14 14:05:30,398 [EventQueue-DeleteBlockStatusForDeletedBlockLogImpl] DEBUG block.DeletedBlockLogImpl (DeletedBlockLogImpl.java:isTransactionFailed(278)) - Got block deletion ACK from datanode, TXIDs=45, success=true
2021-08-14 14:05:30,398 [EventQueue-DeleteBlockStatusForDeletedBlockLogImpl] DEBUG block.DeletedBlockLogImpl (DeletedBlockLogImpl.java:commitTransactions(224)) - Transaction txId=45 commit by dnId=a3a688a0-b759-42a1-9d42-7ea63bf88025 for containerID=#45 failed. Corresponding entry not found.
2021-08-14 14:05:30,398 [EventQueue-DeleteBlockStatusForDeletedBlockLogImpl] DEBUG block.DeletedBlockLogImpl (DeletedBlockLogImpl.java:isTransactionFailed(278)) - Got block deletion ACK from datanode, TXIDs=46, success=true
2021-08-14 14:05:30,398 [EventQueue-DeleteBlockStatusForDeletedBlockLogImpl] DEBUG block.DeletedBlockLogImpl (DeletedBlockLogImpl.java:commitTransactions(224)) - Transaction txId=46 commit by dnId=a3a688a0-b759-42a1-9d42-7ea63bf88025 for containerID=#46 failed. Corresponding entry not found.
2021-08-14 14:05:30,398 [EventQueue-DeleteBlockStatusForDeletedBlockLogImpl] DEBUG block.DeletedBlockLogImpl (DeletedBlockLogImpl.java:isTransactionFailed(278)) - Got block deletion ACK from datanode, TXIDs=47, success=true
2021-08-14 14:05:30,398 [EventQueue-DeleteBlockStatusForDeletedBlockLogImpl] DEBUG block.DeletedBlockLogImpl (DeletedBlockLogImpl.java:commitTransactions(224)) - Transaction txId=47 commit by dnId=a3a688a0-b759-42a1-9d42-7ea63bf88025 for containerID=#47 failed. Corresponding entry not found.
2021-08-14 14:05:30,398 [EventQueue-DeleteBlockStatusForDeletedBlockLogImpl] DEBUG block.DeletedBlockLogImpl (DeletedBlockLogImpl.java:isTransactionFailed(278)) - Got block deletion ACK from datanode, TXIDs=48, success=true
2021-08-14 14:05:30,398 [EventQueue-DeleteBlockStatusForDeletedBlockLogImpl] DEBUG block.DeletedBlockLogImpl (DeletedBlockLogImpl.java:commitTransactions(224)) - Transaction txId=48 commit by dnId=a3a688a0-b759-42a1-9d42-7ea63bf88025 for containerID=#48 failed. Corresponding entry not found.
2021-08-14 14:05:30,398 [EventQueue-DeleteBlockStatusForDeletedBlockLogImpl] DEBUG block.DeletedBlockLogImpl (DeletedBlockLogImpl.java:isTransactionFailed(278)) - Got block deletion ACK from datanode, TXIDs=49, success=true
2021-08-14 14:05:30,398 [EventQueue-DeleteBlockStatusForDeletedBlockLogImpl] DEBUG block.DeletedBlockLogImpl (DeletedBlockLogImpl.java:commitTransactions(224)) - Transaction txId=49 commit by dnId=a3a688a0-b759-42a1-9d42-7ea63bf88025 for containerID=#49 failed. Corresponding entry not found.
2021-08-14 14:05:30,398 [EventQueue-DeleteBlockStatusForDeletedBlockLogImpl] DEBUG block.DeletedBlockLogImpl (DeletedBlockLogImpl.java:isTransactionFailed(278)) - Got block deletion ACK from datanode, TXIDs=50, success=true
2021-08-14 14:05:30,398 [EventQueue-DeleteBlockStatusForDeletedBlockLogImpl] DEBUG block.DeletedBlockLogImpl (DeletedBlockLogImpl.java:commitTransactions(224)) - Transaction txId=50 commit by dnId=a3a688a0-b759-42a1-9d42-7ea63bf88025 for containerID=#50 failed. Corresponding entry not found.
2021-08-14 14:05:30,398 [EventQueue-DeleteBlockStatusForDeletedBlockLogImpl] DEBUG block.DeletedBlockLogImpl (DeletedBlockLogImpl.java:isTransactionFailed(278)) - Got block deletion ACK from datanode, TXIDs=51, success=true
2021-08-14 14:05:30,398 [EventQueue-DeleteBlockStatusForDeletedBlockLogImpl] DEBUG block.DeletedBlockLogImpl (DeletedBlockLogImpl.java:commitTransactions(224)) - Transaction txId=51 commit by dnId=a3a688a0-b759-42a1-9d42-7ea63bf88025 for containerID=#51 failed. Corresponding entry not found.
2021-08-14 14:05:30,398 [EventQueue-DeleteBlockStatusForDeletedBlockLogImpl] DEBUG block.DeletedBlockLogImpl (DeletedBlockLogImpl.java:isTransactionFailed(278)) - Got block deletion ACK from datanode, TXIDs=52, success=true
2021-08-14 14:05:30,398 [EventQueue-DeleteBlockStatusForDeletedBlockLogImpl] DEBUG block.DeletedBlockLogImpl (DeletedBlockLogImpl.java:commitTransactions(224)) - Transaction txId=52 commit by dnId=a3a688a0-b759-42a1-9d42-7ea63bf88025 for containerID=#52 failed. Corresponding entry not found.
2021-08-14 14:05:30,398 [EventQueue-DeleteBlockStatusForDeletedBlockLogImpl] DEBUG block.DeletedBlockLogImpl (DeletedBlockLogImpl.java:isTransactionFailed(278)) - Got block deletion ACK from datanode, TXIDs=53, success=true
2021-08-14 14:05:30,398 [EventQueue-DeleteBlockStatusForDeletedBlockLogImpl] DEBUG block.DeletedBlockLogImpl (DeletedBlockLogImpl.java:commitTransactions(224)) - Transaction txId=53 commit by dnId=a3a688a0-b759-42a1-9d42-7ea63bf88025 for containerID=#53 failed. Corresponding entry not found.
2021-08-14 14:05:30,398 [EventQueue-DeleteBlockStatusForDeletedBlockLogImpl] DEBUG block.DeletedBlockLogImpl (DeletedBlockLogImpl.java:isTransactionFailed(278)) - Got block deletion ACK from datanode, TXIDs=54, success=true
2021-08-14 14:05:30,398 [EventQueue-DeleteBlockStatusForDeletedBlockLogImpl] DEBUG block.DeletedBlockLogImpl (DeletedBlockLogImpl.java:commitTransactions(224)) - Transaction txId=54 commit by dnId=a3a688a0-b759-42a1-9d42-7ea63bf88025 for containerID=#54 failed. Corresponding entry not found.
2021-08-14 14:05:30,398 [EventQueue-DeleteBlockStatusForDeletedBlockLogImpl] DEBUG block.DeletedBlockLogImpl (DeletedBlockLogImpl.java:isTransactionFailed(278)) - Got block deletion ACK from datanode, TXIDs=55, success=true
2021-08-14 14:05:30,398 [EventQueue-DeleteBlockStatusForDeletedBlockLogImpl] DEBUG block.DeletedBlockLogImpl (DeletedBlockLogImpl.java:commitTransactions(224)) - Transaction txId=55 commit by dnId=a3a688a0-b759-42a1-9d42-7ea63bf88025 for containerID=#55 failed. Corresponding entry not found.
2021-08-14 14:05:30,398 [EventQueue-DeleteBlockStatusForDeletedBlockLogImpl] DEBUG block.DeletedBlockLogImpl (DeletedBlockLogImpl.java:isTransactionFailed(278)) - Got block deletion ACK from datanode, TXIDs=56, success=true
2021-08-14 14:05:30,398 [EventQueue-DeleteBlockStatusForDeletedBlockLogImpl] DEBUG block.DeletedBlockLogImpl (DeletedBlockLogImpl.java:commitTransactions(224)) - Transaction txId=56 commit by dnId=a3a688a0-b759-42a1-9d42-7ea63bf88025 for containerID=#56 failed. Corresponding entry not found.
2021-08-14 14:05:30,489 [SCMBlockDeletingService#0] DEBUG block.SCMBlockDeletingService (SCMBlockDeletingService.java:call(133)) - Running DeletedBlockTransactionScanner
2021-08-14 14:05:30,589 [SCMBlockDeletingService#0] DEBUG block.SCMBlockDeletingService (SCMBlockDeletingService.java:call(133)) - Running DeletedBlockTransactionScanner
2021-08-14 14:05:30,689 [SCMBlockDeletingService#0] DEBUG block.SCMBlockDeletingService (SCMBlockDeletingService.java:call(133)) - Running DeletedBlockTransactionScanner
2021-08-14 14:05:30,789 [SCMBlockDeletingService#0] DEBUG block.SCMBlockDeletingService (SCMBlockDeletingService.java:call(133)) - Running DeletedBlockTransactionScanner
2021-08-14 14:05:30,890 [SCMBlockDeletingService#0] DEBUG block.SCMBlockDeletingService (SCMBlockDeletingService.java:call(133)) - Running DeletedBlockTransactionScanner
2021-08-14 14:05:30,990 [SCMBlockDeletingService#0] DEBUG block.SCMBlockDeletingService (SCMBlockDeletingService.java:call(133)) - Running DeletedBlockTransactionScanner
2021-08-14 14:05:31,090 [SCMBlockDeletingService#0] DEBUG block.SCMBlockDeletingService (SCMBlockDeletingService.java:call(133)) - Running DeletedBlockTransactionScanner
2021-08-14 14:05:31,190 [SCMBlockDeletingService#0] DEBUG block.SCMBlockDeletingService (SCMBlockDeletingService.java:call(133)) - Running DeletedBlockTransactionScanner
2021-08-14 14:05:31,290 [SCMBlockDeletingService#0] DEBUG block.SCMBlockDeletingService (SCMBlockDeletingService.java:call(133)) - Running DeletedBlockTransactionScanner
2021-08-14 14:05:31,390 [SCMBlockDeletingService#0] DEBUG block.SCMBlockDeletingService (SCMBlockDeletingService.java:call(133)) - Running DeletedBlockTransactionScanner
2021-08-14 14:05:31,493 [SCMBlockDeletingService#0] DEBUG block.SCMBlockDeletingService (SCMBlockDeletingService.java:call(133)) - Running DeletedBlockTransactionScanner
2021-08-14 14:05:31,593 [SCMBlockDeletingService#0] DEBUG block.SCMBlockDeletingService (SCMBlockDeletingService.java:call(133)) - Running DeletedBlockTransactionScanner
2021-08-14 14:05:31,693 [SCMBlockDeletingService#0] DEBUG block.SCMBlockDeletingService (SCMBlockDeletingService.java:call(133)) - Running DeletedBlockTransactionScanner
2021-08-14 14:05:31,695 [Listener at 127.0.0.1/32925] WARN  commandhandler.TestBlockDeletion (TestBlockDeletion.java:lambda$testBlockDeletion$3(251)) - Verify blocks deletion failed
java.lang.AssertionError: expected null, but was:<[blockId=conID: 20 locID: 107544261427200020 bcsId: 304, size=4194304]>
	at org.junit.Assert.fail(Assert.java:89)
	at org.junit.Assert.failNotNull(Assert.java:756)
	at org.junit.Assert.assertNull(Assert.java:738)
	at org.junit.Assert.assertNull(Assert.java:748)
	at org.apache.hadoop.ozone.container.common.statemachine.commandhandler.TestBlockDeletion.lambda$verifyBlocksDeleted$15(TestBlockDeletion.java:453)
	at org.apache.hadoop.ozone.OzoneTestUtils.performOperationOnKeyContainers(OzoneTestUtils.java:133)
	at org.apache.hadoop.ozone.container.common.statemachine.commandhandler.TestBlockDeletion.verifyBlocksDeleted(TestBlockDeletion.java:442)
	at org.apache.hadoop.ozone.container.common.statemachine.commandhandler.TestBlockDeletion.lambda$testBlockDeletion$3(TestBlockDeletion.java:248)
	at org.apache.ozone.test.GenericTestUtils.waitFor(GenericTestUtils.java:219)
	at org.apache.hadoop.ozone.container.common.statemachine.commandhandler.TestBlockDeletion.testBlockDeletion(TestBlockDeletion.java:246)
	at sun.reflect.NativeMethodAccessorImpl.invoke0(Native Method)
	at sun.reflect.NativeMethodAccessorImpl.invoke(NativeMethodAccessorImpl.java:62)
	at sun.reflect.DelegatingMethodAccessorImpl.invoke(DelegatingMethodAccessorImpl.java:43)
	at java.lang.reflect.Method.invoke(Method.java:498)
	at org.junit.runners.model.FrameworkMethod$1.runReflectiveCall(FrameworkMethod.java:59)
	at org.junit.internal.runners.model.ReflectiveCallable.run(ReflectiveCallable.java:12)
	at org.junit.runners.model.FrameworkMethod.invokeExplosively(FrameworkMethod.java:56)
	at org.junit.internal.runners.statements.InvokeMethod.evaluate(InvokeMethod.java:17)
	at org.junit.internal.runners.statements.RunBefores.evaluate(RunBefores.java:26)
	at org.junit.internal.runners.statements.RunAfters.evaluate(RunAfters.java:27)
	at org.junit.runners.ParentRunner$3.evaluate(ParentRunner.java:306)
	at org.junit.runners.BlockJUnit4ClassRunner$1.evaluate(BlockJUnit4ClassRunner.java:100)
	at org.junit.runners.ParentRunner.runLeaf(ParentRunner.java:366)
	at org.junit.runners.BlockJUnit4ClassRunner.runChild(BlockJUnit4ClassRunner.java:103)
	at org.junit.runners.BlockJUnit4ClassRunner.runChild(BlockJUnit4ClassRunner.java:63)
	at org.junit.runners.ParentRunner$4.run(ParentRunner.java:331)
	at org.junit.runners.ParentRunner$1.schedule(ParentRunner.java:79)
	at org.junit.runners.ParentRunner.runChildren(ParentRunner.java:329)
	at org.junit.runners.ParentRunner.access$100(ParentRunner.java:66)
	at org.junit.runners.ParentRunner$2.evaluate(ParentRunner.java:293)
	at org.junit.runners.ParentRunner$3.evaluate(ParentRunner.java:306)
	at org.junit.runners.ParentRunner.run(ParentRunner.java:413)
	at org.junit.runner.JUnitCore.run(JUnitCore.java:137)
	at org.junit.runner.JUnitCore.run(JUnitCore.java:115)
	at org.junit.vintage.engine.execution.RunnerExecutor.execute(RunnerExecutor.java:43)
	at java.util.stream.ForEachOps$ForEachOp$OfRef.accept(ForEachOps.java:183)
	at java.util.stream.ReferencePipeline$3$1.accept(ReferencePipeline.java:193)
	at java.util.Iterator.forEachRemaining(Iterator.java:116)
	at java.util.Spliterators$IteratorSpliterator.forEachRemaining(Spliterators.java:1801)
	at java.util.stream.AbstractPipeline.copyInto(AbstractPipeline.java:482)
	at java.util.stream.AbstractPipeline.wrapAndCopyInto(AbstractPipeline.java:472)
	at java.util.stream.ForEachOps$ForEachOp.evaluateSequential(ForEachOps.java:150)
	at java.util.stream.ForEachOps$ForEachOp$OfRef.evaluateSequential(ForEachOps.java:173)
	at java.util.stream.AbstractPipeline.evaluate(AbstractPipeline.java:234)
	at java.util.stream.ReferencePipeline.forEach(ReferencePipeline.java:485)
	at org.junit.vintage.engine.VintageTestEngine.executeAllChildren(VintageTestEngine.java:82)
	at org.junit.vintage.engine.VintageTestEngine.execute(VintageTestEngine.java:73)
	at org.junit.platform.launcher.core.EngineExecutionOrchestrator.execute(EngineExecutionOrchestrator.java:108)
	at org.junit.platform.launcher.core.EngineExecutionOrchestrator.execute(EngineExecutionOrchestrator.java:88)
	at org.junit.platform.launcher.core.EngineExecutionOrchestrator.lambda$execute$0(EngineExecutionOrchestrator.java:54)
	at org.junit.platform.launcher.core.EngineExecutionOrchestrator.withInterceptedStreams(EngineExecutionOrchestrator.java:67)
	at org.junit.platform.launcher.core.EngineExecutionOrchestrator.execute(EngineExecutionOrchestrator.java:52)
	at org.junit.platform.launcher.core.DefaultLauncher.execute(DefaultLauncher.java:96)
	at org.junit.platform.launcher.core.DefaultLauncher.execute(DefaultLauncher.java:75)
	at org.apache.maven.surefire.junitplatform.JUnitPlatformProvider.invokeAllTests(JUnitPlatformProvider.java:142)
	at org.apache.maven.surefire.junitplatform.JUnitPlatformProvider.invoke(JUnitPlatformProvider.java:113)
	at org.apache.maven.surefire.booter.ForkedBooter.invokeProviderInSameClassLoader(ForkedBooter.java:384)
	at org.apache.maven.surefire.booter.ForkedBooter.runSuitesInProcess(ForkedBooter.java:345)
	at org.apache.maven.surefire.booter.ForkedBooter.execute(ForkedBooter.java:126)
	at org.apache.maven.surefire.booter.ForkedBooter.main(ForkedBooter.java:418)
2021-08-14 14:05:31,793 [SCMBlockDeletingService#0] DEBUG block.SCMBlockDeletingService (SCMBlockDeletingService.java:call(133)) - Running DeletedBlockTransactionScanner
2021-08-14 14:05:31,893 [SCMBlockDeletingService#0] DEBUG block.SCMBlockDeletingService (SCMBlockDeletingService.java:call(133)) - Running DeletedBlockTransactionScanner
2021-08-14 14:05:31,994 [SCMBlockDeletingService#0] DEBUG block.SCMBlockDeletingService (SCMBlockDeletingService.java:call(133)) - Running DeletedBlockTransactionScanner
2021-08-14 14:05:32,095 [SCMBlockDeletingService#0] DEBUG block.SCMBlockDeletingService (SCMBlockDeletingService.java:call(133)) - Running DeletedBlockTransactionScanner
2021-08-14 14:05:32,197 [SCMBlockDeletingService#0] DEBUG block.SCMBlockDeletingService (SCMBlockDeletingService.java:call(133)) - Running DeletedBlockTransactionScanner
2021-08-14 14:05:32,297 [SCMBlockDeletingService#0] DEBUG block.SCMBlockDeletingService (SCMBlockDeletingService.java:call(133)) - Running DeletedBlockTransactionScanner
2021-08-14 14:05:32,397 [SCMBlockDeletingService#0] DEBUG block.SCMBlockDeletingService (SCMBlockDeletingService.java:call(133)) - Running DeletedBlockTransactionScanner
2021-08-14 14:05:32,497 [SCMBlockDeletingService#0] DEBUG block.SCMBlockDeletingService (SCMBlockDeletingService.java:call(133)) - Running DeletedBlockTransactionScanner
2021-08-14 14:05:32,597 [SCMBlockDeletingService#0] DEBUG block.SCMBlockDeletingService (SCMBlockDeletingService.java:call(133)) - Running DeletedBlockTransactionScanner
2021-08-14 14:05:32,701 [SCMBlockDeletingService#0] DEBUG block.SCMBlockDeletingService (SCMBlockDeletingService.java:call(133)) - Running DeletedBlockTransactionScanner
2021-08-14 14:05:32,801 [SCMBlockDeletingService#0] DEBUG block.SCMBlockDeletingService (SCMBlockDeletingService.java:call(133)) - Running DeletedBlockTransactionScanner
2021-08-14 14:05:32,901 [SCMBlockDeletingService#0] DEBUG block.SCMBlockDeletingService (SCMBlockDeletingService.java:call(133)) - Running DeletedBlockTransactionScanner
2021-08-14 14:05:33,001 [SCMBlockDeletingService#0] DEBUG block.SCMBlockDeletingService (SCMBlockDeletingService.java:call(133)) - Running DeletedBlockTransactionScanner
2021-08-14 14:05:33,101 [SCMBlockDeletingService#0] DEBUG block.SCMBlockDeletingService (SCMBlockDeletingService.java:call(133)) - Running DeletedBlockTransactionScanner
2021-08-14 14:05:33,204 [SCMBlockDeletingService#0] DEBUG block.SCMBlockDeletingService (SCMBlockDeletingService.java:call(133)) - Running DeletedBlockTransactionScanner
2021-08-14 14:05:33,304 [SCMBlockDeletingService#0] DEBUG block.SCMBlockDeletingService (SCMBlockDeletingService.java:call(133)) - Running DeletedBlockTransactionScanner
2021-08-14 14:05:33,404 [SCMBlockDeletingService#0] DEBUG block.SCMBlockDeletingService (SCMBlockDeletingService.java:call(133)) - Running DeletedBlockTransactionScanner
2021-08-14 14:05:33,504 [SCMBlockDeletingService#0] DEBUG block.SCMBlockDeletingService (SCMBlockDeletingService.java:call(133)) - Running DeletedBlockTransactionScanner
2021-08-14 14:05:33,604 [SCMBlockDeletingService#0] DEBUG block.SCMBlockDeletingService (SCMBlockDeletingService.java:call(133)) - Running DeletedBlockTransactionScanner
2021-08-14 14:05:33,696 [Listener at 127.0.0.1/32925] WARN  commandhandler.TestBlockDeletion (TestBlockDeletion.java:lambda$testBlockDeletion$3(251)) - Verify blocks deletion failed
java.lang.AssertionError: expected null, but was:<[blockId=conID: 20 locID: 107544261427200020 bcsId: 304, size=4194304]>
	at org.junit.Assert.fail(Assert.java:89)
	at org.junit.Assert.failNotNull(Assert.java:756)
	at org.junit.Assert.assertNull(Assert.java:738)
	at org.junit.Assert.assertNull(Assert.java:748)
	at org.apache.hadoop.ozone.container.common.statemachine.commandhandler.TestBlockDeletion.lambda$verifyBlocksDeleted$15(TestBlockDeletion.java:453)
	at org.apache.hadoop.ozone.OzoneTestUtils.performOperationOnKeyContainers(OzoneTestUtils.java:133)
	at org.apache.hadoop.ozone.container.common.statemachine.commandhandler.TestBlockDeletion.verifyBlocksDeleted(TestBlockDeletion.java:442)
	at org.apache.hadoop.ozone.container.common.statemachine.commandhandler.TestBlockDeletion.lambda$testBlockDeletion$3(TestBlockDeletion.java:248)
	at org.apache.ozone.test.GenericTestUtils.waitFor(GenericTestUtils.java:219)
	at org.apache.hadoop.ozone.container.common.statemachine.commandhandler.TestBlockDeletion.testBlockDeletion(TestBlockDeletion.java:246)
	at sun.reflect.NativeMethodAccessorImpl.invoke0(Native Method)
	at sun.reflect.NativeMethodAccessorImpl.invoke(NativeMethodAccessorImpl.java:62)
	at sun.reflect.DelegatingMethodAccessorImpl.invoke(DelegatingMethodAccessorImpl.java:43)
	at java.lang.reflect.Method.invoke(Method.java:498)
	at org.junit.runners.model.FrameworkMethod$1.runReflectiveCall(FrameworkMethod.java:59)
	at org.junit.internal.runners.model.ReflectiveCallable.run(ReflectiveCallable.java:12)
	at org.junit.runners.model.FrameworkMethod.invokeExplosively(FrameworkMethod.java:56)
	at org.junit.internal.runners.statements.InvokeMethod.evaluate(InvokeMethod.java:17)
	at org.junit.internal.runners.statements.RunBefores.evaluate(RunBefores.java:26)
	at org.junit.internal.runners.statements.RunAfters.evaluate(RunAfters.java:27)
	at org.junit.runners.ParentRunner$3.evaluate(ParentRunner.java:306)
	at org.junit.runners.BlockJUnit4ClassRunner$1.evaluate(BlockJUnit4ClassRunner.java:100)
	at org.junit.runners.ParentRunner.runLeaf(ParentRunner.java:366)
	at org.junit.runners.BlockJUnit4ClassRunner.runChild(BlockJUnit4ClassRunner.java:103)
	at org.junit.runners.BlockJUnit4ClassRunner.runChild(BlockJUnit4ClassRunner.java:63)
	at org.junit.runners.ParentRunner$4.run(ParentRunner.java:331)
	at org.junit.runners.ParentRunner$1.schedule(ParentRunner.java:79)
	at org.junit.runners.ParentRunner.runChildren(ParentRunner.java:329)
	at org.junit.runners.ParentRunner.access$100(ParentRunner.java:66)
	at org.junit.runners.ParentRunner$2.evaluate(ParentRunner.java:293)
	at org.junit.runners.ParentRunner$3.evaluate(ParentRunner.java:306)
	at org.junit.runners.ParentRunner.run(ParentRunner.java:413)
	at org.junit.runner.JUnitCore.run(JUnitCore.java:137)
	at org.junit.runner.JUnitCore.run(JUnitCore.java:115)
	at org.junit.vintage.engine.execution.RunnerExecutor.execute(RunnerExecutor.java:43)
	at java.util.stream.ForEachOps$ForEachOp$OfRef.accept(ForEachOps.java:183)
	at java.util.stream.ReferencePipeline$3$1.accept(ReferencePipeline.java:193)
	at java.util.Iterator.forEachRemaining(Iterator.java:116)
	at java.util.Spliterators$IteratorSpliterator.forEachRemaining(Spliterators.java:1801)
	at java.util.stream.AbstractPipeline.copyInto(AbstractPipeline.java:482)
	at java.util.stream.AbstractPipeline.wrapAndCopyInto(AbstractPipeline.java:472)
	at java.util.stream.ForEachOps$ForEachOp.evaluateSequential(ForEachOps.java:150)
	at java.util.stream.ForEachOps$ForEachOp$OfRef.evaluateSequential(ForEachOps.java:173)
	at java.util.stream.AbstractPipeline.evaluate(AbstractPipeline.java:234)
	at java.util.stream.ReferencePipeline.forEach(ReferencePipeline.java:485)
	at org.junit.vintage.engine.VintageTestEngine.executeAllChildren(VintageTestEngine.java:82)
	at org.junit.vintage.engine.VintageTestEngine.execute(VintageTestEngine.java:73)
	at org.junit.platform.launcher.core.EngineExecutionOrchestrator.execute(EngineExecutionOrchestrator.java:108)
	at org.junit.platform.launcher.core.EngineExecutionOrchestrator.execute(EngineExecutionOrchestrator.java:88)
	at org.junit.platform.launcher.core.EngineExecutionOrchestrator.lambda$execute$0(EngineExecutionOrchestrator.java:54)
	at org.junit.platform.launcher.core.EngineExecutionOrchestrator.withInterceptedStreams(EngineExecutionOrchestrator.java:67)
	at org.junit.platform.launcher.core.EngineExecutionOrchestrator.execute(EngineExecutionOrchestrator.java:52)
	at org.junit.platform.launcher.core.DefaultLauncher.execute(DefaultLauncher.java:96)
	at org.junit.platform.launcher.core.DefaultLauncher.execute(DefaultLauncher.java:75)
	at org.apache.maven.surefire.junitplatform.JUnitPlatformProvider.invokeAllTests(JUnitPlatformProvider.java:142)
	at org.apache.maven.surefire.junitplatform.JUnitPlatformProvider.invoke(JUnitPlatformProvider.java:113)
	at org.apache.maven.surefire.booter.ForkedBooter.invokeProviderInSameClassLoader(ForkedBooter.java:384)
	at org.apache.maven.surefire.booter.ForkedBooter.runSuitesInProcess(ForkedBooter.java:345)
	at org.apache.maven.surefire.booter.ForkedBooter.execute(ForkedBooter.java:126)
	at org.apache.maven.surefire.booter.ForkedBooter.main(ForkedBooter.java:418)
2021-08-14 14:05:33,704 [SCMBlockDeletingService#0] DEBUG block.SCMBlockDeletingService (SCMBlockDeletingService.java:call(133)) - Running DeletedBlockTransactionScanner
2021-08-14 14:05:33,804 [SCMBlockDeletingService#0] DEBUG block.SCMBlockDeletingService (SCMBlockDeletingService.java:call(133)) - Running DeletedBlockTransactionScanner
2021-08-14 14:05:33,905 [SCMBlockDeletingService#0] DEBUG block.SCMBlockDeletingService (SCMBlockDeletingService.java:call(133)) - Running DeletedBlockTransactionScanner
2021-08-14 14:05:34,005 [SCMBlockDeletingService#0] DEBUG block.SCMBlockDeletingService (SCMBlockDeletingService.java:call(133)) - Running DeletedBlockTransactionScanner
2021-08-14 14:05:34,105 [SCMBlockDeletingService#0] DEBUG block.SCMBlockDeletingService (SCMBlockDeletingService.java:call(133)) - Running DeletedBlockTransactionScanner
2021-08-14 14:05:34,205 [SCMBlockDeletingService#0] DEBUG block.SCMBlockDeletingService (SCMBlockDeletingService.java:call(133)) - Running DeletedBlockTransactionScanner
2021-08-14 14:05:34,305 [SCMBlockDeletingService#0] DEBUG block.SCMBlockDeletingService (SCMBlockDeletingService.java:call(133)) - Running DeletedBlockTransactionScanner
2021-08-14 14:05:34,405 [SCMBlockDeletingService#0] DEBUG block.SCMBlockDeletingService (SCMBlockDeletingService.java:call(133)) - Running DeletedBlockTransactionScanner
2021-08-14 14:05:34,505 [SCMBlockDeletingService#0] DEBUG block.SCMBlockDeletingService (SCMBlockDeletingService.java:call(133)) - Running DeletedBlockTransactionScanner
2021-08-14 14:05:34,605 [SCMBlockDeletingService#0] DEBUG block.SCMBlockDeletingService (SCMBlockDeletingService.java:call(133)) - Running DeletedBlockTransactionScanner
2021-08-14 14:05:34,705 [SCMBlockDeletingService#0] DEBUG block.SCMBlockDeletingService (SCMBlockDeletingService.java:call(133)) - Running DeletedBlockTransactionScanner
2021-08-14 14:05:34,805 [SCMBlockDeletingService#0] DEBUG block.SCMBlockDeletingService (SCMBlockDeletingService.java:call(133)) - Running DeletedBlockTransactionScanner
2021-08-14 14:05:34,905 [SCMBlockDeletingService#0] DEBUG block.SCMBlockDeletingService (SCMBlockDeletingService.java:call(133)) - Running DeletedBlockTransactionScanner
2021-08-14 14:05:35,007 [SCMBlockDeletingService#0] DEBUG block.SCMBlockDeletingService (SCMBlockDeletingService.java:call(133)) - Running DeletedBlockTransactionScanner
2021-08-14 14:05:35,109 [SCMBlockDeletingService#0] DEBUG block.SCMBlockDeletingService (SCMBlockDeletingService.java:call(133)) - Running DeletedBlockTransactionScanner
2021-08-14 14:05:35,209 [SCMBlockDeletingService#0] DEBUG block.SCMBlockDeletingService (SCMBlockDeletingService.java:call(133)) - Running DeletedBlockTransactionScanner
2021-08-14 14:05:35,311 [SCMBlockDeletingService#0] DEBUG block.SCMBlockDeletingService (SCMBlockDeletingService.java:call(133)) - Running DeletedBlockTransactionScanner
2021-08-14 14:05:35,412 [SCMBlockDeletingService#0] DEBUG block.SCMBlockDeletingService (SCMBlockDeletingService.java:call(133)) - Running DeletedBlockTransactionScanner
2021-08-14 14:05:35,512 [SCMBlockDeletingService#0] DEBUG block.SCMBlockDeletingService (SCMBlockDeletingService.java:call(133)) - Running DeletedBlockTransactionScanner
2021-08-14 14:05:35,612 [SCMBlockDeletingService#0] DEBUG block.SCMBlockDeletingService (SCMBlockDeletingService.java:call(133)) - Running DeletedBlockTransactionScanner
2021-08-14 14:05:35,697 [Listener at 127.0.0.1/32925] WARN  commandhandler.TestBlockDeletion (TestBlockDeletion.java:lambda$testBlockDeletion$3(251)) - Verify blocks deletion failed
java.lang.AssertionError: expected null, but was:<[blockId=conID: 20 locID: 107544261427200020 bcsId: 304, size=4194304]>
	at org.junit.Assert.fail(Assert.java:89)
	at org.junit.Assert.failNotNull(Assert.java:756)
	at org.junit.Assert.assertNull(Assert.java:738)
	at org.junit.Assert.assertNull(Assert.java:748)
	at org.apache.hadoop.ozone.container.common.statemachine.commandhandler.TestBlockDeletion.lambda$verifyBlocksDeleted$15(TestBlockDeletion.java:453)
	at org.apache.hadoop.ozone.OzoneTestUtils.performOperationOnKeyContainers(OzoneTestUtils.java:133)
	at org.apache.hadoop.ozone.container.common.statemachine.commandhandler.TestBlockDeletion.verifyBlocksDeleted(TestBlockDeletion.java:442)
	at org.apache.hadoop.ozone.container.common.statemachine.commandhandler.TestBlockDeletion.lambda$testBlockDeletion$3(TestBlockDeletion.java:248)
	at org.apache.ozone.test.GenericTestUtils.waitFor(GenericTestUtils.java:219)
	at org.apache.hadoop.ozone.container.common.statemachine.commandhandler.TestBlockDeletion.testBlockDeletion(TestBlockDeletion.java:246)
	at sun.reflect.NativeMethodAccessorImpl.invoke0(Native Method)
	at sun.reflect.NativeMethodAccessorImpl.invoke(NativeMethodAccessorImpl.java:62)
	at sun.reflect.DelegatingMethodAccessorImpl.invoke(DelegatingMethodAccessorImpl.java:43)
	at java.lang.reflect.Method.invoke(Method.java:498)
	at org.junit.runners.model.FrameworkMethod$1.runReflectiveCall(FrameworkMethod.java:59)
	at org.junit.internal.runners.model.ReflectiveCallable.run(ReflectiveCallable.java:12)
	at org.junit.runners.model.FrameworkMethod.invokeExplosively(FrameworkMethod.java:56)
	at org.junit.internal.runners.statements.InvokeMethod.evaluate(InvokeMethod.java:17)
	at org.junit.internal.runners.statements.RunBefores.evaluate(RunBefores.java:26)
	at org.junit.internal.runners.statements.RunAfters.evaluate(RunAfters.java:27)
	at org.junit.runners.ParentRunner$3.evaluate(ParentRunner.java:306)
	at org.junit.runners.BlockJUnit4ClassRunner$1.evaluate(BlockJUnit4ClassRunner.java:100)
	at org.junit.runners.ParentRunner.runLeaf(ParentRunner.java:366)
	at org.junit.runners.BlockJUnit4ClassRunner.runChild(BlockJUnit4ClassRunner.java:103)
	at org.junit.runners.BlockJUnit4ClassRunner.runChild(BlockJUnit4ClassRunner.java:63)
	at org.junit.runners.ParentRunner$4.run(ParentRunner.java:331)
	at org.junit.runners.ParentRunner$1.schedule(ParentRunner.java:79)
	at org.junit.runners.ParentRunner.runChildren(ParentRunner.java:329)
	at org.junit.runners.ParentRunner.access$100(ParentRunner.java:66)
	at org.junit.runners.ParentRunner$2.evaluate(ParentRunner.java:293)
	at org.junit.runners.ParentRunner$3.evaluate(ParentRunner.java:306)
	at org.junit.runners.ParentRunner.run(ParentRunner.java:413)
	at org.junit.runner.JUnitCore.run(JUnitCore.java:137)
	at org.junit.runner.JUnitCore.run(JUnitCore.java:115)
	at org.junit.vintage.engine.execution.RunnerExecutor.execute(RunnerExecutor.java:43)
	at java.util.stream.ForEachOps$ForEachOp$OfRef.accept(ForEachOps.java:183)
	at java.util.stream.ReferencePipeline$3$1.accept(ReferencePipeline.java:193)
	at java.util.Iterator.forEachRemaining(Iterator.java:116)
	at java.util.Spliterators$IteratorSpliterator.forEachRemaining(Spliterators.java:1801)
	at java.util.stream.AbstractPipeline.copyInto(AbstractPipeline.java:482)
	at java.util.stream.AbstractPipeline.wrapAndCopyInto(AbstractPipeline.java:472)
	at java.util.stream.ForEachOps$ForEachOp.evaluateSequential(ForEachOps.java:150)
	at java.util.stream.ForEachOps$ForEachOp$OfRef.evaluateSequential(ForEachOps.java:173)
	at java.util.stream.AbstractPipeline.evaluate(AbstractPipeline.java:234)
	at java.util.stream.ReferencePipeline.forEach(ReferencePipeline.java:485)
	at org.junit.vintage.engine.VintageTestEngine.executeAllChildren(VintageTestEngine.java:82)
	at org.junit.vintage.engine.VintageTestEngine.execute(VintageTestEngine.java:73)
	at org.junit.platform.launcher.core.EngineExecutionOrchestrator.execute(EngineExecutionOrchestrator.java:108)
	at org.junit.platform.launcher.core.EngineExecutionOrchestrator.execute(EngineExecutionOrchestrator.java:88)
	at org.junit.platform.launcher.core.EngineExecutionOrchestrator.lambda$execute$0(EngineExecutionOrchestrator.java:54)
	at org.junit.platform.launcher.core.EngineExecutionOrchestrator.withInterceptedStreams(EngineExecutionOrchestrator.java:67)
	at org.junit.platform.launcher.core.EngineExecutionOrchestrator.execute(EngineExecutionOrchestrator.java:52)
	at org.junit.platform.launcher.core.DefaultLauncher.execute(DefaultLauncher.java:96)
	at org.junit.platform.launcher.core.DefaultLauncher.execute(DefaultLauncher.java:75)
	at org.apache.maven.surefire.junitplatform.JUnitPlatformProvider.invokeAllTests(JUnitPlatformProvider.java:142)
	at org.apache.maven.surefire.junitplatform.JUnitPlatformProvider.invoke(JUnitPlatformProvider.java:113)
	at org.apache.maven.surefire.booter.ForkedBooter.invokeProviderInSameClassLoader(ForkedBooter.java:384)
	at org.apache.maven.surefire.booter.ForkedBooter.runSuitesInProcess(ForkedBooter.java:345)
	at org.apache.maven.surefire.booter.ForkedBooter.execute(ForkedBooter.java:126)
	at org.apache.maven.surefire.booter.ForkedBooter.main(ForkedBooter.java:418)
2021-08-14 14:05:35,717 [SCMBlockDeletingService#0] DEBUG block.SCMBlockDeletingService (SCMBlockDeletingService.java:call(133)) - Running DeletedBlockTransactionScanner
2021-08-14 14:05:35,817 [SCMBlockDeletingService#0] DEBUG block.SCMBlockDeletingService (SCMBlockDeletingService.java:call(133)) - Running DeletedBlockTransactionScanner
2021-08-14 14:05:35,917 [SCMBlockDeletingService#0] DEBUG block.SCMBlockDeletingService (SCMBlockDeletingService.java:call(133)) - Running DeletedBlockTransactionScanner
2021-08-14 14:05:36,017 [SCMBlockDeletingService#0] DEBUG block.SCMBlockDeletingService (SCMBlockDeletingService.java:call(133)) - Running DeletedBlockTransactionScanner
2021-08-14 14:05:36,117 [SCMBlockDeletingService#0] DEBUG block.SCMBlockDeletingService (SCMBlockDeletingService.java:call(133)) - Running DeletedBlockTransactionScanner
2021-08-14 14:05:36,221 [SCMBlockDeletingService#0] DEBUG block.SCMBlockDeletingService (SCMBlockDeletingService.java:call(133)) - Running DeletedBlockTransactionScanner
2021-08-14 14:05:36,321 [SCMBlockDeletingService#0] DEBUG block.SCMBlockDeletingService (SCMBlockDeletingService.java:call(133)) - Running DeletedBlockTransactionScanner
2021-08-14 14:05:36,421 [SCMBlockDeletingService#0] DEBUG block.SCMBlockDeletingService (SCMBlockDeletingService.java:call(133)) - Running DeletedBlockTransactionScanner
2021-08-14 14:05:36,522 [SCMBlockDeletingService#0] DEBUG block.SCMBlockDeletingService (SCMBlockDeletingService.java:call(133)) - Running DeletedBlockTransactionScanner
2021-08-14 14:05:36,622 [SCMBlockDeletingService#0] DEBUG block.SCMBlockDeletingService (SCMBlockDeletingService.java:call(133)) - Running DeletedBlockTransactionScanner
2021-08-14 14:05:36,722 [SCMBlockDeletingService#0] DEBUG block.SCMBlockDeletingService (SCMBlockDeletingService.java:call(133)) - Running DeletedBlockTransactionScanner
2021-08-14 14:05:36,822 [SCMBlockDeletingService#0] DEBUG block.SCMBlockDeletingService (SCMBlockDeletingService.java:call(133)) - Running DeletedBlockTransactionScanner
2021-08-14 14:05:36,924 [SCMBlockDeletingService#0] DEBUG block.SCMBlockDeletingService (SCMBlockDeletingService.java:call(133)) - Running DeletedBlockTransactionScanner
2021-08-14 14:05:37,024 [SCMBlockDeletingService#0] DEBUG block.SCMBlockDeletingService (SCMBlockDeletingService.java:call(133)) - Running DeletedBlockTransactionScanner
2021-08-14 14:05:37,124 [SCMBlockDeletingService#0] DEBUG block.SCMBlockDeletingService (SCMBlockDeletingService.java:call(133)) - Running DeletedBlockTransactionScanner
2021-08-14 14:05:37,224 [SCMBlockDeletingService#0] DEBUG block.SCMBlockDeletingService (SCMBlockDeletingService.java:call(133)) - Running DeletedBlockTransactionScanner
2021-08-14 14:05:37,326 [SCMBlockDeletingService#0] DEBUG block.SCMBlockDeletingService (SCMBlockDeletingService.java:call(133)) - Running DeletedBlockTransactionScanner
2021-08-14 14:05:37,426 [SCMBlockDeletingService#0] DEBUG block.SCMBlockDeletingService (SCMBlockDeletingService.java:call(133)) - Running DeletedBlockTransactionScanner
2021-08-14 14:05:37,526 [SCMBlockDeletingService#0] DEBUG block.SCMBlockDeletingService (SCMBlockDeletingService.java:call(133)) - Running DeletedBlockTransactionScanner
2021-08-14 14:05:37,626 [SCMBlockDeletingService#0] DEBUG block.SCMBlockDeletingService (SCMBlockDeletingService.java:call(133)) - Running DeletedBlockTransactionScanner
2021-08-14 14:05:37,704 [Listener at 127.0.0.1/32925] WARN  commandhandler.TestBlockDeletion (TestBlockDeletion.java:lambda$testBlockDeletion$3(251)) - Verify blocks deletion failed
java.lang.AssertionError: expected null, but was:<[blockId=conID: 20 locID: 107544261427200020 bcsId: 304, size=4194304]>
	at org.junit.Assert.fail(Assert.java:89)
	at org.junit.Assert.failNotNull(Assert.java:756)
	at org.junit.Assert.assertNull(Assert.java:738)
	at org.junit.Assert.assertNull(Assert.java:748)
	at org.apache.hadoop.ozone.container.common.statemachine.commandhandler.TestBlockDeletion.lambda$verifyBlocksDeleted$15(TestBlockDeletion.java:453)
	at org.apache.hadoop.ozone.OzoneTestUtils.performOperationOnKeyContainers(OzoneTestUtils.java:133)
	at org.apache.hadoop.ozone.container.common.statemachine.commandhandler.TestBlockDeletion.verifyBlocksDeleted(TestBlockDeletion.java:442)
	at org.apache.hadoop.ozone.container.common.statemachine.commandhandler.TestBlockDeletion.lambda$testBlockDeletion$3(TestBlockDeletion.java:248)
	at org.apache.ozone.test.GenericTestUtils.waitFor(GenericTestUtils.java:219)
	at org.apache.hadoop.ozone.container.common.statemachine.commandhandler.TestBlockDeletion.testBlockDeletion(TestBlockDeletion.java:246)
	at sun.reflect.NativeMethodAccessorImpl.invoke0(Native Method)
	at sun.reflect.NativeMethodAccessorImpl.invoke(NativeMethodAccessorImpl.java:62)
	at sun.reflect.DelegatingMethodAccessorImpl.invoke(DelegatingMethodAccessorImpl.java:43)
	at java.lang.reflect.Method.invoke(Method.java:498)
	at org.junit.runners.model.FrameworkMethod$1.runReflectiveCall(FrameworkMethod.java:59)
	at org.junit.internal.runners.model.ReflectiveCallable.run(ReflectiveCallable.java:12)
	at org.junit.runners.model.FrameworkMethod.invokeExplosively(FrameworkMethod.java:56)
	at org.junit.internal.runners.statements.InvokeMethod.evaluate(InvokeMethod.java:17)
	at org.junit.internal.runners.statements.RunBefores.evaluate(RunBefores.java:26)
	at org.junit.internal.runners.statements.RunAfters.evaluate(RunAfters.java:27)
	at org.junit.runners.ParentRunner$3.evaluate(ParentRunner.java:306)
	at org.junit.runners.BlockJUnit4ClassRunner$1.evaluate(BlockJUnit4ClassRunner.java:100)
	at org.junit.runners.ParentRunner.runLeaf(ParentRunner.java:366)
	at org.junit.runners.BlockJUnit4ClassRunner.runChild(BlockJUnit4ClassRunner.java:103)
	at org.junit.runners.BlockJUnit4ClassRunner.runChild(BlockJUnit4ClassRunner.java:63)
	at org.junit.runners.ParentRunner$4.run(ParentRunner.java:331)
	at org.junit.runners.ParentRunner$1.schedule(ParentRunner.java:79)
	at org.junit.runners.ParentRunner.runChildren(ParentRunner.java:329)
	at org.junit.runners.ParentRunner.access$100(ParentRunner.java:66)
	at org.junit.runners.ParentRunner$2.evaluate(ParentRunner.java:293)
	at org.junit.runners.ParentRunner$3.evaluate(ParentRunner.java:306)
	at org.junit.runners.ParentRunner.run(ParentRunner.java:413)
	at org.junit.runner.JUnitCore.run(JUnitCore.java:137)
	at org.junit.runner.JUnitCore.run(JUnitCore.java:115)
	at org.junit.vintage.engine.execution.RunnerExecutor.execute(RunnerExecutor.java:43)
	at java.util.stream.ForEachOps$ForEachOp$OfRef.accept(ForEachOps.java:183)
	at java.util.stream.ReferencePipeline$3$1.accept(ReferencePipeline.java:193)
	at java.util.Iterator.forEachRemaining(Iterator.java:116)
	at java.util.Spliterators$IteratorSpliterator.forEachRemaining(Spliterators.java:1801)
	at java.util.stream.AbstractPipeline.copyInto(AbstractPipeline.java:482)
	at java.util.stream.AbstractPipeline.wrapAndCopyInto(AbstractPipeline.java:472)
	at java.util.stream.ForEachOps$ForEachOp.evaluateSequential(ForEachOps.java:150)
	at java.util.stream.ForEachOps$ForEachOp$OfRef.evaluateSequential(ForEachOps.java:173)
	at java.util.stream.AbstractPipeline.evaluate(AbstractPipeline.java:234)
	at java.util.stream.ReferencePipeline.forEach(ReferencePipeline.java:485)
	at org.junit.vintage.engine.VintageTestEngine.executeAllChildren(VintageTestEngine.java:82)
	at org.junit.vintage.engine.VintageTestEngine.execute(VintageTestEngine.java:73)
	at org.junit.platform.launcher.core.EngineExecutionOrchestrator.execute(EngineExecutionOrchestrator.java:108)
	at org.junit.platform.launcher.core.EngineExecutionOrchestrator.execute(EngineExecutionOrchestrator.java:88)
	at org.junit.platform.launcher.core.EngineExecutionOrchestrator.lambda$execute$0(EngineExecutionOrchestrator.java:54)
	at org.junit.platform.launcher.core.EngineExecutionOrchestrator.withInterceptedStreams(EngineExecutionOrchestrator.java:67)
	at org.junit.platform.launcher.core.EngineExecutionOrchestrator.execute(EngineExecutionOrchestrator.java:52)
	at org.junit.platform.launcher.core.DefaultLauncher.execute(DefaultLauncher.java:96)
	at org.junit.platform.launcher.core.DefaultLauncher.execute(DefaultLauncher.java:75)
	at org.apache.maven.surefire.junitplatform.JUnitPlatformProvider.invokeAllTests(JUnitPlatformProvider.java:142)
	at org.apache.maven.surefire.junitplatform.JUnitPlatformProvider.invoke(JUnitPlatformProvider.java:113)
	at org.apache.maven.surefire.booter.ForkedBooter.invokeProviderInSameClassLoader(ForkedBooter.java:384)
	at org.apache.maven.surefire.booter.ForkedBooter.runSuitesInProcess(ForkedBooter.java:345)
	at org.apache.maven.surefire.booter.ForkedBooter.execute(ForkedBooter.java:126)
	at org.apache.maven.surefire.booter.ForkedBooter.main(ForkedBooter.java:418)
2021-08-14 14:05:37,726 [SCMBlockDeletingService#0] DEBUG block.SCMBlockDeletingService (SCMBlockDeletingService.java:call(133)) - Running DeletedBlockTransactionScanner
2021-08-14 14:05:37,826 [SCMBlockDeletingService#0] DEBUG block.SCMBlockDeletingService (SCMBlockDeletingService.java:call(133)) - Running DeletedBlockTransactionScanner
2021-08-14 14:05:37,926 [SCMBlockDeletingService#0] DEBUG block.SCMBlockDeletingService (SCMBlockDeletingService.java:call(133)) - Running DeletedBlockTransactionScanner
2021-08-14 14:05:38,026 [SCMBlockDeletingService#0] DEBUG block.SCMBlockDeletingService (SCMBlockDeletingService.java:call(133)) - Running DeletedBlockTransactionScanner
2021-08-14 14:05:38,126 [SCMBlockDeletingService#0] DEBUG block.SCMBlockDeletingService (SCMBlockDeletingService.java:call(133)) - Running DeletedBlockTransactionScanner
2021-08-14 14:05:38,226 [SCMBlockDeletingService#0] DEBUG block.SCMBlockDeletingService (SCMBlockDeletingService.java:call(133)) - Running DeletedBlockTransactionScanner
2021-08-14 14:05:38,328 [SCMBlockDeletingService#0] DEBUG block.SCMBlockDeletingService (SCMBlockDeletingService.java:call(133)) - Running DeletedBlockTransactionScanner
2021-08-14 14:05:38,428 [SCMBlockDeletingService#0] DEBUG block.SCMBlockDeletingService (SCMBlockDeletingService.java:call(133)) - Running DeletedBlockTransactionScanner
2021-08-14 14:05:38,528 [SCMBlockDeletingService#0] DEBUG block.SCMBlockDeletingService (SCMBlockDeletingService.java:call(133)) - Running DeletedBlockTransactionScanner
2021-08-14 14:05:38,628 [SCMBlockDeletingService#0] DEBUG block.SCMBlockDeletingService (SCMBlockDeletingService.java:call(133)) - Running DeletedBlockTransactionScanner
2021-08-14 14:05:38,728 [SCMBlockDeletingService#0] DEBUG block.SCMBlockDeletingService (SCMBlockDeletingService.java:call(133)) - Running DeletedBlockTransactionScanner
2021-08-14 14:05:38,828 [SCMBlockDeletingService#0] DEBUG block.SCMBlockDeletingService (SCMBlockDeletingService.java:call(133)) - Running DeletedBlockTransactionScanner
2021-08-14 14:05:38,928 [SCMBlockDeletingService#0] DEBUG block.SCMBlockDeletingService (SCMBlockDeletingService.java:call(133)) - Running DeletedBlockTransactionScanner
2021-08-14 14:05:39,028 [SCMBlockDeletingService#0] DEBUG block.SCMBlockDeletingService (SCMBlockDeletingService.java:call(133)) - Running DeletedBlockTransactionScanner
2021-08-14 14:05:39,128 [SCMBlockDeletingService#0] DEBUG block.SCMBlockDeletingService (SCMBlockDeletingService.java:call(133)) - Running DeletedBlockTransactionScanner
2021-08-14 14:05:39,229 [SCMBlockDeletingService#0] DEBUG block.SCMBlockDeletingService (SCMBlockDeletingService.java:call(133)) - Running DeletedBlockTransactionScanner
2021-08-14 14:05:39,329 [SCMBlockDeletingService#0] DEBUG block.SCMBlockDeletingService (SCMBlockDeletingService.java:call(133)) - Running DeletedBlockTransactionScanner
2021-08-14 14:05:39,429 [SCMBlockDeletingService#0] DEBUG block.SCMBlockDeletingService (SCMBlockDeletingService.java:call(133)) - Running DeletedBlockTransactionScanner
2021-08-14 14:05:39,529 [SCMBlockDeletingService#0] DEBUG block.SCMBlockDeletingService (SCMBlockDeletingService.java:call(133)) - Running DeletedBlockTransactionScanner
2021-08-14 14:05:39,629 [SCMBlockDeletingService#0] DEBUG block.SCMBlockDeletingService (SCMBlockDeletingService.java:call(133)) - Running DeletedBlockTransactionScanner
2021-08-14 14:05:39,705 [Listener at 127.0.0.1/32925] WARN  commandhandler.TestBlockDeletion (TestBlockDeletion.java:lambda$testBlockDeletion$3(251)) - Verify blocks deletion failed
java.lang.AssertionError: expected null, but was:<[blockId=conID: 20 locID: 107544261427200020 bcsId: 304, size=4194304]>
	at org.junit.Assert.fail(Assert.java:89)
	at org.junit.Assert.failNotNull(Assert.java:756)
	at org.junit.Assert.assertNull(Assert.java:738)
	at org.junit.Assert.assertNull(Assert.java:748)
	at org.apache.hadoop.ozone.container.common.statemachine.commandhandler.TestBlockDeletion.lambda$verifyBlocksDeleted$15(TestBlockDeletion.java:453)
	at org.apache.hadoop.ozone.OzoneTestUtils.performOperationOnKeyContainers(OzoneTestUtils.java:133)
	at org.apache.hadoop.ozone.container.common.statemachine.commandhandler.TestBlockDeletion.verifyBlocksDeleted(TestBlockDeletion.java:442)
	at org.apache.hadoop.ozone.container.common.statemachine.commandhandler.TestBlockDeletion.lambda$testBlockDeletion$3(TestBlockDeletion.java:248)
	at org.apache.ozone.test.GenericTestUtils.waitFor(GenericTestUtils.java:219)
	at org.apache.hadoop.ozone.container.common.statemachine.commandhandler.TestBlockDeletion.testBlockDeletion(TestBlockDeletion.java:246)
	at sun.reflect.NativeMethodAccessorImpl.invoke0(Native Method)
	at sun.reflect.NativeMethodAccessorImpl.invoke(NativeMethodAccessorImpl.java:62)
	at sun.reflect.DelegatingMethodAccessorImpl.invoke(DelegatingMethodAccessorImpl.java:43)
	at java.lang.reflect.Method.invoke(Method.java:498)
	at org.junit.runners.model.FrameworkMethod$1.runReflectiveCall(FrameworkMethod.java:59)
	at org.junit.internal.runners.model.ReflectiveCallable.run(ReflectiveCallable.java:12)
	at org.junit.runners.model.FrameworkMethod.invokeExplosively(FrameworkMethod.java:56)
	at org.junit.internal.runners.statements.InvokeMethod.evaluate(InvokeMethod.java:17)
	at org.junit.internal.runners.statements.RunBefores.evaluate(RunBefores.java:26)
	at org.junit.internal.runners.statements.RunAfters.evaluate(RunAfters.java:27)
	at org.junit.runners.ParentRunner$3.evaluate(ParentRunner.java:306)
	at org.junit.runners.BlockJUnit4ClassRunner$1.evaluate(BlockJUnit4ClassRunner.java:100)
	at org.junit.runners.ParentRunner.runLeaf(ParentRunner.java:366)
	at org.junit.runners.BlockJUnit4ClassRunner.runChild(BlockJUnit4ClassRunner.java:103)
	at org.junit.runners.BlockJUnit4ClassRunner.runChild(BlockJUnit4ClassRunner.java:63)
	at org.junit.runners.ParentRunner$4.run(ParentRunner.java:331)
	at org.junit.runners.ParentRunner$1.schedule(ParentRunner.java:79)
	at org.junit.runners.ParentRunner.runChildren(ParentRunner.java:329)
	at org.junit.runners.ParentRunner.access$100(ParentRunner.java:66)
	at org.junit.runners.ParentRunner$2.evaluate(ParentRunner.java:293)
	at org.junit.runners.ParentRunner$3.evaluate(ParentRunner.java:306)
	at org.junit.runners.ParentRunner.run(ParentRunner.java:413)
	at org.junit.runner.JUnitCore.run(JUnitCore.java:137)
	at org.junit.runner.JUnitCore.run(JUnitCore.java:115)
	at org.junit.vintage.engine.execution.RunnerExecutor.execute(RunnerExecutor.java:43)
	at java.util.stream.ForEachOps$ForEachOp$OfRef.accept(ForEachOps.java:183)
	at java.util.stream.ReferencePipeline$3$1.accept(ReferencePipeline.java:193)
	at java.util.Iterator.forEachRemaining(Iterator.java:116)
	at java.util.Spliterators$IteratorSpliterator.forEachRemaining(Spliterators.java:1801)
	at java.util.stream.AbstractPipeline.copyInto(AbstractPipeline.java:482)
	at java.util.stream.AbstractPipeline.wrapAndCopyInto(AbstractPipeline.java:472)
	at java.util.stream.ForEachOps$ForEachOp.evaluateSequential(ForEachOps.java:150)
	at java.util.stream.ForEachOps$ForEachOp$OfRef.evaluateSequential(ForEachOps.java:173)
	at java.util.stream.AbstractPipeline.evaluate(AbstractPipeline.java:234)
	at java.util.stream.ReferencePipeline.forEach(ReferencePipeline.java:485)
	at org.junit.vintage.engine.VintageTestEngine.executeAllChildren(VintageTestEngine.java:82)
	at org.junit.vintage.engine.VintageTestEngine.execute(VintageTestEngine.java:73)
	at org.junit.platform.launcher.core.EngineExecutionOrchestrator.execute(EngineExecutionOrchestrator.java:108)
	at org.junit.platform.launcher.core.EngineExecutionOrchestrator.execute(EngineExecutionOrchestrator.java:88)
	at org.junit.platform.launcher.core.EngineExecutionOrchestrator.lambda$execute$0(EngineExecutionOrchestrator.java:54)
	at org.junit.platform.launcher.core.EngineExecutionOrchestrator.withInterceptedStreams(EngineExecutionOrchestrator.java:67)
	at org.junit.platform.launcher.core.EngineExecutionOrchestrator.execute(EngineExecutionOrchestrator.java:52)
	at org.junit.platform.launcher.core.DefaultLauncher.execute(DefaultLauncher.java:96)
	at org.junit.platform.launcher.core.DefaultLauncher.execute(DefaultLauncher.java:75)
	at org.apache.maven.surefire.junitplatform.JUnitPlatformProvider.invokeAllTests(JUnitPlatformProvider.java:142)
	at org.apache.maven.surefire.junitplatform.JUnitPlatformProvider.invoke(JUnitPlatformProvider.java:113)
	at org.apache.maven.surefire.booter.ForkedBooter.invokeProviderInSameClassLoader(ForkedBooter.java:384)
	at org.apache.maven.surefire.booter.ForkedBooter.runSuitesInProcess(ForkedBooter.java:345)
	at org.apache.maven.surefire.booter.ForkedBooter.execute(ForkedBooter.java:126)
	at org.apache.maven.surefire.booter.ForkedBooter.main(ForkedBooter.java:418)
2021-08-14 14:05:39,729 [SCMBlockDeletingService#0] DEBUG block.SCMBlockDeletingService (SCMBlockDeletingService.java:call(133)) - Running DeletedBlockTransactionScanner
2021-08-14 14:05:39,829 [SCMBlockDeletingService#0] DEBUG block.SCMBlockDeletingService (SCMBlockDeletingService.java:call(133)) - Running DeletedBlockTransactionScanner
2021-08-14 14:05:39,929 [SCMBlockDeletingService#0] DEBUG block.SCMBlockDeletingService (SCMBlockDeletingService.java:call(133)) - Running DeletedBlockTransactionScanner
2021-08-14 14:05:40,029 [SCMBlockDeletingService#0] DEBUG block.SCMBlockDeletingService (SCMBlockDeletingService.java:call(133)) - Running DeletedBlockTransactionScanner
2021-08-14 14:05:40,129 [SCMBlockDeletingService#0] DEBUG block.SCMBlockDeletingService (SCMBlockDeletingService.java:call(133)) - Running DeletedBlockTransactionScanner
2021-08-14 14:05:40,229 [SCMBlockDeletingService#0] DEBUG block.SCMBlockDeletingService (SCMBlockDeletingService.java:call(133)) - Running DeletedBlockTransactionScanner
2021-08-14 14:05:40,330 [SCMBlockDeletingService#0] DEBUG block.SCMBlockDeletingService (SCMBlockDeletingService.java:call(133)) - Running DeletedBlockTransactionScanner
2021-08-14 14:05:40,430 [SCMBlockDeletingService#0] DEBUG block.SCMBlockDeletingService (SCMBlockDeletingService.java:call(133)) - Running DeletedBlockTransactionScanner
2021-08-14 14:05:40,530 [SCMBlockDeletingService#0] DEBUG block.SCMBlockDeletingService (SCMBlockDeletingService.java:call(133)) - Running DeletedBlockTransactionScanner
2021-08-14 14:05:40,630 [SCMBlockDeletingService#0] DEBUG block.SCMBlockDeletingService (SCMBlockDeletingService.java:call(133)) - Running DeletedBlockTransactionScanner
2021-08-14 14:05:40,730 [SCMBlockDeletingService#0] DEBUG block.SCMBlockDeletingService (SCMBlockDeletingService.java:call(133)) - Running DeletedBlockTransactionScanner
2021-08-14 14:05:40,830 [SCMBlockDeletingService#0] DEBUG block.SCMBlockDeletingService (SCMBlockDeletingService.java:call(133)) - Running DeletedBlockTransactionScanner
2021-08-14 14:05:40,930 [SCMBlockDeletingService#0] DEBUG block.SCMBlockDeletingService (SCMBlockDeletingService.java:call(133)) - Running DeletedBlockTransactionScanner
2021-08-14 14:05:41,030 [SCMBlockDeletingService#0] DEBUG block.SCMBlockDeletingService (SCMBlockDeletingService.java:call(133)) - Running DeletedBlockTransactionScanner
2021-08-14 14:05:41,130 [SCMBlockDeletingService#0] DEBUG block.SCMBlockDeletingService (SCMBlockDeletingService.java:call(133)) - Running DeletedBlockTransactionScanner
2021-08-14 14:05:41,230 [SCMBlockDeletingService#0] DEBUG block.SCMBlockDeletingService (SCMBlockDeletingService.java:call(133)) - Running DeletedBlockTransactionScanner
2021-08-14 14:05:41,332 [SCMBlockDeletingService#0] DEBUG block.SCMBlockDeletingService (SCMBlockDeletingService.java:call(133)) - Running DeletedBlockTransactionScanner
2021-08-14 14:05:41,432 [SCMBlockDeletingService#0] DEBUG block.SCMBlockDeletingService (SCMBlockDeletingService.java:call(133)) - Running DeletedBlockTransactionScanner
2021-08-14 14:05:41,532 [SCMBlockDeletingService#0] DEBUG block.SCMBlockDeletingService (SCMBlockDeletingService.java:call(133)) - Running DeletedBlockTransactionScanner
2021-08-14 14:05:41,632 [SCMBlockDeletingService#0] DEBUG block.SCMBlockDeletingService (SCMBlockDeletingService.java:call(133)) - Running DeletedBlockTransactionScanner
2021-08-14 14:05:41,707 [Listener at 127.0.0.1/32925] WARN  commandhandler.TestBlockDeletion (TestBlockDeletion.java:lambda$testBlockDeletion$3(251)) - Verify blocks deletion failed
java.lang.AssertionError: expected null, but was:<[blockId=conID: 20 locID: 107544261427200020 bcsId: 304, size=4194304]>
	at org.junit.Assert.fail(Assert.java:89)
	at org.junit.Assert.failNotNull(Assert.java:756)
	at org.junit.Assert.assertNull(Assert.java:738)
	at org.junit.Assert.assertNull(Assert.java:748)
	at org.apache.hadoop.ozone.container.common.statemachine.commandhandler.TestBlockDeletion.lambda$verifyBlocksDeleted$15(TestBlockDeletion.java:453)
	at org.apache.hadoop.ozone.OzoneTestUtils.performOperationOnKeyContainers(OzoneTestUtils.java:133)
	at org.apache.hadoop.ozone.container.common.statemachine.commandhandler.TestBlockDeletion.verifyBlocksDeleted(TestBlockDeletion.java:442)
	at org.apache.hadoop.ozone.container.common.statemachine.commandhandler.TestBlockDeletion.lambda$testBlockDeletion$3(TestBlockDeletion.java:248)
	at org.apache.ozone.test.GenericTestUtils.waitFor(GenericTestUtils.java:219)
	at org.apache.hadoop.ozone.container.common.statemachine.commandhandler.TestBlockDeletion.testBlockDeletion(TestBlockDeletion.java:246)
	at sun.reflect.NativeMethodAccessorImpl.invoke0(Native Method)
	at sun.reflect.NativeMethodAccessorImpl.invoke(NativeMethodAccessorImpl.java:62)
	at sun.reflect.DelegatingMethodAccessorImpl.invoke(DelegatingMethodAccessorImpl.java:43)
	at java.lang.reflect.Method.invoke(Method.java:498)
	at org.junit.runners.model.FrameworkMethod$1.runReflectiveCall(FrameworkMethod.java:59)
	at org.junit.internal.runners.model.ReflectiveCallable.run(ReflectiveCallable.java:12)
	at org.junit.runners.model.FrameworkMethod.invokeExplosively(FrameworkMethod.java:56)
	at org.junit.internal.runners.statements.InvokeMethod.evaluate(InvokeMethod.java:17)
	at org.junit.internal.runners.statements.RunBefores.evaluate(RunBefores.java:26)
	at org.junit.internal.runners.statements.RunAfters.evaluate(RunAfters.java:27)
	at org.junit.runners.ParentRunner$3.evaluate(ParentRunner.java:306)
	at org.junit.runners.BlockJUnit4ClassRunner$1.evaluate(BlockJUnit4ClassRunner.java:100)
	at org.junit.runners.ParentRunner.runLeaf(ParentRunner.java:366)
	at org.junit.runners.BlockJUnit4ClassRunner.runChild(BlockJUnit4ClassRunner.java:103)
	at org.junit.runners.BlockJUnit4ClassRunner.runChild(BlockJUnit4ClassRunner.java:63)
	at org.junit.runners.ParentRunner$4.run(ParentRunner.java:331)
	at org.junit.runners.ParentRunner$1.schedule(ParentRunner.java:79)
	at org.junit.runners.ParentRunner.runChildren(ParentRunner.java:329)
	at org.junit.runners.ParentRunner.access$100(ParentRunner.java:66)
	at org.junit.runners.ParentRunner$2.evaluate(ParentRunner.java:293)
	at org.junit.runners.ParentRunner$3.evaluate(ParentRunner.java:306)
	at org.junit.runners.ParentRunner.run(ParentRunner.java:413)
	at org.junit.runner.JUnitCore.run(JUnitCore.java:137)
	at org.junit.runner.JUnitCore.run(JUnitCore.java:115)
	at org.junit.vintage.engine.execution.RunnerExecutor.execute(RunnerExecutor.java:43)
	at java.util.stream.ForEachOps$ForEachOp$OfRef.accept(ForEachOps.java:183)
	at java.util.stream.ReferencePipeline$3$1.accept(ReferencePipeline.java:193)
	at java.util.Iterator.forEachRemaining(Iterator.java:116)
	at java.util.Spliterators$IteratorSpliterator.forEachRemaining(Spliterators.java:1801)
	at java.util.stream.AbstractPipeline.copyInto(AbstractPipeline.java:482)
	at java.util.stream.AbstractPipeline.wrapAndCopyInto(AbstractPipeline.java:472)
	at java.util.stream.ForEachOps$ForEachOp.evaluateSequential(ForEachOps.java:150)
	at java.util.stream.ForEachOps$ForEachOp$OfRef.evaluateSequential(ForEachOps.java:173)
	at java.util.stream.AbstractPipeline.evaluate(AbstractPipeline.java:234)
	at java.util.stream.ReferencePipeline.forEach(ReferencePipeline.java:485)
	at org.junit.vintage.engine.VintageTestEngine.executeAllChildren(VintageTestEngine.java:82)
	at org.junit.vintage.engine.VintageTestEngine.execute(VintageTestEngine.java:73)
	at org.junit.platform.launcher.core.EngineExecutionOrchestrator.execute(EngineExecutionOrchestrator.java:108)
	at org.junit.platform.launcher.core.EngineExecutionOrchestrator.execute(EngineExecutionOrchestrator.java:88)
	at org.junit.platform.launcher.core.EngineExecutionOrchestrator.lambda$execute$0(EngineExecutionOrchestrator.java:54)
	at org.junit.platform.launcher.core.EngineExecutionOrchestrator.withInterceptedStreams(EngineExecutionOrchestrator.java:67)
	at org.junit.platform.launcher.core.EngineExecutionOrchestrator.execute(EngineExecutionOrchestrator.java:52)
	at org.junit.platform.launcher.core.DefaultLauncher.execute(DefaultLauncher.java:96)
	at org.junit.platform.launcher.core.DefaultLauncher.execute(DefaultLauncher.java:75)
	at org.apache.maven.surefire.junitplatform.JUnitPlatformProvider.invokeAllTests(JUnitPlatformProvider.java:142)
	at org.apache.maven.surefire.junitplatform.JUnitPlatformProvider.invoke(JUnitPlatformProvider.java:113)
	at org.apache.maven.surefire.booter.ForkedBooter.invokeProviderInSameClassLoader(ForkedBooter.java:384)
	at org.apache.maven.surefire.booter.ForkedBooter.runSuitesInProcess(ForkedBooter.java:345)
	at org.apache.maven.surefire.booter.ForkedBooter.execute(ForkedBooter.java:126)
	at org.apache.maven.surefire.booter.ForkedBooter.main(ForkedBooter.java:418)
2021-08-14 14:05:41,732 [SCMBlockDeletingService#0] DEBUG block.SCMBlockDeletingService (SCMBlockDeletingService.java:call(133)) - Running DeletedBlockTransactionScanner
2021-08-14 14:05:41,832 [SCMBlockDeletingService#0] DEBUG block.SCMBlockDeletingService (SCMBlockDeletingService.java:call(133)) - Running DeletedBlockTransactionScanner
2021-08-14 14:05:41,933 [SCMBlockDeletingService#0] DEBUG block.SCMBlockDeletingService (SCMBlockDeletingService.java:call(133)) - Running DeletedBlockTransactionScanner
2021-08-14 14:05:42,033 [SCMBlockDeletingService#0] DEBUG block.SCMBlockDeletingService (SCMBlockDeletingService.java:call(133)) - Running DeletedBlockTransactionScanner
2021-08-14 14:05:42,133 [SCMBlockDeletingService#0] DEBUG block.SCMBlockDeletingService (SCMBlockDeletingService.java:call(133)) - Running DeletedBlockTransactionScanner
2021-08-14 14:05:42,237 [SCMBlockDeletingService#0] DEBUG block.SCMBlockDeletingService (SCMBlockDeletingService.java:call(133)) - Running DeletedBlockTransactionScanner
2021-08-14 14:05:42,337 [SCMBlockDeletingService#0] DEBUG block.SCMBlockDeletingService (SCMBlockDeletingService.java:call(133)) - Running DeletedBlockTransactionScanner
2021-08-14 14:05:42,437 [SCMBlockDeletingService#0] DEBUG block.SCMBlockDeletingService (SCMBlockDeletingService.java:call(133)) - Running DeletedBlockTransactionScanner
2021-08-14 14:05:42,541 [SCMBlockDeletingService#0] DEBUG block.SCMBlockDeletingService (SCMBlockDeletingService.java:call(133)) - Running DeletedBlockTransactionScanner
2021-08-14 14:05:42,641 [SCMBlockDeletingService#0] DEBUG block.SCMBlockDeletingService (SCMBlockDeletingService.java:call(133)) - Running DeletedBlockTransactionScanner
2021-08-14 14:05:42,745 [SCMBlockDeletingService#0] DEBUG block.SCMBlockDeletingService (SCMBlockDeletingService.java:call(133)) - Running DeletedBlockTransactionScanner
2021-08-14 14:05:42,848 [SCMBlockDeletingService#0] DEBUG block.SCMBlockDeletingService (SCMBlockDeletingService.java:call(133)) - Running DeletedBlockTransactionScanner
2021-08-14 14:05:42,948 [SCMBlockDeletingService#0] DEBUG block.SCMBlockDeletingService (SCMBlockDeletingService.java:call(133)) - Running DeletedBlockTransactionScanner
2021-08-14 14:05:43,048 [SCMBlockDeletingService#0] DEBUG block.SCMBlockDeletingService (SCMBlockDeletingService.java:call(133)) - Running DeletedBlockTransactionScanner
2021-08-14 14:05:43,148 [SCMBlockDeletingService#0] DEBUG block.SCMBlockDeletingService (SCMBlockDeletingService.java:call(133)) - Running DeletedBlockTransactionScanner
2021-08-14 14:05:43,248 [SCMBlockDeletingService#0] DEBUG block.SCMBlockDeletingService (SCMBlockDeletingService.java:call(133)) - Running DeletedBlockTransactionScanner
2021-08-14 14:05:43,348 [SCMBlockDeletingService#0] DEBUG block.SCMBlockDeletingService (SCMBlockDeletingService.java:call(133)) - Running DeletedBlockTransactionScanner
2021-08-14 14:05:43,448 [SCMBlockDeletingService#0] DEBUG block.SCMBlockDeletingService (SCMBlockDeletingService.java:call(133)) - Running DeletedBlockTransactionScanner
2021-08-14 14:05:43,548 [SCMBlockDeletingService#0] DEBUG block.SCMBlockDeletingService (SCMBlockDeletingService.java:call(133)) - Running DeletedBlockTransactionScanner
2021-08-14 14:05:43,648 [SCMBlockDeletingService#0] DEBUG block.SCMBlockDeletingService (SCMBlockDeletingService.java:call(133)) - Running DeletedBlockTransactionScanner
2021-08-14 14:05:43,708 [Listener at 127.0.0.1/32925] WARN  commandhandler.TestBlockDeletion (TestBlockDeletion.java:lambda$testBlockDeletion$3(251)) - Verify blocks deletion failed
java.lang.AssertionError: expected null, but was:<[blockId=conID: 20 locID: 107544261427200020 bcsId: 304, size=4194304]>
	at org.junit.Assert.fail(Assert.java:89)
	at org.junit.Assert.failNotNull(Assert.java:756)
	at org.junit.Assert.assertNull(Assert.java:738)
	at org.junit.Assert.assertNull(Assert.java:748)
	at org.apache.hadoop.ozone.container.common.statemachine.commandhandler.TestBlockDeletion.lambda$verifyBlocksDeleted$15(TestBlockDeletion.java:453)
	at org.apache.hadoop.ozone.OzoneTestUtils.performOperationOnKeyContainers(OzoneTestUtils.java:133)
	at org.apache.hadoop.ozone.container.common.statemachine.commandhandler.TestBlockDeletion.verifyBlocksDeleted(TestBlockDeletion.java:442)
	at org.apache.hadoop.ozone.container.common.statemachine.commandhandler.TestBlockDeletion.lambda$testBlockDeletion$3(TestBlockDeletion.java:248)
	at org.apache.ozone.test.GenericTestUtils.waitFor(GenericTestUtils.java:219)
	at org.apache.hadoop.ozone.container.common.statemachine.commandhandler.TestBlockDeletion.testBlockDeletion(TestBlockDeletion.java:246)
	at sun.reflect.NativeMethodAccessorImpl.invoke0(Native Method)
	at sun.reflect.NativeMethodAccessorImpl.invoke(NativeMethodAccessorImpl.java:62)
	at sun.reflect.DelegatingMethodAccessorImpl.invoke(DelegatingMethodAccessorImpl.java:43)
	at java.lang.reflect.Method.invoke(Method.java:498)
	at org.junit.runners.model.FrameworkMethod$1.runReflectiveCall(FrameworkMethod.java:59)
	at org.junit.internal.runners.model.ReflectiveCallable.run(ReflectiveCallable.java:12)
	at org.junit.runners.model.FrameworkMethod.invokeExplosively(FrameworkMethod.java:56)
	at org.junit.internal.runners.statements.InvokeMethod.evaluate(InvokeMethod.java:17)
	at org.junit.internal.runners.statements.RunBefores.evaluate(RunBefores.java:26)
	at org.junit.internal.runners.statements.RunAfters.evaluate(RunAfters.java:27)
	at org.junit.runners.ParentRunner$3.evaluate(ParentRunner.java:306)
	at org.junit.runners.BlockJUnit4ClassRunner$1.evaluate(BlockJUnit4ClassRunner.java:100)
	at org.junit.runners.ParentRunner.runLeaf(ParentRunner.java:366)
	at org.junit.runners.BlockJUnit4ClassRunner.runChild(BlockJUnit4ClassRunner.java:103)
	at org.junit.runners.BlockJUnit4ClassRunner.runChild(BlockJUnit4ClassRunner.java:63)
	at org.junit.runners.ParentRunner$4.run(ParentRunner.java:331)
	at org.junit.runners.ParentRunner$1.schedule(ParentRunner.java:79)
	at org.junit.runners.ParentRunner.runChildren(ParentRunner.java:329)
	at org.junit.runners.ParentRunner.access$100(ParentRunner.java:66)
	at org.junit.runners.ParentRunner$2.evaluate(ParentRunner.java:293)
	at org.junit.runners.ParentRunner$3.evaluate(ParentRunner.java:306)
	at org.junit.runners.ParentRunner.run(ParentRunner.java:413)
	at org.junit.runner.JUnitCore.run(JUnitCore.java:137)
	at org.junit.runner.JUnitCore.run(JUnitCore.java:115)
	at org.junit.vintage.engine.execution.RunnerExecutor.execute(RunnerExecutor.java:43)
	at java.util.stream.ForEachOps$ForEachOp$OfRef.accept(ForEachOps.java:183)
	at java.util.stream.ReferencePipeline$3$1.accept(ReferencePipeline.java:193)
	at java.util.Iterator.forEachRemaining(Iterator.java:116)
	at java.util.Spliterators$IteratorSpliterator.forEachRemaining(Spliterators.java:1801)
	at java.util.stream.AbstractPipeline.copyInto(AbstractPipeline.java:482)
	at java.util.stream.AbstractPipeline.wrapAndCopyInto(AbstractPipeline.java:472)
	at java.util.stream.ForEachOps$ForEachOp.evaluateSequential(ForEachOps.java:150)
	at java.util.stream.ForEachOps$ForEachOp$OfRef.evaluateSequential(ForEachOps.java:173)
	at java.util.stream.AbstractPipeline.evaluate(AbstractPipeline.java:234)
	at java.util.stream.ReferencePipeline.forEach(ReferencePipeline.java:485)
	at org.junit.vintage.engine.VintageTestEngine.executeAllChildren(VintageTestEngine.java:82)
	at org.junit.vintage.engine.VintageTestEngine.execute(VintageTestEngine.java:73)
	at org.junit.platform.launcher.core.EngineExecutionOrchestrator.execute(EngineExecutionOrchestrator.java:108)
	at org.junit.platform.launcher.core.EngineExecutionOrchestrator.execute(EngineExecutionOrchestrator.java:88)
	at org.junit.platform.launcher.core.EngineExecutionOrchestrator.lambda$execute$0(EngineExecutionOrchestrator.java:54)
	at org.junit.platform.launcher.core.EngineExecutionOrchestrator.withInterceptedStreams(EngineExecutionOrchestrator.java:67)
	at org.junit.platform.launcher.core.EngineExecutionOrchestrator.execute(EngineExecutionOrchestrator.java:52)
	at org.junit.platform.launcher.core.DefaultLauncher.execute(DefaultLauncher.java:96)
	at org.junit.platform.launcher.core.DefaultLauncher.execute(DefaultLauncher.java:75)
	at org.apache.maven.surefire.junitplatform.JUnitPlatformProvider.invokeAllTests(JUnitPlatformProvider.java:142)
	at org.apache.maven.surefire.junitplatform.JUnitPlatformProvider.invoke(JUnitPlatformProvider.java:113)
	at org.apache.maven.surefire.booter.ForkedBooter.invokeProviderInSameClassLoader(ForkedBooter.java:384)
	at org.apache.maven.surefire.booter.ForkedBooter.runSuitesInProcess(ForkedBooter.java:345)
	at org.apache.maven.surefire.booter.ForkedBooter.execute(ForkedBooter.java:126)
	at org.apache.maven.surefire.booter.ForkedBooter.main(ForkedBooter.java:418)
2021-08-14 14:05:43,748 [SCMBlockDeletingService#0] DEBUG block.SCMBlockDeletingService (SCMBlockDeletingService.java:call(133)) - Running DeletedBlockTransactionScanner
2021-08-14 14:05:43,849 [SCMBlockDeletingService#0] DEBUG block.SCMBlockDeletingService (SCMBlockDeletingService.java:call(133)) - Running DeletedBlockTransactionScanner
2021-08-14 14:05:43,949 [SCMBlockDeletingService#0] DEBUG block.SCMBlockDeletingService (SCMBlockDeletingService.java:call(133)) - Running DeletedBlockTransactionScanner
2021-08-14 14:05:44,049 [SCMBlockDeletingService#0] DEBUG block.SCMBlockDeletingService (SCMBlockDeletingService.java:call(133)) - Running DeletedBlockTransactionScanner
2021-08-14 14:05:44,149 [SCMBlockDeletingService#0] DEBUG block.SCMBlockDeletingService (SCMBlockDeletingService.java:call(133)) - Running DeletedBlockTransactionScanner
2021-08-14 14:05:44,249 [SCMBlockDeletingService#0] DEBUG block.SCMBlockDeletingService (SCMBlockDeletingService.java:call(133)) - Running DeletedBlockTransactionScanner
2021-08-14 14:05:44,349 [SCMBlockDeletingService#0] DEBUG block.SCMBlockDeletingService (SCMBlockDeletingService.java:call(133)) - Running DeletedBlockTransactionScanner
2021-08-14 14:05:44,449 [SCMBlockDeletingService#0] DEBUG block.SCMBlockDeletingService (SCMBlockDeletingService.java:call(133)) - Running DeletedBlockTransactionScanner
2021-08-14 14:05:44,549 [SCMBlockDeletingService#0] DEBUG block.SCMBlockDeletingService (SCMBlockDeletingService.java:call(133)) - Running DeletedBlockTransactionScanner
2021-08-14 14:05:44,650 [SCMBlockDeletingService#0] DEBUG block.SCMBlockDeletingService (SCMBlockDeletingService.java:call(133)) - Running DeletedBlockTransactionScanner
2021-08-14 14:05:44,750 [SCMBlockDeletingService#0] DEBUG block.SCMBlockDeletingService (SCMBlockDeletingService.java:call(133)) - Running DeletedBlockTransactionScanner
2021-08-14 14:05:44,850 [SCMBlockDeletingService#0] DEBUG block.SCMBlockDeletingService (SCMBlockDeletingService.java:call(133)) - Running DeletedBlockTransactionScanner
2021-08-14 14:05:44,951 [SCMBlockDeletingService#0] DEBUG block.SCMBlockDeletingService (SCMBlockDeletingService.java:call(133)) - Running DeletedBlockTransactionScanner
2021-08-14 14:05:45,051 [SCMBlockDeletingService#0] DEBUG block.SCMBlockDeletingService (SCMBlockDeletingService.java:call(133)) - Running DeletedBlockTransactionScanner
2021-08-14 14:05:45,151 [SCMBlockDeletingService#0] DEBUG block.SCMBlockDeletingService (SCMBlockDeletingService.java:call(133)) - Running DeletedBlockTransactionScanner
2021-08-14 14:05:45,251 [SCMBlockDeletingService#0] DEBUG block.SCMBlockDeletingService (SCMBlockDeletingService.java:call(133)) - Running DeletedBlockTransactionScanner
2021-08-14 14:05:45,353 [SCMBlockDeletingService#0] DEBUG block.SCMBlockDeletingService (SCMBlockDeletingService.java:call(133)) - Running DeletedBlockTransactionScanner
2021-08-14 14:05:45,453 [SCMBlockDeletingService#0] DEBUG block.SCMBlockDeletingService (SCMBlockDeletingService.java:call(133)) - Running DeletedBlockTransactionScanner
2021-08-14 14:05:45,553 [SCMBlockDeletingService#0] DEBUG block.SCMBlockDeletingService (SCMBlockDeletingService.java:call(133)) - Running DeletedBlockTransactionScanner
2021-08-14 14:05:45,653 [SCMBlockDeletingService#0] DEBUG block.SCMBlockDeletingService (SCMBlockDeletingService.java:call(133)) - Running DeletedBlockTransactionScanner
2021-08-14 14:05:45,709 [Listener at 127.0.0.1/32925] WARN  commandhandler.TestBlockDeletion (TestBlockDeletion.java:lambda$testBlockDeletion$3(251)) - Verify blocks deletion failed
java.lang.AssertionError: expected null, but was:<[blockId=conID: 20 locID: 107544261427200020 bcsId: 304, size=4194304]>
	at org.junit.Assert.fail(Assert.java:89)
	at org.junit.Assert.failNotNull(Assert.java:756)
	at org.junit.Assert.assertNull(Assert.java:738)
	at org.junit.Assert.assertNull(Assert.java:748)
	at org.apache.hadoop.ozone.container.common.statemachine.commandhandler.TestBlockDeletion.lambda$verifyBlocksDeleted$15(TestBlockDeletion.java:453)
	at org.apache.hadoop.ozone.OzoneTestUtils.performOperationOnKeyContainers(OzoneTestUtils.java:133)
	at org.apache.hadoop.ozone.container.common.statemachine.commandhandler.TestBlockDeletion.verifyBlocksDeleted(TestBlockDeletion.java:442)
	at org.apache.hadoop.ozone.container.common.statemachine.commandhandler.TestBlockDeletion.lambda$testBlockDeletion$3(TestBlockDeletion.java:248)
	at org.apache.ozone.test.GenericTestUtils.waitFor(GenericTestUtils.java:219)
	at org.apache.hadoop.ozone.container.common.statemachine.commandhandler.TestBlockDeletion.testBlockDeletion(TestBlockDeletion.java:246)
	at sun.reflect.NativeMethodAccessorImpl.invoke0(Native Method)
	at sun.reflect.NativeMethodAccessorImpl.invoke(NativeMethodAccessorImpl.java:62)
	at sun.reflect.DelegatingMethodAccessorImpl.invoke(DelegatingMethodAccessorImpl.java:43)
	at java.lang.reflect.Method.invoke(Method.java:498)
	at org.junit.runners.model.FrameworkMethod$1.runReflectiveCall(FrameworkMethod.java:59)
	at org.junit.internal.runners.model.ReflectiveCallable.run(ReflectiveCallable.java:12)
	at org.junit.runners.model.FrameworkMethod.invokeExplosively(FrameworkMethod.java:56)
	at org.junit.internal.runners.statements.InvokeMethod.evaluate(InvokeMethod.java:17)
	at org.junit.internal.runners.statements.RunBefores.evaluate(RunBefores.java:26)
	at org.junit.internal.runners.statements.RunAfters.evaluate(RunAfters.java:27)
	at org.junit.runners.ParentRunner$3.evaluate(ParentRunner.java:306)
	at org.junit.runners.BlockJUnit4ClassRunner$1.evaluate(BlockJUnit4ClassRunner.java:100)
	at org.junit.runners.ParentRunner.runLeaf(ParentRunner.java:366)
	at org.junit.runners.BlockJUnit4ClassRunner.runChild(BlockJUnit4ClassRunner.java:103)
	at org.junit.runners.BlockJUnit4ClassRunner.runChild(BlockJUnit4ClassRunner.java:63)
	at org.junit.runners.ParentRunner$4.run(ParentRunner.java:331)
	at org.junit.runners.ParentRunner$1.schedule(ParentRunner.java:79)
	at org.junit.runners.ParentRunner.runChildren(ParentRunner.java:329)
	at org.junit.runners.ParentRunner.access$100(ParentRunner.java:66)
	at org.junit.runners.ParentRunner$2.evaluate(ParentRunner.java:293)
	at org.junit.runners.ParentRunner$3.evaluate(ParentRunner.java:306)
	at org.junit.runners.ParentRunner.run(ParentRunner.java:413)
	at org.junit.runner.JUnitCore.run(JUnitCore.java:137)
	at org.junit.runner.JUnitCore.run(JUnitCore.java:115)
	at org.junit.vintage.engine.execution.RunnerExecutor.execute(RunnerExecutor.java:43)
	at java.util.stream.ForEachOps$ForEachOp$OfRef.accept(ForEachOps.java:183)
	at java.util.stream.ReferencePipeline$3$1.accept(ReferencePipeline.java:193)
	at java.util.Iterator.forEachRemaining(Iterator.java:116)
	at java.util.Spliterators$IteratorSpliterator.forEachRemaining(Spliterators.java:1801)
	at java.util.stream.AbstractPipeline.copyInto(AbstractPipeline.java:482)
	at java.util.stream.AbstractPipeline.wrapAndCopyInto(AbstractPipeline.java:472)
	at java.util.stream.ForEachOps$ForEachOp.evaluateSequential(ForEachOps.java:150)
	at java.util.stream.ForEachOps$ForEachOp$OfRef.evaluateSequential(ForEachOps.java:173)
	at java.util.stream.AbstractPipeline.evaluate(AbstractPipeline.java:234)
	at java.util.stream.ReferencePipeline.forEach(ReferencePipeline.java:485)
	at org.junit.vintage.engine.VintageTestEngine.executeAllChildren(VintageTestEngine.java:82)
	at org.junit.vintage.engine.VintageTestEngine.execute(VintageTestEngine.java:73)
	at org.junit.platform.launcher.core.EngineExecutionOrchestrator.execute(EngineExecutionOrchestrator.java:108)
	at org.junit.platform.launcher.core.EngineExecutionOrchestrator.execute(EngineExecutionOrchestrator.java:88)
	at org.junit.platform.launcher.core.EngineExecutionOrchestrator.lambda$execute$0(EngineExecutionOrchestrator.java:54)
	at org.junit.platform.launcher.core.EngineExecutionOrchestrator.withInterceptedStreams(EngineExecutionOrchestrator.java:67)
	at org.junit.platform.launcher.core.EngineExecutionOrchestrator.execute(EngineExecutionOrchestrator.java:52)
	at org.junit.platform.launcher.core.DefaultLauncher.execute(DefaultLauncher.java:96)
	at org.junit.platform.launcher.core.DefaultLauncher.execute(DefaultLauncher.java:75)
	at org.apache.maven.surefire.junitplatform.JUnitPlatformProvider.invokeAllTests(JUnitPlatformProvider.java:142)
	at org.apache.maven.surefire.junitplatform.JUnitPlatformProvider.invoke(JUnitPlatformProvider.java:113)
	at org.apache.maven.surefire.booter.ForkedBooter.invokeProviderInSameClassLoader(ForkedBooter.java:384)
	at org.apache.maven.surefire.booter.ForkedBooter.runSuitesInProcess(ForkedBooter.java:345)
	at org.apache.maven.surefire.booter.ForkedBooter.execute(ForkedBooter.java:126)
	at org.apache.maven.surefire.booter.ForkedBooter.main(ForkedBooter.java:418)
2021-08-14 14:05:45,753 [SCMBlockDeletingService#0] DEBUG block.SCMBlockDeletingService (SCMBlockDeletingService.java:call(133)) - Running DeletedBlockTransactionScanner
2021-08-14 14:05:45,857 [SCMBlockDeletingService#0] DEBUG block.SCMBlockDeletingService (SCMBlockDeletingService.java:call(133)) - Running DeletedBlockTransactionScanner
2021-08-14 14:05:45,957 [SCMBlockDeletingService#0] DEBUG block.SCMBlockDeletingService (SCMBlockDeletingService.java:call(133)) - Running DeletedBlockTransactionScanner
2021-08-14 14:05:46,061 [SCMBlockDeletingService#0] DEBUG block.SCMBlockDeletingService (SCMBlockDeletingService.java:call(133)) - Running DeletedBlockTransactionScanner
2021-08-14 14:05:46,161 [SCMBlockDeletingService#0] DEBUG block.SCMBlockDeletingService (SCMBlockDeletingService.java:call(133)) - Running DeletedBlockTransactionScanner
2021-08-14 14:05:46,261 [SCMBlockDeletingService#0] DEBUG block.SCMBlockDeletingService (SCMBlockDeletingService.java:call(133)) - Running DeletedBlockTransactionScanner
2021-08-14 14:05:46,362 [SCMBlockDeletingService#0] DEBUG block.SCMBlockDeletingService (SCMBlockDeletingService.java:call(133)) - Running DeletedBlockTransactionScanner
2021-08-14 14:05:46,462 [SCMBlockDeletingService#0] DEBUG block.SCMBlockDeletingService (SCMBlockDeletingService.java:call(133)) - Running DeletedBlockTransactionScanner
2021-08-14 14:05:46,562 [SCMBlockDeletingService#0] DEBUG block.SCMBlockDeletingService (SCMBlockDeletingService.java:call(133)) - Running DeletedBlockTransactionScanner
2021-08-14 14:05:46,662 [SCMBlockDeletingService#0] DEBUG block.SCMBlockDeletingService (SCMBlockDeletingService.java:call(133)) - Running DeletedBlockTransactionScanner
2021-08-14 14:05:46,762 [SCMBlockDeletingService#0] DEBUG block.SCMBlockDeletingService (SCMBlockDeletingService.java:call(133)) - Running DeletedBlockTransactionScanner
2021-08-14 14:05:46,862 [SCMBlockDeletingService#0] DEBUG block.SCMBlockDeletingService (SCMBlockDeletingService.java:call(133)) - Running DeletedBlockTransactionScanner
2021-08-14 14:05:46,962 [SCMBlockDeletingService#0] DEBUG block.SCMBlockDeletingService (SCMBlockDeletingService.java:call(133)) - Running DeletedBlockTransactionScanner
2021-08-14 14:05:47,062 [SCMBlockDeletingService#0] DEBUG block.SCMBlockDeletingService (SCMBlockDeletingService.java:call(133)) - Running DeletedBlockTransactionScanner
2021-08-14 14:05:47,162 [SCMBlockDeletingService#0] DEBUG block.SCMBlockDeletingService (SCMBlockDeletingService.java:call(133)) - Running DeletedBlockTransactionScanner
2021-08-14 14:05:47,264 [SCMBlockDeletingService#0] DEBUG block.SCMBlockDeletingService (SCMBlockDeletingService.java:call(133)) - Running DeletedBlockTransactionScanner
2021-08-14 14:05:47,364 [SCMBlockDeletingService#0] DEBUG block.SCMBlockDeletingService (SCMBlockDeletingService.java:call(133)) - Running DeletedBlockTransactionScanner
2021-08-14 14:05:47,464 [SCMBlockDeletingService#0] DEBUG block.SCMBlockDeletingService (SCMBlockDeletingService.java:call(133)) - Running DeletedBlockTransactionScanner
2021-08-14 14:05:47,564 [SCMBlockDeletingService#0] DEBUG block.SCMBlockDeletingService (SCMBlockDeletingService.java:call(133)) - Running DeletedBlockTransactionScanner
2021-08-14 14:05:47,664 [SCMBlockDeletingService#0] DEBUG block.SCMBlockDeletingService (SCMBlockDeletingService.java:call(133)) - Running DeletedBlockTransactionScanner
2021-08-14 14:05:47,711 [Listener at 127.0.0.1/32925] WARN  commandhandler.TestBlockDeletion (TestBlockDeletion.java:lambda$testBlockDeletion$3(251)) - Verify blocks deletion failed
java.lang.AssertionError: expected null, but was:<[blockId=conID: 20 locID: 107544261427200020 bcsId: 304, size=4194304]>
	at org.junit.Assert.fail(Assert.java:89)
	at org.junit.Assert.failNotNull(Assert.java:756)
	at org.junit.Assert.assertNull(Assert.java:738)
	at org.junit.Assert.assertNull(Assert.java:748)
	at org.apache.hadoop.ozone.container.common.statemachine.commandhandler.TestBlockDeletion.lambda$verifyBlocksDeleted$15(TestBlockDeletion.java:453)
	at org.apache.hadoop.ozone.OzoneTestUtils.performOperationOnKeyContainers(OzoneTestUtils.java:133)
	at org.apache.hadoop.ozone.container.common.statemachine.commandhandler.TestBlockDeletion.verifyBlocksDeleted(TestBlockDeletion.java:442)
	at org.apache.hadoop.ozone.container.common.statemachine.commandhandler.TestBlockDeletion.lambda$testBlockDeletion$3(TestBlockDeletion.java:248)
	at org.apache.ozone.test.GenericTestUtils.waitFor(GenericTestUtils.java:219)
	at org.apache.hadoop.ozone.container.common.statemachine.commandhandler.TestBlockDeletion.testBlockDeletion(TestBlockDeletion.java:246)
	at sun.reflect.NativeMethodAccessorImpl.invoke0(Native Method)
	at sun.reflect.NativeMethodAccessorImpl.invoke(NativeMethodAccessorImpl.java:62)
	at sun.reflect.DelegatingMethodAccessorImpl.invoke(DelegatingMethodAccessorImpl.java:43)
	at java.lang.reflect.Method.invoke(Method.java:498)
	at org.junit.runners.model.FrameworkMethod$1.runReflectiveCall(FrameworkMethod.java:59)
	at org.junit.internal.runners.model.ReflectiveCallable.run(ReflectiveCallable.java:12)
	at org.junit.runners.model.FrameworkMethod.invokeExplosively(FrameworkMethod.java:56)
	at org.junit.internal.runners.statements.InvokeMethod.evaluate(InvokeMethod.java:17)
	at org.junit.internal.runners.statements.RunBefores.evaluate(RunBefores.java:26)
	at org.junit.internal.runners.statements.RunAfters.evaluate(RunAfters.java:27)
	at org.junit.runners.ParentRunner$3.evaluate(ParentRunner.java:306)
	at org.junit.runners.BlockJUnit4ClassRunner$1.evaluate(BlockJUnit4ClassRunner.java:100)
	at org.junit.runners.ParentRunner.runLeaf(ParentRunner.java:366)
	at org.junit.runners.BlockJUnit4ClassRunner.runChild(BlockJUnit4ClassRunner.java:103)
	at org.junit.runners.BlockJUnit4ClassRunner.runChild(BlockJUnit4ClassRunner.java:63)
	at org.junit.runners.ParentRunner$4.run(ParentRunner.java:331)
	at org.junit.runners.ParentRunner$1.schedule(ParentRunner.java:79)
	at org.junit.runners.ParentRunner.runChildren(ParentRunner.java:329)
	at org.junit.runners.ParentRunner.access$100(ParentRunner.java:66)
	at org.junit.runners.ParentRunner$2.evaluate(ParentRunner.java:293)
	at org.junit.runners.ParentRunner$3.evaluate(ParentRunner.java:306)
	at org.junit.runners.ParentRunner.run(ParentRunner.java:413)
	at org.junit.runner.JUnitCore.run(JUnitCore.java:137)
	at org.junit.runner.JUnitCore.run(JUnitCore.java:115)
	at org.junit.vintage.engine.execution.RunnerExecutor.execute(RunnerExecutor.java:43)
	at java.util.stream.ForEachOps$ForEachOp$OfRef.accept(ForEachOps.java:183)
	at java.util.stream.ReferencePipeline$3$1.accept(ReferencePipeline.java:193)
	at java.util.Iterator.forEachRemaining(Iterator.java:116)
	at java.util.Spliterators$IteratorSpliterator.forEachRemaining(Spliterators.java:1801)
	at java.util.stream.AbstractPipeline.copyInto(AbstractPipeline.java:482)
	at java.util.stream.AbstractPipeline.wrapAndCopyInto(AbstractPipeline.java:472)
	at java.util.stream.ForEachOps$ForEachOp.evaluateSequential(ForEachOps.java:150)
	at java.util.stream.ForEachOps$ForEachOp$OfRef.evaluateSequential(ForEachOps.java:173)
	at java.util.stream.AbstractPipeline.evaluate(AbstractPipeline.java:234)
	at java.util.stream.ReferencePipeline.forEach(ReferencePipeline.java:485)
	at org.junit.vintage.engine.VintageTestEngine.executeAllChildren(VintageTestEngine.java:82)
	at org.junit.vintage.engine.VintageTestEngine.execute(VintageTestEngine.java:73)
	at org.junit.platform.launcher.core.EngineExecutionOrchestrator.execute(EngineExecutionOrchestrator.java:108)
	at org.junit.platform.launcher.core.EngineExecutionOrchestrator.execute(EngineExecutionOrchestrator.java:88)
	at org.junit.platform.launcher.core.EngineExecutionOrchestrator.lambda$execute$0(EngineExecutionOrchestrator.java:54)
	at org.junit.platform.launcher.core.EngineExecutionOrchestrator.withInterceptedStreams(EngineExecutionOrchestrator.java:67)
	at org.junit.platform.launcher.core.EngineExecutionOrchestrator.execute(EngineExecutionOrchestrator.java:52)
	at org.junit.platform.launcher.core.DefaultLauncher.execute(DefaultLauncher.java:96)
	at org.junit.platform.launcher.core.DefaultLauncher.execute(DefaultLauncher.java:75)
	at org.apache.maven.surefire.junitplatform.JUnitPlatformProvider.invokeAllTests(JUnitPlatformProvider.java:142)
	at org.apache.maven.surefire.junitplatform.JUnitPlatformProvider.invoke(JUnitPlatformProvider.java:113)
	at org.apache.maven.surefire.booter.ForkedBooter.invokeProviderInSameClassLoader(ForkedBooter.java:384)
	at org.apache.maven.surefire.booter.ForkedBooter.runSuitesInProcess(ForkedBooter.java:345)
	at org.apache.maven.surefire.booter.ForkedBooter.execute(ForkedBooter.java:126)
	at org.apache.maven.surefire.booter.ForkedBooter.main(ForkedBooter.java:418)
2021-08-14 14:05:47,764 [SCMBlockDeletingService#0] DEBUG block.SCMBlockDeletingService (SCMBlockDeletingService.java:call(133)) - Running DeletedBlockTransactionScanner
2021-08-14 14:05:47,864 [SCMBlockDeletingService#0] DEBUG block.SCMBlockDeletingService (SCMBlockDeletingService.java:call(133)) - Running DeletedBlockTransactionScanner
2021-08-14 14:05:47,966 [SCMBlockDeletingService#0] DEBUG block.SCMBlockDeletingService (SCMBlockDeletingService.java:call(133)) - Running DeletedBlockTransactionScanner
2021-08-14 14:05:48,066 [SCMBlockDeletingService#0] DEBUG block.SCMBlockDeletingService (SCMBlockDeletingService.java:call(133)) - Running DeletedBlockTransactionScanner
2021-08-14 14:05:48,166 [SCMBlockDeletingService#0] DEBUG block.SCMBlockDeletingService (SCMBlockDeletingService.java:call(133)) - Running DeletedBlockTransactionScanner
2021-08-14 14:05:48,266 [SCMBlockDeletingService#0] DEBUG block.SCMBlockDeletingService (SCMBlockDeletingService.java:call(133)) - Running DeletedBlockTransactionScanner
2021-08-14 14:05:48,368 [SCMBlockDeletingService#0] DEBUG block.SCMBlockDeletingService (SCMBlockDeletingService.java:call(133)) - Running DeletedBlockTransactionScanner
2021-08-14 14:05:48,468 [SCMBlockDeletingService#0] DEBUG block.SCMBlockDeletingService (SCMBlockDeletingService.java:call(133)) - Running DeletedBlockTransactionScanner
2021-08-14 14:05:48,568 [SCMBlockDeletingService#0] DEBUG block.SCMBlockDeletingService (SCMBlockDeletingService.java:call(133)) - Running DeletedBlockTransactionScanner
2021-08-14 14:05:48,668 [SCMBlockDeletingService#0] DEBUG block.SCMBlockDeletingService (SCMBlockDeletingService.java:call(133)) - Running DeletedBlockTransactionScanner
2021-08-14 14:05:48,801 [SCMBlockDeletingService#0] DEBUG block.SCMBlockDeletingService (SCMBlockDeletingService.java:call(133)) - Running DeletedBlockTransactionScanner
2021-08-14 14:05:48,901 [SCMBlockDeletingService#0] DEBUG block.SCMBlockDeletingService (SCMBlockDeletingService.java:call(133)) - Running DeletedBlockTransactionScanner
2021-08-14 14:05:49,001 [SCMBlockDeletingService#0] DEBUG block.SCMBlockDeletingService (SCMBlockDeletingService.java:call(133)) - Running DeletedBlockTransactionScanner
2021-08-14 14:05:49,101 [SCMBlockDeletingService#0] DEBUG block.SCMBlockDeletingService (SCMBlockDeletingService.java:call(133)) - Running DeletedBlockTransactionScanner
2021-08-14 14:05:49,204 [SCMBlockDeletingService#0] DEBUG block.SCMBlockDeletingService (SCMBlockDeletingService.java:call(133)) - Running DeletedBlockTransactionScanner
2021-08-14 14:05:49,304 [SCMBlockDeletingService#0] DEBUG block.SCMBlockDeletingService (SCMBlockDeletingService.java:call(133)) - Running DeletedBlockTransactionScanner
2021-08-14 14:05:49,404 [SCMBlockDeletingService#0] DEBUG block.SCMBlockDeletingService (SCMBlockDeletingService.java:call(133)) - Running DeletedBlockTransactionScanner
2021-08-14 14:05:49,504 [SCMBlockDeletingService#0] DEBUG block.SCMBlockDeletingService (SCMBlockDeletingService.java:call(133)) - Running DeletedBlockTransactionScanner
2021-08-14 14:05:49,604 [SCMBlockDeletingService#0] DEBUG block.SCMBlockDeletingService (SCMBlockDeletingService.java:call(133)) - Running DeletedBlockTransactionScanner
2021-08-14 14:05:49,704 [SCMBlockDeletingService#0] DEBUG block.SCMBlockDeletingService (SCMBlockDeletingService.java:call(133)) - Running DeletedBlockTransactionScanner
2021-08-14 14:05:49,712 [Listener at 127.0.0.1/32925] WARN  commandhandler.TestBlockDeletion (TestBlockDeletion.java:lambda$testBlockDeletion$3(251)) - Verify blocks deletion failed
java.lang.AssertionError: expected null, but was:<[blockId=conID: 20 locID: 107544261427200020 bcsId: 304, size=4194304]>
	at org.junit.Assert.fail(Assert.java:89)
	at org.junit.Assert.failNotNull(Assert.java:756)
	at org.junit.Assert.assertNull(Assert.java:738)
	at org.junit.Assert.assertNull(Assert.java:748)
	at org.apache.hadoop.ozone.container.common.statemachine.commandhandler.TestBlockDeletion.lambda$verifyBlocksDeleted$15(TestBlockDeletion.java:453)
	at org.apache.hadoop.ozone.OzoneTestUtils.performOperationOnKeyContainers(OzoneTestUtils.java:133)
	at org.apache.hadoop.ozone.container.common.statemachine.commandhandler.TestBlockDeletion.verifyBlocksDeleted(TestBlockDeletion.java:442)
	at org.apache.hadoop.ozone.container.common.statemachine.commandhandler.TestBlockDeletion.lambda$testBlockDeletion$3(TestBlockDeletion.java:248)
	at org.apache.ozone.test.GenericTestUtils.waitFor(GenericTestUtils.java:219)
	at org.apache.hadoop.ozone.container.common.statemachine.commandhandler.TestBlockDeletion.testBlockDeletion(TestBlockDeletion.java:246)
	at sun.reflect.NativeMethodAccessorImpl.invoke0(Native Method)
	at sun.reflect.NativeMethodAccessorImpl.invoke(NativeMethodAccessorImpl.java:62)
	at sun.reflect.DelegatingMethodAccessorImpl.invoke(DelegatingMethodAccessorImpl.java:43)
	at java.lang.reflect.Method.invoke(Method.java:498)
	at org.junit.runners.model.FrameworkMethod$1.runReflectiveCall(FrameworkMethod.java:59)
	at org.junit.internal.runners.model.ReflectiveCallable.run(ReflectiveCallable.java:12)
	at org.junit.runners.model.FrameworkMethod.invokeExplosively(FrameworkMethod.java:56)
	at org.junit.internal.runners.statements.InvokeMethod.evaluate(InvokeMethod.java:17)
	at org.junit.internal.runners.statements.RunBefores.evaluate(RunBefores.java:26)
	at org.junit.internal.runners.statements.RunAfters.evaluate(RunAfters.java:27)
	at org.junit.runners.ParentRunner$3.evaluate(ParentRunner.java:306)
	at org.junit.runners.BlockJUnit4ClassRunner$1.evaluate(BlockJUnit4ClassRunner.java:100)
	at org.junit.runners.ParentRunner.runLeaf(ParentRunner.java:366)
	at org.junit.runners.BlockJUnit4ClassRunner.runChild(BlockJUnit4ClassRunner.java:103)
	at org.junit.runners.BlockJUnit4ClassRunner.runChild(BlockJUnit4ClassRunner.java:63)
	at org.junit.runners.ParentRunner$4.run(ParentRunner.java:331)
	at org.junit.runners.ParentRunner$1.schedule(ParentRunner.java:79)
	at org.junit.runners.ParentRunner.runChildren(ParentRunner.java:329)
	at org.junit.runners.ParentRunner.access$100(ParentRunner.java:66)
	at org.junit.runners.ParentRunner$2.evaluate(ParentRunner.java:293)
	at org.junit.runners.ParentRunner$3.evaluate(ParentRunner.java:306)
	at org.junit.runners.ParentRunner.run(ParentRunner.java:413)
	at org.junit.runner.JUnitCore.run(JUnitCore.java:137)
	at org.junit.runner.JUnitCore.run(JUnitCore.java:115)
	at org.junit.vintage.engine.execution.RunnerExecutor.execute(RunnerExecutor.java:43)
	at java.util.stream.ForEachOps$ForEachOp$OfRef.accept(ForEachOps.java:183)
	at java.util.stream.ReferencePipeline$3$1.accept(ReferencePipeline.java:193)
	at java.util.Iterator.forEachRemaining(Iterator.java:116)
	at java.util.Spliterators$IteratorSpliterator.forEachRemaining(Spliterators.java:1801)
	at java.util.stream.AbstractPipeline.copyInto(AbstractPipeline.java:482)
	at java.util.stream.AbstractPipeline.wrapAndCopyInto(AbstractPipeline.java:472)
	at java.util.stream.ForEachOps$ForEachOp.evaluateSequential(ForEachOps.java:150)
	at java.util.stream.ForEachOps$ForEachOp$OfRef.evaluateSequential(ForEachOps.java:173)
	at java.util.stream.AbstractPipeline.evaluate(AbstractPipeline.java:234)
	at java.util.stream.ReferencePipeline.forEach(ReferencePipeline.java:485)
	at org.junit.vintage.engine.VintageTestEngine.executeAllChildren(VintageTestEngine.java:82)
	at org.junit.vintage.engine.VintageTestEngine.execute(VintageTestEngine.java:73)
	at org.junit.platform.launcher.core.EngineExecutionOrchestrator.execute(EngineExecutionOrchestrator.java:108)
	at org.junit.platform.launcher.core.EngineExecutionOrchestrator.execute(EngineExecutionOrchestrator.java:88)
	at org.junit.platform.launcher.core.EngineExecutionOrchestrator.lambda$execute$0(EngineExecutionOrchestrator.java:54)
	at org.junit.platform.launcher.core.EngineExecutionOrchestrator.withInterceptedStreams(EngineExecutionOrchestrator.java:67)
	at org.junit.platform.launcher.core.EngineExecutionOrchestrator.execute(EngineExecutionOrchestrator.java:52)
	at org.junit.platform.launcher.core.DefaultLauncher.execute(DefaultLauncher.java:96)
	at org.junit.platform.launcher.core.DefaultLauncher.execute(DefaultLauncher.java:75)
	at org.apache.maven.surefire.junitplatform.JUnitPlatformProvider.invokeAllTests(JUnitPlatformProvider.java:142)
	at org.apache.maven.surefire.junitplatform.JUnitPlatformProvider.invoke(JUnitPlatformProvider.java:113)
	at org.apache.maven.surefire.booter.ForkedBooter.invokeProviderInSameClassLoader(ForkedBooter.java:384)
	at org.apache.maven.surefire.booter.ForkedBooter.runSuitesInProcess(ForkedBooter.java:345)
	at org.apache.maven.surefire.booter.ForkedBooter.execute(ForkedBooter.java:126)
	at org.apache.maven.surefire.booter.ForkedBooter.main(ForkedBooter.java:418)
2021-08-14 14:05:49,804 [SCMBlockDeletingService#0] DEBUG block.SCMBlockDeletingService (SCMBlockDeletingService.java:call(133)) - Running DeletedBlockTransactionScanner
2021-08-14 14:05:49,905 [SCMBlockDeletingService#0] DEBUG block.SCMBlockDeletingService (SCMBlockDeletingService.java:call(133)) - Running DeletedBlockTransactionScanner
2021-08-14 14:05:50,009 [SCMBlockDeletingService#0] DEBUG block.SCMBlockDeletingService (SCMBlockDeletingService.java:call(133)) - Running DeletedBlockTransactionScanner
2021-08-14 14:05:50,109 [SCMBlockDeletingService#0] DEBUG block.SCMBlockDeletingService (SCMBlockDeletingService.java:call(133)) - Running DeletedBlockTransactionScanner
2021-08-14 14:05:50,209 [SCMBlockDeletingService#0] DEBUG block.SCMBlockDeletingService (SCMBlockDeletingService.java:call(133)) - Running DeletedBlockTransactionScanner
2021-08-14 14:05:50,310 [SCMBlockDeletingService#0] DEBUG block.SCMBlockDeletingService (SCMBlockDeletingService.java:call(133)) - Running DeletedBlockTransactionScanner
2021-08-14 14:05:50,410 [SCMBlockDeletingService#0] DEBUG block.SCMBlockDeletingService (SCMBlockDeletingService.java:call(133)) - Running DeletedBlockTransactionScanner
2021-08-14 14:05:50,513 [SCMBlockDeletingService#0] DEBUG block.SCMBlockDeletingService (SCMBlockDeletingService.java:call(133)) - Running DeletedBlockTransactionScanner
2021-08-14 14:05:50,613 [SCMBlockDeletingService#0] DEBUG block.SCMBlockDeletingService (SCMBlockDeletingService.java:call(133)) - Running DeletedBlockTransactionScanner
2021-08-14 14:05:50,717 [SCMBlockDeletingService#0] DEBUG block.SCMBlockDeletingService (SCMBlockDeletingService.java:call(133)) - Running DeletedBlockTransactionScanner
2021-08-14 14:05:50,817 [SCMBlockDeletingService#0] DEBUG block.SCMBlockDeletingService (SCMBlockDeletingService.java:call(133)) - Running DeletedBlockTransactionScanner
2021-08-14 14:05:50,918 [SCMBlockDeletingService#0] DEBUG block.SCMBlockDeletingService (SCMBlockDeletingService.java:call(133)) - Running DeletedBlockTransactionScanner
2021-08-14 14:05:51,018 [SCMBlockDeletingService#0] DEBUG block.SCMBlockDeletingService (SCMBlockDeletingService.java:call(133)) - Running DeletedBlockTransactionScanner
2021-08-14 14:05:51,118 [SCMBlockDeletingService#0] DEBUG block.SCMBlockDeletingService (SCMBlockDeletingService.java:call(133)) - Running DeletedBlockTransactionScanner
2021-08-14 14:05:51,218 [SCMBlockDeletingService#0] DEBUG block.SCMBlockDeletingService (SCMBlockDeletingService.java:call(133)) - Running DeletedBlockTransactionScanner
2021-08-14 14:05:51,318 [SCMBlockDeletingService#0] DEBUG block.SCMBlockDeletingService (SCMBlockDeletingService.java:call(133)) - Running DeletedBlockTransactionScanner
2021-08-14 14:05:51,419 [SCMBlockDeletingService#0] DEBUG block.SCMBlockDeletingService (SCMBlockDeletingService.java:call(133)) - Running DeletedBlockTransactionScanner
2021-08-14 14:05:51,519 [SCMBlockDeletingService#0] DEBUG block.SCMBlockDeletingService (SCMBlockDeletingService.java:call(133)) - Running DeletedBlockTransactionScanner
2021-08-14 14:05:51,619 [SCMBlockDeletingService#0] DEBUG block.SCMBlockDeletingService (SCMBlockDeletingService.java:call(133)) - Running DeletedBlockTransactionScanner
2021-08-14 14:05:51,715 [Listener at 127.0.0.1/32925] WARN  commandhandler.TestBlockDeletion (TestBlockDeletion.java:lambda$testBlockDeletion$3(251)) - Verify blocks deletion failed
java.lang.AssertionError: expected null, but was:<[blockId=conID: 20 locID: 107544261427200020 bcsId: 304, size=4194304]>
	at org.junit.Assert.fail(Assert.java:89)
	at org.junit.Assert.failNotNull(Assert.java:756)
	at org.junit.Assert.assertNull(Assert.java:738)
	at org.junit.Assert.assertNull(Assert.java:748)
	at org.apache.hadoop.ozone.container.common.statemachine.commandhandler.TestBlockDeletion.lambda$verifyBlocksDeleted$15(TestBlockDeletion.java:453)
	at org.apache.hadoop.ozone.OzoneTestUtils.performOperationOnKeyContainers(OzoneTestUtils.java:133)
	at org.apache.hadoop.ozone.container.common.statemachine.commandhandler.TestBlockDeletion.verifyBlocksDeleted(TestBlockDeletion.java:442)
	at org.apache.hadoop.ozone.container.common.statemachine.commandhandler.TestBlockDeletion.lambda$testBlockDeletion$3(TestBlockDeletion.java:248)
	at org.apache.ozone.test.GenericTestUtils.waitFor(GenericTestUtils.java:219)
	at org.apache.hadoop.ozone.container.common.statemachine.commandhandler.TestBlockDeletion.testBlockDeletion(TestBlockDeletion.java:246)
	at sun.reflect.NativeMethodAccessorImpl.invoke0(Native Method)
	at sun.reflect.NativeMethodAccessorImpl.invoke(NativeMethodAccessorImpl.java:62)
	at sun.reflect.DelegatingMethodAccessorImpl.invoke(DelegatingMethodAccessorImpl.java:43)
	at java.lang.reflect.Method.invoke(Method.java:498)
	at org.junit.runners.model.FrameworkMethod$1.runReflectiveCall(FrameworkMethod.java:59)
	at org.junit.internal.runners.model.ReflectiveCallable.run(ReflectiveCallable.java:12)
	at org.junit.runners.model.FrameworkMethod.invokeExplosively(FrameworkMethod.java:56)
	at org.junit.internal.runners.statements.InvokeMethod.evaluate(InvokeMethod.java:17)
	at org.junit.internal.runners.statements.RunBefores.evaluate(RunBefores.java:26)
	at org.junit.internal.runners.statements.RunAfters.evaluate(RunAfters.java:27)
	at org.junit.runners.ParentRunner$3.evaluate(ParentRunner.java:306)
	at org.junit.runners.BlockJUnit4ClassRunner$1.evaluate(BlockJUnit4ClassRunner.java:100)
	at org.junit.runners.ParentRunner.runLeaf(ParentRunner.java:366)
	at org.junit.runners.BlockJUnit4ClassRunner.runChild(BlockJUnit4ClassRunner.java:103)
	at org.junit.runners.BlockJUnit4ClassRunner.runChild(BlockJUnit4ClassRunner.java:63)
	at org.junit.runners.ParentRunner$4.run(ParentRunner.java:331)
	at org.junit.runners.ParentRunner$1.schedule(ParentRunner.java:79)
	at org.junit.runners.ParentRunner.runChildren(ParentRunner.java:329)
	at org.junit.runners.ParentRunner.access$100(ParentRunner.java:66)
	at org.junit.runners.ParentRunner$2.evaluate(ParentRunner.java:293)
	at org.junit.runners.ParentRunner$3.evaluate(ParentRunner.java:306)
	at org.junit.runners.ParentRunner.run(ParentRunner.java:413)
	at org.junit.runner.JUnitCore.run(JUnitCore.java:137)
	at org.junit.runner.JUnitCore.run(JUnitCore.java:115)
	at org.junit.vintage.engine.execution.RunnerExecutor.execute(RunnerExecutor.java:43)
	at java.util.stream.ForEachOps$ForEachOp$OfRef.accept(ForEachOps.java:183)
	at java.util.stream.ReferencePipeline$3$1.accept(ReferencePipeline.java:193)
	at java.util.Iterator.forEachRemaining(Iterator.java:116)
	at java.util.Spliterators$IteratorSpliterator.forEachRemaining(Spliterators.java:1801)
	at java.util.stream.AbstractPipeline.copyInto(AbstractPipeline.java:482)
	at java.util.stream.AbstractPipeline.wrapAndCopyInto(AbstractPipeline.java:472)
	at java.util.stream.ForEachOps$ForEachOp.evaluateSequential(ForEachOps.java:150)
	at java.util.stream.ForEachOps$ForEachOp$OfRef.evaluateSequential(ForEachOps.java:173)
	at java.util.stream.AbstractPipeline.evaluate(AbstractPipeline.java:234)
	at java.util.stream.ReferencePipeline.forEach(ReferencePipeline.java:485)
	at org.junit.vintage.engine.VintageTestEngine.executeAllChildren(VintageTestEngine.java:82)
	at org.junit.vintage.engine.VintageTestEngine.execute(VintageTestEngine.java:73)
	at org.junit.platform.launcher.core.EngineExecutionOrchestrator.execute(EngineExecutionOrchestrator.java:108)
	at org.junit.platform.launcher.core.EngineExecutionOrchestrator.execute(EngineExecutionOrchestrator.java:88)
	at org.junit.platform.launcher.core.EngineExecutionOrchestrator.lambda$execute$0(EngineExecutionOrchestrator.java:54)
	at org.junit.platform.launcher.core.EngineExecutionOrchestrator.withInterceptedStreams(EngineExecutionOrchestrator.java:67)
	at org.junit.platform.launcher.core.EngineExecutionOrchestrator.execute(EngineExecutionOrchestrator.java:52)
	at org.junit.platform.launcher.core.DefaultLauncher.execute(DefaultLauncher.java:96)
	at org.junit.platform.launcher.core.DefaultLauncher.execute(DefaultLauncher.java:75)
	at org.apache.maven.surefire.junitplatform.JUnitPlatformProvider.invokeAllTests(JUnitPlatformProvider.java:142)
	at org.apache.maven.surefire.junitplatform.JUnitPlatformProvider.invoke(JUnitPlatformProvider.java:113)
	at org.apache.maven.surefire.booter.ForkedBooter.invokeProviderInSameClassLoader(ForkedBooter.java:384)
	at org.apache.maven.surefire.booter.ForkedBooter.runSuitesInProcess(ForkedBooter.java:345)
	at org.apache.maven.surefire.booter.ForkedBooter.execute(ForkedBooter.java:126)
	at org.apache.maven.surefire.booter.ForkedBooter.main(ForkedBooter.java:418)
2021-08-14 14:05:51,719 [SCMBlockDeletingService#0] DEBUG block.SCMBlockDeletingService (SCMBlockDeletingService.java:call(133)) - Running DeletedBlockTransactionScanner
2021-08-14 14:05:51,819 [SCMBlockDeletingService#0] DEBUG block.SCMBlockDeletingService (SCMBlockDeletingService.java:call(133)) - Running DeletedBlockTransactionScanner
2021-08-14 14:05:51,919 [SCMBlockDeletingService#0] DEBUG block.SCMBlockDeletingService (SCMBlockDeletingService.java:call(133)) - Running DeletedBlockTransactionScanner
2021-08-14 14:05:52,019 [SCMBlockDeletingService#0] DEBUG block.SCMBlockDeletingService (SCMBlockDeletingService.java:call(133)) - Running DeletedBlockTransactionScanner
2021-08-14 14:05:52,119 [SCMBlockDeletingService#0] DEBUG block.SCMBlockDeletingService (SCMBlockDeletingService.java:call(133)) - Running DeletedBlockTransactionScanner
2021-08-14 14:05:52,219 [SCMBlockDeletingService#0] DEBUG block.SCMBlockDeletingService (SCMBlockDeletingService.java:call(133)) - Running DeletedBlockTransactionScanner
2021-08-14 14:05:52,319 [SCMBlockDeletingService#0] DEBUG block.SCMBlockDeletingService (SCMBlockDeletingService.java:call(133)) - Running DeletedBlockTransactionScanner
2021-08-14 14:05:52,419 [SCMBlockDeletingService#0] DEBUG block.SCMBlockDeletingService (SCMBlockDeletingService.java:call(133)) - Running DeletedBlockTransactionScanner
2021-08-14 14:05:52,519 [SCMBlockDeletingService#0] DEBUG block.SCMBlockDeletingService (SCMBlockDeletingService.java:call(133)) - Running DeletedBlockTransactionScanner
2021-08-14 14:05:52,619 [SCMBlockDeletingService#0] DEBUG block.SCMBlockDeletingService (SCMBlockDeletingService.java:call(133)) - Running DeletedBlockTransactionScanner
2021-08-14 14:05:52,719 [SCMBlockDeletingService#0] DEBUG block.SCMBlockDeletingService (SCMBlockDeletingService.java:call(133)) - Running DeletedBlockTransactionScanner
2021-08-14 14:05:52,820 [SCMBlockDeletingService#0] DEBUG block.SCMBlockDeletingService (SCMBlockDeletingService.java:call(133)) - Running DeletedBlockTransactionScanner
2021-08-14 14:05:52,920 [SCMBlockDeletingService#0] DEBUG block.SCMBlockDeletingService (SCMBlockDeletingService.java:call(133)) - Running DeletedBlockTransactionScanner
2021-08-14 14:05:53,020 [SCMBlockDeletingService#0] DEBUG block.SCMBlockDeletingService (SCMBlockDeletingService.java:call(133)) - Running DeletedBlockTransactionScanner
2021-08-14 14:05:53,120 [SCMBlockDeletingService#0] DEBUG block.SCMBlockDeletingService (SCMBlockDeletingService.java:call(133)) - Running DeletedBlockTransactionScanner
2021-08-14 14:05:53,220 [SCMBlockDeletingService#0] DEBUG block.SCMBlockDeletingService (SCMBlockDeletingService.java:call(133)) - Running DeletedBlockTransactionScanner
2021-08-14 14:05:53,320 [SCMBlockDeletingService#0] DEBUG block.SCMBlockDeletingService (SCMBlockDeletingService.java:call(133)) - Running DeletedBlockTransactionScanner
2021-08-14 14:05:53,420 [SCMBlockDeletingService#0] DEBUG block.SCMBlockDeletingService (SCMBlockDeletingService.java:call(133)) - Running DeletedBlockTransactionScanner
2021-08-14 14:05:53,520 [SCMBlockDeletingService#0] DEBUG block.SCMBlockDeletingService (SCMBlockDeletingService.java:call(133)) - Running DeletedBlockTransactionScanner
2021-08-14 14:05:53,620 [SCMBlockDeletingService#0] DEBUG block.SCMBlockDeletingService (SCMBlockDeletingService.java:call(133)) - Running DeletedBlockTransactionScanner
2021-08-14 14:05:53,716 [Listener at 127.0.0.1/32925] WARN  commandhandler.TestBlockDeletion (TestBlockDeletion.java:lambda$testBlockDeletion$3(251)) - Verify blocks deletion failed
java.lang.AssertionError: expected null, but was:<[blockId=conID: 20 locID: 107544261427200020 bcsId: 304, size=4194304]>
	at org.junit.Assert.fail(Assert.java:89)
	at org.junit.Assert.failNotNull(Assert.java:756)
	at org.junit.Assert.assertNull(Assert.java:738)
	at org.junit.Assert.assertNull(Assert.java:748)
	at org.apache.hadoop.ozone.container.common.statemachine.commandhandler.TestBlockDeletion.lambda$verifyBlocksDeleted$15(TestBlockDeletion.java:453)
	at org.apache.hadoop.ozone.OzoneTestUtils.performOperationOnKeyContainers(OzoneTestUtils.java:133)
	at org.apache.hadoop.ozone.container.common.statemachine.commandhandler.TestBlockDeletion.verifyBlocksDeleted(TestBlockDeletion.java:442)
	at org.apache.hadoop.ozone.container.common.statemachine.commandhandler.TestBlockDeletion.lambda$testBlockDeletion$3(TestBlockDeletion.java:248)
	at org.apache.ozone.test.GenericTestUtils.waitFor(GenericTestUtils.java:219)
	at org.apache.hadoop.ozone.container.common.statemachine.commandhandler.TestBlockDeletion.testBlockDeletion(TestBlockDeletion.java:246)
	at sun.reflect.NativeMethodAccessorImpl.invoke0(Native Method)
	at sun.reflect.NativeMethodAccessorImpl.invoke(NativeMethodAccessorImpl.java:62)
	at sun.reflect.DelegatingMethodAccessorImpl.invoke(DelegatingMethodAccessorImpl.java:43)
	at java.lang.reflect.Method.invoke(Method.java:498)
	at org.junit.runners.model.FrameworkMethod$1.runReflectiveCall(FrameworkMethod.java:59)
	at org.junit.internal.runners.model.ReflectiveCallable.run(ReflectiveCallable.java:12)
	at org.junit.runners.model.FrameworkMethod.invokeExplosively(FrameworkMethod.java:56)
	at org.junit.internal.runners.statements.InvokeMethod.evaluate(InvokeMethod.java:17)
	at org.junit.internal.runners.statements.RunBefores.evaluate(RunBefores.java:26)
	at org.junit.internal.runners.statements.RunAfters.evaluate(RunAfters.java:27)
	at org.junit.runners.ParentRunner$3.evaluate(ParentRunner.java:306)
	at org.junit.runners.BlockJUnit4ClassRunner$1.evaluate(BlockJUnit4ClassRunner.java:100)
	at org.junit.runners.ParentRunner.runLeaf(ParentRunner.java:366)
	at org.junit.runners.BlockJUnit4ClassRunner.runChild(BlockJUnit4ClassRunner.java:103)
	at org.junit.runners.BlockJUnit4ClassRunner.runChild(BlockJUnit4ClassRunner.java:63)
	at org.junit.runners.ParentRunner$4.run(ParentRunner.java:331)
	at org.junit.runners.ParentRunner$1.schedule(ParentRunner.java:79)
	at org.junit.runners.ParentRunner.runChildren(ParentRunner.java:329)
	at org.junit.runners.ParentRunner.access$100(ParentRunner.java:66)
	at org.junit.runners.ParentRunner$2.evaluate(ParentRunner.java:293)
	at org.junit.runners.ParentRunner$3.evaluate(ParentRunner.java:306)
	at org.junit.runners.ParentRunner.run(ParentRunner.java:413)
	at org.junit.runner.JUnitCore.run(JUnitCore.java:137)
	at org.junit.runner.JUnitCore.run(JUnitCore.java:115)
	at org.junit.vintage.engine.execution.RunnerExecutor.execute(RunnerExecutor.java:43)
	at java.util.stream.ForEachOps$ForEachOp$OfRef.accept(ForEachOps.java:183)
	at java.util.stream.ReferencePipeline$3$1.accept(ReferencePipeline.java:193)
	at java.util.Iterator.forEachRemaining(Iterator.java:116)
	at java.util.Spliterators$IteratorSpliterator.forEachRemaining(Spliterators.java:1801)
	at java.util.stream.AbstractPipeline.copyInto(AbstractPipeline.java:482)
	at java.util.stream.AbstractPipeline.wrapAndCopyInto(AbstractPipeline.java:472)
	at java.util.stream.ForEachOps$ForEachOp.evaluateSequential(ForEachOps.java:150)
	at java.util.stream.ForEachOps$ForEachOp$OfRef.evaluateSequential(ForEachOps.java:173)
	at java.util.stream.AbstractPipeline.evaluate(AbstractPipeline.java:234)
	at java.util.stream.ReferencePipeline.forEach(ReferencePipeline.java:485)
	at org.junit.vintage.engine.VintageTestEngine.executeAllChildren(VintageTestEngine.java:82)
	at org.junit.vintage.engine.VintageTestEngine.execute(VintageTestEngine.java:73)
	at org.junit.platform.launcher.core.EngineExecutionOrchestrator.execute(EngineExecutionOrchestrator.java:108)
	at org.junit.platform.launcher.core.EngineExecutionOrchestrator.execute(EngineExecutionOrchestrator.java:88)
	at org.junit.platform.launcher.core.EngineExecutionOrchestrator.lambda$execute$0(EngineExecutionOrchestrator.java:54)
	at org.junit.platform.launcher.core.EngineExecutionOrchestrator.withInterceptedStreams(EngineExecutionOrchestrator.java:67)
	at org.junit.platform.launcher.core.EngineExecutionOrchestrator.execute(EngineExecutionOrchestrator.java:52)
	at org.junit.platform.launcher.core.DefaultLauncher.execute(DefaultLauncher.java:96)
	at org.junit.platform.launcher.core.DefaultLauncher.execute(DefaultLauncher.java:75)
	at org.apache.maven.surefire.junitplatform.JUnitPlatformProvider.invokeAllTests(JUnitPlatformProvider.java:142)
	at org.apache.maven.surefire.junitplatform.JUnitPlatformProvider.invoke(JUnitPlatformProvider.java:113)
	at org.apache.maven.surefire.booter.ForkedBooter.invokeProviderInSameClassLoader(ForkedBooter.java:384)
	at org.apache.maven.surefire.booter.ForkedBooter.runSuitesInProcess(ForkedBooter.java:345)
	at org.apache.maven.surefire.booter.ForkedBooter.execute(ForkedBooter.java:126)
	at org.apache.maven.surefire.booter.ForkedBooter.main(ForkedBooter.java:418)
2021-08-14 14:05:53,720 [SCMBlockDeletingService#0] DEBUG block.SCMBlockDeletingService (SCMBlockDeletingService.java:call(133)) - Running DeletedBlockTransactionScanner
2021-08-14 14:05:53,820 [SCMBlockDeletingService#0] DEBUG block.SCMBlockDeletingService (SCMBlockDeletingService.java:call(133)) - Running DeletedBlockTransactionScanner
2021-08-14 14:05:53,920 [SCMBlockDeletingService#0] DEBUG block.SCMBlockDeletingService (SCMBlockDeletingService.java:call(133)) - Running DeletedBlockTransactionScanner
2021-08-14 14:05:54,020 [SCMBlockDeletingService#0] DEBUG block.SCMBlockDeletingService (SCMBlockDeletingService.java:call(133)) - Running DeletedBlockTransactionScanner
2021-08-14 14:05:54,120 [SCMBlockDeletingService#0] DEBUG block.SCMBlockDeletingService (SCMBlockDeletingService.java:call(133)) - Running DeletedBlockTransactionScanner
2021-08-14 14:05:54,221 [SCMBlockDeletingService#0] DEBUG block.SCMBlockDeletingService (SCMBlockDeletingService.java:call(133)) - Running DeletedBlockTransactionScanner
2021-08-14 14:05:54,321 [SCMBlockDeletingService#0] DEBUG block.SCMBlockDeletingService (SCMBlockDeletingService.java:call(133)) - Running DeletedBlockTransactionScanner
2021-08-14 14:05:54,421 [SCMBlockDeletingService#0] DEBUG block.SCMBlockDeletingService (SCMBlockDeletingService.java:call(133)) - Running DeletedBlockTransactionScanner
2021-08-14 14:05:54,521 [SCMBlockDeletingService#0] DEBUG block.SCMBlockDeletingService (SCMBlockDeletingService.java:call(133)) - Running DeletedBlockTransactionScanner
2021-08-14 14:05:54,621 [SCMBlockDeletingService#0] DEBUG block.SCMBlockDeletingService (SCMBlockDeletingService.java:call(133)) - Running DeletedBlockTransactionScanner
2021-08-14 14:05:54,721 [SCMBlockDeletingService#0] DEBUG block.SCMBlockDeletingService (SCMBlockDeletingService.java:call(133)) - Running DeletedBlockTransactionScanner
2021-08-14 14:05:54,821 [SCMBlockDeletingService#0] DEBUG block.SCMBlockDeletingService (SCMBlockDeletingService.java:call(133)) - Running DeletedBlockTransactionScanner
2021-08-14 14:05:54,921 [SCMBlockDeletingService#0] DEBUG block.SCMBlockDeletingService (SCMBlockDeletingService.java:call(133)) - Running DeletedBlockTransactionScanner
2021-08-14 14:05:55,021 [SCMBlockDeletingService#0] DEBUG block.SCMBlockDeletingService (SCMBlockDeletingService.java:call(133)) - Running DeletedBlockTransactionScanner
2021-08-14 14:05:55,121 [SCMBlockDeletingService#0] DEBUG block.SCMBlockDeletingService (SCMBlockDeletingService.java:call(133)) - Running DeletedBlockTransactionScanner
2021-08-14 14:05:55,221 [SCMBlockDeletingService#0] DEBUG block.SCMBlockDeletingService (SCMBlockDeletingService.java:call(133)) - Running DeletedBlockTransactionScanner
2021-08-14 14:05:55,339 [SCMBlockDeletingService#0] DEBUG block.SCMBlockDeletingService (SCMBlockDeletingService.java:call(133)) - Running DeletedBlockTransactionScanner
2021-08-14 14:05:55,439 [SCMBlockDeletingService#0] DEBUG block.SCMBlockDeletingService (SCMBlockDeletingService.java:call(133)) - Running DeletedBlockTransactionScanner
2021-08-14 14:05:55,539 [SCMBlockDeletingService#0] DEBUG block.SCMBlockDeletingService (SCMBlockDeletingService.java:call(133)) - Running DeletedBlockTransactionScanner
2021-08-14 14:05:55,640 [SCMBlockDeletingService#0] DEBUG block.SCMBlockDeletingService (SCMBlockDeletingService.java:call(133)) - Running DeletedBlockTransactionScanner
2021-08-14 14:05:55,718 [Listener at 127.0.0.1/32925] WARN  commandhandler.TestBlockDeletion (TestBlockDeletion.java:lambda$testBlockDeletion$3(251)) - Verify blocks deletion failed
java.lang.AssertionError: expected null, but was:<[blockId=conID: 20 locID: 107544261427200020 bcsId: 304, size=4194304]>
	at org.junit.Assert.fail(Assert.java:89)
	at org.junit.Assert.failNotNull(Assert.java:756)
	at org.junit.Assert.assertNull(Assert.java:738)
	at org.junit.Assert.assertNull(Assert.java:748)
	at org.apache.hadoop.ozone.container.common.statemachine.commandhandler.TestBlockDeletion.lambda$verifyBlocksDeleted$15(TestBlockDeletion.java:453)
	at org.apache.hadoop.ozone.OzoneTestUtils.performOperationOnKeyContainers(OzoneTestUtils.java:133)
	at org.apache.hadoop.ozone.container.common.statemachine.commandhandler.TestBlockDeletion.verifyBlocksDeleted(TestBlockDeletion.java:442)
	at org.apache.hadoop.ozone.container.common.statemachine.commandhandler.TestBlockDeletion.lambda$testBlockDeletion$3(TestBlockDeletion.java:248)
	at org.apache.ozone.test.GenericTestUtils.waitFor(GenericTestUtils.java:219)
	at org.apache.hadoop.ozone.container.common.statemachine.commandhandler.TestBlockDeletion.testBlockDeletion(TestBlockDeletion.java:246)
	at sun.reflect.NativeMethodAccessorImpl.invoke0(Native Method)
	at sun.reflect.NativeMethodAccessorImpl.invoke(NativeMethodAccessorImpl.java:62)
	at sun.reflect.DelegatingMethodAccessorImpl.invoke(DelegatingMethodAccessorImpl.java:43)
	at java.lang.reflect.Method.invoke(Method.java:498)
	at org.junit.runners.model.FrameworkMethod$1.runReflectiveCall(FrameworkMethod.java:59)
	at org.junit.internal.runners.model.ReflectiveCallable.run(ReflectiveCallable.java:12)
	at org.junit.runners.model.FrameworkMethod.invokeExplosively(FrameworkMethod.java:56)
	at org.junit.internal.runners.statements.InvokeMethod.evaluate(InvokeMethod.java:17)
	at org.junit.internal.runners.statements.RunBefores.evaluate(RunBefores.java:26)
	at org.junit.internal.runners.statements.RunAfters.evaluate(RunAfters.java:27)
	at org.junit.runners.ParentRunner$3.evaluate(ParentRunner.java:306)
	at org.junit.runners.BlockJUnit4ClassRunner$1.evaluate(BlockJUnit4ClassRunner.java:100)
	at org.junit.runners.ParentRunner.runLeaf(ParentRunner.java:366)
	at org.junit.runners.BlockJUnit4ClassRunner.runChild(BlockJUnit4ClassRunner.java:103)
	at org.junit.runners.BlockJUnit4ClassRunner.runChild(BlockJUnit4ClassRunner.java:63)
	at org.junit.runners.ParentRunner$4.run(ParentRunner.java:331)
	at org.junit.runners.ParentRunner$1.schedule(ParentRunner.java:79)
	at org.junit.runners.ParentRunner.runChildren(ParentRunner.java:329)
	at org.junit.runners.ParentRunner.access$100(ParentRunner.java:66)
	at org.junit.runners.ParentRunner$2.evaluate(ParentRunner.java:293)
	at org.junit.runners.ParentRunner$3.evaluate(ParentRunner.java:306)
	at org.junit.runners.ParentRunner.run(ParentRunner.java:413)
	at org.junit.runner.JUnitCore.run(JUnitCore.java:137)
	at org.junit.runner.JUnitCore.run(JUnitCore.java:115)
	at org.junit.vintage.engine.execution.RunnerExecutor.execute(RunnerExecutor.java:43)
	at java.util.stream.ForEachOps$ForEachOp$OfRef.accept(ForEachOps.java:183)
	at java.util.stream.ReferencePipeline$3$1.accept(ReferencePipeline.java:193)
	at java.util.Iterator.forEachRemaining(Iterator.java:116)
	at java.util.Spliterators$IteratorSpliterator.forEachRemaining(Spliterators.java:1801)
	at java.util.stream.AbstractPipeline.copyInto(AbstractPipeline.java:482)
	at java.util.stream.AbstractPipeline.wrapAndCopyInto(AbstractPipeline.java:472)
	at java.util.stream.ForEachOps$ForEachOp.evaluateSequential(ForEachOps.java:150)
	at java.util.stream.ForEachOps$ForEachOp$OfRef.evaluateSequential(ForEachOps.java:173)
	at java.util.stream.AbstractPipeline.evaluate(AbstractPipeline.java:234)
	at java.util.stream.ReferencePipeline.forEach(ReferencePipeline.java:485)
	at org.junit.vintage.engine.VintageTestEngine.executeAllChildren(VintageTestEngine.java:82)
	at org.junit.vintage.engine.VintageTestEngine.execute(VintageTestEngine.java:73)
	at org.junit.platform.launcher.core.EngineExecutionOrchestrator.execute(EngineExecutionOrchestrator.java:108)
	at org.junit.platform.launcher.core.EngineExecutionOrchestrator.execute(EngineExecutionOrchestrator.java:88)
	at org.junit.platform.launcher.core.EngineExecutionOrchestrator.lambda$execute$0(EngineExecutionOrchestrator.java:54)
	at org.junit.platform.launcher.core.EngineExecutionOrchestrator.withInterceptedStreams(EngineExecutionOrchestrator.java:67)
	at org.junit.platform.launcher.core.EngineExecutionOrchestrator.execute(EngineExecutionOrchestrator.java:52)
	at org.junit.platform.launcher.core.DefaultLauncher.execute(DefaultLauncher.java:96)
	at org.junit.platform.launcher.core.DefaultLauncher.execute(DefaultLauncher.java:75)
	at org.apache.maven.surefire.junitplatform.JUnitPlatformProvider.invokeAllTests(JUnitPlatformProvider.java:142)
	at org.apache.maven.surefire.junitplatform.JUnitPlatformProvider.invoke(JUnitPlatformProvider.java:113)
	at org.apache.maven.surefire.booter.ForkedBooter.invokeProviderInSameClassLoader(ForkedBooter.java:384)
	at org.apache.maven.surefire.booter.ForkedBooter.runSuitesInProcess(ForkedBooter.java:345)
	at org.apache.maven.surefire.booter.ForkedBooter.execute(ForkedBooter.java:126)
	at org.apache.maven.surefire.booter.ForkedBooter.main(ForkedBooter.java:418)
2021-08-14 14:05:55,740 [SCMBlockDeletingService#0] DEBUG block.SCMBlockDeletingService (SCMBlockDeletingService.java:call(133)) - Running DeletedBlockTransactionScanner
2021-08-14 14:05:55,841 [SCMBlockDeletingService#0] DEBUG block.SCMBlockDeletingService (SCMBlockDeletingService.java:call(133)) - Running DeletedBlockTransactionScanner
2021-08-14 14:05:55,882 [Listener at 127.0.0.1/32925] INFO  ozone.MiniOzoneClusterImpl (MiniOzoneClusterImpl.java:shutdown(453)) - Shutting down the Mini Ozone Cluster
2021-08-14 14:05:55,883 [Listener at 127.0.0.1/32925] INFO  ozone.MiniOzoneClusterImpl (MiniOzoneClusterImpl.java:stop(468)) - Stopping the Mini Ozone Cluster
2021-08-14 14:05:55,883 [Listener at 127.0.0.1/32925] INFO  ozone.MiniOzoneClusterImpl (MiniOzoneClusterImpl.java:stopOM(550)) - Stopping the OzoneManager
2021-08-14 14:05:55,883 [Listener at 127.0.0.1/32925] INFO  om.OzoneManager (OzoneManager.java:stop(1632)) - Stopping Ozone Manager
2021-08-14 14:05:55,883 [Listener at 127.0.0.1/32925] INFO  ipc.Server (Server.java:stop(3414)) - Stopping server on 32925
2021-08-14 14:05:55,885 [IPC Server Responder] INFO  ipc.Server (Server.java:run(1512)) - Stopping IPC Server Responder
2021-08-14 14:05:55,885 [IPC Server listener on 0] INFO  ipc.Server (Server.java:run(1376)) - Stopping IPC Server listener on 0
2021-08-14 14:05:55,885 [Listener at 127.0.0.1/32925] INFO  server.RaftServer (RaftServerProxy.java:lambda$close$6(391)) - om1: close
2021-08-14 14:05:55,886 [Listener at 127.0.0.1/32925] INFO  server.RaftServer$Division (RaftServerImpl.java:lambda$close$4(407)) - om1@group-C5BA1605619E: shutdown
2021-08-14 14:05:55,886 [Listener at 127.0.0.1/32925] INFO  util.JmxRegister (JmxRegister.java:unregister(73)) - Successfully un-registered JMX Bean with object name Ratis:service=RaftServer,group=group-C5BA1605619E,id=om1
2021-08-14 14:05:55,886 [Listener at 127.0.0.1/32925] INFO  impl.RoleInfo (RoleInfo.java:shutdownLeaderState(91)) - om1: shutdown om1@group-C5BA1605619E-LeaderStateImpl
2021-08-14 14:05:55,886 [Listener at 127.0.0.1/32925] INFO  impl.PendingRequests (PendingRequests.java:sendNotLeaderResponses(282)) - om1@group-C5BA1605619E-PendingRequests: sendNotLeaderResponses
2021-08-14 14:05:55,896 [Listener at 127.0.0.1/32925] INFO  impl.StateMachineUpdater (StateMachineUpdater.java:stopAndJoin(149)) - om1@group-C5BA1605619E-StateMachineUpdater: set stopIndex = 110
2021-08-14 14:05:55,896 [om1@group-C5BA1605619E-StateMachineUpdater] INFO  ratis.OzoneManagerStateMachine (OzoneManagerStateMachine.java:takeSnapshot(417)) - Current Snapshot Index (t:1, i:110)
2021-08-14 14:05:55,896 [om1@group-C5BA1605619E-StateMachineUpdater] INFO  impl.StateMachineUpdater (StateMachineUpdater.java:takeSnapshot(281)) - om1@group-C5BA1605619E-StateMachineUpdater: Took a snapshot at index 110
2021-08-14 14:05:55,896 [om1@group-C5BA1605619E-StateMachineUpdater] INFO  impl.StateMachineUpdater (StateMachineUpdater.java:lambda$new$0(89)) - om1@group-C5BA1605619E-StateMachineUpdater: snapshotIndex: updateIncreasingly -1 -> 110
2021-08-14 14:05:55,896 [om1@group-C5BA1605619E-StateMachineUpdater] INFO  ratis.OzoneManagerStateMachine (OzoneManagerStateMachine.java:close(471)) - StateMachine has shutdown. Shutdown OzoneManager if not already shutdown.
2021-08-14 14:05:55,901 [Listener at 127.0.0.1/32925] INFO  server.RaftServer$Division (ServerState.java:close(419)) - om1@group-C5BA1605619E: closes. applyIndex: 110
2021-08-14 14:05:55,902 [om1@group-C5BA1605619E-SegmentedRaftLogWorker] INFO  segmented.SegmentedRaftLogWorker (SegmentedRaftLogWorker.java:run(327)) - om1@group-C5BA1605619E-SegmentedRaftLogWorker was interrupted, exiting. There are 0 tasks remaining in the queue.
2021-08-14 14:05:55,903 [Listener at 127.0.0.1/32925] INFO  segmented.SegmentedRaftLogWorker (SegmentedRaftLogWorker.java:close(237)) - om1@group-C5BA1605619E-SegmentedRaftLogWorker close()
2021-08-14 14:05:55,925 [Listener at 127.0.0.1/32925] INFO  server.GrpcService (GrpcService.java:closeImpl(262)) - om1: shutdown server with port 9872 now
2021-08-14 14:05:55,926 [Listener at 127.0.0.1/32925] INFO  server.GrpcService (GrpcService.java:closeImpl(271)) - om1: shutdown server with port 9872 successfully
2021-08-14 14:05:55,926 [org.apache.ratis.util.JvmPauseMonitor$$Lambda$531/524014602@34cb4bec] INFO  util.JvmPauseMonitor (JvmPauseMonitor.java:run(109)) - JvmPauseMonitor-om1: Stopped
2021-08-14 14:05:55,926 [Listener at 127.0.0.1/32925] INFO  ratis.OzoneManagerDoubleBuffer (OzoneManagerDoubleBuffer.java:stop(437)) - Stopping OMDoubleBuffer flush thread
2021-08-14 14:05:55,926 [OMDoubleBufferFlushThread] INFO  ratis.OzoneManagerDoubleBuffer (OzoneManagerDoubleBuffer.java:flushTransactions(356)) - OMDoubleBuffer flush thread OMDoubleBufferFlushThread is interrupted and will exit. OMDoubleBufferFlushThread
2021-08-14 14:05:55,926 [Listener at 127.0.0.1/32925] INFO  utils.BackgroundService (BackgroundService.java:shutdown(132)) - Shutting down service KeyDeletingService
2021-08-14 14:05:55,927 [Listener at 127.0.0.1/32925] INFO  handler.ContextHandler (ContextHandler.java:doStop(1153)) - Stopped o.e.j.w.WebAppContext@74e87f03{ozoneManager,/,null,STOPPED}{file:/home/runner/work/ozone/ozone/hadoop-ozone/integration-test/target/test-classes/webapps/ozoneManager}
2021-08-14 14:05:55,930 [Listener at 127.0.0.1/32925] INFO  server.AbstractConnector (AbstractConnector.java:doStop(381)) - Stopped ServerConnector@6a5fcb32{HTTP/1.1, (http/1.1)}{0.0.0.0:0}
2021-08-14 14:05:55,931 [Listener at 127.0.0.1/32925] INFO  server.session (HouseKeeper.java:stopScavenging(149)) - node0 Stopped scavenging
2021-08-14 14:05:55,931 [Listener at 127.0.0.1/32925] INFO  handler.ContextHandler (ContextHandler.java:doStop(1153)) - Stopped o.e.j.s.ServletContextHandler@688ab131{static,/static,file:///home/runner/work/ozone/ozone/hadoop-ozone/integration-test/target/test-classes/webapps/static,STOPPED}
2021-08-14 14:05:55,931 [Listener at 127.0.0.1/32925] INFO  handler.ContextHandler (ContextHandler.java:doStop(1153)) - Stopped o.e.j.s.ServletContextHandler@53842018{logs,/logs,file:///home/runner/work/ozone/ozone/hadoop-ozone/integration-test/target/log,STOPPED}
2021-08-14 14:05:55,937 [Listener at 127.0.0.1/32925] INFO  ozone.MiniOzoneClusterImpl (MiniOzoneClusterImpl.java:stopDatanodes(527)) - Stopping the HddsDatanodes
2021-08-14 14:05:55,941 [SCMBlockDeletingService#0] DEBUG block.SCMBlockDeletingService (SCMBlockDeletingService.java:call(133)) - Running DeletedBlockTransactionScanner
2021-08-14 14:05:56,041 [SCMBlockDeletingService#0] DEBUG block.SCMBlockDeletingService (SCMBlockDeletingService.java:call(133)) - Running DeletedBlockTransactionScanner
2021-08-14 14:05:56,042 [Datanode State Machine Thread - 0] INFO  statemachine.DatanodeStateMachine (DatanodeStateMachine.java:lambda$startDaemon$0(457)) - Ozone container server started.
2021-08-14 14:05:56,097 [Datanode State Machine Thread - 0] INFO  statemachine.DatanodeStateMachine (DatanodeStateMachine.java:lambda$startDaemon$0(457)) - Ozone container server started.
2021-08-14 14:05:56,144 [SCMBlockDeletingService#0] DEBUG block.SCMBlockDeletingService (SCMBlockDeletingService.java:call(133)) - Running DeletedBlockTransactionScanner
2021-08-14 14:05:56,244 [SCMBlockDeletingService#0] DEBUG block.SCMBlockDeletingService (SCMBlockDeletingService.java:call(133)) - Running DeletedBlockTransactionScanner
2021-08-14 14:05:56,344 [SCMBlockDeletingService#0] DEBUG block.SCMBlockDeletingService (SCMBlockDeletingService.java:call(133)) - Running DeletedBlockTransactionScanner
2021-08-14 14:05:56,445 [SCMBlockDeletingService#0] DEBUG block.SCMBlockDeletingService (SCMBlockDeletingService.java:call(133)) - Running DeletedBlockTransactionScanner
2021-08-14 14:05:56,545 [SCMBlockDeletingService#0] DEBUG block.SCMBlockDeletingService (SCMBlockDeletingService.java:call(133)) - Running DeletedBlockTransactionScanner
2021-08-14 14:05:56,645 [SCMBlockDeletingService#0] DEBUG block.SCMBlockDeletingService (SCMBlockDeletingService.java:call(133)) - Running DeletedBlockTransactionScanner
2021-08-14 14:05:56,745 [SCMBlockDeletingService#0] DEBUG block.SCMBlockDeletingService (SCMBlockDeletingService.java:call(133)) - Running DeletedBlockTransactionScanner
2021-08-14 14:05:56,845 [SCMBlockDeletingService#0] DEBUG block.SCMBlockDeletingService (SCMBlockDeletingService.java:call(133)) - Running DeletedBlockTransactionScanner
2021-08-14 14:05:56,945 [SCMBlockDeletingService#0] DEBUG block.SCMBlockDeletingService (SCMBlockDeletingService.java:call(133)) - Running DeletedBlockTransactionScanner
2021-08-14 14:05:57,045 [SCMBlockDeletingService#0] DEBUG block.SCMBlockDeletingService (SCMBlockDeletingService.java:call(133)) - Running DeletedBlockTransactionScanner
2021-08-14 14:05:57,147 [SCMBlockDeletingService#0] DEBUG block.SCMBlockDeletingService (SCMBlockDeletingService.java:call(133)) - Running DeletedBlockTransactionScanner
2021-08-14 14:05:57,247 [SCMBlockDeletingService#0] DEBUG block.SCMBlockDeletingService (SCMBlockDeletingService.java:call(133)) - Running DeletedBlockTransactionScanner
2021-08-14 14:05:57,348 [SCMBlockDeletingService#0] DEBUG block.SCMBlockDeletingService (SCMBlockDeletingService.java:call(133)) - Running DeletedBlockTransactionScanner
2021-08-14 14:05:57,448 [SCMBlockDeletingService#0] DEBUG block.SCMBlockDeletingService (SCMBlockDeletingService.java:call(133)) - Running DeletedBlockTransactionScanner
2021-08-14 14:05:57,548 [SCMBlockDeletingService#0] DEBUG block.SCMBlockDeletingService (SCMBlockDeletingService.java:call(133)) - Running DeletedBlockTransactionScanner
2021-08-14 14:05:57,648 [SCMBlockDeletingService#0] DEBUG block.SCMBlockDeletingService (SCMBlockDeletingService.java:call(133)) - Running DeletedBlockTransactionScanner
2021-08-14 14:05:57,748 [SCMBlockDeletingService#0] DEBUG block.SCMBlockDeletingService (SCMBlockDeletingService.java:call(133)) - Running DeletedBlockTransactionScanner
2021-08-14 14:05:57,848 [SCMBlockDeletingService#0] DEBUG block.SCMBlockDeletingService (SCMBlockDeletingService.java:call(133)) - Running DeletedBlockTransactionScanner
2021-08-14 14:05:57,948 [SCMBlockDeletingService#0] DEBUG block.SCMBlockDeletingService (SCMBlockDeletingService.java:call(133)) - Running DeletedBlockTransactionScanner
2021-08-14 14:05:58,048 [SCMBlockDeletingService#0] DEBUG block.SCMBlockDeletingService (SCMBlockDeletingService.java:call(133)) - Running DeletedBlockTransactionScanner
2021-08-14 14:05:58,148 [SCMBlockDeletingService#0] DEBUG block.SCMBlockDeletingService (SCMBlockDeletingService.java:call(133)) - Running DeletedBlockTransactionScanner
2021-08-14 14:05:58,248 [SCMBlockDeletingService#0] DEBUG block.SCMBlockDeletingService (SCMBlockDeletingService.java:call(133)) - Running DeletedBlockTransactionScanner
2021-08-14 14:05:58,350 [SCMBlockDeletingService#0] DEBUG block.SCMBlockDeletingService (SCMBlockDeletingService.java:call(133)) - Running DeletedBlockTransactionScanner
2021-08-14 14:05:58,450 [SCMBlockDeletingService#0] DEBUG block.SCMBlockDeletingService (SCMBlockDeletingService.java:call(133)) - Running DeletedBlockTransactionScanner
2021-08-14 14:05:58,551 [SCMBlockDeletingService#0] DEBUG block.SCMBlockDeletingService (SCMBlockDeletingService.java:call(133)) - Running DeletedBlockTransactionScanner
2021-08-14 14:05:58,651 [SCMBlockDeletingService#0] DEBUG block.SCMBlockDeletingService (SCMBlockDeletingService.java:call(133)) - Running DeletedBlockTransactionScanner
2021-08-14 14:05:58,755 [SCMBlockDeletingService#0] DEBUG block.SCMBlockDeletingService (SCMBlockDeletingService.java:call(133)) - Running DeletedBlockTransactionScanner
2021-08-14 14:05:58,849 [EventQueue-StaleNodeForStaleNodeHandler] INFO  node.StaleNodeHandler (StaleNodeHandler.java:onMessage(58)) - Datanode e5d3e9d3-1367-47eb-ad7f-372895a70f55{ip: 10.1.0.16, host: fv-az297-666.nmf1rxwemy4u5di1sxxf4ejcwb.jx.internal.cloudapp.net, ports: [REPLICATION=33733, RATIS=46003, RATIS_ADMIN=46003, RATIS_SERVER=46003, STANDALONE=36239], networkLocation: /default-rack, certSerialId: null, persistedOpState: IN_SERVICE, persistedOpStateExpiryEpochSec: 0} moved to stale state. Finalizing its pipelines [PipelineID=f66c3a60-01f2-464e-9aeb-bceefc5fe04e]
2021-08-14 14:05:58,850 [EventQueue-StaleNodeForStaleNodeHandler] INFO  pipeline.PipelineManagerImpl (PipelineManagerImpl.java:closePipeline(343)) - Pipeline Pipeline[ Id: f66c3a60-01f2-464e-9aeb-bceefc5fe04e, Nodes: a3a688a0-b759-42a1-9d42-7ea63bf88025{ip: 10.1.0.16, host: fv-az297-666.nmf1rxwemy4u5di1sxxf4ejcwb.jx.internal.cloudapp.net, ports: [REPLICATION=41181, RATIS=35273, RATIS_ADMIN=35273, RATIS_SERVER=35273, STANDALONE=42751], networkLocation: /default-rack, certSerialId: null, persistedOpState: IN_SERVICE, persistedOpStateExpiryEpochSec: 0}e5d3e9d3-1367-47eb-ad7f-372895a70f55{ip: 10.1.0.16, host: fv-az297-666.nmf1rxwemy4u5di1sxxf4ejcwb.jx.internal.cloudapp.net, ports: [REPLICATION=33733, RATIS=46003, RATIS_ADMIN=46003, RATIS_SERVER=46003, STANDALONE=36239], networkLocation: /default-rack, certSerialId: null, persistedOpState: IN_SERVICE, persistedOpStateExpiryEpochSec: 0}41bdc6fc-f730-460f-b2d8-92157d986a72{ip: 10.1.0.16, host: fv-az297-666.nmf1rxwemy4u5di1sxxf4ejcwb.jx.internal.cloudapp.net, ports: [REPLICATION=42581, RATIS=38299, RATIS_ADMIN=38299, RATIS_SERVER=38299, STANDALONE=45435], networkLocation: /default-rack, certSerialId: null, persistedOpState: IN_SERVICE, persistedOpStateExpiryEpochSec: 0}, ReplicationConfig: RATIS/THREE, State:OPEN, leaderId:a3a688a0-b759-42a1-9d42-7ea63bf88025, CreationTimestamp2021-08-14T14:03:59.574Z[Etc/UTC]] moved to CLOSED state
2021-08-14 14:05:58,855 [SCMBlockDeletingService#0] DEBUG block.SCMBlockDeletingService (SCMBlockDeletingService.java:call(133)) - Running DeletedBlockTransactionScanner
2021-08-14 14:05:58,956 [SCMBlockDeletingService#0] DEBUG block.SCMBlockDeletingService (SCMBlockDeletingService.java:call(133)) - Running DeletedBlockTransactionScanner
2021-08-14 14:05:58,956 [EventQueue-StaleNodeForStaleNodeHandler] INFO  node.StaleNodeHandler (StaleNodeHandler.java:onMessage(58)) - Datanode a3a688a0-b759-42a1-9d42-7ea63bf88025{ip: 10.1.0.16, host: fv-az297-666.nmf1rxwemy4u5di1sxxf4ejcwb.jx.internal.cloudapp.net, ports: [REPLICATION=41181, RATIS=35273, RATIS_ADMIN=35273, RATIS_SERVER=35273, STANDALONE=42751], networkLocation: /default-rack, certSerialId: null, persistedOpState: IN_SERVICE, persistedOpStateExpiryEpochSec: 0} moved to stale state. Finalizing its pipelines [PipelineID=f66c3a60-01f2-464e-9aeb-bceefc5fe04e]
2021-08-14 14:05:59,056 [SCMBlockDeletingService#0] DEBUG block.SCMBlockDeletingService (SCMBlockDeletingService.java:call(133)) - Running DeletedBlockTransactionScanner
2021-08-14 14:05:59,156 [SCMBlockDeletingService#0] DEBUG block.SCMBlockDeletingService (SCMBlockDeletingService.java:call(133)) - Running DeletedBlockTransactionScanner
2021-08-14 14:05:59,256 [SCMBlockDeletingService#0] DEBUG block.SCMBlockDeletingService (SCMBlockDeletingService.java:call(133)) - Running DeletedBlockTransactionScanner
2021-08-14 14:05:59,356 [SCMBlockDeletingService#0] DEBUG block.SCMBlockDeletingService (SCMBlockDeletingService.java:call(133)) - Running DeletedBlockTransactionScanner
2021-08-14 14:05:59,456 [SCMBlockDeletingService#0] DEBUG block.SCMBlockDeletingService (SCMBlockDeletingService.java:call(133)) - Running DeletedBlockTransactionScanner
2021-08-14 14:05:59,556 [SCMBlockDeletingService#0] DEBUG block.SCMBlockDeletingService (SCMBlockDeletingService.java:call(133)) - Running DeletedBlockTransactionScanner
2021-08-14 14:05:59,581 [RatisPipelineUtilsThread - 0] INFO  pipeline.PipelineManagerImpl (PipelineManagerImpl.java:scrubPipeline(384)) - Scrubbing pipeline: id: PipelineID=f66c3a60-01f2-464e-9aeb-bceefc5fe04e since it stays at CLOSED stage.
2021-08-14 14:05:59,614 [RatisPipelineUtilsThread - 0] INFO  pipeline.RatisPipelineProvider (RatisPipelineProvider.java:lambda$close$1(222)) - Send pipeline:PipelineID=f66c3a60-01f2-464e-9aeb-bceefc5fe04e close command to datanode a3a688a0-b759-42a1-9d42-7ea63bf88025
2021-08-14 14:05:59,614 [RatisPipelineUtilsThread - 0] INFO  pipeline.RatisPipelineProvider (RatisPipelineProvider.java:lambda$close$1(222)) - Send pipeline:PipelineID=f66c3a60-01f2-464e-9aeb-bceefc5fe04e close command to datanode e5d3e9d3-1367-47eb-ad7f-372895a70f55
2021-08-14 14:05:59,614 [RatisPipelineUtilsThread - 0] INFO  pipeline.RatisPipelineProvider (RatisPipelineProvider.java:lambda$close$1(222)) - Send pipeline:PipelineID=f66c3a60-01f2-464e-9aeb-bceefc5fe04e close command to datanode 41bdc6fc-f730-460f-b2d8-92157d986a72
2021-08-14 14:05:59,614 [RatisPipelineUtilsThread - 0] INFO  pipeline.PipelineStateManager (PipelineStateManagerV2Impl.java:removePipeline(211)) - Pipeline Pipeline[ Id: f66c3a60-01f2-464e-9aeb-bceefc5fe04e, Nodes: a3a688a0-b759-42a1-9d42-7ea63bf88025{ip: 10.1.0.16, host: fv-az297-666.nmf1rxwemy4u5di1sxxf4ejcwb.jx.internal.cloudapp.net, ports: [REPLICATION=41181, RATIS=35273, RATIS_ADMIN=35273, RATIS_SERVER=35273, STANDALONE=42751], networkLocation: /default-rack, certSerialId: null, persistedOpState: IN_SERVICE, persistedOpStateExpiryEpochSec: 0}e5d3e9d3-1367-47eb-ad7f-372895a70f55{ip: 10.1.0.16, host: fv-az297-666.nmf1rxwemy4u5di1sxxf4ejcwb.jx.internal.cloudapp.net, ports: [REPLICATION=33733, RATIS=46003, RATIS_ADMIN=46003, RATIS_SERVER=46003, STANDALONE=36239], networkLocation: /default-rack, certSerialId: null, persistedOpState: IN_SERVICE, persistedOpStateExpiryEpochSec: 0}41bdc6fc-f730-460f-b2d8-92157d986a72{ip: 10.1.0.16, host: fv-az297-666.nmf1rxwemy4u5di1sxxf4ejcwb.jx.internal.cloudapp.net, ports: [REPLICATION=42581, RATIS=38299, RATIS_ADMIN=38299, RATIS_SERVER=38299, STANDALONE=45435], networkLocation: /default-rack, certSerialId: null, persistedOpState: IN_SERVICE, persistedOpStateExpiryEpochSec: 0}, ReplicationConfig: RATIS/THREE, State:CLOSED, leaderId:a3a688a0-b759-42a1-9d42-7ea63bf88025, CreationTimestamp2021-08-14T14:03:59.574Z[Etc/UTC]] removed.
2021-08-14 14:05:59,615 [RatisPipelineUtilsThread - 0] ERROR scm.SCMCommonPlacementPolicy (SCMCommonPlacementPolicy.java:filterNodesWithSpace(171)) - Unable to find enough nodes that meet the space requirement of 1073741824 bytes for metadata and 5368709120 bytes for data in healthy node set. Required 3. Found 1.
2021-08-14 14:05:59,656 [SCMBlockDeletingService#0] DEBUG block.SCMBlockDeletingService (SCMBlockDeletingService.java:call(133)) - Running DeletedBlockTransactionScanner
2021-08-14 14:05:59,756 [SCMBlockDeletingService#0] DEBUG block.SCMBlockDeletingService (SCMBlockDeletingService.java:call(133)) - Running DeletedBlockTransactionScanner
2021-08-14 14:05:59,856 [SCMBlockDeletingService#0] DEBUG block.SCMBlockDeletingService (SCMBlockDeletingService.java:call(133)) - Running DeletedBlockTransactionScanner
2021-08-14 14:05:59,956 [SCMBlockDeletingService#0] DEBUG block.SCMBlockDeletingService (SCMBlockDeletingService.java:call(133)) - Running DeletedBlockTransactionScanner
2021-08-14 14:06:00,045 [Command processor thread] INFO  server.RaftServer (RaftServerProxy.java:remove(106)) - 41bdc6fc-f730-460f-b2d8-92157d986a72: remove  FOLLOWER 41bdc6fc-f730-460f-b2d8-92157d986a72@group-BCEEFC5FE04E:t3, leader=a3a688a0-b759-42a1-9d42-7ea63bf88025, voted=a3a688a0-b759-42a1-9d42-7ea63bf88025, raftlog=41bdc6fc-f730-460f-b2d8-92157d986a72@group-BCEEFC5FE04E-SegmentedRaftLog:OPENED:c893,f893,i893, conf=0: [a3a688a0-b759-42a1-9d42-7ea63bf88025|rpc:10.1.0.16:35273|dataStream:|priority:1, 41bdc6fc-f730-460f-b2d8-92157d986a72|rpc:10.1.0.16:38299|dataStream:|priority:0, e5d3e9d3-1367-47eb-ad7f-372895a70f55|rpc:10.1.0.16:46003|dataStream:|priority:0], old=null RUNNING
2021-08-14 14:06:00,046 [Command processor thread] INFO  server.RaftServer$Division (RaftServerImpl.java:lambda$close$4(407)) - 41bdc6fc-f730-460f-b2d8-92157d986a72@group-BCEEFC5FE04E: shutdown
2021-08-14 14:06:00,046 [Command processor thread] INFO  util.JmxRegister (JmxRegister.java:unregister(73)) - Successfully un-registered JMX Bean with object name Ratis:service=RaftServer,group=group-BCEEFC5FE04E,id=41bdc6fc-f730-460f-b2d8-92157d986a72
2021-08-14 14:06:00,046 [Command processor thread] INFO  impl.RoleInfo (RoleInfo.java:shutdownFollowerState(108)) - 41bdc6fc-f730-460f-b2d8-92157d986a72: shutdown 41bdc6fc-f730-460f-b2d8-92157d986a72@group-BCEEFC5FE04E-FollowerState
2021-08-14 14:06:00,056 [SCMBlockDeletingService#0] DEBUG block.SCMBlockDeletingService (SCMBlockDeletingService.java:call(133)) - Running DeletedBlockTransactionScanner
2021-08-14 14:06:00,057 [Command processor thread] INFO  impl.StateMachineUpdater (StateMachineUpdater.java:stopAndJoin(149)) - 41bdc6fc-f730-460f-b2d8-92157d986a72@group-BCEEFC5FE04E-StateMachineUpdater: set stopIndex = 893
2021-08-14 14:06:00,057 [41bdc6fc-f730-460f-b2d8-92157d986a72@group-BCEEFC5FE04E-FollowerState] INFO  impl.FollowerState (FollowerState.java:run(143)) - 41bdc6fc-f730-460f-b2d8-92157d986a72@group-BCEEFC5FE04E-FollowerState was interrupted: {}
java.lang.InterruptedException: sleep interrupted
	at java.lang.Thread.sleep(Native Method)
	at java.lang.Thread.sleep(Thread.java:340)
	at java.util.concurrent.TimeUnit.sleep(TimeUnit.java:386)
	at org.apache.ratis.util.TimeDuration.sleep(TimeDuration.java:324)
	at org.apache.ratis.util.TimeDuration.sleep(TimeDuration.java:309)
	at org.apache.ratis.server.impl.FollowerState.run(FollowerState.java:118)
2021-08-14 14:06:00,107 [BlockDeletingService#1] INFO  background.BlockDeletingService (BlockDeletingService.java:isDeletionAllowed(224)) - 41bdc6fc-f730-460f-b2d8-92157d986a72: group-BCEEFC5FE04E not found.
2021-08-14 14:06:00,122 [BlockDeletingService#1] INFO  background.BlockDeletingService (BlockDeletingService.java:isDeletionAllowed(224)) - 41bdc6fc-f730-460f-b2d8-92157d986a72: group-BCEEFC5FE04E not found.
2021-08-14 14:06:00,122 [BlockDeletingService#1] INFO  background.BlockDeletingService (BlockDeletingService.java:isDeletionAllowed(224)) - 41bdc6fc-f730-460f-b2d8-92157d986a72: group-BCEEFC5FE04E not found.
2021-08-14 14:06:00,122 [BlockDeletingService#1] INFO  background.BlockDeletingService (BlockDeletingService.java:isDeletionAllowed(224)) - 41bdc6fc-f730-460f-b2d8-92157d986a72: group-BCEEFC5FE04E not found.
2021-08-14 14:06:00,122 [BlockDeletingService#1] INFO  background.BlockDeletingService (BlockDeletingService.java:isDeletionAllowed(224)) - 41bdc6fc-f730-460f-b2d8-92157d986a72: group-BCEEFC5FE04E not found.
2021-08-14 14:06:00,122 [BlockDeletingService#1] INFO  background.BlockDeletingService (BlockDeletingService.java:isDeletionAllowed(224)) - 41bdc6fc-f730-460f-b2d8-92157d986a72: group-BCEEFC5FE04E not found.
2021-08-14 14:06:00,123 [BlockDeletingService#1] INFO  background.BlockDeletingService (BlockDeletingService.java:isDeletionAllowed(224)) - 41bdc6fc-f730-460f-b2d8-92157d986a72: group-BCEEFC5FE04E not found.
2021-08-14 14:06:00,123 [BlockDeletingService#1] INFO  background.BlockDeletingService (BlockDeletingService.java:isDeletionAllowed(224)) - 41bdc6fc-f730-460f-b2d8-92157d986a72: group-BCEEFC5FE04E not found.
2021-08-14 14:06:00,123 [BlockDeletingService#1] INFO  background.BlockDeletingService (BlockDeletingService.java:isDeletionAllowed(224)) - 41bdc6fc-f730-460f-b2d8-92157d986a72: group-BCEEFC5FE04E not found.
2021-08-14 14:06:00,123 [BlockDeletingService#1] INFO  background.BlockDeletingService (BlockDeletingService.java:isDeletionAllowed(224)) - 41bdc6fc-f730-460f-b2d8-92157d986a72: group-BCEEFC5FE04E not found.
2021-08-14 14:06:00,123 [BlockDeletingService#1] INFO  background.BlockDeletingService (BlockDeletingService.java:isDeletionAllowed(224)) - 41bdc6fc-f730-460f-b2d8-92157d986a72: group-BCEEFC5FE04E not found.
2021-08-14 14:06:00,123 [BlockDeletingService#1] INFO  background.BlockDeletingService (BlockDeletingService.java:isDeletionAllowed(224)) - 41bdc6fc-f730-460f-b2d8-92157d986a72: group-BCEEFC5FE04E not found.
2021-08-14 14:06:00,123 [BlockDeletingService#1] INFO  background.BlockDeletingService (BlockDeletingService.java:isDeletionAllowed(224)) - 41bdc6fc-f730-460f-b2d8-92157d986a72: group-BCEEFC5FE04E not found.
2021-08-14 14:06:00,123 [BlockDeletingService#1] INFO  background.BlockDeletingService (BlockDeletingService.java:isDeletionAllowed(224)) - 41bdc6fc-f730-460f-b2d8-92157d986a72: group-BCEEFC5FE04E not found.
2021-08-14 14:06:00,058 [41bdc6fc-f730-460f-b2d8-92157d986a72@group-BCEEFC5FE04E-StateMachineUpdater] INFO  ratis.ContainerStateMachine (ContainerStateMachine.java:takeSnapshot(293)) - group-BCEEFC5FE04E: Taking a snapshot at:(t:3, i:893) file /home/runner/work/ozone/ozone/hadoop-ozone/integration-test/target/test-dir/MiniOzoneClusterImpl-903ecea8-4fd7-4e9d-96bf-9013ab6d4ae3/datanode-2/data/ratis/f66c3a60-01f2-464e-9aeb-bceefc5fe04e/sm/snapshot.3_893
2021-08-14 14:06:00,133 [41bdc6fc-f730-460f-b2d8-92157d986a72@group-BCEEFC5FE04E-StateMachineUpdater] INFO  ratis.ContainerStateMachine (ContainerStateMachine.java:takeSnapshot(304)) - group-BCEEFC5FE04E: Finished taking a snapshot at:(t:3, i:893) file:/home/runner/work/ozone/ozone/hadoop-ozone/integration-test/target/test-dir/MiniOzoneClusterImpl-903ecea8-4fd7-4e9d-96bf-9013ab6d4ae3/datanode-2/data/ratis/f66c3a60-01f2-464e-9aeb-bceefc5fe04e/sm/snapshot.3_893 took: 74 ms
2021-08-14 14:06:00,134 [41bdc6fc-f730-460f-b2d8-92157d986a72@group-BCEEFC5FE04E-StateMachineUpdater] INFO  impl.StateMachineUpdater (StateMachineUpdater.java:takeSnapshot(281)) - 41bdc6fc-f730-460f-b2d8-92157d986a72@group-BCEEFC5FE04E-StateMachineUpdater: Took a snapshot at index 893
2021-08-14 14:06:00,134 [41bdc6fc-f730-460f-b2d8-92157d986a72@group-BCEEFC5FE04E-StateMachineUpdater] INFO  impl.StateMachineUpdater (StateMachineUpdater.java:lambda$new$0(89)) - 41bdc6fc-f730-460f-b2d8-92157d986a72@group-BCEEFC5FE04E-StateMachineUpdater: snapshotIndex: updateIncreasingly -1 -> 893
2021-08-14 14:06:00,135 [Command processor thread] INFO  server.RaftServer$Division (ServerState.java:close(419)) - 41bdc6fc-f730-460f-b2d8-92157d986a72@group-BCEEFC5FE04E: closes. applyIndex: 893
2021-08-14 14:06:00,135 [41bdc6fc-f730-460f-b2d8-92157d986a72@group-BCEEFC5FE04E-SegmentedRaftLogWorker] INFO  segmented.SegmentedRaftLogWorker (SegmentedRaftLogWorker.java:run(327)) - 41bdc6fc-f730-460f-b2d8-92157d986a72@group-BCEEFC5FE04E-SegmentedRaftLogWorker was interrupted, exiting. There are 0 tasks remaining in the queue.
2021-08-14 14:06:00,135 [Command processor thread] INFO  segmented.SegmentedRaftLogWorker (SegmentedRaftLogWorker.java:close(237)) - 41bdc6fc-f730-460f-b2d8-92157d986a72@group-BCEEFC5FE04E-SegmentedRaftLogWorker close()
2021-08-14 14:06:00,142 [Command processor thread] INFO  keyvalue.KeyValueContainer (KeyValueContainer.java:flushAndSyncDB(397)) - Container 20 is synced with bcsId 304.
2021-08-14 14:06:00,142 [Command processor thread] INFO  keyvalue.KeyValueContainer (KeyValueContainer.java:flushAndSyncDB(397)) - Container 20 is synced with bcsId 304.
2021-08-14 14:06:00,145 [Datanode State Machine Thread - 0] WARN  statemachine.StateContext (StateContext.java:execute(621)) - No available thread in pool for past 0 seconds.
2021-08-14 14:06:00,146 [Command processor thread] INFO  keyvalue.KeyValueContainer (KeyValueContainer.java:flushAndSyncDB(397)) - Container 21 is synced with bcsId 322.
2021-08-14 14:06:00,146 [Command processor thread] INFO  keyvalue.KeyValueContainer (KeyValueContainer.java:flushAndSyncDB(397)) - Container 21 is synced with bcsId 322.
2021-08-14 14:06:00,149 [Datanode State Machine Thread - 0] WARN  statemachine.StateContext (StateContext.java:execute(621)) - No available thread in pool for past 0 seconds.
2021-08-14 14:06:00,150 [Command processor thread] INFO  keyvalue.KeyValueContainer (KeyValueContainer.java:flushAndSyncDB(397)) - Container 22 is synced with bcsId 337.
2021-08-14 14:06:00,150 [Command processor thread] INFO  keyvalue.KeyValueContainer (KeyValueContainer.java:flushAndSyncDB(397)) - Container 22 is synced with bcsId 337.
2021-08-14 14:06:00,156 [SCMBlockDeletingService#0] DEBUG block.SCMBlockDeletingService (SCMBlockDeletingService.java:call(133)) - Running DeletedBlockTransactionScanner
2021-08-14 14:06:00,162 [Datanode State Machine Thread - 0] WARN  statemachine.StateContext (StateContext.java:execute(621)) - No available thread in pool for past 0 seconds.
2021-08-14 14:06:00,163 [Command processor thread] INFO  keyvalue.KeyValueContainer (KeyValueContainer.java:flushAndSyncDB(397)) - Container 23 is synced with bcsId 351.
2021-08-14 14:06:00,163 [Command processor thread] INFO  keyvalue.KeyValueContainer (KeyValueContainer.java:flushAndSyncDB(397)) - Container 23 is synced with bcsId 351.
2021-08-14 14:06:00,169 [Datanode State Machine Thread - 0] WARN  statemachine.StateContext (StateContext.java:execute(621)) - No available thread in pool for past 0 seconds.
2021-08-14 14:06:00,171 [Command processor thread] INFO  keyvalue.KeyValueContainer (KeyValueContainer.java:flushAndSyncDB(397)) - Container 24 is synced with bcsId 368.
2021-08-14 14:06:00,171 [Command processor thread] INFO  keyvalue.KeyValueContainer (KeyValueContainer.java:flushAndSyncDB(397)) - Container 24 is synced with bcsId 368.
2021-08-14 14:06:00,173 [Command processor thread] INFO  keyvalue.KeyValueContainer (KeyValueContainer.java:flushAndSyncDB(397)) - Container 25 is synced with bcsId 382.
2021-08-14 14:06:00,173 [Command processor thread] INFO  keyvalue.KeyValueContainer (KeyValueContainer.java:flushAndSyncDB(397)) - Container 25 is synced with bcsId 382.
2021-08-14 14:06:00,175 [Command processor thread] INFO  keyvalue.KeyValueContainer (KeyValueContainer.java:flushAndSyncDB(397)) - Container 26 is synced with bcsId 398.
2021-08-14 14:06:00,175 [Command processor thread] INFO  keyvalue.KeyValueContainer (KeyValueContainer.java:flushAndSyncDB(397)) - Container 26 is synced with bcsId 398.
2021-08-14 14:06:00,177 [Datanode State Machine Thread - 0] WARN  statemachine.StateContext (StateContext.java:execute(621)) - No available thread in pool for past 0 seconds.
2021-08-14 14:06:00,180 [Command processor thread] INFO  keyvalue.KeyValueContainer (KeyValueContainer.java:flushAndSyncDB(397)) - Container 27 is synced with bcsId 416.
2021-08-14 14:06:00,180 [Command processor thread] INFO  keyvalue.KeyValueContainer (KeyValueContainer.java:flushAndSyncDB(397)) - Container 27 is synced with bcsId 416.
2021-08-14 14:06:00,182 [Datanode State Machine Thread - 0] WARN  statemachine.StateContext (StateContext.java:execute(621)) - No available thread in pool for past 0 seconds.
2021-08-14 14:06:00,183 [Command processor thread] INFO  keyvalue.KeyValueContainer (KeyValueContainer.java:flushAndSyncDB(397)) - Container 28 is synced with bcsId 430.
2021-08-14 14:06:00,183 [Command processor thread] INFO  keyvalue.KeyValueContainer (KeyValueContainer.java:flushAndSyncDB(397)) - Container 28 is synced with bcsId 430.
2021-08-14 14:06:00,198 [Datanode State Machine Thread - 0] WARN  statemachine.StateContext (StateContext.java:execute(621)) - No available thread in pool for past 0 seconds.
2021-08-14 14:06:00,199 [Command processor thread] INFO  keyvalue.KeyValueContainer (KeyValueContainer.java:flushAndSyncDB(397)) - Container 29 is synced with bcsId 446.
2021-08-14 14:06:00,199 [Command processor thread] INFO  keyvalue.KeyValueContainer (KeyValueContainer.java:flushAndSyncDB(397)) - Container 29 is synced with bcsId 446.
2021-08-14 14:06:00,223 [Datanode State Machine Thread - 0] WARN  statemachine.StateContext (StateContext.java:execute(621)) - No available thread in pool for past 0 seconds.
2021-08-14 14:06:00,224 [Command processor thread] INFO  keyvalue.KeyValueContainer (KeyValueContainer.java:flushAndSyncDB(397)) - Container 30 is synced with bcsId 462.
2021-08-14 14:06:00,224 [Command processor thread] INFO  keyvalue.KeyValueContainer (KeyValueContainer.java:flushAndSyncDB(397)) - Container 30 is synced with bcsId 462.
2021-08-14 14:06:00,243 [Datanode State Machine Thread - 0] WARN  statemachine.StateContext (StateContext.java:execute(621)) - No available thread in pool for past 0 seconds.
2021-08-14 14:06:00,244 [Command processor thread] INFO  keyvalue.KeyValueContainer (KeyValueContainer.java:flushAndSyncDB(397)) - Container 31 is synced with bcsId 478.
2021-08-14 14:06:00,244 [Command processor thread] INFO  keyvalue.KeyValueContainer (KeyValueContainer.java:flushAndSyncDB(397)) - Container 31 is synced with bcsId 478.
2021-08-14 14:06:00,249 [Datanode State Machine Thread - 0] WARN  statemachine.StateContext (StateContext.java:execute(621)) - No available thread in pool for past 0 seconds.
2021-08-14 14:06:00,250 [Command processor thread] INFO  keyvalue.KeyValueContainer (KeyValueContainer.java:flushAndSyncDB(397)) - Container 32 is synced with bcsId 492.
2021-08-14 14:06:00,250 [Command processor thread] INFO  keyvalue.KeyValueContainer (KeyValueContainer.java:flushAndSyncDB(397)) - Container 32 is synced with bcsId 492.
2021-08-14 14:06:00,256 [SCMBlockDeletingService#0] DEBUG block.SCMBlockDeletingService (SCMBlockDeletingService.java:call(133)) - Running DeletedBlockTransactionScanner
2021-08-14 14:06:00,288 [Datanode State Machine Thread - 0] WARN  statemachine.StateContext (StateContext.java:execute(621)) - No available thread in pool for past 0 seconds.
2021-08-14 14:06:00,290 [Command processor thread] INFO  keyvalue.KeyValueContainer (KeyValueContainer.java:flushAndSyncDB(397)) - Container 33 is synced with bcsId 508.
2021-08-14 14:06:00,290 [Command processor thread] INFO  keyvalue.KeyValueContainer (KeyValueContainer.java:flushAndSyncDB(397)) - Container 33 is synced with bcsId 508.
2021-08-14 14:06:00,305 [Command processor thread] INFO  keyvalue.KeyValueContainer (KeyValueContainer.java:flushAndSyncDB(397)) - Container 34 is synced with bcsId 524.
2021-08-14 14:06:00,305 [Command processor thread] INFO  keyvalue.KeyValueContainer (KeyValueContainer.java:flushAndSyncDB(397)) - Container 34 is synced with bcsId 524.
2021-08-14 14:06:00,319 [Datanode State Machine Thread - 0] WARN  statemachine.StateContext (StateContext.java:execute(621)) - No available thread in pool for past 0 seconds.
2021-08-14 14:06:00,320 [Command processor thread] INFO  keyvalue.KeyValueContainer (KeyValueContainer.java:flushAndSyncDB(397)) - Container 35 is synced with bcsId 540.
2021-08-14 14:06:00,320 [Command processor thread] INFO  keyvalue.KeyValueContainer (KeyValueContainer.java:flushAndSyncDB(397)) - Container 35 is synced with bcsId 540.
2021-08-14 14:06:00,336 [Datanode State Machine Thread - 0] WARN  statemachine.StateContext (StateContext.java:execute(621)) - No available thread in pool for past 0 seconds.
2021-08-14 14:06:00,337 [Command processor thread] INFO  keyvalue.KeyValueContainer (KeyValueContainer.java:flushAndSyncDB(397)) - Container 36 is synced with bcsId 555.
2021-08-14 14:06:00,337 [Command processor thread] INFO  keyvalue.KeyValueContainer (KeyValueContainer.java:flushAndSyncDB(397)) - Container 36 is synced with bcsId 555.
2021-08-14 14:06:00,345 [Command processor thread] INFO  keyvalue.KeyValueContainer (KeyValueContainer.java:flushAndSyncDB(397)) - Container 37 is synced with bcsId 570.
2021-08-14 14:06:00,345 [Command processor thread] INFO  keyvalue.KeyValueContainer (KeyValueContainer.java:flushAndSyncDB(397)) - Container 37 is synced with bcsId 570.
2021-08-14 14:06:00,348 [Command processor thread] INFO  keyvalue.KeyValueContainer (KeyValueContainer.java:flushAndSyncDB(397)) - Container 38 is synced with bcsId 587.
2021-08-14 14:06:00,348 [Command processor thread] INFO  keyvalue.KeyValueContainer (KeyValueContainer.java:flushAndSyncDB(397)) - Container 38 is synced with bcsId 587.
2021-08-14 14:06:00,350 [Datanode State Machine Thread - 0] WARN  statemachine.StateContext (StateContext.java:execute(621)) - No available thread in pool for past 0 seconds.
2021-08-14 14:06:00,351 [Command processor thread] INFO  keyvalue.KeyValueContainer (KeyValueContainer.java:flushAndSyncDB(397)) - Container 39 is synced with bcsId 601.
2021-08-14 14:06:00,351 [Command processor thread] INFO  keyvalue.KeyValueContainer (KeyValueContainer.java:flushAndSyncDB(397)) - Container 39 is synced with bcsId 601.
2021-08-14 14:06:00,357 [SCMBlockDeletingService#0] DEBUG block.SCMBlockDeletingService (SCMBlockDeletingService.java:call(133)) - Running DeletedBlockTransactionScanner
2021-08-14 14:06:00,367 [Command processor thread] INFO  keyvalue.KeyValueContainer (KeyValueContainer.java:flushAndSyncDB(397)) - Container 40 is synced with bcsId 617.
2021-08-14 14:06:00,367 [Command processor thread] INFO  keyvalue.KeyValueContainer (KeyValueContainer.java:flushAndSyncDB(397)) - Container 40 is synced with bcsId 617.
2021-08-14 14:06:00,369 [Datanode State Machine Thread - 0] WARN  statemachine.StateContext (StateContext.java:execute(621)) - No available thread in pool for past 0 seconds.
2021-08-14 14:06:00,383 [Command processor thread] INFO  keyvalue.KeyValueContainer (KeyValueContainer.java:flushAndSyncDB(397)) - Container 41 is synced with bcsId 632.
2021-08-14 14:06:00,383 [Command processor thread] INFO  keyvalue.KeyValueContainer (KeyValueContainer.java:flushAndSyncDB(397)) - Container 41 is synced with bcsId 632.
2021-08-14 14:06:00,390 [Command processor thread] INFO  keyvalue.KeyValueContainer (KeyValueContainer.java:flushAndSyncDB(397)) - Container 42 is synced with bcsId 647.
2021-08-14 14:06:00,391 [Command processor thread] INFO  keyvalue.KeyValueContainer (KeyValueContainer.java:flushAndSyncDB(397)) - Container 42 is synced with bcsId 647.
2021-08-14 14:06:00,400 [Command processor thread] INFO  keyvalue.KeyValueContainer (KeyValueContainer.java:flushAndSyncDB(397)) - Container 43 is synced with bcsId 662.
2021-08-14 14:06:00,400 [Command processor thread] INFO  keyvalue.KeyValueContainer (KeyValueContainer.java:flushAndSyncDB(397)) - Container 43 is synced with bcsId 662.
2021-08-14 14:06:00,406 [Command processor thread] INFO  keyvalue.KeyValueContainer (KeyValueContainer.java:flushAndSyncDB(397)) - Container 44 is synced with bcsId 676.
2021-08-14 14:06:00,406 [Command processor thread] INFO  keyvalue.KeyValueContainer (KeyValueContainer.java:flushAndSyncDB(397)) - Container 44 is synced with bcsId 676.
2021-08-14 14:06:00,414 [Command processor thread] INFO  keyvalue.KeyValueContainer (KeyValueContainer.java:flushAndSyncDB(397)) - Container 45 is synced with bcsId 692.
2021-08-14 14:06:00,415 [Command processor thread] INFO  keyvalue.KeyValueContainer (KeyValueContainer.java:flushAndSyncDB(397)) - Container 45 is synced with bcsId 692.
2021-08-14 14:06:00,425 [Command processor thread] INFO  keyvalue.KeyValueContainer (KeyValueContainer.java:flushAndSyncDB(397)) - Container 46 is synced with bcsId 708.
2021-08-14 14:06:00,425 [Command processor thread] INFO  keyvalue.KeyValueContainer (KeyValueContainer.java:flushAndSyncDB(397)) - Container 46 is synced with bcsId 708.
2021-08-14 14:06:00,431 [Command processor thread] INFO  keyvalue.KeyValueContainer (KeyValueContainer.java:flushAndSyncDB(397)) - Container 47 is synced with bcsId 724.
2021-08-14 14:06:00,431 [Command processor thread] INFO  keyvalue.KeyValueContainer (KeyValueContainer.java:flushAndSyncDB(397)) - Container 47 is synced with bcsId 724.
2021-08-14 14:06:00,433 [Command processor thread] INFO  keyvalue.KeyValueContainer (KeyValueContainer.java:flushAndSyncDB(397)) - Container 48 is synced with bcsId 737.
2021-08-14 14:06:00,434 [Command processor thread] INFO  keyvalue.KeyValueContainer (KeyValueContainer.java:flushAndSyncDB(397)) - Container 48 is synced with bcsId 737.
2021-08-14 14:06:00,444 [Command processor thread] INFO  keyvalue.KeyValueContainer (KeyValueContainer.java:flushAndSyncDB(397)) - Container 49 is synced with bcsId 753.
2021-08-14 14:06:00,444 [Command processor thread] INFO  keyvalue.KeyValueContainer (KeyValueContainer.java:flushAndSyncDB(397)) - Container 49 is synced with bcsId 753.
2021-08-14 14:06:00,447 [Command processor thread] INFO  keyvalue.KeyValueContainer (KeyValueContainer.java:flushAndSyncDB(397)) - Container 50 is synced with bcsId 769.
2021-08-14 14:06:00,447 [Command processor thread] INFO  keyvalue.KeyValueContainer (KeyValueContainer.java:flushAndSyncDB(397)) - Container 50 is synced with bcsId 769.
2021-08-14 14:06:00,452 [Datanode State Machine Thread - 0] WARN  statemachine.StateContext (StateContext.java:execute(621)) - No available thread in pool for past 0 seconds.
2021-08-14 14:06:00,452 [Command processor thread] INFO  keyvalue.KeyValueContainer (KeyValueContainer.java:flushAndSyncDB(397)) - Container 51 is synced with bcsId 785.
2021-08-14 14:06:00,453 [Command processor thread] INFO  keyvalue.KeyValueContainer (KeyValueContainer.java:flushAndSyncDB(397)) - Container 51 is synced with bcsId 785.
2021-08-14 14:06:00,454 [Datanode State Machine Thread - 0] WARN  statemachine.StateContext (StateContext.java:execute(621)) - No available thread in pool for past 0 seconds.
2021-08-14 14:06:00,456 [Command processor thread] INFO  keyvalue.KeyValueContainer (KeyValueContainer.java:flushAndSyncDB(397)) - Container 52 is synced with bcsId 800.
2021-08-14 14:06:00,456 [Command processor thread] INFO  keyvalue.KeyValueContainer (KeyValueContainer.java:flushAndSyncDB(397)) - Container 52 is synced with bcsId 800.
2021-08-14 14:06:00,457 [SCMBlockDeletingService#0] DEBUG block.SCMBlockDeletingService (SCMBlockDeletingService.java:call(133)) - Running DeletedBlockTransactionScanner
2021-08-14 14:06:00,497 [Datanode State Machine Thread - 0] WARN  statemachine.StateContext (StateContext.java:execute(621)) - No available thread in pool for past 0 seconds.
2021-08-14 14:06:00,500 [Command processor thread] INFO  keyvalue.KeyValueContainer (KeyValueContainer.java:flushAndSyncDB(397)) - Container 53 is synced with bcsId 816.
2021-08-14 14:06:00,500 [Command processor thread] INFO  keyvalue.KeyValueContainer (KeyValueContainer.java:flushAndSyncDB(397)) - Container 53 is synced with bcsId 816.
2021-08-14 14:06:00,511 [Datanode State Machine Thread - 0] WARN  statemachine.StateContext (StateContext.java:execute(621)) - No available thread in pool for past 0 seconds.
2021-08-14 14:06:00,511 [Command processor thread] INFO  keyvalue.KeyValueContainer (KeyValueContainer.java:flushAndSyncDB(397)) - Container 54 is synced with bcsId 832.
2021-08-14 14:06:00,511 [Command processor thread] INFO  keyvalue.KeyValueContainer (KeyValueContainer.java:flushAndSyncDB(397)) - Container 54 is synced with bcsId 832.
2021-08-14 14:06:00,524 [Datanode State Machine Thread - 0] WARN  statemachine.StateContext (StateContext.java:execute(621)) - No available thread in pool for past 0 seconds.
2021-08-14 14:06:00,524 [Command processor thread] INFO  keyvalue.KeyValueContainer (KeyValueContainer.java:flushAndSyncDB(397)) - Container 55 is synced with bcsId 848.
2021-08-14 14:06:00,524 [Command processor thread] INFO  keyvalue.KeyValueContainer (KeyValueContainer.java:flushAndSyncDB(397)) - Container 55 is synced with bcsId 848.
2021-08-14 14:06:00,531 [Command processor thread] INFO  keyvalue.KeyValueContainer (KeyValueContainer.java:flushAndSyncDB(397)) - Container 56 is synced with bcsId 853.
2021-08-14 14:06:00,531 [Command processor thread] INFO  keyvalue.KeyValueContainer (KeyValueContainer.java:flushAndSyncDB(397)) - Container 56 is synced with bcsId 853.
2021-08-14 14:06:00,557 [SCMBlockDeletingService#0] DEBUG block.SCMBlockDeletingService (SCMBlockDeletingService.java:call(133)) - Running DeletedBlockTransactionScanner
2021-08-14 14:06:00,569 [Command processor thread] INFO  server.RaftServer$Division (RaftServerImpl.java:groupRemove(377)) - 41bdc6fc-f730-460f-b2d8-92157d986a72@group-BCEEFC5FE04E: Succeed to remove RaftStorageDirectory Storage Directory /home/runner/work/ozone/ozone/hadoop-ozone/integration-test/target/test-dir/MiniOzoneClusterImpl-903ecea8-4fd7-4e9d-96bf-9013ab6d4ae3/datanode-2/data/ratis/f66c3a60-01f2-464e-9aeb-bceefc5fe04e
2021-08-14 14:06:00,569 [Command processor thread] INFO  commandhandler.ClosePipelineCommandHandler (ClosePipelineCommandHandler.java:handle(75)) - Close Pipeline PipelineID=f66c3a60-01f2-464e-9aeb-bceefc5fe04e command on datanode 41bdc6fc-f730-460f-b2d8-92157d986a72.
2021-08-14 14:06:00,657 [SCMBlockDeletingService#0] DEBUG block.SCMBlockDeletingService (SCMBlockDeletingService.java:call(133)) - Running DeletedBlockTransactionScanner
2021-08-14 14:06:00,757 [SCMBlockDeletingService#0] DEBUG block.SCMBlockDeletingService (SCMBlockDeletingService.java:call(133)) - Running DeletedBlockTransactionScanner
2021-08-14 14:06:00,857 [SCMBlockDeletingService#0] DEBUG block.SCMBlockDeletingService (SCMBlockDeletingService.java:call(133)) - Running DeletedBlockTransactionScanner
2021-08-14 14:06:00,949 [ForkJoinPool.commonPool-worker-1] INFO  ozoneimpl.OzoneContainer (OzoneContainer.java:stop(326)) - Attempting to stop container services.
2021-08-14 14:06:00,950 [ForkJoinPool.commonPool-worker-1] INFO  server.RaftServer (RaftServerProxy.java:lambda$close$6(391)) - a3a688a0-b759-42a1-9d42-7ea63bf88025: close
2021-08-14 14:06:00,951 [ForkJoinPool.commonPool-worker-1] INFO  server.RaftServer$Division (RaftServerImpl.java:lambda$close$4(407)) - a3a688a0-b759-42a1-9d42-7ea63bf88025@group-BCEEFC5FE04E: shutdown
2021-08-14 14:06:00,951 [ForkJoinPool.commonPool-worker-1] INFO  util.JmxRegister (JmxRegister.java:unregister(73)) - Successfully un-registered JMX Bean with object name Ratis:service=RaftServer,group=group-BCEEFC5FE04E,id=a3a688a0-b759-42a1-9d42-7ea63bf88025
2021-08-14 14:06:00,951 [ForkJoinPool.commonPool-worker-1] INFO  impl.RoleInfo (RoleInfo.java:shutdownLeaderState(91)) - a3a688a0-b759-42a1-9d42-7ea63bf88025: shutdown a3a688a0-b759-42a1-9d42-7ea63bf88025@group-BCEEFC5FE04E-LeaderStateImpl
2021-08-14 14:06:00,957 [SCMBlockDeletingService#0] DEBUG block.SCMBlockDeletingService (SCMBlockDeletingService.java:call(133)) - Running DeletedBlockTransactionScanner
2021-08-14 14:06:00,959 [grpc-default-executor-3] INFO  server.GrpcServerProtocolService (GrpcServerProtocolService.java:onCompleted(140)) - 41bdc6fc-f730-460f-b2d8-92157d986a72: Completed APPEND_ENTRIES, lastRequest: a3a688a0-b759-42a1-9d42-7ea63bf88025->41bdc6fc-f730-460f-b2d8-92157d986a72#6886-t3,previous=(t:3, i:892),leaderCommit=892,initializing? true,entries: size=1, first=(t:3, i:893), METADATAENTRY(c:892)
2021-08-14 14:06:00,965 [grpc-default-executor-1] INFO  server.GrpcLogAppender (GrpcLogAppender.java:onCompleted(344)) - a3a688a0-b759-42a1-9d42-7ea63bf88025@group-BCEEFC5FE04E->41bdc6fc-f730-460f-b2d8-92157d986a72-AppendLogResponseHandler: follower responses appendEntries COMPLETED
2021-08-14 14:06:00,965 [grpc-default-executor-1] INFO  leader.FollowerInfo (FollowerInfoImpl.java:lambda$new$0(46)) - a3a688a0-b759-42a1-9d42-7ea63bf88025@group-BCEEFC5FE04E->41bdc6fc-f730-460f-b2d8-92157d986a72: nextIndex: updateUnconditionally 894 -> 893
2021-08-14 14:06:00,978 [ForkJoinPool.commonPool-worker-1] INFO  impl.PendingRequests (PendingRequests.java:sendNotLeaderResponses(282)) - a3a688a0-b759-42a1-9d42-7ea63bf88025@group-BCEEFC5FE04E-PendingRequests: sendNotLeaderResponses
2021-08-14 14:06:00,979 [ForkJoinPool.commonPool-worker-1] INFO  impl.StateMachineUpdater (StateMachineUpdater.java:stopAndJoin(149)) - a3a688a0-b759-42a1-9d42-7ea63bf88025@group-BCEEFC5FE04E-StateMachineUpdater: set stopIndex = 893
2021-08-14 14:06:00,979 [a3a688a0-b759-42a1-9d42-7ea63bf88025@group-BCEEFC5FE04E->e5d3e9d3-1367-47eb-ad7f-372895a70f55-GrpcLogAppender-LogAppenderDaemon] WARN  server.GrpcLogAppender (GrpcLogAppender.java:mayWait(175)) - a3a688a0-b759-42a1-9d42-7ea63bf88025@group-BCEEFC5FE04E->e5d3e9d3-1367-47eb-ad7f-372895a70f55-GrpcLogAppender: Wait interrupted by java.lang.InterruptedException
2021-08-14 14:06:00,980 [a3a688a0-b759-42a1-9d42-7ea63bf88025@group-BCEEFC5FE04E-StateMachineUpdater] INFO  ratis.ContainerStateMachine (ContainerStateMachine.java:takeSnapshot(293)) - group-BCEEFC5FE04E: Taking a snapshot at:(t:3, i:893) file /home/runner/work/ozone/ozone/hadoop-ozone/integration-test/target/test-dir/MiniOzoneClusterImpl-903ecea8-4fd7-4e9d-96bf-9013ab6d4ae3/datanode-0/data/ratis/f66c3a60-01f2-464e-9aeb-bceefc5fe04e/sm/snapshot.3_893
2021-08-14 14:06:00,985 [a3a688a0-b759-42a1-9d42-7ea63bf88025@group-BCEEFC5FE04E-StateMachineUpdater] INFO  ratis.ContainerStateMachine (ContainerStateMachine.java:takeSnapshot(304)) - group-BCEEFC5FE04E: Finished taking a snapshot at:(t:3, i:893) file:/home/runner/work/ozone/ozone/hadoop-ozone/integration-test/target/test-dir/MiniOzoneClusterImpl-903ecea8-4fd7-4e9d-96bf-9013ab6d4ae3/datanode-0/data/ratis/f66c3a60-01f2-464e-9aeb-bceefc5fe04e/sm/snapshot.3_893 took: 6 ms
2021-08-14 14:06:00,985 [a3a688a0-b759-42a1-9d42-7ea63bf88025@group-BCEEFC5FE04E-StateMachineUpdater] INFO  impl.StateMachineUpdater (StateMachineUpdater.java:takeSnapshot(281)) - a3a688a0-b759-42a1-9d42-7ea63bf88025@group-BCEEFC5FE04E-StateMachineUpdater: Took a snapshot at index 893
2021-08-14 14:06:00,985 [a3a688a0-b759-42a1-9d42-7ea63bf88025@group-BCEEFC5FE04E-StateMachineUpdater] INFO  impl.StateMachineUpdater (StateMachineUpdater.java:lambda$new$0(89)) - a3a688a0-b759-42a1-9d42-7ea63bf88025@group-BCEEFC5FE04E-StateMachineUpdater: snapshotIndex: updateIncreasingly -1 -> 893
2021-08-14 14:06:00,987 [ForkJoinPool.commonPool-worker-1] INFO  server.RaftServer$Division (ServerState.java:close(419)) - a3a688a0-b759-42a1-9d42-7ea63bf88025@group-BCEEFC5FE04E: closes. applyIndex: 893
2021-08-14 14:06:00,987 [a3a688a0-b759-42a1-9d42-7ea63bf88025@group-BCEEFC5FE04E-SegmentedRaftLogWorker] INFO  segmented.SegmentedRaftLogWorker (SegmentedRaftLogWorker.java:run(327)) - a3a688a0-b759-42a1-9d42-7ea63bf88025@group-BCEEFC5FE04E-SegmentedRaftLogWorker was interrupted, exiting. There are 0 tasks remaining in the queue.
2021-08-14 14:06:00,987 [ForkJoinPool.commonPool-worker-1] INFO  segmented.SegmentedRaftLogWorker (SegmentedRaftLogWorker.java:close(237)) - a3a688a0-b759-42a1-9d42-7ea63bf88025@group-BCEEFC5FE04E-SegmentedRaftLogWorker close()
2021-08-14 14:06:00,994 [ForkJoinPool.commonPool-worker-1] INFO  server.GrpcService (GrpcService.java:closeImpl(262)) - a3a688a0-b759-42a1-9d42-7ea63bf88025: shutdown server with port 35273 now
2021-08-14 14:06:01,004 [grpc-default-executor-1] WARN  client.GrpcClientProtocolService (LogUtils.java:warn(122)) - 1-UnorderedRequestStreamObserver1: onError: org.apache.ratis.thirdparty.io.grpc.StatusRuntimeException: CANCELLED: client cancelled
2021-08-14 14:06:01,005 [Listener at 127.0.0.1/32925] INFO  ozoneimpl.OzoneContainer (OzoneContainer.java:stop(326)) - Attempting to stop container services.
2021-08-14 14:06:01,029 [grpc-default-executor-1] INFO  server.GrpcServerProtocolService (GrpcServerProtocolService.java:onCompleted(140)) - e5d3e9d3-1367-47eb-ad7f-372895a70f55: Completed APPEND_ENTRIES, lastRequest: a3a688a0-b759-42a1-9d42-7ea63bf88025->e5d3e9d3-1367-47eb-ad7f-372895a70f55#6893-t3,previous=(t:3, i:892),leaderCommit=892,initializing? true,entries: size=1, first=(t:3, i:893), METADATAENTRY(c:892)
2021-08-14 14:06:01,030 [grpc-default-executor-1] INFO  server.GrpcLogAppender (GrpcLogAppender.java:onCompleted(344)) - a3a688a0-b759-42a1-9d42-7ea63bf88025@group-BCEEFC5FE04E->e5d3e9d3-1367-47eb-ad7f-372895a70f55-AppendLogResponseHandler: follower responses appendEntries COMPLETED
2021-08-14 14:06:01,030 [grpc-default-executor-1] INFO  leader.FollowerInfo (FollowerInfoImpl.java:lambda$new$0(46)) - a3a688a0-b759-42a1-9d42-7ea63bf88025@group-BCEEFC5FE04E->e5d3e9d3-1367-47eb-ad7f-372895a70f55: nextIndex: updateUnconditionally 894 -> 893
2021-08-14 14:06:01,031 [ForkJoinPool.commonPool-worker-1] INFO  server.GrpcService (GrpcService.java:closeImpl(271)) - a3a688a0-b759-42a1-9d42-7ea63bf88025: shutdown server with port 35273 successfully
2021-08-14 14:06:01,031 [org.apache.ratis.util.JvmPauseMonitor$$Lambda$531/524014602@4ade5790] INFO  util.JvmPauseMonitor (JvmPauseMonitor.java:run(109)) - JvmPauseMonitor-a3a688a0-b759-42a1-9d42-7ea63bf88025: Stopped
2021-08-14 14:06:01,032 [Listener at 127.0.0.1/32925] INFO  server.RaftServer (RaftServerProxy.java:lambda$close$6(391)) - e5d3e9d3-1367-47eb-ad7f-372895a70f55: close
2021-08-14 14:06:01,032 [Listener at 127.0.0.1/32925] INFO  server.RaftServer$Division (RaftServerImpl.java:lambda$close$4(407)) - e5d3e9d3-1367-47eb-ad7f-372895a70f55@group-BCEEFC5FE04E: shutdown
2021-08-14 14:06:01,033 [Listener at 127.0.0.1/32925] INFO  util.JmxRegister (JmxRegister.java:unregister(73)) - Successfully un-registered JMX Bean with object name Ratis:service=RaftServer,group=group-BCEEFC5FE04E,id=e5d3e9d3-1367-47eb-ad7f-372895a70f55
2021-08-14 14:06:01,033 [Listener at 127.0.0.1/32925] INFO  impl.RoleInfo (RoleInfo.java:shutdownFollowerState(108)) - e5d3e9d3-1367-47eb-ad7f-372895a70f55: shutdown e5d3e9d3-1367-47eb-ad7f-372895a70f55@group-BCEEFC5FE04E-FollowerState
2021-08-14 14:06:01,058 [Listener at 127.0.0.1/32925] INFO  impl.StateMachineUpdater (StateMachineUpdater.java:stopAndJoin(149)) - e5d3e9d3-1367-47eb-ad7f-372895a70f55@group-BCEEFC5FE04E-StateMachineUpdater: set stopIndex = 893
2021-08-14 14:06:01,093 [SCMBlockDeletingService#0] DEBUG block.SCMBlockDeletingService (SCMBlockDeletingService.java:call(133)) - Running DeletedBlockTransactionScanner
2021-08-14 14:06:01,070 [ForkJoinPool.commonPool-worker-1] INFO  utils.BackgroundService (BackgroundService.java:shutdown(132)) - Shutting down service BlockDeletingService
2021-08-14 14:06:01,058 [e5d3e9d3-1367-47eb-ad7f-372895a70f55@group-BCEEFC5FE04E-FollowerState] INFO  impl.FollowerState (FollowerState.java:run(143)) - e5d3e9d3-1367-47eb-ad7f-372895a70f55@group-BCEEFC5FE04E-FollowerState was interrupted: {}
java.lang.InterruptedException: sleep interrupted
	at java.lang.Thread.sleep(Native Method)
	at java.lang.Thread.sleep(Thread.java:340)
	at java.util.concurrent.TimeUnit.sleep(TimeUnit.java:386)
	at org.apache.ratis.util.TimeDuration.sleep(TimeDuration.java:324)
	at org.apache.ratis.util.TimeDuration.sleep(TimeDuration.java:309)
	at org.apache.ratis.server.impl.FollowerState.run(FollowerState.java:118)
2021-08-14 14:06:01,104 [e5d3e9d3-1367-47eb-ad7f-372895a70f55@group-BCEEFC5FE04E-StateMachineUpdater] INFO  ratis.ContainerStateMachine (ContainerStateMachine.java:takeSnapshot(293)) - group-BCEEFC5FE04E: Taking a snapshot at:(t:3, i:893) file /home/runner/work/ozone/ozone/hadoop-ozone/integration-test/target/test-dir/MiniOzoneClusterImpl-903ecea8-4fd7-4e9d-96bf-9013ab6d4ae3/datanode-1/data/ratis/f66c3a60-01f2-464e-9aeb-bceefc5fe04e/sm/snapshot.3_893
2021-08-14 14:06:01,109 [e5d3e9d3-1367-47eb-ad7f-372895a70f55@group-BCEEFC5FE04E-StateMachineUpdater] INFO  ratis.ContainerStateMachine (ContainerStateMachine.java:takeSnapshot(304)) - group-BCEEFC5FE04E: Finished taking a snapshot at:(t:3, i:893) file:/home/runner/work/ozone/ozone/hadoop-ozone/integration-test/target/test-dir/MiniOzoneClusterImpl-903ecea8-4fd7-4e9d-96bf-9013ab6d4ae3/datanode-1/data/ratis/f66c3a60-01f2-464e-9aeb-bceefc5fe04e/sm/snapshot.3_893 took: 5 ms
2021-08-14 14:06:01,109 [e5d3e9d3-1367-47eb-ad7f-372895a70f55@group-BCEEFC5FE04E-StateMachineUpdater] INFO  impl.StateMachineUpdater (StateMachineUpdater.java:takeSnapshot(281)) - e5d3e9d3-1367-47eb-ad7f-372895a70f55@group-BCEEFC5FE04E-StateMachineUpdater: Took a snapshot at index 893
2021-08-14 14:06:01,109 [e5d3e9d3-1367-47eb-ad7f-372895a70f55@group-BCEEFC5FE04E-StateMachineUpdater] INFO  impl.StateMachineUpdater (StateMachineUpdater.java:lambda$new$0(89)) - e5d3e9d3-1367-47eb-ad7f-372895a70f55@group-BCEEFC5FE04E-StateMachineUpdater: snapshotIndex: updateIncreasingly -1 -> 893
2021-08-14 14:06:01,110 [Listener at 127.0.0.1/32925] INFO  server.RaftServer$Division (ServerState.java:close(419)) - e5d3e9d3-1367-47eb-ad7f-372895a70f55@group-BCEEFC5FE04E: closes. applyIndex: 893
2021-08-14 14:06:01,110 [e5d3e9d3-1367-47eb-ad7f-372895a70f55@group-BCEEFC5FE04E-SegmentedRaftLogWorker] INFO  segmented.SegmentedRaftLogWorker (SegmentedRaftLogWorker.java:run(327)) - e5d3e9d3-1367-47eb-ad7f-372895a70f55@group-BCEEFC5FE04E-SegmentedRaftLogWorker was interrupted, exiting. There are 0 tasks remaining in the queue.
2021-08-14 14:06:01,111 [Listener at 127.0.0.1/32925] INFO  segmented.SegmentedRaftLogWorker (SegmentedRaftLogWorker.java:close(237)) - e5d3e9d3-1367-47eb-ad7f-372895a70f55@group-BCEEFC5FE04E-SegmentedRaftLogWorker close()
2021-08-14 14:06:01,112 [Listener at 127.0.0.1/32925] INFO  server.GrpcService (GrpcService.java:closeImpl(262)) - e5d3e9d3-1367-47eb-ad7f-372895a70f55: shutdown server with port 46003 now
2021-08-14 14:06:01,115 [Listener at 127.0.0.1/32925] INFO  server.GrpcService (GrpcService.java:closeImpl(271)) - e5d3e9d3-1367-47eb-ad7f-372895a70f55: shutdown server with port 46003 successfully
2021-08-14 14:06:01,117 [org.apache.ratis.util.JvmPauseMonitor$$Lambda$531/524014602@35ed061f] INFO  util.JvmPauseMonitor (JvmPauseMonitor.java:run(109)) - JvmPauseMonitor-e5d3e9d3-1367-47eb-ad7f-372895a70f55: Stopped
2021-08-14 14:06:01,118 [Listener at 127.0.0.1/32925] INFO  utils.BackgroundService (BackgroundService.java:shutdown(132)) - Shutting down service BlockDeletingService
2021-08-14 14:06:01,193 [SCMBlockDeletingService#0] DEBUG block.SCMBlockDeletingService (SCMBlockDeletingService.java:call(133)) - Running DeletedBlockTransactionScanner
2021-08-14 14:06:01,293 [SCMBlockDeletingService#0] DEBUG block.SCMBlockDeletingService (SCMBlockDeletingService.java:call(133)) - Running DeletedBlockTransactionScanner
2021-08-14 14:06:01,393 [SCMBlockDeletingService#0] DEBUG block.SCMBlockDeletingService (SCMBlockDeletingService.java:call(133)) - Running DeletedBlockTransactionScanner
2021-08-14 14:06:01,494 [SCMBlockDeletingService#0] DEBUG block.SCMBlockDeletingService (SCMBlockDeletingService.java:call(133)) - Running DeletedBlockTransactionScanner
2021-08-14 14:06:01,594 [SCMBlockDeletingService#0] DEBUG block.SCMBlockDeletingService (SCMBlockDeletingService.java:call(133)) - Running DeletedBlockTransactionScanner
2021-08-14 14:06:01,694 [SCMBlockDeletingService#0] DEBUG block.SCMBlockDeletingService (SCMBlockDeletingService.java:call(133)) - Running DeletedBlockTransactionScanner
2021-08-14 14:06:01,794 [SCMBlockDeletingService#0] DEBUG block.SCMBlockDeletingService (SCMBlockDeletingService.java:call(133)) - Running DeletedBlockTransactionScanner
2021-08-14 14:06:01,894 [SCMBlockDeletingService#0] DEBUG block.SCMBlockDeletingService (SCMBlockDeletingService.java:call(133)) - Running DeletedBlockTransactionScanner
2021-08-14 14:06:01,994 [SCMBlockDeletingService#0] DEBUG block.SCMBlockDeletingService (SCMBlockDeletingService.java:call(133)) - Running DeletedBlockTransactionScanner
2021-08-14 14:06:02,094 [SCMBlockDeletingService#0] DEBUG block.SCMBlockDeletingService (SCMBlockDeletingService.java:call(133)) - Running DeletedBlockTransactionScanner
2021-08-14 14:06:02,194 [SCMBlockDeletingService#0] DEBUG block.SCMBlockDeletingService (SCMBlockDeletingService.java:call(133)) - Running DeletedBlockTransactionScanner
2021-08-14 14:06:02,294 [SCMBlockDeletingService#0] DEBUG block.SCMBlockDeletingService (SCMBlockDeletingService.java:call(133)) - Running DeletedBlockTransactionScanner
2021-08-14 14:06:02,394 [SCMBlockDeletingService#0] DEBUG block.SCMBlockDeletingService (SCMBlockDeletingService.java:call(133)) - Running DeletedBlockTransactionScanner
2021-08-14 14:06:02,495 [SCMBlockDeletingService#0] DEBUG block.SCMBlockDeletingService (SCMBlockDeletingService.java:call(133)) - Running DeletedBlockTransactionScanner
2021-08-14 14:06:02,595 [SCMBlockDeletingService#0] DEBUG block.SCMBlockDeletingService (SCMBlockDeletingService.java:call(133)) - Running DeletedBlockTransactionScanner
2021-08-14 14:06:02,695 [SCMBlockDeletingService#0] DEBUG block.SCMBlockDeletingService (SCMBlockDeletingService.java:call(133)) - Running DeletedBlockTransactionScanner
2021-08-14 14:06:02,796 [SCMBlockDeletingService#0] DEBUG block.SCMBlockDeletingService (SCMBlockDeletingService.java:call(133)) - Running DeletedBlockTransactionScanner
2021-08-14 14:06:02,896 [SCMBlockDeletingService#0] DEBUG block.SCMBlockDeletingService (SCMBlockDeletingService.java:call(133)) - Running DeletedBlockTransactionScanner
2021-08-14 14:06:02,996 [SCMBlockDeletingService#0] DEBUG block.SCMBlockDeletingService (SCMBlockDeletingService.java:call(133)) - Running DeletedBlockTransactionScanner
2021-08-14 14:06:03,096 [SCMBlockDeletingService#0] DEBUG block.SCMBlockDeletingService (SCMBlockDeletingService.java:call(133)) - Running DeletedBlockTransactionScanner
2021-08-14 14:06:03,196 [SCMBlockDeletingService#0] DEBUG block.SCMBlockDeletingService (SCMBlockDeletingService.java:call(133)) - Running DeletedBlockTransactionScanner
2021-08-14 14:06:03,297 [SCMBlockDeletingService#0] DEBUG block.SCMBlockDeletingService (SCMBlockDeletingService.java:call(133)) - Running DeletedBlockTransactionScanner
2021-08-14 14:06:03,397 [SCMBlockDeletingService#0] DEBUG block.SCMBlockDeletingService (SCMBlockDeletingService.java:call(133)) - Running DeletedBlockTransactionScanner
2021-08-14 14:06:03,497 [SCMBlockDeletingService#0] DEBUG block.SCMBlockDeletingService (SCMBlockDeletingService.java:call(133)) - Running DeletedBlockTransactionScanner
2021-08-14 14:06:03,597 [SCMBlockDeletingService#0] DEBUG block.SCMBlockDeletingService (SCMBlockDeletingService.java:call(133)) - Running DeletedBlockTransactionScanner
2021-08-14 14:06:03,697 [SCMBlockDeletingService#0] DEBUG block.SCMBlockDeletingService (SCMBlockDeletingService.java:call(133)) - Running DeletedBlockTransactionScanner
2021-08-14 14:06:03,797 [SCMBlockDeletingService#0] DEBUG block.SCMBlockDeletingService (SCMBlockDeletingService.java:call(133)) - Running DeletedBlockTransactionScanner
2021-08-14 14:06:03,897 [SCMBlockDeletingService#0] DEBUG block.SCMBlockDeletingService (SCMBlockDeletingService.java:call(133)) - Running DeletedBlockTransactionScanner
2021-08-14 14:06:03,997 [SCMBlockDeletingService#0] DEBUG block.SCMBlockDeletingService (SCMBlockDeletingService.java:call(133)) - Running DeletedBlockTransactionScanner
2021-08-14 14:06:04,097 [SCMBlockDeletingService#0] DEBUG block.SCMBlockDeletingService (SCMBlockDeletingService.java:call(133)) - Running DeletedBlockTransactionScanner
2021-08-14 14:06:04,129 [Listener at 127.0.0.1/32925] INFO  statemachine.DatanodeStateMachine (DatanodeStateMachine.java:stopDaemon(515)) - Ozone container server stopped.
2021-08-14 14:06:04,130 [Listener at 127.0.0.1/32925] INFO  handler.ContextHandler (ContextHandler.java:doStop(1153)) - Stopped o.e.j.w.WebAppContext@26c42aa8{hddsDatanode,/,null,STOPPED}{jar:file:/home/runner/.m2/repository/org/apache/ozone/hdds-container-service/1.2.0-SNAPSHOT/hdds-container-service-1.2.0-SNAPSHOT.jar!/webapps/hddsDatanode}
2021-08-14 14:06:04,131 [Listener at 127.0.0.1/32925] INFO  server.AbstractConnector (AbstractConnector.java:doStop(381)) - Stopped ServerConnector@386ff939{HTTP/1.1, (http/1.1)}{0.0.0.0:0}
2021-08-14 14:06:04,131 [Listener at 127.0.0.1/32925] INFO  server.session (HouseKeeper.java:stopScavenging(149)) - node0 Stopped scavenging
2021-08-14 14:06:04,131 [Listener at 127.0.0.1/32925] INFO  handler.ContextHandler (ContextHandler.java:doStop(1153)) - Stopped o.e.j.s.ServletContextHandler@b8ef941{static,/static,jar:file:/home/runner/.m2/repository/org/apache/ozone/hdds-container-service/1.2.0-SNAPSHOT/hdds-container-service-1.2.0-SNAPSHOT.jar!/webapps/static,STOPPED}
2021-08-14 14:06:04,131 [Listener at 127.0.0.1/32925] INFO  handler.ContextHandler (ContextHandler.java:doStop(1153)) - Stopped o.e.j.s.ServletContextHandler@49a03511{logs,/logs,file:///home/runner/work/ozone/ozone/hadoop-ozone/integration-test/target/log,STOPPED}
2021-08-14 14:06:04,180 [Datanode State Machine Thread - 0] INFO  statemachine.DatanodeStateMachine (DatanodeStateMachine.java:lambda$startDaemon$0(457)) - Ozone container server started.
2021-08-14 14:06:04,197 [SCMBlockDeletingService#0] DEBUG block.SCMBlockDeletingService (SCMBlockDeletingService.java:call(133)) - Running DeletedBlockTransactionScanner
2021-08-14 14:06:04,297 [SCMBlockDeletingService#0] DEBUG block.SCMBlockDeletingService (SCMBlockDeletingService.java:call(133)) - Running DeletedBlockTransactionScanner
2021-08-14 14:06:04,362 [ForkJoinPool.commonPool-worker-1] INFO  statemachine.DatanodeStateMachine (DatanodeStateMachine.java:stopDaemon(515)) - Ozone container server stopped.
2021-08-14 14:06:04,367 [ForkJoinPool.commonPool-worker-1] INFO  handler.ContextHandler (ContextHandler.java:doStop(1153)) - Stopped o.e.j.w.WebAppContext@2a485b5{hddsDatanode,/,null,STOPPED}{jar:file:/home/runner/.m2/repository/org/apache/ozone/hdds-container-service/1.2.0-SNAPSHOT/hdds-container-service-1.2.0-SNAPSHOT.jar!/webapps/hddsDatanode}
2021-08-14 14:06:04,383 [ForkJoinPool.commonPool-worker-1] INFO  server.AbstractConnector (AbstractConnector.java:doStop(381)) - Stopped ServerConnector@372896d8{HTTP/1.1, (http/1.1)}{0.0.0.0:0}
2021-08-14 14:06:04,383 [ForkJoinPool.commonPool-worker-1] INFO  server.session (HouseKeeper.java:stopScavenging(149)) - node0 Stopped scavenging
2021-08-14 14:06:04,386 [ForkJoinPool.commonPool-worker-1] INFO  handler.ContextHandler (ContextHandler.java:doStop(1153)) - Stopped o.e.j.s.ServletContextHandler@6403d574{static,/static,jar:file:/home/runner/.m2/repository/org/apache/ozone/hdds-container-service/1.2.0-SNAPSHOT/hdds-container-service-1.2.0-SNAPSHOT.jar!/webapps/static,STOPPED}
2021-08-14 14:06:04,393 [ForkJoinPool.commonPool-worker-1] INFO  handler.ContextHandler (ContextHandler.java:doStop(1153)) - Stopped o.e.j.s.ServletContextHandler@1154f447{logs,/logs,file:///home/runner/work/ozone/ozone/hadoop-ozone/integration-test/target/log,STOPPED}
2021-08-14 14:06:04,397 [SCMBlockDeletingService#0] DEBUG block.SCMBlockDeletingService (SCMBlockDeletingService.java:call(133)) - Running DeletedBlockTransactionScanner
2021-08-14 14:06:04,497 [SCMBlockDeletingService#0] DEBUG block.SCMBlockDeletingService (SCMBlockDeletingService.java:call(133)) - Running DeletedBlockTransactionScanner
2021-08-14 14:06:04,597 [SCMBlockDeletingService#0] DEBUG block.SCMBlockDeletingService (SCMBlockDeletingService.java:call(133)) - Running DeletedBlockTransactionScanner
2021-08-14 14:06:04,704 [SCMBlockDeletingService#0] DEBUG block.SCMBlockDeletingService (SCMBlockDeletingService.java:call(133)) - Running DeletedBlockTransactionScanner
2021-08-14 14:06:04,804 [SCMBlockDeletingService#0] DEBUG block.SCMBlockDeletingService (SCMBlockDeletingService.java:call(133)) - Running DeletedBlockTransactionScanner
2021-08-14 14:06:04,904 [SCMBlockDeletingService#0] DEBUG block.SCMBlockDeletingService (SCMBlockDeletingService.java:call(133)) - Running DeletedBlockTransactionScanner
2021-08-14 14:06:05,004 [SCMBlockDeletingService#0] DEBUG block.SCMBlockDeletingService (SCMBlockDeletingService.java:call(133)) - Running DeletedBlockTransactionScanner
2021-08-14 14:06:05,104 [SCMBlockDeletingService#0] DEBUG block.SCMBlockDeletingService (SCMBlockDeletingService.java:call(133)) - Running DeletedBlockTransactionScanner
2021-08-14 14:06:05,204 [SCMBlockDeletingService#0] DEBUG block.SCMBlockDeletingService (SCMBlockDeletingService.java:call(133)) - Running DeletedBlockTransactionScanner
2021-08-14 14:06:05,305 [SCMBlockDeletingService#0] DEBUG block.SCMBlockDeletingService (SCMBlockDeletingService.java:call(133)) - Running DeletedBlockTransactionScanner
2021-08-14 14:06:05,436 [SCMBlockDeletingService#0] DEBUG block.SCMBlockDeletingService (SCMBlockDeletingService.java:call(133)) - Running DeletedBlockTransactionScanner
2021-08-14 14:06:05,537 [SCMBlockDeletingService#0] DEBUG block.SCMBlockDeletingService (SCMBlockDeletingService.java:call(133)) - Running DeletedBlockTransactionScanner
2021-08-14 14:06:05,637 [SCMBlockDeletingService#0] DEBUG block.SCMBlockDeletingService (SCMBlockDeletingService.java:call(133)) - Running DeletedBlockTransactionScanner
2021-08-14 14:06:05,737 [SCMBlockDeletingService#0] DEBUG block.SCMBlockDeletingService (SCMBlockDeletingService.java:call(133)) - Running DeletedBlockTransactionScanner
2021-08-14 14:06:05,837 [SCMBlockDeletingService#0] DEBUG block.SCMBlockDeletingService (SCMBlockDeletingService.java:call(133)) - Running DeletedBlockTransactionScanner
2021-08-14 14:06:05,937 [SCMBlockDeletingService#0] DEBUG block.SCMBlockDeletingService (SCMBlockDeletingService.java:call(133)) - Running DeletedBlockTransactionScanner
2021-08-14 14:06:06,038 [SCMBlockDeletingService#0] DEBUG block.SCMBlockDeletingService (SCMBlockDeletingService.java:call(133)) - Running DeletedBlockTransactionScanner
2021-08-14 14:06:06,138 [SCMBlockDeletingService#0] DEBUG block.SCMBlockDeletingService (SCMBlockDeletingService.java:call(133)) - Running DeletedBlockTransactionScanner
2021-08-14 14:06:06,238 [SCMBlockDeletingService#0] DEBUG block.SCMBlockDeletingService (SCMBlockDeletingService.java:call(133)) - Running DeletedBlockTransactionScanner
2021-08-14 14:06:06,341 [SCMBlockDeletingService#0] DEBUG block.SCMBlockDeletingService (SCMBlockDeletingService.java:call(133)) - Running DeletedBlockTransactionScanner
2021-08-14 14:06:06,441 [SCMBlockDeletingService#0] DEBUG block.SCMBlockDeletingService (SCMBlockDeletingService.java:call(133)) - Running DeletedBlockTransactionScanner
2021-08-14 14:06:06,541 [SCMBlockDeletingService#0] DEBUG block.SCMBlockDeletingService (SCMBlockDeletingService.java:call(133)) - Running DeletedBlockTransactionScanner
2021-08-14 14:06:06,641 [SCMBlockDeletingService#0] DEBUG block.SCMBlockDeletingService (SCMBlockDeletingService.java:call(133)) - Running DeletedBlockTransactionScanner
2021-08-14 14:06:06,742 [SCMBlockDeletingService#0] DEBUG block.SCMBlockDeletingService (SCMBlockDeletingService.java:call(133)) - Running DeletedBlockTransactionScanner
2021-08-14 14:06:06,842 [SCMBlockDeletingService#0] DEBUG block.SCMBlockDeletingService (SCMBlockDeletingService.java:call(133)) - Running DeletedBlockTransactionScanner
2021-08-14 14:06:06,942 [SCMBlockDeletingService#0] DEBUG block.SCMBlockDeletingService (SCMBlockDeletingService.java:call(133)) - Running DeletedBlockTransactionScanner
2021-08-14 14:06:07,042 [SCMBlockDeletingService#0] DEBUG block.SCMBlockDeletingService (SCMBlockDeletingService.java:call(133)) - Running DeletedBlockTransactionScanner
2021-08-14 14:06:07,042 [EventQueue-StaleNodeForStaleNodeHandler] INFO  node.StaleNodeHandler (StaleNodeHandler.java:onMessage(58)) - Datanode 41bdc6fc-f730-460f-b2d8-92157d986a72{ip: 10.1.0.16, host: fv-az297-666.nmf1rxwemy4u5di1sxxf4ejcwb.jx.internal.cloudapp.net, ports: [REPLICATION=42581, RATIS=38299, RATIS_ADMIN=38299, RATIS_SERVER=38299, STANDALONE=45435], networkLocation: /default-rack, certSerialId: null, persistedOpState: IN_SERVICE, persistedOpStateExpiryEpochSec: 0} moved to stale state. Finalizing its pipelines []
2021-08-14 14:06:07,142 [SCMBlockDeletingService#0] DEBUG block.SCMBlockDeletingService (SCMBlockDeletingService.java:call(133)) - Running DeletedBlockTransactionScanner
2021-08-14 14:06:07,242 [SCMBlockDeletingService#0] DEBUG block.SCMBlockDeletingService (SCMBlockDeletingService.java:call(133)) - Running DeletedBlockTransactionScanner
2021-08-14 14:06:07,342 [SCMBlockDeletingService#0] DEBUG block.SCMBlockDeletingService (SCMBlockDeletingService.java:call(133)) - Running DeletedBlockTransactionScanner
2021-08-14 14:06:07,442 [SCMBlockDeletingService#0] DEBUG block.SCMBlockDeletingService (SCMBlockDeletingService.java:call(133)) - Running DeletedBlockTransactionScanner
2021-08-14 14:06:07,543 [SCMBlockDeletingService#0] DEBUG block.SCMBlockDeletingService (SCMBlockDeletingService.java:call(133)) - Running DeletedBlockTransactionScanner
2021-08-14 14:06:07,649 [SCMBlockDeletingService#0] DEBUG block.SCMBlockDeletingService (SCMBlockDeletingService.java:call(133)) - Running DeletedBlockTransactionScanner
2021-08-14 14:06:07,750 [SCMBlockDeletingService#0] DEBUG block.SCMBlockDeletingService (SCMBlockDeletingService.java:call(133)) - Running DeletedBlockTransactionScanner
2021-08-14 14:06:07,850 [SCMBlockDeletingService#0] DEBUG block.SCMBlockDeletingService (SCMBlockDeletingService.java:call(133)) - Running DeletedBlockTransactionScanner
2021-08-14 14:06:07,957 [SCMBlockDeletingService#0] DEBUG block.SCMBlockDeletingService (SCMBlockDeletingService.java:call(133)) - Running DeletedBlockTransactionScanner
2021-08-14 14:06:08,058 [SCMBlockDeletingService#0] DEBUG block.SCMBlockDeletingService (SCMBlockDeletingService.java:call(133)) - Running DeletedBlockTransactionScanner
2021-08-14 14:06:08,158 [SCMBlockDeletingService#0] DEBUG block.SCMBlockDeletingService (SCMBlockDeletingService.java:call(133)) - Running DeletedBlockTransactionScanner
2021-08-14 14:06:08,258 [SCMBlockDeletingService#0] DEBUG block.SCMBlockDeletingService (SCMBlockDeletingService.java:call(133)) - Running DeletedBlockTransactionScanner
2021-08-14 14:06:08,359 [SCMBlockDeletingService#0] DEBUG block.SCMBlockDeletingService (SCMBlockDeletingService.java:call(133)) - Running DeletedBlockTransactionScanner
2021-08-14 14:06:08,459 [SCMBlockDeletingService#0] DEBUG block.SCMBlockDeletingService (SCMBlockDeletingService.java:call(133)) - Running DeletedBlockTransactionScanner
2021-08-14 14:06:08,559 [SCMBlockDeletingService#0] DEBUG block.SCMBlockDeletingService (SCMBlockDeletingService.java:call(133)) - Running DeletedBlockTransactionScanner
2021-08-14 14:06:08,659 [SCMBlockDeletingService#0] DEBUG block.SCMBlockDeletingService (SCMBlockDeletingService.java:call(133)) - Running DeletedBlockTransactionScanner
2021-08-14 14:06:08,765 [SCMBlockDeletingService#0] DEBUG block.SCMBlockDeletingService (SCMBlockDeletingService.java:call(133)) - Running DeletedBlockTransactionScanner
2021-08-14 14:06:08,865 [SCMBlockDeletingService#0] DEBUG block.SCMBlockDeletingService (SCMBlockDeletingService.java:call(133)) - Running DeletedBlockTransactionScanner
2021-08-14 14:06:08,965 [SCMBlockDeletingService#0] DEBUG block.SCMBlockDeletingService (SCMBlockDeletingService.java:call(133)) - Running DeletedBlockTransactionScanner
2021-08-14 14:06:09,065 [SCMBlockDeletingService#0] DEBUG block.SCMBlockDeletingService (SCMBlockDeletingService.java:call(133)) - Running DeletedBlockTransactionScanner
2021-08-14 14:06:09,133 [Listener at 127.0.0.1/32925] INFO  ozoneimpl.OzoneContainer (OzoneContainer.java:stop(326)) - Attempting to stop container services.
2021-08-14 14:06:09,134 [Listener at 127.0.0.1/32925] INFO  server.RaftServer (RaftServerProxy.java:lambda$close$6(391)) - 41bdc6fc-f730-460f-b2d8-92157d986a72: close
2021-08-14 14:06:09,135 [Listener at 127.0.0.1/32925] INFO  server.GrpcService (GrpcService.java:closeImpl(262)) - 41bdc6fc-f730-460f-b2d8-92157d986a72: shutdown server with port 38299 now
2021-08-14 14:06:09,147 [Listener at 127.0.0.1/32925] INFO  server.GrpcService (GrpcService.java:closeImpl(271)) - 41bdc6fc-f730-460f-b2d8-92157d986a72: shutdown server with port 38299 successfully
2021-08-14 14:06:09,147 [org.apache.ratis.util.JvmPauseMonitor$$Lambda$531/524014602@7f4c06c7] INFO  util.JvmPauseMonitor (JvmPauseMonitor.java:run(109)) - JvmPauseMonitor-41bdc6fc-f730-460f-b2d8-92157d986a72: Stopped
2021-08-14 14:06:09,148 [Listener at 127.0.0.1/32925] INFO  utils.BackgroundService (BackgroundService.java:shutdown(132)) - Shutting down service BlockDeletingService
2021-08-14 14:06:09,165 [SCMBlockDeletingService#0] DEBUG block.SCMBlockDeletingService (SCMBlockDeletingService.java:call(133)) - Running DeletedBlockTransactionScanner
2021-08-14 14:06:09,266 [SCMBlockDeletingService#0] DEBUG block.SCMBlockDeletingService (SCMBlockDeletingService.java:call(133)) - Running DeletedBlockTransactionScanner
2021-08-14 14:06:09,369 [SCMBlockDeletingService#0] DEBUG block.SCMBlockDeletingService (SCMBlockDeletingService.java:call(133)) - Running DeletedBlockTransactionScanner
2021-08-14 14:06:09,469 [SCMBlockDeletingService#0] DEBUG block.SCMBlockDeletingService (SCMBlockDeletingService.java:call(133)) - Running DeletedBlockTransactionScanner
2021-08-14 14:06:09,569 [SCMBlockDeletingService#0] DEBUG block.SCMBlockDeletingService (SCMBlockDeletingService.java:call(133)) - Running DeletedBlockTransactionScanner
2021-08-14 14:06:09,669 [SCMBlockDeletingService#0] DEBUG block.SCMBlockDeletingService (SCMBlockDeletingService.java:call(133)) - Running DeletedBlockTransactionScanner
2021-08-14 14:06:09,770 [SCMBlockDeletingService#0] DEBUG block.SCMBlockDeletingService (SCMBlockDeletingService.java:call(133)) - Running DeletedBlockTransactionScanner
2021-08-14 14:06:09,870 [SCMBlockDeletingService#0] DEBUG block.SCMBlockDeletingService (SCMBlockDeletingService.java:call(133)) - Running DeletedBlockTransactionScanner
2021-08-14 14:06:09,970 [SCMBlockDeletingService#0] DEBUG block.SCMBlockDeletingService (SCMBlockDeletingService.java:call(133)) - Running DeletedBlockTransactionScanner
2021-08-14 14:06:10,070 [SCMBlockDeletingService#0] DEBUG block.SCMBlockDeletingService (SCMBlockDeletingService.java:call(133)) - Running DeletedBlockTransactionScanner
2021-08-14 14:06:10,176 [SCMBlockDeletingService#0] DEBUG block.SCMBlockDeletingService (SCMBlockDeletingService.java:call(133)) - Running DeletedBlockTransactionScanner
2021-08-14 14:06:10,276 [SCMBlockDeletingService#0] DEBUG block.SCMBlockDeletingService (SCMBlockDeletingService.java:call(133)) - Running DeletedBlockTransactionScanner
2021-08-14 14:06:10,376 [SCMBlockDeletingService#0] DEBUG block.SCMBlockDeletingService (SCMBlockDeletingService.java:call(133)) - Running DeletedBlockTransactionScanner
2021-08-14 14:06:10,476 [SCMBlockDeletingService#0] DEBUG block.SCMBlockDeletingService (SCMBlockDeletingService.java:call(133)) - Running DeletedBlockTransactionScanner
2021-08-14 14:06:10,576 [SCMBlockDeletingService#0] DEBUG block.SCMBlockDeletingService (SCMBlockDeletingService.java:call(133)) - Running DeletedBlockTransactionScanner
2021-08-14 14:06:10,676 [SCMBlockDeletingService#0] DEBUG block.SCMBlockDeletingService (SCMBlockDeletingService.java:call(133)) - Running DeletedBlockTransactionScanner
2021-08-14 14:06:10,776 [SCMBlockDeletingService#0] DEBUG block.SCMBlockDeletingService (SCMBlockDeletingService.java:call(133)) - Running DeletedBlockTransactionScanner
2021-08-14 14:06:10,877 [SCMBlockDeletingService#0] DEBUG block.SCMBlockDeletingService (SCMBlockDeletingService.java:call(133)) - Running DeletedBlockTransactionScanner
2021-08-14 14:06:10,977 [SCMBlockDeletingService#0] DEBUG block.SCMBlockDeletingService (SCMBlockDeletingService.java:call(133)) - Running DeletedBlockTransactionScanner
2021-08-14 14:06:11,077 [SCMBlockDeletingService#0] DEBUG block.SCMBlockDeletingService (SCMBlockDeletingService.java:call(133)) - Running DeletedBlockTransactionScanner
2021-08-14 14:06:11,177 [SCMBlockDeletingService#0] DEBUG block.SCMBlockDeletingService (SCMBlockDeletingService.java:call(133)) - Running DeletedBlockTransactionScanner
2021-08-14 14:06:11,277 [SCMBlockDeletingService#0] DEBUG block.SCMBlockDeletingService (SCMBlockDeletingService.java:call(133)) - Running DeletedBlockTransactionScanner
2021-08-14 14:06:11,378 [SCMBlockDeletingService#0] DEBUG block.SCMBlockDeletingService (SCMBlockDeletingService.java:call(133)) - Running DeletedBlockTransactionScanner
2021-08-14 14:06:11,478 [SCMBlockDeletingService#0] DEBUG block.SCMBlockDeletingService (SCMBlockDeletingService.java:call(133)) - Running DeletedBlockTransactionScanner
2021-08-14 14:06:11,578 [SCMBlockDeletingService#0] DEBUG block.SCMBlockDeletingService (SCMBlockDeletingService.java:call(133)) - Running DeletedBlockTransactionScanner
2021-08-14 14:06:11,678 [SCMBlockDeletingService#0] DEBUG block.SCMBlockDeletingService (SCMBlockDeletingService.java:call(133)) - Running DeletedBlockTransactionScanner
2021-08-14 14:06:11,778 [SCMBlockDeletingService#0] DEBUG block.SCMBlockDeletingService (SCMBlockDeletingService.java:call(133)) - Running DeletedBlockTransactionScanner
2021-08-14 14:06:11,878 [SCMBlockDeletingService#0] DEBUG block.SCMBlockDeletingService (SCMBlockDeletingService.java:call(133)) - Running DeletedBlockTransactionScanner
2021-08-14 14:06:11,978 [SCMBlockDeletingService#0] DEBUG block.SCMBlockDeletingService (SCMBlockDeletingService.java:call(133)) - Running DeletedBlockTransactionScanner
2021-08-14 14:06:12,078 [SCMBlockDeletingService#0] DEBUG block.SCMBlockDeletingService (SCMBlockDeletingService.java:call(133)) - Running DeletedBlockTransactionScanner
2021-08-14 14:06:12,153 [Listener at 127.0.0.1/32925] INFO  statemachine.DatanodeStateMachine (DatanodeStateMachine.java:stopDaemon(515)) - Ozone container server stopped.
2021-08-14 14:06:12,154 [Listener at 127.0.0.1/32925] INFO  handler.ContextHandler (ContextHandler.java:doStop(1153)) - Stopped o.e.j.w.WebAppContext@49a89ee9{hddsDatanode,/,null,STOPPED}{jar:file:/home/runner/.m2/repository/org/apache/ozone/hdds-container-service/1.2.0-SNAPSHOT/hdds-container-service-1.2.0-SNAPSHOT.jar!/webapps/hddsDatanode}
2021-08-14 14:06:12,155 [Listener at 127.0.0.1/32925] INFO  server.AbstractConnector (AbstractConnector.java:doStop(381)) - Stopped ServerConnector@57b6b828{HTTP/1.1, (http/1.1)}{0.0.0.0:0}
2021-08-14 14:06:12,156 [Listener at 127.0.0.1/32925] INFO  server.session (HouseKeeper.java:stopScavenging(149)) - node0 Stopped scavenging
2021-08-14 14:06:12,156 [Listener at 127.0.0.1/32925] INFO  handler.ContextHandler (ContextHandler.java:doStop(1153)) - Stopped o.e.j.s.ServletContextHandler@2f9ceea8{static,/static,jar:file:/home/runner/.m2/repository/org/apache/ozone/hdds-container-service/1.2.0-SNAPSHOT/hdds-container-service-1.2.0-SNAPSHOT.jar!/webapps/static,STOPPED}
2021-08-14 14:06:12,156 [Listener at 127.0.0.1/32925] INFO  handler.ContextHandler (ContextHandler.java:doStop(1153)) - Stopped o.e.j.s.ServletContextHandler@57d86841{logs,/logs,file:///home/runner/work/ozone/ozone/hadoop-ozone/integration-test/target/log,STOPPED}
2021-08-14 14:06:12,162 [Listener at 127.0.0.1/32925] INFO  ozone.MiniOzoneClusterImpl (MiniOzoneClusterImpl.java:stopSCM(542)) - Stopping the StorageContainerManager
2021-08-14 14:06:12,162 [Listener at 127.0.0.1/32925] INFO  server.StorageContainerManager (StorageContainerManager.java:stop(1341)) - Stopping Replication Manager Service.
2021-08-14 14:06:12,162 [Listener at 127.0.0.1/32925] INFO  container.ReplicationManager (ReplicationManager.java:stop(317)) - Stopping Replication Monitor Thread.
2021-08-14 14:06:12,163 [Listener at 127.0.0.1/32925] INFO  server.StorageContainerManager (StorageContainerManager.java:stop(1348)) - Stopping the Datanode Admin Monitor.
2021-08-14 14:06:12,168 [Listener at 127.0.0.1/32925] INFO  server.StorageContainerManager (StorageContainerManager.java:stop(1355)) - Stopping Lease Manager of the command watchers
2021-08-14 14:06:12,168 [Listener at 127.0.0.1/32925] INFO  server.StorageContainerManager (StorageContainerManager.java:stop(1362)) - Stopping datanode service RPC server
2021-08-14 14:06:12,172 [Listener at 127.0.0.1/32925] INFO  server.SCMDatanodeProtocolServer (SCMDatanodeProtocolServer.java:stop(389)) - Stopping the RPC server for DataNodes
2021-08-14 14:06:12,172 [Listener at 127.0.0.1/32925] INFO  ipc.Server (Server.java:stop(3414)) - Stopping server on 32893
2021-08-14 14:06:12,178 [SCMBlockDeletingService#0] DEBUG block.SCMBlockDeletingService (SCMBlockDeletingService.java:call(133)) - Running DeletedBlockTransactionScanner
2021-08-14 14:06:12,183 [IPC Server listener on 0] INFO  ipc.Server (Server.java:run(1376)) - Stopping IPC Server listener on 0
2021-08-14 14:06:12,185 [IPC Server Responder] INFO  ipc.Server (Server.java:run(1512)) - Stopping IPC Server Responder
2021-08-14 14:06:12,268 [SCM Heartbeat Processing Thread - 0] WARN  node.NodeStateManager (NodeStateManager.java:scheduleNextHealthCheck(799)) - Current Thread is interrupted, shutting down HB processing thread for Node Manager.
2021-08-14 14:06:12,268 [Listener at 127.0.0.1/32925] INFO  server.StorageContainerManager (StorageContainerManager.java:stop(1370)) - Stopping block service RPC server
2021-08-14 14:06:12,268 [Listener at 127.0.0.1/32925] INFO  server.SCMBlockProtocolServer (SCMBlockProtocolServer.java:stop(160)) - Stopping the RPC server for Block Protocol
2021-08-14 14:06:12,268 [Listener at 127.0.0.1/32925] INFO  ipc.Server (Server.java:stop(3414)) - Stopping server on 43321
2021-08-14 14:06:12,271 [IPC Server listener on 0] INFO  ipc.Server (Server.java:run(1376)) - Stopping IPC Server listener on 0
2021-08-14 14:06:12,278 [SCMBlockDeletingService#0] DEBUG block.SCMBlockDeletingService (SCMBlockDeletingService.java:call(133)) - Running DeletedBlockTransactionScanner
2021-08-14 14:06:12,289 [IPC Server Responder] INFO  ipc.Server (Server.java:run(1512)) - Stopping IPC Server Responder
2021-08-14 14:06:12,289 [Listener at 127.0.0.1/32925] INFO  server.StorageContainerManager (StorageContainerManager.java:stop(1377)) - Stopping the StorageContainerLocationProtocol RPC server
2021-08-14 14:06:12,289 [Listener at 127.0.0.1/32925] INFO  server.SCMClientProtocolServer (SCMClientProtocolServer.java:stop(173)) - Stopping the RPC server for Client Protocol
2021-08-14 14:06:12,290 [Listener at 127.0.0.1/32925] INFO  ipc.Server (Server.java:stop(3414)) - Stopping server on 46143
2021-08-14 14:06:12,292 [Listener at 127.0.0.1/32925] INFO  server.StorageContainerManager (StorageContainerManager.java:stop(1384)) - Stopping Storage Container Manager HTTP server.
2021-08-14 14:06:12,292 [IPC Server listener on 0] INFO  ipc.Server (Server.java:run(1376)) - Stopping IPC Server listener on 0
2021-08-14 14:06:12,292 [IPC Server Responder] INFO  ipc.Server (Server.java:run(1512)) - Stopping IPC Server Responder
2021-08-14 14:06:12,293 [Listener at 127.0.0.1/32925] INFO  handler.ContextHandler (ContextHandler.java:doStop(1153)) - Stopped o.e.j.w.WebAppContext@5e646bfb{scm,/,null,STOPPED}{file:/home/runner/work/ozone/ozone/hadoop-ozone/integration-test/target/test-classes/webapps/scm}
2021-08-14 14:06:12,293 [Listener at 127.0.0.1/32925] INFO  server.AbstractConnector (AbstractConnector.java:doStop(381)) - Stopped ServerConnector@69eb668b{HTTP/1.1, (http/1.1)}{0.0.0.0:0}
2021-08-14 14:06:12,293 [Listener at 127.0.0.1/32925] INFO  server.session (HouseKeeper.java:stopScavenging(149)) - node0 Stopped scavenging
2021-08-14 14:06:12,294 [Listener at 127.0.0.1/32925] INFO  handler.ContextHandler (ContextHandler.java:doStop(1153)) - Stopped o.e.j.s.ServletContextHandler@4fcbf387{static,/static,file:///home/runner/work/ozone/ozone/hadoop-ozone/integration-test/target/test-classes/webapps/static,STOPPED}
2021-08-14 14:06:12,294 [Listener at 127.0.0.1/32925] INFO  handler.ContextHandler (ContextHandler.java:doStop(1153)) - Stopped o.e.j.s.ServletContextHandler@2e7075d4{logs,/logs,file:///home/runner/work/ozone/ozone/hadoop-ozone/integration-test/target/log,STOPPED}
2021-08-14 14:06:12,294 [Listener at 127.0.0.1/32925] INFO  server.StorageContainerManager (StorageContainerManager.java:stop(1395)) - Stopping Block Manager Service.
2021-08-14 14:06:12,295 [Listener at 127.0.0.1/32925] INFO  utils.BackgroundService (BackgroundService.java:shutdown(132)) - Shutting down service SCMBlockDeletingService
2021-08-14 14:06:12,295 [Listener at 127.0.0.1/32925] INFO  utils.BackgroundService (BackgroundService.java:shutdown(132)) - Shutting down service SCMBlockDeletingService
2021-08-14 14:06:12,295 [Listener at 127.0.0.1/32925] INFO  server.StorageContainerManager (StorageContainerManager.java:stop(1422)) - Stopping SCM Event Queue.
2021-08-14 14:06:12,297 [Listener at 127.0.0.1/32925] INFO  server.StorageContainerManager (StorageContainerManager.java:stop(1433)) - Stopping SCM HA services.
2021-08-14 14:06:12,297 [Listener at 127.0.0.1/32925] INFO  pipeline.BackgroundPipelineCreator (BackgroundPipelineCreatorV2.java:stop(158)) - Stopping RatisPipelineUtilsThread.
2021-08-14 14:06:12,297 [Listener at 127.0.0.1/32925] INFO  server.StorageContainerManager (StorageContainerManager.java:stop(1443)) - Stopping SCM MetadataStore.
2021-08-14 14:06:12,299 [Listener at 127.0.0.1/32925] INFO  impl.MetricsSystemImpl (MetricsSystemImpl.java:stop(210)) - Stopping HddsDatanode metrics system...
2021-08-14 14:06:12,334 [prometheus] INFO  impl.MetricsSinkAdapter (MetricsSinkAdapter.java:publishMetricsFromQueue(141)) - prometheus thread interrupted.
2021-08-14 14:06:12,334 [Listener at 127.0.0.1/32925] INFO  impl.MetricsSystemImpl (MetricsSystemImpl.java:stop(216)) - HddsDatanode metrics system stopped.
]]></system-out>
  </testcase>
</testsuite>