<?xml version="1.0" encoding="UTF-8"?>
<testsuite xmlns:xsi="http://www.w3.org/2001/XMLSchema-instance" xsi:noNamespaceSchemaLocation="https://maven.apache.org/surefire/maven-surefire-plugin/xsd/surefire-test-report-3.0.xsd" version="3.0" name="org.apache.hadoop.ozone.client.rpc.TestWatchForCommit" time="30.655" tests="1" errors="0" skipped="0" failures="0">
  <properties>
    <property name="awt.toolkit" value="sun.awt.X11.XToolkit"/>
    <property name="file.encoding.pkg" value="sun.io"/>
    <property name="java.specification.version" value="1.8"/>
    <property name="sun.cpu.isalist" value=""/>
    <property name="sun.jnu.encoding" value="UTF-8"/>
    <property name="gradle.enterprise.listener.surefire.forkId" value="1"/>
    <property name="java.class.path" value="/home/runner/work/ozone/ozone/hadoop-ozone/integration-test/target/test-classes:/home/runner/work/ozone/ozone/hadoop-ozone/integration-test/target/classes:/home/runner/.m2/repository/org/apache/ozone/ozone-common/1.5.0-SNAPSHOT/ozone-common-1.5.0-SNAPSHOT.jar:/home/runner/.m2/repository/io/grpc/grpc-netty/1.58.0/grpc-netty-1.58.0.jar:/home/runner/.m2/repository/io/grpc/grpc-core/1.58.0/grpc-core-1.58.0.jar:/home/runner/.m2/repository/com/google/android/annotations/4.1.1.4/annotations-4.1.1.4.jar:/home/runner/.m2/repository/org/codehaus/mojo/animal-sniffer-annotations/1.23/animal-sniffer-annotations-1.23.jar:/home/runner/.m2/repository/io/grpc/grpc-context/1.58.0/grpc-context-1.58.0.jar:/home/runner/.m2/repository/io/grpc/grpc-util/1.58.0/grpc-util-1.58.0.jar:/home/runner/.m2/repository/com/google/errorprone/error_prone_annotations/2.2.0/error_prone_annotations-2.2.0.jar:/home/runner/.m2/repository/io/perfmark/perfmark-api/0.26.0/perfmark-api-0.26.0.jar:/home/runner/.m2/repository/io/netty/netty-codec-http2/4.1.100.Final/netty-codec-http2-4.1.100.Final.jar:/home/runner/.m2/repository/io/netty/netty-common/4.1.100.Final/netty-common-4.1.100.Final.jar:/home/runner/.m2/repository/io/netty/netty-buffer/4.1.100.Final/netty-buffer-4.1.100.Final.jar:/home/runner/.m2/repository/io/netty/netty-codec-http/4.1.100.Final/netty-codec-http-4.1.100.Final.jar:/home/runner/.m2/repository/io/netty/netty-handler-proxy/4.1.100.Final/netty-handler-proxy-4.1.100.Final.jar:/home/runner/.m2/repository/io/netty/netty-codec-socks/4.1.100.Final/netty-codec-socks-4.1.100.Final.jar:/home/runner/.m2/repository/io/netty/netty-tcnative-boringssl-static/2.0.61.Final/netty-tcnative-boringssl-static-2.0.61.Final.jar:/home/runner/.m2/repository/io/netty/netty-tcnative-classes/2.0.61.Final/netty-tcnative-classes-2.0.61.Final.jar:/home/runner/.m2/repository/io/netty/netty-tcnative-boringssl-static/2.0.61.Final/netty-tcnative-boringssl-static-2.0.61.Final-linux-x86_64.jar:/home/runner/.m2/repository/io/netty/netty-tcnative-boringssl-static/2.0.61.Final/netty-tcnative-boringssl-static-2.0.61.Final-linux-aarch_64.jar:/home/runner/.m2/repository/io/netty/netty-tcnative-boringssl-static/2.0.61.Final/netty-tcnative-boringssl-static-2.0.61.Final-osx-x86_64.jar:/home/runner/.m2/repository/io/netty/netty-tcnative-boringssl-static/2.0.61.Final/netty-tcnative-boringssl-static-2.0.61.Final-osx-aarch_64.jar:/home/runner/.m2/repository/io/netty/netty-tcnative-boringssl-static/2.0.61.Final/netty-tcnative-boringssl-static-2.0.61.Final-windows-x86_64.jar:/home/runner/.m2/repository/org/apache/commons/commons-compress/1.21/commons-compress-1.21.jar:/home/runner/.m2/repository/org/apache/ozone/hdds-common/1.5.0-SNAPSHOT/hdds-common-1.5.0-SNAPSHOT.jar:/home/runner/.m2/repository/org/apache/ozone/hdds-client/1.5.0-SNAPSHOT/hdds-client-1.5.0-SNAPSHOT.jar:/home/runner/.m2/repository/org/apache/ozone/ozone-interface-client/1.5.0-SNAPSHOT/ozone-interface-client-1.5.0-SNAPSHOT.jar:/home/runner/.m2/repository/org/apache/hadoop/hadoop-hdfs-client/3.3.6/hadoop-hdfs-client-3.3.6.jar:/home/runner/.m2/repository/com/squareup/okhttp3/okhttp/4.12.0/okhttp-4.12.0.jar:/home/runner/.m2/repository/com/squareup/okio/okio/3.6.0/okio-3.6.0.jar:/home/runner/.m2/repository/com/squareup/okio/okio-jvm/3.6.0/okio-jvm-3.6.0.jar:/home/runner/.m2/repository/org/jetbrains/kotlin/kotlin-stdlib-jdk8/1.9.22/kotlin-stdlib-jdk8-1.9.22.jar:/home/runner/.m2/repository/org/jetbrains/kotlin/kotlin-stdlib-jdk7/1.9.22/kotlin-stdlib-jdk7-1.9.22.jar:/home/runner/.m2/repository/org/jetbrains/kotlin/kotlin-stdlib-common/1.9.22/kotlin-stdlib-common-1.9.22.jar:/home/runner/.m2/repository/org/apache/ozone/hdds-test-utils/1.5.0-SNAPSHOT/hdds-test-utils-1.5.0-SNAPSHOT.jar:/home/runner/.m2/repository/com/google/guava/guava/32.0.0-jre/guava-32.0.0-jre.jar:/home/runner/.m2/repository/com/google/guava/failureaccess/1.0.1/failureaccess-1.0.1.jar:/home/runner/.m2/repository/com/google/guava/listenablefuture/9999.0-empty-to-avoid-conflict-with-guava/listenablefuture-9999.0-empty-to-avoid-conflict-with-guava.jar:/home/runner/.m2/repository/com/google/code/findbugs/jsr305/3.0.0/jsr305-3.0.0.jar:/home/runner/.m2/repository/org/checkerframework/checker-qual/3.33.0/checker-qual-3.33.0.jar:/home/runner/.m2/repository/com/google/j2objc/j2objc-annotations/2.8/j2objc-annotations-2.8.jar:/home/runner/.m2/repository/commons-io/commons-io/2.11.0/commons-io-2.11.0.jar:/home/runner/.m2/repository/commons-logging/commons-logging/1.2/commons-logging-1.2.jar:/home/runner/.m2/repository/ch/qos/reload4j/reload4j/1.2.25/reload4j-1.2.25.jar:/home/runner/.m2/repository/org/slf4j/slf4j-api/1.7.36/slf4j-api-1.7.36.jar:/home/runner/.m2/repository/org/apache/logging/log4j/log4j-api/2.17.1/log4j-api-2.17.1.jar:/home/runner/.m2/repository/org/apache/ozone/hdds-server-scm/1.5.0-SNAPSHOT/hdds-server-scm-1.5.0-SNAPSHOT.jar:/home/runner/.m2/repository/org/apache/ozone/hdds-container-service/1.5.0-SNAPSHOT/hdds-container-service-1.5.0-SNAPSHOT.jar:/home/runner/.m2/repository/org/apache/ozone/hdds-hadoop-dependency-server/1.5.0-SNAPSHOT/hdds-hadoop-dependency-server-1.5.0-SNAPSHOT.jar:/home/runner/.m2/repository/org/apache/hadoop/hadoop-hdfs/3.3.6/hadoop-hdfs-3.3.6.jar:/home/runner/.m2/repository/commons-daemon/commons-daemon/1.0.13/commons-daemon-1.0.13.jar:/home/runner/.m2/repository/org/apache/ozone/hdds-server-framework/1.5.0-SNAPSHOT/hdds-server-framework-1.5.0-SNAPSHOT.jar:/home/runner/.m2/repository/io/dropwizard/metrics/metrics-core/3.2.4/metrics-core-3.2.4.jar:/home/runner/.m2/repository/org/apache/commons/commons-text/1.10.0/commons-text-1.10.0.jar:/home/runner/.m2/repository/org/bouncycastle/bcprov-jdk15on/1.67/bcprov-jdk15on-1.67.jar:/home/runner/.m2/repository/com/google/protobuf/protobuf-java/2.5.0/protobuf-java-2.5.0.jar:/home/runner/.m2/repository/org/apache/ozone/hdds-server-framework/1.5.0-SNAPSHOT/hdds-server-framework-1.5.0-SNAPSHOT-tests.jar:/home/runner/.m2/repository/org/apache/ozone/hdds-interface-server/1.5.0-SNAPSHOT/hdds-interface-server-1.5.0-SNAPSHOT.jar:/home/runner/.m2/repository/org/apache/ozone/hdds-interface-admin/1.5.0-SNAPSHOT/hdds-interface-admin-1.5.0-SNAPSHOT.jar:/home/runner/.m2/repository/org/apache/ozone/hdds-managed-rocksdb/1.5.0-SNAPSHOT/hdds-managed-rocksdb-1.5.0-SNAPSHOT.jar:/home/runner/.m2/repository/org/rocksdb/rocksdbjni/7.7.3/rocksdbjni-7.7.3.jar:/home/runner/.m2/repository/org/slf4j/slf4j-reload4j/1.7.36/slf4j-reload4j-1.7.36.jar:/home/runner/.m2/repository/org/apache/commons/commons-configuration2/2.1.1/commons-configuration2-2.1.1.jar:/home/runner/.m2/repository/commons-fileupload/commons-fileupload/1.5/commons-fileupload-1.5.jar:/home/runner/.m2/repository/org/apache/logging/log4j/log4j-core/2.17.1/log4j-core-2.17.1.jar:/home/runner/.m2/repository/com/lmax/disruptor/3.4.2/disruptor-3.4.2.jar:/home/runner/.m2/repository/org/eclipse/jetty/jetty-util/9.4.53.v20231009/jetty-util-9.4.53.v20231009.jar:/home/runner/.m2/repository/org/eclipse/jetty/jetty-server/9.4.53.v20231009/jetty-server-9.4.53.v20231009.jar:/home/runner/.m2/repository/org/eclipse/jetty/jetty-http/9.4.53.v20231009/jetty-http-9.4.53.v20231009.jar:/home/runner/.m2/repository/org/eclipse/jetty/jetty-io/9.4.53.v20231009/jetty-io-9.4.53.v20231009.jar:/home/runner/.m2/repository/org/eclipse/jetty/jetty-servlet/9.4.53.v20231009/jetty-servlet-9.4.53.v20231009.jar:/home/runner/.m2/repository/org/eclipse/jetty/jetty-security/9.4.53.v20231009/jetty-security-9.4.53.v20231009.jar:/home/runner/.m2/repository/org/eclipse/jetty/jetty-util-ajax/9.4.53.v20231009/jetty-util-ajax-9.4.53.v20231009.jar:/home/runner/.m2/repository/org/eclipse/jetty/jetty-webapp/9.4.53.v20231009/jetty-webapp-9.4.53.v20231009.jar:/home/runner/.m2/repository/org/eclipse/jetty/jetty-xml/9.4.53.v20231009/jetty-xml-9.4.53.v20231009.jar:/home/runner/.m2/repository/org/apache/ratis/ratis-server/3.0.0/ratis-server-3.0.0.jar:/home/runner/.m2/repository/org/apache/ratis/ratis-thirdparty-misc/1.0.5/ratis-thirdparty-misc-1.0.5.jar:/home/runner/.m2/repository/org/apache/ratis/ratis-proto/3.0.0/ratis-proto-3.0.0.jar:/home/runner/.m2/repository/org/apache/ratis/ratis-common/3.0.0/ratis-common-3.0.0.jar:/home/runner/.m2/repository/org/apache/ratis/ratis-client/3.0.0/ratis-client-3.0.0.jar:/home/runner/.m2/repository/org/apache/ratis/ratis-server-api/3.0.0/ratis-server-api-3.0.0.jar:/home/runner/.m2/repository/org/apache/ratis/ratis-metrics-api/3.0.0/ratis-metrics-api-3.0.0.jar:/home/runner/.m2/repository/org/apache/ratis/ratis-metrics-dropwizard3/3.0.0/ratis-metrics-dropwizard3-3.0.0.jar:/home/runner/.m2/repository/io/prometheus/simpleclient_dropwizard/0.7.0/simpleclient_dropwizard-0.7.0.jar:/home/runner/.m2/repository/io/prometheus/simpleclient/0.7.0/simpleclient-0.7.0.jar:/home/runner/.m2/repository/io/prometheus/simpleclient_common/0.7.0/simpleclient_common-0.7.0.jar:/home/runner/.m2/repository/com/fasterxml/jackson/datatype/jackson-datatype-jsr310/2.13.4/jackson-datatype-jsr310-2.13.4.jar:/home/runner/.m2/repository/com/fasterxml/jackson/core/jackson-core/2.13.4/jackson-core-2.13.4.jar:/home/runner/.m2/repository/org/apache/ozone/rocksdb-checkpoint-differ/1.5.0-SNAPSHOT/rocksdb-checkpoint-differ-1.5.0-SNAPSHOT.jar:/home/runner/.m2/repository/org/jgrapht/jgrapht-core/1.0.1/jgrapht-core-1.0.1.jar:/home/runner/.m2/repository/org/jgrapht/jgrapht-ext/1.0.1/jgrapht-ext-1.0.1.jar:/home/runner/.m2/repository/org/tinyjee/jgraphx/jgraphx/2.0.0.1/jgraphx-2.0.0.1.jar:/home/runner/.m2/repository/jgraph/jgraph/5.13.0.0/jgraph-5.13.0.0.jar:/home/runner/.m2/repository/org/antlr/antlr4-runtime/4.5.3/antlr4-runtime-4.5.3.jar:/home/runner/.m2/repository/org/awaitility/awaitility/4.2.0/awaitility-4.2.0.jar:/home/runner/.m2/repository/org/hamcrest/hamcrest/2.1/hamcrest-2.1.jar:/home/runner/.m2/repository/org/apache/ozone/ozone-manager/1.5.0-SNAPSHOT/ozone-manager-1.5.0-SNAPSHOT.jar:/home/runner/.m2/repository/org/aspectj/aspectjrt/1.9.7/aspectjrt-1.9.7.jar:/home/runner/.m2/repository/org/aspectj/aspectjweaver/1.9.7/aspectjweaver-1.9.7.jar:/home/runner/.m2/repository/org/apache/ozone/hdds-interface-client/1.5.0-SNAPSHOT/hdds-interface-client-1.5.0-SNAPSHOT.jar:/home/runner/.m2/repository/org/apache/hadoop/thirdparty/hadoop-shaded-protobuf_3_7/1.1.1/hadoop-shaded-protobuf_3_7-1.1.1.jar:/home/runner/.m2/repository/org/apache/ozone/ozone-interface-storage/1.5.0-SNAPSHOT/ozone-interface-storage-1.5.0-SNAPSHOT.jar:/home/runner/.m2/repository/org/reflections/reflections/0.9.11/reflections-0.9.11.jar:/home/runner/.m2/repository/com/sun/jersey/jersey-client/1.19.4/jersey-client-1.19.4.jar:/home/runner/.m2/repository/org/codehaus/jackson/jackson-core-asl/1.9.13/jackson-core-asl-1.9.13.jar:/home/runner/.m2/repository/org/codehaus/jackson/jackson-mapper-asl/1.9.13/jackson-mapper-asl-1.9.13.jar:/home/runner/.m2/repository/org/codehaus/jackson/jackson-jaxrs/1.9.13/jackson-jaxrs-1.9.13.jar:/home/runner/.m2/repository/org/apache/ranger/ranger-intg/2.3.0/ranger-intg-2.3.0.jar:/home/runner/.m2/repository/org/apache/ranger/ranger-plugins-common/2.3.0/ranger-plugins-common-2.3.0.jar:/home/runner/.m2/repository/commons-lang/commons-lang/2.6/commons-lang-2.6.jar:/home/runner/.m2/repository/org/apache/ranger/ranger-plugins-cred/2.3.0/ranger-plugins-cred-2.3.0.jar:/home/runner/.m2/repository/org/apache/ranger/ranger-plugins-audit/2.3.0/ranger-plugins-audit-2.3.0.jar:/home/runner/.m2/repository/org/eclipse/jetty/jetty-client/9.4.53.v20231009/jetty-client-9.4.53.v20231009.jar:/home/runner/.m2/repository/org/apache/httpcomponents/httpmime/4.5.6/httpmime-4.5.6.jar:/home/runner/.m2/repository/org/apache/httpcomponents/httpcore-nio/4.4.16/httpcore-nio-4.4.16.jar:/home/runner/.m2/repository/org/apache/httpcomponents/httpasyncclient/4.1.3/httpasyncclient-4.1.3.jar:/home/runner/.m2/repository/com/carrotsearch/hppc/0.8.0/hppc-0.8.0.jar:/home/runner/.m2/repository/org/apache/orc/orc-core/1.5.8/orc-core-1.5.8.jar:/home/runner/.m2/repository/net/java/dev/jna/jna/5.2.0/jna-5.2.0.jar:/home/runner/.m2/repository/net/java/dev/jna/jna-platform/5.2.0/jna-platform-5.2.0.jar:/home/runner/.m2/repository/com/kstruct/gethostname4j/0.0.2/gethostname4j-0.0.2.jar:/home/runner/.m2/repository/org/apache/ranger/ranger-plugin-classloader/2.3.0/ranger-plugin-classloader-2.3.0.jar:/home/runner/.m2/repository/org/apache/ozone/hdds-rocks-native/1.5.0-SNAPSHOT/hdds-rocks-native-1.5.0-SNAPSHOT.jar:/home/runner/.m2/repository/org/apache/hadoop/hadoop-minikdc/3.3.6/hadoop-minikdc-3.3.6.jar:/home/runner/.m2/repository/org/apache/kerby/kerb-simplekdc/1.0.1/kerb-simplekdc-1.0.1.jar:/home/runner/.m2/repository/org/apache/kerby/kerb-client/1.0.1/kerb-client-1.0.1.jar:/home/runner/.m2/repository/org/apache/kerby/kerby-config/1.0.1/kerby-config-1.0.1.jar:/home/runner/.m2/repository/org/apache/kerby/kerb-common/1.0.1/kerb-common-1.0.1.jar:/home/runner/.m2/repository/org/apache/kerby/kerb-crypto/1.0.1/kerb-crypto-1.0.1.jar:/home/runner/.m2/repository/org/apache/kerby/kerb-util/1.0.1/kerb-util-1.0.1.jar:/home/runner/.m2/repository/org/apache/kerby/token-provider/1.0.1/token-provider-1.0.1.jar:/home/runner/.m2/repository/org/apache/kerby/kerb-admin/1.0.1/kerb-admin-1.0.1.jar:/home/runner/.m2/repository/org/apache/kerby/kerb-server/1.0.1/kerb-server-1.0.1.jar:/home/runner/.m2/repository/org/apache/kerby/kerb-identity/1.0.1/kerb-identity-1.0.1.jar:/home/runner/.m2/repository/org/apache/kerby/kerby-xdr/1.0.1/kerby-xdr-1.0.1.jar:/home/runner/.m2/repository/org/apache/ozone/ozone-s3gateway/1.5.0-SNAPSHOT/ozone-s3gateway-1.5.0-SNAPSHOT.jar:/home/runner/.m2/repository/org/javassist/javassist/3.21.0-GA/javassist-3.21.0-GA.jar:/home/runner/.m2/repository/org/jboss/weld/servlet/weld-servlet-shaded/3.1.9.Final/weld-servlet-shaded-3.1.9.Final.jar:/home/runner/.m2/repository/org/glassfish/jersey/containers/jersey-container-servlet-core/2.41/jersey-container-servlet-core-2.41.jar:/home/runner/.m2/repository/org/glassfish/hk2/external/jakarta.inject/2.6.1/jakarta.inject-2.6.1.jar:/home/runner/.m2/repository/org/glassfish/jersey/core/jersey-common/2.41/jersey-common-2.41.jar:/home/runner/.m2/repository/jakarta/ws/rs/jakarta.ws.rs-api/2.1.6/jakarta.ws.rs-api-2.1.6.jar:/home/runner/.m2/repository/org/glassfish/jersey/ext/cdi/jersey-cdi1x/2.41/jersey-cdi1x-2.41.jar:/home/runner/.m2/repository/org/glassfish/jersey/inject/jersey-hk2/2.41/jersey-hk2-2.41.jar:/home/runner/.m2/repository/org/glassfish/hk2/hk2-locator/2.6.1/hk2-locator-2.6.1.jar:/home/runner/.m2/repository/org/glassfish/jersey/media/jersey-media-jaxb/2.41/jersey-media-jaxb-2.41.jar:/home/runner/.m2/repository/org/glassfish/hk2/osgi-resource-locator/1.0.3/osgi-resource-locator-1.0.3.jar:/home/runner/.m2/repository/org/glassfish/hk2/hk2-api/2.5.0/hk2-api-2.5.0.jar:/home/runner/.m2/repository/org/glassfish/hk2/hk2-utils/2.5.0/hk2-utils-2.5.0.jar:/home/runner/.m2/repository/org/glassfish/hk2/external/aopalliance-repackaged/2.5.0/aopalliance-repackaged-2.5.0.jar:/home/runner/.m2/repository/com/fasterxml/jackson/dataformat/jackson-dataformat-xml/2.13.4/jackson-dataformat-xml-2.13.4.jar:/home/runner/.m2/repository/org/codehaus/woodstox/stax2-api/4.2.2/stax2-api-4.2.2.jar:/home/runner/.m2/repository/com/fasterxml/woodstox/woodstox-core/5.4.0/woodstox-core-5.4.0.jar:/home/runner/.m2/repository/com/fasterxml/jackson/module/jackson-module-jaxb-annotations/2.13.4/jackson-module-jaxb-annotations-2.13.4.jar:/home/runner/.m2/repository/javax/enterprise/cdi-api/2.0/cdi-api-2.0.jar:/home/runner/.m2/repository/javax/el/javax.el-api/3.0.0/javax.el-api-3.0.0.jar:/home/runner/.m2/repository/javax/interceptor/javax.interceptor-api/1.2/javax.interceptor-api-1.2.jar:/home/runner/.m2/repository/javax/inject/javax.inject/1/javax.inject-1.jar:/home/runner/.m2/repository/jakarta/xml/bind/jakarta.xml.bind-api/2.3.3/jakarta.xml.bind-api-2.3.3.jar:/home/runner/.m2/repository/org/glassfish/jaxb/jaxb-runtime/2.3.9/jaxb-runtime-2.3.9.jar:/home/runner/.m2/repository/org/glassfish/jaxb/txw2/2.3.9/txw2-2.3.9.jar:/home/runner/.m2/repository/com/sun/istack/istack-commons-runtime/3.0.12/istack-commons-runtime-3.0.12.jar:/home/runner/.m2/repository/com/sun/activation/jakarta.activation/1.2.2/jakarta.activation-1.2.2.jar:/home/runner/.m2/repository/jakarta/activation/jakarta.activation-api/1.2.2/jakarta.activation-api-1.2.2.jar:/home/runner/.m2/repository/io/grpc/grpc-protobuf/1.58.0/grpc-protobuf-1.58.0.jar:/home/runner/.m2/repository/com/google/api/grpc/proto-google-common-protos/2.22.0/proto-google-common-protos-2.22.0.jar:/home/runner/.m2/repository/io/grpc/grpc-protobuf-lite/1.58.0/grpc-protobuf-lite-1.58.0.jar:/home/runner/.m2/repository/io/grpc/grpc-stub/1.58.0/grpc-stub-1.58.0.jar:/home/runner/.m2/repository/io/netty/netty-transport/4.1.100.Final/netty-transport-4.1.100.Final.jar:/home/runner/.m2/repository/io/netty/netty-resolver/4.1.100.Final/netty-resolver-4.1.100.Final.jar:/home/runner/.m2/repository/org/apache/ozone/ozone-csi/1.5.0-SNAPSHOT/ozone-csi-1.5.0-SNAPSHOT.jar:/home/runner/.m2/repository/com/google/protobuf/protobuf-java-util/3.19.6/protobuf-java-util-3.19.6.jar:/home/runner/.m2/repository/com/google/code/gson/gson/2.9.0/gson-2.9.0.jar:/home/runner/.m2/repository/org/apache/ozone/hdds-config/1.5.0-SNAPSHOT/hdds-config-1.5.0-SNAPSHOT.jar:/home/runner/.m2/repository/io/netty/netty-transport-native-epoll/4.1.100.Final/netty-transport-native-epoll-4.1.100.Final-linux-x86_64.jar:/home/runner/.m2/repository/io/netty/netty-transport-classes-epoll/4.1.100.Final/netty-transport-classes-epoll-4.1.100.Final.jar:/home/runner/.m2/repository/io/netty/netty-transport-native-unix-common/4.1.100.Final/netty-transport-native-unix-common-4.1.100.Final.jar:/home/runner/.m2/repository/org/apache/ozone/ozone-recon/1.5.0-SNAPSHOT/ozone-recon-1.5.0-SNAPSHOT.jar:/home/runner/.m2/repository/org/apache/ozone/ozone-reconcodegen/1.5.0-SNAPSHOT/ozone-reconcodegen-1.5.0-SNAPSHOT.jar:/home/runner/.m2/repository/com/google/inject/guice/5.1.0/guice-5.1.0.jar:/home/runner/.m2/repository/aopalliance/aopalliance/1.0/aopalliance-1.0.jar:/home/runner/.m2/repository/com/google/inject/extensions/guice-assistedinject/5.1.0/guice-assistedinject-5.1.0.jar:/home/runner/.m2/repository/com/google/inject/extensions/guice-servlet/5.1.0/guice-servlet-5.1.0.jar:/home/runner/.m2/repository/org/glassfish/jersey/containers/jersey-container-servlet/2.41/jersey-container-servlet-2.41.jar:/home/runner/.m2/repository/org/glassfish/hk2/guice-bridge/2.5.0/guice-bridge-2.5.0.jar:/home/runner/.m2/repository/org/glassfish/jersey/core/jersey-server/2.41/jersey-server-2.41.jar:/home/runner/.m2/repository/org/glassfish/jersey/core/jersey-client/2.41/jersey-client-2.41.jar:/home/runner/.m2/repository/jakarta/annotation/jakarta.annotation-api/1.3.5/jakarta.annotation-api-1.3.5.jar:/home/runner/.m2/repository/jakarta/validation/jakarta.validation-api/2.0.2/jakarta.validation-api-2.0.2.jar:/home/runner/.m2/repository/org/glassfish/jersey/media/jersey-media-json-jackson/2.41/jersey-media-json-jackson-2.41.jar:/home/runner/.m2/repository/org/glassfish/jersey/ext/jersey-entity-filtering/2.41/jersey-entity-filtering-2.41.jar:/home/runner/.m2/repository/org/jooq/jooq/3.11.10/jooq-3.11.10.jar:/home/runner/.m2/repository/org/jooq/jooq-meta/3.11.10/jooq-meta-3.11.10.jar:/home/runner/.m2/repository/org/jooq/jooq-codegen/3.11.10/jooq-codegen-3.11.10.jar:/home/runner/.m2/repository/com/jolbox/bonecp/0.8.0.RELEASE/bonecp-0.8.0.RELEASE.jar:/home/runner/.m2/repository/org/apache/derby/derby/10.14.2.0/derby-10.14.2.0.jar:/home/runner/.m2/repository/org/xerial/sqlite-jdbc/3.44.1.0/sqlite-jdbc-3.44.1.0.jar:/home/runner/.m2/repository/org/springframework/spring-jdbc/5.3.27/spring-jdbc-5.3.27.jar:/home/runner/.m2/repository/org/springframework/spring-beans/5.3.27/spring-beans-5.3.27.jar:/home/runner/.m2/repository/org/springframework/spring-core/5.3.27/spring-core-5.3.27.jar:/home/runner/.m2/repository/org/springframework/spring-tx/5.3.27/spring-tx-5.3.27.jar:/home/runner/.m2/repository/org/apache/ozone/ozone-client/1.5.0-SNAPSHOT/ozone-client-1.5.0-SNAPSHOT.jar:/home/runner/.m2/repository/org/apache/ozone/hdds-erasurecode/1.5.0-SNAPSHOT/hdds-erasurecode-1.5.0-SNAPSHOT.jar:/home/runner/.m2/repository/org/apache/ozone/ozone-filesystem/1.5.0-SNAPSHOT/ozone-filesystem-1.5.0-SNAPSHOT.jar:/home/runner/.m2/repository/org/apache/ozone/ozone-filesystem-common/1.5.0-SNAPSHOT/ozone-filesystem-common-1.5.0-SNAPSHOT.jar:/home/runner/.m2/repository/org/apache/ozone/ozone-tools/1.5.0-SNAPSHOT/ozone-tools-1.5.0-SNAPSHOT.jar:/home/runner/.m2/repository/com/amazonaws/aws-java-sdk-core/1.12.261/aws-java-sdk-core-1.12.261.jar:/home/runner/.m2/repository/org/apache/httpcomponents/httpclient/4.5.13/httpclient-4.5.13.jar:/home/runner/.m2/repository/org/apache/httpcomponents/httpcore/4.4.16/httpcore-4.4.16.jar:/home/runner/.m2/repository/software/amazon/ion/ion-java/1.0.2/ion-java-1.0.2.jar:/home/runner/.m2/repository/com/fasterxml/jackson/dataformat/jackson-dataformat-cbor/2.13.4/jackson-dataformat-cbor-2.13.4.jar:/home/runner/.m2/repository/joda-time/joda-time/2.12.5/joda-time-2.12.5.jar:/home/runner/.m2/repository/com/amazonaws/aws-java-sdk-s3/1.12.261/aws-java-sdk-s3-1.12.261.jar:/home/runner/.m2/repository/com/amazonaws/aws-java-sdk-kms/1.12.261/aws-java-sdk-kms-1.12.261.jar:/home/runner/.m2/repository/com/amazonaws/jmespath-java/1.12.261/jmespath-java-1.12.261.jar:/home/runner/.m2/repository/org/kohsuke/metainf-services/metainf-services/1.8/metainf-services-1.8.jar:/home/runner/.m2/repository/org/apache/ozone/hdds-tools/1.5.0-SNAPSHOT/hdds-tools-1.5.0-SNAPSHOT.jar:/home/runner/.m2/repository/org/apache/ratis/ratis-tools/3.0.0/ratis-tools-3.0.0.jar:/home/runner/.m2/repository/commons-cli/commons-cli/1.6.0/commons-cli-1.6.0.jar:/home/runner/.m2/repository/org/apache/commons/commons-lang3/3.14.0/commons-lang3-3.14.0.jar:/home/runner/.m2/repository/org/apache/ozone/ozone-manager/1.5.0-SNAPSHOT/ozone-manager-1.5.0-SNAPSHOT-tests.jar:/home/runner/.m2/repository/org/apache/ozone/hdds-common/1.5.0-SNAPSHOT/hdds-common-1.5.0-SNAPSHOT-tests.jar:/home/runner/.m2/repository/org/apache/ozone/hdds-hadoop-dependency-client/1.5.0-SNAPSHOT/hdds-hadoop-dependency-client-1.5.0-SNAPSHOT.jar:/home/runner/.m2/repository/info/picocli/picocli/4.7.5/picocli-4.7.5.jar:/home/runner/.m2/repository/com/fasterxml/jackson/core/jackson-annotations/2.13.4/jackson-annotations-2.13.4.jar:/home/runner/.m2/repository/org/apache/ozone/hdds-annotation-processing/1.5.0-SNAPSHOT/hdds-annotation-processing-1.5.0-SNAPSHOT.jar:/home/runner/.m2/repository/javax/annotation/javax.annotation-api/1.3.2/javax.annotation-api-1.3.2.jar:/home/runner/.m2/repository/org/apache/ratis/ratis-netty/3.0.0/ratis-netty-3.0.0.jar:/home/runner/.m2/repository/org/apache/ratis/ratis-grpc/3.0.0/ratis-grpc-3.0.0.jar:/home/runner/.m2/repository/org/apache/commons/commons-pool2/2.6.0/commons-pool2-2.6.0.jar:/home/runner/.m2/repository/org/bouncycastle/bcpkix-jdk15on/1.67/bcpkix-jdk15on-1.67.jar:/home/runner/.m2/repository/commons-validator/commons-validator/1.6/commons-validator-1.6.jar:/home/runner/.m2/repository/commons-beanutils/commons-beanutils/1.9.4/commons-beanutils-1.9.4.jar:/home/runner/.m2/repository/commons-digester/commons-digester/1.8.1/commons-digester-1.8.1.jar:/home/runner/.m2/repository/commons-collections/commons-collections/3.2.2/commons-collections-3.2.2.jar:/home/runner/.m2/repository/io/jaegertracing/jaeger-client/1.6.0/jaeger-client-1.6.0.jar:/home/runner/.m2/repository/io/jaegertracing/jaeger-thrift/1.6.0/jaeger-thrift-1.6.0.jar:/home/runner/.m2/repository/org/apache/thrift/libthrift/0.14.1/libthrift-0.14.1.jar:/home/runner/.m2/repository/io/jaegertracing/jaeger-core/1.6.0/jaeger-core-1.6.0.jar:/home/runner/.m2/repository/io/jaegertracing/jaeger-tracerresolver/1.6.0/jaeger-tracerresolver-1.6.0.jar:/home/runner/.m2/repository/io/opentracing/contrib/opentracing-tracerresolver/0.1.8/opentracing-tracerresolver-0.1.8.jar:/home/runner/.m2/repository/org/jetbrains/kotlin/kotlin-stdlib/1.9.22/kotlin-stdlib-1.9.22.jar:/home/runner/.m2/repository/org/jetbrains/annotations/13.0/annotations-13.0.jar:/home/runner/.m2/repository/io/opentracing/opentracing-util/0.33.0/opentracing-util-0.33.0.jar:/home/runner/.m2/repository/io/opentracing/opentracing-api/0.33.0/opentracing-api-0.33.0.jar:/home/runner/.m2/repository/io/opentracing/opentracing-noop/0.33.0/opentracing-noop-0.33.0.jar:/home/runner/.m2/repository/org/yaml/snakeyaml/2.0/snakeyaml-2.0.jar:/home/runner/.m2/repository/io/grpc/grpc-api/1.58.0/grpc-api-1.58.0.jar:/home/runner/.m2/repository/junit/junit/4.13.1/junit-4.13.1.jar:/home/runner/.m2/repository/org/hamcrest/hamcrest-core/1.3/hamcrest-core-1.3.jar:/home/runner/.m2/repository/org/junit/jupiter/junit-jupiter-api/5.10.1/junit-jupiter-api-5.10.1.jar:/home/runner/.m2/repository/org/opentest4j/opentest4j/1.3.0/opentest4j-1.3.0.jar:/home/runner/.m2/repository/org/junit/platform/junit-platform-commons/1.10.1/junit-platform-commons-1.10.1.jar:/home/runner/.m2/repository/org/apiguardian/apiguardian-api/1.1.2/apiguardian-api-1.1.2.jar:/home/runner/.m2/repository/org/junit/jupiter/junit-jupiter-params/5.10.1/junit-jupiter-params-5.10.1.jar:/home/runner/.m2/repository/org/junit/jupiter/junit-jupiter-migrationsupport/5.10.1/junit-jupiter-migrationsupport-5.10.1.jar:/home/runner/.m2/repository/org/junit/jupiter/junit-jupiter-engine/5.10.1/junit-jupiter-engine-5.10.1.jar:/home/runner/.m2/repository/org/junit/platform/junit-platform-engine/1.10.1/junit-platform-engine-1.10.1.jar:/home/runner/.m2/repository/org/junit/vintage/junit-vintage-engine/5.10.1/junit-vintage-engine-5.10.1.jar:/home/runner/.m2/repository/org/junit/platform/junit-platform-launcher/1.10.1/junit-platform-launcher-1.10.1.jar:/home/runner/.m2/repository/org/mockito/mockito-core/3.5.9/mockito-core-3.5.9.jar:/home/runner/.m2/repository/net/bytebuddy/byte-buddy/1.10.13/byte-buddy-1.10.13.jar:/home/runner/.m2/repository/net/bytebuddy/byte-buddy-agent/1.10.13/byte-buddy-agent-1.10.13.jar:/home/runner/.m2/repository/org/objenesis/objenesis/1.0/objenesis-1.0.jar:/home/runner/.m2/repository/org/apache/hadoop/hadoop-kms/3.3.6/hadoop-kms-3.3.6.jar:/home/runner/.m2/repository/org/apache/hadoop/hadoop-auth/3.3.6/hadoop-auth-3.3.6.jar:/home/runner/.m2/repository/com/nimbusds/nimbus-jose-jwt/9.8.1/nimbus-jose-jwt-9.8.1.jar:/home/runner/.m2/repository/com/github/stephenc/jcip/jcip-annotations/1.0-1/jcip-annotations-1.0-1.jar:/home/runner/.m2/repository/org/apache/zookeeper/zookeeper/3.7.2/zookeeper-3.7.2.jar:/home/runner/.m2/repository/org/apache/zookeeper/zookeeper-jute/3.7.2/zookeeper-jute-3.7.2.jar:/home/runner/.m2/repository/org/apache/yetus/audience-annotations/0.12.0/audience-annotations-0.12.0.jar:/home/runner/.m2/repository/org/apache/curator/curator-framework/4.2.0/curator-framework-4.2.0.jar:/home/runner/.m2/repository/org/apache/hadoop/thirdparty/hadoop-shaded-guava/1.1.1/hadoop-shaded-guava-1.1.1.jar:/home/runner/.m2/repository/com/sun/jersey/jersey-core/1.19.4/jersey-core-1.19.4.jar:/home/runner/.m2/repository/javax/ws/rs/jsr311-api/1.1.1/jsr311-api-1.1.1.jar:/home/runner/.m2/repository/com/sun/jersey/jersey-server/1.19.4/jersey-server-1.19.4.jar:/home/runner/.m2/repository/javax/servlet/javax.servlet-api/3.1.0/javax.servlet-api-3.1.0.jar:/home/runner/.m2/repository/org/apache/hadoop/hadoop-common/3.3.6/hadoop-common-3.3.6.jar:/home/runner/.m2/repository/org/apache/commons/commons-math3/3.1.1/commons-math3-3.1.1.jar:/home/runner/.m2/repository/commons-net/commons-net/3.10.0/commons-net-3.10.0.jar:/home/runner/.m2/repository/com/sun/jersey/jersey-servlet/1.19.4/jersey-servlet-1.19.4.jar:/home/runner/.m2/repository/com/github/pjfanning/jersey-json/1.20/jersey-json-1.20.jar:/home/runner/.m2/repository/org/codehaus/jettison/jettison/1.1/jettison-1.1.jar:/home/runner/.m2/repository/com/sun/xml/bind/jaxb-impl/2.2.3-1/jaxb-impl-2.2.3-1.jar:/home/runner/.m2/repository/com/google/re2j/re2j/1.1/re2j-1.1.jar:/home/runner/.m2/repository/com/jcraft/jsch/0.1.54/jsch-0.1.54.jar:/home/runner/.m2/repository/org/apache/curator/curator-client/4.2.0/curator-client-4.2.0.jar:/home/runner/.m2/repository/org/apache/curator/curator-recipes/5.2.0/curator-recipes-5.2.0.jar:/home/runner/.m2/repository/org/apache/kerby/kerb-core/1.0.1/kerb-core-1.0.1.jar:/home/runner/.m2/repository/org/apache/kerby/kerby-pkix/1.0.1/kerby-pkix-1.0.1.jar:/home/runner/.m2/repository/org/apache/kerby/kerby-asn1/1.0.1/kerby-asn1-1.0.1.jar:/home/runner/.m2/repository/org/apache/kerby/kerby-util/1.0.1/kerby-util-1.0.1.jar:/home/runner/.m2/repository/dnsjava/dnsjava/2.1.7/dnsjava-2.1.7.jar:/home/runner/.m2/repository/org/xerial/snappy/snappy-java/1.1.8.2/snappy-java-1.1.8.2.jar:/home/runner/.m2/repository/com/fasterxml/jackson/core/jackson-databind/2.13.4.2/jackson-databind-2.13.4.2.jar:/home/runner/.m2/repository/org/apache/hadoop/hadoop-kms/3.3.6/hadoop-kms-3.3.6-tests.jar:/home/runner/.m2/repository/org/apache/ozone/hdds-server-scm/1.5.0-SNAPSHOT/hdds-server-scm-1.5.0-SNAPSHOT-tests.jar:/home/runner/.m2/repository/org/apache/ozone/hdds-container-service/1.5.0-SNAPSHOT/hdds-container-service-1.5.0-SNAPSHOT-tests.jar:/home/runner/.m2/repository/com/github/luben/zstd-jni/1.5.2-5/zstd-jni-1.5.2-5.jar:/home/runner/.m2/repository/commons-codec/commons-codec/1.15/commons-codec-1.15.jar:/home/runner/.m2/repository/io/netty/netty-codec/4.1.100.Final/netty-codec-4.1.100.Final.jar:/home/runner/.m2/repository/io/netty/netty-handler/4.1.100.Final/netty-handler-4.1.100.Final.jar:/home/runner/.m2/repository/org/apache/ozone/hdds-hadoop-dependency-test/1.5.0-SNAPSHOT/hdds-hadoop-dependency-test-1.5.0-SNAPSHOT.jar:/home/runner/.m2/repository/org/apache/hadoop/hadoop-common/3.3.6/hadoop-common-3.3.6-tests.jar:/home/runner/.m2/repository/org/apache/hadoop/hadoop-hdfs/3.3.6/hadoop-hdfs-3.3.6-tests.jar:/home/runner/.m2/repository/org/assertj/assertj-core/3.12.2/assertj-core-3.12.2.jar:/home/runner/.m2/repository/org/apache/hadoop/hadoop-distcp/3.3.6/hadoop-distcp-3.3.6.jar:/home/runner/.m2/repository/org/apache/hadoop/hadoop-mapreduce-client-jobclient/3.3.6/hadoop-mapreduce-client-jobclient-3.3.6.jar:/home/runner/.m2/repository/org/apache/hadoop/hadoop-mapreduce-client-common/3.3.6/hadoop-mapreduce-client-common-3.3.6.jar:/home/runner/.m2/repository/org/apache/hadoop/hadoop-yarn-common/3.3.6/hadoop-yarn-common-3.3.6.jar:/home/runner/.m2/repository/org/apache/hadoop/hadoop-yarn-api/3.3.6/hadoop-yarn-api-3.3.6.jar:/home/runner/.m2/repository/javax/xml/bind/jaxb-api/2.2.11/jaxb-api-2.2.11.jar:/home/runner/.m2/repository/com/sun/jersey/contribs/jersey-guice/1.19.4/jersey-guice-1.19.4.jar:/home/runner/.m2/repository/com/fasterxml/jackson/jaxrs/jackson-jaxrs-json-provider/2.13.4/jackson-jaxrs-json-provider-2.13.4.jar:/home/runner/.m2/repository/com/fasterxml/jackson/jaxrs/jackson-jaxrs-base/2.13.4/jackson-jaxrs-base-2.13.4.jar:/home/runner/.m2/repository/org/apache/hadoop/hadoop-yarn-client/3.3.6/hadoop-yarn-client-3.3.6.jar:/home/runner/.m2/repository/org/eclipse/jetty/websocket/websocket-client/9.4.51.v20230217/websocket-client-9.4.51.v20230217.jar:/home/runner/.m2/repository/org/eclipse/jetty/websocket/websocket-common/9.4.51.v20230217/websocket-common-9.4.51.v20230217.jar:/home/runner/.m2/repository/org/eclipse/jetty/websocket/websocket-api/9.4.51.v20230217/websocket-api-9.4.51.v20230217.jar:/home/runner/.m2/repository/org/jline/jline/3.9.0/jline-3.9.0.jar:/home/runner/.m2/repository/org/apache/hadoop/hadoop-mapreduce-client-core/3.3.6/hadoop-mapreduce-client-core-3.3.6.jar:/home/runner/.m2/repository/org/apache/avro/avro/1.7.7/avro-1.7.7.jar:/home/runner/.m2/repository/com/thoughtworks/paranamer/paranamer/2.3/paranamer-2.3.jar:/home/runner/.m2/repository/org/apache/hadoop/hadoop-annotations/3.3.6/hadoop-annotations-3.3.6.jar:/usr/lib/jvm/temurin-8-jdk-amd64/jre/../lib/tools.jar:/home/runner/.m2/repository/io/netty/netty/3.10.6.Final/netty-3.10.6.Final.jar:/home/runner/.m2/repository/org/apache/hadoop/hadoop-distcp/3.3.6/hadoop-distcp-3.3.6-tests.jar:/home/runner/.m2/repository/org/slf4j/jul-to-slf4j/1.7.36/jul-to-slf4j-1.7.36.jar:/home/runner/work/ozone/ozone/hadoop-ozone/integration-test/target/gradle-enterprise/test-listeners.jar:"/>
    <property name="java.vm.vendor" value="Temurin"/>
    <property name="sun.arch.data.model" value="64"/>
    <property name="test.build.dir" value="/home/runner/work/ozone/ozone/hadoop-ozone/integration-test/target/test-dir"/>
    <property name="test.cache.data" value=""/>
    <property name="java.vendor.url" value="https://adoptium.net/"/>
    <property name="user.timezone" value="Etc/UTC"/>
    <property name="os.name" value="Linux"/>
    <property name="java.vm.specification.version" value="1.8"/>
    <property name="test.build.data" value="/home/runner/work/ozone/ozone/hadoop-ozone/integration-test/target/test-dir"/>
    <property name="sun.java.launcher" value="SUN_STANDARD"/>
    <property name="sun.boot.library.path" value="/usr/lib/jvm/temurin-8-jdk-amd64/jre/lib/amd64"/>
    <property name="sun.java.command" value="/home/runner/work/ozone/ozone/hadoop-ozone/integration-test/target/surefire/surefirebooter-20231228084501948_98.jar /home/runner/work/ozone/ozone/hadoop-ozone/integration-test/target/surefire 2023-12-28T08-45-00_340-jvmRun1 surefire-20231228084501948_96tmp surefire_15-20231228084501948_97tmp"/>
    <property name="native.lib.tmp.dir" value="/tmp"/>
    <property name="surefire.test.class.path" value="/home/runner/work/ozone/ozone/hadoop-ozone/integration-test/target/test-classes:/home/runner/work/ozone/ozone/hadoop-ozone/integration-test/target/classes:/home/runner/.m2/repository/org/apache/ozone/ozone-common/1.5.0-SNAPSHOT/ozone-common-1.5.0-SNAPSHOT.jar:/home/runner/.m2/repository/io/grpc/grpc-netty/1.58.0/grpc-netty-1.58.0.jar:/home/runner/.m2/repository/io/grpc/grpc-core/1.58.0/grpc-core-1.58.0.jar:/home/runner/.m2/repository/com/google/android/annotations/4.1.1.4/annotations-4.1.1.4.jar:/home/runner/.m2/repository/org/codehaus/mojo/animal-sniffer-annotations/1.23/animal-sniffer-annotations-1.23.jar:/home/runner/.m2/repository/io/grpc/grpc-context/1.58.0/grpc-context-1.58.0.jar:/home/runner/.m2/repository/io/grpc/grpc-util/1.58.0/grpc-util-1.58.0.jar:/home/runner/.m2/repository/com/google/errorprone/error_prone_annotations/2.2.0/error_prone_annotations-2.2.0.jar:/home/runner/.m2/repository/io/perfmark/perfmark-api/0.26.0/perfmark-api-0.26.0.jar:/home/runner/.m2/repository/io/netty/netty-codec-http2/4.1.100.Final/netty-codec-http2-4.1.100.Final.jar:/home/runner/.m2/repository/io/netty/netty-common/4.1.100.Final/netty-common-4.1.100.Final.jar:/home/runner/.m2/repository/io/netty/netty-buffer/4.1.100.Final/netty-buffer-4.1.100.Final.jar:/home/runner/.m2/repository/io/netty/netty-codec-http/4.1.100.Final/netty-codec-http-4.1.100.Final.jar:/home/runner/.m2/repository/io/netty/netty-handler-proxy/4.1.100.Final/netty-handler-proxy-4.1.100.Final.jar:/home/runner/.m2/repository/io/netty/netty-codec-socks/4.1.100.Final/netty-codec-socks-4.1.100.Final.jar:/home/runner/.m2/repository/io/netty/netty-tcnative-boringssl-static/2.0.61.Final/netty-tcnative-boringssl-static-2.0.61.Final.jar:/home/runner/.m2/repository/io/netty/netty-tcnative-classes/2.0.61.Final/netty-tcnative-classes-2.0.61.Final.jar:/home/runner/.m2/repository/io/netty/netty-tcnative-boringssl-static/2.0.61.Final/netty-tcnative-boringssl-static-2.0.61.Final-linux-x86_64.jar:/home/runner/.m2/repository/io/netty/netty-tcnative-boringssl-static/2.0.61.Final/netty-tcnative-boringssl-static-2.0.61.Final-linux-aarch_64.jar:/home/runner/.m2/repository/io/netty/netty-tcnative-boringssl-static/2.0.61.Final/netty-tcnative-boringssl-static-2.0.61.Final-osx-x86_64.jar:/home/runner/.m2/repository/io/netty/netty-tcnative-boringssl-static/2.0.61.Final/netty-tcnative-boringssl-static-2.0.61.Final-osx-aarch_64.jar:/home/runner/.m2/repository/io/netty/netty-tcnative-boringssl-static/2.0.61.Final/netty-tcnative-boringssl-static-2.0.61.Final-windows-x86_64.jar:/home/runner/.m2/repository/org/apache/commons/commons-compress/1.21/commons-compress-1.21.jar:/home/runner/.m2/repository/org/apache/ozone/hdds-common/1.5.0-SNAPSHOT/hdds-common-1.5.0-SNAPSHOT.jar:/home/runner/.m2/repository/org/apache/ozone/hdds-client/1.5.0-SNAPSHOT/hdds-client-1.5.0-SNAPSHOT.jar:/home/runner/.m2/repository/org/apache/ozone/ozone-interface-client/1.5.0-SNAPSHOT/ozone-interface-client-1.5.0-SNAPSHOT.jar:/home/runner/.m2/repository/org/apache/hadoop/hadoop-hdfs-client/3.3.6/hadoop-hdfs-client-3.3.6.jar:/home/runner/.m2/repository/com/squareup/okhttp3/okhttp/4.12.0/okhttp-4.12.0.jar:/home/runner/.m2/repository/com/squareup/okio/okio/3.6.0/okio-3.6.0.jar:/home/runner/.m2/repository/com/squareup/okio/okio-jvm/3.6.0/okio-jvm-3.6.0.jar:/home/runner/.m2/repository/org/jetbrains/kotlin/kotlin-stdlib-jdk8/1.9.22/kotlin-stdlib-jdk8-1.9.22.jar:/home/runner/.m2/repository/org/jetbrains/kotlin/kotlin-stdlib-jdk7/1.9.22/kotlin-stdlib-jdk7-1.9.22.jar:/home/runner/.m2/repository/org/jetbrains/kotlin/kotlin-stdlib-common/1.9.22/kotlin-stdlib-common-1.9.22.jar:/home/runner/.m2/repository/org/apache/ozone/hdds-test-utils/1.5.0-SNAPSHOT/hdds-test-utils-1.5.0-SNAPSHOT.jar:/home/runner/.m2/repository/com/google/guava/guava/32.0.0-jre/guava-32.0.0-jre.jar:/home/runner/.m2/repository/com/google/guava/failureaccess/1.0.1/failureaccess-1.0.1.jar:/home/runner/.m2/repository/com/google/guava/listenablefuture/9999.0-empty-to-avoid-conflict-with-guava/listenablefuture-9999.0-empty-to-avoid-conflict-with-guava.jar:/home/runner/.m2/repository/com/google/code/findbugs/jsr305/3.0.0/jsr305-3.0.0.jar:/home/runner/.m2/repository/org/checkerframework/checker-qual/3.33.0/checker-qual-3.33.0.jar:/home/runner/.m2/repository/com/google/j2objc/j2objc-annotations/2.8/j2objc-annotations-2.8.jar:/home/runner/.m2/repository/commons-io/commons-io/2.11.0/commons-io-2.11.0.jar:/home/runner/.m2/repository/commons-logging/commons-logging/1.2/commons-logging-1.2.jar:/home/runner/.m2/repository/ch/qos/reload4j/reload4j/1.2.25/reload4j-1.2.25.jar:/home/runner/.m2/repository/org/slf4j/slf4j-api/1.7.36/slf4j-api-1.7.36.jar:/home/runner/.m2/repository/org/apache/logging/log4j/log4j-api/2.17.1/log4j-api-2.17.1.jar:/home/runner/.m2/repository/org/apache/ozone/hdds-server-scm/1.5.0-SNAPSHOT/hdds-server-scm-1.5.0-SNAPSHOT.jar:/home/runner/.m2/repository/org/apache/ozone/hdds-container-service/1.5.0-SNAPSHOT/hdds-container-service-1.5.0-SNAPSHOT.jar:/home/runner/.m2/repository/org/apache/ozone/hdds-hadoop-dependency-server/1.5.0-SNAPSHOT/hdds-hadoop-dependency-server-1.5.0-SNAPSHOT.jar:/home/runner/.m2/repository/org/apache/hadoop/hadoop-hdfs/3.3.6/hadoop-hdfs-3.3.6.jar:/home/runner/.m2/repository/commons-daemon/commons-daemon/1.0.13/commons-daemon-1.0.13.jar:/home/runner/.m2/repository/org/apache/ozone/hdds-server-framework/1.5.0-SNAPSHOT/hdds-server-framework-1.5.0-SNAPSHOT.jar:/home/runner/.m2/repository/io/dropwizard/metrics/metrics-core/3.2.4/metrics-core-3.2.4.jar:/home/runner/.m2/repository/org/apache/commons/commons-text/1.10.0/commons-text-1.10.0.jar:/home/runner/.m2/repository/org/bouncycastle/bcprov-jdk15on/1.67/bcprov-jdk15on-1.67.jar:/home/runner/.m2/repository/com/google/protobuf/protobuf-java/2.5.0/protobuf-java-2.5.0.jar:/home/runner/.m2/repository/org/apache/ozone/hdds-server-framework/1.5.0-SNAPSHOT/hdds-server-framework-1.5.0-SNAPSHOT-tests.jar:/home/runner/.m2/repository/org/apache/ozone/hdds-interface-server/1.5.0-SNAPSHOT/hdds-interface-server-1.5.0-SNAPSHOT.jar:/home/runner/.m2/repository/org/apache/ozone/hdds-interface-admin/1.5.0-SNAPSHOT/hdds-interface-admin-1.5.0-SNAPSHOT.jar:/home/runner/.m2/repository/org/apache/ozone/hdds-managed-rocksdb/1.5.0-SNAPSHOT/hdds-managed-rocksdb-1.5.0-SNAPSHOT.jar:/home/runner/.m2/repository/org/rocksdb/rocksdbjni/7.7.3/rocksdbjni-7.7.3.jar:/home/runner/.m2/repository/org/slf4j/slf4j-reload4j/1.7.36/slf4j-reload4j-1.7.36.jar:/home/runner/.m2/repository/org/apache/commons/commons-configuration2/2.1.1/commons-configuration2-2.1.1.jar:/home/runner/.m2/repository/commons-fileupload/commons-fileupload/1.5/commons-fileupload-1.5.jar:/home/runner/.m2/repository/org/apache/logging/log4j/log4j-core/2.17.1/log4j-core-2.17.1.jar:/home/runner/.m2/repository/com/lmax/disruptor/3.4.2/disruptor-3.4.2.jar:/home/runner/.m2/repository/org/eclipse/jetty/jetty-util/9.4.53.v20231009/jetty-util-9.4.53.v20231009.jar:/home/runner/.m2/repository/org/eclipse/jetty/jetty-server/9.4.53.v20231009/jetty-server-9.4.53.v20231009.jar:/home/runner/.m2/repository/org/eclipse/jetty/jetty-http/9.4.53.v20231009/jetty-http-9.4.53.v20231009.jar:/home/runner/.m2/repository/org/eclipse/jetty/jetty-io/9.4.53.v20231009/jetty-io-9.4.53.v20231009.jar:/home/runner/.m2/repository/org/eclipse/jetty/jetty-servlet/9.4.53.v20231009/jetty-servlet-9.4.53.v20231009.jar:/home/runner/.m2/repository/org/eclipse/jetty/jetty-security/9.4.53.v20231009/jetty-security-9.4.53.v20231009.jar:/home/runner/.m2/repository/org/eclipse/jetty/jetty-util-ajax/9.4.53.v20231009/jetty-util-ajax-9.4.53.v20231009.jar:/home/runner/.m2/repository/org/eclipse/jetty/jetty-webapp/9.4.53.v20231009/jetty-webapp-9.4.53.v20231009.jar:/home/runner/.m2/repository/org/eclipse/jetty/jetty-xml/9.4.53.v20231009/jetty-xml-9.4.53.v20231009.jar:/home/runner/.m2/repository/org/apache/ratis/ratis-server/3.0.0/ratis-server-3.0.0.jar:/home/runner/.m2/repository/org/apache/ratis/ratis-thirdparty-misc/1.0.5/ratis-thirdparty-misc-1.0.5.jar:/home/runner/.m2/repository/org/apache/ratis/ratis-proto/3.0.0/ratis-proto-3.0.0.jar:/home/runner/.m2/repository/org/apache/ratis/ratis-common/3.0.0/ratis-common-3.0.0.jar:/home/runner/.m2/repository/org/apache/ratis/ratis-client/3.0.0/ratis-client-3.0.0.jar:/home/runner/.m2/repository/org/apache/ratis/ratis-server-api/3.0.0/ratis-server-api-3.0.0.jar:/home/runner/.m2/repository/org/apache/ratis/ratis-metrics-api/3.0.0/ratis-metrics-api-3.0.0.jar:/home/runner/.m2/repository/org/apache/ratis/ratis-metrics-dropwizard3/3.0.0/ratis-metrics-dropwizard3-3.0.0.jar:/home/runner/.m2/repository/io/prometheus/simpleclient_dropwizard/0.7.0/simpleclient_dropwizard-0.7.0.jar:/home/runner/.m2/repository/io/prometheus/simpleclient/0.7.0/simpleclient-0.7.0.jar:/home/runner/.m2/repository/io/prometheus/simpleclient_common/0.7.0/simpleclient_common-0.7.0.jar:/home/runner/.m2/repository/com/fasterxml/jackson/datatype/jackson-datatype-jsr310/2.13.4/jackson-datatype-jsr310-2.13.4.jar:/home/runner/.m2/repository/com/fasterxml/jackson/core/jackson-core/2.13.4/jackson-core-2.13.4.jar:/home/runner/.m2/repository/org/apache/ozone/rocksdb-checkpoint-differ/1.5.0-SNAPSHOT/rocksdb-checkpoint-differ-1.5.0-SNAPSHOT.jar:/home/runner/.m2/repository/org/jgrapht/jgrapht-core/1.0.1/jgrapht-core-1.0.1.jar:/home/runner/.m2/repository/org/jgrapht/jgrapht-ext/1.0.1/jgrapht-ext-1.0.1.jar:/home/runner/.m2/repository/org/tinyjee/jgraphx/jgraphx/2.0.0.1/jgraphx-2.0.0.1.jar:/home/runner/.m2/repository/jgraph/jgraph/5.13.0.0/jgraph-5.13.0.0.jar:/home/runner/.m2/repository/org/antlr/antlr4-runtime/4.5.3/antlr4-runtime-4.5.3.jar:/home/runner/.m2/repository/org/awaitility/awaitility/4.2.0/awaitility-4.2.0.jar:/home/runner/.m2/repository/org/hamcrest/hamcrest/2.1/hamcrest-2.1.jar:/home/runner/.m2/repository/org/apache/ozone/ozone-manager/1.5.0-SNAPSHOT/ozone-manager-1.5.0-SNAPSHOT.jar:/home/runner/.m2/repository/org/aspectj/aspectjrt/1.9.7/aspectjrt-1.9.7.jar:/home/runner/.m2/repository/org/aspectj/aspectjweaver/1.9.7/aspectjweaver-1.9.7.jar:/home/runner/.m2/repository/org/apache/ozone/hdds-interface-client/1.5.0-SNAPSHOT/hdds-interface-client-1.5.0-SNAPSHOT.jar:/home/runner/.m2/repository/org/apache/hadoop/thirdparty/hadoop-shaded-protobuf_3_7/1.1.1/hadoop-shaded-protobuf_3_7-1.1.1.jar:/home/runner/.m2/repository/org/apache/ozone/ozone-interface-storage/1.5.0-SNAPSHOT/ozone-interface-storage-1.5.0-SNAPSHOT.jar:/home/runner/.m2/repository/org/reflections/reflections/0.9.11/reflections-0.9.11.jar:/home/runner/.m2/repository/com/sun/jersey/jersey-client/1.19.4/jersey-client-1.19.4.jar:/home/runner/.m2/repository/org/codehaus/jackson/jackson-core-asl/1.9.13/jackson-core-asl-1.9.13.jar:/home/runner/.m2/repository/org/codehaus/jackson/jackson-mapper-asl/1.9.13/jackson-mapper-asl-1.9.13.jar:/home/runner/.m2/repository/org/codehaus/jackson/jackson-jaxrs/1.9.13/jackson-jaxrs-1.9.13.jar:/home/runner/.m2/repository/org/apache/ranger/ranger-intg/2.3.0/ranger-intg-2.3.0.jar:/home/runner/.m2/repository/org/apache/ranger/ranger-plugins-common/2.3.0/ranger-plugins-common-2.3.0.jar:/home/runner/.m2/repository/commons-lang/commons-lang/2.6/commons-lang-2.6.jar:/home/runner/.m2/repository/org/apache/ranger/ranger-plugins-cred/2.3.0/ranger-plugins-cred-2.3.0.jar:/home/runner/.m2/repository/org/apache/ranger/ranger-plugins-audit/2.3.0/ranger-plugins-audit-2.3.0.jar:/home/runner/.m2/repository/org/eclipse/jetty/jetty-client/9.4.53.v20231009/jetty-client-9.4.53.v20231009.jar:/home/runner/.m2/repository/org/apache/httpcomponents/httpmime/4.5.6/httpmime-4.5.6.jar:/home/runner/.m2/repository/org/apache/httpcomponents/httpcore-nio/4.4.16/httpcore-nio-4.4.16.jar:/home/runner/.m2/repository/org/apache/httpcomponents/httpasyncclient/4.1.3/httpasyncclient-4.1.3.jar:/home/runner/.m2/repository/com/carrotsearch/hppc/0.8.0/hppc-0.8.0.jar:/home/runner/.m2/repository/org/apache/orc/orc-core/1.5.8/orc-core-1.5.8.jar:/home/runner/.m2/repository/net/java/dev/jna/jna/5.2.0/jna-5.2.0.jar:/home/runner/.m2/repository/net/java/dev/jna/jna-platform/5.2.0/jna-platform-5.2.0.jar:/home/runner/.m2/repository/com/kstruct/gethostname4j/0.0.2/gethostname4j-0.0.2.jar:/home/runner/.m2/repository/org/apache/ranger/ranger-plugin-classloader/2.3.0/ranger-plugin-classloader-2.3.0.jar:/home/runner/.m2/repository/org/apache/ozone/hdds-rocks-native/1.5.0-SNAPSHOT/hdds-rocks-native-1.5.0-SNAPSHOT.jar:/home/runner/.m2/repository/org/apache/hadoop/hadoop-minikdc/3.3.6/hadoop-minikdc-3.3.6.jar:/home/runner/.m2/repository/org/apache/kerby/kerb-simplekdc/1.0.1/kerb-simplekdc-1.0.1.jar:/home/runner/.m2/repository/org/apache/kerby/kerb-client/1.0.1/kerb-client-1.0.1.jar:/home/runner/.m2/repository/org/apache/kerby/kerby-config/1.0.1/kerby-config-1.0.1.jar:/home/runner/.m2/repository/org/apache/kerby/kerb-common/1.0.1/kerb-common-1.0.1.jar:/home/runner/.m2/repository/org/apache/kerby/kerb-crypto/1.0.1/kerb-crypto-1.0.1.jar:/home/runner/.m2/repository/org/apache/kerby/kerb-util/1.0.1/kerb-util-1.0.1.jar:/home/runner/.m2/repository/org/apache/kerby/token-provider/1.0.1/token-provider-1.0.1.jar:/home/runner/.m2/repository/org/apache/kerby/kerb-admin/1.0.1/kerb-admin-1.0.1.jar:/home/runner/.m2/repository/org/apache/kerby/kerb-server/1.0.1/kerb-server-1.0.1.jar:/home/runner/.m2/repository/org/apache/kerby/kerb-identity/1.0.1/kerb-identity-1.0.1.jar:/home/runner/.m2/repository/org/apache/kerby/kerby-xdr/1.0.1/kerby-xdr-1.0.1.jar:/home/runner/.m2/repository/org/apache/ozone/ozone-s3gateway/1.5.0-SNAPSHOT/ozone-s3gateway-1.5.0-SNAPSHOT.jar:/home/runner/.m2/repository/org/javassist/javassist/3.21.0-GA/javassist-3.21.0-GA.jar:/home/runner/.m2/repository/org/jboss/weld/servlet/weld-servlet-shaded/3.1.9.Final/weld-servlet-shaded-3.1.9.Final.jar:/home/runner/.m2/repository/org/glassfish/jersey/containers/jersey-container-servlet-core/2.41/jersey-container-servlet-core-2.41.jar:/home/runner/.m2/repository/org/glassfish/hk2/external/jakarta.inject/2.6.1/jakarta.inject-2.6.1.jar:/home/runner/.m2/repository/org/glassfish/jersey/core/jersey-common/2.41/jersey-common-2.41.jar:/home/runner/.m2/repository/jakarta/ws/rs/jakarta.ws.rs-api/2.1.6/jakarta.ws.rs-api-2.1.6.jar:/home/runner/.m2/repository/org/glassfish/jersey/ext/cdi/jersey-cdi1x/2.41/jersey-cdi1x-2.41.jar:/home/runner/.m2/repository/org/glassfish/jersey/inject/jersey-hk2/2.41/jersey-hk2-2.41.jar:/home/runner/.m2/repository/org/glassfish/hk2/hk2-locator/2.6.1/hk2-locator-2.6.1.jar:/home/runner/.m2/repository/org/glassfish/jersey/media/jersey-media-jaxb/2.41/jersey-media-jaxb-2.41.jar:/home/runner/.m2/repository/org/glassfish/hk2/osgi-resource-locator/1.0.3/osgi-resource-locator-1.0.3.jar:/home/runner/.m2/repository/org/glassfish/hk2/hk2-api/2.5.0/hk2-api-2.5.0.jar:/home/runner/.m2/repository/org/glassfish/hk2/hk2-utils/2.5.0/hk2-utils-2.5.0.jar:/home/runner/.m2/repository/org/glassfish/hk2/external/aopalliance-repackaged/2.5.0/aopalliance-repackaged-2.5.0.jar:/home/runner/.m2/repository/com/fasterxml/jackson/dataformat/jackson-dataformat-xml/2.13.4/jackson-dataformat-xml-2.13.4.jar:/home/runner/.m2/repository/org/codehaus/woodstox/stax2-api/4.2.2/stax2-api-4.2.2.jar:/home/runner/.m2/repository/com/fasterxml/woodstox/woodstox-core/5.4.0/woodstox-core-5.4.0.jar:/home/runner/.m2/repository/com/fasterxml/jackson/module/jackson-module-jaxb-annotations/2.13.4/jackson-module-jaxb-annotations-2.13.4.jar:/home/runner/.m2/repository/javax/enterprise/cdi-api/2.0/cdi-api-2.0.jar:/home/runner/.m2/repository/javax/el/javax.el-api/3.0.0/javax.el-api-3.0.0.jar:/home/runner/.m2/repository/javax/interceptor/javax.interceptor-api/1.2/javax.interceptor-api-1.2.jar:/home/runner/.m2/repository/javax/inject/javax.inject/1/javax.inject-1.jar:/home/runner/.m2/repository/jakarta/xml/bind/jakarta.xml.bind-api/2.3.3/jakarta.xml.bind-api-2.3.3.jar:/home/runner/.m2/repository/org/glassfish/jaxb/jaxb-runtime/2.3.9/jaxb-runtime-2.3.9.jar:/home/runner/.m2/repository/org/glassfish/jaxb/txw2/2.3.9/txw2-2.3.9.jar:/home/runner/.m2/repository/com/sun/istack/istack-commons-runtime/3.0.12/istack-commons-runtime-3.0.12.jar:/home/runner/.m2/repository/com/sun/activation/jakarta.activation/1.2.2/jakarta.activation-1.2.2.jar:/home/runner/.m2/repository/jakarta/activation/jakarta.activation-api/1.2.2/jakarta.activation-api-1.2.2.jar:/home/runner/.m2/repository/io/grpc/grpc-protobuf/1.58.0/grpc-protobuf-1.58.0.jar:/home/runner/.m2/repository/com/google/api/grpc/proto-google-common-protos/2.22.0/proto-google-common-protos-2.22.0.jar:/home/runner/.m2/repository/io/grpc/grpc-protobuf-lite/1.58.0/grpc-protobuf-lite-1.58.0.jar:/home/runner/.m2/repository/io/grpc/grpc-stub/1.58.0/grpc-stub-1.58.0.jar:/home/runner/.m2/repository/io/netty/netty-transport/4.1.100.Final/netty-transport-4.1.100.Final.jar:/home/runner/.m2/repository/io/netty/netty-resolver/4.1.100.Final/netty-resolver-4.1.100.Final.jar:/home/runner/.m2/repository/org/apache/ozone/ozone-csi/1.5.0-SNAPSHOT/ozone-csi-1.5.0-SNAPSHOT.jar:/home/runner/.m2/repository/com/google/protobuf/protobuf-java-util/3.19.6/protobuf-java-util-3.19.6.jar:/home/runner/.m2/repository/com/google/code/gson/gson/2.9.0/gson-2.9.0.jar:/home/runner/.m2/repository/org/apache/ozone/hdds-config/1.5.0-SNAPSHOT/hdds-config-1.5.0-SNAPSHOT.jar:/home/runner/.m2/repository/io/netty/netty-transport-native-epoll/4.1.100.Final/netty-transport-native-epoll-4.1.100.Final-linux-x86_64.jar:/home/runner/.m2/repository/io/netty/netty-transport-classes-epoll/4.1.100.Final/netty-transport-classes-epoll-4.1.100.Final.jar:/home/runner/.m2/repository/io/netty/netty-transport-native-unix-common/4.1.100.Final/netty-transport-native-unix-common-4.1.100.Final.jar:/home/runner/.m2/repository/org/apache/ozone/ozone-recon/1.5.0-SNAPSHOT/ozone-recon-1.5.0-SNAPSHOT.jar:/home/runner/.m2/repository/org/apache/ozone/ozone-reconcodegen/1.5.0-SNAPSHOT/ozone-reconcodegen-1.5.0-SNAPSHOT.jar:/home/runner/.m2/repository/com/google/inject/guice/5.1.0/guice-5.1.0.jar:/home/runner/.m2/repository/aopalliance/aopalliance/1.0/aopalliance-1.0.jar:/home/runner/.m2/repository/com/google/inject/extensions/guice-assistedinject/5.1.0/guice-assistedinject-5.1.0.jar:/home/runner/.m2/repository/com/google/inject/extensions/guice-servlet/5.1.0/guice-servlet-5.1.0.jar:/home/runner/.m2/repository/org/glassfish/jersey/containers/jersey-container-servlet/2.41/jersey-container-servlet-2.41.jar:/home/runner/.m2/repository/org/glassfish/hk2/guice-bridge/2.5.0/guice-bridge-2.5.0.jar:/home/runner/.m2/repository/org/glassfish/jersey/core/jersey-server/2.41/jersey-server-2.41.jar:/home/runner/.m2/repository/org/glassfish/jersey/core/jersey-client/2.41/jersey-client-2.41.jar:/home/runner/.m2/repository/jakarta/annotation/jakarta.annotation-api/1.3.5/jakarta.annotation-api-1.3.5.jar:/home/runner/.m2/repository/jakarta/validation/jakarta.validation-api/2.0.2/jakarta.validation-api-2.0.2.jar:/home/runner/.m2/repository/org/glassfish/jersey/media/jersey-media-json-jackson/2.41/jersey-media-json-jackson-2.41.jar:/home/runner/.m2/repository/org/glassfish/jersey/ext/jersey-entity-filtering/2.41/jersey-entity-filtering-2.41.jar:/home/runner/.m2/repository/org/jooq/jooq/3.11.10/jooq-3.11.10.jar:/home/runner/.m2/repository/org/jooq/jooq-meta/3.11.10/jooq-meta-3.11.10.jar:/home/runner/.m2/repository/org/jooq/jooq-codegen/3.11.10/jooq-codegen-3.11.10.jar:/home/runner/.m2/repository/com/jolbox/bonecp/0.8.0.RELEASE/bonecp-0.8.0.RELEASE.jar:/home/runner/.m2/repository/org/apache/derby/derby/10.14.2.0/derby-10.14.2.0.jar:/home/runner/.m2/repository/org/xerial/sqlite-jdbc/3.44.1.0/sqlite-jdbc-3.44.1.0.jar:/home/runner/.m2/repository/org/springframework/spring-jdbc/5.3.27/spring-jdbc-5.3.27.jar:/home/runner/.m2/repository/org/springframework/spring-beans/5.3.27/spring-beans-5.3.27.jar:/home/runner/.m2/repository/org/springframework/spring-core/5.3.27/spring-core-5.3.27.jar:/home/runner/.m2/repository/org/springframework/spring-tx/5.3.27/spring-tx-5.3.27.jar:/home/runner/.m2/repository/org/apache/ozone/ozone-client/1.5.0-SNAPSHOT/ozone-client-1.5.0-SNAPSHOT.jar:/home/runner/.m2/repository/org/apache/ozone/hdds-erasurecode/1.5.0-SNAPSHOT/hdds-erasurecode-1.5.0-SNAPSHOT.jar:/home/runner/.m2/repository/org/apache/ozone/ozone-filesystem/1.5.0-SNAPSHOT/ozone-filesystem-1.5.0-SNAPSHOT.jar:/home/runner/.m2/repository/org/apache/ozone/ozone-filesystem-common/1.5.0-SNAPSHOT/ozone-filesystem-common-1.5.0-SNAPSHOT.jar:/home/runner/.m2/repository/org/apache/ozone/ozone-tools/1.5.0-SNAPSHOT/ozone-tools-1.5.0-SNAPSHOT.jar:/home/runner/.m2/repository/com/amazonaws/aws-java-sdk-core/1.12.261/aws-java-sdk-core-1.12.261.jar:/home/runner/.m2/repository/org/apache/httpcomponents/httpclient/4.5.13/httpclient-4.5.13.jar:/home/runner/.m2/repository/org/apache/httpcomponents/httpcore/4.4.16/httpcore-4.4.16.jar:/home/runner/.m2/repository/software/amazon/ion/ion-java/1.0.2/ion-java-1.0.2.jar:/home/runner/.m2/repository/com/fasterxml/jackson/dataformat/jackson-dataformat-cbor/2.13.4/jackson-dataformat-cbor-2.13.4.jar:/home/runner/.m2/repository/joda-time/joda-time/2.12.5/joda-time-2.12.5.jar:/home/runner/.m2/repository/com/amazonaws/aws-java-sdk-s3/1.12.261/aws-java-sdk-s3-1.12.261.jar:/home/runner/.m2/repository/com/amazonaws/aws-java-sdk-kms/1.12.261/aws-java-sdk-kms-1.12.261.jar:/home/runner/.m2/repository/com/amazonaws/jmespath-java/1.12.261/jmespath-java-1.12.261.jar:/home/runner/.m2/repository/org/kohsuke/metainf-services/metainf-services/1.8/metainf-services-1.8.jar:/home/runner/.m2/repository/org/apache/ozone/hdds-tools/1.5.0-SNAPSHOT/hdds-tools-1.5.0-SNAPSHOT.jar:/home/runner/.m2/repository/org/apache/ratis/ratis-tools/3.0.0/ratis-tools-3.0.0.jar:/home/runner/.m2/repository/commons-cli/commons-cli/1.6.0/commons-cli-1.6.0.jar:/home/runner/.m2/repository/org/apache/commons/commons-lang3/3.14.0/commons-lang3-3.14.0.jar:/home/runner/.m2/repository/org/apache/ozone/ozone-manager/1.5.0-SNAPSHOT/ozone-manager-1.5.0-SNAPSHOT-tests.jar:/home/runner/.m2/repository/org/apache/ozone/hdds-common/1.5.0-SNAPSHOT/hdds-common-1.5.0-SNAPSHOT-tests.jar:/home/runner/.m2/repository/org/apache/ozone/hdds-hadoop-dependency-client/1.5.0-SNAPSHOT/hdds-hadoop-dependency-client-1.5.0-SNAPSHOT.jar:/home/runner/.m2/repository/info/picocli/picocli/4.7.5/picocli-4.7.5.jar:/home/runner/.m2/repository/com/fasterxml/jackson/core/jackson-annotations/2.13.4/jackson-annotations-2.13.4.jar:/home/runner/.m2/repository/org/apache/ozone/hdds-annotation-processing/1.5.0-SNAPSHOT/hdds-annotation-processing-1.5.0-SNAPSHOT.jar:/home/runner/.m2/repository/javax/annotation/javax.annotation-api/1.3.2/javax.annotation-api-1.3.2.jar:/home/runner/.m2/repository/org/apache/ratis/ratis-netty/3.0.0/ratis-netty-3.0.0.jar:/home/runner/.m2/repository/org/apache/ratis/ratis-grpc/3.0.0/ratis-grpc-3.0.0.jar:/home/runner/.m2/repository/org/apache/commons/commons-pool2/2.6.0/commons-pool2-2.6.0.jar:/home/runner/.m2/repository/org/bouncycastle/bcpkix-jdk15on/1.67/bcpkix-jdk15on-1.67.jar:/home/runner/.m2/repository/commons-validator/commons-validator/1.6/commons-validator-1.6.jar:/home/runner/.m2/repository/commons-beanutils/commons-beanutils/1.9.4/commons-beanutils-1.9.4.jar:/home/runner/.m2/repository/commons-digester/commons-digester/1.8.1/commons-digester-1.8.1.jar:/home/runner/.m2/repository/commons-collections/commons-collections/3.2.2/commons-collections-3.2.2.jar:/home/runner/.m2/repository/io/jaegertracing/jaeger-client/1.6.0/jaeger-client-1.6.0.jar:/home/runner/.m2/repository/io/jaegertracing/jaeger-thrift/1.6.0/jaeger-thrift-1.6.0.jar:/home/runner/.m2/repository/org/apache/thrift/libthrift/0.14.1/libthrift-0.14.1.jar:/home/runner/.m2/repository/io/jaegertracing/jaeger-core/1.6.0/jaeger-core-1.6.0.jar:/home/runner/.m2/repository/io/jaegertracing/jaeger-tracerresolver/1.6.0/jaeger-tracerresolver-1.6.0.jar:/home/runner/.m2/repository/io/opentracing/contrib/opentracing-tracerresolver/0.1.8/opentracing-tracerresolver-0.1.8.jar:/home/runner/.m2/repository/org/jetbrains/kotlin/kotlin-stdlib/1.9.22/kotlin-stdlib-1.9.22.jar:/home/runner/.m2/repository/org/jetbrains/annotations/13.0/annotations-13.0.jar:/home/runner/.m2/repository/io/opentracing/opentracing-util/0.33.0/opentracing-util-0.33.0.jar:/home/runner/.m2/repository/io/opentracing/opentracing-api/0.33.0/opentracing-api-0.33.0.jar:/home/runner/.m2/repository/io/opentracing/opentracing-noop/0.33.0/opentracing-noop-0.33.0.jar:/home/runner/.m2/repository/org/yaml/snakeyaml/2.0/snakeyaml-2.0.jar:/home/runner/.m2/repository/io/grpc/grpc-api/1.58.0/grpc-api-1.58.0.jar:/home/runner/.m2/repository/junit/junit/4.13.1/junit-4.13.1.jar:/home/runner/.m2/repository/org/hamcrest/hamcrest-core/1.3/hamcrest-core-1.3.jar:/home/runner/.m2/repository/org/junit/jupiter/junit-jupiter-api/5.10.1/junit-jupiter-api-5.10.1.jar:/home/runner/.m2/repository/org/opentest4j/opentest4j/1.3.0/opentest4j-1.3.0.jar:/home/runner/.m2/repository/org/junit/platform/junit-platform-commons/1.10.1/junit-platform-commons-1.10.1.jar:/home/runner/.m2/repository/org/apiguardian/apiguardian-api/1.1.2/apiguardian-api-1.1.2.jar:/home/runner/.m2/repository/org/junit/jupiter/junit-jupiter-params/5.10.1/junit-jupiter-params-5.10.1.jar:/home/runner/.m2/repository/org/junit/jupiter/junit-jupiter-migrationsupport/5.10.1/junit-jupiter-migrationsupport-5.10.1.jar:/home/runner/.m2/repository/org/junit/jupiter/junit-jupiter-engine/5.10.1/junit-jupiter-engine-5.10.1.jar:/home/runner/.m2/repository/org/junit/platform/junit-platform-engine/1.10.1/junit-platform-engine-1.10.1.jar:/home/runner/.m2/repository/org/junit/vintage/junit-vintage-engine/5.10.1/junit-vintage-engine-5.10.1.jar:/home/runner/.m2/repository/org/junit/platform/junit-platform-launcher/1.10.1/junit-platform-launcher-1.10.1.jar:/home/runner/.m2/repository/org/mockito/mockito-core/3.5.9/mockito-core-3.5.9.jar:/home/runner/.m2/repository/net/bytebuddy/byte-buddy/1.10.13/byte-buddy-1.10.13.jar:/home/runner/.m2/repository/net/bytebuddy/byte-buddy-agent/1.10.13/byte-buddy-agent-1.10.13.jar:/home/runner/.m2/repository/org/objenesis/objenesis/1.0/objenesis-1.0.jar:/home/runner/.m2/repository/org/apache/hadoop/hadoop-kms/3.3.6/hadoop-kms-3.3.6.jar:/home/runner/.m2/repository/org/apache/hadoop/hadoop-auth/3.3.6/hadoop-auth-3.3.6.jar:/home/runner/.m2/repository/com/nimbusds/nimbus-jose-jwt/9.8.1/nimbus-jose-jwt-9.8.1.jar:/home/runner/.m2/repository/com/github/stephenc/jcip/jcip-annotations/1.0-1/jcip-annotations-1.0-1.jar:/home/runner/.m2/repository/org/apache/zookeeper/zookeeper/3.7.2/zookeeper-3.7.2.jar:/home/runner/.m2/repository/org/apache/zookeeper/zookeeper-jute/3.7.2/zookeeper-jute-3.7.2.jar:/home/runner/.m2/repository/org/apache/yetus/audience-annotations/0.12.0/audience-annotations-0.12.0.jar:/home/runner/.m2/repository/org/apache/curator/curator-framework/4.2.0/curator-framework-4.2.0.jar:/home/runner/.m2/repository/org/apache/hadoop/thirdparty/hadoop-shaded-guava/1.1.1/hadoop-shaded-guava-1.1.1.jar:/home/runner/.m2/repository/com/sun/jersey/jersey-core/1.19.4/jersey-core-1.19.4.jar:/home/runner/.m2/repository/javax/ws/rs/jsr311-api/1.1.1/jsr311-api-1.1.1.jar:/home/runner/.m2/repository/com/sun/jersey/jersey-server/1.19.4/jersey-server-1.19.4.jar:/home/runner/.m2/repository/javax/servlet/javax.servlet-api/3.1.0/javax.servlet-api-3.1.0.jar:/home/runner/.m2/repository/org/apache/hadoop/hadoop-common/3.3.6/hadoop-common-3.3.6.jar:/home/runner/.m2/repository/org/apache/commons/commons-math3/3.1.1/commons-math3-3.1.1.jar:/home/runner/.m2/repository/commons-net/commons-net/3.10.0/commons-net-3.10.0.jar:/home/runner/.m2/repository/com/sun/jersey/jersey-servlet/1.19.4/jersey-servlet-1.19.4.jar:/home/runner/.m2/repository/com/github/pjfanning/jersey-json/1.20/jersey-json-1.20.jar:/home/runner/.m2/repository/org/codehaus/jettison/jettison/1.1/jettison-1.1.jar:/home/runner/.m2/repository/com/sun/xml/bind/jaxb-impl/2.2.3-1/jaxb-impl-2.2.3-1.jar:/home/runner/.m2/repository/com/google/re2j/re2j/1.1/re2j-1.1.jar:/home/runner/.m2/repository/com/jcraft/jsch/0.1.54/jsch-0.1.54.jar:/home/runner/.m2/repository/org/apache/curator/curator-client/4.2.0/curator-client-4.2.0.jar:/home/runner/.m2/repository/org/apache/curator/curator-recipes/5.2.0/curator-recipes-5.2.0.jar:/home/runner/.m2/repository/org/apache/kerby/kerb-core/1.0.1/kerb-core-1.0.1.jar:/home/runner/.m2/repository/org/apache/kerby/kerby-pkix/1.0.1/kerby-pkix-1.0.1.jar:/home/runner/.m2/repository/org/apache/kerby/kerby-asn1/1.0.1/kerby-asn1-1.0.1.jar:/home/runner/.m2/repository/org/apache/kerby/kerby-util/1.0.1/kerby-util-1.0.1.jar:/home/runner/.m2/repository/dnsjava/dnsjava/2.1.7/dnsjava-2.1.7.jar:/home/runner/.m2/repository/org/xerial/snappy/snappy-java/1.1.8.2/snappy-java-1.1.8.2.jar:/home/runner/.m2/repository/com/fasterxml/jackson/core/jackson-databind/2.13.4.2/jackson-databind-2.13.4.2.jar:/home/runner/.m2/repository/org/apache/hadoop/hadoop-kms/3.3.6/hadoop-kms-3.3.6-tests.jar:/home/runner/.m2/repository/org/apache/ozone/hdds-server-scm/1.5.0-SNAPSHOT/hdds-server-scm-1.5.0-SNAPSHOT-tests.jar:/home/runner/.m2/repository/org/apache/ozone/hdds-container-service/1.5.0-SNAPSHOT/hdds-container-service-1.5.0-SNAPSHOT-tests.jar:/home/runner/.m2/repository/com/github/luben/zstd-jni/1.5.2-5/zstd-jni-1.5.2-5.jar:/home/runner/.m2/repository/commons-codec/commons-codec/1.15/commons-codec-1.15.jar:/home/runner/.m2/repository/io/netty/netty-codec/4.1.100.Final/netty-codec-4.1.100.Final.jar:/home/runner/.m2/repository/io/netty/netty-handler/4.1.100.Final/netty-handler-4.1.100.Final.jar:/home/runner/.m2/repository/org/apache/ozone/hdds-hadoop-dependency-test/1.5.0-SNAPSHOT/hdds-hadoop-dependency-test-1.5.0-SNAPSHOT.jar:/home/runner/.m2/repository/org/apache/hadoop/hadoop-common/3.3.6/hadoop-common-3.3.6-tests.jar:/home/runner/.m2/repository/org/apache/hadoop/hadoop-hdfs/3.3.6/hadoop-hdfs-3.3.6-tests.jar:/home/runner/.m2/repository/org/assertj/assertj-core/3.12.2/assertj-core-3.12.2.jar:/home/runner/.m2/repository/org/apache/hadoop/hadoop-distcp/3.3.6/hadoop-distcp-3.3.6.jar:/home/runner/.m2/repository/org/apache/hadoop/hadoop-mapreduce-client-jobclient/3.3.6/hadoop-mapreduce-client-jobclient-3.3.6.jar:/home/runner/.m2/repository/org/apache/hadoop/hadoop-mapreduce-client-common/3.3.6/hadoop-mapreduce-client-common-3.3.6.jar:/home/runner/.m2/repository/org/apache/hadoop/hadoop-yarn-common/3.3.6/hadoop-yarn-common-3.3.6.jar:/home/runner/.m2/repository/org/apache/hadoop/hadoop-yarn-api/3.3.6/hadoop-yarn-api-3.3.6.jar:/home/runner/.m2/repository/javax/xml/bind/jaxb-api/2.2.11/jaxb-api-2.2.11.jar:/home/runner/.m2/repository/com/sun/jersey/contribs/jersey-guice/1.19.4/jersey-guice-1.19.4.jar:/home/runner/.m2/repository/com/fasterxml/jackson/jaxrs/jackson-jaxrs-json-provider/2.13.4/jackson-jaxrs-json-provider-2.13.4.jar:/home/runner/.m2/repository/com/fasterxml/jackson/jaxrs/jackson-jaxrs-base/2.13.4/jackson-jaxrs-base-2.13.4.jar:/home/runner/.m2/repository/org/apache/hadoop/hadoop-yarn-client/3.3.6/hadoop-yarn-client-3.3.6.jar:/home/runner/.m2/repository/org/eclipse/jetty/websocket/websocket-client/9.4.51.v20230217/websocket-client-9.4.51.v20230217.jar:/home/runner/.m2/repository/org/eclipse/jetty/websocket/websocket-common/9.4.51.v20230217/websocket-common-9.4.51.v20230217.jar:/home/runner/.m2/repository/org/eclipse/jetty/websocket/websocket-api/9.4.51.v20230217/websocket-api-9.4.51.v20230217.jar:/home/runner/.m2/repository/org/jline/jline/3.9.0/jline-3.9.0.jar:/home/runner/.m2/repository/org/apache/hadoop/hadoop-mapreduce-client-core/3.3.6/hadoop-mapreduce-client-core-3.3.6.jar:/home/runner/.m2/repository/org/apache/avro/avro/1.7.7/avro-1.7.7.jar:/home/runner/.m2/repository/com/thoughtworks/paranamer/paranamer/2.3/paranamer-2.3.jar:/home/runner/.m2/repository/org/apache/hadoop/hadoop-annotations/3.3.6/hadoop-annotations-3.3.6.jar:/usr/lib/jvm/temurin-8-jdk-amd64/jre/../lib/tools.jar:/home/runner/.m2/repository/io/netty/netty/3.10.6.Final/netty-3.10.6.Final.jar:/home/runner/.m2/repository/org/apache/hadoop/hadoop-distcp/3.3.6/hadoop-distcp-3.3.6-tests.jar:/home/runner/.m2/repository/org/slf4j/jul-to-slf4j/1.7.36/jul-to-slf4j-1.7.36.jar:/home/runner/work/ozone/ozone/hadoop-ozone/integration-test/target/gradle-enterprise/test-listeners.jar:"/>
    <property name="sun.cpu.endian" value="little"/>
    <property name="user.home" value="/home/runner"/>
    <property name="user.language" value="en"/>
    <property name="java.specification.vendor" value="Oracle Corporation"/>
    <property name="java.home" value="/usr/lib/jvm/temurin-8-jdk-amd64/jre"/>
    <property name="java.security.krb5.conf" value="/home/runner/work/ozone/ozone/hadoop-ozone/integration-test/target/test-classes/krb5.conf"/>
    <property name="file.separator" value="/"/>
    <property name="basedir" value="/home/runner/work/ozone/ozone/hadoop-ozone/integration-test"/>
    <property name="line.separator" value="&#10;"/>
    <property name="java.vm.specification.vendor" value="Oracle Corporation"/>
    <property name="java.specification.name" value="Java Platform API Specification"/>
    <property name="skip.installnpx" value="true"/>
    <property name="java.awt.graphicsenv" value="sun.awt.X11GraphicsEnvironment"/>
    <property name="surefire.fork.timeout" value="3600"/>
    <property name="surefire.real.class.path" value="/home/runner/work/ozone/ozone/hadoop-ozone/integration-test/target/surefire/surefirebooter-20231228084501948_98.jar:/home/runner/.m2/repository/org/jacoco/org.jacoco.agent/0.8.5/org.jacoco.agent-0.8.5-runtime.jar"/>
    <property name="sun.boot.class.path" value="/usr/lib/jvm/temurin-8-jdk-amd64/jre/lib/resources.jar:/usr/lib/jvm/temurin-8-jdk-amd64/jre/lib/rt.jar:/usr/lib/jvm/temurin-8-jdk-amd64/jre/lib/sunrsasign.jar:/usr/lib/jvm/temurin-8-jdk-amd64/jre/lib/jsse.jar:/usr/lib/jvm/temurin-8-jdk-amd64/jre/lib/jce.jar:/usr/lib/jvm/temurin-8-jdk-amd64/jre/lib/charsets.jar:/usr/lib/jvm/temurin-8-jdk-amd64/jre/lib/jfr.jar:/usr/lib/jvm/temurin-8-jdk-amd64/jre/classes"/>
    <property name="hadoop.log.dir" value="/home/runner/work/ozone/ozone/hadoop-ozone/integration-test/target/log"/>
    <property name="sun.management.compiler" value="HotSpot 64-Bit Tiered Compilers"/>
    <property name="java.runtime.version" value="1.8.0_392-b08"/>
    <property name="skip.npx" value="true"/>
    <property name="user.name" value="runner"/>
    <property name="java.net.preferIPv4Stack" value="true"/>
    <property name="path.separator" value=":"/>
    <property name="java.security.egd" value="file:///dev/urandom"/>
    <property name="os.version" value="5.15.0-1053-azure"/>
    <property name="java.endorsed.dirs" value="/usr/lib/jvm/temurin-8-jdk-amd64/jre/lib/endorsed"/>
    <property name="java.runtime.name" value="OpenJDK Runtime Environment"/>
    <property name="com.gradle.maven.scan.extension.test.listener.junitplatform.NestedExecutionSafeDelegatingTestExecutionListener" value="39bd738b"/>
    <property name="file.encoding" value="UTF-8"/>
    <property name="java.vm.name" value="OpenJDK 64-Bit Server VM"/>
    <property name="test.build.webapps" value=""/>
    <property name="localRepository" value="/home/runner/.m2/repository"/>
    <property name="gradle.enterprise.listener.port" value="40505"/>
    <property name="jetty.git.hash" value="27bde00a0b95a1d5bbee0eae7984f891d2d0f8c9"/>
    <property name="java.vendor.url.bug" value="https://github.com/adoptium/adoptium-support/issues"/>
    <property name="require.test.libhadoop" value=""/>
    <property name="java.io.tmpdir" value="/tmp"/>
    <property name="java.version" value="1.8.0_392"/>
    <property name="surefire.rerunFailingTestsCount" value="5"/>
    <property name="user.dir" value="/home/runner/work/ozone/ozone/hadoop-ozone/integration-test"/>
    <property name="os.arch" value="amd64"/>
    <property name="test.build.classes" value="/home/runner/work/ozone/ozone/hadoop-ozone/integration-test/target/test-classes"/>
    <property name="java.vm.specification.name" value="Java Virtual Machine Specification"/>
    <property name="java.awt.printerjob" value="sun.print.PSPrinterJob"/>
    <property name="sun.os.patch.level" value="unknown"/>
    <property name="org.apache.ratis.thirdparty.io.netty.allocator.useCacheForAllThreads" value="false"/>
    <property name="hadoop.tmp.dir" value="/home/runner/work/ozone/ozone/hadoop-ozone/integration-test/target/tmp"/>
    <property name="java.library.path" value="/usr/java/packages/lib/amd64:/usr/lib64:/lib64:/lib:/usr/lib"/>
    <property name="java.vendor" value="Temurin"/>
    <property name="java.vm.info" value="mixed mode"/>
    <property name="java.vm.version" value="25.392-b08"/>
    <property name="java.specification.maintenance.version" value="5"/>
    <property name="sun.io.unicode.encoding" value="UnicodeLittle"/>
    <property name="java.ext.dirs" value="/usr/lib/jvm/temurin-8-jdk-amd64/jre/lib/ext:/usr/java/packages/lib/ext"/>
    <property name="java.class.version" value="52.0"/>
  </properties>
  <testcase name="testWatchForCommitWithKeyWrite" classname="org.apache.hadoop.ozone.client.rpc.TestWatchForCommit" time="42.158"/>
  <testcase name="testWatchForCommitForRetryfailure" classname="org.apache.hadoop.ozone.client.rpc.TestWatchForCommit" time="30.654">
    <flakyFailure message="expected: &lt;false&gt; but was: &lt;true&gt;" type="org.opentest4j.AssertionFailedError">
      <stackTrace><![CDATA[org.opentest4j.AssertionFailedError: expected: <false> but was: <true>
	at org.junit.jupiter.api.AssertionFailureBuilder.build(AssertionFailureBuilder.java:151)
	at org.junit.jupiter.api.AssertionFailureBuilder.buildAndThrow(AssertionFailureBuilder.java:132)
	at org.junit.jupiter.api.AssertFalse.failNotFalse(AssertFalse.java:63)
	at org.junit.jupiter.api.AssertFalse.assertFalse(AssertFalse.java:36)
	at org.junit.jupiter.api.AssertFalse.assertFalse(AssertFalse.java:31)
	at org.junit.jupiter.api.Assertions.assertFalse(Assertions.java:231)
	at org.apache.hadoop.ozone.client.rpc.TestWatchForCommit.testWatchForCommitForRetryfailure(TestWatchForCommit.java:293)
	at java.lang.reflect.Method.invoke(Method.java:498)
	at java.util.ArrayList.forEach(ArrayList.java:1259)
	at java.util.ArrayList.forEach(ArrayList.java:1259)
]]></stackTrace>
      <system-out><![CDATA[2023-12-28 09:08:18,104 [main] WARN  server.ServerUtils (ServerUtils.java:getScmDbDir(155)) - ozone.scm.db.dirs is not configured. We recommend adding this setting. Falling back to ozone.metadata.dirs instead.
2023-12-28 09:08:18,107 [main] WARN  server.ServerUtils (ServerUtils.java:getScmDbDir(155)) - ozone.scm.db.dirs is not configured. We recommend adding this setting. Falling back to ozone.metadata.dirs instead.
2023-12-28 09:08:18,108 [main] INFO  ha.SCMHANodeDetails (SCMHANodeDetails.java:loadSCMHAConfig(210)) - ServiceID for StorageContainerManager is null
2023-12-28 09:08:18,108 [main] INFO  ha.SCMHANodeDetails (SCMHANodeDetails.java:loadSCMHAConfig(215)) - ozone.scm.default.service.id is not defined, falling back to ozone.scm.service.ids to find serviceID for StorageContainerManager if it is HA enabled cluster
2023-12-28 09:08:18,108 [main] WARN  utils.HAUtils (HAUtils.java:getMetaDir(339)) - ozone.scm.db.dirs is not configured. We recommend adding this setting. Falling back to ozone.metadata.dirs instead.
2023-12-28 09:08:18,109 [main] WARN  db.DBStoreBuilder (DBStoreBuilder.java:applyDBDefinition(167)) - ozone.scm.db.dirs is not configured. We recommend adding this setting. Falling back to ozone.metadata.dirs instead.
2023-12-28 09:08:18,189 [main] INFO  net.NodeSchemaLoader (NodeSchemaLoader.java:loadSchemaFromFile(129)) - Loading schema from [jar:file:/home/runner/.m2/repository/org/apache/ozone/hdds-common/1.5.0-SNAPSHOT/hdds-common-1.5.0-SNAPSHOT.jar!/network-topology-default.xml]
2023-12-28 09:08:18,190 [main] INFO  net.NodeSchemaLoader (NodeSchemaLoader.java:loadSchema(176)) - Loading network topology layer schema file
2023-12-28 09:08:18,192 [main] INFO  upgrade.AbstractLayoutVersionManager (AbstractLayoutVersionManager.java:init(83)) - Initializing Layout version manager with metadata layout = HADOOP_PRC_PORTS_IN_DATANODEDETAILS (version = 7), software layout = HADOOP_PRC_PORTS_IN_DATANODEDETAILS (version = 7)
2023-12-28 09:08:18,194 [main] INFO  ha.SequenceIdGenerator (SequenceIdGenerator.java:upgradeToSequenceId(370)) - upgrade localId to 111677748019200000
2023-12-28 09:08:18,195 [main] INFO  ha.SequenceIdGenerator (SequenceIdGenerator.java:upgradeToSequenceId(380)) - upgrade delTxnId to 0
2023-12-28 09:08:18,196 [main] INFO  ha.SequenceIdGenerator (SequenceIdGenerator.java:upgradeToSequenceId(397)) - upgrade containerId to 0
2023-12-28 09:08:18,198 [main] INFO  ha.SequenceIdGenerator (SequenceIdGenerator.java:upgradeToCertificateSequenceId(444)) - upgrade CertificateId to 2
2023-12-28 09:08:18,198 [main] INFO  ha.SequenceIdGenerator (SequenceIdGenerator.java:<init>(241)) - Init the HA SequenceIdGenerator.
2023-12-28 09:08:18,199 [main] INFO  node.SCMNodeManager (SCMNodeManager.java:<init>(173)) - Entering startup safe mode.
2023-12-28 09:08:18,199 [main] INFO  algorithms.ContainerPlacementPolicyFactory (ContainerPlacementPolicyFactory.java:getPolicyInternal(86)) - Create container placement policy of type org.apache.hadoop.hdds.scm.container.placement.algorithms.SCMContainerPlacementRackAware
2023-12-28 09:08:18,200 [main] INFO  algorithms.ContainerPlacementPolicyFactory (ContainerPlacementPolicyFactory.java:getPolicyInternal(86)) - Create container placement policy of type org.apache.hadoop.hdds.scm.container.placement.algorithms.SCMContainerPlacementRackScatter
2023-12-28 09:08:18,200 [main] INFO  pipeline.PipelineStateManagerImpl (PipelineStateManagerImpl.java:initialize(78)) - No pipeline exists in current db
2023-12-28 09:08:18,200 [main] INFO  algorithms.LeaderChoosePolicyFactory (LeaderChoosePolicyFactory.java:getPolicy(57)) - Create leader choose policy of type org.apache.hadoop.hdds.scm.pipeline.leader.choose.algorithms.MinLeaderCountChoosePolicy
2023-12-28 09:08:18,200 [main] INFO  algorithms.ContainerPlacementPolicyFactory (ContainerPlacementPolicyFactory.java:getPolicyInternal(86)) - Create container placement policy of type org.apache.hadoop.hdds.scm.container.placement.algorithms.SCMContainerPlacementRackScatter
2023-12-28 09:08:18,200 [main] INFO  ha.SCMServiceManager (SCMServiceManager.java:register(42)) - Registering service BackgroundPipelineCreator.
2023-12-28 09:08:18,201 [main] INFO  pipeline.BackgroundPipelineCreator (BackgroundPipelineCreator.java:start(127)) - Starting RatisPipelineUtilsThread.
2023-12-28 09:08:18,201 [main] INFO  BackgroundPipelineScrubber (BackgroundSCMService.java:start(68)) - Starting BackgroundPipelineScrubber Service.
2023-12-28 09:08:18,201 [main] INFO  ha.SCMServiceManager (SCMServiceManager.java:register(42)) - Registering service BackgroundPipelineScrubber.
2023-12-28 09:08:18,201 [main] INFO  ExpiredContainerReplicaOpScrubber (BackgroundSCMService.java:start(68)) - Starting ExpiredContainerReplicaOpScrubber Service.
2023-12-28 09:08:18,201 [main] INFO  ha.SCMServiceManager (SCMServiceManager.java:register(42)) - Registering service ExpiredContainerReplicaOpScrubber.
2023-12-28 09:08:18,202 [main] INFO  algorithms.PipelineChoosePolicyFactory (PipelineChoosePolicyFactory.java:createPipelineChoosePolicyFromClass(78)) - Create pipeline choose policy of type org.apache.hadoop.hdds.scm.pipeline.choose.algorithms.RandomPipelineChoosePolicy
2023-12-28 09:08:18,202 [main] INFO  algorithms.PipelineChoosePolicyFactory (PipelineChoosePolicyFactory.java:createPipelineChoosePolicyFromClass(78)) - Create pipeline choose policy of type org.apache.hadoop.hdds.scm.pipeline.choose.algorithms.RandomPipelineChoosePolicy
2023-12-28 09:08:18,203 [main] INFO  ha.SCMServiceManager (SCMServiceManager.java:register(42)) - Registering service SCMBlockDeletingService.
2023-12-28 09:08:18,203 [main] INFO  replication.ReplicationManager (ReplicationManager.java:start(294)) - Starting Replication Monitor Thread.
2023-12-28 09:08:18,207 [ReplicationMonitor] INFO  replication.ReplicationManager (ReplicationManager.java:processAll(369)) - Replication Manager is not ready to run until 3000ms after safemode exit
2023-12-28 09:08:18,207 [main] INFO  ha.SCMServiceManager (SCMServiceManager.java:register(42)) - Registering service ReplicationManager.
2023-12-28 09:08:18,207 [main] INFO  safemode.ContainerSafeModeRule (ContainerSafeModeRule.java:<init>(91)) - containers with one replica threshold count 0
2023-12-28 09:08:18,208 [main] INFO  safemode.HealthyPipelineSafeModeRule (HealthyPipelineSafeModeRule.java:initializeRule(176)) - Total pipeline count is 0, healthy pipeline threshold count is 1
2023-12-28 09:08:18,209 [main] INFO  safemode.OneReplicaPipelineSafeModeRule (OneReplicaPipelineSafeModeRule.java:initializeRule(193)) - Total pipeline count is 0, pipeline's with at least one datanode reported threshold count is 0
2023-12-28 09:08:18,209 [main] INFO  server.StorageContainerManager (StorageContainerManager.java:<init>(438)) - SCM start with adminUsers: [runner]
2023-12-28 09:08:18,210 [main] INFO  ipc.CallQueueManager (CallQueueManager.java:<init>(90)) - Using callQueue: class java.util.concurrent.LinkedBlockingQueue, queueCapacity: 2000, scheduler: class org.apache.hadoop.ipc.DefaultRpcScheduler, ipcBackoff: false.
2023-12-28 09:08:18,210 [main] INFO  ipc.Server (Server.java:<init>(1287)) - Listener at 0.0.0.0:15091
2023-12-28 09:08:18,211 [Socket Reader #1 for port 15091] INFO  ipc.Server (Server.java:run(1323)) - Starting Socket Reader #1 for port 15091
2023-12-28 09:08:18,212 [main] INFO  ipc.CallQueueManager (CallQueueManager.java:<init>(90)) - Using callQueue: class java.util.concurrent.LinkedBlockingQueue, queueCapacity: 2000, scheduler: class org.apache.hadoop.ipc.DefaultRpcScheduler, ipcBackoff: false.
2023-12-28 09:08:18,212 [main] INFO  ipc.Server (Server.java:<init>(1287)) - Listener at 0.0.0.0:15090
2023-12-28 09:08:18,213 [Socket Reader #1 for port 15090] INFO  ipc.Server (Server.java:run(1323)) - Starting Socket Reader #1 for port 15090
2023-12-28 09:08:18,216 [main] INFO  ipc.CallQueueManager (CallQueueManager.java:<init>(90)) - Using callQueue: class java.util.concurrent.LinkedBlockingQueue, queueCapacity: 2000, scheduler: class org.apache.hadoop.ipc.DefaultRpcScheduler, ipcBackoff: false.
2023-12-28 09:08:18,216 [main] INFO  ipc.Server (Server.java:<init>(1287)) - Listener at 0.0.0.0:15089
2023-12-28 09:08:18,219 [Socket Reader #1 for port 15089] INFO  ipc.Server (Server.java:run(1323)) - Starting Socket Reader #1 for port 15089
2023-12-28 09:08:18,224 [main] INFO  ha.SCMServiceManager (SCMServiceManager.java:register(42)) - Registering service ContainerBalancer.
2023-12-28 09:08:18,227 [main] INFO  server.StorageContainerManager (StorageContainerManager.java:<init>(451)) - 
Container Balancer status:
Key                            Value
Running                        false
Container Balancer Configuration values:
Key                                                Value
Threshold                                          10
Max Datanodes to Involve per Iteration(percent)    20
Max Size to Move per Iteration                     500GB
Max Size Entering Target per Iteration             26GB
Max Size Leaving Source per Iteration              26GB
Number of Iterations                               10
Time Limit for Single Container's Movement         65min
Time Limit for Single Container's Replication      50min
Interval between each Iteration                    70min
Whether to Enable Network Topology                 false
Whether to Trigger Refresh Datanode Usage Info     false
Container IDs to Exclude from Balancing            None
Datanodes Specified to be Balanced                 None
Datanodes Excluded from Balancing                  None

2023-12-28 09:08:18,227 [main] INFO  ha.SCMContext (SCMContext.java:updateSafeModeStatus(230)) - Update SafeModeStatus from SafeModeStatus{safeModeStatus=true, preCheckPassed=false} to SafeModeStatus{safeModeStatus=true, preCheckPassed=false}.
2023-12-28 09:08:18,228 [main] INFO  server.StorageContainerManager (StorageContainerManager.java:start(1519)) - StorageContainerLocationProtocol RPC server is listening at /0.0.0.0:15089
2023-12-28 09:08:18,230 [main] WARN  impl.MetricsConfig (MetricsConfig.java:loadFirst(136)) - Cannot locate configuration: tried hadoop-metrics2-storagecontainermanager.properties,hadoop-metrics2.properties
2023-12-28 09:08:18,230 [main] INFO  impl.MetricsSystemImpl (MetricsSystemImpl.java:startTimer(378)) - Scheduled Metric snapshot period at 10 second(s).
2023-12-28 09:08:18,231 [main] INFO  impl.MetricsSystemImpl (MetricsSystemImpl.java:start(191)) - StorageContainerManager metrics system started
2023-12-28 09:08:18,235 [main] INFO  impl.MetricsSinkAdapter (MetricsSinkAdapter.java:start(204)) - Sink prometheus started
2023-12-28 09:08:18,235 [main] INFO  impl.MetricsSystemImpl (MetricsSystemImpl.java:registerSink(305)) - Registered sink prometheus
2023-12-28 09:08:18,259 [main] INFO  server.SCMClientProtocolServer (SCMClientProtocolServer.java:start(201)) - RPC server for Client  is listening at /0.0.0.0:15089
2023-12-28 09:08:18,263 [IPC Server listener on 15089] INFO  ipc.Server (Server.java:run(1402)) - IPC Server listener on 15089: starting
2023-12-28 09:08:18,263 [IPC Server Responder] INFO  ipc.Server (Server.java:run(1562)) - IPC Server Responder: starting
2023-12-28 09:08:18,267 [main] INFO  server.StorageContainerManager (StorageContainerManager.java:start(1532)) - ScmBlockLocationProtocol RPC server is listening at /0.0.0.0:15090
2023-12-28 09:08:18,268 [main] INFO  server.SCMBlockProtocolServer (SCMBlockProtocolServer.java:start(159)) - RPC server for Block Protocol is listening at /0.0.0.0:15090
2023-12-28 09:08:18,268 [IPC Server Responder] INFO  ipc.Server (Server.java:run(1562)) - IPC Server Responder: starting
2023-12-28 09:08:18,268 [IPC Server listener on 15090] INFO  ipc.Server (Server.java:run(1402)) - IPC Server listener on 15090: starting
2023-12-28 09:08:18,270 [main] INFO  server.SCMDatanodeProtocolServer (SCMDatanodeProtocolServer.java:start(193)) - ScmDatanodeProtocol RPC server for DataNodes is listening at /0.0.0.0:15091
2023-12-28 09:08:18,270 [IPC Server Responder] INFO  ipc.Server (Server.java:run(1562)) - IPC Server Responder: starting
2023-12-28 09:08:18,270 [IPC Server listener on 15091] INFO  ipc.Server (Server.java:run(1402)) - IPC Server listener on 15091: starting
2023-12-28 09:08:18,276 [JvmPauseMonitor11] INFO  util.JvmPauseMonitor (JvmPauseMonitor.java:run(146)) - JvmPauseMonitor-1772f412-7c8e-4419-a6f4-37a215393e5d: Started
2023-12-28 09:08:18,276 [main] INFO  http.BaseHttpServer (BaseHttpServer.java:newHttpServer2BuilderForOzone(223)) - Starting Web-server for scm at: http://0.0.0.0:15092
2023-12-28 09:08:18,277 [main] INFO  http.BaseHttpServer (BaseHttpServer.java:<init>(110)) - Hadoop Security Enabled: false Ozone Security Enabled: false Ozone HTTP Security Enabled: false 
2023-12-28 09:08:18,278 [main] WARN  server.AuthenticationFilter (AuthenticationFilter.java:constructSecretProvider(240)) - Unable to initialize FileSignerSecretProvider, falling back to use random secrets. Reason: Could not read signature secret file: /home/runner/hadoop-http-auth-signature-secret
2023-12-28 09:08:18,278 [main] INFO  http.HttpRequestLog (HttpRequestLog.java:getRequestLog(86)) - Http request log for http.requests.scm is not defined
2023-12-28 09:08:18,280 [main] INFO  http.HttpServer2 (HttpServer2.java:addGlobalFilter(1036)) - Added global filter 'safety' (class=org.apache.hadoop.hdds.server.http.HttpServer2$QuotingInputFilter)
2023-12-28 09:08:18,280 [main] INFO  http.HttpServer2 (HttpServer2.java:addFilter(1012)) - Added filter static_user_filter (class=org.apache.hadoop.http.lib.StaticUserWebFilter$StaticUserFilter) to context scm
2023-12-28 09:08:18,280 [main] INFO  http.HttpServer2 (HttpServer2.java:addFilter(1020)) - Added filter static_user_filter (class=org.apache.hadoop.http.lib.StaticUserWebFilter$StaticUserFilter) to context static
2023-12-28 09:08:18,280 [main] INFO  http.HttpServer2 (HttpServer2.java:addFilter(1020)) - Added filter static_user_filter (class=org.apache.hadoop.http.lib.StaticUserWebFilter$StaticUserFilter) to context logs
2023-12-28 09:08:18,281 [main] INFO  http.BaseHttpServer (BaseHttpServer.java:<init>(189)) - HTTP server of scm uses base directory /home/runner/work/ozone/ozone/hadoop-ozone/integration-test/target/test-dir/MiniOzoneClusterImpl-8986566a-fb65-479a-a2d4-a5d5d2c03f68/ozone-meta/webserver
2023-12-28 09:08:18,281 [main] INFO  http.HttpServer2 (HttpServer2.java:bindListener(1236)) - Jetty bound to port 15092
2023-12-28 09:08:18,281 [main] INFO  server.Server (Server.java:doStart(375)) - jetty-9.4.53.v20231009; built: 2023-10-09T12:29:09.265Z; git: 27bde00a0b95a1d5bbee0eae7984f891d2d0f8c9; jvm 1.8.0_392-b08
2023-12-28 09:08:18,283 [main] INFO  server.session (DefaultSessionIdManager.java:doStart(334)) - DefaultSessionIdManager workerName=node0
2023-12-28 09:08:18,283 [main] INFO  server.session (DefaultSessionIdManager.java:doStart(339)) - No SessionScavenger set, using defaults
2023-12-28 09:08:18,283 [main] INFO  server.session (HouseKeeper.java:startScavenging(132)) - node0 Scavenging every 600000ms
2023-12-28 09:08:18,284 [main] INFO  handler.ContextHandler (ContextHandler.java:doStart(921)) - Started o.e.j.s.ServletContextHandler@2c10a7ca{logs,/logs,file:///home/runner/work/ozone/ozone/hadoop-ozone/integration-test/target/log,AVAILABLE}
2023-12-28 09:08:18,284 [main] INFO  handler.ContextHandler (ContextHandler.java:doStart(921)) - Started o.e.j.s.ServletContextHandler@23b8a609{static,/static,file:///home/runner/work/ozone/ozone/hadoop-ozone/integration-test/target/test-classes/webapps/static,AVAILABLE}
2023-12-28 09:08:18,287 [main] INFO  handler.ContextHandler (ContextHandler.java:doStart(921)) - Started o.e.j.w.WebAppContext@29a6a4aa{scm,/,file:///home/runner/work/ozone/ozone/hadoop-ozone/integration-test/target/test-classes/webapps/scm/,AVAILABLE}{file:/home/runner/work/ozone/ozone/hadoop-ozone/integration-test/target/test-classes/webapps/scm}
2023-12-28 09:08:18,288 [main] INFO  server.AbstractConnector (AbstractConnector.java:doStart(333)) - Started ServerConnector@dfbc62{HTTP/1.1, (http/1.1)}{0.0.0.0:15092}
2023-12-28 09:08:18,288 [main] INFO  server.Server (Server.java:doStart(415)) - Started @43306ms
2023-12-28 09:08:18,288 [main] WARN  impl.MetricsSystemImpl (MetricsSystemImpl.java:register(279)) - Sink prometheus already exists!
2023-12-28 09:08:18,289 [main] INFO  http.BaseHttpServer (BaseHttpServer.java:updateConnectorAddress(354)) - HTTP server of scm listening at http://0.0.0.0:15092
2023-12-28 09:08:18,289 [main] WARN  server.ServerUtils (ServerUtils.java:getDBPath(311)) - ozone.om.db.dirs is not configured. We recommend adding this setting. Falling back to ozone.metadata.dirs instead.
2023-12-28 09:08:18,290 [main] INFO  ha.OMHANodeDetails (OMHANodeDetails.java:loadOMHAConfig(115)) - ozone.om.internal.service.id is not defined, falling back to ozone.om.service.ids to find serviceID for OzoneManager if it is HA enabled cluster
2023-12-28 09:08:18,290 [main] INFO  ha.OMHANodeDetails (OMHANodeDetails.java:loadOMHAConfig(226)) - Configuration does not have ozone.om.address set. Falling back to the default OM address /127.0.0.1:15093
2023-12-28 09:08:18,290 [main] INFO  ha.OMHANodeDetails (OMHANodeDetails.java:getOMNodeDetailsForNonHA(254)) - OM Service ID is not set. Setting it to the default ID: omServiceIdDefault
2023-12-28 09:08:18,291 [main] INFO  ha.OMHANodeDetails (OMHANodeDetails.java:getOMNodeDetailsForNonHA(261)) - OM Node ID is not set. Setting it to the default ID: om1
2023-12-28 09:08:18,291 [main] WARN  server.ServerUtils (ServerUtils.java:getDBPath(311)) - ozone.om.db.dirs is not configured. We recommend adding this setting. Falling back to ozone.metadata.dirs instead.
2023-12-28 09:08:18,294 [main] INFO  upgrade.AbstractLayoutVersionManager (AbstractLayoutVersionManager.java:init(83)) - Initializing Layout version manager with metadata layout = QUOTA (version = 6), software layout = QUOTA (version = 6)
2023-12-28 09:08:18,327 [main] INFO  reflections.Reflections (Reflections.java:scan(232)) - Reflections took 31 ms to scan 2 urls, producing 189 keys and 528 values [using 4 cores]
2023-12-28 09:08:18,327 [main] INFO  upgrade.OMLayoutVersionManager (OMLayoutVersionManager.java:lambda$0(115)) - Skipping Upgrade Action QuotaRepairUpgradeAction since it has been finalized.
2023-12-28 09:08:18,327 [main] INFO  upgrade.OMLayoutVersionManager (OMLayoutVersionManager.java:lambda$0(115)) - Skipping Upgrade Action MockOmUpgradeAction since it has been finalized.
2023-12-28 09:08:18,327 [main] WARN  server.ServerUtils (ServerUtils.java:getDBPath(311)) - ozone.om.db.dirs is not configured. We recommend adding this setting. Falling back to ozone.metadata.dirs instead.
2023-12-28 09:08:18,328 [main] INFO  proxy.SCMBlockLocationFailoverProxyProvider (SCMBlockLocationFailoverProxyProvider.java:<init>(115)) - Created block location fail-over proxy with 1 nodes: [nodeId=scmNodeId,nodeAddress=/0.0.0.0:15090]
2023-12-28 09:08:18,330 [main] INFO  proxy.SCMBlockLocationFailoverProxyProvider (SCMBlockLocationFailoverProxyProvider.java:<init>(115)) - Created block location fail-over proxy with 1 nodes: [nodeId=scmNodeId,nodeAddress=/0.0.0.0:15090]
2023-12-28 09:08:18,334 [main] INFO  om.OzoneManager (OzoneManager.java:<init>(675)) - OM start with adminUsers: [runner]
2023-12-28 09:08:18,335 [main] WARN  server.ServerUtils (ServerUtils.java:getDBPath(311)) - ozone.om.db.dirs is not configured. We recommend adding this setting. Falling back to ozone.metadata.dirs instead.
2023-12-28 09:08:18,336 [main] INFO  helpers.OmKeyInfo (OmKeyInfo.java:getCodec(71)) - OmKeyInfo.getCodec ignorePipeline = true
2023-12-28 09:08:18,495 [main] INFO  om.OzoneManager (OzoneManager.java:instantiateServices(807)) - S3 Multi-Tenancy is disabled
2023-12-28 09:08:18,496 [main] INFO  om.OmSnapshotManager (OmSnapshotManager.java:<init>(176)) - Ozone filesystem snapshot feature is enabled.
2023-12-28 09:08:18,496 [main] WARN  server.ServerUtils (ServerUtils.java:getDBPath(311)) - ozone.om.snapshot.diff.db.dir is not configured. We recommend adding this setting. Falling back to ozone.metadata.dirs instead.
2023-12-28 09:08:18,518 [main] INFO  utils.NativeLibraryLoader (NativeLibraryLoader.java:loadLibrary(108)) - Loading Library: ozone_rocksdb_tools
2023-12-28 09:08:18,519 [main] INFO  snapshot.SnapshotDiffManager (SnapshotDiffManager.java:closeExecutorService(1688)) - Shutting down executorService: 'SstDumpToolExecutor'
2023-12-28 09:08:18,521 [main] INFO  om.OzoneManager (OzoneManager.java:addS3GVolumeToDB(4451)) - Created Volume s3v With Owner runner required for S3Gateway operations.
2023-12-28 09:08:18,521 [main] WARN  server.ServerUtils (ServerUtils.java:getDefaultRatisDirectory(323)) - Storage directory for Ratis is not configured. It is a good idea to map this to an SSD disk. Falling back to ozone.metadata.dirs
2023-12-28 09:08:18,521 [main] WARN  utils.OzoneManagerRatisUtils (OzoneManagerRatisUtils.java:getOMRatisSnapshotDirectory(473)) - ozone.om.ratis.snapshot.dir is not configured. Falling back to ozone.metadata.dirs config
2023-12-28 09:08:18,522 [main] WARN  server.ServerUtils (ServerUtils.java:getDefaultRatisDirectory(323)) - Storage directory for Ratis is not configured. It is a good idea to map this to an SSD disk. Falling back to ozone.metadata.dirs
2023-12-28 09:08:18,523 [main] INFO  ratis.OzoneManagerRatisServer (OzoneManagerRatisServer.java:<init>(168)) - Instantiating OM Ratis server with groupID: omServiceIdDefault and peers: localhost:15096
2023-12-28 09:08:18,523 [main] INFO  ratis.OzoneManagerStateMachine (OzoneManagerStateMachine.java:loadSnapshotInfoFromDB(712)) - TransactionInfo not found in OM DB.
2023-12-28 09:08:18,523 [main] INFO  server.RaftServer (ConfUtils.java:logGet(46)) - raft.rpc.type = GRPC (default)
2023-12-28 09:08:18,524 [main] INFO  grpc.GrpcConfigKeys (ConfUtils.java:logFallback(53)) - raft.grpc.admin.host = null (fallback to raft.grpc.server.host)
2023-12-28 09:08:18,524 [main] INFO  grpc.GrpcConfigKeys (ConfUtils.java:logFallback(53)) - raft.grpc.admin.port = 15096 (fallback to raft.grpc.server.port)
2023-12-28 09:08:18,524 [main] INFO  grpc.GrpcConfigKeys (ConfUtils.java:logFallback(53)) - raft.grpc.client.host = null (fallback to raft.grpc.server.host)
2023-12-28 09:08:18,524 [main] INFO  grpc.GrpcConfigKeys (ConfUtils.java:logFallback(53)) - raft.grpc.client.port = 15096 (fallback to raft.grpc.server.port)
2023-12-28 09:08:18,524 [main] INFO  grpc.GrpcConfigKeys (ConfUtils.java:logGet(46)) - raft.grpc.server.host = null (default)
2023-12-28 09:08:18,524 [main] INFO  grpc.GrpcConfigKeys (ConfUtils.java:logGet(46)) - raft.grpc.server.port = 15096 (custom)
2023-12-28 09:08:18,524 [main] INFO  server.GrpcService (ConfUtils.java:logGet(46)) - raft.grpc.message.size.max = 4194304 (custom)
2023-12-28 09:08:18,525 [main] INFO  server.RaftServerConfigKeys (ConfUtils.java:logGet(46)) - raft.server.log.appender.buffer.byte-limit = 4194304 (custom)
2023-12-28 09:08:18,525 [main] INFO  server.GrpcService (ConfUtils.java:logGet(46)) - raft.grpc.flow.control.window = 1MB (=1048576) (default)
2023-12-28 09:08:18,525 [main] INFO  server.RaftServerConfigKeys (ConfUtils.java:logGet(46)) - raft.server.rpc.request.timeout = 3000ms (default)
2023-12-28 09:08:18,525 [main] INFO  grpc.GrpcConfigKeys (ConfUtils.java:logGet(46)) - raft.grpc.server.heartbeat.channel = true (default)
2023-12-28 09:08:18,526 [main] INFO  grpc.GrpcConfigKeys (ConfUtils.java:logGet(46)) - raft.grpc.server.async.request.thread.pool.cached = true (default)
2023-12-28 09:08:18,526 [main] INFO  grpc.GrpcConfigKeys (ConfUtils.java:logGet(46)) - raft.grpc.server.async.request.thread.pool.size = 32 (default)
2023-12-28 09:08:18,527 [main] INFO  impl.DataStreamServerImpl (ConfUtils.java:logGet(46)) - raft.datastream.type = DISABLED (default)
2023-12-28 09:08:18,528 [main] INFO  server.RaftServerConfigKeys (ConfUtils.java:logGet(46)) - raft.server.sleep.deviation.threshold = 300ms (default)
2023-12-28 09:08:18,528 [main] INFO  server.RaftServerConfigKeys (ConfUtils.java:logGet(46)) - raft.server.close.threshold = 60s (default)
2023-12-28 09:08:18,528 [main] INFO  server.RaftServerConfigKeys (ConfUtils.java:logGet(46)) - raft.server.leaderelection.leader.step-down.wait-time = 10s (default)
2023-12-28 09:08:18,528 [main] INFO  server.RaftServerConfigKeys (ConfUtils.java:logGet(46)) - raft.server.storage.dir = [/home/runner/work/ozone/ozone/hadoop-ozone/integration-test/target/test-dir/MiniOzoneClusterImpl-8986566a-fb65-479a-a2d4-a5d5d2c03f68/ozone-meta/ratis] (custom)
2023-12-28 09:08:18,528 [main] INFO  server.RaftServerConfigKeys (ConfUtils.java:logGet(46)) - raft.server.threadpool.proxy.cached = true (default)
2023-12-28 09:08:18,529 [main] INFO  server.RaftServerConfigKeys (ConfUtils.java:logGet(46)) - raft.server.threadpool.proxy.size = 0 (default)
2023-12-28 09:08:18,529 [main] INFO  server.RaftServer (RaftServerProxy.java:addNew(100)) - om1: addNew group-C5BA1605619E:[om1|localhost:15096] returns group-C5BA1605619E:java.util.concurrent.CompletableFuture@6f108023[Not completed]
2023-12-28 09:08:18,529 [om1-groupManagement] INFO  server.RaftServer$Division (RaftServerImpl.java:<init>(256)) - om1: new RaftServerImpl for group-C5BA1605619E:[om1|localhost:15096] with OzoneManagerStateMachine:uninitialized
2023-12-28 09:08:18,529 [main] INFO  om.OzoneManager (OzoneManager.java:initializeRatisServer(2143)) - OzoneManager Ratis server initialized at port 15096
2023-12-28 09:08:18,529 [om1-groupManagement] INFO  server.RaftServerConfigKeys (ConfUtils.java:logGet(46)) - raft.server.rpc.timeout.min = 1s (custom)
2023-12-28 09:08:18,530 [main] INFO  om.OzoneManager (OzoneManager.java:getRpcServer(1209)) - Creating RPC Server
2023-12-28 09:08:18,530 [om1-groupManagement] INFO  server.RaftServerConfigKeys (ConfUtils.java:logGet(46)) - raft.server.rpc.timeout.max = 1200ms (custom)
2023-12-28 09:08:18,530 [om1-groupManagement] INFO  server.RaftServerConfigKeys (ConfUtils.java:logGet(46)) - raft.server.rpc.sleep.time = 25ms (default)
2023-12-28 09:08:18,530 [om1-groupManagement] INFO  server.RaftServerConfigKeys (ConfUtils.java:logGet(46)) - raft.server.rpc.slowness.timeout = 120s (custom)
2023-12-28 09:08:18,530 [om1-groupManagement] INFO  server.RaftServerConfigKeys (ConfUtils.java:logGet(46)) - raft.server.leaderelection.leader.step-down.wait-time = 10s (default)
2023-12-28 09:08:18,530 [om1-groupManagement] INFO  server.RaftServerConfigKeys (ConfUtils.java:logGet(46)) - raft.server.leaderelection.member.majority-add = false (default)
2023-12-28 09:08:18,530 [om1-groupManagement] INFO  server.RaftServerConfigKeys (ConfUtils.java:logGet(46)) - raft.server.sleep.deviation.threshold = 300ms (default)
2023-12-28 09:08:18,530 [om1-groupManagement] INFO  server.RaftServer$Division (ServerState.java:<init>(113)) - om1@group-C5BA1605619E: ConfigurationManager, init=-1: peers:[om1|localhost:15096]|listeners:[], old=null, confs=<EMPTY_MAP>
2023-12-28 09:08:18,531 [om1-groupManagement] INFO  server.RaftServerConfigKeys (ConfUtils.java:logGet(46)) - raft.server.notification.no-leader.timeout = 120s (custom)
2023-12-28 09:08:18,531 [om1-groupManagement] INFO  server.RaftServerConfigKeys (ConfUtils.java:logGet(46)) - raft.server.read.timeout = 10s (default)
2023-12-28 09:08:18,531 [om1-groupManagement] INFO  server.RaftServerConfigKeys (ConfUtils.java:logGet(46)) - raft.server.retrycache.expirytime = 300s (custom)
2023-12-28 09:08:18,531 [om1-groupManagement] INFO  server.RaftServerConfigKeys (ConfUtils.java:logGet(46)) - raft.server.retrycache.statistics.expirytime = 100ms (default)
2023-12-28 09:08:18,531 [om1-groupManagement] INFO  server.RaftServerConfigKeys (ConfUtils.java:logGet(46)) - raft.server.read.option = DEFAULT (default)
2023-12-28 09:08:18,531 [om1-groupManagement] INFO  server.RaftServerConfigKeys (ConfUtils.java:logGet(46)) - raft.server.read.read-after-write-consistent.write-index-cache.expiry-time = 60s (default)
2023-12-28 09:08:18,532 [om1-groupManagement] INFO  server.RaftServerConfigKeys (ConfUtils.java:logGet(46)) - raft.server.rpc.request.timeout = 3000ms (default)
2023-12-28 09:08:18,532 [om1-groupManagement] INFO  server.RaftServerConfigKeys (ConfUtils.java:logGet(46)) - raft.server.log.appender.install.snapshot.enabled = false (custom)
2023-12-28 09:08:18,532 [om1-groupManagement] INFO  server.RaftServerConfigKeys (ConfUtils.java:logGet(46)) - raft.server.threadpool.server.cached = true (default)
2023-12-28 09:08:18,533 [om1-groupManagement] INFO  server.RaftServerConfigKeys (ConfUtils.java:logGet(46)) - raft.server.threadpool.server.size = 0 (default)
2023-12-28 09:08:18,533 [om1-groupManagement] INFO  server.RaftServerConfigKeys (ConfUtils.java:logGet(46)) - raft.server.threadpool.client.cached = true (default)
2023-12-28 09:08:18,533 [om1-groupManagement] INFO  server.RaftServerConfigKeys (ConfUtils.java:logGet(46)) - raft.server.threadpool.client.size = 0 (default)
2023-12-28 09:08:18,796 [main] INFO  reflections.Reflections (Reflections.java:scan(232)) - Reflections took 265 ms to scan 20 urls, producing 72 keys and 6213 values [using 4 cores]
2023-12-28 09:08:18,797 [main] INFO  ipc.CallQueueManager (CallQueueManager.java:<init>(90)) - Using callQueue: class java.util.concurrent.LinkedBlockingQueue, queueCapacity: 2000, scheduler: class org.apache.hadoop.ipc.DefaultRpcScheduler, ipcBackoff: false.
2023-12-28 09:08:18,797 [main] INFO  ipc.Server (Server.java:<init>(1287)) - Listener at 127.0.0.1:15093
2023-12-28 09:08:18,798 [Socket Reader #1 for port 15093] INFO  ipc.Server (Server.java:run(1323)) - Starting Socket Reader #1 for port 15093
2023-12-28 09:08:18,811 [main] INFO  impl.MetricsSystemImpl (MetricsSystemImpl.java:init(158)) - OzoneManager metrics system started (again)
2023-12-28 09:08:18,819 [main] INFO  om.OzoneManager (OzoneManager.java:start(1631)) - OzoneManager RPC server is listening at localhost/127.0.0.1:15093
2023-12-28 09:08:18,820 [main] INFO  ratis.OzoneManagerRatisServer (OzoneManagerRatisServer.java:start(585)) - Starting OzoneManagerRatisServer om1 at port 15096
2023-12-28 09:08:18,820 [om1-impl-thread1] INFO  server.RaftServerConfigKeys (ConfUtils.java:logGet(46)) - raft.server.storage.free-space.min = 0MB (=0) (default)
2023-12-28 09:08:18,820 [om1-impl-thread1] INFO  server.RaftServerConfigKeys (ConfUtils.java:logGet(46)) - raft.server.log.corruption.policy = EXCEPTION (default)
2023-12-28 09:08:18,820 [om1-impl-thread1] INFO  server.RaftServerConfigKeys (ConfUtils.java:logGet(46)) - raft.server.storage.dir = [/home/runner/work/ozone/ozone/hadoop-ozone/integration-test/target/test-dir/MiniOzoneClusterImpl-8986566a-fb65-479a-a2d4-a5d5d2c03f68/ozone-meta/ratis] (custom)
2023-12-28 09:08:18,820 [om1-impl-thread1] INFO  storage.RaftStorageDirectory (RaftStorageDirectoryImpl.java:analyzeStorage(138)) - The storage directory /home/runner/work/ozone/ozone/hadoop-ozone/integration-test/target/test-dir/MiniOzoneClusterImpl-8986566a-fb65-479a-a2d4-a5d5d2c03f68/ozone-meta/ratis/bf265839-605b-3f16-9796-c5ba1605619e does not exist. Creating ...
2023-12-28 09:08:18,822 [om1-impl-thread1] INFO  storage.RaftStorageDirectory (RaftStorageDirectoryImpl.java:tryLock(232)) - Lock on /home/runner/work/ozone/ozone/hadoop-ozone/integration-test/target/test-dir/MiniOzoneClusterImpl-8986566a-fb65-479a-a2d4-a5d5d2c03f68/ozone-meta/ratis/bf265839-605b-3f16-9796-c5ba1605619e/in_use.lock acquired by nodename 85610@fv-az1384-14
2023-12-28 09:08:18,824 [om1-impl-thread1] INFO  storage.RaftStorage (RaftStorageImpl.java:format(97)) - Storage directory /home/runner/work/ozone/ozone/hadoop-ozone/integration-test/target/test-dir/MiniOzoneClusterImpl-8986566a-fb65-479a-a2d4-a5d5d2c03f68/ozone-meta/ratis/bf265839-605b-3f16-9796-c5ba1605619e has been successfully formatted.
2023-12-28 09:08:18,824 [om1-impl-thread1] INFO  server.RaftServerConfigKeys (ConfUtils.java:logGet(46)) - raft.server.log.use.memory = false (default)
2023-12-28 09:08:18,824 [om1-impl-thread1] INFO  server.RaftServerConfigKeys (ConfUtils.java:logGet(46)) - raft.server.log.purge.gap = 1000000 (custom)
2023-12-28 09:08:18,824 [om1-impl-thread1] INFO  server.RaftServerConfigKeys (ConfUtils.java:logGet(46)) - raft.server.log.appender.buffer.byte-limit = 4194304 (custom)
2023-12-28 09:08:18,824 [om1-impl-thread1] INFO  server.RaftServerConfigKeys (ConfUtils.java:logGet(46)) - raft.server.log.statemachine.data.read.timeout = 1000ms (default)
2023-12-28 09:08:18,824 [om1-impl-thread1] INFO  server.RaftServerConfigKeys (ConfUtils.java:logGet(46)) - raft.server.log.purge.preservation.log.num = 0 (default)
2023-12-28 09:08:18,825 [om1-impl-thread1] INFO  server.RaftServerConfigKeys (ConfUtils.java:logGet(46)) - raft.server.log.segment.size.max = 4194304 (custom)
2023-12-28 09:08:18,825 [om1-impl-thread1] INFO  server.RaftServerConfigKeys (ConfUtils.java:logGet(46)) - raft.server.log.segment.cache.num.max = 2 (custom)
2023-12-28 09:08:18,825 [om1-impl-thread1] INFO  server.RaftServerConfigKeys (ConfUtils.java:logGet(46)) - raft.server.log.segment.cache.size.max = 200MB (=209715200) (default)
2023-12-28 09:08:18,825 [om1-impl-thread1] INFO  server.RaftServerConfigKeys (ConfUtils.java:logGet(46)) - raft.server.log.appender.buffer.byte-limit = 4194304 (custom)
2023-12-28 09:08:18,825 [om1-impl-thread1] INFO  util.AwaitToRun (AwaitToRun.java:start(81)) - Thread[om1@group-C5BA1605619E-cacheEviction-AwaitToRun,5,main] started
2023-12-28 09:08:18,825 [om1-impl-thread1] INFO  segmented.SegmentedRaftLogWorker (SegmentedRaftLogWorker.java:<init>(184)) - new om1@group-C5BA1605619E-SegmentedRaftLogWorker for RaftStorageImpl:Storage Directory /home/runner/work/ozone/ozone/hadoop-ozone/integration-test/target/test-dir/MiniOzoneClusterImpl-8986566a-fb65-479a-a2d4-a5d5d2c03f68/ozone-meta/ratis/bf265839-605b-3f16-9796-c5ba1605619e
2023-12-28 09:08:18,825 [om1-impl-thread1] INFO  server.RaftServerConfigKeys (ConfUtils.java:logGet(46)) - raft.server.log.queue.byte-limit = 64MB (=67108864) (default)
2023-12-28 09:08:18,825 [om1-impl-thread1] INFO  server.RaftServerConfigKeys (ConfUtils.java:logGet(46)) - raft.server.log.queue.element-limit = 4096 (default)
2023-12-28 09:08:18,826 [om1-impl-thread1] INFO  server.RaftServerConfigKeys (ConfUtils.java:logGet(46)) - raft.server.log.segment.size.max = 4194304 (custom)
2023-12-28 09:08:18,826 [om1-impl-thread1] INFO  server.RaftServerConfigKeys (ConfUtils.java:logGet(46)) - raft.server.log.preallocated.size = 4194304 (custom)
2023-12-28 09:08:18,826 [om1-impl-thread1] INFO  server.RaftServerConfigKeys (ConfUtils.java:logGet(46)) - raft.server.log.force.sync.num = 128 (default)
2023-12-28 09:08:18,826 [om1-impl-thread1] INFO  server.RaftServerConfigKeys (ConfUtils.java:logGet(46)) - raft.server.log.statemachine.data.sync = true (default)
2023-12-28 09:08:18,826 [om1-impl-thread1] INFO  server.RaftServerConfigKeys (ConfUtils.java:logGet(46)) - raft.server.log.statemachine.data.sync.timeout = 10s (default)
2023-12-28 09:08:18,826 [om1-impl-thread1] INFO  server.RaftServerConfigKeys (ConfUtils.java:logGet(46)) - raft.server.log.statemachine.data.sync.timeout.retry = -1 (default)
2023-12-28 09:08:18,826 [om1-impl-thread1] INFO  server.RaftServerConfigKeys (ConfUtils.java:logGet(46)) - raft.server.log.write.buffer.size = 4194312 (custom)
2023-12-28 09:08:18,827 [om1-impl-thread1] INFO  server.RaftServerConfigKeys (ConfUtils.java:logGet(46)) - raft.server.log.appender.buffer.byte-limit = 4194304 (custom)
2023-12-28 09:08:18,827 [om1-impl-thread1] INFO  server.RaftServerConfigKeys (ConfUtils.java:logGet(46)) - raft.server.log.unsafe-flush.enabled = false (default)
2023-12-28 09:08:18,827 [om1-impl-thread1] INFO  server.RaftServerConfigKeys (ConfUtils.java:logGet(46)) - raft.server.log.async-flush.enabled = false (default)
2023-12-28 09:08:18,827 [om1-impl-thread1] INFO  server.RaftServerConfigKeys (ConfUtils.java:logGet(46)) - raft.server.log.statemachine.data.caching.enabled = false (default)
2023-12-28 09:08:18,827 [om1-impl-thread1] INFO  segmented.SegmentedRaftLogWorker (SegmentedRaftLogWorker.java:lambda$new$0(135)) - om1@group-C5BA1605619E-SegmentedRaftLogWorker: flushIndex: setUnconditionally 0 -> -1
2023-12-28 09:08:18,827 [om1-impl-thread1] INFO  segmented.SegmentedRaftLogWorker (SegmentedRaftLogWorker.java:lambda$new$0(135)) - om1@group-C5BA1605619E-SegmentedRaftLogWorker: safeCacheEvictIndex: setUnconditionally 0 -> -1
2023-12-28 09:08:18,827 [om1-impl-thread1] INFO  server.RaftServer$Division (RaftServerImpl.java:start(392)) - om1@group-C5BA1605619E: start as a follower, conf=-1: peers:[om1|localhost:15096]|listeners:[], old=null
2023-12-28 09:08:18,828 [om1-impl-thread1] INFO  server.RaftServer$Division (RaftServerImpl.java:setRole(379)) - om1@group-C5BA1605619E: changes role from      null to FOLLOWER at term 0 for startAsFollower
2023-12-28 09:08:18,828 [om1-impl-thread1] INFO  impl.RoleInfo (RoleInfo.java:updateAndGet(139)) - om1: start om1@group-C5BA1605619E-FollowerState
2023-12-28 09:08:18,828 [om1@group-C5BA1605619E-FollowerState] INFO  server.RaftServerConfigKeys (ConfUtils.java:logFallback(53)) - raft.server.rpc.first-election.timeout.min = 1s (fallback to raft.server.rpc.timeout.min)
2023-12-28 09:08:18,828 [om1@group-C5BA1605619E-FollowerState] INFO  server.RaftServerConfigKeys (ConfUtils.java:logFallback(53)) - raft.server.rpc.first-election.timeout.max = 1200ms (fallback to raft.server.rpc.timeout.max)
2023-12-28 09:08:18,829 [om1-impl-thread1] INFO  util.JmxRegister (JmxRegister.java:tryRegister(44)) - Successfully registered JMX Bean with object name Ratis:service=RaftServer,group=group-C5BA1605619E,id=om1
2023-12-28 09:08:18,829 [om1-impl-thread1] INFO  server.RaftServerConfigKeys (ConfUtils.java:logGet(46)) - raft.server.snapshot.trigger-when-stop.enabled = true (default)
2023-12-28 09:08:18,829 [om1-impl-thread1] INFO  server.RaftServerConfigKeys (ConfUtils.java:logGet(46)) - raft.server.snapshot.auto.trigger.enabled = true (custom)
2023-12-28 09:08:18,829 [om1-impl-thread1] INFO  server.RaftServerConfigKeys (ConfUtils.java:logGet(46)) - raft.server.snapshot.auto.trigger.threshold = 400000 (default)
2023-12-28 09:08:18,829 [om1-impl-thread1] INFO  server.RaftServerConfigKeys (ConfUtils.java:logGet(46)) - raft.server.snapshot.retention.file.num = -1 (default)
2023-12-28 09:08:18,829 [om1-impl-thread1] INFO  server.RaftServerConfigKeys (ConfUtils.java:logGet(46)) - raft.server.log.purge.upto.snapshot.index = true (custom)
2023-12-28 09:08:18,830 [main] INFO  server.RaftServer (RaftServerProxy.java:startImpl(406)) - om1: start RPC server
2023-12-28 09:08:18,830 [main] INFO  server.GrpcService (GrpcService.java:startImpl(302)) - om1: GrpcService started, listening on 15096
2023-12-28 09:08:18,831 [JvmPauseMonitor12] INFO  util.JvmPauseMonitor (JvmPauseMonitor.java:run(146)) - JvmPauseMonitor-om1: Started
2023-12-28 09:08:18,831 [main] INFO  om.OzoneManager (OzoneManager.java:start(1647)) - Version File has different layout version (6) than OM DB (null). That is expected if this OM has never been finalized to a newer layout version.
2023-12-28 09:08:18,834 [main] INFO  http.BaseHttpServer (BaseHttpServer.java:newHttpServer2BuilderForOzone(223)) - Starting Web-server for ozoneManager at: http://0.0.0.0:15094
2023-12-28 09:08:18,834 [main] INFO  http.BaseHttpServer (BaseHttpServer.java:<init>(110)) - Hadoop Security Enabled: false Ozone Security Enabled: false Ozone HTTP Security Enabled: false 
2023-12-28 09:08:18,835 [main] WARN  server.AuthenticationFilter (AuthenticationFilter.java:constructSecretProvider(240)) - Unable to initialize FileSignerSecretProvider, falling back to use random secrets. Reason: Could not read signature secret file: /home/runner/hadoop-http-auth-signature-secret
2023-12-28 09:08:18,835 [main] INFO  http.HttpRequestLog (HttpRequestLog.java:getRequestLog(86)) - Http request log for http.requests.ozoneManager is not defined
2023-12-28 09:08:18,836 [main] INFO  http.HttpServer2 (HttpServer2.java:addGlobalFilter(1036)) - Added global filter 'safety' (class=org.apache.hadoop.hdds.server.http.HttpServer2$QuotingInputFilter)
2023-12-28 09:08:18,837 [main] INFO  http.HttpServer2 (HttpServer2.java:addFilter(1012)) - Added filter static_user_filter (class=org.apache.hadoop.http.lib.StaticUserWebFilter$StaticUserFilter) to context ozoneManager
2023-12-28 09:08:18,837 [main] INFO  http.HttpServer2 (HttpServer2.java:addFilter(1020)) - Added filter static_user_filter (class=org.apache.hadoop.http.lib.StaticUserWebFilter$StaticUserFilter) to context static
2023-12-28 09:08:18,837 [main] INFO  http.HttpServer2 (HttpServer2.java:addFilter(1020)) - Added filter static_user_filter (class=org.apache.hadoop.http.lib.StaticUserWebFilter$StaticUserFilter) to context logs
2023-12-28 09:08:18,838 [main] INFO  http.BaseHttpServer (BaseHttpServer.java:<init>(189)) - HTTP server of ozoneManager uses base directory /home/runner/work/ozone/ozone/hadoop-ozone/integration-test/target/test-dir/MiniOzoneClusterImpl-8986566a-fb65-479a-a2d4-a5d5d2c03f68/ozone-meta/webserver
2023-12-28 09:08:18,838 [main] INFO  http.HttpServer2 (HttpServer2.java:bindListener(1236)) - Jetty bound to port 15094
2023-12-28 09:08:18,838 [main] INFO  server.Server (Server.java:doStart(375)) - jetty-9.4.53.v20231009; built: 2023-10-09T12:29:09.265Z; git: 27bde00a0b95a1d5bbee0eae7984f891d2d0f8c9; jvm 1.8.0_392-b08
2023-12-28 09:08:18,846 [main] INFO  server.session (DefaultSessionIdManager.java:doStart(334)) - DefaultSessionIdManager workerName=node0
2023-12-28 09:08:18,846 [main] INFO  server.session (DefaultSessionIdManager.java:doStart(339)) - No SessionScavenger set, using defaults
2023-12-28 09:08:18,846 [main] INFO  server.session (HouseKeeper.java:startScavenging(132)) - node0 Scavenging every 660000ms
2023-12-28 09:08:18,847 [main] INFO  handler.ContextHandler (ContextHandler.java:doStart(921)) - Started o.e.j.s.ServletContextHandler@69cf08a5{logs,/logs,file:///home/runner/work/ozone/ozone/hadoop-ozone/integration-test/target/log,AVAILABLE}
2023-12-28 09:08:18,847 [main] INFO  handler.ContextHandler (ContextHandler.java:doStart(921)) - Started o.e.j.s.ServletContextHandler@2097a9e3{static,/static,file:///home/runner/work/ozone/ozone/hadoop-ozone/integration-test/target/test-classes/webapps/static,AVAILABLE}
2023-12-28 09:08:18,851 [main] INFO  handler.ContextHandler (ContextHandler.java:doStart(921)) - Started o.e.j.w.WebAppContext@2bdcc7d4{ozoneManager,/,file:///home/runner/work/ozone/ozone/hadoop-ozone/integration-test/target/test-classes/webapps/ozoneManager/,AVAILABLE}{file:/home/runner/work/ozone/ozone/hadoop-ozone/integration-test/target/test-classes/webapps/ozoneManager}
2023-12-28 09:08:18,852 [main] INFO  server.AbstractConnector (AbstractConnector.java:doStart(333)) - Started ServerConnector@4d713ced{HTTP/1.1, (http/1.1)}{0.0.0.0:15094}
2023-12-28 09:08:18,852 [main] INFO  server.Server (Server.java:doStart(415)) - Started @43870ms
2023-12-28 09:08:18,852 [main] WARN  impl.MetricsSystemImpl (MetricsSystemImpl.java:register(279)) - Sink prometheus already exists!
2023-12-28 09:08:18,853 [main] INFO  http.BaseHttpServer (BaseHttpServer.java:updateConnectorAddress(354)) - HTTP server of ozoneManager listening at http://0.0.0.0:15094
2023-12-28 09:08:18,853 [IPC Server Responder] INFO  ipc.Server (Server.java:run(1562)) - IPC Server Responder: starting
2023-12-28 09:08:18,854 [IPC Server listener on 15093] INFO  ipc.Server (Server.java:run(1402)) - IPC Server listener on 15093: starting
2023-12-28 09:08:18,855 [main] INFO  om.OzoneManager (OzoneManager.java:startTrashEmptier(2096)) - Trash Interval set to 0. Files deleted won't move to trash
2023-12-28 09:08:18,874 [main] WARN  dropwizard3.Dm3MetricRegistriesImpl (Dm3MetricRegistriesImpl.java:addReporterRegistration(113)) - New reporters are added after registries were created. Some metrics will be missing from the reporter. Please add reporter before adding any new registry.
2023-12-28 09:08:18,874 [main] WARN  dropwizard3.Dm3MetricRegistriesImpl (Dm3MetricRegistriesImpl.java:addReporterRegistration(113)) - New reporters are added after registries were created. Some metrics will be missing from the reporter. Please add reporter before adding any new registry.
2023-12-28 09:08:18,874 [main] INFO  impl.MetricsSystemImpl (MetricsSystemImpl.java:init(158)) - HddsDatanode metrics system started (again)
2023-12-28 09:08:18,884 [main] INFO  ozone.HddsDatanodeService (HddsDatanodeService.java:start(239)) - HddsDatanodeService host:fv-az1384-14.e3qrh24bduyexj1tcof5x1etkc.ex.internal.cloudapp.net ip:10.1.0.14
2023-12-28 09:08:18,903 [main] INFO  upgrade.AbstractLayoutVersionManager (AbstractLayoutVersionManager.java:init(83)) - Initializing Layout version manager with metadata layout = HADOOP_PRC_PORTS_IN_DATANODEDETAILS (version = 7), software layout = HADOOP_PRC_PORTS_IN_DATANODEDETAILS (version = 7)
2023-12-28 09:08:18,903 [main] INFO  statemachine.DatanodeStateMachine (DatanodeStateMachine.java:getEndPointTaskThreadPoolSize(299)) - Datanode State Machine Task Thread Pool size 2
2023-12-28 09:08:18,905 [main] ERROR lib.MethodMetric (MethodMetric.java:snapshot(117)) - Error invoking method getCommitted
java.lang.reflect.InvocationTargetException
	at sun.reflect.GeneratedMethodAccessor85.invoke(Unknown Source)
	at sun.reflect.DelegatingMethodAccessorImpl.invoke(DelegatingMethodAccessorImpl.java:43)
	at java.lang.reflect.Method.invoke(Method.java:498)
	at org.apache.hadoop.metrics2.lib.MethodMetric$2.snapshot(MethodMetric.java:111)
	at org.apache.hadoop.metrics2.lib.MethodMetric.snapshot(MethodMetric.java:142)
	at org.apache.hadoop.metrics2.lib.MetricsRegistry.snapshot(MetricsRegistry.java:447)
	at org.apache.hadoop.metrics2.lib.MetricsSourceBuilder$1.getMetrics(MetricsSourceBuilder.java:89)
	at org.apache.hadoop.metrics2.impl.MetricsSourceAdapter.getMetrics(MetricsSourceAdapter.java:200)
	at org.apache.hadoop.metrics2.impl.MetricsSourceAdapter.updateJmxCache(MetricsSourceAdapter.java:183)
	at org.apache.hadoop.metrics2.impl.MetricsSourceAdapter.getMBeanInfo(MetricsSourceAdapter.java:156)
	at com.sun.jmx.interceptor.DefaultMBeanServerInterceptor.getNewMBeanClassName(DefaultMBeanServerInterceptor.java:333)
	at com.sun.jmx.interceptor.DefaultMBeanServerInterceptor.registerMBean(DefaultMBeanServerInterceptor.java:319)
	at com.sun.jmx.mbeanserver.JmxMBeanServer.registerMBean(JmxMBeanServer.java:522)
	at org.apache.hadoop.metrics2.util.MBeans.register(MBeans.java:100)
	at org.apache.hadoop.metrics2.util.MBeans.register(MBeans.java:73)
	at org.apache.hadoop.metrics2.impl.MetricsSourceAdapter.startMBeans(MetricsSourceAdapter.java:222)
	at org.apache.hadoop.metrics2.impl.MetricsSourceAdapter.start(MetricsSourceAdapter.java:101)
	at org.apache.hadoop.metrics2.impl.MetricsSystemImpl.registerSource(MetricsSystemImpl.java:268)
	at org.apache.hadoop.metrics2.impl.MetricsSystemImpl.register(MetricsSystemImpl.java:233)
	at org.apache.hadoop.ozone.container.common.volume.VolumeInfoMetrics.init(VolumeInfoMetrics.java:50)
	at org.apache.hadoop.ozone.container.common.volume.VolumeInfoMetrics.<init>(VolumeInfoMetrics.java:45)
	at org.apache.hadoop.ozone.container.common.volume.HddsVolume.<init>(HddsVolume.java:123)
	at org.apache.hadoop.ozone.container.common.volume.HddsVolume.<init>(HddsVolume.java:71)
	at org.apache.hadoop.ozone.container.common.volume.HddsVolume$Builder.build(HddsVolume.java:111)
	at org.apache.hadoop.ozone.container.common.volume.HddsVolumeFactory.createVolume(HddsVolumeFactory.java:48)
	at org.apache.hadoop.ozone.container.common.volume.MutableVolumeSet.initializeVolumeSet(MutableVolumeSet.java:170)
	at org.apache.hadoop.ozone.container.common.volume.MutableVolumeSet.<init>(MutableVolumeSet.java:132)
	at org.apache.hadoop.ozone.container.common.volume.MutableVolumeSet.<init>(MutableVolumeSet.java:96)
	at org.apache.hadoop.ozone.container.ozoneimpl.OzoneContainer.<init>(OzoneContainer.java:149)
	at org.apache.hadoop.ozone.container.common.statemachine.DatanodeStateMachine.<init>(DatanodeStateMachine.java:186)
	at org.apache.hadoop.ozone.HddsDatanodeService.start(HddsDatanodeService.java:296)
	at org.apache.hadoop.ozone.MiniOzoneClusterImpl.startHddsDatanode(MiniOzoneClusterImpl.java:489)
	at java.util.ArrayList.forEach(ArrayList.java:1259)
	at org.apache.hadoop.ozone.MiniOzoneClusterImpl.startHddsDatanodes(MiniOzoneClusterImpl.java:497)
	at org.apache.hadoop.ozone.MiniOzoneClusterImpl$Builder.build(MiniOzoneClusterImpl.java:627)
	at org.apache.hadoop.ozone.client.rpc.TestWatchForCommit.init(TestWatchForCommit.java:149)
	at sun.reflect.NativeMethodAccessorImpl.invoke0(Native Method)
	at sun.reflect.NativeMethodAccessorImpl.invoke(NativeMethodAccessorImpl.java:62)
	at sun.reflect.DelegatingMethodAccessorImpl.invoke(DelegatingMethodAccessorImpl.java:43)
	at java.lang.reflect.Method.invoke(Method.java:498)
	at org.junit.platform.commons.util.ReflectionUtils.invokeMethod(ReflectionUtils.java:728)
	at org.junit.jupiter.engine.execution.MethodInvocation.proceed(MethodInvocation.java:60)
	at org.junit.jupiter.engine.execution.InvocationInterceptorChain$ValidatingInvocation.proceed(InvocationInterceptorChain.java:131)
	at org.junit.jupiter.engine.extension.TimeoutExtension.intercept(TimeoutExtension.java:156)
	at org.junit.jupiter.engine.extension.TimeoutExtension.interceptLifecycleMethod(TimeoutExtension.java:128)
	at org.junit.jupiter.engine.extension.TimeoutExtension.interceptBeforeEachMethod(TimeoutExtension.java:78)
	at org.junit.jupiter.engine.execution.InterceptingExecutableInvoker$ReflectiveInterceptorCall.lambda$ofVoidMethod$0(InterceptingExecutableInvoker.java:103)
	at org.junit.jupiter.engine.execution.InterceptingExecutableInvoker.lambda$invoke$0(InterceptingExecutableInvoker.java:93)
	at org.junit.jupiter.engine.execution.InvocationInterceptorChain$InterceptedInvocation.proceed(InvocationInterceptorChain.java:106)
	at org.junit.jupiter.engine.execution.InvocationInterceptorChain.proceed(InvocationInterceptorChain.java:64)
	at org.junit.jupiter.engine.execution.InvocationInterceptorChain.chainAndInvoke(InvocationInterceptorChain.java:45)
	at org.junit.jupiter.engine.execution.InvocationInterceptorChain.invoke(InvocationInterceptorChain.java:37)
	at org.junit.jupiter.engine.execution.InterceptingExecutableInvoker.invoke(InterceptingExecutableInvoker.java:92)
	at org.junit.jupiter.engine.execution.InterceptingExecutableInvoker.invoke(InterceptingExecutableInvoker.java:86)
	at org.junit.jupiter.engine.descriptor.ClassBasedTestDescriptor.invokeMethodInExtensionContext(ClassBasedTestDescriptor.java:521)
	at org.junit.jupiter.engine.descriptor.ClassBasedTestDescriptor.lambda$synthesizeBeforeEachMethodAdapter$23(ClassBasedTestDescriptor.java:506)
	at org.junit.jupiter.engine.descriptor.TestMethodTestDescriptor.lambda$invokeBeforeEachMethods$3(TestMethodTestDescriptor.java:175)
	at org.junit.jupiter.engine.descriptor.TestMethodTestDescriptor.lambda$invokeBeforeMethodsOrCallbacksUntilExceptionOccurs$6(TestMethodTestDescriptor.java:203)
	at org.junit.platform.engine.support.hierarchical.ThrowableCollector.execute(ThrowableCollector.java:73)
	at org.junit.jupiter.engine.descriptor.TestMethodTestDescriptor.invokeBeforeMethodsOrCallbacksUntilExceptionOccurs(TestMethodTestDescriptor.java:203)
	at org.junit.jupiter.engine.descriptor.TestMethodTestDescriptor.invokeBeforeEachMethods(TestMethodTestDescriptor.java:172)
	at org.junit.jupiter.engine.descriptor.TestMethodTestDescriptor.execute(TestMethodTestDescriptor.java:135)
	at org.junit.jupiter.engine.descriptor.TestMethodTestDescriptor.execute(TestMethodTestDescriptor.java:69)
	at org.junit.platform.engine.support.hierarchical.NodeTestTask.lambda$executeRecursively$6(NodeTestTask.java:151)
	at org.junit.platform.engine.support.hierarchical.ThrowableCollector.execute(ThrowableCollector.java:73)
	at org.junit.platform.engine.support.hierarchical.NodeTestTask.lambda$executeRecursively$8(NodeTestTask.java:141)
	at org.junit.platform.engine.support.hierarchical.Node.around(Node.java:137)
	at org.junit.platform.engine.support.hierarchical.NodeTestTask.lambda$executeRecursively$9(NodeTestTask.java:139)
	at org.junit.platform.engine.support.hierarchical.ThrowableCollector.execute(ThrowableCollector.java:73)
	at org.junit.platform.engine.support.hierarchical.NodeTestTask.executeRecursively(NodeTestTask.java:138)
	at org.junit.platform.engine.support.hierarchical.NodeTestTask.execute(NodeTestTask.java:95)
	at java.util.ArrayList.forEach(ArrayList.java:1259)
	at org.junit.platform.engine.support.hierarchical.SameThreadHierarchicalTestExecutorService.invokeAll(SameThreadHierarchicalTestExecutorService.java:41)
	at org.junit.platform.engine.support.hierarchical.NodeTestTask.lambda$executeRecursively$6(NodeTestTask.java:155)
	at org.junit.platform.engine.support.hierarchical.ThrowableCollector.execute(ThrowableCollector.java:73)
	at org.junit.platform.engine.support.hierarchical.NodeTestTask.lambda$executeRecursively$8(NodeTestTask.java:141)
	at org.junit.platform.engine.support.hierarchical.Node.around(Node.java:137)
	at org.junit.platform.engine.support.hierarchical.NodeTestTask.lambda$executeRecursively$9(NodeTestTask.java:139)
	at org.junit.platform.engine.support.hierarchical.ThrowableCollector.execute(ThrowableCollector.java:73)
	at org.junit.platform.engine.support.hierarchical.NodeTestTask.executeRecursively(NodeTestTask.java:138)
	at org.junit.platform.engine.support.hierarchical.NodeTestTask.execute(NodeTestTask.java:95)
	at java.util.ArrayList.forEach(ArrayList.java:1259)
	at org.junit.platform.engine.support.hierarchical.SameThreadHierarchicalTestExecutorService.invokeAll(SameThreadHierarchicalTestExecutorService.java:41)
	at org.junit.platform.engine.support.hierarchical.NodeTestTask.lambda$executeRecursively$6(NodeTestTask.java:155)
	at org.junit.platform.engine.support.hierarchical.ThrowableCollector.execute(ThrowableCollector.java:73)
	at org.junit.platform.engine.support.hierarchical.NodeTestTask.lambda$executeRecursively$8(NodeTestTask.java:141)
	at org.junit.platform.engine.support.hierarchical.Node.around(Node.java:137)
	at org.junit.platform.engine.support.hierarchical.NodeTestTask.lambda$executeRecursively$9(NodeTestTask.java:139)
	at org.junit.platform.engine.support.hierarchical.ThrowableCollector.execute(ThrowableCollector.java:73)
	at org.junit.platform.engine.support.hierarchical.NodeTestTask.executeRecursively(NodeTestTask.java:138)
	at org.junit.platform.engine.support.hierarchical.NodeTestTask.execute(NodeTestTask.java:95)
	at org.junit.platform.engine.support.hierarchical.SameThreadHierarchicalTestExecutorService.submit(SameThreadHierarchicalTestExecutorService.java:35)
	at org.junit.platform.engine.support.hierarchical.HierarchicalTestExecutor.execute(HierarchicalTestExecutor.java:57)
	at org.junit.platform.engine.support.hierarchical.HierarchicalTestEngine.execute(HierarchicalTestEngine.java:54)
	at org.junit.platform.launcher.core.EngineExecutionOrchestrator.execute(EngineExecutionOrchestrator.java:198)
	at org.junit.platform.launcher.core.EngineExecutionOrchestrator.execute(EngineExecutionOrchestrator.java:169)
	at org.junit.platform.launcher.core.EngineExecutionOrchestrator.execute(EngineExecutionOrchestrator.java:93)
	at org.junit.platform.launcher.core.EngineExecutionOrchestrator.lambda$execute$0(EngineExecutionOrchestrator.java:58)
	at org.junit.platform.launcher.core.EngineExecutionOrchestrator.withInterceptedStreams(EngineExecutionOrchestrator.java:141)
	at org.junit.platform.launcher.core.EngineExecutionOrchestrator.execute(EngineExecutionOrchestrator.java:57)
	at org.junit.platform.launcher.core.DefaultLauncher.execute(DefaultLauncher.java:103)
	at org.junit.platform.launcher.core.DefaultLauncher.execute(DefaultLauncher.java:85)
	at org.junit.platform.launcher.core.DelegatingLauncher.execute(DelegatingLauncher.java:47)
	at org.apache.maven.surefire.junitplatform.LazyLauncher.execute(LazyLauncher.java:56)
	at org.apache.maven.surefire.junitplatform.JUnitPlatformProvider.execute(JUnitPlatformProvider.java:184)
	at org.apache.maven.surefire.junitplatform.JUnitPlatformProvider.invokeAllTests(JUnitPlatformProvider.java:148)
	at org.apache.maven.surefire.junitplatform.JUnitPlatformProvider.invoke(JUnitPlatformProvider.java:120)
	at org.apache.maven.surefire.booter.ForkedBooter.runSuitesInProcess(ForkedBooter.java:385)
	at org.apache.maven.surefire.booter.ForkedBooter.execute(ForkedBooter.java:162)
	at org.apache.maven.surefire.booter.ForkedBooter.run(ForkedBooter.java:507)
	at org.apache.maven.surefire.booter.ForkedBooter.main(ForkedBooter.java:495)
Caused by: java.lang.NullPointerException
	at org.apache.hadoop.ozone.container.common.volume.HddsVolume.getCommittedBytes(HddsVolume.java:303)
	at org.apache.hadoop.ozone.container.common.volume.VolumeInfoMetrics.getCommitted(VolumeInfoMetrics.java:147)
	... 111 more
2023-12-28 09:08:18,906 [main] INFO  volume.HddsVolume (HddsVolume.java:<init>(126)) - Creating HddsVolume: /home/runner/work/ozone/ozone/hadoop-ozone/integration-test/target/test-dir/MiniOzoneClusterImpl-8986566a-fb65-479a-a2d4-a5d5d2c03f68/datanode-0/data-0/containers/hdds of storage type : DISK capacity : 9223372036854775807
2023-12-28 09:08:18,907 [main] INFO  volume.MutableVolumeSet (MutableVolumeSet.java:initializeVolumeSet(173)) - Added Volume : /home/runner/work/ozone/ozone/hadoop-ozone/integration-test/target/test-dir/MiniOzoneClusterImpl-8986566a-fb65-479a-a2d4-a5d5d2c03f68/datanode-0/data-0/containers/hdds to VolumeSet
2023-12-28 09:08:18,908 [main] INFO  volume.MutableVolumeSet (MutableVolumeSet.java:initializeVolumeSet(173)) - Added Volume : /home/runner/work/ozone/ozone/hadoop-ozone/integration-test/target/test-dir/MiniOzoneClusterImpl-8986566a-fb65-479a-a2d4-a5d5d2c03f68/datanode-0/data/ratis to VolumeSet
2023-12-28 09:08:18,908 [main] INFO  ozoneimpl.OzoneContainer (HddsVolumeUtil.java:loadAllHddsVolumeDbStore(103)) - Load 1 volumes DbStore cost: 0ms
2023-12-28 09:08:18,908 [1359b24a-0a66-4b2c-b277-152671c55fa7-ContainerReader-0] INFO  ozoneimpl.ContainerReader (ContainerReader.java:readVolume(178)) - Finish verifying containers on volume /home/runner/work/ozone/ozone/hadoop-ozone/integration-test/target/test-dir/MiniOzoneClusterImpl-8986566a-fb65-479a-a2d4-a5d5d2c03f68/datanode-0/data-0/containers/hdds
2023-12-28 09:08:18,909 [main] INFO  ozoneimpl.OzoneContainer (OzoneContainer.java:buildContainerSet(326)) - Build ContainerSet costs 0s
2023-12-28 09:08:18,910 [main] INFO  server.RaftServer (ConfUtils.java:logGet(46)) - raft.rpc.type = GRPC (default)
2023-12-28 09:08:18,911 [main] INFO  grpc.GrpcConfigKeys (ConfUtils.java:logFallback(53)) - raft.grpc.admin.host = null (fallback to raft.grpc.server.host)
2023-12-28 09:08:18,911 [main] INFO  grpc.GrpcConfigKeys (ConfUtils.java:logGet(46)) - raft.grpc.admin.port = 15102 (custom)
2023-12-28 09:08:18,911 [main] INFO  grpc.GrpcConfigKeys (ConfUtils.java:logFallback(53)) - raft.grpc.client.host = null (fallback to raft.grpc.server.host)
2023-12-28 09:08:18,911 [main] INFO  grpc.GrpcConfigKeys (ConfUtils.java:logGet(46)) - raft.grpc.client.port = 15101 (custom)
2023-12-28 09:08:18,911 [main] INFO  grpc.GrpcConfigKeys (ConfUtils.java:logGet(46)) - raft.grpc.server.host = null (default)
2023-12-28 09:08:18,912 [main] INFO  grpc.GrpcConfigKeys (ConfUtils.java:logGet(46)) - raft.grpc.server.port = 15103 (custom)
2023-12-28 09:08:18,912 [main] INFO  server.GrpcService (ConfUtils.java:logGet(46)) - raft.grpc.message.size.max = 32MB (=33554432) (custom)
2023-12-28 09:08:18,912 [main] INFO  server.RaftServerConfigKeys (ConfUtils.java:logGet(46)) - raft.server.log.appender.buffer.byte-limit = 8388608 (custom)
2023-12-28 09:08:18,912 [main] INFO  server.GrpcService (ConfUtils.java:logGet(46)) - raft.grpc.flow.control.window = 5MB (=5242880) (custom)
2023-12-28 09:08:18,912 [main] INFO  server.RaftServerConfigKeys (ConfUtils.java:logGet(46)) - raft.server.rpc.request.timeout = 3000ms (default)
2023-12-28 09:08:18,912 [main] INFO  grpc.GrpcConfigKeys (ConfUtils.java:logGet(46)) - raft.grpc.server.heartbeat.channel = true (default)
2023-12-28 09:08:18,912 [main] INFO  grpc.GrpcConfigKeys (ConfUtils.java:logGet(46)) - raft.grpc.server.async.request.thread.pool.cached = true (default)
2023-12-28 09:08:18,913 [main] INFO  grpc.GrpcConfigKeys (ConfUtils.java:logGet(46)) - raft.grpc.server.async.request.thread.pool.size = 32 (default)
2023-12-28 09:08:18,915 [main] INFO  impl.DataStreamServerImpl (ConfUtils.java:logGet(46)) - raft.datastream.type = NETTY (custom)
2023-12-28 09:08:18,915 [main] INFO  server.RaftServerConfigKeys (ConfUtils.java:logGet(46)) - raft.server.data-stream.async.request.thread.pool.cached = false (default)
2023-12-28 09:08:18,915 [main] INFO  server.RaftServerConfigKeys (ConfUtils.java:logGet(46)) - raft.server.data-stream.async.request.thread.pool.size = 20 (custom)
2023-12-28 09:08:18,916 [main] INFO  server.RaftServerConfigKeys (ConfUtils.java:logGet(46)) - raft.server.data-stream.async.write.thread.pool.size = 16 (default)
2023-12-28 09:08:18,916 [main] INFO  netty.NettyConfigKeys$DataStream (ConfUtils.java:logGet(46)) - raft.netty.dataStream.server.channel.inactive.grace-period = 10min (default)
2023-12-28 09:08:18,916 [main] INFO  server.RaftServerConfigKeys (ConfUtils.java:logGet(46)) - raft.server.data-stream.client.pool.size = 10 (default)
2023-12-28 09:08:18,916 [main] INFO  netty.NettyConfigKeys$DataStream (ConfUtils.java:logGet(46)) - raft.netty.dataStream.server.use-epoll = true (default)
2023-12-28 09:08:18,916 [main] INFO  netty.NettyConfigKeys$DataStream (ConfUtils.java:logGet(46)) - raft.netty.dataStream.server.boss-group.size = 0 (default)
2023-12-28 09:08:18,916 [main] INFO  netty.NettyUtils (NettyUtils.java:newEventLoopGroup(69)) - Create EpollEventLoopGroup for 1359b24a-0a66-4b2c-b277-152671c55fa7-NettyServerStreamRpc-bossGroup; Thread size is 0.
2023-12-28 09:08:18,917 [main] INFO  netty.NettyConfigKeys$DataStream (ConfUtils.java:logGet(46)) - raft.netty.dataStream.server.worker-group.size = 0 (default)
2023-12-28 09:08:18,917 [main] INFO  netty.NettyUtils (NettyUtils.java:newEventLoopGroup(69)) - Create EpollEventLoopGroup for 1359b24a-0a66-4b2c-b277-152671c55fa7-NettyServerStreamRpc-workerGroup; Thread size is 0.
2023-12-28 09:08:18,918 [main] INFO  netty.NettyConfigKeys$DataStream (ConfUtils.java:logGet(46)) - raft.netty.dataStream.server.tls.conf = null (default)
2023-12-28 09:08:18,918 [main] INFO  netty.NettyConfigKeys$DataStream (ConfUtils.java:logGet(46)) - raft.netty.dataStream.host = null (default)
2023-12-28 09:08:18,918 [main] INFO  netty.NettyConfigKeys$DataStream (ConfUtils.java:logGet(46)) - raft.netty.dataStream.port = 15104 (custom)
2023-12-28 09:08:18,918 [main] INFO  server.RaftServerConfigKeys (ConfUtils.java:logGet(46)) - raft.server.sleep.deviation.threshold = 300ms (default)
2023-12-28 09:08:18,919 [main] INFO  server.RaftServerConfigKeys (ConfUtils.java:logGet(46)) - raft.server.close.threshold = 60s (default)
2023-12-28 09:08:18,919 [main] INFO  server.RaftServerConfigKeys (ConfUtils.java:logGet(46)) - raft.server.leaderelection.leader.step-down.wait-time = 10s (default)
2023-12-28 09:08:18,919 [1359b24a-0a66-4b2c-b277-152671c55fa7-NettyServerStreamRpc-bossGroup--thread1] INFO  logging.LoggingHandler (AbstractInternalLogger.java:log(148)) - [id: 0x8985afea] REGISTERED
2023-12-28 09:08:18,919 [main] INFO  server.RaftServerConfigKeys (ConfUtils.java:logGet(46)) - raft.server.storage.dir = [/home/runner/work/ozone/ozone/hadoop-ozone/integration-test/target/test-dir/MiniOzoneClusterImpl-8986566a-fb65-479a-a2d4-a5d5d2c03f68/datanode-0/data/ratis] (custom)
2023-12-28 09:08:18,919 [1359b24a-0a66-4b2c-b277-152671c55fa7-NettyServerStreamRpc-bossGroup--thread1] INFO  logging.LoggingHandler (AbstractInternalLogger.java:log(148)) - [id: 0x8985afea] BIND: 0.0.0.0/0.0.0.0:15104
2023-12-28 09:08:18,919 [main] INFO  server.RaftServerConfigKeys (ConfUtils.java:logGet(46)) - raft.server.threadpool.proxy.cached = true (default)
2023-12-28 09:08:18,919 [1359b24a-0a66-4b2c-b277-152671c55fa7-NettyServerStreamRpc-bossGroup--thread1] INFO  logging.LoggingHandler (AbstractInternalLogger.java:log(148)) - [id: 0x8985afea, L:/0.0.0.0:15104] ACTIVE
2023-12-28 09:08:18,920 [main] INFO  server.RaftServerConfigKeys (ConfUtils.java:logGet(46)) - raft.server.threadpool.proxy.size = 0 (default)
2023-12-28 09:08:18,920 [1359b24a-0a66-4b2c-b277-152671c55fa7-impl-thread1] INFO  server.RaftServer (RaftServerProxy.java:initGroupDir(264)) - 1359b24a-0a66-4b2c-b277-152671c55fa7: found a subdirectory /home/runner/work/ozone/ozone/hadoop-ozone/integration-test/target/test-dir/MiniOzoneClusterImpl-8986566a-fb65-479a-a2d4-a5d5d2c03f68/datanode-0/data/ratis/tmp
2023-12-28 09:08:18,920 [1359b24a-0a66-4b2c-b277-152671c55fa7-impl-thread1] INFO  server.RaftServer (RaftServerProxy.java:initGroupDir(269)) - 1359b24a-0a66-4b2c-b277-152671c55fa7: The directory /home/runner/work/ozone/ozone/hadoop-ozone/integration-test/target/test-dir/MiniOzoneClusterImpl-8986566a-fb65-479a-a2d4-a5d5d2c03f68/datanode-0/data/ratis/tmp is not a group directory; ignoring it. 
2023-12-28 09:08:18,920 [main] INFO  replication.ReplicationServer (ReplicationServer.java:<init>(85)) - Initializing replication server with thread count = 10 queue length = 4096
2023-12-28 09:08:18,921 [main] INFO  server.XceiverServerGrpc (XceiverServerGrpc.java:<init>(141)) - GrpcServer channel type EpollServerSocketChannel
2023-12-28 09:08:18,923 [main] INFO  replication.ReplicationSupervisor (ReplicationSupervisor.java:build(163)) - Initializing replication supervisor with thread count = 10
2023-12-28 09:08:18,923 [main] INFO  replication.ReplicationSupervisor (ReplicationSupervisor.java:nodeStateUpdated(317)) - Node state updated to IN_SERVICE, scaling executor pool size to 10
2023-12-28 09:08:18,925 [main] INFO  http.BaseHttpServer (BaseHttpServer.java:newHttpServer2BuilderForOzone(223)) - Starting Web-server for hddsDatanode at: http://0.0.0.0:15098
2023-12-28 09:08:18,926 [main] INFO  http.BaseHttpServer (BaseHttpServer.java:<init>(110)) - Hadoop Security Enabled: false Ozone Security Enabled: false Ozone HTTP Security Enabled: false 
2023-12-28 09:08:18,927 [main] WARN  server.AuthenticationFilter (AuthenticationFilter.java:constructSecretProvider(240)) - Unable to initialize FileSignerSecretProvider, falling back to use random secrets. Reason: Could not read signature secret file: /home/runner/hadoop-http-auth-signature-secret
2023-12-28 09:08:18,927 [main] INFO  http.HttpRequestLog (HttpRequestLog.java:getRequestLog(86)) - Http request log for http.requests.hddsDatanode is not defined
2023-12-28 09:08:18,928 [main] INFO  http.HttpServer2 (HttpServer2.java:addGlobalFilter(1036)) - Added global filter 'safety' (class=org.apache.hadoop.hdds.server.http.HttpServer2$QuotingInputFilter)
2023-12-28 09:08:18,929 [main] INFO  http.HttpServer2 (HttpServer2.java:addFilter(1012)) - Added filter static_user_filter (class=org.apache.hadoop.http.lib.StaticUserWebFilter$StaticUserFilter) to context hddsDatanode
2023-12-28 09:08:18,929 [main] INFO  http.HttpServer2 (HttpServer2.java:addFilter(1020)) - Added filter static_user_filter (class=org.apache.hadoop.http.lib.StaticUserWebFilter$StaticUserFilter) to context logs
2023-12-28 09:08:18,929 [main] INFO  http.HttpServer2 (HttpServer2.java:addFilter(1020)) - Added filter static_user_filter (class=org.apache.hadoop.http.lib.StaticUserWebFilter$StaticUserFilter) to context static
2023-12-28 09:08:18,930 [main] INFO  http.BaseHttpServer (BaseHttpServer.java:<init>(189)) - HTTP server of hddsDatanode uses base directory /home/runner/work/ozone/ozone/hadoop-ozone/integration-test/target/test-dir/MiniOzoneClusterImpl-8986566a-fb65-479a-a2d4-a5d5d2c03f68/datanode-0/meta/webserver
2023-12-28 09:08:18,930 [main] INFO  http.HttpServer2 (HttpServer2.java:bindListener(1236)) - Jetty bound to port 15098
2023-12-28 09:08:18,930 [main] INFO  server.Server (Server.java:doStart(375)) - jetty-9.4.53.v20231009; built: 2023-10-09T12:29:09.265Z; git: 27bde00a0b95a1d5bbee0eae7984f891d2d0f8c9; jvm 1.8.0_392-b08
2023-12-28 09:08:18,931 [main] INFO  server.session (DefaultSessionIdManager.java:doStart(334)) - DefaultSessionIdManager workerName=node0
2023-12-28 09:08:18,931 [main] INFO  server.session (DefaultSessionIdManager.java:doStart(339)) - No SessionScavenger set, using defaults
2023-12-28 09:08:18,931 [main] INFO  server.session (HouseKeeper.java:startScavenging(132)) - node0 Scavenging every 600000ms
2023-12-28 09:08:18,932 [main] INFO  handler.ContextHandler (ContextHandler.java:doStart(921)) - Started o.e.j.s.ServletContextHandler@2e12c006{logs,/logs,file:///home/runner/work/ozone/ozone/hadoop-ozone/integration-test/target/log,AVAILABLE}
2023-12-28 09:08:18,932 [main] INFO  handler.ContextHandler (ContextHandler.java:doStart(921)) - Started o.e.j.s.ServletContextHandler@4b368502{static,/static,jar:file:/home/runner/.m2/repository/org/apache/ozone/hdds-container-service/1.5.0-SNAPSHOT/hdds-container-service-1.5.0-SNAPSHOT.jar!/webapps/static,AVAILABLE}
2023-12-28 09:08:18,965 [main] INFO  handler.ContextHandler (ContextHandler.java:doStart(921)) - Started o.e.j.w.WebAppContext@74eea79{hddsDatanode,/,file:///home/runner/work/ozone/ozone/hadoop-ozone/integration-test/target/test-dir/MiniOzoneClusterImpl-8986566a-fb65-479a-a2d4-a5d5d2c03f68/datanode-0/meta/webserver/jetty-0_0_0_0-15098-hdds-container-service-1_5_0-SNAPSHOT_jar-_-any-6743294514558036634/webapp/,AVAILABLE}{jar:file:/home/runner/.m2/repository/org/apache/ozone/hdds-container-service/1.5.0-SNAPSHOT/hdds-container-service-1.5.0-SNAPSHOT.jar!/webapps/hddsDatanode}
2023-12-28 09:08:18,966 [main] INFO  server.AbstractConnector (AbstractConnector.java:doStart(333)) - Started ServerConnector@1b4a226e{HTTP/1.1, (http/1.1)}{0.0.0.0:15098}
2023-12-28 09:08:18,966 [main] INFO  server.Server (Server.java:doStart(415)) - Started @43984ms
2023-12-28 09:08:18,966 [main] WARN  impl.MetricsSystemImpl (MetricsSystemImpl.java:register(279)) - Sink prometheus already exists!
2023-12-28 09:08:18,967 [main] INFO  http.BaseHttpServer (BaseHttpServer.java:updateConnectorAddress(354)) - HTTP server of hddsDatanode listening at http://0.0.0.0:15098
2023-12-28 09:08:18,967 [main] INFO  ipc.CallQueueManager (CallQueueManager.java:<init>(90)) - Using callQueue: class java.util.concurrent.LinkedBlockingQueue, queueCapacity: 100, scheduler: class org.apache.hadoop.ipc.DefaultRpcScheduler, ipcBackoff: false.
2023-12-28 09:08:18,967 [main] INFO  ipc.Server (Server.java:<init>(1287)) - Listener at 0.0.0.0:15099
2023-12-28 09:08:18,968 [Socket Reader #1 for port 15099] INFO  ipc.Server (Server.java:run(1323)) - Starting Socket Reader #1 for port 15099
2023-12-28 09:08:18,972 [main] INFO  ozone.HddsDatanodeService (HddsDatanodeService.java:start(324)) - Datanode start with admins: [runner]
2023-12-28 09:08:18,972 [main] INFO  ozone.HddsDatanodeClientProtocolServer (HddsDatanodeClientProtocolServer.java:start(72)) - RPC server for Client /0.0.0.0:15099
2023-12-28 09:08:18,972 [IPC Server Responder] INFO  ipc.Server (Server.java:run(1562)) - IPC Server Responder: starting
2023-12-28 09:08:18,972 [IPC Server listener on 15099] INFO  ipc.Server (Server.java:run(1402)) - IPC Server listener on 15099: starting
2023-12-28 09:08:18,973 [main] WARN  dropwizard3.Dm3MetricRegistriesImpl (Dm3MetricRegistriesImpl.java:addReporterRegistration(113)) - New reporters are added after registries were created. Some metrics will be missing from the reporter. Please add reporter before adding any new registry.
2023-12-28 09:08:18,973 [main] WARN  dropwizard3.Dm3MetricRegistriesImpl (Dm3MetricRegistriesImpl.java:addReporterRegistration(113)) - New reporters are added after registries were created. Some metrics will be missing from the reporter. Please add reporter before adding any new registry.
2023-12-28 09:08:18,973 [main] INFO  impl.MetricsSystemImpl (MetricsSystemImpl.java:init(158)) - HddsDatanode metrics system started (again)
2023-12-28 09:08:18,973 [1359b24a-0a66-4b2c-b277-152671c55fa7-DatanodeStateMachineDaemonThread] INFO  statemachine.DatanodeStateMachine (DatanodeStateMachine.java:lambda$startDaemon$1(555)) - Ozone container server started.
2023-12-28 09:08:18,978 [1359b24a-0a66-4b2c-b277-152671c55fa7-DatanodeStateMachineTaskThread-0] INFO  datanode.InitDatanodeState (InitDatanodeState.java:persistContainerDatanodeDetails(139)) - DatanodeDetails is persisted to /home/runner/work/ozone/ozone/hadoop-ozone/integration-test/target/test-dir/MiniOzoneClusterImpl-8986566a-fb65-479a-a2d4-a5d5d2c03f68/datanode-0/meta/datanode.id
2023-12-28 09:08:18,984 [main] INFO  ozone.HddsDatanodeService (HddsDatanodeService.java:start(239)) - HddsDatanodeService host:fv-az1384-14.e3qrh24bduyexj1tcof5x1etkc.ex.internal.cloudapp.net ip:10.1.0.14
2023-12-28 09:08:19,010 [main] INFO  upgrade.AbstractLayoutVersionManager (AbstractLayoutVersionManager.java:init(83)) - Initializing Layout version manager with metadata layout = HADOOP_PRC_PORTS_IN_DATANODEDETAILS (version = 7), software layout = HADOOP_PRC_PORTS_IN_DATANODEDETAILS (version = 7)
2023-12-28 09:08:19,011 [main] INFO  statemachine.DatanodeStateMachine (DatanodeStateMachine.java:getEndPointTaskThreadPoolSize(299)) - Datanode State Machine Task Thread Pool size 2
2023-12-28 09:08:19,012 [main] ERROR lib.MethodMetric (MethodMetric.java:snapshot(117)) - Error invoking method getCommitted
java.lang.reflect.InvocationTargetException
	at sun.reflect.GeneratedMethodAccessor85.invoke(Unknown Source)
	at sun.reflect.DelegatingMethodAccessorImpl.invoke(DelegatingMethodAccessorImpl.java:43)
	at java.lang.reflect.Method.invoke(Method.java:498)
	at org.apache.hadoop.metrics2.lib.MethodMetric$2.snapshot(MethodMetric.java:111)
	at org.apache.hadoop.metrics2.lib.MethodMetric.snapshot(MethodMetric.java:142)
	at org.apache.hadoop.metrics2.lib.MetricsRegistry.snapshot(MetricsRegistry.java:447)
	at org.apache.hadoop.metrics2.lib.MetricsSourceBuilder$1.getMetrics(MetricsSourceBuilder.java:89)
	at org.apache.hadoop.metrics2.impl.MetricsSourceAdapter.getMetrics(MetricsSourceAdapter.java:200)
	at org.apache.hadoop.metrics2.impl.MetricsSourceAdapter.updateJmxCache(MetricsSourceAdapter.java:183)
	at org.apache.hadoop.metrics2.impl.MetricsSourceAdapter.getMBeanInfo(MetricsSourceAdapter.java:156)
	at com.sun.jmx.interceptor.DefaultMBeanServerInterceptor.getNewMBeanClassName(DefaultMBeanServerInterceptor.java:333)
	at com.sun.jmx.interceptor.DefaultMBeanServerInterceptor.registerMBean(DefaultMBeanServerInterceptor.java:319)
	at com.sun.jmx.mbeanserver.JmxMBeanServer.registerMBean(JmxMBeanServer.java:522)
	at org.apache.hadoop.metrics2.util.MBeans.register(MBeans.java:100)
	at org.apache.hadoop.metrics2.util.MBeans.register(MBeans.java:73)
	at org.apache.hadoop.metrics2.impl.MetricsSourceAdapter.startMBeans(MetricsSourceAdapter.java:222)
	at org.apache.hadoop.metrics2.impl.MetricsSourceAdapter.start(MetricsSourceAdapter.java:101)
	at org.apache.hadoop.metrics2.impl.MetricsSystemImpl.registerSource(MetricsSystemImpl.java:268)
	at org.apache.hadoop.metrics2.impl.MetricsSystemImpl.register(MetricsSystemImpl.java:233)
	at org.apache.hadoop.ozone.container.common.volume.VolumeInfoMetrics.init(VolumeInfoMetrics.java:50)
	at org.apache.hadoop.ozone.container.common.volume.VolumeInfoMetrics.<init>(VolumeInfoMetrics.java:45)
	at org.apache.hadoop.ozone.container.common.volume.HddsVolume.<init>(HddsVolume.java:123)
	at org.apache.hadoop.ozone.container.common.volume.HddsVolume.<init>(HddsVolume.java:71)
	at org.apache.hadoop.ozone.container.common.volume.HddsVolume$Builder.build(HddsVolume.java:111)
	at org.apache.hadoop.ozone.container.common.volume.HddsVolumeFactory.createVolume(HddsVolumeFactory.java:48)
	at org.apache.hadoop.ozone.container.common.volume.MutableVolumeSet.initializeVolumeSet(MutableVolumeSet.java:170)
	at org.apache.hadoop.ozone.container.common.volume.MutableVolumeSet.<init>(MutableVolumeSet.java:132)
	at org.apache.hadoop.ozone.container.common.volume.MutableVolumeSet.<init>(MutableVolumeSet.java:96)
	at org.apache.hadoop.ozone.container.ozoneimpl.OzoneContainer.<init>(OzoneContainer.java:149)
	at org.apache.hadoop.ozone.container.common.statemachine.DatanodeStateMachine.<init>(DatanodeStateMachine.java:186)
	at org.apache.hadoop.ozone.HddsDatanodeService.start(HddsDatanodeService.java:296)
	at org.apache.hadoop.ozone.MiniOzoneClusterImpl.startHddsDatanode(MiniOzoneClusterImpl.java:489)
	at java.util.ArrayList.forEach(ArrayList.java:1259)
	at org.apache.hadoop.ozone.MiniOzoneClusterImpl.startHddsDatanodes(MiniOzoneClusterImpl.java:497)
	at org.apache.hadoop.ozone.MiniOzoneClusterImpl$Builder.build(MiniOzoneClusterImpl.java:627)
	at org.apache.hadoop.ozone.client.rpc.TestWatchForCommit.init(TestWatchForCommit.java:149)
	at sun.reflect.NativeMethodAccessorImpl.invoke0(Native Method)
	at sun.reflect.NativeMethodAccessorImpl.invoke(NativeMethodAccessorImpl.java:62)
	at sun.reflect.DelegatingMethodAccessorImpl.invoke(DelegatingMethodAccessorImpl.java:43)
	at java.lang.reflect.Method.invoke(Method.java:498)
	at org.junit.platform.commons.util.ReflectionUtils.invokeMethod(ReflectionUtils.java:728)
	at org.junit.jupiter.engine.execution.MethodInvocation.proceed(MethodInvocation.java:60)
	at org.junit.jupiter.engine.execution.InvocationInterceptorChain$ValidatingInvocation.proceed(InvocationInterceptorChain.java:131)
	at org.junit.jupiter.engine.extension.TimeoutExtension.intercept(TimeoutExtension.java:156)
	at org.junit.jupiter.engine.extension.TimeoutExtension.interceptLifecycleMethod(TimeoutExtension.java:128)
	at org.junit.jupiter.engine.extension.TimeoutExtension.interceptBeforeEachMethod(TimeoutExtension.java:78)
	at org.junit.jupiter.engine.execution.InterceptingExecutableInvoker$ReflectiveInterceptorCall.lambda$ofVoidMethod$0(InterceptingExecutableInvoker.java:103)
	at org.junit.jupiter.engine.execution.InterceptingExecutableInvoker.lambda$invoke$0(InterceptingExecutableInvoker.java:93)
	at org.junit.jupiter.engine.execution.InvocationInterceptorChain$InterceptedInvocation.proceed(InvocationInterceptorChain.java:106)
	at org.junit.jupiter.engine.execution.InvocationInterceptorChain.proceed(InvocationInterceptorChain.java:64)
	at org.junit.jupiter.engine.execution.InvocationInterceptorChain.chainAndInvoke(InvocationInterceptorChain.java:45)
	at org.junit.jupiter.engine.execution.InvocationInterceptorChain.invoke(InvocationInterceptorChain.java:37)
	at org.junit.jupiter.engine.execution.InterceptingExecutableInvoker.invoke(InterceptingExecutableInvoker.java:92)
	at org.junit.jupiter.engine.execution.InterceptingExecutableInvoker.invoke(InterceptingExecutableInvoker.java:86)
	at org.junit.jupiter.engine.descriptor.ClassBasedTestDescriptor.invokeMethodInExtensionContext(ClassBasedTestDescriptor.java:521)
	at org.junit.jupiter.engine.descriptor.ClassBasedTestDescriptor.lambda$synthesizeBeforeEachMethodAdapter$23(ClassBasedTestDescriptor.java:506)
	at org.junit.jupiter.engine.descriptor.TestMethodTestDescriptor.lambda$invokeBeforeEachMethods$3(TestMethodTestDescriptor.java:175)
	at org.junit.jupiter.engine.descriptor.TestMethodTestDescriptor.lambda$invokeBeforeMethodsOrCallbacksUntilExceptionOccurs$6(TestMethodTestDescriptor.java:203)
	at org.junit.platform.engine.support.hierarchical.ThrowableCollector.execute(ThrowableCollector.java:73)
	at org.junit.jupiter.engine.descriptor.TestMethodTestDescriptor.invokeBeforeMethodsOrCallbacksUntilExceptionOccurs(TestMethodTestDescriptor.java:203)
	at org.junit.jupiter.engine.descriptor.TestMethodTestDescriptor.invokeBeforeEachMethods(TestMethodTestDescriptor.java:172)
	at org.junit.jupiter.engine.descriptor.TestMethodTestDescriptor.execute(TestMethodTestDescriptor.java:135)
	at org.junit.jupiter.engine.descriptor.TestMethodTestDescriptor.execute(TestMethodTestDescriptor.java:69)
	at org.junit.platform.engine.support.hierarchical.NodeTestTask.lambda$executeRecursively$6(NodeTestTask.java:151)
	at org.junit.platform.engine.support.hierarchical.ThrowableCollector.execute(ThrowableCollector.java:73)
	at org.junit.platform.engine.support.hierarchical.NodeTestTask.lambda$executeRecursively$8(NodeTestTask.java:141)
	at org.junit.platform.engine.support.hierarchical.Node.around(Node.java:137)
	at org.junit.platform.engine.support.hierarchical.NodeTestTask.lambda$executeRecursively$9(NodeTestTask.java:139)
	at org.junit.platform.engine.support.hierarchical.ThrowableCollector.execute(ThrowableCollector.java:73)
	at org.junit.platform.engine.support.hierarchical.NodeTestTask.executeRecursively(NodeTestTask.java:138)
	at org.junit.platform.engine.support.hierarchical.NodeTestTask.execute(NodeTestTask.java:95)
	at java.util.ArrayList.forEach(ArrayList.java:1259)
	at org.junit.platform.engine.support.hierarchical.SameThreadHierarchicalTestExecutorService.invokeAll(SameThreadHierarchicalTestExecutorService.java:41)
	at org.junit.platform.engine.support.hierarchical.NodeTestTask.lambda$executeRecursively$6(NodeTestTask.java:155)
	at org.junit.platform.engine.support.hierarchical.ThrowableCollector.execute(ThrowableCollector.java:73)
	at org.junit.platform.engine.support.hierarchical.NodeTestTask.lambda$executeRecursively$8(NodeTestTask.java:141)
	at org.junit.platform.engine.support.hierarchical.Node.around(Node.java:137)
	at org.junit.platform.engine.support.hierarchical.NodeTestTask.lambda$executeRecursively$9(NodeTestTask.java:139)
	at org.junit.platform.engine.support.hierarchical.ThrowableCollector.execute(ThrowableCollector.java:73)
	at org.junit.platform.engine.support.hierarchical.NodeTestTask.executeRecursively(NodeTestTask.java:138)
	at org.junit.platform.engine.support.hierarchical.NodeTestTask.execute(NodeTestTask.java:95)
	at java.util.ArrayList.forEach(ArrayList.java:1259)
	at org.junit.platform.engine.support.hierarchical.SameThreadHierarchicalTestExecutorService.invokeAll(SameThreadHierarchicalTestExecutorService.java:41)
	at org.junit.platform.engine.support.hierarchical.NodeTestTask.lambda$executeRecursively$6(NodeTestTask.java:155)
	at org.junit.platform.engine.support.hierarchical.ThrowableCollector.execute(ThrowableCollector.java:73)
	at org.junit.platform.engine.support.hierarchical.NodeTestTask.lambda$executeRecursively$8(NodeTestTask.java:141)
	at org.junit.platform.engine.support.hierarchical.Node.around(Node.java:137)
	at org.junit.platform.engine.support.hierarchical.NodeTestTask.lambda$executeRecursively$9(NodeTestTask.java:139)
	at org.junit.platform.engine.support.hierarchical.ThrowableCollector.execute(ThrowableCollector.java:73)
	at org.junit.platform.engine.support.hierarchical.NodeTestTask.executeRecursively(NodeTestTask.java:138)
	at org.junit.platform.engine.support.hierarchical.NodeTestTask.execute(NodeTestTask.java:95)
	at org.junit.platform.engine.support.hierarchical.SameThreadHierarchicalTestExecutorService.submit(SameThreadHierarchicalTestExecutorService.java:35)
	at org.junit.platform.engine.support.hierarchical.HierarchicalTestExecutor.execute(HierarchicalTestExecutor.java:57)
	at org.junit.platform.engine.support.hierarchical.HierarchicalTestEngine.execute(HierarchicalTestEngine.java:54)
	at org.junit.platform.launcher.core.EngineExecutionOrchestrator.execute(EngineExecutionOrchestrator.java:198)
	at org.junit.platform.launcher.core.EngineExecutionOrchestrator.execute(EngineExecutionOrchestrator.java:169)
	at org.junit.platform.launcher.core.EngineExecutionOrchestrator.execute(EngineExecutionOrchestrator.java:93)
	at org.junit.platform.launcher.core.EngineExecutionOrchestrator.lambda$execute$0(EngineExecutionOrchestrator.java:58)
	at org.junit.platform.launcher.core.EngineExecutionOrchestrator.withInterceptedStreams(EngineExecutionOrchestrator.java:141)
	at org.junit.platform.launcher.core.EngineExecutionOrchestrator.execute(EngineExecutionOrchestrator.java:57)
	at org.junit.platform.launcher.core.DefaultLauncher.execute(DefaultLauncher.java:103)
	at org.junit.platform.launcher.core.DefaultLauncher.execute(DefaultLauncher.java:85)
	at org.junit.platform.launcher.core.DelegatingLauncher.execute(DelegatingLauncher.java:47)
	at org.apache.maven.surefire.junitplatform.LazyLauncher.execute(LazyLauncher.java:56)
	at org.apache.maven.surefire.junitplatform.JUnitPlatformProvider.execute(JUnitPlatformProvider.java:184)
	at org.apache.maven.surefire.junitplatform.JUnitPlatformProvider.invokeAllTests(JUnitPlatformProvider.java:148)
	at org.apache.maven.surefire.junitplatform.JUnitPlatformProvider.invoke(JUnitPlatformProvider.java:120)
	at org.apache.maven.surefire.booter.ForkedBooter.runSuitesInProcess(ForkedBooter.java:385)
	at org.apache.maven.surefire.booter.ForkedBooter.execute(ForkedBooter.java:162)
	at org.apache.maven.surefire.booter.ForkedBooter.run(ForkedBooter.java:507)
	at org.apache.maven.surefire.booter.ForkedBooter.main(ForkedBooter.java:495)
Caused by: java.lang.NullPointerException
	at org.apache.hadoop.ozone.container.common.volume.HddsVolume.getCommittedBytes(HddsVolume.java:303)
	at org.apache.hadoop.ozone.container.common.volume.VolumeInfoMetrics.getCommitted(VolumeInfoMetrics.java:147)
	... 111 more
2023-12-28 09:08:19,013 [main] INFO  volume.HddsVolume (HddsVolume.java:<init>(126)) - Creating HddsVolume: /home/runner/work/ozone/ozone/hadoop-ozone/integration-test/target/test-dir/MiniOzoneClusterImpl-8986566a-fb65-479a-a2d4-a5d5d2c03f68/datanode-1/data-0/containers/hdds of storage type : DISK capacity : 9223372036854775807
2023-12-28 09:08:19,013 [main] INFO  volume.MutableVolumeSet (MutableVolumeSet.java:initializeVolumeSet(173)) - Added Volume : /home/runner/work/ozone/ozone/hadoop-ozone/integration-test/target/test-dir/MiniOzoneClusterImpl-8986566a-fb65-479a-a2d4-a5d5d2c03f68/datanode-1/data-0/containers/hdds to VolumeSet
2023-12-28 09:08:19,014 [main] INFO  volume.MutableVolumeSet (MutableVolumeSet.java:initializeVolumeSet(173)) - Added Volume : /home/runner/work/ozone/ozone/hadoop-ozone/integration-test/target/test-dir/MiniOzoneClusterImpl-8986566a-fb65-479a-a2d4-a5d5d2c03f68/datanode-1/data/ratis to VolumeSet
2023-12-28 09:08:19,014 [main] INFO  ozoneimpl.OzoneContainer (HddsVolumeUtil.java:loadAllHddsVolumeDbStore(103)) - Load 1 volumes DbStore cost: 0ms
2023-12-28 09:08:19,015 [710d5749-3dff-4e56-b0fe-7873b1298659-ContainerReader-0] INFO  ozoneimpl.ContainerReader (ContainerReader.java:readVolume(178)) - Finish verifying containers on volume /home/runner/work/ozone/ozone/hadoop-ozone/integration-test/target/test-dir/MiniOzoneClusterImpl-8986566a-fb65-479a-a2d4-a5d5d2c03f68/datanode-1/data-0/containers/hdds
2023-12-28 09:08:19,015 [main] INFO  ozoneimpl.OzoneContainer (OzoneContainer.java:buildContainerSet(326)) - Build ContainerSet costs 0s
2023-12-28 09:08:19,017 [main] INFO  server.RaftServer (ConfUtils.java:logGet(46)) - raft.rpc.type = GRPC (default)
2023-12-28 09:08:19,018 [main] INFO  grpc.GrpcConfigKeys (ConfUtils.java:logFallback(53)) - raft.grpc.admin.host = null (fallback to raft.grpc.server.host)
2023-12-28 09:08:19,018 [main] INFO  grpc.GrpcConfigKeys (ConfUtils.java:logGet(46)) - raft.grpc.admin.port = 15111 (custom)
2023-12-28 09:08:19,018 [main] INFO  grpc.GrpcConfigKeys (ConfUtils.java:logFallback(53)) - raft.grpc.client.host = null (fallback to raft.grpc.server.host)
2023-12-28 09:08:19,018 [main] INFO  grpc.GrpcConfigKeys (ConfUtils.java:logGet(46)) - raft.grpc.client.port = 15110 (custom)
2023-12-28 09:08:19,018 [main] INFO  grpc.GrpcConfigKeys (ConfUtils.java:logGet(46)) - raft.grpc.server.host = null (default)
2023-12-28 09:08:19,019 [main] INFO  grpc.GrpcConfigKeys (ConfUtils.java:logGet(46)) - raft.grpc.server.port = 15112 (custom)
2023-12-28 09:08:19,019 [main] INFO  server.GrpcService (ConfUtils.java:logGet(46)) - raft.grpc.message.size.max = 32MB (=33554432) (custom)
2023-12-28 09:08:19,019 [main] INFO  server.RaftServerConfigKeys (ConfUtils.java:logGet(46)) - raft.server.log.appender.buffer.byte-limit = 8388608 (custom)
2023-12-28 09:08:19,019 [main] INFO  server.GrpcService (ConfUtils.java:logGet(46)) - raft.grpc.flow.control.window = 5MB (=5242880) (custom)
2023-12-28 09:08:19,019 [main] INFO  server.RaftServerConfigKeys (ConfUtils.java:logGet(46)) - raft.server.rpc.request.timeout = 3000ms (default)
2023-12-28 09:08:19,019 [main] INFO  grpc.GrpcConfigKeys (ConfUtils.java:logGet(46)) - raft.grpc.server.heartbeat.channel = true (default)
2023-12-28 09:08:19,020 [main] INFO  grpc.GrpcConfigKeys (ConfUtils.java:logGet(46)) - raft.grpc.server.async.request.thread.pool.cached = true (default)
2023-12-28 09:08:19,020 [main] INFO  grpc.GrpcConfigKeys (ConfUtils.java:logGet(46)) - raft.grpc.server.async.request.thread.pool.size = 32 (default)
2023-12-28 09:08:19,022 [main] INFO  impl.DataStreamServerImpl (ConfUtils.java:logGet(46)) - raft.datastream.type = NETTY (custom)
2023-12-28 09:08:19,022 [main] INFO  server.RaftServerConfigKeys (ConfUtils.java:logGet(46)) - raft.server.data-stream.async.request.thread.pool.cached = false (default)
2023-12-28 09:08:19,023 [main] INFO  server.RaftServerConfigKeys (ConfUtils.java:logGet(46)) - raft.server.data-stream.async.request.thread.pool.size = 20 (custom)
2023-12-28 09:08:19,023 [main] INFO  server.RaftServerConfigKeys (ConfUtils.java:logGet(46)) - raft.server.data-stream.async.write.thread.pool.size = 16 (default)
2023-12-28 09:08:19,023 [main] INFO  netty.NettyConfigKeys$DataStream (ConfUtils.java:logGet(46)) - raft.netty.dataStream.server.channel.inactive.grace-period = 10min (default)
2023-12-28 09:08:19,023 [main] INFO  server.RaftServerConfigKeys (ConfUtils.java:logGet(46)) - raft.server.data-stream.client.pool.size = 10 (default)
2023-12-28 09:08:19,023 [main] INFO  netty.NettyConfigKeys$DataStream (ConfUtils.java:logGet(46)) - raft.netty.dataStream.server.use-epoll = true (default)
2023-12-28 09:08:19,024 [main] INFO  netty.NettyConfigKeys$DataStream (ConfUtils.java:logGet(46)) - raft.netty.dataStream.server.boss-group.size = 0 (default)
2023-12-28 09:08:19,024 [main] INFO  netty.NettyUtils (NettyUtils.java:newEventLoopGroup(69)) - Create EpollEventLoopGroup for 710d5749-3dff-4e56-b0fe-7873b1298659-NettyServerStreamRpc-bossGroup; Thread size is 0.
2023-12-28 09:08:19,024 [main] INFO  netty.NettyConfigKeys$DataStream (ConfUtils.java:logGet(46)) - raft.netty.dataStream.server.worker-group.size = 0 (default)
2023-12-28 09:08:19,024 [main] INFO  netty.NettyUtils (NettyUtils.java:newEventLoopGroup(69)) - Create EpollEventLoopGroup for 710d5749-3dff-4e56-b0fe-7873b1298659-NettyServerStreamRpc-workerGroup; Thread size is 0.
2023-12-28 09:08:19,025 [main] INFO  netty.NettyConfigKeys$DataStream (ConfUtils.java:logGet(46)) - raft.netty.dataStream.server.tls.conf = null (default)
2023-12-28 09:08:19,025 [main] INFO  netty.NettyConfigKeys$DataStream (ConfUtils.java:logGet(46)) - raft.netty.dataStream.host = null (default)
2023-12-28 09:08:19,025 [main] INFO  netty.NettyConfigKeys$DataStream (ConfUtils.java:logGet(46)) - raft.netty.dataStream.port = 15113 (custom)
2023-12-28 09:08:19,026 [main] INFO  server.RaftServerConfigKeys (ConfUtils.java:logGet(46)) - raft.server.sleep.deviation.threshold = 300ms (default)
2023-12-28 09:08:19,026 [710d5749-3dff-4e56-b0fe-7873b1298659-NettyServerStreamRpc-bossGroup--thread1] INFO  logging.LoggingHandler (AbstractInternalLogger.java:log(148)) - [id: 0xe3064d91] REGISTERED
2023-12-28 09:08:19,026 [main] INFO  server.RaftServerConfigKeys (ConfUtils.java:logGet(46)) - raft.server.close.threshold = 60s (default)
2023-12-28 09:08:19,026 [main] INFO  server.RaftServerConfigKeys (ConfUtils.java:logGet(46)) - raft.server.leaderelection.leader.step-down.wait-time = 10s (default)
2023-12-28 09:08:19,026 [710d5749-3dff-4e56-b0fe-7873b1298659-NettyServerStreamRpc-bossGroup--thread1] INFO  logging.LoggingHandler (AbstractInternalLogger.java:log(148)) - [id: 0xe3064d91] BIND: 0.0.0.0/0.0.0.0:15113
2023-12-28 09:08:19,026 [main] INFO  server.RaftServerConfigKeys (ConfUtils.java:logGet(46)) - raft.server.storage.dir = [/home/runner/work/ozone/ozone/hadoop-ozone/integration-test/target/test-dir/MiniOzoneClusterImpl-8986566a-fb65-479a-a2d4-a5d5d2c03f68/datanode-1/data/ratis] (custom)
2023-12-28 09:08:19,027 [main] INFO  server.RaftServerConfigKeys (ConfUtils.java:logGet(46)) - raft.server.threadpool.proxy.cached = true (default)
2023-12-28 09:08:19,027 [710d5749-3dff-4e56-b0fe-7873b1298659-NettyServerStreamRpc-bossGroup--thread1] INFO  logging.LoggingHandler (AbstractInternalLogger.java:log(148)) - [id: 0xe3064d91, L:/0.0.0.0:15113] ACTIVE
2023-12-28 09:08:19,027 [main] INFO  server.RaftServerConfigKeys (ConfUtils.java:logGet(46)) - raft.server.threadpool.proxy.size = 0 (default)
2023-12-28 09:08:19,027 [710d5749-3dff-4e56-b0fe-7873b1298659-impl-thread1] INFO  server.RaftServer (RaftServerProxy.java:initGroupDir(264)) - 710d5749-3dff-4e56-b0fe-7873b1298659: found a subdirectory /home/runner/work/ozone/ozone/hadoop-ozone/integration-test/target/test-dir/MiniOzoneClusterImpl-8986566a-fb65-479a-a2d4-a5d5d2c03f68/datanode-1/data/ratis/tmp
2023-12-28 09:08:19,027 [710d5749-3dff-4e56-b0fe-7873b1298659-impl-thread1] INFO  server.RaftServer (RaftServerProxy.java:initGroupDir(269)) - 710d5749-3dff-4e56-b0fe-7873b1298659: The directory /home/runner/work/ozone/ozone/hadoop-ozone/integration-test/target/test-dir/MiniOzoneClusterImpl-8986566a-fb65-479a-a2d4-a5d5d2c03f68/datanode-1/data/ratis/tmp is not a group directory; ignoring it. 
2023-12-28 09:08:19,027 [main] INFO  replication.ReplicationServer (ReplicationServer.java:<init>(85)) - Initializing replication server with thread count = 10 queue length = 4096
2023-12-28 09:08:19,028 [main] INFO  server.XceiverServerGrpc (XceiverServerGrpc.java:<init>(141)) - GrpcServer channel type EpollServerSocketChannel
2023-12-28 09:08:19,029 [main] INFO  replication.ReplicationSupervisor (ReplicationSupervisor.java:build(163)) - Initializing replication supervisor with thread count = 10
2023-12-28 09:08:19,029 [main] INFO  replication.ReplicationSupervisor (ReplicationSupervisor.java:nodeStateUpdated(317)) - Node state updated to IN_SERVICE, scaling executor pool size to 10
2023-12-28 09:08:19,031 [main] INFO  http.BaseHttpServer (BaseHttpServer.java:newHttpServer2BuilderForOzone(223)) - Starting Web-server for hddsDatanode at: http://0.0.0.0:15107
2023-12-28 09:08:19,032 [main] INFO  http.BaseHttpServer (BaseHttpServer.java:<init>(110)) - Hadoop Security Enabled: false Ozone Security Enabled: false Ozone HTTP Security Enabled: false 
2023-12-28 09:08:19,033 [main] WARN  server.AuthenticationFilter (AuthenticationFilter.java:constructSecretProvider(240)) - Unable to initialize FileSignerSecretProvider, falling back to use random secrets. Reason: Could not read signature secret file: /home/runner/hadoop-http-auth-signature-secret
2023-12-28 09:08:19,033 [main] INFO  http.HttpRequestLog (HttpRequestLog.java:getRequestLog(86)) - Http request log for http.requests.hddsDatanode is not defined
2023-12-28 09:08:19,035 [main] INFO  http.HttpServer2 (HttpServer2.java:addGlobalFilter(1036)) - Added global filter 'safety' (class=org.apache.hadoop.hdds.server.http.HttpServer2$QuotingInputFilter)
2023-12-28 09:08:19,035 [main] INFO  http.HttpServer2 (HttpServer2.java:addFilter(1012)) - Added filter static_user_filter (class=org.apache.hadoop.http.lib.StaticUserWebFilter$StaticUserFilter) to context hddsDatanode
2023-12-28 09:08:19,035 [main] INFO  http.HttpServer2 (HttpServer2.java:addFilter(1020)) - Added filter static_user_filter (class=org.apache.hadoop.http.lib.StaticUserWebFilter$StaticUserFilter) to context static
2023-12-28 09:08:19,035 [main] INFO  http.HttpServer2 (HttpServer2.java:addFilter(1020)) - Added filter static_user_filter (class=org.apache.hadoop.http.lib.StaticUserWebFilter$StaticUserFilter) to context logs
2023-12-28 09:08:19,036 [main] INFO  http.BaseHttpServer (BaseHttpServer.java:<init>(189)) - HTTP server of hddsDatanode uses base directory /home/runner/work/ozone/ozone/hadoop-ozone/integration-test/target/test-dir/MiniOzoneClusterImpl-8986566a-fb65-479a-a2d4-a5d5d2c03f68/datanode-1/meta/webserver
2023-12-28 09:08:19,036 [main] INFO  http.HttpServer2 (HttpServer2.java:bindListener(1236)) - Jetty bound to port 15107
2023-12-28 09:08:19,037 [main] INFO  server.Server (Server.java:doStart(375)) - jetty-9.4.53.v20231009; built: 2023-10-09T12:29:09.265Z; git: 27bde00a0b95a1d5bbee0eae7984f891d2d0f8c9; jvm 1.8.0_392-b08
2023-12-28 09:08:19,038 [main] INFO  server.session (DefaultSessionIdManager.java:doStart(334)) - DefaultSessionIdManager workerName=node0
2023-12-28 09:08:19,038 [main] INFO  server.session (DefaultSessionIdManager.java:doStart(339)) - No SessionScavenger set, using defaults
2023-12-28 09:08:19,038 [main] INFO  server.session (HouseKeeper.java:startScavenging(132)) - node0 Scavenging every 660000ms
2023-12-28 09:08:19,039 [main] INFO  handler.ContextHandler (ContextHandler.java:doStart(921)) - Started o.e.j.s.ServletContextHandler@1dd911b{logs,/logs,file:///home/runner/work/ozone/ozone/hadoop-ozone/integration-test/target/log,AVAILABLE}
2023-12-28 09:08:19,039 [main] INFO  handler.ContextHandler (ContextHandler.java:doStart(921)) - Started o.e.j.s.ServletContextHandler@1f477352{static,/static,jar:file:/home/runner/.m2/repository/org/apache/ozone/hdds-container-service/1.5.0-SNAPSHOT/hdds-container-service-1.5.0-SNAPSHOT.jar!/webapps/static,AVAILABLE}
2023-12-28 09:08:19,071 [main] INFO  handler.ContextHandler (ContextHandler.java:doStart(921)) - Started o.e.j.w.WebAppContext@4c504f6b{hddsDatanode,/,file:///home/runner/work/ozone/ozone/hadoop-ozone/integration-test/target/test-dir/MiniOzoneClusterImpl-8986566a-fb65-479a-a2d4-a5d5d2c03f68/datanode-1/meta/webserver/jetty-0_0_0_0-15107-hdds-container-service-1_5_0-SNAPSHOT_jar-_-any-6247193661810818962/webapp/,AVAILABLE}{jar:file:/home/runner/.m2/repository/org/apache/ozone/hdds-container-service/1.5.0-SNAPSHOT/hdds-container-service-1.5.0-SNAPSHOT.jar!/webapps/hddsDatanode}
2023-12-28 09:08:19,072 [main] INFO  server.AbstractConnector (AbstractConnector.java:doStart(333)) - Started ServerConnector@63bd03f3{HTTP/1.1, (http/1.1)}{0.0.0.0:15107}
2023-12-28 09:08:19,073 [main] INFO  server.Server (Server.java:doStart(415)) - Started @44091ms
2023-12-28 09:08:19,073 [main] WARN  impl.MetricsSystemImpl (MetricsSystemImpl.java:register(279)) - Sink prometheus already exists!
2023-12-28 09:08:19,073 [main] INFO  http.BaseHttpServer (BaseHttpServer.java:updateConnectorAddress(354)) - HTTP server of hddsDatanode listening at http://0.0.0.0:15107
2023-12-28 09:08:19,074 [main] INFO  ipc.CallQueueManager (CallQueueManager.java:<init>(90)) - Using callQueue: class java.util.concurrent.LinkedBlockingQueue, queueCapacity: 100, scheduler: class org.apache.hadoop.ipc.DefaultRpcScheduler, ipcBackoff: false.
2023-12-28 09:08:19,074 [main] INFO  ipc.Server (Server.java:<init>(1287)) - Listener at 0.0.0.0:15108
2023-12-28 09:08:19,074 [Socket Reader #1 for port 15108] INFO  ipc.Server (Server.java:run(1323)) - Starting Socket Reader #1 for port 15108
2023-12-28 09:08:19,080 [main] INFO  ozone.HddsDatanodeService (HddsDatanodeService.java:start(324)) - Datanode start with admins: [runner]
2023-12-28 09:08:19,080 [main] INFO  ozone.HddsDatanodeClientProtocolServer (HddsDatanodeClientProtocolServer.java:start(72)) - RPC server for Client /0.0.0.0:15108
2023-12-28 09:08:19,080 [IPC Server Responder] INFO  ipc.Server (Server.java:run(1562)) - IPC Server Responder: starting
2023-12-28 09:08:19,083 [IPC Server listener on 15108] INFO  ipc.Server (Server.java:run(1402)) - IPC Server listener on 15108: starting
2023-12-28 09:08:19,087 [710d5749-3dff-4e56-b0fe-7873b1298659-DatanodeStateMachineDaemonThread] INFO  statemachine.DatanodeStateMachine (DatanodeStateMachine.java:lambda$startDaemon$1(555)) - Ozone container server started.
2023-12-28 09:08:19,087 [main] WARN  dropwizard3.Dm3MetricRegistriesImpl (Dm3MetricRegistriesImpl.java:addReporterRegistration(113)) - New reporters are added after registries were created. Some metrics will be missing from the reporter. Please add reporter before adding any new registry.
2023-12-28 09:08:19,088 [main] WARN  dropwizard3.Dm3MetricRegistriesImpl (Dm3MetricRegistriesImpl.java:addReporterRegistration(113)) - New reporters are added after registries were created. Some metrics will be missing from the reporter. Please add reporter before adding any new registry.
2023-12-28 09:08:19,088 [main] INFO  impl.MetricsSystemImpl (MetricsSystemImpl.java:init(158)) - HddsDatanode metrics system started (again)
2023-12-28 09:08:19,090 [710d5749-3dff-4e56-b0fe-7873b1298659-DatanodeStateMachineTaskThread-0] INFO  datanode.InitDatanodeState (InitDatanodeState.java:persistContainerDatanodeDetails(139)) - DatanodeDetails is persisted to /home/runner/work/ozone/ozone/hadoop-ozone/integration-test/target/test-dir/MiniOzoneClusterImpl-8986566a-fb65-479a-a2d4-a5d5d2c03f68/datanode-1/meta/datanode.id
2023-12-28 09:08:19,097 [main] INFO  ozone.HddsDatanodeService (HddsDatanodeService.java:start(239)) - HddsDatanodeService host:fv-az1384-14.e3qrh24bduyexj1tcof5x1etkc.ex.internal.cloudapp.net ip:10.1.0.14
2023-12-28 09:08:19,116 [main] INFO  upgrade.AbstractLayoutVersionManager (AbstractLayoutVersionManager.java:init(83)) - Initializing Layout version manager with metadata layout = HADOOP_PRC_PORTS_IN_DATANODEDETAILS (version = 7), software layout = HADOOP_PRC_PORTS_IN_DATANODEDETAILS (version = 7)
2023-12-28 09:08:19,116 [main] INFO  statemachine.DatanodeStateMachine (DatanodeStateMachine.java:getEndPointTaskThreadPoolSize(299)) - Datanode State Machine Task Thread Pool size 2
2023-12-28 09:08:19,118 [main] ERROR lib.MethodMetric (MethodMetric.java:snapshot(117)) - Error invoking method getCommitted
java.lang.reflect.InvocationTargetException
	at sun.reflect.GeneratedMethodAccessor85.invoke(Unknown Source)
	at sun.reflect.DelegatingMethodAccessorImpl.invoke(DelegatingMethodAccessorImpl.java:43)
	at java.lang.reflect.Method.invoke(Method.java:498)
	at org.apache.hadoop.metrics2.lib.MethodMetric$2.snapshot(MethodMetric.java:111)
	at org.apache.hadoop.metrics2.lib.MethodMetric.snapshot(MethodMetric.java:142)
	at org.apache.hadoop.metrics2.lib.MetricsRegistry.snapshot(MetricsRegistry.java:447)
	at org.apache.hadoop.metrics2.lib.MetricsSourceBuilder$1.getMetrics(MetricsSourceBuilder.java:89)
	at org.apache.hadoop.metrics2.impl.MetricsSourceAdapter.getMetrics(MetricsSourceAdapter.java:200)
	at org.apache.hadoop.metrics2.impl.MetricsSourceAdapter.updateJmxCache(MetricsSourceAdapter.java:183)
	at org.apache.hadoop.metrics2.impl.MetricsSourceAdapter.getMBeanInfo(MetricsSourceAdapter.java:156)
	at com.sun.jmx.interceptor.DefaultMBeanServerInterceptor.getNewMBeanClassName(DefaultMBeanServerInterceptor.java:333)
	at com.sun.jmx.interceptor.DefaultMBeanServerInterceptor.registerMBean(DefaultMBeanServerInterceptor.java:319)
	at com.sun.jmx.mbeanserver.JmxMBeanServer.registerMBean(JmxMBeanServer.java:522)
	at org.apache.hadoop.metrics2.util.MBeans.register(MBeans.java:100)
	at org.apache.hadoop.metrics2.util.MBeans.register(MBeans.java:73)
	at org.apache.hadoop.metrics2.impl.MetricsSourceAdapter.startMBeans(MetricsSourceAdapter.java:222)
	at org.apache.hadoop.metrics2.impl.MetricsSourceAdapter.start(MetricsSourceAdapter.java:101)
	at org.apache.hadoop.metrics2.impl.MetricsSystemImpl.registerSource(MetricsSystemImpl.java:268)
	at org.apache.hadoop.metrics2.impl.MetricsSystemImpl.register(MetricsSystemImpl.java:233)
	at org.apache.hadoop.ozone.container.common.volume.VolumeInfoMetrics.init(VolumeInfoMetrics.java:50)
	at org.apache.hadoop.ozone.container.common.volume.VolumeInfoMetrics.<init>(VolumeInfoMetrics.java:45)
	at org.apache.hadoop.ozone.container.common.volume.HddsVolume.<init>(HddsVolume.java:123)
	at org.apache.hadoop.ozone.container.common.volume.HddsVolume.<init>(HddsVolume.java:71)
	at org.apache.hadoop.ozone.container.common.volume.HddsVolume$Builder.build(HddsVolume.java:111)
	at org.apache.hadoop.ozone.container.common.volume.HddsVolumeFactory.createVolume(HddsVolumeFactory.java:48)
	at org.apache.hadoop.ozone.container.common.volume.MutableVolumeSet.initializeVolumeSet(MutableVolumeSet.java:170)
	at org.apache.hadoop.ozone.container.common.volume.MutableVolumeSet.<init>(MutableVolumeSet.java:132)
	at org.apache.hadoop.ozone.container.common.volume.MutableVolumeSet.<init>(MutableVolumeSet.java:96)
	at org.apache.hadoop.ozone.container.ozoneimpl.OzoneContainer.<init>(OzoneContainer.java:149)
	at org.apache.hadoop.ozone.container.common.statemachine.DatanodeStateMachine.<init>(DatanodeStateMachine.java:186)
	at org.apache.hadoop.ozone.HddsDatanodeService.start(HddsDatanodeService.java:296)
	at org.apache.hadoop.ozone.MiniOzoneClusterImpl.startHddsDatanode(MiniOzoneClusterImpl.java:489)
	at java.util.ArrayList.forEach(ArrayList.java:1259)
	at org.apache.hadoop.ozone.MiniOzoneClusterImpl.startHddsDatanodes(MiniOzoneClusterImpl.java:497)
	at org.apache.hadoop.ozone.MiniOzoneClusterImpl$Builder.build(MiniOzoneClusterImpl.java:627)
	at org.apache.hadoop.ozone.client.rpc.TestWatchForCommit.init(TestWatchForCommit.java:149)
	at sun.reflect.NativeMethodAccessorImpl.invoke0(Native Method)
	at sun.reflect.NativeMethodAccessorImpl.invoke(NativeMethodAccessorImpl.java:62)
	at sun.reflect.DelegatingMethodAccessorImpl.invoke(DelegatingMethodAccessorImpl.java:43)
	at java.lang.reflect.Method.invoke(Method.java:498)
	at org.junit.platform.commons.util.ReflectionUtils.invokeMethod(ReflectionUtils.java:728)
	at org.junit.jupiter.engine.execution.MethodInvocation.proceed(MethodInvocation.java:60)
	at org.junit.jupiter.engine.execution.InvocationInterceptorChain$ValidatingInvocation.proceed(InvocationInterceptorChain.java:131)
	at org.junit.jupiter.engine.extension.TimeoutExtension.intercept(TimeoutExtension.java:156)
	at org.junit.jupiter.engine.extension.TimeoutExtension.interceptLifecycleMethod(TimeoutExtension.java:128)
	at org.junit.jupiter.engine.extension.TimeoutExtension.interceptBeforeEachMethod(TimeoutExtension.java:78)
	at org.junit.jupiter.engine.execution.InterceptingExecutableInvoker$ReflectiveInterceptorCall.lambda$ofVoidMethod$0(InterceptingExecutableInvoker.java:103)
	at org.junit.jupiter.engine.execution.InterceptingExecutableInvoker.lambda$invoke$0(InterceptingExecutableInvoker.java:93)
	at org.junit.jupiter.engine.execution.InvocationInterceptorChain$InterceptedInvocation.proceed(InvocationInterceptorChain.java:106)
	at org.junit.jupiter.engine.execution.InvocationInterceptorChain.proceed(InvocationInterceptorChain.java:64)
	at org.junit.jupiter.engine.execution.InvocationInterceptorChain.chainAndInvoke(InvocationInterceptorChain.java:45)
	at org.junit.jupiter.engine.execution.InvocationInterceptorChain.invoke(InvocationInterceptorChain.java:37)
	at org.junit.jupiter.engine.execution.InterceptingExecutableInvoker.invoke(InterceptingExecutableInvoker.java:92)
	at org.junit.jupiter.engine.execution.InterceptingExecutableInvoker.invoke(InterceptingExecutableInvoker.java:86)
	at org.junit.jupiter.engine.descriptor.ClassBasedTestDescriptor.invokeMethodInExtensionContext(ClassBasedTestDescriptor.java:521)
	at org.junit.jupiter.engine.descriptor.ClassBasedTestDescriptor.lambda$synthesizeBeforeEachMethodAdapter$23(ClassBasedTestDescriptor.java:506)
	at org.junit.jupiter.engine.descriptor.TestMethodTestDescriptor.lambda$invokeBeforeEachMethods$3(TestMethodTestDescriptor.java:175)
	at org.junit.jupiter.engine.descriptor.TestMethodTestDescriptor.lambda$invokeBeforeMethodsOrCallbacksUntilExceptionOccurs$6(TestMethodTestDescriptor.java:203)
	at org.junit.platform.engine.support.hierarchical.ThrowableCollector.execute(ThrowableCollector.java:73)
	at org.junit.jupiter.engine.descriptor.TestMethodTestDescriptor.invokeBeforeMethodsOrCallbacksUntilExceptionOccurs(TestMethodTestDescriptor.java:203)
	at org.junit.jupiter.engine.descriptor.TestMethodTestDescriptor.invokeBeforeEachMethods(TestMethodTestDescriptor.java:172)
	at org.junit.jupiter.engine.descriptor.TestMethodTestDescriptor.execute(TestMethodTestDescriptor.java:135)
	at org.junit.jupiter.engine.descriptor.TestMethodTestDescriptor.execute(TestMethodTestDescriptor.java:69)
	at org.junit.platform.engine.support.hierarchical.NodeTestTask.lambda$executeRecursively$6(NodeTestTask.java:151)
	at org.junit.platform.engine.support.hierarchical.ThrowableCollector.execute(ThrowableCollector.java:73)
	at org.junit.platform.engine.support.hierarchical.NodeTestTask.lambda$executeRecursively$8(NodeTestTask.java:141)
	at org.junit.platform.engine.support.hierarchical.Node.around(Node.java:137)
	at org.junit.platform.engine.support.hierarchical.NodeTestTask.lambda$executeRecursively$9(NodeTestTask.java:139)
	at org.junit.platform.engine.support.hierarchical.ThrowableCollector.execute(ThrowableCollector.java:73)
	at org.junit.platform.engine.support.hierarchical.NodeTestTask.executeRecursively(NodeTestTask.java:138)
	at org.junit.platform.engine.support.hierarchical.NodeTestTask.execute(NodeTestTask.java:95)
	at java.util.ArrayList.forEach(ArrayList.java:1259)
	at org.junit.platform.engine.support.hierarchical.SameThreadHierarchicalTestExecutorService.invokeAll(SameThreadHierarchicalTestExecutorService.java:41)
	at org.junit.platform.engine.support.hierarchical.NodeTestTask.lambda$executeRecursively$6(NodeTestTask.java:155)
	at org.junit.platform.engine.support.hierarchical.ThrowableCollector.execute(ThrowableCollector.java:73)
	at org.junit.platform.engine.support.hierarchical.NodeTestTask.lambda$executeRecursively$8(NodeTestTask.java:141)
	at org.junit.platform.engine.support.hierarchical.Node.around(Node.java:137)
	at org.junit.platform.engine.support.hierarchical.NodeTestTask.lambda$executeRecursively$9(NodeTestTask.java:139)
	at org.junit.platform.engine.support.hierarchical.ThrowableCollector.execute(ThrowableCollector.java:73)
	at org.junit.platform.engine.support.hierarchical.NodeTestTask.executeRecursively(NodeTestTask.java:138)
	at org.junit.platform.engine.support.hierarchical.NodeTestTask.execute(NodeTestTask.java:95)
	at java.util.ArrayList.forEach(ArrayList.java:1259)
	at org.junit.platform.engine.support.hierarchical.SameThreadHierarchicalTestExecutorService.invokeAll(SameThreadHierarchicalTestExecutorService.java:41)
	at org.junit.platform.engine.support.hierarchical.NodeTestTask.lambda$executeRecursively$6(NodeTestTask.java:155)
	at org.junit.platform.engine.support.hierarchical.ThrowableCollector.execute(ThrowableCollector.java:73)
	at org.junit.platform.engine.support.hierarchical.NodeTestTask.lambda$executeRecursively$8(NodeTestTask.java:141)
	at org.junit.platform.engine.support.hierarchical.Node.around(Node.java:137)
	at org.junit.platform.engine.support.hierarchical.NodeTestTask.lambda$executeRecursively$9(NodeTestTask.java:139)
	at org.junit.platform.engine.support.hierarchical.ThrowableCollector.execute(ThrowableCollector.java:73)
	at org.junit.platform.engine.support.hierarchical.NodeTestTask.executeRecursively(NodeTestTask.java:138)
	at org.junit.platform.engine.support.hierarchical.NodeTestTask.execute(NodeTestTask.java:95)
	at org.junit.platform.engine.support.hierarchical.SameThreadHierarchicalTestExecutorService.submit(SameThreadHierarchicalTestExecutorService.java:35)
	at org.junit.platform.engine.support.hierarchical.HierarchicalTestExecutor.execute(HierarchicalTestExecutor.java:57)
	at org.junit.platform.engine.support.hierarchical.HierarchicalTestEngine.execute(HierarchicalTestEngine.java:54)
	at org.junit.platform.launcher.core.EngineExecutionOrchestrator.execute(EngineExecutionOrchestrator.java:198)
	at org.junit.platform.launcher.core.EngineExecutionOrchestrator.execute(EngineExecutionOrchestrator.java:169)
	at org.junit.platform.launcher.core.EngineExecutionOrchestrator.execute(EngineExecutionOrchestrator.java:93)
	at org.junit.platform.launcher.core.EngineExecutionOrchestrator.lambda$execute$0(EngineExecutionOrchestrator.java:58)
	at org.junit.platform.launcher.core.EngineExecutionOrchestrator.withInterceptedStreams(EngineExecutionOrchestrator.java:141)
	at org.junit.platform.launcher.core.EngineExecutionOrchestrator.execute(EngineExecutionOrchestrator.java:57)
	at org.junit.platform.launcher.core.DefaultLauncher.execute(DefaultLauncher.java:103)
	at org.junit.platform.launcher.core.DefaultLauncher.execute(DefaultLauncher.java:85)
	at org.junit.platform.launcher.core.DelegatingLauncher.execute(DelegatingLauncher.java:47)
	at org.apache.maven.surefire.junitplatform.LazyLauncher.execute(LazyLauncher.java:56)
	at org.apache.maven.surefire.junitplatform.JUnitPlatformProvider.execute(JUnitPlatformProvider.java:184)
	at org.apache.maven.surefire.junitplatform.JUnitPlatformProvider.invokeAllTests(JUnitPlatformProvider.java:148)
	at org.apache.maven.surefire.junitplatform.JUnitPlatformProvider.invoke(JUnitPlatformProvider.java:120)
	at org.apache.maven.surefire.booter.ForkedBooter.runSuitesInProcess(ForkedBooter.java:385)
	at org.apache.maven.surefire.booter.ForkedBooter.execute(ForkedBooter.java:162)
	at org.apache.maven.surefire.booter.ForkedBooter.run(ForkedBooter.java:507)
	at org.apache.maven.surefire.booter.ForkedBooter.main(ForkedBooter.java:495)
Caused by: java.lang.NullPointerException
	at org.apache.hadoop.ozone.container.common.volume.HddsVolume.getCommittedBytes(HddsVolume.java:303)
	at org.apache.hadoop.ozone.container.common.volume.VolumeInfoMetrics.getCommitted(VolumeInfoMetrics.java:147)
	... 111 more
2023-12-28 09:08:19,119 [main] INFO  volume.HddsVolume (HddsVolume.java:<init>(126)) - Creating HddsVolume: /home/runner/work/ozone/ozone/hadoop-ozone/integration-test/target/test-dir/MiniOzoneClusterImpl-8986566a-fb65-479a-a2d4-a5d5d2c03f68/datanode-2/data-0/containers/hdds of storage type : DISK capacity : 9223372036854775807
2023-12-28 09:08:19,119 [main] INFO  volume.MutableVolumeSet (MutableVolumeSet.java:initializeVolumeSet(173)) - Added Volume : /home/runner/work/ozone/ozone/hadoop-ozone/integration-test/target/test-dir/MiniOzoneClusterImpl-8986566a-fb65-479a-a2d4-a5d5d2c03f68/datanode-2/data-0/containers/hdds to VolumeSet
2023-12-28 09:08:19,120 [main] INFO  volume.MutableVolumeSet (MutableVolumeSet.java:initializeVolumeSet(173)) - Added Volume : /home/runner/work/ozone/ozone/hadoop-ozone/integration-test/target/test-dir/MiniOzoneClusterImpl-8986566a-fb65-479a-a2d4-a5d5d2c03f68/datanode-2/data/ratis to VolumeSet
2023-12-28 09:08:19,120 [main] INFO  ozoneimpl.OzoneContainer (HddsVolumeUtil.java:loadAllHddsVolumeDbStore(103)) - Load 1 volumes DbStore cost: 0ms
2023-12-28 09:08:19,120 [623fd51a-cd2f-46b7-bfb3-2e75fcb0d216-ContainerReader-0] INFO  ozoneimpl.ContainerReader (ContainerReader.java:readVolume(178)) - Finish verifying containers on volume /home/runner/work/ozone/ozone/hadoop-ozone/integration-test/target/test-dir/MiniOzoneClusterImpl-8986566a-fb65-479a-a2d4-a5d5d2c03f68/datanode-2/data-0/containers/hdds
2023-12-28 09:08:19,121 [main] INFO  ozoneimpl.OzoneContainer (OzoneContainer.java:buildContainerSet(326)) - Build ContainerSet costs 0s
2023-12-28 09:08:19,122 [main] INFO  server.RaftServer (ConfUtils.java:logGet(46)) - raft.rpc.type = GRPC (default)
2023-12-28 09:08:19,123 [main] INFO  grpc.GrpcConfigKeys (ConfUtils.java:logFallback(53)) - raft.grpc.admin.host = null (fallback to raft.grpc.server.host)
2023-12-28 09:08:19,123 [main] INFO  grpc.GrpcConfigKeys (ConfUtils.java:logGet(46)) - raft.grpc.admin.port = 15120 (custom)
2023-12-28 09:08:19,123 [main] INFO  grpc.GrpcConfigKeys (ConfUtils.java:logFallback(53)) - raft.grpc.client.host = null (fallback to raft.grpc.server.host)
2023-12-28 09:08:19,123 [main] INFO  grpc.GrpcConfigKeys (ConfUtils.java:logGet(46)) - raft.grpc.client.port = 15119 (custom)
2023-12-28 09:08:19,123 [main] INFO  grpc.GrpcConfigKeys (ConfUtils.java:logGet(46)) - raft.grpc.server.host = null (default)
2023-12-28 09:08:19,124 [main] INFO  grpc.GrpcConfigKeys (ConfUtils.java:logGet(46)) - raft.grpc.server.port = 15121 (custom)
2023-12-28 09:08:19,124 [main] INFO  server.GrpcService (ConfUtils.java:logGet(46)) - raft.grpc.message.size.max = 32MB (=33554432) (custom)
2023-12-28 09:08:19,124 [main] INFO  server.RaftServerConfigKeys (ConfUtils.java:logGet(46)) - raft.server.log.appender.buffer.byte-limit = 8388608 (custom)
2023-12-28 09:08:19,124 [main] INFO  server.GrpcService (ConfUtils.java:logGet(46)) - raft.grpc.flow.control.window = 5MB (=5242880) (custom)
2023-12-28 09:08:19,124 [main] INFO  server.RaftServerConfigKeys (ConfUtils.java:logGet(46)) - raft.server.rpc.request.timeout = 3000ms (default)
2023-12-28 09:08:19,125 [main] INFO  grpc.GrpcConfigKeys (ConfUtils.java:logGet(46)) - raft.grpc.server.heartbeat.channel = true (default)
2023-12-28 09:08:19,125 [main] INFO  grpc.GrpcConfigKeys (ConfUtils.java:logGet(46)) - raft.grpc.server.async.request.thread.pool.cached = true (default)
2023-12-28 09:08:19,125 [main] INFO  grpc.GrpcConfigKeys (ConfUtils.java:logGet(46)) - raft.grpc.server.async.request.thread.pool.size = 32 (default)
2023-12-28 09:08:19,127 [main] INFO  impl.DataStreamServerImpl (ConfUtils.java:logGet(46)) - raft.datastream.type = NETTY (custom)
2023-12-28 09:08:19,127 [main] INFO  server.RaftServerConfigKeys (ConfUtils.java:logGet(46)) - raft.server.data-stream.async.request.thread.pool.cached = false (default)
2023-12-28 09:08:19,127 [main] INFO  server.RaftServerConfigKeys (ConfUtils.java:logGet(46)) - raft.server.data-stream.async.request.thread.pool.size = 20 (custom)
2023-12-28 09:08:19,127 [main] INFO  server.RaftServerConfigKeys (ConfUtils.java:logGet(46)) - raft.server.data-stream.async.write.thread.pool.size = 16 (default)
2023-12-28 09:08:19,128 [main] INFO  netty.NettyConfigKeys$DataStream (ConfUtils.java:logGet(46)) - raft.netty.dataStream.server.channel.inactive.grace-period = 10min (default)
2023-12-28 09:08:19,128 [main] INFO  server.RaftServerConfigKeys (ConfUtils.java:logGet(46)) - raft.server.data-stream.client.pool.size = 10 (default)
2023-12-28 09:08:19,128 [main] INFO  netty.NettyConfigKeys$DataStream (ConfUtils.java:logGet(46)) - raft.netty.dataStream.server.use-epoll = true (default)
2023-12-28 09:08:19,128 [main] INFO  netty.NettyConfigKeys$DataStream (ConfUtils.java:logGet(46)) - raft.netty.dataStream.server.boss-group.size = 0 (default)
2023-12-28 09:08:19,129 [main] INFO  netty.NettyUtils (NettyUtils.java:newEventLoopGroup(69)) - Create EpollEventLoopGroup for 623fd51a-cd2f-46b7-bfb3-2e75fcb0d216-NettyServerStreamRpc-bossGroup; Thread size is 0.
2023-12-28 09:08:19,129 [main] INFO  netty.NettyConfigKeys$DataStream (ConfUtils.java:logGet(46)) - raft.netty.dataStream.server.worker-group.size = 0 (default)
2023-12-28 09:08:19,129 [main] INFO  netty.NettyUtils (NettyUtils.java:newEventLoopGroup(69)) - Create EpollEventLoopGroup for 623fd51a-cd2f-46b7-bfb3-2e75fcb0d216-NettyServerStreamRpc-workerGroup; Thread size is 0.
2023-12-28 09:08:19,130 [main] INFO  netty.NettyConfigKeys$DataStream (ConfUtils.java:logGet(46)) - raft.netty.dataStream.server.tls.conf = null (default)
2023-12-28 09:08:19,130 [main] INFO  netty.NettyConfigKeys$DataStream (ConfUtils.java:logGet(46)) - raft.netty.dataStream.host = null (default)
2023-12-28 09:08:19,130 [main] INFO  netty.NettyConfigKeys$DataStream (ConfUtils.java:logGet(46)) - raft.netty.dataStream.port = 15122 (custom)
2023-12-28 09:08:19,130 [main] INFO  server.RaftServerConfigKeys (ConfUtils.java:logGet(46)) - raft.server.sleep.deviation.threshold = 300ms (default)
2023-12-28 09:08:19,130 [main] INFO  server.RaftServerConfigKeys (ConfUtils.java:logGet(46)) - raft.server.close.threshold = 60s (default)
2023-12-28 09:08:19,130 [623fd51a-cd2f-46b7-bfb3-2e75fcb0d216-NettyServerStreamRpc-bossGroup--thread1] INFO  logging.LoggingHandler (AbstractInternalLogger.java:log(148)) - [id: 0x42bab5ab] REGISTERED
2023-12-28 09:08:19,131 [main] INFO  server.RaftServerConfigKeys (ConfUtils.java:logGet(46)) - raft.server.leaderelection.leader.step-down.wait-time = 10s (default)
2023-12-28 09:08:19,131 [623fd51a-cd2f-46b7-bfb3-2e75fcb0d216-NettyServerStreamRpc-bossGroup--thread1] INFO  logging.LoggingHandler (AbstractInternalLogger.java:log(148)) - [id: 0x42bab5ab] BIND: 0.0.0.0/0.0.0.0:15122
2023-12-28 09:08:19,131 [main] INFO  server.RaftServerConfigKeys (ConfUtils.java:logGet(46)) - raft.server.storage.dir = [/home/runner/work/ozone/ozone/hadoop-ozone/integration-test/target/test-dir/MiniOzoneClusterImpl-8986566a-fb65-479a-a2d4-a5d5d2c03f68/datanode-2/data/ratis] (custom)
2023-12-28 09:08:19,131 [623fd51a-cd2f-46b7-bfb3-2e75fcb0d216-NettyServerStreamRpc-bossGroup--thread1] INFO  logging.LoggingHandler (AbstractInternalLogger.java:log(148)) - [id: 0x42bab5ab, L:/0.0.0.0:15122] ACTIVE
2023-12-28 09:08:19,131 [main] INFO  server.RaftServerConfigKeys (ConfUtils.java:logGet(46)) - raft.server.threadpool.proxy.cached = true (default)
2023-12-28 09:08:19,132 [main] INFO  server.RaftServerConfigKeys (ConfUtils.java:logGet(46)) - raft.server.threadpool.proxy.size = 0 (default)
2023-12-28 09:08:19,132 [623fd51a-cd2f-46b7-bfb3-2e75fcb0d216-impl-thread1] INFO  server.RaftServer (RaftServerProxy.java:initGroupDir(264)) - 623fd51a-cd2f-46b7-bfb3-2e75fcb0d216: found a subdirectory /home/runner/work/ozone/ozone/hadoop-ozone/integration-test/target/test-dir/MiniOzoneClusterImpl-8986566a-fb65-479a-a2d4-a5d5d2c03f68/datanode-2/data/ratis/tmp
2023-12-28 09:08:19,132 [623fd51a-cd2f-46b7-bfb3-2e75fcb0d216-impl-thread1] INFO  server.RaftServer (RaftServerProxy.java:initGroupDir(269)) - 623fd51a-cd2f-46b7-bfb3-2e75fcb0d216: The directory /home/runner/work/ozone/ozone/hadoop-ozone/integration-test/target/test-dir/MiniOzoneClusterImpl-8986566a-fb65-479a-a2d4-a5d5d2c03f68/datanode-2/data/ratis/tmp is not a group directory; ignoring it. 
2023-12-28 09:08:19,132 [main] INFO  replication.ReplicationServer (ReplicationServer.java:<init>(85)) - Initializing replication server with thread count = 10 queue length = 4096
2023-12-28 09:08:19,133 [main] INFO  server.XceiverServerGrpc (XceiverServerGrpc.java:<init>(141)) - GrpcServer channel type EpollServerSocketChannel
2023-12-28 09:08:19,134 [main] INFO  replication.ReplicationSupervisor (ReplicationSupervisor.java:build(163)) - Initializing replication supervisor with thread count = 10
2023-12-28 09:08:19,134 [main] INFO  replication.ReplicationSupervisor (ReplicationSupervisor.java:nodeStateUpdated(317)) - Node state updated to IN_SERVICE, scaling executor pool size to 10
2023-12-28 09:08:19,136 [main] INFO  http.BaseHttpServer (BaseHttpServer.java:newHttpServer2BuilderForOzone(223)) - Starting Web-server for hddsDatanode at: http://0.0.0.0:15116
2023-12-28 09:08:19,136 [main] INFO  http.BaseHttpServer (BaseHttpServer.java:<init>(110)) - Hadoop Security Enabled: false Ozone Security Enabled: false Ozone HTTP Security Enabled: false 
2023-12-28 09:08:19,137 [main] WARN  server.AuthenticationFilter (AuthenticationFilter.java:constructSecretProvider(240)) - Unable to initialize FileSignerSecretProvider, falling back to use random secrets. Reason: Could not read signature secret file: /home/runner/hadoop-http-auth-signature-secret
2023-12-28 09:08:19,138 [main] INFO  http.HttpRequestLog (HttpRequestLog.java:getRequestLog(86)) - Http request log for http.requests.hddsDatanode is not defined
2023-12-28 09:08:19,139 [main] INFO  http.HttpServer2 (HttpServer2.java:addGlobalFilter(1036)) - Added global filter 'safety' (class=org.apache.hadoop.hdds.server.http.HttpServer2$QuotingInputFilter)
2023-12-28 09:08:19,139 [main] INFO  http.HttpServer2 (HttpServer2.java:addFilter(1012)) - Added filter static_user_filter (class=org.apache.hadoop.http.lib.StaticUserWebFilter$StaticUserFilter) to context hddsDatanode
2023-12-28 09:08:19,139 [main] INFO  http.HttpServer2 (HttpServer2.java:addFilter(1020)) - Added filter static_user_filter (class=org.apache.hadoop.http.lib.StaticUserWebFilter$StaticUserFilter) to context logs
2023-12-28 09:08:19,139 [main] INFO  http.HttpServer2 (HttpServer2.java:addFilter(1020)) - Added filter static_user_filter (class=org.apache.hadoop.http.lib.StaticUserWebFilter$StaticUserFilter) to context static
2023-12-28 09:08:19,140 [main] INFO  http.BaseHttpServer (BaseHttpServer.java:<init>(189)) - HTTP server of hddsDatanode uses base directory /home/runner/work/ozone/ozone/hadoop-ozone/integration-test/target/test-dir/MiniOzoneClusterImpl-8986566a-fb65-479a-a2d4-a5d5d2c03f68/datanode-2/meta/webserver
2023-12-28 09:08:19,140 [main] INFO  http.HttpServer2 (HttpServer2.java:bindListener(1236)) - Jetty bound to port 15116
2023-12-28 09:08:19,141 [main] INFO  server.Server (Server.java:doStart(375)) - jetty-9.4.53.v20231009; built: 2023-10-09T12:29:09.265Z; git: 27bde00a0b95a1d5bbee0eae7984f891d2d0f8c9; jvm 1.8.0_392-b08
2023-12-28 09:08:19,144 [main] INFO  server.session (DefaultSessionIdManager.java:doStart(334)) - DefaultSessionIdManager workerName=node0
2023-12-28 09:08:19,144 [main] INFO  server.session (DefaultSessionIdManager.java:doStart(339)) - No SessionScavenger set, using defaults
2023-12-28 09:08:19,145 [main] INFO  server.session (HouseKeeper.java:startScavenging(132)) - node0 Scavenging every 600000ms
2023-12-28 09:08:19,145 [main] INFO  handler.ContextHandler (ContextHandler.java:doStart(921)) - Started o.e.j.s.ServletContextHandler@2a1133a4{logs,/logs,file:///home/runner/work/ozone/ozone/hadoop-ozone/integration-test/target/log,AVAILABLE}
2023-12-28 09:08:19,146 [main] INFO  handler.ContextHandler (ContextHandler.java:doStart(921)) - Started o.e.j.s.ServletContextHandler@60313fc{static,/static,jar:file:/home/runner/.m2/repository/org/apache/ozone/hdds-container-service/1.5.0-SNAPSHOT/hdds-container-service-1.5.0-SNAPSHOT.jar!/webapps/static,AVAILABLE}
2023-12-28 09:08:19,179 [main] INFO  handler.ContextHandler (ContextHandler.java:doStart(921)) - Started o.e.j.w.WebAppContext@648accba{hddsDatanode,/,file:///home/runner/work/ozone/ozone/hadoop-ozone/integration-test/target/test-dir/MiniOzoneClusterImpl-8986566a-fb65-479a-a2d4-a5d5d2c03f68/datanode-2/meta/webserver/jetty-0_0_0_0-15116-hdds-container-service-1_5_0-SNAPSHOT_jar-_-any-4144973949938316367/webapp/,AVAILABLE}{jar:file:/home/runner/.m2/repository/org/apache/ozone/hdds-container-service/1.5.0-SNAPSHOT/hdds-container-service-1.5.0-SNAPSHOT.jar!/webapps/hddsDatanode}
2023-12-28 09:08:19,183 [main] INFO  server.AbstractConnector (AbstractConnector.java:doStart(333)) - Started ServerConnector@118d9d0b{HTTP/1.1, (http/1.1)}{0.0.0.0:15116}
2023-12-28 09:08:19,183 [main] INFO  server.Server (Server.java:doStart(415)) - Started @44201ms
2023-12-28 09:08:19,183 [main] WARN  impl.MetricsSystemImpl (MetricsSystemImpl.java:register(279)) - Sink prometheus already exists!
2023-12-28 09:08:19,184 [main] INFO  http.BaseHttpServer (BaseHttpServer.java:updateConnectorAddress(354)) - HTTP server of hddsDatanode listening at http://0.0.0.0:15116
2023-12-28 09:08:19,184 [main] INFO  ipc.CallQueueManager (CallQueueManager.java:<init>(90)) - Using callQueue: class java.util.concurrent.LinkedBlockingQueue, queueCapacity: 100, scheduler: class org.apache.hadoop.ipc.DefaultRpcScheduler, ipcBackoff: false.
2023-12-28 09:08:19,184 [main] INFO  ipc.Server (Server.java:<init>(1287)) - Listener at 0.0.0.0:15117
2023-12-28 09:08:19,185 [Socket Reader #1 for port 15117] INFO  ipc.Server (Server.java:run(1323)) - Starting Socket Reader #1 for port 15117
2023-12-28 09:08:19,189 [main] INFO  ozone.HddsDatanodeService (HddsDatanodeService.java:start(324)) - Datanode start with admins: [runner]
2023-12-28 09:08:19,189 [main] INFO  ozone.HddsDatanodeClientProtocolServer (HddsDatanodeClientProtocolServer.java:start(72)) - RPC server for Client /0.0.0.0:15117
2023-12-28 09:08:19,189 [IPC Server Responder] INFO  ipc.Server (Server.java:run(1562)) - IPC Server Responder: starting
2023-12-28 09:08:19,190 [IPC Server listener on 15117] INFO  ipc.Server (Server.java:run(1402)) - IPC Server listener on 15117: starting
2023-12-28 09:08:19,191 [623fd51a-cd2f-46b7-bfb3-2e75fcb0d216-DatanodeStateMachineDaemonThread] INFO  statemachine.DatanodeStateMachine (DatanodeStateMachine.java:lambda$startDaemon$1(555)) - Ozone container server started.
2023-12-28 09:08:19,191 [main] WARN  dropwizard3.Dm3MetricRegistriesImpl (Dm3MetricRegistriesImpl.java:addReporterRegistration(113)) - New reporters are added after registries were created. Some metrics will be missing from the reporter. Please add reporter before adding any new registry.
2023-12-28 09:08:19,191 [main] WARN  dropwizard3.Dm3MetricRegistriesImpl (Dm3MetricRegistriesImpl.java:addReporterRegistration(113)) - New reporters are added after registries were created. Some metrics will be missing from the reporter. Please add reporter before adding any new registry.
2023-12-28 09:08:19,191 [main] INFO  impl.MetricsSystemImpl (MetricsSystemImpl.java:init(158)) - HddsDatanode metrics system started (again)
2023-12-28 09:08:19,204 [main] INFO  ozone.HddsDatanodeService (HddsDatanodeService.java:start(239)) - HddsDatanodeService host:fv-az1384-14.e3qrh24bduyexj1tcof5x1etkc.ex.internal.cloudapp.net ip:10.1.0.14
2023-12-28 09:08:19,216 [623fd51a-cd2f-46b7-bfb3-2e75fcb0d216-DatanodeStateMachineTaskThread-0] INFO  datanode.InitDatanodeState (InitDatanodeState.java:persistContainerDatanodeDetails(139)) - DatanodeDetails is persisted to /home/runner/work/ozone/ozone/hadoop-ozone/integration-test/target/test-dir/MiniOzoneClusterImpl-8986566a-fb65-479a-a2d4-a5d5d2c03f68/datanode-2/meta/datanode.id
2023-12-28 09:08:19,230 [main] INFO  upgrade.AbstractLayoutVersionManager (AbstractLayoutVersionManager.java:init(83)) - Initializing Layout version manager with metadata layout = HADOOP_PRC_PORTS_IN_DATANODEDETAILS (version = 7), software layout = HADOOP_PRC_PORTS_IN_DATANODEDETAILS (version = 7)
2023-12-28 09:08:19,231 [main] INFO  statemachine.DatanodeStateMachine (DatanodeStateMachine.java:getEndPointTaskThreadPoolSize(299)) - Datanode State Machine Task Thread Pool size 2
2023-12-28 09:08:19,232 [main] ERROR lib.MethodMetric (MethodMetric.java:snapshot(117)) - Error invoking method getCommitted
java.lang.reflect.InvocationTargetException
	at sun.reflect.GeneratedMethodAccessor85.invoke(Unknown Source)
	at sun.reflect.DelegatingMethodAccessorImpl.invoke(DelegatingMethodAccessorImpl.java:43)
	at java.lang.reflect.Method.invoke(Method.java:498)
	at org.apache.hadoop.metrics2.lib.MethodMetric$2.snapshot(MethodMetric.java:111)
	at org.apache.hadoop.metrics2.lib.MethodMetric.snapshot(MethodMetric.java:142)
	at org.apache.hadoop.metrics2.lib.MetricsRegistry.snapshot(MetricsRegistry.java:447)
	at org.apache.hadoop.metrics2.lib.MetricsSourceBuilder$1.getMetrics(MetricsSourceBuilder.java:89)
	at org.apache.hadoop.metrics2.impl.MetricsSourceAdapter.getMetrics(MetricsSourceAdapter.java:200)
	at org.apache.hadoop.metrics2.impl.MetricsSourceAdapter.updateJmxCache(MetricsSourceAdapter.java:183)
	at org.apache.hadoop.metrics2.impl.MetricsSourceAdapter.getMBeanInfo(MetricsSourceAdapter.java:156)
	at com.sun.jmx.interceptor.DefaultMBeanServerInterceptor.getNewMBeanClassName(DefaultMBeanServerInterceptor.java:333)
	at com.sun.jmx.interceptor.DefaultMBeanServerInterceptor.registerMBean(DefaultMBeanServerInterceptor.java:319)
	at com.sun.jmx.mbeanserver.JmxMBeanServer.registerMBean(JmxMBeanServer.java:522)
	at org.apache.hadoop.metrics2.util.MBeans.register(MBeans.java:100)
	at org.apache.hadoop.metrics2.util.MBeans.register(MBeans.java:73)
	at org.apache.hadoop.metrics2.impl.MetricsSourceAdapter.startMBeans(MetricsSourceAdapter.java:222)
	at org.apache.hadoop.metrics2.impl.MetricsSourceAdapter.start(MetricsSourceAdapter.java:101)
	at org.apache.hadoop.metrics2.impl.MetricsSystemImpl.registerSource(MetricsSystemImpl.java:268)
	at org.apache.hadoop.metrics2.impl.MetricsSystemImpl.register(MetricsSystemImpl.java:233)
	at org.apache.hadoop.ozone.container.common.volume.VolumeInfoMetrics.init(VolumeInfoMetrics.java:50)
	at org.apache.hadoop.ozone.container.common.volume.VolumeInfoMetrics.<init>(VolumeInfoMetrics.java:45)
	at org.apache.hadoop.ozone.container.common.volume.HddsVolume.<init>(HddsVolume.java:123)
	at org.apache.hadoop.ozone.container.common.volume.HddsVolume.<init>(HddsVolume.java:71)
	at org.apache.hadoop.ozone.container.common.volume.HddsVolume$Builder.build(HddsVolume.java:111)
	at org.apache.hadoop.ozone.container.common.volume.HddsVolumeFactory.createVolume(HddsVolumeFactory.java:48)
	at org.apache.hadoop.ozone.container.common.volume.MutableVolumeSet.initializeVolumeSet(MutableVolumeSet.java:170)
	at org.apache.hadoop.ozone.container.common.volume.MutableVolumeSet.<init>(MutableVolumeSet.java:132)
	at org.apache.hadoop.ozone.container.common.volume.MutableVolumeSet.<init>(MutableVolumeSet.java:96)
	at org.apache.hadoop.ozone.container.ozoneimpl.OzoneContainer.<init>(OzoneContainer.java:149)
	at org.apache.hadoop.ozone.container.common.statemachine.DatanodeStateMachine.<init>(DatanodeStateMachine.java:186)
	at org.apache.hadoop.ozone.HddsDatanodeService.start(HddsDatanodeService.java:296)
	at org.apache.hadoop.ozone.MiniOzoneClusterImpl.startHddsDatanode(MiniOzoneClusterImpl.java:489)
	at java.util.ArrayList.forEach(ArrayList.java:1259)
	at org.apache.hadoop.ozone.MiniOzoneClusterImpl.startHddsDatanodes(MiniOzoneClusterImpl.java:497)
	at org.apache.hadoop.ozone.MiniOzoneClusterImpl$Builder.build(MiniOzoneClusterImpl.java:627)
	at org.apache.hadoop.ozone.client.rpc.TestWatchForCommit.init(TestWatchForCommit.java:149)
	at sun.reflect.NativeMethodAccessorImpl.invoke0(Native Method)
	at sun.reflect.NativeMethodAccessorImpl.invoke(NativeMethodAccessorImpl.java:62)
	at sun.reflect.DelegatingMethodAccessorImpl.invoke(DelegatingMethodAccessorImpl.java:43)
	at java.lang.reflect.Method.invoke(Method.java:498)
	at org.junit.platform.commons.util.ReflectionUtils.invokeMethod(ReflectionUtils.java:728)
	at org.junit.jupiter.engine.execution.MethodInvocation.proceed(MethodInvocation.java:60)
	at org.junit.jupiter.engine.execution.InvocationInterceptorChain$ValidatingInvocation.proceed(InvocationInterceptorChain.java:131)
	at org.junit.jupiter.engine.extension.TimeoutExtension.intercept(TimeoutExtension.java:156)
	at org.junit.jupiter.engine.extension.TimeoutExtension.interceptLifecycleMethod(TimeoutExtension.java:128)
	at org.junit.jupiter.engine.extension.TimeoutExtension.interceptBeforeEachMethod(TimeoutExtension.java:78)
	at org.junit.jupiter.engine.execution.InterceptingExecutableInvoker$ReflectiveInterceptorCall.lambda$ofVoidMethod$0(InterceptingExecutableInvoker.java:103)
	at org.junit.jupiter.engine.execution.InterceptingExecutableInvoker.lambda$invoke$0(InterceptingExecutableInvoker.java:93)
	at org.junit.jupiter.engine.execution.InvocationInterceptorChain$InterceptedInvocation.proceed(InvocationInterceptorChain.java:106)
	at org.junit.jupiter.engine.execution.InvocationInterceptorChain.proceed(InvocationInterceptorChain.java:64)
	at org.junit.jupiter.engine.execution.InvocationInterceptorChain.chainAndInvoke(InvocationInterceptorChain.java:45)
	at org.junit.jupiter.engine.execution.InvocationInterceptorChain.invoke(InvocationInterceptorChain.java:37)
	at org.junit.jupiter.engine.execution.InterceptingExecutableInvoker.invoke(InterceptingExecutableInvoker.java:92)
	at org.junit.jupiter.engine.execution.InterceptingExecutableInvoker.invoke(InterceptingExecutableInvoker.java:86)
	at org.junit.jupiter.engine.descriptor.ClassBasedTestDescriptor.invokeMethodInExtensionContext(ClassBasedTestDescriptor.java:521)
	at org.junit.jupiter.engine.descriptor.ClassBasedTestDescriptor.lambda$synthesizeBeforeEachMethodAdapter$23(ClassBasedTestDescriptor.java:506)
	at org.junit.jupiter.engine.descriptor.TestMethodTestDescriptor.lambda$invokeBeforeEachMethods$3(TestMethodTestDescriptor.java:175)
	at org.junit.jupiter.engine.descriptor.TestMethodTestDescriptor.lambda$invokeBeforeMethodsOrCallbacksUntilExceptionOccurs$6(TestMethodTestDescriptor.java:203)
	at org.junit.platform.engine.support.hierarchical.ThrowableCollector.execute(ThrowableCollector.java:73)
	at org.junit.jupiter.engine.descriptor.TestMethodTestDescriptor.invokeBeforeMethodsOrCallbacksUntilExceptionOccurs(TestMethodTestDescriptor.java:203)
	at org.junit.jupiter.engine.descriptor.TestMethodTestDescriptor.invokeBeforeEachMethods(TestMethodTestDescriptor.java:172)
	at org.junit.jupiter.engine.descriptor.TestMethodTestDescriptor.execute(TestMethodTestDescriptor.java:135)
	at org.junit.jupiter.engine.descriptor.TestMethodTestDescriptor.execute(TestMethodTestDescriptor.java:69)
	at org.junit.platform.engine.support.hierarchical.NodeTestTask.lambda$executeRecursively$6(NodeTestTask.java:151)
	at org.junit.platform.engine.support.hierarchical.ThrowableCollector.execute(ThrowableCollector.java:73)
	at org.junit.platform.engine.support.hierarchical.NodeTestTask.lambda$executeRecursively$8(NodeTestTask.java:141)
	at org.junit.platform.engine.support.hierarchical.Node.around(Node.java:137)
	at org.junit.platform.engine.support.hierarchical.NodeTestTask.lambda$executeRecursively$9(NodeTestTask.java:139)
	at org.junit.platform.engine.support.hierarchical.ThrowableCollector.execute(ThrowableCollector.java:73)
	at org.junit.platform.engine.support.hierarchical.NodeTestTask.executeRecursively(NodeTestTask.java:138)
	at org.junit.platform.engine.support.hierarchical.NodeTestTask.execute(NodeTestTask.java:95)
	at java.util.ArrayList.forEach(ArrayList.java:1259)
	at org.junit.platform.engine.support.hierarchical.SameThreadHierarchicalTestExecutorService.invokeAll(SameThreadHierarchicalTestExecutorService.java:41)
	at org.junit.platform.engine.support.hierarchical.NodeTestTask.lambda$executeRecursively$6(NodeTestTask.java:155)
	at org.junit.platform.engine.support.hierarchical.ThrowableCollector.execute(ThrowableCollector.java:73)
	at org.junit.platform.engine.support.hierarchical.NodeTestTask.lambda$executeRecursively$8(NodeTestTask.java:141)
	at org.junit.platform.engine.support.hierarchical.Node.around(Node.java:137)
	at org.junit.platform.engine.support.hierarchical.NodeTestTask.lambda$executeRecursively$9(NodeTestTask.java:139)
	at org.junit.platform.engine.support.hierarchical.ThrowableCollector.execute(ThrowableCollector.java:73)
	at org.junit.platform.engine.support.hierarchical.NodeTestTask.executeRecursively(NodeTestTask.java:138)
	at org.junit.platform.engine.support.hierarchical.NodeTestTask.execute(NodeTestTask.java:95)
	at java.util.ArrayList.forEach(ArrayList.java:1259)
	at org.junit.platform.engine.support.hierarchical.SameThreadHierarchicalTestExecutorService.invokeAll(SameThreadHierarchicalTestExecutorService.java:41)
	at org.junit.platform.engine.support.hierarchical.NodeTestTask.lambda$executeRecursively$6(NodeTestTask.java:155)
	at org.junit.platform.engine.support.hierarchical.ThrowableCollector.execute(ThrowableCollector.java:73)
	at org.junit.platform.engine.support.hierarchical.NodeTestTask.lambda$executeRecursively$8(NodeTestTask.java:141)
	at org.junit.platform.engine.support.hierarchical.Node.around(Node.java:137)
	at org.junit.platform.engine.support.hierarchical.NodeTestTask.lambda$executeRecursively$9(NodeTestTask.java:139)
	at org.junit.platform.engine.support.hierarchical.ThrowableCollector.execute(ThrowableCollector.java:73)
	at org.junit.platform.engine.support.hierarchical.NodeTestTask.executeRecursively(NodeTestTask.java:138)
	at org.junit.platform.engine.support.hierarchical.NodeTestTask.execute(NodeTestTask.java:95)
	at org.junit.platform.engine.support.hierarchical.SameThreadHierarchicalTestExecutorService.submit(SameThreadHierarchicalTestExecutorService.java:35)
	at org.junit.platform.engine.support.hierarchical.HierarchicalTestExecutor.execute(HierarchicalTestExecutor.java:57)
	at org.junit.platform.engine.support.hierarchical.HierarchicalTestEngine.execute(HierarchicalTestEngine.java:54)
	at org.junit.platform.launcher.core.EngineExecutionOrchestrator.execute(EngineExecutionOrchestrator.java:198)
	at org.junit.platform.launcher.core.EngineExecutionOrchestrator.execute(EngineExecutionOrchestrator.java:169)
	at org.junit.platform.launcher.core.EngineExecutionOrchestrator.execute(EngineExecutionOrchestrator.java:93)
	at org.junit.platform.launcher.core.EngineExecutionOrchestrator.lambda$execute$0(EngineExecutionOrchestrator.java:58)
	at org.junit.platform.launcher.core.EngineExecutionOrchestrator.withInterceptedStreams(EngineExecutionOrchestrator.java:141)
	at org.junit.platform.launcher.core.EngineExecutionOrchestrator.execute(EngineExecutionOrchestrator.java:57)
	at org.junit.platform.launcher.core.DefaultLauncher.execute(DefaultLauncher.java:103)
	at org.junit.platform.launcher.core.DefaultLauncher.execute(DefaultLauncher.java:85)
	at org.junit.platform.launcher.core.DelegatingLauncher.execute(DelegatingLauncher.java:47)
	at org.apache.maven.surefire.junitplatform.LazyLauncher.execute(LazyLauncher.java:56)
	at org.apache.maven.surefire.junitplatform.JUnitPlatformProvider.execute(JUnitPlatformProvider.java:184)
	at org.apache.maven.surefire.junitplatform.JUnitPlatformProvider.invokeAllTests(JUnitPlatformProvider.java:148)
	at org.apache.maven.surefire.junitplatform.JUnitPlatformProvider.invoke(JUnitPlatformProvider.java:120)
	at org.apache.maven.surefire.booter.ForkedBooter.runSuitesInProcess(ForkedBooter.java:385)
	at org.apache.maven.surefire.booter.ForkedBooter.execute(ForkedBooter.java:162)
	at org.apache.maven.surefire.booter.ForkedBooter.run(ForkedBooter.java:507)
	at org.apache.maven.surefire.booter.ForkedBooter.main(ForkedBooter.java:495)
Caused by: java.lang.NullPointerException
	at org.apache.hadoop.ozone.container.common.volume.HddsVolume.getCommittedBytes(HddsVolume.java:303)
	at org.apache.hadoop.ozone.container.common.volume.VolumeInfoMetrics.getCommitted(VolumeInfoMetrics.java:147)
	... 111 more
2023-12-28 09:08:19,233 [main] INFO  volume.HddsVolume (HddsVolume.java:<init>(126)) - Creating HddsVolume: /home/runner/work/ozone/ozone/hadoop-ozone/integration-test/target/test-dir/MiniOzoneClusterImpl-8986566a-fb65-479a-a2d4-a5d5d2c03f68/datanode-3/data-0/containers/hdds of storage type : DISK capacity : 9223372036854775807
2023-12-28 09:08:19,233 [main] INFO  volume.MutableVolumeSet (MutableVolumeSet.java:initializeVolumeSet(173)) - Added Volume : /home/runner/work/ozone/ozone/hadoop-ozone/integration-test/target/test-dir/MiniOzoneClusterImpl-8986566a-fb65-479a-a2d4-a5d5d2c03f68/datanode-3/data-0/containers/hdds to VolumeSet
2023-12-28 09:08:19,233 [main] INFO  volume.MutableVolumeSet (MutableVolumeSet.java:initializeVolumeSet(173)) - Added Volume : /home/runner/work/ozone/ozone/hadoop-ozone/integration-test/target/test-dir/MiniOzoneClusterImpl-8986566a-fb65-479a-a2d4-a5d5d2c03f68/datanode-3/data/ratis to VolumeSet
2023-12-28 09:08:19,234 [main] INFO  ozoneimpl.OzoneContainer (HddsVolumeUtil.java:loadAllHddsVolumeDbStore(103)) - Load 1 volumes DbStore cost: 0ms
2023-12-28 09:08:19,234 [f1f58aef-51f9-473c-80a3-23da74561150-ContainerReader-0] INFO  ozoneimpl.ContainerReader (ContainerReader.java:readVolume(178)) - Finish verifying containers on volume /home/runner/work/ozone/ozone/hadoop-ozone/integration-test/target/test-dir/MiniOzoneClusterImpl-8986566a-fb65-479a-a2d4-a5d5d2c03f68/datanode-3/data-0/containers/hdds
2023-12-28 09:08:19,234 [main] INFO  ozoneimpl.OzoneContainer (OzoneContainer.java:buildContainerSet(326)) - Build ContainerSet costs 0s
2023-12-28 09:08:19,236 [main] INFO  server.RaftServer (ConfUtils.java:logGet(46)) - raft.rpc.type = GRPC (default)
2023-12-28 09:08:19,236 [main] INFO  grpc.GrpcConfigKeys (ConfUtils.java:logFallback(53)) - raft.grpc.admin.host = null (fallback to raft.grpc.server.host)
2023-12-28 09:08:19,236 [main] INFO  grpc.GrpcConfigKeys (ConfUtils.java:logGet(46)) - raft.grpc.admin.port = 15129 (custom)
2023-12-28 09:08:19,236 [main] INFO  grpc.GrpcConfigKeys (ConfUtils.java:logFallback(53)) - raft.grpc.client.host = null (fallback to raft.grpc.server.host)
2023-12-28 09:08:19,236 [main] INFO  grpc.GrpcConfigKeys (ConfUtils.java:logGet(46)) - raft.grpc.client.port = 15128 (custom)
2023-12-28 09:08:19,237 [main] INFO  grpc.GrpcConfigKeys (ConfUtils.java:logGet(46)) - raft.grpc.server.host = null (default)
2023-12-28 09:08:19,237 [main] INFO  grpc.GrpcConfigKeys (ConfUtils.java:logGet(46)) - raft.grpc.server.port = 15130 (custom)
2023-12-28 09:08:19,237 [main] INFO  server.GrpcService (ConfUtils.java:logGet(46)) - raft.grpc.message.size.max = 32MB (=33554432) (custom)
2023-12-28 09:08:19,237 [main] INFO  server.RaftServerConfigKeys (ConfUtils.java:logGet(46)) - raft.server.log.appender.buffer.byte-limit = 8388608 (custom)
2023-12-28 09:08:19,237 [main] INFO  server.GrpcService (ConfUtils.java:logGet(46)) - raft.grpc.flow.control.window = 5MB (=5242880) (custom)
2023-12-28 09:08:19,237 [main] INFO  server.RaftServerConfigKeys (ConfUtils.java:logGet(46)) - raft.server.rpc.request.timeout = 3000ms (default)
2023-12-28 09:08:19,237 [main] INFO  grpc.GrpcConfigKeys (ConfUtils.java:logGet(46)) - raft.grpc.server.heartbeat.channel = true (default)
2023-12-28 09:08:19,237 [main] INFO  grpc.GrpcConfigKeys (ConfUtils.java:logGet(46)) - raft.grpc.server.async.request.thread.pool.cached = true (default)
2023-12-28 09:08:19,237 [main] INFO  grpc.GrpcConfigKeys (ConfUtils.java:logGet(46)) - raft.grpc.server.async.request.thread.pool.size = 32 (default)
2023-12-28 09:08:19,239 [main] INFO  impl.DataStreamServerImpl (ConfUtils.java:logGet(46)) - raft.datastream.type = NETTY (custom)
2023-12-28 09:08:19,239 [main] INFO  server.RaftServerConfigKeys (ConfUtils.java:logGet(46)) - raft.server.data-stream.async.request.thread.pool.cached = false (default)
2023-12-28 09:08:19,240 [main] INFO  server.RaftServerConfigKeys (ConfUtils.java:logGet(46)) - raft.server.data-stream.async.request.thread.pool.size = 20 (custom)
2023-12-28 09:08:19,240 [main] INFO  server.RaftServerConfigKeys (ConfUtils.java:logGet(46)) - raft.server.data-stream.async.write.thread.pool.size = 16 (default)
2023-12-28 09:08:19,240 [main] INFO  netty.NettyConfigKeys$DataStream (ConfUtils.java:logGet(46)) - raft.netty.dataStream.server.channel.inactive.grace-period = 10min (default)
2023-12-28 09:08:19,240 [main] INFO  server.RaftServerConfigKeys (ConfUtils.java:logGet(46)) - raft.server.data-stream.client.pool.size = 10 (default)
2023-12-28 09:08:19,240 [main] INFO  netty.NettyConfigKeys$DataStream (ConfUtils.java:logGet(46)) - raft.netty.dataStream.server.use-epoll = true (default)
2023-12-28 09:08:19,241 [main] INFO  netty.NettyConfigKeys$DataStream (ConfUtils.java:logGet(46)) - raft.netty.dataStream.server.boss-group.size = 0 (default)
2023-12-28 09:08:19,241 [main] INFO  netty.NettyUtils (NettyUtils.java:newEventLoopGroup(69)) - Create EpollEventLoopGroup for f1f58aef-51f9-473c-80a3-23da74561150-NettyServerStreamRpc-bossGroup; Thread size is 0.
2023-12-28 09:08:19,241 [main] INFO  netty.NettyConfigKeys$DataStream (ConfUtils.java:logGet(46)) - raft.netty.dataStream.server.worker-group.size = 0 (default)
2023-12-28 09:08:19,242 [main] INFO  netty.NettyUtils (NettyUtils.java:newEventLoopGroup(69)) - Create EpollEventLoopGroup for f1f58aef-51f9-473c-80a3-23da74561150-NettyServerStreamRpc-workerGroup; Thread size is 0.
2023-12-28 09:08:19,242 [main] INFO  netty.NettyConfigKeys$DataStream (ConfUtils.java:logGet(46)) - raft.netty.dataStream.server.tls.conf = null (default)
2023-12-28 09:08:19,242 [main] INFO  netty.NettyConfigKeys$DataStream (ConfUtils.java:logGet(46)) - raft.netty.dataStream.host = null (default)
2023-12-28 09:08:19,243 [main] INFO  netty.NettyConfigKeys$DataStream (ConfUtils.java:logGet(46)) - raft.netty.dataStream.port = 15131 (custom)
2023-12-28 09:08:19,244 [main] INFO  server.RaftServerConfigKeys (ConfUtils.java:logGet(46)) - raft.server.sleep.deviation.threshold = 300ms (default)
2023-12-28 09:08:19,244 [main] INFO  server.RaftServerConfigKeys (ConfUtils.java:logGet(46)) - raft.server.close.threshold = 60s (default)
2023-12-28 09:08:19,244 [main] INFO  server.RaftServerConfigKeys (ConfUtils.java:logGet(46)) - raft.server.leaderelection.leader.step-down.wait-time = 10s (default)
2023-12-28 09:08:19,244 [main] INFO  server.RaftServerConfigKeys (ConfUtils.java:logGet(46)) - raft.server.storage.dir = [/home/runner/work/ozone/ozone/hadoop-ozone/integration-test/target/test-dir/MiniOzoneClusterImpl-8986566a-fb65-479a-a2d4-a5d5d2c03f68/datanode-3/data/ratis] (custom)
2023-12-28 09:08:19,245 [main] INFO  server.RaftServerConfigKeys (ConfUtils.java:logGet(46)) - raft.server.threadpool.proxy.cached = true (default)
2023-12-28 09:08:19,245 [main] INFO  server.RaftServerConfigKeys (ConfUtils.java:logGet(46)) - raft.server.threadpool.proxy.size = 0 (default)
2023-12-28 09:08:19,245 [f1f58aef-51f9-473c-80a3-23da74561150-impl-thread1] INFO  server.RaftServer (RaftServerProxy.java:initGroupDir(264)) - f1f58aef-51f9-473c-80a3-23da74561150: found a subdirectory /home/runner/work/ozone/ozone/hadoop-ozone/integration-test/target/test-dir/MiniOzoneClusterImpl-8986566a-fb65-479a-a2d4-a5d5d2c03f68/datanode-3/data/ratis/tmp
2023-12-28 09:08:19,245 [f1f58aef-51f9-473c-80a3-23da74561150-impl-thread1] INFO  server.RaftServer (RaftServerProxy.java:initGroupDir(269)) - f1f58aef-51f9-473c-80a3-23da74561150: The directory /home/runner/work/ozone/ozone/hadoop-ozone/integration-test/target/test-dir/MiniOzoneClusterImpl-8986566a-fb65-479a-a2d4-a5d5d2c03f68/datanode-3/data/ratis/tmp is not a group directory; ignoring it. 
2023-12-28 09:08:19,245 [main] INFO  replication.ReplicationServer (ReplicationServer.java:<init>(85)) - Initializing replication server with thread count = 10 queue length = 4096
2023-12-28 09:08:19,247 [main] INFO  server.XceiverServerGrpc (XceiverServerGrpc.java:<init>(141)) - GrpcServer channel type EpollServerSocketChannel
2023-12-28 09:08:19,247 [f1f58aef-51f9-473c-80a3-23da74561150-NettyServerStreamRpc-bossGroup--thread1] INFO  logging.LoggingHandler (AbstractInternalLogger.java:log(148)) - [id: 0x97679e56] REGISTERED
2023-12-28 09:08:19,247 [f1f58aef-51f9-473c-80a3-23da74561150-NettyServerStreamRpc-bossGroup--thread1] INFO  logging.LoggingHandler (AbstractInternalLogger.java:log(148)) - [id: 0x97679e56] BIND: 0.0.0.0/0.0.0.0:15131
2023-12-28 09:08:19,247 [f1f58aef-51f9-473c-80a3-23da74561150-NettyServerStreamRpc-bossGroup--thread1] INFO  logging.LoggingHandler (AbstractInternalLogger.java:log(148)) - [id: 0x97679e56, L:/0.0.0.0:15131] ACTIVE
2023-12-28 09:08:19,248 [main] INFO  replication.ReplicationSupervisor (ReplicationSupervisor.java:build(163)) - Initializing replication supervisor with thread count = 10
2023-12-28 09:08:19,249 [main] INFO  replication.ReplicationSupervisor (ReplicationSupervisor.java:nodeStateUpdated(317)) - Node state updated to IN_SERVICE, scaling executor pool size to 10
2023-12-28 09:08:19,250 [main] INFO  http.BaseHttpServer (BaseHttpServer.java:newHttpServer2BuilderForOzone(223)) - Starting Web-server for hddsDatanode at: http://0.0.0.0:15125
2023-12-28 09:08:19,251 [main] INFO  http.BaseHttpServer (BaseHttpServer.java:<init>(110)) - Hadoop Security Enabled: false Ozone Security Enabled: false Ozone HTTP Security Enabled: false 
2023-12-28 09:08:19,252 [main] WARN  server.AuthenticationFilter (AuthenticationFilter.java:constructSecretProvider(240)) - Unable to initialize FileSignerSecretProvider, falling back to use random secrets. Reason: Could not read signature secret file: /home/runner/hadoop-http-auth-signature-secret
2023-12-28 09:08:19,254 [main] INFO  http.HttpRequestLog (HttpRequestLog.java:getRequestLog(86)) - Http request log for http.requests.hddsDatanode is not defined
2023-12-28 09:08:19,255 [main] INFO  http.HttpServer2 (HttpServer2.java:addGlobalFilter(1036)) - Added global filter 'safety' (class=org.apache.hadoop.hdds.server.http.HttpServer2$QuotingInputFilter)
2023-12-28 09:08:19,256 [main] INFO  http.HttpServer2 (HttpServer2.java:addFilter(1012)) - Added filter static_user_filter (class=org.apache.hadoop.http.lib.StaticUserWebFilter$StaticUserFilter) to context hddsDatanode
2023-12-28 09:08:19,256 [main] INFO  http.HttpServer2 (HttpServer2.java:addFilter(1020)) - Added filter static_user_filter (class=org.apache.hadoop.http.lib.StaticUserWebFilter$StaticUserFilter) to context static
2023-12-28 09:08:19,256 [main] INFO  http.HttpServer2 (HttpServer2.java:addFilter(1020)) - Added filter static_user_filter (class=org.apache.hadoop.http.lib.StaticUserWebFilter$StaticUserFilter) to context logs
2023-12-28 09:08:19,257 [main] INFO  http.BaseHttpServer (BaseHttpServer.java:<init>(189)) - HTTP server of hddsDatanode uses base directory /home/runner/work/ozone/ozone/hadoop-ozone/integration-test/target/test-dir/MiniOzoneClusterImpl-8986566a-fb65-479a-a2d4-a5d5d2c03f68/datanode-3/meta/webserver
2023-12-28 09:08:19,258 [main] INFO  http.HttpServer2 (HttpServer2.java:bindListener(1236)) - Jetty bound to port 15125
2023-12-28 09:08:19,258 [main] INFO  server.Server (Server.java:doStart(375)) - jetty-9.4.53.v20231009; built: 2023-10-09T12:29:09.265Z; git: 27bde00a0b95a1d5bbee0eae7984f891d2d0f8c9; jvm 1.8.0_392-b08
2023-12-28 09:08:19,283 [main] INFO  server.session (DefaultSessionIdManager.java:doStart(334)) - DefaultSessionIdManager workerName=node0
2023-12-28 09:08:19,283 [main] INFO  server.session (DefaultSessionIdManager.java:doStart(339)) - No SessionScavenger set, using defaults
2023-12-28 09:08:19,283 [main] INFO  server.session (HouseKeeper.java:startScavenging(132)) - node0 Scavenging every 600000ms
2023-12-28 09:08:19,287 [main] INFO  handler.ContextHandler (ContextHandler.java:doStart(921)) - Started o.e.j.s.ServletContextHandler@c152bd2{logs,/logs,file:///home/runner/work/ozone/ozone/hadoop-ozone/integration-test/target/log,AVAILABLE}
2023-12-28 09:08:19,287 [main] INFO  handler.ContextHandler (ContextHandler.java:doStart(921)) - Started o.e.j.s.ServletContextHandler@37dfcedf{static,/static,jar:file:/home/runner/.m2/repository/org/apache/ozone/hdds-container-service/1.5.0-SNAPSHOT/hdds-container-service-1.5.0-SNAPSHOT.jar!/webapps/static,AVAILABLE}
2023-12-28 09:08:19,321 [main] INFO  handler.ContextHandler (ContextHandler.java:doStart(921)) - Started o.e.j.w.WebAppContext@a98b4cf{hddsDatanode,/,file:///home/runner/work/ozone/ozone/hadoop-ozone/integration-test/target/test-dir/MiniOzoneClusterImpl-8986566a-fb65-479a-a2d4-a5d5d2c03f68/datanode-3/meta/webserver/jetty-0_0_0_0-15125-hdds-container-service-1_5_0-SNAPSHOT_jar-_-any-4462555000864884770/webapp/,AVAILABLE}{jar:file:/home/runner/.m2/repository/org/apache/ozone/hdds-container-service/1.5.0-SNAPSHOT/hdds-container-service-1.5.0-SNAPSHOT.jar!/webapps/hddsDatanode}
2023-12-28 09:08:19,323 [main] INFO  server.AbstractConnector (AbstractConnector.java:doStart(333)) - Started ServerConnector@2189cf{HTTP/1.1, (http/1.1)}{0.0.0.0:15125}
2023-12-28 09:08:19,323 [main] INFO  server.Server (Server.java:doStart(415)) - Started @44342ms
2023-12-28 09:08:19,324 [main] WARN  impl.MetricsSystemImpl (MetricsSystemImpl.java:register(279)) - Sink prometheus already exists!
2023-12-28 09:08:19,324 [main] INFO  http.BaseHttpServer (BaseHttpServer.java:updateConnectorAddress(354)) - HTTP server of hddsDatanode listening at http://0.0.0.0:15125
2023-12-28 09:08:19,325 [main] INFO  ipc.CallQueueManager (CallQueueManager.java:<init>(90)) - Using callQueue: class java.util.concurrent.LinkedBlockingQueue, queueCapacity: 100, scheduler: class org.apache.hadoop.ipc.DefaultRpcScheduler, ipcBackoff: false.
2023-12-28 09:08:19,325 [main] INFO  ipc.Server (Server.java:<init>(1287)) - Listener at 0.0.0.0:15126
2023-12-28 09:08:19,325 [Socket Reader #1 for port 15126] INFO  ipc.Server (Server.java:run(1323)) - Starting Socket Reader #1 for port 15126
2023-12-28 09:08:19,328 [main] INFO  ozone.HddsDatanodeService (HddsDatanodeService.java:start(324)) - Datanode start with admins: [runner]
2023-12-28 09:08:19,328 [main] INFO  ozone.HddsDatanodeClientProtocolServer (HddsDatanodeClientProtocolServer.java:start(72)) - RPC server for Client /0.0.0.0:15126
2023-12-28 09:08:19,328 [IPC Server Responder] INFO  ipc.Server (Server.java:run(1562)) - IPC Server Responder: starting
2023-12-28 09:08:19,334 [IPC Server listener on 15126] INFO  ipc.Server (Server.java:run(1402)) - IPC Server listener on 15126: starting
2023-12-28 09:08:19,334 [f1f58aef-51f9-473c-80a3-23da74561150-DatanodeStateMachineDaemonThread] INFO  statemachine.DatanodeStateMachine (DatanodeStateMachine.java:lambda$startDaemon$1(555)) - Ozone container server started.
2023-12-28 09:08:19,334 [main] WARN  dropwizard3.Dm3MetricRegistriesImpl (Dm3MetricRegistriesImpl.java:addReporterRegistration(113)) - New reporters are added after registries were created. Some metrics will be missing from the reporter. Please add reporter before adding any new registry.
2023-12-28 09:08:19,336 [main] WARN  dropwizard3.Dm3MetricRegistriesImpl (Dm3MetricRegistriesImpl.java:addReporterRegistration(113)) - New reporters are added after registries were created. Some metrics will be missing from the reporter. Please add reporter before adding any new registry.
2023-12-28 09:08:19,336 [main] INFO  impl.MetricsSystemImpl (MetricsSystemImpl.java:init(158)) - HddsDatanode metrics system started (again)
2023-12-28 09:08:19,345 [main] INFO  ozone.HddsDatanodeService (HddsDatanodeService.java:start(239)) - HddsDatanodeService host:fv-az1384-14.e3qrh24bduyexj1tcof5x1etkc.ex.internal.cloudapp.net ip:10.1.0.14
2023-12-28 09:08:19,350 [f1f58aef-51f9-473c-80a3-23da74561150-DatanodeStateMachineTaskThread-0] INFO  datanode.InitDatanodeState (InitDatanodeState.java:persistContainerDatanodeDetails(139)) - DatanodeDetails is persisted to /home/runner/work/ozone/ozone/hadoop-ozone/integration-test/target/test-dir/MiniOzoneClusterImpl-8986566a-fb65-479a-a2d4-a5d5d2c03f68/datanode-3/meta/datanode.id
2023-12-28 09:08:19,361 [main] INFO  upgrade.AbstractLayoutVersionManager (AbstractLayoutVersionManager.java:init(83)) - Initializing Layout version manager with metadata layout = HADOOP_PRC_PORTS_IN_DATANODEDETAILS (version = 7), software layout = HADOOP_PRC_PORTS_IN_DATANODEDETAILS (version = 7)
2023-12-28 09:08:19,362 [main] INFO  statemachine.DatanodeStateMachine (DatanodeStateMachine.java:getEndPointTaskThreadPoolSize(299)) - Datanode State Machine Task Thread Pool size 2
2023-12-28 09:08:19,364 [main] ERROR lib.MethodMetric (MethodMetric.java:snapshot(117)) - Error invoking method getCommitted
java.lang.reflect.InvocationTargetException
	at sun.reflect.GeneratedMethodAccessor85.invoke(Unknown Source)
	at sun.reflect.DelegatingMethodAccessorImpl.invoke(DelegatingMethodAccessorImpl.java:43)
	at java.lang.reflect.Method.invoke(Method.java:498)
	at org.apache.hadoop.metrics2.lib.MethodMetric$2.snapshot(MethodMetric.java:111)
	at org.apache.hadoop.metrics2.lib.MethodMetric.snapshot(MethodMetric.java:142)
	at org.apache.hadoop.metrics2.lib.MetricsRegistry.snapshot(MetricsRegistry.java:447)
	at org.apache.hadoop.metrics2.lib.MetricsSourceBuilder$1.getMetrics(MetricsSourceBuilder.java:89)
	at org.apache.hadoop.metrics2.impl.MetricsSourceAdapter.getMetrics(MetricsSourceAdapter.java:200)
	at org.apache.hadoop.metrics2.impl.MetricsSourceAdapter.updateJmxCache(MetricsSourceAdapter.java:183)
	at org.apache.hadoop.metrics2.impl.MetricsSourceAdapter.getMBeanInfo(MetricsSourceAdapter.java:156)
	at com.sun.jmx.interceptor.DefaultMBeanServerInterceptor.getNewMBeanClassName(DefaultMBeanServerInterceptor.java:333)
	at com.sun.jmx.interceptor.DefaultMBeanServerInterceptor.registerMBean(DefaultMBeanServerInterceptor.java:319)
	at com.sun.jmx.mbeanserver.JmxMBeanServer.registerMBean(JmxMBeanServer.java:522)
	at org.apache.hadoop.metrics2.util.MBeans.register(MBeans.java:100)
	at org.apache.hadoop.metrics2.util.MBeans.register(MBeans.java:73)
	at org.apache.hadoop.metrics2.impl.MetricsSourceAdapter.startMBeans(MetricsSourceAdapter.java:222)
	at org.apache.hadoop.metrics2.impl.MetricsSourceAdapter.start(MetricsSourceAdapter.java:101)
	at org.apache.hadoop.metrics2.impl.MetricsSystemImpl.registerSource(MetricsSystemImpl.java:268)
	at org.apache.hadoop.metrics2.impl.MetricsSystemImpl.register(MetricsSystemImpl.java:233)
	at org.apache.hadoop.ozone.container.common.volume.VolumeInfoMetrics.init(VolumeInfoMetrics.java:50)
	at org.apache.hadoop.ozone.container.common.volume.VolumeInfoMetrics.<init>(VolumeInfoMetrics.java:45)
	at org.apache.hadoop.ozone.container.common.volume.HddsVolume.<init>(HddsVolume.java:123)
	at org.apache.hadoop.ozone.container.common.volume.HddsVolume.<init>(HddsVolume.java:71)
	at org.apache.hadoop.ozone.container.common.volume.HddsVolume$Builder.build(HddsVolume.java:111)
	at org.apache.hadoop.ozone.container.common.volume.HddsVolumeFactory.createVolume(HddsVolumeFactory.java:48)
	at org.apache.hadoop.ozone.container.common.volume.MutableVolumeSet.initializeVolumeSet(MutableVolumeSet.java:170)
	at org.apache.hadoop.ozone.container.common.volume.MutableVolumeSet.<init>(MutableVolumeSet.java:132)
	at org.apache.hadoop.ozone.container.common.volume.MutableVolumeSet.<init>(MutableVolumeSet.java:96)
	at org.apache.hadoop.ozone.container.ozoneimpl.OzoneContainer.<init>(OzoneContainer.java:149)
	at org.apache.hadoop.ozone.container.common.statemachine.DatanodeStateMachine.<init>(DatanodeStateMachine.java:186)
	at org.apache.hadoop.ozone.HddsDatanodeService.start(HddsDatanodeService.java:296)
	at org.apache.hadoop.ozone.MiniOzoneClusterImpl.startHddsDatanode(MiniOzoneClusterImpl.java:489)
	at java.util.ArrayList.forEach(ArrayList.java:1259)
	at org.apache.hadoop.ozone.MiniOzoneClusterImpl.startHddsDatanodes(MiniOzoneClusterImpl.java:497)
	at org.apache.hadoop.ozone.MiniOzoneClusterImpl$Builder.build(MiniOzoneClusterImpl.java:627)
	at org.apache.hadoop.ozone.client.rpc.TestWatchForCommit.init(TestWatchForCommit.java:149)
	at sun.reflect.NativeMethodAccessorImpl.invoke0(Native Method)
	at sun.reflect.NativeMethodAccessorImpl.invoke(NativeMethodAccessorImpl.java:62)
	at sun.reflect.DelegatingMethodAccessorImpl.invoke(DelegatingMethodAccessorImpl.java:43)
	at java.lang.reflect.Method.invoke(Method.java:498)
	at org.junit.platform.commons.util.ReflectionUtils.invokeMethod(ReflectionUtils.java:728)
	at org.junit.jupiter.engine.execution.MethodInvocation.proceed(MethodInvocation.java:60)
	at org.junit.jupiter.engine.execution.InvocationInterceptorChain$ValidatingInvocation.proceed(InvocationInterceptorChain.java:131)
	at org.junit.jupiter.engine.extension.TimeoutExtension.intercept(TimeoutExtension.java:156)
	at org.junit.jupiter.engine.extension.TimeoutExtension.interceptLifecycleMethod(TimeoutExtension.java:128)
	at org.junit.jupiter.engine.extension.TimeoutExtension.interceptBeforeEachMethod(TimeoutExtension.java:78)
	at org.junit.jupiter.engine.execution.InterceptingExecutableInvoker$ReflectiveInterceptorCall.lambda$ofVoidMethod$0(InterceptingExecutableInvoker.java:103)
	at org.junit.jupiter.engine.execution.InterceptingExecutableInvoker.lambda$invoke$0(InterceptingExecutableInvoker.java:93)
	at org.junit.jupiter.engine.execution.InvocationInterceptorChain$InterceptedInvocation.proceed(InvocationInterceptorChain.java:106)
	at org.junit.jupiter.engine.execution.InvocationInterceptorChain.proceed(InvocationInterceptorChain.java:64)
	at org.junit.jupiter.engine.execution.InvocationInterceptorChain.chainAndInvoke(InvocationInterceptorChain.java:45)
	at org.junit.jupiter.engine.execution.InvocationInterceptorChain.invoke(InvocationInterceptorChain.java:37)
	at org.junit.jupiter.engine.execution.InterceptingExecutableInvoker.invoke(InterceptingExecutableInvoker.java:92)
	at org.junit.jupiter.engine.execution.InterceptingExecutableInvoker.invoke(InterceptingExecutableInvoker.java:86)
	at org.junit.jupiter.engine.descriptor.ClassBasedTestDescriptor.invokeMethodInExtensionContext(ClassBasedTestDescriptor.java:521)
	at org.junit.jupiter.engine.descriptor.ClassBasedTestDescriptor.lambda$synthesizeBeforeEachMethodAdapter$23(ClassBasedTestDescriptor.java:506)
	at org.junit.jupiter.engine.descriptor.TestMethodTestDescriptor.lambda$invokeBeforeEachMethods$3(TestMethodTestDescriptor.java:175)
	at org.junit.jupiter.engine.descriptor.TestMethodTestDescriptor.lambda$invokeBeforeMethodsOrCallbacksUntilExceptionOccurs$6(TestMethodTestDescriptor.java:203)
	at org.junit.platform.engine.support.hierarchical.ThrowableCollector.execute(ThrowableCollector.java:73)
	at org.junit.jupiter.engine.descriptor.TestMethodTestDescriptor.invokeBeforeMethodsOrCallbacksUntilExceptionOccurs(TestMethodTestDescriptor.java:203)
	at org.junit.jupiter.engine.descriptor.TestMethodTestDescriptor.invokeBeforeEachMethods(TestMethodTestDescriptor.java:172)
	at org.junit.jupiter.engine.descriptor.TestMethodTestDescriptor.execute(TestMethodTestDescriptor.java:135)
	at org.junit.jupiter.engine.descriptor.TestMethodTestDescriptor.execute(TestMethodTestDescriptor.java:69)
	at org.junit.platform.engine.support.hierarchical.NodeTestTask.lambda$executeRecursively$6(NodeTestTask.java:151)
	at org.junit.platform.engine.support.hierarchical.ThrowableCollector.execute(ThrowableCollector.java:73)
	at org.junit.platform.engine.support.hierarchical.NodeTestTask.lambda$executeRecursively$8(NodeTestTask.java:141)
	at org.junit.platform.engine.support.hierarchical.Node.around(Node.java:137)
	at org.junit.platform.engine.support.hierarchical.NodeTestTask.lambda$executeRecursively$9(NodeTestTask.java:139)
	at org.junit.platform.engine.support.hierarchical.ThrowableCollector.execute(ThrowableCollector.java:73)
	at org.junit.platform.engine.support.hierarchical.NodeTestTask.executeRecursively(NodeTestTask.java:138)
	at org.junit.platform.engine.support.hierarchical.NodeTestTask.execute(NodeTestTask.java:95)
	at java.util.ArrayList.forEach(ArrayList.java:1259)
	at org.junit.platform.engine.support.hierarchical.SameThreadHierarchicalTestExecutorService.invokeAll(SameThreadHierarchicalTestExecutorService.java:41)
	at org.junit.platform.engine.support.hierarchical.NodeTestTask.lambda$executeRecursively$6(NodeTestTask.java:155)
	at org.junit.platform.engine.support.hierarchical.ThrowableCollector.execute(ThrowableCollector.java:73)
	at org.junit.platform.engine.support.hierarchical.NodeTestTask.lambda$executeRecursively$8(NodeTestTask.java:141)
	at org.junit.platform.engine.support.hierarchical.Node.around(Node.java:137)
	at org.junit.platform.engine.support.hierarchical.NodeTestTask.lambda$executeRecursively$9(NodeTestTask.java:139)
	at org.junit.platform.engine.support.hierarchical.ThrowableCollector.execute(ThrowableCollector.java:73)
	at org.junit.platform.engine.support.hierarchical.NodeTestTask.executeRecursively(NodeTestTask.java:138)
	at org.junit.platform.engine.support.hierarchical.NodeTestTask.execute(NodeTestTask.java:95)
	at java.util.ArrayList.forEach(ArrayList.java:1259)
	at org.junit.platform.engine.support.hierarchical.SameThreadHierarchicalTestExecutorService.invokeAll(SameThreadHierarchicalTestExecutorService.java:41)
	at org.junit.platform.engine.support.hierarchical.NodeTestTask.lambda$executeRecursively$6(NodeTestTask.java:155)
	at org.junit.platform.engine.support.hierarchical.ThrowableCollector.execute(ThrowableCollector.java:73)
	at org.junit.platform.engine.support.hierarchical.NodeTestTask.lambda$executeRecursively$8(NodeTestTask.java:141)
	at org.junit.platform.engine.support.hierarchical.Node.around(Node.java:137)
	at org.junit.platform.engine.support.hierarchical.NodeTestTask.lambda$executeRecursively$9(NodeTestTask.java:139)
	at org.junit.platform.engine.support.hierarchical.ThrowableCollector.execute(ThrowableCollector.java:73)
	at org.junit.platform.engine.support.hierarchical.NodeTestTask.executeRecursively(NodeTestTask.java:138)
	at org.junit.platform.engine.support.hierarchical.NodeTestTask.execute(NodeTestTask.java:95)
	at org.junit.platform.engine.support.hierarchical.SameThreadHierarchicalTestExecutorService.submit(SameThreadHierarchicalTestExecutorService.java:35)
	at org.junit.platform.engine.support.hierarchical.HierarchicalTestExecutor.execute(HierarchicalTestExecutor.java:57)
	at org.junit.platform.engine.support.hierarchical.HierarchicalTestEngine.execute(HierarchicalTestEngine.java:54)
	at org.junit.platform.launcher.core.EngineExecutionOrchestrator.execute(EngineExecutionOrchestrator.java:198)
	at org.junit.platform.launcher.core.EngineExecutionOrchestrator.execute(EngineExecutionOrchestrator.java:169)
	at org.junit.platform.launcher.core.EngineExecutionOrchestrator.execute(EngineExecutionOrchestrator.java:93)
	at org.junit.platform.launcher.core.EngineExecutionOrchestrator.lambda$execute$0(EngineExecutionOrchestrator.java:58)
	at org.junit.platform.launcher.core.EngineExecutionOrchestrator.withInterceptedStreams(EngineExecutionOrchestrator.java:141)
	at org.junit.platform.launcher.core.EngineExecutionOrchestrator.execute(EngineExecutionOrchestrator.java:57)
	at org.junit.platform.launcher.core.DefaultLauncher.execute(DefaultLauncher.java:103)
	at org.junit.platform.launcher.core.DefaultLauncher.execute(DefaultLauncher.java:85)
	at org.junit.platform.launcher.core.DelegatingLauncher.execute(DelegatingLauncher.java:47)
	at org.apache.maven.surefire.junitplatform.LazyLauncher.execute(LazyLauncher.java:56)
	at org.apache.maven.surefire.junitplatform.JUnitPlatformProvider.execute(JUnitPlatformProvider.java:184)
	at org.apache.maven.surefire.junitplatform.JUnitPlatformProvider.invokeAllTests(JUnitPlatformProvider.java:148)
	at org.apache.maven.surefire.junitplatform.JUnitPlatformProvider.invoke(JUnitPlatformProvider.java:120)
	at org.apache.maven.surefire.booter.ForkedBooter.runSuitesInProcess(ForkedBooter.java:385)
	at org.apache.maven.surefire.booter.ForkedBooter.execute(ForkedBooter.java:162)
	at org.apache.maven.surefire.booter.ForkedBooter.run(ForkedBooter.java:507)
	at org.apache.maven.surefire.booter.ForkedBooter.main(ForkedBooter.java:495)
Caused by: java.lang.NullPointerException
	at org.apache.hadoop.ozone.container.common.volume.HddsVolume.getCommittedBytes(HddsVolume.java:303)
	at org.apache.hadoop.ozone.container.common.volume.VolumeInfoMetrics.getCommitted(VolumeInfoMetrics.java:147)
	... 111 more
2023-12-28 09:08:19,364 [main] INFO  volume.HddsVolume (HddsVolume.java:<init>(126)) - Creating HddsVolume: /home/runner/work/ozone/ozone/hadoop-ozone/integration-test/target/test-dir/MiniOzoneClusterImpl-8986566a-fb65-479a-a2d4-a5d5d2c03f68/datanode-4/data-0/containers/hdds of storage type : DISK capacity : 9223372036854775807
2023-12-28 09:08:19,365 [main] INFO  volume.MutableVolumeSet (MutableVolumeSet.java:initializeVolumeSet(173)) - Added Volume : /home/runner/work/ozone/ozone/hadoop-ozone/integration-test/target/test-dir/MiniOzoneClusterImpl-8986566a-fb65-479a-a2d4-a5d5d2c03f68/datanode-4/data-0/containers/hdds to VolumeSet
2023-12-28 09:08:19,365 [main] INFO  volume.MutableVolumeSet (MutableVolumeSet.java:initializeVolumeSet(173)) - Added Volume : /home/runner/work/ozone/ozone/hadoop-ozone/integration-test/target/test-dir/MiniOzoneClusterImpl-8986566a-fb65-479a-a2d4-a5d5d2c03f68/datanode-4/data/ratis to VolumeSet
2023-12-28 09:08:19,366 [main] INFO  ozoneimpl.OzoneContainer (HddsVolumeUtil.java:loadAllHddsVolumeDbStore(103)) - Load 1 volumes DbStore cost: 0ms
2023-12-28 09:08:19,366 [c45be0a3-c489-4780-aa5f-c0744aea279b-ContainerReader-0] INFO  ozoneimpl.ContainerReader (ContainerReader.java:readVolume(178)) - Finish verifying containers on volume /home/runner/work/ozone/ozone/hadoop-ozone/integration-test/target/test-dir/MiniOzoneClusterImpl-8986566a-fb65-479a-a2d4-a5d5d2c03f68/datanode-4/data-0/containers/hdds
2023-12-28 09:08:19,366 [main] INFO  ozoneimpl.OzoneContainer (OzoneContainer.java:buildContainerSet(326)) - Build ContainerSet costs 0s
2023-12-28 09:08:19,368 [main] INFO  server.RaftServer (ConfUtils.java:logGet(46)) - raft.rpc.type = GRPC (default)
2023-12-28 09:08:19,368 [main] INFO  grpc.GrpcConfigKeys (ConfUtils.java:logFallback(53)) - raft.grpc.admin.host = null (fallback to raft.grpc.server.host)
2023-12-28 09:08:19,369 [main] INFO  grpc.GrpcConfigKeys (ConfUtils.java:logGet(46)) - raft.grpc.admin.port = 15138 (custom)
2023-12-28 09:08:19,369 [main] INFO  grpc.GrpcConfigKeys (ConfUtils.java:logFallback(53)) - raft.grpc.client.host = null (fallback to raft.grpc.server.host)
2023-12-28 09:08:19,369 [main] INFO  grpc.GrpcConfigKeys (ConfUtils.java:logGet(46)) - raft.grpc.client.port = 15137 (custom)
2023-12-28 09:08:19,369 [main] INFO  grpc.GrpcConfigKeys (ConfUtils.java:logGet(46)) - raft.grpc.server.host = null (default)
2023-12-28 09:08:19,369 [main] INFO  grpc.GrpcConfigKeys (ConfUtils.java:logGet(46)) - raft.grpc.server.port = 15139 (custom)
2023-12-28 09:08:19,370 [main] INFO  server.GrpcService (ConfUtils.java:logGet(46)) - raft.grpc.message.size.max = 32MB (=33554432) (custom)
2023-12-28 09:08:19,370 [main] INFO  server.RaftServerConfigKeys (ConfUtils.java:logGet(46)) - raft.server.log.appender.buffer.byte-limit = 8388608 (custom)
2023-12-28 09:08:19,370 [main] INFO  server.GrpcService (ConfUtils.java:logGet(46)) - raft.grpc.flow.control.window = 5MB (=5242880) (custom)
2023-12-28 09:08:19,370 [main] INFO  server.RaftServerConfigKeys (ConfUtils.java:logGet(46)) - raft.server.rpc.request.timeout = 3000ms (default)
2023-12-28 09:08:19,370 [main] INFO  grpc.GrpcConfigKeys (ConfUtils.java:logGet(46)) - raft.grpc.server.heartbeat.channel = true (default)
2023-12-28 09:08:19,371 [main] INFO  grpc.GrpcConfigKeys (ConfUtils.java:logGet(46)) - raft.grpc.server.async.request.thread.pool.cached = true (default)
2023-12-28 09:08:19,371 [main] INFO  grpc.GrpcConfigKeys (ConfUtils.java:logGet(46)) - raft.grpc.server.async.request.thread.pool.size = 32 (default)
2023-12-28 09:08:19,373 [main] INFO  impl.DataStreamServerImpl (ConfUtils.java:logGet(46)) - raft.datastream.type = NETTY (custom)
2023-12-28 09:08:19,373 [main] INFO  server.RaftServerConfigKeys (ConfUtils.java:logGet(46)) - raft.server.data-stream.async.request.thread.pool.cached = false (default)
2023-12-28 09:08:19,373 [main] INFO  server.RaftServerConfigKeys (ConfUtils.java:logGet(46)) - raft.server.data-stream.async.request.thread.pool.size = 20 (custom)
2023-12-28 09:08:19,373 [main] INFO  server.RaftServerConfigKeys (ConfUtils.java:logGet(46)) - raft.server.data-stream.async.write.thread.pool.size = 16 (default)
2023-12-28 09:08:19,374 [main] INFO  netty.NettyConfigKeys$DataStream (ConfUtils.java:logGet(46)) - raft.netty.dataStream.server.channel.inactive.grace-period = 10min (default)
2023-12-28 09:08:19,374 [main] INFO  server.RaftServerConfigKeys (ConfUtils.java:logGet(46)) - raft.server.data-stream.client.pool.size = 10 (default)
2023-12-28 09:08:19,374 [main] INFO  netty.NettyConfigKeys$DataStream (ConfUtils.java:logGet(46)) - raft.netty.dataStream.server.use-epoll = true (default)
2023-12-28 09:08:19,374 [main] INFO  netty.NettyConfigKeys$DataStream (ConfUtils.java:logGet(46)) - raft.netty.dataStream.server.boss-group.size = 0 (default)
2023-12-28 09:08:19,374 [main] INFO  netty.NettyUtils (NettyUtils.java:newEventLoopGroup(69)) - Create EpollEventLoopGroup for c45be0a3-c489-4780-aa5f-c0744aea279b-NettyServerStreamRpc-bossGroup; Thread size is 0.
2023-12-28 09:08:19,375 [main] INFO  netty.NettyConfigKeys$DataStream (ConfUtils.java:logGet(46)) - raft.netty.dataStream.server.worker-group.size = 0 (default)
2023-12-28 09:08:19,375 [main] INFO  netty.NettyUtils (NettyUtils.java:newEventLoopGroup(69)) - Create EpollEventLoopGroup for c45be0a3-c489-4780-aa5f-c0744aea279b-NettyServerStreamRpc-workerGroup; Thread size is 0.
2023-12-28 09:08:19,375 [main] INFO  netty.NettyConfigKeys$DataStream (ConfUtils.java:logGet(46)) - raft.netty.dataStream.server.tls.conf = null (default)
2023-12-28 09:08:19,376 [main] INFO  netty.NettyConfigKeys$DataStream (ConfUtils.java:logGet(46)) - raft.netty.dataStream.host = null (default)
2023-12-28 09:08:19,376 [main] INFO  netty.NettyConfigKeys$DataStream (ConfUtils.java:logGet(46)) - raft.netty.dataStream.port = 15140 (custom)
2023-12-28 09:08:19,376 [main] INFO  server.RaftServerConfigKeys (ConfUtils.java:logGet(46)) - raft.server.sleep.deviation.threshold = 300ms (default)
2023-12-28 09:08:19,376 [main] INFO  server.RaftServerConfigKeys (ConfUtils.java:logGet(46)) - raft.server.close.threshold = 60s (default)
2023-12-28 09:08:19,376 [c45be0a3-c489-4780-aa5f-c0744aea279b-NettyServerStreamRpc-bossGroup--thread1] INFO  logging.LoggingHandler (AbstractInternalLogger.java:log(148)) - [id: 0xffe27f20] REGISTERED
2023-12-28 09:08:19,377 [main] INFO  server.RaftServerConfigKeys (ConfUtils.java:logGet(46)) - raft.server.leaderelection.leader.step-down.wait-time = 10s (default)
2023-12-28 09:08:19,377 [c45be0a3-c489-4780-aa5f-c0744aea279b-NettyServerStreamRpc-bossGroup--thread1] INFO  logging.LoggingHandler (AbstractInternalLogger.java:log(148)) - [id: 0xffe27f20] BIND: 0.0.0.0/0.0.0.0:15140
2023-12-28 09:08:19,377 [main] INFO  server.RaftServerConfigKeys (ConfUtils.java:logGet(46)) - raft.server.storage.dir = [/home/runner/work/ozone/ozone/hadoop-ozone/integration-test/target/test-dir/MiniOzoneClusterImpl-8986566a-fb65-479a-a2d4-a5d5d2c03f68/datanode-4/data/ratis] (custom)
2023-12-28 09:08:19,377 [c45be0a3-c489-4780-aa5f-c0744aea279b-NettyServerStreamRpc-bossGroup--thread1] INFO  logging.LoggingHandler (AbstractInternalLogger.java:log(148)) - [id: 0xffe27f20, L:/0.0.0.0:15140] ACTIVE
2023-12-28 09:08:19,377 [main] INFO  server.RaftServerConfigKeys (ConfUtils.java:logGet(46)) - raft.server.threadpool.proxy.cached = true (default)
2023-12-28 09:08:19,377 [main] INFO  server.RaftServerConfigKeys (ConfUtils.java:logGet(46)) - raft.server.threadpool.proxy.size = 0 (default)
2023-12-28 09:08:19,378 [c45be0a3-c489-4780-aa5f-c0744aea279b-impl-thread1] INFO  server.RaftServer (RaftServerProxy.java:initGroupDir(264)) - c45be0a3-c489-4780-aa5f-c0744aea279b: found a subdirectory /home/runner/work/ozone/ozone/hadoop-ozone/integration-test/target/test-dir/MiniOzoneClusterImpl-8986566a-fb65-479a-a2d4-a5d5d2c03f68/datanode-4/data/ratis/tmp
2023-12-28 09:08:19,378 [c45be0a3-c489-4780-aa5f-c0744aea279b-impl-thread1] INFO  server.RaftServer (RaftServerProxy.java:initGroupDir(269)) - c45be0a3-c489-4780-aa5f-c0744aea279b: The directory /home/runner/work/ozone/ozone/hadoop-ozone/integration-test/target/test-dir/MiniOzoneClusterImpl-8986566a-fb65-479a-a2d4-a5d5d2c03f68/datanode-4/data/ratis/tmp is not a group directory; ignoring it. 
2023-12-28 09:08:19,378 [main] INFO  replication.ReplicationServer (ReplicationServer.java:<init>(85)) - Initializing replication server with thread count = 10 queue length = 4096
2023-12-28 09:08:19,379 [main] INFO  server.XceiverServerGrpc (XceiverServerGrpc.java:<init>(141)) - GrpcServer channel type EpollServerSocketChannel
2023-12-28 09:08:19,380 [main] INFO  replication.ReplicationSupervisor (ReplicationSupervisor.java:build(163)) - Initializing replication supervisor with thread count = 10
2023-12-28 09:08:19,380 [main] INFO  replication.ReplicationSupervisor (ReplicationSupervisor.java:nodeStateUpdated(317)) - Node state updated to IN_SERVICE, scaling executor pool size to 10
2023-12-28 09:08:19,381 [main] INFO  http.BaseHttpServer (BaseHttpServer.java:newHttpServer2BuilderForOzone(223)) - Starting Web-server for hddsDatanode at: http://0.0.0.0:15134
2023-12-28 09:08:19,382 [main] INFO  http.BaseHttpServer (BaseHttpServer.java:<init>(110)) - Hadoop Security Enabled: false Ozone Security Enabled: false Ozone HTTP Security Enabled: false 
2023-12-28 09:08:19,382 [main] WARN  server.AuthenticationFilter (AuthenticationFilter.java:constructSecretProvider(240)) - Unable to initialize FileSignerSecretProvider, falling back to use random secrets. Reason: Could not read signature secret file: /home/runner/hadoop-http-auth-signature-secret
2023-12-28 09:08:19,383 [main] INFO  http.HttpRequestLog (HttpRequestLog.java:getRequestLog(86)) - Http request log for http.requests.hddsDatanode is not defined
2023-12-28 09:08:19,384 [main] INFO  http.HttpServer2 (HttpServer2.java:addGlobalFilter(1036)) - Added global filter 'safety' (class=org.apache.hadoop.hdds.server.http.HttpServer2$QuotingInputFilter)
2023-12-28 09:08:19,384 [main] INFO  http.HttpServer2 (HttpServer2.java:addFilter(1012)) - Added filter static_user_filter (class=org.apache.hadoop.http.lib.StaticUserWebFilter$StaticUserFilter) to context hddsDatanode
2023-12-28 09:08:19,384 [main] INFO  http.HttpServer2 (HttpServer2.java:addFilter(1020)) - Added filter static_user_filter (class=org.apache.hadoop.http.lib.StaticUserWebFilter$StaticUserFilter) to context static
2023-12-28 09:08:19,386 [main] INFO  http.HttpServer2 (HttpServer2.java:addFilter(1020)) - Added filter static_user_filter (class=org.apache.hadoop.http.lib.StaticUserWebFilter$StaticUserFilter) to context logs
2023-12-28 09:08:19,387 [main] INFO  http.BaseHttpServer (BaseHttpServer.java:<init>(189)) - HTTP server of hddsDatanode uses base directory /home/runner/work/ozone/ozone/hadoop-ozone/integration-test/target/test-dir/MiniOzoneClusterImpl-8986566a-fb65-479a-a2d4-a5d5d2c03f68/datanode-4/meta/webserver
2023-12-28 09:08:19,387 [main] INFO  http.HttpServer2 (HttpServer2.java:bindListener(1236)) - Jetty bound to port 15134
2023-12-28 09:08:19,388 [main] INFO  server.Server (Server.java:doStart(375)) - jetty-9.4.53.v20231009; built: 2023-10-09T12:29:09.265Z; git: 27bde00a0b95a1d5bbee0eae7984f891d2d0f8c9; jvm 1.8.0_392-b08
2023-12-28 09:08:19,396 [main] INFO  server.session (DefaultSessionIdManager.java:doStart(334)) - DefaultSessionIdManager workerName=node0
2023-12-28 09:08:19,397 [main] INFO  server.session (DefaultSessionIdManager.java:doStart(339)) - No SessionScavenger set, using defaults
2023-12-28 09:08:19,397 [main] INFO  server.session (HouseKeeper.java:startScavenging(132)) - node0 Scavenging every 600000ms
2023-12-28 09:08:19,398 [main] INFO  handler.ContextHandler (ContextHandler.java:doStart(921)) - Started o.e.j.s.ServletContextHandler@12e3465c{logs,/logs,file:///home/runner/work/ozone/ozone/hadoop-ozone/integration-test/target/log,AVAILABLE}
2023-12-28 09:08:19,398 [main] INFO  handler.ContextHandler (ContextHandler.java:doStart(921)) - Started o.e.j.s.ServletContextHandler@1ec23fda{static,/static,jar:file:/home/runner/.m2/repository/org/apache/ozone/hdds-container-service/1.5.0-SNAPSHOT/hdds-container-service-1.5.0-SNAPSHOT.jar!/webapps/static,AVAILABLE}
2023-12-28 09:08:19,436 [main] INFO  handler.ContextHandler (ContextHandler.java:doStart(921)) - Started o.e.j.w.WebAppContext@1e84b2de{hddsDatanode,/,file:///home/runner/work/ozone/ozone/hadoop-ozone/integration-test/target/test-dir/MiniOzoneClusterImpl-8986566a-fb65-479a-a2d4-a5d5d2c03f68/datanode-4/meta/webserver/jetty-0_0_0_0-15134-hdds-container-service-1_5_0-SNAPSHOT_jar-_-any-75898522846512094/webapp/,AVAILABLE}{jar:file:/home/runner/.m2/repository/org/apache/ozone/hdds-container-service/1.5.0-SNAPSHOT/hdds-container-service-1.5.0-SNAPSHOT.jar!/webapps/hddsDatanode}
2023-12-28 09:08:19,438 [main] INFO  server.AbstractConnector (AbstractConnector.java:doStart(333)) - Started ServerConnector@1f2956f1{HTTP/1.1, (http/1.1)}{0.0.0.0:15134}
2023-12-28 09:08:19,438 [main] INFO  server.Server (Server.java:doStart(415)) - Started @44456ms
2023-12-28 09:08:19,438 [main] WARN  impl.MetricsSystemImpl (MetricsSystemImpl.java:register(279)) - Sink prometheus already exists!
2023-12-28 09:08:19,439 [main] INFO  http.BaseHttpServer (BaseHttpServer.java:updateConnectorAddress(354)) - HTTP server of hddsDatanode listening at http://0.0.0.0:15134
2023-12-28 09:08:19,439 [main] INFO  ipc.CallQueueManager (CallQueueManager.java:<init>(90)) - Using callQueue: class java.util.concurrent.LinkedBlockingQueue, queueCapacity: 100, scheduler: class org.apache.hadoop.ipc.DefaultRpcScheduler, ipcBackoff: false.
2023-12-28 09:08:19,439 [main] INFO  ipc.Server (Server.java:<init>(1287)) - Listener at 0.0.0.0:15135
2023-12-28 09:08:19,440 [Socket Reader #1 for port 15135] INFO  ipc.Server (Server.java:run(1323)) - Starting Socket Reader #1 for port 15135
2023-12-28 09:08:19,441 [main] INFO  ozone.HddsDatanodeService (HddsDatanodeService.java:start(324)) - Datanode start with admins: [runner]
2023-12-28 09:08:19,441 [main] INFO  ozone.HddsDatanodeClientProtocolServer (HddsDatanodeClientProtocolServer.java:start(72)) - RPC server for Client /0.0.0.0:15135
2023-12-28 09:08:19,441 [IPC Server Responder] INFO  ipc.Server (Server.java:run(1562)) - IPC Server Responder: starting
2023-12-28 09:08:19,441 [IPC Server listener on 15135] INFO  ipc.Server (Server.java:run(1402)) - IPC Server listener on 15135: starting
2023-12-28 09:08:19,442 [c45be0a3-c489-4780-aa5f-c0744aea279b-DatanodeStateMachineDaemonThread] INFO  statemachine.DatanodeStateMachine (DatanodeStateMachine.java:lambda$startDaemon$1(555)) - Ozone container server started.
2023-12-28 09:08:19,442 [main] WARN  dropwizard3.Dm3MetricRegistriesImpl (Dm3MetricRegistriesImpl.java:addReporterRegistration(113)) - New reporters are added after registries were created. Some metrics will be missing from the reporter. Please add reporter before adding any new registry.
2023-12-28 09:08:19,443 [main] WARN  dropwizard3.Dm3MetricRegistriesImpl (Dm3MetricRegistriesImpl.java:addReporterRegistration(113)) - New reporters are added after registries were created. Some metrics will be missing from the reporter. Please add reporter before adding any new registry.
2023-12-28 09:08:19,443 [main] INFO  impl.MetricsSystemImpl (MetricsSystemImpl.java:init(158)) - HddsDatanode metrics system started (again)
2023-12-28 09:08:19,453 [main] INFO  ozone.HddsDatanodeService (HddsDatanodeService.java:start(239)) - HddsDatanodeService host:fv-az1384-14.e3qrh24bduyexj1tcof5x1etkc.ex.internal.cloudapp.net ip:10.1.0.14
2023-12-28 09:08:19,455 [c45be0a3-c489-4780-aa5f-c0744aea279b-DatanodeStateMachineTaskThread-0] INFO  datanode.InitDatanodeState (InitDatanodeState.java:persistContainerDatanodeDetails(139)) - DatanodeDetails is persisted to /home/runner/work/ozone/ozone/hadoop-ozone/integration-test/target/test-dir/MiniOzoneClusterImpl-8986566a-fb65-479a-a2d4-a5d5d2c03f68/datanode-4/meta/datanode.id
2023-12-28 09:08:19,472 [main] INFO  upgrade.AbstractLayoutVersionManager (AbstractLayoutVersionManager.java:init(83)) - Initializing Layout version manager with metadata layout = HADOOP_PRC_PORTS_IN_DATANODEDETAILS (version = 7), software layout = HADOOP_PRC_PORTS_IN_DATANODEDETAILS (version = 7)
2023-12-28 09:08:19,472 [main] INFO  statemachine.DatanodeStateMachine (DatanodeStateMachine.java:getEndPointTaskThreadPoolSize(299)) - Datanode State Machine Task Thread Pool size 2
2023-12-28 09:08:19,473 [main] ERROR lib.MethodMetric (MethodMetric.java:snapshot(117)) - Error invoking method getCommitted
java.lang.reflect.InvocationTargetException
	at sun.reflect.GeneratedMethodAccessor85.invoke(Unknown Source)
	at sun.reflect.DelegatingMethodAccessorImpl.invoke(DelegatingMethodAccessorImpl.java:43)
	at java.lang.reflect.Method.invoke(Method.java:498)
	at org.apache.hadoop.metrics2.lib.MethodMetric$2.snapshot(MethodMetric.java:111)
	at org.apache.hadoop.metrics2.lib.MethodMetric.snapshot(MethodMetric.java:142)
	at org.apache.hadoop.metrics2.lib.MetricsRegistry.snapshot(MetricsRegistry.java:447)
	at org.apache.hadoop.metrics2.lib.MetricsSourceBuilder$1.getMetrics(MetricsSourceBuilder.java:89)
	at org.apache.hadoop.metrics2.impl.MetricsSourceAdapter.getMetrics(MetricsSourceAdapter.java:200)
	at org.apache.hadoop.metrics2.impl.MetricsSourceAdapter.updateJmxCache(MetricsSourceAdapter.java:183)
	at org.apache.hadoop.metrics2.impl.MetricsSourceAdapter.getMBeanInfo(MetricsSourceAdapter.java:156)
	at com.sun.jmx.interceptor.DefaultMBeanServerInterceptor.getNewMBeanClassName(DefaultMBeanServerInterceptor.java:333)
	at com.sun.jmx.interceptor.DefaultMBeanServerInterceptor.registerMBean(DefaultMBeanServerInterceptor.java:319)
	at com.sun.jmx.mbeanserver.JmxMBeanServer.registerMBean(JmxMBeanServer.java:522)
	at org.apache.hadoop.metrics2.util.MBeans.register(MBeans.java:100)
	at org.apache.hadoop.metrics2.util.MBeans.register(MBeans.java:73)
	at org.apache.hadoop.metrics2.impl.MetricsSourceAdapter.startMBeans(MetricsSourceAdapter.java:222)
	at org.apache.hadoop.metrics2.impl.MetricsSourceAdapter.start(MetricsSourceAdapter.java:101)
	at org.apache.hadoop.metrics2.impl.MetricsSystemImpl.registerSource(MetricsSystemImpl.java:268)
	at org.apache.hadoop.metrics2.impl.MetricsSystemImpl.register(MetricsSystemImpl.java:233)
	at org.apache.hadoop.ozone.container.common.volume.VolumeInfoMetrics.init(VolumeInfoMetrics.java:50)
	at org.apache.hadoop.ozone.container.common.volume.VolumeInfoMetrics.<init>(VolumeInfoMetrics.java:45)
	at org.apache.hadoop.ozone.container.common.volume.HddsVolume.<init>(HddsVolume.java:123)
	at org.apache.hadoop.ozone.container.common.volume.HddsVolume.<init>(HddsVolume.java:71)
	at org.apache.hadoop.ozone.container.common.volume.HddsVolume$Builder.build(HddsVolume.java:111)
	at org.apache.hadoop.ozone.container.common.volume.HddsVolumeFactory.createVolume(HddsVolumeFactory.java:48)
	at org.apache.hadoop.ozone.container.common.volume.MutableVolumeSet.initializeVolumeSet(MutableVolumeSet.java:170)
	at org.apache.hadoop.ozone.container.common.volume.MutableVolumeSet.<init>(MutableVolumeSet.java:132)
	at org.apache.hadoop.ozone.container.common.volume.MutableVolumeSet.<init>(MutableVolumeSet.java:96)
	at org.apache.hadoop.ozone.container.ozoneimpl.OzoneContainer.<init>(OzoneContainer.java:149)
	at org.apache.hadoop.ozone.container.common.statemachine.DatanodeStateMachine.<init>(DatanodeStateMachine.java:186)
	at org.apache.hadoop.ozone.HddsDatanodeService.start(HddsDatanodeService.java:296)
	at org.apache.hadoop.ozone.MiniOzoneClusterImpl.startHddsDatanode(MiniOzoneClusterImpl.java:489)
	at java.util.ArrayList.forEach(ArrayList.java:1259)
	at org.apache.hadoop.ozone.MiniOzoneClusterImpl.startHddsDatanodes(MiniOzoneClusterImpl.java:497)
	at org.apache.hadoop.ozone.MiniOzoneClusterImpl$Builder.build(MiniOzoneClusterImpl.java:627)
	at org.apache.hadoop.ozone.client.rpc.TestWatchForCommit.init(TestWatchForCommit.java:149)
	at sun.reflect.NativeMethodAccessorImpl.invoke0(Native Method)
	at sun.reflect.NativeMethodAccessorImpl.invoke(NativeMethodAccessorImpl.java:62)
	at sun.reflect.DelegatingMethodAccessorImpl.invoke(DelegatingMethodAccessorImpl.java:43)
	at java.lang.reflect.Method.invoke(Method.java:498)
	at org.junit.platform.commons.util.ReflectionUtils.invokeMethod(ReflectionUtils.java:728)
	at org.junit.jupiter.engine.execution.MethodInvocation.proceed(MethodInvocation.java:60)
	at org.junit.jupiter.engine.execution.InvocationInterceptorChain$ValidatingInvocation.proceed(InvocationInterceptorChain.java:131)
	at org.junit.jupiter.engine.extension.TimeoutExtension.intercept(TimeoutExtension.java:156)
	at org.junit.jupiter.engine.extension.TimeoutExtension.interceptLifecycleMethod(TimeoutExtension.java:128)
	at org.junit.jupiter.engine.extension.TimeoutExtension.interceptBeforeEachMethod(TimeoutExtension.java:78)
	at org.junit.jupiter.engine.execution.InterceptingExecutableInvoker$ReflectiveInterceptorCall.lambda$ofVoidMethod$0(InterceptingExecutableInvoker.java:103)
	at org.junit.jupiter.engine.execution.InterceptingExecutableInvoker.lambda$invoke$0(InterceptingExecutableInvoker.java:93)
	at org.junit.jupiter.engine.execution.InvocationInterceptorChain$InterceptedInvocation.proceed(InvocationInterceptorChain.java:106)
	at org.junit.jupiter.engine.execution.InvocationInterceptorChain.proceed(InvocationInterceptorChain.java:64)
	at org.junit.jupiter.engine.execution.InvocationInterceptorChain.chainAndInvoke(InvocationInterceptorChain.java:45)
	at org.junit.jupiter.engine.execution.InvocationInterceptorChain.invoke(InvocationInterceptorChain.java:37)
	at org.junit.jupiter.engine.execution.InterceptingExecutableInvoker.invoke(InterceptingExecutableInvoker.java:92)
	at org.junit.jupiter.engine.execution.InterceptingExecutableInvoker.invoke(InterceptingExecutableInvoker.java:86)
	at org.junit.jupiter.engine.descriptor.ClassBasedTestDescriptor.invokeMethodInExtensionContext(ClassBasedTestDescriptor.java:521)
	at org.junit.jupiter.engine.descriptor.ClassBasedTestDescriptor.lambda$synthesizeBeforeEachMethodAdapter$23(ClassBasedTestDescriptor.java:506)
	at org.junit.jupiter.engine.descriptor.TestMethodTestDescriptor.lambda$invokeBeforeEachMethods$3(TestMethodTestDescriptor.java:175)
	at org.junit.jupiter.engine.descriptor.TestMethodTestDescriptor.lambda$invokeBeforeMethodsOrCallbacksUntilExceptionOccurs$6(TestMethodTestDescriptor.java:203)
	at org.junit.platform.engine.support.hierarchical.ThrowableCollector.execute(ThrowableCollector.java:73)
	at org.junit.jupiter.engine.descriptor.TestMethodTestDescriptor.invokeBeforeMethodsOrCallbacksUntilExceptionOccurs(TestMethodTestDescriptor.java:203)
	at org.junit.jupiter.engine.descriptor.TestMethodTestDescriptor.invokeBeforeEachMethods(TestMethodTestDescriptor.java:172)
	at org.junit.jupiter.engine.descriptor.TestMethodTestDescriptor.execute(TestMethodTestDescriptor.java:135)
	at org.junit.jupiter.engine.descriptor.TestMethodTestDescriptor.execute(TestMethodTestDescriptor.java:69)
	at org.junit.platform.engine.support.hierarchical.NodeTestTask.lambda$executeRecursively$6(NodeTestTask.java:151)
	at org.junit.platform.engine.support.hierarchical.ThrowableCollector.execute(ThrowableCollector.java:73)
	at org.junit.platform.engine.support.hierarchical.NodeTestTask.lambda$executeRecursively$8(NodeTestTask.java:141)
	at org.junit.platform.engine.support.hierarchical.Node.around(Node.java:137)
	at org.junit.platform.engine.support.hierarchical.NodeTestTask.lambda$executeRecursively$9(NodeTestTask.java:139)
	at org.junit.platform.engine.support.hierarchical.ThrowableCollector.execute(ThrowableCollector.java:73)
	at org.junit.platform.engine.support.hierarchical.NodeTestTask.executeRecursively(NodeTestTask.java:138)
	at org.junit.platform.engine.support.hierarchical.NodeTestTask.execute(NodeTestTask.java:95)
	at java.util.ArrayList.forEach(ArrayList.java:1259)
	at org.junit.platform.engine.support.hierarchical.SameThreadHierarchicalTestExecutorService.invokeAll(SameThreadHierarchicalTestExecutorService.java:41)
	at org.junit.platform.engine.support.hierarchical.NodeTestTask.lambda$executeRecursively$6(NodeTestTask.java:155)
	at org.junit.platform.engine.support.hierarchical.ThrowableCollector.execute(ThrowableCollector.java:73)
	at org.junit.platform.engine.support.hierarchical.NodeTestTask.lambda$executeRecursively$8(NodeTestTask.java:141)
	at org.junit.platform.engine.support.hierarchical.Node.around(Node.java:137)
	at org.junit.platform.engine.support.hierarchical.NodeTestTask.lambda$executeRecursively$9(NodeTestTask.java:139)
	at org.junit.platform.engine.support.hierarchical.ThrowableCollector.execute(ThrowableCollector.java:73)
	at org.junit.platform.engine.support.hierarchical.NodeTestTask.executeRecursively(NodeTestTask.java:138)
	at org.junit.platform.engine.support.hierarchical.NodeTestTask.execute(NodeTestTask.java:95)
	at java.util.ArrayList.forEach(ArrayList.java:1259)
	at org.junit.platform.engine.support.hierarchical.SameThreadHierarchicalTestExecutorService.invokeAll(SameThreadHierarchicalTestExecutorService.java:41)
	at org.junit.platform.engine.support.hierarchical.NodeTestTask.lambda$executeRecursively$6(NodeTestTask.java:155)
	at org.junit.platform.engine.support.hierarchical.ThrowableCollector.execute(ThrowableCollector.java:73)
	at org.junit.platform.engine.support.hierarchical.NodeTestTask.lambda$executeRecursively$8(NodeTestTask.java:141)
	at org.junit.platform.engine.support.hierarchical.Node.around(Node.java:137)
	at org.junit.platform.engine.support.hierarchical.NodeTestTask.lambda$executeRecursively$9(NodeTestTask.java:139)
	at org.junit.platform.engine.support.hierarchical.ThrowableCollector.execute(ThrowableCollector.java:73)
	at org.junit.platform.engine.support.hierarchical.NodeTestTask.executeRecursively(NodeTestTask.java:138)
	at org.junit.platform.engine.support.hierarchical.NodeTestTask.execute(NodeTestTask.java:95)
	at org.junit.platform.engine.support.hierarchical.SameThreadHierarchicalTestExecutorService.submit(SameThreadHierarchicalTestExecutorService.java:35)
	at org.junit.platform.engine.support.hierarchical.HierarchicalTestExecutor.execute(HierarchicalTestExecutor.java:57)
	at org.junit.platform.engine.support.hierarchical.HierarchicalTestEngine.execute(HierarchicalTestEngine.java:54)
	at org.junit.platform.launcher.core.EngineExecutionOrchestrator.execute(EngineExecutionOrchestrator.java:198)
	at org.junit.platform.launcher.core.EngineExecutionOrchestrator.execute(EngineExecutionOrchestrator.java:169)
	at org.junit.platform.launcher.core.EngineExecutionOrchestrator.execute(EngineExecutionOrchestrator.java:93)
	at org.junit.platform.launcher.core.EngineExecutionOrchestrator.lambda$execute$0(EngineExecutionOrchestrator.java:58)
	at org.junit.platform.launcher.core.EngineExecutionOrchestrator.withInterceptedStreams(EngineExecutionOrchestrator.java:141)
	at org.junit.platform.launcher.core.EngineExecutionOrchestrator.execute(EngineExecutionOrchestrator.java:57)
	at org.junit.platform.launcher.core.DefaultLauncher.execute(DefaultLauncher.java:103)
	at org.junit.platform.launcher.core.DefaultLauncher.execute(DefaultLauncher.java:85)
	at org.junit.platform.launcher.core.DelegatingLauncher.execute(DelegatingLauncher.java:47)
	at org.apache.maven.surefire.junitplatform.LazyLauncher.execute(LazyLauncher.java:56)
	at org.apache.maven.surefire.junitplatform.JUnitPlatformProvider.execute(JUnitPlatformProvider.java:184)
	at org.apache.maven.surefire.junitplatform.JUnitPlatformProvider.invokeAllTests(JUnitPlatformProvider.java:148)
	at org.apache.maven.surefire.junitplatform.JUnitPlatformProvider.invoke(JUnitPlatformProvider.java:120)
	at org.apache.maven.surefire.booter.ForkedBooter.runSuitesInProcess(ForkedBooter.java:385)
	at org.apache.maven.surefire.booter.ForkedBooter.execute(ForkedBooter.java:162)
	at org.apache.maven.surefire.booter.ForkedBooter.run(ForkedBooter.java:507)
	at org.apache.maven.surefire.booter.ForkedBooter.main(ForkedBooter.java:495)
Caused by: java.lang.NullPointerException
	at org.apache.hadoop.ozone.container.common.volume.HddsVolume.getCommittedBytes(HddsVolume.java:303)
	at org.apache.hadoop.ozone.container.common.volume.VolumeInfoMetrics.getCommitted(VolumeInfoMetrics.java:147)
	... 111 more
2023-12-28 09:08:19,474 [main] INFO  volume.HddsVolume (HddsVolume.java:<init>(126)) - Creating HddsVolume: /home/runner/work/ozone/ozone/hadoop-ozone/integration-test/target/test-dir/MiniOzoneClusterImpl-8986566a-fb65-479a-a2d4-a5d5d2c03f68/datanode-5/data-0/containers/hdds of storage type : DISK capacity : 9223372036854775807
2023-12-28 09:08:19,474 [main] INFO  volume.MutableVolumeSet (MutableVolumeSet.java:initializeVolumeSet(173)) - Added Volume : /home/runner/work/ozone/ozone/hadoop-ozone/integration-test/target/test-dir/MiniOzoneClusterImpl-8986566a-fb65-479a-a2d4-a5d5d2c03f68/datanode-5/data-0/containers/hdds to VolumeSet
2023-12-28 09:08:19,475 [main] INFO  volume.MutableVolumeSet (MutableVolumeSet.java:initializeVolumeSet(173)) - Added Volume : /home/runner/work/ozone/ozone/hadoop-ozone/integration-test/target/test-dir/MiniOzoneClusterImpl-8986566a-fb65-479a-a2d4-a5d5d2c03f68/datanode-5/data/ratis to VolumeSet
2023-12-28 09:08:19,475 [main] INFO  ozoneimpl.OzoneContainer (HddsVolumeUtil.java:loadAllHddsVolumeDbStore(103)) - Load 1 volumes DbStore cost: 0ms
2023-12-28 09:08:19,475 [a88a6c70-ad04-4ba2-9985-df8f03985c47-ContainerReader-0] INFO  ozoneimpl.ContainerReader (ContainerReader.java:readVolume(178)) - Finish verifying containers on volume /home/runner/work/ozone/ozone/hadoop-ozone/integration-test/target/test-dir/MiniOzoneClusterImpl-8986566a-fb65-479a-a2d4-a5d5d2c03f68/datanode-5/data-0/containers/hdds
2023-12-28 09:08:19,475 [main] INFO  ozoneimpl.OzoneContainer (OzoneContainer.java:buildContainerSet(326)) - Build ContainerSet costs 0s
2023-12-28 09:08:19,477 [main] INFO  server.RaftServer (ConfUtils.java:logGet(46)) - raft.rpc.type = GRPC (default)
2023-12-28 09:08:19,477 [main] INFO  grpc.GrpcConfigKeys (ConfUtils.java:logFallback(53)) - raft.grpc.admin.host = null (fallback to raft.grpc.server.host)
2023-12-28 09:08:19,477 [main] INFO  grpc.GrpcConfigKeys (ConfUtils.java:logGet(46)) - raft.grpc.admin.port = 15147 (custom)
2023-12-28 09:08:19,478 [main] INFO  grpc.GrpcConfigKeys (ConfUtils.java:logFallback(53)) - raft.grpc.client.host = null (fallback to raft.grpc.server.host)
2023-12-28 09:08:19,478 [main] INFO  grpc.GrpcConfigKeys (ConfUtils.java:logGet(46)) - raft.grpc.client.port = 15146 (custom)
2023-12-28 09:08:19,478 [main] INFO  grpc.GrpcConfigKeys (ConfUtils.java:logGet(46)) - raft.grpc.server.host = null (default)
2023-12-28 09:08:19,478 [main] INFO  grpc.GrpcConfigKeys (ConfUtils.java:logGet(46)) - raft.grpc.server.port = 15148 (custom)
2023-12-28 09:08:19,478 [main] INFO  server.GrpcService (ConfUtils.java:logGet(46)) - raft.grpc.message.size.max = 32MB (=33554432) (custom)
2023-12-28 09:08:19,479 [main] INFO  server.RaftServerConfigKeys (ConfUtils.java:logGet(46)) - raft.server.log.appender.buffer.byte-limit = 8388608 (custom)
2023-12-28 09:08:19,479 [main] INFO  server.GrpcService (ConfUtils.java:logGet(46)) - raft.grpc.flow.control.window = 5MB (=5242880) (custom)
2023-12-28 09:08:19,479 [main] INFO  server.RaftServerConfigKeys (ConfUtils.java:logGet(46)) - raft.server.rpc.request.timeout = 3000ms (default)
2023-12-28 09:08:19,479 [main] INFO  grpc.GrpcConfigKeys (ConfUtils.java:logGet(46)) - raft.grpc.server.heartbeat.channel = true (default)
2023-12-28 09:08:19,479 [main] INFO  grpc.GrpcConfigKeys (ConfUtils.java:logGet(46)) - raft.grpc.server.async.request.thread.pool.cached = true (default)
2023-12-28 09:08:19,479 [main] INFO  grpc.GrpcConfigKeys (ConfUtils.java:logGet(46)) - raft.grpc.server.async.request.thread.pool.size = 32 (default)
2023-12-28 09:08:19,481 [main] INFO  impl.DataStreamServerImpl (ConfUtils.java:logGet(46)) - raft.datastream.type = NETTY (custom)
2023-12-28 09:08:19,482 [main] INFO  server.RaftServerConfigKeys (ConfUtils.java:logGet(46)) - raft.server.data-stream.async.request.thread.pool.cached = false (default)
2023-12-28 09:08:19,482 [main] INFO  server.RaftServerConfigKeys (ConfUtils.java:logGet(46)) - raft.server.data-stream.async.request.thread.pool.size = 20 (custom)
2023-12-28 09:08:19,482 [main] INFO  server.RaftServerConfigKeys (ConfUtils.java:logGet(46)) - raft.server.data-stream.async.write.thread.pool.size = 16 (default)
2023-12-28 09:08:19,482 [main] INFO  netty.NettyConfigKeys$DataStream (ConfUtils.java:logGet(46)) - raft.netty.dataStream.server.channel.inactive.grace-period = 10min (default)
2023-12-28 09:08:19,482 [main] INFO  server.RaftServerConfigKeys (ConfUtils.java:logGet(46)) - raft.server.data-stream.client.pool.size = 10 (default)
2023-12-28 09:08:19,482 [main] INFO  netty.NettyConfigKeys$DataStream (ConfUtils.java:logGet(46)) - raft.netty.dataStream.server.use-epoll = true (default)
2023-12-28 09:08:19,482 [main] INFO  netty.NettyConfigKeys$DataStream (ConfUtils.java:logGet(46)) - raft.netty.dataStream.server.boss-group.size = 0 (default)
2023-12-28 09:08:19,482 [main] INFO  netty.NettyUtils (NettyUtils.java:newEventLoopGroup(69)) - Create EpollEventLoopGroup for a88a6c70-ad04-4ba2-9985-df8f03985c47-NettyServerStreamRpc-bossGroup; Thread size is 0.
2023-12-28 09:08:19,483 [main] INFO  netty.NettyConfigKeys$DataStream (ConfUtils.java:logGet(46)) - raft.netty.dataStream.server.worker-group.size = 0 (default)
2023-12-28 09:08:19,484 [main] INFO  netty.NettyUtils (NettyUtils.java:newEventLoopGroup(69)) - Create EpollEventLoopGroup for a88a6c70-ad04-4ba2-9985-df8f03985c47-NettyServerStreamRpc-workerGroup; Thread size is 0.
2023-12-28 09:08:19,484 [main] INFO  netty.NettyConfigKeys$DataStream (ConfUtils.java:logGet(46)) - raft.netty.dataStream.server.tls.conf = null (default)
2023-12-28 09:08:19,484 [main] INFO  netty.NettyConfigKeys$DataStream (ConfUtils.java:logGet(46)) - raft.netty.dataStream.host = null (default)
2023-12-28 09:08:19,484 [main] INFO  netty.NettyConfigKeys$DataStream (ConfUtils.java:logGet(46)) - raft.netty.dataStream.port = 15149 (custom)
2023-12-28 09:08:19,485 [main] INFO  server.RaftServerConfigKeys (ConfUtils.java:logGet(46)) - raft.server.sleep.deviation.threshold = 300ms (default)
2023-12-28 09:08:19,485 [main] INFO  server.RaftServerConfigKeys (ConfUtils.java:logGet(46)) - raft.server.close.threshold = 60s (default)
2023-12-28 09:08:19,485 [a88a6c70-ad04-4ba2-9985-df8f03985c47-NettyServerStreamRpc-bossGroup--thread1] INFO  logging.LoggingHandler (AbstractInternalLogger.java:log(148)) - [id: 0xb701eaae] REGISTERED
2023-12-28 09:08:19,485 [main] INFO  server.RaftServerConfigKeys (ConfUtils.java:logGet(46)) - raft.server.leaderelection.leader.step-down.wait-time = 10s (default)
2023-12-28 09:08:19,485 [a88a6c70-ad04-4ba2-9985-df8f03985c47-NettyServerStreamRpc-bossGroup--thread1] INFO  logging.LoggingHandler (AbstractInternalLogger.java:log(148)) - [id: 0xb701eaae] BIND: 0.0.0.0/0.0.0.0:15149
2023-12-28 09:08:19,486 [main] INFO  server.RaftServerConfigKeys (ConfUtils.java:logGet(46)) - raft.server.storage.dir = [/home/runner/work/ozone/ozone/hadoop-ozone/integration-test/target/test-dir/MiniOzoneClusterImpl-8986566a-fb65-479a-a2d4-a5d5d2c03f68/datanode-5/data/ratis] (custom)
2023-12-28 09:08:19,486 [a88a6c70-ad04-4ba2-9985-df8f03985c47-NettyServerStreamRpc-bossGroup--thread1] INFO  logging.LoggingHandler (AbstractInternalLogger.java:log(148)) - [id: 0xb701eaae, L:/0.0.0.0:15149] ACTIVE
2023-12-28 09:08:19,486 [main] INFO  server.RaftServerConfigKeys (ConfUtils.java:logGet(46)) - raft.server.threadpool.proxy.cached = true (default)
2023-12-28 09:08:19,486 [main] INFO  server.RaftServerConfigKeys (ConfUtils.java:logGet(46)) - raft.server.threadpool.proxy.size = 0 (default)
2023-12-28 09:08:19,486 [a88a6c70-ad04-4ba2-9985-df8f03985c47-impl-thread1] INFO  server.RaftServer (RaftServerProxy.java:initGroupDir(264)) - a88a6c70-ad04-4ba2-9985-df8f03985c47: found a subdirectory /home/runner/work/ozone/ozone/hadoop-ozone/integration-test/target/test-dir/MiniOzoneClusterImpl-8986566a-fb65-479a-a2d4-a5d5d2c03f68/datanode-5/data/ratis/tmp
2023-12-28 09:08:19,487 [a88a6c70-ad04-4ba2-9985-df8f03985c47-impl-thread1] INFO  server.RaftServer (RaftServerProxy.java:initGroupDir(269)) - a88a6c70-ad04-4ba2-9985-df8f03985c47: The directory /home/runner/work/ozone/ozone/hadoop-ozone/integration-test/target/test-dir/MiniOzoneClusterImpl-8986566a-fb65-479a-a2d4-a5d5d2c03f68/datanode-5/data/ratis/tmp is not a group directory; ignoring it. 
2023-12-28 09:08:19,487 [main] INFO  replication.ReplicationServer (ReplicationServer.java:<init>(85)) - Initializing replication server with thread count = 10 queue length = 4096
2023-12-28 09:08:19,488 [main] INFO  server.XceiverServerGrpc (XceiverServerGrpc.java:<init>(141)) - GrpcServer channel type EpollServerSocketChannel
2023-12-28 09:08:19,489 [main] INFO  replication.ReplicationSupervisor (ReplicationSupervisor.java:build(163)) - Initializing replication supervisor with thread count = 10
2023-12-28 09:08:19,489 [main] INFO  replication.ReplicationSupervisor (ReplicationSupervisor.java:nodeStateUpdated(317)) - Node state updated to IN_SERVICE, scaling executor pool size to 10
2023-12-28 09:08:19,491 [main] INFO  http.BaseHttpServer (BaseHttpServer.java:newHttpServer2BuilderForOzone(223)) - Starting Web-server for hddsDatanode at: http://0.0.0.0:15143
2023-12-28 09:08:19,491 [main] INFO  http.BaseHttpServer (BaseHttpServer.java:<init>(110)) - Hadoop Security Enabled: false Ozone Security Enabled: false Ozone HTTP Security Enabled: false 
2023-12-28 09:08:19,492 [main] WARN  server.AuthenticationFilter (AuthenticationFilter.java:constructSecretProvider(240)) - Unable to initialize FileSignerSecretProvider, falling back to use random secrets. Reason: Could not read signature secret file: /home/runner/hadoop-http-auth-signature-secret
2023-12-28 09:08:19,494 [main] INFO  http.HttpRequestLog (HttpRequestLog.java:getRequestLog(86)) - Http request log for http.requests.hddsDatanode is not defined
2023-12-28 09:08:19,496 [main] INFO  http.HttpServer2 (HttpServer2.java:addGlobalFilter(1036)) - Added global filter 'safety' (class=org.apache.hadoop.hdds.server.http.HttpServer2$QuotingInputFilter)
2023-12-28 09:08:19,496 [main] INFO  http.HttpServer2 (HttpServer2.java:addFilter(1012)) - Added filter static_user_filter (class=org.apache.hadoop.http.lib.StaticUserWebFilter$StaticUserFilter) to context hddsDatanode
2023-12-28 09:08:19,496 [main] INFO  http.HttpServer2 (HttpServer2.java:addFilter(1020)) - Added filter static_user_filter (class=org.apache.hadoop.http.lib.StaticUserWebFilter$StaticUserFilter) to context logs
2023-12-28 09:08:19,497 [main] INFO  http.HttpServer2 (HttpServer2.java:addFilter(1020)) - Added filter static_user_filter (class=org.apache.hadoop.http.lib.StaticUserWebFilter$StaticUserFilter) to context static
2023-12-28 09:08:19,497 [main] INFO  http.BaseHttpServer (BaseHttpServer.java:<init>(189)) - HTTP server of hddsDatanode uses base directory /home/runner/work/ozone/ozone/hadoop-ozone/integration-test/target/test-dir/MiniOzoneClusterImpl-8986566a-fb65-479a-a2d4-a5d5d2c03f68/datanode-5/meta/webserver
2023-12-28 09:08:19,497 [main] INFO  http.HttpServer2 (HttpServer2.java:bindListener(1236)) - Jetty bound to port 15143
2023-12-28 09:08:19,498 [main] INFO  server.Server (Server.java:doStart(375)) - jetty-9.4.53.v20231009; built: 2023-10-09T12:29:09.265Z; git: 27bde00a0b95a1d5bbee0eae7984f891d2d0f8c9; jvm 1.8.0_392-b08
2023-12-28 09:08:19,499 [main] INFO  server.session (DefaultSessionIdManager.java:doStart(334)) - DefaultSessionIdManager workerName=node0
2023-12-28 09:08:19,499 [main] INFO  server.session (DefaultSessionIdManager.java:doStart(339)) - No SessionScavenger set, using defaults
2023-12-28 09:08:19,499 [main] INFO  server.session (HouseKeeper.java:startScavenging(132)) - node0 Scavenging every 600000ms
2023-12-28 09:08:19,500 [main] INFO  handler.ContextHandler (ContextHandler.java:doStart(921)) - Started o.e.j.s.ServletContextHandler@406f7217{logs,/logs,file:///home/runner/work/ozone/ozone/hadoop-ozone/integration-test/target/log,AVAILABLE}
2023-12-28 09:08:19,500 [main] INFO  handler.ContextHandler (ContextHandler.java:doStart(921)) - Started o.e.j.s.ServletContextHandler@37c494fe{static,/static,jar:file:/home/runner/.m2/repository/org/apache/ozone/hdds-container-service/1.5.0-SNAPSHOT/hdds-container-service-1.5.0-SNAPSHOT.jar!/webapps/static,AVAILABLE}
2023-12-28 09:08:19,537 [main] INFO  handler.ContextHandler (ContextHandler.java:doStart(921)) - Started o.e.j.w.WebAppContext@3ae9f811{hddsDatanode,/,file:///home/runner/work/ozone/ozone/hadoop-ozone/integration-test/target/test-dir/MiniOzoneClusterImpl-8986566a-fb65-479a-a2d4-a5d5d2c03f68/datanode-5/meta/webserver/jetty-0_0_0_0-15143-hdds-container-service-1_5_0-SNAPSHOT_jar-_-any-3704120254741416716/webapp/,AVAILABLE}{jar:file:/home/runner/.m2/repository/org/apache/ozone/hdds-container-service/1.5.0-SNAPSHOT/hdds-container-service-1.5.0-SNAPSHOT.jar!/webapps/hddsDatanode}
2023-12-28 09:08:19,539 [main] INFO  server.AbstractConnector (AbstractConnector.java:doStart(333)) - Started ServerConnector@33959c2b{HTTP/1.1, (http/1.1)}{0.0.0.0:15143}
2023-12-28 09:08:19,539 [main] INFO  server.Server (Server.java:doStart(415)) - Started @44557ms
2023-12-28 09:08:19,539 [main] WARN  impl.MetricsSystemImpl (MetricsSystemImpl.java:register(279)) - Sink prometheus already exists!
2023-12-28 09:08:19,540 [main] INFO  http.BaseHttpServer (BaseHttpServer.java:updateConnectorAddress(354)) - HTTP server of hddsDatanode listening at http://0.0.0.0:15143
2023-12-28 09:08:19,540 [main] INFO  ipc.CallQueueManager (CallQueueManager.java:<init>(90)) - Using callQueue: class java.util.concurrent.LinkedBlockingQueue, queueCapacity: 100, scheduler: class org.apache.hadoop.ipc.DefaultRpcScheduler, ipcBackoff: false.
2023-12-28 09:08:19,540 [main] INFO  ipc.Server (Server.java:<init>(1287)) - Listener at 0.0.0.0:15144
2023-12-28 09:08:19,540 [Socket Reader #1 for port 15144] INFO  ipc.Server (Server.java:run(1323)) - Starting Socket Reader #1 for port 15144
2023-12-28 09:08:19,543 [main] INFO  ozone.HddsDatanodeService (HddsDatanodeService.java:start(324)) - Datanode start with admins: [runner]
2023-12-28 09:08:19,543 [main] INFO  ozone.HddsDatanodeClientProtocolServer (HddsDatanodeClientProtocolServer.java:start(72)) - RPC server for Client /0.0.0.0:15144
2023-12-28 09:08:19,543 [IPC Server Responder] INFO  ipc.Server (Server.java:run(1562)) - IPC Server Responder: starting
2023-12-28 09:08:19,545 [IPC Server listener on 15144] INFO  ipc.Server (Server.java:run(1402)) - IPC Server listener on 15144: starting
2023-12-28 09:08:19,546 [a88a6c70-ad04-4ba2-9985-df8f03985c47-DatanodeStateMachineDaemonThread] INFO  statemachine.DatanodeStateMachine (DatanodeStateMachine.java:lambda$startDaemon$1(555)) - Ozone container server started.
2023-12-28 09:08:19,546 [main] WARN  dropwizard3.Dm3MetricRegistriesImpl (Dm3MetricRegistriesImpl.java:addReporterRegistration(113)) - New reporters are added after registries were created. Some metrics will be missing from the reporter. Please add reporter before adding any new registry.
2023-12-28 09:08:19,547 [main] WARN  dropwizard3.Dm3MetricRegistriesImpl (Dm3MetricRegistriesImpl.java:addReporterRegistration(113)) - New reporters are added after registries were created. Some metrics will be missing from the reporter. Please add reporter before adding any new registry.
2023-12-28 09:08:19,547 [main] INFO  impl.MetricsSystemImpl (MetricsSystemImpl.java:init(158)) - HddsDatanode metrics system started (again)
2023-12-28 09:08:19,549 [a88a6c70-ad04-4ba2-9985-df8f03985c47-DatanodeStateMachineTaskThread-0] INFO  datanode.InitDatanodeState (InitDatanodeState.java:persistContainerDatanodeDetails(139)) - DatanodeDetails is persisted to /home/runner/work/ozone/ozone/hadoop-ozone/integration-test/target/test-dir/MiniOzoneClusterImpl-8986566a-fb65-479a-a2d4-a5d5d2c03f68/datanode-5/meta/datanode.id
2023-12-28 09:08:19,559 [main] INFO  ozone.HddsDatanodeService (HddsDatanodeService.java:start(239)) - HddsDatanodeService host:fv-az1384-14.e3qrh24bduyexj1tcof5x1etkc.ex.internal.cloudapp.net ip:10.1.0.14
2023-12-28 09:08:19,574 [main] INFO  upgrade.AbstractLayoutVersionManager (AbstractLayoutVersionManager.java:init(83)) - Initializing Layout version manager with metadata layout = HADOOP_PRC_PORTS_IN_DATANODEDETAILS (version = 7), software layout = HADOOP_PRC_PORTS_IN_DATANODEDETAILS (version = 7)
2023-12-28 09:08:19,575 [main] INFO  statemachine.DatanodeStateMachine (DatanodeStateMachine.java:getEndPointTaskThreadPoolSize(299)) - Datanode State Machine Task Thread Pool size 2
2023-12-28 09:08:19,576 [main] ERROR lib.MethodMetric (MethodMetric.java:snapshot(117)) - Error invoking method getCommitted
java.lang.reflect.InvocationTargetException
	at sun.reflect.GeneratedMethodAccessor85.invoke(Unknown Source)
	at sun.reflect.DelegatingMethodAccessorImpl.invoke(DelegatingMethodAccessorImpl.java:43)
	at java.lang.reflect.Method.invoke(Method.java:498)
	at org.apache.hadoop.metrics2.lib.MethodMetric$2.snapshot(MethodMetric.java:111)
	at org.apache.hadoop.metrics2.lib.MethodMetric.snapshot(MethodMetric.java:142)
	at org.apache.hadoop.metrics2.lib.MetricsRegistry.snapshot(MetricsRegistry.java:447)
	at org.apache.hadoop.metrics2.lib.MetricsSourceBuilder$1.getMetrics(MetricsSourceBuilder.java:89)
	at org.apache.hadoop.metrics2.impl.MetricsSourceAdapter.getMetrics(MetricsSourceAdapter.java:200)
	at org.apache.hadoop.metrics2.impl.MetricsSourceAdapter.updateJmxCache(MetricsSourceAdapter.java:183)
	at org.apache.hadoop.metrics2.impl.MetricsSourceAdapter.getMBeanInfo(MetricsSourceAdapter.java:156)
	at com.sun.jmx.interceptor.DefaultMBeanServerInterceptor.getNewMBeanClassName(DefaultMBeanServerInterceptor.java:333)
	at com.sun.jmx.interceptor.DefaultMBeanServerInterceptor.registerMBean(DefaultMBeanServerInterceptor.java:319)
	at com.sun.jmx.mbeanserver.JmxMBeanServer.registerMBean(JmxMBeanServer.java:522)
	at org.apache.hadoop.metrics2.util.MBeans.register(MBeans.java:100)
	at org.apache.hadoop.metrics2.util.MBeans.register(MBeans.java:73)
	at org.apache.hadoop.metrics2.impl.MetricsSourceAdapter.startMBeans(MetricsSourceAdapter.java:222)
	at org.apache.hadoop.metrics2.impl.MetricsSourceAdapter.start(MetricsSourceAdapter.java:101)
	at org.apache.hadoop.metrics2.impl.MetricsSystemImpl.registerSource(MetricsSystemImpl.java:268)
	at org.apache.hadoop.metrics2.impl.MetricsSystemImpl.register(MetricsSystemImpl.java:233)
	at org.apache.hadoop.ozone.container.common.volume.VolumeInfoMetrics.init(VolumeInfoMetrics.java:50)
	at org.apache.hadoop.ozone.container.common.volume.VolumeInfoMetrics.<init>(VolumeInfoMetrics.java:45)
	at org.apache.hadoop.ozone.container.common.volume.HddsVolume.<init>(HddsVolume.java:123)
	at org.apache.hadoop.ozone.container.common.volume.HddsVolume.<init>(HddsVolume.java:71)
	at org.apache.hadoop.ozone.container.common.volume.HddsVolume$Builder.build(HddsVolume.java:111)
	at org.apache.hadoop.ozone.container.common.volume.HddsVolumeFactory.createVolume(HddsVolumeFactory.java:48)
	at org.apache.hadoop.ozone.container.common.volume.MutableVolumeSet.initializeVolumeSet(MutableVolumeSet.java:170)
	at org.apache.hadoop.ozone.container.common.volume.MutableVolumeSet.<init>(MutableVolumeSet.java:132)
	at org.apache.hadoop.ozone.container.common.volume.MutableVolumeSet.<init>(MutableVolumeSet.java:96)
	at org.apache.hadoop.ozone.container.ozoneimpl.OzoneContainer.<init>(OzoneContainer.java:149)
	at org.apache.hadoop.ozone.container.common.statemachine.DatanodeStateMachine.<init>(DatanodeStateMachine.java:186)
	at org.apache.hadoop.ozone.HddsDatanodeService.start(HddsDatanodeService.java:296)
	at org.apache.hadoop.ozone.MiniOzoneClusterImpl.startHddsDatanode(MiniOzoneClusterImpl.java:489)
	at java.util.ArrayList.forEach(ArrayList.java:1259)
	at org.apache.hadoop.ozone.MiniOzoneClusterImpl.startHddsDatanodes(MiniOzoneClusterImpl.java:497)
	at org.apache.hadoop.ozone.MiniOzoneClusterImpl$Builder.build(MiniOzoneClusterImpl.java:627)
	at org.apache.hadoop.ozone.client.rpc.TestWatchForCommit.init(TestWatchForCommit.java:149)
	at sun.reflect.NativeMethodAccessorImpl.invoke0(Native Method)
	at sun.reflect.NativeMethodAccessorImpl.invoke(NativeMethodAccessorImpl.java:62)
	at sun.reflect.DelegatingMethodAccessorImpl.invoke(DelegatingMethodAccessorImpl.java:43)
	at java.lang.reflect.Method.invoke(Method.java:498)
	at org.junit.platform.commons.util.ReflectionUtils.invokeMethod(ReflectionUtils.java:728)
	at org.junit.jupiter.engine.execution.MethodInvocation.proceed(MethodInvocation.java:60)
	at org.junit.jupiter.engine.execution.InvocationInterceptorChain$ValidatingInvocation.proceed(InvocationInterceptorChain.java:131)
	at org.junit.jupiter.engine.extension.TimeoutExtension.intercept(TimeoutExtension.java:156)
	at org.junit.jupiter.engine.extension.TimeoutExtension.interceptLifecycleMethod(TimeoutExtension.java:128)
	at org.junit.jupiter.engine.extension.TimeoutExtension.interceptBeforeEachMethod(TimeoutExtension.java:78)
	at org.junit.jupiter.engine.execution.InterceptingExecutableInvoker$ReflectiveInterceptorCall.lambda$ofVoidMethod$0(InterceptingExecutableInvoker.java:103)
	at org.junit.jupiter.engine.execution.InterceptingExecutableInvoker.lambda$invoke$0(InterceptingExecutableInvoker.java:93)
	at org.junit.jupiter.engine.execution.InvocationInterceptorChain$InterceptedInvocation.proceed(InvocationInterceptorChain.java:106)
	at org.junit.jupiter.engine.execution.InvocationInterceptorChain.proceed(InvocationInterceptorChain.java:64)
	at org.junit.jupiter.engine.execution.InvocationInterceptorChain.chainAndInvoke(InvocationInterceptorChain.java:45)
	at org.junit.jupiter.engine.execution.InvocationInterceptorChain.invoke(InvocationInterceptorChain.java:37)
	at org.junit.jupiter.engine.execution.InterceptingExecutableInvoker.invoke(InterceptingExecutableInvoker.java:92)
	at org.junit.jupiter.engine.execution.InterceptingExecutableInvoker.invoke(InterceptingExecutableInvoker.java:86)
	at org.junit.jupiter.engine.descriptor.ClassBasedTestDescriptor.invokeMethodInExtensionContext(ClassBasedTestDescriptor.java:521)
	at org.junit.jupiter.engine.descriptor.ClassBasedTestDescriptor.lambda$synthesizeBeforeEachMethodAdapter$23(ClassBasedTestDescriptor.java:506)
	at org.junit.jupiter.engine.descriptor.TestMethodTestDescriptor.lambda$invokeBeforeEachMethods$3(TestMethodTestDescriptor.java:175)
	at org.junit.jupiter.engine.descriptor.TestMethodTestDescriptor.lambda$invokeBeforeMethodsOrCallbacksUntilExceptionOccurs$6(TestMethodTestDescriptor.java:203)
	at org.junit.platform.engine.support.hierarchical.ThrowableCollector.execute(ThrowableCollector.java:73)
	at org.junit.jupiter.engine.descriptor.TestMethodTestDescriptor.invokeBeforeMethodsOrCallbacksUntilExceptionOccurs(TestMethodTestDescriptor.java:203)
	at org.junit.jupiter.engine.descriptor.TestMethodTestDescriptor.invokeBeforeEachMethods(TestMethodTestDescriptor.java:172)
	at org.junit.jupiter.engine.descriptor.TestMethodTestDescriptor.execute(TestMethodTestDescriptor.java:135)
	at org.junit.jupiter.engine.descriptor.TestMethodTestDescriptor.execute(TestMethodTestDescriptor.java:69)
	at org.junit.platform.engine.support.hierarchical.NodeTestTask.lambda$executeRecursively$6(NodeTestTask.java:151)
	at org.junit.platform.engine.support.hierarchical.ThrowableCollector.execute(ThrowableCollector.java:73)
	at org.junit.platform.engine.support.hierarchical.NodeTestTask.lambda$executeRecursively$8(NodeTestTask.java:141)
	at org.junit.platform.engine.support.hierarchical.Node.around(Node.java:137)
	at org.junit.platform.engine.support.hierarchical.NodeTestTask.lambda$executeRecursively$9(NodeTestTask.java:139)
	at org.junit.platform.engine.support.hierarchical.ThrowableCollector.execute(ThrowableCollector.java:73)
	at org.junit.platform.engine.support.hierarchical.NodeTestTask.executeRecursively(NodeTestTask.java:138)
	at org.junit.platform.engine.support.hierarchical.NodeTestTask.execute(NodeTestTask.java:95)
	at java.util.ArrayList.forEach(ArrayList.java:1259)
	at org.junit.platform.engine.support.hierarchical.SameThreadHierarchicalTestExecutorService.invokeAll(SameThreadHierarchicalTestExecutorService.java:41)
	at org.junit.platform.engine.support.hierarchical.NodeTestTask.lambda$executeRecursively$6(NodeTestTask.java:155)
	at org.junit.platform.engine.support.hierarchical.ThrowableCollector.execute(ThrowableCollector.java:73)
	at org.junit.platform.engine.support.hierarchical.NodeTestTask.lambda$executeRecursively$8(NodeTestTask.java:141)
	at org.junit.platform.engine.support.hierarchical.Node.around(Node.java:137)
	at org.junit.platform.engine.support.hierarchical.NodeTestTask.lambda$executeRecursively$9(NodeTestTask.java:139)
	at org.junit.platform.engine.support.hierarchical.ThrowableCollector.execute(ThrowableCollector.java:73)
	at org.junit.platform.engine.support.hierarchical.NodeTestTask.executeRecursively(NodeTestTask.java:138)
	at org.junit.platform.engine.support.hierarchical.NodeTestTask.execute(NodeTestTask.java:95)
	at java.util.ArrayList.forEach(ArrayList.java:1259)
	at org.junit.platform.engine.support.hierarchical.SameThreadHierarchicalTestExecutorService.invokeAll(SameThreadHierarchicalTestExecutorService.java:41)
	at org.junit.platform.engine.support.hierarchical.NodeTestTask.lambda$executeRecursively$6(NodeTestTask.java:155)
	at org.junit.platform.engine.support.hierarchical.ThrowableCollector.execute(ThrowableCollector.java:73)
	at org.junit.platform.engine.support.hierarchical.NodeTestTask.lambda$executeRecursively$8(NodeTestTask.java:141)
	at org.junit.platform.engine.support.hierarchical.Node.around(Node.java:137)
	at org.junit.platform.engine.support.hierarchical.NodeTestTask.lambda$executeRecursively$9(NodeTestTask.java:139)
	at org.junit.platform.engine.support.hierarchical.ThrowableCollector.execute(ThrowableCollector.java:73)
	at org.junit.platform.engine.support.hierarchical.NodeTestTask.executeRecursively(NodeTestTask.java:138)
	at org.junit.platform.engine.support.hierarchical.NodeTestTask.execute(NodeTestTask.java:95)
	at org.junit.platform.engine.support.hierarchical.SameThreadHierarchicalTestExecutorService.submit(SameThreadHierarchicalTestExecutorService.java:35)
	at org.junit.platform.engine.support.hierarchical.HierarchicalTestExecutor.execute(HierarchicalTestExecutor.java:57)
	at org.junit.platform.engine.support.hierarchical.HierarchicalTestEngine.execute(HierarchicalTestEngine.java:54)
	at org.junit.platform.launcher.core.EngineExecutionOrchestrator.execute(EngineExecutionOrchestrator.java:198)
	at org.junit.platform.launcher.core.EngineExecutionOrchestrator.execute(EngineExecutionOrchestrator.java:169)
	at org.junit.platform.launcher.core.EngineExecutionOrchestrator.execute(EngineExecutionOrchestrator.java:93)
	at org.junit.platform.launcher.core.EngineExecutionOrchestrator.lambda$execute$0(EngineExecutionOrchestrator.java:58)
	at org.junit.platform.launcher.core.EngineExecutionOrchestrator.withInterceptedStreams(EngineExecutionOrchestrator.java:141)
	at org.junit.platform.launcher.core.EngineExecutionOrchestrator.execute(EngineExecutionOrchestrator.java:57)
	at org.junit.platform.launcher.core.DefaultLauncher.execute(DefaultLauncher.java:103)
	at org.junit.platform.launcher.core.DefaultLauncher.execute(DefaultLauncher.java:85)
	at org.junit.platform.launcher.core.DelegatingLauncher.execute(DelegatingLauncher.java:47)
	at org.apache.maven.surefire.junitplatform.LazyLauncher.execute(LazyLauncher.java:56)
	at org.apache.maven.surefire.junitplatform.JUnitPlatformProvider.execute(JUnitPlatformProvider.java:184)
	at org.apache.maven.surefire.junitplatform.JUnitPlatformProvider.invokeAllTests(JUnitPlatformProvider.java:148)
	at org.apache.maven.surefire.junitplatform.JUnitPlatformProvider.invoke(JUnitPlatformProvider.java:120)
	at org.apache.maven.surefire.booter.ForkedBooter.runSuitesInProcess(ForkedBooter.java:385)
	at org.apache.maven.surefire.booter.ForkedBooter.execute(ForkedBooter.java:162)
	at org.apache.maven.surefire.booter.ForkedBooter.run(ForkedBooter.java:507)
	at org.apache.maven.surefire.booter.ForkedBooter.main(ForkedBooter.java:495)
Caused by: java.lang.NullPointerException
	at org.apache.hadoop.ozone.container.common.volume.HddsVolume.getCommittedBytes(HddsVolume.java:303)
	at org.apache.hadoop.ozone.container.common.volume.VolumeInfoMetrics.getCommitted(VolumeInfoMetrics.java:147)
	... 111 more
2023-12-28 09:08:19,577 [main] INFO  volume.HddsVolume (HddsVolume.java:<init>(126)) - Creating HddsVolume: /home/runner/work/ozone/ozone/hadoop-ozone/integration-test/target/test-dir/MiniOzoneClusterImpl-8986566a-fb65-479a-a2d4-a5d5d2c03f68/datanode-6/data-0/containers/hdds of storage type : DISK capacity : 9223372036854775807
2023-12-28 09:08:19,577 [main] INFO  volume.MutableVolumeSet (MutableVolumeSet.java:initializeVolumeSet(173)) - Added Volume : /home/runner/work/ozone/ozone/hadoop-ozone/integration-test/target/test-dir/MiniOzoneClusterImpl-8986566a-fb65-479a-a2d4-a5d5d2c03f68/datanode-6/data-0/containers/hdds to VolumeSet
2023-12-28 09:08:19,578 [main] INFO  volume.MutableVolumeSet (MutableVolumeSet.java:initializeVolumeSet(173)) - Added Volume : /home/runner/work/ozone/ozone/hadoop-ozone/integration-test/target/test-dir/MiniOzoneClusterImpl-8986566a-fb65-479a-a2d4-a5d5d2c03f68/datanode-6/data/ratis to VolumeSet
2023-12-28 09:08:19,578 [main] INFO  ozoneimpl.OzoneContainer (HddsVolumeUtil.java:loadAllHddsVolumeDbStore(103)) - Load 1 volumes DbStore cost: 0ms
2023-12-28 09:08:19,578 [9e792a6f-77db-4c9d-ab1c-4b4be3f2ae56-ContainerReader-0] INFO  ozoneimpl.ContainerReader (ContainerReader.java:readVolume(178)) - Finish verifying containers on volume /home/runner/work/ozone/ozone/hadoop-ozone/integration-test/target/test-dir/MiniOzoneClusterImpl-8986566a-fb65-479a-a2d4-a5d5d2c03f68/datanode-6/data-0/containers/hdds
2023-12-28 09:08:19,578 [main] INFO  ozoneimpl.OzoneContainer (OzoneContainer.java:buildContainerSet(326)) - Build ContainerSet costs 0s
2023-12-28 09:08:19,580 [main] INFO  server.RaftServer (ConfUtils.java:logGet(46)) - raft.rpc.type = GRPC (default)
2023-12-28 09:08:19,580 [main] INFO  grpc.GrpcConfigKeys (ConfUtils.java:logFallback(53)) - raft.grpc.admin.host = null (fallback to raft.grpc.server.host)
2023-12-28 09:08:19,580 [main] INFO  grpc.GrpcConfigKeys (ConfUtils.java:logGet(46)) - raft.grpc.admin.port = 15156 (custom)
2023-12-28 09:08:19,581 [main] INFO  grpc.GrpcConfigKeys (ConfUtils.java:logFallback(53)) - raft.grpc.client.host = null (fallback to raft.grpc.server.host)
2023-12-28 09:08:19,581 [main] INFO  grpc.GrpcConfigKeys (ConfUtils.java:logGet(46)) - raft.grpc.client.port = 15155 (custom)
2023-12-28 09:08:19,581 [main] INFO  grpc.GrpcConfigKeys (ConfUtils.java:logGet(46)) - raft.grpc.server.host = null (default)
2023-12-28 09:08:19,581 [main] INFO  grpc.GrpcConfigKeys (ConfUtils.java:logGet(46)) - raft.grpc.server.port = 15157 (custom)
2023-12-28 09:08:19,581 [main] INFO  server.GrpcService (ConfUtils.java:logGet(46)) - raft.grpc.message.size.max = 32MB (=33554432) (custom)
2023-12-28 09:08:19,581 [main] INFO  server.RaftServerConfigKeys (ConfUtils.java:logGet(46)) - raft.server.log.appender.buffer.byte-limit = 8388608 (custom)
2023-12-28 09:08:19,581 [main] INFO  server.GrpcService (ConfUtils.java:logGet(46)) - raft.grpc.flow.control.window = 5MB (=5242880) (custom)
2023-12-28 09:08:19,581 [main] INFO  server.RaftServerConfigKeys (ConfUtils.java:logGet(46)) - raft.server.rpc.request.timeout = 3000ms (default)
2023-12-28 09:08:19,581 [main] INFO  grpc.GrpcConfigKeys (ConfUtils.java:logGet(46)) - raft.grpc.server.heartbeat.channel = true (default)
2023-12-28 09:08:19,582 [main] INFO  grpc.GrpcConfigKeys (ConfUtils.java:logGet(46)) - raft.grpc.server.async.request.thread.pool.cached = true (default)
2023-12-28 09:08:19,582 [main] INFO  grpc.GrpcConfigKeys (ConfUtils.java:logGet(46)) - raft.grpc.server.async.request.thread.pool.size = 32 (default)
2023-12-28 09:08:19,583 [main] INFO  impl.DataStreamServerImpl (ConfUtils.java:logGet(46)) - raft.datastream.type = NETTY (custom)
2023-12-28 09:08:19,584 [main] INFO  server.RaftServerConfigKeys (ConfUtils.java:logGet(46)) - raft.server.data-stream.async.request.thread.pool.cached = false (default)
2023-12-28 09:08:19,584 [main] INFO  server.RaftServerConfigKeys (ConfUtils.java:logGet(46)) - raft.server.data-stream.async.request.thread.pool.size = 20 (custom)
2023-12-28 09:08:19,584 [main] INFO  server.RaftServerConfigKeys (ConfUtils.java:logGet(46)) - raft.server.data-stream.async.write.thread.pool.size = 16 (default)
2023-12-28 09:08:19,584 [main] INFO  netty.NettyConfigKeys$DataStream (ConfUtils.java:logGet(46)) - raft.netty.dataStream.server.channel.inactive.grace-period = 10min (default)
2023-12-28 09:08:19,585 [main] INFO  server.RaftServerConfigKeys (ConfUtils.java:logGet(46)) - raft.server.data-stream.client.pool.size = 10 (default)
2023-12-28 09:08:19,585 [main] INFO  netty.NettyConfigKeys$DataStream (ConfUtils.java:logGet(46)) - raft.netty.dataStream.server.use-epoll = true (default)
2023-12-28 09:08:19,585 [main] INFO  netty.NettyConfigKeys$DataStream (ConfUtils.java:logGet(46)) - raft.netty.dataStream.server.boss-group.size = 0 (default)
2023-12-28 09:08:19,585 [main] INFO  netty.NettyUtils (NettyUtils.java:newEventLoopGroup(69)) - Create EpollEventLoopGroup for 9e792a6f-77db-4c9d-ab1c-4b4be3f2ae56-NettyServerStreamRpc-bossGroup; Thread size is 0.
2023-12-28 09:08:19,585 [main] INFO  netty.NettyConfigKeys$DataStream (ConfUtils.java:logGet(46)) - raft.netty.dataStream.server.worker-group.size = 0 (default)
2023-12-28 09:08:19,585 [main] INFO  netty.NettyUtils (NettyUtils.java:newEventLoopGroup(69)) - Create EpollEventLoopGroup for 9e792a6f-77db-4c9d-ab1c-4b4be3f2ae56-NettyServerStreamRpc-workerGroup; Thread size is 0.
2023-12-28 09:08:19,586 [main] INFO  netty.NettyConfigKeys$DataStream (ConfUtils.java:logGet(46)) - raft.netty.dataStream.server.tls.conf = null (default)
2023-12-28 09:08:19,586 [main] INFO  netty.NettyConfigKeys$DataStream (ConfUtils.java:logGet(46)) - raft.netty.dataStream.host = null (default)
2023-12-28 09:08:19,586 [main] INFO  netty.NettyConfigKeys$DataStream (ConfUtils.java:logGet(46)) - raft.netty.dataStream.port = 15158 (custom)
2023-12-28 09:08:19,586 [main] INFO  server.RaftServerConfigKeys (ConfUtils.java:logGet(46)) - raft.server.sleep.deviation.threshold = 300ms (default)
2023-12-28 09:08:19,587 [9e792a6f-77db-4c9d-ab1c-4b4be3f2ae56-NettyServerStreamRpc-bossGroup--thread1] INFO  logging.LoggingHandler (AbstractInternalLogger.java:log(148)) - [id: 0x2b57cfe8] REGISTERED
2023-12-28 09:08:19,587 [main] INFO  server.RaftServerConfigKeys (ConfUtils.java:logGet(46)) - raft.server.close.threshold = 60s (default)
2023-12-28 09:08:19,587 [main] INFO  server.RaftServerConfigKeys (ConfUtils.java:logGet(46)) - raft.server.leaderelection.leader.step-down.wait-time = 10s (default)
2023-12-28 09:08:19,587 [9e792a6f-77db-4c9d-ab1c-4b4be3f2ae56-NettyServerStreamRpc-bossGroup--thread1] INFO  logging.LoggingHandler (AbstractInternalLogger.java:log(148)) - [id: 0x2b57cfe8] BIND: 0.0.0.0/0.0.0.0:15158
2023-12-28 09:08:19,587 [main] INFO  server.RaftServerConfigKeys (ConfUtils.java:logGet(46)) - raft.server.storage.dir = [/home/runner/work/ozone/ozone/hadoop-ozone/integration-test/target/test-dir/MiniOzoneClusterImpl-8986566a-fb65-479a-a2d4-a5d5d2c03f68/datanode-6/data/ratis] (custom)
2023-12-28 09:08:19,587 [9e792a6f-77db-4c9d-ab1c-4b4be3f2ae56-NettyServerStreamRpc-bossGroup--thread1] INFO  logging.LoggingHandler (AbstractInternalLogger.java:log(148)) - [id: 0x2b57cfe8, L:/0.0.0.0:15158] ACTIVE
2023-12-28 09:08:19,587 [main] INFO  server.RaftServerConfigKeys (ConfUtils.java:logGet(46)) - raft.server.threadpool.proxy.cached = true (default)
2023-12-28 09:08:19,588 [main] INFO  server.RaftServerConfigKeys (ConfUtils.java:logGet(46)) - raft.server.threadpool.proxy.size = 0 (default)
2023-12-28 09:08:19,588 [9e792a6f-77db-4c9d-ab1c-4b4be3f2ae56-impl-thread1] INFO  server.RaftServer (RaftServerProxy.java:initGroupDir(264)) - 9e792a6f-77db-4c9d-ab1c-4b4be3f2ae56: found a subdirectory /home/runner/work/ozone/ozone/hadoop-ozone/integration-test/target/test-dir/MiniOzoneClusterImpl-8986566a-fb65-479a-a2d4-a5d5d2c03f68/datanode-6/data/ratis/tmp
2023-12-28 09:08:19,588 [9e792a6f-77db-4c9d-ab1c-4b4be3f2ae56-impl-thread1] INFO  server.RaftServer (RaftServerProxy.java:initGroupDir(269)) - 9e792a6f-77db-4c9d-ab1c-4b4be3f2ae56: The directory /home/runner/work/ozone/ozone/hadoop-ozone/integration-test/target/test-dir/MiniOzoneClusterImpl-8986566a-fb65-479a-a2d4-a5d5d2c03f68/datanode-6/data/ratis/tmp is not a group directory; ignoring it. 
2023-12-28 09:08:19,588 [main] INFO  replication.ReplicationServer (ReplicationServer.java:<init>(85)) - Initializing replication server with thread count = 10 queue length = 4096
2023-12-28 09:08:19,589 [main] INFO  server.XceiverServerGrpc (XceiverServerGrpc.java:<init>(141)) - GrpcServer channel type EpollServerSocketChannel
2023-12-28 09:08:19,591 [main] INFO  replication.ReplicationSupervisor (ReplicationSupervisor.java:build(163)) - Initializing replication supervisor with thread count = 10
2023-12-28 09:08:19,591 [main] INFO  replication.ReplicationSupervisor (ReplicationSupervisor.java:nodeStateUpdated(317)) - Node state updated to IN_SERVICE, scaling executor pool size to 10
2023-12-28 09:08:19,593 [main] INFO  http.BaseHttpServer (BaseHttpServer.java:newHttpServer2BuilderForOzone(223)) - Starting Web-server for hddsDatanode at: http://0.0.0.0:15152
2023-12-28 09:08:19,593 [main] INFO  http.BaseHttpServer (BaseHttpServer.java:<init>(110)) - Hadoop Security Enabled: false Ozone Security Enabled: false Ozone HTTP Security Enabled: false 
2023-12-28 09:08:19,593 [main] WARN  server.AuthenticationFilter (AuthenticationFilter.java:constructSecretProvider(240)) - Unable to initialize FileSignerSecretProvider, falling back to use random secrets. Reason: Could not read signature secret file: /home/runner/hadoop-http-auth-signature-secret
2023-12-28 09:08:19,594 [main] INFO  http.HttpRequestLog (HttpRequestLog.java:getRequestLog(86)) - Http request log for http.requests.hddsDatanode is not defined
2023-12-28 09:08:19,595 [main] INFO  http.HttpServer2 (HttpServer2.java:addGlobalFilter(1036)) - Added global filter 'safety' (class=org.apache.hadoop.hdds.server.http.HttpServer2$QuotingInputFilter)
2023-12-28 09:08:19,595 [main] INFO  http.HttpServer2 (HttpServer2.java:addFilter(1012)) - Added filter static_user_filter (class=org.apache.hadoop.http.lib.StaticUserWebFilter$StaticUserFilter) to context hddsDatanode
2023-12-28 09:08:19,595 [main] INFO  http.HttpServer2 (HttpServer2.java:addFilter(1020)) - Added filter static_user_filter (class=org.apache.hadoop.http.lib.StaticUserWebFilter$StaticUserFilter) to context static
2023-12-28 09:08:19,596 [main] INFO  http.HttpServer2 (HttpServer2.java:addFilter(1020)) - Added filter static_user_filter (class=org.apache.hadoop.http.lib.StaticUserWebFilter$StaticUserFilter) to context logs
2023-12-28 09:08:19,596 [main] INFO  http.BaseHttpServer (BaseHttpServer.java:<init>(189)) - HTTP server of hddsDatanode uses base directory /home/runner/work/ozone/ozone/hadoop-ozone/integration-test/target/test-dir/MiniOzoneClusterImpl-8986566a-fb65-479a-a2d4-a5d5d2c03f68/datanode-6/meta/webserver
2023-12-28 09:08:19,596 [main] INFO  http.HttpServer2 (HttpServer2.java:bindListener(1236)) - Jetty bound to port 15152
2023-12-28 09:08:19,596 [main] INFO  server.Server (Server.java:doStart(375)) - jetty-9.4.53.v20231009; built: 2023-10-09T12:29:09.265Z; git: 27bde00a0b95a1d5bbee0eae7984f891d2d0f8c9; jvm 1.8.0_392-b08
2023-12-28 09:08:19,597 [main] INFO  server.session (DefaultSessionIdManager.java:doStart(334)) - DefaultSessionIdManager workerName=node0
2023-12-28 09:08:19,597 [main] INFO  server.session (DefaultSessionIdManager.java:doStart(339)) - No SessionScavenger set, using defaults
2023-12-28 09:08:19,597 [main] INFO  server.session (HouseKeeper.java:startScavenging(132)) - node0 Scavenging every 600000ms
2023-12-28 09:08:19,598 [main] INFO  handler.ContextHandler (ContextHandler.java:doStart(921)) - Started o.e.j.s.ServletContextHandler@61ecd9a1{logs,/logs,file:///home/runner/work/ozone/ozone/hadoop-ozone/integration-test/target/log,AVAILABLE}
2023-12-28 09:08:19,598 [main] INFO  handler.ContextHandler (ContextHandler.java:doStart(921)) - Started o.e.j.s.ServletContextHandler@12ab5760{static,/static,jar:file:/home/runner/.m2/repository/org/apache/ozone/hdds-container-service/1.5.0-SNAPSHOT/hdds-container-service-1.5.0-SNAPSHOT.jar!/webapps/static,AVAILABLE}
2023-12-28 09:08:19,631 [main] INFO  handler.ContextHandler (ContextHandler.java:doStart(921)) - Started o.e.j.w.WebAppContext@26872661{hddsDatanode,/,file:///home/runner/work/ozone/ozone/hadoop-ozone/integration-test/target/test-dir/MiniOzoneClusterImpl-8986566a-fb65-479a-a2d4-a5d5d2c03f68/datanode-6/meta/webserver/jetty-0_0_0_0-15152-hdds-container-service-1_5_0-SNAPSHOT_jar-_-any-6371003988740744414/webapp/,AVAILABLE}{jar:file:/home/runner/.m2/repository/org/apache/ozone/hdds-container-service/1.5.0-SNAPSHOT/hdds-container-service-1.5.0-SNAPSHOT.jar!/webapps/hddsDatanode}
2023-12-28 09:08:19,632 [main] INFO  server.AbstractConnector (AbstractConnector.java:doStart(333)) - Started ServerConnector@4eccdaec{HTTP/1.1, (http/1.1)}{0.0.0.0:15152}
2023-12-28 09:08:19,632 [main] INFO  server.Server (Server.java:doStart(415)) - Started @44651ms
2023-12-28 09:08:19,632 [main] WARN  impl.MetricsSystemImpl (MetricsSystemImpl.java:register(279)) - Sink prometheus already exists!
2023-12-28 09:08:19,633 [main] INFO  http.BaseHttpServer (BaseHttpServer.java:updateConnectorAddress(354)) - HTTP server of hddsDatanode listening at http://0.0.0.0:15152
2023-12-28 09:08:19,633 [main] INFO  ipc.CallQueueManager (CallQueueManager.java:<init>(90)) - Using callQueue: class java.util.concurrent.LinkedBlockingQueue, queueCapacity: 100, scheduler: class org.apache.hadoop.ipc.DefaultRpcScheduler, ipcBackoff: false.
2023-12-28 09:08:19,633 [main] INFO  ipc.Server (Server.java:<init>(1287)) - Listener at 0.0.0.0:15153
2023-12-28 09:08:19,634 [Socket Reader #1 for port 15153] INFO  ipc.Server (Server.java:run(1323)) - Starting Socket Reader #1 for port 15153
2023-12-28 09:08:19,635 [main] INFO  ozone.HddsDatanodeService (HddsDatanodeService.java:start(324)) - Datanode start with admins: [runner]
2023-12-28 09:08:19,635 [main] INFO  ozone.HddsDatanodeClientProtocolServer (HddsDatanodeClientProtocolServer.java:start(72)) - RPC server for Client /0.0.0.0:15153
2023-12-28 09:08:19,635 [IPC Server Responder] INFO  ipc.Server (Server.java:run(1562)) - IPC Server Responder: starting
2023-12-28 09:08:19,636 [IPC Server listener on 15153] INFO  ipc.Server (Server.java:run(1402)) - IPC Server listener on 15153: starting
2023-12-28 09:08:19,637 [9e792a6f-77db-4c9d-ab1c-4b4be3f2ae56-DatanodeStateMachineDaemonThread] INFO  statemachine.DatanodeStateMachine (DatanodeStateMachine.java:lambda$startDaemon$1(555)) - Ozone container server started.
2023-12-28 09:08:19,637 [main] WARN  dropwizard3.Dm3MetricRegistriesImpl (Dm3MetricRegistriesImpl.java:addReporterRegistration(113)) - New reporters are added after registries were created. Some metrics will be missing from the reporter. Please add reporter before adding any new registry.
2023-12-28 09:08:19,638 [main] WARN  dropwizard3.Dm3MetricRegistriesImpl (Dm3MetricRegistriesImpl.java:addReporterRegistration(113)) - New reporters are added after registries were created. Some metrics will be missing from the reporter. Please add reporter before adding any new registry.
2023-12-28 09:08:19,638 [main] INFO  impl.MetricsSystemImpl (MetricsSystemImpl.java:init(158)) - HddsDatanode metrics system started (again)
2023-12-28 09:08:19,641 [9e792a6f-77db-4c9d-ab1c-4b4be3f2ae56-DatanodeStateMachineTaskThread-0] INFO  datanode.InitDatanodeState (InitDatanodeState.java:persistContainerDatanodeDetails(139)) - DatanodeDetails is persisted to /home/runner/work/ozone/ozone/hadoop-ozone/integration-test/target/test-dir/MiniOzoneClusterImpl-8986566a-fb65-479a-a2d4-a5d5d2c03f68/datanode-6/meta/datanode.id
2023-12-28 09:08:19,647 [main] INFO  ozone.HddsDatanodeService (HddsDatanodeService.java:start(239)) - HddsDatanodeService host:fv-az1384-14.e3qrh24bduyexj1tcof5x1etkc.ex.internal.cloudapp.net ip:10.1.0.14
2023-12-28 09:08:19,671 [main] INFO  upgrade.AbstractLayoutVersionManager (AbstractLayoutVersionManager.java:init(83)) - Initializing Layout version manager with metadata layout = HADOOP_PRC_PORTS_IN_DATANODEDETAILS (version = 7), software layout = HADOOP_PRC_PORTS_IN_DATANODEDETAILS (version = 7)
2023-12-28 09:08:19,672 [main] INFO  statemachine.DatanodeStateMachine (DatanodeStateMachine.java:getEndPointTaskThreadPoolSize(299)) - Datanode State Machine Task Thread Pool size 2
2023-12-28 09:08:19,675 [main] ERROR lib.MethodMetric (MethodMetric.java:snapshot(117)) - Error invoking method getCommitted
java.lang.reflect.InvocationTargetException
	at sun.reflect.GeneratedMethodAccessor85.invoke(Unknown Source)
	at sun.reflect.DelegatingMethodAccessorImpl.invoke(DelegatingMethodAccessorImpl.java:43)
	at java.lang.reflect.Method.invoke(Method.java:498)
	at org.apache.hadoop.metrics2.lib.MethodMetric$2.snapshot(MethodMetric.java:111)
	at org.apache.hadoop.metrics2.lib.MethodMetric.snapshot(MethodMetric.java:142)
	at org.apache.hadoop.metrics2.lib.MetricsRegistry.snapshot(MetricsRegistry.java:447)
	at org.apache.hadoop.metrics2.lib.MetricsSourceBuilder$1.getMetrics(MetricsSourceBuilder.java:89)
	at org.apache.hadoop.metrics2.impl.MetricsSourceAdapter.getMetrics(MetricsSourceAdapter.java:200)
	at org.apache.hadoop.metrics2.impl.MetricsSourceAdapter.updateJmxCache(MetricsSourceAdapter.java:183)
	at org.apache.hadoop.metrics2.impl.MetricsSourceAdapter.getMBeanInfo(MetricsSourceAdapter.java:156)
	at com.sun.jmx.interceptor.DefaultMBeanServerInterceptor.getNewMBeanClassName(DefaultMBeanServerInterceptor.java:333)
	at com.sun.jmx.interceptor.DefaultMBeanServerInterceptor.registerMBean(DefaultMBeanServerInterceptor.java:319)
	at com.sun.jmx.mbeanserver.JmxMBeanServer.registerMBean(JmxMBeanServer.java:522)
	at org.apache.hadoop.metrics2.util.MBeans.register(MBeans.java:100)
	at org.apache.hadoop.metrics2.util.MBeans.register(MBeans.java:73)
	at org.apache.hadoop.metrics2.impl.MetricsSourceAdapter.startMBeans(MetricsSourceAdapter.java:222)
	at org.apache.hadoop.metrics2.impl.MetricsSourceAdapter.start(MetricsSourceAdapter.java:101)
	at org.apache.hadoop.metrics2.impl.MetricsSystemImpl.registerSource(MetricsSystemImpl.java:268)
	at org.apache.hadoop.metrics2.impl.MetricsSystemImpl.register(MetricsSystemImpl.java:233)
	at org.apache.hadoop.ozone.container.common.volume.VolumeInfoMetrics.init(VolumeInfoMetrics.java:50)
	at org.apache.hadoop.ozone.container.common.volume.VolumeInfoMetrics.<init>(VolumeInfoMetrics.java:45)
	at org.apache.hadoop.ozone.container.common.volume.HddsVolume.<init>(HddsVolume.java:123)
	at org.apache.hadoop.ozone.container.common.volume.HddsVolume.<init>(HddsVolume.java:71)
	at org.apache.hadoop.ozone.container.common.volume.HddsVolume$Builder.build(HddsVolume.java:111)
	at org.apache.hadoop.ozone.container.common.volume.HddsVolumeFactory.createVolume(HddsVolumeFactory.java:48)
	at org.apache.hadoop.ozone.container.common.volume.MutableVolumeSet.initializeVolumeSet(MutableVolumeSet.java:170)
	at org.apache.hadoop.ozone.container.common.volume.MutableVolumeSet.<init>(MutableVolumeSet.java:132)
	at org.apache.hadoop.ozone.container.common.volume.MutableVolumeSet.<init>(MutableVolumeSet.java:96)
	at org.apache.hadoop.ozone.container.ozoneimpl.OzoneContainer.<init>(OzoneContainer.java:149)
	at org.apache.hadoop.ozone.container.common.statemachine.DatanodeStateMachine.<init>(DatanodeStateMachine.java:186)
	at org.apache.hadoop.ozone.HddsDatanodeService.start(HddsDatanodeService.java:296)
	at org.apache.hadoop.ozone.MiniOzoneClusterImpl.startHddsDatanode(MiniOzoneClusterImpl.java:489)
	at java.util.ArrayList.forEach(ArrayList.java:1259)
	at org.apache.hadoop.ozone.MiniOzoneClusterImpl.startHddsDatanodes(MiniOzoneClusterImpl.java:497)
	at org.apache.hadoop.ozone.MiniOzoneClusterImpl$Builder.build(MiniOzoneClusterImpl.java:627)
	at org.apache.hadoop.ozone.client.rpc.TestWatchForCommit.init(TestWatchForCommit.java:149)
	at sun.reflect.NativeMethodAccessorImpl.invoke0(Native Method)
	at sun.reflect.NativeMethodAccessorImpl.invoke(NativeMethodAccessorImpl.java:62)
	at sun.reflect.DelegatingMethodAccessorImpl.invoke(DelegatingMethodAccessorImpl.java:43)
	at java.lang.reflect.Method.invoke(Method.java:498)
	at org.junit.platform.commons.util.ReflectionUtils.invokeMethod(ReflectionUtils.java:728)
	at org.junit.jupiter.engine.execution.MethodInvocation.proceed(MethodInvocation.java:60)
	at org.junit.jupiter.engine.execution.InvocationInterceptorChain$ValidatingInvocation.proceed(InvocationInterceptorChain.java:131)
	at org.junit.jupiter.engine.extension.TimeoutExtension.intercept(TimeoutExtension.java:156)
	at org.junit.jupiter.engine.extension.TimeoutExtension.interceptLifecycleMethod(TimeoutExtension.java:128)
	at org.junit.jupiter.engine.extension.TimeoutExtension.interceptBeforeEachMethod(TimeoutExtension.java:78)
	at org.junit.jupiter.engine.execution.InterceptingExecutableInvoker$ReflectiveInterceptorCall.lambda$ofVoidMethod$0(InterceptingExecutableInvoker.java:103)
	at org.junit.jupiter.engine.execution.InterceptingExecutableInvoker.lambda$invoke$0(InterceptingExecutableInvoker.java:93)
	at org.junit.jupiter.engine.execution.InvocationInterceptorChain$InterceptedInvocation.proceed(InvocationInterceptorChain.java:106)
	at org.junit.jupiter.engine.execution.InvocationInterceptorChain.proceed(InvocationInterceptorChain.java:64)
	at org.junit.jupiter.engine.execution.InvocationInterceptorChain.chainAndInvoke(InvocationInterceptorChain.java:45)
	at org.junit.jupiter.engine.execution.InvocationInterceptorChain.invoke(InvocationInterceptorChain.java:37)
	at org.junit.jupiter.engine.execution.InterceptingExecutableInvoker.invoke(InterceptingExecutableInvoker.java:92)
	at org.junit.jupiter.engine.execution.InterceptingExecutableInvoker.invoke(InterceptingExecutableInvoker.java:86)
	at org.junit.jupiter.engine.descriptor.ClassBasedTestDescriptor.invokeMethodInExtensionContext(ClassBasedTestDescriptor.java:521)
	at org.junit.jupiter.engine.descriptor.ClassBasedTestDescriptor.lambda$synthesizeBeforeEachMethodAdapter$23(ClassBasedTestDescriptor.java:506)
	at org.junit.jupiter.engine.descriptor.TestMethodTestDescriptor.lambda$invokeBeforeEachMethods$3(TestMethodTestDescriptor.java:175)
	at org.junit.jupiter.engine.descriptor.TestMethodTestDescriptor.lambda$invokeBeforeMethodsOrCallbacksUntilExceptionOccurs$6(TestMethodTestDescriptor.java:203)
	at org.junit.platform.engine.support.hierarchical.ThrowableCollector.execute(ThrowableCollector.java:73)
	at org.junit.jupiter.engine.descriptor.TestMethodTestDescriptor.invokeBeforeMethodsOrCallbacksUntilExceptionOccurs(TestMethodTestDescriptor.java:203)
	at org.junit.jupiter.engine.descriptor.TestMethodTestDescriptor.invokeBeforeEachMethods(TestMethodTestDescriptor.java:172)
	at org.junit.jupiter.engine.descriptor.TestMethodTestDescriptor.execute(TestMethodTestDescriptor.java:135)
	at org.junit.jupiter.engine.descriptor.TestMethodTestDescriptor.execute(TestMethodTestDescriptor.java:69)
	at org.junit.platform.engine.support.hierarchical.NodeTestTask.lambda$executeRecursively$6(NodeTestTask.java:151)
	at org.junit.platform.engine.support.hierarchical.ThrowableCollector.execute(ThrowableCollector.java:73)
	at org.junit.platform.engine.support.hierarchical.NodeTestTask.lambda$executeRecursively$8(NodeTestTask.java:141)
	at org.junit.platform.engine.support.hierarchical.Node.around(Node.java:137)
	at org.junit.platform.engine.support.hierarchical.NodeTestTask.lambda$executeRecursively$9(NodeTestTask.java:139)
	at org.junit.platform.engine.support.hierarchical.ThrowableCollector.execute(ThrowableCollector.java:73)
	at org.junit.platform.engine.support.hierarchical.NodeTestTask.executeRecursively(NodeTestTask.java:138)
	at org.junit.platform.engine.support.hierarchical.NodeTestTask.execute(NodeTestTask.java:95)
	at java.util.ArrayList.forEach(ArrayList.java:1259)
	at org.junit.platform.engine.support.hierarchical.SameThreadHierarchicalTestExecutorService.invokeAll(SameThreadHierarchicalTestExecutorService.java:41)
	at org.junit.platform.engine.support.hierarchical.NodeTestTask.lambda$executeRecursively$6(NodeTestTask.java:155)
	at org.junit.platform.engine.support.hierarchical.ThrowableCollector.execute(ThrowableCollector.java:73)
	at org.junit.platform.engine.support.hierarchical.NodeTestTask.lambda$executeRecursively$8(NodeTestTask.java:141)
	at org.junit.platform.engine.support.hierarchical.Node.around(Node.java:137)
	at org.junit.platform.engine.support.hierarchical.NodeTestTask.lambda$executeRecursively$9(NodeTestTask.java:139)
	at org.junit.platform.engine.support.hierarchical.ThrowableCollector.execute(ThrowableCollector.java:73)
	at org.junit.platform.engine.support.hierarchical.NodeTestTask.executeRecursively(NodeTestTask.java:138)
	at org.junit.platform.engine.support.hierarchical.NodeTestTask.execute(NodeTestTask.java:95)
	at java.util.ArrayList.forEach(ArrayList.java:1259)
	at org.junit.platform.engine.support.hierarchical.SameThreadHierarchicalTestExecutorService.invokeAll(SameThreadHierarchicalTestExecutorService.java:41)
	at org.junit.platform.engine.support.hierarchical.NodeTestTask.lambda$executeRecursively$6(NodeTestTask.java:155)
	at org.junit.platform.engine.support.hierarchical.ThrowableCollector.execute(ThrowableCollector.java:73)
	at org.junit.platform.engine.support.hierarchical.NodeTestTask.lambda$executeRecursively$8(NodeTestTask.java:141)
	at org.junit.platform.engine.support.hierarchical.Node.around(Node.java:137)
	at org.junit.platform.engine.support.hierarchical.NodeTestTask.lambda$executeRecursively$9(NodeTestTask.java:139)
	at org.junit.platform.engine.support.hierarchical.ThrowableCollector.execute(ThrowableCollector.java:73)
	at org.junit.platform.engine.support.hierarchical.NodeTestTask.executeRecursively(NodeTestTask.java:138)
	at org.junit.platform.engine.support.hierarchical.NodeTestTask.execute(NodeTestTask.java:95)
	at org.junit.platform.engine.support.hierarchical.SameThreadHierarchicalTestExecutorService.submit(SameThreadHierarchicalTestExecutorService.java:35)
	at org.junit.platform.engine.support.hierarchical.HierarchicalTestExecutor.execute(HierarchicalTestExecutor.java:57)
	at org.junit.platform.engine.support.hierarchical.HierarchicalTestEngine.execute(HierarchicalTestEngine.java:54)
	at org.junit.platform.launcher.core.EngineExecutionOrchestrator.execute(EngineExecutionOrchestrator.java:198)
	at org.junit.platform.launcher.core.EngineExecutionOrchestrator.execute(EngineExecutionOrchestrator.java:169)
	at org.junit.platform.launcher.core.EngineExecutionOrchestrator.execute(EngineExecutionOrchestrator.java:93)
	at org.junit.platform.launcher.core.EngineExecutionOrchestrator.lambda$execute$0(EngineExecutionOrchestrator.java:58)
	at org.junit.platform.launcher.core.EngineExecutionOrchestrator.withInterceptedStreams(EngineExecutionOrchestrator.java:141)
	at org.junit.platform.launcher.core.EngineExecutionOrchestrator.execute(EngineExecutionOrchestrator.java:57)
	at org.junit.platform.launcher.core.DefaultLauncher.execute(DefaultLauncher.java:103)
	at org.junit.platform.launcher.core.DefaultLauncher.execute(DefaultLauncher.java:85)
	at org.junit.platform.launcher.core.DelegatingLauncher.execute(DelegatingLauncher.java:47)
	at org.apache.maven.surefire.junitplatform.LazyLauncher.execute(LazyLauncher.java:56)
	at org.apache.maven.surefire.junitplatform.JUnitPlatformProvider.execute(JUnitPlatformProvider.java:184)
	at org.apache.maven.surefire.junitplatform.JUnitPlatformProvider.invokeAllTests(JUnitPlatformProvider.java:148)
	at org.apache.maven.surefire.junitplatform.JUnitPlatformProvider.invoke(JUnitPlatformProvider.java:120)
	at org.apache.maven.surefire.booter.ForkedBooter.runSuitesInProcess(ForkedBooter.java:385)
	at org.apache.maven.surefire.booter.ForkedBooter.execute(ForkedBooter.java:162)
	at org.apache.maven.surefire.booter.ForkedBooter.run(ForkedBooter.java:507)
	at org.apache.maven.surefire.booter.ForkedBooter.main(ForkedBooter.java:495)
Caused by: java.lang.NullPointerException
	at org.apache.hadoop.ozone.container.common.volume.HddsVolume.getCommittedBytes(HddsVolume.java:303)
	at org.apache.hadoop.ozone.container.common.volume.VolumeInfoMetrics.getCommitted(VolumeInfoMetrics.java:147)
	... 111 more
2023-12-28 09:08:19,676 [main] INFO  volume.HddsVolume (HddsVolume.java:<init>(126)) - Creating HddsVolume: /home/runner/work/ozone/ozone/hadoop-ozone/integration-test/target/test-dir/MiniOzoneClusterImpl-8986566a-fb65-479a-a2d4-a5d5d2c03f68/datanode-7/data-0/containers/hdds of storage type : DISK capacity : 9223372036854775807
2023-12-28 09:08:19,677 [main] INFO  volume.MutableVolumeSet (MutableVolumeSet.java:initializeVolumeSet(173)) - Added Volume : /home/runner/work/ozone/ozone/hadoop-ozone/integration-test/target/test-dir/MiniOzoneClusterImpl-8986566a-fb65-479a-a2d4-a5d5d2c03f68/datanode-7/data-0/containers/hdds to VolumeSet
2023-12-28 09:08:19,677 [main] INFO  volume.MutableVolumeSet (MutableVolumeSet.java:initializeVolumeSet(173)) - Added Volume : /home/runner/work/ozone/ozone/hadoop-ozone/integration-test/target/test-dir/MiniOzoneClusterImpl-8986566a-fb65-479a-a2d4-a5d5d2c03f68/datanode-7/data/ratis to VolumeSet
2023-12-28 09:08:19,678 [main] INFO  ozoneimpl.OzoneContainer (HddsVolumeUtil.java:loadAllHddsVolumeDbStore(103)) - Load 1 volumes DbStore cost: 1ms
2023-12-28 09:08:19,678 [dccb7b66-05bf-40d4-a126-9074e1df82c7-ContainerReader-0] INFO  ozoneimpl.ContainerReader (ContainerReader.java:readVolume(178)) - Finish verifying containers on volume /home/runner/work/ozone/ozone/hadoop-ozone/integration-test/target/test-dir/MiniOzoneClusterImpl-8986566a-fb65-479a-a2d4-a5d5d2c03f68/datanode-7/data-0/containers/hdds
2023-12-28 09:08:19,679 [main] INFO  ozoneimpl.OzoneContainer (OzoneContainer.java:buildContainerSet(326)) - Build ContainerSet costs 0s
2023-12-28 09:08:19,681 [main] INFO  server.RaftServer (ConfUtils.java:logGet(46)) - raft.rpc.type = GRPC (default)
2023-12-28 09:08:19,681 [main] INFO  grpc.GrpcConfigKeys (ConfUtils.java:logFallback(53)) - raft.grpc.admin.host = null (fallback to raft.grpc.server.host)
2023-12-28 09:08:19,681 [main] INFO  grpc.GrpcConfigKeys (ConfUtils.java:logGet(46)) - raft.grpc.admin.port = 15165 (custom)
2023-12-28 09:08:19,681 [main] INFO  grpc.GrpcConfigKeys (ConfUtils.java:logFallback(53)) - raft.grpc.client.host = null (fallback to raft.grpc.server.host)
2023-12-28 09:08:19,681 [main] INFO  grpc.GrpcConfigKeys (ConfUtils.java:logGet(46)) - raft.grpc.client.port = 15164 (custom)
2023-12-28 09:08:19,682 [main] INFO  grpc.GrpcConfigKeys (ConfUtils.java:logGet(46)) - raft.grpc.server.host = null (default)
2023-12-28 09:08:19,682 [main] INFO  grpc.GrpcConfigKeys (ConfUtils.java:logGet(46)) - raft.grpc.server.port = 15166 (custom)
2023-12-28 09:08:19,682 [main] INFO  server.GrpcService (ConfUtils.java:logGet(46)) - raft.grpc.message.size.max = 32MB (=33554432) (custom)
2023-12-28 09:08:19,682 [main] INFO  server.RaftServerConfigKeys (ConfUtils.java:logGet(46)) - raft.server.log.appender.buffer.byte-limit = 8388608 (custom)
2023-12-28 09:08:19,682 [main] INFO  server.GrpcService (ConfUtils.java:logGet(46)) - raft.grpc.flow.control.window = 5MB (=5242880) (custom)
2023-12-28 09:08:19,683 [main] INFO  server.RaftServerConfigKeys (ConfUtils.java:logGet(46)) - raft.server.rpc.request.timeout = 3000ms (default)
2023-12-28 09:08:19,683 [main] INFO  grpc.GrpcConfigKeys (ConfUtils.java:logGet(46)) - raft.grpc.server.heartbeat.channel = true (default)
2023-12-28 09:08:19,683 [main] INFO  grpc.GrpcConfigKeys (ConfUtils.java:logGet(46)) - raft.grpc.server.async.request.thread.pool.cached = true (default)
2023-12-28 09:08:19,683 [main] INFO  grpc.GrpcConfigKeys (ConfUtils.java:logGet(46)) - raft.grpc.server.async.request.thread.pool.size = 32 (default)
2023-12-28 09:08:19,685 [main] INFO  impl.DataStreamServerImpl (ConfUtils.java:logGet(46)) - raft.datastream.type = NETTY (custom)
2023-12-28 09:08:19,686 [main] INFO  server.RaftServerConfigKeys (ConfUtils.java:logGet(46)) - raft.server.data-stream.async.request.thread.pool.cached = false (default)
2023-12-28 09:08:19,686 [main] INFO  server.RaftServerConfigKeys (ConfUtils.java:logGet(46)) - raft.server.data-stream.async.request.thread.pool.size = 20 (custom)
2023-12-28 09:08:19,686 [main] INFO  server.RaftServerConfigKeys (ConfUtils.java:logGet(46)) - raft.server.data-stream.async.write.thread.pool.size = 16 (default)
2023-12-28 09:08:19,686 [main] INFO  netty.NettyConfigKeys$DataStream (ConfUtils.java:logGet(46)) - raft.netty.dataStream.server.channel.inactive.grace-period = 10min (default)
2023-12-28 09:08:19,687 [main] INFO  server.RaftServerConfigKeys (ConfUtils.java:logGet(46)) - raft.server.data-stream.client.pool.size = 10 (default)
2023-12-28 09:08:19,687 [main] INFO  netty.NettyConfigKeys$DataStream (ConfUtils.java:logGet(46)) - raft.netty.dataStream.server.use-epoll = true (default)
2023-12-28 09:08:19,687 [main] INFO  netty.NettyConfigKeys$DataStream (ConfUtils.java:logGet(46)) - raft.netty.dataStream.server.boss-group.size = 0 (default)
2023-12-28 09:08:19,687 [main] INFO  netty.NettyUtils (NettyUtils.java:newEventLoopGroup(69)) - Create EpollEventLoopGroup for dccb7b66-05bf-40d4-a126-9074e1df82c7-NettyServerStreamRpc-bossGroup; Thread size is 0.
2023-12-28 09:08:19,688 [main] INFO  netty.NettyConfigKeys$DataStream (ConfUtils.java:logGet(46)) - raft.netty.dataStream.server.worker-group.size = 0 (default)
2023-12-28 09:08:19,688 [main] INFO  netty.NettyUtils (NettyUtils.java:newEventLoopGroup(69)) - Create EpollEventLoopGroup for dccb7b66-05bf-40d4-a126-9074e1df82c7-NettyServerStreamRpc-workerGroup; Thread size is 0.
2023-12-28 09:08:19,688 [main] INFO  netty.NettyConfigKeys$DataStream (ConfUtils.java:logGet(46)) - raft.netty.dataStream.server.tls.conf = null (default)
2023-12-28 09:08:19,688 [main] INFO  netty.NettyConfigKeys$DataStream (ConfUtils.java:logGet(46)) - raft.netty.dataStream.host = null (default)
2023-12-28 09:08:19,689 [main] INFO  netty.NettyConfigKeys$DataStream (ConfUtils.java:logGet(46)) - raft.netty.dataStream.port = 15167 (custom)
2023-12-28 09:08:19,689 [main] INFO  server.RaftServerConfigKeys (ConfUtils.java:logGet(46)) - raft.server.sleep.deviation.threshold = 300ms (default)
2023-12-28 09:08:19,690 [dccb7b66-05bf-40d4-a126-9074e1df82c7-NettyServerStreamRpc-bossGroup--thread1] INFO  logging.LoggingHandler (AbstractInternalLogger.java:log(148)) - [id: 0x1a7bb23f] REGISTERED
2023-12-28 09:08:19,690 [main] INFO  server.RaftServerConfigKeys (ConfUtils.java:logGet(46)) - raft.server.close.threshold = 60s (default)
2023-12-28 09:08:19,690 [dccb7b66-05bf-40d4-a126-9074e1df82c7-NettyServerStreamRpc-bossGroup--thread1] INFO  logging.LoggingHandler (AbstractInternalLogger.java:log(148)) - [id: 0x1a7bb23f] BIND: 0.0.0.0/0.0.0.0:15167
2023-12-28 09:08:19,690 [main] INFO  server.RaftServerConfigKeys (ConfUtils.java:logGet(46)) - raft.server.leaderelection.leader.step-down.wait-time = 10s (default)
2023-12-28 09:08:19,690 [dccb7b66-05bf-40d4-a126-9074e1df82c7-NettyServerStreamRpc-bossGroup--thread1] INFO  logging.LoggingHandler (AbstractInternalLogger.java:log(148)) - [id: 0x1a7bb23f, L:/0.0.0.0:15167] ACTIVE
2023-12-28 09:08:19,690 [main] INFO  server.RaftServerConfigKeys (ConfUtils.java:logGet(46)) - raft.server.storage.dir = [/home/runner/work/ozone/ozone/hadoop-ozone/integration-test/target/test-dir/MiniOzoneClusterImpl-8986566a-fb65-479a-a2d4-a5d5d2c03f68/datanode-7/data/ratis] (custom)
2023-12-28 09:08:19,690 [main] INFO  server.RaftServerConfigKeys (ConfUtils.java:logGet(46)) - raft.server.threadpool.proxy.cached = true (default)
2023-12-28 09:08:19,690 [main] INFO  server.RaftServerConfigKeys (ConfUtils.java:logGet(46)) - raft.server.threadpool.proxy.size = 0 (default)
2023-12-28 09:08:19,691 [dccb7b66-05bf-40d4-a126-9074e1df82c7-impl-thread1] INFO  server.RaftServer (RaftServerProxy.java:initGroupDir(264)) - dccb7b66-05bf-40d4-a126-9074e1df82c7: found a subdirectory /home/runner/work/ozone/ozone/hadoop-ozone/integration-test/target/test-dir/MiniOzoneClusterImpl-8986566a-fb65-479a-a2d4-a5d5d2c03f68/datanode-7/data/ratis/tmp
2023-12-28 09:08:19,691 [dccb7b66-05bf-40d4-a126-9074e1df82c7-impl-thread1] INFO  server.RaftServer (RaftServerProxy.java:initGroupDir(269)) - dccb7b66-05bf-40d4-a126-9074e1df82c7: The directory /home/runner/work/ozone/ozone/hadoop-ozone/integration-test/target/test-dir/MiniOzoneClusterImpl-8986566a-fb65-479a-a2d4-a5d5d2c03f68/datanode-7/data/ratis/tmp is not a group directory; ignoring it. 
2023-12-28 09:08:19,691 [main] INFO  replication.ReplicationServer (ReplicationServer.java:<init>(85)) - Initializing replication server with thread count = 10 queue length = 4096
2023-12-28 09:08:19,692 [main] INFO  server.XceiverServerGrpc (XceiverServerGrpc.java:<init>(141)) - GrpcServer channel type EpollServerSocketChannel
2023-12-28 09:08:19,693 [main] INFO  replication.ReplicationSupervisor (ReplicationSupervisor.java:build(163)) - Initializing replication supervisor with thread count = 10
2023-12-28 09:08:19,693 [main] INFO  replication.ReplicationSupervisor (ReplicationSupervisor.java:nodeStateUpdated(317)) - Node state updated to IN_SERVICE, scaling executor pool size to 10
2023-12-28 09:08:19,695 [main] INFO  http.BaseHttpServer (BaseHttpServer.java:newHttpServer2BuilderForOzone(223)) - Starting Web-server for hddsDatanode at: http://0.0.0.0:15161
2023-12-28 09:08:19,695 [main] INFO  http.BaseHttpServer (BaseHttpServer.java:<init>(110)) - Hadoop Security Enabled: false Ozone Security Enabled: false Ozone HTTP Security Enabled: false 
2023-12-28 09:08:19,697 [main] WARN  server.AuthenticationFilter (AuthenticationFilter.java:constructSecretProvider(240)) - Unable to initialize FileSignerSecretProvider, falling back to use random secrets. Reason: Could not read signature secret file: /home/runner/hadoop-http-auth-signature-secret
2023-12-28 09:08:19,698 [main] INFO  http.HttpRequestLog (HttpRequestLog.java:getRequestLog(86)) - Http request log for http.requests.hddsDatanode is not defined
2023-12-28 09:08:19,699 [main] INFO  http.HttpServer2 (HttpServer2.java:addGlobalFilter(1036)) - Added global filter 'safety' (class=org.apache.hadoop.hdds.server.http.HttpServer2$QuotingInputFilter)
2023-12-28 09:08:19,699 [main] INFO  http.HttpServer2 (HttpServer2.java:addFilter(1012)) - Added filter static_user_filter (class=org.apache.hadoop.http.lib.StaticUserWebFilter$StaticUserFilter) to context hddsDatanode
2023-12-28 09:08:19,699 [main] INFO  http.HttpServer2 (HttpServer2.java:addFilter(1020)) - Added filter static_user_filter (class=org.apache.hadoop.http.lib.StaticUserWebFilter$StaticUserFilter) to context static
2023-12-28 09:08:19,699 [main] INFO  http.HttpServer2 (HttpServer2.java:addFilter(1020)) - Added filter static_user_filter (class=org.apache.hadoop.http.lib.StaticUserWebFilter$StaticUserFilter) to context logs
2023-12-28 09:08:19,700 [main] INFO  http.BaseHttpServer (BaseHttpServer.java:<init>(189)) - HTTP server of hddsDatanode uses base directory /home/runner/work/ozone/ozone/hadoop-ozone/integration-test/target/test-dir/MiniOzoneClusterImpl-8986566a-fb65-479a-a2d4-a5d5d2c03f68/datanode-7/meta/webserver
2023-12-28 09:08:19,700 [main] INFO  http.HttpServer2 (HttpServer2.java:bindListener(1236)) - Jetty bound to port 15161
2023-12-28 09:08:19,700 [main] INFO  server.Server (Server.java:doStart(375)) - jetty-9.4.53.v20231009; built: 2023-10-09T12:29:09.265Z; git: 27bde00a0b95a1d5bbee0eae7984f891d2d0f8c9; jvm 1.8.0_392-b08
2023-12-28 09:08:19,701 [main] INFO  server.session (DefaultSessionIdManager.java:doStart(334)) - DefaultSessionIdManager workerName=node0
2023-12-28 09:08:19,701 [main] INFO  server.session (DefaultSessionIdManager.java:doStart(339)) - No SessionScavenger set, using defaults
2023-12-28 09:08:19,702 [main] INFO  server.session (HouseKeeper.java:startScavenging(132)) - node0 Scavenging every 600000ms
2023-12-28 09:08:19,703 [main] INFO  handler.ContextHandler (ContextHandler.java:doStart(921)) - Started o.e.j.s.ServletContextHandler@4fe0514e{logs,/logs,file:///home/runner/work/ozone/ozone/hadoop-ozone/integration-test/target/log,AVAILABLE}
2023-12-28 09:08:19,703 [main] INFO  handler.ContextHandler (ContextHandler.java:doStart(921)) - Started o.e.j.s.ServletContextHandler@37a3aa1{static,/static,jar:file:/home/runner/.m2/repository/org/apache/ozone/hdds-container-service/1.5.0-SNAPSHOT/hdds-container-service-1.5.0-SNAPSHOT.jar!/webapps/static,AVAILABLE}
2023-12-28 09:08:19,735 [main] INFO  handler.ContextHandler (ContextHandler.java:doStart(921)) - Started o.e.j.w.WebAppContext@64060b08{hddsDatanode,/,file:///home/runner/work/ozone/ozone/hadoop-ozone/integration-test/target/test-dir/MiniOzoneClusterImpl-8986566a-fb65-479a-a2d4-a5d5d2c03f68/datanode-7/meta/webserver/jetty-0_0_0_0-15161-hdds-container-service-1_5_0-SNAPSHOT_jar-_-any-1536255440303626878/webapp/,AVAILABLE}{jar:file:/home/runner/.m2/repository/org/apache/ozone/hdds-container-service/1.5.0-SNAPSHOT/hdds-container-service-1.5.0-SNAPSHOT.jar!/webapps/hddsDatanode}
2023-12-28 09:08:19,738 [main] INFO  server.AbstractConnector (AbstractConnector.java:doStart(333)) - Started ServerConnector@5f604620{HTTP/1.1, (http/1.1)}{0.0.0.0:15161}
2023-12-28 09:08:19,738 [main] INFO  server.Server (Server.java:doStart(415)) - Started @44756ms
2023-12-28 09:08:19,738 [main] WARN  impl.MetricsSystemImpl (MetricsSystemImpl.java:register(279)) - Sink prometheus already exists!
2023-12-28 09:08:19,738 [main] INFO  http.BaseHttpServer (BaseHttpServer.java:updateConnectorAddress(354)) - HTTP server of hddsDatanode listening at http://0.0.0.0:15161
2023-12-28 09:08:19,739 [main] INFO  ipc.CallQueueManager (CallQueueManager.java:<init>(90)) - Using callQueue: class java.util.concurrent.LinkedBlockingQueue, queueCapacity: 100, scheduler: class org.apache.hadoop.ipc.DefaultRpcScheduler, ipcBackoff: false.
2023-12-28 09:08:19,739 [main] INFO  ipc.Server (Server.java:<init>(1287)) - Listener at 0.0.0.0:15162
2023-12-28 09:08:19,739 [Socket Reader #1 for port 15162] INFO  ipc.Server (Server.java:run(1323)) - Starting Socket Reader #1 for port 15162
2023-12-28 09:08:19,741 [main] INFO  ozone.HddsDatanodeService (HddsDatanodeService.java:start(324)) - Datanode start with admins: [runner]
2023-12-28 09:08:19,741 [main] INFO  ozone.HddsDatanodeClientProtocolServer (HddsDatanodeClientProtocolServer.java:start(72)) - RPC server for Client /0.0.0.0:15162
2023-12-28 09:08:19,741 [IPC Server Responder] INFO  ipc.Server (Server.java:run(1562)) - IPC Server Responder: starting
2023-12-28 09:08:19,741 [IPC Server listener on 15162] INFO  ipc.Server (Server.java:run(1402)) - IPC Server listener on 15162: starting
2023-12-28 09:08:19,743 [dccb7b66-05bf-40d4-a126-9074e1df82c7-DatanodeStateMachineDaemonThread] INFO  statemachine.DatanodeStateMachine (DatanodeStateMachine.java:lambda$startDaemon$1(555)) - Ozone container server started.
2023-12-28 09:08:19,743 [main] WARN  dropwizard3.Dm3MetricRegistriesImpl (Dm3MetricRegistriesImpl.java:addReporterRegistration(113)) - New reporters are added after registries were created. Some metrics will be missing from the reporter. Please add reporter before adding any new registry.
2023-12-28 09:08:19,743 [main] WARN  dropwizard3.Dm3MetricRegistriesImpl (Dm3MetricRegistriesImpl.java:addReporterRegistration(113)) - New reporters are added after registries were created. Some metrics will be missing from the reporter. Please add reporter before adding any new registry.
2023-12-28 09:08:19,744 [main] INFO  impl.MetricsSystemImpl (MetricsSystemImpl.java:init(158)) - HddsDatanode metrics system started (again)
2023-12-28 09:08:19,746 [dccb7b66-05bf-40d4-a126-9074e1df82c7-DatanodeStateMachineTaskThread-0] INFO  datanode.InitDatanodeState (InitDatanodeState.java:persistContainerDatanodeDetails(139)) - DatanodeDetails is persisted to /home/runner/work/ozone/ozone/hadoop-ozone/integration-test/target/test-dir/MiniOzoneClusterImpl-8986566a-fb65-479a-a2d4-a5d5d2c03f68/datanode-7/meta/datanode.id
2023-12-28 09:08:19,753 [main] INFO  ozone.HddsDatanodeService (HddsDatanodeService.java:start(239)) - HddsDatanodeService host:fv-az1384-14.e3qrh24bduyexj1tcof5x1etkc.ex.internal.cloudapp.net ip:10.1.0.14
2023-12-28 09:08:19,774 [main] INFO  upgrade.AbstractLayoutVersionManager (AbstractLayoutVersionManager.java:init(83)) - Initializing Layout version manager with metadata layout = HADOOP_PRC_PORTS_IN_DATANODEDETAILS (version = 7), software layout = HADOOP_PRC_PORTS_IN_DATANODEDETAILS (version = 7)
2023-12-28 09:08:19,775 [main] INFO  statemachine.DatanodeStateMachine (DatanodeStateMachine.java:getEndPointTaskThreadPoolSize(299)) - Datanode State Machine Task Thread Pool size 2
2023-12-28 09:08:19,776 [main] ERROR lib.MethodMetric (MethodMetric.java:snapshot(117)) - Error invoking method getCommitted
java.lang.reflect.InvocationTargetException
	at sun.reflect.GeneratedMethodAccessor85.invoke(Unknown Source)
	at sun.reflect.DelegatingMethodAccessorImpl.invoke(DelegatingMethodAccessorImpl.java:43)
	at java.lang.reflect.Method.invoke(Method.java:498)
	at org.apache.hadoop.metrics2.lib.MethodMetric$2.snapshot(MethodMetric.java:111)
	at org.apache.hadoop.metrics2.lib.MethodMetric.snapshot(MethodMetric.java:142)
	at org.apache.hadoop.metrics2.lib.MetricsRegistry.snapshot(MetricsRegistry.java:447)
	at org.apache.hadoop.metrics2.lib.MetricsSourceBuilder$1.getMetrics(MetricsSourceBuilder.java:89)
	at org.apache.hadoop.metrics2.impl.MetricsSourceAdapter.getMetrics(MetricsSourceAdapter.java:200)
	at org.apache.hadoop.metrics2.impl.MetricsSourceAdapter.updateJmxCache(MetricsSourceAdapter.java:183)
	at org.apache.hadoop.metrics2.impl.MetricsSourceAdapter.getMBeanInfo(MetricsSourceAdapter.java:156)
	at com.sun.jmx.interceptor.DefaultMBeanServerInterceptor.getNewMBeanClassName(DefaultMBeanServerInterceptor.java:333)
	at com.sun.jmx.interceptor.DefaultMBeanServerInterceptor.registerMBean(DefaultMBeanServerInterceptor.java:319)
	at com.sun.jmx.mbeanserver.JmxMBeanServer.registerMBean(JmxMBeanServer.java:522)
	at org.apache.hadoop.metrics2.util.MBeans.register(MBeans.java:100)
	at org.apache.hadoop.metrics2.util.MBeans.register(MBeans.java:73)
	at org.apache.hadoop.metrics2.impl.MetricsSourceAdapter.startMBeans(MetricsSourceAdapter.java:222)
	at org.apache.hadoop.metrics2.impl.MetricsSourceAdapter.start(MetricsSourceAdapter.java:101)
	at org.apache.hadoop.metrics2.impl.MetricsSystemImpl.registerSource(MetricsSystemImpl.java:268)
	at org.apache.hadoop.metrics2.impl.MetricsSystemImpl.register(MetricsSystemImpl.java:233)
	at org.apache.hadoop.ozone.container.common.volume.VolumeInfoMetrics.init(VolumeInfoMetrics.java:50)
	at org.apache.hadoop.ozone.container.common.volume.VolumeInfoMetrics.<init>(VolumeInfoMetrics.java:45)
	at org.apache.hadoop.ozone.container.common.volume.HddsVolume.<init>(HddsVolume.java:123)
	at org.apache.hadoop.ozone.container.common.volume.HddsVolume.<init>(HddsVolume.java:71)
	at org.apache.hadoop.ozone.container.common.volume.HddsVolume$Builder.build(HddsVolume.java:111)
	at org.apache.hadoop.ozone.container.common.volume.HddsVolumeFactory.createVolume(HddsVolumeFactory.java:48)
	at org.apache.hadoop.ozone.container.common.volume.MutableVolumeSet.initializeVolumeSet(MutableVolumeSet.java:170)
	at org.apache.hadoop.ozone.container.common.volume.MutableVolumeSet.<init>(MutableVolumeSet.java:132)
	at org.apache.hadoop.ozone.container.common.volume.MutableVolumeSet.<init>(MutableVolumeSet.java:96)
	at org.apache.hadoop.ozone.container.ozoneimpl.OzoneContainer.<init>(OzoneContainer.java:149)
	at org.apache.hadoop.ozone.container.common.statemachine.DatanodeStateMachine.<init>(DatanodeStateMachine.java:186)
	at org.apache.hadoop.ozone.HddsDatanodeService.start(HddsDatanodeService.java:296)
	at org.apache.hadoop.ozone.MiniOzoneClusterImpl.startHddsDatanode(MiniOzoneClusterImpl.java:489)
	at java.util.ArrayList.forEach(ArrayList.java:1259)
	at org.apache.hadoop.ozone.MiniOzoneClusterImpl.startHddsDatanodes(MiniOzoneClusterImpl.java:497)
	at org.apache.hadoop.ozone.MiniOzoneClusterImpl$Builder.build(MiniOzoneClusterImpl.java:627)
	at org.apache.hadoop.ozone.client.rpc.TestWatchForCommit.init(TestWatchForCommit.java:149)
	at sun.reflect.NativeMethodAccessorImpl.invoke0(Native Method)
	at sun.reflect.NativeMethodAccessorImpl.invoke(NativeMethodAccessorImpl.java:62)
	at sun.reflect.DelegatingMethodAccessorImpl.invoke(DelegatingMethodAccessorImpl.java:43)
	at java.lang.reflect.Method.invoke(Method.java:498)
	at org.junit.platform.commons.util.ReflectionUtils.invokeMethod(ReflectionUtils.java:728)
	at org.junit.jupiter.engine.execution.MethodInvocation.proceed(MethodInvocation.java:60)
	at org.junit.jupiter.engine.execution.InvocationInterceptorChain$ValidatingInvocation.proceed(InvocationInterceptorChain.java:131)
	at org.junit.jupiter.engine.extension.TimeoutExtension.intercept(TimeoutExtension.java:156)
	at org.junit.jupiter.engine.extension.TimeoutExtension.interceptLifecycleMethod(TimeoutExtension.java:128)
	at org.junit.jupiter.engine.extension.TimeoutExtension.interceptBeforeEachMethod(TimeoutExtension.java:78)
	at org.junit.jupiter.engine.execution.InterceptingExecutableInvoker$ReflectiveInterceptorCall.lambda$ofVoidMethod$0(InterceptingExecutableInvoker.java:103)
	at org.junit.jupiter.engine.execution.InterceptingExecutableInvoker.lambda$invoke$0(InterceptingExecutableInvoker.java:93)
	at org.junit.jupiter.engine.execution.InvocationInterceptorChain$InterceptedInvocation.proceed(InvocationInterceptorChain.java:106)
	at org.junit.jupiter.engine.execution.InvocationInterceptorChain.proceed(InvocationInterceptorChain.java:64)
	at org.junit.jupiter.engine.execution.InvocationInterceptorChain.chainAndInvoke(InvocationInterceptorChain.java:45)
	at org.junit.jupiter.engine.execution.InvocationInterceptorChain.invoke(InvocationInterceptorChain.java:37)
	at org.junit.jupiter.engine.execution.InterceptingExecutableInvoker.invoke(InterceptingExecutableInvoker.java:92)
	at org.junit.jupiter.engine.execution.InterceptingExecutableInvoker.invoke(InterceptingExecutableInvoker.java:86)
	at org.junit.jupiter.engine.descriptor.ClassBasedTestDescriptor.invokeMethodInExtensionContext(ClassBasedTestDescriptor.java:521)
	at org.junit.jupiter.engine.descriptor.ClassBasedTestDescriptor.lambda$synthesizeBeforeEachMethodAdapter$23(ClassBasedTestDescriptor.java:506)
	at org.junit.jupiter.engine.descriptor.TestMethodTestDescriptor.lambda$invokeBeforeEachMethods$3(TestMethodTestDescriptor.java:175)
	at org.junit.jupiter.engine.descriptor.TestMethodTestDescriptor.lambda$invokeBeforeMethodsOrCallbacksUntilExceptionOccurs$6(TestMethodTestDescriptor.java:203)
	at org.junit.platform.engine.support.hierarchical.ThrowableCollector.execute(ThrowableCollector.java:73)
	at org.junit.jupiter.engine.descriptor.TestMethodTestDescriptor.invokeBeforeMethodsOrCallbacksUntilExceptionOccurs(TestMethodTestDescriptor.java:203)
	at org.junit.jupiter.engine.descriptor.TestMethodTestDescriptor.invokeBeforeEachMethods(TestMethodTestDescriptor.java:172)
	at org.junit.jupiter.engine.descriptor.TestMethodTestDescriptor.execute(TestMethodTestDescriptor.java:135)
	at org.junit.jupiter.engine.descriptor.TestMethodTestDescriptor.execute(TestMethodTestDescriptor.java:69)
	at org.junit.platform.engine.support.hierarchical.NodeTestTask.lambda$executeRecursively$6(NodeTestTask.java:151)
	at org.junit.platform.engine.support.hierarchical.ThrowableCollector.execute(ThrowableCollector.java:73)
	at org.junit.platform.engine.support.hierarchical.NodeTestTask.lambda$executeRecursively$8(NodeTestTask.java:141)
	at org.junit.platform.engine.support.hierarchical.Node.around(Node.java:137)
	at org.junit.platform.engine.support.hierarchical.NodeTestTask.lambda$executeRecursively$9(NodeTestTask.java:139)
	at org.junit.platform.engine.support.hierarchical.ThrowableCollector.execute(ThrowableCollector.java:73)
	at org.junit.platform.engine.support.hierarchical.NodeTestTask.executeRecursively(NodeTestTask.java:138)
	at org.junit.platform.engine.support.hierarchical.NodeTestTask.execute(NodeTestTask.java:95)
	at java.util.ArrayList.forEach(ArrayList.java:1259)
	at org.junit.platform.engine.support.hierarchical.SameThreadHierarchicalTestExecutorService.invokeAll(SameThreadHierarchicalTestExecutorService.java:41)
	at org.junit.platform.engine.support.hierarchical.NodeTestTask.lambda$executeRecursively$6(NodeTestTask.java:155)
	at org.junit.platform.engine.support.hierarchical.ThrowableCollector.execute(ThrowableCollector.java:73)
	at org.junit.platform.engine.support.hierarchical.NodeTestTask.lambda$executeRecursively$8(NodeTestTask.java:141)
	at org.junit.platform.engine.support.hierarchical.Node.around(Node.java:137)
	at org.junit.platform.engine.support.hierarchical.NodeTestTask.lambda$executeRecursively$9(NodeTestTask.java:139)
	at org.junit.platform.engine.support.hierarchical.ThrowableCollector.execute(ThrowableCollector.java:73)
	at org.junit.platform.engine.support.hierarchical.NodeTestTask.executeRecursively(NodeTestTask.java:138)
	at org.junit.platform.engine.support.hierarchical.NodeTestTask.execute(NodeTestTask.java:95)
	at java.util.ArrayList.forEach(ArrayList.java:1259)
	at org.junit.platform.engine.support.hierarchical.SameThreadHierarchicalTestExecutorService.invokeAll(SameThreadHierarchicalTestExecutorService.java:41)
	at org.junit.platform.engine.support.hierarchical.NodeTestTask.lambda$executeRecursively$6(NodeTestTask.java:155)
	at org.junit.platform.engine.support.hierarchical.ThrowableCollector.execute(ThrowableCollector.java:73)
	at org.junit.platform.engine.support.hierarchical.NodeTestTask.lambda$executeRecursively$8(NodeTestTask.java:141)
	at org.junit.platform.engine.support.hierarchical.Node.around(Node.java:137)
	at org.junit.platform.engine.support.hierarchical.NodeTestTask.lambda$executeRecursively$9(NodeTestTask.java:139)
	at org.junit.platform.engine.support.hierarchical.ThrowableCollector.execute(ThrowableCollector.java:73)
	at org.junit.platform.engine.support.hierarchical.NodeTestTask.executeRecursively(NodeTestTask.java:138)
	at org.junit.platform.engine.support.hierarchical.NodeTestTask.execute(NodeTestTask.java:95)
	at org.junit.platform.engine.support.hierarchical.SameThreadHierarchicalTestExecutorService.submit(SameThreadHierarchicalTestExecutorService.java:35)
	at org.junit.platform.engine.support.hierarchical.HierarchicalTestExecutor.execute(HierarchicalTestExecutor.java:57)
	at org.junit.platform.engine.support.hierarchical.HierarchicalTestEngine.execute(HierarchicalTestEngine.java:54)
	at org.junit.platform.launcher.core.EngineExecutionOrchestrator.execute(EngineExecutionOrchestrator.java:198)
	at org.junit.platform.launcher.core.EngineExecutionOrchestrator.execute(EngineExecutionOrchestrator.java:169)
	at org.junit.platform.launcher.core.EngineExecutionOrchestrator.execute(EngineExecutionOrchestrator.java:93)
	at org.junit.platform.launcher.core.EngineExecutionOrchestrator.lambda$execute$0(EngineExecutionOrchestrator.java:58)
	at org.junit.platform.launcher.core.EngineExecutionOrchestrator.withInterceptedStreams(EngineExecutionOrchestrator.java:141)
	at org.junit.platform.launcher.core.EngineExecutionOrchestrator.execute(EngineExecutionOrchestrator.java:57)
	at org.junit.platform.launcher.core.DefaultLauncher.execute(DefaultLauncher.java:103)
	at org.junit.platform.launcher.core.DefaultLauncher.execute(DefaultLauncher.java:85)
	at org.junit.platform.launcher.core.DelegatingLauncher.execute(DelegatingLauncher.java:47)
	at org.apache.maven.surefire.junitplatform.LazyLauncher.execute(LazyLauncher.java:56)
	at org.apache.maven.surefire.junitplatform.JUnitPlatformProvider.execute(JUnitPlatformProvider.java:184)
	at org.apache.maven.surefire.junitplatform.JUnitPlatformProvider.invokeAllTests(JUnitPlatformProvider.java:148)
	at org.apache.maven.surefire.junitplatform.JUnitPlatformProvider.invoke(JUnitPlatformProvider.java:120)
	at org.apache.maven.surefire.booter.ForkedBooter.runSuitesInProcess(ForkedBooter.java:385)
	at org.apache.maven.surefire.booter.ForkedBooter.execute(ForkedBooter.java:162)
	at org.apache.maven.surefire.booter.ForkedBooter.run(ForkedBooter.java:507)
	at org.apache.maven.surefire.booter.ForkedBooter.main(ForkedBooter.java:495)
Caused by: java.lang.NullPointerException
	at org.apache.hadoop.ozone.container.common.volume.HddsVolume.getCommittedBytes(HddsVolume.java:303)
	at org.apache.hadoop.ozone.container.common.volume.VolumeInfoMetrics.getCommitted(VolumeInfoMetrics.java:147)
	... 111 more
2023-12-28 09:08:19,777 [main] INFO  volume.HddsVolume (HddsVolume.java:<init>(126)) - Creating HddsVolume: /home/runner/work/ozone/ozone/hadoop-ozone/integration-test/target/test-dir/MiniOzoneClusterImpl-8986566a-fb65-479a-a2d4-a5d5d2c03f68/datanode-8/data-0/containers/hdds of storage type : DISK capacity : 9223372036854775807
2023-12-28 09:08:19,777 [main] INFO  volume.MutableVolumeSet (MutableVolumeSet.java:initializeVolumeSet(173)) - Added Volume : /home/runner/work/ozone/ozone/hadoop-ozone/integration-test/target/test-dir/MiniOzoneClusterImpl-8986566a-fb65-479a-a2d4-a5d5d2c03f68/datanode-8/data-0/containers/hdds to VolumeSet
2023-12-28 09:08:19,778 [main] INFO  volume.MutableVolumeSet (MutableVolumeSet.java:initializeVolumeSet(173)) - Added Volume : /home/runner/work/ozone/ozone/hadoop-ozone/integration-test/target/test-dir/MiniOzoneClusterImpl-8986566a-fb65-479a-a2d4-a5d5d2c03f68/datanode-8/data/ratis to VolumeSet
2023-12-28 09:08:19,778 [main] INFO  ozoneimpl.OzoneContainer (HddsVolumeUtil.java:loadAllHddsVolumeDbStore(103)) - Load 1 volumes DbStore cost: 0ms
2023-12-28 09:08:19,778 [3217eff5-f77e-4cc7-8aa1-ee5fb2ab3194-ContainerReader-0] INFO  ozoneimpl.ContainerReader (ContainerReader.java:readVolume(178)) - Finish verifying containers on volume /home/runner/work/ozone/ozone/hadoop-ozone/integration-test/target/test-dir/MiniOzoneClusterImpl-8986566a-fb65-479a-a2d4-a5d5d2c03f68/datanode-8/data-0/containers/hdds
2023-12-28 09:08:19,779 [main] INFO  ozoneimpl.OzoneContainer (OzoneContainer.java:buildContainerSet(326)) - Build ContainerSet costs 0s
2023-12-28 09:08:19,780 [main] INFO  server.RaftServer (ConfUtils.java:logGet(46)) - raft.rpc.type = GRPC (default)
2023-12-28 09:08:19,780 [main] INFO  grpc.GrpcConfigKeys (ConfUtils.java:logFallback(53)) - raft.grpc.admin.host = null (fallback to raft.grpc.server.host)
2023-12-28 09:08:19,781 [main] INFO  grpc.GrpcConfigKeys (ConfUtils.java:logGet(46)) - raft.grpc.admin.port = 15174 (custom)
2023-12-28 09:08:19,781 [main] INFO  grpc.GrpcConfigKeys (ConfUtils.java:logFallback(53)) - raft.grpc.client.host = null (fallback to raft.grpc.server.host)
2023-12-28 09:08:19,781 [main] INFO  grpc.GrpcConfigKeys (ConfUtils.java:logGet(46)) - raft.grpc.client.port = 15173 (custom)
2023-12-28 09:08:19,781 [main] INFO  grpc.GrpcConfigKeys (ConfUtils.java:logGet(46)) - raft.grpc.server.host = null (default)
2023-12-28 09:08:19,781 [main] INFO  grpc.GrpcConfigKeys (ConfUtils.java:logGet(46)) - raft.grpc.server.port = 15175 (custom)
2023-12-28 09:08:19,781 [main] INFO  server.GrpcService (ConfUtils.java:logGet(46)) - raft.grpc.message.size.max = 32MB (=33554432) (custom)
2023-12-28 09:08:19,781 [main] INFO  server.RaftServerConfigKeys (ConfUtils.java:logGet(46)) - raft.server.log.appender.buffer.byte-limit = 8388608 (custom)
2023-12-28 09:08:19,781 [main] INFO  server.GrpcService (ConfUtils.java:logGet(46)) - raft.grpc.flow.control.window = 5MB (=5242880) (custom)
2023-12-28 09:08:19,781 [main] INFO  server.RaftServerConfigKeys (ConfUtils.java:logGet(46)) - raft.server.rpc.request.timeout = 3000ms (default)
2023-12-28 09:08:19,782 [main] INFO  grpc.GrpcConfigKeys (ConfUtils.java:logGet(46)) - raft.grpc.server.heartbeat.channel = true (default)
2023-12-28 09:08:19,782 [main] INFO  grpc.GrpcConfigKeys (ConfUtils.java:logGet(46)) - raft.grpc.server.async.request.thread.pool.cached = true (default)
2023-12-28 09:08:19,782 [main] INFO  grpc.GrpcConfigKeys (ConfUtils.java:logGet(46)) - raft.grpc.server.async.request.thread.pool.size = 32 (default)
2023-12-28 09:08:19,784 [main] INFO  impl.DataStreamServerImpl (ConfUtils.java:logGet(46)) - raft.datastream.type = NETTY (custom)
2023-12-28 09:08:19,784 [main] INFO  server.RaftServerConfigKeys (ConfUtils.java:logGet(46)) - raft.server.data-stream.async.request.thread.pool.cached = false (default)
2023-12-28 09:08:19,784 [main] INFO  server.RaftServerConfigKeys (ConfUtils.java:logGet(46)) - raft.server.data-stream.async.request.thread.pool.size = 20 (custom)
2023-12-28 09:08:19,784 [main] INFO  server.RaftServerConfigKeys (ConfUtils.java:logGet(46)) - raft.server.data-stream.async.write.thread.pool.size = 16 (default)
2023-12-28 09:08:19,785 [main] INFO  netty.NettyConfigKeys$DataStream (ConfUtils.java:logGet(46)) - raft.netty.dataStream.server.channel.inactive.grace-period = 10min (default)
2023-12-28 09:08:19,785 [main] INFO  server.RaftServerConfigKeys (ConfUtils.java:logGet(46)) - raft.server.data-stream.client.pool.size = 10 (default)
2023-12-28 09:08:19,785 [main] INFO  netty.NettyConfigKeys$DataStream (ConfUtils.java:logGet(46)) - raft.netty.dataStream.server.use-epoll = true (default)
2023-12-28 09:08:19,785 [main] INFO  netty.NettyConfigKeys$DataStream (ConfUtils.java:logGet(46)) - raft.netty.dataStream.server.boss-group.size = 0 (default)
2023-12-28 09:08:19,785 [main] INFO  netty.NettyUtils (NettyUtils.java:newEventLoopGroup(69)) - Create EpollEventLoopGroup for 3217eff5-f77e-4cc7-8aa1-ee5fb2ab3194-NettyServerStreamRpc-bossGroup; Thread size is 0.
2023-12-28 09:08:19,785 [main] INFO  netty.NettyConfigKeys$DataStream (ConfUtils.java:logGet(46)) - raft.netty.dataStream.server.worker-group.size = 0 (default)
2023-12-28 09:08:19,785 [main] INFO  netty.NettyUtils (NettyUtils.java:newEventLoopGroup(69)) - Create EpollEventLoopGroup for 3217eff5-f77e-4cc7-8aa1-ee5fb2ab3194-NettyServerStreamRpc-workerGroup; Thread size is 0.
2023-12-28 09:08:19,786 [main] INFO  netty.NettyConfigKeys$DataStream (ConfUtils.java:logGet(46)) - raft.netty.dataStream.server.tls.conf = null (default)
2023-12-28 09:08:19,786 [main] INFO  netty.NettyConfigKeys$DataStream (ConfUtils.java:logGet(46)) - raft.netty.dataStream.host = null (default)
2023-12-28 09:08:19,786 [main] INFO  netty.NettyConfigKeys$DataStream (ConfUtils.java:logGet(46)) - raft.netty.dataStream.port = 15176 (custom)
2023-12-28 09:08:19,786 [main] INFO  server.RaftServerConfigKeys (ConfUtils.java:logGet(46)) - raft.server.sleep.deviation.threshold = 300ms (default)
2023-12-28 09:08:19,786 [main] INFO  server.RaftServerConfigKeys (ConfUtils.java:logGet(46)) - raft.server.close.threshold = 60s (default)
2023-12-28 09:08:19,787 [main] INFO  server.RaftServerConfigKeys (ConfUtils.java:logGet(46)) - raft.server.leaderelection.leader.step-down.wait-time = 10s (default)
2023-12-28 09:08:19,787 [3217eff5-f77e-4cc7-8aa1-ee5fb2ab3194-NettyServerStreamRpc-bossGroup--thread1] INFO  logging.LoggingHandler (AbstractInternalLogger.java:log(148)) - [id: 0x1c9a42f4] REGISTERED
2023-12-28 09:08:19,787 [3217eff5-f77e-4cc7-8aa1-ee5fb2ab3194-NettyServerStreamRpc-bossGroup--thread1] INFO  logging.LoggingHandler (AbstractInternalLogger.java:log(148)) - [id: 0x1c9a42f4] BIND: 0.0.0.0/0.0.0.0:15176
2023-12-28 09:08:19,787 [main] INFO  server.RaftServerConfigKeys (ConfUtils.java:logGet(46)) - raft.server.storage.dir = [/home/runner/work/ozone/ozone/hadoop-ozone/integration-test/target/test-dir/MiniOzoneClusterImpl-8986566a-fb65-479a-a2d4-a5d5d2c03f68/datanode-8/data/ratis] (custom)
2023-12-28 09:08:19,787 [3217eff5-f77e-4cc7-8aa1-ee5fb2ab3194-NettyServerStreamRpc-bossGroup--thread1] INFO  logging.LoggingHandler (AbstractInternalLogger.java:log(148)) - [id: 0x1c9a42f4, L:/0.0.0.0:15176] ACTIVE
2023-12-28 09:08:19,787 [main] INFO  server.RaftServerConfigKeys (ConfUtils.java:logGet(46)) - raft.server.threadpool.proxy.cached = true (default)
2023-12-28 09:08:19,787 [main] INFO  server.RaftServerConfigKeys (ConfUtils.java:logGet(46)) - raft.server.threadpool.proxy.size = 0 (default)
2023-12-28 09:08:19,788 [3217eff5-f77e-4cc7-8aa1-ee5fb2ab3194-impl-thread1] INFO  server.RaftServer (RaftServerProxy.java:initGroupDir(264)) - 3217eff5-f77e-4cc7-8aa1-ee5fb2ab3194: found a subdirectory /home/runner/work/ozone/ozone/hadoop-ozone/integration-test/target/test-dir/MiniOzoneClusterImpl-8986566a-fb65-479a-a2d4-a5d5d2c03f68/datanode-8/data/ratis/tmp
2023-12-28 09:08:19,788 [3217eff5-f77e-4cc7-8aa1-ee5fb2ab3194-impl-thread1] INFO  server.RaftServer (RaftServerProxy.java:initGroupDir(269)) - 3217eff5-f77e-4cc7-8aa1-ee5fb2ab3194: The directory /home/runner/work/ozone/ozone/hadoop-ozone/integration-test/target/test-dir/MiniOzoneClusterImpl-8986566a-fb65-479a-a2d4-a5d5d2c03f68/datanode-8/data/ratis/tmp is not a group directory; ignoring it. 
2023-12-28 09:08:19,788 [main] INFO  replication.ReplicationServer (ReplicationServer.java:<init>(85)) - Initializing replication server with thread count = 10 queue length = 4096
2023-12-28 09:08:19,789 [main] INFO  server.XceiverServerGrpc (XceiverServerGrpc.java:<init>(141)) - GrpcServer channel type EpollServerSocketChannel
2023-12-28 09:08:19,790 [main] INFO  replication.ReplicationSupervisor (ReplicationSupervisor.java:build(163)) - Initializing replication supervisor with thread count = 10
2023-12-28 09:08:19,790 [main] INFO  replication.ReplicationSupervisor (ReplicationSupervisor.java:nodeStateUpdated(317)) - Node state updated to IN_SERVICE, scaling executor pool size to 10
2023-12-28 09:08:19,796 [main] INFO  http.BaseHttpServer (BaseHttpServer.java:newHttpServer2BuilderForOzone(223)) - Starting Web-server for hddsDatanode at: http://0.0.0.0:15170
2023-12-28 09:08:19,796 [main] INFO  http.BaseHttpServer (BaseHttpServer.java:<init>(110)) - Hadoop Security Enabled: false Ozone Security Enabled: false Ozone HTTP Security Enabled: false 
2023-12-28 09:08:19,797 [main] WARN  server.AuthenticationFilter (AuthenticationFilter.java:constructSecretProvider(240)) - Unable to initialize FileSignerSecretProvider, falling back to use random secrets. Reason: Could not read signature secret file: /home/runner/hadoop-http-auth-signature-secret
2023-12-28 09:08:19,798 [main] INFO  http.HttpRequestLog (HttpRequestLog.java:getRequestLog(86)) - Http request log for http.requests.hddsDatanode is not defined
2023-12-28 09:08:19,799 [main] INFO  http.HttpServer2 (HttpServer2.java:addGlobalFilter(1036)) - Added global filter 'safety' (class=org.apache.hadoop.hdds.server.http.HttpServer2$QuotingInputFilter)
2023-12-28 09:08:19,799 [main] INFO  http.HttpServer2 (HttpServer2.java:addFilter(1012)) - Added filter static_user_filter (class=org.apache.hadoop.http.lib.StaticUserWebFilter$StaticUserFilter) to context hddsDatanode
2023-12-28 09:08:19,800 [main] INFO  http.HttpServer2 (HttpServer2.java:addFilter(1020)) - Added filter static_user_filter (class=org.apache.hadoop.http.lib.StaticUserWebFilter$StaticUserFilter) to context logs
2023-12-28 09:08:19,800 [main] INFO  http.HttpServer2 (HttpServer2.java:addFilter(1020)) - Added filter static_user_filter (class=org.apache.hadoop.http.lib.StaticUserWebFilter$StaticUserFilter) to context static
2023-12-28 09:08:19,800 [main] INFO  http.BaseHttpServer (BaseHttpServer.java:<init>(189)) - HTTP server of hddsDatanode uses base directory /home/runner/work/ozone/ozone/hadoop-ozone/integration-test/target/test-dir/MiniOzoneClusterImpl-8986566a-fb65-479a-a2d4-a5d5d2c03f68/datanode-8/meta/webserver
2023-12-28 09:08:19,801 [main] INFO  http.HttpServer2 (HttpServer2.java:bindListener(1236)) - Jetty bound to port 15170
2023-12-28 09:08:19,801 [main] INFO  server.Server (Server.java:doStart(375)) - jetty-9.4.53.v20231009; built: 2023-10-09T12:29:09.265Z; git: 27bde00a0b95a1d5bbee0eae7984f891d2d0f8c9; jvm 1.8.0_392-b08
2023-12-28 09:08:19,802 [main] INFO  server.session (DefaultSessionIdManager.java:doStart(334)) - DefaultSessionIdManager workerName=node0
2023-12-28 09:08:19,802 [main] INFO  server.session (DefaultSessionIdManager.java:doStart(339)) - No SessionScavenger set, using defaults
2023-12-28 09:08:19,802 [main] INFO  server.session (HouseKeeper.java:startScavenging(132)) - node0 Scavenging every 660000ms
2023-12-28 09:08:19,803 [main] INFO  handler.ContextHandler (ContextHandler.java:doStart(921)) - Started o.e.j.s.ServletContextHandler@5d715be1{logs,/logs,file:///home/runner/work/ozone/ozone/hadoop-ozone/integration-test/target/log,AVAILABLE}
2023-12-28 09:08:19,803 [main] INFO  handler.ContextHandler (ContextHandler.java:doStart(921)) - Started o.e.j.s.ServletContextHandler@4203bb7{static,/static,jar:file:/home/runner/.m2/repository/org/apache/ozone/hdds-container-service/1.5.0-SNAPSHOT/hdds-container-service-1.5.0-SNAPSHOT.jar!/webapps/static,AVAILABLE}
2023-12-28 09:08:19,838 [main] INFO  handler.ContextHandler (ContextHandler.java:doStart(921)) - Started o.e.j.w.WebAppContext@27dbea02{hddsDatanode,/,file:///home/runner/work/ozone/ozone/hadoop-ozone/integration-test/target/test-dir/MiniOzoneClusterImpl-8986566a-fb65-479a-a2d4-a5d5d2c03f68/datanode-8/meta/webserver/jetty-0_0_0_0-15170-hdds-container-service-1_5_0-SNAPSHOT_jar-_-any-7464592287701240650/webapp/,AVAILABLE}{jar:file:/home/runner/.m2/repository/org/apache/ozone/hdds-container-service/1.5.0-SNAPSHOT/hdds-container-service-1.5.0-SNAPSHOT.jar!/webapps/hddsDatanode}
2023-12-28 09:08:19,840 [main] INFO  server.AbstractConnector (AbstractConnector.java:doStart(333)) - Started ServerConnector@77ac66f2{HTTP/1.1, (http/1.1)}{0.0.0.0:15170}
2023-12-28 09:08:19,840 [main] INFO  server.Server (Server.java:doStart(415)) - Started @44858ms
2023-12-28 09:08:19,840 [main] WARN  impl.MetricsSystemImpl (MetricsSystemImpl.java:register(279)) - Sink prometheus already exists!
2023-12-28 09:08:19,840 [main] INFO  http.BaseHttpServer (BaseHttpServer.java:updateConnectorAddress(354)) - HTTP server of hddsDatanode listening at http://0.0.0.0:15170
2023-12-28 09:08:19,841 [main] INFO  ipc.CallQueueManager (CallQueueManager.java:<init>(90)) - Using callQueue: class java.util.concurrent.LinkedBlockingQueue, queueCapacity: 100, scheduler: class org.apache.hadoop.ipc.DefaultRpcScheduler, ipcBackoff: false.
2023-12-28 09:08:19,841 [main] INFO  ipc.Server (Server.java:<init>(1287)) - Listener at 0.0.0.0:15171
2023-12-28 09:08:19,841 [Socket Reader #1 for port 15171] INFO  ipc.Server (Server.java:run(1323)) - Starting Socket Reader #1 for port 15171
2023-12-28 09:08:19,843 [main] INFO  ozone.HddsDatanodeService (HddsDatanodeService.java:start(324)) - Datanode start with admins: [runner]
2023-12-28 09:08:19,843 [main] INFO  ozone.HddsDatanodeClientProtocolServer (HddsDatanodeClientProtocolServer.java:start(72)) - RPC server for Client /0.0.0.0:15171
2023-12-28 09:08:19,844 [IPC Server Responder] INFO  ipc.Server (Server.java:run(1562)) - IPC Server Responder: starting
2023-12-28 09:08:19,844 [IPC Server listener on 15171] INFO  ipc.Server (Server.java:run(1402)) - IPC Server listener on 15171: starting
2023-12-28 09:08:19,847 [3217eff5-f77e-4cc7-8aa1-ee5fb2ab3194-DatanodeStateMachineDaemonThread] INFO  statemachine.DatanodeStateMachine (DatanodeStateMachine.java:lambda$startDaemon$1(555)) - Ozone container server started.
2023-12-28 09:08:19,847 [main] INFO  ozone.MiniOzoneClusterImpl (MiniOzoneClusterImpl.java:lambda$waitForClusterToBeReady$0(230)) - Waiting for nodes to be ready. Got 0 of 9 DN Heartbeats.
2023-12-28 09:08:19,851 [main] INFO  ozone.MiniOzoneClusterImpl (MiniOzoneClusterImpl.java:lambda$waitForClusterToBeReady$0(233)) - Waiting for cluster to exit safe mode
2023-12-28 09:08:19,851 [main] INFO  ozone.MiniOzoneClusterImpl (MiniOzoneClusterImpl.java:lambda$waitForClusterToBeReady$0(235)) - SCM became leader
2023-12-28 09:08:19,853 [3217eff5-f77e-4cc7-8aa1-ee5fb2ab3194-DatanodeStateMachineTaskThread-0] INFO  datanode.InitDatanodeState (InitDatanodeState.java:persistContainerDatanodeDetails(139)) - DatanodeDetails is persisted to /home/runner/work/ozone/ozone/hadoop-ozone/integration-test/target/test-dir/MiniOzoneClusterImpl-8986566a-fb65-479a-a2d4-a5d5d2c03f68/datanode-8/meta/datanode.id
2023-12-28 09:08:19,863 [om1@group-C5BA1605619E-FollowerState] INFO  impl.FollowerState (FollowerState.java:run(143)) - om1@group-C5BA1605619E-FollowerState: change to CANDIDATE, lastRpcElapsedTime:1035440038ns, electionTimeout:1035ms
2023-12-28 09:08:19,863 [om1@group-C5BA1605619E-FollowerState] INFO  impl.RoleInfo (RoleInfo.java:shutdownFollowerState(110)) - om1: shutdown om1@group-C5BA1605619E-FollowerState
2023-12-28 09:08:19,863 [om1@group-C5BA1605619E-FollowerState] INFO  server.RaftServer$Division (RaftServerImpl.java:setRole(379)) - om1@group-C5BA1605619E: changes role from  FOLLOWER to CANDIDATE at term 0 for changeToCandidate
2023-12-28 09:08:19,863 [om1@group-C5BA1605619E-FollowerState] INFO  server.RaftServerConfigKeys (ConfUtils.java:logGet(46)) - raft.server.leaderelection.pre-vote = true (default)
2023-12-28 09:08:19,863 [om1@group-C5BA1605619E-FollowerState] INFO  impl.RoleInfo (RoleInfo.java:updateAndGet(139)) - om1: start om1@group-C5BA1605619E-LeaderElection19
2023-12-28 09:08:19,866 [om1@group-C5BA1605619E-LeaderElection19] INFO  impl.LeaderElection (LeaderElection.java:askForVotes(323)) - om1@group-C5BA1605619E-LeaderElection19 PRE_VOTE round 0: submit vote requests at term 0 for -1: peers:[om1|localhost:15096]|listeners:[], old=null
2023-12-28 09:08:19,866 [om1@group-C5BA1605619E-LeaderElection19] INFO  impl.LeaderElection (LeaderElection.java:askForVotes(325)) - om1@group-C5BA1605619E-LeaderElection19 PRE_VOTE round 0: result PASSED (term=0)
2023-12-28 09:08:19,867 [om1@group-C5BA1605619E-LeaderElection19] INFO  impl.LeaderElection (LeaderElection.java:askForVotes(323)) - om1@group-C5BA1605619E-LeaderElection19 ELECTION round 0: submit vote requests at term 1 for -1: peers:[om1|localhost:15096]|listeners:[], old=null
2023-12-28 09:08:19,867 [om1@group-C5BA1605619E-LeaderElection19] INFO  impl.LeaderElection (LeaderElection.java:askForVotes(325)) - om1@group-C5BA1605619E-LeaderElection19 ELECTION round 0: result PASSED (term=1)
2023-12-28 09:08:19,867 [om1@group-C5BA1605619E-LeaderElection19] INFO  impl.RoleInfo (RoleInfo.java:shutdownLeaderElection(130)) - om1: shutdown om1@group-C5BA1605619E-LeaderElection19
2023-12-28 09:08:19,867 [om1@group-C5BA1605619E-LeaderElection19] INFO  server.RaftServer$Division (RaftServerImpl.java:setRole(379)) - om1@group-C5BA1605619E: changes role from CANDIDATE to LEADER at term 1 for changeToLeader
2023-12-28 09:08:19,868 [om1@group-C5BA1605619E-LeaderElection19] INFO  server.RaftServerConfigKeys (ConfUtils.java:logGet(46)) - raft.server.staging.catchup.gap = 1000 (default)
2023-12-28 09:08:19,868 [om1@group-C5BA1605619E-LeaderElection19] INFO  server.RaftServerConfigKeys (ConfUtils.java:logGet(46)) - raft.server.write.element-limit = 4096 (default)
2023-12-28 09:08:19,868 [om1@group-C5BA1605619E-LeaderElection19] INFO  server.RaftServerConfigKeys (ConfUtils.java:logGet(46)) - raft.server.write.byte-limit = 64MB (=67108864) (default)
2023-12-28 09:08:19,868 [om1@group-C5BA1605619E-LeaderElection19] INFO  server.RaftServerConfigKeys (ConfUtils.java:logGet(46)) - raft.server.watch.timeout = 10s (default)
2023-12-28 09:08:19,868 [om1@group-C5BA1605619E-LeaderElection19] INFO  server.RaftServerConfigKeys (ConfUtils.java:logGet(46)) - raft.server.watch.timeout.denomination = 1s (default)
2023-12-28 09:08:19,868 [om1@group-C5BA1605619E-LeaderElection19] INFO  server.RaftServerConfigKeys (ConfUtils.java:logGet(46)) - raft.server.watch.element-limit = 65536 (default)
2023-12-28 09:08:19,868 [om1@group-C5BA1605619E-LeaderElection19] INFO  server.RaftServerConfigKeys (ConfUtils.java:logGet(46)) - raft.server.read.leader.lease.enabled = false (default)
2023-12-28 09:08:19,868 [om1@group-C5BA1605619E-LeaderElection19] INFO  server.RaftServerConfigKeys (ConfUtils.java:logGet(46)) - raft.server.read.leader.lease.timeout.ratio = 0.9 (default)
2023-12-28 09:08:19,869 [om1@group-C5BA1605619E-LeaderElection19] INFO  server.RaftServerConfigKeys (ConfUtils.java:logGet(46)) - raft.server.rpc.timeout.min = 1s (custom)
2023-12-28 09:08:19,869 [om1@group-C5BA1605619E-LeaderElection19] INFO  server.RaftServerConfigKeys (ConfUtils.java:logGet(46)) - raft.server.write.element-limit = 4096 (default)
2023-12-28 09:08:19,869 [om1@group-C5BA1605619E-LeaderElection19] INFO  server.RaftServerConfigKeys (ConfUtils.java:logGet(46)) - raft.server.write.follower.gap.ratio.max = -1.0 (default)
2023-12-28 09:08:19,869 [om1@group-C5BA1605619E-LeaderElection19] INFO  impl.RoleInfo (RoleInfo.java:updateAndGet(139)) - om1: start om1@group-C5BA1605619E-LeaderStateImpl
2023-12-28 09:08:19,869 [om1@group-C5BA1605619E-LeaderElection19] INFO  server.RaftServer$Division (RaftServerImpl.java:setFirstElection(564)) - om1@group-C5BA1605619E: set firstElectionSinceStartup to false for becomeLeader
2023-12-28 09:08:19,869 [om1@group-C5BA1605619E-LeaderElection19] INFO  server.RaftServer$Division (ServerState.java:setLeader(265)) - om1@group-C5BA1605619E: change Leader from null to om1 at term 1 for becomeLeader, leader elected after 1338ms
2023-12-28 09:08:19,869 [om1@group-C5BA1605619E-LeaderElection19] INFO  segmented.SegmentedRaftLogWorker (SegmentedRaftLogWorker.java:startLogSegment(428)) - om1@group-C5BA1605619E-SegmentedRaftLogWorker: Starting segment from index:0
2023-12-28 09:08:19,874 [om1@group-C5BA1605619E-LeaderElection19] INFO  server.RaftServer$Division (ServerState.java:setRaftConf(382)) - om1@group-C5BA1605619E: set configuration 0: peers:[om1|localhost:15096]|listeners:[], old=null
2023-12-28 09:08:19,877 [om1@group-C5BA1605619E-SegmentedRaftLogWorker] INFO  segmented.SegmentedRaftLogWorker (SegmentedRaftLogWorker.java:execute(632)) - om1@group-C5BA1605619E-SegmentedRaftLogWorker: created new log segment /home/runner/work/ozone/ozone/hadoop-ozone/integration-test/target/test-dir/MiniOzoneClusterImpl-8986566a-fb65-479a-a2d4-a5d5d2c03f68/ozone-meta/ratis/bf265839-605b-3f16-9796-c5ba1605619e/current/log_inprogress_0
2023-12-28 09:08:19,878 [om1@group-C5BA1605619E-StateMachineUpdater] INFO  ratis.OzoneManagerStateMachine (OzoneManagerStateMachine.java:notifyConfigurationChanged(213)) - Received Configuration change notification from Ratis. New Peer list:
[id: "om1"
address: "localhost:15096"
startupRole: FOLLOWER
]
2023-12-28 09:08:19,878 [om1@group-C5BA1605619E-StateMachineUpdater] INFO  server.RaftServer$Division (LeaderStateImpl.java:isApplied(316)) - leader is ready since appliedIndex == 0 >= startIndex == 0
2023-12-28 09:08:20,851 [main] INFO  ozone.MiniOzoneClusterImpl (MiniOzoneClusterImpl.java:lambda$waitForClusterToBeReady$0(230)) - Waiting for nodes to be ready. Got 0 of 9 DN Heartbeats.
2023-12-28 09:08:20,851 [main] INFO  ozone.MiniOzoneClusterImpl (MiniOzoneClusterImpl.java:lambda$waitForClusterToBeReady$0(233)) - Waiting for cluster to exit safe mode
2023-12-28 09:08:20,852 [main] INFO  ozone.MiniOzoneClusterImpl (MiniOzoneClusterImpl.java:lambda$waitForClusterToBeReady$0(235)) - SCM became leader
2023-12-28 09:08:21,004 [1359b24a-0a66-4b2c-b277-152671c55fa7-EndpointStateMachineTaskThread-/0.0.0.0:15091-0 ] INFO  utils.DatanodeStoreCache (DatanodeStoreCache.java:addDB(66)) - Added db /home/runner/work/ozone/ozone/hadoop-ozone/integration-test/target/test-dir/MiniOzoneClusterImpl-8986566a-fb65-479a-a2d4-a5d5d2c03f68/datanode-0/data-0/containers/hdds/8986566a-fb65-479a-a2d4-a5d5d2c03f68/DS-3a209804-d467-4d9e-940a-9bc92180befe/container.db to cache
2023-12-28 09:08:21,004 [1359b24a-0a66-4b2c-b277-152671c55fa7-EndpointStateMachineTaskThread-/0.0.0.0:15091-0 ] INFO  volume.HddsVolume (HddsVolume.java:createDbStore(422)) - SchemaV3 db is created and loaded at /home/runner/work/ozone/ozone/hadoop-ozone/integration-test/target/test-dir/MiniOzoneClusterImpl-8986566a-fb65-479a-a2d4-a5d5d2c03f68/datanode-0/data-0/containers/hdds/8986566a-fb65-479a-a2d4-a5d5d2c03f68/DS-3a209804-d467-4d9e-940a-9bc92180befe/container.db for volume DS-3a209804-d467-4d9e-940a-9bc92180befe
2023-12-28 09:08:21,005 [1359b24a-0a66-4b2c-b277-152671c55fa7-EndpointStateMachineTaskThread-/0.0.0.0:15091-0 ] INFO  volume.ThrottledAsyncChecker (ThrottledAsyncChecker.java:schedule(141)) - Scheduling a check for /home/runner/work/ozone/ozone/hadoop-ozone/integration-test/target/test-dir/MiniOzoneClusterImpl-8986566a-fb65-479a-a2d4-a5d5d2c03f68/datanode-0/data-0/containers/hdds
2023-12-28 09:08:21,006 [1359b24a-0a66-4b2c-b277-152671c55fa7-EndpointStateMachineTaskThread-/0.0.0.0:15091-0 ] INFO  volume.StorageVolumeChecker (StorageVolumeChecker.java:checkAllVolumes(218)) - Scheduled health check for volume /home/runner/work/ozone/ozone/hadoop-ozone/integration-test/target/test-dir/MiniOzoneClusterImpl-8986566a-fb65-479a-a2d4-a5d5d2c03f68/datanode-0/data-0/containers/hdds
2023-12-28 09:08:21,008 [1359b24a-0a66-4b2c-b277-152671c55fa7-EndpointStateMachineTaskThread-/0.0.0.0:15091-0 ] INFO  volume.ThrottledAsyncChecker (ThrottledAsyncChecker.java:schedule(141)) - Scheduling a check for /home/runner/work/ozone/ozone/hadoop-ozone/integration-test/target/test-dir/MiniOzoneClusterImpl-8986566a-fb65-479a-a2d4-a5d5d2c03f68/datanode-0/data/ratis
2023-12-28 09:08:21,008 [1359b24a-0a66-4b2c-b277-152671c55fa7-EndpointStateMachineTaskThread-/0.0.0.0:15091-0 ] INFO  volume.StorageVolumeChecker (StorageVolumeChecker.java:checkAllVolumes(218)) - Scheduled health check for volume /home/runner/work/ozone/ozone/hadoop-ozone/integration-test/target/test-dir/MiniOzoneClusterImpl-8986566a-fb65-479a-a2d4-a5d5d2c03f68/datanode-0/data/ratis
2023-12-28 09:08:21,008 [1359b24a-0a66-4b2c-b277-152671c55fa7-EndpointStateMachineTaskThread-/0.0.0.0:15091-0 ] INFO  ozoneimpl.OzoneContainer (OzoneContainer.java:start(441)) - Attempting to start container services.
2023-12-28 09:08:21,009 [1359b24a-0a66-4b2c-b277-152671c55fa7-EndpointStateMachineTaskThread-/0.0.0.0:15091-0 ] INFO  ozoneimpl.OzoneContainer (OzoneContainer.java:startContainerScrub(337)) - Scheduled background container scanners and the on-demand container scanner have been disabled.
2023-12-28 09:08:21,010 [1359b24a-0a66-4b2c-b277-152671c55fa7-EndpointStateMachineTaskThread-/0.0.0.0:15091-0 ] INFO  replication.ReplicationServer (ReplicationServer.java:start(139)) - ReplicationServer is started using port 15105
2023-12-28 09:08:21,010 [1359b24a-0a66-4b2c-b277-152671c55fa7-EndpointStateMachineTaskThread-/0.0.0.0:15091-0 ] INFO  ratis.XceiverServerRatis (XceiverServerRatis.java:start(548)) - Starting XceiverServerRatis 1359b24a-0a66-4b2c-b277-152671c55fa7
2023-12-28 09:08:21,011 [1359b24a-0a66-4b2c-b277-152671c55fa7-EndpointStateMachineTaskThread-/0.0.0.0:15091-0 ] INFO  server.RaftServer (RaftServerProxy.java:startImpl(406)) - 1359b24a-0a66-4b2c-b277-152671c55fa7: start RPC server
2023-12-28 09:08:21,011 [1359b24a-0a66-4b2c-b277-152671c55fa7-EndpointStateMachineTaskThread-/0.0.0.0:15091-0 ] INFO  server.GrpcService (GrpcService.java:startImpl(302)) - 1359b24a-0a66-4b2c-b277-152671c55fa7: GrpcService started, listening on 15101
2023-12-28 09:08:21,012 [1359b24a-0a66-4b2c-b277-152671c55fa7-EndpointStateMachineTaskThread-/0.0.0.0:15091-0 ] INFO  server.GrpcService (GrpcService.java:startImpl(302)) - 1359b24a-0a66-4b2c-b277-152671c55fa7: GrpcService started, listening on 15103
2023-12-28 09:08:21,012 [1359b24a-0a66-4b2c-b277-152671c55fa7-EndpointStateMachineTaskThread-/0.0.0.0:15091-0 ] INFO  server.GrpcService (GrpcService.java:startImpl(302)) - 1359b24a-0a66-4b2c-b277-152671c55fa7: GrpcService started, listening on 15102
2023-12-28 09:08:21,012 [1359b24a-0a66-4b2c-b277-152671c55fa7-EndpointStateMachineTaskThread-/0.0.0.0:15091-0 ] INFO  ratis.XceiverServerRatis (XceiverServerRatis.java:getRealPort(574)) - XceiverServerRatis 1359b24a-0a66-4b2c-b277-152671c55fa7 is started using port 15101 for RATIS
2023-12-28 09:08:21,012 [1359b24a-0a66-4b2c-b277-152671c55fa7-EndpointStateMachineTaskThread-/0.0.0.0:15091-0 ] INFO  ratis.XceiverServerRatis (XceiverServerRatis.java:getRealPort(574)) - XceiverServerRatis 1359b24a-0a66-4b2c-b277-152671c55fa7 is started using port 15102 for RATIS_ADMIN
2023-12-28 09:08:21,012 [1359b24a-0a66-4b2c-b277-152671c55fa7-EndpointStateMachineTaskThread-/0.0.0.0:15091-0 ] INFO  ratis.XceiverServerRatis (XceiverServerRatis.java:getRealPort(574)) - XceiverServerRatis 1359b24a-0a66-4b2c-b277-152671c55fa7 is started using port 15103 for RATIS_SERVER
2023-12-28 09:08:21,012 [1359b24a-0a66-4b2c-b277-152671c55fa7-EndpointStateMachineTaskThread-/0.0.0.0:15091-0 ] INFO  ratis.XceiverServerRatis (XceiverServerRatis.java:getRealPort(574)) - XceiverServerRatis 1359b24a-0a66-4b2c-b277-152671c55fa7 is started using port 15104 for RATIS_DATASTREAM
2023-12-28 09:08:21,014 [1359b24a-0a66-4b2c-b277-152671c55fa7-BlockDeletingService#0] INFO  interfaces.ContainerDeletionChoosingPolicyTemplate (ContainerDeletionChoosingPolicyTemplate.java:chooseContainerForBlockDeletion(85)) - Chosen 0/5000 blocks from 0 candidate containers.
2023-12-28 09:08:21,012 [JvmPauseMonitor13] INFO  util.JvmPauseMonitor (JvmPauseMonitor.java:run(146)) - JvmPauseMonitor-1359b24a-0a66-4b2c-b277-152671c55fa7: Started
2023-12-28 09:08:21,113 [710d5749-3dff-4e56-b0fe-7873b1298659-EndpointStateMachineTaskThread-/0.0.0.0:15091-0 ] INFO  utils.DatanodeStoreCache (DatanodeStoreCache.java:addDB(66)) - Added db /home/runner/work/ozone/ozone/hadoop-ozone/integration-test/target/test-dir/MiniOzoneClusterImpl-8986566a-fb65-479a-a2d4-a5d5d2c03f68/datanode-1/data-0/containers/hdds/8986566a-fb65-479a-a2d4-a5d5d2c03f68/DS-62c8a39b-7836-4733-8c19-4064f3889a47/container.db to cache
2023-12-28 09:08:21,113 [710d5749-3dff-4e56-b0fe-7873b1298659-EndpointStateMachineTaskThread-/0.0.0.0:15091-0 ] INFO  volume.HddsVolume (HddsVolume.java:createDbStore(422)) - SchemaV3 db is created and loaded at /home/runner/work/ozone/ozone/hadoop-ozone/integration-test/target/test-dir/MiniOzoneClusterImpl-8986566a-fb65-479a-a2d4-a5d5d2c03f68/datanode-1/data-0/containers/hdds/8986566a-fb65-479a-a2d4-a5d5d2c03f68/DS-62c8a39b-7836-4733-8c19-4064f3889a47/container.db for volume DS-62c8a39b-7836-4733-8c19-4064f3889a47
2023-12-28 09:08:21,114 [710d5749-3dff-4e56-b0fe-7873b1298659-EndpointStateMachineTaskThread-/0.0.0.0:15091-0 ] INFO  volume.ThrottledAsyncChecker (ThrottledAsyncChecker.java:schedule(141)) - Scheduling a check for /home/runner/work/ozone/ozone/hadoop-ozone/integration-test/target/test-dir/MiniOzoneClusterImpl-8986566a-fb65-479a-a2d4-a5d5d2c03f68/datanode-1/data-0/containers/hdds
2023-12-28 09:08:21,115 [710d5749-3dff-4e56-b0fe-7873b1298659-EndpointStateMachineTaskThread-/0.0.0.0:15091-0 ] INFO  volume.StorageVolumeChecker (StorageVolumeChecker.java:checkAllVolumes(218)) - Scheduled health check for volume /home/runner/work/ozone/ozone/hadoop-ozone/integration-test/target/test-dir/MiniOzoneClusterImpl-8986566a-fb65-479a-a2d4-a5d5d2c03f68/datanode-1/data-0/containers/hdds
2023-12-28 09:08:21,116 [710d5749-3dff-4e56-b0fe-7873b1298659-EndpointStateMachineTaskThread-/0.0.0.0:15091-0 ] INFO  volume.ThrottledAsyncChecker (ThrottledAsyncChecker.java:schedule(141)) - Scheduling a check for /home/runner/work/ozone/ozone/hadoop-ozone/integration-test/target/test-dir/MiniOzoneClusterImpl-8986566a-fb65-479a-a2d4-a5d5d2c03f68/datanode-1/data/ratis
2023-12-28 09:08:21,116 [710d5749-3dff-4e56-b0fe-7873b1298659-EndpointStateMachineTaskThread-/0.0.0.0:15091-0 ] INFO  volume.StorageVolumeChecker (StorageVolumeChecker.java:checkAllVolumes(218)) - Scheduled health check for volume /home/runner/work/ozone/ozone/hadoop-ozone/integration-test/target/test-dir/MiniOzoneClusterImpl-8986566a-fb65-479a-a2d4-a5d5d2c03f68/datanode-1/data/ratis
2023-12-28 09:08:21,117 [710d5749-3dff-4e56-b0fe-7873b1298659-EndpointStateMachineTaskThread-/0.0.0.0:15091-0 ] INFO  ozoneimpl.OzoneContainer (OzoneContainer.java:start(441)) - Attempting to start container services.
2023-12-28 09:08:21,117 [710d5749-3dff-4e56-b0fe-7873b1298659-EndpointStateMachineTaskThread-/0.0.0.0:15091-0 ] INFO  ozoneimpl.OzoneContainer (OzoneContainer.java:startContainerScrub(337)) - Scheduled background container scanners and the on-demand container scanner have been disabled.
2023-12-28 09:08:21,117 [710d5749-3dff-4e56-b0fe-7873b1298659-EndpointStateMachineTaskThread-/0.0.0.0:15091-0 ] INFO  replication.ReplicationServer (ReplicationServer.java:start(139)) - ReplicationServer is started using port 15114
2023-12-28 09:08:21,117 [710d5749-3dff-4e56-b0fe-7873b1298659-EndpointStateMachineTaskThread-/0.0.0.0:15091-0 ] INFO  ratis.XceiverServerRatis (XceiverServerRatis.java:start(548)) - Starting XceiverServerRatis 710d5749-3dff-4e56-b0fe-7873b1298659
2023-12-28 09:08:21,118 [710d5749-3dff-4e56-b0fe-7873b1298659-EndpointStateMachineTaskThread-/0.0.0.0:15091-0 ] INFO  server.RaftServer (RaftServerProxy.java:startImpl(406)) - 710d5749-3dff-4e56-b0fe-7873b1298659: start RPC server
2023-12-28 09:08:21,118 [710d5749-3dff-4e56-b0fe-7873b1298659-EndpointStateMachineTaskThread-/0.0.0.0:15091-0 ] INFO  server.GrpcService (GrpcService.java:startImpl(302)) - 710d5749-3dff-4e56-b0fe-7873b1298659: GrpcService started, listening on 15110
2023-12-28 09:08:21,119 [710d5749-3dff-4e56-b0fe-7873b1298659-EndpointStateMachineTaskThread-/0.0.0.0:15091-0 ] INFO  server.GrpcService (GrpcService.java:startImpl(302)) - 710d5749-3dff-4e56-b0fe-7873b1298659: GrpcService started, listening on 15112
2023-12-28 09:08:21,119 [710d5749-3dff-4e56-b0fe-7873b1298659-EndpointStateMachineTaskThread-/0.0.0.0:15091-0 ] INFO  server.GrpcService (GrpcService.java:startImpl(302)) - 710d5749-3dff-4e56-b0fe-7873b1298659: GrpcService started, listening on 15111
2023-12-28 09:08:21,119 [710d5749-3dff-4e56-b0fe-7873b1298659-EndpointStateMachineTaskThread-/0.0.0.0:15091-0 ] INFO  ratis.XceiverServerRatis (XceiverServerRatis.java:getRealPort(574)) - XceiverServerRatis 710d5749-3dff-4e56-b0fe-7873b1298659 is started using port 15110 for RATIS
2023-12-28 09:08:21,119 [710d5749-3dff-4e56-b0fe-7873b1298659-EndpointStateMachineTaskThread-/0.0.0.0:15091-0 ] INFO  ratis.XceiverServerRatis (XceiverServerRatis.java:getRealPort(574)) - XceiverServerRatis 710d5749-3dff-4e56-b0fe-7873b1298659 is started using port 15111 for RATIS_ADMIN
2023-12-28 09:08:21,119 [710d5749-3dff-4e56-b0fe-7873b1298659-EndpointStateMachineTaskThread-/0.0.0.0:15091-0 ] INFO  ratis.XceiverServerRatis (XceiverServerRatis.java:getRealPort(574)) - XceiverServerRatis 710d5749-3dff-4e56-b0fe-7873b1298659 is started using port 15112 for RATIS_SERVER
2023-12-28 09:08:21,119 [710d5749-3dff-4e56-b0fe-7873b1298659-EndpointStateMachineTaskThread-/0.0.0.0:15091-0 ] INFO  ratis.XceiverServerRatis (XceiverServerRatis.java:getRealPort(574)) - XceiverServerRatis 710d5749-3dff-4e56-b0fe-7873b1298659 is started using port 15113 for RATIS_DATASTREAM
2023-12-28 09:08:21,119 [JvmPauseMonitor14] INFO  util.JvmPauseMonitor (JvmPauseMonitor.java:run(146)) - JvmPauseMonitor-710d5749-3dff-4e56-b0fe-7873b1298659: Started
2023-12-28 09:08:21,121 [710d5749-3dff-4e56-b0fe-7873b1298659-BlockDeletingService#0] INFO  interfaces.ContainerDeletionChoosingPolicyTemplate (ContainerDeletionChoosingPolicyTemplate.java:chooseContainerForBlockDeletion(85)) - Chosen 0/5000 blocks from 0 candidate containers.
2023-12-28 09:08:21,236 [623fd51a-cd2f-46b7-bfb3-2e75fcb0d216-EndpointStateMachineTaskThread-/0.0.0.0:15091-0 ] INFO  utils.DatanodeStoreCache (DatanodeStoreCache.java:addDB(66)) - Added db /home/runner/work/ozone/ozone/hadoop-ozone/integration-test/target/test-dir/MiniOzoneClusterImpl-8986566a-fb65-479a-a2d4-a5d5d2c03f68/datanode-2/data-0/containers/hdds/8986566a-fb65-479a-a2d4-a5d5d2c03f68/DS-7f3d0a28-de96-49f8-bdc0-1a875d23bc12/container.db to cache
2023-12-28 09:08:21,236 [623fd51a-cd2f-46b7-bfb3-2e75fcb0d216-EndpointStateMachineTaskThread-/0.0.0.0:15091-0 ] INFO  volume.HddsVolume (HddsVolume.java:createDbStore(422)) - SchemaV3 db is created and loaded at /home/runner/work/ozone/ozone/hadoop-ozone/integration-test/target/test-dir/MiniOzoneClusterImpl-8986566a-fb65-479a-a2d4-a5d5d2c03f68/datanode-2/data-0/containers/hdds/8986566a-fb65-479a-a2d4-a5d5d2c03f68/DS-7f3d0a28-de96-49f8-bdc0-1a875d23bc12/container.db for volume DS-7f3d0a28-de96-49f8-bdc0-1a875d23bc12
2023-12-28 09:08:21,237 [623fd51a-cd2f-46b7-bfb3-2e75fcb0d216-EndpointStateMachineTaskThread-/0.0.0.0:15091-0 ] INFO  volume.ThrottledAsyncChecker (ThrottledAsyncChecker.java:schedule(141)) - Scheduling a check for /home/runner/work/ozone/ozone/hadoop-ozone/integration-test/target/test-dir/MiniOzoneClusterImpl-8986566a-fb65-479a-a2d4-a5d5d2c03f68/datanode-2/data-0/containers/hdds
2023-12-28 09:08:21,237 [623fd51a-cd2f-46b7-bfb3-2e75fcb0d216-EndpointStateMachineTaskThread-/0.0.0.0:15091-0 ] INFO  volume.StorageVolumeChecker (StorageVolumeChecker.java:checkAllVolumes(218)) - Scheduled health check for volume /home/runner/work/ozone/ozone/hadoop-ozone/integration-test/target/test-dir/MiniOzoneClusterImpl-8986566a-fb65-479a-a2d4-a5d5d2c03f68/datanode-2/data-0/containers/hdds
2023-12-28 09:08:21,239 [623fd51a-cd2f-46b7-bfb3-2e75fcb0d216-EndpointStateMachineTaskThread-/0.0.0.0:15091-0 ] INFO  volume.ThrottledAsyncChecker (ThrottledAsyncChecker.java:schedule(141)) - Scheduling a check for /home/runner/work/ozone/ozone/hadoop-ozone/integration-test/target/test-dir/MiniOzoneClusterImpl-8986566a-fb65-479a-a2d4-a5d5d2c03f68/datanode-2/data/ratis
2023-12-28 09:08:21,239 [623fd51a-cd2f-46b7-bfb3-2e75fcb0d216-EndpointStateMachineTaskThread-/0.0.0.0:15091-0 ] INFO  volume.StorageVolumeChecker (StorageVolumeChecker.java:checkAllVolumes(218)) - Scheduled health check for volume /home/runner/work/ozone/ozone/hadoop-ozone/integration-test/target/test-dir/MiniOzoneClusterImpl-8986566a-fb65-479a-a2d4-a5d5d2c03f68/datanode-2/data/ratis
2023-12-28 09:08:21,240 [623fd51a-cd2f-46b7-bfb3-2e75fcb0d216-EndpointStateMachineTaskThread-/0.0.0.0:15091-0 ] INFO  ozoneimpl.OzoneContainer (OzoneContainer.java:start(441)) - Attempting to start container services.
2023-12-28 09:08:21,240 [623fd51a-cd2f-46b7-bfb3-2e75fcb0d216-EndpointStateMachineTaskThread-/0.0.0.0:15091-0 ] INFO  ozoneimpl.OzoneContainer (OzoneContainer.java:startContainerScrub(337)) - Scheduled background container scanners and the on-demand container scanner have been disabled.
2023-12-28 09:08:21,241 [623fd51a-cd2f-46b7-bfb3-2e75fcb0d216-EndpointStateMachineTaskThread-/0.0.0.0:15091-0 ] INFO  replication.ReplicationServer (ReplicationServer.java:start(139)) - ReplicationServer is started using port 15123
2023-12-28 09:08:21,241 [623fd51a-cd2f-46b7-bfb3-2e75fcb0d216-EndpointStateMachineTaskThread-/0.0.0.0:15091-0 ] INFO  ratis.XceiverServerRatis (XceiverServerRatis.java:start(548)) - Starting XceiverServerRatis 623fd51a-cd2f-46b7-bfb3-2e75fcb0d216
2023-12-28 09:08:21,241 [623fd51a-cd2f-46b7-bfb3-2e75fcb0d216-EndpointStateMachineTaskThread-/0.0.0.0:15091-0 ] INFO  server.RaftServer (RaftServerProxy.java:startImpl(406)) - 623fd51a-cd2f-46b7-bfb3-2e75fcb0d216: start RPC server
2023-12-28 09:08:21,242 [623fd51a-cd2f-46b7-bfb3-2e75fcb0d216-EndpointStateMachineTaskThread-/0.0.0.0:15091-0 ] INFO  server.GrpcService (GrpcService.java:startImpl(302)) - 623fd51a-cd2f-46b7-bfb3-2e75fcb0d216: GrpcService started, listening on 15119
2023-12-28 09:08:21,242 [623fd51a-cd2f-46b7-bfb3-2e75fcb0d216-EndpointStateMachineTaskThread-/0.0.0.0:15091-0 ] INFO  server.GrpcService (GrpcService.java:startImpl(302)) - 623fd51a-cd2f-46b7-bfb3-2e75fcb0d216: GrpcService started, listening on 15121
2023-12-28 09:08:21,242 [623fd51a-cd2f-46b7-bfb3-2e75fcb0d216-EndpointStateMachineTaskThread-/0.0.0.0:15091-0 ] INFO  server.GrpcService (GrpcService.java:startImpl(302)) - 623fd51a-cd2f-46b7-bfb3-2e75fcb0d216: GrpcService started, listening on 15120
2023-12-28 09:08:21,243 [623fd51a-cd2f-46b7-bfb3-2e75fcb0d216-EndpointStateMachineTaskThread-/0.0.0.0:15091-0 ] INFO  ratis.XceiverServerRatis (XceiverServerRatis.java:getRealPort(574)) - XceiverServerRatis 623fd51a-cd2f-46b7-bfb3-2e75fcb0d216 is started using port 15119 for RATIS
2023-12-28 09:08:21,243 [JvmPauseMonitor15] INFO  util.JvmPauseMonitor (JvmPauseMonitor.java:run(146)) - JvmPauseMonitor-623fd51a-cd2f-46b7-bfb3-2e75fcb0d216: Started
2023-12-28 09:08:21,243 [623fd51a-cd2f-46b7-bfb3-2e75fcb0d216-EndpointStateMachineTaskThread-/0.0.0.0:15091-0 ] INFO  ratis.XceiverServerRatis (XceiverServerRatis.java:getRealPort(574)) - XceiverServerRatis 623fd51a-cd2f-46b7-bfb3-2e75fcb0d216 is started using port 15120 for RATIS_ADMIN
2023-12-28 09:08:21,243 [623fd51a-cd2f-46b7-bfb3-2e75fcb0d216-EndpointStateMachineTaskThread-/0.0.0.0:15091-0 ] INFO  ratis.XceiverServerRatis (XceiverServerRatis.java:getRealPort(574)) - XceiverServerRatis 623fd51a-cd2f-46b7-bfb3-2e75fcb0d216 is started using port 15121 for RATIS_SERVER
2023-12-28 09:08:21,243 [623fd51a-cd2f-46b7-bfb3-2e75fcb0d216-EndpointStateMachineTaskThread-/0.0.0.0:15091-0 ] INFO  ratis.XceiverServerRatis (XceiverServerRatis.java:getRealPort(574)) - XceiverServerRatis 623fd51a-cd2f-46b7-bfb3-2e75fcb0d216 is started using port 15122 for RATIS_DATASTREAM
2023-12-28 09:08:21,244 [623fd51a-cd2f-46b7-bfb3-2e75fcb0d216-BlockDeletingService#0] INFO  interfaces.ContainerDeletionChoosingPolicyTemplate (ContainerDeletionChoosingPolicyTemplate.java:chooseContainerForBlockDeletion(85)) - Chosen 0/5000 blocks from 0 candidate containers.
2023-12-28 09:08:21,379 [f1f58aef-51f9-473c-80a3-23da74561150-EndpointStateMachineTaskThread-/0.0.0.0:15091-0 ] INFO  utils.DatanodeStoreCache (DatanodeStoreCache.java:addDB(66)) - Added db /home/runner/work/ozone/ozone/hadoop-ozone/integration-test/target/test-dir/MiniOzoneClusterImpl-8986566a-fb65-479a-a2d4-a5d5d2c03f68/datanode-3/data-0/containers/hdds/8986566a-fb65-479a-a2d4-a5d5d2c03f68/DS-1d49916a-1cb3-4c52-9ec3-8328b57d86f7/container.db to cache
2023-12-28 09:08:21,379 [f1f58aef-51f9-473c-80a3-23da74561150-EndpointStateMachineTaskThread-/0.0.0.0:15091-0 ] INFO  volume.HddsVolume (HddsVolume.java:createDbStore(422)) - SchemaV3 db is created and loaded at /home/runner/work/ozone/ozone/hadoop-ozone/integration-test/target/test-dir/MiniOzoneClusterImpl-8986566a-fb65-479a-a2d4-a5d5d2c03f68/datanode-3/data-0/containers/hdds/8986566a-fb65-479a-a2d4-a5d5d2c03f68/DS-1d49916a-1cb3-4c52-9ec3-8328b57d86f7/container.db for volume DS-1d49916a-1cb3-4c52-9ec3-8328b57d86f7
2023-12-28 09:08:21,380 [f1f58aef-51f9-473c-80a3-23da74561150-EndpointStateMachineTaskThread-/0.0.0.0:15091-0 ] INFO  volume.ThrottledAsyncChecker (ThrottledAsyncChecker.java:schedule(141)) - Scheduling a check for /home/runner/work/ozone/ozone/hadoop-ozone/integration-test/target/test-dir/MiniOzoneClusterImpl-8986566a-fb65-479a-a2d4-a5d5d2c03f68/datanode-3/data-0/containers/hdds
2023-12-28 09:08:21,381 [f1f58aef-51f9-473c-80a3-23da74561150-EndpointStateMachineTaskThread-/0.0.0.0:15091-0 ] INFO  volume.StorageVolumeChecker (StorageVolumeChecker.java:checkAllVolumes(218)) - Scheduled health check for volume /home/runner/work/ozone/ozone/hadoop-ozone/integration-test/target/test-dir/MiniOzoneClusterImpl-8986566a-fb65-479a-a2d4-a5d5d2c03f68/datanode-3/data-0/containers/hdds
2023-12-28 09:08:21,382 [f1f58aef-51f9-473c-80a3-23da74561150-EndpointStateMachineTaskThread-/0.0.0.0:15091-0 ] INFO  volume.ThrottledAsyncChecker (ThrottledAsyncChecker.java:schedule(141)) - Scheduling a check for /home/runner/work/ozone/ozone/hadoop-ozone/integration-test/target/test-dir/MiniOzoneClusterImpl-8986566a-fb65-479a-a2d4-a5d5d2c03f68/datanode-3/data/ratis
2023-12-28 09:08:21,383 [f1f58aef-51f9-473c-80a3-23da74561150-EndpointStateMachineTaskThread-/0.0.0.0:15091-0 ] INFO  volume.StorageVolumeChecker (StorageVolumeChecker.java:checkAllVolumes(218)) - Scheduled health check for volume /home/runner/work/ozone/ozone/hadoop-ozone/integration-test/target/test-dir/MiniOzoneClusterImpl-8986566a-fb65-479a-a2d4-a5d5d2c03f68/datanode-3/data/ratis
2023-12-28 09:08:21,383 [f1f58aef-51f9-473c-80a3-23da74561150-EndpointStateMachineTaskThread-/0.0.0.0:15091-0 ] INFO  ozoneimpl.OzoneContainer (OzoneContainer.java:start(441)) - Attempting to start container services.
2023-12-28 09:08:21,383 [f1f58aef-51f9-473c-80a3-23da74561150-EndpointStateMachineTaskThread-/0.0.0.0:15091-0 ] INFO  ozoneimpl.OzoneContainer (OzoneContainer.java:startContainerScrub(337)) - Scheduled background container scanners and the on-demand container scanner have been disabled.
2023-12-28 09:08:21,384 [f1f58aef-51f9-473c-80a3-23da74561150-EndpointStateMachineTaskThread-/0.0.0.0:15091-0 ] INFO  replication.ReplicationServer (ReplicationServer.java:start(139)) - ReplicationServer is started using port 15132
2023-12-28 09:08:21,384 [f1f58aef-51f9-473c-80a3-23da74561150-EndpointStateMachineTaskThread-/0.0.0.0:15091-0 ] INFO  ratis.XceiverServerRatis (XceiverServerRatis.java:start(548)) - Starting XceiverServerRatis f1f58aef-51f9-473c-80a3-23da74561150
2023-12-28 09:08:21,384 [f1f58aef-51f9-473c-80a3-23da74561150-EndpointStateMachineTaskThread-/0.0.0.0:15091-0 ] INFO  server.RaftServer (RaftServerProxy.java:startImpl(406)) - f1f58aef-51f9-473c-80a3-23da74561150: start RPC server
2023-12-28 09:08:21,385 [f1f58aef-51f9-473c-80a3-23da74561150-EndpointStateMachineTaskThread-/0.0.0.0:15091-0 ] INFO  server.GrpcService (GrpcService.java:startImpl(302)) - f1f58aef-51f9-473c-80a3-23da74561150: GrpcService started, listening on 15128
2023-12-28 09:08:21,385 [f1f58aef-51f9-473c-80a3-23da74561150-EndpointStateMachineTaskThread-/0.0.0.0:15091-0 ] INFO  server.GrpcService (GrpcService.java:startImpl(302)) - f1f58aef-51f9-473c-80a3-23da74561150: GrpcService started, listening on 15130
2023-12-28 09:08:21,385 [f1f58aef-51f9-473c-80a3-23da74561150-EndpointStateMachineTaskThread-/0.0.0.0:15091-0 ] INFO  server.GrpcService (GrpcService.java:startImpl(302)) - f1f58aef-51f9-473c-80a3-23da74561150: GrpcService started, listening on 15129
2023-12-28 09:08:21,386 [f1f58aef-51f9-473c-80a3-23da74561150-EndpointStateMachineTaskThread-/0.0.0.0:15091-0 ] INFO  ratis.XceiverServerRatis (XceiverServerRatis.java:getRealPort(574)) - XceiverServerRatis f1f58aef-51f9-473c-80a3-23da74561150 is started using port 15128 for RATIS
2023-12-28 09:08:21,386 [f1f58aef-51f9-473c-80a3-23da74561150-EndpointStateMachineTaskThread-/0.0.0.0:15091-0 ] INFO  ratis.XceiverServerRatis (XceiverServerRatis.java:getRealPort(574)) - XceiverServerRatis f1f58aef-51f9-473c-80a3-23da74561150 is started using port 15129 for RATIS_ADMIN
2023-12-28 09:08:21,386 [f1f58aef-51f9-473c-80a3-23da74561150-EndpointStateMachineTaskThread-/0.0.0.0:15091-0 ] INFO  ratis.XceiverServerRatis (XceiverServerRatis.java:getRealPort(574)) - XceiverServerRatis f1f58aef-51f9-473c-80a3-23da74561150 is started using port 15130 for RATIS_SERVER
2023-12-28 09:08:21,386 [JvmPauseMonitor16] INFO  util.JvmPauseMonitor (JvmPauseMonitor.java:run(146)) - JvmPauseMonitor-f1f58aef-51f9-473c-80a3-23da74561150: Started
2023-12-28 09:08:21,386 [f1f58aef-51f9-473c-80a3-23da74561150-EndpointStateMachineTaskThread-/0.0.0.0:15091-0 ] INFO  ratis.XceiverServerRatis (XceiverServerRatis.java:getRealPort(574)) - XceiverServerRatis f1f58aef-51f9-473c-80a3-23da74561150 is started using port 15131 for RATIS_DATASTREAM
2023-12-28 09:08:21,387 [f1f58aef-51f9-473c-80a3-23da74561150-BlockDeletingService#0] INFO  interfaces.ContainerDeletionChoosingPolicyTemplate (ContainerDeletionChoosingPolicyTemplate.java:chooseContainerForBlockDeletion(85)) - Chosen 0/5000 blocks from 0 candidate containers.
2023-12-28 09:08:21,479 [c45be0a3-c489-4780-aa5f-c0744aea279b-EndpointStateMachineTaskThread-/0.0.0.0:15091-0 ] INFO  utils.DatanodeStoreCache (DatanodeStoreCache.java:addDB(66)) - Added db /home/runner/work/ozone/ozone/hadoop-ozone/integration-test/target/test-dir/MiniOzoneClusterImpl-8986566a-fb65-479a-a2d4-a5d5d2c03f68/datanode-4/data-0/containers/hdds/8986566a-fb65-479a-a2d4-a5d5d2c03f68/DS-3577bd90-bcd3-4bee-bbb2-1a716d934901/container.db to cache
2023-12-28 09:08:21,479 [c45be0a3-c489-4780-aa5f-c0744aea279b-EndpointStateMachineTaskThread-/0.0.0.0:15091-0 ] INFO  volume.HddsVolume (HddsVolume.java:createDbStore(422)) - SchemaV3 db is created and loaded at /home/runner/work/ozone/ozone/hadoop-ozone/integration-test/target/test-dir/MiniOzoneClusterImpl-8986566a-fb65-479a-a2d4-a5d5d2c03f68/datanode-4/data-0/containers/hdds/8986566a-fb65-479a-a2d4-a5d5d2c03f68/DS-3577bd90-bcd3-4bee-bbb2-1a716d934901/container.db for volume DS-3577bd90-bcd3-4bee-bbb2-1a716d934901
2023-12-28 09:08:21,481 [c45be0a3-c489-4780-aa5f-c0744aea279b-EndpointStateMachineTaskThread-/0.0.0.0:15091-0 ] INFO  volume.ThrottledAsyncChecker (ThrottledAsyncChecker.java:schedule(141)) - Scheduling a check for /home/runner/work/ozone/ozone/hadoop-ozone/integration-test/target/test-dir/MiniOzoneClusterImpl-8986566a-fb65-479a-a2d4-a5d5d2c03f68/datanode-4/data-0/containers/hdds
2023-12-28 09:08:21,481 [c45be0a3-c489-4780-aa5f-c0744aea279b-EndpointStateMachineTaskThread-/0.0.0.0:15091-0 ] INFO  volume.StorageVolumeChecker (StorageVolumeChecker.java:checkAllVolumes(218)) - Scheduled health check for volume /home/runner/work/ozone/ozone/hadoop-ozone/integration-test/target/test-dir/MiniOzoneClusterImpl-8986566a-fb65-479a-a2d4-a5d5d2c03f68/datanode-4/data-0/containers/hdds
2023-12-28 09:08:21,483 [c45be0a3-c489-4780-aa5f-c0744aea279b-EndpointStateMachineTaskThread-/0.0.0.0:15091-0 ] INFO  volume.ThrottledAsyncChecker (ThrottledAsyncChecker.java:schedule(141)) - Scheduling a check for /home/runner/work/ozone/ozone/hadoop-ozone/integration-test/target/test-dir/MiniOzoneClusterImpl-8986566a-fb65-479a-a2d4-a5d5d2c03f68/datanode-4/data/ratis
2023-12-28 09:08:21,483 [c45be0a3-c489-4780-aa5f-c0744aea279b-EndpointStateMachineTaskThread-/0.0.0.0:15091-0 ] INFO  volume.StorageVolumeChecker (StorageVolumeChecker.java:checkAllVolumes(218)) - Scheduled health check for volume /home/runner/work/ozone/ozone/hadoop-ozone/integration-test/target/test-dir/MiniOzoneClusterImpl-8986566a-fb65-479a-a2d4-a5d5d2c03f68/datanode-4/data/ratis
2023-12-28 09:08:21,485 [c45be0a3-c489-4780-aa5f-c0744aea279b-EndpointStateMachineTaskThread-/0.0.0.0:15091-0 ] INFO  ozoneimpl.OzoneContainer (OzoneContainer.java:start(441)) - Attempting to start container services.
2023-12-28 09:08:21,485 [c45be0a3-c489-4780-aa5f-c0744aea279b-EndpointStateMachineTaskThread-/0.0.0.0:15091-0 ] INFO  ozoneimpl.OzoneContainer (OzoneContainer.java:startContainerScrub(337)) - Scheduled background container scanners and the on-demand container scanner have been disabled.
2023-12-28 09:08:21,485 [c45be0a3-c489-4780-aa5f-c0744aea279b-EndpointStateMachineTaskThread-/0.0.0.0:15091-0 ] INFO  replication.ReplicationServer (ReplicationServer.java:start(139)) - ReplicationServer is started using port 15141
2023-12-28 09:08:21,485 [c45be0a3-c489-4780-aa5f-c0744aea279b-EndpointStateMachineTaskThread-/0.0.0.0:15091-0 ] INFO  ratis.XceiverServerRatis (XceiverServerRatis.java:start(548)) - Starting XceiverServerRatis c45be0a3-c489-4780-aa5f-c0744aea279b
2023-12-28 09:08:21,494 [c45be0a3-c489-4780-aa5f-c0744aea279b-EndpointStateMachineTaskThread-/0.0.0.0:15091-0 ] INFO  server.RaftServer (RaftServerProxy.java:startImpl(406)) - c45be0a3-c489-4780-aa5f-c0744aea279b: start RPC server
2023-12-28 09:08:21,494 [c45be0a3-c489-4780-aa5f-c0744aea279b-EndpointStateMachineTaskThread-/0.0.0.0:15091-0 ] INFO  server.GrpcService (GrpcService.java:startImpl(302)) - c45be0a3-c489-4780-aa5f-c0744aea279b: GrpcService started, listening on 15137
2023-12-28 09:08:21,495 [c45be0a3-c489-4780-aa5f-c0744aea279b-EndpointStateMachineTaskThread-/0.0.0.0:15091-0 ] INFO  server.GrpcService (GrpcService.java:startImpl(302)) - c45be0a3-c489-4780-aa5f-c0744aea279b: GrpcService started, listening on 15139
2023-12-28 09:08:21,495 [c45be0a3-c489-4780-aa5f-c0744aea279b-EndpointStateMachineTaskThread-/0.0.0.0:15091-0 ] INFO  server.GrpcService (GrpcService.java:startImpl(302)) - c45be0a3-c489-4780-aa5f-c0744aea279b: GrpcService started, listening on 15138
2023-12-28 09:08:21,497 [c45be0a3-c489-4780-aa5f-c0744aea279b-EndpointStateMachineTaskThread-/0.0.0.0:15091-0 ] INFO  ratis.XceiverServerRatis (XceiverServerRatis.java:getRealPort(574)) - XceiverServerRatis c45be0a3-c489-4780-aa5f-c0744aea279b is started using port 15137 for RATIS
2023-12-28 09:08:21,497 [JvmPauseMonitor17] INFO  util.JvmPauseMonitor (JvmPauseMonitor.java:run(146)) - JvmPauseMonitor-c45be0a3-c489-4780-aa5f-c0744aea279b: Started
2023-12-28 09:08:21,497 [c45be0a3-c489-4780-aa5f-c0744aea279b-EndpointStateMachineTaskThread-/0.0.0.0:15091-0 ] INFO  ratis.XceiverServerRatis (XceiverServerRatis.java:getRealPort(574)) - XceiverServerRatis c45be0a3-c489-4780-aa5f-c0744aea279b is started using port 15138 for RATIS_ADMIN
2023-12-28 09:08:21,497 [c45be0a3-c489-4780-aa5f-c0744aea279b-EndpointStateMachineTaskThread-/0.0.0.0:15091-0 ] INFO  ratis.XceiverServerRatis (XceiverServerRatis.java:getRealPort(574)) - XceiverServerRatis c45be0a3-c489-4780-aa5f-c0744aea279b is started using port 15139 for RATIS_SERVER
2023-12-28 09:08:21,497 [c45be0a3-c489-4780-aa5f-c0744aea279b-EndpointStateMachineTaskThread-/0.0.0.0:15091-0 ] INFO  ratis.XceiverServerRatis (XceiverServerRatis.java:getRealPort(574)) - XceiverServerRatis c45be0a3-c489-4780-aa5f-c0744aea279b is started using port 15140 for RATIS_DATASTREAM
2023-12-28 09:08:21,498 [c45be0a3-c489-4780-aa5f-c0744aea279b-BlockDeletingService#0] INFO  interfaces.ContainerDeletionChoosingPolicyTemplate (ContainerDeletionChoosingPolicyTemplate.java:chooseContainerForBlockDeletion(85)) - Chosen 0/5000 blocks from 0 candidate containers.
2023-12-28 09:08:21,577 [a88a6c70-ad04-4ba2-9985-df8f03985c47-EndpointStateMachineTaskThread-/0.0.0.0:15091-0 ] INFO  utils.DatanodeStoreCache (DatanodeStoreCache.java:addDB(66)) - Added db /home/runner/work/ozone/ozone/hadoop-ozone/integration-test/target/test-dir/MiniOzoneClusterImpl-8986566a-fb65-479a-a2d4-a5d5d2c03f68/datanode-5/data-0/containers/hdds/8986566a-fb65-479a-a2d4-a5d5d2c03f68/DS-adddc06d-2365-42c0-b241-d6ca93865605/container.db to cache
2023-12-28 09:08:21,577 [a88a6c70-ad04-4ba2-9985-df8f03985c47-EndpointStateMachineTaskThread-/0.0.0.0:15091-0 ] INFO  volume.HddsVolume (HddsVolume.java:createDbStore(422)) - SchemaV3 db is created and loaded at /home/runner/work/ozone/ozone/hadoop-ozone/integration-test/target/test-dir/MiniOzoneClusterImpl-8986566a-fb65-479a-a2d4-a5d5d2c03f68/datanode-5/data-0/containers/hdds/8986566a-fb65-479a-a2d4-a5d5d2c03f68/DS-adddc06d-2365-42c0-b241-d6ca93865605/container.db for volume DS-adddc06d-2365-42c0-b241-d6ca93865605
2023-12-28 09:08:21,579 [a88a6c70-ad04-4ba2-9985-df8f03985c47-EndpointStateMachineTaskThread-/0.0.0.0:15091-0 ] INFO  volume.ThrottledAsyncChecker (ThrottledAsyncChecker.java:schedule(141)) - Scheduling a check for /home/runner/work/ozone/ozone/hadoop-ozone/integration-test/target/test-dir/MiniOzoneClusterImpl-8986566a-fb65-479a-a2d4-a5d5d2c03f68/datanode-5/data-0/containers/hdds
2023-12-28 09:08:21,579 [a88a6c70-ad04-4ba2-9985-df8f03985c47-EndpointStateMachineTaskThread-/0.0.0.0:15091-0 ] INFO  volume.StorageVolumeChecker (StorageVolumeChecker.java:checkAllVolumes(218)) - Scheduled health check for volume /home/runner/work/ozone/ozone/hadoop-ozone/integration-test/target/test-dir/MiniOzoneClusterImpl-8986566a-fb65-479a-a2d4-a5d5d2c03f68/datanode-5/data-0/containers/hdds
2023-12-28 09:08:21,581 [a88a6c70-ad04-4ba2-9985-df8f03985c47-EndpointStateMachineTaskThread-/0.0.0.0:15091-0 ] INFO  volume.ThrottledAsyncChecker (ThrottledAsyncChecker.java:schedule(141)) - Scheduling a check for /home/runner/work/ozone/ozone/hadoop-ozone/integration-test/target/test-dir/MiniOzoneClusterImpl-8986566a-fb65-479a-a2d4-a5d5d2c03f68/datanode-5/data/ratis
2023-12-28 09:08:21,581 [a88a6c70-ad04-4ba2-9985-df8f03985c47-EndpointStateMachineTaskThread-/0.0.0.0:15091-0 ] INFO  volume.StorageVolumeChecker (StorageVolumeChecker.java:checkAllVolumes(218)) - Scheduled health check for volume /home/runner/work/ozone/ozone/hadoop-ozone/integration-test/target/test-dir/MiniOzoneClusterImpl-8986566a-fb65-479a-a2d4-a5d5d2c03f68/datanode-5/data/ratis
2023-12-28 09:08:21,582 [a88a6c70-ad04-4ba2-9985-df8f03985c47-EndpointStateMachineTaskThread-/0.0.0.0:15091-0 ] INFO  ozoneimpl.OzoneContainer (OzoneContainer.java:start(441)) - Attempting to start container services.
2023-12-28 09:08:21,582 [a88a6c70-ad04-4ba2-9985-df8f03985c47-EndpointStateMachineTaskThread-/0.0.0.0:15091-0 ] INFO  ozoneimpl.OzoneContainer (OzoneContainer.java:startContainerScrub(337)) - Scheduled background container scanners and the on-demand container scanner have been disabled.
2023-12-28 09:08:21,582 [a88a6c70-ad04-4ba2-9985-df8f03985c47-EndpointStateMachineTaskThread-/0.0.0.0:15091-0 ] INFO  replication.ReplicationServer (ReplicationServer.java:start(139)) - ReplicationServer is started using port 15150
2023-12-28 09:08:21,582 [a88a6c70-ad04-4ba2-9985-df8f03985c47-EndpointStateMachineTaskThread-/0.0.0.0:15091-0 ] INFO  ratis.XceiverServerRatis (XceiverServerRatis.java:start(548)) - Starting XceiverServerRatis a88a6c70-ad04-4ba2-9985-df8f03985c47
2023-12-28 09:08:21,583 [a88a6c70-ad04-4ba2-9985-df8f03985c47-EndpointStateMachineTaskThread-/0.0.0.0:15091-0 ] INFO  server.RaftServer (RaftServerProxy.java:startImpl(406)) - a88a6c70-ad04-4ba2-9985-df8f03985c47: start RPC server
2023-12-28 09:08:21,583 [a88a6c70-ad04-4ba2-9985-df8f03985c47-EndpointStateMachineTaskThread-/0.0.0.0:15091-0 ] INFO  server.GrpcService (GrpcService.java:startImpl(302)) - a88a6c70-ad04-4ba2-9985-df8f03985c47: GrpcService started, listening on 15146
2023-12-28 09:08:21,583 [a88a6c70-ad04-4ba2-9985-df8f03985c47-EndpointStateMachineTaskThread-/0.0.0.0:15091-0 ] INFO  server.GrpcService (GrpcService.java:startImpl(302)) - a88a6c70-ad04-4ba2-9985-df8f03985c47: GrpcService started, listening on 15148
2023-12-28 09:08:21,584 [a88a6c70-ad04-4ba2-9985-df8f03985c47-EndpointStateMachineTaskThread-/0.0.0.0:15091-0 ] INFO  server.GrpcService (GrpcService.java:startImpl(302)) - a88a6c70-ad04-4ba2-9985-df8f03985c47: GrpcService started, listening on 15147
2023-12-28 09:08:21,584 [a88a6c70-ad04-4ba2-9985-df8f03985c47-EndpointStateMachineTaskThread-/0.0.0.0:15091-0 ] INFO  ratis.XceiverServerRatis (XceiverServerRatis.java:getRealPort(574)) - XceiverServerRatis a88a6c70-ad04-4ba2-9985-df8f03985c47 is started using port 15146 for RATIS
2023-12-28 09:08:21,584 [JvmPauseMonitor18] INFO  util.JvmPauseMonitor (JvmPauseMonitor.java:run(146)) - JvmPauseMonitor-a88a6c70-ad04-4ba2-9985-df8f03985c47: Started
2023-12-28 09:08:21,584 [a88a6c70-ad04-4ba2-9985-df8f03985c47-EndpointStateMachineTaskThread-/0.0.0.0:15091-0 ] INFO  ratis.XceiverServerRatis (XceiverServerRatis.java:getRealPort(574)) - XceiverServerRatis a88a6c70-ad04-4ba2-9985-df8f03985c47 is started using port 15147 for RATIS_ADMIN
2023-12-28 09:08:21,584 [a88a6c70-ad04-4ba2-9985-df8f03985c47-EndpointStateMachineTaskThread-/0.0.0.0:15091-0 ] INFO  ratis.XceiverServerRatis (XceiverServerRatis.java:getRealPort(574)) - XceiverServerRatis a88a6c70-ad04-4ba2-9985-df8f03985c47 is started using port 15148 for RATIS_SERVER
2023-12-28 09:08:21,584 [a88a6c70-ad04-4ba2-9985-df8f03985c47-EndpointStateMachineTaskThread-/0.0.0.0:15091-0 ] INFO  ratis.XceiverServerRatis (XceiverServerRatis.java:getRealPort(574)) - XceiverServerRatis a88a6c70-ad04-4ba2-9985-df8f03985c47 is started using port 15149 for RATIS_DATASTREAM
2023-12-28 09:08:21,585 [a88a6c70-ad04-4ba2-9985-df8f03985c47-BlockDeletingService#0] INFO  interfaces.ContainerDeletionChoosingPolicyTemplate (ContainerDeletionChoosingPolicyTemplate.java:chooseContainerForBlockDeletion(85)) - Chosen 0/5000 blocks from 0 candidate containers.
2023-12-28 09:08:21,668 [9e792a6f-77db-4c9d-ab1c-4b4be3f2ae56-EndpointStateMachineTaskThread-/0.0.0.0:15091-0 ] INFO  utils.DatanodeStoreCache (DatanodeStoreCache.java:addDB(66)) - Added db /home/runner/work/ozone/ozone/hadoop-ozone/integration-test/target/test-dir/MiniOzoneClusterImpl-8986566a-fb65-479a-a2d4-a5d5d2c03f68/datanode-6/data-0/containers/hdds/8986566a-fb65-479a-a2d4-a5d5d2c03f68/DS-24e9930e-c4d9-422f-8439-63e74b840529/container.db to cache
2023-12-28 09:08:21,668 [9e792a6f-77db-4c9d-ab1c-4b4be3f2ae56-EndpointStateMachineTaskThread-/0.0.0.0:15091-0 ] INFO  volume.HddsVolume (HddsVolume.java:createDbStore(422)) - SchemaV3 db is created and loaded at /home/runner/work/ozone/ozone/hadoop-ozone/integration-test/target/test-dir/MiniOzoneClusterImpl-8986566a-fb65-479a-a2d4-a5d5d2c03f68/datanode-6/data-0/containers/hdds/8986566a-fb65-479a-a2d4-a5d5d2c03f68/DS-24e9930e-c4d9-422f-8439-63e74b840529/container.db for volume DS-24e9930e-c4d9-422f-8439-63e74b840529
2023-12-28 09:08:21,669 [9e792a6f-77db-4c9d-ab1c-4b4be3f2ae56-EndpointStateMachineTaskThread-/0.0.0.0:15091-0 ] INFO  volume.ThrottledAsyncChecker (ThrottledAsyncChecker.java:schedule(141)) - Scheduling a check for /home/runner/work/ozone/ozone/hadoop-ozone/integration-test/target/test-dir/MiniOzoneClusterImpl-8986566a-fb65-479a-a2d4-a5d5d2c03f68/datanode-6/data-0/containers/hdds
2023-12-28 09:08:21,670 [9e792a6f-77db-4c9d-ab1c-4b4be3f2ae56-EndpointStateMachineTaskThread-/0.0.0.0:15091-0 ] INFO  volume.StorageVolumeChecker (StorageVolumeChecker.java:checkAllVolumes(218)) - Scheduled health check for volume /home/runner/work/ozone/ozone/hadoop-ozone/integration-test/target/test-dir/MiniOzoneClusterImpl-8986566a-fb65-479a-a2d4-a5d5d2c03f68/datanode-6/data-0/containers/hdds
2023-12-28 09:08:21,671 [9e792a6f-77db-4c9d-ab1c-4b4be3f2ae56-EndpointStateMachineTaskThread-/0.0.0.0:15091-0 ] INFO  volume.ThrottledAsyncChecker (ThrottledAsyncChecker.java:schedule(141)) - Scheduling a check for /home/runner/work/ozone/ozone/hadoop-ozone/integration-test/target/test-dir/MiniOzoneClusterImpl-8986566a-fb65-479a-a2d4-a5d5d2c03f68/datanode-6/data/ratis
2023-12-28 09:08:21,672 [9e792a6f-77db-4c9d-ab1c-4b4be3f2ae56-EndpointStateMachineTaskThread-/0.0.0.0:15091-0 ] INFO  volume.StorageVolumeChecker (StorageVolumeChecker.java:checkAllVolumes(218)) - Scheduled health check for volume /home/runner/work/ozone/ozone/hadoop-ozone/integration-test/target/test-dir/MiniOzoneClusterImpl-8986566a-fb65-479a-a2d4-a5d5d2c03f68/datanode-6/data/ratis
2023-12-28 09:08:21,673 [9e792a6f-77db-4c9d-ab1c-4b4be3f2ae56-EndpointStateMachineTaskThread-/0.0.0.0:15091-0 ] INFO  ozoneimpl.OzoneContainer (OzoneContainer.java:start(441)) - Attempting to start container services.
2023-12-28 09:08:21,673 [9e792a6f-77db-4c9d-ab1c-4b4be3f2ae56-EndpointStateMachineTaskThread-/0.0.0.0:15091-0 ] INFO  ozoneimpl.OzoneContainer (OzoneContainer.java:startContainerScrub(337)) - Scheduled background container scanners and the on-demand container scanner have been disabled.
2023-12-28 09:08:21,674 [9e792a6f-77db-4c9d-ab1c-4b4be3f2ae56-EndpointStateMachineTaskThread-/0.0.0.0:15091-0 ] INFO  replication.ReplicationServer (ReplicationServer.java:start(139)) - ReplicationServer is started using port 15159
2023-12-28 09:08:21,674 [9e792a6f-77db-4c9d-ab1c-4b4be3f2ae56-EndpointStateMachineTaskThread-/0.0.0.0:15091-0 ] INFO  ratis.XceiverServerRatis (XceiverServerRatis.java:start(548)) - Starting XceiverServerRatis 9e792a6f-77db-4c9d-ab1c-4b4be3f2ae56
2023-12-28 09:08:21,674 [9e792a6f-77db-4c9d-ab1c-4b4be3f2ae56-EndpointStateMachineTaskThread-/0.0.0.0:15091-0 ] INFO  server.RaftServer (RaftServerProxy.java:startImpl(406)) - 9e792a6f-77db-4c9d-ab1c-4b4be3f2ae56: start RPC server
2023-12-28 09:08:21,674 [9e792a6f-77db-4c9d-ab1c-4b4be3f2ae56-EndpointStateMachineTaskThread-/0.0.0.0:15091-0 ] INFO  server.GrpcService (GrpcService.java:startImpl(302)) - 9e792a6f-77db-4c9d-ab1c-4b4be3f2ae56: GrpcService started, listening on 15155
2023-12-28 09:08:21,675 [9e792a6f-77db-4c9d-ab1c-4b4be3f2ae56-EndpointStateMachineTaskThread-/0.0.0.0:15091-0 ] INFO  server.GrpcService (GrpcService.java:startImpl(302)) - 9e792a6f-77db-4c9d-ab1c-4b4be3f2ae56: GrpcService started, listening on 15157
2023-12-28 09:08:21,675 [9e792a6f-77db-4c9d-ab1c-4b4be3f2ae56-EndpointStateMachineTaskThread-/0.0.0.0:15091-0 ] INFO  server.GrpcService (GrpcService.java:startImpl(302)) - 9e792a6f-77db-4c9d-ab1c-4b4be3f2ae56: GrpcService started, listening on 15156
2023-12-28 09:08:21,675 [9e792a6f-77db-4c9d-ab1c-4b4be3f2ae56-EndpointStateMachineTaskThread-/0.0.0.0:15091-0 ] INFO  ratis.XceiverServerRatis (XceiverServerRatis.java:getRealPort(574)) - XceiverServerRatis 9e792a6f-77db-4c9d-ab1c-4b4be3f2ae56 is started using port 15155 for RATIS
2023-12-28 09:08:21,675 [JvmPauseMonitor19] INFO  util.JvmPauseMonitor (JvmPauseMonitor.java:run(146)) - JvmPauseMonitor-9e792a6f-77db-4c9d-ab1c-4b4be3f2ae56: Started
2023-12-28 09:08:21,675 [9e792a6f-77db-4c9d-ab1c-4b4be3f2ae56-EndpointStateMachineTaskThread-/0.0.0.0:15091-0 ] INFO  ratis.XceiverServerRatis (XceiverServerRatis.java:getRealPort(574)) - XceiverServerRatis 9e792a6f-77db-4c9d-ab1c-4b4be3f2ae56 is started using port 15156 for RATIS_ADMIN
2023-12-28 09:08:21,675 [9e792a6f-77db-4c9d-ab1c-4b4be3f2ae56-EndpointStateMachineTaskThread-/0.0.0.0:15091-0 ] INFO  ratis.XceiverServerRatis (XceiverServerRatis.java:getRealPort(574)) - XceiverServerRatis 9e792a6f-77db-4c9d-ab1c-4b4be3f2ae56 is started using port 15157 for RATIS_SERVER
2023-12-28 09:08:21,675 [9e792a6f-77db-4c9d-ab1c-4b4be3f2ae56-EndpointStateMachineTaskThread-/0.0.0.0:15091-0 ] INFO  ratis.XceiverServerRatis (XceiverServerRatis.java:getRealPort(574)) - XceiverServerRatis 9e792a6f-77db-4c9d-ab1c-4b4be3f2ae56 is started using port 15158 for RATIS_DATASTREAM
2023-12-28 09:08:21,676 [9e792a6f-77db-4c9d-ab1c-4b4be3f2ae56-BlockDeletingService#0] INFO  interfaces.ContainerDeletionChoosingPolicyTemplate (ContainerDeletionChoosingPolicyTemplate.java:chooseContainerForBlockDeletion(85)) - Chosen 0/5000 blocks from 0 candidate containers.
2023-12-28 09:08:21,775 [dccb7b66-05bf-40d4-a126-9074e1df82c7-EndpointStateMachineTaskThread-/0.0.0.0:15091-0 ] INFO  utils.DatanodeStoreCache (DatanodeStoreCache.java:addDB(66)) - Added db /home/runner/work/ozone/ozone/hadoop-ozone/integration-test/target/test-dir/MiniOzoneClusterImpl-8986566a-fb65-479a-a2d4-a5d5d2c03f68/datanode-7/data-0/containers/hdds/8986566a-fb65-479a-a2d4-a5d5d2c03f68/DS-f887c878-d38c-4bca-b5cc-52001ed8dc2c/container.db to cache
2023-12-28 09:08:21,775 [dccb7b66-05bf-40d4-a126-9074e1df82c7-EndpointStateMachineTaskThread-/0.0.0.0:15091-0 ] INFO  volume.HddsVolume (HddsVolume.java:createDbStore(422)) - SchemaV3 db is created and loaded at /home/runner/work/ozone/ozone/hadoop-ozone/integration-test/target/test-dir/MiniOzoneClusterImpl-8986566a-fb65-479a-a2d4-a5d5d2c03f68/datanode-7/data-0/containers/hdds/8986566a-fb65-479a-a2d4-a5d5d2c03f68/DS-f887c878-d38c-4bca-b5cc-52001ed8dc2c/container.db for volume DS-f887c878-d38c-4bca-b5cc-52001ed8dc2c
2023-12-28 09:08:21,777 [dccb7b66-05bf-40d4-a126-9074e1df82c7-EndpointStateMachineTaskThread-/0.0.0.0:15091-0 ] INFO  volume.ThrottledAsyncChecker (ThrottledAsyncChecker.java:schedule(141)) - Scheduling a check for /home/runner/work/ozone/ozone/hadoop-ozone/integration-test/target/test-dir/MiniOzoneClusterImpl-8986566a-fb65-479a-a2d4-a5d5d2c03f68/datanode-7/data-0/containers/hdds
2023-12-28 09:08:21,777 [dccb7b66-05bf-40d4-a126-9074e1df82c7-EndpointStateMachineTaskThread-/0.0.0.0:15091-0 ] INFO  volume.StorageVolumeChecker (StorageVolumeChecker.java:checkAllVolumes(218)) - Scheduled health check for volume /home/runner/work/ozone/ozone/hadoop-ozone/integration-test/target/test-dir/MiniOzoneClusterImpl-8986566a-fb65-479a-a2d4-a5d5d2c03f68/datanode-7/data-0/containers/hdds
2023-12-28 09:08:21,784 [dccb7b66-05bf-40d4-a126-9074e1df82c7-EndpointStateMachineTaskThread-/0.0.0.0:15091-0 ] INFO  volume.ThrottledAsyncChecker (ThrottledAsyncChecker.java:schedule(141)) - Scheduling a check for /home/runner/work/ozone/ozone/hadoop-ozone/integration-test/target/test-dir/MiniOzoneClusterImpl-8986566a-fb65-479a-a2d4-a5d5d2c03f68/datanode-7/data/ratis
2023-12-28 09:08:21,784 [dccb7b66-05bf-40d4-a126-9074e1df82c7-EndpointStateMachineTaskThread-/0.0.0.0:15091-0 ] INFO  volume.StorageVolumeChecker (StorageVolumeChecker.java:checkAllVolumes(218)) - Scheduled health check for volume /home/runner/work/ozone/ozone/hadoop-ozone/integration-test/target/test-dir/MiniOzoneClusterImpl-8986566a-fb65-479a-a2d4-a5d5d2c03f68/datanode-7/data/ratis
2023-12-28 09:08:21,785 [dccb7b66-05bf-40d4-a126-9074e1df82c7-EndpointStateMachineTaskThread-/0.0.0.0:15091-0 ] INFO  ozoneimpl.OzoneContainer (OzoneContainer.java:start(441)) - Attempting to start container services.
2023-12-28 09:08:21,785 [dccb7b66-05bf-40d4-a126-9074e1df82c7-EndpointStateMachineTaskThread-/0.0.0.0:15091-0 ] INFO  ozoneimpl.OzoneContainer (OzoneContainer.java:startContainerScrub(337)) - Scheduled background container scanners and the on-demand container scanner have been disabled.
2023-12-28 09:08:21,785 [dccb7b66-05bf-40d4-a126-9074e1df82c7-EndpointStateMachineTaskThread-/0.0.0.0:15091-0 ] INFO  replication.ReplicationServer (ReplicationServer.java:start(139)) - ReplicationServer is started using port 15168
2023-12-28 09:08:21,785 [dccb7b66-05bf-40d4-a126-9074e1df82c7-EndpointStateMachineTaskThread-/0.0.0.0:15091-0 ] INFO  ratis.XceiverServerRatis (XceiverServerRatis.java:start(548)) - Starting XceiverServerRatis dccb7b66-05bf-40d4-a126-9074e1df82c7
2023-12-28 09:08:21,786 [dccb7b66-05bf-40d4-a126-9074e1df82c7-EndpointStateMachineTaskThread-/0.0.0.0:15091-0 ] INFO  server.RaftServer (RaftServerProxy.java:startImpl(406)) - dccb7b66-05bf-40d4-a126-9074e1df82c7: start RPC server
2023-12-28 09:08:21,786 [dccb7b66-05bf-40d4-a126-9074e1df82c7-EndpointStateMachineTaskThread-/0.0.0.0:15091-0 ] INFO  server.GrpcService (GrpcService.java:startImpl(302)) - dccb7b66-05bf-40d4-a126-9074e1df82c7: GrpcService started, listening on 15164
2023-12-28 09:08:21,786 [dccb7b66-05bf-40d4-a126-9074e1df82c7-EndpointStateMachineTaskThread-/0.0.0.0:15091-0 ] INFO  server.GrpcService (GrpcService.java:startImpl(302)) - dccb7b66-05bf-40d4-a126-9074e1df82c7: GrpcService started, listening on 15166
2023-12-28 09:08:21,787 [dccb7b66-05bf-40d4-a126-9074e1df82c7-EndpointStateMachineTaskThread-/0.0.0.0:15091-0 ] INFO  server.GrpcService (GrpcService.java:startImpl(302)) - dccb7b66-05bf-40d4-a126-9074e1df82c7: GrpcService started, listening on 15165
2023-12-28 09:08:21,787 [dccb7b66-05bf-40d4-a126-9074e1df82c7-EndpointStateMachineTaskThread-/0.0.0.0:15091-0 ] INFO  ratis.XceiverServerRatis (XceiverServerRatis.java:getRealPort(574)) - XceiverServerRatis dccb7b66-05bf-40d4-a126-9074e1df82c7 is started using port 15164 for RATIS
2023-12-28 09:08:21,787 [JvmPauseMonitor20] INFO  util.JvmPauseMonitor (JvmPauseMonitor.java:run(146)) - JvmPauseMonitor-dccb7b66-05bf-40d4-a126-9074e1df82c7: Started
2023-12-28 09:08:21,787 [dccb7b66-05bf-40d4-a126-9074e1df82c7-EndpointStateMachineTaskThread-/0.0.0.0:15091-0 ] INFO  ratis.XceiverServerRatis (XceiverServerRatis.java:getRealPort(574)) - XceiverServerRatis dccb7b66-05bf-40d4-a126-9074e1df82c7 is started using port 15165 for RATIS_ADMIN
2023-12-28 09:08:21,787 [dccb7b66-05bf-40d4-a126-9074e1df82c7-EndpointStateMachineTaskThread-/0.0.0.0:15091-0 ] INFO  ratis.XceiverServerRatis (XceiverServerRatis.java:getRealPort(574)) - XceiverServerRatis dccb7b66-05bf-40d4-a126-9074e1df82c7 is started using port 15166 for RATIS_SERVER
2023-12-28 09:08:21,787 [dccb7b66-05bf-40d4-a126-9074e1df82c7-EndpointStateMachineTaskThread-/0.0.0.0:15091-0 ] INFO  ratis.XceiverServerRatis (XceiverServerRatis.java:getRealPort(574)) - XceiverServerRatis dccb7b66-05bf-40d4-a126-9074e1df82c7 is started using port 15167 for RATIS_DATASTREAM
2023-12-28 09:08:21,788 [dccb7b66-05bf-40d4-a126-9074e1df82c7-BlockDeletingService#0] INFO  interfaces.ContainerDeletionChoosingPolicyTemplate (ContainerDeletionChoosingPolicyTemplate.java:chooseContainerForBlockDeletion(85)) - Chosen 0/5000 blocks from 0 candidate containers.
2023-12-28 09:08:21,852 [main] INFO  ozone.MiniOzoneClusterImpl (MiniOzoneClusterImpl.java:lambda$waitForClusterToBeReady$0(230)) - Waiting for nodes to be ready. Got 0 of 9 DN Heartbeats.
2023-12-28 09:08:21,852 [main] INFO  ozone.MiniOzoneClusterImpl (MiniOzoneClusterImpl.java:lambda$waitForClusterToBeReady$0(233)) - Waiting for cluster to exit safe mode
2023-12-28 09:08:21,852 [main] INFO  ozone.MiniOzoneClusterImpl (MiniOzoneClusterImpl.java:lambda$waitForClusterToBeReady$0(235)) - SCM became leader
2023-12-28 09:08:21,873 [3217eff5-f77e-4cc7-8aa1-ee5fb2ab3194-EndpointStateMachineTaskThread-/0.0.0.0:15091-0 ] INFO  utils.DatanodeStoreCache (DatanodeStoreCache.java:addDB(66)) - Added db /home/runner/work/ozone/ozone/hadoop-ozone/integration-test/target/test-dir/MiniOzoneClusterImpl-8986566a-fb65-479a-a2d4-a5d5d2c03f68/datanode-8/data-0/containers/hdds/8986566a-fb65-479a-a2d4-a5d5d2c03f68/DS-db92ad13-8006-4358-91d9-7de68402b5cb/container.db to cache
2023-12-28 09:08:21,873 [3217eff5-f77e-4cc7-8aa1-ee5fb2ab3194-EndpointStateMachineTaskThread-/0.0.0.0:15091-0 ] INFO  volume.HddsVolume (HddsVolume.java:createDbStore(422)) - SchemaV3 db is created and loaded at /home/runner/work/ozone/ozone/hadoop-ozone/integration-test/target/test-dir/MiniOzoneClusterImpl-8986566a-fb65-479a-a2d4-a5d5d2c03f68/datanode-8/data-0/containers/hdds/8986566a-fb65-479a-a2d4-a5d5d2c03f68/DS-db92ad13-8006-4358-91d9-7de68402b5cb/container.db for volume DS-db92ad13-8006-4358-91d9-7de68402b5cb
2023-12-28 09:08:21,874 [3217eff5-f77e-4cc7-8aa1-ee5fb2ab3194-EndpointStateMachineTaskThread-/0.0.0.0:15091-0 ] INFO  volume.ThrottledAsyncChecker (ThrottledAsyncChecker.java:schedule(141)) - Scheduling a check for /home/runner/work/ozone/ozone/hadoop-ozone/integration-test/target/test-dir/MiniOzoneClusterImpl-8986566a-fb65-479a-a2d4-a5d5d2c03f68/datanode-8/data-0/containers/hdds
2023-12-28 09:08:21,875 [3217eff5-f77e-4cc7-8aa1-ee5fb2ab3194-EndpointStateMachineTaskThread-/0.0.0.0:15091-0 ] INFO  volume.StorageVolumeChecker (StorageVolumeChecker.java:checkAllVolumes(218)) - Scheduled health check for volume /home/runner/work/ozone/ozone/hadoop-ozone/integration-test/target/test-dir/MiniOzoneClusterImpl-8986566a-fb65-479a-a2d4-a5d5d2c03f68/datanode-8/data-0/containers/hdds
2023-12-28 09:08:21,876 [3217eff5-f77e-4cc7-8aa1-ee5fb2ab3194-EndpointStateMachineTaskThread-/0.0.0.0:15091-0 ] INFO  volume.ThrottledAsyncChecker (ThrottledAsyncChecker.java:schedule(141)) - Scheduling a check for /home/runner/work/ozone/ozone/hadoop-ozone/integration-test/target/test-dir/MiniOzoneClusterImpl-8986566a-fb65-479a-a2d4-a5d5d2c03f68/datanode-8/data/ratis
2023-12-28 09:08:21,876 [3217eff5-f77e-4cc7-8aa1-ee5fb2ab3194-EndpointStateMachineTaskThread-/0.0.0.0:15091-0 ] INFO  volume.StorageVolumeChecker (StorageVolumeChecker.java:checkAllVolumes(218)) - Scheduled health check for volume /home/runner/work/ozone/ozone/hadoop-ozone/integration-test/target/test-dir/MiniOzoneClusterImpl-8986566a-fb65-479a-a2d4-a5d5d2c03f68/datanode-8/data/ratis
2023-12-28 09:08:21,878 [3217eff5-f77e-4cc7-8aa1-ee5fb2ab3194-EndpointStateMachineTaskThread-/0.0.0.0:15091-0 ] INFO  ozoneimpl.OzoneContainer (OzoneContainer.java:start(441)) - Attempting to start container services.
2023-12-28 09:08:21,878 [3217eff5-f77e-4cc7-8aa1-ee5fb2ab3194-EndpointStateMachineTaskThread-/0.0.0.0:15091-0 ] INFO  ozoneimpl.OzoneContainer (OzoneContainer.java:startContainerScrub(337)) - Scheduled background container scanners and the on-demand container scanner have been disabled.
2023-12-28 09:08:21,878 [3217eff5-f77e-4cc7-8aa1-ee5fb2ab3194-EndpointStateMachineTaskThread-/0.0.0.0:15091-0 ] INFO  replication.ReplicationServer (ReplicationServer.java:start(139)) - ReplicationServer is started using port 15177
2023-12-28 09:08:21,878 [3217eff5-f77e-4cc7-8aa1-ee5fb2ab3194-EndpointStateMachineTaskThread-/0.0.0.0:15091-0 ] INFO  ratis.XceiverServerRatis (XceiverServerRatis.java:start(548)) - Starting XceiverServerRatis 3217eff5-f77e-4cc7-8aa1-ee5fb2ab3194
2023-12-28 09:08:21,879 [3217eff5-f77e-4cc7-8aa1-ee5fb2ab3194-EndpointStateMachineTaskThread-/0.0.0.0:15091-0 ] INFO  server.RaftServer (RaftServerProxy.java:startImpl(406)) - 3217eff5-f77e-4cc7-8aa1-ee5fb2ab3194: start RPC server
2023-12-28 09:08:21,879 [3217eff5-f77e-4cc7-8aa1-ee5fb2ab3194-EndpointStateMachineTaskThread-/0.0.0.0:15091-0 ] INFO  server.GrpcService (GrpcService.java:startImpl(302)) - 3217eff5-f77e-4cc7-8aa1-ee5fb2ab3194: GrpcService started, listening on 15173
2023-12-28 09:08:21,879 [3217eff5-f77e-4cc7-8aa1-ee5fb2ab3194-EndpointStateMachineTaskThread-/0.0.0.0:15091-0 ] INFO  server.GrpcService (GrpcService.java:startImpl(302)) - 3217eff5-f77e-4cc7-8aa1-ee5fb2ab3194: GrpcService started, listening on 15175
2023-12-28 09:08:21,880 [3217eff5-f77e-4cc7-8aa1-ee5fb2ab3194-EndpointStateMachineTaskThread-/0.0.0.0:15091-0 ] INFO  server.GrpcService (GrpcService.java:startImpl(302)) - 3217eff5-f77e-4cc7-8aa1-ee5fb2ab3194: GrpcService started, listening on 15174
2023-12-28 09:08:21,880 [3217eff5-f77e-4cc7-8aa1-ee5fb2ab3194-EndpointStateMachineTaskThread-/0.0.0.0:15091-0 ] INFO  ratis.XceiverServerRatis (XceiverServerRatis.java:getRealPort(574)) - XceiverServerRatis 3217eff5-f77e-4cc7-8aa1-ee5fb2ab3194 is started using port 15173 for RATIS
2023-12-28 09:08:21,880 [JvmPauseMonitor21] INFO  util.JvmPauseMonitor (JvmPauseMonitor.java:run(146)) - JvmPauseMonitor-3217eff5-f77e-4cc7-8aa1-ee5fb2ab3194: Started
2023-12-28 09:08:21,880 [3217eff5-f77e-4cc7-8aa1-ee5fb2ab3194-EndpointStateMachineTaskThread-/0.0.0.0:15091-0 ] INFO  ratis.XceiverServerRatis (XceiverServerRatis.java:getRealPort(574)) - XceiverServerRatis 3217eff5-f77e-4cc7-8aa1-ee5fb2ab3194 is started using port 15174 for RATIS_ADMIN
2023-12-28 09:08:21,881 [3217eff5-f77e-4cc7-8aa1-ee5fb2ab3194-EndpointStateMachineTaskThread-/0.0.0.0:15091-0 ] INFO  ratis.XceiverServerRatis (XceiverServerRatis.java:getRealPort(574)) - XceiverServerRatis 3217eff5-f77e-4cc7-8aa1-ee5fb2ab3194 is started using port 15175 for RATIS_SERVER
2023-12-28 09:08:21,881 [3217eff5-f77e-4cc7-8aa1-ee5fb2ab3194-EndpointStateMachineTaskThread-/0.0.0.0:15091-0 ] INFO  ratis.XceiverServerRatis (XceiverServerRatis.java:getRealPort(574)) - XceiverServerRatis 3217eff5-f77e-4cc7-8aa1-ee5fb2ab3194 is started using port 15176 for RATIS_DATASTREAM
2023-12-28 09:08:21,882 [3217eff5-f77e-4cc7-8aa1-ee5fb2ab3194-BlockDeletingService#0] INFO  interfaces.ContainerDeletionChoosingPolicyTemplate (ContainerDeletionChoosingPolicyTemplate.java:chooseContainerForBlockDeletion(85)) - Chosen 0/5000 blocks from 0 candidate containers.
2023-12-28 09:08:22,853 [main] INFO  ozone.MiniOzoneClusterImpl (MiniOzoneClusterImpl.java:lambda$waitForClusterToBeReady$0(230)) - Waiting for nodes to be ready. Got 0 of 9 DN Heartbeats.
2023-12-28 09:08:22,853 [main] INFO  ozone.MiniOzoneClusterImpl (MiniOzoneClusterImpl.java:lambda$waitForClusterToBeReady$0(233)) - Waiting for cluster to exit safe mode
2023-12-28 09:08:22,853 [main] INFO  ozone.MiniOzoneClusterImpl (MiniOzoneClusterImpl.java:lambda$waitForClusterToBeReady$0(235)) - SCM became leader
2023-12-28 09:08:22,977 [IPC Server handler 6 on default port 15091] INFO  net.NetworkTopologyImpl (NetworkTopologyImpl.java:add(124)) - Added a new node: /default-rack/1359b24a-0a66-4b2c-b277-152671c55fa7
2023-12-28 09:08:22,977 [IPC Server handler 6 on default port 15091] INFO  node.SCMNodeManager (SCMNodeManager.java:register(417)) - Registered datanode: 1359b24a-0a66-4b2c-b277-152671c55fa7{ip: 10.1.0.14, host: fv-az1384-14.e3qrh24bduyexj1tcof5x1etkc.ex.internal.cloudapp.net, ports: [HTTP=15098, CLIENT_RPC=15099, REPLICATION=15105, RATIS=15101, RATIS_ADMIN=15102, RATIS_SERVER=15103, RATIS_DATASTREAM=15104, STANDALONE=15100], networkLocation: /default-rack, certSerialId: null, persistedOpState: null, persistedOpStateExpiryEpochSec: 0}
2023-12-28 09:08:22,979 [EventQueue-NewNodeForNewNodeHandler] INFO  pipeline.BackgroundPipelineCreator (BackgroundPipelineCreator.java:notifyEventTriggered(280)) - trigger a one-shot run on RatisPipelineUtilsThread.
2023-12-28 09:08:22,980 [EventQueue-NodeRegistrationContainerReportForContainerSafeModeRule] INFO  safemode.SCMSafeModeManager (SCMSafeModeManager.java:validateSafeModeExitRules(200)) - ContainerSafeModeRule rule is successfully validated
2023-12-28 09:08:22,980 [EventQueue-NodeRegistrationContainerReportForDataNodeSafeModeRule] INFO  safemode.SCMSafeModeManager (DataNodeSafeModeRule.java:process(71)) - SCM in safe mode. 1 DataNodes registered, 3 required.
2023-12-28 09:08:22,980 [RatisPipelineUtilsThread-0] INFO  pipeline.RatisPipelineProvider (RatisPipelineProvider.java:lambda$create$0(206)) - Sending CreatePipelineCommand for pipeline:PipelineID=3191b8bf-e5cd-488f-906e-97f26fce827d to datanode:1359b24a-0a66-4b2c-b277-152671c55fa7
2023-12-28 09:08:22,981 [EventQueue-PipelineReportForOneReplicaPipelineSafeModeRule] INFO  safemode.SCMSafeModeManager (SCMSafeModeManager.java:validateSafeModeExitRules(200)) - AtleastOneDatanodeReportedRule rule is successfully validated
2023-12-28 09:08:22,981 [RatisPipelineUtilsThread-0] INFO  pipeline.BackgroundPipelineCreator (BackgroundPipelineCreator.java:createPipelines(236)) - Created new pipeline Pipeline[ Id: 3191b8bf-e5cd-488f-906e-97f26fce827d, Nodes: 1359b24a-0a66-4b2c-b277-152671c55fa7(fv-az1384-14.e3qrh24bduyexj1tcof5x1etkc.ex.internal.cloudapp.net/10.1.0.14), ReplicationConfig: RATIS/ONE, State:ALLOCATED, leaderId:, CreationTimestamp2023-12-28T09:08:22.980Z[Etc/UTC]]
2023-12-28 09:08:23,090 [IPC Server handler 8 on default port 15091] INFO  net.NetworkTopologyImpl (NetworkTopologyImpl.java:add(124)) - Added a new node: /default-rack/710d5749-3dff-4e56-b0fe-7873b1298659
2023-12-28 09:08:23,090 [IPC Server handler 8 on default port 15091] INFO  node.SCMNodeManager (SCMNodeManager.java:register(417)) - Registered datanode: 710d5749-3dff-4e56-b0fe-7873b1298659{ip: 10.1.0.14, host: fv-az1384-14.e3qrh24bduyexj1tcof5x1etkc.ex.internal.cloudapp.net, ports: [HTTP=15107, CLIENT_RPC=15108, REPLICATION=15114, RATIS=15110, RATIS_ADMIN=15111, RATIS_SERVER=15112, RATIS_DATASTREAM=15113, STANDALONE=15109], networkLocation: /default-rack, certSerialId: null, persistedOpState: null, persistedOpStateExpiryEpochSec: 0}
2023-12-28 09:08:23,090 [EventQueue-NewNodeForNewNodeHandler] INFO  pipeline.BackgroundPipelineCreator (BackgroundPipelineCreator.java:notifyEventTriggered(280)) - trigger a one-shot run on RatisPipelineUtilsThread.
2023-12-28 09:08:23,090 [EventQueue-NodeRegistrationContainerReportForDataNodeSafeModeRule] INFO  safemode.SCMSafeModeManager (DataNodeSafeModeRule.java:process(71)) - SCM in safe mode. 2 DataNodes registered, 3 required.
2023-12-28 09:08:23,091 [RatisPipelineUtilsThread-0] INFO  pipeline.RatisPipelineProvider (RatisPipelineProvider.java:lambda$create$0(206)) - Sending CreatePipelineCommand for pipeline:PipelineID=c7c0b06f-2c96-479a-bcca-e65bf094af7d to datanode:710d5749-3dff-4e56-b0fe-7873b1298659
2023-12-28 09:08:23,091 [RatisPipelineUtilsThread-0] INFO  pipeline.BackgroundPipelineCreator (BackgroundPipelineCreator.java:createPipelines(236)) - Created new pipeline Pipeline[ Id: c7c0b06f-2c96-479a-bcca-e65bf094af7d, Nodes: 710d5749-3dff-4e56-b0fe-7873b1298659(fv-az1384-14.e3qrh24bduyexj1tcof5x1etkc.ex.internal.cloudapp.net/10.1.0.14), ReplicationConfig: RATIS/ONE, State:ALLOCATED, leaderId:, CreationTimestamp2023-12-28T09:08:23.091Z[Etc/UTC]]
2023-12-28 09:08:23,215 [IPC Server handler 7 on default port 15091] INFO  net.NetworkTopologyImpl (NetworkTopologyImpl.java:add(124)) - Added a new node: /default-rack/623fd51a-cd2f-46b7-bfb3-2e75fcb0d216
2023-12-28 09:08:23,215 [IPC Server handler 7 on default port 15091] INFO  node.SCMNodeManager (SCMNodeManager.java:register(417)) - Registered datanode: 623fd51a-cd2f-46b7-bfb3-2e75fcb0d216{ip: 10.1.0.14, host: fv-az1384-14.e3qrh24bduyexj1tcof5x1etkc.ex.internal.cloudapp.net, ports: [HTTP=15116, CLIENT_RPC=15117, REPLICATION=15123, RATIS=15119, RATIS_ADMIN=15120, RATIS_SERVER=15121, RATIS_DATASTREAM=15122, STANDALONE=15118], networkLocation: /default-rack, certSerialId: null, persistedOpState: null, persistedOpStateExpiryEpochSec: 0}
2023-12-28 09:08:23,215 [EventQueue-NewNodeForNewNodeHandler] INFO  pipeline.BackgroundPipelineCreator (BackgroundPipelineCreator.java:notifyEventTriggered(280)) - trigger a one-shot run on RatisPipelineUtilsThread.
2023-12-28 09:08:23,216 [EventQueue-NodeRegistrationContainerReportForDataNodeSafeModeRule] INFO  safemode.SCMSafeModeManager (DataNodeSafeModeRule.java:process(71)) - SCM in safe mode. 3 DataNodes registered, 3 required.
2023-12-28 09:08:23,216 [EventQueue-NodeRegistrationContainerReportForDataNodeSafeModeRule] INFO  safemode.SCMSafeModeManager (SCMSafeModeManager.java:validateSafeModeExitRules(200)) - DataNodeSafeModeRule rule is successfully validated
2023-12-28 09:08:23,216 [EventQueue-NodeRegistrationContainerReportForDataNodeSafeModeRule] INFO  safemode.SCMSafeModeManager (SCMSafeModeManager.java:completePreCheck(229)) - All SCM safe mode pre check rules have passed
2023-12-28 09:08:23,216 [EventQueue-NodeRegistrationContainerReportForDataNodeSafeModeRule] INFO  ha.SCMContext (SCMContext.java:updateSafeModeStatus(230)) - Update SafeModeStatus from SafeModeStatus{safeModeStatus=true, preCheckPassed=false} to SafeModeStatus{safeModeStatus=true, preCheckPassed=true}.
2023-12-28 09:08:23,216 [EventQueue-NodeRegistrationContainerReportForDataNodeSafeModeRule] INFO  pipeline.BackgroundPipelineCreator (BackgroundPipelineCreator.java:notifyEventTriggered(280)) - trigger a one-shot run on RatisPipelineUtilsThread.
2023-12-28 09:08:23,222 [RatisPipelineUtilsThread-0] INFO  pipeline.RatisPipelineProvider (RatisPipelineProvider.java:lambda$create$0(206)) - Sending CreatePipelineCommand for pipeline:PipelineID=584958d6-565b-49a7-b47b-45bff5c42cb2 to datanode:623fd51a-cd2f-46b7-bfb3-2e75fcb0d216
2023-12-28 09:08:23,223 [RatisPipelineUtilsThread-0] INFO  pipeline.BackgroundPipelineCreator (BackgroundPipelineCreator.java:createPipelines(236)) - Created new pipeline Pipeline[ Id: 584958d6-565b-49a7-b47b-45bff5c42cb2, Nodes: 623fd51a-cd2f-46b7-bfb3-2e75fcb0d216(fv-az1384-14.e3qrh24bduyexj1tcof5x1etkc.ex.internal.cloudapp.net/10.1.0.14), ReplicationConfig: RATIS/ONE, State:ALLOCATED, leaderId:, CreationTimestamp2023-12-28T09:08:23.216Z[Etc/UTC]]
2023-12-28 09:08:23,223 [RatisPipelineUtilsThread-0] INFO  pipeline.RatisPipelineProvider (RatisPipelineProvider.java:lambda$create$0(206)) - Sending CreatePipelineCommand for pipeline:PipelineID=4df783b9-151f-4f7c-a67a-1b294623a69b to datanode:710d5749-3dff-4e56-b0fe-7873b1298659
2023-12-28 09:08:23,224 [RatisPipelineUtilsThread-0] INFO  pipeline.RatisPipelineProvider (RatisPipelineProvider.java:lambda$create$0(206)) - Sending CreatePipelineCommand for pipeline:PipelineID=4df783b9-151f-4f7c-a67a-1b294623a69b to datanode:623fd51a-cd2f-46b7-bfb3-2e75fcb0d216
2023-12-28 09:08:23,224 [RatisPipelineUtilsThread-0] INFO  pipeline.RatisPipelineProvider (RatisPipelineProvider.java:lambda$create$0(206)) - Sending CreatePipelineCommand for pipeline:PipelineID=4df783b9-151f-4f7c-a67a-1b294623a69b to datanode:1359b24a-0a66-4b2c-b277-152671c55fa7
2023-12-28 09:08:23,225 [RatisPipelineUtilsThread-0] INFO  pipeline.BackgroundPipelineCreator (BackgroundPipelineCreator.java:createPipelines(236)) - Created new pipeline Pipeline[ Id: 4df783b9-151f-4f7c-a67a-1b294623a69b, Nodes: 710d5749-3dff-4e56-b0fe-7873b1298659(fv-az1384-14.e3qrh24bduyexj1tcof5x1etkc.ex.internal.cloudapp.net/10.1.0.14)623fd51a-cd2f-46b7-bfb3-2e75fcb0d216(fv-az1384-14.e3qrh24bduyexj1tcof5x1etkc.ex.internal.cloudapp.net/10.1.0.14)1359b24a-0a66-4b2c-b277-152671c55fa7(fv-az1384-14.e3qrh24bduyexj1tcof5x1etkc.ex.internal.cloudapp.net/10.1.0.14), ReplicationConfig: RATIS/THREE, State:ALLOCATED, leaderId:, CreationTimestamp2023-12-28T09:08:23.223Z[Etc/UTC]]
2023-12-28 09:08:23,347 [IPC Server handler 0 on default port 15091] INFO  net.NetworkTopologyImpl (NetworkTopologyImpl.java:add(124)) - Added a new node: /default-rack/f1f58aef-51f9-473c-80a3-23da74561150
2023-12-28 09:08:23,347 [IPC Server handler 0 on default port 15091] INFO  node.SCMNodeManager (SCMNodeManager.java:register(417)) - Registered datanode: f1f58aef-51f9-473c-80a3-23da74561150{ip: 10.1.0.14, host: fv-az1384-14.e3qrh24bduyexj1tcof5x1etkc.ex.internal.cloudapp.net, ports: [HTTP=15125, CLIENT_RPC=15126, REPLICATION=15132, RATIS=15128, RATIS_ADMIN=15129, RATIS_SERVER=15130, RATIS_DATASTREAM=15131, STANDALONE=15127], networkLocation: /default-rack, certSerialId: null, persistedOpState: null, persistedOpStateExpiryEpochSec: 0}
2023-12-28 09:08:23,349 [EventQueue-NewNodeForNewNodeHandler] INFO  pipeline.BackgroundPipelineCreator (BackgroundPipelineCreator.java:notifyEventTriggered(280)) - trigger a one-shot run on RatisPipelineUtilsThread.
2023-12-28 09:08:23,350 [RatisPipelineUtilsThread-0] INFO  pipeline.RatisPipelineProvider (RatisPipelineProvider.java:lambda$create$0(206)) - Sending CreatePipelineCommand for pipeline:PipelineID=f9d99730-5c1a-48d0-b2fe-3c30080f1e06 to datanode:f1f58aef-51f9-473c-80a3-23da74561150
2023-12-28 09:08:23,350 [RatisPipelineUtilsThread-0] INFO  pipeline.BackgroundPipelineCreator (BackgroundPipelineCreator.java:createPipelines(236)) - Created new pipeline Pipeline[ Id: f9d99730-5c1a-48d0-b2fe-3c30080f1e06, Nodes: f1f58aef-51f9-473c-80a3-23da74561150(fv-az1384-14.e3qrh24bduyexj1tcof5x1etkc.ex.internal.cloudapp.net/10.1.0.14), ReplicationConfig: RATIS/ONE, State:ALLOCATED, leaderId:, CreationTimestamp2023-12-28T09:08:23.350Z[Etc/UTC]]
2023-12-28 09:08:23,454 [IPC Server handler 1 on default port 15091] INFO  net.NetworkTopologyImpl (NetworkTopologyImpl.java:add(124)) - Added a new node: /default-rack/c45be0a3-c489-4780-aa5f-c0744aea279b
2023-12-28 09:08:23,454 [IPC Server handler 1 on default port 15091] INFO  node.SCMNodeManager (SCMNodeManager.java:register(417)) - Registered datanode: c45be0a3-c489-4780-aa5f-c0744aea279b{ip: 10.1.0.14, host: fv-az1384-14.e3qrh24bduyexj1tcof5x1etkc.ex.internal.cloudapp.net, ports: [HTTP=15134, CLIENT_RPC=15135, REPLICATION=15141, RATIS=15137, RATIS_ADMIN=15138, RATIS_SERVER=15139, RATIS_DATASTREAM=15140, STANDALONE=15136], networkLocation: /default-rack, certSerialId: null, persistedOpState: null, persistedOpStateExpiryEpochSec: 0}
2023-12-28 09:08:23,454 [EventQueue-NewNodeForNewNodeHandler] INFO  pipeline.BackgroundPipelineCreator (BackgroundPipelineCreator.java:notifyEventTriggered(280)) - trigger a one-shot run on RatisPipelineUtilsThread.
2023-12-28 09:08:23,455 [RatisPipelineUtilsThread-0] INFO  pipeline.RatisPipelineProvider (RatisPipelineProvider.java:lambda$create$0(206)) - Sending CreatePipelineCommand for pipeline:PipelineID=e0393743-6213-4382-9a4c-7c7217fc0551 to datanode:c45be0a3-c489-4780-aa5f-c0744aea279b
2023-12-28 09:08:23,455 [RatisPipelineUtilsThread-0] INFO  pipeline.BackgroundPipelineCreator (BackgroundPipelineCreator.java:createPipelines(236)) - Created new pipeline Pipeline[ Id: e0393743-6213-4382-9a4c-7c7217fc0551, Nodes: c45be0a3-c489-4780-aa5f-c0744aea279b(fv-az1384-14.e3qrh24bduyexj1tcof5x1etkc.ex.internal.cloudapp.net/10.1.0.14), ReplicationConfig: RATIS/ONE, State:ALLOCATED, leaderId:, CreationTimestamp2023-12-28T09:08:23.455Z[Etc/UTC]]
2023-12-28 09:08:23,549 [IPC Server handler 2 on default port 15091] INFO  net.NetworkTopologyImpl (NetworkTopologyImpl.java:add(124)) - Added a new node: /default-rack/a88a6c70-ad04-4ba2-9985-df8f03985c47
2023-12-28 09:08:23,549 [IPC Server handler 2 on default port 15091] INFO  node.SCMNodeManager (SCMNodeManager.java:register(417)) - Registered datanode: a88a6c70-ad04-4ba2-9985-df8f03985c47{ip: 10.1.0.14, host: fv-az1384-14.e3qrh24bduyexj1tcof5x1etkc.ex.internal.cloudapp.net, ports: [HTTP=15143, CLIENT_RPC=15144, REPLICATION=15150, RATIS=15146, RATIS_ADMIN=15147, RATIS_SERVER=15148, RATIS_DATASTREAM=15149, STANDALONE=15145], networkLocation: /default-rack, certSerialId: null, persistedOpState: null, persistedOpStateExpiryEpochSec: 0}
2023-12-28 09:08:23,549 [EventQueue-NewNodeForNewNodeHandler] INFO  pipeline.BackgroundPipelineCreator (BackgroundPipelineCreator.java:notifyEventTriggered(280)) - trigger a one-shot run on RatisPipelineUtilsThread.
2023-12-28 09:08:23,550 [RatisPipelineUtilsThread-0] INFO  pipeline.RatisPipelineProvider (RatisPipelineProvider.java:lambda$create$0(206)) - Sending CreatePipelineCommand for pipeline:PipelineID=4f295cec-52c8-4cf4-bb15-a7bd0e20d77c to datanode:a88a6c70-ad04-4ba2-9985-df8f03985c47
2023-12-28 09:08:23,550 [RatisPipelineUtilsThread-0] INFO  pipeline.BackgroundPipelineCreator (BackgroundPipelineCreator.java:createPipelines(236)) - Created new pipeline Pipeline[ Id: 4f295cec-52c8-4cf4-bb15-a7bd0e20d77c, Nodes: a88a6c70-ad04-4ba2-9985-df8f03985c47(fv-az1384-14.e3qrh24bduyexj1tcof5x1etkc.ex.internal.cloudapp.net/10.1.0.14), ReplicationConfig: RATIS/ONE, State:ALLOCATED, leaderId:, CreationTimestamp2023-12-28T09:08:23.550Z[Etc/UTC]]
2023-12-28 09:08:23,551 [RatisPipelineUtilsThread-0] INFO  pipeline.RatisPipelineProvider (RatisPipelineProvider.java:lambda$create$0(206)) - Sending CreatePipelineCommand for pipeline:PipelineID=7fde9c9e-684b-4c0c-a32c-9589741a35f8 to datanode:a88a6c70-ad04-4ba2-9985-df8f03985c47
2023-12-28 09:08:23,551 [RatisPipelineUtilsThread-0] INFO  pipeline.RatisPipelineProvider (RatisPipelineProvider.java:lambda$create$0(206)) - Sending CreatePipelineCommand for pipeline:PipelineID=7fde9c9e-684b-4c0c-a32c-9589741a35f8 to datanode:c45be0a3-c489-4780-aa5f-c0744aea279b
2023-12-28 09:08:23,551 [RatisPipelineUtilsThread-0] INFO  pipeline.RatisPipelineProvider (RatisPipelineProvider.java:lambda$create$0(206)) - Sending CreatePipelineCommand for pipeline:PipelineID=7fde9c9e-684b-4c0c-a32c-9589741a35f8 to datanode:f1f58aef-51f9-473c-80a3-23da74561150
2023-12-28 09:08:23,551 [RatisPipelineUtilsThread-0] INFO  pipeline.BackgroundPipelineCreator (BackgroundPipelineCreator.java:createPipelines(236)) - Created new pipeline Pipeline[ Id: 7fde9c9e-684b-4c0c-a32c-9589741a35f8, Nodes: a88a6c70-ad04-4ba2-9985-df8f03985c47(fv-az1384-14.e3qrh24bduyexj1tcof5x1etkc.ex.internal.cloudapp.net/10.1.0.14)c45be0a3-c489-4780-aa5f-c0744aea279b(fv-az1384-14.e3qrh24bduyexj1tcof5x1etkc.ex.internal.cloudapp.net/10.1.0.14)f1f58aef-51f9-473c-80a3-23da74561150(fv-az1384-14.e3qrh24bduyexj1tcof5x1etkc.ex.internal.cloudapp.net/10.1.0.14), ReplicationConfig: RATIS/THREE, State:ALLOCATED, leaderId:, CreationTimestamp2023-12-28T09:08:23.551Z[Etc/UTC]]
2023-12-28 09:08:23,639 [IPC Server handler 3 on default port 15091] INFO  net.NetworkTopologyImpl (NetworkTopologyImpl.java:add(124)) - Added a new node: /default-rack/9e792a6f-77db-4c9d-ab1c-4b4be3f2ae56
2023-12-28 09:08:23,639 [IPC Server handler 3 on default port 15091] INFO  node.SCMNodeManager (SCMNodeManager.java:register(417)) - Registered datanode: 9e792a6f-77db-4c9d-ab1c-4b4be3f2ae56{ip: 10.1.0.14, host: fv-az1384-14.e3qrh24bduyexj1tcof5x1etkc.ex.internal.cloudapp.net, ports: [HTTP=15152, CLIENT_RPC=15153, REPLICATION=15159, RATIS=15155, RATIS_ADMIN=15156, RATIS_SERVER=15157, RATIS_DATASTREAM=15158, STANDALONE=15154], networkLocation: /default-rack, certSerialId: null, persistedOpState: null, persistedOpStateExpiryEpochSec: 0}
2023-12-28 09:08:23,639 [EventQueue-NewNodeForNewNodeHandler] INFO  pipeline.BackgroundPipelineCreator (BackgroundPipelineCreator.java:notifyEventTriggered(280)) - trigger a one-shot run on RatisPipelineUtilsThread.
2023-12-28 09:08:23,641 [RatisPipelineUtilsThread-0] INFO  pipeline.RatisPipelineProvider (RatisPipelineProvider.java:lambda$create$0(206)) - Sending CreatePipelineCommand for pipeline:PipelineID=86a33720-acd2-42e4-bbba-95cd33aa20ea to datanode:9e792a6f-77db-4c9d-ab1c-4b4be3f2ae56
2023-12-28 09:08:23,641 [RatisPipelineUtilsThread-0] INFO  pipeline.BackgroundPipelineCreator (BackgroundPipelineCreator.java:createPipelines(236)) - Created new pipeline Pipeline[ Id: 86a33720-acd2-42e4-bbba-95cd33aa20ea, Nodes: 9e792a6f-77db-4c9d-ab1c-4b4be3f2ae56(fv-az1384-14.e3qrh24bduyexj1tcof5x1etkc.ex.internal.cloudapp.net/10.1.0.14), ReplicationConfig: RATIS/ONE, State:ALLOCATED, leaderId:, CreationTimestamp2023-12-28T09:08:23.641Z[Etc/UTC]]
2023-12-28 09:08:23,745 [IPC Server handler 4 on default port 15091] INFO  net.NetworkTopologyImpl (NetworkTopologyImpl.java:add(124)) - Added a new node: /default-rack/dccb7b66-05bf-40d4-a126-9074e1df82c7
2023-12-28 09:08:23,745 [IPC Server handler 4 on default port 15091] INFO  node.SCMNodeManager (SCMNodeManager.java:register(417)) - Registered datanode: dccb7b66-05bf-40d4-a126-9074e1df82c7{ip: 10.1.0.14, host: fv-az1384-14.e3qrh24bduyexj1tcof5x1etkc.ex.internal.cloudapp.net, ports: [HTTP=15161, CLIENT_RPC=15162, REPLICATION=15168, RATIS=15164, RATIS_ADMIN=15165, RATIS_SERVER=15166, RATIS_DATASTREAM=15167, STANDALONE=15163], networkLocation: /default-rack, certSerialId: null, persistedOpState: null, persistedOpStateExpiryEpochSec: 0}
2023-12-28 09:08:23,745 [EventQueue-NewNodeForNewNodeHandler] INFO  pipeline.BackgroundPipelineCreator (BackgroundPipelineCreator.java:notifyEventTriggered(280)) - trigger a one-shot run on RatisPipelineUtilsThread.
2023-12-28 09:08:23,745 [RatisPipelineUtilsThread-0] INFO  pipeline.RatisPipelineProvider (RatisPipelineProvider.java:lambda$create$0(206)) - Sending CreatePipelineCommand for pipeline:PipelineID=be5ce17b-3d15-446a-bad1-233b65f5ee38 to datanode:dccb7b66-05bf-40d4-a126-9074e1df82c7
2023-12-28 09:08:23,746 [RatisPipelineUtilsThread-0] INFO  pipeline.BackgroundPipelineCreator (BackgroundPipelineCreator.java:createPipelines(236)) - Created new pipeline Pipeline[ Id: be5ce17b-3d15-446a-bad1-233b65f5ee38, Nodes: dccb7b66-05bf-40d4-a126-9074e1df82c7(fv-az1384-14.e3qrh24bduyexj1tcof5x1etkc.ex.internal.cloudapp.net/10.1.0.14), ReplicationConfig: RATIS/ONE, State:ALLOCATED, leaderId:, CreationTimestamp2023-12-28T09:08:23.745Z[Etc/UTC]]
2023-12-28 09:08:23,850 [IPC Server handler 5 on default port 15091] INFO  net.NetworkTopologyImpl (NetworkTopologyImpl.java:add(124)) - Added a new node: /default-rack/3217eff5-f77e-4cc7-8aa1-ee5fb2ab3194
2023-12-28 09:08:23,850 [IPC Server handler 5 on default port 15091] INFO  node.SCMNodeManager (SCMNodeManager.java:register(417)) - Registered datanode: 3217eff5-f77e-4cc7-8aa1-ee5fb2ab3194{ip: 10.1.0.14, host: fv-az1384-14.e3qrh24bduyexj1tcof5x1etkc.ex.internal.cloudapp.net, ports: [HTTP=15170, CLIENT_RPC=15171, REPLICATION=15177, RATIS=15173, RATIS_ADMIN=15174, RATIS_SERVER=15175, RATIS_DATASTREAM=15176, STANDALONE=15172], networkLocation: /default-rack, certSerialId: null, persistedOpState: null, persistedOpStateExpiryEpochSec: 0}
2023-12-28 09:08:23,850 [EventQueue-NewNodeForNewNodeHandler] INFO  pipeline.BackgroundPipelineCreator (BackgroundPipelineCreator.java:notifyEventTriggered(280)) - trigger a one-shot run on RatisPipelineUtilsThread.
2023-12-28 09:08:23,851 [RatisPipelineUtilsThread-0] INFO  pipeline.RatisPipelineProvider (RatisPipelineProvider.java:lambda$create$0(206)) - Sending CreatePipelineCommand for pipeline:PipelineID=246b24a6-ca76-4cbe-8c0b-d966e5ba43e2 to datanode:3217eff5-f77e-4cc7-8aa1-ee5fb2ab3194
2023-12-28 09:08:23,851 [RatisPipelineUtilsThread-0] INFO  pipeline.BackgroundPipelineCreator (BackgroundPipelineCreator.java:createPipelines(236)) - Created new pipeline Pipeline[ Id: 246b24a6-ca76-4cbe-8c0b-d966e5ba43e2, Nodes: 3217eff5-f77e-4cc7-8aa1-ee5fb2ab3194(fv-az1384-14.e3qrh24bduyexj1tcof5x1etkc.ex.internal.cloudapp.net/10.1.0.14), ReplicationConfig: RATIS/ONE, State:ALLOCATED, leaderId:, CreationTimestamp2023-12-28T09:08:23.850Z[Etc/UTC]]
2023-12-28 09:08:23,853 [main] INFO  ozone.MiniOzoneClusterImpl (MiniOzoneClusterImpl.java:lambda$waitForClusterToBeReady$0(230)) - Nodes are ready. Got 9 of 9 DN Heartbeats.
2023-12-28 09:08:23,853 [main] INFO  ozone.MiniOzoneClusterImpl (MiniOzoneClusterImpl.java:lambda$waitForClusterToBeReady$0(233)) - Waiting for cluster to exit safe mode
2023-12-28 09:08:23,854 [main] INFO  ozone.MiniOzoneClusterImpl (MiniOzoneClusterImpl.java:lambda$waitForClusterToBeReady$0(235)) - SCM became leader
2023-12-28 09:08:23,855 [RatisPipelineUtilsThread-0] INFO  pipeline.RatisPipelineProvider (RatisPipelineProvider.java:lambda$create$0(206)) - Sending CreatePipelineCommand for pipeline:PipelineID=7d01b0ae-962c-4cf1-9d7b-7a911354ce2f to datanode:3217eff5-f77e-4cc7-8aa1-ee5fb2ab3194
2023-12-28 09:08:23,855 [RatisPipelineUtilsThread-0] INFO  pipeline.RatisPipelineProvider (RatisPipelineProvider.java:lambda$create$0(206)) - Sending CreatePipelineCommand for pipeline:PipelineID=7d01b0ae-962c-4cf1-9d7b-7a911354ce2f to datanode:9e792a6f-77db-4c9d-ab1c-4b4be3f2ae56
2023-12-28 09:08:23,855 [RatisPipelineUtilsThread-0] INFO  pipeline.RatisPipelineProvider (RatisPipelineProvider.java:lambda$create$0(206)) - Sending CreatePipelineCommand for pipeline:PipelineID=7d01b0ae-962c-4cf1-9d7b-7a911354ce2f to datanode:dccb7b66-05bf-40d4-a126-9074e1df82c7
2023-12-28 09:08:23,855 [RatisPipelineUtilsThread-0] INFO  pipeline.BackgroundPipelineCreator (BackgroundPipelineCreator.java:createPipelines(236)) - Created new pipeline Pipeline[ Id: 7d01b0ae-962c-4cf1-9d7b-7a911354ce2f, Nodes: 3217eff5-f77e-4cc7-8aa1-ee5fb2ab3194(fv-az1384-14.e3qrh24bduyexj1tcof5x1etkc.ex.internal.cloudapp.net/10.1.0.14)9e792a6f-77db-4c9d-ab1c-4b4be3f2ae56(fv-az1384-14.e3qrh24bduyexj1tcof5x1etkc.ex.internal.cloudapp.net/10.1.0.14)dccb7b66-05bf-40d4-a126-9074e1df82c7(fv-az1384-14.e3qrh24bduyexj1tcof5x1etkc.ex.internal.cloudapp.net/10.1.0.14), ReplicationConfig: RATIS/THREE, State:ALLOCATED, leaderId:, CreationTimestamp2023-12-28T09:08:23.855Z[Etc/UTC]]
2023-12-28 09:08:24,854 [main] INFO  ozone.MiniOzoneClusterImpl (MiniOzoneClusterImpl.java:lambda$waitForClusterToBeReady$0(230)) - Nodes are ready. Got 9 of 9 DN Heartbeats.
2023-12-28 09:08:24,854 [main] INFO  ozone.MiniOzoneClusterImpl (MiniOzoneClusterImpl.java:lambda$waitForClusterToBeReady$0(233)) - Waiting for cluster to exit safe mode
2023-12-28 09:08:24,854 [main] INFO  ozone.MiniOzoneClusterImpl (MiniOzoneClusterImpl.java:lambda$waitForClusterToBeReady$0(235)) - SCM became leader
2023-12-28 09:08:25,854 [main] INFO  ozone.MiniOzoneClusterImpl (MiniOzoneClusterImpl.java:lambda$waitForClusterToBeReady$0(230)) - Nodes are ready. Got 9 of 9 DN Heartbeats.
2023-12-28 09:08:25,855 [main] INFO  ozone.MiniOzoneClusterImpl (MiniOzoneClusterImpl.java:lambda$waitForClusterToBeReady$0(233)) - Waiting for cluster to exit safe mode
2023-12-28 09:08:25,855 [main] INFO  ozone.MiniOzoneClusterImpl (MiniOzoneClusterImpl.java:lambda$waitForClusterToBeReady$0(235)) - SCM became leader
2023-12-28 09:08:25,977 [1359b24a-0a66-4b2c-b277-152671c55fa7-PipelineCommandHandlerThread-0] INFO  server.RaftServer (RaftServerProxy.java:addNew(100)) - 1359b24a-0a66-4b2c-b277-152671c55fa7: addNew group-97F26FCE827D:[1359b24a-0a66-4b2c-b277-152671c55fa7|10.1.0.14:15103] returns group-97F26FCE827D:java.util.concurrent.CompletableFuture@12e683d1[Not completed]
2023-12-28 09:08:25,978 [1359b24a-0a66-4b2c-b277-152671c55fa7-groupManagement] INFO  server.RaftServer$Division (RaftServerImpl.java:<init>(256)) - 1359b24a-0a66-4b2c-b277-152671c55fa7: new RaftServerImpl for group-97F26FCE827D:[1359b24a-0a66-4b2c-b277-152671c55fa7|10.1.0.14:15103] with ContainerStateMachine:uninitialized
2023-12-28 09:08:25,978 [1359b24a-0a66-4b2c-b277-152671c55fa7-groupManagement] INFO  server.RaftServerConfigKeys (ConfUtils.java:logGet(46)) - raft.server.rpc.timeout.min = 5s (custom)
2023-12-28 09:08:25,978 [1359b24a-0a66-4b2c-b277-152671c55fa7-groupManagement] INFO  server.RaftServerConfigKeys (ConfUtils.java:logGet(46)) - raft.server.rpc.timeout.max = 5200ms (custom)
2023-12-28 09:08:25,978 [1359b24a-0a66-4b2c-b277-152671c55fa7-groupManagement] INFO  server.RaftServerConfigKeys (ConfUtils.java:logGet(46)) - raft.server.rpc.sleep.time = 25ms (default)
2023-12-28 09:08:25,978 [1359b24a-0a66-4b2c-b277-152671c55fa7-groupManagement] INFO  server.RaftServerConfigKeys (ConfUtils.java:logGet(46)) - raft.server.rpc.slowness.timeout = 300000ms (custom)
2023-12-28 09:08:25,979 [1359b24a-0a66-4b2c-b277-152671c55fa7-groupManagement] INFO  server.RaftServerConfigKeys (ConfUtils.java:logGet(46)) - raft.server.leaderelection.leader.step-down.wait-time = 10s (default)
2023-12-28 09:08:25,979 [1359b24a-0a66-4b2c-b277-152671c55fa7-groupManagement] INFO  server.RaftServerConfigKeys (ConfUtils.java:logGet(46)) - raft.server.leaderelection.member.majority-add = false (default)
2023-12-28 09:08:25,979 [1359b24a-0a66-4b2c-b277-152671c55fa7-groupManagement] INFO  server.RaftServerConfigKeys (ConfUtils.java:logGet(46)) - raft.server.sleep.deviation.threshold = 300ms (default)
2023-12-28 09:08:25,979 [1359b24a-0a66-4b2c-b277-152671c55fa7-groupManagement] INFO  server.RaftServer$Division (ServerState.java:<init>(113)) - 1359b24a-0a66-4b2c-b277-152671c55fa7@group-97F26FCE827D: ConfigurationManager, init=-1: peers:[1359b24a-0a66-4b2c-b277-152671c55fa7|10.1.0.14:15103]|listeners:[], old=null, confs=<EMPTY_MAP>
2023-12-28 09:08:25,979 [1359b24a-0a66-4b2c-b277-152671c55fa7-groupManagement] INFO  server.RaftServerConfigKeys (ConfUtils.java:logGet(46)) - raft.server.notification.no-leader.timeout = 300000ms (custom)
2023-12-28 09:08:25,979 [1359b24a-0a66-4b2c-b277-152671c55fa7-groupManagement] INFO  server.RaftServerConfigKeys (ConfUtils.java:logGet(46)) - raft.server.read.timeout = 10s (default)
2023-12-28 09:08:25,979 [1359b24a-0a66-4b2c-b277-152671c55fa7-groupManagement] INFO  server.RaftServerConfigKeys (ConfUtils.java:logGet(46)) - raft.server.retrycache.expirytime = 600000ms (custom)
2023-12-28 09:08:25,979 [1359b24a-0a66-4b2c-b277-152671c55fa7-groupManagement] INFO  server.RaftServerConfigKeys (ConfUtils.java:logGet(46)) - raft.server.retrycache.statistics.expirytime = 100ms (default)
2023-12-28 09:08:25,979 [1359b24a-0a66-4b2c-b277-152671c55fa7-groupManagement] INFO  server.RaftServerConfigKeys (ConfUtils.java:logGet(46)) - raft.server.read.option = DEFAULT (default)
2023-12-28 09:08:25,979 [1359b24a-0a66-4b2c-b277-152671c55fa7-groupManagement] INFO  server.RaftServerConfigKeys (ConfUtils.java:logGet(46)) - raft.server.read.read-after-write-consistent.write-index-cache.expiry-time = 60s (default)
2023-12-28 09:08:25,981 [1359b24a-0a66-4b2c-b277-152671c55fa7-groupManagement] INFO  server.RaftServerConfigKeys (ConfUtils.java:logGet(46)) - raft.server.rpc.request.timeout = 3000ms (default)
2023-12-28 09:08:25,981 [1359b24a-0a66-4b2c-b277-152671c55fa7-groupManagement] INFO  server.RaftServerConfigKeys (ConfUtils.java:logGet(46)) - raft.server.log.appender.install.snapshot.enabled = false (custom)
2023-12-28 09:08:25,981 [1359b24a-0a66-4b2c-b277-152671c55fa7-groupManagement] INFO  server.RaftServerConfigKeys (ConfUtils.java:logGet(46)) - raft.server.threadpool.server.cached = true (default)
2023-12-28 09:08:25,981 [1359b24a-0a66-4b2c-b277-152671c55fa7-groupManagement] INFO  server.RaftServerConfigKeys (ConfUtils.java:logGet(46)) - raft.server.threadpool.server.size = 0 (default)
2023-12-28 09:08:25,981 [1359b24a-0a66-4b2c-b277-152671c55fa7-groupManagement] INFO  server.RaftServerConfigKeys (ConfUtils.java:logGet(46)) - raft.server.threadpool.client.cached = true (default)
2023-12-28 09:08:25,981 [1359b24a-0a66-4b2c-b277-152671c55fa7-groupManagement] INFO  server.RaftServerConfigKeys (ConfUtils.java:logGet(46)) - raft.server.threadpool.client.size = 0 (default)
2023-12-28 09:08:25,981 [1359b24a-0a66-4b2c-b277-152671c55fa7-groupManagement] INFO  server.RaftServerConfigKeys (ConfUtils.java:logGet(46)) - raft.server.storage.free-space.min = 0MB (=0) (default)
2023-12-28 09:08:25,981 [1359b24a-0a66-4b2c-b277-152671c55fa7-groupManagement] INFO  server.RaftServerConfigKeys (ConfUtils.java:logGet(46)) - raft.server.log.corruption.policy = EXCEPTION (default)
2023-12-28 09:08:25,981 [1359b24a-0a66-4b2c-b277-152671c55fa7-groupManagement] INFO  server.RaftServerConfigKeys (ConfUtils.java:logGet(46)) - raft.server.storage.dir = [/home/runner/work/ozone/ozone/hadoop-ozone/integration-test/target/test-dir/MiniOzoneClusterImpl-8986566a-fb65-479a-a2d4-a5d5d2c03f68/datanode-0/data/ratis] (custom)
2023-12-28 09:08:25,981 [1359b24a-0a66-4b2c-b277-152671c55fa7-groupManagement] INFO  storage.RaftStorageDirectory (RaftStorageDirectoryImpl.java:analyzeStorage(138)) - The storage directory /home/runner/work/ozone/ozone/hadoop-ozone/integration-test/target/test-dir/MiniOzoneClusterImpl-8986566a-fb65-479a-a2d4-a5d5d2c03f68/datanode-0/data/ratis/3191b8bf-e5cd-488f-906e-97f26fce827d does not exist. Creating ...
2023-12-28 09:08:25,983 [1359b24a-0a66-4b2c-b277-152671c55fa7-groupManagement] INFO  storage.RaftStorageDirectory (RaftStorageDirectoryImpl.java:tryLock(232)) - Lock on /home/runner/work/ozone/ozone/hadoop-ozone/integration-test/target/test-dir/MiniOzoneClusterImpl-8986566a-fb65-479a-a2d4-a5d5d2c03f68/datanode-0/data/ratis/3191b8bf-e5cd-488f-906e-97f26fce827d/in_use.lock acquired by nodename 85610@fv-az1384-14
2023-12-28 09:08:25,983 [1359b24a-0a66-4b2c-b277-152671c55fa7-groupManagement] INFO  storage.RaftStorage (RaftStorageImpl.java:format(97)) - Storage directory /home/runner/work/ozone/ozone/hadoop-ozone/integration-test/target/test-dir/MiniOzoneClusterImpl-8986566a-fb65-479a-a2d4-a5d5d2c03f68/datanode-0/data/ratis/3191b8bf-e5cd-488f-906e-97f26fce827d has been successfully formatted.
2023-12-28 09:08:25,984 [1359b24a-0a66-4b2c-b277-152671c55fa7-groupManagement] INFO  ratis.ContainerStateMachine (ContainerStateMachine.java:loadSnapshot(287)) - group-97F26FCE827D: The snapshot info is null. Setting the last applied indexto:(t:0, i:~)
2023-12-28 09:08:25,984 [1359b24a-0a66-4b2c-b277-152671c55fa7-groupManagement] INFO  server.RaftServerConfigKeys (ConfUtils.java:logGet(46)) - raft.server.log.use.memory = false (default)
2023-12-28 09:08:25,985 [1359b24a-0a66-4b2c-b277-152671c55fa7-groupManagement] INFO  server.RaftServerConfigKeys (ConfUtils.java:logGet(46)) - raft.server.log.purge.gap = 1000000 (custom)
2023-12-28 09:08:25,985 [1359b24a-0a66-4b2c-b277-152671c55fa7-groupManagement] INFO  server.RaftServerConfigKeys (ConfUtils.java:logGet(46)) - raft.server.log.appender.buffer.byte-limit = 8388608 (custom)
2023-12-28 09:08:25,985 [1359b24a-0a66-4b2c-b277-152671c55fa7-groupManagement] INFO  server.RaftServerConfigKeys (ConfUtils.java:logGet(46)) - raft.server.log.statemachine.data.read.timeout = 1000ms (default)
2023-12-28 09:08:25,985 [1359b24a-0a66-4b2c-b277-152671c55fa7-groupManagement] INFO  server.RaftServerConfigKeys (ConfUtils.java:logGet(46)) - raft.server.log.purge.preservation.log.num = 0 (default)
2023-12-28 09:08:25,986 [EventQueue-PipelineReportForPipelineReportHandler] INFO  pipeline.PipelineReportHandler (PipelineReportHandler.java:processPipelineReport(136)) - Opened pipeline PipelineID=3191b8bf-e5cd-488f-906e-97f26fce827d
2023-12-28 09:08:25,987 [1359b24a-0a66-4b2c-b277-152671c55fa7-groupManagement] INFO  server.RaftServerConfigKeys (ConfUtils.java:logGet(46)) - raft.server.log.segment.size.max = 67108864 (custom)
2023-12-28 09:08:25,987 [1359b24a-0a66-4b2c-b277-152671c55fa7-groupManagement] INFO  server.RaftServerConfigKeys (ConfUtils.java:logGet(46)) - raft.server.log.segment.cache.num.max = 2 (custom)
2023-12-28 09:08:25,988 [1359b24a-0a66-4b2c-b277-152671c55fa7-groupManagement] INFO  server.RaftServerConfigKeys (ConfUtils.java:logGet(46)) - raft.server.log.segment.cache.size.max = 200MB (=209715200) (default)
2023-12-28 09:08:25,988 [1359b24a-0a66-4b2c-b277-152671c55fa7-groupManagement] INFO  server.RaftServerConfigKeys (ConfUtils.java:logGet(46)) - raft.server.log.appender.buffer.byte-limit = 8388608 (custom)
2023-12-28 09:08:25,988 [1359b24a-0a66-4b2c-b277-152671c55fa7-groupManagement] INFO  util.AwaitToRun (AwaitToRun.java:start(81)) - Thread[1359b24a-0a66-4b2c-b277-152671c55fa7@group-97F26FCE827D-cacheEviction-AwaitToRun,5,main] started
2023-12-28 09:08:25,991 [EventQueue-OpenPipelineForHealthyPipelineSafeModeRule] INFO  safemode.SCMSafeModeManager (HealthyPipelineSafeModeRule.java:process(140)) - SCM in safe mode. Healthy pipelines reported count is 0, required healthy pipeline reported count is 1
2023-12-28 09:08:25,991 [1359b24a-0a66-4b2c-b277-152671c55fa7-groupManagement] INFO  segmented.SegmentedRaftLogWorker (SegmentedRaftLogWorker.java:<init>(184)) - new 1359b24a-0a66-4b2c-b277-152671c55fa7@group-97F26FCE827D-SegmentedRaftLogWorker for RaftStorageImpl:Storage Directory /home/runner/work/ozone/ozone/hadoop-ozone/integration-test/target/test-dir/MiniOzoneClusterImpl-8986566a-fb65-479a-a2d4-a5d5d2c03f68/datanode-0/data/ratis/3191b8bf-e5cd-488f-906e-97f26fce827d
2023-12-28 09:08:25,991 [1359b24a-0a66-4b2c-b277-152671c55fa7-groupManagement] INFO  server.RaftServerConfigKeys (ConfUtils.java:logGet(46)) - raft.server.log.queue.byte-limit = 4294967296 (custom)
2023-12-28 09:08:25,991 [1359b24a-0a66-4b2c-b277-152671c55fa7-groupManagement] INFO  server.RaftServerConfigKeys (ConfUtils.java:logGet(46)) - raft.server.log.queue.element-limit = 1024 (custom)
2023-12-28 09:08:25,991 [1359b24a-0a66-4b2c-b277-152671c55fa7-groupManagement] INFO  server.RaftServerConfigKeys (ConfUtils.java:logGet(46)) - raft.server.log.segment.size.max = 67108864 (custom)
2023-12-28 09:08:25,991 [1359b24a-0a66-4b2c-b277-152671c55fa7-groupManagement] INFO  server.RaftServerConfigKeys (ConfUtils.java:logGet(46)) - raft.server.log.preallocated.size = 4194304 (custom)
2023-12-28 09:08:25,991 [1359b24a-0a66-4b2c-b277-152671c55fa7-groupManagement] INFO  server.RaftServerConfigKeys (ConfUtils.java:logGet(46)) - raft.server.log.force.sync.num = 128 (default)
2023-12-28 09:08:25,991 [1359b24a-0a66-4b2c-b277-152671c55fa7-groupManagement] INFO  server.RaftServerConfigKeys (ConfUtils.java:logGet(46)) - raft.server.log.statemachine.data.sync = true (default)
2023-12-28 09:08:25,991 [1359b24a-0a66-4b2c-b277-152671c55fa7-groupManagement] INFO  server.RaftServerConfigKeys (ConfUtils.java:logGet(46)) - raft.server.log.statemachine.data.sync.timeout = 10s (default)
2023-12-28 09:08:25,991 [1359b24a-0a66-4b2c-b277-152671c55fa7-groupManagement] INFO  server.RaftServerConfigKeys (ConfUtils.java:logGet(46)) - raft.server.log.statemachine.data.sync.timeout.retry = 0 (custom)
2023-12-28 09:08:25,992 [1359b24a-0a66-4b2c-b277-152671c55fa7-groupManagement] INFO  server.RaftServerConfigKeys (ConfUtils.java:logGet(46)) - raft.server.log.write.buffer.size = 8388616 (custom)
2023-12-28 09:08:25,993 [1359b24a-0a66-4b2c-b277-152671c55fa7-groupManagement] INFO  server.RaftServerConfigKeys (ConfUtils.java:logGet(46)) - raft.server.log.appender.buffer.byte-limit = 8388608 (custom)
2023-12-28 09:08:25,993 [1359b24a-0a66-4b2c-b277-152671c55fa7-groupManagement] INFO  server.RaftServerConfigKeys (ConfUtils.java:logGet(46)) - raft.server.log.unsafe-flush.enabled = false (default)
2023-12-28 09:08:25,993 [1359b24a-0a66-4b2c-b277-152671c55fa7-groupManagement] INFO  server.RaftServerConfigKeys (ConfUtils.java:logGet(46)) - raft.server.log.async-flush.enabled = false (default)
2023-12-28 09:08:25,994 [1359b24a-0a66-4b2c-b277-152671c55fa7-groupManagement] INFO  server.RaftServerConfigKeys (ConfUtils.java:logGet(46)) - raft.server.log.statemachine.data.caching.enabled = true (custom)
2023-12-28 09:08:25,994 [1359b24a-0a66-4b2c-b277-152671c55fa7-groupManagement] INFO  segmented.SegmentedRaftLogWorker (SegmentedRaftLogWorker.java:lambda$new$0(135)) - 1359b24a-0a66-4b2c-b277-152671c55fa7@group-97F26FCE827D-SegmentedRaftLogWorker: flushIndex: setUnconditionally 0 -> -1
2023-12-28 09:08:25,994 [1359b24a-0a66-4b2c-b277-152671c55fa7-groupManagement] INFO  segmented.SegmentedRaftLogWorker (SegmentedRaftLogWorker.java:lambda$new$0(135)) - 1359b24a-0a66-4b2c-b277-152671c55fa7@group-97F26FCE827D-SegmentedRaftLogWorker: safeCacheEvictIndex: setUnconditionally 0 -> -1
2023-12-28 09:08:25,994 [1359b24a-0a66-4b2c-b277-152671c55fa7-groupManagement] INFO  server.RaftServer$Division (RaftServerImpl.java:start(392)) - 1359b24a-0a66-4b2c-b277-152671c55fa7@group-97F26FCE827D: start as a follower, conf=-1: peers:[1359b24a-0a66-4b2c-b277-152671c55fa7|10.1.0.14:15103]|listeners:[], old=null
2023-12-28 09:08:25,994 [1359b24a-0a66-4b2c-b277-152671c55fa7-groupManagement] INFO  server.RaftServer$Division (RaftServerImpl.java:setRole(379)) - 1359b24a-0a66-4b2c-b277-152671c55fa7@group-97F26FCE827D: changes role from      null to FOLLOWER at term 0 for startAsFollower
2023-12-28 09:08:25,994 [1359b24a-0a66-4b2c-b277-152671c55fa7-groupManagement] INFO  impl.RoleInfo (RoleInfo.java:updateAndGet(139)) - 1359b24a-0a66-4b2c-b277-152671c55fa7: start 1359b24a-0a66-4b2c-b277-152671c55fa7@group-97F26FCE827D-FollowerState
2023-12-28 09:08:25,994 [1359b24a-0a66-4b2c-b277-152671c55fa7-groupManagement] INFO  util.JmxRegister (JmxRegister.java:tryRegister(44)) - Successfully registered JMX Bean with object name Ratis:service=RaftServer,group=group-97F26FCE827D,id=1359b24a-0a66-4b2c-b277-152671c55fa7
2023-12-28 09:08:25,994 [1359b24a-0a66-4b2c-b277-152671c55fa7@group-97F26FCE827D-FollowerState] INFO  server.RaftServerConfigKeys (ConfUtils.java:logFallback(53)) - raft.server.rpc.first-election.timeout.min = 5s (fallback to raft.server.rpc.timeout.min)
2023-12-28 09:08:25,994 [1359b24a-0a66-4b2c-b277-152671c55fa7@group-97F26FCE827D-FollowerState] INFO  server.RaftServerConfigKeys (ConfUtils.java:logFallback(53)) - raft.server.rpc.first-election.timeout.max = 5200ms (fallback to raft.server.rpc.timeout.max)
2023-12-28 09:08:25,994 [1359b24a-0a66-4b2c-b277-152671c55fa7-groupManagement] INFO  server.RaftServerConfigKeys (ConfUtils.java:logGet(46)) - raft.server.snapshot.trigger-when-stop.enabled = true (default)
2023-12-28 09:08:25,994 [1359b24a-0a66-4b2c-b277-152671c55fa7-groupManagement] INFO  server.RaftServerConfigKeys (ConfUtils.java:logGet(46)) - raft.server.snapshot.auto.trigger.enabled = true (custom)
2023-12-28 09:08:25,995 [1359b24a-0a66-4b2c-b277-152671c55fa7-groupManagement] INFO  server.RaftServerConfigKeys (ConfUtils.java:logGet(46)) - raft.server.snapshot.auto.trigger.threshold = 10000 (custom)
2023-12-28 09:08:25,995 [1359b24a-0a66-4b2c-b277-152671c55fa7-groupManagement] INFO  server.RaftServerConfigKeys (ConfUtils.java:logGet(46)) - raft.server.snapshot.retention.file.num = 5 (custom)
2023-12-28 09:08:25,995 [1359b24a-0a66-4b2c-b277-152671c55fa7-groupManagement] INFO  server.RaftServerConfigKeys (ConfUtils.java:logGet(46)) - raft.server.log.purge.upto.snapshot.index = false (default)
2023-12-28 09:08:25,995 [1359b24a-0a66-4b2c-b277-152671c55fa7-PipelineCommandHandlerThread-0] INFO  ratis.XceiverServerRatis (XceiverServerRatis.java:addGroup(837)) - Created group PipelineID=3191b8bf-e5cd-488f-906e-97f26fce827d
2023-12-28 09:08:25,995 [1359b24a-0a66-4b2c-b277-152671c55fa7-PipelineCommandHandlerThread-0] INFO  commandhandler.CreatePipelineCommandHandler (CreatePipelineCommandHandler.java:lambda$handle$2(124)) - Created Pipeline RATIS ONE PipelineID=3191b8bf-e5cd-488f-906e-97f26fce827d.
2023-12-28 09:08:25,996 [1359b24a-0a66-4b2c-b277-152671c55fa7-PipelineCommandHandlerThread-0] INFO  server.RaftServer (RaftServerProxy.java:addNew(100)) - 1359b24a-0a66-4b2c-b277-152671c55fa7: addNew group-1B294623A69B:[623fd51a-cd2f-46b7-bfb3-2e75fcb0d216|10.1.0.14:15121, 1359b24a-0a66-4b2c-b277-152671c55fa7|10.1.0.14:15103, 710d5749-3dff-4e56-b0fe-7873b1298659|10.1.0.14:15112] returns group-1B294623A69B:java.util.concurrent.CompletableFuture@16d90555[Not completed]
2023-12-28 09:08:25,997 [1359b24a-0a66-4b2c-b277-152671c55fa7-groupManagement] INFO  server.RaftServer$Division (RaftServerImpl.java:<init>(256)) - 1359b24a-0a66-4b2c-b277-152671c55fa7: new RaftServerImpl for group-1B294623A69B:[623fd51a-cd2f-46b7-bfb3-2e75fcb0d216|10.1.0.14:15121, 1359b24a-0a66-4b2c-b277-152671c55fa7|10.1.0.14:15103, 710d5749-3dff-4e56-b0fe-7873b1298659|10.1.0.14:15112] with ContainerStateMachine:uninitialized
2023-12-28 09:08:25,997 [1359b24a-0a66-4b2c-b277-152671c55fa7-groupManagement] INFO  server.RaftServerConfigKeys (ConfUtils.java:logGet(46)) - raft.server.rpc.timeout.min = 5s (custom)
2023-12-28 09:08:25,997 [1359b24a-0a66-4b2c-b277-152671c55fa7-groupManagement] INFO  server.RaftServerConfigKeys (ConfUtils.java:logGet(46)) - raft.server.rpc.timeout.max = 5200ms (custom)
2023-12-28 09:08:25,997 [1359b24a-0a66-4b2c-b277-152671c55fa7-groupManagement] INFO  server.RaftServerConfigKeys (ConfUtils.java:logGet(46)) - raft.server.rpc.sleep.time = 25ms (default)
2023-12-28 09:08:25,997 [1359b24a-0a66-4b2c-b277-152671c55fa7-groupManagement] INFO  server.RaftServerConfigKeys (ConfUtils.java:logGet(46)) - raft.server.rpc.slowness.timeout = 300000ms (custom)
2023-12-28 09:08:25,997 [1359b24a-0a66-4b2c-b277-152671c55fa7-groupManagement] INFO  server.RaftServerConfigKeys (ConfUtils.java:logGet(46)) - raft.server.leaderelection.leader.step-down.wait-time = 10s (default)
2023-12-28 09:08:25,997 [1359b24a-0a66-4b2c-b277-152671c55fa7-groupManagement] INFO  server.RaftServerConfigKeys (ConfUtils.java:logGet(46)) - raft.server.leaderelection.member.majority-add = false (default)
2023-12-28 09:08:25,997 [1359b24a-0a66-4b2c-b277-152671c55fa7-groupManagement] INFO  server.RaftServerConfigKeys (ConfUtils.java:logGet(46)) - raft.server.sleep.deviation.threshold = 300ms (default)
2023-12-28 09:08:25,997 [1359b24a-0a66-4b2c-b277-152671c55fa7-groupManagement] INFO  server.RaftServer$Division (ServerState.java:<init>(113)) - 1359b24a-0a66-4b2c-b277-152671c55fa7@group-1B294623A69B: ConfigurationManager, init=-1: peers:[623fd51a-cd2f-46b7-bfb3-2e75fcb0d216|10.1.0.14:15121, 1359b24a-0a66-4b2c-b277-152671c55fa7|10.1.0.14:15103, 710d5749-3dff-4e56-b0fe-7873b1298659|10.1.0.14:15112]|listeners:[], old=null, confs=<EMPTY_MAP>
2023-12-28 09:08:25,997 [1359b24a-0a66-4b2c-b277-152671c55fa7-groupManagement] INFO  server.RaftServerConfigKeys (ConfUtils.java:logGet(46)) - raft.server.notification.no-leader.timeout = 300000ms (custom)
2023-12-28 09:08:25,997 [1359b24a-0a66-4b2c-b277-152671c55fa7-groupManagement] INFO  server.RaftServerConfigKeys (ConfUtils.java:logGet(46)) - raft.server.read.timeout = 10s (default)
2023-12-28 09:08:25,997 [1359b24a-0a66-4b2c-b277-152671c55fa7-groupManagement] INFO  server.RaftServerConfigKeys (ConfUtils.java:logGet(46)) - raft.server.retrycache.expirytime = 600000ms (custom)
2023-12-28 09:08:25,997 [1359b24a-0a66-4b2c-b277-152671c55fa7-groupManagement] INFO  server.RaftServerConfigKeys (ConfUtils.java:logGet(46)) - raft.server.retrycache.statistics.expirytime = 100ms (default)
2023-12-28 09:08:25,998 [1359b24a-0a66-4b2c-b277-152671c55fa7-groupManagement] INFO  server.RaftServerConfigKeys (ConfUtils.java:logGet(46)) - raft.server.read.option = DEFAULT (default)
2023-12-28 09:08:25,998 [1359b24a-0a66-4b2c-b277-152671c55fa7-groupManagement] INFO  server.RaftServerConfigKeys (ConfUtils.java:logGet(46)) - raft.server.read.read-after-write-consistent.write-index-cache.expiry-time = 60s (default)
2023-12-28 09:08:26,000 [1359b24a-0a66-4b2c-b277-152671c55fa7-groupManagement] INFO  server.RaftServerConfigKeys (ConfUtils.java:logGet(46)) - raft.server.rpc.request.timeout = 3000ms (default)
2023-12-28 09:08:26,000 [1359b24a-0a66-4b2c-b277-152671c55fa7-groupManagement] INFO  server.RaftServerConfigKeys (ConfUtils.java:logGet(46)) - raft.server.log.appender.install.snapshot.enabled = false (custom)
2023-12-28 09:08:26,000 [1359b24a-0a66-4b2c-b277-152671c55fa7-groupManagement] INFO  server.RaftServerConfigKeys (ConfUtils.java:logGet(46)) - raft.server.threadpool.server.cached = true (default)
2023-12-28 09:08:26,000 [1359b24a-0a66-4b2c-b277-152671c55fa7-groupManagement] INFO  server.RaftServerConfigKeys (ConfUtils.java:logGet(46)) - raft.server.threadpool.server.size = 0 (default)
2023-12-28 09:08:26,000 [1359b24a-0a66-4b2c-b277-152671c55fa7-groupManagement] INFO  server.RaftServerConfigKeys (ConfUtils.java:logGet(46)) - raft.server.threadpool.client.cached = true (default)
2023-12-28 09:08:26,000 [1359b24a-0a66-4b2c-b277-152671c55fa7-groupManagement] INFO  server.RaftServerConfigKeys (ConfUtils.java:logGet(46)) - raft.server.threadpool.client.size = 0 (default)
2023-12-28 09:08:26,000 [1359b24a-0a66-4b2c-b277-152671c55fa7-groupManagement] INFO  server.RaftServerConfigKeys (ConfUtils.java:logGet(46)) - raft.server.storage.free-space.min = 0MB (=0) (default)
2023-12-28 09:08:26,000 [1359b24a-0a66-4b2c-b277-152671c55fa7-groupManagement] INFO  server.RaftServerConfigKeys (ConfUtils.java:logGet(46)) - raft.server.log.corruption.policy = EXCEPTION (default)
2023-12-28 09:08:26,000 [1359b24a-0a66-4b2c-b277-152671c55fa7-groupManagement] INFO  server.RaftServerConfigKeys (ConfUtils.java:logGet(46)) - raft.server.storage.dir = [/home/runner/work/ozone/ozone/hadoop-ozone/integration-test/target/test-dir/MiniOzoneClusterImpl-8986566a-fb65-479a-a2d4-a5d5d2c03f68/datanode-0/data/ratis] (custom)
2023-12-28 09:08:26,000 [1359b24a-0a66-4b2c-b277-152671c55fa7-groupManagement] INFO  storage.RaftStorageDirectory (RaftStorageDirectoryImpl.java:analyzeStorage(138)) - The storage directory /home/runner/work/ozone/ozone/hadoop-ozone/integration-test/target/test-dir/MiniOzoneClusterImpl-8986566a-fb65-479a-a2d4-a5d5d2c03f68/datanode-0/data/ratis/4df783b9-151f-4f7c-a67a-1b294623a69b does not exist. Creating ...
2023-12-28 09:08:26,001 [1359b24a-0a66-4b2c-b277-152671c55fa7-groupManagement] INFO  storage.RaftStorageDirectory (RaftStorageDirectoryImpl.java:tryLock(232)) - Lock on /home/runner/work/ozone/ozone/hadoop-ozone/integration-test/target/test-dir/MiniOzoneClusterImpl-8986566a-fb65-479a-a2d4-a5d5d2c03f68/datanode-0/data/ratis/4df783b9-151f-4f7c-a67a-1b294623a69b/in_use.lock acquired by nodename 85610@fv-az1384-14
2023-12-28 09:08:26,002 [1359b24a-0a66-4b2c-b277-152671c55fa7-groupManagement] INFO  storage.RaftStorage (RaftStorageImpl.java:format(97)) - Storage directory /home/runner/work/ozone/ozone/hadoop-ozone/integration-test/target/test-dir/MiniOzoneClusterImpl-8986566a-fb65-479a-a2d4-a5d5d2c03f68/datanode-0/data/ratis/4df783b9-151f-4f7c-a67a-1b294623a69b has been successfully formatted.
2023-12-28 09:08:26,003 [1359b24a-0a66-4b2c-b277-152671c55fa7-groupManagement] INFO  ratis.ContainerStateMachine (ContainerStateMachine.java:loadSnapshot(287)) - group-1B294623A69B: The snapshot info is null. Setting the last applied indexto:(t:0, i:~)
2023-12-28 09:08:26,003 [1359b24a-0a66-4b2c-b277-152671c55fa7-groupManagement] INFO  server.RaftServerConfigKeys (ConfUtils.java:logGet(46)) - raft.server.log.use.memory = false (default)
2023-12-28 09:08:26,003 [1359b24a-0a66-4b2c-b277-152671c55fa7-groupManagement] INFO  server.RaftServerConfigKeys (ConfUtils.java:logGet(46)) - raft.server.log.purge.gap = 1000000 (custom)
2023-12-28 09:08:26,003 [1359b24a-0a66-4b2c-b277-152671c55fa7-groupManagement] INFO  server.RaftServerConfigKeys (ConfUtils.java:logGet(46)) - raft.server.log.appender.buffer.byte-limit = 8388608 (custom)
2023-12-28 09:08:26,003 [1359b24a-0a66-4b2c-b277-152671c55fa7-groupManagement] INFO  server.RaftServerConfigKeys (ConfUtils.java:logGet(46)) - raft.server.log.statemachine.data.read.timeout = 1000ms (default)
2023-12-28 09:08:26,003 [1359b24a-0a66-4b2c-b277-152671c55fa7-groupManagement] INFO  server.RaftServerConfigKeys (ConfUtils.java:logGet(46)) - raft.server.log.purge.preservation.log.num = 0 (default)
2023-12-28 09:08:26,005 [EventQueue-OpenPipelineForHealthyPipelineSafeModeRule] INFO  safemode.SCMSafeModeManager (HealthyPipelineSafeModeRule.java:process(140)) - SCM in safe mode. Healthy pipelines reported count is 0, required healthy pipeline reported count is 1
2023-12-28 09:08:26,006 [1359b24a-0a66-4b2c-b277-152671c55fa7-groupManagement] INFO  server.RaftServerConfigKeys (ConfUtils.java:logGet(46)) - raft.server.log.segment.size.max = 67108864 (custom)
2023-12-28 09:08:26,006 [1359b24a-0a66-4b2c-b277-152671c55fa7-groupManagement] INFO  server.RaftServerConfigKeys (ConfUtils.java:logGet(46)) - raft.server.log.segment.cache.num.max = 2 (custom)
2023-12-28 09:08:26,006 [1359b24a-0a66-4b2c-b277-152671c55fa7-groupManagement] INFO  server.RaftServerConfigKeys (ConfUtils.java:logGet(46)) - raft.server.log.segment.cache.size.max = 200MB (=209715200) (default)
2023-12-28 09:08:26,006 [1359b24a-0a66-4b2c-b277-152671c55fa7-groupManagement] INFO  server.RaftServerConfigKeys (ConfUtils.java:logGet(46)) - raft.server.log.appender.buffer.byte-limit = 8388608 (custom)
2023-12-28 09:08:26,006 [1359b24a-0a66-4b2c-b277-152671c55fa7-groupManagement] INFO  util.AwaitToRun (AwaitToRun.java:start(81)) - Thread[1359b24a-0a66-4b2c-b277-152671c55fa7@group-1B294623A69B-cacheEviction-AwaitToRun,5,main] started
2023-12-28 09:08:26,006 [1359b24a-0a66-4b2c-b277-152671c55fa7-groupManagement] INFO  segmented.SegmentedRaftLogWorker (SegmentedRaftLogWorker.java:<init>(184)) - new 1359b24a-0a66-4b2c-b277-152671c55fa7@group-1B294623A69B-SegmentedRaftLogWorker for RaftStorageImpl:Storage Directory /home/runner/work/ozone/ozone/hadoop-ozone/integration-test/target/test-dir/MiniOzoneClusterImpl-8986566a-fb65-479a-a2d4-a5d5d2c03f68/datanode-0/data/ratis/4df783b9-151f-4f7c-a67a-1b294623a69b
2023-12-28 09:08:26,007 [1359b24a-0a66-4b2c-b277-152671c55fa7-groupManagement] INFO  server.RaftServerConfigKeys (ConfUtils.java:logGet(46)) - raft.server.log.queue.byte-limit = 4294967296 (custom)
2023-12-28 09:08:26,007 [1359b24a-0a66-4b2c-b277-152671c55fa7-groupManagement] INFO  server.RaftServerConfigKeys (ConfUtils.java:logGet(46)) - raft.server.log.queue.element-limit = 1024 (custom)
2023-12-28 09:08:26,007 [1359b24a-0a66-4b2c-b277-152671c55fa7-groupManagement] INFO  server.RaftServerConfigKeys (ConfUtils.java:logGet(46)) - raft.server.log.segment.size.max = 67108864 (custom)
2023-12-28 09:08:26,007 [1359b24a-0a66-4b2c-b277-152671c55fa7-groupManagement] INFO  server.RaftServerConfigKeys (ConfUtils.java:logGet(46)) - raft.server.log.preallocated.size = 4194304 (custom)
2023-12-28 09:08:26,007 [1359b24a-0a66-4b2c-b277-152671c55fa7-groupManagement] INFO  server.RaftServerConfigKeys (ConfUtils.java:logGet(46)) - raft.server.log.force.sync.num = 128 (default)
2023-12-28 09:08:26,007 [1359b24a-0a66-4b2c-b277-152671c55fa7-groupManagement] INFO  server.RaftServerConfigKeys (ConfUtils.java:logGet(46)) - raft.server.log.statemachine.data.sync = true (default)
2023-12-28 09:08:26,007 [1359b24a-0a66-4b2c-b277-152671c55fa7-groupManagement] INFO  server.RaftServerConfigKeys (ConfUtils.java:logGet(46)) - raft.server.log.statemachine.data.sync.timeout = 10s (default)
2023-12-28 09:08:26,007 [1359b24a-0a66-4b2c-b277-152671c55fa7-groupManagement] INFO  server.RaftServerConfigKeys (ConfUtils.java:logGet(46)) - raft.server.log.statemachine.data.sync.timeout.retry = 0 (custom)
2023-12-28 09:08:26,007 [1359b24a-0a66-4b2c-b277-152671c55fa7-groupManagement] INFO  server.RaftServerConfigKeys (ConfUtils.java:logGet(46)) - raft.server.log.write.buffer.size = 8388616 (custom)
2023-12-28 09:08:26,010 [1359b24a-0a66-4b2c-b277-152671c55fa7-groupManagement] INFO  server.RaftServerConfigKeys (ConfUtils.java:logGet(46)) - raft.server.log.appender.buffer.byte-limit = 8388608 (custom)
2023-12-28 09:08:26,010 [1359b24a-0a66-4b2c-b277-152671c55fa7-groupManagement] INFO  server.RaftServerConfigKeys (ConfUtils.java:logGet(46)) - raft.server.log.unsafe-flush.enabled = false (default)
2023-12-28 09:08:26,010 [1359b24a-0a66-4b2c-b277-152671c55fa7-groupManagement] INFO  server.RaftServerConfigKeys (ConfUtils.java:logGet(46)) - raft.server.log.async-flush.enabled = false (default)
2023-12-28 09:08:26,010 [1359b24a-0a66-4b2c-b277-152671c55fa7-groupManagement] INFO  server.RaftServerConfigKeys (ConfUtils.java:logGet(46)) - raft.server.log.statemachine.data.caching.enabled = true (custom)
2023-12-28 09:08:26,011 [1359b24a-0a66-4b2c-b277-152671c55fa7-groupManagement] INFO  segmented.SegmentedRaftLogWorker (SegmentedRaftLogWorker.java:lambda$new$0(135)) - 1359b24a-0a66-4b2c-b277-152671c55fa7@group-1B294623A69B-SegmentedRaftLogWorker: flushIndex: setUnconditionally 0 -> -1
2023-12-28 09:08:26,011 [1359b24a-0a66-4b2c-b277-152671c55fa7-groupManagement] INFO  segmented.SegmentedRaftLogWorker (SegmentedRaftLogWorker.java:lambda$new$0(135)) - 1359b24a-0a66-4b2c-b277-152671c55fa7@group-1B294623A69B-SegmentedRaftLogWorker: safeCacheEvictIndex: setUnconditionally 0 -> -1
2023-12-28 09:08:26,018 [1359b24a-0a66-4b2c-b277-152671c55fa7-groupManagement] INFO  server.RaftServer$Division (RaftServerImpl.java:start(392)) - 1359b24a-0a66-4b2c-b277-152671c55fa7@group-1B294623A69B: start as a follower, conf=-1: peers:[623fd51a-cd2f-46b7-bfb3-2e75fcb0d216|10.1.0.14:15121, 1359b24a-0a66-4b2c-b277-152671c55fa7|10.1.0.14:15103, 710d5749-3dff-4e56-b0fe-7873b1298659|10.1.0.14:15112]|listeners:[], old=null
2023-12-28 09:08:26,018 [1359b24a-0a66-4b2c-b277-152671c55fa7-groupManagement] INFO  server.RaftServer$Division (RaftServerImpl.java:setRole(379)) - 1359b24a-0a66-4b2c-b277-152671c55fa7@group-1B294623A69B: changes role from      null to FOLLOWER at term 0 for startAsFollower
2023-12-28 09:08:26,019 [1359b24a-0a66-4b2c-b277-152671c55fa7-groupManagement] INFO  impl.RoleInfo (RoleInfo.java:updateAndGet(139)) - 1359b24a-0a66-4b2c-b277-152671c55fa7: start 1359b24a-0a66-4b2c-b277-152671c55fa7@group-1B294623A69B-FollowerState
2023-12-28 09:08:26,019 [1359b24a-0a66-4b2c-b277-152671c55fa7-groupManagement] INFO  util.JmxRegister (JmxRegister.java:tryRegister(44)) - Successfully registered JMX Bean with object name Ratis:service=RaftServer,group=group-1B294623A69B,id=1359b24a-0a66-4b2c-b277-152671c55fa7
2023-12-28 09:08:26,019 [1359b24a-0a66-4b2c-b277-152671c55fa7-groupManagement] INFO  server.RaftServerConfigKeys (ConfUtils.java:logGet(46)) - raft.server.snapshot.trigger-when-stop.enabled = true (default)
2023-12-28 09:08:26,019 [1359b24a-0a66-4b2c-b277-152671c55fa7-groupManagement] INFO  server.RaftServerConfigKeys (ConfUtils.java:logGet(46)) - raft.server.snapshot.auto.trigger.enabled = true (custom)
2023-12-28 09:08:26,019 [1359b24a-0a66-4b2c-b277-152671c55fa7-groupManagement] INFO  server.RaftServerConfigKeys (ConfUtils.java:logGet(46)) - raft.server.snapshot.auto.trigger.threshold = 10000 (custom)
2023-12-28 09:08:26,019 [1359b24a-0a66-4b2c-b277-152671c55fa7-groupManagement] INFO  server.RaftServerConfigKeys (ConfUtils.java:logGet(46)) - raft.server.snapshot.retention.file.num = 5 (custom)
2023-12-28 09:08:26,019 [1359b24a-0a66-4b2c-b277-152671c55fa7-groupManagement] INFO  server.RaftServerConfigKeys (ConfUtils.java:logGet(46)) - raft.server.log.purge.upto.snapshot.index = false (default)
2023-12-28 09:08:26,019 [1359b24a-0a66-4b2c-b277-152671c55fa7@group-1B294623A69B-FollowerState] INFO  server.RaftServerConfigKeys (ConfUtils.java:logFallback(53)) - raft.server.rpc.first-election.timeout.min = 5s (fallback to raft.server.rpc.timeout.min)
2023-12-28 09:08:26,020 [1359b24a-0a66-4b2c-b277-152671c55fa7@group-1B294623A69B-FollowerState] INFO  server.RaftServerConfigKeys (ConfUtils.java:logFallback(53)) - raft.server.rpc.first-election.timeout.max = 5200ms (fallback to raft.server.rpc.timeout.max)
2023-12-28 09:08:26,020 [1359b24a-0a66-4b2c-b277-152671c55fa7-PipelineCommandHandlerThread-0] INFO  ratis.XceiverServerRatis (XceiverServerRatis.java:addGroup(837)) - Created group PipelineID=4df783b9-151f-4f7c-a67a-1b294623a69b
2023-12-28 09:08:26,033 [grpc-default-executor-0] INFO  server.RaftServer (RaftServerProxy.java:addNew(100)) - 710d5749-3dff-4e56-b0fe-7873b1298659: addNew group-1B294623A69B:[623fd51a-cd2f-46b7-bfb3-2e75fcb0d216|10.1.0.14:15121, 1359b24a-0a66-4b2c-b277-152671c55fa7|10.1.0.14:15103, 710d5749-3dff-4e56-b0fe-7873b1298659|10.1.0.14:15112] returns group-1B294623A69B:java.util.concurrent.CompletableFuture@66551eb2[Not completed]
2023-12-28 09:08:26,034 [710d5749-3dff-4e56-b0fe-7873b1298659-groupManagement] INFO  server.RaftServer$Division (RaftServerImpl.java:<init>(256)) - 710d5749-3dff-4e56-b0fe-7873b1298659: new RaftServerImpl for group-1B294623A69B:[623fd51a-cd2f-46b7-bfb3-2e75fcb0d216|10.1.0.14:15121, 1359b24a-0a66-4b2c-b277-152671c55fa7|10.1.0.14:15103, 710d5749-3dff-4e56-b0fe-7873b1298659|10.1.0.14:15112] with ContainerStateMachine:uninitialized
2023-12-28 09:08:26,034 [710d5749-3dff-4e56-b0fe-7873b1298659-groupManagement] INFO  server.RaftServerConfigKeys (ConfUtils.java:logGet(46)) - raft.server.rpc.timeout.min = 5s (custom)
2023-12-28 09:08:26,034 [710d5749-3dff-4e56-b0fe-7873b1298659-groupManagement] INFO  server.RaftServerConfigKeys (ConfUtils.java:logGet(46)) - raft.server.rpc.timeout.max = 5200ms (custom)
2023-12-28 09:08:26,034 [710d5749-3dff-4e56-b0fe-7873b1298659-groupManagement] INFO  server.RaftServerConfigKeys (ConfUtils.java:logGet(46)) - raft.server.rpc.sleep.time = 25ms (default)
2023-12-28 09:08:26,035 [710d5749-3dff-4e56-b0fe-7873b1298659-groupManagement] INFO  server.RaftServerConfigKeys (ConfUtils.java:logGet(46)) - raft.server.rpc.slowness.timeout = 300000ms (custom)
2023-12-28 09:08:26,035 [710d5749-3dff-4e56-b0fe-7873b1298659-groupManagement] INFO  server.RaftServerConfigKeys (ConfUtils.java:logGet(46)) - raft.server.leaderelection.leader.step-down.wait-time = 10s (default)
2023-12-28 09:08:26,035 [710d5749-3dff-4e56-b0fe-7873b1298659-groupManagement] INFO  server.RaftServerConfigKeys (ConfUtils.java:logGet(46)) - raft.server.leaderelection.member.majority-add = false (default)
2023-12-28 09:08:26,035 [710d5749-3dff-4e56-b0fe-7873b1298659-groupManagement] INFO  server.RaftServerConfigKeys (ConfUtils.java:logGet(46)) - raft.server.sleep.deviation.threshold = 300ms (default)
2023-12-28 09:08:26,035 [710d5749-3dff-4e56-b0fe-7873b1298659-groupManagement] INFO  server.RaftServer$Division (ServerState.java:<init>(113)) - 710d5749-3dff-4e56-b0fe-7873b1298659@group-1B294623A69B: ConfigurationManager, init=-1: peers:[623fd51a-cd2f-46b7-bfb3-2e75fcb0d216|10.1.0.14:15121, 1359b24a-0a66-4b2c-b277-152671c55fa7|10.1.0.14:15103, 710d5749-3dff-4e56-b0fe-7873b1298659|10.1.0.14:15112]|listeners:[], old=null, confs=<EMPTY_MAP>
2023-12-28 09:08:26,035 [710d5749-3dff-4e56-b0fe-7873b1298659-groupManagement] INFO  server.RaftServerConfigKeys (ConfUtils.java:logGet(46)) - raft.server.notification.no-leader.timeout = 300000ms (custom)
2023-12-28 09:08:26,035 [710d5749-3dff-4e56-b0fe-7873b1298659-groupManagement] INFO  server.RaftServerConfigKeys (ConfUtils.java:logGet(46)) - raft.server.read.timeout = 10s (default)
2023-12-28 09:08:26,035 [710d5749-3dff-4e56-b0fe-7873b1298659-groupManagement] INFO  server.RaftServerConfigKeys (ConfUtils.java:logGet(46)) - raft.server.retrycache.expirytime = 600000ms (custom)
2023-12-28 09:08:26,035 [710d5749-3dff-4e56-b0fe-7873b1298659-groupManagement] INFO  server.RaftServerConfigKeys (ConfUtils.java:logGet(46)) - raft.server.retrycache.statistics.expirytime = 100ms (default)
2023-12-28 09:08:26,035 [710d5749-3dff-4e56-b0fe-7873b1298659-groupManagement] INFO  server.RaftServerConfigKeys (ConfUtils.java:logGet(46)) - raft.server.read.option = DEFAULT (default)
2023-12-28 09:08:26,035 [710d5749-3dff-4e56-b0fe-7873b1298659-groupManagement] INFO  server.RaftServerConfigKeys (ConfUtils.java:logGet(46)) - raft.server.read.read-after-write-consistent.write-index-cache.expiry-time = 60s (default)
2023-12-28 09:08:26,037 [710d5749-3dff-4e56-b0fe-7873b1298659-groupManagement] INFO  server.RaftServerConfigKeys (ConfUtils.java:logGet(46)) - raft.server.rpc.request.timeout = 3000ms (default)
2023-12-28 09:08:26,037 [710d5749-3dff-4e56-b0fe-7873b1298659-groupManagement] INFO  server.RaftServerConfigKeys (ConfUtils.java:logGet(46)) - raft.server.log.appender.install.snapshot.enabled = false (custom)
2023-12-28 09:08:26,037 [710d5749-3dff-4e56-b0fe-7873b1298659-groupManagement] INFO  server.RaftServerConfigKeys (ConfUtils.java:logGet(46)) - raft.server.threadpool.server.cached = true (default)
2023-12-28 09:08:26,037 [710d5749-3dff-4e56-b0fe-7873b1298659-groupManagement] INFO  server.RaftServerConfigKeys (ConfUtils.java:logGet(46)) - raft.server.threadpool.server.size = 0 (default)
2023-12-28 09:08:26,037 [710d5749-3dff-4e56-b0fe-7873b1298659-groupManagement] INFO  server.RaftServerConfigKeys (ConfUtils.java:logGet(46)) - raft.server.threadpool.client.cached = true (default)
2023-12-28 09:08:26,037 [710d5749-3dff-4e56-b0fe-7873b1298659-groupManagement] INFO  server.RaftServerConfigKeys (ConfUtils.java:logGet(46)) - raft.server.threadpool.client.size = 0 (default)
2023-12-28 09:08:26,037 [710d5749-3dff-4e56-b0fe-7873b1298659-groupManagement] INFO  server.RaftServerConfigKeys (ConfUtils.java:logGet(46)) - raft.server.storage.free-space.min = 0MB (=0) (default)
2023-12-28 09:08:26,038 [710d5749-3dff-4e56-b0fe-7873b1298659-groupManagement] INFO  server.RaftServerConfigKeys (ConfUtils.java:logGet(46)) - raft.server.log.corruption.policy = EXCEPTION (default)
2023-12-28 09:08:26,038 [710d5749-3dff-4e56-b0fe-7873b1298659-groupManagement] INFO  server.RaftServerConfigKeys (ConfUtils.java:logGet(46)) - raft.server.storage.dir = [/home/runner/work/ozone/ozone/hadoop-ozone/integration-test/target/test-dir/MiniOzoneClusterImpl-8986566a-fb65-479a-a2d4-a5d5d2c03f68/datanode-1/data/ratis] (custom)
2023-12-28 09:08:26,038 [710d5749-3dff-4e56-b0fe-7873b1298659-groupManagement] INFO  storage.RaftStorageDirectory (RaftStorageDirectoryImpl.java:analyzeStorage(138)) - The storage directory /home/runner/work/ozone/ozone/hadoop-ozone/integration-test/target/test-dir/MiniOzoneClusterImpl-8986566a-fb65-479a-a2d4-a5d5d2c03f68/datanode-1/data/ratis/4df783b9-151f-4f7c-a67a-1b294623a69b does not exist. Creating ...
2023-12-28 09:08:26,039 [710d5749-3dff-4e56-b0fe-7873b1298659-groupManagement] INFO  storage.RaftStorageDirectory (RaftStorageDirectoryImpl.java:tryLock(232)) - Lock on /home/runner/work/ozone/ozone/hadoop-ozone/integration-test/target/test-dir/MiniOzoneClusterImpl-8986566a-fb65-479a-a2d4-a5d5d2c03f68/datanode-1/data/ratis/4df783b9-151f-4f7c-a67a-1b294623a69b/in_use.lock acquired by nodename 85610@fv-az1384-14
2023-12-28 09:08:26,039 [710d5749-3dff-4e56-b0fe-7873b1298659-groupManagement] INFO  storage.RaftStorage (RaftStorageImpl.java:format(97)) - Storage directory /home/runner/work/ozone/ozone/hadoop-ozone/integration-test/target/test-dir/MiniOzoneClusterImpl-8986566a-fb65-479a-a2d4-a5d5d2c03f68/datanode-1/data/ratis/4df783b9-151f-4f7c-a67a-1b294623a69b has been successfully formatted.
2023-12-28 09:08:26,040 [710d5749-3dff-4e56-b0fe-7873b1298659-groupManagement] INFO  ratis.ContainerStateMachine (ContainerStateMachine.java:loadSnapshot(287)) - group-1B294623A69B: The snapshot info is null. Setting the last applied indexto:(t:0, i:~)
2023-12-28 09:08:26,041 [710d5749-3dff-4e56-b0fe-7873b1298659-groupManagement] INFO  server.RaftServerConfigKeys (ConfUtils.java:logGet(46)) - raft.server.log.use.memory = false (default)
2023-12-28 09:08:26,041 [710d5749-3dff-4e56-b0fe-7873b1298659-groupManagement] INFO  server.RaftServerConfigKeys (ConfUtils.java:logGet(46)) - raft.server.log.purge.gap = 1000000 (custom)
2023-12-28 09:08:26,041 [710d5749-3dff-4e56-b0fe-7873b1298659-groupManagement] INFO  server.RaftServerConfigKeys (ConfUtils.java:logGet(46)) - raft.server.log.appender.buffer.byte-limit = 8388608 (custom)
2023-12-28 09:08:26,041 [710d5749-3dff-4e56-b0fe-7873b1298659-groupManagement] INFO  server.RaftServerConfigKeys (ConfUtils.java:logGet(46)) - raft.server.log.statemachine.data.read.timeout = 1000ms (default)
2023-12-28 09:08:26,041 [710d5749-3dff-4e56-b0fe-7873b1298659-groupManagement] INFO  server.RaftServerConfigKeys (ConfUtils.java:logGet(46)) - raft.server.log.purge.preservation.log.num = 0 (default)
2023-12-28 09:08:26,043 [710d5749-3dff-4e56-b0fe-7873b1298659-groupManagement] INFO  server.RaftServerConfigKeys (ConfUtils.java:logGet(46)) - raft.server.log.segment.size.max = 67108864 (custom)
2023-12-28 09:08:26,043 [710d5749-3dff-4e56-b0fe-7873b1298659-groupManagement] INFO  server.RaftServerConfigKeys (ConfUtils.java:logGet(46)) - raft.server.log.segment.cache.num.max = 2 (custom)
2023-12-28 09:08:26,043 [710d5749-3dff-4e56-b0fe-7873b1298659-groupManagement] INFO  server.RaftServerConfigKeys (ConfUtils.java:logGet(46)) - raft.server.log.segment.cache.size.max = 200MB (=209715200) (default)
2023-12-28 09:08:26,044 [710d5749-3dff-4e56-b0fe-7873b1298659-groupManagement] INFO  server.RaftServerConfigKeys (ConfUtils.java:logGet(46)) - raft.server.log.appender.buffer.byte-limit = 8388608 (custom)
2023-12-28 09:08:26,044 [710d5749-3dff-4e56-b0fe-7873b1298659-groupManagement] INFO  util.AwaitToRun (AwaitToRun.java:start(81)) - Thread[710d5749-3dff-4e56-b0fe-7873b1298659@group-1B294623A69B-cacheEviction-AwaitToRun,5,main] started
2023-12-28 09:08:26,044 [710d5749-3dff-4e56-b0fe-7873b1298659-groupManagement] INFO  segmented.SegmentedRaftLogWorker (SegmentedRaftLogWorker.java:<init>(184)) - new 710d5749-3dff-4e56-b0fe-7873b1298659@group-1B294623A69B-SegmentedRaftLogWorker for RaftStorageImpl:Storage Directory /home/runner/work/ozone/ozone/hadoop-ozone/integration-test/target/test-dir/MiniOzoneClusterImpl-8986566a-fb65-479a-a2d4-a5d5d2c03f68/datanode-1/data/ratis/4df783b9-151f-4f7c-a67a-1b294623a69b
2023-12-28 09:08:26,044 [710d5749-3dff-4e56-b0fe-7873b1298659-groupManagement] INFO  server.RaftServerConfigKeys (ConfUtils.java:logGet(46)) - raft.server.log.queue.byte-limit = 4294967296 (custom)
2023-12-28 09:08:26,044 [710d5749-3dff-4e56-b0fe-7873b1298659-groupManagement] INFO  server.RaftServerConfigKeys (ConfUtils.java:logGet(46)) - raft.server.log.queue.element-limit = 1024 (custom)
2023-12-28 09:08:26,044 [710d5749-3dff-4e56-b0fe-7873b1298659-groupManagement] INFO  server.RaftServerConfigKeys (ConfUtils.java:logGet(46)) - raft.server.log.segment.size.max = 67108864 (custom)
2023-12-28 09:08:26,044 [710d5749-3dff-4e56-b0fe-7873b1298659-groupManagement] INFO  server.RaftServerConfigKeys (ConfUtils.java:logGet(46)) - raft.server.log.preallocated.size = 4194304 (custom)
2023-12-28 09:08:26,045 [710d5749-3dff-4e56-b0fe-7873b1298659-groupManagement] INFO  server.RaftServerConfigKeys (ConfUtils.java:logGet(46)) - raft.server.log.force.sync.num = 128 (default)
2023-12-28 09:08:26,045 [710d5749-3dff-4e56-b0fe-7873b1298659-groupManagement] INFO  server.RaftServerConfigKeys (ConfUtils.java:logGet(46)) - raft.server.log.statemachine.data.sync = true (default)
2023-12-28 09:08:26,045 [710d5749-3dff-4e56-b0fe-7873b1298659-groupManagement] INFO  server.RaftServerConfigKeys (ConfUtils.java:logGet(46)) - raft.server.log.statemachine.data.sync.timeout = 10s (default)
2023-12-28 09:08:26,045 [710d5749-3dff-4e56-b0fe-7873b1298659-groupManagement] INFO  server.RaftServerConfigKeys (ConfUtils.java:logGet(46)) - raft.server.log.statemachine.data.sync.timeout.retry = 0 (custom)
2023-12-28 09:08:26,045 [710d5749-3dff-4e56-b0fe-7873b1298659-groupManagement] INFO  server.RaftServerConfigKeys (ConfUtils.java:logGet(46)) - raft.server.log.write.buffer.size = 8388616 (custom)
2023-12-28 09:08:26,047 [710d5749-3dff-4e56-b0fe-7873b1298659-groupManagement] INFO  server.RaftServerConfigKeys (ConfUtils.java:logGet(46)) - raft.server.log.appender.buffer.byte-limit = 8388608 (custom)
2023-12-28 09:08:26,047 [710d5749-3dff-4e56-b0fe-7873b1298659-groupManagement] INFO  server.RaftServerConfigKeys (ConfUtils.java:logGet(46)) - raft.server.log.unsafe-flush.enabled = false (default)
2023-12-28 09:08:26,047 [710d5749-3dff-4e56-b0fe-7873b1298659-groupManagement] INFO  server.RaftServerConfigKeys (ConfUtils.java:logGet(46)) - raft.server.log.async-flush.enabled = false (default)
2023-12-28 09:08:26,048 [710d5749-3dff-4e56-b0fe-7873b1298659-groupManagement] INFO  server.RaftServerConfigKeys (ConfUtils.java:logGet(46)) - raft.server.log.statemachine.data.caching.enabled = true (custom)
2023-12-28 09:08:26,048 [710d5749-3dff-4e56-b0fe-7873b1298659-groupManagement] INFO  segmented.SegmentedRaftLogWorker (SegmentedRaftLogWorker.java:lambda$new$0(135)) - 710d5749-3dff-4e56-b0fe-7873b1298659@group-1B294623A69B-SegmentedRaftLogWorker: flushIndex: setUnconditionally 0 -> -1
2023-12-28 09:08:26,048 [710d5749-3dff-4e56-b0fe-7873b1298659-groupManagement] INFO  segmented.SegmentedRaftLogWorker (SegmentedRaftLogWorker.java:lambda$new$0(135)) - 710d5749-3dff-4e56-b0fe-7873b1298659@group-1B294623A69B-SegmentedRaftLogWorker: safeCacheEvictIndex: setUnconditionally 0 -> -1
2023-12-28 09:08:26,048 [710d5749-3dff-4e56-b0fe-7873b1298659-groupManagement] INFO  server.RaftServer$Division (RaftServerImpl.java:start(392)) - 710d5749-3dff-4e56-b0fe-7873b1298659@group-1B294623A69B: start as a follower, conf=-1: peers:[623fd51a-cd2f-46b7-bfb3-2e75fcb0d216|10.1.0.14:15121, 1359b24a-0a66-4b2c-b277-152671c55fa7|10.1.0.14:15103, 710d5749-3dff-4e56-b0fe-7873b1298659|10.1.0.14:15112]|listeners:[], old=null
2023-12-28 09:08:26,048 [710d5749-3dff-4e56-b0fe-7873b1298659-groupManagement] INFO  server.RaftServer$Division (RaftServerImpl.java:setRole(379)) - 710d5749-3dff-4e56-b0fe-7873b1298659@group-1B294623A69B: changes role from      null to FOLLOWER at term 0 for startAsFollower
2023-12-28 09:08:26,048 [710d5749-3dff-4e56-b0fe-7873b1298659-groupManagement] INFO  impl.RoleInfo (RoleInfo.java:updateAndGet(139)) - 710d5749-3dff-4e56-b0fe-7873b1298659: start 710d5749-3dff-4e56-b0fe-7873b1298659@group-1B294623A69B-FollowerState
2023-12-28 09:08:26,048 [710d5749-3dff-4e56-b0fe-7873b1298659@group-1B294623A69B-FollowerState] INFO  server.RaftServerConfigKeys (ConfUtils.java:logFallback(53)) - raft.server.rpc.first-election.timeout.min = 5s (fallback to raft.server.rpc.timeout.min)
2023-12-28 09:08:26,048 [710d5749-3dff-4e56-b0fe-7873b1298659-groupManagement] INFO  util.JmxRegister (JmxRegister.java:tryRegister(44)) - Successfully registered JMX Bean with object name Ratis:service=RaftServer,group=group-1B294623A69B,id=710d5749-3dff-4e56-b0fe-7873b1298659
2023-12-28 09:08:26,049 [710d5749-3dff-4e56-b0fe-7873b1298659@group-1B294623A69B-FollowerState] INFO  server.RaftServerConfigKeys (ConfUtils.java:logFallback(53)) - raft.server.rpc.first-election.timeout.max = 5200ms (fallback to raft.server.rpc.timeout.max)
2023-12-28 09:08:26,049 [710d5749-3dff-4e56-b0fe-7873b1298659-groupManagement] INFO  server.RaftServerConfigKeys (ConfUtils.java:logGet(46)) - raft.server.snapshot.trigger-when-stop.enabled = true (default)
2023-12-28 09:08:26,049 [710d5749-3dff-4e56-b0fe-7873b1298659-groupManagement] INFO  server.RaftServerConfigKeys (ConfUtils.java:logGet(46)) - raft.server.snapshot.auto.trigger.enabled = true (custom)
2023-12-28 09:08:26,049 [710d5749-3dff-4e56-b0fe-7873b1298659-groupManagement] INFO  server.RaftServerConfigKeys (ConfUtils.java:logGet(46)) - raft.server.snapshot.auto.trigger.threshold = 10000 (custom)
2023-12-28 09:08:26,049 [710d5749-3dff-4e56-b0fe-7873b1298659-groupManagement] INFO  server.RaftServerConfigKeys (ConfUtils.java:logGet(46)) - raft.server.snapshot.retention.file.num = 5 (custom)
2023-12-28 09:08:26,049 [710d5749-3dff-4e56-b0fe-7873b1298659-groupManagement] INFO  server.RaftServerConfigKeys (ConfUtils.java:logGet(46)) - raft.server.log.purge.upto.snapshot.index = false (default)
2023-12-28 09:08:26,067 [grpc-default-executor-0] INFO  server.RaftServer (RaftServerProxy.java:addNew(100)) - 623fd51a-cd2f-46b7-bfb3-2e75fcb0d216: addNew group-1B294623A69B:[623fd51a-cd2f-46b7-bfb3-2e75fcb0d216|10.1.0.14:15121, 1359b24a-0a66-4b2c-b277-152671c55fa7|10.1.0.14:15103, 710d5749-3dff-4e56-b0fe-7873b1298659|10.1.0.14:15112] returns group-1B294623A69B:java.util.concurrent.CompletableFuture@3a52cbe7[Not completed]
2023-12-28 09:08:26,067 [623fd51a-cd2f-46b7-bfb3-2e75fcb0d216-groupManagement] INFO  server.RaftServer$Division (RaftServerImpl.java:<init>(256)) - 623fd51a-cd2f-46b7-bfb3-2e75fcb0d216: new RaftServerImpl for group-1B294623A69B:[623fd51a-cd2f-46b7-bfb3-2e75fcb0d216|10.1.0.14:15121, 1359b24a-0a66-4b2c-b277-152671c55fa7|10.1.0.14:15103, 710d5749-3dff-4e56-b0fe-7873b1298659|10.1.0.14:15112] with ContainerStateMachine:uninitialized
2023-12-28 09:08:26,068 [623fd51a-cd2f-46b7-bfb3-2e75fcb0d216-groupManagement] INFO  server.RaftServerConfigKeys (ConfUtils.java:logGet(46)) - raft.server.rpc.timeout.min = 5s (custom)
2023-12-28 09:08:26,068 [623fd51a-cd2f-46b7-bfb3-2e75fcb0d216-groupManagement] INFO  server.RaftServerConfigKeys (ConfUtils.java:logGet(46)) - raft.server.rpc.timeout.max = 5200ms (custom)
2023-12-28 09:08:26,068 [623fd51a-cd2f-46b7-bfb3-2e75fcb0d216-groupManagement] INFO  server.RaftServerConfigKeys (ConfUtils.java:logGet(46)) - raft.server.rpc.sleep.time = 25ms (default)
2023-12-28 09:08:26,068 [623fd51a-cd2f-46b7-bfb3-2e75fcb0d216-groupManagement] INFO  server.RaftServerConfigKeys (ConfUtils.java:logGet(46)) - raft.server.rpc.slowness.timeout = 300000ms (custom)
2023-12-28 09:08:26,068 [623fd51a-cd2f-46b7-bfb3-2e75fcb0d216-groupManagement] INFO  server.RaftServerConfigKeys (ConfUtils.java:logGet(46)) - raft.server.leaderelection.leader.step-down.wait-time = 10s (default)
2023-12-28 09:08:26,068 [623fd51a-cd2f-46b7-bfb3-2e75fcb0d216-groupManagement] INFO  server.RaftServerConfigKeys (ConfUtils.java:logGet(46)) - raft.server.leaderelection.member.majority-add = false (default)
2023-12-28 09:08:26,068 [623fd51a-cd2f-46b7-bfb3-2e75fcb0d216-groupManagement] INFO  server.RaftServerConfigKeys (ConfUtils.java:logGet(46)) - raft.server.sleep.deviation.threshold = 300ms (default)
2023-12-28 09:08:26,068 [623fd51a-cd2f-46b7-bfb3-2e75fcb0d216-groupManagement] INFO  server.RaftServer$Division (ServerState.java:<init>(113)) - 623fd51a-cd2f-46b7-bfb3-2e75fcb0d216@group-1B294623A69B: ConfigurationManager, init=-1: peers:[623fd51a-cd2f-46b7-bfb3-2e75fcb0d216|10.1.0.14:15121, 1359b24a-0a66-4b2c-b277-152671c55fa7|10.1.0.14:15103, 710d5749-3dff-4e56-b0fe-7873b1298659|10.1.0.14:15112]|listeners:[], old=null, confs=<EMPTY_MAP>
2023-12-28 09:08:26,068 [623fd51a-cd2f-46b7-bfb3-2e75fcb0d216-groupManagement] INFO  server.RaftServerConfigKeys (ConfUtils.java:logGet(46)) - raft.server.notification.no-leader.timeout = 300000ms (custom)
2023-12-28 09:08:26,068 [623fd51a-cd2f-46b7-bfb3-2e75fcb0d216-groupManagement] INFO  server.RaftServerConfigKeys (ConfUtils.java:logGet(46)) - raft.server.read.timeout = 10s (default)
2023-12-28 09:08:26,068 [623fd51a-cd2f-46b7-bfb3-2e75fcb0d216-groupManagement] INFO  server.RaftServerConfigKeys (ConfUtils.java:logGet(46)) - raft.server.retrycache.expirytime = 600000ms (custom)
2023-12-28 09:08:26,068 [623fd51a-cd2f-46b7-bfb3-2e75fcb0d216-groupManagement] INFO  server.RaftServerConfigKeys (ConfUtils.java:logGet(46)) - raft.server.retrycache.statistics.expirytime = 100ms (default)
2023-12-28 09:08:26,068 [623fd51a-cd2f-46b7-bfb3-2e75fcb0d216-groupManagement] INFO  server.RaftServerConfigKeys (ConfUtils.java:logGet(46)) - raft.server.read.option = DEFAULT (default)
2023-12-28 09:08:26,069 [623fd51a-cd2f-46b7-bfb3-2e75fcb0d216-groupManagement] INFO  server.RaftServerConfigKeys (ConfUtils.java:logGet(46)) - raft.server.read.read-after-write-consistent.write-index-cache.expiry-time = 60s (default)
2023-12-28 09:08:26,071 [623fd51a-cd2f-46b7-bfb3-2e75fcb0d216-groupManagement] INFO  server.RaftServerConfigKeys (ConfUtils.java:logGet(46)) - raft.server.rpc.request.timeout = 3000ms (default)
2023-12-28 09:08:26,071 [623fd51a-cd2f-46b7-bfb3-2e75fcb0d216-groupManagement] INFO  server.RaftServerConfigKeys (ConfUtils.java:logGet(46)) - raft.server.log.appender.install.snapshot.enabled = false (custom)
2023-12-28 09:08:26,072 [623fd51a-cd2f-46b7-bfb3-2e75fcb0d216-groupManagement] INFO  server.RaftServerConfigKeys (ConfUtils.java:logGet(46)) - raft.server.threadpool.server.cached = true (default)
2023-12-28 09:08:26,072 [623fd51a-cd2f-46b7-bfb3-2e75fcb0d216-groupManagement] INFO  server.RaftServerConfigKeys (ConfUtils.java:logGet(46)) - raft.server.threadpool.server.size = 0 (default)
2023-12-28 09:08:26,072 [623fd51a-cd2f-46b7-bfb3-2e75fcb0d216-groupManagement] INFO  server.RaftServerConfigKeys (ConfUtils.java:logGet(46)) - raft.server.threadpool.client.cached = true (default)
2023-12-28 09:08:26,072 [623fd51a-cd2f-46b7-bfb3-2e75fcb0d216-groupManagement] INFO  server.RaftServerConfigKeys (ConfUtils.java:logGet(46)) - raft.server.threadpool.client.size = 0 (default)
2023-12-28 09:08:26,072 [623fd51a-cd2f-46b7-bfb3-2e75fcb0d216-groupManagement] INFO  server.RaftServerConfigKeys (ConfUtils.java:logGet(46)) - raft.server.storage.free-space.min = 0MB (=0) (default)
2023-12-28 09:08:26,072 [623fd51a-cd2f-46b7-bfb3-2e75fcb0d216-groupManagement] INFO  server.RaftServerConfigKeys (ConfUtils.java:logGet(46)) - raft.server.log.corruption.policy = EXCEPTION (default)
2023-12-28 09:08:26,072 [623fd51a-cd2f-46b7-bfb3-2e75fcb0d216-groupManagement] INFO  server.RaftServerConfigKeys (ConfUtils.java:logGet(46)) - raft.server.storage.dir = [/home/runner/work/ozone/ozone/hadoop-ozone/integration-test/target/test-dir/MiniOzoneClusterImpl-8986566a-fb65-479a-a2d4-a5d5d2c03f68/datanode-2/data/ratis] (custom)
2023-12-28 09:08:26,072 [623fd51a-cd2f-46b7-bfb3-2e75fcb0d216-groupManagement] INFO  storage.RaftStorageDirectory (RaftStorageDirectoryImpl.java:analyzeStorage(138)) - The storage directory /home/runner/work/ozone/ozone/hadoop-ozone/integration-test/target/test-dir/MiniOzoneClusterImpl-8986566a-fb65-479a-a2d4-a5d5d2c03f68/datanode-2/data/ratis/4df783b9-151f-4f7c-a67a-1b294623a69b does not exist. Creating ...
2023-12-28 09:08:26,074 [623fd51a-cd2f-46b7-bfb3-2e75fcb0d216-groupManagement] INFO  storage.RaftStorageDirectory (RaftStorageDirectoryImpl.java:tryLock(232)) - Lock on /home/runner/work/ozone/ozone/hadoop-ozone/integration-test/target/test-dir/MiniOzoneClusterImpl-8986566a-fb65-479a-a2d4-a5d5d2c03f68/datanode-2/data/ratis/4df783b9-151f-4f7c-a67a-1b294623a69b/in_use.lock acquired by nodename 85610@fv-az1384-14
2023-12-28 09:08:26,076 [623fd51a-cd2f-46b7-bfb3-2e75fcb0d216-groupManagement] INFO  storage.RaftStorage (RaftStorageImpl.java:format(97)) - Storage directory /home/runner/work/ozone/ozone/hadoop-ozone/integration-test/target/test-dir/MiniOzoneClusterImpl-8986566a-fb65-479a-a2d4-a5d5d2c03f68/datanode-2/data/ratis/4df783b9-151f-4f7c-a67a-1b294623a69b has been successfully formatted.
2023-12-28 09:08:26,077 [623fd51a-cd2f-46b7-bfb3-2e75fcb0d216-groupManagement] INFO  ratis.ContainerStateMachine (ContainerStateMachine.java:loadSnapshot(287)) - group-1B294623A69B: The snapshot info is null. Setting the last applied indexto:(t:0, i:~)
2023-12-28 09:08:26,077 [623fd51a-cd2f-46b7-bfb3-2e75fcb0d216-groupManagement] INFO  server.RaftServerConfigKeys (ConfUtils.java:logGet(46)) - raft.server.log.use.memory = false (default)
2023-12-28 09:08:26,077 [623fd51a-cd2f-46b7-bfb3-2e75fcb0d216-groupManagement] INFO  server.RaftServerConfigKeys (ConfUtils.java:logGet(46)) - raft.server.log.purge.gap = 1000000 (custom)
2023-12-28 09:08:26,077 [623fd51a-cd2f-46b7-bfb3-2e75fcb0d216-groupManagement] INFO  server.RaftServerConfigKeys (ConfUtils.java:logGet(46)) - raft.server.log.appender.buffer.byte-limit = 8388608 (custom)
2023-12-28 09:08:26,077 [623fd51a-cd2f-46b7-bfb3-2e75fcb0d216-groupManagement] INFO  server.RaftServerConfigKeys (ConfUtils.java:logGet(46)) - raft.server.log.statemachine.data.read.timeout = 1000ms (default)
2023-12-28 09:08:26,077 [623fd51a-cd2f-46b7-bfb3-2e75fcb0d216-groupManagement] INFO  server.RaftServerConfigKeys (ConfUtils.java:logGet(46)) - raft.server.log.purge.preservation.log.num = 0 (default)
2023-12-28 09:08:26,079 [623fd51a-cd2f-46b7-bfb3-2e75fcb0d216-groupManagement] INFO  server.RaftServerConfigKeys (ConfUtils.java:logGet(46)) - raft.server.log.segment.size.max = 67108864 (custom)
2023-12-28 09:08:26,079 [623fd51a-cd2f-46b7-bfb3-2e75fcb0d216-groupManagement] INFO  server.RaftServerConfigKeys (ConfUtils.java:logGet(46)) - raft.server.log.segment.cache.num.max = 2 (custom)
2023-12-28 09:08:26,079 [623fd51a-cd2f-46b7-bfb3-2e75fcb0d216-groupManagement] INFO  server.RaftServerConfigKeys (ConfUtils.java:logGet(46)) - raft.server.log.segment.cache.size.max = 200MB (=209715200) (default)
2023-12-28 09:08:26,079 [623fd51a-cd2f-46b7-bfb3-2e75fcb0d216-groupManagement] INFO  server.RaftServerConfigKeys (ConfUtils.java:logGet(46)) - raft.server.log.appender.buffer.byte-limit = 8388608 (custom)
2023-12-28 09:08:26,079 [623fd51a-cd2f-46b7-bfb3-2e75fcb0d216-groupManagement] INFO  util.AwaitToRun (AwaitToRun.java:start(81)) - Thread[623fd51a-cd2f-46b7-bfb3-2e75fcb0d216@group-1B294623A69B-cacheEviction-AwaitToRun,5,main] started
2023-12-28 09:08:26,080 [623fd51a-cd2f-46b7-bfb3-2e75fcb0d216-groupManagement] INFO  segmented.SegmentedRaftLogWorker (SegmentedRaftLogWorker.java:<init>(184)) - new 623fd51a-cd2f-46b7-bfb3-2e75fcb0d216@group-1B294623A69B-SegmentedRaftLogWorker for RaftStorageImpl:Storage Directory /home/runner/work/ozone/ozone/hadoop-ozone/integration-test/target/test-dir/MiniOzoneClusterImpl-8986566a-fb65-479a-a2d4-a5d5d2c03f68/datanode-2/data/ratis/4df783b9-151f-4f7c-a67a-1b294623a69b
2023-12-28 09:08:26,080 [623fd51a-cd2f-46b7-bfb3-2e75fcb0d216-groupManagement] INFO  server.RaftServerConfigKeys (ConfUtils.java:logGet(46)) - raft.server.log.queue.byte-limit = 4294967296 (custom)
2023-12-28 09:08:26,080 [623fd51a-cd2f-46b7-bfb3-2e75fcb0d216-groupManagement] INFO  server.RaftServerConfigKeys (ConfUtils.java:logGet(46)) - raft.server.log.queue.element-limit = 1024 (custom)
2023-12-28 09:08:26,080 [623fd51a-cd2f-46b7-bfb3-2e75fcb0d216-groupManagement] INFO  server.RaftServerConfigKeys (ConfUtils.java:logGet(46)) - raft.server.log.segment.size.max = 67108864 (custom)
2023-12-28 09:08:26,080 [623fd51a-cd2f-46b7-bfb3-2e75fcb0d216-groupManagement] INFO  server.RaftServerConfigKeys (ConfUtils.java:logGet(46)) - raft.server.log.preallocated.size = 4194304 (custom)
2023-12-28 09:08:26,080 [623fd51a-cd2f-46b7-bfb3-2e75fcb0d216-groupManagement] INFO  server.RaftServerConfigKeys (ConfUtils.java:logGet(46)) - raft.server.log.force.sync.num = 128 (default)
2023-12-28 09:08:26,080 [623fd51a-cd2f-46b7-bfb3-2e75fcb0d216-groupManagement] INFO  server.RaftServerConfigKeys (ConfUtils.java:logGet(46)) - raft.server.log.statemachine.data.sync = true (default)
2023-12-28 09:08:26,080 [623fd51a-cd2f-46b7-bfb3-2e75fcb0d216-groupManagement] INFO  server.RaftServerConfigKeys (ConfUtils.java:logGet(46)) - raft.server.log.statemachine.data.sync.timeout = 10s (default)
2023-12-28 09:08:26,080 [623fd51a-cd2f-46b7-bfb3-2e75fcb0d216-groupManagement] INFO  server.RaftServerConfigKeys (ConfUtils.java:logGet(46)) - raft.server.log.statemachine.data.sync.timeout.retry = 0 (custom)
2023-12-28 09:08:26,081 [623fd51a-cd2f-46b7-bfb3-2e75fcb0d216-groupManagement] INFO  server.RaftServerConfigKeys (ConfUtils.java:logGet(46)) - raft.server.log.write.buffer.size = 8388616 (custom)
2023-12-28 09:08:26,082 [623fd51a-cd2f-46b7-bfb3-2e75fcb0d216-groupManagement] INFO  server.RaftServerConfigKeys (ConfUtils.java:logGet(46)) - raft.server.log.appender.buffer.byte-limit = 8388608 (custom)
2023-12-28 09:08:26,083 [623fd51a-cd2f-46b7-bfb3-2e75fcb0d216-groupManagement] INFO  server.RaftServerConfigKeys (ConfUtils.java:logGet(46)) - raft.server.log.unsafe-flush.enabled = false (default)
2023-12-28 09:08:26,083 [623fd51a-cd2f-46b7-bfb3-2e75fcb0d216-groupManagement] INFO  server.RaftServerConfigKeys (ConfUtils.java:logGet(46)) - raft.server.log.async-flush.enabled = false (default)
2023-12-28 09:08:26,083 [623fd51a-cd2f-46b7-bfb3-2e75fcb0d216-groupManagement] INFO  server.RaftServerConfigKeys (ConfUtils.java:logGet(46)) - raft.server.log.statemachine.data.caching.enabled = true (custom)
2023-12-28 09:08:26,083 [623fd51a-cd2f-46b7-bfb3-2e75fcb0d216-groupManagement] INFO  segmented.SegmentedRaftLogWorker (SegmentedRaftLogWorker.java:lambda$new$0(135)) - 623fd51a-cd2f-46b7-bfb3-2e75fcb0d216@group-1B294623A69B-SegmentedRaftLogWorker: flushIndex: setUnconditionally 0 -> -1
2023-12-28 09:08:26,083 [623fd51a-cd2f-46b7-bfb3-2e75fcb0d216-groupManagement] INFO  segmented.SegmentedRaftLogWorker (SegmentedRaftLogWorker.java:lambda$new$0(135)) - 623fd51a-cd2f-46b7-bfb3-2e75fcb0d216@group-1B294623A69B-SegmentedRaftLogWorker: safeCacheEvictIndex: setUnconditionally 0 -> -1
2023-12-28 09:08:26,083 [623fd51a-cd2f-46b7-bfb3-2e75fcb0d216-groupManagement] INFO  server.RaftServer$Division (RaftServerImpl.java:start(392)) - 623fd51a-cd2f-46b7-bfb3-2e75fcb0d216@group-1B294623A69B: start as a follower, conf=-1: peers:[623fd51a-cd2f-46b7-bfb3-2e75fcb0d216|10.1.0.14:15121, 1359b24a-0a66-4b2c-b277-152671c55fa7|10.1.0.14:15103, 710d5749-3dff-4e56-b0fe-7873b1298659|10.1.0.14:15112]|listeners:[], old=null
2023-12-28 09:08:26,083 [623fd51a-cd2f-46b7-bfb3-2e75fcb0d216-groupManagement] INFO  server.RaftServer$Division (RaftServerImpl.java:setRole(379)) - 623fd51a-cd2f-46b7-bfb3-2e75fcb0d216@group-1B294623A69B: changes role from      null to FOLLOWER at term 0 for startAsFollower
2023-12-28 09:08:26,083 [623fd51a-cd2f-46b7-bfb3-2e75fcb0d216-groupManagement] INFO  impl.RoleInfo (RoleInfo.java:updateAndGet(139)) - 623fd51a-cd2f-46b7-bfb3-2e75fcb0d216: start 623fd51a-cd2f-46b7-bfb3-2e75fcb0d216@group-1B294623A69B-FollowerState
2023-12-28 09:08:26,084 [623fd51a-cd2f-46b7-bfb3-2e75fcb0d216@group-1B294623A69B-FollowerState] INFO  server.RaftServerConfigKeys (ConfUtils.java:logFallback(53)) - raft.server.rpc.first-election.timeout.min = 5s (fallback to raft.server.rpc.timeout.min)
2023-12-28 09:08:26,084 [623fd51a-cd2f-46b7-bfb3-2e75fcb0d216-groupManagement] INFO  util.JmxRegister (JmxRegister.java:tryRegister(44)) - Successfully registered JMX Bean with object name Ratis:service=RaftServer,group=group-1B294623A69B,id=623fd51a-cd2f-46b7-bfb3-2e75fcb0d216
2023-12-28 09:08:26,084 [623fd51a-cd2f-46b7-bfb3-2e75fcb0d216@group-1B294623A69B-FollowerState] INFO  server.RaftServerConfigKeys (ConfUtils.java:logFallback(53)) - raft.server.rpc.first-election.timeout.max = 5200ms (fallback to raft.server.rpc.timeout.max)
2023-12-28 09:08:26,084 [623fd51a-cd2f-46b7-bfb3-2e75fcb0d216-groupManagement] INFO  server.RaftServerConfigKeys (ConfUtils.java:logGet(46)) - raft.server.snapshot.trigger-when-stop.enabled = true (default)
2023-12-28 09:08:26,084 [623fd51a-cd2f-46b7-bfb3-2e75fcb0d216-groupManagement] INFO  server.RaftServerConfigKeys (ConfUtils.java:logGet(46)) - raft.server.snapshot.auto.trigger.enabled = true (custom)
2023-12-28 09:08:26,084 [623fd51a-cd2f-46b7-bfb3-2e75fcb0d216-groupManagement] INFO  server.RaftServerConfigKeys (ConfUtils.java:logGet(46)) - raft.server.snapshot.auto.trigger.threshold = 10000 (custom)
2023-12-28 09:08:26,084 [623fd51a-cd2f-46b7-bfb3-2e75fcb0d216-groupManagement] INFO  server.RaftServerConfigKeys (ConfUtils.java:logGet(46)) - raft.server.snapshot.retention.file.num = 5 (custom)
2023-12-28 09:08:26,084 [623fd51a-cd2f-46b7-bfb3-2e75fcb0d216-groupManagement] INFO  server.RaftServerConfigKeys (ConfUtils.java:logGet(46)) - raft.server.log.purge.upto.snapshot.index = false (default)
2023-12-28 09:08:26,094 [1359b24a-0a66-4b2c-b277-152671c55fa7-PipelineCommandHandlerThread-0] INFO  commandhandler.CreatePipelineCommandHandler (CreatePipelineCommandHandler.java:lambda$handle$2(124)) - Created Pipeline RATIS THREE PipelineID=4df783b9-151f-4f7c-a67a-1b294623a69b.
2023-12-28 09:08:26,094 [710d5749-3dff-4e56-b0fe-7873b1298659-PipelineCommandHandlerThread-0] INFO  server.RaftServer (RaftServerProxy.java:addNew(100)) - 710d5749-3dff-4e56-b0fe-7873b1298659: addNew group-E65BF094AF7D:[710d5749-3dff-4e56-b0fe-7873b1298659|10.1.0.14:15112] returns group-E65BF094AF7D:java.util.concurrent.CompletableFuture@44425c3a[Not completed]
2023-12-28 09:08:26,095 [710d5749-3dff-4e56-b0fe-7873b1298659-groupManagement] INFO  server.RaftServer$Division (RaftServerImpl.java:<init>(256)) - 710d5749-3dff-4e56-b0fe-7873b1298659: new RaftServerImpl for group-E65BF094AF7D:[710d5749-3dff-4e56-b0fe-7873b1298659|10.1.0.14:15112] with ContainerStateMachine:uninitialized
2023-12-28 09:08:26,095 [710d5749-3dff-4e56-b0fe-7873b1298659-groupManagement] INFO  server.RaftServerConfigKeys (ConfUtils.java:logGet(46)) - raft.server.rpc.timeout.min = 5s (custom)
2023-12-28 09:08:26,095 [710d5749-3dff-4e56-b0fe-7873b1298659-groupManagement] INFO  server.RaftServerConfigKeys (ConfUtils.java:logGet(46)) - raft.server.rpc.timeout.max = 5200ms (custom)
2023-12-28 09:08:26,095 [710d5749-3dff-4e56-b0fe-7873b1298659-groupManagement] INFO  server.RaftServerConfigKeys (ConfUtils.java:logGet(46)) - raft.server.rpc.sleep.time = 25ms (default)
2023-12-28 09:08:26,095 [710d5749-3dff-4e56-b0fe-7873b1298659-groupManagement] INFO  server.RaftServerConfigKeys (ConfUtils.java:logGet(46)) - raft.server.rpc.slowness.timeout = 300000ms (custom)
2023-12-28 09:08:26,095 [710d5749-3dff-4e56-b0fe-7873b1298659-groupManagement] INFO  server.RaftServerConfigKeys (ConfUtils.java:logGet(46)) - raft.server.leaderelection.leader.step-down.wait-time = 10s (default)
2023-12-28 09:08:26,095 [710d5749-3dff-4e56-b0fe-7873b1298659-groupManagement] INFO  server.RaftServerConfigKeys (ConfUtils.java:logGet(46)) - raft.server.leaderelection.member.majority-add = false (default)
2023-12-28 09:08:26,095 [710d5749-3dff-4e56-b0fe-7873b1298659-groupManagement] INFO  server.RaftServerConfigKeys (ConfUtils.java:logGet(46)) - raft.server.sleep.deviation.threshold = 300ms (default)
2023-12-28 09:08:26,095 [710d5749-3dff-4e56-b0fe-7873b1298659-groupManagement] INFO  server.RaftServer$Division (ServerState.java:<init>(113)) - 710d5749-3dff-4e56-b0fe-7873b1298659@group-E65BF094AF7D: ConfigurationManager, init=-1: peers:[710d5749-3dff-4e56-b0fe-7873b1298659|10.1.0.14:15112]|listeners:[], old=null, confs=<EMPTY_MAP>
2023-12-28 09:08:26,096 [710d5749-3dff-4e56-b0fe-7873b1298659-groupManagement] INFO  server.RaftServerConfigKeys (ConfUtils.java:logGet(46)) - raft.server.notification.no-leader.timeout = 300000ms (custom)
2023-12-28 09:08:26,096 [710d5749-3dff-4e56-b0fe-7873b1298659-groupManagement] INFO  server.RaftServerConfigKeys (ConfUtils.java:logGet(46)) - raft.server.read.timeout = 10s (default)
2023-12-28 09:08:26,096 [710d5749-3dff-4e56-b0fe-7873b1298659-groupManagement] INFO  server.RaftServerConfigKeys (ConfUtils.java:logGet(46)) - raft.server.retrycache.expirytime = 600000ms (custom)
2023-12-28 09:08:26,096 [710d5749-3dff-4e56-b0fe-7873b1298659-groupManagement] INFO  server.RaftServerConfigKeys (ConfUtils.java:logGet(46)) - raft.server.retrycache.statistics.expirytime = 100ms (default)
2023-12-28 09:08:26,096 [710d5749-3dff-4e56-b0fe-7873b1298659-groupManagement] INFO  server.RaftServerConfigKeys (ConfUtils.java:logGet(46)) - raft.server.read.option = DEFAULT (default)
2023-12-28 09:08:26,096 [710d5749-3dff-4e56-b0fe-7873b1298659-groupManagement] INFO  server.RaftServerConfigKeys (ConfUtils.java:logGet(46)) - raft.server.read.read-after-write-consistent.write-index-cache.expiry-time = 60s (default)
2023-12-28 09:08:26,098 [710d5749-3dff-4e56-b0fe-7873b1298659-groupManagement] INFO  server.RaftServerConfigKeys (ConfUtils.java:logGet(46)) - raft.server.rpc.request.timeout = 3000ms (default)
2023-12-28 09:08:26,098 [710d5749-3dff-4e56-b0fe-7873b1298659-groupManagement] INFO  server.RaftServerConfigKeys (ConfUtils.java:logGet(46)) - raft.server.log.appender.install.snapshot.enabled = false (custom)
2023-12-28 09:08:26,098 [710d5749-3dff-4e56-b0fe-7873b1298659-groupManagement] INFO  server.RaftServerConfigKeys (ConfUtils.java:logGet(46)) - raft.server.threadpool.server.cached = true (default)
2023-12-28 09:08:26,098 [710d5749-3dff-4e56-b0fe-7873b1298659-groupManagement] INFO  server.RaftServerConfigKeys (ConfUtils.java:logGet(46)) - raft.server.threadpool.server.size = 0 (default)
2023-12-28 09:08:26,098 [710d5749-3dff-4e56-b0fe-7873b1298659-groupManagement] INFO  server.RaftServerConfigKeys (ConfUtils.java:logGet(46)) - raft.server.threadpool.client.cached = true (default)
2023-12-28 09:08:26,098 [710d5749-3dff-4e56-b0fe-7873b1298659-groupManagement] INFO  server.RaftServerConfigKeys (ConfUtils.java:logGet(46)) - raft.server.threadpool.client.size = 0 (default)
2023-12-28 09:08:26,098 [710d5749-3dff-4e56-b0fe-7873b1298659-groupManagement] INFO  server.RaftServerConfigKeys (ConfUtils.java:logGet(46)) - raft.server.storage.free-space.min = 0MB (=0) (default)
2023-12-28 09:08:26,098 [710d5749-3dff-4e56-b0fe-7873b1298659-groupManagement] INFO  server.RaftServerConfigKeys (ConfUtils.java:logGet(46)) - raft.server.log.corruption.policy = EXCEPTION (default)
2023-12-28 09:08:26,098 [710d5749-3dff-4e56-b0fe-7873b1298659-groupManagement] INFO  server.RaftServerConfigKeys (ConfUtils.java:logGet(46)) - raft.server.storage.dir = [/home/runner/work/ozone/ozone/hadoop-ozone/integration-test/target/test-dir/MiniOzoneClusterImpl-8986566a-fb65-479a-a2d4-a5d5d2c03f68/datanode-1/data/ratis] (custom)
2023-12-28 09:08:26,098 [710d5749-3dff-4e56-b0fe-7873b1298659-groupManagement] INFO  storage.RaftStorageDirectory (RaftStorageDirectoryImpl.java:analyzeStorage(138)) - The storage directory /home/runner/work/ozone/ozone/hadoop-ozone/integration-test/target/test-dir/MiniOzoneClusterImpl-8986566a-fb65-479a-a2d4-a5d5d2c03f68/datanode-1/data/ratis/c7c0b06f-2c96-479a-bcca-e65bf094af7d does not exist. Creating ...
2023-12-28 09:08:26,099 [710d5749-3dff-4e56-b0fe-7873b1298659-groupManagement] INFO  storage.RaftStorageDirectory (RaftStorageDirectoryImpl.java:tryLock(232)) - Lock on /home/runner/work/ozone/ozone/hadoop-ozone/integration-test/target/test-dir/MiniOzoneClusterImpl-8986566a-fb65-479a-a2d4-a5d5d2c03f68/datanode-1/data/ratis/c7c0b06f-2c96-479a-bcca-e65bf094af7d/in_use.lock acquired by nodename 85610@fv-az1384-14
2023-12-28 09:08:26,100 [710d5749-3dff-4e56-b0fe-7873b1298659-groupManagement] INFO  storage.RaftStorage (RaftStorageImpl.java:format(97)) - Storage directory /home/runner/work/ozone/ozone/hadoop-ozone/integration-test/target/test-dir/MiniOzoneClusterImpl-8986566a-fb65-479a-a2d4-a5d5d2c03f68/datanode-1/data/ratis/c7c0b06f-2c96-479a-bcca-e65bf094af7d has been successfully formatted.
2023-12-28 09:08:26,100 [710d5749-3dff-4e56-b0fe-7873b1298659-groupManagement] INFO  ratis.ContainerStateMachine (ContainerStateMachine.java:loadSnapshot(287)) - group-E65BF094AF7D: The snapshot info is null. Setting the last applied indexto:(t:0, i:~)
2023-12-28 09:08:26,100 [710d5749-3dff-4e56-b0fe-7873b1298659-groupManagement] INFO  server.RaftServerConfigKeys (ConfUtils.java:logGet(46)) - raft.server.log.use.memory = false (default)
2023-12-28 09:08:26,101 [710d5749-3dff-4e56-b0fe-7873b1298659-groupManagement] INFO  server.RaftServerConfigKeys (ConfUtils.java:logGet(46)) - raft.server.log.purge.gap = 1000000 (custom)
2023-12-28 09:08:26,101 [710d5749-3dff-4e56-b0fe-7873b1298659-groupManagement] INFO  server.RaftServerConfigKeys (ConfUtils.java:logGet(46)) - raft.server.log.appender.buffer.byte-limit = 8388608 (custom)
2023-12-28 09:08:26,101 [710d5749-3dff-4e56-b0fe-7873b1298659-groupManagement] INFO  server.RaftServerConfigKeys (ConfUtils.java:logGet(46)) - raft.server.log.statemachine.data.read.timeout = 1000ms (default)
2023-12-28 09:08:26,101 [710d5749-3dff-4e56-b0fe-7873b1298659-groupManagement] INFO  server.RaftServerConfigKeys (ConfUtils.java:logGet(46)) - raft.server.log.purge.preservation.log.num = 0 (default)
2023-12-28 09:08:26,102 [EventQueue-PipelineReportForPipelineReportHandler] INFO  pipeline.PipelineReportHandler (PipelineReportHandler.java:processPipelineReport(136)) - Opened pipeline PipelineID=c7c0b06f-2c96-479a-bcca-e65bf094af7d
2023-12-28 09:08:26,102 [EventQueue-OpenPipelineForHealthyPipelineSafeModeRule] INFO  safemode.SCMSafeModeManager (HealthyPipelineSafeModeRule.java:process(140)) - SCM in safe mode. Healthy pipelines reported count is 0, required healthy pipeline reported count is 1
2023-12-28 09:08:26,103 [710d5749-3dff-4e56-b0fe-7873b1298659-groupManagement] INFO  server.RaftServerConfigKeys (ConfUtils.java:logGet(46)) - raft.server.log.segment.size.max = 67108864 (custom)
2023-12-28 09:08:26,103 [710d5749-3dff-4e56-b0fe-7873b1298659-groupManagement] INFO  server.RaftServerConfigKeys (ConfUtils.java:logGet(46)) - raft.server.log.segment.cache.num.max = 2 (custom)
2023-12-28 09:08:26,104 [710d5749-3dff-4e56-b0fe-7873b1298659-groupManagement] INFO  server.RaftServerConfigKeys (ConfUtils.java:logGet(46)) - raft.server.log.segment.cache.size.max = 200MB (=209715200) (default)
2023-12-28 09:08:26,104 [710d5749-3dff-4e56-b0fe-7873b1298659-groupManagement] INFO  server.RaftServerConfigKeys (ConfUtils.java:logGet(46)) - raft.server.log.appender.buffer.byte-limit = 8388608 (custom)
2023-12-28 09:08:26,104 [710d5749-3dff-4e56-b0fe-7873b1298659-groupManagement] INFO  util.AwaitToRun (AwaitToRun.java:start(81)) - Thread[710d5749-3dff-4e56-b0fe-7873b1298659@group-E65BF094AF7D-cacheEviction-AwaitToRun,5,main] started
2023-12-28 09:08:26,104 [710d5749-3dff-4e56-b0fe-7873b1298659-groupManagement] INFO  segmented.SegmentedRaftLogWorker (SegmentedRaftLogWorker.java:<init>(184)) - new 710d5749-3dff-4e56-b0fe-7873b1298659@group-E65BF094AF7D-SegmentedRaftLogWorker for RaftStorageImpl:Storage Directory /home/runner/work/ozone/ozone/hadoop-ozone/integration-test/target/test-dir/MiniOzoneClusterImpl-8986566a-fb65-479a-a2d4-a5d5d2c03f68/datanode-1/data/ratis/c7c0b06f-2c96-479a-bcca-e65bf094af7d
2023-12-28 09:08:26,104 [710d5749-3dff-4e56-b0fe-7873b1298659-groupManagement] INFO  server.RaftServerConfigKeys (ConfUtils.java:logGet(46)) - raft.server.log.queue.byte-limit = 4294967296 (custom)
2023-12-28 09:08:26,104 [710d5749-3dff-4e56-b0fe-7873b1298659-groupManagement] INFO  server.RaftServerConfigKeys (ConfUtils.java:logGet(46)) - raft.server.log.queue.element-limit = 1024 (custom)
2023-12-28 09:08:26,104 [710d5749-3dff-4e56-b0fe-7873b1298659-groupManagement] INFO  server.RaftServerConfigKeys (ConfUtils.java:logGet(46)) - raft.server.log.segment.size.max = 67108864 (custom)
2023-12-28 09:08:26,105 [710d5749-3dff-4e56-b0fe-7873b1298659-groupManagement] INFO  server.RaftServerConfigKeys (ConfUtils.java:logGet(46)) - raft.server.log.preallocated.size = 4194304 (custom)
2023-12-28 09:08:26,105 [710d5749-3dff-4e56-b0fe-7873b1298659-groupManagement] INFO  server.RaftServerConfigKeys (ConfUtils.java:logGet(46)) - raft.server.log.force.sync.num = 128 (default)
2023-12-28 09:08:26,105 [710d5749-3dff-4e56-b0fe-7873b1298659-groupManagement] INFO  server.RaftServerConfigKeys (ConfUtils.java:logGet(46)) - raft.server.log.statemachine.data.sync = true (default)
2023-12-28 09:08:26,105 [710d5749-3dff-4e56-b0fe-7873b1298659-groupManagement] INFO  server.RaftServerConfigKeys (ConfUtils.java:logGet(46)) - raft.server.log.statemachine.data.sync.timeout = 10s (default)
2023-12-28 09:08:26,105 [710d5749-3dff-4e56-b0fe-7873b1298659-groupManagement] INFO  server.RaftServerConfigKeys (ConfUtils.java:logGet(46)) - raft.server.log.statemachine.data.sync.timeout.retry = 0 (custom)
2023-12-28 09:08:26,105 [710d5749-3dff-4e56-b0fe-7873b1298659-groupManagement] INFO  server.RaftServerConfigKeys (ConfUtils.java:logGet(46)) - raft.server.log.write.buffer.size = 8388616 (custom)
2023-12-28 09:08:26,107 [710d5749-3dff-4e56-b0fe-7873b1298659-groupManagement] INFO  server.RaftServerConfigKeys (ConfUtils.java:logGet(46)) - raft.server.log.appender.buffer.byte-limit = 8388608 (custom)
2023-12-28 09:08:26,108 [710d5749-3dff-4e56-b0fe-7873b1298659-groupManagement] INFO  server.RaftServerConfigKeys (ConfUtils.java:logGet(46)) - raft.server.log.unsafe-flush.enabled = false (default)
2023-12-28 09:08:26,108 [710d5749-3dff-4e56-b0fe-7873b1298659-groupManagement] INFO  server.RaftServerConfigKeys (ConfUtils.java:logGet(46)) - raft.server.log.async-flush.enabled = false (default)
2023-12-28 09:08:26,108 [710d5749-3dff-4e56-b0fe-7873b1298659-groupManagement] INFO  server.RaftServerConfigKeys (ConfUtils.java:logGet(46)) - raft.server.log.statemachine.data.caching.enabled = true (custom)
2023-12-28 09:08:26,108 [710d5749-3dff-4e56-b0fe-7873b1298659-groupManagement] INFO  segmented.SegmentedRaftLogWorker (SegmentedRaftLogWorker.java:lambda$new$0(135)) - 710d5749-3dff-4e56-b0fe-7873b1298659@group-E65BF094AF7D-SegmentedRaftLogWorker: flushIndex: setUnconditionally 0 -> -1
2023-12-28 09:08:26,108 [710d5749-3dff-4e56-b0fe-7873b1298659-groupManagement] INFO  segmented.SegmentedRaftLogWorker (SegmentedRaftLogWorker.java:lambda$new$0(135)) - 710d5749-3dff-4e56-b0fe-7873b1298659@group-E65BF094AF7D-SegmentedRaftLogWorker: safeCacheEvictIndex: setUnconditionally 0 -> -1
2023-12-28 09:08:26,109 [710d5749-3dff-4e56-b0fe-7873b1298659-groupManagement] INFO  server.RaftServer$Division (RaftServerImpl.java:start(392)) - 710d5749-3dff-4e56-b0fe-7873b1298659@group-E65BF094AF7D: start as a follower, conf=-1: peers:[710d5749-3dff-4e56-b0fe-7873b1298659|10.1.0.14:15112]|listeners:[], old=null
2023-12-28 09:08:26,109 [710d5749-3dff-4e56-b0fe-7873b1298659-groupManagement] INFO  server.RaftServer$Division (RaftServerImpl.java:setRole(379)) - 710d5749-3dff-4e56-b0fe-7873b1298659@group-E65BF094AF7D: changes role from      null to FOLLOWER at term 0 for startAsFollower
2023-12-28 09:08:26,109 [710d5749-3dff-4e56-b0fe-7873b1298659-groupManagement] INFO  impl.RoleInfo (RoleInfo.java:updateAndGet(139)) - 710d5749-3dff-4e56-b0fe-7873b1298659: start 710d5749-3dff-4e56-b0fe-7873b1298659@group-E65BF094AF7D-FollowerState
2023-12-28 09:08:26,109 [710d5749-3dff-4e56-b0fe-7873b1298659@group-E65BF094AF7D-FollowerState] INFO  server.RaftServerConfigKeys (ConfUtils.java:logFallback(53)) - raft.server.rpc.first-election.timeout.min = 5s (fallback to raft.server.rpc.timeout.min)
2023-12-28 09:08:26,109 [710d5749-3dff-4e56-b0fe-7873b1298659@group-E65BF094AF7D-FollowerState] INFO  server.RaftServerConfigKeys (ConfUtils.java:logFallback(53)) - raft.server.rpc.first-election.timeout.max = 5200ms (fallback to raft.server.rpc.timeout.max)
2023-12-28 09:08:26,109 [710d5749-3dff-4e56-b0fe-7873b1298659-groupManagement] INFO  util.JmxRegister (JmxRegister.java:tryRegister(44)) - Successfully registered JMX Bean with object name Ratis:service=RaftServer,group=group-E65BF094AF7D,id=710d5749-3dff-4e56-b0fe-7873b1298659
2023-12-28 09:08:26,110 [710d5749-3dff-4e56-b0fe-7873b1298659-groupManagement] INFO  server.RaftServerConfigKeys (ConfUtils.java:logGet(46)) - raft.server.snapshot.trigger-when-stop.enabled = true (default)
2023-12-28 09:08:26,110 [710d5749-3dff-4e56-b0fe-7873b1298659-groupManagement] INFO  server.RaftServerConfigKeys (ConfUtils.java:logGet(46)) - raft.server.snapshot.auto.trigger.enabled = true (custom)
2023-12-28 09:08:26,110 [710d5749-3dff-4e56-b0fe-7873b1298659-groupManagement] INFO  server.RaftServerConfigKeys (ConfUtils.java:logGet(46)) - raft.server.snapshot.auto.trigger.threshold = 10000 (custom)
2023-12-28 09:08:26,110 [710d5749-3dff-4e56-b0fe-7873b1298659-groupManagement] INFO  server.RaftServerConfigKeys (ConfUtils.java:logGet(46)) - raft.server.snapshot.retention.file.num = 5 (custom)
2023-12-28 09:08:26,110 [710d5749-3dff-4e56-b0fe-7873b1298659-groupManagement] INFO  server.RaftServerConfigKeys (ConfUtils.java:logGet(46)) - raft.server.log.purge.upto.snapshot.index = false (default)
2023-12-28 09:08:26,111 [710d5749-3dff-4e56-b0fe-7873b1298659-PipelineCommandHandlerThread-0] INFO  ratis.XceiverServerRatis (XceiverServerRatis.java:addGroup(837)) - Created group PipelineID=c7c0b06f-2c96-479a-bcca-e65bf094af7d
2023-12-28 09:08:26,111 [710d5749-3dff-4e56-b0fe-7873b1298659-PipelineCommandHandlerThread-0] INFO  commandhandler.CreatePipelineCommandHandler (CreatePipelineCommandHandler.java:lambda$handle$2(124)) - Created Pipeline RATIS ONE PipelineID=c7c0b06f-2c96-479a-bcca-e65bf094af7d.
2023-12-28 09:08:26,214 [623fd51a-cd2f-46b7-bfb3-2e75fcb0d216-PipelineCommandHandlerThread-0] INFO  server.RaftServer (RaftServerProxy.java:addNew(100)) - 623fd51a-cd2f-46b7-bfb3-2e75fcb0d216: addNew group-45BFF5C42CB2:[623fd51a-cd2f-46b7-bfb3-2e75fcb0d216|10.1.0.14:15121] returns group-45BFF5C42CB2:java.util.concurrent.CompletableFuture@79ffc5bb[Not completed]
2023-12-28 09:08:26,215 [623fd51a-cd2f-46b7-bfb3-2e75fcb0d216-groupManagement] INFO  server.RaftServer$Division (RaftServerImpl.java:<init>(256)) - 623fd51a-cd2f-46b7-bfb3-2e75fcb0d216: new RaftServerImpl for group-45BFF5C42CB2:[623fd51a-cd2f-46b7-bfb3-2e75fcb0d216|10.1.0.14:15121] with ContainerStateMachine:uninitialized
2023-12-28 09:08:26,215 [623fd51a-cd2f-46b7-bfb3-2e75fcb0d216-groupManagement] INFO  server.RaftServerConfigKeys (ConfUtils.java:logGet(46)) - raft.server.rpc.timeout.min = 5s (custom)
2023-12-28 09:08:26,215 [623fd51a-cd2f-46b7-bfb3-2e75fcb0d216-groupManagement] INFO  server.RaftServerConfigKeys (ConfUtils.java:logGet(46)) - raft.server.rpc.timeout.max = 5200ms (custom)
2023-12-28 09:08:26,215 [623fd51a-cd2f-46b7-bfb3-2e75fcb0d216-groupManagement] INFO  server.RaftServerConfigKeys (ConfUtils.java:logGet(46)) - raft.server.rpc.sleep.time = 25ms (default)
2023-12-28 09:08:26,216 [623fd51a-cd2f-46b7-bfb3-2e75fcb0d216-groupManagement] INFO  server.RaftServerConfigKeys (ConfUtils.java:logGet(46)) - raft.server.rpc.slowness.timeout = 300000ms (custom)
2023-12-28 09:08:26,216 [623fd51a-cd2f-46b7-bfb3-2e75fcb0d216-groupManagement] INFO  server.RaftServerConfigKeys (ConfUtils.java:logGet(46)) - raft.server.leaderelection.leader.step-down.wait-time = 10s (default)
2023-12-28 09:08:26,216 [623fd51a-cd2f-46b7-bfb3-2e75fcb0d216-groupManagement] INFO  server.RaftServerConfigKeys (ConfUtils.java:logGet(46)) - raft.server.leaderelection.member.majority-add = false (default)
2023-12-28 09:08:26,216 [623fd51a-cd2f-46b7-bfb3-2e75fcb0d216-groupManagement] INFO  server.RaftServerConfigKeys (ConfUtils.java:logGet(46)) - raft.server.sleep.deviation.threshold = 300ms (default)
2023-12-28 09:08:26,216 [623fd51a-cd2f-46b7-bfb3-2e75fcb0d216-groupManagement] INFO  server.RaftServer$Division (ServerState.java:<init>(113)) - 623fd51a-cd2f-46b7-bfb3-2e75fcb0d216@group-45BFF5C42CB2: ConfigurationManager, init=-1: peers:[623fd51a-cd2f-46b7-bfb3-2e75fcb0d216|10.1.0.14:15121]|listeners:[], old=null, confs=<EMPTY_MAP>
2023-12-28 09:08:26,216 [623fd51a-cd2f-46b7-bfb3-2e75fcb0d216-groupManagement] INFO  server.RaftServerConfigKeys (ConfUtils.java:logGet(46)) - raft.server.notification.no-leader.timeout = 300000ms (custom)
2023-12-28 09:08:26,216 [623fd51a-cd2f-46b7-bfb3-2e75fcb0d216-groupManagement] INFO  server.RaftServerConfigKeys (ConfUtils.java:logGet(46)) - raft.server.read.timeout = 10s (default)
2023-12-28 09:08:26,216 [623fd51a-cd2f-46b7-bfb3-2e75fcb0d216-groupManagement] INFO  server.RaftServerConfigKeys (ConfUtils.java:logGet(46)) - raft.server.retrycache.expirytime = 600000ms (custom)
2023-12-28 09:08:26,216 [623fd51a-cd2f-46b7-bfb3-2e75fcb0d216-groupManagement] INFO  server.RaftServerConfigKeys (ConfUtils.java:logGet(46)) - raft.server.retrycache.statistics.expirytime = 100ms (default)
2023-12-28 09:08:26,216 [623fd51a-cd2f-46b7-bfb3-2e75fcb0d216-groupManagement] INFO  server.RaftServerConfigKeys (ConfUtils.java:logGet(46)) - raft.server.read.option = DEFAULT (default)
2023-12-28 09:08:26,216 [623fd51a-cd2f-46b7-bfb3-2e75fcb0d216-groupManagement] INFO  server.RaftServerConfigKeys (ConfUtils.java:logGet(46)) - raft.server.read.read-after-write-consistent.write-index-cache.expiry-time = 60s (default)
2023-12-28 09:08:26,218 [623fd51a-cd2f-46b7-bfb3-2e75fcb0d216-groupManagement] INFO  server.RaftServerConfigKeys (ConfUtils.java:logGet(46)) - raft.server.rpc.request.timeout = 3000ms (default)
2023-12-28 09:08:26,218 [623fd51a-cd2f-46b7-bfb3-2e75fcb0d216-groupManagement] INFO  server.RaftServerConfigKeys (ConfUtils.java:logGet(46)) - raft.server.log.appender.install.snapshot.enabled = false (custom)
2023-12-28 09:08:26,218 [623fd51a-cd2f-46b7-bfb3-2e75fcb0d216-groupManagement] INFO  server.RaftServerConfigKeys (ConfUtils.java:logGet(46)) - raft.server.threadpool.server.cached = true (default)
2023-12-28 09:08:26,218 [623fd51a-cd2f-46b7-bfb3-2e75fcb0d216-groupManagement] INFO  server.RaftServerConfigKeys (ConfUtils.java:logGet(46)) - raft.server.threadpool.server.size = 0 (default)
2023-12-28 09:08:26,218 [623fd51a-cd2f-46b7-bfb3-2e75fcb0d216-groupManagement] INFO  server.RaftServerConfigKeys (ConfUtils.java:logGet(46)) - raft.server.threadpool.client.cached = true (default)
2023-12-28 09:08:26,218 [623fd51a-cd2f-46b7-bfb3-2e75fcb0d216-groupManagement] INFO  server.RaftServerConfigKeys (ConfUtils.java:logGet(46)) - raft.server.threadpool.client.size = 0 (default)
2023-12-28 09:08:26,218 [623fd51a-cd2f-46b7-bfb3-2e75fcb0d216-groupManagement] INFO  server.RaftServerConfigKeys (ConfUtils.java:logGet(46)) - raft.server.storage.free-space.min = 0MB (=0) (default)
2023-12-28 09:08:26,219 [623fd51a-cd2f-46b7-bfb3-2e75fcb0d216-groupManagement] INFO  server.RaftServerConfigKeys (ConfUtils.java:logGet(46)) - raft.server.log.corruption.policy = EXCEPTION (default)
2023-12-28 09:08:26,219 [623fd51a-cd2f-46b7-bfb3-2e75fcb0d216-groupManagement] INFO  server.RaftServerConfigKeys (ConfUtils.java:logGet(46)) - raft.server.storage.dir = [/home/runner/work/ozone/ozone/hadoop-ozone/integration-test/target/test-dir/MiniOzoneClusterImpl-8986566a-fb65-479a-a2d4-a5d5d2c03f68/datanode-2/data/ratis] (custom)
2023-12-28 09:08:26,219 [623fd51a-cd2f-46b7-bfb3-2e75fcb0d216-groupManagement] INFO  storage.RaftStorageDirectory (RaftStorageDirectoryImpl.java:analyzeStorage(138)) - The storage directory /home/runner/work/ozone/ozone/hadoop-ozone/integration-test/target/test-dir/MiniOzoneClusterImpl-8986566a-fb65-479a-a2d4-a5d5d2c03f68/datanode-2/data/ratis/584958d6-565b-49a7-b47b-45bff5c42cb2 does not exist. Creating ...
2023-12-28 09:08:26,220 [623fd51a-cd2f-46b7-bfb3-2e75fcb0d216-groupManagement] INFO  storage.RaftStorageDirectory (RaftStorageDirectoryImpl.java:tryLock(232)) - Lock on /home/runner/work/ozone/ozone/hadoop-ozone/integration-test/target/test-dir/MiniOzoneClusterImpl-8986566a-fb65-479a-a2d4-a5d5d2c03f68/datanode-2/data/ratis/584958d6-565b-49a7-b47b-45bff5c42cb2/in_use.lock acquired by nodename 85610@fv-az1384-14
2023-12-28 09:08:26,221 [623fd51a-cd2f-46b7-bfb3-2e75fcb0d216-groupManagement] INFO  storage.RaftStorage (RaftStorageImpl.java:format(97)) - Storage directory /home/runner/work/ozone/ozone/hadoop-ozone/integration-test/target/test-dir/MiniOzoneClusterImpl-8986566a-fb65-479a-a2d4-a5d5d2c03f68/datanode-2/data/ratis/584958d6-565b-49a7-b47b-45bff5c42cb2 has been successfully formatted.
2023-12-28 09:08:26,221 [623fd51a-cd2f-46b7-bfb3-2e75fcb0d216-groupManagement] INFO  ratis.ContainerStateMachine (ContainerStateMachine.java:loadSnapshot(287)) - group-45BFF5C42CB2: The snapshot info is null. Setting the last applied indexto:(t:0, i:~)
2023-12-28 09:08:26,221 [623fd51a-cd2f-46b7-bfb3-2e75fcb0d216-groupManagement] INFO  server.RaftServerConfigKeys (ConfUtils.java:logGet(46)) - raft.server.log.use.memory = false (default)
2023-12-28 09:08:26,221 [623fd51a-cd2f-46b7-bfb3-2e75fcb0d216-groupManagement] INFO  server.RaftServerConfigKeys (ConfUtils.java:logGet(46)) - raft.server.log.purge.gap = 1000000 (custom)
2023-12-28 09:08:26,221 [623fd51a-cd2f-46b7-bfb3-2e75fcb0d216-groupManagement] INFO  server.RaftServerConfigKeys (ConfUtils.java:logGet(46)) - raft.server.log.appender.buffer.byte-limit = 8388608 (custom)
2023-12-28 09:08:26,221 [623fd51a-cd2f-46b7-bfb3-2e75fcb0d216-groupManagement] INFO  server.RaftServerConfigKeys (ConfUtils.java:logGet(46)) - raft.server.log.statemachine.data.read.timeout = 1000ms (default)
2023-12-28 09:08:26,221 [623fd51a-cd2f-46b7-bfb3-2e75fcb0d216-groupManagement] INFO  server.RaftServerConfigKeys (ConfUtils.java:logGet(46)) - raft.server.log.purge.preservation.log.num = 0 (default)
2023-12-28 09:08:26,223 [623fd51a-cd2f-46b7-bfb3-2e75fcb0d216-groupManagement] INFO  server.RaftServerConfigKeys (ConfUtils.java:logGet(46)) - raft.server.log.segment.size.max = 67108864 (custom)
2023-12-28 09:08:26,223 [EventQueue-PipelineReportForPipelineReportHandler] INFO  pipeline.PipelineReportHandler (PipelineReportHandler.java:processPipelineReport(136)) - Opened pipeline PipelineID=584958d6-565b-49a7-b47b-45bff5c42cb2
2023-12-28 09:08:26,223 [EventQueue-OpenPipelineForHealthyPipelineSafeModeRule] INFO  safemode.SCMSafeModeManager (HealthyPipelineSafeModeRule.java:process(140)) - SCM in safe mode. Healthy pipelines reported count is 0, required healthy pipeline reported count is 1
2023-12-28 09:08:26,223 [623fd51a-cd2f-46b7-bfb3-2e75fcb0d216-groupManagement] INFO  server.RaftServerConfigKeys (ConfUtils.java:logGet(46)) - raft.server.log.segment.cache.num.max = 2 (custom)
2023-12-28 09:08:26,223 [623fd51a-cd2f-46b7-bfb3-2e75fcb0d216-groupManagement] INFO  server.RaftServerConfigKeys (ConfUtils.java:logGet(46)) - raft.server.log.segment.cache.size.max = 200MB (=209715200) (default)
2023-12-28 09:08:26,223 [623fd51a-cd2f-46b7-bfb3-2e75fcb0d216-groupManagement] INFO  server.RaftServerConfigKeys (ConfUtils.java:logGet(46)) - raft.server.log.appender.buffer.byte-limit = 8388608 (custom)
2023-12-28 09:08:26,224 [623fd51a-cd2f-46b7-bfb3-2e75fcb0d216-groupManagement] INFO  util.AwaitToRun (AwaitToRun.java:start(81)) - Thread[623fd51a-cd2f-46b7-bfb3-2e75fcb0d216@group-45BFF5C42CB2-cacheEviction-AwaitToRun,5,main] started
2023-12-28 09:08:26,224 [623fd51a-cd2f-46b7-bfb3-2e75fcb0d216-groupManagement] INFO  segmented.SegmentedRaftLogWorker (SegmentedRaftLogWorker.java:<init>(184)) - new 623fd51a-cd2f-46b7-bfb3-2e75fcb0d216@group-45BFF5C42CB2-SegmentedRaftLogWorker for RaftStorageImpl:Storage Directory /home/runner/work/ozone/ozone/hadoop-ozone/integration-test/target/test-dir/MiniOzoneClusterImpl-8986566a-fb65-479a-a2d4-a5d5d2c03f68/datanode-2/data/ratis/584958d6-565b-49a7-b47b-45bff5c42cb2
2023-12-28 09:08:26,224 [623fd51a-cd2f-46b7-bfb3-2e75fcb0d216-groupManagement] INFO  server.RaftServerConfigKeys (ConfUtils.java:logGet(46)) - raft.server.log.queue.byte-limit = 4294967296 (custom)
2023-12-28 09:08:26,224 [623fd51a-cd2f-46b7-bfb3-2e75fcb0d216-groupManagement] INFO  server.RaftServerConfigKeys (ConfUtils.java:logGet(46)) - raft.server.log.queue.element-limit = 1024 (custom)
2023-12-28 09:08:26,224 [623fd51a-cd2f-46b7-bfb3-2e75fcb0d216-groupManagement] INFO  server.RaftServerConfigKeys (ConfUtils.java:logGet(46)) - raft.server.log.segment.size.max = 67108864 (custom)
2023-12-28 09:08:26,224 [623fd51a-cd2f-46b7-bfb3-2e75fcb0d216-groupManagement] INFO  server.RaftServerConfigKeys (ConfUtils.java:logGet(46)) - raft.server.log.preallocated.size = 4194304 (custom)
2023-12-28 09:08:26,224 [623fd51a-cd2f-46b7-bfb3-2e75fcb0d216-groupManagement] INFO  server.RaftServerConfigKeys (ConfUtils.java:logGet(46)) - raft.server.log.force.sync.num = 128 (default)
2023-12-28 09:08:26,224 [623fd51a-cd2f-46b7-bfb3-2e75fcb0d216-groupManagement] INFO  server.RaftServerConfigKeys (ConfUtils.java:logGet(46)) - raft.server.log.statemachine.data.sync = true (default)
2023-12-28 09:08:26,224 [623fd51a-cd2f-46b7-bfb3-2e75fcb0d216-groupManagement] INFO  server.RaftServerConfigKeys (ConfUtils.java:logGet(46)) - raft.server.log.statemachine.data.sync.timeout = 10s (default)
2023-12-28 09:08:26,224 [623fd51a-cd2f-46b7-bfb3-2e75fcb0d216-groupManagement] INFO  server.RaftServerConfigKeys (ConfUtils.java:logGet(46)) - raft.server.log.statemachine.data.sync.timeout.retry = 0 (custom)
2023-12-28 09:08:26,225 [623fd51a-cd2f-46b7-bfb3-2e75fcb0d216-groupManagement] INFO  server.RaftServerConfigKeys (ConfUtils.java:logGet(46)) - raft.server.log.write.buffer.size = 8388616 (custom)
2023-12-28 09:08:26,227 [623fd51a-cd2f-46b7-bfb3-2e75fcb0d216-groupManagement] INFO  server.RaftServerConfigKeys (ConfUtils.java:logGet(46)) - raft.server.log.appender.buffer.byte-limit = 8388608 (custom)
2023-12-28 09:08:26,227 [623fd51a-cd2f-46b7-bfb3-2e75fcb0d216-groupManagement] INFO  server.RaftServerConfigKeys (ConfUtils.java:logGet(46)) - raft.server.log.unsafe-flush.enabled = false (default)
2023-12-28 09:08:26,228 [623fd51a-cd2f-46b7-bfb3-2e75fcb0d216-groupManagement] INFO  server.RaftServerConfigKeys (ConfUtils.java:logGet(46)) - raft.server.log.async-flush.enabled = false (default)
2023-12-28 09:08:26,228 [623fd51a-cd2f-46b7-bfb3-2e75fcb0d216-groupManagement] INFO  server.RaftServerConfigKeys (ConfUtils.java:logGet(46)) - raft.server.log.statemachine.data.caching.enabled = true (custom)
2023-12-28 09:08:26,228 [623fd51a-cd2f-46b7-bfb3-2e75fcb0d216-groupManagement] INFO  segmented.SegmentedRaftLogWorker (SegmentedRaftLogWorker.java:lambda$new$0(135)) - 623fd51a-cd2f-46b7-bfb3-2e75fcb0d216@group-45BFF5C42CB2-SegmentedRaftLogWorker: flushIndex: setUnconditionally 0 -> -1
2023-12-28 09:08:26,228 [623fd51a-cd2f-46b7-bfb3-2e75fcb0d216-groupManagement] INFO  segmented.SegmentedRaftLogWorker (SegmentedRaftLogWorker.java:lambda$new$0(135)) - 623fd51a-cd2f-46b7-bfb3-2e75fcb0d216@group-45BFF5C42CB2-SegmentedRaftLogWorker: safeCacheEvictIndex: setUnconditionally 0 -> -1
2023-12-28 09:08:26,228 [623fd51a-cd2f-46b7-bfb3-2e75fcb0d216-groupManagement] INFO  server.RaftServer$Division (RaftServerImpl.java:start(392)) - 623fd51a-cd2f-46b7-bfb3-2e75fcb0d216@group-45BFF5C42CB2: start as a follower, conf=-1: peers:[623fd51a-cd2f-46b7-bfb3-2e75fcb0d216|10.1.0.14:15121]|listeners:[], old=null
2023-12-28 09:08:26,228 [623fd51a-cd2f-46b7-bfb3-2e75fcb0d216-groupManagement] INFO  server.RaftServer$Division (RaftServerImpl.java:setRole(379)) - 623fd51a-cd2f-46b7-bfb3-2e75fcb0d216@group-45BFF5C42CB2: changes role from      null to FOLLOWER at term 0 for startAsFollower
2023-12-28 09:08:26,228 [623fd51a-cd2f-46b7-bfb3-2e75fcb0d216-groupManagement] INFO  impl.RoleInfo (RoleInfo.java:updateAndGet(139)) - 623fd51a-cd2f-46b7-bfb3-2e75fcb0d216: start 623fd51a-cd2f-46b7-bfb3-2e75fcb0d216@group-45BFF5C42CB2-FollowerState
2023-12-28 09:08:26,228 [623fd51a-cd2f-46b7-bfb3-2e75fcb0d216@group-45BFF5C42CB2-FollowerState] INFO  server.RaftServerConfigKeys (ConfUtils.java:logFallback(53)) - raft.server.rpc.first-election.timeout.min = 5s (fallback to raft.server.rpc.timeout.min)
2023-12-28 09:08:26,228 [623fd51a-cd2f-46b7-bfb3-2e75fcb0d216-groupManagement] INFO  util.JmxRegister (JmxRegister.java:tryRegister(44)) - Successfully registered JMX Bean with object name Ratis:service=RaftServer,group=group-45BFF5C42CB2,id=623fd51a-cd2f-46b7-bfb3-2e75fcb0d216
2023-12-28 09:08:26,228 [623fd51a-cd2f-46b7-bfb3-2e75fcb0d216@group-45BFF5C42CB2-FollowerState] INFO  server.RaftServerConfigKeys (ConfUtils.java:logFallback(53)) - raft.server.rpc.first-election.timeout.max = 5200ms (fallback to raft.server.rpc.timeout.max)
2023-12-28 09:08:26,229 [623fd51a-cd2f-46b7-bfb3-2e75fcb0d216-groupManagement] INFO  server.RaftServerConfigKeys (ConfUtils.java:logGet(46)) - raft.server.snapshot.trigger-when-stop.enabled = true (default)
2023-12-28 09:08:26,229 [623fd51a-cd2f-46b7-bfb3-2e75fcb0d216-groupManagement] INFO  server.RaftServerConfigKeys (ConfUtils.java:logGet(46)) - raft.server.snapshot.auto.trigger.enabled = true (custom)
2023-12-28 09:08:26,229 [623fd51a-cd2f-46b7-bfb3-2e75fcb0d216-groupManagement] INFO  server.RaftServerConfigKeys (ConfUtils.java:logGet(46)) - raft.server.snapshot.auto.trigger.threshold = 10000 (custom)
2023-12-28 09:08:26,229 [623fd51a-cd2f-46b7-bfb3-2e75fcb0d216-groupManagement] INFO  server.RaftServerConfigKeys (ConfUtils.java:logGet(46)) - raft.server.snapshot.retention.file.num = 5 (custom)
2023-12-28 09:08:26,229 [623fd51a-cd2f-46b7-bfb3-2e75fcb0d216-groupManagement] INFO  server.RaftServerConfigKeys (ConfUtils.java:logGet(46)) - raft.server.log.purge.upto.snapshot.index = false (default)
2023-12-28 09:08:26,230 [623fd51a-cd2f-46b7-bfb3-2e75fcb0d216-PipelineCommandHandlerThread-0] INFO  ratis.XceiverServerRatis (XceiverServerRatis.java:addGroup(837)) - Created group PipelineID=584958d6-565b-49a7-b47b-45bff5c42cb2
2023-12-28 09:08:26,230 [623fd51a-cd2f-46b7-bfb3-2e75fcb0d216-PipelineCommandHandlerThread-0] INFO  commandhandler.CreatePipelineCommandHandler (CreatePipelineCommandHandler.java:lambda$handle$2(124)) - Created Pipeline RATIS ONE PipelineID=584958d6-565b-49a7-b47b-45bff5c42cb2.
2023-12-28 09:08:26,348 [f1f58aef-51f9-473c-80a3-23da74561150-PipelineCommandHandlerThread-0] INFO  server.RaftServer (RaftServerProxy.java:addNew(100)) - f1f58aef-51f9-473c-80a3-23da74561150: addNew group-3C30080F1E06:[f1f58aef-51f9-473c-80a3-23da74561150|10.1.0.14:15130] returns group-3C30080F1E06:java.util.concurrent.CompletableFuture@9da6912[Not completed]
2023-12-28 09:08:26,349 [f1f58aef-51f9-473c-80a3-23da74561150-groupManagement] INFO  server.RaftServer$Division (RaftServerImpl.java:<init>(256)) - f1f58aef-51f9-473c-80a3-23da74561150: new RaftServerImpl for group-3C30080F1E06:[f1f58aef-51f9-473c-80a3-23da74561150|10.1.0.14:15130] with ContainerStateMachine:uninitialized
2023-12-28 09:08:26,349 [f1f58aef-51f9-473c-80a3-23da74561150-groupManagement] INFO  server.RaftServerConfigKeys (ConfUtils.java:logGet(46)) - raft.server.rpc.timeout.min = 5s (custom)
2023-12-28 09:08:26,349 [f1f58aef-51f9-473c-80a3-23da74561150-groupManagement] INFO  server.RaftServerConfigKeys (ConfUtils.java:logGet(46)) - raft.server.rpc.timeout.max = 5200ms (custom)
2023-12-28 09:08:26,349 [f1f58aef-51f9-473c-80a3-23da74561150-groupManagement] INFO  server.RaftServerConfigKeys (ConfUtils.java:logGet(46)) - raft.server.rpc.sleep.time = 25ms (default)
2023-12-28 09:08:26,349 [f1f58aef-51f9-473c-80a3-23da74561150-groupManagement] INFO  server.RaftServerConfigKeys (ConfUtils.java:logGet(46)) - raft.server.rpc.slowness.timeout = 300000ms (custom)
2023-12-28 09:08:26,349 [f1f58aef-51f9-473c-80a3-23da74561150-groupManagement] INFO  server.RaftServerConfigKeys (ConfUtils.java:logGet(46)) - raft.server.leaderelection.leader.step-down.wait-time = 10s (default)
2023-12-28 09:08:26,349 [f1f58aef-51f9-473c-80a3-23da74561150-groupManagement] INFO  server.RaftServerConfigKeys (ConfUtils.java:logGet(46)) - raft.server.leaderelection.member.majority-add = false (default)
2023-12-28 09:08:26,349 [f1f58aef-51f9-473c-80a3-23da74561150-groupManagement] INFO  server.RaftServerConfigKeys (ConfUtils.java:logGet(46)) - raft.server.sleep.deviation.threshold = 300ms (default)
2023-12-28 09:08:26,349 [f1f58aef-51f9-473c-80a3-23da74561150-groupManagement] INFO  server.RaftServer$Division (ServerState.java:<init>(113)) - f1f58aef-51f9-473c-80a3-23da74561150@group-3C30080F1E06: ConfigurationManager, init=-1: peers:[f1f58aef-51f9-473c-80a3-23da74561150|10.1.0.14:15130]|listeners:[], old=null, confs=<EMPTY_MAP>
2023-12-28 09:08:26,349 [f1f58aef-51f9-473c-80a3-23da74561150-groupManagement] INFO  server.RaftServerConfigKeys (ConfUtils.java:logGet(46)) - raft.server.notification.no-leader.timeout = 300000ms (custom)
2023-12-28 09:08:26,349 [f1f58aef-51f9-473c-80a3-23da74561150-groupManagement] INFO  server.RaftServerConfigKeys (ConfUtils.java:logGet(46)) - raft.server.read.timeout = 10s (default)
2023-12-28 09:08:26,349 [f1f58aef-51f9-473c-80a3-23da74561150-groupManagement] INFO  server.RaftServerConfigKeys (ConfUtils.java:logGet(46)) - raft.server.retrycache.expirytime = 600000ms (custom)
2023-12-28 09:08:26,349 [f1f58aef-51f9-473c-80a3-23da74561150-groupManagement] INFO  server.RaftServerConfigKeys (ConfUtils.java:logGet(46)) - raft.server.retrycache.statistics.expirytime = 100ms (default)
2023-12-28 09:08:26,350 [f1f58aef-51f9-473c-80a3-23da74561150-groupManagement] INFO  server.RaftServerConfigKeys (ConfUtils.java:logGet(46)) - raft.server.read.option = DEFAULT (default)
2023-12-28 09:08:26,350 [f1f58aef-51f9-473c-80a3-23da74561150-groupManagement] INFO  server.RaftServerConfigKeys (ConfUtils.java:logGet(46)) - raft.server.read.read-after-write-consistent.write-index-cache.expiry-time = 60s (default)
2023-12-28 09:08:26,353 [f1f58aef-51f9-473c-80a3-23da74561150-groupManagement] INFO  server.RaftServerConfigKeys (ConfUtils.java:logGet(46)) - raft.server.rpc.request.timeout = 3000ms (default)
2023-12-28 09:08:26,353 [f1f58aef-51f9-473c-80a3-23da74561150-groupManagement] INFO  server.RaftServerConfigKeys (ConfUtils.java:logGet(46)) - raft.server.log.appender.install.snapshot.enabled = false (custom)
2023-12-28 09:08:26,353 [f1f58aef-51f9-473c-80a3-23da74561150-groupManagement] INFO  server.RaftServerConfigKeys (ConfUtils.java:logGet(46)) - raft.server.threadpool.server.cached = true (default)
2023-12-28 09:08:26,353 [f1f58aef-51f9-473c-80a3-23da74561150-groupManagement] INFO  server.RaftServerConfigKeys (ConfUtils.java:logGet(46)) - raft.server.threadpool.server.size = 0 (default)
2023-12-28 09:08:26,353 [f1f58aef-51f9-473c-80a3-23da74561150-groupManagement] INFO  server.RaftServerConfigKeys (ConfUtils.java:logGet(46)) - raft.server.threadpool.client.cached = true (default)
2023-12-28 09:08:26,353 [f1f58aef-51f9-473c-80a3-23da74561150-groupManagement] INFO  server.RaftServerConfigKeys (ConfUtils.java:logGet(46)) - raft.server.threadpool.client.size = 0 (default)
2023-12-28 09:08:26,353 [f1f58aef-51f9-473c-80a3-23da74561150-groupManagement] INFO  server.RaftServerConfigKeys (ConfUtils.java:logGet(46)) - raft.server.storage.free-space.min = 0MB (=0) (default)
2023-12-28 09:08:26,353 [f1f58aef-51f9-473c-80a3-23da74561150-groupManagement] INFO  server.RaftServerConfigKeys (ConfUtils.java:logGet(46)) - raft.server.log.corruption.policy = EXCEPTION (default)
2023-12-28 09:08:26,353 [f1f58aef-51f9-473c-80a3-23da74561150-groupManagement] INFO  server.RaftServerConfigKeys (ConfUtils.java:logGet(46)) - raft.server.storage.dir = [/home/runner/work/ozone/ozone/hadoop-ozone/integration-test/target/test-dir/MiniOzoneClusterImpl-8986566a-fb65-479a-a2d4-a5d5d2c03f68/datanode-3/data/ratis] (custom)
2023-12-28 09:08:26,353 [f1f58aef-51f9-473c-80a3-23da74561150-groupManagement] INFO  storage.RaftStorageDirectory (RaftStorageDirectoryImpl.java:analyzeStorage(138)) - The storage directory /home/runner/work/ozone/ozone/hadoop-ozone/integration-test/target/test-dir/MiniOzoneClusterImpl-8986566a-fb65-479a-a2d4-a5d5d2c03f68/datanode-3/data/ratis/f9d99730-5c1a-48d0-b2fe-3c30080f1e06 does not exist. Creating ...
2023-12-28 09:08:26,354 [f1f58aef-51f9-473c-80a3-23da74561150-groupManagement] INFO  storage.RaftStorageDirectory (RaftStorageDirectoryImpl.java:tryLock(232)) - Lock on /home/runner/work/ozone/ozone/hadoop-ozone/integration-test/target/test-dir/MiniOzoneClusterImpl-8986566a-fb65-479a-a2d4-a5d5d2c03f68/datanode-3/data/ratis/f9d99730-5c1a-48d0-b2fe-3c30080f1e06/in_use.lock acquired by nodename 85610@fv-az1384-14
2023-12-28 09:08:26,355 [f1f58aef-51f9-473c-80a3-23da74561150-groupManagement] INFO  storage.RaftStorage (RaftStorageImpl.java:format(97)) - Storage directory /home/runner/work/ozone/ozone/hadoop-ozone/integration-test/target/test-dir/MiniOzoneClusterImpl-8986566a-fb65-479a-a2d4-a5d5d2c03f68/datanode-3/data/ratis/f9d99730-5c1a-48d0-b2fe-3c30080f1e06 has been successfully formatted.
2023-12-28 09:08:26,356 [f1f58aef-51f9-473c-80a3-23da74561150-groupManagement] INFO  ratis.ContainerStateMachine (ContainerStateMachine.java:loadSnapshot(287)) - group-3C30080F1E06: The snapshot info is null. Setting the last applied indexto:(t:0, i:~)
2023-12-28 09:08:26,356 [f1f58aef-51f9-473c-80a3-23da74561150-groupManagement] INFO  server.RaftServerConfigKeys (ConfUtils.java:logGet(46)) - raft.server.log.use.memory = false (default)
2023-12-28 09:08:26,356 [f1f58aef-51f9-473c-80a3-23da74561150-groupManagement] INFO  server.RaftServerConfigKeys (ConfUtils.java:logGet(46)) - raft.server.log.purge.gap = 1000000 (custom)
2023-12-28 09:08:26,356 [f1f58aef-51f9-473c-80a3-23da74561150-groupManagement] INFO  server.RaftServerConfigKeys (ConfUtils.java:logGet(46)) - raft.server.log.appender.buffer.byte-limit = 8388608 (custom)
2023-12-28 09:08:26,357 [f1f58aef-51f9-473c-80a3-23da74561150-groupManagement] INFO  server.RaftServerConfigKeys (ConfUtils.java:logGet(46)) - raft.server.log.statemachine.data.read.timeout = 1000ms (default)
2023-12-28 09:08:26,357 [f1f58aef-51f9-473c-80a3-23da74561150-groupManagement] INFO  server.RaftServerConfigKeys (ConfUtils.java:logGet(46)) - raft.server.log.purge.preservation.log.num = 0 (default)
2023-12-28 09:08:26,358 [EventQueue-PipelineReportForPipelineReportHandler] INFO  pipeline.PipelineReportHandler (PipelineReportHandler.java:processPipelineReport(136)) - Opened pipeline PipelineID=f9d99730-5c1a-48d0-b2fe-3c30080f1e06
2023-12-28 09:08:26,358 [EventQueue-OpenPipelineForHealthyPipelineSafeModeRule] INFO  safemode.SCMSafeModeManager (HealthyPipelineSafeModeRule.java:process(140)) - SCM in safe mode. Healthy pipelines reported count is 0, required healthy pipeline reported count is 1
2023-12-28 09:08:26,358 [f1f58aef-51f9-473c-80a3-23da74561150-groupManagement] INFO  server.RaftServerConfigKeys (ConfUtils.java:logGet(46)) - raft.server.log.segment.size.max = 67108864 (custom)
2023-12-28 09:08:26,358 [f1f58aef-51f9-473c-80a3-23da74561150-groupManagement] INFO  server.RaftServerConfigKeys (ConfUtils.java:logGet(46)) - raft.server.log.segment.cache.num.max = 2 (custom)
2023-12-28 09:08:26,359 [f1f58aef-51f9-473c-80a3-23da74561150-groupManagement] INFO  server.RaftServerConfigKeys (ConfUtils.java:logGet(46)) - raft.server.log.segment.cache.size.max = 200MB (=209715200) (default)
2023-12-28 09:08:26,359 [f1f58aef-51f9-473c-80a3-23da74561150-groupManagement] INFO  server.RaftServerConfigKeys (ConfUtils.java:logGet(46)) - raft.server.log.appender.buffer.byte-limit = 8388608 (custom)
2023-12-28 09:08:26,359 [f1f58aef-51f9-473c-80a3-23da74561150-groupManagement] INFO  util.AwaitToRun (AwaitToRun.java:start(81)) - Thread[f1f58aef-51f9-473c-80a3-23da74561150@group-3C30080F1E06-cacheEviction-AwaitToRun,5,main] started
2023-12-28 09:08:26,359 [f1f58aef-51f9-473c-80a3-23da74561150-groupManagement] INFO  segmented.SegmentedRaftLogWorker (SegmentedRaftLogWorker.java:<init>(184)) - new f1f58aef-51f9-473c-80a3-23da74561150@group-3C30080F1E06-SegmentedRaftLogWorker for RaftStorageImpl:Storage Directory /home/runner/work/ozone/ozone/hadoop-ozone/integration-test/target/test-dir/MiniOzoneClusterImpl-8986566a-fb65-479a-a2d4-a5d5d2c03f68/datanode-3/data/ratis/f9d99730-5c1a-48d0-b2fe-3c30080f1e06
2023-12-28 09:08:26,359 [f1f58aef-51f9-473c-80a3-23da74561150-groupManagement] INFO  server.RaftServerConfigKeys (ConfUtils.java:logGet(46)) - raft.server.log.queue.byte-limit = 4294967296 (custom)
2023-12-28 09:08:26,359 [f1f58aef-51f9-473c-80a3-23da74561150-groupManagement] INFO  server.RaftServerConfigKeys (ConfUtils.java:logGet(46)) - raft.server.log.queue.element-limit = 1024 (custom)
2023-12-28 09:08:26,359 [f1f58aef-51f9-473c-80a3-23da74561150-groupManagement] INFO  server.RaftServerConfigKeys (ConfUtils.java:logGet(46)) - raft.server.log.segment.size.max = 67108864 (custom)
2023-12-28 09:08:26,359 [f1f58aef-51f9-473c-80a3-23da74561150-groupManagement] INFO  server.RaftServerConfigKeys (ConfUtils.java:logGet(46)) - raft.server.log.preallocated.size = 4194304 (custom)
2023-12-28 09:08:26,359 [f1f58aef-51f9-473c-80a3-23da74561150-groupManagement] INFO  server.RaftServerConfigKeys (ConfUtils.java:logGet(46)) - raft.server.log.force.sync.num = 128 (default)
2023-12-28 09:08:26,359 [f1f58aef-51f9-473c-80a3-23da74561150-groupManagement] INFO  server.RaftServerConfigKeys (ConfUtils.java:logGet(46)) - raft.server.log.statemachine.data.sync = true (default)
2023-12-28 09:08:26,359 [f1f58aef-51f9-473c-80a3-23da74561150-groupManagement] INFO  server.RaftServerConfigKeys (ConfUtils.java:logGet(46)) - raft.server.log.statemachine.data.sync.timeout = 10s (default)
2023-12-28 09:08:26,359 [f1f58aef-51f9-473c-80a3-23da74561150-groupManagement] INFO  server.RaftServerConfigKeys (ConfUtils.java:logGet(46)) - raft.server.log.statemachine.data.sync.timeout.retry = 0 (custom)
2023-12-28 09:08:26,360 [f1f58aef-51f9-473c-80a3-23da74561150-groupManagement] INFO  server.RaftServerConfigKeys (ConfUtils.java:logGet(46)) - raft.server.log.write.buffer.size = 8388616 (custom)
2023-12-28 09:08:26,362 [f1f58aef-51f9-473c-80a3-23da74561150-groupManagement] INFO  server.RaftServerConfigKeys (ConfUtils.java:logGet(46)) - raft.server.log.appender.buffer.byte-limit = 8388608 (custom)
2023-12-28 09:08:26,390 [f1f58aef-51f9-473c-80a3-23da74561150-groupManagement] INFO  server.RaftServerConfigKeys (ConfUtils.java:logGet(46)) - raft.server.log.unsafe-flush.enabled = false (default)
2023-12-28 09:08:26,390 [f1f58aef-51f9-473c-80a3-23da74561150-groupManagement] INFO  server.RaftServerConfigKeys (ConfUtils.java:logGet(46)) - raft.server.log.async-flush.enabled = false (default)
2023-12-28 09:08:26,390 [f1f58aef-51f9-473c-80a3-23da74561150-groupManagement] INFO  server.RaftServerConfigKeys (ConfUtils.java:logGet(46)) - raft.server.log.statemachine.data.caching.enabled = true (custom)
2023-12-28 09:08:26,390 [f1f58aef-51f9-473c-80a3-23da74561150-groupManagement] INFO  segmented.SegmentedRaftLogWorker (SegmentedRaftLogWorker.java:lambda$new$0(135)) - f1f58aef-51f9-473c-80a3-23da74561150@group-3C30080F1E06-SegmentedRaftLogWorker: flushIndex: setUnconditionally 0 -> -1
2023-12-28 09:08:26,390 [f1f58aef-51f9-473c-80a3-23da74561150-groupManagement] INFO  segmented.SegmentedRaftLogWorker (SegmentedRaftLogWorker.java:lambda$new$0(135)) - f1f58aef-51f9-473c-80a3-23da74561150@group-3C30080F1E06-SegmentedRaftLogWorker: safeCacheEvictIndex: setUnconditionally 0 -> -1
2023-12-28 09:08:26,391 [f1f58aef-51f9-473c-80a3-23da74561150-groupManagement] INFO  server.RaftServer$Division (RaftServerImpl.java:start(392)) - f1f58aef-51f9-473c-80a3-23da74561150@group-3C30080F1E06: start as a follower, conf=-1: peers:[f1f58aef-51f9-473c-80a3-23da74561150|10.1.0.14:15130]|listeners:[], old=null
2023-12-28 09:08:26,391 [f1f58aef-51f9-473c-80a3-23da74561150-groupManagement] INFO  server.RaftServer$Division (RaftServerImpl.java:setRole(379)) - f1f58aef-51f9-473c-80a3-23da74561150@group-3C30080F1E06: changes role from      null to FOLLOWER at term 0 for startAsFollower
2023-12-28 09:08:26,391 [f1f58aef-51f9-473c-80a3-23da74561150-groupManagement] INFO  impl.RoleInfo (RoleInfo.java:updateAndGet(139)) - f1f58aef-51f9-473c-80a3-23da74561150: start f1f58aef-51f9-473c-80a3-23da74561150@group-3C30080F1E06-FollowerState
2023-12-28 09:08:26,391 [f1f58aef-51f9-473c-80a3-23da74561150-groupManagement] INFO  util.JmxRegister (JmxRegister.java:tryRegister(44)) - Successfully registered JMX Bean with object name Ratis:service=RaftServer,group=group-3C30080F1E06,id=f1f58aef-51f9-473c-80a3-23da74561150
2023-12-28 09:08:26,391 [f1f58aef-51f9-473c-80a3-23da74561150-groupManagement] INFO  server.RaftServerConfigKeys (ConfUtils.java:logGet(46)) - raft.server.snapshot.trigger-when-stop.enabled = true (default)
2023-12-28 09:08:26,391 [f1f58aef-51f9-473c-80a3-23da74561150-groupManagement] INFO  server.RaftServerConfigKeys (ConfUtils.java:logGet(46)) - raft.server.snapshot.auto.trigger.enabled = true (custom)
2023-12-28 09:08:26,391 [f1f58aef-51f9-473c-80a3-23da74561150-groupManagement] INFO  server.RaftServerConfigKeys (ConfUtils.java:logGet(46)) - raft.server.snapshot.auto.trigger.threshold = 10000 (custom)
2023-12-28 09:08:26,391 [f1f58aef-51f9-473c-80a3-23da74561150-groupManagement] INFO  server.RaftServerConfigKeys (ConfUtils.java:logGet(46)) - raft.server.snapshot.retention.file.num = 5 (custom)
2023-12-28 09:08:26,391 [f1f58aef-51f9-473c-80a3-23da74561150-groupManagement] INFO  server.RaftServerConfigKeys (ConfUtils.java:logGet(46)) - raft.server.log.purge.upto.snapshot.index = false (default)
2023-12-28 09:08:26,392 [f1f58aef-51f9-473c-80a3-23da74561150@group-3C30080F1E06-FollowerState] INFO  server.RaftServerConfigKeys (ConfUtils.java:logFallback(53)) - raft.server.rpc.first-election.timeout.min = 5s (fallback to raft.server.rpc.timeout.min)
2023-12-28 09:08:26,392 [f1f58aef-51f9-473c-80a3-23da74561150@group-3C30080F1E06-FollowerState] INFO  server.RaftServerConfigKeys (ConfUtils.java:logFallback(53)) - raft.server.rpc.first-election.timeout.max = 5200ms (fallback to raft.server.rpc.timeout.max)
2023-12-28 09:08:26,392 [f1f58aef-51f9-473c-80a3-23da74561150-PipelineCommandHandlerThread-0] INFO  ratis.XceiverServerRatis (XceiverServerRatis.java:addGroup(837)) - Created group PipelineID=f9d99730-5c1a-48d0-b2fe-3c30080f1e06
2023-12-28 09:08:26,392 [f1f58aef-51f9-473c-80a3-23da74561150-PipelineCommandHandlerThread-0] INFO  commandhandler.CreatePipelineCommandHandler (CreatePipelineCommandHandler.java:lambda$handle$2(124)) - Created Pipeline RATIS ONE PipelineID=f9d99730-5c1a-48d0-b2fe-3c30080f1e06.
2023-12-28 09:08:26,393 [f1f58aef-51f9-473c-80a3-23da74561150-PipelineCommandHandlerThread-0] INFO  server.RaftServer (RaftServerProxy.java:addNew(100)) - f1f58aef-51f9-473c-80a3-23da74561150: addNew group-9589741A35F8:[c45be0a3-c489-4780-aa5f-c0744aea279b|10.1.0.14:15139, f1f58aef-51f9-473c-80a3-23da74561150|10.1.0.14:15130, a88a6c70-ad04-4ba2-9985-df8f03985c47|10.1.0.14:15148] returns group-9589741A35F8:java.util.concurrent.CompletableFuture@de5fcf1[Not completed]
2023-12-28 09:08:26,393 [f1f58aef-51f9-473c-80a3-23da74561150-groupManagement] INFO  server.RaftServer$Division (RaftServerImpl.java:<init>(256)) - f1f58aef-51f9-473c-80a3-23da74561150: new RaftServerImpl for group-9589741A35F8:[c45be0a3-c489-4780-aa5f-c0744aea279b|10.1.0.14:15139, f1f58aef-51f9-473c-80a3-23da74561150|10.1.0.14:15130, a88a6c70-ad04-4ba2-9985-df8f03985c47|10.1.0.14:15148] with ContainerStateMachine:uninitialized
2023-12-28 09:08:26,393 [f1f58aef-51f9-473c-80a3-23da74561150-groupManagement] INFO  server.RaftServerConfigKeys (ConfUtils.java:logGet(46)) - raft.server.rpc.timeout.min = 5s (custom)
2023-12-28 09:08:26,394 [f1f58aef-51f9-473c-80a3-23da74561150-groupManagement] INFO  server.RaftServerConfigKeys (ConfUtils.java:logGet(46)) - raft.server.rpc.timeout.max = 5200ms (custom)
2023-12-28 09:08:26,394 [f1f58aef-51f9-473c-80a3-23da74561150-groupManagement] INFO  server.RaftServerConfigKeys (ConfUtils.java:logGet(46)) - raft.server.rpc.sleep.time = 25ms (default)
2023-12-28 09:08:26,394 [f1f58aef-51f9-473c-80a3-23da74561150-groupManagement] INFO  server.RaftServerConfigKeys (ConfUtils.java:logGet(46)) - raft.server.rpc.slowness.timeout = 300000ms (custom)
2023-12-28 09:08:26,394 [f1f58aef-51f9-473c-80a3-23da74561150-groupManagement] INFO  server.RaftServerConfigKeys (ConfUtils.java:logGet(46)) - raft.server.leaderelection.leader.step-down.wait-time = 10s (default)
2023-12-28 09:08:26,394 [f1f58aef-51f9-473c-80a3-23da74561150-groupManagement] INFO  server.RaftServerConfigKeys (ConfUtils.java:logGet(46)) - raft.server.leaderelection.member.majority-add = false (default)
2023-12-28 09:08:26,394 [f1f58aef-51f9-473c-80a3-23da74561150-groupManagement] INFO  server.RaftServerConfigKeys (ConfUtils.java:logGet(46)) - raft.server.sleep.deviation.threshold = 300ms (default)
2023-12-28 09:08:26,394 [f1f58aef-51f9-473c-80a3-23da74561150-groupManagement] INFO  server.RaftServer$Division (ServerState.java:<init>(113)) - f1f58aef-51f9-473c-80a3-23da74561150@group-9589741A35F8: ConfigurationManager, init=-1: peers:[c45be0a3-c489-4780-aa5f-c0744aea279b|10.1.0.14:15139, f1f58aef-51f9-473c-80a3-23da74561150|10.1.0.14:15130, a88a6c70-ad04-4ba2-9985-df8f03985c47|10.1.0.14:15148]|listeners:[], old=null, confs=<EMPTY_MAP>
2023-12-28 09:08:26,394 [f1f58aef-51f9-473c-80a3-23da74561150-groupManagement] INFO  server.RaftServerConfigKeys (ConfUtils.java:logGet(46)) - raft.server.notification.no-leader.timeout = 300000ms (custom)
2023-12-28 09:08:26,394 [f1f58aef-51f9-473c-80a3-23da74561150-groupManagement] INFO  server.RaftServerConfigKeys (ConfUtils.java:logGet(46)) - raft.server.read.timeout = 10s (default)
2023-12-28 09:08:26,394 [f1f58aef-51f9-473c-80a3-23da74561150-groupManagement] INFO  server.RaftServerConfigKeys (ConfUtils.java:logGet(46)) - raft.server.retrycache.expirytime = 600000ms (custom)
2023-12-28 09:08:26,394 [f1f58aef-51f9-473c-80a3-23da74561150-groupManagement] INFO  server.RaftServerConfigKeys (ConfUtils.java:logGet(46)) - raft.server.retrycache.statistics.expirytime = 100ms (default)
2023-12-28 09:08:26,394 [f1f58aef-51f9-473c-80a3-23da74561150-groupManagement] INFO  server.RaftServerConfigKeys (ConfUtils.java:logGet(46)) - raft.server.read.option = DEFAULT (default)
2023-12-28 09:08:26,394 [f1f58aef-51f9-473c-80a3-23da74561150-groupManagement] INFO  server.RaftServerConfigKeys (ConfUtils.java:logGet(46)) - raft.server.read.read-after-write-consistent.write-index-cache.expiry-time = 60s (default)
2023-12-28 09:08:26,400 [f1f58aef-51f9-473c-80a3-23da74561150-groupManagement] INFO  server.RaftServerConfigKeys (ConfUtils.java:logGet(46)) - raft.server.rpc.request.timeout = 3000ms (default)
2023-12-28 09:08:26,400 [f1f58aef-51f9-473c-80a3-23da74561150-groupManagement] INFO  server.RaftServerConfigKeys (ConfUtils.java:logGet(46)) - raft.server.log.appender.install.snapshot.enabled = false (custom)
2023-12-28 09:08:26,400 [f1f58aef-51f9-473c-80a3-23da74561150-groupManagement] INFO  server.RaftServerConfigKeys (ConfUtils.java:logGet(46)) - raft.server.threadpool.server.cached = true (default)
2023-12-28 09:08:26,400 [f1f58aef-51f9-473c-80a3-23da74561150-groupManagement] INFO  server.RaftServerConfigKeys (ConfUtils.java:logGet(46)) - raft.server.threadpool.server.size = 0 (default)
2023-12-28 09:08:26,401 [f1f58aef-51f9-473c-80a3-23da74561150-groupManagement] INFO  server.RaftServerConfigKeys (ConfUtils.java:logGet(46)) - raft.server.threadpool.client.cached = true (default)
2023-12-28 09:08:26,401 [f1f58aef-51f9-473c-80a3-23da74561150-groupManagement] INFO  server.RaftServerConfigKeys (ConfUtils.java:logGet(46)) - raft.server.threadpool.client.size = 0 (default)
2023-12-28 09:08:26,401 [f1f58aef-51f9-473c-80a3-23da74561150-groupManagement] INFO  server.RaftServerConfigKeys (ConfUtils.java:logGet(46)) - raft.server.storage.free-space.min = 0MB (=0) (default)
2023-12-28 09:08:26,401 [f1f58aef-51f9-473c-80a3-23da74561150-groupManagement] INFO  server.RaftServerConfigKeys (ConfUtils.java:logGet(46)) - raft.server.log.corruption.policy = EXCEPTION (default)
2023-12-28 09:08:26,401 [f1f58aef-51f9-473c-80a3-23da74561150-groupManagement] INFO  server.RaftServerConfigKeys (ConfUtils.java:logGet(46)) - raft.server.storage.dir = [/home/runner/work/ozone/ozone/hadoop-ozone/integration-test/target/test-dir/MiniOzoneClusterImpl-8986566a-fb65-479a-a2d4-a5d5d2c03f68/datanode-3/data/ratis] (custom)
2023-12-28 09:08:26,401 [f1f58aef-51f9-473c-80a3-23da74561150-groupManagement] INFO  storage.RaftStorageDirectory (RaftStorageDirectoryImpl.java:analyzeStorage(138)) - The storage directory /home/runner/work/ozone/ozone/hadoop-ozone/integration-test/target/test-dir/MiniOzoneClusterImpl-8986566a-fb65-479a-a2d4-a5d5d2c03f68/datanode-3/data/ratis/7fde9c9e-684b-4c0c-a32c-9589741a35f8 does not exist. Creating ...
2023-12-28 09:08:26,403 [f1f58aef-51f9-473c-80a3-23da74561150-groupManagement] INFO  storage.RaftStorageDirectory (RaftStorageDirectoryImpl.java:tryLock(232)) - Lock on /home/runner/work/ozone/ozone/hadoop-ozone/integration-test/target/test-dir/MiniOzoneClusterImpl-8986566a-fb65-479a-a2d4-a5d5d2c03f68/datanode-3/data/ratis/7fde9c9e-684b-4c0c-a32c-9589741a35f8/in_use.lock acquired by nodename 85610@fv-az1384-14
2023-12-28 09:08:26,404 [f1f58aef-51f9-473c-80a3-23da74561150-groupManagement] INFO  storage.RaftStorage (RaftStorageImpl.java:format(97)) - Storage directory /home/runner/work/ozone/ozone/hadoop-ozone/integration-test/target/test-dir/MiniOzoneClusterImpl-8986566a-fb65-479a-a2d4-a5d5d2c03f68/datanode-3/data/ratis/7fde9c9e-684b-4c0c-a32c-9589741a35f8 has been successfully formatted.
2023-12-28 09:08:26,405 [f1f58aef-51f9-473c-80a3-23da74561150-groupManagement] INFO  ratis.ContainerStateMachine (ContainerStateMachine.java:loadSnapshot(287)) - group-9589741A35F8: The snapshot info is null. Setting the last applied indexto:(t:0, i:~)
2023-12-28 09:08:26,405 [f1f58aef-51f9-473c-80a3-23da74561150-groupManagement] INFO  server.RaftServerConfigKeys (ConfUtils.java:logGet(46)) - raft.server.log.use.memory = false (default)
2023-12-28 09:08:26,405 [f1f58aef-51f9-473c-80a3-23da74561150-groupManagement] INFO  server.RaftServerConfigKeys (ConfUtils.java:logGet(46)) - raft.server.log.purge.gap = 1000000 (custom)
2023-12-28 09:08:26,405 [f1f58aef-51f9-473c-80a3-23da74561150-groupManagement] INFO  server.RaftServerConfigKeys (ConfUtils.java:logGet(46)) - raft.server.log.appender.buffer.byte-limit = 8388608 (custom)
2023-12-28 09:08:26,406 [f1f58aef-51f9-473c-80a3-23da74561150-groupManagement] INFO  server.RaftServerConfigKeys (ConfUtils.java:logGet(46)) - raft.server.log.statemachine.data.read.timeout = 1000ms (default)
2023-12-28 09:08:26,406 [EventQueue-OpenPipelineForHealthyPipelineSafeModeRule] INFO  safemode.SCMSafeModeManager (HealthyPipelineSafeModeRule.java:process(140)) - SCM in safe mode. Healthy pipelines reported count is 0, required healthy pipeline reported count is 1
2023-12-28 09:08:26,406 [f1f58aef-51f9-473c-80a3-23da74561150-groupManagement] INFO  server.RaftServerConfigKeys (ConfUtils.java:logGet(46)) - raft.server.log.purge.preservation.log.num = 0 (default)
2023-12-28 09:08:26,408 [f1f58aef-51f9-473c-80a3-23da74561150-groupManagement] INFO  server.RaftServerConfigKeys (ConfUtils.java:logGet(46)) - raft.server.log.segment.size.max = 67108864 (custom)
2023-12-28 09:08:26,408 [f1f58aef-51f9-473c-80a3-23da74561150-groupManagement] INFO  server.RaftServerConfigKeys (ConfUtils.java:logGet(46)) - raft.server.log.segment.cache.num.max = 2 (custom)
2023-12-28 09:08:26,408 [f1f58aef-51f9-473c-80a3-23da74561150-groupManagement] INFO  server.RaftServerConfigKeys (ConfUtils.java:logGet(46)) - raft.server.log.segment.cache.size.max = 200MB (=209715200) (default)
2023-12-28 09:08:26,408 [f1f58aef-51f9-473c-80a3-23da74561150-groupManagement] INFO  server.RaftServerConfigKeys (ConfUtils.java:logGet(46)) - raft.server.log.appender.buffer.byte-limit = 8388608 (custom)
2023-12-28 09:08:26,408 [f1f58aef-51f9-473c-80a3-23da74561150-groupManagement] INFO  util.AwaitToRun (AwaitToRun.java:start(81)) - Thread[f1f58aef-51f9-473c-80a3-23da74561150@group-9589741A35F8-cacheEviction-AwaitToRun,5,main] started
2023-12-28 09:08:26,408 [f1f58aef-51f9-473c-80a3-23da74561150-groupManagement] INFO  segmented.SegmentedRaftLogWorker (SegmentedRaftLogWorker.java:<init>(184)) - new f1f58aef-51f9-473c-80a3-23da74561150@group-9589741A35F8-SegmentedRaftLogWorker for RaftStorageImpl:Storage Directory /home/runner/work/ozone/ozone/hadoop-ozone/integration-test/target/test-dir/MiniOzoneClusterImpl-8986566a-fb65-479a-a2d4-a5d5d2c03f68/datanode-3/data/ratis/7fde9c9e-684b-4c0c-a32c-9589741a35f8
2023-12-28 09:08:26,409 [f1f58aef-51f9-473c-80a3-23da74561150-groupManagement] INFO  server.RaftServerConfigKeys (ConfUtils.java:logGet(46)) - raft.server.log.queue.byte-limit = 4294967296 (custom)
2023-12-28 09:08:26,409 [f1f58aef-51f9-473c-80a3-23da74561150-groupManagement] INFO  server.RaftServerConfigKeys (ConfUtils.java:logGet(46)) - raft.server.log.queue.element-limit = 1024 (custom)
2023-12-28 09:08:26,409 [f1f58aef-51f9-473c-80a3-23da74561150-groupManagement] INFO  server.RaftServerConfigKeys (ConfUtils.java:logGet(46)) - raft.server.log.segment.size.max = 67108864 (custom)
2023-12-28 09:08:26,409 [f1f58aef-51f9-473c-80a3-23da74561150-groupManagement] INFO  server.RaftServerConfigKeys (ConfUtils.java:logGet(46)) - raft.server.log.preallocated.size = 4194304 (custom)
2023-12-28 09:08:26,409 [f1f58aef-51f9-473c-80a3-23da74561150-groupManagement] INFO  server.RaftServerConfigKeys (ConfUtils.java:logGet(46)) - raft.server.log.force.sync.num = 128 (default)
2023-12-28 09:08:26,409 [f1f58aef-51f9-473c-80a3-23da74561150-groupManagement] INFO  server.RaftServerConfigKeys (ConfUtils.java:logGet(46)) - raft.server.log.statemachine.data.sync = true (default)
2023-12-28 09:08:26,409 [f1f58aef-51f9-473c-80a3-23da74561150-groupManagement] INFO  server.RaftServerConfigKeys (ConfUtils.java:logGet(46)) - raft.server.log.statemachine.data.sync.timeout = 10s (default)
2023-12-28 09:08:26,409 [f1f58aef-51f9-473c-80a3-23da74561150-groupManagement] INFO  server.RaftServerConfigKeys (ConfUtils.java:logGet(46)) - raft.server.log.statemachine.data.sync.timeout.retry = 0 (custom)
2023-12-28 09:08:26,409 [f1f58aef-51f9-473c-80a3-23da74561150-groupManagement] INFO  server.RaftServerConfigKeys (ConfUtils.java:logGet(46)) - raft.server.log.write.buffer.size = 8388616 (custom)
2023-12-28 09:08:26,411 [f1f58aef-51f9-473c-80a3-23da74561150-groupManagement] INFO  server.RaftServerConfigKeys (ConfUtils.java:logGet(46)) - raft.server.log.appender.buffer.byte-limit = 8388608 (custom)
2023-12-28 09:08:26,411 [f1f58aef-51f9-473c-80a3-23da74561150-groupManagement] INFO  server.RaftServerConfigKeys (ConfUtils.java:logGet(46)) - raft.server.log.unsafe-flush.enabled = false (default)
2023-12-28 09:08:26,411 [f1f58aef-51f9-473c-80a3-23da74561150-groupManagement] INFO  server.RaftServerConfigKeys (ConfUtils.java:logGet(46)) - raft.server.log.async-flush.enabled = false (default)
2023-12-28 09:08:26,411 [f1f58aef-51f9-473c-80a3-23da74561150-groupManagement] INFO  server.RaftServerConfigKeys (ConfUtils.java:logGet(46)) - raft.server.log.statemachine.data.caching.enabled = true (custom)
2023-12-28 09:08:26,411 [f1f58aef-51f9-473c-80a3-23da74561150-groupManagement] INFO  segmented.SegmentedRaftLogWorker (SegmentedRaftLogWorker.java:lambda$new$0(135)) - f1f58aef-51f9-473c-80a3-23da74561150@group-9589741A35F8-SegmentedRaftLogWorker: flushIndex: setUnconditionally 0 -> -1
2023-12-28 09:08:26,412 [f1f58aef-51f9-473c-80a3-23da74561150-groupManagement] INFO  segmented.SegmentedRaftLogWorker (SegmentedRaftLogWorker.java:lambda$new$0(135)) - f1f58aef-51f9-473c-80a3-23da74561150@group-9589741A35F8-SegmentedRaftLogWorker: safeCacheEvictIndex: setUnconditionally 0 -> -1
2023-12-28 09:08:26,415 [f1f58aef-51f9-473c-80a3-23da74561150-groupManagement] INFO  server.RaftServer$Division (RaftServerImpl.java:start(392)) - f1f58aef-51f9-473c-80a3-23da74561150@group-9589741A35F8: start as a follower, conf=-1: peers:[c45be0a3-c489-4780-aa5f-c0744aea279b|10.1.0.14:15139, f1f58aef-51f9-473c-80a3-23da74561150|10.1.0.14:15130, a88a6c70-ad04-4ba2-9985-df8f03985c47|10.1.0.14:15148]|listeners:[], old=null
2023-12-28 09:08:26,415 [f1f58aef-51f9-473c-80a3-23da74561150-groupManagement] INFO  server.RaftServer$Division (RaftServerImpl.java:setRole(379)) - f1f58aef-51f9-473c-80a3-23da74561150@group-9589741A35F8: changes role from      null to FOLLOWER at term 0 for startAsFollower
2023-12-28 09:08:26,415 [f1f58aef-51f9-473c-80a3-23da74561150-groupManagement] INFO  impl.RoleInfo (RoleInfo.java:updateAndGet(139)) - f1f58aef-51f9-473c-80a3-23da74561150: start f1f58aef-51f9-473c-80a3-23da74561150@group-9589741A35F8-FollowerState
2023-12-28 09:08:26,415 [f1f58aef-51f9-473c-80a3-23da74561150@group-9589741A35F8-FollowerState] INFO  server.RaftServerConfigKeys (ConfUtils.java:logFallback(53)) - raft.server.rpc.first-election.timeout.min = 5s (fallback to raft.server.rpc.timeout.min)
2023-12-28 09:08:26,415 [f1f58aef-51f9-473c-80a3-23da74561150@group-9589741A35F8-FollowerState] INFO  server.RaftServerConfigKeys (ConfUtils.java:logFallback(53)) - raft.server.rpc.first-election.timeout.max = 5200ms (fallback to raft.server.rpc.timeout.max)
2023-12-28 09:08:26,415 [f1f58aef-51f9-473c-80a3-23da74561150-groupManagement] INFO  util.JmxRegister (JmxRegister.java:tryRegister(44)) - Successfully registered JMX Bean with object name Ratis:service=RaftServer,group=group-9589741A35F8,id=f1f58aef-51f9-473c-80a3-23da74561150
2023-12-28 09:08:26,416 [f1f58aef-51f9-473c-80a3-23da74561150-groupManagement] INFO  server.RaftServerConfigKeys (ConfUtils.java:logGet(46)) - raft.server.snapshot.trigger-when-stop.enabled = true (default)
2023-12-28 09:08:26,417 [f1f58aef-51f9-473c-80a3-23da74561150-groupManagement] INFO  server.RaftServerConfigKeys (ConfUtils.java:logGet(46)) - raft.server.snapshot.auto.trigger.enabled = true (custom)
2023-12-28 09:08:26,417 [f1f58aef-51f9-473c-80a3-23da74561150-groupManagement] INFO  server.RaftServerConfigKeys (ConfUtils.java:logGet(46)) - raft.server.snapshot.auto.trigger.threshold = 10000 (custom)
2023-12-28 09:08:26,417 [f1f58aef-51f9-473c-80a3-23da74561150-groupManagement] INFO  server.RaftServerConfigKeys (ConfUtils.java:logGet(46)) - raft.server.snapshot.retention.file.num = 5 (custom)
2023-12-28 09:08:26,417 [f1f58aef-51f9-473c-80a3-23da74561150-groupManagement] INFO  server.RaftServerConfigKeys (ConfUtils.java:logGet(46)) - raft.server.log.purge.upto.snapshot.index = false (default)
2023-12-28 09:08:26,420 [f1f58aef-51f9-473c-80a3-23da74561150-PipelineCommandHandlerThread-0] INFO  ratis.XceiverServerRatis (XceiverServerRatis.java:addGroup(837)) - Created group PipelineID=7fde9c9e-684b-4c0c-a32c-9589741a35f8
2023-12-28 09:08:26,429 [grpc-default-executor-0] INFO  server.RaftServer (RaftServerProxy.java:addNew(100)) - a88a6c70-ad04-4ba2-9985-df8f03985c47: addNew group-9589741A35F8:[c45be0a3-c489-4780-aa5f-c0744aea279b|10.1.0.14:15139, f1f58aef-51f9-473c-80a3-23da74561150|10.1.0.14:15130, a88a6c70-ad04-4ba2-9985-df8f03985c47|10.1.0.14:15148] returns group-9589741A35F8:java.util.concurrent.CompletableFuture@6197910c[Not completed]
2023-12-28 09:08:26,431 [a88a6c70-ad04-4ba2-9985-df8f03985c47-groupManagement] INFO  server.RaftServer$Division (RaftServerImpl.java:<init>(256)) - a88a6c70-ad04-4ba2-9985-df8f03985c47: new RaftServerImpl for group-9589741A35F8:[c45be0a3-c489-4780-aa5f-c0744aea279b|10.1.0.14:15139, f1f58aef-51f9-473c-80a3-23da74561150|10.1.0.14:15130, a88a6c70-ad04-4ba2-9985-df8f03985c47|10.1.0.14:15148] with ContainerStateMachine:uninitialized
2023-12-28 09:08:26,431 [a88a6c70-ad04-4ba2-9985-df8f03985c47-groupManagement] INFO  server.RaftServerConfigKeys (ConfUtils.java:logGet(46)) - raft.server.rpc.timeout.min = 5s (custom)
2023-12-28 09:08:26,431 [a88a6c70-ad04-4ba2-9985-df8f03985c47-groupManagement] INFO  server.RaftServerConfigKeys (ConfUtils.java:logGet(46)) - raft.server.rpc.timeout.max = 5200ms (custom)
2023-12-28 09:08:26,432 [a88a6c70-ad04-4ba2-9985-df8f03985c47-groupManagement] INFO  server.RaftServerConfigKeys (ConfUtils.java:logGet(46)) - raft.server.rpc.sleep.time = 25ms (default)
2023-12-28 09:08:26,432 [a88a6c70-ad04-4ba2-9985-df8f03985c47-groupManagement] INFO  server.RaftServerConfigKeys (ConfUtils.java:logGet(46)) - raft.server.rpc.slowness.timeout = 300000ms (custom)
2023-12-28 09:08:26,432 [a88a6c70-ad04-4ba2-9985-df8f03985c47-groupManagement] INFO  server.RaftServerConfigKeys (ConfUtils.java:logGet(46)) - raft.server.leaderelection.leader.step-down.wait-time = 10s (default)
2023-12-28 09:08:26,432 [a88a6c70-ad04-4ba2-9985-df8f03985c47-groupManagement] INFO  server.RaftServerConfigKeys (ConfUtils.java:logGet(46)) - raft.server.leaderelection.member.majority-add = false (default)
2023-12-28 09:08:26,433 [a88a6c70-ad04-4ba2-9985-df8f03985c47-groupManagement] INFO  server.RaftServerConfigKeys (ConfUtils.java:logGet(46)) - raft.server.sleep.deviation.threshold = 300ms (default)
2023-12-28 09:08:26,433 [a88a6c70-ad04-4ba2-9985-df8f03985c47-groupManagement] INFO  server.RaftServer$Division (ServerState.java:<init>(113)) - a88a6c70-ad04-4ba2-9985-df8f03985c47@group-9589741A35F8: ConfigurationManager, init=-1: peers:[c45be0a3-c489-4780-aa5f-c0744aea279b|10.1.0.14:15139, f1f58aef-51f9-473c-80a3-23da74561150|10.1.0.14:15130, a88a6c70-ad04-4ba2-9985-df8f03985c47|10.1.0.14:15148]|listeners:[], old=null, confs=<EMPTY_MAP>
2023-12-28 09:08:26,433 [a88a6c70-ad04-4ba2-9985-df8f03985c47-groupManagement] INFO  server.RaftServerConfigKeys (ConfUtils.java:logGet(46)) - raft.server.notification.no-leader.timeout = 300000ms (custom)
2023-12-28 09:08:26,434 [a88a6c70-ad04-4ba2-9985-df8f03985c47-groupManagement] INFO  server.RaftServerConfigKeys (ConfUtils.java:logGet(46)) - raft.server.read.timeout = 10s (default)
2023-12-28 09:08:26,434 [a88a6c70-ad04-4ba2-9985-df8f03985c47-groupManagement] INFO  server.RaftServerConfigKeys (ConfUtils.java:logGet(46)) - raft.server.retrycache.expirytime = 600000ms (custom)
2023-12-28 09:08:26,434 [a88a6c70-ad04-4ba2-9985-df8f03985c47-groupManagement] INFO  server.RaftServerConfigKeys (ConfUtils.java:logGet(46)) - raft.server.retrycache.statistics.expirytime = 100ms (default)
2023-12-28 09:08:26,434 [a88a6c70-ad04-4ba2-9985-df8f03985c47-groupManagement] INFO  server.RaftServerConfigKeys (ConfUtils.java:logGet(46)) - raft.server.read.option = DEFAULT (default)
2023-12-28 09:08:26,435 [a88a6c70-ad04-4ba2-9985-df8f03985c47-groupManagement] INFO  server.RaftServerConfigKeys (ConfUtils.java:logGet(46)) - raft.server.read.read-after-write-consistent.write-index-cache.expiry-time = 60s (default)
2023-12-28 09:08:26,438 [a88a6c70-ad04-4ba2-9985-df8f03985c47-groupManagement] INFO  server.RaftServerConfigKeys (ConfUtils.java:logGet(46)) - raft.server.rpc.request.timeout = 3000ms (default)
2023-12-28 09:08:26,438 [a88a6c70-ad04-4ba2-9985-df8f03985c47-groupManagement] INFO  server.RaftServerConfigKeys (ConfUtils.java:logGet(46)) - raft.server.log.appender.install.snapshot.enabled = false (custom)
2023-12-28 09:08:26,438 [a88a6c70-ad04-4ba2-9985-df8f03985c47-groupManagement] INFO  server.RaftServerConfigKeys (ConfUtils.java:logGet(46)) - raft.server.threadpool.server.cached = true (default)
2023-12-28 09:08:26,438 [a88a6c70-ad04-4ba2-9985-df8f03985c47-groupManagement] INFO  server.RaftServerConfigKeys (ConfUtils.java:logGet(46)) - raft.server.threadpool.server.size = 0 (default)
2023-12-28 09:08:26,438 [a88a6c70-ad04-4ba2-9985-df8f03985c47-groupManagement] INFO  server.RaftServerConfigKeys (ConfUtils.java:logGet(46)) - raft.server.threadpool.client.cached = true (default)
2023-12-28 09:08:26,439 [a88a6c70-ad04-4ba2-9985-df8f03985c47-groupManagement] INFO  server.RaftServerConfigKeys (ConfUtils.java:logGet(46)) - raft.server.threadpool.client.size = 0 (default)
2023-12-28 09:08:26,439 [a88a6c70-ad04-4ba2-9985-df8f03985c47-groupManagement] INFO  server.RaftServerConfigKeys (ConfUtils.java:logGet(46)) - raft.server.storage.free-space.min = 0MB (=0) (default)
2023-12-28 09:08:26,439 [a88a6c70-ad04-4ba2-9985-df8f03985c47-groupManagement] INFO  server.RaftServerConfigKeys (ConfUtils.java:logGet(46)) - raft.server.log.corruption.policy = EXCEPTION (default)
2023-12-28 09:08:26,439 [a88a6c70-ad04-4ba2-9985-df8f03985c47-groupManagement] INFO  server.RaftServerConfigKeys (ConfUtils.java:logGet(46)) - raft.server.storage.dir = [/home/runner/work/ozone/ozone/hadoop-ozone/integration-test/target/test-dir/MiniOzoneClusterImpl-8986566a-fb65-479a-a2d4-a5d5d2c03f68/datanode-5/data/ratis] (custom)
2023-12-28 09:08:26,439 [a88a6c70-ad04-4ba2-9985-df8f03985c47-groupManagement] INFO  storage.RaftStorageDirectory (RaftStorageDirectoryImpl.java:analyzeStorage(138)) - The storage directory /home/runner/work/ozone/ozone/hadoop-ozone/integration-test/target/test-dir/MiniOzoneClusterImpl-8986566a-fb65-479a-a2d4-a5d5d2c03f68/datanode-5/data/ratis/7fde9c9e-684b-4c0c-a32c-9589741a35f8 does not exist. Creating ...
2023-12-28 09:08:26,440 [a88a6c70-ad04-4ba2-9985-df8f03985c47-groupManagement] INFO  storage.RaftStorageDirectory (RaftStorageDirectoryImpl.java:tryLock(232)) - Lock on /home/runner/work/ozone/ozone/hadoop-ozone/integration-test/target/test-dir/MiniOzoneClusterImpl-8986566a-fb65-479a-a2d4-a5d5d2c03f68/datanode-5/data/ratis/7fde9c9e-684b-4c0c-a32c-9589741a35f8/in_use.lock acquired by nodename 85610@fv-az1384-14
2023-12-28 09:08:26,441 [a88a6c70-ad04-4ba2-9985-df8f03985c47-groupManagement] INFO  storage.RaftStorage (RaftStorageImpl.java:format(97)) - Storage directory /home/runner/work/ozone/ozone/hadoop-ozone/integration-test/target/test-dir/MiniOzoneClusterImpl-8986566a-fb65-479a-a2d4-a5d5d2c03f68/datanode-5/data/ratis/7fde9c9e-684b-4c0c-a32c-9589741a35f8 has been successfully formatted.
2023-12-28 09:08:26,442 [a88a6c70-ad04-4ba2-9985-df8f03985c47-groupManagement] INFO  ratis.ContainerStateMachine (ContainerStateMachine.java:loadSnapshot(287)) - group-9589741A35F8: The snapshot info is null. Setting the last applied indexto:(t:0, i:~)
2023-12-28 09:08:26,442 [a88a6c70-ad04-4ba2-9985-df8f03985c47-groupManagement] INFO  server.RaftServerConfigKeys (ConfUtils.java:logGet(46)) - raft.server.log.use.memory = false (default)
2023-12-28 09:08:26,442 [a88a6c70-ad04-4ba2-9985-df8f03985c47-groupManagement] INFO  server.RaftServerConfigKeys (ConfUtils.java:logGet(46)) - raft.server.log.purge.gap = 1000000 (custom)
2023-12-28 09:08:26,443 [a88a6c70-ad04-4ba2-9985-df8f03985c47-groupManagement] INFO  server.RaftServerConfigKeys (ConfUtils.java:logGet(46)) - raft.server.log.appender.buffer.byte-limit = 8388608 (custom)
2023-12-28 09:08:26,443 [a88a6c70-ad04-4ba2-9985-df8f03985c47-groupManagement] INFO  server.RaftServerConfigKeys (ConfUtils.java:logGet(46)) - raft.server.log.statemachine.data.read.timeout = 1000ms (default)
2023-12-28 09:08:26,443 [a88a6c70-ad04-4ba2-9985-df8f03985c47-groupManagement] INFO  server.RaftServerConfigKeys (ConfUtils.java:logGet(46)) - raft.server.log.purge.preservation.log.num = 0 (default)
2023-12-28 09:08:26,444 [a88a6c70-ad04-4ba2-9985-df8f03985c47-groupManagement] INFO  server.RaftServerConfigKeys (ConfUtils.java:logGet(46)) - raft.server.log.segment.size.max = 67108864 (custom)
2023-12-28 09:08:26,444 [a88a6c70-ad04-4ba2-9985-df8f03985c47-groupManagement] INFO  server.RaftServerConfigKeys (ConfUtils.java:logGet(46)) - raft.server.log.segment.cache.num.max = 2 (custom)
2023-12-28 09:08:26,444 [a88a6c70-ad04-4ba2-9985-df8f03985c47-groupManagement] INFO  server.RaftServerConfigKeys (ConfUtils.java:logGet(46)) - raft.server.log.segment.cache.size.max = 200MB (=209715200) (default)
2023-12-28 09:08:26,444 [a88a6c70-ad04-4ba2-9985-df8f03985c47-groupManagement] INFO  server.RaftServerConfigKeys (ConfUtils.java:logGet(46)) - raft.server.log.appender.buffer.byte-limit = 8388608 (custom)
2023-12-28 09:08:26,444 [a88a6c70-ad04-4ba2-9985-df8f03985c47-groupManagement] INFO  util.AwaitToRun (AwaitToRun.java:start(81)) - Thread[a88a6c70-ad04-4ba2-9985-df8f03985c47@group-9589741A35F8-cacheEviction-AwaitToRun,5,main] started
2023-12-28 09:08:26,445 [a88a6c70-ad04-4ba2-9985-df8f03985c47-groupManagement] INFO  segmented.SegmentedRaftLogWorker (SegmentedRaftLogWorker.java:<init>(184)) - new a88a6c70-ad04-4ba2-9985-df8f03985c47@group-9589741A35F8-SegmentedRaftLogWorker for RaftStorageImpl:Storage Directory /home/runner/work/ozone/ozone/hadoop-ozone/integration-test/target/test-dir/MiniOzoneClusterImpl-8986566a-fb65-479a-a2d4-a5d5d2c03f68/datanode-5/data/ratis/7fde9c9e-684b-4c0c-a32c-9589741a35f8
2023-12-28 09:08:26,445 [a88a6c70-ad04-4ba2-9985-df8f03985c47-groupManagement] INFO  server.RaftServerConfigKeys (ConfUtils.java:logGet(46)) - raft.server.log.queue.byte-limit = 4294967296 (custom)
2023-12-28 09:08:26,445 [a88a6c70-ad04-4ba2-9985-df8f03985c47-groupManagement] INFO  server.RaftServerConfigKeys (ConfUtils.java:logGet(46)) - raft.server.log.queue.element-limit = 1024 (custom)
2023-12-28 09:08:26,445 [a88a6c70-ad04-4ba2-9985-df8f03985c47-groupManagement] INFO  server.RaftServerConfigKeys (ConfUtils.java:logGet(46)) - raft.server.log.segment.size.max = 67108864 (custom)
2023-12-28 09:08:26,445 [a88a6c70-ad04-4ba2-9985-df8f03985c47-groupManagement] INFO  server.RaftServerConfigKeys (ConfUtils.java:logGet(46)) - raft.server.log.preallocated.size = 4194304 (custom)
2023-12-28 09:08:26,445 [a88a6c70-ad04-4ba2-9985-df8f03985c47-groupManagement] INFO  server.RaftServerConfigKeys (ConfUtils.java:logGet(46)) - raft.server.log.force.sync.num = 128 (default)
2023-12-28 09:08:26,445 [a88a6c70-ad04-4ba2-9985-df8f03985c47-groupManagement] INFO  server.RaftServerConfigKeys (ConfUtils.java:logGet(46)) - raft.server.log.statemachine.data.sync = true (default)
2023-12-28 09:08:26,445 [a88a6c70-ad04-4ba2-9985-df8f03985c47-groupManagement] INFO  server.RaftServerConfigKeys (ConfUtils.java:logGet(46)) - raft.server.log.statemachine.data.sync.timeout = 10s (default)
2023-12-28 09:08:26,445 [a88a6c70-ad04-4ba2-9985-df8f03985c47-groupManagement] INFO  server.RaftServerConfigKeys (ConfUtils.java:logGet(46)) - raft.server.log.statemachine.data.sync.timeout.retry = 0 (custom)
2023-12-28 09:08:26,445 [a88a6c70-ad04-4ba2-9985-df8f03985c47-groupManagement] INFO  server.RaftServerConfigKeys (ConfUtils.java:logGet(46)) - raft.server.log.write.buffer.size = 8388616 (custom)
2023-12-28 09:08:26,447 [a88a6c70-ad04-4ba2-9985-df8f03985c47-groupManagement] INFO  server.RaftServerConfigKeys (ConfUtils.java:logGet(46)) - raft.server.log.appender.buffer.byte-limit = 8388608 (custom)
2023-12-28 09:08:26,447 [a88a6c70-ad04-4ba2-9985-df8f03985c47-groupManagement] INFO  server.RaftServerConfigKeys (ConfUtils.java:logGet(46)) - raft.server.log.unsafe-flush.enabled = false (default)
2023-12-28 09:08:26,447 [a88a6c70-ad04-4ba2-9985-df8f03985c47-groupManagement] INFO  server.RaftServerConfigKeys (ConfUtils.java:logGet(46)) - raft.server.log.async-flush.enabled = false (default)
2023-12-28 09:08:26,447 [a88a6c70-ad04-4ba2-9985-df8f03985c47-groupManagement] INFO  server.RaftServerConfigKeys (ConfUtils.java:logGet(46)) - raft.server.log.statemachine.data.caching.enabled = true (custom)
2023-12-28 09:08:26,448 [a88a6c70-ad04-4ba2-9985-df8f03985c47-groupManagement] INFO  segmented.SegmentedRaftLogWorker (SegmentedRaftLogWorker.java:lambda$new$0(135)) - a88a6c70-ad04-4ba2-9985-df8f03985c47@group-9589741A35F8-SegmentedRaftLogWorker: flushIndex: setUnconditionally 0 -> -1
2023-12-28 09:08:26,448 [a88a6c70-ad04-4ba2-9985-df8f03985c47-groupManagement] INFO  segmented.SegmentedRaftLogWorker (SegmentedRaftLogWorker.java:lambda$new$0(135)) - a88a6c70-ad04-4ba2-9985-df8f03985c47@group-9589741A35F8-SegmentedRaftLogWorker: safeCacheEvictIndex: setUnconditionally 0 -> -1
2023-12-28 09:08:26,448 [a88a6c70-ad04-4ba2-9985-df8f03985c47-groupManagement] INFO  server.RaftServer$Division (RaftServerImpl.java:start(392)) - a88a6c70-ad04-4ba2-9985-df8f03985c47@group-9589741A35F8: start as a follower, conf=-1: peers:[c45be0a3-c489-4780-aa5f-c0744aea279b|10.1.0.14:15139, f1f58aef-51f9-473c-80a3-23da74561150|10.1.0.14:15130, a88a6c70-ad04-4ba2-9985-df8f03985c47|10.1.0.14:15148]|listeners:[], old=null
2023-12-28 09:08:26,448 [a88a6c70-ad04-4ba2-9985-df8f03985c47-groupManagement] INFO  server.RaftServer$Division (RaftServerImpl.java:setRole(379)) - a88a6c70-ad04-4ba2-9985-df8f03985c47@group-9589741A35F8: changes role from      null to FOLLOWER at term 0 for startAsFollower
2023-12-28 09:08:26,448 [a88a6c70-ad04-4ba2-9985-df8f03985c47-groupManagement] INFO  impl.RoleInfo (RoleInfo.java:updateAndGet(139)) - a88a6c70-ad04-4ba2-9985-df8f03985c47: start a88a6c70-ad04-4ba2-9985-df8f03985c47@group-9589741A35F8-FollowerState
2023-12-28 09:08:26,448 [a88a6c70-ad04-4ba2-9985-df8f03985c47-groupManagement] INFO  util.JmxRegister (JmxRegister.java:tryRegister(44)) - Successfully registered JMX Bean with object name Ratis:service=RaftServer,group=group-9589741A35F8,id=a88a6c70-ad04-4ba2-9985-df8f03985c47
2023-12-28 09:08:26,448 [a88a6c70-ad04-4ba2-9985-df8f03985c47@group-9589741A35F8-FollowerState] INFO  server.RaftServerConfigKeys (ConfUtils.java:logFallback(53)) - raft.server.rpc.first-election.timeout.min = 5s (fallback to raft.server.rpc.timeout.min)
2023-12-28 09:08:26,448 [a88a6c70-ad04-4ba2-9985-df8f03985c47-groupManagement] INFO  server.RaftServerConfigKeys (ConfUtils.java:logGet(46)) - raft.server.snapshot.trigger-when-stop.enabled = true (default)
2023-12-28 09:08:26,448 [a88a6c70-ad04-4ba2-9985-df8f03985c47@group-9589741A35F8-FollowerState] INFO  server.RaftServerConfigKeys (ConfUtils.java:logFallback(53)) - raft.server.rpc.first-election.timeout.max = 5200ms (fallback to raft.server.rpc.timeout.max)
2023-12-28 09:08:26,448 [a88a6c70-ad04-4ba2-9985-df8f03985c47-groupManagement] INFO  server.RaftServerConfigKeys (ConfUtils.java:logGet(46)) - raft.server.snapshot.auto.trigger.enabled = true (custom)
2023-12-28 09:08:26,449 [a88a6c70-ad04-4ba2-9985-df8f03985c47-groupManagement] INFO  server.RaftServerConfigKeys (ConfUtils.java:logGet(46)) - raft.server.snapshot.auto.trigger.threshold = 10000 (custom)
2023-12-28 09:08:26,449 [a88a6c70-ad04-4ba2-9985-df8f03985c47-groupManagement] INFO  server.RaftServerConfigKeys (ConfUtils.java:logGet(46)) - raft.server.snapshot.retention.file.num = 5 (custom)
2023-12-28 09:08:26,449 [a88a6c70-ad04-4ba2-9985-df8f03985c47-groupManagement] INFO  server.RaftServerConfigKeys (ConfUtils.java:logGet(46)) - raft.server.log.purge.upto.snapshot.index = false (default)
2023-12-28 09:08:26,455 [c45be0a3-c489-4780-aa5f-c0744aea279b-PipelineCommandHandlerThread-0] INFO  server.RaftServer (RaftServerProxy.java:addNew(100)) - c45be0a3-c489-4780-aa5f-c0744aea279b: addNew group-7C7217FC0551:[c45be0a3-c489-4780-aa5f-c0744aea279b|10.1.0.14:15139] returns group-7C7217FC0551:java.util.concurrent.CompletableFuture@5f5b30f2[Not completed]
2023-12-28 09:08:26,456 [c45be0a3-c489-4780-aa5f-c0744aea279b-groupManagement] INFO  server.RaftServer$Division (RaftServerImpl.java:<init>(256)) - c45be0a3-c489-4780-aa5f-c0744aea279b: new RaftServerImpl for group-7C7217FC0551:[c45be0a3-c489-4780-aa5f-c0744aea279b|10.1.0.14:15139] with ContainerStateMachine:uninitialized
2023-12-28 09:08:26,456 [c45be0a3-c489-4780-aa5f-c0744aea279b-groupManagement] INFO  server.RaftServerConfigKeys (ConfUtils.java:logGet(46)) - raft.server.rpc.timeout.min = 5s (custom)
2023-12-28 09:08:26,456 [c45be0a3-c489-4780-aa5f-c0744aea279b-groupManagement] INFO  server.RaftServerConfigKeys (ConfUtils.java:logGet(46)) - raft.server.rpc.timeout.max = 5200ms (custom)
2023-12-28 09:08:26,456 [c45be0a3-c489-4780-aa5f-c0744aea279b-groupManagement] INFO  server.RaftServerConfigKeys (ConfUtils.java:logGet(46)) - raft.server.rpc.sleep.time = 25ms (default)
2023-12-28 09:08:26,456 [c45be0a3-c489-4780-aa5f-c0744aea279b-groupManagement] INFO  server.RaftServerConfigKeys (ConfUtils.java:logGet(46)) - raft.server.rpc.slowness.timeout = 300000ms (custom)
2023-12-28 09:08:26,456 [c45be0a3-c489-4780-aa5f-c0744aea279b-groupManagement] INFO  server.RaftServerConfigKeys (ConfUtils.java:logGet(46)) - raft.server.leaderelection.leader.step-down.wait-time = 10s (default)
2023-12-28 09:08:26,457 [c45be0a3-c489-4780-aa5f-c0744aea279b-groupManagement] INFO  server.RaftServerConfigKeys (ConfUtils.java:logGet(46)) - raft.server.leaderelection.member.majority-add = false (default)
2023-12-28 09:08:26,457 [c45be0a3-c489-4780-aa5f-c0744aea279b-groupManagement] INFO  server.RaftServerConfigKeys (ConfUtils.java:logGet(46)) - raft.server.sleep.deviation.threshold = 300ms (default)
2023-12-28 09:08:26,457 [c45be0a3-c489-4780-aa5f-c0744aea279b-groupManagement] INFO  server.RaftServer$Division (ServerState.java:<init>(113)) - c45be0a3-c489-4780-aa5f-c0744aea279b@group-7C7217FC0551: ConfigurationManager, init=-1: peers:[c45be0a3-c489-4780-aa5f-c0744aea279b|10.1.0.14:15139]|listeners:[], old=null, confs=<EMPTY_MAP>
2023-12-28 09:08:26,457 [c45be0a3-c489-4780-aa5f-c0744aea279b-groupManagement] INFO  server.RaftServerConfigKeys (ConfUtils.java:logGet(46)) - raft.server.notification.no-leader.timeout = 300000ms (custom)
2023-12-28 09:08:26,457 [c45be0a3-c489-4780-aa5f-c0744aea279b-groupManagement] INFO  server.RaftServerConfigKeys (ConfUtils.java:logGet(46)) - raft.server.read.timeout = 10s (default)
2023-12-28 09:08:26,457 [c45be0a3-c489-4780-aa5f-c0744aea279b-groupManagement] INFO  server.RaftServerConfigKeys (ConfUtils.java:logGet(46)) - raft.server.retrycache.expirytime = 600000ms (custom)
2023-12-28 09:08:26,457 [c45be0a3-c489-4780-aa5f-c0744aea279b-groupManagement] INFO  server.RaftServerConfigKeys (ConfUtils.java:logGet(46)) - raft.server.retrycache.statistics.expirytime = 100ms (default)
2023-12-28 09:08:26,457 [c45be0a3-c489-4780-aa5f-c0744aea279b-groupManagement] INFO  server.RaftServerConfigKeys (ConfUtils.java:logGet(46)) - raft.server.read.option = DEFAULT (default)
2023-12-28 09:08:26,457 [c45be0a3-c489-4780-aa5f-c0744aea279b-groupManagement] INFO  server.RaftServerConfigKeys (ConfUtils.java:logGet(46)) - raft.server.read.read-after-write-consistent.write-index-cache.expiry-time = 60s (default)
2023-12-28 09:08:26,460 [c45be0a3-c489-4780-aa5f-c0744aea279b-groupManagement] INFO  server.RaftServerConfigKeys (ConfUtils.java:logGet(46)) - raft.server.rpc.request.timeout = 3000ms (default)
2023-12-28 09:08:26,460 [c45be0a3-c489-4780-aa5f-c0744aea279b-groupManagement] INFO  server.RaftServerConfigKeys (ConfUtils.java:logGet(46)) - raft.server.log.appender.install.snapshot.enabled = false (custom)
2023-12-28 09:08:26,460 [c45be0a3-c489-4780-aa5f-c0744aea279b-groupManagement] INFO  server.RaftServerConfigKeys (ConfUtils.java:logGet(46)) - raft.server.threadpool.server.cached = true (default)
2023-12-28 09:08:26,460 [c45be0a3-c489-4780-aa5f-c0744aea279b-groupManagement] INFO  server.RaftServerConfigKeys (ConfUtils.java:logGet(46)) - raft.server.threadpool.server.size = 0 (default)
2023-12-28 09:08:26,461 [c45be0a3-c489-4780-aa5f-c0744aea279b-groupManagement] INFO  server.RaftServerConfigKeys (ConfUtils.java:logGet(46)) - raft.server.threadpool.client.cached = true (default)
2023-12-28 09:08:26,461 [c45be0a3-c489-4780-aa5f-c0744aea279b-groupManagement] INFO  server.RaftServerConfigKeys (ConfUtils.java:logGet(46)) - raft.server.threadpool.client.size = 0 (default)
2023-12-28 09:08:26,461 [c45be0a3-c489-4780-aa5f-c0744aea279b-groupManagement] INFO  server.RaftServerConfigKeys (ConfUtils.java:logGet(46)) - raft.server.storage.free-space.min = 0MB (=0) (default)
2023-12-28 09:08:26,461 [c45be0a3-c489-4780-aa5f-c0744aea279b-groupManagement] INFO  server.RaftServerConfigKeys (ConfUtils.java:logGet(46)) - raft.server.log.corruption.policy = EXCEPTION (default)
2023-12-28 09:08:26,461 [c45be0a3-c489-4780-aa5f-c0744aea279b-groupManagement] INFO  server.RaftServerConfigKeys (ConfUtils.java:logGet(46)) - raft.server.storage.dir = [/home/runner/work/ozone/ozone/hadoop-ozone/integration-test/target/test-dir/MiniOzoneClusterImpl-8986566a-fb65-479a-a2d4-a5d5d2c03f68/datanode-4/data/ratis] (custom)
2023-12-28 09:08:26,461 [c45be0a3-c489-4780-aa5f-c0744aea279b-groupManagement] INFO  storage.RaftStorageDirectory (RaftStorageDirectoryImpl.java:analyzeStorage(138)) - The storage directory /home/runner/work/ozone/ozone/hadoop-ozone/integration-test/target/test-dir/MiniOzoneClusterImpl-8986566a-fb65-479a-a2d4-a5d5d2c03f68/datanode-4/data/ratis/e0393743-6213-4382-9a4c-7c7217fc0551 does not exist. Creating ...
2023-12-28 09:08:26,462 [c45be0a3-c489-4780-aa5f-c0744aea279b-groupManagement] INFO  storage.RaftStorageDirectory (RaftStorageDirectoryImpl.java:tryLock(232)) - Lock on /home/runner/work/ozone/ozone/hadoop-ozone/integration-test/target/test-dir/MiniOzoneClusterImpl-8986566a-fb65-479a-a2d4-a5d5d2c03f68/datanode-4/data/ratis/e0393743-6213-4382-9a4c-7c7217fc0551/in_use.lock acquired by nodename 85610@fv-az1384-14
2023-12-28 09:08:26,463 [c45be0a3-c489-4780-aa5f-c0744aea279b-groupManagement] INFO  storage.RaftStorage (RaftStorageImpl.java:format(97)) - Storage directory /home/runner/work/ozone/ozone/hadoop-ozone/integration-test/target/test-dir/MiniOzoneClusterImpl-8986566a-fb65-479a-a2d4-a5d5d2c03f68/datanode-4/data/ratis/e0393743-6213-4382-9a4c-7c7217fc0551 has been successfully formatted.
2023-12-28 09:08:26,464 [c45be0a3-c489-4780-aa5f-c0744aea279b-groupManagement] INFO  ratis.ContainerStateMachine (ContainerStateMachine.java:loadSnapshot(287)) - group-7C7217FC0551: The snapshot info is null. Setting the last applied indexto:(t:0, i:~)
2023-12-28 09:08:26,464 [c45be0a3-c489-4780-aa5f-c0744aea279b-groupManagement] INFO  server.RaftServerConfigKeys (ConfUtils.java:logGet(46)) - raft.server.log.use.memory = false (default)
2023-12-28 09:08:26,464 [c45be0a3-c489-4780-aa5f-c0744aea279b-groupManagement] INFO  server.RaftServerConfigKeys (ConfUtils.java:logGet(46)) - raft.server.log.purge.gap = 1000000 (custom)
2023-12-28 09:08:26,464 [c45be0a3-c489-4780-aa5f-c0744aea279b-groupManagement] INFO  server.RaftServerConfigKeys (ConfUtils.java:logGet(46)) - raft.server.log.appender.buffer.byte-limit = 8388608 (custom)
2023-12-28 09:08:26,464 [c45be0a3-c489-4780-aa5f-c0744aea279b-groupManagement] INFO  server.RaftServerConfigKeys (ConfUtils.java:logGet(46)) - raft.server.log.statemachine.data.read.timeout = 1000ms (default)
2023-12-28 09:08:26,465 [c45be0a3-c489-4780-aa5f-c0744aea279b-groupManagement] INFO  server.RaftServerConfigKeys (ConfUtils.java:logGet(46)) - raft.server.log.purge.preservation.log.num = 0 (default)
2023-12-28 09:08:26,466 [EventQueue-PipelineReportForPipelineReportHandler] INFO  pipeline.PipelineReportHandler (PipelineReportHandler.java:processPipelineReport(136)) - Opened pipeline PipelineID=e0393743-6213-4382-9a4c-7c7217fc0551
2023-12-28 09:08:26,466 [EventQueue-OpenPipelineForHealthyPipelineSafeModeRule] INFO  safemode.SCMSafeModeManager (HealthyPipelineSafeModeRule.java:process(140)) - SCM in safe mode. Healthy pipelines reported count is 0, required healthy pipeline reported count is 1
2023-12-28 09:08:26,466 [c45be0a3-c489-4780-aa5f-c0744aea279b-groupManagement] INFO  server.RaftServerConfigKeys (ConfUtils.java:logGet(46)) - raft.server.log.segment.size.max = 67108864 (custom)
2023-12-28 09:08:26,466 [c45be0a3-c489-4780-aa5f-c0744aea279b-groupManagement] INFO  server.RaftServerConfigKeys (ConfUtils.java:logGet(46)) - raft.server.log.segment.cache.num.max = 2 (custom)
2023-12-28 09:08:26,467 [c45be0a3-c489-4780-aa5f-c0744aea279b-groupManagement] INFO  server.RaftServerConfigKeys (ConfUtils.java:logGet(46)) - raft.server.log.segment.cache.size.max = 200MB (=209715200) (default)
2023-12-28 09:08:26,467 [c45be0a3-c489-4780-aa5f-c0744aea279b-groupManagement] INFO  server.RaftServerConfigKeys (ConfUtils.java:logGet(46)) - raft.server.log.appender.buffer.byte-limit = 8388608 (custom)
2023-12-28 09:08:26,468 [c45be0a3-c489-4780-aa5f-c0744aea279b-groupManagement] INFO  util.AwaitToRun (AwaitToRun.java:start(81)) - Thread[c45be0a3-c489-4780-aa5f-c0744aea279b@group-7C7217FC0551-cacheEviction-AwaitToRun,5,main] started
2023-12-28 09:08:26,468 [c45be0a3-c489-4780-aa5f-c0744aea279b-groupManagement] INFO  segmented.SegmentedRaftLogWorker (SegmentedRaftLogWorker.java:<init>(184)) - new c45be0a3-c489-4780-aa5f-c0744aea279b@group-7C7217FC0551-SegmentedRaftLogWorker for RaftStorageImpl:Storage Directory /home/runner/work/ozone/ozone/hadoop-ozone/integration-test/target/test-dir/MiniOzoneClusterImpl-8986566a-fb65-479a-a2d4-a5d5d2c03f68/datanode-4/data/ratis/e0393743-6213-4382-9a4c-7c7217fc0551
2023-12-28 09:08:26,469 [c45be0a3-c489-4780-aa5f-c0744aea279b-groupManagement] INFO  server.RaftServerConfigKeys (ConfUtils.java:logGet(46)) - raft.server.log.queue.byte-limit = 4294967296 (custom)
2023-12-28 09:08:26,469 [c45be0a3-c489-4780-aa5f-c0744aea279b-groupManagement] INFO  server.RaftServerConfigKeys (ConfUtils.java:logGet(46)) - raft.server.log.queue.element-limit = 1024 (custom)
2023-12-28 09:08:26,469 [c45be0a3-c489-4780-aa5f-c0744aea279b-groupManagement] INFO  server.RaftServerConfigKeys (ConfUtils.java:logGet(46)) - raft.server.log.segment.size.max = 67108864 (custom)
2023-12-28 09:08:26,469 [c45be0a3-c489-4780-aa5f-c0744aea279b-groupManagement] INFO  server.RaftServerConfigKeys (ConfUtils.java:logGet(46)) - raft.server.log.preallocated.size = 4194304 (custom)
2023-12-28 09:08:26,469 [c45be0a3-c489-4780-aa5f-c0744aea279b-groupManagement] INFO  server.RaftServerConfigKeys (ConfUtils.java:logGet(46)) - raft.server.log.force.sync.num = 128 (default)
2023-12-28 09:08:26,469 [c45be0a3-c489-4780-aa5f-c0744aea279b-groupManagement] INFO  server.RaftServerConfigKeys (ConfUtils.java:logGet(46)) - raft.server.log.statemachine.data.sync = true (default)
2023-12-28 09:08:26,469 [c45be0a3-c489-4780-aa5f-c0744aea279b-groupManagement] INFO  server.RaftServerConfigKeys (ConfUtils.java:logGet(46)) - raft.server.log.statemachine.data.sync.timeout = 10s (default)
2023-12-28 09:08:26,469 [c45be0a3-c489-4780-aa5f-c0744aea279b-groupManagement] INFO  server.RaftServerConfigKeys (ConfUtils.java:logGet(46)) - raft.server.log.statemachine.data.sync.timeout.retry = 0 (custom)
2023-12-28 09:08:26,469 [grpc-default-executor-0] INFO  server.RaftServer (RaftServerProxy.java:addNew(100)) - c45be0a3-c489-4780-aa5f-c0744aea279b: addNew group-9589741A35F8:[c45be0a3-c489-4780-aa5f-c0744aea279b|10.1.0.14:15139, f1f58aef-51f9-473c-80a3-23da74561150|10.1.0.14:15130, a88a6c70-ad04-4ba2-9985-df8f03985c47|10.1.0.14:15148] returns group-9589741A35F8:java.util.concurrent.CompletableFuture@26ab1c5c[Not completed]
2023-12-28 09:08:26,469 [c45be0a3-c489-4780-aa5f-c0744aea279b-groupManagement] INFO  server.RaftServerConfigKeys (ConfUtils.java:logGet(46)) - raft.server.log.write.buffer.size = 8388616 (custom)
2023-12-28 09:08:26,471 [c45be0a3-c489-4780-aa5f-c0744aea279b-groupManagement] INFO  server.RaftServerConfigKeys (ConfUtils.java:logGet(46)) - raft.server.log.appender.buffer.byte-limit = 8388608 (custom)
2023-12-28 09:08:26,472 [c45be0a3-c489-4780-aa5f-c0744aea279b-groupManagement] INFO  server.RaftServerConfigKeys (ConfUtils.java:logGet(46)) - raft.server.log.unsafe-flush.enabled = false (default)
2023-12-28 09:08:26,472 [c45be0a3-c489-4780-aa5f-c0744aea279b-groupManagement] INFO  server.RaftServerConfigKeys (ConfUtils.java:logGet(46)) - raft.server.log.async-flush.enabled = false (default)
2023-12-28 09:08:26,472 [c45be0a3-c489-4780-aa5f-c0744aea279b-groupManagement] INFO  server.RaftServerConfigKeys (ConfUtils.java:logGet(46)) - raft.server.log.statemachine.data.caching.enabled = true (custom)
2023-12-28 09:08:26,472 [c45be0a3-c489-4780-aa5f-c0744aea279b-groupManagement] INFO  segmented.SegmentedRaftLogWorker (SegmentedRaftLogWorker.java:lambda$new$0(135)) - c45be0a3-c489-4780-aa5f-c0744aea279b@group-7C7217FC0551-SegmentedRaftLogWorker: flushIndex: setUnconditionally 0 -> -1
2023-12-28 09:08:26,472 [c45be0a3-c489-4780-aa5f-c0744aea279b-groupManagement] INFO  segmented.SegmentedRaftLogWorker (SegmentedRaftLogWorker.java:lambda$new$0(135)) - c45be0a3-c489-4780-aa5f-c0744aea279b@group-7C7217FC0551-SegmentedRaftLogWorker: safeCacheEvictIndex: setUnconditionally 0 -> -1
2023-12-28 09:08:26,472 [c45be0a3-c489-4780-aa5f-c0744aea279b-groupManagement] INFO  server.RaftServer$Division (RaftServerImpl.java:start(392)) - c45be0a3-c489-4780-aa5f-c0744aea279b@group-7C7217FC0551: start as a follower, conf=-1: peers:[c45be0a3-c489-4780-aa5f-c0744aea279b|10.1.0.14:15139]|listeners:[], old=null
2023-12-28 09:08:26,472 [c45be0a3-c489-4780-aa5f-c0744aea279b-groupManagement] INFO  server.RaftServer$Division (RaftServerImpl.java:setRole(379)) - c45be0a3-c489-4780-aa5f-c0744aea279b@group-7C7217FC0551: changes role from      null to FOLLOWER at term 0 for startAsFollower
2023-12-28 09:08:26,472 [c45be0a3-c489-4780-aa5f-c0744aea279b-groupManagement] INFO  impl.RoleInfo (RoleInfo.java:updateAndGet(139)) - c45be0a3-c489-4780-aa5f-c0744aea279b: start c45be0a3-c489-4780-aa5f-c0744aea279b@group-7C7217FC0551-FollowerState
2023-12-28 09:08:26,473 [c45be0a3-c489-4780-aa5f-c0744aea279b-groupManagement] INFO  util.JmxRegister (JmxRegister.java:tryRegister(44)) - Successfully registered JMX Bean with object name Ratis:service=RaftServer,group=group-7C7217FC0551,id=c45be0a3-c489-4780-aa5f-c0744aea279b
2023-12-28 09:08:26,473 [c45be0a3-c489-4780-aa5f-c0744aea279b-groupManagement] INFO  server.RaftServerConfigKeys (ConfUtils.java:logGet(46)) - raft.server.snapshot.trigger-when-stop.enabled = true (default)
2023-12-28 09:08:26,473 [c45be0a3-c489-4780-aa5f-c0744aea279b-groupManagement] INFO  server.RaftServerConfigKeys (ConfUtils.java:logGet(46)) - raft.server.snapshot.auto.trigger.enabled = true (custom)
2023-12-28 09:08:26,473 [c45be0a3-c489-4780-aa5f-c0744aea279b@group-7C7217FC0551-FollowerState] INFO  server.RaftServerConfigKeys (ConfUtils.java:logFallback(53)) - raft.server.rpc.first-election.timeout.min = 5s (fallback to raft.server.rpc.timeout.min)
2023-12-28 09:08:26,473 [c45be0a3-c489-4780-aa5f-c0744aea279b-groupManagement] INFO  server.RaftServerConfigKeys (ConfUtils.java:logGet(46)) - raft.server.snapshot.auto.trigger.threshold = 10000 (custom)
2023-12-28 09:08:26,473 [c45be0a3-c489-4780-aa5f-c0744aea279b@group-7C7217FC0551-FollowerState] INFO  server.RaftServerConfigKeys (ConfUtils.java:logFallback(53)) - raft.server.rpc.first-election.timeout.max = 5200ms (fallback to raft.server.rpc.timeout.max)
2023-12-28 09:08:26,473 [c45be0a3-c489-4780-aa5f-c0744aea279b-groupManagement] INFO  server.RaftServerConfigKeys (ConfUtils.java:logGet(46)) - raft.server.snapshot.retention.file.num = 5 (custom)
2023-12-28 09:08:26,474 [c45be0a3-c489-4780-aa5f-c0744aea279b-groupManagement] INFO  server.RaftServerConfigKeys (ConfUtils.java:logGet(46)) - raft.server.log.purge.upto.snapshot.index = false (default)
2023-12-28 09:08:26,474 [c45be0a3-c489-4780-aa5f-c0744aea279b-PipelineCommandHandlerThread-0] INFO  ratis.XceiverServerRatis (XceiverServerRatis.java:addGroup(837)) - Created group PipelineID=e0393743-6213-4382-9a4c-7c7217fc0551
2023-12-28 09:08:26,474 [c45be0a3-c489-4780-aa5f-c0744aea279b-PipelineCommandHandlerThread-0] INFO  commandhandler.CreatePipelineCommandHandler (CreatePipelineCommandHandler.java:lambda$handle$2(124)) - Created Pipeline RATIS ONE PipelineID=e0393743-6213-4382-9a4c-7c7217fc0551.
2023-12-28 09:08:26,475 [c45be0a3-c489-4780-aa5f-c0744aea279b-groupManagement] INFO  server.RaftServer$Division (RaftServerImpl.java:<init>(256)) - c45be0a3-c489-4780-aa5f-c0744aea279b: new RaftServerImpl for group-9589741A35F8:[c45be0a3-c489-4780-aa5f-c0744aea279b|10.1.0.14:15139, f1f58aef-51f9-473c-80a3-23da74561150|10.1.0.14:15130, a88a6c70-ad04-4ba2-9985-df8f03985c47|10.1.0.14:15148] with ContainerStateMachine:uninitialized
2023-12-28 09:08:26,475 [c45be0a3-c489-4780-aa5f-c0744aea279b-groupManagement] INFO  server.RaftServerConfigKeys (ConfUtils.java:logGet(46)) - raft.server.rpc.timeout.min = 5s (custom)
2023-12-28 09:08:26,475 [c45be0a3-c489-4780-aa5f-c0744aea279b-groupManagement] INFO  server.RaftServerConfigKeys (ConfUtils.java:logGet(46)) - raft.server.rpc.timeout.max = 5200ms (custom)
2023-12-28 09:08:26,475 [c45be0a3-c489-4780-aa5f-c0744aea279b-groupManagement] INFO  server.RaftServerConfigKeys (ConfUtils.java:logGet(46)) - raft.server.rpc.sleep.time = 25ms (default)
2023-12-28 09:08:26,475 [c45be0a3-c489-4780-aa5f-c0744aea279b-groupManagement] INFO  server.RaftServerConfigKeys (ConfUtils.java:logGet(46)) - raft.server.rpc.slowness.timeout = 300000ms (custom)
2023-12-28 09:08:26,475 [c45be0a3-c489-4780-aa5f-c0744aea279b-groupManagement] INFO  server.RaftServerConfigKeys (ConfUtils.java:logGet(46)) - raft.server.leaderelection.leader.step-down.wait-time = 10s (default)
2023-12-28 09:08:26,475 [c45be0a3-c489-4780-aa5f-c0744aea279b-groupManagement] INFO  server.RaftServerConfigKeys (ConfUtils.java:logGet(46)) - raft.server.leaderelection.member.majority-add = false (default)
2023-12-28 09:08:26,475 [c45be0a3-c489-4780-aa5f-c0744aea279b-groupManagement] INFO  server.RaftServerConfigKeys (ConfUtils.java:logGet(46)) - raft.server.sleep.deviation.threshold = 300ms (default)
2023-12-28 09:08:26,476 [c45be0a3-c489-4780-aa5f-c0744aea279b-groupManagement] INFO  server.RaftServer$Division (ServerState.java:<init>(113)) - c45be0a3-c489-4780-aa5f-c0744aea279b@group-9589741A35F8: ConfigurationManager, init=-1: peers:[c45be0a3-c489-4780-aa5f-c0744aea279b|10.1.0.14:15139, f1f58aef-51f9-473c-80a3-23da74561150|10.1.0.14:15130, a88a6c70-ad04-4ba2-9985-df8f03985c47|10.1.0.14:15148]|listeners:[], old=null, confs=<EMPTY_MAP>
2023-12-28 09:08:26,476 [c45be0a3-c489-4780-aa5f-c0744aea279b-groupManagement] INFO  server.RaftServerConfigKeys (ConfUtils.java:logGet(46)) - raft.server.notification.no-leader.timeout = 300000ms (custom)
2023-12-28 09:08:26,476 [c45be0a3-c489-4780-aa5f-c0744aea279b-groupManagement] INFO  server.RaftServerConfigKeys (ConfUtils.java:logGet(46)) - raft.server.read.timeout = 10s (default)
2023-12-28 09:08:26,476 [c45be0a3-c489-4780-aa5f-c0744aea279b-groupManagement] INFO  server.RaftServerConfigKeys (ConfUtils.java:logGet(46)) - raft.server.retrycache.expirytime = 600000ms (custom)
2023-12-28 09:08:26,476 [c45be0a3-c489-4780-aa5f-c0744aea279b-groupManagement] INFO  server.RaftServerConfigKeys (ConfUtils.java:logGet(46)) - raft.server.retrycache.statistics.expirytime = 100ms (default)
2023-12-28 09:08:26,476 [c45be0a3-c489-4780-aa5f-c0744aea279b-groupManagement] INFO  server.RaftServerConfigKeys (ConfUtils.java:logGet(46)) - raft.server.read.option = DEFAULT (default)
2023-12-28 09:08:26,476 [c45be0a3-c489-4780-aa5f-c0744aea279b-groupManagement] INFO  server.RaftServerConfigKeys (ConfUtils.java:logGet(46)) - raft.server.read.read-after-write-consistent.write-index-cache.expiry-time = 60s (default)
2023-12-28 09:08:26,478 [c45be0a3-c489-4780-aa5f-c0744aea279b-groupManagement] INFO  server.RaftServerConfigKeys (ConfUtils.java:logGet(46)) - raft.server.rpc.request.timeout = 3000ms (default)
2023-12-28 09:08:26,479 [c45be0a3-c489-4780-aa5f-c0744aea279b-groupManagement] INFO  server.RaftServerConfigKeys (ConfUtils.java:logGet(46)) - raft.server.log.appender.install.snapshot.enabled = false (custom)
2023-12-28 09:08:26,479 [c45be0a3-c489-4780-aa5f-c0744aea279b-groupManagement] INFO  server.RaftServerConfigKeys (ConfUtils.java:logGet(46)) - raft.server.threadpool.server.cached = true (default)
2023-12-28 09:08:26,479 [c45be0a3-c489-4780-aa5f-c0744aea279b-groupManagement] INFO  server.RaftServerConfigKeys (ConfUtils.java:logGet(46)) - raft.server.threadpool.server.size = 0 (default)
2023-12-28 09:08:26,479 [c45be0a3-c489-4780-aa5f-c0744aea279b-groupManagement] INFO  server.RaftServerConfigKeys (ConfUtils.java:logGet(46)) - raft.server.threadpool.client.cached = true (default)
2023-12-28 09:08:26,479 [c45be0a3-c489-4780-aa5f-c0744aea279b-groupManagement] INFO  server.RaftServerConfigKeys (ConfUtils.java:logGet(46)) - raft.server.threadpool.client.size = 0 (default)
2023-12-28 09:08:26,479 [c45be0a3-c489-4780-aa5f-c0744aea279b-groupManagement] INFO  server.RaftServerConfigKeys (ConfUtils.java:logGet(46)) - raft.server.storage.free-space.min = 0MB (=0) (default)
2023-12-28 09:08:26,479 [c45be0a3-c489-4780-aa5f-c0744aea279b-groupManagement] INFO  server.RaftServerConfigKeys (ConfUtils.java:logGet(46)) - raft.server.log.corruption.policy = EXCEPTION (default)
2023-12-28 09:08:26,479 [c45be0a3-c489-4780-aa5f-c0744aea279b-groupManagement] INFO  server.RaftServerConfigKeys (ConfUtils.java:logGet(46)) - raft.server.storage.dir = [/home/runner/work/ozone/ozone/hadoop-ozone/integration-test/target/test-dir/MiniOzoneClusterImpl-8986566a-fb65-479a-a2d4-a5d5d2c03f68/datanode-4/data/ratis] (custom)
2023-12-28 09:08:26,479 [c45be0a3-c489-4780-aa5f-c0744aea279b-groupManagement] INFO  storage.RaftStorageDirectory (RaftStorageDirectoryImpl.java:analyzeStorage(138)) - The storage directory /home/runner/work/ozone/ozone/hadoop-ozone/integration-test/target/test-dir/MiniOzoneClusterImpl-8986566a-fb65-479a-a2d4-a5d5d2c03f68/datanode-4/data/ratis/7fde9c9e-684b-4c0c-a32c-9589741a35f8 does not exist. Creating ...
2023-12-28 09:08:26,480 [c45be0a3-c489-4780-aa5f-c0744aea279b-groupManagement] INFO  storage.RaftStorageDirectory (RaftStorageDirectoryImpl.java:tryLock(232)) - Lock on /home/runner/work/ozone/ozone/hadoop-ozone/integration-test/target/test-dir/MiniOzoneClusterImpl-8986566a-fb65-479a-a2d4-a5d5d2c03f68/datanode-4/data/ratis/7fde9c9e-684b-4c0c-a32c-9589741a35f8/in_use.lock acquired by nodename 85610@fv-az1384-14
2023-12-28 09:08:26,482 [c45be0a3-c489-4780-aa5f-c0744aea279b-groupManagement] INFO  storage.RaftStorage (RaftStorageImpl.java:format(97)) - Storage directory /home/runner/work/ozone/ozone/hadoop-ozone/integration-test/target/test-dir/MiniOzoneClusterImpl-8986566a-fb65-479a-a2d4-a5d5d2c03f68/datanode-4/data/ratis/7fde9c9e-684b-4c0c-a32c-9589741a35f8 has been successfully formatted.
2023-12-28 09:08:26,482 [c45be0a3-c489-4780-aa5f-c0744aea279b-groupManagement] INFO  ratis.ContainerStateMachine (ContainerStateMachine.java:loadSnapshot(287)) - group-9589741A35F8: The snapshot info is null. Setting the last applied indexto:(t:0, i:~)
2023-12-28 09:08:26,482 [c45be0a3-c489-4780-aa5f-c0744aea279b-groupManagement] INFO  server.RaftServerConfigKeys (ConfUtils.java:logGet(46)) - raft.server.log.use.memory = false (default)
2023-12-28 09:08:26,482 [c45be0a3-c489-4780-aa5f-c0744aea279b-groupManagement] INFO  server.RaftServerConfigKeys (ConfUtils.java:logGet(46)) - raft.server.log.purge.gap = 1000000 (custom)
2023-12-28 09:08:26,482 [c45be0a3-c489-4780-aa5f-c0744aea279b-groupManagement] INFO  server.RaftServerConfigKeys (ConfUtils.java:logGet(46)) - raft.server.log.appender.buffer.byte-limit = 8388608 (custom)
2023-12-28 09:08:26,482 [c45be0a3-c489-4780-aa5f-c0744aea279b-groupManagement] INFO  server.RaftServerConfigKeys (ConfUtils.java:logGet(46)) - raft.server.log.statemachine.data.read.timeout = 1000ms (default)
2023-12-28 09:08:26,483 [c45be0a3-c489-4780-aa5f-c0744aea279b-groupManagement] INFO  server.RaftServerConfigKeys (ConfUtils.java:logGet(46)) - raft.server.log.purge.preservation.log.num = 0 (default)
2023-12-28 09:08:26,483 [EventQueue-OpenPipelineForHealthyPipelineSafeModeRule] INFO  safemode.SCMSafeModeManager (HealthyPipelineSafeModeRule.java:process(140)) - SCM in safe mode. Healthy pipelines reported count is 0, required healthy pipeline reported count is 1
2023-12-28 09:08:26,484 [c45be0a3-c489-4780-aa5f-c0744aea279b-groupManagement] INFO  server.RaftServerConfigKeys (ConfUtils.java:logGet(46)) - raft.server.log.segment.size.max = 67108864 (custom)
2023-12-28 09:08:26,484 [c45be0a3-c489-4780-aa5f-c0744aea279b-groupManagement] INFO  server.RaftServerConfigKeys (ConfUtils.java:logGet(46)) - raft.server.log.segment.cache.num.max = 2 (custom)
2023-12-28 09:08:26,484 [c45be0a3-c489-4780-aa5f-c0744aea279b-groupManagement] INFO  server.RaftServerConfigKeys (ConfUtils.java:logGet(46)) - raft.server.log.segment.cache.size.max = 200MB (=209715200) (default)
2023-12-28 09:08:26,484 [c45be0a3-c489-4780-aa5f-c0744aea279b-groupManagement] INFO  server.RaftServerConfigKeys (ConfUtils.java:logGet(46)) - raft.server.log.appender.buffer.byte-limit = 8388608 (custom)
2023-12-28 09:08:26,485 [c45be0a3-c489-4780-aa5f-c0744aea279b-groupManagement] INFO  util.AwaitToRun (AwaitToRun.java:start(81)) - Thread[c45be0a3-c489-4780-aa5f-c0744aea279b@group-9589741A35F8-cacheEviction-AwaitToRun,5,main] started
2023-12-28 09:08:26,485 [c45be0a3-c489-4780-aa5f-c0744aea279b-groupManagement] INFO  segmented.SegmentedRaftLogWorker (SegmentedRaftLogWorker.java:<init>(184)) - new c45be0a3-c489-4780-aa5f-c0744aea279b@group-9589741A35F8-SegmentedRaftLogWorker for RaftStorageImpl:Storage Directory /home/runner/work/ozone/ozone/hadoop-ozone/integration-test/target/test-dir/MiniOzoneClusterImpl-8986566a-fb65-479a-a2d4-a5d5d2c03f68/datanode-4/data/ratis/7fde9c9e-684b-4c0c-a32c-9589741a35f8
2023-12-28 09:08:26,485 [c45be0a3-c489-4780-aa5f-c0744aea279b-groupManagement] INFO  server.RaftServerConfigKeys (ConfUtils.java:logGet(46)) - raft.server.log.queue.byte-limit = 4294967296 (custom)
2023-12-28 09:08:26,485 [c45be0a3-c489-4780-aa5f-c0744aea279b-groupManagement] INFO  server.RaftServerConfigKeys (ConfUtils.java:logGet(46)) - raft.server.log.queue.element-limit = 1024 (custom)
2023-12-28 09:08:26,485 [c45be0a3-c489-4780-aa5f-c0744aea279b-groupManagement] INFO  server.RaftServerConfigKeys (ConfUtils.java:logGet(46)) - raft.server.log.segment.size.max = 67108864 (custom)
2023-12-28 09:08:26,485 [c45be0a3-c489-4780-aa5f-c0744aea279b-groupManagement] INFO  server.RaftServerConfigKeys (ConfUtils.java:logGet(46)) - raft.server.log.preallocated.size = 4194304 (custom)
2023-12-28 09:08:26,485 [c45be0a3-c489-4780-aa5f-c0744aea279b-groupManagement] INFO  server.RaftServerConfigKeys (ConfUtils.java:logGet(46)) - raft.server.log.force.sync.num = 128 (default)
2023-12-28 09:08:26,485 [c45be0a3-c489-4780-aa5f-c0744aea279b-groupManagement] INFO  server.RaftServerConfigKeys (ConfUtils.java:logGet(46)) - raft.server.log.statemachine.data.sync = true (default)
2023-12-28 09:08:26,485 [c45be0a3-c489-4780-aa5f-c0744aea279b-groupManagement] INFO  server.RaftServerConfigKeys (ConfUtils.java:logGet(46)) - raft.server.log.statemachine.data.sync.timeout = 10s (default)
2023-12-28 09:08:26,485 [c45be0a3-c489-4780-aa5f-c0744aea279b-groupManagement] INFO  server.RaftServerConfigKeys (ConfUtils.java:logGet(46)) - raft.server.log.statemachine.data.sync.timeout.retry = 0 (custom)
2023-12-28 09:08:26,486 [c45be0a3-c489-4780-aa5f-c0744aea279b-groupManagement] INFO  server.RaftServerConfigKeys (ConfUtils.java:logGet(46)) - raft.server.log.write.buffer.size = 8388616 (custom)
2023-12-28 09:08:26,487 [c45be0a3-c489-4780-aa5f-c0744aea279b-groupManagement] INFO  server.RaftServerConfigKeys (ConfUtils.java:logGet(46)) - raft.server.log.appender.buffer.byte-limit = 8388608 (custom)
2023-12-28 09:08:26,488 [c45be0a3-c489-4780-aa5f-c0744aea279b-groupManagement] INFO  server.RaftServerConfigKeys (ConfUtils.java:logGet(46)) - raft.server.log.unsafe-flush.enabled = false (default)
2023-12-28 09:08:26,488 [c45be0a3-c489-4780-aa5f-c0744aea279b-groupManagement] INFO  server.RaftServerConfigKeys (ConfUtils.java:logGet(46)) - raft.server.log.async-flush.enabled = false (default)
2023-12-28 09:08:26,488 [c45be0a3-c489-4780-aa5f-c0744aea279b-groupManagement] INFO  server.RaftServerConfigKeys (ConfUtils.java:logGet(46)) - raft.server.log.statemachine.data.caching.enabled = true (custom)
2023-12-28 09:08:26,488 [c45be0a3-c489-4780-aa5f-c0744aea279b-groupManagement] INFO  segmented.SegmentedRaftLogWorker (SegmentedRaftLogWorker.java:lambda$new$0(135)) - c45be0a3-c489-4780-aa5f-c0744aea279b@group-9589741A35F8-SegmentedRaftLogWorker: flushIndex: setUnconditionally 0 -> -1
2023-12-28 09:08:26,488 [c45be0a3-c489-4780-aa5f-c0744aea279b-groupManagement] INFO  segmented.SegmentedRaftLogWorker (SegmentedRaftLogWorker.java:lambda$new$0(135)) - c45be0a3-c489-4780-aa5f-c0744aea279b@group-9589741A35F8-SegmentedRaftLogWorker: safeCacheEvictIndex: setUnconditionally 0 -> -1
2023-12-28 09:08:26,489 [c45be0a3-c489-4780-aa5f-c0744aea279b-groupManagement] INFO  server.RaftServer$Division (RaftServerImpl.java:start(392)) - c45be0a3-c489-4780-aa5f-c0744aea279b@group-9589741A35F8: start as a follower, conf=-1: peers:[c45be0a3-c489-4780-aa5f-c0744aea279b|10.1.0.14:15139, f1f58aef-51f9-473c-80a3-23da74561150|10.1.0.14:15130, a88a6c70-ad04-4ba2-9985-df8f03985c47|10.1.0.14:15148]|listeners:[], old=null
2023-12-28 09:08:26,489 [c45be0a3-c489-4780-aa5f-c0744aea279b-groupManagement] INFO  server.RaftServer$Division (RaftServerImpl.java:setRole(379)) - c45be0a3-c489-4780-aa5f-c0744aea279b@group-9589741A35F8: changes role from      null to FOLLOWER at term 0 for startAsFollower
2023-12-28 09:08:26,489 [c45be0a3-c489-4780-aa5f-c0744aea279b-groupManagement] INFO  impl.RoleInfo (RoleInfo.java:updateAndGet(139)) - c45be0a3-c489-4780-aa5f-c0744aea279b: start c45be0a3-c489-4780-aa5f-c0744aea279b@group-9589741A35F8-FollowerState
2023-12-28 09:08:26,489 [c45be0a3-c489-4780-aa5f-c0744aea279b-groupManagement] INFO  util.JmxRegister (JmxRegister.java:tryRegister(44)) - Successfully registered JMX Bean with object name Ratis:service=RaftServer,group=group-9589741A35F8,id=c45be0a3-c489-4780-aa5f-c0744aea279b
2023-12-28 09:08:26,489 [c45be0a3-c489-4780-aa5f-c0744aea279b-groupManagement] INFO  server.RaftServerConfigKeys (ConfUtils.java:logGet(46)) - raft.server.snapshot.trigger-when-stop.enabled = true (default)
2023-12-28 09:08:26,489 [c45be0a3-c489-4780-aa5f-c0744aea279b-groupManagement] INFO  server.RaftServerConfigKeys (ConfUtils.java:logGet(46)) - raft.server.snapshot.auto.trigger.enabled = true (custom)
2023-12-28 09:08:26,489 [c45be0a3-c489-4780-aa5f-c0744aea279b-groupManagement] INFO  server.RaftServerConfigKeys (ConfUtils.java:logGet(46)) - raft.server.snapshot.auto.trigger.threshold = 10000 (custom)
2023-12-28 09:08:26,489 [c45be0a3-c489-4780-aa5f-c0744aea279b-groupManagement] INFO  server.RaftServerConfigKeys (ConfUtils.java:logGet(46)) - raft.server.snapshot.retention.file.num = 5 (custom)
2023-12-28 09:08:26,489 [c45be0a3-c489-4780-aa5f-c0744aea279b-groupManagement] INFO  server.RaftServerConfigKeys (ConfUtils.java:logGet(46)) - raft.server.log.purge.upto.snapshot.index = false (default)
2023-12-28 09:08:26,490 [c45be0a3-c489-4780-aa5f-c0744aea279b@group-9589741A35F8-FollowerState] INFO  server.RaftServerConfigKeys (ConfUtils.java:logFallback(53)) - raft.server.rpc.first-election.timeout.min = 5s (fallback to raft.server.rpc.timeout.min)
2023-12-28 09:08:26,490 [c45be0a3-c489-4780-aa5f-c0744aea279b@group-9589741A35F8-FollowerState] INFO  server.RaftServerConfigKeys (ConfUtils.java:logFallback(53)) - raft.server.rpc.first-election.timeout.max = 5200ms (fallback to raft.server.rpc.timeout.max)
2023-12-28 09:08:26,495 [f1f58aef-51f9-473c-80a3-23da74561150-PipelineCommandHandlerThread-0] INFO  commandhandler.CreatePipelineCommandHandler (CreatePipelineCommandHandler.java:lambda$handle$2(124)) - Created Pipeline RATIS THREE PipelineID=7fde9c9e-684b-4c0c-a32c-9589741a35f8.
2023-12-28 09:08:26,548 [a88a6c70-ad04-4ba2-9985-df8f03985c47-PipelineCommandHandlerThread-0] INFO  server.RaftServer (RaftServerProxy.java:addNew(100)) - a88a6c70-ad04-4ba2-9985-df8f03985c47: addNew group-A7BD0E20D77C:[a88a6c70-ad04-4ba2-9985-df8f03985c47|10.1.0.14:15148] returns group-A7BD0E20D77C:java.util.concurrent.CompletableFuture@104c40b2[Not completed]
2023-12-28 09:08:26,549 [a88a6c70-ad04-4ba2-9985-df8f03985c47-groupManagement] INFO  server.RaftServer$Division (RaftServerImpl.java:<init>(256)) - a88a6c70-ad04-4ba2-9985-df8f03985c47: new RaftServerImpl for group-A7BD0E20D77C:[a88a6c70-ad04-4ba2-9985-df8f03985c47|10.1.0.14:15148] with ContainerStateMachine:uninitialized
2023-12-28 09:08:26,549 [a88a6c70-ad04-4ba2-9985-df8f03985c47-groupManagement] INFO  server.RaftServerConfigKeys (ConfUtils.java:logGet(46)) - raft.server.rpc.timeout.min = 5s (custom)
2023-12-28 09:08:26,549 [a88a6c70-ad04-4ba2-9985-df8f03985c47-groupManagement] INFO  server.RaftServerConfigKeys (ConfUtils.java:logGet(46)) - raft.server.rpc.timeout.max = 5200ms (custom)
2023-12-28 09:08:26,549 [a88a6c70-ad04-4ba2-9985-df8f03985c47-groupManagement] INFO  server.RaftServerConfigKeys (ConfUtils.java:logGet(46)) - raft.server.rpc.sleep.time = 25ms (default)
2023-12-28 09:08:26,549 [a88a6c70-ad04-4ba2-9985-df8f03985c47-groupManagement] INFO  server.RaftServerConfigKeys (ConfUtils.java:logGet(46)) - raft.server.rpc.slowness.timeout = 300000ms (custom)
2023-12-28 09:08:26,549 [a88a6c70-ad04-4ba2-9985-df8f03985c47-groupManagement] INFO  server.RaftServerConfigKeys (ConfUtils.java:logGet(46)) - raft.server.leaderelection.leader.step-down.wait-time = 10s (default)
2023-12-28 09:08:26,549 [a88a6c70-ad04-4ba2-9985-df8f03985c47-groupManagement] INFO  server.RaftServerConfigKeys (ConfUtils.java:logGet(46)) - raft.server.leaderelection.member.majority-add = false (default)
2023-12-28 09:08:26,549 [a88a6c70-ad04-4ba2-9985-df8f03985c47-groupManagement] INFO  server.RaftServerConfigKeys (ConfUtils.java:logGet(46)) - raft.server.sleep.deviation.threshold = 300ms (default)
2023-12-28 09:08:26,549 [a88a6c70-ad04-4ba2-9985-df8f03985c47-groupManagement] INFO  server.RaftServer$Division (ServerState.java:<init>(113)) - a88a6c70-ad04-4ba2-9985-df8f03985c47@group-A7BD0E20D77C: ConfigurationManager, init=-1: peers:[a88a6c70-ad04-4ba2-9985-df8f03985c47|10.1.0.14:15148]|listeners:[], old=null, confs=<EMPTY_MAP>
2023-12-28 09:08:26,550 [a88a6c70-ad04-4ba2-9985-df8f03985c47-groupManagement] INFO  server.RaftServerConfigKeys (ConfUtils.java:logGet(46)) - raft.server.notification.no-leader.timeout = 300000ms (custom)
2023-12-28 09:08:26,550 [a88a6c70-ad04-4ba2-9985-df8f03985c47-groupManagement] INFO  server.RaftServerConfigKeys (ConfUtils.java:logGet(46)) - raft.server.read.timeout = 10s (default)
2023-12-28 09:08:26,550 [a88a6c70-ad04-4ba2-9985-df8f03985c47-groupManagement] INFO  server.RaftServerConfigKeys (ConfUtils.java:logGet(46)) - raft.server.retrycache.expirytime = 600000ms (custom)
2023-12-28 09:08:26,550 [a88a6c70-ad04-4ba2-9985-df8f03985c47-groupManagement] INFO  server.RaftServerConfigKeys (ConfUtils.java:logGet(46)) - raft.server.retrycache.statistics.expirytime = 100ms (default)
2023-12-28 09:08:26,550 [a88a6c70-ad04-4ba2-9985-df8f03985c47-groupManagement] INFO  server.RaftServerConfigKeys (ConfUtils.java:logGet(46)) - raft.server.read.option = DEFAULT (default)
2023-12-28 09:08:26,550 [a88a6c70-ad04-4ba2-9985-df8f03985c47-groupManagement] INFO  server.RaftServerConfigKeys (ConfUtils.java:logGet(46)) - raft.server.read.read-after-write-consistent.write-index-cache.expiry-time = 60s (default)
2023-12-28 09:08:26,551 [a88a6c70-ad04-4ba2-9985-df8f03985c47-groupManagement] INFO  server.RaftServerConfigKeys (ConfUtils.java:logGet(46)) - raft.server.rpc.request.timeout = 3000ms (default)
2023-12-28 09:08:26,551 [a88a6c70-ad04-4ba2-9985-df8f03985c47-groupManagement] INFO  server.RaftServerConfigKeys (ConfUtils.java:logGet(46)) - raft.server.log.appender.install.snapshot.enabled = false (custom)
2023-12-28 09:08:26,551 [a88a6c70-ad04-4ba2-9985-df8f03985c47-groupManagement] INFO  server.RaftServerConfigKeys (ConfUtils.java:logGet(46)) - raft.server.threadpool.server.cached = true (default)
2023-12-28 09:08:26,551 [a88a6c70-ad04-4ba2-9985-df8f03985c47-groupManagement] INFO  server.RaftServerConfigKeys (ConfUtils.java:logGet(46)) - raft.server.threadpool.server.size = 0 (default)
2023-12-28 09:08:26,552 [a88a6c70-ad04-4ba2-9985-df8f03985c47-groupManagement] INFO  server.RaftServerConfigKeys (ConfUtils.java:logGet(46)) - raft.server.threadpool.client.cached = true (default)
2023-12-28 09:08:26,552 [a88a6c70-ad04-4ba2-9985-df8f03985c47-groupManagement] INFO  server.RaftServerConfigKeys (ConfUtils.java:logGet(46)) - raft.server.threadpool.client.size = 0 (default)
2023-12-28 09:08:26,552 [a88a6c70-ad04-4ba2-9985-df8f03985c47-groupManagement] INFO  server.RaftServerConfigKeys (ConfUtils.java:logGet(46)) - raft.server.storage.free-space.min = 0MB (=0) (default)
2023-12-28 09:08:26,552 [a88a6c70-ad04-4ba2-9985-df8f03985c47-groupManagement] INFO  server.RaftServerConfigKeys (ConfUtils.java:logGet(46)) - raft.server.log.corruption.policy = EXCEPTION (default)
2023-12-28 09:08:26,552 [a88a6c70-ad04-4ba2-9985-df8f03985c47-groupManagement] INFO  server.RaftServerConfigKeys (ConfUtils.java:logGet(46)) - raft.server.storage.dir = [/home/runner/work/ozone/ozone/hadoop-ozone/integration-test/target/test-dir/MiniOzoneClusterImpl-8986566a-fb65-479a-a2d4-a5d5d2c03f68/datanode-5/data/ratis] (custom)
2023-12-28 09:08:26,552 [a88a6c70-ad04-4ba2-9985-df8f03985c47-groupManagement] INFO  storage.RaftStorageDirectory (RaftStorageDirectoryImpl.java:analyzeStorage(138)) - The storage directory /home/runner/work/ozone/ozone/hadoop-ozone/integration-test/target/test-dir/MiniOzoneClusterImpl-8986566a-fb65-479a-a2d4-a5d5d2c03f68/datanode-5/data/ratis/4f295cec-52c8-4cf4-bb15-a7bd0e20d77c does not exist. Creating ...
2023-12-28 09:08:26,553 [a88a6c70-ad04-4ba2-9985-df8f03985c47-groupManagement] INFO  storage.RaftStorageDirectory (RaftStorageDirectoryImpl.java:tryLock(232)) - Lock on /home/runner/work/ozone/ozone/hadoop-ozone/integration-test/target/test-dir/MiniOzoneClusterImpl-8986566a-fb65-479a-a2d4-a5d5d2c03f68/datanode-5/data/ratis/4f295cec-52c8-4cf4-bb15-a7bd0e20d77c/in_use.lock acquired by nodename 85610@fv-az1384-14
2023-12-28 09:08:26,554 [a88a6c70-ad04-4ba2-9985-df8f03985c47-groupManagement] INFO  storage.RaftStorage (RaftStorageImpl.java:format(97)) - Storage directory /home/runner/work/ozone/ozone/hadoop-ozone/integration-test/target/test-dir/MiniOzoneClusterImpl-8986566a-fb65-479a-a2d4-a5d5d2c03f68/datanode-5/data/ratis/4f295cec-52c8-4cf4-bb15-a7bd0e20d77c has been successfully formatted.
2023-12-28 09:08:26,555 [a88a6c70-ad04-4ba2-9985-df8f03985c47-groupManagement] INFO  ratis.ContainerStateMachine (ContainerStateMachine.java:loadSnapshot(287)) - group-A7BD0E20D77C: The snapshot info is null. Setting the last applied indexto:(t:0, i:~)
2023-12-28 09:08:26,555 [a88a6c70-ad04-4ba2-9985-df8f03985c47-groupManagement] INFO  server.RaftServerConfigKeys (ConfUtils.java:logGet(46)) - raft.server.log.use.memory = false (default)
2023-12-28 09:08:26,555 [a88a6c70-ad04-4ba2-9985-df8f03985c47-groupManagement] INFO  server.RaftServerConfigKeys (ConfUtils.java:logGet(46)) - raft.server.log.purge.gap = 1000000 (custom)
2023-12-28 09:08:26,555 [a88a6c70-ad04-4ba2-9985-df8f03985c47-groupManagement] INFO  server.RaftServerConfigKeys (ConfUtils.java:logGet(46)) - raft.server.log.appender.buffer.byte-limit = 8388608 (custom)
2023-12-28 09:08:26,555 [a88a6c70-ad04-4ba2-9985-df8f03985c47-groupManagement] INFO  server.RaftServerConfigKeys (ConfUtils.java:logGet(46)) - raft.server.log.statemachine.data.read.timeout = 1000ms (default)
2023-12-28 09:08:26,555 [a88a6c70-ad04-4ba2-9985-df8f03985c47-groupManagement] INFO  server.RaftServerConfigKeys (ConfUtils.java:logGet(46)) - raft.server.log.purge.preservation.log.num = 0 (default)
2023-12-28 09:08:26,556 [EventQueue-PipelineReportForPipelineReportHandler] INFO  pipeline.PipelineReportHandler (PipelineReportHandler.java:processPipelineReport(136)) - Opened pipeline PipelineID=4f295cec-52c8-4cf4-bb15-a7bd0e20d77c
2023-12-28 09:08:26,556 [a88a6c70-ad04-4ba2-9985-df8f03985c47-groupManagement] INFO  server.RaftServerConfigKeys (ConfUtils.java:logGet(46)) - raft.server.log.segment.size.max = 67108864 (custom)
2023-12-28 09:08:26,556 [EventQueue-OpenPipelineForHealthyPipelineSafeModeRule] INFO  safemode.SCMSafeModeManager (HealthyPipelineSafeModeRule.java:process(140)) - SCM in safe mode. Healthy pipelines reported count is 0, required healthy pipeline reported count is 1
2023-12-28 09:08:26,557 [a88a6c70-ad04-4ba2-9985-df8f03985c47-groupManagement] INFO  server.RaftServerConfigKeys (ConfUtils.java:logGet(46)) - raft.server.log.segment.cache.num.max = 2 (custom)
2023-12-28 09:08:26,557 [a88a6c70-ad04-4ba2-9985-df8f03985c47-groupManagement] INFO  server.RaftServerConfigKeys (ConfUtils.java:logGet(46)) - raft.server.log.segment.cache.size.max = 200MB (=209715200) (default)
2023-12-28 09:08:26,557 [a88a6c70-ad04-4ba2-9985-df8f03985c47-groupManagement] INFO  server.RaftServerConfigKeys (ConfUtils.java:logGet(46)) - raft.server.log.appender.buffer.byte-limit = 8388608 (custom)
2023-12-28 09:08:26,557 [a88a6c70-ad04-4ba2-9985-df8f03985c47-groupManagement] INFO  util.AwaitToRun (AwaitToRun.java:start(81)) - Thread[a88a6c70-ad04-4ba2-9985-df8f03985c47@group-A7BD0E20D77C-cacheEviction-AwaitToRun,5,main] started
2023-12-28 09:08:26,557 [a88a6c70-ad04-4ba2-9985-df8f03985c47-groupManagement] INFO  segmented.SegmentedRaftLogWorker (SegmentedRaftLogWorker.java:<init>(184)) - new a88a6c70-ad04-4ba2-9985-df8f03985c47@group-A7BD0E20D77C-SegmentedRaftLogWorker for RaftStorageImpl:Storage Directory /home/runner/work/ozone/ozone/hadoop-ozone/integration-test/target/test-dir/MiniOzoneClusterImpl-8986566a-fb65-479a-a2d4-a5d5d2c03f68/datanode-5/data/ratis/4f295cec-52c8-4cf4-bb15-a7bd0e20d77c
2023-12-28 09:08:26,557 [a88a6c70-ad04-4ba2-9985-df8f03985c47-groupManagement] INFO  server.RaftServerConfigKeys (ConfUtils.java:logGet(46)) - raft.server.log.queue.byte-limit = 4294967296 (custom)
2023-12-28 09:08:26,557 [a88a6c70-ad04-4ba2-9985-df8f03985c47-groupManagement] INFO  server.RaftServerConfigKeys (ConfUtils.java:logGet(46)) - raft.server.log.queue.element-limit = 1024 (custom)
2023-12-28 09:08:26,557 [a88a6c70-ad04-4ba2-9985-df8f03985c47-groupManagement] INFO  server.RaftServerConfigKeys (ConfUtils.java:logGet(46)) - raft.server.log.segment.size.max = 67108864 (custom)
2023-12-28 09:08:26,557 [a88a6c70-ad04-4ba2-9985-df8f03985c47-groupManagement] INFO  server.RaftServerConfigKeys (ConfUtils.java:logGet(46)) - raft.server.log.preallocated.size = 4194304 (custom)
2023-12-28 09:08:26,558 [a88a6c70-ad04-4ba2-9985-df8f03985c47-groupManagement] INFO  server.RaftServerConfigKeys (ConfUtils.java:logGet(46)) - raft.server.log.force.sync.num = 128 (default)
2023-12-28 09:08:26,558 [a88a6c70-ad04-4ba2-9985-df8f03985c47-groupManagement] INFO  server.RaftServerConfigKeys (ConfUtils.java:logGet(46)) - raft.server.log.statemachine.data.sync = true (default)
2023-12-28 09:08:26,558 [a88a6c70-ad04-4ba2-9985-df8f03985c47-groupManagement] INFO  server.RaftServerConfigKeys (ConfUtils.java:logGet(46)) - raft.server.log.statemachine.data.sync.timeout = 10s (default)
2023-12-28 09:08:26,558 [a88a6c70-ad04-4ba2-9985-df8f03985c47-groupManagement] INFO  server.RaftServerConfigKeys (ConfUtils.java:logGet(46)) - raft.server.log.statemachine.data.sync.timeout.retry = 0 (custom)
2023-12-28 09:08:26,558 [a88a6c70-ad04-4ba2-9985-df8f03985c47-groupManagement] INFO  server.RaftServerConfigKeys (ConfUtils.java:logGet(46)) - raft.server.log.write.buffer.size = 8388616 (custom)
2023-12-28 09:08:26,560 [a88a6c70-ad04-4ba2-9985-df8f03985c47-groupManagement] INFO  server.RaftServerConfigKeys (ConfUtils.java:logGet(46)) - raft.server.log.appender.buffer.byte-limit = 8388608 (custom)
2023-12-28 09:08:26,560 [a88a6c70-ad04-4ba2-9985-df8f03985c47-groupManagement] INFO  server.RaftServerConfigKeys (ConfUtils.java:logGet(46)) - raft.server.log.unsafe-flush.enabled = false (default)
2023-12-28 09:08:26,560 [a88a6c70-ad04-4ba2-9985-df8f03985c47-groupManagement] INFO  server.RaftServerConfigKeys (ConfUtils.java:logGet(46)) - raft.server.log.async-flush.enabled = false (default)
2023-12-28 09:08:26,560 [a88a6c70-ad04-4ba2-9985-df8f03985c47-groupManagement] INFO  server.RaftServerConfigKeys (ConfUtils.java:logGet(46)) - raft.server.log.statemachine.data.caching.enabled = true (custom)
2023-12-28 09:08:26,560 [a88a6c70-ad04-4ba2-9985-df8f03985c47-groupManagement] INFO  segmented.SegmentedRaftLogWorker (SegmentedRaftLogWorker.java:lambda$new$0(135)) - a88a6c70-ad04-4ba2-9985-df8f03985c47@group-A7BD0E20D77C-SegmentedRaftLogWorker: flushIndex: setUnconditionally 0 -> -1
2023-12-28 09:08:26,560 [a88a6c70-ad04-4ba2-9985-df8f03985c47-groupManagement] INFO  segmented.SegmentedRaftLogWorker (SegmentedRaftLogWorker.java:lambda$new$0(135)) - a88a6c70-ad04-4ba2-9985-df8f03985c47@group-A7BD0E20D77C-SegmentedRaftLogWorker: safeCacheEvictIndex: setUnconditionally 0 -> -1
2023-12-28 09:08:26,561 [a88a6c70-ad04-4ba2-9985-df8f03985c47-groupManagement] INFO  server.RaftServer$Division (RaftServerImpl.java:start(392)) - a88a6c70-ad04-4ba2-9985-df8f03985c47@group-A7BD0E20D77C: start as a follower, conf=-1: peers:[a88a6c70-ad04-4ba2-9985-df8f03985c47|10.1.0.14:15148]|listeners:[], old=null
2023-12-28 09:08:26,561 [a88a6c70-ad04-4ba2-9985-df8f03985c47-groupManagement] INFO  server.RaftServer$Division (RaftServerImpl.java:setRole(379)) - a88a6c70-ad04-4ba2-9985-df8f03985c47@group-A7BD0E20D77C: changes role from      null to FOLLOWER at term 0 for startAsFollower
2023-12-28 09:08:26,561 [a88a6c70-ad04-4ba2-9985-df8f03985c47-groupManagement] INFO  impl.RoleInfo (RoleInfo.java:updateAndGet(139)) - a88a6c70-ad04-4ba2-9985-df8f03985c47: start a88a6c70-ad04-4ba2-9985-df8f03985c47@group-A7BD0E20D77C-FollowerState
2023-12-28 09:08:26,561 [a88a6c70-ad04-4ba2-9985-df8f03985c47-groupManagement] INFO  util.JmxRegister (JmxRegister.java:tryRegister(44)) - Successfully registered JMX Bean with object name Ratis:service=RaftServer,group=group-A7BD0E20D77C,id=a88a6c70-ad04-4ba2-9985-df8f03985c47
2023-12-28 09:08:26,561 [a88a6c70-ad04-4ba2-9985-df8f03985c47@group-A7BD0E20D77C-FollowerState] INFO  server.RaftServerConfigKeys (ConfUtils.java:logFallback(53)) - raft.server.rpc.first-election.timeout.min = 5s (fallback to raft.server.rpc.timeout.min)
2023-12-28 09:08:26,561 [a88a6c70-ad04-4ba2-9985-df8f03985c47-groupManagement] INFO  server.RaftServerConfigKeys (ConfUtils.java:logGet(46)) - raft.server.snapshot.trigger-when-stop.enabled = true (default)
2023-12-28 09:08:26,561 [a88a6c70-ad04-4ba2-9985-df8f03985c47@group-A7BD0E20D77C-FollowerState] INFO  server.RaftServerConfigKeys (ConfUtils.java:logFallback(53)) - raft.server.rpc.first-election.timeout.max = 5200ms (fallback to raft.server.rpc.timeout.max)
2023-12-28 09:08:26,561 [a88a6c70-ad04-4ba2-9985-df8f03985c47-groupManagement] INFO  server.RaftServerConfigKeys (ConfUtils.java:logGet(46)) - raft.server.snapshot.auto.trigger.enabled = true (custom)
2023-12-28 09:08:26,561 [a88a6c70-ad04-4ba2-9985-df8f03985c47-groupManagement] INFO  server.RaftServerConfigKeys (ConfUtils.java:logGet(46)) - raft.server.snapshot.auto.trigger.threshold = 10000 (custom)
2023-12-28 09:08:26,561 [a88a6c70-ad04-4ba2-9985-df8f03985c47-groupManagement] INFO  server.RaftServerConfigKeys (ConfUtils.java:logGet(46)) - raft.server.snapshot.retention.file.num = 5 (custom)
2023-12-28 09:08:26,561 [a88a6c70-ad04-4ba2-9985-df8f03985c47-groupManagement] INFO  server.RaftServerConfigKeys (ConfUtils.java:logGet(46)) - raft.server.log.purge.upto.snapshot.index = false (default)
2023-12-28 09:08:26,562 [a88a6c70-ad04-4ba2-9985-df8f03985c47-PipelineCommandHandlerThread-0] INFO  ratis.XceiverServerRatis (XceiverServerRatis.java:addGroup(837)) - Created group PipelineID=4f295cec-52c8-4cf4-bb15-a7bd0e20d77c
2023-12-28 09:08:26,562 [a88a6c70-ad04-4ba2-9985-df8f03985c47-PipelineCommandHandlerThread-0] INFO  commandhandler.CreatePipelineCommandHandler (CreatePipelineCommandHandler.java:lambda$handle$2(124)) - Created Pipeline RATIS ONE PipelineID=4f295cec-52c8-4cf4-bb15-a7bd0e20d77c.
2023-12-28 09:08:26,640 [9e792a6f-77db-4c9d-ab1c-4b4be3f2ae56-PipelineCommandHandlerThread-0] INFO  server.RaftServer (RaftServerProxy.java:addNew(100)) - 9e792a6f-77db-4c9d-ab1c-4b4be3f2ae56: addNew group-95CD33AA20EA:[9e792a6f-77db-4c9d-ab1c-4b4be3f2ae56|10.1.0.14:15157] returns group-95CD33AA20EA:java.util.concurrent.CompletableFuture@22b25add[Not completed]
2023-12-28 09:08:26,640 [9e792a6f-77db-4c9d-ab1c-4b4be3f2ae56-groupManagement] INFO  server.RaftServer$Division (RaftServerImpl.java:<init>(256)) - 9e792a6f-77db-4c9d-ab1c-4b4be3f2ae56: new RaftServerImpl for group-95CD33AA20EA:[9e792a6f-77db-4c9d-ab1c-4b4be3f2ae56|10.1.0.14:15157] with ContainerStateMachine:uninitialized
2023-12-28 09:08:26,640 [9e792a6f-77db-4c9d-ab1c-4b4be3f2ae56-groupManagement] INFO  server.RaftServerConfigKeys (ConfUtils.java:logGet(46)) - raft.server.rpc.timeout.min = 5s (custom)
2023-12-28 09:08:26,640 [9e792a6f-77db-4c9d-ab1c-4b4be3f2ae56-groupManagement] INFO  server.RaftServerConfigKeys (ConfUtils.java:logGet(46)) - raft.server.rpc.timeout.max = 5200ms (custom)
2023-12-28 09:08:26,640 [9e792a6f-77db-4c9d-ab1c-4b4be3f2ae56-groupManagement] INFO  server.RaftServerConfigKeys (ConfUtils.java:logGet(46)) - raft.server.rpc.sleep.time = 25ms (default)
2023-12-28 09:08:26,640 [9e792a6f-77db-4c9d-ab1c-4b4be3f2ae56-groupManagement] INFO  server.RaftServerConfigKeys (ConfUtils.java:logGet(46)) - raft.server.rpc.slowness.timeout = 300000ms (custom)
2023-12-28 09:08:26,640 [9e792a6f-77db-4c9d-ab1c-4b4be3f2ae56-groupManagement] INFO  server.RaftServerConfigKeys (ConfUtils.java:logGet(46)) - raft.server.leaderelection.leader.step-down.wait-time = 10s (default)
2023-12-28 09:08:26,640 [9e792a6f-77db-4c9d-ab1c-4b4be3f2ae56-groupManagement] INFO  server.RaftServerConfigKeys (ConfUtils.java:logGet(46)) - raft.server.leaderelection.member.majority-add = false (default)
2023-12-28 09:08:26,640 [9e792a6f-77db-4c9d-ab1c-4b4be3f2ae56-groupManagement] INFO  server.RaftServerConfigKeys (ConfUtils.java:logGet(46)) - raft.server.sleep.deviation.threshold = 300ms (default)
2023-12-28 09:08:26,641 [9e792a6f-77db-4c9d-ab1c-4b4be3f2ae56-groupManagement] INFO  server.RaftServer$Division (ServerState.java:<init>(113)) - 9e792a6f-77db-4c9d-ab1c-4b4be3f2ae56@group-95CD33AA20EA: ConfigurationManager, init=-1: peers:[9e792a6f-77db-4c9d-ab1c-4b4be3f2ae56|10.1.0.14:15157]|listeners:[], old=null, confs=<EMPTY_MAP>
2023-12-28 09:08:26,641 [9e792a6f-77db-4c9d-ab1c-4b4be3f2ae56-groupManagement] INFO  server.RaftServerConfigKeys (ConfUtils.java:logGet(46)) - raft.server.notification.no-leader.timeout = 300000ms (custom)
2023-12-28 09:08:26,641 [9e792a6f-77db-4c9d-ab1c-4b4be3f2ae56-groupManagement] INFO  server.RaftServerConfigKeys (ConfUtils.java:logGet(46)) - raft.server.read.timeout = 10s (default)
2023-12-28 09:08:26,641 [9e792a6f-77db-4c9d-ab1c-4b4be3f2ae56-groupManagement] INFO  server.RaftServerConfigKeys (ConfUtils.java:logGet(46)) - raft.server.retrycache.expirytime = 600000ms (custom)
2023-12-28 09:08:26,641 [9e792a6f-77db-4c9d-ab1c-4b4be3f2ae56-groupManagement] INFO  server.RaftServerConfigKeys (ConfUtils.java:logGet(46)) - raft.server.retrycache.statistics.expirytime = 100ms (default)
2023-12-28 09:08:26,641 [9e792a6f-77db-4c9d-ab1c-4b4be3f2ae56-groupManagement] INFO  server.RaftServerConfigKeys (ConfUtils.java:logGet(46)) - raft.server.read.option = DEFAULT (default)
2023-12-28 09:08:26,641 [9e792a6f-77db-4c9d-ab1c-4b4be3f2ae56-groupManagement] INFO  server.RaftServerConfigKeys (ConfUtils.java:logGet(46)) - raft.server.read.read-after-write-consistent.write-index-cache.expiry-time = 60s (default)
2023-12-28 09:08:26,643 [9e792a6f-77db-4c9d-ab1c-4b4be3f2ae56-groupManagement] INFO  server.RaftServerConfigKeys (ConfUtils.java:logGet(46)) - raft.server.rpc.request.timeout = 3000ms (default)
2023-12-28 09:08:26,643 [9e792a6f-77db-4c9d-ab1c-4b4be3f2ae56-groupManagement] INFO  server.RaftServerConfigKeys (ConfUtils.java:logGet(46)) - raft.server.log.appender.install.snapshot.enabled = false (custom)
2023-12-28 09:08:26,643 [9e792a6f-77db-4c9d-ab1c-4b4be3f2ae56-groupManagement] INFO  server.RaftServerConfigKeys (ConfUtils.java:logGet(46)) - raft.server.threadpool.server.cached = true (default)
2023-12-28 09:08:26,643 [9e792a6f-77db-4c9d-ab1c-4b4be3f2ae56-groupManagement] INFO  server.RaftServerConfigKeys (ConfUtils.java:logGet(46)) - raft.server.threadpool.server.size = 0 (default)
2023-12-28 09:08:26,643 [9e792a6f-77db-4c9d-ab1c-4b4be3f2ae56-groupManagement] INFO  server.RaftServerConfigKeys (ConfUtils.java:logGet(46)) - raft.server.threadpool.client.cached = true (default)
2023-12-28 09:08:26,643 [9e792a6f-77db-4c9d-ab1c-4b4be3f2ae56-groupManagement] INFO  server.RaftServerConfigKeys (ConfUtils.java:logGet(46)) - raft.server.threadpool.client.size = 0 (default)
2023-12-28 09:08:26,643 [9e792a6f-77db-4c9d-ab1c-4b4be3f2ae56-groupManagement] INFO  server.RaftServerConfigKeys (ConfUtils.java:logGet(46)) - raft.server.storage.free-space.min = 0MB (=0) (default)
2023-12-28 09:08:26,643 [9e792a6f-77db-4c9d-ab1c-4b4be3f2ae56-groupManagement] INFO  server.RaftServerConfigKeys (ConfUtils.java:logGet(46)) - raft.server.log.corruption.policy = EXCEPTION (default)
2023-12-28 09:08:26,643 [9e792a6f-77db-4c9d-ab1c-4b4be3f2ae56-groupManagement] INFO  server.RaftServerConfigKeys (ConfUtils.java:logGet(46)) - raft.server.storage.dir = [/home/runner/work/ozone/ozone/hadoop-ozone/integration-test/target/test-dir/MiniOzoneClusterImpl-8986566a-fb65-479a-a2d4-a5d5d2c03f68/datanode-6/data/ratis] (custom)
2023-12-28 09:08:26,643 [9e792a6f-77db-4c9d-ab1c-4b4be3f2ae56-groupManagement] INFO  storage.RaftStorageDirectory (RaftStorageDirectoryImpl.java:analyzeStorage(138)) - The storage directory /home/runner/work/ozone/ozone/hadoop-ozone/integration-test/target/test-dir/MiniOzoneClusterImpl-8986566a-fb65-479a-a2d4-a5d5d2c03f68/datanode-6/data/ratis/86a33720-acd2-42e4-bbba-95cd33aa20ea does not exist. Creating ...
2023-12-28 09:08:26,644 [9e792a6f-77db-4c9d-ab1c-4b4be3f2ae56-groupManagement] INFO  storage.RaftStorageDirectory (RaftStorageDirectoryImpl.java:tryLock(232)) - Lock on /home/runner/work/ozone/ozone/hadoop-ozone/integration-test/target/test-dir/MiniOzoneClusterImpl-8986566a-fb65-479a-a2d4-a5d5d2c03f68/datanode-6/data/ratis/86a33720-acd2-42e4-bbba-95cd33aa20ea/in_use.lock acquired by nodename 85610@fv-az1384-14
2023-12-28 09:08:26,645 [9e792a6f-77db-4c9d-ab1c-4b4be3f2ae56-groupManagement] INFO  storage.RaftStorage (RaftStorageImpl.java:format(97)) - Storage directory /home/runner/work/ozone/ozone/hadoop-ozone/integration-test/target/test-dir/MiniOzoneClusterImpl-8986566a-fb65-479a-a2d4-a5d5d2c03f68/datanode-6/data/ratis/86a33720-acd2-42e4-bbba-95cd33aa20ea has been successfully formatted.
2023-12-28 09:08:26,647 [9e792a6f-77db-4c9d-ab1c-4b4be3f2ae56-groupManagement] INFO  ratis.ContainerStateMachine (ContainerStateMachine.java:loadSnapshot(287)) - group-95CD33AA20EA: The snapshot info is null. Setting the last applied indexto:(t:0, i:~)
2023-12-28 09:08:26,647 [9e792a6f-77db-4c9d-ab1c-4b4be3f2ae56-groupManagement] INFO  server.RaftServerConfigKeys (ConfUtils.java:logGet(46)) - raft.server.log.use.memory = false (default)
2023-12-28 09:08:26,647 [9e792a6f-77db-4c9d-ab1c-4b4be3f2ae56-groupManagement] INFO  server.RaftServerConfigKeys (ConfUtils.java:logGet(46)) - raft.server.log.purge.gap = 1000000 (custom)
2023-12-28 09:08:26,647 [9e792a6f-77db-4c9d-ab1c-4b4be3f2ae56-groupManagement] INFO  server.RaftServerConfigKeys (ConfUtils.java:logGet(46)) - raft.server.log.appender.buffer.byte-limit = 8388608 (custom)
2023-12-28 09:08:26,647 [9e792a6f-77db-4c9d-ab1c-4b4be3f2ae56-groupManagement] INFO  server.RaftServerConfigKeys (ConfUtils.java:logGet(46)) - raft.server.log.statemachine.data.read.timeout = 1000ms (default)
2023-12-28 09:08:26,647 [9e792a6f-77db-4c9d-ab1c-4b4be3f2ae56-groupManagement] INFO  server.RaftServerConfigKeys (ConfUtils.java:logGet(46)) - raft.server.log.purge.preservation.log.num = 0 (default)
2023-12-28 09:08:26,648 [EventQueue-PipelineReportForPipelineReportHandler] INFO  pipeline.PipelineReportHandler (PipelineReportHandler.java:processPipelineReport(136)) - Opened pipeline PipelineID=86a33720-acd2-42e4-bbba-95cd33aa20ea
2023-12-28 09:08:26,648 [EventQueue-OpenPipelineForHealthyPipelineSafeModeRule] INFO  safemode.SCMSafeModeManager (HealthyPipelineSafeModeRule.java:process(140)) - SCM in safe mode. Healthy pipelines reported count is 0, required healthy pipeline reported count is 1
2023-12-28 09:08:26,648 [9e792a6f-77db-4c9d-ab1c-4b4be3f2ae56-groupManagement] INFO  server.RaftServerConfigKeys (ConfUtils.java:logGet(46)) - raft.server.log.segment.size.max = 67108864 (custom)
2023-12-28 09:08:26,648 [9e792a6f-77db-4c9d-ab1c-4b4be3f2ae56-groupManagement] INFO  server.RaftServerConfigKeys (ConfUtils.java:logGet(46)) - raft.server.log.segment.cache.num.max = 2 (custom)
2023-12-28 09:08:26,648 [9e792a6f-77db-4c9d-ab1c-4b4be3f2ae56-groupManagement] INFO  server.RaftServerConfigKeys (ConfUtils.java:logGet(46)) - raft.server.log.segment.cache.size.max = 200MB (=209715200) (default)
2023-12-28 09:08:26,648 [9e792a6f-77db-4c9d-ab1c-4b4be3f2ae56-groupManagement] INFO  server.RaftServerConfigKeys (ConfUtils.java:logGet(46)) - raft.server.log.appender.buffer.byte-limit = 8388608 (custom)
2023-12-28 09:08:26,649 [9e792a6f-77db-4c9d-ab1c-4b4be3f2ae56-groupManagement] INFO  util.AwaitToRun (AwaitToRun.java:start(81)) - Thread[9e792a6f-77db-4c9d-ab1c-4b4be3f2ae56@group-95CD33AA20EA-cacheEviction-AwaitToRun,5,main] started
2023-12-28 09:08:26,649 [9e792a6f-77db-4c9d-ab1c-4b4be3f2ae56-groupManagement] INFO  segmented.SegmentedRaftLogWorker (SegmentedRaftLogWorker.java:<init>(184)) - new 9e792a6f-77db-4c9d-ab1c-4b4be3f2ae56@group-95CD33AA20EA-SegmentedRaftLogWorker for RaftStorageImpl:Storage Directory /home/runner/work/ozone/ozone/hadoop-ozone/integration-test/target/test-dir/MiniOzoneClusterImpl-8986566a-fb65-479a-a2d4-a5d5d2c03f68/datanode-6/data/ratis/86a33720-acd2-42e4-bbba-95cd33aa20ea
2023-12-28 09:08:26,649 [9e792a6f-77db-4c9d-ab1c-4b4be3f2ae56-groupManagement] INFO  server.RaftServerConfigKeys (ConfUtils.java:logGet(46)) - raft.server.log.queue.byte-limit = 4294967296 (custom)
2023-12-28 09:08:26,649 [9e792a6f-77db-4c9d-ab1c-4b4be3f2ae56-groupManagement] INFO  server.RaftServerConfigKeys (ConfUtils.java:logGet(46)) - raft.server.log.queue.element-limit = 1024 (custom)
2023-12-28 09:08:26,649 [9e792a6f-77db-4c9d-ab1c-4b4be3f2ae56-groupManagement] INFO  server.RaftServerConfigKeys (ConfUtils.java:logGet(46)) - raft.server.log.segment.size.max = 67108864 (custom)
2023-12-28 09:08:26,649 [9e792a6f-77db-4c9d-ab1c-4b4be3f2ae56-groupManagement] INFO  server.RaftServerConfigKeys (ConfUtils.java:logGet(46)) - raft.server.log.preallocated.size = 4194304 (custom)
2023-12-28 09:08:26,649 [9e792a6f-77db-4c9d-ab1c-4b4be3f2ae56-groupManagement] INFO  server.RaftServerConfigKeys (ConfUtils.java:logGet(46)) - raft.server.log.force.sync.num = 128 (default)
2023-12-28 09:08:26,649 [9e792a6f-77db-4c9d-ab1c-4b4be3f2ae56-groupManagement] INFO  server.RaftServerConfigKeys (ConfUtils.java:logGet(46)) - raft.server.log.statemachine.data.sync = true (default)
2023-12-28 09:08:26,649 [9e792a6f-77db-4c9d-ab1c-4b4be3f2ae56-groupManagement] INFO  server.RaftServerConfigKeys (ConfUtils.java:logGet(46)) - raft.server.log.statemachine.data.sync.timeout = 10s (default)
2023-12-28 09:08:26,649 [9e792a6f-77db-4c9d-ab1c-4b4be3f2ae56-groupManagement] INFO  server.RaftServerConfigKeys (ConfUtils.java:logGet(46)) - raft.server.log.statemachine.data.sync.timeout.retry = 0 (custom)
2023-12-28 09:08:26,650 [9e792a6f-77db-4c9d-ab1c-4b4be3f2ae56-groupManagement] INFO  server.RaftServerConfigKeys (ConfUtils.java:logGet(46)) - raft.server.log.write.buffer.size = 8388616 (custom)
2023-12-28 09:08:26,651 [9e792a6f-77db-4c9d-ab1c-4b4be3f2ae56-groupManagement] INFO  server.RaftServerConfigKeys (ConfUtils.java:logGet(46)) - raft.server.log.appender.buffer.byte-limit = 8388608 (custom)
2023-12-28 09:08:26,652 [9e792a6f-77db-4c9d-ab1c-4b4be3f2ae56-groupManagement] INFO  server.RaftServerConfigKeys (ConfUtils.java:logGet(46)) - raft.server.log.unsafe-flush.enabled = false (default)
2023-12-28 09:08:26,652 [9e792a6f-77db-4c9d-ab1c-4b4be3f2ae56-groupManagement] INFO  server.RaftServerConfigKeys (ConfUtils.java:logGet(46)) - raft.server.log.async-flush.enabled = false (default)
2023-12-28 09:08:26,652 [9e792a6f-77db-4c9d-ab1c-4b4be3f2ae56-groupManagement] INFO  server.RaftServerConfigKeys (ConfUtils.java:logGet(46)) - raft.server.log.statemachine.data.caching.enabled = true (custom)
2023-12-28 09:08:26,652 [9e792a6f-77db-4c9d-ab1c-4b4be3f2ae56-groupManagement] INFO  segmented.SegmentedRaftLogWorker (SegmentedRaftLogWorker.java:lambda$new$0(135)) - 9e792a6f-77db-4c9d-ab1c-4b4be3f2ae56@group-95CD33AA20EA-SegmentedRaftLogWorker: flushIndex: setUnconditionally 0 -> -1
2023-12-28 09:08:26,652 [9e792a6f-77db-4c9d-ab1c-4b4be3f2ae56-groupManagement] INFO  segmented.SegmentedRaftLogWorker (SegmentedRaftLogWorker.java:lambda$new$0(135)) - 9e792a6f-77db-4c9d-ab1c-4b4be3f2ae56@group-95CD33AA20EA-SegmentedRaftLogWorker: safeCacheEvictIndex: setUnconditionally 0 -> -1
2023-12-28 09:08:26,652 [9e792a6f-77db-4c9d-ab1c-4b4be3f2ae56-groupManagement] INFO  server.RaftServer$Division (RaftServerImpl.java:start(392)) - 9e792a6f-77db-4c9d-ab1c-4b4be3f2ae56@group-95CD33AA20EA: start as a follower, conf=-1: peers:[9e792a6f-77db-4c9d-ab1c-4b4be3f2ae56|10.1.0.14:15157]|listeners:[], old=null
2023-12-28 09:08:26,652 [9e792a6f-77db-4c9d-ab1c-4b4be3f2ae56-groupManagement] INFO  server.RaftServer$Division (RaftServerImpl.java:setRole(379)) - 9e792a6f-77db-4c9d-ab1c-4b4be3f2ae56@group-95CD33AA20EA: changes role from      null to FOLLOWER at term 0 for startAsFollower
2023-12-28 09:08:26,652 [9e792a6f-77db-4c9d-ab1c-4b4be3f2ae56-groupManagement] INFO  impl.RoleInfo (RoleInfo.java:updateAndGet(139)) - 9e792a6f-77db-4c9d-ab1c-4b4be3f2ae56: start 9e792a6f-77db-4c9d-ab1c-4b4be3f2ae56@group-95CD33AA20EA-FollowerState
2023-12-28 09:08:26,653 [9e792a6f-77db-4c9d-ab1c-4b4be3f2ae56@group-95CD33AA20EA-FollowerState] INFO  server.RaftServerConfigKeys (ConfUtils.java:logFallback(53)) - raft.server.rpc.first-election.timeout.min = 5s (fallback to raft.server.rpc.timeout.min)
2023-12-28 09:08:26,653 [9e792a6f-77db-4c9d-ab1c-4b4be3f2ae56-groupManagement] INFO  util.JmxRegister (JmxRegister.java:tryRegister(44)) - Successfully registered JMX Bean with object name Ratis:service=RaftServer,group=group-95CD33AA20EA,id=9e792a6f-77db-4c9d-ab1c-4b4be3f2ae56
2023-12-28 09:08:26,653 [9e792a6f-77db-4c9d-ab1c-4b4be3f2ae56@group-95CD33AA20EA-FollowerState] INFO  server.RaftServerConfigKeys (ConfUtils.java:logFallback(53)) - raft.server.rpc.first-election.timeout.max = 5200ms (fallback to raft.server.rpc.timeout.max)
2023-12-28 09:08:26,653 [9e792a6f-77db-4c9d-ab1c-4b4be3f2ae56-groupManagement] INFO  server.RaftServerConfigKeys (ConfUtils.java:logGet(46)) - raft.server.snapshot.trigger-when-stop.enabled = true (default)
2023-12-28 09:08:26,653 [9e792a6f-77db-4c9d-ab1c-4b4be3f2ae56-groupManagement] INFO  server.RaftServerConfigKeys (ConfUtils.java:logGet(46)) - raft.server.snapshot.auto.trigger.enabled = true (custom)
2023-12-28 09:08:26,653 [9e792a6f-77db-4c9d-ab1c-4b4be3f2ae56-groupManagement] INFO  server.RaftServerConfigKeys (ConfUtils.java:logGet(46)) - raft.server.snapshot.auto.trigger.threshold = 10000 (custom)
2023-12-28 09:08:26,653 [9e792a6f-77db-4c9d-ab1c-4b4be3f2ae56-groupManagement] INFO  server.RaftServerConfigKeys (ConfUtils.java:logGet(46)) - raft.server.snapshot.retention.file.num = 5 (custom)
2023-12-28 09:08:26,653 [9e792a6f-77db-4c9d-ab1c-4b4be3f2ae56-groupManagement] INFO  server.RaftServerConfigKeys (ConfUtils.java:logGet(46)) - raft.server.log.purge.upto.snapshot.index = false (default)
2023-12-28 09:08:26,654 [9e792a6f-77db-4c9d-ab1c-4b4be3f2ae56-PipelineCommandHandlerThread-0] INFO  ratis.XceiverServerRatis (XceiverServerRatis.java:addGroup(837)) - Created group PipelineID=86a33720-acd2-42e4-bbba-95cd33aa20ea
2023-12-28 09:08:26,654 [9e792a6f-77db-4c9d-ab1c-4b4be3f2ae56-PipelineCommandHandlerThread-0] INFO  commandhandler.CreatePipelineCommandHandler (CreatePipelineCommandHandler.java:lambda$handle$2(124)) - Created Pipeline RATIS ONE PipelineID=86a33720-acd2-42e4-bbba-95cd33aa20ea.
2023-12-28 09:08:26,654 [9e792a6f-77db-4c9d-ab1c-4b4be3f2ae56-PipelineCommandHandlerThread-0] INFO  server.RaftServer (RaftServerProxy.java:addNew(100)) - 9e792a6f-77db-4c9d-ab1c-4b4be3f2ae56: addNew group-7A911354CE2F:[dccb7b66-05bf-40d4-a126-9074e1df82c7|10.1.0.14:15166, 9e792a6f-77db-4c9d-ab1c-4b4be3f2ae56|10.1.0.14:15157, 3217eff5-f77e-4cc7-8aa1-ee5fb2ab3194|10.1.0.14:15175] returns group-7A911354CE2F:java.util.concurrent.CompletableFuture@268dca53[Not completed]
2023-12-28 09:08:26,655 [9e792a6f-77db-4c9d-ab1c-4b4be3f2ae56-groupManagement] INFO  server.RaftServer$Division (RaftServerImpl.java:<init>(256)) - 9e792a6f-77db-4c9d-ab1c-4b4be3f2ae56: new RaftServerImpl for group-7A911354CE2F:[dccb7b66-05bf-40d4-a126-9074e1df82c7|10.1.0.14:15166, 9e792a6f-77db-4c9d-ab1c-4b4be3f2ae56|10.1.0.14:15157, 3217eff5-f77e-4cc7-8aa1-ee5fb2ab3194|10.1.0.14:15175] with ContainerStateMachine:uninitialized
2023-12-28 09:08:26,655 [9e792a6f-77db-4c9d-ab1c-4b4be3f2ae56-groupManagement] INFO  server.RaftServerConfigKeys (ConfUtils.java:logGet(46)) - raft.server.rpc.timeout.min = 5s (custom)
2023-12-28 09:08:26,655 [9e792a6f-77db-4c9d-ab1c-4b4be3f2ae56-groupManagement] INFO  server.RaftServerConfigKeys (ConfUtils.java:logGet(46)) - raft.server.rpc.timeout.max = 5200ms (custom)
2023-12-28 09:08:26,655 [9e792a6f-77db-4c9d-ab1c-4b4be3f2ae56-groupManagement] INFO  server.RaftServerConfigKeys (ConfUtils.java:logGet(46)) - raft.server.rpc.sleep.time = 25ms (default)
2023-12-28 09:08:26,655 [9e792a6f-77db-4c9d-ab1c-4b4be3f2ae56-groupManagement] INFO  server.RaftServerConfigKeys (ConfUtils.java:logGet(46)) - raft.server.rpc.slowness.timeout = 300000ms (custom)
2023-12-28 09:08:26,655 [9e792a6f-77db-4c9d-ab1c-4b4be3f2ae56-groupManagement] INFO  server.RaftServerConfigKeys (ConfUtils.java:logGet(46)) - raft.server.leaderelection.leader.step-down.wait-time = 10s (default)
2023-12-28 09:08:26,655 [9e792a6f-77db-4c9d-ab1c-4b4be3f2ae56-groupManagement] INFO  server.RaftServerConfigKeys (ConfUtils.java:logGet(46)) - raft.server.leaderelection.member.majority-add = false (default)
2023-12-28 09:08:26,655 [9e792a6f-77db-4c9d-ab1c-4b4be3f2ae56-groupManagement] INFO  server.RaftServerConfigKeys (ConfUtils.java:logGet(46)) - raft.server.sleep.deviation.threshold = 300ms (default)
2023-12-28 09:08:26,656 [9e792a6f-77db-4c9d-ab1c-4b4be3f2ae56-groupManagement] INFO  server.RaftServer$Division (ServerState.java:<init>(113)) - 9e792a6f-77db-4c9d-ab1c-4b4be3f2ae56@group-7A911354CE2F: ConfigurationManager, init=-1: peers:[dccb7b66-05bf-40d4-a126-9074e1df82c7|10.1.0.14:15166, 9e792a6f-77db-4c9d-ab1c-4b4be3f2ae56|10.1.0.14:15157, 3217eff5-f77e-4cc7-8aa1-ee5fb2ab3194|10.1.0.14:15175]|listeners:[], old=null, confs=<EMPTY_MAP>
2023-12-28 09:08:26,656 [9e792a6f-77db-4c9d-ab1c-4b4be3f2ae56-groupManagement] INFO  server.RaftServerConfigKeys (ConfUtils.java:logGet(46)) - raft.server.notification.no-leader.timeout = 300000ms (custom)
2023-12-28 09:08:26,656 [9e792a6f-77db-4c9d-ab1c-4b4be3f2ae56-groupManagement] INFO  server.RaftServerConfigKeys (ConfUtils.java:logGet(46)) - raft.server.read.timeout = 10s (default)
2023-12-28 09:08:26,656 [9e792a6f-77db-4c9d-ab1c-4b4be3f2ae56-groupManagement] INFO  server.RaftServerConfigKeys (ConfUtils.java:logGet(46)) - raft.server.retrycache.expirytime = 600000ms (custom)
2023-12-28 09:08:26,656 [9e792a6f-77db-4c9d-ab1c-4b4be3f2ae56-groupManagement] INFO  server.RaftServerConfigKeys (ConfUtils.java:logGet(46)) - raft.server.retrycache.statistics.expirytime = 100ms (default)
2023-12-28 09:08:26,656 [9e792a6f-77db-4c9d-ab1c-4b4be3f2ae56-groupManagement] INFO  server.RaftServerConfigKeys (ConfUtils.java:logGet(46)) - raft.server.read.option = DEFAULT (default)
2023-12-28 09:08:26,656 [9e792a6f-77db-4c9d-ab1c-4b4be3f2ae56-groupManagement] INFO  server.RaftServerConfigKeys (ConfUtils.java:logGet(46)) - raft.server.read.read-after-write-consistent.write-index-cache.expiry-time = 60s (default)
2023-12-28 09:08:26,658 [9e792a6f-77db-4c9d-ab1c-4b4be3f2ae56-groupManagement] INFO  server.RaftServerConfigKeys (ConfUtils.java:logGet(46)) - raft.server.rpc.request.timeout = 3000ms (default)
2023-12-28 09:08:26,658 [9e792a6f-77db-4c9d-ab1c-4b4be3f2ae56-groupManagement] INFO  server.RaftServerConfigKeys (ConfUtils.java:logGet(46)) - raft.server.log.appender.install.snapshot.enabled = false (custom)
2023-12-28 09:08:26,658 [9e792a6f-77db-4c9d-ab1c-4b4be3f2ae56-groupManagement] INFO  server.RaftServerConfigKeys (ConfUtils.java:logGet(46)) - raft.server.threadpool.server.cached = true (default)
2023-12-28 09:08:26,658 [9e792a6f-77db-4c9d-ab1c-4b4be3f2ae56-groupManagement] INFO  server.RaftServerConfigKeys (ConfUtils.java:logGet(46)) - raft.server.threadpool.server.size = 0 (default)
2023-12-28 09:08:26,658 [9e792a6f-77db-4c9d-ab1c-4b4be3f2ae56-groupManagement] INFO  server.RaftServerConfigKeys (ConfUtils.java:logGet(46)) - raft.server.threadpool.client.cached = true (default)
2023-12-28 09:08:26,658 [9e792a6f-77db-4c9d-ab1c-4b4be3f2ae56-groupManagement] INFO  server.RaftServerConfigKeys (ConfUtils.java:logGet(46)) - raft.server.threadpool.client.size = 0 (default)
2023-12-28 09:08:26,658 [9e792a6f-77db-4c9d-ab1c-4b4be3f2ae56-groupManagement] INFO  server.RaftServerConfigKeys (ConfUtils.java:logGet(46)) - raft.server.storage.free-space.min = 0MB (=0) (default)
2023-12-28 09:08:26,658 [9e792a6f-77db-4c9d-ab1c-4b4be3f2ae56-groupManagement] INFO  server.RaftServerConfigKeys (ConfUtils.java:logGet(46)) - raft.server.log.corruption.policy = EXCEPTION (default)
2023-12-28 09:08:26,658 [9e792a6f-77db-4c9d-ab1c-4b4be3f2ae56-groupManagement] INFO  server.RaftServerConfigKeys (ConfUtils.java:logGet(46)) - raft.server.storage.dir = [/home/runner/work/ozone/ozone/hadoop-ozone/integration-test/target/test-dir/MiniOzoneClusterImpl-8986566a-fb65-479a-a2d4-a5d5d2c03f68/datanode-6/data/ratis] (custom)
2023-12-28 09:08:26,658 [9e792a6f-77db-4c9d-ab1c-4b4be3f2ae56-groupManagement] INFO  storage.RaftStorageDirectory (RaftStorageDirectoryImpl.java:analyzeStorage(138)) - The storage directory /home/runner/work/ozone/ozone/hadoop-ozone/integration-test/target/test-dir/MiniOzoneClusterImpl-8986566a-fb65-479a-a2d4-a5d5d2c03f68/datanode-6/data/ratis/7d01b0ae-962c-4cf1-9d7b-7a911354ce2f does not exist. Creating ...
2023-12-28 09:08:26,659 [9e792a6f-77db-4c9d-ab1c-4b4be3f2ae56-groupManagement] INFO  storage.RaftStorageDirectory (RaftStorageDirectoryImpl.java:tryLock(232)) - Lock on /home/runner/work/ozone/ozone/hadoop-ozone/integration-test/target/test-dir/MiniOzoneClusterImpl-8986566a-fb65-479a-a2d4-a5d5d2c03f68/datanode-6/data/ratis/7d01b0ae-962c-4cf1-9d7b-7a911354ce2f/in_use.lock acquired by nodename 85610@fv-az1384-14
2023-12-28 09:08:26,660 [9e792a6f-77db-4c9d-ab1c-4b4be3f2ae56-groupManagement] INFO  storage.RaftStorage (RaftStorageImpl.java:format(97)) - Storage directory /home/runner/work/ozone/ozone/hadoop-ozone/integration-test/target/test-dir/MiniOzoneClusterImpl-8986566a-fb65-479a-a2d4-a5d5d2c03f68/datanode-6/data/ratis/7d01b0ae-962c-4cf1-9d7b-7a911354ce2f has been successfully formatted.
2023-12-28 09:08:26,661 [9e792a6f-77db-4c9d-ab1c-4b4be3f2ae56-groupManagement] INFO  ratis.ContainerStateMachine (ContainerStateMachine.java:loadSnapshot(287)) - group-7A911354CE2F: The snapshot info is null. Setting the last applied indexto:(t:0, i:~)
2023-12-28 09:08:26,661 [9e792a6f-77db-4c9d-ab1c-4b4be3f2ae56-groupManagement] INFO  server.RaftServerConfigKeys (ConfUtils.java:logGet(46)) - raft.server.log.use.memory = false (default)
2023-12-28 09:08:26,661 [9e792a6f-77db-4c9d-ab1c-4b4be3f2ae56-groupManagement] INFO  server.RaftServerConfigKeys (ConfUtils.java:logGet(46)) - raft.server.log.purge.gap = 1000000 (custom)
2023-12-28 09:08:26,661 [9e792a6f-77db-4c9d-ab1c-4b4be3f2ae56-groupManagement] INFO  server.RaftServerConfigKeys (ConfUtils.java:logGet(46)) - raft.server.log.appender.buffer.byte-limit = 8388608 (custom)
2023-12-28 09:08:26,661 [9e792a6f-77db-4c9d-ab1c-4b4be3f2ae56-groupManagement] INFO  server.RaftServerConfigKeys (ConfUtils.java:logGet(46)) - raft.server.log.statemachine.data.read.timeout = 1000ms (default)
2023-12-28 09:08:26,661 [9e792a6f-77db-4c9d-ab1c-4b4be3f2ae56-groupManagement] INFO  server.RaftServerConfigKeys (ConfUtils.java:logGet(46)) - raft.server.log.purge.preservation.log.num = 0 (default)
2023-12-28 09:08:26,661 [EventQueue-OpenPipelineForHealthyPipelineSafeModeRule] INFO  safemode.SCMSafeModeManager (HealthyPipelineSafeModeRule.java:process(140)) - SCM in safe mode. Healthy pipelines reported count is 0, required healthy pipeline reported count is 1
2023-12-28 09:08:26,662 [9e792a6f-77db-4c9d-ab1c-4b4be3f2ae56-groupManagement] INFO  server.RaftServerConfigKeys (ConfUtils.java:logGet(46)) - raft.server.log.segment.size.max = 67108864 (custom)
2023-12-28 09:08:26,662 [9e792a6f-77db-4c9d-ab1c-4b4be3f2ae56-groupManagement] INFO  server.RaftServerConfigKeys (ConfUtils.java:logGet(46)) - raft.server.log.segment.cache.num.max = 2 (custom)
2023-12-28 09:08:26,662 [9e792a6f-77db-4c9d-ab1c-4b4be3f2ae56-groupManagement] INFO  server.RaftServerConfigKeys (ConfUtils.java:logGet(46)) - raft.server.log.segment.cache.size.max = 200MB (=209715200) (default)
2023-12-28 09:08:26,662 [9e792a6f-77db-4c9d-ab1c-4b4be3f2ae56-groupManagement] INFO  server.RaftServerConfigKeys (ConfUtils.java:logGet(46)) - raft.server.log.appender.buffer.byte-limit = 8388608 (custom)
2023-12-28 09:08:26,663 [9e792a6f-77db-4c9d-ab1c-4b4be3f2ae56-groupManagement] INFO  util.AwaitToRun (AwaitToRun.java:start(81)) - Thread[9e792a6f-77db-4c9d-ab1c-4b4be3f2ae56@group-7A911354CE2F-cacheEviction-AwaitToRun,5,main] started
2023-12-28 09:08:26,663 [9e792a6f-77db-4c9d-ab1c-4b4be3f2ae56-groupManagement] INFO  segmented.SegmentedRaftLogWorker (SegmentedRaftLogWorker.java:<init>(184)) - new 9e792a6f-77db-4c9d-ab1c-4b4be3f2ae56@group-7A911354CE2F-SegmentedRaftLogWorker for RaftStorageImpl:Storage Directory /home/runner/work/ozone/ozone/hadoop-ozone/integration-test/target/test-dir/MiniOzoneClusterImpl-8986566a-fb65-479a-a2d4-a5d5d2c03f68/datanode-6/data/ratis/7d01b0ae-962c-4cf1-9d7b-7a911354ce2f
2023-12-28 09:08:26,663 [9e792a6f-77db-4c9d-ab1c-4b4be3f2ae56-groupManagement] INFO  server.RaftServerConfigKeys (ConfUtils.java:logGet(46)) - raft.server.log.queue.byte-limit = 4294967296 (custom)
2023-12-28 09:08:26,663 [9e792a6f-77db-4c9d-ab1c-4b4be3f2ae56-groupManagement] INFO  server.RaftServerConfigKeys (ConfUtils.java:logGet(46)) - raft.server.log.queue.element-limit = 1024 (custom)
2023-12-28 09:08:26,663 [9e792a6f-77db-4c9d-ab1c-4b4be3f2ae56-groupManagement] INFO  server.RaftServerConfigKeys (ConfUtils.java:logGet(46)) - raft.server.log.segment.size.max = 67108864 (custom)
2023-12-28 09:08:26,663 [9e792a6f-77db-4c9d-ab1c-4b4be3f2ae56-groupManagement] INFO  server.RaftServerConfigKeys (ConfUtils.java:logGet(46)) - raft.server.log.preallocated.size = 4194304 (custom)
2023-12-28 09:08:26,663 [9e792a6f-77db-4c9d-ab1c-4b4be3f2ae56-groupManagement] INFO  server.RaftServerConfigKeys (ConfUtils.java:logGet(46)) - raft.server.log.force.sync.num = 128 (default)
2023-12-28 09:08:26,663 [9e792a6f-77db-4c9d-ab1c-4b4be3f2ae56-groupManagement] INFO  server.RaftServerConfigKeys (ConfUtils.java:logGet(46)) - raft.server.log.statemachine.data.sync = true (default)
2023-12-28 09:08:26,663 [9e792a6f-77db-4c9d-ab1c-4b4be3f2ae56-groupManagement] INFO  server.RaftServerConfigKeys (ConfUtils.java:logGet(46)) - raft.server.log.statemachine.data.sync.timeout = 10s (default)
2023-12-28 09:08:26,663 [9e792a6f-77db-4c9d-ab1c-4b4be3f2ae56-groupManagement] INFO  server.RaftServerConfigKeys (ConfUtils.java:logGet(46)) - raft.server.log.statemachine.data.sync.timeout.retry = 0 (custom)
2023-12-28 09:08:26,664 [9e792a6f-77db-4c9d-ab1c-4b4be3f2ae56-groupManagement] INFO  server.RaftServerConfigKeys (ConfUtils.java:logGet(46)) - raft.server.log.write.buffer.size = 8388616 (custom)
2023-12-28 09:08:26,665 [9e792a6f-77db-4c9d-ab1c-4b4be3f2ae56-groupManagement] INFO  server.RaftServerConfigKeys (ConfUtils.java:logGet(46)) - raft.server.log.appender.buffer.byte-limit = 8388608 (custom)
2023-12-28 09:08:26,666 [9e792a6f-77db-4c9d-ab1c-4b4be3f2ae56-groupManagement] INFO  server.RaftServerConfigKeys (ConfUtils.java:logGet(46)) - raft.server.log.unsafe-flush.enabled = false (default)
2023-12-28 09:08:26,666 [9e792a6f-77db-4c9d-ab1c-4b4be3f2ae56-groupManagement] INFO  server.RaftServerConfigKeys (ConfUtils.java:logGet(46)) - raft.server.log.async-flush.enabled = false (default)
2023-12-28 09:08:26,666 [9e792a6f-77db-4c9d-ab1c-4b4be3f2ae56-groupManagement] INFO  server.RaftServerConfigKeys (ConfUtils.java:logGet(46)) - raft.server.log.statemachine.data.caching.enabled = true (custom)
2023-12-28 09:08:26,666 [9e792a6f-77db-4c9d-ab1c-4b4be3f2ae56-groupManagement] INFO  segmented.SegmentedRaftLogWorker (SegmentedRaftLogWorker.java:lambda$new$0(135)) - 9e792a6f-77db-4c9d-ab1c-4b4be3f2ae56@group-7A911354CE2F-SegmentedRaftLogWorker: flushIndex: setUnconditionally 0 -> -1
2023-12-28 09:08:26,666 [9e792a6f-77db-4c9d-ab1c-4b4be3f2ae56-groupManagement] INFO  segmented.SegmentedRaftLogWorker (SegmentedRaftLogWorker.java:lambda$new$0(135)) - 9e792a6f-77db-4c9d-ab1c-4b4be3f2ae56@group-7A911354CE2F-SegmentedRaftLogWorker: safeCacheEvictIndex: setUnconditionally 0 -> -1
2023-12-28 09:08:26,666 [9e792a6f-77db-4c9d-ab1c-4b4be3f2ae56-groupManagement] INFO  server.RaftServer$Division (RaftServerImpl.java:start(392)) - 9e792a6f-77db-4c9d-ab1c-4b4be3f2ae56@group-7A911354CE2F: start as a follower, conf=-1: peers:[dccb7b66-05bf-40d4-a126-9074e1df82c7|10.1.0.14:15166, 9e792a6f-77db-4c9d-ab1c-4b4be3f2ae56|10.1.0.14:15157, 3217eff5-f77e-4cc7-8aa1-ee5fb2ab3194|10.1.0.14:15175]|listeners:[], old=null
2023-12-28 09:08:26,666 [9e792a6f-77db-4c9d-ab1c-4b4be3f2ae56-groupManagement] INFO  server.RaftServer$Division (RaftServerImpl.java:setRole(379)) - 9e792a6f-77db-4c9d-ab1c-4b4be3f2ae56@group-7A911354CE2F: changes role from      null to FOLLOWER at term 0 for startAsFollower
2023-12-28 09:08:26,666 [9e792a6f-77db-4c9d-ab1c-4b4be3f2ae56-groupManagement] INFO  impl.RoleInfo (RoleInfo.java:updateAndGet(139)) - 9e792a6f-77db-4c9d-ab1c-4b4be3f2ae56: start 9e792a6f-77db-4c9d-ab1c-4b4be3f2ae56@group-7A911354CE2F-FollowerState
2023-12-28 09:08:26,667 [9e792a6f-77db-4c9d-ab1c-4b4be3f2ae56@group-7A911354CE2F-FollowerState] INFO  server.RaftServerConfigKeys (ConfUtils.java:logFallback(53)) - raft.server.rpc.first-election.timeout.min = 5s (fallback to raft.server.rpc.timeout.min)
2023-12-28 09:08:26,667 [9e792a6f-77db-4c9d-ab1c-4b4be3f2ae56-groupManagement] INFO  util.JmxRegister (JmxRegister.java:tryRegister(44)) - Successfully registered JMX Bean with object name Ratis:service=RaftServer,group=group-7A911354CE2F,id=9e792a6f-77db-4c9d-ab1c-4b4be3f2ae56
2023-12-28 09:08:26,667 [9e792a6f-77db-4c9d-ab1c-4b4be3f2ae56-groupManagement] INFO  server.RaftServerConfigKeys (ConfUtils.java:logGet(46)) - raft.server.snapshot.trigger-when-stop.enabled = true (default)
2023-12-28 09:08:26,667 [9e792a6f-77db-4c9d-ab1c-4b4be3f2ae56-groupManagement] INFO  server.RaftServerConfigKeys (ConfUtils.java:logGet(46)) - raft.server.snapshot.auto.trigger.enabled = true (custom)
2023-12-28 09:08:26,667 [9e792a6f-77db-4c9d-ab1c-4b4be3f2ae56-groupManagement] INFO  server.RaftServerConfigKeys (ConfUtils.java:logGet(46)) - raft.server.snapshot.auto.trigger.threshold = 10000 (custom)
2023-12-28 09:08:26,667 [9e792a6f-77db-4c9d-ab1c-4b4be3f2ae56-groupManagement] INFO  server.RaftServerConfigKeys (ConfUtils.java:logGet(46)) - raft.server.snapshot.retention.file.num = 5 (custom)
2023-12-28 09:08:26,667 [9e792a6f-77db-4c9d-ab1c-4b4be3f2ae56-groupManagement] INFO  server.RaftServerConfigKeys (ConfUtils.java:logGet(46)) - raft.server.log.purge.upto.snapshot.index = false (default)
2023-12-28 09:08:26,668 [9e792a6f-77db-4c9d-ab1c-4b4be3f2ae56@group-7A911354CE2F-FollowerState] INFO  server.RaftServerConfigKeys (ConfUtils.java:logFallback(53)) - raft.server.rpc.first-election.timeout.max = 5200ms (fallback to raft.server.rpc.timeout.max)
2023-12-28 09:08:26,668 [9e792a6f-77db-4c9d-ab1c-4b4be3f2ae56-PipelineCommandHandlerThread-0] INFO  ratis.XceiverServerRatis (XceiverServerRatis.java:addGroup(837)) - Created group PipelineID=7d01b0ae-962c-4cf1-9d7b-7a911354ce2f
2023-12-28 09:08:26,676 [grpc-default-executor-0] INFO  server.RaftServer (RaftServerProxy.java:addNew(100)) - 3217eff5-f77e-4cc7-8aa1-ee5fb2ab3194: addNew group-7A911354CE2F:[dccb7b66-05bf-40d4-a126-9074e1df82c7|10.1.0.14:15166, 9e792a6f-77db-4c9d-ab1c-4b4be3f2ae56|10.1.0.14:15157, 3217eff5-f77e-4cc7-8aa1-ee5fb2ab3194|10.1.0.14:15175] returns group-7A911354CE2F:java.util.concurrent.CompletableFuture@58008331[Not completed]
2023-12-28 09:08:26,679 [3217eff5-f77e-4cc7-8aa1-ee5fb2ab3194-groupManagement] INFO  server.RaftServer$Division (RaftServerImpl.java:<init>(256)) - 3217eff5-f77e-4cc7-8aa1-ee5fb2ab3194: new RaftServerImpl for group-7A911354CE2F:[dccb7b66-05bf-40d4-a126-9074e1df82c7|10.1.0.14:15166, 9e792a6f-77db-4c9d-ab1c-4b4be3f2ae56|10.1.0.14:15157, 3217eff5-f77e-4cc7-8aa1-ee5fb2ab3194|10.1.0.14:15175] with ContainerStateMachine:uninitialized
2023-12-28 09:08:26,679 [3217eff5-f77e-4cc7-8aa1-ee5fb2ab3194-groupManagement] INFO  server.RaftServerConfigKeys (ConfUtils.java:logGet(46)) - raft.server.rpc.timeout.min = 5s (custom)
2023-12-28 09:08:26,679 [3217eff5-f77e-4cc7-8aa1-ee5fb2ab3194-groupManagement] INFO  server.RaftServerConfigKeys (ConfUtils.java:logGet(46)) - raft.server.rpc.timeout.max = 5200ms (custom)
2023-12-28 09:08:26,680 [3217eff5-f77e-4cc7-8aa1-ee5fb2ab3194-groupManagement] INFO  server.RaftServerConfigKeys (ConfUtils.java:logGet(46)) - raft.server.rpc.sleep.time = 25ms (default)
2023-12-28 09:08:26,680 [3217eff5-f77e-4cc7-8aa1-ee5fb2ab3194-groupManagement] INFO  server.RaftServerConfigKeys (ConfUtils.java:logGet(46)) - raft.server.rpc.slowness.timeout = 300000ms (custom)
2023-12-28 09:08:26,680 [3217eff5-f77e-4cc7-8aa1-ee5fb2ab3194-groupManagement] INFO  server.RaftServerConfigKeys (ConfUtils.java:logGet(46)) - raft.server.leaderelection.leader.step-down.wait-time = 10s (default)
2023-12-28 09:08:26,680 [3217eff5-f77e-4cc7-8aa1-ee5fb2ab3194-groupManagement] INFO  server.RaftServerConfigKeys (ConfUtils.java:logGet(46)) - raft.server.leaderelection.member.majority-add = false (default)
2023-12-28 09:08:26,680 [3217eff5-f77e-4cc7-8aa1-ee5fb2ab3194-groupManagement] INFO  server.RaftServerConfigKeys (ConfUtils.java:logGet(46)) - raft.server.sleep.deviation.threshold = 300ms (default)
2023-12-28 09:08:26,680 [3217eff5-f77e-4cc7-8aa1-ee5fb2ab3194-groupManagement] INFO  server.RaftServer$Division (ServerState.java:<init>(113)) - 3217eff5-f77e-4cc7-8aa1-ee5fb2ab3194@group-7A911354CE2F: ConfigurationManager, init=-1: peers:[dccb7b66-05bf-40d4-a126-9074e1df82c7|10.1.0.14:15166, 9e792a6f-77db-4c9d-ab1c-4b4be3f2ae56|10.1.0.14:15157, 3217eff5-f77e-4cc7-8aa1-ee5fb2ab3194|10.1.0.14:15175]|listeners:[], old=null, confs=<EMPTY_MAP>
2023-12-28 09:08:26,680 [3217eff5-f77e-4cc7-8aa1-ee5fb2ab3194-groupManagement] INFO  server.RaftServerConfigKeys (ConfUtils.java:logGet(46)) - raft.server.notification.no-leader.timeout = 300000ms (custom)
2023-12-28 09:08:26,680 [3217eff5-f77e-4cc7-8aa1-ee5fb2ab3194-groupManagement] INFO  server.RaftServerConfigKeys (ConfUtils.java:logGet(46)) - raft.server.read.timeout = 10s (default)
2023-12-28 09:08:26,680 [3217eff5-f77e-4cc7-8aa1-ee5fb2ab3194-groupManagement] INFO  server.RaftServerConfigKeys (ConfUtils.java:logGet(46)) - raft.server.retrycache.expirytime = 600000ms (custom)
2023-12-28 09:08:26,680 [3217eff5-f77e-4cc7-8aa1-ee5fb2ab3194-groupManagement] INFO  server.RaftServerConfigKeys (ConfUtils.java:logGet(46)) - raft.server.retrycache.statistics.expirytime = 100ms (default)
2023-12-28 09:08:26,681 [3217eff5-f77e-4cc7-8aa1-ee5fb2ab3194-groupManagement] INFO  server.RaftServerConfigKeys (ConfUtils.java:logGet(46)) - raft.server.read.option = DEFAULT (default)
2023-12-28 09:08:26,681 [3217eff5-f77e-4cc7-8aa1-ee5fb2ab3194-groupManagement] INFO  server.RaftServerConfigKeys (ConfUtils.java:logGet(46)) - raft.server.read.read-after-write-consistent.write-index-cache.expiry-time = 60s (default)
2023-12-28 09:08:26,683 [3217eff5-f77e-4cc7-8aa1-ee5fb2ab3194-groupManagement] INFO  server.RaftServerConfigKeys (ConfUtils.java:logGet(46)) - raft.server.rpc.request.timeout = 3000ms (default)
2023-12-28 09:08:26,683 [3217eff5-f77e-4cc7-8aa1-ee5fb2ab3194-groupManagement] INFO  server.RaftServerConfigKeys (ConfUtils.java:logGet(46)) - raft.server.log.appender.install.snapshot.enabled = false (custom)
2023-12-28 09:08:26,683 [3217eff5-f77e-4cc7-8aa1-ee5fb2ab3194-groupManagement] INFO  server.RaftServerConfigKeys (ConfUtils.java:logGet(46)) - raft.server.threadpool.server.cached = true (default)
2023-12-28 09:08:26,683 [3217eff5-f77e-4cc7-8aa1-ee5fb2ab3194-groupManagement] INFO  server.RaftServerConfigKeys (ConfUtils.java:logGet(46)) - raft.server.threadpool.server.size = 0 (default)
2023-12-28 09:08:26,684 [3217eff5-f77e-4cc7-8aa1-ee5fb2ab3194-groupManagement] INFO  server.RaftServerConfigKeys (ConfUtils.java:logGet(46)) - raft.server.threadpool.client.cached = true (default)
2023-12-28 09:08:26,684 [3217eff5-f77e-4cc7-8aa1-ee5fb2ab3194-groupManagement] INFO  server.RaftServerConfigKeys (ConfUtils.java:logGet(46)) - raft.server.threadpool.client.size = 0 (default)
2023-12-28 09:08:26,684 [3217eff5-f77e-4cc7-8aa1-ee5fb2ab3194-groupManagement] INFO  server.RaftServerConfigKeys (ConfUtils.java:logGet(46)) - raft.server.storage.free-space.min = 0MB (=0) (default)
2023-12-28 09:08:26,684 [3217eff5-f77e-4cc7-8aa1-ee5fb2ab3194-groupManagement] INFO  server.RaftServerConfigKeys (ConfUtils.java:logGet(46)) - raft.server.log.corruption.policy = EXCEPTION (default)
2023-12-28 09:08:26,684 [3217eff5-f77e-4cc7-8aa1-ee5fb2ab3194-groupManagement] INFO  server.RaftServerConfigKeys (ConfUtils.java:logGet(46)) - raft.server.storage.dir = [/home/runner/work/ozone/ozone/hadoop-ozone/integration-test/target/test-dir/MiniOzoneClusterImpl-8986566a-fb65-479a-a2d4-a5d5d2c03f68/datanode-8/data/ratis] (custom)
2023-12-28 09:08:26,684 [3217eff5-f77e-4cc7-8aa1-ee5fb2ab3194-groupManagement] INFO  storage.RaftStorageDirectory (RaftStorageDirectoryImpl.java:analyzeStorage(138)) - The storage directory /home/runner/work/ozone/ozone/hadoop-ozone/integration-test/target/test-dir/MiniOzoneClusterImpl-8986566a-fb65-479a-a2d4-a5d5d2c03f68/datanode-8/data/ratis/7d01b0ae-962c-4cf1-9d7b-7a911354ce2f does not exist. Creating ...
2023-12-28 09:08:26,686 [3217eff5-f77e-4cc7-8aa1-ee5fb2ab3194-groupManagement] INFO  storage.RaftStorageDirectory (RaftStorageDirectoryImpl.java:tryLock(232)) - Lock on /home/runner/work/ozone/ozone/hadoop-ozone/integration-test/target/test-dir/MiniOzoneClusterImpl-8986566a-fb65-479a-a2d4-a5d5d2c03f68/datanode-8/data/ratis/7d01b0ae-962c-4cf1-9d7b-7a911354ce2f/in_use.lock acquired by nodename 85610@fv-az1384-14
2023-12-28 09:08:26,687 [3217eff5-f77e-4cc7-8aa1-ee5fb2ab3194-groupManagement] INFO  storage.RaftStorage (RaftStorageImpl.java:format(97)) - Storage directory /home/runner/work/ozone/ozone/hadoop-ozone/integration-test/target/test-dir/MiniOzoneClusterImpl-8986566a-fb65-479a-a2d4-a5d5d2c03f68/datanode-8/data/ratis/7d01b0ae-962c-4cf1-9d7b-7a911354ce2f has been successfully formatted.
2023-12-28 09:08:26,688 [3217eff5-f77e-4cc7-8aa1-ee5fb2ab3194-groupManagement] INFO  ratis.ContainerStateMachine (ContainerStateMachine.java:loadSnapshot(287)) - group-7A911354CE2F: The snapshot info is null. Setting the last applied indexto:(t:0, i:~)
2023-12-28 09:08:26,688 [3217eff5-f77e-4cc7-8aa1-ee5fb2ab3194-groupManagement] INFO  server.RaftServerConfigKeys (ConfUtils.java:logGet(46)) - raft.server.log.use.memory = false (default)
2023-12-28 09:08:26,688 [3217eff5-f77e-4cc7-8aa1-ee5fb2ab3194-groupManagement] INFO  server.RaftServerConfigKeys (ConfUtils.java:logGet(46)) - raft.server.log.purge.gap = 1000000 (custom)
2023-12-28 09:08:26,688 [3217eff5-f77e-4cc7-8aa1-ee5fb2ab3194-groupManagement] INFO  server.RaftServerConfigKeys (ConfUtils.java:logGet(46)) - raft.server.log.appender.buffer.byte-limit = 8388608 (custom)
2023-12-28 09:08:26,689 [3217eff5-f77e-4cc7-8aa1-ee5fb2ab3194-groupManagement] INFO  server.RaftServerConfigKeys (ConfUtils.java:logGet(46)) - raft.server.log.statemachine.data.read.timeout = 1000ms (default)
2023-12-28 09:08:26,689 [3217eff5-f77e-4cc7-8aa1-ee5fb2ab3194-groupManagement] INFO  server.RaftServerConfigKeys (ConfUtils.java:logGet(46)) - raft.server.log.purge.preservation.log.num = 0 (default)
2023-12-28 09:08:26,690 [3217eff5-f77e-4cc7-8aa1-ee5fb2ab3194-groupManagement] INFO  server.RaftServerConfigKeys (ConfUtils.java:logGet(46)) - raft.server.log.segment.size.max = 67108864 (custom)
2023-12-28 09:08:26,690 [3217eff5-f77e-4cc7-8aa1-ee5fb2ab3194-groupManagement] INFO  server.RaftServerConfigKeys (ConfUtils.java:logGet(46)) - raft.server.log.segment.cache.num.max = 2 (custom)
2023-12-28 09:08:26,690 [3217eff5-f77e-4cc7-8aa1-ee5fb2ab3194-groupManagement] INFO  server.RaftServerConfigKeys (ConfUtils.java:logGet(46)) - raft.server.log.segment.cache.size.max = 200MB (=209715200) (default)
2023-12-28 09:08:26,690 [3217eff5-f77e-4cc7-8aa1-ee5fb2ab3194-groupManagement] INFO  server.RaftServerConfigKeys (ConfUtils.java:logGet(46)) - raft.server.log.appender.buffer.byte-limit = 8388608 (custom)
2023-12-28 09:08:26,694 [3217eff5-f77e-4cc7-8aa1-ee5fb2ab3194-groupManagement] INFO  util.AwaitToRun (AwaitToRun.java:start(81)) - Thread[3217eff5-f77e-4cc7-8aa1-ee5fb2ab3194@group-7A911354CE2F-cacheEviction-AwaitToRun,5,main] started
2023-12-28 09:08:26,694 [3217eff5-f77e-4cc7-8aa1-ee5fb2ab3194-groupManagement] INFO  segmented.SegmentedRaftLogWorker (SegmentedRaftLogWorker.java:<init>(184)) - new 3217eff5-f77e-4cc7-8aa1-ee5fb2ab3194@group-7A911354CE2F-SegmentedRaftLogWorker for RaftStorageImpl:Storage Directory /home/runner/work/ozone/ozone/hadoop-ozone/integration-test/target/test-dir/MiniOzoneClusterImpl-8986566a-fb65-479a-a2d4-a5d5d2c03f68/datanode-8/data/ratis/7d01b0ae-962c-4cf1-9d7b-7a911354ce2f
2023-12-28 09:08:26,695 [3217eff5-f77e-4cc7-8aa1-ee5fb2ab3194-groupManagement] INFO  server.RaftServerConfigKeys (ConfUtils.java:logGet(46)) - raft.server.log.queue.byte-limit = 4294967296 (custom)
2023-12-28 09:08:26,695 [3217eff5-f77e-4cc7-8aa1-ee5fb2ab3194-groupManagement] INFO  server.RaftServerConfigKeys (ConfUtils.java:logGet(46)) - raft.server.log.queue.element-limit = 1024 (custom)
2023-12-28 09:08:26,695 [3217eff5-f77e-4cc7-8aa1-ee5fb2ab3194-groupManagement] INFO  server.RaftServerConfigKeys (ConfUtils.java:logGet(46)) - raft.server.log.segment.size.max = 67108864 (custom)
2023-12-28 09:08:26,695 [3217eff5-f77e-4cc7-8aa1-ee5fb2ab3194-groupManagement] INFO  server.RaftServerConfigKeys (ConfUtils.java:logGet(46)) - raft.server.log.preallocated.size = 4194304 (custom)
2023-12-28 09:08:26,695 [3217eff5-f77e-4cc7-8aa1-ee5fb2ab3194-groupManagement] INFO  server.RaftServerConfigKeys (ConfUtils.java:logGet(46)) - raft.server.log.force.sync.num = 128 (default)
2023-12-28 09:08:26,695 [3217eff5-f77e-4cc7-8aa1-ee5fb2ab3194-groupManagement] INFO  server.RaftServerConfigKeys (ConfUtils.java:logGet(46)) - raft.server.log.statemachine.data.sync = true (default)
2023-12-28 09:08:26,695 [3217eff5-f77e-4cc7-8aa1-ee5fb2ab3194-groupManagement] INFO  server.RaftServerConfigKeys (ConfUtils.java:logGet(46)) - raft.server.log.statemachine.data.sync.timeout = 10s (default)
2023-12-28 09:08:26,695 [3217eff5-f77e-4cc7-8aa1-ee5fb2ab3194-groupManagement] INFO  server.RaftServerConfigKeys (ConfUtils.java:logGet(46)) - raft.server.log.statemachine.data.sync.timeout.retry = 0 (custom)
2023-12-28 09:08:26,695 [3217eff5-f77e-4cc7-8aa1-ee5fb2ab3194-groupManagement] INFO  server.RaftServerConfigKeys (ConfUtils.java:logGet(46)) - raft.server.log.write.buffer.size = 8388616 (custom)
2023-12-28 09:08:26,697 [3217eff5-f77e-4cc7-8aa1-ee5fb2ab3194-groupManagement] INFO  server.RaftServerConfigKeys (ConfUtils.java:logGet(46)) - raft.server.log.appender.buffer.byte-limit = 8388608 (custom)
2023-12-28 09:08:26,698 [3217eff5-f77e-4cc7-8aa1-ee5fb2ab3194-groupManagement] INFO  server.RaftServerConfigKeys (ConfUtils.java:logGet(46)) - raft.server.log.unsafe-flush.enabled = false (default)
2023-12-28 09:08:26,698 [3217eff5-f77e-4cc7-8aa1-ee5fb2ab3194-groupManagement] INFO  server.RaftServerConfigKeys (ConfUtils.java:logGet(46)) - raft.server.log.async-flush.enabled = false (default)
2023-12-28 09:08:26,698 [3217eff5-f77e-4cc7-8aa1-ee5fb2ab3194-groupManagement] INFO  server.RaftServerConfigKeys (ConfUtils.java:logGet(46)) - raft.server.log.statemachine.data.caching.enabled = true (custom)
2023-12-28 09:08:26,698 [3217eff5-f77e-4cc7-8aa1-ee5fb2ab3194-groupManagement] INFO  segmented.SegmentedRaftLogWorker (SegmentedRaftLogWorker.java:lambda$new$0(135)) - 3217eff5-f77e-4cc7-8aa1-ee5fb2ab3194@group-7A911354CE2F-SegmentedRaftLogWorker: flushIndex: setUnconditionally 0 -> -1
2023-12-28 09:08:26,698 [3217eff5-f77e-4cc7-8aa1-ee5fb2ab3194-groupManagement] INFO  segmented.SegmentedRaftLogWorker (SegmentedRaftLogWorker.java:lambda$new$0(135)) - 3217eff5-f77e-4cc7-8aa1-ee5fb2ab3194@group-7A911354CE2F-SegmentedRaftLogWorker: safeCacheEvictIndex: setUnconditionally 0 -> -1
2023-12-28 09:08:26,701 [3217eff5-f77e-4cc7-8aa1-ee5fb2ab3194-groupManagement] INFO  server.RaftServer$Division (RaftServerImpl.java:start(392)) - 3217eff5-f77e-4cc7-8aa1-ee5fb2ab3194@group-7A911354CE2F: start as a follower, conf=-1: peers:[dccb7b66-05bf-40d4-a126-9074e1df82c7|10.1.0.14:15166, 9e792a6f-77db-4c9d-ab1c-4b4be3f2ae56|10.1.0.14:15157, 3217eff5-f77e-4cc7-8aa1-ee5fb2ab3194|10.1.0.14:15175]|listeners:[], old=null
2023-12-28 09:08:26,701 [3217eff5-f77e-4cc7-8aa1-ee5fb2ab3194-groupManagement] INFO  server.RaftServer$Division (RaftServerImpl.java:setRole(379)) - 3217eff5-f77e-4cc7-8aa1-ee5fb2ab3194@group-7A911354CE2F: changes role from      null to FOLLOWER at term 0 for startAsFollower
2023-12-28 09:08:26,701 [3217eff5-f77e-4cc7-8aa1-ee5fb2ab3194-groupManagement] INFO  impl.RoleInfo (RoleInfo.java:updateAndGet(139)) - 3217eff5-f77e-4cc7-8aa1-ee5fb2ab3194: start 3217eff5-f77e-4cc7-8aa1-ee5fb2ab3194@group-7A911354CE2F-FollowerState
2023-12-28 09:08:26,701 [3217eff5-f77e-4cc7-8aa1-ee5fb2ab3194-groupManagement] INFO  util.JmxRegister (JmxRegister.java:tryRegister(44)) - Successfully registered JMX Bean with object name Ratis:service=RaftServer,group=group-7A911354CE2F,id=3217eff5-f77e-4cc7-8aa1-ee5fb2ab3194
2023-12-28 09:08:26,701 [3217eff5-f77e-4cc7-8aa1-ee5fb2ab3194-groupManagement] INFO  server.RaftServerConfigKeys (ConfUtils.java:logGet(46)) - raft.server.snapshot.trigger-when-stop.enabled = true (default)
2023-12-28 09:08:26,702 [3217eff5-f77e-4cc7-8aa1-ee5fb2ab3194-groupManagement] INFO  server.RaftServerConfigKeys (ConfUtils.java:logGet(46)) - raft.server.snapshot.auto.trigger.enabled = true (custom)
2023-12-28 09:08:26,702 [3217eff5-f77e-4cc7-8aa1-ee5fb2ab3194-groupManagement] INFO  server.RaftServerConfigKeys (ConfUtils.java:logGet(46)) - raft.server.snapshot.auto.trigger.threshold = 10000 (custom)
2023-12-28 09:08:26,702 [3217eff5-f77e-4cc7-8aa1-ee5fb2ab3194-groupManagement] INFO  server.RaftServerConfigKeys (ConfUtils.java:logGet(46)) - raft.server.snapshot.retention.file.num = 5 (custom)
2023-12-28 09:08:26,702 [3217eff5-f77e-4cc7-8aa1-ee5fb2ab3194-groupManagement] INFO  server.RaftServerConfigKeys (ConfUtils.java:logGet(46)) - raft.server.log.purge.upto.snapshot.index = false (default)
2023-12-28 09:08:26,702 [3217eff5-f77e-4cc7-8aa1-ee5fb2ab3194@group-7A911354CE2F-FollowerState] INFO  server.RaftServerConfigKeys (ConfUtils.java:logFallback(53)) - raft.server.rpc.first-election.timeout.min = 5s (fallback to raft.server.rpc.timeout.min)
2023-12-28 09:08:26,702 [3217eff5-f77e-4cc7-8aa1-ee5fb2ab3194@group-7A911354CE2F-FollowerState] INFO  server.RaftServerConfigKeys (ConfUtils.java:logFallback(53)) - raft.server.rpc.first-election.timeout.max = 5200ms (fallback to raft.server.rpc.timeout.max)
2023-12-28 09:08:26,716 [grpc-default-executor-0] INFO  server.RaftServer (RaftServerProxy.java:addNew(100)) - dccb7b66-05bf-40d4-a126-9074e1df82c7: addNew group-7A911354CE2F:[dccb7b66-05bf-40d4-a126-9074e1df82c7|10.1.0.14:15166, 9e792a6f-77db-4c9d-ab1c-4b4be3f2ae56|10.1.0.14:15157, 3217eff5-f77e-4cc7-8aa1-ee5fb2ab3194|10.1.0.14:15175] returns group-7A911354CE2F:java.util.concurrent.CompletableFuture@3894bb88[Not completed]
2023-12-28 09:08:26,717 [dccb7b66-05bf-40d4-a126-9074e1df82c7-groupManagement] INFO  server.RaftServer$Division (RaftServerImpl.java:<init>(256)) - dccb7b66-05bf-40d4-a126-9074e1df82c7: new RaftServerImpl for group-7A911354CE2F:[dccb7b66-05bf-40d4-a126-9074e1df82c7|10.1.0.14:15166, 9e792a6f-77db-4c9d-ab1c-4b4be3f2ae56|10.1.0.14:15157, 3217eff5-f77e-4cc7-8aa1-ee5fb2ab3194|10.1.0.14:15175] with ContainerStateMachine:uninitialized
2023-12-28 09:08:26,717 [dccb7b66-05bf-40d4-a126-9074e1df82c7-groupManagement] INFO  server.RaftServerConfigKeys (ConfUtils.java:logGet(46)) - raft.server.rpc.timeout.min = 5s (custom)
2023-12-28 09:08:26,717 [dccb7b66-05bf-40d4-a126-9074e1df82c7-groupManagement] INFO  server.RaftServerConfigKeys (ConfUtils.java:logGet(46)) - raft.server.rpc.timeout.max = 5200ms (custom)
2023-12-28 09:08:26,717 [dccb7b66-05bf-40d4-a126-9074e1df82c7-groupManagement] INFO  server.RaftServerConfigKeys (ConfUtils.java:logGet(46)) - raft.server.rpc.sleep.time = 25ms (default)
2023-12-28 09:08:26,718 [dccb7b66-05bf-40d4-a126-9074e1df82c7-groupManagement] INFO  server.RaftServerConfigKeys (ConfUtils.java:logGet(46)) - raft.server.rpc.slowness.timeout = 300000ms (custom)
2023-12-28 09:08:26,718 [dccb7b66-05bf-40d4-a126-9074e1df82c7-groupManagement] INFO  server.RaftServerConfigKeys (ConfUtils.java:logGet(46)) - raft.server.leaderelection.leader.step-down.wait-time = 10s (default)
2023-12-28 09:08:26,718 [dccb7b66-05bf-40d4-a126-9074e1df82c7-groupManagement] INFO  server.RaftServerConfigKeys (ConfUtils.java:logGet(46)) - raft.server.leaderelection.member.majority-add = false (default)
2023-12-28 09:08:26,718 [dccb7b66-05bf-40d4-a126-9074e1df82c7-groupManagement] INFO  server.RaftServerConfigKeys (ConfUtils.java:logGet(46)) - raft.server.sleep.deviation.threshold = 300ms (default)
2023-12-28 09:08:26,718 [dccb7b66-05bf-40d4-a126-9074e1df82c7-groupManagement] INFO  server.RaftServer$Division (ServerState.java:<init>(113)) - dccb7b66-05bf-40d4-a126-9074e1df82c7@group-7A911354CE2F: ConfigurationManager, init=-1: peers:[dccb7b66-05bf-40d4-a126-9074e1df82c7|10.1.0.14:15166, 9e792a6f-77db-4c9d-ab1c-4b4be3f2ae56|10.1.0.14:15157, 3217eff5-f77e-4cc7-8aa1-ee5fb2ab3194|10.1.0.14:15175]|listeners:[], old=null, confs=<EMPTY_MAP>
2023-12-28 09:08:26,718 [dccb7b66-05bf-40d4-a126-9074e1df82c7-groupManagement] INFO  server.RaftServerConfigKeys (ConfUtils.java:logGet(46)) - raft.server.notification.no-leader.timeout = 300000ms (custom)
2023-12-28 09:08:26,718 [dccb7b66-05bf-40d4-a126-9074e1df82c7-groupManagement] INFO  server.RaftServerConfigKeys (ConfUtils.java:logGet(46)) - raft.server.read.timeout = 10s (default)
2023-12-28 09:08:26,718 [dccb7b66-05bf-40d4-a126-9074e1df82c7-groupManagement] INFO  server.RaftServerConfigKeys (ConfUtils.java:logGet(46)) - raft.server.retrycache.expirytime = 600000ms (custom)
2023-12-28 09:08:26,718 [dccb7b66-05bf-40d4-a126-9074e1df82c7-groupManagement] INFO  server.RaftServerConfigKeys (ConfUtils.java:logGet(46)) - raft.server.retrycache.statistics.expirytime = 100ms (default)
2023-12-28 09:08:26,718 [dccb7b66-05bf-40d4-a126-9074e1df82c7-groupManagement] INFO  server.RaftServerConfigKeys (ConfUtils.java:logGet(46)) - raft.server.read.option = DEFAULT (default)
2023-12-28 09:08:26,718 [dccb7b66-05bf-40d4-a126-9074e1df82c7-groupManagement] INFO  server.RaftServerConfigKeys (ConfUtils.java:logGet(46)) - raft.server.read.read-after-write-consistent.write-index-cache.expiry-time = 60s (default)
2023-12-28 09:08:26,720 [dccb7b66-05bf-40d4-a126-9074e1df82c7-groupManagement] INFO  server.RaftServerConfigKeys (ConfUtils.java:logGet(46)) - raft.server.rpc.request.timeout = 3000ms (default)
2023-12-28 09:08:26,720 [dccb7b66-05bf-40d4-a126-9074e1df82c7-groupManagement] INFO  server.RaftServerConfigKeys (ConfUtils.java:logGet(46)) - raft.server.log.appender.install.snapshot.enabled = false (custom)
2023-12-28 09:08:26,720 [dccb7b66-05bf-40d4-a126-9074e1df82c7-groupManagement] INFO  server.RaftServerConfigKeys (ConfUtils.java:logGet(46)) - raft.server.threadpool.server.cached = true (default)
2023-12-28 09:08:26,720 [dccb7b66-05bf-40d4-a126-9074e1df82c7-groupManagement] INFO  server.RaftServerConfigKeys (ConfUtils.java:logGet(46)) - raft.server.threadpool.server.size = 0 (default)
2023-12-28 09:08:26,720 [dccb7b66-05bf-40d4-a126-9074e1df82c7-groupManagement] INFO  server.RaftServerConfigKeys (ConfUtils.java:logGet(46)) - raft.server.threadpool.client.cached = true (default)
2023-12-28 09:08:26,720 [dccb7b66-05bf-40d4-a126-9074e1df82c7-groupManagement] INFO  server.RaftServerConfigKeys (ConfUtils.java:logGet(46)) - raft.server.threadpool.client.size = 0 (default)
2023-12-28 09:08:26,720 [dccb7b66-05bf-40d4-a126-9074e1df82c7-groupManagement] INFO  server.RaftServerConfigKeys (ConfUtils.java:logGet(46)) - raft.server.storage.free-space.min = 0MB (=0) (default)
2023-12-28 09:08:26,720 [dccb7b66-05bf-40d4-a126-9074e1df82c7-groupManagement] INFO  server.RaftServerConfigKeys (ConfUtils.java:logGet(46)) - raft.server.log.corruption.policy = EXCEPTION (default)
2023-12-28 09:08:26,720 [dccb7b66-05bf-40d4-a126-9074e1df82c7-groupManagement] INFO  server.RaftServerConfigKeys (ConfUtils.java:logGet(46)) - raft.server.storage.dir = [/home/runner/work/ozone/ozone/hadoop-ozone/integration-test/target/test-dir/MiniOzoneClusterImpl-8986566a-fb65-479a-a2d4-a5d5d2c03f68/datanode-7/data/ratis] (custom)
2023-12-28 09:08:26,721 [dccb7b66-05bf-40d4-a126-9074e1df82c7-groupManagement] INFO  storage.RaftStorageDirectory (RaftStorageDirectoryImpl.java:analyzeStorage(138)) - The storage directory /home/runner/work/ozone/ozone/hadoop-ozone/integration-test/target/test-dir/MiniOzoneClusterImpl-8986566a-fb65-479a-a2d4-a5d5d2c03f68/datanode-7/data/ratis/7d01b0ae-962c-4cf1-9d7b-7a911354ce2f does not exist. Creating ...
2023-12-28 09:08:26,722 [dccb7b66-05bf-40d4-a126-9074e1df82c7-groupManagement] INFO  storage.RaftStorageDirectory (RaftStorageDirectoryImpl.java:tryLock(232)) - Lock on /home/runner/work/ozone/ozone/hadoop-ozone/integration-test/target/test-dir/MiniOzoneClusterImpl-8986566a-fb65-479a-a2d4-a5d5d2c03f68/datanode-7/data/ratis/7d01b0ae-962c-4cf1-9d7b-7a911354ce2f/in_use.lock acquired by nodename 85610@fv-az1384-14
2023-12-28 09:08:26,724 [dccb7b66-05bf-40d4-a126-9074e1df82c7-groupManagement] INFO  storage.RaftStorage (RaftStorageImpl.java:format(97)) - Storage directory /home/runner/work/ozone/ozone/hadoop-ozone/integration-test/target/test-dir/MiniOzoneClusterImpl-8986566a-fb65-479a-a2d4-a5d5d2c03f68/datanode-7/data/ratis/7d01b0ae-962c-4cf1-9d7b-7a911354ce2f has been successfully formatted.
2023-12-28 09:08:26,725 [dccb7b66-05bf-40d4-a126-9074e1df82c7-groupManagement] INFO  ratis.ContainerStateMachine (ContainerStateMachine.java:loadSnapshot(287)) - group-7A911354CE2F: The snapshot info is null. Setting the last applied indexto:(t:0, i:~)
2023-12-28 09:08:26,726 [dccb7b66-05bf-40d4-a126-9074e1df82c7-groupManagement] INFO  server.RaftServerConfigKeys (ConfUtils.java:logGet(46)) - raft.server.log.use.memory = false (default)
2023-12-28 09:08:26,726 [dccb7b66-05bf-40d4-a126-9074e1df82c7-groupManagement] INFO  server.RaftServerConfigKeys (ConfUtils.java:logGet(46)) - raft.server.log.purge.gap = 1000000 (custom)
2023-12-28 09:08:26,726 [dccb7b66-05bf-40d4-a126-9074e1df82c7-groupManagement] INFO  server.RaftServerConfigKeys (ConfUtils.java:logGet(46)) - raft.server.log.appender.buffer.byte-limit = 8388608 (custom)
2023-12-28 09:08:26,726 [dccb7b66-05bf-40d4-a126-9074e1df82c7-groupManagement] INFO  server.RaftServerConfigKeys (ConfUtils.java:logGet(46)) - raft.server.log.statemachine.data.read.timeout = 1000ms (default)
2023-12-28 09:08:26,727 [dccb7b66-05bf-40d4-a126-9074e1df82c7-groupManagement] INFO  server.RaftServerConfigKeys (ConfUtils.java:logGet(46)) - raft.server.log.purge.preservation.log.num = 0 (default)
2023-12-28 09:08:26,728 [dccb7b66-05bf-40d4-a126-9074e1df82c7-groupManagement] INFO  server.RaftServerConfigKeys (ConfUtils.java:logGet(46)) - raft.server.log.segment.size.max = 67108864 (custom)
2023-12-28 09:08:26,728 [dccb7b66-05bf-40d4-a126-9074e1df82c7-groupManagement] INFO  server.RaftServerConfigKeys (ConfUtils.java:logGet(46)) - raft.server.log.segment.cache.num.max = 2 (custom)
2023-12-28 09:08:26,728 [dccb7b66-05bf-40d4-a126-9074e1df82c7-groupManagement] INFO  server.RaftServerConfigKeys (ConfUtils.java:logGet(46)) - raft.server.log.segment.cache.size.max = 200MB (=209715200) (default)
2023-12-28 09:08:26,728 [dccb7b66-05bf-40d4-a126-9074e1df82c7-groupManagement] INFO  server.RaftServerConfigKeys (ConfUtils.java:logGet(46)) - raft.server.log.appender.buffer.byte-limit = 8388608 (custom)
2023-12-28 09:08:26,728 [dccb7b66-05bf-40d4-a126-9074e1df82c7-groupManagement] INFO  util.AwaitToRun (AwaitToRun.java:start(81)) - Thread[dccb7b66-05bf-40d4-a126-9074e1df82c7@group-7A911354CE2F-cacheEviction-AwaitToRun,5,main] started
2023-12-28 09:08:26,728 [dccb7b66-05bf-40d4-a126-9074e1df82c7-groupManagement] INFO  segmented.SegmentedRaftLogWorker (SegmentedRaftLogWorker.java:<init>(184)) - new dccb7b66-05bf-40d4-a126-9074e1df82c7@group-7A911354CE2F-SegmentedRaftLogWorker for RaftStorageImpl:Storage Directory /home/runner/work/ozone/ozone/hadoop-ozone/integration-test/target/test-dir/MiniOzoneClusterImpl-8986566a-fb65-479a-a2d4-a5d5d2c03f68/datanode-7/data/ratis/7d01b0ae-962c-4cf1-9d7b-7a911354ce2f
2023-12-28 09:08:26,728 [dccb7b66-05bf-40d4-a126-9074e1df82c7-groupManagement] INFO  server.RaftServerConfigKeys (ConfUtils.java:logGet(46)) - raft.server.log.queue.byte-limit = 4294967296 (custom)
2023-12-28 09:08:26,728 [dccb7b66-05bf-40d4-a126-9074e1df82c7-groupManagement] INFO  server.RaftServerConfigKeys (ConfUtils.java:logGet(46)) - raft.server.log.queue.element-limit = 1024 (custom)
2023-12-28 09:08:26,729 [dccb7b66-05bf-40d4-a126-9074e1df82c7-groupManagement] INFO  server.RaftServerConfigKeys (ConfUtils.java:logGet(46)) - raft.server.log.segment.size.max = 67108864 (custom)
2023-12-28 09:08:26,729 [dccb7b66-05bf-40d4-a126-9074e1df82c7-groupManagement] INFO  server.RaftServerConfigKeys (ConfUtils.java:logGet(46)) - raft.server.log.preallocated.size = 4194304 (custom)
2023-12-28 09:08:26,729 [dccb7b66-05bf-40d4-a126-9074e1df82c7-groupManagement] INFO  server.RaftServerConfigKeys (ConfUtils.java:logGet(46)) - raft.server.log.force.sync.num = 128 (default)
2023-12-28 09:08:26,729 [dccb7b66-05bf-40d4-a126-9074e1df82c7-groupManagement] INFO  server.RaftServerConfigKeys (ConfUtils.java:logGet(46)) - raft.server.log.statemachine.data.sync = true (default)
2023-12-28 09:08:26,729 [dccb7b66-05bf-40d4-a126-9074e1df82c7-groupManagement] INFO  server.RaftServerConfigKeys (ConfUtils.java:logGet(46)) - raft.server.log.statemachine.data.sync.timeout = 10s (default)
2023-12-28 09:08:26,729 [dccb7b66-05bf-40d4-a126-9074e1df82c7-groupManagement] INFO  server.RaftServerConfigKeys (ConfUtils.java:logGet(46)) - raft.server.log.statemachine.data.sync.timeout.retry = 0 (custom)
2023-12-28 09:08:26,729 [dccb7b66-05bf-40d4-a126-9074e1df82c7-groupManagement] INFO  server.RaftServerConfigKeys (ConfUtils.java:logGet(46)) - raft.server.log.write.buffer.size = 8388616 (custom)
2023-12-28 09:08:26,731 [dccb7b66-05bf-40d4-a126-9074e1df82c7-groupManagement] INFO  server.RaftServerConfigKeys (ConfUtils.java:logGet(46)) - raft.server.log.appender.buffer.byte-limit = 8388608 (custom)
2023-12-28 09:08:26,731 [dccb7b66-05bf-40d4-a126-9074e1df82c7-groupManagement] INFO  server.RaftServerConfigKeys (ConfUtils.java:logGet(46)) - raft.server.log.unsafe-flush.enabled = false (default)
2023-12-28 09:08:26,731 [dccb7b66-05bf-40d4-a126-9074e1df82c7-groupManagement] INFO  server.RaftServerConfigKeys (ConfUtils.java:logGet(46)) - raft.server.log.async-flush.enabled = false (default)
2023-12-28 09:08:26,731 [dccb7b66-05bf-40d4-a126-9074e1df82c7-groupManagement] INFO  server.RaftServerConfigKeys (ConfUtils.java:logGet(46)) - raft.server.log.statemachine.data.caching.enabled = true (custom)
2023-12-28 09:08:26,732 [dccb7b66-05bf-40d4-a126-9074e1df82c7-groupManagement] INFO  segmented.SegmentedRaftLogWorker (SegmentedRaftLogWorker.java:lambda$new$0(135)) - dccb7b66-05bf-40d4-a126-9074e1df82c7@group-7A911354CE2F-SegmentedRaftLogWorker: flushIndex: setUnconditionally 0 -> -1
2023-12-28 09:08:26,732 [dccb7b66-05bf-40d4-a126-9074e1df82c7-groupManagement] INFO  segmented.SegmentedRaftLogWorker (SegmentedRaftLogWorker.java:lambda$new$0(135)) - dccb7b66-05bf-40d4-a126-9074e1df82c7@group-7A911354CE2F-SegmentedRaftLogWorker: safeCacheEvictIndex: setUnconditionally 0 -> -1
2023-12-28 09:08:26,732 [dccb7b66-05bf-40d4-a126-9074e1df82c7-groupManagement] INFO  server.RaftServer$Division (RaftServerImpl.java:start(392)) - dccb7b66-05bf-40d4-a126-9074e1df82c7@group-7A911354CE2F: start as a follower, conf=-1: peers:[dccb7b66-05bf-40d4-a126-9074e1df82c7|10.1.0.14:15166, 9e792a6f-77db-4c9d-ab1c-4b4be3f2ae56|10.1.0.14:15157, 3217eff5-f77e-4cc7-8aa1-ee5fb2ab3194|10.1.0.14:15175]|listeners:[], old=null
2023-12-28 09:08:26,732 [dccb7b66-05bf-40d4-a126-9074e1df82c7-groupManagement] INFO  server.RaftServer$Division (RaftServerImpl.java:setRole(379)) - dccb7b66-05bf-40d4-a126-9074e1df82c7@group-7A911354CE2F: changes role from      null to FOLLOWER at term 0 for startAsFollower
2023-12-28 09:08:26,732 [dccb7b66-05bf-40d4-a126-9074e1df82c7-groupManagement] INFO  impl.RoleInfo (RoleInfo.java:updateAndGet(139)) - dccb7b66-05bf-40d4-a126-9074e1df82c7: start dccb7b66-05bf-40d4-a126-9074e1df82c7@group-7A911354CE2F-FollowerState
2023-12-28 09:08:26,733 [dccb7b66-05bf-40d4-a126-9074e1df82c7@group-7A911354CE2F-FollowerState] INFO  server.RaftServerConfigKeys (ConfUtils.java:logFallback(53)) - raft.server.rpc.first-election.timeout.min = 5s (fallback to raft.server.rpc.timeout.min)
2023-12-28 09:08:26,733 [dccb7b66-05bf-40d4-a126-9074e1df82c7-groupManagement] INFO  util.JmxRegister (JmxRegister.java:tryRegister(44)) - Successfully registered JMX Bean with object name Ratis:service=RaftServer,group=group-7A911354CE2F,id=dccb7b66-05bf-40d4-a126-9074e1df82c7
2023-12-28 09:08:26,733 [dccb7b66-05bf-40d4-a126-9074e1df82c7@group-7A911354CE2F-FollowerState] INFO  server.RaftServerConfigKeys (ConfUtils.java:logFallback(53)) - raft.server.rpc.first-election.timeout.max = 5200ms (fallback to raft.server.rpc.timeout.max)
2023-12-28 09:08:26,733 [dccb7b66-05bf-40d4-a126-9074e1df82c7-groupManagement] INFO  server.RaftServerConfigKeys (ConfUtils.java:logGet(46)) - raft.server.snapshot.trigger-when-stop.enabled = true (default)
2023-12-28 09:08:26,733 [dccb7b66-05bf-40d4-a126-9074e1df82c7-groupManagement] INFO  server.RaftServerConfigKeys (ConfUtils.java:logGet(46)) - raft.server.snapshot.auto.trigger.enabled = true (custom)
2023-12-28 09:08:26,733 [dccb7b66-05bf-40d4-a126-9074e1df82c7-groupManagement] INFO  server.RaftServerConfigKeys (ConfUtils.java:logGet(46)) - raft.server.snapshot.auto.trigger.threshold = 10000 (custom)
2023-12-28 09:08:26,733 [dccb7b66-05bf-40d4-a126-9074e1df82c7-groupManagement] INFO  server.RaftServerConfigKeys (ConfUtils.java:logGet(46)) - raft.server.snapshot.retention.file.num = 5 (custom)
2023-12-28 09:08:26,733 [dccb7b66-05bf-40d4-a126-9074e1df82c7-groupManagement] INFO  server.RaftServerConfigKeys (ConfUtils.java:logGet(46)) - raft.server.log.purge.upto.snapshot.index = false (default)
2023-12-28 09:08:26,744 [9e792a6f-77db-4c9d-ab1c-4b4be3f2ae56-PipelineCommandHandlerThread-0] INFO  commandhandler.CreatePipelineCommandHandler (CreatePipelineCommandHandler.java:lambda$handle$2(124)) - Created Pipeline RATIS THREE PipelineID=7d01b0ae-962c-4cf1-9d7b-7a911354ce2f.
2023-12-28 09:08:26,745 [dccb7b66-05bf-40d4-a126-9074e1df82c7-PipelineCommandHandlerThread-0] INFO  server.RaftServer (RaftServerProxy.java:addNew(100)) - dccb7b66-05bf-40d4-a126-9074e1df82c7: addNew group-233B65F5EE38:[dccb7b66-05bf-40d4-a126-9074e1df82c7|10.1.0.14:15166] returns group-233B65F5EE38:java.util.concurrent.CompletableFuture@3f00dc30[Not completed]
2023-12-28 09:08:26,747 [dccb7b66-05bf-40d4-a126-9074e1df82c7-groupManagement] INFO  server.RaftServer$Division (RaftServerImpl.java:<init>(256)) - dccb7b66-05bf-40d4-a126-9074e1df82c7: new RaftServerImpl for group-233B65F5EE38:[dccb7b66-05bf-40d4-a126-9074e1df82c7|10.1.0.14:15166] with ContainerStateMachine:uninitialized
2023-12-28 09:08:26,747 [dccb7b66-05bf-40d4-a126-9074e1df82c7-groupManagement] INFO  server.RaftServerConfigKeys (ConfUtils.java:logGet(46)) - raft.server.rpc.timeout.min = 5s (custom)
2023-12-28 09:08:26,747 [dccb7b66-05bf-40d4-a126-9074e1df82c7-groupManagement] INFO  server.RaftServerConfigKeys (ConfUtils.java:logGet(46)) - raft.server.rpc.timeout.max = 5200ms (custom)
2023-12-28 09:08:26,747 [dccb7b66-05bf-40d4-a126-9074e1df82c7-groupManagement] INFO  server.RaftServerConfigKeys (ConfUtils.java:logGet(46)) - raft.server.rpc.sleep.time = 25ms (default)
2023-12-28 09:08:26,747 [dccb7b66-05bf-40d4-a126-9074e1df82c7-groupManagement] INFO  server.RaftServerConfigKeys (ConfUtils.java:logGet(46)) - raft.server.rpc.slowness.timeout = 300000ms (custom)
2023-12-28 09:08:26,747 [dccb7b66-05bf-40d4-a126-9074e1df82c7-groupManagement] INFO  server.RaftServerConfigKeys (ConfUtils.java:logGet(46)) - raft.server.leaderelection.leader.step-down.wait-time = 10s (default)
2023-12-28 09:08:26,747 [dccb7b66-05bf-40d4-a126-9074e1df82c7-groupManagement] INFO  server.RaftServerConfigKeys (ConfUtils.java:logGet(46)) - raft.server.leaderelection.member.majority-add = false (default)
2023-12-28 09:08:26,747 [dccb7b66-05bf-40d4-a126-9074e1df82c7-groupManagement] INFO  server.RaftServerConfigKeys (ConfUtils.java:logGet(46)) - raft.server.sleep.deviation.threshold = 300ms (default)
2023-12-28 09:08:26,747 [dccb7b66-05bf-40d4-a126-9074e1df82c7-groupManagement] INFO  server.RaftServer$Division (ServerState.java:<init>(113)) - dccb7b66-05bf-40d4-a126-9074e1df82c7@group-233B65F5EE38: ConfigurationManager, init=-1: peers:[dccb7b66-05bf-40d4-a126-9074e1df82c7|10.1.0.14:15166]|listeners:[], old=null, confs=<EMPTY_MAP>
2023-12-28 09:08:26,747 [dccb7b66-05bf-40d4-a126-9074e1df82c7-groupManagement] INFO  server.RaftServerConfigKeys (ConfUtils.java:logGet(46)) - raft.server.notification.no-leader.timeout = 300000ms (custom)
2023-12-28 09:08:26,747 [dccb7b66-05bf-40d4-a126-9074e1df82c7-groupManagement] INFO  server.RaftServerConfigKeys (ConfUtils.java:logGet(46)) - raft.server.read.timeout = 10s (default)
2023-12-28 09:08:26,747 [dccb7b66-05bf-40d4-a126-9074e1df82c7-groupManagement] INFO  server.RaftServerConfigKeys (ConfUtils.java:logGet(46)) - raft.server.retrycache.expirytime = 600000ms (custom)
2023-12-28 09:08:26,747 [dccb7b66-05bf-40d4-a126-9074e1df82c7-groupManagement] INFO  server.RaftServerConfigKeys (ConfUtils.java:logGet(46)) - raft.server.retrycache.statistics.expirytime = 100ms (default)
2023-12-28 09:08:26,748 [dccb7b66-05bf-40d4-a126-9074e1df82c7-groupManagement] INFO  server.RaftServerConfigKeys (ConfUtils.java:logGet(46)) - raft.server.read.option = DEFAULT (default)
2023-12-28 09:08:26,748 [dccb7b66-05bf-40d4-a126-9074e1df82c7-groupManagement] INFO  server.RaftServerConfigKeys (ConfUtils.java:logGet(46)) - raft.server.read.read-after-write-consistent.write-index-cache.expiry-time = 60s (default)
2023-12-28 09:08:26,750 [dccb7b66-05bf-40d4-a126-9074e1df82c7-groupManagement] INFO  server.RaftServerConfigKeys (ConfUtils.java:logGet(46)) - raft.server.rpc.request.timeout = 3000ms (default)
2023-12-28 09:08:26,750 [dccb7b66-05bf-40d4-a126-9074e1df82c7-groupManagement] INFO  server.RaftServerConfigKeys (ConfUtils.java:logGet(46)) - raft.server.log.appender.install.snapshot.enabled = false (custom)
2023-12-28 09:08:26,750 [dccb7b66-05bf-40d4-a126-9074e1df82c7-groupManagement] INFO  server.RaftServerConfigKeys (ConfUtils.java:logGet(46)) - raft.server.threadpool.server.cached = true (default)
2023-12-28 09:08:26,750 [dccb7b66-05bf-40d4-a126-9074e1df82c7-groupManagement] INFO  server.RaftServerConfigKeys (ConfUtils.java:logGet(46)) - raft.server.threadpool.server.size = 0 (default)
2023-12-28 09:08:26,750 [dccb7b66-05bf-40d4-a126-9074e1df82c7-groupManagement] INFO  server.RaftServerConfigKeys (ConfUtils.java:logGet(46)) - raft.server.threadpool.client.cached = true (default)
2023-12-28 09:08:26,750 [dccb7b66-05bf-40d4-a126-9074e1df82c7-groupManagement] INFO  server.RaftServerConfigKeys (ConfUtils.java:logGet(46)) - raft.server.threadpool.client.size = 0 (default)
2023-12-28 09:08:26,750 [dccb7b66-05bf-40d4-a126-9074e1df82c7-groupManagement] INFO  server.RaftServerConfigKeys (ConfUtils.java:logGet(46)) - raft.server.storage.free-space.min = 0MB (=0) (default)
2023-12-28 09:08:26,750 [dccb7b66-05bf-40d4-a126-9074e1df82c7-groupManagement] INFO  server.RaftServerConfigKeys (ConfUtils.java:logGet(46)) - raft.server.log.corruption.policy = EXCEPTION (default)
2023-12-28 09:08:26,751 [dccb7b66-05bf-40d4-a126-9074e1df82c7-groupManagement] INFO  server.RaftServerConfigKeys (ConfUtils.java:logGet(46)) - raft.server.storage.dir = [/home/runner/work/ozone/ozone/hadoop-ozone/integration-test/target/test-dir/MiniOzoneClusterImpl-8986566a-fb65-479a-a2d4-a5d5d2c03f68/datanode-7/data/ratis] (custom)
2023-12-28 09:08:26,751 [dccb7b66-05bf-40d4-a126-9074e1df82c7-groupManagement] INFO  storage.RaftStorageDirectory (RaftStorageDirectoryImpl.java:analyzeStorage(138)) - The storage directory /home/runner/work/ozone/ozone/hadoop-ozone/integration-test/target/test-dir/MiniOzoneClusterImpl-8986566a-fb65-479a-a2d4-a5d5d2c03f68/datanode-7/data/ratis/be5ce17b-3d15-446a-bad1-233b65f5ee38 does not exist. Creating ...
2023-12-28 09:08:26,753 [dccb7b66-05bf-40d4-a126-9074e1df82c7-groupManagement] INFO  storage.RaftStorageDirectory (RaftStorageDirectoryImpl.java:tryLock(232)) - Lock on /home/runner/work/ozone/ozone/hadoop-ozone/integration-test/target/test-dir/MiniOzoneClusterImpl-8986566a-fb65-479a-a2d4-a5d5d2c03f68/datanode-7/data/ratis/be5ce17b-3d15-446a-bad1-233b65f5ee38/in_use.lock acquired by nodename 85610@fv-az1384-14
2023-12-28 09:08:26,754 [dccb7b66-05bf-40d4-a126-9074e1df82c7-groupManagement] INFO  storage.RaftStorage (RaftStorageImpl.java:format(97)) - Storage directory /home/runner/work/ozone/ozone/hadoop-ozone/integration-test/target/test-dir/MiniOzoneClusterImpl-8986566a-fb65-479a-a2d4-a5d5d2c03f68/datanode-7/data/ratis/be5ce17b-3d15-446a-bad1-233b65f5ee38 has been successfully formatted.
2023-12-28 09:08:26,755 [dccb7b66-05bf-40d4-a126-9074e1df82c7-groupManagement] INFO  ratis.ContainerStateMachine (ContainerStateMachine.java:loadSnapshot(287)) - group-233B65F5EE38: The snapshot info is null. Setting the last applied indexto:(t:0, i:~)
2023-12-28 09:08:26,755 [dccb7b66-05bf-40d4-a126-9074e1df82c7-groupManagement] INFO  server.RaftServerConfigKeys (ConfUtils.java:logGet(46)) - raft.server.log.use.memory = false (default)
2023-12-28 09:08:26,755 [dccb7b66-05bf-40d4-a126-9074e1df82c7-groupManagement] INFO  server.RaftServerConfigKeys (ConfUtils.java:logGet(46)) - raft.server.log.purge.gap = 1000000 (custom)
2023-12-28 09:08:26,755 [dccb7b66-05bf-40d4-a126-9074e1df82c7-groupManagement] INFO  server.RaftServerConfigKeys (ConfUtils.java:logGet(46)) - raft.server.log.appender.buffer.byte-limit = 8388608 (custom)
2023-12-28 09:08:26,755 [dccb7b66-05bf-40d4-a126-9074e1df82c7-groupManagement] INFO  server.RaftServerConfigKeys (ConfUtils.java:logGet(46)) - raft.server.log.statemachine.data.read.timeout = 1000ms (default)
2023-12-28 09:08:26,755 [dccb7b66-05bf-40d4-a126-9074e1df82c7-groupManagement] INFO  server.RaftServerConfigKeys (ConfUtils.java:logGet(46)) - raft.server.log.purge.preservation.log.num = 0 (default)
2023-12-28 09:08:26,756 [EventQueue-PipelineReportForPipelineReportHandler] INFO  pipeline.PipelineReportHandler (PipelineReportHandler.java:processPipelineReport(136)) - Opened pipeline PipelineID=be5ce17b-3d15-446a-bad1-233b65f5ee38
2023-12-28 09:08:26,756 [EventQueue-OpenPipelineForHealthyPipelineSafeModeRule] INFO  safemode.SCMSafeModeManager (HealthyPipelineSafeModeRule.java:process(140)) - SCM in safe mode. Healthy pipelines reported count is 0, required healthy pipeline reported count is 1
2023-12-28 09:08:26,758 [dccb7b66-05bf-40d4-a126-9074e1df82c7-groupManagement] INFO  server.RaftServerConfigKeys (ConfUtils.java:logGet(46)) - raft.server.log.segment.size.max = 67108864 (custom)
2023-12-28 09:08:26,758 [dccb7b66-05bf-40d4-a126-9074e1df82c7-groupManagement] INFO  server.RaftServerConfigKeys (ConfUtils.java:logGet(46)) - raft.server.log.segment.cache.num.max = 2 (custom)
2023-12-28 09:08:26,758 [dccb7b66-05bf-40d4-a126-9074e1df82c7-groupManagement] INFO  server.RaftServerConfigKeys (ConfUtils.java:logGet(46)) - raft.server.log.segment.cache.size.max = 200MB (=209715200) (default)
2023-12-28 09:08:26,758 [dccb7b66-05bf-40d4-a126-9074e1df82c7-groupManagement] INFO  server.RaftServerConfigKeys (ConfUtils.java:logGet(46)) - raft.server.log.appender.buffer.byte-limit = 8388608 (custom)
2023-12-28 09:08:26,759 [dccb7b66-05bf-40d4-a126-9074e1df82c7-groupManagement] INFO  util.AwaitToRun (AwaitToRun.java:start(81)) - Thread[dccb7b66-05bf-40d4-a126-9074e1df82c7@group-233B65F5EE38-cacheEviction-AwaitToRun,5,main] started
2023-12-28 09:08:26,759 [dccb7b66-05bf-40d4-a126-9074e1df82c7-groupManagement] INFO  segmented.SegmentedRaftLogWorker (SegmentedRaftLogWorker.java:<init>(184)) - new dccb7b66-05bf-40d4-a126-9074e1df82c7@group-233B65F5EE38-SegmentedRaftLogWorker for RaftStorageImpl:Storage Directory /home/runner/work/ozone/ozone/hadoop-ozone/integration-test/target/test-dir/MiniOzoneClusterImpl-8986566a-fb65-479a-a2d4-a5d5d2c03f68/datanode-7/data/ratis/be5ce17b-3d15-446a-bad1-233b65f5ee38
2023-12-28 09:08:26,759 [dccb7b66-05bf-40d4-a126-9074e1df82c7-groupManagement] INFO  server.RaftServerConfigKeys (ConfUtils.java:logGet(46)) - raft.server.log.queue.byte-limit = 4294967296 (custom)
2023-12-28 09:08:26,759 [dccb7b66-05bf-40d4-a126-9074e1df82c7-groupManagement] INFO  server.RaftServerConfigKeys (ConfUtils.java:logGet(46)) - raft.server.log.queue.element-limit = 1024 (custom)
2023-12-28 09:08:26,759 [dccb7b66-05bf-40d4-a126-9074e1df82c7-groupManagement] INFO  server.RaftServerConfigKeys (ConfUtils.java:logGet(46)) - raft.server.log.segment.size.max = 67108864 (custom)
2023-12-28 09:08:26,759 [dccb7b66-05bf-40d4-a126-9074e1df82c7-groupManagement] INFO  server.RaftServerConfigKeys (ConfUtils.java:logGet(46)) - raft.server.log.preallocated.size = 4194304 (custom)
2023-12-28 09:08:26,759 [dccb7b66-05bf-40d4-a126-9074e1df82c7-groupManagement] INFO  server.RaftServerConfigKeys (ConfUtils.java:logGet(46)) - raft.server.log.force.sync.num = 128 (default)
2023-12-28 09:08:26,759 [dccb7b66-05bf-40d4-a126-9074e1df82c7-groupManagement] INFO  server.RaftServerConfigKeys (ConfUtils.java:logGet(46)) - raft.server.log.statemachine.data.sync = true (default)
2023-12-28 09:08:26,759 [dccb7b66-05bf-40d4-a126-9074e1df82c7-groupManagement] INFO  server.RaftServerConfigKeys (ConfUtils.java:logGet(46)) - raft.server.log.statemachine.data.sync.timeout = 10s (default)
2023-12-28 09:08:26,759 [dccb7b66-05bf-40d4-a126-9074e1df82c7-groupManagement] INFO  server.RaftServerConfigKeys (ConfUtils.java:logGet(46)) - raft.server.log.statemachine.data.sync.timeout.retry = 0 (custom)
2023-12-28 09:08:26,760 [dccb7b66-05bf-40d4-a126-9074e1df82c7-groupManagement] INFO  server.RaftServerConfigKeys (ConfUtils.java:logGet(46)) - raft.server.log.write.buffer.size = 8388616 (custom)
2023-12-28 09:08:26,761 [dccb7b66-05bf-40d4-a126-9074e1df82c7-groupManagement] INFO  server.RaftServerConfigKeys (ConfUtils.java:logGet(46)) - raft.server.log.appender.buffer.byte-limit = 8388608 (custom)
2023-12-28 09:08:26,762 [dccb7b66-05bf-40d4-a126-9074e1df82c7-groupManagement] INFO  server.RaftServerConfigKeys (ConfUtils.java:logGet(46)) - raft.server.log.unsafe-flush.enabled = false (default)
2023-12-28 09:08:26,762 [dccb7b66-05bf-40d4-a126-9074e1df82c7-groupManagement] INFO  server.RaftServerConfigKeys (ConfUtils.java:logGet(46)) - raft.server.log.async-flush.enabled = false (default)
2023-12-28 09:08:26,762 [dccb7b66-05bf-40d4-a126-9074e1df82c7-groupManagement] INFO  server.RaftServerConfigKeys (ConfUtils.java:logGet(46)) - raft.server.log.statemachine.data.caching.enabled = true (custom)
2023-12-28 09:08:26,762 [dccb7b66-05bf-40d4-a126-9074e1df82c7-groupManagement] INFO  segmented.SegmentedRaftLogWorker (SegmentedRaftLogWorker.java:lambda$new$0(135)) - dccb7b66-05bf-40d4-a126-9074e1df82c7@group-233B65F5EE38-SegmentedRaftLogWorker: flushIndex: setUnconditionally 0 -> -1
2023-12-28 09:08:26,762 [dccb7b66-05bf-40d4-a126-9074e1df82c7-groupManagement] INFO  segmented.SegmentedRaftLogWorker (SegmentedRaftLogWorker.java:lambda$new$0(135)) - dccb7b66-05bf-40d4-a126-9074e1df82c7@group-233B65F5EE38-SegmentedRaftLogWorker: safeCacheEvictIndex: setUnconditionally 0 -> -1
2023-12-28 09:08:26,762 [dccb7b66-05bf-40d4-a126-9074e1df82c7-groupManagement] INFO  server.RaftServer$Division (RaftServerImpl.java:start(392)) - dccb7b66-05bf-40d4-a126-9074e1df82c7@group-233B65F5EE38: start as a follower, conf=-1: peers:[dccb7b66-05bf-40d4-a126-9074e1df82c7|10.1.0.14:15166]|listeners:[], old=null
2023-12-28 09:08:26,762 [dccb7b66-05bf-40d4-a126-9074e1df82c7-groupManagement] INFO  server.RaftServer$Division (RaftServerImpl.java:setRole(379)) - dccb7b66-05bf-40d4-a126-9074e1df82c7@group-233B65F5EE38: changes role from      null to FOLLOWER at term 0 for startAsFollower
2023-12-28 09:08:26,762 [dccb7b66-05bf-40d4-a126-9074e1df82c7-groupManagement] INFO  impl.RoleInfo (RoleInfo.java:updateAndGet(139)) - dccb7b66-05bf-40d4-a126-9074e1df82c7: start dccb7b66-05bf-40d4-a126-9074e1df82c7@group-233B65F5EE38-FollowerState
2023-12-28 09:08:26,762 [dccb7b66-05bf-40d4-a126-9074e1df82c7@group-233B65F5EE38-FollowerState] INFO  server.RaftServerConfigKeys (ConfUtils.java:logFallback(53)) - raft.server.rpc.first-election.timeout.min = 5s (fallback to raft.server.rpc.timeout.min)
2023-12-28 09:08:26,762 [dccb7b66-05bf-40d4-a126-9074e1df82c7-groupManagement] INFO  util.JmxRegister (JmxRegister.java:tryRegister(44)) - Successfully registered JMX Bean with object name Ratis:service=RaftServer,group=group-233B65F5EE38,id=dccb7b66-05bf-40d4-a126-9074e1df82c7
2023-12-28 09:08:26,762 [dccb7b66-05bf-40d4-a126-9074e1df82c7@group-233B65F5EE38-FollowerState] INFO  server.RaftServerConfigKeys (ConfUtils.java:logFallback(53)) - raft.server.rpc.first-election.timeout.max = 5200ms (fallback to raft.server.rpc.timeout.max)
2023-12-28 09:08:26,763 [dccb7b66-05bf-40d4-a126-9074e1df82c7-groupManagement] INFO  server.RaftServerConfigKeys (ConfUtils.java:logGet(46)) - raft.server.snapshot.trigger-when-stop.enabled = true (default)
2023-12-28 09:08:26,763 [dccb7b66-05bf-40d4-a126-9074e1df82c7-groupManagement] INFO  server.RaftServerConfigKeys (ConfUtils.java:logGet(46)) - raft.server.snapshot.auto.trigger.enabled = true (custom)
2023-12-28 09:08:26,763 [dccb7b66-05bf-40d4-a126-9074e1df82c7-groupManagement] INFO  server.RaftServerConfigKeys (ConfUtils.java:logGet(46)) - raft.server.snapshot.auto.trigger.threshold = 10000 (custom)
2023-12-28 09:08:26,763 [dccb7b66-05bf-40d4-a126-9074e1df82c7-groupManagement] INFO  server.RaftServerConfigKeys (ConfUtils.java:logGet(46)) - raft.server.snapshot.retention.file.num = 5 (custom)
2023-12-28 09:08:26,763 [dccb7b66-05bf-40d4-a126-9074e1df82c7-groupManagement] INFO  server.RaftServerConfigKeys (ConfUtils.java:logGet(46)) - raft.server.log.purge.upto.snapshot.index = false (default)
2023-12-28 09:08:26,766 [dccb7b66-05bf-40d4-a126-9074e1df82c7-PipelineCommandHandlerThread-0] INFO  ratis.XceiverServerRatis (XceiverServerRatis.java:addGroup(837)) - Created group PipelineID=be5ce17b-3d15-446a-bad1-233b65f5ee38
2023-12-28 09:08:26,767 [dccb7b66-05bf-40d4-a126-9074e1df82c7-PipelineCommandHandlerThread-0] INFO  commandhandler.CreatePipelineCommandHandler (CreatePipelineCommandHandler.java:lambda$handle$2(124)) - Created Pipeline RATIS ONE PipelineID=be5ce17b-3d15-446a-bad1-233b65f5ee38.
2023-12-28 09:08:26,849 [3217eff5-f77e-4cc7-8aa1-ee5fb2ab3194-PipelineCommandHandlerThread-0] INFO  server.RaftServer (RaftServerProxy.java:addNew(100)) - 3217eff5-f77e-4cc7-8aa1-ee5fb2ab3194: addNew group-D966E5BA43E2:[3217eff5-f77e-4cc7-8aa1-ee5fb2ab3194|10.1.0.14:15175] returns group-D966E5BA43E2:java.util.concurrent.CompletableFuture@3f500ddf[Not completed]
2023-12-28 09:08:26,849 [3217eff5-f77e-4cc7-8aa1-ee5fb2ab3194-groupManagement] INFO  server.RaftServer$Division (RaftServerImpl.java:<init>(256)) - 3217eff5-f77e-4cc7-8aa1-ee5fb2ab3194: new RaftServerImpl for group-D966E5BA43E2:[3217eff5-f77e-4cc7-8aa1-ee5fb2ab3194|10.1.0.14:15175] with ContainerStateMachine:uninitialized
2023-12-28 09:08:26,850 [3217eff5-f77e-4cc7-8aa1-ee5fb2ab3194-groupManagement] INFO  server.RaftServerConfigKeys (ConfUtils.java:logGet(46)) - raft.server.rpc.timeout.min = 5s (custom)
2023-12-28 09:08:26,850 [3217eff5-f77e-4cc7-8aa1-ee5fb2ab3194-groupManagement] INFO  server.RaftServerConfigKeys (ConfUtils.java:logGet(46)) - raft.server.rpc.timeout.max = 5200ms (custom)
2023-12-28 09:08:26,850 [3217eff5-f77e-4cc7-8aa1-ee5fb2ab3194-groupManagement] INFO  server.RaftServerConfigKeys (ConfUtils.java:logGet(46)) - raft.server.rpc.sleep.time = 25ms (default)
2023-12-28 09:08:26,850 [3217eff5-f77e-4cc7-8aa1-ee5fb2ab3194-groupManagement] INFO  server.RaftServerConfigKeys (ConfUtils.java:logGet(46)) - raft.server.rpc.slowness.timeout = 300000ms (custom)
2023-12-28 09:08:26,850 [3217eff5-f77e-4cc7-8aa1-ee5fb2ab3194-groupManagement] INFO  server.RaftServerConfigKeys (ConfUtils.java:logGet(46)) - raft.server.leaderelection.leader.step-down.wait-time = 10s (default)
2023-12-28 09:08:26,850 [3217eff5-f77e-4cc7-8aa1-ee5fb2ab3194-groupManagement] INFO  server.RaftServerConfigKeys (ConfUtils.java:logGet(46)) - raft.server.leaderelection.member.majority-add = false (default)
2023-12-28 09:08:26,850 [3217eff5-f77e-4cc7-8aa1-ee5fb2ab3194-groupManagement] INFO  server.RaftServerConfigKeys (ConfUtils.java:logGet(46)) - raft.server.sleep.deviation.threshold = 300ms (default)
2023-12-28 09:08:26,850 [3217eff5-f77e-4cc7-8aa1-ee5fb2ab3194-groupManagement] INFO  server.RaftServer$Division (ServerState.java:<init>(113)) - 3217eff5-f77e-4cc7-8aa1-ee5fb2ab3194@group-D966E5BA43E2: ConfigurationManager, init=-1: peers:[3217eff5-f77e-4cc7-8aa1-ee5fb2ab3194|10.1.0.14:15175]|listeners:[], old=null, confs=<EMPTY_MAP>
2023-12-28 09:08:26,850 [3217eff5-f77e-4cc7-8aa1-ee5fb2ab3194-groupManagement] INFO  server.RaftServerConfigKeys (ConfUtils.java:logGet(46)) - raft.server.notification.no-leader.timeout = 300000ms (custom)
2023-12-28 09:08:26,850 [3217eff5-f77e-4cc7-8aa1-ee5fb2ab3194-groupManagement] INFO  server.RaftServerConfigKeys (ConfUtils.java:logGet(46)) - raft.server.read.timeout = 10s (default)
2023-12-28 09:08:26,850 [3217eff5-f77e-4cc7-8aa1-ee5fb2ab3194-groupManagement] INFO  server.RaftServerConfigKeys (ConfUtils.java:logGet(46)) - raft.server.retrycache.expirytime = 600000ms (custom)
2023-12-28 09:08:26,850 [3217eff5-f77e-4cc7-8aa1-ee5fb2ab3194-groupManagement] INFO  server.RaftServerConfigKeys (ConfUtils.java:logGet(46)) - raft.server.retrycache.statistics.expirytime = 100ms (default)
2023-12-28 09:08:26,850 [3217eff5-f77e-4cc7-8aa1-ee5fb2ab3194-groupManagement] INFO  server.RaftServerConfigKeys (ConfUtils.java:logGet(46)) - raft.server.read.option = DEFAULT (default)
2023-12-28 09:08:26,850 [3217eff5-f77e-4cc7-8aa1-ee5fb2ab3194-groupManagement] INFO  server.RaftServerConfigKeys (ConfUtils.java:logGet(46)) - raft.server.read.read-after-write-consistent.write-index-cache.expiry-time = 60s (default)
2023-12-28 09:08:26,853 [3217eff5-f77e-4cc7-8aa1-ee5fb2ab3194-groupManagement] INFO  server.RaftServerConfigKeys (ConfUtils.java:logGet(46)) - raft.server.rpc.request.timeout = 3000ms (default)
2023-12-28 09:08:26,853 [3217eff5-f77e-4cc7-8aa1-ee5fb2ab3194-groupManagement] INFO  server.RaftServerConfigKeys (ConfUtils.java:logGet(46)) - raft.server.log.appender.install.snapshot.enabled = false (custom)
2023-12-28 09:08:26,853 [3217eff5-f77e-4cc7-8aa1-ee5fb2ab3194-groupManagement] INFO  server.RaftServerConfigKeys (ConfUtils.java:logGet(46)) - raft.server.threadpool.server.cached = true (default)
2023-12-28 09:08:26,853 [3217eff5-f77e-4cc7-8aa1-ee5fb2ab3194-groupManagement] INFO  server.RaftServerConfigKeys (ConfUtils.java:logGet(46)) - raft.server.threadpool.server.size = 0 (default)
2023-12-28 09:08:26,853 [3217eff5-f77e-4cc7-8aa1-ee5fb2ab3194-groupManagement] INFO  server.RaftServerConfigKeys (ConfUtils.java:logGet(46)) - raft.server.threadpool.client.cached = true (default)
2023-12-28 09:08:26,853 [3217eff5-f77e-4cc7-8aa1-ee5fb2ab3194-groupManagement] INFO  server.RaftServerConfigKeys (ConfUtils.java:logGet(46)) - raft.server.threadpool.client.size = 0 (default)
2023-12-28 09:08:26,853 [3217eff5-f77e-4cc7-8aa1-ee5fb2ab3194-groupManagement] INFO  server.RaftServerConfigKeys (ConfUtils.java:logGet(46)) - raft.server.storage.free-space.min = 0MB (=0) (default)
2023-12-28 09:08:26,853 [3217eff5-f77e-4cc7-8aa1-ee5fb2ab3194-groupManagement] INFO  server.RaftServerConfigKeys (ConfUtils.java:logGet(46)) - raft.server.log.corruption.policy = EXCEPTION (default)
2023-12-28 09:08:26,854 [3217eff5-f77e-4cc7-8aa1-ee5fb2ab3194-groupManagement] INFO  server.RaftServerConfigKeys (ConfUtils.java:logGet(46)) - raft.server.storage.dir = [/home/runner/work/ozone/ozone/hadoop-ozone/integration-test/target/test-dir/MiniOzoneClusterImpl-8986566a-fb65-479a-a2d4-a5d5d2c03f68/datanode-8/data/ratis] (custom)
2023-12-28 09:08:26,854 [3217eff5-f77e-4cc7-8aa1-ee5fb2ab3194-groupManagement] INFO  storage.RaftStorageDirectory (RaftStorageDirectoryImpl.java:analyzeStorage(138)) - The storage directory /home/runner/work/ozone/ozone/hadoop-ozone/integration-test/target/test-dir/MiniOzoneClusterImpl-8986566a-fb65-479a-a2d4-a5d5d2c03f68/datanode-8/data/ratis/246b24a6-ca76-4cbe-8c0b-d966e5ba43e2 does not exist. Creating ...
2023-12-28 09:08:26,855 [main] INFO  ozone.MiniOzoneClusterImpl (MiniOzoneClusterImpl.java:lambda$waitForClusterToBeReady$0(230)) - Nodes are ready. Got 9 of 9 DN Heartbeats.
2023-12-28 09:08:26,855 [main] INFO  ozone.MiniOzoneClusterImpl (MiniOzoneClusterImpl.java:lambda$waitForClusterToBeReady$0(233)) - Waiting for cluster to exit safe mode
2023-12-28 09:08:26,855 [main] INFO  ozone.MiniOzoneClusterImpl (MiniOzoneClusterImpl.java:lambda$waitForClusterToBeReady$0(235)) - SCM became leader
2023-12-28 09:08:26,856 [3217eff5-f77e-4cc7-8aa1-ee5fb2ab3194-groupManagement] INFO  storage.RaftStorageDirectory (RaftStorageDirectoryImpl.java:tryLock(232)) - Lock on /home/runner/work/ozone/ozone/hadoop-ozone/integration-test/target/test-dir/MiniOzoneClusterImpl-8986566a-fb65-479a-a2d4-a5d5d2c03f68/datanode-8/data/ratis/246b24a6-ca76-4cbe-8c0b-d966e5ba43e2/in_use.lock acquired by nodename 85610@fv-az1384-14
2023-12-28 09:08:26,857 [3217eff5-f77e-4cc7-8aa1-ee5fb2ab3194-groupManagement] INFO  storage.RaftStorage (RaftStorageImpl.java:format(97)) - Storage directory /home/runner/work/ozone/ozone/hadoop-ozone/integration-test/target/test-dir/MiniOzoneClusterImpl-8986566a-fb65-479a-a2d4-a5d5d2c03f68/datanode-8/data/ratis/246b24a6-ca76-4cbe-8c0b-d966e5ba43e2 has been successfully formatted.
2023-12-28 09:08:26,857 [3217eff5-f77e-4cc7-8aa1-ee5fb2ab3194-groupManagement] INFO  ratis.ContainerStateMachine (ContainerStateMachine.java:loadSnapshot(287)) - group-D966E5BA43E2: The snapshot info is null. Setting the last applied indexto:(t:0, i:~)
2023-12-28 09:08:26,857 [3217eff5-f77e-4cc7-8aa1-ee5fb2ab3194-groupManagement] INFO  server.RaftServerConfigKeys (ConfUtils.java:logGet(46)) - raft.server.log.use.memory = false (default)
2023-12-28 09:08:26,857 [3217eff5-f77e-4cc7-8aa1-ee5fb2ab3194-groupManagement] INFO  server.RaftServerConfigKeys (ConfUtils.java:logGet(46)) - raft.server.log.purge.gap = 1000000 (custom)
2023-12-28 09:08:26,858 [3217eff5-f77e-4cc7-8aa1-ee5fb2ab3194-groupManagement] INFO  server.RaftServerConfigKeys (ConfUtils.java:logGet(46)) - raft.server.log.appender.buffer.byte-limit = 8388608 (custom)
2023-12-28 09:08:26,858 [3217eff5-f77e-4cc7-8aa1-ee5fb2ab3194-groupManagement] INFO  server.RaftServerConfigKeys (ConfUtils.java:logGet(46)) - raft.server.log.statemachine.data.read.timeout = 1000ms (default)
2023-12-28 09:08:26,858 [3217eff5-f77e-4cc7-8aa1-ee5fb2ab3194-groupManagement] INFO  server.RaftServerConfigKeys (ConfUtils.java:logGet(46)) - raft.server.log.purge.preservation.log.num = 0 (default)
2023-12-28 09:08:26,859 [EventQueue-PipelineReportForPipelineReportHandler] INFO  pipeline.PipelineReportHandler (PipelineReportHandler.java:processPipelineReport(136)) - Opened pipeline PipelineID=246b24a6-ca76-4cbe-8c0b-d966e5ba43e2
2023-12-28 09:08:26,859 [EventQueue-OpenPipelineForHealthyPipelineSafeModeRule] INFO  safemode.SCMSafeModeManager (HealthyPipelineSafeModeRule.java:process(140)) - SCM in safe mode. Healthy pipelines reported count is 0, required healthy pipeline reported count is 1
2023-12-28 09:08:26,860 [3217eff5-f77e-4cc7-8aa1-ee5fb2ab3194-groupManagement] INFO  server.RaftServerConfigKeys (ConfUtils.java:logGet(46)) - raft.server.log.segment.size.max = 67108864 (custom)
2023-12-28 09:08:26,860 [3217eff5-f77e-4cc7-8aa1-ee5fb2ab3194-groupManagement] INFO  server.RaftServerConfigKeys (ConfUtils.java:logGet(46)) - raft.server.log.segment.cache.num.max = 2 (custom)
2023-12-28 09:08:26,860 [3217eff5-f77e-4cc7-8aa1-ee5fb2ab3194-groupManagement] INFO  server.RaftServerConfigKeys (ConfUtils.java:logGet(46)) - raft.server.log.segment.cache.size.max = 200MB (=209715200) (default)
2023-12-28 09:08:26,860 [3217eff5-f77e-4cc7-8aa1-ee5fb2ab3194-groupManagement] INFO  server.RaftServerConfigKeys (ConfUtils.java:logGet(46)) - raft.server.log.appender.buffer.byte-limit = 8388608 (custom)
2023-12-28 09:08:26,860 [3217eff5-f77e-4cc7-8aa1-ee5fb2ab3194-groupManagement] INFO  util.AwaitToRun (AwaitToRun.java:start(81)) - Thread[3217eff5-f77e-4cc7-8aa1-ee5fb2ab3194@group-D966E5BA43E2-cacheEviction-AwaitToRun,5,main] started
2023-12-28 09:08:26,861 [3217eff5-f77e-4cc7-8aa1-ee5fb2ab3194-groupManagement] INFO  segmented.SegmentedRaftLogWorker (SegmentedRaftLogWorker.java:<init>(184)) - new 3217eff5-f77e-4cc7-8aa1-ee5fb2ab3194@group-D966E5BA43E2-SegmentedRaftLogWorker for RaftStorageImpl:Storage Directory /home/runner/work/ozone/ozone/hadoop-ozone/integration-test/target/test-dir/MiniOzoneClusterImpl-8986566a-fb65-479a-a2d4-a5d5d2c03f68/datanode-8/data/ratis/246b24a6-ca76-4cbe-8c0b-d966e5ba43e2
2023-12-28 09:08:26,861 [3217eff5-f77e-4cc7-8aa1-ee5fb2ab3194-groupManagement] INFO  server.RaftServerConfigKeys (ConfUtils.java:logGet(46)) - raft.server.log.queue.byte-limit = 4294967296 (custom)
2023-12-28 09:08:26,861 [3217eff5-f77e-4cc7-8aa1-ee5fb2ab3194-groupManagement] INFO  server.RaftServerConfigKeys (ConfUtils.java:logGet(46)) - raft.server.log.queue.element-limit = 1024 (custom)
2023-12-28 09:08:26,861 [3217eff5-f77e-4cc7-8aa1-ee5fb2ab3194-groupManagement] INFO  server.RaftServerConfigKeys (ConfUtils.java:logGet(46)) - raft.server.log.segment.size.max = 67108864 (custom)
2023-12-28 09:08:26,861 [3217eff5-f77e-4cc7-8aa1-ee5fb2ab3194-groupManagement] INFO  server.RaftServerConfigKeys (ConfUtils.java:logGet(46)) - raft.server.log.preallocated.size = 4194304 (custom)
2023-12-28 09:08:26,861 [3217eff5-f77e-4cc7-8aa1-ee5fb2ab3194-groupManagement] INFO  server.RaftServerConfigKeys (ConfUtils.java:logGet(46)) - raft.server.log.force.sync.num = 128 (default)
2023-12-28 09:08:26,861 [3217eff5-f77e-4cc7-8aa1-ee5fb2ab3194-groupManagement] INFO  server.RaftServerConfigKeys (ConfUtils.java:logGet(46)) - raft.server.log.statemachine.data.sync = true (default)
2023-12-28 09:08:26,861 [3217eff5-f77e-4cc7-8aa1-ee5fb2ab3194-groupManagement] INFO  server.RaftServerConfigKeys (ConfUtils.java:logGet(46)) - raft.server.log.statemachine.data.sync.timeout = 10s (default)
2023-12-28 09:08:26,861 [3217eff5-f77e-4cc7-8aa1-ee5fb2ab3194-groupManagement] INFO  server.RaftServerConfigKeys (ConfUtils.java:logGet(46)) - raft.server.log.statemachine.data.sync.timeout.retry = 0 (custom)
2023-12-28 09:08:26,861 [3217eff5-f77e-4cc7-8aa1-ee5fb2ab3194-groupManagement] INFO  server.RaftServerConfigKeys (ConfUtils.java:logGet(46)) - raft.server.log.write.buffer.size = 8388616 (custom)
2023-12-28 09:08:26,863 [3217eff5-f77e-4cc7-8aa1-ee5fb2ab3194-groupManagement] INFO  server.RaftServerConfigKeys (ConfUtils.java:logGet(46)) - raft.server.log.appender.buffer.byte-limit = 8388608 (custom)
2023-12-28 09:08:26,864 [3217eff5-f77e-4cc7-8aa1-ee5fb2ab3194-groupManagement] INFO  server.RaftServerConfigKeys (ConfUtils.java:logGet(46)) - raft.server.log.unsafe-flush.enabled = false (default)
2023-12-28 09:08:26,864 [3217eff5-f77e-4cc7-8aa1-ee5fb2ab3194-groupManagement] INFO  server.RaftServerConfigKeys (ConfUtils.java:logGet(46)) - raft.server.log.async-flush.enabled = false (default)
2023-12-28 09:08:26,864 [3217eff5-f77e-4cc7-8aa1-ee5fb2ab3194-groupManagement] INFO  server.RaftServerConfigKeys (ConfUtils.java:logGet(46)) - raft.server.log.statemachine.data.caching.enabled = true (custom)
2023-12-28 09:08:26,864 [3217eff5-f77e-4cc7-8aa1-ee5fb2ab3194-groupManagement] INFO  segmented.SegmentedRaftLogWorker (SegmentedRaftLogWorker.java:lambda$new$0(135)) - 3217eff5-f77e-4cc7-8aa1-ee5fb2ab3194@group-D966E5BA43E2-SegmentedRaftLogWorker: flushIndex: setUnconditionally 0 -> -1
2023-12-28 09:08:26,864 [3217eff5-f77e-4cc7-8aa1-ee5fb2ab3194-groupManagement] INFO  segmented.SegmentedRaftLogWorker (SegmentedRaftLogWorker.java:lambda$new$0(135)) - 3217eff5-f77e-4cc7-8aa1-ee5fb2ab3194@group-D966E5BA43E2-SegmentedRaftLogWorker: safeCacheEvictIndex: setUnconditionally 0 -> -1
2023-12-28 09:08:26,865 [3217eff5-f77e-4cc7-8aa1-ee5fb2ab3194-groupManagement] INFO  server.RaftServer$Division (RaftServerImpl.java:start(392)) - 3217eff5-f77e-4cc7-8aa1-ee5fb2ab3194@group-D966E5BA43E2: start as a follower, conf=-1: peers:[3217eff5-f77e-4cc7-8aa1-ee5fb2ab3194|10.1.0.14:15175]|listeners:[], old=null
2023-12-28 09:08:26,865 [3217eff5-f77e-4cc7-8aa1-ee5fb2ab3194-groupManagement] INFO  server.RaftServer$Division (RaftServerImpl.java:setRole(379)) - 3217eff5-f77e-4cc7-8aa1-ee5fb2ab3194@group-D966E5BA43E2: changes role from      null to FOLLOWER at term 0 for startAsFollower
2023-12-28 09:08:26,865 [3217eff5-f77e-4cc7-8aa1-ee5fb2ab3194-groupManagement] INFO  impl.RoleInfo (RoleInfo.java:updateAndGet(139)) - 3217eff5-f77e-4cc7-8aa1-ee5fb2ab3194: start 3217eff5-f77e-4cc7-8aa1-ee5fb2ab3194@group-D966E5BA43E2-FollowerState
2023-12-28 09:08:26,865 [3217eff5-f77e-4cc7-8aa1-ee5fb2ab3194-groupManagement] INFO  util.JmxRegister (JmxRegister.java:tryRegister(44)) - Successfully registered JMX Bean with object name Ratis:service=RaftServer,group=group-D966E5BA43E2,id=3217eff5-f77e-4cc7-8aa1-ee5fb2ab3194
2023-12-28 09:08:26,865 [3217eff5-f77e-4cc7-8aa1-ee5fb2ab3194-groupManagement] INFO  server.RaftServerConfigKeys (ConfUtils.java:logGet(46)) - raft.server.snapshot.trigger-when-stop.enabled = true (default)
2023-12-28 09:08:26,865 [3217eff5-f77e-4cc7-8aa1-ee5fb2ab3194-groupManagement] INFO  server.RaftServerConfigKeys (ConfUtils.java:logGet(46)) - raft.server.snapshot.auto.trigger.enabled = true (custom)
2023-12-28 09:08:26,865 [3217eff5-f77e-4cc7-8aa1-ee5fb2ab3194-groupManagement] INFO  server.RaftServerConfigKeys (ConfUtils.java:logGet(46)) - raft.server.snapshot.auto.trigger.threshold = 10000 (custom)
2023-12-28 09:08:26,865 [3217eff5-f77e-4cc7-8aa1-ee5fb2ab3194-groupManagement] INFO  server.RaftServerConfigKeys (ConfUtils.java:logGet(46)) - raft.server.snapshot.retention.file.num = 5 (custom)
2023-12-28 09:08:26,865 [3217eff5-f77e-4cc7-8aa1-ee5fb2ab3194-groupManagement] INFO  server.RaftServerConfigKeys (ConfUtils.java:logGet(46)) - raft.server.log.purge.upto.snapshot.index = false (default)
2023-12-28 09:08:26,865 [3217eff5-f77e-4cc7-8aa1-ee5fb2ab3194@group-D966E5BA43E2-FollowerState] INFO  server.RaftServerConfigKeys (ConfUtils.java:logFallback(53)) - raft.server.rpc.first-election.timeout.min = 5s (fallback to raft.server.rpc.timeout.min)
2023-12-28 09:08:26,866 [3217eff5-f77e-4cc7-8aa1-ee5fb2ab3194@group-D966E5BA43E2-FollowerState] INFO  server.RaftServerConfigKeys (ConfUtils.java:logFallback(53)) - raft.server.rpc.first-election.timeout.max = 5200ms (fallback to raft.server.rpc.timeout.max)
2023-12-28 09:08:26,866 [3217eff5-f77e-4cc7-8aa1-ee5fb2ab3194-PipelineCommandHandlerThread-0] INFO  ratis.XceiverServerRatis (XceiverServerRatis.java:addGroup(837)) - Created group PipelineID=246b24a6-ca76-4cbe-8c0b-d966e5ba43e2
2023-12-28 09:08:26,866 [3217eff5-f77e-4cc7-8aa1-ee5fb2ab3194-PipelineCommandHandlerThread-0] INFO  commandhandler.CreatePipelineCommandHandler (CreatePipelineCommandHandler.java:lambda$handle$2(124)) - Created Pipeline RATIS ONE PipelineID=246b24a6-ca76-4cbe-8c0b-d966e5ba43e2.
2023-12-28 09:08:27,855 [main] INFO  ozone.MiniOzoneClusterImpl (MiniOzoneClusterImpl.java:lambda$waitForClusterToBeReady$0(230)) - Nodes are ready. Got 9 of 9 DN Heartbeats.
2023-12-28 09:08:27,856 [main] INFO  ozone.MiniOzoneClusterImpl (MiniOzoneClusterImpl.java:lambda$waitForClusterToBeReady$0(233)) - Waiting for cluster to exit safe mode
2023-12-28 09:08:27,856 [main] INFO  ozone.MiniOzoneClusterImpl (MiniOzoneClusterImpl.java:lambda$waitForClusterToBeReady$0(235)) - SCM became leader
2023-12-28 09:08:28,857 [main] INFO  ozone.MiniOzoneClusterImpl (MiniOzoneClusterImpl.java:lambda$waitForClusterToBeReady$0(230)) - Nodes are ready. Got 9 of 9 DN Heartbeats.
2023-12-28 09:08:28,857 [main] INFO  ozone.MiniOzoneClusterImpl (MiniOzoneClusterImpl.java:lambda$waitForClusterToBeReady$0(233)) - Waiting for cluster to exit safe mode
2023-12-28 09:08:28,858 [main] INFO  ozone.MiniOzoneClusterImpl (MiniOzoneClusterImpl.java:lambda$waitForClusterToBeReady$0(235)) - SCM became leader
2023-12-28 09:08:29,858 [main] INFO  ozone.MiniOzoneClusterImpl (MiniOzoneClusterImpl.java:lambda$waitForClusterToBeReady$0(230)) - Nodes are ready. Got 9 of 9 DN Heartbeats.
2023-12-28 09:08:29,858 [main] INFO  ozone.MiniOzoneClusterImpl (MiniOzoneClusterImpl.java:lambda$waitForClusterToBeReady$0(233)) - Waiting for cluster to exit safe mode
2023-12-28 09:08:29,858 [main] INFO  ozone.MiniOzoneClusterImpl (MiniOzoneClusterImpl.java:lambda$waitForClusterToBeReady$0(235)) - SCM became leader
2023-12-28 09:08:30,859 [main] INFO  ozone.MiniOzoneClusterImpl (MiniOzoneClusterImpl.java:lambda$waitForClusterToBeReady$0(230)) - Nodes are ready. Got 9 of 9 DN Heartbeats.
2023-12-28 09:08:30,859 [main] INFO  ozone.MiniOzoneClusterImpl (MiniOzoneClusterImpl.java:lambda$waitForClusterToBeReady$0(233)) - Waiting for cluster to exit safe mode
2023-12-28 09:08:30,859 [main] INFO  ozone.MiniOzoneClusterImpl (MiniOzoneClusterImpl.java:lambda$waitForClusterToBeReady$0(235)) - SCM became leader
2023-12-28 09:08:31,036 [1359b24a-0a66-4b2c-b277-152671c55fa7@group-1B294623A69B-FollowerState] INFO  impl.FollowerState (FollowerState.java:run(143)) - 1359b24a-0a66-4b2c-b277-152671c55fa7@group-1B294623A69B-FollowerState: change to CANDIDATE, lastRpcElapsedTime:5017091034ns, electionTimeout:5016ms
2023-12-28 09:08:31,036 [1359b24a-0a66-4b2c-b277-152671c55fa7@group-1B294623A69B-FollowerState] INFO  impl.RoleInfo (RoleInfo.java:shutdownFollowerState(110)) - 1359b24a-0a66-4b2c-b277-152671c55fa7: shutdown 1359b24a-0a66-4b2c-b277-152671c55fa7@group-1B294623A69B-FollowerState
2023-12-28 09:08:31,036 [1359b24a-0a66-4b2c-b277-152671c55fa7@group-1B294623A69B-FollowerState] INFO  server.RaftServer$Division (RaftServerImpl.java:setRole(379)) - 1359b24a-0a66-4b2c-b277-152671c55fa7@group-1B294623A69B: changes role from  FOLLOWER to CANDIDATE at term 0 for changeToCandidate
2023-12-28 09:08:31,036 [1359b24a-0a66-4b2c-b277-152671c55fa7@group-1B294623A69B-FollowerState] INFO  server.RaftServerConfigKeys (ConfUtils.java:logGet(46)) - raft.server.leaderelection.pre-vote = true (default)
2023-12-28 09:08:31,036 [1359b24a-0a66-4b2c-b277-152671c55fa7@group-1B294623A69B-FollowerState] INFO  impl.RoleInfo (RoleInfo.java:updateAndGet(139)) - 1359b24a-0a66-4b2c-b277-152671c55fa7: start 1359b24a-0a66-4b2c-b277-152671c55fa7@group-1B294623A69B-LeaderElection20
2023-12-28 09:08:31,038 [1359b24a-0a66-4b2c-b277-152671c55fa7@group-1B294623A69B-LeaderElection20] INFO  impl.LeaderElection (LeaderElection.java:askForVotes(323)) - 1359b24a-0a66-4b2c-b277-152671c55fa7@group-1B294623A69B-LeaderElection20 PRE_VOTE round 0: submit vote requests at term 0 for -1: peers:[623fd51a-cd2f-46b7-bfb3-2e75fcb0d216|10.1.0.14:15121, 1359b24a-0a66-4b2c-b277-152671c55fa7|10.1.0.14:15103, 710d5749-3dff-4e56-b0fe-7873b1298659|10.1.0.14:15112]|listeners:[], old=null
2023-12-28 09:08:31,038 [1359b24a-0a66-4b2c-b277-152671c55fa7@group-1B294623A69B-LeaderElection20-1] INFO  server.GrpcServerProtocolClient (GrpcServerProtocolClient.java:<init>(65)) - Build channel for 623fd51a-cd2f-46b7-bfb3-2e75fcb0d216
2023-12-28 09:08:31,038 [1359b24a-0a66-4b2c-b277-152671c55fa7@group-1B294623A69B-LeaderElection20] INFO  server.RaftServerConfigKeys (ConfUtils.java:logFallback(53)) - raft.server.rpc.first-election.timeout.min = 5s (fallback to raft.server.rpc.timeout.min)
2023-12-28 09:08:31,038 [1359b24a-0a66-4b2c-b277-152671c55fa7@group-1B294623A69B-LeaderElection20-2] INFO  server.GrpcServerProtocolClient (GrpcServerProtocolClient.java:<init>(65)) - Build channel for 710d5749-3dff-4e56-b0fe-7873b1298659
2023-12-28 09:08:31,039 [1359b24a-0a66-4b2c-b277-152671c55fa7@group-1B294623A69B-LeaderElection20] INFO  server.RaftServerConfigKeys (ConfUtils.java:logFallback(53)) - raft.server.rpc.first-election.timeout.max = 5200ms (fallback to raft.server.rpc.timeout.max)
2023-12-28 09:08:31,043 [grpc-default-executor-1] INFO  server.RaftServer$Division (RaftServerImpl.java:requestVote(1377)) - 623fd51a-cd2f-46b7-bfb3-2e75fcb0d216@group-1B294623A69B: receive requestVote(PRE_VOTE, 1359b24a-0a66-4b2c-b277-152671c55fa7, group-1B294623A69B, 0, (t:0, i:0))
2023-12-28 09:08:31,044 [grpc-default-executor-1] INFO  impl.VoteContext (VoteContext.java:log(49)) - 623fd51a-cd2f-46b7-bfb3-2e75fcb0d216@group-1B294623A69B-FOLLOWER: accept PRE_VOTE from 1359b24a-0a66-4b2c-b277-152671c55fa7: our priority 0 <= candidate's priority 0
2023-12-28 09:08:31,044 [grpc-default-executor-0] INFO  server.RaftServer$Division (RaftServerImpl.java:requestVote(1377)) - 710d5749-3dff-4e56-b0fe-7873b1298659@group-1B294623A69B: receive requestVote(PRE_VOTE, 1359b24a-0a66-4b2c-b277-152671c55fa7, group-1B294623A69B, 0, (t:0, i:0))
2023-12-28 09:08:31,044 [grpc-default-executor-1] INFO  server.RaftServer$Division (RaftServerImpl.java:requestVote(1410)) - 623fd51a-cd2f-46b7-bfb3-2e75fcb0d216@group-1B294623A69B replies to PRE_VOTE vote request: 1359b24a-0a66-4b2c-b277-152671c55fa7<-623fd51a-cd2f-46b7-bfb3-2e75fcb0d216#0:OK-t0. Peer's state: 623fd51a-cd2f-46b7-bfb3-2e75fcb0d216@group-1B294623A69B:t0, leader=null, voted=, raftlog=Memoized:623fd51a-cd2f-46b7-bfb3-2e75fcb0d216@group-1B294623A69B-SegmentedRaftLog:OPENED:c-1, conf=-1: peers:[623fd51a-cd2f-46b7-bfb3-2e75fcb0d216|10.1.0.14:15121, 1359b24a-0a66-4b2c-b277-152671c55fa7|10.1.0.14:15103, 710d5749-3dff-4e56-b0fe-7873b1298659|10.1.0.14:15112]|listeners:[], old=null
2023-12-28 09:08:31,044 [grpc-default-executor-0] INFO  impl.VoteContext (VoteContext.java:log(49)) - 710d5749-3dff-4e56-b0fe-7873b1298659@group-1B294623A69B-FOLLOWER: reject PRE_VOTE from 1359b24a-0a66-4b2c-b277-152671c55fa7: our priority 1 > candidate's priority 0
2023-12-28 09:08:31,044 [grpc-default-executor-0] INFO  server.RaftServer$Division (RaftServerImpl.java:requestVote(1410)) - 710d5749-3dff-4e56-b0fe-7873b1298659@group-1B294623A69B replies to PRE_VOTE vote request: 1359b24a-0a66-4b2c-b277-152671c55fa7<-710d5749-3dff-4e56-b0fe-7873b1298659#0:FAIL-t0. Peer's state: 710d5749-3dff-4e56-b0fe-7873b1298659@group-1B294623A69B:t0, leader=null, voted=, raftlog=Memoized:710d5749-3dff-4e56-b0fe-7873b1298659@group-1B294623A69B-SegmentedRaftLog:OPENED:c-1, conf=-1: peers:[623fd51a-cd2f-46b7-bfb3-2e75fcb0d216|10.1.0.14:15121, 1359b24a-0a66-4b2c-b277-152671c55fa7|10.1.0.14:15103, 710d5749-3dff-4e56-b0fe-7873b1298659|10.1.0.14:15112]|listeners:[], old=null
2023-12-28 09:08:31,046 [1359b24a-0a66-4b2c-b277-152671c55fa7@group-1B294623A69B-LeaderElection20] INFO  impl.LeaderElection (LeaderElection.java:logAndReturn(89)) - 1359b24a-0a66-4b2c-b277-152671c55fa7@group-1B294623A69B-LeaderElection20: PRE_VOTE REJECTED received 2 response(s) and 0 exception(s):
2023-12-28 09:08:31,046 [1359b24a-0a66-4b2c-b277-152671c55fa7@group-1B294623A69B-LeaderElection20] INFO  impl.LeaderElection (LeaderElection.java:logAndReturn(93)) -   Response 0: 1359b24a-0a66-4b2c-b277-152671c55fa7<-623fd51a-cd2f-46b7-bfb3-2e75fcb0d216#0:OK-t0
2023-12-28 09:08:31,046 [1359b24a-0a66-4b2c-b277-152671c55fa7@group-1B294623A69B-LeaderElection20] INFO  impl.LeaderElection (LeaderElection.java:logAndReturn(93)) -   Response 1: 1359b24a-0a66-4b2c-b277-152671c55fa7<-710d5749-3dff-4e56-b0fe-7873b1298659#0:FAIL-t0
2023-12-28 09:08:31,046 [1359b24a-0a66-4b2c-b277-152671c55fa7@group-1B294623A69B-LeaderElection20] INFO  impl.LeaderElection (LeaderElection.java:askForVotes(325)) - 1359b24a-0a66-4b2c-b277-152671c55fa7@group-1B294623A69B-LeaderElection20 PRE_VOTE round 0: result REJECTED
2023-12-28 09:08:31,047 [1359b24a-0a66-4b2c-b277-152671c55fa7@group-1B294623A69B-LeaderElection20] INFO  server.RaftServer$Division (RaftServerImpl.java:setRole(379)) - 1359b24a-0a66-4b2c-b277-152671c55fa7@group-1B294623A69B: changes role from CANDIDATE to FOLLOWER at term 0 for REJECTED
2023-12-28 09:08:31,047 [1359b24a-0a66-4b2c-b277-152671c55fa7@group-1B294623A69B-LeaderElection20] INFO  impl.RoleInfo (RoleInfo.java:shutdownLeaderElection(130)) - 1359b24a-0a66-4b2c-b277-152671c55fa7: shutdown 1359b24a-0a66-4b2c-b277-152671c55fa7@group-1B294623A69B-LeaderElection20
2023-12-28 09:08:31,047 [1359b24a-0a66-4b2c-b277-152671c55fa7@group-1B294623A69B-LeaderElection20] INFO  impl.RoleInfo (RoleInfo.java:updateAndGet(139)) - 1359b24a-0a66-4b2c-b277-152671c55fa7: start 1359b24a-0a66-4b2c-b277-152671c55fa7@group-1B294623A69B-FollowerState
2023-12-28 09:08:31,047 [1359b24a-0a66-4b2c-b277-152671c55fa7@group-1B294623A69B-LeaderElection20] INFO  server.RaftServer$Division (RaftServerImpl.java:setFirstElection(564)) - 1359b24a-0a66-4b2c-b277-152671c55fa7@group-1B294623A69B: set firstElectionSinceStartup to false for REJECTED
2023-12-28 09:08:31,067 [710d5749-3dff-4e56-b0fe-7873b1298659@group-1B294623A69B-FollowerState] INFO  impl.FollowerState (FollowerState.java:run(143)) - 710d5749-3dff-4e56-b0fe-7873b1298659@group-1B294623A69B-FollowerState: change to CANDIDATE, lastRpcElapsedTime:5019078830ns, electionTimeout:5018ms
2023-12-28 09:08:31,067 [710d5749-3dff-4e56-b0fe-7873b1298659@group-1B294623A69B-FollowerState] INFO  impl.RoleInfo (RoleInfo.java:shutdownFollowerState(110)) - 710d5749-3dff-4e56-b0fe-7873b1298659: shutdown 710d5749-3dff-4e56-b0fe-7873b1298659@group-1B294623A69B-FollowerState
2023-12-28 09:08:31,067 [710d5749-3dff-4e56-b0fe-7873b1298659@group-1B294623A69B-FollowerState] INFO  server.RaftServer$Division (RaftServerImpl.java:setRole(379)) - 710d5749-3dff-4e56-b0fe-7873b1298659@group-1B294623A69B: changes role from  FOLLOWER to CANDIDATE at term 0 for changeToCandidate
2023-12-28 09:08:31,067 [710d5749-3dff-4e56-b0fe-7873b1298659@group-1B294623A69B-FollowerState] INFO  server.RaftServerConfigKeys (ConfUtils.java:logGet(46)) - raft.server.leaderelection.pre-vote = true (default)
2023-12-28 09:08:31,068 [710d5749-3dff-4e56-b0fe-7873b1298659@group-1B294623A69B-FollowerState] INFO  impl.RoleInfo (RoleInfo.java:updateAndGet(139)) - 710d5749-3dff-4e56-b0fe-7873b1298659: start 710d5749-3dff-4e56-b0fe-7873b1298659@group-1B294623A69B-LeaderElection21
2023-12-28 09:08:31,068 [710d5749-3dff-4e56-b0fe-7873b1298659@group-1B294623A69B-LeaderElection21] INFO  impl.LeaderElection (LeaderElection.java:askForVotes(323)) - 710d5749-3dff-4e56-b0fe-7873b1298659@group-1B294623A69B-LeaderElection21 PRE_VOTE round 0: submit vote requests at term 0 for -1: peers:[623fd51a-cd2f-46b7-bfb3-2e75fcb0d216|10.1.0.14:15121, 1359b24a-0a66-4b2c-b277-152671c55fa7|10.1.0.14:15103, 710d5749-3dff-4e56-b0fe-7873b1298659|10.1.0.14:15112]|listeners:[], old=null
2023-12-28 09:08:31,069 [710d5749-3dff-4e56-b0fe-7873b1298659@group-1B294623A69B-LeaderElection21-1] INFO  server.GrpcServerProtocolClient (GrpcServerProtocolClient.java:<init>(65)) - Build channel for 623fd51a-cd2f-46b7-bfb3-2e75fcb0d216
2023-12-28 09:08:31,069 [710d5749-3dff-4e56-b0fe-7873b1298659@group-1B294623A69B-LeaderElection21-2] INFO  server.GrpcServerProtocolClient (GrpcServerProtocolClient.java:<init>(65)) - Build channel for 1359b24a-0a66-4b2c-b277-152671c55fa7
2023-12-28 09:08:31,069 [710d5749-3dff-4e56-b0fe-7873b1298659@group-1B294623A69B-LeaderElection21] INFO  server.RaftServerConfigKeys (ConfUtils.java:logFallback(53)) - raft.server.rpc.first-election.timeout.min = 5s (fallback to raft.server.rpc.timeout.min)
2023-12-28 09:08:31,069 [710d5749-3dff-4e56-b0fe-7873b1298659@group-1B294623A69B-LeaderElection21] INFO  server.RaftServerConfigKeys (ConfUtils.java:logFallback(53)) - raft.server.rpc.first-election.timeout.max = 5200ms (fallback to raft.server.rpc.timeout.max)
2023-12-28 09:08:31,075 [grpc-default-executor-1] INFO  server.RaftServer$Division (RaftServerImpl.java:requestVote(1377)) - 1359b24a-0a66-4b2c-b277-152671c55fa7@group-1B294623A69B: receive requestVote(PRE_VOTE, 710d5749-3dff-4e56-b0fe-7873b1298659, group-1B294623A69B, 0, (t:0, i:0))
2023-12-28 09:08:31,075 [grpc-default-executor-0] INFO  server.RaftServer$Division (RaftServerImpl.java:requestVote(1377)) - 623fd51a-cd2f-46b7-bfb3-2e75fcb0d216@group-1B294623A69B: receive requestVote(PRE_VOTE, 710d5749-3dff-4e56-b0fe-7873b1298659, group-1B294623A69B, 0, (t:0, i:0))
2023-12-28 09:08:31,075 [grpc-default-executor-1] INFO  impl.VoteContext (VoteContext.java:log(49)) - 1359b24a-0a66-4b2c-b277-152671c55fa7@group-1B294623A69B-FOLLOWER: accept PRE_VOTE from 710d5749-3dff-4e56-b0fe-7873b1298659: our priority 0 <= candidate's priority 1
2023-12-28 09:08:31,076 [grpc-default-executor-0] INFO  impl.VoteContext (VoteContext.java:log(49)) - 623fd51a-cd2f-46b7-bfb3-2e75fcb0d216@group-1B294623A69B-FOLLOWER: accept PRE_VOTE from 710d5749-3dff-4e56-b0fe-7873b1298659: our priority 0 <= candidate's priority 1
2023-12-28 09:08:31,076 [grpc-default-executor-1] INFO  server.RaftServer$Division (RaftServerImpl.java:requestVote(1410)) - 1359b24a-0a66-4b2c-b277-152671c55fa7@group-1B294623A69B replies to PRE_VOTE vote request: 710d5749-3dff-4e56-b0fe-7873b1298659<-1359b24a-0a66-4b2c-b277-152671c55fa7#0:OK-t0. Peer's state: 1359b24a-0a66-4b2c-b277-152671c55fa7@group-1B294623A69B:t0, leader=null, voted=, raftlog=Memoized:1359b24a-0a66-4b2c-b277-152671c55fa7@group-1B294623A69B-SegmentedRaftLog:OPENED:c-1, conf=-1: peers:[623fd51a-cd2f-46b7-bfb3-2e75fcb0d216|10.1.0.14:15121, 1359b24a-0a66-4b2c-b277-152671c55fa7|10.1.0.14:15103, 710d5749-3dff-4e56-b0fe-7873b1298659|10.1.0.14:15112]|listeners:[], old=null
2023-12-28 09:08:31,076 [grpc-default-executor-0] INFO  server.RaftServer$Division (RaftServerImpl.java:requestVote(1410)) - 623fd51a-cd2f-46b7-bfb3-2e75fcb0d216@group-1B294623A69B replies to PRE_VOTE vote request: 710d5749-3dff-4e56-b0fe-7873b1298659<-623fd51a-cd2f-46b7-bfb3-2e75fcb0d216#0:OK-t0. Peer's state: 623fd51a-cd2f-46b7-bfb3-2e75fcb0d216@group-1B294623A69B:t0, leader=null, voted=, raftlog=Memoized:623fd51a-cd2f-46b7-bfb3-2e75fcb0d216@group-1B294623A69B-SegmentedRaftLog:OPENED:c-1, conf=-1: peers:[623fd51a-cd2f-46b7-bfb3-2e75fcb0d216|10.1.0.14:15121, 1359b24a-0a66-4b2c-b277-152671c55fa7|10.1.0.14:15103, 710d5749-3dff-4e56-b0fe-7873b1298659|10.1.0.14:15112]|listeners:[], old=null
2023-12-28 09:08:31,078 [710d5749-3dff-4e56-b0fe-7873b1298659@group-1B294623A69B-LeaderElection21] INFO  impl.LeaderElection (LeaderElection.java:logAndReturn(89)) - 710d5749-3dff-4e56-b0fe-7873b1298659@group-1B294623A69B-LeaderElection21: PRE_VOTE PASSED received 1 response(s) and 0 exception(s):
2023-12-28 09:08:31,078 [710d5749-3dff-4e56-b0fe-7873b1298659@group-1B294623A69B-LeaderElection21] INFO  impl.LeaderElection (LeaderElection.java:logAndReturn(93)) -   Response 0: 710d5749-3dff-4e56-b0fe-7873b1298659<-1359b24a-0a66-4b2c-b277-152671c55fa7#0:OK-t0
2023-12-28 09:08:31,078 [710d5749-3dff-4e56-b0fe-7873b1298659@group-1B294623A69B-LeaderElection21] INFO  impl.LeaderElection (LeaderElection.java:askForVotes(325)) - 710d5749-3dff-4e56-b0fe-7873b1298659@group-1B294623A69B-LeaderElection21 PRE_VOTE round 0: result PASSED
2023-12-28 09:08:31,079 [710d5749-3dff-4e56-b0fe-7873b1298659@group-1B294623A69B-LeaderElection21] INFO  impl.LeaderElection (LeaderElection.java:askForVotes(323)) - 710d5749-3dff-4e56-b0fe-7873b1298659@group-1B294623A69B-LeaderElection21 ELECTION round 0: submit vote requests at term 1 for -1: peers:[623fd51a-cd2f-46b7-bfb3-2e75fcb0d216|10.1.0.14:15121, 1359b24a-0a66-4b2c-b277-152671c55fa7|10.1.0.14:15103, 710d5749-3dff-4e56-b0fe-7873b1298659|10.1.0.14:15112]|listeners:[], old=null
2023-12-28 09:08:31,080 [710d5749-3dff-4e56-b0fe-7873b1298659@group-1B294623A69B-LeaderElection21] INFO  server.RaftServerConfigKeys (ConfUtils.java:logFallback(53)) - raft.server.rpc.first-election.timeout.min = 5s (fallback to raft.server.rpc.timeout.min)
2023-12-28 09:08:31,080 [710d5749-3dff-4e56-b0fe-7873b1298659@group-1B294623A69B-LeaderElection21] INFO  server.RaftServerConfigKeys (ConfUtils.java:logFallback(53)) - raft.server.rpc.first-election.timeout.max = 5200ms (fallback to raft.server.rpc.timeout.max)
2023-12-28 09:08:31,081 [grpc-default-executor-1] INFO  server.RaftServer$Division (RaftServerImpl.java:requestVote(1377)) - 623fd51a-cd2f-46b7-bfb3-2e75fcb0d216@group-1B294623A69B: receive requestVote(ELECTION, 710d5749-3dff-4e56-b0fe-7873b1298659, group-1B294623A69B, 1, (t:0, i:0))
2023-12-28 09:08:31,081 [grpc-default-executor-1] INFO  impl.VoteContext (VoteContext.java:log(49)) - 623fd51a-cd2f-46b7-bfb3-2e75fcb0d216@group-1B294623A69B-FOLLOWER: accept ELECTION from 710d5749-3dff-4e56-b0fe-7873b1298659: our priority 0 <= candidate's priority 1
2023-12-28 09:08:31,081 [grpc-default-executor-1] INFO  server.RaftServer$Division (RaftServerImpl.java:setRole(379)) - 623fd51a-cd2f-46b7-bfb3-2e75fcb0d216@group-1B294623A69B: changes role from  FOLLOWER to FOLLOWER at term 1 for candidate:710d5749-3dff-4e56-b0fe-7873b1298659
2023-12-28 09:08:31,081 [grpc-default-executor-1] INFO  impl.RoleInfo (RoleInfo.java:shutdownFollowerState(110)) - 623fd51a-cd2f-46b7-bfb3-2e75fcb0d216: shutdown 623fd51a-cd2f-46b7-bfb3-2e75fcb0d216@group-1B294623A69B-FollowerState
2023-12-28 09:08:31,081 [grpc-default-executor-1] INFO  impl.RoleInfo (RoleInfo.java:updateAndGet(139)) - 623fd51a-cd2f-46b7-bfb3-2e75fcb0d216: start 623fd51a-cd2f-46b7-bfb3-2e75fcb0d216@group-1B294623A69B-FollowerState
2023-12-28 09:08:31,081 [623fd51a-cd2f-46b7-bfb3-2e75fcb0d216@group-1B294623A69B-FollowerState] INFO  impl.FollowerState (FollowerState.java:run(152)) - 623fd51a-cd2f-46b7-bfb3-2e75fcb0d216@group-1B294623A69B-FollowerState was interrupted
2023-12-28 09:08:31,081 [grpc-default-executor-0] INFO  server.RaftServer$Division (RaftServerImpl.java:requestVote(1377)) - 1359b24a-0a66-4b2c-b277-152671c55fa7@group-1B294623A69B: receive requestVote(ELECTION, 710d5749-3dff-4e56-b0fe-7873b1298659, group-1B294623A69B, 1, (t:0, i:0))
2023-12-28 09:08:31,081 [grpc-default-executor-1] INFO  server.RaftServer$Division (RaftServerImpl.java:setFirstElection(564)) - 623fd51a-cd2f-46b7-bfb3-2e75fcb0d216@group-1B294623A69B: set firstElectionSinceStartup to false for candidate:710d5749-3dff-4e56-b0fe-7873b1298659
2023-12-28 09:08:31,082 [grpc-default-executor-0] INFO  impl.VoteContext (VoteContext.java:log(49)) - 1359b24a-0a66-4b2c-b277-152671c55fa7@group-1B294623A69B-FOLLOWER: accept ELECTION from 710d5749-3dff-4e56-b0fe-7873b1298659: our priority 0 <= candidate's priority 1
2023-12-28 09:08:31,082 [grpc-default-executor-0] INFO  server.RaftServer$Division (RaftServerImpl.java:setRole(379)) - 1359b24a-0a66-4b2c-b277-152671c55fa7@group-1B294623A69B: changes role from  FOLLOWER to FOLLOWER at term 1 for candidate:710d5749-3dff-4e56-b0fe-7873b1298659
2023-12-28 09:08:31,082 [grpc-default-executor-0] INFO  impl.RoleInfo (RoleInfo.java:shutdownFollowerState(110)) - 1359b24a-0a66-4b2c-b277-152671c55fa7: shutdown 1359b24a-0a66-4b2c-b277-152671c55fa7@group-1B294623A69B-FollowerState
2023-12-28 09:08:31,082 [grpc-default-executor-0] INFO  impl.RoleInfo (RoleInfo.java:updateAndGet(139)) - 1359b24a-0a66-4b2c-b277-152671c55fa7: start 1359b24a-0a66-4b2c-b277-152671c55fa7@group-1B294623A69B-FollowerState
2023-12-28 09:08:31,082 [1359b24a-0a66-4b2c-b277-152671c55fa7@group-1B294623A69B-FollowerState] INFO  impl.FollowerState (FollowerState.java:run(152)) - 1359b24a-0a66-4b2c-b277-152671c55fa7@group-1B294623A69B-FollowerState was interrupted
2023-12-28 09:08:31,084 [grpc-default-executor-0] INFO  server.RaftServer$Division (RaftServerImpl.java:requestVote(1410)) - 1359b24a-0a66-4b2c-b277-152671c55fa7@group-1B294623A69B replies to ELECTION vote request: 710d5749-3dff-4e56-b0fe-7873b1298659<-1359b24a-0a66-4b2c-b277-152671c55fa7#0:OK-t1. Peer's state: 1359b24a-0a66-4b2c-b277-152671c55fa7@group-1B294623A69B:t1, leader=null, voted=710d5749-3dff-4e56-b0fe-7873b1298659, raftlog=Memoized:1359b24a-0a66-4b2c-b277-152671c55fa7@group-1B294623A69B-SegmentedRaftLog:OPENED:c-1, conf=-1: peers:[623fd51a-cd2f-46b7-bfb3-2e75fcb0d216|10.1.0.14:15121, 1359b24a-0a66-4b2c-b277-152671c55fa7|10.1.0.14:15103, 710d5749-3dff-4e56-b0fe-7873b1298659|10.1.0.14:15112]|listeners:[], old=null
2023-12-28 09:08:31,085 [grpc-default-executor-1] INFO  server.RaftServer$Division (RaftServerImpl.java:requestVote(1410)) - 623fd51a-cd2f-46b7-bfb3-2e75fcb0d216@group-1B294623A69B replies to ELECTION vote request: 710d5749-3dff-4e56-b0fe-7873b1298659<-623fd51a-cd2f-46b7-bfb3-2e75fcb0d216#0:OK-t1. Peer's state: 623fd51a-cd2f-46b7-bfb3-2e75fcb0d216@group-1B294623A69B:t1, leader=null, voted=710d5749-3dff-4e56-b0fe-7873b1298659, raftlog=Memoized:623fd51a-cd2f-46b7-bfb3-2e75fcb0d216@group-1B294623A69B-SegmentedRaftLog:OPENED:c-1, conf=-1: peers:[623fd51a-cd2f-46b7-bfb3-2e75fcb0d216|10.1.0.14:15121, 1359b24a-0a66-4b2c-b277-152671c55fa7|10.1.0.14:15103, 710d5749-3dff-4e56-b0fe-7873b1298659|10.1.0.14:15112]|listeners:[], old=null
2023-12-28 09:08:31,085 [710d5749-3dff-4e56-b0fe-7873b1298659@group-1B294623A69B-LeaderElection21] INFO  impl.LeaderElection (LeaderElection.java:logAndReturn(89)) - 710d5749-3dff-4e56-b0fe-7873b1298659@group-1B294623A69B-LeaderElection21: ELECTION PASSED received 1 response(s) and 0 exception(s):
2023-12-28 09:08:31,085 [710d5749-3dff-4e56-b0fe-7873b1298659@group-1B294623A69B-LeaderElection21] INFO  impl.LeaderElection (LeaderElection.java:logAndReturn(93)) -   Response 0: 710d5749-3dff-4e56-b0fe-7873b1298659<-1359b24a-0a66-4b2c-b277-152671c55fa7#0:OK-t1
2023-12-28 09:08:31,085 [710d5749-3dff-4e56-b0fe-7873b1298659@group-1B294623A69B-LeaderElection21] INFO  impl.LeaderElection (LeaderElection.java:askForVotes(325)) - 710d5749-3dff-4e56-b0fe-7873b1298659@group-1B294623A69B-LeaderElection21 ELECTION round 0: result PASSED
2023-12-28 09:08:31,085 [710d5749-3dff-4e56-b0fe-7873b1298659@group-1B294623A69B-LeaderElection21] INFO  impl.RoleInfo (RoleInfo.java:shutdownLeaderElection(130)) - 710d5749-3dff-4e56-b0fe-7873b1298659: shutdown 710d5749-3dff-4e56-b0fe-7873b1298659@group-1B294623A69B-LeaderElection21
2023-12-28 09:08:31,085 [710d5749-3dff-4e56-b0fe-7873b1298659@group-1B294623A69B-LeaderElection21] INFO  server.RaftServer$Division (RaftServerImpl.java:setRole(379)) - 710d5749-3dff-4e56-b0fe-7873b1298659@group-1B294623A69B: changes role from CANDIDATE to LEADER at term 1 for changeToLeader
2023-12-28 09:08:31,085 [710d5749-3dff-4e56-b0fe-7873b1298659@group-1B294623A69B-LeaderElection21] INFO  server.RaftServerConfigKeys (ConfUtils.java:logGet(46)) - raft.server.staging.catchup.gap = 1000 (default)
2023-12-28 09:08:31,086 [710d5749-3dff-4e56-b0fe-7873b1298659@group-1B294623A69B-LeaderElection21] INFO  server.RaftServerConfigKeys (ConfUtils.java:logGet(46)) - raft.server.write.element-limit = 1024 (custom)
2023-12-28 09:08:31,086 [710d5749-3dff-4e56-b0fe-7873b1298659@group-1B294623A69B-LeaderElection21] INFO  server.RaftServerConfigKeys (ConfUtils.java:logGet(46)) - raft.server.write.byte-limit = 1024 M (=1073741824) (custom)
2023-12-28 09:08:31,086 [710d5749-3dff-4e56-b0fe-7873b1298659@group-1B294623A69B-LeaderElection21] INFO  server.RaftServerConfigKeys (ConfUtils.java:logGet(46)) - raft.server.watch.timeout = 3000ms (custom)
2023-12-28 09:08:31,086 [710d5749-3dff-4e56-b0fe-7873b1298659@group-1B294623A69B-LeaderElection21] INFO  server.RaftServerConfigKeys (ConfUtils.java:logGet(46)) - raft.server.watch.timeout.denomination = 1s (default)
2023-12-28 09:08:31,086 [710d5749-3dff-4e56-b0fe-7873b1298659@group-1B294623A69B-LeaderElection21] INFO  server.RaftServerConfigKeys (ConfUtils.java:logGet(46)) - raft.server.watch.element-limit = 65536 (default)
2023-12-28 09:08:31,086 [710d5749-3dff-4e56-b0fe-7873b1298659@group-1B294623A69B-LeaderElection21] INFO  server.RaftServerConfigKeys (ConfUtils.java:logGet(46)) - raft.server.read.leader.lease.enabled = false (default)
2023-12-28 09:08:31,086 [710d5749-3dff-4e56-b0fe-7873b1298659@group-1B294623A69B-LeaderElection21] INFO  server.RaftServerConfigKeys (ConfUtils.java:logGet(46)) - raft.server.read.leader.lease.timeout.ratio = 0.9 (default)
2023-12-28 09:08:31,086 [710d5749-3dff-4e56-b0fe-7873b1298659@group-1B294623A69B-LeaderElection21] INFO  server.RaftServerConfigKeys (ConfUtils.java:logGet(46)) - raft.server.rpc.timeout.min = 5s (custom)
2023-12-28 09:08:31,086 [710d5749-3dff-4e56-b0fe-7873b1298659@group-1B294623A69B-LeaderElection21] INFO  server.RaftServerConfigKeys (ConfUtils.java:logGet(46)) - raft.server.write.element-limit = 1024 (custom)
2023-12-28 09:08:31,086 [710d5749-3dff-4e56-b0fe-7873b1298659@group-1B294623A69B-LeaderElection21] INFO  server.RaftServerConfigKeys (ConfUtils.java:logGet(46)) - raft.server.write.follower.gap.ratio.max = -1.0 (default)
2023-12-28 09:08:31,087 [710d5749-3dff-4e56-b0fe-7873b1298659@group-1B294623A69B-LeaderElection21] INFO  server.RaftServerConfigKeys (ConfUtils.java:logGet(46)) - raft.server.log.appender.snapshot.chunk.size.max = 16MB (=16777216) (default)
2023-12-28 09:08:31,087 [710d5749-3dff-4e56-b0fe-7873b1298659@group-1B294623A69B-LeaderElection21] INFO  server.RaftServerConfigKeys (ConfUtils.java:logGet(46)) - raft.server.log.appender.buffer.byte-limit = 8388608 (custom)
2023-12-28 09:08:31,087 [710d5749-3dff-4e56-b0fe-7873b1298659@group-1B294623A69B-LeaderElection21] INFO  server.RaftServerConfigKeys (ConfUtils.java:logGet(46)) - raft.server.log.appender.buffer.element-limit = 1 (custom)
2023-12-28 09:08:31,087 [710d5749-3dff-4e56-b0fe-7873b1298659@group-1B294623A69B-LeaderElection21] INFO  server.RaftServerConfigKeys (ConfUtils.java:logGet(46)) - raft.server.log.appender.wait-time.min = 0ms (custom)
2023-12-28 09:08:31,087 [710d5749-3dff-4e56-b0fe-7873b1298659@group-1B294623A69B-LeaderElection21] INFO  grpc.GrpcConfigKeys (ConfUtils.java:logGet(46)) - raft.grpc.server.leader.outstanding.appends.max = 8 (default)
2023-12-28 09:08:31,087 [710d5749-3dff-4e56-b0fe-7873b1298659@group-1B294623A69B-LeaderElection21] INFO  server.RaftServerConfigKeys (ConfUtils.java:logGet(46)) - raft.server.rpc.request.timeout = 3000ms (default)
2023-12-28 09:08:31,087 [710d5749-3dff-4e56-b0fe-7873b1298659@group-1B294623A69B-LeaderElection21] INFO  grpc.GrpcConfigKeys (ConfUtils.java:logGet(46)) - raft.grpc.server.install_snapshot.request.element-limit = 8 (default)
2023-12-28 09:08:31,088 [710d5749-3dff-4e56-b0fe-7873b1298659@group-1B294623A69B-LeaderElection21] INFO  grpc.GrpcConfigKeys (ConfUtils.java:logGet(46)) - raft.grpc.server.install_snapshot.request.timeout = 3000ms (default)
2023-12-28 09:08:31,088 [710d5749-3dff-4e56-b0fe-7873b1298659@group-1B294623A69B-LeaderElection21] INFO  server.RaftServerConfigKeys (ConfUtils.java:logGet(46)) - raft.server.log.appender.install.snapshot.enabled = false (custom)
2023-12-28 09:08:31,088 [710d5749-3dff-4e56-b0fe-7873b1298659@group-1B294623A69B-LeaderElection21] INFO  grpc.GrpcConfigKeys (ConfUtils.java:logGet(46)) - raft.grpc.server.heartbeat.channel = true (default)
2023-12-28 09:08:31,089 [710d5749-3dff-4e56-b0fe-7873b1298659@group-1B294623A69B-LeaderElection21] INFO  server.RaftServerConfigKeys (ConfUtils.java:logGet(46)) - raft.server.log.appender.snapshot.chunk.size.max = 16MB (=16777216) (default)
2023-12-28 09:08:31,089 [710d5749-3dff-4e56-b0fe-7873b1298659@group-1B294623A69B-LeaderElection21] INFO  server.RaftServerConfigKeys (ConfUtils.java:logGet(46)) - raft.server.log.appender.buffer.byte-limit = 8388608 (custom)
2023-12-28 09:08:31,089 [710d5749-3dff-4e56-b0fe-7873b1298659@group-1B294623A69B-LeaderElection21] INFO  server.RaftServerConfigKeys (ConfUtils.java:logGet(46)) - raft.server.log.appender.buffer.element-limit = 1 (custom)
2023-12-28 09:08:31,089 [710d5749-3dff-4e56-b0fe-7873b1298659@group-1B294623A69B-LeaderElection21] INFO  server.RaftServerConfigKeys (ConfUtils.java:logGet(46)) - raft.server.log.appender.wait-time.min = 0ms (custom)
2023-12-28 09:08:31,089 [710d5749-3dff-4e56-b0fe-7873b1298659@group-1B294623A69B-LeaderElection21] INFO  grpc.GrpcConfigKeys (ConfUtils.java:logGet(46)) - raft.grpc.server.leader.outstanding.appends.max = 8 (default)
2023-12-28 09:08:31,089 [710d5749-3dff-4e56-b0fe-7873b1298659@group-1B294623A69B-LeaderElection21] INFO  server.RaftServerConfigKeys (ConfUtils.java:logGet(46)) - raft.server.rpc.request.timeout = 3000ms (default)
2023-12-28 09:08:31,089 [710d5749-3dff-4e56-b0fe-7873b1298659@group-1B294623A69B-LeaderElection21] INFO  grpc.GrpcConfigKeys (ConfUtils.java:logGet(46)) - raft.grpc.server.install_snapshot.request.element-limit = 8 (default)
2023-12-28 09:08:31,089 [710d5749-3dff-4e56-b0fe-7873b1298659@group-1B294623A69B-LeaderElection21] INFO  grpc.GrpcConfigKeys (ConfUtils.java:logGet(46)) - raft.grpc.server.install_snapshot.request.timeout = 3000ms (default)
2023-12-28 09:08:31,089 [710d5749-3dff-4e56-b0fe-7873b1298659@group-1B294623A69B-LeaderElection21] INFO  server.RaftServerConfigKeys (ConfUtils.java:logGet(46)) - raft.server.log.appender.install.snapshot.enabled = false (custom)
2023-12-28 09:08:31,089 [710d5749-3dff-4e56-b0fe-7873b1298659@group-1B294623A69B-LeaderElection21] INFO  grpc.GrpcConfigKeys (ConfUtils.java:logGet(46)) - raft.grpc.server.heartbeat.channel = true (default)
2023-12-28 09:08:31,089 [710d5749-3dff-4e56-b0fe-7873b1298659@group-1B294623A69B-LeaderElection21] INFO  impl.RoleInfo (RoleInfo.java:updateAndGet(139)) - 710d5749-3dff-4e56-b0fe-7873b1298659: start 710d5749-3dff-4e56-b0fe-7873b1298659@group-1B294623A69B-LeaderStateImpl
2023-12-28 09:08:31,089 [710d5749-3dff-4e56-b0fe-7873b1298659@group-1B294623A69B-LeaderElection21] INFO  server.RaftServer$Division (RaftServerImpl.java:setFirstElection(564)) - 710d5749-3dff-4e56-b0fe-7873b1298659@group-1B294623A69B: set firstElectionSinceStartup to false for becomeLeader
2023-12-28 09:08:31,089 [710d5749-3dff-4e56-b0fe-7873b1298659@group-1B294623A69B-LeaderElection21] INFO  ratis.XceiverServerRatis (XceiverServerRatis.java:handleLeaderChangedNotification(935)) - Leader change notification received for group: group-1B294623A69B with new leaderId: 710d5749-3dff-4e56-b0fe-7873b1298659
2023-12-28 09:08:31,090 [710d5749-3dff-4e56-b0fe-7873b1298659@group-1B294623A69B-LeaderElection21] INFO  server.RaftServer$Division (ServerState.java:setLeader(265)) - 710d5749-3dff-4e56-b0fe-7873b1298659@group-1B294623A69B: change Leader from null to 710d5749-3dff-4e56-b0fe-7873b1298659 at term 1 for becomeLeader, leader elected after 5054ms
2023-12-28 09:08:31,090 [710d5749-3dff-4e56-b0fe-7873b1298659@group-1B294623A69B-LeaderElection21] INFO  segmented.SegmentedRaftLogWorker (SegmentedRaftLogWorker.java:startLogSegment(428)) - 710d5749-3dff-4e56-b0fe-7873b1298659@group-1B294623A69B-SegmentedRaftLogWorker: Starting segment from index:0
2023-12-28 09:08:31,091 [710d5749-3dff-4e56-b0fe-7873b1298659@group-1B294623A69B-LeaderElection21] INFO  server.RaftServer$Division (ServerState.java:setRaftConf(382)) - 710d5749-3dff-4e56-b0fe-7873b1298659@group-1B294623A69B: set configuration 0: peers:[623fd51a-cd2f-46b7-bfb3-2e75fcb0d216|10.1.0.14:15121, 1359b24a-0a66-4b2c-b277-152671c55fa7|10.1.0.14:15103, 710d5749-3dff-4e56-b0fe-7873b1298659|10.1.0.14:15112]|listeners:[], old=null
2023-12-28 09:08:31,092 [EventQueue-PipelineReportForPipelineReportHandler] INFO  pipeline.PipelineReportHandler (PipelineReportHandler.java:processPipelineReport(136)) - Opened pipeline PipelineID=4df783b9-151f-4f7c-a67a-1b294623a69b
2023-12-28 09:08:31,092 [EventQueue-OpenPipelineForHealthyPipelineSafeModeRule] INFO  safemode.SCMSafeModeManager (HealthyPipelineSafeModeRule.java:process(140)) - SCM in safe mode. Healthy pipelines reported count is 1, required healthy pipeline reported count is 1
2023-12-28 09:08:31,092 [EventQueue-OpenPipelineForHealthyPipelineSafeModeRule] INFO  safemode.SCMSafeModeManager (SCMSafeModeManager.java:validateSafeModeExitRules(200)) - HealthyPipelineSafeModeRule rule is successfully validated
2023-12-28 09:08:31,092 [EventQueue-OpenPipelineForHealthyPipelineSafeModeRule] INFO  safemode.SCMSafeModeManager (SCMSafeModeManager.java:validateSafeModeExitRules(215)) - ScmSafeModeManager, all rules are successfully validated
2023-12-28 09:08:31,092 [EventQueue-OpenPipelineForHealthyPipelineSafeModeRule] INFO  safemode.SCMSafeModeManager (SCMSafeModeManager.java:exitSafeMode(244)) - SCM exiting safe mode.
2023-12-28 09:08:31,092 [EventQueue-OpenPipelineForHealthyPipelineSafeModeRule] INFO  ha.SCMContext (SCMContext.java:updateSafeModeStatus(230)) - Update SafeModeStatus from SafeModeStatus{safeModeStatus=true, preCheckPassed=true} to SafeModeStatus{safeModeStatus=false, preCheckPassed=true}.
2023-12-28 09:08:31,092 [EventQueue-OpenPipelineForHealthyPipelineSafeModeRule] INFO  pipeline.BackgroundPipelineCreator (BackgroundPipelineCreator.java:notifyStatusChanged(258)) - Service BackgroundPipelineCreator transitions to RUNNING.
2023-12-28 09:08:31,092 [EventQueue-OpenPipelineForHealthyPipelineSafeModeRule] INFO  BackgroundPipelineScrubber (BackgroundSCMService.java:notifyStatusChanged(82)) - Service BackgroundPipelineScrubber transitions to RUNNING.
2023-12-28 09:08:31,092 [EventQueue-OpenPipelineForHealthyPipelineSafeModeRule] INFO  ExpiredContainerReplicaOpScrubber (BackgroundSCMService.java:notifyStatusChanged(82)) - Service ExpiredContainerReplicaOpScrubber transitions to RUNNING.
2023-12-28 09:08:31,092 [EventQueue-OpenPipelineForHealthyPipelineSafeModeRule] INFO  replication.ReplicationManager (ReplicationManager.java:notifyStatusChanged(1401)) - Service ReplicationManager transitions to RUNNING.
2023-12-28 09:08:31,093 [EventQueue-OpenPipelineForHealthyPipelineSafeModeRule] WARN  balancer.ContainerBalancer (ContainerBalancer.java:shouldRun(134)) - Could not find persisted configuration for ContainerBalancer when checking if ContainerBalancer should run. ContainerBalancer should not run now.
2023-12-28 09:08:31,104 [710d5749-3dff-4e56-b0fe-7873b1298659@group-1B294623A69B-SegmentedRaftLogWorker] INFO  segmented.SegmentedRaftLogWorker (SegmentedRaftLogWorker.java:execute(632)) - 710d5749-3dff-4e56-b0fe-7873b1298659@group-1B294623A69B-SegmentedRaftLogWorker: created new log segment /home/runner/work/ozone/ozone/hadoop-ozone/integration-test/target/test-dir/MiniOzoneClusterImpl-8986566a-fb65-479a-a2d4-a5d5d2c03f68/datanode-1/data/ratis/4df783b9-151f-4f7c-a67a-1b294623a69b/current/log_inprogress_0
2023-12-28 09:08:31,104 [623fd51a-cd2f-46b7-bfb3-2e75fcb0d216-server-thread1] INFO  ratis.XceiverServerRatis (XceiverServerRatis.java:handleLeaderChangedNotification(935)) - Leader change notification received for group: group-1B294623A69B with new leaderId: 710d5749-3dff-4e56-b0fe-7873b1298659
2023-12-28 09:08:31,104 [623fd51a-cd2f-46b7-bfb3-2e75fcb0d216-server-thread1] INFO  server.RaftServer$Division (ServerState.java:setLeader(265)) - 623fd51a-cd2f-46b7-bfb3-2e75fcb0d216@group-1B294623A69B: change Leader from null to 710d5749-3dff-4e56-b0fe-7873b1298659 at term 1 for appendEntries, leader elected after 5036ms
2023-12-28 09:08:31,106 [623fd51a-cd2f-46b7-bfb3-2e75fcb0d216-server-thread1] INFO  server.RaftServer$Division (ServerState.java:setRaftConf(382)) - 623fd51a-cd2f-46b7-bfb3-2e75fcb0d216@group-1B294623A69B: set configuration 0: peers:[623fd51a-cd2f-46b7-bfb3-2e75fcb0d216|10.1.0.14:15121, 1359b24a-0a66-4b2c-b277-152671c55fa7|10.1.0.14:15103, 710d5749-3dff-4e56-b0fe-7873b1298659|10.1.0.14:15112]|listeners:[], old=null
2023-12-28 09:08:31,106 [623fd51a-cd2f-46b7-bfb3-2e75fcb0d216-server-thread1] INFO  segmented.SegmentedRaftLogWorker (SegmentedRaftLogWorker.java:startLogSegment(428)) - 623fd51a-cd2f-46b7-bfb3-2e75fcb0d216@group-1B294623A69B-SegmentedRaftLogWorker: Starting segment from index:0
2023-12-28 09:08:31,113 [1359b24a-0a66-4b2c-b277-152671c55fa7-server-thread2] INFO  ratis.XceiverServerRatis (XceiverServerRatis.java:handleLeaderChangedNotification(935)) - Leader change notification received for group: group-1B294623A69B with new leaderId: 710d5749-3dff-4e56-b0fe-7873b1298659
2023-12-28 09:08:31,113 [1359b24a-0a66-4b2c-b277-152671c55fa7-server-thread2] INFO  server.RaftServer$Division (ServerState.java:setLeader(265)) - 1359b24a-0a66-4b2c-b277-152671c55fa7@group-1B294623A69B: change Leader from null to 710d5749-3dff-4e56-b0fe-7873b1298659 at term 1 for appendEntries, leader elected after 5115ms
2023-12-28 09:08:31,115 [623fd51a-cd2f-46b7-bfb3-2e75fcb0d216@group-1B294623A69B-SegmentedRaftLogWorker] INFO  segmented.SegmentedRaftLogWorker (SegmentedRaftLogWorker.java:execute(632)) - 623fd51a-cd2f-46b7-bfb3-2e75fcb0d216@group-1B294623A69B-SegmentedRaftLogWorker: created new log segment /home/runner/work/ozone/ozone/hadoop-ozone/integration-test/target/test-dir/MiniOzoneClusterImpl-8986566a-fb65-479a-a2d4-a5d5d2c03f68/datanode-2/data/ratis/4df783b9-151f-4f7c-a67a-1b294623a69b/current/log_inprogress_0
2023-12-28 09:08:31,119 [1359b24a-0a66-4b2c-b277-152671c55fa7-server-thread1] INFO  server.RaftServer$Division (ServerState.java:setRaftConf(382)) - 1359b24a-0a66-4b2c-b277-152671c55fa7@group-1B294623A69B: set configuration 0: peers:[623fd51a-cd2f-46b7-bfb3-2e75fcb0d216|10.1.0.14:15121, 1359b24a-0a66-4b2c-b277-152671c55fa7|10.1.0.14:15103, 710d5749-3dff-4e56-b0fe-7873b1298659|10.1.0.14:15112]|listeners:[], old=null
2023-12-28 09:08:31,119 [710d5749-3dff-4e56-b0fe-7873b1298659@group-1B294623A69B-StateMachineUpdater] INFO  server.RaftServer$Division (LeaderStateImpl.java:isApplied(316)) - leader is ready since appliedIndex == 0 >= startIndex == 0
2023-12-28 09:08:31,119 [1359b24a-0a66-4b2c-b277-152671c55fa7-server-thread1] INFO  segmented.SegmentedRaftLogWorker (SegmentedRaftLogWorker.java:startLogSegment(428)) - 1359b24a-0a66-4b2c-b277-152671c55fa7@group-1B294623A69B-SegmentedRaftLogWorker: Starting segment from index:0
2023-12-28 09:08:31,131 [1359b24a-0a66-4b2c-b277-152671c55fa7@group-1B294623A69B-SegmentedRaftLogWorker] INFO  segmented.SegmentedRaftLogWorker (SegmentedRaftLogWorker.java:execute(632)) - 1359b24a-0a66-4b2c-b277-152671c55fa7@group-1B294623A69B-SegmentedRaftLogWorker: created new log segment /home/runner/work/ozone/ozone/hadoop-ozone/integration-test/target/test-dir/MiniOzoneClusterImpl-8986566a-fb65-479a-a2d4-a5d5d2c03f68/datanode-0/data/ratis/4df783b9-151f-4f7c-a67a-1b294623a69b/current/log_inprogress_0
2023-12-28 09:08:31,182 [1359b24a-0a66-4b2c-b277-152671c55fa7@group-97F26FCE827D-FollowerState] INFO  impl.FollowerState (FollowerState.java:run(143)) - 1359b24a-0a66-4b2c-b277-152671c55fa7@group-97F26FCE827D-FollowerState: change to CANDIDATE, lastRpcElapsedTime:5188501362ns, electionTimeout:5188ms
2023-12-28 09:08:31,183 [1359b24a-0a66-4b2c-b277-152671c55fa7@group-97F26FCE827D-FollowerState] INFO  impl.RoleInfo (RoleInfo.java:shutdownFollowerState(110)) - 1359b24a-0a66-4b2c-b277-152671c55fa7: shutdown 1359b24a-0a66-4b2c-b277-152671c55fa7@group-97F26FCE827D-FollowerState
2023-12-28 09:08:31,183 [1359b24a-0a66-4b2c-b277-152671c55fa7@group-97F26FCE827D-FollowerState] INFO  server.RaftServer$Division (RaftServerImpl.java:setRole(379)) - 1359b24a-0a66-4b2c-b277-152671c55fa7@group-97F26FCE827D: changes role from  FOLLOWER to CANDIDATE at term 0 for changeToCandidate
2023-12-28 09:08:31,183 [1359b24a-0a66-4b2c-b277-152671c55fa7@group-97F26FCE827D-FollowerState] INFO  server.RaftServerConfigKeys (ConfUtils.java:logGet(46)) - raft.server.leaderelection.pre-vote = true (default)
2023-12-28 09:08:31,183 [1359b24a-0a66-4b2c-b277-152671c55fa7@group-97F26FCE827D-FollowerState] INFO  impl.RoleInfo (RoleInfo.java:updateAndGet(139)) - 1359b24a-0a66-4b2c-b277-152671c55fa7: start 1359b24a-0a66-4b2c-b277-152671c55fa7@group-97F26FCE827D-LeaderElection22
2023-12-28 09:08:31,184 [1359b24a-0a66-4b2c-b277-152671c55fa7@group-97F26FCE827D-LeaderElection22] INFO  impl.LeaderElection (LeaderElection.java:askForVotes(323)) - 1359b24a-0a66-4b2c-b277-152671c55fa7@group-97F26FCE827D-LeaderElection22 PRE_VOTE round 0: submit vote requests at term 0 for -1: peers:[1359b24a-0a66-4b2c-b277-152671c55fa7|10.1.0.14:15103]|listeners:[], old=null
2023-12-28 09:08:31,184 [1359b24a-0a66-4b2c-b277-152671c55fa7@group-97F26FCE827D-LeaderElection22] INFO  impl.LeaderElection (LeaderElection.java:askForVotes(325)) - 1359b24a-0a66-4b2c-b277-152671c55fa7@group-97F26FCE827D-LeaderElection22 PRE_VOTE round 0: result PASSED (term=0)
2023-12-28 09:08:31,186 [1359b24a-0a66-4b2c-b277-152671c55fa7@group-97F26FCE827D-LeaderElection22] INFO  impl.LeaderElection (LeaderElection.java:askForVotes(323)) - 1359b24a-0a66-4b2c-b277-152671c55fa7@group-97F26FCE827D-LeaderElection22 ELECTION round 0: submit vote requests at term 1 for -1: peers:[1359b24a-0a66-4b2c-b277-152671c55fa7|10.1.0.14:15103]|listeners:[], old=null
2023-12-28 09:08:31,186 [1359b24a-0a66-4b2c-b277-152671c55fa7@group-97F26FCE827D-LeaderElection22] INFO  impl.LeaderElection (LeaderElection.java:askForVotes(325)) - 1359b24a-0a66-4b2c-b277-152671c55fa7@group-97F26FCE827D-LeaderElection22 ELECTION round 0: result PASSED (term=1)
2023-12-28 09:08:31,186 [1359b24a-0a66-4b2c-b277-152671c55fa7@group-97F26FCE827D-LeaderElection22] INFO  impl.RoleInfo (RoleInfo.java:shutdownLeaderElection(130)) - 1359b24a-0a66-4b2c-b277-152671c55fa7: shutdown 1359b24a-0a66-4b2c-b277-152671c55fa7@group-97F26FCE827D-LeaderElection22
2023-12-28 09:08:31,186 [1359b24a-0a66-4b2c-b277-152671c55fa7@group-97F26FCE827D-LeaderElection22] INFO  server.RaftServer$Division (RaftServerImpl.java:setRole(379)) - 1359b24a-0a66-4b2c-b277-152671c55fa7@group-97F26FCE827D: changes role from CANDIDATE to LEADER at term 1 for changeToLeader
2023-12-28 09:08:31,186 [1359b24a-0a66-4b2c-b277-152671c55fa7@group-97F26FCE827D-LeaderElection22] INFO  server.RaftServerConfigKeys (ConfUtils.java:logGet(46)) - raft.server.staging.catchup.gap = 1000 (default)
2023-12-28 09:08:31,187 [1359b24a-0a66-4b2c-b277-152671c55fa7@group-97F26FCE827D-LeaderElection22] INFO  server.RaftServerConfigKeys (ConfUtils.java:logGet(46)) - raft.server.write.element-limit = 1024 (custom)
2023-12-28 09:08:31,187 [1359b24a-0a66-4b2c-b277-152671c55fa7@group-97F26FCE827D-LeaderElection22] INFO  server.RaftServerConfigKeys (ConfUtils.java:logGet(46)) - raft.server.write.byte-limit = 1024 M (=1073741824) (custom)
2023-12-28 09:08:31,187 [1359b24a-0a66-4b2c-b277-152671c55fa7@group-97F26FCE827D-LeaderElection22] INFO  server.RaftServerConfigKeys (ConfUtils.java:logGet(46)) - raft.server.watch.timeout = 3000ms (custom)
2023-12-28 09:08:31,187 [1359b24a-0a66-4b2c-b277-152671c55fa7@group-97F26FCE827D-LeaderElection22] INFO  server.RaftServerConfigKeys (ConfUtils.java:logGet(46)) - raft.server.watch.timeout.denomination = 1s (default)
2023-12-28 09:08:31,187 [1359b24a-0a66-4b2c-b277-152671c55fa7@group-97F26FCE827D-LeaderElection22] INFO  server.RaftServerConfigKeys (ConfUtils.java:logGet(46)) - raft.server.watch.element-limit = 65536 (default)
2023-12-28 09:08:31,187 [1359b24a-0a66-4b2c-b277-152671c55fa7@group-97F26FCE827D-LeaderElection22] INFO  server.RaftServerConfigKeys (ConfUtils.java:logGet(46)) - raft.server.read.leader.lease.enabled = false (default)
2023-12-28 09:08:31,187 [1359b24a-0a66-4b2c-b277-152671c55fa7@group-97F26FCE827D-LeaderElection22] INFO  server.RaftServerConfigKeys (ConfUtils.java:logGet(46)) - raft.server.read.leader.lease.timeout.ratio = 0.9 (default)
2023-12-28 09:08:31,187 [1359b24a-0a66-4b2c-b277-152671c55fa7@group-97F26FCE827D-LeaderElection22] INFO  server.RaftServerConfigKeys (ConfUtils.java:logGet(46)) - raft.server.rpc.timeout.min = 5s (custom)
2023-12-28 09:08:31,187 [1359b24a-0a66-4b2c-b277-152671c55fa7@group-97F26FCE827D-LeaderElection22] INFO  server.RaftServerConfigKeys (ConfUtils.java:logGet(46)) - raft.server.write.element-limit = 1024 (custom)
2023-12-28 09:08:31,187 [1359b24a-0a66-4b2c-b277-152671c55fa7@group-97F26FCE827D-LeaderElection22] INFO  server.RaftServerConfigKeys (ConfUtils.java:logGet(46)) - raft.server.write.follower.gap.ratio.max = -1.0 (default)
2023-12-28 09:08:31,187 [1359b24a-0a66-4b2c-b277-152671c55fa7@group-97F26FCE827D-LeaderElection22] INFO  impl.RoleInfo (RoleInfo.java:updateAndGet(139)) - 1359b24a-0a66-4b2c-b277-152671c55fa7: start 1359b24a-0a66-4b2c-b277-152671c55fa7@group-97F26FCE827D-LeaderStateImpl
2023-12-28 09:08:31,187 [1359b24a-0a66-4b2c-b277-152671c55fa7@group-97F26FCE827D-LeaderElection22] INFO  server.RaftServer$Division (RaftServerImpl.java:setFirstElection(564)) - 1359b24a-0a66-4b2c-b277-152671c55fa7@group-97F26FCE827D: set firstElectionSinceStartup to false for becomeLeader
2023-12-28 09:08:31,188 [1359b24a-0a66-4b2c-b277-152671c55fa7@group-97F26FCE827D-LeaderElection22] INFO  ratis.XceiverServerRatis (XceiverServerRatis.java:handleLeaderChangedNotification(935)) - Leader change notification received for group: group-97F26FCE827D with new leaderId: 1359b24a-0a66-4b2c-b277-152671c55fa7
2023-12-28 09:08:31,188 [1359b24a-0a66-4b2c-b277-152671c55fa7@group-97F26FCE827D-LeaderElection22] INFO  server.RaftServer$Division (ServerState.java:setLeader(265)) - 1359b24a-0a66-4b2c-b277-152671c55fa7@group-97F26FCE827D: change Leader from null to 1359b24a-0a66-4b2c-b277-152671c55fa7 at term 1 for becomeLeader, leader elected after 5208ms
2023-12-28 09:08:31,188 [1359b24a-0a66-4b2c-b277-152671c55fa7@group-97F26FCE827D-LeaderElection22] INFO  segmented.SegmentedRaftLogWorker (SegmentedRaftLogWorker.java:startLogSegment(428)) - 1359b24a-0a66-4b2c-b277-152671c55fa7@group-97F26FCE827D-SegmentedRaftLogWorker: Starting segment from index:0
2023-12-28 09:08:31,191 [1359b24a-0a66-4b2c-b277-152671c55fa7@group-97F26FCE827D-LeaderElection22] INFO  server.RaftServer$Division (ServerState.java:setRaftConf(382)) - 1359b24a-0a66-4b2c-b277-152671c55fa7@group-97F26FCE827D: set configuration 0: peers:[1359b24a-0a66-4b2c-b277-152671c55fa7|10.1.0.14:15103]|listeners:[], old=null
2023-12-28 09:08:31,198 [1359b24a-0a66-4b2c-b277-152671c55fa7@group-97F26FCE827D-SegmentedRaftLogWorker] INFO  segmented.SegmentedRaftLogWorker (SegmentedRaftLogWorker.java:execute(632)) - 1359b24a-0a66-4b2c-b277-152671c55fa7@group-97F26FCE827D-SegmentedRaftLogWorker: created new log segment /home/runner/work/ozone/ozone/hadoop-ozone/integration-test/target/test-dir/MiniOzoneClusterImpl-8986566a-fb65-479a-a2d4-a5d5d2c03f68/datanode-0/data/ratis/3191b8bf-e5cd-488f-906e-97f26fce827d/current/log_inprogress_0
2023-12-28 09:08:31,199 [1359b24a-0a66-4b2c-b277-152671c55fa7@group-97F26FCE827D-StateMachineUpdater] INFO  server.RaftServer$Division (LeaderStateImpl.java:isApplied(316)) - leader is ready since appliedIndex == 0 >= startIndex == 0
2023-12-28 09:08:31,300 [710d5749-3dff-4e56-b0fe-7873b1298659@group-E65BF094AF7D-FollowerState] INFO  impl.FollowerState (FollowerState.java:run(143)) - 710d5749-3dff-4e56-b0fe-7873b1298659@group-E65BF094AF7D-FollowerState: change to CANDIDATE, lastRpcElapsedTime:5190584640ns, electionTimeout:5190ms
2023-12-28 09:08:31,300 [710d5749-3dff-4e56-b0fe-7873b1298659@group-E65BF094AF7D-FollowerState] INFO  impl.RoleInfo (RoleInfo.java:shutdownFollowerState(110)) - 710d5749-3dff-4e56-b0fe-7873b1298659: shutdown 710d5749-3dff-4e56-b0fe-7873b1298659@group-E65BF094AF7D-FollowerState
2023-12-28 09:08:31,300 [710d5749-3dff-4e56-b0fe-7873b1298659@group-E65BF094AF7D-FollowerState] INFO  server.RaftServer$Division (RaftServerImpl.java:setRole(379)) - 710d5749-3dff-4e56-b0fe-7873b1298659@group-E65BF094AF7D: changes role from  FOLLOWER to CANDIDATE at term 0 for changeToCandidate
2023-12-28 09:08:31,300 [710d5749-3dff-4e56-b0fe-7873b1298659@group-E65BF094AF7D-FollowerState] INFO  server.RaftServerConfigKeys (ConfUtils.java:logGet(46)) - raft.server.leaderelection.pre-vote = true (default)
2023-12-28 09:08:31,300 [710d5749-3dff-4e56-b0fe-7873b1298659@group-E65BF094AF7D-FollowerState] INFO  impl.RoleInfo (RoleInfo.java:updateAndGet(139)) - 710d5749-3dff-4e56-b0fe-7873b1298659: start 710d5749-3dff-4e56-b0fe-7873b1298659@group-E65BF094AF7D-LeaderElection23
2023-12-28 09:08:31,301 [710d5749-3dff-4e56-b0fe-7873b1298659@group-E65BF094AF7D-LeaderElection23] INFO  impl.LeaderElection (LeaderElection.java:askForVotes(323)) - 710d5749-3dff-4e56-b0fe-7873b1298659@group-E65BF094AF7D-LeaderElection23 PRE_VOTE round 0: submit vote requests at term 0 for -1: peers:[710d5749-3dff-4e56-b0fe-7873b1298659|10.1.0.14:15112]|listeners:[], old=null
2023-12-28 09:08:31,301 [710d5749-3dff-4e56-b0fe-7873b1298659@group-E65BF094AF7D-LeaderElection23] INFO  impl.LeaderElection (LeaderElection.java:askForVotes(325)) - 710d5749-3dff-4e56-b0fe-7873b1298659@group-E65BF094AF7D-LeaderElection23 PRE_VOTE round 0: result PASSED (term=0)
2023-12-28 09:08:31,302 [710d5749-3dff-4e56-b0fe-7873b1298659@group-E65BF094AF7D-LeaderElection23] INFO  impl.LeaderElection (LeaderElection.java:askForVotes(323)) - 710d5749-3dff-4e56-b0fe-7873b1298659@group-E65BF094AF7D-LeaderElection23 ELECTION round 0: submit vote requests at term 1 for -1: peers:[710d5749-3dff-4e56-b0fe-7873b1298659|10.1.0.14:15112]|listeners:[], old=null
2023-12-28 09:08:31,302 [710d5749-3dff-4e56-b0fe-7873b1298659@group-E65BF094AF7D-LeaderElection23] INFO  impl.LeaderElection (LeaderElection.java:askForVotes(325)) - 710d5749-3dff-4e56-b0fe-7873b1298659@group-E65BF094AF7D-LeaderElection23 ELECTION round 0: result PASSED (term=1)
2023-12-28 09:08:31,302 [710d5749-3dff-4e56-b0fe-7873b1298659@group-E65BF094AF7D-LeaderElection23] INFO  impl.RoleInfo (RoleInfo.java:shutdownLeaderElection(130)) - 710d5749-3dff-4e56-b0fe-7873b1298659: shutdown 710d5749-3dff-4e56-b0fe-7873b1298659@group-E65BF094AF7D-LeaderElection23
2023-12-28 09:08:31,302 [710d5749-3dff-4e56-b0fe-7873b1298659@group-E65BF094AF7D-LeaderElection23] INFO  server.RaftServer$Division (RaftServerImpl.java:setRole(379)) - 710d5749-3dff-4e56-b0fe-7873b1298659@group-E65BF094AF7D: changes role from CANDIDATE to LEADER at term 1 for changeToLeader
2023-12-28 09:08:31,302 [710d5749-3dff-4e56-b0fe-7873b1298659@group-E65BF094AF7D-LeaderElection23] INFO  server.RaftServerConfigKeys (ConfUtils.java:logGet(46)) - raft.server.staging.catchup.gap = 1000 (default)
2023-12-28 09:08:31,302 [710d5749-3dff-4e56-b0fe-7873b1298659@group-E65BF094AF7D-LeaderElection23] INFO  server.RaftServerConfigKeys (ConfUtils.java:logGet(46)) - raft.server.write.element-limit = 1024 (custom)
2023-12-28 09:08:31,303 [710d5749-3dff-4e56-b0fe-7873b1298659@group-E65BF094AF7D-LeaderElection23] INFO  server.RaftServerConfigKeys (ConfUtils.java:logGet(46)) - raft.server.write.byte-limit = 1024 M (=1073741824) (custom)
2023-12-28 09:08:31,303 [710d5749-3dff-4e56-b0fe-7873b1298659@group-E65BF094AF7D-LeaderElection23] INFO  server.RaftServerConfigKeys (ConfUtils.java:logGet(46)) - raft.server.watch.timeout = 3000ms (custom)
2023-12-28 09:08:31,303 [710d5749-3dff-4e56-b0fe-7873b1298659@group-E65BF094AF7D-LeaderElection23] INFO  server.RaftServerConfigKeys (ConfUtils.java:logGet(46)) - raft.server.watch.timeout.denomination = 1s (default)
2023-12-28 09:08:31,303 [710d5749-3dff-4e56-b0fe-7873b1298659@group-E65BF094AF7D-LeaderElection23] INFO  server.RaftServerConfigKeys (ConfUtils.java:logGet(46)) - raft.server.watch.element-limit = 65536 (default)
2023-12-28 09:08:31,303 [710d5749-3dff-4e56-b0fe-7873b1298659@group-E65BF094AF7D-LeaderElection23] INFO  server.RaftServerConfigKeys (ConfUtils.java:logGet(46)) - raft.server.read.leader.lease.enabled = false (default)
2023-12-28 09:08:31,303 [710d5749-3dff-4e56-b0fe-7873b1298659@group-E65BF094AF7D-LeaderElection23] INFO  server.RaftServerConfigKeys (ConfUtils.java:logGet(46)) - raft.server.read.leader.lease.timeout.ratio = 0.9 (default)
2023-12-28 09:08:31,303 [710d5749-3dff-4e56-b0fe-7873b1298659@group-E65BF094AF7D-LeaderElection23] INFO  server.RaftServerConfigKeys (ConfUtils.java:logGet(46)) - raft.server.rpc.timeout.min = 5s (custom)
2023-12-28 09:08:31,303 [710d5749-3dff-4e56-b0fe-7873b1298659@group-E65BF094AF7D-LeaderElection23] INFO  server.RaftServerConfigKeys (ConfUtils.java:logGet(46)) - raft.server.write.element-limit = 1024 (custom)
2023-12-28 09:08:31,303 [710d5749-3dff-4e56-b0fe-7873b1298659@group-E65BF094AF7D-LeaderElection23] INFO  server.RaftServerConfigKeys (ConfUtils.java:logGet(46)) - raft.server.write.follower.gap.ratio.max = -1.0 (default)
2023-12-28 09:08:31,303 [710d5749-3dff-4e56-b0fe-7873b1298659@group-E65BF094AF7D-LeaderElection23] INFO  impl.RoleInfo (RoleInfo.java:updateAndGet(139)) - 710d5749-3dff-4e56-b0fe-7873b1298659: start 710d5749-3dff-4e56-b0fe-7873b1298659@group-E65BF094AF7D-LeaderStateImpl
2023-12-28 09:08:31,303 [710d5749-3dff-4e56-b0fe-7873b1298659@group-E65BF094AF7D-LeaderElection23] INFO  server.RaftServer$Division (RaftServerImpl.java:setFirstElection(564)) - 710d5749-3dff-4e56-b0fe-7873b1298659@group-E65BF094AF7D: set firstElectionSinceStartup to false for becomeLeader
2023-12-28 09:08:31,303 [710d5749-3dff-4e56-b0fe-7873b1298659@group-E65BF094AF7D-LeaderElection23] INFO  ratis.XceiverServerRatis (XceiverServerRatis.java:handleLeaderChangedNotification(935)) - Leader change notification received for group: group-E65BF094AF7D with new leaderId: 710d5749-3dff-4e56-b0fe-7873b1298659
2023-12-28 09:08:31,303 [710d5749-3dff-4e56-b0fe-7873b1298659@group-E65BF094AF7D-LeaderElection23] INFO  server.RaftServer$Division (ServerState.java:setLeader(265)) - 710d5749-3dff-4e56-b0fe-7873b1298659@group-E65BF094AF7D: change Leader from null to 710d5749-3dff-4e56-b0fe-7873b1298659 at term 1 for becomeLeader, leader elected after 5207ms
2023-12-28 09:08:31,304 [710d5749-3dff-4e56-b0fe-7873b1298659@group-E65BF094AF7D-LeaderElection23] INFO  segmented.SegmentedRaftLogWorker (SegmentedRaftLogWorker.java:startLogSegment(428)) - 710d5749-3dff-4e56-b0fe-7873b1298659@group-E65BF094AF7D-SegmentedRaftLogWorker: Starting segment from index:0
2023-12-28 09:08:31,305 [710d5749-3dff-4e56-b0fe-7873b1298659@group-E65BF094AF7D-LeaderElection23] INFO  server.RaftServer$Division (ServerState.java:setRaftConf(382)) - 710d5749-3dff-4e56-b0fe-7873b1298659@group-E65BF094AF7D: set configuration 0: peers:[710d5749-3dff-4e56-b0fe-7873b1298659|10.1.0.14:15112]|listeners:[], old=null
2023-12-28 09:08:31,311 [710d5749-3dff-4e56-b0fe-7873b1298659@group-E65BF094AF7D-SegmentedRaftLogWorker] INFO  segmented.SegmentedRaftLogWorker (SegmentedRaftLogWorker.java:execute(632)) - 710d5749-3dff-4e56-b0fe-7873b1298659@group-E65BF094AF7D-SegmentedRaftLogWorker: created new log segment /home/runner/work/ozone/ozone/hadoop-ozone/integration-test/target/test-dir/MiniOzoneClusterImpl-8986566a-fb65-479a-a2d4-a5d5d2c03f68/datanode-1/data/ratis/c7c0b06f-2c96-479a-bcca-e65bf094af7d/current/log_inprogress_0
2023-12-28 09:08:31,312 [710d5749-3dff-4e56-b0fe-7873b1298659@group-E65BF094AF7D-StateMachineUpdater] INFO  server.RaftServer$Division (LeaderStateImpl.java:isApplied(316)) - leader is ready since appliedIndex == 0 >= startIndex == 0
2023-12-28 09:08:31,386 [623fd51a-cd2f-46b7-bfb3-2e75fcb0d216@group-45BFF5C42CB2-FollowerState] INFO  impl.FollowerState (FollowerState.java:run(143)) - 623fd51a-cd2f-46b7-bfb3-2e75fcb0d216@group-45BFF5C42CB2-FollowerState: change to CANDIDATE, lastRpcElapsedTime:5157469823ns, electionTimeout:5157ms
2023-12-28 09:08:31,386 [623fd51a-cd2f-46b7-bfb3-2e75fcb0d216@group-45BFF5C42CB2-FollowerState] INFO  impl.RoleInfo (RoleInfo.java:shutdownFollowerState(110)) - 623fd51a-cd2f-46b7-bfb3-2e75fcb0d216: shutdown 623fd51a-cd2f-46b7-bfb3-2e75fcb0d216@group-45BFF5C42CB2-FollowerState
2023-12-28 09:08:31,386 [623fd51a-cd2f-46b7-bfb3-2e75fcb0d216@group-45BFF5C42CB2-FollowerState] INFO  server.RaftServer$Division (RaftServerImpl.java:setRole(379)) - 623fd51a-cd2f-46b7-bfb3-2e75fcb0d216@group-45BFF5C42CB2: changes role from  FOLLOWER to CANDIDATE at term 0 for changeToCandidate
2023-12-28 09:08:31,386 [623fd51a-cd2f-46b7-bfb3-2e75fcb0d216@group-45BFF5C42CB2-FollowerState] INFO  server.RaftServerConfigKeys (ConfUtils.java:logGet(46)) - raft.server.leaderelection.pre-vote = true (default)
2023-12-28 09:08:31,386 [623fd51a-cd2f-46b7-bfb3-2e75fcb0d216@group-45BFF5C42CB2-FollowerState] INFO  impl.RoleInfo (RoleInfo.java:updateAndGet(139)) - 623fd51a-cd2f-46b7-bfb3-2e75fcb0d216: start 623fd51a-cd2f-46b7-bfb3-2e75fcb0d216@group-45BFF5C42CB2-LeaderElection24
2023-12-28 09:08:31,387 [623fd51a-cd2f-46b7-bfb3-2e75fcb0d216@group-45BFF5C42CB2-LeaderElection24] INFO  impl.LeaderElection (LeaderElection.java:askForVotes(323)) - 623fd51a-cd2f-46b7-bfb3-2e75fcb0d216@group-45BFF5C42CB2-LeaderElection24 PRE_VOTE round 0: submit vote requests at term 0 for -1: peers:[623fd51a-cd2f-46b7-bfb3-2e75fcb0d216|10.1.0.14:15121]|listeners:[], old=null
2023-12-28 09:08:31,387 [623fd51a-cd2f-46b7-bfb3-2e75fcb0d216@group-45BFF5C42CB2-LeaderElection24] INFO  impl.LeaderElection (LeaderElection.java:askForVotes(325)) - 623fd51a-cd2f-46b7-bfb3-2e75fcb0d216@group-45BFF5C42CB2-LeaderElection24 PRE_VOTE round 0: result PASSED (term=0)
2023-12-28 09:08:31,389 [623fd51a-cd2f-46b7-bfb3-2e75fcb0d216@group-45BFF5C42CB2-LeaderElection24] INFO  impl.LeaderElection (LeaderElection.java:askForVotes(323)) - 623fd51a-cd2f-46b7-bfb3-2e75fcb0d216@group-45BFF5C42CB2-LeaderElection24 ELECTION round 0: submit vote requests at term 1 for -1: peers:[623fd51a-cd2f-46b7-bfb3-2e75fcb0d216|10.1.0.14:15121]|listeners:[], old=null
2023-12-28 09:08:31,389 [623fd51a-cd2f-46b7-bfb3-2e75fcb0d216@group-45BFF5C42CB2-LeaderElection24] INFO  impl.LeaderElection (LeaderElection.java:askForVotes(325)) - 623fd51a-cd2f-46b7-bfb3-2e75fcb0d216@group-45BFF5C42CB2-LeaderElection24 ELECTION round 0: result PASSED (term=1)
2023-12-28 09:08:31,389 [623fd51a-cd2f-46b7-bfb3-2e75fcb0d216@group-45BFF5C42CB2-LeaderElection24] INFO  impl.RoleInfo (RoleInfo.java:shutdownLeaderElection(130)) - 623fd51a-cd2f-46b7-bfb3-2e75fcb0d216: shutdown 623fd51a-cd2f-46b7-bfb3-2e75fcb0d216@group-45BFF5C42CB2-LeaderElection24
2023-12-28 09:08:31,389 [623fd51a-cd2f-46b7-bfb3-2e75fcb0d216@group-45BFF5C42CB2-LeaderElection24] INFO  server.RaftServer$Division (RaftServerImpl.java:setRole(379)) - 623fd51a-cd2f-46b7-bfb3-2e75fcb0d216@group-45BFF5C42CB2: changes role from CANDIDATE to LEADER at term 1 for changeToLeader
2023-12-28 09:08:31,389 [623fd51a-cd2f-46b7-bfb3-2e75fcb0d216@group-45BFF5C42CB2-LeaderElection24] INFO  server.RaftServerConfigKeys (ConfUtils.java:logGet(46)) - raft.server.staging.catchup.gap = 1000 (default)
2023-12-28 09:08:31,389 [623fd51a-cd2f-46b7-bfb3-2e75fcb0d216@group-45BFF5C42CB2-LeaderElection24] INFO  server.RaftServerConfigKeys (ConfUtils.java:logGet(46)) - raft.server.write.element-limit = 1024 (custom)
2023-12-28 09:08:31,389 [623fd51a-cd2f-46b7-bfb3-2e75fcb0d216@group-45BFF5C42CB2-LeaderElection24] INFO  server.RaftServerConfigKeys (ConfUtils.java:logGet(46)) - raft.server.write.byte-limit = 1024 M (=1073741824) (custom)
2023-12-28 09:08:31,390 [623fd51a-cd2f-46b7-bfb3-2e75fcb0d216@group-45BFF5C42CB2-LeaderElection24] INFO  server.RaftServerConfigKeys (ConfUtils.java:logGet(46)) - raft.server.watch.timeout = 3000ms (custom)
2023-12-28 09:08:31,390 [623fd51a-cd2f-46b7-bfb3-2e75fcb0d216@group-45BFF5C42CB2-LeaderElection24] INFO  server.RaftServerConfigKeys (ConfUtils.java:logGet(46)) - raft.server.watch.timeout.denomination = 1s (default)
2023-12-28 09:08:31,390 [623fd51a-cd2f-46b7-bfb3-2e75fcb0d216@group-45BFF5C42CB2-LeaderElection24] INFO  server.RaftServerConfigKeys (ConfUtils.java:logGet(46)) - raft.server.watch.element-limit = 65536 (default)
2023-12-28 09:08:31,390 [623fd51a-cd2f-46b7-bfb3-2e75fcb0d216@group-45BFF5C42CB2-LeaderElection24] INFO  server.RaftServerConfigKeys (ConfUtils.java:logGet(46)) - raft.server.read.leader.lease.enabled = false (default)
2023-12-28 09:08:31,390 [623fd51a-cd2f-46b7-bfb3-2e75fcb0d216@group-45BFF5C42CB2-LeaderElection24] INFO  server.RaftServerConfigKeys (ConfUtils.java:logGet(46)) - raft.server.read.leader.lease.timeout.ratio = 0.9 (default)
2023-12-28 09:08:31,390 [623fd51a-cd2f-46b7-bfb3-2e75fcb0d216@group-45BFF5C42CB2-LeaderElection24] INFO  server.RaftServerConfigKeys (ConfUtils.java:logGet(46)) - raft.server.rpc.timeout.min = 5s (custom)
2023-12-28 09:08:31,390 [623fd51a-cd2f-46b7-bfb3-2e75fcb0d216@group-45BFF5C42CB2-LeaderElection24] INFO  server.RaftServerConfigKeys (ConfUtils.java:logGet(46)) - raft.server.write.element-limit = 1024 (custom)
2023-12-28 09:08:31,390 [623fd51a-cd2f-46b7-bfb3-2e75fcb0d216@group-45BFF5C42CB2-LeaderElection24] INFO  server.RaftServerConfigKeys (ConfUtils.java:logGet(46)) - raft.server.write.follower.gap.ratio.max = -1.0 (default)
2023-12-28 09:08:31,390 [623fd51a-cd2f-46b7-bfb3-2e75fcb0d216@group-45BFF5C42CB2-LeaderElection24] INFO  impl.RoleInfo (RoleInfo.java:updateAndGet(139)) - 623fd51a-cd2f-46b7-bfb3-2e75fcb0d216: start 623fd51a-cd2f-46b7-bfb3-2e75fcb0d216@group-45BFF5C42CB2-LeaderStateImpl
2023-12-28 09:08:31,390 [623fd51a-cd2f-46b7-bfb3-2e75fcb0d216@group-45BFF5C42CB2-LeaderElection24] INFO  server.RaftServer$Division (RaftServerImpl.java:setFirstElection(564)) - 623fd51a-cd2f-46b7-bfb3-2e75fcb0d216@group-45BFF5C42CB2: set firstElectionSinceStartup to false for becomeLeader
2023-12-28 09:08:31,390 [623fd51a-cd2f-46b7-bfb3-2e75fcb0d216@group-45BFF5C42CB2-LeaderElection24] INFO  ratis.XceiverServerRatis (XceiverServerRatis.java:handleLeaderChangedNotification(935)) - Leader change notification received for group: group-45BFF5C42CB2 with new leaderId: 623fd51a-cd2f-46b7-bfb3-2e75fcb0d216
2023-12-28 09:08:31,391 [623fd51a-cd2f-46b7-bfb3-2e75fcb0d216@group-45BFF5C42CB2-LeaderElection24] INFO  server.RaftServer$Division (ServerState.java:setLeader(265)) - 623fd51a-cd2f-46b7-bfb3-2e75fcb0d216@group-45BFF5C42CB2: change Leader from null to 623fd51a-cd2f-46b7-bfb3-2e75fcb0d216 at term 1 for becomeLeader, leader elected after 5174ms
2023-12-28 09:08:31,391 [623fd51a-cd2f-46b7-bfb3-2e75fcb0d216@group-45BFF5C42CB2-LeaderElection24] INFO  segmented.SegmentedRaftLogWorker (SegmentedRaftLogWorker.java:startLogSegment(428)) - 623fd51a-cd2f-46b7-bfb3-2e75fcb0d216@group-45BFF5C42CB2-SegmentedRaftLogWorker: Starting segment from index:0
2023-12-28 09:08:31,392 [623fd51a-cd2f-46b7-bfb3-2e75fcb0d216@group-45BFF5C42CB2-LeaderElection24] INFO  server.RaftServer$Division (ServerState.java:setRaftConf(382)) - 623fd51a-cd2f-46b7-bfb3-2e75fcb0d216@group-45BFF5C42CB2: set configuration 0: peers:[623fd51a-cd2f-46b7-bfb3-2e75fcb0d216|10.1.0.14:15121]|listeners:[], old=null
2023-12-28 09:08:31,400 [623fd51a-cd2f-46b7-bfb3-2e75fcb0d216@group-45BFF5C42CB2-SegmentedRaftLogWorker] INFO  segmented.SegmentedRaftLogWorker (SegmentedRaftLogWorker.java:execute(632)) - 623fd51a-cd2f-46b7-bfb3-2e75fcb0d216@group-45BFF5C42CB2-SegmentedRaftLogWorker: created new log segment /home/runner/work/ozone/ozone/hadoop-ozone/integration-test/target/test-dir/MiniOzoneClusterImpl-8986566a-fb65-479a-a2d4-a5d5d2c03f68/datanode-2/data/ratis/584958d6-565b-49a7-b47b-45bff5c42cb2/current/log_inprogress_0
2023-12-28 09:08:31,401 [623fd51a-cd2f-46b7-bfb3-2e75fcb0d216@group-45BFF5C42CB2-StateMachineUpdater] INFO  server.RaftServer$Division (LeaderStateImpl.java:isApplied(316)) - leader is ready since appliedIndex == 0 >= startIndex == 0
2023-12-28 09:08:31,512 [f1f58aef-51f9-473c-80a3-23da74561150@group-3C30080F1E06-FollowerState] INFO  impl.FollowerState (FollowerState.java:run(143)) - f1f58aef-51f9-473c-80a3-23da74561150@group-3C30080F1E06-FollowerState: change to CANDIDATE, lastRpcElapsedTime:5121309182ns, electionTimeout:5120ms
2023-12-28 09:08:31,512 [f1f58aef-51f9-473c-80a3-23da74561150@group-3C30080F1E06-FollowerState] INFO  impl.RoleInfo (RoleInfo.java:shutdownFollowerState(110)) - f1f58aef-51f9-473c-80a3-23da74561150: shutdown f1f58aef-51f9-473c-80a3-23da74561150@group-3C30080F1E06-FollowerState
2023-12-28 09:08:31,512 [f1f58aef-51f9-473c-80a3-23da74561150@group-3C30080F1E06-FollowerState] INFO  server.RaftServer$Division (RaftServerImpl.java:setRole(379)) - f1f58aef-51f9-473c-80a3-23da74561150@group-3C30080F1E06: changes role from  FOLLOWER to CANDIDATE at term 0 for changeToCandidate
2023-12-28 09:08:31,512 [f1f58aef-51f9-473c-80a3-23da74561150@group-3C30080F1E06-FollowerState] INFO  server.RaftServerConfigKeys (ConfUtils.java:logGet(46)) - raft.server.leaderelection.pre-vote = true (default)
2023-12-28 09:08:31,512 [f1f58aef-51f9-473c-80a3-23da74561150@group-3C30080F1E06-FollowerState] INFO  impl.RoleInfo (RoleInfo.java:updateAndGet(139)) - f1f58aef-51f9-473c-80a3-23da74561150: start f1f58aef-51f9-473c-80a3-23da74561150@group-3C30080F1E06-LeaderElection25
2023-12-28 09:08:31,514 [f1f58aef-51f9-473c-80a3-23da74561150@group-3C30080F1E06-LeaderElection25] INFO  impl.LeaderElection (LeaderElection.java:askForVotes(323)) - f1f58aef-51f9-473c-80a3-23da74561150@group-3C30080F1E06-LeaderElection25 PRE_VOTE round 0: submit vote requests at term 0 for -1: peers:[f1f58aef-51f9-473c-80a3-23da74561150|10.1.0.14:15130]|listeners:[], old=null
2023-12-28 09:08:31,514 [f1f58aef-51f9-473c-80a3-23da74561150@group-3C30080F1E06-LeaderElection25] INFO  impl.LeaderElection (LeaderElection.java:askForVotes(325)) - f1f58aef-51f9-473c-80a3-23da74561150@group-3C30080F1E06-LeaderElection25 PRE_VOTE round 0: result PASSED (term=0)
2023-12-28 09:08:31,516 [f1f58aef-51f9-473c-80a3-23da74561150@group-3C30080F1E06-LeaderElection25] INFO  impl.LeaderElection (LeaderElection.java:askForVotes(323)) - f1f58aef-51f9-473c-80a3-23da74561150@group-3C30080F1E06-LeaderElection25 ELECTION round 0: submit vote requests at term 1 for -1: peers:[f1f58aef-51f9-473c-80a3-23da74561150|10.1.0.14:15130]|listeners:[], old=null
2023-12-28 09:08:31,516 [f1f58aef-51f9-473c-80a3-23da74561150@group-3C30080F1E06-LeaderElection25] INFO  impl.LeaderElection (LeaderElection.java:askForVotes(325)) - f1f58aef-51f9-473c-80a3-23da74561150@group-3C30080F1E06-LeaderElection25 ELECTION round 0: result PASSED (term=1)
2023-12-28 09:08:31,516 [f1f58aef-51f9-473c-80a3-23da74561150@group-3C30080F1E06-LeaderElection25] INFO  impl.RoleInfo (RoleInfo.java:shutdownLeaderElection(130)) - f1f58aef-51f9-473c-80a3-23da74561150: shutdown f1f58aef-51f9-473c-80a3-23da74561150@group-3C30080F1E06-LeaderElection25
2023-12-28 09:08:31,516 [f1f58aef-51f9-473c-80a3-23da74561150@group-3C30080F1E06-LeaderElection25] INFO  server.RaftServer$Division (RaftServerImpl.java:setRole(379)) - f1f58aef-51f9-473c-80a3-23da74561150@group-3C30080F1E06: changes role from CANDIDATE to LEADER at term 1 for changeToLeader
2023-12-28 09:08:31,516 [f1f58aef-51f9-473c-80a3-23da74561150@group-3C30080F1E06-LeaderElection25] INFO  server.RaftServerConfigKeys (ConfUtils.java:logGet(46)) - raft.server.staging.catchup.gap = 1000 (default)
2023-12-28 09:08:31,516 [f1f58aef-51f9-473c-80a3-23da74561150@group-3C30080F1E06-LeaderElection25] INFO  server.RaftServerConfigKeys (ConfUtils.java:logGet(46)) - raft.server.write.element-limit = 1024 (custom)
2023-12-28 09:08:31,516 [f1f58aef-51f9-473c-80a3-23da74561150@group-3C30080F1E06-LeaderElection25] INFO  server.RaftServerConfigKeys (ConfUtils.java:logGet(46)) - raft.server.write.byte-limit = 1024 M (=1073741824) (custom)
2023-12-28 09:08:31,516 [f1f58aef-51f9-473c-80a3-23da74561150@group-3C30080F1E06-LeaderElection25] INFO  server.RaftServerConfigKeys (ConfUtils.java:logGet(46)) - raft.server.watch.timeout = 3000ms (custom)
2023-12-28 09:08:31,517 [f1f58aef-51f9-473c-80a3-23da74561150@group-3C30080F1E06-LeaderElection25] INFO  server.RaftServerConfigKeys (ConfUtils.java:logGet(46)) - raft.server.watch.timeout.denomination = 1s (default)
2023-12-28 09:08:31,517 [f1f58aef-51f9-473c-80a3-23da74561150@group-3C30080F1E06-LeaderElection25] INFO  server.RaftServerConfigKeys (ConfUtils.java:logGet(46)) - raft.server.watch.element-limit = 65536 (default)
2023-12-28 09:08:31,517 [f1f58aef-51f9-473c-80a3-23da74561150@group-3C30080F1E06-LeaderElection25] INFO  server.RaftServerConfigKeys (ConfUtils.java:logGet(46)) - raft.server.read.leader.lease.enabled = false (default)
2023-12-28 09:08:31,517 [f1f58aef-51f9-473c-80a3-23da74561150@group-3C30080F1E06-LeaderElection25] INFO  server.RaftServerConfigKeys (ConfUtils.java:logGet(46)) - raft.server.read.leader.lease.timeout.ratio = 0.9 (default)
2023-12-28 09:08:31,517 [f1f58aef-51f9-473c-80a3-23da74561150@group-3C30080F1E06-LeaderElection25] INFO  server.RaftServerConfigKeys (ConfUtils.java:logGet(46)) - raft.server.rpc.timeout.min = 5s (custom)
2023-12-28 09:08:31,517 [f1f58aef-51f9-473c-80a3-23da74561150@group-3C30080F1E06-LeaderElection25] INFO  server.RaftServerConfigKeys (ConfUtils.java:logGet(46)) - raft.server.write.element-limit = 1024 (custom)
2023-12-28 09:08:31,517 [f1f58aef-51f9-473c-80a3-23da74561150@group-3C30080F1E06-LeaderElection25] INFO  server.RaftServerConfigKeys (ConfUtils.java:logGet(46)) - raft.server.write.follower.gap.ratio.max = -1.0 (default)
2023-12-28 09:08:31,517 [f1f58aef-51f9-473c-80a3-23da74561150@group-3C30080F1E06-LeaderElection25] INFO  impl.RoleInfo (RoleInfo.java:updateAndGet(139)) - f1f58aef-51f9-473c-80a3-23da74561150: start f1f58aef-51f9-473c-80a3-23da74561150@group-3C30080F1E06-LeaderStateImpl
2023-12-28 09:08:31,517 [f1f58aef-51f9-473c-80a3-23da74561150@group-3C30080F1E06-LeaderElection25] INFO  server.RaftServer$Division (RaftServerImpl.java:setFirstElection(564)) - f1f58aef-51f9-473c-80a3-23da74561150@group-3C30080F1E06: set firstElectionSinceStartup to false for becomeLeader
2023-12-28 09:08:31,517 [f1f58aef-51f9-473c-80a3-23da74561150@group-3C30080F1E06-LeaderElection25] INFO  ratis.XceiverServerRatis (XceiverServerRatis.java:handleLeaderChangedNotification(935)) - Leader change notification received for group: group-3C30080F1E06 with new leaderId: f1f58aef-51f9-473c-80a3-23da74561150
2023-12-28 09:08:31,517 [f1f58aef-51f9-473c-80a3-23da74561150@group-3C30080F1E06-LeaderElection25] INFO  server.RaftServer$Division (ServerState.java:setLeader(265)) - f1f58aef-51f9-473c-80a3-23da74561150@group-3C30080F1E06: change Leader from null to f1f58aef-51f9-473c-80a3-23da74561150 at term 1 for becomeLeader, leader elected after 5167ms
2023-12-28 09:08:31,517 [f1f58aef-51f9-473c-80a3-23da74561150@group-3C30080F1E06-LeaderElection25] INFO  segmented.SegmentedRaftLogWorker (SegmentedRaftLogWorker.java:startLogSegment(428)) - f1f58aef-51f9-473c-80a3-23da74561150@group-3C30080F1E06-SegmentedRaftLogWorker: Starting segment from index:0
2023-12-28 09:08:31,518 [f1f58aef-51f9-473c-80a3-23da74561150@group-3C30080F1E06-LeaderElection25] INFO  server.RaftServer$Division (ServerState.java:setRaftConf(382)) - f1f58aef-51f9-473c-80a3-23da74561150@group-3C30080F1E06: set configuration 0: peers:[f1f58aef-51f9-473c-80a3-23da74561150|10.1.0.14:15130]|listeners:[], old=null
2023-12-28 09:08:31,526 [f1f58aef-51f9-473c-80a3-23da74561150@group-3C30080F1E06-SegmentedRaftLogWorker] INFO  segmented.SegmentedRaftLogWorker (SegmentedRaftLogWorker.java:execute(632)) - f1f58aef-51f9-473c-80a3-23da74561150@group-3C30080F1E06-SegmentedRaftLogWorker: created new log segment /home/runner/work/ozone/ozone/hadoop-ozone/integration-test/target/test-dir/MiniOzoneClusterImpl-8986566a-fb65-479a-a2d4-a5d5d2c03f68/datanode-3/data/ratis/f9d99730-5c1a-48d0-b2fe-3c30080f1e06/current/log_inprogress_0
2023-12-28 09:08:31,527 [f1f58aef-51f9-473c-80a3-23da74561150@group-3C30080F1E06-StateMachineUpdater] INFO  server.RaftServer$Division (LeaderStateImpl.java:isApplied(316)) - leader is ready since appliedIndex == 0 >= startIndex == 0
2023-12-28 09:08:31,529 [f1f58aef-51f9-473c-80a3-23da74561150@group-9589741A35F8-FollowerState] INFO  impl.FollowerState (FollowerState.java:run(143)) - f1f58aef-51f9-473c-80a3-23da74561150@group-9589741A35F8-FollowerState: change to CANDIDATE, lastRpcElapsedTime:5113474609ns, electionTimeout:5113ms
2023-12-28 09:08:31,529 [f1f58aef-51f9-473c-80a3-23da74561150@group-9589741A35F8-FollowerState] INFO  impl.RoleInfo (RoleInfo.java:shutdownFollowerState(110)) - f1f58aef-51f9-473c-80a3-23da74561150: shutdown f1f58aef-51f9-473c-80a3-23da74561150@group-9589741A35F8-FollowerState
2023-12-28 09:08:31,529 [f1f58aef-51f9-473c-80a3-23da74561150@group-9589741A35F8-FollowerState] INFO  server.RaftServer$Division (RaftServerImpl.java:setRole(379)) - f1f58aef-51f9-473c-80a3-23da74561150@group-9589741A35F8: changes role from  FOLLOWER to CANDIDATE at term 0 for changeToCandidate
2023-12-28 09:08:31,529 [f1f58aef-51f9-473c-80a3-23da74561150@group-9589741A35F8-FollowerState] INFO  server.RaftServerConfigKeys (ConfUtils.java:logGet(46)) - raft.server.leaderelection.pre-vote = true (default)
2023-12-28 09:08:31,529 [f1f58aef-51f9-473c-80a3-23da74561150@group-9589741A35F8-FollowerState] INFO  impl.RoleInfo (RoleInfo.java:updateAndGet(139)) - f1f58aef-51f9-473c-80a3-23da74561150: start f1f58aef-51f9-473c-80a3-23da74561150@group-9589741A35F8-LeaderElection26
2023-12-28 09:08:31,530 [f1f58aef-51f9-473c-80a3-23da74561150@group-9589741A35F8-LeaderElection26] INFO  impl.LeaderElection (LeaderElection.java:askForVotes(323)) - f1f58aef-51f9-473c-80a3-23da74561150@group-9589741A35F8-LeaderElection26 PRE_VOTE round 0: submit vote requests at term 0 for -1: peers:[c45be0a3-c489-4780-aa5f-c0744aea279b|10.1.0.14:15139, f1f58aef-51f9-473c-80a3-23da74561150|10.1.0.14:15130, a88a6c70-ad04-4ba2-9985-df8f03985c47|10.1.0.14:15148]|listeners:[], old=null
2023-12-28 09:08:31,530 [f1f58aef-51f9-473c-80a3-23da74561150@group-9589741A35F8-LeaderElection26-1] INFO  server.GrpcServerProtocolClient (GrpcServerProtocolClient.java:<init>(65)) - Build channel for c45be0a3-c489-4780-aa5f-c0744aea279b
2023-12-28 09:08:31,530 [f1f58aef-51f9-473c-80a3-23da74561150@group-9589741A35F8-LeaderElection26-2] INFO  server.GrpcServerProtocolClient (GrpcServerProtocolClient.java:<init>(65)) - Build channel for a88a6c70-ad04-4ba2-9985-df8f03985c47
2023-12-28 09:08:31,530 [f1f58aef-51f9-473c-80a3-23da74561150@group-9589741A35F8-LeaderElection26] INFO  server.RaftServerConfigKeys (ConfUtils.java:logFallback(53)) - raft.server.rpc.first-election.timeout.min = 5s (fallback to raft.server.rpc.timeout.min)
2023-12-28 09:08:31,531 [f1f58aef-51f9-473c-80a3-23da74561150@group-9589741A35F8-LeaderElection26] INFO  server.RaftServerConfigKeys (ConfUtils.java:logFallback(53)) - raft.server.rpc.first-election.timeout.max = 5200ms (fallback to raft.server.rpc.timeout.max)
2023-12-28 09:08:31,535 [grpc-default-executor-2] INFO  server.RaftServer$Division (RaftServerImpl.java:requestVote(1377)) - c45be0a3-c489-4780-aa5f-c0744aea279b@group-9589741A35F8: receive requestVote(PRE_VOTE, f1f58aef-51f9-473c-80a3-23da74561150, group-9589741A35F8, 0, (t:0, i:0))
2023-12-28 09:08:31,535 [grpc-default-executor-2] INFO  impl.VoteContext (VoteContext.java:log(49)) - c45be0a3-c489-4780-aa5f-c0744aea279b@group-9589741A35F8-FOLLOWER: accept PRE_VOTE from f1f58aef-51f9-473c-80a3-23da74561150: our priority 0 <= candidate's priority 1
2023-12-28 09:08:31,535 [grpc-default-executor-2] INFO  server.RaftServer$Division (RaftServerImpl.java:requestVote(1410)) - c45be0a3-c489-4780-aa5f-c0744aea279b@group-9589741A35F8 replies to PRE_VOTE vote request: f1f58aef-51f9-473c-80a3-23da74561150<-c45be0a3-c489-4780-aa5f-c0744aea279b#0:OK-t0. Peer's state: c45be0a3-c489-4780-aa5f-c0744aea279b@group-9589741A35F8:t0, leader=null, voted=, raftlog=Memoized:c45be0a3-c489-4780-aa5f-c0744aea279b@group-9589741A35F8-SegmentedRaftLog:OPENED:c-1, conf=-1: peers:[c45be0a3-c489-4780-aa5f-c0744aea279b|10.1.0.14:15139, f1f58aef-51f9-473c-80a3-23da74561150|10.1.0.14:15130, a88a6c70-ad04-4ba2-9985-df8f03985c47|10.1.0.14:15148]|listeners:[], old=null
2023-12-28 09:08:31,537 [f1f58aef-51f9-473c-80a3-23da74561150@group-9589741A35F8-LeaderElection26] INFO  impl.LeaderElection (LeaderElection.java:logAndReturn(89)) - f1f58aef-51f9-473c-80a3-23da74561150@group-9589741A35F8-LeaderElection26: PRE_VOTE PASSED received 1 response(s) and 0 exception(s):
2023-12-28 09:08:31,537 [f1f58aef-51f9-473c-80a3-23da74561150@group-9589741A35F8-LeaderElection26] INFO  impl.LeaderElection (LeaderElection.java:logAndReturn(93)) -   Response 0: f1f58aef-51f9-473c-80a3-23da74561150<-c45be0a3-c489-4780-aa5f-c0744aea279b#0:OK-t0
2023-12-28 09:08:31,537 [f1f58aef-51f9-473c-80a3-23da74561150@group-9589741A35F8-LeaderElection26] INFO  impl.LeaderElection (LeaderElection.java:askForVotes(325)) - f1f58aef-51f9-473c-80a3-23da74561150@group-9589741A35F8-LeaderElection26 PRE_VOTE round 0: result PASSED
2023-12-28 09:08:31,539 [f1f58aef-51f9-473c-80a3-23da74561150@group-9589741A35F8-LeaderElection26] INFO  impl.LeaderElection (LeaderElection.java:askForVotes(323)) - f1f58aef-51f9-473c-80a3-23da74561150@group-9589741A35F8-LeaderElection26 ELECTION round 0: submit vote requests at term 1 for -1: peers:[c45be0a3-c489-4780-aa5f-c0744aea279b|10.1.0.14:15139, f1f58aef-51f9-473c-80a3-23da74561150|10.1.0.14:15130, a88a6c70-ad04-4ba2-9985-df8f03985c47|10.1.0.14:15148]|listeners:[], old=null
2023-12-28 09:08:31,539 [grpc-default-executor-2] INFO  server.RaftServer$Division (RaftServerImpl.java:requestVote(1377)) - a88a6c70-ad04-4ba2-9985-df8f03985c47@group-9589741A35F8: receive requestVote(PRE_VOTE, f1f58aef-51f9-473c-80a3-23da74561150, group-9589741A35F8, 0, (t:0, i:0))
2023-12-28 09:08:31,539 [grpc-default-executor-2] INFO  impl.VoteContext (VoteContext.java:log(49)) - a88a6c70-ad04-4ba2-9985-df8f03985c47@group-9589741A35F8-FOLLOWER: accept PRE_VOTE from f1f58aef-51f9-473c-80a3-23da74561150: our priority 0 <= candidate's priority 1
2023-12-28 09:08:31,539 [grpc-default-executor-2] INFO  server.RaftServer$Division (RaftServerImpl.java:requestVote(1410)) - a88a6c70-ad04-4ba2-9985-df8f03985c47@group-9589741A35F8 replies to PRE_VOTE vote request: f1f58aef-51f9-473c-80a3-23da74561150<-a88a6c70-ad04-4ba2-9985-df8f03985c47#0:OK-t0. Peer's state: a88a6c70-ad04-4ba2-9985-df8f03985c47@group-9589741A35F8:t0, leader=null, voted=, raftlog=Memoized:a88a6c70-ad04-4ba2-9985-df8f03985c47@group-9589741A35F8-SegmentedRaftLog:OPENED:c-1, conf=-1: peers:[c45be0a3-c489-4780-aa5f-c0744aea279b|10.1.0.14:15139, f1f58aef-51f9-473c-80a3-23da74561150|10.1.0.14:15130, a88a6c70-ad04-4ba2-9985-df8f03985c47|10.1.0.14:15148]|listeners:[], old=null
2023-12-28 09:08:31,540 [grpc-default-executor-2] INFO  server.RaftServer$Division (RaftServerImpl.java:requestVote(1377)) - c45be0a3-c489-4780-aa5f-c0744aea279b@group-9589741A35F8: receive requestVote(ELECTION, f1f58aef-51f9-473c-80a3-23da74561150, group-9589741A35F8, 1, (t:0, i:0))
2023-12-28 09:08:31,540 [grpc-default-executor-2] INFO  impl.VoteContext (VoteContext.java:log(49)) - c45be0a3-c489-4780-aa5f-c0744aea279b@group-9589741A35F8-FOLLOWER: accept ELECTION from f1f58aef-51f9-473c-80a3-23da74561150: our priority 0 <= candidate's priority 1
2023-12-28 09:08:31,540 [grpc-default-executor-2] INFO  server.RaftServer$Division (RaftServerImpl.java:setRole(379)) - c45be0a3-c489-4780-aa5f-c0744aea279b@group-9589741A35F8: changes role from  FOLLOWER to FOLLOWER at term 1 for candidate:f1f58aef-51f9-473c-80a3-23da74561150
2023-12-28 09:08:31,540 [grpc-default-executor-2] INFO  impl.RoleInfo (RoleInfo.java:shutdownFollowerState(110)) - c45be0a3-c489-4780-aa5f-c0744aea279b: shutdown c45be0a3-c489-4780-aa5f-c0744aea279b@group-9589741A35F8-FollowerState
2023-12-28 09:08:31,541 [c45be0a3-c489-4780-aa5f-c0744aea279b@group-7C7217FC0551-FollowerState] INFO  impl.FollowerState (FollowerState.java:run(143)) - c45be0a3-c489-4780-aa5f-c0744aea279b@group-7C7217FC0551-FollowerState: change to CANDIDATE, lastRpcElapsedTime:5068076215ns, electionTimeout:5067ms
2023-12-28 09:08:31,541 [c45be0a3-c489-4780-aa5f-c0744aea279b@group-7C7217FC0551-FollowerState] INFO  impl.RoleInfo (RoleInfo.java:shutdownFollowerState(110)) - c45be0a3-c489-4780-aa5f-c0744aea279b: shutdown c45be0a3-c489-4780-aa5f-c0744aea279b@group-7C7217FC0551-FollowerState
2023-12-28 09:08:31,541 [c45be0a3-c489-4780-aa5f-c0744aea279b@group-7C7217FC0551-FollowerState] INFO  server.RaftServer$Division (RaftServerImpl.java:setRole(379)) - c45be0a3-c489-4780-aa5f-c0744aea279b@group-7C7217FC0551: changes role from  FOLLOWER to CANDIDATE at term 0 for changeToCandidate
2023-12-28 09:08:31,541 [f1f58aef-51f9-473c-80a3-23da74561150@group-9589741A35F8-LeaderElection26] INFO  server.RaftServerConfigKeys (ConfUtils.java:logFallback(53)) - raft.server.rpc.first-election.timeout.min = 5s (fallback to raft.server.rpc.timeout.min)
2023-12-28 09:08:31,541 [c45be0a3-c489-4780-aa5f-c0744aea279b@group-7C7217FC0551-FollowerState] INFO  server.RaftServerConfigKeys (ConfUtils.java:logGet(46)) - raft.server.leaderelection.pre-vote = true (default)
2023-12-28 09:08:31,541 [c45be0a3-c489-4780-aa5f-c0744aea279b@group-7C7217FC0551-FollowerState] INFO  impl.RoleInfo (RoleInfo.java:updateAndGet(139)) - c45be0a3-c489-4780-aa5f-c0744aea279b: start c45be0a3-c489-4780-aa5f-c0744aea279b@group-7C7217FC0551-LeaderElection27
2023-12-28 09:08:31,541 [f1f58aef-51f9-473c-80a3-23da74561150@group-9589741A35F8-LeaderElection26] INFO  server.RaftServerConfigKeys (ConfUtils.java:logFallback(53)) - raft.server.rpc.first-election.timeout.max = 5200ms (fallback to raft.server.rpc.timeout.max)
2023-12-28 09:08:31,542 [grpc-default-executor-2] INFO  impl.RoleInfo (RoleInfo.java:updateAndGet(139)) - c45be0a3-c489-4780-aa5f-c0744aea279b: start c45be0a3-c489-4780-aa5f-c0744aea279b@group-9589741A35F8-FollowerState
2023-12-28 09:08:31,543 [grpc-default-executor-2] INFO  server.RaftServer$Division (RaftServerImpl.java:setFirstElection(564)) - c45be0a3-c489-4780-aa5f-c0744aea279b@group-9589741A35F8: set firstElectionSinceStartup to false for candidate:f1f58aef-51f9-473c-80a3-23da74561150
2023-12-28 09:08:31,543 [grpc-default-executor-3] INFO  server.RaftServer$Division (RaftServerImpl.java:requestVote(1377)) - a88a6c70-ad04-4ba2-9985-df8f03985c47@group-9589741A35F8: receive requestVote(ELECTION, f1f58aef-51f9-473c-80a3-23da74561150, group-9589741A35F8, 1, (t:0, i:0))
2023-12-28 09:08:31,543 [c45be0a3-c489-4780-aa5f-c0744aea279b@group-9589741A35F8-FollowerState] INFO  impl.FollowerState (FollowerState.java:run(152)) - c45be0a3-c489-4780-aa5f-c0744aea279b@group-9589741A35F8-FollowerState was interrupted
2023-12-28 09:08:31,544 [c45be0a3-c489-4780-aa5f-c0744aea279b@group-7C7217FC0551-LeaderElection27] INFO  impl.LeaderElection (LeaderElection.java:askForVotes(323)) - c45be0a3-c489-4780-aa5f-c0744aea279b@group-7C7217FC0551-LeaderElection27 PRE_VOTE round 0: submit vote requests at term 0 for -1: peers:[c45be0a3-c489-4780-aa5f-c0744aea279b|10.1.0.14:15139]|listeners:[], old=null
2023-12-28 09:08:31,544 [c45be0a3-c489-4780-aa5f-c0744aea279b@group-7C7217FC0551-LeaderElection27] INFO  impl.LeaderElection (LeaderElection.java:askForVotes(325)) - c45be0a3-c489-4780-aa5f-c0744aea279b@group-7C7217FC0551-LeaderElection27 PRE_VOTE round 0: result PASSED (term=0)
2023-12-28 09:08:31,544 [grpc-default-executor-3] INFO  impl.VoteContext (VoteContext.java:log(49)) - a88a6c70-ad04-4ba2-9985-df8f03985c47@group-9589741A35F8-FOLLOWER: accept ELECTION from f1f58aef-51f9-473c-80a3-23da74561150: our priority 0 <= candidate's priority 1
2023-12-28 09:08:31,544 [grpc-default-executor-3] INFO  server.RaftServer$Division (RaftServerImpl.java:setRole(379)) - a88a6c70-ad04-4ba2-9985-df8f03985c47@group-9589741A35F8: changes role from  FOLLOWER to FOLLOWER at term 1 for candidate:f1f58aef-51f9-473c-80a3-23da74561150
2023-12-28 09:08:31,544 [grpc-default-executor-3] INFO  impl.RoleInfo (RoleInfo.java:shutdownFollowerState(110)) - a88a6c70-ad04-4ba2-9985-df8f03985c47: shutdown a88a6c70-ad04-4ba2-9985-df8f03985c47@group-9589741A35F8-FollowerState
2023-12-28 09:08:31,544 [grpc-default-executor-3] INFO  impl.RoleInfo (RoleInfo.java:updateAndGet(139)) - a88a6c70-ad04-4ba2-9985-df8f03985c47: start a88a6c70-ad04-4ba2-9985-df8f03985c47@group-9589741A35F8-FollowerState
2023-12-28 09:08:31,544 [a88a6c70-ad04-4ba2-9985-df8f03985c47@group-9589741A35F8-FollowerState] INFO  impl.FollowerState (FollowerState.java:run(152)) - a88a6c70-ad04-4ba2-9985-df8f03985c47@group-9589741A35F8-FollowerState was interrupted
2023-12-28 09:08:31,545 [grpc-default-executor-3] INFO  server.RaftServer$Division (RaftServerImpl.java:setFirstElection(564)) - a88a6c70-ad04-4ba2-9985-df8f03985c47@group-9589741A35F8: set firstElectionSinceStartup to false for candidate:f1f58aef-51f9-473c-80a3-23da74561150
2023-12-28 09:08:31,545 [c45be0a3-c489-4780-aa5f-c0744aea279b@group-7C7217FC0551-LeaderElection27] INFO  impl.LeaderElection (LeaderElection.java:askForVotes(323)) - c45be0a3-c489-4780-aa5f-c0744aea279b@group-7C7217FC0551-LeaderElection27 ELECTION round 0: submit vote requests at term 1 for -1: peers:[c45be0a3-c489-4780-aa5f-c0744aea279b|10.1.0.14:15139]|listeners:[], old=null
2023-12-28 09:08:31,545 [c45be0a3-c489-4780-aa5f-c0744aea279b@group-7C7217FC0551-LeaderElection27] INFO  impl.LeaderElection (LeaderElection.java:askForVotes(325)) - c45be0a3-c489-4780-aa5f-c0744aea279b@group-7C7217FC0551-LeaderElection27 ELECTION round 0: result PASSED (term=1)
2023-12-28 09:08:31,545 [c45be0a3-c489-4780-aa5f-c0744aea279b@group-7C7217FC0551-LeaderElection27] INFO  impl.RoleInfo (RoleInfo.java:shutdownLeaderElection(130)) - c45be0a3-c489-4780-aa5f-c0744aea279b: shutdown c45be0a3-c489-4780-aa5f-c0744aea279b@group-7C7217FC0551-LeaderElection27
2023-12-28 09:08:31,545 [c45be0a3-c489-4780-aa5f-c0744aea279b@group-7C7217FC0551-LeaderElection27] INFO  server.RaftServer$Division (RaftServerImpl.java:setRole(379)) - c45be0a3-c489-4780-aa5f-c0744aea279b@group-7C7217FC0551: changes role from CANDIDATE to LEADER at term 1 for changeToLeader
2023-12-28 09:08:31,545 [c45be0a3-c489-4780-aa5f-c0744aea279b@group-7C7217FC0551-LeaderElection27] INFO  server.RaftServerConfigKeys (ConfUtils.java:logGet(46)) - raft.server.staging.catchup.gap = 1000 (default)
2023-12-28 09:08:31,545 [c45be0a3-c489-4780-aa5f-c0744aea279b@group-7C7217FC0551-LeaderElection27] INFO  server.RaftServerConfigKeys (ConfUtils.java:logGet(46)) - raft.server.write.element-limit = 1024 (custom)
2023-12-28 09:08:31,547 [c45be0a3-c489-4780-aa5f-c0744aea279b@group-7C7217FC0551-LeaderElection27] INFO  server.RaftServerConfigKeys (ConfUtils.java:logGet(46)) - raft.server.write.byte-limit = 1024 M (=1073741824) (custom)
2023-12-28 09:08:31,547 [grpc-default-executor-2] INFO  server.RaftServer$Division (RaftServerImpl.java:requestVote(1410)) - c45be0a3-c489-4780-aa5f-c0744aea279b@group-9589741A35F8 replies to ELECTION vote request: f1f58aef-51f9-473c-80a3-23da74561150<-c45be0a3-c489-4780-aa5f-c0744aea279b#0:OK-t1. Peer's state: c45be0a3-c489-4780-aa5f-c0744aea279b@group-9589741A35F8:t1, leader=null, voted=f1f58aef-51f9-473c-80a3-23da74561150, raftlog=Memoized:c45be0a3-c489-4780-aa5f-c0744aea279b@group-9589741A35F8-SegmentedRaftLog:OPENED:c-1, conf=-1: peers:[c45be0a3-c489-4780-aa5f-c0744aea279b|10.1.0.14:15139, f1f58aef-51f9-473c-80a3-23da74561150|10.1.0.14:15130, a88a6c70-ad04-4ba2-9985-df8f03985c47|10.1.0.14:15148]|listeners:[], old=null
2023-12-28 09:08:31,547 [c45be0a3-c489-4780-aa5f-c0744aea279b@group-7C7217FC0551-LeaderElection27] INFO  server.RaftServerConfigKeys (ConfUtils.java:logGet(46)) - raft.server.watch.timeout = 3000ms (custom)
2023-12-28 09:08:31,547 [c45be0a3-c489-4780-aa5f-c0744aea279b@group-7C7217FC0551-LeaderElection27] INFO  server.RaftServerConfigKeys (ConfUtils.java:logGet(46)) - raft.server.watch.timeout.denomination = 1s (default)
2023-12-28 09:08:31,547 [c45be0a3-c489-4780-aa5f-c0744aea279b@group-7C7217FC0551-LeaderElection27] INFO  server.RaftServerConfigKeys (ConfUtils.java:logGet(46)) - raft.server.watch.element-limit = 65536 (default)
2023-12-28 09:08:31,547 [c45be0a3-c489-4780-aa5f-c0744aea279b@group-7C7217FC0551-LeaderElection27] INFO  server.RaftServerConfigKeys (ConfUtils.java:logGet(46)) - raft.server.read.leader.lease.enabled = false (default)
2023-12-28 09:08:31,547 [c45be0a3-c489-4780-aa5f-c0744aea279b@group-7C7217FC0551-LeaderElection27] INFO  server.RaftServerConfigKeys (ConfUtils.java:logGet(46)) - raft.server.read.leader.lease.timeout.ratio = 0.9 (default)
2023-12-28 09:08:31,547 [c45be0a3-c489-4780-aa5f-c0744aea279b@group-7C7217FC0551-LeaderElection27] INFO  server.RaftServerConfigKeys (ConfUtils.java:logGet(46)) - raft.server.rpc.timeout.min = 5s (custom)
2023-12-28 09:08:31,547 [c45be0a3-c489-4780-aa5f-c0744aea279b@group-7C7217FC0551-LeaderElection27] INFO  server.RaftServerConfigKeys (ConfUtils.java:logGet(46)) - raft.server.write.element-limit = 1024 (custom)
2023-12-28 09:08:31,547 [c45be0a3-c489-4780-aa5f-c0744aea279b@group-7C7217FC0551-LeaderElection27] INFO  server.RaftServerConfigKeys (ConfUtils.java:logGet(46)) - raft.server.write.follower.gap.ratio.max = -1.0 (default)
2023-12-28 09:08:31,548 [c45be0a3-c489-4780-aa5f-c0744aea279b@group-7C7217FC0551-LeaderElection27] INFO  impl.RoleInfo (RoleInfo.java:updateAndGet(139)) - c45be0a3-c489-4780-aa5f-c0744aea279b: start c45be0a3-c489-4780-aa5f-c0744aea279b@group-7C7217FC0551-LeaderStateImpl
2023-12-28 09:08:31,548 [c45be0a3-c489-4780-aa5f-c0744aea279b@group-7C7217FC0551-LeaderElection27] INFO  server.RaftServer$Division (RaftServerImpl.java:setFirstElection(564)) - c45be0a3-c489-4780-aa5f-c0744aea279b@group-7C7217FC0551: set firstElectionSinceStartup to false for becomeLeader
2023-12-28 09:08:31,548 [c45be0a3-c489-4780-aa5f-c0744aea279b@group-7C7217FC0551-LeaderElection27] INFO  ratis.XceiverServerRatis (XceiverServerRatis.java:handleLeaderChangedNotification(935)) - Leader change notification received for group: group-7C7217FC0551 with new leaderId: c45be0a3-c489-4780-aa5f-c0744aea279b
2023-12-28 09:08:31,548 [c45be0a3-c489-4780-aa5f-c0744aea279b@group-7C7217FC0551-LeaderElection27] INFO  server.RaftServer$Division (ServerState.java:setLeader(265)) - c45be0a3-c489-4780-aa5f-c0744aea279b@group-7C7217FC0551: change Leader from null to c45be0a3-c489-4780-aa5f-c0744aea279b at term 1 for becomeLeader, leader elected after 5090ms
2023-12-28 09:08:31,548 [c45be0a3-c489-4780-aa5f-c0744aea279b@group-7C7217FC0551-LeaderElection27] INFO  segmented.SegmentedRaftLogWorker (SegmentedRaftLogWorker.java:startLogSegment(428)) - c45be0a3-c489-4780-aa5f-c0744aea279b@group-7C7217FC0551-SegmentedRaftLogWorker: Starting segment from index:0
2023-12-28 09:08:31,547 [grpc-default-executor-3] INFO  server.RaftServer$Division (RaftServerImpl.java:requestVote(1410)) - a88a6c70-ad04-4ba2-9985-df8f03985c47@group-9589741A35F8 replies to ELECTION vote request: f1f58aef-51f9-473c-80a3-23da74561150<-a88a6c70-ad04-4ba2-9985-df8f03985c47#0:OK-t1. Peer's state: a88a6c70-ad04-4ba2-9985-df8f03985c47@group-9589741A35F8:t1, leader=null, voted=f1f58aef-51f9-473c-80a3-23da74561150, raftlog=Memoized:a88a6c70-ad04-4ba2-9985-df8f03985c47@group-9589741A35F8-SegmentedRaftLog:OPENED:c-1, conf=-1: peers:[c45be0a3-c489-4780-aa5f-c0744aea279b|10.1.0.14:15139, f1f58aef-51f9-473c-80a3-23da74561150|10.1.0.14:15130, a88a6c70-ad04-4ba2-9985-df8f03985c47|10.1.0.14:15148]|listeners:[], old=null
2023-12-28 09:08:31,552 [c45be0a3-c489-4780-aa5f-c0744aea279b@group-7C7217FC0551-LeaderElection27] INFO  server.RaftServer$Division (ServerState.java:setRaftConf(382)) - c45be0a3-c489-4780-aa5f-c0744aea279b@group-7C7217FC0551: set configuration 0: peers:[c45be0a3-c489-4780-aa5f-c0744aea279b|10.1.0.14:15139]|listeners:[], old=null
2023-12-28 09:08:31,554 [f1f58aef-51f9-473c-80a3-23da74561150@group-9589741A35F8-LeaderElection26] INFO  impl.LeaderElection (LeaderElection.java:logAndReturn(89)) - f1f58aef-51f9-473c-80a3-23da74561150@group-9589741A35F8-LeaderElection26: ELECTION PASSED received 1 response(s) and 0 exception(s):
2023-12-28 09:08:31,554 [f1f58aef-51f9-473c-80a3-23da74561150@group-9589741A35F8-LeaderElection26] INFO  impl.LeaderElection (LeaderElection.java:logAndReturn(93)) -   Response 0: f1f58aef-51f9-473c-80a3-23da74561150<-c45be0a3-c489-4780-aa5f-c0744aea279b#0:OK-t1
2023-12-28 09:08:31,555 [f1f58aef-51f9-473c-80a3-23da74561150@group-9589741A35F8-LeaderElection26] INFO  impl.LeaderElection (LeaderElection.java:askForVotes(325)) - f1f58aef-51f9-473c-80a3-23da74561150@group-9589741A35F8-LeaderElection26 ELECTION round 0: result PASSED
2023-12-28 09:08:31,555 [f1f58aef-51f9-473c-80a3-23da74561150@group-9589741A35F8-LeaderElection26] INFO  impl.RoleInfo (RoleInfo.java:shutdownLeaderElection(130)) - f1f58aef-51f9-473c-80a3-23da74561150: shutdown f1f58aef-51f9-473c-80a3-23da74561150@group-9589741A35F8-LeaderElection26
2023-12-28 09:08:31,555 [f1f58aef-51f9-473c-80a3-23da74561150@group-9589741A35F8-LeaderElection26] INFO  server.RaftServer$Division (RaftServerImpl.java:setRole(379)) - f1f58aef-51f9-473c-80a3-23da74561150@group-9589741A35F8: changes role from CANDIDATE to LEADER at term 1 for changeToLeader
2023-12-28 09:08:31,555 [f1f58aef-51f9-473c-80a3-23da74561150@group-9589741A35F8-LeaderElection26] INFO  server.RaftServerConfigKeys (ConfUtils.java:logGet(46)) - raft.server.staging.catchup.gap = 1000 (default)
2023-12-28 09:08:31,555 [f1f58aef-51f9-473c-80a3-23da74561150@group-9589741A35F8-LeaderElection26] INFO  server.RaftServerConfigKeys (ConfUtils.java:logGet(46)) - raft.server.write.element-limit = 1024 (custom)
2023-12-28 09:08:31,555 [f1f58aef-51f9-473c-80a3-23da74561150@group-9589741A35F8-LeaderElection26] INFO  server.RaftServerConfigKeys (ConfUtils.java:logGet(46)) - raft.server.write.byte-limit = 1024 M (=1073741824) (custom)
2023-12-28 09:08:31,556 [f1f58aef-51f9-473c-80a3-23da74561150@group-9589741A35F8-LeaderElection26] INFO  server.RaftServerConfigKeys (ConfUtils.java:logGet(46)) - raft.server.watch.timeout = 3000ms (custom)
2023-12-28 09:08:31,556 [f1f58aef-51f9-473c-80a3-23da74561150@group-9589741A35F8-LeaderElection26] INFO  server.RaftServerConfigKeys (ConfUtils.java:logGet(46)) - raft.server.watch.timeout.denomination = 1s (default)
2023-12-28 09:08:31,556 [c45be0a3-c489-4780-aa5f-c0744aea279b@group-7C7217FC0551-SegmentedRaftLogWorker] INFO  segmented.SegmentedRaftLogWorker (SegmentedRaftLogWorker.java:execute(632)) - c45be0a3-c489-4780-aa5f-c0744aea279b@group-7C7217FC0551-SegmentedRaftLogWorker: created new log segment /home/runner/work/ozone/ozone/hadoop-ozone/integration-test/target/test-dir/MiniOzoneClusterImpl-8986566a-fb65-479a-a2d4-a5d5d2c03f68/datanode-4/data/ratis/e0393743-6213-4382-9a4c-7c7217fc0551/current/log_inprogress_0
2023-12-28 09:08:31,556 [f1f58aef-51f9-473c-80a3-23da74561150@group-9589741A35F8-LeaderElection26] INFO  server.RaftServerConfigKeys (ConfUtils.java:logGet(46)) - raft.server.watch.element-limit = 65536 (default)
2023-12-28 09:08:31,556 [f1f58aef-51f9-473c-80a3-23da74561150@group-9589741A35F8-LeaderElection26] INFO  server.RaftServerConfigKeys (ConfUtils.java:logGet(46)) - raft.server.read.leader.lease.enabled = false (default)
2023-12-28 09:08:31,556 [f1f58aef-51f9-473c-80a3-23da74561150@group-9589741A35F8-LeaderElection26] INFO  server.RaftServerConfigKeys (ConfUtils.java:logGet(46)) - raft.server.read.leader.lease.timeout.ratio = 0.9 (default)
2023-12-28 09:08:31,556 [f1f58aef-51f9-473c-80a3-23da74561150@group-9589741A35F8-LeaderElection26] INFO  server.RaftServerConfigKeys (ConfUtils.java:logGet(46)) - raft.server.rpc.timeout.min = 5s (custom)
2023-12-28 09:08:31,557 [f1f58aef-51f9-473c-80a3-23da74561150@group-9589741A35F8-LeaderElection26] INFO  server.RaftServerConfigKeys (ConfUtils.java:logGet(46)) - raft.server.write.element-limit = 1024 (custom)
2023-12-28 09:08:31,557 [f1f58aef-51f9-473c-80a3-23da74561150@group-9589741A35F8-LeaderElection26] INFO  server.RaftServerConfigKeys (ConfUtils.java:logGet(46)) - raft.server.write.follower.gap.ratio.max = -1.0 (default)
2023-12-28 09:08:31,557 [f1f58aef-51f9-473c-80a3-23da74561150@group-9589741A35F8-LeaderElection26] INFO  server.RaftServerConfigKeys (ConfUtils.java:logGet(46)) - raft.server.log.appender.snapshot.chunk.size.max = 16MB (=16777216) (default)
2023-12-28 09:08:31,557 [f1f58aef-51f9-473c-80a3-23da74561150@group-9589741A35F8-LeaderElection26] INFO  server.RaftServerConfigKeys (ConfUtils.java:logGet(46)) - raft.server.log.appender.buffer.byte-limit = 8388608 (custom)
2023-12-28 09:08:31,557 [f1f58aef-51f9-473c-80a3-23da74561150@group-9589741A35F8-LeaderElection26] INFO  server.RaftServerConfigKeys (ConfUtils.java:logGet(46)) - raft.server.log.appender.buffer.element-limit = 1 (custom)
2023-12-28 09:08:31,558 [f1f58aef-51f9-473c-80a3-23da74561150@group-9589741A35F8-LeaderElection26] INFO  server.RaftServerConfigKeys (ConfUtils.java:logGet(46)) - raft.server.log.appender.wait-time.min = 0ms (custom)
2023-12-28 09:08:31,558 [f1f58aef-51f9-473c-80a3-23da74561150@group-9589741A35F8-LeaderElection26] INFO  grpc.GrpcConfigKeys (ConfUtils.java:logGet(46)) - raft.grpc.server.leader.outstanding.appends.max = 8 (default)
2023-12-28 09:08:31,558 [f1f58aef-51f9-473c-80a3-23da74561150@group-9589741A35F8-LeaderElection26] INFO  server.RaftServerConfigKeys (ConfUtils.java:logGet(46)) - raft.server.rpc.request.timeout = 3000ms (default)
2023-12-28 09:08:31,558 [f1f58aef-51f9-473c-80a3-23da74561150@group-9589741A35F8-LeaderElection26] INFO  grpc.GrpcConfigKeys (ConfUtils.java:logGet(46)) - raft.grpc.server.install_snapshot.request.element-limit = 8 (default)
2023-12-28 09:08:31,558 [f1f58aef-51f9-473c-80a3-23da74561150@group-9589741A35F8-LeaderElection26] INFO  grpc.GrpcConfigKeys (ConfUtils.java:logGet(46)) - raft.grpc.server.install_snapshot.request.timeout = 3000ms (default)
2023-12-28 09:08:31,558 [f1f58aef-51f9-473c-80a3-23da74561150@group-9589741A35F8-LeaderElection26] INFO  server.RaftServerConfigKeys (ConfUtils.java:logGet(46)) - raft.server.log.appender.install.snapshot.enabled = false (custom)
2023-12-28 09:08:31,558 [f1f58aef-51f9-473c-80a3-23da74561150@group-9589741A35F8-LeaderElection26] INFO  grpc.GrpcConfigKeys (ConfUtils.java:logGet(46)) - raft.grpc.server.heartbeat.channel = true (default)
2023-12-28 09:08:31,559 [c45be0a3-c489-4780-aa5f-c0744aea279b@group-7C7217FC0551-StateMachineUpdater] INFO  server.RaftServer$Division (LeaderStateImpl.java:isApplied(316)) - leader is ready since appliedIndex == 0 >= startIndex == 0
2023-12-28 09:08:31,560 [f1f58aef-51f9-473c-80a3-23da74561150@group-9589741A35F8-LeaderElection26] INFO  server.RaftServerConfigKeys (ConfUtils.java:logGet(46)) - raft.server.log.appender.snapshot.chunk.size.max = 16MB (=16777216) (default)
2023-12-28 09:08:31,560 [f1f58aef-51f9-473c-80a3-23da74561150@group-9589741A35F8-LeaderElection26] INFO  server.RaftServerConfigKeys (ConfUtils.java:logGet(46)) - raft.server.log.appender.buffer.byte-limit = 8388608 (custom)
2023-12-28 09:08:31,560 [f1f58aef-51f9-473c-80a3-23da74561150@group-9589741A35F8-LeaderElection26] INFO  server.RaftServerConfigKeys (ConfUtils.java:logGet(46)) - raft.server.log.appender.buffer.element-limit = 1 (custom)
2023-12-28 09:08:31,560 [f1f58aef-51f9-473c-80a3-23da74561150@group-9589741A35F8-LeaderElection26] INFO  server.RaftServerConfigKeys (ConfUtils.java:logGet(46)) - raft.server.log.appender.wait-time.min = 0ms (custom)
2023-12-28 09:08:31,560 [f1f58aef-51f9-473c-80a3-23da74561150@group-9589741A35F8-LeaderElection26] INFO  grpc.GrpcConfigKeys (ConfUtils.java:logGet(46)) - raft.grpc.server.leader.outstanding.appends.max = 8 (default)
2023-12-28 09:08:31,560 [f1f58aef-51f9-473c-80a3-23da74561150@group-9589741A35F8-LeaderElection26] INFO  server.RaftServerConfigKeys (ConfUtils.java:logGet(46)) - raft.server.rpc.request.timeout = 3000ms (default)
2023-12-28 09:08:31,560 [f1f58aef-51f9-473c-80a3-23da74561150@group-9589741A35F8-LeaderElection26] INFO  grpc.GrpcConfigKeys (ConfUtils.java:logGet(46)) - raft.grpc.server.install_snapshot.request.element-limit = 8 (default)
2023-12-28 09:08:31,560 [f1f58aef-51f9-473c-80a3-23da74561150@group-9589741A35F8-LeaderElection26] INFO  grpc.GrpcConfigKeys (ConfUtils.java:logGet(46)) - raft.grpc.server.install_snapshot.request.timeout = 3000ms (default)
2023-12-28 09:08:31,560 [f1f58aef-51f9-473c-80a3-23da74561150@group-9589741A35F8-LeaderElection26] INFO  server.RaftServerConfigKeys (ConfUtils.java:logGet(46)) - raft.server.log.appender.install.snapshot.enabled = false (custom)
2023-12-28 09:08:31,561 [f1f58aef-51f9-473c-80a3-23da74561150@group-9589741A35F8-LeaderElection26] INFO  grpc.GrpcConfigKeys (ConfUtils.java:logGet(46)) - raft.grpc.server.heartbeat.channel = true (default)
2023-12-28 09:08:31,561 [f1f58aef-51f9-473c-80a3-23da74561150@group-9589741A35F8-LeaderElection26] INFO  impl.RoleInfo (RoleInfo.java:updateAndGet(139)) - f1f58aef-51f9-473c-80a3-23da74561150: start f1f58aef-51f9-473c-80a3-23da74561150@group-9589741A35F8-LeaderStateImpl
2023-12-28 09:08:31,561 [f1f58aef-51f9-473c-80a3-23da74561150@group-9589741A35F8-LeaderElection26] INFO  server.RaftServer$Division (RaftServerImpl.java:setFirstElection(564)) - f1f58aef-51f9-473c-80a3-23da74561150@group-9589741A35F8: set firstElectionSinceStartup to false for becomeLeader
2023-12-28 09:08:31,561 [f1f58aef-51f9-473c-80a3-23da74561150@group-9589741A35F8-LeaderElection26] INFO  ratis.XceiverServerRatis (XceiverServerRatis.java:handleLeaderChangedNotification(935)) - Leader change notification received for group: group-9589741A35F8 with new leaderId: f1f58aef-51f9-473c-80a3-23da74561150
2023-12-28 09:08:31,561 [f1f58aef-51f9-473c-80a3-23da74561150@group-9589741A35F8-LeaderElection26] INFO  server.RaftServer$Division (ServerState.java:setLeader(265)) - f1f58aef-51f9-473c-80a3-23da74561150@group-9589741A35F8: change Leader from null to f1f58aef-51f9-473c-80a3-23da74561150 at term 1 for becomeLeader, leader elected after 5166ms
2023-12-28 09:08:31,561 [f1f58aef-51f9-473c-80a3-23da74561150@group-9589741A35F8-LeaderElection26] INFO  segmented.SegmentedRaftLogWorker (SegmentedRaftLogWorker.java:startLogSegment(428)) - f1f58aef-51f9-473c-80a3-23da74561150@group-9589741A35F8-SegmentedRaftLogWorker: Starting segment from index:0
2023-12-28 09:08:31,562 [EventQueue-PipelineReportForPipelineReportHandler] INFO  pipeline.PipelineReportHandler (PipelineReportHandler.java:processPipelineReport(136)) - Opened pipeline PipelineID=7fde9c9e-684b-4c0c-a32c-9589741a35f8
2023-12-28 09:08:31,567 [f1f58aef-51f9-473c-80a3-23da74561150@group-9589741A35F8-LeaderElection26] INFO  server.RaftServer$Division (ServerState.java:setRaftConf(382)) - f1f58aef-51f9-473c-80a3-23da74561150@group-9589741A35F8: set configuration 0: peers:[c45be0a3-c489-4780-aa5f-c0744aea279b|10.1.0.14:15139, f1f58aef-51f9-473c-80a3-23da74561150|10.1.0.14:15130, a88a6c70-ad04-4ba2-9985-df8f03985c47|10.1.0.14:15148]|listeners:[], old=null
2023-12-28 09:08:31,571 [f1f58aef-51f9-473c-80a3-23da74561150@group-9589741A35F8-SegmentedRaftLogWorker] INFO  segmented.SegmentedRaftLogWorker (SegmentedRaftLogWorker.java:execute(632)) - f1f58aef-51f9-473c-80a3-23da74561150@group-9589741A35F8-SegmentedRaftLogWorker: created new log segment /home/runner/work/ozone/ozone/hadoop-ozone/integration-test/target/test-dir/MiniOzoneClusterImpl-8986566a-fb65-479a-a2d4-a5d5d2c03f68/datanode-3/data/ratis/7fde9c9e-684b-4c0c-a32c-9589741a35f8/current/log_inprogress_0
2023-12-28 09:08:31,573 [a88a6c70-ad04-4ba2-9985-df8f03985c47-server-thread1] INFO  ratis.XceiverServerRatis (XceiverServerRatis.java:handleLeaderChangedNotification(935)) - Leader change notification received for group: group-9589741A35F8 with new leaderId: f1f58aef-51f9-473c-80a3-23da74561150
2023-12-28 09:08:31,573 [a88a6c70-ad04-4ba2-9985-df8f03985c47-server-thread1] INFO  server.RaftServer$Division (ServerState.java:setLeader(265)) - a88a6c70-ad04-4ba2-9985-df8f03985c47@group-9589741A35F8: change Leader from null to f1f58aef-51f9-473c-80a3-23da74561150 at term 1 for appendEntries, leader elected after 5139ms
2023-12-28 09:08:31,575 [c45be0a3-c489-4780-aa5f-c0744aea279b-server-thread1] INFO  ratis.XceiverServerRatis (XceiverServerRatis.java:handleLeaderChangedNotification(935)) - Leader change notification received for group: group-9589741A35F8 with new leaderId: f1f58aef-51f9-473c-80a3-23da74561150
2023-12-28 09:08:31,575 [c45be0a3-c489-4780-aa5f-c0744aea279b-server-thread1] INFO  server.RaftServer$Division (ServerState.java:setLeader(265)) - c45be0a3-c489-4780-aa5f-c0744aea279b@group-9589741A35F8: change Leader from null to f1f58aef-51f9-473c-80a3-23da74561150 at term 1 for appendEntries, leader elected after 5099ms
2023-12-28 09:08:31,580 [c45be0a3-c489-4780-aa5f-c0744aea279b-server-thread2] INFO  server.RaftServer$Division (ServerState.java:setRaftConf(382)) - c45be0a3-c489-4780-aa5f-c0744aea279b@group-9589741A35F8: set configuration 0: peers:[c45be0a3-c489-4780-aa5f-c0744aea279b|10.1.0.14:15139, f1f58aef-51f9-473c-80a3-23da74561150|10.1.0.14:15130, a88a6c70-ad04-4ba2-9985-df8f03985c47|10.1.0.14:15148]|listeners:[], old=null
2023-12-28 09:08:31,580 [c45be0a3-c489-4780-aa5f-c0744aea279b-server-thread2] INFO  segmented.SegmentedRaftLogWorker (SegmentedRaftLogWorker.java:startLogSegment(428)) - c45be0a3-c489-4780-aa5f-c0744aea279b@group-9589741A35F8-SegmentedRaftLogWorker: Starting segment from index:0
2023-12-28 09:08:31,581 [a88a6c70-ad04-4ba2-9985-df8f03985c47-server-thread2] INFO  server.RaftServer$Division (ServerState.java:setRaftConf(382)) - a88a6c70-ad04-4ba2-9985-df8f03985c47@group-9589741A35F8: set configuration 0: peers:[c45be0a3-c489-4780-aa5f-c0744aea279b|10.1.0.14:15139, f1f58aef-51f9-473c-80a3-23da74561150|10.1.0.14:15130, a88a6c70-ad04-4ba2-9985-df8f03985c47|10.1.0.14:15148]|listeners:[], old=null
2023-12-28 09:08:31,581 [a88a6c70-ad04-4ba2-9985-df8f03985c47-server-thread2] INFO  segmented.SegmentedRaftLogWorker (SegmentedRaftLogWorker.java:startLogSegment(428)) - a88a6c70-ad04-4ba2-9985-df8f03985c47@group-9589741A35F8-SegmentedRaftLogWorker: Starting segment from index:0
2023-12-28 09:08:31,592 [c45be0a3-c489-4780-aa5f-c0744aea279b@group-9589741A35F8-SegmentedRaftLogWorker] INFO  segmented.SegmentedRaftLogWorker (SegmentedRaftLogWorker.java:execute(632)) - c45be0a3-c489-4780-aa5f-c0744aea279b@group-9589741A35F8-SegmentedRaftLogWorker: created new log segment /home/runner/work/ozone/ozone/hadoop-ozone/integration-test/target/test-dir/MiniOzoneClusterImpl-8986566a-fb65-479a-a2d4-a5d5d2c03f68/datanode-4/data/ratis/7fde9c9e-684b-4c0c-a32c-9589741a35f8/current/log_inprogress_0
2023-12-28 09:08:31,593 [a88a6c70-ad04-4ba2-9985-df8f03985c47@group-9589741A35F8-SegmentedRaftLogWorker] INFO  segmented.SegmentedRaftLogWorker (SegmentedRaftLogWorker.java:execute(632)) - a88a6c70-ad04-4ba2-9985-df8f03985c47@group-9589741A35F8-SegmentedRaftLogWorker: created new log segment /home/runner/work/ozone/ozone/hadoop-ozone/integration-test/target/test-dir/MiniOzoneClusterImpl-8986566a-fb65-479a-a2d4-a5d5d2c03f68/datanode-5/data/ratis/7fde9c9e-684b-4c0c-a32c-9589741a35f8/current/log_inprogress_0
2023-12-28 09:08:31,594 [f1f58aef-51f9-473c-80a3-23da74561150@group-9589741A35F8-StateMachineUpdater] INFO  server.RaftServer$Division (LeaderStateImpl.java:isApplied(316)) - leader is ready since appliedIndex == 0 >= startIndex == 0
2023-12-28 09:08:31,652 [a88a6c70-ad04-4ba2-9985-df8f03985c47@group-A7BD0E20D77C-FollowerState] INFO  impl.FollowerState (FollowerState.java:run(143)) - a88a6c70-ad04-4ba2-9985-df8f03985c47@group-A7BD0E20D77C-FollowerState: change to CANDIDATE, lastRpcElapsedTime:5091529990ns, electionTimeout:5091ms
2023-12-28 09:08:31,652 [a88a6c70-ad04-4ba2-9985-df8f03985c47@group-A7BD0E20D77C-FollowerState] INFO  impl.RoleInfo (RoleInfo.java:shutdownFollowerState(110)) - a88a6c70-ad04-4ba2-9985-df8f03985c47: shutdown a88a6c70-ad04-4ba2-9985-df8f03985c47@group-A7BD0E20D77C-FollowerState
2023-12-28 09:08:31,652 [a88a6c70-ad04-4ba2-9985-df8f03985c47@group-A7BD0E20D77C-FollowerState] INFO  server.RaftServer$Division (RaftServerImpl.java:setRole(379)) - a88a6c70-ad04-4ba2-9985-df8f03985c47@group-A7BD0E20D77C: changes role from  FOLLOWER to CANDIDATE at term 0 for changeToCandidate
2023-12-28 09:08:31,652 [a88a6c70-ad04-4ba2-9985-df8f03985c47@group-A7BD0E20D77C-FollowerState] INFO  server.RaftServerConfigKeys (ConfUtils.java:logGet(46)) - raft.server.leaderelection.pre-vote = true (default)
2023-12-28 09:08:31,652 [a88a6c70-ad04-4ba2-9985-df8f03985c47@group-A7BD0E20D77C-FollowerState] INFO  impl.RoleInfo (RoleInfo.java:updateAndGet(139)) - a88a6c70-ad04-4ba2-9985-df8f03985c47: start a88a6c70-ad04-4ba2-9985-df8f03985c47@group-A7BD0E20D77C-LeaderElection28
2023-12-28 09:08:31,654 [a88a6c70-ad04-4ba2-9985-df8f03985c47@group-A7BD0E20D77C-LeaderElection28] INFO  impl.LeaderElection (LeaderElection.java:askForVotes(323)) - a88a6c70-ad04-4ba2-9985-df8f03985c47@group-A7BD0E20D77C-LeaderElection28 PRE_VOTE round 0: submit vote requests at term 0 for -1: peers:[a88a6c70-ad04-4ba2-9985-df8f03985c47|10.1.0.14:15148]|listeners:[], old=null
2023-12-28 09:08:31,654 [a88a6c70-ad04-4ba2-9985-df8f03985c47@group-A7BD0E20D77C-LeaderElection28] INFO  impl.LeaderElection (LeaderElection.java:askForVotes(325)) - a88a6c70-ad04-4ba2-9985-df8f03985c47@group-A7BD0E20D77C-LeaderElection28 PRE_VOTE round 0: result PASSED (term=0)
2023-12-28 09:08:31,655 [a88a6c70-ad04-4ba2-9985-df8f03985c47@group-A7BD0E20D77C-LeaderElection28] INFO  impl.LeaderElection (LeaderElection.java:askForVotes(323)) - a88a6c70-ad04-4ba2-9985-df8f03985c47@group-A7BD0E20D77C-LeaderElection28 ELECTION round 0: submit vote requests at term 1 for -1: peers:[a88a6c70-ad04-4ba2-9985-df8f03985c47|10.1.0.14:15148]|listeners:[], old=null
2023-12-28 09:08:31,655 [a88a6c70-ad04-4ba2-9985-df8f03985c47@group-A7BD0E20D77C-LeaderElection28] INFO  impl.LeaderElection (LeaderElection.java:askForVotes(325)) - a88a6c70-ad04-4ba2-9985-df8f03985c47@group-A7BD0E20D77C-LeaderElection28 ELECTION round 0: result PASSED (term=1)
2023-12-28 09:08:31,655 [a88a6c70-ad04-4ba2-9985-df8f03985c47@group-A7BD0E20D77C-LeaderElection28] INFO  impl.RoleInfo (RoleInfo.java:shutdownLeaderElection(130)) - a88a6c70-ad04-4ba2-9985-df8f03985c47: shutdown a88a6c70-ad04-4ba2-9985-df8f03985c47@group-A7BD0E20D77C-LeaderElection28
2023-12-28 09:08:31,655 [a88a6c70-ad04-4ba2-9985-df8f03985c47@group-A7BD0E20D77C-LeaderElection28] INFO  server.RaftServer$Division (RaftServerImpl.java:setRole(379)) - a88a6c70-ad04-4ba2-9985-df8f03985c47@group-A7BD0E20D77C: changes role from CANDIDATE to LEADER at term 1 for changeToLeader
2023-12-28 09:08:31,655 [a88a6c70-ad04-4ba2-9985-df8f03985c47@group-A7BD0E20D77C-LeaderElection28] INFO  server.RaftServerConfigKeys (ConfUtils.java:logGet(46)) - raft.server.staging.catchup.gap = 1000 (default)
2023-12-28 09:08:31,655 [a88a6c70-ad04-4ba2-9985-df8f03985c47@group-A7BD0E20D77C-LeaderElection28] INFO  server.RaftServerConfigKeys (ConfUtils.java:logGet(46)) - raft.server.write.element-limit = 1024 (custom)
2023-12-28 09:08:31,655 [a88a6c70-ad04-4ba2-9985-df8f03985c47@group-A7BD0E20D77C-LeaderElection28] INFO  server.RaftServerConfigKeys (ConfUtils.java:logGet(46)) - raft.server.write.byte-limit = 1024 M (=1073741824) (custom)
2023-12-28 09:08:31,656 [a88a6c70-ad04-4ba2-9985-df8f03985c47@group-A7BD0E20D77C-LeaderElection28] INFO  server.RaftServerConfigKeys (ConfUtils.java:logGet(46)) - raft.server.watch.timeout = 3000ms (custom)
2023-12-28 09:08:31,656 [a88a6c70-ad04-4ba2-9985-df8f03985c47@group-A7BD0E20D77C-LeaderElection28] INFO  server.RaftServerConfigKeys (ConfUtils.java:logGet(46)) - raft.server.watch.timeout.denomination = 1s (default)
2023-12-28 09:08:31,656 [a88a6c70-ad04-4ba2-9985-df8f03985c47@group-A7BD0E20D77C-LeaderElection28] INFO  server.RaftServerConfigKeys (ConfUtils.java:logGet(46)) - raft.server.watch.element-limit = 65536 (default)
2023-12-28 09:08:31,656 [a88a6c70-ad04-4ba2-9985-df8f03985c47@group-A7BD0E20D77C-LeaderElection28] INFO  server.RaftServerConfigKeys (ConfUtils.java:logGet(46)) - raft.server.read.leader.lease.enabled = false (default)
2023-12-28 09:08:31,656 [a88a6c70-ad04-4ba2-9985-df8f03985c47@group-A7BD0E20D77C-LeaderElection28] INFO  server.RaftServerConfigKeys (ConfUtils.java:logGet(46)) - raft.server.read.leader.lease.timeout.ratio = 0.9 (default)
2023-12-28 09:08:31,656 [a88a6c70-ad04-4ba2-9985-df8f03985c47@group-A7BD0E20D77C-LeaderElection28] INFO  server.RaftServerConfigKeys (ConfUtils.java:logGet(46)) - raft.server.rpc.timeout.min = 5s (custom)
2023-12-28 09:08:31,656 [a88a6c70-ad04-4ba2-9985-df8f03985c47@group-A7BD0E20D77C-LeaderElection28] INFO  server.RaftServerConfigKeys (ConfUtils.java:logGet(46)) - raft.server.write.element-limit = 1024 (custom)
2023-12-28 09:08:31,656 [a88a6c70-ad04-4ba2-9985-df8f03985c47@group-A7BD0E20D77C-LeaderElection28] INFO  server.RaftServerConfigKeys (ConfUtils.java:logGet(46)) - raft.server.write.follower.gap.ratio.max = -1.0 (default)
2023-12-28 09:08:31,656 [a88a6c70-ad04-4ba2-9985-df8f03985c47@group-A7BD0E20D77C-LeaderElection28] INFO  impl.RoleInfo (RoleInfo.java:updateAndGet(139)) - a88a6c70-ad04-4ba2-9985-df8f03985c47: start a88a6c70-ad04-4ba2-9985-df8f03985c47@group-A7BD0E20D77C-LeaderStateImpl
2023-12-28 09:08:31,656 [a88a6c70-ad04-4ba2-9985-df8f03985c47@group-A7BD0E20D77C-LeaderElection28] INFO  server.RaftServer$Division (RaftServerImpl.java:setFirstElection(564)) - a88a6c70-ad04-4ba2-9985-df8f03985c47@group-A7BD0E20D77C: set firstElectionSinceStartup to false for becomeLeader
2023-12-28 09:08:31,656 [a88a6c70-ad04-4ba2-9985-df8f03985c47@group-A7BD0E20D77C-LeaderElection28] INFO  ratis.XceiverServerRatis (XceiverServerRatis.java:handleLeaderChangedNotification(935)) - Leader change notification received for group: group-A7BD0E20D77C with new leaderId: a88a6c70-ad04-4ba2-9985-df8f03985c47
2023-12-28 09:08:31,656 [a88a6c70-ad04-4ba2-9985-df8f03985c47@group-A7BD0E20D77C-LeaderElection28] INFO  server.RaftServer$Division (ServerState.java:setLeader(265)) - a88a6c70-ad04-4ba2-9985-df8f03985c47@group-A7BD0E20D77C: change Leader from null to a88a6c70-ad04-4ba2-9985-df8f03985c47 at term 1 for becomeLeader, leader elected after 5106ms
2023-12-28 09:08:31,656 [a88a6c70-ad04-4ba2-9985-df8f03985c47@group-A7BD0E20D77C-LeaderElection28] INFO  segmented.SegmentedRaftLogWorker (SegmentedRaftLogWorker.java:startLogSegment(428)) - a88a6c70-ad04-4ba2-9985-df8f03985c47@group-A7BD0E20D77C-SegmentedRaftLogWorker: Starting segment from index:0
2023-12-28 09:08:31,663 [a88a6c70-ad04-4ba2-9985-df8f03985c47@group-A7BD0E20D77C-LeaderElection28] INFO  server.RaftServer$Division (ServerState.java:setRaftConf(382)) - a88a6c70-ad04-4ba2-9985-df8f03985c47@group-A7BD0E20D77C: set configuration 0: peers:[a88a6c70-ad04-4ba2-9985-df8f03985c47|10.1.0.14:15148]|listeners:[], old=null
2023-12-28 09:08:31,667 [a88a6c70-ad04-4ba2-9985-df8f03985c47@group-A7BD0E20D77C-SegmentedRaftLogWorker] INFO  segmented.SegmentedRaftLogWorker (SegmentedRaftLogWorker.java:execute(632)) - a88a6c70-ad04-4ba2-9985-df8f03985c47@group-A7BD0E20D77C-SegmentedRaftLogWorker: created new log segment /home/runner/work/ozone/ozone/hadoop-ozone/integration-test/target/test-dir/MiniOzoneClusterImpl-8986566a-fb65-479a-a2d4-a5d5d2c03f68/datanode-5/data/ratis/4f295cec-52c8-4cf4-bb15-a7bd0e20d77c/current/log_inprogress_0
2023-12-28 09:08:31,668 [a88a6c70-ad04-4ba2-9985-df8f03985c47@group-A7BD0E20D77C-StateMachineUpdater] INFO  server.RaftServer$Division (LeaderStateImpl.java:isApplied(316)) - leader is ready since appliedIndex == 0 >= startIndex == 0
2023-12-28 09:08:31,743 [dccb7b66-05bf-40d4-a126-9074e1df82c7@group-7A911354CE2F-FollowerState] INFO  impl.FollowerState (FollowerState.java:run(143)) - dccb7b66-05bf-40d4-a126-9074e1df82c7@group-7A911354CE2F-FollowerState: change to CANDIDATE, lastRpcElapsedTime:5010491856ns, electionTimeout:5010ms
2023-12-28 09:08:31,743 [dccb7b66-05bf-40d4-a126-9074e1df82c7@group-7A911354CE2F-FollowerState] INFO  impl.RoleInfo (RoleInfo.java:shutdownFollowerState(110)) - dccb7b66-05bf-40d4-a126-9074e1df82c7: shutdown dccb7b66-05bf-40d4-a126-9074e1df82c7@group-7A911354CE2F-FollowerState
2023-12-28 09:08:31,743 [dccb7b66-05bf-40d4-a126-9074e1df82c7@group-7A911354CE2F-FollowerState] INFO  server.RaftServer$Division (RaftServerImpl.java:setRole(379)) - dccb7b66-05bf-40d4-a126-9074e1df82c7@group-7A911354CE2F: changes role from  FOLLOWER to CANDIDATE at term 0 for changeToCandidate
2023-12-28 09:08:31,743 [dccb7b66-05bf-40d4-a126-9074e1df82c7@group-7A911354CE2F-FollowerState] INFO  server.RaftServerConfigKeys (ConfUtils.java:logGet(46)) - raft.server.leaderelection.pre-vote = true (default)
2023-12-28 09:08:31,743 [dccb7b66-05bf-40d4-a126-9074e1df82c7@group-7A911354CE2F-FollowerState] INFO  impl.RoleInfo (RoleInfo.java:updateAndGet(139)) - dccb7b66-05bf-40d4-a126-9074e1df82c7: start dccb7b66-05bf-40d4-a126-9074e1df82c7@group-7A911354CE2F-LeaderElection29
2023-12-28 09:08:31,744 [dccb7b66-05bf-40d4-a126-9074e1df82c7@group-7A911354CE2F-LeaderElection29] INFO  impl.LeaderElection (LeaderElection.java:askForVotes(323)) - dccb7b66-05bf-40d4-a126-9074e1df82c7@group-7A911354CE2F-LeaderElection29 PRE_VOTE round 0: submit vote requests at term 0 for -1: peers:[dccb7b66-05bf-40d4-a126-9074e1df82c7|10.1.0.14:15166, 9e792a6f-77db-4c9d-ab1c-4b4be3f2ae56|10.1.0.14:15157, 3217eff5-f77e-4cc7-8aa1-ee5fb2ab3194|10.1.0.14:15175]|listeners:[], old=null
2023-12-28 09:08:31,745 [dccb7b66-05bf-40d4-a126-9074e1df82c7@group-7A911354CE2F-LeaderElection29-1] INFO  server.GrpcServerProtocolClient (GrpcServerProtocolClient.java:<init>(65)) - Build channel for 9e792a6f-77db-4c9d-ab1c-4b4be3f2ae56
2023-12-28 09:08:31,745 [dccb7b66-05bf-40d4-a126-9074e1df82c7@group-7A911354CE2F-LeaderElection29-2] INFO  server.GrpcServerProtocolClient (GrpcServerProtocolClient.java:<init>(65)) - Build channel for 3217eff5-f77e-4cc7-8aa1-ee5fb2ab3194
2023-12-28 09:08:31,745 [dccb7b66-05bf-40d4-a126-9074e1df82c7@group-7A911354CE2F-LeaderElection29] INFO  server.RaftServerConfigKeys (ConfUtils.java:logFallback(53)) - raft.server.rpc.first-election.timeout.min = 5s (fallback to raft.server.rpc.timeout.min)
2023-12-28 09:08:31,745 [dccb7b66-05bf-40d4-a126-9074e1df82c7@group-7A911354CE2F-LeaderElection29] INFO  server.RaftServerConfigKeys (ConfUtils.java:logFallback(53)) - raft.server.rpc.first-election.timeout.max = 5200ms (fallback to raft.server.rpc.timeout.max)
2023-12-28 09:08:31,746 [3217eff5-f77e-4cc7-8aa1-ee5fb2ab3194@group-7A911354CE2F-FollowerState] INFO  impl.FollowerState (FollowerState.java:run(143)) - 3217eff5-f77e-4cc7-8aa1-ee5fb2ab3194@group-7A911354CE2F-FollowerState: change to CANDIDATE, lastRpcElapsedTime:5045159532ns, electionTimeout:5044ms
2023-12-28 09:08:31,746 [3217eff5-f77e-4cc7-8aa1-ee5fb2ab3194@group-7A911354CE2F-FollowerState] INFO  impl.RoleInfo (RoleInfo.java:shutdownFollowerState(110)) - 3217eff5-f77e-4cc7-8aa1-ee5fb2ab3194: shutdown 3217eff5-f77e-4cc7-8aa1-ee5fb2ab3194@group-7A911354CE2F-FollowerState
2023-12-28 09:08:31,746 [3217eff5-f77e-4cc7-8aa1-ee5fb2ab3194@group-7A911354CE2F-FollowerState] INFO  server.RaftServer$Division (RaftServerImpl.java:setRole(379)) - 3217eff5-f77e-4cc7-8aa1-ee5fb2ab3194@group-7A911354CE2F: changes role from  FOLLOWER to CANDIDATE at term 0 for changeToCandidate
2023-12-28 09:08:31,746 [3217eff5-f77e-4cc7-8aa1-ee5fb2ab3194@group-7A911354CE2F-FollowerState] INFO  server.RaftServerConfigKeys (ConfUtils.java:logGet(46)) - raft.server.leaderelection.pre-vote = true (default)
2023-12-28 09:08:31,746 [3217eff5-f77e-4cc7-8aa1-ee5fb2ab3194@group-7A911354CE2F-FollowerState] INFO  impl.RoleInfo (RoleInfo.java:updateAndGet(139)) - 3217eff5-f77e-4cc7-8aa1-ee5fb2ab3194: start 3217eff5-f77e-4cc7-8aa1-ee5fb2ab3194@group-7A911354CE2F-LeaderElection30
2023-12-28 09:08:31,748 [3217eff5-f77e-4cc7-8aa1-ee5fb2ab3194@group-7A911354CE2F-LeaderElection30] INFO  impl.LeaderElection (LeaderElection.java:askForVotes(323)) - 3217eff5-f77e-4cc7-8aa1-ee5fb2ab3194@group-7A911354CE2F-LeaderElection30 PRE_VOTE round 0: submit vote requests at term 0 for -1: peers:[dccb7b66-05bf-40d4-a126-9074e1df82c7|10.1.0.14:15166, 9e792a6f-77db-4c9d-ab1c-4b4be3f2ae56|10.1.0.14:15157, 3217eff5-f77e-4cc7-8aa1-ee5fb2ab3194|10.1.0.14:15175]|listeners:[], old=null
2023-12-28 09:08:31,748 [3217eff5-f77e-4cc7-8aa1-ee5fb2ab3194@group-7A911354CE2F-LeaderElection30-1] INFO  server.GrpcServerProtocolClient (GrpcServerProtocolClient.java:<init>(65)) - Build channel for dccb7b66-05bf-40d4-a126-9074e1df82c7
2023-12-28 09:08:31,748 [3217eff5-f77e-4cc7-8aa1-ee5fb2ab3194@group-7A911354CE2F-LeaderElection30] INFO  server.RaftServerConfigKeys (ConfUtils.java:logFallback(53)) - raft.server.rpc.first-election.timeout.min = 5s (fallback to raft.server.rpc.timeout.min)
2023-12-28 09:08:31,748 [3217eff5-f77e-4cc7-8aa1-ee5fb2ab3194@group-7A911354CE2F-LeaderElection30] INFO  server.RaftServerConfigKeys (ConfUtils.java:logFallback(53)) - raft.server.rpc.first-election.timeout.max = 5200ms (fallback to raft.server.rpc.timeout.max)
2023-12-28 09:08:31,748 [3217eff5-f77e-4cc7-8aa1-ee5fb2ab3194@group-7A911354CE2F-LeaderElection30-2] INFO  server.GrpcServerProtocolClient (GrpcServerProtocolClient.java:<init>(65)) - Build channel for 9e792a6f-77db-4c9d-ab1c-4b4be3f2ae56
2023-12-28 09:08:31,751 [9e792a6f-77db-4c9d-ab1c-4b4be3f2ae56@group-7A911354CE2F-FollowerState] INFO  impl.FollowerState (FollowerState.java:run(143)) - 9e792a6f-77db-4c9d-ab1c-4b4be3f2ae56@group-7A911354CE2F-FollowerState: change to CANDIDATE, lastRpcElapsedTime:5084360394ns, electionTimeout:5083ms
2023-12-28 09:08:31,751 [9e792a6f-77db-4c9d-ab1c-4b4be3f2ae56@group-7A911354CE2F-FollowerState] INFO  impl.RoleInfo (RoleInfo.java:shutdownFollowerState(110)) - 9e792a6f-77db-4c9d-ab1c-4b4be3f2ae56: shutdown 9e792a6f-77db-4c9d-ab1c-4b4be3f2ae56@group-7A911354CE2F-FollowerState
2023-12-28 09:08:31,751 [9e792a6f-77db-4c9d-ab1c-4b4be3f2ae56@group-7A911354CE2F-FollowerState] INFO  server.RaftServer$Division (RaftServerImpl.java:setRole(379)) - 9e792a6f-77db-4c9d-ab1c-4b4be3f2ae56@group-7A911354CE2F: changes role from  FOLLOWER to CANDIDATE at term 0 for changeToCandidate
2023-12-28 09:08:31,751 [9e792a6f-77db-4c9d-ab1c-4b4be3f2ae56@group-7A911354CE2F-FollowerState] INFO  server.RaftServerConfigKeys (ConfUtils.java:logGet(46)) - raft.server.leaderelection.pre-vote = true (default)
2023-12-28 09:08:31,751 [9e792a6f-77db-4c9d-ab1c-4b4be3f2ae56@group-7A911354CE2F-FollowerState] INFO  impl.RoleInfo (RoleInfo.java:updateAndGet(139)) - 9e792a6f-77db-4c9d-ab1c-4b4be3f2ae56: start 9e792a6f-77db-4c9d-ab1c-4b4be3f2ae56@group-7A911354CE2F-LeaderElection31
2023-12-28 09:08:31,754 [9e792a6f-77db-4c9d-ab1c-4b4be3f2ae56@group-95CD33AA20EA-FollowerState] INFO  impl.FollowerState (FollowerState.java:run(143)) - 9e792a6f-77db-4c9d-ab1c-4b4be3f2ae56@group-95CD33AA20EA-FollowerState: change to CANDIDATE, lastRpcElapsedTime:5101938757ns, electionTimeout:5101ms
2023-12-28 09:08:31,754 [9e792a6f-77db-4c9d-ab1c-4b4be3f2ae56@group-7A911354CE2F-LeaderElection31] INFO  impl.LeaderElection (LeaderElection.java:askForVotes(323)) - 9e792a6f-77db-4c9d-ab1c-4b4be3f2ae56@group-7A911354CE2F-LeaderElection31 PRE_VOTE round 0: submit vote requests at term 0 for -1: peers:[dccb7b66-05bf-40d4-a126-9074e1df82c7|10.1.0.14:15166, 9e792a6f-77db-4c9d-ab1c-4b4be3f2ae56|10.1.0.14:15157, 3217eff5-f77e-4cc7-8aa1-ee5fb2ab3194|10.1.0.14:15175]|listeners:[], old=null
2023-12-28 09:08:31,754 [9e792a6f-77db-4c9d-ab1c-4b4be3f2ae56@group-95CD33AA20EA-FollowerState] INFO  impl.RoleInfo (RoleInfo.java:shutdownFollowerState(110)) - 9e792a6f-77db-4c9d-ab1c-4b4be3f2ae56: shutdown 9e792a6f-77db-4c9d-ab1c-4b4be3f2ae56@group-95CD33AA20EA-FollowerState
2023-12-28 09:08:31,755 [9e792a6f-77db-4c9d-ab1c-4b4be3f2ae56@group-95CD33AA20EA-FollowerState] INFO  server.RaftServer$Division (RaftServerImpl.java:setRole(379)) - 9e792a6f-77db-4c9d-ab1c-4b4be3f2ae56@group-95CD33AA20EA: changes role from  FOLLOWER to CANDIDATE at term 0 for changeToCandidate
2023-12-28 09:08:31,756 [grpc-default-executor-1] INFO  server.RaftServer$Division (RaftServerImpl.java:requestVote(1377)) - dccb7b66-05bf-40d4-a126-9074e1df82c7@group-7A911354CE2F: receive requestVote(PRE_VOTE, 3217eff5-f77e-4cc7-8aa1-ee5fb2ab3194, group-7A911354CE2F, 0, (t:0, i:0))
2023-12-28 09:08:31,756 [grpc-default-executor-1] INFO  impl.VoteContext (VoteContext.java:log(49)) - dccb7b66-05bf-40d4-a126-9074e1df82c7@group-7A911354CE2F-CANDIDATE: accept PRE_VOTE from 3217eff5-f77e-4cc7-8aa1-ee5fb2ab3194: our priority 0 <= candidate's priority 0
2023-12-28 09:08:31,756 [grpc-default-executor-1] INFO  server.RaftServer$Division (RaftServerImpl.java:requestVote(1410)) - dccb7b66-05bf-40d4-a126-9074e1df82c7@group-7A911354CE2F replies to PRE_VOTE vote request: 3217eff5-f77e-4cc7-8aa1-ee5fb2ab3194<-dccb7b66-05bf-40d4-a126-9074e1df82c7#0:OK-t0. Peer's state: dccb7b66-05bf-40d4-a126-9074e1df82c7@group-7A911354CE2F:t0, leader=null, voted=, raftlog=Memoized:dccb7b66-05bf-40d4-a126-9074e1df82c7@group-7A911354CE2F-SegmentedRaftLog:OPENED:c-1, conf=-1: peers:[dccb7b66-05bf-40d4-a126-9074e1df82c7|10.1.0.14:15166, 9e792a6f-77db-4c9d-ab1c-4b4be3f2ae56|10.1.0.14:15157, 3217eff5-f77e-4cc7-8aa1-ee5fb2ab3194|10.1.0.14:15175]|listeners:[], old=null
2023-12-28 09:08:31,756 [9e792a6f-77db-4c9d-ab1c-4b4be3f2ae56@group-95CD33AA20EA-FollowerState] INFO  server.RaftServerConfigKeys (ConfUtils.java:logGet(46)) - raft.server.leaderelection.pre-vote = true (default)
2023-12-28 09:08:31,756 [9e792a6f-77db-4c9d-ab1c-4b4be3f2ae56@group-95CD33AA20EA-FollowerState] INFO  impl.RoleInfo (RoleInfo.java:updateAndGet(139)) - 9e792a6f-77db-4c9d-ab1c-4b4be3f2ae56: start 9e792a6f-77db-4c9d-ab1c-4b4be3f2ae56@group-95CD33AA20EA-LeaderElection32
2023-12-28 09:08:31,757 [9e792a6f-77db-4c9d-ab1c-4b4be3f2ae56@group-7A911354CE2F-LeaderElection31-1] INFO  server.GrpcServerProtocolClient (GrpcServerProtocolClient.java:<init>(65)) - Build channel for dccb7b66-05bf-40d4-a126-9074e1df82c7
2023-12-28 09:08:31,758 [9e792a6f-77db-4c9d-ab1c-4b4be3f2ae56@group-7A911354CE2F-LeaderElection31] INFO  server.RaftServerConfigKeys (ConfUtils.java:logFallback(53)) - raft.server.rpc.first-election.timeout.min = 5s (fallback to raft.server.rpc.timeout.min)
2023-12-28 09:08:31,763 [9e792a6f-77db-4c9d-ab1c-4b4be3f2ae56@group-7A911354CE2F-LeaderElection31] INFO  server.RaftServerConfigKeys (ConfUtils.java:logFallback(53)) - raft.server.rpc.first-election.timeout.max = 5200ms (fallback to raft.server.rpc.timeout.max)
2023-12-28 09:08:31,763 [9e792a6f-77db-4c9d-ab1c-4b4be3f2ae56@group-95CD33AA20EA-LeaderElection32] INFO  impl.LeaderElection (LeaderElection.java:askForVotes(323)) - 9e792a6f-77db-4c9d-ab1c-4b4be3f2ae56@group-95CD33AA20EA-LeaderElection32 PRE_VOTE round 0: submit vote requests at term 0 for -1: peers:[9e792a6f-77db-4c9d-ab1c-4b4be3f2ae56|10.1.0.14:15157]|listeners:[], old=null
2023-12-28 09:08:31,763 [9e792a6f-77db-4c9d-ab1c-4b4be3f2ae56@group-95CD33AA20EA-LeaderElection32] INFO  impl.LeaderElection (LeaderElection.java:askForVotes(325)) - 9e792a6f-77db-4c9d-ab1c-4b4be3f2ae56@group-95CD33AA20EA-LeaderElection32 PRE_VOTE round 0: result PASSED (term=0)
2023-12-28 09:08:31,763 [9e792a6f-77db-4c9d-ab1c-4b4be3f2ae56@group-7A911354CE2F-LeaderElection31-2] INFO  server.GrpcServerProtocolClient (GrpcServerProtocolClient.java:<init>(65)) - Build channel for 3217eff5-f77e-4cc7-8aa1-ee5fb2ab3194
2023-12-28 09:08:31,766 [grpc-default-executor-2] INFO  server.RaftServer$Division (RaftServerImpl.java:requestVote(1377)) - 9e792a6f-77db-4c9d-ab1c-4b4be3f2ae56@group-7A911354CE2F: receive requestVote(PRE_VOTE, dccb7b66-05bf-40d4-a126-9074e1df82c7, group-7A911354CE2F, 0, (t:0, i:0))
2023-12-28 09:08:31,767 [grpc-default-executor-2] INFO  impl.VoteContext (VoteContext.java:log(49)) - 9e792a6f-77db-4c9d-ab1c-4b4be3f2ae56@group-7A911354CE2F-CANDIDATE: reject PRE_VOTE from dccb7b66-05bf-40d4-a126-9074e1df82c7: our priority 1 > candidate's priority 0
2023-12-28 09:08:31,767 [grpc-default-executor-2] INFO  server.RaftServer$Division (RaftServerImpl.java:requestVote(1410)) - 9e792a6f-77db-4c9d-ab1c-4b4be3f2ae56@group-7A911354CE2F replies to PRE_VOTE vote request: dccb7b66-05bf-40d4-a126-9074e1df82c7<-9e792a6f-77db-4c9d-ab1c-4b4be3f2ae56#0:FAIL-t0. Peer's state: 9e792a6f-77db-4c9d-ab1c-4b4be3f2ae56@group-7A911354CE2F:t0, leader=null, voted=, raftlog=Memoized:9e792a6f-77db-4c9d-ab1c-4b4be3f2ae56@group-7A911354CE2F-SegmentedRaftLog:OPENED:c-1, conf=-1: peers:[dccb7b66-05bf-40d4-a126-9074e1df82c7|10.1.0.14:15166, 9e792a6f-77db-4c9d-ab1c-4b4be3f2ae56|10.1.0.14:15157, 3217eff5-f77e-4cc7-8aa1-ee5fb2ab3194|10.1.0.14:15175]|listeners:[], old=null
2023-12-28 09:08:31,767 [9e792a6f-77db-4c9d-ab1c-4b4be3f2ae56@group-95CD33AA20EA-LeaderElection32] INFO  impl.LeaderElection (LeaderElection.java:askForVotes(323)) - 9e792a6f-77db-4c9d-ab1c-4b4be3f2ae56@group-95CD33AA20EA-LeaderElection32 ELECTION round 0: submit vote requests at term 1 for -1: peers:[9e792a6f-77db-4c9d-ab1c-4b4be3f2ae56|10.1.0.14:15157]|listeners:[], old=null
2023-12-28 09:08:31,767 [9e792a6f-77db-4c9d-ab1c-4b4be3f2ae56@group-95CD33AA20EA-LeaderElection32] INFO  impl.LeaderElection (LeaderElection.java:askForVotes(325)) - 9e792a6f-77db-4c9d-ab1c-4b4be3f2ae56@group-95CD33AA20EA-LeaderElection32 ELECTION round 0: result PASSED (term=1)
2023-12-28 09:08:31,767 [9e792a6f-77db-4c9d-ab1c-4b4be3f2ae56@group-95CD33AA20EA-LeaderElection32] INFO  impl.RoleInfo (RoleInfo.java:shutdownLeaderElection(130)) - 9e792a6f-77db-4c9d-ab1c-4b4be3f2ae56: shutdown 9e792a6f-77db-4c9d-ab1c-4b4be3f2ae56@group-95CD33AA20EA-LeaderElection32
2023-12-28 09:08:31,767 [9e792a6f-77db-4c9d-ab1c-4b4be3f2ae56@group-95CD33AA20EA-LeaderElection32] INFO  server.RaftServer$Division (RaftServerImpl.java:setRole(379)) - 9e792a6f-77db-4c9d-ab1c-4b4be3f2ae56@group-95CD33AA20EA: changes role from CANDIDATE to LEADER at term 1 for changeToLeader
2023-12-28 09:08:31,767 [9e792a6f-77db-4c9d-ab1c-4b4be3f2ae56@group-95CD33AA20EA-LeaderElection32] INFO  server.RaftServerConfigKeys (ConfUtils.java:logGet(46)) - raft.server.staging.catchup.gap = 1000 (default)
2023-12-28 09:08:31,767 [9e792a6f-77db-4c9d-ab1c-4b4be3f2ae56@group-95CD33AA20EA-LeaderElection32] INFO  server.RaftServerConfigKeys (ConfUtils.java:logGet(46)) - raft.server.write.element-limit = 1024 (custom)
2023-12-28 09:08:31,767 [9e792a6f-77db-4c9d-ab1c-4b4be3f2ae56@group-95CD33AA20EA-LeaderElection32] INFO  server.RaftServerConfigKeys (ConfUtils.java:logGet(46)) - raft.server.write.byte-limit = 1024 M (=1073741824) (custom)
2023-12-28 09:08:31,768 [9e792a6f-77db-4c9d-ab1c-4b4be3f2ae56@group-95CD33AA20EA-LeaderElection32] INFO  server.RaftServerConfigKeys (ConfUtils.java:logGet(46)) - raft.server.watch.timeout = 3000ms (custom)
2023-12-28 09:08:31,768 [9e792a6f-77db-4c9d-ab1c-4b4be3f2ae56@group-95CD33AA20EA-LeaderElection32] INFO  server.RaftServerConfigKeys (ConfUtils.java:logGet(46)) - raft.server.watch.timeout.denomination = 1s (default)
2023-12-28 09:08:31,768 [9e792a6f-77db-4c9d-ab1c-4b4be3f2ae56@group-95CD33AA20EA-LeaderElection32] INFO  server.RaftServerConfigKeys (ConfUtils.java:logGet(46)) - raft.server.watch.element-limit = 65536 (default)
2023-12-28 09:08:31,768 [9e792a6f-77db-4c9d-ab1c-4b4be3f2ae56@group-95CD33AA20EA-LeaderElection32] INFO  server.RaftServerConfigKeys (ConfUtils.java:logGet(46)) - raft.server.read.leader.lease.enabled = false (default)
2023-12-28 09:08:31,768 [9e792a6f-77db-4c9d-ab1c-4b4be3f2ae56@group-95CD33AA20EA-LeaderElection32] INFO  server.RaftServerConfigKeys (ConfUtils.java:logGet(46)) - raft.server.read.leader.lease.timeout.ratio = 0.9 (default)
2023-12-28 09:08:31,768 [9e792a6f-77db-4c9d-ab1c-4b4be3f2ae56@group-95CD33AA20EA-LeaderElection32] INFO  server.RaftServerConfigKeys (ConfUtils.java:logGet(46)) - raft.server.rpc.timeout.min = 5s (custom)
2023-12-28 09:08:31,768 [9e792a6f-77db-4c9d-ab1c-4b4be3f2ae56@group-95CD33AA20EA-LeaderElection32] INFO  server.RaftServerConfigKeys (ConfUtils.java:logGet(46)) - raft.server.write.element-limit = 1024 (custom)
2023-12-28 09:08:31,768 [9e792a6f-77db-4c9d-ab1c-4b4be3f2ae56@group-95CD33AA20EA-LeaderElection32] INFO  server.RaftServerConfigKeys (ConfUtils.java:logGet(46)) - raft.server.write.follower.gap.ratio.max = -1.0 (default)
2023-12-28 09:08:31,768 [9e792a6f-77db-4c9d-ab1c-4b4be3f2ae56@group-95CD33AA20EA-LeaderElection32] INFO  impl.RoleInfo (RoleInfo.java:updateAndGet(139)) - 9e792a6f-77db-4c9d-ab1c-4b4be3f2ae56: start 9e792a6f-77db-4c9d-ab1c-4b4be3f2ae56@group-95CD33AA20EA-LeaderStateImpl
2023-12-28 09:08:31,768 [9e792a6f-77db-4c9d-ab1c-4b4be3f2ae56@group-95CD33AA20EA-LeaderElection32] INFO  server.RaftServer$Division (RaftServerImpl.java:setFirstElection(564)) - 9e792a6f-77db-4c9d-ab1c-4b4be3f2ae56@group-95CD33AA20EA: set firstElectionSinceStartup to false for becomeLeader
2023-12-28 09:08:31,768 [9e792a6f-77db-4c9d-ab1c-4b4be3f2ae56@group-95CD33AA20EA-LeaderElection32] INFO  ratis.XceiverServerRatis (XceiverServerRatis.java:handleLeaderChangedNotification(935)) - Leader change notification received for group: group-95CD33AA20EA with new leaderId: 9e792a6f-77db-4c9d-ab1c-4b4be3f2ae56
2023-12-28 09:08:31,768 [dccb7b66-05bf-40d4-a126-9074e1df82c7@group-7A911354CE2F-LeaderElection29] INFO  impl.LeaderElection (LeaderElection.java:logAndReturn(89)) - dccb7b66-05bf-40d4-a126-9074e1df82c7@group-7A911354CE2F-LeaderElection29: PRE_VOTE REJECTED received 1 response(s) and 0 exception(s):
2023-12-28 09:08:31,768 [dccb7b66-05bf-40d4-a126-9074e1df82c7@group-7A911354CE2F-LeaderElection29] INFO  impl.LeaderElection (LeaderElection.java:logAndReturn(93)) -   Response 0: dccb7b66-05bf-40d4-a126-9074e1df82c7<-9e792a6f-77db-4c9d-ab1c-4b4be3f2ae56#0:FAIL-t0
2023-12-28 09:08:31,768 [dccb7b66-05bf-40d4-a126-9074e1df82c7@group-7A911354CE2F-LeaderElection29] INFO  impl.LeaderElection (LeaderElection.java:askForVotes(325)) - dccb7b66-05bf-40d4-a126-9074e1df82c7@group-7A911354CE2F-LeaderElection29 PRE_VOTE round 0: result REJECTED
2023-12-28 09:08:31,768 [9e792a6f-77db-4c9d-ab1c-4b4be3f2ae56@group-95CD33AA20EA-LeaderElection32] INFO  server.RaftServer$Division (ServerState.java:setLeader(265)) - 9e792a6f-77db-4c9d-ab1c-4b4be3f2ae56@group-95CD33AA20EA: change Leader from null to 9e792a6f-77db-4c9d-ab1c-4b4be3f2ae56 at term 1 for becomeLeader, leader elected after 5127ms
2023-12-28 09:08:31,768 [dccb7b66-05bf-40d4-a126-9074e1df82c7@group-7A911354CE2F-LeaderElection29] INFO  server.RaftServer$Division (RaftServerImpl.java:setRole(379)) - dccb7b66-05bf-40d4-a126-9074e1df82c7@group-7A911354CE2F: changes role from CANDIDATE to FOLLOWER at term 0 for REJECTED
2023-12-28 09:08:31,768 [dccb7b66-05bf-40d4-a126-9074e1df82c7@group-7A911354CE2F-LeaderElection29] INFO  impl.RoleInfo (RoleInfo.java:shutdownLeaderElection(130)) - dccb7b66-05bf-40d4-a126-9074e1df82c7: shutdown dccb7b66-05bf-40d4-a126-9074e1df82c7@group-7A911354CE2F-LeaderElection29
2023-12-28 09:08:31,768 [dccb7b66-05bf-40d4-a126-9074e1df82c7@group-7A911354CE2F-LeaderElection29] INFO  impl.RoleInfo (RoleInfo.java:updateAndGet(139)) - dccb7b66-05bf-40d4-a126-9074e1df82c7: start dccb7b66-05bf-40d4-a126-9074e1df82c7@group-7A911354CE2F-FollowerState
2023-12-28 09:08:31,768 [9e792a6f-77db-4c9d-ab1c-4b4be3f2ae56@group-95CD33AA20EA-LeaderElection32] INFO  segmented.SegmentedRaftLogWorker (SegmentedRaftLogWorker.java:startLogSegment(428)) - 9e792a6f-77db-4c9d-ab1c-4b4be3f2ae56@group-95CD33AA20EA-SegmentedRaftLogWorker: Starting segment from index:0
2023-12-28 09:08:31,768 [dccb7b66-05bf-40d4-a126-9074e1df82c7@group-7A911354CE2F-LeaderElection29] INFO  server.RaftServer$Division (RaftServerImpl.java:setFirstElection(564)) - dccb7b66-05bf-40d4-a126-9074e1df82c7@group-7A911354CE2F: set firstElectionSinceStartup to false for REJECTED
2023-12-28 09:08:31,771 [9e792a6f-77db-4c9d-ab1c-4b4be3f2ae56@group-95CD33AA20EA-LeaderElection32] INFO  server.RaftServer$Division (ServerState.java:setRaftConf(382)) - 9e792a6f-77db-4c9d-ab1c-4b4be3f2ae56@group-95CD33AA20EA: set configuration 0: peers:[9e792a6f-77db-4c9d-ab1c-4b4be3f2ae56|10.1.0.14:15157]|listeners:[], old=null
2023-12-28 09:08:31,771 [grpc-default-executor-1] INFO  server.RaftServer$Division (RaftServerImpl.java:requestVote(1377)) - 9e792a6f-77db-4c9d-ab1c-4b4be3f2ae56@group-7A911354CE2F: receive requestVote(PRE_VOTE, 3217eff5-f77e-4cc7-8aa1-ee5fb2ab3194, group-7A911354CE2F, 0, (t:0, i:0))
2023-12-28 09:08:31,771 [grpc-default-executor-1] INFO  impl.VoteContext (VoteContext.java:log(49)) - 9e792a6f-77db-4c9d-ab1c-4b4be3f2ae56@group-7A911354CE2F-CANDIDATE: reject PRE_VOTE from 3217eff5-f77e-4cc7-8aa1-ee5fb2ab3194: our priority 1 > candidate's priority 0
2023-12-28 09:08:31,771 [grpc-default-executor-1] INFO  server.RaftServer$Division (RaftServerImpl.java:requestVote(1410)) - 9e792a6f-77db-4c9d-ab1c-4b4be3f2ae56@group-7A911354CE2F replies to PRE_VOTE vote request: 3217eff5-f77e-4cc7-8aa1-ee5fb2ab3194<-9e792a6f-77db-4c9d-ab1c-4b4be3f2ae56#0:FAIL-t0. Peer's state: 9e792a6f-77db-4c9d-ab1c-4b4be3f2ae56@group-7A911354CE2F:t0, leader=null, voted=, raftlog=Memoized:9e792a6f-77db-4c9d-ab1c-4b4be3f2ae56@group-7A911354CE2F-SegmentedRaftLog:OPENED:c-1, conf=-1: peers:[dccb7b66-05bf-40d4-a126-9074e1df82c7|10.1.0.14:15166, 9e792a6f-77db-4c9d-ab1c-4b4be3f2ae56|10.1.0.14:15157, 3217eff5-f77e-4cc7-8aa1-ee5fb2ab3194|10.1.0.14:15175]|listeners:[], old=null
2023-12-28 09:08:31,773 [3217eff5-f77e-4cc7-8aa1-ee5fb2ab3194@group-7A911354CE2F-LeaderElection30] INFO  impl.LeaderElection (LeaderElection.java:logAndReturn(89)) - 3217eff5-f77e-4cc7-8aa1-ee5fb2ab3194@group-7A911354CE2F-LeaderElection30: PRE_VOTE REJECTED received 1 response(s) and 0 exception(s):
2023-12-28 09:08:31,773 [3217eff5-f77e-4cc7-8aa1-ee5fb2ab3194@group-7A911354CE2F-LeaderElection30] INFO  impl.LeaderElection (LeaderElection.java:logAndReturn(93)) -   Response 0: 3217eff5-f77e-4cc7-8aa1-ee5fb2ab3194<-9e792a6f-77db-4c9d-ab1c-4b4be3f2ae56#0:FAIL-t0
2023-12-28 09:08:31,773 [3217eff5-f77e-4cc7-8aa1-ee5fb2ab3194@group-7A911354CE2F-LeaderElection30] INFO  impl.LeaderElection (LeaderElection.java:askForVotes(325)) - 3217eff5-f77e-4cc7-8aa1-ee5fb2ab3194@group-7A911354CE2F-LeaderElection30 PRE_VOTE round 0: result REJECTED
2023-12-28 09:08:31,773 [3217eff5-f77e-4cc7-8aa1-ee5fb2ab3194@group-7A911354CE2F-LeaderElection30] INFO  server.RaftServer$Division (RaftServerImpl.java:setRole(379)) - 3217eff5-f77e-4cc7-8aa1-ee5fb2ab3194@group-7A911354CE2F: changes role from CANDIDATE to FOLLOWER at term 0 for REJECTED
2023-12-28 09:08:31,773 [3217eff5-f77e-4cc7-8aa1-ee5fb2ab3194@group-7A911354CE2F-LeaderElection30] INFO  impl.RoleInfo (RoleInfo.java:shutdownLeaderElection(130)) - 3217eff5-f77e-4cc7-8aa1-ee5fb2ab3194: shutdown 3217eff5-f77e-4cc7-8aa1-ee5fb2ab3194@group-7A911354CE2F-LeaderElection30
2023-12-28 09:08:31,773 [3217eff5-f77e-4cc7-8aa1-ee5fb2ab3194@group-7A911354CE2F-LeaderElection30] INFO  impl.RoleInfo (RoleInfo.java:updateAndGet(139)) - 3217eff5-f77e-4cc7-8aa1-ee5fb2ab3194: start 3217eff5-f77e-4cc7-8aa1-ee5fb2ab3194@group-7A911354CE2F-FollowerState
2023-12-28 09:08:31,773 [3217eff5-f77e-4cc7-8aa1-ee5fb2ab3194@group-7A911354CE2F-LeaderElection30] INFO  server.RaftServer$Division (RaftServerImpl.java:setFirstElection(564)) - 3217eff5-f77e-4cc7-8aa1-ee5fb2ab3194@group-7A911354CE2F: set firstElectionSinceStartup to false for REJECTED
2023-12-28 09:08:31,777 [grpc-default-executor-1] INFO  server.RaftServer$Division (RaftServerImpl.java:requestVote(1377)) - 3217eff5-f77e-4cc7-8aa1-ee5fb2ab3194@group-7A911354CE2F: receive requestVote(PRE_VOTE, dccb7b66-05bf-40d4-a126-9074e1df82c7, group-7A911354CE2F, 0, (t:0, i:0))
2023-12-28 09:08:31,777 [grpc-default-executor-1] INFO  impl.VoteContext (VoteContext.java:log(49)) - 3217eff5-f77e-4cc7-8aa1-ee5fb2ab3194@group-7A911354CE2F-FOLLOWER: accept PRE_VOTE from dccb7b66-05bf-40d4-a126-9074e1df82c7: our priority 0 <= candidate's priority 0
2023-12-28 09:08:31,777 [grpc-default-executor-1] INFO  server.RaftServer$Division (RaftServerImpl.java:requestVote(1410)) - 3217eff5-f77e-4cc7-8aa1-ee5fb2ab3194@group-7A911354CE2F replies to PRE_VOTE vote request: dccb7b66-05bf-40d4-a126-9074e1df82c7<-3217eff5-f77e-4cc7-8aa1-ee5fb2ab3194#0:OK-t0. Peer's state: 3217eff5-f77e-4cc7-8aa1-ee5fb2ab3194@group-7A911354CE2F:t0, leader=null, voted=, raftlog=Memoized:3217eff5-f77e-4cc7-8aa1-ee5fb2ab3194@group-7A911354CE2F-SegmentedRaftLog:OPENED:c-1, conf=-1: peers:[dccb7b66-05bf-40d4-a126-9074e1df82c7|10.1.0.14:15166, 9e792a6f-77db-4c9d-ab1c-4b4be3f2ae56|10.1.0.14:15157, 3217eff5-f77e-4cc7-8aa1-ee5fb2ab3194|10.1.0.14:15175]|listeners:[], old=null
2023-12-28 09:08:31,779 [grpc-default-executor-2] INFO  server.RaftServer$Division (RaftServerImpl.java:requestVote(1377)) - dccb7b66-05bf-40d4-a126-9074e1df82c7@group-7A911354CE2F: receive requestVote(PRE_VOTE, 9e792a6f-77db-4c9d-ab1c-4b4be3f2ae56, group-7A911354CE2F, 0, (t:0, i:0))
2023-12-28 09:08:31,779 [grpc-default-executor-3] INFO  server.RaftServer$Division (RaftServerImpl.java:requestVote(1377)) - 3217eff5-f77e-4cc7-8aa1-ee5fb2ab3194@group-7A911354CE2F: receive requestVote(PRE_VOTE, 9e792a6f-77db-4c9d-ab1c-4b4be3f2ae56, group-7A911354CE2F, 0, (t:0, i:0))
2023-12-28 09:08:31,779 [grpc-default-executor-2] INFO  impl.VoteContext (VoteContext.java:log(49)) - dccb7b66-05bf-40d4-a126-9074e1df82c7@group-7A911354CE2F-FOLLOWER: accept PRE_VOTE from 9e792a6f-77db-4c9d-ab1c-4b4be3f2ae56: our priority 0 <= candidate's priority 1
2023-12-28 09:08:31,779 [grpc-default-executor-3] INFO  impl.VoteContext (VoteContext.java:log(49)) - 3217eff5-f77e-4cc7-8aa1-ee5fb2ab3194@group-7A911354CE2F-FOLLOWER: accept PRE_VOTE from 9e792a6f-77db-4c9d-ab1c-4b4be3f2ae56: our priority 0 <= candidate's priority 1
2023-12-28 09:08:31,779 [grpc-default-executor-2] INFO  server.RaftServer$Division (RaftServerImpl.java:requestVote(1410)) - dccb7b66-05bf-40d4-a126-9074e1df82c7@group-7A911354CE2F replies to PRE_VOTE vote request: 9e792a6f-77db-4c9d-ab1c-4b4be3f2ae56<-dccb7b66-05bf-40d4-a126-9074e1df82c7#0:OK-t0. Peer's state: dccb7b66-05bf-40d4-a126-9074e1df82c7@group-7A911354CE2F:t0, leader=null, voted=, raftlog=Memoized:dccb7b66-05bf-40d4-a126-9074e1df82c7@group-7A911354CE2F-SegmentedRaftLog:OPENED:c-1, conf=-1: peers:[dccb7b66-05bf-40d4-a126-9074e1df82c7|10.1.0.14:15166, 9e792a6f-77db-4c9d-ab1c-4b4be3f2ae56|10.1.0.14:15157, 3217eff5-f77e-4cc7-8aa1-ee5fb2ab3194|10.1.0.14:15175]|listeners:[], old=null
2023-12-28 09:08:31,779 [grpc-default-executor-3] INFO  server.RaftServer$Division (RaftServerImpl.java:requestVote(1410)) - 3217eff5-f77e-4cc7-8aa1-ee5fb2ab3194@group-7A911354CE2F replies to PRE_VOTE vote request: 9e792a6f-77db-4c9d-ab1c-4b4be3f2ae56<-3217eff5-f77e-4cc7-8aa1-ee5fb2ab3194#0:OK-t0. Peer's state: 3217eff5-f77e-4cc7-8aa1-ee5fb2ab3194@group-7A911354CE2F:t0, leader=null, voted=, raftlog=Memoized:3217eff5-f77e-4cc7-8aa1-ee5fb2ab3194@group-7A911354CE2F-SegmentedRaftLog:OPENED:c-1, conf=-1: peers:[dccb7b66-05bf-40d4-a126-9074e1df82c7|10.1.0.14:15166, 9e792a6f-77db-4c9d-ab1c-4b4be3f2ae56|10.1.0.14:15157, 3217eff5-f77e-4cc7-8aa1-ee5fb2ab3194|10.1.0.14:15175]|listeners:[], old=null
2023-12-28 09:08:31,780 [9e792a6f-77db-4c9d-ab1c-4b4be3f2ae56@group-7A911354CE2F-LeaderElection31] INFO  impl.LeaderElection (LeaderElection.java:logAndReturn(89)) - 9e792a6f-77db-4c9d-ab1c-4b4be3f2ae56@group-7A911354CE2F-LeaderElection31: PRE_VOTE PASSED received 1 response(s) and 0 exception(s):
2023-12-28 09:08:31,780 [9e792a6f-77db-4c9d-ab1c-4b4be3f2ae56@group-7A911354CE2F-LeaderElection31] INFO  impl.LeaderElection (LeaderElection.java:logAndReturn(93)) -   Response 0: 9e792a6f-77db-4c9d-ab1c-4b4be3f2ae56<-3217eff5-f77e-4cc7-8aa1-ee5fb2ab3194#0:OK-t0
2023-12-28 09:08:31,780 [9e792a6f-77db-4c9d-ab1c-4b4be3f2ae56@group-7A911354CE2F-LeaderElection31] INFO  impl.LeaderElection (LeaderElection.java:askForVotes(325)) - 9e792a6f-77db-4c9d-ab1c-4b4be3f2ae56@group-7A911354CE2F-LeaderElection31 PRE_VOTE round 0: result PASSED
2023-12-28 09:08:31,783 [9e792a6f-77db-4c9d-ab1c-4b4be3f2ae56@group-95CD33AA20EA-SegmentedRaftLogWorker] INFO  segmented.SegmentedRaftLogWorker (SegmentedRaftLogWorker.java:execute(632)) - 9e792a6f-77db-4c9d-ab1c-4b4be3f2ae56@group-95CD33AA20EA-SegmentedRaftLogWorker: created new log segment /home/runner/work/ozone/ozone/hadoop-ozone/integration-test/target/test-dir/MiniOzoneClusterImpl-8986566a-fb65-479a-a2d4-a5d5d2c03f68/datanode-6/data/ratis/86a33720-acd2-42e4-bbba-95cd33aa20ea/current/log_inprogress_0
2023-12-28 09:08:31,784 [9e792a6f-77db-4c9d-ab1c-4b4be3f2ae56@group-95CD33AA20EA-StateMachineUpdater] INFO  server.RaftServer$Division (LeaderStateImpl.java:isApplied(316)) - leader is ready since appliedIndex == 0 >= startIndex == 0
2023-12-28 09:08:31,785 [9e792a6f-77db-4c9d-ab1c-4b4be3f2ae56@group-7A911354CE2F-LeaderElection31] INFO  impl.LeaderElection (LeaderElection.java:askForVotes(323)) - 9e792a6f-77db-4c9d-ab1c-4b4be3f2ae56@group-7A911354CE2F-LeaderElection31 ELECTION round 0: submit vote requests at term 1 for -1: peers:[dccb7b66-05bf-40d4-a126-9074e1df82c7|10.1.0.14:15166, 9e792a6f-77db-4c9d-ab1c-4b4be3f2ae56|10.1.0.14:15157, 3217eff5-f77e-4cc7-8aa1-ee5fb2ab3194|10.1.0.14:15175]|listeners:[], old=null
2023-12-28 09:08:31,786 [9e792a6f-77db-4c9d-ab1c-4b4be3f2ae56@group-7A911354CE2F-LeaderElection31] INFO  server.RaftServerConfigKeys (ConfUtils.java:logFallback(53)) - raft.server.rpc.first-election.timeout.min = 5s (fallback to raft.server.rpc.timeout.min)
2023-12-28 09:08:31,786 [9e792a6f-77db-4c9d-ab1c-4b4be3f2ae56@group-7A911354CE2F-LeaderElection31] INFO  server.RaftServerConfigKeys (ConfUtils.java:logFallback(53)) - raft.server.rpc.first-election.timeout.max = 5200ms (fallback to raft.server.rpc.timeout.max)
2023-12-28 09:08:31,787 [grpc-default-executor-3] INFO  server.RaftServer$Division (RaftServerImpl.java:requestVote(1377)) - dccb7b66-05bf-40d4-a126-9074e1df82c7@group-7A911354CE2F: receive requestVote(ELECTION, 9e792a6f-77db-4c9d-ab1c-4b4be3f2ae56, group-7A911354CE2F, 1, (t:0, i:0))
2023-12-28 09:08:31,788 [grpc-default-executor-3] INFO  impl.VoteContext (VoteContext.java:log(49)) - dccb7b66-05bf-40d4-a126-9074e1df82c7@group-7A911354CE2F-FOLLOWER: accept ELECTION from 9e792a6f-77db-4c9d-ab1c-4b4be3f2ae56: our priority 0 <= candidate's priority 1
2023-12-28 09:08:31,788 [grpc-default-executor-2] INFO  server.RaftServer$Division (RaftServerImpl.java:requestVote(1377)) - 3217eff5-f77e-4cc7-8aa1-ee5fb2ab3194@group-7A911354CE2F: receive requestVote(ELECTION, 9e792a6f-77db-4c9d-ab1c-4b4be3f2ae56, group-7A911354CE2F, 1, (t:0, i:0))
2023-12-28 09:08:31,788 [grpc-default-executor-3] INFO  server.RaftServer$Division (RaftServerImpl.java:setRole(379)) - dccb7b66-05bf-40d4-a126-9074e1df82c7@group-7A911354CE2F: changes role from  FOLLOWER to FOLLOWER at term 1 for candidate:9e792a6f-77db-4c9d-ab1c-4b4be3f2ae56
2023-12-28 09:08:31,788 [grpc-default-executor-2] INFO  impl.VoteContext (VoteContext.java:log(49)) - 3217eff5-f77e-4cc7-8aa1-ee5fb2ab3194@group-7A911354CE2F-FOLLOWER: accept ELECTION from 9e792a6f-77db-4c9d-ab1c-4b4be3f2ae56: our priority 0 <= candidate's priority 1
2023-12-28 09:08:31,788 [grpc-default-executor-2] INFO  server.RaftServer$Division (RaftServerImpl.java:setRole(379)) - 3217eff5-f77e-4cc7-8aa1-ee5fb2ab3194@group-7A911354CE2F: changes role from  FOLLOWER to FOLLOWER at term 1 for candidate:9e792a6f-77db-4c9d-ab1c-4b4be3f2ae56
2023-12-28 09:08:31,788 [grpc-default-executor-2] INFO  impl.RoleInfo (RoleInfo.java:shutdownFollowerState(110)) - 3217eff5-f77e-4cc7-8aa1-ee5fb2ab3194: shutdown 3217eff5-f77e-4cc7-8aa1-ee5fb2ab3194@group-7A911354CE2F-FollowerState
2023-12-28 09:08:31,788 [grpc-default-executor-2] INFO  impl.RoleInfo (RoleInfo.java:updateAndGet(139)) - 3217eff5-f77e-4cc7-8aa1-ee5fb2ab3194: start 3217eff5-f77e-4cc7-8aa1-ee5fb2ab3194@group-7A911354CE2F-FollowerState
2023-12-28 09:08:31,788 [grpc-default-executor-3] INFO  impl.RoleInfo (RoleInfo.java:shutdownFollowerState(110)) - dccb7b66-05bf-40d4-a126-9074e1df82c7: shutdown dccb7b66-05bf-40d4-a126-9074e1df82c7@group-7A911354CE2F-FollowerState
2023-12-28 09:08:31,788 [3217eff5-f77e-4cc7-8aa1-ee5fb2ab3194@group-7A911354CE2F-FollowerState] INFO  impl.FollowerState (FollowerState.java:run(152)) - 3217eff5-f77e-4cc7-8aa1-ee5fb2ab3194@group-7A911354CE2F-FollowerState was interrupted
2023-12-28 09:08:31,789 [dccb7b66-05bf-40d4-a126-9074e1df82c7@group-7A911354CE2F-FollowerState] INFO  impl.FollowerState (FollowerState.java:run(152)) - dccb7b66-05bf-40d4-a126-9074e1df82c7@group-7A911354CE2F-FollowerState was interrupted
2023-12-28 09:08:31,789 [grpc-default-executor-3] INFO  impl.RoleInfo (RoleInfo.java:updateAndGet(139)) - dccb7b66-05bf-40d4-a126-9074e1df82c7: start dccb7b66-05bf-40d4-a126-9074e1df82c7@group-7A911354CE2F-FollowerState
2023-12-28 09:08:31,791 [grpc-default-executor-2] INFO  server.RaftServer$Division (RaftServerImpl.java:requestVote(1410)) - 3217eff5-f77e-4cc7-8aa1-ee5fb2ab3194@group-7A911354CE2F replies to ELECTION vote request: 9e792a6f-77db-4c9d-ab1c-4b4be3f2ae56<-3217eff5-f77e-4cc7-8aa1-ee5fb2ab3194#0:OK-t1. Peer's state: 3217eff5-f77e-4cc7-8aa1-ee5fb2ab3194@group-7A911354CE2F:t1, leader=null, voted=9e792a6f-77db-4c9d-ab1c-4b4be3f2ae56, raftlog=Memoized:3217eff5-f77e-4cc7-8aa1-ee5fb2ab3194@group-7A911354CE2F-SegmentedRaftLog:OPENED:c-1, conf=-1: peers:[dccb7b66-05bf-40d4-a126-9074e1df82c7|10.1.0.14:15166, 9e792a6f-77db-4c9d-ab1c-4b4be3f2ae56|10.1.0.14:15157, 3217eff5-f77e-4cc7-8aa1-ee5fb2ab3194|10.1.0.14:15175]|listeners:[], old=null
2023-12-28 09:08:31,792 [9e792a6f-77db-4c9d-ab1c-4b4be3f2ae56@group-7A911354CE2F-LeaderElection31] INFO  impl.LeaderElection (LeaderElection.java:logAndReturn(89)) - 9e792a6f-77db-4c9d-ab1c-4b4be3f2ae56@group-7A911354CE2F-LeaderElection31: ELECTION PASSED received 1 response(s) and 0 exception(s):
2023-12-28 09:08:31,792 [9e792a6f-77db-4c9d-ab1c-4b4be3f2ae56@group-7A911354CE2F-LeaderElection31] INFO  impl.LeaderElection (LeaderElection.java:logAndReturn(93)) -   Response 0: 9e792a6f-77db-4c9d-ab1c-4b4be3f2ae56<-3217eff5-f77e-4cc7-8aa1-ee5fb2ab3194#0:OK-t1
2023-12-28 09:08:31,792 [9e792a6f-77db-4c9d-ab1c-4b4be3f2ae56@group-7A911354CE2F-LeaderElection31] INFO  impl.LeaderElection (LeaderElection.java:askForVotes(325)) - 9e792a6f-77db-4c9d-ab1c-4b4be3f2ae56@group-7A911354CE2F-LeaderElection31 ELECTION round 0: result PASSED
2023-12-28 09:08:31,792 [9e792a6f-77db-4c9d-ab1c-4b4be3f2ae56@group-7A911354CE2F-LeaderElection31] INFO  impl.RoleInfo (RoleInfo.java:shutdownLeaderElection(130)) - 9e792a6f-77db-4c9d-ab1c-4b4be3f2ae56: shutdown 9e792a6f-77db-4c9d-ab1c-4b4be3f2ae56@group-7A911354CE2F-LeaderElection31
2023-12-28 09:08:31,792 [9e792a6f-77db-4c9d-ab1c-4b4be3f2ae56@group-7A911354CE2F-LeaderElection31] INFO  server.RaftServer$Division (RaftServerImpl.java:setRole(379)) - 9e792a6f-77db-4c9d-ab1c-4b4be3f2ae56@group-7A911354CE2F: changes role from CANDIDATE to LEADER at term 1 for changeToLeader
2023-12-28 09:08:31,792 [9e792a6f-77db-4c9d-ab1c-4b4be3f2ae56@group-7A911354CE2F-LeaderElection31] INFO  server.RaftServerConfigKeys (ConfUtils.java:logGet(46)) - raft.server.staging.catchup.gap = 1000 (default)
2023-12-28 09:08:31,792 [9e792a6f-77db-4c9d-ab1c-4b4be3f2ae56@group-7A911354CE2F-LeaderElection31] INFO  server.RaftServerConfigKeys (ConfUtils.java:logGet(46)) - raft.server.write.element-limit = 1024 (custom)
2023-12-28 09:08:31,792 [9e792a6f-77db-4c9d-ab1c-4b4be3f2ae56@group-7A911354CE2F-LeaderElection31] INFO  server.RaftServerConfigKeys (ConfUtils.java:logGet(46)) - raft.server.write.byte-limit = 1024 M (=1073741824) (custom)
2023-12-28 09:08:31,792 [9e792a6f-77db-4c9d-ab1c-4b4be3f2ae56@group-7A911354CE2F-LeaderElection31] INFO  server.RaftServerConfigKeys (ConfUtils.java:logGet(46)) - raft.server.watch.timeout = 3000ms (custom)
2023-12-28 09:08:31,792 [9e792a6f-77db-4c9d-ab1c-4b4be3f2ae56@group-7A911354CE2F-LeaderElection31] INFO  server.RaftServerConfigKeys (ConfUtils.java:logGet(46)) - raft.server.watch.timeout.denomination = 1s (default)
2023-12-28 09:08:31,792 [9e792a6f-77db-4c9d-ab1c-4b4be3f2ae56@group-7A911354CE2F-LeaderElection31] INFO  server.RaftServerConfigKeys (ConfUtils.java:logGet(46)) - raft.server.watch.element-limit = 65536 (default)
2023-12-28 09:08:31,793 [9e792a6f-77db-4c9d-ab1c-4b4be3f2ae56@group-7A911354CE2F-LeaderElection31] INFO  server.RaftServerConfigKeys (ConfUtils.java:logGet(46)) - raft.server.read.leader.lease.enabled = false (default)
2023-12-28 09:08:31,793 [9e792a6f-77db-4c9d-ab1c-4b4be3f2ae56@group-7A911354CE2F-LeaderElection31] INFO  server.RaftServerConfigKeys (ConfUtils.java:logGet(46)) - raft.server.read.leader.lease.timeout.ratio = 0.9 (default)
2023-12-28 09:08:31,793 [9e792a6f-77db-4c9d-ab1c-4b4be3f2ae56@group-7A911354CE2F-LeaderElection31] INFO  server.RaftServerConfigKeys (ConfUtils.java:logGet(46)) - raft.server.rpc.timeout.min = 5s (custom)
2023-12-28 09:08:31,793 [9e792a6f-77db-4c9d-ab1c-4b4be3f2ae56@group-7A911354CE2F-LeaderElection31] INFO  server.RaftServerConfigKeys (ConfUtils.java:logGet(46)) - raft.server.write.element-limit = 1024 (custom)
2023-12-28 09:08:31,793 [9e792a6f-77db-4c9d-ab1c-4b4be3f2ae56@group-7A911354CE2F-LeaderElection31] INFO  server.RaftServerConfigKeys (ConfUtils.java:logGet(46)) - raft.server.write.follower.gap.ratio.max = -1.0 (default)
2023-12-28 09:08:31,793 [9e792a6f-77db-4c9d-ab1c-4b4be3f2ae56@group-7A911354CE2F-LeaderElection31] INFO  server.RaftServerConfigKeys (ConfUtils.java:logGet(46)) - raft.server.log.appender.snapshot.chunk.size.max = 16MB (=16777216) (default)
2023-12-28 09:08:31,793 [9e792a6f-77db-4c9d-ab1c-4b4be3f2ae56@group-7A911354CE2F-LeaderElection31] INFO  server.RaftServerConfigKeys (ConfUtils.java:logGet(46)) - raft.server.log.appender.buffer.byte-limit = 8388608 (custom)
2023-12-28 09:08:31,793 [9e792a6f-77db-4c9d-ab1c-4b4be3f2ae56@group-7A911354CE2F-LeaderElection31] INFO  server.RaftServerConfigKeys (ConfUtils.java:logGet(46)) - raft.server.log.appender.buffer.element-limit = 1 (custom)
2023-12-28 09:08:31,793 [9e792a6f-77db-4c9d-ab1c-4b4be3f2ae56@group-7A911354CE2F-LeaderElection31] INFO  server.RaftServerConfigKeys (ConfUtils.java:logGet(46)) - raft.server.log.appender.wait-time.min = 0ms (custom)
2023-12-28 09:08:31,793 [9e792a6f-77db-4c9d-ab1c-4b4be3f2ae56@group-7A911354CE2F-LeaderElection31] INFO  grpc.GrpcConfigKeys (ConfUtils.java:logGet(46)) - raft.grpc.server.leader.outstanding.appends.max = 8 (default)
2023-12-28 09:08:31,793 [9e792a6f-77db-4c9d-ab1c-4b4be3f2ae56@group-7A911354CE2F-LeaderElection31] INFO  server.RaftServerConfigKeys (ConfUtils.java:logGet(46)) - raft.server.rpc.request.timeout = 3000ms (default)
2023-12-28 09:08:31,794 [9e792a6f-77db-4c9d-ab1c-4b4be3f2ae56@group-7A911354CE2F-LeaderElection31] INFO  grpc.GrpcConfigKeys (ConfUtils.java:logGet(46)) - raft.grpc.server.install_snapshot.request.element-limit = 8 (default)
2023-12-28 09:08:31,794 [9e792a6f-77db-4c9d-ab1c-4b4be3f2ae56@group-7A911354CE2F-LeaderElection31] INFO  grpc.GrpcConfigKeys (ConfUtils.java:logGet(46)) - raft.grpc.server.install_snapshot.request.timeout = 3000ms (default)
2023-12-28 09:08:31,794 [9e792a6f-77db-4c9d-ab1c-4b4be3f2ae56@group-7A911354CE2F-LeaderElection31] INFO  server.RaftServerConfigKeys (ConfUtils.java:logGet(46)) - raft.server.log.appender.install.snapshot.enabled = false (custom)
2023-12-28 09:08:31,794 [9e792a6f-77db-4c9d-ab1c-4b4be3f2ae56@group-7A911354CE2F-LeaderElection31] INFO  grpc.GrpcConfigKeys (ConfUtils.java:logGet(46)) - raft.grpc.server.heartbeat.channel = true (default)
2023-12-28 09:08:31,794 [9e792a6f-77db-4c9d-ab1c-4b4be3f2ae56@group-7A911354CE2F-LeaderElection31] INFO  server.RaftServerConfigKeys (ConfUtils.java:logGet(46)) - raft.server.log.appender.snapshot.chunk.size.max = 16MB (=16777216) (default)
2023-12-28 09:08:31,794 [9e792a6f-77db-4c9d-ab1c-4b4be3f2ae56@group-7A911354CE2F-LeaderElection31] INFO  server.RaftServerConfigKeys (ConfUtils.java:logGet(46)) - raft.server.log.appender.buffer.byte-limit = 8388608 (custom)
2023-12-28 09:08:31,795 [9e792a6f-77db-4c9d-ab1c-4b4be3f2ae56@group-7A911354CE2F-LeaderElection31] INFO  server.RaftServerConfigKeys (ConfUtils.java:logGet(46)) - raft.server.log.appender.buffer.element-limit = 1 (custom)
2023-12-28 09:08:31,795 [9e792a6f-77db-4c9d-ab1c-4b4be3f2ae56@group-7A911354CE2F-LeaderElection31] INFO  server.RaftServerConfigKeys (ConfUtils.java:logGet(46)) - raft.server.log.appender.wait-time.min = 0ms (custom)
2023-12-28 09:08:31,795 [9e792a6f-77db-4c9d-ab1c-4b4be3f2ae56@group-7A911354CE2F-LeaderElection31] INFO  grpc.GrpcConfigKeys (ConfUtils.java:logGet(46)) - raft.grpc.server.leader.outstanding.appends.max = 8 (default)
2023-12-28 09:08:31,795 [9e792a6f-77db-4c9d-ab1c-4b4be3f2ae56@group-7A911354CE2F-LeaderElection31] INFO  server.RaftServerConfigKeys (ConfUtils.java:logGet(46)) - raft.server.rpc.request.timeout = 3000ms (default)
2023-12-28 09:08:31,795 [9e792a6f-77db-4c9d-ab1c-4b4be3f2ae56@group-7A911354CE2F-LeaderElection31] INFO  grpc.GrpcConfigKeys (ConfUtils.java:logGet(46)) - raft.grpc.server.install_snapshot.request.element-limit = 8 (default)
2023-12-28 09:08:31,795 [9e792a6f-77db-4c9d-ab1c-4b4be3f2ae56@group-7A911354CE2F-LeaderElection31] INFO  grpc.GrpcConfigKeys (ConfUtils.java:logGet(46)) - raft.grpc.server.install_snapshot.request.timeout = 3000ms (default)
2023-12-28 09:08:31,795 [9e792a6f-77db-4c9d-ab1c-4b4be3f2ae56@group-7A911354CE2F-LeaderElection31] INFO  server.RaftServerConfigKeys (ConfUtils.java:logGet(46)) - raft.server.log.appender.install.snapshot.enabled = false (custom)
2023-12-28 09:08:31,795 [9e792a6f-77db-4c9d-ab1c-4b4be3f2ae56@group-7A911354CE2F-LeaderElection31] INFO  grpc.GrpcConfigKeys (ConfUtils.java:logGet(46)) - raft.grpc.server.heartbeat.channel = true (default)
2023-12-28 09:08:31,795 [9e792a6f-77db-4c9d-ab1c-4b4be3f2ae56@group-7A911354CE2F-LeaderElection31] INFO  impl.RoleInfo (RoleInfo.java:updateAndGet(139)) - 9e792a6f-77db-4c9d-ab1c-4b4be3f2ae56: start 9e792a6f-77db-4c9d-ab1c-4b4be3f2ae56@group-7A911354CE2F-LeaderStateImpl
2023-12-28 09:08:31,795 [9e792a6f-77db-4c9d-ab1c-4b4be3f2ae56@group-7A911354CE2F-LeaderElection31] INFO  server.RaftServer$Division (RaftServerImpl.java:setFirstElection(564)) - 9e792a6f-77db-4c9d-ab1c-4b4be3f2ae56@group-7A911354CE2F: set firstElectionSinceStartup to false for becomeLeader
2023-12-28 09:08:31,795 [9e792a6f-77db-4c9d-ab1c-4b4be3f2ae56@group-7A911354CE2F-LeaderElection31] INFO  ratis.XceiverServerRatis (XceiverServerRatis.java:handleLeaderChangedNotification(935)) - Leader change notification received for group: group-7A911354CE2F with new leaderId: 9e792a6f-77db-4c9d-ab1c-4b4be3f2ae56
2023-12-28 09:08:31,795 [9e792a6f-77db-4c9d-ab1c-4b4be3f2ae56@group-7A911354CE2F-LeaderElection31] INFO  server.RaftServer$Division (ServerState.java:setLeader(265)) - 9e792a6f-77db-4c9d-ab1c-4b4be3f2ae56@group-7A911354CE2F: change Leader from null to 9e792a6f-77db-4c9d-ab1c-4b4be3f2ae56 at term 1 for becomeLeader, leader elected after 5139ms
2023-12-28 09:08:31,796 [9e792a6f-77db-4c9d-ab1c-4b4be3f2ae56@group-7A911354CE2F-LeaderElection31] INFO  segmented.SegmentedRaftLogWorker (SegmentedRaftLogWorker.java:startLogSegment(428)) - 9e792a6f-77db-4c9d-ab1c-4b4be3f2ae56@group-7A911354CE2F-SegmentedRaftLogWorker: Starting segment from index:0
2023-12-28 09:08:31,796 [grpc-default-executor-3] INFO  server.RaftServer$Division (RaftServerImpl.java:requestVote(1410)) - dccb7b66-05bf-40d4-a126-9074e1df82c7@group-7A911354CE2F replies to ELECTION vote request: 9e792a6f-77db-4c9d-ab1c-4b4be3f2ae56<-dccb7b66-05bf-40d4-a126-9074e1df82c7#0:OK-t1. Peer's state: dccb7b66-05bf-40d4-a126-9074e1df82c7@group-7A911354CE2F:t1, leader=null, voted=9e792a6f-77db-4c9d-ab1c-4b4be3f2ae56, raftlog=Memoized:dccb7b66-05bf-40d4-a126-9074e1df82c7@group-7A911354CE2F-SegmentedRaftLog:OPENED:c-1, conf=-1: peers:[dccb7b66-05bf-40d4-a126-9074e1df82c7|10.1.0.14:15166, 9e792a6f-77db-4c9d-ab1c-4b4be3f2ae56|10.1.0.14:15157, 3217eff5-f77e-4cc7-8aa1-ee5fb2ab3194|10.1.0.14:15175]|listeners:[], old=null
2023-12-28 09:08:31,797 [EventQueue-PipelineReportForPipelineReportHandler] INFO  pipeline.PipelineReportHandler (PipelineReportHandler.java:processPipelineReport(136)) - Opened pipeline PipelineID=7d01b0ae-962c-4cf1-9d7b-7a911354ce2f
2023-12-28 09:08:31,799 [9e792a6f-77db-4c9d-ab1c-4b4be3f2ae56@group-7A911354CE2F-LeaderElection31] INFO  server.RaftServer$Division (ServerState.java:setRaftConf(382)) - 9e792a6f-77db-4c9d-ab1c-4b4be3f2ae56@group-7A911354CE2F: set configuration 0: peers:[dccb7b66-05bf-40d4-a126-9074e1df82c7|10.1.0.14:15166, 9e792a6f-77db-4c9d-ab1c-4b4be3f2ae56|10.1.0.14:15157, 3217eff5-f77e-4cc7-8aa1-ee5fb2ab3194|10.1.0.14:15175]|listeners:[], old=null
2023-12-28 09:08:31,804 [dccb7b66-05bf-40d4-a126-9074e1df82c7-server-thread1] INFO  ratis.XceiverServerRatis (XceiverServerRatis.java:handleLeaderChangedNotification(935)) - Leader change notification received for group: group-7A911354CE2F with new leaderId: 9e792a6f-77db-4c9d-ab1c-4b4be3f2ae56
2023-12-28 09:08:31,804 [dccb7b66-05bf-40d4-a126-9074e1df82c7-server-thread1] INFO  server.RaftServer$Division (ServerState.java:setLeader(265)) - dccb7b66-05bf-40d4-a126-9074e1df82c7@group-7A911354CE2F: change Leader from null to 9e792a6f-77db-4c9d-ab1c-4b4be3f2ae56 at term 1 for appendEntries, leader elected after 5086ms
2023-12-28 09:08:31,806 [3217eff5-f77e-4cc7-8aa1-ee5fb2ab3194-server-thread2] INFO  ratis.XceiverServerRatis (XceiverServerRatis.java:handleLeaderChangedNotification(935)) - Leader change notification received for group: group-7A911354CE2F with new leaderId: 9e792a6f-77db-4c9d-ab1c-4b4be3f2ae56
2023-12-28 09:08:31,806 [9e792a6f-77db-4c9d-ab1c-4b4be3f2ae56@group-7A911354CE2F-SegmentedRaftLogWorker] INFO  segmented.SegmentedRaftLogWorker (SegmentedRaftLogWorker.java:execute(632)) - 9e792a6f-77db-4c9d-ab1c-4b4be3f2ae56@group-7A911354CE2F-SegmentedRaftLogWorker: created new log segment /home/runner/work/ozone/ozone/hadoop-ozone/integration-test/target/test-dir/MiniOzoneClusterImpl-8986566a-fb65-479a-a2d4-a5d5d2c03f68/datanode-6/data/ratis/7d01b0ae-962c-4cf1-9d7b-7a911354ce2f/current/log_inprogress_0
2023-12-28 09:08:31,806 [3217eff5-f77e-4cc7-8aa1-ee5fb2ab3194-server-thread2] INFO  server.RaftServer$Division (ServerState.java:setLeader(265)) - 3217eff5-f77e-4cc7-8aa1-ee5fb2ab3194@group-7A911354CE2F: change Leader from null to 9e792a6f-77db-4c9d-ab1c-4b4be3f2ae56 at term 1 for appendEntries, leader elected after 5125ms
2023-12-28 09:08:31,807 [dccb7b66-05bf-40d4-a126-9074e1df82c7-server-thread2] INFO  server.RaftServer$Division (ServerState.java:setRaftConf(382)) - dccb7b66-05bf-40d4-a126-9074e1df82c7@group-7A911354CE2F: set configuration 0: peers:[dccb7b66-05bf-40d4-a126-9074e1df82c7|10.1.0.14:15166, 9e792a6f-77db-4c9d-ab1c-4b4be3f2ae56|10.1.0.14:15157, 3217eff5-f77e-4cc7-8aa1-ee5fb2ab3194|10.1.0.14:15175]|listeners:[], old=null
2023-12-28 09:08:31,807 [3217eff5-f77e-4cc7-8aa1-ee5fb2ab3194-server-thread2] INFO  server.RaftServer$Division (ServerState.java:setRaftConf(382)) - 3217eff5-f77e-4cc7-8aa1-ee5fb2ab3194@group-7A911354CE2F: set configuration 0: peers:[dccb7b66-05bf-40d4-a126-9074e1df82c7|10.1.0.14:15166, 9e792a6f-77db-4c9d-ab1c-4b4be3f2ae56|10.1.0.14:15157, 3217eff5-f77e-4cc7-8aa1-ee5fb2ab3194|10.1.0.14:15175]|listeners:[], old=null
2023-12-28 09:08:31,808 [3217eff5-f77e-4cc7-8aa1-ee5fb2ab3194-server-thread2] INFO  segmented.SegmentedRaftLogWorker (SegmentedRaftLogWorker.java:startLogSegment(428)) - 3217eff5-f77e-4cc7-8aa1-ee5fb2ab3194@group-7A911354CE2F-SegmentedRaftLogWorker: Starting segment from index:0
2023-12-28 09:08:31,808 [dccb7b66-05bf-40d4-a126-9074e1df82c7-server-thread2] INFO  segmented.SegmentedRaftLogWorker (SegmentedRaftLogWorker.java:startLogSegment(428)) - dccb7b66-05bf-40d4-a126-9074e1df82c7@group-7A911354CE2F-SegmentedRaftLogWorker: Starting segment from index:0
2023-12-28 09:08:31,820 [3217eff5-f77e-4cc7-8aa1-ee5fb2ab3194@group-7A911354CE2F-SegmentedRaftLogWorker] INFO  segmented.SegmentedRaftLogWorker (SegmentedRaftLogWorker.java:execute(632)) - 3217eff5-f77e-4cc7-8aa1-ee5fb2ab3194@group-7A911354CE2F-SegmentedRaftLogWorker: created new log segment /home/runner/work/ozone/ozone/hadoop-ozone/integration-test/target/test-dir/MiniOzoneClusterImpl-8986566a-fb65-479a-a2d4-a5d5d2c03f68/datanode-8/data/ratis/7d01b0ae-962c-4cf1-9d7b-7a911354ce2f/current/log_inprogress_0
2023-12-28 09:08:31,820 [dccb7b66-05bf-40d4-a126-9074e1df82c7@group-7A911354CE2F-SegmentedRaftLogWorker] INFO  segmented.SegmentedRaftLogWorker (SegmentedRaftLogWorker.java:execute(632)) - dccb7b66-05bf-40d4-a126-9074e1df82c7@group-7A911354CE2F-SegmentedRaftLogWorker: created new log segment /home/runner/work/ozone/ozone/hadoop-ozone/integration-test/target/test-dir/MiniOzoneClusterImpl-8986566a-fb65-479a-a2d4-a5d5d2c03f68/datanode-7/data/ratis/7d01b0ae-962c-4cf1-9d7b-7a911354ce2f/current/log_inprogress_0
2023-12-28 09:08:31,823 [9e792a6f-77db-4c9d-ab1c-4b4be3f2ae56@group-7A911354CE2F-StateMachineUpdater] INFO  server.RaftServer$Division (LeaderStateImpl.java:isApplied(316)) - leader is ready since appliedIndex == 0 >= startIndex == 0
2023-12-28 09:08:31,859 [main] INFO  ozone.MiniOzoneClusterImpl (MiniOzoneClusterImpl.java:lambda$waitForClusterToBeReady$0(230)) - Nodes are ready. Got 9 of 9 DN Heartbeats.
2023-12-28 09:08:31,859 [main] INFO  ozone.MiniOzoneClusterImpl (MiniOzoneClusterImpl.java:lambda$waitForClusterToBeReady$0(233)) - Cluster exits safe mode
2023-12-28 09:08:31,859 [main] INFO  ozone.MiniOzoneClusterImpl (MiniOzoneClusterImpl.java:lambda$waitForClusterToBeReady$0(235)) - SCM became leader
2023-12-28 09:08:31,860 [main] INFO  protocolPB.OmTransportFactory (OmTransportFactory.java:createFactory(62)) - Loading OM transport implementation org.apache.hadoop.ozone.om.protocolPB.Hadoop3OmTransportFactory as specified by configuration.
2023-12-28 09:08:31,865 [main] INFO  rpc.RpcClient (RpcClient.java:createVolume(456)) - Creating Volume: watchforcommithandlingtest, with runner as owner and space quota set to -1 bytes, counts quota set to -1
2023-12-28 09:08:31,869 [om1-OMStateMachineApplyTransactionThread - 0] INFO  volume.OMVolumeCreateRequest (OMVolumeCreateRequest.java:validateAndUpdateCache(198)) - created volume:watchforcommithandlingtest for user:runner
2023-12-28 09:08:31,873 [main] INFO  rpc.RpcClient (RpcClient.java:createBucket(683)) - Creating Bucket: watchforcommithandlingtest/watchforcommithandlingtest, with server-side default bucket layout, runner as owner, Versioning false, Storage Type set to DISK and Encryption set to false, Replication Type set to server-side default replication type, Namespace Quota set to -1, Space Quota set to -1 
2023-12-28 09:08:31,875 [om1-OMStateMachineApplyTransactionThread - 0] INFO  bucket.OMBucketCreateRequest (OMBucketCreateRequest.java:validateAndUpdateCache(296)) - created bucket: watchforcommithandlingtest of layout FILE_SYSTEM_OPTIMIZED in volume: watchforcommithandlingtest
2023-12-28 09:08:31,884 [IPC Server handler 7 on default port 15089] INFO  ha.SequenceIdGenerator (SequenceIdGenerator.java:getNextId(145)) - Allocate a batch for containerId, change lastId from 0 to 1000.
2023-12-28 09:08:31,915 [dccb7b66-05bf-40d4-a126-9074e1df82c7@group-233B65F5EE38-FollowerState] INFO  impl.FollowerState (FollowerState.java:run(143)) - dccb7b66-05bf-40d4-a126-9074e1df82c7@group-233B65F5EE38-FollowerState: change to CANDIDATE, lastRpcElapsedTime:5152488675ns, electionTimeout:5152ms
2023-12-28 09:08:31,915 [dccb7b66-05bf-40d4-a126-9074e1df82c7@group-233B65F5EE38-FollowerState] INFO  impl.RoleInfo (RoleInfo.java:shutdownFollowerState(110)) - dccb7b66-05bf-40d4-a126-9074e1df82c7: shutdown dccb7b66-05bf-40d4-a126-9074e1df82c7@group-233B65F5EE38-FollowerState
2023-12-28 09:08:31,915 [dccb7b66-05bf-40d4-a126-9074e1df82c7@group-233B65F5EE38-FollowerState] INFO  server.RaftServer$Division (RaftServerImpl.java:setRole(379)) - dccb7b66-05bf-40d4-a126-9074e1df82c7@group-233B65F5EE38: changes role from  FOLLOWER to CANDIDATE at term 0 for changeToCandidate
2023-12-28 09:08:31,915 [dccb7b66-05bf-40d4-a126-9074e1df82c7@group-233B65F5EE38-FollowerState] INFO  server.RaftServerConfigKeys (ConfUtils.java:logGet(46)) - raft.server.leaderelection.pre-vote = true (default)
2023-12-28 09:08:31,915 [dccb7b66-05bf-40d4-a126-9074e1df82c7@group-233B65F5EE38-FollowerState] INFO  impl.RoleInfo (RoleInfo.java:updateAndGet(139)) - dccb7b66-05bf-40d4-a126-9074e1df82c7: start dccb7b66-05bf-40d4-a126-9074e1df82c7@group-233B65F5EE38-LeaderElection33
2023-12-28 09:08:31,922 [dccb7b66-05bf-40d4-a126-9074e1df82c7@group-233B65F5EE38-LeaderElection33] INFO  impl.LeaderElection (LeaderElection.java:askForVotes(323)) - dccb7b66-05bf-40d4-a126-9074e1df82c7@group-233B65F5EE38-LeaderElection33 PRE_VOTE round 0: submit vote requests at term 0 for -1: peers:[dccb7b66-05bf-40d4-a126-9074e1df82c7|10.1.0.14:15166]|listeners:[], old=null
2023-12-28 09:08:31,923 [dccb7b66-05bf-40d4-a126-9074e1df82c7@group-233B65F5EE38-LeaderElection33] INFO  impl.LeaderElection (LeaderElection.java:askForVotes(325)) - dccb7b66-05bf-40d4-a126-9074e1df82c7@group-233B65F5EE38-LeaderElection33 PRE_VOTE round 0: result PASSED (term=0)
2023-12-28 09:08:31,924 [dccb7b66-05bf-40d4-a126-9074e1df82c7@group-233B65F5EE38-LeaderElection33] INFO  impl.LeaderElection (LeaderElection.java:askForVotes(323)) - dccb7b66-05bf-40d4-a126-9074e1df82c7@group-233B65F5EE38-LeaderElection33 ELECTION round 0: submit vote requests at term 1 for -1: peers:[dccb7b66-05bf-40d4-a126-9074e1df82c7|10.1.0.14:15166]|listeners:[], old=null
2023-12-28 09:08:31,927 [dccb7b66-05bf-40d4-a126-9074e1df82c7@group-233B65F5EE38-LeaderElection33] INFO  impl.LeaderElection (LeaderElection.java:askForVotes(325)) - dccb7b66-05bf-40d4-a126-9074e1df82c7@group-233B65F5EE38-LeaderElection33 ELECTION round 0: result PASSED (term=1)
2023-12-28 09:08:31,927 [dccb7b66-05bf-40d4-a126-9074e1df82c7@group-233B65F5EE38-LeaderElection33] INFO  impl.RoleInfo (RoleInfo.java:shutdownLeaderElection(130)) - dccb7b66-05bf-40d4-a126-9074e1df82c7: shutdown dccb7b66-05bf-40d4-a126-9074e1df82c7@group-233B65F5EE38-LeaderElection33
2023-12-28 09:08:31,927 [dccb7b66-05bf-40d4-a126-9074e1df82c7@group-233B65F5EE38-LeaderElection33] INFO  server.RaftServer$Division (RaftServerImpl.java:setRole(379)) - dccb7b66-05bf-40d4-a126-9074e1df82c7@group-233B65F5EE38: changes role from CANDIDATE to LEADER at term 1 for changeToLeader
2023-12-28 09:08:31,927 [dccb7b66-05bf-40d4-a126-9074e1df82c7@group-233B65F5EE38-LeaderElection33] INFO  server.RaftServerConfigKeys (ConfUtils.java:logGet(46)) - raft.server.staging.catchup.gap = 1000 (default)
2023-12-28 09:08:31,927 [dccb7b66-05bf-40d4-a126-9074e1df82c7@group-233B65F5EE38-LeaderElection33] INFO  server.RaftServerConfigKeys (ConfUtils.java:logGet(46)) - raft.server.write.element-limit = 1024 (custom)
2023-12-28 09:08:31,927 [dccb7b66-05bf-40d4-a126-9074e1df82c7@group-233B65F5EE38-LeaderElection33] INFO  server.RaftServerConfigKeys (ConfUtils.java:logGet(46)) - raft.server.write.byte-limit = 1024 M (=1073741824) (custom)
2023-12-28 09:08:31,927 [dccb7b66-05bf-40d4-a126-9074e1df82c7@group-233B65F5EE38-LeaderElection33] INFO  server.RaftServerConfigKeys (ConfUtils.java:logGet(46)) - raft.server.watch.timeout = 3000ms (custom)
2023-12-28 09:08:31,928 [dccb7b66-05bf-40d4-a126-9074e1df82c7@group-233B65F5EE38-LeaderElection33] INFO  server.RaftServerConfigKeys (ConfUtils.java:logGet(46)) - raft.server.watch.timeout.denomination = 1s (default)
2023-12-28 09:08:31,928 [dccb7b66-05bf-40d4-a126-9074e1df82c7@group-233B65F5EE38-LeaderElection33] INFO  server.RaftServerConfigKeys (ConfUtils.java:logGet(46)) - raft.server.watch.element-limit = 65536 (default)
2023-12-28 09:08:31,928 [dccb7b66-05bf-40d4-a126-9074e1df82c7@group-233B65F5EE38-LeaderElection33] INFO  server.RaftServerConfigKeys (ConfUtils.java:logGet(46)) - raft.server.read.leader.lease.enabled = false (default)
2023-12-28 09:08:31,928 [dccb7b66-05bf-40d4-a126-9074e1df82c7@group-233B65F5EE38-LeaderElection33] INFO  server.RaftServerConfigKeys (ConfUtils.java:logGet(46)) - raft.server.read.leader.lease.timeout.ratio = 0.9 (default)
2023-12-28 09:08:31,928 [dccb7b66-05bf-40d4-a126-9074e1df82c7@group-233B65F5EE38-LeaderElection33] INFO  server.RaftServerConfigKeys (ConfUtils.java:logGet(46)) - raft.server.rpc.timeout.min = 5s (custom)
2023-12-28 09:08:31,928 [dccb7b66-05bf-40d4-a126-9074e1df82c7@group-233B65F5EE38-LeaderElection33] INFO  server.RaftServerConfigKeys (ConfUtils.java:logGet(46)) - raft.server.write.element-limit = 1024 (custom)
2023-12-28 09:08:31,928 [dccb7b66-05bf-40d4-a126-9074e1df82c7@group-233B65F5EE38-LeaderElection33] INFO  server.RaftServerConfigKeys (ConfUtils.java:logGet(46)) - raft.server.write.follower.gap.ratio.max = -1.0 (default)
2023-12-28 09:08:31,928 [dccb7b66-05bf-40d4-a126-9074e1df82c7@group-233B65F5EE38-LeaderElection33] INFO  impl.RoleInfo (RoleInfo.java:updateAndGet(139)) - dccb7b66-05bf-40d4-a126-9074e1df82c7: start dccb7b66-05bf-40d4-a126-9074e1df82c7@group-233B65F5EE38-LeaderStateImpl
2023-12-28 09:08:31,928 [dccb7b66-05bf-40d4-a126-9074e1df82c7@group-233B65F5EE38-LeaderElection33] INFO  server.RaftServer$Division (RaftServerImpl.java:setFirstElection(564)) - dccb7b66-05bf-40d4-a126-9074e1df82c7@group-233B65F5EE38: set firstElectionSinceStartup to false for becomeLeader
2023-12-28 09:08:31,928 [dccb7b66-05bf-40d4-a126-9074e1df82c7@group-233B65F5EE38-LeaderElection33] INFO  ratis.XceiverServerRatis (XceiverServerRatis.java:handleLeaderChangedNotification(935)) - Leader change notification received for group: group-233B65F5EE38 with new leaderId: dccb7b66-05bf-40d4-a126-9074e1df82c7
2023-12-28 09:08:31,929 [dccb7b66-05bf-40d4-a126-9074e1df82c7@group-233B65F5EE38-LeaderElection33] INFO  server.RaftServer$Division (ServerState.java:setLeader(265)) - dccb7b66-05bf-40d4-a126-9074e1df82c7@group-233B65F5EE38: change Leader from null to dccb7b66-05bf-40d4-a126-9074e1df82c7 at term 1 for becomeLeader, leader elected after 5180ms
2023-12-28 09:08:31,929 [dccb7b66-05bf-40d4-a126-9074e1df82c7@group-233B65F5EE38-LeaderElection33] INFO  segmented.SegmentedRaftLogWorker (SegmentedRaftLogWorker.java:startLogSegment(428)) - dccb7b66-05bf-40d4-a126-9074e1df82c7@group-233B65F5EE38-SegmentedRaftLogWorker: Starting segment from index:0
2023-12-28 09:08:31,933 [main] INFO  ozoneimpl.OzoneContainer (OzoneContainer.java:stop(463)) - Attempting to stop container services.
2023-12-28 09:08:31,933 [main] INFO  server.RaftServer (RaftServerProxy.java:lambda$close$9(416)) - a88a6c70-ad04-4ba2-9985-df8f03985c47: close
2023-12-28 09:08:31,934 [a88a6c70-ad04-4ba2-9985-df8f03985c47-impl-thread1] INFO  server.RaftServer$Division (RaftServerImpl.java:lambda$close$3(516)) - a88a6c70-ad04-4ba2-9985-df8f03985c47@group-9589741A35F8: shutdown
2023-12-28 09:08:31,934 [main] INFO  server.GrpcService (GrpcService.java:closeImpl(311)) - a88a6c70-ad04-4ba2-9985-df8f03985c47: shutdown server org.apache.ratis.grpc.server.GrpcClientProtocolService now
2023-12-28 09:08:31,934 [a88a6c70-ad04-4ba2-9985-df8f03985c47-impl-thread1] INFO  util.JmxRegister (JmxRegister.java:unregister(73)) - Successfully un-registered JMX Bean with object name Ratis:service=RaftServer,group=group-9589741A35F8,id=a88a6c70-ad04-4ba2-9985-df8f03985c47
2023-12-28 09:08:31,934 [a88a6c70-ad04-4ba2-9985-df8f03985c47-impl-thread1] INFO  impl.RoleInfo (RoleInfo.java:shutdownFollowerState(110)) - a88a6c70-ad04-4ba2-9985-df8f03985c47: shutdown a88a6c70-ad04-4ba2-9985-df8f03985c47@group-9589741A35F8-FollowerState
2023-12-28 09:08:31,934 [a88a6c70-ad04-4ba2-9985-df8f03985c47-impl-thread1] INFO  impl.StateMachineUpdater (StateMachineUpdater.java:stopAndJoin(157)) - a88a6c70-ad04-4ba2-9985-df8f03985c47@group-9589741A35F8-StateMachineUpdater: set stopIndex = 1
2023-12-28 09:08:31,934 [a88a6c70-ad04-4ba2-9985-df8f03985c47@group-9589741A35F8-FollowerState] INFO  impl.FollowerState (FollowerState.java:run(152)) - a88a6c70-ad04-4ba2-9985-df8f03985c47@group-9589741A35F8-FollowerState was interrupted
2023-12-28 09:08:31,934 [a88a6c70-ad04-4ba2-9985-df8f03985c47@group-9589741A35F8-StateMachineUpdater] INFO  ratis.ContainerStateMachine (ContainerStateMachine.java:takeSnapshot(355)) - group-9589741A35F8: Taking a snapshot at:(t:1, i:0) file /home/runner/work/ozone/ozone/hadoop-ozone/integration-test/target/test-dir/MiniOzoneClusterImpl-8986566a-fb65-479a-a2d4-a5d5d2c03f68/datanode-5/data/ratis/7fde9c9e-684b-4c0c-a32c-9589741a35f8/sm/snapshot.1_0
2023-12-28 09:08:31,935 [a88a6c70-ad04-4ba2-9985-df8f03985c47-impl-thread2] INFO  server.RaftServer$Division (RaftServerImpl.java:lambda$close$3(516)) - a88a6c70-ad04-4ba2-9985-df8f03985c47@group-A7BD0E20D77C: shutdown
2023-12-28 09:08:31,935 [a88a6c70-ad04-4ba2-9985-df8f03985c47-impl-thread2] INFO  util.JmxRegister (JmxRegister.java:unregister(73)) - Successfully un-registered JMX Bean with object name Ratis:service=RaftServer,group=group-A7BD0E20D77C,id=a88a6c70-ad04-4ba2-9985-df8f03985c47
2023-12-28 09:08:31,935 [a88a6c70-ad04-4ba2-9985-df8f03985c47-impl-thread2] INFO  impl.RoleInfo (RoleInfo.java:shutdownLeaderState(94)) - a88a6c70-ad04-4ba2-9985-df8f03985c47: shutdown a88a6c70-ad04-4ba2-9985-df8f03985c47@group-A7BD0E20D77C-LeaderStateImpl
2023-12-28 09:08:31,936 [a88a6c70-ad04-4ba2-9985-df8f03985c47-impl-thread2] INFO  impl.PendingRequests (PendingRequests.java:sendNotLeaderResponses(289)) - a88a6c70-ad04-4ba2-9985-df8f03985c47@group-A7BD0E20D77C-PendingRequests: sendNotLeaderResponses
2023-12-28 09:08:31,936 [a88a6c70-ad04-4ba2-9985-df8f03985c47-impl-thread2] INFO  impl.StateMachineUpdater (StateMachineUpdater.java:stopAndJoin(157)) - a88a6c70-ad04-4ba2-9985-df8f03985c47@group-A7BD0E20D77C-StateMachineUpdater: set stopIndex = 0
2023-12-28 09:08:31,936 [a88a6c70-ad04-4ba2-9985-df8f03985c47@group-A7BD0E20D77C-StateMachineUpdater] INFO  ratis.ContainerStateMachine (ContainerStateMachine.java:takeSnapshot(355)) - group-A7BD0E20D77C: Taking a snapshot at:(t:1, i:0) file /home/runner/work/ozone/ozone/hadoop-ozone/integration-test/target/test-dir/MiniOzoneClusterImpl-8986566a-fb65-479a-a2d4-a5d5d2c03f68/datanode-5/data/ratis/4f295cec-52c8-4cf4-bb15-a7bd0e20d77c/sm/snapshot.1_0
2023-12-28 09:08:31,944 [a88a6c70-ad04-4ba2-9985-df8f03985c47@group-9589741A35F8-StateMachineUpdater] INFO  ratis.ContainerStateMachine (ContainerStateMachine.java:takeSnapshot(366)) - group-9589741A35F8: Finished taking a snapshot at:(t:1, i:0) file:/home/runner/work/ozone/ozone/hadoop-ozone/integration-test/target/test-dir/MiniOzoneClusterImpl-8986566a-fb65-479a-a2d4-a5d5d2c03f68/datanode-5/data/ratis/7fde9c9e-684b-4c0c-a32c-9589741a35f8/sm/snapshot.1_0 took: 10 ms
2023-12-28 09:08:31,944 [a88a6c70-ad04-4ba2-9985-df8f03985c47@group-A7BD0E20D77C-StateMachineUpdater] INFO  ratis.ContainerStateMachine (ContainerStateMachine.java:takeSnapshot(366)) - group-A7BD0E20D77C: Finished taking a snapshot at:(t:1, i:0) file:/home/runner/work/ozone/ozone/hadoop-ozone/integration-test/target/test-dir/MiniOzoneClusterImpl-8986566a-fb65-479a-a2d4-a5d5d2c03f68/datanode-5/data/ratis/4f295cec-52c8-4cf4-bb15-a7bd0e20d77c/sm/snapshot.1_0 took: 8 ms
2023-12-28 09:08:31,944 [dccb7b66-05bf-40d4-a126-9074e1df82c7@group-233B65F5EE38-SegmentedRaftLogWorker] INFO  segmented.SegmentedRaftLogWorker (SegmentedRaftLogWorker.java:execute(632)) - dccb7b66-05bf-40d4-a126-9074e1df82c7@group-233B65F5EE38-SegmentedRaftLogWorker: created new log segment /home/runner/work/ozone/ozone/hadoop-ozone/integration-test/target/test-dir/MiniOzoneClusterImpl-8986566a-fb65-479a-a2d4-a5d5d2c03f68/datanode-7/data/ratis/be5ce17b-3d15-446a-bad1-233b65f5ee38/current/log_inprogress_0
2023-12-28 09:08:31,944 [a88a6c70-ad04-4ba2-9985-df8f03985c47@group-9589741A35F8-StateMachineUpdater] INFO  impl.StateMachineUpdater (StateMachineUpdater.java:takeSnapshot(295)) - a88a6c70-ad04-4ba2-9985-df8f03985c47@group-9589741A35F8-StateMachineUpdater: Took a snapshot at index 0
2023-12-28 09:08:31,944 [a88a6c70-ad04-4ba2-9985-df8f03985c47@group-9589741A35F8-StateMachineUpdater] INFO  impl.StateMachineUpdater (StateMachineUpdater.java:lambda$new$0(98)) - a88a6c70-ad04-4ba2-9985-df8f03985c47@group-9589741A35F8-StateMachineUpdater: snapshotIndex: updateIncreasingly -1 -> 0
2023-12-28 09:08:31,944 [a88a6c70-ad04-4ba2-9985-df8f03985c47@group-9589741A35F8-StateMachineUpdater] INFO  ratis.ContainerStateMachine (ContainerStateMachine.java:takeSnapshot(355)) - group-9589741A35F8: Taking a snapshot at:(t:1, i:1) file /home/runner/work/ozone/ozone/hadoop-ozone/integration-test/target/test-dir/MiniOzoneClusterImpl-8986566a-fb65-479a-a2d4-a5d5d2c03f68/datanode-5/data/ratis/7fde9c9e-684b-4c0c-a32c-9589741a35f8/sm/snapshot.1_1
2023-12-28 09:08:31,945 [a88a6c70-ad04-4ba2-9985-df8f03985c47@group-A7BD0E20D77C-StateMachineUpdater] INFO  impl.StateMachineUpdater (StateMachineUpdater.java:takeSnapshot(295)) - a88a6c70-ad04-4ba2-9985-df8f03985c47@group-A7BD0E20D77C-StateMachineUpdater: Took a snapshot at index 0
2023-12-28 09:08:31,945 [a88a6c70-ad04-4ba2-9985-df8f03985c47@group-A7BD0E20D77C-StateMachineUpdater] INFO  impl.StateMachineUpdater (StateMachineUpdater.java:lambda$new$0(98)) - a88a6c70-ad04-4ba2-9985-df8f03985c47@group-A7BD0E20D77C-StateMachineUpdater: snapshotIndex: updateIncreasingly -1 -> 0
2023-12-28 09:08:31,945 [dccb7b66-05bf-40d4-a126-9074e1df82c7@group-233B65F5EE38-LeaderElection33] INFO  server.RaftServer$Division (ServerState.java:setRaftConf(382)) - dccb7b66-05bf-40d4-a126-9074e1df82c7@group-233B65F5EE38: set configuration 0: peers:[dccb7b66-05bf-40d4-a126-9074e1df82c7|10.1.0.14:15166]|listeners:[], old=null
2023-12-28 09:08:31,945 [a88a6c70-ad04-4ba2-9985-df8f03985c47@group-9589741A35F8-StateMachineUpdater] INFO  ratis.ContainerStateMachine (ContainerStateMachine.java:takeSnapshot(366)) - group-9589741A35F8: Finished taking a snapshot at:(t:1, i:1) file:/home/runner/work/ozone/ozone/hadoop-ozone/integration-test/target/test-dir/MiniOzoneClusterImpl-8986566a-fb65-479a-a2d4-a5d5d2c03f68/datanode-5/data/ratis/7fde9c9e-684b-4c0c-a32c-9589741a35f8/sm/snapshot.1_1 took: 1 ms
2023-12-28 09:08:31,946 [a88a6c70-ad04-4ba2-9985-df8f03985c47@group-9589741A35F8-StateMachineUpdater] INFO  impl.StateMachineUpdater (StateMachineUpdater.java:takeSnapshot(295)) - a88a6c70-ad04-4ba2-9985-df8f03985c47@group-9589741A35F8-StateMachineUpdater: Took a snapshot at index 1
2023-12-28 09:08:31,946 [a88a6c70-ad04-4ba2-9985-df8f03985c47@group-9589741A35F8-StateMachineUpdater] INFO  impl.StateMachineUpdater (StateMachineUpdater.java:lambda$new$0(98)) - a88a6c70-ad04-4ba2-9985-df8f03985c47@group-9589741A35F8-StateMachineUpdater: snapshotIndex: updateIncreasingly 0 -> 1
2023-12-28 09:08:31,945 [main] INFO  server.GrpcService (GrpcService.java:closeImpl(320)) - a88a6c70-ad04-4ba2-9985-df8f03985c47: shutdown server org.apache.ratis.grpc.server.GrpcClientProtocolService successfully
2023-12-28 09:08:31,946 [main] INFO  server.GrpcService (GrpcService.java:closeImpl(311)) - a88a6c70-ad04-4ba2-9985-df8f03985c47: shutdown server GrpcServerProtocolService now
2023-12-28 09:08:31,948 [a88a6c70-ad04-4ba2-9985-df8f03985c47-impl-thread1] INFO  server.RaftServer$Division (ServerState.java:close(423)) - a88a6c70-ad04-4ba2-9985-df8f03985c47@group-9589741A35F8: applyIndex: 1
2023-12-28 09:08:31,950 [a88a6c70-ad04-4ba2-9985-df8f03985c47@group-9589741A35F8-cacheEviction-AwaitToRun] INFO  util.AwaitToRun (AwaitToRun.java:run(49)) - a88a6c70-ad04-4ba2-9985-df8f03985c47@group-9589741A35F8-cacheEviction-AwaitToRun-AwaitForSignal is interrupted
2023-12-28 09:08:31,950 [a88a6c70-ad04-4ba2-9985-df8f03985c47-impl-thread2] INFO  server.RaftServer$Division (ServerState.java:close(423)) - a88a6c70-ad04-4ba2-9985-df8f03985c47@group-A7BD0E20D77C: applyIndex: 0
2023-12-28 09:08:31,950 [a88a6c70-ad04-4ba2-9985-df8f03985c47@group-A7BD0E20D77C-cacheEviction-AwaitToRun] INFO  util.AwaitToRun (AwaitToRun.java:run(49)) - a88a6c70-ad04-4ba2-9985-df8f03985c47@group-A7BD0E20D77C-cacheEviction-AwaitToRun-AwaitForSignal is interrupted
2023-12-28 09:08:31,951 [main] INFO  server.GrpcService (GrpcService.java:closeImpl(320)) - a88a6c70-ad04-4ba2-9985-df8f03985c47: shutdown server GrpcServerProtocolService successfully
2023-12-28 09:08:31,951 [main] INFO  server.GrpcService (GrpcService.java:closeImpl(311)) - a88a6c70-ad04-4ba2-9985-df8f03985c47: shutdown server org.apache.ratis.grpc.server.GrpcAdminProtocolService now
2023-12-28 09:08:31,951 [grpc-default-executor-1] WARN  server.GrpcLogAppender (LogUtils.java:warn(121)) - f1f58aef-51f9-473c-80a3-23da74561150@group-9589741A35F8->a88a6c70-ad04-4ba2-9985-df8f03985c47-AppendLogResponseHandler: Failed appendEntries: org.apache.ratis.thirdparty.io.grpc.StatusRuntimeException: CANCELLED: RST_STREAM closed stream. HTTP/2 error code: CANCEL
2023-12-28 09:08:31,951 [grpc-default-executor-3] WARN  server.GrpcServerProtocolService (LogUtils.java:warn(121)) - a88a6c70-ad04-4ba2-9985-df8f03985c47: APPEND_ENTRIES onError, lastRequest: null: org.apache.ratis.thirdparty.io.grpc.StatusRuntimeException: CANCELLED: client cancelled
2023-12-28 09:08:31,951 [grpc-default-executor-1] WARN  server.GrpcLogAppender (GrpcLogAppender.java:resetClient(140)) - f1f58aef-51f9-473c-80a3-23da74561150@group-9589741A35F8->a88a6c70-ad04-4ba2-9985-df8f03985c47-GrpcLogAppender: Follower failed and request == null,  keep nextIndex (3) unchanged and retry.
2023-12-28 09:08:31,951 [grpc-default-executor-4] WARN  server.GrpcServerProtocolService (LogUtils.java:warn(121)) - a88a6c70-ad04-4ba2-9985-df8f03985c47: APPEND_ENTRIES onError, lastRequest: f1f58aef-51f9-473c-80a3-23da74561150->a88a6c70-ad04-4ba2-9985-df8f03985c47#4-t1,previous=(t:1, i:1),leaderCommit=1,initializing? true,entries: size=1, first=(t:1, i:2), METADATAENTRY(c:1): org.apache.ratis.thirdparty.io.grpc.StatusRuntimeException: CANCELLED: client cancelled
2023-12-28 09:08:31,951 [grpc-default-executor-5] WARN  server.GrpcLogAppender (LogUtils.java:warn(121)) - f1f58aef-51f9-473c-80a3-23da74561150@group-9589741A35F8->a88a6c70-ad04-4ba2-9985-df8f03985c47-AppendLogResponseHandler: Failed appendEntries: org.apache.ratis.thirdparty.io.grpc.StatusRuntimeException: CANCELLED: RST_STREAM closed stream. HTTP/2 error code: CANCEL
2023-12-28 09:08:31,951 [grpc-default-executor-5] WARN  server.GrpcLogAppender (GrpcLogAppender.java:resetClient(140)) - f1f58aef-51f9-473c-80a3-23da74561150@group-9589741A35F8->a88a6c70-ad04-4ba2-9985-df8f03985c47-GrpcLogAppender: Follower failed and request == null,  keep nextIndex (3) unchanged and retry.
2023-12-28 09:08:31,952 [main] INFO  server.GrpcService (GrpcService.java:closeImpl(320)) - a88a6c70-ad04-4ba2-9985-df8f03985c47: shutdown server org.apache.ratis.grpc.server.GrpcAdminProtocolService successfully
2023-12-28 09:08:31,952 [a88a6c70-ad04-4ba2-9985-df8f03985c47-NettyServerStreamRpc-bossGroup--thread1] INFO  logging.LoggingHandler (AbstractInternalLogger.java:log(148)) - [id: 0xb701eaae, L:/0.0.0.0:15149] CLOSE
2023-12-28 09:08:31,952 [a88a6c70-ad04-4ba2-9985-df8f03985c47-NettyServerStreamRpc-bossGroup--thread1] INFO  logging.LoggingHandler (AbstractInternalLogger.java:log(148)) - [id: 0xb701eaae, L:/0.0.0.0:15149] INACTIVE
2023-12-28 09:08:31,953 [a88a6c70-ad04-4ba2-9985-df8f03985c47-NettyServerStreamRpc-bossGroup--thread1] INFO  logging.LoggingHandler (AbstractInternalLogger.java:log(148)) - [id: 0xb701eaae, L:/0.0.0.0:15149] UNREGISTERED
2023-12-28 09:08:31,959 [dccb7b66-05bf-40d4-a126-9074e1df82c7@group-233B65F5EE38-StateMachineUpdater] INFO  server.RaftServer$Division (LeaderStateImpl.java:isApplied(316)) - leader is ready since appliedIndex == 0 >= startIndex == 0
2023-12-28 09:08:32,016 [3217eff5-f77e-4cc7-8aa1-ee5fb2ab3194@group-D966E5BA43E2-FollowerState] INFO  impl.FollowerState (FollowerState.java:run(143)) - 3217eff5-f77e-4cc7-8aa1-ee5fb2ab3194@group-D966E5BA43E2-FollowerState: change to CANDIDATE, lastRpcElapsedTime:5150957335ns, electionTimeout:5150ms
2023-12-28 09:08:32,016 [3217eff5-f77e-4cc7-8aa1-ee5fb2ab3194@group-D966E5BA43E2-FollowerState] INFO  impl.RoleInfo (RoleInfo.java:shutdownFollowerState(110)) - 3217eff5-f77e-4cc7-8aa1-ee5fb2ab3194: shutdown 3217eff5-f77e-4cc7-8aa1-ee5fb2ab3194@group-D966E5BA43E2-FollowerState
2023-12-28 09:08:32,016 [3217eff5-f77e-4cc7-8aa1-ee5fb2ab3194@group-D966E5BA43E2-FollowerState] INFO  server.RaftServer$Division (RaftServerImpl.java:setRole(379)) - 3217eff5-f77e-4cc7-8aa1-ee5fb2ab3194@group-D966E5BA43E2: changes role from  FOLLOWER to CANDIDATE at term 0 for changeToCandidate
2023-12-28 09:08:32,016 [3217eff5-f77e-4cc7-8aa1-ee5fb2ab3194@group-D966E5BA43E2-FollowerState] INFO  server.RaftServerConfigKeys (ConfUtils.java:logGet(46)) - raft.server.leaderelection.pre-vote = true (default)
2023-12-28 09:08:32,016 [3217eff5-f77e-4cc7-8aa1-ee5fb2ab3194@group-D966E5BA43E2-FollowerState] INFO  impl.RoleInfo (RoleInfo.java:updateAndGet(139)) - 3217eff5-f77e-4cc7-8aa1-ee5fb2ab3194: start 3217eff5-f77e-4cc7-8aa1-ee5fb2ab3194@group-D966E5BA43E2-LeaderElection34
2023-12-28 09:08:32,017 [3217eff5-f77e-4cc7-8aa1-ee5fb2ab3194@group-D966E5BA43E2-LeaderElection34] INFO  impl.LeaderElection (LeaderElection.java:askForVotes(323)) - 3217eff5-f77e-4cc7-8aa1-ee5fb2ab3194@group-D966E5BA43E2-LeaderElection34 PRE_VOTE round 0: submit vote requests at term 0 for -1: peers:[3217eff5-f77e-4cc7-8aa1-ee5fb2ab3194|10.1.0.14:15175]|listeners:[], old=null
2023-12-28 09:08:32,017 [3217eff5-f77e-4cc7-8aa1-ee5fb2ab3194@group-D966E5BA43E2-LeaderElection34] INFO  impl.LeaderElection (LeaderElection.java:askForVotes(325)) - 3217eff5-f77e-4cc7-8aa1-ee5fb2ab3194@group-D966E5BA43E2-LeaderElection34 PRE_VOTE round 0: result PASSED (term=0)
2023-12-28 09:08:32,018 [3217eff5-f77e-4cc7-8aa1-ee5fb2ab3194@group-D966E5BA43E2-LeaderElection34] INFO  impl.LeaderElection (LeaderElection.java:askForVotes(323)) - 3217eff5-f77e-4cc7-8aa1-ee5fb2ab3194@group-D966E5BA43E2-LeaderElection34 ELECTION round 0: submit vote requests at term 1 for -1: peers:[3217eff5-f77e-4cc7-8aa1-ee5fb2ab3194|10.1.0.14:15175]|listeners:[], old=null
2023-12-28 09:08:32,018 [3217eff5-f77e-4cc7-8aa1-ee5fb2ab3194@group-D966E5BA43E2-LeaderElection34] INFO  impl.LeaderElection (LeaderElection.java:askForVotes(325)) - 3217eff5-f77e-4cc7-8aa1-ee5fb2ab3194@group-D966E5BA43E2-LeaderElection34 ELECTION round 0: result PASSED (term=1)
2023-12-28 09:08:32,018 [3217eff5-f77e-4cc7-8aa1-ee5fb2ab3194@group-D966E5BA43E2-LeaderElection34] INFO  impl.RoleInfo (RoleInfo.java:shutdownLeaderElection(130)) - 3217eff5-f77e-4cc7-8aa1-ee5fb2ab3194: shutdown 3217eff5-f77e-4cc7-8aa1-ee5fb2ab3194@group-D966E5BA43E2-LeaderElection34
2023-12-28 09:08:32,018 [3217eff5-f77e-4cc7-8aa1-ee5fb2ab3194@group-D966E5BA43E2-LeaderElection34] INFO  server.RaftServer$Division (RaftServerImpl.java:setRole(379)) - 3217eff5-f77e-4cc7-8aa1-ee5fb2ab3194@group-D966E5BA43E2: changes role from CANDIDATE to LEADER at term 1 for changeToLeader
2023-12-28 09:08:32,018 [3217eff5-f77e-4cc7-8aa1-ee5fb2ab3194@group-D966E5BA43E2-LeaderElection34] INFO  server.RaftServerConfigKeys (ConfUtils.java:logGet(46)) - raft.server.staging.catchup.gap = 1000 (default)
2023-12-28 09:08:32,018 [3217eff5-f77e-4cc7-8aa1-ee5fb2ab3194@group-D966E5BA43E2-LeaderElection34] INFO  server.RaftServerConfigKeys (ConfUtils.java:logGet(46)) - raft.server.write.element-limit = 1024 (custom)
2023-12-28 09:08:32,018 [3217eff5-f77e-4cc7-8aa1-ee5fb2ab3194@group-D966E5BA43E2-LeaderElection34] INFO  server.RaftServerConfigKeys (ConfUtils.java:logGet(46)) - raft.server.write.byte-limit = 1024 M (=1073741824) (custom)
2023-12-28 09:08:32,019 [3217eff5-f77e-4cc7-8aa1-ee5fb2ab3194@group-D966E5BA43E2-LeaderElection34] INFO  server.RaftServerConfigKeys (ConfUtils.java:logGet(46)) - raft.server.watch.timeout = 3000ms (custom)
2023-12-28 09:08:32,019 [3217eff5-f77e-4cc7-8aa1-ee5fb2ab3194@group-D966E5BA43E2-LeaderElection34] INFO  server.RaftServerConfigKeys (ConfUtils.java:logGet(46)) - raft.server.watch.timeout.denomination = 1s (default)
2023-12-28 09:08:32,019 [3217eff5-f77e-4cc7-8aa1-ee5fb2ab3194@group-D966E5BA43E2-LeaderElection34] INFO  server.RaftServerConfigKeys (ConfUtils.java:logGet(46)) - raft.server.watch.element-limit = 65536 (default)
2023-12-28 09:08:32,019 [3217eff5-f77e-4cc7-8aa1-ee5fb2ab3194@group-D966E5BA43E2-LeaderElection34] INFO  server.RaftServerConfigKeys (ConfUtils.java:logGet(46)) - raft.server.read.leader.lease.enabled = false (default)
2023-12-28 09:08:32,019 [3217eff5-f77e-4cc7-8aa1-ee5fb2ab3194@group-D966E5BA43E2-LeaderElection34] INFO  server.RaftServerConfigKeys (ConfUtils.java:logGet(46)) - raft.server.read.leader.lease.timeout.ratio = 0.9 (default)
2023-12-28 09:08:32,019 [3217eff5-f77e-4cc7-8aa1-ee5fb2ab3194@group-D966E5BA43E2-LeaderElection34] INFO  server.RaftServerConfigKeys (ConfUtils.java:logGet(46)) - raft.server.rpc.timeout.min = 5s (custom)
2023-12-28 09:08:32,019 [3217eff5-f77e-4cc7-8aa1-ee5fb2ab3194@group-D966E5BA43E2-LeaderElection34] INFO  server.RaftServerConfigKeys (ConfUtils.java:logGet(46)) - raft.server.write.element-limit = 1024 (custom)
2023-12-28 09:08:32,019 [3217eff5-f77e-4cc7-8aa1-ee5fb2ab3194@group-D966E5BA43E2-LeaderElection34] INFO  server.RaftServerConfigKeys (ConfUtils.java:logGet(46)) - raft.server.write.follower.gap.ratio.max = -1.0 (default)
2023-12-28 09:08:32,019 [3217eff5-f77e-4cc7-8aa1-ee5fb2ab3194@group-D966E5BA43E2-LeaderElection34] INFO  impl.RoleInfo (RoleInfo.java:updateAndGet(139)) - 3217eff5-f77e-4cc7-8aa1-ee5fb2ab3194: start 3217eff5-f77e-4cc7-8aa1-ee5fb2ab3194@group-D966E5BA43E2-LeaderStateImpl
2023-12-28 09:08:32,019 [3217eff5-f77e-4cc7-8aa1-ee5fb2ab3194@group-D966E5BA43E2-LeaderElection34] INFO  server.RaftServer$Division (RaftServerImpl.java:setFirstElection(564)) - 3217eff5-f77e-4cc7-8aa1-ee5fb2ab3194@group-D966E5BA43E2: set firstElectionSinceStartup to false for becomeLeader
2023-12-28 09:08:32,019 [3217eff5-f77e-4cc7-8aa1-ee5fb2ab3194@group-D966E5BA43E2-LeaderElection34] INFO  ratis.XceiverServerRatis (XceiverServerRatis.java:handleLeaderChangedNotification(935)) - Leader change notification received for group: group-D966E5BA43E2 with new leaderId: 3217eff5-f77e-4cc7-8aa1-ee5fb2ab3194
2023-12-28 09:08:32,020 [3217eff5-f77e-4cc7-8aa1-ee5fb2ab3194@group-D966E5BA43E2-LeaderElection34] INFO  server.RaftServer$Division (ServerState.java:setLeader(265)) - 3217eff5-f77e-4cc7-8aa1-ee5fb2ab3194@group-D966E5BA43E2: change Leader from null to 3217eff5-f77e-4cc7-8aa1-ee5fb2ab3194 at term 1 for becomeLeader, leader elected after 5169ms
2023-12-28 09:08:32,020 [3217eff5-f77e-4cc7-8aa1-ee5fb2ab3194@group-D966E5BA43E2-LeaderElection34] INFO  segmented.SegmentedRaftLogWorker (SegmentedRaftLogWorker.java:startLogSegment(428)) - 3217eff5-f77e-4cc7-8aa1-ee5fb2ab3194@group-D966E5BA43E2-SegmentedRaftLogWorker: Starting segment from index:0
2023-12-28 09:08:32,023 [3217eff5-f77e-4cc7-8aa1-ee5fb2ab3194@group-D966E5BA43E2-LeaderElection34] INFO  server.RaftServer$Division (ServerState.java:setRaftConf(382)) - 3217eff5-f77e-4cc7-8aa1-ee5fb2ab3194@group-D966E5BA43E2: set configuration 0: peers:[3217eff5-f77e-4cc7-8aa1-ee5fb2ab3194|10.1.0.14:15175]|listeners:[], old=null
2023-12-28 09:08:32,028 [3217eff5-f77e-4cc7-8aa1-ee5fb2ab3194@group-D966E5BA43E2-SegmentedRaftLogWorker] INFO  segmented.SegmentedRaftLogWorker (SegmentedRaftLogWorker.java:execute(632)) - 3217eff5-f77e-4cc7-8aa1-ee5fb2ab3194@group-D966E5BA43E2-SegmentedRaftLogWorker: created new log segment /home/runner/work/ozone/ozone/hadoop-ozone/integration-test/target/test-dir/MiniOzoneClusterImpl-8986566a-fb65-479a-a2d4-a5d5d2c03f68/datanode-8/data/ratis/246b24a6-ca76-4cbe-8c0b-d966e5ba43e2/current/log_inprogress_0
2023-12-28 09:08:32,029 [3217eff5-f77e-4cc7-8aa1-ee5fb2ab3194@group-D966E5BA43E2-StateMachineUpdater] INFO  server.RaftServer$Division (LeaderStateImpl.java:isApplied(316)) - leader is ready since appliedIndex == 0 >= startIndex == 0
2023-12-28 09:08:32,669 [a88a6c70-ad04-4ba2-9985-df8f03985c47-impl-thread2] INFO  segmented.SegmentedRaftLogWorker (SegmentedRaftLogWorker.java:close(243)) - a88a6c70-ad04-4ba2-9985-df8f03985c47@group-A7BD0E20D77C-SegmentedRaftLogWorker close()
2023-12-28 09:08:32,904 [a88a6c70-ad04-4ba2-9985-df8f03985c47-impl-thread1] INFO  segmented.SegmentedRaftLogWorker (SegmentedRaftLogWorker.java:close(243)) - a88a6c70-ad04-4ba2-9985-df8f03985c47@group-9589741A35F8-SegmentedRaftLogWorker close()
2023-12-28 09:08:32,907 [JvmPauseMonitor18] INFO  util.JvmPauseMonitor (JvmPauseMonitor.java:run(152)) - JvmPauseMonitor-a88a6c70-ad04-4ba2-9985-df8f03985c47: Stopped
2023-12-28 09:08:34,407 [grpc-default-executor-5] WARN  server.GrpcLogAppender (LogUtils.java:warn(121)) - f1f58aef-51f9-473c-80a3-23da74561150@group-9589741A35F8->a88a6c70-ad04-4ba2-9985-df8f03985c47-AppendLogResponseHandler: Failed appendEntries: org.apache.ratis.thirdparty.io.grpc.StatusRuntimeException: UNAVAILABLE: io exception
2023-12-28 09:08:34,407 [grpc-default-executor-5] WARN  server.GrpcLogAppender (GrpcLogAppender.java:resetClient(140)) - f1f58aef-51f9-473c-80a3-23da74561150@group-9589741A35F8->a88a6c70-ad04-4ba2-9985-df8f03985c47-GrpcLogAppender: Follower failed and request == null,  keep nextIndex (3) unchanged and retry.
2023-12-28 09:08:34,409 [grpc-default-executor-1] WARN  server.GrpcLogAppender (LogUtils.java:warn(121)) - f1f58aef-51f9-473c-80a3-23da74561150@group-9589741A35F8->a88a6c70-ad04-4ba2-9985-df8f03985c47-AppendLogResponseHandler: Failed appendEntries: org.apache.ratis.thirdparty.io.grpc.StatusRuntimeException: UNAVAILABLE: io exception
2023-12-28 09:08:34,409 [grpc-default-executor-1] WARN  server.GrpcLogAppender (GrpcLogAppender.java:resetClient(140)) - f1f58aef-51f9-473c-80a3-23da74561150@group-9589741A35F8->a88a6c70-ad04-4ba2-9985-df8f03985c47-GrpcLogAppender: Follower failed and request == null,  keep nextIndex (3) unchanged and retry.
2023-12-28 09:08:34,916 [main] INFO  utils.DatanodeStoreCache (DatanodeStoreCache.java:shutdownCache(110)) - Skip clearing cache in mini cluster mode. Entries left: [/home/runner/work/ozone/ozone/hadoop-ozone/integration-test/target/test-dir/MiniOzoneClusterImpl-8986566a-fb65-479a-a2d4-a5d5d2c03f68/datanode-0/data-0/containers/hdds/8986566a-fb65-479a-a2d4-a5d5d2c03f68/DS-3a209804-d467-4d9e-940a-9bc92180befe/container.db, /home/runner/work/ozone/ozone/hadoop-ozone/integration-test/target/test-dir/MiniOzoneClusterImpl-8986566a-fb65-479a-a2d4-a5d5d2c03f68/datanode-1/data-0/containers/hdds/8986566a-fb65-479a-a2d4-a5d5d2c03f68/DS-62c8a39b-7836-4733-8c19-4064f3889a47/container.db, /home/runner/work/ozone/ozone/hadoop-ozone/integration-test/target/test-dir/MiniOzoneClusterImpl-8986566a-fb65-479a-a2d4-a5d5d2c03f68/datanode-2/data-0/containers/hdds/8986566a-fb65-479a-a2d4-a5d5d2c03f68/DS-7f3d0a28-de96-49f8-bdc0-1a875d23bc12/container.db, /home/runner/work/ozone/ozone/hadoop-ozone/integration-test/target/test-dir/MiniOzoneClusterImpl-8986566a-fb65-479a-a2d4-a5d5d2c03f68/datanode-3/data-0/containers/hdds/8986566a-fb65-479a-a2d4-a5d5d2c03f68/DS-1d49916a-1cb3-4c52-9ec3-8328b57d86f7/container.db, /home/runner/work/ozone/ozone/hadoop-ozone/integration-test/target/test-dir/MiniOzoneClusterImpl-8986566a-fb65-479a-a2d4-a5d5d2c03f68/datanode-4/data-0/containers/hdds/8986566a-fb65-479a-a2d4-a5d5d2c03f68/DS-3577bd90-bcd3-4bee-bbb2-1a716d934901/container.db, /home/runner/work/ozone/ozone/hadoop-ozone/integration-test/target/test-dir/MiniOzoneClusterImpl-8986566a-fb65-479a-a2d4-a5d5d2c03f68/datanode-5/data-0/containers/hdds/8986566a-fb65-479a-a2d4-a5d5d2c03f68/DS-adddc06d-2365-42c0-b241-d6ca93865605/container.db, /home/runner/work/ozone/ozone/hadoop-ozone/integration-test/target/test-dir/MiniOzoneClusterImpl-8986566a-fb65-479a-a2d4-a5d5d2c03f68/datanode-6/data-0/containers/hdds/8986566a-fb65-479a-a2d4-a5d5d2c03f68/DS-24e9930e-c4d9-422f-8439-63e74b840529/container.db, /home/runner/work/ozone/ozone/hadoop-ozone/integration-test/target/test-dir/MiniOzoneClusterImpl-8986566a-fb65-479a-a2d4-a5d5d2c03f68/datanode-7/data-0/containers/hdds/8986566a-fb65-479a-a2d4-a5d5d2c03f68/DS-f887c878-d38c-4bca-b5cc-52001ed8dc2c/container.db, /home/runner/work/ozone/ozone/hadoop-ozone/integration-test/target/test-dir/MiniOzoneClusterImpl-8986566a-fb65-479a-a2d4-a5d5d2c03f68/datanode-8/data-0/containers/hdds/8986566a-fb65-479a-a2d4-a5d5d2c03f68/DS-db92ad13-8006-4358-91d9-7de68402b5cb/container.db]
2023-12-28 09:08:34,918 [main] INFO  utils.DatanodeStoreCache (DatanodeStoreCache.java:removeDB(104)) - Removed db /home/runner/work/ozone/ozone/hadoop-ozone/integration-test/target/test-dir/MiniOzoneClusterImpl-8986566a-fb65-479a-a2d4-a5d5d2c03f68/datanode-5/data-0/containers/hdds/8986566a-fb65-479a-a2d4-a5d5d2c03f68/DS-adddc06d-2365-42c0-b241-d6ca93865605/container.db from cache
2023-12-28 09:08:34,918 [main] INFO  volume.HddsVolume (HddsVolume.java:closeDbStore(453)) - SchemaV3 db is stopped at /home/runner/work/ozone/ozone/hadoop-ozone/integration-test/target/test-dir/MiniOzoneClusterImpl-8986566a-fb65-479a-a2d4-a5d5d2c03f68/datanode-5/data-0/containers/hdds/8986566a-fb65-479a-a2d4-a5d5d2c03f68/DS-adddc06d-2365-42c0-b241-d6ca93865605/container.db for volume DS-adddc06d-2365-42c0-b241-d6ca93865605
2023-12-28 09:08:34,918 [main] INFO  utils.BackgroundService (BackgroundService.java:shutdown(160)) - Shutting down service BlockDeletingService
2023-12-28 09:08:34,919 [main] INFO  utils.BackgroundService (BackgroundService.java:shutdown(160)) - Shutting down service StaleRecoveringContainerScrubbingService
2023-12-28 09:08:34,919 [main] INFO  statemachine.DatanodeStateMachine (DatanodeStateMachine.java:stopDaemon(638)) - Ozone container server stopped.
2023-12-28 09:08:34,920 [main] INFO  handler.ContextHandler (ContextHandler.java:doStop(1159)) - Stopped o.e.j.w.WebAppContext@3ae9f811{hddsDatanode,/,null,STOPPED}{jar:file:/home/runner/.m2/repository/org/apache/ozone/hdds-container-service/1.5.0-SNAPSHOT/hdds-container-service-1.5.0-SNAPSHOT.jar!/webapps/hddsDatanode}
2023-12-28 09:08:34,920 [main] INFO  server.AbstractConnector (AbstractConnector.java:doStop(383)) - Stopped ServerConnector@33959c2b{HTTP/1.1, (http/1.1)}{0.0.0.0:15143}
2023-12-28 09:08:34,920 [main] INFO  server.session (HouseKeeper.java:stopScavenging(149)) - node0 Stopped scavenging
2023-12-28 09:08:34,921 [main] INFO  handler.ContextHandler (ContextHandler.java:doStop(1159)) - Stopped o.e.j.s.ServletContextHandler@37c494fe{static,/static,jar:file:/home/runner/.m2/repository/org/apache/ozone/hdds-container-service/1.5.0-SNAPSHOT/hdds-container-service-1.5.0-SNAPSHOT.jar!/webapps/static,STOPPED}
2023-12-28 09:08:34,921 [main] INFO  handler.ContextHandler (ContextHandler.java:doStop(1159)) - Stopped o.e.j.s.ServletContextHandler@406f7217{logs,/logs,file:///home/runner/work/ozone/ozone/hadoop-ozone/integration-test/target/log,STOPPED}
2023-12-28 09:08:34,922 [main] INFO  ozone.HddsDatanodeClientProtocolServer (HddsDatanodeClientProtocolServer.java:stop(78)) - Stopping the RPC server for Client Protocol
2023-12-28 09:08:34,922 [main] INFO  ipc.Server (Server.java:stop(3523)) - Stopping server on 15144
2023-12-28 09:08:34,922 [IPC Server listener on 15144] INFO  ipc.Server (Server.java:run(1434)) - Stopping IPC Server listener on 15144
2023-12-28 09:08:34,925 [IPC Server Responder] INFO  ipc.Server (Server.java:run(1567)) - Stopping IPC Server Responder
2023-12-28 09:08:34,926 [main] INFO  ozoneimpl.OzoneContainer (OzoneContainer.java:stop(463)) - Attempting to stop container services.
2023-12-28 09:08:34,926 [main] INFO  server.RaftServer (RaftServerProxy.java:lambda$close$9(416)) - c45be0a3-c489-4780-aa5f-c0744aea279b: close
2023-12-28 09:08:34,927 [c45be0a3-c489-4780-aa5f-c0744aea279b-impl-thread1] INFO  server.RaftServer$Division (RaftServerImpl.java:lambda$close$3(516)) - c45be0a3-c489-4780-aa5f-c0744aea279b@group-9589741A35F8: shutdown
2023-12-28 09:08:34,927 [main] INFO  server.GrpcService (GrpcService.java:closeImpl(311)) - c45be0a3-c489-4780-aa5f-c0744aea279b: shutdown server org.apache.ratis.grpc.server.GrpcClientProtocolService now
2023-12-28 09:08:34,927 [c45be0a3-c489-4780-aa5f-c0744aea279b-impl-thread2] INFO  server.RaftServer$Division (RaftServerImpl.java:lambda$close$3(516)) - c45be0a3-c489-4780-aa5f-c0744aea279b@group-7C7217FC0551: shutdown
2023-12-28 09:08:34,927 [c45be0a3-c489-4780-aa5f-c0744aea279b-impl-thread2] INFO  util.JmxRegister (JmxRegister.java:unregister(73)) - Successfully un-registered JMX Bean with object name Ratis:service=RaftServer,group=group-7C7217FC0551,id=c45be0a3-c489-4780-aa5f-c0744aea279b
2023-12-28 09:08:34,927 [c45be0a3-c489-4780-aa5f-c0744aea279b-impl-thread2] INFO  impl.RoleInfo (RoleInfo.java:shutdownLeaderState(94)) - c45be0a3-c489-4780-aa5f-c0744aea279b: shutdown c45be0a3-c489-4780-aa5f-c0744aea279b@group-7C7217FC0551-LeaderStateImpl
2023-12-28 09:08:34,927 [c45be0a3-c489-4780-aa5f-c0744aea279b-impl-thread2] INFO  impl.PendingRequests (PendingRequests.java:sendNotLeaderResponses(289)) - c45be0a3-c489-4780-aa5f-c0744aea279b@group-7C7217FC0551-PendingRequests: sendNotLeaderResponses
2023-12-28 09:08:34,928 [c45be0a3-c489-4780-aa5f-c0744aea279b-impl-thread2] INFO  impl.StateMachineUpdater (StateMachineUpdater.java:stopAndJoin(157)) - c45be0a3-c489-4780-aa5f-c0744aea279b@group-7C7217FC0551-StateMachineUpdater: set stopIndex = 0
2023-12-28 09:08:34,928 [c45be0a3-c489-4780-aa5f-c0744aea279b@group-7C7217FC0551-StateMachineUpdater] INFO  ratis.ContainerStateMachine (ContainerStateMachine.java:takeSnapshot(355)) - group-7C7217FC0551: Taking a snapshot at:(t:1, i:0) file /home/runner/work/ozone/ozone/hadoop-ozone/integration-test/target/test-dir/MiniOzoneClusterImpl-8986566a-fb65-479a-a2d4-a5d5d2c03f68/datanode-4/data/ratis/e0393743-6213-4382-9a4c-7c7217fc0551/sm/snapshot.1_0
2023-12-28 09:08:34,927 [c45be0a3-c489-4780-aa5f-c0744aea279b-impl-thread1] INFO  util.JmxRegister (JmxRegister.java:unregister(73)) - Successfully un-registered JMX Bean with object name Ratis:service=RaftServer,group=group-9589741A35F8,id=c45be0a3-c489-4780-aa5f-c0744aea279b
2023-12-28 09:08:34,928 [c45be0a3-c489-4780-aa5f-c0744aea279b-impl-thread1] INFO  impl.RoleInfo (RoleInfo.java:shutdownFollowerState(110)) - c45be0a3-c489-4780-aa5f-c0744aea279b: shutdown c45be0a3-c489-4780-aa5f-c0744aea279b@group-9589741A35F8-FollowerState
2023-12-28 09:08:34,928 [c45be0a3-c489-4780-aa5f-c0744aea279b-impl-thread1] INFO  impl.StateMachineUpdater (StateMachineUpdater.java:stopAndJoin(157)) - c45be0a3-c489-4780-aa5f-c0744aea279b@group-9589741A35F8-StateMachineUpdater: set stopIndex = 2
2023-12-28 09:08:34,928 [c45be0a3-c489-4780-aa5f-c0744aea279b@group-9589741A35F8-FollowerState] INFO  impl.FollowerState (FollowerState.java:run(152)) - c45be0a3-c489-4780-aa5f-c0744aea279b@group-9589741A35F8-FollowerState was interrupted
2023-12-28 09:08:34,928 [c45be0a3-c489-4780-aa5f-c0744aea279b@group-9589741A35F8-StateMachineUpdater] INFO  ratis.ContainerStateMachine (ContainerStateMachine.java:takeSnapshot(355)) - group-9589741A35F8: Taking a snapshot at:(t:1, i:2) file /home/runner/work/ozone/ozone/hadoop-ozone/integration-test/target/test-dir/MiniOzoneClusterImpl-8986566a-fb65-479a-a2d4-a5d5d2c03f68/datanode-4/data/ratis/7fde9c9e-684b-4c0c-a32c-9589741a35f8/sm/snapshot.1_2
2023-12-28 09:08:34,928 [main] INFO  server.GrpcService (GrpcService.java:closeImpl(320)) - c45be0a3-c489-4780-aa5f-c0744aea279b: shutdown server org.apache.ratis.grpc.server.GrpcClientProtocolService successfully
2023-12-28 09:08:34,929 [c45be0a3-c489-4780-aa5f-c0744aea279b@group-7C7217FC0551-StateMachineUpdater] INFO  ratis.ContainerStateMachine (ContainerStateMachine.java:takeSnapshot(366)) - group-7C7217FC0551: Finished taking a snapshot at:(t:1, i:0) file:/home/runner/work/ozone/ozone/hadoop-ozone/integration-test/target/test-dir/MiniOzoneClusterImpl-8986566a-fb65-479a-a2d4-a5d5d2c03f68/datanode-4/data/ratis/e0393743-6213-4382-9a4c-7c7217fc0551/sm/snapshot.1_0 took: 1 ms
2023-12-28 09:08:34,929 [main] INFO  server.GrpcService (GrpcService.java:closeImpl(311)) - c45be0a3-c489-4780-aa5f-c0744aea279b: shutdown server GrpcServerProtocolService now
2023-12-28 09:08:34,929 [c45be0a3-c489-4780-aa5f-c0744aea279b@group-7C7217FC0551-StateMachineUpdater] INFO  impl.StateMachineUpdater (StateMachineUpdater.java:takeSnapshot(295)) - c45be0a3-c489-4780-aa5f-c0744aea279b@group-7C7217FC0551-StateMachineUpdater: Took a snapshot at index 0
2023-12-28 09:08:34,929 [c45be0a3-c489-4780-aa5f-c0744aea279b@group-7C7217FC0551-StateMachineUpdater] INFO  impl.StateMachineUpdater (StateMachineUpdater.java:lambda$new$0(98)) - c45be0a3-c489-4780-aa5f-c0744aea279b@group-7C7217FC0551-StateMachineUpdater: snapshotIndex: updateIncreasingly -1 -> 0
2023-12-28 09:08:34,930 [c45be0a3-c489-4780-aa5f-c0744aea279b@group-9589741A35F8-StateMachineUpdater] INFO  ratis.ContainerStateMachine (ContainerStateMachine.java:takeSnapshot(366)) - group-9589741A35F8: Finished taking a snapshot at:(t:1, i:2) file:/home/runner/work/ozone/ozone/hadoop-ozone/integration-test/target/test-dir/MiniOzoneClusterImpl-8986566a-fb65-479a-a2d4-a5d5d2c03f68/datanode-4/data/ratis/7fde9c9e-684b-4c0c-a32c-9589741a35f8/sm/snapshot.1_2 took: 1 ms
2023-12-28 09:08:34,930 [c45be0a3-c489-4780-aa5f-c0744aea279b@group-9589741A35F8-StateMachineUpdater] INFO  impl.StateMachineUpdater (StateMachineUpdater.java:takeSnapshot(295)) - c45be0a3-c489-4780-aa5f-c0744aea279b@group-9589741A35F8-StateMachineUpdater: Took a snapshot at index 2
2023-12-28 09:08:34,930 [c45be0a3-c489-4780-aa5f-c0744aea279b@group-9589741A35F8-StateMachineUpdater] INFO  impl.StateMachineUpdater (StateMachineUpdater.java:lambda$new$0(98)) - c45be0a3-c489-4780-aa5f-c0744aea279b@group-9589741A35F8-StateMachineUpdater: snapshotIndex: updateIncreasingly -1 -> 2
2023-12-28 09:08:34,930 [c45be0a3-c489-4780-aa5f-c0744aea279b-impl-thread2] INFO  server.RaftServer$Division (ServerState.java:close(423)) - c45be0a3-c489-4780-aa5f-c0744aea279b@group-7C7217FC0551: applyIndex: 0
2023-12-28 09:08:34,930 [grpc-default-executor-5] WARN  server.GrpcServerProtocolService (LogUtils.java:warn(121)) - c45be0a3-c489-4780-aa5f-c0744aea279b: APPEND_ENTRIES onError, lastRequest: null: org.apache.ratis.thirdparty.io.grpc.StatusRuntimeException: CANCELLED: client cancelled
2023-12-28 09:08:34,930 [c45be0a3-c489-4780-aa5f-c0744aea279b-impl-thread1] INFO  server.RaftServer$Division (ServerState.java:close(423)) - c45be0a3-c489-4780-aa5f-c0744aea279b@group-9589741A35F8: applyIndex: 2
2023-12-28 09:08:34,930 [main] INFO  server.GrpcService (GrpcService.java:closeImpl(320)) - c45be0a3-c489-4780-aa5f-c0744aea279b: shutdown server GrpcServerProtocolService successfully
2023-12-28 09:08:34,931 [main] INFO  server.GrpcService (GrpcService.java:closeImpl(311)) - c45be0a3-c489-4780-aa5f-c0744aea279b: shutdown server org.apache.ratis.grpc.server.GrpcAdminProtocolService now
2023-12-28 09:08:34,931 [grpc-default-executor-2] WARN  server.GrpcServerProtocolService (LogUtils.java:warn(121)) - c45be0a3-c489-4780-aa5f-c0744aea279b: APPEND_ENTRIES onError, lastRequest: f1f58aef-51f9-473c-80a3-23da74561150->c45be0a3-c489-4780-aa5f-c0744aea279b#5-t1,previous=(t:1, i:1),leaderCommit=1,initializing? true,entries: size=1, first=(t:1, i:2), METADATAENTRY(c:1): org.apache.ratis.thirdparty.io.grpc.StatusRuntimeException: CANCELLED: client cancelled
2023-12-28 09:08:34,930 [c45be0a3-c489-4780-aa5f-c0744aea279b@group-7C7217FC0551-cacheEviction-AwaitToRun] INFO  util.AwaitToRun (AwaitToRun.java:run(49)) - c45be0a3-c489-4780-aa5f-c0744aea279b@group-7C7217FC0551-cacheEviction-AwaitToRun-AwaitForSignal is interrupted
2023-12-28 09:08:34,931 [grpc-default-executor-5] WARN  server.GrpcLogAppender (LogUtils.java:warn(121)) - f1f58aef-51f9-473c-80a3-23da74561150@group-9589741A35F8->c45be0a3-c489-4780-aa5f-c0744aea279b-AppendLogResponseHandler: Failed appendEntries: org.apache.ratis.thirdparty.io.grpc.StatusRuntimeException: CANCELLED: RST_STREAM closed stream. HTTP/2 error code: CANCEL
2023-12-28 09:08:34,931 [grpc-default-executor-4] WARN  server.GrpcLogAppender (LogUtils.java:warn(121)) - f1f58aef-51f9-473c-80a3-23da74561150@group-9589741A35F8->c45be0a3-c489-4780-aa5f-c0744aea279b-AppendLogResponseHandler: Failed appendEntries: org.apache.ratis.thirdparty.io.grpc.StatusRuntimeException: CANCELLED: RST_STREAM closed stream. HTTP/2 error code: CANCEL
2023-12-28 09:08:34,932 [grpc-default-executor-5] WARN  server.GrpcLogAppender (GrpcLogAppender.java:resetClient(140)) - f1f58aef-51f9-473c-80a3-23da74561150@group-9589741A35F8->c45be0a3-c489-4780-aa5f-c0744aea279b-GrpcLogAppender: Follower failed and request == null,  keep nextIndex (3) unchanged and retry.
2023-12-28 09:08:34,930 [c45be0a3-c489-4780-aa5f-c0744aea279b@group-9589741A35F8-cacheEviction-AwaitToRun] INFO  util.AwaitToRun (AwaitToRun.java:run(49)) - c45be0a3-c489-4780-aa5f-c0744aea279b@group-9589741A35F8-cacheEviction-AwaitToRun-AwaitForSignal is interrupted
2023-12-28 09:08:34,932 [main] INFO  server.GrpcService (GrpcService.java:closeImpl(320)) - c45be0a3-c489-4780-aa5f-c0744aea279b: shutdown server org.apache.ratis.grpc.server.GrpcAdminProtocolService successfully
2023-12-28 09:08:34,932 [c45be0a3-c489-4780-aa5f-c0744aea279b-NettyServerStreamRpc-bossGroup--thread1] INFO  logging.LoggingHandler (AbstractInternalLogger.java:log(148)) - [id: 0xffe27f20, L:/0.0.0.0:15140] CLOSE
2023-12-28 09:08:34,932 [grpc-default-executor-4] WARN  server.GrpcLogAppender (GrpcLogAppender.java:resetClient(140)) - f1f58aef-51f9-473c-80a3-23da74561150@group-9589741A35F8->c45be0a3-c489-4780-aa5f-c0744aea279b-GrpcLogAppender: Follower failed and request == null,  keep nextIndex (3) unchanged and retry.
2023-12-28 09:08:34,932 [c45be0a3-c489-4780-aa5f-c0744aea279b-NettyServerStreamRpc-bossGroup--thread1] INFO  logging.LoggingHandler (AbstractInternalLogger.java:log(148)) - [id: 0xffe27f20, L:/0.0.0.0:15140] INACTIVE
2023-12-28 09:08:34,932 [c45be0a3-c489-4780-aa5f-c0744aea279b-NettyServerStreamRpc-bossGroup--thread1] INFO  logging.LoggingHandler (AbstractInternalLogger.java:log(148)) - [id: 0xffe27f20, L:/0.0.0.0:15140] UNREGISTERED
2023-12-28 09:08:35,558 [c45be0a3-c489-4780-aa5f-c0744aea279b-impl-thread2] INFO  segmented.SegmentedRaftLogWorker (SegmentedRaftLogWorker.java:close(243)) - c45be0a3-c489-4780-aa5f-c0744aea279b@group-7C7217FC0551-SegmentedRaftLogWorker close()
2023-12-28 09:08:35,659 [grpc-default-executor-4] WARN  server.GrpcLogAppender (LogUtils.java:warn(121)) - f1f58aef-51f9-473c-80a3-23da74561150@group-9589741A35F8->a88a6c70-ad04-4ba2-9985-df8f03985c47-AppendLogResponseHandler: Failed appendEntries: org.apache.ratis.thirdparty.io.grpc.StatusRuntimeException: UNAVAILABLE: io exception
2023-12-28 09:08:35,659 [grpc-default-executor-5] WARN  server.GrpcLogAppender (LogUtils.java:warn(121)) - f1f58aef-51f9-473c-80a3-23da74561150@group-9589741A35F8->a88a6c70-ad04-4ba2-9985-df8f03985c47-AppendLogResponseHandler: Failed appendEntries: org.apache.ratis.thirdparty.io.grpc.StatusRuntimeException: UNAVAILABLE: io exception
2023-12-28 09:08:35,660 [grpc-default-executor-4] WARN  server.GrpcLogAppender (GrpcLogAppender.java:resetClient(140)) - f1f58aef-51f9-473c-80a3-23da74561150@group-9589741A35F8->a88a6c70-ad04-4ba2-9985-df8f03985c47-GrpcLogAppender: Follower failed and request == null,  keep nextIndex (3) unchanged and retry.
2023-12-28 09:08:35,661 [grpc-default-executor-5] WARN  server.GrpcLogAppender (GrpcLogAppender.java:resetClient(140)) - f1f58aef-51f9-473c-80a3-23da74561150@group-9589741A35F8->a88a6c70-ad04-4ba2-9985-df8f03985c47-GrpcLogAppender: Follower failed and request == null,  keep nextIndex (3) unchanged and retry.
2023-12-28 09:08:35,905 [c45be0a3-c489-4780-aa5f-c0744aea279b-impl-thread1] INFO  segmented.SegmentedRaftLogWorker (SegmentedRaftLogWorker.java:close(243)) - c45be0a3-c489-4780-aa5f-c0744aea279b@group-9589741A35F8-SegmentedRaftLogWorker close()
2023-12-28 09:08:35,906 [JvmPauseMonitor17] INFO  util.JvmPauseMonitor (JvmPauseMonitor.java:run(152)) - JvmPauseMonitor-c45be0a3-c489-4780-aa5f-c0744aea279b: Stopped
2023-12-28 09:08:36,910 [grpc-default-executor-4] WARN  server.GrpcLogAppender (LogUtils.java:warn(121)) - f1f58aef-51f9-473c-80a3-23da74561150@group-9589741A35F8->c45be0a3-c489-4780-aa5f-c0744aea279b-AppendLogResponseHandler: Failed appendEntries: org.apache.ratis.thirdparty.io.grpc.StatusRuntimeException: UNAVAILABLE: io exception
2023-12-28 09:08:36,911 [grpc-default-executor-3] WARN  server.GrpcLogAppender (LogUtils.java:warn(121)) - f1f58aef-51f9-473c-80a3-23da74561150@group-9589741A35F8->c45be0a3-c489-4780-aa5f-c0744aea279b-AppendLogResponseHandler: Failed appendEntries: org.apache.ratis.thirdparty.io.grpc.StatusRuntimeException: UNAVAILABLE: io exception
2023-12-28 09:08:36,911 [grpc-default-executor-4] WARN  server.GrpcLogAppender (GrpcLogAppender.java:resetClient(140)) - f1f58aef-51f9-473c-80a3-23da74561150@group-9589741A35F8->c45be0a3-c489-4780-aa5f-c0744aea279b-GrpcLogAppender: Follower failed and request == null,  keep nextIndex (3) unchanged and retry.
2023-12-28 09:08:36,911 [grpc-default-executor-3] WARN  server.GrpcLogAppender (GrpcLogAppender.java:resetClient(140)) - f1f58aef-51f9-473c-80a3-23da74561150@group-9589741A35F8->c45be0a3-c489-4780-aa5f-c0744aea279b-GrpcLogAppender: Follower failed and request == null,  keep nextIndex (3) unchanged and retry.
2023-12-28 09:08:36,912 [grpc-default-executor-3] WARN  server.GrpcLogAppender (LogUtils.java:warn(121)) - f1f58aef-51f9-473c-80a3-23da74561150@group-9589741A35F8->a88a6c70-ad04-4ba2-9985-df8f03985c47-AppendLogResponseHandler: Failed appendEntries: org.apache.ratis.thirdparty.io.grpc.StatusRuntimeException: UNAVAILABLE: io exception
2023-12-28 09:08:36,912 [grpc-default-executor-3] WARN  server.GrpcLogAppender (GrpcLogAppender.java:resetClient(140)) - f1f58aef-51f9-473c-80a3-23da74561150@group-9589741A35F8->a88a6c70-ad04-4ba2-9985-df8f03985c47-GrpcLogAppender: Follower failed and request == null,  keep nextIndex (3) unchanged and retry.
2023-12-28 09:08:36,913 [grpc-default-executor-4] WARN  server.GrpcLogAppender (LogUtils.java:warn(121)) - f1f58aef-51f9-473c-80a3-23da74561150@group-9589741A35F8->a88a6c70-ad04-4ba2-9985-df8f03985c47-AppendLogResponseHandler: Failed appendEntries: org.apache.ratis.thirdparty.io.grpc.StatusRuntimeException: UNAVAILABLE: io exception
2023-12-28 09:08:36,913 [grpc-default-executor-4] WARN  server.GrpcLogAppender (GrpcLogAppender.java:resetClient(140)) - f1f58aef-51f9-473c-80a3-23da74561150@group-9589741A35F8->a88a6c70-ad04-4ba2-9985-df8f03985c47-GrpcLogAppender: Follower failed and request == null,  keep nextIndex (3) unchanged and retry.
2023-12-28 09:08:37,908 [main] INFO  utils.DatanodeStoreCache (DatanodeStoreCache.java:shutdownCache(110)) - Skip clearing cache in mini cluster mode. Entries left: [/home/runner/work/ozone/ozone/hadoop-ozone/integration-test/target/test-dir/MiniOzoneClusterImpl-8986566a-fb65-479a-a2d4-a5d5d2c03f68/datanode-0/data-0/containers/hdds/8986566a-fb65-479a-a2d4-a5d5d2c03f68/DS-3a209804-d467-4d9e-940a-9bc92180befe/container.db, /home/runner/work/ozone/ozone/hadoop-ozone/integration-test/target/test-dir/MiniOzoneClusterImpl-8986566a-fb65-479a-a2d4-a5d5d2c03f68/datanode-1/data-0/containers/hdds/8986566a-fb65-479a-a2d4-a5d5d2c03f68/DS-62c8a39b-7836-4733-8c19-4064f3889a47/container.db, /home/runner/work/ozone/ozone/hadoop-ozone/integration-test/target/test-dir/MiniOzoneClusterImpl-8986566a-fb65-479a-a2d4-a5d5d2c03f68/datanode-2/data-0/containers/hdds/8986566a-fb65-479a-a2d4-a5d5d2c03f68/DS-7f3d0a28-de96-49f8-bdc0-1a875d23bc12/container.db, /home/runner/work/ozone/ozone/hadoop-ozone/integration-test/target/test-dir/MiniOzoneClusterImpl-8986566a-fb65-479a-a2d4-a5d5d2c03f68/datanode-3/data-0/containers/hdds/8986566a-fb65-479a-a2d4-a5d5d2c03f68/DS-1d49916a-1cb3-4c52-9ec3-8328b57d86f7/container.db, /home/runner/work/ozone/ozone/hadoop-ozone/integration-test/target/test-dir/MiniOzoneClusterImpl-8986566a-fb65-479a-a2d4-a5d5d2c03f68/datanode-4/data-0/containers/hdds/8986566a-fb65-479a-a2d4-a5d5d2c03f68/DS-3577bd90-bcd3-4bee-bbb2-1a716d934901/container.db, /home/runner/work/ozone/ozone/hadoop-ozone/integration-test/target/test-dir/MiniOzoneClusterImpl-8986566a-fb65-479a-a2d4-a5d5d2c03f68/datanode-6/data-0/containers/hdds/8986566a-fb65-479a-a2d4-a5d5d2c03f68/DS-24e9930e-c4d9-422f-8439-63e74b840529/container.db, /home/runner/work/ozone/ozone/hadoop-ozone/integration-test/target/test-dir/MiniOzoneClusterImpl-8986566a-fb65-479a-a2d4-a5d5d2c03f68/datanode-7/data-0/containers/hdds/8986566a-fb65-479a-a2d4-a5d5d2c03f68/DS-f887c878-d38c-4bca-b5cc-52001ed8dc2c/container.db, /home/runner/work/ozone/ozone/hadoop-ozone/integration-test/target/test-dir/MiniOzoneClusterImpl-8986566a-fb65-479a-a2d4-a5d5d2c03f68/datanode-8/data-0/containers/hdds/8986566a-fb65-479a-a2d4-a5d5d2c03f68/DS-db92ad13-8006-4358-91d9-7de68402b5cb/container.db]
2023-12-28 09:08:37,910 [main] INFO  utils.DatanodeStoreCache (DatanodeStoreCache.java:removeDB(104)) - Removed db /home/runner/work/ozone/ozone/hadoop-ozone/integration-test/target/test-dir/MiniOzoneClusterImpl-8986566a-fb65-479a-a2d4-a5d5d2c03f68/datanode-4/data-0/containers/hdds/8986566a-fb65-479a-a2d4-a5d5d2c03f68/DS-3577bd90-bcd3-4bee-bbb2-1a716d934901/container.db from cache
2023-12-28 09:08:37,910 [main] INFO  volume.HddsVolume (HddsVolume.java:closeDbStore(453)) - SchemaV3 db is stopped at /home/runner/work/ozone/ozone/hadoop-ozone/integration-test/target/test-dir/MiniOzoneClusterImpl-8986566a-fb65-479a-a2d4-a5d5d2c03f68/datanode-4/data-0/containers/hdds/8986566a-fb65-479a-a2d4-a5d5d2c03f68/DS-3577bd90-bcd3-4bee-bbb2-1a716d934901/container.db for volume DS-3577bd90-bcd3-4bee-bbb2-1a716d934901
2023-12-28 09:08:37,910 [main] INFO  utils.BackgroundService (BackgroundService.java:shutdown(160)) - Shutting down service BlockDeletingService
2023-12-28 09:08:37,911 [main] INFO  utils.BackgroundService (BackgroundService.java:shutdown(160)) - Shutting down service StaleRecoveringContainerScrubbingService
2023-12-28 09:08:37,911 [main] INFO  statemachine.DatanodeStateMachine (DatanodeStateMachine.java:stopDaemon(638)) - Ozone container server stopped.
2023-12-28 09:08:37,912 [main] INFO  handler.ContextHandler (ContextHandler.java:doStop(1159)) - Stopped o.e.j.w.WebAppContext@1e84b2de{hddsDatanode,/,null,STOPPED}{jar:file:/home/runner/.m2/repository/org/apache/ozone/hdds-container-service/1.5.0-SNAPSHOT/hdds-container-service-1.5.0-SNAPSHOT.jar!/webapps/hddsDatanode}
2023-12-28 09:08:37,912 [main] INFO  server.AbstractConnector (AbstractConnector.java:doStop(383)) - Stopped ServerConnector@1f2956f1{HTTP/1.1, (http/1.1)}{0.0.0.0:15134}
2023-12-28 09:08:37,912 [main] INFO  server.session (HouseKeeper.java:stopScavenging(149)) - node0 Stopped scavenging
2023-12-28 09:08:37,913 [main] INFO  handler.ContextHandler (ContextHandler.java:doStop(1159)) - Stopped o.e.j.s.ServletContextHandler@1ec23fda{static,/static,jar:file:/home/runner/.m2/repository/org/apache/ozone/hdds-container-service/1.5.0-SNAPSHOT/hdds-container-service-1.5.0-SNAPSHOT.jar!/webapps/static,STOPPED}
2023-12-28 09:08:37,913 [main] INFO  handler.ContextHandler (ContextHandler.java:doStop(1159)) - Stopped o.e.j.s.ServletContextHandler@12e3465c{logs,/logs,file:///home/runner/work/ozone/ozone/hadoop-ozone/integration-test/target/log,STOPPED}
2023-12-28 09:08:37,913 [main] INFO  ozone.HddsDatanodeClientProtocolServer (HddsDatanodeClientProtocolServer.java:stop(78)) - Stopping the RPC server for Client Protocol
2023-12-28 09:08:37,913 [main] INFO  ipc.Server (Server.java:stop(3523)) - Stopping server on 15135
2023-12-28 09:08:37,915 [IPC Server listener on 15135] INFO  ipc.Server (Server.java:run(1434)) - Stopping IPC Server listener on 15135
2023-12-28 09:08:37,915 [IPC Server Responder] INFO  ipc.Server (Server.java:run(1567)) - Stopping IPC Server Responder
2023-12-28 09:08:37,919 [main] INFO  pipeline.PipelineManagerImpl (PipelineManagerImpl.java:closeContainersForPipeline(484)) - Container #1 closed for pipeline=PipelineID=7fde9c9e-684b-4c0c-a32c-9589741a35f8
2023-12-28 09:08:37,919 [EventQueue-CloseContainerForCloseContainerEventHandler] INFO  container.CloseContainerEventHandler (CloseContainerEventHandler.java:onMessage(88)) - Close container Event triggered for container : #1, current state: CLOSING
2023-12-28 09:08:37,919 [main] INFO  pipeline.PipelineManagerImpl (PipelineManagerImpl.java:closePipeline(518)) - Pipeline PipelineID=7fde9c9e-684b-4c0c-a32c-9589741a35f8 moved to CLOSED state
2023-12-28 09:08:38,163 [grpc-default-executor-3] WARN  server.GrpcLogAppender (LogUtils.java:warn(121)) - f1f58aef-51f9-473c-80a3-23da74561150@group-9589741A35F8->c45be0a3-c489-4780-aa5f-c0744aea279b-AppendLogResponseHandler: Failed appendEntries: org.apache.ratis.thirdparty.io.grpc.StatusRuntimeException: UNAVAILABLE: io exception
2023-12-28 09:08:38,163 [grpc-default-executor-4] WARN  server.GrpcLogAppender (LogUtils.java:warn(121)) - f1f58aef-51f9-473c-80a3-23da74561150@group-9589741A35F8->c45be0a3-c489-4780-aa5f-c0744aea279b-AppendLogResponseHandler: Failed appendEntries: org.apache.ratis.thirdparty.io.grpc.StatusRuntimeException: UNAVAILABLE: io exception
2023-12-28 09:08:38,163 [grpc-default-executor-3] WARN  server.GrpcLogAppender (GrpcLogAppender.java:resetClient(140)) - f1f58aef-51f9-473c-80a3-23da74561150@group-9589741A35F8->c45be0a3-c489-4780-aa5f-c0744aea279b-GrpcLogAppender: Follower failed and request == null,  keep nextIndex (3) unchanged and retry.
2023-12-28 09:08:38,163 [grpc-default-executor-4] WARN  server.GrpcLogAppender (GrpcLogAppender.java:resetClient(140)) - f1f58aef-51f9-473c-80a3-23da74561150@group-9589741A35F8->c45be0a3-c489-4780-aa5f-c0744aea279b-GrpcLogAppender: Follower failed and request == null,  keep nextIndex (3) unchanged and retry.
2023-12-28 09:08:38,164 [grpc-default-executor-4] WARN  server.GrpcLogAppender (LogUtils.java:warn(121)) - f1f58aef-51f9-473c-80a3-23da74561150@group-9589741A35F8->a88a6c70-ad04-4ba2-9985-df8f03985c47-AppendLogResponseHandler: Failed appendEntries: org.apache.ratis.thirdparty.io.grpc.StatusRuntimeException: UNAVAILABLE: io exception
2023-12-28 09:08:38,164 [grpc-default-executor-4] WARN  server.GrpcLogAppender (GrpcLogAppender.java:resetClient(140)) - f1f58aef-51f9-473c-80a3-23da74561150@group-9589741A35F8->a88a6c70-ad04-4ba2-9985-df8f03985c47-GrpcLogAppender: Follower failed and request == null,  keep nextIndex (3) unchanged and retry.
2023-12-28 09:08:38,164 [grpc-default-executor-3] WARN  server.GrpcLogAppender (LogUtils.java:warn(121)) - f1f58aef-51f9-473c-80a3-23da74561150@group-9589741A35F8->a88a6c70-ad04-4ba2-9985-df8f03985c47-AppendLogResponseHandler: Failed appendEntries: org.apache.ratis.thirdparty.io.grpc.StatusRuntimeException: UNAVAILABLE: io exception
2023-12-28 09:08:38,164 [grpc-default-executor-3] WARN  server.GrpcLogAppender (GrpcLogAppender.java:resetClient(140)) - f1f58aef-51f9-473c-80a3-23da74561150@group-9589741A35F8->a88a6c70-ad04-4ba2-9985-df8f03985c47-GrpcLogAppender: Follower failed and request == null,  keep nextIndex (3) unchanged and retry.
2023-12-28 09:08:39,415 [grpc-default-executor-3] WARN  server.GrpcLogAppender (LogUtils.java:warn(121)) - f1f58aef-51f9-473c-80a3-23da74561150@group-9589741A35F8->c45be0a3-c489-4780-aa5f-c0744aea279b-AppendLogResponseHandler: Failed appendEntries: org.apache.ratis.thirdparty.io.grpc.StatusRuntimeException: UNAVAILABLE: io exception
2023-12-28 09:08:39,415 [grpc-default-executor-5] WARN  server.GrpcLogAppender (LogUtils.java:warn(121)) - f1f58aef-51f9-473c-80a3-23da74561150@group-9589741A35F8->a88a6c70-ad04-4ba2-9985-df8f03985c47-AppendLogResponseHandler: Failed appendEntries: org.apache.ratis.thirdparty.io.grpc.StatusRuntimeException: UNAVAILABLE: io exception
2023-12-28 09:08:39,415 [grpc-default-executor-2] WARN  server.GrpcLogAppender (LogUtils.java:warn(121)) - f1f58aef-51f9-473c-80a3-23da74561150@group-9589741A35F8->a88a6c70-ad04-4ba2-9985-df8f03985c47-AppendLogResponseHandler: Failed appendEntries: org.apache.ratis.thirdparty.io.grpc.StatusRuntimeException: UNAVAILABLE: io exception
2023-12-28 09:08:39,415 [grpc-default-executor-4] WARN  server.GrpcLogAppender (LogUtils.java:warn(121)) - f1f58aef-51f9-473c-80a3-23da74561150@group-9589741A35F8->c45be0a3-c489-4780-aa5f-c0744aea279b-AppendLogResponseHandler: Failed appendEntries: org.apache.ratis.thirdparty.io.grpc.StatusRuntimeException: UNAVAILABLE: io exception
2023-12-28 09:08:39,416 [grpc-default-executor-3] WARN  server.GrpcLogAppender (GrpcLogAppender.java:resetClient(140)) - f1f58aef-51f9-473c-80a3-23da74561150@group-9589741A35F8->c45be0a3-c489-4780-aa5f-c0744aea279b-GrpcLogAppender: Follower failed and request == null,  keep nextIndex (3) unchanged and retry.
2023-12-28 09:08:39,416 [grpc-default-executor-4] WARN  server.GrpcLogAppender (GrpcLogAppender.java:resetClient(140)) - f1f58aef-51f9-473c-80a3-23da74561150@group-9589741A35F8->c45be0a3-c489-4780-aa5f-c0744aea279b-GrpcLogAppender: Follower failed and request == null,  keep nextIndex (3) unchanged and retry.
2023-12-28 09:08:39,416 [grpc-default-executor-5] WARN  server.GrpcLogAppender (GrpcLogAppender.java:resetClient(140)) - f1f58aef-51f9-473c-80a3-23da74561150@group-9589741A35F8->a88a6c70-ad04-4ba2-9985-df8f03985c47-GrpcLogAppender: Follower failed and request == null,  keep nextIndex (3) unchanged and retry.
2023-12-28 09:08:39,417 [grpc-default-executor-2] WARN  server.GrpcLogAppender (GrpcLogAppender.java:resetClient(140)) - f1f58aef-51f9-473c-80a3-23da74561150@group-9589741A35F8->a88a6c70-ad04-4ba2-9985-df8f03985c47-GrpcLogAppender: Follower failed and request == null,  keep nextIndex (3) unchanged and retry.
2023-12-28 09:08:39,973 [grpc-default-executor-2] WARN  server.GrpcLogAppender (LogUtils.java:warn(121)) - f1f58aef-51f9-473c-80a3-23da74561150@group-9589741A35F8->a88a6c70-ad04-4ba2-9985-df8f03985c47-AppendLogResponseHandler: Failed appendEntries: org.apache.ratis.thirdparty.io.grpc.StatusRuntimeException: UNAVAILABLE: io exception
2023-12-28 09:08:39,973 [grpc-default-executor-5] WARN  server.GrpcLogAppender (LogUtils.java:warn(121)) - f1f58aef-51f9-473c-80a3-23da74561150@group-9589741A35F8->a88a6c70-ad04-4ba2-9985-df8f03985c47-AppendLogResponseHandler: Failed appendEntries: org.apache.ratis.thirdparty.io.grpc.StatusRuntimeException: UNAVAILABLE: io exception
2023-12-28 09:08:39,974 [grpc-default-executor-2] WARN  server.GrpcLogAppender (GrpcLogAppender.java:resetClient(140)) - f1f58aef-51f9-473c-80a3-23da74561150@group-9589741A35F8->a88a6c70-ad04-4ba2-9985-df8f03985c47-GrpcLogAppender: Follower failed and request == null,  keep nextIndex (3) unchanged and retry.
2023-12-28 09:08:39,974 [grpc-default-executor-5] WARN  server.GrpcLogAppender (GrpcLogAppender.java:resetClient(140)) - f1f58aef-51f9-473c-80a3-23da74561150@group-9589741A35F8->a88a6c70-ad04-4ba2-9985-df8f03985c47-GrpcLogAppender: Follower failed and request == null,  keep nextIndex (3) unchanged and retry.
2023-12-28 09:08:40,667 [grpc-default-executor-5] WARN  server.GrpcLogAppender (LogUtils.java:warn(121)) - f1f58aef-51f9-473c-80a3-23da74561150@group-9589741A35F8->c45be0a3-c489-4780-aa5f-c0744aea279b-AppendLogResponseHandler: Failed appendEntries: org.apache.ratis.thirdparty.io.grpc.StatusRuntimeException: UNAVAILABLE: io exception
2023-12-28 09:08:40,667 [grpc-default-executor-2] WARN  server.GrpcLogAppender (LogUtils.java:warn(121)) - f1f58aef-51f9-473c-80a3-23da74561150@group-9589741A35F8->c45be0a3-c489-4780-aa5f-c0744aea279b-AppendLogResponseHandler: Failed appendEntries: org.apache.ratis.thirdparty.io.grpc.StatusRuntimeException: UNAVAILABLE: io exception
2023-12-28 09:08:40,667 [grpc-default-executor-5] WARN  server.GrpcLogAppender (GrpcLogAppender.java:resetClient(140)) - f1f58aef-51f9-473c-80a3-23da74561150@group-9589741A35F8->c45be0a3-c489-4780-aa5f-c0744aea279b-GrpcLogAppender: Follower failed and request == null,  keep nextIndex (3) unchanged and retry.
2023-12-28 09:08:40,668 [grpc-default-executor-2] WARN  server.GrpcLogAppender (GrpcLogAppender.java:resetClient(140)) - f1f58aef-51f9-473c-80a3-23da74561150@group-9589741A35F8->c45be0a3-c489-4780-aa5f-c0744aea279b-GrpcLogAppender: Follower failed and request == null,  keep nextIndex (3) unchanged and retry.
2023-12-28 09:08:41,005 [null-request--thread1] INFO  server.GrpcClientProtocolService (GrpcClientProtocolService.java:lambda$processClientRequest$0(284)) - Failed RaftClientRequest:client-975008D1AB53->f1f58aef-51f9-473c-80a3-23da74561150@group-9589741A35F8, cid=47, seq=null, Watch-ALL_COMMITTED(23), Message:<EMPTY>, reply=RaftClientReply:client-975008D1AB53->f1f58aef-51f9-473c-80a3-23da74561150@group-9589741A35F8, cid=47, FAILED org.apache.ratis.protocol.exceptions.NotReplicatedException: Request with call Id 47 and log index 23 is not yet replicated to ALL_COMMITTED, logIndex=23, commits[f1f58aef-51f9-473c-80a3-23da74561150:c2, c45be0a3-c489-4780-aa5f-c0744aea279b:c2, a88a6c70-ad04-4ba2-9985-df8f03985c47:c1]
2023-12-28 09:08:41,010 [main] WARN  scm.XceiverClientRatis (XceiverClientRatis.java:watchForCommit(284)) - 3 way commit failed on pipeline Pipeline[ Id: 7fde9c9e-684b-4c0c-a32c-9589741a35f8, Nodes: a88a6c70-ad04-4ba2-9985-df8f03985c47(fv-az1384-14.e3qrh24bduyexj1tcof5x1etkc.ex.internal.cloudapp.net/10.1.0.14)c45be0a3-c489-4780-aa5f-c0744aea279b(fv-az1384-14.e3qrh24bduyexj1tcof5x1etkc.ex.internal.cloudapp.net/10.1.0.14)f1f58aef-51f9-473c-80a3-23da74561150(fv-az1384-14.e3qrh24bduyexj1tcof5x1etkc.ex.internal.cloudapp.net/10.1.0.14), ReplicationConfig: RATIS/THREE, State:OPEN, leaderId:f1f58aef-51f9-473c-80a3-23da74561150, CreationTimestamp2023-12-28T09:08:23.551Z[Etc/UTC]]
java.util.concurrent.ExecutionException: org.apache.ratis.protocol.exceptions.NotReplicatedException: Request with call Id 47 and log index 23 is not yet replicated to ALL_COMMITTED
	at java.util.concurrent.CompletableFuture.reportGet(CompletableFuture.java:357)
	at java.util.concurrent.CompletableFuture.get(CompletableFuture.java:1908)
	at org.apache.hadoop.hdds.scm.XceiverClientRatis.watchForCommit(XceiverClientRatis.java:279)
	at org.apache.hadoop.ozone.client.rpc.TestWatchForCommit.testWatchForCommitForRetryfailure(TestWatchForCommit.java:281)
	at sun.reflect.NativeMethodAccessorImpl.invoke0(Native Method)
	at sun.reflect.NativeMethodAccessorImpl.invoke(NativeMethodAccessorImpl.java:62)
	at sun.reflect.DelegatingMethodAccessorImpl.invoke(DelegatingMethodAccessorImpl.java:43)
	at java.lang.reflect.Method.invoke(Method.java:498)
	at org.junit.platform.commons.util.ReflectionUtils.invokeMethod(ReflectionUtils.java:728)
	at org.junit.jupiter.engine.execution.MethodInvocation.proceed(MethodInvocation.java:60)
	at org.junit.jupiter.engine.execution.InvocationInterceptorChain$ValidatingInvocation.proceed(InvocationInterceptorChain.java:131)
	at org.junit.jupiter.engine.extension.TimeoutExtension.intercept(TimeoutExtension.java:156)
	at org.junit.jupiter.engine.extension.TimeoutExtension.interceptTestableMethod(TimeoutExtension.java:147)
	at org.junit.jupiter.engine.extension.TimeoutExtension.interceptTestMethod(TimeoutExtension.java:86)
	at org.junit.jupiter.engine.execution.InterceptingExecutableInvoker$ReflectiveInterceptorCall.lambda$ofVoidMethod$0(InterceptingExecutableInvoker.java:103)
	at org.junit.jupiter.engine.execution.InterceptingExecutableInvoker.lambda$invoke$0(InterceptingExecutableInvoker.java:93)
	at org.junit.jupiter.engine.execution.InvocationInterceptorChain$InterceptedInvocation.proceed(InvocationInterceptorChain.java:106)
	at org.junit.jupiter.engine.execution.InvocationInterceptorChain.proceed(InvocationInterceptorChain.java:64)
	at org.junit.jupiter.engine.execution.InvocationInterceptorChain.chainAndInvoke(InvocationInterceptorChain.java:45)
	at org.junit.jupiter.engine.execution.InvocationInterceptorChain.invoke(InvocationInterceptorChain.java:37)
	at org.junit.jupiter.engine.execution.InterceptingExecutableInvoker.invoke(InterceptingExecutableInvoker.java:92)
	at org.junit.jupiter.engine.execution.InterceptingExecutableInvoker.invoke(InterceptingExecutableInvoker.java:86)
	at org.junit.jupiter.engine.descriptor.TestMethodTestDescriptor.lambda$invokeTestMethod$7(TestMethodTestDescriptor.java:218)
	at org.junit.platform.engine.support.hierarchical.ThrowableCollector.execute(ThrowableCollector.java:73)
	at org.junit.jupiter.engine.descriptor.TestMethodTestDescriptor.invokeTestMethod(TestMethodTestDescriptor.java:214)
	at org.junit.jupiter.engine.descriptor.TestMethodTestDescriptor.execute(TestMethodTestDescriptor.java:139)
	at org.junit.jupiter.engine.descriptor.TestMethodTestDescriptor.execute(TestMethodTestDescriptor.java:69)
	at org.junit.platform.engine.support.hierarchical.NodeTestTask.lambda$executeRecursively$6(NodeTestTask.java:151)
	at org.junit.platform.engine.support.hierarchical.ThrowableCollector.execute(ThrowableCollector.java:73)
	at org.junit.platform.engine.support.hierarchical.NodeTestTask.lambda$executeRecursively$8(NodeTestTask.java:141)
	at org.junit.platform.engine.support.hierarchical.Node.around(Node.java:137)
	at org.junit.platform.engine.support.hierarchical.NodeTestTask.lambda$executeRecursively$9(NodeTestTask.java:139)
	at org.junit.platform.engine.support.hierarchical.ThrowableCollector.execute(ThrowableCollector.java:73)
	at org.junit.platform.engine.support.hierarchical.NodeTestTask.executeRecursively(NodeTestTask.java:138)
	at org.junit.platform.engine.support.hierarchical.NodeTestTask.execute(NodeTestTask.java:95)
	at java.util.ArrayList.forEach(ArrayList.java:1259)
	at org.junit.platform.engine.support.hierarchical.SameThreadHierarchicalTestExecutorService.invokeAll(SameThreadHierarchicalTestExecutorService.java:41)
	at org.junit.platform.engine.support.hierarchical.NodeTestTask.lambda$executeRecursively$6(NodeTestTask.java:155)
	at org.junit.platform.engine.support.hierarchical.ThrowableCollector.execute(ThrowableCollector.java:73)
	at org.junit.platform.engine.support.hierarchical.NodeTestTask.lambda$executeRecursively$8(NodeTestTask.java:141)
	at org.junit.platform.engine.support.hierarchical.Node.around(Node.java:137)
	at org.junit.platform.engine.support.hierarchical.NodeTestTask.lambda$executeRecursively$9(NodeTestTask.java:139)
	at org.junit.platform.engine.support.hierarchical.ThrowableCollector.execute(ThrowableCollector.java:73)
	at org.junit.platform.engine.support.hierarchical.NodeTestTask.executeRecursively(NodeTestTask.java:138)
	at org.junit.platform.engine.support.hierarchical.NodeTestTask.execute(NodeTestTask.java:95)
	at java.util.ArrayList.forEach(ArrayList.java:1259)
	at org.junit.platform.engine.support.hierarchical.SameThreadHierarchicalTestExecutorService.invokeAll(SameThreadHierarchicalTestExecutorService.java:41)
	at org.junit.platform.engine.support.hierarchical.NodeTestTask.lambda$executeRecursively$6(NodeTestTask.java:155)
	at org.junit.platform.engine.support.hierarchical.ThrowableCollector.execute(ThrowableCollector.java:73)
	at org.junit.platform.engine.support.hierarchical.NodeTestTask.lambda$executeRecursively$8(NodeTestTask.java:141)
	at org.junit.platform.engine.support.hierarchical.Node.around(Node.java:137)
	at org.junit.platform.engine.support.hierarchical.NodeTestTask.lambda$executeRecursively$9(NodeTestTask.java:139)
	at org.junit.platform.engine.support.hierarchical.ThrowableCollector.execute(ThrowableCollector.java:73)
	at org.junit.platform.engine.support.hierarchical.NodeTestTask.executeRecursively(NodeTestTask.java:138)
	at org.junit.platform.engine.support.hierarchical.NodeTestTask.execute(NodeTestTask.java:95)
	at org.junit.platform.engine.support.hierarchical.SameThreadHierarchicalTestExecutorService.submit(SameThreadHierarchicalTestExecutorService.java:35)
	at org.junit.platform.engine.support.hierarchical.HierarchicalTestExecutor.execute(HierarchicalTestExecutor.java:57)
	at org.junit.platform.engine.support.hierarchical.HierarchicalTestEngine.execute(HierarchicalTestEngine.java:54)
	at org.junit.platform.launcher.core.EngineExecutionOrchestrator.execute(EngineExecutionOrchestrator.java:198)
	at org.junit.platform.launcher.core.EngineExecutionOrchestrator.execute(EngineExecutionOrchestrator.java:169)
	at org.junit.platform.launcher.core.EngineExecutionOrchestrator.execute(EngineExecutionOrchestrator.java:93)
	at org.junit.platform.launcher.core.EngineExecutionOrchestrator.lambda$execute$0(EngineExecutionOrchestrator.java:58)
	at org.junit.platform.launcher.core.EngineExecutionOrchestrator.withInterceptedStreams(EngineExecutionOrchestrator.java:141)
	at org.junit.platform.launcher.core.EngineExecutionOrchestrator.execute(EngineExecutionOrchestrator.java:57)
	at org.junit.platform.launcher.core.DefaultLauncher.execute(DefaultLauncher.java:103)
	at org.junit.platform.launcher.core.DefaultLauncher.execute(DefaultLauncher.java:85)
	at org.junit.platform.launcher.core.DelegatingLauncher.execute(DelegatingLauncher.java:47)
	at org.apache.maven.surefire.junitplatform.LazyLauncher.execute(LazyLauncher.java:56)
	at org.apache.maven.surefire.junitplatform.JUnitPlatformProvider.execute(JUnitPlatformProvider.java:184)
	at org.apache.maven.surefire.junitplatform.JUnitPlatformProvider.invokeAllTests(JUnitPlatformProvider.java:148)
	at org.apache.maven.surefire.junitplatform.JUnitPlatformProvider.invoke(JUnitPlatformProvider.java:120)
	at org.apache.maven.surefire.booter.ForkedBooter.runSuitesInProcess(ForkedBooter.java:385)
	at org.apache.maven.surefire.booter.ForkedBooter.execute(ForkedBooter.java:162)
	at org.apache.maven.surefire.booter.ForkedBooter.run(ForkedBooter.java:507)
	at org.apache.maven.surefire.booter.ForkedBooter.main(ForkedBooter.java:495)
Caused by: org.apache.ratis.protocol.exceptions.NotReplicatedException: Request with call Id 47 and log index 23 is not yet replicated to ALL_COMMITTED
	at org.apache.ratis.client.impl.ClientProtoUtils.toRaftClientReply(ClientProtoUtils.java:400)
	at org.apache.ratis.grpc.client.GrpcClientProtocolClient$AsyncStreamObservers$1.onNext(GrpcClientProtocolClient.java:310)
	at org.apache.ratis.grpc.client.GrpcClientProtocolClient$AsyncStreamObservers$1.onNext(GrpcClientProtocolClient.java:305)
	at org.apache.ratis.thirdparty.io.grpc.stub.ClientCalls$StreamObserverToCallListenerAdapter.onMessage(ClientCalls.java:468)
	at org.apache.ratis.thirdparty.io.grpc.ForwardingClientCallListener.onMessage(ForwardingClientCallListener.java:33)
	at org.apache.ratis.thirdparty.io.grpc.internal.ClientCallImpl$ClientStreamListenerImpl$1MessagesAvailable.runInternal(ClientCallImpl.java:660)
	at org.apache.ratis.thirdparty.io.grpc.internal.ClientCallImpl$ClientStreamListenerImpl$1MessagesAvailable.runInContext(ClientCallImpl.java:647)
	at org.apache.ratis.thirdparty.io.grpc.internal.ContextRunnable.run(ContextRunnable.java:37)
	at org.apache.ratis.thirdparty.io.grpc.internal.SerializingExecutor.run(SerializingExecutor.java:133)
	at java.util.concurrent.ThreadPoolExecutor.runWorker(ThreadPoolExecutor.java:1149)
	at java.util.concurrent.ThreadPoolExecutor$Worker.run(ThreadPoolExecutor.java:624)
	at java.lang.Thread.run(Thread.java:750)
2023-12-28 09:08:41,836 [grpc-default-executor-5] WARN  server.GrpcLogAppender (LogUtils.java:warn(121)) - f1f58aef-51f9-473c-80a3-23da74561150@group-9589741A35F8->a88a6c70-ad04-4ba2-9985-df8f03985c47-AppendLogResponseHandler: Failed appendEntries: org.apache.ratis.thirdparty.io.grpc.StatusRuntimeException: UNAVAILABLE: io exception
2023-12-28 09:08:41,836 [grpc-default-executor-2] WARN  server.GrpcLogAppender (LogUtils.java:warn(121)) - f1f58aef-51f9-473c-80a3-23da74561150@group-9589741A35F8->a88a6c70-ad04-4ba2-9985-df8f03985c47-AppendLogResponseHandler: Failed appendEntries: org.apache.ratis.thirdparty.io.grpc.StatusRuntimeException: UNAVAILABLE: io exception
2023-12-28 09:08:41,837 [grpc-default-executor-5] WARN  server.GrpcLogAppender (GrpcLogAppender.java:resetClient(140)) - f1f58aef-51f9-473c-80a3-23da74561150@group-9589741A35F8->a88a6c70-ad04-4ba2-9985-df8f03985c47-GrpcLogAppender: Follower failed and request == null,  keep nextIndex (3) unchanged and retry.
2023-12-28 09:08:41,838 [grpc-default-executor-2] WARN  server.GrpcLogAppender (GrpcLogAppender.java:resetClient(140)) - f1f58aef-51f9-473c-80a3-23da74561150@group-9589741A35F8->a88a6c70-ad04-4ba2-9985-df8f03985c47-GrpcLogAppender: Follower failed and request == null,  keep nextIndex (3) unchanged and retry.
2023-12-28 09:08:41,919 [grpc-default-executor-2] WARN  server.GrpcLogAppender (LogUtils.java:warn(121)) - f1f58aef-51f9-473c-80a3-23da74561150@group-9589741A35F8->c45be0a3-c489-4780-aa5f-c0744aea279b-AppendLogResponseHandler: Failed appendEntries: org.apache.ratis.thirdparty.io.grpc.StatusRuntimeException: UNAVAILABLE: io exception
2023-12-28 09:08:41,919 [grpc-default-executor-5] WARN  server.GrpcLogAppender (LogUtils.java:warn(121)) - f1f58aef-51f9-473c-80a3-23da74561150@group-9589741A35F8->c45be0a3-c489-4780-aa5f-c0744aea279b-AppendLogResponseHandler: Failed appendEntries: org.apache.ratis.thirdparty.io.grpc.StatusRuntimeException: UNAVAILABLE: io exception
2023-12-28 09:08:41,919 [grpc-default-executor-2] WARN  server.GrpcLogAppender (GrpcLogAppender.java:resetClient(140)) - f1f58aef-51f9-473c-80a3-23da74561150@group-9589741A35F8->c45be0a3-c489-4780-aa5f-c0744aea279b-GrpcLogAppender: Follower failed and request == null,  keep nextIndex (3) unchanged and retry.
2023-12-28 09:08:41,920 [grpc-default-executor-5] WARN  server.GrpcLogAppender (GrpcLogAppender.java:resetClient(140)) - f1f58aef-51f9-473c-80a3-23da74561150@group-9589741A35F8->c45be0a3-c489-4780-aa5f-c0744aea279b-GrpcLogAppender: Follower failed and request == null,  keep nextIndex (3) unchanged and retry.
2023-12-28 09:08:42,307 [f1f58aef-51f9-473c-80a3-23da74561150@group-9589741A35F8-LeaderStateImpl] WARN  server.RaftServer$Division (LeaderStateImpl.java:checkLeadership(1087)) - f1f58aef-51f9-473c-80a3-23da74561150@group-9589741A35F8-LeaderStateImpl: Lost leadership on term: 1. Election timeout: 5200ms. In charge for: 10751ms. Conf: 0: peers:[c45be0a3-c489-4780-aa5f-c0744aea279b|10.1.0.14:15139, f1f58aef-51f9-473c-80a3-23da74561150|10.1.0.14:15130, a88a6c70-ad04-4ba2-9985-df8f03985c47|10.1.0.14:15148]|listeners:[], old=null
2023-12-28 09:08:42,308 [f1f58aef-51f9-473c-80a3-23da74561150@group-9589741A35F8-LeaderStateImpl] WARN  server.RaftServer$Division (LeaderStateImpl.java:lambda$checkLeadership$21(1091)) - Follower f1f58aef-51f9-473c-80a3-23da74561150@group-9589741A35F8->c45be0a3-c489-4780-aa5f-c0744aea279b(c2,m2,n3, caughtUp=true, lastRpcSendTime=387, lastRpcResponseTime=7899)
2023-12-28 09:08:42,308 [f1f58aef-51f9-473c-80a3-23da74561150@group-9589741A35F8-LeaderStateImpl] WARN  server.RaftServer$Division (LeaderStateImpl.java:lambda$checkLeadership$21(1091)) - Follower f1f58aef-51f9-473c-80a3-23da74561150@group-9589741A35F8->a88a6c70-ad04-4ba2-9985-df8f03985c47(c1,m2,n3, caughtUp=true, lastRpcSendTime=470, lastRpcResponseTime=10404)
2023-12-28 09:08:42,308 [f1f58aef-51f9-473c-80a3-23da74561150@group-9589741A35F8-LeaderStateImpl] INFO  server.RaftServer$Division (RaftServerImpl.java:setRole(379)) - f1f58aef-51f9-473c-80a3-23da74561150@group-9589741A35F8: changes role from    LEADER to FOLLOWER at term 1 for StepDownReason:LOST_MAJORITY_HEARTBEATS
2023-12-28 09:08:42,308 [f1f58aef-51f9-473c-80a3-23da74561150@group-9589741A35F8-LeaderStateImpl] INFO  impl.RoleInfo (RoleInfo.java:shutdownLeaderState(94)) - f1f58aef-51f9-473c-80a3-23da74561150: shutdown f1f58aef-51f9-473c-80a3-23da74561150@group-9589741A35F8-LeaderStateImpl
2023-12-28 09:08:42,308 [f1f58aef-51f9-473c-80a3-23da74561150@group-9589741A35F8-LeaderStateImpl] INFO  impl.PendingRequests (PendingRequests.java:sendNotLeaderResponses(289)) - f1f58aef-51f9-473c-80a3-23da74561150@group-9589741A35F8-PendingRequests: sendNotLeaderResponses
2023-12-28 09:08:42,308 [f1f58aef-51f9-473c-80a3-23da74561150@group-9589741A35F8->a88a6c70-ad04-4ba2-9985-df8f03985c47-GrpcLogAppender-LogAppenderDaemon] WARN  server.GrpcLogAppender (GrpcLogAppender.java:mayWait(212)) - f1f58aef-51f9-473c-80a3-23da74561150@group-9589741A35F8->a88a6c70-ad04-4ba2-9985-df8f03985c47-GrpcLogAppender: Wait interrupted by java.lang.InterruptedException
2023-12-28 09:08:42,310 [null-request--thread1] INFO  server.GrpcClientProtocolService (GrpcClientProtocolService.java:lambda$processClientRequest$0(284)) - Failed RaftClientRequest:client-975008D1AB53->f1f58aef-51f9-473c-80a3-23da74561150@group-9589741A35F8, cid=48, seq=null, Watch-MAJORITY_COMMITTED(23), Message:<EMPTY>, reply=RaftClientReply:client-975008D1AB53->f1f58aef-51f9-473c-80a3-23da74561150@group-9589741A35F8, cid=48, FAILED org.apache.ratis.protocol.exceptions.NotLeaderException: Server f1f58aef-51f9-473c-80a3-23da74561150@group-9589741A35F8 is not the leader, logIndex=0, commits[f1f58aef-51f9-473c-80a3-23da74561150:c2, c45be0a3-c489-4780-aa5f-c0744aea279b:c2, a88a6c70-ad04-4ba2-9985-df8f03985c47:c1]
2023-12-28 09:08:42,310 [f1f58aef-51f9-473c-80a3-23da74561150@group-9589741A35F8->c45be0a3-c489-4780-aa5f-c0744aea279b-GrpcLogAppender-LogAppenderDaemon] WARN  server.GrpcLogAppender (GrpcLogAppender.java:mayWait(212)) - f1f58aef-51f9-473c-80a3-23da74561150@group-9589741A35F8->c45be0a3-c489-4780-aa5f-c0744aea279b-GrpcLogAppender: Wait interrupted by java.lang.InterruptedException
2023-12-28 09:08:42,310 [f1f58aef-51f9-473c-80a3-23da74561150@group-9589741A35F8-LeaderStateImpl] INFO  server.RaftServer$Division (ServerState.java:setLeader(265)) - f1f58aef-51f9-473c-80a3-23da74561150@group-9589741A35F8: change Leader from f1f58aef-51f9-473c-80a3-23da74561150 to null at term 1 for StepDownReason:LOST_MAJORITY_HEARTBEATS
2023-12-28 09:08:42,311 [f1f58aef-51f9-473c-80a3-23da74561150@group-9589741A35F8-LeaderStateImpl] INFO  impl.RoleInfo (RoleInfo.java:updateAndGet(139)) - f1f58aef-51f9-473c-80a3-23da74561150: start f1f58aef-51f9-473c-80a3-23da74561150@group-9589741A35F8-FollowerState
2023-12-28 09:08:42,927 [f1f58aef-51f9-473c-80a3-23da74561150-CloseContainerThread-0] INFO  commandhandler.CloseContainerCommandHandler (CloseContainerCommandHandler.java:lambda$handle$0(153)) - Follower cannot close container #1.
2023-12-28 09:08:44,202 [BackgroundPipelineScrubber] INFO  pipeline.PipelineManagerImpl (PipelineManagerImpl.java:scrubPipelines(610)) - Scrubbing pipeline: id: PipelineID=7fde9c9e-684b-4c0c-a32c-9589741a35f8 since it stays at CLOSED stage.
2023-12-28 09:08:44,203 [BackgroundPipelineScrubber] INFO  pipeline.RatisPipelineProvider (RatisPipelineProvider.java:lambda$close$4(272)) - Send pipeline:PipelineID=7fde9c9e-684b-4c0c-a32c-9589741a35f8 close command to datanode a88a6c70-ad04-4ba2-9985-df8f03985c47
2023-12-28 09:08:44,203 [BackgroundPipelineScrubber] INFO  pipeline.RatisPipelineProvider (RatisPipelineProvider.java:lambda$close$4(272)) - Send pipeline:PipelineID=7fde9c9e-684b-4c0c-a32c-9589741a35f8 close command to datanode c45be0a3-c489-4780-aa5f-c0744aea279b
2023-12-28 09:08:44,203 [BackgroundPipelineScrubber] INFO  pipeline.RatisPipelineProvider (RatisPipelineProvider.java:lambda$close$4(272)) - Send pipeline:PipelineID=7fde9c9e-684b-4c0c-a32c-9589741a35f8 close command to datanode f1f58aef-51f9-473c-80a3-23da74561150
2023-12-28 09:08:44,205 [BackgroundPipelineScrubber] INFO  pipeline.PipelineManagerImpl (PipelineManagerImpl.java:removePipeline(459)) - Pipeline Pipeline[ Id: 7fde9c9e-684b-4c0c-a32c-9589741a35f8, Nodes: a88a6c70-ad04-4ba2-9985-df8f03985c47(fv-az1384-14.e3qrh24bduyexj1tcof5x1etkc.ex.internal.cloudapp.net/10.1.0.14)c45be0a3-c489-4780-aa5f-c0744aea279b(fv-az1384-14.e3qrh24bduyexj1tcof5x1etkc.ex.internal.cloudapp.net/10.1.0.14)f1f58aef-51f9-473c-80a3-23da74561150(fv-az1384-14.e3qrh24bduyexj1tcof5x1etkc.ex.internal.cloudapp.net/10.1.0.14), ReplicationConfig: RATIS/THREE, State:CLOSED, leaderId:f1f58aef-51f9-473c-80a3-23da74561150, CreationTimestamp2023-12-28T09:08:23.551Z[Etc/UTC]] removed.
2023-12-28 09:08:45,927 [f1f58aef-51f9-473c-80a3-23da74561150-PipelineCommandHandlerThread-0] INFO  server.RaftServer (RaftServerProxy.java:remove(111)) - f1f58aef-51f9-473c-80a3-23da74561150: remove  FOLLOWER f1f58aef-51f9-473c-80a3-23da74561150@group-9589741A35F8:t1, leader=null, voted=f1f58aef-51f9-473c-80a3-23da74561150, raftlog=Memoized:f1f58aef-51f9-473c-80a3-23da74561150@group-9589741A35F8-SegmentedRaftLog:OPENED:c2, conf=0: peers:[c45be0a3-c489-4780-aa5f-c0744aea279b|10.1.0.14:15139, f1f58aef-51f9-473c-80a3-23da74561150|10.1.0.14:15130, a88a6c70-ad04-4ba2-9985-df8f03985c47|10.1.0.14:15148]|listeners:[], old=null RUNNING
2023-12-28 09:08:45,928 [f1f58aef-51f9-473c-80a3-23da74561150-PipelineCommandHandlerThread-0] INFO  server.RaftServer$Division (RaftServerImpl.java:lambda$close$3(516)) - f1f58aef-51f9-473c-80a3-23da74561150@group-9589741A35F8: shutdown
2023-12-28 09:08:45,928 [f1f58aef-51f9-473c-80a3-23da74561150-PipelineCommandHandlerThread-0] INFO  util.JmxRegister (JmxRegister.java:unregister(73)) - Successfully un-registered JMX Bean with object name Ratis:service=RaftServer,group=group-9589741A35F8,id=f1f58aef-51f9-473c-80a3-23da74561150
2023-12-28 09:08:45,928 [f1f58aef-51f9-473c-80a3-23da74561150-PipelineCommandHandlerThread-0] INFO  impl.RoleInfo (RoleInfo.java:shutdownFollowerState(110)) - f1f58aef-51f9-473c-80a3-23da74561150: shutdown f1f58aef-51f9-473c-80a3-23da74561150@group-9589741A35F8-FollowerState
2023-12-28 09:08:45,929 [f1f58aef-51f9-473c-80a3-23da74561150-PipelineCommandHandlerThread-0] INFO  impl.StateMachineUpdater (StateMachineUpdater.java:stopAndJoin(157)) - f1f58aef-51f9-473c-80a3-23da74561150@group-9589741A35F8-StateMachineUpdater: set stopIndex = 2
2023-12-28 09:08:45,929 [f1f58aef-51f9-473c-80a3-23da74561150@group-9589741A35F8-FollowerState] INFO  impl.FollowerState (FollowerState.java:run(152)) - f1f58aef-51f9-473c-80a3-23da74561150@group-9589741A35F8-FollowerState was interrupted
2023-12-28 09:08:45,929 [f1f58aef-51f9-473c-80a3-23da74561150@group-9589741A35F8-StateMachineUpdater] INFO  ratis.ContainerStateMachine (ContainerStateMachine.java:takeSnapshot(355)) - group-9589741A35F8: Taking a snapshot at:(t:1, i:2) file /home/runner/work/ozone/ozone/hadoop-ozone/integration-test/target/test-dir/MiniOzoneClusterImpl-8986566a-fb65-479a-a2d4-a5d5d2c03f68/datanode-3/data/ratis/7fde9c9e-684b-4c0c-a32c-9589741a35f8/sm/snapshot.1_2
2023-12-28 09:08:45,930 [f1f58aef-51f9-473c-80a3-23da74561150@group-9589741A35F8-StateMachineUpdater] INFO  ratis.ContainerStateMachine (ContainerStateMachine.java:takeSnapshot(366)) - group-9589741A35F8: Finished taking a snapshot at:(t:1, i:2) file:/home/runner/work/ozone/ozone/hadoop-ozone/integration-test/target/test-dir/MiniOzoneClusterImpl-8986566a-fb65-479a-a2d4-a5d5d2c03f68/datanode-3/data/ratis/7fde9c9e-684b-4c0c-a32c-9589741a35f8/sm/snapshot.1_2 took: 1 ms
2023-12-28 09:08:45,930 [f1f58aef-51f9-473c-80a3-23da74561150@group-9589741A35F8-StateMachineUpdater] INFO  impl.StateMachineUpdater (StateMachineUpdater.java:takeSnapshot(295)) - f1f58aef-51f9-473c-80a3-23da74561150@group-9589741A35F8-StateMachineUpdater: Took a snapshot at index 2
2023-12-28 09:08:45,930 [f1f58aef-51f9-473c-80a3-23da74561150@group-9589741A35F8-StateMachineUpdater] INFO  impl.StateMachineUpdater (StateMachineUpdater.java:lambda$new$0(98)) - f1f58aef-51f9-473c-80a3-23da74561150@group-9589741A35F8-StateMachineUpdater: snapshotIndex: updateIncreasingly -1 -> 2
2023-12-28 09:08:45,931 [f1f58aef-51f9-473c-80a3-23da74561150-PipelineCommandHandlerThread-0] INFO  server.RaftServer$Division (ServerState.java:close(423)) - f1f58aef-51f9-473c-80a3-23da74561150@group-9589741A35F8: applyIndex: 2
2023-12-28 09:08:45,931 [f1f58aef-51f9-473c-80a3-23da74561150@group-9589741A35F8-cacheEviction-AwaitToRun] INFO  util.AwaitToRun (AwaitToRun.java:run(49)) - f1f58aef-51f9-473c-80a3-23da74561150@group-9589741A35F8-cacheEviction-AwaitToRun-AwaitForSignal is interrupted
2023-12-28 09:08:46,906 [f1f58aef-51f9-473c-80a3-23da74561150-PipelineCommandHandlerThread-0] INFO  segmented.SegmentedRaftLogWorker (SegmentedRaftLogWorker.java:close(243)) - f1f58aef-51f9-473c-80a3-23da74561150@group-9589741A35F8-SegmentedRaftLogWorker close()
2023-12-28 09:08:46,907 [f1f58aef-51f9-473c-80a3-23da74561150-PipelineCommandHandlerThread-0] INFO  keyvalue.KeyValueContainer (KeyValueContainer.java:flushAndSyncDB(522)) - Container 1 is synced with bcsId 0.
2023-12-28 09:08:46,908 [f1f58aef-51f9-473c-80a3-23da74561150-PipelineCommandHandlerThread-0] INFO  keyvalue.KeyValueContainer (KeyValueContainer.java:flushAndSyncDB(522)) - Container 1 is synced with bcsId 0.
2023-12-28 09:08:46,911 [FixedThreadPoolWithAffinityExecutor-9-0] INFO  container.IncrementalContainerReportHandler (AbstractContainerReportHandler.java:updateContainerState(287)) - Moving container #1 to QUASI_CLOSED state, datanode f1f58aef-51f9-473c-80a3-23da74561150(fv-az1384-14.e3qrh24bduyexj1tcof5x1etkc.ex.internal.cloudapp.net/10.1.0.14) reported QUASI_CLOSED replica.
2023-12-28 09:08:46,912 [f1f58aef-51f9-473c-80a3-23da74561150-PipelineCommandHandlerThread-0] INFO  server.RaftServer$Division (RaftServerImpl.java:groupRemove(486)) - f1f58aef-51f9-473c-80a3-23da74561150@group-9589741A35F8: Succeed to remove RaftStorageDirectory Storage Directory /home/runner/work/ozone/ozone/hadoop-ozone/integration-test/target/test-dir/MiniOzoneClusterImpl-8986566a-fb65-479a-a2d4-a5d5d2c03f68/datanode-3/data/ratis/7fde9c9e-684b-4c0c-a32c-9589741a35f8
2023-12-28 09:08:46,912 [f1f58aef-51f9-473c-80a3-23da74561150-PipelineCommandHandlerThread-0] INFO  commandhandler.ClosePipelineCommandHandler (ClosePipelineCommandHandler.java:lambda$handle$0(87)) - Close Pipeline PipelineID=7fde9c9e-684b-4c0c-a32c-9589741a35f8 command on datanode f1f58aef-51f9-473c-80a3-23da74561150.
2023-12-28 09:08:48,761 [main] INFO  ozone.MiniOzoneClusterImpl (MiniOzoneClusterImpl.java:shutdown(450)) - Shutting down the Mini Ozone Cluster
2023-12-28 09:08:48,761 [main] INFO  ozone.MiniOzoneClusterImpl (MiniOzoneClusterImpl.java:stop(467)) - Stopping the Mini Ozone Cluster
2023-12-28 09:08:48,761 [main] INFO  om.OzoneManager (OzoneManager.java:stop(2206)) - om1[localhost:15093]: Stopping Ozone Manager
2023-12-28 09:08:48,762 [main] INFO  ipc.Server (Server.java:stop(3523)) - Stopping server on 15093
2023-12-28 09:08:48,767 [IPC Server listener on 15093] INFO  ipc.Server (Server.java:run(1434)) - Stopping IPC Server listener on 15093
2023-12-28 09:08:48,767 [IPC Server Responder] INFO  ipc.Server (Server.java:run(1567)) - Stopping IPC Server Responder
2023-12-28 09:08:48,767 [main] INFO  server.RaftServer (RaftServerProxy.java:lambda$close$9(416)) - om1: close
2023-12-28 09:08:48,768 [om1-impl-thread1] INFO  server.RaftServer$Division (RaftServerImpl.java:lambda$close$3(516)) - om1@group-C5BA1605619E: shutdown
2023-12-28 09:08:48,768 [om1-impl-thread1] INFO  util.JmxRegister (JmxRegister.java:unregister(73)) - Successfully un-registered JMX Bean with object name Ratis:service=RaftServer,group=group-C5BA1605619E,id=om1
2023-12-28 09:08:48,768 [om1-impl-thread1] INFO  impl.RoleInfo (RoleInfo.java:shutdownLeaderState(94)) - om1: shutdown om1@group-C5BA1605619E-LeaderStateImpl
2023-12-28 09:08:48,768 [om1-impl-thread1] INFO  impl.PendingRequests (PendingRequests.java:sendNotLeaderResponses(289)) - om1@group-C5BA1605619E-PendingRequests: sendNotLeaderResponses
2023-12-28 09:08:48,768 [main] INFO  server.GrpcService (GrpcService.java:closeImpl(311)) - om1: shutdown server GrpcServerProtocolService now
2023-12-28 09:08:48,773 [om1-impl-thread1] INFO  impl.StateMachineUpdater (StateMachineUpdater.java:stopAndJoin(157)) - om1@group-C5BA1605619E-StateMachineUpdater: set stopIndex = 4
2023-12-28 09:08:48,773 [om1@group-C5BA1605619E-StateMachineUpdater] INFO  ratis.OzoneManagerStateMachine (OzoneManagerStateMachine.java:takeSnapshot(496)) - Current Snapshot Index (t:1, i:4)
2023-12-28 09:08:48,773 [main] INFO  server.GrpcService (GrpcService.java:closeImpl(320)) - om1: shutdown server GrpcServerProtocolService successfully
2023-12-28 09:08:48,783 [om1@group-C5BA1605619E-StateMachineUpdater] INFO  impl.StateMachineUpdater (StateMachineUpdater.java:takeSnapshot(295)) - om1@group-C5BA1605619E-StateMachineUpdater: Took a snapshot at index 4
2023-12-28 09:08:48,783 [om1@group-C5BA1605619E-StateMachineUpdater] INFO  impl.StateMachineUpdater (StateMachineUpdater.java:lambda$new$0(98)) - om1@group-C5BA1605619E-StateMachineUpdater: snapshotIndex: updateIncreasingly -1 -> 4
2023-12-28 09:08:48,783 [om1@group-C5BA1605619E-StateMachineUpdater] INFO  ratis.OzoneManagerStateMachine (OzoneManagerStateMachine.java:close(546)) - StateMachine has shutdown. Shutdown OzoneManager if not already shutdown.
2023-12-28 09:08:48,783 [om1@group-C5BA1605619E-StateMachineUpdater] INFO  ratis.OzoneManagerDoubleBuffer (OzoneManagerDoubleBuffer.java:stopDaemon(554)) - Stopping OMDoubleBuffer flush thread
2023-12-28 09:08:48,784 [om1-OMDoubleBufferFlushThread] INFO  ratis.OzoneManagerDoubleBuffer (OzoneManagerDoubleBuffer.java:canFlush(640)) - OMDoubleBuffer flush thread om1-OMDoubleBufferFlushThread is interrupted and will exit.
2023-12-28 09:08:48,784 [om1@group-C5BA1605619E-StateMachineUpdater] INFO  ratis.OzoneManagerStateMachine (OzoneManagerStateMachine.java:stop(756)) - applyTransactionMap size 0 
2023-12-28 09:08:48,784 [om1@group-C5BA1605619E-StateMachineUpdater] INFO  ratis.OzoneManagerStateMachine (OzoneManagerStateMachine.java:stop(762)) - ratisTransactionMap size 0
2023-12-28 09:08:48,784 [om1-impl-thread1] INFO  server.RaftServer$Division (ServerState.java:close(423)) - om1@group-C5BA1605619E: applyIndex: 4
2023-12-28 09:08:48,784 [om1@group-C5BA1605619E-cacheEviction-AwaitToRun] INFO  util.AwaitToRun (AwaitToRun.java:run(49)) - om1@group-C5BA1605619E-cacheEviction-AwaitToRun-AwaitForSignal is interrupted
2023-12-28 09:08:48,877 [om1-impl-thread1] INFO  segmented.SegmentedRaftLogWorker (SegmentedRaftLogWorker.java:close(243)) - om1@group-C5BA1605619E-SegmentedRaftLogWorker close()
2023-12-28 09:08:48,877 [JvmPauseMonitor12] INFO  util.JvmPauseMonitor (JvmPauseMonitor.java:run(152)) - JvmPauseMonitor-om1: Stopped
2023-12-28 09:08:48,877 [main] INFO  ratis.OzoneManagerStateMachine (OzoneManagerStateMachine.java:close(546)) - StateMachine has shutdown. Shutdown OzoneManager if not already shutdown.
2023-12-28 09:08:48,878 [main] INFO  ratis.OzoneManagerDoubleBuffer (OzoneManagerDoubleBuffer.java:stopDaemon(563)) - OMDoubleBuffer flush thread is not running.
2023-12-28 09:08:48,878 [main] INFO  ratis.OzoneManagerStateMachine (OzoneManagerStateMachine.java:stop(756)) - applyTransactionMap size 0 
2023-12-28 09:08:48,878 [main] INFO  ratis.OzoneManagerStateMachine (OzoneManagerStateMachine.java:stop(762)) - ratisTransactionMap size 0
2023-12-28 09:08:48,879 [main] INFO  utils.BackgroundService (BackgroundService.java:shutdown(160)) - Shutting down service KeyDeletingService
2023-12-28 09:08:48,879 [main] INFO  utils.BackgroundService (BackgroundService.java:shutdown(160)) - Shutting down service DirectoryDeletingService
2023-12-28 09:08:48,879 [main] INFO  utils.BackgroundService (BackgroundService.java:shutdown(160)) - Shutting down service OpenKeyCleanupService
2023-12-28 09:08:48,879 [main] INFO  utils.BackgroundService (BackgroundService.java:shutdown(160)) - Shutting down service SstFilteringService
2023-12-28 09:08:48,879 [main] INFO  utils.BackgroundService (BackgroundService.java:shutdown(160)) - Shutting down service SnapshotDeletingService
2023-12-28 09:08:48,879 [main] INFO  utils.BackgroundService (BackgroundService.java:shutdown(160)) - Shutting down service MultipartUploadCleanupService
2023-12-28 09:08:48,880 [main] INFO  handler.ContextHandler (ContextHandler.java:doStop(1159)) - Stopped o.e.j.w.WebAppContext@2bdcc7d4{ozoneManager,/,null,STOPPED}{file:/home/runner/work/ozone/ozone/hadoop-ozone/integration-test/target/test-classes/webapps/ozoneManager}
2023-12-28 09:08:48,881 [main] INFO  server.AbstractConnector (AbstractConnector.java:doStop(383)) - Stopped ServerConnector@4d713ced{HTTP/1.1, (http/1.1)}{0.0.0.0:15094}
2023-12-28 09:08:48,881 [main] INFO  server.session (HouseKeeper.java:stopScavenging(149)) - node0 Stopped scavenging
2023-12-28 09:08:48,881 [main] INFO  handler.ContextHandler (ContextHandler.java:doStop(1159)) - Stopped o.e.j.s.ServletContextHandler@2097a9e3{static,/static,file:///home/runner/work/ozone/ozone/hadoop-ozone/integration-test/target/test-classes/webapps/static,STOPPED}
2023-12-28 09:08:48,881 [main] INFO  handler.ContextHandler (ContextHandler.java:doStop(1159)) - Stopped o.e.j.s.ServletContextHandler@69cf08a5{logs,/logs,file:///home/runner/work/ozone/ozone/hadoop-ozone/integration-test/target/log,STOPPED}
2023-12-28 09:08:48,882 [main] INFO  rocksdiff.RocksDBCheckpointDiffer (RocksDBCheckpointDiffer.java:close(310)) - Shutting down CompactionDagPruningService.
2023-12-28 09:08:48,883 [main] INFO  snapshot.SnapshotDiffManager (SnapshotDiffManager.java:closeExecutorService(1688)) - Shutting down executorService: 'SnapDiffExecutor'
2023-12-28 09:08:48,883 [main] INFO  snapshot.SnapshotDiffManager (SnapshotDiffManager.java:closeExecutorService(1688)) - Shutting down executorService: 'SstDumpToolExecutor'
2023-12-28 09:08:48,883 [main] INFO  utils.BackgroundService (BackgroundService.java:shutdown(160)) - Shutting down service SnapshotDiffCleanupService
2023-12-28 09:08:48,884 [main] INFO  ozone.MiniOzoneClusterImpl (MiniOzoneClusterImpl.java:stopDatanodes(537)) - Stopping the HddsDatanodes
2023-12-28 09:08:48,885 [main] INFO  ozoneimpl.OzoneContainer (OzoneContainer.java:stop(463)) - Attempting to stop container services.
2023-12-28 09:08:48,886 [main] INFO  server.RaftServer (RaftServerProxy.java:lambda$close$9(416)) - 710d5749-3dff-4e56-b0fe-7873b1298659: close
2023-12-28 09:08:48,887 [710d5749-3dff-4e56-b0fe-7873b1298659-impl-thread1] INFO  server.RaftServer$Division (RaftServerImpl.java:lambda$close$3(516)) - 710d5749-3dff-4e56-b0fe-7873b1298659@group-1B294623A69B: shutdown
2023-12-28 09:08:48,887 [710d5749-3dff-4e56-b0fe-7873b1298659-impl-thread1] INFO  util.JmxRegister (JmxRegister.java:unregister(73)) - Successfully un-registered JMX Bean with object name Ratis:service=RaftServer,group=group-1B294623A69B,id=710d5749-3dff-4e56-b0fe-7873b1298659
2023-12-28 09:08:48,887 [main] INFO  server.GrpcService (GrpcService.java:closeImpl(311)) - 710d5749-3dff-4e56-b0fe-7873b1298659: shutdown server org.apache.ratis.grpc.server.GrpcClientProtocolService now
2023-12-28 09:08:48,887 [710d5749-3dff-4e56-b0fe-7873b1298659-impl-thread1] INFO  impl.RoleInfo (RoleInfo.java:shutdownLeaderState(94)) - 710d5749-3dff-4e56-b0fe-7873b1298659: shutdown 710d5749-3dff-4e56-b0fe-7873b1298659@group-1B294623A69B-LeaderStateImpl
2023-12-28 09:08:48,888 [710d5749-3dff-4e56-b0fe-7873b1298659@group-1B294623A69B->623fd51a-cd2f-46b7-bfb3-2e75fcb0d216-GrpcLogAppender-LogAppenderDaemon] WARN  server.GrpcLogAppender (GrpcLogAppender.java:mayWait(212)) - 710d5749-3dff-4e56-b0fe-7873b1298659@group-1B294623A69B->623fd51a-cd2f-46b7-bfb3-2e75fcb0d216-GrpcLogAppender: Wait interrupted by java.lang.InterruptedException
2023-12-28 09:08:48,888 [710d5749-3dff-4e56-b0fe-7873b1298659@group-1B294623A69B->1359b24a-0a66-4b2c-b277-152671c55fa7-GrpcLogAppender-LogAppenderDaemon] WARN  server.GrpcLogAppender (GrpcLogAppender.java:mayWait(212)) - 710d5749-3dff-4e56-b0fe-7873b1298659@group-1B294623A69B->1359b24a-0a66-4b2c-b277-152671c55fa7-GrpcLogAppender: Wait interrupted by java.lang.InterruptedException
2023-12-28 09:08:48,887 [710d5749-3dff-4e56-b0fe-7873b1298659-impl-thread2] INFO  server.RaftServer$Division (RaftServerImpl.java:lambda$close$3(516)) - 710d5749-3dff-4e56-b0fe-7873b1298659@group-E65BF094AF7D: shutdown
2023-12-28 09:08:48,888 [710d5749-3dff-4e56-b0fe-7873b1298659-impl-thread2] INFO  util.JmxRegister (JmxRegister.java:unregister(73)) - Successfully un-registered JMX Bean with object name Ratis:service=RaftServer,group=group-E65BF094AF7D,id=710d5749-3dff-4e56-b0fe-7873b1298659
2023-12-28 09:08:48,888 [710d5749-3dff-4e56-b0fe-7873b1298659-impl-thread2] INFO  impl.RoleInfo (RoleInfo.java:shutdownLeaderState(94)) - 710d5749-3dff-4e56-b0fe-7873b1298659: shutdown 710d5749-3dff-4e56-b0fe-7873b1298659@group-E65BF094AF7D-LeaderStateImpl
2023-12-28 09:08:48,889 [710d5749-3dff-4e56-b0fe-7873b1298659-impl-thread2] INFO  impl.PendingRequests (PendingRequests.java:sendNotLeaderResponses(289)) - 710d5749-3dff-4e56-b0fe-7873b1298659@group-E65BF094AF7D-PendingRequests: sendNotLeaderResponses
2023-12-28 09:08:48,889 [710d5749-3dff-4e56-b0fe-7873b1298659-impl-thread2] INFO  impl.StateMachineUpdater (StateMachineUpdater.java:stopAndJoin(157)) - 710d5749-3dff-4e56-b0fe-7873b1298659@group-E65BF094AF7D-StateMachineUpdater: set stopIndex = 0
2023-12-28 09:08:48,888 [ForkJoinPool.commonPool-worker-5] INFO  ozoneimpl.OzoneContainer (OzoneContainer.java:stop(463)) - Attempting to stop container services.
2023-12-28 09:08:48,889 [710d5749-3dff-4e56-b0fe-7873b1298659@group-E65BF094AF7D-StateMachineUpdater] INFO  ratis.ContainerStateMachine (ContainerStateMachine.java:takeSnapshot(355)) - group-E65BF094AF7D: Taking a snapshot at:(t:1, i:0) file /home/runner/work/ozone/ozone/hadoop-ozone/integration-test/target/test-dir/MiniOzoneClusterImpl-8986566a-fb65-479a-a2d4-a5d5d2c03f68/datanode-1/data/ratis/c7c0b06f-2c96-479a-bcca-e65bf094af7d/sm/snapshot.1_0
2023-12-28 09:08:48,889 [grpc-default-executor-4] INFO  server.GrpcServerProtocolService (GrpcServerProtocolService.java:onCompleted(157)) - 623fd51a-cd2f-46b7-bfb3-2e75fcb0d216: Completed APPEND_ENTRIES, lastRequest: null
2023-12-28 09:08:48,888 [710d5749-3dff-4e56-b0fe-7873b1298659-impl-thread1] INFO  impl.PendingRequests (PendingRequests.java:sendNotLeaderResponses(289)) - 710d5749-3dff-4e56-b0fe-7873b1298659@group-1B294623A69B-PendingRequests: sendNotLeaderResponses
2023-12-28 09:08:48,889 [grpc-default-executor-4] INFO  server.GrpcServerProtocolService (GrpcServerProtocolService.java:lambda$onCompleted$5(159)) - 623fd51a-cd2f-46b7-bfb3-2e75fcb0d216: Completed APPEND_ENTRIES, lastReply: serverReply {
  requestorId: "710d5749-3dff-4e56-b0fe-7873b1298659"
  replyId: "623fd51a-cd2f-46b7-bfb3-2e75fcb0d216"
  raftGroupId {
    id: "M\367\203\271\025\037O|\246z\033)F#\246\233"
  }
  callId: 9
  success: true
}
term: 1
nextIndex: 1
matchIndex: 18446744073709551615
isHearbeat: true

2023-12-28 09:08:48,890 [710d5749-3dff-4e56-b0fe-7873b1298659@group-E65BF094AF7D-StateMachineUpdater] INFO  ratis.ContainerStateMachine (ContainerStateMachine.java:takeSnapshot(366)) - group-E65BF094AF7D: Finished taking a snapshot at:(t:1, i:0) file:/home/runner/work/ozone/ozone/hadoop-ozone/integration-test/target/test-dir/MiniOzoneClusterImpl-8986566a-fb65-479a-a2d4-a5d5d2c03f68/datanode-1/data/ratis/c7c0b06f-2c96-479a-bcca-e65bf094af7d/sm/snapshot.1_0 took: 1 ms
2023-12-28 09:08:48,890 [ForkJoinPool.commonPool-worker-5] INFO  server.RaftServer (RaftServerProxy.java:lambda$close$9(416)) - dccb7b66-05bf-40d4-a126-9074e1df82c7: close
2023-12-28 09:08:48,890 [710d5749-3dff-4e56-b0fe-7873b1298659@group-E65BF094AF7D-StateMachineUpdater] INFO  impl.StateMachineUpdater (StateMachineUpdater.java:takeSnapshot(295)) - 710d5749-3dff-4e56-b0fe-7873b1298659@group-E65BF094AF7D-StateMachineUpdater: Took a snapshot at index 0
2023-12-28 09:08:48,890 [710d5749-3dff-4e56-b0fe-7873b1298659@group-E65BF094AF7D-StateMachineUpdater] INFO  impl.StateMachineUpdater (StateMachineUpdater.java:lambda$new$0(98)) - 710d5749-3dff-4e56-b0fe-7873b1298659@group-E65BF094AF7D-StateMachineUpdater: snapshotIndex: updateIncreasingly -1 -> 0
2023-12-28 09:08:48,890 [grpc-default-executor-2] INFO  server.GrpcServerProtocolService (GrpcServerProtocolService.java:onCompleted(157)) - 1359b24a-0a66-4b2c-b277-152671c55fa7: Completed APPEND_ENTRIES, lastRequest: 710d5749-3dff-4e56-b0fe-7873b1298659->1359b24a-0a66-4b2c-b277-152671c55fa7#1-t1,previous=(t:0, i:0),leaderCommit=-1,initializing? true,entries: size=1, first=(t:1, i:0), CONFIGURATIONENTRY(current:id: "623fd51a-cd2f-46b7-bfb3-2e75fcb0d216"
address: "10.1.0.14:15121"
dataStreamAddress: "10.1.0.14:15122"
clientAddress: "10.1.0.14:15119"
adminAddress: "10.1.0.14:15120"
startupRole: FOLLOWER
,id: "1359b24a-0a66-4b2c-b277-152671c55fa7"
address: "10.1.0.14:15103"
dataStreamAddress: "10.1.0.14:15104"
clientAddress: "10.1.0.14:15101"
adminAddress: "10.1.0.14:15102"
startupRole: FOLLOWER
,id: "710d5749-3dff-4e56-b0fe-7873b1298659"
address: "10.1.0.14:15112"
priority: 1
dataStreamAddress: "10.1.0.14:15113"
clientAddress: "10.1.0.14:15110"
adminAddress: "10.1.0.14:15111"
startupRole: FOLLOWER
, old:)
2023-12-28 09:08:48,890 [grpc-default-executor-2] INFO  server.GrpcServerProtocolService (GrpcServerProtocolService.java:lambda$onCompleted$5(159)) - 1359b24a-0a66-4b2c-b277-152671c55fa7: Completed APPEND_ENTRIES, lastReply: null
2023-12-28 09:08:48,888 [ForkJoinPool.commonPool-worker-4] INFO  ozoneimpl.OzoneContainer (OzoneContainer.java:stop(463)) - Attempting to stop container services.
2023-12-28 09:08:48,890 [710d5749-3dff-4e56-b0fe-7873b1298659-impl-thread2] INFO  server.RaftServer$Division (ServerState.java:close(423)) - 710d5749-3dff-4e56-b0fe-7873b1298659@group-E65BF094AF7D: applyIndex: 0
2023-12-28 09:08:48,890 [dccb7b66-05bf-40d4-a126-9074e1df82c7-impl-thread1] INFO  server.RaftServer$Division (RaftServerImpl.java:lambda$close$3(516)) - dccb7b66-05bf-40d4-a126-9074e1df82c7@group-7A911354CE2F: shutdown
2023-12-28 09:08:48,891 [grpc-default-executor-3] INFO  server.GrpcServerProtocolService (GrpcServerProtocolService.java:onCompleted(157)) - 1359b24a-0a66-4b2c-b277-152671c55fa7: Completed APPEND_ENTRIES, lastRequest: null
2023-12-28 09:08:48,891 [710d5749-3dff-4e56-b0fe-7873b1298659-impl-thread1] INFO  impl.StateMachineUpdater (StateMachineUpdater.java:stopAndJoin(157)) - 710d5749-3dff-4e56-b0fe-7873b1298659@group-1B294623A69B-StateMachineUpdater: set stopIndex = 0
2023-12-28 09:08:48,891 [grpc-default-executor-3] INFO  server.GrpcServerProtocolService (GrpcServerProtocolService.java:lambda$onCompleted$5(159)) - 1359b24a-0a66-4b2c-b277-152671c55fa7: Completed APPEND_ENTRIES, lastReply: serverReply {
  requestorId: "710d5749-3dff-4e56-b0fe-7873b1298659"
  replyId: "1359b24a-0a66-4b2c-b277-152671c55fa7"
  raftGroupId {
    id: "M\367\203\271\025\037O|\246z\033)F#\246\233"
  }
  callId: 13
  success: true
}
term: 1
nextIndex: 1
matchIndex: 18446744073709551615
isHearbeat: true

2023-12-28 09:08:48,891 [dccb7b66-05bf-40d4-a126-9074e1df82c7-impl-thread2] INFO  server.RaftServer$Division (RaftServerImpl.java:lambda$close$3(516)) - dccb7b66-05bf-40d4-a126-9074e1df82c7@group-233B65F5EE38: shutdown
2023-12-28 09:08:48,891 [ForkJoinPool.commonPool-worker-4] INFO  server.RaftServer (RaftServerProxy.java:lambda$close$9(416)) - 623fd51a-cd2f-46b7-bfb3-2e75fcb0d216: close
2023-12-28 09:08:48,891 [grpc-default-executor-5] INFO  server.GrpcServerProtocolService (GrpcServerProtocolService.java:onCompleted(157)) - 623fd51a-cd2f-46b7-bfb3-2e75fcb0d216: Completed APPEND_ENTRIES, lastRequest: 710d5749-3dff-4e56-b0fe-7873b1298659->623fd51a-cd2f-46b7-bfb3-2e75fcb0d216#1-t1,previous=(t:0, i:0),leaderCommit=-1,initializing? true,entries: size=1, first=(t:1, i:0), CONFIGURATIONENTRY(current:id: "623fd51a-cd2f-46b7-bfb3-2e75fcb0d216"
address: "10.1.0.14:15121"
dataStreamAddress: "10.1.0.14:15122"
clientAddress: "10.1.0.14:15119"
adminAddress: "10.1.0.14:15120"
startupRole: FOLLOWER
,id: "1359b24a-0a66-4b2c-b277-152671c55fa7"
address: "10.1.0.14:15103"
dataStreamAddress: "10.1.0.14:15104"
clientAddress: "10.1.0.14:15101"
adminAddress: "10.1.0.14:15102"
startupRole: FOLLOWER
,id: "710d5749-3dff-4e56-b0fe-7873b1298659"
address: "10.1.0.14:15112"
priority: 1
dataStreamAddress: "10.1.0.14:15113"
clientAddress: "10.1.0.14:15110"
adminAddress: "10.1.0.14:15111"
startupRole: FOLLOWER
, old:)
2023-12-28 09:08:48,891 [ForkJoinPool.commonPool-worker-5] INFO  server.GrpcService (GrpcService.java:closeImpl(311)) - dccb7b66-05bf-40d4-a126-9074e1df82c7: shutdown server org.apache.ratis.grpc.server.GrpcClientProtocolService now
2023-12-28 09:08:48,895 [Thread-1717] INFO  server.GrpcServerProtocolClient (GrpcServerProtocolClient.java:close(103)) - 1359b24a-0a66-4b2c-b277-152671c55fa7 Close channels
2023-12-28 09:08:48,895 [Thread-1716] INFO  server.GrpcServerProtocolClient (GrpcServerProtocolClient.java:close(103)) - 623fd51a-cd2f-46b7-bfb3-2e75fcb0d216 Close channels
2023-12-28 09:08:48,895 [710d5749-3dff-4e56-b0fe-7873b1298659@group-E65BF094AF7D-cacheEviction-AwaitToRun] INFO  util.AwaitToRun (AwaitToRun.java:run(49)) - 710d5749-3dff-4e56-b0fe-7873b1298659@group-E65BF094AF7D-cacheEviction-AwaitToRun-AwaitForSignal is interrupted
2023-12-28 09:08:48,892 [grpc-default-executor-5] INFO  server.GrpcServerProtocolService (GrpcServerProtocolService.java:lambda$onCompleted$5(159)) - 623fd51a-cd2f-46b7-bfb3-2e75fcb0d216: Completed APPEND_ENTRIES, lastReply: null
2023-12-28 09:08:48,897 [710d5749-3dff-4e56-b0fe-7873b1298659@group-1B294623A69B-StateMachineUpdater] INFO  ratis.ContainerStateMachine (ContainerStateMachine.java:takeSnapshot(355)) - group-1B294623A69B: Taking a snapshot at:(t:1, i:0) file /home/runner/work/ozone/ozone/hadoop-ozone/integration-test/target/test-dir/MiniOzoneClusterImpl-8986566a-fb65-479a-a2d4-a5d5d2c03f68/datanode-1/data/ratis/4df783b9-151f-4f7c-a67a-1b294623a69b/sm/snapshot.1_0
2023-12-28 09:08:48,897 [623fd51a-cd2f-46b7-bfb3-2e75fcb0d216-impl-thread1] INFO  server.RaftServer$Division (RaftServerImpl.java:lambda$close$3(516)) - 623fd51a-cd2f-46b7-bfb3-2e75fcb0d216@group-45BFF5C42CB2: shutdown
2023-12-28 09:08:48,897 [ForkJoinPool.commonPool-worker-4] INFO  server.GrpcService (GrpcService.java:closeImpl(311)) - 623fd51a-cd2f-46b7-bfb3-2e75fcb0d216: shutdown server org.apache.ratis.grpc.server.GrpcClientProtocolService now
2023-12-28 09:08:48,897 [dccb7b66-05bf-40d4-a126-9074e1df82c7-impl-thread1] INFO  util.JmxRegister (JmxRegister.java:unregister(73)) - Successfully un-registered JMX Bean with object name Ratis:service=RaftServer,group=group-7A911354CE2F,id=dccb7b66-05bf-40d4-a126-9074e1df82c7
2023-12-28 09:08:48,897 [dccb7b66-05bf-40d4-a126-9074e1df82c7-impl-thread1] INFO  impl.RoleInfo (RoleInfo.java:shutdownFollowerState(110)) - dccb7b66-05bf-40d4-a126-9074e1df82c7: shutdown dccb7b66-05bf-40d4-a126-9074e1df82c7@group-7A911354CE2F-FollowerState
2023-12-28 09:08:48,897 [dccb7b66-05bf-40d4-a126-9074e1df82c7-impl-thread2] INFO  util.JmxRegister (JmxRegister.java:unregister(73)) - Successfully un-registered JMX Bean with object name Ratis:service=RaftServer,group=group-233B65F5EE38,id=dccb7b66-05bf-40d4-a126-9074e1df82c7
2023-12-28 09:08:48,897 [710d5749-3dff-4e56-b0fe-7873b1298659@group-1B294623A69B-StateMachineUpdater] INFO  ratis.ContainerStateMachine (ContainerStateMachine.java:takeSnapshot(366)) - group-1B294623A69B: Finished taking a snapshot at:(t:1, i:0) file:/home/runner/work/ozone/ozone/hadoop-ozone/integration-test/target/test-dir/MiniOzoneClusterImpl-8986566a-fb65-479a-a2d4-a5d5d2c03f68/datanode-1/data/ratis/4df783b9-151f-4f7c-a67a-1b294623a69b/sm/snapshot.1_0 took: 0 ms
2023-12-28 09:08:48,897 [623fd51a-cd2f-46b7-bfb3-2e75fcb0d216-impl-thread1] INFO  util.JmxRegister (JmxRegister.java:unregister(73)) - Successfully un-registered JMX Bean with object name Ratis:service=RaftServer,group=group-45BFF5C42CB2,id=623fd51a-cd2f-46b7-bfb3-2e75fcb0d216
2023-12-28 09:08:48,897 [dccb7b66-05bf-40d4-a126-9074e1df82c7-impl-thread2] INFO  impl.RoleInfo (RoleInfo.java:shutdownLeaderState(94)) - dccb7b66-05bf-40d4-a126-9074e1df82c7: shutdown dccb7b66-05bf-40d4-a126-9074e1df82c7@group-233B65F5EE38-LeaderStateImpl
2023-12-28 09:08:48,897 [623fd51a-cd2f-46b7-bfb3-2e75fcb0d216-impl-thread1] INFO  impl.RoleInfo (RoleInfo.java:shutdownLeaderState(94)) - 623fd51a-cd2f-46b7-bfb3-2e75fcb0d216: shutdown 623fd51a-cd2f-46b7-bfb3-2e75fcb0d216@group-45BFF5C42CB2-LeaderStateImpl
2023-12-28 09:08:48,897 [dccb7b66-05bf-40d4-a126-9074e1df82c7-impl-thread2] INFO  impl.PendingRequests (PendingRequests.java:sendNotLeaderResponses(289)) - dccb7b66-05bf-40d4-a126-9074e1df82c7@group-233B65F5EE38-PendingRequests: sendNotLeaderResponses
2023-12-28 09:08:48,897 [623fd51a-cd2f-46b7-bfb3-2e75fcb0d216-impl-thread1] INFO  impl.PendingRequests (PendingRequests.java:sendNotLeaderResponses(289)) - 623fd51a-cd2f-46b7-bfb3-2e75fcb0d216@group-45BFF5C42CB2-PendingRequests: sendNotLeaderResponses
2023-12-28 09:08:48,898 [dccb7b66-05bf-40d4-a126-9074e1df82c7-impl-thread2] INFO  impl.StateMachineUpdater (StateMachineUpdater.java:stopAndJoin(157)) - dccb7b66-05bf-40d4-a126-9074e1df82c7@group-233B65F5EE38-StateMachineUpdater: set stopIndex = 0
2023-12-28 09:08:48,898 [623fd51a-cd2f-46b7-bfb3-2e75fcb0d216-impl-thread1] INFO  impl.StateMachineUpdater (StateMachineUpdater.java:stopAndJoin(157)) - 623fd51a-cd2f-46b7-bfb3-2e75fcb0d216@group-45BFF5C42CB2-StateMachineUpdater: set stopIndex = 0
2023-12-28 09:08:48,898 [623fd51a-cd2f-46b7-bfb3-2e75fcb0d216@group-45BFF5C42CB2-StateMachineUpdater] INFO  ratis.ContainerStateMachine (ContainerStateMachine.java:takeSnapshot(355)) - group-45BFF5C42CB2: Taking a snapshot at:(t:1, i:0) file /home/runner/work/ozone/ozone/hadoop-ozone/integration-test/target/test-dir/MiniOzoneClusterImpl-8986566a-fb65-479a-a2d4-a5d5d2c03f68/datanode-2/data/ratis/584958d6-565b-49a7-b47b-45bff5c42cb2/sm/snapshot.1_0
2023-12-28 09:08:48,897 [623fd51a-cd2f-46b7-bfb3-2e75fcb0d216-impl-thread2] INFO  server.RaftServer$Division (RaftServerImpl.java:lambda$close$3(516)) - 623fd51a-cd2f-46b7-bfb3-2e75fcb0d216@group-1B294623A69B: shutdown
2023-12-28 09:08:48,898 [623fd51a-cd2f-46b7-bfb3-2e75fcb0d216-impl-thread2] INFO  util.JmxRegister (JmxRegister.java:unregister(73)) - Successfully un-registered JMX Bean with object name Ratis:service=RaftServer,group=group-1B294623A69B,id=623fd51a-cd2f-46b7-bfb3-2e75fcb0d216
2023-12-28 09:08:48,898 [623fd51a-cd2f-46b7-bfb3-2e75fcb0d216-impl-thread2] INFO  impl.RoleInfo (RoleInfo.java:shutdownFollowerState(110)) - 623fd51a-cd2f-46b7-bfb3-2e75fcb0d216: shutdown 623fd51a-cd2f-46b7-bfb3-2e75fcb0d216@group-1B294623A69B-FollowerState
2023-12-28 09:08:48,898 [grpc-default-executor-3] INFO  server.GrpcLogAppender (GrpcLogAppender.java:onCompleted(469)) - 710d5749-3dff-4e56-b0fe-7873b1298659@group-1B294623A69B->1359b24a-0a66-4b2c-b277-152671c55fa7-AppendLogResponseHandler: follower responses appendEntries COMPLETED
2023-12-28 09:08:48,898 [grpc-default-executor-3] WARN  server.GrpcLogAppender (GrpcLogAppender.java:resetClient(149)) - 710d5749-3dff-4e56-b0fe-7873b1298659@group-1B294623A69B->1359b24a-0a66-4b2c-b277-152671c55fa7-GrpcLogAppender: Failed to getClient for 1359b24a-0a66-4b2c-b277-152671c55fa7
org.apache.ratis.protocol.exceptions.AlreadyClosedException: 710d5749-3dff-4e56-b0fe-7873b1298659 is already CLOSED
	at org.apache.ratis.util.PeerProxyMap$PeerAndProxy.getProxy(PeerProxyMap.java:61)
	at org.apache.ratis.util.PeerProxyMap.getProxy(PeerProxyMap.java:110)
	at org.apache.ratis.grpc.server.GrpcLogAppender.getClient(GrpcLogAppender.java:121)
	at org.apache.ratis.grpc.server.GrpcLogAppender.resetClient(GrpcLogAppender.java:126)
	at org.apache.ratis.grpc.server.GrpcLogAppender.access$800(GrpcLogAppender.java:61)
	at org.apache.ratis.grpc.server.GrpcLogAppender$AppendLogResponseHandler.onCompleted(GrpcLogAppender.java:471)
	at org.apache.ratis.thirdparty.io.grpc.stub.ClientCalls$StreamObserverToCallListenerAdapter.onClose(ClientCalls.java:479)
	at org.apache.ratis.thirdparty.io.grpc.internal.ClientCallImpl.closeObserver(ClientCallImpl.java:567)
	at org.apache.ratis.thirdparty.io.grpc.internal.ClientCallImpl.access$300(ClientCallImpl.java:71)
	at org.apache.ratis.thirdparty.io.grpc.internal.ClientCallImpl$ClientStreamListenerImpl$1StreamClosed.runInternal(ClientCallImpl.java:735)
	at org.apache.ratis.thirdparty.io.grpc.internal.ClientCallImpl$ClientStreamListenerImpl$1StreamClosed.runInContext(ClientCallImpl.java:716)
	at org.apache.ratis.thirdparty.io.grpc.internal.ContextRunnable.run(ContextRunnable.java:37)
	at org.apache.ratis.thirdparty.io.grpc.internal.SerializingExecutor.run(SerializingExecutor.java:133)
	at java.util.concurrent.ThreadPoolExecutor.runWorker(ThreadPoolExecutor.java:1149)
	at java.util.concurrent.ThreadPoolExecutor$Worker.run(ThreadPoolExecutor.java:624)
	at java.lang.Thread.run(Thread.java:750)
2023-12-28 09:08:48,897 [710d5749-3dff-4e56-b0fe-7873b1298659@group-1B294623A69B-StateMachineUpdater] INFO  impl.StateMachineUpdater (StateMachineUpdater.java:takeSnapshot(295)) - 710d5749-3dff-4e56-b0fe-7873b1298659@group-1B294623A69B-StateMachineUpdater: Took a snapshot at index 0
2023-12-28 09:08:48,898 [710d5749-3dff-4e56-b0fe-7873b1298659@group-1B294623A69B-StateMachineUpdater] INFO  impl.StateMachineUpdater (StateMachineUpdater.java:lambda$new$0(98)) - 710d5749-3dff-4e56-b0fe-7873b1298659@group-1B294623A69B-StateMachineUpdater: snapshotIndex: updateIncreasingly -1 -> 0
2023-12-28 09:08:48,898 [710d5749-3dff-4e56-b0fe-7873b1298659-impl-thread1] INFO  server.RaftServer$Division (ServerState.java:close(423)) - 710d5749-3dff-4e56-b0fe-7873b1298659@group-1B294623A69B: applyIndex: 0
2023-12-28 09:08:48,898 [grpc-default-executor-5] INFO  server.GrpcLogAppender (GrpcLogAppender.java:onCompleted(469)) - 710d5749-3dff-4e56-b0fe-7873b1298659@group-1B294623A69B->1359b24a-0a66-4b2c-b277-152671c55fa7-AppendLogResponseHandler: follower responses appendEntries COMPLETED
2023-12-28 09:08:48,898 [dccb7b66-05bf-40d4-a126-9074e1df82c7@group-233B65F5EE38-StateMachineUpdater] INFO  ratis.ContainerStateMachine (ContainerStateMachine.java:takeSnapshot(355)) - group-233B65F5EE38: Taking a snapshot at:(t:1, i:0) file /home/runner/work/ozone/ozone/hadoop-ozone/integration-test/target/test-dir/MiniOzoneClusterImpl-8986566a-fb65-479a-a2d4-a5d5d2c03f68/datanode-7/data/ratis/be5ce17b-3d15-446a-bad1-233b65f5ee38/sm/snapshot.1_0
2023-12-28 09:08:48,899 [grpc-default-executor-5] WARN  server.GrpcLogAppender (GrpcLogAppender.java:resetClient(149)) - 710d5749-3dff-4e56-b0fe-7873b1298659@group-1B294623A69B->1359b24a-0a66-4b2c-b277-152671c55fa7-GrpcLogAppender: Failed to getClient for 1359b24a-0a66-4b2c-b277-152671c55fa7
org.apache.ratis.protocol.exceptions.AlreadyClosedException: 710d5749-3dff-4e56-b0fe-7873b1298659 is already CLOSED
	at org.apache.ratis.util.PeerProxyMap$PeerAndProxy.getProxy(PeerProxyMap.java:61)
	at org.apache.ratis.util.PeerProxyMap.getProxy(PeerProxyMap.java:110)
	at org.apache.ratis.grpc.server.GrpcLogAppender.getClient(GrpcLogAppender.java:121)
	at org.apache.ratis.grpc.server.GrpcLogAppender.resetClient(GrpcLogAppender.java:126)
	at org.apache.ratis.grpc.server.GrpcLogAppender.access$800(GrpcLogAppender.java:61)
	at org.apache.ratis.grpc.server.GrpcLogAppender$AppendLogResponseHandler.onCompleted(GrpcLogAppender.java:471)
	at org.apache.ratis.thirdparty.io.grpc.stub.ClientCalls$StreamObserverToCallListenerAdapter.onClose(ClientCalls.java:479)
	at org.apache.ratis.thirdparty.io.grpc.internal.ClientCallImpl.closeObserver(ClientCallImpl.java:567)
	at org.apache.ratis.thirdparty.io.grpc.internal.ClientCallImpl.access$300(ClientCallImpl.java:71)
	at org.apache.ratis.thirdparty.io.grpc.internal.ClientCallImpl$ClientStreamListenerImpl$1StreamClosed.runInternal(ClientCallImpl.java:735)
	at org.apache.ratis.thirdparty.io.grpc.internal.ClientCallImpl$ClientStreamListenerImpl$1StreamClosed.runInContext(ClientCallImpl.java:716)
	at org.apache.ratis.thirdparty.io.grpc.internal.ContextRunnable.run(ContextRunnable.java:37)
	at org.apache.ratis.thirdparty.io.grpc.internal.SerializingExecutor.run(SerializingExecutor.java:133)
	at java.util.concurrent.ThreadPoolExecutor.runWorker(ThreadPoolExecutor.java:1149)
	at java.util.concurrent.ThreadPoolExecutor$Worker.run(ThreadPoolExecutor.java:624)
	at java.lang.Thread.run(Thread.java:750)
2023-12-28 09:08:48,898 [623fd51a-cd2f-46b7-bfb3-2e75fcb0d216@group-45BFF5C42CB2-StateMachineUpdater] INFO  ratis.ContainerStateMachine (ContainerStateMachine.java:takeSnapshot(366)) - group-45BFF5C42CB2: Finished taking a snapshot at:(t:1, i:0) file:/home/runner/work/ozone/ozone/hadoop-ozone/integration-test/target/test-dir/MiniOzoneClusterImpl-8986566a-fb65-479a-a2d4-a5d5d2c03f68/datanode-2/data/ratis/584958d6-565b-49a7-b47b-45bff5c42cb2/sm/snapshot.1_0 took: 1 ms
2023-12-28 09:08:48,899 [623fd51a-cd2f-46b7-bfb3-2e75fcb0d216@group-45BFF5C42CB2-StateMachineUpdater] INFO  impl.StateMachineUpdater (StateMachineUpdater.java:takeSnapshot(295)) - 623fd51a-cd2f-46b7-bfb3-2e75fcb0d216@group-45BFF5C42CB2-StateMachineUpdater: Took a snapshot at index 0
2023-12-28 09:08:48,899 [623fd51a-cd2f-46b7-bfb3-2e75fcb0d216@group-45BFF5C42CB2-StateMachineUpdater] INFO  impl.StateMachineUpdater (StateMachineUpdater.java:lambda$new$0(98)) - 623fd51a-cd2f-46b7-bfb3-2e75fcb0d216@group-45BFF5C42CB2-StateMachineUpdater: snapshotIndex: updateIncreasingly -1 -> 0
2023-12-28 09:08:48,899 [dccb7b66-05bf-40d4-a126-9074e1df82c7@group-233B65F5EE38-StateMachineUpdater] INFO  ratis.ContainerStateMachine (ContainerStateMachine.java:takeSnapshot(366)) - group-233B65F5EE38: Finished taking a snapshot at:(t:1, i:0) file:/home/runner/work/ozone/ozone/hadoop-ozone/integration-test/target/test-dir/MiniOzoneClusterImpl-8986566a-fb65-479a-a2d4-a5d5d2c03f68/datanode-7/data/ratis/be5ce17b-3d15-446a-bad1-233b65f5ee38/sm/snapshot.1_0 took: 1 ms
2023-12-28 09:08:48,899 [623fd51a-cd2f-46b7-bfb3-2e75fcb0d216-impl-thread1] INFO  server.RaftServer$Division (ServerState.java:close(423)) - 623fd51a-cd2f-46b7-bfb3-2e75fcb0d216@group-45BFF5C42CB2: applyIndex: 0
2023-12-28 09:08:48,899 [dccb7b66-05bf-40d4-a126-9074e1df82c7@group-233B65F5EE38-StateMachineUpdater] INFO  impl.StateMachineUpdater (StateMachineUpdater.java:takeSnapshot(295)) - dccb7b66-05bf-40d4-a126-9074e1df82c7@group-233B65F5EE38-StateMachineUpdater: Took a snapshot at index 0
2023-12-28 09:08:48,899 [dccb7b66-05bf-40d4-a126-9074e1df82c7@group-233B65F5EE38-StateMachineUpdater] INFO  impl.StateMachineUpdater (StateMachineUpdater.java:lambda$new$0(98)) - dccb7b66-05bf-40d4-a126-9074e1df82c7@group-233B65F5EE38-StateMachineUpdater: snapshotIndex: updateIncreasingly -1 -> 0
2023-12-28 09:08:48,899 [Thread-1723] INFO  server.GrpcServerProtocolClient (GrpcServerProtocolClient.java:close(103)) - 3217eff5-f77e-4cc7-8aa1-ee5fb2ab3194 Close channels
2023-12-28 09:08:48,899 [dccb7b66-05bf-40d4-a126-9074e1df82c7-impl-thread2] INFO  server.RaftServer$Division (ServerState.java:close(423)) - dccb7b66-05bf-40d4-a126-9074e1df82c7@group-233B65F5EE38: applyIndex: 0
2023-12-28 09:08:48,899 [dccb7b66-05bf-40d4-a126-9074e1df82c7@group-233B65F5EE38-cacheEviction-AwaitToRun] INFO  util.AwaitToRun (AwaitToRun.java:run(49)) - dccb7b66-05bf-40d4-a126-9074e1df82c7@group-233B65F5EE38-cacheEviction-AwaitToRun-AwaitForSignal is interrupted
2023-12-28 09:08:48,900 [623fd51a-cd2f-46b7-bfb3-2e75fcb0d216@group-45BFF5C42CB2-cacheEviction-AwaitToRun] INFO  util.AwaitToRun (AwaitToRun.java:run(49)) - 623fd51a-cd2f-46b7-bfb3-2e75fcb0d216@group-45BFF5C42CB2-cacheEviction-AwaitToRun-AwaitForSignal is interrupted
2023-12-28 09:08:48,900 [710d5749-3dff-4e56-b0fe-7873b1298659@group-1B294623A69B-cacheEviction-AwaitToRun] INFO  util.AwaitToRun (AwaitToRun.java:run(49)) - 710d5749-3dff-4e56-b0fe-7873b1298659@group-1B294623A69B-cacheEviction-AwaitToRun-AwaitForSignal is interrupted
2023-12-28 09:08:48,900 [Thread-1722] INFO  server.GrpcServerProtocolClient (GrpcServerProtocolClient.java:close(103)) - 9e792a6f-77db-4c9d-ab1c-4b4be3f2ae56 Close channels
2023-12-28 09:08:48,903 [623fd51a-cd2f-46b7-bfb3-2e75fcb0d216-impl-thread2] INFO  impl.StateMachineUpdater (StateMachineUpdater.java:stopAndJoin(157)) - 623fd51a-cd2f-46b7-bfb3-2e75fcb0d216@group-1B294623A69B-StateMachineUpdater: set stopIndex = 0
2023-12-28 09:08:48,903 [623fd51a-cd2f-46b7-bfb3-2e75fcb0d216@group-1B294623A69B-StateMachineUpdater] INFO  ratis.ContainerStateMachine (ContainerStateMachine.java:takeSnapshot(355)) - group-1B294623A69B: Taking a snapshot at:(t:1, i:0) file /home/runner/work/ozone/ozone/hadoop-ozone/integration-test/target/test-dir/MiniOzoneClusterImpl-8986566a-fb65-479a-a2d4-a5d5d2c03f68/datanode-2/data/ratis/4df783b9-151f-4f7c-a67a-1b294623a69b/sm/snapshot.1_0
2023-12-28 09:08:48,903 [623fd51a-cd2f-46b7-bfb3-2e75fcb0d216@group-1B294623A69B-FollowerState] INFO  impl.FollowerState (FollowerState.java:run(152)) - 623fd51a-cd2f-46b7-bfb3-2e75fcb0d216@group-1B294623A69B-FollowerState was interrupted
2023-12-28 09:08:48,903 [grpc-default-executor-5] INFO  server.GrpcLogAppender (GrpcLogAppender.java:onCompleted(469)) - 710d5749-3dff-4e56-b0fe-7873b1298659@group-1B294623A69B->623fd51a-cd2f-46b7-bfb3-2e75fcb0d216-AppendLogResponseHandler: follower responses appendEntries COMPLETED
2023-12-28 09:08:48,903 [dccb7b66-05bf-40d4-a126-9074e1df82c7-impl-thread1] INFO  impl.StateMachineUpdater (StateMachineUpdater.java:stopAndJoin(157)) - dccb7b66-05bf-40d4-a126-9074e1df82c7@group-7A911354CE2F-StateMachineUpdater: set stopIndex = 0
2023-12-28 09:08:48,903 [dccb7b66-05bf-40d4-a126-9074e1df82c7@group-7A911354CE2F-FollowerState] INFO  impl.FollowerState (FollowerState.java:run(152)) - dccb7b66-05bf-40d4-a126-9074e1df82c7@group-7A911354CE2F-FollowerState was interrupted
2023-12-28 09:08:48,903 [grpc-default-executor-3] INFO  server.GrpcLogAppender (GrpcLogAppender.java:onCompleted(469)) - 710d5749-3dff-4e56-b0fe-7873b1298659@group-1B294623A69B->623fd51a-cd2f-46b7-bfb3-2e75fcb0d216-AppendLogResponseHandler: follower responses appendEntries COMPLETED
2023-12-28 09:08:48,903 [grpc-default-executor-5] WARN  server.GrpcLogAppender (GrpcLogAppender.java:resetClient(149)) - 710d5749-3dff-4e56-b0fe-7873b1298659@group-1B294623A69B->623fd51a-cd2f-46b7-bfb3-2e75fcb0d216-GrpcLogAppender: Failed to getClient for 623fd51a-cd2f-46b7-bfb3-2e75fcb0d216
org.apache.ratis.protocol.exceptions.AlreadyClosedException: 710d5749-3dff-4e56-b0fe-7873b1298659 is already CLOSED
	at org.apache.ratis.util.PeerProxyMap$PeerAndProxy.getProxy(PeerProxyMap.java:61)
	at org.apache.ratis.util.PeerProxyMap.getProxy(PeerProxyMap.java:110)
	at org.apache.ratis.grpc.server.GrpcLogAppender.getClient(GrpcLogAppender.java:121)
	at org.apache.ratis.grpc.server.GrpcLogAppender.resetClient(GrpcLogAppender.java:126)
	at org.apache.ratis.grpc.server.GrpcLogAppender.access$800(GrpcLogAppender.java:61)
	at org.apache.ratis.grpc.server.GrpcLogAppender$AppendLogResponseHandler.onCompleted(GrpcLogAppender.java:471)
	at org.apache.ratis.thirdparty.io.grpc.stub.ClientCalls$StreamObserverToCallListenerAdapter.onClose(ClientCalls.java:479)
	at org.apache.ratis.thirdparty.io.grpc.internal.ClientCallImpl.closeObserver(ClientCallImpl.java:567)
	at org.apache.ratis.thirdparty.io.grpc.internal.ClientCallImpl.access$300(ClientCallImpl.java:71)
	at org.apache.ratis.thirdparty.io.grpc.internal.ClientCallImpl$ClientStreamListenerImpl$1StreamClosed.runInternal(ClientCallImpl.java:735)
	at org.apache.ratis.thirdparty.io.grpc.internal.ClientCallImpl$ClientStreamListenerImpl$1StreamClosed.runInContext(ClientCallImpl.java:716)
	at org.apache.ratis.thirdparty.io.grpc.internal.ContextRunnable.run(ContextRunnable.java:37)
	at org.apache.ratis.thirdparty.io.grpc.internal.SerializingExecutor.run(SerializingExecutor.java:133)
	at java.util.concurrent.ThreadPoolExecutor.runWorker(ThreadPoolExecutor.java:1149)
	at java.util.concurrent.ThreadPoolExecutor$Worker.run(ThreadPoolExecutor.java:624)
	at java.lang.Thread.run(Thread.java:750)
2023-12-28 09:08:48,907 [grpc-default-executor-3] WARN  server.GrpcLogAppender (GrpcLogAppender.java:resetClient(149)) - 710d5749-3dff-4e56-b0fe-7873b1298659@group-1B294623A69B->623fd51a-cd2f-46b7-bfb3-2e75fcb0d216-GrpcLogAppender: Failed to getClient for 623fd51a-cd2f-46b7-bfb3-2e75fcb0d216
org.apache.ratis.protocol.exceptions.AlreadyClosedException: 710d5749-3dff-4e56-b0fe-7873b1298659 is already CLOSED
	at org.apache.ratis.util.PeerProxyMap$PeerAndProxy.getProxy(PeerProxyMap.java:61)
	at org.apache.ratis.util.PeerProxyMap.getProxy(PeerProxyMap.java:110)
	at org.apache.ratis.grpc.server.GrpcLogAppender.getClient(GrpcLogAppender.java:121)
	at org.apache.ratis.grpc.server.GrpcLogAppender.resetClient(GrpcLogAppender.java:126)
	at org.apache.ratis.grpc.server.GrpcLogAppender.access$800(GrpcLogAppender.java:61)
	at org.apache.ratis.grpc.server.GrpcLogAppender$AppendLogResponseHandler.onCompleted(GrpcLogAppender.java:471)
	at org.apache.ratis.thirdparty.io.grpc.stub.ClientCalls$StreamObserverToCallListenerAdapter.onClose(ClientCalls.java:479)
	at org.apache.ratis.thirdparty.io.grpc.internal.DelayedClientCall$DelayedListener$3.run(DelayedClientCall.java:489)
	at org.apache.ratis.thirdparty.io.grpc.internal.DelayedClientCall$DelayedListener.delayOrExecute(DelayedClientCall.java:453)
	at org.apache.ratis.thirdparty.io.grpc.internal.DelayedClientCall$DelayedListener.onClose(DelayedClientCall.java:486)
	at org.apache.ratis.thirdparty.io.grpc.internal.ClientCallImpl.closeObserver(ClientCallImpl.java:567)
	at org.apache.ratis.thirdparty.io.grpc.internal.ClientCallImpl.access$300(ClientCallImpl.java:71)
	at org.apache.ratis.thirdparty.io.grpc.internal.ClientCallImpl$ClientStreamListenerImpl$1StreamClosed.runInternal(ClientCallImpl.java:735)
	at org.apache.ratis.thirdparty.io.grpc.internal.ClientCallImpl$ClientStreamListenerImpl$1StreamClosed.runInContext(ClientCallImpl.java:716)
	at org.apache.ratis.thirdparty.io.grpc.internal.ContextRunnable.run(ContextRunnable.java:37)
	at org.apache.ratis.thirdparty.io.grpc.internal.SerializingExecutor.run(SerializingExecutor.java:133)
	at java.util.concurrent.ThreadPoolExecutor.runWorker(ThreadPoolExecutor.java:1149)
	at java.util.concurrent.ThreadPoolExecutor$Worker.run(ThreadPoolExecutor.java:624)
	at java.lang.Thread.run(Thread.java:750)
2023-12-28 09:08:48,904 [623fd51a-cd2f-46b7-bfb3-2e75fcb0d216@group-1B294623A69B-StateMachineUpdater] INFO  ratis.ContainerStateMachine (ContainerStateMachine.java:takeSnapshot(366)) - group-1B294623A69B: Finished taking a snapshot at:(t:1, i:0) file:/home/runner/work/ozone/ozone/hadoop-ozone/integration-test/target/test-dir/MiniOzoneClusterImpl-8986566a-fb65-479a-a2d4-a5d5d2c03f68/datanode-2/data/ratis/4df783b9-151f-4f7c-a67a-1b294623a69b/sm/snapshot.1_0 took: 1 ms
2023-12-28 09:08:48,903 [dccb7b66-05bf-40d4-a126-9074e1df82c7@group-7A911354CE2F-StateMachineUpdater] INFO  ratis.ContainerStateMachine (ContainerStateMachine.java:takeSnapshot(355)) - group-7A911354CE2F: Taking a snapshot at:(t:1, i:0) file /home/runner/work/ozone/ozone/hadoop-ozone/integration-test/target/test-dir/MiniOzoneClusterImpl-8986566a-fb65-479a-a2d4-a5d5d2c03f68/datanode-7/data/ratis/7d01b0ae-962c-4cf1-9d7b-7a911354ce2f/sm/snapshot.1_0
2023-12-28 09:08:48,908 [623fd51a-cd2f-46b7-bfb3-2e75fcb0d216@group-1B294623A69B-StateMachineUpdater] INFO  impl.StateMachineUpdater (StateMachineUpdater.java:takeSnapshot(295)) - 623fd51a-cd2f-46b7-bfb3-2e75fcb0d216@group-1B294623A69B-StateMachineUpdater: Took a snapshot at index 0
2023-12-28 09:08:48,908 [ForkJoinPool.commonPool-worker-6] INFO  ozoneimpl.OzoneContainer (OzoneContainer.java:stop(463)) - Attempting to stop container services.
2023-12-28 09:08:48,908 [ForkJoinPool.commonPool-worker-4] INFO  server.GrpcService (GrpcService.java:closeImpl(320)) - 623fd51a-cd2f-46b7-bfb3-2e75fcb0d216: shutdown server org.apache.ratis.grpc.server.GrpcClientProtocolService successfully
2023-12-28 09:08:48,909 [dccb7b66-05bf-40d4-a126-9074e1df82c7@group-7A911354CE2F-StateMachineUpdater] INFO  ratis.ContainerStateMachine (ContainerStateMachine.java:takeSnapshot(366)) - group-7A911354CE2F: Finished taking a snapshot at:(t:1, i:0) file:/home/runner/work/ozone/ozone/hadoop-ozone/integration-test/target/test-dir/MiniOzoneClusterImpl-8986566a-fb65-479a-a2d4-a5d5d2c03f68/datanode-7/data/ratis/7d01b0ae-962c-4cf1-9d7b-7a911354ce2f/sm/snapshot.1_0 took: 5 ms
2023-12-28 09:08:48,909 [ForkJoinPool.commonPool-worker-6] INFO  server.RaftServer (RaftServerProxy.java:lambda$close$9(416)) - 1359b24a-0a66-4b2c-b277-152671c55fa7: close
2023-12-28 09:08:48,909 [ForkJoinPool.commonPool-worker-4] INFO  server.GrpcService (GrpcService.java:closeImpl(311)) - 623fd51a-cd2f-46b7-bfb3-2e75fcb0d216: shutdown server GrpcServerProtocolService now
2023-12-28 09:08:48,909 [1359b24a-0a66-4b2c-b277-152671c55fa7-impl-thread1] INFO  server.RaftServer$Division (RaftServerImpl.java:lambda$close$3(516)) - 1359b24a-0a66-4b2c-b277-152671c55fa7@group-97F26FCE827D: shutdown
2023-12-28 09:08:48,908 [623fd51a-cd2f-46b7-bfb3-2e75fcb0d216@group-1B294623A69B-StateMachineUpdater] INFO  impl.StateMachineUpdater (StateMachineUpdater.java:lambda$new$0(98)) - 623fd51a-cd2f-46b7-bfb3-2e75fcb0d216@group-1B294623A69B-StateMachineUpdater: snapshotIndex: updateIncreasingly -1 -> 0
2023-12-28 09:08:48,909 [1359b24a-0a66-4b2c-b277-152671c55fa7-impl-thread1] INFO  util.JmxRegister (JmxRegister.java:unregister(73)) - Successfully un-registered JMX Bean with object name Ratis:service=RaftServer,group=group-97F26FCE827D,id=1359b24a-0a66-4b2c-b277-152671c55fa7
2023-12-28 09:08:48,909 [1359b24a-0a66-4b2c-b277-152671c55fa7-impl-thread1] INFO  impl.RoleInfo (RoleInfo.java:shutdownLeaderState(94)) - 1359b24a-0a66-4b2c-b277-152671c55fa7: shutdown 1359b24a-0a66-4b2c-b277-152671c55fa7@group-97F26FCE827D-LeaderStateImpl
2023-12-28 09:08:48,909 [623fd51a-cd2f-46b7-bfb3-2e75fcb0d216-impl-thread2] INFO  server.RaftServer$Division (ServerState.java:close(423)) - 623fd51a-cd2f-46b7-bfb3-2e75fcb0d216@group-1B294623A69B: applyIndex: 0
2023-12-28 09:08:48,909 [dccb7b66-05bf-40d4-a126-9074e1df82c7@group-7A911354CE2F-StateMachineUpdater] INFO  impl.StateMachineUpdater (StateMachineUpdater.java:takeSnapshot(295)) - dccb7b66-05bf-40d4-a126-9074e1df82c7@group-7A911354CE2F-StateMachineUpdater: Took a snapshot at index 0
2023-12-28 09:08:48,909 [1359b24a-0a66-4b2c-b277-152671c55fa7-impl-thread1] INFO  impl.PendingRequests (PendingRequests.java:sendNotLeaderResponses(289)) - 1359b24a-0a66-4b2c-b277-152671c55fa7@group-97F26FCE827D-PendingRequests: sendNotLeaderResponses
2023-12-28 09:08:48,909 [dccb7b66-05bf-40d4-a126-9074e1df82c7@group-7A911354CE2F-StateMachineUpdater] INFO  impl.StateMachineUpdater (StateMachineUpdater.java:lambda$new$0(98)) - dccb7b66-05bf-40d4-a126-9074e1df82c7@group-7A911354CE2F-StateMachineUpdater: snapshotIndex: updateIncreasingly -1 -> 0
2023-12-28 09:08:48,909 [dccb7b66-05bf-40d4-a126-9074e1df82c7-impl-thread1] INFO  server.RaftServer$Division (ServerState.java:close(423)) - dccb7b66-05bf-40d4-a126-9074e1df82c7@group-7A911354CE2F: applyIndex: 0
2023-12-28 09:08:48,909 [1359b24a-0a66-4b2c-b277-152671c55fa7-impl-thread1] INFO  impl.StateMachineUpdater (StateMachineUpdater.java:stopAndJoin(157)) - 1359b24a-0a66-4b2c-b277-152671c55fa7@group-97F26FCE827D-StateMachineUpdater: set stopIndex = 0
2023-12-28 09:08:48,910 [1359b24a-0a66-4b2c-b277-152671c55fa7@group-97F26FCE827D-StateMachineUpdater] INFO  ratis.ContainerStateMachine (ContainerStateMachine.java:takeSnapshot(355)) - group-97F26FCE827D: Taking a snapshot at:(t:1, i:0) file /home/runner/work/ozone/ozone/hadoop-ozone/integration-test/target/test-dir/MiniOzoneClusterImpl-8986566a-fb65-479a-a2d4-a5d5d2c03f68/datanode-0/data/ratis/3191b8bf-e5cd-488f-906e-97f26fce827d/sm/snapshot.1_0
2023-12-28 09:08:48,910 [1359b24a-0a66-4b2c-b277-152671c55fa7@group-97F26FCE827D-StateMachineUpdater] INFO  ratis.ContainerStateMachine (ContainerStateMachine.java:takeSnapshot(366)) - group-97F26FCE827D: Finished taking a snapshot at:(t:1, i:0) file:/home/runner/work/ozone/ozone/hadoop-ozone/integration-test/target/test-dir/MiniOzoneClusterImpl-8986566a-fb65-479a-a2d4-a5d5d2c03f68/datanode-0/data/ratis/3191b8bf-e5cd-488f-906e-97f26fce827d/sm/snapshot.1_0 took: 0 ms
2023-12-28 09:08:48,910 [1359b24a-0a66-4b2c-b277-152671c55fa7@group-97F26FCE827D-StateMachineUpdater] INFO  impl.StateMachineUpdater (StateMachineUpdater.java:takeSnapshot(295)) - 1359b24a-0a66-4b2c-b277-152671c55fa7@group-97F26FCE827D-StateMachineUpdater: Took a snapshot at index 0
2023-12-28 09:08:48,910 [1359b24a-0a66-4b2c-b277-152671c55fa7@group-97F26FCE827D-StateMachineUpdater] INFO  impl.StateMachineUpdater (StateMachineUpdater.java:lambda$new$0(98)) - 1359b24a-0a66-4b2c-b277-152671c55fa7@group-97F26FCE827D-StateMachineUpdater: snapshotIndex: updateIncreasingly -1 -> 0
2023-12-28 09:08:48,910 [ForkJoinPool.commonPool-worker-6] INFO  server.GrpcService (GrpcService.java:closeImpl(311)) - 1359b24a-0a66-4b2c-b277-152671c55fa7: shutdown server org.apache.ratis.grpc.server.GrpcClientProtocolService now
2023-12-28 09:08:48,912 [1359b24a-0a66-4b2c-b277-152671c55fa7-impl-thread2] INFO  server.RaftServer$Division (RaftServerImpl.java:lambda$close$3(516)) - 1359b24a-0a66-4b2c-b277-152671c55fa7@group-1B294623A69B: shutdown
2023-12-28 09:08:48,911 [main] INFO  server.GrpcService (GrpcService.java:closeImpl(320)) - 710d5749-3dff-4e56-b0fe-7873b1298659: shutdown server org.apache.ratis.grpc.server.GrpcClientProtocolService successfully
2023-12-28 09:08:48,913 [1359b24a-0a66-4b2c-b277-152671c55fa7-impl-thread2] INFO  util.JmxRegister (JmxRegister.java:unregister(73)) - Successfully un-registered JMX Bean with object name Ratis:service=RaftServer,group=group-1B294623A69B,id=1359b24a-0a66-4b2c-b277-152671c55fa7
2023-12-28 09:08:48,913 [1359b24a-0a66-4b2c-b277-152671c55fa7-impl-thread2] INFO  impl.RoleInfo (RoleInfo.java:shutdownFollowerState(110)) - 1359b24a-0a66-4b2c-b277-152671c55fa7: shutdown 1359b24a-0a66-4b2c-b277-152671c55fa7@group-1B294623A69B-FollowerState
2023-12-28 09:08:48,913 [623fd51a-cd2f-46b7-bfb3-2e75fcb0d216@group-1B294623A69B-cacheEviction-AwaitToRun] INFO  util.AwaitToRun (AwaitToRun.java:run(49)) - 623fd51a-cd2f-46b7-bfb3-2e75fcb0d216@group-1B294623A69B-cacheEviction-AwaitToRun-AwaitForSignal is interrupted
2023-12-28 09:08:48,913 [Thread-1730] INFO  server.GrpcServerProtocolClient (GrpcServerProtocolClient.java:close(103)) - 710d5749-3dff-4e56-b0fe-7873b1298659 Close channels
2023-12-28 09:08:48,912 [dccb7b66-05bf-40d4-a126-9074e1df82c7@group-7A911354CE2F-cacheEviction-AwaitToRun] INFO  util.AwaitToRun (AwaitToRun.java:run(49)) - dccb7b66-05bf-40d4-a126-9074e1df82c7@group-7A911354CE2F-cacheEviction-AwaitToRun-AwaitForSignal is interrupted
2023-12-28 09:08:48,914 [Thread-1728] INFO  server.GrpcServerProtocolClient (GrpcServerProtocolClient.java:close(103)) - 623fd51a-cd2f-46b7-bfb3-2e75fcb0d216 Close channels
2023-12-28 09:08:48,914 [ForkJoinPool.commonPool-worker-4] INFO  server.GrpcService (GrpcService.java:closeImpl(320)) - 623fd51a-cd2f-46b7-bfb3-2e75fcb0d216: shutdown server GrpcServerProtocolService successfully
2023-12-28 09:08:48,915 [ForkJoinPool.commonPool-worker-4] INFO  server.GrpcService (GrpcService.java:closeImpl(311)) - 623fd51a-cd2f-46b7-bfb3-2e75fcb0d216: shutdown server org.apache.ratis.grpc.server.GrpcAdminProtocolService now
2023-12-28 09:08:48,914 [ForkJoinPool.commonPool-worker-5] INFO  server.GrpcService (GrpcService.java:closeImpl(320)) - dccb7b66-05bf-40d4-a126-9074e1df82c7: shutdown server org.apache.ratis.grpc.server.GrpcClientProtocolService successfully
2023-12-28 09:08:48,916 [ForkJoinPool.commonPool-worker-5] INFO  server.GrpcService (GrpcService.java:closeImpl(311)) - dccb7b66-05bf-40d4-a126-9074e1df82c7: shutdown server GrpcServerProtocolService now
2023-12-28 09:08:48,916 [ForkJoinPool.commonPool-worker-4] INFO  server.GrpcService (GrpcService.java:closeImpl(320)) - 623fd51a-cd2f-46b7-bfb3-2e75fcb0d216: shutdown server org.apache.ratis.grpc.server.GrpcAdminProtocolService successfully
2023-12-28 09:08:48,916 [623fd51a-cd2f-46b7-bfb3-2e75fcb0d216-NettyServerStreamRpc-bossGroup--thread1] INFO  logging.LoggingHandler (AbstractInternalLogger.java:log(148)) - [id: 0x42bab5ab, L:/0.0.0.0:15122] CLOSE
2023-12-28 09:08:48,916 [623fd51a-cd2f-46b7-bfb3-2e75fcb0d216-NettyServerStreamRpc-bossGroup--thread1] INFO  logging.LoggingHandler (AbstractInternalLogger.java:log(148)) - [id: 0x42bab5ab, L:/0.0.0.0:15122] INACTIVE
2023-12-28 09:08:48,917 [623fd51a-cd2f-46b7-bfb3-2e75fcb0d216-NettyServerStreamRpc-bossGroup--thread1] INFO  logging.LoggingHandler (AbstractInternalLogger.java:log(148)) - [id: 0x42bab5ab, L:/0.0.0.0:15122] UNREGISTERED
2023-12-28 09:08:48,912 [1359b24a-0a66-4b2c-b277-152671c55fa7-impl-thread1] INFO  server.RaftServer$Division (ServerState.java:close(423)) - 1359b24a-0a66-4b2c-b277-152671c55fa7@group-97F26FCE827D: applyIndex: 0
2023-12-28 09:08:48,914 [1359b24a-0a66-4b2c-b277-152671c55fa7@group-1B294623A69B-StateMachineUpdater] INFO  ratis.ContainerStateMachine (ContainerStateMachine.java:takeSnapshot(355)) - group-1B294623A69B: Taking a snapshot at:(t:1, i:0) file /home/runner/work/ozone/ozone/hadoop-ozone/integration-test/target/test-dir/MiniOzoneClusterImpl-8986566a-fb65-479a-a2d4-a5d5d2c03f68/datanode-0/data/ratis/4df783b9-151f-4f7c-a67a-1b294623a69b/sm/snapshot.1_0
2023-12-28 09:08:48,914 [ForkJoinPool.commonPool-worker-7] INFO  ozoneimpl.OzoneContainer (OzoneContainer.java:stop(463)) - Attempting to stop container services.
2023-12-28 09:08:48,914 [1359b24a-0a66-4b2c-b277-152671c55fa7@group-1B294623A69B-FollowerState] INFO  impl.FollowerState (FollowerState.java:run(152)) - 1359b24a-0a66-4b2c-b277-152671c55fa7@group-1B294623A69B-FollowerState was interrupted
2023-12-28 09:08:48,914 [1359b24a-0a66-4b2c-b277-152671c55fa7-impl-thread2] INFO  impl.StateMachineUpdater (StateMachineUpdater.java:stopAndJoin(157)) - 1359b24a-0a66-4b2c-b277-152671c55fa7@group-1B294623A69B-StateMachineUpdater: set stopIndex = 0
2023-12-28 09:08:48,913 [main] INFO  server.GrpcService (GrpcService.java:closeImpl(311)) - 710d5749-3dff-4e56-b0fe-7873b1298659: shutdown server GrpcServerProtocolService now
2023-12-28 09:08:48,917 [ForkJoinPool.commonPool-worker-7] INFO  server.RaftServer (RaftServerProxy.java:lambda$close$9(416)) - f1f58aef-51f9-473c-80a3-23da74561150: close
2023-12-28 09:08:48,915 [ForkJoinPool.commonPool-worker-6] INFO  server.GrpcService (GrpcService.java:closeImpl(320)) - 1359b24a-0a66-4b2c-b277-152671c55fa7: shutdown server org.apache.ratis.grpc.server.GrpcClientProtocolService successfully
2023-12-28 09:08:48,918 [ForkJoinPool.commonPool-worker-6] INFO  server.GrpcService (GrpcService.java:closeImpl(311)) - 1359b24a-0a66-4b2c-b277-152671c55fa7: shutdown server GrpcServerProtocolService now
2023-12-28 09:08:48,918 [1359b24a-0a66-4b2c-b277-152671c55fa7@group-1B294623A69B-StateMachineUpdater] INFO  ratis.ContainerStateMachine (ContainerStateMachine.java:takeSnapshot(366)) - group-1B294623A69B: Finished taking a snapshot at:(t:1, i:0) file:/home/runner/work/ozone/ozone/hadoop-ozone/integration-test/target/test-dir/MiniOzoneClusterImpl-8986566a-fb65-479a-a2d4-a5d5d2c03f68/datanode-0/data/ratis/4df783b9-151f-4f7c-a67a-1b294623a69b/sm/snapshot.1_0 took: 4 ms
2023-12-28 09:08:48,918 [1359b24a-0a66-4b2c-b277-152671c55fa7@group-1B294623A69B-StateMachineUpdater] INFO  impl.StateMachineUpdater (StateMachineUpdater.java:takeSnapshot(295)) - 1359b24a-0a66-4b2c-b277-152671c55fa7@group-1B294623A69B-StateMachineUpdater: Took a snapshot at index 0
2023-12-28 09:08:48,918 [1359b24a-0a66-4b2c-b277-152671c55fa7@group-1B294623A69B-StateMachineUpdater] INFO  impl.StateMachineUpdater (StateMachineUpdater.java:lambda$new$0(98)) - 1359b24a-0a66-4b2c-b277-152671c55fa7@group-1B294623A69B-StateMachineUpdater: snapshotIndex: updateIncreasingly -1 -> 0
2023-12-28 09:08:48,918 [1359b24a-0a66-4b2c-b277-152671c55fa7-impl-thread2] INFO  server.RaftServer$Division (ServerState.java:close(423)) - 1359b24a-0a66-4b2c-b277-152671c55fa7@group-1B294623A69B: applyIndex: 0
2023-12-28 09:08:48,918 [grpc-default-executor-5] WARN  server.GrpcServerProtocolService (LogUtils.java:warn(121)) - dccb7b66-05bf-40d4-a126-9074e1df82c7: APPEND_ENTRIES onError, lastRequest: null: org.apache.ratis.thirdparty.io.grpc.StatusRuntimeException: CANCELLED: client cancelled
2023-12-28 09:08:48,920 [grpc-default-executor-2] WARN  server.GrpcServerProtocolService (LogUtils.java:warn(121)) - dccb7b66-05bf-40d4-a126-9074e1df82c7: APPEND_ENTRIES onError, lastRequest: 9e792a6f-77db-4c9d-ab1c-4b4be3f2ae56->dccb7b66-05bf-40d4-a126-9074e1df82c7#1-t1,previous=(t:0, i:0),leaderCommit=-1,initializing? true,entries: size=1, first=(t:1, i:0), CONFIGURATIONENTRY(current:id: "dccb7b66-05bf-40d4-a126-9074e1df82c7"
address: "10.1.0.14:15166"
dataStreamAddress: "10.1.0.14:15167"
clientAddress: "10.1.0.14:15164"
adminAddress: "10.1.0.14:15165"
startupRole: FOLLOWER
,id: "9e792a6f-77db-4c9d-ab1c-4b4be3f2ae56"
address: "10.1.0.14:15157"
priority: 1
dataStreamAddress: "10.1.0.14:15158"
clientAddress: "10.1.0.14:15155"
adminAddress: "10.1.0.14:15156"
startupRole: FOLLOWER
,id: "3217eff5-f77e-4cc7-8aa1-ee5fb2ab3194"
address: "10.1.0.14:15175"
dataStreamAddress: "10.1.0.14:15176"
clientAddress: "10.1.0.14:15173"
adminAddress: "10.1.0.14:15174"
startupRole: FOLLOWER
, old:): org.apache.ratis.thirdparty.io.grpc.StatusRuntimeException: CANCELLED: client cancelled
2023-12-28 09:08:48,920 [grpc-default-executor-2] WARN  server.GrpcLogAppender (LogUtils.java:warn(121)) - 9e792a6f-77db-4c9d-ab1c-4b4be3f2ae56@group-7A911354CE2F->dccb7b66-05bf-40d4-a126-9074e1df82c7-AppendLogResponseHandler: Failed appendEntries: org.apache.ratis.thirdparty.io.grpc.StatusRuntimeException: CANCELLED: RST_STREAM closed stream. HTTP/2 error code: CANCEL
2023-12-28 09:08:48,920 [grpc-default-executor-2] WARN  server.GrpcLogAppender (GrpcLogAppender.java:resetClient(140)) - 9e792a6f-77db-4c9d-ab1c-4b4be3f2ae56@group-7A911354CE2F->dccb7b66-05bf-40d4-a126-9074e1df82c7-GrpcLogAppender: Follower failed and request == null,  keep nextIndex (1) unchanged and retry.
2023-12-28 09:08:48,922 [ForkJoinPool.commonPool-worker-5] INFO  server.GrpcService (GrpcService.java:closeImpl(320)) - dccb7b66-05bf-40d4-a126-9074e1df82c7: shutdown server GrpcServerProtocolService successfully
2023-12-28 09:08:48,922 [ForkJoinPool.commonPool-worker-5] INFO  server.GrpcService (GrpcService.java:closeImpl(311)) - dccb7b66-05bf-40d4-a126-9074e1df82c7: shutdown server org.apache.ratis.grpc.server.GrpcAdminProtocolService now
2023-12-28 09:08:48,929 [grpc-default-executor-5] WARN  server.GrpcLogAppender (LogUtils.java:warn(121)) - 9e792a6f-77db-4c9d-ab1c-4b4be3f2ae56@group-7A911354CE2F->dccb7b66-05bf-40d4-a126-9074e1df82c7-AppendLogResponseHandler: Failed appendEntries: org.apache.ratis.thirdparty.io.grpc.StatusRuntimeException: CANCELLED: RST_STREAM closed stream. HTTP/2 error code: CANCEL
2023-12-28 09:08:48,929 [1359b24a-0a66-4b2c-b277-152671c55fa7@group-1B294623A69B-cacheEviction-AwaitToRun] INFO  util.AwaitToRun (AwaitToRun.java:run(49)) - 1359b24a-0a66-4b2c-b277-152671c55fa7@group-1B294623A69B-cacheEviction-AwaitToRun-AwaitForSignal is interrupted
2023-12-28 09:08:48,929 [grpc-default-executor-5] WARN  server.GrpcLogAppender (GrpcLogAppender.java:resetClient(140)) - 9e792a6f-77db-4c9d-ab1c-4b4be3f2ae56@group-7A911354CE2F->dccb7b66-05bf-40d4-a126-9074e1df82c7-GrpcLogAppender: Follower failed and request == null,  keep nextIndex (1) unchanged and retry.
2023-12-28 09:08:48,930 [ForkJoinPool.commonPool-worker-6] INFO  server.GrpcService (GrpcService.java:closeImpl(320)) - 1359b24a-0a66-4b2c-b277-152671c55fa7: shutdown server GrpcServerProtocolService successfully
2023-12-28 09:08:48,930 [ForkJoinPool.commonPool-worker-6] INFO  server.GrpcService (GrpcService.java:closeImpl(311)) - 1359b24a-0a66-4b2c-b277-152671c55fa7: shutdown server org.apache.ratis.grpc.server.GrpcAdminProtocolService now
2023-12-28 09:08:48,930 [ForkJoinPool.commonPool-worker-7] INFO  server.GrpcService (GrpcService.java:closeImpl(311)) - f1f58aef-51f9-473c-80a3-23da74561150: shutdown server org.apache.ratis.grpc.server.GrpcClientProtocolService now
2023-12-28 09:08:48,930 [f1f58aef-51f9-473c-80a3-23da74561150-impl-thread1] INFO  server.RaftServer$Division (RaftServerImpl.java:lambda$close$3(516)) - f1f58aef-51f9-473c-80a3-23da74561150@group-3C30080F1E06: shutdown
2023-12-28 09:08:48,931 [f1f58aef-51f9-473c-80a3-23da74561150-impl-thread1] INFO  util.JmxRegister (JmxRegister.java:unregister(73)) - Successfully un-registered JMX Bean with object name Ratis:service=RaftServer,group=group-3C30080F1E06,id=f1f58aef-51f9-473c-80a3-23da74561150
2023-12-28 09:08:48,931 [f1f58aef-51f9-473c-80a3-23da74561150-impl-thread1] INFO  impl.RoleInfo (RoleInfo.java:shutdownLeaderState(94)) - f1f58aef-51f9-473c-80a3-23da74561150: shutdown f1f58aef-51f9-473c-80a3-23da74561150@group-3C30080F1E06-LeaderStateImpl
2023-12-28 09:08:48,931 [f1f58aef-51f9-473c-80a3-23da74561150-impl-thread1] INFO  impl.PendingRequests (PendingRequests.java:sendNotLeaderResponses(289)) - f1f58aef-51f9-473c-80a3-23da74561150@group-3C30080F1E06-PendingRequests: sendNotLeaderResponses
2023-12-28 09:08:48,931 [f1f58aef-51f9-473c-80a3-23da74561150-impl-thread1] INFO  impl.StateMachineUpdater (StateMachineUpdater.java:stopAndJoin(157)) - f1f58aef-51f9-473c-80a3-23da74561150@group-3C30080F1E06-StateMachineUpdater: set stopIndex = 0
2023-12-28 09:08:48,931 [f1f58aef-51f9-473c-80a3-23da74561150@group-3C30080F1E06-StateMachineUpdater] INFO  ratis.ContainerStateMachine (ContainerStateMachine.java:takeSnapshot(355)) - group-3C30080F1E06: Taking a snapshot at:(t:1, i:0) file /home/runner/work/ozone/ozone/hadoop-ozone/integration-test/target/test-dir/MiniOzoneClusterImpl-8986566a-fb65-479a-a2d4-a5d5d2c03f68/datanode-3/data/ratis/f9d99730-5c1a-48d0-b2fe-3c30080f1e06/sm/snapshot.1_0
2023-12-28 09:08:48,932 [f1f58aef-51f9-473c-80a3-23da74561150@group-3C30080F1E06-StateMachineUpdater] INFO  ratis.ContainerStateMachine (ContainerStateMachine.java:takeSnapshot(366)) - group-3C30080F1E06: Finished taking a snapshot at:(t:1, i:0) file:/home/runner/work/ozone/ozone/hadoop-ozone/integration-test/target/test-dir/MiniOzoneClusterImpl-8986566a-fb65-479a-a2d4-a5d5d2c03f68/datanode-3/data/ratis/f9d99730-5c1a-48d0-b2fe-3c30080f1e06/sm/snapshot.1_0 took: 0 ms
2023-12-28 09:08:48,932 [f1f58aef-51f9-473c-80a3-23da74561150@group-3C30080F1E06-StateMachineUpdater] INFO  impl.StateMachineUpdater (StateMachineUpdater.java:takeSnapshot(295)) - f1f58aef-51f9-473c-80a3-23da74561150@group-3C30080F1E06-StateMachineUpdater: Took a snapshot at index 0
2023-12-28 09:08:48,932 [f1f58aef-51f9-473c-80a3-23da74561150@group-3C30080F1E06-StateMachineUpdater] INFO  impl.StateMachineUpdater (StateMachineUpdater.java:lambda$new$0(98)) - f1f58aef-51f9-473c-80a3-23da74561150@group-3C30080F1E06-StateMachineUpdater: snapshotIndex: updateIncreasingly -1 -> 0
2023-12-28 09:08:48,932 [f1f58aef-51f9-473c-80a3-23da74561150-impl-thread1] INFO  server.RaftServer$Division (ServerState.java:close(423)) - f1f58aef-51f9-473c-80a3-23da74561150@group-3C30080F1E06: applyIndex: 0
2023-12-28 09:08:48,932 [1359b24a-0a66-4b2c-b277-152671c55fa7@group-97F26FCE827D-cacheEviction-AwaitToRun] INFO  util.AwaitToRun (AwaitToRun.java:run(49)) - 1359b24a-0a66-4b2c-b277-152671c55fa7@group-97F26FCE827D-cacheEviction-AwaitToRun-AwaitForSignal is interrupted
2023-12-28 09:08:48,932 [main] INFO  server.GrpcService (GrpcService.java:closeImpl(320)) - 710d5749-3dff-4e56-b0fe-7873b1298659: shutdown server GrpcServerProtocolService successfully
2023-12-28 09:08:48,933 [main] INFO  server.GrpcService (GrpcService.java:closeImpl(311)) - 710d5749-3dff-4e56-b0fe-7873b1298659: shutdown server org.apache.ratis.grpc.server.GrpcAdminProtocolService now
2023-12-28 09:08:48,933 [Thread-1761] INFO  server.GrpcServerProtocolClient (GrpcServerProtocolClient.java:close(103)) - c45be0a3-c489-4780-aa5f-c0744aea279b Close channels
2023-12-28 09:08:48,933 [ForkJoinPool.commonPool-worker-6] INFO  server.GrpcService (GrpcService.java:closeImpl(320)) - 1359b24a-0a66-4b2c-b277-152671c55fa7: shutdown server org.apache.ratis.grpc.server.GrpcAdminProtocolService successfully
2023-12-28 09:08:48,933 [f1f58aef-51f9-473c-80a3-23da74561150@group-3C30080F1E06-cacheEviction-AwaitToRun] INFO  util.AwaitToRun (AwaitToRun.java:run(49)) - f1f58aef-51f9-473c-80a3-23da74561150@group-3C30080F1E06-cacheEviction-AwaitToRun-AwaitForSignal is interrupted
2023-12-28 09:08:48,933 [1359b24a-0a66-4b2c-b277-152671c55fa7-NettyServerStreamRpc-bossGroup--thread1] INFO  logging.LoggingHandler (AbstractInternalLogger.java:log(148)) - [id: 0x8985afea, L:/0.0.0.0:15104] CLOSE
2023-12-28 09:08:48,933 [1359b24a-0a66-4b2c-b277-152671c55fa7-NettyServerStreamRpc-bossGroup--thread1] INFO  logging.LoggingHandler (AbstractInternalLogger.java:log(148)) - [id: 0x8985afea, L:/0.0.0.0:15104] INACTIVE
2023-12-28 09:08:48,933 [main] INFO  server.GrpcService (GrpcService.java:closeImpl(320)) - 710d5749-3dff-4e56-b0fe-7873b1298659: shutdown server org.apache.ratis.grpc.server.GrpcAdminProtocolService successfully
2023-12-28 09:08:48,933 [1359b24a-0a66-4b2c-b277-152671c55fa7-NettyServerStreamRpc-bossGroup--thread1] INFO  logging.LoggingHandler (AbstractInternalLogger.java:log(148)) - [id: 0x8985afea, L:/0.0.0.0:15104] UNREGISTERED
2023-12-28 09:08:48,934 [710d5749-3dff-4e56-b0fe-7873b1298659-NettyServerStreamRpc-bossGroup--thread1] INFO  logging.LoggingHandler (AbstractInternalLogger.java:log(148)) - [id: 0xe3064d91, L:/0.0.0.0:15113] CLOSE
2023-12-28 09:08:48,934 [710d5749-3dff-4e56-b0fe-7873b1298659-NettyServerStreamRpc-bossGroup--thread1] INFO  logging.LoggingHandler (AbstractInternalLogger.java:log(148)) - [id: 0xe3064d91, L:/0.0.0.0:15113] INACTIVE
2023-12-28 09:08:48,934 [710d5749-3dff-4e56-b0fe-7873b1298659-NettyServerStreamRpc-bossGroup--thread1] INFO  logging.LoggingHandler (AbstractInternalLogger.java:log(148)) - [id: 0xe3064d91, L:/0.0.0.0:15113] UNREGISTERED
2023-12-28 09:08:48,934 [ForkJoinPool.commonPool-worker-5] INFO  server.GrpcService (GrpcService.java:closeImpl(320)) - dccb7b66-05bf-40d4-a126-9074e1df82c7: shutdown server org.apache.ratis.grpc.server.GrpcAdminProtocolService successfully
2023-12-28 09:08:48,934 [dccb7b66-05bf-40d4-a126-9074e1df82c7-NettyServerStreamRpc-bossGroup--thread1] INFO  logging.LoggingHandler (AbstractInternalLogger.java:log(148)) - [id: 0x1a7bb23f, L:/0.0.0.0:15167] CLOSE
2023-12-28 09:08:48,934 [dccb7b66-05bf-40d4-a126-9074e1df82c7-NettyServerStreamRpc-bossGroup--thread1] INFO  logging.LoggingHandler (AbstractInternalLogger.java:log(148)) - [id: 0x1a7bb23f, L:/0.0.0.0:15167] INACTIVE
2023-12-28 09:08:48,934 [dccb7b66-05bf-40d4-a126-9074e1df82c7-NettyServerStreamRpc-bossGroup--thread1] INFO  logging.LoggingHandler (AbstractInternalLogger.java:log(148)) - [id: 0x1a7bb23f, L:/0.0.0.0:15167] UNREGISTERED
2023-12-28 09:08:48,939 [Thread-1814] INFO  server.GrpcServerProtocolClient (GrpcServerProtocolClient.java:close(103)) - a88a6c70-ad04-4ba2-9985-df8f03985c47 Close channels
2023-12-28 09:08:48,943 [ForkJoinPool.commonPool-worker-7] INFO  server.GrpcService (GrpcService.java:closeImpl(320)) - f1f58aef-51f9-473c-80a3-23da74561150: shutdown server org.apache.ratis.grpc.server.GrpcClientProtocolService successfully
2023-12-28 09:08:48,943 [ForkJoinPool.commonPool-worker-7] INFO  server.GrpcService (GrpcService.java:closeImpl(311)) - f1f58aef-51f9-473c-80a3-23da74561150: shutdown server GrpcServerProtocolService now
2023-12-28 09:08:48,944 [ForkJoinPool.commonPool-worker-7] INFO  server.GrpcService (GrpcService.java:closeImpl(320)) - f1f58aef-51f9-473c-80a3-23da74561150: shutdown server GrpcServerProtocolService successfully
2023-12-28 09:08:48,944 [ForkJoinPool.commonPool-worker-7] INFO  server.GrpcService (GrpcService.java:closeImpl(311)) - f1f58aef-51f9-473c-80a3-23da74561150: shutdown server org.apache.ratis.grpc.server.GrpcAdminProtocolService now
2023-12-28 09:08:48,948 [dccb7b66-05bf-40d4-a126-9074e1df82c7-impl-thread2] INFO  segmented.SegmentedRaftLogWorker (SegmentedRaftLogWorker.java:close(243)) - dccb7b66-05bf-40d4-a126-9074e1df82c7@group-233B65F5EE38-SegmentedRaftLogWorker close()
2023-12-28 09:08:48,949 [ForkJoinPool.commonPool-worker-1] INFO  ozoneimpl.OzoneContainer (OzoneContainer.java:stop(463)) - Attempting to stop container services.
2023-12-28 09:08:48,949 [ForkJoinPool.commonPool-worker-1] INFO  server.RaftServer (RaftServerProxy.java:lambda$close$9(416)) - 3217eff5-f77e-4cc7-8aa1-ee5fb2ab3194: close
2023-12-28 09:08:48,950 [ForkJoinPool.commonPool-worker-7] INFO  server.GrpcService (GrpcService.java:closeImpl(320)) - f1f58aef-51f9-473c-80a3-23da74561150: shutdown server org.apache.ratis.grpc.server.GrpcAdminProtocolService successfully
2023-12-28 09:08:48,954 [3217eff5-f77e-4cc7-8aa1-ee5fb2ab3194-impl-thread1] INFO  server.RaftServer$Division (RaftServerImpl.java:lambda$close$3(516)) - 3217eff5-f77e-4cc7-8aa1-ee5fb2ab3194@group-D966E5BA43E2: shutdown
2023-12-28 09:08:48,954 [3217eff5-f77e-4cc7-8aa1-ee5fb2ab3194-impl-thread1] INFO  util.JmxRegister (JmxRegister.java:unregister(73)) - Successfully un-registered JMX Bean with object name Ratis:service=RaftServer,group=group-D966E5BA43E2,id=3217eff5-f77e-4cc7-8aa1-ee5fb2ab3194
2023-12-28 09:08:48,954 [3217eff5-f77e-4cc7-8aa1-ee5fb2ab3194-impl-thread1] INFO  impl.RoleInfo (RoleInfo.java:shutdownLeaderState(94)) - 3217eff5-f77e-4cc7-8aa1-ee5fb2ab3194: shutdown 3217eff5-f77e-4cc7-8aa1-ee5fb2ab3194@group-D966E5BA43E2-LeaderStateImpl
2023-12-28 09:08:48,955 [3217eff5-f77e-4cc7-8aa1-ee5fb2ab3194-impl-thread1] INFO  impl.PendingRequests (PendingRequests.java:sendNotLeaderResponses(289)) - 3217eff5-f77e-4cc7-8aa1-ee5fb2ab3194@group-D966E5BA43E2-PendingRequests: sendNotLeaderResponses
2023-12-28 09:08:48,955 [3217eff5-f77e-4cc7-8aa1-ee5fb2ab3194-impl-thread1] INFO  impl.StateMachineUpdater (StateMachineUpdater.java:stopAndJoin(157)) - 3217eff5-f77e-4cc7-8aa1-ee5fb2ab3194@group-D966E5BA43E2-StateMachineUpdater: set stopIndex = 0
2023-12-28 09:08:48,955 [3217eff5-f77e-4cc7-8aa1-ee5fb2ab3194@group-D966E5BA43E2-StateMachineUpdater] INFO  ratis.ContainerStateMachine (ContainerStateMachine.java:takeSnapshot(355)) - group-D966E5BA43E2: Taking a snapshot at:(t:1, i:0) file /home/runner/work/ozone/ozone/hadoop-ozone/integration-test/target/test-dir/MiniOzoneClusterImpl-8986566a-fb65-479a-a2d4-a5d5d2c03f68/datanode-8/data/ratis/246b24a6-ca76-4cbe-8c0b-d966e5ba43e2/sm/snapshot.1_0
2023-12-28 09:08:48,956 [3217eff5-f77e-4cc7-8aa1-ee5fb2ab3194@group-D966E5BA43E2-StateMachineUpdater] INFO  ratis.ContainerStateMachine (ContainerStateMachine.java:takeSnapshot(366)) - group-D966E5BA43E2: Finished taking a snapshot at:(t:1, i:0) file:/home/runner/work/ozone/ozone/hadoop-ozone/integration-test/target/test-dir/MiniOzoneClusterImpl-8986566a-fb65-479a-a2d4-a5d5d2c03f68/datanode-8/data/ratis/246b24a6-ca76-4cbe-8c0b-d966e5ba43e2/sm/snapshot.1_0 took: 1 ms
2023-12-28 09:08:48,956 [3217eff5-f77e-4cc7-8aa1-ee5fb2ab3194@group-D966E5BA43E2-StateMachineUpdater] INFO  impl.StateMachineUpdater (StateMachineUpdater.java:takeSnapshot(295)) - 3217eff5-f77e-4cc7-8aa1-ee5fb2ab3194@group-D966E5BA43E2-StateMachineUpdater: Took a snapshot at index 0
2023-12-28 09:08:48,956 [3217eff5-f77e-4cc7-8aa1-ee5fb2ab3194@group-D966E5BA43E2-StateMachineUpdater] INFO  impl.StateMachineUpdater (StateMachineUpdater.java:lambda$new$0(98)) - 3217eff5-f77e-4cc7-8aa1-ee5fb2ab3194@group-D966E5BA43E2-StateMachineUpdater: snapshotIndex: updateIncreasingly -1 -> 0
2023-12-28 09:08:48,956 [3217eff5-f77e-4cc7-8aa1-ee5fb2ab3194-impl-thread1] INFO  server.RaftServer$Division (ServerState.java:close(423)) - 3217eff5-f77e-4cc7-8aa1-ee5fb2ab3194@group-D966E5BA43E2: applyIndex: 0
2023-12-28 09:08:48,963 [3217eff5-f77e-4cc7-8aa1-ee5fb2ab3194@group-D966E5BA43E2-cacheEviction-AwaitToRun] INFO  util.AwaitToRun (AwaitToRun.java:run(49)) - 3217eff5-f77e-4cc7-8aa1-ee5fb2ab3194@group-D966E5BA43E2-cacheEviction-AwaitToRun-AwaitForSignal is interrupted
2023-12-28 09:08:48,965 [f1f58aef-51f9-473c-80a3-23da74561150-NettyServerStreamRpc-bossGroup--thread1] INFO  logging.LoggingHandler (AbstractInternalLogger.java:log(148)) - [id: 0x97679e56, L:/0.0.0.0:15131] CLOSE
2023-12-28 09:08:48,966 [ForkJoinPool.commonPool-worker-1] INFO  server.GrpcService (GrpcService.java:closeImpl(311)) - 3217eff5-f77e-4cc7-8aa1-ee5fb2ab3194: shutdown server org.apache.ratis.grpc.server.GrpcClientProtocolService now
2023-12-28 09:08:48,966 [3217eff5-f77e-4cc7-8aa1-ee5fb2ab3194-impl-thread2] INFO  server.RaftServer$Division (RaftServerImpl.java:lambda$close$3(516)) - 3217eff5-f77e-4cc7-8aa1-ee5fb2ab3194@group-7A911354CE2F: shutdown
2023-12-28 09:08:48,966 [3217eff5-f77e-4cc7-8aa1-ee5fb2ab3194-impl-thread2] INFO  util.JmxRegister (JmxRegister.java:unregister(73)) - Successfully un-registered JMX Bean with object name Ratis:service=RaftServer,group=group-7A911354CE2F,id=3217eff5-f77e-4cc7-8aa1-ee5fb2ab3194
2023-12-28 09:08:48,966 [3217eff5-f77e-4cc7-8aa1-ee5fb2ab3194-impl-thread2] INFO  impl.RoleInfo (RoleInfo.java:shutdownFollowerState(110)) - 3217eff5-f77e-4cc7-8aa1-ee5fb2ab3194: shutdown 3217eff5-f77e-4cc7-8aa1-ee5fb2ab3194@group-7A911354CE2F-FollowerState
2023-12-28 09:08:48,966 [f1f58aef-51f9-473c-80a3-23da74561150-NettyServerStreamRpc-bossGroup--thread1] INFO  logging.LoggingHandler (AbstractInternalLogger.java:log(148)) - [id: 0x97679e56, L:/0.0.0.0:15131] INACTIVE
2023-12-28 09:08:48,966 [f1f58aef-51f9-473c-80a3-23da74561150-NettyServerStreamRpc-bossGroup--thread1] INFO  logging.LoggingHandler (AbstractInternalLogger.java:log(148)) - [id: 0x97679e56, L:/0.0.0.0:15131] UNREGISTERED
2023-12-28 09:08:48,970 [3217eff5-f77e-4cc7-8aa1-ee5fb2ab3194-impl-thread2] INFO  impl.StateMachineUpdater (StateMachineUpdater.java:stopAndJoin(157)) - 3217eff5-f77e-4cc7-8aa1-ee5fb2ab3194@group-7A911354CE2F-StateMachineUpdater: set stopIndex = 0
2023-12-28 09:08:48,970 [3217eff5-f77e-4cc7-8aa1-ee5fb2ab3194@group-7A911354CE2F-FollowerState] INFO  impl.FollowerState (FollowerState.java:run(152)) - 3217eff5-f77e-4cc7-8aa1-ee5fb2ab3194@group-7A911354CE2F-FollowerState was interrupted
2023-12-28 09:08:48,970 [ForkJoinPool.commonPool-worker-0] INFO  ozoneimpl.OzoneContainer (OzoneContainer.java:stop(463)) - Attempting to stop container services.
2023-12-28 09:08:48,970 [3217eff5-f77e-4cc7-8aa1-ee5fb2ab3194@group-7A911354CE2F-StateMachineUpdater] INFO  ratis.ContainerStateMachine (ContainerStateMachine.java:takeSnapshot(355)) - group-7A911354CE2F: Taking a snapshot at:(t:1, i:0) file /home/runner/work/ozone/ozone/hadoop-ozone/integration-test/target/test-dir/MiniOzoneClusterImpl-8986566a-fb65-479a-a2d4-a5d5d2c03f68/datanode-8/data/ratis/7d01b0ae-962c-4cf1-9d7b-7a911354ce2f/sm/snapshot.1_0
2023-12-28 09:08:48,971 [Thread-1874] INFO  server.GrpcServerProtocolClient (GrpcServerProtocolClient.java:close(103)) - 9e792a6f-77db-4c9d-ab1c-4b4be3f2ae56 Close channels
2023-12-28 09:08:48,971 [ForkJoinPool.commonPool-worker-0] INFO  server.RaftServer (RaftServerProxy.java:lambda$close$9(416)) - 9e792a6f-77db-4c9d-ab1c-4b4be3f2ae56: close
2023-12-28 09:08:48,971 [Thread-1866] INFO  server.GrpcServerProtocolClient (GrpcServerProtocolClient.java:close(103)) - dccb7b66-05bf-40d4-a126-9074e1df82c7 Close channels
2023-12-28 09:08:48,971 [9e792a6f-77db-4c9d-ab1c-4b4be3f2ae56-impl-thread1] INFO  server.RaftServer$Division (RaftServerImpl.java:lambda$close$3(516)) - 9e792a6f-77db-4c9d-ab1c-4b4be3f2ae56@group-95CD33AA20EA: shutdown
2023-12-28 09:08:48,971 [9e792a6f-77db-4c9d-ab1c-4b4be3f2ae56-impl-thread1] INFO  util.JmxRegister (JmxRegister.java:unregister(73)) - Successfully un-registered JMX Bean with object name Ratis:service=RaftServer,group=group-95CD33AA20EA,id=9e792a6f-77db-4c9d-ab1c-4b4be3f2ae56
2023-12-28 09:08:48,971 [9e792a6f-77db-4c9d-ab1c-4b4be3f2ae56-impl-thread1] INFO  impl.RoleInfo (RoleInfo.java:shutdownLeaderState(94)) - 9e792a6f-77db-4c9d-ab1c-4b4be3f2ae56: shutdown 9e792a6f-77db-4c9d-ab1c-4b4be3f2ae56@group-95CD33AA20EA-LeaderStateImpl
2023-12-28 09:08:48,971 [3217eff5-f77e-4cc7-8aa1-ee5fb2ab3194@group-7A911354CE2F-StateMachineUpdater] INFO  ratis.ContainerStateMachine (ContainerStateMachine.java:takeSnapshot(366)) - group-7A911354CE2F: Finished taking a snapshot at:(t:1, i:0) file:/home/runner/work/ozone/ozone/hadoop-ozone/integration-test/target/test-dir/MiniOzoneClusterImpl-8986566a-fb65-479a-a2d4-a5d5d2c03f68/datanode-8/data/ratis/7d01b0ae-962c-4cf1-9d7b-7a911354ce2f/sm/snapshot.1_0 took: 1 ms
2023-12-28 09:08:48,971 [9e792a6f-77db-4c9d-ab1c-4b4be3f2ae56-impl-thread1] INFO  impl.PendingRequests (PendingRequests.java:sendNotLeaderResponses(289)) - 9e792a6f-77db-4c9d-ab1c-4b4be3f2ae56@group-95CD33AA20EA-PendingRequests: sendNotLeaderResponses
2023-12-28 09:08:48,971 [3217eff5-f77e-4cc7-8aa1-ee5fb2ab3194@group-7A911354CE2F-StateMachineUpdater] INFO  impl.StateMachineUpdater (StateMachineUpdater.java:takeSnapshot(295)) - 3217eff5-f77e-4cc7-8aa1-ee5fb2ab3194@group-7A911354CE2F-StateMachineUpdater: Took a snapshot at index 0
2023-12-28 09:08:48,971 [3217eff5-f77e-4cc7-8aa1-ee5fb2ab3194@group-7A911354CE2F-StateMachineUpdater] INFO  impl.StateMachineUpdater (StateMachineUpdater.java:lambda$new$0(98)) - 3217eff5-f77e-4cc7-8aa1-ee5fb2ab3194@group-7A911354CE2F-StateMachineUpdater: snapshotIndex: updateIncreasingly -1 -> 0
2023-12-28 09:08:48,971 [9e792a6f-77db-4c9d-ab1c-4b4be3f2ae56-impl-thread1] INFO  impl.StateMachineUpdater (StateMachineUpdater.java:stopAndJoin(157)) - 9e792a6f-77db-4c9d-ab1c-4b4be3f2ae56@group-95CD33AA20EA-StateMachineUpdater: set stopIndex = 0
2023-12-28 09:08:48,971 [ForkJoinPool.commonPool-worker-0] INFO  server.GrpcService (GrpcService.java:closeImpl(311)) - 9e792a6f-77db-4c9d-ab1c-4b4be3f2ae56: shutdown server org.apache.ratis.grpc.server.GrpcClientProtocolService now
2023-12-28 09:08:48,971 [9e792a6f-77db-4c9d-ab1c-4b4be3f2ae56@group-95CD33AA20EA-StateMachineUpdater] INFO  ratis.ContainerStateMachine (ContainerStateMachine.java:takeSnapshot(355)) - group-95CD33AA20EA: Taking a snapshot at:(t:1, i:0) file /home/runner/work/ozone/ozone/hadoop-ozone/integration-test/target/test-dir/MiniOzoneClusterImpl-8986566a-fb65-479a-a2d4-a5d5d2c03f68/datanode-6/data/ratis/86a33720-acd2-42e4-bbba-95cd33aa20ea/sm/snapshot.1_0
2023-12-28 09:08:48,971 [3217eff5-f77e-4cc7-8aa1-ee5fb2ab3194-impl-thread2] INFO  server.RaftServer$Division (ServerState.java:close(423)) - 3217eff5-f77e-4cc7-8aa1-ee5fb2ab3194@group-7A911354CE2F: applyIndex: 0
2023-12-28 09:08:48,972 [3217eff5-f77e-4cc7-8aa1-ee5fb2ab3194@group-7A911354CE2F-cacheEviction-AwaitToRun] INFO  util.AwaitToRun (AwaitToRun.java:run(49)) - 3217eff5-f77e-4cc7-8aa1-ee5fb2ab3194@group-7A911354CE2F-cacheEviction-AwaitToRun-AwaitForSignal is interrupted
2023-12-28 09:08:48,972 [Thread-1878] INFO  server.GrpcServerProtocolClient (GrpcServerProtocolClient.java:close(103)) - dccb7b66-05bf-40d4-a126-9074e1df82c7 Close channels
2023-12-28 09:08:48,972 [9e792a6f-77db-4c9d-ab1c-4b4be3f2ae56@group-95CD33AA20EA-StateMachineUpdater] INFO  ratis.ContainerStateMachine (ContainerStateMachine.java:takeSnapshot(366)) - group-95CD33AA20EA: Finished taking a snapshot at:(t:1, i:0) file:/home/runner/work/ozone/ozone/hadoop-ozone/integration-test/target/test-dir/MiniOzoneClusterImpl-8986566a-fb65-479a-a2d4-a5d5d2c03f68/datanode-6/data/ratis/86a33720-acd2-42e4-bbba-95cd33aa20ea/sm/snapshot.1_0 took: 0 ms
2023-12-28 09:08:48,972 [9e792a6f-77db-4c9d-ab1c-4b4be3f2ae56@group-95CD33AA20EA-StateMachineUpdater] INFO  impl.StateMachineUpdater (StateMachineUpdater.java:takeSnapshot(295)) - 9e792a6f-77db-4c9d-ab1c-4b4be3f2ae56@group-95CD33AA20EA-StateMachineUpdater: Took a snapshot at index 0
2023-12-28 09:08:48,972 [Thread-1880] INFO  server.GrpcServerProtocolClient (GrpcServerProtocolClient.java:close(103)) - 3217eff5-f77e-4cc7-8aa1-ee5fb2ab3194 Close channels
2023-12-28 09:08:48,972 [9e792a6f-77db-4c9d-ab1c-4b4be3f2ae56@group-95CD33AA20EA-StateMachineUpdater] INFO  impl.StateMachineUpdater (StateMachineUpdater.java:lambda$new$0(98)) - 9e792a6f-77db-4c9d-ab1c-4b4be3f2ae56@group-95CD33AA20EA-StateMachineUpdater: snapshotIndex: updateIncreasingly -1 -> 0
2023-12-28 09:08:48,972 [9e792a6f-77db-4c9d-ab1c-4b4be3f2ae56-impl-thread1] INFO  server.RaftServer$Division (ServerState.java:close(423)) - 9e792a6f-77db-4c9d-ab1c-4b4be3f2ae56@group-95CD33AA20EA: applyIndex: 0
2023-12-28 09:08:48,972 [9e792a6f-77db-4c9d-ab1c-4b4be3f2ae56@group-95CD33AA20EA-cacheEviction-AwaitToRun] INFO  util.AwaitToRun (AwaitToRun.java:run(49)) - 9e792a6f-77db-4c9d-ab1c-4b4be3f2ae56@group-95CD33AA20EA-cacheEviction-AwaitToRun-AwaitForSignal is interrupted
2023-12-28 09:08:48,973 [9e792a6f-77db-4c9d-ab1c-4b4be3f2ae56-impl-thread2] INFO  server.RaftServer$Division (RaftServerImpl.java:lambda$close$3(516)) - 9e792a6f-77db-4c9d-ab1c-4b4be3f2ae56@group-7A911354CE2F: shutdown
2023-12-28 09:08:48,979 [9e792a6f-77db-4c9d-ab1c-4b4be3f2ae56-impl-thread2] INFO  util.JmxRegister (JmxRegister.java:unregister(73)) - Successfully un-registered JMX Bean with object name Ratis:service=RaftServer,group=group-7A911354CE2F,id=9e792a6f-77db-4c9d-ab1c-4b4be3f2ae56
2023-12-28 09:08:48,979 [9e792a6f-77db-4c9d-ab1c-4b4be3f2ae56-impl-thread2] INFO  impl.RoleInfo (RoleInfo.java:shutdownLeaderState(94)) - 9e792a6f-77db-4c9d-ab1c-4b4be3f2ae56: shutdown 9e792a6f-77db-4c9d-ab1c-4b4be3f2ae56@group-7A911354CE2F-LeaderStateImpl
2023-12-28 09:08:48,979 [9e792a6f-77db-4c9d-ab1c-4b4be3f2ae56@group-7A911354CE2F->dccb7b66-05bf-40d4-a126-9074e1df82c7-GrpcLogAppender-LogAppenderDaemon] WARN  server.GrpcLogAppender (GrpcLogAppender.java:mayWait(212)) - 9e792a6f-77db-4c9d-ab1c-4b4be3f2ae56@group-7A911354CE2F->dccb7b66-05bf-40d4-a126-9074e1df82c7-GrpcLogAppender: Wait interrupted by java.lang.InterruptedException
2023-12-28 09:08:48,979 [ForkJoinPool.commonPool-worker-1] INFO  server.GrpcService (GrpcService.java:closeImpl(320)) - 3217eff5-f77e-4cc7-8aa1-ee5fb2ab3194: shutdown server org.apache.ratis.grpc.server.GrpcClientProtocolService successfully
2023-12-28 09:08:48,979 [ForkJoinPool.commonPool-worker-1] INFO  server.GrpcService (GrpcService.java:closeImpl(311)) - 3217eff5-f77e-4cc7-8aa1-ee5fb2ab3194: shutdown server GrpcServerProtocolService now
2023-12-28 09:08:48,979 [9e792a6f-77db-4c9d-ab1c-4b4be3f2ae56@group-7A911354CE2F->3217eff5-f77e-4cc7-8aa1-ee5fb2ab3194-GrpcLogAppender-LogAppenderDaemon] WARN  server.GrpcLogAppender (GrpcLogAppender.java:mayWait(212)) - 9e792a6f-77db-4c9d-ab1c-4b4be3f2ae56@group-7A911354CE2F->3217eff5-f77e-4cc7-8aa1-ee5fb2ab3194-GrpcLogAppender: Wait interrupted by java.lang.InterruptedException
2023-12-28 09:08:48,979 [9e792a6f-77db-4c9d-ab1c-4b4be3f2ae56-impl-thread2] INFO  impl.PendingRequests (PendingRequests.java:sendNotLeaderResponses(289)) - 9e792a6f-77db-4c9d-ab1c-4b4be3f2ae56@group-7A911354CE2F-PendingRequests: sendNotLeaderResponses
2023-12-28 09:08:48,980 [9e792a6f-77db-4c9d-ab1c-4b4be3f2ae56-impl-thread2] INFO  impl.StateMachineUpdater (StateMachineUpdater.java:stopAndJoin(157)) - 9e792a6f-77db-4c9d-ab1c-4b4be3f2ae56@group-7A911354CE2F-StateMachineUpdater: set stopIndex = 0
2023-12-28 09:08:48,984 [grpc-default-executor-3] WARN  server.GrpcServerProtocolService (LogUtils.java:warn(121)) - 3217eff5-f77e-4cc7-8aa1-ee5fb2ab3194: APPEND_ENTRIES onError, lastRequest: null: org.apache.ratis.thirdparty.io.grpc.StatusRuntimeException: CANCELLED: client cancelled
2023-12-28 09:08:48,985 [ForkJoinPool.commonPool-worker-1] INFO  server.GrpcService (GrpcService.java:closeImpl(320)) - 3217eff5-f77e-4cc7-8aa1-ee5fb2ab3194: shutdown server GrpcServerProtocolService successfully
2023-12-28 09:08:48,985 [ForkJoinPool.commonPool-worker-1] INFO  server.GrpcService (GrpcService.java:closeImpl(311)) - 3217eff5-f77e-4cc7-8aa1-ee5fb2ab3194: shutdown server org.apache.ratis.grpc.server.GrpcAdminProtocolService now
2023-12-28 09:08:48,985 [grpc-default-executor-5] WARN  server.GrpcServerProtocolService (LogUtils.java:warn(121)) - 3217eff5-f77e-4cc7-8aa1-ee5fb2ab3194: APPEND_ENTRIES onError, lastRequest: 9e792a6f-77db-4c9d-ab1c-4b4be3f2ae56->3217eff5-f77e-4cc7-8aa1-ee5fb2ab3194#1-t1,previous=(t:0, i:0),leaderCommit=-1,initializing? true,entries: size=1, first=(t:1, i:0), CONFIGURATIONENTRY(current:id: "dccb7b66-05bf-40d4-a126-9074e1df82c7"
address: "10.1.0.14:15166"
dataStreamAddress: "10.1.0.14:15167"
clientAddress: "10.1.0.14:15164"
adminAddress: "10.1.0.14:15165"
startupRole: FOLLOWER
,id: "9e792a6f-77db-4c9d-ab1c-4b4be3f2ae56"
address: "10.1.0.14:15157"
priority: 1
dataStreamAddress: "10.1.0.14:15158"
clientAddress: "10.1.0.14:15155"
adminAddress: "10.1.0.14:15156"
startupRole: FOLLOWER
,id: "3217eff5-f77e-4cc7-8aa1-ee5fb2ab3194"
address: "10.1.0.14:15175"
dataStreamAddress: "10.1.0.14:15176"
clientAddress: "10.1.0.14:15173"
adminAddress: "10.1.0.14:15174"
startupRole: FOLLOWER
, old:): org.apache.ratis.thirdparty.io.grpc.StatusRuntimeException: CANCELLED: client cancelled
2023-12-28 09:08:48,986 [ForkJoinPool.commonPool-worker-1] INFO  server.GrpcService (GrpcService.java:closeImpl(320)) - 3217eff5-f77e-4cc7-8aa1-ee5fb2ab3194: shutdown server org.apache.ratis.grpc.server.GrpcAdminProtocolService successfully
2023-12-28 09:08:48,986 [3217eff5-f77e-4cc7-8aa1-ee5fb2ab3194-NettyServerStreamRpc-bossGroup--thread1] INFO  logging.LoggingHandler (AbstractInternalLogger.java:log(148)) - [id: 0x1c9a42f4, L:/0.0.0.0:15176] CLOSE
2023-12-28 09:08:48,986 [3217eff5-f77e-4cc7-8aa1-ee5fb2ab3194-NettyServerStreamRpc-bossGroup--thread1] INFO  logging.LoggingHandler (AbstractInternalLogger.java:log(148)) - [id: 0x1c9a42f4, L:/0.0.0.0:15176] INACTIVE
2023-12-28 09:08:48,986 [3217eff5-f77e-4cc7-8aa1-ee5fb2ab3194-NettyServerStreamRpc-bossGroup--thread1] INFO  logging.LoggingHandler (AbstractInternalLogger.java:log(148)) - [id: 0x1c9a42f4, L:/0.0.0.0:15176] UNREGISTERED
2023-12-28 09:08:48,988 [grpc-default-executor-5] INFO  server.GrpcLogAppender (GrpcLogAppender.java:onError(457)) - 9e792a6f-77db-4c9d-ab1c-4b4be3f2ae56@group-7A911354CE2F->3217eff5-f77e-4cc7-8aa1-ee5fb2ab3194-GrpcLogAppender is already stopped
2023-12-28 09:08:48,988 [grpc-default-executor-5] INFO  server.GrpcLogAppender (GrpcLogAppender.java:onError(457)) - 9e792a6f-77db-4c9d-ab1c-4b4be3f2ae56@group-7A911354CE2F->3217eff5-f77e-4cc7-8aa1-ee5fb2ab3194-GrpcLogAppender is already stopped
2023-12-28 09:08:48,991 [9e792a6f-77db-4c9d-ab1c-4b4be3f2ae56@group-7A911354CE2F-StateMachineUpdater] INFO  ratis.ContainerStateMachine (ContainerStateMachine.java:takeSnapshot(355)) - group-7A911354CE2F: Taking a snapshot at:(t:1, i:0) file /home/runner/work/ozone/ozone/hadoop-ozone/integration-test/target/test-dir/MiniOzoneClusterImpl-8986566a-fb65-479a-a2d4-a5d5d2c03f68/datanode-6/data/ratis/7d01b0ae-962c-4cf1-9d7b-7a911354ce2f/sm/snapshot.1_0
2023-12-28 09:08:48,991 [9e792a6f-77db-4c9d-ab1c-4b4be3f2ae56@group-7A911354CE2F-StateMachineUpdater] INFO  ratis.ContainerStateMachine (ContainerStateMachine.java:takeSnapshot(366)) - group-7A911354CE2F: Finished taking a snapshot at:(t:1, i:0) file:/home/runner/work/ozone/ozone/hadoop-ozone/integration-test/target/test-dir/MiniOzoneClusterImpl-8986566a-fb65-479a-a2d4-a5d5d2c03f68/datanode-6/data/ratis/7d01b0ae-962c-4cf1-9d7b-7a911354ce2f/sm/snapshot.1_0 took: 0 ms
2023-12-28 09:08:48,991 [9e792a6f-77db-4c9d-ab1c-4b4be3f2ae56@group-7A911354CE2F-StateMachineUpdater] INFO  impl.StateMachineUpdater (StateMachineUpdater.java:takeSnapshot(295)) - 9e792a6f-77db-4c9d-ab1c-4b4be3f2ae56@group-7A911354CE2F-StateMachineUpdater: Took a snapshot at index 0
2023-12-28 09:08:48,991 [9e792a6f-77db-4c9d-ab1c-4b4be3f2ae56@group-7A911354CE2F-StateMachineUpdater] INFO  impl.StateMachineUpdater (StateMachineUpdater.java:lambda$new$0(98)) - 9e792a6f-77db-4c9d-ab1c-4b4be3f2ae56@group-7A911354CE2F-StateMachineUpdater: snapshotIndex: updateIncreasingly -1 -> 0
2023-12-28 09:08:48,991 [9e792a6f-77db-4c9d-ab1c-4b4be3f2ae56-impl-thread2] INFO  server.RaftServer$Division (ServerState.java:close(423)) - 9e792a6f-77db-4c9d-ab1c-4b4be3f2ae56@group-7A911354CE2F: applyIndex: 0
2023-12-28 09:08:49,000 [9e792a6f-77db-4c9d-ab1c-4b4be3f2ae56@group-7A911354CE2F-cacheEviction-AwaitToRun] INFO  util.AwaitToRun (AwaitToRun.java:run(49)) - 9e792a6f-77db-4c9d-ab1c-4b4be3f2ae56@group-7A911354CE2F-cacheEviction-AwaitToRun-AwaitForSignal is interrupted
2023-12-28 09:08:49,004 [ForkJoinPool.commonPool-worker-0] INFO  server.GrpcService (GrpcService.java:closeImpl(320)) - 9e792a6f-77db-4c9d-ab1c-4b4be3f2ae56: shutdown server org.apache.ratis.grpc.server.GrpcClientProtocolService successfully
2023-12-28 09:08:49,004 [ForkJoinPool.commonPool-worker-0] INFO  server.GrpcService (GrpcService.java:closeImpl(311)) - 9e792a6f-77db-4c9d-ab1c-4b4be3f2ae56: shutdown server GrpcServerProtocolService now
2023-12-28 09:08:49,004 [ForkJoinPool.commonPool-worker-0] INFO  server.GrpcService (GrpcService.java:closeImpl(320)) - 9e792a6f-77db-4c9d-ab1c-4b4be3f2ae56: shutdown server GrpcServerProtocolService successfully
2023-12-28 09:08:49,004 [ForkJoinPool.commonPool-worker-0] INFO  server.GrpcService (GrpcService.java:closeImpl(311)) - 9e792a6f-77db-4c9d-ab1c-4b4be3f2ae56: shutdown server org.apache.ratis.grpc.server.GrpcAdminProtocolService now
2023-12-28 09:08:49,006 [ForkJoinPool.commonPool-worker-0] INFO  server.GrpcService (GrpcService.java:closeImpl(320)) - 9e792a6f-77db-4c9d-ab1c-4b4be3f2ae56: shutdown server org.apache.ratis.grpc.server.GrpcAdminProtocolService successfully
2023-12-28 09:08:49,006 [9e792a6f-77db-4c9d-ab1c-4b4be3f2ae56-NettyServerStreamRpc-bossGroup--thread1] INFO  logging.LoggingHandler (AbstractInternalLogger.java:log(148)) - [id: 0x2b57cfe8, L:/0.0.0.0:15158] CLOSE
2023-12-28 09:08:49,006 [9e792a6f-77db-4c9d-ab1c-4b4be3f2ae56-NettyServerStreamRpc-bossGroup--thread1] INFO  logging.LoggingHandler (AbstractInternalLogger.java:log(148)) - [id: 0x2b57cfe8, L:/0.0.0.0:15158] INACTIVE
2023-12-28 09:08:49,006 [9e792a6f-77db-4c9d-ab1c-4b4be3f2ae56-NettyServerStreamRpc-bossGroup--thread1] INFO  logging.LoggingHandler (AbstractInternalLogger.java:log(148)) - [id: 0x2b57cfe8, L:/0.0.0.0:15158] UNREGISTERED
2023-12-28 09:08:49,030 [3217eff5-f77e-4cc7-8aa1-ee5fb2ab3194-impl-thread1] INFO  segmented.SegmentedRaftLogWorker (SegmentedRaftLogWorker.java:close(243)) - 3217eff5-f77e-4cc7-8aa1-ee5fb2ab3194@group-D966E5BA43E2-SegmentedRaftLogWorker close()
2023-12-28 09:08:49,116 [710d5749-3dff-4e56-b0fe-7873b1298659-impl-thread1] INFO  segmented.SegmentedRaftLogWorker (SegmentedRaftLogWorker.java:close(243)) - 710d5749-3dff-4e56-b0fe-7873b1298659@group-1B294623A69B-SegmentedRaftLogWorker close()
2023-12-28 09:08:49,117 [623fd51a-cd2f-46b7-bfb3-2e75fcb0d216-impl-thread2] INFO  segmented.SegmentedRaftLogWorker (SegmentedRaftLogWorker.java:close(243)) - 623fd51a-cd2f-46b7-bfb3-2e75fcb0d216@group-1B294623A69B-SegmentedRaftLogWorker close()
2023-12-28 09:08:49,133 [1359b24a-0a66-4b2c-b277-152671c55fa7-impl-thread2] INFO  segmented.SegmentedRaftLogWorker (SegmentedRaftLogWorker.java:close(243)) - 1359b24a-0a66-4b2c-b277-152671c55fa7@group-1B294623A69B-SegmentedRaftLogWorker close()
2023-12-28 09:08:49,201 [1359b24a-0a66-4b2c-b277-152671c55fa7-impl-thread1] INFO  segmented.SegmentedRaftLogWorker (SegmentedRaftLogWorker.java:close(243)) - 1359b24a-0a66-4b2c-b277-152671c55fa7@group-97F26FCE827D-SegmentedRaftLogWorker close()
2023-12-28 09:08:49,202 [JvmPauseMonitor13] INFO  util.JvmPauseMonitor (JvmPauseMonitor.java:run(152)) - JvmPauseMonitor-1359b24a-0a66-4b2c-b277-152671c55fa7: Stopped
2023-12-28 09:08:49,313 [710d5749-3dff-4e56-b0fe-7873b1298659-impl-thread2] INFO  segmented.SegmentedRaftLogWorker (SegmentedRaftLogWorker.java:close(243)) - 710d5749-3dff-4e56-b0fe-7873b1298659@group-E65BF094AF7D-SegmentedRaftLogWorker close()
2023-12-28 09:08:49,314 [JvmPauseMonitor14] INFO  util.JvmPauseMonitor (JvmPauseMonitor.java:run(152)) - JvmPauseMonitor-710d5749-3dff-4e56-b0fe-7873b1298659: Stopped
2023-12-28 09:08:49,403 [623fd51a-cd2f-46b7-bfb3-2e75fcb0d216-impl-thread1] INFO  segmented.SegmentedRaftLogWorker (SegmentedRaftLogWorker.java:close(243)) - 623fd51a-cd2f-46b7-bfb3-2e75fcb0d216@group-45BFF5C42CB2-SegmentedRaftLogWorker close()
2023-12-28 09:08:49,403 [JvmPauseMonitor15] INFO  util.JvmPauseMonitor (JvmPauseMonitor.java:run(152)) - JvmPauseMonitor-623fd51a-cd2f-46b7-bfb3-2e75fcb0d216: Stopped
2023-12-28 09:08:49,530 [f1f58aef-51f9-473c-80a3-23da74561150-impl-thread1] INFO  segmented.SegmentedRaftLogWorker (SegmentedRaftLogWorker.java:close(243)) - f1f58aef-51f9-473c-80a3-23da74561150@group-3C30080F1E06-SegmentedRaftLogWorker close()
2023-12-28 09:08:49,530 [JvmPauseMonitor16] INFO  util.JvmPauseMonitor (JvmPauseMonitor.java:run(152)) - JvmPauseMonitor-f1f58aef-51f9-473c-80a3-23da74561150: Stopped
2023-12-28 09:08:49,786 [9e792a6f-77db-4c9d-ab1c-4b4be3f2ae56-impl-thread1] INFO  segmented.SegmentedRaftLogWorker (SegmentedRaftLogWorker.java:close(243)) - 9e792a6f-77db-4c9d-ab1c-4b4be3f2ae56@group-95CD33AA20EA-SegmentedRaftLogWorker close()
2023-12-28 09:08:49,809 [9e792a6f-77db-4c9d-ab1c-4b4be3f2ae56-impl-thread2] INFO  segmented.SegmentedRaftLogWorker (SegmentedRaftLogWorker.java:close(243)) - 9e792a6f-77db-4c9d-ab1c-4b4be3f2ae56@group-7A911354CE2F-SegmentedRaftLogWorker close()
2023-12-28 09:08:49,809 [JvmPauseMonitor19] INFO  util.JvmPauseMonitor (JvmPauseMonitor.java:run(152)) - JvmPauseMonitor-9e792a6f-77db-4c9d-ab1c-4b4be3f2ae56: Stopped
2023-12-28 09:08:49,822 [3217eff5-f77e-4cc7-8aa1-ee5fb2ab3194-impl-thread2] INFO  segmented.SegmentedRaftLogWorker (SegmentedRaftLogWorker.java:close(243)) - 3217eff5-f77e-4cc7-8aa1-ee5fb2ab3194@group-7A911354CE2F-SegmentedRaftLogWorker close()
2023-12-28 09:08:49,823 [dccb7b66-05bf-40d4-a126-9074e1df82c7-impl-thread1] INFO  segmented.SegmentedRaftLogWorker (SegmentedRaftLogWorker.java:close(243)) - dccb7b66-05bf-40d4-a126-9074e1df82c7@group-7A911354CE2F-SegmentedRaftLogWorker close()
2023-12-28 09:08:49,823 [JvmPauseMonitor20] INFO  util.JvmPauseMonitor (JvmPauseMonitor.java:run(152)) - JvmPauseMonitor-dccb7b66-05bf-40d4-a126-9074e1df82c7: Stopped
2023-12-28 09:08:49,824 [JvmPauseMonitor21] INFO  util.JvmPauseMonitor (JvmPauseMonitor.java:run(152)) - JvmPauseMonitor-3217eff5-f77e-4cc7-8aa1-ee5fb2ab3194: Stopped
2023-12-28 09:08:51,204 [ForkJoinPool.commonPool-worker-6] INFO  utils.DatanodeStoreCache (DatanodeStoreCache.java:shutdownCache(110)) - Skip clearing cache in mini cluster mode. Entries left: [/home/runner/work/ozone/ozone/hadoop-ozone/integration-test/target/test-dir/MiniOzoneClusterImpl-8986566a-fb65-479a-a2d4-a5d5d2c03f68/datanode-0/data-0/containers/hdds/8986566a-fb65-479a-a2d4-a5d5d2c03f68/DS-3a209804-d467-4d9e-940a-9bc92180befe/container.db, /home/runner/work/ozone/ozone/hadoop-ozone/integration-test/target/test-dir/MiniOzoneClusterImpl-8986566a-fb65-479a-a2d4-a5d5d2c03f68/datanode-1/data-0/containers/hdds/8986566a-fb65-479a-a2d4-a5d5d2c03f68/DS-62c8a39b-7836-4733-8c19-4064f3889a47/container.db, /home/runner/work/ozone/ozone/hadoop-ozone/integration-test/target/test-dir/MiniOzoneClusterImpl-8986566a-fb65-479a-a2d4-a5d5d2c03f68/datanode-2/data-0/containers/hdds/8986566a-fb65-479a-a2d4-a5d5d2c03f68/DS-7f3d0a28-de96-49f8-bdc0-1a875d23bc12/container.db, /home/runner/work/ozone/ozone/hadoop-ozone/integration-test/target/test-dir/MiniOzoneClusterImpl-8986566a-fb65-479a-a2d4-a5d5d2c03f68/datanode-3/data-0/containers/hdds/8986566a-fb65-479a-a2d4-a5d5d2c03f68/DS-1d49916a-1cb3-4c52-9ec3-8328b57d86f7/container.db, /home/runner/work/ozone/ozone/hadoop-ozone/integration-test/target/test-dir/MiniOzoneClusterImpl-8986566a-fb65-479a-a2d4-a5d5d2c03f68/datanode-6/data-0/containers/hdds/8986566a-fb65-479a-a2d4-a5d5d2c03f68/DS-24e9930e-c4d9-422f-8439-63e74b840529/container.db, /home/runner/work/ozone/ozone/hadoop-ozone/integration-test/target/test-dir/MiniOzoneClusterImpl-8986566a-fb65-479a-a2d4-a5d5d2c03f68/datanode-7/data-0/containers/hdds/8986566a-fb65-479a-a2d4-a5d5d2c03f68/DS-f887c878-d38c-4bca-b5cc-52001ed8dc2c/container.db, /home/runner/work/ozone/ozone/hadoop-ozone/integration-test/target/test-dir/MiniOzoneClusterImpl-8986566a-fb65-479a-a2d4-a5d5d2c03f68/datanode-8/data-0/containers/hdds/8986566a-fb65-479a-a2d4-a5d5d2c03f68/DS-db92ad13-8006-4358-91d9-7de68402b5cb/container.db]
2023-12-28 09:08:51,207 [ForkJoinPool.commonPool-worker-6] INFO  utils.DatanodeStoreCache (DatanodeStoreCache.java:removeDB(104)) - Removed db /home/runner/work/ozone/ozone/hadoop-ozone/integration-test/target/test-dir/MiniOzoneClusterImpl-8986566a-fb65-479a-a2d4-a5d5d2c03f68/datanode-0/data-0/containers/hdds/8986566a-fb65-479a-a2d4-a5d5d2c03f68/DS-3a209804-d467-4d9e-940a-9bc92180befe/container.db from cache
2023-12-28 09:08:51,207 [ForkJoinPool.commonPool-worker-6] INFO  volume.HddsVolume (HddsVolume.java:closeDbStore(453)) - SchemaV3 db is stopped at /home/runner/work/ozone/ozone/hadoop-ozone/integration-test/target/test-dir/MiniOzoneClusterImpl-8986566a-fb65-479a-a2d4-a5d5d2c03f68/datanode-0/data-0/containers/hdds/8986566a-fb65-479a-a2d4-a5d5d2c03f68/DS-3a209804-d467-4d9e-940a-9bc92180befe/container.db for volume DS-3a209804-d467-4d9e-940a-9bc92180befe
2023-12-28 09:08:51,208 [ForkJoinPool.commonPool-worker-6] INFO  utils.BackgroundService (BackgroundService.java:shutdown(160)) - Shutting down service BlockDeletingService
2023-12-28 09:08:51,208 [ForkJoinPool.commonPool-worker-6] INFO  utils.BackgroundService (BackgroundService.java:shutdown(160)) - Shutting down service StaleRecoveringContainerScrubbingService
2023-12-28 09:08:51,209 [ForkJoinPool.commonPool-worker-6] INFO  statemachine.DatanodeStateMachine (DatanodeStateMachine.java:stopDaemon(638)) - Ozone container server stopped.
2023-12-28 09:08:51,211 [ForkJoinPool.commonPool-worker-6] INFO  handler.ContextHandler (ContextHandler.java:doStop(1159)) - Stopped o.e.j.w.WebAppContext@74eea79{hddsDatanode,/,null,STOPPED}{jar:file:/home/runner/.m2/repository/org/apache/ozone/hdds-container-service/1.5.0-SNAPSHOT/hdds-container-service-1.5.0-SNAPSHOT.jar!/webapps/hddsDatanode}
2023-12-28 09:08:51,211 [ForkJoinPool.commonPool-worker-6] INFO  server.AbstractConnector (AbstractConnector.java:doStop(383)) - Stopped ServerConnector@1b4a226e{HTTP/1.1, (http/1.1)}{0.0.0.0:15098}
2023-12-28 09:08:51,211 [ForkJoinPool.commonPool-worker-6] INFO  server.session (HouseKeeper.java:stopScavenging(149)) - node0 Stopped scavenging
2023-12-28 09:08:51,213 [ForkJoinPool.commonPool-worker-6] INFO  handler.ContextHandler (ContextHandler.java:doStop(1159)) - Stopped o.e.j.s.ServletContextHandler@4b368502{static,/static,jar:file:/home/runner/.m2/repository/org/apache/ozone/hdds-container-service/1.5.0-SNAPSHOT/hdds-container-service-1.5.0-SNAPSHOT.jar!/webapps/static,STOPPED}
2023-12-28 09:08:51,213 [ForkJoinPool.commonPool-worker-6] INFO  handler.ContextHandler (ContextHandler.java:doStop(1159)) - Stopped o.e.j.s.ServletContextHandler@2e12c006{logs,/logs,file:///home/runner/work/ozone/ozone/hadoop-ozone/integration-test/target/log,STOPPED}
2023-12-28 09:08:51,213 [ForkJoinPool.commonPool-worker-6] INFO  ozone.HddsDatanodeClientProtocolServer (HddsDatanodeClientProtocolServer.java:stop(78)) - Stopping the RPC server for Client Protocol
2023-12-28 09:08:51,214 [ForkJoinPool.commonPool-worker-6] INFO  ipc.Server (Server.java:stop(3523)) - Stopping server on 15099
2023-12-28 09:08:51,214 [IPC Server listener on 15099] INFO  ipc.Server (Server.java:run(1434)) - Stopping IPC Server listener on 15099
2023-12-28 09:08:51,214 [IPC Server Responder] INFO  ipc.Server (Server.java:run(1567)) - Stopping IPC Server Responder
2023-12-28 09:08:51,316 [main] INFO  utils.DatanodeStoreCache (DatanodeStoreCache.java:shutdownCache(110)) - Skip clearing cache in mini cluster mode. Entries left: [/home/runner/work/ozone/ozone/hadoop-ozone/integration-test/target/test-dir/MiniOzoneClusterImpl-8986566a-fb65-479a-a2d4-a5d5d2c03f68/datanode-1/data-0/containers/hdds/8986566a-fb65-479a-a2d4-a5d5d2c03f68/DS-62c8a39b-7836-4733-8c19-4064f3889a47/container.db, /home/runner/work/ozone/ozone/hadoop-ozone/integration-test/target/test-dir/MiniOzoneClusterImpl-8986566a-fb65-479a-a2d4-a5d5d2c03f68/datanode-2/data-0/containers/hdds/8986566a-fb65-479a-a2d4-a5d5d2c03f68/DS-7f3d0a28-de96-49f8-bdc0-1a875d23bc12/container.db, /home/runner/work/ozone/ozone/hadoop-ozone/integration-test/target/test-dir/MiniOzoneClusterImpl-8986566a-fb65-479a-a2d4-a5d5d2c03f68/datanode-3/data-0/containers/hdds/8986566a-fb65-479a-a2d4-a5d5d2c03f68/DS-1d49916a-1cb3-4c52-9ec3-8328b57d86f7/container.db, /home/runner/work/ozone/ozone/hadoop-ozone/integration-test/target/test-dir/MiniOzoneClusterImpl-8986566a-fb65-479a-a2d4-a5d5d2c03f68/datanode-6/data-0/containers/hdds/8986566a-fb65-479a-a2d4-a5d5d2c03f68/DS-24e9930e-c4d9-422f-8439-63e74b840529/container.db, /home/runner/work/ozone/ozone/hadoop-ozone/integration-test/target/test-dir/MiniOzoneClusterImpl-8986566a-fb65-479a-a2d4-a5d5d2c03f68/datanode-7/data-0/containers/hdds/8986566a-fb65-479a-a2d4-a5d5d2c03f68/DS-f887c878-d38c-4bca-b5cc-52001ed8dc2c/container.db, /home/runner/work/ozone/ozone/hadoop-ozone/integration-test/target/test-dir/MiniOzoneClusterImpl-8986566a-fb65-479a-a2d4-a5d5d2c03f68/datanode-8/data-0/containers/hdds/8986566a-fb65-479a-a2d4-a5d5d2c03f68/DS-db92ad13-8006-4358-91d9-7de68402b5cb/container.db]
2023-12-28 09:08:51,317 [main] INFO  utils.DatanodeStoreCache (DatanodeStoreCache.java:removeDB(104)) - Removed db /home/runner/work/ozone/ozone/hadoop-ozone/integration-test/target/test-dir/MiniOzoneClusterImpl-8986566a-fb65-479a-a2d4-a5d5d2c03f68/datanode-1/data-0/containers/hdds/8986566a-fb65-479a-a2d4-a5d5d2c03f68/DS-62c8a39b-7836-4733-8c19-4064f3889a47/container.db from cache
2023-12-28 09:08:51,317 [main] INFO  volume.HddsVolume (HddsVolume.java:closeDbStore(453)) - SchemaV3 db is stopped at /home/runner/work/ozone/ozone/hadoop-ozone/integration-test/target/test-dir/MiniOzoneClusterImpl-8986566a-fb65-479a-a2d4-a5d5d2c03f68/datanode-1/data-0/containers/hdds/8986566a-fb65-479a-a2d4-a5d5d2c03f68/DS-62c8a39b-7836-4733-8c19-4064f3889a47/container.db for volume DS-62c8a39b-7836-4733-8c19-4064f3889a47
2023-12-28 09:08:51,317 [main] INFO  utils.BackgroundService (BackgroundService.java:shutdown(160)) - Shutting down service BlockDeletingService
2023-12-28 09:08:51,318 [main] INFO  utils.BackgroundService (BackgroundService.java:shutdown(160)) - Shutting down service StaleRecoveringContainerScrubbingService
2023-12-28 09:08:51,319 [main] INFO  statemachine.DatanodeStateMachine (DatanodeStateMachine.java:stopDaemon(638)) - Ozone container server stopped.
2023-12-28 09:08:51,320 [main] INFO  handler.ContextHandler (ContextHandler.java:doStop(1159)) - Stopped o.e.j.w.WebAppContext@4c504f6b{hddsDatanode,/,null,STOPPED}{jar:file:/home/runner/.m2/repository/org/apache/ozone/hdds-container-service/1.5.0-SNAPSHOT/hdds-container-service-1.5.0-SNAPSHOT.jar!/webapps/hddsDatanode}
2023-12-28 09:08:51,320 [main] INFO  server.AbstractConnector (AbstractConnector.java:doStop(383)) - Stopped ServerConnector@63bd03f3{HTTP/1.1, (http/1.1)}{0.0.0.0:15107}
2023-12-28 09:08:51,320 [main] INFO  server.session (HouseKeeper.java:stopScavenging(149)) - node0 Stopped scavenging
2023-12-28 09:08:51,321 [main] INFO  handler.ContextHandler (ContextHandler.java:doStop(1159)) - Stopped o.e.j.s.ServletContextHandler@1f477352{static,/static,jar:file:/home/runner/.m2/repository/org/apache/ozone/hdds-container-service/1.5.0-SNAPSHOT/hdds-container-service-1.5.0-SNAPSHOT.jar!/webapps/static,STOPPED}
2023-12-28 09:08:51,321 [main] INFO  handler.ContextHandler (ContextHandler.java:doStop(1159)) - Stopped o.e.j.s.ServletContextHandler@1dd911b{logs,/logs,file:///home/runner/work/ozone/ozone/hadoop-ozone/integration-test/target/log,STOPPED}
2023-12-28 09:08:51,321 [main] INFO  ozone.HddsDatanodeClientProtocolServer (HddsDatanodeClientProtocolServer.java:stop(78)) - Stopping the RPC server for Client Protocol
2023-12-28 09:08:51,321 [main] INFO  ipc.Server (Server.java:stop(3523)) - Stopping server on 15108
2023-12-28 09:08:51,322 [IPC Server listener on 15108] INFO  ipc.Server (Server.java:run(1434)) - Stopping IPC Server listener on 15108
2023-12-28 09:08:51,322 [IPC Server Responder] INFO  ipc.Server (Server.java:run(1567)) - Stopping IPC Server Responder
2023-12-28 09:08:51,405 [ForkJoinPool.commonPool-worker-4] INFO  utils.DatanodeStoreCache (DatanodeStoreCache.java:shutdownCache(110)) - Skip clearing cache in mini cluster mode. Entries left: [/home/runner/work/ozone/ozone/hadoop-ozone/integration-test/target/test-dir/MiniOzoneClusterImpl-8986566a-fb65-479a-a2d4-a5d5d2c03f68/datanode-2/data-0/containers/hdds/8986566a-fb65-479a-a2d4-a5d5d2c03f68/DS-7f3d0a28-de96-49f8-bdc0-1a875d23bc12/container.db, /home/runner/work/ozone/ozone/hadoop-ozone/integration-test/target/test-dir/MiniOzoneClusterImpl-8986566a-fb65-479a-a2d4-a5d5d2c03f68/datanode-3/data-0/containers/hdds/8986566a-fb65-479a-a2d4-a5d5d2c03f68/DS-1d49916a-1cb3-4c52-9ec3-8328b57d86f7/container.db, /home/runner/work/ozone/ozone/hadoop-ozone/integration-test/target/test-dir/MiniOzoneClusterImpl-8986566a-fb65-479a-a2d4-a5d5d2c03f68/datanode-6/data-0/containers/hdds/8986566a-fb65-479a-a2d4-a5d5d2c03f68/DS-24e9930e-c4d9-422f-8439-63e74b840529/container.db, /home/runner/work/ozone/ozone/hadoop-ozone/integration-test/target/test-dir/MiniOzoneClusterImpl-8986566a-fb65-479a-a2d4-a5d5d2c03f68/datanode-7/data-0/containers/hdds/8986566a-fb65-479a-a2d4-a5d5d2c03f68/DS-f887c878-d38c-4bca-b5cc-52001ed8dc2c/container.db, /home/runner/work/ozone/ozone/hadoop-ozone/integration-test/target/test-dir/MiniOzoneClusterImpl-8986566a-fb65-479a-a2d4-a5d5d2c03f68/datanode-8/data-0/containers/hdds/8986566a-fb65-479a-a2d4-a5d5d2c03f68/DS-db92ad13-8006-4358-91d9-7de68402b5cb/container.db]
2023-12-28 09:08:51,407 [ForkJoinPool.commonPool-worker-4] INFO  utils.DatanodeStoreCache (DatanodeStoreCache.java:removeDB(104)) - Removed db /home/runner/work/ozone/ozone/hadoop-ozone/integration-test/target/test-dir/MiniOzoneClusterImpl-8986566a-fb65-479a-a2d4-a5d5d2c03f68/datanode-2/data-0/containers/hdds/8986566a-fb65-479a-a2d4-a5d5d2c03f68/DS-7f3d0a28-de96-49f8-bdc0-1a875d23bc12/container.db from cache
2023-12-28 09:08:51,407 [ForkJoinPool.commonPool-worker-4] INFO  volume.HddsVolume (HddsVolume.java:closeDbStore(453)) - SchemaV3 db is stopped at /home/runner/work/ozone/ozone/hadoop-ozone/integration-test/target/test-dir/MiniOzoneClusterImpl-8986566a-fb65-479a-a2d4-a5d5d2c03f68/datanode-2/data-0/containers/hdds/8986566a-fb65-479a-a2d4-a5d5d2c03f68/DS-7f3d0a28-de96-49f8-bdc0-1a875d23bc12/container.db for volume DS-7f3d0a28-de96-49f8-bdc0-1a875d23bc12
2023-12-28 09:08:51,407 [ForkJoinPool.commonPool-worker-4] INFO  utils.BackgroundService (BackgroundService.java:shutdown(160)) - Shutting down service BlockDeletingService
2023-12-28 09:08:51,408 [ForkJoinPool.commonPool-worker-4] INFO  utils.BackgroundService (BackgroundService.java:shutdown(160)) - Shutting down service StaleRecoveringContainerScrubbingService
2023-12-28 09:08:51,408 [ForkJoinPool.commonPool-worker-4] INFO  statemachine.DatanodeStateMachine (DatanodeStateMachine.java:stopDaemon(638)) - Ozone container server stopped.
2023-12-28 09:08:51,409 [ForkJoinPool.commonPool-worker-4] INFO  handler.ContextHandler (ContextHandler.java:doStop(1159)) - Stopped o.e.j.w.WebAppContext@648accba{hddsDatanode,/,null,STOPPED}{jar:file:/home/runner/.m2/repository/org/apache/ozone/hdds-container-service/1.5.0-SNAPSHOT/hdds-container-service-1.5.0-SNAPSHOT.jar!/webapps/hddsDatanode}
2023-12-28 09:08:51,409 [ForkJoinPool.commonPool-worker-4] INFO  server.AbstractConnector (AbstractConnector.java:doStop(383)) - Stopped ServerConnector@118d9d0b{HTTP/1.1, (http/1.1)}{0.0.0.0:15116}
2023-12-28 09:08:51,409 [ForkJoinPool.commonPool-worker-4] INFO  server.session (HouseKeeper.java:stopScavenging(149)) - node0 Stopped scavenging
2023-12-28 09:08:51,409 [ForkJoinPool.commonPool-worker-4] INFO  handler.ContextHandler (ContextHandler.java:doStop(1159)) - Stopped o.e.j.s.ServletContextHandler@60313fc{static,/static,jar:file:/home/runner/.m2/repository/org/apache/ozone/hdds-container-service/1.5.0-SNAPSHOT/hdds-container-service-1.5.0-SNAPSHOT.jar!/webapps/static,STOPPED}
2023-12-28 09:08:51,410 [ForkJoinPool.commonPool-worker-4] INFO  handler.ContextHandler (ContextHandler.java:doStop(1159)) - Stopped o.e.j.s.ServletContextHandler@2a1133a4{logs,/logs,file:///home/runner/work/ozone/ozone/hadoop-ozone/integration-test/target/log,STOPPED}
2023-12-28 09:08:51,410 [ForkJoinPool.commonPool-worker-4] INFO  ozone.HddsDatanodeClientProtocolServer (HddsDatanodeClientProtocolServer.java:stop(78)) - Stopping the RPC server for Client Protocol
2023-12-28 09:08:51,415 [ForkJoinPool.commonPool-worker-4] INFO  ipc.Server (Server.java:stop(3523)) - Stopping server on 15117
2023-12-28 09:08:51,415 [IPC Server Responder] INFO  ipc.Server (Server.java:run(1567)) - Stopping IPC Server Responder
2023-12-28 09:08:51,416 [IPC Server listener on 15117] INFO  ipc.Server (Server.java:run(1434)) - Stopping IPC Server listener on 15117
2023-12-28 09:08:51,532 [ForkJoinPool.commonPool-worker-7] INFO  utils.DatanodeStoreCache (DatanodeStoreCache.java:shutdownCache(110)) - Skip clearing cache in mini cluster mode. Entries left: [/home/runner/work/ozone/ozone/hadoop-ozone/integration-test/target/test-dir/MiniOzoneClusterImpl-8986566a-fb65-479a-a2d4-a5d5d2c03f68/datanode-3/data-0/containers/hdds/8986566a-fb65-479a-a2d4-a5d5d2c03f68/DS-1d49916a-1cb3-4c52-9ec3-8328b57d86f7/container.db, /home/runner/work/ozone/ozone/hadoop-ozone/integration-test/target/test-dir/MiniOzoneClusterImpl-8986566a-fb65-479a-a2d4-a5d5d2c03f68/datanode-6/data-0/containers/hdds/8986566a-fb65-479a-a2d4-a5d5d2c03f68/DS-24e9930e-c4d9-422f-8439-63e74b840529/container.db, /home/runner/work/ozone/ozone/hadoop-ozone/integration-test/target/test-dir/MiniOzoneClusterImpl-8986566a-fb65-479a-a2d4-a5d5d2c03f68/datanode-7/data-0/containers/hdds/8986566a-fb65-479a-a2d4-a5d5d2c03f68/DS-f887c878-d38c-4bca-b5cc-52001ed8dc2c/container.db, /home/runner/work/ozone/ozone/hadoop-ozone/integration-test/target/test-dir/MiniOzoneClusterImpl-8986566a-fb65-479a-a2d4-a5d5d2c03f68/datanode-8/data-0/containers/hdds/8986566a-fb65-479a-a2d4-a5d5d2c03f68/DS-db92ad13-8006-4358-91d9-7de68402b5cb/container.db]
2023-12-28 09:08:51,534 [ForkJoinPool.commonPool-worker-7] INFO  utils.DatanodeStoreCache (DatanodeStoreCache.java:removeDB(104)) - Removed db /home/runner/work/ozone/ozone/hadoop-ozone/integration-test/target/test-dir/MiniOzoneClusterImpl-8986566a-fb65-479a-a2d4-a5d5d2c03f68/datanode-3/data-0/containers/hdds/8986566a-fb65-479a-a2d4-a5d5d2c03f68/DS-1d49916a-1cb3-4c52-9ec3-8328b57d86f7/container.db from cache
2023-12-28 09:08:51,535 [ForkJoinPool.commonPool-worker-7] INFO  volume.HddsVolume (HddsVolume.java:closeDbStore(453)) - SchemaV3 db is stopped at /home/runner/work/ozone/ozone/hadoop-ozone/integration-test/target/test-dir/MiniOzoneClusterImpl-8986566a-fb65-479a-a2d4-a5d5d2c03f68/datanode-3/data-0/containers/hdds/8986566a-fb65-479a-a2d4-a5d5d2c03f68/DS-1d49916a-1cb3-4c52-9ec3-8328b57d86f7/container.db for volume DS-1d49916a-1cb3-4c52-9ec3-8328b57d86f7
2023-12-28 09:08:51,535 [ForkJoinPool.commonPool-worker-7] INFO  utils.BackgroundService (BackgroundService.java:shutdown(160)) - Shutting down service BlockDeletingService
2023-12-28 09:08:51,535 [ForkJoinPool.commonPool-worker-7] INFO  utils.BackgroundService (BackgroundService.java:shutdown(160)) - Shutting down service StaleRecoveringContainerScrubbingService
2023-12-28 09:08:51,536 [ForkJoinPool.commonPool-worker-7] INFO  statemachine.DatanodeStateMachine (DatanodeStateMachine.java:stopDaemon(638)) - Ozone container server stopped.
2023-12-28 09:08:51,537 [ForkJoinPool.commonPool-worker-7] INFO  handler.ContextHandler (ContextHandler.java:doStop(1159)) - Stopped o.e.j.w.WebAppContext@a98b4cf{hddsDatanode,/,null,STOPPED}{jar:file:/home/runner/.m2/repository/org/apache/ozone/hdds-container-service/1.5.0-SNAPSHOT/hdds-container-service-1.5.0-SNAPSHOT.jar!/webapps/hddsDatanode}
2023-12-28 09:08:51,537 [ForkJoinPool.commonPool-worker-7] INFO  server.AbstractConnector (AbstractConnector.java:doStop(383)) - Stopped ServerConnector@2189cf{HTTP/1.1, (http/1.1)}{0.0.0.0:15125}
2023-12-28 09:08:51,537 [ForkJoinPool.commonPool-worker-7] INFO  server.session (HouseKeeper.java:stopScavenging(149)) - node0 Stopped scavenging
2023-12-28 09:08:51,537 [ForkJoinPool.commonPool-worker-7] INFO  handler.ContextHandler (ContextHandler.java:doStop(1159)) - Stopped o.e.j.s.ServletContextHandler@37dfcedf{static,/static,jar:file:/home/runner/.m2/repository/org/apache/ozone/hdds-container-service/1.5.0-SNAPSHOT/hdds-container-service-1.5.0-SNAPSHOT.jar!/webapps/static,STOPPED}
2023-12-28 09:08:51,537 [ForkJoinPool.commonPool-worker-7] INFO  handler.ContextHandler (ContextHandler.java:doStop(1159)) - Stopped o.e.j.s.ServletContextHandler@c152bd2{logs,/logs,file:///home/runner/work/ozone/ozone/hadoop-ozone/integration-test/target/log,STOPPED}
2023-12-28 09:08:51,538 [ForkJoinPool.commonPool-worker-7] INFO  ozone.HddsDatanodeClientProtocolServer (HddsDatanodeClientProtocolServer.java:stop(78)) - Stopping the RPC server for Client Protocol
2023-12-28 09:08:51,538 [ForkJoinPool.commonPool-worker-7] INFO  ipc.Server (Server.java:stop(3523)) - Stopping server on 15126
2023-12-28 09:08:51,539 [IPC Server listener on 15126] INFO  ipc.Server (Server.java:run(1434)) - Stopping IPC Server listener on 15126
2023-12-28 09:08:51,539 [IPC Server Responder] INFO  ipc.Server (Server.java:run(1567)) - Stopping IPC Server Responder
2023-12-28 09:08:51,815 [ForkJoinPool.commonPool-worker-0] INFO  utils.DatanodeStoreCache (DatanodeStoreCache.java:shutdownCache(110)) - Skip clearing cache in mini cluster mode. Entries left: [/home/runner/work/ozone/ozone/hadoop-ozone/integration-test/target/test-dir/MiniOzoneClusterImpl-8986566a-fb65-479a-a2d4-a5d5d2c03f68/datanode-6/data-0/containers/hdds/8986566a-fb65-479a-a2d4-a5d5d2c03f68/DS-24e9930e-c4d9-422f-8439-63e74b840529/container.db, /home/runner/work/ozone/ozone/hadoop-ozone/integration-test/target/test-dir/MiniOzoneClusterImpl-8986566a-fb65-479a-a2d4-a5d5d2c03f68/datanode-7/data-0/containers/hdds/8986566a-fb65-479a-a2d4-a5d5d2c03f68/DS-f887c878-d38c-4bca-b5cc-52001ed8dc2c/container.db, /home/runner/work/ozone/ozone/hadoop-ozone/integration-test/target/test-dir/MiniOzoneClusterImpl-8986566a-fb65-479a-a2d4-a5d5d2c03f68/datanode-8/data-0/containers/hdds/8986566a-fb65-479a-a2d4-a5d5d2c03f68/DS-db92ad13-8006-4358-91d9-7de68402b5cb/container.db]
2023-12-28 09:08:51,816 [ForkJoinPool.commonPool-worker-0] INFO  utils.DatanodeStoreCache (DatanodeStoreCache.java:removeDB(104)) - Removed db /home/runner/work/ozone/ozone/hadoop-ozone/integration-test/target/test-dir/MiniOzoneClusterImpl-8986566a-fb65-479a-a2d4-a5d5d2c03f68/datanode-6/data-0/containers/hdds/8986566a-fb65-479a-a2d4-a5d5d2c03f68/DS-24e9930e-c4d9-422f-8439-63e74b840529/container.db from cache
2023-12-28 09:08:51,816 [ForkJoinPool.commonPool-worker-0] INFO  volume.HddsVolume (HddsVolume.java:closeDbStore(453)) - SchemaV3 db is stopped at /home/runner/work/ozone/ozone/hadoop-ozone/integration-test/target/test-dir/MiniOzoneClusterImpl-8986566a-fb65-479a-a2d4-a5d5d2c03f68/datanode-6/data-0/containers/hdds/8986566a-fb65-479a-a2d4-a5d5d2c03f68/DS-24e9930e-c4d9-422f-8439-63e74b840529/container.db for volume DS-24e9930e-c4d9-422f-8439-63e74b840529
2023-12-28 09:08:51,817 [ForkJoinPool.commonPool-worker-0] INFO  utils.BackgroundService (BackgroundService.java:shutdown(160)) - Shutting down service BlockDeletingService
2023-12-28 09:08:51,817 [ForkJoinPool.commonPool-worker-0] INFO  utils.BackgroundService (BackgroundService.java:shutdown(160)) - Shutting down service StaleRecoveringContainerScrubbingService
2023-12-28 09:08:51,817 [ForkJoinPool.commonPool-worker-0] INFO  statemachine.DatanodeStateMachine (DatanodeStateMachine.java:stopDaemon(638)) - Ozone container server stopped.
2023-12-28 09:08:51,818 [ForkJoinPool.commonPool-worker-0] INFO  handler.ContextHandler (ContextHandler.java:doStop(1159)) - Stopped o.e.j.w.WebAppContext@26872661{hddsDatanode,/,null,STOPPED}{jar:file:/home/runner/.m2/repository/org/apache/ozone/hdds-container-service/1.5.0-SNAPSHOT/hdds-container-service-1.5.0-SNAPSHOT.jar!/webapps/hddsDatanode}
2023-12-28 09:08:51,819 [ForkJoinPool.commonPool-worker-0] INFO  server.AbstractConnector (AbstractConnector.java:doStop(383)) - Stopped ServerConnector@4eccdaec{HTTP/1.1, (http/1.1)}{0.0.0.0:15152}
2023-12-28 09:08:51,819 [ForkJoinPool.commonPool-worker-0] INFO  server.session (HouseKeeper.java:stopScavenging(149)) - node0 Stopped scavenging
2023-12-28 09:08:51,819 [ForkJoinPool.commonPool-worker-0] INFO  handler.ContextHandler (ContextHandler.java:doStop(1159)) - Stopped o.e.j.s.ServletContextHandler@12ab5760{static,/static,jar:file:/home/runner/.m2/repository/org/apache/ozone/hdds-container-service/1.5.0-SNAPSHOT/hdds-container-service-1.5.0-SNAPSHOT.jar!/webapps/static,STOPPED}
2023-12-28 09:08:51,819 [ForkJoinPool.commonPool-worker-0] INFO  handler.ContextHandler (ContextHandler.java:doStop(1159)) - Stopped o.e.j.s.ServletContextHandler@61ecd9a1{logs,/logs,file:///home/runner/work/ozone/ozone/hadoop-ozone/integration-test/target/log,STOPPED}
2023-12-28 09:08:51,819 [ForkJoinPool.commonPool-worker-0] INFO  ozone.HddsDatanodeClientProtocolServer (HddsDatanodeClientProtocolServer.java:stop(78)) - Stopping the RPC server for Client Protocol
2023-12-28 09:08:51,820 [ForkJoinPool.commonPool-worker-0] INFO  ipc.Server (Server.java:stop(3523)) - Stopping server on 15153
2023-12-28 09:08:51,820 [IPC Server listener on 15153] INFO  ipc.Server (Server.java:run(1434)) - Stopping IPC Server listener on 15153
2023-12-28 09:08:51,820 [IPC Server Responder] INFO  ipc.Server (Server.java:run(1567)) - Stopping IPC Server Responder
2023-12-28 09:08:51,825 [ForkJoinPool.commonPool-worker-5] INFO  utils.DatanodeStoreCache (DatanodeStoreCache.java:shutdownCache(110)) - Skip clearing cache in mini cluster mode. Entries left: [/home/runner/work/ozone/ozone/hadoop-ozone/integration-test/target/test-dir/MiniOzoneClusterImpl-8986566a-fb65-479a-a2d4-a5d5d2c03f68/datanode-7/data-0/containers/hdds/8986566a-fb65-479a-a2d4-a5d5d2c03f68/DS-f887c878-d38c-4bca-b5cc-52001ed8dc2c/container.db, /home/runner/work/ozone/ozone/hadoop-ozone/integration-test/target/test-dir/MiniOzoneClusterImpl-8986566a-fb65-479a-a2d4-a5d5d2c03f68/datanode-8/data-0/containers/hdds/8986566a-fb65-479a-a2d4-a5d5d2c03f68/DS-db92ad13-8006-4358-91d9-7de68402b5cb/container.db]
2023-12-28 09:08:51,825 [ForkJoinPool.commonPool-worker-1] INFO  utils.DatanodeStoreCache (DatanodeStoreCache.java:shutdownCache(110)) - Skip clearing cache in mini cluster mode. Entries left: [/home/runner/work/ozone/ozone/hadoop-ozone/integration-test/target/test-dir/MiniOzoneClusterImpl-8986566a-fb65-479a-a2d4-a5d5d2c03f68/datanode-7/data-0/containers/hdds/8986566a-fb65-479a-a2d4-a5d5d2c03f68/DS-f887c878-d38c-4bca-b5cc-52001ed8dc2c/container.db, /home/runner/work/ozone/ozone/hadoop-ozone/integration-test/target/test-dir/MiniOzoneClusterImpl-8986566a-fb65-479a-a2d4-a5d5d2c03f68/datanode-8/data-0/containers/hdds/8986566a-fb65-479a-a2d4-a5d5d2c03f68/DS-db92ad13-8006-4358-91d9-7de68402b5cb/container.db]
2023-12-28 09:08:51,826 [ForkJoinPool.commonPool-worker-5] INFO  utils.DatanodeStoreCache (DatanodeStoreCache.java:removeDB(104)) - Removed db /home/runner/work/ozone/ozone/hadoop-ozone/integration-test/target/test-dir/MiniOzoneClusterImpl-8986566a-fb65-479a-a2d4-a5d5d2c03f68/datanode-7/data-0/containers/hdds/8986566a-fb65-479a-a2d4-a5d5d2c03f68/DS-f887c878-d38c-4bca-b5cc-52001ed8dc2c/container.db from cache
2023-12-28 09:08:51,826 [ForkJoinPool.commonPool-worker-5] INFO  volume.HddsVolume (HddsVolume.java:closeDbStore(453)) - SchemaV3 db is stopped at /home/runner/work/ozone/ozone/hadoop-ozone/integration-test/target/test-dir/MiniOzoneClusterImpl-8986566a-fb65-479a-a2d4-a5d5d2c03f68/datanode-7/data-0/containers/hdds/8986566a-fb65-479a-a2d4-a5d5d2c03f68/DS-f887c878-d38c-4bca-b5cc-52001ed8dc2c/container.db for volume DS-f887c878-d38c-4bca-b5cc-52001ed8dc2c
2023-12-28 09:08:51,826 [ForkJoinPool.commonPool-worker-1] INFO  utils.DatanodeStoreCache (DatanodeStoreCache.java:removeDB(104)) - Removed db /home/runner/work/ozone/ozone/hadoop-ozone/integration-test/target/test-dir/MiniOzoneClusterImpl-8986566a-fb65-479a-a2d4-a5d5d2c03f68/datanode-8/data-0/containers/hdds/8986566a-fb65-479a-a2d4-a5d5d2c03f68/DS-db92ad13-8006-4358-91d9-7de68402b5cb/container.db from cache
2023-12-28 09:08:51,826 [ForkJoinPool.commonPool-worker-1] INFO  volume.HddsVolume (HddsVolume.java:closeDbStore(453)) - SchemaV3 db is stopped at /home/runner/work/ozone/ozone/hadoop-ozone/integration-test/target/test-dir/MiniOzoneClusterImpl-8986566a-fb65-479a-a2d4-a5d5d2c03f68/datanode-8/data-0/containers/hdds/8986566a-fb65-479a-a2d4-a5d5d2c03f68/DS-db92ad13-8006-4358-91d9-7de68402b5cb/container.db for volume DS-db92ad13-8006-4358-91d9-7de68402b5cb
2023-12-28 09:08:51,826 [ForkJoinPool.commonPool-worker-5] INFO  utils.BackgroundService (BackgroundService.java:shutdown(160)) - Shutting down service BlockDeletingService
2023-12-28 09:08:51,826 [ForkJoinPool.commonPool-worker-1] INFO  utils.BackgroundService (BackgroundService.java:shutdown(160)) - Shutting down service BlockDeletingService
2023-12-28 09:08:51,827 [ForkJoinPool.commonPool-worker-5] INFO  utils.BackgroundService (BackgroundService.java:shutdown(160)) - Shutting down service StaleRecoveringContainerScrubbingService
2023-12-28 09:08:51,827 [ForkJoinPool.commonPool-worker-5] INFO  statemachine.DatanodeStateMachine (DatanodeStateMachine.java:stopDaemon(638)) - Ozone container server stopped.
2023-12-28 09:08:51,827 [ForkJoinPool.commonPool-worker-1] INFO  utils.BackgroundService (BackgroundService.java:shutdown(160)) - Shutting down service StaleRecoveringContainerScrubbingService
2023-12-28 09:08:51,828 [ForkJoinPool.commonPool-worker-1] INFO  statemachine.DatanodeStateMachine (DatanodeStateMachine.java:stopDaemon(638)) - Ozone container server stopped.
2023-12-28 09:08:51,829 [ForkJoinPool.commonPool-worker-1] INFO  handler.ContextHandler (ContextHandler.java:doStop(1159)) - Stopped o.e.j.w.WebAppContext@27dbea02{hddsDatanode,/,null,STOPPED}{jar:file:/home/runner/.m2/repository/org/apache/ozone/hdds-container-service/1.5.0-SNAPSHOT/hdds-container-service-1.5.0-SNAPSHOT.jar!/webapps/hddsDatanode}
2023-12-28 09:08:51,829 [ForkJoinPool.commonPool-worker-5] INFO  handler.ContextHandler (ContextHandler.java:doStop(1159)) - Stopped o.e.j.w.WebAppContext@64060b08{hddsDatanode,/,null,STOPPED}{jar:file:/home/runner/.m2/repository/org/apache/ozone/hdds-container-service/1.5.0-SNAPSHOT/hdds-container-service-1.5.0-SNAPSHOT.jar!/webapps/hddsDatanode}
2023-12-28 09:08:51,829 [ForkJoinPool.commonPool-worker-1] INFO  server.AbstractConnector (AbstractConnector.java:doStop(383)) - Stopped ServerConnector@77ac66f2{HTTP/1.1, (http/1.1)}{0.0.0.0:15170}
2023-12-28 09:08:51,830 [ForkJoinPool.commonPool-worker-1] INFO  server.session (HouseKeeper.java:stopScavenging(149)) - node0 Stopped scavenging
2023-12-28 09:08:51,830 [ForkJoinPool.commonPool-worker-1] INFO  handler.ContextHandler (ContextHandler.java:doStop(1159)) - Stopped o.e.j.s.ServletContextHandler@4203bb7{static,/static,jar:file:/home/runner/.m2/repository/org/apache/ozone/hdds-container-service/1.5.0-SNAPSHOT/hdds-container-service-1.5.0-SNAPSHOT.jar!/webapps/static,STOPPED}
2023-12-28 09:08:51,830 [ForkJoinPool.commonPool-worker-1] INFO  handler.ContextHandler (ContextHandler.java:doStop(1159)) - Stopped o.e.j.s.ServletContextHandler@5d715be1{logs,/logs,file:///home/runner/work/ozone/ozone/hadoop-ozone/integration-test/target/log,STOPPED}
2023-12-28 09:08:51,830 [ForkJoinPool.commonPool-worker-5] INFO  server.AbstractConnector (AbstractConnector.java:doStop(383)) - Stopped ServerConnector@5f604620{HTTP/1.1, (http/1.1)}{0.0.0.0:15161}
2023-12-28 09:08:51,830 [ForkJoinPool.commonPool-worker-1] INFO  ozone.HddsDatanodeClientProtocolServer (HddsDatanodeClientProtocolServer.java:stop(78)) - Stopping the RPC server for Client Protocol
2023-12-28 09:08:51,830 [ForkJoinPool.commonPool-worker-5] INFO  server.session (HouseKeeper.java:stopScavenging(149)) - node0 Stopped scavenging
2023-12-28 09:08:51,831 [ForkJoinPool.commonPool-worker-1] INFO  ipc.Server (Server.java:stop(3523)) - Stopping server on 15171
2023-12-28 09:08:51,831 [ForkJoinPool.commonPool-worker-5] INFO  handler.ContextHandler (ContextHandler.java:doStop(1159)) - Stopped o.e.j.s.ServletContextHandler@37a3aa1{static,/static,jar:file:/home/runner/.m2/repository/org/apache/ozone/hdds-container-service/1.5.0-SNAPSHOT/hdds-container-service-1.5.0-SNAPSHOT.jar!/webapps/static,STOPPED}
2023-12-28 09:08:51,831 [ForkJoinPool.commonPool-worker-5] INFO  handler.ContextHandler (ContextHandler.java:doStop(1159)) - Stopped o.e.j.s.ServletContextHandler@4fe0514e{logs,/logs,file:///home/runner/work/ozone/ozone/hadoop-ozone/integration-test/target/log,STOPPED}
2023-12-28 09:08:51,831 [IPC Server Responder] INFO  ipc.Server (Server.java:run(1567)) - Stopping IPC Server Responder
2023-12-28 09:08:51,831 [IPC Server listener on 15171] INFO  ipc.Server (Server.java:run(1434)) - Stopping IPC Server listener on 15171
2023-12-28 09:08:51,831 [ForkJoinPool.commonPool-worker-5] INFO  ozone.HddsDatanodeClientProtocolServer (HddsDatanodeClientProtocolServer.java:stop(78)) - Stopping the RPC server for Client Protocol
2023-12-28 09:08:51,833 [ForkJoinPool.commonPool-worker-5] INFO  ipc.Server (Server.java:stop(3523)) - Stopping server on 15162
2023-12-28 09:08:51,833 [IPC Server listener on 15162] INFO  ipc.Server (Server.java:run(1434)) - Stopping IPC Server listener on 15162
2023-12-28 09:08:51,833 [IPC Server Responder] INFO  ipc.Server (Server.java:run(1567)) - Stopping IPC Server Responder
2023-12-28 09:08:51,834 [main] INFO  ozone.MiniOzoneClusterImpl (MiniOzoneClusterImpl.java:stopSCM(552)) - Stopping the StorageContainerManager
2023-12-28 09:08:51,834 [main] INFO  server.StorageContainerManager (StorageContainerManager.java:stop(1627)) - Container Balancer is not running.
2023-12-28 09:08:51,834 [main] INFO  server.StorageContainerManager (StorageContainerManager.java:stopReplicationManager(1760)) - Stopping Replication Manager Service.
2023-12-28 09:08:51,834 [main] INFO  replication.ReplicationManager (ReplicationManager.java:stop(326)) - Stopping Replication Monitor Thread.
2023-12-28 09:08:51,835 [main] INFO  server.StorageContainerManager (StorageContainerManager.java:stop(1636)) - Stopping the Datanode Admin Monitor.
2023-12-28 09:08:51,835 [ReplicationMonitor] INFO  replication.ReplicationManager (ReplicationManager.java:run(933)) - Replication Monitor Thread is stopped
2023-12-28 09:08:51,835 [OverReplicatedProcessor] WARN  replication.UnhealthyReplicationProcessor (UnhealthyReplicationProcessor.java:run(180)) - OverReplicatedProcessor interrupted. Exiting...
2023-12-28 09:08:51,835 [UnderReplicatedProcessor] WARN  replication.UnhealthyReplicationProcessor (UnhealthyReplicationProcessor.java:run(180)) - UnderReplicatedProcessor interrupted. Exiting...
2023-12-28 09:08:51,835 [main] INFO  server.StorageContainerManager (StorageContainerManager.java:stop(1643)) - Stopping datanode service RPC server
2023-12-28 09:08:51,835 [main] INFO  server.SCMDatanodeProtocolServer (SCMDatanodeProtocolServer.java:stop(424)) - Stopping the RPC server for DataNodes
2023-12-28 09:08:51,835 [main] INFO  ipc.Server (Server.java:stop(3523)) - Stopping server on 15091
2023-12-28 09:08:51,836 [IPC Server Responder] INFO  ipc.Server (Server.java:run(1567)) - Stopping IPC Server Responder
2023-12-28 09:08:51,836 [IPC Server listener on 15091] INFO  ipc.Server (Server.java:run(1434)) - Stopping IPC Server listener on 15091
2023-12-28 09:08:51,837 [SCMHeartbeatProcessor-0] WARN  node.NodeStateManager (NodeStateManager.java:scheduleNextHealthCheck(878)) - Current Thread is interrupted, shutting down HB processing thread for Node Manager.
2023-12-28 09:08:51,837 [main] INFO  server.StorageContainerManager (StorageContainerManager.java:stop(1651)) - Stopping block service RPC server
2023-12-28 09:08:51,838 [main] INFO  server.SCMBlockProtocolServer (SCMBlockProtocolServer.java:stop(168)) - Stopping the RPC server for Block Protocol
2023-12-28 09:08:51,838 [main] INFO  ipc.Server (Server.java:stop(3523)) - Stopping server on 15090
2023-12-28 09:08:51,839 [IPC Server listener on 15090] INFO  ipc.Server (Server.java:run(1434)) - Stopping IPC Server listener on 15090
2023-12-28 09:08:51,839 [IPC Server Responder] INFO  ipc.Server (Server.java:run(1567)) - Stopping IPC Server Responder
2023-12-28 09:08:51,839 [main] INFO  server.StorageContainerManager (StorageContainerManager.java:stop(1658)) - Stopping the StorageContainerLocationProtocol RPC server
2023-12-28 09:08:51,839 [main] INFO  server.SCMClientProtocolServer (SCMClientProtocolServer.java:stop(210)) - Stopping the RPC server for Client Protocol
2023-12-28 09:08:51,839 [main] INFO  ipc.Server (Server.java:stop(3523)) - Stopping server on 15089
2023-12-28 09:08:51,840 [IPC Server listener on 15089] INFO  ipc.Server (Server.java:run(1434)) - Stopping IPC Server listener on 15089
2023-12-28 09:08:51,840 [IPC Server Responder] INFO  ipc.Server (Server.java:run(1567)) - Stopping IPC Server Responder
2023-12-28 09:08:51,840 [main] INFO  server.StorageContainerManager (StorageContainerManager.java:stop(1665)) - Stopping Storage Container Manager HTTP server.
2023-12-28 09:08:51,841 [main] INFO  handler.ContextHandler (ContextHandler.java:doStop(1159)) - Stopped o.e.j.w.WebAppContext@29a6a4aa{scm,/,null,STOPPED}{file:/home/runner/work/ozone/ozone/hadoop-ozone/integration-test/target/test-classes/webapps/scm}
2023-12-28 09:08:51,842 [main] INFO  server.AbstractConnector (AbstractConnector.java:doStop(383)) - Stopped ServerConnector@dfbc62{HTTP/1.1, (http/1.1)}{0.0.0.0:15092}
2023-12-28 09:08:51,842 [main] INFO  server.session (HouseKeeper.java:stopScavenging(149)) - node0 Stopped scavenging
2023-12-28 09:08:51,842 [main] INFO  handler.ContextHandler (ContextHandler.java:doStop(1159)) - Stopped o.e.j.s.ServletContextHandler@23b8a609{static,/static,file:///home/runner/work/ozone/ozone/hadoop-ozone/integration-test/target/test-classes/webapps/static,STOPPED}
2023-12-28 09:08:51,842 [main] INFO  handler.ContextHandler (ContextHandler.java:doStop(1159)) - Stopped o.e.j.s.ServletContextHandler@2c10a7ca{logs,/logs,file:///home/runner/work/ozone/ozone/hadoop-ozone/integration-test/target/log,STOPPED}
2023-12-28 09:08:51,843 [main] INFO  server.StorageContainerManager (StorageContainerManager.java:stop(1673)) - Stopping SCM LayoutVersionManager Service.
2023-12-28 09:08:51,843 [main] INFO  server.StorageContainerManager (StorageContainerManager.java:stop(1685)) - Stopping Block Manager Service.
2023-12-28 09:08:51,843 [main] INFO  utils.BackgroundService (BackgroundService.java:shutdown(160)) - Shutting down service SCMBlockDeletingService
2023-12-28 09:08:51,843 [main] INFO  utils.BackgroundService (BackgroundService.java:shutdown(160)) - Shutting down service SCMBlockDeletingService
2023-12-28 09:08:51,843 [main] INFO  server.StorageContainerManager (StorageContainerManager.java:stop(1705)) - Stopping SCM Event Queue.
2023-12-28 09:08:51,844 [JvmPauseMonitor11] INFO  util.JvmPauseMonitor (JvmPauseMonitor.java:run(152)) - JvmPauseMonitor-1772f412-7c8e-4419-a6f4-37a215393e5d: Stopped
2023-12-28 09:08:51,844 [main] INFO  server.StorageContainerManager (StorageContainerManager.java:stop(1716)) - Stopping SCM HA services.
2023-12-28 09:08:51,844 [main] INFO  pipeline.BackgroundPipelineCreator (BackgroundPipelineCreator.java:stop(152)) - Stopping RatisPipelineUtilsThread.
2023-12-28 09:08:51,844 [RatisPipelineUtilsThread-0] WARN  pipeline.BackgroundPipelineCreator (BackgroundPipelineCreator.java:run(183)) - RatisPipelineUtilsThread is interrupted.
2023-12-28 09:08:51,845 [main] INFO  BackgroundPipelineScrubber (BackgroundSCMService.java:stop(131)) - Stopping BackgroundPipelineScrubber Service.
2023-12-28 09:08:51,845 [BackgroundPipelineScrubber] WARN  BackgroundPipelineScrubber (BackgroundSCMService.java:run(115)) - BackgroundPipelineScrubber is interrupted, exit
2023-12-28 09:08:51,845 [main] INFO  impl.MetricsSystemImpl (MetricsSystemImpl.java:stop(210)) - Stopping HddsDatanode metrics system...
2023-12-28 09:08:51,846 [prometheus] INFO  impl.MetricsSinkAdapter (MetricsSinkAdapter.java:publishMetricsFromQueue(141)) - prometheus thread interrupted.
2023-12-28 09:08:51,846 [main] INFO  impl.MetricsSystemImpl (MetricsSystemImpl.java:stop(216)) - HddsDatanode metrics system stopped.
2023-12-28 09:08:51,846 [main] WARN  pipeline.BackgroundPipelineCreator (BackgroundPipelineCreator.java:stop(148)) - RatisPipelineUtilsThread is not running, just ignore.
2023-12-28 09:08:51,846 [main] INFO  BackgroundPipelineScrubber (BackgroundSCMService.java:stop(126)) - BackgroundPipelineScrubber Service is not running, skip stop.
2023-12-28 09:08:51,846 [ExpiredContainerReplicaOpScrubber] WARN  ExpiredContainerReplicaOpScrubber (BackgroundSCMService.java:run(115)) - ExpiredContainerReplicaOpScrubber is interrupted, exit
2023-12-28 09:08:51,847 [main] INFO  ExpiredContainerReplicaOpScrubber (BackgroundSCMService.java:stop(131)) - Stopping ExpiredContainerReplicaOpScrubber Service.
2023-12-28 09:08:51,847 [main] INFO  utils.BackgroundService (BackgroundService.java:shutdown(160)) - Shutting down service SCMBlockDeletingService
2023-12-28 09:08:51,847 [main] INFO  replication.ReplicationManager (ReplicationManager.java:stop(336)) - Replication Monitor Thread is not running.
2023-12-28 09:08:51,847 [main] WARN  balancer.ContainerBalancer (ContainerBalancer.java:stop(327)) - Cannot stop Container Balancer because it's not running or stopping
2023-12-28 09:08:51,847 [main] INFO  server.StorageContainerManager (StorageContainerManager.java:stop(1751)) - Stopping SCM MetadataStore.
2023-12-28 09:08:51,884 [main] INFO  db.CodecTestUtil (CodecTestUtil.java:gc(47)) - gc 0
]]></system-out>
    </flakyFailure>
    <flakyFailure message="expected: &lt;false&gt; but was: &lt;true&gt;" type="org.opentest4j.AssertionFailedError">
      <stackTrace><![CDATA[org.opentest4j.AssertionFailedError: expected: <false> but was: <true>
	at org.junit.jupiter.api.AssertionFailureBuilder.build(AssertionFailureBuilder.java:151)
	at org.junit.jupiter.api.AssertionFailureBuilder.buildAndThrow(AssertionFailureBuilder.java:132)
	at org.junit.jupiter.api.AssertFalse.failNotFalse(AssertFalse.java:63)
	at org.junit.jupiter.api.AssertFalse.assertFalse(AssertFalse.java:36)
	at org.junit.jupiter.api.AssertFalse.assertFalse(AssertFalse.java:31)
	at org.junit.jupiter.api.Assertions.assertFalse(Assertions.java:231)
	at org.apache.hadoop.ozone.client.rpc.TestWatchForCommit.testWatchForCommitForRetryfailure(TestWatchForCommit.java:293)
	at java.lang.reflect.Method.invoke(Method.java:498)
	at java.util.ArrayList.forEach(ArrayList.java:1259)
	at java.util.ArrayList.forEach(ArrayList.java:1259)
]]></stackTrace>
      <system-out><![CDATA[2023-12-28 09:09:46,557 [main] WARN  server.ServerUtils (ServerUtils.java:getScmDbDir(155)) - ozone.scm.db.dirs is not configured. We recommend adding this setting. Falling back to ozone.metadata.dirs instead.
2023-12-28 09:09:46,560 [main] WARN  server.ServerUtils (ServerUtils.java:getScmDbDir(155)) - ozone.scm.db.dirs is not configured. We recommend adding this setting. Falling back to ozone.metadata.dirs instead.
2023-12-28 09:09:46,560 [main] INFO  ha.SCMHANodeDetails (SCMHANodeDetails.java:loadSCMHAConfig(210)) - ServiceID for StorageContainerManager is null
2023-12-28 09:09:46,560 [main] INFO  ha.SCMHANodeDetails (SCMHANodeDetails.java:loadSCMHAConfig(215)) - ozone.scm.default.service.id is not defined, falling back to ozone.scm.service.ids to find serviceID for StorageContainerManager if it is HA enabled cluster
2023-12-28 09:09:46,561 [main] WARN  utils.HAUtils (HAUtils.java:getMetaDir(339)) - ozone.scm.db.dirs is not configured. We recommend adding this setting. Falling back to ozone.metadata.dirs instead.
2023-12-28 09:09:46,561 [main] WARN  db.DBStoreBuilder (DBStoreBuilder.java:applyDBDefinition(167)) - ozone.scm.db.dirs is not configured. We recommend adding this setting. Falling back to ozone.metadata.dirs instead.
2023-12-28 09:09:46,651 [main] INFO  net.NodeSchemaLoader (NodeSchemaLoader.java:loadSchemaFromFile(129)) - Loading schema from [jar:file:/home/runner/.m2/repository/org/apache/ozone/hdds-common/1.5.0-SNAPSHOT/hdds-common-1.5.0-SNAPSHOT.jar!/network-topology-default.xml]
2023-12-28 09:09:46,651 [main] INFO  net.NodeSchemaLoader (NodeSchemaLoader.java:loadSchema(176)) - Loading network topology layer schema file
2023-12-28 09:09:46,654 [main] INFO  upgrade.AbstractLayoutVersionManager (AbstractLayoutVersionManager.java:init(83)) - Initializing Layout version manager with metadata layout = HADOOP_PRC_PORTS_IN_DATANODEDETAILS (version = 7), software layout = HADOOP_PRC_PORTS_IN_DATANODEDETAILS (version = 7)
2023-12-28 09:09:46,655 [main] INFO  ha.SequenceIdGenerator (SequenceIdGenerator.java:upgradeToSequenceId(370)) - upgrade localId to 111677748019200000
2023-12-28 09:09:46,657 [main] INFO  ha.SequenceIdGenerator (SequenceIdGenerator.java:upgradeToSequenceId(380)) - upgrade delTxnId to 0
2023-12-28 09:09:46,658 [main] INFO  ha.SequenceIdGenerator (SequenceIdGenerator.java:upgradeToSequenceId(397)) - upgrade containerId to 0
2023-12-28 09:09:46,660 [main] INFO  ha.SequenceIdGenerator (SequenceIdGenerator.java:upgradeToCertificateSequenceId(444)) - upgrade CertificateId to 2
2023-12-28 09:09:46,660 [main] INFO  ha.SequenceIdGenerator (SequenceIdGenerator.java:<init>(241)) - Init the HA SequenceIdGenerator.
2023-12-28 09:09:46,661 [main] INFO  node.SCMNodeManager (SCMNodeManager.java:<init>(173)) - Entering startup safe mode.
2023-12-28 09:09:46,661 [main] INFO  algorithms.ContainerPlacementPolicyFactory (ContainerPlacementPolicyFactory.java:getPolicyInternal(86)) - Create container placement policy of type org.apache.hadoop.hdds.scm.container.placement.algorithms.SCMContainerPlacementRackAware
2023-12-28 09:09:46,662 [main] INFO  algorithms.ContainerPlacementPolicyFactory (ContainerPlacementPolicyFactory.java:getPolicyInternal(86)) - Create container placement policy of type org.apache.hadoop.hdds.scm.container.placement.algorithms.SCMContainerPlacementRackScatter
2023-12-28 09:09:46,662 [main] INFO  pipeline.PipelineStateManagerImpl (PipelineStateManagerImpl.java:initialize(78)) - No pipeline exists in current db
2023-12-28 09:09:46,662 [main] INFO  algorithms.LeaderChoosePolicyFactory (LeaderChoosePolicyFactory.java:getPolicy(57)) - Create leader choose policy of type org.apache.hadoop.hdds.scm.pipeline.leader.choose.algorithms.MinLeaderCountChoosePolicy
2023-12-28 09:09:46,662 [main] INFO  algorithms.ContainerPlacementPolicyFactory (ContainerPlacementPolicyFactory.java:getPolicyInternal(86)) - Create container placement policy of type org.apache.hadoop.hdds.scm.container.placement.algorithms.SCMContainerPlacementRackScatter
2023-12-28 09:09:46,663 [main] INFO  ha.SCMServiceManager (SCMServiceManager.java:register(42)) - Registering service BackgroundPipelineCreator.
2023-12-28 09:09:46,663 [main] INFO  pipeline.BackgroundPipelineCreator (BackgroundPipelineCreator.java:start(127)) - Starting RatisPipelineUtilsThread.
2023-12-28 09:09:46,663 [main] INFO  BackgroundPipelineScrubber (BackgroundSCMService.java:start(68)) - Starting BackgroundPipelineScrubber Service.
2023-12-28 09:09:46,663 [main] INFO  ha.SCMServiceManager (SCMServiceManager.java:register(42)) - Registering service BackgroundPipelineScrubber.
2023-12-28 09:09:46,664 [main] INFO  ExpiredContainerReplicaOpScrubber (BackgroundSCMService.java:start(68)) - Starting ExpiredContainerReplicaOpScrubber Service.
2023-12-28 09:09:46,664 [main] INFO  ha.SCMServiceManager (SCMServiceManager.java:register(42)) - Registering service ExpiredContainerReplicaOpScrubber.
2023-12-28 09:09:46,664 [main] INFO  algorithms.PipelineChoosePolicyFactory (PipelineChoosePolicyFactory.java:createPipelineChoosePolicyFromClass(78)) - Create pipeline choose policy of type org.apache.hadoop.hdds.scm.pipeline.choose.algorithms.RandomPipelineChoosePolicy
2023-12-28 09:09:46,665 [main] INFO  algorithms.PipelineChoosePolicyFactory (PipelineChoosePolicyFactory.java:createPipelineChoosePolicyFromClass(78)) - Create pipeline choose policy of type org.apache.hadoop.hdds.scm.pipeline.choose.algorithms.RandomPipelineChoosePolicy
2023-12-28 09:09:46,665 [main] INFO  ha.SCMServiceManager (SCMServiceManager.java:register(42)) - Registering service SCMBlockDeletingService.
2023-12-28 09:09:46,665 [main] INFO  replication.ReplicationManager (ReplicationManager.java:start(294)) - Starting Replication Monitor Thread.
2023-12-28 09:09:46,666 [ReplicationMonitor] INFO  replication.ReplicationManager (ReplicationManager.java:processAll(369)) - Replication Manager is not ready to run until 3000ms after safemode exit
2023-12-28 09:09:46,666 [main] INFO  ha.SCMServiceManager (SCMServiceManager.java:register(42)) - Registering service ReplicationManager.
2023-12-28 09:09:46,667 [main] INFO  safemode.ContainerSafeModeRule (ContainerSafeModeRule.java:<init>(91)) - containers with one replica threshold count 0
2023-12-28 09:09:46,667 [main] INFO  safemode.HealthyPipelineSafeModeRule (HealthyPipelineSafeModeRule.java:initializeRule(176)) - Total pipeline count is 0, healthy pipeline threshold count is 1
2023-12-28 09:09:46,667 [main] INFO  safemode.OneReplicaPipelineSafeModeRule (OneReplicaPipelineSafeModeRule.java:initializeRule(193)) - Total pipeline count is 0, pipeline's with at least one datanode reported threshold count is 0
2023-12-28 09:09:46,667 [main] INFO  server.StorageContainerManager (StorageContainerManager.java:<init>(438)) - SCM start with adminUsers: [runner]
2023-12-28 09:09:46,667 [main] INFO  ipc.CallQueueManager (CallQueueManager.java:<init>(90)) - Using callQueue: class java.util.concurrent.LinkedBlockingQueue, queueCapacity: 2000, scheduler: class org.apache.hadoop.ipc.DefaultRpcScheduler, ipcBackoff: false.
2023-12-28 09:09:46,668 [main] INFO  ipc.Server (Server.java:<init>(1287)) - Listener at 0.0.0.0:15358
2023-12-28 09:09:46,668 [Socket Reader #1 for port 15358] INFO  ipc.Server (Server.java:run(1323)) - Starting Socket Reader #1 for port 15358
2023-12-28 09:09:46,669 [main] INFO  ipc.CallQueueManager (CallQueueManager.java:<init>(90)) - Using callQueue: class java.util.concurrent.LinkedBlockingQueue, queueCapacity: 2000, scheduler: class org.apache.hadoop.ipc.DefaultRpcScheduler, ipcBackoff: false.
2023-12-28 09:09:46,669 [main] INFO  ipc.Server (Server.java:<init>(1287)) - Listener at 0.0.0.0:15357
2023-12-28 09:09:46,669 [Socket Reader #1 for port 15357] INFO  ipc.Server (Server.java:run(1323)) - Starting Socket Reader #1 for port 15357
2023-12-28 09:09:46,670 [main] INFO  ipc.CallQueueManager (CallQueueManager.java:<init>(90)) - Using callQueue: class java.util.concurrent.LinkedBlockingQueue, queueCapacity: 2000, scheduler: class org.apache.hadoop.ipc.DefaultRpcScheduler, ipcBackoff: false.
2023-12-28 09:09:46,670 [main] INFO  ipc.Server (Server.java:<init>(1287)) - Listener at 0.0.0.0:15356
2023-12-28 09:09:46,670 [Socket Reader #1 for port 15356] INFO  ipc.Server (Server.java:run(1323)) - Starting Socket Reader #1 for port 15356
2023-12-28 09:09:46,672 [main] INFO  ha.SCMServiceManager (SCMServiceManager.java:register(42)) - Registering service ContainerBalancer.
2023-12-28 09:09:46,673 [main] INFO  server.StorageContainerManager (StorageContainerManager.java:<init>(451)) - 
Container Balancer status:
Key                            Value
Running                        false
Container Balancer Configuration values:
Key                                                Value
Threshold                                          10
Max Datanodes to Involve per Iteration(percent)    20
Max Size to Move per Iteration                     500GB
Max Size Entering Target per Iteration             26GB
Max Size Leaving Source per Iteration              26GB
Number of Iterations                               10
Time Limit for Single Container's Movement         65min
Time Limit for Single Container's Replication      50min
Interval between each Iteration                    70min
Whether to Enable Network Topology                 false
Whether to Trigger Refresh Datanode Usage Info     false
Container IDs to Exclude from Balancing            None
Datanodes Specified to be Balanced                 None
Datanodes Excluded from Balancing                  None

2023-12-28 09:09:46,673 [main] INFO  ha.SCMContext (SCMContext.java:updateSafeModeStatus(230)) - Update SafeModeStatus from SafeModeStatus{safeModeStatus=true, preCheckPassed=false} to SafeModeStatus{safeModeStatus=true, preCheckPassed=false}.
2023-12-28 09:09:46,673 [main] INFO  server.StorageContainerManager (StorageContainerManager.java:start(1519)) - StorageContainerLocationProtocol RPC server is listening at /0.0.0.0:15356
2023-12-28 09:09:46,674 [main] WARN  impl.MetricsConfig (MetricsConfig.java:loadFirst(136)) - Cannot locate configuration: tried hadoop-metrics2-storagecontainermanager.properties,hadoop-metrics2.properties
2023-12-28 09:09:46,675 [main] INFO  impl.MetricsSystemImpl (MetricsSystemImpl.java:startTimer(378)) - Scheduled Metric snapshot period at 10 second(s).
2023-12-28 09:09:46,675 [main] INFO  impl.MetricsSystemImpl (MetricsSystemImpl.java:start(191)) - StorageContainerManager metrics system started
2023-12-28 09:09:46,693 [main] INFO  impl.MetricsSinkAdapter (MetricsSinkAdapter.java:start(204)) - Sink prometheus started
2023-12-28 09:09:46,694 [main] INFO  impl.MetricsSystemImpl (MetricsSystemImpl.java:registerSink(305)) - Registered sink prometheus
2023-12-28 09:09:46,703 [main] INFO  server.SCMClientProtocolServer (SCMClientProtocolServer.java:start(201)) - RPC server for Client  is listening at /0.0.0.0:15356
2023-12-28 09:09:46,704 [IPC Server Responder] INFO  ipc.Server (Server.java:run(1562)) - IPC Server Responder: starting
2023-12-28 09:09:46,704 [IPC Server listener on 15356] INFO  ipc.Server (Server.java:run(1402)) - IPC Server listener on 15356: starting
2023-12-28 09:09:46,708 [main] INFO  server.StorageContainerManager (StorageContainerManager.java:start(1532)) - ScmBlockLocationProtocol RPC server is listening at /0.0.0.0:15357
2023-12-28 09:09:46,708 [main] INFO  server.SCMBlockProtocolServer (SCMBlockProtocolServer.java:start(159)) - RPC server for Block Protocol is listening at /0.0.0.0:15357
2023-12-28 09:09:46,714 [IPC Server Responder] INFO  ipc.Server (Server.java:run(1562)) - IPC Server Responder: starting
2023-12-28 09:09:46,714 [IPC Server listener on 15357] INFO  ipc.Server (Server.java:run(1402)) - IPC Server listener on 15357: starting
2023-12-28 09:09:46,716 [main] INFO  server.SCMDatanodeProtocolServer (SCMDatanodeProtocolServer.java:start(193)) - ScmDatanodeProtocol RPC server for DataNodes is listening at /0.0.0.0:15358
2023-12-28 09:09:46,716 [IPC Server Responder] INFO  ipc.Server (Server.java:run(1562)) - IPC Server Responder: starting
2023-12-28 09:09:46,716 [IPC Server listener on 15358] INFO  ipc.Server (Server.java:run(1402)) - IPC Server listener on 15358: starting
2023-12-28 09:09:46,720 [JvmPauseMonitor44] INFO  util.JvmPauseMonitor (JvmPauseMonitor.java:run(146)) - JvmPauseMonitor-f7ef0a15-4896-4b3f-99b2-8087cb07b61e: Started
2023-12-28 09:09:46,720 [main] INFO  http.BaseHttpServer (BaseHttpServer.java:newHttpServer2BuilderForOzone(223)) - Starting Web-server for scm at: http://0.0.0.0:15359
2023-12-28 09:09:46,720 [main] INFO  http.BaseHttpServer (BaseHttpServer.java:<init>(110)) - Hadoop Security Enabled: false Ozone Security Enabled: false Ozone HTTP Security Enabled: false 
2023-12-28 09:09:46,721 [main] WARN  server.AuthenticationFilter (AuthenticationFilter.java:constructSecretProvider(240)) - Unable to initialize FileSignerSecretProvider, falling back to use random secrets. Reason: Could not read signature secret file: /home/runner/hadoop-http-auth-signature-secret
2023-12-28 09:09:46,722 [main] INFO  http.HttpRequestLog (HttpRequestLog.java:getRequestLog(86)) - Http request log for http.requests.scm is not defined
2023-12-28 09:09:46,723 [main] INFO  http.HttpServer2 (HttpServer2.java:addGlobalFilter(1036)) - Added global filter 'safety' (class=org.apache.hadoop.hdds.server.http.HttpServer2$QuotingInputFilter)
2023-12-28 09:09:46,723 [main] INFO  http.HttpServer2 (HttpServer2.java:addFilter(1012)) - Added filter static_user_filter (class=org.apache.hadoop.http.lib.StaticUserWebFilter$StaticUserFilter) to context scm
2023-12-28 09:09:46,723 [main] INFO  http.HttpServer2 (HttpServer2.java:addFilter(1020)) - Added filter static_user_filter (class=org.apache.hadoop.http.lib.StaticUserWebFilter$StaticUserFilter) to context logs
2023-12-28 09:09:46,723 [main] INFO  http.HttpServer2 (HttpServer2.java:addFilter(1020)) - Added filter static_user_filter (class=org.apache.hadoop.http.lib.StaticUserWebFilter$StaticUserFilter) to context static
2023-12-28 09:09:46,724 [main] INFO  http.BaseHttpServer (BaseHttpServer.java:<init>(189)) - HTTP server of scm uses base directory /home/runner/work/ozone/ozone/hadoop-ozone/integration-test/target/test-dir/MiniOzoneClusterImpl-7619c237-1de6-4815-bbe2-f0b52dfbd5bc/ozone-meta/webserver
2023-12-28 09:09:46,724 [main] INFO  http.HttpServer2 (HttpServer2.java:bindListener(1236)) - Jetty bound to port 15359
2023-12-28 09:09:46,724 [main] INFO  server.Server (Server.java:doStart(375)) - jetty-9.4.53.v20231009; built: 2023-10-09T12:29:09.265Z; git: 27bde00a0b95a1d5bbee0eae7984f891d2d0f8c9; jvm 1.8.0_392-b08
2023-12-28 09:09:46,735 [main] INFO  server.session (DefaultSessionIdManager.java:doStart(334)) - DefaultSessionIdManager workerName=node0
2023-12-28 09:09:46,735 [main] INFO  server.session (DefaultSessionIdManager.java:doStart(339)) - No SessionScavenger set, using defaults
2023-12-28 09:09:46,735 [main] INFO  server.session (HouseKeeper.java:startScavenging(132)) - node0 Scavenging every 600000ms
2023-12-28 09:09:46,737 [main] INFO  handler.ContextHandler (ContextHandler.java:doStart(921)) - Started o.e.j.s.ServletContextHandler@3facdde8{logs,/logs,file:///home/runner/work/ozone/ozone/hadoop-ozone/integration-test/target/log,AVAILABLE}
2023-12-28 09:09:46,737 [main] INFO  handler.ContextHandler (ContextHandler.java:doStart(921)) - Started o.e.j.s.ServletContextHandler@3061ada4{static,/static,file:///home/runner/work/ozone/ozone/hadoop-ozone/integration-test/target/test-classes/webapps/static,AVAILABLE}
2023-12-28 09:09:46,739 [main] INFO  handler.ContextHandler (ContextHandler.java:doStart(921)) - Started o.e.j.w.WebAppContext@2cdf0670{scm,/,file:///home/runner/work/ozone/ozone/hadoop-ozone/integration-test/target/test-classes/webapps/scm/,AVAILABLE}{file:/home/runner/work/ozone/ozone/hadoop-ozone/integration-test/target/test-classes/webapps/scm}
2023-12-28 09:09:46,742 [main] INFO  server.AbstractConnector (AbstractConnector.java:doStart(333)) - Started ServerConnector@67b0c5a9{HTTP/1.1, (http/1.1)}{0.0.0.0:15359}
2023-12-28 09:09:46,742 [main] INFO  server.Server (Server.java:doStart(415)) - Started @131760ms
2023-12-28 09:09:46,742 [main] WARN  impl.MetricsSystemImpl (MetricsSystemImpl.java:register(279)) - Sink prometheus already exists!
2023-12-28 09:09:46,742 [main] INFO  http.BaseHttpServer (BaseHttpServer.java:updateConnectorAddress(354)) - HTTP server of scm listening at http://0.0.0.0:15359
2023-12-28 09:09:46,743 [main] WARN  server.ServerUtils (ServerUtils.java:getDBPath(311)) - ozone.om.db.dirs is not configured. We recommend adding this setting. Falling back to ozone.metadata.dirs instead.
2023-12-28 09:09:46,746 [main] INFO  ha.OMHANodeDetails (OMHANodeDetails.java:loadOMHAConfig(115)) - ozone.om.internal.service.id is not defined, falling back to ozone.om.service.ids to find serviceID for OzoneManager if it is HA enabled cluster
2023-12-28 09:09:46,746 [main] INFO  ha.OMHANodeDetails (OMHANodeDetails.java:loadOMHAConfig(226)) - Configuration does not have ozone.om.address set. Falling back to the default OM address /127.0.0.1:15360
2023-12-28 09:09:46,746 [main] INFO  ha.OMHANodeDetails (OMHANodeDetails.java:getOMNodeDetailsForNonHA(254)) - OM Service ID is not set. Setting it to the default ID: omServiceIdDefault
2023-12-28 09:09:46,746 [main] INFO  ha.OMHANodeDetails (OMHANodeDetails.java:getOMNodeDetailsForNonHA(261)) - OM Node ID is not set. Setting it to the default ID: om1
2023-12-28 09:09:46,747 [main] WARN  server.ServerUtils (ServerUtils.java:getDBPath(311)) - ozone.om.db.dirs is not configured. We recommend adding this setting. Falling back to ozone.metadata.dirs instead.
2023-12-28 09:09:46,748 [main] INFO  upgrade.AbstractLayoutVersionManager (AbstractLayoutVersionManager.java:init(83)) - Initializing Layout version manager with metadata layout = QUOTA (version = 6), software layout = QUOTA (version = 6)
2023-12-28 09:09:46,783 [main] INFO  reflections.Reflections (Reflections.java:scan(232)) - Reflections took 34 ms to scan 2 urls, producing 189 keys and 528 values [using 4 cores]
2023-12-28 09:09:46,783 [main] INFO  upgrade.OMLayoutVersionManager (OMLayoutVersionManager.java:lambda$0(115)) - Skipping Upgrade Action QuotaRepairUpgradeAction since it has been finalized.
2023-12-28 09:09:46,783 [main] INFO  upgrade.OMLayoutVersionManager (OMLayoutVersionManager.java:lambda$0(115)) - Skipping Upgrade Action MockOmUpgradeAction since it has been finalized.
2023-12-28 09:09:46,784 [main] WARN  server.ServerUtils (ServerUtils.java:getDBPath(311)) - ozone.om.db.dirs is not configured. We recommend adding this setting. Falling back to ozone.metadata.dirs instead.
2023-12-28 09:09:46,784 [main] INFO  proxy.SCMBlockLocationFailoverProxyProvider (SCMBlockLocationFailoverProxyProvider.java:<init>(115)) - Created block location fail-over proxy with 1 nodes: [nodeId=scmNodeId,nodeAddress=/0.0.0.0:15357]
2023-12-28 09:09:46,785 [main] INFO  proxy.SCMBlockLocationFailoverProxyProvider (SCMBlockLocationFailoverProxyProvider.java:<init>(115)) - Created block location fail-over proxy with 1 nodes: [nodeId=scmNodeId,nodeAddress=/0.0.0.0:15357]
2023-12-28 09:09:46,789 [main] INFO  om.OzoneManager (OzoneManager.java:<init>(675)) - OM start with adminUsers: [runner]
2023-12-28 09:09:46,790 [main] WARN  server.ServerUtils (ServerUtils.java:getDBPath(311)) - ozone.om.db.dirs is not configured. We recommend adding this setting. Falling back to ozone.metadata.dirs instead.
2023-12-28 09:09:46,790 [main] INFO  helpers.OmKeyInfo (OmKeyInfo.java:getCodec(71)) - OmKeyInfo.getCodec ignorePipeline = true
2023-12-28 09:09:46,950 [main] INFO  om.OzoneManager (OzoneManager.java:instantiateServices(807)) - S3 Multi-Tenancy is disabled
2023-12-28 09:09:46,950 [main] INFO  om.OmSnapshotManager (OmSnapshotManager.java:<init>(176)) - Ozone filesystem snapshot feature is enabled.
2023-12-28 09:09:46,951 [main] WARN  server.ServerUtils (ServerUtils.java:getDBPath(311)) - ozone.om.snapshot.diff.db.dir is not configured. We recommend adding this setting. Falling back to ozone.metadata.dirs instead.
2023-12-28 09:09:46,972 [main] INFO  utils.NativeLibraryLoader (NativeLibraryLoader.java:loadLibrary(108)) - Loading Library: ozone_rocksdb_tools
2023-12-28 09:09:46,973 [main] INFO  snapshot.SnapshotDiffManager (SnapshotDiffManager.java:closeExecutorService(1688)) - Shutting down executorService: 'SstDumpToolExecutor'
2023-12-28 09:09:46,975 [main] INFO  om.OzoneManager (OzoneManager.java:addS3GVolumeToDB(4451)) - Created Volume s3v With Owner runner required for S3Gateway operations.
2023-12-28 09:09:46,975 [main] WARN  server.ServerUtils (ServerUtils.java:getDefaultRatisDirectory(323)) - Storage directory for Ratis is not configured. It is a good idea to map this to an SSD disk. Falling back to ozone.metadata.dirs
2023-12-28 09:09:46,975 [main] WARN  utils.OzoneManagerRatisUtils (OzoneManagerRatisUtils.java:getOMRatisSnapshotDirectory(473)) - ozone.om.ratis.snapshot.dir is not configured. Falling back to ozone.metadata.dirs config
2023-12-28 09:09:46,976 [main] WARN  server.ServerUtils (ServerUtils.java:getDefaultRatisDirectory(323)) - Storage directory for Ratis is not configured. It is a good idea to map this to an SSD disk. Falling back to ozone.metadata.dirs
2023-12-28 09:09:46,976 [main] INFO  ratis.OzoneManagerRatisServer (OzoneManagerRatisServer.java:<init>(168)) - Instantiating OM Ratis server with groupID: omServiceIdDefault and peers: localhost:15363
2023-12-28 09:09:46,977 [main] INFO  ratis.OzoneManagerStateMachine (OzoneManagerStateMachine.java:loadSnapshotInfoFromDB(712)) - TransactionInfo not found in OM DB.
2023-12-28 09:09:46,977 [main] INFO  server.RaftServer (ConfUtils.java:logGet(46)) - raft.rpc.type = GRPC (default)
2023-12-28 09:09:46,977 [main] INFO  grpc.GrpcConfigKeys (ConfUtils.java:logFallback(53)) - raft.grpc.admin.host = null (fallback to raft.grpc.server.host)
2023-12-28 09:09:46,978 [main] INFO  grpc.GrpcConfigKeys (ConfUtils.java:logFallback(53)) - raft.grpc.admin.port = 15363 (fallback to raft.grpc.server.port)
2023-12-28 09:09:46,978 [main] INFO  grpc.GrpcConfigKeys (ConfUtils.java:logFallback(53)) - raft.grpc.client.host = null (fallback to raft.grpc.server.host)
2023-12-28 09:09:46,978 [main] INFO  grpc.GrpcConfigKeys (ConfUtils.java:logFallback(53)) - raft.grpc.client.port = 15363 (fallback to raft.grpc.server.port)
2023-12-28 09:09:46,978 [main] INFO  grpc.GrpcConfigKeys (ConfUtils.java:logGet(46)) - raft.grpc.server.host = null (default)
2023-12-28 09:09:46,978 [main] INFO  grpc.GrpcConfigKeys (ConfUtils.java:logGet(46)) - raft.grpc.server.port = 15363 (custom)
2023-12-28 09:09:46,978 [main] INFO  server.GrpcService (ConfUtils.java:logGet(46)) - raft.grpc.message.size.max = 4194304 (custom)
2023-12-28 09:09:46,978 [main] INFO  server.RaftServerConfigKeys (ConfUtils.java:logGet(46)) - raft.server.log.appender.buffer.byte-limit = 4194304 (custom)
2023-12-28 09:09:46,979 [main] INFO  server.GrpcService (ConfUtils.java:logGet(46)) - raft.grpc.flow.control.window = 1MB (=1048576) (default)
2023-12-28 09:09:46,979 [main] INFO  server.RaftServerConfigKeys (ConfUtils.java:logGet(46)) - raft.server.rpc.request.timeout = 3000ms (default)
2023-12-28 09:09:46,979 [main] INFO  grpc.GrpcConfigKeys (ConfUtils.java:logGet(46)) - raft.grpc.server.heartbeat.channel = true (default)
2023-12-28 09:09:46,979 [main] INFO  grpc.GrpcConfigKeys (ConfUtils.java:logGet(46)) - raft.grpc.server.async.request.thread.pool.cached = true (default)
2023-12-28 09:09:46,979 [main] INFO  grpc.GrpcConfigKeys (ConfUtils.java:logGet(46)) - raft.grpc.server.async.request.thread.pool.size = 32 (default)
2023-12-28 09:09:46,980 [main] INFO  impl.DataStreamServerImpl (ConfUtils.java:logGet(46)) - raft.datastream.type = DISABLED (default)
2023-12-28 09:09:46,980 [main] INFO  server.RaftServerConfigKeys (ConfUtils.java:logGet(46)) - raft.server.sleep.deviation.threshold = 300ms (default)
2023-12-28 09:09:46,980 [main] INFO  server.RaftServerConfigKeys (ConfUtils.java:logGet(46)) - raft.server.close.threshold = 60s (default)
2023-12-28 09:09:46,980 [main] INFO  server.RaftServerConfigKeys (ConfUtils.java:logGet(46)) - raft.server.leaderelection.leader.step-down.wait-time = 10s (default)
2023-12-28 09:09:46,981 [main] INFO  server.RaftServerConfigKeys (ConfUtils.java:logGet(46)) - raft.server.storage.dir = [/home/runner/work/ozone/ozone/hadoop-ozone/integration-test/target/test-dir/MiniOzoneClusterImpl-7619c237-1de6-4815-bbe2-f0b52dfbd5bc/ozone-meta/ratis] (custom)
2023-12-28 09:09:46,981 [main] INFO  server.RaftServerConfigKeys (ConfUtils.java:logGet(46)) - raft.server.threadpool.proxy.cached = true (default)
2023-12-28 09:09:46,981 [main] INFO  server.RaftServerConfigKeys (ConfUtils.java:logGet(46)) - raft.server.threadpool.proxy.size = 0 (default)
2023-12-28 09:09:46,981 [main] INFO  server.RaftServer (RaftServerProxy.java:addNew(100)) - om1: addNew group-C5BA1605619E:[om1|localhost:15363] returns group-C5BA1605619E:java.util.concurrent.CompletableFuture@3f9fae4b[Not completed]
2023-12-28 09:09:46,981 [main] INFO  om.OzoneManager (OzoneManager.java:initializeRatisServer(2143)) - OzoneManager Ratis server initialized at port 15363
2023-12-28 09:09:46,982 [main] INFO  om.OzoneManager (OzoneManager.java:getRpcServer(1209)) - Creating RPC Server
2023-12-28 09:09:46,981 [om1-groupManagement] INFO  server.RaftServer$Division (RaftServerImpl.java:<init>(256)) - om1: new RaftServerImpl for group-C5BA1605619E:[om1|localhost:15363] with OzoneManagerStateMachine:uninitialized
2023-12-28 09:09:46,982 [om1-groupManagement] INFO  server.RaftServerConfigKeys (ConfUtils.java:logGet(46)) - raft.server.rpc.timeout.min = 1s (custom)
2023-12-28 09:09:46,983 [om1-groupManagement] INFO  server.RaftServerConfigKeys (ConfUtils.java:logGet(46)) - raft.server.rpc.timeout.max = 1200ms (custom)
2023-12-28 09:09:46,983 [om1-groupManagement] INFO  server.RaftServerConfigKeys (ConfUtils.java:logGet(46)) - raft.server.rpc.sleep.time = 25ms (default)
2023-12-28 09:09:46,983 [om1-groupManagement] INFO  server.RaftServerConfigKeys (ConfUtils.java:logGet(46)) - raft.server.rpc.slowness.timeout = 120s (custom)
2023-12-28 09:09:46,983 [om1-groupManagement] INFO  server.RaftServerConfigKeys (ConfUtils.java:logGet(46)) - raft.server.leaderelection.leader.step-down.wait-time = 10s (default)
2023-12-28 09:09:46,983 [om1-groupManagement] INFO  server.RaftServerConfigKeys (ConfUtils.java:logGet(46)) - raft.server.leaderelection.member.majority-add = false (default)
2023-12-28 09:09:46,983 [om1-groupManagement] INFO  server.RaftServerConfigKeys (ConfUtils.java:logGet(46)) - raft.server.sleep.deviation.threshold = 300ms (default)
2023-12-28 09:09:46,983 [om1-groupManagement] INFO  server.RaftServer$Division (ServerState.java:<init>(113)) - om1@group-C5BA1605619E: ConfigurationManager, init=-1: peers:[om1|localhost:15363]|listeners:[], old=null, confs=<EMPTY_MAP>
2023-12-28 09:09:46,983 [om1-groupManagement] INFO  server.RaftServerConfigKeys (ConfUtils.java:logGet(46)) - raft.server.notification.no-leader.timeout = 120s (custom)
2023-12-28 09:09:46,983 [om1-groupManagement] INFO  server.RaftServerConfigKeys (ConfUtils.java:logGet(46)) - raft.server.read.timeout = 10s (default)
2023-12-28 09:09:46,983 [om1-groupManagement] INFO  server.RaftServerConfigKeys (ConfUtils.java:logGet(46)) - raft.server.retrycache.expirytime = 300s (custom)
2023-12-28 09:09:46,983 [om1-groupManagement] INFO  server.RaftServerConfigKeys (ConfUtils.java:logGet(46)) - raft.server.retrycache.statistics.expirytime = 100ms (default)
2023-12-28 09:09:46,983 [om1-groupManagement] INFO  server.RaftServerConfigKeys (ConfUtils.java:logGet(46)) - raft.server.read.option = DEFAULT (default)
2023-12-28 09:09:46,983 [om1-groupManagement] INFO  server.RaftServerConfigKeys (ConfUtils.java:logGet(46)) - raft.server.read.read-after-write-consistent.write-index-cache.expiry-time = 60s (default)
2023-12-28 09:09:46,984 [om1-groupManagement] INFO  server.RaftServerConfigKeys (ConfUtils.java:logGet(46)) - raft.server.rpc.request.timeout = 3000ms (default)
2023-12-28 09:09:46,984 [om1-groupManagement] INFO  server.RaftServerConfigKeys (ConfUtils.java:logGet(46)) - raft.server.log.appender.install.snapshot.enabled = false (custom)
2023-12-28 09:09:46,984 [om1-groupManagement] INFO  server.RaftServerConfigKeys (ConfUtils.java:logGet(46)) - raft.server.threadpool.server.cached = true (default)
2023-12-28 09:09:46,984 [om1-groupManagement] INFO  server.RaftServerConfigKeys (ConfUtils.java:logGet(46)) - raft.server.threadpool.server.size = 0 (default)
2023-12-28 09:09:46,984 [om1-groupManagement] INFO  server.RaftServerConfigKeys (ConfUtils.java:logGet(46)) - raft.server.threadpool.client.cached = true (default)
2023-12-28 09:09:46,984 [om1-groupManagement] INFO  server.RaftServerConfigKeys (ConfUtils.java:logGet(46)) - raft.server.threadpool.client.size = 0 (default)
2023-12-28 09:09:47,171 [main] INFO  reflections.Reflections (Reflections.java:scan(232)) - Reflections took 189 ms to scan 20 urls, producing 72 keys and 6213 values [using 4 cores]
2023-12-28 09:09:47,173 [main] INFO  ipc.CallQueueManager (CallQueueManager.java:<init>(90)) - Using callQueue: class java.util.concurrent.LinkedBlockingQueue, queueCapacity: 2000, scheduler: class org.apache.hadoop.ipc.DefaultRpcScheduler, ipcBackoff: false.
2023-12-28 09:09:47,173 [main] INFO  ipc.Server (Server.java:<init>(1287)) - Listener at 127.0.0.1:15360
2023-12-28 09:09:47,173 [Socket Reader #1 for port 15360] INFO  ipc.Server (Server.java:run(1323)) - Starting Socket Reader #1 for port 15360
2023-12-28 09:09:47,186 [main] INFO  impl.MetricsSystemImpl (MetricsSystemImpl.java:init(158)) - OzoneManager metrics system started (again)
2023-12-28 09:09:47,195 [main] INFO  om.OzoneManager (OzoneManager.java:start(1631)) - OzoneManager RPC server is listening at localhost/127.0.0.1:15360
2023-12-28 09:09:47,195 [main] INFO  ratis.OzoneManagerRatisServer (OzoneManagerRatisServer.java:start(585)) - Starting OzoneManagerRatisServer om1 at port 15363
2023-12-28 09:09:47,195 [om1-impl-thread1] INFO  server.RaftServerConfigKeys (ConfUtils.java:logGet(46)) - raft.server.storage.free-space.min = 0MB (=0) (default)
2023-12-28 09:09:47,195 [om1-impl-thread1] INFO  server.RaftServerConfigKeys (ConfUtils.java:logGet(46)) - raft.server.log.corruption.policy = EXCEPTION (default)
2023-12-28 09:09:47,196 [om1-impl-thread1] INFO  server.RaftServerConfigKeys (ConfUtils.java:logGet(46)) - raft.server.storage.dir = [/home/runner/work/ozone/ozone/hadoop-ozone/integration-test/target/test-dir/MiniOzoneClusterImpl-7619c237-1de6-4815-bbe2-f0b52dfbd5bc/ozone-meta/ratis] (custom)
2023-12-28 09:09:47,196 [om1-impl-thread1] INFO  storage.RaftStorageDirectory (RaftStorageDirectoryImpl.java:analyzeStorage(138)) - The storage directory /home/runner/work/ozone/ozone/hadoop-ozone/integration-test/target/test-dir/MiniOzoneClusterImpl-7619c237-1de6-4815-bbe2-f0b52dfbd5bc/ozone-meta/ratis/bf265839-605b-3f16-9796-c5ba1605619e does not exist. Creating ...
2023-12-28 09:09:47,197 [om1-impl-thread1] INFO  storage.RaftStorageDirectory (RaftStorageDirectoryImpl.java:tryLock(232)) - Lock on /home/runner/work/ozone/ozone/hadoop-ozone/integration-test/target/test-dir/MiniOzoneClusterImpl-7619c237-1de6-4815-bbe2-f0b52dfbd5bc/ozone-meta/ratis/bf265839-605b-3f16-9796-c5ba1605619e/in_use.lock acquired by nodename 85610@fv-az1384-14
2023-12-28 09:09:47,197 [om1-impl-thread1] INFO  storage.RaftStorage (RaftStorageImpl.java:format(97)) - Storage directory /home/runner/work/ozone/ozone/hadoop-ozone/integration-test/target/test-dir/MiniOzoneClusterImpl-7619c237-1de6-4815-bbe2-f0b52dfbd5bc/ozone-meta/ratis/bf265839-605b-3f16-9796-c5ba1605619e has been successfully formatted.
2023-12-28 09:09:47,198 [om1-impl-thread1] INFO  server.RaftServerConfigKeys (ConfUtils.java:logGet(46)) - raft.server.log.use.memory = false (default)
2023-12-28 09:09:47,198 [om1-impl-thread1] INFO  server.RaftServerConfigKeys (ConfUtils.java:logGet(46)) - raft.server.log.purge.gap = 1000000 (custom)
2023-12-28 09:09:47,198 [om1-impl-thread1] INFO  server.RaftServerConfigKeys (ConfUtils.java:logGet(46)) - raft.server.log.appender.buffer.byte-limit = 4194304 (custom)
2023-12-28 09:09:47,198 [om1-impl-thread1] INFO  server.RaftServerConfigKeys (ConfUtils.java:logGet(46)) - raft.server.log.statemachine.data.read.timeout = 1000ms (default)
2023-12-28 09:09:47,198 [om1-impl-thread1] INFO  server.RaftServerConfigKeys (ConfUtils.java:logGet(46)) - raft.server.log.purge.preservation.log.num = 0 (default)
2023-12-28 09:09:47,198 [om1-impl-thread1] INFO  server.RaftServerConfigKeys (ConfUtils.java:logGet(46)) - raft.server.log.segment.size.max = 4194304 (custom)
2023-12-28 09:09:47,198 [om1-impl-thread1] INFO  server.RaftServerConfigKeys (ConfUtils.java:logGet(46)) - raft.server.log.segment.cache.num.max = 2 (custom)
2023-12-28 09:09:47,198 [om1-impl-thread1] INFO  server.RaftServerConfigKeys (ConfUtils.java:logGet(46)) - raft.server.log.segment.cache.size.max = 200MB (=209715200) (default)
2023-12-28 09:09:47,198 [om1-impl-thread1] INFO  server.RaftServerConfigKeys (ConfUtils.java:logGet(46)) - raft.server.log.appender.buffer.byte-limit = 4194304 (custom)
2023-12-28 09:09:47,198 [om1-impl-thread1] INFO  util.AwaitToRun (AwaitToRun.java:start(81)) - Thread[om1@group-C5BA1605619E-cacheEviction-AwaitToRun,5,main] started
2023-12-28 09:09:47,199 [om1-impl-thread1] INFO  segmented.SegmentedRaftLogWorker (SegmentedRaftLogWorker.java:<init>(184)) - new om1@group-C5BA1605619E-SegmentedRaftLogWorker for RaftStorageImpl:Storage Directory /home/runner/work/ozone/ozone/hadoop-ozone/integration-test/target/test-dir/MiniOzoneClusterImpl-7619c237-1de6-4815-bbe2-f0b52dfbd5bc/ozone-meta/ratis/bf265839-605b-3f16-9796-c5ba1605619e
2023-12-28 09:09:47,199 [om1-impl-thread1] INFO  server.RaftServerConfigKeys (ConfUtils.java:logGet(46)) - raft.server.log.queue.byte-limit = 64MB (=67108864) (default)
2023-12-28 09:09:47,199 [om1-impl-thread1] INFO  server.RaftServerConfigKeys (ConfUtils.java:logGet(46)) - raft.server.log.queue.element-limit = 4096 (default)
2023-12-28 09:09:47,199 [om1-impl-thread1] INFO  server.RaftServerConfigKeys (ConfUtils.java:logGet(46)) - raft.server.log.segment.size.max = 4194304 (custom)
2023-12-28 09:09:47,199 [om1-impl-thread1] INFO  server.RaftServerConfigKeys (ConfUtils.java:logGet(46)) - raft.server.log.preallocated.size = 4194304 (custom)
2023-12-28 09:09:47,199 [om1-impl-thread1] INFO  server.RaftServerConfigKeys (ConfUtils.java:logGet(46)) - raft.server.log.force.sync.num = 128 (default)
2023-12-28 09:09:47,199 [om1-impl-thread1] INFO  server.RaftServerConfigKeys (ConfUtils.java:logGet(46)) - raft.server.log.statemachine.data.sync = true (default)
2023-12-28 09:09:47,199 [om1-impl-thread1] INFO  server.RaftServerConfigKeys (ConfUtils.java:logGet(46)) - raft.server.log.statemachine.data.sync.timeout = 10s (default)
2023-12-28 09:09:47,199 [om1-impl-thread1] INFO  server.RaftServerConfigKeys (ConfUtils.java:logGet(46)) - raft.server.log.statemachine.data.sync.timeout.retry = -1 (default)
2023-12-28 09:09:47,199 [om1-impl-thread1] INFO  server.RaftServerConfigKeys (ConfUtils.java:logGet(46)) - raft.server.log.write.buffer.size = 4194312 (custom)
2023-12-28 09:09:47,201 [om1-impl-thread1] INFO  server.RaftServerConfigKeys (ConfUtils.java:logGet(46)) - raft.server.log.appender.buffer.byte-limit = 4194304 (custom)
2023-12-28 09:09:47,201 [om1-impl-thread1] INFO  server.RaftServerConfigKeys (ConfUtils.java:logGet(46)) - raft.server.log.unsafe-flush.enabled = false (default)
2023-12-28 09:09:47,201 [om1-impl-thread1] INFO  server.RaftServerConfigKeys (ConfUtils.java:logGet(46)) - raft.server.log.async-flush.enabled = false (default)
2023-12-28 09:09:47,201 [om1-impl-thread1] INFO  server.RaftServerConfigKeys (ConfUtils.java:logGet(46)) - raft.server.log.statemachine.data.caching.enabled = false (default)
2023-12-28 09:09:47,201 [om1-impl-thread1] INFO  segmented.SegmentedRaftLogWorker (SegmentedRaftLogWorker.java:lambda$new$0(135)) - om1@group-C5BA1605619E-SegmentedRaftLogWorker: flushIndex: setUnconditionally 0 -> -1
2023-12-28 09:09:47,201 [om1-impl-thread1] INFO  segmented.SegmentedRaftLogWorker (SegmentedRaftLogWorker.java:lambda$new$0(135)) - om1@group-C5BA1605619E-SegmentedRaftLogWorker: safeCacheEvictIndex: setUnconditionally 0 -> -1
2023-12-28 09:09:47,201 [om1-impl-thread1] INFO  server.RaftServer$Division (RaftServerImpl.java:start(392)) - om1@group-C5BA1605619E: start as a follower, conf=-1: peers:[om1|localhost:15363]|listeners:[], old=null
2023-12-28 09:09:47,201 [om1-impl-thread1] INFO  server.RaftServer$Division (RaftServerImpl.java:setRole(379)) - om1@group-C5BA1605619E: changes role from      null to FOLLOWER at term 0 for startAsFollower
2023-12-28 09:09:47,201 [om1-impl-thread1] INFO  impl.RoleInfo (RoleInfo.java:updateAndGet(139)) - om1: start om1@group-C5BA1605619E-FollowerState
2023-12-28 09:09:47,202 [om1@group-C5BA1605619E-FollowerState] INFO  server.RaftServerConfigKeys (ConfUtils.java:logFallback(53)) - raft.server.rpc.first-election.timeout.min = 1s (fallback to raft.server.rpc.timeout.min)
2023-12-28 09:09:47,202 [om1@group-C5BA1605619E-FollowerState] INFO  server.RaftServerConfigKeys (ConfUtils.java:logFallback(53)) - raft.server.rpc.first-election.timeout.max = 1200ms (fallback to raft.server.rpc.timeout.max)
2023-12-28 09:09:47,202 [om1-impl-thread1] INFO  util.JmxRegister (JmxRegister.java:tryRegister(44)) - Successfully registered JMX Bean with object name Ratis:service=RaftServer,group=group-C5BA1605619E,id=om1
2023-12-28 09:09:47,202 [om1-impl-thread1] INFO  server.RaftServerConfigKeys (ConfUtils.java:logGet(46)) - raft.server.snapshot.trigger-when-stop.enabled = true (default)
2023-12-28 09:09:47,202 [om1-impl-thread1] INFO  server.RaftServerConfigKeys (ConfUtils.java:logGet(46)) - raft.server.snapshot.auto.trigger.enabled = true (custom)
2023-12-28 09:09:47,202 [om1-impl-thread1] INFO  server.RaftServerConfigKeys (ConfUtils.java:logGet(46)) - raft.server.snapshot.auto.trigger.threshold = 400000 (default)
2023-12-28 09:09:47,202 [om1-impl-thread1] INFO  server.RaftServerConfigKeys (ConfUtils.java:logGet(46)) - raft.server.snapshot.retention.file.num = -1 (default)
2023-12-28 09:09:47,202 [om1-impl-thread1] INFO  server.RaftServerConfigKeys (ConfUtils.java:logGet(46)) - raft.server.log.purge.upto.snapshot.index = true (custom)
2023-12-28 09:09:47,202 [main] INFO  server.RaftServer (RaftServerProxy.java:startImpl(406)) - om1: start RPC server
2023-12-28 09:09:47,203 [main] INFO  server.GrpcService (GrpcService.java:startImpl(302)) - om1: GrpcService started, listening on 15363
2023-12-28 09:09:47,203 [JvmPauseMonitor45] INFO  util.JvmPauseMonitor (JvmPauseMonitor.java:run(146)) - JvmPauseMonitor-om1: Started
2023-12-28 09:09:47,204 [main] INFO  om.OzoneManager (OzoneManager.java:start(1647)) - Version File has different layout version (6) than OM DB (null). That is expected if this OM has never been finalized to a newer layout version.
2023-12-28 09:09:47,207 [main] INFO  http.BaseHttpServer (BaseHttpServer.java:newHttpServer2BuilderForOzone(223)) - Starting Web-server for ozoneManager at: http://0.0.0.0:15361
2023-12-28 09:09:47,207 [main] INFO  http.BaseHttpServer (BaseHttpServer.java:<init>(110)) - Hadoop Security Enabled: false Ozone Security Enabled: false Ozone HTTP Security Enabled: false 
2023-12-28 09:09:47,207 [main] WARN  server.AuthenticationFilter (AuthenticationFilter.java:constructSecretProvider(240)) - Unable to initialize FileSignerSecretProvider, falling back to use random secrets. Reason: Could not read signature secret file: /home/runner/hadoop-http-auth-signature-secret
2023-12-28 09:09:47,208 [main] INFO  http.HttpRequestLog (HttpRequestLog.java:getRequestLog(86)) - Http request log for http.requests.ozoneManager is not defined
2023-12-28 09:09:47,208 [main] INFO  http.HttpServer2 (HttpServer2.java:addGlobalFilter(1036)) - Added global filter 'safety' (class=org.apache.hadoop.hdds.server.http.HttpServer2$QuotingInputFilter)
2023-12-28 09:09:47,209 [main] INFO  http.HttpServer2 (HttpServer2.java:addFilter(1012)) - Added filter static_user_filter (class=org.apache.hadoop.http.lib.StaticUserWebFilter$StaticUserFilter) to context ozoneManager
2023-12-28 09:09:47,209 [main] INFO  http.HttpServer2 (HttpServer2.java:addFilter(1020)) - Added filter static_user_filter (class=org.apache.hadoop.http.lib.StaticUserWebFilter$StaticUserFilter) to context logs
2023-12-28 09:09:47,209 [main] INFO  http.HttpServer2 (HttpServer2.java:addFilter(1020)) - Added filter static_user_filter (class=org.apache.hadoop.http.lib.StaticUserWebFilter$StaticUserFilter) to context static
2023-12-28 09:09:47,209 [main] INFO  http.BaseHttpServer (BaseHttpServer.java:<init>(189)) - HTTP server of ozoneManager uses base directory /home/runner/work/ozone/ozone/hadoop-ozone/integration-test/target/test-dir/MiniOzoneClusterImpl-7619c237-1de6-4815-bbe2-f0b52dfbd5bc/ozone-meta/webserver
2023-12-28 09:09:47,209 [main] INFO  http.HttpServer2 (HttpServer2.java:bindListener(1236)) - Jetty bound to port 15361
2023-12-28 09:09:47,209 [main] INFO  server.Server (Server.java:doStart(375)) - jetty-9.4.53.v20231009; built: 2023-10-09T12:29:09.265Z; git: 27bde00a0b95a1d5bbee0eae7984f891d2d0f8c9; jvm 1.8.0_392-b08
2023-12-28 09:09:47,210 [main] INFO  server.session (DefaultSessionIdManager.java:doStart(334)) - DefaultSessionIdManager workerName=node0
2023-12-28 09:09:47,210 [main] INFO  server.session (DefaultSessionIdManager.java:doStart(339)) - No SessionScavenger set, using defaults
2023-12-28 09:09:47,210 [main] INFO  server.session (HouseKeeper.java:startScavenging(132)) - node0 Scavenging every 660000ms
2023-12-28 09:09:47,211 [main] INFO  handler.ContextHandler (ContextHandler.java:doStart(921)) - Started o.e.j.s.ServletContextHandler@21f4a752{logs,/logs,file:///home/runner/work/ozone/ozone/hadoop-ozone/integration-test/target/log,AVAILABLE}
2023-12-28 09:09:47,211 [main] INFO  handler.ContextHandler (ContextHandler.java:doStart(921)) - Started o.e.j.s.ServletContextHandler@669c0c64{static,/static,file:///home/runner/work/ozone/ozone/hadoop-ozone/integration-test/target/test-classes/webapps/static,AVAILABLE}
2023-12-28 09:09:47,213 [main] INFO  handler.ContextHandler (ContextHandler.java:doStart(921)) - Started o.e.j.w.WebAppContext@4dc7f1e6{ozoneManager,/,file:///home/runner/work/ozone/ozone/hadoop-ozone/integration-test/target/test-classes/webapps/ozoneManager/,AVAILABLE}{file:/home/runner/work/ozone/ozone/hadoop-ozone/integration-test/target/test-classes/webapps/ozoneManager}
2023-12-28 09:09:47,214 [main] INFO  server.AbstractConnector (AbstractConnector.java:doStart(333)) - Started ServerConnector@336d4bf4{HTTP/1.1, (http/1.1)}{0.0.0.0:15361}
2023-12-28 09:09:47,215 [main] INFO  server.Server (Server.java:doStart(415)) - Started @132233ms
2023-12-28 09:09:47,215 [main] WARN  impl.MetricsSystemImpl (MetricsSystemImpl.java:register(279)) - Sink prometheus already exists!
2023-12-28 09:09:47,215 [main] INFO  http.BaseHttpServer (BaseHttpServer.java:updateConnectorAddress(354)) - HTTP server of ozoneManager listening at http://0.0.0.0:15361
2023-12-28 09:09:47,215 [IPC Server Responder] INFO  ipc.Server (Server.java:run(1562)) - IPC Server Responder: starting
2023-12-28 09:09:47,215 [IPC Server listener on 15360] INFO  ipc.Server (Server.java:run(1402)) - IPC Server listener on 15360: starting
2023-12-28 09:09:47,225 [main] INFO  om.OzoneManager (OzoneManager.java:startTrashEmptier(2096)) - Trash Interval set to 0. Files deleted won't move to trash
2023-12-28 09:09:47,238 [main] WARN  dropwizard3.Dm3MetricRegistriesImpl (Dm3MetricRegistriesImpl.java:addReporterRegistration(113)) - New reporters are added after registries were created. Some metrics will be missing from the reporter. Please add reporter before adding any new registry.
2023-12-28 09:09:47,238 [main] WARN  dropwizard3.Dm3MetricRegistriesImpl (Dm3MetricRegistriesImpl.java:addReporterRegistration(113)) - New reporters are added after registries were created. Some metrics will be missing from the reporter. Please add reporter before adding any new registry.
2023-12-28 09:09:47,238 [main] INFO  impl.MetricsSystemImpl (MetricsSystemImpl.java:init(158)) - HddsDatanode metrics system started (again)
2023-12-28 09:09:47,245 [main] INFO  ozone.HddsDatanodeService (HddsDatanodeService.java:start(239)) - HddsDatanodeService host:fv-az1384-14.e3qrh24bduyexj1tcof5x1etkc.ex.internal.cloudapp.net ip:10.1.0.14
2023-12-28 09:09:47,264 [main] INFO  upgrade.AbstractLayoutVersionManager (AbstractLayoutVersionManager.java:init(83)) - Initializing Layout version manager with metadata layout = HADOOP_PRC_PORTS_IN_DATANODEDETAILS (version = 7), software layout = HADOOP_PRC_PORTS_IN_DATANODEDETAILS (version = 7)
2023-12-28 09:09:47,264 [main] INFO  statemachine.DatanodeStateMachine (DatanodeStateMachine.java:getEndPointTaskThreadPoolSize(299)) - Datanode State Machine Task Thread Pool size 2
2023-12-28 09:09:47,265 [main] ERROR lib.MethodMetric (MethodMetric.java:snapshot(117)) - Error invoking method getCommitted
java.lang.reflect.InvocationTargetException
	at sun.reflect.GeneratedMethodAccessor85.invoke(Unknown Source)
	at sun.reflect.DelegatingMethodAccessorImpl.invoke(DelegatingMethodAccessorImpl.java:43)
	at java.lang.reflect.Method.invoke(Method.java:498)
	at org.apache.hadoop.metrics2.lib.MethodMetric$2.snapshot(MethodMetric.java:111)
	at org.apache.hadoop.metrics2.lib.MethodMetric.snapshot(MethodMetric.java:142)
	at org.apache.hadoop.metrics2.lib.MetricsRegistry.snapshot(MetricsRegistry.java:447)
	at org.apache.hadoop.metrics2.lib.MetricsSourceBuilder$1.getMetrics(MetricsSourceBuilder.java:89)
	at org.apache.hadoop.metrics2.impl.MetricsSourceAdapter.getMetrics(MetricsSourceAdapter.java:200)
	at org.apache.hadoop.metrics2.impl.MetricsSourceAdapter.updateJmxCache(MetricsSourceAdapter.java:183)
	at org.apache.hadoop.metrics2.impl.MetricsSourceAdapter.getMBeanInfo(MetricsSourceAdapter.java:156)
	at com.sun.jmx.interceptor.DefaultMBeanServerInterceptor.getNewMBeanClassName(DefaultMBeanServerInterceptor.java:333)
	at com.sun.jmx.interceptor.DefaultMBeanServerInterceptor.registerMBean(DefaultMBeanServerInterceptor.java:319)
	at com.sun.jmx.mbeanserver.JmxMBeanServer.registerMBean(JmxMBeanServer.java:522)
	at org.apache.hadoop.metrics2.util.MBeans.register(MBeans.java:100)
	at org.apache.hadoop.metrics2.util.MBeans.register(MBeans.java:73)
	at org.apache.hadoop.metrics2.impl.MetricsSourceAdapter.startMBeans(MetricsSourceAdapter.java:222)
	at org.apache.hadoop.metrics2.impl.MetricsSourceAdapter.start(MetricsSourceAdapter.java:101)
	at org.apache.hadoop.metrics2.impl.MetricsSystemImpl.registerSource(MetricsSystemImpl.java:268)
	at org.apache.hadoop.metrics2.impl.MetricsSystemImpl.register(MetricsSystemImpl.java:233)
	at org.apache.hadoop.ozone.container.common.volume.VolumeInfoMetrics.init(VolumeInfoMetrics.java:50)
	at org.apache.hadoop.ozone.container.common.volume.VolumeInfoMetrics.<init>(VolumeInfoMetrics.java:45)
	at org.apache.hadoop.ozone.container.common.volume.HddsVolume.<init>(HddsVolume.java:123)
	at org.apache.hadoop.ozone.container.common.volume.HddsVolume.<init>(HddsVolume.java:71)
	at org.apache.hadoop.ozone.container.common.volume.HddsVolume$Builder.build(HddsVolume.java:111)
	at org.apache.hadoop.ozone.container.common.volume.HddsVolumeFactory.createVolume(HddsVolumeFactory.java:48)
	at org.apache.hadoop.ozone.container.common.volume.MutableVolumeSet.initializeVolumeSet(MutableVolumeSet.java:170)
	at org.apache.hadoop.ozone.container.common.volume.MutableVolumeSet.<init>(MutableVolumeSet.java:132)
	at org.apache.hadoop.ozone.container.common.volume.MutableVolumeSet.<init>(MutableVolumeSet.java:96)
	at org.apache.hadoop.ozone.container.ozoneimpl.OzoneContainer.<init>(OzoneContainer.java:149)
	at org.apache.hadoop.ozone.container.common.statemachine.DatanodeStateMachine.<init>(DatanodeStateMachine.java:186)
	at org.apache.hadoop.ozone.HddsDatanodeService.start(HddsDatanodeService.java:296)
	at org.apache.hadoop.ozone.MiniOzoneClusterImpl.startHddsDatanode(MiniOzoneClusterImpl.java:489)
	at java.util.ArrayList.forEach(ArrayList.java:1259)
	at org.apache.hadoop.ozone.MiniOzoneClusterImpl.startHddsDatanodes(MiniOzoneClusterImpl.java:497)
	at org.apache.hadoop.ozone.MiniOzoneClusterImpl$Builder.build(MiniOzoneClusterImpl.java:627)
	at org.apache.hadoop.ozone.client.rpc.TestWatchForCommit.init(TestWatchForCommit.java:149)
	at sun.reflect.NativeMethodAccessorImpl.invoke0(Native Method)
	at sun.reflect.NativeMethodAccessorImpl.invoke(NativeMethodAccessorImpl.java:62)
	at sun.reflect.DelegatingMethodAccessorImpl.invoke(DelegatingMethodAccessorImpl.java:43)
	at java.lang.reflect.Method.invoke(Method.java:498)
	at org.junit.platform.commons.util.ReflectionUtils.invokeMethod(ReflectionUtils.java:728)
	at org.junit.jupiter.engine.execution.MethodInvocation.proceed(MethodInvocation.java:60)
	at org.junit.jupiter.engine.execution.InvocationInterceptorChain$ValidatingInvocation.proceed(InvocationInterceptorChain.java:131)
	at org.junit.jupiter.engine.extension.TimeoutExtension.intercept(TimeoutExtension.java:156)
	at org.junit.jupiter.engine.extension.TimeoutExtension.interceptLifecycleMethod(TimeoutExtension.java:128)
	at org.junit.jupiter.engine.extension.TimeoutExtension.interceptBeforeEachMethod(TimeoutExtension.java:78)
	at org.junit.jupiter.engine.execution.InterceptingExecutableInvoker$ReflectiveInterceptorCall.lambda$ofVoidMethod$0(InterceptingExecutableInvoker.java:103)
	at org.junit.jupiter.engine.execution.InterceptingExecutableInvoker.lambda$invoke$0(InterceptingExecutableInvoker.java:93)
	at org.junit.jupiter.engine.execution.InvocationInterceptorChain$InterceptedInvocation.proceed(InvocationInterceptorChain.java:106)
	at org.junit.jupiter.engine.execution.InvocationInterceptorChain.proceed(InvocationInterceptorChain.java:64)
	at org.junit.jupiter.engine.execution.InvocationInterceptorChain.chainAndInvoke(InvocationInterceptorChain.java:45)
	at org.junit.jupiter.engine.execution.InvocationInterceptorChain.invoke(InvocationInterceptorChain.java:37)
	at org.junit.jupiter.engine.execution.InterceptingExecutableInvoker.invoke(InterceptingExecutableInvoker.java:92)
	at org.junit.jupiter.engine.execution.InterceptingExecutableInvoker.invoke(InterceptingExecutableInvoker.java:86)
	at org.junit.jupiter.engine.descriptor.ClassBasedTestDescriptor.invokeMethodInExtensionContext(ClassBasedTestDescriptor.java:521)
	at org.junit.jupiter.engine.descriptor.ClassBasedTestDescriptor.lambda$synthesizeBeforeEachMethodAdapter$23(ClassBasedTestDescriptor.java:506)
	at org.junit.jupiter.engine.descriptor.TestMethodTestDescriptor.lambda$invokeBeforeEachMethods$3(TestMethodTestDescriptor.java:175)
	at org.junit.jupiter.engine.descriptor.TestMethodTestDescriptor.lambda$invokeBeforeMethodsOrCallbacksUntilExceptionOccurs$6(TestMethodTestDescriptor.java:203)
	at org.junit.platform.engine.support.hierarchical.ThrowableCollector.execute(ThrowableCollector.java:73)
	at org.junit.jupiter.engine.descriptor.TestMethodTestDescriptor.invokeBeforeMethodsOrCallbacksUntilExceptionOccurs(TestMethodTestDescriptor.java:203)
	at org.junit.jupiter.engine.descriptor.TestMethodTestDescriptor.invokeBeforeEachMethods(TestMethodTestDescriptor.java:172)
	at org.junit.jupiter.engine.descriptor.TestMethodTestDescriptor.execute(TestMethodTestDescriptor.java:135)
	at org.junit.jupiter.engine.descriptor.TestMethodTestDescriptor.execute(TestMethodTestDescriptor.java:69)
	at org.junit.platform.engine.support.hierarchical.NodeTestTask.lambda$executeRecursively$6(NodeTestTask.java:151)
	at org.junit.platform.engine.support.hierarchical.ThrowableCollector.execute(ThrowableCollector.java:73)
	at org.junit.platform.engine.support.hierarchical.NodeTestTask.lambda$executeRecursively$8(NodeTestTask.java:141)
	at org.junit.platform.engine.support.hierarchical.Node.around(Node.java:137)
	at org.junit.platform.engine.support.hierarchical.NodeTestTask.lambda$executeRecursively$9(NodeTestTask.java:139)
	at org.junit.platform.engine.support.hierarchical.ThrowableCollector.execute(ThrowableCollector.java:73)
	at org.junit.platform.engine.support.hierarchical.NodeTestTask.executeRecursively(NodeTestTask.java:138)
	at org.junit.platform.engine.support.hierarchical.NodeTestTask.execute(NodeTestTask.java:95)
	at java.util.ArrayList.forEach(ArrayList.java:1259)
	at org.junit.platform.engine.support.hierarchical.SameThreadHierarchicalTestExecutorService.invokeAll(SameThreadHierarchicalTestExecutorService.java:41)
	at org.junit.platform.engine.support.hierarchical.NodeTestTask.lambda$executeRecursively$6(NodeTestTask.java:155)
	at org.junit.platform.engine.support.hierarchical.ThrowableCollector.execute(ThrowableCollector.java:73)
	at org.junit.platform.engine.support.hierarchical.NodeTestTask.lambda$executeRecursively$8(NodeTestTask.java:141)
	at org.junit.platform.engine.support.hierarchical.Node.around(Node.java:137)
	at org.junit.platform.engine.support.hierarchical.NodeTestTask.lambda$executeRecursively$9(NodeTestTask.java:139)
	at org.junit.platform.engine.support.hierarchical.ThrowableCollector.execute(ThrowableCollector.java:73)
	at org.junit.platform.engine.support.hierarchical.NodeTestTask.executeRecursively(NodeTestTask.java:138)
	at org.junit.platform.engine.support.hierarchical.NodeTestTask.execute(NodeTestTask.java:95)
	at java.util.ArrayList.forEach(ArrayList.java:1259)
	at org.junit.platform.engine.support.hierarchical.SameThreadHierarchicalTestExecutorService.invokeAll(SameThreadHierarchicalTestExecutorService.java:41)
	at org.junit.platform.engine.support.hierarchical.NodeTestTask.lambda$executeRecursively$6(NodeTestTask.java:155)
	at org.junit.platform.engine.support.hierarchical.ThrowableCollector.execute(ThrowableCollector.java:73)
	at org.junit.platform.engine.support.hierarchical.NodeTestTask.lambda$executeRecursively$8(NodeTestTask.java:141)
	at org.junit.platform.engine.support.hierarchical.Node.around(Node.java:137)
	at org.junit.platform.engine.support.hierarchical.NodeTestTask.lambda$executeRecursively$9(NodeTestTask.java:139)
	at org.junit.platform.engine.support.hierarchical.ThrowableCollector.execute(ThrowableCollector.java:73)
	at org.junit.platform.engine.support.hierarchical.NodeTestTask.executeRecursively(NodeTestTask.java:138)
	at org.junit.platform.engine.support.hierarchical.NodeTestTask.execute(NodeTestTask.java:95)
	at org.junit.platform.engine.support.hierarchical.SameThreadHierarchicalTestExecutorService.submit(SameThreadHierarchicalTestExecutorService.java:35)
	at org.junit.platform.engine.support.hierarchical.HierarchicalTestExecutor.execute(HierarchicalTestExecutor.java:57)
	at org.junit.platform.engine.support.hierarchical.HierarchicalTestEngine.execute(HierarchicalTestEngine.java:54)
	at org.junit.platform.launcher.core.EngineExecutionOrchestrator.execute(EngineExecutionOrchestrator.java:198)
	at org.junit.platform.launcher.core.EngineExecutionOrchestrator.execute(EngineExecutionOrchestrator.java:169)
	at org.junit.platform.launcher.core.EngineExecutionOrchestrator.execute(EngineExecutionOrchestrator.java:93)
	at org.junit.platform.launcher.core.EngineExecutionOrchestrator.lambda$execute$0(EngineExecutionOrchestrator.java:58)
	at org.junit.platform.launcher.core.EngineExecutionOrchestrator.withInterceptedStreams(EngineExecutionOrchestrator.java:141)
	at org.junit.platform.launcher.core.EngineExecutionOrchestrator.execute(EngineExecutionOrchestrator.java:57)
	at org.junit.platform.launcher.core.DefaultLauncher.execute(DefaultLauncher.java:103)
	at org.junit.platform.launcher.core.DefaultLauncher.execute(DefaultLauncher.java:85)
	at org.junit.platform.launcher.core.DelegatingLauncher.execute(DelegatingLauncher.java:47)
	at org.apache.maven.surefire.junitplatform.LazyLauncher.execute(LazyLauncher.java:56)
	at org.apache.maven.surefire.junitplatform.JUnitPlatformProvider.invokeAllTests(JUnitPlatformProvider.java:162)
	at org.apache.maven.surefire.junitplatform.JUnitPlatformProvider.invoke(JUnitPlatformProvider.java:120)
	at org.apache.maven.surefire.booter.ForkedBooter.runSuitesInProcess(ForkedBooter.java:385)
	at org.apache.maven.surefire.booter.ForkedBooter.execute(ForkedBooter.java:162)
	at org.apache.maven.surefire.booter.ForkedBooter.run(ForkedBooter.java:507)
	at org.apache.maven.surefire.booter.ForkedBooter.main(ForkedBooter.java:495)
Caused by: java.lang.NullPointerException
	at org.apache.hadoop.ozone.container.common.volume.HddsVolume.getCommittedBytes(HddsVolume.java:303)
	at org.apache.hadoop.ozone.container.common.volume.VolumeInfoMetrics.getCommitted(VolumeInfoMetrics.java:147)
	... 110 more
2023-12-28 09:09:47,266 [main] INFO  volume.HddsVolume (HddsVolume.java:<init>(126)) - Creating HddsVolume: /home/runner/work/ozone/ozone/hadoop-ozone/integration-test/target/test-dir/MiniOzoneClusterImpl-7619c237-1de6-4815-bbe2-f0b52dfbd5bc/datanode-0/data-0/containers/hdds of storage type : DISK capacity : 9223372036854775807
2023-12-28 09:09:47,266 [main] INFO  volume.MutableVolumeSet (MutableVolumeSet.java:initializeVolumeSet(173)) - Added Volume : /home/runner/work/ozone/ozone/hadoop-ozone/integration-test/target/test-dir/MiniOzoneClusterImpl-7619c237-1de6-4815-bbe2-f0b52dfbd5bc/datanode-0/data-0/containers/hdds to VolumeSet
2023-12-28 09:09:47,267 [main] INFO  volume.MutableVolumeSet (MutableVolumeSet.java:initializeVolumeSet(173)) - Added Volume : /home/runner/work/ozone/ozone/hadoop-ozone/integration-test/target/test-dir/MiniOzoneClusterImpl-7619c237-1de6-4815-bbe2-f0b52dfbd5bc/datanode-0/data/ratis to VolumeSet
2023-12-28 09:09:47,267 [main] INFO  ozoneimpl.OzoneContainer (HddsVolumeUtil.java:loadAllHddsVolumeDbStore(103)) - Load 1 volumes DbStore cost: 0ms
2023-12-28 09:09:47,267 [3b28bb72-2ab1-44e1-a9b9-2481c9e85245-ContainerReader-0] INFO  ozoneimpl.ContainerReader (ContainerReader.java:readVolume(178)) - Finish verifying containers on volume /home/runner/work/ozone/ozone/hadoop-ozone/integration-test/target/test-dir/MiniOzoneClusterImpl-7619c237-1de6-4815-bbe2-f0b52dfbd5bc/datanode-0/data-0/containers/hdds
2023-12-28 09:09:47,267 [main] INFO  ozoneimpl.OzoneContainer (OzoneContainer.java:buildContainerSet(326)) - Build ContainerSet costs 0s
2023-12-28 09:09:47,268 [main] INFO  server.RaftServer (ConfUtils.java:logGet(46)) - raft.rpc.type = GRPC (default)
2023-12-28 09:09:47,269 [main] INFO  grpc.GrpcConfigKeys (ConfUtils.java:logFallback(53)) - raft.grpc.admin.host = null (fallback to raft.grpc.server.host)
2023-12-28 09:09:47,269 [main] INFO  grpc.GrpcConfigKeys (ConfUtils.java:logGet(46)) - raft.grpc.admin.port = 15369 (custom)
2023-12-28 09:09:47,269 [main] INFO  grpc.GrpcConfigKeys (ConfUtils.java:logFallback(53)) - raft.grpc.client.host = null (fallback to raft.grpc.server.host)
2023-12-28 09:09:47,269 [main] INFO  grpc.GrpcConfigKeys (ConfUtils.java:logGet(46)) - raft.grpc.client.port = 15368 (custom)
2023-12-28 09:09:47,269 [main] INFO  grpc.GrpcConfigKeys (ConfUtils.java:logGet(46)) - raft.grpc.server.host = null (default)
2023-12-28 09:09:47,269 [main] INFO  grpc.GrpcConfigKeys (ConfUtils.java:logGet(46)) - raft.grpc.server.port = 15370 (custom)
2023-12-28 09:09:47,269 [main] INFO  server.GrpcService (ConfUtils.java:logGet(46)) - raft.grpc.message.size.max = 32MB (=33554432) (custom)
2023-12-28 09:09:47,269 [main] INFO  server.RaftServerConfigKeys (ConfUtils.java:logGet(46)) - raft.server.log.appender.buffer.byte-limit = 8388608 (custom)
2023-12-28 09:09:47,270 [main] INFO  server.GrpcService (ConfUtils.java:logGet(46)) - raft.grpc.flow.control.window = 5MB (=5242880) (custom)
2023-12-28 09:09:47,270 [main] INFO  server.RaftServerConfigKeys (ConfUtils.java:logGet(46)) - raft.server.rpc.request.timeout = 3000ms (default)
2023-12-28 09:09:47,270 [main] INFO  grpc.GrpcConfigKeys (ConfUtils.java:logGet(46)) - raft.grpc.server.heartbeat.channel = true (default)
2023-12-28 09:09:47,270 [main] INFO  grpc.GrpcConfigKeys (ConfUtils.java:logGet(46)) - raft.grpc.server.async.request.thread.pool.cached = true (default)
2023-12-28 09:09:47,270 [main] INFO  grpc.GrpcConfigKeys (ConfUtils.java:logGet(46)) - raft.grpc.server.async.request.thread.pool.size = 32 (default)
2023-12-28 09:09:47,272 [main] INFO  impl.DataStreamServerImpl (ConfUtils.java:logGet(46)) - raft.datastream.type = NETTY (custom)
2023-12-28 09:09:47,272 [main] INFO  server.RaftServerConfigKeys (ConfUtils.java:logGet(46)) - raft.server.data-stream.async.request.thread.pool.cached = false (default)
2023-12-28 09:09:47,272 [main] INFO  server.RaftServerConfigKeys (ConfUtils.java:logGet(46)) - raft.server.data-stream.async.request.thread.pool.size = 20 (custom)
2023-12-28 09:09:47,272 [main] INFO  server.RaftServerConfigKeys (ConfUtils.java:logGet(46)) - raft.server.data-stream.async.write.thread.pool.size = 16 (default)
2023-12-28 09:09:47,272 [main] INFO  netty.NettyConfigKeys$DataStream (ConfUtils.java:logGet(46)) - raft.netty.dataStream.server.channel.inactive.grace-period = 10min (default)
2023-12-28 09:09:47,272 [main] INFO  server.RaftServerConfigKeys (ConfUtils.java:logGet(46)) - raft.server.data-stream.client.pool.size = 10 (default)
2023-12-28 09:09:47,272 [main] INFO  netty.NettyConfigKeys$DataStream (ConfUtils.java:logGet(46)) - raft.netty.dataStream.server.use-epoll = true (default)
2023-12-28 09:09:47,273 [main] INFO  netty.NettyConfigKeys$DataStream (ConfUtils.java:logGet(46)) - raft.netty.dataStream.server.boss-group.size = 0 (default)
2023-12-28 09:09:47,273 [main] INFO  netty.NettyUtils (NettyUtils.java:newEventLoopGroup(69)) - Create EpollEventLoopGroup for 3b28bb72-2ab1-44e1-a9b9-2481c9e85245-NettyServerStreamRpc-bossGroup; Thread size is 0.
2023-12-28 09:09:47,273 [main] INFO  netty.NettyConfigKeys$DataStream (ConfUtils.java:logGet(46)) - raft.netty.dataStream.server.worker-group.size = 0 (default)
2023-12-28 09:09:47,273 [main] INFO  netty.NettyUtils (NettyUtils.java:newEventLoopGroup(69)) - Create EpollEventLoopGroup for 3b28bb72-2ab1-44e1-a9b9-2481c9e85245-NettyServerStreamRpc-workerGroup; Thread size is 0.
2023-12-28 09:09:47,273 [main] INFO  netty.NettyConfigKeys$DataStream (ConfUtils.java:logGet(46)) - raft.netty.dataStream.server.tls.conf = null (default)
2023-12-28 09:09:47,273 [main] INFO  netty.NettyConfigKeys$DataStream (ConfUtils.java:logGet(46)) - raft.netty.dataStream.host = null (default)
2023-12-28 09:09:47,273 [main] INFO  netty.NettyConfigKeys$DataStream (ConfUtils.java:logGet(46)) - raft.netty.dataStream.port = 15371 (custom)
2023-12-28 09:09:47,274 [main] INFO  server.RaftServerConfigKeys (ConfUtils.java:logGet(46)) - raft.server.sleep.deviation.threshold = 300ms (default)
2023-12-28 09:09:47,274 [main] INFO  server.RaftServerConfigKeys (ConfUtils.java:logGet(46)) - raft.server.close.threshold = 60s (default)
2023-12-28 09:09:47,274 [3b28bb72-2ab1-44e1-a9b9-2481c9e85245-NettyServerStreamRpc-bossGroup--thread1] INFO  logging.LoggingHandler (AbstractInternalLogger.java:log(148)) - [id: 0x554e00a8] REGISTERED
2023-12-28 09:09:47,274 [main] INFO  server.RaftServerConfigKeys (ConfUtils.java:logGet(46)) - raft.server.leaderelection.leader.step-down.wait-time = 10s (default)
2023-12-28 09:09:47,274 [3b28bb72-2ab1-44e1-a9b9-2481c9e85245-NettyServerStreamRpc-bossGroup--thread1] INFO  logging.LoggingHandler (AbstractInternalLogger.java:log(148)) - [id: 0x554e00a8] BIND: 0.0.0.0/0.0.0.0:15371
2023-12-28 09:09:47,274 [main] INFO  server.RaftServerConfigKeys (ConfUtils.java:logGet(46)) - raft.server.storage.dir = [/home/runner/work/ozone/ozone/hadoop-ozone/integration-test/target/test-dir/MiniOzoneClusterImpl-7619c237-1de6-4815-bbe2-f0b52dfbd5bc/datanode-0/data/ratis] (custom)
2023-12-28 09:09:47,274 [3b28bb72-2ab1-44e1-a9b9-2481c9e85245-NettyServerStreamRpc-bossGroup--thread1] INFO  logging.LoggingHandler (AbstractInternalLogger.java:log(148)) - [id: 0x554e00a8, L:/0.0.0.0:15371] ACTIVE
2023-12-28 09:09:47,274 [main] INFO  server.RaftServerConfigKeys (ConfUtils.java:logGet(46)) - raft.server.threadpool.proxy.cached = true (default)
2023-12-28 09:09:47,275 [main] INFO  server.RaftServerConfigKeys (ConfUtils.java:logGet(46)) - raft.server.threadpool.proxy.size = 0 (default)
2023-12-28 09:09:47,275 [3b28bb72-2ab1-44e1-a9b9-2481c9e85245-impl-thread1] INFO  server.RaftServer (RaftServerProxy.java:initGroupDir(264)) - 3b28bb72-2ab1-44e1-a9b9-2481c9e85245: found a subdirectory /home/runner/work/ozone/ozone/hadoop-ozone/integration-test/target/test-dir/MiniOzoneClusterImpl-7619c237-1de6-4815-bbe2-f0b52dfbd5bc/datanode-0/data/ratis/tmp
2023-12-28 09:09:47,275 [3b28bb72-2ab1-44e1-a9b9-2481c9e85245-impl-thread1] INFO  server.RaftServer (RaftServerProxy.java:initGroupDir(269)) - 3b28bb72-2ab1-44e1-a9b9-2481c9e85245: The directory /home/runner/work/ozone/ozone/hadoop-ozone/integration-test/target/test-dir/MiniOzoneClusterImpl-7619c237-1de6-4815-bbe2-f0b52dfbd5bc/datanode-0/data/ratis/tmp is not a group directory; ignoring it. 
2023-12-28 09:09:47,275 [main] INFO  replication.ReplicationServer (ReplicationServer.java:<init>(85)) - Initializing replication server with thread count = 10 queue length = 4096
2023-12-28 09:09:47,276 [main] INFO  server.XceiverServerGrpc (XceiverServerGrpc.java:<init>(141)) - GrpcServer channel type EpollServerSocketChannel
2023-12-28 09:09:47,277 [main] INFO  replication.ReplicationSupervisor (ReplicationSupervisor.java:build(163)) - Initializing replication supervisor with thread count = 10
2023-12-28 09:09:47,277 [main] INFO  replication.ReplicationSupervisor (ReplicationSupervisor.java:nodeStateUpdated(317)) - Node state updated to IN_SERVICE, scaling executor pool size to 10
2023-12-28 09:09:47,279 [main] INFO  http.BaseHttpServer (BaseHttpServer.java:newHttpServer2BuilderForOzone(223)) - Starting Web-server for hddsDatanode at: http://0.0.0.0:15365
2023-12-28 09:09:47,279 [main] INFO  http.BaseHttpServer (BaseHttpServer.java:<init>(110)) - Hadoop Security Enabled: false Ozone Security Enabled: false Ozone HTTP Security Enabled: false 
2023-12-28 09:09:47,280 [main] WARN  server.AuthenticationFilter (AuthenticationFilter.java:constructSecretProvider(240)) - Unable to initialize FileSignerSecretProvider, falling back to use random secrets. Reason: Could not read signature secret file: /home/runner/hadoop-http-auth-signature-secret
2023-12-28 09:09:47,280 [main] INFO  http.HttpRequestLog (HttpRequestLog.java:getRequestLog(86)) - Http request log for http.requests.hddsDatanode is not defined
2023-12-28 09:09:47,281 [main] INFO  http.HttpServer2 (HttpServer2.java:addGlobalFilter(1036)) - Added global filter 'safety' (class=org.apache.hadoop.hdds.server.http.HttpServer2$QuotingInputFilter)
2023-12-28 09:09:47,281 [main] INFO  http.HttpServer2 (HttpServer2.java:addFilter(1012)) - Added filter static_user_filter (class=org.apache.hadoop.http.lib.StaticUserWebFilter$StaticUserFilter) to context hddsDatanode
2023-12-28 09:09:47,281 [main] INFO  http.HttpServer2 (HttpServer2.java:addFilter(1020)) - Added filter static_user_filter (class=org.apache.hadoop.http.lib.StaticUserWebFilter$StaticUserFilter) to context static
2023-12-28 09:09:47,281 [main] INFO  http.HttpServer2 (HttpServer2.java:addFilter(1020)) - Added filter static_user_filter (class=org.apache.hadoop.http.lib.StaticUserWebFilter$StaticUserFilter) to context logs
2023-12-28 09:09:47,282 [main] INFO  http.BaseHttpServer (BaseHttpServer.java:<init>(189)) - HTTP server of hddsDatanode uses base directory /home/runner/work/ozone/ozone/hadoop-ozone/integration-test/target/test-dir/MiniOzoneClusterImpl-7619c237-1de6-4815-bbe2-f0b52dfbd5bc/datanode-0/meta/webserver
2023-12-28 09:09:47,282 [main] INFO  http.HttpServer2 (HttpServer2.java:bindListener(1236)) - Jetty bound to port 15365
2023-12-28 09:09:47,282 [main] INFO  server.Server (Server.java:doStart(375)) - jetty-9.4.53.v20231009; built: 2023-10-09T12:29:09.265Z; git: 27bde00a0b95a1d5bbee0eae7984f891d2d0f8c9; jvm 1.8.0_392-b08
2023-12-28 09:09:47,283 [main] INFO  server.session (DefaultSessionIdManager.java:doStart(334)) - DefaultSessionIdManager workerName=node0
2023-12-28 09:09:47,283 [main] INFO  server.session (DefaultSessionIdManager.java:doStart(339)) - No SessionScavenger set, using defaults
2023-12-28 09:09:47,283 [main] INFO  server.session (HouseKeeper.java:startScavenging(132)) - node0 Scavenging every 600000ms
2023-12-28 09:09:47,284 [main] INFO  handler.ContextHandler (ContextHandler.java:doStart(921)) - Started o.e.j.s.ServletContextHandler@3775564e{logs,/logs,file:///home/runner/work/ozone/ozone/hadoop-ozone/integration-test/target/log,AVAILABLE}
2023-12-28 09:09:47,284 [main] INFO  handler.ContextHandler (ContextHandler.java:doStart(921)) - Started o.e.j.s.ServletContextHandler@50b2fe37{static,/static,jar:file:/home/runner/.m2/repository/org/apache/ozone/hdds-container-service/1.5.0-SNAPSHOT/hdds-container-service-1.5.0-SNAPSHOT.jar!/webapps/static,AVAILABLE}
2023-12-28 09:09:47,316 [main] INFO  handler.ContextHandler (ContextHandler.java:doStart(921)) - Started o.e.j.w.WebAppContext@3e45249a{hddsDatanode,/,file:///home/runner/work/ozone/ozone/hadoop-ozone/integration-test/target/test-dir/MiniOzoneClusterImpl-7619c237-1de6-4815-bbe2-f0b52dfbd5bc/datanode-0/meta/webserver/jetty-0_0_0_0-15365-hdds-container-service-1_5_0-SNAPSHOT_jar-_-any-4402209394149701176/webapp/,AVAILABLE}{jar:file:/home/runner/.m2/repository/org/apache/ozone/hdds-container-service/1.5.0-SNAPSHOT/hdds-container-service-1.5.0-SNAPSHOT.jar!/webapps/hddsDatanode}
2023-12-28 09:09:47,317 [main] INFO  server.AbstractConnector (AbstractConnector.java:doStart(333)) - Started ServerConnector@2d9c1f8f{HTTP/1.1, (http/1.1)}{0.0.0.0:15365}
2023-12-28 09:09:47,317 [main] INFO  server.Server (Server.java:doStart(415)) - Started @132335ms
2023-12-28 09:09:47,317 [main] WARN  impl.MetricsSystemImpl (MetricsSystemImpl.java:register(279)) - Sink prometheus already exists!
2023-12-28 09:09:47,318 [main] INFO  http.BaseHttpServer (BaseHttpServer.java:updateConnectorAddress(354)) - HTTP server of hddsDatanode listening at http://0.0.0.0:15365
2023-12-28 09:09:47,318 [main] INFO  ipc.CallQueueManager (CallQueueManager.java:<init>(90)) - Using callQueue: class java.util.concurrent.LinkedBlockingQueue, queueCapacity: 100, scheduler: class org.apache.hadoop.ipc.DefaultRpcScheduler, ipcBackoff: false.
2023-12-28 09:09:47,318 [main] INFO  ipc.Server (Server.java:<init>(1287)) - Listener at 0.0.0.0:15366
2023-12-28 09:09:47,319 [Socket Reader #1 for port 15366] INFO  ipc.Server (Server.java:run(1323)) - Starting Socket Reader #1 for port 15366
2023-12-28 09:09:47,320 [main] INFO  ozone.HddsDatanodeService (HddsDatanodeService.java:start(324)) - Datanode start with admins: [runner]
2023-12-28 09:09:47,320 [main] INFO  ozone.HddsDatanodeClientProtocolServer (HddsDatanodeClientProtocolServer.java:start(72)) - RPC server for Client /0.0.0.0:15366
2023-12-28 09:09:47,320 [IPC Server Responder] INFO  ipc.Server (Server.java:run(1562)) - IPC Server Responder: starting
2023-12-28 09:09:47,321 [IPC Server listener on 15366] INFO  ipc.Server (Server.java:run(1402)) - IPC Server listener on 15366: starting
2023-12-28 09:09:47,321 [3b28bb72-2ab1-44e1-a9b9-2481c9e85245-DatanodeStateMachineDaemonThread] INFO  statemachine.DatanodeStateMachine (DatanodeStateMachine.java:lambda$startDaemon$1(555)) - Ozone container server started.
2023-12-28 09:09:47,322 [main] WARN  dropwizard3.Dm3MetricRegistriesImpl (Dm3MetricRegistriesImpl.java:addReporterRegistration(113)) - New reporters are added after registries were created. Some metrics will be missing from the reporter. Please add reporter before adding any new registry.
2023-12-28 09:09:47,322 [main] WARN  dropwizard3.Dm3MetricRegistriesImpl (Dm3MetricRegistriesImpl.java:addReporterRegistration(113)) - New reporters are added after registries were created. Some metrics will be missing from the reporter. Please add reporter before adding any new registry.
2023-12-28 09:09:47,323 [main] INFO  impl.MetricsSystemImpl (MetricsSystemImpl.java:init(158)) - HddsDatanode metrics system started (again)
2023-12-28 09:09:47,328 [3b28bb72-2ab1-44e1-a9b9-2481c9e85245-DatanodeStateMachineTaskThread-0] INFO  datanode.InitDatanodeState (InitDatanodeState.java:persistContainerDatanodeDetails(139)) - DatanodeDetails is persisted to /home/runner/work/ozone/ozone/hadoop-ozone/integration-test/target/test-dir/MiniOzoneClusterImpl-7619c237-1de6-4815-bbe2-f0b52dfbd5bc/datanode-0/meta/datanode.id
2023-12-28 09:09:47,330 [main] INFO  ozone.HddsDatanodeService (HddsDatanodeService.java:start(239)) - HddsDatanodeService host:fv-az1384-14.e3qrh24bduyexj1tcof5x1etkc.ex.internal.cloudapp.net ip:10.1.0.14
2023-12-28 09:09:47,347 [main] INFO  upgrade.AbstractLayoutVersionManager (AbstractLayoutVersionManager.java:init(83)) - Initializing Layout version manager with metadata layout = HADOOP_PRC_PORTS_IN_DATANODEDETAILS (version = 7), software layout = HADOOP_PRC_PORTS_IN_DATANODEDETAILS (version = 7)
2023-12-28 09:09:47,348 [main] INFO  statemachine.DatanodeStateMachine (DatanodeStateMachine.java:getEndPointTaskThreadPoolSize(299)) - Datanode State Machine Task Thread Pool size 2
2023-12-28 09:09:47,349 [main] ERROR lib.MethodMetric (MethodMetric.java:snapshot(117)) - Error invoking method getCommitted
java.lang.reflect.InvocationTargetException
	at sun.reflect.GeneratedMethodAccessor85.invoke(Unknown Source)
	at sun.reflect.DelegatingMethodAccessorImpl.invoke(DelegatingMethodAccessorImpl.java:43)
	at java.lang.reflect.Method.invoke(Method.java:498)
	at org.apache.hadoop.metrics2.lib.MethodMetric$2.snapshot(MethodMetric.java:111)
	at org.apache.hadoop.metrics2.lib.MethodMetric.snapshot(MethodMetric.java:142)
	at org.apache.hadoop.metrics2.lib.MetricsRegistry.snapshot(MetricsRegistry.java:447)
	at org.apache.hadoop.metrics2.lib.MetricsSourceBuilder$1.getMetrics(MetricsSourceBuilder.java:89)
	at org.apache.hadoop.metrics2.impl.MetricsSourceAdapter.getMetrics(MetricsSourceAdapter.java:200)
	at org.apache.hadoop.metrics2.impl.MetricsSourceAdapter.updateJmxCache(MetricsSourceAdapter.java:183)
	at org.apache.hadoop.metrics2.impl.MetricsSourceAdapter.getMBeanInfo(MetricsSourceAdapter.java:156)
	at com.sun.jmx.interceptor.DefaultMBeanServerInterceptor.getNewMBeanClassName(DefaultMBeanServerInterceptor.java:333)
	at com.sun.jmx.interceptor.DefaultMBeanServerInterceptor.registerMBean(DefaultMBeanServerInterceptor.java:319)
	at com.sun.jmx.mbeanserver.JmxMBeanServer.registerMBean(JmxMBeanServer.java:522)
	at org.apache.hadoop.metrics2.util.MBeans.register(MBeans.java:100)
	at org.apache.hadoop.metrics2.util.MBeans.register(MBeans.java:73)
	at org.apache.hadoop.metrics2.impl.MetricsSourceAdapter.startMBeans(MetricsSourceAdapter.java:222)
	at org.apache.hadoop.metrics2.impl.MetricsSourceAdapter.start(MetricsSourceAdapter.java:101)
	at org.apache.hadoop.metrics2.impl.MetricsSystemImpl.registerSource(MetricsSystemImpl.java:268)
	at org.apache.hadoop.metrics2.impl.MetricsSystemImpl.register(MetricsSystemImpl.java:233)
	at org.apache.hadoop.ozone.container.common.volume.VolumeInfoMetrics.init(VolumeInfoMetrics.java:50)
	at org.apache.hadoop.ozone.container.common.volume.VolumeInfoMetrics.<init>(VolumeInfoMetrics.java:45)
	at org.apache.hadoop.ozone.container.common.volume.HddsVolume.<init>(HddsVolume.java:123)
	at org.apache.hadoop.ozone.container.common.volume.HddsVolume.<init>(HddsVolume.java:71)
	at org.apache.hadoop.ozone.container.common.volume.HddsVolume$Builder.build(HddsVolume.java:111)
	at org.apache.hadoop.ozone.container.common.volume.HddsVolumeFactory.createVolume(HddsVolumeFactory.java:48)
	at org.apache.hadoop.ozone.container.common.volume.MutableVolumeSet.initializeVolumeSet(MutableVolumeSet.java:170)
	at org.apache.hadoop.ozone.container.common.volume.MutableVolumeSet.<init>(MutableVolumeSet.java:132)
	at org.apache.hadoop.ozone.container.common.volume.MutableVolumeSet.<init>(MutableVolumeSet.java:96)
	at org.apache.hadoop.ozone.container.ozoneimpl.OzoneContainer.<init>(OzoneContainer.java:149)
	at org.apache.hadoop.ozone.container.common.statemachine.DatanodeStateMachine.<init>(DatanodeStateMachine.java:186)
	at org.apache.hadoop.ozone.HddsDatanodeService.start(HddsDatanodeService.java:296)
	at org.apache.hadoop.ozone.MiniOzoneClusterImpl.startHddsDatanode(MiniOzoneClusterImpl.java:489)
	at java.util.ArrayList.forEach(ArrayList.java:1259)
	at org.apache.hadoop.ozone.MiniOzoneClusterImpl.startHddsDatanodes(MiniOzoneClusterImpl.java:497)
	at org.apache.hadoop.ozone.MiniOzoneClusterImpl$Builder.build(MiniOzoneClusterImpl.java:627)
	at org.apache.hadoop.ozone.client.rpc.TestWatchForCommit.init(TestWatchForCommit.java:149)
	at sun.reflect.NativeMethodAccessorImpl.invoke0(Native Method)
	at sun.reflect.NativeMethodAccessorImpl.invoke(NativeMethodAccessorImpl.java:62)
	at sun.reflect.DelegatingMethodAccessorImpl.invoke(DelegatingMethodAccessorImpl.java:43)
	at java.lang.reflect.Method.invoke(Method.java:498)
	at org.junit.platform.commons.util.ReflectionUtils.invokeMethod(ReflectionUtils.java:728)
	at org.junit.jupiter.engine.execution.MethodInvocation.proceed(MethodInvocation.java:60)
	at org.junit.jupiter.engine.execution.InvocationInterceptorChain$ValidatingInvocation.proceed(InvocationInterceptorChain.java:131)
	at org.junit.jupiter.engine.extension.TimeoutExtension.intercept(TimeoutExtension.java:156)
	at org.junit.jupiter.engine.extension.TimeoutExtension.interceptLifecycleMethod(TimeoutExtension.java:128)
	at org.junit.jupiter.engine.extension.TimeoutExtension.interceptBeforeEachMethod(TimeoutExtension.java:78)
	at org.junit.jupiter.engine.execution.InterceptingExecutableInvoker$ReflectiveInterceptorCall.lambda$ofVoidMethod$0(InterceptingExecutableInvoker.java:103)
	at org.junit.jupiter.engine.execution.InterceptingExecutableInvoker.lambda$invoke$0(InterceptingExecutableInvoker.java:93)
	at org.junit.jupiter.engine.execution.InvocationInterceptorChain$InterceptedInvocation.proceed(InvocationInterceptorChain.java:106)
	at org.junit.jupiter.engine.execution.InvocationInterceptorChain.proceed(InvocationInterceptorChain.java:64)
	at org.junit.jupiter.engine.execution.InvocationInterceptorChain.chainAndInvoke(InvocationInterceptorChain.java:45)
	at org.junit.jupiter.engine.execution.InvocationInterceptorChain.invoke(InvocationInterceptorChain.java:37)
	at org.junit.jupiter.engine.execution.InterceptingExecutableInvoker.invoke(InterceptingExecutableInvoker.java:92)
	at org.junit.jupiter.engine.execution.InterceptingExecutableInvoker.invoke(InterceptingExecutableInvoker.java:86)
	at org.junit.jupiter.engine.descriptor.ClassBasedTestDescriptor.invokeMethodInExtensionContext(ClassBasedTestDescriptor.java:521)
	at org.junit.jupiter.engine.descriptor.ClassBasedTestDescriptor.lambda$synthesizeBeforeEachMethodAdapter$23(ClassBasedTestDescriptor.java:506)
	at org.junit.jupiter.engine.descriptor.TestMethodTestDescriptor.lambda$invokeBeforeEachMethods$3(TestMethodTestDescriptor.java:175)
	at org.junit.jupiter.engine.descriptor.TestMethodTestDescriptor.lambda$invokeBeforeMethodsOrCallbacksUntilExceptionOccurs$6(TestMethodTestDescriptor.java:203)
	at org.junit.platform.engine.support.hierarchical.ThrowableCollector.execute(ThrowableCollector.java:73)
	at org.junit.jupiter.engine.descriptor.TestMethodTestDescriptor.invokeBeforeMethodsOrCallbacksUntilExceptionOccurs(TestMethodTestDescriptor.java:203)
	at org.junit.jupiter.engine.descriptor.TestMethodTestDescriptor.invokeBeforeEachMethods(TestMethodTestDescriptor.java:172)
	at org.junit.jupiter.engine.descriptor.TestMethodTestDescriptor.execute(TestMethodTestDescriptor.java:135)
	at org.junit.jupiter.engine.descriptor.TestMethodTestDescriptor.execute(TestMethodTestDescriptor.java:69)
	at org.junit.platform.engine.support.hierarchical.NodeTestTask.lambda$executeRecursively$6(NodeTestTask.java:151)
	at org.junit.platform.engine.support.hierarchical.ThrowableCollector.execute(ThrowableCollector.java:73)
	at org.junit.platform.engine.support.hierarchical.NodeTestTask.lambda$executeRecursively$8(NodeTestTask.java:141)
	at org.junit.platform.engine.support.hierarchical.Node.around(Node.java:137)
	at org.junit.platform.engine.support.hierarchical.NodeTestTask.lambda$executeRecursively$9(NodeTestTask.java:139)
	at org.junit.platform.engine.support.hierarchical.ThrowableCollector.execute(ThrowableCollector.java:73)
	at org.junit.platform.engine.support.hierarchical.NodeTestTask.executeRecursively(NodeTestTask.java:138)
	at org.junit.platform.engine.support.hierarchical.NodeTestTask.execute(NodeTestTask.java:95)
	at java.util.ArrayList.forEach(ArrayList.java:1259)
	at org.junit.platform.engine.support.hierarchical.SameThreadHierarchicalTestExecutorService.invokeAll(SameThreadHierarchicalTestExecutorService.java:41)
	at org.junit.platform.engine.support.hierarchical.NodeTestTask.lambda$executeRecursively$6(NodeTestTask.java:155)
	at org.junit.platform.engine.support.hierarchical.ThrowableCollector.execute(ThrowableCollector.java:73)
	at org.junit.platform.engine.support.hierarchical.NodeTestTask.lambda$executeRecursively$8(NodeTestTask.java:141)
	at org.junit.platform.engine.support.hierarchical.Node.around(Node.java:137)
	at org.junit.platform.engine.support.hierarchical.NodeTestTask.lambda$executeRecursively$9(NodeTestTask.java:139)
	at org.junit.platform.engine.support.hierarchical.ThrowableCollector.execute(ThrowableCollector.java:73)
	at org.junit.platform.engine.support.hierarchical.NodeTestTask.executeRecursively(NodeTestTask.java:138)
	at org.junit.platform.engine.support.hierarchical.NodeTestTask.execute(NodeTestTask.java:95)
	at java.util.ArrayList.forEach(ArrayList.java:1259)
	at org.junit.platform.engine.support.hierarchical.SameThreadHierarchicalTestExecutorService.invokeAll(SameThreadHierarchicalTestExecutorService.java:41)
	at org.junit.platform.engine.support.hierarchical.NodeTestTask.lambda$executeRecursively$6(NodeTestTask.java:155)
	at org.junit.platform.engine.support.hierarchical.ThrowableCollector.execute(ThrowableCollector.java:73)
	at org.junit.platform.engine.support.hierarchical.NodeTestTask.lambda$executeRecursively$8(NodeTestTask.java:141)
	at org.junit.platform.engine.support.hierarchical.Node.around(Node.java:137)
	at org.junit.platform.engine.support.hierarchical.NodeTestTask.lambda$executeRecursively$9(NodeTestTask.java:139)
	at org.junit.platform.engine.support.hierarchical.ThrowableCollector.execute(ThrowableCollector.java:73)
	at org.junit.platform.engine.support.hierarchical.NodeTestTask.executeRecursively(NodeTestTask.java:138)
	at org.junit.platform.engine.support.hierarchical.NodeTestTask.execute(NodeTestTask.java:95)
	at org.junit.platform.engine.support.hierarchical.SameThreadHierarchicalTestExecutorService.submit(SameThreadHierarchicalTestExecutorService.java:35)
	at org.junit.platform.engine.support.hierarchical.HierarchicalTestExecutor.execute(HierarchicalTestExecutor.java:57)
	at org.junit.platform.engine.support.hierarchical.HierarchicalTestEngine.execute(HierarchicalTestEngine.java:54)
	at org.junit.platform.launcher.core.EngineExecutionOrchestrator.execute(EngineExecutionOrchestrator.java:198)
	at org.junit.platform.launcher.core.EngineExecutionOrchestrator.execute(EngineExecutionOrchestrator.java:169)
	at org.junit.platform.launcher.core.EngineExecutionOrchestrator.execute(EngineExecutionOrchestrator.java:93)
	at org.junit.platform.launcher.core.EngineExecutionOrchestrator.lambda$execute$0(EngineExecutionOrchestrator.java:58)
	at org.junit.platform.launcher.core.EngineExecutionOrchestrator.withInterceptedStreams(EngineExecutionOrchestrator.java:141)
	at org.junit.platform.launcher.core.EngineExecutionOrchestrator.execute(EngineExecutionOrchestrator.java:57)
	at org.junit.platform.launcher.core.DefaultLauncher.execute(DefaultLauncher.java:103)
	at org.junit.platform.launcher.core.DefaultLauncher.execute(DefaultLauncher.java:85)
	at org.junit.platform.launcher.core.DelegatingLauncher.execute(DelegatingLauncher.java:47)
	at org.apache.maven.surefire.junitplatform.LazyLauncher.execute(LazyLauncher.java:56)
	at org.apache.maven.surefire.junitplatform.JUnitPlatformProvider.invokeAllTests(JUnitPlatformProvider.java:162)
	at org.apache.maven.surefire.junitplatform.JUnitPlatformProvider.invoke(JUnitPlatformProvider.java:120)
	at org.apache.maven.surefire.booter.ForkedBooter.runSuitesInProcess(ForkedBooter.java:385)
	at org.apache.maven.surefire.booter.ForkedBooter.execute(ForkedBooter.java:162)
	at org.apache.maven.surefire.booter.ForkedBooter.run(ForkedBooter.java:507)
	at org.apache.maven.surefire.booter.ForkedBooter.main(ForkedBooter.java:495)
Caused by: java.lang.NullPointerException
	at org.apache.hadoop.ozone.container.common.volume.HddsVolume.getCommittedBytes(HddsVolume.java:303)
	at org.apache.hadoop.ozone.container.common.volume.VolumeInfoMetrics.getCommitted(VolumeInfoMetrics.java:147)
	... 110 more
2023-12-28 09:09:47,349 [main] INFO  volume.HddsVolume (HddsVolume.java:<init>(126)) - Creating HddsVolume: /home/runner/work/ozone/ozone/hadoop-ozone/integration-test/target/test-dir/MiniOzoneClusterImpl-7619c237-1de6-4815-bbe2-f0b52dfbd5bc/datanode-1/data-0/containers/hdds of storage type : DISK capacity : 9223372036854775807
2023-12-28 09:09:47,349 [main] INFO  volume.MutableVolumeSet (MutableVolumeSet.java:initializeVolumeSet(173)) - Added Volume : /home/runner/work/ozone/ozone/hadoop-ozone/integration-test/target/test-dir/MiniOzoneClusterImpl-7619c237-1de6-4815-bbe2-f0b52dfbd5bc/datanode-1/data-0/containers/hdds to VolumeSet
2023-12-28 09:09:47,350 [main] INFO  volume.MutableVolumeSet (MutableVolumeSet.java:initializeVolumeSet(173)) - Added Volume : /home/runner/work/ozone/ozone/hadoop-ozone/integration-test/target/test-dir/MiniOzoneClusterImpl-7619c237-1de6-4815-bbe2-f0b52dfbd5bc/datanode-1/data/ratis to VolumeSet
2023-12-28 09:09:47,350 [main] INFO  ozoneimpl.OzoneContainer (HddsVolumeUtil.java:loadAllHddsVolumeDbStore(103)) - Load 1 volumes DbStore cost: 0ms
2023-12-28 09:09:47,351 [d5d8acbd-90b5-4ada-8600-10487a3abfb2-ContainerReader-0] INFO  ozoneimpl.ContainerReader (ContainerReader.java:readVolume(178)) - Finish verifying containers on volume /home/runner/work/ozone/ozone/hadoop-ozone/integration-test/target/test-dir/MiniOzoneClusterImpl-7619c237-1de6-4815-bbe2-f0b52dfbd5bc/datanode-1/data-0/containers/hdds
2023-12-28 09:09:47,351 [main] INFO  ozoneimpl.OzoneContainer (OzoneContainer.java:buildContainerSet(326)) - Build ContainerSet costs 0s
2023-12-28 09:09:47,352 [main] INFO  server.RaftServer (ConfUtils.java:logGet(46)) - raft.rpc.type = GRPC (default)
2023-12-28 09:09:47,352 [main] INFO  grpc.GrpcConfigKeys (ConfUtils.java:logFallback(53)) - raft.grpc.admin.host = null (fallback to raft.grpc.server.host)
2023-12-28 09:09:47,352 [main] INFO  grpc.GrpcConfigKeys (ConfUtils.java:logGet(46)) - raft.grpc.admin.port = 15378 (custom)
2023-12-28 09:09:47,352 [main] INFO  grpc.GrpcConfigKeys (ConfUtils.java:logFallback(53)) - raft.grpc.client.host = null (fallback to raft.grpc.server.host)
2023-12-28 09:09:47,352 [main] INFO  grpc.GrpcConfigKeys (ConfUtils.java:logGet(46)) - raft.grpc.client.port = 15377 (custom)
2023-12-28 09:09:47,352 [main] INFO  grpc.GrpcConfigKeys (ConfUtils.java:logGet(46)) - raft.grpc.server.host = null (default)
2023-12-28 09:09:47,353 [main] INFO  grpc.GrpcConfigKeys (ConfUtils.java:logGet(46)) - raft.grpc.server.port = 15379 (custom)
2023-12-28 09:09:47,353 [main] INFO  server.GrpcService (ConfUtils.java:logGet(46)) - raft.grpc.message.size.max = 32MB (=33554432) (custom)
2023-12-28 09:09:47,353 [main] INFO  server.RaftServerConfigKeys (ConfUtils.java:logGet(46)) - raft.server.log.appender.buffer.byte-limit = 8388608 (custom)
2023-12-28 09:09:47,353 [main] INFO  server.GrpcService (ConfUtils.java:logGet(46)) - raft.grpc.flow.control.window = 5MB (=5242880) (custom)
2023-12-28 09:09:47,353 [main] INFO  server.RaftServerConfigKeys (ConfUtils.java:logGet(46)) - raft.server.rpc.request.timeout = 3000ms (default)
2023-12-28 09:09:47,353 [main] INFO  grpc.GrpcConfigKeys (ConfUtils.java:logGet(46)) - raft.grpc.server.heartbeat.channel = true (default)
2023-12-28 09:09:47,353 [main] INFO  grpc.GrpcConfigKeys (ConfUtils.java:logGet(46)) - raft.grpc.server.async.request.thread.pool.cached = true (default)
2023-12-28 09:09:47,353 [main] INFO  grpc.GrpcConfigKeys (ConfUtils.java:logGet(46)) - raft.grpc.server.async.request.thread.pool.size = 32 (default)
2023-12-28 09:09:47,355 [main] INFO  impl.DataStreamServerImpl (ConfUtils.java:logGet(46)) - raft.datastream.type = NETTY (custom)
2023-12-28 09:09:47,355 [main] INFO  server.RaftServerConfigKeys (ConfUtils.java:logGet(46)) - raft.server.data-stream.async.request.thread.pool.cached = false (default)
2023-12-28 09:09:47,355 [main] INFO  server.RaftServerConfigKeys (ConfUtils.java:logGet(46)) - raft.server.data-stream.async.request.thread.pool.size = 20 (custom)
2023-12-28 09:09:47,355 [main] INFO  server.RaftServerConfigKeys (ConfUtils.java:logGet(46)) - raft.server.data-stream.async.write.thread.pool.size = 16 (default)
2023-12-28 09:09:47,355 [main] INFO  netty.NettyConfigKeys$DataStream (ConfUtils.java:logGet(46)) - raft.netty.dataStream.server.channel.inactive.grace-period = 10min (default)
2023-12-28 09:09:47,355 [main] INFO  server.RaftServerConfigKeys (ConfUtils.java:logGet(46)) - raft.server.data-stream.client.pool.size = 10 (default)
2023-12-28 09:09:47,356 [main] INFO  netty.NettyConfigKeys$DataStream (ConfUtils.java:logGet(46)) - raft.netty.dataStream.server.use-epoll = true (default)
2023-12-28 09:09:47,356 [main] INFO  netty.NettyConfigKeys$DataStream (ConfUtils.java:logGet(46)) - raft.netty.dataStream.server.boss-group.size = 0 (default)
2023-12-28 09:09:47,356 [main] INFO  netty.NettyUtils (NettyUtils.java:newEventLoopGroup(69)) - Create EpollEventLoopGroup for d5d8acbd-90b5-4ada-8600-10487a3abfb2-NettyServerStreamRpc-bossGroup; Thread size is 0.
2023-12-28 09:09:47,356 [main] INFO  netty.NettyConfigKeys$DataStream (ConfUtils.java:logGet(46)) - raft.netty.dataStream.server.worker-group.size = 0 (default)
2023-12-28 09:09:47,356 [main] INFO  netty.NettyUtils (NettyUtils.java:newEventLoopGroup(69)) - Create EpollEventLoopGroup for d5d8acbd-90b5-4ada-8600-10487a3abfb2-NettyServerStreamRpc-workerGroup; Thread size is 0.
2023-12-28 09:09:47,356 [main] INFO  netty.NettyConfigKeys$DataStream (ConfUtils.java:logGet(46)) - raft.netty.dataStream.server.tls.conf = null (default)
2023-12-28 09:09:47,356 [main] INFO  netty.NettyConfigKeys$DataStream (ConfUtils.java:logGet(46)) - raft.netty.dataStream.host = null (default)
2023-12-28 09:09:47,357 [main] INFO  netty.NettyConfigKeys$DataStream (ConfUtils.java:logGet(46)) - raft.netty.dataStream.port = 15380 (custom)
2023-12-28 09:09:47,357 [main] INFO  server.RaftServerConfigKeys (ConfUtils.java:logGet(46)) - raft.server.sleep.deviation.threshold = 300ms (default)
2023-12-28 09:09:47,357 [d5d8acbd-90b5-4ada-8600-10487a3abfb2-NettyServerStreamRpc-bossGroup--thread1] INFO  logging.LoggingHandler (AbstractInternalLogger.java:log(148)) - [id: 0x01264def] REGISTERED
2023-12-28 09:09:47,357 [main] INFO  server.RaftServerConfigKeys (ConfUtils.java:logGet(46)) - raft.server.close.threshold = 60s (default)
2023-12-28 09:09:47,357 [d5d8acbd-90b5-4ada-8600-10487a3abfb2-NettyServerStreamRpc-bossGroup--thread1] INFO  logging.LoggingHandler (AbstractInternalLogger.java:log(148)) - [id: 0x01264def] BIND: 0.0.0.0/0.0.0.0:15380
2023-12-28 09:09:47,357 [main] INFO  server.RaftServerConfigKeys (ConfUtils.java:logGet(46)) - raft.server.leaderelection.leader.step-down.wait-time = 10s (default)
2023-12-28 09:09:47,357 [d5d8acbd-90b5-4ada-8600-10487a3abfb2-NettyServerStreamRpc-bossGroup--thread1] INFO  logging.LoggingHandler (AbstractInternalLogger.java:log(148)) - [id: 0x01264def, L:/0.0.0.0:15380] ACTIVE
2023-12-28 09:09:47,357 [main] INFO  server.RaftServerConfigKeys (ConfUtils.java:logGet(46)) - raft.server.storage.dir = [/home/runner/work/ozone/ozone/hadoop-ozone/integration-test/target/test-dir/MiniOzoneClusterImpl-7619c237-1de6-4815-bbe2-f0b52dfbd5bc/datanode-1/data/ratis] (custom)
2023-12-28 09:09:47,358 [main] INFO  server.RaftServerConfigKeys (ConfUtils.java:logGet(46)) - raft.server.threadpool.proxy.cached = true (default)
2023-12-28 09:09:47,358 [main] INFO  server.RaftServerConfigKeys (ConfUtils.java:logGet(46)) - raft.server.threadpool.proxy.size = 0 (default)
2023-12-28 09:09:47,358 [d5d8acbd-90b5-4ada-8600-10487a3abfb2-impl-thread1] INFO  server.RaftServer (RaftServerProxy.java:initGroupDir(264)) - d5d8acbd-90b5-4ada-8600-10487a3abfb2: found a subdirectory /home/runner/work/ozone/ozone/hadoop-ozone/integration-test/target/test-dir/MiniOzoneClusterImpl-7619c237-1de6-4815-bbe2-f0b52dfbd5bc/datanode-1/data/ratis/tmp
2023-12-28 09:09:47,358 [d5d8acbd-90b5-4ada-8600-10487a3abfb2-impl-thread1] INFO  server.RaftServer (RaftServerProxy.java:initGroupDir(269)) - d5d8acbd-90b5-4ada-8600-10487a3abfb2: The directory /home/runner/work/ozone/ozone/hadoop-ozone/integration-test/target/test-dir/MiniOzoneClusterImpl-7619c237-1de6-4815-bbe2-f0b52dfbd5bc/datanode-1/data/ratis/tmp is not a group directory; ignoring it. 
2023-12-28 09:09:47,358 [main] INFO  replication.ReplicationServer (ReplicationServer.java:<init>(85)) - Initializing replication server with thread count = 10 queue length = 4096
2023-12-28 09:09:47,359 [main] INFO  server.XceiverServerGrpc (XceiverServerGrpc.java:<init>(141)) - GrpcServer channel type EpollServerSocketChannel
2023-12-28 09:09:47,360 [main] INFO  replication.ReplicationSupervisor (ReplicationSupervisor.java:build(163)) - Initializing replication supervisor with thread count = 10
2023-12-28 09:09:47,360 [main] INFO  replication.ReplicationSupervisor (ReplicationSupervisor.java:nodeStateUpdated(317)) - Node state updated to IN_SERVICE, scaling executor pool size to 10
2023-12-28 09:09:47,362 [main] INFO  http.BaseHttpServer (BaseHttpServer.java:newHttpServer2BuilderForOzone(223)) - Starting Web-server for hddsDatanode at: http://0.0.0.0:15374
2023-12-28 09:09:47,362 [main] INFO  http.BaseHttpServer (BaseHttpServer.java:<init>(110)) - Hadoop Security Enabled: false Ozone Security Enabled: false Ozone HTTP Security Enabled: false 
2023-12-28 09:09:47,363 [main] WARN  server.AuthenticationFilter (AuthenticationFilter.java:constructSecretProvider(240)) - Unable to initialize FileSignerSecretProvider, falling back to use random secrets. Reason: Could not read signature secret file: /home/runner/hadoop-http-auth-signature-secret
2023-12-28 09:09:47,363 [main] INFO  http.HttpRequestLog (HttpRequestLog.java:getRequestLog(86)) - Http request log for http.requests.hddsDatanode is not defined
2023-12-28 09:09:47,364 [main] INFO  http.HttpServer2 (HttpServer2.java:addGlobalFilter(1036)) - Added global filter 'safety' (class=org.apache.hadoop.hdds.server.http.HttpServer2$QuotingInputFilter)
2023-12-28 09:09:47,364 [main] INFO  http.HttpServer2 (HttpServer2.java:addFilter(1012)) - Added filter static_user_filter (class=org.apache.hadoop.http.lib.StaticUserWebFilter$StaticUserFilter) to context hddsDatanode
2023-12-28 09:09:47,364 [main] INFO  http.HttpServer2 (HttpServer2.java:addFilter(1020)) - Added filter static_user_filter (class=org.apache.hadoop.http.lib.StaticUserWebFilter$StaticUserFilter) to context logs
2023-12-28 09:09:47,365 [main] INFO  http.HttpServer2 (HttpServer2.java:addFilter(1020)) - Added filter static_user_filter (class=org.apache.hadoop.http.lib.StaticUserWebFilter$StaticUserFilter) to context static
2023-12-28 09:09:47,365 [main] INFO  http.BaseHttpServer (BaseHttpServer.java:<init>(189)) - HTTP server of hddsDatanode uses base directory /home/runner/work/ozone/ozone/hadoop-ozone/integration-test/target/test-dir/MiniOzoneClusterImpl-7619c237-1de6-4815-bbe2-f0b52dfbd5bc/datanode-1/meta/webserver
2023-12-28 09:09:47,366 [main] INFO  http.HttpServer2 (HttpServer2.java:bindListener(1236)) - Jetty bound to port 15374
2023-12-28 09:09:47,366 [main] INFO  server.Server (Server.java:doStart(375)) - jetty-9.4.53.v20231009; built: 2023-10-09T12:29:09.265Z; git: 27bde00a0b95a1d5bbee0eae7984f891d2d0f8c9; jvm 1.8.0_392-b08
2023-12-28 09:09:47,371 [main] INFO  server.session (DefaultSessionIdManager.java:doStart(334)) - DefaultSessionIdManager workerName=node0
2023-12-28 09:09:47,371 [main] INFO  server.session (DefaultSessionIdManager.java:doStart(339)) - No SessionScavenger set, using defaults
2023-12-28 09:09:47,371 [main] INFO  server.session (HouseKeeper.java:startScavenging(132)) - node0 Scavenging every 600000ms
2023-12-28 09:09:47,371 [main] INFO  handler.ContextHandler (ContextHandler.java:doStart(921)) - Started o.e.j.s.ServletContextHandler@5df82c9a{logs,/logs,file:///home/runner/work/ozone/ozone/hadoop-ozone/integration-test/target/log,AVAILABLE}
2023-12-28 09:09:47,372 [main] INFO  handler.ContextHandler (ContextHandler.java:doStart(921)) - Started o.e.j.s.ServletContextHandler@71baf9e3{static,/static,jar:file:/home/runner/.m2/repository/org/apache/ozone/hdds-container-service/1.5.0-SNAPSHOT/hdds-container-service-1.5.0-SNAPSHOT.jar!/webapps/static,AVAILABLE}
2023-12-28 09:09:47,403 [main] INFO  handler.ContextHandler (ContextHandler.java:doStart(921)) - Started o.e.j.w.WebAppContext@309d2156{hddsDatanode,/,file:///home/runner/work/ozone/ozone/hadoop-ozone/integration-test/target/test-dir/MiniOzoneClusterImpl-7619c237-1de6-4815-bbe2-f0b52dfbd5bc/datanode-1/meta/webserver/jetty-0_0_0_0-15374-hdds-container-service-1_5_0-SNAPSHOT_jar-_-any-7975200403007916822/webapp/,AVAILABLE}{jar:file:/home/runner/.m2/repository/org/apache/ozone/hdds-container-service/1.5.0-SNAPSHOT/hdds-container-service-1.5.0-SNAPSHOT.jar!/webapps/hddsDatanode}
2023-12-28 09:09:47,404 [main] INFO  server.AbstractConnector (AbstractConnector.java:doStart(333)) - Started ServerConnector@54a5a205{HTTP/1.1, (http/1.1)}{0.0.0.0:15374}
2023-12-28 09:09:47,404 [main] INFO  server.Server (Server.java:doStart(415)) - Started @132422ms
2023-12-28 09:09:47,404 [main] WARN  impl.MetricsSystemImpl (MetricsSystemImpl.java:register(279)) - Sink prometheus already exists!
2023-12-28 09:09:47,405 [main] INFO  http.BaseHttpServer (BaseHttpServer.java:updateConnectorAddress(354)) - HTTP server of hddsDatanode listening at http://0.0.0.0:15374
2023-12-28 09:09:47,405 [main] INFO  ipc.CallQueueManager (CallQueueManager.java:<init>(90)) - Using callQueue: class java.util.concurrent.LinkedBlockingQueue, queueCapacity: 100, scheduler: class org.apache.hadoop.ipc.DefaultRpcScheduler, ipcBackoff: false.
2023-12-28 09:09:47,405 [main] INFO  ipc.Server (Server.java:<init>(1287)) - Listener at 0.0.0.0:15375
2023-12-28 09:09:47,406 [Socket Reader #1 for port 15375] INFO  ipc.Server (Server.java:run(1323)) - Starting Socket Reader #1 for port 15375
2023-12-28 09:09:47,407 [main] INFO  ozone.HddsDatanodeService (HddsDatanodeService.java:start(324)) - Datanode start with admins: [runner]
2023-12-28 09:09:47,407 [main] INFO  ozone.HddsDatanodeClientProtocolServer (HddsDatanodeClientProtocolServer.java:start(72)) - RPC server for Client /0.0.0.0:15375
2023-12-28 09:09:47,408 [IPC Server Responder] INFO  ipc.Server (Server.java:run(1562)) - IPC Server Responder: starting
2023-12-28 09:09:47,408 [IPC Server listener on 15375] INFO  ipc.Server (Server.java:run(1402)) - IPC Server listener on 15375: starting
2023-12-28 09:09:47,411 [d5d8acbd-90b5-4ada-8600-10487a3abfb2-DatanodeStateMachineDaemonThread] INFO  statemachine.DatanodeStateMachine (DatanodeStateMachine.java:lambda$startDaemon$1(555)) - Ozone container server started.
2023-12-28 09:09:47,411 [main] WARN  dropwizard3.Dm3MetricRegistriesImpl (Dm3MetricRegistriesImpl.java:addReporterRegistration(113)) - New reporters are added after registries were created. Some metrics will be missing from the reporter. Please add reporter before adding any new registry.
2023-12-28 09:09:47,412 [main] WARN  dropwizard3.Dm3MetricRegistriesImpl (Dm3MetricRegistriesImpl.java:addReporterRegistration(113)) - New reporters are added after registries were created. Some metrics will be missing from the reporter. Please add reporter before adding any new registry.
2023-12-28 09:09:47,412 [main] INFO  impl.MetricsSystemImpl (MetricsSystemImpl.java:init(158)) - HddsDatanode metrics system started (again)
2023-12-28 09:09:47,415 [d5d8acbd-90b5-4ada-8600-10487a3abfb2-DatanodeStateMachineTaskThread-0] INFO  datanode.InitDatanodeState (InitDatanodeState.java:persistContainerDatanodeDetails(139)) - DatanodeDetails is persisted to /home/runner/work/ozone/ozone/hadoop-ozone/integration-test/target/test-dir/MiniOzoneClusterImpl-7619c237-1de6-4815-bbe2-f0b52dfbd5bc/datanode-1/meta/datanode.id
2023-12-28 09:09:47,420 [main] INFO  ozone.HddsDatanodeService (HddsDatanodeService.java:start(239)) - HddsDatanodeService host:fv-az1384-14.e3qrh24bduyexj1tcof5x1etkc.ex.internal.cloudapp.net ip:10.1.0.14
2023-12-28 09:09:47,439 [main] INFO  upgrade.AbstractLayoutVersionManager (AbstractLayoutVersionManager.java:init(83)) - Initializing Layout version manager with metadata layout = HADOOP_PRC_PORTS_IN_DATANODEDETAILS (version = 7), software layout = HADOOP_PRC_PORTS_IN_DATANODEDETAILS (version = 7)
2023-12-28 09:09:47,439 [main] INFO  statemachine.DatanodeStateMachine (DatanodeStateMachine.java:getEndPointTaskThreadPoolSize(299)) - Datanode State Machine Task Thread Pool size 2
2023-12-28 09:09:47,440 [main] ERROR lib.MethodMetric (MethodMetric.java:snapshot(117)) - Error invoking method getCommitted
java.lang.reflect.InvocationTargetException
	at sun.reflect.GeneratedMethodAccessor85.invoke(Unknown Source)
	at sun.reflect.DelegatingMethodAccessorImpl.invoke(DelegatingMethodAccessorImpl.java:43)
	at java.lang.reflect.Method.invoke(Method.java:498)
	at org.apache.hadoop.metrics2.lib.MethodMetric$2.snapshot(MethodMetric.java:111)
	at org.apache.hadoop.metrics2.lib.MethodMetric.snapshot(MethodMetric.java:142)
	at org.apache.hadoop.metrics2.lib.MetricsRegistry.snapshot(MetricsRegistry.java:447)
	at org.apache.hadoop.metrics2.lib.MetricsSourceBuilder$1.getMetrics(MetricsSourceBuilder.java:89)
	at org.apache.hadoop.metrics2.impl.MetricsSourceAdapter.getMetrics(MetricsSourceAdapter.java:200)
	at org.apache.hadoop.metrics2.impl.MetricsSourceAdapter.updateJmxCache(MetricsSourceAdapter.java:183)
	at org.apache.hadoop.metrics2.impl.MetricsSourceAdapter.getMBeanInfo(MetricsSourceAdapter.java:156)
	at com.sun.jmx.interceptor.DefaultMBeanServerInterceptor.getNewMBeanClassName(DefaultMBeanServerInterceptor.java:333)
	at com.sun.jmx.interceptor.DefaultMBeanServerInterceptor.registerMBean(DefaultMBeanServerInterceptor.java:319)
	at com.sun.jmx.mbeanserver.JmxMBeanServer.registerMBean(JmxMBeanServer.java:522)
	at org.apache.hadoop.metrics2.util.MBeans.register(MBeans.java:100)
	at org.apache.hadoop.metrics2.util.MBeans.register(MBeans.java:73)
	at org.apache.hadoop.metrics2.impl.MetricsSourceAdapter.startMBeans(MetricsSourceAdapter.java:222)
	at org.apache.hadoop.metrics2.impl.MetricsSourceAdapter.start(MetricsSourceAdapter.java:101)
	at org.apache.hadoop.metrics2.impl.MetricsSystemImpl.registerSource(MetricsSystemImpl.java:268)
	at org.apache.hadoop.metrics2.impl.MetricsSystemImpl.register(MetricsSystemImpl.java:233)
	at org.apache.hadoop.ozone.container.common.volume.VolumeInfoMetrics.init(VolumeInfoMetrics.java:50)
	at org.apache.hadoop.ozone.container.common.volume.VolumeInfoMetrics.<init>(VolumeInfoMetrics.java:45)
	at org.apache.hadoop.ozone.container.common.volume.HddsVolume.<init>(HddsVolume.java:123)
	at org.apache.hadoop.ozone.container.common.volume.HddsVolume.<init>(HddsVolume.java:71)
	at org.apache.hadoop.ozone.container.common.volume.HddsVolume$Builder.build(HddsVolume.java:111)
	at org.apache.hadoop.ozone.container.common.volume.HddsVolumeFactory.createVolume(HddsVolumeFactory.java:48)
	at org.apache.hadoop.ozone.container.common.volume.MutableVolumeSet.initializeVolumeSet(MutableVolumeSet.java:170)
	at org.apache.hadoop.ozone.container.common.volume.MutableVolumeSet.<init>(MutableVolumeSet.java:132)
	at org.apache.hadoop.ozone.container.common.volume.MutableVolumeSet.<init>(MutableVolumeSet.java:96)
	at org.apache.hadoop.ozone.container.ozoneimpl.OzoneContainer.<init>(OzoneContainer.java:149)
	at org.apache.hadoop.ozone.container.common.statemachine.DatanodeStateMachine.<init>(DatanodeStateMachine.java:186)
	at org.apache.hadoop.ozone.HddsDatanodeService.start(HddsDatanodeService.java:296)
	at org.apache.hadoop.ozone.MiniOzoneClusterImpl.startHddsDatanode(MiniOzoneClusterImpl.java:489)
	at java.util.ArrayList.forEach(ArrayList.java:1259)
	at org.apache.hadoop.ozone.MiniOzoneClusterImpl.startHddsDatanodes(MiniOzoneClusterImpl.java:497)
	at org.apache.hadoop.ozone.MiniOzoneClusterImpl$Builder.build(MiniOzoneClusterImpl.java:627)
	at org.apache.hadoop.ozone.client.rpc.TestWatchForCommit.init(TestWatchForCommit.java:149)
	at sun.reflect.NativeMethodAccessorImpl.invoke0(Native Method)
	at sun.reflect.NativeMethodAccessorImpl.invoke(NativeMethodAccessorImpl.java:62)
	at sun.reflect.DelegatingMethodAccessorImpl.invoke(DelegatingMethodAccessorImpl.java:43)
	at java.lang.reflect.Method.invoke(Method.java:498)
	at org.junit.platform.commons.util.ReflectionUtils.invokeMethod(ReflectionUtils.java:728)
	at org.junit.jupiter.engine.execution.MethodInvocation.proceed(MethodInvocation.java:60)
	at org.junit.jupiter.engine.execution.InvocationInterceptorChain$ValidatingInvocation.proceed(InvocationInterceptorChain.java:131)
	at org.junit.jupiter.engine.extension.TimeoutExtension.intercept(TimeoutExtension.java:156)
	at org.junit.jupiter.engine.extension.TimeoutExtension.interceptLifecycleMethod(TimeoutExtension.java:128)
	at org.junit.jupiter.engine.extension.TimeoutExtension.interceptBeforeEachMethod(TimeoutExtension.java:78)
	at org.junit.jupiter.engine.execution.InterceptingExecutableInvoker$ReflectiveInterceptorCall.lambda$ofVoidMethod$0(InterceptingExecutableInvoker.java:103)
	at org.junit.jupiter.engine.execution.InterceptingExecutableInvoker.lambda$invoke$0(InterceptingExecutableInvoker.java:93)
	at org.junit.jupiter.engine.execution.InvocationInterceptorChain$InterceptedInvocation.proceed(InvocationInterceptorChain.java:106)
	at org.junit.jupiter.engine.execution.InvocationInterceptorChain.proceed(InvocationInterceptorChain.java:64)
	at org.junit.jupiter.engine.execution.InvocationInterceptorChain.chainAndInvoke(InvocationInterceptorChain.java:45)
	at org.junit.jupiter.engine.execution.InvocationInterceptorChain.invoke(InvocationInterceptorChain.java:37)
	at org.junit.jupiter.engine.execution.InterceptingExecutableInvoker.invoke(InterceptingExecutableInvoker.java:92)
	at org.junit.jupiter.engine.execution.InterceptingExecutableInvoker.invoke(InterceptingExecutableInvoker.java:86)
	at org.junit.jupiter.engine.descriptor.ClassBasedTestDescriptor.invokeMethodInExtensionContext(ClassBasedTestDescriptor.java:521)
	at org.junit.jupiter.engine.descriptor.ClassBasedTestDescriptor.lambda$synthesizeBeforeEachMethodAdapter$23(ClassBasedTestDescriptor.java:506)
	at org.junit.jupiter.engine.descriptor.TestMethodTestDescriptor.lambda$invokeBeforeEachMethods$3(TestMethodTestDescriptor.java:175)
	at org.junit.jupiter.engine.descriptor.TestMethodTestDescriptor.lambda$invokeBeforeMethodsOrCallbacksUntilExceptionOccurs$6(TestMethodTestDescriptor.java:203)
	at org.junit.platform.engine.support.hierarchical.ThrowableCollector.execute(ThrowableCollector.java:73)
	at org.junit.jupiter.engine.descriptor.TestMethodTestDescriptor.invokeBeforeMethodsOrCallbacksUntilExceptionOccurs(TestMethodTestDescriptor.java:203)
	at org.junit.jupiter.engine.descriptor.TestMethodTestDescriptor.invokeBeforeEachMethods(TestMethodTestDescriptor.java:172)
	at org.junit.jupiter.engine.descriptor.TestMethodTestDescriptor.execute(TestMethodTestDescriptor.java:135)
	at org.junit.jupiter.engine.descriptor.TestMethodTestDescriptor.execute(TestMethodTestDescriptor.java:69)
	at org.junit.platform.engine.support.hierarchical.NodeTestTask.lambda$executeRecursively$6(NodeTestTask.java:151)
	at org.junit.platform.engine.support.hierarchical.ThrowableCollector.execute(ThrowableCollector.java:73)
	at org.junit.platform.engine.support.hierarchical.NodeTestTask.lambda$executeRecursively$8(NodeTestTask.java:141)
	at org.junit.platform.engine.support.hierarchical.Node.around(Node.java:137)
	at org.junit.platform.engine.support.hierarchical.NodeTestTask.lambda$executeRecursively$9(NodeTestTask.java:139)
	at org.junit.platform.engine.support.hierarchical.ThrowableCollector.execute(ThrowableCollector.java:73)
	at org.junit.platform.engine.support.hierarchical.NodeTestTask.executeRecursively(NodeTestTask.java:138)
	at org.junit.platform.engine.support.hierarchical.NodeTestTask.execute(NodeTestTask.java:95)
	at java.util.ArrayList.forEach(ArrayList.java:1259)
	at org.junit.platform.engine.support.hierarchical.SameThreadHierarchicalTestExecutorService.invokeAll(SameThreadHierarchicalTestExecutorService.java:41)
	at org.junit.platform.engine.support.hierarchical.NodeTestTask.lambda$executeRecursively$6(NodeTestTask.java:155)
	at org.junit.platform.engine.support.hierarchical.ThrowableCollector.execute(ThrowableCollector.java:73)
	at org.junit.platform.engine.support.hierarchical.NodeTestTask.lambda$executeRecursively$8(NodeTestTask.java:141)
	at org.junit.platform.engine.support.hierarchical.Node.around(Node.java:137)
	at org.junit.platform.engine.support.hierarchical.NodeTestTask.lambda$executeRecursively$9(NodeTestTask.java:139)
	at org.junit.platform.engine.support.hierarchical.ThrowableCollector.execute(ThrowableCollector.java:73)
	at org.junit.platform.engine.support.hierarchical.NodeTestTask.executeRecursively(NodeTestTask.java:138)
	at org.junit.platform.engine.support.hierarchical.NodeTestTask.execute(NodeTestTask.java:95)
	at java.util.ArrayList.forEach(ArrayList.java:1259)
	at org.junit.platform.engine.support.hierarchical.SameThreadHierarchicalTestExecutorService.invokeAll(SameThreadHierarchicalTestExecutorService.java:41)
	at org.junit.platform.engine.support.hierarchical.NodeTestTask.lambda$executeRecursively$6(NodeTestTask.java:155)
	at org.junit.platform.engine.support.hierarchical.ThrowableCollector.execute(ThrowableCollector.java:73)
	at org.junit.platform.engine.support.hierarchical.NodeTestTask.lambda$executeRecursively$8(NodeTestTask.java:141)
	at org.junit.platform.engine.support.hierarchical.Node.around(Node.java:137)
	at org.junit.platform.engine.support.hierarchical.NodeTestTask.lambda$executeRecursively$9(NodeTestTask.java:139)
	at org.junit.platform.engine.support.hierarchical.ThrowableCollector.execute(ThrowableCollector.java:73)
	at org.junit.platform.engine.support.hierarchical.NodeTestTask.executeRecursively(NodeTestTask.java:138)
	at org.junit.platform.engine.support.hierarchical.NodeTestTask.execute(NodeTestTask.java:95)
	at org.junit.platform.engine.support.hierarchical.SameThreadHierarchicalTestExecutorService.submit(SameThreadHierarchicalTestExecutorService.java:35)
	at org.junit.platform.engine.support.hierarchical.HierarchicalTestExecutor.execute(HierarchicalTestExecutor.java:57)
	at org.junit.platform.engine.support.hierarchical.HierarchicalTestEngine.execute(HierarchicalTestEngine.java:54)
	at org.junit.platform.launcher.core.EngineExecutionOrchestrator.execute(EngineExecutionOrchestrator.java:198)
	at org.junit.platform.launcher.core.EngineExecutionOrchestrator.execute(EngineExecutionOrchestrator.java:169)
	at org.junit.platform.launcher.core.EngineExecutionOrchestrator.execute(EngineExecutionOrchestrator.java:93)
	at org.junit.platform.launcher.core.EngineExecutionOrchestrator.lambda$execute$0(EngineExecutionOrchestrator.java:58)
	at org.junit.platform.launcher.core.EngineExecutionOrchestrator.withInterceptedStreams(EngineExecutionOrchestrator.java:141)
	at org.junit.platform.launcher.core.EngineExecutionOrchestrator.execute(EngineExecutionOrchestrator.java:57)
	at org.junit.platform.launcher.core.DefaultLauncher.execute(DefaultLauncher.java:103)
	at org.junit.platform.launcher.core.DefaultLauncher.execute(DefaultLauncher.java:85)
	at org.junit.platform.launcher.core.DelegatingLauncher.execute(DelegatingLauncher.java:47)
	at org.apache.maven.surefire.junitplatform.LazyLauncher.execute(LazyLauncher.java:56)
	at org.apache.maven.surefire.junitplatform.JUnitPlatformProvider.invokeAllTests(JUnitPlatformProvider.java:162)
	at org.apache.maven.surefire.junitplatform.JUnitPlatformProvider.invoke(JUnitPlatformProvider.java:120)
	at org.apache.maven.surefire.booter.ForkedBooter.runSuitesInProcess(ForkedBooter.java:385)
	at org.apache.maven.surefire.booter.ForkedBooter.execute(ForkedBooter.java:162)
	at org.apache.maven.surefire.booter.ForkedBooter.run(ForkedBooter.java:507)
	at org.apache.maven.surefire.booter.ForkedBooter.main(ForkedBooter.java:495)
Caused by: java.lang.NullPointerException
	at org.apache.hadoop.ozone.container.common.volume.HddsVolume.getCommittedBytes(HddsVolume.java:303)
	at org.apache.hadoop.ozone.container.common.volume.VolumeInfoMetrics.getCommitted(VolumeInfoMetrics.java:147)
	... 110 more
2023-12-28 09:09:47,440 [main] INFO  volume.HddsVolume (HddsVolume.java:<init>(126)) - Creating HddsVolume: /home/runner/work/ozone/ozone/hadoop-ozone/integration-test/target/test-dir/MiniOzoneClusterImpl-7619c237-1de6-4815-bbe2-f0b52dfbd5bc/datanode-2/data-0/containers/hdds of storage type : DISK capacity : 9223372036854775807
2023-12-28 09:09:47,441 [main] INFO  volume.MutableVolumeSet (MutableVolumeSet.java:initializeVolumeSet(173)) - Added Volume : /home/runner/work/ozone/ozone/hadoop-ozone/integration-test/target/test-dir/MiniOzoneClusterImpl-7619c237-1de6-4815-bbe2-f0b52dfbd5bc/datanode-2/data-0/containers/hdds to VolumeSet
2023-12-28 09:09:47,441 [main] INFO  volume.MutableVolumeSet (MutableVolumeSet.java:initializeVolumeSet(173)) - Added Volume : /home/runner/work/ozone/ozone/hadoop-ozone/integration-test/target/test-dir/MiniOzoneClusterImpl-7619c237-1de6-4815-bbe2-f0b52dfbd5bc/datanode-2/data/ratis to VolumeSet
2023-12-28 09:09:47,442 [main] INFO  ozoneimpl.OzoneContainer (HddsVolumeUtil.java:loadAllHddsVolumeDbStore(103)) - Load 1 volumes DbStore cost: 1ms
2023-12-28 09:09:47,442 [9b863e56-86de-43f6-b2a7-53906d690b33-ContainerReader-0] INFO  ozoneimpl.ContainerReader (ContainerReader.java:readVolume(178)) - Finish verifying containers on volume /home/runner/work/ozone/ozone/hadoop-ozone/integration-test/target/test-dir/MiniOzoneClusterImpl-7619c237-1de6-4815-bbe2-f0b52dfbd5bc/datanode-2/data-0/containers/hdds
2023-12-28 09:09:47,442 [main] INFO  ozoneimpl.OzoneContainer (OzoneContainer.java:buildContainerSet(326)) - Build ContainerSet costs 0s
2023-12-28 09:09:47,443 [main] INFO  server.RaftServer (ConfUtils.java:logGet(46)) - raft.rpc.type = GRPC (default)
2023-12-28 09:09:47,444 [main] INFO  grpc.GrpcConfigKeys (ConfUtils.java:logFallback(53)) - raft.grpc.admin.host = null (fallback to raft.grpc.server.host)
2023-12-28 09:09:47,444 [main] INFO  grpc.GrpcConfigKeys (ConfUtils.java:logGet(46)) - raft.grpc.admin.port = 15387 (custom)
2023-12-28 09:09:47,444 [main] INFO  grpc.GrpcConfigKeys (ConfUtils.java:logFallback(53)) - raft.grpc.client.host = null (fallback to raft.grpc.server.host)
2023-12-28 09:09:47,444 [main] INFO  grpc.GrpcConfigKeys (ConfUtils.java:logGet(46)) - raft.grpc.client.port = 15386 (custom)
2023-12-28 09:09:47,444 [main] INFO  grpc.GrpcConfigKeys (ConfUtils.java:logGet(46)) - raft.grpc.server.host = null (default)
2023-12-28 09:09:47,444 [main] INFO  grpc.GrpcConfigKeys (ConfUtils.java:logGet(46)) - raft.grpc.server.port = 15388 (custom)
2023-12-28 09:09:47,444 [main] INFO  server.GrpcService (ConfUtils.java:logGet(46)) - raft.grpc.message.size.max = 32MB (=33554432) (custom)
2023-12-28 09:09:47,445 [main] INFO  server.RaftServerConfigKeys (ConfUtils.java:logGet(46)) - raft.server.log.appender.buffer.byte-limit = 8388608 (custom)
2023-12-28 09:09:47,445 [main] INFO  server.GrpcService (ConfUtils.java:logGet(46)) - raft.grpc.flow.control.window = 5MB (=5242880) (custom)
2023-12-28 09:09:47,445 [main] INFO  server.RaftServerConfigKeys (ConfUtils.java:logGet(46)) - raft.server.rpc.request.timeout = 3000ms (default)
2023-12-28 09:09:47,445 [main] INFO  grpc.GrpcConfigKeys (ConfUtils.java:logGet(46)) - raft.grpc.server.heartbeat.channel = true (default)
2023-12-28 09:09:47,445 [main] INFO  grpc.GrpcConfigKeys (ConfUtils.java:logGet(46)) - raft.grpc.server.async.request.thread.pool.cached = true (default)
2023-12-28 09:09:47,445 [main] INFO  grpc.GrpcConfigKeys (ConfUtils.java:logGet(46)) - raft.grpc.server.async.request.thread.pool.size = 32 (default)
2023-12-28 09:09:47,447 [main] INFO  impl.DataStreamServerImpl (ConfUtils.java:logGet(46)) - raft.datastream.type = NETTY (custom)
2023-12-28 09:09:47,447 [main] INFO  server.RaftServerConfigKeys (ConfUtils.java:logGet(46)) - raft.server.data-stream.async.request.thread.pool.cached = false (default)
2023-12-28 09:09:47,447 [main] INFO  server.RaftServerConfigKeys (ConfUtils.java:logGet(46)) - raft.server.data-stream.async.request.thread.pool.size = 20 (custom)
2023-12-28 09:09:47,447 [main] INFO  server.RaftServerConfigKeys (ConfUtils.java:logGet(46)) - raft.server.data-stream.async.write.thread.pool.size = 16 (default)
2023-12-28 09:09:47,447 [main] INFO  netty.NettyConfigKeys$DataStream (ConfUtils.java:logGet(46)) - raft.netty.dataStream.server.channel.inactive.grace-period = 10min (default)
2023-12-28 09:09:47,447 [main] INFO  server.RaftServerConfigKeys (ConfUtils.java:logGet(46)) - raft.server.data-stream.client.pool.size = 10 (default)
2023-12-28 09:09:47,447 [main] INFO  netty.NettyConfigKeys$DataStream (ConfUtils.java:logGet(46)) - raft.netty.dataStream.server.use-epoll = true (default)
2023-12-28 09:09:47,447 [main] INFO  netty.NettyConfigKeys$DataStream (ConfUtils.java:logGet(46)) - raft.netty.dataStream.server.boss-group.size = 0 (default)
2023-12-28 09:09:47,448 [main] INFO  netty.NettyUtils (NettyUtils.java:newEventLoopGroup(69)) - Create EpollEventLoopGroup for 9b863e56-86de-43f6-b2a7-53906d690b33-NettyServerStreamRpc-bossGroup; Thread size is 0.
2023-12-28 09:09:47,448 [main] INFO  netty.NettyConfigKeys$DataStream (ConfUtils.java:logGet(46)) - raft.netty.dataStream.server.worker-group.size = 0 (default)
2023-12-28 09:09:47,448 [main] INFO  netty.NettyUtils (NettyUtils.java:newEventLoopGroup(69)) - Create EpollEventLoopGroup for 9b863e56-86de-43f6-b2a7-53906d690b33-NettyServerStreamRpc-workerGroup; Thread size is 0.
2023-12-28 09:09:47,448 [main] INFO  netty.NettyConfigKeys$DataStream (ConfUtils.java:logGet(46)) - raft.netty.dataStream.server.tls.conf = null (default)
2023-12-28 09:09:47,448 [main] INFO  netty.NettyConfigKeys$DataStream (ConfUtils.java:logGet(46)) - raft.netty.dataStream.host = null (default)
2023-12-28 09:09:47,448 [main] INFO  netty.NettyConfigKeys$DataStream (ConfUtils.java:logGet(46)) - raft.netty.dataStream.port = 15389 (custom)
2023-12-28 09:09:47,449 [main] INFO  server.RaftServerConfigKeys (ConfUtils.java:logGet(46)) - raft.server.sleep.deviation.threshold = 300ms (default)
2023-12-28 09:09:47,449 [main] INFO  server.RaftServerConfigKeys (ConfUtils.java:logGet(46)) - raft.server.close.threshold = 60s (default)
2023-12-28 09:09:47,449 [main] INFO  server.RaftServerConfigKeys (ConfUtils.java:logGet(46)) - raft.server.leaderelection.leader.step-down.wait-time = 10s (default)
2023-12-28 09:09:47,449 [9b863e56-86de-43f6-b2a7-53906d690b33-NettyServerStreamRpc-bossGroup--thread1] INFO  logging.LoggingHandler (AbstractInternalLogger.java:log(148)) - [id: 0x3fd381ac] REGISTERED
2023-12-28 09:09:47,449 [main] INFO  server.RaftServerConfigKeys (ConfUtils.java:logGet(46)) - raft.server.storage.dir = [/home/runner/work/ozone/ozone/hadoop-ozone/integration-test/target/test-dir/MiniOzoneClusterImpl-7619c237-1de6-4815-bbe2-f0b52dfbd5bc/datanode-2/data/ratis] (custom)
2023-12-28 09:09:47,449 [9b863e56-86de-43f6-b2a7-53906d690b33-NettyServerStreamRpc-bossGroup--thread1] INFO  logging.LoggingHandler (AbstractInternalLogger.java:log(148)) - [id: 0x3fd381ac] BIND: 0.0.0.0/0.0.0.0:15389
2023-12-28 09:09:47,449 [main] INFO  server.RaftServerConfigKeys (ConfUtils.java:logGet(46)) - raft.server.threadpool.proxy.cached = true (default)
2023-12-28 09:09:47,449 [main] INFO  server.RaftServerConfigKeys (ConfUtils.java:logGet(46)) - raft.server.threadpool.proxy.size = 0 (default)
2023-12-28 09:09:47,449 [9b863e56-86de-43f6-b2a7-53906d690b33-NettyServerStreamRpc-bossGroup--thread1] INFO  logging.LoggingHandler (AbstractInternalLogger.java:log(148)) - [id: 0x3fd381ac, L:/0.0.0.0:15389] ACTIVE
2023-12-28 09:09:47,450 [9b863e56-86de-43f6-b2a7-53906d690b33-impl-thread1] INFO  server.RaftServer (RaftServerProxy.java:initGroupDir(264)) - 9b863e56-86de-43f6-b2a7-53906d690b33: found a subdirectory /home/runner/work/ozone/ozone/hadoop-ozone/integration-test/target/test-dir/MiniOzoneClusterImpl-7619c237-1de6-4815-bbe2-f0b52dfbd5bc/datanode-2/data/ratis/tmp
2023-12-28 09:09:47,450 [9b863e56-86de-43f6-b2a7-53906d690b33-impl-thread1] INFO  server.RaftServer (RaftServerProxy.java:initGroupDir(269)) - 9b863e56-86de-43f6-b2a7-53906d690b33: The directory /home/runner/work/ozone/ozone/hadoop-ozone/integration-test/target/test-dir/MiniOzoneClusterImpl-7619c237-1de6-4815-bbe2-f0b52dfbd5bc/datanode-2/data/ratis/tmp is not a group directory; ignoring it. 
2023-12-28 09:09:47,450 [main] INFO  replication.ReplicationServer (ReplicationServer.java:<init>(85)) - Initializing replication server with thread count = 10 queue length = 4096
2023-12-28 09:09:47,451 [main] INFO  server.XceiverServerGrpc (XceiverServerGrpc.java:<init>(141)) - GrpcServer channel type EpollServerSocketChannel
2023-12-28 09:09:47,452 [main] INFO  replication.ReplicationSupervisor (ReplicationSupervisor.java:build(163)) - Initializing replication supervisor with thread count = 10
2023-12-28 09:09:47,452 [main] INFO  replication.ReplicationSupervisor (ReplicationSupervisor.java:nodeStateUpdated(317)) - Node state updated to IN_SERVICE, scaling executor pool size to 10
2023-12-28 09:09:47,453 [main] INFO  http.BaseHttpServer (BaseHttpServer.java:newHttpServer2BuilderForOzone(223)) - Starting Web-server for hddsDatanode at: http://0.0.0.0:15383
2023-12-28 09:09:47,453 [main] INFO  http.BaseHttpServer (BaseHttpServer.java:<init>(110)) - Hadoop Security Enabled: false Ozone Security Enabled: false Ozone HTTP Security Enabled: false 
2023-12-28 09:09:47,454 [main] WARN  server.AuthenticationFilter (AuthenticationFilter.java:constructSecretProvider(240)) - Unable to initialize FileSignerSecretProvider, falling back to use random secrets. Reason: Could not read signature secret file: /home/runner/hadoop-http-auth-signature-secret
2023-12-28 09:09:47,454 [main] INFO  http.HttpRequestLog (HttpRequestLog.java:getRequestLog(86)) - Http request log for http.requests.hddsDatanode is not defined
2023-12-28 09:09:47,455 [main] INFO  http.HttpServer2 (HttpServer2.java:addGlobalFilter(1036)) - Added global filter 'safety' (class=org.apache.hadoop.hdds.server.http.HttpServer2$QuotingInputFilter)
2023-12-28 09:09:47,455 [main] INFO  http.HttpServer2 (HttpServer2.java:addFilter(1012)) - Added filter static_user_filter (class=org.apache.hadoop.http.lib.StaticUserWebFilter$StaticUserFilter) to context hddsDatanode
2023-12-28 09:09:47,455 [main] INFO  http.HttpServer2 (HttpServer2.java:addFilter(1020)) - Added filter static_user_filter (class=org.apache.hadoop.http.lib.StaticUserWebFilter$StaticUserFilter) to context logs
2023-12-28 09:09:47,455 [main] INFO  http.HttpServer2 (HttpServer2.java:addFilter(1020)) - Added filter static_user_filter (class=org.apache.hadoop.http.lib.StaticUserWebFilter$StaticUserFilter) to context static
2023-12-28 09:09:47,456 [main] INFO  http.BaseHttpServer (BaseHttpServer.java:<init>(189)) - HTTP server of hddsDatanode uses base directory /home/runner/work/ozone/ozone/hadoop-ozone/integration-test/target/test-dir/MiniOzoneClusterImpl-7619c237-1de6-4815-bbe2-f0b52dfbd5bc/datanode-2/meta/webserver
2023-12-28 09:09:47,456 [main] INFO  http.HttpServer2 (HttpServer2.java:bindListener(1236)) - Jetty bound to port 15383
2023-12-28 09:09:47,456 [main] INFO  server.Server (Server.java:doStart(375)) - jetty-9.4.53.v20231009; built: 2023-10-09T12:29:09.265Z; git: 27bde00a0b95a1d5bbee0eae7984f891d2d0f8c9; jvm 1.8.0_392-b08
2023-12-28 09:09:47,457 [main] INFO  server.session (DefaultSessionIdManager.java:doStart(334)) - DefaultSessionIdManager workerName=node0
2023-12-28 09:09:47,457 [main] INFO  server.session (DefaultSessionIdManager.java:doStart(339)) - No SessionScavenger set, using defaults
2023-12-28 09:09:47,457 [main] INFO  server.session (HouseKeeper.java:startScavenging(132)) - node0 Scavenging every 600000ms
2023-12-28 09:09:47,458 [main] INFO  handler.ContextHandler (ContextHandler.java:doStart(921)) - Started o.e.j.s.ServletContextHandler@112a82fb{logs,/logs,file:///home/runner/work/ozone/ozone/hadoop-ozone/integration-test/target/log,AVAILABLE}
2023-12-28 09:09:47,458 [main] INFO  handler.ContextHandler (ContextHandler.java:doStart(921)) - Started o.e.j.s.ServletContextHandler@1fbef3f4{static,/static,jar:file:/home/runner/.m2/repository/org/apache/ozone/hdds-container-service/1.5.0-SNAPSHOT/hdds-container-service-1.5.0-SNAPSHOT.jar!/webapps/static,AVAILABLE}
2023-12-28 09:09:47,489 [main] INFO  handler.ContextHandler (ContextHandler.java:doStart(921)) - Started o.e.j.w.WebAppContext@4e18e7b3{hddsDatanode,/,file:///home/runner/work/ozone/ozone/hadoop-ozone/integration-test/target/test-dir/MiniOzoneClusterImpl-7619c237-1de6-4815-bbe2-f0b52dfbd5bc/datanode-2/meta/webserver/jetty-0_0_0_0-15383-hdds-container-service-1_5_0-SNAPSHOT_jar-_-any-8119910311084977759/webapp/,AVAILABLE}{jar:file:/home/runner/.m2/repository/org/apache/ozone/hdds-container-service/1.5.0-SNAPSHOT/hdds-container-service-1.5.0-SNAPSHOT.jar!/webapps/hddsDatanode}
2023-12-28 09:09:47,490 [main] INFO  server.AbstractConnector (AbstractConnector.java:doStart(333)) - Started ServerConnector@4bae6360{HTTP/1.1, (http/1.1)}{0.0.0.0:15383}
2023-12-28 09:09:47,490 [main] INFO  server.Server (Server.java:doStart(415)) - Started @132508ms
2023-12-28 09:09:47,490 [main] WARN  impl.MetricsSystemImpl (MetricsSystemImpl.java:register(279)) - Sink prometheus already exists!
2023-12-28 09:09:47,490 [main] INFO  http.BaseHttpServer (BaseHttpServer.java:updateConnectorAddress(354)) - HTTP server of hddsDatanode listening at http://0.0.0.0:15383
2023-12-28 09:09:47,491 [main] INFO  ipc.CallQueueManager (CallQueueManager.java:<init>(90)) - Using callQueue: class java.util.concurrent.LinkedBlockingQueue, queueCapacity: 100, scheduler: class org.apache.hadoop.ipc.DefaultRpcScheduler, ipcBackoff: false.
2023-12-28 09:09:47,491 [main] INFO  ipc.Server (Server.java:<init>(1287)) - Listener at 0.0.0.0:15384
2023-12-28 09:09:47,491 [Socket Reader #1 for port 15384] INFO  ipc.Server (Server.java:run(1323)) - Starting Socket Reader #1 for port 15384
2023-12-28 09:09:47,492 [main] INFO  ozone.HddsDatanodeService (HddsDatanodeService.java:start(324)) - Datanode start with admins: [runner]
2023-12-28 09:09:47,492 [main] INFO  ozone.HddsDatanodeClientProtocolServer (HddsDatanodeClientProtocolServer.java:start(72)) - RPC server for Client /0.0.0.0:15384
2023-12-28 09:09:47,493 [IPC Server Responder] INFO  ipc.Server (Server.java:run(1562)) - IPC Server Responder: starting
2023-12-28 09:09:47,493 [IPC Server listener on 15384] INFO  ipc.Server (Server.java:run(1402)) - IPC Server listener on 15384: starting
2023-12-28 09:09:47,494 [9b863e56-86de-43f6-b2a7-53906d690b33-DatanodeStateMachineDaemonThread] INFO  statemachine.DatanodeStateMachine (DatanodeStateMachine.java:lambda$startDaemon$1(555)) - Ozone container server started.
2023-12-28 09:09:47,494 [main] WARN  dropwizard3.Dm3MetricRegistriesImpl (Dm3MetricRegistriesImpl.java:addReporterRegistration(113)) - New reporters are added after registries were created. Some metrics will be missing from the reporter. Please add reporter before adding any new registry.
2023-12-28 09:09:47,494 [main] WARN  dropwizard3.Dm3MetricRegistriesImpl (Dm3MetricRegistriesImpl.java:addReporterRegistration(113)) - New reporters are added after registries were created. Some metrics will be missing from the reporter. Please add reporter before adding any new registry.
2023-12-28 09:09:47,495 [main] INFO  impl.MetricsSystemImpl (MetricsSystemImpl.java:init(158)) - HddsDatanode metrics system started (again)
2023-12-28 09:09:47,496 [9b863e56-86de-43f6-b2a7-53906d690b33-DatanodeStateMachineTaskThread-0] INFO  datanode.InitDatanodeState (InitDatanodeState.java:persistContainerDatanodeDetails(139)) - DatanodeDetails is persisted to /home/runner/work/ozone/ozone/hadoop-ozone/integration-test/target/test-dir/MiniOzoneClusterImpl-7619c237-1de6-4815-bbe2-f0b52dfbd5bc/datanode-2/meta/datanode.id
2023-12-28 09:09:47,503 [main] INFO  ozone.HddsDatanodeService (HddsDatanodeService.java:start(239)) - HddsDatanodeService host:fv-az1384-14.e3qrh24bduyexj1tcof5x1etkc.ex.internal.cloudapp.net ip:10.1.0.14
2023-12-28 09:09:47,525 [main] INFO  upgrade.AbstractLayoutVersionManager (AbstractLayoutVersionManager.java:init(83)) - Initializing Layout version manager with metadata layout = HADOOP_PRC_PORTS_IN_DATANODEDETAILS (version = 7), software layout = HADOOP_PRC_PORTS_IN_DATANODEDETAILS (version = 7)
2023-12-28 09:09:47,525 [main] INFO  statemachine.DatanodeStateMachine (DatanodeStateMachine.java:getEndPointTaskThreadPoolSize(299)) - Datanode State Machine Task Thread Pool size 2
2023-12-28 09:09:47,526 [main] ERROR lib.MethodMetric (MethodMetric.java:snapshot(117)) - Error invoking method getCommitted
java.lang.reflect.InvocationTargetException
	at sun.reflect.GeneratedMethodAccessor85.invoke(Unknown Source)
	at sun.reflect.DelegatingMethodAccessorImpl.invoke(DelegatingMethodAccessorImpl.java:43)
	at java.lang.reflect.Method.invoke(Method.java:498)
	at org.apache.hadoop.metrics2.lib.MethodMetric$2.snapshot(MethodMetric.java:111)
	at org.apache.hadoop.metrics2.lib.MethodMetric.snapshot(MethodMetric.java:142)
	at org.apache.hadoop.metrics2.lib.MetricsRegistry.snapshot(MetricsRegistry.java:447)
	at org.apache.hadoop.metrics2.lib.MetricsSourceBuilder$1.getMetrics(MetricsSourceBuilder.java:89)
	at org.apache.hadoop.metrics2.impl.MetricsSourceAdapter.getMetrics(MetricsSourceAdapter.java:200)
	at org.apache.hadoop.metrics2.impl.MetricsSourceAdapter.updateJmxCache(MetricsSourceAdapter.java:183)
	at org.apache.hadoop.metrics2.impl.MetricsSourceAdapter.getMBeanInfo(MetricsSourceAdapter.java:156)
	at com.sun.jmx.interceptor.DefaultMBeanServerInterceptor.getNewMBeanClassName(DefaultMBeanServerInterceptor.java:333)
	at com.sun.jmx.interceptor.DefaultMBeanServerInterceptor.registerMBean(DefaultMBeanServerInterceptor.java:319)
	at com.sun.jmx.mbeanserver.JmxMBeanServer.registerMBean(JmxMBeanServer.java:522)
	at org.apache.hadoop.metrics2.util.MBeans.register(MBeans.java:100)
	at org.apache.hadoop.metrics2.util.MBeans.register(MBeans.java:73)
	at org.apache.hadoop.metrics2.impl.MetricsSourceAdapter.startMBeans(MetricsSourceAdapter.java:222)
	at org.apache.hadoop.metrics2.impl.MetricsSourceAdapter.start(MetricsSourceAdapter.java:101)
	at org.apache.hadoop.metrics2.impl.MetricsSystemImpl.registerSource(MetricsSystemImpl.java:268)
	at org.apache.hadoop.metrics2.impl.MetricsSystemImpl.register(MetricsSystemImpl.java:233)
	at org.apache.hadoop.ozone.container.common.volume.VolumeInfoMetrics.init(VolumeInfoMetrics.java:50)
	at org.apache.hadoop.ozone.container.common.volume.VolumeInfoMetrics.<init>(VolumeInfoMetrics.java:45)
	at org.apache.hadoop.ozone.container.common.volume.HddsVolume.<init>(HddsVolume.java:123)
	at org.apache.hadoop.ozone.container.common.volume.HddsVolume.<init>(HddsVolume.java:71)
	at org.apache.hadoop.ozone.container.common.volume.HddsVolume$Builder.build(HddsVolume.java:111)
	at org.apache.hadoop.ozone.container.common.volume.HddsVolumeFactory.createVolume(HddsVolumeFactory.java:48)
	at org.apache.hadoop.ozone.container.common.volume.MutableVolumeSet.initializeVolumeSet(MutableVolumeSet.java:170)
	at org.apache.hadoop.ozone.container.common.volume.MutableVolumeSet.<init>(MutableVolumeSet.java:132)
	at org.apache.hadoop.ozone.container.common.volume.MutableVolumeSet.<init>(MutableVolumeSet.java:96)
	at org.apache.hadoop.ozone.container.ozoneimpl.OzoneContainer.<init>(OzoneContainer.java:149)
	at org.apache.hadoop.ozone.container.common.statemachine.DatanodeStateMachine.<init>(DatanodeStateMachine.java:186)
	at org.apache.hadoop.ozone.HddsDatanodeService.start(HddsDatanodeService.java:296)
	at org.apache.hadoop.ozone.MiniOzoneClusterImpl.startHddsDatanode(MiniOzoneClusterImpl.java:489)
	at java.util.ArrayList.forEach(ArrayList.java:1259)
	at org.apache.hadoop.ozone.MiniOzoneClusterImpl.startHddsDatanodes(MiniOzoneClusterImpl.java:497)
	at org.apache.hadoop.ozone.MiniOzoneClusterImpl$Builder.build(MiniOzoneClusterImpl.java:627)
	at org.apache.hadoop.ozone.client.rpc.TestWatchForCommit.init(TestWatchForCommit.java:149)
	at sun.reflect.NativeMethodAccessorImpl.invoke0(Native Method)
	at sun.reflect.NativeMethodAccessorImpl.invoke(NativeMethodAccessorImpl.java:62)
	at sun.reflect.DelegatingMethodAccessorImpl.invoke(DelegatingMethodAccessorImpl.java:43)
	at java.lang.reflect.Method.invoke(Method.java:498)
	at org.junit.platform.commons.util.ReflectionUtils.invokeMethod(ReflectionUtils.java:728)
	at org.junit.jupiter.engine.execution.MethodInvocation.proceed(MethodInvocation.java:60)
	at org.junit.jupiter.engine.execution.InvocationInterceptorChain$ValidatingInvocation.proceed(InvocationInterceptorChain.java:131)
	at org.junit.jupiter.engine.extension.TimeoutExtension.intercept(TimeoutExtension.java:156)
	at org.junit.jupiter.engine.extension.TimeoutExtension.interceptLifecycleMethod(TimeoutExtension.java:128)
	at org.junit.jupiter.engine.extension.TimeoutExtension.interceptBeforeEachMethod(TimeoutExtension.java:78)
	at org.junit.jupiter.engine.execution.InterceptingExecutableInvoker$ReflectiveInterceptorCall.lambda$ofVoidMethod$0(InterceptingExecutableInvoker.java:103)
	at org.junit.jupiter.engine.execution.InterceptingExecutableInvoker.lambda$invoke$0(InterceptingExecutableInvoker.java:93)
	at org.junit.jupiter.engine.execution.InvocationInterceptorChain$InterceptedInvocation.proceed(InvocationInterceptorChain.java:106)
	at org.junit.jupiter.engine.execution.InvocationInterceptorChain.proceed(InvocationInterceptorChain.java:64)
	at org.junit.jupiter.engine.execution.InvocationInterceptorChain.chainAndInvoke(InvocationInterceptorChain.java:45)
	at org.junit.jupiter.engine.execution.InvocationInterceptorChain.invoke(InvocationInterceptorChain.java:37)
	at org.junit.jupiter.engine.execution.InterceptingExecutableInvoker.invoke(InterceptingExecutableInvoker.java:92)
	at org.junit.jupiter.engine.execution.InterceptingExecutableInvoker.invoke(InterceptingExecutableInvoker.java:86)
	at org.junit.jupiter.engine.descriptor.ClassBasedTestDescriptor.invokeMethodInExtensionContext(ClassBasedTestDescriptor.java:521)
	at org.junit.jupiter.engine.descriptor.ClassBasedTestDescriptor.lambda$synthesizeBeforeEachMethodAdapter$23(ClassBasedTestDescriptor.java:506)
	at org.junit.jupiter.engine.descriptor.TestMethodTestDescriptor.lambda$invokeBeforeEachMethods$3(TestMethodTestDescriptor.java:175)
	at org.junit.jupiter.engine.descriptor.TestMethodTestDescriptor.lambda$invokeBeforeMethodsOrCallbacksUntilExceptionOccurs$6(TestMethodTestDescriptor.java:203)
	at org.junit.platform.engine.support.hierarchical.ThrowableCollector.execute(ThrowableCollector.java:73)
	at org.junit.jupiter.engine.descriptor.TestMethodTestDescriptor.invokeBeforeMethodsOrCallbacksUntilExceptionOccurs(TestMethodTestDescriptor.java:203)
	at org.junit.jupiter.engine.descriptor.TestMethodTestDescriptor.invokeBeforeEachMethods(TestMethodTestDescriptor.java:172)
	at org.junit.jupiter.engine.descriptor.TestMethodTestDescriptor.execute(TestMethodTestDescriptor.java:135)
	at org.junit.jupiter.engine.descriptor.TestMethodTestDescriptor.execute(TestMethodTestDescriptor.java:69)
	at org.junit.platform.engine.support.hierarchical.NodeTestTask.lambda$executeRecursively$6(NodeTestTask.java:151)
	at org.junit.platform.engine.support.hierarchical.ThrowableCollector.execute(ThrowableCollector.java:73)
	at org.junit.platform.engine.support.hierarchical.NodeTestTask.lambda$executeRecursively$8(NodeTestTask.java:141)
	at org.junit.platform.engine.support.hierarchical.Node.around(Node.java:137)
	at org.junit.platform.engine.support.hierarchical.NodeTestTask.lambda$executeRecursively$9(NodeTestTask.java:139)
	at org.junit.platform.engine.support.hierarchical.ThrowableCollector.execute(ThrowableCollector.java:73)
	at org.junit.platform.engine.support.hierarchical.NodeTestTask.executeRecursively(NodeTestTask.java:138)
	at org.junit.platform.engine.support.hierarchical.NodeTestTask.execute(NodeTestTask.java:95)
	at java.util.ArrayList.forEach(ArrayList.java:1259)
	at org.junit.platform.engine.support.hierarchical.SameThreadHierarchicalTestExecutorService.invokeAll(SameThreadHierarchicalTestExecutorService.java:41)
	at org.junit.platform.engine.support.hierarchical.NodeTestTask.lambda$executeRecursively$6(NodeTestTask.java:155)
	at org.junit.platform.engine.support.hierarchical.ThrowableCollector.execute(ThrowableCollector.java:73)
	at org.junit.platform.engine.support.hierarchical.NodeTestTask.lambda$executeRecursively$8(NodeTestTask.java:141)
	at org.junit.platform.engine.support.hierarchical.Node.around(Node.java:137)
	at org.junit.platform.engine.support.hierarchical.NodeTestTask.lambda$executeRecursively$9(NodeTestTask.java:139)
	at org.junit.platform.engine.support.hierarchical.ThrowableCollector.execute(ThrowableCollector.java:73)
	at org.junit.platform.engine.support.hierarchical.NodeTestTask.executeRecursively(NodeTestTask.java:138)
	at org.junit.platform.engine.support.hierarchical.NodeTestTask.execute(NodeTestTask.java:95)
	at java.util.ArrayList.forEach(ArrayList.java:1259)
	at org.junit.platform.engine.support.hierarchical.SameThreadHierarchicalTestExecutorService.invokeAll(SameThreadHierarchicalTestExecutorService.java:41)
	at org.junit.platform.engine.support.hierarchical.NodeTestTask.lambda$executeRecursively$6(NodeTestTask.java:155)
	at org.junit.platform.engine.support.hierarchical.ThrowableCollector.execute(ThrowableCollector.java:73)
	at org.junit.platform.engine.support.hierarchical.NodeTestTask.lambda$executeRecursively$8(NodeTestTask.java:141)
	at org.junit.platform.engine.support.hierarchical.Node.around(Node.java:137)
	at org.junit.platform.engine.support.hierarchical.NodeTestTask.lambda$executeRecursively$9(NodeTestTask.java:139)
	at org.junit.platform.engine.support.hierarchical.ThrowableCollector.execute(ThrowableCollector.java:73)
	at org.junit.platform.engine.support.hierarchical.NodeTestTask.executeRecursively(NodeTestTask.java:138)
	at org.junit.platform.engine.support.hierarchical.NodeTestTask.execute(NodeTestTask.java:95)
	at org.junit.platform.engine.support.hierarchical.SameThreadHierarchicalTestExecutorService.submit(SameThreadHierarchicalTestExecutorService.java:35)
	at org.junit.platform.engine.support.hierarchical.HierarchicalTestExecutor.execute(HierarchicalTestExecutor.java:57)
	at org.junit.platform.engine.support.hierarchical.HierarchicalTestEngine.execute(HierarchicalTestEngine.java:54)
	at org.junit.platform.launcher.core.EngineExecutionOrchestrator.execute(EngineExecutionOrchestrator.java:198)
	at org.junit.platform.launcher.core.EngineExecutionOrchestrator.execute(EngineExecutionOrchestrator.java:169)
	at org.junit.platform.launcher.core.EngineExecutionOrchestrator.execute(EngineExecutionOrchestrator.java:93)
	at org.junit.platform.launcher.core.EngineExecutionOrchestrator.lambda$execute$0(EngineExecutionOrchestrator.java:58)
	at org.junit.platform.launcher.core.EngineExecutionOrchestrator.withInterceptedStreams(EngineExecutionOrchestrator.java:141)
	at org.junit.platform.launcher.core.EngineExecutionOrchestrator.execute(EngineExecutionOrchestrator.java:57)
	at org.junit.platform.launcher.core.DefaultLauncher.execute(DefaultLauncher.java:103)
	at org.junit.platform.launcher.core.DefaultLauncher.execute(DefaultLauncher.java:85)
	at org.junit.platform.launcher.core.DelegatingLauncher.execute(DelegatingLauncher.java:47)
	at org.apache.maven.surefire.junitplatform.LazyLauncher.execute(LazyLauncher.java:56)
	at org.apache.maven.surefire.junitplatform.JUnitPlatformProvider.invokeAllTests(JUnitPlatformProvider.java:162)
	at org.apache.maven.surefire.junitplatform.JUnitPlatformProvider.invoke(JUnitPlatformProvider.java:120)
	at org.apache.maven.surefire.booter.ForkedBooter.runSuitesInProcess(ForkedBooter.java:385)
	at org.apache.maven.surefire.booter.ForkedBooter.execute(ForkedBooter.java:162)
	at org.apache.maven.surefire.booter.ForkedBooter.run(ForkedBooter.java:507)
	at org.apache.maven.surefire.booter.ForkedBooter.main(ForkedBooter.java:495)
Caused by: java.lang.NullPointerException
	at org.apache.hadoop.ozone.container.common.volume.HddsVolume.getCommittedBytes(HddsVolume.java:303)
	at org.apache.hadoop.ozone.container.common.volume.VolumeInfoMetrics.getCommitted(VolumeInfoMetrics.java:147)
	... 110 more
2023-12-28 09:09:47,527 [main] INFO  volume.HddsVolume (HddsVolume.java:<init>(126)) - Creating HddsVolume: /home/runner/work/ozone/ozone/hadoop-ozone/integration-test/target/test-dir/MiniOzoneClusterImpl-7619c237-1de6-4815-bbe2-f0b52dfbd5bc/datanode-3/data-0/containers/hdds of storage type : DISK capacity : 9223372036854775807
2023-12-28 09:09:47,527 [main] INFO  volume.MutableVolumeSet (MutableVolumeSet.java:initializeVolumeSet(173)) - Added Volume : /home/runner/work/ozone/ozone/hadoop-ozone/integration-test/target/test-dir/MiniOzoneClusterImpl-7619c237-1de6-4815-bbe2-f0b52dfbd5bc/datanode-3/data-0/containers/hdds to VolumeSet
2023-12-28 09:09:47,527 [main] INFO  volume.MutableVolumeSet (MutableVolumeSet.java:initializeVolumeSet(173)) - Added Volume : /home/runner/work/ozone/ozone/hadoop-ozone/integration-test/target/test-dir/MiniOzoneClusterImpl-7619c237-1de6-4815-bbe2-f0b52dfbd5bc/datanode-3/data/ratis to VolumeSet
2023-12-28 09:09:47,528 [main] INFO  ozoneimpl.OzoneContainer (HddsVolumeUtil.java:loadAllHddsVolumeDbStore(103)) - Load 1 volumes DbStore cost: 0ms
2023-12-28 09:09:47,528 [3882d302-0766-4582-8526-483b5b0fafe4-ContainerReader-0] INFO  ozoneimpl.ContainerReader (ContainerReader.java:readVolume(178)) - Finish verifying containers on volume /home/runner/work/ozone/ozone/hadoop-ozone/integration-test/target/test-dir/MiniOzoneClusterImpl-7619c237-1de6-4815-bbe2-f0b52dfbd5bc/datanode-3/data-0/containers/hdds
2023-12-28 09:09:47,528 [main] INFO  ozoneimpl.OzoneContainer (OzoneContainer.java:buildContainerSet(326)) - Build ContainerSet costs 0s
2023-12-28 09:09:47,529 [main] INFO  server.RaftServer (ConfUtils.java:logGet(46)) - raft.rpc.type = GRPC (default)
2023-12-28 09:09:47,530 [main] INFO  grpc.GrpcConfigKeys (ConfUtils.java:logFallback(53)) - raft.grpc.admin.host = null (fallback to raft.grpc.server.host)
2023-12-28 09:09:47,530 [main] INFO  grpc.GrpcConfigKeys (ConfUtils.java:logGet(46)) - raft.grpc.admin.port = 15396 (custom)
2023-12-28 09:09:47,530 [main] INFO  grpc.GrpcConfigKeys (ConfUtils.java:logFallback(53)) - raft.grpc.client.host = null (fallback to raft.grpc.server.host)
2023-12-28 09:09:47,530 [main] INFO  grpc.GrpcConfigKeys (ConfUtils.java:logGet(46)) - raft.grpc.client.port = 15395 (custom)
2023-12-28 09:09:47,530 [main] INFO  grpc.GrpcConfigKeys (ConfUtils.java:logGet(46)) - raft.grpc.server.host = null (default)
2023-12-28 09:09:47,530 [main] INFO  grpc.GrpcConfigKeys (ConfUtils.java:logGet(46)) - raft.grpc.server.port = 15397 (custom)
2023-12-28 09:09:47,531 [main] INFO  server.GrpcService (ConfUtils.java:logGet(46)) - raft.grpc.message.size.max = 32MB (=33554432) (custom)
2023-12-28 09:09:47,531 [main] INFO  server.RaftServerConfigKeys (ConfUtils.java:logGet(46)) - raft.server.log.appender.buffer.byte-limit = 8388608 (custom)
2023-12-28 09:09:47,531 [main] INFO  server.GrpcService (ConfUtils.java:logGet(46)) - raft.grpc.flow.control.window = 5MB (=5242880) (custom)
2023-12-28 09:09:47,531 [main] INFO  server.RaftServerConfigKeys (ConfUtils.java:logGet(46)) - raft.server.rpc.request.timeout = 3000ms (default)
2023-12-28 09:09:47,531 [main] INFO  grpc.GrpcConfigKeys (ConfUtils.java:logGet(46)) - raft.grpc.server.heartbeat.channel = true (default)
2023-12-28 09:09:47,531 [main] INFO  grpc.GrpcConfigKeys (ConfUtils.java:logGet(46)) - raft.grpc.server.async.request.thread.pool.cached = true (default)
2023-12-28 09:09:47,531 [main] INFO  grpc.GrpcConfigKeys (ConfUtils.java:logGet(46)) - raft.grpc.server.async.request.thread.pool.size = 32 (default)
2023-12-28 09:09:47,533 [main] INFO  impl.DataStreamServerImpl (ConfUtils.java:logGet(46)) - raft.datastream.type = NETTY (custom)
2023-12-28 09:09:47,533 [main] INFO  server.RaftServerConfigKeys (ConfUtils.java:logGet(46)) - raft.server.data-stream.async.request.thread.pool.cached = false (default)
2023-12-28 09:09:47,533 [main] INFO  server.RaftServerConfigKeys (ConfUtils.java:logGet(46)) - raft.server.data-stream.async.request.thread.pool.size = 20 (custom)
2023-12-28 09:09:47,533 [main] INFO  server.RaftServerConfigKeys (ConfUtils.java:logGet(46)) - raft.server.data-stream.async.write.thread.pool.size = 16 (default)
2023-12-28 09:09:47,534 [main] INFO  netty.NettyConfigKeys$DataStream (ConfUtils.java:logGet(46)) - raft.netty.dataStream.server.channel.inactive.grace-period = 10min (default)
2023-12-28 09:09:47,534 [main] INFO  server.RaftServerConfigKeys (ConfUtils.java:logGet(46)) - raft.server.data-stream.client.pool.size = 10 (default)
2023-12-28 09:09:47,534 [main] INFO  netty.NettyConfigKeys$DataStream (ConfUtils.java:logGet(46)) - raft.netty.dataStream.server.use-epoll = true (default)
2023-12-28 09:09:47,534 [main] INFO  netty.NettyConfigKeys$DataStream (ConfUtils.java:logGet(46)) - raft.netty.dataStream.server.boss-group.size = 0 (default)
2023-12-28 09:09:47,534 [main] INFO  netty.NettyUtils (NettyUtils.java:newEventLoopGroup(69)) - Create EpollEventLoopGroup for 3882d302-0766-4582-8526-483b5b0fafe4-NettyServerStreamRpc-bossGroup; Thread size is 0.
2023-12-28 09:09:47,534 [main] INFO  netty.NettyConfigKeys$DataStream (ConfUtils.java:logGet(46)) - raft.netty.dataStream.server.worker-group.size = 0 (default)
2023-12-28 09:09:47,534 [main] INFO  netty.NettyUtils (NettyUtils.java:newEventLoopGroup(69)) - Create EpollEventLoopGroup for 3882d302-0766-4582-8526-483b5b0fafe4-NettyServerStreamRpc-workerGroup; Thread size is 0.
2023-12-28 09:09:47,535 [main] INFO  netty.NettyConfigKeys$DataStream (ConfUtils.java:logGet(46)) - raft.netty.dataStream.server.tls.conf = null (default)
2023-12-28 09:09:47,535 [main] INFO  netty.NettyConfigKeys$DataStream (ConfUtils.java:logGet(46)) - raft.netty.dataStream.host = null (default)
2023-12-28 09:09:47,535 [main] INFO  netty.NettyConfigKeys$DataStream (ConfUtils.java:logGet(46)) - raft.netty.dataStream.port = 15398 (custom)
2023-12-28 09:09:47,535 [main] INFO  server.RaftServerConfigKeys (ConfUtils.java:logGet(46)) - raft.server.sleep.deviation.threshold = 300ms (default)
2023-12-28 09:09:47,535 [main] INFO  server.RaftServerConfigKeys (ConfUtils.java:logGet(46)) - raft.server.close.threshold = 60s (default)
2023-12-28 09:09:47,535 [3882d302-0766-4582-8526-483b5b0fafe4-NettyServerStreamRpc-bossGroup--thread1] INFO  logging.LoggingHandler (AbstractInternalLogger.java:log(148)) - [id: 0x2c4cde1b] REGISTERED
2023-12-28 09:09:47,535 [main] INFO  server.RaftServerConfigKeys (ConfUtils.java:logGet(46)) - raft.server.leaderelection.leader.step-down.wait-time = 10s (default)
2023-12-28 09:09:47,536 [3882d302-0766-4582-8526-483b5b0fafe4-NettyServerStreamRpc-bossGroup--thread1] INFO  logging.LoggingHandler (AbstractInternalLogger.java:log(148)) - [id: 0x2c4cde1b] BIND: 0.0.0.0/0.0.0.0:15398
2023-12-28 09:09:47,536 [main] INFO  server.RaftServerConfigKeys (ConfUtils.java:logGet(46)) - raft.server.storage.dir = [/home/runner/work/ozone/ozone/hadoop-ozone/integration-test/target/test-dir/MiniOzoneClusterImpl-7619c237-1de6-4815-bbe2-f0b52dfbd5bc/datanode-3/data/ratis] (custom)
2023-12-28 09:09:47,536 [3882d302-0766-4582-8526-483b5b0fafe4-NettyServerStreamRpc-bossGroup--thread1] INFO  logging.LoggingHandler (AbstractInternalLogger.java:log(148)) - [id: 0x2c4cde1b, L:/0.0.0.0:15398] ACTIVE
2023-12-28 09:09:47,536 [main] INFO  server.RaftServerConfigKeys (ConfUtils.java:logGet(46)) - raft.server.threadpool.proxy.cached = true (default)
2023-12-28 09:09:47,536 [main] INFO  server.RaftServerConfigKeys (ConfUtils.java:logGet(46)) - raft.server.threadpool.proxy.size = 0 (default)
2023-12-28 09:09:47,536 [3882d302-0766-4582-8526-483b5b0fafe4-impl-thread1] INFO  server.RaftServer (RaftServerProxy.java:initGroupDir(264)) - 3882d302-0766-4582-8526-483b5b0fafe4: found a subdirectory /home/runner/work/ozone/ozone/hadoop-ozone/integration-test/target/test-dir/MiniOzoneClusterImpl-7619c237-1de6-4815-bbe2-f0b52dfbd5bc/datanode-3/data/ratis/tmp
2023-12-28 09:09:47,536 [3882d302-0766-4582-8526-483b5b0fafe4-impl-thread1] INFO  server.RaftServer (RaftServerProxy.java:initGroupDir(269)) - 3882d302-0766-4582-8526-483b5b0fafe4: The directory /home/runner/work/ozone/ozone/hadoop-ozone/integration-test/target/test-dir/MiniOzoneClusterImpl-7619c237-1de6-4815-bbe2-f0b52dfbd5bc/datanode-3/data/ratis/tmp is not a group directory; ignoring it. 
2023-12-28 09:09:47,537 [main] INFO  replication.ReplicationServer (ReplicationServer.java:<init>(85)) - Initializing replication server with thread count = 10 queue length = 4096
2023-12-28 09:09:47,537 [main] INFO  server.XceiverServerGrpc (XceiverServerGrpc.java:<init>(141)) - GrpcServer channel type EpollServerSocketChannel
2023-12-28 09:09:47,538 [main] INFO  replication.ReplicationSupervisor (ReplicationSupervisor.java:build(163)) - Initializing replication supervisor with thread count = 10
2023-12-28 09:09:47,538 [main] INFO  replication.ReplicationSupervisor (ReplicationSupervisor.java:nodeStateUpdated(317)) - Node state updated to IN_SERVICE, scaling executor pool size to 10
2023-12-28 09:09:47,540 [main] INFO  http.BaseHttpServer (BaseHttpServer.java:newHttpServer2BuilderForOzone(223)) - Starting Web-server for hddsDatanode at: http://0.0.0.0:15392
2023-12-28 09:09:47,540 [main] INFO  http.BaseHttpServer (BaseHttpServer.java:<init>(110)) - Hadoop Security Enabled: false Ozone Security Enabled: false Ozone HTTP Security Enabled: false 
2023-12-28 09:09:47,541 [main] WARN  server.AuthenticationFilter (AuthenticationFilter.java:constructSecretProvider(240)) - Unable to initialize FileSignerSecretProvider, falling back to use random secrets. Reason: Could not read signature secret file: /home/runner/hadoop-http-auth-signature-secret
2023-12-28 09:09:47,541 [main] INFO  http.HttpRequestLog (HttpRequestLog.java:getRequestLog(86)) - Http request log for http.requests.hddsDatanode is not defined
2023-12-28 09:09:47,542 [main] INFO  http.HttpServer2 (HttpServer2.java:addGlobalFilter(1036)) - Added global filter 'safety' (class=org.apache.hadoop.hdds.server.http.HttpServer2$QuotingInputFilter)
2023-12-28 09:09:47,542 [main] INFO  http.HttpServer2 (HttpServer2.java:addFilter(1012)) - Added filter static_user_filter (class=org.apache.hadoop.http.lib.StaticUserWebFilter$StaticUserFilter) to context hddsDatanode
2023-12-28 09:09:47,542 [main] INFO  http.HttpServer2 (HttpServer2.java:addFilter(1020)) - Added filter static_user_filter (class=org.apache.hadoop.http.lib.StaticUserWebFilter$StaticUserFilter) to context static
2023-12-28 09:09:47,542 [main] INFO  http.HttpServer2 (HttpServer2.java:addFilter(1020)) - Added filter static_user_filter (class=org.apache.hadoop.http.lib.StaticUserWebFilter$StaticUserFilter) to context logs
2023-12-28 09:09:47,543 [main] INFO  http.BaseHttpServer (BaseHttpServer.java:<init>(189)) - HTTP server of hddsDatanode uses base directory /home/runner/work/ozone/ozone/hadoop-ozone/integration-test/target/test-dir/MiniOzoneClusterImpl-7619c237-1de6-4815-bbe2-f0b52dfbd5bc/datanode-3/meta/webserver
2023-12-28 09:09:47,543 [main] INFO  http.HttpServer2 (HttpServer2.java:bindListener(1236)) - Jetty bound to port 15392
2023-12-28 09:09:47,543 [main] INFO  server.Server (Server.java:doStart(375)) - jetty-9.4.53.v20231009; built: 2023-10-09T12:29:09.265Z; git: 27bde00a0b95a1d5bbee0eae7984f891d2d0f8c9; jvm 1.8.0_392-b08
2023-12-28 09:09:47,544 [main] INFO  server.session (DefaultSessionIdManager.java:doStart(334)) - DefaultSessionIdManager workerName=node0
2023-12-28 09:09:47,544 [main] INFO  server.session (DefaultSessionIdManager.java:doStart(339)) - No SessionScavenger set, using defaults
2023-12-28 09:09:47,544 [main] INFO  server.session (HouseKeeper.java:startScavenging(132)) - node0 Scavenging every 660000ms
2023-12-28 09:09:47,545 [main] INFO  handler.ContextHandler (ContextHandler.java:doStart(921)) - Started o.e.j.s.ServletContextHandler@4e4d3e48{logs,/logs,file:///home/runner/work/ozone/ozone/hadoop-ozone/integration-test/target/log,AVAILABLE}
2023-12-28 09:09:47,545 [main] INFO  handler.ContextHandler (ContextHandler.java:doStart(921)) - Started o.e.j.s.ServletContextHandler@21b541e4{static,/static,jar:file:/home/runner/.m2/repository/org/apache/ozone/hdds-container-service/1.5.0-SNAPSHOT/hdds-container-service-1.5.0-SNAPSHOT.jar!/webapps/static,AVAILABLE}
2023-12-28 09:09:47,576 [main] INFO  handler.ContextHandler (ContextHandler.java:doStart(921)) - Started o.e.j.w.WebAppContext@3892decd{hddsDatanode,/,file:///home/runner/work/ozone/ozone/hadoop-ozone/integration-test/target/test-dir/MiniOzoneClusterImpl-7619c237-1de6-4815-bbe2-f0b52dfbd5bc/datanode-3/meta/webserver/jetty-0_0_0_0-15392-hdds-container-service-1_5_0-SNAPSHOT_jar-_-any-5880353549561165667/webapp/,AVAILABLE}{jar:file:/home/runner/.m2/repository/org/apache/ozone/hdds-container-service/1.5.0-SNAPSHOT/hdds-container-service-1.5.0-SNAPSHOT.jar!/webapps/hddsDatanode}
2023-12-28 09:09:47,577 [main] INFO  server.AbstractConnector (AbstractConnector.java:doStart(333)) - Started ServerConnector@6e9bf992{HTTP/1.1, (http/1.1)}{0.0.0.0:15392}
2023-12-28 09:09:47,577 [main] INFO  server.Server (Server.java:doStart(415)) - Started @132595ms
2023-12-28 09:09:47,577 [main] WARN  impl.MetricsSystemImpl (MetricsSystemImpl.java:register(279)) - Sink prometheus already exists!
2023-12-28 09:09:47,577 [main] INFO  http.BaseHttpServer (BaseHttpServer.java:updateConnectorAddress(354)) - HTTP server of hddsDatanode listening at http://0.0.0.0:15392
2023-12-28 09:09:47,578 [main] INFO  ipc.CallQueueManager (CallQueueManager.java:<init>(90)) - Using callQueue: class java.util.concurrent.LinkedBlockingQueue, queueCapacity: 100, scheduler: class org.apache.hadoop.ipc.DefaultRpcScheduler, ipcBackoff: false.
2023-12-28 09:09:47,578 [main] INFO  ipc.Server (Server.java:<init>(1287)) - Listener at 0.0.0.0:15393
2023-12-28 09:09:47,578 [Socket Reader #1 for port 15393] INFO  ipc.Server (Server.java:run(1323)) - Starting Socket Reader #1 for port 15393
2023-12-28 09:09:47,583 [main] INFO  ozone.HddsDatanodeService (HddsDatanodeService.java:start(324)) - Datanode start with admins: [runner]
2023-12-28 09:09:47,583 [main] INFO  ozone.HddsDatanodeClientProtocolServer (HddsDatanodeClientProtocolServer.java:start(72)) - RPC server for Client /0.0.0.0:15393
2023-12-28 09:09:47,584 [IPC Server Responder] INFO  ipc.Server (Server.java:run(1562)) - IPC Server Responder: starting
2023-12-28 09:09:47,584 [IPC Server listener on 15393] INFO  ipc.Server (Server.java:run(1402)) - IPC Server listener on 15393: starting
2023-12-28 09:09:47,585 [3882d302-0766-4582-8526-483b5b0fafe4-DatanodeStateMachineDaemonThread] INFO  statemachine.DatanodeStateMachine (DatanodeStateMachine.java:lambda$startDaemon$1(555)) - Ozone container server started.
2023-12-28 09:09:47,585 [main] WARN  dropwizard3.Dm3MetricRegistriesImpl (Dm3MetricRegistriesImpl.java:addReporterRegistration(113)) - New reporters are added after registries were created. Some metrics will be missing from the reporter. Please add reporter before adding any new registry.
2023-12-28 09:09:47,586 [main] WARN  dropwizard3.Dm3MetricRegistriesImpl (Dm3MetricRegistriesImpl.java:addReporterRegistration(113)) - New reporters are added after registries were created. Some metrics will be missing from the reporter. Please add reporter before adding any new registry.
2023-12-28 09:09:47,586 [main] INFO  impl.MetricsSystemImpl (MetricsSystemImpl.java:init(158)) - HddsDatanode metrics system started (again)
2023-12-28 09:09:47,587 [3882d302-0766-4582-8526-483b5b0fafe4-DatanodeStateMachineTaskThread-0] INFO  datanode.InitDatanodeState (InitDatanodeState.java:persistContainerDatanodeDetails(139)) - DatanodeDetails is persisted to /home/runner/work/ozone/ozone/hadoop-ozone/integration-test/target/test-dir/MiniOzoneClusterImpl-7619c237-1de6-4815-bbe2-f0b52dfbd5bc/datanode-3/meta/datanode.id
2023-12-28 09:09:47,594 [main] INFO  ozone.HddsDatanodeService (HddsDatanodeService.java:start(239)) - HddsDatanodeService host:fv-az1384-14.e3qrh24bduyexj1tcof5x1etkc.ex.internal.cloudapp.net ip:10.1.0.14
2023-12-28 09:09:47,617 [main] INFO  upgrade.AbstractLayoutVersionManager (AbstractLayoutVersionManager.java:init(83)) - Initializing Layout version manager with metadata layout = HADOOP_PRC_PORTS_IN_DATANODEDETAILS (version = 7), software layout = HADOOP_PRC_PORTS_IN_DATANODEDETAILS (version = 7)
2023-12-28 09:09:47,617 [main] INFO  statemachine.DatanodeStateMachine (DatanodeStateMachine.java:getEndPointTaskThreadPoolSize(299)) - Datanode State Machine Task Thread Pool size 2
2023-12-28 09:09:47,618 [main] ERROR lib.MethodMetric (MethodMetric.java:snapshot(117)) - Error invoking method getCommitted
java.lang.reflect.InvocationTargetException
	at sun.reflect.GeneratedMethodAccessor85.invoke(Unknown Source)
	at sun.reflect.DelegatingMethodAccessorImpl.invoke(DelegatingMethodAccessorImpl.java:43)
	at java.lang.reflect.Method.invoke(Method.java:498)
	at org.apache.hadoop.metrics2.lib.MethodMetric$2.snapshot(MethodMetric.java:111)
	at org.apache.hadoop.metrics2.lib.MethodMetric.snapshot(MethodMetric.java:142)
	at org.apache.hadoop.metrics2.lib.MetricsRegistry.snapshot(MetricsRegistry.java:447)
	at org.apache.hadoop.metrics2.lib.MetricsSourceBuilder$1.getMetrics(MetricsSourceBuilder.java:89)
	at org.apache.hadoop.metrics2.impl.MetricsSourceAdapter.getMetrics(MetricsSourceAdapter.java:200)
	at org.apache.hadoop.metrics2.impl.MetricsSourceAdapter.updateJmxCache(MetricsSourceAdapter.java:183)
	at org.apache.hadoop.metrics2.impl.MetricsSourceAdapter.getMBeanInfo(MetricsSourceAdapter.java:156)
	at com.sun.jmx.interceptor.DefaultMBeanServerInterceptor.getNewMBeanClassName(DefaultMBeanServerInterceptor.java:333)
	at com.sun.jmx.interceptor.DefaultMBeanServerInterceptor.registerMBean(DefaultMBeanServerInterceptor.java:319)
	at com.sun.jmx.mbeanserver.JmxMBeanServer.registerMBean(JmxMBeanServer.java:522)
	at org.apache.hadoop.metrics2.util.MBeans.register(MBeans.java:100)
	at org.apache.hadoop.metrics2.util.MBeans.register(MBeans.java:73)
	at org.apache.hadoop.metrics2.impl.MetricsSourceAdapter.startMBeans(MetricsSourceAdapter.java:222)
	at org.apache.hadoop.metrics2.impl.MetricsSourceAdapter.start(MetricsSourceAdapter.java:101)
	at org.apache.hadoop.metrics2.impl.MetricsSystemImpl.registerSource(MetricsSystemImpl.java:268)
	at org.apache.hadoop.metrics2.impl.MetricsSystemImpl.register(MetricsSystemImpl.java:233)
	at org.apache.hadoop.ozone.container.common.volume.VolumeInfoMetrics.init(VolumeInfoMetrics.java:50)
	at org.apache.hadoop.ozone.container.common.volume.VolumeInfoMetrics.<init>(VolumeInfoMetrics.java:45)
	at org.apache.hadoop.ozone.container.common.volume.HddsVolume.<init>(HddsVolume.java:123)
	at org.apache.hadoop.ozone.container.common.volume.HddsVolume.<init>(HddsVolume.java:71)
	at org.apache.hadoop.ozone.container.common.volume.HddsVolume$Builder.build(HddsVolume.java:111)
	at org.apache.hadoop.ozone.container.common.volume.HddsVolumeFactory.createVolume(HddsVolumeFactory.java:48)
	at org.apache.hadoop.ozone.container.common.volume.MutableVolumeSet.initializeVolumeSet(MutableVolumeSet.java:170)
	at org.apache.hadoop.ozone.container.common.volume.MutableVolumeSet.<init>(MutableVolumeSet.java:132)
	at org.apache.hadoop.ozone.container.common.volume.MutableVolumeSet.<init>(MutableVolumeSet.java:96)
	at org.apache.hadoop.ozone.container.ozoneimpl.OzoneContainer.<init>(OzoneContainer.java:149)
	at org.apache.hadoop.ozone.container.common.statemachine.DatanodeStateMachine.<init>(DatanodeStateMachine.java:186)
	at org.apache.hadoop.ozone.HddsDatanodeService.start(HddsDatanodeService.java:296)
	at org.apache.hadoop.ozone.MiniOzoneClusterImpl.startHddsDatanode(MiniOzoneClusterImpl.java:489)
	at java.util.ArrayList.forEach(ArrayList.java:1259)
	at org.apache.hadoop.ozone.MiniOzoneClusterImpl.startHddsDatanodes(MiniOzoneClusterImpl.java:497)
	at org.apache.hadoop.ozone.MiniOzoneClusterImpl$Builder.build(MiniOzoneClusterImpl.java:627)
	at org.apache.hadoop.ozone.client.rpc.TestWatchForCommit.init(TestWatchForCommit.java:149)
	at sun.reflect.NativeMethodAccessorImpl.invoke0(Native Method)
	at sun.reflect.NativeMethodAccessorImpl.invoke(NativeMethodAccessorImpl.java:62)
	at sun.reflect.DelegatingMethodAccessorImpl.invoke(DelegatingMethodAccessorImpl.java:43)
	at java.lang.reflect.Method.invoke(Method.java:498)
	at org.junit.platform.commons.util.ReflectionUtils.invokeMethod(ReflectionUtils.java:728)
	at org.junit.jupiter.engine.execution.MethodInvocation.proceed(MethodInvocation.java:60)
	at org.junit.jupiter.engine.execution.InvocationInterceptorChain$ValidatingInvocation.proceed(InvocationInterceptorChain.java:131)
	at org.junit.jupiter.engine.extension.TimeoutExtension.intercept(TimeoutExtension.java:156)
	at org.junit.jupiter.engine.extension.TimeoutExtension.interceptLifecycleMethod(TimeoutExtension.java:128)
	at org.junit.jupiter.engine.extension.TimeoutExtension.interceptBeforeEachMethod(TimeoutExtension.java:78)
	at org.junit.jupiter.engine.execution.InterceptingExecutableInvoker$ReflectiveInterceptorCall.lambda$ofVoidMethod$0(InterceptingExecutableInvoker.java:103)
	at org.junit.jupiter.engine.execution.InterceptingExecutableInvoker.lambda$invoke$0(InterceptingExecutableInvoker.java:93)
	at org.junit.jupiter.engine.execution.InvocationInterceptorChain$InterceptedInvocation.proceed(InvocationInterceptorChain.java:106)
	at org.junit.jupiter.engine.execution.InvocationInterceptorChain.proceed(InvocationInterceptorChain.java:64)
	at org.junit.jupiter.engine.execution.InvocationInterceptorChain.chainAndInvoke(InvocationInterceptorChain.java:45)
	at org.junit.jupiter.engine.execution.InvocationInterceptorChain.invoke(InvocationInterceptorChain.java:37)
	at org.junit.jupiter.engine.execution.InterceptingExecutableInvoker.invoke(InterceptingExecutableInvoker.java:92)
	at org.junit.jupiter.engine.execution.InterceptingExecutableInvoker.invoke(InterceptingExecutableInvoker.java:86)
	at org.junit.jupiter.engine.descriptor.ClassBasedTestDescriptor.invokeMethodInExtensionContext(ClassBasedTestDescriptor.java:521)
	at org.junit.jupiter.engine.descriptor.ClassBasedTestDescriptor.lambda$synthesizeBeforeEachMethodAdapter$23(ClassBasedTestDescriptor.java:506)
	at org.junit.jupiter.engine.descriptor.TestMethodTestDescriptor.lambda$invokeBeforeEachMethods$3(TestMethodTestDescriptor.java:175)
	at org.junit.jupiter.engine.descriptor.TestMethodTestDescriptor.lambda$invokeBeforeMethodsOrCallbacksUntilExceptionOccurs$6(TestMethodTestDescriptor.java:203)
	at org.junit.platform.engine.support.hierarchical.ThrowableCollector.execute(ThrowableCollector.java:73)
	at org.junit.jupiter.engine.descriptor.TestMethodTestDescriptor.invokeBeforeMethodsOrCallbacksUntilExceptionOccurs(TestMethodTestDescriptor.java:203)
	at org.junit.jupiter.engine.descriptor.TestMethodTestDescriptor.invokeBeforeEachMethods(TestMethodTestDescriptor.java:172)
	at org.junit.jupiter.engine.descriptor.TestMethodTestDescriptor.execute(TestMethodTestDescriptor.java:135)
	at org.junit.jupiter.engine.descriptor.TestMethodTestDescriptor.execute(TestMethodTestDescriptor.java:69)
	at org.junit.platform.engine.support.hierarchical.NodeTestTask.lambda$executeRecursively$6(NodeTestTask.java:151)
	at org.junit.platform.engine.support.hierarchical.ThrowableCollector.execute(ThrowableCollector.java:73)
	at org.junit.platform.engine.support.hierarchical.NodeTestTask.lambda$executeRecursively$8(NodeTestTask.java:141)
	at org.junit.platform.engine.support.hierarchical.Node.around(Node.java:137)
	at org.junit.platform.engine.support.hierarchical.NodeTestTask.lambda$executeRecursively$9(NodeTestTask.java:139)
	at org.junit.platform.engine.support.hierarchical.ThrowableCollector.execute(ThrowableCollector.java:73)
	at org.junit.platform.engine.support.hierarchical.NodeTestTask.executeRecursively(NodeTestTask.java:138)
	at org.junit.platform.engine.support.hierarchical.NodeTestTask.execute(NodeTestTask.java:95)
	at java.util.ArrayList.forEach(ArrayList.java:1259)
	at org.junit.platform.engine.support.hierarchical.SameThreadHierarchicalTestExecutorService.invokeAll(SameThreadHierarchicalTestExecutorService.java:41)
	at org.junit.platform.engine.support.hierarchical.NodeTestTask.lambda$executeRecursively$6(NodeTestTask.java:155)
	at org.junit.platform.engine.support.hierarchical.ThrowableCollector.execute(ThrowableCollector.java:73)
	at org.junit.platform.engine.support.hierarchical.NodeTestTask.lambda$executeRecursively$8(NodeTestTask.java:141)
	at org.junit.platform.engine.support.hierarchical.Node.around(Node.java:137)
	at org.junit.platform.engine.support.hierarchical.NodeTestTask.lambda$executeRecursively$9(NodeTestTask.java:139)
	at org.junit.platform.engine.support.hierarchical.ThrowableCollector.execute(ThrowableCollector.java:73)
	at org.junit.platform.engine.support.hierarchical.NodeTestTask.executeRecursively(NodeTestTask.java:138)
	at org.junit.platform.engine.support.hierarchical.NodeTestTask.execute(NodeTestTask.java:95)
	at java.util.ArrayList.forEach(ArrayList.java:1259)
	at org.junit.platform.engine.support.hierarchical.SameThreadHierarchicalTestExecutorService.invokeAll(SameThreadHierarchicalTestExecutorService.java:41)
	at org.junit.platform.engine.support.hierarchical.NodeTestTask.lambda$executeRecursively$6(NodeTestTask.java:155)
	at org.junit.platform.engine.support.hierarchical.ThrowableCollector.execute(ThrowableCollector.java:73)
	at org.junit.platform.engine.support.hierarchical.NodeTestTask.lambda$executeRecursively$8(NodeTestTask.java:141)
	at org.junit.platform.engine.support.hierarchical.Node.around(Node.java:137)
	at org.junit.platform.engine.support.hierarchical.NodeTestTask.lambda$executeRecursively$9(NodeTestTask.java:139)
	at org.junit.platform.engine.support.hierarchical.ThrowableCollector.execute(ThrowableCollector.java:73)
	at org.junit.platform.engine.support.hierarchical.NodeTestTask.executeRecursively(NodeTestTask.java:138)
	at org.junit.platform.engine.support.hierarchical.NodeTestTask.execute(NodeTestTask.java:95)
	at org.junit.platform.engine.support.hierarchical.SameThreadHierarchicalTestExecutorService.submit(SameThreadHierarchicalTestExecutorService.java:35)
	at org.junit.platform.engine.support.hierarchical.HierarchicalTestExecutor.execute(HierarchicalTestExecutor.java:57)
	at org.junit.platform.engine.support.hierarchical.HierarchicalTestEngine.execute(HierarchicalTestEngine.java:54)
	at org.junit.platform.launcher.core.EngineExecutionOrchestrator.execute(EngineExecutionOrchestrator.java:198)
	at org.junit.platform.launcher.core.EngineExecutionOrchestrator.execute(EngineExecutionOrchestrator.java:169)
	at org.junit.platform.launcher.core.EngineExecutionOrchestrator.execute(EngineExecutionOrchestrator.java:93)
	at org.junit.platform.launcher.core.EngineExecutionOrchestrator.lambda$execute$0(EngineExecutionOrchestrator.java:58)
	at org.junit.platform.launcher.core.EngineExecutionOrchestrator.withInterceptedStreams(EngineExecutionOrchestrator.java:141)
	at org.junit.platform.launcher.core.EngineExecutionOrchestrator.execute(EngineExecutionOrchestrator.java:57)
	at org.junit.platform.launcher.core.DefaultLauncher.execute(DefaultLauncher.java:103)
	at org.junit.platform.launcher.core.DefaultLauncher.execute(DefaultLauncher.java:85)
	at org.junit.platform.launcher.core.DelegatingLauncher.execute(DelegatingLauncher.java:47)
	at org.apache.maven.surefire.junitplatform.LazyLauncher.execute(LazyLauncher.java:56)
	at org.apache.maven.surefire.junitplatform.JUnitPlatformProvider.invokeAllTests(JUnitPlatformProvider.java:162)
	at org.apache.maven.surefire.junitplatform.JUnitPlatformProvider.invoke(JUnitPlatformProvider.java:120)
	at org.apache.maven.surefire.booter.ForkedBooter.runSuitesInProcess(ForkedBooter.java:385)
	at org.apache.maven.surefire.booter.ForkedBooter.execute(ForkedBooter.java:162)
	at org.apache.maven.surefire.booter.ForkedBooter.run(ForkedBooter.java:507)
	at org.apache.maven.surefire.booter.ForkedBooter.main(ForkedBooter.java:495)
Caused by: java.lang.NullPointerException
	at org.apache.hadoop.ozone.container.common.volume.HddsVolume.getCommittedBytes(HddsVolume.java:303)
	at org.apache.hadoop.ozone.container.common.volume.VolumeInfoMetrics.getCommitted(VolumeInfoMetrics.java:147)
	... 110 more
2023-12-28 09:09:47,619 [main] INFO  volume.HddsVolume (HddsVolume.java:<init>(126)) - Creating HddsVolume: /home/runner/work/ozone/ozone/hadoop-ozone/integration-test/target/test-dir/MiniOzoneClusterImpl-7619c237-1de6-4815-bbe2-f0b52dfbd5bc/datanode-4/data-0/containers/hdds of storage type : DISK capacity : 9223372036854775807
2023-12-28 09:09:47,619 [main] INFO  volume.MutableVolumeSet (MutableVolumeSet.java:initializeVolumeSet(173)) - Added Volume : /home/runner/work/ozone/ozone/hadoop-ozone/integration-test/target/test-dir/MiniOzoneClusterImpl-7619c237-1de6-4815-bbe2-f0b52dfbd5bc/datanode-4/data-0/containers/hdds to VolumeSet
2023-12-28 09:09:47,619 [main] INFO  volume.MutableVolumeSet (MutableVolumeSet.java:initializeVolumeSet(173)) - Added Volume : /home/runner/work/ozone/ozone/hadoop-ozone/integration-test/target/test-dir/MiniOzoneClusterImpl-7619c237-1de6-4815-bbe2-f0b52dfbd5bc/datanode-4/data/ratis to VolumeSet
2023-12-28 09:09:47,620 [main] INFO  ozoneimpl.OzoneContainer (HddsVolumeUtil.java:loadAllHddsVolumeDbStore(103)) - Load 1 volumes DbStore cost: 0ms
2023-12-28 09:09:47,620 [42fe86c5-ef4c-4426-bfd8-a8401ddf98d5-ContainerReader-0] INFO  ozoneimpl.ContainerReader (ContainerReader.java:readVolume(178)) - Finish verifying containers on volume /home/runner/work/ozone/ozone/hadoop-ozone/integration-test/target/test-dir/MiniOzoneClusterImpl-7619c237-1de6-4815-bbe2-f0b52dfbd5bc/datanode-4/data-0/containers/hdds
2023-12-28 09:09:47,620 [main] INFO  ozoneimpl.OzoneContainer (OzoneContainer.java:buildContainerSet(326)) - Build ContainerSet costs 0s
2023-12-28 09:09:47,621 [main] INFO  server.RaftServer (ConfUtils.java:logGet(46)) - raft.rpc.type = GRPC (default)
2023-12-28 09:09:47,622 [main] INFO  grpc.GrpcConfigKeys (ConfUtils.java:logFallback(53)) - raft.grpc.admin.host = null (fallback to raft.grpc.server.host)
2023-12-28 09:09:47,622 [main] INFO  grpc.GrpcConfigKeys (ConfUtils.java:logGet(46)) - raft.grpc.admin.port = 15405 (custom)
2023-12-28 09:09:47,622 [main] INFO  grpc.GrpcConfigKeys (ConfUtils.java:logFallback(53)) - raft.grpc.client.host = null (fallback to raft.grpc.server.host)
2023-12-28 09:09:47,622 [main] INFO  grpc.GrpcConfigKeys (ConfUtils.java:logGet(46)) - raft.grpc.client.port = 15404 (custom)
2023-12-28 09:09:47,622 [main] INFO  grpc.GrpcConfigKeys (ConfUtils.java:logGet(46)) - raft.grpc.server.host = null (default)
2023-12-28 09:09:47,622 [main] INFO  grpc.GrpcConfigKeys (ConfUtils.java:logGet(46)) - raft.grpc.server.port = 15406 (custom)
2023-12-28 09:09:47,622 [main] INFO  server.GrpcService (ConfUtils.java:logGet(46)) - raft.grpc.message.size.max = 32MB (=33554432) (custom)
2023-12-28 09:09:47,623 [main] INFO  server.RaftServerConfigKeys (ConfUtils.java:logGet(46)) - raft.server.log.appender.buffer.byte-limit = 8388608 (custom)
2023-12-28 09:09:47,623 [main] INFO  server.GrpcService (ConfUtils.java:logGet(46)) - raft.grpc.flow.control.window = 5MB (=5242880) (custom)
2023-12-28 09:09:47,623 [main] INFO  server.RaftServerConfigKeys (ConfUtils.java:logGet(46)) - raft.server.rpc.request.timeout = 3000ms (default)
2023-12-28 09:09:47,623 [main] INFO  grpc.GrpcConfigKeys (ConfUtils.java:logGet(46)) - raft.grpc.server.heartbeat.channel = true (default)
2023-12-28 09:09:47,623 [main] INFO  grpc.GrpcConfigKeys (ConfUtils.java:logGet(46)) - raft.grpc.server.async.request.thread.pool.cached = true (default)
2023-12-28 09:09:47,623 [main] INFO  grpc.GrpcConfigKeys (ConfUtils.java:logGet(46)) - raft.grpc.server.async.request.thread.pool.size = 32 (default)
2023-12-28 09:09:47,625 [main] INFO  impl.DataStreamServerImpl (ConfUtils.java:logGet(46)) - raft.datastream.type = NETTY (custom)
2023-12-28 09:09:47,625 [main] INFO  server.RaftServerConfigKeys (ConfUtils.java:logGet(46)) - raft.server.data-stream.async.request.thread.pool.cached = false (default)
2023-12-28 09:09:47,625 [main] INFO  server.RaftServerConfigKeys (ConfUtils.java:logGet(46)) - raft.server.data-stream.async.request.thread.pool.size = 20 (custom)
2023-12-28 09:09:47,625 [main] INFO  server.RaftServerConfigKeys (ConfUtils.java:logGet(46)) - raft.server.data-stream.async.write.thread.pool.size = 16 (default)
2023-12-28 09:09:47,625 [main] INFO  netty.NettyConfigKeys$DataStream (ConfUtils.java:logGet(46)) - raft.netty.dataStream.server.channel.inactive.grace-period = 10min (default)
2023-12-28 09:09:47,626 [main] INFO  server.RaftServerConfigKeys (ConfUtils.java:logGet(46)) - raft.server.data-stream.client.pool.size = 10 (default)
2023-12-28 09:09:47,626 [main] INFO  netty.NettyConfigKeys$DataStream (ConfUtils.java:logGet(46)) - raft.netty.dataStream.server.use-epoll = true (default)
2023-12-28 09:09:47,626 [main] INFO  netty.NettyConfigKeys$DataStream (ConfUtils.java:logGet(46)) - raft.netty.dataStream.server.boss-group.size = 0 (default)
2023-12-28 09:09:47,626 [main] INFO  netty.NettyUtils (NettyUtils.java:newEventLoopGroup(69)) - Create EpollEventLoopGroup for 42fe86c5-ef4c-4426-bfd8-a8401ddf98d5-NettyServerStreamRpc-bossGroup; Thread size is 0.
2023-12-28 09:09:47,626 [main] INFO  netty.NettyConfigKeys$DataStream (ConfUtils.java:logGet(46)) - raft.netty.dataStream.server.worker-group.size = 0 (default)
2023-12-28 09:09:47,626 [main] INFO  netty.NettyUtils (NettyUtils.java:newEventLoopGroup(69)) - Create EpollEventLoopGroup for 42fe86c5-ef4c-4426-bfd8-a8401ddf98d5-NettyServerStreamRpc-workerGroup; Thread size is 0.
2023-12-28 09:09:47,627 [main] INFO  netty.NettyConfigKeys$DataStream (ConfUtils.java:logGet(46)) - raft.netty.dataStream.server.tls.conf = null (default)
2023-12-28 09:09:47,627 [main] INFO  netty.NettyConfigKeys$DataStream (ConfUtils.java:logGet(46)) - raft.netty.dataStream.host = null (default)
2023-12-28 09:09:47,627 [main] INFO  netty.NettyConfigKeys$DataStream (ConfUtils.java:logGet(46)) - raft.netty.dataStream.port = 15407 (custom)
2023-12-28 09:09:47,627 [main] INFO  server.RaftServerConfigKeys (ConfUtils.java:logGet(46)) - raft.server.sleep.deviation.threshold = 300ms (default)
2023-12-28 09:09:47,627 [main] INFO  server.RaftServerConfigKeys (ConfUtils.java:logGet(46)) - raft.server.close.threshold = 60s (default)
2023-12-28 09:09:47,628 [main] INFO  server.RaftServerConfigKeys (ConfUtils.java:logGet(46)) - raft.server.leaderelection.leader.step-down.wait-time = 10s (default)
2023-12-28 09:09:47,627 [42fe86c5-ef4c-4426-bfd8-a8401ddf98d5-NettyServerStreamRpc-bossGroup--thread1] INFO  logging.LoggingHandler (AbstractInternalLogger.java:log(148)) - [id: 0x56cd5bca] REGISTERED
2023-12-28 09:09:47,628 [main] INFO  server.RaftServerConfigKeys (ConfUtils.java:logGet(46)) - raft.server.storage.dir = [/home/runner/work/ozone/ozone/hadoop-ozone/integration-test/target/test-dir/MiniOzoneClusterImpl-7619c237-1de6-4815-bbe2-f0b52dfbd5bc/datanode-4/data/ratis] (custom)
2023-12-28 09:09:47,628 [42fe86c5-ef4c-4426-bfd8-a8401ddf98d5-NettyServerStreamRpc-bossGroup--thread1] INFO  logging.LoggingHandler (AbstractInternalLogger.java:log(148)) - [id: 0x56cd5bca] BIND: 0.0.0.0/0.0.0.0:15407
2023-12-28 09:09:47,628 [main] INFO  server.RaftServerConfigKeys (ConfUtils.java:logGet(46)) - raft.server.threadpool.proxy.cached = true (default)
2023-12-28 09:09:47,628 [42fe86c5-ef4c-4426-bfd8-a8401ddf98d5-NettyServerStreamRpc-bossGroup--thread1] INFO  logging.LoggingHandler (AbstractInternalLogger.java:log(148)) - [id: 0x56cd5bca, L:/0.0.0.0:15407] ACTIVE
2023-12-28 09:09:47,628 [main] INFO  server.RaftServerConfigKeys (ConfUtils.java:logGet(46)) - raft.server.threadpool.proxy.size = 0 (default)
2023-12-28 09:09:47,629 [42fe86c5-ef4c-4426-bfd8-a8401ddf98d5-impl-thread1] INFO  server.RaftServer (RaftServerProxy.java:initGroupDir(264)) - 42fe86c5-ef4c-4426-bfd8-a8401ddf98d5: found a subdirectory /home/runner/work/ozone/ozone/hadoop-ozone/integration-test/target/test-dir/MiniOzoneClusterImpl-7619c237-1de6-4815-bbe2-f0b52dfbd5bc/datanode-4/data/ratis/tmp
2023-12-28 09:09:47,629 [42fe86c5-ef4c-4426-bfd8-a8401ddf98d5-impl-thread1] INFO  server.RaftServer (RaftServerProxy.java:initGroupDir(269)) - 42fe86c5-ef4c-4426-bfd8-a8401ddf98d5: The directory /home/runner/work/ozone/ozone/hadoop-ozone/integration-test/target/test-dir/MiniOzoneClusterImpl-7619c237-1de6-4815-bbe2-f0b52dfbd5bc/datanode-4/data/ratis/tmp is not a group directory; ignoring it. 
2023-12-28 09:09:47,629 [main] INFO  replication.ReplicationServer (ReplicationServer.java:<init>(85)) - Initializing replication server with thread count = 10 queue length = 4096
2023-12-28 09:09:47,629 [main] INFO  server.XceiverServerGrpc (XceiverServerGrpc.java:<init>(141)) - GrpcServer channel type EpollServerSocketChannel
2023-12-28 09:09:47,630 [main] INFO  replication.ReplicationSupervisor (ReplicationSupervisor.java:build(163)) - Initializing replication supervisor with thread count = 10
2023-12-28 09:09:47,630 [main] INFO  replication.ReplicationSupervisor (ReplicationSupervisor.java:nodeStateUpdated(317)) - Node state updated to IN_SERVICE, scaling executor pool size to 10
2023-12-28 09:09:47,632 [main] INFO  http.BaseHttpServer (BaseHttpServer.java:newHttpServer2BuilderForOzone(223)) - Starting Web-server for hddsDatanode at: http://0.0.0.0:15401
2023-12-28 09:09:47,632 [main] INFO  http.BaseHttpServer (BaseHttpServer.java:<init>(110)) - Hadoop Security Enabled: false Ozone Security Enabled: false Ozone HTTP Security Enabled: false 
2023-12-28 09:09:47,632 [main] WARN  server.AuthenticationFilter (AuthenticationFilter.java:constructSecretProvider(240)) - Unable to initialize FileSignerSecretProvider, falling back to use random secrets. Reason: Could not read signature secret file: /home/runner/hadoop-http-auth-signature-secret
2023-12-28 09:09:47,633 [main] INFO  http.HttpRequestLog (HttpRequestLog.java:getRequestLog(86)) - Http request log for http.requests.hddsDatanode is not defined
2023-12-28 09:09:47,634 [main] INFO  http.HttpServer2 (HttpServer2.java:addGlobalFilter(1036)) - Added global filter 'safety' (class=org.apache.hadoop.hdds.server.http.HttpServer2$QuotingInputFilter)
2023-12-28 09:09:47,634 [main] INFO  http.HttpServer2 (HttpServer2.java:addFilter(1012)) - Added filter static_user_filter (class=org.apache.hadoop.http.lib.StaticUserWebFilter$StaticUserFilter) to context hddsDatanode
2023-12-28 09:09:47,634 [main] INFO  http.HttpServer2 (HttpServer2.java:addFilter(1020)) - Added filter static_user_filter (class=org.apache.hadoop.http.lib.StaticUserWebFilter$StaticUserFilter) to context logs
2023-12-28 09:09:47,634 [main] INFO  http.HttpServer2 (HttpServer2.java:addFilter(1020)) - Added filter static_user_filter (class=org.apache.hadoop.http.lib.StaticUserWebFilter$StaticUserFilter) to context static
2023-12-28 09:09:47,635 [main] INFO  http.BaseHttpServer (BaseHttpServer.java:<init>(189)) - HTTP server of hddsDatanode uses base directory /home/runner/work/ozone/ozone/hadoop-ozone/integration-test/target/test-dir/MiniOzoneClusterImpl-7619c237-1de6-4815-bbe2-f0b52dfbd5bc/datanode-4/meta/webserver
2023-12-28 09:09:47,635 [main] INFO  http.HttpServer2 (HttpServer2.java:bindListener(1236)) - Jetty bound to port 15401
2023-12-28 09:09:47,635 [main] INFO  server.Server (Server.java:doStart(375)) - jetty-9.4.53.v20231009; built: 2023-10-09T12:29:09.265Z; git: 27bde00a0b95a1d5bbee0eae7984f891d2d0f8c9; jvm 1.8.0_392-b08
2023-12-28 09:09:47,639 [main] INFO  server.session (DefaultSessionIdManager.java:doStart(334)) - DefaultSessionIdManager workerName=node0
2023-12-28 09:09:47,639 [main] INFO  server.session (DefaultSessionIdManager.java:doStart(339)) - No SessionScavenger set, using defaults
2023-12-28 09:09:47,639 [main] INFO  server.session (HouseKeeper.java:startScavenging(132)) - node0 Scavenging every 600000ms
2023-12-28 09:09:47,647 [main] INFO  handler.ContextHandler (ContextHandler.java:doStart(921)) - Started o.e.j.s.ServletContextHandler@9b2ce10{logs,/logs,file:///home/runner/work/ozone/ozone/hadoop-ozone/integration-test/target/log,AVAILABLE}
2023-12-28 09:09:47,647 [main] INFO  handler.ContextHandler (ContextHandler.java:doStart(921)) - Started o.e.j.s.ServletContextHandler@42b9b847{static,/static,jar:file:/home/runner/.m2/repository/org/apache/ozone/hdds-container-service/1.5.0-SNAPSHOT/hdds-container-service-1.5.0-SNAPSHOT.jar!/webapps/static,AVAILABLE}
2023-12-28 09:09:47,679 [main] INFO  handler.ContextHandler (ContextHandler.java:doStart(921)) - Started o.e.j.w.WebAppContext@238d9fbc{hddsDatanode,/,file:///home/runner/work/ozone/ozone/hadoop-ozone/integration-test/target/test-dir/MiniOzoneClusterImpl-7619c237-1de6-4815-bbe2-f0b52dfbd5bc/datanode-4/meta/webserver/jetty-0_0_0_0-15401-hdds-container-service-1_5_0-SNAPSHOT_jar-_-any-7370027839648757031/webapp/,AVAILABLE}{jar:file:/home/runner/.m2/repository/org/apache/ozone/hdds-container-service/1.5.0-SNAPSHOT/hdds-container-service-1.5.0-SNAPSHOT.jar!/webapps/hddsDatanode}
2023-12-28 09:09:47,680 [main] INFO  server.AbstractConnector (AbstractConnector.java:doStart(333)) - Started ServerConnector@5f8ef566{HTTP/1.1, (http/1.1)}{0.0.0.0:15401}
2023-12-28 09:09:47,680 [main] INFO  server.Server (Server.java:doStart(415)) - Started @132699ms
2023-12-28 09:09:47,680 [main] WARN  impl.MetricsSystemImpl (MetricsSystemImpl.java:register(279)) - Sink prometheus already exists!
2023-12-28 09:09:47,681 [main] INFO  http.BaseHttpServer (BaseHttpServer.java:updateConnectorAddress(354)) - HTTP server of hddsDatanode listening at http://0.0.0.0:15401
2023-12-28 09:09:47,681 [main] INFO  ipc.CallQueueManager (CallQueueManager.java:<init>(90)) - Using callQueue: class java.util.concurrent.LinkedBlockingQueue, queueCapacity: 100, scheduler: class org.apache.hadoop.ipc.DefaultRpcScheduler, ipcBackoff: false.
2023-12-28 09:09:47,681 [main] INFO  ipc.Server (Server.java:<init>(1287)) - Listener at 0.0.0.0:15402
2023-12-28 09:09:47,682 [Socket Reader #1 for port 15402] INFO  ipc.Server (Server.java:run(1323)) - Starting Socket Reader #1 for port 15402
2023-12-28 09:09:47,683 [main] INFO  ozone.HddsDatanodeService (HddsDatanodeService.java:start(324)) - Datanode start with admins: [runner]
2023-12-28 09:09:47,683 [main] INFO  ozone.HddsDatanodeClientProtocolServer (HddsDatanodeClientProtocolServer.java:start(72)) - RPC server for Client /0.0.0.0:15402
2023-12-28 09:09:47,683 [IPC Server Responder] INFO  ipc.Server (Server.java:run(1562)) - IPC Server Responder: starting
2023-12-28 09:09:47,683 [IPC Server listener on 15402] INFO  ipc.Server (Server.java:run(1402)) - IPC Server listener on 15402: starting
2023-12-28 09:09:47,685 [42fe86c5-ef4c-4426-bfd8-a8401ddf98d5-DatanodeStateMachineDaemonThread] INFO  statemachine.DatanodeStateMachine (DatanodeStateMachine.java:lambda$startDaemon$1(555)) - Ozone container server started.
2023-12-28 09:09:47,685 [main] WARN  dropwizard3.Dm3MetricRegistriesImpl (Dm3MetricRegistriesImpl.java:addReporterRegistration(113)) - New reporters are added after registries were created. Some metrics will be missing from the reporter. Please add reporter before adding any new registry.
2023-12-28 09:09:47,685 [main] WARN  dropwizard3.Dm3MetricRegistriesImpl (Dm3MetricRegistriesImpl.java:addReporterRegistration(113)) - New reporters are added after registries were created. Some metrics will be missing from the reporter. Please add reporter before adding any new registry.
2023-12-28 09:09:47,686 [main] INFO  impl.MetricsSystemImpl (MetricsSystemImpl.java:init(158)) - HddsDatanode metrics system started (again)
2023-12-28 09:09:47,687 [42fe86c5-ef4c-4426-bfd8-a8401ddf98d5-DatanodeStateMachineTaskThread-0] INFO  datanode.InitDatanodeState (InitDatanodeState.java:persistContainerDatanodeDetails(139)) - DatanodeDetails is persisted to /home/runner/work/ozone/ozone/hadoop-ozone/integration-test/target/test-dir/MiniOzoneClusterImpl-7619c237-1de6-4815-bbe2-f0b52dfbd5bc/datanode-4/meta/datanode.id
2023-12-28 09:09:47,707 [main] INFO  ozone.HddsDatanodeService (HddsDatanodeService.java:start(239)) - HddsDatanodeService host:fv-az1384-14.e3qrh24bduyexj1tcof5x1etkc.ex.internal.cloudapp.net ip:10.1.0.14
2023-12-28 09:09:47,730 [main] INFO  upgrade.AbstractLayoutVersionManager (AbstractLayoutVersionManager.java:init(83)) - Initializing Layout version manager with metadata layout = HADOOP_PRC_PORTS_IN_DATANODEDETAILS (version = 7), software layout = HADOOP_PRC_PORTS_IN_DATANODEDETAILS (version = 7)
2023-12-28 09:09:47,731 [main] INFO  statemachine.DatanodeStateMachine (DatanodeStateMachine.java:getEndPointTaskThreadPoolSize(299)) - Datanode State Machine Task Thread Pool size 2
2023-12-28 09:09:47,732 [main] ERROR lib.MethodMetric (MethodMetric.java:snapshot(117)) - Error invoking method getCommitted
java.lang.reflect.InvocationTargetException
	at sun.reflect.GeneratedMethodAccessor85.invoke(Unknown Source)
	at sun.reflect.DelegatingMethodAccessorImpl.invoke(DelegatingMethodAccessorImpl.java:43)
	at java.lang.reflect.Method.invoke(Method.java:498)
	at org.apache.hadoop.metrics2.lib.MethodMetric$2.snapshot(MethodMetric.java:111)
	at org.apache.hadoop.metrics2.lib.MethodMetric.snapshot(MethodMetric.java:142)
	at org.apache.hadoop.metrics2.lib.MetricsRegistry.snapshot(MetricsRegistry.java:447)
	at org.apache.hadoop.metrics2.lib.MetricsSourceBuilder$1.getMetrics(MetricsSourceBuilder.java:89)
	at org.apache.hadoop.metrics2.impl.MetricsSourceAdapter.getMetrics(MetricsSourceAdapter.java:200)
	at org.apache.hadoop.metrics2.impl.MetricsSourceAdapter.updateJmxCache(MetricsSourceAdapter.java:183)
	at org.apache.hadoop.metrics2.impl.MetricsSourceAdapter.getMBeanInfo(MetricsSourceAdapter.java:156)
	at com.sun.jmx.interceptor.DefaultMBeanServerInterceptor.getNewMBeanClassName(DefaultMBeanServerInterceptor.java:333)
	at com.sun.jmx.interceptor.DefaultMBeanServerInterceptor.registerMBean(DefaultMBeanServerInterceptor.java:319)
	at com.sun.jmx.mbeanserver.JmxMBeanServer.registerMBean(JmxMBeanServer.java:522)
	at org.apache.hadoop.metrics2.util.MBeans.register(MBeans.java:100)
	at org.apache.hadoop.metrics2.util.MBeans.register(MBeans.java:73)
	at org.apache.hadoop.metrics2.impl.MetricsSourceAdapter.startMBeans(MetricsSourceAdapter.java:222)
	at org.apache.hadoop.metrics2.impl.MetricsSourceAdapter.start(MetricsSourceAdapter.java:101)
	at org.apache.hadoop.metrics2.impl.MetricsSystemImpl.registerSource(MetricsSystemImpl.java:268)
	at org.apache.hadoop.metrics2.impl.MetricsSystemImpl.register(MetricsSystemImpl.java:233)
	at org.apache.hadoop.ozone.container.common.volume.VolumeInfoMetrics.init(VolumeInfoMetrics.java:50)
	at org.apache.hadoop.ozone.container.common.volume.VolumeInfoMetrics.<init>(VolumeInfoMetrics.java:45)
	at org.apache.hadoop.ozone.container.common.volume.HddsVolume.<init>(HddsVolume.java:123)
	at org.apache.hadoop.ozone.container.common.volume.HddsVolume.<init>(HddsVolume.java:71)
	at org.apache.hadoop.ozone.container.common.volume.HddsVolume$Builder.build(HddsVolume.java:111)
	at org.apache.hadoop.ozone.container.common.volume.HddsVolumeFactory.createVolume(HddsVolumeFactory.java:48)
	at org.apache.hadoop.ozone.container.common.volume.MutableVolumeSet.initializeVolumeSet(MutableVolumeSet.java:170)
	at org.apache.hadoop.ozone.container.common.volume.MutableVolumeSet.<init>(MutableVolumeSet.java:132)
	at org.apache.hadoop.ozone.container.common.volume.MutableVolumeSet.<init>(MutableVolumeSet.java:96)
	at org.apache.hadoop.ozone.container.ozoneimpl.OzoneContainer.<init>(OzoneContainer.java:149)
	at org.apache.hadoop.ozone.container.common.statemachine.DatanodeStateMachine.<init>(DatanodeStateMachine.java:186)
	at org.apache.hadoop.ozone.HddsDatanodeService.start(HddsDatanodeService.java:296)
	at org.apache.hadoop.ozone.MiniOzoneClusterImpl.startHddsDatanode(MiniOzoneClusterImpl.java:489)
	at java.util.ArrayList.forEach(ArrayList.java:1259)
	at org.apache.hadoop.ozone.MiniOzoneClusterImpl.startHddsDatanodes(MiniOzoneClusterImpl.java:497)
	at org.apache.hadoop.ozone.MiniOzoneClusterImpl$Builder.build(MiniOzoneClusterImpl.java:627)
	at org.apache.hadoop.ozone.client.rpc.TestWatchForCommit.init(TestWatchForCommit.java:149)
	at sun.reflect.NativeMethodAccessorImpl.invoke0(Native Method)
	at sun.reflect.NativeMethodAccessorImpl.invoke(NativeMethodAccessorImpl.java:62)
	at sun.reflect.DelegatingMethodAccessorImpl.invoke(DelegatingMethodAccessorImpl.java:43)
	at java.lang.reflect.Method.invoke(Method.java:498)
	at org.junit.platform.commons.util.ReflectionUtils.invokeMethod(ReflectionUtils.java:728)
	at org.junit.jupiter.engine.execution.MethodInvocation.proceed(MethodInvocation.java:60)
	at org.junit.jupiter.engine.execution.InvocationInterceptorChain$ValidatingInvocation.proceed(InvocationInterceptorChain.java:131)
	at org.junit.jupiter.engine.extension.TimeoutExtension.intercept(TimeoutExtension.java:156)
	at org.junit.jupiter.engine.extension.TimeoutExtension.interceptLifecycleMethod(TimeoutExtension.java:128)
	at org.junit.jupiter.engine.extension.TimeoutExtension.interceptBeforeEachMethod(TimeoutExtension.java:78)
	at org.junit.jupiter.engine.execution.InterceptingExecutableInvoker$ReflectiveInterceptorCall.lambda$ofVoidMethod$0(InterceptingExecutableInvoker.java:103)
	at org.junit.jupiter.engine.execution.InterceptingExecutableInvoker.lambda$invoke$0(InterceptingExecutableInvoker.java:93)
	at org.junit.jupiter.engine.execution.InvocationInterceptorChain$InterceptedInvocation.proceed(InvocationInterceptorChain.java:106)
	at org.junit.jupiter.engine.execution.InvocationInterceptorChain.proceed(InvocationInterceptorChain.java:64)
	at org.junit.jupiter.engine.execution.InvocationInterceptorChain.chainAndInvoke(InvocationInterceptorChain.java:45)
	at org.junit.jupiter.engine.execution.InvocationInterceptorChain.invoke(InvocationInterceptorChain.java:37)
	at org.junit.jupiter.engine.execution.InterceptingExecutableInvoker.invoke(InterceptingExecutableInvoker.java:92)
	at org.junit.jupiter.engine.execution.InterceptingExecutableInvoker.invoke(InterceptingExecutableInvoker.java:86)
	at org.junit.jupiter.engine.descriptor.ClassBasedTestDescriptor.invokeMethodInExtensionContext(ClassBasedTestDescriptor.java:521)
	at org.junit.jupiter.engine.descriptor.ClassBasedTestDescriptor.lambda$synthesizeBeforeEachMethodAdapter$23(ClassBasedTestDescriptor.java:506)
	at org.junit.jupiter.engine.descriptor.TestMethodTestDescriptor.lambda$invokeBeforeEachMethods$3(TestMethodTestDescriptor.java:175)
	at org.junit.jupiter.engine.descriptor.TestMethodTestDescriptor.lambda$invokeBeforeMethodsOrCallbacksUntilExceptionOccurs$6(TestMethodTestDescriptor.java:203)
	at org.junit.platform.engine.support.hierarchical.ThrowableCollector.execute(ThrowableCollector.java:73)
	at org.junit.jupiter.engine.descriptor.TestMethodTestDescriptor.invokeBeforeMethodsOrCallbacksUntilExceptionOccurs(TestMethodTestDescriptor.java:203)
	at org.junit.jupiter.engine.descriptor.TestMethodTestDescriptor.invokeBeforeEachMethods(TestMethodTestDescriptor.java:172)
	at org.junit.jupiter.engine.descriptor.TestMethodTestDescriptor.execute(TestMethodTestDescriptor.java:135)
	at org.junit.jupiter.engine.descriptor.TestMethodTestDescriptor.execute(TestMethodTestDescriptor.java:69)
	at org.junit.platform.engine.support.hierarchical.NodeTestTask.lambda$executeRecursively$6(NodeTestTask.java:151)
	at org.junit.platform.engine.support.hierarchical.ThrowableCollector.execute(ThrowableCollector.java:73)
	at org.junit.platform.engine.support.hierarchical.NodeTestTask.lambda$executeRecursively$8(NodeTestTask.java:141)
	at org.junit.platform.engine.support.hierarchical.Node.around(Node.java:137)
	at org.junit.platform.engine.support.hierarchical.NodeTestTask.lambda$executeRecursively$9(NodeTestTask.java:139)
	at org.junit.platform.engine.support.hierarchical.ThrowableCollector.execute(ThrowableCollector.java:73)
	at org.junit.platform.engine.support.hierarchical.NodeTestTask.executeRecursively(NodeTestTask.java:138)
	at org.junit.platform.engine.support.hierarchical.NodeTestTask.execute(NodeTestTask.java:95)
	at java.util.ArrayList.forEach(ArrayList.java:1259)
	at org.junit.platform.engine.support.hierarchical.SameThreadHierarchicalTestExecutorService.invokeAll(SameThreadHierarchicalTestExecutorService.java:41)
	at org.junit.platform.engine.support.hierarchical.NodeTestTask.lambda$executeRecursively$6(NodeTestTask.java:155)
	at org.junit.platform.engine.support.hierarchical.ThrowableCollector.execute(ThrowableCollector.java:73)
	at org.junit.platform.engine.support.hierarchical.NodeTestTask.lambda$executeRecursively$8(NodeTestTask.java:141)
	at org.junit.platform.engine.support.hierarchical.Node.around(Node.java:137)
	at org.junit.platform.engine.support.hierarchical.NodeTestTask.lambda$executeRecursively$9(NodeTestTask.java:139)
	at org.junit.platform.engine.support.hierarchical.ThrowableCollector.execute(ThrowableCollector.java:73)
	at org.junit.platform.engine.support.hierarchical.NodeTestTask.executeRecursively(NodeTestTask.java:138)
	at org.junit.platform.engine.support.hierarchical.NodeTestTask.execute(NodeTestTask.java:95)
	at java.util.ArrayList.forEach(ArrayList.java:1259)
	at org.junit.platform.engine.support.hierarchical.SameThreadHierarchicalTestExecutorService.invokeAll(SameThreadHierarchicalTestExecutorService.java:41)
	at org.junit.platform.engine.support.hierarchical.NodeTestTask.lambda$executeRecursively$6(NodeTestTask.java:155)
	at org.junit.platform.engine.support.hierarchical.ThrowableCollector.execute(ThrowableCollector.java:73)
	at org.junit.platform.engine.support.hierarchical.NodeTestTask.lambda$executeRecursively$8(NodeTestTask.java:141)
	at org.junit.platform.engine.support.hierarchical.Node.around(Node.java:137)
	at org.junit.platform.engine.support.hierarchical.NodeTestTask.lambda$executeRecursively$9(NodeTestTask.java:139)
	at org.junit.platform.engine.support.hierarchical.ThrowableCollector.execute(ThrowableCollector.java:73)
	at org.junit.platform.engine.support.hierarchical.NodeTestTask.executeRecursively(NodeTestTask.java:138)
	at org.junit.platform.engine.support.hierarchical.NodeTestTask.execute(NodeTestTask.java:95)
	at org.junit.platform.engine.support.hierarchical.SameThreadHierarchicalTestExecutorService.submit(SameThreadHierarchicalTestExecutorService.java:35)
	at org.junit.platform.engine.support.hierarchical.HierarchicalTestExecutor.execute(HierarchicalTestExecutor.java:57)
	at org.junit.platform.engine.support.hierarchical.HierarchicalTestEngine.execute(HierarchicalTestEngine.java:54)
	at org.junit.platform.launcher.core.EngineExecutionOrchestrator.execute(EngineExecutionOrchestrator.java:198)
	at org.junit.platform.launcher.core.EngineExecutionOrchestrator.execute(EngineExecutionOrchestrator.java:169)
	at org.junit.platform.launcher.core.EngineExecutionOrchestrator.execute(EngineExecutionOrchestrator.java:93)
	at org.junit.platform.launcher.core.EngineExecutionOrchestrator.lambda$execute$0(EngineExecutionOrchestrator.java:58)
	at org.junit.platform.launcher.core.EngineExecutionOrchestrator.withInterceptedStreams(EngineExecutionOrchestrator.java:141)
	at org.junit.platform.launcher.core.EngineExecutionOrchestrator.execute(EngineExecutionOrchestrator.java:57)
	at org.junit.platform.launcher.core.DefaultLauncher.execute(DefaultLauncher.java:103)
	at org.junit.platform.launcher.core.DefaultLauncher.execute(DefaultLauncher.java:85)
	at org.junit.platform.launcher.core.DelegatingLauncher.execute(DelegatingLauncher.java:47)
	at org.apache.maven.surefire.junitplatform.LazyLauncher.execute(LazyLauncher.java:56)
	at org.apache.maven.surefire.junitplatform.JUnitPlatformProvider.invokeAllTests(JUnitPlatformProvider.java:162)
	at org.apache.maven.surefire.junitplatform.JUnitPlatformProvider.invoke(JUnitPlatformProvider.java:120)
	at org.apache.maven.surefire.booter.ForkedBooter.runSuitesInProcess(ForkedBooter.java:385)
	at org.apache.maven.surefire.booter.ForkedBooter.execute(ForkedBooter.java:162)
	at org.apache.maven.surefire.booter.ForkedBooter.run(ForkedBooter.java:507)
	at org.apache.maven.surefire.booter.ForkedBooter.main(ForkedBooter.java:495)
Caused by: java.lang.NullPointerException
	at org.apache.hadoop.ozone.container.common.volume.HddsVolume.getCommittedBytes(HddsVolume.java:303)
	at org.apache.hadoop.ozone.container.common.volume.VolumeInfoMetrics.getCommitted(VolumeInfoMetrics.java:147)
	... 110 more
2023-12-28 09:09:47,733 [main] INFO  volume.HddsVolume (HddsVolume.java:<init>(126)) - Creating HddsVolume: /home/runner/work/ozone/ozone/hadoop-ozone/integration-test/target/test-dir/MiniOzoneClusterImpl-7619c237-1de6-4815-bbe2-f0b52dfbd5bc/datanode-5/data-0/containers/hdds of storage type : DISK capacity : 9223372036854775807
2023-12-28 09:09:47,733 [main] INFO  volume.MutableVolumeSet (MutableVolumeSet.java:initializeVolumeSet(173)) - Added Volume : /home/runner/work/ozone/ozone/hadoop-ozone/integration-test/target/test-dir/MiniOzoneClusterImpl-7619c237-1de6-4815-bbe2-f0b52dfbd5bc/datanode-5/data-0/containers/hdds to VolumeSet
2023-12-28 09:09:47,733 [main] INFO  volume.MutableVolumeSet (MutableVolumeSet.java:initializeVolumeSet(173)) - Added Volume : /home/runner/work/ozone/ozone/hadoop-ozone/integration-test/target/test-dir/MiniOzoneClusterImpl-7619c237-1de6-4815-bbe2-f0b52dfbd5bc/datanode-5/data/ratis to VolumeSet
2023-12-28 09:09:47,734 [main] INFO  ozoneimpl.OzoneContainer (HddsVolumeUtil.java:loadAllHddsVolumeDbStore(103)) - Load 1 volumes DbStore cost: 0ms
2023-12-28 09:09:47,734 [31ca3cec-ca1e-4771-b2d4-3cf5bbdf2d7e-ContainerReader-0] INFO  ozoneimpl.ContainerReader (ContainerReader.java:readVolume(178)) - Finish verifying containers on volume /home/runner/work/ozone/ozone/hadoop-ozone/integration-test/target/test-dir/MiniOzoneClusterImpl-7619c237-1de6-4815-bbe2-f0b52dfbd5bc/datanode-5/data-0/containers/hdds
2023-12-28 09:09:47,734 [main] INFO  ozoneimpl.OzoneContainer (OzoneContainer.java:buildContainerSet(326)) - Build ContainerSet costs 0s
2023-12-28 09:09:47,735 [main] INFO  server.RaftServer (ConfUtils.java:logGet(46)) - raft.rpc.type = GRPC (default)
2023-12-28 09:09:47,736 [main] INFO  grpc.GrpcConfigKeys (ConfUtils.java:logFallback(53)) - raft.grpc.admin.host = null (fallback to raft.grpc.server.host)
2023-12-28 09:09:47,736 [main] INFO  grpc.GrpcConfigKeys (ConfUtils.java:logGet(46)) - raft.grpc.admin.port = 15414 (custom)
2023-12-28 09:09:47,736 [main] INFO  grpc.GrpcConfigKeys (ConfUtils.java:logFallback(53)) - raft.grpc.client.host = null (fallback to raft.grpc.server.host)
2023-12-28 09:09:47,736 [main] INFO  grpc.GrpcConfigKeys (ConfUtils.java:logGet(46)) - raft.grpc.client.port = 15413 (custom)
2023-12-28 09:09:47,736 [main] INFO  grpc.GrpcConfigKeys (ConfUtils.java:logGet(46)) - raft.grpc.server.host = null (default)
2023-12-28 09:09:47,736 [main] INFO  grpc.GrpcConfigKeys (ConfUtils.java:logGet(46)) - raft.grpc.server.port = 15415 (custom)
2023-12-28 09:09:47,737 [main] INFO  server.GrpcService (ConfUtils.java:logGet(46)) - raft.grpc.message.size.max = 32MB (=33554432) (custom)
2023-12-28 09:09:47,737 [main] INFO  server.RaftServerConfigKeys (ConfUtils.java:logGet(46)) - raft.server.log.appender.buffer.byte-limit = 8388608 (custom)
2023-12-28 09:09:47,737 [main] INFO  server.GrpcService (ConfUtils.java:logGet(46)) - raft.grpc.flow.control.window = 5MB (=5242880) (custom)
2023-12-28 09:09:47,737 [main] INFO  server.RaftServerConfigKeys (ConfUtils.java:logGet(46)) - raft.server.rpc.request.timeout = 3000ms (default)
2023-12-28 09:09:47,737 [main] INFO  grpc.GrpcConfigKeys (ConfUtils.java:logGet(46)) - raft.grpc.server.heartbeat.channel = true (default)
2023-12-28 09:09:47,737 [main] INFO  grpc.GrpcConfigKeys (ConfUtils.java:logGet(46)) - raft.grpc.server.async.request.thread.pool.cached = true (default)
2023-12-28 09:09:47,737 [main] INFO  grpc.GrpcConfigKeys (ConfUtils.java:logGet(46)) - raft.grpc.server.async.request.thread.pool.size = 32 (default)
2023-12-28 09:09:47,739 [main] INFO  impl.DataStreamServerImpl (ConfUtils.java:logGet(46)) - raft.datastream.type = NETTY (custom)
2023-12-28 09:09:47,739 [main] INFO  server.RaftServerConfigKeys (ConfUtils.java:logGet(46)) - raft.server.data-stream.async.request.thread.pool.cached = false (default)
2023-12-28 09:09:47,739 [main] INFO  server.RaftServerConfigKeys (ConfUtils.java:logGet(46)) - raft.server.data-stream.async.request.thread.pool.size = 20 (custom)
2023-12-28 09:09:47,740 [main] INFO  server.RaftServerConfigKeys (ConfUtils.java:logGet(46)) - raft.server.data-stream.async.write.thread.pool.size = 16 (default)
2023-12-28 09:09:47,740 [main] INFO  netty.NettyConfigKeys$DataStream (ConfUtils.java:logGet(46)) - raft.netty.dataStream.server.channel.inactive.grace-period = 10min (default)
2023-12-28 09:09:47,740 [main] INFO  server.RaftServerConfigKeys (ConfUtils.java:logGet(46)) - raft.server.data-stream.client.pool.size = 10 (default)
2023-12-28 09:09:47,740 [main] INFO  netty.NettyConfigKeys$DataStream (ConfUtils.java:logGet(46)) - raft.netty.dataStream.server.use-epoll = true (default)
2023-12-28 09:09:47,740 [main] INFO  netty.NettyConfigKeys$DataStream (ConfUtils.java:logGet(46)) - raft.netty.dataStream.server.boss-group.size = 0 (default)
2023-12-28 09:09:47,740 [main] INFO  netty.NettyUtils (NettyUtils.java:newEventLoopGroup(69)) - Create EpollEventLoopGroup for 31ca3cec-ca1e-4771-b2d4-3cf5bbdf2d7e-NettyServerStreamRpc-bossGroup; Thread size is 0.
2023-12-28 09:09:47,740 [main] INFO  netty.NettyConfigKeys$DataStream (ConfUtils.java:logGet(46)) - raft.netty.dataStream.server.worker-group.size = 0 (default)
2023-12-28 09:09:47,741 [main] INFO  netty.NettyUtils (NettyUtils.java:newEventLoopGroup(69)) - Create EpollEventLoopGroup for 31ca3cec-ca1e-4771-b2d4-3cf5bbdf2d7e-NettyServerStreamRpc-workerGroup; Thread size is 0.
2023-12-28 09:09:47,741 [main] INFO  netty.NettyConfigKeys$DataStream (ConfUtils.java:logGet(46)) - raft.netty.dataStream.server.tls.conf = null (default)
2023-12-28 09:09:47,741 [main] INFO  netty.NettyConfigKeys$DataStream (ConfUtils.java:logGet(46)) - raft.netty.dataStream.host = null (default)
2023-12-28 09:09:47,741 [main] INFO  netty.NettyConfigKeys$DataStream (ConfUtils.java:logGet(46)) - raft.netty.dataStream.port = 15416 (custom)
2023-12-28 09:09:47,741 [main] INFO  server.RaftServerConfigKeys (ConfUtils.java:logGet(46)) - raft.server.sleep.deviation.threshold = 300ms (default)
2023-12-28 09:09:47,741 [31ca3cec-ca1e-4771-b2d4-3cf5bbdf2d7e-NettyServerStreamRpc-bossGroup--thread1] INFO  logging.LoggingHandler (AbstractInternalLogger.java:log(148)) - [id: 0x20a80e89] REGISTERED
2023-12-28 09:09:47,742 [main] INFO  server.RaftServerConfigKeys (ConfUtils.java:logGet(46)) - raft.server.close.threshold = 60s (default)
2023-12-28 09:09:47,742 [main] INFO  server.RaftServerConfigKeys (ConfUtils.java:logGet(46)) - raft.server.leaderelection.leader.step-down.wait-time = 10s (default)
2023-12-28 09:09:47,742 [31ca3cec-ca1e-4771-b2d4-3cf5bbdf2d7e-NettyServerStreamRpc-bossGroup--thread1] INFO  logging.LoggingHandler (AbstractInternalLogger.java:log(148)) - [id: 0x20a80e89] BIND: 0.0.0.0/0.0.0.0:15416
2023-12-28 09:09:47,742 [main] INFO  server.RaftServerConfigKeys (ConfUtils.java:logGet(46)) - raft.server.storage.dir = [/home/runner/work/ozone/ozone/hadoop-ozone/integration-test/target/test-dir/MiniOzoneClusterImpl-7619c237-1de6-4815-bbe2-f0b52dfbd5bc/datanode-5/data/ratis] (custom)
2023-12-28 09:09:47,742 [31ca3cec-ca1e-4771-b2d4-3cf5bbdf2d7e-NettyServerStreamRpc-bossGroup--thread1] INFO  logging.LoggingHandler (AbstractInternalLogger.java:log(148)) - [id: 0x20a80e89, L:/0.0.0.0:15416] ACTIVE
2023-12-28 09:09:47,742 [main] INFO  server.RaftServerConfigKeys (ConfUtils.java:logGet(46)) - raft.server.threadpool.proxy.cached = true (default)
2023-12-28 09:09:47,742 [main] INFO  server.RaftServerConfigKeys (ConfUtils.java:logGet(46)) - raft.server.threadpool.proxy.size = 0 (default)
2023-12-28 09:09:47,743 [31ca3cec-ca1e-4771-b2d4-3cf5bbdf2d7e-impl-thread1] INFO  server.RaftServer (RaftServerProxy.java:initGroupDir(264)) - 31ca3cec-ca1e-4771-b2d4-3cf5bbdf2d7e: found a subdirectory /home/runner/work/ozone/ozone/hadoop-ozone/integration-test/target/test-dir/MiniOzoneClusterImpl-7619c237-1de6-4815-bbe2-f0b52dfbd5bc/datanode-5/data/ratis/tmp
2023-12-28 09:09:47,743 [31ca3cec-ca1e-4771-b2d4-3cf5bbdf2d7e-impl-thread1] INFO  server.RaftServer (RaftServerProxy.java:initGroupDir(269)) - 31ca3cec-ca1e-4771-b2d4-3cf5bbdf2d7e: The directory /home/runner/work/ozone/ozone/hadoop-ozone/integration-test/target/test-dir/MiniOzoneClusterImpl-7619c237-1de6-4815-bbe2-f0b52dfbd5bc/datanode-5/data/ratis/tmp is not a group directory; ignoring it. 
2023-12-28 09:09:47,743 [main] INFO  replication.ReplicationServer (ReplicationServer.java:<init>(85)) - Initializing replication server with thread count = 10 queue length = 4096
2023-12-28 09:09:47,743 [main] INFO  server.XceiverServerGrpc (XceiverServerGrpc.java:<init>(141)) - GrpcServer channel type EpollServerSocketChannel
2023-12-28 09:09:47,744 [main] INFO  replication.ReplicationSupervisor (ReplicationSupervisor.java:build(163)) - Initializing replication supervisor with thread count = 10
2023-12-28 09:09:47,745 [main] INFO  replication.ReplicationSupervisor (ReplicationSupervisor.java:nodeStateUpdated(317)) - Node state updated to IN_SERVICE, scaling executor pool size to 10
2023-12-28 09:09:47,746 [main] INFO  http.BaseHttpServer (BaseHttpServer.java:newHttpServer2BuilderForOzone(223)) - Starting Web-server for hddsDatanode at: http://0.0.0.0:15410
2023-12-28 09:09:47,746 [main] INFO  http.BaseHttpServer (BaseHttpServer.java:<init>(110)) - Hadoop Security Enabled: false Ozone Security Enabled: false Ozone HTTP Security Enabled: false 
2023-12-28 09:09:47,747 [main] WARN  server.AuthenticationFilter (AuthenticationFilter.java:constructSecretProvider(240)) - Unable to initialize FileSignerSecretProvider, falling back to use random secrets. Reason: Could not read signature secret file: /home/runner/hadoop-http-auth-signature-secret
2023-12-28 09:09:47,750 [main] INFO  http.HttpRequestLog (HttpRequestLog.java:getRequestLog(86)) - Http request log for http.requests.hddsDatanode is not defined
2023-12-28 09:09:47,751 [main] INFO  http.HttpServer2 (HttpServer2.java:addGlobalFilter(1036)) - Added global filter 'safety' (class=org.apache.hadoop.hdds.server.http.HttpServer2$QuotingInputFilter)
2023-12-28 09:09:47,751 [main] INFO  http.HttpServer2 (HttpServer2.java:addFilter(1012)) - Added filter static_user_filter (class=org.apache.hadoop.http.lib.StaticUserWebFilter$StaticUserFilter) to context hddsDatanode
2023-12-28 09:09:47,752 [main] INFO  http.HttpServer2 (HttpServer2.java:addFilter(1020)) - Added filter static_user_filter (class=org.apache.hadoop.http.lib.StaticUserWebFilter$StaticUserFilter) to context static
2023-12-28 09:09:47,752 [main] INFO  http.HttpServer2 (HttpServer2.java:addFilter(1020)) - Added filter static_user_filter (class=org.apache.hadoop.http.lib.StaticUserWebFilter$StaticUserFilter) to context logs
2023-12-28 09:09:47,752 [main] INFO  http.BaseHttpServer (BaseHttpServer.java:<init>(189)) - HTTP server of hddsDatanode uses base directory /home/runner/work/ozone/ozone/hadoop-ozone/integration-test/target/test-dir/MiniOzoneClusterImpl-7619c237-1de6-4815-bbe2-f0b52dfbd5bc/datanode-5/meta/webserver
2023-12-28 09:09:47,752 [main] INFO  http.HttpServer2 (HttpServer2.java:bindListener(1236)) - Jetty bound to port 15410
2023-12-28 09:09:47,752 [main] INFO  server.Server (Server.java:doStart(375)) - jetty-9.4.53.v20231009; built: 2023-10-09T12:29:09.265Z; git: 27bde00a0b95a1d5bbee0eae7984f891d2d0f8c9; jvm 1.8.0_392-b08
2023-12-28 09:09:47,759 [main] INFO  server.session (DefaultSessionIdManager.java:doStart(334)) - DefaultSessionIdManager workerName=node0
2023-12-28 09:09:47,759 [main] INFO  server.session (DefaultSessionIdManager.java:doStart(339)) - No SessionScavenger set, using defaults
2023-12-28 09:09:47,759 [main] INFO  server.session (HouseKeeper.java:startScavenging(132)) - node0 Scavenging every 600000ms
2023-12-28 09:09:47,763 [main] INFO  handler.ContextHandler (ContextHandler.java:doStart(921)) - Started o.e.j.s.ServletContextHandler@751b79a3{logs,/logs,file:///home/runner/work/ozone/ozone/hadoop-ozone/integration-test/target/log,AVAILABLE}
2023-12-28 09:09:47,763 [main] INFO  handler.ContextHandler (ContextHandler.java:doStart(921)) - Started o.e.j.s.ServletContextHandler@13ba1dfb{static,/static,jar:file:/home/runner/.m2/repository/org/apache/ozone/hdds-container-service/1.5.0-SNAPSHOT/hdds-container-service-1.5.0-SNAPSHOT.jar!/webapps/static,AVAILABLE}
2023-12-28 09:09:47,795 [main] INFO  handler.ContextHandler (ContextHandler.java:doStart(921)) - Started o.e.j.w.WebAppContext@17a16484{hddsDatanode,/,file:///home/runner/work/ozone/ozone/hadoop-ozone/integration-test/target/test-dir/MiniOzoneClusterImpl-7619c237-1de6-4815-bbe2-f0b52dfbd5bc/datanode-5/meta/webserver/jetty-0_0_0_0-15410-hdds-container-service-1_5_0-SNAPSHOT_jar-_-any-2648970720778748330/webapp/,AVAILABLE}{jar:file:/home/runner/.m2/repository/org/apache/ozone/hdds-container-service/1.5.0-SNAPSHOT/hdds-container-service-1.5.0-SNAPSHOT.jar!/webapps/hddsDatanode}
2023-12-28 09:09:47,797 [main] INFO  server.AbstractConnector (AbstractConnector.java:doStart(333)) - Started ServerConnector@2e059f8d{HTTP/1.1, (http/1.1)}{0.0.0.0:15410}
2023-12-28 09:09:47,797 [main] INFO  server.Server (Server.java:doStart(415)) - Started @132815ms
2023-12-28 09:09:47,797 [main] WARN  impl.MetricsSystemImpl (MetricsSystemImpl.java:register(279)) - Sink prometheus already exists!
2023-12-28 09:09:47,798 [main] INFO  http.BaseHttpServer (BaseHttpServer.java:updateConnectorAddress(354)) - HTTP server of hddsDatanode listening at http://0.0.0.0:15410
2023-12-28 09:09:47,798 [main] INFO  ipc.CallQueueManager (CallQueueManager.java:<init>(90)) - Using callQueue: class java.util.concurrent.LinkedBlockingQueue, queueCapacity: 100, scheduler: class org.apache.hadoop.ipc.DefaultRpcScheduler, ipcBackoff: false.
2023-12-28 09:09:47,798 [main] INFO  ipc.Server (Server.java:<init>(1287)) - Listener at 0.0.0.0:15411
2023-12-28 09:09:47,798 [Socket Reader #1 for port 15411] INFO  ipc.Server (Server.java:run(1323)) - Starting Socket Reader #1 for port 15411
2023-12-28 09:09:47,800 [main] INFO  ozone.HddsDatanodeService (HddsDatanodeService.java:start(324)) - Datanode start with admins: [runner]
2023-12-28 09:09:47,800 [main] INFO  ozone.HddsDatanodeClientProtocolServer (HddsDatanodeClientProtocolServer.java:start(72)) - RPC server for Client /0.0.0.0:15411
2023-12-28 09:09:47,800 [IPC Server Responder] INFO  ipc.Server (Server.java:run(1562)) - IPC Server Responder: starting
2023-12-28 09:09:47,800 [IPC Server listener on 15411] INFO  ipc.Server (Server.java:run(1402)) - IPC Server listener on 15411: starting
2023-12-28 09:09:47,801 [31ca3cec-ca1e-4771-b2d4-3cf5bbdf2d7e-DatanodeStateMachineDaemonThread] INFO  statemachine.DatanodeStateMachine (DatanodeStateMachine.java:lambda$startDaemon$1(555)) - Ozone container server started.
2023-12-28 09:09:47,801 [main] WARN  dropwizard3.Dm3MetricRegistriesImpl (Dm3MetricRegistriesImpl.java:addReporterRegistration(113)) - New reporters are added after registries were created. Some metrics will be missing from the reporter. Please add reporter before adding any new registry.
2023-12-28 09:09:47,802 [main] WARN  dropwizard3.Dm3MetricRegistriesImpl (Dm3MetricRegistriesImpl.java:addReporterRegistration(113)) - New reporters are added after registries were created. Some metrics will be missing from the reporter. Please add reporter before adding any new registry.
2023-12-28 09:09:47,802 [main] INFO  impl.MetricsSystemImpl (MetricsSystemImpl.java:init(158)) - HddsDatanode metrics system started (again)
2023-12-28 09:09:47,804 [31ca3cec-ca1e-4771-b2d4-3cf5bbdf2d7e-DatanodeStateMachineTaskThread-0] INFO  datanode.InitDatanodeState (InitDatanodeState.java:persistContainerDatanodeDetails(139)) - DatanodeDetails is persisted to /home/runner/work/ozone/ozone/hadoop-ozone/integration-test/target/test-dir/MiniOzoneClusterImpl-7619c237-1de6-4815-bbe2-f0b52dfbd5bc/datanode-5/meta/datanode.id
2023-12-28 09:09:47,811 [main] INFO  ozone.HddsDatanodeService (HddsDatanodeService.java:start(239)) - HddsDatanodeService host:fv-az1384-14.e3qrh24bduyexj1tcof5x1etkc.ex.internal.cloudapp.net ip:10.1.0.14
2023-12-28 09:09:47,833 [main] INFO  upgrade.AbstractLayoutVersionManager (AbstractLayoutVersionManager.java:init(83)) - Initializing Layout version manager with metadata layout = HADOOP_PRC_PORTS_IN_DATANODEDETAILS (version = 7), software layout = HADOOP_PRC_PORTS_IN_DATANODEDETAILS (version = 7)
2023-12-28 09:09:47,833 [main] INFO  statemachine.DatanodeStateMachine (DatanodeStateMachine.java:getEndPointTaskThreadPoolSize(299)) - Datanode State Machine Task Thread Pool size 2
2023-12-28 09:09:47,834 [main] ERROR lib.MethodMetric (MethodMetric.java:snapshot(117)) - Error invoking method getCommitted
java.lang.reflect.InvocationTargetException
	at sun.reflect.GeneratedMethodAccessor85.invoke(Unknown Source)
	at sun.reflect.DelegatingMethodAccessorImpl.invoke(DelegatingMethodAccessorImpl.java:43)
	at java.lang.reflect.Method.invoke(Method.java:498)
	at org.apache.hadoop.metrics2.lib.MethodMetric$2.snapshot(MethodMetric.java:111)
	at org.apache.hadoop.metrics2.lib.MethodMetric.snapshot(MethodMetric.java:142)
	at org.apache.hadoop.metrics2.lib.MetricsRegistry.snapshot(MetricsRegistry.java:447)
	at org.apache.hadoop.metrics2.lib.MetricsSourceBuilder$1.getMetrics(MetricsSourceBuilder.java:89)
	at org.apache.hadoop.metrics2.impl.MetricsSourceAdapter.getMetrics(MetricsSourceAdapter.java:200)
	at org.apache.hadoop.metrics2.impl.MetricsSourceAdapter.updateJmxCache(MetricsSourceAdapter.java:183)
	at org.apache.hadoop.metrics2.impl.MetricsSourceAdapter.getMBeanInfo(MetricsSourceAdapter.java:156)
	at com.sun.jmx.interceptor.DefaultMBeanServerInterceptor.getNewMBeanClassName(DefaultMBeanServerInterceptor.java:333)
	at com.sun.jmx.interceptor.DefaultMBeanServerInterceptor.registerMBean(DefaultMBeanServerInterceptor.java:319)
	at com.sun.jmx.mbeanserver.JmxMBeanServer.registerMBean(JmxMBeanServer.java:522)
	at org.apache.hadoop.metrics2.util.MBeans.register(MBeans.java:100)
	at org.apache.hadoop.metrics2.util.MBeans.register(MBeans.java:73)
	at org.apache.hadoop.metrics2.impl.MetricsSourceAdapter.startMBeans(MetricsSourceAdapter.java:222)
	at org.apache.hadoop.metrics2.impl.MetricsSourceAdapter.start(MetricsSourceAdapter.java:101)
	at org.apache.hadoop.metrics2.impl.MetricsSystemImpl.registerSource(MetricsSystemImpl.java:268)
	at org.apache.hadoop.metrics2.impl.MetricsSystemImpl.register(MetricsSystemImpl.java:233)
	at org.apache.hadoop.ozone.container.common.volume.VolumeInfoMetrics.init(VolumeInfoMetrics.java:50)
	at org.apache.hadoop.ozone.container.common.volume.VolumeInfoMetrics.<init>(VolumeInfoMetrics.java:45)
	at org.apache.hadoop.ozone.container.common.volume.HddsVolume.<init>(HddsVolume.java:123)
	at org.apache.hadoop.ozone.container.common.volume.HddsVolume.<init>(HddsVolume.java:71)
	at org.apache.hadoop.ozone.container.common.volume.HddsVolume$Builder.build(HddsVolume.java:111)
	at org.apache.hadoop.ozone.container.common.volume.HddsVolumeFactory.createVolume(HddsVolumeFactory.java:48)
	at org.apache.hadoop.ozone.container.common.volume.MutableVolumeSet.initializeVolumeSet(MutableVolumeSet.java:170)
	at org.apache.hadoop.ozone.container.common.volume.MutableVolumeSet.<init>(MutableVolumeSet.java:132)
	at org.apache.hadoop.ozone.container.common.volume.MutableVolumeSet.<init>(MutableVolumeSet.java:96)
	at org.apache.hadoop.ozone.container.ozoneimpl.OzoneContainer.<init>(OzoneContainer.java:149)
	at org.apache.hadoop.ozone.container.common.statemachine.DatanodeStateMachine.<init>(DatanodeStateMachine.java:186)
	at org.apache.hadoop.ozone.HddsDatanodeService.start(HddsDatanodeService.java:296)
	at org.apache.hadoop.ozone.MiniOzoneClusterImpl.startHddsDatanode(MiniOzoneClusterImpl.java:489)
	at java.util.ArrayList.forEach(ArrayList.java:1259)
	at org.apache.hadoop.ozone.MiniOzoneClusterImpl.startHddsDatanodes(MiniOzoneClusterImpl.java:497)
	at org.apache.hadoop.ozone.MiniOzoneClusterImpl$Builder.build(MiniOzoneClusterImpl.java:627)
	at org.apache.hadoop.ozone.client.rpc.TestWatchForCommit.init(TestWatchForCommit.java:149)
	at sun.reflect.NativeMethodAccessorImpl.invoke0(Native Method)
	at sun.reflect.NativeMethodAccessorImpl.invoke(NativeMethodAccessorImpl.java:62)
	at sun.reflect.DelegatingMethodAccessorImpl.invoke(DelegatingMethodAccessorImpl.java:43)
	at java.lang.reflect.Method.invoke(Method.java:498)
	at org.junit.platform.commons.util.ReflectionUtils.invokeMethod(ReflectionUtils.java:728)
	at org.junit.jupiter.engine.execution.MethodInvocation.proceed(MethodInvocation.java:60)
	at org.junit.jupiter.engine.execution.InvocationInterceptorChain$ValidatingInvocation.proceed(InvocationInterceptorChain.java:131)
	at org.junit.jupiter.engine.extension.TimeoutExtension.intercept(TimeoutExtension.java:156)
	at org.junit.jupiter.engine.extension.TimeoutExtension.interceptLifecycleMethod(TimeoutExtension.java:128)
	at org.junit.jupiter.engine.extension.TimeoutExtension.interceptBeforeEachMethod(TimeoutExtension.java:78)
	at org.junit.jupiter.engine.execution.InterceptingExecutableInvoker$ReflectiveInterceptorCall.lambda$ofVoidMethod$0(InterceptingExecutableInvoker.java:103)
	at org.junit.jupiter.engine.execution.InterceptingExecutableInvoker.lambda$invoke$0(InterceptingExecutableInvoker.java:93)
	at org.junit.jupiter.engine.execution.InvocationInterceptorChain$InterceptedInvocation.proceed(InvocationInterceptorChain.java:106)
	at org.junit.jupiter.engine.execution.InvocationInterceptorChain.proceed(InvocationInterceptorChain.java:64)
	at org.junit.jupiter.engine.execution.InvocationInterceptorChain.chainAndInvoke(InvocationInterceptorChain.java:45)
	at org.junit.jupiter.engine.execution.InvocationInterceptorChain.invoke(InvocationInterceptorChain.java:37)
	at org.junit.jupiter.engine.execution.InterceptingExecutableInvoker.invoke(InterceptingExecutableInvoker.java:92)
	at org.junit.jupiter.engine.execution.InterceptingExecutableInvoker.invoke(InterceptingExecutableInvoker.java:86)
	at org.junit.jupiter.engine.descriptor.ClassBasedTestDescriptor.invokeMethodInExtensionContext(ClassBasedTestDescriptor.java:521)
	at org.junit.jupiter.engine.descriptor.ClassBasedTestDescriptor.lambda$synthesizeBeforeEachMethodAdapter$23(ClassBasedTestDescriptor.java:506)
	at org.junit.jupiter.engine.descriptor.TestMethodTestDescriptor.lambda$invokeBeforeEachMethods$3(TestMethodTestDescriptor.java:175)
	at org.junit.jupiter.engine.descriptor.TestMethodTestDescriptor.lambda$invokeBeforeMethodsOrCallbacksUntilExceptionOccurs$6(TestMethodTestDescriptor.java:203)
	at org.junit.platform.engine.support.hierarchical.ThrowableCollector.execute(ThrowableCollector.java:73)
	at org.junit.jupiter.engine.descriptor.TestMethodTestDescriptor.invokeBeforeMethodsOrCallbacksUntilExceptionOccurs(TestMethodTestDescriptor.java:203)
	at org.junit.jupiter.engine.descriptor.TestMethodTestDescriptor.invokeBeforeEachMethods(TestMethodTestDescriptor.java:172)
	at org.junit.jupiter.engine.descriptor.TestMethodTestDescriptor.execute(TestMethodTestDescriptor.java:135)
	at org.junit.jupiter.engine.descriptor.TestMethodTestDescriptor.execute(TestMethodTestDescriptor.java:69)
	at org.junit.platform.engine.support.hierarchical.NodeTestTask.lambda$executeRecursively$6(NodeTestTask.java:151)
	at org.junit.platform.engine.support.hierarchical.ThrowableCollector.execute(ThrowableCollector.java:73)
	at org.junit.platform.engine.support.hierarchical.NodeTestTask.lambda$executeRecursively$8(NodeTestTask.java:141)
	at org.junit.platform.engine.support.hierarchical.Node.around(Node.java:137)
	at org.junit.platform.engine.support.hierarchical.NodeTestTask.lambda$executeRecursively$9(NodeTestTask.java:139)
	at org.junit.platform.engine.support.hierarchical.ThrowableCollector.execute(ThrowableCollector.java:73)
	at org.junit.platform.engine.support.hierarchical.NodeTestTask.executeRecursively(NodeTestTask.java:138)
	at org.junit.platform.engine.support.hierarchical.NodeTestTask.execute(NodeTestTask.java:95)
	at java.util.ArrayList.forEach(ArrayList.java:1259)
	at org.junit.platform.engine.support.hierarchical.SameThreadHierarchicalTestExecutorService.invokeAll(SameThreadHierarchicalTestExecutorService.java:41)
	at org.junit.platform.engine.support.hierarchical.NodeTestTask.lambda$executeRecursively$6(NodeTestTask.java:155)
	at org.junit.platform.engine.support.hierarchical.ThrowableCollector.execute(ThrowableCollector.java:73)
	at org.junit.platform.engine.support.hierarchical.NodeTestTask.lambda$executeRecursively$8(NodeTestTask.java:141)
	at org.junit.platform.engine.support.hierarchical.Node.around(Node.java:137)
	at org.junit.platform.engine.support.hierarchical.NodeTestTask.lambda$executeRecursively$9(NodeTestTask.java:139)
	at org.junit.platform.engine.support.hierarchical.ThrowableCollector.execute(ThrowableCollector.java:73)
	at org.junit.platform.engine.support.hierarchical.NodeTestTask.executeRecursively(NodeTestTask.java:138)
	at org.junit.platform.engine.support.hierarchical.NodeTestTask.execute(NodeTestTask.java:95)
	at java.util.ArrayList.forEach(ArrayList.java:1259)
	at org.junit.platform.engine.support.hierarchical.SameThreadHierarchicalTestExecutorService.invokeAll(SameThreadHierarchicalTestExecutorService.java:41)
	at org.junit.platform.engine.support.hierarchical.NodeTestTask.lambda$executeRecursively$6(NodeTestTask.java:155)
	at org.junit.platform.engine.support.hierarchical.ThrowableCollector.execute(ThrowableCollector.java:73)
	at org.junit.platform.engine.support.hierarchical.NodeTestTask.lambda$executeRecursively$8(NodeTestTask.java:141)
	at org.junit.platform.engine.support.hierarchical.Node.around(Node.java:137)
	at org.junit.platform.engine.support.hierarchical.NodeTestTask.lambda$executeRecursively$9(NodeTestTask.java:139)
	at org.junit.platform.engine.support.hierarchical.ThrowableCollector.execute(ThrowableCollector.java:73)
	at org.junit.platform.engine.support.hierarchical.NodeTestTask.executeRecursively(NodeTestTask.java:138)
	at org.junit.platform.engine.support.hierarchical.NodeTestTask.execute(NodeTestTask.java:95)
	at org.junit.platform.engine.support.hierarchical.SameThreadHierarchicalTestExecutorService.submit(SameThreadHierarchicalTestExecutorService.java:35)
	at org.junit.platform.engine.support.hierarchical.HierarchicalTestExecutor.execute(HierarchicalTestExecutor.java:57)
	at org.junit.platform.engine.support.hierarchical.HierarchicalTestEngine.execute(HierarchicalTestEngine.java:54)
	at org.junit.platform.launcher.core.EngineExecutionOrchestrator.execute(EngineExecutionOrchestrator.java:198)
	at org.junit.platform.launcher.core.EngineExecutionOrchestrator.execute(EngineExecutionOrchestrator.java:169)
	at org.junit.platform.launcher.core.EngineExecutionOrchestrator.execute(EngineExecutionOrchestrator.java:93)
	at org.junit.platform.launcher.core.EngineExecutionOrchestrator.lambda$execute$0(EngineExecutionOrchestrator.java:58)
	at org.junit.platform.launcher.core.EngineExecutionOrchestrator.withInterceptedStreams(EngineExecutionOrchestrator.java:141)
	at org.junit.platform.launcher.core.EngineExecutionOrchestrator.execute(EngineExecutionOrchestrator.java:57)
	at org.junit.platform.launcher.core.DefaultLauncher.execute(DefaultLauncher.java:103)
	at org.junit.platform.launcher.core.DefaultLauncher.execute(DefaultLauncher.java:85)
	at org.junit.platform.launcher.core.DelegatingLauncher.execute(DelegatingLauncher.java:47)
	at org.apache.maven.surefire.junitplatform.LazyLauncher.execute(LazyLauncher.java:56)
	at org.apache.maven.surefire.junitplatform.JUnitPlatformProvider.invokeAllTests(JUnitPlatformProvider.java:162)
	at org.apache.maven.surefire.junitplatform.JUnitPlatformProvider.invoke(JUnitPlatformProvider.java:120)
	at org.apache.maven.surefire.booter.ForkedBooter.runSuitesInProcess(ForkedBooter.java:385)
	at org.apache.maven.surefire.booter.ForkedBooter.execute(ForkedBooter.java:162)
	at org.apache.maven.surefire.booter.ForkedBooter.run(ForkedBooter.java:507)
	at org.apache.maven.surefire.booter.ForkedBooter.main(ForkedBooter.java:495)
Caused by: java.lang.NullPointerException
	at org.apache.hadoop.ozone.container.common.volume.HddsVolume.getCommittedBytes(HddsVolume.java:303)
	at org.apache.hadoop.ozone.container.common.volume.VolumeInfoMetrics.getCommitted(VolumeInfoMetrics.java:147)
	... 110 more
2023-12-28 09:09:47,835 [main] INFO  volume.HddsVolume (HddsVolume.java:<init>(126)) - Creating HddsVolume: /home/runner/work/ozone/ozone/hadoop-ozone/integration-test/target/test-dir/MiniOzoneClusterImpl-7619c237-1de6-4815-bbe2-f0b52dfbd5bc/datanode-6/data-0/containers/hdds of storage type : DISK capacity : 9223372036854775807
2023-12-28 09:09:47,835 [main] INFO  volume.MutableVolumeSet (MutableVolumeSet.java:initializeVolumeSet(173)) - Added Volume : /home/runner/work/ozone/ozone/hadoop-ozone/integration-test/target/test-dir/MiniOzoneClusterImpl-7619c237-1de6-4815-bbe2-f0b52dfbd5bc/datanode-6/data-0/containers/hdds to VolumeSet
2023-12-28 09:09:47,836 [main] INFO  volume.MutableVolumeSet (MutableVolumeSet.java:initializeVolumeSet(173)) - Added Volume : /home/runner/work/ozone/ozone/hadoop-ozone/integration-test/target/test-dir/MiniOzoneClusterImpl-7619c237-1de6-4815-bbe2-f0b52dfbd5bc/datanode-6/data/ratis to VolumeSet
2023-12-28 09:09:47,836 [main] INFO  ozoneimpl.OzoneContainer (HddsVolumeUtil.java:loadAllHddsVolumeDbStore(103)) - Load 1 volumes DbStore cost: 0ms
2023-12-28 09:09:47,836 [4a7d4f9e-b840-4b9b-8b00-1e8f80dcf0e2-ContainerReader-0] INFO  ozoneimpl.ContainerReader (ContainerReader.java:readVolume(178)) - Finish verifying containers on volume /home/runner/work/ozone/ozone/hadoop-ozone/integration-test/target/test-dir/MiniOzoneClusterImpl-7619c237-1de6-4815-bbe2-f0b52dfbd5bc/datanode-6/data-0/containers/hdds
2023-12-28 09:09:47,836 [main] INFO  ozoneimpl.OzoneContainer (OzoneContainer.java:buildContainerSet(326)) - Build ContainerSet costs 0s
2023-12-28 09:09:47,838 [main] INFO  server.RaftServer (ConfUtils.java:logGet(46)) - raft.rpc.type = GRPC (default)
2023-12-28 09:09:47,838 [main] INFO  grpc.GrpcConfigKeys (ConfUtils.java:logFallback(53)) - raft.grpc.admin.host = null (fallback to raft.grpc.server.host)
2023-12-28 09:09:47,838 [main] INFO  grpc.GrpcConfigKeys (ConfUtils.java:logGet(46)) - raft.grpc.admin.port = 15423 (custom)
2023-12-28 09:09:47,838 [main] INFO  grpc.GrpcConfigKeys (ConfUtils.java:logFallback(53)) - raft.grpc.client.host = null (fallback to raft.grpc.server.host)
2023-12-28 09:09:47,838 [main] INFO  grpc.GrpcConfigKeys (ConfUtils.java:logGet(46)) - raft.grpc.client.port = 15422 (custom)
2023-12-28 09:09:47,839 [main] INFO  grpc.GrpcConfigKeys (ConfUtils.java:logGet(46)) - raft.grpc.server.host = null (default)
2023-12-28 09:09:47,839 [main] INFO  grpc.GrpcConfigKeys (ConfUtils.java:logGet(46)) - raft.grpc.server.port = 15424 (custom)
2023-12-28 09:09:47,839 [main] INFO  server.GrpcService (ConfUtils.java:logGet(46)) - raft.grpc.message.size.max = 32MB (=33554432) (custom)
2023-12-28 09:09:47,839 [main] INFO  server.RaftServerConfigKeys (ConfUtils.java:logGet(46)) - raft.server.log.appender.buffer.byte-limit = 8388608 (custom)
2023-12-28 09:09:47,839 [main] INFO  server.GrpcService (ConfUtils.java:logGet(46)) - raft.grpc.flow.control.window = 5MB (=5242880) (custom)
2023-12-28 09:09:47,840 [main] INFO  server.RaftServerConfigKeys (ConfUtils.java:logGet(46)) - raft.server.rpc.request.timeout = 3000ms (default)
2023-12-28 09:09:47,840 [main] INFO  grpc.GrpcConfigKeys (ConfUtils.java:logGet(46)) - raft.grpc.server.heartbeat.channel = true (default)
2023-12-28 09:09:47,840 [main] INFO  grpc.GrpcConfigKeys (ConfUtils.java:logGet(46)) - raft.grpc.server.async.request.thread.pool.cached = true (default)
2023-12-28 09:09:47,840 [main] INFO  grpc.GrpcConfigKeys (ConfUtils.java:logGet(46)) - raft.grpc.server.async.request.thread.pool.size = 32 (default)
2023-12-28 09:09:47,842 [main] INFO  impl.DataStreamServerImpl (ConfUtils.java:logGet(46)) - raft.datastream.type = NETTY (custom)
2023-12-28 09:09:47,842 [main] INFO  server.RaftServerConfigKeys (ConfUtils.java:logGet(46)) - raft.server.data-stream.async.request.thread.pool.cached = false (default)
2023-12-28 09:09:47,842 [main] INFO  server.RaftServerConfigKeys (ConfUtils.java:logGet(46)) - raft.server.data-stream.async.request.thread.pool.size = 20 (custom)
2023-12-28 09:09:47,842 [main] INFO  server.RaftServerConfigKeys (ConfUtils.java:logGet(46)) - raft.server.data-stream.async.write.thread.pool.size = 16 (default)
2023-12-28 09:09:47,842 [main] INFO  netty.NettyConfigKeys$DataStream (ConfUtils.java:logGet(46)) - raft.netty.dataStream.server.channel.inactive.grace-period = 10min (default)
2023-12-28 09:09:47,843 [main] INFO  server.RaftServerConfigKeys (ConfUtils.java:logGet(46)) - raft.server.data-stream.client.pool.size = 10 (default)
2023-12-28 09:09:47,843 [main] INFO  netty.NettyConfigKeys$DataStream (ConfUtils.java:logGet(46)) - raft.netty.dataStream.server.use-epoll = true (default)
2023-12-28 09:09:47,843 [main] INFO  netty.NettyConfigKeys$DataStream (ConfUtils.java:logGet(46)) - raft.netty.dataStream.server.boss-group.size = 0 (default)
2023-12-28 09:09:47,843 [main] INFO  netty.NettyUtils (NettyUtils.java:newEventLoopGroup(69)) - Create EpollEventLoopGroup for 4a7d4f9e-b840-4b9b-8b00-1e8f80dcf0e2-NettyServerStreamRpc-bossGroup; Thread size is 0.
2023-12-28 09:09:47,844 [main] INFO  netty.NettyConfigKeys$DataStream (ConfUtils.java:logGet(46)) - raft.netty.dataStream.server.worker-group.size = 0 (default)
2023-12-28 09:09:47,844 [main] INFO  netty.NettyUtils (NettyUtils.java:newEventLoopGroup(69)) - Create EpollEventLoopGroup for 4a7d4f9e-b840-4b9b-8b00-1e8f80dcf0e2-NettyServerStreamRpc-workerGroup; Thread size is 0.
2023-12-28 09:09:47,844 [main] INFO  netty.NettyConfigKeys$DataStream (ConfUtils.java:logGet(46)) - raft.netty.dataStream.server.tls.conf = null (default)
2023-12-28 09:09:47,844 [main] INFO  netty.NettyConfigKeys$DataStream (ConfUtils.java:logGet(46)) - raft.netty.dataStream.host = null (default)
2023-12-28 09:09:47,844 [main] INFO  netty.NettyConfigKeys$DataStream (ConfUtils.java:logGet(46)) - raft.netty.dataStream.port = 15425 (custom)
2023-12-28 09:09:47,845 [main] INFO  server.RaftServerConfigKeys (ConfUtils.java:logGet(46)) - raft.server.sleep.deviation.threshold = 300ms (default)
2023-12-28 09:09:47,845 [4a7d4f9e-b840-4b9b-8b00-1e8f80dcf0e2-NettyServerStreamRpc-bossGroup--thread1] INFO  logging.LoggingHandler (AbstractInternalLogger.java:log(148)) - [id: 0x12048135] REGISTERED
2023-12-28 09:09:47,845 [main] INFO  server.RaftServerConfigKeys (ConfUtils.java:logGet(46)) - raft.server.close.threshold = 60s (default)
2023-12-28 09:09:47,845 [4a7d4f9e-b840-4b9b-8b00-1e8f80dcf0e2-NettyServerStreamRpc-bossGroup--thread1] INFO  logging.LoggingHandler (AbstractInternalLogger.java:log(148)) - [id: 0x12048135] BIND: 0.0.0.0/0.0.0.0:15425
2023-12-28 09:09:47,845 [main] INFO  server.RaftServerConfigKeys (ConfUtils.java:logGet(46)) - raft.server.leaderelection.leader.step-down.wait-time = 10s (default)
2023-12-28 09:09:47,845 [4a7d4f9e-b840-4b9b-8b00-1e8f80dcf0e2-NettyServerStreamRpc-bossGroup--thread1] INFO  logging.LoggingHandler (AbstractInternalLogger.java:log(148)) - [id: 0x12048135, L:/0.0.0.0:15425] ACTIVE
2023-12-28 09:09:47,845 [main] INFO  server.RaftServerConfigKeys (ConfUtils.java:logGet(46)) - raft.server.storage.dir = [/home/runner/work/ozone/ozone/hadoop-ozone/integration-test/target/test-dir/MiniOzoneClusterImpl-7619c237-1de6-4815-bbe2-f0b52dfbd5bc/datanode-6/data/ratis] (custom)
2023-12-28 09:09:47,846 [main] INFO  server.RaftServerConfigKeys (ConfUtils.java:logGet(46)) - raft.server.threadpool.proxy.cached = true (default)
2023-12-28 09:09:47,846 [main] INFO  server.RaftServerConfigKeys (ConfUtils.java:logGet(46)) - raft.server.threadpool.proxy.size = 0 (default)
2023-12-28 09:09:47,846 [4a7d4f9e-b840-4b9b-8b00-1e8f80dcf0e2-impl-thread1] INFO  server.RaftServer (RaftServerProxy.java:initGroupDir(264)) - 4a7d4f9e-b840-4b9b-8b00-1e8f80dcf0e2: found a subdirectory /home/runner/work/ozone/ozone/hadoop-ozone/integration-test/target/test-dir/MiniOzoneClusterImpl-7619c237-1de6-4815-bbe2-f0b52dfbd5bc/datanode-6/data/ratis/tmp
2023-12-28 09:09:47,846 [4a7d4f9e-b840-4b9b-8b00-1e8f80dcf0e2-impl-thread1] INFO  server.RaftServer (RaftServerProxy.java:initGroupDir(269)) - 4a7d4f9e-b840-4b9b-8b00-1e8f80dcf0e2: The directory /home/runner/work/ozone/ozone/hadoop-ozone/integration-test/target/test-dir/MiniOzoneClusterImpl-7619c237-1de6-4815-bbe2-f0b52dfbd5bc/datanode-6/data/ratis/tmp is not a group directory; ignoring it. 
2023-12-28 09:09:47,846 [main] INFO  replication.ReplicationServer (ReplicationServer.java:<init>(85)) - Initializing replication server with thread count = 10 queue length = 4096
2023-12-28 09:09:47,847 [main] INFO  server.XceiverServerGrpc (XceiverServerGrpc.java:<init>(141)) - GrpcServer channel type EpollServerSocketChannel
2023-12-28 09:09:47,848 [main] INFO  replication.ReplicationSupervisor (ReplicationSupervisor.java:build(163)) - Initializing replication supervisor with thread count = 10
2023-12-28 09:09:47,848 [main] INFO  replication.ReplicationSupervisor (ReplicationSupervisor.java:nodeStateUpdated(317)) - Node state updated to IN_SERVICE, scaling executor pool size to 10
2023-12-28 09:09:47,849 [main] INFO  http.BaseHttpServer (BaseHttpServer.java:newHttpServer2BuilderForOzone(223)) - Starting Web-server for hddsDatanode at: http://0.0.0.0:15419
2023-12-28 09:09:47,850 [main] INFO  http.BaseHttpServer (BaseHttpServer.java:<init>(110)) - Hadoop Security Enabled: false Ozone Security Enabled: false Ozone HTTP Security Enabled: false 
2023-12-28 09:09:47,850 [main] WARN  server.AuthenticationFilter (AuthenticationFilter.java:constructSecretProvider(240)) - Unable to initialize FileSignerSecretProvider, falling back to use random secrets. Reason: Could not read signature secret file: /home/runner/hadoop-http-auth-signature-secret
2023-12-28 09:09:47,850 [main] INFO  http.HttpRequestLog (HttpRequestLog.java:getRequestLog(86)) - Http request log for http.requests.hddsDatanode is not defined
2023-12-28 09:09:47,851 [main] INFO  http.HttpServer2 (HttpServer2.java:addGlobalFilter(1036)) - Added global filter 'safety' (class=org.apache.hadoop.hdds.server.http.HttpServer2$QuotingInputFilter)
2023-12-28 09:09:47,851 [main] INFO  http.HttpServer2 (HttpServer2.java:addFilter(1012)) - Added filter static_user_filter (class=org.apache.hadoop.http.lib.StaticUserWebFilter$StaticUserFilter) to context hddsDatanode
2023-12-28 09:09:47,851 [main] INFO  http.HttpServer2 (HttpServer2.java:addFilter(1020)) - Added filter static_user_filter (class=org.apache.hadoop.http.lib.StaticUserWebFilter$StaticUserFilter) to context logs
2023-12-28 09:09:47,851 [main] INFO  http.HttpServer2 (HttpServer2.java:addFilter(1020)) - Added filter static_user_filter (class=org.apache.hadoop.http.lib.StaticUserWebFilter$StaticUserFilter) to context static
2023-12-28 09:09:47,852 [main] INFO  http.BaseHttpServer (BaseHttpServer.java:<init>(189)) - HTTP server of hddsDatanode uses base directory /home/runner/work/ozone/ozone/hadoop-ozone/integration-test/target/test-dir/MiniOzoneClusterImpl-7619c237-1de6-4815-bbe2-f0b52dfbd5bc/datanode-6/meta/webserver
2023-12-28 09:09:47,852 [main] INFO  http.HttpServer2 (HttpServer2.java:bindListener(1236)) - Jetty bound to port 15419
2023-12-28 09:09:47,852 [main] INFO  server.Server (Server.java:doStart(375)) - jetty-9.4.53.v20231009; built: 2023-10-09T12:29:09.265Z; git: 27bde00a0b95a1d5bbee0eae7984f891d2d0f8c9; jvm 1.8.0_392-b08
2023-12-28 09:09:47,853 [main] INFO  server.session (DefaultSessionIdManager.java:doStart(334)) - DefaultSessionIdManager workerName=node0
2023-12-28 09:09:47,853 [main] INFO  server.session (DefaultSessionIdManager.java:doStart(339)) - No SessionScavenger set, using defaults
2023-12-28 09:09:47,853 [main] INFO  server.session (HouseKeeper.java:startScavenging(132)) - node0 Scavenging every 600000ms
2023-12-28 09:09:47,853 [main] INFO  handler.ContextHandler (ContextHandler.java:doStart(921)) - Started o.e.j.s.ServletContextHandler@2caf59cc{logs,/logs,file:///home/runner/work/ozone/ozone/hadoop-ozone/integration-test/target/log,AVAILABLE}
2023-12-28 09:09:47,854 [main] INFO  handler.ContextHandler (ContextHandler.java:doStart(921)) - Started o.e.j.s.ServletContextHandler@671f96a8{static,/static,jar:file:/home/runner/.m2/repository/org/apache/ozone/hdds-container-service/1.5.0-SNAPSHOT/hdds-container-service-1.5.0-SNAPSHOT.jar!/webapps/static,AVAILABLE}
2023-12-28 09:09:47,884 [main] INFO  handler.ContextHandler (ContextHandler.java:doStart(921)) - Started o.e.j.w.WebAppContext@8132a63{hddsDatanode,/,file:///home/runner/work/ozone/ozone/hadoop-ozone/integration-test/target/test-dir/MiniOzoneClusterImpl-7619c237-1de6-4815-bbe2-f0b52dfbd5bc/datanode-6/meta/webserver/jetty-0_0_0_0-15419-hdds-container-service-1_5_0-SNAPSHOT_jar-_-any-1353195978413745681/webapp/,AVAILABLE}{jar:file:/home/runner/.m2/repository/org/apache/ozone/hdds-container-service/1.5.0-SNAPSHOT/hdds-container-service-1.5.0-SNAPSHOT.jar!/webapps/hddsDatanode}
2023-12-28 09:09:47,885 [main] INFO  server.AbstractConnector (AbstractConnector.java:doStart(333)) - Started ServerConnector@66c1db11{HTTP/1.1, (http/1.1)}{0.0.0.0:15419}
2023-12-28 09:09:47,885 [main] INFO  server.Server (Server.java:doStart(415)) - Started @132903ms
2023-12-28 09:09:47,885 [main] WARN  impl.MetricsSystemImpl (MetricsSystemImpl.java:register(279)) - Sink prometheus already exists!
2023-12-28 09:09:47,885 [main] INFO  http.BaseHttpServer (BaseHttpServer.java:updateConnectorAddress(354)) - HTTP server of hddsDatanode listening at http://0.0.0.0:15419
2023-12-28 09:09:47,885 [main] INFO  ipc.CallQueueManager (CallQueueManager.java:<init>(90)) - Using callQueue: class java.util.concurrent.LinkedBlockingQueue, queueCapacity: 100, scheduler: class org.apache.hadoop.ipc.DefaultRpcScheduler, ipcBackoff: false.
2023-12-28 09:09:47,886 [main] INFO  ipc.Server (Server.java:<init>(1287)) - Listener at 0.0.0.0:15420
2023-12-28 09:09:47,886 [Socket Reader #1 for port 15420] INFO  ipc.Server (Server.java:run(1323)) - Starting Socket Reader #1 for port 15420
2023-12-28 09:09:47,887 [main] INFO  ozone.HddsDatanodeService (HddsDatanodeService.java:start(324)) - Datanode start with admins: [runner]
2023-12-28 09:09:47,887 [main] INFO  ozone.HddsDatanodeClientProtocolServer (HddsDatanodeClientProtocolServer.java:start(72)) - RPC server for Client /0.0.0.0:15420
2023-12-28 09:09:47,888 [IPC Server Responder] INFO  ipc.Server (Server.java:run(1562)) - IPC Server Responder: starting
2023-12-28 09:09:47,888 [IPC Server listener on 15420] INFO  ipc.Server (Server.java:run(1402)) - IPC Server listener on 15420: starting
2023-12-28 09:09:47,889 [4a7d4f9e-b840-4b9b-8b00-1e8f80dcf0e2-DatanodeStateMachineDaemonThread] INFO  statemachine.DatanodeStateMachine (DatanodeStateMachine.java:lambda$startDaemon$1(555)) - Ozone container server started.
2023-12-28 09:09:47,889 [main] WARN  dropwizard3.Dm3MetricRegistriesImpl (Dm3MetricRegistriesImpl.java:addReporterRegistration(113)) - New reporters are added after registries were created. Some metrics will be missing from the reporter. Please add reporter before adding any new registry.
2023-12-28 09:09:47,889 [main] WARN  dropwizard3.Dm3MetricRegistriesImpl (Dm3MetricRegistriesImpl.java:addReporterRegistration(113)) - New reporters are added after registries were created. Some metrics will be missing from the reporter. Please add reporter before adding any new registry.
2023-12-28 09:09:47,890 [main] INFO  impl.MetricsSystemImpl (MetricsSystemImpl.java:init(158)) - HddsDatanode metrics system started (again)
2023-12-28 09:09:47,891 [4a7d4f9e-b840-4b9b-8b00-1e8f80dcf0e2-DatanodeStateMachineTaskThread-0] INFO  datanode.InitDatanodeState (InitDatanodeState.java:persistContainerDatanodeDetails(139)) - DatanodeDetails is persisted to /home/runner/work/ozone/ozone/hadoop-ozone/integration-test/target/test-dir/MiniOzoneClusterImpl-7619c237-1de6-4815-bbe2-f0b52dfbd5bc/datanode-6/meta/datanode.id
2023-12-28 09:09:47,899 [main] INFO  ozone.HddsDatanodeService (HddsDatanodeService.java:start(239)) - HddsDatanodeService host:fv-az1384-14.e3qrh24bduyexj1tcof5x1etkc.ex.internal.cloudapp.net ip:10.1.0.14
2023-12-28 09:09:47,923 [main] INFO  upgrade.AbstractLayoutVersionManager (AbstractLayoutVersionManager.java:init(83)) - Initializing Layout version manager with metadata layout = HADOOP_PRC_PORTS_IN_DATANODEDETAILS (version = 7), software layout = HADOOP_PRC_PORTS_IN_DATANODEDETAILS (version = 7)
2023-12-28 09:09:47,923 [main] INFO  statemachine.DatanodeStateMachine (DatanodeStateMachine.java:getEndPointTaskThreadPoolSize(299)) - Datanode State Machine Task Thread Pool size 2
2023-12-28 09:09:47,924 [main] ERROR lib.MethodMetric (MethodMetric.java:snapshot(117)) - Error invoking method getCommitted
java.lang.reflect.InvocationTargetException
	at sun.reflect.GeneratedMethodAccessor85.invoke(Unknown Source)
	at sun.reflect.DelegatingMethodAccessorImpl.invoke(DelegatingMethodAccessorImpl.java:43)
	at java.lang.reflect.Method.invoke(Method.java:498)
	at org.apache.hadoop.metrics2.lib.MethodMetric$2.snapshot(MethodMetric.java:111)
	at org.apache.hadoop.metrics2.lib.MethodMetric.snapshot(MethodMetric.java:142)
	at org.apache.hadoop.metrics2.lib.MetricsRegistry.snapshot(MetricsRegistry.java:447)
	at org.apache.hadoop.metrics2.lib.MetricsSourceBuilder$1.getMetrics(MetricsSourceBuilder.java:89)
	at org.apache.hadoop.metrics2.impl.MetricsSourceAdapter.getMetrics(MetricsSourceAdapter.java:200)
	at org.apache.hadoop.metrics2.impl.MetricsSourceAdapter.updateJmxCache(MetricsSourceAdapter.java:183)
	at org.apache.hadoop.metrics2.impl.MetricsSourceAdapter.getMBeanInfo(MetricsSourceAdapter.java:156)
	at com.sun.jmx.interceptor.DefaultMBeanServerInterceptor.getNewMBeanClassName(DefaultMBeanServerInterceptor.java:333)
	at com.sun.jmx.interceptor.DefaultMBeanServerInterceptor.registerMBean(DefaultMBeanServerInterceptor.java:319)
	at com.sun.jmx.mbeanserver.JmxMBeanServer.registerMBean(JmxMBeanServer.java:522)
	at org.apache.hadoop.metrics2.util.MBeans.register(MBeans.java:100)
	at org.apache.hadoop.metrics2.util.MBeans.register(MBeans.java:73)
	at org.apache.hadoop.metrics2.impl.MetricsSourceAdapter.startMBeans(MetricsSourceAdapter.java:222)
	at org.apache.hadoop.metrics2.impl.MetricsSourceAdapter.start(MetricsSourceAdapter.java:101)
	at org.apache.hadoop.metrics2.impl.MetricsSystemImpl.registerSource(MetricsSystemImpl.java:268)
	at org.apache.hadoop.metrics2.impl.MetricsSystemImpl.register(MetricsSystemImpl.java:233)
	at org.apache.hadoop.ozone.container.common.volume.VolumeInfoMetrics.init(VolumeInfoMetrics.java:50)
	at org.apache.hadoop.ozone.container.common.volume.VolumeInfoMetrics.<init>(VolumeInfoMetrics.java:45)
	at org.apache.hadoop.ozone.container.common.volume.HddsVolume.<init>(HddsVolume.java:123)
	at org.apache.hadoop.ozone.container.common.volume.HddsVolume.<init>(HddsVolume.java:71)
	at org.apache.hadoop.ozone.container.common.volume.HddsVolume$Builder.build(HddsVolume.java:111)
	at org.apache.hadoop.ozone.container.common.volume.HddsVolumeFactory.createVolume(HddsVolumeFactory.java:48)
	at org.apache.hadoop.ozone.container.common.volume.MutableVolumeSet.initializeVolumeSet(MutableVolumeSet.java:170)
	at org.apache.hadoop.ozone.container.common.volume.MutableVolumeSet.<init>(MutableVolumeSet.java:132)
	at org.apache.hadoop.ozone.container.common.volume.MutableVolumeSet.<init>(MutableVolumeSet.java:96)
	at org.apache.hadoop.ozone.container.ozoneimpl.OzoneContainer.<init>(OzoneContainer.java:149)
	at org.apache.hadoop.ozone.container.common.statemachine.DatanodeStateMachine.<init>(DatanodeStateMachine.java:186)
	at org.apache.hadoop.ozone.HddsDatanodeService.start(HddsDatanodeService.java:296)
	at org.apache.hadoop.ozone.MiniOzoneClusterImpl.startHddsDatanode(MiniOzoneClusterImpl.java:489)
	at java.util.ArrayList.forEach(ArrayList.java:1259)
	at org.apache.hadoop.ozone.MiniOzoneClusterImpl.startHddsDatanodes(MiniOzoneClusterImpl.java:497)
	at org.apache.hadoop.ozone.MiniOzoneClusterImpl$Builder.build(MiniOzoneClusterImpl.java:627)
	at org.apache.hadoop.ozone.client.rpc.TestWatchForCommit.init(TestWatchForCommit.java:149)
	at sun.reflect.NativeMethodAccessorImpl.invoke0(Native Method)
	at sun.reflect.NativeMethodAccessorImpl.invoke(NativeMethodAccessorImpl.java:62)
	at sun.reflect.DelegatingMethodAccessorImpl.invoke(DelegatingMethodAccessorImpl.java:43)
	at java.lang.reflect.Method.invoke(Method.java:498)
	at org.junit.platform.commons.util.ReflectionUtils.invokeMethod(ReflectionUtils.java:728)
	at org.junit.jupiter.engine.execution.MethodInvocation.proceed(MethodInvocation.java:60)
	at org.junit.jupiter.engine.execution.InvocationInterceptorChain$ValidatingInvocation.proceed(InvocationInterceptorChain.java:131)
	at org.junit.jupiter.engine.extension.TimeoutExtension.intercept(TimeoutExtension.java:156)
	at org.junit.jupiter.engine.extension.TimeoutExtension.interceptLifecycleMethod(TimeoutExtension.java:128)
	at org.junit.jupiter.engine.extension.TimeoutExtension.interceptBeforeEachMethod(TimeoutExtension.java:78)
	at org.junit.jupiter.engine.execution.InterceptingExecutableInvoker$ReflectiveInterceptorCall.lambda$ofVoidMethod$0(InterceptingExecutableInvoker.java:103)
	at org.junit.jupiter.engine.execution.InterceptingExecutableInvoker.lambda$invoke$0(InterceptingExecutableInvoker.java:93)
	at org.junit.jupiter.engine.execution.InvocationInterceptorChain$InterceptedInvocation.proceed(InvocationInterceptorChain.java:106)
	at org.junit.jupiter.engine.execution.InvocationInterceptorChain.proceed(InvocationInterceptorChain.java:64)
	at org.junit.jupiter.engine.execution.InvocationInterceptorChain.chainAndInvoke(InvocationInterceptorChain.java:45)
	at org.junit.jupiter.engine.execution.InvocationInterceptorChain.invoke(InvocationInterceptorChain.java:37)
	at org.junit.jupiter.engine.execution.InterceptingExecutableInvoker.invoke(InterceptingExecutableInvoker.java:92)
	at org.junit.jupiter.engine.execution.InterceptingExecutableInvoker.invoke(InterceptingExecutableInvoker.java:86)
	at org.junit.jupiter.engine.descriptor.ClassBasedTestDescriptor.invokeMethodInExtensionContext(ClassBasedTestDescriptor.java:521)
	at org.junit.jupiter.engine.descriptor.ClassBasedTestDescriptor.lambda$synthesizeBeforeEachMethodAdapter$23(ClassBasedTestDescriptor.java:506)
	at org.junit.jupiter.engine.descriptor.TestMethodTestDescriptor.lambda$invokeBeforeEachMethods$3(TestMethodTestDescriptor.java:175)
	at org.junit.jupiter.engine.descriptor.TestMethodTestDescriptor.lambda$invokeBeforeMethodsOrCallbacksUntilExceptionOccurs$6(TestMethodTestDescriptor.java:203)
	at org.junit.platform.engine.support.hierarchical.ThrowableCollector.execute(ThrowableCollector.java:73)
	at org.junit.jupiter.engine.descriptor.TestMethodTestDescriptor.invokeBeforeMethodsOrCallbacksUntilExceptionOccurs(TestMethodTestDescriptor.java:203)
	at org.junit.jupiter.engine.descriptor.TestMethodTestDescriptor.invokeBeforeEachMethods(TestMethodTestDescriptor.java:172)
	at org.junit.jupiter.engine.descriptor.TestMethodTestDescriptor.execute(TestMethodTestDescriptor.java:135)
	at org.junit.jupiter.engine.descriptor.TestMethodTestDescriptor.execute(TestMethodTestDescriptor.java:69)
	at org.junit.platform.engine.support.hierarchical.NodeTestTask.lambda$executeRecursively$6(NodeTestTask.java:151)
	at org.junit.platform.engine.support.hierarchical.ThrowableCollector.execute(ThrowableCollector.java:73)
	at org.junit.platform.engine.support.hierarchical.NodeTestTask.lambda$executeRecursively$8(NodeTestTask.java:141)
	at org.junit.platform.engine.support.hierarchical.Node.around(Node.java:137)
	at org.junit.platform.engine.support.hierarchical.NodeTestTask.lambda$executeRecursively$9(NodeTestTask.java:139)
	at org.junit.platform.engine.support.hierarchical.ThrowableCollector.execute(ThrowableCollector.java:73)
	at org.junit.platform.engine.support.hierarchical.NodeTestTask.executeRecursively(NodeTestTask.java:138)
	at org.junit.platform.engine.support.hierarchical.NodeTestTask.execute(NodeTestTask.java:95)
	at java.util.ArrayList.forEach(ArrayList.java:1259)
	at org.junit.platform.engine.support.hierarchical.SameThreadHierarchicalTestExecutorService.invokeAll(SameThreadHierarchicalTestExecutorService.java:41)
	at org.junit.platform.engine.support.hierarchical.NodeTestTask.lambda$executeRecursively$6(NodeTestTask.java:155)
	at org.junit.platform.engine.support.hierarchical.ThrowableCollector.execute(ThrowableCollector.java:73)
	at org.junit.platform.engine.support.hierarchical.NodeTestTask.lambda$executeRecursively$8(NodeTestTask.java:141)
	at org.junit.platform.engine.support.hierarchical.Node.around(Node.java:137)
	at org.junit.platform.engine.support.hierarchical.NodeTestTask.lambda$executeRecursively$9(NodeTestTask.java:139)
	at org.junit.platform.engine.support.hierarchical.ThrowableCollector.execute(ThrowableCollector.java:73)
	at org.junit.platform.engine.support.hierarchical.NodeTestTask.executeRecursively(NodeTestTask.java:138)
	at org.junit.platform.engine.support.hierarchical.NodeTestTask.execute(NodeTestTask.java:95)
	at java.util.ArrayList.forEach(ArrayList.java:1259)
	at org.junit.platform.engine.support.hierarchical.SameThreadHierarchicalTestExecutorService.invokeAll(SameThreadHierarchicalTestExecutorService.java:41)
	at org.junit.platform.engine.support.hierarchical.NodeTestTask.lambda$executeRecursively$6(NodeTestTask.java:155)
	at org.junit.platform.engine.support.hierarchical.ThrowableCollector.execute(ThrowableCollector.java:73)
	at org.junit.platform.engine.support.hierarchical.NodeTestTask.lambda$executeRecursively$8(NodeTestTask.java:141)
	at org.junit.platform.engine.support.hierarchical.Node.around(Node.java:137)
	at org.junit.platform.engine.support.hierarchical.NodeTestTask.lambda$executeRecursively$9(NodeTestTask.java:139)
	at org.junit.platform.engine.support.hierarchical.ThrowableCollector.execute(ThrowableCollector.java:73)
	at org.junit.platform.engine.support.hierarchical.NodeTestTask.executeRecursively(NodeTestTask.java:138)
	at org.junit.platform.engine.support.hierarchical.NodeTestTask.execute(NodeTestTask.java:95)
	at org.junit.platform.engine.support.hierarchical.SameThreadHierarchicalTestExecutorService.submit(SameThreadHierarchicalTestExecutorService.java:35)
	at org.junit.platform.engine.support.hierarchical.HierarchicalTestExecutor.execute(HierarchicalTestExecutor.java:57)
	at org.junit.platform.engine.support.hierarchical.HierarchicalTestEngine.execute(HierarchicalTestEngine.java:54)
	at org.junit.platform.launcher.core.EngineExecutionOrchestrator.execute(EngineExecutionOrchestrator.java:198)
	at org.junit.platform.launcher.core.EngineExecutionOrchestrator.execute(EngineExecutionOrchestrator.java:169)
	at org.junit.platform.launcher.core.EngineExecutionOrchestrator.execute(EngineExecutionOrchestrator.java:93)
	at org.junit.platform.launcher.core.EngineExecutionOrchestrator.lambda$execute$0(EngineExecutionOrchestrator.java:58)
	at org.junit.platform.launcher.core.EngineExecutionOrchestrator.withInterceptedStreams(EngineExecutionOrchestrator.java:141)
	at org.junit.platform.launcher.core.EngineExecutionOrchestrator.execute(EngineExecutionOrchestrator.java:57)
	at org.junit.platform.launcher.core.DefaultLauncher.execute(DefaultLauncher.java:103)
	at org.junit.platform.launcher.core.DefaultLauncher.execute(DefaultLauncher.java:85)
	at org.junit.platform.launcher.core.DelegatingLauncher.execute(DelegatingLauncher.java:47)
	at org.apache.maven.surefire.junitplatform.LazyLauncher.execute(LazyLauncher.java:56)
	at org.apache.maven.surefire.junitplatform.JUnitPlatformProvider.invokeAllTests(JUnitPlatformProvider.java:162)
	at org.apache.maven.surefire.junitplatform.JUnitPlatformProvider.invoke(JUnitPlatformProvider.java:120)
	at org.apache.maven.surefire.booter.ForkedBooter.runSuitesInProcess(ForkedBooter.java:385)
	at org.apache.maven.surefire.booter.ForkedBooter.execute(ForkedBooter.java:162)
	at org.apache.maven.surefire.booter.ForkedBooter.run(ForkedBooter.java:507)
	at org.apache.maven.surefire.booter.ForkedBooter.main(ForkedBooter.java:495)
Caused by: java.lang.NullPointerException
	at org.apache.hadoop.ozone.container.common.volume.HddsVolume.getCommittedBytes(HddsVolume.java:303)
	at org.apache.hadoop.ozone.container.common.volume.VolumeInfoMetrics.getCommitted(VolumeInfoMetrics.java:147)
	... 110 more
2023-12-28 09:09:47,924 [main] INFO  volume.HddsVolume (HddsVolume.java:<init>(126)) - Creating HddsVolume: /home/runner/work/ozone/ozone/hadoop-ozone/integration-test/target/test-dir/MiniOzoneClusterImpl-7619c237-1de6-4815-bbe2-f0b52dfbd5bc/datanode-7/data-0/containers/hdds of storage type : DISK capacity : 9223372036854775807
2023-12-28 09:09:47,925 [main] INFO  volume.MutableVolumeSet (MutableVolumeSet.java:initializeVolumeSet(173)) - Added Volume : /home/runner/work/ozone/ozone/hadoop-ozone/integration-test/target/test-dir/MiniOzoneClusterImpl-7619c237-1de6-4815-bbe2-f0b52dfbd5bc/datanode-7/data-0/containers/hdds to VolumeSet
2023-12-28 09:09:47,925 [main] INFO  volume.MutableVolumeSet (MutableVolumeSet.java:initializeVolumeSet(173)) - Added Volume : /home/runner/work/ozone/ozone/hadoop-ozone/integration-test/target/test-dir/MiniOzoneClusterImpl-7619c237-1de6-4815-bbe2-f0b52dfbd5bc/datanode-7/data/ratis to VolumeSet
2023-12-28 09:09:47,925 [main] INFO  ozoneimpl.OzoneContainer (HddsVolumeUtil.java:loadAllHddsVolumeDbStore(103)) - Load 1 volumes DbStore cost: 0ms
2023-12-28 09:09:47,926 [21dfb426-80a6-430d-8df8-fa8e3a5d9897-ContainerReader-0] INFO  ozoneimpl.ContainerReader (ContainerReader.java:readVolume(178)) - Finish verifying containers on volume /home/runner/work/ozone/ozone/hadoop-ozone/integration-test/target/test-dir/MiniOzoneClusterImpl-7619c237-1de6-4815-bbe2-f0b52dfbd5bc/datanode-7/data-0/containers/hdds
2023-12-28 09:09:47,926 [main] INFO  ozoneimpl.OzoneContainer (OzoneContainer.java:buildContainerSet(326)) - Build ContainerSet costs 0s
2023-12-28 09:09:47,927 [main] INFO  server.RaftServer (ConfUtils.java:logGet(46)) - raft.rpc.type = GRPC (default)
2023-12-28 09:09:47,927 [main] INFO  grpc.GrpcConfigKeys (ConfUtils.java:logFallback(53)) - raft.grpc.admin.host = null (fallback to raft.grpc.server.host)
2023-12-28 09:09:47,927 [main] INFO  grpc.GrpcConfigKeys (ConfUtils.java:logGet(46)) - raft.grpc.admin.port = 15432 (custom)
2023-12-28 09:09:47,928 [main] INFO  grpc.GrpcConfigKeys (ConfUtils.java:logFallback(53)) - raft.grpc.client.host = null (fallback to raft.grpc.server.host)
2023-12-28 09:09:47,928 [main] INFO  grpc.GrpcConfigKeys (ConfUtils.java:logGet(46)) - raft.grpc.client.port = 15431 (custom)
2023-12-28 09:09:47,928 [main] INFO  grpc.GrpcConfigKeys (ConfUtils.java:logGet(46)) - raft.grpc.server.host = null (default)
2023-12-28 09:09:47,928 [main] INFO  grpc.GrpcConfigKeys (ConfUtils.java:logGet(46)) - raft.grpc.server.port = 15433 (custom)
2023-12-28 09:09:47,928 [main] INFO  server.GrpcService (ConfUtils.java:logGet(46)) - raft.grpc.message.size.max = 32MB (=33554432) (custom)
2023-12-28 09:09:47,929 [main] INFO  server.RaftServerConfigKeys (ConfUtils.java:logGet(46)) - raft.server.log.appender.buffer.byte-limit = 8388608 (custom)
2023-12-28 09:09:47,929 [main] INFO  server.GrpcService (ConfUtils.java:logGet(46)) - raft.grpc.flow.control.window = 5MB (=5242880) (custom)
2023-12-28 09:09:47,929 [main] INFO  server.RaftServerConfigKeys (ConfUtils.java:logGet(46)) - raft.server.rpc.request.timeout = 3000ms (default)
2023-12-28 09:09:47,929 [main] INFO  grpc.GrpcConfigKeys (ConfUtils.java:logGet(46)) - raft.grpc.server.heartbeat.channel = true (default)
2023-12-28 09:09:47,929 [main] INFO  grpc.GrpcConfigKeys (ConfUtils.java:logGet(46)) - raft.grpc.server.async.request.thread.pool.cached = true (default)
2023-12-28 09:09:47,929 [main] INFO  grpc.GrpcConfigKeys (ConfUtils.java:logGet(46)) - raft.grpc.server.async.request.thread.pool.size = 32 (default)
2023-12-28 09:09:47,931 [main] INFO  impl.DataStreamServerImpl (ConfUtils.java:logGet(46)) - raft.datastream.type = NETTY (custom)
2023-12-28 09:09:47,931 [main] INFO  server.RaftServerConfigKeys (ConfUtils.java:logGet(46)) - raft.server.data-stream.async.request.thread.pool.cached = false (default)
2023-12-28 09:09:47,931 [main] INFO  server.RaftServerConfigKeys (ConfUtils.java:logGet(46)) - raft.server.data-stream.async.request.thread.pool.size = 20 (custom)
2023-12-28 09:09:47,932 [main] INFO  server.RaftServerConfigKeys (ConfUtils.java:logGet(46)) - raft.server.data-stream.async.write.thread.pool.size = 16 (default)
2023-12-28 09:09:47,932 [main] INFO  netty.NettyConfigKeys$DataStream (ConfUtils.java:logGet(46)) - raft.netty.dataStream.server.channel.inactive.grace-period = 10min (default)
2023-12-28 09:09:47,932 [main] INFO  server.RaftServerConfigKeys (ConfUtils.java:logGet(46)) - raft.server.data-stream.client.pool.size = 10 (default)
2023-12-28 09:09:47,932 [main] INFO  netty.NettyConfigKeys$DataStream (ConfUtils.java:logGet(46)) - raft.netty.dataStream.server.use-epoll = true (default)
2023-12-28 09:09:47,932 [main] INFO  netty.NettyConfigKeys$DataStream (ConfUtils.java:logGet(46)) - raft.netty.dataStream.server.boss-group.size = 0 (default)
2023-12-28 09:09:47,933 [main] INFO  netty.NettyUtils (NettyUtils.java:newEventLoopGroup(69)) - Create EpollEventLoopGroup for 21dfb426-80a6-430d-8df8-fa8e3a5d9897-NettyServerStreamRpc-bossGroup; Thread size is 0.
2023-12-28 09:09:47,933 [main] INFO  netty.NettyConfigKeys$DataStream (ConfUtils.java:logGet(46)) - raft.netty.dataStream.server.worker-group.size = 0 (default)
2023-12-28 09:09:47,933 [main] INFO  netty.NettyUtils (NettyUtils.java:newEventLoopGroup(69)) - Create EpollEventLoopGroup for 21dfb426-80a6-430d-8df8-fa8e3a5d9897-NettyServerStreamRpc-workerGroup; Thread size is 0.
2023-12-28 09:09:47,933 [main] INFO  netty.NettyConfigKeys$DataStream (ConfUtils.java:logGet(46)) - raft.netty.dataStream.server.tls.conf = null (default)
2023-12-28 09:09:47,933 [main] INFO  netty.NettyConfigKeys$DataStream (ConfUtils.java:logGet(46)) - raft.netty.dataStream.host = null (default)
2023-12-28 09:09:47,933 [main] INFO  netty.NettyConfigKeys$DataStream (ConfUtils.java:logGet(46)) - raft.netty.dataStream.port = 15434 (custom)
2023-12-28 09:09:47,934 [main] INFO  server.RaftServerConfigKeys (ConfUtils.java:logGet(46)) - raft.server.sleep.deviation.threshold = 300ms (default)
2023-12-28 09:09:47,934 [21dfb426-80a6-430d-8df8-fa8e3a5d9897-NettyServerStreamRpc-bossGroup--thread1] INFO  logging.LoggingHandler (AbstractInternalLogger.java:log(148)) - [id: 0xb37a8f23] REGISTERED
2023-12-28 09:09:47,934 [main] INFO  server.RaftServerConfigKeys (ConfUtils.java:logGet(46)) - raft.server.close.threshold = 60s (default)
2023-12-28 09:09:47,934 [main] INFO  server.RaftServerConfigKeys (ConfUtils.java:logGet(46)) - raft.server.leaderelection.leader.step-down.wait-time = 10s (default)
2023-12-28 09:09:47,934 [21dfb426-80a6-430d-8df8-fa8e3a5d9897-NettyServerStreamRpc-bossGroup--thread1] INFO  logging.LoggingHandler (AbstractInternalLogger.java:log(148)) - [id: 0xb37a8f23] BIND: 0.0.0.0/0.0.0.0:15434
2023-12-28 09:09:47,934 [main] INFO  server.RaftServerConfigKeys (ConfUtils.java:logGet(46)) - raft.server.storage.dir = [/home/runner/work/ozone/ozone/hadoop-ozone/integration-test/target/test-dir/MiniOzoneClusterImpl-7619c237-1de6-4815-bbe2-f0b52dfbd5bc/datanode-7/data/ratis] (custom)
2023-12-28 09:09:47,934 [21dfb426-80a6-430d-8df8-fa8e3a5d9897-NettyServerStreamRpc-bossGroup--thread1] INFO  logging.LoggingHandler (AbstractInternalLogger.java:log(148)) - [id: 0xb37a8f23, L:/0.0.0.0:15434] ACTIVE
2023-12-28 09:09:47,934 [main] INFO  server.RaftServerConfigKeys (ConfUtils.java:logGet(46)) - raft.server.threadpool.proxy.cached = true (default)
2023-12-28 09:09:47,935 [main] INFO  server.RaftServerConfigKeys (ConfUtils.java:logGet(46)) - raft.server.threadpool.proxy.size = 0 (default)
2023-12-28 09:09:47,935 [21dfb426-80a6-430d-8df8-fa8e3a5d9897-impl-thread1] INFO  server.RaftServer (RaftServerProxy.java:initGroupDir(264)) - 21dfb426-80a6-430d-8df8-fa8e3a5d9897: found a subdirectory /home/runner/work/ozone/ozone/hadoop-ozone/integration-test/target/test-dir/MiniOzoneClusterImpl-7619c237-1de6-4815-bbe2-f0b52dfbd5bc/datanode-7/data/ratis/tmp
2023-12-28 09:09:47,935 [21dfb426-80a6-430d-8df8-fa8e3a5d9897-impl-thread1] INFO  server.RaftServer (RaftServerProxy.java:initGroupDir(269)) - 21dfb426-80a6-430d-8df8-fa8e3a5d9897: The directory /home/runner/work/ozone/ozone/hadoop-ozone/integration-test/target/test-dir/MiniOzoneClusterImpl-7619c237-1de6-4815-bbe2-f0b52dfbd5bc/datanode-7/data/ratis/tmp is not a group directory; ignoring it. 
2023-12-28 09:09:47,935 [main] INFO  replication.ReplicationServer (ReplicationServer.java:<init>(85)) - Initializing replication server with thread count = 10 queue length = 4096
2023-12-28 09:09:47,936 [main] INFO  server.XceiverServerGrpc (XceiverServerGrpc.java:<init>(141)) - GrpcServer channel type EpollServerSocketChannel
2023-12-28 09:09:47,937 [main] INFO  replication.ReplicationSupervisor (ReplicationSupervisor.java:build(163)) - Initializing replication supervisor with thread count = 10
2023-12-28 09:09:47,937 [main] INFO  replication.ReplicationSupervisor (ReplicationSupervisor.java:nodeStateUpdated(317)) - Node state updated to IN_SERVICE, scaling executor pool size to 10
2023-12-28 09:09:47,938 [main] INFO  http.BaseHttpServer (BaseHttpServer.java:newHttpServer2BuilderForOzone(223)) - Starting Web-server for hddsDatanode at: http://0.0.0.0:15428
2023-12-28 09:09:47,938 [main] INFO  http.BaseHttpServer (BaseHttpServer.java:<init>(110)) - Hadoop Security Enabled: false Ozone Security Enabled: false Ozone HTTP Security Enabled: false 
2023-12-28 09:09:47,939 [main] WARN  server.AuthenticationFilter (AuthenticationFilter.java:constructSecretProvider(240)) - Unable to initialize FileSignerSecretProvider, falling back to use random secrets. Reason: Could not read signature secret file: /home/runner/hadoop-http-auth-signature-secret
2023-12-28 09:09:47,939 [main] INFO  http.HttpRequestLog (HttpRequestLog.java:getRequestLog(86)) - Http request log for http.requests.hddsDatanode is not defined
2023-12-28 09:09:47,939 [main] INFO  http.HttpServer2 (HttpServer2.java:addGlobalFilter(1036)) - Added global filter 'safety' (class=org.apache.hadoop.hdds.server.http.HttpServer2$QuotingInputFilter)
2023-12-28 09:09:47,940 [main] INFO  http.HttpServer2 (HttpServer2.java:addFilter(1012)) - Added filter static_user_filter (class=org.apache.hadoop.http.lib.StaticUserWebFilter$StaticUserFilter) to context hddsDatanode
2023-12-28 09:09:47,940 [main] INFO  http.HttpServer2 (HttpServer2.java:addFilter(1020)) - Added filter static_user_filter (class=org.apache.hadoop.http.lib.StaticUserWebFilter$StaticUserFilter) to context static
2023-12-28 09:09:47,940 [main] INFO  http.HttpServer2 (HttpServer2.java:addFilter(1020)) - Added filter static_user_filter (class=org.apache.hadoop.http.lib.StaticUserWebFilter$StaticUserFilter) to context logs
2023-12-28 09:09:47,940 [main] INFO  http.BaseHttpServer (BaseHttpServer.java:<init>(189)) - HTTP server of hddsDatanode uses base directory /home/runner/work/ozone/ozone/hadoop-ozone/integration-test/target/test-dir/MiniOzoneClusterImpl-7619c237-1de6-4815-bbe2-f0b52dfbd5bc/datanode-7/meta/webserver
2023-12-28 09:09:47,940 [main] INFO  http.HttpServer2 (HttpServer2.java:bindListener(1236)) - Jetty bound to port 15428
2023-12-28 09:09:47,941 [main] INFO  server.Server (Server.java:doStart(375)) - jetty-9.4.53.v20231009; built: 2023-10-09T12:29:09.265Z; git: 27bde00a0b95a1d5bbee0eae7984f891d2d0f8c9; jvm 1.8.0_392-b08
2023-12-28 09:09:47,941 [main] INFO  server.session (DefaultSessionIdManager.java:doStart(334)) - DefaultSessionIdManager workerName=node0
2023-12-28 09:09:47,941 [main] INFO  server.session (DefaultSessionIdManager.java:doStart(339)) - No SessionScavenger set, using defaults
2023-12-28 09:09:47,942 [main] INFO  server.session (HouseKeeper.java:startScavenging(132)) - node0 Scavenging every 600000ms
2023-12-28 09:09:47,942 [main] INFO  handler.ContextHandler (ContextHandler.java:doStart(921)) - Started o.e.j.s.ServletContextHandler@2c22906a{logs,/logs,file:///home/runner/work/ozone/ozone/hadoop-ozone/integration-test/target/log,AVAILABLE}
2023-12-28 09:09:47,942 [main] INFO  handler.ContextHandler (ContextHandler.java:doStart(921)) - Started o.e.j.s.ServletContextHandler@15963000{static,/static,jar:file:/home/runner/.m2/repository/org/apache/ozone/hdds-container-service/1.5.0-SNAPSHOT/hdds-container-service-1.5.0-SNAPSHOT.jar!/webapps/static,AVAILABLE}
2023-12-28 09:09:47,974 [main] INFO  handler.ContextHandler (ContextHandler.java:doStart(921)) - Started o.e.j.w.WebAppContext@2ec59814{hddsDatanode,/,file:///home/runner/work/ozone/ozone/hadoop-ozone/integration-test/target/test-dir/MiniOzoneClusterImpl-7619c237-1de6-4815-bbe2-f0b52dfbd5bc/datanode-7/meta/webserver/jetty-0_0_0_0-15428-hdds-container-service-1_5_0-SNAPSHOT_jar-_-any-20554280194369758/webapp/,AVAILABLE}{jar:file:/home/runner/.m2/repository/org/apache/ozone/hdds-container-service/1.5.0-SNAPSHOT/hdds-container-service-1.5.0-SNAPSHOT.jar!/webapps/hddsDatanode}
2023-12-28 09:09:47,974 [main] INFO  server.AbstractConnector (AbstractConnector.java:doStart(333)) - Started ServerConnector@4e328fdd{HTTP/1.1, (http/1.1)}{0.0.0.0:15428}
2023-12-28 09:09:47,974 [main] INFO  server.Server (Server.java:doStart(415)) - Started @132992ms
2023-12-28 09:09:47,974 [main] WARN  impl.MetricsSystemImpl (MetricsSystemImpl.java:register(279)) - Sink prometheus already exists!
2023-12-28 09:09:47,975 [main] INFO  http.BaseHttpServer (BaseHttpServer.java:updateConnectorAddress(354)) - HTTP server of hddsDatanode listening at http://0.0.0.0:15428
2023-12-28 09:09:47,975 [main] INFO  ipc.CallQueueManager (CallQueueManager.java:<init>(90)) - Using callQueue: class java.util.concurrent.LinkedBlockingQueue, queueCapacity: 100, scheduler: class org.apache.hadoop.ipc.DefaultRpcScheduler, ipcBackoff: false.
2023-12-28 09:09:47,975 [main] INFO  ipc.Server (Server.java:<init>(1287)) - Listener at 0.0.0.0:15429
2023-12-28 09:09:47,976 [Socket Reader #1 for port 15429] INFO  ipc.Server (Server.java:run(1323)) - Starting Socket Reader #1 for port 15429
2023-12-28 09:09:47,983 [main] INFO  ozone.HddsDatanodeService (HddsDatanodeService.java:start(324)) - Datanode start with admins: [runner]
2023-12-28 09:09:47,983 [main] INFO  ozone.HddsDatanodeClientProtocolServer (HddsDatanodeClientProtocolServer.java:start(72)) - RPC server for Client /0.0.0.0:15429
2023-12-28 09:09:47,984 [IPC Server Responder] INFO  ipc.Server (Server.java:run(1562)) - IPC Server Responder: starting
2023-12-28 09:09:47,988 [IPC Server listener on 15429] INFO  ipc.Server (Server.java:run(1402)) - IPC Server listener on 15429: starting
2023-12-28 09:09:47,989 [21dfb426-80a6-430d-8df8-fa8e3a5d9897-DatanodeStateMachineDaemonThread] INFO  statemachine.DatanodeStateMachine (DatanodeStateMachine.java:lambda$startDaemon$1(555)) - Ozone container server started.
2023-12-28 09:09:47,989 [main] WARN  dropwizard3.Dm3MetricRegistriesImpl (Dm3MetricRegistriesImpl.java:addReporterRegistration(113)) - New reporters are added after registries were created. Some metrics will be missing from the reporter. Please add reporter before adding any new registry.
2023-12-28 09:09:47,989 [main] WARN  dropwizard3.Dm3MetricRegistriesImpl (Dm3MetricRegistriesImpl.java:addReporterRegistration(113)) - New reporters are added after registries were created. Some metrics will be missing from the reporter. Please add reporter before adding any new registry.
2023-12-28 09:09:47,989 [main] INFO  impl.MetricsSystemImpl (MetricsSystemImpl.java:init(158)) - HddsDatanode metrics system started (again)
2023-12-28 09:09:47,998 [21dfb426-80a6-430d-8df8-fa8e3a5d9897-DatanodeStateMachineTaskThread-0] INFO  datanode.InitDatanodeState (InitDatanodeState.java:persistContainerDatanodeDetails(139)) - DatanodeDetails is persisted to /home/runner/work/ozone/ozone/hadoop-ozone/integration-test/target/test-dir/MiniOzoneClusterImpl-7619c237-1de6-4815-bbe2-f0b52dfbd5bc/datanode-7/meta/datanode.id
2023-12-28 09:09:48,003 [main] INFO  ozone.HddsDatanodeService (HddsDatanodeService.java:start(239)) - HddsDatanodeService host:fv-az1384-14.e3qrh24bduyexj1tcof5x1etkc.ex.internal.cloudapp.net ip:10.1.0.14
2023-12-28 09:09:48,024 [main] INFO  upgrade.AbstractLayoutVersionManager (AbstractLayoutVersionManager.java:init(83)) - Initializing Layout version manager with metadata layout = HADOOP_PRC_PORTS_IN_DATANODEDETAILS (version = 7), software layout = HADOOP_PRC_PORTS_IN_DATANODEDETAILS (version = 7)
2023-12-28 09:09:48,025 [main] INFO  statemachine.DatanodeStateMachine (DatanodeStateMachine.java:getEndPointTaskThreadPoolSize(299)) - Datanode State Machine Task Thread Pool size 2
2023-12-28 09:09:48,025 [main] ERROR lib.MethodMetric (MethodMetric.java:snapshot(117)) - Error invoking method getCommitted
java.lang.reflect.InvocationTargetException
	at sun.reflect.GeneratedMethodAccessor85.invoke(Unknown Source)
	at sun.reflect.DelegatingMethodAccessorImpl.invoke(DelegatingMethodAccessorImpl.java:43)
	at java.lang.reflect.Method.invoke(Method.java:498)
	at org.apache.hadoop.metrics2.lib.MethodMetric$2.snapshot(MethodMetric.java:111)
	at org.apache.hadoop.metrics2.lib.MethodMetric.snapshot(MethodMetric.java:142)
	at org.apache.hadoop.metrics2.lib.MetricsRegistry.snapshot(MetricsRegistry.java:447)
	at org.apache.hadoop.metrics2.lib.MetricsSourceBuilder$1.getMetrics(MetricsSourceBuilder.java:89)
	at org.apache.hadoop.metrics2.impl.MetricsSourceAdapter.getMetrics(MetricsSourceAdapter.java:200)
	at org.apache.hadoop.metrics2.impl.MetricsSourceAdapter.updateJmxCache(MetricsSourceAdapter.java:183)
	at org.apache.hadoop.metrics2.impl.MetricsSourceAdapter.getMBeanInfo(MetricsSourceAdapter.java:156)
	at com.sun.jmx.interceptor.DefaultMBeanServerInterceptor.getNewMBeanClassName(DefaultMBeanServerInterceptor.java:333)
	at com.sun.jmx.interceptor.DefaultMBeanServerInterceptor.registerMBean(DefaultMBeanServerInterceptor.java:319)
	at com.sun.jmx.mbeanserver.JmxMBeanServer.registerMBean(JmxMBeanServer.java:522)
	at org.apache.hadoop.metrics2.util.MBeans.register(MBeans.java:100)
	at org.apache.hadoop.metrics2.util.MBeans.register(MBeans.java:73)
	at org.apache.hadoop.metrics2.impl.MetricsSourceAdapter.startMBeans(MetricsSourceAdapter.java:222)
	at org.apache.hadoop.metrics2.impl.MetricsSourceAdapter.start(MetricsSourceAdapter.java:101)
	at org.apache.hadoop.metrics2.impl.MetricsSystemImpl.registerSource(MetricsSystemImpl.java:268)
	at org.apache.hadoop.metrics2.impl.MetricsSystemImpl.register(MetricsSystemImpl.java:233)
	at org.apache.hadoop.ozone.container.common.volume.VolumeInfoMetrics.init(VolumeInfoMetrics.java:50)
	at org.apache.hadoop.ozone.container.common.volume.VolumeInfoMetrics.<init>(VolumeInfoMetrics.java:45)
	at org.apache.hadoop.ozone.container.common.volume.HddsVolume.<init>(HddsVolume.java:123)
	at org.apache.hadoop.ozone.container.common.volume.HddsVolume.<init>(HddsVolume.java:71)
	at org.apache.hadoop.ozone.container.common.volume.HddsVolume$Builder.build(HddsVolume.java:111)
	at org.apache.hadoop.ozone.container.common.volume.HddsVolumeFactory.createVolume(HddsVolumeFactory.java:48)
	at org.apache.hadoop.ozone.container.common.volume.MutableVolumeSet.initializeVolumeSet(MutableVolumeSet.java:170)
	at org.apache.hadoop.ozone.container.common.volume.MutableVolumeSet.<init>(MutableVolumeSet.java:132)
	at org.apache.hadoop.ozone.container.common.volume.MutableVolumeSet.<init>(MutableVolumeSet.java:96)
	at org.apache.hadoop.ozone.container.ozoneimpl.OzoneContainer.<init>(OzoneContainer.java:149)
	at org.apache.hadoop.ozone.container.common.statemachine.DatanodeStateMachine.<init>(DatanodeStateMachine.java:186)
	at org.apache.hadoop.ozone.HddsDatanodeService.start(HddsDatanodeService.java:296)
	at org.apache.hadoop.ozone.MiniOzoneClusterImpl.startHddsDatanode(MiniOzoneClusterImpl.java:489)
	at java.util.ArrayList.forEach(ArrayList.java:1259)
	at org.apache.hadoop.ozone.MiniOzoneClusterImpl.startHddsDatanodes(MiniOzoneClusterImpl.java:497)
	at org.apache.hadoop.ozone.MiniOzoneClusterImpl$Builder.build(MiniOzoneClusterImpl.java:627)
	at org.apache.hadoop.ozone.client.rpc.TestWatchForCommit.init(TestWatchForCommit.java:149)
	at sun.reflect.NativeMethodAccessorImpl.invoke0(Native Method)
	at sun.reflect.NativeMethodAccessorImpl.invoke(NativeMethodAccessorImpl.java:62)
	at sun.reflect.DelegatingMethodAccessorImpl.invoke(DelegatingMethodAccessorImpl.java:43)
	at java.lang.reflect.Method.invoke(Method.java:498)
	at org.junit.platform.commons.util.ReflectionUtils.invokeMethod(ReflectionUtils.java:728)
	at org.junit.jupiter.engine.execution.MethodInvocation.proceed(MethodInvocation.java:60)
	at org.junit.jupiter.engine.execution.InvocationInterceptorChain$ValidatingInvocation.proceed(InvocationInterceptorChain.java:131)
	at org.junit.jupiter.engine.extension.TimeoutExtension.intercept(TimeoutExtension.java:156)
	at org.junit.jupiter.engine.extension.TimeoutExtension.interceptLifecycleMethod(TimeoutExtension.java:128)
	at org.junit.jupiter.engine.extension.TimeoutExtension.interceptBeforeEachMethod(TimeoutExtension.java:78)
	at org.junit.jupiter.engine.execution.InterceptingExecutableInvoker$ReflectiveInterceptorCall.lambda$ofVoidMethod$0(InterceptingExecutableInvoker.java:103)
	at org.junit.jupiter.engine.execution.InterceptingExecutableInvoker.lambda$invoke$0(InterceptingExecutableInvoker.java:93)
	at org.junit.jupiter.engine.execution.InvocationInterceptorChain$InterceptedInvocation.proceed(InvocationInterceptorChain.java:106)
	at org.junit.jupiter.engine.execution.InvocationInterceptorChain.proceed(InvocationInterceptorChain.java:64)
	at org.junit.jupiter.engine.execution.InvocationInterceptorChain.chainAndInvoke(InvocationInterceptorChain.java:45)
	at org.junit.jupiter.engine.execution.InvocationInterceptorChain.invoke(InvocationInterceptorChain.java:37)
	at org.junit.jupiter.engine.execution.InterceptingExecutableInvoker.invoke(InterceptingExecutableInvoker.java:92)
	at org.junit.jupiter.engine.execution.InterceptingExecutableInvoker.invoke(InterceptingExecutableInvoker.java:86)
	at org.junit.jupiter.engine.descriptor.ClassBasedTestDescriptor.invokeMethodInExtensionContext(ClassBasedTestDescriptor.java:521)
	at org.junit.jupiter.engine.descriptor.ClassBasedTestDescriptor.lambda$synthesizeBeforeEachMethodAdapter$23(ClassBasedTestDescriptor.java:506)
	at org.junit.jupiter.engine.descriptor.TestMethodTestDescriptor.lambda$invokeBeforeEachMethods$3(TestMethodTestDescriptor.java:175)
	at org.junit.jupiter.engine.descriptor.TestMethodTestDescriptor.lambda$invokeBeforeMethodsOrCallbacksUntilExceptionOccurs$6(TestMethodTestDescriptor.java:203)
	at org.junit.platform.engine.support.hierarchical.ThrowableCollector.execute(ThrowableCollector.java:73)
	at org.junit.jupiter.engine.descriptor.TestMethodTestDescriptor.invokeBeforeMethodsOrCallbacksUntilExceptionOccurs(TestMethodTestDescriptor.java:203)
	at org.junit.jupiter.engine.descriptor.TestMethodTestDescriptor.invokeBeforeEachMethods(TestMethodTestDescriptor.java:172)
	at org.junit.jupiter.engine.descriptor.TestMethodTestDescriptor.execute(TestMethodTestDescriptor.java:135)
	at org.junit.jupiter.engine.descriptor.TestMethodTestDescriptor.execute(TestMethodTestDescriptor.java:69)
	at org.junit.platform.engine.support.hierarchical.NodeTestTask.lambda$executeRecursively$6(NodeTestTask.java:151)
	at org.junit.platform.engine.support.hierarchical.ThrowableCollector.execute(ThrowableCollector.java:73)
	at org.junit.platform.engine.support.hierarchical.NodeTestTask.lambda$executeRecursively$8(NodeTestTask.java:141)
	at org.junit.platform.engine.support.hierarchical.Node.around(Node.java:137)
	at org.junit.platform.engine.support.hierarchical.NodeTestTask.lambda$executeRecursively$9(NodeTestTask.java:139)
	at org.junit.platform.engine.support.hierarchical.ThrowableCollector.execute(ThrowableCollector.java:73)
	at org.junit.platform.engine.support.hierarchical.NodeTestTask.executeRecursively(NodeTestTask.java:138)
	at org.junit.platform.engine.support.hierarchical.NodeTestTask.execute(NodeTestTask.java:95)
	at java.util.ArrayList.forEach(ArrayList.java:1259)
	at org.junit.platform.engine.support.hierarchical.SameThreadHierarchicalTestExecutorService.invokeAll(SameThreadHierarchicalTestExecutorService.java:41)
	at org.junit.platform.engine.support.hierarchical.NodeTestTask.lambda$executeRecursively$6(NodeTestTask.java:155)
	at org.junit.platform.engine.support.hierarchical.ThrowableCollector.execute(ThrowableCollector.java:73)
	at org.junit.platform.engine.support.hierarchical.NodeTestTask.lambda$executeRecursively$8(NodeTestTask.java:141)
	at org.junit.platform.engine.support.hierarchical.Node.around(Node.java:137)
	at org.junit.platform.engine.support.hierarchical.NodeTestTask.lambda$executeRecursively$9(NodeTestTask.java:139)
	at org.junit.platform.engine.support.hierarchical.ThrowableCollector.execute(ThrowableCollector.java:73)
	at org.junit.platform.engine.support.hierarchical.NodeTestTask.executeRecursively(NodeTestTask.java:138)
	at org.junit.platform.engine.support.hierarchical.NodeTestTask.execute(NodeTestTask.java:95)
	at java.util.ArrayList.forEach(ArrayList.java:1259)
	at org.junit.platform.engine.support.hierarchical.SameThreadHierarchicalTestExecutorService.invokeAll(SameThreadHierarchicalTestExecutorService.java:41)
	at org.junit.platform.engine.support.hierarchical.NodeTestTask.lambda$executeRecursively$6(NodeTestTask.java:155)
	at org.junit.platform.engine.support.hierarchical.ThrowableCollector.execute(ThrowableCollector.java:73)
	at org.junit.platform.engine.support.hierarchical.NodeTestTask.lambda$executeRecursively$8(NodeTestTask.java:141)
	at org.junit.platform.engine.support.hierarchical.Node.around(Node.java:137)
	at org.junit.platform.engine.support.hierarchical.NodeTestTask.lambda$executeRecursively$9(NodeTestTask.java:139)
	at org.junit.platform.engine.support.hierarchical.ThrowableCollector.execute(ThrowableCollector.java:73)
	at org.junit.platform.engine.support.hierarchical.NodeTestTask.executeRecursively(NodeTestTask.java:138)
	at org.junit.platform.engine.support.hierarchical.NodeTestTask.execute(NodeTestTask.java:95)
	at org.junit.platform.engine.support.hierarchical.SameThreadHierarchicalTestExecutorService.submit(SameThreadHierarchicalTestExecutorService.java:35)
	at org.junit.platform.engine.support.hierarchical.HierarchicalTestExecutor.execute(HierarchicalTestExecutor.java:57)
	at org.junit.platform.engine.support.hierarchical.HierarchicalTestEngine.execute(HierarchicalTestEngine.java:54)
	at org.junit.platform.launcher.core.EngineExecutionOrchestrator.execute(EngineExecutionOrchestrator.java:198)
	at org.junit.platform.launcher.core.EngineExecutionOrchestrator.execute(EngineExecutionOrchestrator.java:169)
	at org.junit.platform.launcher.core.EngineExecutionOrchestrator.execute(EngineExecutionOrchestrator.java:93)
	at org.junit.platform.launcher.core.EngineExecutionOrchestrator.lambda$execute$0(EngineExecutionOrchestrator.java:58)
	at org.junit.platform.launcher.core.EngineExecutionOrchestrator.withInterceptedStreams(EngineExecutionOrchestrator.java:141)
	at org.junit.platform.launcher.core.EngineExecutionOrchestrator.execute(EngineExecutionOrchestrator.java:57)
	at org.junit.platform.launcher.core.DefaultLauncher.execute(DefaultLauncher.java:103)
	at org.junit.platform.launcher.core.DefaultLauncher.execute(DefaultLauncher.java:85)
	at org.junit.platform.launcher.core.DelegatingLauncher.execute(DelegatingLauncher.java:47)
	at org.apache.maven.surefire.junitplatform.LazyLauncher.execute(LazyLauncher.java:56)
	at org.apache.maven.surefire.junitplatform.JUnitPlatformProvider.invokeAllTests(JUnitPlatformProvider.java:162)
	at org.apache.maven.surefire.junitplatform.JUnitPlatformProvider.invoke(JUnitPlatformProvider.java:120)
	at org.apache.maven.surefire.booter.ForkedBooter.runSuitesInProcess(ForkedBooter.java:385)
	at org.apache.maven.surefire.booter.ForkedBooter.execute(ForkedBooter.java:162)
	at org.apache.maven.surefire.booter.ForkedBooter.run(ForkedBooter.java:507)
	at org.apache.maven.surefire.booter.ForkedBooter.main(ForkedBooter.java:495)
Caused by: java.lang.NullPointerException
	at org.apache.hadoop.ozone.container.common.volume.HddsVolume.getCommittedBytes(HddsVolume.java:303)
	at org.apache.hadoop.ozone.container.common.volume.VolumeInfoMetrics.getCommitted(VolumeInfoMetrics.java:147)
	... 110 more
2023-12-28 09:09:48,026 [main] INFO  volume.HddsVolume (HddsVolume.java:<init>(126)) - Creating HddsVolume: /home/runner/work/ozone/ozone/hadoop-ozone/integration-test/target/test-dir/MiniOzoneClusterImpl-7619c237-1de6-4815-bbe2-f0b52dfbd5bc/datanode-8/data-0/containers/hdds of storage type : DISK capacity : 9223372036854775807
2023-12-28 09:09:48,026 [main] INFO  volume.MutableVolumeSet (MutableVolumeSet.java:initializeVolumeSet(173)) - Added Volume : /home/runner/work/ozone/ozone/hadoop-ozone/integration-test/target/test-dir/MiniOzoneClusterImpl-7619c237-1de6-4815-bbe2-f0b52dfbd5bc/datanode-8/data-0/containers/hdds to VolumeSet
2023-12-28 09:09:48,027 [main] INFO  volume.MutableVolumeSet (MutableVolumeSet.java:initializeVolumeSet(173)) - Added Volume : /home/runner/work/ozone/ozone/hadoop-ozone/integration-test/target/test-dir/MiniOzoneClusterImpl-7619c237-1de6-4815-bbe2-f0b52dfbd5bc/datanode-8/data/ratis to VolumeSet
2023-12-28 09:09:48,027 [main] INFO  ozoneimpl.OzoneContainer (HddsVolumeUtil.java:loadAllHddsVolumeDbStore(103)) - Load 1 volumes DbStore cost: 0ms
2023-12-28 09:09:48,028 [ebae719b-f625-4368-8547-482f3752b4ca-ContainerReader-0] INFO  ozoneimpl.ContainerReader (ContainerReader.java:readVolume(178)) - Finish verifying containers on volume /home/runner/work/ozone/ozone/hadoop-ozone/integration-test/target/test-dir/MiniOzoneClusterImpl-7619c237-1de6-4815-bbe2-f0b52dfbd5bc/datanode-8/data-0/containers/hdds
2023-12-28 09:09:48,028 [main] INFO  ozoneimpl.OzoneContainer (OzoneContainer.java:buildContainerSet(326)) - Build ContainerSet costs 0s
2023-12-28 09:09:48,029 [main] INFO  server.RaftServer (ConfUtils.java:logGet(46)) - raft.rpc.type = GRPC (default)
2023-12-28 09:09:48,029 [main] INFO  grpc.GrpcConfigKeys (ConfUtils.java:logFallback(53)) - raft.grpc.admin.host = null (fallback to raft.grpc.server.host)
2023-12-28 09:09:48,029 [main] INFO  grpc.GrpcConfigKeys (ConfUtils.java:logGet(46)) - raft.grpc.admin.port = 15441 (custom)
2023-12-28 09:09:48,029 [main] INFO  grpc.GrpcConfigKeys (ConfUtils.java:logFallback(53)) - raft.grpc.client.host = null (fallback to raft.grpc.server.host)
2023-12-28 09:09:48,030 [main] INFO  grpc.GrpcConfigKeys (ConfUtils.java:logGet(46)) - raft.grpc.client.port = 15440 (custom)
2023-12-28 09:09:48,030 [main] INFO  grpc.GrpcConfigKeys (ConfUtils.java:logGet(46)) - raft.grpc.server.host = null (default)
2023-12-28 09:09:48,030 [main] INFO  grpc.GrpcConfigKeys (ConfUtils.java:logGet(46)) - raft.grpc.server.port = 15442 (custom)
2023-12-28 09:09:48,030 [main] INFO  server.GrpcService (ConfUtils.java:logGet(46)) - raft.grpc.message.size.max = 32MB (=33554432) (custom)
2023-12-28 09:09:48,030 [main] INFO  server.RaftServerConfigKeys (ConfUtils.java:logGet(46)) - raft.server.log.appender.buffer.byte-limit = 8388608 (custom)
2023-12-28 09:09:48,031 [main] INFO  server.GrpcService (ConfUtils.java:logGet(46)) - raft.grpc.flow.control.window = 5MB (=5242880) (custom)
2023-12-28 09:09:48,031 [main] INFO  server.RaftServerConfigKeys (ConfUtils.java:logGet(46)) - raft.server.rpc.request.timeout = 3000ms (default)
2023-12-28 09:09:48,031 [main] INFO  grpc.GrpcConfigKeys (ConfUtils.java:logGet(46)) - raft.grpc.server.heartbeat.channel = true (default)
2023-12-28 09:09:48,031 [main] INFO  grpc.GrpcConfigKeys (ConfUtils.java:logGet(46)) - raft.grpc.server.async.request.thread.pool.cached = true (default)
2023-12-28 09:09:48,031 [main] INFO  grpc.GrpcConfigKeys (ConfUtils.java:logGet(46)) - raft.grpc.server.async.request.thread.pool.size = 32 (default)
2023-12-28 09:09:48,033 [main] INFO  impl.DataStreamServerImpl (ConfUtils.java:logGet(46)) - raft.datastream.type = NETTY (custom)
2023-12-28 09:09:48,033 [main] INFO  server.RaftServerConfigKeys (ConfUtils.java:logGet(46)) - raft.server.data-stream.async.request.thread.pool.cached = false (default)
2023-12-28 09:09:48,033 [main] INFO  server.RaftServerConfigKeys (ConfUtils.java:logGet(46)) - raft.server.data-stream.async.request.thread.pool.size = 20 (custom)
2023-12-28 09:09:48,034 [main] INFO  server.RaftServerConfigKeys (ConfUtils.java:logGet(46)) - raft.server.data-stream.async.write.thread.pool.size = 16 (default)
2023-12-28 09:09:48,034 [main] INFO  netty.NettyConfigKeys$DataStream (ConfUtils.java:logGet(46)) - raft.netty.dataStream.server.channel.inactive.grace-period = 10min (default)
2023-12-28 09:09:48,034 [main] INFO  server.RaftServerConfigKeys (ConfUtils.java:logGet(46)) - raft.server.data-stream.client.pool.size = 10 (default)
2023-12-28 09:09:48,034 [main] INFO  netty.NettyConfigKeys$DataStream (ConfUtils.java:logGet(46)) - raft.netty.dataStream.server.use-epoll = true (default)
2023-12-28 09:09:48,034 [main] INFO  netty.NettyConfigKeys$DataStream (ConfUtils.java:logGet(46)) - raft.netty.dataStream.server.boss-group.size = 0 (default)
2023-12-28 09:09:48,035 [main] INFO  netty.NettyUtils (NettyUtils.java:newEventLoopGroup(69)) - Create EpollEventLoopGroup for ebae719b-f625-4368-8547-482f3752b4ca-NettyServerStreamRpc-bossGroup; Thread size is 0.
2023-12-28 09:09:48,035 [main] INFO  netty.NettyConfigKeys$DataStream (ConfUtils.java:logGet(46)) - raft.netty.dataStream.server.worker-group.size = 0 (default)
2023-12-28 09:09:48,035 [main] INFO  netty.NettyUtils (NettyUtils.java:newEventLoopGroup(69)) - Create EpollEventLoopGroup for ebae719b-f625-4368-8547-482f3752b4ca-NettyServerStreamRpc-workerGroup; Thread size is 0.
2023-12-28 09:09:48,036 [main] INFO  netty.NettyConfigKeys$DataStream (ConfUtils.java:logGet(46)) - raft.netty.dataStream.server.tls.conf = null (default)
2023-12-28 09:09:48,036 [main] INFO  netty.NettyConfigKeys$DataStream (ConfUtils.java:logGet(46)) - raft.netty.dataStream.host = null (default)
2023-12-28 09:09:48,036 [main] INFO  netty.NettyConfigKeys$DataStream (ConfUtils.java:logGet(46)) - raft.netty.dataStream.port = 15443 (custom)
2023-12-28 09:09:48,036 [main] INFO  server.RaftServerConfigKeys (ConfUtils.java:logGet(46)) - raft.server.sleep.deviation.threshold = 300ms (default)
2023-12-28 09:09:48,037 [ebae719b-f625-4368-8547-482f3752b4ca-NettyServerStreamRpc-bossGroup--thread1] INFO  logging.LoggingHandler (AbstractInternalLogger.java:log(148)) - [id: 0x87e88ce7] REGISTERED
2023-12-28 09:09:48,037 [main] INFO  server.RaftServerConfigKeys (ConfUtils.java:logGet(46)) - raft.server.close.threshold = 60s (default)
2023-12-28 09:09:48,037 [ebae719b-f625-4368-8547-482f3752b4ca-NettyServerStreamRpc-bossGroup--thread1] INFO  logging.LoggingHandler (AbstractInternalLogger.java:log(148)) - [id: 0x87e88ce7] BIND: 0.0.0.0/0.0.0.0:15443
2023-12-28 09:09:48,037 [main] INFO  server.RaftServerConfigKeys (ConfUtils.java:logGet(46)) - raft.server.leaderelection.leader.step-down.wait-time = 10s (default)
2023-12-28 09:09:48,037 [ebae719b-f625-4368-8547-482f3752b4ca-NettyServerStreamRpc-bossGroup--thread1] INFO  logging.LoggingHandler (AbstractInternalLogger.java:log(148)) - [id: 0x87e88ce7, L:/0.0.0.0:15443] ACTIVE
2023-12-28 09:09:48,037 [main] INFO  server.RaftServerConfigKeys (ConfUtils.java:logGet(46)) - raft.server.storage.dir = [/home/runner/work/ozone/ozone/hadoop-ozone/integration-test/target/test-dir/MiniOzoneClusterImpl-7619c237-1de6-4815-bbe2-f0b52dfbd5bc/datanode-8/data/ratis] (custom)
2023-12-28 09:09:48,037 [main] INFO  server.RaftServerConfigKeys (ConfUtils.java:logGet(46)) - raft.server.threadpool.proxy.cached = true (default)
2023-12-28 09:09:48,038 [main] INFO  server.RaftServerConfigKeys (ConfUtils.java:logGet(46)) - raft.server.threadpool.proxy.size = 0 (default)
2023-12-28 09:09:48,038 [ebae719b-f625-4368-8547-482f3752b4ca-impl-thread1] INFO  server.RaftServer (RaftServerProxy.java:initGroupDir(264)) - ebae719b-f625-4368-8547-482f3752b4ca: found a subdirectory /home/runner/work/ozone/ozone/hadoop-ozone/integration-test/target/test-dir/MiniOzoneClusterImpl-7619c237-1de6-4815-bbe2-f0b52dfbd5bc/datanode-8/data/ratis/tmp
2023-12-28 09:09:48,038 [ebae719b-f625-4368-8547-482f3752b4ca-impl-thread1] INFO  server.RaftServer (RaftServerProxy.java:initGroupDir(269)) - ebae719b-f625-4368-8547-482f3752b4ca: The directory /home/runner/work/ozone/ozone/hadoop-ozone/integration-test/target/test-dir/MiniOzoneClusterImpl-7619c237-1de6-4815-bbe2-f0b52dfbd5bc/datanode-8/data/ratis/tmp is not a group directory; ignoring it. 
2023-12-28 09:09:48,038 [main] INFO  replication.ReplicationServer (ReplicationServer.java:<init>(85)) - Initializing replication server with thread count = 10 queue length = 4096
2023-12-28 09:09:48,039 [main] INFO  server.XceiverServerGrpc (XceiverServerGrpc.java:<init>(141)) - GrpcServer channel type EpollServerSocketChannel
2023-12-28 09:09:48,040 [main] INFO  replication.ReplicationSupervisor (ReplicationSupervisor.java:build(163)) - Initializing replication supervisor with thread count = 10
2023-12-28 09:09:48,041 [main] INFO  replication.ReplicationSupervisor (ReplicationSupervisor.java:nodeStateUpdated(317)) - Node state updated to IN_SERVICE, scaling executor pool size to 10
2023-12-28 09:09:48,042 [main] INFO  http.BaseHttpServer (BaseHttpServer.java:newHttpServer2BuilderForOzone(223)) - Starting Web-server for hddsDatanode at: http://0.0.0.0:15437
2023-12-28 09:09:48,042 [main] INFO  http.BaseHttpServer (BaseHttpServer.java:<init>(110)) - Hadoop Security Enabled: false Ozone Security Enabled: false Ozone HTTP Security Enabled: false 
2023-12-28 09:09:48,043 [main] WARN  server.AuthenticationFilter (AuthenticationFilter.java:constructSecretProvider(240)) - Unable to initialize FileSignerSecretProvider, falling back to use random secrets. Reason: Could not read signature secret file: /home/runner/hadoop-http-auth-signature-secret
2023-12-28 09:09:48,043 [main] INFO  http.HttpRequestLog (HttpRequestLog.java:getRequestLog(86)) - Http request log for http.requests.hddsDatanode is not defined
2023-12-28 09:09:48,044 [main] INFO  http.HttpServer2 (HttpServer2.java:addGlobalFilter(1036)) - Added global filter 'safety' (class=org.apache.hadoop.hdds.server.http.HttpServer2$QuotingInputFilter)
2023-12-28 09:09:48,045 [main] INFO  http.HttpServer2 (HttpServer2.java:addFilter(1012)) - Added filter static_user_filter (class=org.apache.hadoop.http.lib.StaticUserWebFilter$StaticUserFilter) to context hddsDatanode
2023-12-28 09:09:48,045 [main] INFO  http.HttpServer2 (HttpServer2.java:addFilter(1020)) - Added filter static_user_filter (class=org.apache.hadoop.http.lib.StaticUserWebFilter$StaticUserFilter) to context logs
2023-12-28 09:09:48,045 [main] INFO  http.HttpServer2 (HttpServer2.java:addFilter(1020)) - Added filter static_user_filter (class=org.apache.hadoop.http.lib.StaticUserWebFilter$StaticUserFilter) to context static
2023-12-28 09:09:48,045 [main] INFO  http.BaseHttpServer (BaseHttpServer.java:<init>(189)) - HTTP server of hddsDatanode uses base directory /home/runner/work/ozone/ozone/hadoop-ozone/integration-test/target/test-dir/MiniOzoneClusterImpl-7619c237-1de6-4815-bbe2-f0b52dfbd5bc/datanode-8/meta/webserver
2023-12-28 09:09:48,046 [main] INFO  http.HttpServer2 (HttpServer2.java:bindListener(1236)) - Jetty bound to port 15437
2023-12-28 09:09:48,046 [main] INFO  server.Server (Server.java:doStart(375)) - jetty-9.4.53.v20231009; built: 2023-10-09T12:29:09.265Z; git: 27bde00a0b95a1d5bbee0eae7984f891d2d0f8c9; jvm 1.8.0_392-b08
2023-12-28 09:09:48,051 [main] INFO  server.session (DefaultSessionIdManager.java:doStart(334)) - DefaultSessionIdManager workerName=node0
2023-12-28 09:09:48,051 [main] INFO  server.session (DefaultSessionIdManager.java:doStart(339)) - No SessionScavenger set, using defaults
2023-12-28 09:09:48,051 [main] INFO  server.session (HouseKeeper.java:startScavenging(132)) - node0 Scavenging every 600000ms
2023-12-28 09:09:48,052 [main] INFO  handler.ContextHandler (ContextHandler.java:doStart(921)) - Started o.e.j.s.ServletContextHandler@4e1ba79a{logs,/logs,file:///home/runner/work/ozone/ozone/hadoop-ozone/integration-test/target/log,AVAILABLE}
2023-12-28 09:09:48,052 [main] INFO  handler.ContextHandler (ContextHandler.java:doStart(921)) - Started o.e.j.s.ServletContextHandler@6d23a4cf{static,/static,jar:file:/home/runner/.m2/repository/org/apache/ozone/hdds-container-service/1.5.0-SNAPSHOT/hdds-container-service-1.5.0-SNAPSHOT.jar!/webapps/static,AVAILABLE}
2023-12-28 09:09:48,083 [main] INFO  handler.ContextHandler (ContextHandler.java:doStart(921)) - Started o.e.j.w.WebAppContext@777444c3{hddsDatanode,/,file:///home/runner/work/ozone/ozone/hadoop-ozone/integration-test/target/test-dir/MiniOzoneClusterImpl-7619c237-1de6-4815-bbe2-f0b52dfbd5bc/datanode-8/meta/webserver/jetty-0_0_0_0-15437-hdds-container-service-1_5_0-SNAPSHOT_jar-_-any-4580914288345990523/webapp/,AVAILABLE}{jar:file:/home/runner/.m2/repository/org/apache/ozone/hdds-container-service/1.5.0-SNAPSHOT/hdds-container-service-1.5.0-SNAPSHOT.jar!/webapps/hddsDatanode}
2023-12-28 09:09:48,084 [main] INFO  server.AbstractConnector (AbstractConnector.java:doStart(333)) - Started ServerConnector@35935056{HTTP/1.1, (http/1.1)}{0.0.0.0:15437}
2023-12-28 09:09:48,084 [main] INFO  server.Server (Server.java:doStart(415)) - Started @133102ms
2023-12-28 09:09:48,084 [main] WARN  impl.MetricsSystemImpl (MetricsSystemImpl.java:register(279)) - Sink prometheus already exists!
2023-12-28 09:09:48,084 [main] INFO  http.BaseHttpServer (BaseHttpServer.java:updateConnectorAddress(354)) - HTTP server of hddsDatanode listening at http://0.0.0.0:15437
2023-12-28 09:09:48,085 [main] INFO  ipc.CallQueueManager (CallQueueManager.java:<init>(90)) - Using callQueue: class java.util.concurrent.LinkedBlockingQueue, queueCapacity: 100, scheduler: class org.apache.hadoop.ipc.DefaultRpcScheduler, ipcBackoff: false.
2023-12-28 09:09:48,085 [main] INFO  ipc.Server (Server.java:<init>(1287)) - Listener at 0.0.0.0:15438
2023-12-28 09:09:48,085 [Socket Reader #1 for port 15438] INFO  ipc.Server (Server.java:run(1323)) - Starting Socket Reader #1 for port 15438
2023-12-28 09:09:48,087 [main] INFO  ozone.HddsDatanodeService (HddsDatanodeService.java:start(324)) - Datanode start with admins: [runner]
2023-12-28 09:09:48,087 [main] INFO  ozone.HddsDatanodeClientProtocolServer (HddsDatanodeClientProtocolServer.java:start(72)) - RPC server for Client /0.0.0.0:15438
2023-12-28 09:09:48,088 [IPC Server Responder] INFO  ipc.Server (Server.java:run(1562)) - IPC Server Responder: starting
2023-12-28 09:09:48,088 [IPC Server listener on 15438] INFO  ipc.Server (Server.java:run(1402)) - IPC Server listener on 15438: starting
2023-12-28 09:09:48,089 [main] INFO  ozone.MiniOzoneClusterImpl (MiniOzoneClusterImpl.java:lambda$waitForClusterToBeReady$0(230)) - Waiting for nodes to be ready. Got 0 of 9 DN Heartbeats.
2023-12-28 09:09:48,089 [main] INFO  ozone.MiniOzoneClusterImpl (MiniOzoneClusterImpl.java:lambda$waitForClusterToBeReady$0(233)) - Waiting for cluster to exit safe mode
2023-12-28 09:09:48,089 [main] INFO  ozone.MiniOzoneClusterImpl (MiniOzoneClusterImpl.java:lambda$waitForClusterToBeReady$0(235)) - SCM became leader
2023-12-28 09:09:48,089 [ebae719b-f625-4368-8547-482f3752b4ca-DatanodeStateMachineDaemonThread] INFO  statemachine.DatanodeStateMachine (DatanodeStateMachine.java:lambda$startDaemon$1(555)) - Ozone container server started.
2023-12-28 09:09:48,092 [ebae719b-f625-4368-8547-482f3752b4ca-DatanodeStateMachineTaskThread-0] INFO  datanode.InitDatanodeState (InitDatanodeState.java:persistContainerDatanodeDetails(139)) - DatanodeDetails is persisted to /home/runner/work/ozone/ozone/hadoop-ozone/integration-test/target/test-dir/MiniOzoneClusterImpl-7619c237-1de6-4815-bbe2-f0b52dfbd5bc/datanode-8/meta/datanode.id
2023-12-28 09:09:48,366 [om1@group-C5BA1605619E-FollowerState] INFO  impl.FollowerState (FollowerState.java:run(143)) - om1@group-C5BA1605619E-FollowerState: change to CANDIDATE, lastRpcElapsedTime:1164396668ns, electionTimeout:1164ms
2023-12-28 09:09:48,366 [om1@group-C5BA1605619E-FollowerState] INFO  impl.RoleInfo (RoleInfo.java:shutdownFollowerState(110)) - om1: shutdown om1@group-C5BA1605619E-FollowerState
2023-12-28 09:09:48,366 [om1@group-C5BA1605619E-FollowerState] INFO  server.RaftServer$Division (RaftServerImpl.java:setRole(379)) - om1@group-C5BA1605619E: changes role from  FOLLOWER to CANDIDATE at term 0 for changeToCandidate
2023-12-28 09:09:48,366 [om1@group-C5BA1605619E-FollowerState] INFO  server.RaftServerConfigKeys (ConfUtils.java:logGet(46)) - raft.server.leaderelection.pre-vote = true (default)
2023-12-28 09:09:48,366 [om1@group-C5BA1605619E-FollowerState] INFO  impl.RoleInfo (RoleInfo.java:updateAndGet(139)) - om1: start om1@group-C5BA1605619E-LeaderElection65
2023-12-28 09:09:48,367 [om1@group-C5BA1605619E-LeaderElection65] INFO  impl.LeaderElection (LeaderElection.java:askForVotes(323)) - om1@group-C5BA1605619E-LeaderElection65 PRE_VOTE round 0: submit vote requests at term 0 for -1: peers:[om1|localhost:15363]|listeners:[], old=null
2023-12-28 09:09:48,368 [om1@group-C5BA1605619E-LeaderElection65] INFO  impl.LeaderElection (LeaderElection.java:askForVotes(325)) - om1@group-C5BA1605619E-LeaderElection65 PRE_VOTE round 0: result PASSED (term=0)
2023-12-28 09:09:48,370 [om1@group-C5BA1605619E-LeaderElection65] INFO  impl.LeaderElection (LeaderElection.java:askForVotes(323)) - om1@group-C5BA1605619E-LeaderElection65 ELECTION round 0: submit vote requests at term 1 for -1: peers:[om1|localhost:15363]|listeners:[], old=null
2023-12-28 09:09:48,371 [om1@group-C5BA1605619E-LeaderElection65] INFO  impl.LeaderElection (LeaderElection.java:askForVotes(325)) - om1@group-C5BA1605619E-LeaderElection65 ELECTION round 0: result PASSED (term=1)
2023-12-28 09:09:48,371 [om1@group-C5BA1605619E-LeaderElection65] INFO  impl.RoleInfo (RoleInfo.java:shutdownLeaderElection(130)) - om1: shutdown om1@group-C5BA1605619E-LeaderElection65
2023-12-28 09:09:48,371 [om1@group-C5BA1605619E-LeaderElection65] INFO  server.RaftServer$Division (RaftServerImpl.java:setRole(379)) - om1@group-C5BA1605619E: changes role from CANDIDATE to LEADER at term 1 for changeToLeader
2023-12-28 09:09:48,371 [om1@group-C5BA1605619E-LeaderElection65] INFO  server.RaftServerConfigKeys (ConfUtils.java:logGet(46)) - raft.server.staging.catchup.gap = 1000 (default)
2023-12-28 09:09:48,371 [om1@group-C5BA1605619E-LeaderElection65] INFO  server.RaftServerConfigKeys (ConfUtils.java:logGet(46)) - raft.server.write.element-limit = 4096 (default)
2023-12-28 09:09:48,371 [om1@group-C5BA1605619E-LeaderElection65] INFO  server.RaftServerConfigKeys (ConfUtils.java:logGet(46)) - raft.server.write.byte-limit = 64MB (=67108864) (default)
2023-12-28 09:09:48,371 [om1@group-C5BA1605619E-LeaderElection65] INFO  server.RaftServerConfigKeys (ConfUtils.java:logGet(46)) - raft.server.watch.timeout = 10s (default)
2023-12-28 09:09:48,371 [om1@group-C5BA1605619E-LeaderElection65] INFO  server.RaftServerConfigKeys (ConfUtils.java:logGet(46)) - raft.server.watch.timeout.denomination = 1s (default)
2023-12-28 09:09:48,371 [om1@group-C5BA1605619E-LeaderElection65] INFO  server.RaftServerConfigKeys (ConfUtils.java:logGet(46)) - raft.server.watch.element-limit = 65536 (default)
2023-12-28 09:09:48,371 [om1@group-C5BA1605619E-LeaderElection65] INFO  server.RaftServerConfigKeys (ConfUtils.java:logGet(46)) - raft.server.read.leader.lease.enabled = false (default)
2023-12-28 09:09:48,371 [om1@group-C5BA1605619E-LeaderElection65] INFO  server.RaftServerConfigKeys (ConfUtils.java:logGet(46)) - raft.server.read.leader.lease.timeout.ratio = 0.9 (default)
2023-12-28 09:09:48,371 [om1@group-C5BA1605619E-LeaderElection65] INFO  server.RaftServerConfigKeys (ConfUtils.java:logGet(46)) - raft.server.rpc.timeout.min = 1s (custom)
2023-12-28 09:09:48,371 [om1@group-C5BA1605619E-LeaderElection65] INFO  server.RaftServerConfigKeys (ConfUtils.java:logGet(46)) - raft.server.write.element-limit = 4096 (default)
2023-12-28 09:09:48,371 [om1@group-C5BA1605619E-LeaderElection65] INFO  server.RaftServerConfigKeys (ConfUtils.java:logGet(46)) - raft.server.write.follower.gap.ratio.max = -1.0 (default)
2023-12-28 09:09:48,371 [om1@group-C5BA1605619E-LeaderElection65] INFO  impl.RoleInfo (RoleInfo.java:updateAndGet(139)) - om1: start om1@group-C5BA1605619E-LeaderStateImpl
2023-12-28 09:09:48,371 [om1@group-C5BA1605619E-LeaderElection65] INFO  server.RaftServer$Division (RaftServerImpl.java:setFirstElection(564)) - om1@group-C5BA1605619E: set firstElectionSinceStartup to false for becomeLeader
2023-12-28 09:09:48,371 [om1@group-C5BA1605619E-LeaderElection65] INFO  server.RaftServer$Division (ServerState.java:setLeader(265)) - om1@group-C5BA1605619E: change Leader from null to om1 at term 1 for becomeLeader, leader elected after 1388ms
2023-12-28 09:09:48,372 [om1@group-C5BA1605619E-LeaderElection65] INFO  segmented.SegmentedRaftLogWorker (SegmentedRaftLogWorker.java:startLogSegment(428)) - om1@group-C5BA1605619E-SegmentedRaftLogWorker: Starting segment from index:0
2023-12-28 09:09:48,372 [om1@group-C5BA1605619E-LeaderElection65] INFO  server.RaftServer$Division (ServerState.java:setRaftConf(382)) - om1@group-C5BA1605619E: set configuration 0: peers:[om1|localhost:15363]|listeners:[], old=null
2023-12-28 09:09:48,378 [om1@group-C5BA1605619E-SegmentedRaftLogWorker] INFO  segmented.SegmentedRaftLogWorker (SegmentedRaftLogWorker.java:execute(632)) - om1@group-C5BA1605619E-SegmentedRaftLogWorker: created new log segment /home/runner/work/ozone/ozone/hadoop-ozone/integration-test/target/test-dir/MiniOzoneClusterImpl-7619c237-1de6-4815-bbe2-f0b52dfbd5bc/ozone-meta/ratis/bf265839-605b-3f16-9796-c5ba1605619e/current/log_inprogress_0
2023-12-28 09:09:48,379 [om1@group-C5BA1605619E-StateMachineUpdater] INFO  ratis.OzoneManagerStateMachine (OzoneManagerStateMachine.java:notifyConfigurationChanged(213)) - Received Configuration change notification from Ratis. New Peer list:
[id: "om1"
address: "localhost:15363"
startupRole: FOLLOWER
]
2023-12-28 09:09:48,379 [om1@group-C5BA1605619E-StateMachineUpdater] INFO  server.RaftServer$Division (LeaderStateImpl.java:isApplied(316)) - leader is ready since appliedIndex == 0 >= startIndex == 0
2023-12-28 09:09:49,090 [main] INFO  ozone.MiniOzoneClusterImpl (MiniOzoneClusterImpl.java:lambda$waitForClusterToBeReady$0(230)) - Waiting for nodes to be ready. Got 0 of 9 DN Heartbeats.
2023-12-28 09:09:49,090 [main] INFO  ozone.MiniOzoneClusterImpl (MiniOzoneClusterImpl.java:lambda$waitForClusterToBeReady$0(233)) - Waiting for cluster to exit safe mode
2023-12-28 09:09:49,090 [main] INFO  ozone.MiniOzoneClusterImpl (MiniOzoneClusterImpl.java:lambda$waitForClusterToBeReady$0(235)) - SCM became leader
2023-12-28 09:09:49,355 [3b28bb72-2ab1-44e1-a9b9-2481c9e85245-EndpointStateMachineTaskThread-/0.0.0.0:15358-0 ] INFO  utils.DatanodeStoreCache (DatanodeStoreCache.java:addDB(66)) - Added db /home/runner/work/ozone/ozone/hadoop-ozone/integration-test/target/test-dir/MiniOzoneClusterImpl-7619c237-1de6-4815-bbe2-f0b52dfbd5bc/datanode-0/data-0/containers/hdds/7619c237-1de6-4815-bbe2-f0b52dfbd5bc/DS-eb0134f9-5ca6-4826-8161-22d206a672de/container.db to cache
2023-12-28 09:09:49,355 [3b28bb72-2ab1-44e1-a9b9-2481c9e85245-EndpointStateMachineTaskThread-/0.0.0.0:15358-0 ] INFO  volume.HddsVolume (HddsVolume.java:createDbStore(422)) - SchemaV3 db is created and loaded at /home/runner/work/ozone/ozone/hadoop-ozone/integration-test/target/test-dir/MiniOzoneClusterImpl-7619c237-1de6-4815-bbe2-f0b52dfbd5bc/datanode-0/data-0/containers/hdds/7619c237-1de6-4815-bbe2-f0b52dfbd5bc/DS-eb0134f9-5ca6-4826-8161-22d206a672de/container.db for volume DS-eb0134f9-5ca6-4826-8161-22d206a672de
2023-12-28 09:09:49,356 [3b28bb72-2ab1-44e1-a9b9-2481c9e85245-EndpointStateMachineTaskThread-/0.0.0.0:15358-0 ] INFO  volume.ThrottledAsyncChecker (ThrottledAsyncChecker.java:schedule(141)) - Scheduling a check for /home/runner/work/ozone/ozone/hadoop-ozone/integration-test/target/test-dir/MiniOzoneClusterImpl-7619c237-1de6-4815-bbe2-f0b52dfbd5bc/datanode-0/data-0/containers/hdds
2023-12-28 09:09:49,356 [3b28bb72-2ab1-44e1-a9b9-2481c9e85245-EndpointStateMachineTaskThread-/0.0.0.0:15358-0 ] INFO  volume.StorageVolumeChecker (StorageVolumeChecker.java:checkAllVolumes(218)) - Scheduled health check for volume /home/runner/work/ozone/ozone/hadoop-ozone/integration-test/target/test-dir/MiniOzoneClusterImpl-7619c237-1de6-4815-bbe2-f0b52dfbd5bc/datanode-0/data-0/containers/hdds
2023-12-28 09:09:49,358 [3b28bb72-2ab1-44e1-a9b9-2481c9e85245-EndpointStateMachineTaskThread-/0.0.0.0:15358-0 ] INFO  volume.ThrottledAsyncChecker (ThrottledAsyncChecker.java:schedule(141)) - Scheduling a check for /home/runner/work/ozone/ozone/hadoop-ozone/integration-test/target/test-dir/MiniOzoneClusterImpl-7619c237-1de6-4815-bbe2-f0b52dfbd5bc/datanode-0/data/ratis
2023-12-28 09:09:49,358 [3b28bb72-2ab1-44e1-a9b9-2481c9e85245-EndpointStateMachineTaskThread-/0.0.0.0:15358-0 ] INFO  volume.StorageVolumeChecker (StorageVolumeChecker.java:checkAllVolumes(218)) - Scheduled health check for volume /home/runner/work/ozone/ozone/hadoop-ozone/integration-test/target/test-dir/MiniOzoneClusterImpl-7619c237-1de6-4815-bbe2-f0b52dfbd5bc/datanode-0/data/ratis
2023-12-28 09:09:49,359 [3b28bb72-2ab1-44e1-a9b9-2481c9e85245-EndpointStateMachineTaskThread-/0.0.0.0:15358-0 ] INFO  ozoneimpl.OzoneContainer (OzoneContainer.java:start(441)) - Attempting to start container services.
2023-12-28 09:09:49,359 [3b28bb72-2ab1-44e1-a9b9-2481c9e85245-EndpointStateMachineTaskThread-/0.0.0.0:15358-0 ] INFO  ozoneimpl.OzoneContainer (OzoneContainer.java:startContainerScrub(337)) - Scheduled background container scanners and the on-demand container scanner have been disabled.
2023-12-28 09:09:49,359 [3b28bb72-2ab1-44e1-a9b9-2481c9e85245-EndpointStateMachineTaskThread-/0.0.0.0:15358-0 ] INFO  replication.ReplicationServer (ReplicationServer.java:start(139)) - ReplicationServer is started using port 15372
2023-12-28 09:09:49,359 [3b28bb72-2ab1-44e1-a9b9-2481c9e85245-EndpointStateMachineTaskThread-/0.0.0.0:15358-0 ] INFO  ratis.XceiverServerRatis (XceiverServerRatis.java:start(548)) - Starting XceiverServerRatis 3b28bb72-2ab1-44e1-a9b9-2481c9e85245
2023-12-28 09:09:49,360 [3b28bb72-2ab1-44e1-a9b9-2481c9e85245-EndpointStateMachineTaskThread-/0.0.0.0:15358-0 ] INFO  server.RaftServer (RaftServerProxy.java:startImpl(406)) - 3b28bb72-2ab1-44e1-a9b9-2481c9e85245: start RPC server
2023-12-28 09:09:49,360 [3b28bb72-2ab1-44e1-a9b9-2481c9e85245-EndpointStateMachineTaskThread-/0.0.0.0:15358-0 ] INFO  server.GrpcService (GrpcService.java:startImpl(302)) - 3b28bb72-2ab1-44e1-a9b9-2481c9e85245: GrpcService started, listening on 15368
2023-12-28 09:09:49,360 [3b28bb72-2ab1-44e1-a9b9-2481c9e85245-EndpointStateMachineTaskThread-/0.0.0.0:15358-0 ] INFO  server.GrpcService (GrpcService.java:startImpl(302)) - 3b28bb72-2ab1-44e1-a9b9-2481c9e85245: GrpcService started, listening on 15370
2023-12-28 09:09:49,360 [3b28bb72-2ab1-44e1-a9b9-2481c9e85245-EndpointStateMachineTaskThread-/0.0.0.0:15358-0 ] INFO  server.GrpcService (GrpcService.java:startImpl(302)) - 3b28bb72-2ab1-44e1-a9b9-2481c9e85245: GrpcService started, listening on 15369
2023-12-28 09:09:49,361 [3b28bb72-2ab1-44e1-a9b9-2481c9e85245-EndpointStateMachineTaskThread-/0.0.0.0:15358-0 ] INFO  ratis.XceiverServerRatis (XceiverServerRatis.java:getRealPort(574)) - XceiverServerRatis 3b28bb72-2ab1-44e1-a9b9-2481c9e85245 is started using port 15368 for RATIS
2023-12-28 09:09:49,361 [3b28bb72-2ab1-44e1-a9b9-2481c9e85245-EndpointStateMachineTaskThread-/0.0.0.0:15358-0 ] INFO  ratis.XceiverServerRatis (XceiverServerRatis.java:getRealPort(574)) - XceiverServerRatis 3b28bb72-2ab1-44e1-a9b9-2481c9e85245 is started using port 15369 for RATIS_ADMIN
2023-12-28 09:09:49,361 [3b28bb72-2ab1-44e1-a9b9-2481c9e85245-EndpointStateMachineTaskThread-/0.0.0.0:15358-0 ] INFO  ratis.XceiverServerRatis (XceiverServerRatis.java:getRealPort(574)) - XceiverServerRatis 3b28bb72-2ab1-44e1-a9b9-2481c9e85245 is started using port 15370 for RATIS_SERVER
2023-12-28 09:09:49,361 [3b28bb72-2ab1-44e1-a9b9-2481c9e85245-EndpointStateMachineTaskThread-/0.0.0.0:15358-0 ] INFO  ratis.XceiverServerRatis (XceiverServerRatis.java:getRealPort(574)) - XceiverServerRatis 3b28bb72-2ab1-44e1-a9b9-2481c9e85245 is started using port 15371 for RATIS_DATASTREAM
2023-12-28 09:09:49,361 [JvmPauseMonitor46] INFO  util.JvmPauseMonitor (JvmPauseMonitor.java:run(146)) - JvmPauseMonitor-3b28bb72-2ab1-44e1-a9b9-2481c9e85245: Started
2023-12-28 09:09:49,362 [3b28bb72-2ab1-44e1-a9b9-2481c9e85245-BlockDeletingService#0] INFO  interfaces.ContainerDeletionChoosingPolicyTemplate (ContainerDeletionChoosingPolicyTemplate.java:chooseContainerForBlockDeletion(85)) - Chosen 0/5000 blocks from 0 candidate containers.
2023-12-28 09:09:49,443 [d5d8acbd-90b5-4ada-8600-10487a3abfb2-EndpointStateMachineTaskThread-/0.0.0.0:15358-0 ] INFO  utils.DatanodeStoreCache (DatanodeStoreCache.java:addDB(66)) - Added db /home/runner/work/ozone/ozone/hadoop-ozone/integration-test/target/test-dir/MiniOzoneClusterImpl-7619c237-1de6-4815-bbe2-f0b52dfbd5bc/datanode-1/data-0/containers/hdds/7619c237-1de6-4815-bbe2-f0b52dfbd5bc/DS-8db8ccae-0e68-45af-ac80-6d2ad6a843e8/container.db to cache
2023-12-28 09:09:49,443 [d5d8acbd-90b5-4ada-8600-10487a3abfb2-EndpointStateMachineTaskThread-/0.0.0.0:15358-0 ] INFO  volume.HddsVolume (HddsVolume.java:createDbStore(422)) - SchemaV3 db is created and loaded at /home/runner/work/ozone/ozone/hadoop-ozone/integration-test/target/test-dir/MiniOzoneClusterImpl-7619c237-1de6-4815-bbe2-f0b52dfbd5bc/datanode-1/data-0/containers/hdds/7619c237-1de6-4815-bbe2-f0b52dfbd5bc/DS-8db8ccae-0e68-45af-ac80-6d2ad6a843e8/container.db for volume DS-8db8ccae-0e68-45af-ac80-6d2ad6a843e8
2023-12-28 09:09:49,444 [d5d8acbd-90b5-4ada-8600-10487a3abfb2-EndpointStateMachineTaskThread-/0.0.0.0:15358-0 ] INFO  volume.ThrottledAsyncChecker (ThrottledAsyncChecker.java:schedule(141)) - Scheduling a check for /home/runner/work/ozone/ozone/hadoop-ozone/integration-test/target/test-dir/MiniOzoneClusterImpl-7619c237-1de6-4815-bbe2-f0b52dfbd5bc/datanode-1/data-0/containers/hdds
2023-12-28 09:09:49,444 [d5d8acbd-90b5-4ada-8600-10487a3abfb2-EndpointStateMachineTaskThread-/0.0.0.0:15358-0 ] INFO  volume.StorageVolumeChecker (StorageVolumeChecker.java:checkAllVolumes(218)) - Scheduled health check for volume /home/runner/work/ozone/ozone/hadoop-ozone/integration-test/target/test-dir/MiniOzoneClusterImpl-7619c237-1de6-4815-bbe2-f0b52dfbd5bc/datanode-1/data-0/containers/hdds
2023-12-28 09:09:49,446 [d5d8acbd-90b5-4ada-8600-10487a3abfb2-EndpointStateMachineTaskThread-/0.0.0.0:15358-0 ] INFO  volume.ThrottledAsyncChecker (ThrottledAsyncChecker.java:schedule(141)) - Scheduling a check for /home/runner/work/ozone/ozone/hadoop-ozone/integration-test/target/test-dir/MiniOzoneClusterImpl-7619c237-1de6-4815-bbe2-f0b52dfbd5bc/datanode-1/data/ratis
2023-12-28 09:09:49,446 [d5d8acbd-90b5-4ada-8600-10487a3abfb2-EndpointStateMachineTaskThread-/0.0.0.0:15358-0 ] INFO  volume.StorageVolumeChecker (StorageVolumeChecker.java:checkAllVolumes(218)) - Scheduled health check for volume /home/runner/work/ozone/ozone/hadoop-ozone/integration-test/target/test-dir/MiniOzoneClusterImpl-7619c237-1de6-4815-bbe2-f0b52dfbd5bc/datanode-1/data/ratis
2023-12-28 09:09:49,447 [d5d8acbd-90b5-4ada-8600-10487a3abfb2-EndpointStateMachineTaskThread-/0.0.0.0:15358-0 ] INFO  ozoneimpl.OzoneContainer (OzoneContainer.java:start(441)) - Attempting to start container services.
2023-12-28 09:09:49,447 [d5d8acbd-90b5-4ada-8600-10487a3abfb2-EndpointStateMachineTaskThread-/0.0.0.0:15358-0 ] INFO  ozoneimpl.OzoneContainer (OzoneContainer.java:startContainerScrub(337)) - Scheduled background container scanners and the on-demand container scanner have been disabled.
2023-12-28 09:09:49,447 [d5d8acbd-90b5-4ada-8600-10487a3abfb2-EndpointStateMachineTaskThread-/0.0.0.0:15358-0 ] INFO  replication.ReplicationServer (ReplicationServer.java:start(139)) - ReplicationServer is started using port 15381
2023-12-28 09:09:49,447 [d5d8acbd-90b5-4ada-8600-10487a3abfb2-EndpointStateMachineTaskThread-/0.0.0.0:15358-0 ] INFO  ratis.XceiverServerRatis (XceiverServerRatis.java:start(548)) - Starting XceiverServerRatis d5d8acbd-90b5-4ada-8600-10487a3abfb2
2023-12-28 09:09:49,448 [d5d8acbd-90b5-4ada-8600-10487a3abfb2-EndpointStateMachineTaskThread-/0.0.0.0:15358-0 ] INFO  server.RaftServer (RaftServerProxy.java:startImpl(406)) - d5d8acbd-90b5-4ada-8600-10487a3abfb2: start RPC server
2023-12-28 09:09:49,448 [d5d8acbd-90b5-4ada-8600-10487a3abfb2-EndpointStateMachineTaskThread-/0.0.0.0:15358-0 ] INFO  server.GrpcService (GrpcService.java:startImpl(302)) - d5d8acbd-90b5-4ada-8600-10487a3abfb2: GrpcService started, listening on 15377
2023-12-28 09:09:49,448 [d5d8acbd-90b5-4ada-8600-10487a3abfb2-EndpointStateMachineTaskThread-/0.0.0.0:15358-0 ] INFO  server.GrpcService (GrpcService.java:startImpl(302)) - d5d8acbd-90b5-4ada-8600-10487a3abfb2: GrpcService started, listening on 15379
2023-12-28 09:09:49,448 [d5d8acbd-90b5-4ada-8600-10487a3abfb2-EndpointStateMachineTaskThread-/0.0.0.0:15358-0 ] INFO  server.GrpcService (GrpcService.java:startImpl(302)) - d5d8acbd-90b5-4ada-8600-10487a3abfb2: GrpcService started, listening on 15378
2023-12-28 09:09:49,448 [d5d8acbd-90b5-4ada-8600-10487a3abfb2-EndpointStateMachineTaskThread-/0.0.0.0:15358-0 ] INFO  ratis.XceiverServerRatis (XceiverServerRatis.java:getRealPort(574)) - XceiverServerRatis d5d8acbd-90b5-4ada-8600-10487a3abfb2 is started using port 15377 for RATIS
2023-12-28 09:09:49,448 [JvmPauseMonitor47] INFO  util.JvmPauseMonitor (JvmPauseMonitor.java:run(146)) - JvmPauseMonitor-d5d8acbd-90b5-4ada-8600-10487a3abfb2: Started
2023-12-28 09:09:49,448 [d5d8acbd-90b5-4ada-8600-10487a3abfb2-EndpointStateMachineTaskThread-/0.0.0.0:15358-0 ] INFO  ratis.XceiverServerRatis (XceiverServerRatis.java:getRealPort(574)) - XceiverServerRatis d5d8acbd-90b5-4ada-8600-10487a3abfb2 is started using port 15378 for RATIS_ADMIN
2023-12-28 09:09:49,448 [d5d8acbd-90b5-4ada-8600-10487a3abfb2-EndpointStateMachineTaskThread-/0.0.0.0:15358-0 ] INFO  ratis.XceiverServerRatis (XceiverServerRatis.java:getRealPort(574)) - XceiverServerRatis d5d8acbd-90b5-4ada-8600-10487a3abfb2 is started using port 15379 for RATIS_SERVER
2023-12-28 09:09:49,448 [d5d8acbd-90b5-4ada-8600-10487a3abfb2-EndpointStateMachineTaskThread-/0.0.0.0:15358-0 ] INFO  ratis.XceiverServerRatis (XceiverServerRatis.java:getRealPort(574)) - XceiverServerRatis d5d8acbd-90b5-4ada-8600-10487a3abfb2 is started using port 15380 for RATIS_DATASTREAM
2023-12-28 09:09:49,449 [d5d8acbd-90b5-4ada-8600-10487a3abfb2-BlockDeletingService#0] INFO  interfaces.ContainerDeletionChoosingPolicyTemplate (ContainerDeletionChoosingPolicyTemplate.java:chooseContainerForBlockDeletion(85)) - Chosen 0/5000 blocks from 0 candidate containers.
2023-12-28 09:09:49,520 [9b863e56-86de-43f6-b2a7-53906d690b33-EndpointStateMachineTaskThread-/0.0.0.0:15358-0 ] INFO  utils.DatanodeStoreCache (DatanodeStoreCache.java:addDB(66)) - Added db /home/runner/work/ozone/ozone/hadoop-ozone/integration-test/target/test-dir/MiniOzoneClusterImpl-7619c237-1de6-4815-bbe2-f0b52dfbd5bc/datanode-2/data-0/containers/hdds/7619c237-1de6-4815-bbe2-f0b52dfbd5bc/DS-b8d39540-c8a8-4865-9ac5-d4b8447fb21d/container.db to cache
2023-12-28 09:09:49,520 [9b863e56-86de-43f6-b2a7-53906d690b33-EndpointStateMachineTaskThread-/0.0.0.0:15358-0 ] INFO  volume.HddsVolume (HddsVolume.java:createDbStore(422)) - SchemaV3 db is created and loaded at /home/runner/work/ozone/ozone/hadoop-ozone/integration-test/target/test-dir/MiniOzoneClusterImpl-7619c237-1de6-4815-bbe2-f0b52dfbd5bc/datanode-2/data-0/containers/hdds/7619c237-1de6-4815-bbe2-f0b52dfbd5bc/DS-b8d39540-c8a8-4865-9ac5-d4b8447fb21d/container.db for volume DS-b8d39540-c8a8-4865-9ac5-d4b8447fb21d
2023-12-28 09:09:49,523 [9b863e56-86de-43f6-b2a7-53906d690b33-EndpointStateMachineTaskThread-/0.0.0.0:15358-0 ] INFO  volume.ThrottledAsyncChecker (ThrottledAsyncChecker.java:schedule(141)) - Scheduling a check for /home/runner/work/ozone/ozone/hadoop-ozone/integration-test/target/test-dir/MiniOzoneClusterImpl-7619c237-1de6-4815-bbe2-f0b52dfbd5bc/datanode-2/data-0/containers/hdds
2023-12-28 09:09:49,523 [9b863e56-86de-43f6-b2a7-53906d690b33-EndpointStateMachineTaskThread-/0.0.0.0:15358-0 ] INFO  volume.StorageVolumeChecker (StorageVolumeChecker.java:checkAllVolumes(218)) - Scheduled health check for volume /home/runner/work/ozone/ozone/hadoop-ozone/integration-test/target/test-dir/MiniOzoneClusterImpl-7619c237-1de6-4815-bbe2-f0b52dfbd5bc/datanode-2/data-0/containers/hdds
2023-12-28 09:09:49,524 [9b863e56-86de-43f6-b2a7-53906d690b33-EndpointStateMachineTaskThread-/0.0.0.0:15358-0 ] INFO  volume.ThrottledAsyncChecker (ThrottledAsyncChecker.java:schedule(141)) - Scheduling a check for /home/runner/work/ozone/ozone/hadoop-ozone/integration-test/target/test-dir/MiniOzoneClusterImpl-7619c237-1de6-4815-bbe2-f0b52dfbd5bc/datanode-2/data/ratis
2023-12-28 09:09:49,524 [9b863e56-86de-43f6-b2a7-53906d690b33-EndpointStateMachineTaskThread-/0.0.0.0:15358-0 ] INFO  volume.StorageVolumeChecker (StorageVolumeChecker.java:checkAllVolumes(218)) - Scheduled health check for volume /home/runner/work/ozone/ozone/hadoop-ozone/integration-test/target/test-dir/MiniOzoneClusterImpl-7619c237-1de6-4815-bbe2-f0b52dfbd5bc/datanode-2/data/ratis
2023-12-28 09:09:49,525 [9b863e56-86de-43f6-b2a7-53906d690b33-EndpointStateMachineTaskThread-/0.0.0.0:15358-0 ] INFO  ozoneimpl.OzoneContainer (OzoneContainer.java:start(441)) - Attempting to start container services.
2023-12-28 09:09:49,525 [9b863e56-86de-43f6-b2a7-53906d690b33-EndpointStateMachineTaskThread-/0.0.0.0:15358-0 ] INFO  ozoneimpl.OzoneContainer (OzoneContainer.java:startContainerScrub(337)) - Scheduled background container scanners and the on-demand container scanner have been disabled.
2023-12-28 09:09:49,525 [9b863e56-86de-43f6-b2a7-53906d690b33-EndpointStateMachineTaskThread-/0.0.0.0:15358-0 ] INFO  replication.ReplicationServer (ReplicationServer.java:start(139)) - ReplicationServer is started using port 15390
2023-12-28 09:09:49,526 [9b863e56-86de-43f6-b2a7-53906d690b33-EndpointStateMachineTaskThread-/0.0.0.0:15358-0 ] INFO  ratis.XceiverServerRatis (XceiverServerRatis.java:start(548)) - Starting XceiverServerRatis 9b863e56-86de-43f6-b2a7-53906d690b33
2023-12-28 09:09:49,526 [9b863e56-86de-43f6-b2a7-53906d690b33-EndpointStateMachineTaskThread-/0.0.0.0:15358-0 ] INFO  server.RaftServer (RaftServerProxy.java:startImpl(406)) - 9b863e56-86de-43f6-b2a7-53906d690b33: start RPC server
2023-12-28 09:09:49,526 [9b863e56-86de-43f6-b2a7-53906d690b33-EndpointStateMachineTaskThread-/0.0.0.0:15358-0 ] INFO  server.GrpcService (GrpcService.java:startImpl(302)) - 9b863e56-86de-43f6-b2a7-53906d690b33: GrpcService started, listening on 15386
2023-12-28 09:09:49,526 [9b863e56-86de-43f6-b2a7-53906d690b33-EndpointStateMachineTaskThread-/0.0.0.0:15358-0 ] INFO  server.GrpcService (GrpcService.java:startImpl(302)) - 9b863e56-86de-43f6-b2a7-53906d690b33: GrpcService started, listening on 15388
2023-12-28 09:09:49,527 [9b863e56-86de-43f6-b2a7-53906d690b33-EndpointStateMachineTaskThread-/0.0.0.0:15358-0 ] INFO  server.GrpcService (GrpcService.java:startImpl(302)) - 9b863e56-86de-43f6-b2a7-53906d690b33: GrpcService started, listening on 15387
2023-12-28 09:09:49,527 [9b863e56-86de-43f6-b2a7-53906d690b33-EndpointStateMachineTaskThread-/0.0.0.0:15358-0 ] INFO  ratis.XceiverServerRatis (XceiverServerRatis.java:getRealPort(574)) - XceiverServerRatis 9b863e56-86de-43f6-b2a7-53906d690b33 is started using port 15386 for RATIS
2023-12-28 09:09:49,527 [JvmPauseMonitor48] INFO  util.JvmPauseMonitor (JvmPauseMonitor.java:run(146)) - JvmPauseMonitor-9b863e56-86de-43f6-b2a7-53906d690b33: Started
2023-12-28 09:09:49,527 [9b863e56-86de-43f6-b2a7-53906d690b33-EndpointStateMachineTaskThread-/0.0.0.0:15358-0 ] INFO  ratis.XceiverServerRatis (XceiverServerRatis.java:getRealPort(574)) - XceiverServerRatis 9b863e56-86de-43f6-b2a7-53906d690b33 is started using port 15387 for RATIS_ADMIN
2023-12-28 09:09:49,527 [9b863e56-86de-43f6-b2a7-53906d690b33-EndpointStateMachineTaskThread-/0.0.0.0:15358-0 ] INFO  ratis.XceiverServerRatis (XceiverServerRatis.java:getRealPort(574)) - XceiverServerRatis 9b863e56-86de-43f6-b2a7-53906d690b33 is started using port 15388 for RATIS_SERVER
2023-12-28 09:09:49,527 [9b863e56-86de-43f6-b2a7-53906d690b33-EndpointStateMachineTaskThread-/0.0.0.0:15358-0 ] INFO  ratis.XceiverServerRatis (XceiverServerRatis.java:getRealPort(574)) - XceiverServerRatis 9b863e56-86de-43f6-b2a7-53906d690b33 is started using port 15389 for RATIS_DATASTREAM
2023-12-28 09:09:49,527 [9b863e56-86de-43f6-b2a7-53906d690b33-BlockDeletingService#0] INFO  interfaces.ContainerDeletionChoosingPolicyTemplate (ContainerDeletionChoosingPolicyTemplate.java:chooseContainerForBlockDeletion(85)) - Chosen 0/5000 blocks from 0 candidate containers.
2023-12-28 09:09:49,614 [3882d302-0766-4582-8526-483b5b0fafe4-EndpointStateMachineTaskThread-/0.0.0.0:15358-0 ] INFO  utils.DatanodeStoreCache (DatanodeStoreCache.java:addDB(66)) - Added db /home/runner/work/ozone/ozone/hadoop-ozone/integration-test/target/test-dir/MiniOzoneClusterImpl-7619c237-1de6-4815-bbe2-f0b52dfbd5bc/datanode-3/data-0/containers/hdds/7619c237-1de6-4815-bbe2-f0b52dfbd5bc/DS-01df4767-c656-4eb3-abc1-3a5d01d5da03/container.db to cache
2023-12-28 09:09:49,614 [3882d302-0766-4582-8526-483b5b0fafe4-EndpointStateMachineTaskThread-/0.0.0.0:15358-0 ] INFO  volume.HddsVolume (HddsVolume.java:createDbStore(422)) - SchemaV3 db is created and loaded at /home/runner/work/ozone/ozone/hadoop-ozone/integration-test/target/test-dir/MiniOzoneClusterImpl-7619c237-1de6-4815-bbe2-f0b52dfbd5bc/datanode-3/data-0/containers/hdds/7619c237-1de6-4815-bbe2-f0b52dfbd5bc/DS-01df4767-c656-4eb3-abc1-3a5d01d5da03/container.db for volume DS-01df4767-c656-4eb3-abc1-3a5d01d5da03
2023-12-28 09:09:49,617 [3882d302-0766-4582-8526-483b5b0fafe4-EndpointStateMachineTaskThread-/0.0.0.0:15358-0 ] INFO  volume.ThrottledAsyncChecker (ThrottledAsyncChecker.java:schedule(141)) - Scheduling a check for /home/runner/work/ozone/ozone/hadoop-ozone/integration-test/target/test-dir/MiniOzoneClusterImpl-7619c237-1de6-4815-bbe2-f0b52dfbd5bc/datanode-3/data-0/containers/hdds
2023-12-28 09:09:49,617 [3882d302-0766-4582-8526-483b5b0fafe4-EndpointStateMachineTaskThread-/0.0.0.0:15358-0 ] INFO  volume.StorageVolumeChecker (StorageVolumeChecker.java:checkAllVolumes(218)) - Scheduled health check for volume /home/runner/work/ozone/ozone/hadoop-ozone/integration-test/target/test-dir/MiniOzoneClusterImpl-7619c237-1de6-4815-bbe2-f0b52dfbd5bc/datanode-3/data-0/containers/hdds
2023-12-28 09:09:49,619 [3882d302-0766-4582-8526-483b5b0fafe4-EndpointStateMachineTaskThread-/0.0.0.0:15358-0 ] INFO  volume.ThrottledAsyncChecker (ThrottledAsyncChecker.java:schedule(141)) - Scheduling a check for /home/runner/work/ozone/ozone/hadoop-ozone/integration-test/target/test-dir/MiniOzoneClusterImpl-7619c237-1de6-4815-bbe2-f0b52dfbd5bc/datanode-3/data/ratis
2023-12-28 09:09:49,619 [3882d302-0766-4582-8526-483b5b0fafe4-EndpointStateMachineTaskThread-/0.0.0.0:15358-0 ] INFO  volume.StorageVolumeChecker (StorageVolumeChecker.java:checkAllVolumes(218)) - Scheduled health check for volume /home/runner/work/ozone/ozone/hadoop-ozone/integration-test/target/test-dir/MiniOzoneClusterImpl-7619c237-1de6-4815-bbe2-f0b52dfbd5bc/datanode-3/data/ratis
2023-12-28 09:09:49,620 [3882d302-0766-4582-8526-483b5b0fafe4-EndpointStateMachineTaskThread-/0.0.0.0:15358-0 ] INFO  ozoneimpl.OzoneContainer (OzoneContainer.java:start(441)) - Attempting to start container services.
2023-12-28 09:09:49,620 [3882d302-0766-4582-8526-483b5b0fafe4-EndpointStateMachineTaskThread-/0.0.0.0:15358-0 ] INFO  ozoneimpl.OzoneContainer (OzoneContainer.java:startContainerScrub(337)) - Scheduled background container scanners and the on-demand container scanner have been disabled.
2023-12-28 09:09:49,623 [3882d302-0766-4582-8526-483b5b0fafe4-EndpointStateMachineTaskThread-/0.0.0.0:15358-0 ] INFO  replication.ReplicationServer (ReplicationServer.java:start(139)) - ReplicationServer is started using port 15399
2023-12-28 09:09:49,623 [3882d302-0766-4582-8526-483b5b0fafe4-EndpointStateMachineTaskThread-/0.0.0.0:15358-0 ] INFO  ratis.XceiverServerRatis (XceiverServerRatis.java:start(548)) - Starting XceiverServerRatis 3882d302-0766-4582-8526-483b5b0fafe4
2023-12-28 09:09:49,623 [3882d302-0766-4582-8526-483b5b0fafe4-EndpointStateMachineTaskThread-/0.0.0.0:15358-0 ] INFO  server.RaftServer (RaftServerProxy.java:startImpl(406)) - 3882d302-0766-4582-8526-483b5b0fafe4: start RPC server
2023-12-28 09:09:49,624 [3882d302-0766-4582-8526-483b5b0fafe4-EndpointStateMachineTaskThread-/0.0.0.0:15358-0 ] INFO  server.GrpcService (GrpcService.java:startImpl(302)) - 3882d302-0766-4582-8526-483b5b0fafe4: GrpcService started, listening on 15395
2023-12-28 09:09:49,624 [3882d302-0766-4582-8526-483b5b0fafe4-EndpointStateMachineTaskThread-/0.0.0.0:15358-0 ] INFO  server.GrpcService (GrpcService.java:startImpl(302)) - 3882d302-0766-4582-8526-483b5b0fafe4: GrpcService started, listening on 15397
2023-12-28 09:09:49,624 [3882d302-0766-4582-8526-483b5b0fafe4-EndpointStateMachineTaskThread-/0.0.0.0:15358-0 ] INFO  server.GrpcService (GrpcService.java:startImpl(302)) - 3882d302-0766-4582-8526-483b5b0fafe4: GrpcService started, listening on 15396
2023-12-28 09:09:49,634 [3882d302-0766-4582-8526-483b5b0fafe4-EndpointStateMachineTaskThread-/0.0.0.0:15358-0 ] INFO  ratis.XceiverServerRatis (XceiverServerRatis.java:getRealPort(574)) - XceiverServerRatis 3882d302-0766-4582-8526-483b5b0fafe4 is started using port 15395 for RATIS
2023-12-28 09:09:49,634 [JvmPauseMonitor49] INFO  util.JvmPauseMonitor (JvmPauseMonitor.java:run(146)) - JvmPauseMonitor-3882d302-0766-4582-8526-483b5b0fafe4: Started
2023-12-28 09:09:49,634 [3882d302-0766-4582-8526-483b5b0fafe4-EndpointStateMachineTaskThread-/0.0.0.0:15358-0 ] INFO  ratis.XceiverServerRatis (XceiverServerRatis.java:getRealPort(574)) - XceiverServerRatis 3882d302-0766-4582-8526-483b5b0fafe4 is started using port 15396 for RATIS_ADMIN
2023-12-28 09:09:49,635 [3882d302-0766-4582-8526-483b5b0fafe4-EndpointStateMachineTaskThread-/0.0.0.0:15358-0 ] INFO  ratis.XceiverServerRatis (XceiverServerRatis.java:getRealPort(574)) - XceiverServerRatis 3882d302-0766-4582-8526-483b5b0fafe4 is started using port 15397 for RATIS_SERVER
2023-12-28 09:09:49,635 [3882d302-0766-4582-8526-483b5b0fafe4-EndpointStateMachineTaskThread-/0.0.0.0:15358-0 ] INFO  ratis.XceiverServerRatis (XceiverServerRatis.java:getRealPort(574)) - XceiverServerRatis 3882d302-0766-4582-8526-483b5b0fafe4 is started using port 15398 for RATIS_DATASTREAM
2023-12-28 09:09:49,639 [3882d302-0766-4582-8526-483b5b0fafe4-BlockDeletingService#0] INFO  interfaces.ContainerDeletionChoosingPolicyTemplate (ContainerDeletionChoosingPolicyTemplate.java:chooseContainerForBlockDeletion(85)) - Chosen 0/5000 blocks from 0 candidate containers.
2023-12-28 09:09:49,711 [42fe86c5-ef4c-4426-bfd8-a8401ddf98d5-EndpointStateMachineTaskThread-/0.0.0.0:15358-0 ] INFO  utils.DatanodeStoreCache (DatanodeStoreCache.java:addDB(66)) - Added db /home/runner/work/ozone/ozone/hadoop-ozone/integration-test/target/test-dir/MiniOzoneClusterImpl-7619c237-1de6-4815-bbe2-f0b52dfbd5bc/datanode-4/data-0/containers/hdds/7619c237-1de6-4815-bbe2-f0b52dfbd5bc/DS-14eebaae-2f2c-4e8b-9bae-3f9c511ec4b7/container.db to cache
2023-12-28 09:09:49,711 [42fe86c5-ef4c-4426-bfd8-a8401ddf98d5-EndpointStateMachineTaskThread-/0.0.0.0:15358-0 ] INFO  volume.HddsVolume (HddsVolume.java:createDbStore(422)) - SchemaV3 db is created and loaded at /home/runner/work/ozone/ozone/hadoop-ozone/integration-test/target/test-dir/MiniOzoneClusterImpl-7619c237-1de6-4815-bbe2-f0b52dfbd5bc/datanode-4/data-0/containers/hdds/7619c237-1de6-4815-bbe2-f0b52dfbd5bc/DS-14eebaae-2f2c-4e8b-9bae-3f9c511ec4b7/container.db for volume DS-14eebaae-2f2c-4e8b-9bae-3f9c511ec4b7
2023-12-28 09:09:49,712 [42fe86c5-ef4c-4426-bfd8-a8401ddf98d5-EndpointStateMachineTaskThread-/0.0.0.0:15358-0 ] INFO  volume.ThrottledAsyncChecker (ThrottledAsyncChecker.java:schedule(141)) - Scheduling a check for /home/runner/work/ozone/ozone/hadoop-ozone/integration-test/target/test-dir/MiniOzoneClusterImpl-7619c237-1de6-4815-bbe2-f0b52dfbd5bc/datanode-4/data-0/containers/hdds
2023-12-28 09:09:49,712 [42fe86c5-ef4c-4426-bfd8-a8401ddf98d5-EndpointStateMachineTaskThread-/0.0.0.0:15358-0 ] INFO  volume.StorageVolumeChecker (StorageVolumeChecker.java:checkAllVolumes(218)) - Scheduled health check for volume /home/runner/work/ozone/ozone/hadoop-ozone/integration-test/target/test-dir/MiniOzoneClusterImpl-7619c237-1de6-4815-bbe2-f0b52dfbd5bc/datanode-4/data-0/containers/hdds
2023-12-28 09:09:49,714 [42fe86c5-ef4c-4426-bfd8-a8401ddf98d5-EndpointStateMachineTaskThread-/0.0.0.0:15358-0 ] INFO  volume.ThrottledAsyncChecker (ThrottledAsyncChecker.java:schedule(141)) - Scheduling a check for /home/runner/work/ozone/ozone/hadoop-ozone/integration-test/target/test-dir/MiniOzoneClusterImpl-7619c237-1de6-4815-bbe2-f0b52dfbd5bc/datanode-4/data/ratis
2023-12-28 09:09:49,714 [42fe86c5-ef4c-4426-bfd8-a8401ddf98d5-EndpointStateMachineTaskThread-/0.0.0.0:15358-0 ] INFO  volume.StorageVolumeChecker (StorageVolumeChecker.java:checkAllVolumes(218)) - Scheduled health check for volume /home/runner/work/ozone/ozone/hadoop-ozone/integration-test/target/test-dir/MiniOzoneClusterImpl-7619c237-1de6-4815-bbe2-f0b52dfbd5bc/datanode-4/data/ratis
2023-12-28 09:09:49,714 [42fe86c5-ef4c-4426-bfd8-a8401ddf98d5-EndpointStateMachineTaskThread-/0.0.0.0:15358-0 ] INFO  ozoneimpl.OzoneContainer (OzoneContainer.java:start(441)) - Attempting to start container services.
2023-12-28 09:09:49,715 [42fe86c5-ef4c-4426-bfd8-a8401ddf98d5-EndpointStateMachineTaskThread-/0.0.0.0:15358-0 ] INFO  ozoneimpl.OzoneContainer (OzoneContainer.java:startContainerScrub(337)) - Scheduled background container scanners and the on-demand container scanner have been disabled.
2023-12-28 09:09:49,715 [42fe86c5-ef4c-4426-bfd8-a8401ddf98d5-EndpointStateMachineTaskThread-/0.0.0.0:15358-0 ] INFO  replication.ReplicationServer (ReplicationServer.java:start(139)) - ReplicationServer is started using port 15408
2023-12-28 09:09:49,715 [42fe86c5-ef4c-4426-bfd8-a8401ddf98d5-EndpointStateMachineTaskThread-/0.0.0.0:15358-0 ] INFO  ratis.XceiverServerRatis (XceiverServerRatis.java:start(548)) - Starting XceiverServerRatis 42fe86c5-ef4c-4426-bfd8-a8401ddf98d5
2023-12-28 09:09:49,715 [42fe86c5-ef4c-4426-bfd8-a8401ddf98d5-EndpointStateMachineTaskThread-/0.0.0.0:15358-0 ] INFO  server.RaftServer (RaftServerProxy.java:startImpl(406)) - 42fe86c5-ef4c-4426-bfd8-a8401ddf98d5: start RPC server
2023-12-28 09:09:49,715 [42fe86c5-ef4c-4426-bfd8-a8401ddf98d5-EndpointStateMachineTaskThread-/0.0.0.0:15358-0 ] INFO  server.GrpcService (GrpcService.java:startImpl(302)) - 42fe86c5-ef4c-4426-bfd8-a8401ddf98d5: GrpcService started, listening on 15404
2023-12-28 09:09:49,715 [42fe86c5-ef4c-4426-bfd8-a8401ddf98d5-EndpointStateMachineTaskThread-/0.0.0.0:15358-0 ] INFO  server.GrpcService (GrpcService.java:startImpl(302)) - 42fe86c5-ef4c-4426-bfd8-a8401ddf98d5: GrpcService started, listening on 15406
2023-12-28 09:09:49,716 [42fe86c5-ef4c-4426-bfd8-a8401ddf98d5-EndpointStateMachineTaskThread-/0.0.0.0:15358-0 ] INFO  server.GrpcService (GrpcService.java:startImpl(302)) - 42fe86c5-ef4c-4426-bfd8-a8401ddf98d5: GrpcService started, listening on 15405
2023-12-28 09:09:49,716 [42fe86c5-ef4c-4426-bfd8-a8401ddf98d5-EndpointStateMachineTaskThread-/0.0.0.0:15358-0 ] INFO  ratis.XceiverServerRatis (XceiverServerRatis.java:getRealPort(574)) - XceiverServerRatis 42fe86c5-ef4c-4426-bfd8-a8401ddf98d5 is started using port 15404 for RATIS
2023-12-28 09:09:49,716 [JvmPauseMonitor50] INFO  util.JvmPauseMonitor (JvmPauseMonitor.java:run(146)) - JvmPauseMonitor-42fe86c5-ef4c-4426-bfd8-a8401ddf98d5: Started
2023-12-28 09:09:49,716 [42fe86c5-ef4c-4426-bfd8-a8401ddf98d5-EndpointStateMachineTaskThread-/0.0.0.0:15358-0 ] INFO  ratis.XceiverServerRatis (XceiverServerRatis.java:getRealPort(574)) - XceiverServerRatis 42fe86c5-ef4c-4426-bfd8-a8401ddf98d5 is started using port 15405 for RATIS_ADMIN
2023-12-28 09:09:49,716 [42fe86c5-ef4c-4426-bfd8-a8401ddf98d5-EndpointStateMachineTaskThread-/0.0.0.0:15358-0 ] INFO  ratis.XceiverServerRatis (XceiverServerRatis.java:getRealPort(574)) - XceiverServerRatis 42fe86c5-ef4c-4426-bfd8-a8401ddf98d5 is started using port 15406 for RATIS_SERVER
2023-12-28 09:09:49,716 [42fe86c5-ef4c-4426-bfd8-a8401ddf98d5-EndpointStateMachineTaskThread-/0.0.0.0:15358-0 ] INFO  ratis.XceiverServerRatis (XceiverServerRatis.java:getRealPort(574)) - XceiverServerRatis 42fe86c5-ef4c-4426-bfd8-a8401ddf98d5 is started using port 15407 for RATIS_DATASTREAM
2023-12-28 09:09:49,717 [42fe86c5-ef4c-4426-bfd8-a8401ddf98d5-BlockDeletingService#0] INFO  interfaces.ContainerDeletionChoosingPolicyTemplate (ContainerDeletionChoosingPolicyTemplate.java:chooseContainerForBlockDeletion(85)) - Chosen 0/5000 blocks from 0 candidate containers.
2023-12-28 09:09:49,828 [31ca3cec-ca1e-4771-b2d4-3cf5bbdf2d7e-EndpointStateMachineTaskThread-/0.0.0.0:15358-0 ] INFO  utils.DatanodeStoreCache (DatanodeStoreCache.java:addDB(66)) - Added db /home/runner/work/ozone/ozone/hadoop-ozone/integration-test/target/test-dir/MiniOzoneClusterImpl-7619c237-1de6-4815-bbe2-f0b52dfbd5bc/datanode-5/data-0/containers/hdds/7619c237-1de6-4815-bbe2-f0b52dfbd5bc/DS-d2e05322-e942-49e6-a62c-97f4536d2238/container.db to cache
2023-12-28 09:09:49,828 [31ca3cec-ca1e-4771-b2d4-3cf5bbdf2d7e-EndpointStateMachineTaskThread-/0.0.0.0:15358-0 ] INFO  volume.HddsVolume (HddsVolume.java:createDbStore(422)) - SchemaV3 db is created and loaded at /home/runner/work/ozone/ozone/hadoop-ozone/integration-test/target/test-dir/MiniOzoneClusterImpl-7619c237-1de6-4815-bbe2-f0b52dfbd5bc/datanode-5/data-0/containers/hdds/7619c237-1de6-4815-bbe2-f0b52dfbd5bc/DS-d2e05322-e942-49e6-a62c-97f4536d2238/container.db for volume DS-d2e05322-e942-49e6-a62c-97f4536d2238
2023-12-28 09:09:49,830 [31ca3cec-ca1e-4771-b2d4-3cf5bbdf2d7e-EndpointStateMachineTaskThread-/0.0.0.0:15358-0 ] INFO  volume.ThrottledAsyncChecker (ThrottledAsyncChecker.java:schedule(141)) - Scheduling a check for /home/runner/work/ozone/ozone/hadoop-ozone/integration-test/target/test-dir/MiniOzoneClusterImpl-7619c237-1de6-4815-bbe2-f0b52dfbd5bc/datanode-5/data-0/containers/hdds
2023-12-28 09:09:49,830 [31ca3cec-ca1e-4771-b2d4-3cf5bbdf2d7e-EndpointStateMachineTaskThread-/0.0.0.0:15358-0 ] INFO  volume.StorageVolumeChecker (StorageVolumeChecker.java:checkAllVolumes(218)) - Scheduled health check for volume /home/runner/work/ozone/ozone/hadoop-ozone/integration-test/target/test-dir/MiniOzoneClusterImpl-7619c237-1de6-4815-bbe2-f0b52dfbd5bc/datanode-5/data-0/containers/hdds
2023-12-28 09:09:49,832 [31ca3cec-ca1e-4771-b2d4-3cf5bbdf2d7e-EndpointStateMachineTaskThread-/0.0.0.0:15358-0 ] INFO  volume.ThrottledAsyncChecker (ThrottledAsyncChecker.java:schedule(141)) - Scheduling a check for /home/runner/work/ozone/ozone/hadoop-ozone/integration-test/target/test-dir/MiniOzoneClusterImpl-7619c237-1de6-4815-bbe2-f0b52dfbd5bc/datanode-5/data/ratis
2023-12-28 09:09:49,832 [31ca3cec-ca1e-4771-b2d4-3cf5bbdf2d7e-EndpointStateMachineTaskThread-/0.0.0.0:15358-0 ] INFO  volume.StorageVolumeChecker (StorageVolumeChecker.java:checkAllVolumes(218)) - Scheduled health check for volume /home/runner/work/ozone/ozone/hadoop-ozone/integration-test/target/test-dir/MiniOzoneClusterImpl-7619c237-1de6-4815-bbe2-f0b52dfbd5bc/datanode-5/data/ratis
2023-12-28 09:09:49,832 [31ca3cec-ca1e-4771-b2d4-3cf5bbdf2d7e-EndpointStateMachineTaskThread-/0.0.0.0:15358-0 ] INFO  ozoneimpl.OzoneContainer (OzoneContainer.java:start(441)) - Attempting to start container services.
2023-12-28 09:09:49,833 [31ca3cec-ca1e-4771-b2d4-3cf5bbdf2d7e-EndpointStateMachineTaskThread-/0.0.0.0:15358-0 ] INFO  ozoneimpl.OzoneContainer (OzoneContainer.java:startContainerScrub(337)) - Scheduled background container scanners and the on-demand container scanner have been disabled.
2023-12-28 09:09:49,833 [31ca3cec-ca1e-4771-b2d4-3cf5bbdf2d7e-EndpointStateMachineTaskThread-/0.0.0.0:15358-0 ] INFO  replication.ReplicationServer (ReplicationServer.java:start(139)) - ReplicationServer is started using port 15417
2023-12-28 09:09:49,833 [31ca3cec-ca1e-4771-b2d4-3cf5bbdf2d7e-EndpointStateMachineTaskThread-/0.0.0.0:15358-0 ] INFO  ratis.XceiverServerRatis (XceiverServerRatis.java:start(548)) - Starting XceiverServerRatis 31ca3cec-ca1e-4771-b2d4-3cf5bbdf2d7e
2023-12-28 09:09:49,834 [31ca3cec-ca1e-4771-b2d4-3cf5bbdf2d7e-EndpointStateMachineTaskThread-/0.0.0.0:15358-0 ] INFO  server.RaftServer (RaftServerProxy.java:startImpl(406)) - 31ca3cec-ca1e-4771-b2d4-3cf5bbdf2d7e: start RPC server
2023-12-28 09:09:49,835 [31ca3cec-ca1e-4771-b2d4-3cf5bbdf2d7e-EndpointStateMachineTaskThread-/0.0.0.0:15358-0 ] INFO  server.GrpcService (GrpcService.java:startImpl(302)) - 31ca3cec-ca1e-4771-b2d4-3cf5bbdf2d7e: GrpcService started, listening on 15413
2023-12-28 09:09:49,835 [31ca3cec-ca1e-4771-b2d4-3cf5bbdf2d7e-EndpointStateMachineTaskThread-/0.0.0.0:15358-0 ] INFO  server.GrpcService (GrpcService.java:startImpl(302)) - 31ca3cec-ca1e-4771-b2d4-3cf5bbdf2d7e: GrpcService started, listening on 15415
2023-12-28 09:09:49,835 [31ca3cec-ca1e-4771-b2d4-3cf5bbdf2d7e-EndpointStateMachineTaskThread-/0.0.0.0:15358-0 ] INFO  server.GrpcService (GrpcService.java:startImpl(302)) - 31ca3cec-ca1e-4771-b2d4-3cf5bbdf2d7e: GrpcService started, listening on 15414
2023-12-28 09:09:49,835 [31ca3cec-ca1e-4771-b2d4-3cf5bbdf2d7e-EndpointStateMachineTaskThread-/0.0.0.0:15358-0 ] INFO  ratis.XceiverServerRatis (XceiverServerRatis.java:getRealPort(574)) - XceiverServerRatis 31ca3cec-ca1e-4771-b2d4-3cf5bbdf2d7e is started using port 15413 for RATIS
2023-12-28 09:09:49,835 [31ca3cec-ca1e-4771-b2d4-3cf5bbdf2d7e-EndpointStateMachineTaskThread-/0.0.0.0:15358-0 ] INFO  ratis.XceiverServerRatis (XceiverServerRatis.java:getRealPort(574)) - XceiverServerRatis 31ca3cec-ca1e-4771-b2d4-3cf5bbdf2d7e is started using port 15414 for RATIS_ADMIN
2023-12-28 09:09:49,835 [31ca3cec-ca1e-4771-b2d4-3cf5bbdf2d7e-EndpointStateMachineTaskThread-/0.0.0.0:15358-0 ] INFO  ratis.XceiverServerRatis (XceiverServerRatis.java:getRealPort(574)) - XceiverServerRatis 31ca3cec-ca1e-4771-b2d4-3cf5bbdf2d7e is started using port 15415 for RATIS_SERVER
2023-12-28 09:09:49,835 [31ca3cec-ca1e-4771-b2d4-3cf5bbdf2d7e-EndpointStateMachineTaskThread-/0.0.0.0:15358-0 ] INFO  ratis.XceiverServerRatis (XceiverServerRatis.java:getRealPort(574)) - XceiverServerRatis 31ca3cec-ca1e-4771-b2d4-3cf5bbdf2d7e is started using port 15416 for RATIS_DATASTREAM
2023-12-28 09:09:49,835 [JvmPauseMonitor51] INFO  util.JvmPauseMonitor (JvmPauseMonitor.java:run(146)) - JvmPauseMonitor-31ca3cec-ca1e-4771-b2d4-3cf5bbdf2d7e: Started
2023-12-28 09:09:49,836 [31ca3cec-ca1e-4771-b2d4-3cf5bbdf2d7e-BlockDeletingService#0] INFO  interfaces.ContainerDeletionChoosingPolicyTemplate (ContainerDeletionChoosingPolicyTemplate.java:chooseContainerForBlockDeletion(85)) - Chosen 0/5000 blocks from 0 candidate containers.
2023-12-28 09:09:49,920 [4a7d4f9e-b840-4b9b-8b00-1e8f80dcf0e2-EndpointStateMachineTaskThread-/0.0.0.0:15358-0 ] INFO  utils.DatanodeStoreCache (DatanodeStoreCache.java:addDB(66)) - Added db /home/runner/work/ozone/ozone/hadoop-ozone/integration-test/target/test-dir/MiniOzoneClusterImpl-7619c237-1de6-4815-bbe2-f0b52dfbd5bc/datanode-6/data-0/containers/hdds/7619c237-1de6-4815-bbe2-f0b52dfbd5bc/DS-f3ee87f7-7c2b-4cd0-8c3f-29ea1385fdf7/container.db to cache
2023-12-28 09:09:49,920 [4a7d4f9e-b840-4b9b-8b00-1e8f80dcf0e2-EndpointStateMachineTaskThread-/0.0.0.0:15358-0 ] INFO  volume.HddsVolume (HddsVolume.java:createDbStore(422)) - SchemaV3 db is created and loaded at /home/runner/work/ozone/ozone/hadoop-ozone/integration-test/target/test-dir/MiniOzoneClusterImpl-7619c237-1de6-4815-bbe2-f0b52dfbd5bc/datanode-6/data-0/containers/hdds/7619c237-1de6-4815-bbe2-f0b52dfbd5bc/DS-f3ee87f7-7c2b-4cd0-8c3f-29ea1385fdf7/container.db for volume DS-f3ee87f7-7c2b-4cd0-8c3f-29ea1385fdf7
2023-12-28 09:09:49,921 [4a7d4f9e-b840-4b9b-8b00-1e8f80dcf0e2-EndpointStateMachineTaskThread-/0.0.0.0:15358-0 ] INFO  volume.ThrottledAsyncChecker (ThrottledAsyncChecker.java:schedule(141)) - Scheduling a check for /home/runner/work/ozone/ozone/hadoop-ozone/integration-test/target/test-dir/MiniOzoneClusterImpl-7619c237-1de6-4815-bbe2-f0b52dfbd5bc/datanode-6/data-0/containers/hdds
2023-12-28 09:09:49,921 [4a7d4f9e-b840-4b9b-8b00-1e8f80dcf0e2-EndpointStateMachineTaskThread-/0.0.0.0:15358-0 ] INFO  volume.StorageVolumeChecker (StorageVolumeChecker.java:checkAllVolumes(218)) - Scheduled health check for volume /home/runner/work/ozone/ozone/hadoop-ozone/integration-test/target/test-dir/MiniOzoneClusterImpl-7619c237-1de6-4815-bbe2-f0b52dfbd5bc/datanode-6/data-0/containers/hdds
2023-12-28 09:09:49,923 [4a7d4f9e-b840-4b9b-8b00-1e8f80dcf0e2-EndpointStateMachineTaskThread-/0.0.0.0:15358-0 ] INFO  volume.ThrottledAsyncChecker (ThrottledAsyncChecker.java:schedule(141)) - Scheduling a check for /home/runner/work/ozone/ozone/hadoop-ozone/integration-test/target/test-dir/MiniOzoneClusterImpl-7619c237-1de6-4815-bbe2-f0b52dfbd5bc/datanode-6/data/ratis
2023-12-28 09:09:49,923 [4a7d4f9e-b840-4b9b-8b00-1e8f80dcf0e2-EndpointStateMachineTaskThread-/0.0.0.0:15358-0 ] INFO  volume.StorageVolumeChecker (StorageVolumeChecker.java:checkAllVolumes(218)) - Scheduled health check for volume /home/runner/work/ozone/ozone/hadoop-ozone/integration-test/target/test-dir/MiniOzoneClusterImpl-7619c237-1de6-4815-bbe2-f0b52dfbd5bc/datanode-6/data/ratis
2023-12-28 09:09:49,926 [4a7d4f9e-b840-4b9b-8b00-1e8f80dcf0e2-EndpointStateMachineTaskThread-/0.0.0.0:15358-0 ] INFO  ozoneimpl.OzoneContainer (OzoneContainer.java:start(441)) - Attempting to start container services.
2023-12-28 09:09:49,927 [4a7d4f9e-b840-4b9b-8b00-1e8f80dcf0e2-EndpointStateMachineTaskThread-/0.0.0.0:15358-0 ] INFO  ozoneimpl.OzoneContainer (OzoneContainer.java:startContainerScrub(337)) - Scheduled background container scanners and the on-demand container scanner have been disabled.
2023-12-28 09:09:49,927 [4a7d4f9e-b840-4b9b-8b00-1e8f80dcf0e2-EndpointStateMachineTaskThread-/0.0.0.0:15358-0 ] INFO  replication.ReplicationServer (ReplicationServer.java:start(139)) - ReplicationServer is started using port 15426
2023-12-28 09:09:49,927 [4a7d4f9e-b840-4b9b-8b00-1e8f80dcf0e2-EndpointStateMachineTaskThread-/0.0.0.0:15358-0 ] INFO  ratis.XceiverServerRatis (XceiverServerRatis.java:start(548)) - Starting XceiverServerRatis 4a7d4f9e-b840-4b9b-8b00-1e8f80dcf0e2
2023-12-28 09:09:49,927 [4a7d4f9e-b840-4b9b-8b00-1e8f80dcf0e2-EndpointStateMachineTaskThread-/0.0.0.0:15358-0 ] INFO  server.RaftServer (RaftServerProxy.java:startImpl(406)) - 4a7d4f9e-b840-4b9b-8b00-1e8f80dcf0e2: start RPC server
2023-12-28 09:09:49,928 [4a7d4f9e-b840-4b9b-8b00-1e8f80dcf0e2-EndpointStateMachineTaskThread-/0.0.0.0:15358-0 ] INFO  server.GrpcService (GrpcService.java:startImpl(302)) - 4a7d4f9e-b840-4b9b-8b00-1e8f80dcf0e2: GrpcService started, listening on 15422
2023-12-28 09:09:49,928 [4a7d4f9e-b840-4b9b-8b00-1e8f80dcf0e2-EndpointStateMachineTaskThread-/0.0.0.0:15358-0 ] INFO  server.GrpcService (GrpcService.java:startImpl(302)) - 4a7d4f9e-b840-4b9b-8b00-1e8f80dcf0e2: GrpcService started, listening on 15424
2023-12-28 09:09:49,928 [4a7d4f9e-b840-4b9b-8b00-1e8f80dcf0e2-EndpointStateMachineTaskThread-/0.0.0.0:15358-0 ] INFO  server.GrpcService (GrpcService.java:startImpl(302)) - 4a7d4f9e-b840-4b9b-8b00-1e8f80dcf0e2: GrpcService started, listening on 15423
2023-12-28 09:09:49,928 [4a7d4f9e-b840-4b9b-8b00-1e8f80dcf0e2-EndpointStateMachineTaskThread-/0.0.0.0:15358-0 ] INFO  ratis.XceiverServerRatis (XceiverServerRatis.java:getRealPort(574)) - XceiverServerRatis 4a7d4f9e-b840-4b9b-8b00-1e8f80dcf0e2 is started using port 15422 for RATIS
2023-12-28 09:09:49,928 [JvmPauseMonitor52] INFO  util.JvmPauseMonitor (JvmPauseMonitor.java:run(146)) - JvmPauseMonitor-4a7d4f9e-b840-4b9b-8b00-1e8f80dcf0e2: Started
2023-12-28 09:09:49,928 [4a7d4f9e-b840-4b9b-8b00-1e8f80dcf0e2-EndpointStateMachineTaskThread-/0.0.0.0:15358-0 ] INFO  ratis.XceiverServerRatis (XceiverServerRatis.java:getRealPort(574)) - XceiverServerRatis 4a7d4f9e-b840-4b9b-8b00-1e8f80dcf0e2 is started using port 15423 for RATIS_ADMIN
2023-12-28 09:09:49,928 [4a7d4f9e-b840-4b9b-8b00-1e8f80dcf0e2-EndpointStateMachineTaskThread-/0.0.0.0:15358-0 ] INFO  ratis.XceiverServerRatis (XceiverServerRatis.java:getRealPort(574)) - XceiverServerRatis 4a7d4f9e-b840-4b9b-8b00-1e8f80dcf0e2 is started using port 15424 for RATIS_SERVER
2023-12-28 09:09:49,928 [4a7d4f9e-b840-4b9b-8b00-1e8f80dcf0e2-EndpointStateMachineTaskThread-/0.0.0.0:15358-0 ] INFO  ratis.XceiverServerRatis (XceiverServerRatis.java:getRealPort(574)) - XceiverServerRatis 4a7d4f9e-b840-4b9b-8b00-1e8f80dcf0e2 is started using port 15425 for RATIS_DATASTREAM
2023-12-28 09:09:49,929 [4a7d4f9e-b840-4b9b-8b00-1e8f80dcf0e2-BlockDeletingService#0] INFO  interfaces.ContainerDeletionChoosingPolicyTemplate (ContainerDeletionChoosingPolicyTemplate.java:chooseContainerForBlockDeletion(85)) - Chosen 0/5000 blocks from 0 candidate containers.
2023-12-28 09:09:50,020 [21dfb426-80a6-430d-8df8-fa8e3a5d9897-EndpointStateMachineTaskThread-/0.0.0.0:15358-0 ] INFO  utils.DatanodeStoreCache (DatanodeStoreCache.java:addDB(66)) - Added db /home/runner/work/ozone/ozone/hadoop-ozone/integration-test/target/test-dir/MiniOzoneClusterImpl-7619c237-1de6-4815-bbe2-f0b52dfbd5bc/datanode-7/data-0/containers/hdds/7619c237-1de6-4815-bbe2-f0b52dfbd5bc/DS-80f051f4-7a51-4a01-ac7e-57e526cb75f1/container.db to cache
2023-12-28 09:09:50,020 [21dfb426-80a6-430d-8df8-fa8e3a5d9897-EndpointStateMachineTaskThread-/0.0.0.0:15358-0 ] INFO  volume.HddsVolume (HddsVolume.java:createDbStore(422)) - SchemaV3 db is created and loaded at /home/runner/work/ozone/ozone/hadoop-ozone/integration-test/target/test-dir/MiniOzoneClusterImpl-7619c237-1de6-4815-bbe2-f0b52dfbd5bc/datanode-7/data-0/containers/hdds/7619c237-1de6-4815-bbe2-f0b52dfbd5bc/DS-80f051f4-7a51-4a01-ac7e-57e526cb75f1/container.db for volume DS-80f051f4-7a51-4a01-ac7e-57e526cb75f1
2023-12-28 09:09:50,022 [21dfb426-80a6-430d-8df8-fa8e3a5d9897-EndpointStateMachineTaskThread-/0.0.0.0:15358-0 ] INFO  volume.ThrottledAsyncChecker (ThrottledAsyncChecker.java:schedule(141)) - Scheduling a check for /home/runner/work/ozone/ozone/hadoop-ozone/integration-test/target/test-dir/MiniOzoneClusterImpl-7619c237-1de6-4815-bbe2-f0b52dfbd5bc/datanode-7/data-0/containers/hdds
2023-12-28 09:09:50,022 [21dfb426-80a6-430d-8df8-fa8e3a5d9897-EndpointStateMachineTaskThread-/0.0.0.0:15358-0 ] INFO  volume.StorageVolumeChecker (StorageVolumeChecker.java:checkAllVolumes(218)) - Scheduled health check for volume /home/runner/work/ozone/ozone/hadoop-ozone/integration-test/target/test-dir/MiniOzoneClusterImpl-7619c237-1de6-4815-bbe2-f0b52dfbd5bc/datanode-7/data-0/containers/hdds
2023-12-28 09:09:50,023 [21dfb426-80a6-430d-8df8-fa8e3a5d9897-EndpointStateMachineTaskThread-/0.0.0.0:15358-0 ] INFO  volume.ThrottledAsyncChecker (ThrottledAsyncChecker.java:schedule(141)) - Scheduling a check for /home/runner/work/ozone/ozone/hadoop-ozone/integration-test/target/test-dir/MiniOzoneClusterImpl-7619c237-1de6-4815-bbe2-f0b52dfbd5bc/datanode-7/data/ratis
2023-12-28 09:09:50,023 [21dfb426-80a6-430d-8df8-fa8e3a5d9897-EndpointStateMachineTaskThread-/0.0.0.0:15358-0 ] INFO  volume.StorageVolumeChecker (StorageVolumeChecker.java:checkAllVolumes(218)) - Scheduled health check for volume /home/runner/work/ozone/ozone/hadoop-ozone/integration-test/target/test-dir/MiniOzoneClusterImpl-7619c237-1de6-4815-bbe2-f0b52dfbd5bc/datanode-7/data/ratis
2023-12-28 09:09:50,024 [21dfb426-80a6-430d-8df8-fa8e3a5d9897-EndpointStateMachineTaskThread-/0.0.0.0:15358-0 ] INFO  ozoneimpl.OzoneContainer (OzoneContainer.java:start(441)) - Attempting to start container services.
2023-12-28 09:09:50,024 [21dfb426-80a6-430d-8df8-fa8e3a5d9897-EndpointStateMachineTaskThread-/0.0.0.0:15358-0 ] INFO  ozoneimpl.OzoneContainer (OzoneContainer.java:startContainerScrub(337)) - Scheduled background container scanners and the on-demand container scanner have been disabled.
2023-12-28 09:09:50,024 [21dfb426-80a6-430d-8df8-fa8e3a5d9897-EndpointStateMachineTaskThread-/0.0.0.0:15358-0 ] INFO  replication.ReplicationServer (ReplicationServer.java:start(139)) - ReplicationServer is started using port 15435
2023-12-28 09:09:50,024 [21dfb426-80a6-430d-8df8-fa8e3a5d9897-EndpointStateMachineTaskThread-/0.0.0.0:15358-0 ] INFO  ratis.XceiverServerRatis (XceiverServerRatis.java:start(548)) - Starting XceiverServerRatis 21dfb426-80a6-430d-8df8-fa8e3a5d9897
2023-12-28 09:09:50,025 [21dfb426-80a6-430d-8df8-fa8e3a5d9897-EndpointStateMachineTaskThread-/0.0.0.0:15358-0 ] INFO  server.RaftServer (RaftServerProxy.java:startImpl(406)) - 21dfb426-80a6-430d-8df8-fa8e3a5d9897: start RPC server
2023-12-28 09:09:50,025 [21dfb426-80a6-430d-8df8-fa8e3a5d9897-EndpointStateMachineTaskThread-/0.0.0.0:15358-0 ] INFO  server.GrpcService (GrpcService.java:startImpl(302)) - 21dfb426-80a6-430d-8df8-fa8e3a5d9897: GrpcService started, listening on 15431
2023-12-28 09:09:50,025 [21dfb426-80a6-430d-8df8-fa8e3a5d9897-EndpointStateMachineTaskThread-/0.0.0.0:15358-0 ] INFO  server.GrpcService (GrpcService.java:startImpl(302)) - 21dfb426-80a6-430d-8df8-fa8e3a5d9897: GrpcService started, listening on 15433
2023-12-28 09:09:50,025 [21dfb426-80a6-430d-8df8-fa8e3a5d9897-EndpointStateMachineTaskThread-/0.0.0.0:15358-0 ] INFO  server.GrpcService (GrpcService.java:startImpl(302)) - 21dfb426-80a6-430d-8df8-fa8e3a5d9897: GrpcService started, listening on 15432
2023-12-28 09:09:50,025 [21dfb426-80a6-430d-8df8-fa8e3a5d9897-EndpointStateMachineTaskThread-/0.0.0.0:15358-0 ] INFO  ratis.XceiverServerRatis (XceiverServerRatis.java:getRealPort(574)) - XceiverServerRatis 21dfb426-80a6-430d-8df8-fa8e3a5d9897 is started using port 15431 for RATIS
2023-12-28 09:09:50,025 [JvmPauseMonitor53] INFO  util.JvmPauseMonitor (JvmPauseMonitor.java:run(146)) - JvmPauseMonitor-21dfb426-80a6-430d-8df8-fa8e3a5d9897: Started
2023-12-28 09:09:50,025 [21dfb426-80a6-430d-8df8-fa8e3a5d9897-EndpointStateMachineTaskThread-/0.0.0.0:15358-0 ] INFO  ratis.XceiverServerRatis (XceiverServerRatis.java:getRealPort(574)) - XceiverServerRatis 21dfb426-80a6-430d-8df8-fa8e3a5d9897 is started using port 15432 for RATIS_ADMIN
2023-12-28 09:09:50,025 [21dfb426-80a6-430d-8df8-fa8e3a5d9897-EndpointStateMachineTaskThread-/0.0.0.0:15358-0 ] INFO  ratis.XceiverServerRatis (XceiverServerRatis.java:getRealPort(574)) - XceiverServerRatis 21dfb426-80a6-430d-8df8-fa8e3a5d9897 is started using port 15433 for RATIS_SERVER
2023-12-28 09:09:50,025 [21dfb426-80a6-430d-8df8-fa8e3a5d9897-EndpointStateMachineTaskThread-/0.0.0.0:15358-0 ] INFO  ratis.XceiverServerRatis (XceiverServerRatis.java:getRealPort(574)) - XceiverServerRatis 21dfb426-80a6-430d-8df8-fa8e3a5d9897 is started using port 15434 for RATIS_DATASTREAM
2023-12-28 09:09:50,026 [21dfb426-80a6-430d-8df8-fa8e3a5d9897-BlockDeletingService#0] INFO  interfaces.ContainerDeletionChoosingPolicyTemplate (ContainerDeletionChoosingPolicyTemplate.java:chooseContainerForBlockDeletion(85)) - Chosen 0/5000 blocks from 0 candidate containers.
2023-12-28 09:09:50,090 [main] INFO  ozone.MiniOzoneClusterImpl (MiniOzoneClusterImpl.java:lambda$waitForClusterToBeReady$0(230)) - Waiting for nodes to be ready. Got 0 of 9 DN Heartbeats.
2023-12-28 09:09:50,090 [main] INFO  ozone.MiniOzoneClusterImpl (MiniOzoneClusterImpl.java:lambda$waitForClusterToBeReady$0(233)) - Waiting for cluster to exit safe mode
2023-12-28 09:09:50,090 [main] INFO  ozone.MiniOzoneClusterImpl (MiniOzoneClusterImpl.java:lambda$waitForClusterToBeReady$0(235)) - SCM became leader
2023-12-28 09:09:50,114 [ebae719b-f625-4368-8547-482f3752b4ca-EndpointStateMachineTaskThread-/0.0.0.0:15358-0 ] INFO  utils.DatanodeStoreCache (DatanodeStoreCache.java:addDB(66)) - Added db /home/runner/work/ozone/ozone/hadoop-ozone/integration-test/target/test-dir/MiniOzoneClusterImpl-7619c237-1de6-4815-bbe2-f0b52dfbd5bc/datanode-8/data-0/containers/hdds/7619c237-1de6-4815-bbe2-f0b52dfbd5bc/DS-93b2a42a-1ab3-4f0f-9d13-72f7269aff3d/container.db to cache
2023-12-28 09:09:50,114 [ebae719b-f625-4368-8547-482f3752b4ca-EndpointStateMachineTaskThread-/0.0.0.0:15358-0 ] INFO  volume.HddsVolume (HddsVolume.java:createDbStore(422)) - SchemaV3 db is created and loaded at /home/runner/work/ozone/ozone/hadoop-ozone/integration-test/target/test-dir/MiniOzoneClusterImpl-7619c237-1de6-4815-bbe2-f0b52dfbd5bc/datanode-8/data-0/containers/hdds/7619c237-1de6-4815-bbe2-f0b52dfbd5bc/DS-93b2a42a-1ab3-4f0f-9d13-72f7269aff3d/container.db for volume DS-93b2a42a-1ab3-4f0f-9d13-72f7269aff3d
2023-12-28 09:09:50,116 [ebae719b-f625-4368-8547-482f3752b4ca-EndpointStateMachineTaskThread-/0.0.0.0:15358-0 ] INFO  volume.ThrottledAsyncChecker (ThrottledAsyncChecker.java:schedule(141)) - Scheduling a check for /home/runner/work/ozone/ozone/hadoop-ozone/integration-test/target/test-dir/MiniOzoneClusterImpl-7619c237-1de6-4815-bbe2-f0b52dfbd5bc/datanode-8/data-0/containers/hdds
2023-12-28 09:09:50,116 [ebae719b-f625-4368-8547-482f3752b4ca-EndpointStateMachineTaskThread-/0.0.0.0:15358-0 ] INFO  volume.StorageVolumeChecker (StorageVolumeChecker.java:checkAllVolumes(218)) - Scheduled health check for volume /home/runner/work/ozone/ozone/hadoop-ozone/integration-test/target/test-dir/MiniOzoneClusterImpl-7619c237-1de6-4815-bbe2-f0b52dfbd5bc/datanode-8/data-0/containers/hdds
2023-12-28 09:09:50,118 [ebae719b-f625-4368-8547-482f3752b4ca-EndpointStateMachineTaskThread-/0.0.0.0:15358-0 ] INFO  volume.ThrottledAsyncChecker (ThrottledAsyncChecker.java:schedule(141)) - Scheduling a check for /home/runner/work/ozone/ozone/hadoop-ozone/integration-test/target/test-dir/MiniOzoneClusterImpl-7619c237-1de6-4815-bbe2-f0b52dfbd5bc/datanode-8/data/ratis
2023-12-28 09:09:50,118 [ebae719b-f625-4368-8547-482f3752b4ca-EndpointStateMachineTaskThread-/0.0.0.0:15358-0 ] INFO  volume.StorageVolumeChecker (StorageVolumeChecker.java:checkAllVolumes(218)) - Scheduled health check for volume /home/runner/work/ozone/ozone/hadoop-ozone/integration-test/target/test-dir/MiniOzoneClusterImpl-7619c237-1de6-4815-bbe2-f0b52dfbd5bc/datanode-8/data/ratis
2023-12-28 09:09:50,119 [ebae719b-f625-4368-8547-482f3752b4ca-EndpointStateMachineTaskThread-/0.0.0.0:15358-0 ] INFO  ozoneimpl.OzoneContainer (OzoneContainer.java:start(441)) - Attempting to start container services.
2023-12-28 09:09:50,119 [ebae719b-f625-4368-8547-482f3752b4ca-EndpointStateMachineTaskThread-/0.0.0.0:15358-0 ] INFO  ozoneimpl.OzoneContainer (OzoneContainer.java:startContainerScrub(337)) - Scheduled background container scanners and the on-demand container scanner have been disabled.
2023-12-28 09:09:50,119 [ebae719b-f625-4368-8547-482f3752b4ca-EndpointStateMachineTaskThread-/0.0.0.0:15358-0 ] INFO  replication.ReplicationServer (ReplicationServer.java:start(139)) - ReplicationServer is started using port 15444
2023-12-28 09:09:50,119 [ebae719b-f625-4368-8547-482f3752b4ca-EndpointStateMachineTaskThread-/0.0.0.0:15358-0 ] INFO  ratis.XceiverServerRatis (XceiverServerRatis.java:start(548)) - Starting XceiverServerRatis ebae719b-f625-4368-8547-482f3752b4ca
2023-12-28 09:09:50,120 [ebae719b-f625-4368-8547-482f3752b4ca-EndpointStateMachineTaskThread-/0.0.0.0:15358-0 ] INFO  server.RaftServer (RaftServerProxy.java:startImpl(406)) - ebae719b-f625-4368-8547-482f3752b4ca: start RPC server
2023-12-28 09:09:50,120 [ebae719b-f625-4368-8547-482f3752b4ca-EndpointStateMachineTaskThread-/0.0.0.0:15358-0 ] INFO  server.GrpcService (GrpcService.java:startImpl(302)) - ebae719b-f625-4368-8547-482f3752b4ca: GrpcService started, listening on 15440
2023-12-28 09:09:50,120 [ebae719b-f625-4368-8547-482f3752b4ca-EndpointStateMachineTaskThread-/0.0.0.0:15358-0 ] INFO  server.GrpcService (GrpcService.java:startImpl(302)) - ebae719b-f625-4368-8547-482f3752b4ca: GrpcService started, listening on 15442
2023-12-28 09:09:50,120 [ebae719b-f625-4368-8547-482f3752b4ca-EndpointStateMachineTaskThread-/0.0.0.0:15358-0 ] INFO  server.GrpcService (GrpcService.java:startImpl(302)) - ebae719b-f625-4368-8547-482f3752b4ca: GrpcService started, listening on 15441
2023-12-28 09:09:50,121 [ebae719b-f625-4368-8547-482f3752b4ca-EndpointStateMachineTaskThread-/0.0.0.0:15358-0 ] INFO  ratis.XceiverServerRatis (XceiverServerRatis.java:getRealPort(574)) - XceiverServerRatis ebae719b-f625-4368-8547-482f3752b4ca is started using port 15440 for RATIS
2023-12-28 09:09:50,121 [ebae719b-f625-4368-8547-482f3752b4ca-EndpointStateMachineTaskThread-/0.0.0.0:15358-0 ] INFO  ratis.XceiverServerRatis (XceiverServerRatis.java:getRealPort(574)) - XceiverServerRatis ebae719b-f625-4368-8547-482f3752b4ca is started using port 15441 for RATIS_ADMIN
2023-12-28 09:09:50,121 [ebae719b-f625-4368-8547-482f3752b4ca-EndpointStateMachineTaskThread-/0.0.0.0:15358-0 ] INFO  ratis.XceiverServerRatis (XceiverServerRatis.java:getRealPort(574)) - XceiverServerRatis ebae719b-f625-4368-8547-482f3752b4ca is started using port 15442 for RATIS_SERVER
2023-12-28 09:09:50,121 [ebae719b-f625-4368-8547-482f3752b4ca-EndpointStateMachineTaskThread-/0.0.0.0:15358-0 ] INFO  ratis.XceiverServerRatis (XceiverServerRatis.java:getRealPort(574)) - XceiverServerRatis ebae719b-f625-4368-8547-482f3752b4ca is started using port 15443 for RATIS_DATASTREAM
2023-12-28 09:09:50,121 [JvmPauseMonitor54] INFO  util.JvmPauseMonitor (JvmPauseMonitor.java:run(146)) - JvmPauseMonitor-ebae719b-f625-4368-8547-482f3752b4ca: Started
2023-12-28 09:09:50,122 [ebae719b-f625-4368-8547-482f3752b4ca-BlockDeletingService#0] INFO  interfaces.ContainerDeletionChoosingPolicyTemplate (ContainerDeletionChoosingPolicyTemplate.java:chooseContainerForBlockDeletion(85)) - Chosen 0/5000 blocks from 0 candidate containers.
2023-12-28 09:09:51,091 [main] INFO  ozone.MiniOzoneClusterImpl (MiniOzoneClusterImpl.java:lambda$waitForClusterToBeReady$0(230)) - Waiting for nodes to be ready. Got 0 of 9 DN Heartbeats.
2023-12-28 09:09:51,091 [main] INFO  ozone.MiniOzoneClusterImpl (MiniOzoneClusterImpl.java:lambda$waitForClusterToBeReady$0(233)) - Waiting for cluster to exit safe mode
2023-12-28 09:09:51,091 [main] INFO  ozone.MiniOzoneClusterImpl (MiniOzoneClusterImpl.java:lambda$waitForClusterToBeReady$0(235)) - SCM became leader
2023-12-28 09:09:51,328 [IPC Server handler 4 on default port 15358] INFO  net.NetworkTopologyImpl (NetworkTopologyImpl.java:add(124)) - Added a new node: /default-rack/3b28bb72-2ab1-44e1-a9b9-2481c9e85245
2023-12-28 09:09:51,328 [IPC Server handler 4 on default port 15358] INFO  node.SCMNodeManager (SCMNodeManager.java:register(417)) - Registered datanode: 3b28bb72-2ab1-44e1-a9b9-2481c9e85245{ip: 10.1.0.14, host: fv-az1384-14.e3qrh24bduyexj1tcof5x1etkc.ex.internal.cloudapp.net, ports: [HTTP=15365, CLIENT_RPC=15366, REPLICATION=15372, RATIS=15368, RATIS_ADMIN=15369, RATIS_SERVER=15370, RATIS_DATASTREAM=15371, STANDALONE=15367], networkLocation: /default-rack, certSerialId: null, persistedOpState: null, persistedOpStateExpiryEpochSec: 0}
2023-12-28 09:09:51,330 [EventQueue-NewNodeForNewNodeHandler] INFO  pipeline.BackgroundPipelineCreator (BackgroundPipelineCreator.java:notifyEventTriggered(280)) - trigger a one-shot run on RatisPipelineUtilsThread.
2023-12-28 09:09:51,331 [EventQueue-NodeRegistrationContainerReportForDataNodeSafeModeRule] INFO  safemode.SCMSafeModeManager (DataNodeSafeModeRule.java:process(71)) - SCM in safe mode. 1 DataNodes registered, 3 required.
2023-12-28 09:09:51,331 [RatisPipelineUtilsThread-0] INFO  pipeline.RatisPipelineProvider (RatisPipelineProvider.java:lambda$create$0(206)) - Sending CreatePipelineCommand for pipeline:PipelineID=55a2ace3-97e0-4be7-8f24-ba4465fe1f69 to datanode:3b28bb72-2ab1-44e1-a9b9-2481c9e85245
2023-12-28 09:09:51,331 [EventQueue-NodeRegistrationContainerReportForContainerSafeModeRule] INFO  safemode.SCMSafeModeManager (SCMSafeModeManager.java:validateSafeModeExitRules(200)) - ContainerSafeModeRule rule is successfully validated
2023-12-28 09:09:51,332 [EventQueue-PipelineReportForOneReplicaPipelineSafeModeRule] INFO  safemode.SCMSafeModeManager (SCMSafeModeManager.java:validateSafeModeExitRules(200)) - AtleastOneDatanodeReportedRule rule is successfully validated
2023-12-28 09:09:51,332 [RatisPipelineUtilsThread-0] INFO  pipeline.BackgroundPipelineCreator (BackgroundPipelineCreator.java:createPipelines(236)) - Created new pipeline Pipeline[ Id: 55a2ace3-97e0-4be7-8f24-ba4465fe1f69, Nodes: 3b28bb72-2ab1-44e1-a9b9-2481c9e85245(fv-az1384-14.e3qrh24bduyexj1tcof5x1etkc.ex.internal.cloudapp.net/10.1.0.14), ReplicationConfig: RATIS/ONE, State:ALLOCATED, leaderId:, CreationTimestamp2023-12-28T09:09:51.331Z[Etc/UTC]]
2023-12-28 09:09:51,415 [IPC Server handler 5 on default port 15358] INFO  net.NetworkTopologyImpl (NetworkTopologyImpl.java:add(124)) - Added a new node: /default-rack/d5d8acbd-90b5-4ada-8600-10487a3abfb2
2023-12-28 09:09:51,415 [IPC Server handler 5 on default port 15358] INFO  node.SCMNodeManager (SCMNodeManager.java:register(417)) - Registered datanode: d5d8acbd-90b5-4ada-8600-10487a3abfb2{ip: 10.1.0.14, host: fv-az1384-14.e3qrh24bduyexj1tcof5x1etkc.ex.internal.cloudapp.net, ports: [HTTP=15374, CLIENT_RPC=15375, REPLICATION=15381, RATIS=15377, RATIS_ADMIN=15378, RATIS_SERVER=15379, RATIS_DATASTREAM=15380, STANDALONE=15376], networkLocation: /default-rack, certSerialId: null, persistedOpState: null, persistedOpStateExpiryEpochSec: 0}
2023-12-28 09:09:51,416 [EventQueue-NodeRegistrationContainerReportForDataNodeSafeModeRule] INFO  safemode.SCMSafeModeManager (DataNodeSafeModeRule.java:process(71)) - SCM in safe mode. 2 DataNodes registered, 3 required.
2023-12-28 09:09:51,416 [EventQueue-NewNodeForNewNodeHandler] INFO  pipeline.BackgroundPipelineCreator (BackgroundPipelineCreator.java:notifyEventTriggered(280)) - trigger a one-shot run on RatisPipelineUtilsThread.
2023-12-28 09:09:51,416 [RatisPipelineUtilsThread-0] INFO  pipeline.RatisPipelineProvider (RatisPipelineProvider.java:lambda$create$0(206)) - Sending CreatePipelineCommand for pipeline:PipelineID=536f55ad-3429-48bf-ad0f-22cad8b529e3 to datanode:d5d8acbd-90b5-4ada-8600-10487a3abfb2
2023-12-28 09:09:51,417 [RatisPipelineUtilsThread-0] INFO  pipeline.BackgroundPipelineCreator (BackgroundPipelineCreator.java:createPipelines(236)) - Created new pipeline Pipeline[ Id: 536f55ad-3429-48bf-ad0f-22cad8b529e3, Nodes: d5d8acbd-90b5-4ada-8600-10487a3abfb2(fv-az1384-14.e3qrh24bduyexj1tcof5x1etkc.ex.internal.cloudapp.net/10.1.0.14), ReplicationConfig: RATIS/ONE, State:ALLOCATED, leaderId:, CreationTimestamp2023-12-28T09:09:51.416Z[Etc/UTC]]
2023-12-28 09:09:51,496 [IPC Server handler 6 on default port 15358] INFO  net.NetworkTopologyImpl (NetworkTopologyImpl.java:add(124)) - Added a new node: /default-rack/9b863e56-86de-43f6-b2a7-53906d690b33
2023-12-28 09:09:51,496 [IPC Server handler 6 on default port 15358] INFO  node.SCMNodeManager (SCMNodeManager.java:register(417)) - Registered datanode: 9b863e56-86de-43f6-b2a7-53906d690b33{ip: 10.1.0.14, host: fv-az1384-14.e3qrh24bduyexj1tcof5x1etkc.ex.internal.cloudapp.net, ports: [HTTP=15383, CLIENT_RPC=15384, REPLICATION=15390, RATIS=15386, RATIS_ADMIN=15387, RATIS_SERVER=15388, RATIS_DATASTREAM=15389, STANDALONE=15385], networkLocation: /default-rack, certSerialId: null, persistedOpState: null, persistedOpStateExpiryEpochSec: 0}
2023-12-28 09:09:51,496 [EventQueue-NodeRegistrationContainerReportForDataNodeSafeModeRule] INFO  safemode.SCMSafeModeManager (DataNodeSafeModeRule.java:process(71)) - SCM in safe mode. 3 DataNodes registered, 3 required.
2023-12-28 09:09:51,496 [EventQueue-NewNodeForNewNodeHandler] INFO  pipeline.BackgroundPipelineCreator (BackgroundPipelineCreator.java:notifyEventTriggered(280)) - trigger a one-shot run on RatisPipelineUtilsThread.
2023-12-28 09:09:51,496 [EventQueue-NodeRegistrationContainerReportForDataNodeSafeModeRule] INFO  safemode.SCMSafeModeManager (SCMSafeModeManager.java:validateSafeModeExitRules(200)) - DataNodeSafeModeRule rule is successfully validated
2023-12-28 09:09:51,497 [EventQueue-NodeRegistrationContainerReportForDataNodeSafeModeRule] INFO  safemode.SCMSafeModeManager (SCMSafeModeManager.java:completePreCheck(229)) - All SCM safe mode pre check rules have passed
2023-12-28 09:09:51,497 [EventQueue-NodeRegistrationContainerReportForDataNodeSafeModeRule] INFO  ha.SCMContext (SCMContext.java:updateSafeModeStatus(230)) - Update SafeModeStatus from SafeModeStatus{safeModeStatus=true, preCheckPassed=false} to SafeModeStatus{safeModeStatus=true, preCheckPassed=true}.
2023-12-28 09:09:51,497 [EventQueue-NodeRegistrationContainerReportForDataNodeSafeModeRule] INFO  pipeline.BackgroundPipelineCreator (BackgroundPipelineCreator.java:notifyEventTriggered(280)) - trigger a one-shot run on RatisPipelineUtilsThread.
2023-12-28 09:09:51,498 [RatisPipelineUtilsThread-0] INFO  pipeline.RatisPipelineProvider (RatisPipelineProvider.java:lambda$create$0(206)) - Sending CreatePipelineCommand for pipeline:PipelineID=82d0baf4-e72c-4bb9-8206-6193271b23af to datanode:9b863e56-86de-43f6-b2a7-53906d690b33
2023-12-28 09:09:51,498 [RatisPipelineUtilsThread-0] INFO  pipeline.BackgroundPipelineCreator (BackgroundPipelineCreator.java:createPipelines(236)) - Created new pipeline Pipeline[ Id: 82d0baf4-e72c-4bb9-8206-6193271b23af, Nodes: 9b863e56-86de-43f6-b2a7-53906d690b33(fv-az1384-14.e3qrh24bduyexj1tcof5x1etkc.ex.internal.cloudapp.net/10.1.0.14), ReplicationConfig: RATIS/ONE, State:ALLOCATED, leaderId:, CreationTimestamp2023-12-28T09:09:51.497Z[Etc/UTC]]
2023-12-28 09:09:51,498 [RatisPipelineUtilsThread-0] INFO  pipeline.RatisPipelineProvider (RatisPipelineProvider.java:lambda$create$0(206)) - Sending CreatePipelineCommand for pipeline:PipelineID=ba537c18-490c-465f-8071-cc541d257ca2 to datanode:d5d8acbd-90b5-4ada-8600-10487a3abfb2
2023-12-28 09:09:51,498 [RatisPipelineUtilsThread-0] INFO  pipeline.RatisPipelineProvider (RatisPipelineProvider.java:lambda$create$0(206)) - Sending CreatePipelineCommand for pipeline:PipelineID=ba537c18-490c-465f-8071-cc541d257ca2 to datanode:3b28bb72-2ab1-44e1-a9b9-2481c9e85245
2023-12-28 09:09:51,498 [RatisPipelineUtilsThread-0] INFO  pipeline.RatisPipelineProvider (RatisPipelineProvider.java:lambda$create$0(206)) - Sending CreatePipelineCommand for pipeline:PipelineID=ba537c18-490c-465f-8071-cc541d257ca2 to datanode:9b863e56-86de-43f6-b2a7-53906d690b33
2023-12-28 09:09:51,499 [RatisPipelineUtilsThread-0] INFO  pipeline.BackgroundPipelineCreator (BackgroundPipelineCreator.java:createPipelines(236)) - Created new pipeline Pipeline[ Id: ba537c18-490c-465f-8071-cc541d257ca2, Nodes: d5d8acbd-90b5-4ada-8600-10487a3abfb2(fv-az1384-14.e3qrh24bduyexj1tcof5x1etkc.ex.internal.cloudapp.net/10.1.0.14)3b28bb72-2ab1-44e1-a9b9-2481c9e85245(fv-az1384-14.e3qrh24bduyexj1tcof5x1etkc.ex.internal.cloudapp.net/10.1.0.14)9b863e56-86de-43f6-b2a7-53906d690b33(fv-az1384-14.e3qrh24bduyexj1tcof5x1etkc.ex.internal.cloudapp.net/10.1.0.14), ReplicationConfig: RATIS/THREE, State:ALLOCATED, leaderId:, CreationTimestamp2023-12-28T09:09:51.498Z[Etc/UTC]]
2023-12-28 09:09:51,586 [IPC Server handler 7 on default port 15358] INFO  net.NetworkTopologyImpl (NetworkTopologyImpl.java:add(124)) - Added a new node: /default-rack/3882d302-0766-4582-8526-483b5b0fafe4
2023-12-28 09:09:51,586 [IPC Server handler 7 on default port 15358] INFO  node.SCMNodeManager (SCMNodeManager.java:register(417)) - Registered datanode: 3882d302-0766-4582-8526-483b5b0fafe4{ip: 10.1.0.14, host: fv-az1384-14.e3qrh24bduyexj1tcof5x1etkc.ex.internal.cloudapp.net, ports: [HTTP=15392, CLIENT_RPC=15393, REPLICATION=15399, RATIS=15395, RATIS_ADMIN=15396, RATIS_SERVER=15397, RATIS_DATASTREAM=15398, STANDALONE=15394], networkLocation: /default-rack, certSerialId: null, persistedOpState: null, persistedOpStateExpiryEpochSec: 0}
2023-12-28 09:09:51,586 [EventQueue-NewNodeForNewNodeHandler] INFO  pipeline.BackgroundPipelineCreator (BackgroundPipelineCreator.java:notifyEventTriggered(280)) - trigger a one-shot run on RatisPipelineUtilsThread.
2023-12-28 09:09:51,587 [RatisPipelineUtilsThread-0] INFO  pipeline.RatisPipelineProvider (RatisPipelineProvider.java:lambda$create$0(206)) - Sending CreatePipelineCommand for pipeline:PipelineID=7edaee47-6c4e-4d9b-b4d0-3be9841de9a8 to datanode:3882d302-0766-4582-8526-483b5b0fafe4
2023-12-28 09:09:51,587 [RatisPipelineUtilsThread-0] INFO  pipeline.BackgroundPipelineCreator (BackgroundPipelineCreator.java:createPipelines(236)) - Created new pipeline Pipeline[ Id: 7edaee47-6c4e-4d9b-b4d0-3be9841de9a8, Nodes: 3882d302-0766-4582-8526-483b5b0fafe4(fv-az1384-14.e3qrh24bduyexj1tcof5x1etkc.ex.internal.cloudapp.net/10.1.0.14), ReplicationConfig: RATIS/ONE, State:ALLOCATED, leaderId:, CreationTimestamp2023-12-28T09:09:51.587Z[Etc/UTC]]
2023-12-28 09:09:51,686 [IPC Server handler 8 on default port 15358] INFO  net.NetworkTopologyImpl (NetworkTopologyImpl.java:add(124)) - Added a new node: /default-rack/42fe86c5-ef4c-4426-bfd8-a8401ddf98d5
2023-12-28 09:09:51,686 [IPC Server handler 8 on default port 15358] INFO  node.SCMNodeManager (SCMNodeManager.java:register(417)) - Registered datanode: 42fe86c5-ef4c-4426-bfd8-a8401ddf98d5{ip: 10.1.0.14, host: fv-az1384-14.e3qrh24bduyexj1tcof5x1etkc.ex.internal.cloudapp.net, ports: [HTTP=15401, CLIENT_RPC=15402, REPLICATION=15408, RATIS=15404, RATIS_ADMIN=15405, RATIS_SERVER=15406, RATIS_DATASTREAM=15407, STANDALONE=15403], networkLocation: /default-rack, certSerialId: null, persistedOpState: null, persistedOpStateExpiryEpochSec: 0}
2023-12-28 09:09:51,687 [EventQueue-NewNodeForNewNodeHandler] INFO  pipeline.BackgroundPipelineCreator (BackgroundPipelineCreator.java:notifyEventTriggered(280)) - trigger a one-shot run on RatisPipelineUtilsThread.
2023-12-28 09:09:51,687 [RatisPipelineUtilsThread-0] INFO  pipeline.RatisPipelineProvider (RatisPipelineProvider.java:lambda$create$0(206)) - Sending CreatePipelineCommand for pipeline:PipelineID=96e8e2aa-9f13-45fc-986d-1f2f71cb6e5c to datanode:42fe86c5-ef4c-4426-bfd8-a8401ddf98d5
2023-12-28 09:09:51,688 [RatisPipelineUtilsThread-0] INFO  pipeline.BackgroundPipelineCreator (BackgroundPipelineCreator.java:createPipelines(236)) - Created new pipeline Pipeline[ Id: 96e8e2aa-9f13-45fc-986d-1f2f71cb6e5c, Nodes: 42fe86c5-ef4c-4426-bfd8-a8401ddf98d5(fv-az1384-14.e3qrh24bduyexj1tcof5x1etkc.ex.internal.cloudapp.net/10.1.0.14), ReplicationConfig: RATIS/ONE, State:ALLOCATED, leaderId:, CreationTimestamp2023-12-28T09:09:51.687Z[Etc/UTC]]
2023-12-28 09:09:51,803 [IPC Server handler 0 on default port 15358] INFO  net.NetworkTopologyImpl (NetworkTopologyImpl.java:add(124)) - Added a new node: /default-rack/31ca3cec-ca1e-4771-b2d4-3cf5bbdf2d7e
2023-12-28 09:09:51,803 [IPC Server handler 0 on default port 15358] INFO  node.SCMNodeManager (SCMNodeManager.java:register(417)) - Registered datanode: 31ca3cec-ca1e-4771-b2d4-3cf5bbdf2d7e{ip: 10.1.0.14, host: fv-az1384-14.e3qrh24bduyexj1tcof5x1etkc.ex.internal.cloudapp.net, ports: [HTTP=15410, CLIENT_RPC=15411, REPLICATION=15417, RATIS=15413, RATIS_ADMIN=15414, RATIS_SERVER=15415, RATIS_DATASTREAM=15416, STANDALONE=15412], networkLocation: /default-rack, certSerialId: null, persistedOpState: null, persistedOpStateExpiryEpochSec: 0}
2023-12-28 09:09:51,803 [EventQueue-NewNodeForNewNodeHandler] INFO  pipeline.BackgroundPipelineCreator (BackgroundPipelineCreator.java:notifyEventTriggered(280)) - trigger a one-shot run on RatisPipelineUtilsThread.
2023-12-28 09:09:51,804 [RatisPipelineUtilsThread-0] INFO  pipeline.RatisPipelineProvider (RatisPipelineProvider.java:lambda$create$0(206)) - Sending CreatePipelineCommand for pipeline:PipelineID=4aedc44f-eddc-4949-8a7f-1e5fc0d1a1d1 to datanode:31ca3cec-ca1e-4771-b2d4-3cf5bbdf2d7e
2023-12-28 09:09:51,804 [RatisPipelineUtilsThread-0] INFO  pipeline.BackgroundPipelineCreator (BackgroundPipelineCreator.java:createPipelines(236)) - Created new pipeline Pipeline[ Id: 4aedc44f-eddc-4949-8a7f-1e5fc0d1a1d1, Nodes: 31ca3cec-ca1e-4771-b2d4-3cf5bbdf2d7e(fv-az1384-14.e3qrh24bduyexj1tcof5x1etkc.ex.internal.cloudapp.net/10.1.0.14), ReplicationConfig: RATIS/ONE, State:ALLOCATED, leaderId:, CreationTimestamp2023-12-28T09:09:51.804Z[Etc/UTC]]
2023-12-28 09:09:51,805 [RatisPipelineUtilsThread-0] INFO  pipeline.RatisPipelineProvider (RatisPipelineProvider.java:lambda$create$0(206)) - Sending CreatePipelineCommand for pipeline:PipelineID=ac0b9b9d-6c10-481c-8fb0-0d882b591608 to datanode:31ca3cec-ca1e-4771-b2d4-3cf5bbdf2d7e
2023-12-28 09:09:51,805 [RatisPipelineUtilsThread-0] INFO  pipeline.RatisPipelineProvider (RatisPipelineProvider.java:lambda$create$0(206)) - Sending CreatePipelineCommand for pipeline:PipelineID=ac0b9b9d-6c10-481c-8fb0-0d882b591608 to datanode:42fe86c5-ef4c-4426-bfd8-a8401ddf98d5
2023-12-28 09:09:51,805 [RatisPipelineUtilsThread-0] INFO  pipeline.RatisPipelineProvider (RatisPipelineProvider.java:lambda$create$0(206)) - Sending CreatePipelineCommand for pipeline:PipelineID=ac0b9b9d-6c10-481c-8fb0-0d882b591608 to datanode:3882d302-0766-4582-8526-483b5b0fafe4
2023-12-28 09:09:51,805 [RatisPipelineUtilsThread-0] INFO  pipeline.BackgroundPipelineCreator (BackgroundPipelineCreator.java:createPipelines(236)) - Created new pipeline Pipeline[ Id: ac0b9b9d-6c10-481c-8fb0-0d882b591608, Nodes: 31ca3cec-ca1e-4771-b2d4-3cf5bbdf2d7e(fv-az1384-14.e3qrh24bduyexj1tcof5x1etkc.ex.internal.cloudapp.net/10.1.0.14)42fe86c5-ef4c-4426-bfd8-a8401ddf98d5(fv-az1384-14.e3qrh24bduyexj1tcof5x1etkc.ex.internal.cloudapp.net/10.1.0.14)3882d302-0766-4582-8526-483b5b0fafe4(fv-az1384-14.e3qrh24bduyexj1tcof5x1etkc.ex.internal.cloudapp.net/10.1.0.14), ReplicationConfig: RATIS/THREE, State:ALLOCATED, leaderId:, CreationTimestamp2023-12-28T09:09:51.805Z[Etc/UTC]]
2023-12-28 09:09:51,890 [IPC Server handler 1 on default port 15358] INFO  net.NetworkTopologyImpl (NetworkTopologyImpl.java:add(124)) - Added a new node: /default-rack/4a7d4f9e-b840-4b9b-8b00-1e8f80dcf0e2
2023-12-28 09:09:51,891 [IPC Server handler 1 on default port 15358] INFO  node.SCMNodeManager (SCMNodeManager.java:register(417)) - Registered datanode: 4a7d4f9e-b840-4b9b-8b00-1e8f80dcf0e2{ip: 10.1.0.14, host: fv-az1384-14.e3qrh24bduyexj1tcof5x1etkc.ex.internal.cloudapp.net, ports: [HTTP=15419, CLIENT_RPC=15420, REPLICATION=15426, RATIS=15422, RATIS_ADMIN=15423, RATIS_SERVER=15424, RATIS_DATASTREAM=15425, STANDALONE=15421], networkLocation: /default-rack, certSerialId: null, persistedOpState: null, persistedOpStateExpiryEpochSec: 0}
2023-12-28 09:09:51,892 [EventQueue-NewNodeForNewNodeHandler] INFO  pipeline.BackgroundPipelineCreator (BackgroundPipelineCreator.java:notifyEventTriggered(280)) - trigger a one-shot run on RatisPipelineUtilsThread.
2023-12-28 09:09:51,892 [RatisPipelineUtilsThread-0] INFO  pipeline.RatisPipelineProvider (RatisPipelineProvider.java:lambda$create$0(206)) - Sending CreatePipelineCommand for pipeline:PipelineID=4425761f-7a5f-4c84-9172-25f8f003d845 to datanode:4a7d4f9e-b840-4b9b-8b00-1e8f80dcf0e2
2023-12-28 09:09:51,893 [RatisPipelineUtilsThread-0] INFO  pipeline.BackgroundPipelineCreator (BackgroundPipelineCreator.java:createPipelines(236)) - Created new pipeline Pipeline[ Id: 4425761f-7a5f-4c84-9172-25f8f003d845, Nodes: 4a7d4f9e-b840-4b9b-8b00-1e8f80dcf0e2(fv-az1384-14.e3qrh24bduyexj1tcof5x1etkc.ex.internal.cloudapp.net/10.1.0.14), ReplicationConfig: RATIS/ONE, State:ALLOCATED, leaderId:, CreationTimestamp2023-12-28T09:09:51.892Z[Etc/UTC]]
2023-12-28 09:09:51,997 [IPC Server handler 2 on default port 15358] INFO  net.NetworkTopologyImpl (NetworkTopologyImpl.java:add(124)) - Added a new node: /default-rack/21dfb426-80a6-430d-8df8-fa8e3a5d9897
2023-12-28 09:09:51,997 [IPC Server handler 2 on default port 15358] INFO  node.SCMNodeManager (SCMNodeManager.java:register(417)) - Registered datanode: 21dfb426-80a6-430d-8df8-fa8e3a5d9897{ip: 10.1.0.14, host: fv-az1384-14.e3qrh24bduyexj1tcof5x1etkc.ex.internal.cloudapp.net, ports: [HTTP=15428, CLIENT_RPC=15429, REPLICATION=15435, RATIS=15431, RATIS_ADMIN=15432, RATIS_SERVER=15433, RATIS_DATASTREAM=15434, STANDALONE=15430], networkLocation: /default-rack, certSerialId: null, persistedOpState: null, persistedOpStateExpiryEpochSec: 0}
2023-12-28 09:09:51,997 [EventQueue-NewNodeForNewNodeHandler] INFO  pipeline.BackgroundPipelineCreator (BackgroundPipelineCreator.java:notifyEventTriggered(280)) - trigger a one-shot run on RatisPipelineUtilsThread.
2023-12-28 09:09:51,997 [RatisPipelineUtilsThread-0] INFO  pipeline.RatisPipelineProvider (RatisPipelineProvider.java:lambda$create$0(206)) - Sending CreatePipelineCommand for pipeline:PipelineID=76485ba3-e9ff-419d-a7be-41c77bb6d8f4 to datanode:21dfb426-80a6-430d-8df8-fa8e3a5d9897
2023-12-28 09:09:51,998 [RatisPipelineUtilsThread-0] INFO  pipeline.BackgroundPipelineCreator (BackgroundPipelineCreator.java:createPipelines(236)) - Created new pipeline Pipeline[ Id: 76485ba3-e9ff-419d-a7be-41c77bb6d8f4, Nodes: 21dfb426-80a6-430d-8df8-fa8e3a5d9897(fv-az1384-14.e3qrh24bduyexj1tcof5x1etkc.ex.internal.cloudapp.net/10.1.0.14), ReplicationConfig: RATIS/ONE, State:ALLOCATED, leaderId:, CreationTimestamp2023-12-28T09:09:51.997Z[Etc/UTC]]
2023-12-28 09:09:52,091 [main] INFO  ozone.MiniOzoneClusterImpl (MiniOzoneClusterImpl.java:lambda$waitForClusterToBeReady$0(230)) - Waiting for nodes to be ready. Got 8 of 9 DN Heartbeats.
2023-12-28 09:09:52,091 [main] INFO  ozone.MiniOzoneClusterImpl (MiniOzoneClusterImpl.java:lambda$waitForClusterToBeReady$0(233)) - Waiting for cluster to exit safe mode
2023-12-28 09:09:52,091 [main] INFO  ozone.MiniOzoneClusterImpl (MiniOzoneClusterImpl.java:lambda$waitForClusterToBeReady$0(235)) - SCM became leader
2023-12-28 09:09:52,091 [IPC Server handler 3 on default port 15358] INFO  net.NetworkTopologyImpl (NetworkTopologyImpl.java:add(124)) - Added a new node: /default-rack/ebae719b-f625-4368-8547-482f3752b4ca
2023-12-28 09:09:52,092 [IPC Server handler 3 on default port 15358] INFO  node.SCMNodeManager (SCMNodeManager.java:register(417)) - Registered datanode: ebae719b-f625-4368-8547-482f3752b4ca{ip: 10.1.0.14, host: fv-az1384-14.e3qrh24bduyexj1tcof5x1etkc.ex.internal.cloudapp.net, ports: [HTTP=15437, CLIENT_RPC=15438, REPLICATION=15444, RATIS=15440, RATIS_ADMIN=15441, RATIS_SERVER=15442, RATIS_DATASTREAM=15443, STANDALONE=15439], networkLocation: /default-rack, certSerialId: null, persistedOpState: null, persistedOpStateExpiryEpochSec: 0}
2023-12-28 09:09:52,092 [EventQueue-NewNodeForNewNodeHandler] INFO  pipeline.BackgroundPipelineCreator (BackgroundPipelineCreator.java:notifyEventTriggered(280)) - trigger a one-shot run on RatisPipelineUtilsThread.
2023-12-28 09:09:52,092 [RatisPipelineUtilsThread-0] INFO  pipeline.RatisPipelineProvider (RatisPipelineProvider.java:lambda$create$0(206)) - Sending CreatePipelineCommand for pipeline:PipelineID=0692811f-b295-4e68-9124-24c974523f0e to datanode:ebae719b-f625-4368-8547-482f3752b4ca
2023-12-28 09:09:52,093 [RatisPipelineUtilsThread-0] INFO  pipeline.BackgroundPipelineCreator (BackgroundPipelineCreator.java:createPipelines(236)) - Created new pipeline Pipeline[ Id: 0692811f-b295-4e68-9124-24c974523f0e, Nodes: ebae719b-f625-4368-8547-482f3752b4ca(fv-az1384-14.e3qrh24bduyexj1tcof5x1etkc.ex.internal.cloudapp.net/10.1.0.14), ReplicationConfig: RATIS/ONE, State:ALLOCATED, leaderId:, CreationTimestamp2023-12-28T09:09:52.092Z[Etc/UTC]]
2023-12-28 09:09:52,095 [RatisPipelineUtilsThread-0] INFO  pipeline.RatisPipelineProvider (RatisPipelineProvider.java:lambda$create$0(206)) - Sending CreatePipelineCommand for pipeline:PipelineID=adc176ae-bfd8-40be-beb4-04eefc7712d5 to datanode:21dfb426-80a6-430d-8df8-fa8e3a5d9897
2023-12-28 09:09:52,095 [RatisPipelineUtilsThread-0] INFO  pipeline.RatisPipelineProvider (RatisPipelineProvider.java:lambda$create$0(206)) - Sending CreatePipelineCommand for pipeline:PipelineID=adc176ae-bfd8-40be-beb4-04eefc7712d5 to datanode:4a7d4f9e-b840-4b9b-8b00-1e8f80dcf0e2
2023-12-28 09:09:52,095 [RatisPipelineUtilsThread-0] INFO  pipeline.RatisPipelineProvider (RatisPipelineProvider.java:lambda$create$0(206)) - Sending CreatePipelineCommand for pipeline:PipelineID=adc176ae-bfd8-40be-beb4-04eefc7712d5 to datanode:ebae719b-f625-4368-8547-482f3752b4ca
2023-12-28 09:09:52,095 [RatisPipelineUtilsThread-0] INFO  pipeline.BackgroundPipelineCreator (BackgroundPipelineCreator.java:createPipelines(236)) - Created new pipeline Pipeline[ Id: adc176ae-bfd8-40be-beb4-04eefc7712d5, Nodes: 21dfb426-80a6-430d-8df8-fa8e3a5d9897(fv-az1384-14.e3qrh24bduyexj1tcof5x1etkc.ex.internal.cloudapp.net/10.1.0.14)4a7d4f9e-b840-4b9b-8b00-1e8f80dcf0e2(fv-az1384-14.e3qrh24bduyexj1tcof5x1etkc.ex.internal.cloudapp.net/10.1.0.14)ebae719b-f625-4368-8547-482f3752b4ca(fv-az1384-14.e3qrh24bduyexj1tcof5x1etkc.ex.internal.cloudapp.net/10.1.0.14), ReplicationConfig: RATIS/THREE, State:ALLOCATED, leaderId:, CreationTimestamp2023-12-28T09:09:52.095Z[Etc/UTC]]
2023-12-28 09:09:53,092 [main] INFO  ozone.MiniOzoneClusterImpl (MiniOzoneClusterImpl.java:lambda$waitForClusterToBeReady$0(230)) - Nodes are ready. Got 9 of 9 DN Heartbeats.
2023-12-28 09:09:53,092 [main] INFO  ozone.MiniOzoneClusterImpl (MiniOzoneClusterImpl.java:lambda$waitForClusterToBeReady$0(233)) - Waiting for cluster to exit safe mode
2023-12-28 09:09:53,092 [main] INFO  ozone.MiniOzoneClusterImpl (MiniOzoneClusterImpl.java:lambda$waitForClusterToBeReady$0(235)) - SCM became leader
2023-12-28 09:09:54,092 [main] INFO  ozone.MiniOzoneClusterImpl (MiniOzoneClusterImpl.java:lambda$waitForClusterToBeReady$0(230)) - Nodes are ready. Got 9 of 9 DN Heartbeats.
2023-12-28 09:09:54,093 [main] INFO  ozone.MiniOzoneClusterImpl (MiniOzoneClusterImpl.java:lambda$waitForClusterToBeReady$0(233)) - Waiting for cluster to exit safe mode
2023-12-28 09:09:54,093 [main] INFO  ozone.MiniOzoneClusterImpl (MiniOzoneClusterImpl.java:lambda$waitForClusterToBeReady$0(235)) - SCM became leader
2023-12-28 09:09:54,328 [3b28bb72-2ab1-44e1-a9b9-2481c9e85245-PipelineCommandHandlerThread-0] INFO  server.RaftServer (RaftServerProxy.java:addNew(100)) - 3b28bb72-2ab1-44e1-a9b9-2481c9e85245: addNew group-BA4465FE1F69:[3b28bb72-2ab1-44e1-a9b9-2481c9e85245|10.1.0.14:15370] returns group-BA4465FE1F69:java.util.concurrent.CompletableFuture@2403de28[Not completed]
2023-12-28 09:09:54,329 [3b28bb72-2ab1-44e1-a9b9-2481c9e85245-groupManagement] INFO  server.RaftServer$Division (RaftServerImpl.java:<init>(256)) - 3b28bb72-2ab1-44e1-a9b9-2481c9e85245: new RaftServerImpl for group-BA4465FE1F69:[3b28bb72-2ab1-44e1-a9b9-2481c9e85245|10.1.0.14:15370] with ContainerStateMachine:uninitialized
2023-12-28 09:09:54,329 [3b28bb72-2ab1-44e1-a9b9-2481c9e85245-groupManagement] INFO  server.RaftServerConfigKeys (ConfUtils.java:logGet(46)) - raft.server.rpc.timeout.min = 5s (custom)
2023-12-28 09:09:54,329 [3b28bb72-2ab1-44e1-a9b9-2481c9e85245-groupManagement] INFO  server.RaftServerConfigKeys (ConfUtils.java:logGet(46)) - raft.server.rpc.timeout.max = 5200ms (custom)
2023-12-28 09:09:54,329 [3b28bb72-2ab1-44e1-a9b9-2481c9e85245-groupManagement] INFO  server.RaftServerConfigKeys (ConfUtils.java:logGet(46)) - raft.server.rpc.sleep.time = 25ms (default)
2023-12-28 09:09:54,329 [3b28bb72-2ab1-44e1-a9b9-2481c9e85245-groupManagement] INFO  server.RaftServerConfigKeys (ConfUtils.java:logGet(46)) - raft.server.rpc.slowness.timeout = 300000ms (custom)
2023-12-28 09:09:54,329 [3b28bb72-2ab1-44e1-a9b9-2481c9e85245-groupManagement] INFO  server.RaftServerConfigKeys (ConfUtils.java:logGet(46)) - raft.server.leaderelection.leader.step-down.wait-time = 10s (default)
2023-12-28 09:09:54,329 [3b28bb72-2ab1-44e1-a9b9-2481c9e85245-groupManagement] INFO  server.RaftServerConfigKeys (ConfUtils.java:logGet(46)) - raft.server.leaderelection.member.majority-add = false (default)
2023-12-28 09:09:54,329 [3b28bb72-2ab1-44e1-a9b9-2481c9e85245-groupManagement] INFO  server.RaftServerConfigKeys (ConfUtils.java:logGet(46)) - raft.server.sleep.deviation.threshold = 300ms (default)
2023-12-28 09:09:54,330 [3b28bb72-2ab1-44e1-a9b9-2481c9e85245-groupManagement] INFO  server.RaftServer$Division (ServerState.java:<init>(113)) - 3b28bb72-2ab1-44e1-a9b9-2481c9e85245@group-BA4465FE1F69: ConfigurationManager, init=-1: peers:[3b28bb72-2ab1-44e1-a9b9-2481c9e85245|10.1.0.14:15370]|listeners:[], old=null, confs=<EMPTY_MAP>
2023-12-28 09:09:54,330 [3b28bb72-2ab1-44e1-a9b9-2481c9e85245-groupManagement] INFO  server.RaftServerConfigKeys (ConfUtils.java:logGet(46)) - raft.server.notification.no-leader.timeout = 300000ms (custom)
2023-12-28 09:09:54,330 [3b28bb72-2ab1-44e1-a9b9-2481c9e85245-groupManagement] INFO  server.RaftServerConfigKeys (ConfUtils.java:logGet(46)) - raft.server.read.timeout = 10s (default)
2023-12-28 09:09:54,330 [3b28bb72-2ab1-44e1-a9b9-2481c9e85245-groupManagement] INFO  server.RaftServerConfigKeys (ConfUtils.java:logGet(46)) - raft.server.retrycache.expirytime = 600000ms (custom)
2023-12-28 09:09:54,330 [3b28bb72-2ab1-44e1-a9b9-2481c9e85245-groupManagement] INFO  server.RaftServerConfigKeys (ConfUtils.java:logGet(46)) - raft.server.retrycache.statistics.expirytime = 100ms (default)
2023-12-28 09:09:54,330 [3b28bb72-2ab1-44e1-a9b9-2481c9e85245-groupManagement] INFO  server.RaftServerConfigKeys (ConfUtils.java:logGet(46)) - raft.server.read.option = DEFAULT (default)
2023-12-28 09:09:54,330 [3b28bb72-2ab1-44e1-a9b9-2481c9e85245-groupManagement] INFO  server.RaftServerConfigKeys (ConfUtils.java:logGet(46)) - raft.server.read.read-after-write-consistent.write-index-cache.expiry-time = 60s (default)
2023-12-28 09:09:54,332 [3b28bb72-2ab1-44e1-a9b9-2481c9e85245-groupManagement] INFO  server.RaftServerConfigKeys (ConfUtils.java:logGet(46)) - raft.server.rpc.request.timeout = 3000ms (default)
2023-12-28 09:09:54,332 [3b28bb72-2ab1-44e1-a9b9-2481c9e85245-groupManagement] INFO  server.RaftServerConfigKeys (ConfUtils.java:logGet(46)) - raft.server.log.appender.install.snapshot.enabled = false (custom)
2023-12-28 09:09:54,332 [3b28bb72-2ab1-44e1-a9b9-2481c9e85245-groupManagement] INFO  server.RaftServerConfigKeys (ConfUtils.java:logGet(46)) - raft.server.threadpool.server.cached = true (default)
2023-12-28 09:09:54,332 [3b28bb72-2ab1-44e1-a9b9-2481c9e85245-groupManagement] INFO  server.RaftServerConfigKeys (ConfUtils.java:logGet(46)) - raft.server.threadpool.server.size = 0 (default)
2023-12-28 09:09:54,332 [3b28bb72-2ab1-44e1-a9b9-2481c9e85245-groupManagement] INFO  server.RaftServerConfigKeys (ConfUtils.java:logGet(46)) - raft.server.threadpool.client.cached = true (default)
2023-12-28 09:09:54,332 [3b28bb72-2ab1-44e1-a9b9-2481c9e85245-groupManagement] INFO  server.RaftServerConfigKeys (ConfUtils.java:logGet(46)) - raft.server.threadpool.client.size = 0 (default)
2023-12-28 09:09:54,332 [3b28bb72-2ab1-44e1-a9b9-2481c9e85245-groupManagement] INFO  server.RaftServerConfigKeys (ConfUtils.java:logGet(46)) - raft.server.storage.free-space.min = 0MB (=0) (default)
2023-12-28 09:09:54,332 [3b28bb72-2ab1-44e1-a9b9-2481c9e85245-groupManagement] INFO  server.RaftServerConfigKeys (ConfUtils.java:logGet(46)) - raft.server.log.corruption.policy = EXCEPTION (default)
2023-12-28 09:09:54,332 [3b28bb72-2ab1-44e1-a9b9-2481c9e85245-groupManagement] INFO  server.RaftServerConfigKeys (ConfUtils.java:logGet(46)) - raft.server.storage.dir = [/home/runner/work/ozone/ozone/hadoop-ozone/integration-test/target/test-dir/MiniOzoneClusterImpl-7619c237-1de6-4815-bbe2-f0b52dfbd5bc/datanode-0/data/ratis] (custom)
2023-12-28 09:09:54,333 [3b28bb72-2ab1-44e1-a9b9-2481c9e85245-groupManagement] INFO  storage.RaftStorageDirectory (RaftStorageDirectoryImpl.java:analyzeStorage(138)) - The storage directory /home/runner/work/ozone/ozone/hadoop-ozone/integration-test/target/test-dir/MiniOzoneClusterImpl-7619c237-1de6-4815-bbe2-f0b52dfbd5bc/datanode-0/data/ratis/55a2ace3-97e0-4be7-8f24-ba4465fe1f69 does not exist. Creating ...
2023-12-28 09:09:54,333 [3b28bb72-2ab1-44e1-a9b9-2481c9e85245-groupManagement] INFO  storage.RaftStorageDirectory (RaftStorageDirectoryImpl.java:tryLock(232)) - Lock on /home/runner/work/ozone/ozone/hadoop-ozone/integration-test/target/test-dir/MiniOzoneClusterImpl-7619c237-1de6-4815-bbe2-f0b52dfbd5bc/datanode-0/data/ratis/55a2ace3-97e0-4be7-8f24-ba4465fe1f69/in_use.lock acquired by nodename 85610@fv-az1384-14
2023-12-28 09:09:54,334 [3b28bb72-2ab1-44e1-a9b9-2481c9e85245-groupManagement] INFO  storage.RaftStorage (RaftStorageImpl.java:format(97)) - Storage directory /home/runner/work/ozone/ozone/hadoop-ozone/integration-test/target/test-dir/MiniOzoneClusterImpl-7619c237-1de6-4815-bbe2-f0b52dfbd5bc/datanode-0/data/ratis/55a2ace3-97e0-4be7-8f24-ba4465fe1f69 has been successfully formatted.
2023-12-28 09:09:54,335 [3b28bb72-2ab1-44e1-a9b9-2481c9e85245-groupManagement] INFO  ratis.ContainerStateMachine (ContainerStateMachine.java:loadSnapshot(287)) - group-BA4465FE1F69: The snapshot info is null. Setting the last applied indexto:(t:0, i:~)
2023-12-28 09:09:54,335 [3b28bb72-2ab1-44e1-a9b9-2481c9e85245-groupManagement] INFO  server.RaftServerConfigKeys (ConfUtils.java:logGet(46)) - raft.server.log.use.memory = false (default)
2023-12-28 09:09:54,336 [3b28bb72-2ab1-44e1-a9b9-2481c9e85245-groupManagement] INFO  server.RaftServerConfigKeys (ConfUtils.java:logGet(46)) - raft.server.log.purge.gap = 1000000 (custom)
2023-12-28 09:09:54,336 [3b28bb72-2ab1-44e1-a9b9-2481c9e85245-groupManagement] INFO  server.RaftServerConfigKeys (ConfUtils.java:logGet(46)) - raft.server.log.appender.buffer.byte-limit = 8388608 (custom)
2023-12-28 09:09:54,336 [3b28bb72-2ab1-44e1-a9b9-2481c9e85245-groupManagement] INFO  server.RaftServerConfigKeys (ConfUtils.java:logGet(46)) - raft.server.log.statemachine.data.read.timeout = 1000ms (default)
2023-12-28 09:09:54,336 [3b28bb72-2ab1-44e1-a9b9-2481c9e85245-groupManagement] INFO  server.RaftServerConfigKeys (ConfUtils.java:logGet(46)) - raft.server.log.purge.preservation.log.num = 0 (default)
2023-12-28 09:09:54,336 [EventQueue-PipelineReportForPipelineReportHandler] INFO  pipeline.PipelineReportHandler (PipelineReportHandler.java:processPipelineReport(136)) - Opened pipeline PipelineID=55a2ace3-97e0-4be7-8f24-ba4465fe1f69
2023-12-28 09:09:54,338 [EventQueue-OpenPipelineForHealthyPipelineSafeModeRule] INFO  safemode.SCMSafeModeManager (HealthyPipelineSafeModeRule.java:process(140)) - SCM in safe mode. Healthy pipelines reported count is 0, required healthy pipeline reported count is 1
2023-12-28 09:09:54,338 [3b28bb72-2ab1-44e1-a9b9-2481c9e85245-groupManagement] INFO  server.RaftServerConfigKeys (ConfUtils.java:logGet(46)) - raft.server.log.segment.size.max = 67108864 (custom)
2023-12-28 09:09:54,338 [3b28bb72-2ab1-44e1-a9b9-2481c9e85245-groupManagement] INFO  server.RaftServerConfigKeys (ConfUtils.java:logGet(46)) - raft.server.log.segment.cache.num.max = 2 (custom)
2023-12-28 09:09:54,338 [3b28bb72-2ab1-44e1-a9b9-2481c9e85245-groupManagement] INFO  server.RaftServerConfigKeys (ConfUtils.java:logGet(46)) - raft.server.log.segment.cache.size.max = 200MB (=209715200) (default)
2023-12-28 09:09:54,339 [3b28bb72-2ab1-44e1-a9b9-2481c9e85245-groupManagement] INFO  server.RaftServerConfigKeys (ConfUtils.java:logGet(46)) - raft.server.log.appender.buffer.byte-limit = 8388608 (custom)
2023-12-28 09:09:54,339 [3b28bb72-2ab1-44e1-a9b9-2481c9e85245-groupManagement] INFO  util.AwaitToRun (AwaitToRun.java:start(81)) - Thread[3b28bb72-2ab1-44e1-a9b9-2481c9e85245@group-BA4465FE1F69-cacheEviction-AwaitToRun,5,main] started
2023-12-28 09:09:54,339 [3b28bb72-2ab1-44e1-a9b9-2481c9e85245-groupManagement] INFO  segmented.SegmentedRaftLogWorker (SegmentedRaftLogWorker.java:<init>(184)) - new 3b28bb72-2ab1-44e1-a9b9-2481c9e85245@group-BA4465FE1F69-SegmentedRaftLogWorker for RaftStorageImpl:Storage Directory /home/runner/work/ozone/ozone/hadoop-ozone/integration-test/target/test-dir/MiniOzoneClusterImpl-7619c237-1de6-4815-bbe2-f0b52dfbd5bc/datanode-0/data/ratis/55a2ace3-97e0-4be7-8f24-ba4465fe1f69
2023-12-28 09:09:54,339 [3b28bb72-2ab1-44e1-a9b9-2481c9e85245-groupManagement] INFO  server.RaftServerConfigKeys (ConfUtils.java:logGet(46)) - raft.server.log.queue.byte-limit = 4294967296 (custom)
2023-12-28 09:09:54,339 [3b28bb72-2ab1-44e1-a9b9-2481c9e85245-groupManagement] INFO  server.RaftServerConfigKeys (ConfUtils.java:logGet(46)) - raft.server.log.queue.element-limit = 1024 (custom)
2023-12-28 09:09:54,339 [3b28bb72-2ab1-44e1-a9b9-2481c9e85245-groupManagement] INFO  server.RaftServerConfigKeys (ConfUtils.java:logGet(46)) - raft.server.log.segment.size.max = 67108864 (custom)
2023-12-28 09:09:54,339 [3b28bb72-2ab1-44e1-a9b9-2481c9e85245-groupManagement] INFO  server.RaftServerConfigKeys (ConfUtils.java:logGet(46)) - raft.server.log.preallocated.size = 4194304 (custom)
2023-12-28 09:09:54,339 [3b28bb72-2ab1-44e1-a9b9-2481c9e85245-groupManagement] INFO  server.RaftServerConfigKeys (ConfUtils.java:logGet(46)) - raft.server.log.force.sync.num = 128 (default)
2023-12-28 09:09:54,339 [3b28bb72-2ab1-44e1-a9b9-2481c9e85245-groupManagement] INFO  server.RaftServerConfigKeys (ConfUtils.java:logGet(46)) - raft.server.log.statemachine.data.sync = true (default)
2023-12-28 09:09:54,339 [3b28bb72-2ab1-44e1-a9b9-2481c9e85245-groupManagement] INFO  server.RaftServerConfigKeys (ConfUtils.java:logGet(46)) - raft.server.log.statemachine.data.sync.timeout = 10s (default)
2023-12-28 09:09:54,339 [3b28bb72-2ab1-44e1-a9b9-2481c9e85245-groupManagement] INFO  server.RaftServerConfigKeys (ConfUtils.java:logGet(46)) - raft.server.log.statemachine.data.sync.timeout.retry = 0 (custom)
2023-12-28 09:09:54,339 [3b28bb72-2ab1-44e1-a9b9-2481c9e85245-groupManagement] INFO  server.RaftServerConfigKeys (ConfUtils.java:logGet(46)) - raft.server.log.write.buffer.size = 8388616 (custom)
2023-12-28 09:09:54,341 [3b28bb72-2ab1-44e1-a9b9-2481c9e85245-groupManagement] INFO  server.RaftServerConfigKeys (ConfUtils.java:logGet(46)) - raft.server.log.appender.buffer.byte-limit = 8388608 (custom)
2023-12-28 09:09:54,341 [3b28bb72-2ab1-44e1-a9b9-2481c9e85245-groupManagement] INFO  server.RaftServerConfigKeys (ConfUtils.java:logGet(46)) - raft.server.log.unsafe-flush.enabled = false (default)
2023-12-28 09:09:54,341 [3b28bb72-2ab1-44e1-a9b9-2481c9e85245-groupManagement] INFO  server.RaftServerConfigKeys (ConfUtils.java:logGet(46)) - raft.server.log.async-flush.enabled = false (default)
2023-12-28 09:09:54,341 [3b28bb72-2ab1-44e1-a9b9-2481c9e85245-groupManagement] INFO  server.RaftServerConfigKeys (ConfUtils.java:logGet(46)) - raft.server.log.statemachine.data.caching.enabled = true (custom)
2023-12-28 09:09:54,341 [3b28bb72-2ab1-44e1-a9b9-2481c9e85245-groupManagement] INFO  segmented.SegmentedRaftLogWorker (SegmentedRaftLogWorker.java:lambda$new$0(135)) - 3b28bb72-2ab1-44e1-a9b9-2481c9e85245@group-BA4465FE1F69-SegmentedRaftLogWorker: flushIndex: setUnconditionally 0 -> -1
2023-12-28 09:09:54,341 [3b28bb72-2ab1-44e1-a9b9-2481c9e85245-groupManagement] INFO  segmented.SegmentedRaftLogWorker (SegmentedRaftLogWorker.java:lambda$new$0(135)) - 3b28bb72-2ab1-44e1-a9b9-2481c9e85245@group-BA4465FE1F69-SegmentedRaftLogWorker: safeCacheEvictIndex: setUnconditionally 0 -> -1
2023-12-28 09:09:54,342 [3b28bb72-2ab1-44e1-a9b9-2481c9e85245-groupManagement] INFO  server.RaftServer$Division (RaftServerImpl.java:start(392)) - 3b28bb72-2ab1-44e1-a9b9-2481c9e85245@group-BA4465FE1F69: start as a follower, conf=-1: peers:[3b28bb72-2ab1-44e1-a9b9-2481c9e85245|10.1.0.14:15370]|listeners:[], old=null
2023-12-28 09:09:54,342 [3b28bb72-2ab1-44e1-a9b9-2481c9e85245-groupManagement] INFO  server.RaftServer$Division (RaftServerImpl.java:setRole(379)) - 3b28bb72-2ab1-44e1-a9b9-2481c9e85245@group-BA4465FE1F69: changes role from      null to FOLLOWER at term 0 for startAsFollower
2023-12-28 09:09:54,342 [3b28bb72-2ab1-44e1-a9b9-2481c9e85245-groupManagement] INFO  impl.RoleInfo (RoleInfo.java:updateAndGet(139)) - 3b28bb72-2ab1-44e1-a9b9-2481c9e85245: start 3b28bb72-2ab1-44e1-a9b9-2481c9e85245@group-BA4465FE1F69-FollowerState
2023-12-28 09:09:54,342 [3b28bb72-2ab1-44e1-a9b9-2481c9e85245@group-BA4465FE1F69-FollowerState] INFO  server.RaftServerConfigKeys (ConfUtils.java:logFallback(53)) - raft.server.rpc.first-election.timeout.min = 5s (fallback to raft.server.rpc.timeout.min)
2023-12-28 09:09:54,342 [3b28bb72-2ab1-44e1-a9b9-2481c9e85245@group-BA4465FE1F69-FollowerState] INFO  server.RaftServerConfigKeys (ConfUtils.java:logFallback(53)) - raft.server.rpc.first-election.timeout.max = 5200ms (fallback to raft.server.rpc.timeout.max)
2023-12-28 09:09:54,342 [3b28bb72-2ab1-44e1-a9b9-2481c9e85245-groupManagement] INFO  util.JmxRegister (JmxRegister.java:tryRegister(44)) - Successfully registered JMX Bean with object name Ratis:service=RaftServer,group=group-BA4465FE1F69,id=3b28bb72-2ab1-44e1-a9b9-2481c9e85245
2023-12-28 09:09:54,342 [3b28bb72-2ab1-44e1-a9b9-2481c9e85245-groupManagement] INFO  server.RaftServerConfigKeys (ConfUtils.java:logGet(46)) - raft.server.snapshot.trigger-when-stop.enabled = true (default)
2023-12-28 09:09:54,342 [3b28bb72-2ab1-44e1-a9b9-2481c9e85245-groupManagement] INFO  server.RaftServerConfigKeys (ConfUtils.java:logGet(46)) - raft.server.snapshot.auto.trigger.enabled = true (custom)
2023-12-28 09:09:54,342 [3b28bb72-2ab1-44e1-a9b9-2481c9e85245-groupManagement] INFO  server.RaftServerConfigKeys (ConfUtils.java:logGet(46)) - raft.server.snapshot.auto.trigger.threshold = 10000 (custom)
2023-12-28 09:09:54,342 [3b28bb72-2ab1-44e1-a9b9-2481c9e85245-groupManagement] INFO  server.RaftServerConfigKeys (ConfUtils.java:logGet(46)) - raft.server.snapshot.retention.file.num = 5 (custom)
2023-12-28 09:09:54,342 [3b28bb72-2ab1-44e1-a9b9-2481c9e85245-groupManagement] INFO  server.RaftServerConfigKeys (ConfUtils.java:logGet(46)) - raft.server.log.purge.upto.snapshot.index = false (default)
2023-12-28 09:09:54,343 [3b28bb72-2ab1-44e1-a9b9-2481c9e85245-PipelineCommandHandlerThread-0] INFO  ratis.XceiverServerRatis (XceiverServerRatis.java:addGroup(837)) - Created group PipelineID=55a2ace3-97e0-4be7-8f24-ba4465fe1f69
2023-12-28 09:09:54,343 [3b28bb72-2ab1-44e1-a9b9-2481c9e85245-PipelineCommandHandlerThread-0] INFO  commandhandler.CreatePipelineCommandHandler (CreatePipelineCommandHandler.java:lambda$handle$2(124)) - Created Pipeline RATIS ONE PipelineID=55a2ace3-97e0-4be7-8f24-ba4465fe1f69.
2023-12-28 09:09:54,343 [3b28bb72-2ab1-44e1-a9b9-2481c9e85245-PipelineCommandHandlerThread-0] INFO  server.RaftServer (RaftServerProxy.java:addNew(100)) - 3b28bb72-2ab1-44e1-a9b9-2481c9e85245: addNew group-CC541D257CA2:[3b28bb72-2ab1-44e1-a9b9-2481c9e85245|10.1.0.14:15370, d5d8acbd-90b5-4ada-8600-10487a3abfb2|10.1.0.14:15379, 9b863e56-86de-43f6-b2a7-53906d690b33|10.1.0.14:15388] returns group-CC541D257CA2:java.util.concurrent.CompletableFuture@203c4e70[Not completed]
2023-12-28 09:09:54,344 [3b28bb72-2ab1-44e1-a9b9-2481c9e85245-groupManagement] INFO  server.RaftServer$Division (RaftServerImpl.java:<init>(256)) - 3b28bb72-2ab1-44e1-a9b9-2481c9e85245: new RaftServerImpl for group-CC541D257CA2:[3b28bb72-2ab1-44e1-a9b9-2481c9e85245|10.1.0.14:15370, d5d8acbd-90b5-4ada-8600-10487a3abfb2|10.1.0.14:15379, 9b863e56-86de-43f6-b2a7-53906d690b33|10.1.0.14:15388] with ContainerStateMachine:uninitialized
2023-12-28 09:09:54,344 [3b28bb72-2ab1-44e1-a9b9-2481c9e85245-groupManagement] INFO  server.RaftServerConfigKeys (ConfUtils.java:logGet(46)) - raft.server.rpc.timeout.min = 5s (custom)
2023-12-28 09:09:54,344 [3b28bb72-2ab1-44e1-a9b9-2481c9e85245-groupManagement] INFO  server.RaftServerConfigKeys (ConfUtils.java:logGet(46)) - raft.server.rpc.timeout.max = 5200ms (custom)
2023-12-28 09:09:54,344 [3b28bb72-2ab1-44e1-a9b9-2481c9e85245-groupManagement] INFO  server.RaftServerConfigKeys (ConfUtils.java:logGet(46)) - raft.server.rpc.sleep.time = 25ms (default)
2023-12-28 09:09:54,344 [3b28bb72-2ab1-44e1-a9b9-2481c9e85245-groupManagement] INFO  server.RaftServerConfigKeys (ConfUtils.java:logGet(46)) - raft.server.rpc.slowness.timeout = 300000ms (custom)
2023-12-28 09:09:54,344 [3b28bb72-2ab1-44e1-a9b9-2481c9e85245-groupManagement] INFO  server.RaftServerConfigKeys (ConfUtils.java:logGet(46)) - raft.server.leaderelection.leader.step-down.wait-time = 10s (default)
2023-12-28 09:09:54,344 [3b28bb72-2ab1-44e1-a9b9-2481c9e85245-groupManagement] INFO  server.RaftServerConfigKeys (ConfUtils.java:logGet(46)) - raft.server.leaderelection.member.majority-add = false (default)
2023-12-28 09:09:54,344 [3b28bb72-2ab1-44e1-a9b9-2481c9e85245-groupManagement] INFO  server.RaftServerConfigKeys (ConfUtils.java:logGet(46)) - raft.server.sleep.deviation.threshold = 300ms (default)
2023-12-28 09:09:54,344 [3b28bb72-2ab1-44e1-a9b9-2481c9e85245-groupManagement] INFO  server.RaftServer$Division (ServerState.java:<init>(113)) - 3b28bb72-2ab1-44e1-a9b9-2481c9e85245@group-CC541D257CA2: ConfigurationManager, init=-1: peers:[3b28bb72-2ab1-44e1-a9b9-2481c9e85245|10.1.0.14:15370, d5d8acbd-90b5-4ada-8600-10487a3abfb2|10.1.0.14:15379, 9b863e56-86de-43f6-b2a7-53906d690b33|10.1.0.14:15388]|listeners:[], old=null, confs=<EMPTY_MAP>
2023-12-28 09:09:54,344 [3b28bb72-2ab1-44e1-a9b9-2481c9e85245-groupManagement] INFO  server.RaftServerConfigKeys (ConfUtils.java:logGet(46)) - raft.server.notification.no-leader.timeout = 300000ms (custom)
2023-12-28 09:09:54,344 [3b28bb72-2ab1-44e1-a9b9-2481c9e85245-groupManagement] INFO  server.RaftServerConfigKeys (ConfUtils.java:logGet(46)) - raft.server.read.timeout = 10s (default)
2023-12-28 09:09:54,344 [3b28bb72-2ab1-44e1-a9b9-2481c9e85245-groupManagement] INFO  server.RaftServerConfigKeys (ConfUtils.java:logGet(46)) - raft.server.retrycache.expirytime = 600000ms (custom)
2023-12-28 09:09:54,344 [3b28bb72-2ab1-44e1-a9b9-2481c9e85245-groupManagement] INFO  server.RaftServerConfigKeys (ConfUtils.java:logGet(46)) - raft.server.retrycache.statistics.expirytime = 100ms (default)
2023-12-28 09:09:54,344 [3b28bb72-2ab1-44e1-a9b9-2481c9e85245-groupManagement] INFO  server.RaftServerConfigKeys (ConfUtils.java:logGet(46)) - raft.server.read.option = DEFAULT (default)
2023-12-28 09:09:54,344 [3b28bb72-2ab1-44e1-a9b9-2481c9e85245-groupManagement] INFO  server.RaftServerConfigKeys (ConfUtils.java:logGet(46)) - raft.server.read.read-after-write-consistent.write-index-cache.expiry-time = 60s (default)
2023-12-28 09:09:54,346 [3b28bb72-2ab1-44e1-a9b9-2481c9e85245-groupManagement] INFO  server.RaftServerConfigKeys (ConfUtils.java:logGet(46)) - raft.server.rpc.request.timeout = 3000ms (default)
2023-12-28 09:09:54,346 [3b28bb72-2ab1-44e1-a9b9-2481c9e85245-groupManagement] INFO  server.RaftServerConfigKeys (ConfUtils.java:logGet(46)) - raft.server.log.appender.install.snapshot.enabled = false (custom)
2023-12-28 09:09:54,346 [3b28bb72-2ab1-44e1-a9b9-2481c9e85245-groupManagement] INFO  server.RaftServerConfigKeys (ConfUtils.java:logGet(46)) - raft.server.threadpool.server.cached = true (default)
2023-12-28 09:09:54,346 [3b28bb72-2ab1-44e1-a9b9-2481c9e85245-groupManagement] INFO  server.RaftServerConfigKeys (ConfUtils.java:logGet(46)) - raft.server.threadpool.server.size = 0 (default)
2023-12-28 09:09:54,346 [3b28bb72-2ab1-44e1-a9b9-2481c9e85245-groupManagement] INFO  server.RaftServerConfigKeys (ConfUtils.java:logGet(46)) - raft.server.threadpool.client.cached = true (default)
2023-12-28 09:09:54,346 [3b28bb72-2ab1-44e1-a9b9-2481c9e85245-groupManagement] INFO  server.RaftServerConfigKeys (ConfUtils.java:logGet(46)) - raft.server.threadpool.client.size = 0 (default)
2023-12-28 09:09:54,346 [3b28bb72-2ab1-44e1-a9b9-2481c9e85245-groupManagement] INFO  server.RaftServerConfigKeys (ConfUtils.java:logGet(46)) - raft.server.storage.free-space.min = 0MB (=0) (default)
2023-12-28 09:09:54,346 [3b28bb72-2ab1-44e1-a9b9-2481c9e85245-groupManagement] INFO  server.RaftServerConfigKeys (ConfUtils.java:logGet(46)) - raft.server.log.corruption.policy = EXCEPTION (default)
2023-12-28 09:09:54,346 [3b28bb72-2ab1-44e1-a9b9-2481c9e85245-groupManagement] INFO  server.RaftServerConfigKeys (ConfUtils.java:logGet(46)) - raft.server.storage.dir = [/home/runner/work/ozone/ozone/hadoop-ozone/integration-test/target/test-dir/MiniOzoneClusterImpl-7619c237-1de6-4815-bbe2-f0b52dfbd5bc/datanode-0/data/ratis] (custom)
2023-12-28 09:09:54,346 [3b28bb72-2ab1-44e1-a9b9-2481c9e85245-groupManagement] INFO  storage.RaftStorageDirectory (RaftStorageDirectoryImpl.java:analyzeStorage(138)) - The storage directory /home/runner/work/ozone/ozone/hadoop-ozone/integration-test/target/test-dir/MiniOzoneClusterImpl-7619c237-1de6-4815-bbe2-f0b52dfbd5bc/datanode-0/data/ratis/ba537c18-490c-465f-8071-cc541d257ca2 does not exist. Creating ...
2023-12-28 09:09:54,347 [3b28bb72-2ab1-44e1-a9b9-2481c9e85245-groupManagement] INFO  storage.RaftStorageDirectory (RaftStorageDirectoryImpl.java:tryLock(232)) - Lock on /home/runner/work/ozone/ozone/hadoop-ozone/integration-test/target/test-dir/MiniOzoneClusterImpl-7619c237-1de6-4815-bbe2-f0b52dfbd5bc/datanode-0/data/ratis/ba537c18-490c-465f-8071-cc541d257ca2/in_use.lock acquired by nodename 85610@fv-az1384-14
2023-12-28 09:09:54,348 [3b28bb72-2ab1-44e1-a9b9-2481c9e85245-groupManagement] INFO  storage.RaftStorage (RaftStorageImpl.java:format(97)) - Storage directory /home/runner/work/ozone/ozone/hadoop-ozone/integration-test/target/test-dir/MiniOzoneClusterImpl-7619c237-1de6-4815-bbe2-f0b52dfbd5bc/datanode-0/data/ratis/ba537c18-490c-465f-8071-cc541d257ca2 has been successfully formatted.
2023-12-28 09:09:54,348 [3b28bb72-2ab1-44e1-a9b9-2481c9e85245-groupManagement] INFO  ratis.ContainerStateMachine (ContainerStateMachine.java:loadSnapshot(287)) - group-CC541D257CA2: The snapshot info is null. Setting the last applied indexto:(t:0, i:~)
2023-12-28 09:09:54,348 [3b28bb72-2ab1-44e1-a9b9-2481c9e85245-groupManagement] INFO  server.RaftServerConfigKeys (ConfUtils.java:logGet(46)) - raft.server.log.use.memory = false (default)
2023-12-28 09:09:54,348 [3b28bb72-2ab1-44e1-a9b9-2481c9e85245-groupManagement] INFO  server.RaftServerConfigKeys (ConfUtils.java:logGet(46)) - raft.server.log.purge.gap = 1000000 (custom)
2023-12-28 09:09:54,348 [3b28bb72-2ab1-44e1-a9b9-2481c9e85245-groupManagement] INFO  server.RaftServerConfigKeys (ConfUtils.java:logGet(46)) - raft.server.log.appender.buffer.byte-limit = 8388608 (custom)
2023-12-28 09:09:54,348 [3b28bb72-2ab1-44e1-a9b9-2481c9e85245-groupManagement] INFO  server.RaftServerConfigKeys (ConfUtils.java:logGet(46)) - raft.server.log.statemachine.data.read.timeout = 1000ms (default)
2023-12-28 09:09:54,348 [3b28bb72-2ab1-44e1-a9b9-2481c9e85245-groupManagement] INFO  server.RaftServerConfigKeys (ConfUtils.java:logGet(46)) - raft.server.log.purge.preservation.log.num = 0 (default)
2023-12-28 09:09:54,348 [EventQueue-OpenPipelineForHealthyPipelineSafeModeRule] INFO  safemode.SCMSafeModeManager (HealthyPipelineSafeModeRule.java:process(140)) - SCM in safe mode. Healthy pipelines reported count is 0, required healthy pipeline reported count is 1
2023-12-28 09:09:54,350 [3b28bb72-2ab1-44e1-a9b9-2481c9e85245-groupManagement] INFO  server.RaftServerConfigKeys (ConfUtils.java:logGet(46)) - raft.server.log.segment.size.max = 67108864 (custom)
2023-12-28 09:09:54,350 [3b28bb72-2ab1-44e1-a9b9-2481c9e85245-groupManagement] INFO  server.RaftServerConfigKeys (ConfUtils.java:logGet(46)) - raft.server.log.segment.cache.num.max = 2 (custom)
2023-12-28 09:09:54,350 [3b28bb72-2ab1-44e1-a9b9-2481c9e85245-groupManagement] INFO  server.RaftServerConfigKeys (ConfUtils.java:logGet(46)) - raft.server.log.segment.cache.size.max = 200MB (=209715200) (default)
2023-12-28 09:09:54,350 [3b28bb72-2ab1-44e1-a9b9-2481c9e85245-groupManagement] INFO  server.RaftServerConfigKeys (ConfUtils.java:logGet(46)) - raft.server.log.appender.buffer.byte-limit = 8388608 (custom)
2023-12-28 09:09:54,350 [3b28bb72-2ab1-44e1-a9b9-2481c9e85245-groupManagement] INFO  util.AwaitToRun (AwaitToRun.java:start(81)) - Thread[3b28bb72-2ab1-44e1-a9b9-2481c9e85245@group-CC541D257CA2-cacheEviction-AwaitToRun,5,main] started
2023-12-28 09:09:54,350 [3b28bb72-2ab1-44e1-a9b9-2481c9e85245-groupManagement] INFO  segmented.SegmentedRaftLogWorker (SegmentedRaftLogWorker.java:<init>(184)) - new 3b28bb72-2ab1-44e1-a9b9-2481c9e85245@group-CC541D257CA2-SegmentedRaftLogWorker for RaftStorageImpl:Storage Directory /home/runner/work/ozone/ozone/hadoop-ozone/integration-test/target/test-dir/MiniOzoneClusterImpl-7619c237-1de6-4815-bbe2-f0b52dfbd5bc/datanode-0/data/ratis/ba537c18-490c-465f-8071-cc541d257ca2
2023-12-28 09:09:54,351 [3b28bb72-2ab1-44e1-a9b9-2481c9e85245-groupManagement] INFO  server.RaftServerConfigKeys (ConfUtils.java:logGet(46)) - raft.server.log.queue.byte-limit = 4294967296 (custom)
2023-12-28 09:09:54,351 [3b28bb72-2ab1-44e1-a9b9-2481c9e85245-groupManagement] INFO  server.RaftServerConfigKeys (ConfUtils.java:logGet(46)) - raft.server.log.queue.element-limit = 1024 (custom)
2023-12-28 09:09:54,351 [3b28bb72-2ab1-44e1-a9b9-2481c9e85245-groupManagement] INFO  server.RaftServerConfigKeys (ConfUtils.java:logGet(46)) - raft.server.log.segment.size.max = 67108864 (custom)
2023-12-28 09:09:54,351 [3b28bb72-2ab1-44e1-a9b9-2481c9e85245-groupManagement] INFO  server.RaftServerConfigKeys (ConfUtils.java:logGet(46)) - raft.server.log.preallocated.size = 4194304 (custom)
2023-12-28 09:09:54,351 [3b28bb72-2ab1-44e1-a9b9-2481c9e85245-groupManagement] INFO  server.RaftServerConfigKeys (ConfUtils.java:logGet(46)) - raft.server.log.force.sync.num = 128 (default)
2023-12-28 09:09:54,351 [3b28bb72-2ab1-44e1-a9b9-2481c9e85245-groupManagement] INFO  server.RaftServerConfigKeys (ConfUtils.java:logGet(46)) - raft.server.log.statemachine.data.sync = true (default)
2023-12-28 09:09:54,351 [3b28bb72-2ab1-44e1-a9b9-2481c9e85245-groupManagement] INFO  server.RaftServerConfigKeys (ConfUtils.java:logGet(46)) - raft.server.log.statemachine.data.sync.timeout = 10s (default)
2023-12-28 09:09:54,351 [3b28bb72-2ab1-44e1-a9b9-2481c9e85245-groupManagement] INFO  server.RaftServerConfigKeys (ConfUtils.java:logGet(46)) - raft.server.log.statemachine.data.sync.timeout.retry = 0 (custom)
2023-12-28 09:09:54,351 [3b28bb72-2ab1-44e1-a9b9-2481c9e85245-groupManagement] INFO  server.RaftServerConfigKeys (ConfUtils.java:logGet(46)) - raft.server.log.write.buffer.size = 8388616 (custom)
2023-12-28 09:09:54,353 [3b28bb72-2ab1-44e1-a9b9-2481c9e85245-groupManagement] INFO  server.RaftServerConfigKeys (ConfUtils.java:logGet(46)) - raft.server.log.appender.buffer.byte-limit = 8388608 (custom)
2023-12-28 09:09:54,353 [3b28bb72-2ab1-44e1-a9b9-2481c9e85245-groupManagement] INFO  server.RaftServerConfigKeys (ConfUtils.java:logGet(46)) - raft.server.log.unsafe-flush.enabled = false (default)
2023-12-28 09:09:54,353 [3b28bb72-2ab1-44e1-a9b9-2481c9e85245-groupManagement] INFO  server.RaftServerConfigKeys (ConfUtils.java:logGet(46)) - raft.server.log.async-flush.enabled = false (default)
2023-12-28 09:09:54,354 [3b28bb72-2ab1-44e1-a9b9-2481c9e85245-groupManagement] INFO  server.RaftServerConfigKeys (ConfUtils.java:logGet(46)) - raft.server.log.statemachine.data.caching.enabled = true (custom)
2023-12-28 09:09:54,354 [3b28bb72-2ab1-44e1-a9b9-2481c9e85245-groupManagement] INFO  segmented.SegmentedRaftLogWorker (SegmentedRaftLogWorker.java:lambda$new$0(135)) - 3b28bb72-2ab1-44e1-a9b9-2481c9e85245@group-CC541D257CA2-SegmentedRaftLogWorker: flushIndex: setUnconditionally 0 -> -1
2023-12-28 09:09:54,354 [3b28bb72-2ab1-44e1-a9b9-2481c9e85245-groupManagement] INFO  segmented.SegmentedRaftLogWorker (SegmentedRaftLogWorker.java:lambda$new$0(135)) - 3b28bb72-2ab1-44e1-a9b9-2481c9e85245@group-CC541D257CA2-SegmentedRaftLogWorker: safeCacheEvictIndex: setUnconditionally 0 -> -1
2023-12-28 09:09:54,354 [3b28bb72-2ab1-44e1-a9b9-2481c9e85245-groupManagement] INFO  server.RaftServer$Division (RaftServerImpl.java:start(392)) - 3b28bb72-2ab1-44e1-a9b9-2481c9e85245@group-CC541D257CA2: start as a follower, conf=-1: peers:[3b28bb72-2ab1-44e1-a9b9-2481c9e85245|10.1.0.14:15370, d5d8acbd-90b5-4ada-8600-10487a3abfb2|10.1.0.14:15379, 9b863e56-86de-43f6-b2a7-53906d690b33|10.1.0.14:15388]|listeners:[], old=null
2023-12-28 09:09:54,354 [3b28bb72-2ab1-44e1-a9b9-2481c9e85245-groupManagement] INFO  server.RaftServer$Division (RaftServerImpl.java:setRole(379)) - 3b28bb72-2ab1-44e1-a9b9-2481c9e85245@group-CC541D257CA2: changes role from      null to FOLLOWER at term 0 for startAsFollower
2023-12-28 09:09:54,354 [3b28bb72-2ab1-44e1-a9b9-2481c9e85245-groupManagement] INFO  impl.RoleInfo (RoleInfo.java:updateAndGet(139)) - 3b28bb72-2ab1-44e1-a9b9-2481c9e85245: start 3b28bb72-2ab1-44e1-a9b9-2481c9e85245@group-CC541D257CA2-FollowerState
2023-12-28 09:09:54,354 [3b28bb72-2ab1-44e1-a9b9-2481c9e85245@group-CC541D257CA2-FollowerState] INFO  server.RaftServerConfigKeys (ConfUtils.java:logFallback(53)) - raft.server.rpc.first-election.timeout.min = 5s (fallback to raft.server.rpc.timeout.min)
2023-12-28 09:09:54,354 [3b28bb72-2ab1-44e1-a9b9-2481c9e85245-groupManagement] INFO  util.JmxRegister (JmxRegister.java:tryRegister(44)) - Successfully registered JMX Bean with object name Ratis:service=RaftServer,group=group-CC541D257CA2,id=3b28bb72-2ab1-44e1-a9b9-2481c9e85245
2023-12-28 09:09:54,354 [3b28bb72-2ab1-44e1-a9b9-2481c9e85245@group-CC541D257CA2-FollowerState] INFO  server.RaftServerConfigKeys (ConfUtils.java:logFallback(53)) - raft.server.rpc.first-election.timeout.max = 5200ms (fallback to raft.server.rpc.timeout.max)
2023-12-28 09:09:54,354 [3b28bb72-2ab1-44e1-a9b9-2481c9e85245-groupManagement] INFO  server.RaftServerConfigKeys (ConfUtils.java:logGet(46)) - raft.server.snapshot.trigger-when-stop.enabled = true (default)
2023-12-28 09:09:54,355 [3b28bb72-2ab1-44e1-a9b9-2481c9e85245-groupManagement] INFO  server.RaftServerConfigKeys (ConfUtils.java:logGet(46)) - raft.server.snapshot.auto.trigger.enabled = true (custom)
2023-12-28 09:09:54,355 [3b28bb72-2ab1-44e1-a9b9-2481c9e85245-groupManagement] INFO  server.RaftServerConfigKeys (ConfUtils.java:logGet(46)) - raft.server.snapshot.auto.trigger.threshold = 10000 (custom)
2023-12-28 09:09:54,355 [3b28bb72-2ab1-44e1-a9b9-2481c9e85245-groupManagement] INFO  server.RaftServerConfigKeys (ConfUtils.java:logGet(46)) - raft.server.snapshot.retention.file.num = 5 (custom)
2023-12-28 09:09:54,355 [3b28bb72-2ab1-44e1-a9b9-2481c9e85245-groupManagement] INFO  server.RaftServerConfigKeys (ConfUtils.java:logGet(46)) - raft.server.log.purge.upto.snapshot.index = false (default)
2023-12-28 09:09:54,355 [3b28bb72-2ab1-44e1-a9b9-2481c9e85245-PipelineCommandHandlerThread-0] INFO  ratis.XceiverServerRatis (XceiverServerRatis.java:addGroup(837)) - Created group PipelineID=ba537c18-490c-465f-8071-cc541d257ca2
2023-12-28 09:09:54,361 [grpc-default-executor-2] INFO  server.RaftServer (RaftServerProxy.java:addNew(100)) - d5d8acbd-90b5-4ada-8600-10487a3abfb2: addNew group-CC541D257CA2:[3b28bb72-2ab1-44e1-a9b9-2481c9e85245|10.1.0.14:15370, d5d8acbd-90b5-4ada-8600-10487a3abfb2|10.1.0.14:15379, 9b863e56-86de-43f6-b2a7-53906d690b33|10.1.0.14:15388] returns group-CC541D257CA2:java.util.concurrent.CompletableFuture@5596233d[Not completed]
2023-12-28 09:09:54,362 [d5d8acbd-90b5-4ada-8600-10487a3abfb2-groupManagement] INFO  server.RaftServer$Division (RaftServerImpl.java:<init>(256)) - d5d8acbd-90b5-4ada-8600-10487a3abfb2: new RaftServerImpl for group-CC541D257CA2:[3b28bb72-2ab1-44e1-a9b9-2481c9e85245|10.1.0.14:15370, d5d8acbd-90b5-4ada-8600-10487a3abfb2|10.1.0.14:15379, 9b863e56-86de-43f6-b2a7-53906d690b33|10.1.0.14:15388] with ContainerStateMachine:uninitialized
2023-12-28 09:09:54,362 [d5d8acbd-90b5-4ada-8600-10487a3abfb2-groupManagement] INFO  server.RaftServerConfigKeys (ConfUtils.java:logGet(46)) - raft.server.rpc.timeout.min = 5s (custom)
2023-12-28 09:09:54,362 [d5d8acbd-90b5-4ada-8600-10487a3abfb2-groupManagement] INFO  server.RaftServerConfigKeys (ConfUtils.java:logGet(46)) - raft.server.rpc.timeout.max = 5200ms (custom)
2023-12-28 09:09:54,362 [d5d8acbd-90b5-4ada-8600-10487a3abfb2-groupManagement] INFO  server.RaftServerConfigKeys (ConfUtils.java:logGet(46)) - raft.server.rpc.sleep.time = 25ms (default)
2023-12-28 09:09:54,362 [d5d8acbd-90b5-4ada-8600-10487a3abfb2-groupManagement] INFO  server.RaftServerConfigKeys (ConfUtils.java:logGet(46)) - raft.server.rpc.slowness.timeout = 300000ms (custom)
2023-12-28 09:09:54,362 [d5d8acbd-90b5-4ada-8600-10487a3abfb2-groupManagement] INFO  server.RaftServerConfigKeys (ConfUtils.java:logGet(46)) - raft.server.leaderelection.leader.step-down.wait-time = 10s (default)
2023-12-28 09:09:54,362 [d5d8acbd-90b5-4ada-8600-10487a3abfb2-groupManagement] INFO  server.RaftServerConfigKeys (ConfUtils.java:logGet(46)) - raft.server.leaderelection.member.majority-add = false (default)
2023-12-28 09:09:54,362 [d5d8acbd-90b5-4ada-8600-10487a3abfb2-groupManagement] INFO  server.RaftServerConfigKeys (ConfUtils.java:logGet(46)) - raft.server.sleep.deviation.threshold = 300ms (default)
2023-12-28 09:09:54,362 [d5d8acbd-90b5-4ada-8600-10487a3abfb2-groupManagement] INFO  server.RaftServer$Division (ServerState.java:<init>(113)) - d5d8acbd-90b5-4ada-8600-10487a3abfb2@group-CC541D257CA2: ConfigurationManager, init=-1: peers:[3b28bb72-2ab1-44e1-a9b9-2481c9e85245|10.1.0.14:15370, d5d8acbd-90b5-4ada-8600-10487a3abfb2|10.1.0.14:15379, 9b863e56-86de-43f6-b2a7-53906d690b33|10.1.0.14:15388]|listeners:[], old=null, confs=<EMPTY_MAP>
2023-12-28 09:09:54,362 [d5d8acbd-90b5-4ada-8600-10487a3abfb2-groupManagement] INFO  server.RaftServerConfigKeys (ConfUtils.java:logGet(46)) - raft.server.notification.no-leader.timeout = 300000ms (custom)
2023-12-28 09:09:54,362 [d5d8acbd-90b5-4ada-8600-10487a3abfb2-groupManagement] INFO  server.RaftServerConfigKeys (ConfUtils.java:logGet(46)) - raft.server.read.timeout = 10s (default)
2023-12-28 09:09:54,363 [d5d8acbd-90b5-4ada-8600-10487a3abfb2-groupManagement] INFO  server.RaftServerConfigKeys (ConfUtils.java:logGet(46)) - raft.server.retrycache.expirytime = 600000ms (custom)
2023-12-28 09:09:54,363 [d5d8acbd-90b5-4ada-8600-10487a3abfb2-groupManagement] INFO  server.RaftServerConfigKeys (ConfUtils.java:logGet(46)) - raft.server.retrycache.statistics.expirytime = 100ms (default)
2023-12-28 09:09:54,363 [d5d8acbd-90b5-4ada-8600-10487a3abfb2-groupManagement] INFO  server.RaftServerConfigKeys (ConfUtils.java:logGet(46)) - raft.server.read.option = DEFAULT (default)
2023-12-28 09:09:54,363 [d5d8acbd-90b5-4ada-8600-10487a3abfb2-groupManagement] INFO  server.RaftServerConfigKeys (ConfUtils.java:logGet(46)) - raft.server.read.read-after-write-consistent.write-index-cache.expiry-time = 60s (default)
2023-12-28 09:09:54,364 [d5d8acbd-90b5-4ada-8600-10487a3abfb2-groupManagement] INFO  server.RaftServerConfigKeys (ConfUtils.java:logGet(46)) - raft.server.rpc.request.timeout = 3000ms (default)
2023-12-28 09:09:54,364 [d5d8acbd-90b5-4ada-8600-10487a3abfb2-groupManagement] INFO  server.RaftServerConfigKeys (ConfUtils.java:logGet(46)) - raft.server.log.appender.install.snapshot.enabled = false (custom)
2023-12-28 09:09:54,364 [d5d8acbd-90b5-4ada-8600-10487a3abfb2-groupManagement] INFO  server.RaftServerConfigKeys (ConfUtils.java:logGet(46)) - raft.server.threadpool.server.cached = true (default)
2023-12-28 09:09:54,364 [d5d8acbd-90b5-4ada-8600-10487a3abfb2-groupManagement] INFO  server.RaftServerConfigKeys (ConfUtils.java:logGet(46)) - raft.server.threadpool.server.size = 0 (default)
2023-12-28 09:09:54,364 [d5d8acbd-90b5-4ada-8600-10487a3abfb2-groupManagement] INFO  server.RaftServerConfigKeys (ConfUtils.java:logGet(46)) - raft.server.threadpool.client.cached = true (default)
2023-12-28 09:09:54,364 [d5d8acbd-90b5-4ada-8600-10487a3abfb2-groupManagement] INFO  server.RaftServerConfigKeys (ConfUtils.java:logGet(46)) - raft.server.threadpool.client.size = 0 (default)
2023-12-28 09:09:54,364 [d5d8acbd-90b5-4ada-8600-10487a3abfb2-groupManagement] INFO  server.RaftServerConfigKeys (ConfUtils.java:logGet(46)) - raft.server.storage.free-space.min = 0MB (=0) (default)
2023-12-28 09:09:54,364 [d5d8acbd-90b5-4ada-8600-10487a3abfb2-groupManagement] INFO  server.RaftServerConfigKeys (ConfUtils.java:logGet(46)) - raft.server.log.corruption.policy = EXCEPTION (default)
2023-12-28 09:09:54,364 [d5d8acbd-90b5-4ada-8600-10487a3abfb2-groupManagement] INFO  server.RaftServerConfigKeys (ConfUtils.java:logGet(46)) - raft.server.storage.dir = [/home/runner/work/ozone/ozone/hadoop-ozone/integration-test/target/test-dir/MiniOzoneClusterImpl-7619c237-1de6-4815-bbe2-f0b52dfbd5bc/datanode-1/data/ratis] (custom)
2023-12-28 09:09:54,364 [d5d8acbd-90b5-4ada-8600-10487a3abfb2-groupManagement] INFO  storage.RaftStorageDirectory (RaftStorageDirectoryImpl.java:analyzeStorage(138)) - The storage directory /home/runner/work/ozone/ozone/hadoop-ozone/integration-test/target/test-dir/MiniOzoneClusterImpl-7619c237-1de6-4815-bbe2-f0b52dfbd5bc/datanode-1/data/ratis/ba537c18-490c-465f-8071-cc541d257ca2 does not exist. Creating ...
2023-12-28 09:09:54,366 [d5d8acbd-90b5-4ada-8600-10487a3abfb2-groupManagement] INFO  storage.RaftStorageDirectory (RaftStorageDirectoryImpl.java:tryLock(232)) - Lock on /home/runner/work/ozone/ozone/hadoop-ozone/integration-test/target/test-dir/MiniOzoneClusterImpl-7619c237-1de6-4815-bbe2-f0b52dfbd5bc/datanode-1/data/ratis/ba537c18-490c-465f-8071-cc541d257ca2/in_use.lock acquired by nodename 85610@fv-az1384-14
2023-12-28 09:09:54,367 [d5d8acbd-90b5-4ada-8600-10487a3abfb2-groupManagement] INFO  storage.RaftStorage (RaftStorageImpl.java:format(97)) - Storage directory /home/runner/work/ozone/ozone/hadoop-ozone/integration-test/target/test-dir/MiniOzoneClusterImpl-7619c237-1de6-4815-bbe2-f0b52dfbd5bc/datanode-1/data/ratis/ba537c18-490c-465f-8071-cc541d257ca2 has been successfully formatted.
2023-12-28 09:09:54,367 [d5d8acbd-90b5-4ada-8600-10487a3abfb2-groupManagement] INFO  ratis.ContainerStateMachine (ContainerStateMachine.java:loadSnapshot(287)) - group-CC541D257CA2: The snapshot info is null. Setting the last applied indexto:(t:0, i:~)
2023-12-28 09:09:54,368 [d5d8acbd-90b5-4ada-8600-10487a3abfb2-groupManagement] INFO  server.RaftServerConfigKeys (ConfUtils.java:logGet(46)) - raft.server.log.use.memory = false (default)
2023-12-28 09:09:54,368 [d5d8acbd-90b5-4ada-8600-10487a3abfb2-groupManagement] INFO  server.RaftServerConfigKeys (ConfUtils.java:logGet(46)) - raft.server.log.purge.gap = 1000000 (custom)
2023-12-28 09:09:54,368 [d5d8acbd-90b5-4ada-8600-10487a3abfb2-groupManagement] INFO  server.RaftServerConfigKeys (ConfUtils.java:logGet(46)) - raft.server.log.appender.buffer.byte-limit = 8388608 (custom)
2023-12-28 09:09:54,368 [d5d8acbd-90b5-4ada-8600-10487a3abfb2-groupManagement] INFO  server.RaftServerConfigKeys (ConfUtils.java:logGet(46)) - raft.server.log.statemachine.data.read.timeout = 1000ms (default)
2023-12-28 09:09:54,368 [d5d8acbd-90b5-4ada-8600-10487a3abfb2-groupManagement] INFO  server.RaftServerConfigKeys (ConfUtils.java:logGet(46)) - raft.server.log.purge.preservation.log.num = 0 (default)
2023-12-28 09:09:54,369 [d5d8acbd-90b5-4ada-8600-10487a3abfb2-groupManagement] INFO  server.RaftServerConfigKeys (ConfUtils.java:logGet(46)) - raft.server.log.segment.size.max = 67108864 (custom)
2023-12-28 09:09:54,369 [d5d8acbd-90b5-4ada-8600-10487a3abfb2-groupManagement] INFO  server.RaftServerConfigKeys (ConfUtils.java:logGet(46)) - raft.server.log.segment.cache.num.max = 2 (custom)
2023-12-28 09:09:54,369 [d5d8acbd-90b5-4ada-8600-10487a3abfb2-groupManagement] INFO  server.RaftServerConfigKeys (ConfUtils.java:logGet(46)) - raft.server.log.segment.cache.size.max = 200MB (=209715200) (default)
2023-12-28 09:09:54,369 [d5d8acbd-90b5-4ada-8600-10487a3abfb2-groupManagement] INFO  server.RaftServerConfigKeys (ConfUtils.java:logGet(46)) - raft.server.log.appender.buffer.byte-limit = 8388608 (custom)
2023-12-28 09:09:54,369 [d5d8acbd-90b5-4ada-8600-10487a3abfb2-groupManagement] INFO  util.AwaitToRun (AwaitToRun.java:start(81)) - Thread[d5d8acbd-90b5-4ada-8600-10487a3abfb2@group-CC541D257CA2-cacheEviction-AwaitToRun,5,main] started
2023-12-28 09:09:54,369 [d5d8acbd-90b5-4ada-8600-10487a3abfb2-groupManagement] INFO  segmented.SegmentedRaftLogWorker (SegmentedRaftLogWorker.java:<init>(184)) - new d5d8acbd-90b5-4ada-8600-10487a3abfb2@group-CC541D257CA2-SegmentedRaftLogWorker for RaftStorageImpl:Storage Directory /home/runner/work/ozone/ozone/hadoop-ozone/integration-test/target/test-dir/MiniOzoneClusterImpl-7619c237-1de6-4815-bbe2-f0b52dfbd5bc/datanode-1/data/ratis/ba537c18-490c-465f-8071-cc541d257ca2
2023-12-28 09:09:54,369 [d5d8acbd-90b5-4ada-8600-10487a3abfb2-groupManagement] INFO  server.RaftServerConfigKeys (ConfUtils.java:logGet(46)) - raft.server.log.queue.byte-limit = 4294967296 (custom)
2023-12-28 09:09:54,369 [d5d8acbd-90b5-4ada-8600-10487a3abfb2-groupManagement] INFO  server.RaftServerConfigKeys (ConfUtils.java:logGet(46)) - raft.server.log.queue.element-limit = 1024 (custom)
2023-12-28 09:09:54,369 [d5d8acbd-90b5-4ada-8600-10487a3abfb2-groupManagement] INFO  server.RaftServerConfigKeys (ConfUtils.java:logGet(46)) - raft.server.log.segment.size.max = 67108864 (custom)
2023-12-28 09:09:54,370 [d5d8acbd-90b5-4ada-8600-10487a3abfb2-groupManagement] INFO  server.RaftServerConfigKeys (ConfUtils.java:logGet(46)) - raft.server.log.preallocated.size = 4194304 (custom)
2023-12-28 09:09:54,370 [d5d8acbd-90b5-4ada-8600-10487a3abfb2-groupManagement] INFO  server.RaftServerConfigKeys (ConfUtils.java:logGet(46)) - raft.server.log.force.sync.num = 128 (default)
2023-12-28 09:09:54,370 [d5d8acbd-90b5-4ada-8600-10487a3abfb2-groupManagement] INFO  server.RaftServerConfigKeys (ConfUtils.java:logGet(46)) - raft.server.log.statemachine.data.sync = true (default)
2023-12-28 09:09:54,370 [d5d8acbd-90b5-4ada-8600-10487a3abfb2-groupManagement] INFO  server.RaftServerConfigKeys (ConfUtils.java:logGet(46)) - raft.server.log.statemachine.data.sync.timeout = 10s (default)
2023-12-28 09:09:54,370 [d5d8acbd-90b5-4ada-8600-10487a3abfb2-groupManagement] INFO  server.RaftServerConfigKeys (ConfUtils.java:logGet(46)) - raft.server.log.statemachine.data.sync.timeout.retry = 0 (custom)
2023-12-28 09:09:54,370 [d5d8acbd-90b5-4ada-8600-10487a3abfb2-groupManagement] INFO  server.RaftServerConfigKeys (ConfUtils.java:logGet(46)) - raft.server.log.write.buffer.size = 8388616 (custom)
2023-12-28 09:09:54,372 [d5d8acbd-90b5-4ada-8600-10487a3abfb2-groupManagement] INFO  server.RaftServerConfigKeys (ConfUtils.java:logGet(46)) - raft.server.log.appender.buffer.byte-limit = 8388608 (custom)
2023-12-28 09:09:54,372 [d5d8acbd-90b5-4ada-8600-10487a3abfb2-groupManagement] INFO  server.RaftServerConfigKeys (ConfUtils.java:logGet(46)) - raft.server.log.unsafe-flush.enabled = false (default)
2023-12-28 09:09:54,372 [d5d8acbd-90b5-4ada-8600-10487a3abfb2-groupManagement] INFO  server.RaftServerConfigKeys (ConfUtils.java:logGet(46)) - raft.server.log.async-flush.enabled = false (default)
2023-12-28 09:09:54,372 [d5d8acbd-90b5-4ada-8600-10487a3abfb2-groupManagement] INFO  server.RaftServerConfigKeys (ConfUtils.java:logGet(46)) - raft.server.log.statemachine.data.caching.enabled = true (custom)
2023-12-28 09:09:54,372 [d5d8acbd-90b5-4ada-8600-10487a3abfb2-groupManagement] INFO  segmented.SegmentedRaftLogWorker (SegmentedRaftLogWorker.java:lambda$new$0(135)) - d5d8acbd-90b5-4ada-8600-10487a3abfb2@group-CC541D257CA2-SegmentedRaftLogWorker: flushIndex: setUnconditionally 0 -> -1
2023-12-28 09:09:54,372 [d5d8acbd-90b5-4ada-8600-10487a3abfb2-groupManagement] INFO  segmented.SegmentedRaftLogWorker (SegmentedRaftLogWorker.java:lambda$new$0(135)) - d5d8acbd-90b5-4ada-8600-10487a3abfb2@group-CC541D257CA2-SegmentedRaftLogWorker: safeCacheEvictIndex: setUnconditionally 0 -> -1
2023-12-28 09:09:54,373 [d5d8acbd-90b5-4ada-8600-10487a3abfb2-groupManagement] INFO  server.RaftServer$Division (RaftServerImpl.java:start(392)) - d5d8acbd-90b5-4ada-8600-10487a3abfb2@group-CC541D257CA2: start as a follower, conf=-1: peers:[3b28bb72-2ab1-44e1-a9b9-2481c9e85245|10.1.0.14:15370, d5d8acbd-90b5-4ada-8600-10487a3abfb2|10.1.0.14:15379, 9b863e56-86de-43f6-b2a7-53906d690b33|10.1.0.14:15388]|listeners:[], old=null
2023-12-28 09:09:54,373 [d5d8acbd-90b5-4ada-8600-10487a3abfb2-groupManagement] INFO  server.RaftServer$Division (RaftServerImpl.java:setRole(379)) - d5d8acbd-90b5-4ada-8600-10487a3abfb2@group-CC541D257CA2: changes role from      null to FOLLOWER at term 0 for startAsFollower
2023-12-28 09:09:54,373 [d5d8acbd-90b5-4ada-8600-10487a3abfb2-groupManagement] INFO  impl.RoleInfo (RoleInfo.java:updateAndGet(139)) - d5d8acbd-90b5-4ada-8600-10487a3abfb2: start d5d8acbd-90b5-4ada-8600-10487a3abfb2@group-CC541D257CA2-FollowerState
2023-12-28 09:09:54,373 [d5d8acbd-90b5-4ada-8600-10487a3abfb2-groupManagement] INFO  util.JmxRegister (JmxRegister.java:tryRegister(44)) - Successfully registered JMX Bean with object name Ratis:service=RaftServer,group=group-CC541D257CA2,id=d5d8acbd-90b5-4ada-8600-10487a3abfb2
2023-12-28 09:09:54,373 [d5d8acbd-90b5-4ada-8600-10487a3abfb2@group-CC541D257CA2-FollowerState] INFO  server.RaftServerConfigKeys (ConfUtils.java:logFallback(53)) - raft.server.rpc.first-election.timeout.min = 5s (fallback to raft.server.rpc.timeout.min)
2023-12-28 09:09:54,373 [d5d8acbd-90b5-4ada-8600-10487a3abfb2-groupManagement] INFO  server.RaftServerConfigKeys (ConfUtils.java:logGet(46)) - raft.server.snapshot.trigger-when-stop.enabled = true (default)
2023-12-28 09:09:54,373 [d5d8acbd-90b5-4ada-8600-10487a3abfb2@group-CC541D257CA2-FollowerState] INFO  server.RaftServerConfigKeys (ConfUtils.java:logFallback(53)) - raft.server.rpc.first-election.timeout.max = 5200ms (fallback to raft.server.rpc.timeout.max)
2023-12-28 09:09:54,373 [d5d8acbd-90b5-4ada-8600-10487a3abfb2-groupManagement] INFO  server.RaftServerConfigKeys (ConfUtils.java:logGet(46)) - raft.server.snapshot.auto.trigger.enabled = true (custom)
2023-12-28 09:09:54,373 [d5d8acbd-90b5-4ada-8600-10487a3abfb2-groupManagement] INFO  server.RaftServerConfigKeys (ConfUtils.java:logGet(46)) - raft.server.snapshot.auto.trigger.threshold = 10000 (custom)
2023-12-28 09:09:54,373 [d5d8acbd-90b5-4ada-8600-10487a3abfb2-groupManagement] INFO  server.RaftServerConfigKeys (ConfUtils.java:logGet(46)) - raft.server.snapshot.retention.file.num = 5 (custom)
2023-12-28 09:09:54,373 [d5d8acbd-90b5-4ada-8600-10487a3abfb2-groupManagement] INFO  server.RaftServerConfigKeys (ConfUtils.java:logGet(46)) - raft.server.log.purge.upto.snapshot.index = false (default)
2023-12-28 09:09:54,380 [grpc-default-executor-2] INFO  server.RaftServer (RaftServerProxy.java:addNew(100)) - 9b863e56-86de-43f6-b2a7-53906d690b33: addNew group-CC541D257CA2:[3b28bb72-2ab1-44e1-a9b9-2481c9e85245|10.1.0.14:15370, d5d8acbd-90b5-4ada-8600-10487a3abfb2|10.1.0.14:15379, 9b863e56-86de-43f6-b2a7-53906d690b33|10.1.0.14:15388] returns group-CC541D257CA2:java.util.concurrent.CompletableFuture@126e3d6a[Not completed]
2023-12-28 09:09:54,380 [9b863e56-86de-43f6-b2a7-53906d690b33-groupManagement] INFO  server.RaftServer$Division (RaftServerImpl.java:<init>(256)) - 9b863e56-86de-43f6-b2a7-53906d690b33: new RaftServerImpl for group-CC541D257CA2:[3b28bb72-2ab1-44e1-a9b9-2481c9e85245|10.1.0.14:15370, d5d8acbd-90b5-4ada-8600-10487a3abfb2|10.1.0.14:15379, 9b863e56-86de-43f6-b2a7-53906d690b33|10.1.0.14:15388] with ContainerStateMachine:uninitialized
2023-12-28 09:09:54,381 [9b863e56-86de-43f6-b2a7-53906d690b33-groupManagement] INFO  server.RaftServerConfigKeys (ConfUtils.java:logGet(46)) - raft.server.rpc.timeout.min = 5s (custom)
2023-12-28 09:09:54,381 [9b863e56-86de-43f6-b2a7-53906d690b33-groupManagement] INFO  server.RaftServerConfigKeys (ConfUtils.java:logGet(46)) - raft.server.rpc.timeout.max = 5200ms (custom)
2023-12-28 09:09:54,381 [9b863e56-86de-43f6-b2a7-53906d690b33-groupManagement] INFO  server.RaftServerConfigKeys (ConfUtils.java:logGet(46)) - raft.server.rpc.sleep.time = 25ms (default)
2023-12-28 09:09:54,381 [9b863e56-86de-43f6-b2a7-53906d690b33-groupManagement] INFO  server.RaftServerConfigKeys (ConfUtils.java:logGet(46)) - raft.server.rpc.slowness.timeout = 300000ms (custom)
2023-12-28 09:09:54,381 [9b863e56-86de-43f6-b2a7-53906d690b33-groupManagement] INFO  server.RaftServerConfigKeys (ConfUtils.java:logGet(46)) - raft.server.leaderelection.leader.step-down.wait-time = 10s (default)
2023-12-28 09:09:54,381 [9b863e56-86de-43f6-b2a7-53906d690b33-groupManagement] INFO  server.RaftServerConfigKeys (ConfUtils.java:logGet(46)) - raft.server.leaderelection.member.majority-add = false (default)
2023-12-28 09:09:54,381 [9b863e56-86de-43f6-b2a7-53906d690b33-groupManagement] INFO  server.RaftServerConfigKeys (ConfUtils.java:logGet(46)) - raft.server.sleep.deviation.threshold = 300ms (default)
2023-12-28 09:09:54,381 [9b863e56-86de-43f6-b2a7-53906d690b33-groupManagement] INFO  server.RaftServer$Division (ServerState.java:<init>(113)) - 9b863e56-86de-43f6-b2a7-53906d690b33@group-CC541D257CA2: ConfigurationManager, init=-1: peers:[3b28bb72-2ab1-44e1-a9b9-2481c9e85245|10.1.0.14:15370, d5d8acbd-90b5-4ada-8600-10487a3abfb2|10.1.0.14:15379, 9b863e56-86de-43f6-b2a7-53906d690b33|10.1.0.14:15388]|listeners:[], old=null, confs=<EMPTY_MAP>
2023-12-28 09:09:54,381 [9b863e56-86de-43f6-b2a7-53906d690b33-groupManagement] INFO  server.RaftServerConfigKeys (ConfUtils.java:logGet(46)) - raft.server.notification.no-leader.timeout = 300000ms (custom)
2023-12-28 09:09:54,381 [9b863e56-86de-43f6-b2a7-53906d690b33-groupManagement] INFO  server.RaftServerConfigKeys (ConfUtils.java:logGet(46)) - raft.server.read.timeout = 10s (default)
2023-12-28 09:09:54,381 [9b863e56-86de-43f6-b2a7-53906d690b33-groupManagement] INFO  server.RaftServerConfigKeys (ConfUtils.java:logGet(46)) - raft.server.retrycache.expirytime = 600000ms (custom)
2023-12-28 09:09:54,381 [9b863e56-86de-43f6-b2a7-53906d690b33-groupManagement] INFO  server.RaftServerConfigKeys (ConfUtils.java:logGet(46)) - raft.server.retrycache.statistics.expirytime = 100ms (default)
2023-12-28 09:09:54,381 [9b863e56-86de-43f6-b2a7-53906d690b33-groupManagement] INFO  server.RaftServerConfigKeys (ConfUtils.java:logGet(46)) - raft.server.read.option = DEFAULT (default)
2023-12-28 09:09:54,381 [9b863e56-86de-43f6-b2a7-53906d690b33-groupManagement] INFO  server.RaftServerConfigKeys (ConfUtils.java:logGet(46)) - raft.server.read.read-after-write-consistent.write-index-cache.expiry-time = 60s (default)
2023-12-28 09:09:54,383 [9b863e56-86de-43f6-b2a7-53906d690b33-groupManagement] INFO  server.RaftServerConfigKeys (ConfUtils.java:logGet(46)) - raft.server.rpc.request.timeout = 3000ms (default)
2023-12-28 09:09:54,383 [9b863e56-86de-43f6-b2a7-53906d690b33-groupManagement] INFO  server.RaftServerConfigKeys (ConfUtils.java:logGet(46)) - raft.server.log.appender.install.snapshot.enabled = false (custom)
2023-12-28 09:09:54,383 [9b863e56-86de-43f6-b2a7-53906d690b33-groupManagement] INFO  server.RaftServerConfigKeys (ConfUtils.java:logGet(46)) - raft.server.threadpool.server.cached = true (default)
2023-12-28 09:09:54,383 [9b863e56-86de-43f6-b2a7-53906d690b33-groupManagement] INFO  server.RaftServerConfigKeys (ConfUtils.java:logGet(46)) - raft.server.threadpool.server.size = 0 (default)
2023-12-28 09:09:54,383 [9b863e56-86de-43f6-b2a7-53906d690b33-groupManagement] INFO  server.RaftServerConfigKeys (ConfUtils.java:logGet(46)) - raft.server.threadpool.client.cached = true (default)
2023-12-28 09:09:54,383 [9b863e56-86de-43f6-b2a7-53906d690b33-groupManagement] INFO  server.RaftServerConfigKeys (ConfUtils.java:logGet(46)) - raft.server.threadpool.client.size = 0 (default)
2023-12-28 09:09:54,383 [9b863e56-86de-43f6-b2a7-53906d690b33-groupManagement] INFO  server.RaftServerConfigKeys (ConfUtils.java:logGet(46)) - raft.server.storage.free-space.min = 0MB (=0) (default)
2023-12-28 09:09:54,383 [9b863e56-86de-43f6-b2a7-53906d690b33-groupManagement] INFO  server.RaftServerConfigKeys (ConfUtils.java:logGet(46)) - raft.server.log.corruption.policy = EXCEPTION (default)
2023-12-28 09:09:54,383 [9b863e56-86de-43f6-b2a7-53906d690b33-groupManagement] INFO  server.RaftServerConfigKeys (ConfUtils.java:logGet(46)) - raft.server.storage.dir = [/home/runner/work/ozone/ozone/hadoop-ozone/integration-test/target/test-dir/MiniOzoneClusterImpl-7619c237-1de6-4815-bbe2-f0b52dfbd5bc/datanode-2/data/ratis] (custom)
2023-12-28 09:09:54,383 [9b863e56-86de-43f6-b2a7-53906d690b33-groupManagement] INFO  storage.RaftStorageDirectory (RaftStorageDirectoryImpl.java:analyzeStorage(138)) - The storage directory /home/runner/work/ozone/ozone/hadoop-ozone/integration-test/target/test-dir/MiniOzoneClusterImpl-7619c237-1de6-4815-bbe2-f0b52dfbd5bc/datanode-2/data/ratis/ba537c18-490c-465f-8071-cc541d257ca2 does not exist. Creating ...
2023-12-28 09:09:54,384 [9b863e56-86de-43f6-b2a7-53906d690b33-groupManagement] INFO  storage.RaftStorageDirectory (RaftStorageDirectoryImpl.java:tryLock(232)) - Lock on /home/runner/work/ozone/ozone/hadoop-ozone/integration-test/target/test-dir/MiniOzoneClusterImpl-7619c237-1de6-4815-bbe2-f0b52dfbd5bc/datanode-2/data/ratis/ba537c18-490c-465f-8071-cc541d257ca2/in_use.lock acquired by nodename 85610@fv-az1384-14
2023-12-28 09:09:54,385 [9b863e56-86de-43f6-b2a7-53906d690b33-groupManagement] INFO  storage.RaftStorage (RaftStorageImpl.java:format(97)) - Storage directory /home/runner/work/ozone/ozone/hadoop-ozone/integration-test/target/test-dir/MiniOzoneClusterImpl-7619c237-1de6-4815-bbe2-f0b52dfbd5bc/datanode-2/data/ratis/ba537c18-490c-465f-8071-cc541d257ca2 has been successfully formatted.
2023-12-28 09:09:54,386 [9b863e56-86de-43f6-b2a7-53906d690b33-groupManagement] INFO  ratis.ContainerStateMachine (ContainerStateMachine.java:loadSnapshot(287)) - group-CC541D257CA2: The snapshot info is null. Setting the last applied indexto:(t:0, i:~)
2023-12-28 09:09:54,386 [9b863e56-86de-43f6-b2a7-53906d690b33-groupManagement] INFO  server.RaftServerConfigKeys (ConfUtils.java:logGet(46)) - raft.server.log.use.memory = false (default)
2023-12-28 09:09:54,386 [9b863e56-86de-43f6-b2a7-53906d690b33-groupManagement] INFO  server.RaftServerConfigKeys (ConfUtils.java:logGet(46)) - raft.server.log.purge.gap = 1000000 (custom)
2023-12-28 09:09:54,386 [9b863e56-86de-43f6-b2a7-53906d690b33-groupManagement] INFO  server.RaftServerConfigKeys (ConfUtils.java:logGet(46)) - raft.server.log.appender.buffer.byte-limit = 8388608 (custom)
2023-12-28 09:09:54,387 [9b863e56-86de-43f6-b2a7-53906d690b33-groupManagement] INFO  server.RaftServerConfigKeys (ConfUtils.java:logGet(46)) - raft.server.log.statemachine.data.read.timeout = 1000ms (default)
2023-12-28 09:09:54,387 [9b863e56-86de-43f6-b2a7-53906d690b33-groupManagement] INFO  server.RaftServerConfigKeys (ConfUtils.java:logGet(46)) - raft.server.log.purge.preservation.log.num = 0 (default)
2023-12-28 09:09:54,388 [9b863e56-86de-43f6-b2a7-53906d690b33-groupManagement] INFO  server.RaftServerConfigKeys (ConfUtils.java:logGet(46)) - raft.server.log.segment.size.max = 67108864 (custom)
2023-12-28 09:09:54,388 [9b863e56-86de-43f6-b2a7-53906d690b33-groupManagement] INFO  server.RaftServerConfigKeys (ConfUtils.java:logGet(46)) - raft.server.log.segment.cache.num.max = 2 (custom)
2023-12-28 09:09:54,388 [9b863e56-86de-43f6-b2a7-53906d690b33-groupManagement] INFO  server.RaftServerConfigKeys (ConfUtils.java:logGet(46)) - raft.server.log.segment.cache.size.max = 200MB (=209715200) (default)
2023-12-28 09:09:54,389 [9b863e56-86de-43f6-b2a7-53906d690b33-groupManagement] INFO  server.RaftServerConfigKeys (ConfUtils.java:logGet(46)) - raft.server.log.appender.buffer.byte-limit = 8388608 (custom)
2023-12-28 09:09:54,389 [9b863e56-86de-43f6-b2a7-53906d690b33-groupManagement] INFO  util.AwaitToRun (AwaitToRun.java:start(81)) - Thread[9b863e56-86de-43f6-b2a7-53906d690b33@group-CC541D257CA2-cacheEviction-AwaitToRun,5,main] started
2023-12-28 09:09:54,389 [9b863e56-86de-43f6-b2a7-53906d690b33-groupManagement] INFO  segmented.SegmentedRaftLogWorker (SegmentedRaftLogWorker.java:<init>(184)) - new 9b863e56-86de-43f6-b2a7-53906d690b33@group-CC541D257CA2-SegmentedRaftLogWorker for RaftStorageImpl:Storage Directory /home/runner/work/ozone/ozone/hadoop-ozone/integration-test/target/test-dir/MiniOzoneClusterImpl-7619c237-1de6-4815-bbe2-f0b52dfbd5bc/datanode-2/data/ratis/ba537c18-490c-465f-8071-cc541d257ca2
2023-12-28 09:09:54,389 [9b863e56-86de-43f6-b2a7-53906d690b33-groupManagement] INFO  server.RaftServerConfigKeys (ConfUtils.java:logGet(46)) - raft.server.log.queue.byte-limit = 4294967296 (custom)
2023-12-28 09:09:54,389 [9b863e56-86de-43f6-b2a7-53906d690b33-groupManagement] INFO  server.RaftServerConfigKeys (ConfUtils.java:logGet(46)) - raft.server.log.queue.element-limit = 1024 (custom)
2023-12-28 09:09:54,389 [9b863e56-86de-43f6-b2a7-53906d690b33-groupManagement] INFO  server.RaftServerConfigKeys (ConfUtils.java:logGet(46)) - raft.server.log.segment.size.max = 67108864 (custom)
2023-12-28 09:09:54,389 [9b863e56-86de-43f6-b2a7-53906d690b33-groupManagement] INFO  server.RaftServerConfigKeys (ConfUtils.java:logGet(46)) - raft.server.log.preallocated.size = 4194304 (custom)
2023-12-28 09:09:54,389 [9b863e56-86de-43f6-b2a7-53906d690b33-groupManagement] INFO  server.RaftServerConfigKeys (ConfUtils.java:logGet(46)) - raft.server.log.force.sync.num = 128 (default)
2023-12-28 09:09:54,389 [9b863e56-86de-43f6-b2a7-53906d690b33-groupManagement] INFO  server.RaftServerConfigKeys (ConfUtils.java:logGet(46)) - raft.server.log.statemachine.data.sync = true (default)
2023-12-28 09:09:54,389 [9b863e56-86de-43f6-b2a7-53906d690b33-groupManagement] INFO  server.RaftServerConfigKeys (ConfUtils.java:logGet(46)) - raft.server.log.statemachine.data.sync.timeout = 10s (default)
2023-12-28 09:09:54,389 [9b863e56-86de-43f6-b2a7-53906d690b33-groupManagement] INFO  server.RaftServerConfigKeys (ConfUtils.java:logGet(46)) - raft.server.log.statemachine.data.sync.timeout.retry = 0 (custom)
2023-12-28 09:09:54,389 [9b863e56-86de-43f6-b2a7-53906d690b33-groupManagement] INFO  server.RaftServerConfigKeys (ConfUtils.java:logGet(46)) - raft.server.log.write.buffer.size = 8388616 (custom)
2023-12-28 09:09:54,391 [9b863e56-86de-43f6-b2a7-53906d690b33-groupManagement] INFO  server.RaftServerConfigKeys (ConfUtils.java:logGet(46)) - raft.server.log.appender.buffer.byte-limit = 8388608 (custom)
2023-12-28 09:09:54,391 [9b863e56-86de-43f6-b2a7-53906d690b33-groupManagement] INFO  server.RaftServerConfigKeys (ConfUtils.java:logGet(46)) - raft.server.log.unsafe-flush.enabled = false (default)
2023-12-28 09:09:54,391 [9b863e56-86de-43f6-b2a7-53906d690b33-groupManagement] INFO  server.RaftServerConfigKeys (ConfUtils.java:logGet(46)) - raft.server.log.async-flush.enabled = false (default)
2023-12-28 09:09:54,391 [9b863e56-86de-43f6-b2a7-53906d690b33-groupManagement] INFO  server.RaftServerConfigKeys (ConfUtils.java:logGet(46)) - raft.server.log.statemachine.data.caching.enabled = true (custom)
2023-12-28 09:09:54,391 [9b863e56-86de-43f6-b2a7-53906d690b33-groupManagement] INFO  segmented.SegmentedRaftLogWorker (SegmentedRaftLogWorker.java:lambda$new$0(135)) - 9b863e56-86de-43f6-b2a7-53906d690b33@group-CC541D257CA2-SegmentedRaftLogWorker: flushIndex: setUnconditionally 0 -> -1
2023-12-28 09:09:54,391 [9b863e56-86de-43f6-b2a7-53906d690b33-groupManagement] INFO  segmented.SegmentedRaftLogWorker (SegmentedRaftLogWorker.java:lambda$new$0(135)) - 9b863e56-86de-43f6-b2a7-53906d690b33@group-CC541D257CA2-SegmentedRaftLogWorker: safeCacheEvictIndex: setUnconditionally 0 -> -1
2023-12-28 09:09:54,391 [9b863e56-86de-43f6-b2a7-53906d690b33-groupManagement] INFO  server.RaftServer$Division (RaftServerImpl.java:start(392)) - 9b863e56-86de-43f6-b2a7-53906d690b33@group-CC541D257CA2: start as a follower, conf=-1: peers:[3b28bb72-2ab1-44e1-a9b9-2481c9e85245|10.1.0.14:15370, d5d8acbd-90b5-4ada-8600-10487a3abfb2|10.1.0.14:15379, 9b863e56-86de-43f6-b2a7-53906d690b33|10.1.0.14:15388]|listeners:[], old=null
2023-12-28 09:09:54,391 [9b863e56-86de-43f6-b2a7-53906d690b33-groupManagement] INFO  server.RaftServer$Division (RaftServerImpl.java:setRole(379)) - 9b863e56-86de-43f6-b2a7-53906d690b33@group-CC541D257CA2: changes role from      null to FOLLOWER at term 0 for startAsFollower
2023-12-28 09:09:54,391 [9b863e56-86de-43f6-b2a7-53906d690b33-groupManagement] INFO  impl.RoleInfo (RoleInfo.java:updateAndGet(139)) - 9b863e56-86de-43f6-b2a7-53906d690b33: start 9b863e56-86de-43f6-b2a7-53906d690b33@group-CC541D257CA2-FollowerState
2023-12-28 09:09:54,392 [9b863e56-86de-43f6-b2a7-53906d690b33@group-CC541D257CA2-FollowerState] INFO  server.RaftServerConfigKeys (ConfUtils.java:logFallback(53)) - raft.server.rpc.first-election.timeout.min = 5s (fallback to raft.server.rpc.timeout.min)
2023-12-28 09:09:54,392 [9b863e56-86de-43f6-b2a7-53906d690b33-groupManagement] INFO  util.JmxRegister (JmxRegister.java:tryRegister(44)) - Successfully registered JMX Bean with object name Ratis:service=RaftServer,group=group-CC541D257CA2,id=9b863e56-86de-43f6-b2a7-53906d690b33
2023-12-28 09:09:54,392 [9b863e56-86de-43f6-b2a7-53906d690b33@group-CC541D257CA2-FollowerState] INFO  server.RaftServerConfigKeys (ConfUtils.java:logFallback(53)) - raft.server.rpc.first-election.timeout.max = 5200ms (fallback to raft.server.rpc.timeout.max)
2023-12-28 09:09:54,392 [9b863e56-86de-43f6-b2a7-53906d690b33-groupManagement] INFO  server.RaftServerConfigKeys (ConfUtils.java:logGet(46)) - raft.server.snapshot.trigger-when-stop.enabled = true (default)
2023-12-28 09:09:54,392 [9b863e56-86de-43f6-b2a7-53906d690b33-groupManagement] INFO  server.RaftServerConfigKeys (ConfUtils.java:logGet(46)) - raft.server.snapshot.auto.trigger.enabled = true (custom)
2023-12-28 09:09:54,392 [9b863e56-86de-43f6-b2a7-53906d690b33-groupManagement] INFO  server.RaftServerConfigKeys (ConfUtils.java:logGet(46)) - raft.server.snapshot.auto.trigger.threshold = 10000 (custom)
2023-12-28 09:09:54,392 [9b863e56-86de-43f6-b2a7-53906d690b33-groupManagement] INFO  server.RaftServerConfigKeys (ConfUtils.java:logGet(46)) - raft.server.snapshot.retention.file.num = 5 (custom)
2023-12-28 09:09:54,392 [9b863e56-86de-43f6-b2a7-53906d690b33-groupManagement] INFO  server.RaftServerConfigKeys (ConfUtils.java:logGet(46)) - raft.server.log.purge.upto.snapshot.index = false (default)
2023-12-28 09:09:54,399 [3b28bb72-2ab1-44e1-a9b9-2481c9e85245-PipelineCommandHandlerThread-0] INFO  commandhandler.CreatePipelineCommandHandler (CreatePipelineCommandHandler.java:lambda$handle$2(124)) - Created Pipeline RATIS THREE PipelineID=ba537c18-490c-465f-8071-cc541d257ca2.
2023-12-28 09:09:54,415 [d5d8acbd-90b5-4ada-8600-10487a3abfb2-PipelineCommandHandlerThread-0] INFO  server.RaftServer (RaftServerProxy.java:addNew(100)) - d5d8acbd-90b5-4ada-8600-10487a3abfb2: addNew group-22CAD8B529E3:[d5d8acbd-90b5-4ada-8600-10487a3abfb2|10.1.0.14:15379] returns group-22CAD8B529E3:java.util.concurrent.CompletableFuture@288f086[Not completed]
2023-12-28 09:09:54,416 [d5d8acbd-90b5-4ada-8600-10487a3abfb2-groupManagement] INFO  server.RaftServer$Division (RaftServerImpl.java:<init>(256)) - d5d8acbd-90b5-4ada-8600-10487a3abfb2: new RaftServerImpl for group-22CAD8B529E3:[d5d8acbd-90b5-4ada-8600-10487a3abfb2|10.1.0.14:15379] with ContainerStateMachine:uninitialized
2023-12-28 09:09:54,416 [d5d8acbd-90b5-4ada-8600-10487a3abfb2-groupManagement] INFO  server.RaftServerConfigKeys (ConfUtils.java:logGet(46)) - raft.server.rpc.timeout.min = 5s (custom)
2023-12-28 09:09:54,416 [d5d8acbd-90b5-4ada-8600-10487a3abfb2-groupManagement] INFO  server.RaftServerConfigKeys (ConfUtils.java:logGet(46)) - raft.server.rpc.timeout.max = 5200ms (custom)
2023-12-28 09:09:54,416 [d5d8acbd-90b5-4ada-8600-10487a3abfb2-groupManagement] INFO  server.RaftServerConfigKeys (ConfUtils.java:logGet(46)) - raft.server.rpc.sleep.time = 25ms (default)
2023-12-28 09:09:54,416 [d5d8acbd-90b5-4ada-8600-10487a3abfb2-groupManagement] INFO  server.RaftServerConfigKeys (ConfUtils.java:logGet(46)) - raft.server.rpc.slowness.timeout = 300000ms (custom)
2023-12-28 09:09:54,416 [d5d8acbd-90b5-4ada-8600-10487a3abfb2-groupManagement] INFO  server.RaftServerConfigKeys (ConfUtils.java:logGet(46)) - raft.server.leaderelection.leader.step-down.wait-time = 10s (default)
2023-12-28 09:09:54,416 [d5d8acbd-90b5-4ada-8600-10487a3abfb2-groupManagement] INFO  server.RaftServerConfigKeys (ConfUtils.java:logGet(46)) - raft.server.leaderelection.member.majority-add = false (default)
2023-12-28 09:09:54,416 [d5d8acbd-90b5-4ada-8600-10487a3abfb2-groupManagement] INFO  server.RaftServerConfigKeys (ConfUtils.java:logGet(46)) - raft.server.sleep.deviation.threshold = 300ms (default)
2023-12-28 09:09:54,417 [d5d8acbd-90b5-4ada-8600-10487a3abfb2-groupManagement] INFO  server.RaftServer$Division (ServerState.java:<init>(113)) - d5d8acbd-90b5-4ada-8600-10487a3abfb2@group-22CAD8B529E3: ConfigurationManager, init=-1: peers:[d5d8acbd-90b5-4ada-8600-10487a3abfb2|10.1.0.14:15379]|listeners:[], old=null, confs=<EMPTY_MAP>
2023-12-28 09:09:54,417 [d5d8acbd-90b5-4ada-8600-10487a3abfb2-groupManagement] INFO  server.RaftServerConfigKeys (ConfUtils.java:logGet(46)) - raft.server.notification.no-leader.timeout = 300000ms (custom)
2023-12-28 09:09:54,417 [d5d8acbd-90b5-4ada-8600-10487a3abfb2-groupManagement] INFO  server.RaftServerConfigKeys (ConfUtils.java:logGet(46)) - raft.server.read.timeout = 10s (default)
2023-12-28 09:09:54,417 [d5d8acbd-90b5-4ada-8600-10487a3abfb2-groupManagement] INFO  server.RaftServerConfigKeys (ConfUtils.java:logGet(46)) - raft.server.retrycache.expirytime = 600000ms (custom)
2023-12-28 09:09:54,417 [d5d8acbd-90b5-4ada-8600-10487a3abfb2-groupManagement] INFO  server.RaftServerConfigKeys (ConfUtils.java:logGet(46)) - raft.server.retrycache.statistics.expirytime = 100ms (default)
2023-12-28 09:09:54,417 [d5d8acbd-90b5-4ada-8600-10487a3abfb2-groupManagement] INFO  server.RaftServerConfigKeys (ConfUtils.java:logGet(46)) - raft.server.read.option = DEFAULT (default)
2023-12-28 09:09:54,417 [d5d8acbd-90b5-4ada-8600-10487a3abfb2-groupManagement] INFO  server.RaftServerConfigKeys (ConfUtils.java:logGet(46)) - raft.server.read.read-after-write-consistent.write-index-cache.expiry-time = 60s (default)
2023-12-28 09:09:54,419 [d5d8acbd-90b5-4ada-8600-10487a3abfb2-groupManagement] INFO  server.RaftServerConfigKeys (ConfUtils.java:logGet(46)) - raft.server.rpc.request.timeout = 3000ms (default)
2023-12-28 09:09:54,419 [d5d8acbd-90b5-4ada-8600-10487a3abfb2-groupManagement] INFO  server.RaftServerConfigKeys (ConfUtils.java:logGet(46)) - raft.server.log.appender.install.snapshot.enabled = false (custom)
2023-12-28 09:09:54,419 [d5d8acbd-90b5-4ada-8600-10487a3abfb2-groupManagement] INFO  server.RaftServerConfigKeys (ConfUtils.java:logGet(46)) - raft.server.threadpool.server.cached = true (default)
2023-12-28 09:09:54,419 [d5d8acbd-90b5-4ada-8600-10487a3abfb2-groupManagement] INFO  server.RaftServerConfigKeys (ConfUtils.java:logGet(46)) - raft.server.threadpool.server.size = 0 (default)
2023-12-28 09:09:54,419 [d5d8acbd-90b5-4ada-8600-10487a3abfb2-groupManagement] INFO  server.RaftServerConfigKeys (ConfUtils.java:logGet(46)) - raft.server.threadpool.client.cached = true (default)
2023-12-28 09:09:54,419 [d5d8acbd-90b5-4ada-8600-10487a3abfb2-groupManagement] INFO  server.RaftServerConfigKeys (ConfUtils.java:logGet(46)) - raft.server.threadpool.client.size = 0 (default)
2023-12-28 09:09:54,419 [d5d8acbd-90b5-4ada-8600-10487a3abfb2-groupManagement] INFO  server.RaftServerConfigKeys (ConfUtils.java:logGet(46)) - raft.server.storage.free-space.min = 0MB (=0) (default)
2023-12-28 09:09:54,419 [d5d8acbd-90b5-4ada-8600-10487a3abfb2-groupManagement] INFO  server.RaftServerConfigKeys (ConfUtils.java:logGet(46)) - raft.server.log.corruption.policy = EXCEPTION (default)
2023-12-28 09:09:54,419 [d5d8acbd-90b5-4ada-8600-10487a3abfb2-groupManagement] INFO  server.RaftServerConfigKeys (ConfUtils.java:logGet(46)) - raft.server.storage.dir = [/home/runner/work/ozone/ozone/hadoop-ozone/integration-test/target/test-dir/MiniOzoneClusterImpl-7619c237-1de6-4815-bbe2-f0b52dfbd5bc/datanode-1/data/ratis] (custom)
2023-12-28 09:09:54,420 [d5d8acbd-90b5-4ada-8600-10487a3abfb2-groupManagement] INFO  storage.RaftStorageDirectory (RaftStorageDirectoryImpl.java:analyzeStorage(138)) - The storage directory /home/runner/work/ozone/ozone/hadoop-ozone/integration-test/target/test-dir/MiniOzoneClusterImpl-7619c237-1de6-4815-bbe2-f0b52dfbd5bc/datanode-1/data/ratis/536f55ad-3429-48bf-ad0f-22cad8b529e3 does not exist. Creating ...
2023-12-28 09:09:54,421 [d5d8acbd-90b5-4ada-8600-10487a3abfb2-groupManagement] INFO  storage.RaftStorageDirectory (RaftStorageDirectoryImpl.java:tryLock(232)) - Lock on /home/runner/work/ozone/ozone/hadoop-ozone/integration-test/target/test-dir/MiniOzoneClusterImpl-7619c237-1de6-4815-bbe2-f0b52dfbd5bc/datanode-1/data/ratis/536f55ad-3429-48bf-ad0f-22cad8b529e3/in_use.lock acquired by nodename 85610@fv-az1384-14
2023-12-28 09:09:54,422 [d5d8acbd-90b5-4ada-8600-10487a3abfb2-groupManagement] INFO  storage.RaftStorage (RaftStorageImpl.java:format(97)) - Storage directory /home/runner/work/ozone/ozone/hadoop-ozone/integration-test/target/test-dir/MiniOzoneClusterImpl-7619c237-1de6-4815-bbe2-f0b52dfbd5bc/datanode-1/data/ratis/536f55ad-3429-48bf-ad0f-22cad8b529e3 has been successfully formatted.
2023-12-28 09:09:54,423 [d5d8acbd-90b5-4ada-8600-10487a3abfb2-groupManagement] INFO  ratis.ContainerStateMachine (ContainerStateMachine.java:loadSnapshot(287)) - group-22CAD8B529E3: The snapshot info is null. Setting the last applied indexto:(t:0, i:~)
2023-12-28 09:09:54,423 [d5d8acbd-90b5-4ada-8600-10487a3abfb2-groupManagement] INFO  server.RaftServerConfigKeys (ConfUtils.java:logGet(46)) - raft.server.log.use.memory = false (default)
2023-12-28 09:09:54,423 [d5d8acbd-90b5-4ada-8600-10487a3abfb2-groupManagement] INFO  server.RaftServerConfigKeys (ConfUtils.java:logGet(46)) - raft.server.log.purge.gap = 1000000 (custom)
2023-12-28 09:09:54,423 [d5d8acbd-90b5-4ada-8600-10487a3abfb2-groupManagement] INFO  server.RaftServerConfigKeys (ConfUtils.java:logGet(46)) - raft.server.log.appender.buffer.byte-limit = 8388608 (custom)
2023-12-28 09:09:54,423 [d5d8acbd-90b5-4ada-8600-10487a3abfb2-groupManagement] INFO  server.RaftServerConfigKeys (ConfUtils.java:logGet(46)) - raft.server.log.statemachine.data.read.timeout = 1000ms (default)
2023-12-28 09:09:54,423 [d5d8acbd-90b5-4ada-8600-10487a3abfb2-groupManagement] INFO  server.RaftServerConfigKeys (ConfUtils.java:logGet(46)) - raft.server.log.purge.preservation.log.num = 0 (default)
2023-12-28 09:09:54,424 [EventQueue-PipelineReportForPipelineReportHandler] INFO  pipeline.PipelineReportHandler (PipelineReportHandler.java:processPipelineReport(136)) - Opened pipeline PipelineID=536f55ad-3429-48bf-ad0f-22cad8b529e3
2023-12-28 09:09:54,424 [EventQueue-OpenPipelineForHealthyPipelineSafeModeRule] INFO  safemode.SCMSafeModeManager (HealthyPipelineSafeModeRule.java:process(140)) - SCM in safe mode. Healthy pipelines reported count is 0, required healthy pipeline reported count is 1
2023-12-28 09:09:54,424 [d5d8acbd-90b5-4ada-8600-10487a3abfb2-groupManagement] INFO  server.RaftServerConfigKeys (ConfUtils.java:logGet(46)) - raft.server.log.segment.size.max = 67108864 (custom)
2023-12-28 09:09:54,425 [d5d8acbd-90b5-4ada-8600-10487a3abfb2-groupManagement] INFO  server.RaftServerConfigKeys (ConfUtils.java:logGet(46)) - raft.server.log.segment.cache.num.max = 2 (custom)
2023-12-28 09:09:54,425 [d5d8acbd-90b5-4ada-8600-10487a3abfb2-groupManagement] INFO  server.RaftServerConfigKeys (ConfUtils.java:logGet(46)) - raft.server.log.segment.cache.size.max = 200MB (=209715200) (default)
2023-12-28 09:09:54,425 [d5d8acbd-90b5-4ada-8600-10487a3abfb2-groupManagement] INFO  server.RaftServerConfigKeys (ConfUtils.java:logGet(46)) - raft.server.log.appender.buffer.byte-limit = 8388608 (custom)
2023-12-28 09:09:54,425 [d5d8acbd-90b5-4ada-8600-10487a3abfb2-groupManagement] INFO  util.AwaitToRun (AwaitToRun.java:start(81)) - Thread[d5d8acbd-90b5-4ada-8600-10487a3abfb2@group-22CAD8B529E3-cacheEviction-AwaitToRun,5,main] started
2023-12-28 09:09:54,425 [d5d8acbd-90b5-4ada-8600-10487a3abfb2-groupManagement] INFO  segmented.SegmentedRaftLogWorker (SegmentedRaftLogWorker.java:<init>(184)) - new d5d8acbd-90b5-4ada-8600-10487a3abfb2@group-22CAD8B529E3-SegmentedRaftLogWorker for RaftStorageImpl:Storage Directory /home/runner/work/ozone/ozone/hadoop-ozone/integration-test/target/test-dir/MiniOzoneClusterImpl-7619c237-1de6-4815-bbe2-f0b52dfbd5bc/datanode-1/data/ratis/536f55ad-3429-48bf-ad0f-22cad8b529e3
2023-12-28 09:09:54,425 [d5d8acbd-90b5-4ada-8600-10487a3abfb2-groupManagement] INFO  server.RaftServerConfigKeys (ConfUtils.java:logGet(46)) - raft.server.log.queue.byte-limit = 4294967296 (custom)
2023-12-28 09:09:54,425 [d5d8acbd-90b5-4ada-8600-10487a3abfb2-groupManagement] INFO  server.RaftServerConfigKeys (ConfUtils.java:logGet(46)) - raft.server.log.queue.element-limit = 1024 (custom)
2023-12-28 09:09:54,425 [d5d8acbd-90b5-4ada-8600-10487a3abfb2-groupManagement] INFO  server.RaftServerConfigKeys (ConfUtils.java:logGet(46)) - raft.server.log.segment.size.max = 67108864 (custom)
2023-12-28 09:09:54,425 [d5d8acbd-90b5-4ada-8600-10487a3abfb2-groupManagement] INFO  server.RaftServerConfigKeys (ConfUtils.java:logGet(46)) - raft.server.log.preallocated.size = 4194304 (custom)
2023-12-28 09:09:54,425 [d5d8acbd-90b5-4ada-8600-10487a3abfb2-groupManagement] INFO  server.RaftServerConfigKeys (ConfUtils.java:logGet(46)) - raft.server.log.force.sync.num = 128 (default)
2023-12-28 09:09:54,425 [d5d8acbd-90b5-4ada-8600-10487a3abfb2-groupManagement] INFO  server.RaftServerConfigKeys (ConfUtils.java:logGet(46)) - raft.server.log.statemachine.data.sync = true (default)
2023-12-28 09:09:54,425 [d5d8acbd-90b5-4ada-8600-10487a3abfb2-groupManagement] INFO  server.RaftServerConfigKeys (ConfUtils.java:logGet(46)) - raft.server.log.statemachine.data.sync.timeout = 10s (default)
2023-12-28 09:09:54,426 [d5d8acbd-90b5-4ada-8600-10487a3abfb2-groupManagement] INFO  server.RaftServerConfigKeys (ConfUtils.java:logGet(46)) - raft.server.log.statemachine.data.sync.timeout.retry = 0 (custom)
2023-12-28 09:09:54,426 [d5d8acbd-90b5-4ada-8600-10487a3abfb2-groupManagement] INFO  server.RaftServerConfigKeys (ConfUtils.java:logGet(46)) - raft.server.log.write.buffer.size = 8388616 (custom)
2023-12-28 09:09:54,428 [d5d8acbd-90b5-4ada-8600-10487a3abfb2-groupManagement] INFO  server.RaftServerConfigKeys (ConfUtils.java:logGet(46)) - raft.server.log.appender.buffer.byte-limit = 8388608 (custom)
2023-12-28 09:09:54,428 [d5d8acbd-90b5-4ada-8600-10487a3abfb2-groupManagement] INFO  server.RaftServerConfigKeys (ConfUtils.java:logGet(46)) - raft.server.log.unsafe-flush.enabled = false (default)
2023-12-28 09:09:54,428 [d5d8acbd-90b5-4ada-8600-10487a3abfb2-groupManagement] INFO  server.RaftServerConfigKeys (ConfUtils.java:logGet(46)) - raft.server.log.async-flush.enabled = false (default)
2023-12-28 09:09:54,428 [d5d8acbd-90b5-4ada-8600-10487a3abfb2-groupManagement] INFO  server.RaftServerConfigKeys (ConfUtils.java:logGet(46)) - raft.server.log.statemachine.data.caching.enabled = true (custom)
2023-12-28 09:09:54,429 [d5d8acbd-90b5-4ada-8600-10487a3abfb2-groupManagement] INFO  segmented.SegmentedRaftLogWorker (SegmentedRaftLogWorker.java:lambda$new$0(135)) - d5d8acbd-90b5-4ada-8600-10487a3abfb2@group-22CAD8B529E3-SegmentedRaftLogWorker: flushIndex: setUnconditionally 0 -> -1
2023-12-28 09:09:54,429 [d5d8acbd-90b5-4ada-8600-10487a3abfb2-groupManagement] INFO  segmented.SegmentedRaftLogWorker (SegmentedRaftLogWorker.java:lambda$new$0(135)) - d5d8acbd-90b5-4ada-8600-10487a3abfb2@group-22CAD8B529E3-SegmentedRaftLogWorker: safeCacheEvictIndex: setUnconditionally 0 -> -1
2023-12-28 09:09:54,429 [d5d8acbd-90b5-4ada-8600-10487a3abfb2-groupManagement] INFO  server.RaftServer$Division (RaftServerImpl.java:start(392)) - d5d8acbd-90b5-4ada-8600-10487a3abfb2@group-22CAD8B529E3: start as a follower, conf=-1: peers:[d5d8acbd-90b5-4ada-8600-10487a3abfb2|10.1.0.14:15379]|listeners:[], old=null
2023-12-28 09:09:54,429 [d5d8acbd-90b5-4ada-8600-10487a3abfb2-groupManagement] INFO  server.RaftServer$Division (RaftServerImpl.java:setRole(379)) - d5d8acbd-90b5-4ada-8600-10487a3abfb2@group-22CAD8B529E3: changes role from      null to FOLLOWER at term 0 for startAsFollower
2023-12-28 09:09:54,429 [d5d8acbd-90b5-4ada-8600-10487a3abfb2-groupManagement] INFO  impl.RoleInfo (RoleInfo.java:updateAndGet(139)) - d5d8acbd-90b5-4ada-8600-10487a3abfb2: start d5d8acbd-90b5-4ada-8600-10487a3abfb2@group-22CAD8B529E3-FollowerState
2023-12-28 09:09:54,429 [d5d8acbd-90b5-4ada-8600-10487a3abfb2@group-22CAD8B529E3-FollowerState] INFO  server.RaftServerConfigKeys (ConfUtils.java:logFallback(53)) - raft.server.rpc.first-election.timeout.min = 5s (fallback to raft.server.rpc.timeout.min)
2023-12-28 09:09:54,429 [d5d8acbd-90b5-4ada-8600-10487a3abfb2-groupManagement] INFO  util.JmxRegister (JmxRegister.java:tryRegister(44)) - Successfully registered JMX Bean with object name Ratis:service=RaftServer,group=group-22CAD8B529E3,id=d5d8acbd-90b5-4ada-8600-10487a3abfb2
2023-12-28 09:09:54,429 [d5d8acbd-90b5-4ada-8600-10487a3abfb2-groupManagement] INFO  server.RaftServerConfigKeys (ConfUtils.java:logGet(46)) - raft.server.snapshot.trigger-when-stop.enabled = true (default)
2023-12-28 09:09:54,429 [d5d8acbd-90b5-4ada-8600-10487a3abfb2-groupManagement] INFO  server.RaftServerConfigKeys (ConfUtils.java:logGet(46)) - raft.server.snapshot.auto.trigger.enabled = true (custom)
2023-12-28 09:09:54,429 [d5d8acbd-90b5-4ada-8600-10487a3abfb2-groupManagement] INFO  server.RaftServerConfigKeys (ConfUtils.java:logGet(46)) - raft.server.snapshot.auto.trigger.threshold = 10000 (custom)
2023-12-28 09:09:54,429 [d5d8acbd-90b5-4ada-8600-10487a3abfb2-groupManagement] INFO  server.RaftServerConfigKeys (ConfUtils.java:logGet(46)) - raft.server.snapshot.retention.file.num = 5 (custom)
2023-12-28 09:09:54,429 [d5d8acbd-90b5-4ada-8600-10487a3abfb2-groupManagement] INFO  server.RaftServerConfigKeys (ConfUtils.java:logGet(46)) - raft.server.log.purge.upto.snapshot.index = false (default)
2023-12-28 09:09:54,429 [d5d8acbd-90b5-4ada-8600-10487a3abfb2@group-22CAD8B529E3-FollowerState] INFO  server.RaftServerConfigKeys (ConfUtils.java:logFallback(53)) - raft.server.rpc.first-election.timeout.max = 5200ms (fallback to raft.server.rpc.timeout.max)
2023-12-28 09:09:54,430 [d5d8acbd-90b5-4ada-8600-10487a3abfb2-PipelineCommandHandlerThread-0] INFO  ratis.XceiverServerRatis (XceiverServerRatis.java:addGroup(837)) - Created group PipelineID=536f55ad-3429-48bf-ad0f-22cad8b529e3
2023-12-28 09:09:54,430 [d5d8acbd-90b5-4ada-8600-10487a3abfb2-PipelineCommandHandlerThread-0] INFO  commandhandler.CreatePipelineCommandHandler (CreatePipelineCommandHandler.java:lambda$handle$2(124)) - Created Pipeline RATIS ONE PipelineID=536f55ad-3429-48bf-ad0f-22cad8b529e3.
2023-12-28 09:09:54,497 [9b863e56-86de-43f6-b2a7-53906d690b33-PipelineCommandHandlerThread-0] INFO  server.RaftServer (RaftServerProxy.java:addNew(100)) - 9b863e56-86de-43f6-b2a7-53906d690b33: addNew group-6193271B23AF:[9b863e56-86de-43f6-b2a7-53906d690b33|10.1.0.14:15388] returns group-6193271B23AF:java.util.concurrent.CompletableFuture@5121a102[Not completed]
2023-12-28 09:09:54,497 [9b863e56-86de-43f6-b2a7-53906d690b33-groupManagement] INFO  server.RaftServer$Division (RaftServerImpl.java:<init>(256)) - 9b863e56-86de-43f6-b2a7-53906d690b33: new RaftServerImpl for group-6193271B23AF:[9b863e56-86de-43f6-b2a7-53906d690b33|10.1.0.14:15388] with ContainerStateMachine:uninitialized
2023-12-28 09:09:54,497 [9b863e56-86de-43f6-b2a7-53906d690b33-groupManagement] INFO  server.RaftServerConfigKeys (ConfUtils.java:logGet(46)) - raft.server.rpc.timeout.min = 5s (custom)
2023-12-28 09:09:54,497 [9b863e56-86de-43f6-b2a7-53906d690b33-groupManagement] INFO  server.RaftServerConfigKeys (ConfUtils.java:logGet(46)) - raft.server.rpc.timeout.max = 5200ms (custom)
2023-12-28 09:09:54,497 [9b863e56-86de-43f6-b2a7-53906d690b33-groupManagement] INFO  server.RaftServerConfigKeys (ConfUtils.java:logGet(46)) - raft.server.rpc.sleep.time = 25ms (default)
2023-12-28 09:09:54,497 [9b863e56-86de-43f6-b2a7-53906d690b33-groupManagement] INFO  server.RaftServerConfigKeys (ConfUtils.java:logGet(46)) - raft.server.rpc.slowness.timeout = 300000ms (custom)
2023-12-28 09:09:54,497 [9b863e56-86de-43f6-b2a7-53906d690b33-groupManagement] INFO  server.RaftServerConfigKeys (ConfUtils.java:logGet(46)) - raft.server.leaderelection.leader.step-down.wait-time = 10s (default)
2023-12-28 09:09:54,497 [9b863e56-86de-43f6-b2a7-53906d690b33-groupManagement] INFO  server.RaftServerConfigKeys (ConfUtils.java:logGet(46)) - raft.server.leaderelection.member.majority-add = false (default)
2023-12-28 09:09:54,497 [9b863e56-86de-43f6-b2a7-53906d690b33-groupManagement] INFO  server.RaftServerConfigKeys (ConfUtils.java:logGet(46)) - raft.server.sleep.deviation.threshold = 300ms (default)
2023-12-28 09:09:54,497 [9b863e56-86de-43f6-b2a7-53906d690b33-groupManagement] INFO  server.RaftServer$Division (ServerState.java:<init>(113)) - 9b863e56-86de-43f6-b2a7-53906d690b33@group-6193271B23AF: ConfigurationManager, init=-1: peers:[9b863e56-86de-43f6-b2a7-53906d690b33|10.1.0.14:15388]|listeners:[], old=null, confs=<EMPTY_MAP>
2023-12-28 09:09:54,497 [9b863e56-86de-43f6-b2a7-53906d690b33-groupManagement] INFO  server.RaftServerConfigKeys (ConfUtils.java:logGet(46)) - raft.server.notification.no-leader.timeout = 300000ms (custom)
2023-12-28 09:09:54,497 [9b863e56-86de-43f6-b2a7-53906d690b33-groupManagement] INFO  server.RaftServerConfigKeys (ConfUtils.java:logGet(46)) - raft.server.read.timeout = 10s (default)
2023-12-28 09:09:54,498 [9b863e56-86de-43f6-b2a7-53906d690b33-groupManagement] INFO  server.RaftServerConfigKeys (ConfUtils.java:logGet(46)) - raft.server.retrycache.expirytime = 600000ms (custom)
2023-12-28 09:09:54,498 [9b863e56-86de-43f6-b2a7-53906d690b33-groupManagement] INFO  server.RaftServerConfigKeys (ConfUtils.java:logGet(46)) - raft.server.retrycache.statistics.expirytime = 100ms (default)
2023-12-28 09:09:54,498 [9b863e56-86de-43f6-b2a7-53906d690b33-groupManagement] INFO  server.RaftServerConfigKeys (ConfUtils.java:logGet(46)) - raft.server.read.option = DEFAULT (default)
2023-12-28 09:09:54,498 [9b863e56-86de-43f6-b2a7-53906d690b33-groupManagement] INFO  server.RaftServerConfigKeys (ConfUtils.java:logGet(46)) - raft.server.read.read-after-write-consistent.write-index-cache.expiry-time = 60s (default)
2023-12-28 09:09:54,500 [9b863e56-86de-43f6-b2a7-53906d690b33-groupManagement] INFO  server.RaftServerConfigKeys (ConfUtils.java:logGet(46)) - raft.server.rpc.request.timeout = 3000ms (default)
2023-12-28 09:09:54,500 [9b863e56-86de-43f6-b2a7-53906d690b33-groupManagement] INFO  server.RaftServerConfigKeys (ConfUtils.java:logGet(46)) - raft.server.log.appender.install.snapshot.enabled = false (custom)
2023-12-28 09:09:54,500 [9b863e56-86de-43f6-b2a7-53906d690b33-groupManagement] INFO  server.RaftServerConfigKeys (ConfUtils.java:logGet(46)) - raft.server.threadpool.server.cached = true (default)
2023-12-28 09:09:54,500 [9b863e56-86de-43f6-b2a7-53906d690b33-groupManagement] INFO  server.RaftServerConfigKeys (ConfUtils.java:logGet(46)) - raft.server.threadpool.server.size = 0 (default)
2023-12-28 09:09:54,500 [9b863e56-86de-43f6-b2a7-53906d690b33-groupManagement] INFO  server.RaftServerConfigKeys (ConfUtils.java:logGet(46)) - raft.server.threadpool.client.cached = true (default)
2023-12-28 09:09:54,500 [9b863e56-86de-43f6-b2a7-53906d690b33-groupManagement] INFO  server.RaftServerConfigKeys (ConfUtils.java:logGet(46)) - raft.server.threadpool.client.size = 0 (default)
2023-12-28 09:09:54,500 [9b863e56-86de-43f6-b2a7-53906d690b33-groupManagement] INFO  server.RaftServerConfigKeys (ConfUtils.java:logGet(46)) - raft.server.storage.free-space.min = 0MB (=0) (default)
2023-12-28 09:09:54,500 [9b863e56-86de-43f6-b2a7-53906d690b33-groupManagement] INFO  server.RaftServerConfigKeys (ConfUtils.java:logGet(46)) - raft.server.log.corruption.policy = EXCEPTION (default)
2023-12-28 09:09:54,500 [9b863e56-86de-43f6-b2a7-53906d690b33-groupManagement] INFO  server.RaftServerConfigKeys (ConfUtils.java:logGet(46)) - raft.server.storage.dir = [/home/runner/work/ozone/ozone/hadoop-ozone/integration-test/target/test-dir/MiniOzoneClusterImpl-7619c237-1de6-4815-bbe2-f0b52dfbd5bc/datanode-2/data/ratis] (custom)
2023-12-28 09:09:54,500 [9b863e56-86de-43f6-b2a7-53906d690b33-groupManagement] INFO  storage.RaftStorageDirectory (RaftStorageDirectoryImpl.java:analyzeStorage(138)) - The storage directory /home/runner/work/ozone/ozone/hadoop-ozone/integration-test/target/test-dir/MiniOzoneClusterImpl-7619c237-1de6-4815-bbe2-f0b52dfbd5bc/datanode-2/data/ratis/82d0baf4-e72c-4bb9-8206-6193271b23af does not exist. Creating ...
2023-12-28 09:09:54,501 [9b863e56-86de-43f6-b2a7-53906d690b33-groupManagement] INFO  storage.RaftStorageDirectory (RaftStorageDirectoryImpl.java:tryLock(232)) - Lock on /home/runner/work/ozone/ozone/hadoop-ozone/integration-test/target/test-dir/MiniOzoneClusterImpl-7619c237-1de6-4815-bbe2-f0b52dfbd5bc/datanode-2/data/ratis/82d0baf4-e72c-4bb9-8206-6193271b23af/in_use.lock acquired by nodename 85610@fv-az1384-14
2023-12-28 09:09:54,502 [9b863e56-86de-43f6-b2a7-53906d690b33-groupManagement] INFO  storage.RaftStorage (RaftStorageImpl.java:format(97)) - Storage directory /home/runner/work/ozone/ozone/hadoop-ozone/integration-test/target/test-dir/MiniOzoneClusterImpl-7619c237-1de6-4815-bbe2-f0b52dfbd5bc/datanode-2/data/ratis/82d0baf4-e72c-4bb9-8206-6193271b23af has been successfully formatted.
2023-12-28 09:09:54,502 [9b863e56-86de-43f6-b2a7-53906d690b33-groupManagement] INFO  ratis.ContainerStateMachine (ContainerStateMachine.java:loadSnapshot(287)) - group-6193271B23AF: The snapshot info is null. Setting the last applied indexto:(t:0, i:~)
2023-12-28 09:09:54,502 [9b863e56-86de-43f6-b2a7-53906d690b33-groupManagement] INFO  server.RaftServerConfigKeys (ConfUtils.java:logGet(46)) - raft.server.log.use.memory = false (default)
2023-12-28 09:09:54,502 [9b863e56-86de-43f6-b2a7-53906d690b33-groupManagement] INFO  server.RaftServerConfigKeys (ConfUtils.java:logGet(46)) - raft.server.log.purge.gap = 1000000 (custom)
2023-12-28 09:09:54,502 [9b863e56-86de-43f6-b2a7-53906d690b33-groupManagement] INFO  server.RaftServerConfigKeys (ConfUtils.java:logGet(46)) - raft.server.log.appender.buffer.byte-limit = 8388608 (custom)
2023-12-28 09:09:54,502 [9b863e56-86de-43f6-b2a7-53906d690b33-groupManagement] INFO  server.RaftServerConfigKeys (ConfUtils.java:logGet(46)) - raft.server.log.statemachine.data.read.timeout = 1000ms (default)
2023-12-28 09:09:54,502 [9b863e56-86de-43f6-b2a7-53906d690b33-groupManagement] INFO  server.RaftServerConfigKeys (ConfUtils.java:logGet(46)) - raft.server.log.purge.preservation.log.num = 0 (default)
2023-12-28 09:09:54,503 [EventQueue-PipelineReportForPipelineReportHandler] INFO  pipeline.PipelineReportHandler (PipelineReportHandler.java:processPipelineReport(136)) - Opened pipeline PipelineID=82d0baf4-e72c-4bb9-8206-6193271b23af
2023-12-28 09:09:54,503 [EventQueue-OpenPipelineForHealthyPipelineSafeModeRule] INFO  safemode.SCMSafeModeManager (HealthyPipelineSafeModeRule.java:process(140)) - SCM in safe mode. Healthy pipelines reported count is 0, required healthy pipeline reported count is 1
2023-12-28 09:09:54,503 [9b863e56-86de-43f6-b2a7-53906d690b33-groupManagement] INFO  server.RaftServerConfigKeys (ConfUtils.java:logGet(46)) - raft.server.log.segment.size.max = 67108864 (custom)
2023-12-28 09:09:54,503 [9b863e56-86de-43f6-b2a7-53906d690b33-groupManagement] INFO  server.RaftServerConfigKeys (ConfUtils.java:logGet(46)) - raft.server.log.segment.cache.num.max = 2 (custom)
2023-12-28 09:09:54,503 [9b863e56-86de-43f6-b2a7-53906d690b33-groupManagement] INFO  server.RaftServerConfigKeys (ConfUtils.java:logGet(46)) - raft.server.log.segment.cache.size.max = 200MB (=209715200) (default)
2023-12-28 09:09:54,503 [9b863e56-86de-43f6-b2a7-53906d690b33-groupManagement] INFO  server.RaftServerConfigKeys (ConfUtils.java:logGet(46)) - raft.server.log.appender.buffer.byte-limit = 8388608 (custom)
2023-12-28 09:09:54,503 [9b863e56-86de-43f6-b2a7-53906d690b33-groupManagement] INFO  util.AwaitToRun (AwaitToRun.java:start(81)) - Thread[9b863e56-86de-43f6-b2a7-53906d690b33@group-6193271B23AF-cacheEviction-AwaitToRun,5,main] started
2023-12-28 09:09:54,503 [9b863e56-86de-43f6-b2a7-53906d690b33-groupManagement] INFO  segmented.SegmentedRaftLogWorker (SegmentedRaftLogWorker.java:<init>(184)) - new 9b863e56-86de-43f6-b2a7-53906d690b33@group-6193271B23AF-SegmentedRaftLogWorker for RaftStorageImpl:Storage Directory /home/runner/work/ozone/ozone/hadoop-ozone/integration-test/target/test-dir/MiniOzoneClusterImpl-7619c237-1de6-4815-bbe2-f0b52dfbd5bc/datanode-2/data/ratis/82d0baf4-e72c-4bb9-8206-6193271b23af
2023-12-28 09:09:54,504 [9b863e56-86de-43f6-b2a7-53906d690b33-groupManagement] INFO  server.RaftServerConfigKeys (ConfUtils.java:logGet(46)) - raft.server.log.queue.byte-limit = 4294967296 (custom)
2023-12-28 09:09:54,504 [9b863e56-86de-43f6-b2a7-53906d690b33-groupManagement] INFO  server.RaftServerConfigKeys (ConfUtils.java:logGet(46)) - raft.server.log.queue.element-limit = 1024 (custom)
2023-12-28 09:09:54,504 [9b863e56-86de-43f6-b2a7-53906d690b33-groupManagement] INFO  server.RaftServerConfigKeys (ConfUtils.java:logGet(46)) - raft.server.log.segment.size.max = 67108864 (custom)
2023-12-28 09:09:54,504 [9b863e56-86de-43f6-b2a7-53906d690b33-groupManagement] INFO  server.RaftServerConfigKeys (ConfUtils.java:logGet(46)) - raft.server.log.preallocated.size = 4194304 (custom)
2023-12-28 09:09:54,504 [9b863e56-86de-43f6-b2a7-53906d690b33-groupManagement] INFO  server.RaftServerConfigKeys (ConfUtils.java:logGet(46)) - raft.server.log.force.sync.num = 128 (default)
2023-12-28 09:09:54,504 [9b863e56-86de-43f6-b2a7-53906d690b33-groupManagement] INFO  server.RaftServerConfigKeys (ConfUtils.java:logGet(46)) - raft.server.log.statemachine.data.sync = true (default)
2023-12-28 09:09:54,504 [9b863e56-86de-43f6-b2a7-53906d690b33-groupManagement] INFO  server.RaftServerConfigKeys (ConfUtils.java:logGet(46)) - raft.server.log.statemachine.data.sync.timeout = 10s (default)
2023-12-28 09:09:54,504 [9b863e56-86de-43f6-b2a7-53906d690b33-groupManagement] INFO  server.RaftServerConfigKeys (ConfUtils.java:logGet(46)) - raft.server.log.statemachine.data.sync.timeout.retry = 0 (custom)
2023-12-28 09:09:54,504 [9b863e56-86de-43f6-b2a7-53906d690b33-groupManagement] INFO  server.RaftServerConfigKeys (ConfUtils.java:logGet(46)) - raft.server.log.write.buffer.size = 8388616 (custom)
2023-12-28 09:09:54,505 [9b863e56-86de-43f6-b2a7-53906d690b33-groupManagement] INFO  server.RaftServerConfigKeys (ConfUtils.java:logGet(46)) - raft.server.log.appender.buffer.byte-limit = 8388608 (custom)
2023-12-28 09:09:54,506 [9b863e56-86de-43f6-b2a7-53906d690b33-groupManagement] INFO  server.RaftServerConfigKeys (ConfUtils.java:logGet(46)) - raft.server.log.unsafe-flush.enabled = false (default)
2023-12-28 09:09:54,506 [9b863e56-86de-43f6-b2a7-53906d690b33-groupManagement] INFO  server.RaftServerConfigKeys (ConfUtils.java:logGet(46)) - raft.server.log.async-flush.enabled = false (default)
2023-12-28 09:09:54,506 [9b863e56-86de-43f6-b2a7-53906d690b33-groupManagement] INFO  server.RaftServerConfigKeys (ConfUtils.java:logGet(46)) - raft.server.log.statemachine.data.caching.enabled = true (custom)
2023-12-28 09:09:54,506 [9b863e56-86de-43f6-b2a7-53906d690b33-groupManagement] INFO  segmented.SegmentedRaftLogWorker (SegmentedRaftLogWorker.java:lambda$new$0(135)) - 9b863e56-86de-43f6-b2a7-53906d690b33@group-6193271B23AF-SegmentedRaftLogWorker: flushIndex: setUnconditionally 0 -> -1
2023-12-28 09:09:54,506 [9b863e56-86de-43f6-b2a7-53906d690b33-groupManagement] INFO  segmented.SegmentedRaftLogWorker (SegmentedRaftLogWorker.java:lambda$new$0(135)) - 9b863e56-86de-43f6-b2a7-53906d690b33@group-6193271B23AF-SegmentedRaftLogWorker: safeCacheEvictIndex: setUnconditionally 0 -> -1
2023-12-28 09:09:54,506 [9b863e56-86de-43f6-b2a7-53906d690b33-groupManagement] INFO  server.RaftServer$Division (RaftServerImpl.java:start(392)) - 9b863e56-86de-43f6-b2a7-53906d690b33@group-6193271B23AF: start as a follower, conf=-1: peers:[9b863e56-86de-43f6-b2a7-53906d690b33|10.1.0.14:15388]|listeners:[], old=null
2023-12-28 09:09:54,506 [9b863e56-86de-43f6-b2a7-53906d690b33-groupManagement] INFO  server.RaftServer$Division (RaftServerImpl.java:setRole(379)) - 9b863e56-86de-43f6-b2a7-53906d690b33@group-6193271B23AF: changes role from      null to FOLLOWER at term 0 for startAsFollower
2023-12-28 09:09:54,506 [9b863e56-86de-43f6-b2a7-53906d690b33-groupManagement] INFO  impl.RoleInfo (RoleInfo.java:updateAndGet(139)) - 9b863e56-86de-43f6-b2a7-53906d690b33: start 9b863e56-86de-43f6-b2a7-53906d690b33@group-6193271B23AF-FollowerState
2023-12-28 09:09:54,506 [9b863e56-86de-43f6-b2a7-53906d690b33-groupManagement] INFO  util.JmxRegister (JmxRegister.java:tryRegister(44)) - Successfully registered JMX Bean with object name Ratis:service=RaftServer,group=group-6193271B23AF,id=9b863e56-86de-43f6-b2a7-53906d690b33
2023-12-28 09:09:54,506 [9b863e56-86de-43f6-b2a7-53906d690b33@group-6193271B23AF-FollowerState] INFO  server.RaftServerConfigKeys (ConfUtils.java:logFallback(53)) - raft.server.rpc.first-election.timeout.min = 5s (fallback to raft.server.rpc.timeout.min)
2023-12-28 09:09:54,506 [9b863e56-86de-43f6-b2a7-53906d690b33-groupManagement] INFO  server.RaftServerConfigKeys (ConfUtils.java:logGet(46)) - raft.server.snapshot.trigger-when-stop.enabled = true (default)
2023-12-28 09:09:54,506 [9b863e56-86de-43f6-b2a7-53906d690b33@group-6193271B23AF-FollowerState] INFO  server.RaftServerConfigKeys (ConfUtils.java:logFallback(53)) - raft.server.rpc.first-election.timeout.max = 5200ms (fallback to raft.server.rpc.timeout.max)
2023-12-28 09:09:54,506 [9b863e56-86de-43f6-b2a7-53906d690b33-groupManagement] INFO  server.RaftServerConfigKeys (ConfUtils.java:logGet(46)) - raft.server.snapshot.auto.trigger.enabled = true (custom)
2023-12-28 09:09:54,506 [9b863e56-86de-43f6-b2a7-53906d690b33-groupManagement] INFO  server.RaftServerConfigKeys (ConfUtils.java:logGet(46)) - raft.server.snapshot.auto.trigger.threshold = 10000 (custom)
2023-12-28 09:09:54,506 [9b863e56-86de-43f6-b2a7-53906d690b33-groupManagement] INFO  server.RaftServerConfigKeys (ConfUtils.java:logGet(46)) - raft.server.snapshot.retention.file.num = 5 (custom)
2023-12-28 09:09:54,506 [9b863e56-86de-43f6-b2a7-53906d690b33-groupManagement] INFO  server.RaftServerConfigKeys (ConfUtils.java:logGet(46)) - raft.server.log.purge.upto.snapshot.index = false (default)
2023-12-28 09:09:54,507 [9b863e56-86de-43f6-b2a7-53906d690b33-PipelineCommandHandlerThread-0] INFO  ratis.XceiverServerRatis (XceiverServerRatis.java:addGroup(837)) - Created group PipelineID=82d0baf4-e72c-4bb9-8206-6193271b23af
2023-12-28 09:09:54,507 [9b863e56-86de-43f6-b2a7-53906d690b33-PipelineCommandHandlerThread-0] INFO  commandhandler.CreatePipelineCommandHandler (CreatePipelineCommandHandler.java:lambda$handle$2(124)) - Created Pipeline RATIS ONE PipelineID=82d0baf4-e72c-4bb9-8206-6193271b23af.
2023-12-28 09:09:54,588 [3882d302-0766-4582-8526-483b5b0fafe4-PipelineCommandHandlerThread-0] INFO  server.RaftServer (RaftServerProxy.java:addNew(100)) - 3882d302-0766-4582-8526-483b5b0fafe4: addNew group-3BE9841DE9A8:[3882d302-0766-4582-8526-483b5b0fafe4|10.1.0.14:15397] returns group-3BE9841DE9A8:java.util.concurrent.CompletableFuture@63f9d526[Not completed]
2023-12-28 09:09:54,588 [3882d302-0766-4582-8526-483b5b0fafe4-groupManagement] INFO  server.RaftServer$Division (RaftServerImpl.java:<init>(256)) - 3882d302-0766-4582-8526-483b5b0fafe4: new RaftServerImpl for group-3BE9841DE9A8:[3882d302-0766-4582-8526-483b5b0fafe4|10.1.0.14:15397] with ContainerStateMachine:uninitialized
2023-12-28 09:09:54,588 [3882d302-0766-4582-8526-483b5b0fafe4-groupManagement] INFO  server.RaftServerConfigKeys (ConfUtils.java:logGet(46)) - raft.server.rpc.timeout.min = 5s (custom)
2023-12-28 09:09:54,588 [3882d302-0766-4582-8526-483b5b0fafe4-groupManagement] INFO  server.RaftServerConfigKeys (ConfUtils.java:logGet(46)) - raft.server.rpc.timeout.max = 5200ms (custom)
2023-12-28 09:09:54,588 [3882d302-0766-4582-8526-483b5b0fafe4-groupManagement] INFO  server.RaftServerConfigKeys (ConfUtils.java:logGet(46)) - raft.server.rpc.sleep.time = 25ms (default)
2023-12-28 09:09:54,589 [3882d302-0766-4582-8526-483b5b0fafe4-groupManagement] INFO  server.RaftServerConfigKeys (ConfUtils.java:logGet(46)) - raft.server.rpc.slowness.timeout = 300000ms (custom)
2023-12-28 09:09:54,589 [3882d302-0766-4582-8526-483b5b0fafe4-groupManagement] INFO  server.RaftServerConfigKeys (ConfUtils.java:logGet(46)) - raft.server.leaderelection.leader.step-down.wait-time = 10s (default)
2023-12-28 09:09:54,589 [3882d302-0766-4582-8526-483b5b0fafe4-groupManagement] INFO  server.RaftServerConfigKeys (ConfUtils.java:logGet(46)) - raft.server.leaderelection.member.majority-add = false (default)
2023-12-28 09:09:54,589 [3882d302-0766-4582-8526-483b5b0fafe4-groupManagement] INFO  server.RaftServerConfigKeys (ConfUtils.java:logGet(46)) - raft.server.sleep.deviation.threshold = 300ms (default)
2023-12-28 09:09:54,589 [3882d302-0766-4582-8526-483b5b0fafe4-groupManagement] INFO  server.RaftServer$Division (ServerState.java:<init>(113)) - 3882d302-0766-4582-8526-483b5b0fafe4@group-3BE9841DE9A8: ConfigurationManager, init=-1: peers:[3882d302-0766-4582-8526-483b5b0fafe4|10.1.0.14:15397]|listeners:[], old=null, confs=<EMPTY_MAP>
2023-12-28 09:09:54,589 [3882d302-0766-4582-8526-483b5b0fafe4-groupManagement] INFO  server.RaftServerConfigKeys (ConfUtils.java:logGet(46)) - raft.server.notification.no-leader.timeout = 300000ms (custom)
2023-12-28 09:09:54,589 [3882d302-0766-4582-8526-483b5b0fafe4-groupManagement] INFO  server.RaftServerConfigKeys (ConfUtils.java:logGet(46)) - raft.server.read.timeout = 10s (default)
2023-12-28 09:09:54,589 [3882d302-0766-4582-8526-483b5b0fafe4-groupManagement] INFO  server.RaftServerConfigKeys (ConfUtils.java:logGet(46)) - raft.server.retrycache.expirytime = 600000ms (custom)
2023-12-28 09:09:54,589 [3882d302-0766-4582-8526-483b5b0fafe4-groupManagement] INFO  server.RaftServerConfigKeys (ConfUtils.java:logGet(46)) - raft.server.retrycache.statistics.expirytime = 100ms (default)
2023-12-28 09:09:54,589 [3882d302-0766-4582-8526-483b5b0fafe4-groupManagement] INFO  server.RaftServerConfigKeys (ConfUtils.java:logGet(46)) - raft.server.read.option = DEFAULT (default)
2023-12-28 09:09:54,589 [3882d302-0766-4582-8526-483b5b0fafe4-groupManagement] INFO  server.RaftServerConfigKeys (ConfUtils.java:logGet(46)) - raft.server.read.read-after-write-consistent.write-index-cache.expiry-time = 60s (default)
2023-12-28 09:09:54,591 [3882d302-0766-4582-8526-483b5b0fafe4-groupManagement] INFO  server.RaftServerConfigKeys (ConfUtils.java:logGet(46)) - raft.server.rpc.request.timeout = 3000ms (default)
2023-12-28 09:09:54,591 [3882d302-0766-4582-8526-483b5b0fafe4-groupManagement] INFO  server.RaftServerConfigKeys (ConfUtils.java:logGet(46)) - raft.server.log.appender.install.snapshot.enabled = false (custom)
2023-12-28 09:09:54,591 [3882d302-0766-4582-8526-483b5b0fafe4-groupManagement] INFO  server.RaftServerConfigKeys (ConfUtils.java:logGet(46)) - raft.server.threadpool.server.cached = true (default)
2023-12-28 09:09:54,591 [3882d302-0766-4582-8526-483b5b0fafe4-groupManagement] INFO  server.RaftServerConfigKeys (ConfUtils.java:logGet(46)) - raft.server.threadpool.server.size = 0 (default)
2023-12-28 09:09:54,591 [3882d302-0766-4582-8526-483b5b0fafe4-groupManagement] INFO  server.RaftServerConfigKeys (ConfUtils.java:logGet(46)) - raft.server.threadpool.client.cached = true (default)
2023-12-28 09:09:54,591 [3882d302-0766-4582-8526-483b5b0fafe4-groupManagement] INFO  server.RaftServerConfigKeys (ConfUtils.java:logGet(46)) - raft.server.threadpool.client.size = 0 (default)
2023-12-28 09:09:54,591 [3882d302-0766-4582-8526-483b5b0fafe4-groupManagement] INFO  server.RaftServerConfigKeys (ConfUtils.java:logGet(46)) - raft.server.storage.free-space.min = 0MB (=0) (default)
2023-12-28 09:09:54,592 [3882d302-0766-4582-8526-483b5b0fafe4-groupManagement] INFO  server.RaftServerConfigKeys (ConfUtils.java:logGet(46)) - raft.server.log.corruption.policy = EXCEPTION (default)
2023-12-28 09:09:54,592 [3882d302-0766-4582-8526-483b5b0fafe4-groupManagement] INFO  server.RaftServerConfigKeys (ConfUtils.java:logGet(46)) - raft.server.storage.dir = [/home/runner/work/ozone/ozone/hadoop-ozone/integration-test/target/test-dir/MiniOzoneClusterImpl-7619c237-1de6-4815-bbe2-f0b52dfbd5bc/datanode-3/data/ratis] (custom)
2023-12-28 09:09:54,592 [3882d302-0766-4582-8526-483b5b0fafe4-groupManagement] INFO  storage.RaftStorageDirectory (RaftStorageDirectoryImpl.java:analyzeStorage(138)) - The storage directory /home/runner/work/ozone/ozone/hadoop-ozone/integration-test/target/test-dir/MiniOzoneClusterImpl-7619c237-1de6-4815-bbe2-f0b52dfbd5bc/datanode-3/data/ratis/7edaee47-6c4e-4d9b-b4d0-3be9841de9a8 does not exist. Creating ...
2023-12-28 09:09:54,593 [3882d302-0766-4582-8526-483b5b0fafe4-groupManagement] INFO  storage.RaftStorageDirectory (RaftStorageDirectoryImpl.java:tryLock(232)) - Lock on /home/runner/work/ozone/ozone/hadoop-ozone/integration-test/target/test-dir/MiniOzoneClusterImpl-7619c237-1de6-4815-bbe2-f0b52dfbd5bc/datanode-3/data/ratis/7edaee47-6c4e-4d9b-b4d0-3be9841de9a8/in_use.lock acquired by nodename 85610@fv-az1384-14
2023-12-28 09:09:54,594 [3882d302-0766-4582-8526-483b5b0fafe4-groupManagement] INFO  storage.RaftStorage (RaftStorageImpl.java:format(97)) - Storage directory /home/runner/work/ozone/ozone/hadoop-ozone/integration-test/target/test-dir/MiniOzoneClusterImpl-7619c237-1de6-4815-bbe2-f0b52dfbd5bc/datanode-3/data/ratis/7edaee47-6c4e-4d9b-b4d0-3be9841de9a8 has been successfully formatted.
2023-12-28 09:09:54,595 [3882d302-0766-4582-8526-483b5b0fafe4-groupManagement] INFO  ratis.ContainerStateMachine (ContainerStateMachine.java:loadSnapshot(287)) - group-3BE9841DE9A8: The snapshot info is null. Setting the last applied indexto:(t:0, i:~)
2023-12-28 09:09:54,595 [3882d302-0766-4582-8526-483b5b0fafe4-groupManagement] INFO  server.RaftServerConfigKeys (ConfUtils.java:logGet(46)) - raft.server.log.use.memory = false (default)
2023-12-28 09:09:54,596 [3882d302-0766-4582-8526-483b5b0fafe4-groupManagement] INFO  server.RaftServerConfigKeys (ConfUtils.java:logGet(46)) - raft.server.log.purge.gap = 1000000 (custom)
2023-12-28 09:09:54,596 [3882d302-0766-4582-8526-483b5b0fafe4-groupManagement] INFO  server.RaftServerConfigKeys (ConfUtils.java:logGet(46)) - raft.server.log.appender.buffer.byte-limit = 8388608 (custom)
2023-12-28 09:09:54,596 [3882d302-0766-4582-8526-483b5b0fafe4-groupManagement] INFO  server.RaftServerConfigKeys (ConfUtils.java:logGet(46)) - raft.server.log.statemachine.data.read.timeout = 1000ms (default)
2023-12-28 09:09:54,596 [3882d302-0766-4582-8526-483b5b0fafe4-groupManagement] INFO  server.RaftServerConfigKeys (ConfUtils.java:logGet(46)) - raft.server.log.purge.preservation.log.num = 0 (default)
2023-12-28 09:09:54,597 [3882d302-0766-4582-8526-483b5b0fafe4-groupManagement] INFO  server.RaftServerConfigKeys (ConfUtils.java:logGet(46)) - raft.server.log.segment.size.max = 67108864 (custom)
2023-12-28 09:09:54,597 [EventQueue-PipelineReportForPipelineReportHandler] INFO  pipeline.PipelineReportHandler (PipelineReportHandler.java:processPipelineReport(136)) - Opened pipeline PipelineID=7edaee47-6c4e-4d9b-b4d0-3be9841de9a8
2023-12-28 09:09:54,597 [EventQueue-OpenPipelineForHealthyPipelineSafeModeRule] INFO  safemode.SCMSafeModeManager (HealthyPipelineSafeModeRule.java:process(140)) - SCM in safe mode. Healthy pipelines reported count is 0, required healthy pipeline reported count is 1
2023-12-28 09:09:54,597 [3882d302-0766-4582-8526-483b5b0fafe4-groupManagement] INFO  server.RaftServerConfigKeys (ConfUtils.java:logGet(46)) - raft.server.log.segment.cache.num.max = 2 (custom)
2023-12-28 09:09:54,597 [3882d302-0766-4582-8526-483b5b0fafe4-groupManagement] INFO  server.RaftServerConfigKeys (ConfUtils.java:logGet(46)) - raft.server.log.segment.cache.size.max = 200MB (=209715200) (default)
2023-12-28 09:09:54,597 [3882d302-0766-4582-8526-483b5b0fafe4-groupManagement] INFO  server.RaftServerConfigKeys (ConfUtils.java:logGet(46)) - raft.server.log.appender.buffer.byte-limit = 8388608 (custom)
2023-12-28 09:09:54,598 [3882d302-0766-4582-8526-483b5b0fafe4-groupManagement] INFO  util.AwaitToRun (AwaitToRun.java:start(81)) - Thread[3882d302-0766-4582-8526-483b5b0fafe4@group-3BE9841DE9A8-cacheEviction-AwaitToRun,5,main] started
2023-12-28 09:09:54,598 [3882d302-0766-4582-8526-483b5b0fafe4-groupManagement] INFO  segmented.SegmentedRaftLogWorker (SegmentedRaftLogWorker.java:<init>(184)) - new 3882d302-0766-4582-8526-483b5b0fafe4@group-3BE9841DE9A8-SegmentedRaftLogWorker for RaftStorageImpl:Storage Directory /home/runner/work/ozone/ozone/hadoop-ozone/integration-test/target/test-dir/MiniOzoneClusterImpl-7619c237-1de6-4815-bbe2-f0b52dfbd5bc/datanode-3/data/ratis/7edaee47-6c4e-4d9b-b4d0-3be9841de9a8
2023-12-28 09:09:54,598 [3882d302-0766-4582-8526-483b5b0fafe4-groupManagement] INFO  server.RaftServerConfigKeys (ConfUtils.java:logGet(46)) - raft.server.log.queue.byte-limit = 4294967296 (custom)
2023-12-28 09:09:54,598 [3882d302-0766-4582-8526-483b5b0fafe4-groupManagement] INFO  server.RaftServerConfigKeys (ConfUtils.java:logGet(46)) - raft.server.log.queue.element-limit = 1024 (custom)
2023-12-28 09:09:54,598 [3882d302-0766-4582-8526-483b5b0fafe4-groupManagement] INFO  server.RaftServerConfigKeys (ConfUtils.java:logGet(46)) - raft.server.log.segment.size.max = 67108864 (custom)
2023-12-28 09:09:54,598 [3882d302-0766-4582-8526-483b5b0fafe4-groupManagement] INFO  server.RaftServerConfigKeys (ConfUtils.java:logGet(46)) - raft.server.log.preallocated.size = 4194304 (custom)
2023-12-28 09:09:54,598 [3882d302-0766-4582-8526-483b5b0fafe4-groupManagement] INFO  server.RaftServerConfigKeys (ConfUtils.java:logGet(46)) - raft.server.log.force.sync.num = 128 (default)
2023-12-28 09:09:54,598 [3882d302-0766-4582-8526-483b5b0fafe4-groupManagement] INFO  server.RaftServerConfigKeys (ConfUtils.java:logGet(46)) - raft.server.log.statemachine.data.sync = true (default)
2023-12-28 09:09:54,598 [3882d302-0766-4582-8526-483b5b0fafe4-groupManagement] INFO  server.RaftServerConfigKeys (ConfUtils.java:logGet(46)) - raft.server.log.statemachine.data.sync.timeout = 10s (default)
2023-12-28 09:09:54,598 [3882d302-0766-4582-8526-483b5b0fafe4-groupManagement] INFO  server.RaftServerConfigKeys (ConfUtils.java:logGet(46)) - raft.server.log.statemachine.data.sync.timeout.retry = 0 (custom)
2023-12-28 09:09:54,598 [3882d302-0766-4582-8526-483b5b0fafe4-groupManagement] INFO  server.RaftServerConfigKeys (ConfUtils.java:logGet(46)) - raft.server.log.write.buffer.size = 8388616 (custom)
2023-12-28 09:09:54,600 [3882d302-0766-4582-8526-483b5b0fafe4-groupManagement] INFO  server.RaftServerConfigKeys (ConfUtils.java:logGet(46)) - raft.server.log.appender.buffer.byte-limit = 8388608 (custom)
2023-12-28 09:09:54,600 [3882d302-0766-4582-8526-483b5b0fafe4-groupManagement] INFO  server.RaftServerConfigKeys (ConfUtils.java:logGet(46)) - raft.server.log.unsafe-flush.enabled = false (default)
2023-12-28 09:09:54,600 [3882d302-0766-4582-8526-483b5b0fafe4-groupManagement] INFO  server.RaftServerConfigKeys (ConfUtils.java:logGet(46)) - raft.server.log.async-flush.enabled = false (default)
2023-12-28 09:09:54,600 [3882d302-0766-4582-8526-483b5b0fafe4-groupManagement] INFO  server.RaftServerConfigKeys (ConfUtils.java:logGet(46)) - raft.server.log.statemachine.data.caching.enabled = true (custom)
2023-12-28 09:09:54,600 [3882d302-0766-4582-8526-483b5b0fafe4-groupManagement] INFO  segmented.SegmentedRaftLogWorker (SegmentedRaftLogWorker.java:lambda$new$0(135)) - 3882d302-0766-4582-8526-483b5b0fafe4@group-3BE9841DE9A8-SegmentedRaftLogWorker: flushIndex: setUnconditionally 0 -> -1
2023-12-28 09:09:54,600 [3882d302-0766-4582-8526-483b5b0fafe4-groupManagement] INFO  segmented.SegmentedRaftLogWorker (SegmentedRaftLogWorker.java:lambda$new$0(135)) - 3882d302-0766-4582-8526-483b5b0fafe4@group-3BE9841DE9A8-SegmentedRaftLogWorker: safeCacheEvictIndex: setUnconditionally 0 -> -1
2023-12-28 09:09:54,601 [3882d302-0766-4582-8526-483b5b0fafe4-groupManagement] INFO  server.RaftServer$Division (RaftServerImpl.java:start(392)) - 3882d302-0766-4582-8526-483b5b0fafe4@group-3BE9841DE9A8: start as a follower, conf=-1: peers:[3882d302-0766-4582-8526-483b5b0fafe4|10.1.0.14:15397]|listeners:[], old=null
2023-12-28 09:09:54,601 [3882d302-0766-4582-8526-483b5b0fafe4-groupManagement] INFO  server.RaftServer$Division (RaftServerImpl.java:setRole(379)) - 3882d302-0766-4582-8526-483b5b0fafe4@group-3BE9841DE9A8: changes role from      null to FOLLOWER at term 0 for startAsFollower
2023-12-28 09:09:54,601 [3882d302-0766-4582-8526-483b5b0fafe4-groupManagement] INFO  impl.RoleInfo (RoleInfo.java:updateAndGet(139)) - 3882d302-0766-4582-8526-483b5b0fafe4: start 3882d302-0766-4582-8526-483b5b0fafe4@group-3BE9841DE9A8-FollowerState
2023-12-28 09:09:54,601 [3882d302-0766-4582-8526-483b5b0fafe4-groupManagement] INFO  util.JmxRegister (JmxRegister.java:tryRegister(44)) - Successfully registered JMX Bean with object name Ratis:service=RaftServer,group=group-3BE9841DE9A8,id=3882d302-0766-4582-8526-483b5b0fafe4
2023-12-28 09:09:54,601 [3882d302-0766-4582-8526-483b5b0fafe4@group-3BE9841DE9A8-FollowerState] INFO  server.RaftServerConfigKeys (ConfUtils.java:logFallback(53)) - raft.server.rpc.first-election.timeout.min = 5s (fallback to raft.server.rpc.timeout.min)
2023-12-28 09:09:54,601 [3882d302-0766-4582-8526-483b5b0fafe4@group-3BE9841DE9A8-FollowerState] INFO  server.RaftServerConfigKeys (ConfUtils.java:logFallback(53)) - raft.server.rpc.first-election.timeout.max = 5200ms (fallback to raft.server.rpc.timeout.max)
2023-12-28 09:09:54,601 [3882d302-0766-4582-8526-483b5b0fafe4-groupManagement] INFO  server.RaftServerConfigKeys (ConfUtils.java:logGet(46)) - raft.server.snapshot.trigger-when-stop.enabled = true (default)
2023-12-28 09:09:54,601 [3882d302-0766-4582-8526-483b5b0fafe4-groupManagement] INFO  server.RaftServerConfigKeys (ConfUtils.java:logGet(46)) - raft.server.snapshot.auto.trigger.enabled = true (custom)
2023-12-28 09:09:54,601 [3882d302-0766-4582-8526-483b5b0fafe4-groupManagement] INFO  server.RaftServerConfigKeys (ConfUtils.java:logGet(46)) - raft.server.snapshot.auto.trigger.threshold = 10000 (custom)
2023-12-28 09:09:54,601 [3882d302-0766-4582-8526-483b5b0fafe4-groupManagement] INFO  server.RaftServerConfigKeys (ConfUtils.java:logGet(46)) - raft.server.snapshot.retention.file.num = 5 (custom)
2023-12-28 09:09:54,601 [3882d302-0766-4582-8526-483b5b0fafe4-groupManagement] INFO  server.RaftServerConfigKeys (ConfUtils.java:logGet(46)) - raft.server.log.purge.upto.snapshot.index = false (default)
2023-12-28 09:09:54,602 [3882d302-0766-4582-8526-483b5b0fafe4-PipelineCommandHandlerThread-0] INFO  ratis.XceiverServerRatis (XceiverServerRatis.java:addGroup(837)) - Created group PipelineID=7edaee47-6c4e-4d9b-b4d0-3be9841de9a8
2023-12-28 09:09:54,602 [3882d302-0766-4582-8526-483b5b0fafe4-PipelineCommandHandlerThread-0] INFO  commandhandler.CreatePipelineCommandHandler (CreatePipelineCommandHandler.java:lambda$handle$2(124)) - Created Pipeline RATIS ONE PipelineID=7edaee47-6c4e-4d9b-b4d0-3be9841de9a8.
2023-12-28 09:09:54,602 [3882d302-0766-4582-8526-483b5b0fafe4-PipelineCommandHandlerThread-0] INFO  server.RaftServer (RaftServerProxy.java:addNew(100)) - 3882d302-0766-4582-8526-483b5b0fafe4: addNew group-0D882B591608:[31ca3cec-ca1e-4771-b2d4-3cf5bbdf2d7e|10.1.0.14:15415, 3882d302-0766-4582-8526-483b5b0fafe4|10.1.0.14:15397, 42fe86c5-ef4c-4426-bfd8-a8401ddf98d5|10.1.0.14:15406] returns group-0D882B591608:java.util.concurrent.CompletableFuture@67c64d81[Not completed]
2023-12-28 09:09:54,602 [3882d302-0766-4582-8526-483b5b0fafe4-groupManagement] INFO  server.RaftServer$Division (RaftServerImpl.java:<init>(256)) - 3882d302-0766-4582-8526-483b5b0fafe4: new RaftServerImpl for group-0D882B591608:[31ca3cec-ca1e-4771-b2d4-3cf5bbdf2d7e|10.1.0.14:15415, 3882d302-0766-4582-8526-483b5b0fafe4|10.1.0.14:15397, 42fe86c5-ef4c-4426-bfd8-a8401ddf98d5|10.1.0.14:15406] with ContainerStateMachine:uninitialized
2023-12-28 09:09:54,603 [3882d302-0766-4582-8526-483b5b0fafe4-groupManagement] INFO  server.RaftServerConfigKeys (ConfUtils.java:logGet(46)) - raft.server.rpc.timeout.min = 5s (custom)
2023-12-28 09:09:54,603 [3882d302-0766-4582-8526-483b5b0fafe4-groupManagement] INFO  server.RaftServerConfigKeys (ConfUtils.java:logGet(46)) - raft.server.rpc.timeout.max = 5200ms (custom)
2023-12-28 09:09:54,603 [3882d302-0766-4582-8526-483b5b0fafe4-groupManagement] INFO  server.RaftServerConfigKeys (ConfUtils.java:logGet(46)) - raft.server.rpc.sleep.time = 25ms (default)
2023-12-28 09:09:54,603 [3882d302-0766-4582-8526-483b5b0fafe4-groupManagement] INFO  server.RaftServerConfigKeys (ConfUtils.java:logGet(46)) - raft.server.rpc.slowness.timeout = 300000ms (custom)
2023-12-28 09:09:54,603 [3882d302-0766-4582-8526-483b5b0fafe4-groupManagement] INFO  server.RaftServerConfigKeys (ConfUtils.java:logGet(46)) - raft.server.leaderelection.leader.step-down.wait-time = 10s (default)
2023-12-28 09:09:54,603 [3882d302-0766-4582-8526-483b5b0fafe4-groupManagement] INFO  server.RaftServerConfigKeys (ConfUtils.java:logGet(46)) - raft.server.leaderelection.member.majority-add = false (default)
2023-12-28 09:09:54,603 [3882d302-0766-4582-8526-483b5b0fafe4-groupManagement] INFO  server.RaftServerConfigKeys (ConfUtils.java:logGet(46)) - raft.server.sleep.deviation.threshold = 300ms (default)
2023-12-28 09:09:54,603 [3882d302-0766-4582-8526-483b5b0fafe4-groupManagement] INFO  server.RaftServer$Division (ServerState.java:<init>(113)) - 3882d302-0766-4582-8526-483b5b0fafe4@group-0D882B591608: ConfigurationManager, init=-1: peers:[31ca3cec-ca1e-4771-b2d4-3cf5bbdf2d7e|10.1.0.14:15415, 3882d302-0766-4582-8526-483b5b0fafe4|10.1.0.14:15397, 42fe86c5-ef4c-4426-bfd8-a8401ddf98d5|10.1.0.14:15406]|listeners:[], old=null, confs=<EMPTY_MAP>
2023-12-28 09:09:54,603 [3882d302-0766-4582-8526-483b5b0fafe4-groupManagement] INFO  server.RaftServerConfigKeys (ConfUtils.java:logGet(46)) - raft.server.notification.no-leader.timeout = 300000ms (custom)
2023-12-28 09:09:54,603 [3882d302-0766-4582-8526-483b5b0fafe4-groupManagement] INFO  server.RaftServerConfigKeys (ConfUtils.java:logGet(46)) - raft.server.read.timeout = 10s (default)
2023-12-28 09:09:54,603 [3882d302-0766-4582-8526-483b5b0fafe4-groupManagement] INFO  server.RaftServerConfigKeys (ConfUtils.java:logGet(46)) - raft.server.retrycache.expirytime = 600000ms (custom)
2023-12-28 09:09:54,603 [3882d302-0766-4582-8526-483b5b0fafe4-groupManagement] INFO  server.RaftServerConfigKeys (ConfUtils.java:logGet(46)) - raft.server.retrycache.statistics.expirytime = 100ms (default)
2023-12-28 09:09:54,603 [3882d302-0766-4582-8526-483b5b0fafe4-groupManagement] INFO  server.RaftServerConfigKeys (ConfUtils.java:logGet(46)) - raft.server.read.option = DEFAULT (default)
2023-12-28 09:09:54,603 [3882d302-0766-4582-8526-483b5b0fafe4-groupManagement] INFO  server.RaftServerConfigKeys (ConfUtils.java:logGet(46)) - raft.server.read.read-after-write-consistent.write-index-cache.expiry-time = 60s (default)
2023-12-28 09:09:54,606 [3882d302-0766-4582-8526-483b5b0fafe4-groupManagement] INFO  server.RaftServerConfigKeys (ConfUtils.java:logGet(46)) - raft.server.rpc.request.timeout = 3000ms (default)
2023-12-28 09:09:54,606 [3882d302-0766-4582-8526-483b5b0fafe4-groupManagement] INFO  server.RaftServerConfigKeys (ConfUtils.java:logGet(46)) - raft.server.log.appender.install.snapshot.enabled = false (custom)
2023-12-28 09:09:54,606 [3882d302-0766-4582-8526-483b5b0fafe4-groupManagement] INFO  server.RaftServerConfigKeys (ConfUtils.java:logGet(46)) - raft.server.threadpool.server.cached = true (default)
2023-12-28 09:09:54,606 [3882d302-0766-4582-8526-483b5b0fafe4-groupManagement] INFO  server.RaftServerConfigKeys (ConfUtils.java:logGet(46)) - raft.server.threadpool.server.size = 0 (default)
2023-12-28 09:09:54,606 [3882d302-0766-4582-8526-483b5b0fafe4-groupManagement] INFO  server.RaftServerConfigKeys (ConfUtils.java:logGet(46)) - raft.server.threadpool.client.cached = true (default)
2023-12-28 09:09:54,606 [3882d302-0766-4582-8526-483b5b0fafe4-groupManagement] INFO  server.RaftServerConfigKeys (ConfUtils.java:logGet(46)) - raft.server.threadpool.client.size = 0 (default)
2023-12-28 09:09:54,606 [3882d302-0766-4582-8526-483b5b0fafe4-groupManagement] INFO  server.RaftServerConfigKeys (ConfUtils.java:logGet(46)) - raft.server.storage.free-space.min = 0MB (=0) (default)
2023-12-28 09:09:54,606 [3882d302-0766-4582-8526-483b5b0fafe4-groupManagement] INFO  server.RaftServerConfigKeys (ConfUtils.java:logGet(46)) - raft.server.log.corruption.policy = EXCEPTION (default)
2023-12-28 09:09:54,606 [3882d302-0766-4582-8526-483b5b0fafe4-groupManagement] INFO  server.RaftServerConfigKeys (ConfUtils.java:logGet(46)) - raft.server.storage.dir = [/home/runner/work/ozone/ozone/hadoop-ozone/integration-test/target/test-dir/MiniOzoneClusterImpl-7619c237-1de6-4815-bbe2-f0b52dfbd5bc/datanode-3/data/ratis] (custom)
2023-12-28 09:09:54,606 [3882d302-0766-4582-8526-483b5b0fafe4-groupManagement] INFO  storage.RaftStorageDirectory (RaftStorageDirectoryImpl.java:analyzeStorage(138)) - The storage directory /home/runner/work/ozone/ozone/hadoop-ozone/integration-test/target/test-dir/MiniOzoneClusterImpl-7619c237-1de6-4815-bbe2-f0b52dfbd5bc/datanode-3/data/ratis/ac0b9b9d-6c10-481c-8fb0-0d882b591608 does not exist. Creating ...
2023-12-28 09:09:54,607 [3882d302-0766-4582-8526-483b5b0fafe4-groupManagement] INFO  storage.RaftStorageDirectory (RaftStorageDirectoryImpl.java:tryLock(232)) - Lock on /home/runner/work/ozone/ozone/hadoop-ozone/integration-test/target/test-dir/MiniOzoneClusterImpl-7619c237-1de6-4815-bbe2-f0b52dfbd5bc/datanode-3/data/ratis/ac0b9b9d-6c10-481c-8fb0-0d882b591608/in_use.lock acquired by nodename 85610@fv-az1384-14
2023-12-28 09:09:54,609 [3882d302-0766-4582-8526-483b5b0fafe4-groupManagement] INFO  storage.RaftStorage (RaftStorageImpl.java:format(97)) - Storage directory /home/runner/work/ozone/ozone/hadoop-ozone/integration-test/target/test-dir/MiniOzoneClusterImpl-7619c237-1de6-4815-bbe2-f0b52dfbd5bc/datanode-3/data/ratis/ac0b9b9d-6c10-481c-8fb0-0d882b591608 has been successfully formatted.
2023-12-28 09:09:54,609 [3882d302-0766-4582-8526-483b5b0fafe4-groupManagement] INFO  ratis.ContainerStateMachine (ContainerStateMachine.java:loadSnapshot(287)) - group-0D882B591608: The snapshot info is null. Setting the last applied indexto:(t:0, i:~)
2023-12-28 09:09:54,609 [3882d302-0766-4582-8526-483b5b0fafe4-groupManagement] INFO  server.RaftServerConfigKeys (ConfUtils.java:logGet(46)) - raft.server.log.use.memory = false (default)
2023-12-28 09:09:54,609 [3882d302-0766-4582-8526-483b5b0fafe4-groupManagement] INFO  server.RaftServerConfigKeys (ConfUtils.java:logGet(46)) - raft.server.log.purge.gap = 1000000 (custom)
2023-12-28 09:09:54,609 [3882d302-0766-4582-8526-483b5b0fafe4-groupManagement] INFO  server.RaftServerConfigKeys (ConfUtils.java:logGet(46)) - raft.server.log.appender.buffer.byte-limit = 8388608 (custom)
2023-12-28 09:09:54,609 [3882d302-0766-4582-8526-483b5b0fafe4-groupManagement] INFO  server.RaftServerConfigKeys (ConfUtils.java:logGet(46)) - raft.server.log.statemachine.data.read.timeout = 1000ms (default)
2023-12-28 09:09:54,609 [3882d302-0766-4582-8526-483b5b0fafe4-groupManagement] INFO  server.RaftServerConfigKeys (ConfUtils.java:logGet(46)) - raft.server.log.purge.preservation.log.num = 0 (default)
2023-12-28 09:09:54,609 [EventQueue-OpenPipelineForHealthyPipelineSafeModeRule] INFO  safemode.SCMSafeModeManager (HealthyPipelineSafeModeRule.java:process(140)) - SCM in safe mode. Healthy pipelines reported count is 0, required healthy pipeline reported count is 1
2023-12-28 09:09:54,610 [3882d302-0766-4582-8526-483b5b0fafe4-groupManagement] INFO  server.RaftServerConfigKeys (ConfUtils.java:logGet(46)) - raft.server.log.segment.size.max = 67108864 (custom)
2023-12-28 09:09:54,611 [3882d302-0766-4582-8526-483b5b0fafe4-groupManagement] INFO  server.RaftServerConfigKeys (ConfUtils.java:logGet(46)) - raft.server.log.segment.cache.num.max = 2 (custom)
2023-12-28 09:09:54,611 [3882d302-0766-4582-8526-483b5b0fafe4-groupManagement] INFO  server.RaftServerConfigKeys (ConfUtils.java:logGet(46)) - raft.server.log.segment.cache.size.max = 200MB (=209715200) (default)
2023-12-28 09:09:54,611 [3882d302-0766-4582-8526-483b5b0fafe4-groupManagement] INFO  server.RaftServerConfigKeys (ConfUtils.java:logGet(46)) - raft.server.log.appender.buffer.byte-limit = 8388608 (custom)
2023-12-28 09:09:54,611 [3882d302-0766-4582-8526-483b5b0fafe4-groupManagement] INFO  util.AwaitToRun (AwaitToRun.java:start(81)) - Thread[3882d302-0766-4582-8526-483b5b0fafe4@group-0D882B591608-cacheEviction-AwaitToRun,5,main] started
2023-12-28 09:09:54,611 [3882d302-0766-4582-8526-483b5b0fafe4-groupManagement] INFO  segmented.SegmentedRaftLogWorker (SegmentedRaftLogWorker.java:<init>(184)) - new 3882d302-0766-4582-8526-483b5b0fafe4@group-0D882B591608-SegmentedRaftLogWorker for RaftStorageImpl:Storage Directory /home/runner/work/ozone/ozone/hadoop-ozone/integration-test/target/test-dir/MiniOzoneClusterImpl-7619c237-1de6-4815-bbe2-f0b52dfbd5bc/datanode-3/data/ratis/ac0b9b9d-6c10-481c-8fb0-0d882b591608
2023-12-28 09:09:54,611 [3882d302-0766-4582-8526-483b5b0fafe4-groupManagement] INFO  server.RaftServerConfigKeys (ConfUtils.java:logGet(46)) - raft.server.log.queue.byte-limit = 4294967296 (custom)
2023-12-28 09:09:54,611 [3882d302-0766-4582-8526-483b5b0fafe4-groupManagement] INFO  server.RaftServerConfigKeys (ConfUtils.java:logGet(46)) - raft.server.log.queue.element-limit = 1024 (custom)
2023-12-28 09:09:54,611 [3882d302-0766-4582-8526-483b5b0fafe4-groupManagement] INFO  server.RaftServerConfigKeys (ConfUtils.java:logGet(46)) - raft.server.log.segment.size.max = 67108864 (custom)
2023-12-28 09:09:54,611 [3882d302-0766-4582-8526-483b5b0fafe4-groupManagement] INFO  server.RaftServerConfigKeys (ConfUtils.java:logGet(46)) - raft.server.log.preallocated.size = 4194304 (custom)
2023-12-28 09:09:54,611 [3882d302-0766-4582-8526-483b5b0fafe4-groupManagement] INFO  server.RaftServerConfigKeys (ConfUtils.java:logGet(46)) - raft.server.log.force.sync.num = 128 (default)
2023-12-28 09:09:54,611 [3882d302-0766-4582-8526-483b5b0fafe4-groupManagement] INFO  server.RaftServerConfigKeys (ConfUtils.java:logGet(46)) - raft.server.log.statemachine.data.sync = true (default)
2023-12-28 09:09:54,611 [3882d302-0766-4582-8526-483b5b0fafe4-groupManagement] INFO  server.RaftServerConfigKeys (ConfUtils.java:logGet(46)) - raft.server.log.statemachine.data.sync.timeout = 10s (default)
2023-12-28 09:09:54,611 [3882d302-0766-4582-8526-483b5b0fafe4-groupManagement] INFO  server.RaftServerConfigKeys (ConfUtils.java:logGet(46)) - raft.server.log.statemachine.data.sync.timeout.retry = 0 (custom)
2023-12-28 09:09:54,612 [3882d302-0766-4582-8526-483b5b0fafe4-groupManagement] INFO  server.RaftServerConfigKeys (ConfUtils.java:logGet(46)) - raft.server.log.write.buffer.size = 8388616 (custom)
2023-12-28 09:09:54,613 [3882d302-0766-4582-8526-483b5b0fafe4-groupManagement] INFO  server.RaftServerConfigKeys (ConfUtils.java:logGet(46)) - raft.server.log.appender.buffer.byte-limit = 8388608 (custom)
2023-12-28 09:09:54,645 [3882d302-0766-4582-8526-483b5b0fafe4-groupManagement] INFO  server.RaftServerConfigKeys (ConfUtils.java:logGet(46)) - raft.server.log.unsafe-flush.enabled = false (default)
2023-12-28 09:09:54,645 [3882d302-0766-4582-8526-483b5b0fafe4-groupManagement] INFO  server.RaftServerConfigKeys (ConfUtils.java:logGet(46)) - raft.server.log.async-flush.enabled = false (default)
2023-12-28 09:09:54,645 [3882d302-0766-4582-8526-483b5b0fafe4-groupManagement] INFO  server.RaftServerConfigKeys (ConfUtils.java:logGet(46)) - raft.server.log.statemachine.data.caching.enabled = true (custom)
2023-12-28 09:09:54,645 [3882d302-0766-4582-8526-483b5b0fafe4-groupManagement] INFO  segmented.SegmentedRaftLogWorker (SegmentedRaftLogWorker.java:lambda$new$0(135)) - 3882d302-0766-4582-8526-483b5b0fafe4@group-0D882B591608-SegmentedRaftLogWorker: flushIndex: setUnconditionally 0 -> -1
2023-12-28 09:09:54,645 [3882d302-0766-4582-8526-483b5b0fafe4-groupManagement] INFO  segmented.SegmentedRaftLogWorker (SegmentedRaftLogWorker.java:lambda$new$0(135)) - 3882d302-0766-4582-8526-483b5b0fafe4@group-0D882B591608-SegmentedRaftLogWorker: safeCacheEvictIndex: setUnconditionally 0 -> -1
2023-12-28 09:09:54,646 [3882d302-0766-4582-8526-483b5b0fafe4-groupManagement] INFO  server.RaftServer$Division (RaftServerImpl.java:start(392)) - 3882d302-0766-4582-8526-483b5b0fafe4@group-0D882B591608: start as a follower, conf=-1: peers:[31ca3cec-ca1e-4771-b2d4-3cf5bbdf2d7e|10.1.0.14:15415, 3882d302-0766-4582-8526-483b5b0fafe4|10.1.0.14:15397, 42fe86c5-ef4c-4426-bfd8-a8401ddf98d5|10.1.0.14:15406]|listeners:[], old=null
2023-12-28 09:09:54,646 [3882d302-0766-4582-8526-483b5b0fafe4-groupManagement] INFO  server.RaftServer$Division (RaftServerImpl.java:setRole(379)) - 3882d302-0766-4582-8526-483b5b0fafe4@group-0D882B591608: changes role from      null to FOLLOWER at term 0 for startAsFollower
2023-12-28 09:09:54,646 [3882d302-0766-4582-8526-483b5b0fafe4-groupManagement] INFO  impl.RoleInfo (RoleInfo.java:updateAndGet(139)) - 3882d302-0766-4582-8526-483b5b0fafe4: start 3882d302-0766-4582-8526-483b5b0fafe4@group-0D882B591608-FollowerState
2023-12-28 09:09:54,646 [3882d302-0766-4582-8526-483b5b0fafe4-groupManagement] INFO  util.JmxRegister (JmxRegister.java:tryRegister(44)) - Successfully registered JMX Bean with object name Ratis:service=RaftServer,group=group-0D882B591608,id=3882d302-0766-4582-8526-483b5b0fafe4
2023-12-28 09:09:54,646 [3882d302-0766-4582-8526-483b5b0fafe4-groupManagement] INFO  server.RaftServerConfigKeys (ConfUtils.java:logGet(46)) - raft.server.snapshot.trigger-when-stop.enabled = true (default)
2023-12-28 09:09:54,646 [3882d302-0766-4582-8526-483b5b0fafe4-groupManagement] INFO  server.RaftServerConfigKeys (ConfUtils.java:logGet(46)) - raft.server.snapshot.auto.trigger.enabled = true (custom)
2023-12-28 09:09:54,646 [3882d302-0766-4582-8526-483b5b0fafe4-groupManagement] INFO  server.RaftServerConfigKeys (ConfUtils.java:logGet(46)) - raft.server.snapshot.auto.trigger.threshold = 10000 (custom)
2023-12-28 09:09:54,646 [3882d302-0766-4582-8526-483b5b0fafe4-groupManagement] INFO  server.RaftServerConfigKeys (ConfUtils.java:logGet(46)) - raft.server.snapshot.retention.file.num = 5 (custom)
2023-12-28 09:09:54,647 [3882d302-0766-4582-8526-483b5b0fafe4-groupManagement] INFO  server.RaftServerConfigKeys (ConfUtils.java:logGet(46)) - raft.server.log.purge.upto.snapshot.index = false (default)
2023-12-28 09:09:54,647 [3882d302-0766-4582-8526-483b5b0fafe4@group-0D882B591608-FollowerState] INFO  server.RaftServerConfigKeys (ConfUtils.java:logFallback(53)) - raft.server.rpc.first-election.timeout.min = 5s (fallback to raft.server.rpc.timeout.min)
2023-12-28 09:09:54,647 [3882d302-0766-4582-8526-483b5b0fafe4@group-0D882B591608-FollowerState] INFO  server.RaftServerConfigKeys (ConfUtils.java:logFallback(53)) - raft.server.rpc.first-election.timeout.max = 5200ms (fallback to raft.server.rpc.timeout.max)
2023-12-28 09:09:54,647 [3882d302-0766-4582-8526-483b5b0fafe4-PipelineCommandHandlerThread-0] INFO  ratis.XceiverServerRatis (XceiverServerRatis.java:addGroup(837)) - Created group PipelineID=ac0b9b9d-6c10-481c-8fb0-0d882b591608
2023-12-28 09:09:54,662 [grpc-default-executor-2] INFO  server.RaftServer (RaftServerProxy.java:addNew(100)) - 31ca3cec-ca1e-4771-b2d4-3cf5bbdf2d7e: addNew group-0D882B591608:[31ca3cec-ca1e-4771-b2d4-3cf5bbdf2d7e|10.1.0.14:15415, 3882d302-0766-4582-8526-483b5b0fafe4|10.1.0.14:15397, 42fe86c5-ef4c-4426-bfd8-a8401ddf98d5|10.1.0.14:15406] returns group-0D882B591608:java.util.concurrent.CompletableFuture@76c96c24[Not completed]
2023-12-28 09:09:54,663 [31ca3cec-ca1e-4771-b2d4-3cf5bbdf2d7e-groupManagement] INFO  server.RaftServer$Division (RaftServerImpl.java:<init>(256)) - 31ca3cec-ca1e-4771-b2d4-3cf5bbdf2d7e: new RaftServerImpl for group-0D882B591608:[31ca3cec-ca1e-4771-b2d4-3cf5bbdf2d7e|10.1.0.14:15415, 3882d302-0766-4582-8526-483b5b0fafe4|10.1.0.14:15397, 42fe86c5-ef4c-4426-bfd8-a8401ddf98d5|10.1.0.14:15406] with ContainerStateMachine:uninitialized
2023-12-28 09:09:54,663 [31ca3cec-ca1e-4771-b2d4-3cf5bbdf2d7e-groupManagement] INFO  server.RaftServerConfigKeys (ConfUtils.java:logGet(46)) - raft.server.rpc.timeout.min = 5s (custom)
2023-12-28 09:09:54,663 [31ca3cec-ca1e-4771-b2d4-3cf5bbdf2d7e-groupManagement] INFO  server.RaftServerConfigKeys (ConfUtils.java:logGet(46)) - raft.server.rpc.timeout.max = 5200ms (custom)
2023-12-28 09:09:54,663 [31ca3cec-ca1e-4771-b2d4-3cf5bbdf2d7e-groupManagement] INFO  server.RaftServerConfigKeys (ConfUtils.java:logGet(46)) - raft.server.rpc.sleep.time = 25ms (default)
2023-12-28 09:09:54,663 [31ca3cec-ca1e-4771-b2d4-3cf5bbdf2d7e-groupManagement] INFO  server.RaftServerConfigKeys (ConfUtils.java:logGet(46)) - raft.server.rpc.slowness.timeout = 300000ms (custom)
2023-12-28 09:09:54,663 [31ca3cec-ca1e-4771-b2d4-3cf5bbdf2d7e-groupManagement] INFO  server.RaftServerConfigKeys (ConfUtils.java:logGet(46)) - raft.server.leaderelection.leader.step-down.wait-time = 10s (default)
2023-12-28 09:09:54,663 [31ca3cec-ca1e-4771-b2d4-3cf5bbdf2d7e-groupManagement] INFO  server.RaftServerConfigKeys (ConfUtils.java:logGet(46)) - raft.server.leaderelection.member.majority-add = false (default)
2023-12-28 09:09:54,663 [31ca3cec-ca1e-4771-b2d4-3cf5bbdf2d7e-groupManagement] INFO  server.RaftServerConfigKeys (ConfUtils.java:logGet(46)) - raft.server.sleep.deviation.threshold = 300ms (default)
2023-12-28 09:09:54,663 [31ca3cec-ca1e-4771-b2d4-3cf5bbdf2d7e-groupManagement] INFO  server.RaftServer$Division (ServerState.java:<init>(113)) - 31ca3cec-ca1e-4771-b2d4-3cf5bbdf2d7e@group-0D882B591608: ConfigurationManager, init=-1: peers:[31ca3cec-ca1e-4771-b2d4-3cf5bbdf2d7e|10.1.0.14:15415, 3882d302-0766-4582-8526-483b5b0fafe4|10.1.0.14:15397, 42fe86c5-ef4c-4426-bfd8-a8401ddf98d5|10.1.0.14:15406]|listeners:[], old=null, confs=<EMPTY_MAP>
2023-12-28 09:09:54,663 [31ca3cec-ca1e-4771-b2d4-3cf5bbdf2d7e-groupManagement] INFO  server.RaftServerConfigKeys (ConfUtils.java:logGet(46)) - raft.server.notification.no-leader.timeout = 300000ms (custom)
2023-12-28 09:09:54,663 [31ca3cec-ca1e-4771-b2d4-3cf5bbdf2d7e-groupManagement] INFO  server.RaftServerConfigKeys (ConfUtils.java:logGet(46)) - raft.server.read.timeout = 10s (default)
2023-12-28 09:09:54,663 [31ca3cec-ca1e-4771-b2d4-3cf5bbdf2d7e-groupManagement] INFO  server.RaftServerConfigKeys (ConfUtils.java:logGet(46)) - raft.server.retrycache.expirytime = 600000ms (custom)
2023-12-28 09:09:54,663 [31ca3cec-ca1e-4771-b2d4-3cf5bbdf2d7e-groupManagement] INFO  server.RaftServerConfigKeys (ConfUtils.java:logGet(46)) - raft.server.retrycache.statistics.expirytime = 100ms (default)
2023-12-28 09:09:54,663 [31ca3cec-ca1e-4771-b2d4-3cf5bbdf2d7e-groupManagement] INFO  server.RaftServerConfigKeys (ConfUtils.java:logGet(46)) - raft.server.read.option = DEFAULT (default)
2023-12-28 09:09:54,663 [31ca3cec-ca1e-4771-b2d4-3cf5bbdf2d7e-groupManagement] INFO  server.RaftServerConfigKeys (ConfUtils.java:logGet(46)) - raft.server.read.read-after-write-consistent.write-index-cache.expiry-time = 60s (default)
2023-12-28 09:09:54,665 [31ca3cec-ca1e-4771-b2d4-3cf5bbdf2d7e-groupManagement] INFO  server.RaftServerConfigKeys (ConfUtils.java:logGet(46)) - raft.server.rpc.request.timeout = 3000ms (default)
2023-12-28 09:09:54,665 [31ca3cec-ca1e-4771-b2d4-3cf5bbdf2d7e-groupManagement] INFO  server.RaftServerConfigKeys (ConfUtils.java:logGet(46)) - raft.server.log.appender.install.snapshot.enabled = false (custom)
2023-12-28 09:09:54,665 [31ca3cec-ca1e-4771-b2d4-3cf5bbdf2d7e-groupManagement] INFO  server.RaftServerConfigKeys (ConfUtils.java:logGet(46)) - raft.server.threadpool.server.cached = true (default)
2023-12-28 09:09:54,665 [31ca3cec-ca1e-4771-b2d4-3cf5bbdf2d7e-groupManagement] INFO  server.RaftServerConfigKeys (ConfUtils.java:logGet(46)) - raft.server.threadpool.server.size = 0 (default)
2023-12-28 09:09:54,665 [31ca3cec-ca1e-4771-b2d4-3cf5bbdf2d7e-groupManagement] INFO  server.RaftServerConfigKeys (ConfUtils.java:logGet(46)) - raft.server.threadpool.client.cached = true (default)
2023-12-28 09:09:54,666 [31ca3cec-ca1e-4771-b2d4-3cf5bbdf2d7e-groupManagement] INFO  server.RaftServerConfigKeys (ConfUtils.java:logGet(46)) - raft.server.threadpool.client.size = 0 (default)
2023-12-28 09:09:54,666 [31ca3cec-ca1e-4771-b2d4-3cf5bbdf2d7e-groupManagement] INFO  server.RaftServerConfigKeys (ConfUtils.java:logGet(46)) - raft.server.storage.free-space.min = 0MB (=0) (default)
2023-12-28 09:09:54,666 [31ca3cec-ca1e-4771-b2d4-3cf5bbdf2d7e-groupManagement] INFO  server.RaftServerConfigKeys (ConfUtils.java:logGet(46)) - raft.server.log.corruption.policy = EXCEPTION (default)
2023-12-28 09:09:54,666 [31ca3cec-ca1e-4771-b2d4-3cf5bbdf2d7e-groupManagement] INFO  server.RaftServerConfigKeys (ConfUtils.java:logGet(46)) - raft.server.storage.dir = [/home/runner/work/ozone/ozone/hadoop-ozone/integration-test/target/test-dir/MiniOzoneClusterImpl-7619c237-1de6-4815-bbe2-f0b52dfbd5bc/datanode-5/data/ratis] (custom)
2023-12-28 09:09:54,666 [31ca3cec-ca1e-4771-b2d4-3cf5bbdf2d7e-groupManagement] INFO  storage.RaftStorageDirectory (RaftStorageDirectoryImpl.java:analyzeStorage(138)) - The storage directory /home/runner/work/ozone/ozone/hadoop-ozone/integration-test/target/test-dir/MiniOzoneClusterImpl-7619c237-1de6-4815-bbe2-f0b52dfbd5bc/datanode-5/data/ratis/ac0b9b9d-6c10-481c-8fb0-0d882b591608 does not exist. Creating ...
2023-12-28 09:09:54,667 [31ca3cec-ca1e-4771-b2d4-3cf5bbdf2d7e-groupManagement] INFO  storage.RaftStorageDirectory (RaftStorageDirectoryImpl.java:tryLock(232)) - Lock on /home/runner/work/ozone/ozone/hadoop-ozone/integration-test/target/test-dir/MiniOzoneClusterImpl-7619c237-1de6-4815-bbe2-f0b52dfbd5bc/datanode-5/data/ratis/ac0b9b9d-6c10-481c-8fb0-0d882b591608/in_use.lock acquired by nodename 85610@fv-az1384-14
2023-12-28 09:09:54,669 [31ca3cec-ca1e-4771-b2d4-3cf5bbdf2d7e-groupManagement] INFO  storage.RaftStorage (RaftStorageImpl.java:format(97)) - Storage directory /home/runner/work/ozone/ozone/hadoop-ozone/integration-test/target/test-dir/MiniOzoneClusterImpl-7619c237-1de6-4815-bbe2-f0b52dfbd5bc/datanode-5/data/ratis/ac0b9b9d-6c10-481c-8fb0-0d882b591608 has been successfully formatted.
2023-12-28 09:09:54,671 [31ca3cec-ca1e-4771-b2d4-3cf5bbdf2d7e-groupManagement] INFO  ratis.ContainerStateMachine (ContainerStateMachine.java:loadSnapshot(287)) - group-0D882B591608: The snapshot info is null. Setting the last applied indexto:(t:0, i:~)
2023-12-28 09:09:54,671 [31ca3cec-ca1e-4771-b2d4-3cf5bbdf2d7e-groupManagement] INFO  server.RaftServerConfigKeys (ConfUtils.java:logGet(46)) - raft.server.log.use.memory = false (default)
2023-12-28 09:09:54,671 [31ca3cec-ca1e-4771-b2d4-3cf5bbdf2d7e-groupManagement] INFO  server.RaftServerConfigKeys (ConfUtils.java:logGet(46)) - raft.server.log.purge.gap = 1000000 (custom)
2023-12-28 09:09:54,671 [31ca3cec-ca1e-4771-b2d4-3cf5bbdf2d7e-groupManagement] INFO  server.RaftServerConfigKeys (ConfUtils.java:logGet(46)) - raft.server.log.appender.buffer.byte-limit = 8388608 (custom)
2023-12-28 09:09:54,671 [31ca3cec-ca1e-4771-b2d4-3cf5bbdf2d7e-groupManagement] INFO  server.RaftServerConfigKeys (ConfUtils.java:logGet(46)) - raft.server.log.statemachine.data.read.timeout = 1000ms (default)
2023-12-28 09:09:54,671 [31ca3cec-ca1e-4771-b2d4-3cf5bbdf2d7e-groupManagement] INFO  server.RaftServerConfigKeys (ConfUtils.java:logGet(46)) - raft.server.log.purge.preservation.log.num = 0 (default)
2023-12-28 09:09:54,672 [31ca3cec-ca1e-4771-b2d4-3cf5bbdf2d7e-groupManagement] INFO  server.RaftServerConfigKeys (ConfUtils.java:logGet(46)) - raft.server.log.segment.size.max = 67108864 (custom)
2023-12-28 09:09:54,672 [31ca3cec-ca1e-4771-b2d4-3cf5bbdf2d7e-groupManagement] INFO  server.RaftServerConfigKeys (ConfUtils.java:logGet(46)) - raft.server.log.segment.cache.num.max = 2 (custom)
2023-12-28 09:09:54,672 [31ca3cec-ca1e-4771-b2d4-3cf5bbdf2d7e-groupManagement] INFO  server.RaftServerConfigKeys (ConfUtils.java:logGet(46)) - raft.server.log.segment.cache.size.max = 200MB (=209715200) (default)
2023-12-28 09:09:54,672 [31ca3cec-ca1e-4771-b2d4-3cf5bbdf2d7e-groupManagement] INFO  server.RaftServerConfigKeys (ConfUtils.java:logGet(46)) - raft.server.log.appender.buffer.byte-limit = 8388608 (custom)
2023-12-28 09:09:54,672 [31ca3cec-ca1e-4771-b2d4-3cf5bbdf2d7e-groupManagement] INFO  util.AwaitToRun (AwaitToRun.java:start(81)) - Thread[31ca3cec-ca1e-4771-b2d4-3cf5bbdf2d7e@group-0D882B591608-cacheEviction-AwaitToRun,5,main] started
2023-12-28 09:09:54,672 [31ca3cec-ca1e-4771-b2d4-3cf5bbdf2d7e-groupManagement] INFO  segmented.SegmentedRaftLogWorker (SegmentedRaftLogWorker.java:<init>(184)) - new 31ca3cec-ca1e-4771-b2d4-3cf5bbdf2d7e@group-0D882B591608-SegmentedRaftLogWorker for RaftStorageImpl:Storage Directory /home/runner/work/ozone/ozone/hadoop-ozone/integration-test/target/test-dir/MiniOzoneClusterImpl-7619c237-1de6-4815-bbe2-f0b52dfbd5bc/datanode-5/data/ratis/ac0b9b9d-6c10-481c-8fb0-0d882b591608
2023-12-28 09:09:54,672 [31ca3cec-ca1e-4771-b2d4-3cf5bbdf2d7e-groupManagement] INFO  server.RaftServerConfigKeys (ConfUtils.java:logGet(46)) - raft.server.log.queue.byte-limit = 4294967296 (custom)
2023-12-28 09:09:54,672 [31ca3cec-ca1e-4771-b2d4-3cf5bbdf2d7e-groupManagement] INFO  server.RaftServerConfigKeys (ConfUtils.java:logGet(46)) - raft.server.log.queue.element-limit = 1024 (custom)
2023-12-28 09:09:54,672 [31ca3cec-ca1e-4771-b2d4-3cf5bbdf2d7e-groupManagement] INFO  server.RaftServerConfigKeys (ConfUtils.java:logGet(46)) - raft.server.log.segment.size.max = 67108864 (custom)
2023-12-28 09:09:54,672 [31ca3cec-ca1e-4771-b2d4-3cf5bbdf2d7e-groupManagement] INFO  server.RaftServerConfigKeys (ConfUtils.java:logGet(46)) - raft.server.log.preallocated.size = 4194304 (custom)
2023-12-28 09:09:54,672 [31ca3cec-ca1e-4771-b2d4-3cf5bbdf2d7e-groupManagement] INFO  server.RaftServerConfigKeys (ConfUtils.java:logGet(46)) - raft.server.log.force.sync.num = 128 (default)
2023-12-28 09:09:54,672 [31ca3cec-ca1e-4771-b2d4-3cf5bbdf2d7e-groupManagement] INFO  server.RaftServerConfigKeys (ConfUtils.java:logGet(46)) - raft.server.log.statemachine.data.sync = true (default)
2023-12-28 09:09:54,672 [31ca3cec-ca1e-4771-b2d4-3cf5bbdf2d7e-groupManagement] INFO  server.RaftServerConfigKeys (ConfUtils.java:logGet(46)) - raft.server.log.statemachine.data.sync.timeout = 10s (default)
2023-12-28 09:09:54,672 [31ca3cec-ca1e-4771-b2d4-3cf5bbdf2d7e-groupManagement] INFO  server.RaftServerConfigKeys (ConfUtils.java:logGet(46)) - raft.server.log.statemachine.data.sync.timeout.retry = 0 (custom)
2023-12-28 09:09:54,672 [31ca3cec-ca1e-4771-b2d4-3cf5bbdf2d7e-groupManagement] INFO  server.RaftServerConfigKeys (ConfUtils.java:logGet(46)) - raft.server.log.write.buffer.size = 8388616 (custom)
2023-12-28 09:09:54,674 [31ca3cec-ca1e-4771-b2d4-3cf5bbdf2d7e-groupManagement] INFO  server.RaftServerConfigKeys (ConfUtils.java:logGet(46)) - raft.server.log.appender.buffer.byte-limit = 8388608 (custom)
2023-12-28 09:09:54,674 [31ca3cec-ca1e-4771-b2d4-3cf5bbdf2d7e-groupManagement] INFO  server.RaftServerConfigKeys (ConfUtils.java:logGet(46)) - raft.server.log.unsafe-flush.enabled = false (default)
2023-12-28 09:09:54,674 [31ca3cec-ca1e-4771-b2d4-3cf5bbdf2d7e-groupManagement] INFO  server.RaftServerConfigKeys (ConfUtils.java:logGet(46)) - raft.server.log.async-flush.enabled = false (default)
2023-12-28 09:09:54,674 [31ca3cec-ca1e-4771-b2d4-3cf5bbdf2d7e-groupManagement] INFO  server.RaftServerConfigKeys (ConfUtils.java:logGet(46)) - raft.server.log.statemachine.data.caching.enabled = true (custom)
2023-12-28 09:09:54,674 [31ca3cec-ca1e-4771-b2d4-3cf5bbdf2d7e-groupManagement] INFO  segmented.SegmentedRaftLogWorker (SegmentedRaftLogWorker.java:lambda$new$0(135)) - 31ca3cec-ca1e-4771-b2d4-3cf5bbdf2d7e@group-0D882B591608-SegmentedRaftLogWorker: flushIndex: setUnconditionally 0 -> -1
2023-12-28 09:09:54,674 [31ca3cec-ca1e-4771-b2d4-3cf5bbdf2d7e-groupManagement] INFO  segmented.SegmentedRaftLogWorker (SegmentedRaftLogWorker.java:lambda$new$0(135)) - 31ca3cec-ca1e-4771-b2d4-3cf5bbdf2d7e@group-0D882B591608-SegmentedRaftLogWorker: safeCacheEvictIndex: setUnconditionally 0 -> -1
2023-12-28 09:09:54,674 [31ca3cec-ca1e-4771-b2d4-3cf5bbdf2d7e-groupManagement] INFO  server.RaftServer$Division (RaftServerImpl.java:start(392)) - 31ca3cec-ca1e-4771-b2d4-3cf5bbdf2d7e@group-0D882B591608: start as a follower, conf=-1: peers:[31ca3cec-ca1e-4771-b2d4-3cf5bbdf2d7e|10.1.0.14:15415, 3882d302-0766-4582-8526-483b5b0fafe4|10.1.0.14:15397, 42fe86c5-ef4c-4426-bfd8-a8401ddf98d5|10.1.0.14:15406]|listeners:[], old=null
2023-12-28 09:09:54,674 [31ca3cec-ca1e-4771-b2d4-3cf5bbdf2d7e-groupManagement] INFO  server.RaftServer$Division (RaftServerImpl.java:setRole(379)) - 31ca3cec-ca1e-4771-b2d4-3cf5bbdf2d7e@group-0D882B591608: changes role from      null to FOLLOWER at term 0 for startAsFollower
2023-12-28 09:09:54,675 [31ca3cec-ca1e-4771-b2d4-3cf5bbdf2d7e-groupManagement] INFO  impl.RoleInfo (RoleInfo.java:updateAndGet(139)) - 31ca3cec-ca1e-4771-b2d4-3cf5bbdf2d7e: start 31ca3cec-ca1e-4771-b2d4-3cf5bbdf2d7e@group-0D882B591608-FollowerState
2023-12-28 09:09:54,675 [31ca3cec-ca1e-4771-b2d4-3cf5bbdf2d7e@group-0D882B591608-FollowerState] INFO  server.RaftServerConfigKeys (ConfUtils.java:logFallback(53)) - raft.server.rpc.first-election.timeout.min = 5s (fallback to raft.server.rpc.timeout.min)
2023-12-28 09:09:54,675 [31ca3cec-ca1e-4771-b2d4-3cf5bbdf2d7e-groupManagement] INFO  util.JmxRegister (JmxRegister.java:tryRegister(44)) - Successfully registered JMX Bean with object name Ratis:service=RaftServer,group=group-0D882B591608,id=31ca3cec-ca1e-4771-b2d4-3cf5bbdf2d7e
2023-12-28 09:09:54,675 [31ca3cec-ca1e-4771-b2d4-3cf5bbdf2d7e@group-0D882B591608-FollowerState] INFO  server.RaftServerConfigKeys (ConfUtils.java:logFallback(53)) - raft.server.rpc.first-election.timeout.max = 5200ms (fallback to raft.server.rpc.timeout.max)
2023-12-28 09:09:54,675 [31ca3cec-ca1e-4771-b2d4-3cf5bbdf2d7e-groupManagement] INFO  server.RaftServerConfigKeys (ConfUtils.java:logGet(46)) - raft.server.snapshot.trigger-when-stop.enabled = true (default)
2023-12-28 09:09:54,675 [31ca3cec-ca1e-4771-b2d4-3cf5bbdf2d7e-groupManagement] INFO  server.RaftServerConfigKeys (ConfUtils.java:logGet(46)) - raft.server.snapshot.auto.trigger.enabled = true (custom)
2023-12-28 09:09:54,675 [31ca3cec-ca1e-4771-b2d4-3cf5bbdf2d7e-groupManagement] INFO  server.RaftServerConfigKeys (ConfUtils.java:logGet(46)) - raft.server.snapshot.auto.trigger.threshold = 10000 (custom)
2023-12-28 09:09:54,675 [31ca3cec-ca1e-4771-b2d4-3cf5bbdf2d7e-groupManagement] INFO  server.RaftServerConfigKeys (ConfUtils.java:logGet(46)) - raft.server.snapshot.retention.file.num = 5 (custom)
2023-12-28 09:09:54,675 [31ca3cec-ca1e-4771-b2d4-3cf5bbdf2d7e-groupManagement] INFO  server.RaftServerConfigKeys (ConfUtils.java:logGet(46)) - raft.server.log.purge.upto.snapshot.index = false (default)
2023-12-28 09:09:54,684 [grpc-default-executor-2] INFO  server.RaftServer (RaftServerProxy.java:addNew(100)) - 42fe86c5-ef4c-4426-bfd8-a8401ddf98d5: addNew group-0D882B591608:[31ca3cec-ca1e-4771-b2d4-3cf5bbdf2d7e|10.1.0.14:15415, 3882d302-0766-4582-8526-483b5b0fafe4|10.1.0.14:15397, 42fe86c5-ef4c-4426-bfd8-a8401ddf98d5|10.1.0.14:15406] returns group-0D882B591608:java.util.concurrent.CompletableFuture@7ce92ff3[Not completed]
2023-12-28 09:09:54,685 [42fe86c5-ef4c-4426-bfd8-a8401ddf98d5-groupManagement] INFO  server.RaftServer$Division (RaftServerImpl.java:<init>(256)) - 42fe86c5-ef4c-4426-bfd8-a8401ddf98d5: new RaftServerImpl for group-0D882B591608:[31ca3cec-ca1e-4771-b2d4-3cf5bbdf2d7e|10.1.0.14:15415, 3882d302-0766-4582-8526-483b5b0fafe4|10.1.0.14:15397, 42fe86c5-ef4c-4426-bfd8-a8401ddf98d5|10.1.0.14:15406] with ContainerStateMachine:uninitialized
2023-12-28 09:09:54,685 [42fe86c5-ef4c-4426-bfd8-a8401ddf98d5-groupManagement] INFO  server.RaftServerConfigKeys (ConfUtils.java:logGet(46)) - raft.server.rpc.timeout.min = 5s (custom)
2023-12-28 09:09:54,685 [42fe86c5-ef4c-4426-bfd8-a8401ddf98d5-groupManagement] INFO  server.RaftServerConfigKeys (ConfUtils.java:logGet(46)) - raft.server.rpc.timeout.max = 5200ms (custom)
2023-12-28 09:09:54,685 [42fe86c5-ef4c-4426-bfd8-a8401ddf98d5-groupManagement] INFO  server.RaftServerConfigKeys (ConfUtils.java:logGet(46)) - raft.server.rpc.sleep.time = 25ms (default)
2023-12-28 09:09:54,685 [42fe86c5-ef4c-4426-bfd8-a8401ddf98d5-groupManagement] INFO  server.RaftServerConfigKeys (ConfUtils.java:logGet(46)) - raft.server.rpc.slowness.timeout = 300000ms (custom)
2023-12-28 09:09:54,685 [42fe86c5-ef4c-4426-bfd8-a8401ddf98d5-groupManagement] INFO  server.RaftServerConfigKeys (ConfUtils.java:logGet(46)) - raft.server.leaderelection.leader.step-down.wait-time = 10s (default)
2023-12-28 09:09:54,685 [42fe86c5-ef4c-4426-bfd8-a8401ddf98d5-groupManagement] INFO  server.RaftServerConfigKeys (ConfUtils.java:logGet(46)) - raft.server.leaderelection.member.majority-add = false (default)
2023-12-28 09:09:54,685 [42fe86c5-ef4c-4426-bfd8-a8401ddf98d5-groupManagement] INFO  server.RaftServerConfigKeys (ConfUtils.java:logGet(46)) - raft.server.sleep.deviation.threshold = 300ms (default)
2023-12-28 09:09:54,685 [42fe86c5-ef4c-4426-bfd8-a8401ddf98d5-groupManagement] INFO  server.RaftServer$Division (ServerState.java:<init>(113)) - 42fe86c5-ef4c-4426-bfd8-a8401ddf98d5@group-0D882B591608: ConfigurationManager, init=-1: peers:[31ca3cec-ca1e-4771-b2d4-3cf5bbdf2d7e|10.1.0.14:15415, 3882d302-0766-4582-8526-483b5b0fafe4|10.1.0.14:15397, 42fe86c5-ef4c-4426-bfd8-a8401ddf98d5|10.1.0.14:15406]|listeners:[], old=null, confs=<EMPTY_MAP>
2023-12-28 09:09:54,685 [42fe86c5-ef4c-4426-bfd8-a8401ddf98d5-groupManagement] INFO  server.RaftServerConfigKeys (ConfUtils.java:logGet(46)) - raft.server.notification.no-leader.timeout = 300000ms (custom)
2023-12-28 09:09:54,685 [42fe86c5-ef4c-4426-bfd8-a8401ddf98d5-groupManagement] INFO  server.RaftServerConfigKeys (ConfUtils.java:logGet(46)) - raft.server.read.timeout = 10s (default)
2023-12-28 09:09:54,685 [42fe86c5-ef4c-4426-bfd8-a8401ddf98d5-groupManagement] INFO  server.RaftServerConfigKeys (ConfUtils.java:logGet(46)) - raft.server.retrycache.expirytime = 600000ms (custom)
2023-12-28 09:09:54,685 [42fe86c5-ef4c-4426-bfd8-a8401ddf98d5-groupManagement] INFO  server.RaftServerConfigKeys (ConfUtils.java:logGet(46)) - raft.server.retrycache.statistics.expirytime = 100ms (default)
2023-12-28 09:09:54,685 [42fe86c5-ef4c-4426-bfd8-a8401ddf98d5-groupManagement] INFO  server.RaftServerConfigKeys (ConfUtils.java:logGet(46)) - raft.server.read.option = DEFAULT (default)
2023-12-28 09:09:54,685 [42fe86c5-ef4c-4426-bfd8-a8401ddf98d5-groupManagement] INFO  server.RaftServerConfigKeys (ConfUtils.java:logGet(46)) - raft.server.read.read-after-write-consistent.write-index-cache.expiry-time = 60s (default)
2023-12-28 09:09:54,686 [42fe86c5-ef4c-4426-bfd8-a8401ddf98d5-PipelineCommandHandlerThread-0] INFO  server.RaftServer (RaftServerProxy.java:addNew(100)) - 42fe86c5-ef4c-4426-bfd8-a8401ddf98d5: addNew group-1F2F71CB6E5C:[42fe86c5-ef4c-4426-bfd8-a8401ddf98d5|10.1.0.14:15406] returns group-1F2F71CB6E5C:java.util.concurrent.CompletableFuture@2214bd2c[Not completed]
2023-12-28 09:09:54,687 [42fe86c5-ef4c-4426-bfd8-a8401ddf98d5-groupManagement] INFO  server.RaftServerConfigKeys (ConfUtils.java:logGet(46)) - raft.server.rpc.request.timeout = 3000ms (default)
2023-12-28 09:09:54,687 [42fe86c5-ef4c-4426-bfd8-a8401ddf98d5-groupManagement] INFO  server.RaftServerConfigKeys (ConfUtils.java:logGet(46)) - raft.server.log.appender.install.snapshot.enabled = false (custom)
2023-12-28 09:09:54,687 [42fe86c5-ef4c-4426-bfd8-a8401ddf98d5-groupManagement] INFO  server.RaftServerConfigKeys (ConfUtils.java:logGet(46)) - raft.server.threadpool.server.cached = true (default)
2023-12-28 09:09:54,687 [42fe86c5-ef4c-4426-bfd8-a8401ddf98d5-groupManagement] INFO  server.RaftServerConfigKeys (ConfUtils.java:logGet(46)) - raft.server.threadpool.server.size = 0 (default)
2023-12-28 09:09:54,687 [42fe86c5-ef4c-4426-bfd8-a8401ddf98d5-groupManagement] INFO  server.RaftServerConfigKeys (ConfUtils.java:logGet(46)) - raft.server.threadpool.client.cached = true (default)
2023-12-28 09:09:54,687 [42fe86c5-ef4c-4426-bfd8-a8401ddf98d5-groupManagement] INFO  server.RaftServerConfigKeys (ConfUtils.java:logGet(46)) - raft.server.threadpool.client.size = 0 (default)
2023-12-28 09:09:54,687 [42fe86c5-ef4c-4426-bfd8-a8401ddf98d5-groupManagement] INFO  server.RaftServer$Division (RaftServerImpl.java:<init>(256)) - 42fe86c5-ef4c-4426-bfd8-a8401ddf98d5: new RaftServerImpl for group-1F2F71CB6E5C:[42fe86c5-ef4c-4426-bfd8-a8401ddf98d5|10.1.0.14:15406] with ContainerStateMachine:uninitialized
2023-12-28 09:09:54,687 [42fe86c5-ef4c-4426-bfd8-a8401ddf98d5-groupManagement] INFO  server.RaftServerConfigKeys (ConfUtils.java:logGet(46)) - raft.server.rpc.timeout.min = 5s (custom)
2023-12-28 09:09:54,687 [42fe86c5-ef4c-4426-bfd8-a8401ddf98d5-groupManagement] INFO  server.RaftServerConfigKeys (ConfUtils.java:logGet(46)) - raft.server.rpc.timeout.max = 5200ms (custom)
2023-12-28 09:09:54,687 [42fe86c5-ef4c-4426-bfd8-a8401ddf98d5-groupManagement] INFO  server.RaftServerConfigKeys (ConfUtils.java:logGet(46)) - raft.server.rpc.sleep.time = 25ms (default)
2023-12-28 09:09:54,687 [42fe86c5-ef4c-4426-bfd8-a8401ddf98d5-groupManagement] INFO  server.RaftServerConfigKeys (ConfUtils.java:logGet(46)) - raft.server.rpc.slowness.timeout = 300000ms (custom)
2023-12-28 09:09:54,687 [42fe86c5-ef4c-4426-bfd8-a8401ddf98d5-groupManagement] INFO  server.RaftServerConfigKeys (ConfUtils.java:logGet(46)) - raft.server.leaderelection.leader.step-down.wait-time = 10s (default)
2023-12-28 09:09:54,687 [42fe86c5-ef4c-4426-bfd8-a8401ddf98d5-groupManagement] INFO  server.RaftServerConfigKeys (ConfUtils.java:logGet(46)) - raft.server.leaderelection.member.majority-add = false (default)
2023-12-28 09:09:54,687 [42fe86c5-ef4c-4426-bfd8-a8401ddf98d5-groupManagement] INFO  server.RaftServerConfigKeys (ConfUtils.java:logGet(46)) - raft.server.sleep.deviation.threshold = 300ms (default)
2023-12-28 09:09:54,687 [42fe86c5-ef4c-4426-bfd8-a8401ddf98d5-groupManagement] INFO  server.RaftServer$Division (ServerState.java:<init>(113)) - 42fe86c5-ef4c-4426-bfd8-a8401ddf98d5@group-1F2F71CB6E5C: ConfigurationManager, init=-1: peers:[42fe86c5-ef4c-4426-bfd8-a8401ddf98d5|10.1.0.14:15406]|listeners:[], old=null, confs=<EMPTY_MAP>
2023-12-28 09:09:54,687 [42fe86c5-ef4c-4426-bfd8-a8401ddf98d5-groupManagement] INFO  server.RaftServerConfigKeys (ConfUtils.java:logGet(46)) - raft.server.notification.no-leader.timeout = 300000ms (custom)
2023-12-28 09:09:54,688 [42fe86c5-ef4c-4426-bfd8-a8401ddf98d5-groupManagement] INFO  server.RaftServerConfigKeys (ConfUtils.java:logGet(46)) - raft.server.read.timeout = 10s (default)
2023-12-28 09:09:54,688 [42fe86c5-ef4c-4426-bfd8-a8401ddf98d5-groupManagement] INFO  server.RaftServerConfigKeys (ConfUtils.java:logGet(46)) - raft.server.retrycache.expirytime = 600000ms (custom)
2023-12-28 09:09:54,688 [42fe86c5-ef4c-4426-bfd8-a8401ddf98d5-groupManagement] INFO  server.RaftServerConfigKeys (ConfUtils.java:logGet(46)) - raft.server.retrycache.statistics.expirytime = 100ms (default)
2023-12-28 09:09:54,688 [42fe86c5-ef4c-4426-bfd8-a8401ddf98d5-groupManagement] INFO  server.RaftServerConfigKeys (ConfUtils.java:logGet(46)) - raft.server.read.option = DEFAULT (default)
2023-12-28 09:09:54,688 [42fe86c5-ef4c-4426-bfd8-a8401ddf98d5-groupManagement] INFO  server.RaftServerConfigKeys (ConfUtils.java:logGet(46)) - raft.server.read.read-after-write-consistent.write-index-cache.expiry-time = 60s (default)
2023-12-28 09:09:54,689 [42fe86c5-ef4c-4426-bfd8-a8401ddf98d5-groupManagement] INFO  server.RaftServerConfigKeys (ConfUtils.java:logGet(46)) - raft.server.rpc.request.timeout = 3000ms (default)
2023-12-28 09:09:54,689 [42fe86c5-ef4c-4426-bfd8-a8401ddf98d5-groupManagement] INFO  server.RaftServerConfigKeys (ConfUtils.java:logGet(46)) - raft.server.log.appender.install.snapshot.enabled = false (custom)
2023-12-28 09:09:54,689 [42fe86c5-ef4c-4426-bfd8-a8401ddf98d5-groupManagement] INFO  server.RaftServerConfigKeys (ConfUtils.java:logGet(46)) - raft.server.threadpool.server.cached = true (default)
2023-12-28 09:09:54,689 [42fe86c5-ef4c-4426-bfd8-a8401ddf98d5-groupManagement] INFO  server.RaftServerConfigKeys (ConfUtils.java:logGet(46)) - raft.server.threadpool.server.size = 0 (default)
2023-12-28 09:09:54,689 [42fe86c5-ef4c-4426-bfd8-a8401ddf98d5-groupManagement] INFO  server.RaftServerConfigKeys (ConfUtils.java:logGet(46)) - raft.server.threadpool.client.cached = true (default)
2023-12-28 09:09:54,689 [42fe86c5-ef4c-4426-bfd8-a8401ddf98d5-groupManagement] INFO  server.RaftServerConfigKeys (ConfUtils.java:logGet(46)) - raft.server.threadpool.client.size = 0 (default)
2023-12-28 09:09:54,689 [42fe86c5-ef4c-4426-bfd8-a8401ddf98d5-groupManagement] INFO  server.RaftServerConfigKeys (ConfUtils.java:logGet(46)) - raft.server.storage.free-space.min = 0MB (=0) (default)
2023-12-28 09:09:54,689 [42fe86c5-ef4c-4426-bfd8-a8401ddf98d5-groupManagement] INFO  server.RaftServerConfigKeys (ConfUtils.java:logGet(46)) - raft.server.log.corruption.policy = EXCEPTION (default)
2023-12-28 09:09:54,689 [42fe86c5-ef4c-4426-bfd8-a8401ddf98d5-groupManagement] INFO  server.RaftServerConfigKeys (ConfUtils.java:logGet(46)) - raft.server.storage.dir = [/home/runner/work/ozone/ozone/hadoop-ozone/integration-test/target/test-dir/MiniOzoneClusterImpl-7619c237-1de6-4815-bbe2-f0b52dfbd5bc/datanode-4/data/ratis] (custom)
2023-12-28 09:09:54,689 [42fe86c5-ef4c-4426-bfd8-a8401ddf98d5-groupManagement] INFO  storage.RaftStorageDirectory (RaftStorageDirectoryImpl.java:analyzeStorage(138)) - The storage directory /home/runner/work/ozone/ozone/hadoop-ozone/integration-test/target/test-dir/MiniOzoneClusterImpl-7619c237-1de6-4815-bbe2-f0b52dfbd5bc/datanode-4/data/ratis/ac0b9b9d-6c10-481c-8fb0-0d882b591608 does not exist. Creating ...
2023-12-28 09:09:54,691 [42fe86c5-ef4c-4426-bfd8-a8401ddf98d5-groupManagement] INFO  storage.RaftStorageDirectory (RaftStorageDirectoryImpl.java:tryLock(232)) - Lock on /home/runner/work/ozone/ozone/hadoop-ozone/integration-test/target/test-dir/MiniOzoneClusterImpl-7619c237-1de6-4815-bbe2-f0b52dfbd5bc/datanode-4/data/ratis/ac0b9b9d-6c10-481c-8fb0-0d882b591608/in_use.lock acquired by nodename 85610@fv-az1384-14
2023-12-28 09:09:54,691 [42fe86c5-ef4c-4426-bfd8-a8401ddf98d5-groupManagement] INFO  storage.RaftStorage (RaftStorageImpl.java:format(97)) - Storage directory /home/runner/work/ozone/ozone/hadoop-ozone/integration-test/target/test-dir/MiniOzoneClusterImpl-7619c237-1de6-4815-bbe2-f0b52dfbd5bc/datanode-4/data/ratis/ac0b9b9d-6c10-481c-8fb0-0d882b591608 has been successfully formatted.
2023-12-28 09:09:54,692 [42fe86c5-ef4c-4426-bfd8-a8401ddf98d5-groupManagement] INFO  ratis.ContainerStateMachine (ContainerStateMachine.java:loadSnapshot(287)) - group-0D882B591608: The snapshot info is null. Setting the last applied indexto:(t:0, i:~)
2023-12-28 09:09:54,692 [42fe86c5-ef4c-4426-bfd8-a8401ddf98d5-groupManagement] INFO  server.RaftServerConfigKeys (ConfUtils.java:logGet(46)) - raft.server.log.use.memory = false (default)
2023-12-28 09:09:54,692 [42fe86c5-ef4c-4426-bfd8-a8401ddf98d5-groupManagement] INFO  server.RaftServerConfigKeys (ConfUtils.java:logGet(46)) - raft.server.log.purge.gap = 1000000 (custom)
2023-12-28 09:09:54,692 [42fe86c5-ef4c-4426-bfd8-a8401ddf98d5-groupManagement] INFO  server.RaftServerConfigKeys (ConfUtils.java:logGet(46)) - raft.server.log.appender.buffer.byte-limit = 8388608 (custom)
2023-12-28 09:09:54,692 [42fe86c5-ef4c-4426-bfd8-a8401ddf98d5-groupManagement] INFO  server.RaftServerConfigKeys (ConfUtils.java:logGet(46)) - raft.server.log.statemachine.data.read.timeout = 1000ms (default)
2023-12-28 09:09:54,692 [42fe86c5-ef4c-4426-bfd8-a8401ddf98d5-groupManagement] INFO  server.RaftServerConfigKeys (ConfUtils.java:logGet(46)) - raft.server.log.purge.preservation.log.num = 0 (default)
2023-12-28 09:09:54,693 [EventQueue-PipelineReportForPipelineReportHandler] INFO  pipeline.PipelineReportHandler (PipelineReportHandler.java:processPipelineReport(136)) - Opened pipeline PipelineID=96e8e2aa-9f13-45fc-986d-1f2f71cb6e5c
2023-12-28 09:09:54,693 [EventQueue-OpenPipelineForHealthyPipelineSafeModeRule] INFO  safemode.SCMSafeModeManager (HealthyPipelineSafeModeRule.java:process(140)) - SCM in safe mode. Healthy pipelines reported count is 0, required healthy pipeline reported count is 1
2023-12-28 09:09:54,693 [42fe86c5-ef4c-4426-bfd8-a8401ddf98d5-groupManagement] INFO  server.RaftServerConfigKeys (ConfUtils.java:logGet(46)) - raft.server.log.segment.size.max = 67108864 (custom)
2023-12-28 09:09:54,694 [42fe86c5-ef4c-4426-bfd8-a8401ddf98d5-groupManagement] INFO  server.RaftServerConfigKeys (ConfUtils.java:logGet(46)) - raft.server.log.segment.cache.num.max = 2 (custom)
2023-12-28 09:09:54,694 [42fe86c5-ef4c-4426-bfd8-a8401ddf98d5-groupManagement] INFO  server.RaftServerConfigKeys (ConfUtils.java:logGet(46)) - raft.server.log.segment.cache.size.max = 200MB (=209715200) (default)
2023-12-28 09:09:54,694 [42fe86c5-ef4c-4426-bfd8-a8401ddf98d5-groupManagement] INFO  server.RaftServerConfigKeys (ConfUtils.java:logGet(46)) - raft.server.log.appender.buffer.byte-limit = 8388608 (custom)
2023-12-28 09:09:54,694 [42fe86c5-ef4c-4426-bfd8-a8401ddf98d5-groupManagement] INFO  util.AwaitToRun (AwaitToRun.java:start(81)) - Thread[42fe86c5-ef4c-4426-bfd8-a8401ddf98d5@group-0D882B591608-cacheEviction-AwaitToRun,5,main] started
2023-12-28 09:09:54,694 [42fe86c5-ef4c-4426-bfd8-a8401ddf98d5-groupManagement] INFO  segmented.SegmentedRaftLogWorker (SegmentedRaftLogWorker.java:<init>(184)) - new 42fe86c5-ef4c-4426-bfd8-a8401ddf98d5@group-0D882B591608-SegmentedRaftLogWorker for RaftStorageImpl:Storage Directory /home/runner/work/ozone/ozone/hadoop-ozone/integration-test/target/test-dir/MiniOzoneClusterImpl-7619c237-1de6-4815-bbe2-f0b52dfbd5bc/datanode-4/data/ratis/ac0b9b9d-6c10-481c-8fb0-0d882b591608
2023-12-28 09:09:54,694 [42fe86c5-ef4c-4426-bfd8-a8401ddf98d5-groupManagement] INFO  server.RaftServerConfigKeys (ConfUtils.java:logGet(46)) - raft.server.log.queue.byte-limit = 4294967296 (custom)
2023-12-28 09:09:54,694 [42fe86c5-ef4c-4426-bfd8-a8401ddf98d5-groupManagement] INFO  server.RaftServerConfigKeys (ConfUtils.java:logGet(46)) - raft.server.log.queue.element-limit = 1024 (custom)
2023-12-28 09:09:54,694 [42fe86c5-ef4c-4426-bfd8-a8401ddf98d5-groupManagement] INFO  server.RaftServerConfigKeys (ConfUtils.java:logGet(46)) - raft.server.log.segment.size.max = 67108864 (custom)
2023-12-28 09:09:54,694 [42fe86c5-ef4c-4426-bfd8-a8401ddf98d5-groupManagement] INFO  server.RaftServerConfigKeys (ConfUtils.java:logGet(46)) - raft.server.log.preallocated.size = 4194304 (custom)
2023-12-28 09:09:54,694 [42fe86c5-ef4c-4426-bfd8-a8401ddf98d5-groupManagement] INFO  server.RaftServerConfigKeys (ConfUtils.java:logGet(46)) - raft.server.log.force.sync.num = 128 (default)
2023-12-28 09:09:54,694 [42fe86c5-ef4c-4426-bfd8-a8401ddf98d5-groupManagement] INFO  server.RaftServerConfigKeys (ConfUtils.java:logGet(46)) - raft.server.log.statemachine.data.sync = true (default)
2023-12-28 09:09:54,694 [42fe86c5-ef4c-4426-bfd8-a8401ddf98d5-groupManagement] INFO  server.RaftServerConfigKeys (ConfUtils.java:logGet(46)) - raft.server.log.statemachine.data.sync.timeout = 10s (default)
2023-12-28 09:09:54,694 [42fe86c5-ef4c-4426-bfd8-a8401ddf98d5-groupManagement] INFO  server.RaftServerConfigKeys (ConfUtils.java:logGet(46)) - raft.server.log.statemachine.data.sync.timeout.retry = 0 (custom)
2023-12-28 09:09:54,694 [42fe86c5-ef4c-4426-bfd8-a8401ddf98d5-groupManagement] INFO  server.RaftServerConfigKeys (ConfUtils.java:logGet(46)) - raft.server.log.write.buffer.size = 8388616 (custom)
2023-12-28 09:09:54,696 [42fe86c5-ef4c-4426-bfd8-a8401ddf98d5-groupManagement] INFO  server.RaftServerConfigKeys (ConfUtils.java:logGet(46)) - raft.server.log.appender.buffer.byte-limit = 8388608 (custom)
2023-12-28 09:09:54,696 [42fe86c5-ef4c-4426-bfd8-a8401ddf98d5-groupManagement] INFO  server.RaftServerConfigKeys (ConfUtils.java:logGet(46)) - raft.server.log.unsafe-flush.enabled = false (default)
2023-12-28 09:09:54,696 [42fe86c5-ef4c-4426-bfd8-a8401ddf98d5-groupManagement] INFO  server.RaftServerConfigKeys (ConfUtils.java:logGet(46)) - raft.server.log.async-flush.enabled = false (default)
2023-12-28 09:09:54,696 [42fe86c5-ef4c-4426-bfd8-a8401ddf98d5-groupManagement] INFO  server.RaftServerConfigKeys (ConfUtils.java:logGet(46)) - raft.server.log.statemachine.data.caching.enabled = true (custom)
2023-12-28 09:09:54,696 [42fe86c5-ef4c-4426-bfd8-a8401ddf98d5-groupManagement] INFO  segmented.SegmentedRaftLogWorker (SegmentedRaftLogWorker.java:lambda$new$0(135)) - 42fe86c5-ef4c-4426-bfd8-a8401ddf98d5@group-0D882B591608-SegmentedRaftLogWorker: flushIndex: setUnconditionally 0 -> -1
2023-12-28 09:09:54,696 [42fe86c5-ef4c-4426-bfd8-a8401ddf98d5-groupManagement] INFO  segmented.SegmentedRaftLogWorker (SegmentedRaftLogWorker.java:lambda$new$0(135)) - 42fe86c5-ef4c-4426-bfd8-a8401ddf98d5@group-0D882B591608-SegmentedRaftLogWorker: safeCacheEvictIndex: setUnconditionally 0 -> -1
2023-12-28 09:09:54,696 [42fe86c5-ef4c-4426-bfd8-a8401ddf98d5-groupManagement] INFO  server.RaftServer$Division (RaftServerImpl.java:start(392)) - 42fe86c5-ef4c-4426-bfd8-a8401ddf98d5@group-0D882B591608: start as a follower, conf=-1: peers:[31ca3cec-ca1e-4771-b2d4-3cf5bbdf2d7e|10.1.0.14:15415, 3882d302-0766-4582-8526-483b5b0fafe4|10.1.0.14:15397, 42fe86c5-ef4c-4426-bfd8-a8401ddf98d5|10.1.0.14:15406]|listeners:[], old=null
2023-12-28 09:09:54,696 [42fe86c5-ef4c-4426-bfd8-a8401ddf98d5-groupManagement] INFO  server.RaftServer$Division (RaftServerImpl.java:setRole(379)) - 42fe86c5-ef4c-4426-bfd8-a8401ddf98d5@group-0D882B591608: changes role from      null to FOLLOWER at term 0 for startAsFollower
2023-12-28 09:09:54,696 [42fe86c5-ef4c-4426-bfd8-a8401ddf98d5-groupManagement] INFO  impl.RoleInfo (RoleInfo.java:updateAndGet(139)) - 42fe86c5-ef4c-4426-bfd8-a8401ddf98d5: start 42fe86c5-ef4c-4426-bfd8-a8401ddf98d5@group-0D882B591608-FollowerState
2023-12-28 09:09:54,697 [42fe86c5-ef4c-4426-bfd8-a8401ddf98d5@group-0D882B591608-FollowerState] INFO  server.RaftServerConfigKeys (ConfUtils.java:logFallback(53)) - raft.server.rpc.first-election.timeout.min = 5s (fallback to raft.server.rpc.timeout.min)
2023-12-28 09:09:54,697 [42fe86c5-ef4c-4426-bfd8-a8401ddf98d5-groupManagement] INFO  util.JmxRegister (JmxRegister.java:tryRegister(44)) - Successfully registered JMX Bean with object name Ratis:service=RaftServer,group=group-0D882B591608,id=42fe86c5-ef4c-4426-bfd8-a8401ddf98d5
2023-12-28 09:09:54,697 [42fe86c5-ef4c-4426-bfd8-a8401ddf98d5@group-0D882B591608-FollowerState] INFO  server.RaftServerConfigKeys (ConfUtils.java:logFallback(53)) - raft.server.rpc.first-election.timeout.max = 5200ms (fallback to raft.server.rpc.timeout.max)
2023-12-28 09:09:54,697 [42fe86c5-ef4c-4426-bfd8-a8401ddf98d5-groupManagement] INFO  server.RaftServerConfigKeys (ConfUtils.java:logGet(46)) - raft.server.snapshot.trigger-when-stop.enabled = true (default)
2023-12-28 09:09:54,697 [42fe86c5-ef4c-4426-bfd8-a8401ddf98d5-groupManagement] INFO  server.RaftServerConfigKeys (ConfUtils.java:logGet(46)) - raft.server.snapshot.auto.trigger.enabled = true (custom)
2023-12-28 09:09:54,697 [42fe86c5-ef4c-4426-bfd8-a8401ddf98d5-groupManagement] INFO  server.RaftServerConfigKeys (ConfUtils.java:logGet(46)) - raft.server.snapshot.auto.trigger.threshold = 10000 (custom)
2023-12-28 09:09:54,697 [42fe86c5-ef4c-4426-bfd8-a8401ddf98d5-groupManagement] INFO  server.RaftServerConfigKeys (ConfUtils.java:logGet(46)) - raft.server.snapshot.retention.file.num = 5 (custom)
2023-12-28 09:09:54,697 [42fe86c5-ef4c-4426-bfd8-a8401ddf98d5-groupManagement] INFO  server.RaftServerConfigKeys (ConfUtils.java:logGet(46)) - raft.server.log.purge.upto.snapshot.index = false (default)
2023-12-28 09:09:54,697 [42fe86c5-ef4c-4426-bfd8-a8401ddf98d5-groupManagement] INFO  server.RaftServerConfigKeys (ConfUtils.java:logGet(46)) - raft.server.storage.free-space.min = 0MB (=0) (default)
2023-12-28 09:09:54,698 [42fe86c5-ef4c-4426-bfd8-a8401ddf98d5-groupManagement] INFO  server.RaftServerConfigKeys (ConfUtils.java:logGet(46)) - raft.server.log.corruption.policy = EXCEPTION (default)
2023-12-28 09:09:54,698 [42fe86c5-ef4c-4426-bfd8-a8401ddf98d5-groupManagement] INFO  server.RaftServerConfigKeys (ConfUtils.java:logGet(46)) - raft.server.storage.dir = [/home/runner/work/ozone/ozone/hadoop-ozone/integration-test/target/test-dir/MiniOzoneClusterImpl-7619c237-1de6-4815-bbe2-f0b52dfbd5bc/datanode-4/data/ratis] (custom)
2023-12-28 09:09:54,698 [42fe86c5-ef4c-4426-bfd8-a8401ddf98d5-groupManagement] INFO  storage.RaftStorageDirectory (RaftStorageDirectoryImpl.java:analyzeStorage(138)) - The storage directory /home/runner/work/ozone/ozone/hadoop-ozone/integration-test/target/test-dir/MiniOzoneClusterImpl-7619c237-1de6-4815-bbe2-f0b52dfbd5bc/datanode-4/data/ratis/96e8e2aa-9f13-45fc-986d-1f2f71cb6e5c does not exist. Creating ...
2023-12-28 09:09:54,700 [3882d302-0766-4582-8526-483b5b0fafe4-PipelineCommandHandlerThread-0] INFO  commandhandler.CreatePipelineCommandHandler (CreatePipelineCommandHandler.java:lambda$handle$2(124)) - Created Pipeline RATIS THREE PipelineID=ac0b9b9d-6c10-481c-8fb0-0d882b591608.
2023-12-28 09:09:54,700 [42fe86c5-ef4c-4426-bfd8-a8401ddf98d5-groupManagement] INFO  storage.RaftStorageDirectory (RaftStorageDirectoryImpl.java:tryLock(232)) - Lock on /home/runner/work/ozone/ozone/hadoop-ozone/integration-test/target/test-dir/MiniOzoneClusterImpl-7619c237-1de6-4815-bbe2-f0b52dfbd5bc/datanode-4/data/ratis/96e8e2aa-9f13-45fc-986d-1f2f71cb6e5c/in_use.lock acquired by nodename 85610@fv-az1384-14
2023-12-28 09:09:54,702 [42fe86c5-ef4c-4426-bfd8-a8401ddf98d5-groupManagement] INFO  storage.RaftStorage (RaftStorageImpl.java:format(97)) - Storage directory /home/runner/work/ozone/ozone/hadoop-ozone/integration-test/target/test-dir/MiniOzoneClusterImpl-7619c237-1de6-4815-bbe2-f0b52dfbd5bc/datanode-4/data/ratis/96e8e2aa-9f13-45fc-986d-1f2f71cb6e5c has been successfully formatted.
2023-12-28 09:09:54,702 [42fe86c5-ef4c-4426-bfd8-a8401ddf98d5-groupManagement] INFO  ratis.ContainerStateMachine (ContainerStateMachine.java:loadSnapshot(287)) - group-1F2F71CB6E5C: The snapshot info is null. Setting the last applied indexto:(t:0, i:~)
2023-12-28 09:09:54,702 [42fe86c5-ef4c-4426-bfd8-a8401ddf98d5-groupManagement] INFO  server.RaftServerConfigKeys (ConfUtils.java:logGet(46)) - raft.server.log.use.memory = false (default)
2023-12-28 09:09:54,702 [42fe86c5-ef4c-4426-bfd8-a8401ddf98d5-groupManagement] INFO  server.RaftServerConfigKeys (ConfUtils.java:logGet(46)) - raft.server.log.purge.gap = 1000000 (custom)
2023-12-28 09:09:54,702 [42fe86c5-ef4c-4426-bfd8-a8401ddf98d5-groupManagement] INFO  server.RaftServerConfigKeys (ConfUtils.java:logGet(46)) - raft.server.log.appender.buffer.byte-limit = 8388608 (custom)
2023-12-28 09:09:54,702 [42fe86c5-ef4c-4426-bfd8-a8401ddf98d5-groupManagement] INFO  server.RaftServerConfigKeys (ConfUtils.java:logGet(46)) - raft.server.log.statemachine.data.read.timeout = 1000ms (default)
2023-12-28 09:09:54,702 [42fe86c5-ef4c-4426-bfd8-a8401ddf98d5-groupManagement] INFO  server.RaftServerConfigKeys (ConfUtils.java:logGet(46)) - raft.server.log.purge.preservation.log.num = 0 (default)
2023-12-28 09:09:54,703 [EventQueue-OpenPipelineForHealthyPipelineSafeModeRule] INFO  safemode.SCMSafeModeManager (HealthyPipelineSafeModeRule.java:process(140)) - SCM in safe mode. Healthy pipelines reported count is 0, required healthy pipeline reported count is 1
2023-12-28 09:09:54,703 [42fe86c5-ef4c-4426-bfd8-a8401ddf98d5-groupManagement] INFO  server.RaftServerConfigKeys (ConfUtils.java:logGet(46)) - raft.server.log.segment.size.max = 67108864 (custom)
2023-12-28 09:09:54,703 [42fe86c5-ef4c-4426-bfd8-a8401ddf98d5-groupManagement] INFO  server.RaftServerConfigKeys (ConfUtils.java:logGet(46)) - raft.server.log.segment.cache.num.max = 2 (custom)
2023-12-28 09:09:54,703 [42fe86c5-ef4c-4426-bfd8-a8401ddf98d5-groupManagement] INFO  server.RaftServerConfigKeys (ConfUtils.java:logGet(46)) - raft.server.log.segment.cache.size.max = 200MB (=209715200) (default)
2023-12-28 09:09:54,703 [42fe86c5-ef4c-4426-bfd8-a8401ddf98d5-groupManagement] INFO  server.RaftServerConfigKeys (ConfUtils.java:logGet(46)) - raft.server.log.appender.buffer.byte-limit = 8388608 (custom)
2023-12-28 09:09:54,704 [42fe86c5-ef4c-4426-bfd8-a8401ddf98d5-groupManagement] INFO  util.AwaitToRun (AwaitToRun.java:start(81)) - Thread[42fe86c5-ef4c-4426-bfd8-a8401ddf98d5@group-1F2F71CB6E5C-cacheEviction-AwaitToRun,5,main] started
2023-12-28 09:09:54,704 [42fe86c5-ef4c-4426-bfd8-a8401ddf98d5-groupManagement] INFO  segmented.SegmentedRaftLogWorker (SegmentedRaftLogWorker.java:<init>(184)) - new 42fe86c5-ef4c-4426-bfd8-a8401ddf98d5@group-1F2F71CB6E5C-SegmentedRaftLogWorker for RaftStorageImpl:Storage Directory /home/runner/work/ozone/ozone/hadoop-ozone/integration-test/target/test-dir/MiniOzoneClusterImpl-7619c237-1de6-4815-bbe2-f0b52dfbd5bc/datanode-4/data/ratis/96e8e2aa-9f13-45fc-986d-1f2f71cb6e5c
2023-12-28 09:09:54,704 [42fe86c5-ef4c-4426-bfd8-a8401ddf98d5-groupManagement] INFO  server.RaftServerConfigKeys (ConfUtils.java:logGet(46)) - raft.server.log.queue.byte-limit = 4294967296 (custom)
2023-12-28 09:09:54,704 [42fe86c5-ef4c-4426-bfd8-a8401ddf98d5-groupManagement] INFO  server.RaftServerConfigKeys (ConfUtils.java:logGet(46)) - raft.server.log.queue.element-limit = 1024 (custom)
2023-12-28 09:09:54,704 [42fe86c5-ef4c-4426-bfd8-a8401ddf98d5-groupManagement] INFO  server.RaftServerConfigKeys (ConfUtils.java:logGet(46)) - raft.server.log.segment.size.max = 67108864 (custom)
2023-12-28 09:09:54,704 [42fe86c5-ef4c-4426-bfd8-a8401ddf98d5-groupManagement] INFO  server.RaftServerConfigKeys (ConfUtils.java:logGet(46)) - raft.server.log.preallocated.size = 4194304 (custom)
2023-12-28 09:09:54,704 [42fe86c5-ef4c-4426-bfd8-a8401ddf98d5-groupManagement] INFO  server.RaftServerConfigKeys (ConfUtils.java:logGet(46)) - raft.server.log.force.sync.num = 128 (default)
2023-12-28 09:09:54,704 [42fe86c5-ef4c-4426-bfd8-a8401ddf98d5-groupManagement] INFO  server.RaftServerConfigKeys (ConfUtils.java:logGet(46)) - raft.server.log.statemachine.data.sync = true (default)
2023-12-28 09:09:54,704 [42fe86c5-ef4c-4426-bfd8-a8401ddf98d5-groupManagement] INFO  server.RaftServerConfigKeys (ConfUtils.java:logGet(46)) - raft.server.log.statemachine.data.sync.timeout = 10s (default)
2023-12-28 09:09:54,704 [42fe86c5-ef4c-4426-bfd8-a8401ddf98d5-groupManagement] INFO  server.RaftServerConfigKeys (ConfUtils.java:logGet(46)) - raft.server.log.statemachine.data.sync.timeout.retry = 0 (custom)
2023-12-28 09:09:54,704 [42fe86c5-ef4c-4426-bfd8-a8401ddf98d5-groupManagement] INFO  server.RaftServerConfigKeys (ConfUtils.java:logGet(46)) - raft.server.log.write.buffer.size = 8388616 (custom)
2023-12-28 09:09:54,705 [42fe86c5-ef4c-4426-bfd8-a8401ddf98d5-groupManagement] INFO  server.RaftServerConfigKeys (ConfUtils.java:logGet(46)) - raft.server.log.appender.buffer.byte-limit = 8388608 (custom)
2023-12-28 09:09:54,706 [42fe86c5-ef4c-4426-bfd8-a8401ddf98d5-groupManagement] INFO  server.RaftServerConfigKeys (ConfUtils.java:logGet(46)) - raft.server.log.unsafe-flush.enabled = false (default)
2023-12-28 09:09:54,706 [42fe86c5-ef4c-4426-bfd8-a8401ddf98d5-groupManagement] INFO  server.RaftServerConfigKeys (ConfUtils.java:logGet(46)) - raft.server.log.async-flush.enabled = false (default)
2023-12-28 09:09:54,706 [42fe86c5-ef4c-4426-bfd8-a8401ddf98d5-groupManagement] INFO  server.RaftServerConfigKeys (ConfUtils.java:logGet(46)) - raft.server.log.statemachine.data.caching.enabled = true (custom)
2023-12-28 09:09:54,706 [42fe86c5-ef4c-4426-bfd8-a8401ddf98d5-groupManagement] INFO  segmented.SegmentedRaftLogWorker (SegmentedRaftLogWorker.java:lambda$new$0(135)) - 42fe86c5-ef4c-4426-bfd8-a8401ddf98d5@group-1F2F71CB6E5C-SegmentedRaftLogWorker: flushIndex: setUnconditionally 0 -> -1
2023-12-28 09:09:54,706 [42fe86c5-ef4c-4426-bfd8-a8401ddf98d5-groupManagement] INFO  segmented.SegmentedRaftLogWorker (SegmentedRaftLogWorker.java:lambda$new$0(135)) - 42fe86c5-ef4c-4426-bfd8-a8401ddf98d5@group-1F2F71CB6E5C-SegmentedRaftLogWorker: safeCacheEvictIndex: setUnconditionally 0 -> -1
2023-12-28 09:09:54,707 [42fe86c5-ef4c-4426-bfd8-a8401ddf98d5-groupManagement] INFO  server.RaftServer$Division (RaftServerImpl.java:start(392)) - 42fe86c5-ef4c-4426-bfd8-a8401ddf98d5@group-1F2F71CB6E5C: start as a follower, conf=-1: peers:[42fe86c5-ef4c-4426-bfd8-a8401ddf98d5|10.1.0.14:15406]|listeners:[], old=null
2023-12-28 09:09:54,707 [42fe86c5-ef4c-4426-bfd8-a8401ddf98d5-groupManagement] INFO  server.RaftServer$Division (RaftServerImpl.java:setRole(379)) - 42fe86c5-ef4c-4426-bfd8-a8401ddf98d5@group-1F2F71CB6E5C: changes role from      null to FOLLOWER at term 0 for startAsFollower
2023-12-28 09:09:54,707 [42fe86c5-ef4c-4426-bfd8-a8401ddf98d5-groupManagement] INFO  impl.RoleInfo (RoleInfo.java:updateAndGet(139)) - 42fe86c5-ef4c-4426-bfd8-a8401ddf98d5: start 42fe86c5-ef4c-4426-bfd8-a8401ddf98d5@group-1F2F71CB6E5C-FollowerState
2023-12-28 09:09:54,707 [42fe86c5-ef4c-4426-bfd8-a8401ddf98d5-groupManagement] INFO  util.JmxRegister (JmxRegister.java:tryRegister(44)) - Successfully registered JMX Bean with object name Ratis:service=RaftServer,group=group-1F2F71CB6E5C,id=42fe86c5-ef4c-4426-bfd8-a8401ddf98d5
2023-12-28 09:09:54,707 [42fe86c5-ef4c-4426-bfd8-a8401ddf98d5@group-1F2F71CB6E5C-FollowerState] INFO  server.RaftServerConfigKeys (ConfUtils.java:logFallback(53)) - raft.server.rpc.first-election.timeout.min = 5s (fallback to raft.server.rpc.timeout.min)
2023-12-28 09:09:54,707 [42fe86c5-ef4c-4426-bfd8-a8401ddf98d5-groupManagement] INFO  server.RaftServerConfigKeys (ConfUtils.java:logGet(46)) - raft.server.snapshot.trigger-when-stop.enabled = true (default)
2023-12-28 09:09:54,707 [42fe86c5-ef4c-4426-bfd8-a8401ddf98d5@group-1F2F71CB6E5C-FollowerState] INFO  server.RaftServerConfigKeys (ConfUtils.java:logFallback(53)) - raft.server.rpc.first-election.timeout.max = 5200ms (fallback to raft.server.rpc.timeout.max)
2023-12-28 09:09:54,707 [42fe86c5-ef4c-4426-bfd8-a8401ddf98d5-groupManagement] INFO  server.RaftServerConfigKeys (ConfUtils.java:logGet(46)) - raft.server.snapshot.auto.trigger.enabled = true (custom)
2023-12-28 09:09:54,707 [42fe86c5-ef4c-4426-bfd8-a8401ddf98d5-groupManagement] INFO  server.RaftServerConfigKeys (ConfUtils.java:logGet(46)) - raft.server.snapshot.auto.trigger.threshold = 10000 (custom)
2023-12-28 09:09:54,707 [42fe86c5-ef4c-4426-bfd8-a8401ddf98d5-groupManagement] INFO  server.RaftServerConfigKeys (ConfUtils.java:logGet(46)) - raft.server.snapshot.retention.file.num = 5 (custom)
2023-12-28 09:09:54,707 [42fe86c5-ef4c-4426-bfd8-a8401ddf98d5-groupManagement] INFO  server.RaftServerConfigKeys (ConfUtils.java:logGet(46)) - raft.server.log.purge.upto.snapshot.index = false (default)
2023-12-28 09:09:54,708 [42fe86c5-ef4c-4426-bfd8-a8401ddf98d5-PipelineCommandHandlerThread-0] INFO  ratis.XceiverServerRatis (XceiverServerRatis.java:addGroup(837)) - Created group PipelineID=96e8e2aa-9f13-45fc-986d-1f2f71cb6e5c
2023-12-28 09:09:54,708 [42fe86c5-ef4c-4426-bfd8-a8401ddf98d5-PipelineCommandHandlerThread-0] INFO  commandhandler.CreatePipelineCommandHandler (CreatePipelineCommandHandler.java:lambda$handle$2(124)) - Created Pipeline RATIS ONE PipelineID=96e8e2aa-9f13-45fc-986d-1f2f71cb6e5c.
2023-12-28 09:09:54,804 [31ca3cec-ca1e-4771-b2d4-3cf5bbdf2d7e-PipelineCommandHandlerThread-0] INFO  server.RaftServer (RaftServerProxy.java:addNew(100)) - 31ca3cec-ca1e-4771-b2d4-3cf5bbdf2d7e: addNew group-1E5FC0D1A1D1:[31ca3cec-ca1e-4771-b2d4-3cf5bbdf2d7e|10.1.0.14:15415] returns group-1E5FC0D1A1D1:java.util.concurrent.CompletableFuture@4409949d[Not completed]
2023-12-28 09:09:54,804 [31ca3cec-ca1e-4771-b2d4-3cf5bbdf2d7e-groupManagement] INFO  server.RaftServer$Division (RaftServerImpl.java:<init>(256)) - 31ca3cec-ca1e-4771-b2d4-3cf5bbdf2d7e: new RaftServerImpl for group-1E5FC0D1A1D1:[31ca3cec-ca1e-4771-b2d4-3cf5bbdf2d7e|10.1.0.14:15415] with ContainerStateMachine:uninitialized
2023-12-28 09:09:54,804 [31ca3cec-ca1e-4771-b2d4-3cf5bbdf2d7e-groupManagement] INFO  server.RaftServerConfigKeys (ConfUtils.java:logGet(46)) - raft.server.rpc.timeout.min = 5s (custom)
2023-12-28 09:09:54,804 [31ca3cec-ca1e-4771-b2d4-3cf5bbdf2d7e-groupManagement] INFO  server.RaftServerConfigKeys (ConfUtils.java:logGet(46)) - raft.server.rpc.timeout.max = 5200ms (custom)
2023-12-28 09:09:54,804 [31ca3cec-ca1e-4771-b2d4-3cf5bbdf2d7e-groupManagement] INFO  server.RaftServerConfigKeys (ConfUtils.java:logGet(46)) - raft.server.rpc.sleep.time = 25ms (default)
2023-12-28 09:09:54,804 [31ca3cec-ca1e-4771-b2d4-3cf5bbdf2d7e-groupManagement] INFO  server.RaftServerConfigKeys (ConfUtils.java:logGet(46)) - raft.server.rpc.slowness.timeout = 300000ms (custom)
2023-12-28 09:09:54,804 [31ca3cec-ca1e-4771-b2d4-3cf5bbdf2d7e-groupManagement] INFO  server.RaftServerConfigKeys (ConfUtils.java:logGet(46)) - raft.server.leaderelection.leader.step-down.wait-time = 10s (default)
2023-12-28 09:09:54,804 [31ca3cec-ca1e-4771-b2d4-3cf5bbdf2d7e-groupManagement] INFO  server.RaftServerConfigKeys (ConfUtils.java:logGet(46)) - raft.server.leaderelection.member.majority-add = false (default)
2023-12-28 09:09:54,804 [31ca3cec-ca1e-4771-b2d4-3cf5bbdf2d7e-groupManagement] INFO  server.RaftServerConfigKeys (ConfUtils.java:logGet(46)) - raft.server.sleep.deviation.threshold = 300ms (default)
2023-12-28 09:09:54,804 [31ca3cec-ca1e-4771-b2d4-3cf5bbdf2d7e-groupManagement] INFO  server.RaftServer$Division (ServerState.java:<init>(113)) - 31ca3cec-ca1e-4771-b2d4-3cf5bbdf2d7e@group-1E5FC0D1A1D1: ConfigurationManager, init=-1: peers:[31ca3cec-ca1e-4771-b2d4-3cf5bbdf2d7e|10.1.0.14:15415]|listeners:[], old=null, confs=<EMPTY_MAP>
2023-12-28 09:09:54,805 [31ca3cec-ca1e-4771-b2d4-3cf5bbdf2d7e-groupManagement] INFO  server.RaftServerConfigKeys (ConfUtils.java:logGet(46)) - raft.server.notification.no-leader.timeout = 300000ms (custom)
2023-12-28 09:09:54,805 [31ca3cec-ca1e-4771-b2d4-3cf5bbdf2d7e-groupManagement] INFO  server.RaftServerConfigKeys (ConfUtils.java:logGet(46)) - raft.server.read.timeout = 10s (default)
2023-12-28 09:09:54,805 [31ca3cec-ca1e-4771-b2d4-3cf5bbdf2d7e-groupManagement] INFO  server.RaftServerConfigKeys (ConfUtils.java:logGet(46)) - raft.server.retrycache.expirytime = 600000ms (custom)
2023-12-28 09:09:54,805 [31ca3cec-ca1e-4771-b2d4-3cf5bbdf2d7e-groupManagement] INFO  server.RaftServerConfigKeys (ConfUtils.java:logGet(46)) - raft.server.retrycache.statistics.expirytime = 100ms (default)
2023-12-28 09:09:54,805 [31ca3cec-ca1e-4771-b2d4-3cf5bbdf2d7e-groupManagement] INFO  server.RaftServerConfigKeys (ConfUtils.java:logGet(46)) - raft.server.read.option = DEFAULT (default)
2023-12-28 09:09:54,805 [31ca3cec-ca1e-4771-b2d4-3cf5bbdf2d7e-groupManagement] INFO  server.RaftServerConfigKeys (ConfUtils.java:logGet(46)) - raft.server.read.read-after-write-consistent.write-index-cache.expiry-time = 60s (default)
2023-12-28 09:09:54,806 [31ca3cec-ca1e-4771-b2d4-3cf5bbdf2d7e-groupManagement] INFO  server.RaftServerConfigKeys (ConfUtils.java:logGet(46)) - raft.server.rpc.request.timeout = 3000ms (default)
2023-12-28 09:09:54,806 [31ca3cec-ca1e-4771-b2d4-3cf5bbdf2d7e-groupManagement] INFO  server.RaftServerConfigKeys (ConfUtils.java:logGet(46)) - raft.server.log.appender.install.snapshot.enabled = false (custom)
2023-12-28 09:09:54,806 [31ca3cec-ca1e-4771-b2d4-3cf5bbdf2d7e-groupManagement] INFO  server.RaftServerConfigKeys (ConfUtils.java:logGet(46)) - raft.server.threadpool.server.cached = true (default)
2023-12-28 09:09:54,806 [31ca3cec-ca1e-4771-b2d4-3cf5bbdf2d7e-groupManagement] INFO  server.RaftServerConfigKeys (ConfUtils.java:logGet(46)) - raft.server.threadpool.server.size = 0 (default)
2023-12-28 09:09:54,806 [31ca3cec-ca1e-4771-b2d4-3cf5bbdf2d7e-groupManagement] INFO  server.RaftServerConfigKeys (ConfUtils.java:logGet(46)) - raft.server.threadpool.client.cached = true (default)
2023-12-28 09:09:54,807 [31ca3cec-ca1e-4771-b2d4-3cf5bbdf2d7e-groupManagement] INFO  server.RaftServerConfigKeys (ConfUtils.java:logGet(46)) - raft.server.threadpool.client.size = 0 (default)
2023-12-28 09:09:54,807 [31ca3cec-ca1e-4771-b2d4-3cf5bbdf2d7e-groupManagement] INFO  server.RaftServerConfigKeys (ConfUtils.java:logGet(46)) - raft.server.storage.free-space.min = 0MB (=0) (default)
2023-12-28 09:09:54,807 [31ca3cec-ca1e-4771-b2d4-3cf5bbdf2d7e-groupManagement] INFO  server.RaftServerConfigKeys (ConfUtils.java:logGet(46)) - raft.server.log.corruption.policy = EXCEPTION (default)
2023-12-28 09:09:54,807 [31ca3cec-ca1e-4771-b2d4-3cf5bbdf2d7e-groupManagement] INFO  server.RaftServerConfigKeys (ConfUtils.java:logGet(46)) - raft.server.storage.dir = [/home/runner/work/ozone/ozone/hadoop-ozone/integration-test/target/test-dir/MiniOzoneClusterImpl-7619c237-1de6-4815-bbe2-f0b52dfbd5bc/datanode-5/data/ratis] (custom)
2023-12-28 09:09:54,807 [31ca3cec-ca1e-4771-b2d4-3cf5bbdf2d7e-groupManagement] INFO  storage.RaftStorageDirectory (RaftStorageDirectoryImpl.java:analyzeStorage(138)) - The storage directory /home/runner/work/ozone/ozone/hadoop-ozone/integration-test/target/test-dir/MiniOzoneClusterImpl-7619c237-1de6-4815-bbe2-f0b52dfbd5bc/datanode-5/data/ratis/4aedc44f-eddc-4949-8a7f-1e5fc0d1a1d1 does not exist. Creating ...
2023-12-28 09:09:54,807 [31ca3cec-ca1e-4771-b2d4-3cf5bbdf2d7e-groupManagement] INFO  storage.RaftStorageDirectory (RaftStorageDirectoryImpl.java:tryLock(232)) - Lock on /home/runner/work/ozone/ozone/hadoop-ozone/integration-test/target/test-dir/MiniOzoneClusterImpl-7619c237-1de6-4815-bbe2-f0b52dfbd5bc/datanode-5/data/ratis/4aedc44f-eddc-4949-8a7f-1e5fc0d1a1d1/in_use.lock acquired by nodename 85610@fv-az1384-14
2023-12-28 09:09:54,808 [31ca3cec-ca1e-4771-b2d4-3cf5bbdf2d7e-groupManagement] INFO  storage.RaftStorage (RaftStorageImpl.java:format(97)) - Storage directory /home/runner/work/ozone/ozone/hadoop-ozone/integration-test/target/test-dir/MiniOzoneClusterImpl-7619c237-1de6-4815-bbe2-f0b52dfbd5bc/datanode-5/data/ratis/4aedc44f-eddc-4949-8a7f-1e5fc0d1a1d1 has been successfully formatted.
2023-12-28 09:09:54,809 [31ca3cec-ca1e-4771-b2d4-3cf5bbdf2d7e-groupManagement] INFO  ratis.ContainerStateMachine (ContainerStateMachine.java:loadSnapshot(287)) - group-1E5FC0D1A1D1: The snapshot info is null. Setting the last applied indexto:(t:0, i:~)
2023-12-28 09:09:54,809 [31ca3cec-ca1e-4771-b2d4-3cf5bbdf2d7e-groupManagement] INFO  server.RaftServerConfigKeys (ConfUtils.java:logGet(46)) - raft.server.log.use.memory = false (default)
2023-12-28 09:09:54,809 [31ca3cec-ca1e-4771-b2d4-3cf5bbdf2d7e-groupManagement] INFO  server.RaftServerConfigKeys (ConfUtils.java:logGet(46)) - raft.server.log.purge.gap = 1000000 (custom)
2023-12-28 09:09:54,809 [31ca3cec-ca1e-4771-b2d4-3cf5bbdf2d7e-groupManagement] INFO  server.RaftServerConfigKeys (ConfUtils.java:logGet(46)) - raft.server.log.appender.buffer.byte-limit = 8388608 (custom)
2023-12-28 09:09:54,809 [31ca3cec-ca1e-4771-b2d4-3cf5bbdf2d7e-groupManagement] INFO  server.RaftServerConfigKeys (ConfUtils.java:logGet(46)) - raft.server.log.statemachine.data.read.timeout = 1000ms (default)
2023-12-28 09:09:54,809 [31ca3cec-ca1e-4771-b2d4-3cf5bbdf2d7e-groupManagement] INFO  server.RaftServerConfigKeys (ConfUtils.java:logGet(46)) - raft.server.log.purge.preservation.log.num = 0 (default)
2023-12-28 09:09:54,810 [EventQueue-PipelineReportForPipelineReportHandler] INFO  pipeline.PipelineReportHandler (PipelineReportHandler.java:processPipelineReport(136)) - Opened pipeline PipelineID=4aedc44f-eddc-4949-8a7f-1e5fc0d1a1d1
2023-12-28 09:09:54,810 [EventQueue-OpenPipelineForHealthyPipelineSafeModeRule] INFO  safemode.SCMSafeModeManager (HealthyPipelineSafeModeRule.java:process(140)) - SCM in safe mode. Healthy pipelines reported count is 0, required healthy pipeline reported count is 1
2023-12-28 09:09:54,810 [31ca3cec-ca1e-4771-b2d4-3cf5bbdf2d7e-groupManagement] INFO  server.RaftServerConfigKeys (ConfUtils.java:logGet(46)) - raft.server.log.segment.size.max = 67108864 (custom)
2023-12-28 09:09:54,810 [31ca3cec-ca1e-4771-b2d4-3cf5bbdf2d7e-groupManagement] INFO  server.RaftServerConfigKeys (ConfUtils.java:logGet(46)) - raft.server.log.segment.cache.num.max = 2 (custom)
2023-12-28 09:09:54,810 [31ca3cec-ca1e-4771-b2d4-3cf5bbdf2d7e-groupManagement] INFO  server.RaftServerConfigKeys (ConfUtils.java:logGet(46)) - raft.server.log.segment.cache.size.max = 200MB (=209715200) (default)
2023-12-28 09:09:54,810 [31ca3cec-ca1e-4771-b2d4-3cf5bbdf2d7e-groupManagement] INFO  server.RaftServerConfigKeys (ConfUtils.java:logGet(46)) - raft.server.log.appender.buffer.byte-limit = 8388608 (custom)
2023-12-28 09:09:54,810 [31ca3cec-ca1e-4771-b2d4-3cf5bbdf2d7e-groupManagement] INFO  util.AwaitToRun (AwaitToRun.java:start(81)) - Thread[31ca3cec-ca1e-4771-b2d4-3cf5bbdf2d7e@group-1E5FC0D1A1D1-cacheEviction-AwaitToRun,5,main] started
2023-12-28 09:09:54,810 [31ca3cec-ca1e-4771-b2d4-3cf5bbdf2d7e-groupManagement] INFO  segmented.SegmentedRaftLogWorker (SegmentedRaftLogWorker.java:<init>(184)) - new 31ca3cec-ca1e-4771-b2d4-3cf5bbdf2d7e@group-1E5FC0D1A1D1-SegmentedRaftLogWorker for RaftStorageImpl:Storage Directory /home/runner/work/ozone/ozone/hadoop-ozone/integration-test/target/test-dir/MiniOzoneClusterImpl-7619c237-1de6-4815-bbe2-f0b52dfbd5bc/datanode-5/data/ratis/4aedc44f-eddc-4949-8a7f-1e5fc0d1a1d1
2023-12-28 09:09:54,810 [31ca3cec-ca1e-4771-b2d4-3cf5bbdf2d7e-groupManagement] INFO  server.RaftServerConfigKeys (ConfUtils.java:logGet(46)) - raft.server.log.queue.byte-limit = 4294967296 (custom)
2023-12-28 09:09:54,810 [31ca3cec-ca1e-4771-b2d4-3cf5bbdf2d7e-groupManagement] INFO  server.RaftServerConfigKeys (ConfUtils.java:logGet(46)) - raft.server.log.queue.element-limit = 1024 (custom)
2023-12-28 09:09:54,810 [31ca3cec-ca1e-4771-b2d4-3cf5bbdf2d7e-groupManagement] INFO  server.RaftServerConfigKeys (ConfUtils.java:logGet(46)) - raft.server.log.segment.size.max = 67108864 (custom)
2023-12-28 09:09:54,810 [31ca3cec-ca1e-4771-b2d4-3cf5bbdf2d7e-groupManagement] INFO  server.RaftServerConfigKeys (ConfUtils.java:logGet(46)) - raft.server.log.preallocated.size = 4194304 (custom)
2023-12-28 09:09:54,811 [31ca3cec-ca1e-4771-b2d4-3cf5bbdf2d7e-groupManagement] INFO  server.RaftServerConfigKeys (ConfUtils.java:logGet(46)) - raft.server.log.force.sync.num = 128 (default)
2023-12-28 09:09:54,811 [31ca3cec-ca1e-4771-b2d4-3cf5bbdf2d7e-groupManagement] INFO  server.RaftServerConfigKeys (ConfUtils.java:logGet(46)) - raft.server.log.statemachine.data.sync = true (default)
2023-12-28 09:09:54,811 [31ca3cec-ca1e-4771-b2d4-3cf5bbdf2d7e-groupManagement] INFO  server.RaftServerConfigKeys (ConfUtils.java:logGet(46)) - raft.server.log.statemachine.data.sync.timeout = 10s (default)
2023-12-28 09:09:54,811 [31ca3cec-ca1e-4771-b2d4-3cf5bbdf2d7e-groupManagement] INFO  server.RaftServerConfigKeys (ConfUtils.java:logGet(46)) - raft.server.log.statemachine.data.sync.timeout.retry = 0 (custom)
2023-12-28 09:09:54,811 [31ca3cec-ca1e-4771-b2d4-3cf5bbdf2d7e-groupManagement] INFO  server.RaftServerConfigKeys (ConfUtils.java:logGet(46)) - raft.server.log.write.buffer.size = 8388616 (custom)
2023-12-28 09:09:54,812 [31ca3cec-ca1e-4771-b2d4-3cf5bbdf2d7e-groupManagement] INFO  server.RaftServerConfigKeys (ConfUtils.java:logGet(46)) - raft.server.log.appender.buffer.byte-limit = 8388608 (custom)
2023-12-28 09:09:54,812 [31ca3cec-ca1e-4771-b2d4-3cf5bbdf2d7e-groupManagement] INFO  server.RaftServerConfigKeys (ConfUtils.java:logGet(46)) - raft.server.log.unsafe-flush.enabled = false (default)
2023-12-28 09:09:54,813 [31ca3cec-ca1e-4771-b2d4-3cf5bbdf2d7e-groupManagement] INFO  server.RaftServerConfigKeys (ConfUtils.java:logGet(46)) - raft.server.log.async-flush.enabled = false (default)
2023-12-28 09:09:54,813 [31ca3cec-ca1e-4771-b2d4-3cf5bbdf2d7e-groupManagement] INFO  server.RaftServerConfigKeys (ConfUtils.java:logGet(46)) - raft.server.log.statemachine.data.caching.enabled = true (custom)
2023-12-28 09:09:54,813 [31ca3cec-ca1e-4771-b2d4-3cf5bbdf2d7e-groupManagement] INFO  segmented.SegmentedRaftLogWorker (SegmentedRaftLogWorker.java:lambda$new$0(135)) - 31ca3cec-ca1e-4771-b2d4-3cf5bbdf2d7e@group-1E5FC0D1A1D1-SegmentedRaftLogWorker: flushIndex: setUnconditionally 0 -> -1
2023-12-28 09:09:54,813 [31ca3cec-ca1e-4771-b2d4-3cf5bbdf2d7e-groupManagement] INFO  segmented.SegmentedRaftLogWorker (SegmentedRaftLogWorker.java:lambda$new$0(135)) - 31ca3cec-ca1e-4771-b2d4-3cf5bbdf2d7e@group-1E5FC0D1A1D1-SegmentedRaftLogWorker: safeCacheEvictIndex: setUnconditionally 0 -> -1
2023-12-28 09:09:54,813 [31ca3cec-ca1e-4771-b2d4-3cf5bbdf2d7e-groupManagement] INFO  server.RaftServer$Division (RaftServerImpl.java:start(392)) - 31ca3cec-ca1e-4771-b2d4-3cf5bbdf2d7e@group-1E5FC0D1A1D1: start as a follower, conf=-1: peers:[31ca3cec-ca1e-4771-b2d4-3cf5bbdf2d7e|10.1.0.14:15415]|listeners:[], old=null
2023-12-28 09:09:54,813 [31ca3cec-ca1e-4771-b2d4-3cf5bbdf2d7e-groupManagement] INFO  server.RaftServer$Division (RaftServerImpl.java:setRole(379)) - 31ca3cec-ca1e-4771-b2d4-3cf5bbdf2d7e@group-1E5FC0D1A1D1: changes role from      null to FOLLOWER at term 0 for startAsFollower
2023-12-28 09:09:54,813 [31ca3cec-ca1e-4771-b2d4-3cf5bbdf2d7e-groupManagement] INFO  impl.RoleInfo (RoleInfo.java:updateAndGet(139)) - 31ca3cec-ca1e-4771-b2d4-3cf5bbdf2d7e: start 31ca3cec-ca1e-4771-b2d4-3cf5bbdf2d7e@group-1E5FC0D1A1D1-FollowerState
2023-12-28 09:09:54,813 [31ca3cec-ca1e-4771-b2d4-3cf5bbdf2d7e@group-1E5FC0D1A1D1-FollowerState] INFO  server.RaftServerConfigKeys (ConfUtils.java:logFallback(53)) - raft.server.rpc.first-election.timeout.min = 5s (fallback to raft.server.rpc.timeout.min)
2023-12-28 09:09:54,813 [31ca3cec-ca1e-4771-b2d4-3cf5bbdf2d7e-groupManagement] INFO  util.JmxRegister (JmxRegister.java:tryRegister(44)) - Successfully registered JMX Bean with object name Ratis:service=RaftServer,group=group-1E5FC0D1A1D1,id=31ca3cec-ca1e-4771-b2d4-3cf5bbdf2d7e
2023-12-28 09:09:54,813 [31ca3cec-ca1e-4771-b2d4-3cf5bbdf2d7e@group-1E5FC0D1A1D1-FollowerState] INFO  server.RaftServerConfigKeys (ConfUtils.java:logFallback(53)) - raft.server.rpc.first-election.timeout.max = 5200ms (fallback to raft.server.rpc.timeout.max)
2023-12-28 09:09:54,813 [31ca3cec-ca1e-4771-b2d4-3cf5bbdf2d7e-groupManagement] INFO  server.RaftServerConfigKeys (ConfUtils.java:logGet(46)) - raft.server.snapshot.trigger-when-stop.enabled = true (default)
2023-12-28 09:09:54,813 [31ca3cec-ca1e-4771-b2d4-3cf5bbdf2d7e-groupManagement] INFO  server.RaftServerConfigKeys (ConfUtils.java:logGet(46)) - raft.server.snapshot.auto.trigger.enabled = true (custom)
2023-12-28 09:09:54,813 [31ca3cec-ca1e-4771-b2d4-3cf5bbdf2d7e-groupManagement] INFO  server.RaftServerConfigKeys (ConfUtils.java:logGet(46)) - raft.server.snapshot.auto.trigger.threshold = 10000 (custom)
2023-12-28 09:09:54,813 [31ca3cec-ca1e-4771-b2d4-3cf5bbdf2d7e-groupManagement] INFO  server.RaftServerConfigKeys (ConfUtils.java:logGet(46)) - raft.server.snapshot.retention.file.num = 5 (custom)
2023-12-28 09:09:54,813 [31ca3cec-ca1e-4771-b2d4-3cf5bbdf2d7e-groupManagement] INFO  server.RaftServerConfigKeys (ConfUtils.java:logGet(46)) - raft.server.log.purge.upto.snapshot.index = false (default)
2023-12-28 09:09:54,814 [31ca3cec-ca1e-4771-b2d4-3cf5bbdf2d7e-PipelineCommandHandlerThread-0] INFO  ratis.XceiverServerRatis (XceiverServerRatis.java:addGroup(837)) - Created group PipelineID=4aedc44f-eddc-4949-8a7f-1e5fc0d1a1d1
2023-12-28 09:09:54,814 [31ca3cec-ca1e-4771-b2d4-3cf5bbdf2d7e-PipelineCommandHandlerThread-0] INFO  commandhandler.CreatePipelineCommandHandler (CreatePipelineCommandHandler.java:lambda$handle$2(124)) - Created Pipeline RATIS ONE PipelineID=4aedc44f-eddc-4949-8a7f-1e5fc0d1a1d1.
2023-12-28 09:09:54,892 [4a7d4f9e-b840-4b9b-8b00-1e8f80dcf0e2-PipelineCommandHandlerThread-0] INFO  server.RaftServer (RaftServerProxy.java:addNew(100)) - 4a7d4f9e-b840-4b9b-8b00-1e8f80dcf0e2: addNew group-25F8F003D845:[4a7d4f9e-b840-4b9b-8b00-1e8f80dcf0e2|10.1.0.14:15424] returns group-25F8F003D845:java.util.concurrent.CompletableFuture@64ea00ee[Not completed]
2023-12-28 09:09:54,892 [4a7d4f9e-b840-4b9b-8b00-1e8f80dcf0e2-groupManagement] INFO  server.RaftServer$Division (RaftServerImpl.java:<init>(256)) - 4a7d4f9e-b840-4b9b-8b00-1e8f80dcf0e2: new RaftServerImpl for group-25F8F003D845:[4a7d4f9e-b840-4b9b-8b00-1e8f80dcf0e2|10.1.0.14:15424] with ContainerStateMachine:uninitialized
2023-12-28 09:09:54,892 [4a7d4f9e-b840-4b9b-8b00-1e8f80dcf0e2-groupManagement] INFO  server.RaftServerConfigKeys (ConfUtils.java:logGet(46)) - raft.server.rpc.timeout.min = 5s (custom)
2023-12-28 09:09:54,892 [4a7d4f9e-b840-4b9b-8b00-1e8f80dcf0e2-groupManagement] INFO  server.RaftServerConfigKeys (ConfUtils.java:logGet(46)) - raft.server.rpc.timeout.max = 5200ms (custom)
2023-12-28 09:09:54,892 [4a7d4f9e-b840-4b9b-8b00-1e8f80dcf0e2-groupManagement] INFO  server.RaftServerConfigKeys (ConfUtils.java:logGet(46)) - raft.server.rpc.sleep.time = 25ms (default)
2023-12-28 09:09:54,892 [4a7d4f9e-b840-4b9b-8b00-1e8f80dcf0e2-groupManagement] INFO  server.RaftServerConfigKeys (ConfUtils.java:logGet(46)) - raft.server.rpc.slowness.timeout = 300000ms (custom)
2023-12-28 09:09:54,892 [4a7d4f9e-b840-4b9b-8b00-1e8f80dcf0e2-groupManagement] INFO  server.RaftServerConfigKeys (ConfUtils.java:logGet(46)) - raft.server.leaderelection.leader.step-down.wait-time = 10s (default)
2023-12-28 09:09:54,892 [4a7d4f9e-b840-4b9b-8b00-1e8f80dcf0e2-groupManagement] INFO  server.RaftServerConfigKeys (ConfUtils.java:logGet(46)) - raft.server.leaderelection.member.majority-add = false (default)
2023-12-28 09:09:54,893 [4a7d4f9e-b840-4b9b-8b00-1e8f80dcf0e2-groupManagement] INFO  server.RaftServerConfigKeys (ConfUtils.java:logGet(46)) - raft.server.sleep.deviation.threshold = 300ms (default)
2023-12-28 09:09:54,893 [4a7d4f9e-b840-4b9b-8b00-1e8f80dcf0e2-groupManagement] INFO  server.RaftServer$Division (ServerState.java:<init>(113)) - 4a7d4f9e-b840-4b9b-8b00-1e8f80dcf0e2@group-25F8F003D845: ConfigurationManager, init=-1: peers:[4a7d4f9e-b840-4b9b-8b00-1e8f80dcf0e2|10.1.0.14:15424]|listeners:[], old=null, confs=<EMPTY_MAP>
2023-12-28 09:09:54,893 [4a7d4f9e-b840-4b9b-8b00-1e8f80dcf0e2-groupManagement] INFO  server.RaftServerConfigKeys (ConfUtils.java:logGet(46)) - raft.server.notification.no-leader.timeout = 300000ms (custom)
2023-12-28 09:09:54,893 [4a7d4f9e-b840-4b9b-8b00-1e8f80dcf0e2-groupManagement] INFO  server.RaftServerConfigKeys (ConfUtils.java:logGet(46)) - raft.server.read.timeout = 10s (default)
2023-12-28 09:09:54,893 [4a7d4f9e-b840-4b9b-8b00-1e8f80dcf0e2-groupManagement] INFO  server.RaftServerConfigKeys (ConfUtils.java:logGet(46)) - raft.server.retrycache.expirytime = 600000ms (custom)
2023-12-28 09:09:54,893 [4a7d4f9e-b840-4b9b-8b00-1e8f80dcf0e2-groupManagement] INFO  server.RaftServerConfigKeys (ConfUtils.java:logGet(46)) - raft.server.retrycache.statistics.expirytime = 100ms (default)
2023-12-28 09:09:54,893 [4a7d4f9e-b840-4b9b-8b00-1e8f80dcf0e2-groupManagement] INFO  server.RaftServerConfigKeys (ConfUtils.java:logGet(46)) - raft.server.read.option = DEFAULT (default)
2023-12-28 09:09:54,893 [4a7d4f9e-b840-4b9b-8b00-1e8f80dcf0e2-groupManagement] INFO  server.RaftServerConfigKeys (ConfUtils.java:logGet(46)) - raft.server.read.read-after-write-consistent.write-index-cache.expiry-time = 60s (default)
2023-12-28 09:09:54,894 [4a7d4f9e-b840-4b9b-8b00-1e8f80dcf0e2-groupManagement] INFO  server.RaftServerConfigKeys (ConfUtils.java:logGet(46)) - raft.server.rpc.request.timeout = 3000ms (default)
2023-12-28 09:09:54,894 [4a7d4f9e-b840-4b9b-8b00-1e8f80dcf0e2-groupManagement] INFO  server.RaftServerConfigKeys (ConfUtils.java:logGet(46)) - raft.server.log.appender.install.snapshot.enabled = false (custom)
2023-12-28 09:09:54,894 [4a7d4f9e-b840-4b9b-8b00-1e8f80dcf0e2-groupManagement] INFO  server.RaftServerConfigKeys (ConfUtils.java:logGet(46)) - raft.server.threadpool.server.cached = true (default)
2023-12-28 09:09:54,894 [4a7d4f9e-b840-4b9b-8b00-1e8f80dcf0e2-groupManagement] INFO  server.RaftServerConfigKeys (ConfUtils.java:logGet(46)) - raft.server.threadpool.server.size = 0 (default)
2023-12-28 09:09:54,894 [4a7d4f9e-b840-4b9b-8b00-1e8f80dcf0e2-groupManagement] INFO  server.RaftServerConfigKeys (ConfUtils.java:logGet(46)) - raft.server.threadpool.client.cached = true (default)
2023-12-28 09:09:54,894 [4a7d4f9e-b840-4b9b-8b00-1e8f80dcf0e2-groupManagement] INFO  server.RaftServerConfigKeys (ConfUtils.java:logGet(46)) - raft.server.threadpool.client.size = 0 (default)
2023-12-28 09:09:54,894 [4a7d4f9e-b840-4b9b-8b00-1e8f80dcf0e2-groupManagement] INFO  server.RaftServerConfigKeys (ConfUtils.java:logGet(46)) - raft.server.storage.free-space.min = 0MB (=0) (default)
2023-12-28 09:09:54,895 [4a7d4f9e-b840-4b9b-8b00-1e8f80dcf0e2-groupManagement] INFO  server.RaftServerConfigKeys (ConfUtils.java:logGet(46)) - raft.server.log.corruption.policy = EXCEPTION (default)
2023-12-28 09:09:54,895 [4a7d4f9e-b840-4b9b-8b00-1e8f80dcf0e2-groupManagement] INFO  server.RaftServerConfigKeys (ConfUtils.java:logGet(46)) - raft.server.storage.dir = [/home/runner/work/ozone/ozone/hadoop-ozone/integration-test/target/test-dir/MiniOzoneClusterImpl-7619c237-1de6-4815-bbe2-f0b52dfbd5bc/datanode-6/data/ratis] (custom)
2023-12-28 09:09:54,895 [4a7d4f9e-b840-4b9b-8b00-1e8f80dcf0e2-groupManagement] INFO  storage.RaftStorageDirectory (RaftStorageDirectoryImpl.java:analyzeStorage(138)) - The storage directory /home/runner/work/ozone/ozone/hadoop-ozone/integration-test/target/test-dir/MiniOzoneClusterImpl-7619c237-1de6-4815-bbe2-f0b52dfbd5bc/datanode-6/data/ratis/4425761f-7a5f-4c84-9172-25f8f003d845 does not exist. Creating ...
2023-12-28 09:09:54,895 [4a7d4f9e-b840-4b9b-8b00-1e8f80dcf0e2-groupManagement] INFO  storage.RaftStorageDirectory (RaftStorageDirectoryImpl.java:tryLock(232)) - Lock on /home/runner/work/ozone/ozone/hadoop-ozone/integration-test/target/test-dir/MiniOzoneClusterImpl-7619c237-1de6-4815-bbe2-f0b52dfbd5bc/datanode-6/data/ratis/4425761f-7a5f-4c84-9172-25f8f003d845/in_use.lock acquired by nodename 85610@fv-az1384-14
2023-12-28 09:09:54,897 [4a7d4f9e-b840-4b9b-8b00-1e8f80dcf0e2-groupManagement] INFO  storage.RaftStorage (RaftStorageImpl.java:format(97)) - Storage directory /home/runner/work/ozone/ozone/hadoop-ozone/integration-test/target/test-dir/MiniOzoneClusterImpl-7619c237-1de6-4815-bbe2-f0b52dfbd5bc/datanode-6/data/ratis/4425761f-7a5f-4c84-9172-25f8f003d845 has been successfully formatted.
2023-12-28 09:09:54,897 [4a7d4f9e-b840-4b9b-8b00-1e8f80dcf0e2-groupManagement] INFO  ratis.ContainerStateMachine (ContainerStateMachine.java:loadSnapshot(287)) - group-25F8F003D845: The snapshot info is null. Setting the last applied indexto:(t:0, i:~)
2023-12-28 09:09:54,897 [4a7d4f9e-b840-4b9b-8b00-1e8f80dcf0e2-groupManagement] INFO  server.RaftServerConfigKeys (ConfUtils.java:logGet(46)) - raft.server.log.use.memory = false (default)
2023-12-28 09:09:54,898 [4a7d4f9e-b840-4b9b-8b00-1e8f80dcf0e2-groupManagement] INFO  server.RaftServerConfigKeys (ConfUtils.java:logGet(46)) - raft.server.log.purge.gap = 1000000 (custom)
2023-12-28 09:09:54,898 [4a7d4f9e-b840-4b9b-8b00-1e8f80dcf0e2-groupManagement] INFO  server.RaftServerConfigKeys (ConfUtils.java:logGet(46)) - raft.server.log.appender.buffer.byte-limit = 8388608 (custom)
2023-12-28 09:09:54,898 [4a7d4f9e-b840-4b9b-8b00-1e8f80dcf0e2-groupManagement] INFO  server.RaftServerConfigKeys (ConfUtils.java:logGet(46)) - raft.server.log.statemachine.data.read.timeout = 1000ms (default)
2023-12-28 09:09:54,898 [4a7d4f9e-b840-4b9b-8b00-1e8f80dcf0e2-groupManagement] INFO  server.RaftServerConfigKeys (ConfUtils.java:logGet(46)) - raft.server.log.purge.preservation.log.num = 0 (default)
2023-12-28 09:09:54,898 [EventQueue-PipelineReportForPipelineReportHandler] INFO  pipeline.PipelineReportHandler (PipelineReportHandler.java:processPipelineReport(136)) - Opened pipeline PipelineID=4425761f-7a5f-4c84-9172-25f8f003d845
2023-12-28 09:09:54,898 [EventQueue-OpenPipelineForHealthyPipelineSafeModeRule] INFO  safemode.SCMSafeModeManager (HealthyPipelineSafeModeRule.java:process(140)) - SCM in safe mode. Healthy pipelines reported count is 0, required healthy pipeline reported count is 1
2023-12-28 09:09:54,899 [4a7d4f9e-b840-4b9b-8b00-1e8f80dcf0e2-groupManagement] INFO  server.RaftServerConfigKeys (ConfUtils.java:logGet(46)) - raft.server.log.segment.size.max = 67108864 (custom)
2023-12-28 09:09:54,899 [4a7d4f9e-b840-4b9b-8b00-1e8f80dcf0e2-groupManagement] INFO  server.RaftServerConfigKeys (ConfUtils.java:logGet(46)) - raft.server.log.segment.cache.num.max = 2 (custom)
2023-12-28 09:09:54,899 [4a7d4f9e-b840-4b9b-8b00-1e8f80dcf0e2-groupManagement] INFO  server.RaftServerConfigKeys (ConfUtils.java:logGet(46)) - raft.server.log.segment.cache.size.max = 200MB (=209715200) (default)
2023-12-28 09:09:54,899 [4a7d4f9e-b840-4b9b-8b00-1e8f80dcf0e2-groupManagement] INFO  server.RaftServerConfigKeys (ConfUtils.java:logGet(46)) - raft.server.log.appender.buffer.byte-limit = 8388608 (custom)
2023-12-28 09:09:54,899 [4a7d4f9e-b840-4b9b-8b00-1e8f80dcf0e2-groupManagement] INFO  util.AwaitToRun (AwaitToRun.java:start(81)) - Thread[4a7d4f9e-b840-4b9b-8b00-1e8f80dcf0e2@group-25F8F003D845-cacheEviction-AwaitToRun,5,main] started
2023-12-28 09:09:54,899 [4a7d4f9e-b840-4b9b-8b00-1e8f80dcf0e2-groupManagement] INFO  segmented.SegmentedRaftLogWorker (SegmentedRaftLogWorker.java:<init>(184)) - new 4a7d4f9e-b840-4b9b-8b00-1e8f80dcf0e2@group-25F8F003D845-SegmentedRaftLogWorker for RaftStorageImpl:Storage Directory /home/runner/work/ozone/ozone/hadoop-ozone/integration-test/target/test-dir/MiniOzoneClusterImpl-7619c237-1de6-4815-bbe2-f0b52dfbd5bc/datanode-6/data/ratis/4425761f-7a5f-4c84-9172-25f8f003d845
2023-12-28 09:09:54,900 [4a7d4f9e-b840-4b9b-8b00-1e8f80dcf0e2-groupManagement] INFO  server.RaftServerConfigKeys (ConfUtils.java:logGet(46)) - raft.server.log.queue.byte-limit = 4294967296 (custom)
2023-12-28 09:09:54,900 [4a7d4f9e-b840-4b9b-8b00-1e8f80dcf0e2-groupManagement] INFO  server.RaftServerConfigKeys (ConfUtils.java:logGet(46)) - raft.server.log.queue.element-limit = 1024 (custom)
2023-12-28 09:09:54,900 [4a7d4f9e-b840-4b9b-8b00-1e8f80dcf0e2-groupManagement] INFO  server.RaftServerConfigKeys (ConfUtils.java:logGet(46)) - raft.server.log.segment.size.max = 67108864 (custom)
2023-12-28 09:09:54,900 [4a7d4f9e-b840-4b9b-8b00-1e8f80dcf0e2-groupManagement] INFO  server.RaftServerConfigKeys (ConfUtils.java:logGet(46)) - raft.server.log.preallocated.size = 4194304 (custom)
2023-12-28 09:09:54,900 [4a7d4f9e-b840-4b9b-8b00-1e8f80dcf0e2-groupManagement] INFO  server.RaftServerConfigKeys (ConfUtils.java:logGet(46)) - raft.server.log.force.sync.num = 128 (default)
2023-12-28 09:09:54,900 [4a7d4f9e-b840-4b9b-8b00-1e8f80dcf0e2-groupManagement] INFO  server.RaftServerConfigKeys (ConfUtils.java:logGet(46)) - raft.server.log.statemachine.data.sync = true (default)
2023-12-28 09:09:54,900 [4a7d4f9e-b840-4b9b-8b00-1e8f80dcf0e2-groupManagement] INFO  server.RaftServerConfigKeys (ConfUtils.java:logGet(46)) - raft.server.log.statemachine.data.sync.timeout = 10s (default)
2023-12-28 09:09:54,900 [4a7d4f9e-b840-4b9b-8b00-1e8f80dcf0e2-groupManagement] INFO  server.RaftServerConfigKeys (ConfUtils.java:logGet(46)) - raft.server.log.statemachine.data.sync.timeout.retry = 0 (custom)
2023-12-28 09:09:54,900 [4a7d4f9e-b840-4b9b-8b00-1e8f80dcf0e2-groupManagement] INFO  server.RaftServerConfigKeys (ConfUtils.java:logGet(46)) - raft.server.log.write.buffer.size = 8388616 (custom)
2023-12-28 09:09:54,902 [4a7d4f9e-b840-4b9b-8b00-1e8f80dcf0e2-groupManagement] INFO  server.RaftServerConfigKeys (ConfUtils.java:logGet(46)) - raft.server.log.appender.buffer.byte-limit = 8388608 (custom)
2023-12-28 09:09:54,902 [4a7d4f9e-b840-4b9b-8b00-1e8f80dcf0e2-groupManagement] INFO  server.RaftServerConfigKeys (ConfUtils.java:logGet(46)) - raft.server.log.unsafe-flush.enabled = false (default)
2023-12-28 09:09:54,902 [4a7d4f9e-b840-4b9b-8b00-1e8f80dcf0e2-groupManagement] INFO  server.RaftServerConfigKeys (ConfUtils.java:logGet(46)) - raft.server.log.async-flush.enabled = false (default)
2023-12-28 09:09:54,902 [4a7d4f9e-b840-4b9b-8b00-1e8f80dcf0e2-groupManagement] INFO  server.RaftServerConfigKeys (ConfUtils.java:logGet(46)) - raft.server.log.statemachine.data.caching.enabled = true (custom)
2023-12-28 09:09:54,903 [4a7d4f9e-b840-4b9b-8b00-1e8f80dcf0e2-groupManagement] INFO  segmented.SegmentedRaftLogWorker (SegmentedRaftLogWorker.java:lambda$new$0(135)) - 4a7d4f9e-b840-4b9b-8b00-1e8f80dcf0e2@group-25F8F003D845-SegmentedRaftLogWorker: flushIndex: setUnconditionally 0 -> -1
2023-12-28 09:09:54,903 [4a7d4f9e-b840-4b9b-8b00-1e8f80dcf0e2-groupManagement] INFO  segmented.SegmentedRaftLogWorker (SegmentedRaftLogWorker.java:lambda$new$0(135)) - 4a7d4f9e-b840-4b9b-8b00-1e8f80dcf0e2@group-25F8F003D845-SegmentedRaftLogWorker: safeCacheEvictIndex: setUnconditionally 0 -> -1
2023-12-28 09:09:54,903 [4a7d4f9e-b840-4b9b-8b00-1e8f80dcf0e2-groupManagement] INFO  server.RaftServer$Division (RaftServerImpl.java:start(392)) - 4a7d4f9e-b840-4b9b-8b00-1e8f80dcf0e2@group-25F8F003D845: start as a follower, conf=-1: peers:[4a7d4f9e-b840-4b9b-8b00-1e8f80dcf0e2|10.1.0.14:15424]|listeners:[], old=null
2023-12-28 09:09:54,903 [4a7d4f9e-b840-4b9b-8b00-1e8f80dcf0e2-groupManagement] INFO  server.RaftServer$Division (RaftServerImpl.java:setRole(379)) - 4a7d4f9e-b840-4b9b-8b00-1e8f80dcf0e2@group-25F8F003D845: changes role from      null to FOLLOWER at term 0 for startAsFollower
2023-12-28 09:09:54,903 [4a7d4f9e-b840-4b9b-8b00-1e8f80dcf0e2-groupManagement] INFO  impl.RoleInfo (RoleInfo.java:updateAndGet(139)) - 4a7d4f9e-b840-4b9b-8b00-1e8f80dcf0e2: start 4a7d4f9e-b840-4b9b-8b00-1e8f80dcf0e2@group-25F8F003D845-FollowerState
2023-12-28 09:09:54,903 [4a7d4f9e-b840-4b9b-8b00-1e8f80dcf0e2-groupManagement] INFO  util.JmxRegister (JmxRegister.java:tryRegister(44)) - Successfully registered JMX Bean with object name Ratis:service=RaftServer,group=group-25F8F003D845,id=4a7d4f9e-b840-4b9b-8b00-1e8f80dcf0e2
2023-12-28 09:09:54,903 [4a7d4f9e-b840-4b9b-8b00-1e8f80dcf0e2@group-25F8F003D845-FollowerState] INFO  server.RaftServerConfigKeys (ConfUtils.java:logFallback(53)) - raft.server.rpc.first-election.timeout.min = 5s (fallback to raft.server.rpc.timeout.min)
2023-12-28 09:09:54,903 [4a7d4f9e-b840-4b9b-8b00-1e8f80dcf0e2-groupManagement] INFO  server.RaftServerConfigKeys (ConfUtils.java:logGet(46)) - raft.server.snapshot.trigger-when-stop.enabled = true (default)
2023-12-28 09:09:54,903 [4a7d4f9e-b840-4b9b-8b00-1e8f80dcf0e2@group-25F8F003D845-FollowerState] INFO  server.RaftServerConfigKeys (ConfUtils.java:logFallback(53)) - raft.server.rpc.first-election.timeout.max = 5200ms (fallback to raft.server.rpc.timeout.max)
2023-12-28 09:09:54,903 [4a7d4f9e-b840-4b9b-8b00-1e8f80dcf0e2-groupManagement] INFO  server.RaftServerConfigKeys (ConfUtils.java:logGet(46)) - raft.server.snapshot.auto.trigger.enabled = true (custom)
2023-12-28 09:09:54,903 [4a7d4f9e-b840-4b9b-8b00-1e8f80dcf0e2-groupManagement] INFO  server.RaftServerConfigKeys (ConfUtils.java:logGet(46)) - raft.server.snapshot.auto.trigger.threshold = 10000 (custom)
2023-12-28 09:09:54,903 [4a7d4f9e-b840-4b9b-8b00-1e8f80dcf0e2-groupManagement] INFO  server.RaftServerConfigKeys (ConfUtils.java:logGet(46)) - raft.server.snapshot.retention.file.num = 5 (custom)
2023-12-28 09:09:54,903 [4a7d4f9e-b840-4b9b-8b00-1e8f80dcf0e2-groupManagement] INFO  server.RaftServerConfigKeys (ConfUtils.java:logGet(46)) - raft.server.log.purge.upto.snapshot.index = false (default)
2023-12-28 09:09:54,904 [4a7d4f9e-b840-4b9b-8b00-1e8f80dcf0e2-PipelineCommandHandlerThread-0] INFO  ratis.XceiverServerRatis (XceiverServerRatis.java:addGroup(837)) - Created group PipelineID=4425761f-7a5f-4c84-9172-25f8f003d845
2023-12-28 09:09:54,904 [4a7d4f9e-b840-4b9b-8b00-1e8f80dcf0e2-PipelineCommandHandlerThread-0] INFO  commandhandler.CreatePipelineCommandHandler (CreatePipelineCommandHandler.java:lambda$handle$2(124)) - Created Pipeline RATIS ONE PipelineID=4425761f-7a5f-4c84-9172-25f8f003d845.
2023-12-28 09:09:54,904 [4a7d4f9e-b840-4b9b-8b00-1e8f80dcf0e2-PipelineCommandHandlerThread-0] INFO  server.RaftServer (RaftServerProxy.java:addNew(100)) - 4a7d4f9e-b840-4b9b-8b00-1e8f80dcf0e2: addNew group-04EEFC7712D5:[21dfb426-80a6-430d-8df8-fa8e3a5d9897|10.1.0.14:15433, ebae719b-f625-4368-8547-482f3752b4ca|10.1.0.14:15442, 4a7d4f9e-b840-4b9b-8b00-1e8f80dcf0e2|10.1.0.14:15424] returns group-04EEFC7712D5:java.util.concurrent.CompletableFuture@60d588ab[Not completed]
2023-12-28 09:09:54,905 [4a7d4f9e-b840-4b9b-8b00-1e8f80dcf0e2-groupManagement] INFO  server.RaftServer$Division (RaftServerImpl.java:<init>(256)) - 4a7d4f9e-b840-4b9b-8b00-1e8f80dcf0e2: new RaftServerImpl for group-04EEFC7712D5:[21dfb426-80a6-430d-8df8-fa8e3a5d9897|10.1.0.14:15433, ebae719b-f625-4368-8547-482f3752b4ca|10.1.0.14:15442, 4a7d4f9e-b840-4b9b-8b00-1e8f80dcf0e2|10.1.0.14:15424] with ContainerStateMachine:uninitialized
2023-12-28 09:09:54,905 [4a7d4f9e-b840-4b9b-8b00-1e8f80dcf0e2-groupManagement] INFO  server.RaftServerConfigKeys (ConfUtils.java:logGet(46)) - raft.server.rpc.timeout.min = 5s (custom)
2023-12-28 09:09:54,905 [4a7d4f9e-b840-4b9b-8b00-1e8f80dcf0e2-groupManagement] INFO  server.RaftServerConfigKeys (ConfUtils.java:logGet(46)) - raft.server.rpc.timeout.max = 5200ms (custom)
2023-12-28 09:09:54,905 [4a7d4f9e-b840-4b9b-8b00-1e8f80dcf0e2-groupManagement] INFO  server.RaftServerConfigKeys (ConfUtils.java:logGet(46)) - raft.server.rpc.sleep.time = 25ms (default)
2023-12-28 09:09:54,905 [4a7d4f9e-b840-4b9b-8b00-1e8f80dcf0e2-groupManagement] INFO  server.RaftServerConfigKeys (ConfUtils.java:logGet(46)) - raft.server.rpc.slowness.timeout = 300000ms (custom)
2023-12-28 09:09:54,905 [4a7d4f9e-b840-4b9b-8b00-1e8f80dcf0e2-groupManagement] INFO  server.RaftServerConfigKeys (ConfUtils.java:logGet(46)) - raft.server.leaderelection.leader.step-down.wait-time = 10s (default)
2023-12-28 09:09:54,905 [4a7d4f9e-b840-4b9b-8b00-1e8f80dcf0e2-groupManagement] INFO  server.RaftServerConfigKeys (ConfUtils.java:logGet(46)) - raft.server.leaderelection.member.majority-add = false (default)
2023-12-28 09:09:54,905 [4a7d4f9e-b840-4b9b-8b00-1e8f80dcf0e2-groupManagement] INFO  server.RaftServerConfigKeys (ConfUtils.java:logGet(46)) - raft.server.sleep.deviation.threshold = 300ms (default)
2023-12-28 09:09:54,905 [4a7d4f9e-b840-4b9b-8b00-1e8f80dcf0e2-groupManagement] INFO  server.RaftServer$Division (ServerState.java:<init>(113)) - 4a7d4f9e-b840-4b9b-8b00-1e8f80dcf0e2@group-04EEFC7712D5: ConfigurationManager, init=-1: peers:[21dfb426-80a6-430d-8df8-fa8e3a5d9897|10.1.0.14:15433, ebae719b-f625-4368-8547-482f3752b4ca|10.1.0.14:15442, 4a7d4f9e-b840-4b9b-8b00-1e8f80dcf0e2|10.1.0.14:15424]|listeners:[], old=null, confs=<EMPTY_MAP>
2023-12-28 09:09:54,905 [4a7d4f9e-b840-4b9b-8b00-1e8f80dcf0e2-groupManagement] INFO  server.RaftServerConfigKeys (ConfUtils.java:logGet(46)) - raft.server.notification.no-leader.timeout = 300000ms (custom)
2023-12-28 09:09:54,905 [4a7d4f9e-b840-4b9b-8b00-1e8f80dcf0e2-groupManagement] INFO  server.RaftServerConfigKeys (ConfUtils.java:logGet(46)) - raft.server.read.timeout = 10s (default)
2023-12-28 09:09:54,905 [4a7d4f9e-b840-4b9b-8b00-1e8f80dcf0e2-groupManagement] INFO  server.RaftServerConfigKeys (ConfUtils.java:logGet(46)) - raft.server.retrycache.expirytime = 600000ms (custom)
2023-12-28 09:09:54,905 [4a7d4f9e-b840-4b9b-8b00-1e8f80dcf0e2-groupManagement] INFO  server.RaftServerConfigKeys (ConfUtils.java:logGet(46)) - raft.server.retrycache.statistics.expirytime = 100ms (default)
2023-12-28 09:09:54,905 [4a7d4f9e-b840-4b9b-8b00-1e8f80dcf0e2-groupManagement] INFO  server.RaftServerConfigKeys (ConfUtils.java:logGet(46)) - raft.server.read.option = DEFAULT (default)
2023-12-28 09:09:54,905 [4a7d4f9e-b840-4b9b-8b00-1e8f80dcf0e2-groupManagement] INFO  server.RaftServerConfigKeys (ConfUtils.java:logGet(46)) - raft.server.read.read-after-write-consistent.write-index-cache.expiry-time = 60s (default)
2023-12-28 09:09:54,907 [4a7d4f9e-b840-4b9b-8b00-1e8f80dcf0e2-groupManagement] INFO  server.RaftServerConfigKeys (ConfUtils.java:logGet(46)) - raft.server.rpc.request.timeout = 3000ms (default)
2023-12-28 09:09:54,907 [4a7d4f9e-b840-4b9b-8b00-1e8f80dcf0e2-groupManagement] INFO  server.RaftServerConfigKeys (ConfUtils.java:logGet(46)) - raft.server.log.appender.install.snapshot.enabled = false (custom)
2023-12-28 09:09:54,907 [4a7d4f9e-b840-4b9b-8b00-1e8f80dcf0e2-groupManagement] INFO  server.RaftServerConfigKeys (ConfUtils.java:logGet(46)) - raft.server.threadpool.server.cached = true (default)
2023-12-28 09:09:54,907 [4a7d4f9e-b840-4b9b-8b00-1e8f80dcf0e2-groupManagement] INFO  server.RaftServerConfigKeys (ConfUtils.java:logGet(46)) - raft.server.threadpool.server.size = 0 (default)
2023-12-28 09:09:54,907 [4a7d4f9e-b840-4b9b-8b00-1e8f80dcf0e2-groupManagement] INFO  server.RaftServerConfigKeys (ConfUtils.java:logGet(46)) - raft.server.threadpool.client.cached = true (default)
2023-12-28 09:09:54,907 [4a7d4f9e-b840-4b9b-8b00-1e8f80dcf0e2-groupManagement] INFO  server.RaftServerConfigKeys (ConfUtils.java:logGet(46)) - raft.server.threadpool.client.size = 0 (default)
2023-12-28 09:09:54,907 [4a7d4f9e-b840-4b9b-8b00-1e8f80dcf0e2-groupManagement] INFO  server.RaftServerConfigKeys (ConfUtils.java:logGet(46)) - raft.server.storage.free-space.min = 0MB (=0) (default)
2023-12-28 09:09:54,907 [4a7d4f9e-b840-4b9b-8b00-1e8f80dcf0e2-groupManagement] INFO  server.RaftServerConfigKeys (ConfUtils.java:logGet(46)) - raft.server.log.corruption.policy = EXCEPTION (default)
2023-12-28 09:09:54,907 [4a7d4f9e-b840-4b9b-8b00-1e8f80dcf0e2-groupManagement] INFO  server.RaftServerConfigKeys (ConfUtils.java:logGet(46)) - raft.server.storage.dir = [/home/runner/work/ozone/ozone/hadoop-ozone/integration-test/target/test-dir/MiniOzoneClusterImpl-7619c237-1de6-4815-bbe2-f0b52dfbd5bc/datanode-6/data/ratis] (custom)
2023-12-28 09:09:54,907 [4a7d4f9e-b840-4b9b-8b00-1e8f80dcf0e2-groupManagement] INFO  storage.RaftStorageDirectory (RaftStorageDirectoryImpl.java:analyzeStorage(138)) - The storage directory /home/runner/work/ozone/ozone/hadoop-ozone/integration-test/target/test-dir/MiniOzoneClusterImpl-7619c237-1de6-4815-bbe2-f0b52dfbd5bc/datanode-6/data/ratis/adc176ae-bfd8-40be-beb4-04eefc7712d5 does not exist. Creating ...
2023-12-28 09:09:54,909 [4a7d4f9e-b840-4b9b-8b00-1e8f80dcf0e2-groupManagement] INFO  storage.RaftStorageDirectory (RaftStorageDirectoryImpl.java:tryLock(232)) - Lock on /home/runner/work/ozone/ozone/hadoop-ozone/integration-test/target/test-dir/MiniOzoneClusterImpl-7619c237-1de6-4815-bbe2-f0b52dfbd5bc/datanode-6/data/ratis/adc176ae-bfd8-40be-beb4-04eefc7712d5/in_use.lock acquired by nodename 85610@fv-az1384-14
2023-12-28 09:09:54,910 [4a7d4f9e-b840-4b9b-8b00-1e8f80dcf0e2-groupManagement] INFO  storage.RaftStorage (RaftStorageImpl.java:format(97)) - Storage directory /home/runner/work/ozone/ozone/hadoop-ozone/integration-test/target/test-dir/MiniOzoneClusterImpl-7619c237-1de6-4815-bbe2-f0b52dfbd5bc/datanode-6/data/ratis/adc176ae-bfd8-40be-beb4-04eefc7712d5 has been successfully formatted.
2023-12-28 09:09:54,910 [4a7d4f9e-b840-4b9b-8b00-1e8f80dcf0e2-groupManagement] INFO  ratis.ContainerStateMachine (ContainerStateMachine.java:loadSnapshot(287)) - group-04EEFC7712D5: The snapshot info is null. Setting the last applied indexto:(t:0, i:~)
2023-12-28 09:09:54,910 [4a7d4f9e-b840-4b9b-8b00-1e8f80dcf0e2-groupManagement] INFO  server.RaftServerConfigKeys (ConfUtils.java:logGet(46)) - raft.server.log.use.memory = false (default)
2023-12-28 09:09:54,910 [4a7d4f9e-b840-4b9b-8b00-1e8f80dcf0e2-groupManagement] INFO  server.RaftServerConfigKeys (ConfUtils.java:logGet(46)) - raft.server.log.purge.gap = 1000000 (custom)
2023-12-28 09:09:54,910 [4a7d4f9e-b840-4b9b-8b00-1e8f80dcf0e2-groupManagement] INFO  server.RaftServerConfigKeys (ConfUtils.java:logGet(46)) - raft.server.log.appender.buffer.byte-limit = 8388608 (custom)
2023-12-28 09:09:54,910 [4a7d4f9e-b840-4b9b-8b00-1e8f80dcf0e2-groupManagement] INFO  server.RaftServerConfigKeys (ConfUtils.java:logGet(46)) - raft.server.log.statemachine.data.read.timeout = 1000ms (default)
2023-12-28 09:09:54,910 [4a7d4f9e-b840-4b9b-8b00-1e8f80dcf0e2-groupManagement] INFO  server.RaftServerConfigKeys (ConfUtils.java:logGet(46)) - raft.server.log.purge.preservation.log.num = 0 (default)
2023-12-28 09:09:54,910 [EventQueue-OpenPipelineForHealthyPipelineSafeModeRule] INFO  safemode.SCMSafeModeManager (HealthyPipelineSafeModeRule.java:process(140)) - SCM in safe mode. Healthy pipelines reported count is 0, required healthy pipeline reported count is 1
2023-12-28 09:09:54,911 [4a7d4f9e-b840-4b9b-8b00-1e8f80dcf0e2-groupManagement] INFO  server.RaftServerConfigKeys (ConfUtils.java:logGet(46)) - raft.server.log.segment.size.max = 67108864 (custom)
2023-12-28 09:09:54,911 [4a7d4f9e-b840-4b9b-8b00-1e8f80dcf0e2-groupManagement] INFO  server.RaftServerConfigKeys (ConfUtils.java:logGet(46)) - raft.server.log.segment.cache.num.max = 2 (custom)
2023-12-28 09:09:54,912 [4a7d4f9e-b840-4b9b-8b00-1e8f80dcf0e2-groupManagement] INFO  server.RaftServerConfigKeys (ConfUtils.java:logGet(46)) - raft.server.log.segment.cache.size.max = 200MB (=209715200) (default)
2023-12-28 09:09:54,912 [4a7d4f9e-b840-4b9b-8b00-1e8f80dcf0e2-groupManagement] INFO  server.RaftServerConfigKeys (ConfUtils.java:logGet(46)) - raft.server.log.appender.buffer.byte-limit = 8388608 (custom)
2023-12-28 09:09:54,912 [4a7d4f9e-b840-4b9b-8b00-1e8f80dcf0e2-groupManagement] INFO  util.AwaitToRun (AwaitToRun.java:start(81)) - Thread[4a7d4f9e-b840-4b9b-8b00-1e8f80dcf0e2@group-04EEFC7712D5-cacheEviction-AwaitToRun,5,main] started
2023-12-28 09:09:54,912 [4a7d4f9e-b840-4b9b-8b00-1e8f80dcf0e2-groupManagement] INFO  segmented.SegmentedRaftLogWorker (SegmentedRaftLogWorker.java:<init>(184)) - new 4a7d4f9e-b840-4b9b-8b00-1e8f80dcf0e2@group-04EEFC7712D5-SegmentedRaftLogWorker for RaftStorageImpl:Storage Directory /home/runner/work/ozone/ozone/hadoop-ozone/integration-test/target/test-dir/MiniOzoneClusterImpl-7619c237-1de6-4815-bbe2-f0b52dfbd5bc/datanode-6/data/ratis/adc176ae-bfd8-40be-beb4-04eefc7712d5
2023-12-28 09:09:54,912 [4a7d4f9e-b840-4b9b-8b00-1e8f80dcf0e2-groupManagement] INFO  server.RaftServerConfigKeys (ConfUtils.java:logGet(46)) - raft.server.log.queue.byte-limit = 4294967296 (custom)
2023-12-28 09:09:54,912 [4a7d4f9e-b840-4b9b-8b00-1e8f80dcf0e2-groupManagement] INFO  server.RaftServerConfigKeys (ConfUtils.java:logGet(46)) - raft.server.log.queue.element-limit = 1024 (custom)
2023-12-28 09:09:54,912 [4a7d4f9e-b840-4b9b-8b00-1e8f80dcf0e2-groupManagement] INFO  server.RaftServerConfigKeys (ConfUtils.java:logGet(46)) - raft.server.log.segment.size.max = 67108864 (custom)
2023-12-28 09:09:54,912 [4a7d4f9e-b840-4b9b-8b00-1e8f80dcf0e2-groupManagement] INFO  server.RaftServerConfigKeys (ConfUtils.java:logGet(46)) - raft.server.log.preallocated.size = 4194304 (custom)
2023-12-28 09:09:54,912 [4a7d4f9e-b840-4b9b-8b00-1e8f80dcf0e2-groupManagement] INFO  server.RaftServerConfigKeys (ConfUtils.java:logGet(46)) - raft.server.log.force.sync.num = 128 (default)
2023-12-28 09:09:54,912 [4a7d4f9e-b840-4b9b-8b00-1e8f80dcf0e2-groupManagement] INFO  server.RaftServerConfigKeys (ConfUtils.java:logGet(46)) - raft.server.log.statemachine.data.sync = true (default)
2023-12-28 09:09:54,912 [4a7d4f9e-b840-4b9b-8b00-1e8f80dcf0e2-groupManagement] INFO  server.RaftServerConfigKeys (ConfUtils.java:logGet(46)) - raft.server.log.statemachine.data.sync.timeout = 10s (default)
2023-12-28 09:09:54,912 [4a7d4f9e-b840-4b9b-8b00-1e8f80dcf0e2-groupManagement] INFO  server.RaftServerConfigKeys (ConfUtils.java:logGet(46)) - raft.server.log.statemachine.data.sync.timeout.retry = 0 (custom)
2023-12-28 09:09:54,913 [4a7d4f9e-b840-4b9b-8b00-1e8f80dcf0e2-groupManagement] INFO  server.RaftServerConfigKeys (ConfUtils.java:logGet(46)) - raft.server.log.write.buffer.size = 8388616 (custom)
2023-12-28 09:09:54,914 [4a7d4f9e-b840-4b9b-8b00-1e8f80dcf0e2-groupManagement] INFO  server.RaftServerConfigKeys (ConfUtils.java:logGet(46)) - raft.server.log.appender.buffer.byte-limit = 8388608 (custom)
2023-12-28 09:09:54,915 [4a7d4f9e-b840-4b9b-8b00-1e8f80dcf0e2-groupManagement] INFO  server.RaftServerConfigKeys (ConfUtils.java:logGet(46)) - raft.server.log.unsafe-flush.enabled = false (default)
2023-12-28 09:09:54,915 [4a7d4f9e-b840-4b9b-8b00-1e8f80dcf0e2-groupManagement] INFO  server.RaftServerConfigKeys (ConfUtils.java:logGet(46)) - raft.server.log.async-flush.enabled = false (default)
2023-12-28 09:09:54,915 [4a7d4f9e-b840-4b9b-8b00-1e8f80dcf0e2-groupManagement] INFO  server.RaftServerConfigKeys (ConfUtils.java:logGet(46)) - raft.server.log.statemachine.data.caching.enabled = true (custom)
2023-12-28 09:09:54,915 [4a7d4f9e-b840-4b9b-8b00-1e8f80dcf0e2-groupManagement] INFO  segmented.SegmentedRaftLogWorker (SegmentedRaftLogWorker.java:lambda$new$0(135)) - 4a7d4f9e-b840-4b9b-8b00-1e8f80dcf0e2@group-04EEFC7712D5-SegmentedRaftLogWorker: flushIndex: setUnconditionally 0 -> -1
2023-12-28 09:09:54,915 [4a7d4f9e-b840-4b9b-8b00-1e8f80dcf0e2-groupManagement] INFO  segmented.SegmentedRaftLogWorker (SegmentedRaftLogWorker.java:lambda$new$0(135)) - 4a7d4f9e-b840-4b9b-8b00-1e8f80dcf0e2@group-04EEFC7712D5-SegmentedRaftLogWorker: safeCacheEvictIndex: setUnconditionally 0 -> -1
2023-12-28 09:09:54,915 [4a7d4f9e-b840-4b9b-8b00-1e8f80dcf0e2-groupManagement] INFO  server.RaftServer$Division (RaftServerImpl.java:start(392)) - 4a7d4f9e-b840-4b9b-8b00-1e8f80dcf0e2@group-04EEFC7712D5: start as a follower, conf=-1: peers:[21dfb426-80a6-430d-8df8-fa8e3a5d9897|10.1.0.14:15433, ebae719b-f625-4368-8547-482f3752b4ca|10.1.0.14:15442, 4a7d4f9e-b840-4b9b-8b00-1e8f80dcf0e2|10.1.0.14:15424]|listeners:[], old=null
2023-12-28 09:09:54,915 [4a7d4f9e-b840-4b9b-8b00-1e8f80dcf0e2-groupManagement] INFO  server.RaftServer$Division (RaftServerImpl.java:setRole(379)) - 4a7d4f9e-b840-4b9b-8b00-1e8f80dcf0e2@group-04EEFC7712D5: changes role from      null to FOLLOWER at term 0 for startAsFollower
2023-12-28 09:09:54,915 [4a7d4f9e-b840-4b9b-8b00-1e8f80dcf0e2-groupManagement] INFO  impl.RoleInfo (RoleInfo.java:updateAndGet(139)) - 4a7d4f9e-b840-4b9b-8b00-1e8f80dcf0e2: start 4a7d4f9e-b840-4b9b-8b00-1e8f80dcf0e2@group-04EEFC7712D5-FollowerState
2023-12-28 09:09:54,915 [4a7d4f9e-b840-4b9b-8b00-1e8f80dcf0e2@group-04EEFC7712D5-FollowerState] INFO  server.RaftServerConfigKeys (ConfUtils.java:logFallback(53)) - raft.server.rpc.first-election.timeout.min = 5s (fallback to raft.server.rpc.timeout.min)
2023-12-28 09:09:54,915 [4a7d4f9e-b840-4b9b-8b00-1e8f80dcf0e2-groupManagement] INFO  util.JmxRegister (JmxRegister.java:tryRegister(44)) - Successfully registered JMX Bean with object name Ratis:service=RaftServer,group=group-04EEFC7712D5,id=4a7d4f9e-b840-4b9b-8b00-1e8f80dcf0e2
2023-12-28 09:09:54,916 [4a7d4f9e-b840-4b9b-8b00-1e8f80dcf0e2-groupManagement] INFO  server.RaftServerConfigKeys (ConfUtils.java:logGet(46)) - raft.server.snapshot.trigger-when-stop.enabled = true (default)
2023-12-28 09:09:54,916 [4a7d4f9e-b840-4b9b-8b00-1e8f80dcf0e2@group-04EEFC7712D5-FollowerState] INFO  server.RaftServerConfigKeys (ConfUtils.java:logFallback(53)) - raft.server.rpc.first-election.timeout.max = 5200ms (fallback to raft.server.rpc.timeout.max)
2023-12-28 09:09:54,916 [4a7d4f9e-b840-4b9b-8b00-1e8f80dcf0e2-groupManagement] INFO  server.RaftServerConfigKeys (ConfUtils.java:logGet(46)) - raft.server.snapshot.auto.trigger.enabled = true (custom)
2023-12-28 09:09:54,916 [4a7d4f9e-b840-4b9b-8b00-1e8f80dcf0e2-groupManagement] INFO  server.RaftServerConfigKeys (ConfUtils.java:logGet(46)) - raft.server.snapshot.auto.trigger.threshold = 10000 (custom)
2023-12-28 09:09:54,916 [4a7d4f9e-b840-4b9b-8b00-1e8f80dcf0e2-groupManagement] INFO  server.RaftServerConfigKeys (ConfUtils.java:logGet(46)) - raft.server.snapshot.retention.file.num = 5 (custom)
2023-12-28 09:09:54,916 [4a7d4f9e-b840-4b9b-8b00-1e8f80dcf0e2-groupManagement] INFO  server.RaftServerConfigKeys (ConfUtils.java:logGet(46)) - raft.server.log.purge.upto.snapshot.index = false (default)
2023-12-28 09:09:54,917 [4a7d4f9e-b840-4b9b-8b00-1e8f80dcf0e2-PipelineCommandHandlerThread-0] INFO  ratis.XceiverServerRatis (XceiverServerRatis.java:addGroup(837)) - Created group PipelineID=adc176ae-bfd8-40be-beb4-04eefc7712d5
2023-12-28 09:09:54,922 [grpc-default-executor-2] INFO  server.RaftServer (RaftServerProxy.java:addNew(100)) - 21dfb426-80a6-430d-8df8-fa8e3a5d9897: addNew group-04EEFC7712D5:[21dfb426-80a6-430d-8df8-fa8e3a5d9897|10.1.0.14:15433, ebae719b-f625-4368-8547-482f3752b4ca|10.1.0.14:15442, 4a7d4f9e-b840-4b9b-8b00-1e8f80dcf0e2|10.1.0.14:15424] returns group-04EEFC7712D5:java.util.concurrent.CompletableFuture@a394141[Not completed]
2023-12-28 09:09:54,922 [21dfb426-80a6-430d-8df8-fa8e3a5d9897-groupManagement] INFO  server.RaftServer$Division (RaftServerImpl.java:<init>(256)) - 21dfb426-80a6-430d-8df8-fa8e3a5d9897: new RaftServerImpl for group-04EEFC7712D5:[21dfb426-80a6-430d-8df8-fa8e3a5d9897|10.1.0.14:15433, ebae719b-f625-4368-8547-482f3752b4ca|10.1.0.14:15442, 4a7d4f9e-b840-4b9b-8b00-1e8f80dcf0e2|10.1.0.14:15424] with ContainerStateMachine:uninitialized
2023-12-28 09:09:54,923 [21dfb426-80a6-430d-8df8-fa8e3a5d9897-groupManagement] INFO  server.RaftServerConfigKeys (ConfUtils.java:logGet(46)) - raft.server.rpc.timeout.min = 5s (custom)
2023-12-28 09:09:54,923 [21dfb426-80a6-430d-8df8-fa8e3a5d9897-groupManagement] INFO  server.RaftServerConfigKeys (ConfUtils.java:logGet(46)) - raft.server.rpc.timeout.max = 5200ms (custom)
2023-12-28 09:09:54,923 [21dfb426-80a6-430d-8df8-fa8e3a5d9897-groupManagement] INFO  server.RaftServerConfigKeys (ConfUtils.java:logGet(46)) - raft.server.rpc.sleep.time = 25ms (default)
2023-12-28 09:09:54,923 [21dfb426-80a6-430d-8df8-fa8e3a5d9897-groupManagement] INFO  server.RaftServerConfigKeys (ConfUtils.java:logGet(46)) - raft.server.rpc.slowness.timeout = 300000ms (custom)
2023-12-28 09:09:54,923 [21dfb426-80a6-430d-8df8-fa8e3a5d9897-groupManagement] INFO  server.RaftServerConfigKeys (ConfUtils.java:logGet(46)) - raft.server.leaderelection.leader.step-down.wait-time = 10s (default)
2023-12-28 09:09:54,923 [21dfb426-80a6-430d-8df8-fa8e3a5d9897-groupManagement] INFO  server.RaftServerConfigKeys (ConfUtils.java:logGet(46)) - raft.server.leaderelection.member.majority-add = false (default)
2023-12-28 09:09:54,923 [21dfb426-80a6-430d-8df8-fa8e3a5d9897-groupManagement] INFO  server.RaftServerConfigKeys (ConfUtils.java:logGet(46)) - raft.server.sleep.deviation.threshold = 300ms (default)
2023-12-28 09:09:54,923 [21dfb426-80a6-430d-8df8-fa8e3a5d9897-groupManagement] INFO  server.RaftServer$Division (ServerState.java:<init>(113)) - 21dfb426-80a6-430d-8df8-fa8e3a5d9897@group-04EEFC7712D5: ConfigurationManager, init=-1: peers:[21dfb426-80a6-430d-8df8-fa8e3a5d9897|10.1.0.14:15433, ebae719b-f625-4368-8547-482f3752b4ca|10.1.0.14:15442, 4a7d4f9e-b840-4b9b-8b00-1e8f80dcf0e2|10.1.0.14:15424]|listeners:[], old=null, confs=<EMPTY_MAP>
2023-12-28 09:09:54,923 [21dfb426-80a6-430d-8df8-fa8e3a5d9897-groupManagement] INFO  server.RaftServerConfigKeys (ConfUtils.java:logGet(46)) - raft.server.notification.no-leader.timeout = 300000ms (custom)
2023-12-28 09:09:54,923 [21dfb426-80a6-430d-8df8-fa8e3a5d9897-groupManagement] INFO  server.RaftServerConfigKeys (ConfUtils.java:logGet(46)) - raft.server.read.timeout = 10s (default)
2023-12-28 09:09:54,923 [21dfb426-80a6-430d-8df8-fa8e3a5d9897-groupManagement] INFO  server.RaftServerConfigKeys (ConfUtils.java:logGet(46)) - raft.server.retrycache.expirytime = 600000ms (custom)
2023-12-28 09:09:54,923 [21dfb426-80a6-430d-8df8-fa8e3a5d9897-groupManagement] INFO  server.RaftServerConfigKeys (ConfUtils.java:logGet(46)) - raft.server.retrycache.statistics.expirytime = 100ms (default)
2023-12-28 09:09:54,923 [21dfb426-80a6-430d-8df8-fa8e3a5d9897-groupManagement] INFO  server.RaftServerConfigKeys (ConfUtils.java:logGet(46)) - raft.server.read.option = DEFAULT (default)
2023-12-28 09:09:54,923 [21dfb426-80a6-430d-8df8-fa8e3a5d9897-groupManagement] INFO  server.RaftServerConfigKeys (ConfUtils.java:logGet(46)) - raft.server.read.read-after-write-consistent.write-index-cache.expiry-time = 60s (default)
2023-12-28 09:09:54,924 [21dfb426-80a6-430d-8df8-fa8e3a5d9897-groupManagement] INFO  server.RaftServerConfigKeys (ConfUtils.java:logGet(46)) - raft.server.rpc.request.timeout = 3000ms (default)
2023-12-28 09:09:54,924 [21dfb426-80a6-430d-8df8-fa8e3a5d9897-groupManagement] INFO  server.RaftServerConfigKeys (ConfUtils.java:logGet(46)) - raft.server.log.appender.install.snapshot.enabled = false (custom)
2023-12-28 09:09:54,924 [21dfb426-80a6-430d-8df8-fa8e3a5d9897-groupManagement] INFO  server.RaftServerConfigKeys (ConfUtils.java:logGet(46)) - raft.server.threadpool.server.cached = true (default)
2023-12-28 09:09:54,924 [21dfb426-80a6-430d-8df8-fa8e3a5d9897-groupManagement] INFO  server.RaftServerConfigKeys (ConfUtils.java:logGet(46)) - raft.server.threadpool.server.size = 0 (default)
2023-12-28 09:09:54,924 [21dfb426-80a6-430d-8df8-fa8e3a5d9897-groupManagement] INFO  server.RaftServerConfigKeys (ConfUtils.java:logGet(46)) - raft.server.threadpool.client.cached = true (default)
2023-12-28 09:09:54,924 [21dfb426-80a6-430d-8df8-fa8e3a5d9897-groupManagement] INFO  server.RaftServerConfigKeys (ConfUtils.java:logGet(46)) - raft.server.threadpool.client.size = 0 (default)
2023-12-28 09:09:54,924 [21dfb426-80a6-430d-8df8-fa8e3a5d9897-groupManagement] INFO  server.RaftServerConfigKeys (ConfUtils.java:logGet(46)) - raft.server.storage.free-space.min = 0MB (=0) (default)
2023-12-28 09:09:54,925 [21dfb426-80a6-430d-8df8-fa8e3a5d9897-groupManagement] INFO  server.RaftServerConfigKeys (ConfUtils.java:logGet(46)) - raft.server.log.corruption.policy = EXCEPTION (default)
2023-12-28 09:09:54,925 [21dfb426-80a6-430d-8df8-fa8e3a5d9897-groupManagement] INFO  server.RaftServerConfigKeys (ConfUtils.java:logGet(46)) - raft.server.storage.dir = [/home/runner/work/ozone/ozone/hadoop-ozone/integration-test/target/test-dir/MiniOzoneClusterImpl-7619c237-1de6-4815-bbe2-f0b52dfbd5bc/datanode-7/data/ratis] (custom)
2023-12-28 09:09:54,925 [21dfb426-80a6-430d-8df8-fa8e3a5d9897-groupManagement] INFO  storage.RaftStorageDirectory (RaftStorageDirectoryImpl.java:analyzeStorage(138)) - The storage directory /home/runner/work/ozone/ozone/hadoop-ozone/integration-test/target/test-dir/MiniOzoneClusterImpl-7619c237-1de6-4815-bbe2-f0b52dfbd5bc/datanode-7/data/ratis/adc176ae-bfd8-40be-beb4-04eefc7712d5 does not exist. Creating ...
2023-12-28 09:09:54,926 [21dfb426-80a6-430d-8df8-fa8e3a5d9897-groupManagement] INFO  storage.RaftStorageDirectory (RaftStorageDirectoryImpl.java:tryLock(232)) - Lock on /home/runner/work/ozone/ozone/hadoop-ozone/integration-test/target/test-dir/MiniOzoneClusterImpl-7619c237-1de6-4815-bbe2-f0b52dfbd5bc/datanode-7/data/ratis/adc176ae-bfd8-40be-beb4-04eefc7712d5/in_use.lock acquired by nodename 85610@fv-az1384-14
2023-12-28 09:09:54,927 [21dfb426-80a6-430d-8df8-fa8e3a5d9897-groupManagement] INFO  storage.RaftStorage (RaftStorageImpl.java:format(97)) - Storage directory /home/runner/work/ozone/ozone/hadoop-ozone/integration-test/target/test-dir/MiniOzoneClusterImpl-7619c237-1de6-4815-bbe2-f0b52dfbd5bc/datanode-7/data/ratis/adc176ae-bfd8-40be-beb4-04eefc7712d5 has been successfully formatted.
2023-12-28 09:09:54,928 [21dfb426-80a6-430d-8df8-fa8e3a5d9897-groupManagement] INFO  ratis.ContainerStateMachine (ContainerStateMachine.java:loadSnapshot(287)) - group-04EEFC7712D5: The snapshot info is null. Setting the last applied indexto:(t:0, i:~)
2023-12-28 09:09:54,928 [21dfb426-80a6-430d-8df8-fa8e3a5d9897-groupManagement] INFO  server.RaftServerConfigKeys (ConfUtils.java:logGet(46)) - raft.server.log.use.memory = false (default)
2023-12-28 09:09:54,928 [21dfb426-80a6-430d-8df8-fa8e3a5d9897-groupManagement] INFO  server.RaftServerConfigKeys (ConfUtils.java:logGet(46)) - raft.server.log.purge.gap = 1000000 (custom)
2023-12-28 09:09:54,928 [21dfb426-80a6-430d-8df8-fa8e3a5d9897-groupManagement] INFO  server.RaftServerConfigKeys (ConfUtils.java:logGet(46)) - raft.server.log.appender.buffer.byte-limit = 8388608 (custom)
2023-12-28 09:09:54,928 [21dfb426-80a6-430d-8df8-fa8e3a5d9897-groupManagement] INFO  server.RaftServerConfigKeys (ConfUtils.java:logGet(46)) - raft.server.log.statemachine.data.read.timeout = 1000ms (default)
2023-12-28 09:09:54,928 [21dfb426-80a6-430d-8df8-fa8e3a5d9897-groupManagement] INFO  server.RaftServerConfigKeys (ConfUtils.java:logGet(46)) - raft.server.log.purge.preservation.log.num = 0 (default)
2023-12-28 09:09:54,929 [21dfb426-80a6-430d-8df8-fa8e3a5d9897-groupManagement] INFO  server.RaftServerConfigKeys (ConfUtils.java:logGet(46)) - raft.server.log.segment.size.max = 67108864 (custom)
2023-12-28 09:09:54,929 [21dfb426-80a6-430d-8df8-fa8e3a5d9897-groupManagement] INFO  server.RaftServerConfigKeys (ConfUtils.java:logGet(46)) - raft.server.log.segment.cache.num.max = 2 (custom)
2023-12-28 09:09:54,929 [21dfb426-80a6-430d-8df8-fa8e3a5d9897-groupManagement] INFO  server.RaftServerConfigKeys (ConfUtils.java:logGet(46)) - raft.server.log.segment.cache.size.max = 200MB (=209715200) (default)
2023-12-28 09:09:54,929 [21dfb426-80a6-430d-8df8-fa8e3a5d9897-groupManagement] INFO  server.RaftServerConfigKeys (ConfUtils.java:logGet(46)) - raft.server.log.appender.buffer.byte-limit = 8388608 (custom)
2023-12-28 09:09:54,930 [21dfb426-80a6-430d-8df8-fa8e3a5d9897-groupManagement] INFO  util.AwaitToRun (AwaitToRun.java:start(81)) - Thread[21dfb426-80a6-430d-8df8-fa8e3a5d9897@group-04EEFC7712D5-cacheEviction-AwaitToRun,5,main] started
2023-12-28 09:09:54,930 [21dfb426-80a6-430d-8df8-fa8e3a5d9897-groupManagement] INFO  segmented.SegmentedRaftLogWorker (SegmentedRaftLogWorker.java:<init>(184)) - new 21dfb426-80a6-430d-8df8-fa8e3a5d9897@group-04EEFC7712D5-SegmentedRaftLogWorker for RaftStorageImpl:Storage Directory /home/runner/work/ozone/ozone/hadoop-ozone/integration-test/target/test-dir/MiniOzoneClusterImpl-7619c237-1de6-4815-bbe2-f0b52dfbd5bc/datanode-7/data/ratis/adc176ae-bfd8-40be-beb4-04eefc7712d5
2023-12-28 09:09:54,930 [21dfb426-80a6-430d-8df8-fa8e3a5d9897-groupManagement] INFO  server.RaftServerConfigKeys (ConfUtils.java:logGet(46)) - raft.server.log.queue.byte-limit = 4294967296 (custom)
2023-12-28 09:09:54,930 [21dfb426-80a6-430d-8df8-fa8e3a5d9897-groupManagement] INFO  server.RaftServerConfigKeys (ConfUtils.java:logGet(46)) - raft.server.log.queue.element-limit = 1024 (custom)
2023-12-28 09:09:54,930 [21dfb426-80a6-430d-8df8-fa8e3a5d9897-groupManagement] INFO  server.RaftServerConfigKeys (ConfUtils.java:logGet(46)) - raft.server.log.segment.size.max = 67108864 (custom)
2023-12-28 09:09:54,930 [21dfb426-80a6-430d-8df8-fa8e3a5d9897-groupManagement] INFO  server.RaftServerConfigKeys (ConfUtils.java:logGet(46)) - raft.server.log.preallocated.size = 4194304 (custom)
2023-12-28 09:09:54,930 [21dfb426-80a6-430d-8df8-fa8e3a5d9897-groupManagement] INFO  server.RaftServerConfigKeys (ConfUtils.java:logGet(46)) - raft.server.log.force.sync.num = 128 (default)
2023-12-28 09:09:54,930 [21dfb426-80a6-430d-8df8-fa8e3a5d9897-groupManagement] INFO  server.RaftServerConfigKeys (ConfUtils.java:logGet(46)) - raft.server.log.statemachine.data.sync = true (default)
2023-12-28 09:09:54,930 [21dfb426-80a6-430d-8df8-fa8e3a5d9897-groupManagement] INFO  server.RaftServerConfigKeys (ConfUtils.java:logGet(46)) - raft.server.log.statemachine.data.sync.timeout = 10s (default)
2023-12-28 09:09:54,930 [21dfb426-80a6-430d-8df8-fa8e3a5d9897-groupManagement] INFO  server.RaftServerConfigKeys (ConfUtils.java:logGet(46)) - raft.server.log.statemachine.data.sync.timeout.retry = 0 (custom)
2023-12-28 09:09:54,930 [21dfb426-80a6-430d-8df8-fa8e3a5d9897-groupManagement] INFO  server.RaftServerConfigKeys (ConfUtils.java:logGet(46)) - raft.server.log.write.buffer.size = 8388616 (custom)
2023-12-28 09:09:54,931 [21dfb426-80a6-430d-8df8-fa8e3a5d9897-groupManagement] INFO  server.RaftServerConfigKeys (ConfUtils.java:logGet(46)) - raft.server.log.appender.buffer.byte-limit = 8388608 (custom)
2023-12-28 09:09:54,932 [21dfb426-80a6-430d-8df8-fa8e3a5d9897-groupManagement] INFO  server.RaftServerConfigKeys (ConfUtils.java:logGet(46)) - raft.server.log.unsafe-flush.enabled = false (default)
2023-12-28 09:09:54,932 [21dfb426-80a6-430d-8df8-fa8e3a5d9897-groupManagement] INFO  server.RaftServerConfigKeys (ConfUtils.java:logGet(46)) - raft.server.log.async-flush.enabled = false (default)
2023-12-28 09:09:54,932 [21dfb426-80a6-430d-8df8-fa8e3a5d9897-groupManagement] INFO  server.RaftServerConfigKeys (ConfUtils.java:logGet(46)) - raft.server.log.statemachine.data.caching.enabled = true (custom)
2023-12-28 09:09:54,932 [21dfb426-80a6-430d-8df8-fa8e3a5d9897-groupManagement] INFO  segmented.SegmentedRaftLogWorker (SegmentedRaftLogWorker.java:lambda$new$0(135)) - 21dfb426-80a6-430d-8df8-fa8e3a5d9897@group-04EEFC7712D5-SegmentedRaftLogWorker: flushIndex: setUnconditionally 0 -> -1
2023-12-28 09:09:54,932 [21dfb426-80a6-430d-8df8-fa8e3a5d9897-groupManagement] INFO  segmented.SegmentedRaftLogWorker (SegmentedRaftLogWorker.java:lambda$new$0(135)) - 21dfb426-80a6-430d-8df8-fa8e3a5d9897@group-04EEFC7712D5-SegmentedRaftLogWorker: safeCacheEvictIndex: setUnconditionally 0 -> -1
2023-12-28 09:09:54,932 [21dfb426-80a6-430d-8df8-fa8e3a5d9897-groupManagement] INFO  server.RaftServer$Division (RaftServerImpl.java:start(392)) - 21dfb426-80a6-430d-8df8-fa8e3a5d9897@group-04EEFC7712D5: start as a follower, conf=-1: peers:[21dfb426-80a6-430d-8df8-fa8e3a5d9897|10.1.0.14:15433, ebae719b-f625-4368-8547-482f3752b4ca|10.1.0.14:15442, 4a7d4f9e-b840-4b9b-8b00-1e8f80dcf0e2|10.1.0.14:15424]|listeners:[], old=null
2023-12-28 09:09:54,932 [21dfb426-80a6-430d-8df8-fa8e3a5d9897-groupManagement] INFO  server.RaftServer$Division (RaftServerImpl.java:setRole(379)) - 21dfb426-80a6-430d-8df8-fa8e3a5d9897@group-04EEFC7712D5: changes role from      null to FOLLOWER at term 0 for startAsFollower
2023-12-28 09:09:54,932 [21dfb426-80a6-430d-8df8-fa8e3a5d9897-groupManagement] INFO  impl.RoleInfo (RoleInfo.java:updateAndGet(139)) - 21dfb426-80a6-430d-8df8-fa8e3a5d9897: start 21dfb426-80a6-430d-8df8-fa8e3a5d9897@group-04EEFC7712D5-FollowerState
2023-12-28 09:09:54,932 [21dfb426-80a6-430d-8df8-fa8e3a5d9897-groupManagement] INFO  util.JmxRegister (JmxRegister.java:tryRegister(44)) - Successfully registered JMX Bean with object name Ratis:service=RaftServer,group=group-04EEFC7712D5,id=21dfb426-80a6-430d-8df8-fa8e3a5d9897
2023-12-28 09:09:54,932 [21dfb426-80a6-430d-8df8-fa8e3a5d9897@group-04EEFC7712D5-FollowerState] INFO  server.RaftServerConfigKeys (ConfUtils.java:logFallback(53)) - raft.server.rpc.first-election.timeout.min = 5s (fallback to raft.server.rpc.timeout.min)
2023-12-28 09:09:54,933 [21dfb426-80a6-430d-8df8-fa8e3a5d9897@group-04EEFC7712D5-FollowerState] INFO  server.RaftServerConfigKeys (ConfUtils.java:logFallback(53)) - raft.server.rpc.first-election.timeout.max = 5200ms (fallback to raft.server.rpc.timeout.max)
2023-12-28 09:09:54,933 [21dfb426-80a6-430d-8df8-fa8e3a5d9897-groupManagement] INFO  server.RaftServerConfigKeys (ConfUtils.java:logGet(46)) - raft.server.snapshot.trigger-when-stop.enabled = true (default)
2023-12-28 09:09:54,933 [21dfb426-80a6-430d-8df8-fa8e3a5d9897-groupManagement] INFO  server.RaftServerConfigKeys (ConfUtils.java:logGet(46)) - raft.server.snapshot.auto.trigger.enabled = true (custom)
2023-12-28 09:09:54,933 [21dfb426-80a6-430d-8df8-fa8e3a5d9897-groupManagement] INFO  server.RaftServerConfigKeys (ConfUtils.java:logGet(46)) - raft.server.snapshot.auto.trigger.threshold = 10000 (custom)
2023-12-28 09:09:54,933 [21dfb426-80a6-430d-8df8-fa8e3a5d9897-groupManagement] INFO  server.RaftServerConfigKeys (ConfUtils.java:logGet(46)) - raft.server.snapshot.retention.file.num = 5 (custom)
2023-12-28 09:09:54,933 [21dfb426-80a6-430d-8df8-fa8e3a5d9897-groupManagement] INFO  server.RaftServerConfigKeys (ConfUtils.java:logGet(46)) - raft.server.log.purge.upto.snapshot.index = false (default)
2023-12-28 09:09:54,939 [grpc-default-executor-2] INFO  server.RaftServer (RaftServerProxy.java:addNew(100)) - ebae719b-f625-4368-8547-482f3752b4ca: addNew group-04EEFC7712D5:[21dfb426-80a6-430d-8df8-fa8e3a5d9897|10.1.0.14:15433, ebae719b-f625-4368-8547-482f3752b4ca|10.1.0.14:15442, 4a7d4f9e-b840-4b9b-8b00-1e8f80dcf0e2|10.1.0.14:15424] returns group-04EEFC7712D5:java.util.concurrent.CompletableFuture@11de2ecc[Not completed]
2023-12-28 09:09:54,940 [ebae719b-f625-4368-8547-482f3752b4ca-groupManagement] INFO  server.RaftServer$Division (RaftServerImpl.java:<init>(256)) - ebae719b-f625-4368-8547-482f3752b4ca: new RaftServerImpl for group-04EEFC7712D5:[21dfb426-80a6-430d-8df8-fa8e3a5d9897|10.1.0.14:15433, ebae719b-f625-4368-8547-482f3752b4ca|10.1.0.14:15442, 4a7d4f9e-b840-4b9b-8b00-1e8f80dcf0e2|10.1.0.14:15424] with ContainerStateMachine:uninitialized
2023-12-28 09:09:54,940 [ebae719b-f625-4368-8547-482f3752b4ca-groupManagement] INFO  server.RaftServerConfigKeys (ConfUtils.java:logGet(46)) - raft.server.rpc.timeout.min = 5s (custom)
2023-12-28 09:09:54,940 [ebae719b-f625-4368-8547-482f3752b4ca-groupManagement] INFO  server.RaftServerConfigKeys (ConfUtils.java:logGet(46)) - raft.server.rpc.timeout.max = 5200ms (custom)
2023-12-28 09:09:54,940 [ebae719b-f625-4368-8547-482f3752b4ca-groupManagement] INFO  server.RaftServerConfigKeys (ConfUtils.java:logGet(46)) - raft.server.rpc.sleep.time = 25ms (default)
2023-12-28 09:09:54,940 [ebae719b-f625-4368-8547-482f3752b4ca-groupManagement] INFO  server.RaftServerConfigKeys (ConfUtils.java:logGet(46)) - raft.server.rpc.slowness.timeout = 300000ms (custom)
2023-12-28 09:09:54,940 [ebae719b-f625-4368-8547-482f3752b4ca-groupManagement] INFO  server.RaftServerConfigKeys (ConfUtils.java:logGet(46)) - raft.server.leaderelection.leader.step-down.wait-time = 10s (default)
2023-12-28 09:09:54,940 [ebae719b-f625-4368-8547-482f3752b4ca-groupManagement] INFO  server.RaftServerConfigKeys (ConfUtils.java:logGet(46)) - raft.server.leaderelection.member.majority-add = false (default)
2023-12-28 09:09:54,940 [ebae719b-f625-4368-8547-482f3752b4ca-groupManagement] INFO  server.RaftServerConfigKeys (ConfUtils.java:logGet(46)) - raft.server.sleep.deviation.threshold = 300ms (default)
2023-12-28 09:09:54,940 [ebae719b-f625-4368-8547-482f3752b4ca-groupManagement] INFO  server.RaftServer$Division (ServerState.java:<init>(113)) - ebae719b-f625-4368-8547-482f3752b4ca@group-04EEFC7712D5: ConfigurationManager, init=-1: peers:[21dfb426-80a6-430d-8df8-fa8e3a5d9897|10.1.0.14:15433, ebae719b-f625-4368-8547-482f3752b4ca|10.1.0.14:15442, 4a7d4f9e-b840-4b9b-8b00-1e8f80dcf0e2|10.1.0.14:15424]|listeners:[], old=null, confs=<EMPTY_MAP>
2023-12-28 09:09:54,940 [ebae719b-f625-4368-8547-482f3752b4ca-groupManagement] INFO  server.RaftServerConfigKeys (ConfUtils.java:logGet(46)) - raft.server.notification.no-leader.timeout = 300000ms (custom)
2023-12-28 09:09:54,940 [ebae719b-f625-4368-8547-482f3752b4ca-groupManagement] INFO  server.RaftServerConfigKeys (ConfUtils.java:logGet(46)) - raft.server.read.timeout = 10s (default)
2023-12-28 09:09:54,940 [ebae719b-f625-4368-8547-482f3752b4ca-groupManagement] INFO  server.RaftServerConfigKeys (ConfUtils.java:logGet(46)) - raft.server.retrycache.expirytime = 600000ms (custom)
2023-12-28 09:09:54,940 [ebae719b-f625-4368-8547-482f3752b4ca-groupManagement] INFO  server.RaftServerConfigKeys (ConfUtils.java:logGet(46)) - raft.server.retrycache.statistics.expirytime = 100ms (default)
2023-12-28 09:09:54,940 [ebae719b-f625-4368-8547-482f3752b4ca-groupManagement] INFO  server.RaftServerConfigKeys (ConfUtils.java:logGet(46)) - raft.server.read.option = DEFAULT (default)
2023-12-28 09:09:54,940 [ebae719b-f625-4368-8547-482f3752b4ca-groupManagement] INFO  server.RaftServerConfigKeys (ConfUtils.java:logGet(46)) - raft.server.read.read-after-write-consistent.write-index-cache.expiry-time = 60s (default)
2023-12-28 09:09:54,942 [ebae719b-f625-4368-8547-482f3752b4ca-groupManagement] INFO  server.RaftServerConfigKeys (ConfUtils.java:logGet(46)) - raft.server.rpc.request.timeout = 3000ms (default)
2023-12-28 09:09:54,942 [ebae719b-f625-4368-8547-482f3752b4ca-groupManagement] INFO  server.RaftServerConfigKeys (ConfUtils.java:logGet(46)) - raft.server.log.appender.install.snapshot.enabled = false (custom)
2023-12-28 09:09:54,942 [ebae719b-f625-4368-8547-482f3752b4ca-groupManagement] INFO  server.RaftServerConfigKeys (ConfUtils.java:logGet(46)) - raft.server.threadpool.server.cached = true (default)
2023-12-28 09:09:54,942 [ebae719b-f625-4368-8547-482f3752b4ca-groupManagement] INFO  server.RaftServerConfigKeys (ConfUtils.java:logGet(46)) - raft.server.threadpool.server.size = 0 (default)
2023-12-28 09:09:54,942 [ebae719b-f625-4368-8547-482f3752b4ca-groupManagement] INFO  server.RaftServerConfigKeys (ConfUtils.java:logGet(46)) - raft.server.threadpool.client.cached = true (default)
2023-12-28 09:09:54,942 [ebae719b-f625-4368-8547-482f3752b4ca-groupManagement] INFO  server.RaftServerConfigKeys (ConfUtils.java:logGet(46)) - raft.server.threadpool.client.size = 0 (default)
2023-12-28 09:09:54,942 [ebae719b-f625-4368-8547-482f3752b4ca-groupManagement] INFO  server.RaftServerConfigKeys (ConfUtils.java:logGet(46)) - raft.server.storage.free-space.min = 0MB (=0) (default)
2023-12-28 09:09:54,942 [ebae719b-f625-4368-8547-482f3752b4ca-groupManagement] INFO  server.RaftServerConfigKeys (ConfUtils.java:logGet(46)) - raft.server.log.corruption.policy = EXCEPTION (default)
2023-12-28 09:09:54,942 [ebae719b-f625-4368-8547-482f3752b4ca-groupManagement] INFO  server.RaftServerConfigKeys (ConfUtils.java:logGet(46)) - raft.server.storage.dir = [/home/runner/work/ozone/ozone/hadoop-ozone/integration-test/target/test-dir/MiniOzoneClusterImpl-7619c237-1de6-4815-bbe2-f0b52dfbd5bc/datanode-8/data/ratis] (custom)
2023-12-28 09:09:54,942 [ebae719b-f625-4368-8547-482f3752b4ca-groupManagement] INFO  storage.RaftStorageDirectory (RaftStorageDirectoryImpl.java:analyzeStorage(138)) - The storage directory /home/runner/work/ozone/ozone/hadoop-ozone/integration-test/target/test-dir/MiniOzoneClusterImpl-7619c237-1de6-4815-bbe2-f0b52dfbd5bc/datanode-8/data/ratis/adc176ae-bfd8-40be-beb4-04eefc7712d5 does not exist. Creating ...
2023-12-28 09:09:54,943 [ebae719b-f625-4368-8547-482f3752b4ca-groupManagement] INFO  storage.RaftStorageDirectory (RaftStorageDirectoryImpl.java:tryLock(232)) - Lock on /home/runner/work/ozone/ozone/hadoop-ozone/integration-test/target/test-dir/MiniOzoneClusterImpl-7619c237-1de6-4815-bbe2-f0b52dfbd5bc/datanode-8/data/ratis/adc176ae-bfd8-40be-beb4-04eefc7712d5/in_use.lock acquired by nodename 85610@fv-az1384-14
2023-12-28 09:09:54,944 [ebae719b-f625-4368-8547-482f3752b4ca-groupManagement] INFO  storage.RaftStorage (RaftStorageImpl.java:format(97)) - Storage directory /home/runner/work/ozone/ozone/hadoop-ozone/integration-test/target/test-dir/MiniOzoneClusterImpl-7619c237-1de6-4815-bbe2-f0b52dfbd5bc/datanode-8/data/ratis/adc176ae-bfd8-40be-beb4-04eefc7712d5 has been successfully formatted.
2023-12-28 09:09:54,945 [ebae719b-f625-4368-8547-482f3752b4ca-groupManagement] INFO  ratis.ContainerStateMachine (ContainerStateMachine.java:loadSnapshot(287)) - group-04EEFC7712D5: The snapshot info is null. Setting the last applied indexto:(t:0, i:~)
2023-12-28 09:09:54,945 [ebae719b-f625-4368-8547-482f3752b4ca-groupManagement] INFO  server.RaftServerConfigKeys (ConfUtils.java:logGet(46)) - raft.server.log.use.memory = false (default)
2023-12-28 09:09:54,945 [ebae719b-f625-4368-8547-482f3752b4ca-groupManagement] INFO  server.RaftServerConfigKeys (ConfUtils.java:logGet(46)) - raft.server.log.purge.gap = 1000000 (custom)
2023-12-28 09:09:54,945 [ebae719b-f625-4368-8547-482f3752b4ca-groupManagement] INFO  server.RaftServerConfigKeys (ConfUtils.java:logGet(46)) - raft.server.log.appender.buffer.byte-limit = 8388608 (custom)
2023-12-28 09:09:54,945 [ebae719b-f625-4368-8547-482f3752b4ca-groupManagement] INFO  server.RaftServerConfigKeys (ConfUtils.java:logGet(46)) - raft.server.log.statemachine.data.read.timeout = 1000ms (default)
2023-12-28 09:09:54,945 [ebae719b-f625-4368-8547-482f3752b4ca-groupManagement] INFO  server.RaftServerConfigKeys (ConfUtils.java:logGet(46)) - raft.server.log.purge.preservation.log.num = 0 (default)
2023-12-28 09:09:54,946 [ebae719b-f625-4368-8547-482f3752b4ca-groupManagement] INFO  server.RaftServerConfigKeys (ConfUtils.java:logGet(46)) - raft.server.log.segment.size.max = 67108864 (custom)
2023-12-28 09:09:54,946 [ebae719b-f625-4368-8547-482f3752b4ca-groupManagement] INFO  server.RaftServerConfigKeys (ConfUtils.java:logGet(46)) - raft.server.log.segment.cache.num.max = 2 (custom)
2023-12-28 09:09:54,946 [ebae719b-f625-4368-8547-482f3752b4ca-groupManagement] INFO  server.RaftServerConfigKeys (ConfUtils.java:logGet(46)) - raft.server.log.segment.cache.size.max = 200MB (=209715200) (default)
2023-12-28 09:09:54,946 [ebae719b-f625-4368-8547-482f3752b4ca-groupManagement] INFO  server.RaftServerConfigKeys (ConfUtils.java:logGet(46)) - raft.server.log.appender.buffer.byte-limit = 8388608 (custom)
2023-12-28 09:09:54,946 [ebae719b-f625-4368-8547-482f3752b4ca-groupManagement] INFO  util.AwaitToRun (AwaitToRun.java:start(81)) - Thread[ebae719b-f625-4368-8547-482f3752b4ca@group-04EEFC7712D5-cacheEviction-AwaitToRun,5,main] started
2023-12-28 09:09:54,946 [ebae719b-f625-4368-8547-482f3752b4ca-groupManagement] INFO  segmented.SegmentedRaftLogWorker (SegmentedRaftLogWorker.java:<init>(184)) - new ebae719b-f625-4368-8547-482f3752b4ca@group-04EEFC7712D5-SegmentedRaftLogWorker for RaftStorageImpl:Storage Directory /home/runner/work/ozone/ozone/hadoop-ozone/integration-test/target/test-dir/MiniOzoneClusterImpl-7619c237-1de6-4815-bbe2-f0b52dfbd5bc/datanode-8/data/ratis/adc176ae-bfd8-40be-beb4-04eefc7712d5
2023-12-28 09:09:54,947 [ebae719b-f625-4368-8547-482f3752b4ca-groupManagement] INFO  server.RaftServerConfigKeys (ConfUtils.java:logGet(46)) - raft.server.log.queue.byte-limit = 4294967296 (custom)
2023-12-28 09:09:54,947 [ebae719b-f625-4368-8547-482f3752b4ca-groupManagement] INFO  server.RaftServerConfigKeys (ConfUtils.java:logGet(46)) - raft.server.log.queue.element-limit = 1024 (custom)
2023-12-28 09:09:54,947 [ebae719b-f625-4368-8547-482f3752b4ca-groupManagement] INFO  server.RaftServerConfigKeys (ConfUtils.java:logGet(46)) - raft.server.log.segment.size.max = 67108864 (custom)
2023-12-28 09:09:54,947 [ebae719b-f625-4368-8547-482f3752b4ca-groupManagement] INFO  server.RaftServerConfigKeys (ConfUtils.java:logGet(46)) - raft.server.log.preallocated.size = 4194304 (custom)
2023-12-28 09:09:54,947 [ebae719b-f625-4368-8547-482f3752b4ca-groupManagement] INFO  server.RaftServerConfigKeys (ConfUtils.java:logGet(46)) - raft.server.log.force.sync.num = 128 (default)
2023-12-28 09:09:54,947 [ebae719b-f625-4368-8547-482f3752b4ca-groupManagement] INFO  server.RaftServerConfigKeys (ConfUtils.java:logGet(46)) - raft.server.log.statemachine.data.sync = true (default)
2023-12-28 09:09:54,947 [ebae719b-f625-4368-8547-482f3752b4ca-groupManagement] INFO  server.RaftServerConfigKeys (ConfUtils.java:logGet(46)) - raft.server.log.statemachine.data.sync.timeout = 10s (default)
2023-12-28 09:09:54,947 [ebae719b-f625-4368-8547-482f3752b4ca-groupManagement] INFO  server.RaftServerConfigKeys (ConfUtils.java:logGet(46)) - raft.server.log.statemachine.data.sync.timeout.retry = 0 (custom)
2023-12-28 09:09:54,947 [ebae719b-f625-4368-8547-482f3752b4ca-groupManagement] INFO  server.RaftServerConfigKeys (ConfUtils.java:logGet(46)) - raft.server.log.write.buffer.size = 8388616 (custom)
2023-12-28 09:09:54,948 [ebae719b-f625-4368-8547-482f3752b4ca-groupManagement] INFO  server.RaftServerConfigKeys (ConfUtils.java:logGet(46)) - raft.server.log.appender.buffer.byte-limit = 8388608 (custom)
2023-12-28 09:09:54,949 [ebae719b-f625-4368-8547-482f3752b4ca-groupManagement] INFO  server.RaftServerConfigKeys (ConfUtils.java:logGet(46)) - raft.server.log.unsafe-flush.enabled = false (default)
2023-12-28 09:09:54,949 [ebae719b-f625-4368-8547-482f3752b4ca-groupManagement] INFO  server.RaftServerConfigKeys (ConfUtils.java:logGet(46)) - raft.server.log.async-flush.enabled = false (default)
2023-12-28 09:09:54,949 [ebae719b-f625-4368-8547-482f3752b4ca-groupManagement] INFO  server.RaftServerConfigKeys (ConfUtils.java:logGet(46)) - raft.server.log.statemachine.data.caching.enabled = true (custom)
2023-12-28 09:09:54,949 [ebae719b-f625-4368-8547-482f3752b4ca-groupManagement] INFO  segmented.SegmentedRaftLogWorker (SegmentedRaftLogWorker.java:lambda$new$0(135)) - ebae719b-f625-4368-8547-482f3752b4ca@group-04EEFC7712D5-SegmentedRaftLogWorker: flushIndex: setUnconditionally 0 -> -1
2023-12-28 09:09:54,949 [ebae719b-f625-4368-8547-482f3752b4ca-groupManagement] INFO  segmented.SegmentedRaftLogWorker (SegmentedRaftLogWorker.java:lambda$new$0(135)) - ebae719b-f625-4368-8547-482f3752b4ca@group-04EEFC7712D5-SegmentedRaftLogWorker: safeCacheEvictIndex: setUnconditionally 0 -> -1
2023-12-28 09:09:54,949 [ebae719b-f625-4368-8547-482f3752b4ca-groupManagement] INFO  server.RaftServer$Division (RaftServerImpl.java:start(392)) - ebae719b-f625-4368-8547-482f3752b4ca@group-04EEFC7712D5: start as a follower, conf=-1: peers:[21dfb426-80a6-430d-8df8-fa8e3a5d9897|10.1.0.14:15433, ebae719b-f625-4368-8547-482f3752b4ca|10.1.0.14:15442, 4a7d4f9e-b840-4b9b-8b00-1e8f80dcf0e2|10.1.0.14:15424]|listeners:[], old=null
2023-12-28 09:09:54,949 [ebae719b-f625-4368-8547-482f3752b4ca-groupManagement] INFO  server.RaftServer$Division (RaftServerImpl.java:setRole(379)) - ebae719b-f625-4368-8547-482f3752b4ca@group-04EEFC7712D5: changes role from      null to FOLLOWER at term 0 for startAsFollower
2023-12-28 09:09:54,949 [ebae719b-f625-4368-8547-482f3752b4ca-groupManagement] INFO  impl.RoleInfo (RoleInfo.java:updateAndGet(139)) - ebae719b-f625-4368-8547-482f3752b4ca: start ebae719b-f625-4368-8547-482f3752b4ca@group-04EEFC7712D5-FollowerState
2023-12-28 09:09:54,949 [ebae719b-f625-4368-8547-482f3752b4ca-groupManagement] INFO  util.JmxRegister (JmxRegister.java:tryRegister(44)) - Successfully registered JMX Bean with object name Ratis:service=RaftServer,group=group-04EEFC7712D5,id=ebae719b-f625-4368-8547-482f3752b4ca
2023-12-28 09:09:54,949 [ebae719b-f625-4368-8547-482f3752b4ca@group-04EEFC7712D5-FollowerState] INFO  server.RaftServerConfigKeys (ConfUtils.java:logFallback(53)) - raft.server.rpc.first-election.timeout.min = 5s (fallback to raft.server.rpc.timeout.min)
2023-12-28 09:09:54,949 [ebae719b-f625-4368-8547-482f3752b4ca-groupManagement] INFO  server.RaftServerConfigKeys (ConfUtils.java:logGet(46)) - raft.server.snapshot.trigger-when-stop.enabled = true (default)
2023-12-28 09:09:54,949 [ebae719b-f625-4368-8547-482f3752b4ca@group-04EEFC7712D5-FollowerState] INFO  server.RaftServerConfigKeys (ConfUtils.java:logFallback(53)) - raft.server.rpc.first-election.timeout.max = 5200ms (fallback to raft.server.rpc.timeout.max)
2023-12-28 09:09:54,949 [ebae719b-f625-4368-8547-482f3752b4ca-groupManagement] INFO  server.RaftServerConfigKeys (ConfUtils.java:logGet(46)) - raft.server.snapshot.auto.trigger.enabled = true (custom)
2023-12-28 09:09:54,949 [ebae719b-f625-4368-8547-482f3752b4ca-groupManagement] INFO  server.RaftServerConfigKeys (ConfUtils.java:logGet(46)) - raft.server.snapshot.auto.trigger.threshold = 10000 (custom)
2023-12-28 09:09:54,949 [ebae719b-f625-4368-8547-482f3752b4ca-groupManagement] INFO  server.RaftServerConfigKeys (ConfUtils.java:logGet(46)) - raft.server.snapshot.retention.file.num = 5 (custom)
2023-12-28 09:09:54,950 [ebae719b-f625-4368-8547-482f3752b4ca-groupManagement] INFO  server.RaftServerConfigKeys (ConfUtils.java:logGet(46)) - raft.server.log.purge.upto.snapshot.index = false (default)
2023-12-28 09:09:54,952 [4a7d4f9e-b840-4b9b-8b00-1e8f80dcf0e2-PipelineCommandHandlerThread-0] INFO  commandhandler.CreatePipelineCommandHandler (CreatePipelineCommandHandler.java:lambda$handle$2(124)) - Created Pipeline RATIS THREE PipelineID=adc176ae-bfd8-40be-beb4-04eefc7712d5.
2023-12-28 09:09:54,996 [21dfb426-80a6-430d-8df8-fa8e3a5d9897-PipelineCommandHandlerThread-0] INFO  server.RaftServer (RaftServerProxy.java:addNew(100)) - 21dfb426-80a6-430d-8df8-fa8e3a5d9897: addNew group-41C77BB6D8F4:[21dfb426-80a6-430d-8df8-fa8e3a5d9897|10.1.0.14:15433] returns group-41C77BB6D8F4:java.util.concurrent.CompletableFuture@360c0ceb[Not completed]
2023-12-28 09:09:54,996 [21dfb426-80a6-430d-8df8-fa8e3a5d9897-groupManagement] INFO  server.RaftServer$Division (RaftServerImpl.java:<init>(256)) - 21dfb426-80a6-430d-8df8-fa8e3a5d9897: new RaftServerImpl for group-41C77BB6D8F4:[21dfb426-80a6-430d-8df8-fa8e3a5d9897|10.1.0.14:15433] with ContainerStateMachine:uninitialized
2023-12-28 09:09:54,997 [21dfb426-80a6-430d-8df8-fa8e3a5d9897-groupManagement] INFO  server.RaftServerConfigKeys (ConfUtils.java:logGet(46)) - raft.server.rpc.timeout.min = 5s (custom)
2023-12-28 09:09:54,997 [21dfb426-80a6-430d-8df8-fa8e3a5d9897-groupManagement] INFO  server.RaftServerConfigKeys (ConfUtils.java:logGet(46)) - raft.server.rpc.timeout.max = 5200ms (custom)
2023-12-28 09:09:54,997 [21dfb426-80a6-430d-8df8-fa8e3a5d9897-groupManagement] INFO  server.RaftServerConfigKeys (ConfUtils.java:logGet(46)) - raft.server.rpc.sleep.time = 25ms (default)
2023-12-28 09:09:54,997 [21dfb426-80a6-430d-8df8-fa8e3a5d9897-groupManagement] INFO  server.RaftServerConfigKeys (ConfUtils.java:logGet(46)) - raft.server.rpc.slowness.timeout = 300000ms (custom)
2023-12-28 09:09:54,997 [21dfb426-80a6-430d-8df8-fa8e3a5d9897-groupManagement] INFO  server.RaftServerConfigKeys (ConfUtils.java:logGet(46)) - raft.server.leaderelection.leader.step-down.wait-time = 10s (default)
2023-12-28 09:09:54,997 [21dfb426-80a6-430d-8df8-fa8e3a5d9897-groupManagement] INFO  server.RaftServerConfigKeys (ConfUtils.java:logGet(46)) - raft.server.leaderelection.member.majority-add = false (default)
2023-12-28 09:09:54,997 [21dfb426-80a6-430d-8df8-fa8e3a5d9897-groupManagement] INFO  server.RaftServerConfigKeys (ConfUtils.java:logGet(46)) - raft.server.sleep.deviation.threshold = 300ms (default)
2023-12-28 09:09:54,997 [21dfb426-80a6-430d-8df8-fa8e3a5d9897-groupManagement] INFO  server.RaftServer$Division (ServerState.java:<init>(113)) - 21dfb426-80a6-430d-8df8-fa8e3a5d9897@group-41C77BB6D8F4: ConfigurationManager, init=-1: peers:[21dfb426-80a6-430d-8df8-fa8e3a5d9897|10.1.0.14:15433]|listeners:[], old=null, confs=<EMPTY_MAP>
2023-12-28 09:09:54,997 [21dfb426-80a6-430d-8df8-fa8e3a5d9897-groupManagement] INFO  server.RaftServerConfigKeys (ConfUtils.java:logGet(46)) - raft.server.notification.no-leader.timeout = 300000ms (custom)
2023-12-28 09:09:54,997 [21dfb426-80a6-430d-8df8-fa8e3a5d9897-groupManagement] INFO  server.RaftServerConfigKeys (ConfUtils.java:logGet(46)) - raft.server.read.timeout = 10s (default)
2023-12-28 09:09:54,997 [21dfb426-80a6-430d-8df8-fa8e3a5d9897-groupManagement] INFO  server.RaftServerConfigKeys (ConfUtils.java:logGet(46)) - raft.server.retrycache.expirytime = 600000ms (custom)
2023-12-28 09:09:54,997 [21dfb426-80a6-430d-8df8-fa8e3a5d9897-groupManagement] INFO  server.RaftServerConfigKeys (ConfUtils.java:logGet(46)) - raft.server.retrycache.statistics.expirytime = 100ms (default)
2023-12-28 09:09:54,997 [21dfb426-80a6-430d-8df8-fa8e3a5d9897-groupManagement] INFO  server.RaftServerConfigKeys (ConfUtils.java:logGet(46)) - raft.server.read.option = DEFAULT (default)
2023-12-28 09:09:54,997 [21dfb426-80a6-430d-8df8-fa8e3a5d9897-groupManagement] INFO  server.RaftServerConfigKeys (ConfUtils.java:logGet(46)) - raft.server.read.read-after-write-consistent.write-index-cache.expiry-time = 60s (default)
2023-12-28 09:09:54,998 [21dfb426-80a6-430d-8df8-fa8e3a5d9897-groupManagement] INFO  server.RaftServerConfigKeys (ConfUtils.java:logGet(46)) - raft.server.rpc.request.timeout = 3000ms (default)
2023-12-28 09:09:54,998 [21dfb426-80a6-430d-8df8-fa8e3a5d9897-groupManagement] INFO  server.RaftServerConfigKeys (ConfUtils.java:logGet(46)) - raft.server.log.appender.install.snapshot.enabled = false (custom)
2023-12-28 09:09:54,998 [21dfb426-80a6-430d-8df8-fa8e3a5d9897-groupManagement] INFO  server.RaftServerConfigKeys (ConfUtils.java:logGet(46)) - raft.server.threadpool.server.cached = true (default)
2023-12-28 09:09:54,998 [21dfb426-80a6-430d-8df8-fa8e3a5d9897-groupManagement] INFO  server.RaftServerConfigKeys (ConfUtils.java:logGet(46)) - raft.server.threadpool.server.size = 0 (default)
2023-12-28 09:09:54,998 [21dfb426-80a6-430d-8df8-fa8e3a5d9897-groupManagement] INFO  server.RaftServerConfigKeys (ConfUtils.java:logGet(46)) - raft.server.threadpool.client.cached = true (default)
2023-12-28 09:09:54,998 [21dfb426-80a6-430d-8df8-fa8e3a5d9897-groupManagement] INFO  server.RaftServerConfigKeys (ConfUtils.java:logGet(46)) - raft.server.threadpool.client.size = 0 (default)
2023-12-28 09:09:54,999 [21dfb426-80a6-430d-8df8-fa8e3a5d9897-groupManagement] INFO  server.RaftServerConfigKeys (ConfUtils.java:logGet(46)) - raft.server.storage.free-space.min = 0MB (=0) (default)
2023-12-28 09:09:54,999 [21dfb426-80a6-430d-8df8-fa8e3a5d9897-groupManagement] INFO  server.RaftServerConfigKeys (ConfUtils.java:logGet(46)) - raft.server.log.corruption.policy = EXCEPTION (default)
2023-12-28 09:09:54,999 [21dfb426-80a6-430d-8df8-fa8e3a5d9897-groupManagement] INFO  server.RaftServerConfigKeys (ConfUtils.java:logGet(46)) - raft.server.storage.dir = [/home/runner/work/ozone/ozone/hadoop-ozone/integration-test/target/test-dir/MiniOzoneClusterImpl-7619c237-1de6-4815-bbe2-f0b52dfbd5bc/datanode-7/data/ratis] (custom)
2023-12-28 09:09:54,999 [21dfb426-80a6-430d-8df8-fa8e3a5d9897-groupManagement] INFO  storage.RaftStorageDirectory (RaftStorageDirectoryImpl.java:analyzeStorage(138)) - The storage directory /home/runner/work/ozone/ozone/hadoop-ozone/integration-test/target/test-dir/MiniOzoneClusterImpl-7619c237-1de6-4815-bbe2-f0b52dfbd5bc/datanode-7/data/ratis/76485ba3-e9ff-419d-a7be-41c77bb6d8f4 does not exist. Creating ...
2023-12-28 09:09:55,000 [21dfb426-80a6-430d-8df8-fa8e3a5d9897-groupManagement] INFO  storage.RaftStorageDirectory (RaftStorageDirectoryImpl.java:tryLock(232)) - Lock on /home/runner/work/ozone/ozone/hadoop-ozone/integration-test/target/test-dir/MiniOzoneClusterImpl-7619c237-1de6-4815-bbe2-f0b52dfbd5bc/datanode-7/data/ratis/76485ba3-e9ff-419d-a7be-41c77bb6d8f4/in_use.lock acquired by nodename 85610@fv-az1384-14
2023-12-28 09:09:55,001 [21dfb426-80a6-430d-8df8-fa8e3a5d9897-groupManagement] INFO  storage.RaftStorage (RaftStorageImpl.java:format(97)) - Storage directory /home/runner/work/ozone/ozone/hadoop-ozone/integration-test/target/test-dir/MiniOzoneClusterImpl-7619c237-1de6-4815-bbe2-f0b52dfbd5bc/datanode-7/data/ratis/76485ba3-e9ff-419d-a7be-41c77bb6d8f4 has been successfully formatted.
2023-12-28 09:09:55,001 [21dfb426-80a6-430d-8df8-fa8e3a5d9897-groupManagement] INFO  ratis.ContainerStateMachine (ContainerStateMachine.java:loadSnapshot(287)) - group-41C77BB6D8F4: The snapshot info is null. Setting the last applied indexto:(t:0, i:~)
2023-12-28 09:09:55,001 [21dfb426-80a6-430d-8df8-fa8e3a5d9897-groupManagement] INFO  server.RaftServerConfigKeys (ConfUtils.java:logGet(46)) - raft.server.log.use.memory = false (default)
2023-12-28 09:09:55,001 [21dfb426-80a6-430d-8df8-fa8e3a5d9897-groupManagement] INFO  server.RaftServerConfigKeys (ConfUtils.java:logGet(46)) - raft.server.log.purge.gap = 1000000 (custom)
2023-12-28 09:09:55,001 [21dfb426-80a6-430d-8df8-fa8e3a5d9897-groupManagement] INFO  server.RaftServerConfigKeys (ConfUtils.java:logGet(46)) - raft.server.log.appender.buffer.byte-limit = 8388608 (custom)
2023-12-28 09:09:55,001 [21dfb426-80a6-430d-8df8-fa8e3a5d9897-groupManagement] INFO  server.RaftServerConfigKeys (ConfUtils.java:logGet(46)) - raft.server.log.statemachine.data.read.timeout = 1000ms (default)
2023-12-28 09:09:55,002 [21dfb426-80a6-430d-8df8-fa8e3a5d9897-groupManagement] INFO  server.RaftServerConfigKeys (ConfUtils.java:logGet(46)) - raft.server.log.purge.preservation.log.num = 0 (default)
2023-12-28 09:09:55,002 [EventQueue-PipelineReportForPipelineReportHandler] INFO  pipeline.PipelineReportHandler (PipelineReportHandler.java:processPipelineReport(136)) - Opened pipeline PipelineID=76485ba3-e9ff-419d-a7be-41c77bb6d8f4
2023-12-28 09:09:55,002 [EventQueue-OpenPipelineForHealthyPipelineSafeModeRule] INFO  safemode.SCMSafeModeManager (HealthyPipelineSafeModeRule.java:process(140)) - SCM in safe mode. Healthy pipelines reported count is 0, required healthy pipeline reported count is 1
2023-12-28 09:09:55,003 [21dfb426-80a6-430d-8df8-fa8e3a5d9897-groupManagement] INFO  server.RaftServerConfigKeys (ConfUtils.java:logGet(46)) - raft.server.log.segment.size.max = 67108864 (custom)
2023-12-28 09:09:55,003 [21dfb426-80a6-430d-8df8-fa8e3a5d9897-groupManagement] INFO  server.RaftServerConfigKeys (ConfUtils.java:logGet(46)) - raft.server.log.segment.cache.num.max = 2 (custom)
2023-12-28 09:09:55,003 [21dfb426-80a6-430d-8df8-fa8e3a5d9897-groupManagement] INFO  server.RaftServerConfigKeys (ConfUtils.java:logGet(46)) - raft.server.log.segment.cache.size.max = 200MB (=209715200) (default)
2023-12-28 09:09:55,003 [21dfb426-80a6-430d-8df8-fa8e3a5d9897-groupManagement] INFO  server.RaftServerConfigKeys (ConfUtils.java:logGet(46)) - raft.server.log.appender.buffer.byte-limit = 8388608 (custom)
2023-12-28 09:09:55,003 [21dfb426-80a6-430d-8df8-fa8e3a5d9897-groupManagement] INFO  util.AwaitToRun (AwaitToRun.java:start(81)) - Thread[21dfb426-80a6-430d-8df8-fa8e3a5d9897@group-41C77BB6D8F4-cacheEviction-AwaitToRun,5,main] started
2023-12-28 09:09:55,003 [21dfb426-80a6-430d-8df8-fa8e3a5d9897-groupManagement] INFO  segmented.SegmentedRaftLogWorker (SegmentedRaftLogWorker.java:<init>(184)) - new 21dfb426-80a6-430d-8df8-fa8e3a5d9897@group-41C77BB6D8F4-SegmentedRaftLogWorker for RaftStorageImpl:Storage Directory /home/runner/work/ozone/ozone/hadoop-ozone/integration-test/target/test-dir/MiniOzoneClusterImpl-7619c237-1de6-4815-bbe2-f0b52dfbd5bc/datanode-7/data/ratis/76485ba3-e9ff-419d-a7be-41c77bb6d8f4
2023-12-28 09:09:55,003 [21dfb426-80a6-430d-8df8-fa8e3a5d9897-groupManagement] INFO  server.RaftServerConfigKeys (ConfUtils.java:logGet(46)) - raft.server.log.queue.byte-limit = 4294967296 (custom)
2023-12-28 09:09:55,003 [21dfb426-80a6-430d-8df8-fa8e3a5d9897-groupManagement] INFO  server.RaftServerConfigKeys (ConfUtils.java:logGet(46)) - raft.server.log.queue.element-limit = 1024 (custom)
2023-12-28 09:09:55,003 [21dfb426-80a6-430d-8df8-fa8e3a5d9897-groupManagement] INFO  server.RaftServerConfigKeys (ConfUtils.java:logGet(46)) - raft.server.log.segment.size.max = 67108864 (custom)
2023-12-28 09:09:55,003 [21dfb426-80a6-430d-8df8-fa8e3a5d9897-groupManagement] INFO  server.RaftServerConfigKeys (ConfUtils.java:logGet(46)) - raft.server.log.preallocated.size = 4194304 (custom)
2023-12-28 09:09:55,003 [21dfb426-80a6-430d-8df8-fa8e3a5d9897-groupManagement] INFO  server.RaftServerConfigKeys (ConfUtils.java:logGet(46)) - raft.server.log.force.sync.num = 128 (default)
2023-12-28 09:09:55,003 [21dfb426-80a6-430d-8df8-fa8e3a5d9897-groupManagement] INFO  server.RaftServerConfigKeys (ConfUtils.java:logGet(46)) - raft.server.log.statemachine.data.sync = true (default)
2023-12-28 09:09:55,003 [21dfb426-80a6-430d-8df8-fa8e3a5d9897-groupManagement] INFO  server.RaftServerConfigKeys (ConfUtils.java:logGet(46)) - raft.server.log.statemachine.data.sync.timeout = 10s (default)
2023-12-28 09:09:55,003 [21dfb426-80a6-430d-8df8-fa8e3a5d9897-groupManagement] INFO  server.RaftServerConfigKeys (ConfUtils.java:logGet(46)) - raft.server.log.statemachine.data.sync.timeout.retry = 0 (custom)
2023-12-28 09:09:55,003 [21dfb426-80a6-430d-8df8-fa8e3a5d9897-groupManagement] INFO  server.RaftServerConfigKeys (ConfUtils.java:logGet(46)) - raft.server.log.write.buffer.size = 8388616 (custom)
2023-12-28 09:09:55,005 [21dfb426-80a6-430d-8df8-fa8e3a5d9897-groupManagement] INFO  server.RaftServerConfigKeys (ConfUtils.java:logGet(46)) - raft.server.log.appender.buffer.byte-limit = 8388608 (custom)
2023-12-28 09:09:55,005 [21dfb426-80a6-430d-8df8-fa8e3a5d9897-groupManagement] INFO  server.RaftServerConfigKeys (ConfUtils.java:logGet(46)) - raft.server.log.unsafe-flush.enabled = false (default)
2023-12-28 09:09:55,005 [21dfb426-80a6-430d-8df8-fa8e3a5d9897-groupManagement] INFO  server.RaftServerConfigKeys (ConfUtils.java:logGet(46)) - raft.server.log.async-flush.enabled = false (default)
2023-12-28 09:09:55,005 [21dfb426-80a6-430d-8df8-fa8e3a5d9897-groupManagement] INFO  server.RaftServerConfigKeys (ConfUtils.java:logGet(46)) - raft.server.log.statemachine.data.caching.enabled = true (custom)
2023-12-28 09:09:55,005 [21dfb426-80a6-430d-8df8-fa8e3a5d9897-groupManagement] INFO  segmented.SegmentedRaftLogWorker (SegmentedRaftLogWorker.java:lambda$new$0(135)) - 21dfb426-80a6-430d-8df8-fa8e3a5d9897@group-41C77BB6D8F4-SegmentedRaftLogWorker: flushIndex: setUnconditionally 0 -> -1
2023-12-28 09:09:55,005 [21dfb426-80a6-430d-8df8-fa8e3a5d9897-groupManagement] INFO  segmented.SegmentedRaftLogWorker (SegmentedRaftLogWorker.java:lambda$new$0(135)) - 21dfb426-80a6-430d-8df8-fa8e3a5d9897@group-41C77BB6D8F4-SegmentedRaftLogWorker: safeCacheEvictIndex: setUnconditionally 0 -> -1
2023-12-28 09:09:55,006 [21dfb426-80a6-430d-8df8-fa8e3a5d9897-groupManagement] INFO  server.RaftServer$Division (RaftServerImpl.java:start(392)) - 21dfb426-80a6-430d-8df8-fa8e3a5d9897@group-41C77BB6D8F4: start as a follower, conf=-1: peers:[21dfb426-80a6-430d-8df8-fa8e3a5d9897|10.1.0.14:15433]|listeners:[], old=null
2023-12-28 09:09:55,006 [21dfb426-80a6-430d-8df8-fa8e3a5d9897-groupManagement] INFO  server.RaftServer$Division (RaftServerImpl.java:setRole(379)) - 21dfb426-80a6-430d-8df8-fa8e3a5d9897@group-41C77BB6D8F4: changes role from      null to FOLLOWER at term 0 for startAsFollower
2023-12-28 09:09:55,006 [21dfb426-80a6-430d-8df8-fa8e3a5d9897-groupManagement] INFO  impl.RoleInfo (RoleInfo.java:updateAndGet(139)) - 21dfb426-80a6-430d-8df8-fa8e3a5d9897: start 21dfb426-80a6-430d-8df8-fa8e3a5d9897@group-41C77BB6D8F4-FollowerState
2023-12-28 09:09:55,006 [21dfb426-80a6-430d-8df8-fa8e3a5d9897@group-41C77BB6D8F4-FollowerState] INFO  server.RaftServerConfigKeys (ConfUtils.java:logFallback(53)) - raft.server.rpc.first-election.timeout.min = 5s (fallback to raft.server.rpc.timeout.min)
2023-12-28 09:09:55,006 [21dfb426-80a6-430d-8df8-fa8e3a5d9897-groupManagement] INFO  util.JmxRegister (JmxRegister.java:tryRegister(44)) - Successfully registered JMX Bean with object name Ratis:service=RaftServer,group=group-41C77BB6D8F4,id=21dfb426-80a6-430d-8df8-fa8e3a5d9897
2023-12-28 09:09:55,006 [21dfb426-80a6-430d-8df8-fa8e3a5d9897@group-41C77BB6D8F4-FollowerState] INFO  server.RaftServerConfigKeys (ConfUtils.java:logFallback(53)) - raft.server.rpc.first-election.timeout.max = 5200ms (fallback to raft.server.rpc.timeout.max)
2023-12-28 09:09:55,006 [21dfb426-80a6-430d-8df8-fa8e3a5d9897-groupManagement] INFO  server.RaftServerConfigKeys (ConfUtils.java:logGet(46)) - raft.server.snapshot.trigger-when-stop.enabled = true (default)
2023-12-28 09:09:55,006 [21dfb426-80a6-430d-8df8-fa8e3a5d9897-groupManagement] INFO  server.RaftServerConfigKeys (ConfUtils.java:logGet(46)) - raft.server.snapshot.auto.trigger.enabled = true (custom)
2023-12-28 09:09:55,006 [21dfb426-80a6-430d-8df8-fa8e3a5d9897-groupManagement] INFO  server.RaftServerConfigKeys (ConfUtils.java:logGet(46)) - raft.server.snapshot.auto.trigger.threshold = 10000 (custom)
2023-12-28 09:09:55,006 [21dfb426-80a6-430d-8df8-fa8e3a5d9897-groupManagement] INFO  server.RaftServerConfigKeys (ConfUtils.java:logGet(46)) - raft.server.snapshot.retention.file.num = 5 (custom)
2023-12-28 09:09:55,006 [21dfb426-80a6-430d-8df8-fa8e3a5d9897-groupManagement] INFO  server.RaftServerConfigKeys (ConfUtils.java:logGet(46)) - raft.server.log.purge.upto.snapshot.index = false (default)
2023-12-28 09:09:55,006 [21dfb426-80a6-430d-8df8-fa8e3a5d9897-PipelineCommandHandlerThread-0] INFO  ratis.XceiverServerRatis (XceiverServerRatis.java:addGroup(837)) - Created group PipelineID=76485ba3-e9ff-419d-a7be-41c77bb6d8f4
2023-12-28 09:09:55,007 [21dfb426-80a6-430d-8df8-fa8e3a5d9897-PipelineCommandHandlerThread-0] INFO  commandhandler.CreatePipelineCommandHandler (CreatePipelineCommandHandler.java:lambda$handle$2(124)) - Created Pipeline RATIS ONE PipelineID=76485ba3-e9ff-419d-a7be-41c77bb6d8f4.
2023-12-28 09:09:55,091 [ebae719b-f625-4368-8547-482f3752b4ca-PipelineCommandHandlerThread-0] INFO  server.RaftServer (RaftServerProxy.java:addNew(100)) - ebae719b-f625-4368-8547-482f3752b4ca: addNew group-24C974523F0E:[ebae719b-f625-4368-8547-482f3752b4ca|10.1.0.14:15442] returns group-24C974523F0E:java.util.concurrent.CompletableFuture@12f2f330[Not completed]
2023-12-28 09:09:55,092 [ebae719b-f625-4368-8547-482f3752b4ca-groupManagement] INFO  server.RaftServer$Division (RaftServerImpl.java:<init>(256)) - ebae719b-f625-4368-8547-482f3752b4ca: new RaftServerImpl for group-24C974523F0E:[ebae719b-f625-4368-8547-482f3752b4ca|10.1.0.14:15442] with ContainerStateMachine:uninitialized
2023-12-28 09:09:55,092 [ebae719b-f625-4368-8547-482f3752b4ca-groupManagement] INFO  server.RaftServerConfigKeys (ConfUtils.java:logGet(46)) - raft.server.rpc.timeout.min = 5s (custom)
2023-12-28 09:09:55,092 [ebae719b-f625-4368-8547-482f3752b4ca-groupManagement] INFO  server.RaftServerConfigKeys (ConfUtils.java:logGet(46)) - raft.server.rpc.timeout.max = 5200ms (custom)
2023-12-28 09:09:55,092 [ebae719b-f625-4368-8547-482f3752b4ca-groupManagement] INFO  server.RaftServerConfigKeys (ConfUtils.java:logGet(46)) - raft.server.rpc.sleep.time = 25ms (default)
2023-12-28 09:09:55,092 [ebae719b-f625-4368-8547-482f3752b4ca-groupManagement] INFO  server.RaftServerConfigKeys (ConfUtils.java:logGet(46)) - raft.server.rpc.slowness.timeout = 300000ms (custom)
2023-12-28 09:09:55,092 [ebae719b-f625-4368-8547-482f3752b4ca-groupManagement] INFO  server.RaftServerConfigKeys (ConfUtils.java:logGet(46)) - raft.server.leaderelection.leader.step-down.wait-time = 10s (default)
2023-12-28 09:09:55,092 [ebae719b-f625-4368-8547-482f3752b4ca-groupManagement] INFO  server.RaftServerConfigKeys (ConfUtils.java:logGet(46)) - raft.server.leaderelection.member.majority-add = false (default)
2023-12-28 09:09:55,092 [ebae719b-f625-4368-8547-482f3752b4ca-groupManagement] INFO  server.RaftServerConfigKeys (ConfUtils.java:logGet(46)) - raft.server.sleep.deviation.threshold = 300ms (default)
2023-12-28 09:09:55,092 [ebae719b-f625-4368-8547-482f3752b4ca-groupManagement] INFO  server.RaftServer$Division (ServerState.java:<init>(113)) - ebae719b-f625-4368-8547-482f3752b4ca@group-24C974523F0E: ConfigurationManager, init=-1: peers:[ebae719b-f625-4368-8547-482f3752b4ca|10.1.0.14:15442]|listeners:[], old=null, confs=<EMPTY_MAP>
2023-12-28 09:09:55,092 [ebae719b-f625-4368-8547-482f3752b4ca-groupManagement] INFO  server.RaftServerConfigKeys (ConfUtils.java:logGet(46)) - raft.server.notification.no-leader.timeout = 300000ms (custom)
2023-12-28 09:09:55,092 [ebae719b-f625-4368-8547-482f3752b4ca-groupManagement] INFO  server.RaftServerConfigKeys (ConfUtils.java:logGet(46)) - raft.server.read.timeout = 10s (default)
2023-12-28 09:09:55,092 [ebae719b-f625-4368-8547-482f3752b4ca-groupManagement] INFO  server.RaftServerConfigKeys (ConfUtils.java:logGet(46)) - raft.server.retrycache.expirytime = 600000ms (custom)
2023-12-28 09:09:55,092 [ebae719b-f625-4368-8547-482f3752b4ca-groupManagement] INFO  server.RaftServerConfigKeys (ConfUtils.java:logGet(46)) - raft.server.retrycache.statistics.expirytime = 100ms (default)
2023-12-28 09:09:55,092 [ebae719b-f625-4368-8547-482f3752b4ca-groupManagement] INFO  server.RaftServerConfigKeys (ConfUtils.java:logGet(46)) - raft.server.read.option = DEFAULT (default)
2023-12-28 09:09:55,092 [ebae719b-f625-4368-8547-482f3752b4ca-groupManagement] INFO  server.RaftServerConfigKeys (ConfUtils.java:logGet(46)) - raft.server.read.read-after-write-consistent.write-index-cache.expiry-time = 60s (default)
2023-12-28 09:09:55,093 [main] INFO  ozone.MiniOzoneClusterImpl (MiniOzoneClusterImpl.java:lambda$waitForClusterToBeReady$0(230)) - Nodes are ready. Got 9 of 9 DN Heartbeats.
2023-12-28 09:09:55,093 [main] INFO  ozone.MiniOzoneClusterImpl (MiniOzoneClusterImpl.java:lambda$waitForClusterToBeReady$0(233)) - Waiting for cluster to exit safe mode
2023-12-28 09:09:55,093 [main] INFO  ozone.MiniOzoneClusterImpl (MiniOzoneClusterImpl.java:lambda$waitForClusterToBeReady$0(235)) - SCM became leader
2023-12-28 09:09:55,094 [ebae719b-f625-4368-8547-482f3752b4ca-groupManagement] INFO  server.RaftServerConfigKeys (ConfUtils.java:logGet(46)) - raft.server.rpc.request.timeout = 3000ms (default)
2023-12-28 09:09:55,094 [ebae719b-f625-4368-8547-482f3752b4ca-groupManagement] INFO  server.RaftServerConfigKeys (ConfUtils.java:logGet(46)) - raft.server.log.appender.install.snapshot.enabled = false (custom)
2023-12-28 09:09:55,094 [ebae719b-f625-4368-8547-482f3752b4ca-groupManagement] INFO  server.RaftServerConfigKeys (ConfUtils.java:logGet(46)) - raft.server.threadpool.server.cached = true (default)
2023-12-28 09:09:55,094 [ebae719b-f625-4368-8547-482f3752b4ca-groupManagement] INFO  server.RaftServerConfigKeys (ConfUtils.java:logGet(46)) - raft.server.threadpool.server.size = 0 (default)
2023-12-28 09:09:55,094 [ebae719b-f625-4368-8547-482f3752b4ca-groupManagement] INFO  server.RaftServerConfigKeys (ConfUtils.java:logGet(46)) - raft.server.threadpool.client.cached = true (default)
2023-12-28 09:09:55,094 [ebae719b-f625-4368-8547-482f3752b4ca-groupManagement] INFO  server.RaftServerConfigKeys (ConfUtils.java:logGet(46)) - raft.server.threadpool.client.size = 0 (default)
2023-12-28 09:09:55,094 [ebae719b-f625-4368-8547-482f3752b4ca-groupManagement] INFO  server.RaftServerConfigKeys (ConfUtils.java:logGet(46)) - raft.server.storage.free-space.min = 0MB (=0) (default)
2023-12-28 09:09:55,094 [ebae719b-f625-4368-8547-482f3752b4ca-groupManagement] INFO  server.RaftServerConfigKeys (ConfUtils.java:logGet(46)) - raft.server.log.corruption.policy = EXCEPTION (default)
2023-12-28 09:09:55,094 [ebae719b-f625-4368-8547-482f3752b4ca-groupManagement] INFO  server.RaftServerConfigKeys (ConfUtils.java:logGet(46)) - raft.server.storage.dir = [/home/runner/work/ozone/ozone/hadoop-ozone/integration-test/target/test-dir/MiniOzoneClusterImpl-7619c237-1de6-4815-bbe2-f0b52dfbd5bc/datanode-8/data/ratis] (custom)
2023-12-28 09:09:55,094 [ebae719b-f625-4368-8547-482f3752b4ca-groupManagement] INFO  storage.RaftStorageDirectory (RaftStorageDirectoryImpl.java:analyzeStorage(138)) - The storage directory /home/runner/work/ozone/ozone/hadoop-ozone/integration-test/target/test-dir/MiniOzoneClusterImpl-7619c237-1de6-4815-bbe2-f0b52dfbd5bc/datanode-8/data/ratis/0692811f-b295-4e68-9124-24c974523f0e does not exist. Creating ...
2023-12-28 09:09:55,096 [ebae719b-f625-4368-8547-482f3752b4ca-groupManagement] INFO  storage.RaftStorageDirectory (RaftStorageDirectoryImpl.java:tryLock(232)) - Lock on /home/runner/work/ozone/ozone/hadoop-ozone/integration-test/target/test-dir/MiniOzoneClusterImpl-7619c237-1de6-4815-bbe2-f0b52dfbd5bc/datanode-8/data/ratis/0692811f-b295-4e68-9124-24c974523f0e/in_use.lock acquired by nodename 85610@fv-az1384-14
2023-12-28 09:09:55,097 [ebae719b-f625-4368-8547-482f3752b4ca-groupManagement] INFO  storage.RaftStorage (RaftStorageImpl.java:format(97)) - Storage directory /home/runner/work/ozone/ozone/hadoop-ozone/integration-test/target/test-dir/MiniOzoneClusterImpl-7619c237-1de6-4815-bbe2-f0b52dfbd5bc/datanode-8/data/ratis/0692811f-b295-4e68-9124-24c974523f0e has been successfully formatted.
2023-12-28 09:09:55,097 [ebae719b-f625-4368-8547-482f3752b4ca-groupManagement] INFO  ratis.ContainerStateMachine (ContainerStateMachine.java:loadSnapshot(287)) - group-24C974523F0E: The snapshot info is null. Setting the last applied indexto:(t:0, i:~)
2023-12-28 09:09:55,097 [ebae719b-f625-4368-8547-482f3752b4ca-groupManagement] INFO  server.RaftServerConfigKeys (ConfUtils.java:logGet(46)) - raft.server.log.use.memory = false (default)
2023-12-28 09:09:55,097 [ebae719b-f625-4368-8547-482f3752b4ca-groupManagement] INFO  server.RaftServerConfigKeys (ConfUtils.java:logGet(46)) - raft.server.log.purge.gap = 1000000 (custom)
2023-12-28 09:09:55,097 [ebae719b-f625-4368-8547-482f3752b4ca-groupManagement] INFO  server.RaftServerConfigKeys (ConfUtils.java:logGet(46)) - raft.server.log.appender.buffer.byte-limit = 8388608 (custom)
2023-12-28 09:09:55,097 [ebae719b-f625-4368-8547-482f3752b4ca-groupManagement] INFO  server.RaftServerConfigKeys (ConfUtils.java:logGet(46)) - raft.server.log.statemachine.data.read.timeout = 1000ms (default)
2023-12-28 09:09:55,097 [ebae719b-f625-4368-8547-482f3752b4ca-groupManagement] INFO  server.RaftServerConfigKeys (ConfUtils.java:logGet(46)) - raft.server.log.purge.preservation.log.num = 0 (default)
2023-12-28 09:09:55,098 [EventQueue-PipelineReportForPipelineReportHandler] INFO  pipeline.PipelineReportHandler (PipelineReportHandler.java:processPipelineReport(136)) - Opened pipeline PipelineID=0692811f-b295-4e68-9124-24c974523f0e
2023-12-28 09:09:55,098 [EventQueue-OpenPipelineForHealthyPipelineSafeModeRule] INFO  safemode.SCMSafeModeManager (HealthyPipelineSafeModeRule.java:process(140)) - SCM in safe mode. Healthy pipelines reported count is 0, required healthy pipeline reported count is 1
2023-12-28 09:09:55,098 [ebae719b-f625-4368-8547-482f3752b4ca-groupManagement] INFO  server.RaftServerConfigKeys (ConfUtils.java:logGet(46)) - raft.server.log.segment.size.max = 67108864 (custom)
2023-12-28 09:09:55,099 [ebae719b-f625-4368-8547-482f3752b4ca-groupManagement] INFO  server.RaftServerConfigKeys (ConfUtils.java:logGet(46)) - raft.server.log.segment.cache.num.max = 2 (custom)
2023-12-28 09:09:55,099 [ebae719b-f625-4368-8547-482f3752b4ca-groupManagement] INFO  server.RaftServerConfigKeys (ConfUtils.java:logGet(46)) - raft.server.log.segment.cache.size.max = 200MB (=209715200) (default)
2023-12-28 09:09:55,099 [ebae719b-f625-4368-8547-482f3752b4ca-groupManagement] INFO  server.RaftServerConfigKeys (ConfUtils.java:logGet(46)) - raft.server.log.appender.buffer.byte-limit = 8388608 (custom)
2023-12-28 09:09:55,099 [ebae719b-f625-4368-8547-482f3752b4ca-groupManagement] INFO  util.AwaitToRun (AwaitToRun.java:start(81)) - Thread[ebae719b-f625-4368-8547-482f3752b4ca@group-24C974523F0E-cacheEviction-AwaitToRun,5,main] started
2023-12-28 09:09:55,099 [ebae719b-f625-4368-8547-482f3752b4ca-groupManagement] INFO  segmented.SegmentedRaftLogWorker (SegmentedRaftLogWorker.java:<init>(184)) - new ebae719b-f625-4368-8547-482f3752b4ca@group-24C974523F0E-SegmentedRaftLogWorker for RaftStorageImpl:Storage Directory /home/runner/work/ozone/ozone/hadoop-ozone/integration-test/target/test-dir/MiniOzoneClusterImpl-7619c237-1de6-4815-bbe2-f0b52dfbd5bc/datanode-8/data/ratis/0692811f-b295-4e68-9124-24c974523f0e
2023-12-28 09:09:55,099 [ebae719b-f625-4368-8547-482f3752b4ca-groupManagement] INFO  server.RaftServerConfigKeys (ConfUtils.java:logGet(46)) - raft.server.log.queue.byte-limit = 4294967296 (custom)
2023-12-28 09:09:55,099 [ebae719b-f625-4368-8547-482f3752b4ca-groupManagement] INFO  server.RaftServerConfigKeys (ConfUtils.java:logGet(46)) - raft.server.log.queue.element-limit = 1024 (custom)
2023-12-28 09:09:55,099 [ebae719b-f625-4368-8547-482f3752b4ca-groupManagement] INFO  server.RaftServerConfigKeys (ConfUtils.java:logGet(46)) - raft.server.log.segment.size.max = 67108864 (custom)
2023-12-28 09:09:55,099 [ebae719b-f625-4368-8547-482f3752b4ca-groupManagement] INFO  server.RaftServerConfigKeys (ConfUtils.java:logGet(46)) - raft.server.log.preallocated.size = 4194304 (custom)
2023-12-28 09:09:55,099 [ebae719b-f625-4368-8547-482f3752b4ca-groupManagement] INFO  server.RaftServerConfigKeys (ConfUtils.java:logGet(46)) - raft.server.log.force.sync.num = 128 (default)
2023-12-28 09:09:55,099 [ebae719b-f625-4368-8547-482f3752b4ca-groupManagement] INFO  server.RaftServerConfigKeys (ConfUtils.java:logGet(46)) - raft.server.log.statemachine.data.sync = true (default)
2023-12-28 09:09:55,099 [ebae719b-f625-4368-8547-482f3752b4ca-groupManagement] INFO  server.RaftServerConfigKeys (ConfUtils.java:logGet(46)) - raft.server.log.statemachine.data.sync.timeout = 10s (default)
2023-12-28 09:09:55,099 [ebae719b-f625-4368-8547-482f3752b4ca-groupManagement] INFO  server.RaftServerConfigKeys (ConfUtils.java:logGet(46)) - raft.server.log.statemachine.data.sync.timeout.retry = 0 (custom)
2023-12-28 09:09:55,099 [ebae719b-f625-4368-8547-482f3752b4ca-groupManagement] INFO  server.RaftServerConfigKeys (ConfUtils.java:logGet(46)) - raft.server.log.write.buffer.size = 8388616 (custom)
2023-12-28 09:09:55,101 [ebae719b-f625-4368-8547-482f3752b4ca-groupManagement] INFO  server.RaftServerConfigKeys (ConfUtils.java:logGet(46)) - raft.server.log.appender.buffer.byte-limit = 8388608 (custom)
2023-12-28 09:09:55,101 [ebae719b-f625-4368-8547-482f3752b4ca-groupManagement] INFO  server.RaftServerConfigKeys (ConfUtils.java:logGet(46)) - raft.server.log.unsafe-flush.enabled = false (default)
2023-12-28 09:09:55,101 [ebae719b-f625-4368-8547-482f3752b4ca-groupManagement] INFO  server.RaftServerConfigKeys (ConfUtils.java:logGet(46)) - raft.server.log.async-flush.enabled = false (default)
2023-12-28 09:09:55,101 [ebae719b-f625-4368-8547-482f3752b4ca-groupManagement] INFO  server.RaftServerConfigKeys (ConfUtils.java:logGet(46)) - raft.server.log.statemachine.data.caching.enabled = true (custom)
2023-12-28 09:09:55,101 [ebae719b-f625-4368-8547-482f3752b4ca-groupManagement] INFO  segmented.SegmentedRaftLogWorker (SegmentedRaftLogWorker.java:lambda$new$0(135)) - ebae719b-f625-4368-8547-482f3752b4ca@group-24C974523F0E-SegmentedRaftLogWorker: flushIndex: setUnconditionally 0 -> -1
2023-12-28 09:09:55,101 [ebae719b-f625-4368-8547-482f3752b4ca-groupManagement] INFO  segmented.SegmentedRaftLogWorker (SegmentedRaftLogWorker.java:lambda$new$0(135)) - ebae719b-f625-4368-8547-482f3752b4ca@group-24C974523F0E-SegmentedRaftLogWorker: safeCacheEvictIndex: setUnconditionally 0 -> -1
2023-12-28 09:09:55,101 [ebae719b-f625-4368-8547-482f3752b4ca-groupManagement] INFO  server.RaftServer$Division (RaftServerImpl.java:start(392)) - ebae719b-f625-4368-8547-482f3752b4ca@group-24C974523F0E: start as a follower, conf=-1: peers:[ebae719b-f625-4368-8547-482f3752b4ca|10.1.0.14:15442]|listeners:[], old=null
2023-12-28 09:09:55,101 [ebae719b-f625-4368-8547-482f3752b4ca-groupManagement] INFO  server.RaftServer$Division (RaftServerImpl.java:setRole(379)) - ebae719b-f625-4368-8547-482f3752b4ca@group-24C974523F0E: changes role from      null to FOLLOWER at term 0 for startAsFollower
2023-12-28 09:09:55,101 [ebae719b-f625-4368-8547-482f3752b4ca-groupManagement] INFO  impl.RoleInfo (RoleInfo.java:updateAndGet(139)) - ebae719b-f625-4368-8547-482f3752b4ca: start ebae719b-f625-4368-8547-482f3752b4ca@group-24C974523F0E-FollowerState
2023-12-28 09:09:55,102 [ebae719b-f625-4368-8547-482f3752b4ca@group-24C974523F0E-FollowerState] INFO  server.RaftServerConfigKeys (ConfUtils.java:logFallback(53)) - raft.server.rpc.first-election.timeout.min = 5s (fallback to raft.server.rpc.timeout.min)
2023-12-28 09:09:55,102 [ebae719b-f625-4368-8547-482f3752b4ca-groupManagement] INFO  util.JmxRegister (JmxRegister.java:tryRegister(44)) - Successfully registered JMX Bean with object name Ratis:service=RaftServer,group=group-24C974523F0E,id=ebae719b-f625-4368-8547-482f3752b4ca
2023-12-28 09:09:55,102 [ebae719b-f625-4368-8547-482f3752b4ca@group-24C974523F0E-FollowerState] INFO  server.RaftServerConfigKeys (ConfUtils.java:logFallback(53)) - raft.server.rpc.first-election.timeout.max = 5200ms (fallback to raft.server.rpc.timeout.max)
2023-12-28 09:09:55,102 [ebae719b-f625-4368-8547-482f3752b4ca-groupManagement] INFO  server.RaftServerConfigKeys (ConfUtils.java:logGet(46)) - raft.server.snapshot.trigger-when-stop.enabled = true (default)
2023-12-28 09:09:55,102 [ebae719b-f625-4368-8547-482f3752b4ca-groupManagement] INFO  server.RaftServerConfigKeys (ConfUtils.java:logGet(46)) - raft.server.snapshot.auto.trigger.enabled = true (custom)
2023-12-28 09:09:55,102 [ebae719b-f625-4368-8547-482f3752b4ca-groupManagement] INFO  server.RaftServerConfigKeys (ConfUtils.java:logGet(46)) - raft.server.snapshot.auto.trigger.threshold = 10000 (custom)
2023-12-28 09:09:55,102 [ebae719b-f625-4368-8547-482f3752b4ca-groupManagement] INFO  server.RaftServerConfigKeys (ConfUtils.java:logGet(46)) - raft.server.snapshot.retention.file.num = 5 (custom)
2023-12-28 09:09:55,102 [ebae719b-f625-4368-8547-482f3752b4ca-groupManagement] INFO  server.RaftServerConfigKeys (ConfUtils.java:logGet(46)) - raft.server.log.purge.upto.snapshot.index = false (default)
2023-12-28 09:09:55,102 [ebae719b-f625-4368-8547-482f3752b4ca-PipelineCommandHandlerThread-0] INFO  ratis.XceiverServerRatis (XceiverServerRatis.java:addGroup(837)) - Created group PipelineID=0692811f-b295-4e68-9124-24c974523f0e
2023-12-28 09:09:55,102 [ebae719b-f625-4368-8547-482f3752b4ca-PipelineCommandHandlerThread-0] INFO  commandhandler.CreatePipelineCommandHandler (CreatePipelineCommandHandler.java:lambda$handle$2(124)) - Created Pipeline RATIS ONE PipelineID=0692811f-b295-4e68-9124-24c974523f0e.
2023-12-28 09:09:56,094 [main] INFO  ozone.MiniOzoneClusterImpl (MiniOzoneClusterImpl.java:lambda$waitForClusterToBeReady$0(230)) - Nodes are ready. Got 9 of 9 DN Heartbeats.
2023-12-28 09:09:56,094 [main] INFO  ozone.MiniOzoneClusterImpl (MiniOzoneClusterImpl.java:lambda$waitForClusterToBeReady$0(233)) - Waiting for cluster to exit safe mode
2023-12-28 09:09:56,094 [main] INFO  ozone.MiniOzoneClusterImpl (MiniOzoneClusterImpl.java:lambda$waitForClusterToBeReady$0(235)) - SCM became leader
2023-12-28 09:09:57,094 [main] INFO  ozone.MiniOzoneClusterImpl (MiniOzoneClusterImpl.java:lambda$waitForClusterToBeReady$0(230)) - Nodes are ready. Got 9 of 9 DN Heartbeats.
2023-12-28 09:09:57,094 [main] INFO  ozone.MiniOzoneClusterImpl (MiniOzoneClusterImpl.java:lambda$waitForClusterToBeReady$0(233)) - Waiting for cluster to exit safe mode
2023-12-28 09:09:57,095 [main] INFO  ozone.MiniOzoneClusterImpl (MiniOzoneClusterImpl.java:lambda$waitForClusterToBeReady$0(235)) - SCM became leader
2023-12-28 09:09:58,095 [main] INFO  ozone.MiniOzoneClusterImpl (MiniOzoneClusterImpl.java:lambda$waitForClusterToBeReady$0(230)) - Nodes are ready. Got 9 of 9 DN Heartbeats.
2023-12-28 09:09:58,095 [main] INFO  ozone.MiniOzoneClusterImpl (MiniOzoneClusterImpl.java:lambda$waitForClusterToBeReady$0(233)) - Waiting for cluster to exit safe mode
2023-12-28 09:09:58,095 [main] INFO  ozone.MiniOzoneClusterImpl (MiniOzoneClusterImpl.java:lambda$waitForClusterToBeReady$0(235)) - SCM became leader
2023-12-28 09:09:59,095 [main] INFO  ozone.MiniOzoneClusterImpl (MiniOzoneClusterImpl.java:lambda$waitForClusterToBeReady$0(230)) - Nodes are ready. Got 9 of 9 DN Heartbeats.
2023-12-28 09:09:59,096 [main] INFO  ozone.MiniOzoneClusterImpl (MiniOzoneClusterImpl.java:lambda$waitForClusterToBeReady$0(233)) - Waiting for cluster to exit safe mode
2023-12-28 09:09:59,096 [main] INFO  ozone.MiniOzoneClusterImpl (MiniOzoneClusterImpl.java:lambda$waitForClusterToBeReady$0(235)) - SCM became leader
2023-12-28 09:09:59,373 [3b28bb72-2ab1-44e1-a9b9-2481c9e85245@group-CC541D257CA2-FollowerState] INFO  impl.FollowerState (FollowerState.java:run(143)) - 3b28bb72-2ab1-44e1-a9b9-2481c9e85245@group-CC541D257CA2-FollowerState: change to CANDIDATE, lastRpcElapsedTime:5018469118ns, electionTimeout:5018ms
2023-12-28 09:09:59,373 [3b28bb72-2ab1-44e1-a9b9-2481c9e85245@group-CC541D257CA2-FollowerState] INFO  impl.RoleInfo (RoleInfo.java:shutdownFollowerState(110)) - 3b28bb72-2ab1-44e1-a9b9-2481c9e85245: shutdown 3b28bb72-2ab1-44e1-a9b9-2481c9e85245@group-CC541D257CA2-FollowerState
2023-12-28 09:09:59,373 [3b28bb72-2ab1-44e1-a9b9-2481c9e85245@group-CC541D257CA2-FollowerState] INFO  server.RaftServer$Division (RaftServerImpl.java:setRole(379)) - 3b28bb72-2ab1-44e1-a9b9-2481c9e85245@group-CC541D257CA2: changes role from  FOLLOWER to CANDIDATE at term 0 for changeToCandidate
2023-12-28 09:09:59,373 [3b28bb72-2ab1-44e1-a9b9-2481c9e85245@group-CC541D257CA2-FollowerState] INFO  server.RaftServerConfigKeys (ConfUtils.java:logGet(46)) - raft.server.leaderelection.pre-vote = true (default)
2023-12-28 09:09:59,373 [3b28bb72-2ab1-44e1-a9b9-2481c9e85245@group-CC541D257CA2-FollowerState] INFO  impl.RoleInfo (RoleInfo.java:updateAndGet(139)) - 3b28bb72-2ab1-44e1-a9b9-2481c9e85245: start 3b28bb72-2ab1-44e1-a9b9-2481c9e85245@group-CC541D257CA2-LeaderElection66
2023-12-28 09:09:59,375 [3b28bb72-2ab1-44e1-a9b9-2481c9e85245@group-CC541D257CA2-LeaderElection66] INFO  impl.LeaderElection (LeaderElection.java:askForVotes(323)) - 3b28bb72-2ab1-44e1-a9b9-2481c9e85245@group-CC541D257CA2-LeaderElection66 PRE_VOTE round 0: submit vote requests at term 0 for -1: peers:[3b28bb72-2ab1-44e1-a9b9-2481c9e85245|10.1.0.14:15370, d5d8acbd-90b5-4ada-8600-10487a3abfb2|10.1.0.14:15379, 9b863e56-86de-43f6-b2a7-53906d690b33|10.1.0.14:15388]|listeners:[], old=null
2023-12-28 09:09:59,375 [3b28bb72-2ab1-44e1-a9b9-2481c9e85245@group-CC541D257CA2-LeaderElection66] INFO  server.RaftServerConfigKeys (ConfUtils.java:logFallback(53)) - raft.server.rpc.first-election.timeout.min = 5s (fallback to raft.server.rpc.timeout.min)
2023-12-28 09:09:59,375 [3b28bb72-2ab1-44e1-a9b9-2481c9e85245@group-CC541D257CA2-LeaderElection66-2] INFO  server.GrpcServerProtocolClient (GrpcServerProtocolClient.java:<init>(65)) - Build channel for 9b863e56-86de-43f6-b2a7-53906d690b33
2023-12-28 09:09:59,375 [3b28bb72-2ab1-44e1-a9b9-2481c9e85245@group-CC541D257CA2-LeaderElection66] INFO  server.RaftServerConfigKeys (ConfUtils.java:logFallback(53)) - raft.server.rpc.first-election.timeout.max = 5200ms (fallback to raft.server.rpc.timeout.max)
2023-12-28 09:09:59,375 [3b28bb72-2ab1-44e1-a9b9-2481c9e85245@group-CC541D257CA2-LeaderElection66-1] INFO  server.GrpcServerProtocolClient (GrpcServerProtocolClient.java:<init>(65)) - Build channel for d5d8acbd-90b5-4ada-8600-10487a3abfb2
2023-12-28 09:09:59,379 [grpc-default-executor-6] INFO  server.RaftServer$Division (RaftServerImpl.java:requestVote(1377)) - 9b863e56-86de-43f6-b2a7-53906d690b33@group-CC541D257CA2: receive requestVote(PRE_VOTE, 3b28bb72-2ab1-44e1-a9b9-2481c9e85245, group-CC541D257CA2, 0, (t:0, i:0))
2023-12-28 09:09:59,379 [grpc-default-executor-4] INFO  server.RaftServer$Division (RaftServerImpl.java:requestVote(1377)) - d5d8acbd-90b5-4ada-8600-10487a3abfb2@group-CC541D257CA2: receive requestVote(PRE_VOTE, 3b28bb72-2ab1-44e1-a9b9-2481c9e85245, group-CC541D257CA2, 0, (t:0, i:0))
2023-12-28 09:09:59,380 [grpc-default-executor-6] INFO  impl.VoteContext (VoteContext.java:log(49)) - 9b863e56-86de-43f6-b2a7-53906d690b33@group-CC541D257CA2-FOLLOWER: reject PRE_VOTE from 3b28bb72-2ab1-44e1-a9b9-2481c9e85245: our priority 1 > candidate's priority 0
2023-12-28 09:09:59,380 [grpc-default-executor-4] INFO  impl.VoteContext (VoteContext.java:log(49)) - d5d8acbd-90b5-4ada-8600-10487a3abfb2@group-CC541D257CA2-FOLLOWER: accept PRE_VOTE from 3b28bb72-2ab1-44e1-a9b9-2481c9e85245: our priority 0 <= candidate's priority 0
2023-12-28 09:09:59,380 [grpc-default-executor-6] INFO  server.RaftServer$Division (RaftServerImpl.java:requestVote(1410)) - 9b863e56-86de-43f6-b2a7-53906d690b33@group-CC541D257CA2 replies to PRE_VOTE vote request: 3b28bb72-2ab1-44e1-a9b9-2481c9e85245<-9b863e56-86de-43f6-b2a7-53906d690b33#0:FAIL-t0. Peer's state: 9b863e56-86de-43f6-b2a7-53906d690b33@group-CC541D257CA2:t0, leader=null, voted=, raftlog=Memoized:9b863e56-86de-43f6-b2a7-53906d690b33@group-CC541D257CA2-SegmentedRaftLog:OPENED:c-1, conf=-1: peers:[3b28bb72-2ab1-44e1-a9b9-2481c9e85245|10.1.0.14:15370, d5d8acbd-90b5-4ada-8600-10487a3abfb2|10.1.0.14:15379, 9b863e56-86de-43f6-b2a7-53906d690b33|10.1.0.14:15388]|listeners:[], old=null
2023-12-28 09:09:59,380 [grpc-default-executor-4] INFO  server.RaftServer$Division (RaftServerImpl.java:requestVote(1410)) - d5d8acbd-90b5-4ada-8600-10487a3abfb2@group-CC541D257CA2 replies to PRE_VOTE vote request: 3b28bb72-2ab1-44e1-a9b9-2481c9e85245<-d5d8acbd-90b5-4ada-8600-10487a3abfb2#0:OK-t0. Peer's state: d5d8acbd-90b5-4ada-8600-10487a3abfb2@group-CC541D257CA2:t0, leader=null, voted=, raftlog=Memoized:d5d8acbd-90b5-4ada-8600-10487a3abfb2@group-CC541D257CA2-SegmentedRaftLog:OPENED:c-1, conf=-1: peers:[3b28bb72-2ab1-44e1-a9b9-2481c9e85245|10.1.0.14:15370, d5d8acbd-90b5-4ada-8600-10487a3abfb2|10.1.0.14:15379, 9b863e56-86de-43f6-b2a7-53906d690b33|10.1.0.14:15388]|listeners:[], old=null
2023-12-28 09:09:59,382 [3b28bb72-2ab1-44e1-a9b9-2481c9e85245@group-CC541D257CA2-LeaderElection66] INFO  impl.LeaderElection (LeaderElection.java:logAndReturn(89)) - 3b28bb72-2ab1-44e1-a9b9-2481c9e85245@group-CC541D257CA2-LeaderElection66: PRE_VOTE REJECTED received 2 response(s) and 0 exception(s):
2023-12-28 09:09:59,382 [3b28bb72-2ab1-44e1-a9b9-2481c9e85245@group-CC541D257CA2-LeaderElection66] INFO  impl.LeaderElection (LeaderElection.java:logAndReturn(93)) -   Response 0: 3b28bb72-2ab1-44e1-a9b9-2481c9e85245<-d5d8acbd-90b5-4ada-8600-10487a3abfb2#0:OK-t0
2023-12-28 09:09:59,382 [3b28bb72-2ab1-44e1-a9b9-2481c9e85245@group-CC541D257CA2-LeaderElection66] INFO  impl.LeaderElection (LeaderElection.java:logAndReturn(93)) -   Response 1: 3b28bb72-2ab1-44e1-a9b9-2481c9e85245<-9b863e56-86de-43f6-b2a7-53906d690b33#0:FAIL-t0
2023-12-28 09:09:59,382 [3b28bb72-2ab1-44e1-a9b9-2481c9e85245@group-CC541D257CA2-LeaderElection66] INFO  impl.LeaderElection (LeaderElection.java:askForVotes(325)) - 3b28bb72-2ab1-44e1-a9b9-2481c9e85245@group-CC541D257CA2-LeaderElection66 PRE_VOTE round 0: result REJECTED
2023-12-28 09:09:59,382 [3b28bb72-2ab1-44e1-a9b9-2481c9e85245@group-CC541D257CA2-LeaderElection66] INFO  server.RaftServer$Division (RaftServerImpl.java:setRole(379)) - 3b28bb72-2ab1-44e1-a9b9-2481c9e85245@group-CC541D257CA2: changes role from CANDIDATE to FOLLOWER at term 0 for REJECTED
2023-12-28 09:09:59,382 [3b28bb72-2ab1-44e1-a9b9-2481c9e85245@group-CC541D257CA2-LeaderElection66] INFO  impl.RoleInfo (RoleInfo.java:shutdownLeaderElection(130)) - 3b28bb72-2ab1-44e1-a9b9-2481c9e85245: shutdown 3b28bb72-2ab1-44e1-a9b9-2481c9e85245@group-CC541D257CA2-LeaderElection66
2023-12-28 09:09:59,382 [3b28bb72-2ab1-44e1-a9b9-2481c9e85245@group-CC541D257CA2-LeaderElection66] INFO  impl.RoleInfo (RoleInfo.java:updateAndGet(139)) - 3b28bb72-2ab1-44e1-a9b9-2481c9e85245: start 3b28bb72-2ab1-44e1-a9b9-2481c9e85245@group-CC541D257CA2-FollowerState
2023-12-28 09:09:59,383 [3b28bb72-2ab1-44e1-a9b9-2481c9e85245@group-CC541D257CA2-LeaderElection66] INFO  server.RaftServer$Division (RaftServerImpl.java:setFirstElection(564)) - 3b28bb72-2ab1-44e1-a9b9-2481c9e85245@group-CC541D257CA2: set firstElectionSinceStartup to false for REJECTED
2023-12-28 09:09:59,458 [3b28bb72-2ab1-44e1-a9b9-2481c9e85245@group-BA4465FE1F69-FollowerState] INFO  impl.FollowerState (FollowerState.java:run(143)) - 3b28bb72-2ab1-44e1-a9b9-2481c9e85245@group-BA4465FE1F69-FollowerState: change to CANDIDATE, lastRpcElapsedTime:5116123565ns, electionTimeout:5115ms
2023-12-28 09:09:59,458 [3b28bb72-2ab1-44e1-a9b9-2481c9e85245@group-BA4465FE1F69-FollowerState] INFO  impl.RoleInfo (RoleInfo.java:shutdownFollowerState(110)) - 3b28bb72-2ab1-44e1-a9b9-2481c9e85245: shutdown 3b28bb72-2ab1-44e1-a9b9-2481c9e85245@group-BA4465FE1F69-FollowerState
2023-12-28 09:09:59,458 [3b28bb72-2ab1-44e1-a9b9-2481c9e85245@group-BA4465FE1F69-FollowerState] INFO  server.RaftServer$Division (RaftServerImpl.java:setRole(379)) - 3b28bb72-2ab1-44e1-a9b9-2481c9e85245@group-BA4465FE1F69: changes role from  FOLLOWER to CANDIDATE at term 0 for changeToCandidate
2023-12-28 09:09:59,458 [3b28bb72-2ab1-44e1-a9b9-2481c9e85245@group-BA4465FE1F69-FollowerState] INFO  server.RaftServerConfigKeys (ConfUtils.java:logGet(46)) - raft.server.leaderelection.pre-vote = true (default)
2023-12-28 09:09:59,458 [3b28bb72-2ab1-44e1-a9b9-2481c9e85245@group-BA4465FE1F69-FollowerState] INFO  impl.RoleInfo (RoleInfo.java:updateAndGet(139)) - 3b28bb72-2ab1-44e1-a9b9-2481c9e85245: start 3b28bb72-2ab1-44e1-a9b9-2481c9e85245@group-BA4465FE1F69-LeaderElection67
2023-12-28 09:09:59,460 [3b28bb72-2ab1-44e1-a9b9-2481c9e85245@group-BA4465FE1F69-LeaderElection67] INFO  impl.LeaderElection (LeaderElection.java:askForVotes(323)) - 3b28bb72-2ab1-44e1-a9b9-2481c9e85245@group-BA4465FE1F69-LeaderElection67 PRE_VOTE round 0: submit vote requests at term 0 for -1: peers:[3b28bb72-2ab1-44e1-a9b9-2481c9e85245|10.1.0.14:15370]|listeners:[], old=null
2023-12-28 09:09:59,460 [3b28bb72-2ab1-44e1-a9b9-2481c9e85245@group-BA4465FE1F69-LeaderElection67] INFO  impl.LeaderElection (LeaderElection.java:askForVotes(325)) - 3b28bb72-2ab1-44e1-a9b9-2481c9e85245@group-BA4465FE1F69-LeaderElection67 PRE_VOTE round 0: result PASSED (term=0)
2023-12-28 09:09:59,461 [3b28bb72-2ab1-44e1-a9b9-2481c9e85245@group-BA4465FE1F69-LeaderElection67] INFO  impl.LeaderElection (LeaderElection.java:askForVotes(323)) - 3b28bb72-2ab1-44e1-a9b9-2481c9e85245@group-BA4465FE1F69-LeaderElection67 ELECTION round 0: submit vote requests at term 1 for -1: peers:[3b28bb72-2ab1-44e1-a9b9-2481c9e85245|10.1.0.14:15370]|listeners:[], old=null
2023-12-28 09:09:59,461 [3b28bb72-2ab1-44e1-a9b9-2481c9e85245@group-BA4465FE1F69-LeaderElection67] INFO  impl.LeaderElection (LeaderElection.java:askForVotes(325)) - 3b28bb72-2ab1-44e1-a9b9-2481c9e85245@group-BA4465FE1F69-LeaderElection67 ELECTION round 0: result PASSED (term=1)
2023-12-28 09:09:59,461 [3b28bb72-2ab1-44e1-a9b9-2481c9e85245@group-BA4465FE1F69-LeaderElection67] INFO  impl.RoleInfo (RoleInfo.java:shutdownLeaderElection(130)) - 3b28bb72-2ab1-44e1-a9b9-2481c9e85245: shutdown 3b28bb72-2ab1-44e1-a9b9-2481c9e85245@group-BA4465FE1F69-LeaderElection67
2023-12-28 09:09:59,461 [3b28bb72-2ab1-44e1-a9b9-2481c9e85245@group-BA4465FE1F69-LeaderElection67] INFO  server.RaftServer$Division (RaftServerImpl.java:setRole(379)) - 3b28bb72-2ab1-44e1-a9b9-2481c9e85245@group-BA4465FE1F69: changes role from CANDIDATE to LEADER at term 1 for changeToLeader
2023-12-28 09:09:59,461 [3b28bb72-2ab1-44e1-a9b9-2481c9e85245@group-BA4465FE1F69-LeaderElection67] INFO  server.RaftServerConfigKeys (ConfUtils.java:logGet(46)) - raft.server.staging.catchup.gap = 1000 (default)
2023-12-28 09:09:59,461 [3b28bb72-2ab1-44e1-a9b9-2481c9e85245@group-BA4465FE1F69-LeaderElection67] INFO  server.RaftServerConfigKeys (ConfUtils.java:logGet(46)) - raft.server.write.element-limit = 1024 (custom)
2023-12-28 09:09:59,461 [3b28bb72-2ab1-44e1-a9b9-2481c9e85245@group-BA4465FE1F69-LeaderElection67] INFO  server.RaftServerConfigKeys (ConfUtils.java:logGet(46)) - raft.server.write.byte-limit = 1024 M (=1073741824) (custom)
2023-12-28 09:09:59,461 [3b28bb72-2ab1-44e1-a9b9-2481c9e85245@group-BA4465FE1F69-LeaderElection67] INFO  server.RaftServerConfigKeys (ConfUtils.java:logGet(46)) - raft.server.watch.timeout = 3000ms (custom)
2023-12-28 09:09:59,461 [3b28bb72-2ab1-44e1-a9b9-2481c9e85245@group-BA4465FE1F69-LeaderElection67] INFO  server.RaftServerConfigKeys (ConfUtils.java:logGet(46)) - raft.server.watch.timeout.denomination = 1s (default)
2023-12-28 09:09:59,461 [3b28bb72-2ab1-44e1-a9b9-2481c9e85245@group-BA4465FE1F69-LeaderElection67] INFO  server.RaftServerConfigKeys (ConfUtils.java:logGet(46)) - raft.server.watch.element-limit = 65536 (default)
2023-12-28 09:09:59,461 [3b28bb72-2ab1-44e1-a9b9-2481c9e85245@group-BA4465FE1F69-LeaderElection67] INFO  server.RaftServerConfigKeys (ConfUtils.java:logGet(46)) - raft.server.read.leader.lease.enabled = false (default)
2023-12-28 09:09:59,461 [3b28bb72-2ab1-44e1-a9b9-2481c9e85245@group-BA4465FE1F69-LeaderElection67] INFO  server.RaftServerConfigKeys (ConfUtils.java:logGet(46)) - raft.server.read.leader.lease.timeout.ratio = 0.9 (default)
2023-12-28 09:09:59,461 [3b28bb72-2ab1-44e1-a9b9-2481c9e85245@group-BA4465FE1F69-LeaderElection67] INFO  server.RaftServerConfigKeys (ConfUtils.java:logGet(46)) - raft.server.rpc.timeout.min = 5s (custom)
2023-12-28 09:09:59,461 [3b28bb72-2ab1-44e1-a9b9-2481c9e85245@group-BA4465FE1F69-LeaderElection67] INFO  server.RaftServerConfigKeys (ConfUtils.java:logGet(46)) - raft.server.write.element-limit = 1024 (custom)
2023-12-28 09:09:59,461 [3b28bb72-2ab1-44e1-a9b9-2481c9e85245@group-BA4465FE1F69-LeaderElection67] INFO  server.RaftServerConfigKeys (ConfUtils.java:logGet(46)) - raft.server.write.follower.gap.ratio.max = -1.0 (default)
2023-12-28 09:09:59,461 [3b28bb72-2ab1-44e1-a9b9-2481c9e85245@group-BA4465FE1F69-LeaderElection67] INFO  impl.RoleInfo (RoleInfo.java:updateAndGet(139)) - 3b28bb72-2ab1-44e1-a9b9-2481c9e85245: start 3b28bb72-2ab1-44e1-a9b9-2481c9e85245@group-BA4465FE1F69-LeaderStateImpl
2023-12-28 09:09:59,461 [3b28bb72-2ab1-44e1-a9b9-2481c9e85245@group-BA4465FE1F69-LeaderElection67] INFO  server.RaftServer$Division (RaftServerImpl.java:setFirstElection(564)) - 3b28bb72-2ab1-44e1-a9b9-2481c9e85245@group-BA4465FE1F69: set firstElectionSinceStartup to false for becomeLeader
2023-12-28 09:09:59,461 [3b28bb72-2ab1-44e1-a9b9-2481c9e85245@group-BA4465FE1F69-LeaderElection67] INFO  ratis.XceiverServerRatis (XceiverServerRatis.java:handleLeaderChangedNotification(935)) - Leader change notification received for group: group-BA4465FE1F69 with new leaderId: 3b28bb72-2ab1-44e1-a9b9-2481c9e85245
2023-12-28 09:09:59,461 [3b28bb72-2ab1-44e1-a9b9-2481c9e85245@group-BA4465FE1F69-LeaderElection67] INFO  server.RaftServer$Division (ServerState.java:setLeader(265)) - 3b28bb72-2ab1-44e1-a9b9-2481c9e85245@group-BA4465FE1F69: change Leader from null to 3b28bb72-2ab1-44e1-a9b9-2481c9e85245 at term 1 for becomeLeader, leader elected after 5131ms
2023-12-28 09:09:59,462 [3b28bb72-2ab1-44e1-a9b9-2481c9e85245@group-BA4465FE1F69-LeaderElection67] INFO  segmented.SegmentedRaftLogWorker (SegmentedRaftLogWorker.java:startLogSegment(428)) - 3b28bb72-2ab1-44e1-a9b9-2481c9e85245@group-BA4465FE1F69-SegmentedRaftLogWorker: Starting segment from index:0
2023-12-28 09:09:59,462 [EventQueue-OpenPipelineForHealthyPipelineSafeModeRule] INFO  safemode.SCMSafeModeManager (HealthyPipelineSafeModeRule.java:process(140)) - SCM in safe mode. Healthy pipelines reported count is 0, required healthy pipeline reported count is 1
2023-12-28 09:09:59,463 [3b28bb72-2ab1-44e1-a9b9-2481c9e85245@group-BA4465FE1F69-LeaderElection67] INFO  server.RaftServer$Division (ServerState.java:setRaftConf(382)) - 3b28bb72-2ab1-44e1-a9b9-2481c9e85245@group-BA4465FE1F69: set configuration 0: peers:[3b28bb72-2ab1-44e1-a9b9-2481c9e85245|10.1.0.14:15370]|listeners:[], old=null
2023-12-28 09:09:59,469 [3b28bb72-2ab1-44e1-a9b9-2481c9e85245@group-BA4465FE1F69-SegmentedRaftLogWorker] INFO  segmented.SegmentedRaftLogWorker (SegmentedRaftLogWorker.java:execute(632)) - 3b28bb72-2ab1-44e1-a9b9-2481c9e85245@group-BA4465FE1F69-SegmentedRaftLogWorker: created new log segment /home/runner/work/ozone/ozone/hadoop-ozone/integration-test/target/test-dir/MiniOzoneClusterImpl-7619c237-1de6-4815-bbe2-f0b52dfbd5bc/datanode-0/data/ratis/55a2ace3-97e0-4be7-8f24-ba4465fe1f69/current/log_inprogress_0
2023-12-28 09:09:59,470 [3b28bb72-2ab1-44e1-a9b9-2481c9e85245@group-BA4465FE1F69-StateMachineUpdater] INFO  server.RaftServer$Division (LeaderStateImpl.java:isApplied(316)) - leader is ready since appliedIndex == 0 >= startIndex == 0
2023-12-28 09:09:59,543 [d5d8acbd-90b5-4ada-8600-10487a3abfb2@group-CC541D257CA2-FollowerState] INFO  server.RaftServerConfigKeys (ConfUtils.java:logFallback(53)) - raft.server.rpc.first-election.timeout.min = 5s (fallback to raft.server.rpc.timeout.min)
2023-12-28 09:09:59,543 [d5d8acbd-90b5-4ada-8600-10487a3abfb2@group-CC541D257CA2-FollowerState] INFO  server.RaftServerConfigKeys (ConfUtils.java:logFallback(53)) - raft.server.rpc.first-election.timeout.max = 5200ms (fallback to raft.server.rpc.timeout.max)
2023-12-28 09:09:59,577 [9b863e56-86de-43f6-b2a7-53906d690b33@group-CC541D257CA2-FollowerState] INFO  impl.FollowerState (FollowerState.java:run(143)) - 9b863e56-86de-43f6-b2a7-53906d690b33@group-CC541D257CA2-FollowerState: change to CANDIDATE, lastRpcElapsedTime:5185902044ns, electionTimeout:5185ms
2023-12-28 09:09:59,577 [9b863e56-86de-43f6-b2a7-53906d690b33@group-CC541D257CA2-FollowerState] INFO  impl.RoleInfo (RoleInfo.java:shutdownFollowerState(110)) - 9b863e56-86de-43f6-b2a7-53906d690b33: shutdown 9b863e56-86de-43f6-b2a7-53906d690b33@group-CC541D257CA2-FollowerState
2023-12-28 09:09:59,577 [9b863e56-86de-43f6-b2a7-53906d690b33@group-CC541D257CA2-FollowerState] INFO  server.RaftServer$Division (RaftServerImpl.java:setRole(379)) - 9b863e56-86de-43f6-b2a7-53906d690b33@group-CC541D257CA2: changes role from  FOLLOWER to CANDIDATE at term 0 for changeToCandidate
2023-12-28 09:09:59,577 [9b863e56-86de-43f6-b2a7-53906d690b33@group-CC541D257CA2-FollowerState] INFO  server.RaftServerConfigKeys (ConfUtils.java:logGet(46)) - raft.server.leaderelection.pre-vote = true (default)
2023-12-28 09:09:59,577 [9b863e56-86de-43f6-b2a7-53906d690b33@group-CC541D257CA2-FollowerState] INFO  impl.RoleInfo (RoleInfo.java:updateAndGet(139)) - 9b863e56-86de-43f6-b2a7-53906d690b33: start 9b863e56-86de-43f6-b2a7-53906d690b33@group-CC541D257CA2-LeaderElection68
2023-12-28 09:09:59,578 [9b863e56-86de-43f6-b2a7-53906d690b33@group-CC541D257CA2-LeaderElection68] INFO  impl.LeaderElection (LeaderElection.java:askForVotes(323)) - 9b863e56-86de-43f6-b2a7-53906d690b33@group-CC541D257CA2-LeaderElection68 PRE_VOTE round 0: submit vote requests at term 0 for -1: peers:[3b28bb72-2ab1-44e1-a9b9-2481c9e85245|10.1.0.14:15370, d5d8acbd-90b5-4ada-8600-10487a3abfb2|10.1.0.14:15379, 9b863e56-86de-43f6-b2a7-53906d690b33|10.1.0.14:15388]|listeners:[], old=null
2023-12-28 09:09:59,578 [9b863e56-86de-43f6-b2a7-53906d690b33@group-CC541D257CA2-LeaderElection68-1] INFO  server.GrpcServerProtocolClient (GrpcServerProtocolClient.java:<init>(65)) - Build channel for 3b28bb72-2ab1-44e1-a9b9-2481c9e85245
2023-12-28 09:09:59,578 [9b863e56-86de-43f6-b2a7-53906d690b33@group-CC541D257CA2-LeaderElection68] INFO  server.RaftServerConfigKeys (ConfUtils.java:logFallback(53)) - raft.server.rpc.first-election.timeout.min = 5s (fallback to raft.server.rpc.timeout.min)
2023-12-28 09:09:59,578 [9b863e56-86de-43f6-b2a7-53906d690b33@group-CC541D257CA2-LeaderElection68-2] INFO  server.GrpcServerProtocolClient (GrpcServerProtocolClient.java:<init>(65)) - Build channel for d5d8acbd-90b5-4ada-8600-10487a3abfb2
2023-12-28 09:09:59,578 [9b863e56-86de-43f6-b2a7-53906d690b33@group-CC541D257CA2-LeaderElection68] INFO  server.RaftServerConfigKeys (ConfUtils.java:logFallback(53)) - raft.server.rpc.first-election.timeout.max = 5200ms (fallback to raft.server.rpc.timeout.max)
2023-12-28 09:09:59,582 [grpc-default-executor-4] INFO  server.RaftServer$Division (RaftServerImpl.java:requestVote(1377)) - d5d8acbd-90b5-4ada-8600-10487a3abfb2@group-CC541D257CA2: receive requestVote(PRE_VOTE, 9b863e56-86de-43f6-b2a7-53906d690b33, group-CC541D257CA2, 0, (t:0, i:0))
2023-12-28 09:09:59,582 [grpc-default-executor-4] INFO  impl.VoteContext (VoteContext.java:log(49)) - d5d8acbd-90b5-4ada-8600-10487a3abfb2@group-CC541D257CA2-FOLLOWER: accept PRE_VOTE from 9b863e56-86de-43f6-b2a7-53906d690b33: our priority 0 <= candidate's priority 1
2023-12-28 09:09:59,583 [grpc-default-executor-4] INFO  server.RaftServer$Division (RaftServerImpl.java:requestVote(1410)) - d5d8acbd-90b5-4ada-8600-10487a3abfb2@group-CC541D257CA2 replies to PRE_VOTE vote request: 9b863e56-86de-43f6-b2a7-53906d690b33<-d5d8acbd-90b5-4ada-8600-10487a3abfb2#0:OK-t0. Peer's state: d5d8acbd-90b5-4ada-8600-10487a3abfb2@group-CC541D257CA2:t0, leader=null, voted=, raftlog=Memoized:d5d8acbd-90b5-4ada-8600-10487a3abfb2@group-CC541D257CA2-SegmentedRaftLog:OPENED:c-1, conf=-1: peers:[3b28bb72-2ab1-44e1-a9b9-2481c9e85245|10.1.0.14:15370, d5d8acbd-90b5-4ada-8600-10487a3abfb2|10.1.0.14:15379, 9b863e56-86de-43f6-b2a7-53906d690b33|10.1.0.14:15388]|listeners:[], old=null
2023-12-28 09:09:59,583 [grpc-default-executor-4] INFO  server.RaftServer$Division (RaftServerImpl.java:requestVote(1377)) - 3b28bb72-2ab1-44e1-a9b9-2481c9e85245@group-CC541D257CA2: receive requestVote(PRE_VOTE, 9b863e56-86de-43f6-b2a7-53906d690b33, group-CC541D257CA2, 0, (t:0, i:0))
2023-12-28 09:09:59,584 [grpc-default-executor-4] INFO  impl.VoteContext (VoteContext.java:log(49)) - 3b28bb72-2ab1-44e1-a9b9-2481c9e85245@group-CC541D257CA2-FOLLOWER: accept PRE_VOTE from 9b863e56-86de-43f6-b2a7-53906d690b33: our priority 0 <= candidate's priority 1
2023-12-28 09:09:59,584 [grpc-default-executor-4] INFO  server.RaftServer$Division (RaftServerImpl.java:requestVote(1410)) - 3b28bb72-2ab1-44e1-a9b9-2481c9e85245@group-CC541D257CA2 replies to PRE_VOTE vote request: 9b863e56-86de-43f6-b2a7-53906d690b33<-3b28bb72-2ab1-44e1-a9b9-2481c9e85245#0:OK-t0. Peer's state: 3b28bb72-2ab1-44e1-a9b9-2481c9e85245@group-CC541D257CA2:t0, leader=null, voted=, raftlog=Memoized:3b28bb72-2ab1-44e1-a9b9-2481c9e85245@group-CC541D257CA2-SegmentedRaftLog:OPENED:c-1, conf=-1: peers:[3b28bb72-2ab1-44e1-a9b9-2481c9e85245|10.1.0.14:15370, d5d8acbd-90b5-4ada-8600-10487a3abfb2|10.1.0.14:15379, 9b863e56-86de-43f6-b2a7-53906d690b33|10.1.0.14:15388]|listeners:[], old=null
2023-12-28 09:09:59,585 [9b863e56-86de-43f6-b2a7-53906d690b33@group-CC541D257CA2-LeaderElection68] INFO  impl.LeaderElection (LeaderElection.java:logAndReturn(89)) - 9b863e56-86de-43f6-b2a7-53906d690b33@group-CC541D257CA2-LeaderElection68: PRE_VOTE PASSED received 1 response(s) and 0 exception(s):
2023-12-28 09:09:59,585 [9b863e56-86de-43f6-b2a7-53906d690b33@group-CC541D257CA2-LeaderElection68] INFO  impl.LeaderElection (LeaderElection.java:logAndReturn(93)) -   Response 0: 9b863e56-86de-43f6-b2a7-53906d690b33<-d5d8acbd-90b5-4ada-8600-10487a3abfb2#0:OK-t0
2023-12-28 09:09:59,585 [9b863e56-86de-43f6-b2a7-53906d690b33@group-CC541D257CA2-LeaderElection68] INFO  impl.LeaderElection (LeaderElection.java:askForVotes(325)) - 9b863e56-86de-43f6-b2a7-53906d690b33@group-CC541D257CA2-LeaderElection68 PRE_VOTE round 0: result PASSED
2023-12-28 09:09:59,586 [9b863e56-86de-43f6-b2a7-53906d690b33@group-CC541D257CA2-LeaderElection68] INFO  impl.LeaderElection (LeaderElection.java:askForVotes(323)) - 9b863e56-86de-43f6-b2a7-53906d690b33@group-CC541D257CA2-LeaderElection68 ELECTION round 0: submit vote requests at term 1 for -1: peers:[3b28bb72-2ab1-44e1-a9b9-2481c9e85245|10.1.0.14:15370, d5d8acbd-90b5-4ada-8600-10487a3abfb2|10.1.0.14:15379, 9b863e56-86de-43f6-b2a7-53906d690b33|10.1.0.14:15388]|listeners:[], old=null
2023-12-28 09:09:59,586 [9b863e56-86de-43f6-b2a7-53906d690b33@group-CC541D257CA2-LeaderElection68] INFO  server.RaftServerConfigKeys (ConfUtils.java:logFallback(53)) - raft.server.rpc.first-election.timeout.min = 5s (fallback to raft.server.rpc.timeout.min)
2023-12-28 09:09:59,586 [9b863e56-86de-43f6-b2a7-53906d690b33@group-CC541D257CA2-LeaderElection68] INFO  server.RaftServerConfigKeys (ConfUtils.java:logFallback(53)) - raft.server.rpc.first-election.timeout.max = 5200ms (fallback to raft.server.rpc.timeout.max)
2023-12-28 09:09:59,586 [grpc-default-executor-4] INFO  server.RaftServer$Division (RaftServerImpl.java:requestVote(1377)) - 3b28bb72-2ab1-44e1-a9b9-2481c9e85245@group-CC541D257CA2: receive requestVote(ELECTION, 9b863e56-86de-43f6-b2a7-53906d690b33, group-CC541D257CA2, 1, (t:0, i:0))
2023-12-28 09:09:59,587 [grpc-default-executor-4] INFO  impl.VoteContext (VoteContext.java:log(49)) - 3b28bb72-2ab1-44e1-a9b9-2481c9e85245@group-CC541D257CA2-FOLLOWER: accept ELECTION from 9b863e56-86de-43f6-b2a7-53906d690b33: our priority 0 <= candidate's priority 1
2023-12-28 09:09:59,587 [grpc-default-executor-4] INFO  server.RaftServer$Division (RaftServerImpl.java:setRole(379)) - 3b28bb72-2ab1-44e1-a9b9-2481c9e85245@group-CC541D257CA2: changes role from  FOLLOWER to FOLLOWER at term 1 for candidate:9b863e56-86de-43f6-b2a7-53906d690b33
2023-12-28 09:09:59,587 [grpc-default-executor-4] INFO  impl.RoleInfo (RoleInfo.java:shutdownFollowerState(110)) - 3b28bb72-2ab1-44e1-a9b9-2481c9e85245: shutdown 3b28bb72-2ab1-44e1-a9b9-2481c9e85245@group-CC541D257CA2-FollowerState
2023-12-28 09:09:59,587 [grpc-default-executor-4] INFO  impl.RoleInfo (RoleInfo.java:updateAndGet(139)) - 3b28bb72-2ab1-44e1-a9b9-2481c9e85245: start 3b28bb72-2ab1-44e1-a9b9-2481c9e85245@group-CC541D257CA2-FollowerState
2023-12-28 09:09:59,587 [3b28bb72-2ab1-44e1-a9b9-2481c9e85245@group-CC541D257CA2-FollowerState] INFO  impl.FollowerState (FollowerState.java:run(152)) - 3b28bb72-2ab1-44e1-a9b9-2481c9e85245@group-CC541D257CA2-FollowerState was interrupted
2023-12-28 09:09:59,587 [grpc-default-executor-6] INFO  server.RaftServer$Division (RaftServerImpl.java:requestVote(1377)) - d5d8acbd-90b5-4ada-8600-10487a3abfb2@group-CC541D257CA2: receive requestVote(ELECTION, 9b863e56-86de-43f6-b2a7-53906d690b33, group-CC541D257CA2, 1, (t:0, i:0))
2023-12-28 09:09:59,587 [grpc-default-executor-6] INFO  impl.VoteContext (VoteContext.java:log(49)) - d5d8acbd-90b5-4ada-8600-10487a3abfb2@group-CC541D257CA2-FOLLOWER: accept ELECTION from 9b863e56-86de-43f6-b2a7-53906d690b33: our priority 0 <= candidate's priority 1
2023-12-28 09:09:59,587 [grpc-default-executor-6] INFO  server.RaftServer$Division (RaftServerImpl.java:setRole(379)) - d5d8acbd-90b5-4ada-8600-10487a3abfb2@group-CC541D257CA2: changes role from  FOLLOWER to FOLLOWER at term 1 for candidate:9b863e56-86de-43f6-b2a7-53906d690b33
2023-12-28 09:09:59,587 [grpc-default-executor-6] INFO  impl.RoleInfo (RoleInfo.java:shutdownFollowerState(110)) - d5d8acbd-90b5-4ada-8600-10487a3abfb2: shutdown d5d8acbd-90b5-4ada-8600-10487a3abfb2@group-CC541D257CA2-FollowerState
2023-12-28 09:09:59,588 [grpc-default-executor-6] INFO  impl.RoleInfo (RoleInfo.java:updateAndGet(139)) - d5d8acbd-90b5-4ada-8600-10487a3abfb2: start d5d8acbd-90b5-4ada-8600-10487a3abfb2@group-CC541D257CA2-FollowerState
2023-12-28 09:09:59,588 [grpc-default-executor-4] INFO  server.RaftServer$Division (RaftServerImpl.java:requestVote(1410)) - 3b28bb72-2ab1-44e1-a9b9-2481c9e85245@group-CC541D257CA2 replies to ELECTION vote request: 9b863e56-86de-43f6-b2a7-53906d690b33<-3b28bb72-2ab1-44e1-a9b9-2481c9e85245#0:OK-t1. Peer's state: 3b28bb72-2ab1-44e1-a9b9-2481c9e85245@group-CC541D257CA2:t1, leader=null, voted=9b863e56-86de-43f6-b2a7-53906d690b33, raftlog=Memoized:3b28bb72-2ab1-44e1-a9b9-2481c9e85245@group-CC541D257CA2-SegmentedRaftLog:OPENED:c-1, conf=-1: peers:[3b28bb72-2ab1-44e1-a9b9-2481c9e85245|10.1.0.14:15370, d5d8acbd-90b5-4ada-8600-10487a3abfb2|10.1.0.14:15379, 9b863e56-86de-43f6-b2a7-53906d690b33|10.1.0.14:15388]|listeners:[], old=null
2023-12-28 09:09:59,588 [grpc-default-executor-6] INFO  server.RaftServer$Division (RaftServerImpl.java:setFirstElection(564)) - d5d8acbd-90b5-4ada-8600-10487a3abfb2@group-CC541D257CA2: set firstElectionSinceStartup to false for candidate:9b863e56-86de-43f6-b2a7-53906d690b33
2023-12-28 09:09:59,588 [d5d8acbd-90b5-4ada-8600-10487a3abfb2@group-CC541D257CA2-FollowerState] INFO  impl.FollowerState (FollowerState.java:run(152)) - d5d8acbd-90b5-4ada-8600-10487a3abfb2@group-CC541D257CA2-FollowerState was interrupted
2023-12-28 09:09:59,589 [grpc-default-executor-6] INFO  server.RaftServer$Division (RaftServerImpl.java:requestVote(1410)) - d5d8acbd-90b5-4ada-8600-10487a3abfb2@group-CC541D257CA2 replies to ELECTION vote request: 9b863e56-86de-43f6-b2a7-53906d690b33<-d5d8acbd-90b5-4ada-8600-10487a3abfb2#0:OK-t1. Peer's state: d5d8acbd-90b5-4ada-8600-10487a3abfb2@group-CC541D257CA2:t1, leader=null, voted=9b863e56-86de-43f6-b2a7-53906d690b33, raftlog=Memoized:d5d8acbd-90b5-4ada-8600-10487a3abfb2@group-CC541D257CA2-SegmentedRaftLog:OPENED:c-1, conf=-1: peers:[3b28bb72-2ab1-44e1-a9b9-2481c9e85245|10.1.0.14:15370, d5d8acbd-90b5-4ada-8600-10487a3abfb2|10.1.0.14:15379, 9b863e56-86de-43f6-b2a7-53906d690b33|10.1.0.14:15388]|listeners:[], old=null
2023-12-28 09:09:59,589 [9b863e56-86de-43f6-b2a7-53906d690b33@group-CC541D257CA2-LeaderElection68] INFO  impl.LeaderElection (LeaderElection.java:logAndReturn(89)) - 9b863e56-86de-43f6-b2a7-53906d690b33@group-CC541D257CA2-LeaderElection68: ELECTION PASSED received 1 response(s) and 0 exception(s):
2023-12-28 09:09:59,589 [9b863e56-86de-43f6-b2a7-53906d690b33@group-CC541D257CA2-LeaderElection68] INFO  impl.LeaderElection (LeaderElection.java:logAndReturn(93)) -   Response 0: 9b863e56-86de-43f6-b2a7-53906d690b33<-3b28bb72-2ab1-44e1-a9b9-2481c9e85245#0:OK-t1
2023-12-28 09:09:59,590 [9b863e56-86de-43f6-b2a7-53906d690b33@group-CC541D257CA2-LeaderElection68] INFO  impl.LeaderElection (LeaderElection.java:askForVotes(325)) - 9b863e56-86de-43f6-b2a7-53906d690b33@group-CC541D257CA2-LeaderElection68 ELECTION round 0: result PASSED
2023-12-28 09:09:59,590 [9b863e56-86de-43f6-b2a7-53906d690b33@group-CC541D257CA2-LeaderElection68] INFO  impl.RoleInfo (RoleInfo.java:shutdownLeaderElection(130)) - 9b863e56-86de-43f6-b2a7-53906d690b33: shutdown 9b863e56-86de-43f6-b2a7-53906d690b33@group-CC541D257CA2-LeaderElection68
2023-12-28 09:09:59,590 [9b863e56-86de-43f6-b2a7-53906d690b33@group-CC541D257CA2-LeaderElection68] INFO  server.RaftServer$Division (RaftServerImpl.java:setRole(379)) - 9b863e56-86de-43f6-b2a7-53906d690b33@group-CC541D257CA2: changes role from CANDIDATE to LEADER at term 1 for changeToLeader
2023-12-28 09:09:59,590 [9b863e56-86de-43f6-b2a7-53906d690b33@group-CC541D257CA2-LeaderElection68] INFO  server.RaftServerConfigKeys (ConfUtils.java:logGet(46)) - raft.server.staging.catchup.gap = 1000 (default)
2023-12-28 09:09:59,590 [9b863e56-86de-43f6-b2a7-53906d690b33@group-CC541D257CA2-LeaderElection68] INFO  server.RaftServerConfigKeys (ConfUtils.java:logGet(46)) - raft.server.write.element-limit = 1024 (custom)
2023-12-28 09:09:59,590 [9b863e56-86de-43f6-b2a7-53906d690b33@group-CC541D257CA2-LeaderElection68] INFO  server.RaftServerConfigKeys (ConfUtils.java:logGet(46)) - raft.server.write.byte-limit = 1024 M (=1073741824) (custom)
2023-12-28 09:09:59,590 [9b863e56-86de-43f6-b2a7-53906d690b33@group-CC541D257CA2-LeaderElection68] INFO  server.RaftServerConfigKeys (ConfUtils.java:logGet(46)) - raft.server.watch.timeout = 3000ms (custom)
2023-12-28 09:09:59,590 [9b863e56-86de-43f6-b2a7-53906d690b33@group-CC541D257CA2-LeaderElection68] INFO  server.RaftServerConfigKeys (ConfUtils.java:logGet(46)) - raft.server.watch.timeout.denomination = 1s (default)
2023-12-28 09:09:59,590 [9b863e56-86de-43f6-b2a7-53906d690b33@group-CC541D257CA2-LeaderElection68] INFO  server.RaftServerConfigKeys (ConfUtils.java:logGet(46)) - raft.server.watch.element-limit = 65536 (default)
2023-12-28 09:09:59,590 [9b863e56-86de-43f6-b2a7-53906d690b33@group-CC541D257CA2-LeaderElection68] INFO  server.RaftServerConfigKeys (ConfUtils.java:logGet(46)) - raft.server.read.leader.lease.enabled = false (default)
2023-12-28 09:09:59,590 [9b863e56-86de-43f6-b2a7-53906d690b33@group-CC541D257CA2-LeaderElection68] INFO  server.RaftServerConfigKeys (ConfUtils.java:logGet(46)) - raft.server.read.leader.lease.timeout.ratio = 0.9 (default)
2023-12-28 09:09:59,590 [9b863e56-86de-43f6-b2a7-53906d690b33@group-CC541D257CA2-LeaderElection68] INFO  server.RaftServerConfigKeys (ConfUtils.java:logGet(46)) - raft.server.rpc.timeout.min = 5s (custom)
2023-12-28 09:09:59,590 [9b863e56-86de-43f6-b2a7-53906d690b33@group-CC541D257CA2-LeaderElection68] INFO  server.RaftServerConfigKeys (ConfUtils.java:logGet(46)) - raft.server.write.element-limit = 1024 (custom)
2023-12-28 09:09:59,591 [9b863e56-86de-43f6-b2a7-53906d690b33@group-CC541D257CA2-LeaderElection68] INFO  server.RaftServerConfigKeys (ConfUtils.java:logGet(46)) - raft.server.write.follower.gap.ratio.max = -1.0 (default)
2023-12-28 09:09:59,591 [9b863e56-86de-43f6-b2a7-53906d690b33@group-CC541D257CA2-LeaderElection68] INFO  server.RaftServerConfigKeys (ConfUtils.java:logGet(46)) - raft.server.log.appender.snapshot.chunk.size.max = 16MB (=16777216) (default)
2023-12-28 09:09:59,591 [9b863e56-86de-43f6-b2a7-53906d690b33@group-CC541D257CA2-LeaderElection68] INFO  server.RaftServerConfigKeys (ConfUtils.java:logGet(46)) - raft.server.log.appender.buffer.byte-limit = 8388608 (custom)
2023-12-28 09:09:59,591 [9b863e56-86de-43f6-b2a7-53906d690b33@group-CC541D257CA2-LeaderElection68] INFO  server.RaftServerConfigKeys (ConfUtils.java:logGet(46)) - raft.server.log.appender.buffer.element-limit = 1 (custom)
2023-12-28 09:09:59,591 [9b863e56-86de-43f6-b2a7-53906d690b33@group-CC541D257CA2-LeaderElection68] INFO  server.RaftServerConfigKeys (ConfUtils.java:logGet(46)) - raft.server.log.appender.wait-time.min = 0ms (custom)
2023-12-28 09:09:59,591 [9b863e56-86de-43f6-b2a7-53906d690b33@group-CC541D257CA2-LeaderElection68] INFO  grpc.GrpcConfigKeys (ConfUtils.java:logGet(46)) - raft.grpc.server.leader.outstanding.appends.max = 8 (default)
2023-12-28 09:09:59,591 [9b863e56-86de-43f6-b2a7-53906d690b33@group-CC541D257CA2-LeaderElection68] INFO  server.RaftServerConfigKeys (ConfUtils.java:logGet(46)) - raft.server.rpc.request.timeout = 3000ms (default)
2023-12-28 09:09:59,591 [9b863e56-86de-43f6-b2a7-53906d690b33@group-CC541D257CA2-LeaderElection68] INFO  grpc.GrpcConfigKeys (ConfUtils.java:logGet(46)) - raft.grpc.server.install_snapshot.request.element-limit = 8 (default)
2023-12-28 09:09:59,592 [9b863e56-86de-43f6-b2a7-53906d690b33@group-CC541D257CA2-LeaderElection68] INFO  grpc.GrpcConfigKeys (ConfUtils.java:logGet(46)) - raft.grpc.server.install_snapshot.request.timeout = 3000ms (default)
2023-12-28 09:09:59,592 [9b863e56-86de-43f6-b2a7-53906d690b33@group-CC541D257CA2-LeaderElection68] INFO  server.RaftServerConfigKeys (ConfUtils.java:logGet(46)) - raft.server.log.appender.install.snapshot.enabled = false (custom)
2023-12-28 09:09:59,592 [9b863e56-86de-43f6-b2a7-53906d690b33@group-CC541D257CA2-LeaderElection68] INFO  grpc.GrpcConfigKeys (ConfUtils.java:logGet(46)) - raft.grpc.server.heartbeat.channel = true (default)
2023-12-28 09:09:59,593 [9b863e56-86de-43f6-b2a7-53906d690b33@group-CC541D257CA2-LeaderElection68] INFO  server.RaftServerConfigKeys (ConfUtils.java:logGet(46)) - raft.server.log.appender.snapshot.chunk.size.max = 16MB (=16777216) (default)
2023-12-28 09:09:59,593 [9b863e56-86de-43f6-b2a7-53906d690b33@group-CC541D257CA2-LeaderElection68] INFO  server.RaftServerConfigKeys (ConfUtils.java:logGet(46)) - raft.server.log.appender.buffer.byte-limit = 8388608 (custom)
2023-12-28 09:09:59,593 [9b863e56-86de-43f6-b2a7-53906d690b33@group-CC541D257CA2-LeaderElection68] INFO  server.RaftServerConfigKeys (ConfUtils.java:logGet(46)) - raft.server.log.appender.buffer.element-limit = 1 (custom)
2023-12-28 09:09:59,593 [9b863e56-86de-43f6-b2a7-53906d690b33@group-CC541D257CA2-LeaderElection68] INFO  server.RaftServerConfigKeys (ConfUtils.java:logGet(46)) - raft.server.log.appender.wait-time.min = 0ms (custom)
2023-12-28 09:09:59,593 [9b863e56-86de-43f6-b2a7-53906d690b33@group-CC541D257CA2-LeaderElection68] INFO  grpc.GrpcConfigKeys (ConfUtils.java:logGet(46)) - raft.grpc.server.leader.outstanding.appends.max = 8 (default)
2023-12-28 09:09:59,593 [9b863e56-86de-43f6-b2a7-53906d690b33@group-CC541D257CA2-LeaderElection68] INFO  server.RaftServerConfigKeys (ConfUtils.java:logGet(46)) - raft.server.rpc.request.timeout = 3000ms (default)
2023-12-28 09:09:59,593 [9b863e56-86de-43f6-b2a7-53906d690b33@group-CC541D257CA2-LeaderElection68] INFO  grpc.GrpcConfigKeys (ConfUtils.java:logGet(46)) - raft.grpc.server.install_snapshot.request.element-limit = 8 (default)
2023-12-28 09:09:59,593 [9b863e56-86de-43f6-b2a7-53906d690b33@group-CC541D257CA2-LeaderElection68] INFO  grpc.GrpcConfigKeys (ConfUtils.java:logGet(46)) - raft.grpc.server.install_snapshot.request.timeout = 3000ms (default)
2023-12-28 09:09:59,593 [9b863e56-86de-43f6-b2a7-53906d690b33@group-CC541D257CA2-LeaderElection68] INFO  server.RaftServerConfigKeys (ConfUtils.java:logGet(46)) - raft.server.log.appender.install.snapshot.enabled = false (custom)
2023-12-28 09:09:59,593 [9b863e56-86de-43f6-b2a7-53906d690b33@group-CC541D257CA2-LeaderElection68] INFO  grpc.GrpcConfigKeys (ConfUtils.java:logGet(46)) - raft.grpc.server.heartbeat.channel = true (default)
2023-12-28 09:09:59,593 [9b863e56-86de-43f6-b2a7-53906d690b33@group-CC541D257CA2-LeaderElection68] INFO  impl.RoleInfo (RoleInfo.java:updateAndGet(139)) - 9b863e56-86de-43f6-b2a7-53906d690b33: start 9b863e56-86de-43f6-b2a7-53906d690b33@group-CC541D257CA2-LeaderStateImpl
2023-12-28 09:09:59,593 [9b863e56-86de-43f6-b2a7-53906d690b33@group-CC541D257CA2-LeaderElection68] INFO  server.RaftServer$Division (RaftServerImpl.java:setFirstElection(564)) - 9b863e56-86de-43f6-b2a7-53906d690b33@group-CC541D257CA2: set firstElectionSinceStartup to false for becomeLeader
2023-12-28 09:09:59,593 [9b863e56-86de-43f6-b2a7-53906d690b33@group-CC541D257CA2-LeaderElection68] INFO  ratis.XceiverServerRatis (XceiverServerRatis.java:handleLeaderChangedNotification(935)) - Leader change notification received for group: group-CC541D257CA2 with new leaderId: 9b863e56-86de-43f6-b2a7-53906d690b33
2023-12-28 09:09:59,594 [9b863e56-86de-43f6-b2a7-53906d690b33@group-CC541D257CA2-LeaderElection68] INFO  server.RaftServer$Division (ServerState.java:setLeader(265)) - 9b863e56-86de-43f6-b2a7-53906d690b33@group-CC541D257CA2: change Leader from null to 9b863e56-86de-43f6-b2a7-53906d690b33 at term 1 for becomeLeader, leader elected after 5212ms
2023-12-28 09:09:59,594 [9b863e56-86de-43f6-b2a7-53906d690b33@group-CC541D257CA2-LeaderElection68] INFO  segmented.SegmentedRaftLogWorker (SegmentedRaftLogWorker.java:startLogSegment(428)) - 9b863e56-86de-43f6-b2a7-53906d690b33@group-CC541D257CA2-SegmentedRaftLogWorker: Starting segment from index:0
2023-12-28 09:09:59,595 [9b863e56-86de-43f6-b2a7-53906d690b33@group-CC541D257CA2-LeaderElection68] INFO  server.RaftServer$Division (ServerState.java:setRaftConf(382)) - 9b863e56-86de-43f6-b2a7-53906d690b33@group-CC541D257CA2: set configuration 0: peers:[3b28bb72-2ab1-44e1-a9b9-2481c9e85245|10.1.0.14:15370, d5d8acbd-90b5-4ada-8600-10487a3abfb2|10.1.0.14:15379, 9b863e56-86de-43f6-b2a7-53906d690b33|10.1.0.14:15388]|listeners:[], old=null
2023-12-28 09:09:59,598 [EventQueue-OpenPipelineForHealthyPipelineSafeModeRule] INFO  safemode.SCMSafeModeManager (HealthyPipelineSafeModeRule.java:process(140)) - SCM in safe mode. Healthy pipelines reported count is 0, required healthy pipeline reported count is 1
2023-12-28 09:09:59,598 [EventQueue-PipelineReportForPipelineReportHandler] INFO  pipeline.PipelineReportHandler (PipelineReportHandler.java:processPipelineReport(136)) - Opened pipeline PipelineID=ba537c18-490c-465f-8071-cc541d257ca2
2023-12-28 09:09:59,598 [EventQueue-OpenPipelineForHealthyPipelineSafeModeRule] INFO  safemode.SCMSafeModeManager (HealthyPipelineSafeModeRule.java:process(140)) - SCM in safe mode. Healthy pipelines reported count is 1, required healthy pipeline reported count is 1
2023-12-28 09:09:59,598 [EventQueue-OpenPipelineForHealthyPipelineSafeModeRule] INFO  safemode.SCMSafeModeManager (SCMSafeModeManager.java:validateSafeModeExitRules(200)) - HealthyPipelineSafeModeRule rule is successfully validated
2023-12-28 09:09:59,598 [EventQueue-OpenPipelineForHealthyPipelineSafeModeRule] INFO  safemode.SCMSafeModeManager (SCMSafeModeManager.java:validateSafeModeExitRules(215)) - ScmSafeModeManager, all rules are successfully validated
2023-12-28 09:09:59,598 [EventQueue-OpenPipelineForHealthyPipelineSafeModeRule] INFO  safemode.SCMSafeModeManager (SCMSafeModeManager.java:exitSafeMode(244)) - SCM exiting safe mode.
2023-12-28 09:09:59,598 [EventQueue-OpenPipelineForHealthyPipelineSafeModeRule] INFO  ha.SCMContext (SCMContext.java:updateSafeModeStatus(230)) - Update SafeModeStatus from SafeModeStatus{safeModeStatus=true, preCheckPassed=true} to SafeModeStatus{safeModeStatus=false, preCheckPassed=true}.
2023-12-28 09:09:59,598 [EventQueue-OpenPipelineForHealthyPipelineSafeModeRule] INFO  pipeline.BackgroundPipelineCreator (BackgroundPipelineCreator.java:notifyStatusChanged(258)) - Service BackgroundPipelineCreator transitions to RUNNING.
2023-12-28 09:09:59,599 [EventQueue-OpenPipelineForHealthyPipelineSafeModeRule] INFO  BackgroundPipelineScrubber (BackgroundSCMService.java:notifyStatusChanged(82)) - Service BackgroundPipelineScrubber transitions to RUNNING.
2023-12-28 09:09:59,599 [EventQueue-OpenPipelineForHealthyPipelineSafeModeRule] INFO  ExpiredContainerReplicaOpScrubber (BackgroundSCMService.java:notifyStatusChanged(82)) - Service ExpiredContainerReplicaOpScrubber transitions to RUNNING.
2023-12-28 09:09:59,599 [EventQueue-OpenPipelineForHealthyPipelineSafeModeRule] INFO  replication.ReplicationManager (ReplicationManager.java:notifyStatusChanged(1401)) - Service ReplicationManager transitions to RUNNING.
2023-12-28 09:09:59,599 [EventQueue-OpenPipelineForHealthyPipelineSafeModeRule] WARN  balancer.ContainerBalancer (ContainerBalancer.java:shouldRun(134)) - Could not find persisted configuration for ContainerBalancer when checking if ContainerBalancer should run. ContainerBalancer should not run now.
2023-12-28 09:09:59,600 [d5d8acbd-90b5-4ada-8600-10487a3abfb2-server-thread1] INFO  ratis.XceiverServerRatis (XceiverServerRatis.java:handleLeaderChangedNotification(935)) - Leader change notification received for group: group-CC541D257CA2 with new leaderId: 9b863e56-86de-43f6-b2a7-53906d690b33
2023-12-28 09:09:59,600 [d5d8acbd-90b5-4ada-8600-10487a3abfb2-server-thread1] INFO  server.RaftServer$Division (ServerState.java:setLeader(265)) - d5d8acbd-90b5-4ada-8600-10487a3abfb2@group-CC541D257CA2: change Leader from null to 9b863e56-86de-43f6-b2a7-53906d690b33 at term 1 for appendEntries, leader elected after 5237ms
2023-12-28 09:09:59,600 [d5d8acbd-90b5-4ada-8600-10487a3abfb2-server-thread1] INFO  server.RaftServer$Division (ServerState.java:setRaftConf(382)) - d5d8acbd-90b5-4ada-8600-10487a3abfb2@group-CC541D257CA2: set configuration 0: peers:[3b28bb72-2ab1-44e1-a9b9-2481c9e85245|10.1.0.14:15370, d5d8acbd-90b5-4ada-8600-10487a3abfb2|10.1.0.14:15379, 9b863e56-86de-43f6-b2a7-53906d690b33|10.1.0.14:15388]|listeners:[], old=null
2023-12-28 09:09:59,601 [d5d8acbd-90b5-4ada-8600-10487a3abfb2-server-thread1] INFO  segmented.SegmentedRaftLogWorker (SegmentedRaftLogWorker.java:startLogSegment(428)) - d5d8acbd-90b5-4ada-8600-10487a3abfb2@group-CC541D257CA2-SegmentedRaftLogWorker: Starting segment from index:0
2023-12-28 09:09:59,606 [3b28bb72-2ab1-44e1-a9b9-2481c9e85245-server-thread1] INFO  ratis.XceiverServerRatis (XceiverServerRatis.java:handleLeaderChangedNotification(935)) - Leader change notification received for group: group-CC541D257CA2 with new leaderId: 9b863e56-86de-43f6-b2a7-53906d690b33
2023-12-28 09:09:59,606 [3b28bb72-2ab1-44e1-a9b9-2481c9e85245-server-thread1] INFO  server.RaftServer$Division (ServerState.java:setLeader(265)) - 3b28bb72-2ab1-44e1-a9b9-2481c9e85245@group-CC541D257CA2: change Leader from null to 9b863e56-86de-43f6-b2a7-53906d690b33 at term 1 for appendEntries, leader elected after 5262ms
2023-12-28 09:09:59,608 [d5d8acbd-90b5-4ada-8600-10487a3abfb2@group-22CAD8B529E3-FollowerState] INFO  impl.FollowerState (FollowerState.java:run(143)) - d5d8acbd-90b5-4ada-8600-10487a3abfb2@group-22CAD8B529E3-FollowerState: change to CANDIDATE, lastRpcElapsedTime:5179058122ns, electionTimeout:5178ms
2023-12-28 09:09:59,608 [d5d8acbd-90b5-4ada-8600-10487a3abfb2@group-22CAD8B529E3-FollowerState] INFO  impl.RoleInfo (RoleInfo.java:shutdownFollowerState(110)) - d5d8acbd-90b5-4ada-8600-10487a3abfb2: shutdown d5d8acbd-90b5-4ada-8600-10487a3abfb2@group-22CAD8B529E3-FollowerState
2023-12-28 09:09:59,608 [d5d8acbd-90b5-4ada-8600-10487a3abfb2@group-22CAD8B529E3-FollowerState] INFO  server.RaftServer$Division (RaftServerImpl.java:setRole(379)) - d5d8acbd-90b5-4ada-8600-10487a3abfb2@group-22CAD8B529E3: changes role from  FOLLOWER to CANDIDATE at term 0 for changeToCandidate
2023-12-28 09:09:59,608 [d5d8acbd-90b5-4ada-8600-10487a3abfb2@group-22CAD8B529E3-FollowerState] INFO  server.RaftServerConfigKeys (ConfUtils.java:logGet(46)) - raft.server.leaderelection.pre-vote = true (default)
2023-12-28 09:09:59,608 [d5d8acbd-90b5-4ada-8600-10487a3abfb2@group-22CAD8B529E3-FollowerState] INFO  impl.RoleInfo (RoleInfo.java:updateAndGet(139)) - d5d8acbd-90b5-4ada-8600-10487a3abfb2: start d5d8acbd-90b5-4ada-8600-10487a3abfb2@group-22CAD8B529E3-LeaderElection69
2023-12-28 09:09:59,609 [9b863e56-86de-43f6-b2a7-53906d690b33@group-CC541D257CA2-SegmentedRaftLogWorker] INFO  segmented.SegmentedRaftLogWorker (SegmentedRaftLogWorker.java:execute(632)) - 9b863e56-86de-43f6-b2a7-53906d690b33@group-CC541D257CA2-SegmentedRaftLogWorker: created new log segment /home/runner/work/ozone/ozone/hadoop-ozone/integration-test/target/test-dir/MiniOzoneClusterImpl-7619c237-1de6-4815-bbe2-f0b52dfbd5bc/datanode-2/data/ratis/ba537c18-490c-465f-8071-cc541d257ca2/current/log_inprogress_0
2023-12-28 09:09:59,609 [d5d8acbd-90b5-4ada-8600-10487a3abfb2@group-CC541D257CA2-SegmentedRaftLogWorker] INFO  segmented.SegmentedRaftLogWorker (SegmentedRaftLogWorker.java:execute(632)) - d5d8acbd-90b5-4ada-8600-10487a3abfb2@group-CC541D257CA2-SegmentedRaftLogWorker: created new log segment /home/runner/work/ozone/ozone/hadoop-ozone/integration-test/target/test-dir/MiniOzoneClusterImpl-7619c237-1de6-4815-bbe2-f0b52dfbd5bc/datanode-1/data/ratis/ba537c18-490c-465f-8071-cc541d257ca2/current/log_inprogress_0
2023-12-28 09:09:59,614 [9b863e56-86de-43f6-b2a7-53906d690b33@group-CC541D257CA2-StateMachineUpdater] INFO  server.RaftServer$Division (LeaderStateImpl.java:isApplied(316)) - leader is ready since appliedIndex == 0 >= startIndex == 0
2023-12-28 09:09:59,615 [d5d8acbd-90b5-4ada-8600-10487a3abfb2@group-22CAD8B529E3-LeaderElection69] INFO  impl.LeaderElection (LeaderElection.java:askForVotes(323)) - d5d8acbd-90b5-4ada-8600-10487a3abfb2@group-22CAD8B529E3-LeaderElection69 PRE_VOTE round 0: submit vote requests at term 0 for -1: peers:[d5d8acbd-90b5-4ada-8600-10487a3abfb2|10.1.0.14:15379]|listeners:[], old=null
2023-12-28 09:09:59,615 [d5d8acbd-90b5-4ada-8600-10487a3abfb2@group-22CAD8B529E3-LeaderElection69] INFO  impl.LeaderElection (LeaderElection.java:askForVotes(325)) - d5d8acbd-90b5-4ada-8600-10487a3abfb2@group-22CAD8B529E3-LeaderElection69 PRE_VOTE round 0: result PASSED (term=0)
2023-12-28 09:09:59,615 [3b28bb72-2ab1-44e1-a9b9-2481c9e85245-server-thread2] INFO  server.RaftServer$Division (ServerState.java:setRaftConf(382)) - 3b28bb72-2ab1-44e1-a9b9-2481c9e85245@group-CC541D257CA2: set configuration 0: peers:[3b28bb72-2ab1-44e1-a9b9-2481c9e85245|10.1.0.14:15370, d5d8acbd-90b5-4ada-8600-10487a3abfb2|10.1.0.14:15379, 9b863e56-86de-43f6-b2a7-53906d690b33|10.1.0.14:15388]|listeners:[], old=null
2023-12-28 09:09:59,615 [3b28bb72-2ab1-44e1-a9b9-2481c9e85245-server-thread2] INFO  segmented.SegmentedRaftLogWorker (SegmentedRaftLogWorker.java:startLogSegment(428)) - 3b28bb72-2ab1-44e1-a9b9-2481c9e85245@group-CC541D257CA2-SegmentedRaftLogWorker: Starting segment from index:0
2023-12-28 09:09:59,616 [d5d8acbd-90b5-4ada-8600-10487a3abfb2@group-22CAD8B529E3-LeaderElection69] INFO  impl.LeaderElection (LeaderElection.java:askForVotes(323)) - d5d8acbd-90b5-4ada-8600-10487a3abfb2@group-22CAD8B529E3-LeaderElection69 ELECTION round 0: submit vote requests at term 1 for -1: peers:[d5d8acbd-90b5-4ada-8600-10487a3abfb2|10.1.0.14:15379]|listeners:[], old=null
2023-12-28 09:09:59,616 [d5d8acbd-90b5-4ada-8600-10487a3abfb2@group-22CAD8B529E3-LeaderElection69] INFO  impl.LeaderElection (LeaderElection.java:askForVotes(325)) - d5d8acbd-90b5-4ada-8600-10487a3abfb2@group-22CAD8B529E3-LeaderElection69 ELECTION round 0: result PASSED (term=1)
2023-12-28 09:09:59,616 [d5d8acbd-90b5-4ada-8600-10487a3abfb2@group-22CAD8B529E3-LeaderElection69] INFO  impl.RoleInfo (RoleInfo.java:shutdownLeaderElection(130)) - d5d8acbd-90b5-4ada-8600-10487a3abfb2: shutdown d5d8acbd-90b5-4ada-8600-10487a3abfb2@group-22CAD8B529E3-LeaderElection69
2023-12-28 09:09:59,616 [d5d8acbd-90b5-4ada-8600-10487a3abfb2@group-22CAD8B529E3-LeaderElection69] INFO  server.RaftServer$Division (RaftServerImpl.java:setRole(379)) - d5d8acbd-90b5-4ada-8600-10487a3abfb2@group-22CAD8B529E3: changes role from CANDIDATE to LEADER at term 1 for changeToLeader
2023-12-28 09:09:59,616 [d5d8acbd-90b5-4ada-8600-10487a3abfb2@group-22CAD8B529E3-LeaderElection69] INFO  server.RaftServerConfigKeys (ConfUtils.java:logGet(46)) - raft.server.staging.catchup.gap = 1000 (default)
2023-12-28 09:09:59,616 [d5d8acbd-90b5-4ada-8600-10487a3abfb2@group-22CAD8B529E3-LeaderElection69] INFO  server.RaftServerConfigKeys (ConfUtils.java:logGet(46)) - raft.server.write.element-limit = 1024 (custom)
2023-12-28 09:09:59,616 [d5d8acbd-90b5-4ada-8600-10487a3abfb2@group-22CAD8B529E3-LeaderElection69] INFO  server.RaftServerConfigKeys (ConfUtils.java:logGet(46)) - raft.server.write.byte-limit = 1024 M (=1073741824) (custom)
2023-12-28 09:09:59,616 [d5d8acbd-90b5-4ada-8600-10487a3abfb2@group-22CAD8B529E3-LeaderElection69] INFO  server.RaftServerConfigKeys (ConfUtils.java:logGet(46)) - raft.server.watch.timeout = 3000ms (custom)
2023-12-28 09:09:59,616 [d5d8acbd-90b5-4ada-8600-10487a3abfb2@group-22CAD8B529E3-LeaderElection69] INFO  server.RaftServerConfigKeys (ConfUtils.java:logGet(46)) - raft.server.watch.timeout.denomination = 1s (default)
2023-12-28 09:09:59,616 [d5d8acbd-90b5-4ada-8600-10487a3abfb2@group-22CAD8B529E3-LeaderElection69] INFO  server.RaftServerConfigKeys (ConfUtils.java:logGet(46)) - raft.server.watch.element-limit = 65536 (default)
2023-12-28 09:09:59,616 [d5d8acbd-90b5-4ada-8600-10487a3abfb2@group-22CAD8B529E3-LeaderElection69] INFO  server.RaftServerConfigKeys (ConfUtils.java:logGet(46)) - raft.server.read.leader.lease.enabled = false (default)
2023-12-28 09:09:59,616 [d5d8acbd-90b5-4ada-8600-10487a3abfb2@group-22CAD8B529E3-LeaderElection69] INFO  server.RaftServerConfigKeys (ConfUtils.java:logGet(46)) - raft.server.read.leader.lease.timeout.ratio = 0.9 (default)
2023-12-28 09:09:59,616 [d5d8acbd-90b5-4ada-8600-10487a3abfb2@group-22CAD8B529E3-LeaderElection69] INFO  server.RaftServerConfigKeys (ConfUtils.java:logGet(46)) - raft.server.rpc.timeout.min = 5s (custom)
2023-12-28 09:09:59,616 [d5d8acbd-90b5-4ada-8600-10487a3abfb2@group-22CAD8B529E3-LeaderElection69] INFO  server.RaftServerConfigKeys (ConfUtils.java:logGet(46)) - raft.server.write.element-limit = 1024 (custom)
2023-12-28 09:09:59,616 [d5d8acbd-90b5-4ada-8600-10487a3abfb2@group-22CAD8B529E3-LeaderElection69] INFO  server.RaftServerConfigKeys (ConfUtils.java:logGet(46)) - raft.server.write.follower.gap.ratio.max = -1.0 (default)
2023-12-28 09:09:59,616 [d5d8acbd-90b5-4ada-8600-10487a3abfb2@group-22CAD8B529E3-LeaderElection69] INFO  impl.RoleInfo (RoleInfo.java:updateAndGet(139)) - d5d8acbd-90b5-4ada-8600-10487a3abfb2: start d5d8acbd-90b5-4ada-8600-10487a3abfb2@group-22CAD8B529E3-LeaderStateImpl
2023-12-28 09:09:59,616 [d5d8acbd-90b5-4ada-8600-10487a3abfb2@group-22CAD8B529E3-LeaderElection69] INFO  server.RaftServer$Division (RaftServerImpl.java:setFirstElection(564)) - d5d8acbd-90b5-4ada-8600-10487a3abfb2@group-22CAD8B529E3: set firstElectionSinceStartup to false for becomeLeader
2023-12-28 09:09:59,616 [d5d8acbd-90b5-4ada-8600-10487a3abfb2@group-22CAD8B529E3-LeaderElection69] INFO  ratis.XceiverServerRatis (XceiverServerRatis.java:handleLeaderChangedNotification(935)) - Leader change notification received for group: group-22CAD8B529E3 with new leaderId: d5d8acbd-90b5-4ada-8600-10487a3abfb2
2023-12-28 09:09:59,616 [d5d8acbd-90b5-4ada-8600-10487a3abfb2@group-22CAD8B529E3-LeaderElection69] INFO  server.RaftServer$Division (ServerState.java:setLeader(265)) - d5d8acbd-90b5-4ada-8600-10487a3abfb2@group-22CAD8B529E3: change Leader from null to d5d8acbd-90b5-4ada-8600-10487a3abfb2 at term 1 for becomeLeader, leader elected after 5199ms
2023-12-28 09:09:59,617 [d5d8acbd-90b5-4ada-8600-10487a3abfb2@group-22CAD8B529E3-LeaderElection69] INFO  segmented.SegmentedRaftLogWorker (SegmentedRaftLogWorker.java:startLogSegment(428)) - d5d8acbd-90b5-4ada-8600-10487a3abfb2@group-22CAD8B529E3-SegmentedRaftLogWorker: Starting segment from index:0
2023-12-28 09:09:59,619 [d5d8acbd-90b5-4ada-8600-10487a3abfb2@group-22CAD8B529E3-LeaderElection69] INFO  server.RaftServer$Division (ServerState.java:setRaftConf(382)) - d5d8acbd-90b5-4ada-8600-10487a3abfb2@group-22CAD8B529E3: set configuration 0: peers:[d5d8acbd-90b5-4ada-8600-10487a3abfb2|10.1.0.14:15379]|listeners:[], old=null
2023-12-28 09:09:59,626 [3b28bb72-2ab1-44e1-a9b9-2481c9e85245@group-CC541D257CA2-SegmentedRaftLogWorker] INFO  segmented.SegmentedRaftLogWorker (SegmentedRaftLogWorker.java:execute(632)) - 3b28bb72-2ab1-44e1-a9b9-2481c9e85245@group-CC541D257CA2-SegmentedRaftLogWorker: created new log segment /home/runner/work/ozone/ozone/hadoop-ozone/integration-test/target/test-dir/MiniOzoneClusterImpl-7619c237-1de6-4815-bbe2-f0b52dfbd5bc/datanode-0/data/ratis/ba537c18-490c-465f-8071-cc541d257ca2/current/log_inprogress_0
2023-12-28 09:09:59,627 [d5d8acbd-90b5-4ada-8600-10487a3abfb2@group-22CAD8B529E3-SegmentedRaftLogWorker] INFO  segmented.SegmentedRaftLogWorker (SegmentedRaftLogWorker.java:execute(632)) - d5d8acbd-90b5-4ada-8600-10487a3abfb2@group-22CAD8B529E3-SegmentedRaftLogWorker: created new log segment /home/runner/work/ozone/ozone/hadoop-ozone/integration-test/target/test-dir/MiniOzoneClusterImpl-7619c237-1de6-4815-bbe2-f0b52dfbd5bc/datanode-1/data/ratis/536f55ad-3429-48bf-ad0f-22cad8b529e3/current/log_inprogress_0
2023-12-28 09:09:59,627 [d5d8acbd-90b5-4ada-8600-10487a3abfb2@group-22CAD8B529E3-StateMachineUpdater] INFO  server.RaftServer$Division (LeaderStateImpl.java:isApplied(316)) - leader is ready since appliedIndex == 0 >= startIndex == 0
2023-12-28 09:09:59,652 [9b863e56-86de-43f6-b2a7-53906d690b33@group-6193271B23AF-FollowerState] INFO  impl.FollowerState (FollowerState.java:run(143)) - 9b863e56-86de-43f6-b2a7-53906d690b33@group-6193271B23AF-FollowerState: change to CANDIDATE, lastRpcElapsedTime:5146387543ns, electionTimeout:5146ms
2023-12-28 09:09:59,652 [9b863e56-86de-43f6-b2a7-53906d690b33@group-6193271B23AF-FollowerState] INFO  impl.RoleInfo (RoleInfo.java:shutdownFollowerState(110)) - 9b863e56-86de-43f6-b2a7-53906d690b33: shutdown 9b863e56-86de-43f6-b2a7-53906d690b33@group-6193271B23AF-FollowerState
2023-12-28 09:09:59,652 [9b863e56-86de-43f6-b2a7-53906d690b33@group-6193271B23AF-FollowerState] INFO  server.RaftServer$Division (RaftServerImpl.java:setRole(379)) - 9b863e56-86de-43f6-b2a7-53906d690b33@group-6193271B23AF: changes role from  FOLLOWER to CANDIDATE at term 0 for changeToCandidate
2023-12-28 09:09:59,652 [9b863e56-86de-43f6-b2a7-53906d690b33@group-6193271B23AF-FollowerState] INFO  server.RaftServerConfigKeys (ConfUtils.java:logGet(46)) - raft.server.leaderelection.pre-vote = true (default)
2023-12-28 09:09:59,653 [9b863e56-86de-43f6-b2a7-53906d690b33@group-6193271B23AF-FollowerState] INFO  impl.RoleInfo (RoleInfo.java:updateAndGet(139)) - 9b863e56-86de-43f6-b2a7-53906d690b33: start 9b863e56-86de-43f6-b2a7-53906d690b33@group-6193271B23AF-LeaderElection70
2023-12-28 09:09:59,654 [9b863e56-86de-43f6-b2a7-53906d690b33@group-6193271B23AF-LeaderElection70] INFO  impl.LeaderElection (LeaderElection.java:askForVotes(323)) - 9b863e56-86de-43f6-b2a7-53906d690b33@group-6193271B23AF-LeaderElection70 PRE_VOTE round 0: submit vote requests at term 0 for -1: peers:[9b863e56-86de-43f6-b2a7-53906d690b33|10.1.0.14:15388]|listeners:[], old=null
2023-12-28 09:09:59,654 [9b863e56-86de-43f6-b2a7-53906d690b33@group-6193271B23AF-LeaderElection70] INFO  impl.LeaderElection (LeaderElection.java:askForVotes(325)) - 9b863e56-86de-43f6-b2a7-53906d690b33@group-6193271B23AF-LeaderElection70 PRE_VOTE round 0: result PASSED (term=0)
2023-12-28 09:09:59,655 [9b863e56-86de-43f6-b2a7-53906d690b33@group-6193271B23AF-LeaderElection70] INFO  impl.LeaderElection (LeaderElection.java:askForVotes(323)) - 9b863e56-86de-43f6-b2a7-53906d690b33@group-6193271B23AF-LeaderElection70 ELECTION round 0: submit vote requests at term 1 for -1: peers:[9b863e56-86de-43f6-b2a7-53906d690b33|10.1.0.14:15388]|listeners:[], old=null
2023-12-28 09:09:59,655 [9b863e56-86de-43f6-b2a7-53906d690b33@group-6193271B23AF-LeaderElection70] INFO  impl.LeaderElection (LeaderElection.java:askForVotes(325)) - 9b863e56-86de-43f6-b2a7-53906d690b33@group-6193271B23AF-LeaderElection70 ELECTION round 0: result PASSED (term=1)
2023-12-28 09:09:59,655 [9b863e56-86de-43f6-b2a7-53906d690b33@group-6193271B23AF-LeaderElection70] INFO  impl.RoleInfo (RoleInfo.java:shutdownLeaderElection(130)) - 9b863e56-86de-43f6-b2a7-53906d690b33: shutdown 9b863e56-86de-43f6-b2a7-53906d690b33@group-6193271B23AF-LeaderElection70
2023-12-28 09:09:59,655 [9b863e56-86de-43f6-b2a7-53906d690b33@group-6193271B23AF-LeaderElection70] INFO  server.RaftServer$Division (RaftServerImpl.java:setRole(379)) - 9b863e56-86de-43f6-b2a7-53906d690b33@group-6193271B23AF: changes role from CANDIDATE to LEADER at term 1 for changeToLeader
2023-12-28 09:09:59,655 [9b863e56-86de-43f6-b2a7-53906d690b33@group-6193271B23AF-LeaderElection70] INFO  server.RaftServerConfigKeys (ConfUtils.java:logGet(46)) - raft.server.staging.catchup.gap = 1000 (default)
2023-12-28 09:09:59,655 [9b863e56-86de-43f6-b2a7-53906d690b33@group-6193271B23AF-LeaderElection70] INFO  server.RaftServerConfigKeys (ConfUtils.java:logGet(46)) - raft.server.write.element-limit = 1024 (custom)
2023-12-28 09:09:59,655 [9b863e56-86de-43f6-b2a7-53906d690b33@group-6193271B23AF-LeaderElection70] INFO  server.RaftServerConfigKeys (ConfUtils.java:logGet(46)) - raft.server.write.byte-limit = 1024 M (=1073741824) (custom)
2023-12-28 09:09:59,655 [9b863e56-86de-43f6-b2a7-53906d690b33@group-6193271B23AF-LeaderElection70] INFO  server.RaftServerConfigKeys (ConfUtils.java:logGet(46)) - raft.server.watch.timeout = 3000ms (custom)
2023-12-28 09:09:59,655 [9b863e56-86de-43f6-b2a7-53906d690b33@group-6193271B23AF-LeaderElection70] INFO  server.RaftServerConfigKeys (ConfUtils.java:logGet(46)) - raft.server.watch.timeout.denomination = 1s (default)
2023-12-28 09:09:59,655 [9b863e56-86de-43f6-b2a7-53906d690b33@group-6193271B23AF-LeaderElection70] INFO  server.RaftServerConfigKeys (ConfUtils.java:logGet(46)) - raft.server.watch.element-limit = 65536 (default)
2023-12-28 09:09:59,655 [9b863e56-86de-43f6-b2a7-53906d690b33@group-6193271B23AF-LeaderElection70] INFO  server.RaftServerConfigKeys (ConfUtils.java:logGet(46)) - raft.server.read.leader.lease.enabled = false (default)
2023-12-28 09:09:59,655 [9b863e56-86de-43f6-b2a7-53906d690b33@group-6193271B23AF-LeaderElection70] INFO  server.RaftServerConfigKeys (ConfUtils.java:logGet(46)) - raft.server.read.leader.lease.timeout.ratio = 0.9 (default)
2023-12-28 09:09:59,655 [9b863e56-86de-43f6-b2a7-53906d690b33@group-6193271B23AF-LeaderElection70] INFO  server.RaftServerConfigKeys (ConfUtils.java:logGet(46)) - raft.server.rpc.timeout.min = 5s (custom)
2023-12-28 09:09:59,655 [9b863e56-86de-43f6-b2a7-53906d690b33@group-6193271B23AF-LeaderElection70] INFO  server.RaftServerConfigKeys (ConfUtils.java:logGet(46)) - raft.server.write.element-limit = 1024 (custom)
2023-12-28 09:09:59,655 [9b863e56-86de-43f6-b2a7-53906d690b33@group-6193271B23AF-LeaderElection70] INFO  server.RaftServerConfigKeys (ConfUtils.java:logGet(46)) - raft.server.write.follower.gap.ratio.max = -1.0 (default)
2023-12-28 09:09:59,655 [9b863e56-86de-43f6-b2a7-53906d690b33@group-6193271B23AF-LeaderElection70] INFO  impl.RoleInfo (RoleInfo.java:updateAndGet(139)) - 9b863e56-86de-43f6-b2a7-53906d690b33: start 9b863e56-86de-43f6-b2a7-53906d690b33@group-6193271B23AF-LeaderStateImpl
2023-12-28 09:09:59,655 [9b863e56-86de-43f6-b2a7-53906d690b33@group-6193271B23AF-LeaderElection70] INFO  server.RaftServer$Division (RaftServerImpl.java:setFirstElection(564)) - 9b863e56-86de-43f6-b2a7-53906d690b33@group-6193271B23AF: set firstElectionSinceStartup to false for becomeLeader
2023-12-28 09:09:59,655 [9b863e56-86de-43f6-b2a7-53906d690b33@group-6193271B23AF-LeaderElection70] INFO  ratis.XceiverServerRatis (XceiverServerRatis.java:handleLeaderChangedNotification(935)) - Leader change notification received for group: group-6193271B23AF with new leaderId: 9b863e56-86de-43f6-b2a7-53906d690b33
2023-12-28 09:09:59,655 [9b863e56-86de-43f6-b2a7-53906d690b33@group-6193271B23AF-LeaderElection70] INFO  server.RaftServer$Division (ServerState.java:setLeader(265)) - 9b863e56-86de-43f6-b2a7-53906d690b33@group-6193271B23AF: change Leader from null to 9b863e56-86de-43f6-b2a7-53906d690b33 at term 1 for becomeLeader, leader elected after 5157ms
2023-12-28 09:09:59,655 [9b863e56-86de-43f6-b2a7-53906d690b33@group-6193271B23AF-LeaderElection70] INFO  segmented.SegmentedRaftLogWorker (SegmentedRaftLogWorker.java:startLogSegment(428)) - 9b863e56-86de-43f6-b2a7-53906d690b33@group-6193271B23AF-SegmentedRaftLogWorker: Starting segment from index:0
2023-12-28 09:09:59,656 [9b863e56-86de-43f6-b2a7-53906d690b33@group-6193271B23AF-LeaderElection70] INFO  server.RaftServer$Division (ServerState.java:setRaftConf(382)) - 9b863e56-86de-43f6-b2a7-53906d690b33@group-6193271B23AF: set configuration 0: peers:[9b863e56-86de-43f6-b2a7-53906d690b33|10.1.0.14:15388]|listeners:[], old=null
2023-12-28 09:09:59,665 [9b863e56-86de-43f6-b2a7-53906d690b33@group-6193271B23AF-SegmentedRaftLogWorker] INFO  segmented.SegmentedRaftLogWorker (SegmentedRaftLogWorker.java:execute(632)) - 9b863e56-86de-43f6-b2a7-53906d690b33@group-6193271B23AF-SegmentedRaftLogWorker: created new log segment /home/runner/work/ozone/ozone/hadoop-ozone/integration-test/target/test-dir/MiniOzoneClusterImpl-7619c237-1de6-4815-bbe2-f0b52dfbd5bc/datanode-2/data/ratis/82d0baf4-e72c-4bb9-8206-6193271b23af/current/log_inprogress_0
2023-12-28 09:09:59,666 [9b863e56-86de-43f6-b2a7-53906d690b33@group-6193271B23AF-StateMachineUpdater] INFO  server.RaftServer$Division (LeaderStateImpl.java:isApplied(316)) - leader is ready since appliedIndex == 0 >= startIndex == 0
2023-12-28 09:09:59,740 [3882d302-0766-4582-8526-483b5b0fafe4@group-3BE9841DE9A8-FollowerState] INFO  impl.FollowerState (FollowerState.java:run(143)) - 3882d302-0766-4582-8526-483b5b0fafe4@group-3BE9841DE9A8-FollowerState: change to CANDIDATE, lastRpcElapsedTime:5139420583ns, electionTimeout:5139ms
2023-12-28 09:09:59,740 [3882d302-0766-4582-8526-483b5b0fafe4@group-3BE9841DE9A8-FollowerState] INFO  impl.RoleInfo (RoleInfo.java:shutdownFollowerState(110)) - 3882d302-0766-4582-8526-483b5b0fafe4: shutdown 3882d302-0766-4582-8526-483b5b0fafe4@group-3BE9841DE9A8-FollowerState
2023-12-28 09:09:59,740 [3882d302-0766-4582-8526-483b5b0fafe4@group-3BE9841DE9A8-FollowerState] INFO  server.RaftServer$Division (RaftServerImpl.java:setRole(379)) - 3882d302-0766-4582-8526-483b5b0fafe4@group-3BE9841DE9A8: changes role from  FOLLOWER to CANDIDATE at term 0 for changeToCandidate
2023-12-28 09:09:59,740 [3882d302-0766-4582-8526-483b5b0fafe4@group-3BE9841DE9A8-FollowerState] INFO  server.RaftServerConfigKeys (ConfUtils.java:logGet(46)) - raft.server.leaderelection.pre-vote = true (default)
2023-12-28 09:09:59,740 [3882d302-0766-4582-8526-483b5b0fafe4@group-3BE9841DE9A8-FollowerState] INFO  impl.RoleInfo (RoleInfo.java:updateAndGet(139)) - 3882d302-0766-4582-8526-483b5b0fafe4: start 3882d302-0766-4582-8526-483b5b0fafe4@group-3BE9841DE9A8-LeaderElection71
2023-12-28 09:09:59,741 [3882d302-0766-4582-8526-483b5b0fafe4@group-3BE9841DE9A8-LeaderElection71] INFO  impl.LeaderElection (LeaderElection.java:askForVotes(323)) - 3882d302-0766-4582-8526-483b5b0fafe4@group-3BE9841DE9A8-LeaderElection71 PRE_VOTE round 0: submit vote requests at term 0 for -1: peers:[3882d302-0766-4582-8526-483b5b0fafe4|10.1.0.14:15397]|listeners:[], old=null
2023-12-28 09:09:59,742 [3882d302-0766-4582-8526-483b5b0fafe4@group-3BE9841DE9A8-LeaderElection71] INFO  impl.LeaderElection (LeaderElection.java:askForVotes(325)) - 3882d302-0766-4582-8526-483b5b0fafe4@group-3BE9841DE9A8-LeaderElection71 PRE_VOTE round 0: result PASSED (term=0)
2023-12-28 09:09:59,743 [3882d302-0766-4582-8526-483b5b0fafe4@group-3BE9841DE9A8-LeaderElection71] INFO  impl.LeaderElection (LeaderElection.java:askForVotes(323)) - 3882d302-0766-4582-8526-483b5b0fafe4@group-3BE9841DE9A8-LeaderElection71 ELECTION round 0: submit vote requests at term 1 for -1: peers:[3882d302-0766-4582-8526-483b5b0fafe4|10.1.0.14:15397]|listeners:[], old=null
2023-12-28 09:09:59,743 [3882d302-0766-4582-8526-483b5b0fafe4@group-3BE9841DE9A8-LeaderElection71] INFO  impl.LeaderElection (LeaderElection.java:askForVotes(325)) - 3882d302-0766-4582-8526-483b5b0fafe4@group-3BE9841DE9A8-LeaderElection71 ELECTION round 0: result PASSED (term=1)
2023-12-28 09:09:59,743 [3882d302-0766-4582-8526-483b5b0fafe4@group-3BE9841DE9A8-LeaderElection71] INFO  impl.RoleInfo (RoleInfo.java:shutdownLeaderElection(130)) - 3882d302-0766-4582-8526-483b5b0fafe4: shutdown 3882d302-0766-4582-8526-483b5b0fafe4@group-3BE9841DE9A8-LeaderElection71
2023-12-28 09:09:59,743 [3882d302-0766-4582-8526-483b5b0fafe4@group-3BE9841DE9A8-LeaderElection71] INFO  server.RaftServer$Division (RaftServerImpl.java:setRole(379)) - 3882d302-0766-4582-8526-483b5b0fafe4@group-3BE9841DE9A8: changes role from CANDIDATE to LEADER at term 1 for changeToLeader
2023-12-28 09:09:59,743 [3882d302-0766-4582-8526-483b5b0fafe4@group-3BE9841DE9A8-LeaderElection71] INFO  server.RaftServerConfigKeys (ConfUtils.java:logGet(46)) - raft.server.staging.catchup.gap = 1000 (default)
2023-12-28 09:09:59,743 [3882d302-0766-4582-8526-483b5b0fafe4@group-3BE9841DE9A8-LeaderElection71] INFO  server.RaftServerConfigKeys (ConfUtils.java:logGet(46)) - raft.server.write.element-limit = 1024 (custom)
2023-12-28 09:09:59,743 [3882d302-0766-4582-8526-483b5b0fafe4@group-3BE9841DE9A8-LeaderElection71] INFO  server.RaftServerConfigKeys (ConfUtils.java:logGet(46)) - raft.server.write.byte-limit = 1024 M (=1073741824) (custom)
2023-12-28 09:09:59,743 [3882d302-0766-4582-8526-483b5b0fafe4@group-3BE9841DE9A8-LeaderElection71] INFO  server.RaftServerConfigKeys (ConfUtils.java:logGet(46)) - raft.server.watch.timeout = 3000ms (custom)
2023-12-28 09:09:59,743 [3882d302-0766-4582-8526-483b5b0fafe4@group-3BE9841DE9A8-LeaderElection71] INFO  server.RaftServerConfigKeys (ConfUtils.java:logGet(46)) - raft.server.watch.timeout.denomination = 1s (default)
2023-12-28 09:09:59,743 [3882d302-0766-4582-8526-483b5b0fafe4@group-3BE9841DE9A8-LeaderElection71] INFO  server.RaftServerConfigKeys (ConfUtils.java:logGet(46)) - raft.server.watch.element-limit = 65536 (default)
2023-12-28 09:09:59,743 [3882d302-0766-4582-8526-483b5b0fafe4@group-3BE9841DE9A8-LeaderElection71] INFO  server.RaftServerConfigKeys (ConfUtils.java:logGet(46)) - raft.server.read.leader.lease.enabled = false (default)
2023-12-28 09:09:59,743 [3882d302-0766-4582-8526-483b5b0fafe4@group-3BE9841DE9A8-LeaderElection71] INFO  server.RaftServerConfigKeys (ConfUtils.java:logGet(46)) - raft.server.read.leader.lease.timeout.ratio = 0.9 (default)
2023-12-28 09:09:59,743 [3882d302-0766-4582-8526-483b5b0fafe4@group-3BE9841DE9A8-LeaderElection71] INFO  server.RaftServerConfigKeys (ConfUtils.java:logGet(46)) - raft.server.rpc.timeout.min = 5s (custom)
2023-12-28 09:09:59,744 [3882d302-0766-4582-8526-483b5b0fafe4@group-3BE9841DE9A8-LeaderElection71] INFO  server.RaftServerConfigKeys (ConfUtils.java:logGet(46)) - raft.server.write.element-limit = 1024 (custom)
2023-12-28 09:09:59,744 [3882d302-0766-4582-8526-483b5b0fafe4@group-3BE9841DE9A8-LeaderElection71] INFO  server.RaftServerConfigKeys (ConfUtils.java:logGet(46)) - raft.server.write.follower.gap.ratio.max = -1.0 (default)
2023-12-28 09:09:59,744 [3882d302-0766-4582-8526-483b5b0fafe4@group-3BE9841DE9A8-LeaderElection71] INFO  impl.RoleInfo (RoleInfo.java:updateAndGet(139)) - 3882d302-0766-4582-8526-483b5b0fafe4: start 3882d302-0766-4582-8526-483b5b0fafe4@group-3BE9841DE9A8-LeaderStateImpl
2023-12-28 09:09:59,744 [3882d302-0766-4582-8526-483b5b0fafe4@group-3BE9841DE9A8-LeaderElection71] INFO  server.RaftServer$Division (RaftServerImpl.java:setFirstElection(564)) - 3882d302-0766-4582-8526-483b5b0fafe4@group-3BE9841DE9A8: set firstElectionSinceStartup to false for becomeLeader
2023-12-28 09:09:59,744 [3882d302-0766-4582-8526-483b5b0fafe4@group-3BE9841DE9A8-LeaderElection71] INFO  ratis.XceiverServerRatis (XceiverServerRatis.java:handleLeaderChangedNotification(935)) - Leader change notification received for group: group-3BE9841DE9A8 with new leaderId: 3882d302-0766-4582-8526-483b5b0fafe4
2023-12-28 09:09:59,744 [3882d302-0766-4582-8526-483b5b0fafe4@group-3BE9841DE9A8-LeaderElection71] INFO  server.RaftServer$Division (ServerState.java:setLeader(265)) - 3882d302-0766-4582-8526-483b5b0fafe4@group-3BE9841DE9A8: change Leader from null to 3882d302-0766-4582-8526-483b5b0fafe4 at term 1 for becomeLeader, leader elected after 5154ms
2023-12-28 09:09:59,744 [3882d302-0766-4582-8526-483b5b0fafe4@group-3BE9841DE9A8-LeaderElection71] INFO  segmented.SegmentedRaftLogWorker (SegmentedRaftLogWorker.java:startLogSegment(428)) - 3882d302-0766-4582-8526-483b5b0fafe4@group-3BE9841DE9A8-SegmentedRaftLogWorker: Starting segment from index:0
2023-12-28 09:09:59,745 [3882d302-0766-4582-8526-483b5b0fafe4@group-3BE9841DE9A8-LeaderElection71] INFO  server.RaftServer$Division (ServerState.java:setRaftConf(382)) - 3882d302-0766-4582-8526-483b5b0fafe4@group-3BE9841DE9A8: set configuration 0: peers:[3882d302-0766-4582-8526-483b5b0fafe4|10.1.0.14:15397]|listeners:[], old=null
2023-12-28 09:09:59,752 [3882d302-0766-4582-8526-483b5b0fafe4@group-3BE9841DE9A8-SegmentedRaftLogWorker] INFO  segmented.SegmentedRaftLogWorker (SegmentedRaftLogWorker.java:execute(632)) - 3882d302-0766-4582-8526-483b5b0fafe4@group-3BE9841DE9A8-SegmentedRaftLogWorker: created new log segment /home/runner/work/ozone/ozone/hadoop-ozone/integration-test/target/test-dir/MiniOzoneClusterImpl-7619c237-1de6-4815-bbe2-f0b52dfbd5bc/datanode-3/data/ratis/7edaee47-6c4e-4d9b-b4d0-3be9841de9a8/current/log_inprogress_0
2023-12-28 09:09:59,752 [3882d302-0766-4582-8526-483b5b0fafe4@group-3BE9841DE9A8-StateMachineUpdater] INFO  server.RaftServer$Division (LeaderStateImpl.java:isApplied(316)) - leader is ready since appliedIndex == 0 >= startIndex == 0
2023-12-28 09:09:59,804 [42fe86c5-ef4c-4426-bfd8-a8401ddf98d5@group-0D882B591608-FollowerState] INFO  impl.FollowerState (FollowerState.java:run(143)) - 42fe86c5-ef4c-4426-bfd8-a8401ddf98d5@group-0D882B591608-FollowerState: change to CANDIDATE, lastRpcElapsedTime:5107315756ns, electionTimeout:5107ms
2023-12-28 09:09:59,804 [42fe86c5-ef4c-4426-bfd8-a8401ddf98d5@group-0D882B591608-FollowerState] INFO  impl.RoleInfo (RoleInfo.java:shutdownFollowerState(110)) - 42fe86c5-ef4c-4426-bfd8-a8401ddf98d5: shutdown 42fe86c5-ef4c-4426-bfd8-a8401ddf98d5@group-0D882B591608-FollowerState
2023-12-28 09:09:59,804 [42fe86c5-ef4c-4426-bfd8-a8401ddf98d5@group-0D882B591608-FollowerState] INFO  server.RaftServer$Division (RaftServerImpl.java:setRole(379)) - 42fe86c5-ef4c-4426-bfd8-a8401ddf98d5@group-0D882B591608: changes role from  FOLLOWER to CANDIDATE at term 0 for changeToCandidate
2023-12-28 09:09:59,804 [42fe86c5-ef4c-4426-bfd8-a8401ddf98d5@group-0D882B591608-FollowerState] INFO  server.RaftServerConfigKeys (ConfUtils.java:logGet(46)) - raft.server.leaderelection.pre-vote = true (default)
2023-12-28 09:09:59,804 [42fe86c5-ef4c-4426-bfd8-a8401ddf98d5@group-0D882B591608-FollowerState] INFO  impl.RoleInfo (RoleInfo.java:updateAndGet(139)) - 42fe86c5-ef4c-4426-bfd8-a8401ddf98d5: start 42fe86c5-ef4c-4426-bfd8-a8401ddf98d5@group-0D882B591608-LeaderElection72
2023-12-28 09:09:59,805 [42fe86c5-ef4c-4426-bfd8-a8401ddf98d5@group-0D882B591608-LeaderElection72] INFO  impl.LeaderElection (LeaderElection.java:askForVotes(323)) - 42fe86c5-ef4c-4426-bfd8-a8401ddf98d5@group-0D882B591608-LeaderElection72 PRE_VOTE round 0: submit vote requests at term 0 for -1: peers:[31ca3cec-ca1e-4771-b2d4-3cf5bbdf2d7e|10.1.0.14:15415, 3882d302-0766-4582-8526-483b5b0fafe4|10.1.0.14:15397, 42fe86c5-ef4c-4426-bfd8-a8401ddf98d5|10.1.0.14:15406]|listeners:[], old=null
2023-12-28 09:09:59,805 [42fe86c5-ef4c-4426-bfd8-a8401ddf98d5@group-0D882B591608-LeaderElection72-1] INFO  server.GrpcServerProtocolClient (GrpcServerProtocolClient.java:<init>(65)) - Build channel for 31ca3cec-ca1e-4771-b2d4-3cf5bbdf2d7e
2023-12-28 09:09:59,805 [42fe86c5-ef4c-4426-bfd8-a8401ddf98d5@group-0D882B591608-LeaderElection72] INFO  server.RaftServerConfigKeys (ConfUtils.java:logFallback(53)) - raft.server.rpc.first-election.timeout.min = 5s (fallback to raft.server.rpc.timeout.min)
2023-12-28 09:09:59,805 [42fe86c5-ef4c-4426-bfd8-a8401ddf98d5@group-0D882B591608-LeaderElection72-2] INFO  server.GrpcServerProtocolClient (GrpcServerProtocolClient.java:<init>(65)) - Build channel for 3882d302-0766-4582-8526-483b5b0fafe4
2023-12-28 09:09:59,805 [42fe86c5-ef4c-4426-bfd8-a8401ddf98d5@group-0D882B591608-LeaderElection72] INFO  server.RaftServerConfigKeys (ConfUtils.java:logFallback(53)) - raft.server.rpc.first-election.timeout.max = 5200ms (fallback to raft.server.rpc.timeout.max)
2023-12-28 09:09:59,811 [grpc-default-executor-1] INFO  server.RaftServer$Division (RaftServerImpl.java:requestVote(1377)) - 31ca3cec-ca1e-4771-b2d4-3cf5bbdf2d7e@group-0D882B591608: receive requestVote(PRE_VOTE, 42fe86c5-ef4c-4426-bfd8-a8401ddf98d5, group-0D882B591608, 0, (t:0, i:0))
2023-12-28 09:09:59,811 [grpc-default-executor-6] INFO  server.RaftServer$Division (RaftServerImpl.java:requestVote(1377)) - 3882d302-0766-4582-8526-483b5b0fafe4@group-0D882B591608: receive requestVote(PRE_VOTE, 42fe86c5-ef4c-4426-bfd8-a8401ddf98d5, group-0D882B591608, 0, (t:0, i:0))
2023-12-28 09:09:59,811 [grpc-default-executor-1] INFO  impl.VoteContext (VoteContext.java:log(49)) - 31ca3cec-ca1e-4771-b2d4-3cf5bbdf2d7e@group-0D882B591608-FOLLOWER: accept PRE_VOTE from 42fe86c5-ef4c-4426-bfd8-a8401ddf98d5: our priority 0 <= candidate's priority 0
2023-12-28 09:09:59,811 [grpc-default-executor-6] INFO  impl.VoteContext (VoteContext.java:log(49)) - 3882d302-0766-4582-8526-483b5b0fafe4@group-0D882B591608-FOLLOWER: reject PRE_VOTE from 42fe86c5-ef4c-4426-bfd8-a8401ddf98d5: our priority 1 > candidate's priority 0
2023-12-28 09:09:59,811 [grpc-default-executor-1] INFO  server.RaftServer$Division (RaftServerImpl.java:requestVote(1410)) - 31ca3cec-ca1e-4771-b2d4-3cf5bbdf2d7e@group-0D882B591608 replies to PRE_VOTE vote request: 42fe86c5-ef4c-4426-bfd8-a8401ddf98d5<-31ca3cec-ca1e-4771-b2d4-3cf5bbdf2d7e#0:OK-t0. Peer's state: 31ca3cec-ca1e-4771-b2d4-3cf5bbdf2d7e@group-0D882B591608:t0, leader=null, voted=, raftlog=Memoized:31ca3cec-ca1e-4771-b2d4-3cf5bbdf2d7e@group-0D882B591608-SegmentedRaftLog:OPENED:c-1, conf=-1: peers:[31ca3cec-ca1e-4771-b2d4-3cf5bbdf2d7e|10.1.0.14:15415, 3882d302-0766-4582-8526-483b5b0fafe4|10.1.0.14:15397, 42fe86c5-ef4c-4426-bfd8-a8401ddf98d5|10.1.0.14:15406]|listeners:[], old=null
2023-12-28 09:09:59,811 [grpc-default-executor-6] INFO  server.RaftServer$Division (RaftServerImpl.java:requestVote(1410)) - 3882d302-0766-4582-8526-483b5b0fafe4@group-0D882B591608 replies to PRE_VOTE vote request: 42fe86c5-ef4c-4426-bfd8-a8401ddf98d5<-3882d302-0766-4582-8526-483b5b0fafe4#0:FAIL-t0. Peer's state: 3882d302-0766-4582-8526-483b5b0fafe4@group-0D882B591608:t0, leader=null, voted=, raftlog=Memoized:3882d302-0766-4582-8526-483b5b0fafe4@group-0D882B591608-SegmentedRaftLog:OPENED:c-1, conf=-1: peers:[31ca3cec-ca1e-4771-b2d4-3cf5bbdf2d7e|10.1.0.14:15415, 3882d302-0766-4582-8526-483b5b0fafe4|10.1.0.14:15397, 42fe86c5-ef4c-4426-bfd8-a8401ddf98d5|10.1.0.14:15406]|listeners:[], old=null
2023-12-28 09:09:59,812 [42fe86c5-ef4c-4426-bfd8-a8401ddf98d5@group-0D882B591608-LeaderElection72] INFO  impl.LeaderElection (LeaderElection.java:logAndReturn(89)) - 42fe86c5-ef4c-4426-bfd8-a8401ddf98d5@group-0D882B591608-LeaderElection72: PRE_VOTE REJECTED received 2 response(s) and 0 exception(s):
2023-12-28 09:09:59,812 [42fe86c5-ef4c-4426-bfd8-a8401ddf98d5@group-0D882B591608-LeaderElection72] INFO  impl.LeaderElection (LeaderElection.java:logAndReturn(93)) -   Response 0: 42fe86c5-ef4c-4426-bfd8-a8401ddf98d5<-31ca3cec-ca1e-4771-b2d4-3cf5bbdf2d7e#0:OK-t0
2023-12-28 09:09:59,812 [42fe86c5-ef4c-4426-bfd8-a8401ddf98d5@group-0D882B591608-LeaderElection72] INFO  impl.LeaderElection (LeaderElection.java:logAndReturn(93)) -   Response 1: 42fe86c5-ef4c-4426-bfd8-a8401ddf98d5<-3882d302-0766-4582-8526-483b5b0fafe4#0:FAIL-t0
2023-12-28 09:09:59,812 [42fe86c5-ef4c-4426-bfd8-a8401ddf98d5@group-0D882B591608-LeaderElection72] INFO  impl.LeaderElection (LeaderElection.java:askForVotes(325)) - 42fe86c5-ef4c-4426-bfd8-a8401ddf98d5@group-0D882B591608-LeaderElection72 PRE_VOTE round 0: result REJECTED
2023-12-28 09:09:59,812 [42fe86c5-ef4c-4426-bfd8-a8401ddf98d5@group-0D882B591608-LeaderElection72] INFO  server.RaftServer$Division (RaftServerImpl.java:setRole(379)) - 42fe86c5-ef4c-4426-bfd8-a8401ddf98d5@group-0D882B591608: changes role from CANDIDATE to FOLLOWER at term 0 for REJECTED
2023-12-28 09:09:59,812 [42fe86c5-ef4c-4426-bfd8-a8401ddf98d5@group-0D882B591608-LeaderElection72] INFO  impl.RoleInfo (RoleInfo.java:shutdownLeaderElection(130)) - 42fe86c5-ef4c-4426-bfd8-a8401ddf98d5: shutdown 42fe86c5-ef4c-4426-bfd8-a8401ddf98d5@group-0D882B591608-LeaderElection72
2023-12-28 09:09:59,812 [42fe86c5-ef4c-4426-bfd8-a8401ddf98d5@group-0D882B591608-LeaderElection72] INFO  impl.RoleInfo (RoleInfo.java:updateAndGet(139)) - 42fe86c5-ef4c-4426-bfd8-a8401ddf98d5: start 42fe86c5-ef4c-4426-bfd8-a8401ddf98d5@group-0D882B591608-FollowerState
2023-12-28 09:09:59,813 [42fe86c5-ef4c-4426-bfd8-a8401ddf98d5@group-0D882B591608-LeaderElection72] INFO  server.RaftServer$Division (RaftServerImpl.java:setFirstElection(564)) - 42fe86c5-ef4c-4426-bfd8-a8401ddf98d5@group-0D882B591608: set firstElectionSinceStartup to false for REJECTED
2023-12-28 09:09:59,819 [42fe86c5-ef4c-4426-bfd8-a8401ddf98d5@group-1F2F71CB6E5C-FollowerState] INFO  impl.FollowerState (FollowerState.java:run(143)) - 42fe86c5-ef4c-4426-bfd8-a8401ddf98d5@group-1F2F71CB6E5C-FollowerState: change to CANDIDATE, lastRpcElapsedTime:5112672355ns, electionTimeout:5112ms
2023-12-28 09:09:59,819 [42fe86c5-ef4c-4426-bfd8-a8401ddf98d5@group-1F2F71CB6E5C-FollowerState] INFO  impl.RoleInfo (RoleInfo.java:shutdownFollowerState(110)) - 42fe86c5-ef4c-4426-bfd8-a8401ddf98d5: shutdown 42fe86c5-ef4c-4426-bfd8-a8401ddf98d5@group-1F2F71CB6E5C-FollowerState
2023-12-28 09:09:59,819 [31ca3cec-ca1e-4771-b2d4-3cf5bbdf2d7e@group-0D882B591608-FollowerState] INFO  server.RaftServerConfigKeys (ConfUtils.java:logFallback(53)) - raft.server.rpc.first-election.timeout.min = 5s (fallback to raft.server.rpc.timeout.min)
2023-12-28 09:09:59,819 [42fe86c5-ef4c-4426-bfd8-a8401ddf98d5@group-1F2F71CB6E5C-FollowerState] INFO  server.RaftServer$Division (RaftServerImpl.java:setRole(379)) - 42fe86c5-ef4c-4426-bfd8-a8401ddf98d5@group-1F2F71CB6E5C: changes role from  FOLLOWER to CANDIDATE at term 0 for changeToCandidate
2023-12-28 09:09:59,819 [31ca3cec-ca1e-4771-b2d4-3cf5bbdf2d7e@group-0D882B591608-FollowerState] INFO  server.RaftServerConfigKeys (ConfUtils.java:logFallback(53)) - raft.server.rpc.first-election.timeout.max = 5200ms (fallback to raft.server.rpc.timeout.max)
2023-12-28 09:09:59,820 [42fe86c5-ef4c-4426-bfd8-a8401ddf98d5@group-1F2F71CB6E5C-FollowerState] INFO  server.RaftServerConfigKeys (ConfUtils.java:logGet(46)) - raft.server.leaderelection.pre-vote = true (default)
2023-12-28 09:09:59,820 [42fe86c5-ef4c-4426-bfd8-a8401ddf98d5@group-1F2F71CB6E5C-FollowerState] INFO  impl.RoleInfo (RoleInfo.java:updateAndGet(139)) - 42fe86c5-ef4c-4426-bfd8-a8401ddf98d5: start 42fe86c5-ef4c-4426-bfd8-a8401ddf98d5@group-1F2F71CB6E5C-LeaderElection73
2023-12-28 09:09:59,821 [42fe86c5-ef4c-4426-bfd8-a8401ddf98d5@group-1F2F71CB6E5C-LeaderElection73] INFO  impl.LeaderElection (LeaderElection.java:askForVotes(323)) - 42fe86c5-ef4c-4426-bfd8-a8401ddf98d5@group-1F2F71CB6E5C-LeaderElection73 PRE_VOTE round 0: submit vote requests at term 0 for -1: peers:[42fe86c5-ef4c-4426-bfd8-a8401ddf98d5|10.1.0.14:15406]|listeners:[], old=null
2023-12-28 09:09:59,821 [42fe86c5-ef4c-4426-bfd8-a8401ddf98d5@group-1F2F71CB6E5C-LeaderElection73] INFO  impl.LeaderElection (LeaderElection.java:askForVotes(325)) - 42fe86c5-ef4c-4426-bfd8-a8401ddf98d5@group-1F2F71CB6E5C-LeaderElection73 PRE_VOTE round 0: result PASSED (term=0)
2023-12-28 09:09:59,822 [42fe86c5-ef4c-4426-bfd8-a8401ddf98d5@group-1F2F71CB6E5C-LeaderElection73] INFO  impl.LeaderElection (LeaderElection.java:askForVotes(323)) - 42fe86c5-ef4c-4426-bfd8-a8401ddf98d5@group-1F2F71CB6E5C-LeaderElection73 ELECTION round 0: submit vote requests at term 1 for -1: peers:[42fe86c5-ef4c-4426-bfd8-a8401ddf98d5|10.1.0.14:15406]|listeners:[], old=null
2023-12-28 09:09:59,822 [42fe86c5-ef4c-4426-bfd8-a8401ddf98d5@group-1F2F71CB6E5C-LeaderElection73] INFO  impl.LeaderElection (LeaderElection.java:askForVotes(325)) - 42fe86c5-ef4c-4426-bfd8-a8401ddf98d5@group-1F2F71CB6E5C-LeaderElection73 ELECTION round 0: result PASSED (term=1)
2023-12-28 09:09:59,822 [42fe86c5-ef4c-4426-bfd8-a8401ddf98d5@group-1F2F71CB6E5C-LeaderElection73] INFO  impl.RoleInfo (RoleInfo.java:shutdownLeaderElection(130)) - 42fe86c5-ef4c-4426-bfd8-a8401ddf98d5: shutdown 42fe86c5-ef4c-4426-bfd8-a8401ddf98d5@group-1F2F71CB6E5C-LeaderElection73
2023-12-28 09:09:59,822 [42fe86c5-ef4c-4426-bfd8-a8401ddf98d5@group-1F2F71CB6E5C-LeaderElection73] INFO  server.RaftServer$Division (RaftServerImpl.java:setRole(379)) - 42fe86c5-ef4c-4426-bfd8-a8401ddf98d5@group-1F2F71CB6E5C: changes role from CANDIDATE to LEADER at term 1 for changeToLeader
2023-12-28 09:09:59,822 [42fe86c5-ef4c-4426-bfd8-a8401ddf98d5@group-1F2F71CB6E5C-LeaderElection73] INFO  server.RaftServerConfigKeys (ConfUtils.java:logGet(46)) - raft.server.staging.catchup.gap = 1000 (default)
2023-12-28 09:09:59,822 [42fe86c5-ef4c-4426-bfd8-a8401ddf98d5@group-1F2F71CB6E5C-LeaderElection73] INFO  server.RaftServerConfigKeys (ConfUtils.java:logGet(46)) - raft.server.write.element-limit = 1024 (custom)
2023-12-28 09:09:59,822 [42fe86c5-ef4c-4426-bfd8-a8401ddf98d5@group-1F2F71CB6E5C-LeaderElection73] INFO  server.RaftServerConfigKeys (ConfUtils.java:logGet(46)) - raft.server.write.byte-limit = 1024 M (=1073741824) (custom)
2023-12-28 09:09:59,823 [42fe86c5-ef4c-4426-bfd8-a8401ddf98d5@group-1F2F71CB6E5C-LeaderElection73] INFO  server.RaftServerConfigKeys (ConfUtils.java:logGet(46)) - raft.server.watch.timeout = 3000ms (custom)
2023-12-28 09:09:59,823 [42fe86c5-ef4c-4426-bfd8-a8401ddf98d5@group-1F2F71CB6E5C-LeaderElection73] INFO  server.RaftServerConfigKeys (ConfUtils.java:logGet(46)) - raft.server.watch.timeout.denomination = 1s (default)
2023-12-28 09:09:59,823 [42fe86c5-ef4c-4426-bfd8-a8401ddf98d5@group-1F2F71CB6E5C-LeaderElection73] INFO  server.RaftServerConfigKeys (ConfUtils.java:logGet(46)) - raft.server.watch.element-limit = 65536 (default)
2023-12-28 09:09:59,823 [42fe86c5-ef4c-4426-bfd8-a8401ddf98d5@group-1F2F71CB6E5C-LeaderElection73] INFO  server.RaftServerConfigKeys (ConfUtils.java:logGet(46)) - raft.server.read.leader.lease.enabled = false (default)
2023-12-28 09:09:59,823 [42fe86c5-ef4c-4426-bfd8-a8401ddf98d5@group-1F2F71CB6E5C-LeaderElection73] INFO  server.RaftServerConfigKeys (ConfUtils.java:logGet(46)) - raft.server.read.leader.lease.timeout.ratio = 0.9 (default)
2023-12-28 09:09:59,823 [42fe86c5-ef4c-4426-bfd8-a8401ddf98d5@group-1F2F71CB6E5C-LeaderElection73] INFO  server.RaftServerConfigKeys (ConfUtils.java:logGet(46)) - raft.server.rpc.timeout.min = 5s (custom)
2023-12-28 09:09:59,823 [42fe86c5-ef4c-4426-bfd8-a8401ddf98d5@group-1F2F71CB6E5C-LeaderElection73] INFO  server.RaftServerConfigKeys (ConfUtils.java:logGet(46)) - raft.server.write.element-limit = 1024 (custom)
2023-12-28 09:09:59,823 [42fe86c5-ef4c-4426-bfd8-a8401ddf98d5@group-1F2F71CB6E5C-LeaderElection73] INFO  server.RaftServerConfigKeys (ConfUtils.java:logGet(46)) - raft.server.write.follower.gap.ratio.max = -1.0 (default)
2023-12-28 09:09:59,823 [42fe86c5-ef4c-4426-bfd8-a8401ddf98d5@group-1F2F71CB6E5C-LeaderElection73] INFO  impl.RoleInfo (RoleInfo.java:updateAndGet(139)) - 42fe86c5-ef4c-4426-bfd8-a8401ddf98d5: start 42fe86c5-ef4c-4426-bfd8-a8401ddf98d5@group-1F2F71CB6E5C-LeaderStateImpl
2023-12-28 09:09:59,823 [42fe86c5-ef4c-4426-bfd8-a8401ddf98d5@group-1F2F71CB6E5C-LeaderElection73] INFO  server.RaftServer$Division (RaftServerImpl.java:setFirstElection(564)) - 42fe86c5-ef4c-4426-bfd8-a8401ddf98d5@group-1F2F71CB6E5C: set firstElectionSinceStartup to false for becomeLeader
2023-12-28 09:09:59,823 [42fe86c5-ef4c-4426-bfd8-a8401ddf98d5@group-1F2F71CB6E5C-LeaderElection73] INFO  ratis.XceiverServerRatis (XceiverServerRatis.java:handleLeaderChangedNotification(935)) - Leader change notification received for group: group-1F2F71CB6E5C with new leaderId: 42fe86c5-ef4c-4426-bfd8-a8401ddf98d5
2023-12-28 09:09:59,823 [42fe86c5-ef4c-4426-bfd8-a8401ddf98d5@group-1F2F71CB6E5C-LeaderElection73] INFO  server.RaftServer$Division (ServerState.java:setLeader(265)) - 42fe86c5-ef4c-4426-bfd8-a8401ddf98d5@group-1F2F71CB6E5C: change Leader from null to 42fe86c5-ef4c-4426-bfd8-a8401ddf98d5 at term 1 for becomeLeader, leader elected after 5135ms
2023-12-28 09:09:59,823 [42fe86c5-ef4c-4426-bfd8-a8401ddf98d5@group-1F2F71CB6E5C-LeaderElection73] INFO  segmented.SegmentedRaftLogWorker (SegmentedRaftLogWorker.java:startLogSegment(428)) - 42fe86c5-ef4c-4426-bfd8-a8401ddf98d5@group-1F2F71CB6E5C-SegmentedRaftLogWorker: Starting segment from index:0
2023-12-28 09:09:59,824 [42fe86c5-ef4c-4426-bfd8-a8401ddf98d5@group-1F2F71CB6E5C-LeaderElection73] INFO  server.RaftServer$Division (ServerState.java:setRaftConf(382)) - 42fe86c5-ef4c-4426-bfd8-a8401ddf98d5@group-1F2F71CB6E5C: set configuration 0: peers:[42fe86c5-ef4c-4426-bfd8-a8401ddf98d5|10.1.0.14:15406]|listeners:[], old=null
2023-12-28 09:09:59,831 [42fe86c5-ef4c-4426-bfd8-a8401ddf98d5@group-1F2F71CB6E5C-SegmentedRaftLogWorker] INFO  segmented.SegmentedRaftLogWorker (SegmentedRaftLogWorker.java:execute(632)) - 42fe86c5-ef4c-4426-bfd8-a8401ddf98d5@group-1F2F71CB6E5C-SegmentedRaftLogWorker: created new log segment /home/runner/work/ozone/ozone/hadoop-ozone/integration-test/target/test-dir/MiniOzoneClusterImpl-7619c237-1de6-4815-bbe2-f0b52dfbd5bc/datanode-4/data/ratis/96e8e2aa-9f13-45fc-986d-1f2f71cb6e5c/current/log_inprogress_0
2023-12-28 09:09:59,832 [42fe86c5-ef4c-4426-bfd8-a8401ddf98d5@group-1F2F71CB6E5C-StateMachineUpdater] INFO  server.RaftServer$Division (LeaderStateImpl.java:isApplied(316)) - leader is ready since appliedIndex == 0 >= startIndex == 0
2023-12-28 09:09:59,848 [3882d302-0766-4582-8526-483b5b0fafe4@group-0D882B591608-FollowerState] INFO  impl.FollowerState (FollowerState.java:run(143)) - 3882d302-0766-4582-8526-483b5b0fafe4@group-0D882B591608-FollowerState: change to CANDIDATE, lastRpcElapsedTime:5201952370ns, electionTimeout:5198ms
2023-12-28 09:09:59,848 [3882d302-0766-4582-8526-483b5b0fafe4@group-0D882B591608-FollowerState] INFO  impl.RoleInfo (RoleInfo.java:shutdownFollowerState(110)) - 3882d302-0766-4582-8526-483b5b0fafe4: shutdown 3882d302-0766-4582-8526-483b5b0fafe4@group-0D882B591608-FollowerState
2023-12-28 09:09:59,848 [3882d302-0766-4582-8526-483b5b0fafe4@group-0D882B591608-FollowerState] INFO  server.RaftServer$Division (RaftServerImpl.java:setRole(379)) - 3882d302-0766-4582-8526-483b5b0fafe4@group-0D882B591608: changes role from  FOLLOWER to CANDIDATE at term 0 for changeToCandidate
2023-12-28 09:09:59,848 [3882d302-0766-4582-8526-483b5b0fafe4@group-0D882B591608-FollowerState] INFO  server.RaftServerConfigKeys (ConfUtils.java:logGet(46)) - raft.server.leaderelection.pre-vote = true (default)
2023-12-28 09:09:59,848 [3882d302-0766-4582-8526-483b5b0fafe4@group-0D882B591608-FollowerState] INFO  impl.RoleInfo (RoleInfo.java:updateAndGet(139)) - 3882d302-0766-4582-8526-483b5b0fafe4: start 3882d302-0766-4582-8526-483b5b0fafe4@group-0D882B591608-LeaderElection74
2023-12-28 09:09:59,854 [3882d302-0766-4582-8526-483b5b0fafe4@group-0D882B591608-LeaderElection74] INFO  impl.LeaderElection (LeaderElection.java:askForVotes(323)) - 3882d302-0766-4582-8526-483b5b0fafe4@group-0D882B591608-LeaderElection74 PRE_VOTE round 0: submit vote requests at term 0 for -1: peers:[31ca3cec-ca1e-4771-b2d4-3cf5bbdf2d7e|10.1.0.14:15415, 3882d302-0766-4582-8526-483b5b0fafe4|10.1.0.14:15397, 42fe86c5-ef4c-4426-bfd8-a8401ddf98d5|10.1.0.14:15406]|listeners:[], old=null
2023-12-28 09:09:59,854 [3882d302-0766-4582-8526-483b5b0fafe4@group-0D882B591608-LeaderElection74] INFO  server.RaftServerConfigKeys (ConfUtils.java:logFallback(53)) - raft.server.rpc.first-election.timeout.min = 5s (fallback to raft.server.rpc.timeout.min)
2023-12-28 09:09:59,854 [3882d302-0766-4582-8526-483b5b0fafe4@group-0D882B591608-LeaderElection74] INFO  server.RaftServerConfigKeys (ConfUtils.java:logFallback(53)) - raft.server.rpc.first-election.timeout.max = 5200ms (fallback to raft.server.rpc.timeout.max)
2023-12-28 09:09:59,856 [3882d302-0766-4582-8526-483b5b0fafe4@group-0D882B591608-LeaderElection74-2] INFO  server.GrpcServerProtocolClient (GrpcServerProtocolClient.java:<init>(65)) - Build channel for 42fe86c5-ef4c-4426-bfd8-a8401ddf98d5
2023-12-28 09:09:59,856 [3882d302-0766-4582-8526-483b5b0fafe4@group-0D882B591608-LeaderElection74-1] INFO  server.GrpcServerProtocolClient (GrpcServerProtocolClient.java:<init>(65)) - Build channel for 31ca3cec-ca1e-4771-b2d4-3cf5bbdf2d7e
2023-12-28 09:09:59,859 [grpc-default-executor-1] INFO  server.RaftServer$Division (RaftServerImpl.java:requestVote(1377)) - 31ca3cec-ca1e-4771-b2d4-3cf5bbdf2d7e@group-0D882B591608: receive requestVote(PRE_VOTE, 3882d302-0766-4582-8526-483b5b0fafe4, group-0D882B591608, 0, (t:0, i:0))
2023-12-28 09:09:59,860 [grpc-default-executor-1] INFO  impl.VoteContext (VoteContext.java:log(49)) - 31ca3cec-ca1e-4771-b2d4-3cf5bbdf2d7e@group-0D882B591608-FOLLOWER: accept PRE_VOTE from 3882d302-0766-4582-8526-483b5b0fafe4: our priority 0 <= candidate's priority 1
2023-12-28 09:09:59,860 [grpc-default-executor-6] INFO  server.RaftServer$Division (RaftServerImpl.java:requestVote(1377)) - 42fe86c5-ef4c-4426-bfd8-a8401ddf98d5@group-0D882B591608: receive requestVote(PRE_VOTE, 3882d302-0766-4582-8526-483b5b0fafe4, group-0D882B591608, 0, (t:0, i:0))
2023-12-28 09:09:59,860 [grpc-default-executor-1] INFO  server.RaftServer$Division (RaftServerImpl.java:requestVote(1410)) - 31ca3cec-ca1e-4771-b2d4-3cf5bbdf2d7e@group-0D882B591608 replies to PRE_VOTE vote request: 3882d302-0766-4582-8526-483b5b0fafe4<-31ca3cec-ca1e-4771-b2d4-3cf5bbdf2d7e#0:OK-t0. Peer's state: 31ca3cec-ca1e-4771-b2d4-3cf5bbdf2d7e@group-0D882B591608:t0, leader=null, voted=, raftlog=Memoized:31ca3cec-ca1e-4771-b2d4-3cf5bbdf2d7e@group-0D882B591608-SegmentedRaftLog:OPENED:c-1, conf=-1: peers:[31ca3cec-ca1e-4771-b2d4-3cf5bbdf2d7e|10.1.0.14:15415, 3882d302-0766-4582-8526-483b5b0fafe4|10.1.0.14:15397, 42fe86c5-ef4c-4426-bfd8-a8401ddf98d5|10.1.0.14:15406]|listeners:[], old=null
2023-12-28 09:09:59,860 [grpc-default-executor-6] INFO  impl.VoteContext (VoteContext.java:log(49)) - 42fe86c5-ef4c-4426-bfd8-a8401ddf98d5@group-0D882B591608-FOLLOWER: accept PRE_VOTE from 3882d302-0766-4582-8526-483b5b0fafe4: our priority 0 <= candidate's priority 1
2023-12-28 09:09:59,860 [grpc-default-executor-6] INFO  server.RaftServer$Division (RaftServerImpl.java:requestVote(1410)) - 42fe86c5-ef4c-4426-bfd8-a8401ddf98d5@group-0D882B591608 replies to PRE_VOTE vote request: 3882d302-0766-4582-8526-483b5b0fafe4<-42fe86c5-ef4c-4426-bfd8-a8401ddf98d5#0:OK-t0. Peer's state: 42fe86c5-ef4c-4426-bfd8-a8401ddf98d5@group-0D882B591608:t0, leader=null, voted=, raftlog=Memoized:42fe86c5-ef4c-4426-bfd8-a8401ddf98d5@group-0D882B591608-SegmentedRaftLog:OPENED:c-1, conf=-1: peers:[31ca3cec-ca1e-4771-b2d4-3cf5bbdf2d7e|10.1.0.14:15415, 3882d302-0766-4582-8526-483b5b0fafe4|10.1.0.14:15397, 42fe86c5-ef4c-4426-bfd8-a8401ddf98d5|10.1.0.14:15406]|listeners:[], old=null
2023-12-28 09:09:59,861 [3882d302-0766-4582-8526-483b5b0fafe4@group-0D882B591608-LeaderElection74] INFO  impl.LeaderElection (LeaderElection.java:logAndReturn(89)) - 3882d302-0766-4582-8526-483b5b0fafe4@group-0D882B591608-LeaderElection74: PRE_VOTE PASSED received 1 response(s) and 0 exception(s):
2023-12-28 09:09:59,861 [3882d302-0766-4582-8526-483b5b0fafe4@group-0D882B591608-LeaderElection74] INFO  impl.LeaderElection (LeaderElection.java:logAndReturn(93)) -   Response 0: 3882d302-0766-4582-8526-483b5b0fafe4<-31ca3cec-ca1e-4771-b2d4-3cf5bbdf2d7e#0:OK-t0
2023-12-28 09:09:59,861 [3882d302-0766-4582-8526-483b5b0fafe4@group-0D882B591608-LeaderElection74] INFO  impl.LeaderElection (LeaderElection.java:askForVotes(325)) - 3882d302-0766-4582-8526-483b5b0fafe4@group-0D882B591608-LeaderElection74 PRE_VOTE round 0: result PASSED
2023-12-28 09:09:59,863 [3882d302-0766-4582-8526-483b5b0fafe4@group-0D882B591608-LeaderElection74] INFO  impl.LeaderElection (LeaderElection.java:askForVotes(323)) - 3882d302-0766-4582-8526-483b5b0fafe4@group-0D882B591608-LeaderElection74 ELECTION round 0: submit vote requests at term 1 for -1: peers:[31ca3cec-ca1e-4771-b2d4-3cf5bbdf2d7e|10.1.0.14:15415, 3882d302-0766-4582-8526-483b5b0fafe4|10.1.0.14:15397, 42fe86c5-ef4c-4426-bfd8-a8401ddf98d5|10.1.0.14:15406]|listeners:[], old=null
2023-12-28 09:09:59,863 [3882d302-0766-4582-8526-483b5b0fafe4@group-0D882B591608-LeaderElection74] INFO  server.RaftServerConfigKeys (ConfUtils.java:logFallback(53)) - raft.server.rpc.first-election.timeout.min = 5s (fallback to raft.server.rpc.timeout.min)
2023-12-28 09:09:59,863 [3882d302-0766-4582-8526-483b5b0fafe4@group-0D882B591608-LeaderElection74] INFO  server.RaftServerConfigKeys (ConfUtils.java:logFallback(53)) - raft.server.rpc.first-election.timeout.max = 5200ms (fallback to raft.server.rpc.timeout.max)
2023-12-28 09:09:59,863 [grpc-default-executor-1] INFO  server.RaftServer$Division (RaftServerImpl.java:requestVote(1377)) - 31ca3cec-ca1e-4771-b2d4-3cf5bbdf2d7e@group-0D882B591608: receive requestVote(ELECTION, 3882d302-0766-4582-8526-483b5b0fafe4, group-0D882B591608, 1, (t:0, i:0))
2023-12-28 09:09:59,863 [grpc-default-executor-1] INFO  impl.VoteContext (VoteContext.java:log(49)) - 31ca3cec-ca1e-4771-b2d4-3cf5bbdf2d7e@group-0D882B591608-FOLLOWER: accept ELECTION from 3882d302-0766-4582-8526-483b5b0fafe4: our priority 0 <= candidate's priority 1
2023-12-28 09:09:59,863 [grpc-default-executor-1] INFO  server.RaftServer$Division (RaftServerImpl.java:setRole(379)) - 31ca3cec-ca1e-4771-b2d4-3cf5bbdf2d7e@group-0D882B591608: changes role from  FOLLOWER to FOLLOWER at term 1 for candidate:3882d302-0766-4582-8526-483b5b0fafe4
2023-12-28 09:09:59,863 [grpc-default-executor-1] INFO  impl.RoleInfo (RoleInfo.java:shutdownFollowerState(110)) - 31ca3cec-ca1e-4771-b2d4-3cf5bbdf2d7e: shutdown 31ca3cec-ca1e-4771-b2d4-3cf5bbdf2d7e@group-0D882B591608-FollowerState
2023-12-28 09:09:59,864 [grpc-default-executor-1] INFO  impl.RoleInfo (RoleInfo.java:updateAndGet(139)) - 31ca3cec-ca1e-4771-b2d4-3cf5bbdf2d7e: start 31ca3cec-ca1e-4771-b2d4-3cf5bbdf2d7e@group-0D882B591608-FollowerState
2023-12-28 09:09:59,864 [31ca3cec-ca1e-4771-b2d4-3cf5bbdf2d7e@group-0D882B591608-FollowerState] INFO  impl.FollowerState (FollowerState.java:run(152)) - 31ca3cec-ca1e-4771-b2d4-3cf5bbdf2d7e@group-0D882B591608-FollowerState was interrupted
2023-12-28 09:09:59,864 [grpc-default-executor-1] INFO  server.RaftServer$Division (RaftServerImpl.java:setFirstElection(564)) - 31ca3cec-ca1e-4771-b2d4-3cf5bbdf2d7e@group-0D882B591608: set firstElectionSinceStartup to false for candidate:3882d302-0766-4582-8526-483b5b0fafe4
2023-12-28 09:09:59,865 [grpc-default-executor-6] INFO  server.RaftServer$Division (RaftServerImpl.java:requestVote(1377)) - 42fe86c5-ef4c-4426-bfd8-a8401ddf98d5@group-0D882B591608: receive requestVote(ELECTION, 3882d302-0766-4582-8526-483b5b0fafe4, group-0D882B591608, 1, (t:0, i:0))
2023-12-28 09:09:59,865 [grpc-default-executor-6] INFO  impl.VoteContext (VoteContext.java:log(49)) - 42fe86c5-ef4c-4426-bfd8-a8401ddf98d5@group-0D882B591608-FOLLOWER: accept ELECTION from 3882d302-0766-4582-8526-483b5b0fafe4: our priority 0 <= candidate's priority 1
2023-12-28 09:09:59,865 [grpc-default-executor-6] INFO  server.RaftServer$Division (RaftServerImpl.java:setRole(379)) - 42fe86c5-ef4c-4426-bfd8-a8401ddf98d5@group-0D882B591608: changes role from  FOLLOWER to FOLLOWER at term 1 for candidate:3882d302-0766-4582-8526-483b5b0fafe4
2023-12-28 09:09:59,865 [grpc-default-executor-6] INFO  impl.RoleInfo (RoleInfo.java:shutdownFollowerState(110)) - 42fe86c5-ef4c-4426-bfd8-a8401ddf98d5: shutdown 42fe86c5-ef4c-4426-bfd8-a8401ddf98d5@group-0D882B591608-FollowerState
2023-12-28 09:09:59,865 [grpc-default-executor-6] INFO  impl.RoleInfo (RoleInfo.java:updateAndGet(139)) - 42fe86c5-ef4c-4426-bfd8-a8401ddf98d5: start 42fe86c5-ef4c-4426-bfd8-a8401ddf98d5@group-0D882B591608-FollowerState
2023-12-28 09:09:59,865 [42fe86c5-ef4c-4426-bfd8-a8401ddf98d5@group-0D882B591608-FollowerState] INFO  impl.FollowerState (FollowerState.java:run(152)) - 42fe86c5-ef4c-4426-bfd8-a8401ddf98d5@group-0D882B591608-FollowerState was interrupted
2023-12-28 09:09:59,867 [grpc-default-executor-1] INFO  server.RaftServer$Division (RaftServerImpl.java:requestVote(1410)) - 31ca3cec-ca1e-4771-b2d4-3cf5bbdf2d7e@group-0D882B591608 replies to ELECTION vote request: 3882d302-0766-4582-8526-483b5b0fafe4<-31ca3cec-ca1e-4771-b2d4-3cf5bbdf2d7e#0:OK-t1. Peer's state: 31ca3cec-ca1e-4771-b2d4-3cf5bbdf2d7e@group-0D882B591608:t1, leader=null, voted=3882d302-0766-4582-8526-483b5b0fafe4, raftlog=Memoized:31ca3cec-ca1e-4771-b2d4-3cf5bbdf2d7e@group-0D882B591608-SegmentedRaftLog:OPENED:c-1, conf=-1: peers:[31ca3cec-ca1e-4771-b2d4-3cf5bbdf2d7e|10.1.0.14:15415, 3882d302-0766-4582-8526-483b5b0fafe4|10.1.0.14:15397, 42fe86c5-ef4c-4426-bfd8-a8401ddf98d5|10.1.0.14:15406]|listeners:[], old=null
2023-12-28 09:09:59,867 [3882d302-0766-4582-8526-483b5b0fafe4@group-0D882B591608-LeaderElection74] INFO  impl.LeaderElection (LeaderElection.java:logAndReturn(89)) - 3882d302-0766-4582-8526-483b5b0fafe4@group-0D882B591608-LeaderElection74: ELECTION PASSED received 1 response(s) and 0 exception(s):
2023-12-28 09:09:59,867 [3882d302-0766-4582-8526-483b5b0fafe4@group-0D882B591608-LeaderElection74] INFO  impl.LeaderElection (LeaderElection.java:logAndReturn(93)) -   Response 0: 3882d302-0766-4582-8526-483b5b0fafe4<-31ca3cec-ca1e-4771-b2d4-3cf5bbdf2d7e#0:OK-t1
2023-12-28 09:09:59,868 [3882d302-0766-4582-8526-483b5b0fafe4@group-0D882B591608-LeaderElection74] INFO  impl.LeaderElection (LeaderElection.java:askForVotes(325)) - 3882d302-0766-4582-8526-483b5b0fafe4@group-0D882B591608-LeaderElection74 ELECTION round 0: result PASSED
2023-12-28 09:09:59,868 [3882d302-0766-4582-8526-483b5b0fafe4@group-0D882B591608-LeaderElection74] INFO  impl.RoleInfo (RoleInfo.java:shutdownLeaderElection(130)) - 3882d302-0766-4582-8526-483b5b0fafe4: shutdown 3882d302-0766-4582-8526-483b5b0fafe4@group-0D882B591608-LeaderElection74
2023-12-28 09:09:59,868 [3882d302-0766-4582-8526-483b5b0fafe4@group-0D882B591608-LeaderElection74] INFO  server.RaftServer$Division (RaftServerImpl.java:setRole(379)) - 3882d302-0766-4582-8526-483b5b0fafe4@group-0D882B591608: changes role from CANDIDATE to LEADER at term 1 for changeToLeader
2023-12-28 09:09:59,868 [3882d302-0766-4582-8526-483b5b0fafe4@group-0D882B591608-LeaderElection74] INFO  server.RaftServerConfigKeys (ConfUtils.java:logGet(46)) - raft.server.staging.catchup.gap = 1000 (default)
2023-12-28 09:09:59,868 [grpc-default-executor-6] INFO  server.RaftServer$Division (RaftServerImpl.java:requestVote(1410)) - 42fe86c5-ef4c-4426-bfd8-a8401ddf98d5@group-0D882B591608 replies to ELECTION vote request: 3882d302-0766-4582-8526-483b5b0fafe4<-42fe86c5-ef4c-4426-bfd8-a8401ddf98d5#0:OK-t1. Peer's state: 42fe86c5-ef4c-4426-bfd8-a8401ddf98d5@group-0D882B591608:t1, leader=null, voted=3882d302-0766-4582-8526-483b5b0fafe4, raftlog=Memoized:42fe86c5-ef4c-4426-bfd8-a8401ddf98d5@group-0D882B591608-SegmentedRaftLog:OPENED:c-1, conf=-1: peers:[31ca3cec-ca1e-4771-b2d4-3cf5bbdf2d7e|10.1.0.14:15415, 3882d302-0766-4582-8526-483b5b0fafe4|10.1.0.14:15397, 42fe86c5-ef4c-4426-bfd8-a8401ddf98d5|10.1.0.14:15406]|listeners:[], old=null
2023-12-28 09:09:59,868 [3882d302-0766-4582-8526-483b5b0fafe4@group-0D882B591608-LeaderElection74] INFO  server.RaftServerConfigKeys (ConfUtils.java:logGet(46)) - raft.server.write.element-limit = 1024 (custom)
2023-12-28 09:09:59,868 [3882d302-0766-4582-8526-483b5b0fafe4@group-0D882B591608-LeaderElection74] INFO  server.RaftServerConfigKeys (ConfUtils.java:logGet(46)) - raft.server.write.byte-limit = 1024 M (=1073741824) (custom)
2023-12-28 09:09:59,868 [3882d302-0766-4582-8526-483b5b0fafe4@group-0D882B591608-LeaderElection74] INFO  server.RaftServerConfigKeys (ConfUtils.java:logGet(46)) - raft.server.watch.timeout = 3000ms (custom)
2023-12-28 09:09:59,868 [3882d302-0766-4582-8526-483b5b0fafe4@group-0D882B591608-LeaderElection74] INFO  server.RaftServerConfigKeys (ConfUtils.java:logGet(46)) - raft.server.watch.timeout.denomination = 1s (default)
2023-12-28 09:09:59,868 [3882d302-0766-4582-8526-483b5b0fafe4@group-0D882B591608-LeaderElection74] INFO  server.RaftServerConfigKeys (ConfUtils.java:logGet(46)) - raft.server.watch.element-limit = 65536 (default)
2023-12-28 09:09:59,868 [3882d302-0766-4582-8526-483b5b0fafe4@group-0D882B591608-LeaderElection74] INFO  server.RaftServerConfigKeys (ConfUtils.java:logGet(46)) - raft.server.read.leader.lease.enabled = false (default)
2023-12-28 09:09:59,868 [3882d302-0766-4582-8526-483b5b0fafe4@group-0D882B591608-LeaderElection74] INFO  server.RaftServerConfigKeys (ConfUtils.java:logGet(46)) - raft.server.read.leader.lease.timeout.ratio = 0.9 (default)
2023-12-28 09:09:59,868 [3882d302-0766-4582-8526-483b5b0fafe4@group-0D882B591608-LeaderElection74] INFO  server.RaftServerConfigKeys (ConfUtils.java:logGet(46)) - raft.server.rpc.timeout.min = 5s (custom)
2023-12-28 09:09:59,868 [3882d302-0766-4582-8526-483b5b0fafe4@group-0D882B591608-LeaderElection74] INFO  server.RaftServerConfigKeys (ConfUtils.java:logGet(46)) - raft.server.write.element-limit = 1024 (custom)
2023-12-28 09:09:59,868 [3882d302-0766-4582-8526-483b5b0fafe4@group-0D882B591608-LeaderElection74] INFO  server.RaftServerConfigKeys (ConfUtils.java:logGet(46)) - raft.server.write.follower.gap.ratio.max = -1.0 (default)
2023-12-28 09:09:59,869 [3882d302-0766-4582-8526-483b5b0fafe4@group-0D882B591608-LeaderElection74] INFO  server.RaftServerConfigKeys (ConfUtils.java:logGet(46)) - raft.server.log.appender.snapshot.chunk.size.max = 16MB (=16777216) (default)
2023-12-28 09:09:59,869 [3882d302-0766-4582-8526-483b5b0fafe4@group-0D882B591608-LeaderElection74] INFO  server.RaftServerConfigKeys (ConfUtils.java:logGet(46)) - raft.server.log.appender.buffer.byte-limit = 8388608 (custom)
2023-12-28 09:09:59,869 [3882d302-0766-4582-8526-483b5b0fafe4@group-0D882B591608-LeaderElection74] INFO  server.RaftServerConfigKeys (ConfUtils.java:logGet(46)) - raft.server.log.appender.buffer.element-limit = 1 (custom)
2023-12-28 09:09:59,869 [3882d302-0766-4582-8526-483b5b0fafe4@group-0D882B591608-LeaderElection74] INFO  server.RaftServerConfigKeys (ConfUtils.java:logGet(46)) - raft.server.log.appender.wait-time.min = 0ms (custom)
2023-12-28 09:09:59,869 [3882d302-0766-4582-8526-483b5b0fafe4@group-0D882B591608-LeaderElection74] INFO  grpc.GrpcConfigKeys (ConfUtils.java:logGet(46)) - raft.grpc.server.leader.outstanding.appends.max = 8 (default)
2023-12-28 09:09:59,869 [3882d302-0766-4582-8526-483b5b0fafe4@group-0D882B591608-LeaderElection74] INFO  server.RaftServerConfigKeys (ConfUtils.java:logGet(46)) - raft.server.rpc.request.timeout = 3000ms (default)
2023-12-28 09:09:59,869 [3882d302-0766-4582-8526-483b5b0fafe4@group-0D882B591608-LeaderElection74] INFO  grpc.GrpcConfigKeys (ConfUtils.java:logGet(46)) - raft.grpc.server.install_snapshot.request.element-limit = 8 (default)
2023-12-28 09:09:59,869 [3882d302-0766-4582-8526-483b5b0fafe4@group-0D882B591608-LeaderElection74] INFO  grpc.GrpcConfigKeys (ConfUtils.java:logGet(46)) - raft.grpc.server.install_snapshot.request.timeout = 3000ms (default)
2023-12-28 09:09:59,869 [3882d302-0766-4582-8526-483b5b0fafe4@group-0D882B591608-LeaderElection74] INFO  server.RaftServerConfigKeys (ConfUtils.java:logGet(46)) - raft.server.log.appender.install.snapshot.enabled = false (custom)
2023-12-28 09:09:59,869 [3882d302-0766-4582-8526-483b5b0fafe4@group-0D882B591608-LeaderElection74] INFO  grpc.GrpcConfigKeys (ConfUtils.java:logGet(46)) - raft.grpc.server.heartbeat.channel = true (default)
2023-12-28 09:09:59,870 [3882d302-0766-4582-8526-483b5b0fafe4@group-0D882B591608-LeaderElection74] INFO  server.RaftServerConfigKeys (ConfUtils.java:logGet(46)) - raft.server.log.appender.snapshot.chunk.size.max = 16MB (=16777216) (default)
2023-12-28 09:09:59,870 [3882d302-0766-4582-8526-483b5b0fafe4@group-0D882B591608-LeaderElection74] INFO  server.RaftServerConfigKeys (ConfUtils.java:logGet(46)) - raft.server.log.appender.buffer.byte-limit = 8388608 (custom)
2023-12-28 09:09:59,870 [3882d302-0766-4582-8526-483b5b0fafe4@group-0D882B591608-LeaderElection74] INFO  server.RaftServerConfigKeys (ConfUtils.java:logGet(46)) - raft.server.log.appender.buffer.element-limit = 1 (custom)
2023-12-28 09:09:59,870 [3882d302-0766-4582-8526-483b5b0fafe4@group-0D882B591608-LeaderElection74] INFO  server.RaftServerConfigKeys (ConfUtils.java:logGet(46)) - raft.server.log.appender.wait-time.min = 0ms (custom)
2023-12-28 09:09:59,870 [3882d302-0766-4582-8526-483b5b0fafe4@group-0D882B591608-LeaderElection74] INFO  grpc.GrpcConfigKeys (ConfUtils.java:logGet(46)) - raft.grpc.server.leader.outstanding.appends.max = 8 (default)
2023-12-28 09:09:59,870 [3882d302-0766-4582-8526-483b5b0fafe4@group-0D882B591608-LeaderElection74] INFO  server.RaftServerConfigKeys (ConfUtils.java:logGet(46)) - raft.server.rpc.request.timeout = 3000ms (default)
2023-12-28 09:09:59,870 [3882d302-0766-4582-8526-483b5b0fafe4@group-0D882B591608-LeaderElection74] INFO  grpc.GrpcConfigKeys (ConfUtils.java:logGet(46)) - raft.grpc.server.install_snapshot.request.element-limit = 8 (default)
2023-12-28 09:09:59,870 [3882d302-0766-4582-8526-483b5b0fafe4@group-0D882B591608-LeaderElection74] INFO  grpc.GrpcConfigKeys (ConfUtils.java:logGet(46)) - raft.grpc.server.install_snapshot.request.timeout = 3000ms (default)
2023-12-28 09:09:59,870 [3882d302-0766-4582-8526-483b5b0fafe4@group-0D882B591608-LeaderElection74] INFO  server.RaftServerConfigKeys (ConfUtils.java:logGet(46)) - raft.server.log.appender.install.snapshot.enabled = false (custom)
2023-12-28 09:09:59,870 [3882d302-0766-4582-8526-483b5b0fafe4@group-0D882B591608-LeaderElection74] INFO  grpc.GrpcConfigKeys (ConfUtils.java:logGet(46)) - raft.grpc.server.heartbeat.channel = true (default)
2023-12-28 09:09:59,870 [3882d302-0766-4582-8526-483b5b0fafe4@group-0D882B591608-LeaderElection74] INFO  impl.RoleInfo (RoleInfo.java:updateAndGet(139)) - 3882d302-0766-4582-8526-483b5b0fafe4: start 3882d302-0766-4582-8526-483b5b0fafe4@group-0D882B591608-LeaderStateImpl
2023-12-28 09:09:59,870 [3882d302-0766-4582-8526-483b5b0fafe4@group-0D882B591608-LeaderElection74] INFO  server.RaftServer$Division (RaftServerImpl.java:setFirstElection(564)) - 3882d302-0766-4582-8526-483b5b0fafe4@group-0D882B591608: set firstElectionSinceStartup to false for becomeLeader
2023-12-28 09:09:59,870 [3882d302-0766-4582-8526-483b5b0fafe4@group-0D882B591608-LeaderElection74] INFO  ratis.XceiverServerRatis (XceiverServerRatis.java:handleLeaderChangedNotification(935)) - Leader change notification received for group: group-0D882B591608 with new leaderId: 3882d302-0766-4582-8526-483b5b0fafe4
2023-12-28 09:09:59,870 [3882d302-0766-4582-8526-483b5b0fafe4@group-0D882B591608-LeaderElection74] INFO  server.RaftServer$Division (ServerState.java:setLeader(265)) - 3882d302-0766-4582-8526-483b5b0fafe4@group-0D882B591608: change Leader from null to 3882d302-0766-4582-8526-483b5b0fafe4 at term 1 for becomeLeader, leader elected after 5267ms
2023-12-28 09:09:59,870 [3882d302-0766-4582-8526-483b5b0fafe4@group-0D882B591608-LeaderElection74] INFO  segmented.SegmentedRaftLogWorker (SegmentedRaftLogWorker.java:startLogSegment(428)) - 3882d302-0766-4582-8526-483b5b0fafe4@group-0D882B591608-SegmentedRaftLogWorker: Starting segment from index:0
2023-12-28 09:09:59,872 [EventQueue-PipelineReportForPipelineReportHandler] INFO  pipeline.PipelineReportHandler (PipelineReportHandler.java:processPipelineReport(136)) - Opened pipeline PipelineID=ac0b9b9d-6c10-481c-8fb0-0d882b591608
2023-12-28 09:09:59,874 [3882d302-0766-4582-8526-483b5b0fafe4@group-0D882B591608-LeaderElection74] INFO  server.RaftServer$Division (ServerState.java:setRaftConf(382)) - 3882d302-0766-4582-8526-483b5b0fafe4@group-0D882B591608: set configuration 0: peers:[31ca3cec-ca1e-4771-b2d4-3cf5bbdf2d7e|10.1.0.14:15415, 3882d302-0766-4582-8526-483b5b0fafe4|10.1.0.14:15397, 42fe86c5-ef4c-4426-bfd8-a8401ddf98d5|10.1.0.14:15406]|listeners:[], old=null
2023-12-28 09:09:59,878 [3882d302-0766-4582-8526-483b5b0fafe4@group-0D882B591608-SegmentedRaftLogWorker] INFO  segmented.SegmentedRaftLogWorker (SegmentedRaftLogWorker.java:execute(632)) - 3882d302-0766-4582-8526-483b5b0fafe4@group-0D882B591608-SegmentedRaftLogWorker: created new log segment /home/runner/work/ozone/ozone/hadoop-ozone/integration-test/target/test-dir/MiniOzoneClusterImpl-7619c237-1de6-4815-bbe2-f0b52dfbd5bc/datanode-3/data/ratis/ac0b9b9d-6c10-481c-8fb0-0d882b591608/current/log_inprogress_0
2023-12-28 09:09:59,878 [31ca3cec-ca1e-4771-b2d4-3cf5bbdf2d7e-server-thread1] INFO  ratis.XceiverServerRatis (XceiverServerRatis.java:handleLeaderChangedNotification(935)) - Leader change notification received for group: group-0D882B591608 with new leaderId: 3882d302-0766-4582-8526-483b5b0fafe4
2023-12-28 09:09:59,879 [31ca3cec-ca1e-4771-b2d4-3cf5bbdf2d7e-server-thread1] INFO  server.RaftServer$Division (ServerState.java:setLeader(265)) - 31ca3cec-ca1e-4771-b2d4-3cf5bbdf2d7e@group-0D882B591608: change Leader from null to 3882d302-0766-4582-8526-483b5b0fafe4 at term 1 for appendEntries, leader elected after 5215ms
2023-12-28 09:09:59,879 [42fe86c5-ef4c-4426-bfd8-a8401ddf98d5-server-thread1] INFO  ratis.XceiverServerRatis (XceiverServerRatis.java:handleLeaderChangedNotification(935)) - Leader change notification received for group: group-0D882B591608 with new leaderId: 3882d302-0766-4582-8526-483b5b0fafe4
2023-12-28 09:09:59,879 [42fe86c5-ef4c-4426-bfd8-a8401ddf98d5-server-thread1] INFO  server.RaftServer$Division (ServerState.java:setLeader(265)) - 42fe86c5-ef4c-4426-bfd8-a8401ddf98d5@group-0D882B591608: change Leader from null to 3882d302-0766-4582-8526-483b5b0fafe4 at term 1 for appendEntries, leader elected after 5193ms
2023-12-28 09:09:59,881 [42fe86c5-ef4c-4426-bfd8-a8401ddf98d5-server-thread2] INFO  server.RaftServer$Division (ServerState.java:setRaftConf(382)) - 42fe86c5-ef4c-4426-bfd8-a8401ddf98d5@group-0D882B591608: set configuration 0: peers:[31ca3cec-ca1e-4771-b2d4-3cf5bbdf2d7e|10.1.0.14:15415, 3882d302-0766-4582-8526-483b5b0fafe4|10.1.0.14:15397, 42fe86c5-ef4c-4426-bfd8-a8401ddf98d5|10.1.0.14:15406]|listeners:[], old=null
2023-12-28 09:09:59,881 [42fe86c5-ef4c-4426-bfd8-a8401ddf98d5-server-thread2] INFO  segmented.SegmentedRaftLogWorker (SegmentedRaftLogWorker.java:startLogSegment(428)) - 42fe86c5-ef4c-4426-bfd8-a8401ddf98d5@group-0D882B591608-SegmentedRaftLogWorker: Starting segment from index:0
2023-12-28 09:09:59,882 [31ca3cec-ca1e-4771-b2d4-3cf5bbdf2d7e-server-thread2] INFO  server.RaftServer$Division (ServerState.java:setRaftConf(382)) - 31ca3cec-ca1e-4771-b2d4-3cf5bbdf2d7e@group-0D882B591608: set configuration 0: peers:[31ca3cec-ca1e-4771-b2d4-3cf5bbdf2d7e|10.1.0.14:15415, 3882d302-0766-4582-8526-483b5b0fafe4|10.1.0.14:15397, 42fe86c5-ef4c-4426-bfd8-a8401ddf98d5|10.1.0.14:15406]|listeners:[], old=null
2023-12-28 09:09:59,882 [31ca3cec-ca1e-4771-b2d4-3cf5bbdf2d7e-server-thread2] INFO  segmented.SegmentedRaftLogWorker (SegmentedRaftLogWorker.java:startLogSegment(428)) - 31ca3cec-ca1e-4771-b2d4-3cf5bbdf2d7e@group-0D882B591608-SegmentedRaftLogWorker: Starting segment from index:0
2023-12-28 09:09:59,893 [42fe86c5-ef4c-4426-bfd8-a8401ddf98d5@group-0D882B591608-SegmentedRaftLogWorker] INFO  segmented.SegmentedRaftLogWorker (SegmentedRaftLogWorker.java:execute(632)) - 42fe86c5-ef4c-4426-bfd8-a8401ddf98d5@group-0D882B591608-SegmentedRaftLogWorker: created new log segment /home/runner/work/ozone/ozone/hadoop-ozone/integration-test/target/test-dir/MiniOzoneClusterImpl-7619c237-1de6-4815-bbe2-f0b52dfbd5bc/datanode-4/data/ratis/ac0b9b9d-6c10-481c-8fb0-0d882b591608/current/log_inprogress_0
2023-12-28 09:09:59,893 [31ca3cec-ca1e-4771-b2d4-3cf5bbdf2d7e@group-1E5FC0D1A1D1-FollowerState] INFO  impl.FollowerState (FollowerState.java:run(143)) - 31ca3cec-ca1e-4771-b2d4-3cf5bbdf2d7e@group-1E5FC0D1A1D1-FollowerState: change to CANDIDATE, lastRpcElapsedTime:5080412338ns, electionTimeout:5080ms
2023-12-28 09:09:59,893 [31ca3cec-ca1e-4771-b2d4-3cf5bbdf2d7e@group-1E5FC0D1A1D1-FollowerState] INFO  impl.RoleInfo (RoleInfo.java:shutdownFollowerState(110)) - 31ca3cec-ca1e-4771-b2d4-3cf5bbdf2d7e: shutdown 31ca3cec-ca1e-4771-b2d4-3cf5bbdf2d7e@group-1E5FC0D1A1D1-FollowerState
2023-12-28 09:09:59,893 [31ca3cec-ca1e-4771-b2d4-3cf5bbdf2d7e@group-1E5FC0D1A1D1-FollowerState] INFO  server.RaftServer$Division (RaftServerImpl.java:setRole(379)) - 31ca3cec-ca1e-4771-b2d4-3cf5bbdf2d7e@group-1E5FC0D1A1D1: changes role from  FOLLOWER to CANDIDATE at term 0 for changeToCandidate
2023-12-28 09:09:59,893 [31ca3cec-ca1e-4771-b2d4-3cf5bbdf2d7e@group-1E5FC0D1A1D1-FollowerState] INFO  server.RaftServerConfigKeys (ConfUtils.java:logGet(46)) - raft.server.leaderelection.pre-vote = true (default)
2023-12-28 09:09:59,894 [31ca3cec-ca1e-4771-b2d4-3cf5bbdf2d7e@group-1E5FC0D1A1D1-FollowerState] INFO  impl.RoleInfo (RoleInfo.java:updateAndGet(139)) - 31ca3cec-ca1e-4771-b2d4-3cf5bbdf2d7e: start 31ca3cec-ca1e-4771-b2d4-3cf5bbdf2d7e@group-1E5FC0D1A1D1-LeaderElection75
2023-12-28 09:09:59,895 [31ca3cec-ca1e-4771-b2d4-3cf5bbdf2d7e@group-0D882B591608-SegmentedRaftLogWorker] INFO  segmented.SegmentedRaftLogWorker (SegmentedRaftLogWorker.java:execute(632)) - 31ca3cec-ca1e-4771-b2d4-3cf5bbdf2d7e@group-0D882B591608-SegmentedRaftLogWorker: created new log segment /home/runner/work/ozone/ozone/hadoop-ozone/integration-test/target/test-dir/MiniOzoneClusterImpl-7619c237-1de6-4815-bbe2-f0b52dfbd5bc/datanode-5/data/ratis/ac0b9b9d-6c10-481c-8fb0-0d882b591608/current/log_inprogress_0
2023-12-28 09:09:59,896 [31ca3cec-ca1e-4771-b2d4-3cf5bbdf2d7e@group-1E5FC0D1A1D1-LeaderElection75] INFO  impl.LeaderElection (LeaderElection.java:askForVotes(323)) - 31ca3cec-ca1e-4771-b2d4-3cf5bbdf2d7e@group-1E5FC0D1A1D1-LeaderElection75 PRE_VOTE round 0: submit vote requests at term 0 for -1: peers:[31ca3cec-ca1e-4771-b2d4-3cf5bbdf2d7e|10.1.0.14:15415]|listeners:[], old=null
2023-12-28 09:09:59,896 [31ca3cec-ca1e-4771-b2d4-3cf5bbdf2d7e@group-1E5FC0D1A1D1-LeaderElection75] INFO  impl.LeaderElection (LeaderElection.java:askForVotes(325)) - 31ca3cec-ca1e-4771-b2d4-3cf5bbdf2d7e@group-1E5FC0D1A1D1-LeaderElection75 PRE_VOTE round 0: result PASSED (term=0)
2023-12-28 09:09:59,896 [3882d302-0766-4582-8526-483b5b0fafe4@group-0D882B591608-StateMachineUpdater] INFO  server.RaftServer$Division (LeaderStateImpl.java:isApplied(316)) - leader is ready since appliedIndex == 0 >= startIndex == 0
2023-12-28 09:09:59,897 [31ca3cec-ca1e-4771-b2d4-3cf5bbdf2d7e@group-1E5FC0D1A1D1-LeaderElection75] INFO  impl.LeaderElection (LeaderElection.java:askForVotes(323)) - 31ca3cec-ca1e-4771-b2d4-3cf5bbdf2d7e@group-1E5FC0D1A1D1-LeaderElection75 ELECTION round 0: submit vote requests at term 1 for -1: peers:[31ca3cec-ca1e-4771-b2d4-3cf5bbdf2d7e|10.1.0.14:15415]|listeners:[], old=null
2023-12-28 09:09:59,897 [31ca3cec-ca1e-4771-b2d4-3cf5bbdf2d7e@group-1E5FC0D1A1D1-LeaderElection75] INFO  impl.LeaderElection (LeaderElection.java:askForVotes(325)) - 31ca3cec-ca1e-4771-b2d4-3cf5bbdf2d7e@group-1E5FC0D1A1D1-LeaderElection75 ELECTION round 0: result PASSED (term=1)
2023-12-28 09:09:59,897 [31ca3cec-ca1e-4771-b2d4-3cf5bbdf2d7e@group-1E5FC0D1A1D1-LeaderElection75] INFO  impl.RoleInfo (RoleInfo.java:shutdownLeaderElection(130)) - 31ca3cec-ca1e-4771-b2d4-3cf5bbdf2d7e: shutdown 31ca3cec-ca1e-4771-b2d4-3cf5bbdf2d7e@group-1E5FC0D1A1D1-LeaderElection75
2023-12-28 09:09:59,897 [31ca3cec-ca1e-4771-b2d4-3cf5bbdf2d7e@group-1E5FC0D1A1D1-LeaderElection75] INFO  server.RaftServer$Division (RaftServerImpl.java:setRole(379)) - 31ca3cec-ca1e-4771-b2d4-3cf5bbdf2d7e@group-1E5FC0D1A1D1: changes role from CANDIDATE to LEADER at term 1 for changeToLeader
2023-12-28 09:09:59,897 [31ca3cec-ca1e-4771-b2d4-3cf5bbdf2d7e@group-1E5FC0D1A1D1-LeaderElection75] INFO  server.RaftServerConfigKeys (ConfUtils.java:logGet(46)) - raft.server.staging.catchup.gap = 1000 (default)
2023-12-28 09:09:59,898 [31ca3cec-ca1e-4771-b2d4-3cf5bbdf2d7e@group-1E5FC0D1A1D1-LeaderElection75] INFO  server.RaftServerConfigKeys (ConfUtils.java:logGet(46)) - raft.server.write.element-limit = 1024 (custom)
2023-12-28 09:09:59,898 [31ca3cec-ca1e-4771-b2d4-3cf5bbdf2d7e@group-1E5FC0D1A1D1-LeaderElection75] INFO  server.RaftServerConfigKeys (ConfUtils.java:logGet(46)) - raft.server.write.byte-limit = 1024 M (=1073741824) (custom)
2023-12-28 09:09:59,898 [31ca3cec-ca1e-4771-b2d4-3cf5bbdf2d7e@group-1E5FC0D1A1D1-LeaderElection75] INFO  server.RaftServerConfigKeys (ConfUtils.java:logGet(46)) - raft.server.watch.timeout = 3000ms (custom)
2023-12-28 09:09:59,898 [31ca3cec-ca1e-4771-b2d4-3cf5bbdf2d7e@group-1E5FC0D1A1D1-LeaderElection75] INFO  server.RaftServerConfigKeys (ConfUtils.java:logGet(46)) - raft.server.watch.timeout.denomination = 1s (default)
2023-12-28 09:09:59,898 [31ca3cec-ca1e-4771-b2d4-3cf5bbdf2d7e@group-1E5FC0D1A1D1-LeaderElection75] INFO  server.RaftServerConfigKeys (ConfUtils.java:logGet(46)) - raft.server.watch.element-limit = 65536 (default)
2023-12-28 09:09:59,898 [31ca3cec-ca1e-4771-b2d4-3cf5bbdf2d7e@group-1E5FC0D1A1D1-LeaderElection75] INFO  server.RaftServerConfigKeys (ConfUtils.java:logGet(46)) - raft.server.read.leader.lease.enabled = false (default)
2023-12-28 09:09:59,898 [31ca3cec-ca1e-4771-b2d4-3cf5bbdf2d7e@group-1E5FC0D1A1D1-LeaderElection75] INFO  server.RaftServerConfigKeys (ConfUtils.java:logGet(46)) - raft.server.read.leader.lease.timeout.ratio = 0.9 (default)
2023-12-28 09:09:59,898 [31ca3cec-ca1e-4771-b2d4-3cf5bbdf2d7e@group-1E5FC0D1A1D1-LeaderElection75] INFO  server.RaftServerConfigKeys (ConfUtils.java:logGet(46)) - raft.server.rpc.timeout.min = 5s (custom)
2023-12-28 09:09:59,898 [31ca3cec-ca1e-4771-b2d4-3cf5bbdf2d7e@group-1E5FC0D1A1D1-LeaderElection75] INFO  server.RaftServerConfigKeys (ConfUtils.java:logGet(46)) - raft.server.write.element-limit = 1024 (custom)
2023-12-28 09:09:59,898 [31ca3cec-ca1e-4771-b2d4-3cf5bbdf2d7e@group-1E5FC0D1A1D1-LeaderElection75] INFO  server.RaftServerConfigKeys (ConfUtils.java:logGet(46)) - raft.server.write.follower.gap.ratio.max = -1.0 (default)
2023-12-28 09:09:59,898 [31ca3cec-ca1e-4771-b2d4-3cf5bbdf2d7e@group-1E5FC0D1A1D1-LeaderElection75] INFO  impl.RoleInfo (RoleInfo.java:updateAndGet(139)) - 31ca3cec-ca1e-4771-b2d4-3cf5bbdf2d7e: start 31ca3cec-ca1e-4771-b2d4-3cf5bbdf2d7e@group-1E5FC0D1A1D1-LeaderStateImpl
2023-12-28 09:09:59,898 [31ca3cec-ca1e-4771-b2d4-3cf5bbdf2d7e@group-1E5FC0D1A1D1-LeaderElection75] INFO  server.RaftServer$Division (RaftServerImpl.java:setFirstElection(564)) - 31ca3cec-ca1e-4771-b2d4-3cf5bbdf2d7e@group-1E5FC0D1A1D1: set firstElectionSinceStartup to false for becomeLeader
2023-12-28 09:09:59,898 [31ca3cec-ca1e-4771-b2d4-3cf5bbdf2d7e@group-1E5FC0D1A1D1-LeaderElection75] INFO  ratis.XceiverServerRatis (XceiverServerRatis.java:handleLeaderChangedNotification(935)) - Leader change notification received for group: group-1E5FC0D1A1D1 with new leaderId: 31ca3cec-ca1e-4771-b2d4-3cf5bbdf2d7e
2023-12-28 09:09:59,898 [31ca3cec-ca1e-4771-b2d4-3cf5bbdf2d7e@group-1E5FC0D1A1D1-LeaderElection75] INFO  server.RaftServer$Division (ServerState.java:setLeader(265)) - 31ca3cec-ca1e-4771-b2d4-3cf5bbdf2d7e@group-1E5FC0D1A1D1: change Leader from null to 31ca3cec-ca1e-4771-b2d4-3cf5bbdf2d7e at term 1 for becomeLeader, leader elected after 5093ms
2023-12-28 09:09:59,898 [31ca3cec-ca1e-4771-b2d4-3cf5bbdf2d7e@group-1E5FC0D1A1D1-LeaderElection75] INFO  segmented.SegmentedRaftLogWorker (SegmentedRaftLogWorker.java:startLogSegment(428)) - 31ca3cec-ca1e-4771-b2d4-3cf5bbdf2d7e@group-1E5FC0D1A1D1-SegmentedRaftLogWorker: Starting segment from index:0
2023-12-28 09:09:59,899 [31ca3cec-ca1e-4771-b2d4-3cf5bbdf2d7e@group-1E5FC0D1A1D1-LeaderElection75] INFO  server.RaftServer$Division (ServerState.java:setRaftConf(382)) - 31ca3cec-ca1e-4771-b2d4-3cf5bbdf2d7e@group-1E5FC0D1A1D1: set configuration 0: peers:[31ca3cec-ca1e-4771-b2d4-3cf5bbdf2d7e|10.1.0.14:15415]|listeners:[], old=null
2023-12-28 09:09:59,907 [31ca3cec-ca1e-4771-b2d4-3cf5bbdf2d7e@group-1E5FC0D1A1D1-SegmentedRaftLogWorker] INFO  segmented.SegmentedRaftLogWorker (SegmentedRaftLogWorker.java:execute(632)) - 31ca3cec-ca1e-4771-b2d4-3cf5bbdf2d7e@group-1E5FC0D1A1D1-SegmentedRaftLogWorker: created new log segment /home/runner/work/ozone/ozone/hadoop-ozone/integration-test/target/test-dir/MiniOzoneClusterImpl-7619c237-1de6-4815-bbe2-f0b52dfbd5bc/datanode-5/data/ratis/4aedc44f-eddc-4949-8a7f-1e5fc0d1a1d1/current/log_inprogress_0
2023-12-28 09:09:59,908 [31ca3cec-ca1e-4771-b2d4-3cf5bbdf2d7e@group-1E5FC0D1A1D1-StateMachineUpdater] INFO  server.RaftServer$Division (LeaderStateImpl.java:isApplied(316)) - leader is ready since appliedIndex == 0 >= startIndex == 0
2023-12-28 09:09:59,932 [4a7d4f9e-b840-4b9b-8b00-1e8f80dcf0e2@group-25F8F003D845-FollowerState] INFO  impl.FollowerState (FollowerState.java:run(143)) - 4a7d4f9e-b840-4b9b-8b00-1e8f80dcf0e2@group-25F8F003D845-FollowerState: change to CANDIDATE, lastRpcElapsedTime:5029500283ns, electionTimeout:5029ms
2023-12-28 09:09:59,932 [4a7d4f9e-b840-4b9b-8b00-1e8f80dcf0e2@group-25F8F003D845-FollowerState] INFO  impl.RoleInfo (RoleInfo.java:shutdownFollowerState(110)) - 4a7d4f9e-b840-4b9b-8b00-1e8f80dcf0e2: shutdown 4a7d4f9e-b840-4b9b-8b00-1e8f80dcf0e2@group-25F8F003D845-FollowerState
2023-12-28 09:09:59,933 [4a7d4f9e-b840-4b9b-8b00-1e8f80dcf0e2@group-25F8F003D845-FollowerState] INFO  server.RaftServer$Division (RaftServerImpl.java:setRole(379)) - 4a7d4f9e-b840-4b9b-8b00-1e8f80dcf0e2@group-25F8F003D845: changes role from  FOLLOWER to CANDIDATE at term 0 for changeToCandidate
2023-12-28 09:09:59,933 [4a7d4f9e-b840-4b9b-8b00-1e8f80dcf0e2@group-25F8F003D845-FollowerState] INFO  server.RaftServerConfigKeys (ConfUtils.java:logGet(46)) - raft.server.leaderelection.pre-vote = true (default)
2023-12-28 09:09:59,933 [4a7d4f9e-b840-4b9b-8b00-1e8f80dcf0e2@group-25F8F003D845-FollowerState] INFO  impl.RoleInfo (RoleInfo.java:updateAndGet(139)) - 4a7d4f9e-b840-4b9b-8b00-1e8f80dcf0e2: start 4a7d4f9e-b840-4b9b-8b00-1e8f80dcf0e2@group-25F8F003D845-LeaderElection76
2023-12-28 09:09:59,934 [4a7d4f9e-b840-4b9b-8b00-1e8f80dcf0e2@group-25F8F003D845-LeaderElection76] INFO  impl.LeaderElection (LeaderElection.java:askForVotes(323)) - 4a7d4f9e-b840-4b9b-8b00-1e8f80dcf0e2@group-25F8F003D845-LeaderElection76 PRE_VOTE round 0: submit vote requests at term 0 for -1: peers:[4a7d4f9e-b840-4b9b-8b00-1e8f80dcf0e2|10.1.0.14:15424]|listeners:[], old=null
2023-12-28 09:09:59,934 [4a7d4f9e-b840-4b9b-8b00-1e8f80dcf0e2@group-25F8F003D845-LeaderElection76] INFO  impl.LeaderElection (LeaderElection.java:askForVotes(325)) - 4a7d4f9e-b840-4b9b-8b00-1e8f80dcf0e2@group-25F8F003D845-LeaderElection76 PRE_VOTE round 0: result PASSED (term=0)
2023-12-28 09:09:59,935 [4a7d4f9e-b840-4b9b-8b00-1e8f80dcf0e2@group-25F8F003D845-LeaderElection76] INFO  impl.LeaderElection (LeaderElection.java:askForVotes(323)) - 4a7d4f9e-b840-4b9b-8b00-1e8f80dcf0e2@group-25F8F003D845-LeaderElection76 ELECTION round 0: submit vote requests at term 1 for -1: peers:[4a7d4f9e-b840-4b9b-8b00-1e8f80dcf0e2|10.1.0.14:15424]|listeners:[], old=null
2023-12-28 09:09:59,935 [4a7d4f9e-b840-4b9b-8b00-1e8f80dcf0e2@group-25F8F003D845-LeaderElection76] INFO  impl.LeaderElection (LeaderElection.java:askForVotes(325)) - 4a7d4f9e-b840-4b9b-8b00-1e8f80dcf0e2@group-25F8F003D845-LeaderElection76 ELECTION round 0: result PASSED (term=1)
2023-12-28 09:09:59,935 [4a7d4f9e-b840-4b9b-8b00-1e8f80dcf0e2@group-25F8F003D845-LeaderElection76] INFO  impl.RoleInfo (RoleInfo.java:shutdownLeaderElection(130)) - 4a7d4f9e-b840-4b9b-8b00-1e8f80dcf0e2: shutdown 4a7d4f9e-b840-4b9b-8b00-1e8f80dcf0e2@group-25F8F003D845-LeaderElection76
2023-12-28 09:09:59,935 [4a7d4f9e-b840-4b9b-8b00-1e8f80dcf0e2@group-25F8F003D845-LeaderElection76] INFO  server.RaftServer$Division (RaftServerImpl.java:setRole(379)) - 4a7d4f9e-b840-4b9b-8b00-1e8f80dcf0e2@group-25F8F003D845: changes role from CANDIDATE to LEADER at term 1 for changeToLeader
2023-12-28 09:09:59,935 [4a7d4f9e-b840-4b9b-8b00-1e8f80dcf0e2@group-25F8F003D845-LeaderElection76] INFO  server.RaftServerConfigKeys (ConfUtils.java:logGet(46)) - raft.server.staging.catchup.gap = 1000 (default)
2023-12-28 09:09:59,935 [4a7d4f9e-b840-4b9b-8b00-1e8f80dcf0e2@group-25F8F003D845-LeaderElection76] INFO  server.RaftServerConfigKeys (ConfUtils.java:logGet(46)) - raft.server.write.element-limit = 1024 (custom)
2023-12-28 09:09:59,935 [4a7d4f9e-b840-4b9b-8b00-1e8f80dcf0e2@group-25F8F003D845-LeaderElection76] INFO  server.RaftServerConfigKeys (ConfUtils.java:logGet(46)) - raft.server.write.byte-limit = 1024 M (=1073741824) (custom)
2023-12-28 09:09:59,935 [4a7d4f9e-b840-4b9b-8b00-1e8f80dcf0e2@group-25F8F003D845-LeaderElection76] INFO  server.RaftServerConfigKeys (ConfUtils.java:logGet(46)) - raft.server.watch.timeout = 3000ms (custom)
2023-12-28 09:09:59,935 [4a7d4f9e-b840-4b9b-8b00-1e8f80dcf0e2@group-25F8F003D845-LeaderElection76] INFO  server.RaftServerConfigKeys (ConfUtils.java:logGet(46)) - raft.server.watch.timeout.denomination = 1s (default)
2023-12-28 09:09:59,935 [4a7d4f9e-b840-4b9b-8b00-1e8f80dcf0e2@group-25F8F003D845-LeaderElection76] INFO  server.RaftServerConfigKeys (ConfUtils.java:logGet(46)) - raft.server.watch.element-limit = 65536 (default)
2023-12-28 09:09:59,935 [4a7d4f9e-b840-4b9b-8b00-1e8f80dcf0e2@group-25F8F003D845-LeaderElection76] INFO  server.RaftServerConfigKeys (ConfUtils.java:logGet(46)) - raft.server.read.leader.lease.enabled = false (default)
2023-12-28 09:09:59,936 [4a7d4f9e-b840-4b9b-8b00-1e8f80dcf0e2@group-25F8F003D845-LeaderElection76] INFO  server.RaftServerConfigKeys (ConfUtils.java:logGet(46)) - raft.server.read.leader.lease.timeout.ratio = 0.9 (default)
2023-12-28 09:09:59,936 [4a7d4f9e-b840-4b9b-8b00-1e8f80dcf0e2@group-25F8F003D845-LeaderElection76] INFO  server.RaftServerConfigKeys (ConfUtils.java:logGet(46)) - raft.server.rpc.timeout.min = 5s (custom)
2023-12-28 09:09:59,936 [4a7d4f9e-b840-4b9b-8b00-1e8f80dcf0e2@group-25F8F003D845-LeaderElection76] INFO  server.RaftServerConfigKeys (ConfUtils.java:logGet(46)) - raft.server.write.element-limit = 1024 (custom)
2023-12-28 09:09:59,936 [4a7d4f9e-b840-4b9b-8b00-1e8f80dcf0e2@group-25F8F003D845-LeaderElection76] INFO  server.RaftServerConfigKeys (ConfUtils.java:logGet(46)) - raft.server.write.follower.gap.ratio.max = -1.0 (default)
2023-12-28 09:09:59,936 [4a7d4f9e-b840-4b9b-8b00-1e8f80dcf0e2@group-25F8F003D845-LeaderElection76] INFO  impl.RoleInfo (RoleInfo.java:updateAndGet(139)) - 4a7d4f9e-b840-4b9b-8b00-1e8f80dcf0e2: start 4a7d4f9e-b840-4b9b-8b00-1e8f80dcf0e2@group-25F8F003D845-LeaderStateImpl
2023-12-28 09:09:59,936 [4a7d4f9e-b840-4b9b-8b00-1e8f80dcf0e2@group-25F8F003D845-LeaderElection76] INFO  server.RaftServer$Division (RaftServerImpl.java:setFirstElection(564)) - 4a7d4f9e-b840-4b9b-8b00-1e8f80dcf0e2@group-25F8F003D845: set firstElectionSinceStartup to false for becomeLeader
2023-12-28 09:09:59,936 [4a7d4f9e-b840-4b9b-8b00-1e8f80dcf0e2@group-25F8F003D845-LeaderElection76] INFO  ratis.XceiverServerRatis (XceiverServerRatis.java:handleLeaderChangedNotification(935)) - Leader change notification received for group: group-25F8F003D845 with new leaderId: 4a7d4f9e-b840-4b9b-8b00-1e8f80dcf0e2
2023-12-28 09:09:59,936 [4a7d4f9e-b840-4b9b-8b00-1e8f80dcf0e2@group-25F8F003D845-LeaderElection76] INFO  server.RaftServer$Division (ServerState.java:setLeader(265)) - 4a7d4f9e-b840-4b9b-8b00-1e8f80dcf0e2@group-25F8F003D845: change Leader from null to 4a7d4f9e-b840-4b9b-8b00-1e8f80dcf0e2 at term 1 for becomeLeader, leader elected after 5043ms
2023-12-28 09:09:59,936 [4a7d4f9e-b840-4b9b-8b00-1e8f80dcf0e2@group-25F8F003D845-LeaderElection76] INFO  segmented.SegmentedRaftLogWorker (SegmentedRaftLogWorker.java:startLogSegment(428)) - 4a7d4f9e-b840-4b9b-8b00-1e8f80dcf0e2@group-25F8F003D845-SegmentedRaftLogWorker: Starting segment from index:0
2023-12-28 09:09:59,939 [4a7d4f9e-b840-4b9b-8b00-1e8f80dcf0e2@group-25F8F003D845-LeaderElection76] INFO  server.RaftServer$Division (ServerState.java:setRaftConf(382)) - 4a7d4f9e-b840-4b9b-8b00-1e8f80dcf0e2@group-25F8F003D845: set configuration 0: peers:[4a7d4f9e-b840-4b9b-8b00-1e8f80dcf0e2|10.1.0.14:15424]|listeners:[], old=null
2023-12-28 09:09:59,942 [4a7d4f9e-b840-4b9b-8b00-1e8f80dcf0e2@group-25F8F003D845-SegmentedRaftLogWorker] INFO  segmented.SegmentedRaftLogWorker (SegmentedRaftLogWorker.java:execute(632)) - 4a7d4f9e-b840-4b9b-8b00-1e8f80dcf0e2@group-25F8F003D845-SegmentedRaftLogWorker: created new log segment /home/runner/work/ozone/ozone/hadoop-ozone/integration-test/target/test-dir/MiniOzoneClusterImpl-7619c237-1de6-4815-bbe2-f0b52dfbd5bc/datanode-6/data/ratis/4425761f-7a5f-4c84-9172-25f8f003d845/current/log_inprogress_0
2023-12-28 09:09:59,943 [4a7d4f9e-b840-4b9b-8b00-1e8f80dcf0e2@group-25F8F003D845-StateMachineUpdater] INFO  server.RaftServer$Division (LeaderStateImpl.java:isApplied(316)) - leader is ready since appliedIndex == 0 >= startIndex == 0
2023-12-28 09:09:59,946 [4a7d4f9e-b840-4b9b-8b00-1e8f80dcf0e2@group-04EEFC7712D5-FollowerState] INFO  impl.FollowerState (FollowerState.java:run(143)) - 4a7d4f9e-b840-4b9b-8b00-1e8f80dcf0e2@group-04EEFC7712D5-FollowerState: change to CANDIDATE, lastRpcElapsedTime:5030601648ns, electionTimeout:5030ms
2023-12-28 09:09:59,946 [4a7d4f9e-b840-4b9b-8b00-1e8f80dcf0e2@group-04EEFC7712D5-FollowerState] INFO  impl.RoleInfo (RoleInfo.java:shutdownFollowerState(110)) - 4a7d4f9e-b840-4b9b-8b00-1e8f80dcf0e2: shutdown 4a7d4f9e-b840-4b9b-8b00-1e8f80dcf0e2@group-04EEFC7712D5-FollowerState
2023-12-28 09:09:59,946 [4a7d4f9e-b840-4b9b-8b00-1e8f80dcf0e2@group-04EEFC7712D5-FollowerState] INFO  server.RaftServer$Division (RaftServerImpl.java:setRole(379)) - 4a7d4f9e-b840-4b9b-8b00-1e8f80dcf0e2@group-04EEFC7712D5: changes role from  FOLLOWER to CANDIDATE at term 0 for changeToCandidate
2023-12-28 09:09:59,946 [4a7d4f9e-b840-4b9b-8b00-1e8f80dcf0e2@group-04EEFC7712D5-FollowerState] INFO  server.RaftServerConfigKeys (ConfUtils.java:logGet(46)) - raft.server.leaderelection.pre-vote = true (default)
2023-12-28 09:09:59,946 [4a7d4f9e-b840-4b9b-8b00-1e8f80dcf0e2@group-04EEFC7712D5-FollowerState] INFO  impl.RoleInfo (RoleInfo.java:updateAndGet(139)) - 4a7d4f9e-b840-4b9b-8b00-1e8f80dcf0e2: start 4a7d4f9e-b840-4b9b-8b00-1e8f80dcf0e2@group-04EEFC7712D5-LeaderElection77
2023-12-28 09:09:59,947 [4a7d4f9e-b840-4b9b-8b00-1e8f80dcf0e2@group-04EEFC7712D5-LeaderElection77] INFO  impl.LeaderElection (LeaderElection.java:askForVotes(323)) - 4a7d4f9e-b840-4b9b-8b00-1e8f80dcf0e2@group-04EEFC7712D5-LeaderElection77 PRE_VOTE round 0: submit vote requests at term 0 for -1: peers:[21dfb426-80a6-430d-8df8-fa8e3a5d9897|10.1.0.14:15433, ebae719b-f625-4368-8547-482f3752b4ca|10.1.0.14:15442, 4a7d4f9e-b840-4b9b-8b00-1e8f80dcf0e2|10.1.0.14:15424]|listeners:[], old=null
2023-12-28 09:09:59,948 [4a7d4f9e-b840-4b9b-8b00-1e8f80dcf0e2@group-04EEFC7712D5-LeaderElection77-1] INFO  server.GrpcServerProtocolClient (GrpcServerProtocolClient.java:<init>(65)) - Build channel for 21dfb426-80a6-430d-8df8-fa8e3a5d9897
2023-12-28 09:09:59,948 [4a7d4f9e-b840-4b9b-8b00-1e8f80dcf0e2@group-04EEFC7712D5-LeaderElection77] INFO  server.RaftServerConfigKeys (ConfUtils.java:logFallback(53)) - raft.server.rpc.first-election.timeout.min = 5s (fallback to raft.server.rpc.timeout.min)
2023-12-28 09:09:59,948 [4a7d4f9e-b840-4b9b-8b00-1e8f80dcf0e2@group-04EEFC7712D5-LeaderElection77] INFO  server.RaftServerConfigKeys (ConfUtils.java:logFallback(53)) - raft.server.rpc.first-election.timeout.max = 5200ms (fallback to raft.server.rpc.timeout.max)
2023-12-28 09:09:59,948 [4a7d4f9e-b840-4b9b-8b00-1e8f80dcf0e2@group-04EEFC7712D5-LeaderElection77-2] INFO  server.GrpcServerProtocolClient (GrpcServerProtocolClient.java:<init>(65)) - Build channel for ebae719b-f625-4368-8547-482f3752b4ca
2023-12-28 09:09:59,951 [grpc-default-executor-6] INFO  server.RaftServer$Division (RaftServerImpl.java:requestVote(1377)) - 21dfb426-80a6-430d-8df8-fa8e3a5d9897@group-04EEFC7712D5: receive requestVote(PRE_VOTE, 4a7d4f9e-b840-4b9b-8b00-1e8f80dcf0e2, group-04EEFC7712D5, 0, (t:0, i:0))
2023-12-28 09:09:59,951 [grpc-default-executor-1] INFO  server.RaftServer$Division (RaftServerImpl.java:requestVote(1377)) - ebae719b-f625-4368-8547-482f3752b4ca@group-04EEFC7712D5: receive requestVote(PRE_VOTE, 4a7d4f9e-b840-4b9b-8b00-1e8f80dcf0e2, group-04EEFC7712D5, 0, (t:0, i:0))
2023-12-28 09:09:59,951 [grpc-default-executor-6] INFO  impl.VoteContext (VoteContext.java:log(49)) - 21dfb426-80a6-430d-8df8-fa8e3a5d9897@group-04EEFC7712D5-FOLLOWER: accept PRE_VOTE from 4a7d4f9e-b840-4b9b-8b00-1e8f80dcf0e2: our priority 0 <= candidate's priority 0
2023-12-28 09:09:59,951 [grpc-default-executor-1] INFO  impl.VoteContext (VoteContext.java:log(49)) - ebae719b-f625-4368-8547-482f3752b4ca@group-04EEFC7712D5-FOLLOWER: reject PRE_VOTE from 4a7d4f9e-b840-4b9b-8b00-1e8f80dcf0e2: our priority 1 > candidate's priority 0
2023-12-28 09:09:59,951 [grpc-default-executor-6] INFO  server.RaftServer$Division (RaftServerImpl.java:requestVote(1410)) - 21dfb426-80a6-430d-8df8-fa8e3a5d9897@group-04EEFC7712D5 replies to PRE_VOTE vote request: 4a7d4f9e-b840-4b9b-8b00-1e8f80dcf0e2<-21dfb426-80a6-430d-8df8-fa8e3a5d9897#0:OK-t0. Peer's state: 21dfb426-80a6-430d-8df8-fa8e3a5d9897@group-04EEFC7712D5:t0, leader=null, voted=, raftlog=Memoized:21dfb426-80a6-430d-8df8-fa8e3a5d9897@group-04EEFC7712D5-SegmentedRaftLog:OPENED:c-1, conf=-1: peers:[21dfb426-80a6-430d-8df8-fa8e3a5d9897|10.1.0.14:15433, ebae719b-f625-4368-8547-482f3752b4ca|10.1.0.14:15442, 4a7d4f9e-b840-4b9b-8b00-1e8f80dcf0e2|10.1.0.14:15424]|listeners:[], old=null
2023-12-28 09:09:59,951 [grpc-default-executor-1] INFO  server.RaftServer$Division (RaftServerImpl.java:requestVote(1410)) - ebae719b-f625-4368-8547-482f3752b4ca@group-04EEFC7712D5 replies to PRE_VOTE vote request: 4a7d4f9e-b840-4b9b-8b00-1e8f80dcf0e2<-ebae719b-f625-4368-8547-482f3752b4ca#0:FAIL-t0. Peer's state: ebae719b-f625-4368-8547-482f3752b4ca@group-04EEFC7712D5:t0, leader=null, voted=, raftlog=Memoized:ebae719b-f625-4368-8547-482f3752b4ca@group-04EEFC7712D5-SegmentedRaftLog:OPENED:c-1, conf=-1: peers:[21dfb426-80a6-430d-8df8-fa8e3a5d9897|10.1.0.14:15433, ebae719b-f625-4368-8547-482f3752b4ca|10.1.0.14:15442, 4a7d4f9e-b840-4b9b-8b00-1e8f80dcf0e2|10.1.0.14:15424]|listeners:[], old=null
2023-12-28 09:09:59,954 [4a7d4f9e-b840-4b9b-8b00-1e8f80dcf0e2@group-04EEFC7712D5-LeaderElection77] INFO  impl.LeaderElection (LeaderElection.java:logAndReturn(89)) - 4a7d4f9e-b840-4b9b-8b00-1e8f80dcf0e2@group-04EEFC7712D5-LeaderElection77: PRE_VOTE REJECTED received 1 response(s) and 0 exception(s):
2023-12-28 09:09:59,954 [4a7d4f9e-b840-4b9b-8b00-1e8f80dcf0e2@group-04EEFC7712D5-LeaderElection77] INFO  impl.LeaderElection (LeaderElection.java:logAndReturn(93)) -   Response 0: 4a7d4f9e-b840-4b9b-8b00-1e8f80dcf0e2<-ebae719b-f625-4368-8547-482f3752b4ca#0:FAIL-t0
2023-12-28 09:09:59,955 [4a7d4f9e-b840-4b9b-8b00-1e8f80dcf0e2@group-04EEFC7712D5-LeaderElection77] INFO  impl.LeaderElection (LeaderElection.java:askForVotes(325)) - 4a7d4f9e-b840-4b9b-8b00-1e8f80dcf0e2@group-04EEFC7712D5-LeaderElection77 PRE_VOTE round 0: result REJECTED
2023-12-28 09:09:59,955 [4a7d4f9e-b840-4b9b-8b00-1e8f80dcf0e2@group-04EEFC7712D5-LeaderElection77] INFO  server.RaftServer$Division (RaftServerImpl.java:setRole(379)) - 4a7d4f9e-b840-4b9b-8b00-1e8f80dcf0e2@group-04EEFC7712D5: changes role from CANDIDATE to FOLLOWER at term 0 for REJECTED
2023-12-28 09:09:59,955 [4a7d4f9e-b840-4b9b-8b00-1e8f80dcf0e2@group-04EEFC7712D5-LeaderElection77] INFO  impl.RoleInfo (RoleInfo.java:shutdownLeaderElection(130)) - 4a7d4f9e-b840-4b9b-8b00-1e8f80dcf0e2: shutdown 4a7d4f9e-b840-4b9b-8b00-1e8f80dcf0e2@group-04EEFC7712D5-LeaderElection77
2023-12-28 09:09:59,955 [4a7d4f9e-b840-4b9b-8b00-1e8f80dcf0e2@group-04EEFC7712D5-LeaderElection77] INFO  impl.RoleInfo (RoleInfo.java:updateAndGet(139)) - 4a7d4f9e-b840-4b9b-8b00-1e8f80dcf0e2: start 4a7d4f9e-b840-4b9b-8b00-1e8f80dcf0e2@group-04EEFC7712D5-FollowerState
2023-12-28 09:09:59,955 [4a7d4f9e-b840-4b9b-8b00-1e8f80dcf0e2@group-04EEFC7712D5-LeaderElection77] INFO  server.RaftServer$Division (RaftServerImpl.java:setFirstElection(564)) - 4a7d4f9e-b840-4b9b-8b00-1e8f80dcf0e2@group-04EEFC7712D5: set firstElectionSinceStartup to false for REJECTED
2023-12-28 09:09:59,973 [ebae719b-f625-4368-8547-482f3752b4ca@group-04EEFC7712D5-FollowerState] INFO  impl.FollowerState (FollowerState.java:run(143)) - ebae719b-f625-4368-8547-482f3752b4ca@group-04EEFC7712D5-FollowerState: change to CANDIDATE, lastRpcElapsedTime:5023822906ns, electionTimeout:5023ms
2023-12-28 09:09:59,973 [ebae719b-f625-4368-8547-482f3752b4ca@group-04EEFC7712D5-FollowerState] INFO  impl.RoleInfo (RoleInfo.java:shutdownFollowerState(110)) - ebae719b-f625-4368-8547-482f3752b4ca: shutdown ebae719b-f625-4368-8547-482f3752b4ca@group-04EEFC7712D5-FollowerState
2023-12-28 09:09:59,973 [ebae719b-f625-4368-8547-482f3752b4ca@group-04EEFC7712D5-FollowerState] INFO  server.RaftServer$Division (RaftServerImpl.java:setRole(379)) - ebae719b-f625-4368-8547-482f3752b4ca@group-04EEFC7712D5: changes role from  FOLLOWER to CANDIDATE at term 0 for changeToCandidate
2023-12-28 09:09:59,973 [ebae719b-f625-4368-8547-482f3752b4ca@group-04EEFC7712D5-FollowerState] INFO  server.RaftServerConfigKeys (ConfUtils.java:logGet(46)) - raft.server.leaderelection.pre-vote = true (default)
2023-12-28 09:09:59,973 [ebae719b-f625-4368-8547-482f3752b4ca@group-04EEFC7712D5-FollowerState] INFO  impl.RoleInfo (RoleInfo.java:updateAndGet(139)) - ebae719b-f625-4368-8547-482f3752b4ca: start ebae719b-f625-4368-8547-482f3752b4ca@group-04EEFC7712D5-LeaderElection78
2023-12-28 09:09:59,974 [ebae719b-f625-4368-8547-482f3752b4ca@group-04EEFC7712D5-LeaderElection78] INFO  impl.LeaderElection (LeaderElection.java:askForVotes(323)) - ebae719b-f625-4368-8547-482f3752b4ca@group-04EEFC7712D5-LeaderElection78 PRE_VOTE round 0: submit vote requests at term 0 for -1: peers:[21dfb426-80a6-430d-8df8-fa8e3a5d9897|10.1.0.14:15433, ebae719b-f625-4368-8547-482f3752b4ca|10.1.0.14:15442, 4a7d4f9e-b840-4b9b-8b00-1e8f80dcf0e2|10.1.0.14:15424]|listeners:[], old=null
2023-12-28 09:09:59,974 [ebae719b-f625-4368-8547-482f3752b4ca@group-04EEFC7712D5-LeaderElection78-1] INFO  server.GrpcServerProtocolClient (GrpcServerProtocolClient.java:<init>(65)) - Build channel for 21dfb426-80a6-430d-8df8-fa8e3a5d9897
2023-12-28 09:09:59,974 [ebae719b-f625-4368-8547-482f3752b4ca@group-04EEFC7712D5-LeaderElection78] INFO  server.RaftServerConfigKeys (ConfUtils.java:logFallback(53)) - raft.server.rpc.first-election.timeout.min = 5s (fallback to raft.server.rpc.timeout.min)
2023-12-28 09:09:59,974 [ebae719b-f625-4368-8547-482f3752b4ca@group-04EEFC7712D5-LeaderElection78-2] INFO  server.GrpcServerProtocolClient (GrpcServerProtocolClient.java:<init>(65)) - Build channel for 4a7d4f9e-b840-4b9b-8b00-1e8f80dcf0e2
2023-12-28 09:09:59,974 [ebae719b-f625-4368-8547-482f3752b4ca@group-04EEFC7712D5-LeaderElection78] INFO  server.RaftServerConfigKeys (ConfUtils.java:logFallback(53)) - raft.server.rpc.first-election.timeout.max = 5200ms (fallback to raft.server.rpc.timeout.max)
2023-12-28 09:09:59,978 [grpc-default-executor-1] INFO  server.RaftServer$Division (RaftServerImpl.java:requestVote(1377)) - 21dfb426-80a6-430d-8df8-fa8e3a5d9897@group-04EEFC7712D5: receive requestVote(PRE_VOTE, ebae719b-f625-4368-8547-482f3752b4ca, group-04EEFC7712D5, 0, (t:0, i:0))
2023-12-28 09:09:59,979 [grpc-default-executor-1] INFO  impl.VoteContext (VoteContext.java:log(49)) - 21dfb426-80a6-430d-8df8-fa8e3a5d9897@group-04EEFC7712D5-FOLLOWER: accept PRE_VOTE from ebae719b-f625-4368-8547-482f3752b4ca: our priority 0 <= candidate's priority 1
2023-12-28 09:09:59,979 [grpc-default-executor-1] INFO  server.RaftServer$Division (RaftServerImpl.java:requestVote(1410)) - 21dfb426-80a6-430d-8df8-fa8e3a5d9897@group-04EEFC7712D5 replies to PRE_VOTE vote request: ebae719b-f625-4368-8547-482f3752b4ca<-21dfb426-80a6-430d-8df8-fa8e3a5d9897#0:OK-t0. Peer's state: 21dfb426-80a6-430d-8df8-fa8e3a5d9897@group-04EEFC7712D5:t0, leader=null, voted=, raftlog=Memoized:21dfb426-80a6-430d-8df8-fa8e3a5d9897@group-04EEFC7712D5-SegmentedRaftLog:OPENED:c-1, conf=-1: peers:[21dfb426-80a6-430d-8df8-fa8e3a5d9897|10.1.0.14:15433, ebae719b-f625-4368-8547-482f3752b4ca|10.1.0.14:15442, 4a7d4f9e-b840-4b9b-8b00-1e8f80dcf0e2|10.1.0.14:15424]|listeners:[], old=null
2023-12-28 09:09:59,979 [grpc-default-executor-6] INFO  server.RaftServer$Division (RaftServerImpl.java:requestVote(1377)) - 4a7d4f9e-b840-4b9b-8b00-1e8f80dcf0e2@group-04EEFC7712D5: receive requestVote(PRE_VOTE, ebae719b-f625-4368-8547-482f3752b4ca, group-04EEFC7712D5, 0, (t:0, i:0))
2023-12-28 09:09:59,979 [grpc-default-executor-6] INFO  impl.VoteContext (VoteContext.java:log(49)) - 4a7d4f9e-b840-4b9b-8b00-1e8f80dcf0e2@group-04EEFC7712D5-FOLLOWER: accept PRE_VOTE from ebae719b-f625-4368-8547-482f3752b4ca: our priority 0 <= candidate's priority 1
2023-12-28 09:09:59,979 [grpc-default-executor-6] INFO  server.RaftServer$Division (RaftServerImpl.java:requestVote(1410)) - 4a7d4f9e-b840-4b9b-8b00-1e8f80dcf0e2@group-04EEFC7712D5 replies to PRE_VOTE vote request: ebae719b-f625-4368-8547-482f3752b4ca<-4a7d4f9e-b840-4b9b-8b00-1e8f80dcf0e2#0:OK-t0. Peer's state: 4a7d4f9e-b840-4b9b-8b00-1e8f80dcf0e2@group-04EEFC7712D5:t0, leader=null, voted=, raftlog=Memoized:4a7d4f9e-b840-4b9b-8b00-1e8f80dcf0e2@group-04EEFC7712D5-SegmentedRaftLog:OPENED:c-1, conf=-1: peers:[21dfb426-80a6-430d-8df8-fa8e3a5d9897|10.1.0.14:15433, ebae719b-f625-4368-8547-482f3752b4ca|10.1.0.14:15442, 4a7d4f9e-b840-4b9b-8b00-1e8f80dcf0e2|10.1.0.14:15424]|listeners:[], old=null
2023-12-28 09:09:59,980 [ebae719b-f625-4368-8547-482f3752b4ca@group-04EEFC7712D5-LeaderElection78] INFO  impl.LeaderElection (LeaderElection.java:logAndReturn(89)) - ebae719b-f625-4368-8547-482f3752b4ca@group-04EEFC7712D5-LeaderElection78: PRE_VOTE PASSED received 1 response(s) and 0 exception(s):
2023-12-28 09:09:59,980 [ebae719b-f625-4368-8547-482f3752b4ca@group-04EEFC7712D5-LeaderElection78] INFO  impl.LeaderElection (LeaderElection.java:logAndReturn(93)) -   Response 0: ebae719b-f625-4368-8547-482f3752b4ca<-21dfb426-80a6-430d-8df8-fa8e3a5d9897#0:OK-t0
2023-12-28 09:09:59,981 [ebae719b-f625-4368-8547-482f3752b4ca@group-04EEFC7712D5-LeaderElection78] INFO  impl.LeaderElection (LeaderElection.java:askForVotes(325)) - ebae719b-f625-4368-8547-482f3752b4ca@group-04EEFC7712D5-LeaderElection78 PRE_VOTE round 0: result PASSED
2023-12-28 09:09:59,982 [ebae719b-f625-4368-8547-482f3752b4ca@group-04EEFC7712D5-LeaderElection78] INFO  impl.LeaderElection (LeaderElection.java:askForVotes(323)) - ebae719b-f625-4368-8547-482f3752b4ca@group-04EEFC7712D5-LeaderElection78 ELECTION round 0: submit vote requests at term 1 for -1: peers:[21dfb426-80a6-430d-8df8-fa8e3a5d9897|10.1.0.14:15433, ebae719b-f625-4368-8547-482f3752b4ca|10.1.0.14:15442, 4a7d4f9e-b840-4b9b-8b00-1e8f80dcf0e2|10.1.0.14:15424]|listeners:[], old=null
2023-12-28 09:09:59,983 [ebae719b-f625-4368-8547-482f3752b4ca@group-04EEFC7712D5-LeaderElection78] INFO  server.RaftServerConfigKeys (ConfUtils.java:logFallback(53)) - raft.server.rpc.first-election.timeout.min = 5s (fallback to raft.server.rpc.timeout.min)
2023-12-28 09:09:59,983 [ebae719b-f625-4368-8547-482f3752b4ca@group-04EEFC7712D5-LeaderElection78] INFO  server.RaftServerConfigKeys (ConfUtils.java:logFallback(53)) - raft.server.rpc.first-election.timeout.max = 5200ms (fallback to raft.server.rpc.timeout.max)
2023-12-28 09:09:59,983 [grpc-default-executor-6] INFO  server.RaftServer$Division (RaftServerImpl.java:requestVote(1377)) - 21dfb426-80a6-430d-8df8-fa8e3a5d9897@group-04EEFC7712D5: receive requestVote(ELECTION, ebae719b-f625-4368-8547-482f3752b4ca, group-04EEFC7712D5, 1, (t:0, i:0))
2023-12-28 09:09:59,983 [grpc-default-executor-1] INFO  server.RaftServer$Division (RaftServerImpl.java:requestVote(1377)) - 4a7d4f9e-b840-4b9b-8b00-1e8f80dcf0e2@group-04EEFC7712D5: receive requestVote(ELECTION, ebae719b-f625-4368-8547-482f3752b4ca, group-04EEFC7712D5, 1, (t:0, i:0))
2023-12-28 09:09:59,983 [grpc-default-executor-6] INFO  impl.VoteContext (VoteContext.java:log(49)) - 21dfb426-80a6-430d-8df8-fa8e3a5d9897@group-04EEFC7712D5-FOLLOWER: accept ELECTION from ebae719b-f625-4368-8547-482f3752b4ca: our priority 0 <= candidate's priority 1
2023-12-28 09:09:59,983 [grpc-default-executor-1] INFO  impl.VoteContext (VoteContext.java:log(49)) - 4a7d4f9e-b840-4b9b-8b00-1e8f80dcf0e2@group-04EEFC7712D5-FOLLOWER: accept ELECTION from ebae719b-f625-4368-8547-482f3752b4ca: our priority 0 <= candidate's priority 1
2023-12-28 09:09:59,983 [grpc-default-executor-6] INFO  server.RaftServer$Division (RaftServerImpl.java:setRole(379)) - 21dfb426-80a6-430d-8df8-fa8e3a5d9897@group-04EEFC7712D5: changes role from  FOLLOWER to FOLLOWER at term 1 for candidate:ebae719b-f625-4368-8547-482f3752b4ca
2023-12-28 09:09:59,983 [grpc-default-executor-6] INFO  impl.RoleInfo (RoleInfo.java:shutdownFollowerState(110)) - 21dfb426-80a6-430d-8df8-fa8e3a5d9897: shutdown 21dfb426-80a6-430d-8df8-fa8e3a5d9897@group-04EEFC7712D5-FollowerState
2023-12-28 09:09:59,983 [grpc-default-executor-1] INFO  server.RaftServer$Division (RaftServerImpl.java:setRole(379)) - 4a7d4f9e-b840-4b9b-8b00-1e8f80dcf0e2@group-04EEFC7712D5: changes role from  FOLLOWER to FOLLOWER at term 1 for candidate:ebae719b-f625-4368-8547-482f3752b4ca
2023-12-28 09:09:59,984 [21dfb426-80a6-430d-8df8-fa8e3a5d9897@group-04EEFC7712D5-FollowerState] INFO  impl.FollowerState (FollowerState.java:run(152)) - 21dfb426-80a6-430d-8df8-fa8e3a5d9897@group-04EEFC7712D5-FollowerState was interrupted
2023-12-28 09:09:59,984 [grpc-default-executor-1] INFO  impl.RoleInfo (RoleInfo.java:shutdownFollowerState(110)) - 4a7d4f9e-b840-4b9b-8b00-1e8f80dcf0e2: shutdown 4a7d4f9e-b840-4b9b-8b00-1e8f80dcf0e2@group-04EEFC7712D5-FollowerState
2023-12-28 09:09:59,984 [grpc-default-executor-1] INFO  impl.RoleInfo (RoleInfo.java:updateAndGet(139)) - 4a7d4f9e-b840-4b9b-8b00-1e8f80dcf0e2: start 4a7d4f9e-b840-4b9b-8b00-1e8f80dcf0e2@group-04EEFC7712D5-FollowerState
2023-12-28 09:09:59,983 [grpc-default-executor-6] INFO  impl.RoleInfo (RoleInfo.java:updateAndGet(139)) - 21dfb426-80a6-430d-8df8-fa8e3a5d9897: start 21dfb426-80a6-430d-8df8-fa8e3a5d9897@group-04EEFC7712D5-FollowerState
2023-12-28 09:09:59,984 [4a7d4f9e-b840-4b9b-8b00-1e8f80dcf0e2@group-04EEFC7712D5-FollowerState] INFO  impl.FollowerState (FollowerState.java:run(152)) - 4a7d4f9e-b840-4b9b-8b00-1e8f80dcf0e2@group-04EEFC7712D5-FollowerState was interrupted
2023-12-28 09:09:59,984 [grpc-default-executor-6] INFO  server.RaftServer$Division (RaftServerImpl.java:setFirstElection(564)) - 21dfb426-80a6-430d-8df8-fa8e3a5d9897@group-04EEFC7712D5: set firstElectionSinceStartup to false for candidate:ebae719b-f625-4368-8547-482f3752b4ca
2023-12-28 09:09:59,987 [grpc-default-executor-1] INFO  server.RaftServer$Division (RaftServerImpl.java:requestVote(1410)) - 4a7d4f9e-b840-4b9b-8b00-1e8f80dcf0e2@group-04EEFC7712D5 replies to ELECTION vote request: ebae719b-f625-4368-8547-482f3752b4ca<-4a7d4f9e-b840-4b9b-8b00-1e8f80dcf0e2#0:OK-t1. Peer's state: 4a7d4f9e-b840-4b9b-8b00-1e8f80dcf0e2@group-04EEFC7712D5:t1, leader=null, voted=ebae719b-f625-4368-8547-482f3752b4ca, raftlog=Memoized:4a7d4f9e-b840-4b9b-8b00-1e8f80dcf0e2@group-04EEFC7712D5-SegmentedRaftLog:OPENED:c-1, conf=-1: peers:[21dfb426-80a6-430d-8df8-fa8e3a5d9897|10.1.0.14:15433, ebae719b-f625-4368-8547-482f3752b4ca|10.1.0.14:15442, 4a7d4f9e-b840-4b9b-8b00-1e8f80dcf0e2|10.1.0.14:15424]|listeners:[], old=null
2023-12-28 09:09:59,987 [ebae719b-f625-4368-8547-482f3752b4ca@group-04EEFC7712D5-LeaderElection78] INFO  impl.LeaderElection (LeaderElection.java:logAndReturn(89)) - ebae719b-f625-4368-8547-482f3752b4ca@group-04EEFC7712D5-LeaderElection78: ELECTION PASSED received 1 response(s) and 0 exception(s):
2023-12-28 09:09:59,987 [ebae719b-f625-4368-8547-482f3752b4ca@group-04EEFC7712D5-LeaderElection78] INFO  impl.LeaderElection (LeaderElection.java:logAndReturn(93)) -   Response 0: ebae719b-f625-4368-8547-482f3752b4ca<-4a7d4f9e-b840-4b9b-8b00-1e8f80dcf0e2#0:OK-t1
2023-12-28 09:09:59,987 [ebae719b-f625-4368-8547-482f3752b4ca@group-04EEFC7712D5-LeaderElection78] INFO  impl.LeaderElection (LeaderElection.java:askForVotes(325)) - ebae719b-f625-4368-8547-482f3752b4ca@group-04EEFC7712D5-LeaderElection78 ELECTION round 0: result PASSED
2023-12-28 09:09:59,987 [ebae719b-f625-4368-8547-482f3752b4ca@group-04EEFC7712D5-LeaderElection78] INFO  impl.RoleInfo (RoleInfo.java:shutdownLeaderElection(130)) - ebae719b-f625-4368-8547-482f3752b4ca: shutdown ebae719b-f625-4368-8547-482f3752b4ca@group-04EEFC7712D5-LeaderElection78
2023-12-28 09:09:59,987 [ebae719b-f625-4368-8547-482f3752b4ca@group-04EEFC7712D5-LeaderElection78] INFO  server.RaftServer$Division (RaftServerImpl.java:setRole(379)) - ebae719b-f625-4368-8547-482f3752b4ca@group-04EEFC7712D5: changes role from CANDIDATE to LEADER at term 1 for changeToLeader
2023-12-28 09:09:59,988 [ebae719b-f625-4368-8547-482f3752b4ca@group-04EEFC7712D5-LeaderElection78] INFO  server.RaftServerConfigKeys (ConfUtils.java:logGet(46)) - raft.server.staging.catchup.gap = 1000 (default)
2023-12-28 09:09:59,988 [ebae719b-f625-4368-8547-482f3752b4ca@group-04EEFC7712D5-LeaderElection78] INFO  server.RaftServerConfigKeys (ConfUtils.java:logGet(46)) - raft.server.write.element-limit = 1024 (custom)
2023-12-28 09:09:59,988 [ebae719b-f625-4368-8547-482f3752b4ca@group-04EEFC7712D5-LeaderElection78] INFO  server.RaftServerConfigKeys (ConfUtils.java:logGet(46)) - raft.server.write.byte-limit = 1024 M (=1073741824) (custom)
2023-12-28 09:09:59,988 [ebae719b-f625-4368-8547-482f3752b4ca@group-04EEFC7712D5-LeaderElection78] INFO  server.RaftServerConfigKeys (ConfUtils.java:logGet(46)) - raft.server.watch.timeout = 3000ms (custom)
2023-12-28 09:09:59,988 [ebae719b-f625-4368-8547-482f3752b4ca@group-04EEFC7712D5-LeaderElection78] INFO  server.RaftServerConfigKeys (ConfUtils.java:logGet(46)) - raft.server.watch.timeout.denomination = 1s (default)
2023-12-28 09:09:59,988 [ebae719b-f625-4368-8547-482f3752b4ca@group-04EEFC7712D5-LeaderElection78] INFO  server.RaftServerConfigKeys (ConfUtils.java:logGet(46)) - raft.server.watch.element-limit = 65536 (default)
2023-12-28 09:09:59,988 [ebae719b-f625-4368-8547-482f3752b4ca@group-04EEFC7712D5-LeaderElection78] INFO  server.RaftServerConfigKeys (ConfUtils.java:logGet(46)) - raft.server.read.leader.lease.enabled = false (default)
2023-12-28 09:09:59,988 [ebae719b-f625-4368-8547-482f3752b4ca@group-04EEFC7712D5-LeaderElection78] INFO  server.RaftServerConfigKeys (ConfUtils.java:logGet(46)) - raft.server.read.leader.lease.timeout.ratio = 0.9 (default)
2023-12-28 09:09:59,988 [ebae719b-f625-4368-8547-482f3752b4ca@group-04EEFC7712D5-LeaderElection78] INFO  server.RaftServerConfigKeys (ConfUtils.java:logGet(46)) - raft.server.rpc.timeout.min = 5s (custom)
2023-12-28 09:09:59,988 [ebae719b-f625-4368-8547-482f3752b4ca@group-04EEFC7712D5-LeaderElection78] INFO  server.RaftServerConfigKeys (ConfUtils.java:logGet(46)) - raft.server.write.element-limit = 1024 (custom)
2023-12-28 09:09:59,988 [ebae719b-f625-4368-8547-482f3752b4ca@group-04EEFC7712D5-LeaderElection78] INFO  server.RaftServerConfigKeys (ConfUtils.java:logGet(46)) - raft.server.write.follower.gap.ratio.max = -1.0 (default)
2023-12-28 09:09:59,988 [ebae719b-f625-4368-8547-482f3752b4ca@group-04EEFC7712D5-LeaderElection78] INFO  server.RaftServerConfigKeys (ConfUtils.java:logGet(46)) - raft.server.log.appender.snapshot.chunk.size.max = 16MB (=16777216) (default)
2023-12-28 09:09:59,988 [ebae719b-f625-4368-8547-482f3752b4ca@group-04EEFC7712D5-LeaderElection78] INFO  server.RaftServerConfigKeys (ConfUtils.java:logGet(46)) - raft.server.log.appender.buffer.byte-limit = 8388608 (custom)
2023-12-28 09:09:59,988 [ebae719b-f625-4368-8547-482f3752b4ca@group-04EEFC7712D5-LeaderElection78] INFO  server.RaftServerConfigKeys (ConfUtils.java:logGet(46)) - raft.server.log.appender.buffer.element-limit = 1 (custom)
2023-12-28 09:09:59,988 [ebae719b-f625-4368-8547-482f3752b4ca@group-04EEFC7712D5-LeaderElection78] INFO  server.RaftServerConfigKeys (ConfUtils.java:logGet(46)) - raft.server.log.appender.wait-time.min = 0ms (custom)
2023-12-28 09:09:59,989 [ebae719b-f625-4368-8547-482f3752b4ca@group-04EEFC7712D5-LeaderElection78] INFO  grpc.GrpcConfigKeys (ConfUtils.java:logGet(46)) - raft.grpc.server.leader.outstanding.appends.max = 8 (default)
2023-12-28 09:09:59,989 [ebae719b-f625-4368-8547-482f3752b4ca@group-04EEFC7712D5-LeaderElection78] INFO  server.RaftServerConfigKeys (ConfUtils.java:logGet(46)) - raft.server.rpc.request.timeout = 3000ms (default)
2023-12-28 09:09:59,989 [ebae719b-f625-4368-8547-482f3752b4ca@group-04EEFC7712D5-LeaderElection78] INFO  grpc.GrpcConfigKeys (ConfUtils.java:logGet(46)) - raft.grpc.server.install_snapshot.request.element-limit = 8 (default)
2023-12-28 09:09:59,989 [ebae719b-f625-4368-8547-482f3752b4ca@group-04EEFC7712D5-LeaderElection78] INFO  grpc.GrpcConfigKeys (ConfUtils.java:logGet(46)) - raft.grpc.server.install_snapshot.request.timeout = 3000ms (default)
2023-12-28 09:09:59,989 [grpc-default-executor-6] INFO  server.RaftServer$Division (RaftServerImpl.java:requestVote(1410)) - 21dfb426-80a6-430d-8df8-fa8e3a5d9897@group-04EEFC7712D5 replies to ELECTION vote request: ebae719b-f625-4368-8547-482f3752b4ca<-21dfb426-80a6-430d-8df8-fa8e3a5d9897#0:OK-t1. Peer's state: 21dfb426-80a6-430d-8df8-fa8e3a5d9897@group-04EEFC7712D5:t1, leader=null, voted=ebae719b-f625-4368-8547-482f3752b4ca, raftlog=Memoized:21dfb426-80a6-430d-8df8-fa8e3a5d9897@group-04EEFC7712D5-SegmentedRaftLog:OPENED:c-1, conf=-1: peers:[21dfb426-80a6-430d-8df8-fa8e3a5d9897|10.1.0.14:15433, ebae719b-f625-4368-8547-482f3752b4ca|10.1.0.14:15442, 4a7d4f9e-b840-4b9b-8b00-1e8f80dcf0e2|10.1.0.14:15424]|listeners:[], old=null
2023-12-28 09:09:59,989 [ebae719b-f625-4368-8547-482f3752b4ca@group-04EEFC7712D5-LeaderElection78] INFO  server.RaftServerConfigKeys (ConfUtils.java:logGet(46)) - raft.server.log.appender.install.snapshot.enabled = false (custom)
2023-12-28 09:09:59,989 [ebae719b-f625-4368-8547-482f3752b4ca@group-04EEFC7712D5-LeaderElection78] INFO  grpc.GrpcConfigKeys (ConfUtils.java:logGet(46)) - raft.grpc.server.heartbeat.channel = true (default)
2023-12-28 09:09:59,989 [ebae719b-f625-4368-8547-482f3752b4ca@group-04EEFC7712D5-LeaderElection78] INFO  server.RaftServerConfigKeys (ConfUtils.java:logGet(46)) - raft.server.log.appender.snapshot.chunk.size.max = 16MB (=16777216) (default)
2023-12-28 09:09:59,990 [ebae719b-f625-4368-8547-482f3752b4ca@group-04EEFC7712D5-LeaderElection78] INFO  server.RaftServerConfigKeys (ConfUtils.java:logGet(46)) - raft.server.log.appender.buffer.byte-limit = 8388608 (custom)
2023-12-28 09:09:59,990 [ebae719b-f625-4368-8547-482f3752b4ca@group-04EEFC7712D5-LeaderElection78] INFO  server.RaftServerConfigKeys (ConfUtils.java:logGet(46)) - raft.server.log.appender.buffer.element-limit = 1 (custom)
2023-12-28 09:09:59,990 [ebae719b-f625-4368-8547-482f3752b4ca@group-04EEFC7712D5-LeaderElection78] INFO  server.RaftServerConfigKeys (ConfUtils.java:logGet(46)) - raft.server.log.appender.wait-time.min = 0ms (custom)
2023-12-28 09:09:59,990 [ebae719b-f625-4368-8547-482f3752b4ca@group-04EEFC7712D5-LeaderElection78] INFO  grpc.GrpcConfigKeys (ConfUtils.java:logGet(46)) - raft.grpc.server.leader.outstanding.appends.max = 8 (default)
2023-12-28 09:09:59,990 [ebae719b-f625-4368-8547-482f3752b4ca@group-04EEFC7712D5-LeaderElection78] INFO  server.RaftServerConfigKeys (ConfUtils.java:logGet(46)) - raft.server.rpc.request.timeout = 3000ms (default)
2023-12-28 09:09:59,990 [ebae719b-f625-4368-8547-482f3752b4ca@group-04EEFC7712D5-LeaderElection78] INFO  grpc.GrpcConfigKeys (ConfUtils.java:logGet(46)) - raft.grpc.server.install_snapshot.request.element-limit = 8 (default)
2023-12-28 09:09:59,990 [ebae719b-f625-4368-8547-482f3752b4ca@group-04EEFC7712D5-LeaderElection78] INFO  grpc.GrpcConfigKeys (ConfUtils.java:logGet(46)) - raft.grpc.server.install_snapshot.request.timeout = 3000ms (default)
2023-12-28 09:09:59,990 [ebae719b-f625-4368-8547-482f3752b4ca@group-04EEFC7712D5-LeaderElection78] INFO  server.RaftServerConfigKeys (ConfUtils.java:logGet(46)) - raft.server.log.appender.install.snapshot.enabled = false (custom)
2023-12-28 09:09:59,990 [ebae719b-f625-4368-8547-482f3752b4ca@group-04EEFC7712D5-LeaderElection78] INFO  grpc.GrpcConfigKeys (ConfUtils.java:logGet(46)) - raft.grpc.server.heartbeat.channel = true (default)
2023-12-28 09:09:59,990 [ebae719b-f625-4368-8547-482f3752b4ca@group-04EEFC7712D5-LeaderElection78] INFO  impl.RoleInfo (RoleInfo.java:updateAndGet(139)) - ebae719b-f625-4368-8547-482f3752b4ca: start ebae719b-f625-4368-8547-482f3752b4ca@group-04EEFC7712D5-LeaderStateImpl
2023-12-28 09:09:59,990 [ebae719b-f625-4368-8547-482f3752b4ca@group-04EEFC7712D5-LeaderElection78] INFO  server.RaftServer$Division (RaftServerImpl.java:setFirstElection(564)) - ebae719b-f625-4368-8547-482f3752b4ca@group-04EEFC7712D5: set firstElectionSinceStartup to false for becomeLeader
2023-12-28 09:09:59,990 [ebae719b-f625-4368-8547-482f3752b4ca@group-04EEFC7712D5-LeaderElection78] INFO  ratis.XceiverServerRatis (XceiverServerRatis.java:handleLeaderChangedNotification(935)) - Leader change notification received for group: group-04EEFC7712D5 with new leaderId: ebae719b-f625-4368-8547-482f3752b4ca
2023-12-28 09:09:59,990 [ebae719b-f625-4368-8547-482f3752b4ca@group-04EEFC7712D5-LeaderElection78] INFO  server.RaftServer$Division (ServerState.java:setLeader(265)) - ebae719b-f625-4368-8547-482f3752b4ca@group-04EEFC7712D5: change Leader from null to ebae719b-f625-4368-8547-482f3752b4ca at term 1 for becomeLeader, leader elected after 5049ms
2023-12-28 09:09:59,990 [ebae719b-f625-4368-8547-482f3752b4ca@group-04EEFC7712D5-LeaderElection78] INFO  segmented.SegmentedRaftLogWorker (SegmentedRaftLogWorker.java:startLogSegment(428)) - ebae719b-f625-4368-8547-482f3752b4ca@group-04EEFC7712D5-SegmentedRaftLogWorker: Starting segment from index:0
2023-12-28 09:09:59,991 [ebae719b-f625-4368-8547-482f3752b4ca@group-04EEFC7712D5-LeaderElection78] INFO  server.RaftServer$Division (ServerState.java:setRaftConf(382)) - ebae719b-f625-4368-8547-482f3752b4ca@group-04EEFC7712D5: set configuration 0: peers:[21dfb426-80a6-430d-8df8-fa8e3a5d9897|10.1.0.14:15433, ebae719b-f625-4368-8547-482f3752b4ca|10.1.0.14:15442, 4a7d4f9e-b840-4b9b-8b00-1e8f80dcf0e2|10.1.0.14:15424]|listeners:[], old=null
2023-12-28 09:09:59,992 [EventQueue-PipelineReportForPipelineReportHandler] INFO  pipeline.PipelineReportHandler (PipelineReportHandler.java:processPipelineReport(136)) - Opened pipeline PipelineID=adc176ae-bfd8-40be-beb4-04eefc7712d5
2023-12-28 09:09:59,996 [4a7d4f9e-b840-4b9b-8b00-1e8f80dcf0e2-server-thread1] INFO  ratis.XceiverServerRatis (XceiverServerRatis.java:handleLeaderChangedNotification(935)) - Leader change notification received for group: group-04EEFC7712D5 with new leaderId: ebae719b-f625-4368-8547-482f3752b4ca
2023-12-28 09:09:59,996 [4a7d4f9e-b840-4b9b-8b00-1e8f80dcf0e2-server-thread1] INFO  server.RaftServer$Division (ServerState.java:setLeader(265)) - 4a7d4f9e-b840-4b9b-8b00-1e8f80dcf0e2@group-04EEFC7712D5: change Leader from null to ebae719b-f625-4368-8547-482f3752b4ca at term 1 for appendEntries, leader elected after 5090ms
2023-12-28 09:09:59,999 [4a7d4f9e-b840-4b9b-8b00-1e8f80dcf0e2-server-thread2] INFO  server.RaftServer$Division (ServerState.java:setRaftConf(382)) - 4a7d4f9e-b840-4b9b-8b00-1e8f80dcf0e2@group-04EEFC7712D5: set configuration 0: peers:[21dfb426-80a6-430d-8df8-fa8e3a5d9897|10.1.0.14:15433, ebae719b-f625-4368-8547-482f3752b4ca|10.1.0.14:15442, 4a7d4f9e-b840-4b9b-8b00-1e8f80dcf0e2|10.1.0.14:15424]|listeners:[], old=null
2023-12-28 09:09:59,999 [21dfb426-80a6-430d-8df8-fa8e3a5d9897-server-thread1] INFO  ratis.XceiverServerRatis (XceiverServerRatis.java:handleLeaderChangedNotification(935)) - Leader change notification received for group: group-04EEFC7712D5 with new leaderId: ebae719b-f625-4368-8547-482f3752b4ca
2023-12-28 09:09:59,999 [4a7d4f9e-b840-4b9b-8b00-1e8f80dcf0e2-server-thread2] INFO  segmented.SegmentedRaftLogWorker (SegmentedRaftLogWorker.java:startLogSegment(428)) - 4a7d4f9e-b840-4b9b-8b00-1e8f80dcf0e2@group-04EEFC7712D5-SegmentedRaftLogWorker: Starting segment from index:0
2023-12-28 09:09:59,999 [21dfb426-80a6-430d-8df8-fa8e3a5d9897-server-thread1] INFO  server.RaftServer$Division (ServerState.java:setLeader(265)) - 21dfb426-80a6-430d-8df8-fa8e3a5d9897@group-04EEFC7712D5: change Leader from null to ebae719b-f625-4368-8547-482f3752b4ca at term 1 for appendEntries, leader elected after 5076ms
2023-12-28 09:10:00,006 [21dfb426-80a6-430d-8df8-fa8e3a5d9897-server-thread2] INFO  server.RaftServer$Division (ServerState.java:setRaftConf(382)) - 21dfb426-80a6-430d-8df8-fa8e3a5d9897@group-04EEFC7712D5: set configuration 0: peers:[21dfb426-80a6-430d-8df8-fa8e3a5d9897|10.1.0.14:15433, ebae719b-f625-4368-8547-482f3752b4ca|10.1.0.14:15442, 4a7d4f9e-b840-4b9b-8b00-1e8f80dcf0e2|10.1.0.14:15424]|listeners:[], old=null
2023-12-28 09:10:00,008 [ebae719b-f625-4368-8547-482f3752b4ca@group-04EEFC7712D5-SegmentedRaftLogWorker] INFO  segmented.SegmentedRaftLogWorker (SegmentedRaftLogWorker.java:execute(632)) - ebae719b-f625-4368-8547-482f3752b4ca@group-04EEFC7712D5-SegmentedRaftLogWorker: created new log segment /home/runner/work/ozone/ozone/hadoop-ozone/integration-test/target/test-dir/MiniOzoneClusterImpl-7619c237-1de6-4815-bbe2-f0b52dfbd5bc/datanode-8/data/ratis/adc176ae-bfd8-40be-beb4-04eefc7712d5/current/log_inprogress_0
2023-12-28 09:10:00,011 [21dfb426-80a6-430d-8df8-fa8e3a5d9897-server-thread2] INFO  segmented.SegmentedRaftLogWorker (SegmentedRaftLogWorker.java:startLogSegment(428)) - 21dfb426-80a6-430d-8df8-fa8e3a5d9897@group-04EEFC7712D5-SegmentedRaftLogWorker: Starting segment from index:0
2023-12-28 09:10:00,015 [4a7d4f9e-b840-4b9b-8b00-1e8f80dcf0e2@group-04EEFC7712D5-SegmentedRaftLogWorker] INFO  segmented.SegmentedRaftLogWorker (SegmentedRaftLogWorker.java:execute(632)) - 4a7d4f9e-b840-4b9b-8b00-1e8f80dcf0e2@group-04EEFC7712D5-SegmentedRaftLogWorker: created new log segment /home/runner/work/ozone/ozone/hadoop-ozone/integration-test/target/test-dir/MiniOzoneClusterImpl-7619c237-1de6-4815-bbe2-f0b52dfbd5bc/datanode-6/data/ratis/adc176ae-bfd8-40be-beb4-04eefc7712d5/current/log_inprogress_0
2023-12-28 09:10:00,021 [21dfb426-80a6-430d-8df8-fa8e3a5d9897@group-04EEFC7712D5-SegmentedRaftLogWorker] INFO  segmented.SegmentedRaftLogWorker (SegmentedRaftLogWorker.java:execute(632)) - 21dfb426-80a6-430d-8df8-fa8e3a5d9897@group-04EEFC7712D5-SegmentedRaftLogWorker: created new log segment /home/runner/work/ozone/ozone/hadoop-ozone/integration-test/target/test-dir/MiniOzoneClusterImpl-7619c237-1de6-4815-bbe2-f0b52dfbd5bc/datanode-7/data/ratis/adc176ae-bfd8-40be-beb4-04eefc7712d5/current/log_inprogress_0
2023-12-28 09:10:00,021 [ebae719b-f625-4368-8547-482f3752b4ca@group-04EEFC7712D5-StateMachineUpdater] INFO  server.RaftServer$Division (LeaderStateImpl.java:isApplied(316)) - leader is ready since appliedIndex == 0 >= startIndex == 0
2023-12-28 09:10:00,096 [main] INFO  ozone.MiniOzoneClusterImpl (MiniOzoneClusterImpl.java:lambda$waitForClusterToBeReady$0(230)) - Nodes are ready. Got 9 of 9 DN Heartbeats.
2023-12-28 09:10:00,096 [main] INFO  ozone.MiniOzoneClusterImpl (MiniOzoneClusterImpl.java:lambda$waitForClusterToBeReady$0(233)) - Cluster exits safe mode
2023-12-28 09:10:00,096 [main] INFO  ozone.MiniOzoneClusterImpl (MiniOzoneClusterImpl.java:lambda$waitForClusterToBeReady$0(235)) - SCM became leader
2023-12-28 09:10:00,097 [main] INFO  protocolPB.OmTransportFactory (OmTransportFactory.java:createFactory(62)) - Loading OM transport implementation org.apache.hadoop.ozone.om.protocolPB.Hadoop3OmTransportFactory as specified by configuration.
2023-12-28 09:10:00,103 [main] INFO  rpc.RpcClient (RpcClient.java:createVolume(456)) - Creating Volume: watchforcommithandlingtest, with runner as owner and space quota set to -1 bytes, counts quota set to -1
2023-12-28 09:10:00,106 [om1-OMStateMachineApplyTransactionThread - 0] INFO  volume.OMVolumeCreateRequest (OMVolumeCreateRequest.java:validateAndUpdateCache(198)) - created volume:watchforcommithandlingtest for user:runner
2023-12-28 09:10:00,110 [main] INFO  rpc.RpcClient (RpcClient.java:createBucket(683)) - Creating Bucket: watchforcommithandlingtest/watchforcommithandlingtest, with server-side default bucket layout, runner as owner, Versioning false, Storage Type set to DISK and Encryption set to false, Replication Type set to server-side default replication type, Namespace Quota set to -1, Space Quota set to -1 
2023-12-28 09:10:00,112 [om1-OMStateMachineApplyTransactionThread - 0] INFO  bucket.OMBucketCreateRequest (OMBucketCreateRequest.java:validateAndUpdateCache(296)) - created bucket: watchforcommithandlingtest of layout FILE_SYSTEM_OPTIMIZED in volume: watchforcommithandlingtest
2023-12-28 09:10:00,116 [IPC Server handler 0 on default port 15356] INFO  ha.SequenceIdGenerator (SequenceIdGenerator.java:getNextId(145)) - Allocate a batch for containerId, change lastId from 0 to 1000.
2023-12-28 09:10:00,117 [ebae719b-f625-4368-8547-482f3752b4ca@group-24C974523F0E-FollowerState] INFO  impl.FollowerState (FollowerState.java:run(143)) - ebae719b-f625-4368-8547-482f3752b4ca@group-24C974523F0E-FollowerState: change to CANDIDATE, lastRpcElapsedTime:5015356083ns, electionTimeout:5015ms
2023-12-28 09:10:00,117 [ebae719b-f625-4368-8547-482f3752b4ca@group-24C974523F0E-FollowerState] INFO  impl.RoleInfo (RoleInfo.java:shutdownFollowerState(110)) - ebae719b-f625-4368-8547-482f3752b4ca: shutdown ebae719b-f625-4368-8547-482f3752b4ca@group-24C974523F0E-FollowerState
2023-12-28 09:10:00,117 [ebae719b-f625-4368-8547-482f3752b4ca@group-24C974523F0E-FollowerState] INFO  server.RaftServer$Division (RaftServerImpl.java:setRole(379)) - ebae719b-f625-4368-8547-482f3752b4ca@group-24C974523F0E: changes role from  FOLLOWER to CANDIDATE at term 0 for changeToCandidate
2023-12-28 09:10:00,117 [ebae719b-f625-4368-8547-482f3752b4ca@group-24C974523F0E-FollowerState] INFO  server.RaftServerConfigKeys (ConfUtils.java:logGet(46)) - raft.server.leaderelection.pre-vote = true (default)
2023-12-28 09:10:00,117 [ebae719b-f625-4368-8547-482f3752b4ca@group-24C974523F0E-FollowerState] INFO  impl.RoleInfo (RoleInfo.java:updateAndGet(139)) - ebae719b-f625-4368-8547-482f3752b4ca: start ebae719b-f625-4368-8547-482f3752b4ca@group-24C974523F0E-LeaderElection79
2023-12-28 09:10:00,118 [ebae719b-f625-4368-8547-482f3752b4ca@group-24C974523F0E-LeaderElection79] INFO  impl.LeaderElection (LeaderElection.java:askForVotes(323)) - ebae719b-f625-4368-8547-482f3752b4ca@group-24C974523F0E-LeaderElection79 PRE_VOTE round 0: submit vote requests at term 0 for -1: peers:[ebae719b-f625-4368-8547-482f3752b4ca|10.1.0.14:15442]|listeners:[], old=null
2023-12-28 09:10:00,118 [ebae719b-f625-4368-8547-482f3752b4ca@group-24C974523F0E-LeaderElection79] INFO  impl.LeaderElection (LeaderElection.java:askForVotes(325)) - ebae719b-f625-4368-8547-482f3752b4ca@group-24C974523F0E-LeaderElection79 PRE_VOTE round 0: result PASSED (term=0)
2023-12-28 09:10:00,119 [ebae719b-f625-4368-8547-482f3752b4ca@group-24C974523F0E-LeaderElection79] INFO  impl.LeaderElection (LeaderElection.java:askForVotes(323)) - ebae719b-f625-4368-8547-482f3752b4ca@group-24C974523F0E-LeaderElection79 ELECTION round 0: submit vote requests at term 1 for -1: peers:[ebae719b-f625-4368-8547-482f3752b4ca|10.1.0.14:15442]|listeners:[], old=null
2023-12-28 09:10:00,119 [ebae719b-f625-4368-8547-482f3752b4ca@group-24C974523F0E-LeaderElection79] INFO  impl.LeaderElection (LeaderElection.java:askForVotes(325)) - ebae719b-f625-4368-8547-482f3752b4ca@group-24C974523F0E-LeaderElection79 ELECTION round 0: result PASSED (term=1)
2023-12-28 09:10:00,119 [ebae719b-f625-4368-8547-482f3752b4ca@group-24C974523F0E-LeaderElection79] INFO  impl.RoleInfo (RoleInfo.java:shutdownLeaderElection(130)) - ebae719b-f625-4368-8547-482f3752b4ca: shutdown ebae719b-f625-4368-8547-482f3752b4ca@group-24C974523F0E-LeaderElection79
2023-12-28 09:10:00,119 [ebae719b-f625-4368-8547-482f3752b4ca@group-24C974523F0E-LeaderElection79] INFO  server.RaftServer$Division (RaftServerImpl.java:setRole(379)) - ebae719b-f625-4368-8547-482f3752b4ca@group-24C974523F0E: changes role from CANDIDATE to LEADER at term 1 for changeToLeader
2023-12-28 09:10:00,119 [ebae719b-f625-4368-8547-482f3752b4ca@group-24C974523F0E-LeaderElection79] INFO  server.RaftServerConfigKeys (ConfUtils.java:logGet(46)) - raft.server.staging.catchup.gap = 1000 (default)
2023-12-28 09:10:00,119 [ebae719b-f625-4368-8547-482f3752b4ca@group-24C974523F0E-LeaderElection79] INFO  server.RaftServerConfigKeys (ConfUtils.java:logGet(46)) - raft.server.write.element-limit = 1024 (custom)
2023-12-28 09:10:00,119 [ebae719b-f625-4368-8547-482f3752b4ca@group-24C974523F0E-LeaderElection79] INFO  server.RaftServerConfigKeys (ConfUtils.java:logGet(46)) - raft.server.write.byte-limit = 1024 M (=1073741824) (custom)
2023-12-28 09:10:00,119 [ebae719b-f625-4368-8547-482f3752b4ca@group-24C974523F0E-LeaderElection79] INFO  server.RaftServerConfigKeys (ConfUtils.java:logGet(46)) - raft.server.watch.timeout = 3000ms (custom)
2023-12-28 09:10:00,120 [ebae719b-f625-4368-8547-482f3752b4ca@group-24C974523F0E-LeaderElection79] INFO  server.RaftServerConfigKeys (ConfUtils.java:logGet(46)) - raft.server.watch.timeout.denomination = 1s (default)
2023-12-28 09:10:00,120 [ebae719b-f625-4368-8547-482f3752b4ca@group-24C974523F0E-LeaderElection79] INFO  server.RaftServerConfigKeys (ConfUtils.java:logGet(46)) - raft.server.watch.element-limit = 65536 (default)
2023-12-28 09:10:00,120 [ebae719b-f625-4368-8547-482f3752b4ca@group-24C974523F0E-LeaderElection79] INFO  server.RaftServerConfigKeys (ConfUtils.java:logGet(46)) - raft.server.read.leader.lease.enabled = false (default)
2023-12-28 09:10:00,120 [ebae719b-f625-4368-8547-482f3752b4ca@group-24C974523F0E-LeaderElection79] INFO  server.RaftServerConfigKeys (ConfUtils.java:logGet(46)) - raft.server.read.leader.lease.timeout.ratio = 0.9 (default)
2023-12-28 09:10:00,120 [ebae719b-f625-4368-8547-482f3752b4ca@group-24C974523F0E-LeaderElection79] INFO  server.RaftServerConfigKeys (ConfUtils.java:logGet(46)) - raft.server.rpc.timeout.min = 5s (custom)
2023-12-28 09:10:00,120 [ebae719b-f625-4368-8547-482f3752b4ca@group-24C974523F0E-LeaderElection79] INFO  server.RaftServerConfigKeys (ConfUtils.java:logGet(46)) - raft.server.write.element-limit = 1024 (custom)
2023-12-28 09:10:00,120 [ebae719b-f625-4368-8547-482f3752b4ca@group-24C974523F0E-LeaderElection79] INFO  server.RaftServerConfigKeys (ConfUtils.java:logGet(46)) - raft.server.write.follower.gap.ratio.max = -1.0 (default)
2023-12-28 09:10:00,120 [ebae719b-f625-4368-8547-482f3752b4ca@group-24C974523F0E-LeaderElection79] INFO  impl.RoleInfo (RoleInfo.java:updateAndGet(139)) - ebae719b-f625-4368-8547-482f3752b4ca: start ebae719b-f625-4368-8547-482f3752b4ca@group-24C974523F0E-LeaderStateImpl
2023-12-28 09:10:00,120 [ebae719b-f625-4368-8547-482f3752b4ca@group-24C974523F0E-LeaderElection79] INFO  server.RaftServer$Division (RaftServerImpl.java:setFirstElection(564)) - ebae719b-f625-4368-8547-482f3752b4ca@group-24C974523F0E: set firstElectionSinceStartup to false for becomeLeader
2023-12-28 09:10:00,120 [ebae719b-f625-4368-8547-482f3752b4ca@group-24C974523F0E-LeaderElection79] INFO  ratis.XceiverServerRatis (XceiverServerRatis.java:handleLeaderChangedNotification(935)) - Leader change notification received for group: group-24C974523F0E with new leaderId: ebae719b-f625-4368-8547-482f3752b4ca
2023-12-28 09:10:00,120 [ebae719b-f625-4368-8547-482f3752b4ca@group-24C974523F0E-LeaderElection79] INFO  server.RaftServer$Division (ServerState.java:setLeader(265)) - ebae719b-f625-4368-8547-482f3752b4ca@group-24C974523F0E: change Leader from null to ebae719b-f625-4368-8547-482f3752b4ca at term 1 for becomeLeader, leader elected after 5027ms
2023-12-28 09:10:00,120 [ebae719b-f625-4368-8547-482f3752b4ca@group-24C974523F0E-LeaderElection79] INFO  segmented.SegmentedRaftLogWorker (SegmentedRaftLogWorker.java:startLogSegment(428)) - ebae719b-f625-4368-8547-482f3752b4ca@group-24C974523F0E-SegmentedRaftLogWorker: Starting segment from index:0
2023-12-28 09:10:00,121 [ebae719b-f625-4368-8547-482f3752b4ca@group-24C974523F0E-LeaderElection79] INFO  server.RaftServer$Division (ServerState.java:setRaftConf(382)) - ebae719b-f625-4368-8547-482f3752b4ca@group-24C974523F0E: set configuration 0: peers:[ebae719b-f625-4368-8547-482f3752b4ca|10.1.0.14:15442]|listeners:[], old=null
2023-12-28 09:10:00,130 [ebae719b-f625-4368-8547-482f3752b4ca@group-24C974523F0E-SegmentedRaftLogWorker] INFO  segmented.SegmentedRaftLogWorker (SegmentedRaftLogWorker.java:execute(632)) - ebae719b-f625-4368-8547-482f3752b4ca@group-24C974523F0E-SegmentedRaftLogWorker: created new log segment /home/runner/work/ozone/ozone/hadoop-ozone/integration-test/target/test-dir/MiniOzoneClusterImpl-7619c237-1de6-4815-bbe2-f0b52dfbd5bc/datanode-8/data/ratis/0692811f-b295-4e68-9124-24c974523f0e/current/log_inprogress_0
2023-12-28 09:10:00,131 [ebae719b-f625-4368-8547-482f3752b4ca@group-24C974523F0E-StateMachineUpdater] INFO  server.RaftServer$Division (LeaderStateImpl.java:isApplied(316)) - leader is ready since appliedIndex == 0 >= startIndex == 0
2023-12-28 09:10:00,150 [main] INFO  ozoneimpl.OzoneContainer (OzoneContainer.java:stop(463)) - Attempting to stop container services.
2023-12-28 09:10:00,150 [main] INFO  server.RaftServer (RaftServerProxy.java:lambda$close$9(416)) - 31ca3cec-ca1e-4771-b2d4-3cf5bbdf2d7e: close
2023-12-28 09:10:00,150 [31ca3cec-ca1e-4771-b2d4-3cf5bbdf2d7e-impl-thread1] INFO  server.RaftServer$Division (RaftServerImpl.java:lambda$close$3(516)) - 31ca3cec-ca1e-4771-b2d4-3cf5bbdf2d7e@group-0D882B591608: shutdown
2023-12-28 09:10:00,150 [31ca3cec-ca1e-4771-b2d4-3cf5bbdf2d7e-impl-thread1] INFO  util.JmxRegister (JmxRegister.java:unregister(73)) - Successfully un-registered JMX Bean with object name Ratis:service=RaftServer,group=group-0D882B591608,id=31ca3cec-ca1e-4771-b2d4-3cf5bbdf2d7e
2023-12-28 09:10:00,150 [31ca3cec-ca1e-4771-b2d4-3cf5bbdf2d7e-impl-thread1] INFO  impl.RoleInfo (RoleInfo.java:shutdownFollowerState(110)) - 31ca3cec-ca1e-4771-b2d4-3cf5bbdf2d7e: shutdown 31ca3cec-ca1e-4771-b2d4-3cf5bbdf2d7e@group-0D882B591608-FollowerState
2023-12-28 09:10:00,152 [main] INFO  server.GrpcService (GrpcService.java:closeImpl(311)) - 31ca3cec-ca1e-4771-b2d4-3cf5bbdf2d7e: shutdown server org.apache.ratis.grpc.server.GrpcClientProtocolService now
2023-12-28 09:10:00,152 [31ca3cec-ca1e-4771-b2d4-3cf5bbdf2d7e-impl-thread2] INFO  server.RaftServer$Division (RaftServerImpl.java:lambda$close$3(516)) - 31ca3cec-ca1e-4771-b2d4-3cf5bbdf2d7e@group-1E5FC0D1A1D1: shutdown
2023-12-28 09:10:00,152 [31ca3cec-ca1e-4771-b2d4-3cf5bbdf2d7e-impl-thread2] INFO  util.JmxRegister (JmxRegister.java:unregister(73)) - Successfully un-registered JMX Bean with object name Ratis:service=RaftServer,group=group-1E5FC0D1A1D1,id=31ca3cec-ca1e-4771-b2d4-3cf5bbdf2d7e
2023-12-28 09:10:00,152 [31ca3cec-ca1e-4771-b2d4-3cf5bbdf2d7e-impl-thread2] INFO  impl.RoleInfo (RoleInfo.java:shutdownLeaderState(94)) - 31ca3cec-ca1e-4771-b2d4-3cf5bbdf2d7e: shutdown 31ca3cec-ca1e-4771-b2d4-3cf5bbdf2d7e@group-1E5FC0D1A1D1-LeaderStateImpl
2023-12-28 09:10:00,152 [31ca3cec-ca1e-4771-b2d4-3cf5bbdf2d7e-impl-thread2] INFO  impl.PendingRequests (PendingRequests.java:sendNotLeaderResponses(289)) - 31ca3cec-ca1e-4771-b2d4-3cf5bbdf2d7e@group-1E5FC0D1A1D1-PendingRequests: sendNotLeaderResponses
2023-12-28 09:10:00,153 [31ca3cec-ca1e-4771-b2d4-3cf5bbdf2d7e-impl-thread2] INFO  impl.StateMachineUpdater (StateMachineUpdater.java:stopAndJoin(157)) - 31ca3cec-ca1e-4771-b2d4-3cf5bbdf2d7e@group-1E5FC0D1A1D1-StateMachineUpdater: set stopIndex = 0
2023-12-28 09:10:00,153 [31ca3cec-ca1e-4771-b2d4-3cf5bbdf2d7e@group-1E5FC0D1A1D1-StateMachineUpdater] INFO  ratis.ContainerStateMachine (ContainerStateMachine.java:takeSnapshot(355)) - group-1E5FC0D1A1D1: Taking a snapshot at:(t:1, i:0) file /home/runner/work/ozone/ozone/hadoop-ozone/integration-test/target/test-dir/MiniOzoneClusterImpl-7619c237-1de6-4815-bbe2-f0b52dfbd5bc/datanode-5/data/ratis/4aedc44f-eddc-4949-8a7f-1e5fc0d1a1d1/sm/snapshot.1_0
2023-12-28 09:10:00,153 [31ca3cec-ca1e-4771-b2d4-3cf5bbdf2d7e@group-1E5FC0D1A1D1-StateMachineUpdater] INFO  ratis.ContainerStateMachine (ContainerStateMachine.java:takeSnapshot(366)) - group-1E5FC0D1A1D1: Finished taking a snapshot at:(t:1, i:0) file:/home/runner/work/ozone/ozone/hadoop-ozone/integration-test/target/test-dir/MiniOzoneClusterImpl-7619c237-1de6-4815-bbe2-f0b52dfbd5bc/datanode-5/data/ratis/4aedc44f-eddc-4949-8a7f-1e5fc0d1a1d1/sm/snapshot.1_0 took: 0 ms
2023-12-28 09:10:00,153 [31ca3cec-ca1e-4771-b2d4-3cf5bbdf2d7e@group-1E5FC0D1A1D1-StateMachineUpdater] INFO  impl.StateMachineUpdater (StateMachineUpdater.java:takeSnapshot(295)) - 31ca3cec-ca1e-4771-b2d4-3cf5bbdf2d7e@group-1E5FC0D1A1D1-StateMachineUpdater: Took a snapshot at index 0
2023-12-28 09:10:00,153 [31ca3cec-ca1e-4771-b2d4-3cf5bbdf2d7e@group-1E5FC0D1A1D1-StateMachineUpdater] INFO  impl.StateMachineUpdater (StateMachineUpdater.java:lambda$new$0(98)) - 31ca3cec-ca1e-4771-b2d4-3cf5bbdf2d7e@group-1E5FC0D1A1D1-StateMachineUpdater: snapshotIndex: updateIncreasingly -1 -> 0
2023-12-28 09:10:00,154 [31ca3cec-ca1e-4771-b2d4-3cf5bbdf2d7e-impl-thread2] INFO  server.RaftServer$Division (ServerState.java:close(423)) - 31ca3cec-ca1e-4771-b2d4-3cf5bbdf2d7e@group-1E5FC0D1A1D1: applyIndex: 0
2023-12-28 09:10:00,155 [31ca3cec-ca1e-4771-b2d4-3cf5bbdf2d7e-impl-thread1] INFO  impl.StateMachineUpdater (StateMachineUpdater.java:stopAndJoin(157)) - 31ca3cec-ca1e-4771-b2d4-3cf5bbdf2d7e@group-0D882B591608-StateMachineUpdater: set stopIndex = 1
2023-12-28 09:10:00,155 [31ca3cec-ca1e-4771-b2d4-3cf5bbdf2d7e@group-0D882B591608-FollowerState] INFO  impl.FollowerState (FollowerState.java:run(152)) - 31ca3cec-ca1e-4771-b2d4-3cf5bbdf2d7e@group-0D882B591608-FollowerState was interrupted
2023-12-28 09:10:00,155 [31ca3cec-ca1e-4771-b2d4-3cf5bbdf2d7e@group-0D882B591608-StateMachineUpdater] INFO  ratis.ContainerStateMachine (ContainerStateMachine.java:takeSnapshot(355)) - group-0D882B591608: Taking a snapshot at:(t:1, i:0) file /home/runner/work/ozone/ozone/hadoop-ozone/integration-test/target/test-dir/MiniOzoneClusterImpl-7619c237-1de6-4815-bbe2-f0b52dfbd5bc/datanode-5/data/ratis/ac0b9b9d-6c10-481c-8fb0-0d882b591608/sm/snapshot.1_0
2023-12-28 09:10:00,155 [31ca3cec-ca1e-4771-b2d4-3cf5bbdf2d7e@group-1E5FC0D1A1D1-cacheEviction-AwaitToRun] INFO  util.AwaitToRun (AwaitToRun.java:run(49)) - 31ca3cec-ca1e-4771-b2d4-3cf5bbdf2d7e@group-1E5FC0D1A1D1-cacheEviction-AwaitToRun-AwaitForSignal is interrupted
2023-12-28 09:10:00,156 [31ca3cec-ca1e-4771-b2d4-3cf5bbdf2d7e@group-0D882B591608-StateMachineUpdater] INFO  ratis.ContainerStateMachine (ContainerStateMachine.java:takeSnapshot(366)) - group-0D882B591608: Finished taking a snapshot at:(t:1, i:0) file:/home/runner/work/ozone/ozone/hadoop-ozone/integration-test/target/test-dir/MiniOzoneClusterImpl-7619c237-1de6-4815-bbe2-f0b52dfbd5bc/datanode-5/data/ratis/ac0b9b9d-6c10-481c-8fb0-0d882b591608/sm/snapshot.1_0 took: 2 ms
2023-12-28 09:10:00,156 [31ca3cec-ca1e-4771-b2d4-3cf5bbdf2d7e@group-0D882B591608-StateMachineUpdater] INFO  impl.StateMachineUpdater (StateMachineUpdater.java:takeSnapshot(295)) - 31ca3cec-ca1e-4771-b2d4-3cf5bbdf2d7e@group-0D882B591608-StateMachineUpdater: Took a snapshot at index 0
2023-12-28 09:10:00,157 [31ca3cec-ca1e-4771-b2d4-3cf5bbdf2d7e@group-0D882B591608-StateMachineUpdater] INFO  impl.StateMachineUpdater (StateMachineUpdater.java:lambda$new$0(98)) - 31ca3cec-ca1e-4771-b2d4-3cf5bbdf2d7e@group-0D882B591608-StateMachineUpdater: snapshotIndex: updateIncreasingly -1 -> 0
2023-12-28 09:10:00,157 [31ca3cec-ca1e-4771-b2d4-3cf5bbdf2d7e@group-0D882B591608-StateMachineUpdater] INFO  ratis.ContainerStateMachine (ContainerStateMachine.java:takeSnapshot(355)) - group-0D882B591608: Taking a snapshot at:(t:1, i:0) file /home/runner/work/ozone/ozone/hadoop-ozone/integration-test/target/test-dir/MiniOzoneClusterImpl-7619c237-1de6-4815-bbe2-f0b52dfbd5bc/datanode-5/data/ratis/ac0b9b9d-6c10-481c-8fb0-0d882b591608/sm/snapshot.1_0
2023-12-28 09:10:00,163 [main] INFO  server.GrpcService (GrpcService.java:closeImpl(320)) - 31ca3cec-ca1e-4771-b2d4-3cf5bbdf2d7e: shutdown server org.apache.ratis.grpc.server.GrpcClientProtocolService successfully
2023-12-28 09:10:00,163 [main] INFO  server.GrpcService (GrpcService.java:closeImpl(311)) - 31ca3cec-ca1e-4771-b2d4-3cf5bbdf2d7e: shutdown server GrpcServerProtocolService now
2023-12-28 09:10:00,164 [31ca3cec-ca1e-4771-b2d4-3cf5bbdf2d7e@group-0D882B591608-StateMachineUpdater] INFO  ratis.ContainerStateMachine (ContainerStateMachine.java:takeSnapshot(366)) - group-0D882B591608: Finished taking a snapshot at:(t:1, i:0) file:/home/runner/work/ozone/ozone/hadoop-ozone/integration-test/target/test-dir/MiniOzoneClusterImpl-7619c237-1de6-4815-bbe2-f0b52dfbd5bc/datanode-5/data/ratis/ac0b9b9d-6c10-481c-8fb0-0d882b591608/sm/snapshot.1_0 took: 7 ms
2023-12-28 09:10:00,164 [31ca3cec-ca1e-4771-b2d4-3cf5bbdf2d7e@group-0D882B591608-StateMachineUpdater] INFO  impl.StateMachineUpdater (StateMachineUpdater.java:takeSnapshot(295)) - 31ca3cec-ca1e-4771-b2d4-3cf5bbdf2d7e@group-0D882B591608-StateMachineUpdater: Took a snapshot at index 0
2023-12-28 09:10:00,165 [grpc-default-executor-6] WARN  server.GrpcServerProtocolService (LogUtils.java:warn(121)) - 31ca3cec-ca1e-4771-b2d4-3cf5bbdf2d7e: APPEND_ENTRIES onError, lastRequest: null: org.apache.ratis.thirdparty.io.grpc.StatusRuntimeException: CANCELLED: client cancelled
2023-12-28 09:10:00,165 [31ca3cec-ca1e-4771-b2d4-3cf5bbdf2d7e-impl-thread1] INFO  server.RaftServer$Division (ServerState.java:close(423)) - 31ca3cec-ca1e-4771-b2d4-3cf5bbdf2d7e@group-0D882B591608: applyIndex: 1
2023-12-28 09:10:00,165 [grpc-default-executor-2] WARN  server.GrpcLogAppender (LogUtils.java:warn(121)) - 3882d302-0766-4582-8526-483b5b0fafe4@group-0D882B591608->31ca3cec-ca1e-4771-b2d4-3cf5bbdf2d7e-AppendLogResponseHandler: Failed appendEntries: org.apache.ratis.thirdparty.io.grpc.StatusRuntimeException: CANCELLED: RST_STREAM closed stream. HTTP/2 error code: CANCEL
2023-12-28 09:10:00,165 [grpc-default-executor-0] WARN  server.GrpcServerProtocolService (LogUtils.java:warn(121)) - 31ca3cec-ca1e-4771-b2d4-3cf5bbdf2d7e: APPEND_ENTRIES onError, lastRequest: 3882d302-0766-4582-8526-483b5b0fafe4->31ca3cec-ca1e-4771-b2d4-3cf5bbdf2d7e#6-t1,previous=(t:1, i:1),leaderCommit=1,initializing? true,entries: size=1, first=(t:1, i:2), METADATAENTRY(c:1): org.apache.ratis.thirdparty.io.grpc.StatusRuntimeException: CANCELLED: client cancelled
2023-12-28 09:10:00,165 [grpc-default-executor-2] WARN  server.GrpcLogAppender (GrpcLogAppender.java:resetClient(140)) - 3882d302-0766-4582-8526-483b5b0fafe4@group-0D882B591608->31ca3cec-ca1e-4771-b2d4-3cf5bbdf2d7e-GrpcLogAppender: Follower failed and request == null,  keep nextIndex (3) unchanged and retry.
2023-12-28 09:10:00,166 [grpc-default-executor-4] WARN  server.GrpcLogAppender (LogUtils.java:warn(121)) - 3882d302-0766-4582-8526-483b5b0fafe4@group-0D882B591608->31ca3cec-ca1e-4771-b2d4-3cf5bbdf2d7e-AppendLogResponseHandler: Failed appendEntries: org.apache.ratis.thirdparty.io.grpc.StatusRuntimeException: CANCELLED: RST_STREAM closed stream. HTTP/2 error code: CANCEL
2023-12-28 09:10:00,166 [grpc-default-executor-4] WARN  server.GrpcLogAppender (GrpcLogAppender.java:resetClient(140)) - 3882d302-0766-4582-8526-483b5b0fafe4@group-0D882B591608->31ca3cec-ca1e-4771-b2d4-3cf5bbdf2d7e-GrpcLogAppender: Follower failed and request == null,  keep nextIndex (3) unchanged and retry.
2023-12-28 09:10:00,166 [main] INFO  server.GrpcService (GrpcService.java:closeImpl(320)) - 31ca3cec-ca1e-4771-b2d4-3cf5bbdf2d7e: shutdown server GrpcServerProtocolService successfully
2023-12-28 09:10:00,166 [main] INFO  server.GrpcService (GrpcService.java:closeImpl(311)) - 31ca3cec-ca1e-4771-b2d4-3cf5bbdf2d7e: shutdown server org.apache.ratis.grpc.server.GrpcAdminProtocolService now
2023-12-28 09:10:00,166 [31ca3cec-ca1e-4771-b2d4-3cf5bbdf2d7e@group-0D882B591608-cacheEviction-AwaitToRun] INFO  util.AwaitToRun (AwaitToRun.java:run(49)) - 31ca3cec-ca1e-4771-b2d4-3cf5bbdf2d7e@group-0D882B591608-cacheEviction-AwaitToRun-AwaitForSignal is interrupted
2023-12-28 09:10:00,168 [main] INFO  server.GrpcService (GrpcService.java:closeImpl(320)) - 31ca3cec-ca1e-4771-b2d4-3cf5bbdf2d7e: shutdown server org.apache.ratis.grpc.server.GrpcAdminProtocolService successfully
2023-12-28 09:10:00,168 [31ca3cec-ca1e-4771-b2d4-3cf5bbdf2d7e-NettyServerStreamRpc-bossGroup--thread1] INFO  logging.LoggingHandler (AbstractInternalLogger.java:log(148)) - [id: 0x20a80e89, L:/0.0.0.0:15416] CLOSE
2023-12-28 09:10:00,168 [31ca3cec-ca1e-4771-b2d4-3cf5bbdf2d7e-NettyServerStreamRpc-bossGroup--thread1] INFO  logging.LoggingHandler (AbstractInternalLogger.java:log(148)) - [id: 0x20a80e89, L:/0.0.0.0:15416] INACTIVE
2023-12-28 09:10:00,168 [31ca3cec-ca1e-4771-b2d4-3cf5bbdf2d7e-NettyServerStreamRpc-bossGroup--thread1] INFO  logging.LoggingHandler (AbstractInternalLogger.java:log(148)) - [id: 0x20a80e89, L:/0.0.0.0:15416] UNREGISTERED
2023-12-28 09:10:00,176 [21dfb426-80a6-430d-8df8-fa8e3a5d9897@group-41C77BB6D8F4-FollowerState] INFO  impl.FollowerState (FollowerState.java:run(143)) - 21dfb426-80a6-430d-8df8-fa8e3a5d9897@group-41C77BB6D8F4-FollowerState: change to CANDIDATE, lastRpcElapsedTime:5170347035ns, electionTimeout:5170ms
2023-12-28 09:10:00,176 [21dfb426-80a6-430d-8df8-fa8e3a5d9897@group-41C77BB6D8F4-FollowerState] INFO  impl.RoleInfo (RoleInfo.java:shutdownFollowerState(110)) - 21dfb426-80a6-430d-8df8-fa8e3a5d9897: shutdown 21dfb426-80a6-430d-8df8-fa8e3a5d9897@group-41C77BB6D8F4-FollowerState
2023-12-28 09:10:00,176 [21dfb426-80a6-430d-8df8-fa8e3a5d9897@group-41C77BB6D8F4-FollowerState] INFO  server.RaftServer$Division (RaftServerImpl.java:setRole(379)) - 21dfb426-80a6-430d-8df8-fa8e3a5d9897@group-41C77BB6D8F4: changes role from  FOLLOWER to CANDIDATE at term 0 for changeToCandidate
2023-12-28 09:10:00,176 [21dfb426-80a6-430d-8df8-fa8e3a5d9897@group-41C77BB6D8F4-FollowerState] INFO  server.RaftServerConfigKeys (ConfUtils.java:logGet(46)) - raft.server.leaderelection.pre-vote = true (default)
2023-12-28 09:10:00,176 [21dfb426-80a6-430d-8df8-fa8e3a5d9897@group-41C77BB6D8F4-FollowerState] INFO  impl.RoleInfo (RoleInfo.java:updateAndGet(139)) - 21dfb426-80a6-430d-8df8-fa8e3a5d9897: start 21dfb426-80a6-430d-8df8-fa8e3a5d9897@group-41C77BB6D8F4-LeaderElection80
2023-12-28 09:10:00,177 [21dfb426-80a6-430d-8df8-fa8e3a5d9897@group-41C77BB6D8F4-LeaderElection80] INFO  impl.LeaderElection (LeaderElection.java:askForVotes(323)) - 21dfb426-80a6-430d-8df8-fa8e3a5d9897@group-41C77BB6D8F4-LeaderElection80 PRE_VOTE round 0: submit vote requests at term 0 for -1: peers:[21dfb426-80a6-430d-8df8-fa8e3a5d9897|10.1.0.14:15433]|listeners:[], old=null
2023-12-28 09:10:00,177 [21dfb426-80a6-430d-8df8-fa8e3a5d9897@group-41C77BB6D8F4-LeaderElection80] INFO  impl.LeaderElection (LeaderElection.java:askForVotes(325)) - 21dfb426-80a6-430d-8df8-fa8e3a5d9897@group-41C77BB6D8F4-LeaderElection80 PRE_VOTE round 0: result PASSED (term=0)
2023-12-28 09:10:00,178 [21dfb426-80a6-430d-8df8-fa8e3a5d9897@group-41C77BB6D8F4-LeaderElection80] INFO  impl.LeaderElection (LeaderElection.java:askForVotes(323)) - 21dfb426-80a6-430d-8df8-fa8e3a5d9897@group-41C77BB6D8F4-LeaderElection80 ELECTION round 0: submit vote requests at term 1 for -1: peers:[21dfb426-80a6-430d-8df8-fa8e3a5d9897|10.1.0.14:15433]|listeners:[], old=null
2023-12-28 09:10:00,178 [21dfb426-80a6-430d-8df8-fa8e3a5d9897@group-41C77BB6D8F4-LeaderElection80] INFO  impl.LeaderElection (LeaderElection.java:askForVotes(325)) - 21dfb426-80a6-430d-8df8-fa8e3a5d9897@group-41C77BB6D8F4-LeaderElection80 ELECTION round 0: result PASSED (term=1)
2023-12-28 09:10:00,178 [21dfb426-80a6-430d-8df8-fa8e3a5d9897@group-41C77BB6D8F4-LeaderElection80] INFO  impl.RoleInfo (RoleInfo.java:shutdownLeaderElection(130)) - 21dfb426-80a6-430d-8df8-fa8e3a5d9897: shutdown 21dfb426-80a6-430d-8df8-fa8e3a5d9897@group-41C77BB6D8F4-LeaderElection80
2023-12-28 09:10:00,178 [21dfb426-80a6-430d-8df8-fa8e3a5d9897@group-41C77BB6D8F4-LeaderElection80] INFO  server.RaftServer$Division (RaftServerImpl.java:setRole(379)) - 21dfb426-80a6-430d-8df8-fa8e3a5d9897@group-41C77BB6D8F4: changes role from CANDIDATE to LEADER at term 1 for changeToLeader
2023-12-28 09:10:00,178 [21dfb426-80a6-430d-8df8-fa8e3a5d9897@group-41C77BB6D8F4-LeaderElection80] INFO  server.RaftServerConfigKeys (ConfUtils.java:logGet(46)) - raft.server.staging.catchup.gap = 1000 (default)
2023-12-28 09:10:00,178 [21dfb426-80a6-430d-8df8-fa8e3a5d9897@group-41C77BB6D8F4-LeaderElection80] INFO  server.RaftServerConfigKeys (ConfUtils.java:logGet(46)) - raft.server.write.element-limit = 1024 (custom)
2023-12-28 09:10:00,178 [21dfb426-80a6-430d-8df8-fa8e3a5d9897@group-41C77BB6D8F4-LeaderElection80] INFO  server.RaftServerConfigKeys (ConfUtils.java:logGet(46)) - raft.server.write.byte-limit = 1024 M (=1073741824) (custom)
2023-12-28 09:10:00,178 [21dfb426-80a6-430d-8df8-fa8e3a5d9897@group-41C77BB6D8F4-LeaderElection80] INFO  server.RaftServerConfigKeys (ConfUtils.java:logGet(46)) - raft.server.watch.timeout = 3000ms (custom)
2023-12-28 09:10:00,178 [21dfb426-80a6-430d-8df8-fa8e3a5d9897@group-41C77BB6D8F4-LeaderElection80] INFO  server.RaftServerConfigKeys (ConfUtils.java:logGet(46)) - raft.server.watch.timeout.denomination = 1s (default)
2023-12-28 09:10:00,179 [21dfb426-80a6-430d-8df8-fa8e3a5d9897@group-41C77BB6D8F4-LeaderElection80] INFO  server.RaftServerConfigKeys (ConfUtils.java:logGet(46)) - raft.server.watch.element-limit = 65536 (default)
2023-12-28 09:10:00,179 [21dfb426-80a6-430d-8df8-fa8e3a5d9897@group-41C77BB6D8F4-LeaderElection80] INFO  server.RaftServerConfigKeys (ConfUtils.java:logGet(46)) - raft.server.read.leader.lease.enabled = false (default)
2023-12-28 09:10:00,179 [21dfb426-80a6-430d-8df8-fa8e3a5d9897@group-41C77BB6D8F4-LeaderElection80] INFO  server.RaftServerConfigKeys (ConfUtils.java:logGet(46)) - raft.server.read.leader.lease.timeout.ratio = 0.9 (default)
2023-12-28 09:10:00,179 [21dfb426-80a6-430d-8df8-fa8e3a5d9897@group-41C77BB6D8F4-LeaderElection80] INFO  server.RaftServerConfigKeys (ConfUtils.java:logGet(46)) - raft.server.rpc.timeout.min = 5s (custom)
2023-12-28 09:10:00,179 [21dfb426-80a6-430d-8df8-fa8e3a5d9897@group-41C77BB6D8F4-LeaderElection80] INFO  server.RaftServerConfigKeys (ConfUtils.java:logGet(46)) - raft.server.write.element-limit = 1024 (custom)
2023-12-28 09:10:00,179 [21dfb426-80a6-430d-8df8-fa8e3a5d9897@group-41C77BB6D8F4-LeaderElection80] INFO  server.RaftServerConfigKeys (ConfUtils.java:logGet(46)) - raft.server.write.follower.gap.ratio.max = -1.0 (default)
2023-12-28 09:10:00,179 [21dfb426-80a6-430d-8df8-fa8e3a5d9897@group-41C77BB6D8F4-LeaderElection80] INFO  impl.RoleInfo (RoleInfo.java:updateAndGet(139)) - 21dfb426-80a6-430d-8df8-fa8e3a5d9897: start 21dfb426-80a6-430d-8df8-fa8e3a5d9897@group-41C77BB6D8F4-LeaderStateImpl
2023-12-28 09:10:00,179 [21dfb426-80a6-430d-8df8-fa8e3a5d9897@group-41C77BB6D8F4-LeaderElection80] INFO  server.RaftServer$Division (RaftServerImpl.java:setFirstElection(564)) - 21dfb426-80a6-430d-8df8-fa8e3a5d9897@group-41C77BB6D8F4: set firstElectionSinceStartup to false for becomeLeader
2023-12-28 09:10:00,179 [21dfb426-80a6-430d-8df8-fa8e3a5d9897@group-41C77BB6D8F4-LeaderElection80] INFO  ratis.XceiverServerRatis (XceiverServerRatis.java:handleLeaderChangedNotification(935)) - Leader change notification received for group: group-41C77BB6D8F4 with new leaderId: 21dfb426-80a6-430d-8df8-fa8e3a5d9897
2023-12-28 09:10:00,179 [21dfb426-80a6-430d-8df8-fa8e3a5d9897@group-41C77BB6D8F4-LeaderElection80] INFO  server.RaftServer$Division (ServerState.java:setLeader(265)) - 21dfb426-80a6-430d-8df8-fa8e3a5d9897@group-41C77BB6D8F4: change Leader from null to 21dfb426-80a6-430d-8df8-fa8e3a5d9897 at term 1 for becomeLeader, leader elected after 5181ms
2023-12-28 09:10:00,179 [21dfb426-80a6-430d-8df8-fa8e3a5d9897@group-41C77BB6D8F4-LeaderElection80] INFO  segmented.SegmentedRaftLogWorker (SegmentedRaftLogWorker.java:startLogSegment(428)) - 21dfb426-80a6-430d-8df8-fa8e3a5d9897@group-41C77BB6D8F4-SegmentedRaftLogWorker: Starting segment from index:0
2023-12-28 09:10:00,182 [21dfb426-80a6-430d-8df8-fa8e3a5d9897@group-41C77BB6D8F4-LeaderElection80] INFO  server.RaftServer$Division (ServerState.java:setRaftConf(382)) - 21dfb426-80a6-430d-8df8-fa8e3a5d9897@group-41C77BB6D8F4: set configuration 0: peers:[21dfb426-80a6-430d-8df8-fa8e3a5d9897|10.1.0.14:15433]|listeners:[], old=null
2023-12-28 09:10:00,186 [21dfb426-80a6-430d-8df8-fa8e3a5d9897@group-41C77BB6D8F4-SegmentedRaftLogWorker] INFO  segmented.SegmentedRaftLogWorker (SegmentedRaftLogWorker.java:execute(632)) - 21dfb426-80a6-430d-8df8-fa8e3a5d9897@group-41C77BB6D8F4-SegmentedRaftLogWorker: created new log segment /home/runner/work/ozone/ozone/hadoop-ozone/integration-test/target/test-dir/MiniOzoneClusterImpl-7619c237-1de6-4815-bbe2-f0b52dfbd5bc/datanode-7/data/ratis/76485ba3-e9ff-419d-a7be-41c77bb6d8f4/current/log_inprogress_0
2023-12-28 09:10:00,186 [21dfb426-80a6-430d-8df8-fa8e3a5d9897@group-41C77BB6D8F4-StateMachineUpdater] INFO  server.RaftServer$Division (LeaderStateImpl.java:isApplied(316)) - leader is ready since appliedIndex == 0 >= startIndex == 0
2023-12-28 09:10:00,909 [31ca3cec-ca1e-4771-b2d4-3cf5bbdf2d7e-impl-thread2] INFO  segmented.SegmentedRaftLogWorker (SegmentedRaftLogWorker.java:close(243)) - 31ca3cec-ca1e-4771-b2d4-3cf5bbdf2d7e@group-1E5FC0D1A1D1-SegmentedRaftLogWorker close()
2023-12-28 09:10:01,141 [31ca3cec-ca1e-4771-b2d4-3cf5bbdf2d7e-impl-thread1] INFO  segmented.SegmentedRaftLogWorker (SegmentedRaftLogWorker.java:close(243)) - 31ca3cec-ca1e-4771-b2d4-3cf5bbdf2d7e@group-0D882B591608-SegmentedRaftLogWorker close()
2023-12-28 09:10:01,143 [JvmPauseMonitor51] INFO  util.JvmPauseMonitor (JvmPauseMonitor.java:run(152)) - JvmPauseMonitor-31ca3cec-ca1e-4771-b2d4-3cf5bbdf2d7e: Stopped
2023-12-28 09:10:02,642 [grpc-default-executor-1] WARN  server.GrpcLogAppender (LogUtils.java:warn(121)) - 3882d302-0766-4582-8526-483b5b0fafe4@group-0D882B591608->31ca3cec-ca1e-4771-b2d4-3cf5bbdf2d7e-AppendLogResponseHandler: Failed appendEntries: org.apache.ratis.thirdparty.io.grpc.StatusRuntimeException: UNAVAILABLE: io exception
2023-12-28 09:10:02,643 [grpc-default-executor-4] WARN  server.GrpcLogAppender (LogUtils.java:warn(121)) - 3882d302-0766-4582-8526-483b5b0fafe4@group-0D882B591608->31ca3cec-ca1e-4771-b2d4-3cf5bbdf2d7e-AppendLogResponseHandler: Failed appendEntries: org.apache.ratis.thirdparty.io.grpc.StatusRuntimeException: UNAVAILABLE: io exception
2023-12-28 09:10:02,643 [grpc-default-executor-1] WARN  server.GrpcLogAppender (GrpcLogAppender.java:resetClient(140)) - 3882d302-0766-4582-8526-483b5b0fafe4@group-0D882B591608->31ca3cec-ca1e-4771-b2d4-3cf5bbdf2d7e-GrpcLogAppender: Follower failed and request == null,  keep nextIndex (3) unchanged and retry.
2023-12-28 09:10:02,643 [grpc-default-executor-4] WARN  server.GrpcLogAppender (GrpcLogAppender.java:resetClient(140)) - 3882d302-0766-4582-8526-483b5b0fafe4@group-0D882B591608->31ca3cec-ca1e-4771-b2d4-3cf5bbdf2d7e-GrpcLogAppender: Follower failed and request == null,  keep nextIndex (3) unchanged and retry.
2023-12-28 09:10:03,146 [main] INFO  utils.DatanodeStoreCache (DatanodeStoreCache.java:shutdownCache(110)) - Skip clearing cache in mini cluster mode. Entries left: [/home/runner/work/ozone/ozone/hadoop-ozone/integration-test/target/test-dir/MiniOzoneClusterImpl-7619c237-1de6-4815-bbe2-f0b52dfbd5bc/datanode-0/data-0/containers/hdds/7619c237-1de6-4815-bbe2-f0b52dfbd5bc/DS-eb0134f9-5ca6-4826-8161-22d206a672de/container.db, /home/runner/work/ozone/ozone/hadoop-ozone/integration-test/target/test-dir/MiniOzoneClusterImpl-7619c237-1de6-4815-bbe2-f0b52dfbd5bc/datanode-1/data-0/containers/hdds/7619c237-1de6-4815-bbe2-f0b52dfbd5bc/DS-8db8ccae-0e68-45af-ac80-6d2ad6a843e8/container.db, /home/runner/work/ozone/ozone/hadoop-ozone/integration-test/target/test-dir/MiniOzoneClusterImpl-7619c237-1de6-4815-bbe2-f0b52dfbd5bc/datanode-2/data-0/containers/hdds/7619c237-1de6-4815-bbe2-f0b52dfbd5bc/DS-b8d39540-c8a8-4865-9ac5-d4b8447fb21d/container.db, /home/runner/work/ozone/ozone/hadoop-ozone/integration-test/target/test-dir/MiniOzoneClusterImpl-7619c237-1de6-4815-bbe2-f0b52dfbd5bc/datanode-3/data-0/containers/hdds/7619c237-1de6-4815-bbe2-f0b52dfbd5bc/DS-01df4767-c656-4eb3-abc1-3a5d01d5da03/container.db, /home/runner/work/ozone/ozone/hadoop-ozone/integration-test/target/test-dir/MiniOzoneClusterImpl-7619c237-1de6-4815-bbe2-f0b52dfbd5bc/datanode-4/data-0/containers/hdds/7619c237-1de6-4815-bbe2-f0b52dfbd5bc/DS-14eebaae-2f2c-4e8b-9bae-3f9c511ec4b7/container.db, /home/runner/work/ozone/ozone/hadoop-ozone/integration-test/target/test-dir/MiniOzoneClusterImpl-7619c237-1de6-4815-bbe2-f0b52dfbd5bc/datanode-5/data-0/containers/hdds/7619c237-1de6-4815-bbe2-f0b52dfbd5bc/DS-d2e05322-e942-49e6-a62c-97f4536d2238/container.db, /home/runner/work/ozone/ozone/hadoop-ozone/integration-test/target/test-dir/MiniOzoneClusterImpl-7619c237-1de6-4815-bbe2-f0b52dfbd5bc/datanode-6/data-0/containers/hdds/7619c237-1de6-4815-bbe2-f0b52dfbd5bc/DS-f3ee87f7-7c2b-4cd0-8c3f-29ea1385fdf7/container.db, /home/runner/work/ozone/ozone/hadoop-ozone/integration-test/target/test-dir/MiniOzoneClusterImpl-7619c237-1de6-4815-bbe2-f0b52dfbd5bc/datanode-7/data-0/containers/hdds/7619c237-1de6-4815-bbe2-f0b52dfbd5bc/DS-80f051f4-7a51-4a01-ac7e-57e526cb75f1/container.db, /home/runner/work/ozone/ozone/hadoop-ozone/integration-test/target/test-dir/MiniOzoneClusterImpl-7619c237-1de6-4815-bbe2-f0b52dfbd5bc/datanode-8/data-0/containers/hdds/7619c237-1de6-4815-bbe2-f0b52dfbd5bc/DS-93b2a42a-1ab3-4f0f-9d13-72f7269aff3d/container.db]
2023-12-28 09:10:03,148 [main] INFO  utils.DatanodeStoreCache (DatanodeStoreCache.java:removeDB(104)) - Removed db /home/runner/work/ozone/ozone/hadoop-ozone/integration-test/target/test-dir/MiniOzoneClusterImpl-7619c237-1de6-4815-bbe2-f0b52dfbd5bc/datanode-5/data-0/containers/hdds/7619c237-1de6-4815-bbe2-f0b52dfbd5bc/DS-d2e05322-e942-49e6-a62c-97f4536d2238/container.db from cache
2023-12-28 09:10:03,149 [main] INFO  volume.HddsVolume (HddsVolume.java:closeDbStore(453)) - SchemaV3 db is stopped at /home/runner/work/ozone/ozone/hadoop-ozone/integration-test/target/test-dir/MiniOzoneClusterImpl-7619c237-1de6-4815-bbe2-f0b52dfbd5bc/datanode-5/data-0/containers/hdds/7619c237-1de6-4815-bbe2-f0b52dfbd5bc/DS-d2e05322-e942-49e6-a62c-97f4536d2238/container.db for volume DS-d2e05322-e942-49e6-a62c-97f4536d2238
2023-12-28 09:10:03,149 [main] INFO  utils.BackgroundService (BackgroundService.java:shutdown(160)) - Shutting down service BlockDeletingService
2023-12-28 09:10:03,149 [main] INFO  utils.BackgroundService (BackgroundService.java:shutdown(160)) - Shutting down service StaleRecoveringContainerScrubbingService
2023-12-28 09:10:03,149 [main] INFO  statemachine.DatanodeStateMachine (DatanodeStateMachine.java:stopDaemon(638)) - Ozone container server stopped.
2023-12-28 09:10:03,150 [main] INFO  handler.ContextHandler (ContextHandler.java:doStop(1159)) - Stopped o.e.j.w.WebAppContext@17a16484{hddsDatanode,/,null,STOPPED}{jar:file:/home/runner/.m2/repository/org/apache/ozone/hdds-container-service/1.5.0-SNAPSHOT/hdds-container-service-1.5.0-SNAPSHOT.jar!/webapps/hddsDatanode}
2023-12-28 09:10:03,150 [main] INFO  server.AbstractConnector (AbstractConnector.java:doStop(383)) - Stopped ServerConnector@2e059f8d{HTTP/1.1, (http/1.1)}{0.0.0.0:15410}
2023-12-28 09:10:03,150 [main] INFO  server.session (HouseKeeper.java:stopScavenging(149)) - node0 Stopped scavenging
2023-12-28 09:10:03,151 [main] INFO  handler.ContextHandler (ContextHandler.java:doStop(1159)) - Stopped o.e.j.s.ServletContextHandler@13ba1dfb{static,/static,jar:file:/home/runner/.m2/repository/org/apache/ozone/hdds-container-service/1.5.0-SNAPSHOT/hdds-container-service-1.5.0-SNAPSHOT.jar!/webapps/static,STOPPED}
2023-12-28 09:10:03,151 [main] INFO  handler.ContextHandler (ContextHandler.java:doStop(1159)) - Stopped o.e.j.s.ServletContextHandler@751b79a3{logs,/logs,file:///home/runner/work/ozone/ozone/hadoop-ozone/integration-test/target/log,STOPPED}
2023-12-28 09:10:03,151 [main] INFO  ozone.HddsDatanodeClientProtocolServer (HddsDatanodeClientProtocolServer.java:stop(78)) - Stopping the RPC server for Client Protocol
2023-12-28 09:10:03,152 [main] INFO  ipc.Server (Server.java:stop(3523)) - Stopping server on 15411
2023-12-28 09:10:03,153 [IPC Server listener on 15411] INFO  ipc.Server (Server.java:run(1434)) - Stopping IPC Server listener on 15411
2023-12-28 09:10:03,153 [IPC Server Responder] INFO  ipc.Server (Server.java:run(1567)) - Stopping IPC Server Responder
2023-12-28 09:10:03,154 [main] INFO  ozoneimpl.OzoneContainer (OzoneContainer.java:stop(463)) - Attempting to stop container services.
2023-12-28 09:10:03,155 [main] INFO  server.RaftServer (RaftServerProxy.java:lambda$close$9(416)) - 42fe86c5-ef4c-4426-bfd8-a8401ddf98d5: close
2023-12-28 09:10:03,155 [42fe86c5-ef4c-4426-bfd8-a8401ddf98d5-impl-thread1] INFO  server.RaftServer$Division (RaftServerImpl.java:lambda$close$3(516)) - 42fe86c5-ef4c-4426-bfd8-a8401ddf98d5@group-0D882B591608: shutdown
2023-12-28 09:10:03,155 [42fe86c5-ef4c-4426-bfd8-a8401ddf98d5-impl-thread1] INFO  util.JmxRegister (JmxRegister.java:unregister(73)) - Successfully un-registered JMX Bean with object name Ratis:service=RaftServer,group=group-0D882B591608,id=42fe86c5-ef4c-4426-bfd8-a8401ddf98d5
2023-12-28 09:10:03,155 [main] INFO  server.GrpcService (GrpcService.java:closeImpl(311)) - 42fe86c5-ef4c-4426-bfd8-a8401ddf98d5: shutdown server org.apache.ratis.grpc.server.GrpcClientProtocolService now
2023-12-28 09:10:03,155 [42fe86c5-ef4c-4426-bfd8-a8401ddf98d5-impl-thread2] INFO  server.RaftServer$Division (RaftServerImpl.java:lambda$close$3(516)) - 42fe86c5-ef4c-4426-bfd8-a8401ddf98d5@group-1F2F71CB6E5C: shutdown
2023-12-28 09:10:03,155 [42fe86c5-ef4c-4426-bfd8-a8401ddf98d5-impl-thread2] INFO  util.JmxRegister (JmxRegister.java:unregister(73)) - Successfully un-registered JMX Bean with object name Ratis:service=RaftServer,group=group-1F2F71CB6E5C,id=42fe86c5-ef4c-4426-bfd8-a8401ddf98d5
2023-12-28 09:10:03,155 [Thread-4528] INFO  server.GrpcServerProtocolClient (GrpcServerProtocolClient.java:close(103)) - 31ca3cec-ca1e-4771-b2d4-3cf5bbdf2d7e Close channels
2023-12-28 09:10:03,156 [Thread-4529] INFO  server.GrpcServerProtocolClient (GrpcServerProtocolClient.java:close(103)) - 3882d302-0766-4582-8526-483b5b0fafe4 Close channels
2023-12-28 09:10:03,156 [main] INFO  server.GrpcService (GrpcService.java:closeImpl(320)) - 42fe86c5-ef4c-4426-bfd8-a8401ddf98d5: shutdown server org.apache.ratis.grpc.server.GrpcClientProtocolService successfully
2023-12-28 09:10:03,156 [main] INFO  server.GrpcService (GrpcService.java:closeImpl(311)) - 42fe86c5-ef4c-4426-bfd8-a8401ddf98d5: shutdown server GrpcServerProtocolService now
2023-12-28 09:10:03,155 [42fe86c5-ef4c-4426-bfd8-a8401ddf98d5-impl-thread1] INFO  impl.RoleInfo (RoleInfo.java:shutdownFollowerState(110)) - 42fe86c5-ef4c-4426-bfd8-a8401ddf98d5: shutdown 42fe86c5-ef4c-4426-bfd8-a8401ddf98d5@group-0D882B591608-FollowerState
2023-12-28 09:10:03,156 [42fe86c5-ef4c-4426-bfd8-a8401ddf98d5-impl-thread1] INFO  impl.StateMachineUpdater (StateMachineUpdater.java:stopAndJoin(157)) - 42fe86c5-ef4c-4426-bfd8-a8401ddf98d5@group-0D882B591608-StateMachineUpdater: set stopIndex = 2
2023-12-28 09:10:03,155 [42fe86c5-ef4c-4426-bfd8-a8401ddf98d5-impl-thread2] INFO  impl.RoleInfo (RoleInfo.java:shutdownLeaderState(94)) - 42fe86c5-ef4c-4426-bfd8-a8401ddf98d5: shutdown 42fe86c5-ef4c-4426-bfd8-a8401ddf98d5@group-1F2F71CB6E5C-LeaderStateImpl
2023-12-28 09:10:03,156 [42fe86c5-ef4c-4426-bfd8-a8401ddf98d5@group-0D882B591608-FollowerState] INFO  impl.FollowerState (FollowerState.java:run(152)) - 42fe86c5-ef4c-4426-bfd8-a8401ddf98d5@group-0D882B591608-FollowerState was interrupted
2023-12-28 09:10:03,157 [42fe86c5-ef4c-4426-bfd8-a8401ddf98d5-impl-thread2] INFO  impl.PendingRequests (PendingRequests.java:sendNotLeaderResponses(289)) - 42fe86c5-ef4c-4426-bfd8-a8401ddf98d5@group-1F2F71CB6E5C-PendingRequests: sendNotLeaderResponses
2023-12-28 09:10:03,157 [42fe86c5-ef4c-4426-bfd8-a8401ddf98d5@group-0D882B591608-StateMachineUpdater] INFO  ratis.ContainerStateMachine (ContainerStateMachine.java:takeSnapshot(355)) - group-0D882B591608: Taking a snapshot at:(t:1, i:2) file /home/runner/work/ozone/ozone/hadoop-ozone/integration-test/target/test-dir/MiniOzoneClusterImpl-7619c237-1de6-4815-bbe2-f0b52dfbd5bc/datanode-4/data/ratis/ac0b9b9d-6c10-481c-8fb0-0d882b591608/sm/snapshot.1_2
2023-12-28 09:10:03,157 [grpc-default-executor-1] WARN  server.GrpcServerProtocolService (LogUtils.java:warn(121)) - 42fe86c5-ef4c-4426-bfd8-a8401ddf98d5: APPEND_ENTRIES onError, lastRequest: 3882d302-0766-4582-8526-483b5b0fafe4->42fe86c5-ef4c-4426-bfd8-a8401ddf98d5#4-t1,previous=(t:1, i:1),leaderCommit=1,initializing? true,entries: size=1, first=(t:1, i:2), METADATAENTRY(c:1): org.apache.ratis.thirdparty.io.grpc.StatusRuntimeException: CANCELLED: client cancelled
2023-12-28 09:10:03,157 [42fe86c5-ef4c-4426-bfd8-a8401ddf98d5@group-1F2F71CB6E5C-StateMachineUpdater] INFO  ratis.ContainerStateMachine (ContainerStateMachine.java:takeSnapshot(355)) - group-1F2F71CB6E5C: Taking a snapshot at:(t:1, i:0) file /home/runner/work/ozone/ozone/hadoop-ozone/integration-test/target/test-dir/MiniOzoneClusterImpl-7619c237-1de6-4815-bbe2-f0b52dfbd5bc/datanode-4/data/ratis/96e8e2aa-9f13-45fc-986d-1f2f71cb6e5c/sm/snapshot.1_0
2023-12-28 09:10:03,157 [42fe86c5-ef4c-4426-bfd8-a8401ddf98d5-impl-thread2] INFO  impl.StateMachineUpdater (StateMachineUpdater.java:stopAndJoin(157)) - 42fe86c5-ef4c-4426-bfd8-a8401ddf98d5@group-1F2F71CB6E5C-StateMachineUpdater: set stopIndex = 0
2023-12-28 09:10:03,157 [main] INFO  server.GrpcService (GrpcService.java:closeImpl(320)) - 42fe86c5-ef4c-4426-bfd8-a8401ddf98d5: shutdown server GrpcServerProtocolService successfully
2023-12-28 09:10:03,158 [grpc-default-executor-4] WARN  server.GrpcLogAppender (LogUtils.java:warn(121)) - 3882d302-0766-4582-8526-483b5b0fafe4@group-0D882B591608->42fe86c5-ef4c-4426-bfd8-a8401ddf98d5-AppendLogResponseHandler: Failed appendEntries: org.apache.ratis.thirdparty.io.grpc.StatusRuntimeException: CANCELLED: RST_STREAM closed stream. HTTP/2 error code: CANCEL
2023-12-28 09:10:03,158 [main] INFO  server.GrpcService (GrpcService.java:closeImpl(311)) - 42fe86c5-ef4c-4426-bfd8-a8401ddf98d5: shutdown server org.apache.ratis.grpc.server.GrpcAdminProtocolService now
2023-12-28 09:10:03,158 [grpc-default-executor-0] WARN  server.GrpcServerProtocolService (LogUtils.java:warn(121)) - 42fe86c5-ef4c-4426-bfd8-a8401ddf98d5: APPEND_ENTRIES onError, lastRequest: null: org.apache.ratis.thirdparty.io.grpc.StatusRuntimeException: CANCELLED: client cancelled
2023-12-28 09:10:03,158 [grpc-default-executor-4] WARN  server.GrpcLogAppender (GrpcLogAppender.java:resetClient(140)) - 3882d302-0766-4582-8526-483b5b0fafe4@group-0D882B591608->42fe86c5-ef4c-4426-bfd8-a8401ddf98d5-GrpcLogAppender: Follower failed and request == null,  keep nextIndex (3) unchanged and retry.
2023-12-28 09:10:03,159 [42fe86c5-ef4c-4426-bfd8-a8401ddf98d5@group-0D882B591608-StateMachineUpdater] INFO  ratis.ContainerStateMachine (ContainerStateMachine.java:takeSnapshot(366)) - group-0D882B591608: Finished taking a snapshot at:(t:1, i:2) file:/home/runner/work/ozone/ozone/hadoop-ozone/integration-test/target/test-dir/MiniOzoneClusterImpl-7619c237-1de6-4815-bbe2-f0b52dfbd5bc/datanode-4/data/ratis/ac0b9b9d-6c10-481c-8fb0-0d882b591608/sm/snapshot.1_2 took: 2 ms
2023-12-28 09:10:03,158 [grpc-default-executor-2] WARN  server.GrpcLogAppender (LogUtils.java:warn(121)) - 3882d302-0766-4582-8526-483b5b0fafe4@group-0D882B591608->42fe86c5-ef4c-4426-bfd8-a8401ddf98d5-AppendLogResponseHandler: Failed appendEntries: org.apache.ratis.thirdparty.io.grpc.StatusRuntimeException: CANCELLED: RST_STREAM closed stream. HTTP/2 error code: CANCEL
2023-12-28 09:10:03,158 [42fe86c5-ef4c-4426-bfd8-a8401ddf98d5@group-1F2F71CB6E5C-StateMachineUpdater] INFO  ratis.ContainerStateMachine (ContainerStateMachine.java:takeSnapshot(366)) - group-1F2F71CB6E5C: Finished taking a snapshot at:(t:1, i:0) file:/home/runner/work/ozone/ozone/hadoop-ozone/integration-test/target/test-dir/MiniOzoneClusterImpl-7619c237-1de6-4815-bbe2-f0b52dfbd5bc/datanode-4/data/ratis/96e8e2aa-9f13-45fc-986d-1f2f71cb6e5c/sm/snapshot.1_0 took: 2 ms
2023-12-28 09:10:03,159 [42fe86c5-ef4c-4426-bfd8-a8401ddf98d5@group-0D882B591608-StateMachineUpdater] INFO  impl.StateMachineUpdater (StateMachineUpdater.java:takeSnapshot(295)) - 42fe86c5-ef4c-4426-bfd8-a8401ddf98d5@group-0D882B591608-StateMachineUpdater: Took a snapshot at index 2
2023-12-28 09:10:03,159 [42fe86c5-ef4c-4426-bfd8-a8401ddf98d5@group-0D882B591608-StateMachineUpdater] INFO  impl.StateMachineUpdater (StateMachineUpdater.java:lambda$new$0(98)) - 42fe86c5-ef4c-4426-bfd8-a8401ddf98d5@group-0D882B591608-StateMachineUpdater: snapshotIndex: updateIncreasingly -1 -> 2
2023-12-28 09:10:03,159 [42fe86c5-ef4c-4426-bfd8-a8401ddf98d5@group-1F2F71CB6E5C-StateMachineUpdater] INFO  impl.StateMachineUpdater (StateMachineUpdater.java:takeSnapshot(295)) - 42fe86c5-ef4c-4426-bfd8-a8401ddf98d5@group-1F2F71CB6E5C-StateMachineUpdater: Took a snapshot at index 0
2023-12-28 09:10:03,160 [42fe86c5-ef4c-4426-bfd8-a8401ddf98d5@group-1F2F71CB6E5C-StateMachineUpdater] INFO  impl.StateMachineUpdater (StateMachineUpdater.java:lambda$new$0(98)) - 42fe86c5-ef4c-4426-bfd8-a8401ddf98d5@group-1F2F71CB6E5C-StateMachineUpdater: snapshotIndex: updateIncreasingly -1 -> 0
2023-12-28 09:10:03,160 [42fe86c5-ef4c-4426-bfd8-a8401ddf98d5-impl-thread2] INFO  server.RaftServer$Division (ServerState.java:close(423)) - 42fe86c5-ef4c-4426-bfd8-a8401ddf98d5@group-1F2F71CB6E5C: applyIndex: 0
2023-12-28 09:10:03,160 [42fe86c5-ef4c-4426-bfd8-a8401ddf98d5-impl-thread1] INFO  server.RaftServer$Division (ServerState.java:close(423)) - 42fe86c5-ef4c-4426-bfd8-a8401ddf98d5@group-0D882B591608: applyIndex: 2
2023-12-28 09:10:03,160 [42fe86c5-ef4c-4426-bfd8-a8401ddf98d5@group-0D882B591608-cacheEviction-AwaitToRun] INFO  util.AwaitToRun (AwaitToRun.java:run(49)) - 42fe86c5-ef4c-4426-bfd8-a8401ddf98d5@group-0D882B591608-cacheEviction-AwaitToRun-AwaitForSignal is interrupted
2023-12-28 09:10:03,159 [grpc-default-executor-2] WARN  server.GrpcLogAppender (GrpcLogAppender.java:resetClient(140)) - 3882d302-0766-4582-8526-483b5b0fafe4@group-0D882B591608->42fe86c5-ef4c-4426-bfd8-a8401ddf98d5-GrpcLogAppender: Follower failed and request == null,  keep nextIndex (3) unchanged and retry.
2023-12-28 09:10:03,160 [42fe86c5-ef4c-4426-bfd8-a8401ddf98d5@group-1F2F71CB6E5C-cacheEviction-AwaitToRun] INFO  util.AwaitToRun (AwaitToRun.java:run(49)) - 42fe86c5-ef4c-4426-bfd8-a8401ddf98d5@group-1F2F71CB6E5C-cacheEviction-AwaitToRun-AwaitForSignal is interrupted
2023-12-28 09:10:03,160 [main] INFO  server.GrpcService (GrpcService.java:closeImpl(320)) - 42fe86c5-ef4c-4426-bfd8-a8401ddf98d5: shutdown server org.apache.ratis.grpc.server.GrpcAdminProtocolService successfully
2023-12-28 09:10:03,161 [42fe86c5-ef4c-4426-bfd8-a8401ddf98d5-NettyServerStreamRpc-bossGroup--thread1] INFO  logging.LoggingHandler (AbstractInternalLogger.java:log(148)) - [id: 0x56cd5bca, L:/0.0.0.0:15407] CLOSE
2023-12-28 09:10:03,161 [42fe86c5-ef4c-4426-bfd8-a8401ddf98d5-NettyServerStreamRpc-bossGroup--thread1] INFO  logging.LoggingHandler (AbstractInternalLogger.java:log(148)) - [id: 0x56cd5bca, L:/0.0.0.0:15407] INACTIVE
2023-12-28 09:10:03,161 [42fe86c5-ef4c-4426-bfd8-a8401ddf98d5-NettyServerStreamRpc-bossGroup--thread1] INFO  logging.LoggingHandler (AbstractInternalLogger.java:log(148)) - [id: 0x56cd5bca, L:/0.0.0.0:15407] UNREGISTERED
2023-12-28 09:10:03,833 [42fe86c5-ef4c-4426-bfd8-a8401ddf98d5-impl-thread2] INFO  segmented.SegmentedRaftLogWorker (SegmentedRaftLogWorker.java:close(243)) - 42fe86c5-ef4c-4426-bfd8-a8401ddf98d5@group-1F2F71CB6E5C-SegmentedRaftLogWorker close()
2023-12-28 09:10:03,894 [grpc-default-executor-2] WARN  server.GrpcLogAppender (LogUtils.java:warn(121)) - 3882d302-0766-4582-8526-483b5b0fafe4@group-0D882B591608->31ca3cec-ca1e-4771-b2d4-3cf5bbdf2d7e-AppendLogResponseHandler: Failed appendEntries: org.apache.ratis.thirdparty.io.grpc.StatusRuntimeException: UNAVAILABLE: io exception
2023-12-28 09:10:03,894 [grpc-default-executor-4] WARN  server.GrpcLogAppender (LogUtils.java:warn(121)) - 3882d302-0766-4582-8526-483b5b0fafe4@group-0D882B591608->31ca3cec-ca1e-4771-b2d4-3cf5bbdf2d7e-AppendLogResponseHandler: Failed appendEntries: org.apache.ratis.thirdparty.io.grpc.StatusRuntimeException: UNAVAILABLE: io exception
2023-12-28 09:10:03,895 [grpc-default-executor-2] WARN  server.GrpcLogAppender (GrpcLogAppender.java:resetClient(140)) - 3882d302-0766-4582-8526-483b5b0fafe4@group-0D882B591608->31ca3cec-ca1e-4771-b2d4-3cf5bbdf2d7e-GrpcLogAppender: Follower failed and request == null,  keep nextIndex (3) unchanged and retry.
2023-12-28 09:10:03,895 [grpc-default-executor-4] WARN  server.GrpcLogAppender (GrpcLogAppender.java:resetClient(140)) - 3882d302-0766-4582-8526-483b5b0fafe4@group-0D882B591608->31ca3cec-ca1e-4771-b2d4-3cf5bbdf2d7e-GrpcLogAppender: Follower failed and request == null,  keep nextIndex (3) unchanged and retry.
2023-12-28 09:10:04,143 [42fe86c5-ef4c-4426-bfd8-a8401ddf98d5-impl-thread1] INFO  segmented.SegmentedRaftLogWorker (SegmentedRaftLogWorker.java:close(243)) - 42fe86c5-ef4c-4426-bfd8-a8401ddf98d5@group-0D882B591608-SegmentedRaftLogWorker close()
2023-12-28 09:10:04,144 [JvmPauseMonitor50] INFO  util.JvmPauseMonitor (JvmPauseMonitor.java:run(152)) - JvmPauseMonitor-42fe86c5-ef4c-4426-bfd8-a8401ddf98d5: Stopped
2023-12-28 09:10:05,146 [grpc-default-executor-4] WARN  server.GrpcLogAppender (LogUtils.java:warn(121)) - 3882d302-0766-4582-8526-483b5b0fafe4@group-0D882B591608->31ca3cec-ca1e-4771-b2d4-3cf5bbdf2d7e-AppendLogResponseHandler: Failed appendEntries: org.apache.ratis.thirdparty.io.grpc.StatusRuntimeException: UNAVAILABLE: io exception
2023-12-28 09:10:05,146 [grpc-default-executor-2] WARN  server.GrpcLogAppender (LogUtils.java:warn(121)) - 3882d302-0766-4582-8526-483b5b0fafe4@group-0D882B591608->31ca3cec-ca1e-4771-b2d4-3cf5bbdf2d7e-AppendLogResponseHandler: Failed appendEntries: org.apache.ratis.thirdparty.io.grpc.StatusRuntimeException: UNAVAILABLE: io exception
2023-12-28 09:10:05,146 [grpc-default-executor-4] WARN  server.GrpcLogAppender (GrpcLogAppender.java:resetClient(140)) - 3882d302-0766-4582-8526-483b5b0fafe4@group-0D882B591608->31ca3cec-ca1e-4771-b2d4-3cf5bbdf2d7e-GrpcLogAppender: Follower failed and request == null,  keep nextIndex (3) unchanged and retry.
2023-12-28 09:10:05,147 [grpc-default-executor-2] WARN  server.GrpcLogAppender (GrpcLogAppender.java:resetClient(140)) - 3882d302-0766-4582-8526-483b5b0fafe4@group-0D882B591608->31ca3cec-ca1e-4771-b2d4-3cf5bbdf2d7e-GrpcLogAppender: Follower failed and request == null,  keep nextIndex (3) unchanged and retry.
2023-12-28 09:10:05,147 [grpc-default-executor-0] WARN  server.GrpcLogAppender (LogUtils.java:warn(121)) - 3882d302-0766-4582-8526-483b5b0fafe4@group-0D882B591608->42fe86c5-ef4c-4426-bfd8-a8401ddf98d5-AppendLogResponseHandler: Failed appendEntries: org.apache.ratis.thirdparty.io.grpc.StatusRuntimeException: UNAVAILABLE: io exception
2023-12-28 09:10:05,147 [grpc-default-executor-4] WARN  server.GrpcLogAppender (LogUtils.java:warn(121)) - 3882d302-0766-4582-8526-483b5b0fafe4@group-0D882B591608->42fe86c5-ef4c-4426-bfd8-a8401ddf98d5-AppendLogResponseHandler: Failed appendEntries: org.apache.ratis.thirdparty.io.grpc.StatusRuntimeException: UNAVAILABLE: io exception
2023-12-28 09:10:05,148 [grpc-default-executor-0] WARN  server.GrpcLogAppender (GrpcLogAppender.java:resetClient(140)) - 3882d302-0766-4582-8526-483b5b0fafe4@group-0D882B591608->42fe86c5-ef4c-4426-bfd8-a8401ddf98d5-GrpcLogAppender: Follower failed and request == null,  keep nextIndex (3) unchanged and retry.
2023-12-28 09:10:05,148 [grpc-default-executor-4] WARN  server.GrpcLogAppender (GrpcLogAppender.java:resetClient(140)) - 3882d302-0766-4582-8526-483b5b0fafe4@group-0D882B591608->42fe86c5-ef4c-4426-bfd8-a8401ddf98d5-GrpcLogAppender: Follower failed and request == null,  keep nextIndex (3) unchanged and retry.
2023-12-28 09:10:06,147 [main] INFO  utils.DatanodeStoreCache (DatanodeStoreCache.java:shutdownCache(110)) - Skip clearing cache in mini cluster mode. Entries left: [/home/runner/work/ozone/ozone/hadoop-ozone/integration-test/target/test-dir/MiniOzoneClusterImpl-7619c237-1de6-4815-bbe2-f0b52dfbd5bc/datanode-0/data-0/containers/hdds/7619c237-1de6-4815-bbe2-f0b52dfbd5bc/DS-eb0134f9-5ca6-4826-8161-22d206a672de/container.db, /home/runner/work/ozone/ozone/hadoop-ozone/integration-test/target/test-dir/MiniOzoneClusterImpl-7619c237-1de6-4815-bbe2-f0b52dfbd5bc/datanode-1/data-0/containers/hdds/7619c237-1de6-4815-bbe2-f0b52dfbd5bc/DS-8db8ccae-0e68-45af-ac80-6d2ad6a843e8/container.db, /home/runner/work/ozone/ozone/hadoop-ozone/integration-test/target/test-dir/MiniOzoneClusterImpl-7619c237-1de6-4815-bbe2-f0b52dfbd5bc/datanode-2/data-0/containers/hdds/7619c237-1de6-4815-bbe2-f0b52dfbd5bc/DS-b8d39540-c8a8-4865-9ac5-d4b8447fb21d/container.db, /home/runner/work/ozone/ozone/hadoop-ozone/integration-test/target/test-dir/MiniOzoneClusterImpl-7619c237-1de6-4815-bbe2-f0b52dfbd5bc/datanode-3/data-0/containers/hdds/7619c237-1de6-4815-bbe2-f0b52dfbd5bc/DS-01df4767-c656-4eb3-abc1-3a5d01d5da03/container.db, /home/runner/work/ozone/ozone/hadoop-ozone/integration-test/target/test-dir/MiniOzoneClusterImpl-7619c237-1de6-4815-bbe2-f0b52dfbd5bc/datanode-4/data-0/containers/hdds/7619c237-1de6-4815-bbe2-f0b52dfbd5bc/DS-14eebaae-2f2c-4e8b-9bae-3f9c511ec4b7/container.db, /home/runner/work/ozone/ozone/hadoop-ozone/integration-test/target/test-dir/MiniOzoneClusterImpl-7619c237-1de6-4815-bbe2-f0b52dfbd5bc/datanode-6/data-0/containers/hdds/7619c237-1de6-4815-bbe2-f0b52dfbd5bc/DS-f3ee87f7-7c2b-4cd0-8c3f-29ea1385fdf7/container.db, /home/runner/work/ozone/ozone/hadoop-ozone/integration-test/target/test-dir/MiniOzoneClusterImpl-7619c237-1de6-4815-bbe2-f0b52dfbd5bc/datanode-7/data-0/containers/hdds/7619c237-1de6-4815-bbe2-f0b52dfbd5bc/DS-80f051f4-7a51-4a01-ac7e-57e526cb75f1/container.db, /home/runner/work/ozone/ozone/hadoop-ozone/integration-test/target/test-dir/MiniOzoneClusterImpl-7619c237-1de6-4815-bbe2-f0b52dfbd5bc/datanode-8/data-0/containers/hdds/7619c237-1de6-4815-bbe2-f0b52dfbd5bc/DS-93b2a42a-1ab3-4f0f-9d13-72f7269aff3d/container.db]
2023-12-28 09:10:06,149 [main] INFO  utils.DatanodeStoreCache (DatanodeStoreCache.java:removeDB(104)) - Removed db /home/runner/work/ozone/ozone/hadoop-ozone/integration-test/target/test-dir/MiniOzoneClusterImpl-7619c237-1de6-4815-bbe2-f0b52dfbd5bc/datanode-4/data-0/containers/hdds/7619c237-1de6-4815-bbe2-f0b52dfbd5bc/DS-14eebaae-2f2c-4e8b-9bae-3f9c511ec4b7/container.db from cache
2023-12-28 09:10:06,149 [main] INFO  volume.HddsVolume (HddsVolume.java:closeDbStore(453)) - SchemaV3 db is stopped at /home/runner/work/ozone/ozone/hadoop-ozone/integration-test/target/test-dir/MiniOzoneClusterImpl-7619c237-1de6-4815-bbe2-f0b52dfbd5bc/datanode-4/data-0/containers/hdds/7619c237-1de6-4815-bbe2-f0b52dfbd5bc/DS-14eebaae-2f2c-4e8b-9bae-3f9c511ec4b7/container.db for volume DS-14eebaae-2f2c-4e8b-9bae-3f9c511ec4b7
2023-12-28 09:10:06,149 [main] INFO  utils.BackgroundService (BackgroundService.java:shutdown(160)) - Shutting down service BlockDeletingService
2023-12-28 09:10:06,149 [main] INFO  utils.BackgroundService (BackgroundService.java:shutdown(160)) - Shutting down service StaleRecoveringContainerScrubbingService
2023-12-28 09:10:06,150 [main] INFO  statemachine.DatanodeStateMachine (DatanodeStateMachine.java:stopDaemon(638)) - Ozone container server stopped.
2023-12-28 09:10:06,151 [main] INFO  handler.ContextHandler (ContextHandler.java:doStop(1159)) - Stopped o.e.j.w.WebAppContext@238d9fbc{hddsDatanode,/,null,STOPPED}{jar:file:/home/runner/.m2/repository/org/apache/ozone/hdds-container-service/1.5.0-SNAPSHOT/hdds-container-service-1.5.0-SNAPSHOT.jar!/webapps/hddsDatanode}
2023-12-28 09:10:06,151 [main] INFO  server.AbstractConnector (AbstractConnector.java:doStop(383)) - Stopped ServerConnector@5f8ef566{HTTP/1.1, (http/1.1)}{0.0.0.0:15401}
2023-12-28 09:10:06,151 [main] INFO  server.session (HouseKeeper.java:stopScavenging(149)) - node0 Stopped scavenging
2023-12-28 09:10:06,151 [main] INFO  handler.ContextHandler (ContextHandler.java:doStop(1159)) - Stopped o.e.j.s.ServletContextHandler@42b9b847{static,/static,jar:file:/home/runner/.m2/repository/org/apache/ozone/hdds-container-service/1.5.0-SNAPSHOT/hdds-container-service-1.5.0-SNAPSHOT.jar!/webapps/static,STOPPED}
2023-12-28 09:10:06,152 [main] INFO  handler.ContextHandler (ContextHandler.java:doStop(1159)) - Stopped o.e.j.s.ServletContextHandler@9b2ce10{logs,/logs,file:///home/runner/work/ozone/ozone/hadoop-ozone/integration-test/target/log,STOPPED}
2023-12-28 09:10:06,152 [main] INFO  ozone.HddsDatanodeClientProtocolServer (HddsDatanodeClientProtocolServer.java:stop(78)) - Stopping the RPC server for Client Protocol
2023-12-28 09:10:06,152 [main] INFO  ipc.Server (Server.java:stop(3523)) - Stopping server on 15402
2023-12-28 09:10:06,153 [IPC Server listener on 15402] INFO  ipc.Server (Server.java:run(1434)) - Stopping IPC Server listener on 15402
2023-12-28 09:10:06,156 [IPC Server Responder] INFO  ipc.Server (Server.java:run(1567)) - Stopping IPC Server Responder
2023-12-28 09:10:06,157 [main] INFO  pipeline.PipelineManagerImpl (PipelineManagerImpl.java:closeContainersForPipeline(484)) - Container #1 closed for pipeline=PipelineID=ac0b9b9d-6c10-481c-8fb0-0d882b591608
2023-12-28 09:10:06,157 [EventQueue-CloseContainerForCloseContainerEventHandler] INFO  container.CloseContainerEventHandler (CloseContainerEventHandler.java:onMessage(88)) - Close container Event triggered for container : #1, current state: CLOSING
2023-12-28 09:10:06,158 [main] INFO  pipeline.PipelineManagerImpl (PipelineManagerImpl.java:closePipeline(518)) - Pipeline PipelineID=ac0b9b9d-6c10-481c-8fb0-0d882b591608 moved to CLOSED state
2023-12-28 09:10:06,398 [grpc-default-executor-4] WARN  server.GrpcLogAppender (LogUtils.java:warn(121)) - 3882d302-0766-4582-8526-483b5b0fafe4@group-0D882B591608->31ca3cec-ca1e-4771-b2d4-3cf5bbdf2d7e-AppendLogResponseHandler: Failed appendEntries: org.apache.ratis.thirdparty.io.grpc.StatusRuntimeException: UNAVAILABLE: io exception
2023-12-28 09:10:06,398 [grpc-default-executor-0] WARN  server.GrpcLogAppender (LogUtils.java:warn(121)) - 3882d302-0766-4582-8526-483b5b0fafe4@group-0D882B591608->31ca3cec-ca1e-4771-b2d4-3cf5bbdf2d7e-AppendLogResponseHandler: Failed appendEntries: org.apache.ratis.thirdparty.io.grpc.StatusRuntimeException: UNAVAILABLE: io exception
2023-12-28 09:10:06,399 [grpc-default-executor-4] WARN  server.GrpcLogAppender (GrpcLogAppender.java:resetClient(140)) - 3882d302-0766-4582-8526-483b5b0fafe4@group-0D882B591608->31ca3cec-ca1e-4771-b2d4-3cf5bbdf2d7e-GrpcLogAppender: Follower failed and request == null,  keep nextIndex (3) unchanged and retry.
2023-12-28 09:10:06,399 [grpc-default-executor-4] WARN  server.GrpcLogAppender (LogUtils.java:warn(121)) - 3882d302-0766-4582-8526-483b5b0fafe4@group-0D882B591608->42fe86c5-ef4c-4426-bfd8-a8401ddf98d5-AppendLogResponseHandler: Failed appendEntries: org.apache.ratis.thirdparty.io.grpc.StatusRuntimeException: UNAVAILABLE: io exception
2023-12-28 09:10:06,399 [grpc-default-executor-0] WARN  server.GrpcLogAppender (GrpcLogAppender.java:resetClient(140)) - 3882d302-0766-4582-8526-483b5b0fafe4@group-0D882B591608->31ca3cec-ca1e-4771-b2d4-3cf5bbdf2d7e-GrpcLogAppender: Follower failed and request == null,  keep nextIndex (3) unchanged and retry.
2023-12-28 09:10:06,399 [grpc-default-executor-2] WARN  server.GrpcLogAppender (LogUtils.java:warn(121)) - 3882d302-0766-4582-8526-483b5b0fafe4@group-0D882B591608->42fe86c5-ef4c-4426-bfd8-a8401ddf98d5-AppendLogResponseHandler: Failed appendEntries: org.apache.ratis.thirdparty.io.grpc.StatusRuntimeException: UNAVAILABLE: io exception
2023-12-28 09:10:06,400 [grpc-default-executor-4] WARN  server.GrpcLogAppender (GrpcLogAppender.java:resetClient(140)) - 3882d302-0766-4582-8526-483b5b0fafe4@group-0D882B591608->42fe86c5-ef4c-4426-bfd8-a8401ddf98d5-GrpcLogAppender: Follower failed and request == null,  keep nextIndex (3) unchanged and retry.
2023-12-28 09:10:06,400 [grpc-default-executor-2] WARN  server.GrpcLogAppender (GrpcLogAppender.java:resetClient(140)) - 3882d302-0766-4582-8526-483b5b0fafe4@group-0D882B591608->42fe86c5-ef4c-4426-bfd8-a8401ddf98d5-GrpcLogAppender: Follower failed and request == null,  keep nextIndex (3) unchanged and retry.
2023-12-28 09:10:07,650 [grpc-default-executor-2] WARN  server.GrpcLogAppender (LogUtils.java:warn(121)) - 3882d302-0766-4582-8526-483b5b0fafe4@group-0D882B591608->31ca3cec-ca1e-4771-b2d4-3cf5bbdf2d7e-AppendLogResponseHandler: Failed appendEntries: org.apache.ratis.thirdparty.io.grpc.StatusRuntimeException: UNAVAILABLE: io exception
2023-12-28 09:10:07,650 [grpc-default-executor-4] WARN  server.GrpcLogAppender (LogUtils.java:warn(121)) - 3882d302-0766-4582-8526-483b5b0fafe4@group-0D882B591608->31ca3cec-ca1e-4771-b2d4-3cf5bbdf2d7e-AppendLogResponseHandler: Failed appendEntries: org.apache.ratis.thirdparty.io.grpc.StatusRuntimeException: UNAVAILABLE: io exception
2023-12-28 09:10:07,651 [grpc-default-executor-2] WARN  server.GrpcLogAppender (GrpcLogAppender.java:resetClient(140)) - 3882d302-0766-4582-8526-483b5b0fafe4@group-0D882B591608->31ca3cec-ca1e-4771-b2d4-3cf5bbdf2d7e-GrpcLogAppender: Follower failed and request == null,  keep nextIndex (3) unchanged and retry.
2023-12-28 09:10:07,651 [grpc-default-executor-4] WARN  server.GrpcLogAppender (GrpcLogAppender.java:resetClient(140)) - 3882d302-0766-4582-8526-483b5b0fafe4@group-0D882B591608->31ca3cec-ca1e-4771-b2d4-3cf5bbdf2d7e-GrpcLogAppender: Follower failed and request == null,  keep nextIndex (3) unchanged and retry.
2023-12-28 09:10:07,653 [grpc-default-executor-4] WARN  server.GrpcLogAppender (LogUtils.java:warn(121)) - 3882d302-0766-4582-8526-483b5b0fafe4@group-0D882B591608->42fe86c5-ef4c-4426-bfd8-a8401ddf98d5-AppendLogResponseHandler: Failed appendEntries: org.apache.ratis.thirdparty.io.grpc.StatusRuntimeException: UNAVAILABLE: io exception
2023-12-28 09:10:07,653 [grpc-default-executor-2] WARN  server.GrpcLogAppender (LogUtils.java:warn(121)) - 3882d302-0766-4582-8526-483b5b0fafe4@group-0D882B591608->42fe86c5-ef4c-4426-bfd8-a8401ddf98d5-AppendLogResponseHandler: Failed appendEntries: org.apache.ratis.thirdparty.io.grpc.StatusRuntimeException: UNAVAILABLE: io exception
2023-12-28 09:10:07,654 [grpc-default-executor-4] WARN  server.GrpcLogAppender (GrpcLogAppender.java:resetClient(140)) - 3882d302-0766-4582-8526-483b5b0fafe4@group-0D882B591608->42fe86c5-ef4c-4426-bfd8-a8401ddf98d5-GrpcLogAppender: Follower failed and request == null,  keep nextIndex (3) unchanged and retry.
2023-12-28 09:10:07,654 [grpc-default-executor-2] WARN  server.GrpcLogAppender (GrpcLogAppender.java:resetClient(140)) - 3882d302-0766-4582-8526-483b5b0fafe4@group-0D882B591608->42fe86c5-ef4c-4426-bfd8-a8401ddf98d5-GrpcLogAppender: Follower failed and request == null,  keep nextIndex (3) unchanged and retry.
2023-12-28 09:10:08,905 [grpc-default-executor-2] WARN  server.GrpcLogAppender (LogUtils.java:warn(121)) - 3882d302-0766-4582-8526-483b5b0fafe4@group-0D882B591608->42fe86c5-ef4c-4426-bfd8-a8401ddf98d5-AppendLogResponseHandler: Failed appendEntries: org.apache.ratis.thirdparty.io.grpc.StatusRuntimeException: UNAVAILABLE: io exception
2023-12-28 09:10:08,905 [grpc-default-executor-4] WARN  server.GrpcLogAppender (LogUtils.java:warn(121)) - 3882d302-0766-4582-8526-483b5b0fafe4@group-0D882B591608->42fe86c5-ef4c-4426-bfd8-a8401ddf98d5-AppendLogResponseHandler: Failed appendEntries: org.apache.ratis.thirdparty.io.grpc.StatusRuntimeException: UNAVAILABLE: io exception
2023-12-28 09:10:08,906 [grpc-default-executor-2] WARN  server.GrpcLogAppender (GrpcLogAppender.java:resetClient(140)) - 3882d302-0766-4582-8526-483b5b0fafe4@group-0D882B591608->42fe86c5-ef4c-4426-bfd8-a8401ddf98d5-GrpcLogAppender: Follower failed and request == null,  keep nextIndex (3) unchanged and retry.
2023-12-28 09:10:08,906 [grpc-default-executor-4] WARN  server.GrpcLogAppender (GrpcLogAppender.java:resetClient(140)) - 3882d302-0766-4582-8526-483b5b0fafe4@group-0D882B591608->42fe86c5-ef4c-4426-bfd8-a8401ddf98d5-GrpcLogAppender: Follower failed and request == null,  keep nextIndex (3) unchanged and retry.
2023-12-28 09:10:09,601 [grpc-default-executor-4] WARN  server.GrpcLogAppender (LogUtils.java:warn(121)) - 3882d302-0766-4582-8526-483b5b0fafe4@group-0D882B591608->31ca3cec-ca1e-4771-b2d4-3cf5bbdf2d7e-AppendLogResponseHandler: Failed appendEntries: org.apache.ratis.thirdparty.io.grpc.StatusRuntimeException: UNAVAILABLE: io exception
2023-12-28 09:10:09,601 [grpc-default-executor-2] WARN  server.GrpcLogAppender (LogUtils.java:warn(121)) - 3882d302-0766-4582-8526-483b5b0fafe4@group-0D882B591608->31ca3cec-ca1e-4771-b2d4-3cf5bbdf2d7e-AppendLogResponseHandler: Failed appendEntries: org.apache.ratis.thirdparty.io.grpc.StatusRuntimeException: UNAVAILABLE: io exception
2023-12-28 09:10:09,601 [grpc-default-executor-4] WARN  server.GrpcLogAppender (GrpcLogAppender.java:resetClient(140)) - 3882d302-0766-4582-8526-483b5b0fafe4@group-0D882B591608->31ca3cec-ca1e-4771-b2d4-3cf5bbdf2d7e-GrpcLogAppender: Follower failed and request == null,  keep nextIndex (3) unchanged and retry.
2023-12-28 09:10:09,601 [grpc-default-executor-2] WARN  server.GrpcLogAppender (GrpcLogAppender.java:resetClient(140)) - 3882d302-0766-4582-8526-483b5b0fafe4@group-0D882B591608->31ca3cec-ca1e-4771-b2d4-3cf5bbdf2d7e-GrpcLogAppender: Follower failed and request == null,  keep nextIndex (3) unchanged and retry.
2023-12-28 09:10:10,002 [null-request--thread1] INFO  server.GrpcClientProtocolService (GrpcClientProtocolService.java:lambda$processClientRequest$0(284)) - Failed RaftClientRequest:client-B466828ACBCE->3882d302-0766-4582-8526-483b5b0fafe4@group-0D882B591608, cid=77, seq=null, Watch-ALL_COMMITTED(97), Message:<EMPTY>, reply=RaftClientReply:client-B466828ACBCE->3882d302-0766-4582-8526-483b5b0fafe4@group-0D882B591608, cid=77, FAILED org.apache.ratis.protocol.exceptions.NotReplicatedException: Request with call Id 77 and log index 97 is not yet replicated to ALL_COMMITTED, logIndex=97, commits[3882d302-0766-4582-8526-483b5b0fafe4:c2, 31ca3cec-ca1e-4771-b2d4-3cf5bbdf2d7e:c1, 42fe86c5-ef4c-4426-bfd8-a8401ddf98d5:c2]
2023-12-28 09:10:10,004 [main] WARN  scm.XceiverClientRatis (XceiverClientRatis.java:watchForCommit(284)) - 3 way commit failed on pipeline Pipeline[ Id: ac0b9b9d-6c10-481c-8fb0-0d882b591608, Nodes: 31ca3cec-ca1e-4771-b2d4-3cf5bbdf2d7e(fv-az1384-14.e3qrh24bduyexj1tcof5x1etkc.ex.internal.cloudapp.net/10.1.0.14)42fe86c5-ef4c-4426-bfd8-a8401ddf98d5(fv-az1384-14.e3qrh24bduyexj1tcof5x1etkc.ex.internal.cloudapp.net/10.1.0.14)3882d302-0766-4582-8526-483b5b0fafe4(fv-az1384-14.e3qrh24bduyexj1tcof5x1etkc.ex.internal.cloudapp.net/10.1.0.14), ReplicationConfig: RATIS/THREE, State:OPEN, leaderId:3882d302-0766-4582-8526-483b5b0fafe4, CreationTimestamp2023-12-28T09:09:51.805Z[Etc/UTC]]
java.util.concurrent.ExecutionException: org.apache.ratis.protocol.exceptions.NotReplicatedException: Request with call Id 77 and log index 97 is not yet replicated to ALL_COMMITTED
	at java.util.concurrent.CompletableFuture.reportGet(CompletableFuture.java:357)
	at java.util.concurrent.CompletableFuture.get(CompletableFuture.java:1908)
	at org.apache.hadoop.hdds.scm.XceiverClientRatis.watchForCommit(XceiverClientRatis.java:279)
	at org.apache.hadoop.ozone.client.rpc.TestWatchForCommit.testWatchForCommitForRetryfailure(TestWatchForCommit.java:281)
	at sun.reflect.NativeMethodAccessorImpl.invoke0(Native Method)
	at sun.reflect.NativeMethodAccessorImpl.invoke(NativeMethodAccessorImpl.java:62)
	at sun.reflect.DelegatingMethodAccessorImpl.invoke(DelegatingMethodAccessorImpl.java:43)
	at java.lang.reflect.Method.invoke(Method.java:498)
	at org.junit.platform.commons.util.ReflectionUtils.invokeMethod(ReflectionUtils.java:728)
	at org.junit.jupiter.engine.execution.MethodInvocation.proceed(MethodInvocation.java:60)
	at org.junit.jupiter.engine.execution.InvocationInterceptorChain$ValidatingInvocation.proceed(InvocationInterceptorChain.java:131)
	at org.junit.jupiter.engine.extension.TimeoutExtension.intercept(TimeoutExtension.java:156)
	at org.junit.jupiter.engine.extension.TimeoutExtension.interceptTestableMethod(TimeoutExtension.java:147)
	at org.junit.jupiter.engine.extension.TimeoutExtension.interceptTestMethod(TimeoutExtension.java:86)
	at org.junit.jupiter.engine.execution.InterceptingExecutableInvoker$ReflectiveInterceptorCall.lambda$ofVoidMethod$0(InterceptingExecutableInvoker.java:103)
	at org.junit.jupiter.engine.execution.InterceptingExecutableInvoker.lambda$invoke$0(InterceptingExecutableInvoker.java:93)
	at org.junit.jupiter.engine.execution.InvocationInterceptorChain$InterceptedInvocation.proceed(InvocationInterceptorChain.java:106)
	at org.junit.jupiter.engine.execution.InvocationInterceptorChain.proceed(InvocationInterceptorChain.java:64)
	at org.junit.jupiter.engine.execution.InvocationInterceptorChain.chainAndInvoke(InvocationInterceptorChain.java:45)
	at org.junit.jupiter.engine.execution.InvocationInterceptorChain.invoke(InvocationInterceptorChain.java:37)
	at org.junit.jupiter.engine.execution.InterceptingExecutableInvoker.invoke(InterceptingExecutableInvoker.java:92)
	at org.junit.jupiter.engine.execution.InterceptingExecutableInvoker.invoke(InterceptingExecutableInvoker.java:86)
	at org.junit.jupiter.engine.descriptor.TestMethodTestDescriptor.lambda$invokeTestMethod$7(TestMethodTestDescriptor.java:218)
	at org.junit.platform.engine.support.hierarchical.ThrowableCollector.execute(ThrowableCollector.java:73)
	at org.junit.jupiter.engine.descriptor.TestMethodTestDescriptor.invokeTestMethod(TestMethodTestDescriptor.java:214)
	at org.junit.jupiter.engine.descriptor.TestMethodTestDescriptor.execute(TestMethodTestDescriptor.java:139)
	at org.junit.jupiter.engine.descriptor.TestMethodTestDescriptor.execute(TestMethodTestDescriptor.java:69)
	at org.junit.platform.engine.support.hierarchical.NodeTestTask.lambda$executeRecursively$6(NodeTestTask.java:151)
	at org.junit.platform.engine.support.hierarchical.ThrowableCollector.execute(ThrowableCollector.java:73)
	at org.junit.platform.engine.support.hierarchical.NodeTestTask.lambda$executeRecursively$8(NodeTestTask.java:141)
	at org.junit.platform.engine.support.hierarchical.Node.around(Node.java:137)
	at org.junit.platform.engine.support.hierarchical.NodeTestTask.lambda$executeRecursively$9(NodeTestTask.java:139)
	at org.junit.platform.engine.support.hierarchical.ThrowableCollector.execute(ThrowableCollector.java:73)
	at org.junit.platform.engine.support.hierarchical.NodeTestTask.executeRecursively(NodeTestTask.java:138)
	at org.junit.platform.engine.support.hierarchical.NodeTestTask.execute(NodeTestTask.java:95)
	at java.util.ArrayList.forEach(ArrayList.java:1259)
	at org.junit.platform.engine.support.hierarchical.SameThreadHierarchicalTestExecutorService.invokeAll(SameThreadHierarchicalTestExecutorService.java:41)
	at org.junit.platform.engine.support.hierarchical.NodeTestTask.lambda$executeRecursively$6(NodeTestTask.java:155)
	at org.junit.platform.engine.support.hierarchical.ThrowableCollector.execute(ThrowableCollector.java:73)
	at org.junit.platform.engine.support.hierarchical.NodeTestTask.lambda$executeRecursively$8(NodeTestTask.java:141)
	at org.junit.platform.engine.support.hierarchical.Node.around(Node.java:137)
	at org.junit.platform.engine.support.hierarchical.NodeTestTask.lambda$executeRecursively$9(NodeTestTask.java:139)
	at org.junit.platform.engine.support.hierarchical.ThrowableCollector.execute(ThrowableCollector.java:73)
	at org.junit.platform.engine.support.hierarchical.NodeTestTask.executeRecursively(NodeTestTask.java:138)
	at org.junit.platform.engine.support.hierarchical.NodeTestTask.execute(NodeTestTask.java:95)
	at java.util.ArrayList.forEach(ArrayList.java:1259)
	at org.junit.platform.engine.support.hierarchical.SameThreadHierarchicalTestExecutorService.invokeAll(SameThreadHierarchicalTestExecutorService.java:41)
	at org.junit.platform.engine.support.hierarchical.NodeTestTask.lambda$executeRecursively$6(NodeTestTask.java:155)
	at org.junit.platform.engine.support.hierarchical.ThrowableCollector.execute(ThrowableCollector.java:73)
	at org.junit.platform.engine.support.hierarchical.NodeTestTask.lambda$executeRecursively$8(NodeTestTask.java:141)
	at org.junit.platform.engine.support.hierarchical.Node.around(Node.java:137)
	at org.junit.platform.engine.support.hierarchical.NodeTestTask.lambda$executeRecursively$9(NodeTestTask.java:139)
	at org.junit.platform.engine.support.hierarchical.ThrowableCollector.execute(ThrowableCollector.java:73)
	at org.junit.platform.engine.support.hierarchical.NodeTestTask.executeRecursively(NodeTestTask.java:138)
	at org.junit.platform.engine.support.hierarchical.NodeTestTask.execute(NodeTestTask.java:95)
	at org.junit.platform.engine.support.hierarchical.SameThreadHierarchicalTestExecutorService.submit(SameThreadHierarchicalTestExecutorService.java:35)
	at org.junit.platform.engine.support.hierarchical.HierarchicalTestExecutor.execute(HierarchicalTestExecutor.java:57)
	at org.junit.platform.engine.support.hierarchical.HierarchicalTestEngine.execute(HierarchicalTestEngine.java:54)
	at org.junit.platform.launcher.core.EngineExecutionOrchestrator.execute(EngineExecutionOrchestrator.java:198)
	at org.junit.platform.launcher.core.EngineExecutionOrchestrator.execute(EngineExecutionOrchestrator.java:169)
	at org.junit.platform.launcher.core.EngineExecutionOrchestrator.execute(EngineExecutionOrchestrator.java:93)
	at org.junit.platform.launcher.core.EngineExecutionOrchestrator.lambda$execute$0(EngineExecutionOrchestrator.java:58)
	at org.junit.platform.launcher.core.EngineExecutionOrchestrator.withInterceptedStreams(EngineExecutionOrchestrator.java:141)
	at org.junit.platform.launcher.core.EngineExecutionOrchestrator.execute(EngineExecutionOrchestrator.java:57)
	at org.junit.platform.launcher.core.DefaultLauncher.execute(DefaultLauncher.java:103)
	at org.junit.platform.launcher.core.DefaultLauncher.execute(DefaultLauncher.java:85)
	at org.junit.platform.launcher.core.DelegatingLauncher.execute(DelegatingLauncher.java:47)
	at org.apache.maven.surefire.junitplatform.LazyLauncher.execute(LazyLauncher.java:56)
	at org.apache.maven.surefire.junitplatform.JUnitPlatformProvider.invokeAllTests(JUnitPlatformProvider.java:162)
	at org.apache.maven.surefire.junitplatform.JUnitPlatformProvider.invoke(JUnitPlatformProvider.java:120)
	at org.apache.maven.surefire.booter.ForkedBooter.runSuitesInProcess(ForkedBooter.java:385)
	at org.apache.maven.surefire.booter.ForkedBooter.execute(ForkedBooter.java:162)
	at org.apache.maven.surefire.booter.ForkedBooter.run(ForkedBooter.java:507)
	at org.apache.maven.surefire.booter.ForkedBooter.main(ForkedBooter.java:495)
Caused by: org.apache.ratis.protocol.exceptions.NotReplicatedException: Request with call Id 77 and log index 97 is not yet replicated to ALL_COMMITTED
	at org.apache.ratis.client.impl.ClientProtoUtils.toRaftClientReply(ClientProtoUtils.java:400)
	at org.apache.ratis.grpc.client.GrpcClientProtocolClient$AsyncStreamObservers$1.onNext(GrpcClientProtocolClient.java:310)
	at org.apache.ratis.grpc.client.GrpcClientProtocolClient$AsyncStreamObservers$1.onNext(GrpcClientProtocolClient.java:305)
	at org.apache.ratis.thirdparty.io.grpc.stub.ClientCalls$StreamObserverToCallListenerAdapter.onMessage(ClientCalls.java:468)
	at org.apache.ratis.thirdparty.io.grpc.ForwardingClientCallListener.onMessage(ForwardingClientCallListener.java:33)
	at org.apache.ratis.thirdparty.io.grpc.internal.ClientCallImpl$ClientStreamListenerImpl$1MessagesAvailable.runInternal(ClientCallImpl.java:660)
	at org.apache.ratis.thirdparty.io.grpc.internal.ClientCallImpl$ClientStreamListenerImpl$1MessagesAvailable.runInContext(ClientCallImpl.java:647)
	at org.apache.ratis.thirdparty.io.grpc.internal.ContextRunnable.run(ContextRunnable.java:37)
	at org.apache.ratis.thirdparty.io.grpc.internal.SerializingExecutor.run(SerializingExecutor.java:133)
	at java.util.concurrent.ThreadPoolExecutor.runWorker(ThreadPoolExecutor.java:1149)
	at java.util.concurrent.ThreadPoolExecutor$Worker.run(ThreadPoolExecutor.java:624)
	at java.lang.Thread.run(Thread.java:750)
2023-12-28 09:10:10,157 [grpc-default-executor-4] WARN  server.GrpcLogAppender (LogUtils.java:warn(121)) - 3882d302-0766-4582-8526-483b5b0fafe4@group-0D882B591608->42fe86c5-ef4c-4426-bfd8-a8401ddf98d5-AppendLogResponseHandler: Failed appendEntries: org.apache.ratis.thirdparty.io.grpc.StatusRuntimeException: UNAVAILABLE: io exception
2023-12-28 09:10:10,157 [grpc-default-executor-2] WARN  server.GrpcLogAppender (LogUtils.java:warn(121)) - 3882d302-0766-4582-8526-483b5b0fafe4@group-0D882B591608->42fe86c5-ef4c-4426-bfd8-a8401ddf98d5-AppendLogResponseHandler: Failed appendEntries: org.apache.ratis.thirdparty.io.grpc.StatusRuntimeException: UNAVAILABLE: io exception
2023-12-28 09:10:10,158 [grpc-default-executor-4] WARN  server.GrpcLogAppender (GrpcLogAppender.java:resetClient(140)) - 3882d302-0766-4582-8526-483b5b0fafe4@group-0D882B591608->42fe86c5-ef4c-4426-bfd8-a8401ddf98d5-GrpcLogAppender: Follower failed and request == null,  keep nextIndex (3) unchanged and retry.
2023-12-28 09:10:10,158 [grpc-default-executor-2] WARN  server.GrpcLogAppender (GrpcLogAppender.java:resetClient(140)) - 3882d302-0766-4582-8526-483b5b0fafe4@group-0D882B591608->42fe86c5-ef4c-4426-bfd8-a8401ddf98d5-GrpcLogAppender: Follower failed and request == null,  keep nextIndex (3) unchanged and retry.
2023-12-28 09:10:10,542 [3882d302-0766-4582-8526-483b5b0fafe4@group-0D882B591608-LeaderStateImpl] WARN  server.RaftServer$Division (LeaderStateImpl.java:checkLeadership(1087)) - 3882d302-0766-4582-8526-483b5b0fafe4@group-0D882B591608-LeaderStateImpl: Lost leadership on term: 1. Election timeout: 5200ms. In charge for: 10673ms. Conf: 0: peers:[31ca3cec-ca1e-4771-b2d4-3cf5bbdf2d7e|10.1.0.14:15415, 3882d302-0766-4582-8526-483b5b0fafe4|10.1.0.14:15397, 42fe86c5-ef4c-4426-bfd8-a8401ddf98d5|10.1.0.14:15406]|listeners:[], old=null
2023-12-28 09:10:10,542 [3882d302-0766-4582-8526-483b5b0fafe4@group-0D882B591608-LeaderStateImpl] WARN  server.RaftServer$Division (LeaderStateImpl.java:lambda$checkLeadership$21(1091)) - Follower 3882d302-0766-4582-8526-483b5b0fafe4@group-0D882B591608->31ca3cec-ca1e-4771-b2d4-3cf5bbdf2d7e(c1,m2,n3, caughtUp=true, lastRpcSendTime=940, lastRpcResponseTime=10401)
2023-12-28 09:10:10,542 [3882d302-0766-4582-8526-483b5b0fafe4@group-0D882B591608-LeaderStateImpl] WARN  server.RaftServer$Division (LeaderStateImpl.java:lambda$checkLeadership$21(1091)) - Follower 3882d302-0766-4582-8526-483b5b0fafe4@group-0D882B591608->42fe86c5-ef4c-4426-bfd8-a8401ddf98d5(c2,m2,n3, caughtUp=true, lastRpcSendTime=383, lastRpcResponseTime=7898)
2023-12-28 09:10:10,542 [3882d302-0766-4582-8526-483b5b0fafe4@group-0D882B591608-LeaderStateImpl] INFO  server.RaftServer$Division (RaftServerImpl.java:setRole(379)) - 3882d302-0766-4582-8526-483b5b0fafe4@group-0D882B591608: changes role from    LEADER to FOLLOWER at term 1 for StepDownReason:LOST_MAJORITY_HEARTBEATS
2023-12-28 09:10:10,542 [3882d302-0766-4582-8526-483b5b0fafe4@group-0D882B591608-LeaderStateImpl] INFO  impl.RoleInfo (RoleInfo.java:shutdownLeaderState(94)) - 3882d302-0766-4582-8526-483b5b0fafe4: shutdown 3882d302-0766-4582-8526-483b5b0fafe4@group-0D882B591608-LeaderStateImpl
2023-12-28 09:10:10,542 [3882d302-0766-4582-8526-483b5b0fafe4@group-0D882B591608->31ca3cec-ca1e-4771-b2d4-3cf5bbdf2d7e-GrpcLogAppender-LogAppenderDaemon] WARN  server.GrpcLogAppender (GrpcLogAppender.java:mayWait(212)) - 3882d302-0766-4582-8526-483b5b0fafe4@group-0D882B591608->31ca3cec-ca1e-4771-b2d4-3cf5bbdf2d7e-GrpcLogAppender: Wait interrupted by java.lang.InterruptedException
2023-12-28 09:10:10,542 [3882d302-0766-4582-8526-483b5b0fafe4@group-0D882B591608-LeaderStateImpl] INFO  impl.PendingRequests (PendingRequests.java:sendNotLeaderResponses(289)) - 3882d302-0766-4582-8526-483b5b0fafe4@group-0D882B591608-PendingRequests: sendNotLeaderResponses
2023-12-28 09:10:10,542 [3882d302-0766-4582-8526-483b5b0fafe4@group-0D882B591608->42fe86c5-ef4c-4426-bfd8-a8401ddf98d5-GrpcLogAppender-LogAppenderDaemon] WARN  server.GrpcLogAppender (GrpcLogAppender.java:mayWait(212)) - 3882d302-0766-4582-8526-483b5b0fafe4@group-0D882B591608->42fe86c5-ef4c-4426-bfd8-a8401ddf98d5-GrpcLogAppender: Wait interrupted by java.lang.InterruptedException
2023-12-28 09:10:10,544 [null-request--thread1] INFO  server.GrpcClientProtocolService (GrpcClientProtocolService.java:lambda$processClientRequest$0(284)) - Failed RaftClientRequest:client-B466828ACBCE->3882d302-0766-4582-8526-483b5b0fafe4@group-0D882B591608, cid=78, seq=null, Watch-MAJORITY_COMMITTED(97), Message:<EMPTY>, reply=RaftClientReply:client-B466828ACBCE->3882d302-0766-4582-8526-483b5b0fafe4@group-0D882B591608, cid=78, FAILED org.apache.ratis.protocol.exceptions.NotLeaderException: Server 3882d302-0766-4582-8526-483b5b0fafe4@group-0D882B591608 is not the leader, logIndex=0, commits[3882d302-0766-4582-8526-483b5b0fafe4:c2, 31ca3cec-ca1e-4771-b2d4-3cf5bbdf2d7e:c1, 42fe86c5-ef4c-4426-bfd8-a8401ddf98d5:c2]
2023-12-28 09:10:10,545 [3882d302-0766-4582-8526-483b5b0fafe4@group-0D882B591608-LeaderStateImpl] INFO  server.RaftServer$Division (ServerState.java:setLeader(265)) - 3882d302-0766-4582-8526-483b5b0fafe4@group-0D882B591608: change Leader from 3882d302-0766-4582-8526-483b5b0fafe4 to null at term 1 for StepDownReason:LOST_MAJORITY_HEARTBEATS
2023-12-28 09:10:10,545 [3882d302-0766-4582-8526-483b5b0fafe4@group-0D882B591608-LeaderStateImpl] INFO  impl.RoleInfo (RoleInfo.java:updateAndGet(139)) - 3882d302-0766-4582-8526-483b5b0fafe4: start 3882d302-0766-4582-8526-483b5b0fafe4@group-0D882B591608-FollowerState
2023-12-28 09:10:11,146 [3882d302-0766-4582-8526-483b5b0fafe4-CloseContainerThread-0] INFO  commandhandler.CloseContainerCommandHandler (CloseContainerCommandHandler.java:lambda$handle$0(153)) - Follower cannot close container #1.
2023-12-28 09:10:12,665 [BackgroundPipelineScrubber] INFO  pipeline.PipelineManagerImpl (PipelineManagerImpl.java:scrubPipelines(610)) - Scrubbing pipeline: id: PipelineID=ac0b9b9d-6c10-481c-8fb0-0d882b591608 since it stays at CLOSED stage.
2023-12-28 09:10:12,665 [BackgroundPipelineScrubber] INFO  pipeline.RatisPipelineProvider (RatisPipelineProvider.java:lambda$close$4(272)) - Send pipeline:PipelineID=ac0b9b9d-6c10-481c-8fb0-0d882b591608 close command to datanode 31ca3cec-ca1e-4771-b2d4-3cf5bbdf2d7e
2023-12-28 09:10:12,665 [BackgroundPipelineScrubber] INFO  pipeline.RatisPipelineProvider (RatisPipelineProvider.java:lambda$close$4(272)) - Send pipeline:PipelineID=ac0b9b9d-6c10-481c-8fb0-0d882b591608 close command to datanode 42fe86c5-ef4c-4426-bfd8-a8401ddf98d5
2023-12-28 09:10:12,665 [BackgroundPipelineScrubber] INFO  pipeline.RatisPipelineProvider (RatisPipelineProvider.java:lambda$close$4(272)) - Send pipeline:PipelineID=ac0b9b9d-6c10-481c-8fb0-0d882b591608 close command to datanode 3882d302-0766-4582-8526-483b5b0fafe4
2023-12-28 09:10:12,666 [BackgroundPipelineScrubber] INFO  pipeline.PipelineManagerImpl (PipelineManagerImpl.java:removePipeline(459)) - Pipeline Pipeline[ Id: ac0b9b9d-6c10-481c-8fb0-0d882b591608, Nodes: 31ca3cec-ca1e-4771-b2d4-3cf5bbdf2d7e(fv-az1384-14.e3qrh24bduyexj1tcof5x1etkc.ex.internal.cloudapp.net/10.1.0.14)42fe86c5-ef4c-4426-bfd8-a8401ddf98d5(fv-az1384-14.e3qrh24bduyexj1tcof5x1etkc.ex.internal.cloudapp.net/10.1.0.14)3882d302-0766-4582-8526-483b5b0fafe4(fv-az1384-14.e3qrh24bduyexj1tcof5x1etkc.ex.internal.cloudapp.net/10.1.0.14), ReplicationConfig: RATIS/THREE, State:CLOSED, leaderId:3882d302-0766-4582-8526-483b5b0fafe4, CreationTimestamp2023-12-28T09:09:51.805Z[Etc/UTC]] removed.
2023-12-28 09:10:14,145 [3882d302-0766-4582-8526-483b5b0fafe4-PipelineCommandHandlerThread-0] INFO  server.RaftServer (RaftServerProxy.java:remove(111)) - 3882d302-0766-4582-8526-483b5b0fafe4: remove  FOLLOWER 3882d302-0766-4582-8526-483b5b0fafe4@group-0D882B591608:t1, leader=null, voted=3882d302-0766-4582-8526-483b5b0fafe4, raftlog=Memoized:3882d302-0766-4582-8526-483b5b0fafe4@group-0D882B591608-SegmentedRaftLog:OPENED:c2, conf=0: peers:[31ca3cec-ca1e-4771-b2d4-3cf5bbdf2d7e|10.1.0.14:15415, 3882d302-0766-4582-8526-483b5b0fafe4|10.1.0.14:15397, 42fe86c5-ef4c-4426-bfd8-a8401ddf98d5|10.1.0.14:15406]|listeners:[], old=null RUNNING
2023-12-28 09:10:14,145 [3882d302-0766-4582-8526-483b5b0fafe4-PipelineCommandHandlerThread-0] INFO  server.RaftServer$Division (RaftServerImpl.java:lambda$close$3(516)) - 3882d302-0766-4582-8526-483b5b0fafe4@group-0D882B591608: shutdown
2023-12-28 09:10:14,145 [3882d302-0766-4582-8526-483b5b0fafe4-PipelineCommandHandlerThread-0] INFO  util.JmxRegister (JmxRegister.java:unregister(73)) - Successfully un-registered JMX Bean with object name Ratis:service=RaftServer,group=group-0D882B591608,id=3882d302-0766-4582-8526-483b5b0fafe4
2023-12-28 09:10:14,145 [3882d302-0766-4582-8526-483b5b0fafe4-PipelineCommandHandlerThread-0] INFO  impl.RoleInfo (RoleInfo.java:shutdownFollowerState(110)) - 3882d302-0766-4582-8526-483b5b0fafe4: shutdown 3882d302-0766-4582-8526-483b5b0fafe4@group-0D882B591608-FollowerState
2023-12-28 09:10:14,145 [3882d302-0766-4582-8526-483b5b0fafe4-PipelineCommandHandlerThread-0] INFO  impl.StateMachineUpdater (StateMachineUpdater.java:stopAndJoin(157)) - 3882d302-0766-4582-8526-483b5b0fafe4@group-0D882B591608-StateMachineUpdater: set stopIndex = 2
2023-12-28 09:10:14,145 [3882d302-0766-4582-8526-483b5b0fafe4@group-0D882B591608-StateMachineUpdater] INFO  ratis.ContainerStateMachine (ContainerStateMachine.java:takeSnapshot(355)) - group-0D882B591608: Taking a snapshot at:(t:1, i:2) file /home/runner/work/ozone/ozone/hadoop-ozone/integration-test/target/test-dir/MiniOzoneClusterImpl-7619c237-1de6-4815-bbe2-f0b52dfbd5bc/datanode-3/data/ratis/ac0b9b9d-6c10-481c-8fb0-0d882b591608/sm/snapshot.1_2
2023-12-28 09:10:14,145 [3882d302-0766-4582-8526-483b5b0fafe4@group-0D882B591608-FollowerState] INFO  impl.FollowerState (FollowerState.java:run(152)) - 3882d302-0766-4582-8526-483b5b0fafe4@group-0D882B591608-FollowerState was interrupted
2023-12-28 09:10:14,146 [3882d302-0766-4582-8526-483b5b0fafe4@group-0D882B591608-StateMachineUpdater] INFO  ratis.ContainerStateMachine (ContainerStateMachine.java:takeSnapshot(366)) - group-0D882B591608: Finished taking a snapshot at:(t:1, i:2) file:/home/runner/work/ozone/ozone/hadoop-ozone/integration-test/target/test-dir/MiniOzoneClusterImpl-7619c237-1de6-4815-bbe2-f0b52dfbd5bc/datanode-3/data/ratis/ac0b9b9d-6c10-481c-8fb0-0d882b591608/sm/snapshot.1_2 took: 1 ms
2023-12-28 09:10:14,146 [3882d302-0766-4582-8526-483b5b0fafe4@group-0D882B591608-StateMachineUpdater] INFO  impl.StateMachineUpdater (StateMachineUpdater.java:takeSnapshot(295)) - 3882d302-0766-4582-8526-483b5b0fafe4@group-0D882B591608-StateMachineUpdater: Took a snapshot at index 2
2023-12-28 09:10:14,146 [3882d302-0766-4582-8526-483b5b0fafe4@group-0D882B591608-StateMachineUpdater] INFO  impl.StateMachineUpdater (StateMachineUpdater.java:lambda$new$0(98)) - 3882d302-0766-4582-8526-483b5b0fafe4@group-0D882B591608-StateMachineUpdater: snapshotIndex: updateIncreasingly -1 -> 2
2023-12-28 09:10:14,147 [3882d302-0766-4582-8526-483b5b0fafe4-PipelineCommandHandlerThread-0] INFO  server.RaftServer$Division (ServerState.java:close(423)) - 3882d302-0766-4582-8526-483b5b0fafe4@group-0D882B591608: applyIndex: 2
2023-12-28 09:10:14,147 [3882d302-0766-4582-8526-483b5b0fafe4@group-0D882B591608-cacheEviction-AwaitToRun] INFO  util.AwaitToRun (AwaitToRun.java:run(49)) - 3882d302-0766-4582-8526-483b5b0fafe4@group-0D882B591608-cacheEviction-AwaitToRun-AwaitForSignal is interrupted
2023-12-28 09:10:15,142 [3882d302-0766-4582-8526-483b5b0fafe4-PipelineCommandHandlerThread-0] INFO  segmented.SegmentedRaftLogWorker (SegmentedRaftLogWorker.java:close(243)) - 3882d302-0766-4582-8526-483b5b0fafe4@group-0D882B591608-SegmentedRaftLogWorker close()
2023-12-28 09:10:15,144 [3882d302-0766-4582-8526-483b5b0fafe4-PipelineCommandHandlerThread-0] INFO  keyvalue.KeyValueContainer (KeyValueContainer.java:flushAndSyncDB(522)) - Container 1 is synced with bcsId 0.
2023-12-28 09:10:15,144 [3882d302-0766-4582-8526-483b5b0fafe4-PipelineCommandHandlerThread-0] INFO  keyvalue.KeyValueContainer (KeyValueContainer.java:flushAndSyncDB(522)) - Container 1 is synced with bcsId 0.
2023-12-28 09:10:15,146 [3882d302-0766-4582-8526-483b5b0fafe4-PipelineCommandHandlerThread-0] INFO  server.RaftServer$Division (RaftServerImpl.java:groupRemove(486)) - 3882d302-0766-4582-8526-483b5b0fafe4@group-0D882B591608: Succeed to remove RaftStorageDirectory Storage Directory /home/runner/work/ozone/ozone/hadoop-ozone/integration-test/target/test-dir/MiniOzoneClusterImpl-7619c237-1de6-4815-bbe2-f0b52dfbd5bc/datanode-3/data/ratis/ac0b9b9d-6c10-481c-8fb0-0d882b591608
2023-12-28 09:10:15,146 [3882d302-0766-4582-8526-483b5b0fafe4-PipelineCommandHandlerThread-0] INFO  commandhandler.ClosePipelineCommandHandler (ClosePipelineCommandHandler.java:lambda$handle$0(87)) - Close Pipeline PipelineID=ac0b9b9d-6c10-481c-8fb0-0d882b591608 command on datanode 3882d302-0766-4582-8526-483b5b0fafe4.
2023-12-28 09:10:15,146 [FixedThreadPoolWithAffinityExecutor-9-0] INFO  container.IncrementalContainerReportHandler (AbstractContainerReportHandler.java:updateContainerState(287)) - Moving container #1 to QUASI_CLOSED state, datanode 3882d302-0766-4582-8526-483b5b0fafe4(fv-az1384-14.e3qrh24bduyexj1tcof5x1etkc.ex.internal.cloudapp.net/10.1.0.14) reported QUASI_CLOSED replica.
2023-12-28 09:10:25,777 [main] INFO  ozone.MiniOzoneClusterImpl (MiniOzoneClusterImpl.java:shutdown(450)) - Shutting down the Mini Ozone Cluster
2023-12-28 09:10:25,777 [main] INFO  ozone.MiniOzoneClusterImpl (MiniOzoneClusterImpl.java:stop(467)) - Stopping the Mini Ozone Cluster
2023-12-28 09:10:25,777 [main] INFO  om.OzoneManager (OzoneManager.java:stop(2206)) - om1[localhost:15360]: Stopping Ozone Manager
2023-12-28 09:10:25,777 [main] INFO  ipc.Server (Server.java:stop(3523)) - Stopping server on 15360
2023-12-28 09:10:25,779 [IPC Server listener on 15360] INFO  ipc.Server (Server.java:run(1434)) - Stopping IPC Server listener on 15360
2023-12-28 09:10:25,779 [IPC Server Responder] INFO  ipc.Server (Server.java:run(1567)) - Stopping IPC Server Responder
2023-12-28 09:10:25,780 [main] INFO  server.RaftServer (RaftServerProxy.java:lambda$close$9(416)) - om1: close
2023-12-28 09:10:25,781 [main] INFO  server.GrpcService (GrpcService.java:closeImpl(311)) - om1: shutdown server GrpcServerProtocolService now
2023-12-28 09:10:25,781 [om1-impl-thread1] INFO  server.RaftServer$Division (RaftServerImpl.java:lambda$close$3(516)) - om1@group-C5BA1605619E: shutdown
2023-12-28 09:10:25,782 [om1-impl-thread1] INFO  util.JmxRegister (JmxRegister.java:unregister(73)) - Successfully un-registered JMX Bean with object name Ratis:service=RaftServer,group=group-C5BA1605619E,id=om1
2023-12-28 09:10:25,782 [om1-impl-thread1] INFO  impl.RoleInfo (RoleInfo.java:shutdownLeaderState(94)) - om1: shutdown om1@group-C5BA1605619E-LeaderStateImpl
2023-12-28 09:10:25,782 [main] INFO  server.GrpcService (GrpcService.java:closeImpl(320)) - om1: shutdown server GrpcServerProtocolService successfully
2023-12-28 09:10:25,782 [om1-impl-thread1] INFO  impl.PendingRequests (PendingRequests.java:sendNotLeaderResponses(289)) - om1@group-C5BA1605619E-PendingRequests: sendNotLeaderResponses
2023-12-28 09:10:25,789 [om1-impl-thread1] INFO  impl.StateMachineUpdater (StateMachineUpdater.java:stopAndJoin(157)) - om1@group-C5BA1605619E-StateMachineUpdater: set stopIndex = 4
2023-12-28 09:10:25,789 [om1@group-C5BA1605619E-StateMachineUpdater] INFO  ratis.OzoneManagerStateMachine (OzoneManagerStateMachine.java:takeSnapshot(496)) - Current Snapshot Index (t:1, i:4)
2023-12-28 09:10:25,801 [om1@group-C5BA1605619E-StateMachineUpdater] INFO  impl.StateMachineUpdater (StateMachineUpdater.java:takeSnapshot(295)) - om1@group-C5BA1605619E-StateMachineUpdater: Took a snapshot at index 4
2023-12-28 09:10:25,801 [om1@group-C5BA1605619E-StateMachineUpdater] INFO  impl.StateMachineUpdater (StateMachineUpdater.java:lambda$new$0(98)) - om1@group-C5BA1605619E-StateMachineUpdater: snapshotIndex: updateIncreasingly -1 -> 4
2023-12-28 09:10:25,801 [om1@group-C5BA1605619E-StateMachineUpdater] INFO  ratis.OzoneManagerStateMachine (OzoneManagerStateMachine.java:close(546)) - StateMachine has shutdown. Shutdown OzoneManager if not already shutdown.
2023-12-28 09:10:25,801 [om1@group-C5BA1605619E-StateMachineUpdater] INFO  ratis.OzoneManagerDoubleBuffer (OzoneManagerDoubleBuffer.java:stopDaemon(554)) - Stopping OMDoubleBuffer flush thread
2023-12-28 09:10:25,802 [om1-OMDoubleBufferFlushThread] INFO  ratis.OzoneManagerDoubleBuffer (OzoneManagerDoubleBuffer.java:canFlush(640)) - OMDoubleBuffer flush thread om1-OMDoubleBufferFlushThread is interrupted and will exit.
2023-12-28 09:10:25,802 [om1@group-C5BA1605619E-StateMachineUpdater] INFO  ratis.OzoneManagerStateMachine (OzoneManagerStateMachine.java:stop(756)) - applyTransactionMap size 0 
2023-12-28 09:10:25,802 [om1@group-C5BA1605619E-StateMachineUpdater] INFO  ratis.OzoneManagerStateMachine (OzoneManagerStateMachine.java:stop(762)) - ratisTransactionMap size 0
2023-12-28 09:10:25,802 [om1-impl-thread1] INFO  server.RaftServer$Division (ServerState.java:close(423)) - om1@group-C5BA1605619E: applyIndex: 4
2023-12-28 09:10:25,802 [om1@group-C5BA1605619E-cacheEviction-AwaitToRun] INFO  util.AwaitToRun (AwaitToRun.java:run(49)) - om1@group-C5BA1605619E-cacheEviction-AwaitToRun-AwaitForSignal is interrupted
2023-12-28 09:10:26,114 [om1-impl-thread1] INFO  segmented.SegmentedRaftLogWorker (SegmentedRaftLogWorker.java:close(243)) - om1@group-C5BA1605619E-SegmentedRaftLogWorker close()
2023-12-28 09:10:26,115 [JvmPauseMonitor45] INFO  util.JvmPauseMonitor (JvmPauseMonitor.java:run(152)) - JvmPauseMonitor-om1: Stopped
2023-12-28 09:10:26,115 [main] INFO  ratis.OzoneManagerStateMachine (OzoneManagerStateMachine.java:close(546)) - StateMachine has shutdown. Shutdown OzoneManager if not already shutdown.
2023-12-28 09:10:26,115 [main] INFO  ratis.OzoneManagerDoubleBuffer (OzoneManagerDoubleBuffer.java:stopDaemon(563)) - OMDoubleBuffer flush thread is not running.
2023-12-28 09:10:26,115 [main] INFO  ratis.OzoneManagerStateMachine (OzoneManagerStateMachine.java:stop(756)) - applyTransactionMap size 0 
2023-12-28 09:10:26,115 [main] INFO  ratis.OzoneManagerStateMachine (OzoneManagerStateMachine.java:stop(762)) - ratisTransactionMap size 0
2023-12-28 09:10:26,116 [main] INFO  utils.BackgroundService (BackgroundService.java:shutdown(160)) - Shutting down service KeyDeletingService
2023-12-28 09:10:26,116 [main] INFO  utils.BackgroundService (BackgroundService.java:shutdown(160)) - Shutting down service DirectoryDeletingService
2023-12-28 09:10:26,116 [main] INFO  utils.BackgroundService (BackgroundService.java:shutdown(160)) - Shutting down service OpenKeyCleanupService
2023-12-28 09:10:26,116 [main] INFO  utils.BackgroundService (BackgroundService.java:shutdown(160)) - Shutting down service SstFilteringService
2023-12-28 09:10:26,116 [main] INFO  utils.BackgroundService (BackgroundService.java:shutdown(160)) - Shutting down service SnapshotDeletingService
2023-12-28 09:10:26,117 [main] INFO  utils.BackgroundService (BackgroundService.java:shutdown(160)) - Shutting down service MultipartUploadCleanupService
2023-12-28 09:10:26,117 [main] INFO  handler.ContextHandler (ContextHandler.java:doStop(1159)) - Stopped o.e.j.w.WebAppContext@4dc7f1e6{ozoneManager,/,null,STOPPED}{file:/home/runner/work/ozone/ozone/hadoop-ozone/integration-test/target/test-classes/webapps/ozoneManager}
2023-12-28 09:10:26,118 [main] INFO  server.AbstractConnector (AbstractConnector.java:doStop(383)) - Stopped ServerConnector@336d4bf4{HTTP/1.1, (http/1.1)}{0.0.0.0:15361}
2023-12-28 09:10:26,118 [main] INFO  server.session (HouseKeeper.java:stopScavenging(149)) - node0 Stopped scavenging
2023-12-28 09:10:26,118 [main] INFO  handler.ContextHandler (ContextHandler.java:doStop(1159)) - Stopped o.e.j.s.ServletContextHandler@669c0c64{static,/static,file:///home/runner/work/ozone/ozone/hadoop-ozone/integration-test/target/test-classes/webapps/static,STOPPED}
2023-12-28 09:10:26,118 [main] INFO  handler.ContextHandler (ContextHandler.java:doStop(1159)) - Stopped o.e.j.s.ServletContextHandler@21f4a752{logs,/logs,file:///home/runner/work/ozone/ozone/hadoop-ozone/integration-test/target/log,STOPPED}
2023-12-28 09:10:26,119 [main] INFO  rocksdiff.RocksDBCheckpointDiffer (RocksDBCheckpointDiffer.java:close(310)) - Shutting down CompactionDagPruningService.
2023-12-28 09:10:26,120 [main] INFO  snapshot.SnapshotDiffManager (SnapshotDiffManager.java:closeExecutorService(1688)) - Shutting down executorService: 'SnapDiffExecutor'
2023-12-28 09:10:26,120 [main] INFO  snapshot.SnapshotDiffManager (SnapshotDiffManager.java:closeExecutorService(1688)) - Shutting down executorService: 'SstDumpToolExecutor'
2023-12-28 09:10:26,120 [main] INFO  utils.BackgroundService (BackgroundService.java:shutdown(160)) - Shutting down service SnapshotDiffCleanupService
2023-12-28 09:10:26,121 [main] INFO  ozone.MiniOzoneClusterImpl (MiniOzoneClusterImpl.java:stopDatanodes(537)) - Stopping the HddsDatanodes
2023-12-28 09:10:26,125 [ForkJoinPool.commonPool-worker-0] INFO  ozoneimpl.OzoneContainer (OzoneContainer.java:stop(463)) - Attempting to stop container services.
2023-12-28 09:10:26,125 [ForkJoinPool.commonPool-worker-0] INFO  server.RaftServer (RaftServerProxy.java:lambda$close$9(416)) - 9b863e56-86de-43f6-b2a7-53906d690b33: close
2023-12-28 09:10:26,125 [ForkJoinPool.commonPool-worker-1] INFO  ozoneimpl.OzoneContainer (OzoneContainer.java:stop(463)) - Attempting to stop container services.
2023-12-28 09:10:26,125 [9b863e56-86de-43f6-b2a7-53906d690b33-impl-thread1] INFO  server.RaftServer$Division (RaftServerImpl.java:lambda$close$3(516)) - 9b863e56-86de-43f6-b2a7-53906d690b33@group-6193271B23AF: shutdown
2023-12-28 09:10:26,125 [9b863e56-86de-43f6-b2a7-53906d690b33-impl-thread1] INFO  util.JmxRegister (JmxRegister.java:unregister(73)) - Successfully un-registered JMX Bean with object name Ratis:service=RaftServer,group=group-6193271B23AF,id=9b863e56-86de-43f6-b2a7-53906d690b33
2023-12-28 09:10:26,125 [9b863e56-86de-43f6-b2a7-53906d690b33-impl-thread1] INFO  impl.RoleInfo (RoleInfo.java:shutdownLeaderState(94)) - 9b863e56-86de-43f6-b2a7-53906d690b33: shutdown 9b863e56-86de-43f6-b2a7-53906d690b33@group-6193271B23AF-LeaderStateImpl
2023-12-28 09:10:26,125 [9b863e56-86de-43f6-b2a7-53906d690b33-impl-thread1] INFO  impl.PendingRequests (PendingRequests.java:sendNotLeaderResponses(289)) - 9b863e56-86de-43f6-b2a7-53906d690b33@group-6193271B23AF-PendingRequests: sendNotLeaderResponses
2023-12-28 09:10:26,125 [9b863e56-86de-43f6-b2a7-53906d690b33-impl-thread2] INFO  server.RaftServer$Division (RaftServerImpl.java:lambda$close$3(516)) - 9b863e56-86de-43f6-b2a7-53906d690b33@group-CC541D257CA2: shutdown
2023-12-28 09:10:26,125 [9b863e56-86de-43f6-b2a7-53906d690b33-impl-thread2] INFO  util.JmxRegister (JmxRegister.java:unregister(73)) - Successfully un-registered JMX Bean with object name Ratis:service=RaftServer,group=group-CC541D257CA2,id=9b863e56-86de-43f6-b2a7-53906d690b33
2023-12-28 09:10:26,126 [9b863e56-86de-43f6-b2a7-53906d690b33-impl-thread2] INFO  impl.RoleInfo (RoleInfo.java:shutdownLeaderState(94)) - 9b863e56-86de-43f6-b2a7-53906d690b33: shutdown 9b863e56-86de-43f6-b2a7-53906d690b33@group-CC541D257CA2-LeaderStateImpl
2023-12-28 09:10:26,126 [9b863e56-86de-43f6-b2a7-53906d690b33@group-CC541D257CA2->3b28bb72-2ab1-44e1-a9b9-2481c9e85245-GrpcLogAppender-LogAppenderDaemon] WARN  server.GrpcLogAppender (GrpcLogAppender.java:mayWait(212)) - 9b863e56-86de-43f6-b2a7-53906d690b33@group-CC541D257CA2->3b28bb72-2ab1-44e1-a9b9-2481c9e85245-GrpcLogAppender: Wait interrupted by java.lang.InterruptedException
2023-12-28 09:10:26,126 [9b863e56-86de-43f6-b2a7-53906d690b33-impl-thread1] INFO  impl.StateMachineUpdater (StateMachineUpdater.java:stopAndJoin(157)) - 9b863e56-86de-43f6-b2a7-53906d690b33@group-6193271B23AF-StateMachineUpdater: set stopIndex = 0
2023-12-28 09:10:26,126 [9b863e56-86de-43f6-b2a7-53906d690b33@group-CC541D257CA2->d5d8acbd-90b5-4ada-8600-10487a3abfb2-GrpcLogAppender-LogAppenderDaemon] WARN  server.GrpcLogAppender (GrpcLogAppender.java:mayWait(212)) - 9b863e56-86de-43f6-b2a7-53906d690b33@group-CC541D257CA2->d5d8acbd-90b5-4ada-8600-10487a3abfb2-GrpcLogAppender: Wait interrupted by java.lang.InterruptedException
2023-12-28 09:10:26,126 [main] INFO  ozoneimpl.OzoneContainer (OzoneContainer.java:stop(463)) - Attempting to stop container services.
2023-12-28 09:10:26,126 [grpc-default-executor-0] INFO  server.GrpcServerProtocolService (GrpcServerProtocolService.java:onCompleted(157)) - d5d8acbd-90b5-4ada-8600-10487a3abfb2: Completed APPEND_ENTRIES, lastRequest: null
2023-12-28 09:10:26,125 [ForkJoinPool.commonPool-worker-2] INFO  ozoneimpl.OzoneContainer (OzoneContainer.java:stop(463)) - Attempting to stop container services.
2023-12-28 09:10:26,126 [grpc-default-executor-4] INFO  server.GrpcServerProtocolService (GrpcServerProtocolService.java:onCompleted(157)) - d5d8acbd-90b5-4ada-8600-10487a3abfb2: Completed APPEND_ENTRIES, lastRequest: 9b863e56-86de-43f6-b2a7-53906d690b33->d5d8acbd-90b5-4ada-8600-10487a3abfb2#1-t1,previous=(t:0, i:0),leaderCommit=-1,initializing? true,entries: size=1, first=(t:1, i:0), CONFIGURATIONENTRY(current:id: "3b28bb72-2ab1-44e1-a9b9-2481c9e85245"
address: "10.1.0.14:15370"
dataStreamAddress: "10.1.0.14:15371"
clientAddress: "10.1.0.14:15368"
adminAddress: "10.1.0.14:15369"
startupRole: FOLLOWER
,id: "d5d8acbd-90b5-4ada-8600-10487a3abfb2"
address: "10.1.0.14:15379"
dataStreamAddress: "10.1.0.14:15380"
clientAddress: "10.1.0.14:15377"
adminAddress: "10.1.0.14:15378"
startupRole: FOLLOWER
,id: "9b863e56-86de-43f6-b2a7-53906d690b33"
address: "10.1.0.14:15388"
priority: 1
dataStreamAddress: "10.1.0.14:15389"
clientAddress: "10.1.0.14:15386"
adminAddress: "10.1.0.14:15387"
startupRole: FOLLOWER
, old:)
2023-12-28 09:10:26,126 [9b863e56-86de-43f6-b2a7-53906d690b33@group-6193271B23AF-StateMachineUpdater] INFO  ratis.ContainerStateMachine (ContainerStateMachine.java:takeSnapshot(355)) - group-6193271B23AF: Taking a snapshot at:(t:1, i:0) file /home/runner/work/ozone/ozone/hadoop-ozone/integration-test/target/test-dir/MiniOzoneClusterImpl-7619c237-1de6-4815-bbe2-f0b52dfbd5bc/datanode-2/data/ratis/82d0baf4-e72c-4bb9-8206-6193271b23af/sm/snapshot.1_0
2023-12-28 09:10:26,127 [grpc-default-executor-2] INFO  server.GrpcServerProtocolService (GrpcServerProtocolService.java:onCompleted(157)) - 3b28bb72-2ab1-44e1-a9b9-2481c9e85245: Completed APPEND_ENTRIES, lastRequest: 9b863e56-86de-43f6-b2a7-53906d690b33->3b28bb72-2ab1-44e1-a9b9-2481c9e85245#1-t1,previous=(t:0, i:0),leaderCommit=-1,initializing? true,entries: size=1, first=(t:1, i:0), CONFIGURATIONENTRY(current:id: "3b28bb72-2ab1-44e1-a9b9-2481c9e85245"
address: "10.1.0.14:15370"
dataStreamAddress: "10.1.0.14:15371"
clientAddress: "10.1.0.14:15368"
adminAddress: "10.1.0.14:15369"
startupRole: FOLLOWER
,id: "d5d8acbd-90b5-4ada-8600-10487a3abfb2"
address: "10.1.0.14:15379"
dataStreamAddress: "10.1.0.14:15380"
clientAddress: "10.1.0.14:15377"
adminAddress: "10.1.0.14:15378"
startupRole: FOLLOWER
,id: "9b863e56-86de-43f6-b2a7-53906d690b33"
address: "10.1.0.14:15388"
priority: 1
dataStreamAddress: "10.1.0.14:15389"
clientAddress: "10.1.0.14:15386"
adminAddress: "10.1.0.14:15387"
startupRole: FOLLOWER
, old:)
2023-12-28 09:10:26,127 [grpc-default-executor-2] INFO  server.GrpcServerProtocolService (GrpcServerProtocolService.java:lambda$onCompleted$5(159)) - 3b28bb72-2ab1-44e1-a9b9-2481c9e85245: Completed APPEND_ENTRIES, lastReply: null
2023-12-28 09:10:26,127 [main] INFO  server.RaftServer (RaftServerProxy.java:lambda$close$9(416)) - 21dfb426-80a6-430d-8df8-fa8e3a5d9897: close
2023-12-28 09:10:26,127 [21dfb426-80a6-430d-8df8-fa8e3a5d9897-impl-thread1] INFO  server.RaftServer$Division (RaftServerImpl.java:lambda$close$3(516)) - 21dfb426-80a6-430d-8df8-fa8e3a5d9897@group-04EEFC7712D5: shutdown
2023-12-28 09:10:26,127 [21dfb426-80a6-430d-8df8-fa8e3a5d9897-impl-thread1] INFO  util.JmxRegister (JmxRegister.java:unregister(73)) - Successfully un-registered JMX Bean with object name Ratis:service=RaftServer,group=group-04EEFC7712D5,id=21dfb426-80a6-430d-8df8-fa8e3a5d9897
2023-12-28 09:10:26,127 [21dfb426-80a6-430d-8df8-fa8e3a5d9897-impl-thread1] INFO  impl.RoleInfo (RoleInfo.java:shutdownFollowerState(110)) - 21dfb426-80a6-430d-8df8-fa8e3a5d9897: shutdown 21dfb426-80a6-430d-8df8-fa8e3a5d9897@group-04EEFC7712D5-FollowerState
2023-12-28 09:10:26,127 [main] INFO  server.GrpcService (GrpcService.java:closeImpl(311)) - 21dfb426-80a6-430d-8df8-fa8e3a5d9897: shutdown server org.apache.ratis.grpc.server.GrpcClientProtocolService now
2023-12-28 09:10:26,127 [9b863e56-86de-43f6-b2a7-53906d690b33@group-6193271B23AF-StateMachineUpdater] INFO  ratis.ContainerStateMachine (ContainerStateMachine.java:takeSnapshot(366)) - group-6193271B23AF: Finished taking a snapshot at:(t:1, i:0) file:/home/runner/work/ozone/ozone/hadoop-ozone/integration-test/target/test-dir/MiniOzoneClusterImpl-7619c237-1de6-4815-bbe2-f0b52dfbd5bc/datanode-2/data/ratis/82d0baf4-e72c-4bb9-8206-6193271b23af/sm/snapshot.1_0 took: 1 ms
2023-12-28 09:10:26,127 [grpc-default-executor-1] INFO  server.GrpcLogAppender (GrpcLogAppender.java:onCompleted(469)) - 9b863e56-86de-43f6-b2a7-53906d690b33@group-CC541D257CA2->3b28bb72-2ab1-44e1-a9b9-2481c9e85245-AppendLogResponseHandler: follower responses appendEntries COMPLETED
2023-12-28 09:10:26,127 [grpc-default-executor-2] INFO  server.GrpcServerProtocolService (GrpcServerProtocolService.java:onCompleted(157)) - 3b28bb72-2ab1-44e1-a9b9-2481c9e85245: Completed APPEND_ENTRIES, lastRequest: null
2023-12-28 09:10:26,128 [21dfb426-80a6-430d-8df8-fa8e3a5d9897-impl-thread2] INFO  server.RaftServer$Division (RaftServerImpl.java:lambda$close$3(516)) - 21dfb426-80a6-430d-8df8-fa8e3a5d9897@group-41C77BB6D8F4: shutdown
2023-12-28 09:10:26,128 [21dfb426-80a6-430d-8df8-fa8e3a5d9897-impl-thread2] INFO  util.JmxRegister (JmxRegister.java:unregister(73)) - Successfully un-registered JMX Bean with object name Ratis:service=RaftServer,group=group-41C77BB6D8F4,id=21dfb426-80a6-430d-8df8-fa8e3a5d9897
2023-12-28 09:10:26,128 [grpc-default-executor-2] INFO  server.GrpcServerProtocolService (GrpcServerProtocolService.java:lambda$onCompleted$5(159)) - 3b28bb72-2ab1-44e1-a9b9-2481c9e85245: Completed APPEND_ENTRIES, lastReply: serverReply {
  requestorId: "9b863e56-86de-43f6-b2a7-53906d690b33"
  replyId: "3b28bb72-2ab1-44e1-a9b9-2481c9e85245"
  raftGroupId {
    id: "\272S|\030I\fF_\200q\314T\035%|\242"
  }
  callId: 14
  success: true
}
term: 1
nextIndex: 1
matchIndex: 18446744073709551615
isHearbeat: true

2023-12-28 09:10:26,128 [grpc-default-executor-2] INFO  server.GrpcLogAppender (GrpcLogAppender.java:onCompleted(469)) - 9b863e56-86de-43f6-b2a7-53906d690b33@group-CC541D257CA2->3b28bb72-2ab1-44e1-a9b9-2481c9e85245-AppendLogResponseHandler: follower responses appendEntries COMPLETED
2023-12-28 09:10:26,128 [main] INFO  server.GrpcService (GrpcService.java:closeImpl(320)) - 21dfb426-80a6-430d-8df8-fa8e3a5d9897: shutdown server org.apache.ratis.grpc.server.GrpcClientProtocolService successfully
2023-12-28 09:10:26,128 [main] INFO  server.GrpcService (GrpcService.java:closeImpl(311)) - 21dfb426-80a6-430d-8df8-fa8e3a5d9897: shutdown server GrpcServerProtocolService now
2023-12-28 09:10:26,129 [grpc-default-executor-1] WARN  server.GrpcServerProtocolService (LogUtils.java:warn(121)) - 21dfb426-80a6-430d-8df8-fa8e3a5d9897: APPEND_ENTRIES onError, lastRequest: ebae719b-f625-4368-8547-482f3752b4ca->21dfb426-80a6-430d-8df8-fa8e3a5d9897#1-t1,previous=(t:0, i:0),leaderCommit=-1,initializing? true,entries: size=1, first=(t:1, i:0), CONFIGURATIONENTRY(current:id: "21dfb426-80a6-430d-8df8-fa8e3a5d9897"
address: "10.1.0.14:15433"
dataStreamAddress: "10.1.0.14:15434"
clientAddress: "10.1.0.14:15431"
adminAddress: "10.1.0.14:15432"
startupRole: FOLLOWER
,id: "ebae719b-f625-4368-8547-482f3752b4ca"
address: "10.1.0.14:15442"
priority: 1
dataStreamAddress: "10.1.0.14:15443"
clientAddress: "10.1.0.14:15440"
adminAddress: "10.1.0.14:15441"
startupRole: FOLLOWER
,id: "4a7d4f9e-b840-4b9b-8b00-1e8f80dcf0e2"
address: "10.1.0.14:15424"
dataStreamAddress: "10.1.0.14:15425"
clientAddress: "10.1.0.14:15422"
adminAddress: "10.1.0.14:15423"
startupRole: FOLLOWER
, old:): org.apache.ratis.thirdparty.io.grpc.StatusRuntimeException: CANCELLED: client cancelled
2023-12-28 09:10:26,126 [9b863e56-86de-43f6-b2a7-53906d690b33-impl-thread2] INFO  impl.PendingRequests (PendingRequests.java:sendNotLeaderResponses(289)) - 9b863e56-86de-43f6-b2a7-53906d690b33@group-CC541D257CA2-PendingRequests: sendNotLeaderResponses
2023-12-28 09:10:26,125 [ForkJoinPool.commonPool-worker-1] INFO  server.RaftServer (RaftServerProxy.java:lambda$close$9(416)) - d5d8acbd-90b5-4ada-8600-10487a3abfb2: close
2023-12-28 09:10:26,131 [grpc-default-executor-2] WARN  server.GrpcLogAppender (LogUtils.java:warn(121)) - ebae719b-f625-4368-8547-482f3752b4ca@group-04EEFC7712D5->21dfb426-80a6-430d-8df8-fa8e3a5d9897-AppendLogResponseHandler: Failed appendEntries: org.apache.ratis.thirdparty.io.grpc.StatusRuntimeException: CANCELLED: RST_STREAM closed stream. HTTP/2 error code: CANCEL
2023-12-28 09:10:26,125 [ForkJoinPool.commonPool-worker-0] INFO  server.GrpcService (GrpcService.java:closeImpl(311)) - 9b863e56-86de-43f6-b2a7-53906d690b33: shutdown server org.apache.ratis.grpc.server.GrpcClientProtocolService now
2023-12-28 09:10:26,131 [grpc-default-executor-6] WARN  server.GrpcServerProtocolService (LogUtils.java:warn(121)) - 21dfb426-80a6-430d-8df8-fa8e3a5d9897: APPEND_ENTRIES onError, lastRequest: null: org.apache.ratis.thirdparty.io.grpc.StatusRuntimeException: CANCELLED: client cancelled
2023-12-28 09:10:26,131 [main] INFO  server.GrpcService (GrpcService.java:closeImpl(320)) - 21dfb426-80a6-430d-8df8-fa8e3a5d9897: shutdown server GrpcServerProtocolService successfully
2023-12-28 09:10:26,131 [main] INFO  server.GrpcService (GrpcService.java:closeImpl(311)) - 21dfb426-80a6-430d-8df8-fa8e3a5d9897: shutdown server org.apache.ratis.grpc.server.GrpcAdminProtocolService now
2023-12-28 09:10:26,131 [d5d8acbd-90b5-4ada-8600-10487a3abfb2-impl-thread1] INFO  server.RaftServer$Division (RaftServerImpl.java:lambda$close$3(516)) - d5d8acbd-90b5-4ada-8600-10487a3abfb2@group-22CAD8B529E3: shutdown
2023-12-28 09:10:26,131 [d5d8acbd-90b5-4ada-8600-10487a3abfb2-impl-thread1] INFO  util.JmxRegister (JmxRegister.java:unregister(73)) - Successfully un-registered JMX Bean with object name Ratis:service=RaftServer,group=group-22CAD8B529E3,id=d5d8acbd-90b5-4ada-8600-10487a3abfb2
2023-12-28 09:10:26,131 [d5d8acbd-90b5-4ada-8600-10487a3abfb2-impl-thread1] INFO  impl.RoleInfo (RoleInfo.java:shutdownLeaderState(94)) - d5d8acbd-90b5-4ada-8600-10487a3abfb2: shutdown d5d8acbd-90b5-4ada-8600-10487a3abfb2@group-22CAD8B529E3-LeaderStateImpl
2023-12-28 09:10:26,132 [d5d8acbd-90b5-4ada-8600-10487a3abfb2-impl-thread1] INFO  impl.PendingRequests (PendingRequests.java:sendNotLeaderResponses(289)) - d5d8acbd-90b5-4ada-8600-10487a3abfb2@group-22CAD8B529E3-PendingRequests: sendNotLeaderResponses
2023-12-28 09:10:26,132 [ForkJoinPool.commonPool-worker-1] INFO  server.GrpcService (GrpcService.java:closeImpl(311)) - d5d8acbd-90b5-4ada-8600-10487a3abfb2: shutdown server org.apache.ratis.grpc.server.GrpcClientProtocolService now
2023-12-28 09:10:26,131 [9b863e56-86de-43f6-b2a7-53906d690b33-impl-thread2] INFO  impl.StateMachineUpdater (StateMachineUpdater.java:stopAndJoin(157)) - 9b863e56-86de-43f6-b2a7-53906d690b33@group-CC541D257CA2-StateMachineUpdater: set stopIndex = 0
2023-12-28 09:10:26,132 [d5d8acbd-90b5-4ada-8600-10487a3abfb2-impl-thread2] INFO  server.RaftServer$Division (RaftServerImpl.java:lambda$close$3(516)) - d5d8acbd-90b5-4ada-8600-10487a3abfb2@group-CC541D257CA2: shutdown
2023-12-28 09:10:26,132 [d5d8acbd-90b5-4ada-8600-10487a3abfb2-impl-thread1] INFO  impl.StateMachineUpdater (StateMachineUpdater.java:stopAndJoin(157)) - d5d8acbd-90b5-4ada-8600-10487a3abfb2@group-22CAD8B529E3-StateMachineUpdater: set stopIndex = 0
2023-12-28 09:10:26,132 [d5d8acbd-90b5-4ada-8600-10487a3abfb2@group-22CAD8B529E3-StateMachineUpdater] INFO  ratis.ContainerStateMachine (ContainerStateMachine.java:takeSnapshot(355)) - group-22CAD8B529E3: Taking a snapshot at:(t:1, i:0) file /home/runner/work/ozone/ozone/hadoop-ozone/integration-test/target/test-dir/MiniOzoneClusterImpl-7619c237-1de6-4815-bbe2-f0b52dfbd5bc/datanode-1/data/ratis/536f55ad-3429-48bf-ad0f-22cad8b529e3/sm/snapshot.1_0
2023-12-28 09:10:26,131 [9b863e56-86de-43f6-b2a7-53906d690b33@group-CC541D257CA2-StateMachineUpdater] INFO  ratis.ContainerStateMachine (ContainerStateMachine.java:takeSnapshot(355)) - group-CC541D257CA2: Taking a snapshot at:(t:1, i:0) file /home/runner/work/ozone/ozone/hadoop-ozone/integration-test/target/test-dir/MiniOzoneClusterImpl-7619c237-1de6-4815-bbe2-f0b52dfbd5bc/datanode-2/data/ratis/ba537c18-490c-465f-8071-cc541d257ca2/sm/snapshot.1_0
2023-12-28 09:10:26,131 [grpc-default-executor-2] WARN  server.GrpcLogAppender (GrpcLogAppender.java:resetClient(140)) - ebae719b-f625-4368-8547-482f3752b4ca@group-04EEFC7712D5->21dfb426-80a6-430d-8df8-fa8e3a5d9897-GrpcLogAppender: Follower failed and request == null,  keep nextIndex (1) unchanged and retry.
2023-12-28 09:10:26,128 [21dfb426-80a6-430d-8df8-fa8e3a5d9897-impl-thread2] INFO  impl.RoleInfo (RoleInfo.java:shutdownLeaderState(94)) - 21dfb426-80a6-430d-8df8-fa8e3a5d9897: shutdown 21dfb426-80a6-430d-8df8-fa8e3a5d9897@group-41C77BB6D8F4-LeaderStateImpl
2023-12-28 09:10:26,136 [21dfb426-80a6-430d-8df8-fa8e3a5d9897-impl-thread2] INFO  impl.PendingRequests (PendingRequests.java:sendNotLeaderResponses(289)) - 21dfb426-80a6-430d-8df8-fa8e3a5d9897@group-41C77BB6D8F4-PendingRequests: sendNotLeaderResponses
2023-12-28 09:10:26,136 [ForkJoinPool.commonPool-worker-1] INFO  server.GrpcService (GrpcService.java:closeImpl(320)) - d5d8acbd-90b5-4ada-8600-10487a3abfb2: shutdown server org.apache.ratis.grpc.server.GrpcClientProtocolService successfully
2023-12-28 09:10:26,136 [ForkJoinPool.commonPool-worker-1] INFO  server.GrpcService (GrpcService.java:closeImpl(311)) - d5d8acbd-90b5-4ada-8600-10487a3abfb2: shutdown server GrpcServerProtocolService now
2023-12-28 09:10:26,136 [21dfb426-80a6-430d-8df8-fa8e3a5d9897-impl-thread2] INFO  impl.StateMachineUpdater (StateMachineUpdater.java:stopAndJoin(157)) - 21dfb426-80a6-430d-8df8-fa8e3a5d9897@group-41C77BB6D8F4-StateMachineUpdater: set stopIndex = 0
2023-12-28 09:10:26,136 [21dfb426-80a6-430d-8df8-fa8e3a5d9897@group-41C77BB6D8F4-StateMachineUpdater] INFO  ratis.ContainerStateMachine (ContainerStateMachine.java:takeSnapshot(355)) - group-41C77BB6D8F4: Taking a snapshot at:(t:1, i:0) file /home/runner/work/ozone/ozone/hadoop-ozone/integration-test/target/test-dir/MiniOzoneClusterImpl-7619c237-1de6-4815-bbe2-f0b52dfbd5bc/datanode-7/data/ratis/76485ba3-e9ff-419d-a7be-41c77bb6d8f4/sm/snapshot.1_0
2023-12-28 09:10:26,136 [21dfb426-80a6-430d-8df8-fa8e3a5d9897@group-41C77BB6D8F4-StateMachineUpdater] INFO  ratis.ContainerStateMachine (ContainerStateMachine.java:takeSnapshot(366)) - group-41C77BB6D8F4: Finished taking a snapshot at:(t:1, i:0) file:/home/runner/work/ozone/ozone/hadoop-ozone/integration-test/target/test-dir/MiniOzoneClusterImpl-7619c237-1de6-4815-bbe2-f0b52dfbd5bc/datanode-7/data/ratis/76485ba3-e9ff-419d-a7be-41c77bb6d8f4/sm/snapshot.1_0 took: 1 ms
2023-12-28 09:10:26,127 [9b863e56-86de-43f6-b2a7-53906d690b33@group-6193271B23AF-StateMachineUpdater] INFO  impl.StateMachineUpdater (StateMachineUpdater.java:takeSnapshot(295)) - 9b863e56-86de-43f6-b2a7-53906d690b33@group-6193271B23AF-StateMachineUpdater: Took a snapshot at index 0
2023-12-28 09:10:26,136 [9b863e56-86de-43f6-b2a7-53906d690b33@group-6193271B23AF-StateMachineUpdater] INFO  impl.StateMachineUpdater (StateMachineUpdater.java:lambda$new$0(98)) - 9b863e56-86de-43f6-b2a7-53906d690b33@group-6193271B23AF-StateMachineUpdater: snapshotIndex: updateIncreasingly -1 -> 0
2023-12-28 09:10:26,137 [21dfb426-80a6-430d-8df8-fa8e3a5d9897@group-41C77BB6D8F4-StateMachineUpdater] INFO  impl.StateMachineUpdater (StateMachineUpdater.java:takeSnapshot(295)) - 21dfb426-80a6-430d-8df8-fa8e3a5d9897@group-41C77BB6D8F4-StateMachineUpdater: Took a snapshot at index 0
2023-12-28 09:10:26,137 [21dfb426-80a6-430d-8df8-fa8e3a5d9897@group-41C77BB6D8F4-StateMachineUpdater] INFO  impl.StateMachineUpdater (StateMachineUpdater.java:lambda$new$0(98)) - 21dfb426-80a6-430d-8df8-fa8e3a5d9897@group-41C77BB6D8F4-StateMachineUpdater: snapshotIndex: updateIncreasingly -1 -> 0
2023-12-28 09:10:26,137 [grpc-default-executor-1] INFO  server.GrpcLogAppender (GrpcLogAppender.java:onError(457)) - 9b863e56-86de-43f6-b2a7-53906d690b33@group-CC541D257CA2->d5d8acbd-90b5-4ada-8600-10487a3abfb2-GrpcLogAppender is already stopped
2023-12-28 09:10:26,127 [21dfb426-80a6-430d-8df8-fa8e3a5d9897@group-04EEFC7712D5-StateMachineUpdater] INFO  ratis.ContainerStateMachine (ContainerStateMachine.java:takeSnapshot(355)) - group-04EEFC7712D5: Taking a snapshot at:(t:1, i:0) file /home/runner/work/ozone/ozone/hadoop-ozone/integration-test/target/test-dir/MiniOzoneClusterImpl-7619c237-1de6-4815-bbe2-f0b52dfbd5bc/datanode-7/data/ratis/adc176ae-bfd8-40be-beb4-04eefc7712d5/sm/snapshot.1_0
2023-12-28 09:10:26,127 [21dfb426-80a6-430d-8df8-fa8e3a5d9897@group-04EEFC7712D5-FollowerState] INFO  impl.FollowerState (FollowerState.java:run(152)) - 21dfb426-80a6-430d-8df8-fa8e3a5d9897@group-04EEFC7712D5-FollowerState was interrupted
2023-12-28 09:10:26,127 [21dfb426-80a6-430d-8df8-fa8e3a5d9897-impl-thread1] INFO  impl.StateMachineUpdater (StateMachineUpdater.java:stopAndJoin(157)) - 21dfb426-80a6-430d-8df8-fa8e3a5d9897@group-04EEFC7712D5-StateMachineUpdater: set stopIndex = 0
2023-12-28 09:10:26,127 [ForkJoinPool.commonPool-worker-2] INFO  server.RaftServer (RaftServerProxy.java:lambda$close$9(416)) - 3b28bb72-2ab1-44e1-a9b9-2481c9e85245: close
2023-12-28 09:10:26,138 [21dfb426-80a6-430d-8df8-fa8e3a5d9897@group-04EEFC7712D5-StateMachineUpdater] INFO  ratis.ContainerStateMachine (ContainerStateMachine.java:takeSnapshot(366)) - group-04EEFC7712D5: Finished taking a snapshot at:(t:1, i:0) file:/home/runner/work/ozone/ozone/hadoop-ozone/integration-test/target/test-dir/MiniOzoneClusterImpl-7619c237-1de6-4815-bbe2-f0b52dfbd5bc/datanode-7/data/ratis/adc176ae-bfd8-40be-beb4-04eefc7712d5/sm/snapshot.1_0 took: 11 ms
2023-12-28 09:10:26,138 [21dfb426-80a6-430d-8df8-fa8e3a5d9897@group-04EEFC7712D5-StateMachineUpdater] INFO  impl.StateMachineUpdater (StateMachineUpdater.java:takeSnapshot(295)) - 21dfb426-80a6-430d-8df8-fa8e3a5d9897@group-04EEFC7712D5-StateMachineUpdater: Took a snapshot at index 0
2023-12-28 09:10:26,138 [21dfb426-80a6-430d-8df8-fa8e3a5d9897@group-04EEFC7712D5-StateMachineUpdater] INFO  impl.StateMachineUpdater (StateMachineUpdater.java:lambda$new$0(98)) - 21dfb426-80a6-430d-8df8-fa8e3a5d9897@group-04EEFC7712D5-StateMachineUpdater: snapshotIndex: updateIncreasingly -1 -> 0
2023-12-28 09:10:26,126 [grpc-default-executor-0] INFO  server.GrpcServerProtocolService (GrpcServerProtocolService.java:lambda$onCompleted$5(159)) - d5d8acbd-90b5-4ada-8600-10487a3abfb2: Completed APPEND_ENTRIES, lastReply: serverReply {
  requestorId: "9b863e56-86de-43f6-b2a7-53906d690b33"
  replyId: "d5d8acbd-90b5-4ada-8600-10487a3abfb2"
  raftGroupId {
    id: "\272S|\030I\fF_\200q\314T\035%|\242"
  }
  callId: 14
  success: true
}
term: 1
nextIndex: 1
matchIndex: 18446744073709551615
isHearbeat: true

2023-12-28 09:10:26,126 [grpc-default-executor-4] INFO  server.GrpcServerProtocolService (GrpcServerProtocolService.java:lambda$onCompleted$5(159)) - d5d8acbd-90b5-4ada-8600-10487a3abfb2: Completed APPEND_ENTRIES, lastReply: null
2023-12-28 09:10:26,135 [9b863e56-86de-43f6-b2a7-53906d690b33@group-CC541D257CA2-StateMachineUpdater] INFO  ratis.ContainerStateMachine (ContainerStateMachine.java:takeSnapshot(366)) - group-CC541D257CA2: Finished taking a snapshot at:(t:1, i:0) file:/home/runner/work/ozone/ozone/hadoop-ozone/integration-test/target/test-dir/MiniOzoneClusterImpl-7619c237-1de6-4815-bbe2-f0b52dfbd5bc/datanode-2/data/ratis/ba537c18-490c-465f-8071-cc541d257ca2/sm/snapshot.1_0 took: 5 ms
2023-12-28 09:10:26,139 [9b863e56-86de-43f6-b2a7-53906d690b33@group-CC541D257CA2-StateMachineUpdater] INFO  impl.StateMachineUpdater (StateMachineUpdater.java:takeSnapshot(295)) - 9b863e56-86de-43f6-b2a7-53906d690b33@group-CC541D257CA2-StateMachineUpdater: Took a snapshot at index 0
2023-12-28 09:10:26,139 [9b863e56-86de-43f6-b2a7-53906d690b33@group-CC541D257CA2-StateMachineUpdater] INFO  impl.StateMachineUpdater (StateMachineUpdater.java:lambda$new$0(98)) - 9b863e56-86de-43f6-b2a7-53906d690b33@group-CC541D257CA2-StateMachineUpdater: snapshotIndex: updateIncreasingly -1 -> 0
2023-12-28 09:10:26,139 [9b863e56-86de-43f6-b2a7-53906d690b33-impl-thread2] INFO  server.RaftServer$Division (ServerState.java:close(423)) - 9b863e56-86de-43f6-b2a7-53906d690b33@group-CC541D257CA2: applyIndex: 0
2023-12-28 09:10:26,139 [main] INFO  server.GrpcService (GrpcService.java:closeImpl(320)) - 21dfb426-80a6-430d-8df8-fa8e3a5d9897: shutdown server org.apache.ratis.grpc.server.GrpcAdminProtocolService successfully
2023-12-28 09:10:26,139 [21dfb426-80a6-430d-8df8-fa8e3a5d9897-NettyServerStreamRpc-bossGroup--thread1] INFO  logging.LoggingHandler (AbstractInternalLogger.java:log(148)) - [id: 0xb37a8f23, L:/0.0.0.0:15434] CLOSE
2023-12-28 09:10:26,139 [21dfb426-80a6-430d-8df8-fa8e3a5d9897-NettyServerStreamRpc-bossGroup--thread1] INFO  logging.LoggingHandler (AbstractInternalLogger.java:log(148)) - [id: 0xb37a8f23, L:/0.0.0.0:15434] INACTIVE
2023-12-28 09:10:26,140 [21dfb426-80a6-430d-8df8-fa8e3a5d9897-NettyServerStreamRpc-bossGroup--thread1] INFO  logging.LoggingHandler (AbstractInternalLogger.java:log(148)) - [id: 0xb37a8f23, L:/0.0.0.0:15434] UNREGISTERED
2023-12-28 09:10:26,140 [21dfb426-80a6-430d-8df8-fa8e3a5d9897-impl-thread2] INFO  server.RaftServer$Division (ServerState.java:close(423)) - 21dfb426-80a6-430d-8df8-fa8e3a5d9897@group-41C77BB6D8F4: applyIndex: 0
2023-12-28 09:10:26,140 [ForkJoinPool.commonPool-worker-1] INFO  server.GrpcService (GrpcService.java:closeImpl(320)) - d5d8acbd-90b5-4ada-8600-10487a3abfb2: shutdown server GrpcServerProtocolService successfully
2023-12-28 09:10:26,140 [ForkJoinPool.commonPool-worker-1] INFO  server.GrpcService (GrpcService.java:closeImpl(311)) - d5d8acbd-90b5-4ada-8600-10487a3abfb2: shutdown server org.apache.ratis.grpc.server.GrpcAdminProtocolService now
2023-12-28 09:10:26,140 [3b28bb72-2ab1-44e1-a9b9-2481c9e85245-impl-thread2] INFO  server.RaftServer$Division (RaftServerImpl.java:lambda$close$3(516)) - 3b28bb72-2ab1-44e1-a9b9-2481c9e85245@group-CC541D257CA2: shutdown
2023-12-28 09:10:26,140 [3b28bb72-2ab1-44e1-a9b9-2481c9e85245-impl-thread2] INFO  util.JmxRegister (JmxRegister.java:unregister(73)) - Successfully un-registered JMX Bean with object name Ratis:service=RaftServer,group=group-CC541D257CA2,id=3b28bb72-2ab1-44e1-a9b9-2481c9e85245
2023-12-28 09:10:26,140 [3b28bb72-2ab1-44e1-a9b9-2481c9e85245-impl-thread2] INFO  impl.RoleInfo (RoleInfo.java:shutdownFollowerState(110)) - 3b28bb72-2ab1-44e1-a9b9-2481c9e85245: shutdown 3b28bb72-2ab1-44e1-a9b9-2481c9e85245@group-CC541D257CA2-FollowerState
2023-12-28 09:10:26,133 [Thread-4635] INFO  server.GrpcServerProtocolClient (GrpcServerProtocolClient.java:close(103)) - d5d8acbd-90b5-4ada-8600-10487a3abfb2 Close channels
2023-12-28 09:10:26,132 [Thread-4632] INFO  server.GrpcServerProtocolClient (GrpcServerProtocolClient.java:close(103)) - 3b28bb72-2ab1-44e1-a9b9-2481c9e85245 Close channels
2023-12-28 09:10:26,132 [grpc-default-executor-6] WARN  server.GrpcLogAppender (LogUtils.java:warn(121)) - ebae719b-f625-4368-8547-482f3752b4ca@group-04EEFC7712D5->21dfb426-80a6-430d-8df8-fa8e3a5d9897-AppendLogResponseHandler: Failed appendEntries: org.apache.ratis.thirdparty.io.grpc.StatusRuntimeException: CANCELLED: RST_STREAM closed stream. HTTP/2 error code: CANCEL
2023-12-28 09:10:26,132 [d5d8acbd-90b5-4ada-8600-10487a3abfb2-impl-thread2] INFO  util.JmxRegister (JmxRegister.java:unregister(73)) - Successfully un-registered JMX Bean with object name Ratis:service=RaftServer,group=group-CC541D257CA2,id=d5d8acbd-90b5-4ada-8600-10487a3abfb2
2023-12-28 09:10:26,143 [grpc-default-executor-6] WARN  server.GrpcLogAppender (GrpcLogAppender.java:resetClient(140)) - ebae719b-f625-4368-8547-482f3752b4ca@group-04EEFC7712D5->21dfb426-80a6-430d-8df8-fa8e3a5d9897-GrpcLogAppender: Follower failed and request == null,  keep nextIndex (1) unchanged and retry.
2023-12-28 09:10:26,143 [d5d8acbd-90b5-4ada-8600-10487a3abfb2-impl-thread2] INFO  impl.RoleInfo (RoleInfo.java:shutdownFollowerState(110)) - d5d8acbd-90b5-4ada-8600-10487a3abfb2: shutdown d5d8acbd-90b5-4ada-8600-10487a3abfb2@group-CC541D257CA2-FollowerState
2023-12-28 09:10:26,142 [9b863e56-86de-43f6-b2a7-53906d690b33-impl-thread1] INFO  server.RaftServer$Division (ServerState.java:close(423)) - 9b863e56-86de-43f6-b2a7-53906d690b33@group-6193271B23AF: applyIndex: 0
2023-12-28 09:10:26,139 [3b28bb72-2ab1-44e1-a9b9-2481c9e85245-impl-thread1] INFO  server.RaftServer$Division (RaftServerImpl.java:lambda$close$3(516)) - 3b28bb72-2ab1-44e1-a9b9-2481c9e85245@group-BA4465FE1F69: shutdown
2023-12-28 09:10:26,143 [3b28bb72-2ab1-44e1-a9b9-2481c9e85245-impl-thread1] INFO  util.JmxRegister (JmxRegister.java:unregister(73)) - Successfully un-registered JMX Bean with object name Ratis:service=RaftServer,group=group-BA4465FE1F69,id=3b28bb72-2ab1-44e1-a9b9-2481c9e85245
2023-12-28 09:10:26,139 [ForkJoinPool.commonPool-worker-2] INFO  server.GrpcService (GrpcService.java:closeImpl(311)) - 3b28bb72-2ab1-44e1-a9b9-2481c9e85245: shutdown server org.apache.ratis.grpc.server.GrpcClientProtocolService now
2023-12-28 09:10:26,139 [9b863e56-86de-43f6-b2a7-53906d690b33@group-CC541D257CA2-cacheEviction-AwaitToRun] INFO  util.AwaitToRun (AwaitToRun.java:run(49)) - 9b863e56-86de-43f6-b2a7-53906d690b33@group-CC541D257CA2-cacheEviction-AwaitToRun-AwaitForSignal is interrupted
2023-12-28 09:10:26,139 [21dfb426-80a6-430d-8df8-fa8e3a5d9897-impl-thread1] INFO  server.RaftServer$Division (ServerState.java:close(423)) - 21dfb426-80a6-430d-8df8-fa8e3a5d9897@group-04EEFC7712D5: applyIndex: 0
2023-12-28 09:10:26,139 [d5d8acbd-90b5-4ada-8600-10487a3abfb2@group-22CAD8B529E3-StateMachineUpdater] INFO  ratis.ContainerStateMachine (ContainerStateMachine.java:takeSnapshot(366)) - group-22CAD8B529E3: Finished taking a snapshot at:(t:1, i:0) file:/home/runner/work/ozone/ozone/hadoop-ozone/integration-test/target/test-dir/MiniOzoneClusterImpl-7619c237-1de6-4815-bbe2-f0b52dfbd5bc/datanode-1/data/ratis/536f55ad-3429-48bf-ad0f-22cad8b529e3/sm/snapshot.1_0 took: 7 ms
2023-12-28 09:10:26,143 [3b28bb72-2ab1-44e1-a9b9-2481c9e85245-impl-thread1] INFO  impl.RoleInfo (RoleInfo.java:shutdownLeaderState(94)) - 3b28bb72-2ab1-44e1-a9b9-2481c9e85245: shutdown 3b28bb72-2ab1-44e1-a9b9-2481c9e85245@group-BA4465FE1F69-LeaderStateImpl
2023-12-28 09:10:26,143 [d5d8acbd-90b5-4ada-8600-10487a3abfb2@group-22CAD8B529E3-StateMachineUpdater] INFO  impl.StateMachineUpdater (StateMachineUpdater.java:takeSnapshot(295)) - d5d8acbd-90b5-4ada-8600-10487a3abfb2@group-22CAD8B529E3-StateMachineUpdater: Took a snapshot at index 0
2023-12-28 09:10:26,143 [3b28bb72-2ab1-44e1-a9b9-2481c9e85245-impl-thread1] INFO  impl.PendingRequests (PendingRequests.java:sendNotLeaderResponses(289)) - 3b28bb72-2ab1-44e1-a9b9-2481c9e85245@group-BA4465FE1F69-PendingRequests: sendNotLeaderResponses
2023-12-28 09:10:26,143 [3b28bb72-2ab1-44e1-a9b9-2481c9e85245-impl-thread1] INFO  impl.StateMachineUpdater (StateMachineUpdater.java:stopAndJoin(157)) - 3b28bb72-2ab1-44e1-a9b9-2481c9e85245@group-BA4465FE1F69-StateMachineUpdater: set stopIndex = 0
2023-12-28 09:10:26,146 [3b28bb72-2ab1-44e1-a9b9-2481c9e85245@group-BA4465FE1F69-StateMachineUpdater] INFO  ratis.ContainerStateMachine (ContainerStateMachine.java:takeSnapshot(355)) - group-BA4465FE1F69: Taking a snapshot at:(t:1, i:0) file /home/runner/work/ozone/ozone/hadoop-ozone/integration-test/target/test-dir/MiniOzoneClusterImpl-7619c237-1de6-4815-bbe2-f0b52dfbd5bc/datanode-0/data/ratis/55a2ace3-97e0-4be7-8f24-ba4465fe1f69/sm/snapshot.1_0
2023-12-28 09:10:26,143 [d5d8acbd-90b5-4ada-8600-10487a3abfb2@group-22CAD8B529E3-StateMachineUpdater] INFO  impl.StateMachineUpdater (StateMachineUpdater.java:lambda$new$0(98)) - d5d8acbd-90b5-4ada-8600-10487a3abfb2@group-22CAD8B529E3-StateMachineUpdater: snapshotIndex: updateIncreasingly -1 -> 0
2023-12-28 09:10:26,147 [d5d8acbd-90b5-4ada-8600-10487a3abfb2-impl-thread1] INFO  server.RaftServer$Division (ServerState.java:close(423)) - d5d8acbd-90b5-4ada-8600-10487a3abfb2@group-22CAD8B529E3: applyIndex: 0
2023-12-28 09:10:26,147 [3b28bb72-2ab1-44e1-a9b9-2481c9e85245@group-BA4465FE1F69-StateMachineUpdater] INFO  ratis.ContainerStateMachine (ContainerStateMachine.java:takeSnapshot(366)) - group-BA4465FE1F69: Finished taking a snapshot at:(t:1, i:0) file:/home/runner/work/ozone/ozone/hadoop-ozone/integration-test/target/test-dir/MiniOzoneClusterImpl-7619c237-1de6-4815-bbe2-f0b52dfbd5bc/datanode-0/data/ratis/55a2ace3-97e0-4be7-8f24-ba4465fe1f69/sm/snapshot.1_0 took: 0 ms
2023-12-28 09:10:26,147 [3b28bb72-2ab1-44e1-a9b9-2481c9e85245@group-BA4465FE1F69-StateMachineUpdater] INFO  impl.StateMachineUpdater (StateMachineUpdater.java:takeSnapshot(295)) - 3b28bb72-2ab1-44e1-a9b9-2481c9e85245@group-BA4465FE1F69-StateMachineUpdater: Took a snapshot at index 0
2023-12-28 09:10:26,147 [3b28bb72-2ab1-44e1-a9b9-2481c9e85245@group-BA4465FE1F69-StateMachineUpdater] INFO  impl.StateMachineUpdater (StateMachineUpdater.java:lambda$new$0(98)) - 3b28bb72-2ab1-44e1-a9b9-2481c9e85245@group-BA4465FE1F69-StateMachineUpdater: snapshotIndex: updateIncreasingly -1 -> 0
2023-12-28 09:10:26,147 [3b28bb72-2ab1-44e1-a9b9-2481c9e85245-impl-thread1] INFO  server.RaftServer$Division (ServerState.java:close(423)) - 3b28bb72-2ab1-44e1-a9b9-2481c9e85245@group-BA4465FE1F69: applyIndex: 0
2023-12-28 09:10:26,148 [3b28bb72-2ab1-44e1-a9b9-2481c9e85245@group-BA4465FE1F69-cacheEviction-AwaitToRun] INFO  util.AwaitToRun (AwaitToRun.java:run(49)) - 3b28bb72-2ab1-44e1-a9b9-2481c9e85245@group-BA4465FE1F69-cacheEviction-AwaitToRun-AwaitForSignal is interrupted
2023-12-28 09:10:26,148 [ForkJoinPool.commonPool-worker-0] INFO  server.GrpcService (GrpcService.java:closeImpl(320)) - 9b863e56-86de-43f6-b2a7-53906d690b33: shutdown server org.apache.ratis.grpc.server.GrpcClientProtocolService successfully
2023-12-28 09:10:26,148 [ForkJoinPool.commonPool-worker-0] INFO  server.GrpcService (GrpcService.java:closeImpl(311)) - 9b863e56-86de-43f6-b2a7-53906d690b33: shutdown server GrpcServerProtocolService now
2023-12-28 09:10:26,148 [d5d8acbd-90b5-4ada-8600-10487a3abfb2@group-CC541D257CA2-StateMachineUpdater] INFO  ratis.ContainerStateMachine (ContainerStateMachine.java:takeSnapshot(355)) - group-CC541D257CA2: Taking a snapshot at:(t:1, i:0) file /home/runner/work/ozone/ozone/hadoop-ozone/integration-test/target/test-dir/MiniOzoneClusterImpl-7619c237-1de6-4815-bbe2-f0b52dfbd5bc/datanode-1/data/ratis/ba537c18-490c-465f-8071-cc541d257ca2/sm/snapshot.1_0
2023-12-28 09:10:26,148 [d5d8acbd-90b5-4ada-8600-10487a3abfb2@group-CC541D257CA2-FollowerState] INFO  impl.FollowerState (FollowerState.java:run(152)) - d5d8acbd-90b5-4ada-8600-10487a3abfb2@group-CC541D257CA2-FollowerState was interrupted
2023-12-28 09:10:26,149 [3b28bb72-2ab1-44e1-a9b9-2481c9e85245@group-CC541D257CA2-FollowerState] INFO  impl.FollowerState (FollowerState.java:run(152)) - 3b28bb72-2ab1-44e1-a9b9-2481c9e85245@group-CC541D257CA2-FollowerState was interrupted
2023-12-28 09:10:26,148 [d5d8acbd-90b5-4ada-8600-10487a3abfb2-impl-thread2] INFO  impl.StateMachineUpdater (StateMachineUpdater.java:stopAndJoin(157)) - d5d8acbd-90b5-4ada-8600-10487a3abfb2@group-CC541D257CA2-StateMachineUpdater: set stopIndex = 0
2023-12-28 09:10:26,148 [9b863e56-86de-43f6-b2a7-53906d690b33@group-6193271B23AF-cacheEviction-AwaitToRun] INFO  util.AwaitToRun (AwaitToRun.java:run(49)) - 9b863e56-86de-43f6-b2a7-53906d690b33@group-6193271B23AF-cacheEviction-AwaitToRun-AwaitForSignal is interrupted
2023-12-28 09:10:26,148 [21dfb426-80a6-430d-8df8-fa8e3a5d9897@group-04EEFC7712D5-cacheEviction-AwaitToRun] INFO  util.AwaitToRun (AwaitToRun.java:run(49)) - 21dfb426-80a6-430d-8df8-fa8e3a5d9897@group-04EEFC7712D5-cacheEviction-AwaitToRun-AwaitForSignal is interrupted
2023-12-28 09:10:26,148 [d5d8acbd-90b5-4ada-8600-10487a3abfb2@group-22CAD8B529E3-cacheEviction-AwaitToRun] INFO  util.AwaitToRun (AwaitToRun.java:run(49)) - d5d8acbd-90b5-4ada-8600-10487a3abfb2@group-22CAD8B529E3-cacheEviction-AwaitToRun-AwaitForSignal is interrupted
2023-12-28 09:10:26,153 [ForkJoinPool.commonPool-worker-3] INFO  ozoneimpl.OzoneContainer (OzoneContainer.java:stop(463)) - Attempting to stop container services.
2023-12-28 09:10:26,152 [21dfb426-80a6-430d-8df8-fa8e3a5d9897@group-41C77BB6D8F4-cacheEviction-AwaitToRun] INFO  util.AwaitToRun (AwaitToRun.java:run(49)) - 21dfb426-80a6-430d-8df8-fa8e3a5d9897@group-41C77BB6D8F4-cacheEviction-AwaitToRun-AwaitForSignal is interrupted
2023-12-28 09:10:26,152 [grpc-default-executor-4] INFO  server.GrpcLogAppender (GrpcLogAppender.java:onError(457)) - 9b863e56-86de-43f6-b2a7-53906d690b33@group-CC541D257CA2->d5d8acbd-90b5-4ada-8600-10487a3abfb2-GrpcLogAppender is already stopped
2023-12-28 09:10:26,149 [d5d8acbd-90b5-4ada-8600-10487a3abfb2@group-CC541D257CA2-StateMachineUpdater] INFO  ratis.ContainerStateMachine (ContainerStateMachine.java:takeSnapshot(366)) - group-CC541D257CA2: Finished taking a snapshot at:(t:1, i:0) file:/home/runner/work/ozone/ozone/hadoop-ozone/integration-test/target/test-dir/MiniOzoneClusterImpl-7619c237-1de6-4815-bbe2-f0b52dfbd5bc/datanode-1/data/ratis/ba537c18-490c-465f-8071-cc541d257ca2/sm/snapshot.1_0 took: 1 ms
2023-12-28 09:10:26,149 [3b28bb72-2ab1-44e1-a9b9-2481c9e85245@group-CC541D257CA2-StateMachineUpdater] INFO  ratis.ContainerStateMachine (ContainerStateMachine.java:takeSnapshot(355)) - group-CC541D257CA2: Taking a snapshot at:(t:1, i:0) file /home/runner/work/ozone/ozone/hadoop-ozone/integration-test/target/test-dir/MiniOzoneClusterImpl-7619c237-1de6-4815-bbe2-f0b52dfbd5bc/datanode-0/data/ratis/ba537c18-490c-465f-8071-cc541d257ca2/sm/snapshot.1_0
2023-12-28 09:10:26,149 [3b28bb72-2ab1-44e1-a9b9-2481c9e85245-impl-thread2] INFO  impl.StateMachineUpdater (StateMachineUpdater.java:stopAndJoin(157)) - 3b28bb72-2ab1-44e1-a9b9-2481c9e85245@group-CC541D257CA2-StateMachineUpdater: set stopIndex = 0
2023-12-28 09:10:26,155 [d5d8acbd-90b5-4ada-8600-10487a3abfb2@group-CC541D257CA2-StateMachineUpdater] INFO  impl.StateMachineUpdater (StateMachineUpdater.java:takeSnapshot(295)) - d5d8acbd-90b5-4ada-8600-10487a3abfb2@group-CC541D257CA2-StateMachineUpdater: Took a snapshot at index 0
2023-12-28 09:10:26,155 [d5d8acbd-90b5-4ada-8600-10487a3abfb2@group-CC541D257CA2-StateMachineUpdater] INFO  impl.StateMachineUpdater (StateMachineUpdater.java:lambda$new$0(98)) - d5d8acbd-90b5-4ada-8600-10487a3abfb2@group-CC541D257CA2-StateMachineUpdater: snapshotIndex: updateIncreasingly -1 -> 0
2023-12-28 09:10:26,155 [ForkJoinPool.commonPool-worker-3] INFO  server.RaftServer (RaftServerProxy.java:lambda$close$9(416)) - 3882d302-0766-4582-8526-483b5b0fafe4: close
2023-12-28 09:10:26,155 [d5d8acbd-90b5-4ada-8600-10487a3abfb2-impl-thread2] INFO  server.RaftServer$Division (ServerState.java:close(423)) - d5d8acbd-90b5-4ada-8600-10487a3abfb2@group-CC541D257CA2: applyIndex: 0
2023-12-28 09:10:26,155 [ForkJoinPool.commonPool-worker-1] INFO  server.GrpcService (GrpcService.java:closeImpl(320)) - d5d8acbd-90b5-4ada-8600-10487a3abfb2: shutdown server org.apache.ratis.grpc.server.GrpcAdminProtocolService successfully
2023-12-28 09:10:26,156 [d5d8acbd-90b5-4ada-8600-10487a3abfb2-NettyServerStreamRpc-bossGroup--thread1] INFO  logging.LoggingHandler (AbstractInternalLogger.java:log(148)) - [id: 0x01264def, L:/0.0.0.0:15380] CLOSE
2023-12-28 09:10:26,156 [d5d8acbd-90b5-4ada-8600-10487a3abfb2-NettyServerStreamRpc-bossGroup--thread1] INFO  logging.LoggingHandler (AbstractInternalLogger.java:log(148)) - [id: 0x01264def, L:/0.0.0.0:15380] INACTIVE
2023-12-28 09:10:26,156 [d5d8acbd-90b5-4ada-8600-10487a3abfb2-NettyServerStreamRpc-bossGroup--thread1] INFO  logging.LoggingHandler (AbstractInternalLogger.java:log(148)) - [id: 0x01264def, L:/0.0.0.0:15380] UNREGISTERED
2023-12-28 09:10:26,156 [ForkJoinPool.commonPool-worker-0] INFO  server.GrpcService (GrpcService.java:closeImpl(320)) - 9b863e56-86de-43f6-b2a7-53906d690b33: shutdown server GrpcServerProtocolService successfully
2023-12-28 09:10:26,156 [3b28bb72-2ab1-44e1-a9b9-2481c9e85245@group-CC541D257CA2-StateMachineUpdater] INFO  ratis.ContainerStateMachine (ContainerStateMachine.java:takeSnapshot(366)) - group-CC541D257CA2: Finished taking a snapshot at:(t:1, i:0) file:/home/runner/work/ozone/ozone/hadoop-ozone/integration-test/target/test-dir/MiniOzoneClusterImpl-7619c237-1de6-4815-bbe2-f0b52dfbd5bc/datanode-0/data/ratis/ba537c18-490c-465f-8071-cc541d257ca2/sm/snapshot.1_0 took: 7 ms
2023-12-28 09:10:26,156 [ForkJoinPool.commonPool-worker-0] INFO  server.GrpcService (GrpcService.java:closeImpl(311)) - 9b863e56-86de-43f6-b2a7-53906d690b33: shutdown server org.apache.ratis.grpc.server.GrpcAdminProtocolService now
2023-12-28 09:10:26,156 [3b28bb72-2ab1-44e1-a9b9-2481c9e85245@group-CC541D257CA2-StateMachineUpdater] INFO  impl.StateMachineUpdater (StateMachineUpdater.java:takeSnapshot(295)) - 3b28bb72-2ab1-44e1-a9b9-2481c9e85245@group-CC541D257CA2-StateMachineUpdater: Took a snapshot at index 0
2023-12-28 09:10:26,156 [3b28bb72-2ab1-44e1-a9b9-2481c9e85245@group-CC541D257CA2-StateMachineUpdater] INFO  impl.StateMachineUpdater (StateMachineUpdater.java:lambda$new$0(98)) - 3b28bb72-2ab1-44e1-a9b9-2481c9e85245@group-CC541D257CA2-StateMachineUpdater: snapshotIndex: updateIncreasingly -1 -> 0
2023-12-28 09:10:26,156 [3b28bb72-2ab1-44e1-a9b9-2481c9e85245-impl-thread2] INFO  server.RaftServer$Division (ServerState.java:close(423)) - 3b28bb72-2ab1-44e1-a9b9-2481c9e85245@group-CC541D257CA2: applyIndex: 0
2023-12-28 09:10:26,156 [3b28bb72-2ab1-44e1-a9b9-2481c9e85245@group-CC541D257CA2-cacheEviction-AwaitToRun] INFO  util.AwaitToRun (AwaitToRun.java:run(49)) - 3b28bb72-2ab1-44e1-a9b9-2481c9e85245@group-CC541D257CA2-cacheEviction-AwaitToRun-AwaitForSignal is interrupted
2023-12-28 09:10:26,157 [Thread-4654] INFO  server.GrpcServerProtocolClient (GrpcServerProtocolClient.java:close(103)) - d5d8acbd-90b5-4ada-8600-10487a3abfb2 Close channels
2023-12-28 09:10:26,157 [Thread-4670] INFO  server.GrpcServerProtocolClient (GrpcServerProtocolClient.java:close(103)) - 9b863e56-86de-43f6-b2a7-53906d690b33 Close channels
2023-12-28 09:10:26,157 [ForkJoinPool.commonPool-worker-2] INFO  server.GrpcService (GrpcService.java:closeImpl(320)) - 3b28bb72-2ab1-44e1-a9b9-2481c9e85245: shutdown server org.apache.ratis.grpc.server.GrpcClientProtocolService successfully
2023-12-28 09:10:26,162 [ForkJoinPool.commonPool-worker-2] INFO  server.GrpcService (GrpcService.java:closeImpl(311)) - 3b28bb72-2ab1-44e1-a9b9-2481c9e85245: shutdown server GrpcServerProtocolService now
2023-12-28 09:10:26,160 [3882d302-0766-4582-8526-483b5b0fafe4-impl-thread1] INFO  server.RaftServer$Division (RaftServerImpl.java:lambda$close$3(516)) - 3882d302-0766-4582-8526-483b5b0fafe4@group-3BE9841DE9A8: shutdown
2023-12-28 09:10:26,160 [ForkJoinPool.commonPool-worker-3] INFO  server.GrpcService (GrpcService.java:closeImpl(311)) - 3882d302-0766-4582-8526-483b5b0fafe4: shutdown server org.apache.ratis.grpc.server.GrpcClientProtocolService now
2023-12-28 09:10:26,160 [d5d8acbd-90b5-4ada-8600-10487a3abfb2@group-CC541D257CA2-cacheEviction-AwaitToRun] INFO  util.AwaitToRun (AwaitToRun.java:run(49)) - d5d8acbd-90b5-4ada-8600-10487a3abfb2@group-CC541D257CA2-cacheEviction-AwaitToRun-AwaitForSignal is interrupted
2023-12-28 09:10:26,162 [3882d302-0766-4582-8526-483b5b0fafe4-impl-thread1] INFO  util.JmxRegister (JmxRegister.java:unregister(73)) - Successfully un-registered JMX Bean with object name Ratis:service=RaftServer,group=group-3BE9841DE9A8,id=3882d302-0766-4582-8526-483b5b0fafe4
2023-12-28 09:10:26,162 [3882d302-0766-4582-8526-483b5b0fafe4-impl-thread1] INFO  impl.RoleInfo (RoleInfo.java:shutdownLeaderState(94)) - 3882d302-0766-4582-8526-483b5b0fafe4: shutdown 3882d302-0766-4582-8526-483b5b0fafe4@group-3BE9841DE9A8-LeaderStateImpl
2023-12-28 09:10:26,162 [3882d302-0766-4582-8526-483b5b0fafe4-impl-thread1] INFO  impl.PendingRequests (PendingRequests.java:sendNotLeaderResponses(289)) - 3882d302-0766-4582-8526-483b5b0fafe4@group-3BE9841DE9A8-PendingRequests: sendNotLeaderResponses
2023-12-28 09:10:26,163 [3882d302-0766-4582-8526-483b5b0fafe4-impl-thread1] INFO  impl.StateMachineUpdater (StateMachineUpdater.java:stopAndJoin(157)) - 3882d302-0766-4582-8526-483b5b0fafe4@group-3BE9841DE9A8-StateMachineUpdater: set stopIndex = 0
2023-12-28 09:10:26,162 [ForkJoinPool.commonPool-worker-0] INFO  server.GrpcService (GrpcService.java:closeImpl(320)) - 9b863e56-86de-43f6-b2a7-53906d690b33: shutdown server org.apache.ratis.grpc.server.GrpcAdminProtocolService successfully
2023-12-28 09:10:26,163 [3882d302-0766-4582-8526-483b5b0fafe4@group-3BE9841DE9A8-StateMachineUpdater] INFO  ratis.ContainerStateMachine (ContainerStateMachine.java:takeSnapshot(355)) - group-3BE9841DE9A8: Taking a snapshot at:(t:1, i:0) file /home/runner/work/ozone/ozone/hadoop-ozone/integration-test/target/test-dir/MiniOzoneClusterImpl-7619c237-1de6-4815-bbe2-f0b52dfbd5bc/datanode-3/data/ratis/7edaee47-6c4e-4d9b-b4d0-3be9841de9a8/sm/snapshot.1_0
2023-12-28 09:10:26,163 [9b863e56-86de-43f6-b2a7-53906d690b33-NettyServerStreamRpc-bossGroup--thread1] INFO  logging.LoggingHandler (AbstractInternalLogger.java:log(148)) - [id: 0x3fd381ac, L:/0.0.0.0:15389] CLOSE
2023-12-28 09:10:26,163 [9b863e56-86de-43f6-b2a7-53906d690b33-NettyServerStreamRpc-bossGroup--thread1] INFO  logging.LoggingHandler (AbstractInternalLogger.java:log(148)) - [id: 0x3fd381ac, L:/0.0.0.0:15389] INACTIVE
2023-12-28 09:10:26,163 [9b863e56-86de-43f6-b2a7-53906d690b33-NettyServerStreamRpc-bossGroup--thread1] INFO  logging.LoggingHandler (AbstractInternalLogger.java:log(148)) - [id: 0x3fd381ac, L:/0.0.0.0:15389] UNREGISTERED
2023-12-28 09:10:26,165 [Thread-4705] INFO  server.GrpcServerProtocolClient (GrpcServerProtocolClient.java:close(103)) - 31ca3cec-ca1e-4771-b2d4-3cf5bbdf2d7e Close channels
2023-12-28 09:10:26,165 [Thread-4709] INFO  server.GrpcServerProtocolClient (GrpcServerProtocolClient.java:close(103)) - 42fe86c5-ef4c-4426-bfd8-a8401ddf98d5 Close channels
2023-12-28 09:10:26,165 [3882d302-0766-4582-8526-483b5b0fafe4@group-3BE9841DE9A8-StateMachineUpdater] INFO  ratis.ContainerStateMachine (ContainerStateMachine.java:takeSnapshot(366)) - group-3BE9841DE9A8: Finished taking a snapshot at:(t:1, i:0) file:/home/runner/work/ozone/ozone/hadoop-ozone/integration-test/target/test-dir/MiniOzoneClusterImpl-7619c237-1de6-4815-bbe2-f0b52dfbd5bc/datanode-3/data/ratis/7edaee47-6c4e-4d9b-b4d0-3be9841de9a8/sm/snapshot.1_0 took: 3 ms
2023-12-28 09:10:26,165 [3882d302-0766-4582-8526-483b5b0fafe4@group-3BE9841DE9A8-StateMachineUpdater] INFO  impl.StateMachineUpdater (StateMachineUpdater.java:takeSnapshot(295)) - 3882d302-0766-4582-8526-483b5b0fafe4@group-3BE9841DE9A8-StateMachineUpdater: Took a snapshot at index 0
2023-12-28 09:10:26,166 [3882d302-0766-4582-8526-483b5b0fafe4@group-3BE9841DE9A8-StateMachineUpdater] INFO  impl.StateMachineUpdater (StateMachineUpdater.java:lambda$new$0(98)) - 3882d302-0766-4582-8526-483b5b0fafe4@group-3BE9841DE9A8-StateMachineUpdater: snapshotIndex: updateIncreasingly -1 -> 0
2023-12-28 09:10:26,166 [3882d302-0766-4582-8526-483b5b0fafe4-impl-thread1] INFO  server.RaftServer$Division (ServerState.java:close(423)) - 3882d302-0766-4582-8526-483b5b0fafe4@group-3BE9841DE9A8: applyIndex: 0
2023-12-28 09:10:26,166 [ForkJoinPool.commonPool-worker-2] INFO  server.GrpcService (GrpcService.java:closeImpl(320)) - 3b28bb72-2ab1-44e1-a9b9-2481c9e85245: shutdown server GrpcServerProtocolService successfully
2023-12-28 09:10:26,166 [ForkJoinPool.commonPool-worker-2] INFO  server.GrpcService (GrpcService.java:closeImpl(311)) - 3b28bb72-2ab1-44e1-a9b9-2481c9e85245: shutdown server org.apache.ratis.grpc.server.GrpcAdminProtocolService now
2023-12-28 09:10:26,167 [3882d302-0766-4582-8526-483b5b0fafe4@group-3BE9841DE9A8-cacheEviction-AwaitToRun] INFO  util.AwaitToRun (AwaitToRun.java:run(49)) - 3882d302-0766-4582-8526-483b5b0fafe4@group-3BE9841DE9A8-cacheEviction-AwaitToRun-AwaitForSignal is interrupted
2023-12-28 09:10:26,167 [ForkJoinPool.commonPool-worker-3] INFO  server.GrpcService (GrpcService.java:closeImpl(320)) - 3882d302-0766-4582-8526-483b5b0fafe4: shutdown server org.apache.ratis.grpc.server.GrpcClientProtocolService successfully
2023-12-28 09:10:26,167 [ForkJoinPool.commonPool-worker-3] INFO  server.GrpcService (GrpcService.java:closeImpl(311)) - 3882d302-0766-4582-8526-483b5b0fafe4: shutdown server GrpcServerProtocolService now
2023-12-28 09:10:26,174 [ForkJoinPool.commonPool-worker-3] INFO  server.GrpcService (GrpcService.java:closeImpl(320)) - 3882d302-0766-4582-8526-483b5b0fafe4: shutdown server GrpcServerProtocolService successfully
2023-12-28 09:10:26,174 [ForkJoinPool.commonPool-worker-3] INFO  server.GrpcService (GrpcService.java:closeImpl(311)) - 3882d302-0766-4582-8526-483b5b0fafe4: shutdown server org.apache.ratis.grpc.server.GrpcAdminProtocolService now
2023-12-28 09:10:26,175 [ForkJoinPool.commonPool-worker-2] INFO  server.GrpcService (GrpcService.java:closeImpl(320)) - 3b28bb72-2ab1-44e1-a9b9-2481c9e85245: shutdown server org.apache.ratis.grpc.server.GrpcAdminProtocolService successfully
2023-12-28 09:10:26,175 [3b28bb72-2ab1-44e1-a9b9-2481c9e85245-NettyServerStreamRpc-bossGroup--thread1] INFO  logging.LoggingHandler (AbstractInternalLogger.java:log(148)) - [id: 0x554e00a8, L:/0.0.0.0:15371] CLOSE
2023-12-28 09:10:26,175 [3b28bb72-2ab1-44e1-a9b9-2481c9e85245-NettyServerStreamRpc-bossGroup--thread1] INFO  logging.LoggingHandler (AbstractInternalLogger.java:log(148)) - [id: 0x554e00a8, L:/0.0.0.0:15371] INACTIVE
2023-12-28 09:10:26,175 [3b28bb72-2ab1-44e1-a9b9-2481c9e85245-NettyServerStreamRpc-bossGroup--thread1] INFO  logging.LoggingHandler (AbstractInternalLogger.java:log(148)) - [id: 0x554e00a8, L:/0.0.0.0:15371] UNREGISTERED
2023-12-28 09:10:26,176 [ForkJoinPool.commonPool-worker-3] INFO  server.GrpcService (GrpcService.java:closeImpl(320)) - 3882d302-0766-4582-8526-483b5b0fafe4: shutdown server org.apache.ratis.grpc.server.GrpcAdminProtocolService successfully
2023-12-28 09:10:26,176 [3882d302-0766-4582-8526-483b5b0fafe4-NettyServerStreamRpc-bossGroup--thread1] INFO  logging.LoggingHandler (AbstractInternalLogger.java:log(148)) - [id: 0x2c4cde1b, L:/0.0.0.0:15398] CLOSE
2023-12-28 09:10:26,176 [3882d302-0766-4582-8526-483b5b0fafe4-NettyServerStreamRpc-bossGroup--thread1] INFO  logging.LoggingHandler (AbstractInternalLogger.java:log(148)) - [id: 0x2c4cde1b, L:/0.0.0.0:15398] INACTIVE
2023-12-28 09:10:26,176 [3882d302-0766-4582-8526-483b5b0fafe4-NettyServerStreamRpc-bossGroup--thread1] INFO  logging.LoggingHandler (AbstractInternalLogger.java:log(148)) - [id: 0x2c4cde1b, L:/0.0.0.0:15398] UNREGISTERED
2023-12-28 09:10:26,194 [21dfb426-80a6-430d-8df8-fa8e3a5d9897-impl-thread2] INFO  segmented.SegmentedRaftLogWorker (SegmentedRaftLogWorker.java:close(243)) - 21dfb426-80a6-430d-8df8-fa8e3a5d9897@group-41C77BB6D8F4-SegmentedRaftLogWorker close()
2023-12-28 09:10:26,472 [3b28bb72-2ab1-44e1-a9b9-2481c9e85245-impl-thread1] INFO  segmented.SegmentedRaftLogWorker (SegmentedRaftLogWorker.java:close(243)) - 3b28bb72-2ab1-44e1-a9b9-2481c9e85245@group-BA4465FE1F69-SegmentedRaftLogWorker close()
2023-12-28 09:10:26,615 [9b863e56-86de-43f6-b2a7-53906d690b33-impl-thread2] INFO  segmented.SegmentedRaftLogWorker (SegmentedRaftLogWorker.java:close(243)) - 9b863e56-86de-43f6-b2a7-53906d690b33@group-CC541D257CA2-SegmentedRaftLogWorker close()
2023-12-28 09:10:26,616 [d5d8acbd-90b5-4ada-8600-10487a3abfb2-impl-thread2] INFO  segmented.SegmentedRaftLogWorker (SegmentedRaftLogWorker.java:close(243)) - d5d8acbd-90b5-4ada-8600-10487a3abfb2@group-CC541D257CA2-SegmentedRaftLogWorker close()
2023-12-28 09:10:26,629 [3b28bb72-2ab1-44e1-a9b9-2481c9e85245-impl-thread2] INFO  segmented.SegmentedRaftLogWorker (SegmentedRaftLogWorker.java:close(243)) - 3b28bb72-2ab1-44e1-a9b9-2481c9e85245@group-CC541D257CA2-SegmentedRaftLogWorker close()
2023-12-28 09:10:26,630 [JvmPauseMonitor46] INFO  util.JvmPauseMonitor (JvmPauseMonitor.java:run(152)) - JvmPauseMonitor-3b28bb72-2ab1-44e1-a9b9-2481c9e85245: Stopped
2023-12-28 09:10:26,630 [d5d8acbd-90b5-4ada-8600-10487a3abfb2-impl-thread1] INFO  segmented.SegmentedRaftLogWorker (SegmentedRaftLogWorker.java:close(243)) - d5d8acbd-90b5-4ada-8600-10487a3abfb2@group-22CAD8B529E3-SegmentedRaftLogWorker close()
2023-12-28 09:10:26,632 [JvmPauseMonitor47] INFO  util.JvmPauseMonitor (JvmPauseMonitor.java:run(152)) - JvmPauseMonitor-d5d8acbd-90b5-4ada-8600-10487a3abfb2: Stopped
2023-12-28 09:10:26,668 [9b863e56-86de-43f6-b2a7-53906d690b33-impl-thread1] INFO  segmented.SegmentedRaftLogWorker (SegmentedRaftLogWorker.java:close(243)) - 9b863e56-86de-43f6-b2a7-53906d690b33@group-6193271B23AF-SegmentedRaftLogWorker close()
2023-12-28 09:10:26,669 [JvmPauseMonitor48] INFO  util.JvmPauseMonitor (JvmPauseMonitor.java:run(152)) - JvmPauseMonitor-9b863e56-86de-43f6-b2a7-53906d690b33: Stopped
2023-12-28 09:10:26,755 [3882d302-0766-4582-8526-483b5b0fafe4-impl-thread1] INFO  segmented.SegmentedRaftLogWorker (SegmentedRaftLogWorker.java:close(243)) - 3882d302-0766-4582-8526-483b5b0fafe4@group-3BE9841DE9A8-SegmentedRaftLogWorker close()
2023-12-28 09:10:26,756 [JvmPauseMonitor49] INFO  util.JvmPauseMonitor (JvmPauseMonitor.java:run(152)) - JvmPauseMonitor-3882d302-0766-4582-8526-483b5b0fafe4: Stopped
2023-12-28 09:10:27,026 [21dfb426-80a6-430d-8df8-fa8e3a5d9897-impl-thread1] INFO  segmented.SegmentedRaftLogWorker (SegmentedRaftLogWorker.java:close(243)) - 21dfb426-80a6-430d-8df8-fa8e3a5d9897@group-04EEFC7712D5-SegmentedRaftLogWorker close()
2023-12-28 09:10:27,026 [JvmPauseMonitor53] INFO  util.JvmPauseMonitor (JvmPauseMonitor.java:run(152)) - JvmPauseMonitor-21dfb426-80a6-430d-8df8-fa8e3a5d9897: Stopped
2023-12-28 09:10:27,539 [grpc-default-executor-2] WARN  server.GrpcLogAppender (LogUtils.java:warn(121)) - ebae719b-f625-4368-8547-482f3752b4ca@group-04EEFC7712D5->21dfb426-80a6-430d-8df8-fa8e3a5d9897-AppendLogResponseHandler: Failed appendEntries: org.apache.ratis.thirdparty.io.grpc.StatusRuntimeException: UNAVAILABLE: io exception
2023-12-28 09:10:27,539 [grpc-default-executor-6] WARN  server.GrpcLogAppender (LogUtils.java:warn(121)) - ebae719b-f625-4368-8547-482f3752b4ca@group-04EEFC7712D5->21dfb426-80a6-430d-8df8-fa8e3a5d9897-AppendLogResponseHandler: Failed appendEntries: org.apache.ratis.thirdparty.io.grpc.StatusRuntimeException: UNAVAILABLE: io exception
2023-12-28 09:10:27,539 [grpc-default-executor-2] WARN  server.GrpcLogAppender (GrpcLogAppender.java:resetClient(140)) - ebae719b-f625-4368-8547-482f3752b4ca@group-04EEFC7712D5->21dfb426-80a6-430d-8df8-fa8e3a5d9897-GrpcLogAppender: Follower failed and request == null,  keep nextIndex (1) unchanged and retry.
2023-12-28 09:10:27,540 [grpc-default-executor-6] WARN  server.GrpcLogAppender (GrpcLogAppender.java:resetClient(140)) - ebae719b-f625-4368-8547-482f3752b4ca@group-04EEFC7712D5->21dfb426-80a6-430d-8df8-fa8e3a5d9897-GrpcLogAppender: Follower failed and request == null,  keep nextIndex (1) unchanged and retry.
2023-12-28 09:10:28,633 [ForkJoinPool.commonPool-worker-2] INFO  utils.DatanodeStoreCache (DatanodeStoreCache.java:shutdownCache(110)) - Skip clearing cache in mini cluster mode. Entries left: [/home/runner/work/ozone/ozone/hadoop-ozone/integration-test/target/test-dir/MiniOzoneClusterImpl-7619c237-1de6-4815-bbe2-f0b52dfbd5bc/datanode-0/data-0/containers/hdds/7619c237-1de6-4815-bbe2-f0b52dfbd5bc/DS-eb0134f9-5ca6-4826-8161-22d206a672de/container.db, /home/runner/work/ozone/ozone/hadoop-ozone/integration-test/target/test-dir/MiniOzoneClusterImpl-7619c237-1de6-4815-bbe2-f0b52dfbd5bc/datanode-1/data-0/containers/hdds/7619c237-1de6-4815-bbe2-f0b52dfbd5bc/DS-8db8ccae-0e68-45af-ac80-6d2ad6a843e8/container.db, /home/runner/work/ozone/ozone/hadoop-ozone/integration-test/target/test-dir/MiniOzoneClusterImpl-7619c237-1de6-4815-bbe2-f0b52dfbd5bc/datanode-2/data-0/containers/hdds/7619c237-1de6-4815-bbe2-f0b52dfbd5bc/DS-b8d39540-c8a8-4865-9ac5-d4b8447fb21d/container.db, /home/runner/work/ozone/ozone/hadoop-ozone/integration-test/target/test-dir/MiniOzoneClusterImpl-7619c237-1de6-4815-bbe2-f0b52dfbd5bc/datanode-3/data-0/containers/hdds/7619c237-1de6-4815-bbe2-f0b52dfbd5bc/DS-01df4767-c656-4eb3-abc1-3a5d01d5da03/container.db, /home/runner/work/ozone/ozone/hadoop-ozone/integration-test/target/test-dir/MiniOzoneClusterImpl-7619c237-1de6-4815-bbe2-f0b52dfbd5bc/datanode-6/data-0/containers/hdds/7619c237-1de6-4815-bbe2-f0b52dfbd5bc/DS-f3ee87f7-7c2b-4cd0-8c3f-29ea1385fdf7/container.db, /home/runner/work/ozone/ozone/hadoop-ozone/integration-test/target/test-dir/MiniOzoneClusterImpl-7619c237-1de6-4815-bbe2-f0b52dfbd5bc/datanode-7/data-0/containers/hdds/7619c237-1de6-4815-bbe2-f0b52dfbd5bc/DS-80f051f4-7a51-4a01-ac7e-57e526cb75f1/container.db, /home/runner/work/ozone/ozone/hadoop-ozone/integration-test/target/test-dir/MiniOzoneClusterImpl-7619c237-1de6-4815-bbe2-f0b52dfbd5bc/datanode-8/data-0/containers/hdds/7619c237-1de6-4815-bbe2-f0b52dfbd5bc/DS-93b2a42a-1ab3-4f0f-9d13-72f7269aff3d/container.db]
2023-12-28 09:10:28,634 [ForkJoinPool.commonPool-worker-1] INFO  utils.DatanodeStoreCache (DatanodeStoreCache.java:shutdownCache(110)) - Skip clearing cache in mini cluster mode. Entries left: [/home/runner/work/ozone/ozone/hadoop-ozone/integration-test/target/test-dir/MiniOzoneClusterImpl-7619c237-1de6-4815-bbe2-f0b52dfbd5bc/datanode-0/data-0/containers/hdds/7619c237-1de6-4815-bbe2-f0b52dfbd5bc/DS-eb0134f9-5ca6-4826-8161-22d206a672de/container.db, /home/runner/work/ozone/ozone/hadoop-ozone/integration-test/target/test-dir/MiniOzoneClusterImpl-7619c237-1de6-4815-bbe2-f0b52dfbd5bc/datanode-1/data-0/containers/hdds/7619c237-1de6-4815-bbe2-f0b52dfbd5bc/DS-8db8ccae-0e68-45af-ac80-6d2ad6a843e8/container.db, /home/runner/work/ozone/ozone/hadoop-ozone/integration-test/target/test-dir/MiniOzoneClusterImpl-7619c237-1de6-4815-bbe2-f0b52dfbd5bc/datanode-2/data-0/containers/hdds/7619c237-1de6-4815-bbe2-f0b52dfbd5bc/DS-b8d39540-c8a8-4865-9ac5-d4b8447fb21d/container.db, /home/runner/work/ozone/ozone/hadoop-ozone/integration-test/target/test-dir/MiniOzoneClusterImpl-7619c237-1de6-4815-bbe2-f0b52dfbd5bc/datanode-3/data-0/containers/hdds/7619c237-1de6-4815-bbe2-f0b52dfbd5bc/DS-01df4767-c656-4eb3-abc1-3a5d01d5da03/container.db, /home/runner/work/ozone/ozone/hadoop-ozone/integration-test/target/test-dir/MiniOzoneClusterImpl-7619c237-1de6-4815-bbe2-f0b52dfbd5bc/datanode-6/data-0/containers/hdds/7619c237-1de6-4815-bbe2-f0b52dfbd5bc/DS-f3ee87f7-7c2b-4cd0-8c3f-29ea1385fdf7/container.db, /home/runner/work/ozone/ozone/hadoop-ozone/integration-test/target/test-dir/MiniOzoneClusterImpl-7619c237-1de6-4815-bbe2-f0b52dfbd5bc/datanode-7/data-0/containers/hdds/7619c237-1de6-4815-bbe2-f0b52dfbd5bc/DS-80f051f4-7a51-4a01-ac7e-57e526cb75f1/container.db, /home/runner/work/ozone/ozone/hadoop-ozone/integration-test/target/test-dir/MiniOzoneClusterImpl-7619c237-1de6-4815-bbe2-f0b52dfbd5bc/datanode-8/data-0/containers/hdds/7619c237-1de6-4815-bbe2-f0b52dfbd5bc/DS-93b2a42a-1ab3-4f0f-9d13-72f7269aff3d/container.db]
2023-12-28 09:10:28,637 [ForkJoinPool.commonPool-worker-1] INFO  utils.DatanodeStoreCache (DatanodeStoreCache.java:removeDB(104)) - Removed db /home/runner/work/ozone/ozone/hadoop-ozone/integration-test/target/test-dir/MiniOzoneClusterImpl-7619c237-1de6-4815-bbe2-f0b52dfbd5bc/datanode-1/data-0/containers/hdds/7619c237-1de6-4815-bbe2-f0b52dfbd5bc/DS-8db8ccae-0e68-45af-ac80-6d2ad6a843e8/container.db from cache
2023-12-28 09:10:28,637 [ForkJoinPool.commonPool-worker-2] INFO  utils.DatanodeStoreCache (DatanodeStoreCache.java:removeDB(104)) - Removed db /home/runner/work/ozone/ozone/hadoop-ozone/integration-test/target/test-dir/MiniOzoneClusterImpl-7619c237-1de6-4815-bbe2-f0b52dfbd5bc/datanode-0/data-0/containers/hdds/7619c237-1de6-4815-bbe2-f0b52dfbd5bc/DS-eb0134f9-5ca6-4826-8161-22d206a672de/container.db from cache
2023-12-28 09:10:28,637 [ForkJoinPool.commonPool-worker-2] INFO  volume.HddsVolume (HddsVolume.java:closeDbStore(453)) - SchemaV3 db is stopped at /home/runner/work/ozone/ozone/hadoop-ozone/integration-test/target/test-dir/MiniOzoneClusterImpl-7619c237-1de6-4815-bbe2-f0b52dfbd5bc/datanode-0/data-0/containers/hdds/7619c237-1de6-4815-bbe2-f0b52dfbd5bc/DS-eb0134f9-5ca6-4826-8161-22d206a672de/container.db for volume DS-eb0134f9-5ca6-4826-8161-22d206a672de
2023-12-28 09:10:28,637 [ForkJoinPool.commonPool-worker-1] INFO  volume.HddsVolume (HddsVolume.java:closeDbStore(453)) - SchemaV3 db is stopped at /home/runner/work/ozone/ozone/hadoop-ozone/integration-test/target/test-dir/MiniOzoneClusterImpl-7619c237-1de6-4815-bbe2-f0b52dfbd5bc/datanode-1/data-0/containers/hdds/7619c237-1de6-4815-bbe2-f0b52dfbd5bc/DS-8db8ccae-0e68-45af-ac80-6d2ad6a843e8/container.db for volume DS-8db8ccae-0e68-45af-ac80-6d2ad6a843e8
2023-12-28 09:10:28,638 [ForkJoinPool.commonPool-worker-2] INFO  utils.BackgroundService (BackgroundService.java:shutdown(160)) - Shutting down service BlockDeletingService
2023-12-28 09:10:28,638 [ForkJoinPool.commonPool-worker-2] INFO  utils.BackgroundService (BackgroundService.java:shutdown(160)) - Shutting down service StaleRecoveringContainerScrubbingService
2023-12-28 09:10:28,639 [ForkJoinPool.commonPool-worker-2] INFO  statemachine.DatanodeStateMachine (DatanodeStateMachine.java:stopDaemon(638)) - Ozone container server stopped.
2023-12-28 09:10:28,639 [ForkJoinPool.commonPool-worker-1] INFO  utils.BackgroundService (BackgroundService.java:shutdown(160)) - Shutting down service BlockDeletingService
2023-12-28 09:10:28,640 [ForkJoinPool.commonPool-worker-1] INFO  utils.BackgroundService (BackgroundService.java:shutdown(160)) - Shutting down service StaleRecoveringContainerScrubbingService
2023-12-28 09:10:28,640 [ForkJoinPool.commonPool-worker-1] INFO  statemachine.DatanodeStateMachine (DatanodeStateMachine.java:stopDaemon(638)) - Ozone container server stopped.
2023-12-28 09:10:28,641 [ForkJoinPool.commonPool-worker-2] INFO  handler.ContextHandler (ContextHandler.java:doStop(1159)) - Stopped o.e.j.w.WebAppContext@3e45249a{hddsDatanode,/,null,STOPPED}{jar:file:/home/runner/.m2/repository/org/apache/ozone/hdds-container-service/1.5.0-SNAPSHOT/hdds-container-service-1.5.0-SNAPSHOT.jar!/webapps/hddsDatanode}
2023-12-28 09:10:28,642 [ForkJoinPool.commonPool-worker-1] INFO  handler.ContextHandler (ContextHandler.java:doStop(1159)) - Stopped o.e.j.w.WebAppContext@309d2156{hddsDatanode,/,null,STOPPED}{jar:file:/home/runner/.m2/repository/org/apache/ozone/hdds-container-service/1.5.0-SNAPSHOT/hdds-container-service-1.5.0-SNAPSHOT.jar!/webapps/hddsDatanode}
2023-12-28 09:10:28,642 [ForkJoinPool.commonPool-worker-2] INFO  server.AbstractConnector (AbstractConnector.java:doStop(383)) - Stopped ServerConnector@2d9c1f8f{HTTP/1.1, (http/1.1)}{0.0.0.0:15365}
2023-12-28 09:10:28,643 [ForkJoinPool.commonPool-worker-2] INFO  server.session (HouseKeeper.java:stopScavenging(149)) - node0 Stopped scavenging
2023-12-28 09:10:28,643 [ForkJoinPool.commonPool-worker-2] INFO  handler.ContextHandler (ContextHandler.java:doStop(1159)) - Stopped o.e.j.s.ServletContextHandler@50b2fe37{static,/static,jar:file:/home/runner/.m2/repository/org/apache/ozone/hdds-container-service/1.5.0-SNAPSHOT/hdds-container-service-1.5.0-SNAPSHOT.jar!/webapps/static,STOPPED}
2023-12-28 09:10:28,643 [ForkJoinPool.commonPool-worker-1] INFO  server.AbstractConnector (AbstractConnector.java:doStop(383)) - Stopped ServerConnector@54a5a205{HTTP/1.1, (http/1.1)}{0.0.0.0:15374}
2023-12-28 09:10:28,643 [ForkJoinPool.commonPool-worker-1] INFO  server.session (HouseKeeper.java:stopScavenging(149)) - node0 Stopped scavenging
2023-12-28 09:10:28,644 [ForkJoinPool.commonPool-worker-2] INFO  handler.ContextHandler (ContextHandler.java:doStop(1159)) - Stopped o.e.j.s.ServletContextHandler@3775564e{logs,/logs,file:///home/runner/work/ozone/ozone/hadoop-ozone/integration-test/target/log,STOPPED}
2023-12-28 09:10:28,644 [ForkJoinPool.commonPool-worker-1] INFO  handler.ContextHandler (ContextHandler.java:doStop(1159)) - Stopped o.e.j.s.ServletContextHandler@71baf9e3{static,/static,jar:file:/home/runner/.m2/repository/org/apache/ozone/hdds-container-service/1.5.0-SNAPSHOT/hdds-container-service-1.5.0-SNAPSHOT.jar!/webapps/static,STOPPED}
2023-12-28 09:10:28,645 [ForkJoinPool.commonPool-worker-1] INFO  handler.ContextHandler (ContextHandler.java:doStop(1159)) - Stopped o.e.j.s.ServletContextHandler@5df82c9a{logs,/logs,file:///home/runner/work/ozone/ozone/hadoop-ozone/integration-test/target/log,STOPPED}
2023-12-28 09:10:28,645 [ForkJoinPool.commonPool-worker-2] INFO  ozone.HddsDatanodeClientProtocolServer (HddsDatanodeClientProtocolServer.java:stop(78)) - Stopping the RPC server for Client Protocol
2023-12-28 09:10:28,646 [ForkJoinPool.commonPool-worker-2] INFO  ipc.Server (Server.java:stop(3523)) - Stopping server on 15366
2023-12-28 09:10:28,646 [IPC Server listener on 15366] INFO  ipc.Server (Server.java:run(1434)) - Stopping IPC Server listener on 15366
2023-12-28 09:10:28,647 [ForkJoinPool.commonPool-worker-1] INFO  ozone.HddsDatanodeClientProtocolServer (HddsDatanodeClientProtocolServer.java:stop(78)) - Stopping the RPC server for Client Protocol
2023-12-28 09:10:28,647 [IPC Server Responder] INFO  ipc.Server (Server.java:run(1567)) - Stopping IPC Server Responder
2023-12-28 09:10:28,647 [ForkJoinPool.commonPool-worker-1] INFO  ipc.Server (Server.java:stop(3523)) - Stopping server on 15375
2023-12-28 09:10:28,648 [IPC Server Responder] INFO  ipc.Server (Server.java:run(1567)) - Stopping IPC Server Responder
2023-12-28 09:10:28,649 [IPC Server listener on 15375] INFO  ipc.Server (Server.java:run(1434)) - Stopping IPC Server listener on 15375
2023-12-28 09:10:28,654 [ForkJoinPool.commonPool-worker-2] INFO  ozoneimpl.OzoneContainer (OzoneContainer.java:stop(463)) - Attempting to stop container services.
2023-12-28 09:10:28,655 [ForkJoinPool.commonPool-worker-2] INFO  server.RaftServer (RaftServerProxy.java:lambda$close$9(416)) - 4a7d4f9e-b840-4b9b-8b00-1e8f80dcf0e2: close
2023-12-28 09:10:28,655 [ForkJoinPool.commonPool-worker-1] INFO  ozoneimpl.OzoneContainer (OzoneContainer.java:stop(463)) - Attempting to stop container services.
2023-12-28 09:10:28,655 [4a7d4f9e-b840-4b9b-8b00-1e8f80dcf0e2-impl-thread1] INFO  server.RaftServer$Division (RaftServerImpl.java:lambda$close$3(516)) - 4a7d4f9e-b840-4b9b-8b00-1e8f80dcf0e2@group-04EEFC7712D5: shutdown
2023-12-28 09:10:28,656 [ForkJoinPool.commonPool-worker-2] INFO  server.GrpcService (GrpcService.java:closeImpl(311)) - 4a7d4f9e-b840-4b9b-8b00-1e8f80dcf0e2: shutdown server org.apache.ratis.grpc.server.GrpcClientProtocolService now
2023-12-28 09:10:28,656 [ForkJoinPool.commonPool-worker-1] INFO  server.RaftServer (RaftServerProxy.java:lambda$close$9(416)) - ebae719b-f625-4368-8547-482f3752b4ca: close
2023-12-28 09:10:28,656 [4a7d4f9e-b840-4b9b-8b00-1e8f80dcf0e2-impl-thread2] INFO  server.RaftServer$Division (RaftServerImpl.java:lambda$close$3(516)) - 4a7d4f9e-b840-4b9b-8b00-1e8f80dcf0e2@group-25F8F003D845: shutdown
2023-12-28 09:10:28,656 [4a7d4f9e-b840-4b9b-8b00-1e8f80dcf0e2-impl-thread1] INFO  util.JmxRegister (JmxRegister.java:unregister(73)) - Successfully un-registered JMX Bean with object name Ratis:service=RaftServer,group=group-04EEFC7712D5,id=4a7d4f9e-b840-4b9b-8b00-1e8f80dcf0e2
2023-12-28 09:10:28,656 [4a7d4f9e-b840-4b9b-8b00-1e8f80dcf0e2-impl-thread2] INFO  util.JmxRegister (JmxRegister.java:unregister(73)) - Successfully un-registered JMX Bean with object name Ratis:service=RaftServer,group=group-25F8F003D845,id=4a7d4f9e-b840-4b9b-8b00-1e8f80dcf0e2
2023-12-28 09:10:28,656 [4a7d4f9e-b840-4b9b-8b00-1e8f80dcf0e2-impl-thread2] INFO  impl.RoleInfo (RoleInfo.java:shutdownLeaderState(94)) - 4a7d4f9e-b840-4b9b-8b00-1e8f80dcf0e2: shutdown 4a7d4f9e-b840-4b9b-8b00-1e8f80dcf0e2@group-25F8F003D845-LeaderStateImpl
2023-12-28 09:10:28,656 [4a7d4f9e-b840-4b9b-8b00-1e8f80dcf0e2-impl-thread1] INFO  impl.RoleInfo (RoleInfo.java:shutdownFollowerState(110)) - 4a7d4f9e-b840-4b9b-8b00-1e8f80dcf0e2: shutdown 4a7d4f9e-b840-4b9b-8b00-1e8f80dcf0e2@group-04EEFC7712D5-FollowerState
2023-12-28 09:10:28,656 [4a7d4f9e-b840-4b9b-8b00-1e8f80dcf0e2-impl-thread2] INFO  impl.PendingRequests (PendingRequests.java:sendNotLeaderResponses(289)) - 4a7d4f9e-b840-4b9b-8b00-1e8f80dcf0e2@group-25F8F003D845-PendingRequests: sendNotLeaderResponses
2023-12-28 09:10:28,656 [Thread-4848] INFO  server.GrpcServerProtocolClient (GrpcServerProtocolClient.java:close(103)) - 21dfb426-80a6-430d-8df8-fa8e3a5d9897 Close channels
2023-12-28 09:10:28,656 [4a7d4f9e-b840-4b9b-8b00-1e8f80dcf0e2-impl-thread2] INFO  impl.StateMachineUpdater (StateMachineUpdater.java:stopAndJoin(157)) - 4a7d4f9e-b840-4b9b-8b00-1e8f80dcf0e2@group-25F8F003D845-StateMachineUpdater: set stopIndex = 0
2023-12-28 09:10:28,656 [4a7d4f9e-b840-4b9b-8b00-1e8f80dcf0e2@group-25F8F003D845-StateMachineUpdater] INFO  ratis.ContainerStateMachine (ContainerStateMachine.java:takeSnapshot(355)) - group-25F8F003D845: Taking a snapshot at:(t:1, i:0) file /home/runner/work/ozone/ozone/hadoop-ozone/integration-test/target/test-dir/MiniOzoneClusterImpl-7619c237-1de6-4815-bbe2-f0b52dfbd5bc/datanode-6/data/ratis/4425761f-7a5f-4c84-9172-25f8f003d845/sm/snapshot.1_0
2023-12-28 09:10:28,657 [Thread-4849] INFO  server.GrpcServerProtocolClient (GrpcServerProtocolClient.java:close(103)) - ebae719b-f625-4368-8547-482f3752b4ca Close channels
2023-12-28 09:10:28,657 [4a7d4f9e-b840-4b9b-8b00-1e8f80dcf0e2-impl-thread1] INFO  impl.StateMachineUpdater (StateMachineUpdater.java:stopAndJoin(157)) - 4a7d4f9e-b840-4b9b-8b00-1e8f80dcf0e2@group-04EEFC7712D5-StateMachineUpdater: set stopIndex = 0
2023-12-28 09:10:28,657 [ebae719b-f625-4368-8547-482f3752b4ca-impl-thread1] INFO  server.RaftServer$Division (RaftServerImpl.java:lambda$close$3(516)) - ebae719b-f625-4368-8547-482f3752b4ca@group-04EEFC7712D5: shutdown
2023-12-28 09:10:28,657 [4a7d4f9e-b840-4b9b-8b00-1e8f80dcf0e2@group-04EEFC7712D5-StateMachineUpdater] INFO  ratis.ContainerStateMachine (ContainerStateMachine.java:takeSnapshot(355)) - group-04EEFC7712D5: Taking a snapshot at:(t:1, i:0) file /home/runner/work/ozone/ozone/hadoop-ozone/integration-test/target/test-dir/MiniOzoneClusterImpl-7619c237-1de6-4815-bbe2-f0b52dfbd5bc/datanode-6/data/ratis/adc176ae-bfd8-40be-beb4-04eefc7712d5/sm/snapshot.1_0
2023-12-28 09:10:28,657 [4a7d4f9e-b840-4b9b-8b00-1e8f80dcf0e2@group-04EEFC7712D5-FollowerState] INFO  impl.FollowerState (FollowerState.java:run(152)) - 4a7d4f9e-b840-4b9b-8b00-1e8f80dcf0e2@group-04EEFC7712D5-FollowerState was interrupted
2023-12-28 09:10:28,657 [ebae719b-f625-4368-8547-482f3752b4ca-impl-thread1] INFO  util.JmxRegister (JmxRegister.java:unregister(73)) - Successfully un-registered JMX Bean with object name Ratis:service=RaftServer,group=group-04EEFC7712D5,id=ebae719b-f625-4368-8547-482f3752b4ca
2023-12-28 09:10:28,657 [ebae719b-f625-4368-8547-482f3752b4ca-impl-thread1] INFO  impl.RoleInfo (RoleInfo.java:shutdownLeaderState(94)) - ebae719b-f625-4368-8547-482f3752b4ca: shutdown ebae719b-f625-4368-8547-482f3752b4ca@group-04EEFC7712D5-LeaderStateImpl
2023-12-28 09:10:28,657 [ForkJoinPool.commonPool-worker-1] INFO  server.GrpcService (GrpcService.java:closeImpl(311)) - ebae719b-f625-4368-8547-482f3752b4ca: shutdown server org.apache.ratis.grpc.server.GrpcClientProtocolService now
2023-12-28 09:10:28,657 [ebae719b-f625-4368-8547-482f3752b4ca@group-04EEFC7712D5->4a7d4f9e-b840-4b9b-8b00-1e8f80dcf0e2-GrpcLogAppender-LogAppenderDaemon] WARN  server.GrpcLogAppender (GrpcLogAppender.java:mayWait(212)) - ebae719b-f625-4368-8547-482f3752b4ca@group-04EEFC7712D5->4a7d4f9e-b840-4b9b-8b00-1e8f80dcf0e2-GrpcLogAppender: Wait interrupted by java.lang.InterruptedException
2023-12-28 09:10:28,657 [ebae719b-f625-4368-8547-482f3752b4ca-impl-thread1] INFO  impl.PendingRequests (PendingRequests.java:sendNotLeaderResponses(289)) - ebae719b-f625-4368-8547-482f3752b4ca@group-04EEFC7712D5-PendingRequests: sendNotLeaderResponses
2023-12-28 09:10:28,658 [4a7d4f9e-b840-4b9b-8b00-1e8f80dcf0e2@group-25F8F003D845-StateMachineUpdater] INFO  ratis.ContainerStateMachine (ContainerStateMachine.java:takeSnapshot(366)) - group-25F8F003D845: Finished taking a snapshot at:(t:1, i:0) file:/home/runner/work/ozone/ozone/hadoop-ozone/integration-test/target/test-dir/MiniOzoneClusterImpl-7619c237-1de6-4815-bbe2-f0b52dfbd5bc/datanode-6/data/ratis/4425761f-7a5f-4c84-9172-25f8f003d845/sm/snapshot.1_0 took: 1 ms
2023-12-28 09:10:28,657 [ebae719b-f625-4368-8547-482f3752b4ca@group-04EEFC7712D5->21dfb426-80a6-430d-8df8-fa8e3a5d9897-GrpcLogAppender-LogAppenderDaemon] WARN  server.GrpcLogAppender (GrpcLogAppender.java:mayWait(212)) - ebae719b-f625-4368-8547-482f3752b4ca@group-04EEFC7712D5->21dfb426-80a6-430d-8df8-fa8e3a5d9897-GrpcLogAppender: Wait interrupted by java.lang.InterruptedException
2023-12-28 09:10:28,658 [4a7d4f9e-b840-4b9b-8b00-1e8f80dcf0e2@group-25F8F003D845-StateMachineUpdater] INFO  impl.StateMachineUpdater (StateMachineUpdater.java:takeSnapshot(295)) - 4a7d4f9e-b840-4b9b-8b00-1e8f80dcf0e2@group-25F8F003D845-StateMachineUpdater: Took a snapshot at index 0
2023-12-28 09:10:28,658 [grpc-default-executor-6] INFO  server.GrpcServerProtocolService (GrpcServerProtocolService.java:onCompleted(157)) - 4a7d4f9e-b840-4b9b-8b00-1e8f80dcf0e2: Completed APPEND_ENTRIES, lastRequest: null
2023-12-28 09:10:28,658 [ebae719b-f625-4368-8547-482f3752b4ca-impl-thread1] INFO  impl.StateMachineUpdater (StateMachineUpdater.java:stopAndJoin(157)) - ebae719b-f625-4368-8547-482f3752b4ca@group-04EEFC7712D5-StateMachineUpdater: set stopIndex = 0
2023-12-28 09:10:28,658 [grpc-default-executor-2] INFO  server.GrpcServerProtocolService (GrpcServerProtocolService.java:onCompleted(157)) - 4a7d4f9e-b840-4b9b-8b00-1e8f80dcf0e2: Completed APPEND_ENTRIES, lastRequest: ebae719b-f625-4368-8547-482f3752b4ca->4a7d4f9e-b840-4b9b-8b00-1e8f80dcf0e2#1-t1,previous=(t:0, i:0),leaderCommit=-1,initializing? true,entries: size=1, first=(t:1, i:0), CONFIGURATIONENTRY(current:id: "21dfb426-80a6-430d-8df8-fa8e3a5d9897"
address: "10.1.0.14:15433"
dataStreamAddress: "10.1.0.14:15434"
clientAddress: "10.1.0.14:15431"
adminAddress: "10.1.0.14:15432"
startupRole: FOLLOWER
,id: "ebae719b-f625-4368-8547-482f3752b4ca"
address: "10.1.0.14:15442"
priority: 1
dataStreamAddress: "10.1.0.14:15443"
clientAddress: "10.1.0.14:15440"
adminAddress: "10.1.0.14:15441"
startupRole: FOLLOWER
,id: "4a7d4f9e-b840-4b9b-8b00-1e8f80dcf0e2"
address: "10.1.0.14:15424"
dataStreamAddress: "10.1.0.14:15425"
clientAddress: "10.1.0.14:15422"
adminAddress: "10.1.0.14:15423"
startupRole: FOLLOWER
, old:)
2023-12-28 09:10:28,658 [grpc-default-executor-2] INFO  server.GrpcServerProtocolService (GrpcServerProtocolService.java:lambda$onCompleted$5(159)) - 4a7d4f9e-b840-4b9b-8b00-1e8f80dcf0e2: Completed APPEND_ENTRIES, lastReply: null
2023-12-28 09:10:28,658 [4a7d4f9e-b840-4b9b-8b00-1e8f80dcf0e2@group-04EEFC7712D5-StateMachineUpdater] INFO  ratis.ContainerStateMachine (ContainerStateMachine.java:takeSnapshot(366)) - group-04EEFC7712D5: Finished taking a snapshot at:(t:1, i:0) file:/home/runner/work/ozone/ozone/hadoop-ozone/integration-test/target/test-dir/MiniOzoneClusterImpl-7619c237-1de6-4815-bbe2-f0b52dfbd5bc/datanode-6/data/ratis/adc176ae-bfd8-40be-beb4-04eefc7712d5/sm/snapshot.1_0 took: 1 ms
2023-12-28 09:10:28,658 [grpc-default-executor-6] INFO  server.GrpcServerProtocolService (GrpcServerProtocolService.java:lambda$onCompleted$5(159)) - 4a7d4f9e-b840-4b9b-8b00-1e8f80dcf0e2: Completed APPEND_ENTRIES, lastReply: serverReply {
  requestorId: "ebae719b-f625-4368-8547-482f3752b4ca"
  replyId: "4a7d4f9e-b840-4b9b-8b00-1e8f80dcf0e2"
  raftGroupId {
    id: "\255\301v\256\277\330@\276\276\264\004\356\374w\022\325"
  }
  callId: 14
  success: true
}
term: 1
nextIndex: 1
matchIndex: 18446744073709551615
isHearbeat: true

2023-12-28 09:10:28,658 [4a7d4f9e-b840-4b9b-8b00-1e8f80dcf0e2@group-04EEFC7712D5-StateMachineUpdater] INFO  impl.StateMachineUpdater (StateMachineUpdater.java:takeSnapshot(295)) - 4a7d4f9e-b840-4b9b-8b00-1e8f80dcf0e2@group-04EEFC7712D5-StateMachineUpdater: Took a snapshot at index 0
2023-12-28 09:10:28,659 [4a7d4f9e-b840-4b9b-8b00-1e8f80dcf0e2@group-04EEFC7712D5-StateMachineUpdater] INFO  impl.StateMachineUpdater (StateMachineUpdater.java:lambda$new$0(98)) - 4a7d4f9e-b840-4b9b-8b00-1e8f80dcf0e2@group-04EEFC7712D5-StateMachineUpdater: snapshotIndex: updateIncreasingly -1 -> 0
2023-12-28 09:10:28,659 [4a7d4f9e-b840-4b9b-8b00-1e8f80dcf0e2-impl-thread1] INFO  server.RaftServer$Division (ServerState.java:close(423)) - 4a7d4f9e-b840-4b9b-8b00-1e8f80dcf0e2@group-04EEFC7712D5: applyIndex: 0
2023-12-28 09:10:28,658 [4a7d4f9e-b840-4b9b-8b00-1e8f80dcf0e2@group-25F8F003D845-StateMachineUpdater] INFO  impl.StateMachineUpdater (StateMachineUpdater.java:lambda$new$0(98)) - 4a7d4f9e-b840-4b9b-8b00-1e8f80dcf0e2@group-25F8F003D845-StateMachineUpdater: snapshotIndex: updateIncreasingly -1 -> 0
2023-12-28 09:10:28,659 [4a7d4f9e-b840-4b9b-8b00-1e8f80dcf0e2-impl-thread2] INFO  server.RaftServer$Division (ServerState.java:close(423)) - 4a7d4f9e-b840-4b9b-8b00-1e8f80dcf0e2@group-25F8F003D845: applyIndex: 0
2023-12-28 09:10:28,659 [ebae719b-f625-4368-8547-482f3752b4ca@group-04EEFC7712D5-StateMachineUpdater] INFO  ratis.ContainerStateMachine (ContainerStateMachine.java:takeSnapshot(355)) - group-04EEFC7712D5: Taking a snapshot at:(t:1, i:0) file /home/runner/work/ozone/ozone/hadoop-ozone/integration-test/target/test-dir/MiniOzoneClusterImpl-7619c237-1de6-4815-bbe2-f0b52dfbd5bc/datanode-8/data/ratis/adc176ae-bfd8-40be-beb4-04eefc7712d5/sm/snapshot.1_0
2023-12-28 09:10:28,659 [grpc-default-executor-2] INFO  server.GrpcLogAppender (GrpcLogAppender.java:onCompleted(469)) - ebae719b-f625-4368-8547-482f3752b4ca@group-04EEFC7712D5->4a7d4f9e-b840-4b9b-8b00-1e8f80dcf0e2-AppendLogResponseHandler: follower responses appendEntries COMPLETED
2023-12-28 09:10:28,659 [ebae719b-f625-4368-8547-482f3752b4ca@group-04EEFC7712D5-StateMachineUpdater] INFO  ratis.ContainerStateMachine (ContainerStateMachine.java:takeSnapshot(366)) - group-04EEFC7712D5: Finished taking a snapshot at:(t:1, i:0) file:/home/runner/work/ozone/ozone/hadoop-ozone/integration-test/target/test-dir/MiniOzoneClusterImpl-7619c237-1de6-4815-bbe2-f0b52dfbd5bc/datanode-8/data/ratis/adc176ae-bfd8-40be-beb4-04eefc7712d5/sm/snapshot.1_0 took: 1 ms
2023-12-28 09:10:28,659 [ebae719b-f625-4368-8547-482f3752b4ca-impl-thread2] INFO  server.RaftServer$Division (RaftServerImpl.java:lambda$close$3(516)) - ebae719b-f625-4368-8547-482f3752b4ca@group-24C974523F0E: shutdown
2023-12-28 09:10:28,659 [ebae719b-f625-4368-8547-482f3752b4ca@group-04EEFC7712D5-StateMachineUpdater] INFO  impl.StateMachineUpdater (StateMachineUpdater.java:takeSnapshot(295)) - ebae719b-f625-4368-8547-482f3752b4ca@group-04EEFC7712D5-StateMachineUpdater: Took a snapshot at index 0
2023-12-28 09:10:28,660 [ebae719b-f625-4368-8547-482f3752b4ca@group-04EEFC7712D5-StateMachineUpdater] INFO  impl.StateMachineUpdater (StateMachineUpdater.java:lambda$new$0(98)) - ebae719b-f625-4368-8547-482f3752b4ca@group-04EEFC7712D5-StateMachineUpdater: snapshotIndex: updateIncreasingly -1 -> 0
2023-12-28 09:10:28,660 [ebae719b-f625-4368-8547-482f3752b4ca-impl-thread2] INFO  util.JmxRegister (JmxRegister.java:unregister(73)) - Successfully un-registered JMX Bean with object name Ratis:service=RaftServer,group=group-24C974523F0E,id=ebae719b-f625-4368-8547-482f3752b4ca
2023-12-28 09:10:28,660 [ebae719b-f625-4368-8547-482f3752b4ca-impl-thread2] INFO  impl.RoleInfo (RoleInfo.java:shutdownLeaderState(94)) - ebae719b-f625-4368-8547-482f3752b4ca: shutdown ebae719b-f625-4368-8547-482f3752b4ca@group-24C974523F0E-LeaderStateImpl
2023-12-28 09:10:28,660 [ebae719b-f625-4368-8547-482f3752b4ca-impl-thread2] INFO  impl.PendingRequests (PendingRequests.java:sendNotLeaderResponses(289)) - ebae719b-f625-4368-8547-482f3752b4ca@group-24C974523F0E-PendingRequests: sendNotLeaderResponses
2023-12-28 09:10:28,660 [ebae719b-f625-4368-8547-482f3752b4ca@group-24C974523F0E-StateMachineUpdater] INFO  ratis.ContainerStateMachine (ContainerStateMachine.java:takeSnapshot(355)) - group-24C974523F0E: Taking a snapshot at:(t:1, i:0) file /home/runner/work/ozone/ozone/hadoop-ozone/integration-test/target/test-dir/MiniOzoneClusterImpl-7619c237-1de6-4815-bbe2-f0b52dfbd5bc/datanode-8/data/ratis/0692811f-b295-4e68-9124-24c974523f0e/sm/snapshot.1_0
2023-12-28 09:10:28,660 [ebae719b-f625-4368-8547-482f3752b4ca-impl-thread1] INFO  server.RaftServer$Division (ServerState.java:close(423)) - ebae719b-f625-4368-8547-482f3752b4ca@group-04EEFC7712D5: applyIndex: 0
2023-12-28 09:10:28,660 [ebae719b-f625-4368-8547-482f3752b4ca-impl-thread2] INFO  impl.StateMachineUpdater (StateMachineUpdater.java:stopAndJoin(157)) - ebae719b-f625-4368-8547-482f3752b4ca@group-24C974523F0E-StateMachineUpdater: set stopIndex = 0
2023-12-28 09:10:28,660 [Thread-4852] INFO  server.GrpcServerProtocolClient (GrpcServerProtocolClient.java:close(103)) - 21dfb426-80a6-430d-8df8-fa8e3a5d9897 Close channels
2023-12-28 09:10:28,661 [ebae719b-f625-4368-8547-482f3752b4ca@group-24C974523F0E-StateMachineUpdater] INFO  ratis.ContainerStateMachine (ContainerStateMachine.java:takeSnapshot(366)) - group-24C974523F0E: Finished taking a snapshot at:(t:1, i:0) file:/home/runner/work/ozone/ozone/hadoop-ozone/integration-test/target/test-dir/MiniOzoneClusterImpl-7619c237-1de6-4815-bbe2-f0b52dfbd5bc/datanode-8/data/ratis/0692811f-b295-4e68-9124-24c974523f0e/sm/snapshot.1_0 took: 1 ms
2023-12-28 09:10:28,661 [ebae719b-f625-4368-8547-482f3752b4ca@group-24C974523F0E-StateMachineUpdater] INFO  impl.StateMachineUpdater (StateMachineUpdater.java:takeSnapshot(295)) - ebae719b-f625-4368-8547-482f3752b4ca@group-24C974523F0E-StateMachineUpdater: Took a snapshot at index 0
2023-12-28 09:10:28,661 [ebae719b-f625-4368-8547-482f3752b4ca@group-24C974523F0E-StateMachineUpdater] INFO  impl.StateMachineUpdater (StateMachineUpdater.java:lambda$new$0(98)) - ebae719b-f625-4368-8547-482f3752b4ca@group-24C974523F0E-StateMachineUpdater: snapshotIndex: updateIncreasingly -1 -> 0
2023-12-28 09:10:28,661 [ebae719b-f625-4368-8547-482f3752b4ca-impl-thread2] INFO  server.RaftServer$Division (ServerState.java:close(423)) - ebae719b-f625-4368-8547-482f3752b4ca@group-24C974523F0E: applyIndex: 0
2023-12-28 09:10:28,661 [ebae719b-f625-4368-8547-482f3752b4ca@group-24C974523F0E-cacheEviction-AwaitToRun] INFO  util.AwaitToRun (AwaitToRun.java:run(49)) - ebae719b-f625-4368-8547-482f3752b4ca@group-24C974523F0E-cacheEviction-AwaitToRun-AwaitForSignal is interrupted
2023-12-28 09:10:28,661 [Thread-4854] INFO  server.GrpcServerProtocolClient (GrpcServerProtocolClient.java:close(103)) - 4a7d4f9e-b840-4b9b-8b00-1e8f80dcf0e2 Close channels
2023-12-28 09:10:28,662 [4a7d4f9e-b840-4b9b-8b00-1e8f80dcf0e2@group-04EEFC7712D5-cacheEviction-AwaitToRun] INFO  util.AwaitToRun (AwaitToRun.java:run(49)) - 4a7d4f9e-b840-4b9b-8b00-1e8f80dcf0e2@group-04EEFC7712D5-cacheEviction-AwaitToRun-AwaitForSignal is interrupted
2023-12-28 09:10:28,662 [4a7d4f9e-b840-4b9b-8b00-1e8f80dcf0e2@group-25F8F003D845-cacheEviction-AwaitToRun] INFO  util.AwaitToRun (AwaitToRun.java:run(49)) - 4a7d4f9e-b840-4b9b-8b00-1e8f80dcf0e2@group-25F8F003D845-cacheEviction-AwaitToRun-AwaitForSignal is interrupted
2023-12-28 09:10:28,662 [ebae719b-f625-4368-8547-482f3752b4ca@group-04EEFC7712D5-cacheEviction-AwaitToRun] INFO  util.AwaitToRun (AwaitToRun.java:run(49)) - ebae719b-f625-4368-8547-482f3752b4ca@group-04EEFC7712D5-cacheEviction-AwaitToRun-AwaitForSignal is interrupted
2023-12-28 09:10:28,661 [grpc-default-executor-6] INFO  server.GrpcLogAppender (GrpcLogAppender.java:onCompleted(469)) - ebae719b-f625-4368-8547-482f3752b4ca@group-04EEFC7712D5->4a7d4f9e-b840-4b9b-8b00-1e8f80dcf0e2-AppendLogResponseHandler: follower responses appendEntries COMPLETED
2023-12-28 09:10:28,662 [grpc-default-executor-6] WARN  server.GrpcLogAppender (GrpcLogAppender.java:resetClient(149)) - ebae719b-f625-4368-8547-482f3752b4ca@group-04EEFC7712D5->4a7d4f9e-b840-4b9b-8b00-1e8f80dcf0e2-GrpcLogAppender: Failed to getClient for 4a7d4f9e-b840-4b9b-8b00-1e8f80dcf0e2
org.apache.ratis.protocol.exceptions.AlreadyClosedException: ebae719b-f625-4368-8547-482f3752b4ca is already CLOSED
	at org.apache.ratis.util.PeerProxyMap$PeerAndProxy.getProxy(PeerProxyMap.java:61)
	at org.apache.ratis.util.PeerProxyMap.getProxy(PeerProxyMap.java:110)
	at org.apache.ratis.grpc.server.GrpcLogAppender.getClient(GrpcLogAppender.java:121)
	at org.apache.ratis.grpc.server.GrpcLogAppender.resetClient(GrpcLogAppender.java:126)
	at org.apache.ratis.grpc.server.GrpcLogAppender.access$800(GrpcLogAppender.java:61)
	at org.apache.ratis.grpc.server.GrpcLogAppender$AppendLogResponseHandler.onCompleted(GrpcLogAppender.java:471)
	at org.apache.ratis.thirdparty.io.grpc.stub.ClientCalls$StreamObserverToCallListenerAdapter.onClose(ClientCalls.java:479)
	at org.apache.ratis.thirdparty.io.grpc.internal.DelayedClientCall$DelayedListener$3.run(DelayedClientCall.java:489)
	at org.apache.ratis.thirdparty.io.grpc.internal.DelayedClientCall$DelayedListener.delayOrExecute(DelayedClientCall.java:453)
	at org.apache.ratis.thirdparty.io.grpc.internal.DelayedClientCall$DelayedListener.onClose(DelayedClientCall.java:486)
	at org.apache.ratis.thirdparty.io.grpc.internal.ClientCallImpl.closeObserver(ClientCallImpl.java:567)
	at org.apache.ratis.thirdparty.io.grpc.internal.ClientCallImpl.access$300(ClientCallImpl.java:71)
	at org.apache.ratis.thirdparty.io.grpc.internal.ClientCallImpl$ClientStreamListenerImpl$1StreamClosed.runInternal(ClientCallImpl.java:735)
	at org.apache.ratis.thirdparty.io.grpc.internal.ClientCallImpl$ClientStreamListenerImpl$1StreamClosed.runInContext(ClientCallImpl.java:716)
	at org.apache.ratis.thirdparty.io.grpc.internal.ContextRunnable.run(ContextRunnable.java:37)
	at org.apache.ratis.thirdparty.io.grpc.internal.SerializingExecutor.run(SerializingExecutor.java:133)
	at java.util.concurrent.ThreadPoolExecutor.runWorker(ThreadPoolExecutor.java:1149)
	at java.util.concurrent.ThreadPoolExecutor$Worker.run(ThreadPoolExecutor.java:624)
	at java.lang.Thread.run(Thread.java:750)
2023-12-28 09:10:28,662 [ForkJoinPool.commonPool-worker-2] INFO  server.GrpcService (GrpcService.java:closeImpl(320)) - 4a7d4f9e-b840-4b9b-8b00-1e8f80dcf0e2: shutdown server org.apache.ratis.grpc.server.GrpcClientProtocolService successfully
2023-12-28 09:10:28,662 [ForkJoinPool.commonPool-worker-2] INFO  server.GrpcService (GrpcService.java:closeImpl(311)) - 4a7d4f9e-b840-4b9b-8b00-1e8f80dcf0e2: shutdown server GrpcServerProtocolService now
2023-12-28 09:10:28,663 [ForkJoinPool.commonPool-worker-1] INFO  server.GrpcService (GrpcService.java:closeImpl(320)) - ebae719b-f625-4368-8547-482f3752b4ca: shutdown server org.apache.ratis.grpc.server.GrpcClientProtocolService successfully
2023-12-28 09:10:28,663 [ForkJoinPool.commonPool-worker-1] INFO  server.GrpcService (GrpcService.java:closeImpl(311)) - ebae719b-f625-4368-8547-482f3752b4ca: shutdown server GrpcServerProtocolService now
2023-12-28 09:10:28,664 [ForkJoinPool.commonPool-worker-2] INFO  server.GrpcService (GrpcService.java:closeImpl(320)) - 4a7d4f9e-b840-4b9b-8b00-1e8f80dcf0e2: shutdown server GrpcServerProtocolService successfully
2023-12-28 09:10:28,664 [ForkJoinPool.commonPool-worker-2] INFO  server.GrpcService (GrpcService.java:closeImpl(311)) - 4a7d4f9e-b840-4b9b-8b00-1e8f80dcf0e2: shutdown server org.apache.ratis.grpc.server.GrpcAdminProtocolService now
2023-12-28 09:10:28,667 [ForkJoinPool.commonPool-worker-1] INFO  server.GrpcService (GrpcService.java:closeImpl(320)) - ebae719b-f625-4368-8547-482f3752b4ca: shutdown server GrpcServerProtocolService successfully
2023-12-28 09:10:28,667 [ForkJoinPool.commonPool-worker-1] INFO  server.GrpcService (GrpcService.java:closeImpl(311)) - ebae719b-f625-4368-8547-482f3752b4ca: shutdown server org.apache.ratis.grpc.server.GrpcAdminProtocolService now
2023-12-28 09:10:28,671 [ForkJoinPool.commonPool-worker-1] INFO  server.GrpcService (GrpcService.java:closeImpl(320)) - ebae719b-f625-4368-8547-482f3752b4ca: shutdown server org.apache.ratis.grpc.server.GrpcAdminProtocolService successfully
2023-12-28 09:10:28,671 [ForkJoinPool.commonPool-worker-2] INFO  server.GrpcService (GrpcService.java:closeImpl(320)) - 4a7d4f9e-b840-4b9b-8b00-1e8f80dcf0e2: shutdown server org.apache.ratis.grpc.server.GrpcAdminProtocolService successfully
2023-12-28 09:10:28,671 [ebae719b-f625-4368-8547-482f3752b4ca-NettyServerStreamRpc-bossGroup--thread1] INFO  logging.LoggingHandler (AbstractInternalLogger.java:log(148)) - [id: 0x87e88ce7, L:/0.0.0.0:15443] CLOSE
2023-12-28 09:10:28,671 [ForkJoinPool.commonPool-worker-0] INFO  utils.DatanodeStoreCache (DatanodeStoreCache.java:shutdownCache(110)) - Skip clearing cache in mini cluster mode. Entries left: [/home/runner/work/ozone/ozone/hadoop-ozone/integration-test/target/test-dir/MiniOzoneClusterImpl-7619c237-1de6-4815-bbe2-f0b52dfbd5bc/datanode-2/data-0/containers/hdds/7619c237-1de6-4815-bbe2-f0b52dfbd5bc/DS-b8d39540-c8a8-4865-9ac5-d4b8447fb21d/container.db, /home/runner/work/ozone/ozone/hadoop-ozone/integration-test/target/test-dir/MiniOzoneClusterImpl-7619c237-1de6-4815-bbe2-f0b52dfbd5bc/datanode-3/data-0/containers/hdds/7619c237-1de6-4815-bbe2-f0b52dfbd5bc/DS-01df4767-c656-4eb3-abc1-3a5d01d5da03/container.db, /home/runner/work/ozone/ozone/hadoop-ozone/integration-test/target/test-dir/MiniOzoneClusterImpl-7619c237-1de6-4815-bbe2-f0b52dfbd5bc/datanode-6/data-0/containers/hdds/7619c237-1de6-4815-bbe2-f0b52dfbd5bc/DS-f3ee87f7-7c2b-4cd0-8c3f-29ea1385fdf7/container.db, /home/runner/work/ozone/ozone/hadoop-ozone/integration-test/target/test-dir/MiniOzoneClusterImpl-7619c237-1de6-4815-bbe2-f0b52dfbd5bc/datanode-7/data-0/containers/hdds/7619c237-1de6-4815-bbe2-f0b52dfbd5bc/DS-80f051f4-7a51-4a01-ac7e-57e526cb75f1/container.db, /home/runner/work/ozone/ozone/hadoop-ozone/integration-test/target/test-dir/MiniOzoneClusterImpl-7619c237-1de6-4815-bbe2-f0b52dfbd5bc/datanode-8/data-0/containers/hdds/7619c237-1de6-4815-bbe2-f0b52dfbd5bc/DS-93b2a42a-1ab3-4f0f-9d13-72f7269aff3d/container.db]
2023-12-28 09:10:28,671 [ebae719b-f625-4368-8547-482f3752b4ca-NettyServerStreamRpc-bossGroup--thread1] INFO  logging.LoggingHandler (AbstractInternalLogger.java:log(148)) - [id: 0x87e88ce7, L:/0.0.0.0:15443] INACTIVE
2023-12-28 09:10:28,671 [ebae719b-f625-4368-8547-482f3752b4ca-NettyServerStreamRpc-bossGroup--thread1] INFO  logging.LoggingHandler (AbstractInternalLogger.java:log(148)) - [id: 0x87e88ce7, L:/0.0.0.0:15443] UNREGISTERED
2023-12-28 09:10:28,671 [4a7d4f9e-b840-4b9b-8b00-1e8f80dcf0e2-NettyServerStreamRpc-bossGroup--thread1] INFO  logging.LoggingHandler (AbstractInternalLogger.java:log(148)) - [id: 0x12048135, L:/0.0.0.0:15425] CLOSE
2023-12-28 09:10:28,672 [4a7d4f9e-b840-4b9b-8b00-1e8f80dcf0e2-NettyServerStreamRpc-bossGroup--thread1] INFO  logging.LoggingHandler (AbstractInternalLogger.java:log(148)) - [id: 0x12048135, L:/0.0.0.0:15425] INACTIVE
2023-12-28 09:10:28,672 [4a7d4f9e-b840-4b9b-8b00-1e8f80dcf0e2-NettyServerStreamRpc-bossGroup--thread1] INFO  logging.LoggingHandler (AbstractInternalLogger.java:log(148)) - [id: 0x12048135, L:/0.0.0.0:15425] UNREGISTERED
2023-12-28 09:10:28,709 [ForkJoinPool.commonPool-worker-0] INFO  utils.DatanodeStoreCache (DatanodeStoreCache.java:removeDB(104)) - Removed db /home/runner/work/ozone/ozone/hadoop-ozone/integration-test/target/test-dir/MiniOzoneClusterImpl-7619c237-1de6-4815-bbe2-f0b52dfbd5bc/datanode-2/data-0/containers/hdds/7619c237-1de6-4815-bbe2-f0b52dfbd5bc/DS-b8d39540-c8a8-4865-9ac5-d4b8447fb21d/container.db from cache
2023-12-28 09:10:28,709 [ForkJoinPool.commonPool-worker-0] INFO  volume.HddsVolume (HddsVolume.java:closeDbStore(453)) - SchemaV3 db is stopped at /home/runner/work/ozone/ozone/hadoop-ozone/integration-test/target/test-dir/MiniOzoneClusterImpl-7619c237-1de6-4815-bbe2-f0b52dfbd5bc/datanode-2/data-0/containers/hdds/7619c237-1de6-4815-bbe2-f0b52dfbd5bc/DS-b8d39540-c8a8-4865-9ac5-d4b8447fb21d/container.db for volume DS-b8d39540-c8a8-4865-9ac5-d4b8447fb21d
2023-12-28 09:10:28,710 [ForkJoinPool.commonPool-worker-0] INFO  utils.BackgroundService (BackgroundService.java:shutdown(160)) - Shutting down service BlockDeletingService
2023-12-28 09:10:28,710 [ForkJoinPool.commonPool-worker-0] INFO  utils.BackgroundService (BackgroundService.java:shutdown(160)) - Shutting down service StaleRecoveringContainerScrubbingService
2023-12-28 09:10:28,711 [ForkJoinPool.commonPool-worker-0] INFO  statemachine.DatanodeStateMachine (DatanodeStateMachine.java:stopDaemon(638)) - Ozone container server stopped.
2023-12-28 09:10:28,714 [ForkJoinPool.commonPool-worker-0] INFO  handler.ContextHandler (ContextHandler.java:doStop(1159)) - Stopped o.e.j.w.WebAppContext@4e18e7b3{hddsDatanode,/,null,STOPPED}{jar:file:/home/runner/.m2/repository/org/apache/ozone/hdds-container-service/1.5.0-SNAPSHOT/hdds-container-service-1.5.0-SNAPSHOT.jar!/webapps/hddsDatanode}
2023-12-28 09:10:28,714 [ForkJoinPool.commonPool-worker-0] INFO  server.AbstractConnector (AbstractConnector.java:doStop(383)) - Stopped ServerConnector@4bae6360{HTTP/1.1, (http/1.1)}{0.0.0.0:15383}
2023-12-28 09:10:28,714 [ForkJoinPool.commonPool-worker-0] INFO  server.session (HouseKeeper.java:stopScavenging(149)) - node0 Stopped scavenging
2023-12-28 09:10:28,715 [ForkJoinPool.commonPool-worker-0] INFO  handler.ContextHandler (ContextHandler.java:doStop(1159)) - Stopped o.e.j.s.ServletContextHandler@1fbef3f4{static,/static,jar:file:/home/runner/.m2/repository/org/apache/ozone/hdds-container-service/1.5.0-SNAPSHOT/hdds-container-service-1.5.0-SNAPSHOT.jar!/webapps/static,STOPPED}
2023-12-28 09:10:28,715 [ForkJoinPool.commonPool-worker-0] INFO  handler.ContextHandler (ContextHandler.java:doStop(1159)) - Stopped o.e.j.s.ServletContextHandler@112a82fb{logs,/logs,file:///home/runner/work/ozone/ozone/hadoop-ozone/integration-test/target/log,STOPPED}
2023-12-28 09:10:28,716 [ForkJoinPool.commonPool-worker-0] INFO  ozone.HddsDatanodeClientProtocolServer (HddsDatanodeClientProtocolServer.java:stop(78)) - Stopping the RPC server for Client Protocol
2023-12-28 09:10:28,716 [ForkJoinPool.commonPool-worker-0] INFO  ipc.Server (Server.java:stop(3523)) - Stopping server on 15384
2023-12-28 09:10:28,716 [IPC Server listener on 15384] INFO  ipc.Server (Server.java:run(1434)) - Stopping IPC Server listener on 15384
2023-12-28 09:10:28,717 [IPC Server Responder] INFO  ipc.Server (Server.java:run(1567)) - Stopping IPC Server Responder
2023-12-28 09:10:28,758 [ForkJoinPool.commonPool-worker-3] INFO  utils.DatanodeStoreCache (DatanodeStoreCache.java:shutdownCache(110)) - Skip clearing cache in mini cluster mode. Entries left: [/home/runner/work/ozone/ozone/hadoop-ozone/integration-test/target/test-dir/MiniOzoneClusterImpl-7619c237-1de6-4815-bbe2-f0b52dfbd5bc/datanode-3/data-0/containers/hdds/7619c237-1de6-4815-bbe2-f0b52dfbd5bc/DS-01df4767-c656-4eb3-abc1-3a5d01d5da03/container.db, /home/runner/work/ozone/ozone/hadoop-ozone/integration-test/target/test-dir/MiniOzoneClusterImpl-7619c237-1de6-4815-bbe2-f0b52dfbd5bc/datanode-6/data-0/containers/hdds/7619c237-1de6-4815-bbe2-f0b52dfbd5bc/DS-f3ee87f7-7c2b-4cd0-8c3f-29ea1385fdf7/container.db, /home/runner/work/ozone/ozone/hadoop-ozone/integration-test/target/test-dir/MiniOzoneClusterImpl-7619c237-1de6-4815-bbe2-f0b52dfbd5bc/datanode-7/data-0/containers/hdds/7619c237-1de6-4815-bbe2-f0b52dfbd5bc/DS-80f051f4-7a51-4a01-ac7e-57e526cb75f1/container.db, /home/runner/work/ozone/ozone/hadoop-ozone/integration-test/target/test-dir/MiniOzoneClusterImpl-7619c237-1de6-4815-bbe2-f0b52dfbd5bc/datanode-8/data-0/containers/hdds/7619c237-1de6-4815-bbe2-f0b52dfbd5bc/DS-93b2a42a-1ab3-4f0f-9d13-72f7269aff3d/container.db]
2023-12-28 09:10:28,759 [ForkJoinPool.commonPool-worker-3] INFO  utils.DatanodeStoreCache (DatanodeStoreCache.java:removeDB(104)) - Removed db /home/runner/work/ozone/ozone/hadoop-ozone/integration-test/target/test-dir/MiniOzoneClusterImpl-7619c237-1de6-4815-bbe2-f0b52dfbd5bc/datanode-3/data-0/containers/hdds/7619c237-1de6-4815-bbe2-f0b52dfbd5bc/DS-01df4767-c656-4eb3-abc1-3a5d01d5da03/container.db from cache
2023-12-28 09:10:28,759 [ForkJoinPool.commonPool-worker-3] INFO  volume.HddsVolume (HddsVolume.java:closeDbStore(453)) - SchemaV3 db is stopped at /home/runner/work/ozone/ozone/hadoop-ozone/integration-test/target/test-dir/MiniOzoneClusterImpl-7619c237-1de6-4815-bbe2-f0b52dfbd5bc/datanode-3/data-0/containers/hdds/7619c237-1de6-4815-bbe2-f0b52dfbd5bc/DS-01df4767-c656-4eb3-abc1-3a5d01d5da03/container.db for volume DS-01df4767-c656-4eb3-abc1-3a5d01d5da03
2023-12-28 09:10:28,759 [ForkJoinPool.commonPool-worker-3] INFO  utils.BackgroundService (BackgroundService.java:shutdown(160)) - Shutting down service BlockDeletingService
2023-12-28 09:10:28,759 [ForkJoinPool.commonPool-worker-3] INFO  utils.BackgroundService (BackgroundService.java:shutdown(160)) - Shutting down service StaleRecoveringContainerScrubbingService
2023-12-28 09:10:28,760 [ForkJoinPool.commonPool-worker-3] INFO  statemachine.DatanodeStateMachine (DatanodeStateMachine.java:stopDaemon(638)) - Ozone container server stopped.
2023-12-28 09:10:28,761 [ForkJoinPool.commonPool-worker-3] INFO  handler.ContextHandler (ContextHandler.java:doStop(1159)) - Stopped o.e.j.w.WebAppContext@3892decd{hddsDatanode,/,null,STOPPED}{jar:file:/home/runner/.m2/repository/org/apache/ozone/hdds-container-service/1.5.0-SNAPSHOT/hdds-container-service-1.5.0-SNAPSHOT.jar!/webapps/hddsDatanode}
2023-12-28 09:10:28,761 [ForkJoinPool.commonPool-worker-3] INFO  server.AbstractConnector (AbstractConnector.java:doStop(383)) - Stopped ServerConnector@6e9bf992{HTTP/1.1, (http/1.1)}{0.0.0.0:15392}
2023-12-28 09:10:28,761 [ForkJoinPool.commonPool-worker-3] INFO  server.session (HouseKeeper.java:stopScavenging(149)) - node0 Stopped scavenging
2023-12-28 09:10:28,761 [ForkJoinPool.commonPool-worker-3] INFO  handler.ContextHandler (ContextHandler.java:doStop(1159)) - Stopped o.e.j.s.ServletContextHandler@21b541e4{static,/static,jar:file:/home/runner/.m2/repository/org/apache/ozone/hdds-container-service/1.5.0-SNAPSHOT/hdds-container-service-1.5.0-SNAPSHOT.jar!/webapps/static,STOPPED}
2023-12-28 09:10:28,761 [ForkJoinPool.commonPool-worker-3] INFO  handler.ContextHandler (ContextHandler.java:doStop(1159)) - Stopped o.e.j.s.ServletContextHandler@4e4d3e48{logs,/logs,file:///home/runner/work/ozone/ozone/hadoop-ozone/integration-test/target/log,STOPPED}
2023-12-28 09:10:28,762 [ForkJoinPool.commonPool-worker-3] INFO  ozone.HddsDatanodeClientProtocolServer (HddsDatanodeClientProtocolServer.java:stop(78)) - Stopping the RPC server for Client Protocol
2023-12-28 09:10:28,762 [ForkJoinPool.commonPool-worker-3] INFO  ipc.Server (Server.java:stop(3523)) - Stopping server on 15393
2023-12-28 09:10:28,762 [IPC Server Responder] INFO  ipc.Server (Server.java:run(1567)) - Stopping IPC Server Responder
2023-12-28 09:10:28,763 [IPC Server listener on 15393] INFO  ipc.Server (Server.java:run(1434)) - Stopping IPC Server listener on 15393
2023-12-28 09:10:28,945 [4a7d4f9e-b840-4b9b-8b00-1e8f80dcf0e2-impl-thread2] INFO  segmented.SegmentedRaftLogWorker (SegmentedRaftLogWorker.java:close(243)) - 4a7d4f9e-b840-4b9b-8b00-1e8f80dcf0e2@group-25F8F003D845-SegmentedRaftLogWorker close()
2023-12-28 09:10:29,011 [ebae719b-f625-4368-8547-482f3752b4ca-impl-thread1] INFO  segmented.SegmentedRaftLogWorker (SegmentedRaftLogWorker.java:close(243)) - ebae719b-f625-4368-8547-482f3752b4ca@group-04EEFC7712D5-SegmentedRaftLogWorker close()
2023-12-28 09:10:29,022 [4a7d4f9e-b840-4b9b-8b00-1e8f80dcf0e2-impl-thread1] INFO  segmented.SegmentedRaftLogWorker (SegmentedRaftLogWorker.java:close(243)) - 4a7d4f9e-b840-4b9b-8b00-1e8f80dcf0e2@group-04EEFC7712D5-SegmentedRaftLogWorker close()
2023-12-28 09:10:29,023 [JvmPauseMonitor52] INFO  util.JvmPauseMonitor (JvmPauseMonitor.java:run(152)) - JvmPauseMonitor-4a7d4f9e-b840-4b9b-8b00-1e8f80dcf0e2: Stopped
2023-12-28 09:10:29,028 [main] INFO  utils.DatanodeStoreCache (DatanodeStoreCache.java:shutdownCache(110)) - Skip clearing cache in mini cluster mode. Entries left: [/home/runner/work/ozone/ozone/hadoop-ozone/integration-test/target/test-dir/MiniOzoneClusterImpl-7619c237-1de6-4815-bbe2-f0b52dfbd5bc/datanode-6/data-0/containers/hdds/7619c237-1de6-4815-bbe2-f0b52dfbd5bc/DS-f3ee87f7-7c2b-4cd0-8c3f-29ea1385fdf7/container.db, /home/runner/work/ozone/ozone/hadoop-ozone/integration-test/target/test-dir/MiniOzoneClusterImpl-7619c237-1de6-4815-bbe2-f0b52dfbd5bc/datanode-7/data-0/containers/hdds/7619c237-1de6-4815-bbe2-f0b52dfbd5bc/DS-80f051f4-7a51-4a01-ac7e-57e526cb75f1/container.db, /home/runner/work/ozone/ozone/hadoop-ozone/integration-test/target/test-dir/MiniOzoneClusterImpl-7619c237-1de6-4815-bbe2-f0b52dfbd5bc/datanode-8/data-0/containers/hdds/7619c237-1de6-4815-bbe2-f0b52dfbd5bc/DS-93b2a42a-1ab3-4f0f-9d13-72f7269aff3d/container.db]
2023-12-28 09:10:29,029 [main] INFO  utils.DatanodeStoreCache (DatanodeStoreCache.java:removeDB(104)) - Removed db /home/runner/work/ozone/ozone/hadoop-ozone/integration-test/target/test-dir/MiniOzoneClusterImpl-7619c237-1de6-4815-bbe2-f0b52dfbd5bc/datanode-7/data-0/containers/hdds/7619c237-1de6-4815-bbe2-f0b52dfbd5bc/DS-80f051f4-7a51-4a01-ac7e-57e526cb75f1/container.db from cache
2023-12-28 09:10:29,029 [main] INFO  volume.HddsVolume (HddsVolume.java:closeDbStore(453)) - SchemaV3 db is stopped at /home/runner/work/ozone/ozone/hadoop-ozone/integration-test/target/test-dir/MiniOzoneClusterImpl-7619c237-1de6-4815-bbe2-f0b52dfbd5bc/datanode-7/data-0/containers/hdds/7619c237-1de6-4815-bbe2-f0b52dfbd5bc/DS-80f051f4-7a51-4a01-ac7e-57e526cb75f1/container.db for volume DS-80f051f4-7a51-4a01-ac7e-57e526cb75f1
2023-12-28 09:10:29,029 [main] INFO  utils.BackgroundService (BackgroundService.java:shutdown(160)) - Shutting down service BlockDeletingService
2023-12-28 09:10:29,030 [main] INFO  utils.BackgroundService (BackgroundService.java:shutdown(160)) - Shutting down service StaleRecoveringContainerScrubbingService
2023-12-28 09:10:29,030 [main] INFO  statemachine.DatanodeStateMachine (DatanodeStateMachine.java:stopDaemon(638)) - Ozone container server stopped.
2023-12-28 09:10:29,031 [main] INFO  handler.ContextHandler (ContextHandler.java:doStop(1159)) - Stopped o.e.j.w.WebAppContext@2ec59814{hddsDatanode,/,null,STOPPED}{jar:file:/home/runner/.m2/repository/org/apache/ozone/hdds-container-service/1.5.0-SNAPSHOT/hdds-container-service-1.5.0-SNAPSHOT.jar!/webapps/hddsDatanode}
2023-12-28 09:10:29,031 [main] INFO  server.AbstractConnector (AbstractConnector.java:doStop(383)) - Stopped ServerConnector@4e328fdd{HTTP/1.1, (http/1.1)}{0.0.0.0:15428}
2023-12-28 09:10:29,031 [main] INFO  server.session (HouseKeeper.java:stopScavenging(149)) - node0 Stopped scavenging
2023-12-28 09:10:29,032 [main] INFO  handler.ContextHandler (ContextHandler.java:doStop(1159)) - Stopped o.e.j.s.ServletContextHandler@15963000{static,/static,jar:file:/home/runner/.m2/repository/org/apache/ozone/hdds-container-service/1.5.0-SNAPSHOT/hdds-container-service-1.5.0-SNAPSHOT.jar!/webapps/static,STOPPED}
2023-12-28 09:10:29,032 [main] INFO  handler.ContextHandler (ContextHandler.java:doStop(1159)) - Stopped o.e.j.s.ServletContextHandler@2c22906a{logs,/logs,file:///home/runner/work/ozone/ozone/hadoop-ozone/integration-test/target/log,STOPPED}
2023-12-28 09:10:29,032 [main] INFO  ozone.HddsDatanodeClientProtocolServer (HddsDatanodeClientProtocolServer.java:stop(78)) - Stopping the RPC server for Client Protocol
2023-12-28 09:10:29,033 [main] INFO  ipc.Server (Server.java:stop(3523)) - Stopping server on 15429
2023-12-28 09:10:29,033 [IPC Server listener on 15429] INFO  ipc.Server (Server.java:run(1434)) - Stopping IPC Server listener on 15429
2023-12-28 09:10:29,033 [IPC Server Responder] INFO  ipc.Server (Server.java:run(1567)) - Stopping IPC Server Responder
2023-12-28 09:10:29,133 [ebae719b-f625-4368-8547-482f3752b4ca-impl-thread2] INFO  segmented.SegmentedRaftLogWorker (SegmentedRaftLogWorker.java:close(243)) - ebae719b-f625-4368-8547-482f3752b4ca@group-24C974523F0E-SegmentedRaftLogWorker close()
2023-12-28 09:10:29,133 [JvmPauseMonitor54] INFO  util.JvmPauseMonitor (JvmPauseMonitor.java:run(152)) - JvmPauseMonitor-ebae719b-f625-4368-8547-482f3752b4ca: Stopped
2023-12-28 09:10:29,993 [EventQueue-StaleNodeForStaleNodeHandler] INFO  node.StaleNodeHandler (StaleNodeHandler.java:onMessage(57)) - Datanode 31ca3cec-ca1e-4771-b2d4-3cf5bbdf2d7e(fv-az1384-14.e3qrh24bduyexj1tcof5x1etkc.ex.internal.cloudapp.net/10.1.0.14) moved to stale state. Finalizing its pipelines [PipelineID=4aedc44f-eddc-4949-8a7f-1e5fc0d1a1d1]
2023-12-28 09:10:29,994 [EventQueue-StaleNodeForStaleNodeHandler] INFO  pipeline.PipelineManagerImpl (PipelineManagerImpl.java:closePipeline(518)) - Pipeline PipelineID=4aedc44f-eddc-4949-8a7f-1e5fc0d1a1d1 moved to CLOSED state
2023-12-28 09:10:31,025 [ForkJoinPool.commonPool-worker-2] INFO  utils.DatanodeStoreCache (DatanodeStoreCache.java:shutdownCache(110)) - Skip clearing cache in mini cluster mode. Entries left: [/home/runner/work/ozone/ozone/hadoop-ozone/integration-test/target/test-dir/MiniOzoneClusterImpl-7619c237-1de6-4815-bbe2-f0b52dfbd5bc/datanode-6/data-0/containers/hdds/7619c237-1de6-4815-bbe2-f0b52dfbd5bc/DS-f3ee87f7-7c2b-4cd0-8c3f-29ea1385fdf7/container.db, /home/runner/work/ozone/ozone/hadoop-ozone/integration-test/target/test-dir/MiniOzoneClusterImpl-7619c237-1de6-4815-bbe2-f0b52dfbd5bc/datanode-8/data-0/containers/hdds/7619c237-1de6-4815-bbe2-f0b52dfbd5bc/DS-93b2a42a-1ab3-4f0f-9d13-72f7269aff3d/container.db]
2023-12-28 09:10:31,026 [ForkJoinPool.commonPool-worker-2] INFO  utils.DatanodeStoreCache (DatanodeStoreCache.java:removeDB(104)) - Removed db /home/runner/work/ozone/ozone/hadoop-ozone/integration-test/target/test-dir/MiniOzoneClusterImpl-7619c237-1de6-4815-bbe2-f0b52dfbd5bc/datanode-6/data-0/containers/hdds/7619c237-1de6-4815-bbe2-f0b52dfbd5bc/DS-f3ee87f7-7c2b-4cd0-8c3f-29ea1385fdf7/container.db from cache
2023-12-28 09:10:31,026 [ForkJoinPool.commonPool-worker-2] INFO  volume.HddsVolume (HddsVolume.java:closeDbStore(453)) - SchemaV3 db is stopped at /home/runner/work/ozone/ozone/hadoop-ozone/integration-test/target/test-dir/MiniOzoneClusterImpl-7619c237-1de6-4815-bbe2-f0b52dfbd5bc/datanode-6/data-0/containers/hdds/7619c237-1de6-4815-bbe2-f0b52dfbd5bc/DS-f3ee87f7-7c2b-4cd0-8c3f-29ea1385fdf7/container.db for volume DS-f3ee87f7-7c2b-4cd0-8c3f-29ea1385fdf7
2023-12-28 09:10:31,027 [ForkJoinPool.commonPool-worker-2] INFO  utils.BackgroundService (BackgroundService.java:shutdown(160)) - Shutting down service BlockDeletingService
2023-12-28 09:10:31,027 [ForkJoinPool.commonPool-worker-2] INFO  utils.BackgroundService (BackgroundService.java:shutdown(160)) - Shutting down service StaleRecoveringContainerScrubbingService
2023-12-28 09:10:31,027 [ForkJoinPool.commonPool-worker-2] INFO  statemachine.DatanodeStateMachine (DatanodeStateMachine.java:stopDaemon(638)) - Ozone container server stopped.
2023-12-28 09:10:31,028 [ForkJoinPool.commonPool-worker-2] INFO  handler.ContextHandler (ContextHandler.java:doStop(1159)) - Stopped o.e.j.w.WebAppContext@8132a63{hddsDatanode,/,null,STOPPED}{jar:file:/home/runner/.m2/repository/org/apache/ozone/hdds-container-service/1.5.0-SNAPSHOT/hdds-container-service-1.5.0-SNAPSHOT.jar!/webapps/hddsDatanode}
2023-12-28 09:10:31,029 [ForkJoinPool.commonPool-worker-2] INFO  server.AbstractConnector (AbstractConnector.java:doStop(383)) - Stopped ServerConnector@66c1db11{HTTP/1.1, (http/1.1)}{0.0.0.0:15419}
2023-12-28 09:10:31,029 [ForkJoinPool.commonPool-worker-2] INFO  server.session (HouseKeeper.java:stopScavenging(149)) - node0 Stopped scavenging
2023-12-28 09:10:31,029 [ForkJoinPool.commonPool-worker-2] INFO  handler.ContextHandler (ContextHandler.java:doStop(1159)) - Stopped o.e.j.s.ServletContextHandler@671f96a8{static,/static,jar:file:/home/runner/.m2/repository/org/apache/ozone/hdds-container-service/1.5.0-SNAPSHOT/hdds-container-service-1.5.0-SNAPSHOT.jar!/webapps/static,STOPPED}
2023-12-28 09:10:31,029 [ForkJoinPool.commonPool-worker-2] INFO  handler.ContextHandler (ContextHandler.java:doStop(1159)) - Stopped o.e.j.s.ServletContextHandler@2caf59cc{logs,/logs,file:///home/runner/work/ozone/ozone/hadoop-ozone/integration-test/target/log,STOPPED}
2023-12-28 09:10:31,029 [ForkJoinPool.commonPool-worker-2] INFO  ozone.HddsDatanodeClientProtocolServer (HddsDatanodeClientProtocolServer.java:stop(78)) - Stopping the RPC server for Client Protocol
2023-12-28 09:10:31,030 [ForkJoinPool.commonPool-worker-2] INFO  ipc.Server (Server.java:stop(3523)) - Stopping server on 15420
2023-12-28 09:10:31,030 [IPC Server listener on 15420] INFO  ipc.Server (Server.java:run(1434)) - Stopping IPC Server listener on 15420
2023-12-28 09:10:31,030 [IPC Server Responder] INFO  ipc.Server (Server.java:run(1567)) - Stopping IPC Server Responder
2023-12-28 09:10:31,135 [ForkJoinPool.commonPool-worker-1] INFO  utils.DatanodeStoreCache (DatanodeStoreCache.java:shutdownCache(110)) - Skip clearing cache in mini cluster mode. Entries left: [/home/runner/work/ozone/ozone/hadoop-ozone/integration-test/target/test-dir/MiniOzoneClusterImpl-7619c237-1de6-4815-bbe2-f0b52dfbd5bc/datanode-8/data-0/containers/hdds/7619c237-1de6-4815-bbe2-f0b52dfbd5bc/DS-93b2a42a-1ab3-4f0f-9d13-72f7269aff3d/container.db]
2023-12-28 09:10:31,136 [ForkJoinPool.commonPool-worker-1] INFO  utils.DatanodeStoreCache (DatanodeStoreCache.java:removeDB(104)) - Removed db /home/runner/work/ozone/ozone/hadoop-ozone/integration-test/target/test-dir/MiniOzoneClusterImpl-7619c237-1de6-4815-bbe2-f0b52dfbd5bc/datanode-8/data-0/containers/hdds/7619c237-1de6-4815-bbe2-f0b52dfbd5bc/DS-93b2a42a-1ab3-4f0f-9d13-72f7269aff3d/container.db from cache
2023-12-28 09:10:31,136 [ForkJoinPool.commonPool-worker-1] INFO  volume.HddsVolume (HddsVolume.java:closeDbStore(453)) - SchemaV3 db is stopped at /home/runner/work/ozone/ozone/hadoop-ozone/integration-test/target/test-dir/MiniOzoneClusterImpl-7619c237-1de6-4815-bbe2-f0b52dfbd5bc/datanode-8/data-0/containers/hdds/7619c237-1de6-4815-bbe2-f0b52dfbd5bc/DS-93b2a42a-1ab3-4f0f-9d13-72f7269aff3d/container.db for volume DS-93b2a42a-1ab3-4f0f-9d13-72f7269aff3d
2023-12-28 09:10:31,137 [ForkJoinPool.commonPool-worker-1] INFO  utils.BackgroundService (BackgroundService.java:shutdown(160)) - Shutting down service BlockDeletingService
2023-12-28 09:10:31,137 [ForkJoinPool.commonPool-worker-1] INFO  utils.BackgroundService (BackgroundService.java:shutdown(160)) - Shutting down service StaleRecoveringContainerScrubbingService
2023-12-28 09:10:31,137 [ForkJoinPool.commonPool-worker-1] INFO  statemachine.DatanodeStateMachine (DatanodeStateMachine.java:stopDaemon(638)) - Ozone container server stopped.
2023-12-28 09:10:31,138 [ForkJoinPool.commonPool-worker-1] INFO  handler.ContextHandler (ContextHandler.java:doStop(1159)) - Stopped o.e.j.w.WebAppContext@777444c3{hddsDatanode,/,null,STOPPED}{jar:file:/home/runner/.m2/repository/org/apache/ozone/hdds-container-service/1.5.0-SNAPSHOT/hdds-container-service-1.5.0-SNAPSHOT.jar!/webapps/hddsDatanode}
2023-12-28 09:10:31,139 [ForkJoinPool.commonPool-worker-1] INFO  server.AbstractConnector (AbstractConnector.java:doStop(383)) - Stopped ServerConnector@35935056{HTTP/1.1, (http/1.1)}{0.0.0.0:15437}
2023-12-28 09:10:31,139 [ForkJoinPool.commonPool-worker-1] INFO  server.session (HouseKeeper.java:stopScavenging(149)) - node0 Stopped scavenging
2023-12-28 09:10:31,139 [ForkJoinPool.commonPool-worker-1] INFO  handler.ContextHandler (ContextHandler.java:doStop(1159)) - Stopped o.e.j.s.ServletContextHandler@6d23a4cf{static,/static,jar:file:/home/runner/.m2/repository/org/apache/ozone/hdds-container-service/1.5.0-SNAPSHOT/hdds-container-service-1.5.0-SNAPSHOT.jar!/webapps/static,STOPPED}
2023-12-28 09:10:31,139 [ForkJoinPool.commonPool-worker-1] INFO  handler.ContextHandler (ContextHandler.java:doStop(1159)) - Stopped o.e.j.s.ServletContextHandler@4e1ba79a{logs,/logs,file:///home/runner/work/ozone/ozone/hadoop-ozone/integration-test/target/log,STOPPED}
2023-12-28 09:10:31,139 [ForkJoinPool.commonPool-worker-1] INFO  ozone.HddsDatanodeClientProtocolServer (HddsDatanodeClientProtocolServer.java:stop(78)) - Stopping the RPC server for Client Protocol
2023-12-28 09:10:31,139 [ForkJoinPool.commonPool-worker-1] INFO  ipc.Server (Server.java:stop(3523)) - Stopping server on 15438
2023-12-28 09:10:31,143 [IPC Server Responder] INFO  ipc.Server (Server.java:run(1567)) - Stopping IPC Server Responder
2023-12-28 09:10:31,143 [IPC Server listener on 15438] INFO  ipc.Server (Server.java:run(1434)) - Stopping IPC Server listener on 15438
2023-12-28 09:10:31,143 [main] INFO  ozone.MiniOzoneClusterImpl (MiniOzoneClusterImpl.java:stopSCM(552)) - Stopping the StorageContainerManager
2023-12-28 09:10:31,143 [main] INFO  server.StorageContainerManager (StorageContainerManager.java:stop(1627)) - Container Balancer is not running.
2023-12-28 09:10:31,144 [main] INFO  server.StorageContainerManager (StorageContainerManager.java:stopReplicationManager(1760)) - Stopping Replication Manager Service.
2023-12-28 09:10:31,144 [main] INFO  replication.ReplicationManager (ReplicationManager.java:stop(326)) - Stopping Replication Monitor Thread.
2023-12-28 09:10:31,144 [main] INFO  server.StorageContainerManager (StorageContainerManager.java:stop(1636)) - Stopping the Datanode Admin Monitor.
2023-12-28 09:10:31,144 [UnderReplicatedProcessor] WARN  replication.UnhealthyReplicationProcessor (UnhealthyReplicationProcessor.java:run(180)) - UnderReplicatedProcessor interrupted. Exiting...
2023-12-28 09:10:31,144 [ReplicationMonitor] INFO  replication.ReplicationManager (ReplicationManager.java:run(933)) - Replication Monitor Thread is stopped
2023-12-28 09:10:31,144 [OverReplicatedProcessor] WARN  replication.UnhealthyReplicationProcessor (UnhealthyReplicationProcessor.java:run(180)) - OverReplicatedProcessor interrupted. Exiting...
2023-12-28 09:10:31,144 [main] INFO  server.StorageContainerManager (StorageContainerManager.java:stop(1643)) - Stopping datanode service RPC server
2023-12-28 09:10:31,145 [main] INFO  server.SCMDatanodeProtocolServer (SCMDatanodeProtocolServer.java:stop(424)) - Stopping the RPC server for DataNodes
2023-12-28 09:10:31,145 [main] INFO  ipc.Server (Server.java:stop(3523)) - Stopping server on 15358
2023-12-28 09:10:31,146 [IPC Server listener on 15358] INFO  ipc.Server (Server.java:run(1434)) - Stopping IPC Server listener on 15358
2023-12-28 09:10:31,146 [IPC Server Responder] INFO  ipc.Server (Server.java:run(1567)) - Stopping IPC Server Responder
2023-12-28 09:10:31,194 [SCMHeartbeatProcessor-0] WARN  node.NodeStateManager (NodeStateManager.java:scheduleNextHealthCheck(878)) - Current Thread is interrupted, shutting down HB processing thread for Node Manager.
2023-12-28 09:10:31,194 [main] INFO  server.StorageContainerManager (StorageContainerManager.java:stop(1651)) - Stopping block service RPC server
2023-12-28 09:10:31,194 [main] INFO  server.SCMBlockProtocolServer (SCMBlockProtocolServer.java:stop(168)) - Stopping the RPC server for Block Protocol
2023-12-28 09:10:31,194 [main] INFO  ipc.Server (Server.java:stop(3523)) - Stopping server on 15357
2023-12-28 09:10:31,195 [IPC Server Responder] INFO  ipc.Server (Server.java:run(1567)) - Stopping IPC Server Responder
2023-12-28 09:10:31,195 [IPC Server listener on 15357] INFO  ipc.Server (Server.java:run(1434)) - Stopping IPC Server listener on 15357
2023-12-28 09:10:31,196 [main] INFO  server.StorageContainerManager (StorageContainerManager.java:stop(1658)) - Stopping the StorageContainerLocationProtocol RPC server
2023-12-28 09:10:31,196 [main] INFO  server.SCMClientProtocolServer (SCMClientProtocolServer.java:stop(210)) - Stopping the RPC server for Client Protocol
2023-12-28 09:10:31,196 [main] INFO  ipc.Server (Server.java:stop(3523)) - Stopping server on 15356
2023-12-28 09:10:31,197 [IPC Server Responder] INFO  ipc.Server (Server.java:run(1567)) - Stopping IPC Server Responder
2023-12-28 09:10:31,197 [IPC Server listener on 15356] INFO  ipc.Server (Server.java:run(1434)) - Stopping IPC Server listener on 15356
2023-12-28 09:10:31,198 [main] INFO  server.StorageContainerManager (StorageContainerManager.java:stop(1665)) - Stopping Storage Container Manager HTTP server.
2023-12-28 09:10:31,198 [main] INFO  handler.ContextHandler (ContextHandler.java:doStop(1159)) - Stopped o.e.j.w.WebAppContext@2cdf0670{scm,/,null,STOPPED}{file:/home/runner/work/ozone/ozone/hadoop-ozone/integration-test/target/test-classes/webapps/scm}
2023-12-28 09:10:31,199 [main] INFO  server.AbstractConnector (AbstractConnector.java:doStop(383)) - Stopped ServerConnector@67b0c5a9{HTTP/1.1, (http/1.1)}{0.0.0.0:15359}
2023-12-28 09:10:31,199 [main] INFO  server.session (HouseKeeper.java:stopScavenging(149)) - node0 Stopped scavenging
2023-12-28 09:10:31,199 [main] INFO  handler.ContextHandler (ContextHandler.java:doStop(1159)) - Stopped o.e.j.s.ServletContextHandler@3061ada4{static,/static,file:///home/runner/work/ozone/ozone/hadoop-ozone/integration-test/target/test-classes/webapps/static,STOPPED}
2023-12-28 09:10:31,199 [main] INFO  handler.ContextHandler (ContextHandler.java:doStop(1159)) - Stopped o.e.j.s.ServletContextHandler@3facdde8{logs,/logs,file:///home/runner/work/ozone/ozone/hadoop-ozone/integration-test/target/log,STOPPED}
2023-12-28 09:10:31,200 [main] INFO  server.StorageContainerManager (StorageContainerManager.java:stop(1673)) - Stopping SCM LayoutVersionManager Service.
2023-12-28 09:10:31,200 [main] INFO  server.StorageContainerManager (StorageContainerManager.java:stop(1685)) - Stopping Block Manager Service.
2023-12-28 09:10:31,200 [main] INFO  utils.BackgroundService (BackgroundService.java:shutdown(160)) - Shutting down service SCMBlockDeletingService
2023-12-28 09:10:31,200 [main] INFO  utils.BackgroundService (BackgroundService.java:shutdown(160)) - Shutting down service SCMBlockDeletingService
2023-12-28 09:10:31,200 [main] INFO  server.StorageContainerManager (StorageContainerManager.java:stop(1705)) - Stopping SCM Event Queue.
2023-12-28 09:10:31,201 [JvmPauseMonitor44] INFO  util.JvmPauseMonitor (JvmPauseMonitor.java:run(152)) - JvmPauseMonitor-f7ef0a15-4896-4b3f-99b2-8087cb07b61e: Stopped
2023-12-28 09:10:31,201 [main] INFO  server.StorageContainerManager (StorageContainerManager.java:stop(1716)) - Stopping SCM HA services.
2023-12-28 09:10:31,201 [main] INFO  pipeline.BackgroundPipelineCreator (BackgroundPipelineCreator.java:stop(152)) - Stopping RatisPipelineUtilsThread.
2023-12-28 09:10:31,201 [RatisPipelineUtilsThread-0] WARN  pipeline.BackgroundPipelineCreator (BackgroundPipelineCreator.java:run(183)) - RatisPipelineUtilsThread is interrupted.
2023-12-28 09:10:31,201 [main] INFO  BackgroundPipelineScrubber (BackgroundSCMService.java:stop(131)) - Stopping BackgroundPipelineScrubber Service.
2023-12-28 09:10:31,201 [BackgroundPipelineScrubber] WARN  BackgroundPipelineScrubber (BackgroundSCMService.java:run(115)) - BackgroundPipelineScrubber is interrupted, exit
2023-12-28 09:10:31,202 [main] INFO  impl.MetricsSystemImpl (MetricsSystemImpl.java:stop(210)) - Stopping HddsDatanode metrics system...
2023-12-28 09:10:31,204 [prometheus] INFO  impl.MetricsSinkAdapter (MetricsSinkAdapter.java:publishMetricsFromQueue(141)) - prometheus thread interrupted.
2023-12-28 09:10:31,207 [main] INFO  impl.MetricsSystemImpl (MetricsSystemImpl.java:stop(216)) - HddsDatanode metrics system stopped.
2023-12-28 09:10:31,208 [main] WARN  pipeline.BackgroundPipelineCreator (BackgroundPipelineCreator.java:stop(148)) - RatisPipelineUtilsThread is not running, just ignore.
2023-12-28 09:10:31,208 [main] INFO  BackgroundPipelineScrubber (BackgroundSCMService.java:stop(126)) - BackgroundPipelineScrubber Service is not running, skip stop.
2023-12-28 09:10:31,208 [ExpiredContainerReplicaOpScrubber] WARN  ExpiredContainerReplicaOpScrubber (BackgroundSCMService.java:run(115)) - ExpiredContainerReplicaOpScrubber is interrupted, exit
2023-12-28 09:10:31,208 [main] INFO  ExpiredContainerReplicaOpScrubber (BackgroundSCMService.java:stop(131)) - Stopping ExpiredContainerReplicaOpScrubber Service.
2023-12-28 09:10:31,213 [main] INFO  utils.BackgroundService (BackgroundService.java:shutdown(160)) - Shutting down service SCMBlockDeletingService
2023-12-28 09:10:31,213 [main] INFO  replication.ReplicationManager (ReplicationManager.java:stop(336)) - Replication Monitor Thread is not running.
2023-12-28 09:10:31,213 [main] WARN  balancer.ContainerBalancer (ContainerBalancer.java:stop(327)) - Cannot stop Container Balancer because it's not running or stopping
2023-12-28 09:10:31,213 [LeaseManager#LeaseMonitor] WARN  lease.LeaseManager (LeaseManager.java:run(287)) - Lease manager is interrupted. Shutting down...
java.lang.InterruptedException
	at java.util.concurrent.locks.AbstractQueuedSynchronizer.doAcquireSharedNanos(AbstractQueuedSynchronizer.java:1039)
	at java.util.concurrent.locks.AbstractQueuedSynchronizer.tryAcquireSharedNanos(AbstractQueuedSynchronizer.java:1328)
	at java.util.concurrent.Semaphore.tryAcquire(Semaphore.java:409)
	at org.apache.hadoop.ozone.lease.LeaseManager$LeaseMonitor.run(LeaseManager.java:285)
	at java.lang.Thread.run(Thread.java:750)
2023-12-28 09:10:31,213 [main] INFO  server.StorageContainerManager (StorageContainerManager.java:stop(1751)) - Stopping SCM MetadataStore.
2023-12-28 09:10:31,260 [main] INFO  db.CodecTestUtil (CodecTestUtil.java:gc(47)) - gc 0
]]></system-out>
    </flakyFailure>
    <flakyFailure message="expected: &lt;false&gt; but was: &lt;true&gt;" type="org.opentest4j.AssertionFailedError">
      <stackTrace><![CDATA[org.opentest4j.AssertionFailedError: expected: <false> but was: <true>
	at org.junit.jupiter.api.AssertionFailureBuilder.build(AssertionFailureBuilder.java:151)
	at org.junit.jupiter.api.AssertionFailureBuilder.buildAndThrow(AssertionFailureBuilder.java:132)
	at org.junit.jupiter.api.AssertFalse.failNotFalse(AssertFalse.java:63)
	at org.junit.jupiter.api.AssertFalse.assertFalse(AssertFalse.java:36)
	at org.junit.jupiter.api.AssertFalse.assertFalse(AssertFalse.java:31)
	at org.junit.jupiter.api.Assertions.assertFalse(Assertions.java:231)
	at org.apache.hadoop.ozone.client.rpc.TestWatchForCommit.testWatchForCommitForRetryfailure(TestWatchForCommit.java:293)
	at java.lang.reflect.Method.invoke(Method.java:498)
	at java.util.ArrayList.forEach(ArrayList.java:1259)
	at java.util.ArrayList.forEach(ArrayList.java:1259)
]]></stackTrace>
      <system-out><![CDATA[2023-12-28 09:10:31,596 [main] WARN  server.ServerUtils (ServerUtils.java:getScmDbDir(155)) - ozone.scm.db.dirs is not configured. We recommend adding this setting. Falling back to ozone.metadata.dirs instead.
2023-12-28 09:10:31,603 [main] WARN  server.ServerUtils (ServerUtils.java:getScmDbDir(155)) - ozone.scm.db.dirs is not configured. We recommend adding this setting. Falling back to ozone.metadata.dirs instead.
2023-12-28 09:10:31,603 [main] INFO  ha.SCMHANodeDetails (SCMHANodeDetails.java:loadSCMHAConfig(210)) - ServiceID for StorageContainerManager is null
2023-12-28 09:10:31,604 [main] INFO  ha.SCMHANodeDetails (SCMHANodeDetails.java:loadSCMHAConfig(215)) - ozone.scm.default.service.id is not defined, falling back to ozone.scm.service.ids to find serviceID for StorageContainerManager if it is HA enabled cluster
2023-12-28 09:10:31,604 [main] WARN  utils.HAUtils (HAUtils.java:getMetaDir(339)) - ozone.scm.db.dirs is not configured. We recommend adding this setting. Falling back to ozone.metadata.dirs instead.
2023-12-28 09:10:31,604 [main] WARN  db.DBStoreBuilder (DBStoreBuilder.java:applyDBDefinition(167)) - ozone.scm.db.dirs is not configured. We recommend adding this setting. Falling back to ozone.metadata.dirs instead.
2023-12-28 09:10:31,702 [main] INFO  net.NodeSchemaLoader (NodeSchemaLoader.java:loadSchemaFromFile(129)) - Loading schema from [jar:file:/home/runner/.m2/repository/org/apache/ozone/hdds-common/1.5.0-SNAPSHOT/hdds-common-1.5.0-SNAPSHOT.jar!/network-topology-default.xml]
2023-12-28 09:10:31,702 [main] INFO  net.NodeSchemaLoader (NodeSchemaLoader.java:loadSchema(176)) - Loading network topology layer schema file
2023-12-28 09:10:31,704 [main] INFO  upgrade.AbstractLayoutVersionManager (AbstractLayoutVersionManager.java:init(83)) - Initializing Layout version manager with metadata layout = HADOOP_PRC_PORTS_IN_DATANODEDETAILS (version = 7), software layout = HADOOP_PRC_PORTS_IN_DATANODEDETAILS (version = 7)
2023-12-28 09:10:31,705 [main] INFO  ha.SequenceIdGenerator (SequenceIdGenerator.java:upgradeToSequenceId(370)) - upgrade localId to 111677748019200000
2023-12-28 09:10:31,706 [main] INFO  ha.SequenceIdGenerator (SequenceIdGenerator.java:upgradeToSequenceId(380)) - upgrade delTxnId to 0
2023-12-28 09:10:31,707 [main] INFO  ha.SequenceIdGenerator (SequenceIdGenerator.java:upgradeToSequenceId(397)) - upgrade containerId to 0
2023-12-28 09:10:31,708 [main] INFO  ha.SequenceIdGenerator (SequenceIdGenerator.java:upgradeToCertificateSequenceId(444)) - upgrade CertificateId to 2
2023-12-28 09:10:31,708 [main] INFO  ha.SequenceIdGenerator (SequenceIdGenerator.java:<init>(241)) - Init the HA SequenceIdGenerator.
2023-12-28 09:10:31,709 [main] INFO  node.SCMNodeManager (SCMNodeManager.java:<init>(173)) - Entering startup safe mode.
2023-12-28 09:10:31,709 [main] INFO  algorithms.ContainerPlacementPolicyFactory (ContainerPlacementPolicyFactory.java:getPolicyInternal(86)) - Create container placement policy of type org.apache.hadoop.hdds.scm.container.placement.algorithms.SCMContainerPlacementRackAware
2023-12-28 09:10:31,710 [main] INFO  algorithms.ContainerPlacementPolicyFactory (ContainerPlacementPolicyFactory.java:getPolicyInternal(86)) - Create container placement policy of type org.apache.hadoop.hdds.scm.container.placement.algorithms.SCMContainerPlacementRackScatter
2023-12-28 09:10:31,710 [main] INFO  pipeline.PipelineStateManagerImpl (PipelineStateManagerImpl.java:initialize(78)) - No pipeline exists in current db
2023-12-28 09:10:31,710 [main] INFO  algorithms.LeaderChoosePolicyFactory (LeaderChoosePolicyFactory.java:getPolicy(57)) - Create leader choose policy of type org.apache.hadoop.hdds.scm.pipeline.leader.choose.algorithms.MinLeaderCountChoosePolicy
2023-12-28 09:10:31,710 [main] INFO  algorithms.ContainerPlacementPolicyFactory (ContainerPlacementPolicyFactory.java:getPolicyInternal(86)) - Create container placement policy of type org.apache.hadoop.hdds.scm.container.placement.algorithms.SCMContainerPlacementRackScatter
2023-12-28 09:10:31,711 [main] INFO  ha.SCMServiceManager (SCMServiceManager.java:register(42)) - Registering service BackgroundPipelineCreator.
2023-12-28 09:10:31,711 [main] INFO  pipeline.BackgroundPipelineCreator (BackgroundPipelineCreator.java:start(127)) - Starting RatisPipelineUtilsThread.
2023-12-28 09:10:31,711 [main] INFO  BackgroundPipelineScrubber (BackgroundSCMService.java:start(68)) - Starting BackgroundPipelineScrubber Service.
2023-12-28 09:10:31,711 [main] INFO  ha.SCMServiceManager (SCMServiceManager.java:register(42)) - Registering service BackgroundPipelineScrubber.
2023-12-28 09:10:31,711 [main] INFO  ExpiredContainerReplicaOpScrubber (BackgroundSCMService.java:start(68)) - Starting ExpiredContainerReplicaOpScrubber Service.
2023-12-28 09:10:31,712 [main] INFO  ha.SCMServiceManager (SCMServiceManager.java:register(42)) - Registering service ExpiredContainerReplicaOpScrubber.
2023-12-28 09:10:31,712 [main] INFO  algorithms.PipelineChoosePolicyFactory (PipelineChoosePolicyFactory.java:createPipelineChoosePolicyFromClass(78)) - Create pipeline choose policy of type org.apache.hadoop.hdds.scm.pipeline.choose.algorithms.RandomPipelineChoosePolicy
2023-12-28 09:10:31,713 [main] INFO  algorithms.PipelineChoosePolicyFactory (PipelineChoosePolicyFactory.java:createPipelineChoosePolicyFromClass(78)) - Create pipeline choose policy of type org.apache.hadoop.hdds.scm.pipeline.choose.algorithms.RandomPipelineChoosePolicy
2023-12-28 09:10:31,713 [main] INFO  ha.SCMServiceManager (SCMServiceManager.java:register(42)) - Registering service SCMBlockDeletingService.
2023-12-28 09:10:31,714 [main] INFO  replication.ReplicationManager (ReplicationManager.java:start(294)) - Starting Replication Monitor Thread.
2023-12-28 09:10:31,714 [ReplicationMonitor] INFO  replication.ReplicationManager (ReplicationManager.java:processAll(369)) - Replication Manager is not ready to run until 3000ms after safemode exit
2023-12-28 09:10:31,714 [main] INFO  ha.SCMServiceManager (SCMServiceManager.java:register(42)) - Registering service ReplicationManager.
2023-12-28 09:10:31,715 [main] INFO  safemode.ContainerSafeModeRule (ContainerSafeModeRule.java:<init>(91)) - containers with one replica threshold count 0
2023-12-28 09:10:31,715 [main] INFO  safemode.HealthyPipelineSafeModeRule (HealthyPipelineSafeModeRule.java:initializeRule(176)) - Total pipeline count is 0, healthy pipeline threshold count is 1
2023-12-28 09:10:31,715 [main] INFO  safemode.OneReplicaPipelineSafeModeRule (OneReplicaPipelineSafeModeRule.java:initializeRule(193)) - Total pipeline count is 0, pipeline's with at least one datanode reported threshold count is 0
2023-12-28 09:10:31,716 [main] INFO  server.StorageContainerManager (StorageContainerManager.java:<init>(438)) - SCM start with adminUsers: [runner]
2023-12-28 09:10:31,716 [main] INFO  ipc.CallQueueManager (CallQueueManager.java:<init>(90)) - Using callQueue: class java.util.concurrent.LinkedBlockingQueue, queueCapacity: 2000, scheduler: class org.apache.hadoop.ipc.DefaultRpcScheduler, ipcBackoff: false.
2023-12-28 09:10:31,716 [main] INFO  ipc.Server (Server.java:<init>(1287)) - Listener at 0.0.0.0:15447
2023-12-28 09:10:31,716 [Socket Reader #1 for port 15447] INFO  ipc.Server (Server.java:run(1323)) - Starting Socket Reader #1 for port 15447
2023-12-28 09:10:31,717 [main] INFO  ipc.CallQueueManager (CallQueueManager.java:<init>(90)) - Using callQueue: class java.util.concurrent.LinkedBlockingQueue, queueCapacity: 2000, scheduler: class org.apache.hadoop.ipc.DefaultRpcScheduler, ipcBackoff: false.
2023-12-28 09:10:31,717 [main] INFO  ipc.Server (Server.java:<init>(1287)) - Listener at 0.0.0.0:15446
2023-12-28 09:10:31,717 [Socket Reader #1 for port 15446] INFO  ipc.Server (Server.java:run(1323)) - Starting Socket Reader #1 for port 15446
2023-12-28 09:10:31,718 [main] INFO  ipc.CallQueueManager (CallQueueManager.java:<init>(90)) - Using callQueue: class java.util.concurrent.LinkedBlockingQueue, queueCapacity: 2000, scheduler: class org.apache.hadoop.ipc.DefaultRpcScheduler, ipcBackoff: false.
2023-12-28 09:10:31,718 [main] INFO  ipc.Server (Server.java:<init>(1287)) - Listener at 0.0.0.0:15445
2023-12-28 09:10:31,718 [Socket Reader #1 for port 15445] INFO  ipc.Server (Server.java:run(1323)) - Starting Socket Reader #1 for port 15445
2023-12-28 09:10:31,721 [main] INFO  ha.SCMServiceManager (SCMServiceManager.java:register(42)) - Registering service ContainerBalancer.
2023-12-28 09:10:31,721 [main] INFO  server.StorageContainerManager (StorageContainerManager.java:<init>(451)) - 
Container Balancer status:
Key                            Value
Running                        false
Container Balancer Configuration values:
Key                                                Value
Threshold                                          10
Max Datanodes to Involve per Iteration(percent)    20
Max Size to Move per Iteration                     500GB
Max Size Entering Target per Iteration             26GB
Max Size Leaving Source per Iteration              26GB
Number of Iterations                               10
Time Limit for Single Container's Movement         65min
Time Limit for Single Container's Replication      50min
Interval between each Iteration                    70min
Whether to Enable Network Topology                 false
Whether to Trigger Refresh Datanode Usage Info     false
Container IDs to Exclude from Balancing            None
Datanodes Specified to be Balanced                 None
Datanodes Excluded from Balancing                  None

2023-12-28 09:10:31,721 [main] INFO  ha.SCMContext (SCMContext.java:updateSafeModeStatus(230)) - Update SafeModeStatus from SafeModeStatus{safeModeStatus=true, preCheckPassed=false} to SafeModeStatus{safeModeStatus=true, preCheckPassed=false}.
2023-12-28 09:10:31,721 [main] INFO  server.StorageContainerManager (StorageContainerManager.java:start(1519)) - StorageContainerLocationProtocol RPC server is listening at /0.0.0.0:15445
2023-12-28 09:10:31,723 [main] WARN  impl.MetricsConfig (MetricsConfig.java:loadFirst(136)) - Cannot locate configuration: tried hadoop-metrics2-storagecontainermanager.properties,hadoop-metrics2.properties
2023-12-28 09:10:31,723 [main] INFO  impl.MetricsSystemImpl (MetricsSystemImpl.java:startTimer(378)) - Scheduled Metric snapshot period at 10 second(s).
2023-12-28 09:10:31,723 [main] INFO  impl.MetricsSystemImpl (MetricsSystemImpl.java:start(191)) - StorageContainerManager metrics system started
2023-12-28 09:10:31,736 [main] INFO  impl.MetricsSinkAdapter (MetricsSinkAdapter.java:start(204)) - Sink prometheus started
2023-12-28 09:10:31,736 [main] INFO  impl.MetricsSystemImpl (MetricsSystemImpl.java:registerSink(305)) - Registered sink prometheus
2023-12-28 09:10:31,748 [main] INFO  server.SCMClientProtocolServer (SCMClientProtocolServer.java:start(201)) - RPC server for Client  is listening at /0.0.0.0:15445
2023-12-28 09:10:31,748 [IPC Server Responder] INFO  ipc.Server (Server.java:run(1562)) - IPC Server Responder: starting
2023-12-28 09:10:31,748 [IPC Server listener on 15445] INFO  ipc.Server (Server.java:run(1402)) - IPC Server listener on 15445: starting
2023-12-28 09:10:31,750 [main] INFO  server.StorageContainerManager (StorageContainerManager.java:start(1532)) - ScmBlockLocationProtocol RPC server is listening at /0.0.0.0:15446
2023-12-28 09:10:31,750 [main] INFO  server.SCMBlockProtocolServer (SCMBlockProtocolServer.java:start(159)) - RPC server for Block Protocol is listening at /0.0.0.0:15446
2023-12-28 09:10:31,750 [IPC Server Responder] INFO  ipc.Server (Server.java:run(1562)) - IPC Server Responder: starting
2023-12-28 09:10:31,750 [IPC Server listener on 15446] INFO  ipc.Server (Server.java:run(1402)) - IPC Server listener on 15446: starting
2023-12-28 09:10:31,759 [main] INFO  server.SCMDatanodeProtocolServer (SCMDatanodeProtocolServer.java:start(193)) - ScmDatanodeProtocol RPC server for DataNodes is listening at /0.0.0.0:15447
2023-12-28 09:10:31,759 [IPC Server Responder] INFO  ipc.Server (Server.java:run(1562)) - IPC Server Responder: starting
2023-12-28 09:10:31,759 [IPC Server listener on 15447] INFO  ipc.Server (Server.java:run(1402)) - IPC Server listener on 15447: starting
2023-12-28 09:10:31,764 [JvmPauseMonitor55] INFO  util.JvmPauseMonitor (JvmPauseMonitor.java:run(146)) - JvmPauseMonitor-a2689e2c-7793-4bae-83d7-60c85245a98b: Started
2023-12-28 09:10:31,764 [main] INFO  http.BaseHttpServer (BaseHttpServer.java:newHttpServer2BuilderForOzone(223)) - Starting Web-server for scm at: http://0.0.0.0:15448
2023-12-28 09:10:31,764 [main] INFO  http.BaseHttpServer (BaseHttpServer.java:<init>(110)) - Hadoop Security Enabled: false Ozone Security Enabled: false Ozone HTTP Security Enabled: false 
2023-12-28 09:10:31,765 [main] WARN  server.AuthenticationFilter (AuthenticationFilter.java:constructSecretProvider(240)) - Unable to initialize FileSignerSecretProvider, falling back to use random secrets. Reason: Could not read signature secret file: /home/runner/hadoop-http-auth-signature-secret
2023-12-28 09:10:31,765 [main] INFO  http.HttpRequestLog (HttpRequestLog.java:getRequestLog(86)) - Http request log for http.requests.scm is not defined
2023-12-28 09:10:31,766 [main] INFO  http.HttpServer2 (HttpServer2.java:addGlobalFilter(1036)) - Added global filter 'safety' (class=org.apache.hadoop.hdds.server.http.HttpServer2$QuotingInputFilter)
2023-12-28 09:10:31,766 [main] INFO  http.HttpServer2 (HttpServer2.java:addFilter(1012)) - Added filter static_user_filter (class=org.apache.hadoop.http.lib.StaticUserWebFilter$StaticUserFilter) to context scm
2023-12-28 09:10:31,767 [main] INFO  http.HttpServer2 (HttpServer2.java:addFilter(1020)) - Added filter static_user_filter (class=org.apache.hadoop.http.lib.StaticUserWebFilter$StaticUserFilter) to context logs
2023-12-28 09:10:31,767 [main] INFO  http.HttpServer2 (HttpServer2.java:addFilter(1020)) - Added filter static_user_filter (class=org.apache.hadoop.http.lib.StaticUserWebFilter$StaticUserFilter) to context static
2023-12-28 09:10:31,767 [main] INFO  http.BaseHttpServer (BaseHttpServer.java:<init>(189)) - HTTP server of scm uses base directory /home/runner/work/ozone/ozone/hadoop-ozone/integration-test/target/test-dir/MiniOzoneClusterImpl-11b76480-f5fe-46c6-962b-c791e86a534f/ozone-meta/webserver
2023-12-28 09:10:31,767 [main] INFO  http.HttpServer2 (HttpServer2.java:bindListener(1236)) - Jetty bound to port 15448
2023-12-28 09:10:31,767 [main] INFO  server.Server (Server.java:doStart(375)) - jetty-9.4.53.v20231009; built: 2023-10-09T12:29:09.265Z; git: 27bde00a0b95a1d5bbee0eae7984f891d2d0f8c9; jvm 1.8.0_392-b08
2023-12-28 09:10:31,768 [main] INFO  server.session (DefaultSessionIdManager.java:doStart(334)) - DefaultSessionIdManager workerName=node0
2023-12-28 09:10:31,768 [main] INFO  server.session (DefaultSessionIdManager.java:doStart(339)) - No SessionScavenger set, using defaults
2023-12-28 09:10:31,768 [main] INFO  server.session (HouseKeeper.java:startScavenging(132)) - node0 Scavenging every 660000ms
2023-12-28 09:10:31,769 [main] INFO  handler.ContextHandler (ContextHandler.java:doStart(921)) - Started o.e.j.s.ServletContextHandler@21a33970{logs,/logs,file:///home/runner/work/ozone/ozone/hadoop-ozone/integration-test/target/log,AVAILABLE}
2023-12-28 09:10:31,769 [main] INFO  handler.ContextHandler (ContextHandler.java:doStart(921)) - Started o.e.j.s.ServletContextHandler@22108d2b{static,/static,file:///home/runner/work/ozone/ozone/hadoop-ozone/integration-test/target/test-classes/webapps/static,AVAILABLE}
2023-12-28 09:10:31,771 [main] INFO  handler.ContextHandler (ContextHandler.java:doStart(921)) - Started o.e.j.w.WebAppContext@576648bd{scm,/,file:///home/runner/work/ozone/ozone/hadoop-ozone/integration-test/target/test-classes/webapps/scm/,AVAILABLE}{file:/home/runner/work/ozone/ozone/hadoop-ozone/integration-test/target/test-classes/webapps/scm}
2023-12-28 09:10:31,771 [main] INFO  server.AbstractConnector (AbstractConnector.java:doStart(333)) - Started ServerConnector@6cbd4f7b{HTTP/1.1, (http/1.1)}{0.0.0.0:15448}
2023-12-28 09:10:31,771 [main] INFO  server.Server (Server.java:doStart(415)) - Started @176789ms
2023-12-28 09:10:31,771 [main] WARN  impl.MetricsSystemImpl (MetricsSystemImpl.java:register(279)) - Sink prometheus already exists!
2023-12-28 09:10:31,772 [main] INFO  http.BaseHttpServer (BaseHttpServer.java:updateConnectorAddress(354)) - HTTP server of scm listening at http://0.0.0.0:15448
2023-12-28 09:10:31,772 [main] WARN  server.ServerUtils (ServerUtils.java:getDBPath(311)) - ozone.om.db.dirs is not configured. We recommend adding this setting. Falling back to ozone.metadata.dirs instead.
2023-12-28 09:10:31,773 [main] INFO  ha.OMHANodeDetails (OMHANodeDetails.java:loadOMHAConfig(115)) - ozone.om.internal.service.id is not defined, falling back to ozone.om.service.ids to find serviceID for OzoneManager if it is HA enabled cluster
2023-12-28 09:10:31,773 [main] INFO  ha.OMHANodeDetails (OMHANodeDetails.java:loadOMHAConfig(226)) - Configuration does not have ozone.om.address set. Falling back to the default OM address /127.0.0.1:15449
2023-12-28 09:10:31,773 [main] INFO  ha.OMHANodeDetails (OMHANodeDetails.java:getOMNodeDetailsForNonHA(254)) - OM Service ID is not set. Setting it to the default ID: omServiceIdDefault
2023-12-28 09:10:31,773 [main] INFO  ha.OMHANodeDetails (OMHANodeDetails.java:getOMNodeDetailsForNonHA(261)) - OM Node ID is not set. Setting it to the default ID: om1
2023-12-28 09:10:31,773 [main] WARN  server.ServerUtils (ServerUtils.java:getDBPath(311)) - ozone.om.db.dirs is not configured. We recommend adding this setting. Falling back to ozone.metadata.dirs instead.
2023-12-28 09:10:31,774 [main] INFO  upgrade.AbstractLayoutVersionManager (AbstractLayoutVersionManager.java:init(83)) - Initializing Layout version manager with metadata layout = QUOTA (version = 6), software layout = QUOTA (version = 6)
2023-12-28 09:10:31,812 [main] INFO  reflections.Reflections (Reflections.java:scan(232)) - Reflections took 37 ms to scan 2 urls, producing 189 keys and 528 values [using 4 cores]
2023-12-28 09:10:31,813 [main] INFO  upgrade.OMLayoutVersionManager (OMLayoutVersionManager.java:lambda$0(115)) - Skipping Upgrade Action QuotaRepairUpgradeAction since it has been finalized.
2023-12-28 09:10:31,813 [main] INFO  upgrade.OMLayoutVersionManager (OMLayoutVersionManager.java:lambda$0(115)) - Skipping Upgrade Action MockOmUpgradeAction since it has been finalized.
2023-12-28 09:10:31,813 [main] WARN  server.ServerUtils (ServerUtils.java:getDBPath(311)) - ozone.om.db.dirs is not configured. We recommend adding this setting. Falling back to ozone.metadata.dirs instead.
2023-12-28 09:10:31,814 [main] INFO  proxy.SCMBlockLocationFailoverProxyProvider (SCMBlockLocationFailoverProxyProvider.java:<init>(115)) - Created block location fail-over proxy with 1 nodes: [nodeId=scmNodeId,nodeAddress=/0.0.0.0:15446]
2023-12-28 09:10:31,815 [main] INFO  proxy.SCMBlockLocationFailoverProxyProvider (SCMBlockLocationFailoverProxyProvider.java:<init>(115)) - Created block location fail-over proxy with 1 nodes: [nodeId=scmNodeId,nodeAddress=/0.0.0.0:15446]
2023-12-28 09:10:31,818 [main] INFO  om.OzoneManager (OzoneManager.java:<init>(675)) - OM start with adminUsers: [runner]
2023-12-28 09:10:31,819 [main] WARN  server.ServerUtils (ServerUtils.java:getDBPath(311)) - ozone.om.db.dirs is not configured. We recommend adding this setting. Falling back to ozone.metadata.dirs instead.
2023-12-28 09:10:31,819 [main] INFO  helpers.OmKeyInfo (OmKeyInfo.java:getCodec(71)) - OmKeyInfo.getCodec ignorePipeline = true
2023-12-28 09:10:31,955 [main] INFO  om.OzoneManager (OzoneManager.java:instantiateServices(807)) - S3 Multi-Tenancy is disabled
2023-12-28 09:10:31,956 [main] INFO  om.OmSnapshotManager (OmSnapshotManager.java:<init>(176)) - Ozone filesystem snapshot feature is enabled.
2023-12-28 09:10:31,956 [main] WARN  server.ServerUtils (ServerUtils.java:getDBPath(311)) - ozone.om.snapshot.diff.db.dir is not configured. We recommend adding this setting. Falling back to ozone.metadata.dirs instead.
2023-12-28 09:10:31,973 [main] INFO  utils.NativeLibraryLoader (NativeLibraryLoader.java:loadLibrary(108)) - Loading Library: ozone_rocksdb_tools
2023-12-28 09:10:31,973 [main] INFO  snapshot.SnapshotDiffManager (SnapshotDiffManager.java:closeExecutorService(1688)) - Shutting down executorService: 'SstDumpToolExecutor'
2023-12-28 09:10:31,975 [main] INFO  om.OzoneManager (OzoneManager.java:addS3GVolumeToDB(4451)) - Created Volume s3v With Owner runner required for S3Gateway operations.
2023-12-28 09:10:31,975 [main] WARN  server.ServerUtils (ServerUtils.java:getDefaultRatisDirectory(323)) - Storage directory for Ratis is not configured. It is a good idea to map this to an SSD disk. Falling back to ozone.metadata.dirs
2023-12-28 09:10:31,975 [main] WARN  utils.OzoneManagerRatisUtils (OzoneManagerRatisUtils.java:getOMRatisSnapshotDirectory(473)) - ozone.om.ratis.snapshot.dir is not configured. Falling back to ozone.metadata.dirs config
2023-12-28 09:10:31,975 [main] WARN  server.ServerUtils (ServerUtils.java:getDefaultRatisDirectory(323)) - Storage directory for Ratis is not configured. It is a good idea to map this to an SSD disk. Falling back to ozone.metadata.dirs
2023-12-28 09:10:31,976 [main] INFO  ratis.OzoneManagerRatisServer (OzoneManagerRatisServer.java:<init>(168)) - Instantiating OM Ratis server with groupID: omServiceIdDefault and peers: localhost:15452
2023-12-28 09:10:31,976 [main] INFO  ratis.OzoneManagerStateMachine (OzoneManagerStateMachine.java:loadSnapshotInfoFromDB(712)) - TransactionInfo not found in OM DB.
2023-12-28 09:10:31,977 [main] INFO  server.RaftServer (ConfUtils.java:logGet(46)) - raft.rpc.type = GRPC (default)
2023-12-28 09:10:31,977 [main] INFO  grpc.GrpcConfigKeys (ConfUtils.java:logFallback(53)) - raft.grpc.admin.host = null (fallback to raft.grpc.server.host)
2023-12-28 09:10:31,977 [main] INFO  grpc.GrpcConfigKeys (ConfUtils.java:logFallback(53)) - raft.grpc.admin.port = 15452 (fallback to raft.grpc.server.port)
2023-12-28 09:10:31,977 [main] INFO  grpc.GrpcConfigKeys (ConfUtils.java:logFallback(53)) - raft.grpc.client.host = null (fallback to raft.grpc.server.host)
2023-12-28 09:10:31,977 [main] INFO  grpc.GrpcConfigKeys (ConfUtils.java:logFallback(53)) - raft.grpc.client.port = 15452 (fallback to raft.grpc.server.port)
2023-12-28 09:10:31,977 [main] INFO  grpc.GrpcConfigKeys (ConfUtils.java:logGet(46)) - raft.grpc.server.host = null (default)
2023-12-28 09:10:31,977 [main] INFO  grpc.GrpcConfigKeys (ConfUtils.java:logGet(46)) - raft.grpc.server.port = 15452 (custom)
2023-12-28 09:10:31,977 [main] INFO  server.GrpcService (ConfUtils.java:logGet(46)) - raft.grpc.message.size.max = 4194304 (custom)
2023-12-28 09:10:31,978 [main] INFO  server.RaftServerConfigKeys (ConfUtils.java:logGet(46)) - raft.server.log.appender.buffer.byte-limit = 4194304 (custom)
2023-12-28 09:10:31,978 [main] INFO  server.GrpcService (ConfUtils.java:logGet(46)) - raft.grpc.flow.control.window = 1MB (=1048576) (default)
2023-12-28 09:10:31,978 [main] INFO  server.RaftServerConfigKeys (ConfUtils.java:logGet(46)) - raft.server.rpc.request.timeout = 3000ms (default)
2023-12-28 09:10:31,978 [main] INFO  grpc.GrpcConfigKeys (ConfUtils.java:logGet(46)) - raft.grpc.server.heartbeat.channel = true (default)
2023-12-28 09:10:31,978 [main] INFO  grpc.GrpcConfigKeys (ConfUtils.java:logGet(46)) - raft.grpc.server.async.request.thread.pool.cached = true (default)
2023-12-28 09:10:31,978 [main] INFO  grpc.GrpcConfigKeys (ConfUtils.java:logGet(46)) - raft.grpc.server.async.request.thread.pool.size = 32 (default)
2023-12-28 09:10:31,979 [main] INFO  impl.DataStreamServerImpl (ConfUtils.java:logGet(46)) - raft.datastream.type = DISABLED (default)
2023-12-28 09:10:31,979 [main] INFO  server.RaftServerConfigKeys (ConfUtils.java:logGet(46)) - raft.server.sleep.deviation.threshold = 300ms (default)
2023-12-28 09:10:31,979 [main] INFO  server.RaftServerConfigKeys (ConfUtils.java:logGet(46)) - raft.server.close.threshold = 60s (default)
2023-12-28 09:10:31,979 [main] INFO  server.RaftServerConfigKeys (ConfUtils.java:logGet(46)) - raft.server.leaderelection.leader.step-down.wait-time = 10s (default)
2023-12-28 09:10:31,980 [main] INFO  server.RaftServerConfigKeys (ConfUtils.java:logGet(46)) - raft.server.storage.dir = [/home/runner/work/ozone/ozone/hadoop-ozone/integration-test/target/test-dir/MiniOzoneClusterImpl-11b76480-f5fe-46c6-962b-c791e86a534f/ozone-meta/ratis] (custom)
2023-12-28 09:10:31,980 [main] INFO  server.RaftServerConfigKeys (ConfUtils.java:logGet(46)) - raft.server.threadpool.proxy.cached = true (default)
2023-12-28 09:10:31,980 [main] INFO  server.RaftServerConfigKeys (ConfUtils.java:logGet(46)) - raft.server.threadpool.proxy.size = 0 (default)
2023-12-28 09:10:31,980 [main] INFO  server.RaftServer (RaftServerProxy.java:addNew(100)) - om1: addNew group-C5BA1605619E:[om1|localhost:15452] returns group-C5BA1605619E:java.util.concurrent.CompletableFuture@df4a1[Not completed]
2023-12-28 09:10:31,980 [main] INFO  om.OzoneManager (OzoneManager.java:initializeRatisServer(2143)) - OzoneManager Ratis server initialized at port 15452
2023-12-28 09:10:31,980 [om1-groupManagement] INFO  server.RaftServer$Division (RaftServerImpl.java:<init>(256)) - om1: new RaftServerImpl for group-C5BA1605619E:[om1|localhost:15452] with OzoneManagerStateMachine:uninitialized
2023-12-28 09:10:31,980 [main] INFO  om.OzoneManager (OzoneManager.java:getRpcServer(1209)) - Creating RPC Server
2023-12-28 09:10:31,980 [om1-groupManagement] INFO  server.RaftServerConfigKeys (ConfUtils.java:logGet(46)) - raft.server.rpc.timeout.min = 1s (custom)
2023-12-28 09:10:31,981 [om1-groupManagement] INFO  server.RaftServerConfigKeys (ConfUtils.java:logGet(46)) - raft.server.rpc.timeout.max = 1200ms (custom)
2023-12-28 09:10:31,981 [om1-groupManagement] INFO  server.RaftServerConfigKeys (ConfUtils.java:logGet(46)) - raft.server.rpc.sleep.time = 25ms (default)
2023-12-28 09:10:31,981 [om1-groupManagement] INFO  server.RaftServerConfigKeys (ConfUtils.java:logGet(46)) - raft.server.rpc.slowness.timeout = 120s (custom)
2023-12-28 09:10:31,981 [om1-groupManagement] INFO  server.RaftServerConfigKeys (ConfUtils.java:logGet(46)) - raft.server.leaderelection.leader.step-down.wait-time = 10s (default)
2023-12-28 09:10:31,981 [om1-groupManagement] INFO  server.RaftServerConfigKeys (ConfUtils.java:logGet(46)) - raft.server.leaderelection.member.majority-add = false (default)
2023-12-28 09:10:31,981 [om1-groupManagement] INFO  server.RaftServerConfigKeys (ConfUtils.java:logGet(46)) - raft.server.sleep.deviation.threshold = 300ms (default)
2023-12-28 09:10:31,981 [om1-groupManagement] INFO  server.RaftServer$Division (ServerState.java:<init>(113)) - om1@group-C5BA1605619E: ConfigurationManager, init=-1: peers:[om1|localhost:15452]|listeners:[], old=null, confs=<EMPTY_MAP>
2023-12-28 09:10:31,981 [om1-groupManagement] INFO  server.RaftServerConfigKeys (ConfUtils.java:logGet(46)) - raft.server.notification.no-leader.timeout = 120s (custom)
2023-12-28 09:10:31,981 [om1-groupManagement] INFO  server.RaftServerConfigKeys (ConfUtils.java:logGet(46)) - raft.server.read.timeout = 10s (default)
2023-12-28 09:10:31,981 [om1-groupManagement] INFO  server.RaftServerConfigKeys (ConfUtils.java:logGet(46)) - raft.server.retrycache.expirytime = 300s (custom)
2023-12-28 09:10:31,981 [om1-groupManagement] INFO  server.RaftServerConfigKeys (ConfUtils.java:logGet(46)) - raft.server.retrycache.statistics.expirytime = 100ms (default)
2023-12-28 09:10:31,981 [om1-groupManagement] INFO  server.RaftServerConfigKeys (ConfUtils.java:logGet(46)) - raft.server.read.option = DEFAULT (default)
2023-12-28 09:10:31,981 [om1-groupManagement] INFO  server.RaftServerConfigKeys (ConfUtils.java:logGet(46)) - raft.server.read.read-after-write-consistent.write-index-cache.expiry-time = 60s (default)
2023-12-28 09:10:31,982 [om1-groupManagement] INFO  server.RaftServerConfigKeys (ConfUtils.java:logGet(46)) - raft.server.rpc.request.timeout = 3000ms (default)
2023-12-28 09:10:31,982 [om1-groupManagement] INFO  server.RaftServerConfigKeys (ConfUtils.java:logGet(46)) - raft.server.log.appender.install.snapshot.enabled = false (custom)
2023-12-28 09:10:31,982 [om1-groupManagement] INFO  server.RaftServerConfigKeys (ConfUtils.java:logGet(46)) - raft.server.threadpool.server.cached = true (default)
2023-12-28 09:10:31,982 [om1-groupManagement] INFO  server.RaftServerConfigKeys (ConfUtils.java:logGet(46)) - raft.server.threadpool.server.size = 0 (default)
2023-12-28 09:10:31,982 [om1-groupManagement] INFO  server.RaftServerConfigKeys (ConfUtils.java:logGet(46)) - raft.server.threadpool.client.cached = true (default)
2023-12-28 09:10:31,982 [om1-groupManagement] INFO  server.RaftServerConfigKeys (ConfUtils.java:logGet(46)) - raft.server.threadpool.client.size = 0 (default)
2023-12-28 09:10:32,167 [main] INFO  reflections.Reflections (Reflections.java:scan(232)) - Reflections took 186 ms to scan 20 urls, producing 72 keys and 6213 values [using 4 cores]
2023-12-28 09:10:32,169 [main] INFO  ipc.CallQueueManager (CallQueueManager.java:<init>(90)) - Using callQueue: class java.util.concurrent.LinkedBlockingQueue, queueCapacity: 2000, scheduler: class org.apache.hadoop.ipc.DefaultRpcScheduler, ipcBackoff: false.
2023-12-28 09:10:32,169 [main] INFO  ipc.Server (Server.java:<init>(1287)) - Listener at 127.0.0.1:15449
2023-12-28 09:10:32,169 [Socket Reader #1 for port 15449] INFO  ipc.Server (Server.java:run(1323)) - Starting Socket Reader #1 for port 15449
2023-12-28 09:10:32,188 [main] INFO  impl.MetricsSystemImpl (MetricsSystemImpl.java:init(158)) - OzoneManager metrics system started (again)
2023-12-28 09:10:32,195 [main] INFO  om.OzoneManager (OzoneManager.java:start(1631)) - OzoneManager RPC server is listening at localhost/127.0.0.1:15449
2023-12-28 09:10:32,195 [main] INFO  ratis.OzoneManagerRatisServer (OzoneManagerRatisServer.java:start(585)) - Starting OzoneManagerRatisServer om1 at port 15452
2023-12-28 09:10:32,195 [om1-impl-thread1] INFO  server.RaftServerConfigKeys (ConfUtils.java:logGet(46)) - raft.server.storage.free-space.min = 0MB (=0) (default)
2023-12-28 09:10:32,195 [om1-impl-thread1] INFO  server.RaftServerConfigKeys (ConfUtils.java:logGet(46)) - raft.server.log.corruption.policy = EXCEPTION (default)
2023-12-28 09:10:32,195 [om1-impl-thread1] INFO  server.RaftServerConfigKeys (ConfUtils.java:logGet(46)) - raft.server.storage.dir = [/home/runner/work/ozone/ozone/hadoop-ozone/integration-test/target/test-dir/MiniOzoneClusterImpl-11b76480-f5fe-46c6-962b-c791e86a534f/ozone-meta/ratis] (custom)
2023-12-28 09:10:32,196 [om1-impl-thread1] INFO  storage.RaftStorageDirectory (RaftStorageDirectoryImpl.java:analyzeStorage(138)) - The storage directory /home/runner/work/ozone/ozone/hadoop-ozone/integration-test/target/test-dir/MiniOzoneClusterImpl-11b76480-f5fe-46c6-962b-c791e86a534f/ozone-meta/ratis/bf265839-605b-3f16-9796-c5ba1605619e does not exist. Creating ...
2023-12-28 09:10:32,196 [om1-impl-thread1] INFO  storage.RaftStorageDirectory (RaftStorageDirectoryImpl.java:tryLock(232)) - Lock on /home/runner/work/ozone/ozone/hadoop-ozone/integration-test/target/test-dir/MiniOzoneClusterImpl-11b76480-f5fe-46c6-962b-c791e86a534f/ozone-meta/ratis/bf265839-605b-3f16-9796-c5ba1605619e/in_use.lock acquired by nodename 85610@fv-az1384-14
2023-12-28 09:10:32,197 [om1-impl-thread1] INFO  storage.RaftStorage (RaftStorageImpl.java:format(97)) - Storage directory /home/runner/work/ozone/ozone/hadoop-ozone/integration-test/target/test-dir/MiniOzoneClusterImpl-11b76480-f5fe-46c6-962b-c791e86a534f/ozone-meta/ratis/bf265839-605b-3f16-9796-c5ba1605619e has been successfully formatted.
2023-12-28 09:10:32,197 [om1-impl-thread1] INFO  server.RaftServerConfigKeys (ConfUtils.java:logGet(46)) - raft.server.log.use.memory = false (default)
2023-12-28 09:10:32,198 [om1-impl-thread1] INFO  server.RaftServerConfigKeys (ConfUtils.java:logGet(46)) - raft.server.log.purge.gap = 1000000 (custom)
2023-12-28 09:10:32,198 [om1-impl-thread1] INFO  server.RaftServerConfigKeys (ConfUtils.java:logGet(46)) - raft.server.log.appender.buffer.byte-limit = 4194304 (custom)
2023-12-28 09:10:32,198 [om1-impl-thread1] INFO  server.RaftServerConfigKeys (ConfUtils.java:logGet(46)) - raft.server.log.statemachine.data.read.timeout = 1000ms (default)
2023-12-28 09:10:32,198 [om1-impl-thread1] INFO  server.RaftServerConfigKeys (ConfUtils.java:logGet(46)) - raft.server.log.purge.preservation.log.num = 0 (default)
2023-12-28 09:10:32,198 [om1-impl-thread1] INFO  server.RaftServerConfigKeys (ConfUtils.java:logGet(46)) - raft.server.log.segment.size.max = 4194304 (custom)
2023-12-28 09:10:32,198 [om1-impl-thread1] INFO  server.RaftServerConfigKeys (ConfUtils.java:logGet(46)) - raft.server.log.segment.cache.num.max = 2 (custom)
2023-12-28 09:10:32,198 [om1-impl-thread1] INFO  server.RaftServerConfigKeys (ConfUtils.java:logGet(46)) - raft.server.log.segment.cache.size.max = 200MB (=209715200) (default)
2023-12-28 09:10:32,198 [om1-impl-thread1] INFO  server.RaftServerConfigKeys (ConfUtils.java:logGet(46)) - raft.server.log.appender.buffer.byte-limit = 4194304 (custom)
2023-12-28 09:10:32,198 [om1-impl-thread1] INFO  util.AwaitToRun (AwaitToRun.java:start(81)) - Thread[om1@group-C5BA1605619E-cacheEviction-AwaitToRun,5,main] started
2023-12-28 09:10:32,198 [om1-impl-thread1] INFO  segmented.SegmentedRaftLogWorker (SegmentedRaftLogWorker.java:<init>(184)) - new om1@group-C5BA1605619E-SegmentedRaftLogWorker for RaftStorageImpl:Storage Directory /home/runner/work/ozone/ozone/hadoop-ozone/integration-test/target/test-dir/MiniOzoneClusterImpl-11b76480-f5fe-46c6-962b-c791e86a534f/ozone-meta/ratis/bf265839-605b-3f16-9796-c5ba1605619e
2023-12-28 09:10:32,198 [om1-impl-thread1] INFO  server.RaftServerConfigKeys (ConfUtils.java:logGet(46)) - raft.server.log.queue.byte-limit = 64MB (=67108864) (default)
2023-12-28 09:10:32,198 [om1-impl-thread1] INFO  server.RaftServerConfigKeys (ConfUtils.java:logGet(46)) - raft.server.log.queue.element-limit = 4096 (default)
2023-12-28 09:10:32,199 [om1-impl-thread1] INFO  server.RaftServerConfigKeys (ConfUtils.java:logGet(46)) - raft.server.log.segment.size.max = 4194304 (custom)
2023-12-28 09:10:32,199 [om1-impl-thread1] INFO  server.RaftServerConfigKeys (ConfUtils.java:logGet(46)) - raft.server.log.preallocated.size = 4194304 (custom)
2023-12-28 09:10:32,199 [om1-impl-thread1] INFO  server.RaftServerConfigKeys (ConfUtils.java:logGet(46)) - raft.server.log.force.sync.num = 128 (default)
2023-12-28 09:10:32,199 [om1-impl-thread1] INFO  server.RaftServerConfigKeys (ConfUtils.java:logGet(46)) - raft.server.log.statemachine.data.sync = true (default)
2023-12-28 09:10:32,199 [om1-impl-thread1] INFO  server.RaftServerConfigKeys (ConfUtils.java:logGet(46)) - raft.server.log.statemachine.data.sync.timeout = 10s (default)
2023-12-28 09:10:32,199 [om1-impl-thread1] INFO  server.RaftServerConfigKeys (ConfUtils.java:logGet(46)) - raft.server.log.statemachine.data.sync.timeout.retry = -1 (default)
2023-12-28 09:10:32,199 [om1-impl-thread1] INFO  server.RaftServerConfigKeys (ConfUtils.java:logGet(46)) - raft.server.log.write.buffer.size = 4194312 (custom)
2023-12-28 09:10:32,200 [om1-impl-thread1] INFO  server.RaftServerConfigKeys (ConfUtils.java:logGet(46)) - raft.server.log.appender.buffer.byte-limit = 4194304 (custom)
2023-12-28 09:10:32,201 [om1-impl-thread1] INFO  server.RaftServerConfigKeys (ConfUtils.java:logGet(46)) - raft.server.log.unsafe-flush.enabled = false (default)
2023-12-28 09:10:32,201 [om1-impl-thread1] INFO  server.RaftServerConfigKeys (ConfUtils.java:logGet(46)) - raft.server.log.async-flush.enabled = false (default)
2023-12-28 09:10:32,201 [om1-impl-thread1] INFO  server.RaftServerConfigKeys (ConfUtils.java:logGet(46)) - raft.server.log.statemachine.data.caching.enabled = false (default)
2023-12-28 09:10:32,201 [om1-impl-thread1] INFO  segmented.SegmentedRaftLogWorker (SegmentedRaftLogWorker.java:lambda$new$0(135)) - om1@group-C5BA1605619E-SegmentedRaftLogWorker: flushIndex: setUnconditionally 0 -> -1
2023-12-28 09:10:32,201 [om1-impl-thread1] INFO  segmented.SegmentedRaftLogWorker (SegmentedRaftLogWorker.java:lambda$new$0(135)) - om1@group-C5BA1605619E-SegmentedRaftLogWorker: safeCacheEvictIndex: setUnconditionally 0 -> -1
2023-12-28 09:10:32,201 [om1-impl-thread1] INFO  server.RaftServer$Division (RaftServerImpl.java:start(392)) - om1@group-C5BA1605619E: start as a follower, conf=-1: peers:[om1|localhost:15452]|listeners:[], old=null
2023-12-28 09:10:32,201 [om1-impl-thread1] INFO  server.RaftServer$Division (RaftServerImpl.java:setRole(379)) - om1@group-C5BA1605619E: changes role from      null to FOLLOWER at term 0 for startAsFollower
2023-12-28 09:10:32,201 [om1-impl-thread1] INFO  impl.RoleInfo (RoleInfo.java:updateAndGet(139)) - om1: start om1@group-C5BA1605619E-FollowerState
2023-12-28 09:10:32,201 [om1@group-C5BA1605619E-FollowerState] INFO  server.RaftServerConfigKeys (ConfUtils.java:logFallback(53)) - raft.server.rpc.first-election.timeout.min = 1s (fallback to raft.server.rpc.timeout.min)
2023-12-28 09:10:32,202 [om1@group-C5BA1605619E-FollowerState] INFO  server.RaftServerConfigKeys (ConfUtils.java:logFallback(53)) - raft.server.rpc.first-election.timeout.max = 1200ms (fallback to raft.server.rpc.timeout.max)
2023-12-28 09:10:32,203 [om1-impl-thread1] INFO  util.JmxRegister (JmxRegister.java:tryRegister(44)) - Successfully registered JMX Bean with object name Ratis:service=RaftServer,group=group-C5BA1605619E,id=om1
2023-12-28 09:10:32,203 [om1-impl-thread1] INFO  server.RaftServerConfigKeys (ConfUtils.java:logGet(46)) - raft.server.snapshot.trigger-when-stop.enabled = true (default)
2023-12-28 09:10:32,203 [om1-impl-thread1] INFO  server.RaftServerConfigKeys (ConfUtils.java:logGet(46)) - raft.server.snapshot.auto.trigger.enabled = true (custom)
2023-12-28 09:10:32,203 [om1-impl-thread1] INFO  server.RaftServerConfigKeys (ConfUtils.java:logGet(46)) - raft.server.snapshot.auto.trigger.threshold = 400000 (default)
2023-12-28 09:10:32,203 [om1-impl-thread1] INFO  server.RaftServerConfigKeys (ConfUtils.java:logGet(46)) - raft.server.snapshot.retention.file.num = -1 (default)
2023-12-28 09:10:32,203 [om1-impl-thread1] INFO  server.RaftServerConfigKeys (ConfUtils.java:logGet(46)) - raft.server.log.purge.upto.snapshot.index = true (custom)
2023-12-28 09:10:32,203 [main] INFO  server.RaftServer (RaftServerProxy.java:startImpl(406)) - om1: start RPC server
2023-12-28 09:10:32,204 [main] INFO  server.GrpcService (GrpcService.java:startImpl(302)) - om1: GrpcService started, listening on 15452
2023-12-28 09:10:32,204 [JvmPauseMonitor56] INFO  util.JvmPauseMonitor (JvmPauseMonitor.java:run(146)) - JvmPauseMonitor-om1: Started
2023-12-28 09:10:32,205 [main] INFO  om.OzoneManager (OzoneManager.java:start(1647)) - Version File has different layout version (6) than OM DB (null). That is expected if this OM has never been finalized to a newer layout version.
2023-12-28 09:10:32,207 [main] INFO  http.BaseHttpServer (BaseHttpServer.java:newHttpServer2BuilderForOzone(223)) - Starting Web-server for ozoneManager at: http://0.0.0.0:15450
2023-12-28 09:10:32,207 [main] INFO  http.BaseHttpServer (BaseHttpServer.java:<init>(110)) - Hadoop Security Enabled: false Ozone Security Enabled: false Ozone HTTP Security Enabled: false 
2023-12-28 09:10:32,208 [main] WARN  server.AuthenticationFilter (AuthenticationFilter.java:constructSecretProvider(240)) - Unable to initialize FileSignerSecretProvider, falling back to use random secrets. Reason: Could not read signature secret file: /home/runner/hadoop-http-auth-signature-secret
2023-12-28 09:10:32,209 [main] INFO  http.HttpRequestLog (HttpRequestLog.java:getRequestLog(86)) - Http request log for http.requests.ozoneManager is not defined
2023-12-28 09:10:32,209 [main] INFO  http.HttpServer2 (HttpServer2.java:addGlobalFilter(1036)) - Added global filter 'safety' (class=org.apache.hadoop.hdds.server.http.HttpServer2$QuotingInputFilter)
2023-12-28 09:10:32,210 [main] INFO  http.HttpServer2 (HttpServer2.java:addFilter(1012)) - Added filter static_user_filter (class=org.apache.hadoop.http.lib.StaticUserWebFilter$StaticUserFilter) to context ozoneManager
2023-12-28 09:10:32,210 [main] INFO  http.HttpServer2 (HttpServer2.java:addFilter(1020)) - Added filter static_user_filter (class=org.apache.hadoop.http.lib.StaticUserWebFilter$StaticUserFilter) to context logs
2023-12-28 09:10:32,210 [main] INFO  http.HttpServer2 (HttpServer2.java:addFilter(1020)) - Added filter static_user_filter (class=org.apache.hadoop.http.lib.StaticUserWebFilter$StaticUserFilter) to context static
2023-12-28 09:10:32,210 [main] INFO  http.BaseHttpServer (BaseHttpServer.java:<init>(189)) - HTTP server of ozoneManager uses base directory /home/runner/work/ozone/ozone/hadoop-ozone/integration-test/target/test-dir/MiniOzoneClusterImpl-11b76480-f5fe-46c6-962b-c791e86a534f/ozone-meta/webserver
2023-12-28 09:10:32,210 [main] INFO  http.HttpServer2 (HttpServer2.java:bindListener(1236)) - Jetty bound to port 15450
2023-12-28 09:10:32,211 [main] INFO  server.Server (Server.java:doStart(375)) - jetty-9.4.53.v20231009; built: 2023-10-09T12:29:09.265Z; git: 27bde00a0b95a1d5bbee0eae7984f891d2d0f8c9; jvm 1.8.0_392-b08
2023-12-28 09:10:32,211 [main] INFO  server.session (DefaultSessionIdManager.java:doStart(334)) - DefaultSessionIdManager workerName=node0
2023-12-28 09:10:32,211 [main] INFO  server.session (DefaultSessionIdManager.java:doStart(339)) - No SessionScavenger set, using defaults
2023-12-28 09:10:32,212 [main] INFO  server.session (HouseKeeper.java:startScavenging(132)) - node0 Scavenging every 660000ms
2023-12-28 09:10:32,212 [main] INFO  handler.ContextHandler (ContextHandler.java:doStart(921)) - Started o.e.j.s.ServletContextHandler@569a0501{logs,/logs,file:///home/runner/work/ozone/ozone/hadoop-ozone/integration-test/target/log,AVAILABLE}
2023-12-28 09:10:32,212 [main] INFO  handler.ContextHandler (ContextHandler.java:doStart(921)) - Started o.e.j.s.ServletContextHandler@4f3ad071{static,/static,file:///home/runner/work/ozone/ozone/hadoop-ozone/integration-test/target/test-classes/webapps/static,AVAILABLE}
2023-12-28 09:10:32,214 [main] INFO  handler.ContextHandler (ContextHandler.java:doStart(921)) - Started o.e.j.w.WebAppContext@256dd56e{ozoneManager,/,file:///home/runner/work/ozone/ozone/hadoop-ozone/integration-test/target/test-classes/webapps/ozoneManager/,AVAILABLE}{file:/home/runner/work/ozone/ozone/hadoop-ozone/integration-test/target/test-classes/webapps/ozoneManager}
2023-12-28 09:10:32,215 [main] INFO  server.AbstractConnector (AbstractConnector.java:doStart(333)) - Started ServerConnector@d5c0bf9{HTTP/1.1, (http/1.1)}{0.0.0.0:15450}
2023-12-28 09:10:32,215 [main] INFO  server.Server (Server.java:doStart(415)) - Started @177233ms
2023-12-28 09:10:32,215 [main] WARN  impl.MetricsSystemImpl (MetricsSystemImpl.java:register(279)) - Sink prometheus already exists!
2023-12-28 09:10:32,216 [main] INFO  http.BaseHttpServer (BaseHttpServer.java:updateConnectorAddress(354)) - HTTP server of ozoneManager listening at http://0.0.0.0:15450
2023-12-28 09:10:32,216 [IPC Server Responder] INFO  ipc.Server (Server.java:run(1562)) - IPC Server Responder: starting
2023-12-28 09:10:32,216 [IPC Server listener on 15449] INFO  ipc.Server (Server.java:run(1402)) - IPC Server listener on 15449: starting
2023-12-28 09:10:32,231 [main] INFO  om.OzoneManager (OzoneManager.java:startTrashEmptier(2096)) - Trash Interval set to 0. Files deleted won't move to trash
2023-12-28 09:10:32,244 [main] WARN  dropwizard3.Dm3MetricRegistriesImpl (Dm3MetricRegistriesImpl.java:addReporterRegistration(113)) - New reporters are added after registries were created. Some metrics will be missing from the reporter. Please add reporter before adding any new registry.
2023-12-28 09:10:32,245 [main] WARN  dropwizard3.Dm3MetricRegistriesImpl (Dm3MetricRegistriesImpl.java:addReporterRegistration(113)) - New reporters are added after registries were created. Some metrics will be missing from the reporter. Please add reporter before adding any new registry.
2023-12-28 09:10:32,245 [main] INFO  impl.MetricsSystemImpl (MetricsSystemImpl.java:init(158)) - HddsDatanode metrics system started (again)
2023-12-28 09:10:32,254 [main] INFO  ozone.HddsDatanodeService (HddsDatanodeService.java:start(239)) - HddsDatanodeService host:fv-az1384-14.e3qrh24bduyexj1tcof5x1etkc.ex.internal.cloudapp.net ip:10.1.0.14
2023-12-28 09:10:32,274 [main] INFO  upgrade.AbstractLayoutVersionManager (AbstractLayoutVersionManager.java:init(83)) - Initializing Layout version manager with metadata layout = HADOOP_PRC_PORTS_IN_DATANODEDETAILS (version = 7), software layout = HADOOP_PRC_PORTS_IN_DATANODEDETAILS (version = 7)
2023-12-28 09:10:32,274 [main] INFO  statemachine.DatanodeStateMachine (DatanodeStateMachine.java:getEndPointTaskThreadPoolSize(299)) - Datanode State Machine Task Thread Pool size 2
2023-12-28 09:10:32,276 [main] ERROR lib.MethodMetric (MethodMetric.java:snapshot(117)) - Error invoking method getCommitted
java.lang.reflect.InvocationTargetException
	at sun.reflect.GeneratedMethodAccessor85.invoke(Unknown Source)
	at sun.reflect.DelegatingMethodAccessorImpl.invoke(DelegatingMethodAccessorImpl.java:43)
	at java.lang.reflect.Method.invoke(Method.java:498)
	at org.apache.hadoop.metrics2.lib.MethodMetric$2.snapshot(MethodMetric.java:111)
	at org.apache.hadoop.metrics2.lib.MethodMetric.snapshot(MethodMetric.java:142)
	at org.apache.hadoop.metrics2.lib.MetricsRegistry.snapshot(MetricsRegistry.java:447)
	at org.apache.hadoop.metrics2.lib.MetricsSourceBuilder$1.getMetrics(MetricsSourceBuilder.java:89)
	at org.apache.hadoop.metrics2.impl.MetricsSourceAdapter.getMetrics(MetricsSourceAdapter.java:200)
	at org.apache.hadoop.metrics2.impl.MetricsSourceAdapter.updateJmxCache(MetricsSourceAdapter.java:183)
	at org.apache.hadoop.metrics2.impl.MetricsSourceAdapter.getMBeanInfo(MetricsSourceAdapter.java:156)
	at com.sun.jmx.interceptor.DefaultMBeanServerInterceptor.getNewMBeanClassName(DefaultMBeanServerInterceptor.java:333)
	at com.sun.jmx.interceptor.DefaultMBeanServerInterceptor.registerMBean(DefaultMBeanServerInterceptor.java:319)
	at com.sun.jmx.mbeanserver.JmxMBeanServer.registerMBean(JmxMBeanServer.java:522)
	at org.apache.hadoop.metrics2.util.MBeans.register(MBeans.java:100)
	at org.apache.hadoop.metrics2.util.MBeans.register(MBeans.java:73)
	at org.apache.hadoop.metrics2.impl.MetricsSourceAdapter.startMBeans(MetricsSourceAdapter.java:222)
	at org.apache.hadoop.metrics2.impl.MetricsSourceAdapter.start(MetricsSourceAdapter.java:101)
	at org.apache.hadoop.metrics2.impl.MetricsSystemImpl.registerSource(MetricsSystemImpl.java:268)
	at org.apache.hadoop.metrics2.impl.MetricsSystemImpl.register(MetricsSystemImpl.java:233)
	at org.apache.hadoop.ozone.container.common.volume.VolumeInfoMetrics.init(VolumeInfoMetrics.java:50)
	at org.apache.hadoop.ozone.container.common.volume.VolumeInfoMetrics.<init>(VolumeInfoMetrics.java:45)
	at org.apache.hadoop.ozone.container.common.volume.HddsVolume.<init>(HddsVolume.java:123)
	at org.apache.hadoop.ozone.container.common.volume.HddsVolume.<init>(HddsVolume.java:71)
	at org.apache.hadoop.ozone.container.common.volume.HddsVolume$Builder.build(HddsVolume.java:111)
	at org.apache.hadoop.ozone.container.common.volume.HddsVolumeFactory.createVolume(HddsVolumeFactory.java:48)
	at org.apache.hadoop.ozone.container.common.volume.MutableVolumeSet.initializeVolumeSet(MutableVolumeSet.java:170)
	at org.apache.hadoop.ozone.container.common.volume.MutableVolumeSet.<init>(MutableVolumeSet.java:132)
	at org.apache.hadoop.ozone.container.common.volume.MutableVolumeSet.<init>(MutableVolumeSet.java:96)
	at org.apache.hadoop.ozone.container.ozoneimpl.OzoneContainer.<init>(OzoneContainer.java:149)
	at org.apache.hadoop.ozone.container.common.statemachine.DatanodeStateMachine.<init>(DatanodeStateMachine.java:186)
	at org.apache.hadoop.ozone.HddsDatanodeService.start(HddsDatanodeService.java:296)
	at org.apache.hadoop.ozone.MiniOzoneClusterImpl.startHddsDatanode(MiniOzoneClusterImpl.java:489)
	at java.util.ArrayList.forEach(ArrayList.java:1259)
	at org.apache.hadoop.ozone.MiniOzoneClusterImpl.startHddsDatanodes(MiniOzoneClusterImpl.java:497)
	at org.apache.hadoop.ozone.MiniOzoneClusterImpl$Builder.build(MiniOzoneClusterImpl.java:627)
	at org.apache.hadoop.ozone.client.rpc.TestWatchForCommit.init(TestWatchForCommit.java:149)
	at sun.reflect.NativeMethodAccessorImpl.invoke0(Native Method)
	at sun.reflect.NativeMethodAccessorImpl.invoke(NativeMethodAccessorImpl.java:62)
	at sun.reflect.DelegatingMethodAccessorImpl.invoke(DelegatingMethodAccessorImpl.java:43)
	at java.lang.reflect.Method.invoke(Method.java:498)
	at org.junit.platform.commons.util.ReflectionUtils.invokeMethod(ReflectionUtils.java:728)
	at org.junit.jupiter.engine.execution.MethodInvocation.proceed(MethodInvocation.java:60)
	at org.junit.jupiter.engine.execution.InvocationInterceptorChain$ValidatingInvocation.proceed(InvocationInterceptorChain.java:131)
	at org.junit.jupiter.engine.extension.TimeoutExtension.intercept(TimeoutExtension.java:156)
	at org.junit.jupiter.engine.extension.TimeoutExtension.interceptLifecycleMethod(TimeoutExtension.java:128)
	at org.junit.jupiter.engine.extension.TimeoutExtension.interceptBeforeEachMethod(TimeoutExtension.java:78)
	at org.junit.jupiter.engine.execution.InterceptingExecutableInvoker$ReflectiveInterceptorCall.lambda$ofVoidMethod$0(InterceptingExecutableInvoker.java:103)
	at org.junit.jupiter.engine.execution.InterceptingExecutableInvoker.lambda$invoke$0(InterceptingExecutableInvoker.java:93)
	at org.junit.jupiter.engine.execution.InvocationInterceptorChain$InterceptedInvocation.proceed(InvocationInterceptorChain.java:106)
	at org.junit.jupiter.engine.execution.InvocationInterceptorChain.proceed(InvocationInterceptorChain.java:64)
	at org.junit.jupiter.engine.execution.InvocationInterceptorChain.chainAndInvoke(InvocationInterceptorChain.java:45)
	at org.junit.jupiter.engine.execution.InvocationInterceptorChain.invoke(InvocationInterceptorChain.java:37)
	at org.junit.jupiter.engine.execution.InterceptingExecutableInvoker.invoke(InterceptingExecutableInvoker.java:92)
	at org.junit.jupiter.engine.execution.InterceptingExecutableInvoker.invoke(InterceptingExecutableInvoker.java:86)
	at org.junit.jupiter.engine.descriptor.ClassBasedTestDescriptor.invokeMethodInExtensionContext(ClassBasedTestDescriptor.java:521)
	at org.junit.jupiter.engine.descriptor.ClassBasedTestDescriptor.lambda$synthesizeBeforeEachMethodAdapter$23(ClassBasedTestDescriptor.java:506)
	at org.junit.jupiter.engine.descriptor.TestMethodTestDescriptor.lambda$invokeBeforeEachMethods$3(TestMethodTestDescriptor.java:175)
	at org.junit.jupiter.engine.descriptor.TestMethodTestDescriptor.lambda$invokeBeforeMethodsOrCallbacksUntilExceptionOccurs$6(TestMethodTestDescriptor.java:203)
	at org.junit.platform.engine.support.hierarchical.ThrowableCollector.execute(ThrowableCollector.java:73)
	at org.junit.jupiter.engine.descriptor.TestMethodTestDescriptor.invokeBeforeMethodsOrCallbacksUntilExceptionOccurs(TestMethodTestDescriptor.java:203)
	at org.junit.jupiter.engine.descriptor.TestMethodTestDescriptor.invokeBeforeEachMethods(TestMethodTestDescriptor.java:172)
	at org.junit.jupiter.engine.descriptor.TestMethodTestDescriptor.execute(TestMethodTestDescriptor.java:135)
	at org.junit.jupiter.engine.descriptor.TestMethodTestDescriptor.execute(TestMethodTestDescriptor.java:69)
	at org.junit.platform.engine.support.hierarchical.NodeTestTask.lambda$executeRecursively$6(NodeTestTask.java:151)
	at org.junit.platform.engine.support.hierarchical.ThrowableCollector.execute(ThrowableCollector.java:73)
	at org.junit.platform.engine.support.hierarchical.NodeTestTask.lambda$executeRecursively$8(NodeTestTask.java:141)
	at org.junit.platform.engine.support.hierarchical.Node.around(Node.java:137)
	at org.junit.platform.engine.support.hierarchical.NodeTestTask.lambda$executeRecursively$9(NodeTestTask.java:139)
	at org.junit.platform.engine.support.hierarchical.ThrowableCollector.execute(ThrowableCollector.java:73)
	at org.junit.platform.engine.support.hierarchical.NodeTestTask.executeRecursively(NodeTestTask.java:138)
	at org.junit.platform.engine.support.hierarchical.NodeTestTask.execute(NodeTestTask.java:95)
	at java.util.ArrayList.forEach(ArrayList.java:1259)
	at org.junit.platform.engine.support.hierarchical.SameThreadHierarchicalTestExecutorService.invokeAll(SameThreadHierarchicalTestExecutorService.java:41)
	at org.junit.platform.engine.support.hierarchical.NodeTestTask.lambda$executeRecursively$6(NodeTestTask.java:155)
	at org.junit.platform.engine.support.hierarchical.ThrowableCollector.execute(ThrowableCollector.java:73)
	at org.junit.platform.engine.support.hierarchical.NodeTestTask.lambda$executeRecursively$8(NodeTestTask.java:141)
	at org.junit.platform.engine.support.hierarchical.Node.around(Node.java:137)
	at org.junit.platform.engine.support.hierarchical.NodeTestTask.lambda$executeRecursively$9(NodeTestTask.java:139)
	at org.junit.platform.engine.support.hierarchical.ThrowableCollector.execute(ThrowableCollector.java:73)
	at org.junit.platform.engine.support.hierarchical.NodeTestTask.executeRecursively(NodeTestTask.java:138)
	at org.junit.platform.engine.support.hierarchical.NodeTestTask.execute(NodeTestTask.java:95)
	at java.util.ArrayList.forEach(ArrayList.java:1259)
	at org.junit.platform.engine.support.hierarchical.SameThreadHierarchicalTestExecutorService.invokeAll(SameThreadHierarchicalTestExecutorService.java:41)
	at org.junit.platform.engine.support.hierarchical.NodeTestTask.lambda$executeRecursively$6(NodeTestTask.java:155)
	at org.junit.platform.engine.support.hierarchical.ThrowableCollector.execute(ThrowableCollector.java:73)
	at org.junit.platform.engine.support.hierarchical.NodeTestTask.lambda$executeRecursively$8(NodeTestTask.java:141)
	at org.junit.platform.engine.support.hierarchical.Node.around(Node.java:137)
	at org.junit.platform.engine.support.hierarchical.NodeTestTask.lambda$executeRecursively$9(NodeTestTask.java:139)
	at org.junit.platform.engine.support.hierarchical.ThrowableCollector.execute(ThrowableCollector.java:73)
	at org.junit.platform.engine.support.hierarchical.NodeTestTask.executeRecursively(NodeTestTask.java:138)
	at org.junit.platform.engine.support.hierarchical.NodeTestTask.execute(NodeTestTask.java:95)
	at org.junit.platform.engine.support.hierarchical.SameThreadHierarchicalTestExecutorService.submit(SameThreadHierarchicalTestExecutorService.java:35)
	at org.junit.platform.engine.support.hierarchical.HierarchicalTestExecutor.execute(HierarchicalTestExecutor.java:57)
	at org.junit.platform.engine.support.hierarchical.HierarchicalTestEngine.execute(HierarchicalTestEngine.java:54)
	at org.junit.platform.launcher.core.EngineExecutionOrchestrator.execute(EngineExecutionOrchestrator.java:198)
	at org.junit.platform.launcher.core.EngineExecutionOrchestrator.execute(EngineExecutionOrchestrator.java:169)
	at org.junit.platform.launcher.core.EngineExecutionOrchestrator.execute(EngineExecutionOrchestrator.java:93)
	at org.junit.platform.launcher.core.EngineExecutionOrchestrator.lambda$execute$0(EngineExecutionOrchestrator.java:58)
	at org.junit.platform.launcher.core.EngineExecutionOrchestrator.withInterceptedStreams(EngineExecutionOrchestrator.java:141)
	at org.junit.platform.launcher.core.EngineExecutionOrchestrator.execute(EngineExecutionOrchestrator.java:57)
	at org.junit.platform.launcher.core.DefaultLauncher.execute(DefaultLauncher.java:103)
	at org.junit.platform.launcher.core.DefaultLauncher.execute(DefaultLauncher.java:85)
	at org.junit.platform.launcher.core.DelegatingLauncher.execute(DelegatingLauncher.java:47)
	at org.apache.maven.surefire.junitplatform.LazyLauncher.execute(LazyLauncher.java:56)
	at org.apache.maven.surefire.junitplatform.JUnitPlatformProvider.invokeAllTests(JUnitPlatformProvider.java:162)
	at org.apache.maven.surefire.junitplatform.JUnitPlatformProvider.invoke(JUnitPlatformProvider.java:120)
	at org.apache.maven.surefire.booter.ForkedBooter.runSuitesInProcess(ForkedBooter.java:385)
	at org.apache.maven.surefire.booter.ForkedBooter.execute(ForkedBooter.java:162)
	at org.apache.maven.surefire.booter.ForkedBooter.run(ForkedBooter.java:507)
	at org.apache.maven.surefire.booter.ForkedBooter.main(ForkedBooter.java:495)
Caused by: java.lang.NullPointerException
	at org.apache.hadoop.ozone.container.common.volume.HddsVolume.getCommittedBytes(HddsVolume.java:303)
	at org.apache.hadoop.ozone.container.common.volume.VolumeInfoMetrics.getCommitted(VolumeInfoMetrics.java:147)
	... 110 more
2023-12-28 09:10:32,277 [main] INFO  volume.HddsVolume (HddsVolume.java:<init>(126)) - Creating HddsVolume: /home/runner/work/ozone/ozone/hadoop-ozone/integration-test/target/test-dir/MiniOzoneClusterImpl-11b76480-f5fe-46c6-962b-c791e86a534f/datanode-0/data-0/containers/hdds of storage type : DISK capacity : 9223372036854775807
2023-12-28 09:10:32,277 [main] INFO  volume.MutableVolumeSet (MutableVolumeSet.java:initializeVolumeSet(173)) - Added Volume : /home/runner/work/ozone/ozone/hadoop-ozone/integration-test/target/test-dir/MiniOzoneClusterImpl-11b76480-f5fe-46c6-962b-c791e86a534f/datanode-0/data-0/containers/hdds to VolumeSet
2023-12-28 09:10:32,277 [main] INFO  volume.MutableVolumeSet (MutableVolumeSet.java:initializeVolumeSet(173)) - Added Volume : /home/runner/work/ozone/ozone/hadoop-ozone/integration-test/target/test-dir/MiniOzoneClusterImpl-11b76480-f5fe-46c6-962b-c791e86a534f/datanode-0/data/ratis to VolumeSet
2023-12-28 09:10:32,278 [main] INFO  ozoneimpl.OzoneContainer (HddsVolumeUtil.java:loadAllHddsVolumeDbStore(103)) - Load 1 volumes DbStore cost: 0ms
2023-12-28 09:10:32,278 [e4352bd1-85d5-4ef3-8682-c1451338ec4a-ContainerReader-0] INFO  ozoneimpl.ContainerReader (ContainerReader.java:readVolume(178)) - Finish verifying containers on volume /home/runner/work/ozone/ozone/hadoop-ozone/integration-test/target/test-dir/MiniOzoneClusterImpl-11b76480-f5fe-46c6-962b-c791e86a534f/datanode-0/data-0/containers/hdds
2023-12-28 09:10:32,278 [main] INFO  ozoneimpl.OzoneContainer (OzoneContainer.java:buildContainerSet(326)) - Build ContainerSet costs 0s
2023-12-28 09:10:32,279 [main] INFO  server.RaftServer (ConfUtils.java:logGet(46)) - raft.rpc.type = GRPC (default)
2023-12-28 09:10:32,280 [main] INFO  grpc.GrpcConfigKeys (ConfUtils.java:logFallback(53)) - raft.grpc.admin.host = null (fallback to raft.grpc.server.host)
2023-12-28 09:10:32,280 [main] INFO  grpc.GrpcConfigKeys (ConfUtils.java:logGet(46)) - raft.grpc.admin.port = 15458 (custom)
2023-12-28 09:10:32,280 [main] INFO  grpc.GrpcConfigKeys (ConfUtils.java:logFallback(53)) - raft.grpc.client.host = null (fallback to raft.grpc.server.host)
2023-12-28 09:10:32,280 [main] INFO  grpc.GrpcConfigKeys (ConfUtils.java:logGet(46)) - raft.grpc.client.port = 15457 (custom)
2023-12-28 09:10:32,280 [main] INFO  grpc.GrpcConfigKeys (ConfUtils.java:logGet(46)) - raft.grpc.server.host = null (default)
2023-12-28 09:10:32,280 [main] INFO  grpc.GrpcConfigKeys (ConfUtils.java:logGet(46)) - raft.grpc.server.port = 15459 (custom)
2023-12-28 09:10:32,280 [main] INFO  server.GrpcService (ConfUtils.java:logGet(46)) - raft.grpc.message.size.max = 32MB (=33554432) (custom)
2023-12-28 09:10:32,281 [main] INFO  server.RaftServerConfigKeys (ConfUtils.java:logGet(46)) - raft.server.log.appender.buffer.byte-limit = 8388608 (custom)
2023-12-28 09:10:32,281 [main] INFO  server.GrpcService (ConfUtils.java:logGet(46)) - raft.grpc.flow.control.window = 5MB (=5242880) (custom)
2023-12-28 09:10:32,281 [main] INFO  server.RaftServerConfigKeys (ConfUtils.java:logGet(46)) - raft.server.rpc.request.timeout = 3000ms (default)
2023-12-28 09:10:32,281 [main] INFO  grpc.GrpcConfigKeys (ConfUtils.java:logGet(46)) - raft.grpc.server.heartbeat.channel = true (default)
2023-12-28 09:10:32,281 [main] INFO  grpc.GrpcConfigKeys (ConfUtils.java:logGet(46)) - raft.grpc.server.async.request.thread.pool.cached = true (default)
2023-12-28 09:10:32,281 [main] INFO  grpc.GrpcConfigKeys (ConfUtils.java:logGet(46)) - raft.grpc.server.async.request.thread.pool.size = 32 (default)
2023-12-28 09:10:32,283 [main] INFO  impl.DataStreamServerImpl (ConfUtils.java:logGet(46)) - raft.datastream.type = NETTY (custom)
2023-12-28 09:10:32,283 [main] INFO  server.RaftServerConfigKeys (ConfUtils.java:logGet(46)) - raft.server.data-stream.async.request.thread.pool.cached = false (default)
2023-12-28 09:10:32,283 [main] INFO  server.RaftServerConfigKeys (ConfUtils.java:logGet(46)) - raft.server.data-stream.async.request.thread.pool.size = 20 (custom)
2023-12-28 09:10:32,284 [main] INFO  server.RaftServerConfigKeys (ConfUtils.java:logGet(46)) - raft.server.data-stream.async.write.thread.pool.size = 16 (default)
2023-12-28 09:10:32,284 [main] INFO  netty.NettyConfigKeys$DataStream (ConfUtils.java:logGet(46)) - raft.netty.dataStream.server.channel.inactive.grace-period = 10min (default)
2023-12-28 09:10:32,284 [main] INFO  server.RaftServerConfigKeys (ConfUtils.java:logGet(46)) - raft.server.data-stream.client.pool.size = 10 (default)
2023-12-28 09:10:32,284 [main] INFO  netty.NettyConfigKeys$DataStream (ConfUtils.java:logGet(46)) - raft.netty.dataStream.server.use-epoll = true (default)
2023-12-28 09:10:32,284 [main] INFO  netty.NettyConfigKeys$DataStream (ConfUtils.java:logGet(46)) - raft.netty.dataStream.server.boss-group.size = 0 (default)
2023-12-28 09:10:32,284 [main] INFO  netty.NettyUtils (NettyUtils.java:newEventLoopGroup(69)) - Create EpollEventLoopGroup for e4352bd1-85d5-4ef3-8682-c1451338ec4a-NettyServerStreamRpc-bossGroup; Thread size is 0.
2023-12-28 09:10:32,284 [main] INFO  netty.NettyConfigKeys$DataStream (ConfUtils.java:logGet(46)) - raft.netty.dataStream.server.worker-group.size = 0 (default)
2023-12-28 09:10:32,285 [main] INFO  netty.NettyUtils (NettyUtils.java:newEventLoopGroup(69)) - Create EpollEventLoopGroup for e4352bd1-85d5-4ef3-8682-c1451338ec4a-NettyServerStreamRpc-workerGroup; Thread size is 0.
2023-12-28 09:10:32,285 [main] INFO  netty.NettyConfigKeys$DataStream (ConfUtils.java:logGet(46)) - raft.netty.dataStream.server.tls.conf = null (default)
2023-12-28 09:10:32,285 [main] INFO  netty.NettyConfigKeys$DataStream (ConfUtils.java:logGet(46)) - raft.netty.dataStream.host = null (default)
2023-12-28 09:10:32,285 [main] INFO  netty.NettyConfigKeys$DataStream (ConfUtils.java:logGet(46)) - raft.netty.dataStream.port = 15460 (custom)
2023-12-28 09:10:32,285 [main] INFO  server.RaftServerConfigKeys (ConfUtils.java:logGet(46)) - raft.server.sleep.deviation.threshold = 300ms (default)
2023-12-28 09:10:32,286 [e4352bd1-85d5-4ef3-8682-c1451338ec4a-NettyServerStreamRpc-bossGroup--thread1] INFO  logging.LoggingHandler (AbstractInternalLogger.java:log(148)) - [id: 0x222288aa] REGISTERED
2023-12-28 09:10:32,286 [main] INFO  server.RaftServerConfigKeys (ConfUtils.java:logGet(46)) - raft.server.close.threshold = 60s (default)
2023-12-28 09:10:32,286 [e4352bd1-85d5-4ef3-8682-c1451338ec4a-NettyServerStreamRpc-bossGroup--thread1] INFO  logging.LoggingHandler (AbstractInternalLogger.java:log(148)) - [id: 0x222288aa] BIND: 0.0.0.0/0.0.0.0:15460
2023-12-28 09:10:32,286 [main] INFO  server.RaftServerConfigKeys (ConfUtils.java:logGet(46)) - raft.server.leaderelection.leader.step-down.wait-time = 10s (default)
2023-12-28 09:10:32,286 [e4352bd1-85d5-4ef3-8682-c1451338ec4a-NettyServerStreamRpc-bossGroup--thread1] INFO  logging.LoggingHandler (AbstractInternalLogger.java:log(148)) - [id: 0x222288aa, L:/0.0.0.0:15460] ACTIVE
2023-12-28 09:10:32,286 [main] INFO  server.RaftServerConfigKeys (ConfUtils.java:logGet(46)) - raft.server.storage.dir = [/home/runner/work/ozone/ozone/hadoop-ozone/integration-test/target/test-dir/MiniOzoneClusterImpl-11b76480-f5fe-46c6-962b-c791e86a534f/datanode-0/data/ratis] (custom)
2023-12-28 09:10:32,286 [main] INFO  server.RaftServerConfigKeys (ConfUtils.java:logGet(46)) - raft.server.threadpool.proxy.cached = true (default)
2023-12-28 09:10:32,286 [main] INFO  server.RaftServerConfigKeys (ConfUtils.java:logGet(46)) - raft.server.threadpool.proxy.size = 0 (default)
2023-12-28 09:10:32,287 [e4352bd1-85d5-4ef3-8682-c1451338ec4a-impl-thread1] INFO  server.RaftServer (RaftServerProxy.java:initGroupDir(264)) - e4352bd1-85d5-4ef3-8682-c1451338ec4a: found a subdirectory /home/runner/work/ozone/ozone/hadoop-ozone/integration-test/target/test-dir/MiniOzoneClusterImpl-11b76480-f5fe-46c6-962b-c791e86a534f/datanode-0/data/ratis/tmp
2023-12-28 09:10:32,287 [e4352bd1-85d5-4ef3-8682-c1451338ec4a-impl-thread1] INFO  server.RaftServer (RaftServerProxy.java:initGroupDir(269)) - e4352bd1-85d5-4ef3-8682-c1451338ec4a: The directory /home/runner/work/ozone/ozone/hadoop-ozone/integration-test/target/test-dir/MiniOzoneClusterImpl-11b76480-f5fe-46c6-962b-c791e86a534f/datanode-0/data/ratis/tmp is not a group directory; ignoring it. 
2023-12-28 09:10:32,287 [main] INFO  replication.ReplicationServer (ReplicationServer.java:<init>(85)) - Initializing replication server with thread count = 10 queue length = 4096
2023-12-28 09:10:32,288 [main] INFO  server.XceiverServerGrpc (XceiverServerGrpc.java:<init>(141)) - GrpcServer channel type EpollServerSocketChannel
2023-12-28 09:10:32,288 [main] INFO  replication.ReplicationSupervisor (ReplicationSupervisor.java:build(163)) - Initializing replication supervisor with thread count = 10
2023-12-28 09:10:32,289 [main] INFO  replication.ReplicationSupervisor (ReplicationSupervisor.java:nodeStateUpdated(317)) - Node state updated to IN_SERVICE, scaling executor pool size to 10
2023-12-28 09:10:32,290 [main] INFO  http.BaseHttpServer (BaseHttpServer.java:newHttpServer2BuilderForOzone(223)) - Starting Web-server for hddsDatanode at: http://0.0.0.0:15454
2023-12-28 09:10:32,290 [main] INFO  http.BaseHttpServer (BaseHttpServer.java:<init>(110)) - Hadoop Security Enabled: false Ozone Security Enabled: false Ozone HTTP Security Enabled: false 
2023-12-28 09:10:32,291 [main] WARN  server.AuthenticationFilter (AuthenticationFilter.java:constructSecretProvider(240)) - Unable to initialize FileSignerSecretProvider, falling back to use random secrets. Reason: Could not read signature secret file: /home/runner/hadoop-http-auth-signature-secret
2023-12-28 09:10:32,291 [main] INFO  http.HttpRequestLog (HttpRequestLog.java:getRequestLog(86)) - Http request log for http.requests.hddsDatanode is not defined
2023-12-28 09:10:32,291 [main] INFO  http.HttpServer2 (HttpServer2.java:addGlobalFilter(1036)) - Added global filter 'safety' (class=org.apache.hadoop.hdds.server.http.HttpServer2$QuotingInputFilter)
2023-12-28 09:10:32,292 [main] INFO  http.HttpServer2 (HttpServer2.java:addFilter(1012)) - Added filter static_user_filter (class=org.apache.hadoop.http.lib.StaticUserWebFilter$StaticUserFilter) to context hddsDatanode
2023-12-28 09:10:32,292 [main] INFO  http.HttpServer2 (HttpServer2.java:addFilter(1020)) - Added filter static_user_filter (class=org.apache.hadoop.http.lib.StaticUserWebFilter$StaticUserFilter) to context static
2023-12-28 09:10:32,292 [main] INFO  http.HttpServer2 (HttpServer2.java:addFilter(1020)) - Added filter static_user_filter (class=org.apache.hadoop.http.lib.StaticUserWebFilter$StaticUserFilter) to context logs
2023-12-28 09:10:32,292 [main] INFO  http.BaseHttpServer (BaseHttpServer.java:<init>(189)) - HTTP server of hddsDatanode uses base directory /home/runner/work/ozone/ozone/hadoop-ozone/integration-test/target/test-dir/MiniOzoneClusterImpl-11b76480-f5fe-46c6-962b-c791e86a534f/datanode-0/meta/webserver
2023-12-28 09:10:32,292 [main] INFO  http.HttpServer2 (HttpServer2.java:bindListener(1236)) - Jetty bound to port 15454
2023-12-28 09:10:32,292 [main] INFO  server.Server (Server.java:doStart(375)) - jetty-9.4.53.v20231009; built: 2023-10-09T12:29:09.265Z; git: 27bde00a0b95a1d5bbee0eae7984f891d2d0f8c9; jvm 1.8.0_392-b08
2023-12-28 09:10:32,293 [main] INFO  server.session (DefaultSessionIdManager.java:doStart(334)) - DefaultSessionIdManager workerName=node0
2023-12-28 09:10:32,293 [main] INFO  server.session (DefaultSessionIdManager.java:doStart(339)) - No SessionScavenger set, using defaults
2023-12-28 09:10:32,293 [main] INFO  server.session (HouseKeeper.java:startScavenging(132)) - node0 Scavenging every 600000ms
2023-12-28 09:10:32,294 [main] INFO  handler.ContextHandler (ContextHandler.java:doStart(921)) - Started o.e.j.s.ServletContextHandler@178f0f40{logs,/logs,file:///home/runner/work/ozone/ozone/hadoop-ozone/integration-test/target/log,AVAILABLE}
2023-12-28 09:10:32,294 [main] INFO  handler.ContextHandler (ContextHandler.java:doStart(921)) - Started o.e.j.s.ServletContextHandler@d8fb506{static,/static,jar:file:/home/runner/.m2/repository/org/apache/ozone/hdds-container-service/1.5.0-SNAPSHOT/hdds-container-service-1.5.0-SNAPSHOT.jar!/webapps/static,AVAILABLE}
2023-12-28 09:10:32,326 [main] INFO  handler.ContextHandler (ContextHandler.java:doStart(921)) - Started o.e.j.w.WebAppContext@4687c03b{hddsDatanode,/,file:///home/runner/work/ozone/ozone/hadoop-ozone/integration-test/target/test-dir/MiniOzoneClusterImpl-11b76480-f5fe-46c6-962b-c791e86a534f/datanode-0/meta/webserver/jetty-0_0_0_0-15454-hdds-container-service-1_5_0-SNAPSHOT_jar-_-any-6912685978703594326/webapp/,AVAILABLE}{jar:file:/home/runner/.m2/repository/org/apache/ozone/hdds-container-service/1.5.0-SNAPSHOT/hdds-container-service-1.5.0-SNAPSHOT.jar!/webapps/hddsDatanode}
2023-12-28 09:10:32,326 [main] INFO  server.AbstractConnector (AbstractConnector.java:doStart(333)) - Started ServerConnector@1fd97a8{HTTP/1.1, (http/1.1)}{0.0.0.0:15454}
2023-12-28 09:10:32,326 [main] INFO  server.Server (Server.java:doStart(415)) - Started @177344ms
2023-12-28 09:10:32,326 [main] WARN  impl.MetricsSystemImpl (MetricsSystemImpl.java:register(279)) - Sink prometheus already exists!
2023-12-28 09:10:32,327 [main] INFO  http.BaseHttpServer (BaseHttpServer.java:updateConnectorAddress(354)) - HTTP server of hddsDatanode listening at http://0.0.0.0:15454
2023-12-28 09:10:32,327 [main] INFO  ipc.CallQueueManager (CallQueueManager.java:<init>(90)) - Using callQueue: class java.util.concurrent.LinkedBlockingQueue, queueCapacity: 100, scheduler: class org.apache.hadoop.ipc.DefaultRpcScheduler, ipcBackoff: false.
2023-12-28 09:10:32,327 [main] INFO  ipc.Server (Server.java:<init>(1287)) - Listener at 0.0.0.0:15455
2023-12-28 09:10:32,327 [Socket Reader #1 for port 15455] INFO  ipc.Server (Server.java:run(1323)) - Starting Socket Reader #1 for port 15455
2023-12-28 09:10:32,329 [main] INFO  ozone.HddsDatanodeService (HddsDatanodeService.java:start(324)) - Datanode start with admins: [runner]
2023-12-28 09:10:32,329 [main] INFO  ozone.HddsDatanodeClientProtocolServer (HddsDatanodeClientProtocolServer.java:start(72)) - RPC server for Client /0.0.0.0:15455
2023-12-28 09:10:32,330 [IPC Server Responder] INFO  ipc.Server (Server.java:run(1562)) - IPC Server Responder: starting
2023-12-28 09:10:32,330 [IPC Server listener on 15455] INFO  ipc.Server (Server.java:run(1402)) - IPC Server listener on 15455: starting
2023-12-28 09:10:32,336 [e4352bd1-85d5-4ef3-8682-c1451338ec4a-DatanodeStateMachineDaemonThread] INFO  statemachine.DatanodeStateMachine (DatanodeStateMachine.java:lambda$startDaemon$1(555)) - Ozone container server started.
2023-12-28 09:10:32,336 [main] WARN  dropwizard3.Dm3MetricRegistriesImpl (Dm3MetricRegistriesImpl.java:addReporterRegistration(113)) - New reporters are added after registries were created. Some metrics will be missing from the reporter. Please add reporter before adding any new registry.
2023-12-28 09:10:32,337 [main] WARN  dropwizard3.Dm3MetricRegistriesImpl (Dm3MetricRegistriesImpl.java:addReporterRegistration(113)) - New reporters are added after registries were created. Some metrics will be missing from the reporter. Please add reporter before adding any new registry.
2023-12-28 09:10:32,337 [main] INFO  impl.MetricsSystemImpl (MetricsSystemImpl.java:init(158)) - HddsDatanode metrics system started (again)
2023-12-28 09:10:32,339 [e4352bd1-85d5-4ef3-8682-c1451338ec4a-DatanodeStateMachineTaskThread-0] INFO  datanode.InitDatanodeState (InitDatanodeState.java:persistContainerDatanodeDetails(139)) - DatanodeDetails is persisted to /home/runner/work/ozone/ozone/hadoop-ozone/integration-test/target/test-dir/MiniOzoneClusterImpl-11b76480-f5fe-46c6-962b-c791e86a534f/datanode-0/meta/datanode.id
2023-12-28 09:10:32,345 [main] INFO  ozone.HddsDatanodeService (HddsDatanodeService.java:start(239)) - HddsDatanodeService host:fv-az1384-14.e3qrh24bduyexj1tcof5x1etkc.ex.internal.cloudapp.net ip:10.1.0.14
2023-12-28 09:10:32,366 [main] INFO  upgrade.AbstractLayoutVersionManager (AbstractLayoutVersionManager.java:init(83)) - Initializing Layout version manager with metadata layout = HADOOP_PRC_PORTS_IN_DATANODEDETAILS (version = 7), software layout = HADOOP_PRC_PORTS_IN_DATANODEDETAILS (version = 7)
2023-12-28 09:10:32,366 [main] INFO  statemachine.DatanodeStateMachine (DatanodeStateMachine.java:getEndPointTaskThreadPoolSize(299)) - Datanode State Machine Task Thread Pool size 2
2023-12-28 09:10:32,367 [main] ERROR lib.MethodMetric (MethodMetric.java:snapshot(117)) - Error invoking method getCommitted
java.lang.reflect.InvocationTargetException
	at sun.reflect.GeneratedMethodAccessor85.invoke(Unknown Source)
	at sun.reflect.DelegatingMethodAccessorImpl.invoke(DelegatingMethodAccessorImpl.java:43)
	at java.lang.reflect.Method.invoke(Method.java:498)
	at org.apache.hadoop.metrics2.lib.MethodMetric$2.snapshot(MethodMetric.java:111)
	at org.apache.hadoop.metrics2.lib.MethodMetric.snapshot(MethodMetric.java:142)
	at org.apache.hadoop.metrics2.lib.MetricsRegistry.snapshot(MetricsRegistry.java:447)
	at org.apache.hadoop.metrics2.lib.MetricsSourceBuilder$1.getMetrics(MetricsSourceBuilder.java:89)
	at org.apache.hadoop.metrics2.impl.MetricsSourceAdapter.getMetrics(MetricsSourceAdapter.java:200)
	at org.apache.hadoop.metrics2.impl.MetricsSourceAdapter.updateJmxCache(MetricsSourceAdapter.java:183)
	at org.apache.hadoop.metrics2.impl.MetricsSourceAdapter.getMBeanInfo(MetricsSourceAdapter.java:156)
	at com.sun.jmx.interceptor.DefaultMBeanServerInterceptor.getNewMBeanClassName(DefaultMBeanServerInterceptor.java:333)
	at com.sun.jmx.interceptor.DefaultMBeanServerInterceptor.registerMBean(DefaultMBeanServerInterceptor.java:319)
	at com.sun.jmx.mbeanserver.JmxMBeanServer.registerMBean(JmxMBeanServer.java:522)
	at org.apache.hadoop.metrics2.util.MBeans.register(MBeans.java:100)
	at org.apache.hadoop.metrics2.util.MBeans.register(MBeans.java:73)
	at org.apache.hadoop.metrics2.impl.MetricsSourceAdapter.startMBeans(MetricsSourceAdapter.java:222)
	at org.apache.hadoop.metrics2.impl.MetricsSourceAdapter.start(MetricsSourceAdapter.java:101)
	at org.apache.hadoop.metrics2.impl.MetricsSystemImpl.registerSource(MetricsSystemImpl.java:268)
	at org.apache.hadoop.metrics2.impl.MetricsSystemImpl.register(MetricsSystemImpl.java:233)
	at org.apache.hadoop.ozone.container.common.volume.VolumeInfoMetrics.init(VolumeInfoMetrics.java:50)
	at org.apache.hadoop.ozone.container.common.volume.VolumeInfoMetrics.<init>(VolumeInfoMetrics.java:45)
	at org.apache.hadoop.ozone.container.common.volume.HddsVolume.<init>(HddsVolume.java:123)
	at org.apache.hadoop.ozone.container.common.volume.HddsVolume.<init>(HddsVolume.java:71)
	at org.apache.hadoop.ozone.container.common.volume.HddsVolume$Builder.build(HddsVolume.java:111)
	at org.apache.hadoop.ozone.container.common.volume.HddsVolumeFactory.createVolume(HddsVolumeFactory.java:48)
	at org.apache.hadoop.ozone.container.common.volume.MutableVolumeSet.initializeVolumeSet(MutableVolumeSet.java:170)
	at org.apache.hadoop.ozone.container.common.volume.MutableVolumeSet.<init>(MutableVolumeSet.java:132)
	at org.apache.hadoop.ozone.container.common.volume.MutableVolumeSet.<init>(MutableVolumeSet.java:96)
	at org.apache.hadoop.ozone.container.ozoneimpl.OzoneContainer.<init>(OzoneContainer.java:149)
	at org.apache.hadoop.ozone.container.common.statemachine.DatanodeStateMachine.<init>(DatanodeStateMachine.java:186)
	at org.apache.hadoop.ozone.HddsDatanodeService.start(HddsDatanodeService.java:296)
	at org.apache.hadoop.ozone.MiniOzoneClusterImpl.startHddsDatanode(MiniOzoneClusterImpl.java:489)
	at java.util.ArrayList.forEach(ArrayList.java:1259)
	at org.apache.hadoop.ozone.MiniOzoneClusterImpl.startHddsDatanodes(MiniOzoneClusterImpl.java:497)
	at org.apache.hadoop.ozone.MiniOzoneClusterImpl$Builder.build(MiniOzoneClusterImpl.java:627)
	at org.apache.hadoop.ozone.client.rpc.TestWatchForCommit.init(TestWatchForCommit.java:149)
	at sun.reflect.NativeMethodAccessorImpl.invoke0(Native Method)
	at sun.reflect.NativeMethodAccessorImpl.invoke(NativeMethodAccessorImpl.java:62)
	at sun.reflect.DelegatingMethodAccessorImpl.invoke(DelegatingMethodAccessorImpl.java:43)
	at java.lang.reflect.Method.invoke(Method.java:498)
	at org.junit.platform.commons.util.ReflectionUtils.invokeMethod(ReflectionUtils.java:728)
	at org.junit.jupiter.engine.execution.MethodInvocation.proceed(MethodInvocation.java:60)
	at org.junit.jupiter.engine.execution.InvocationInterceptorChain$ValidatingInvocation.proceed(InvocationInterceptorChain.java:131)
	at org.junit.jupiter.engine.extension.TimeoutExtension.intercept(TimeoutExtension.java:156)
	at org.junit.jupiter.engine.extension.TimeoutExtension.interceptLifecycleMethod(TimeoutExtension.java:128)
	at org.junit.jupiter.engine.extension.TimeoutExtension.interceptBeforeEachMethod(TimeoutExtension.java:78)
	at org.junit.jupiter.engine.execution.InterceptingExecutableInvoker$ReflectiveInterceptorCall.lambda$ofVoidMethod$0(InterceptingExecutableInvoker.java:103)
	at org.junit.jupiter.engine.execution.InterceptingExecutableInvoker.lambda$invoke$0(InterceptingExecutableInvoker.java:93)
	at org.junit.jupiter.engine.execution.InvocationInterceptorChain$InterceptedInvocation.proceed(InvocationInterceptorChain.java:106)
	at org.junit.jupiter.engine.execution.InvocationInterceptorChain.proceed(InvocationInterceptorChain.java:64)
	at org.junit.jupiter.engine.execution.InvocationInterceptorChain.chainAndInvoke(InvocationInterceptorChain.java:45)
	at org.junit.jupiter.engine.execution.InvocationInterceptorChain.invoke(InvocationInterceptorChain.java:37)
	at org.junit.jupiter.engine.execution.InterceptingExecutableInvoker.invoke(InterceptingExecutableInvoker.java:92)
	at org.junit.jupiter.engine.execution.InterceptingExecutableInvoker.invoke(InterceptingExecutableInvoker.java:86)
	at org.junit.jupiter.engine.descriptor.ClassBasedTestDescriptor.invokeMethodInExtensionContext(ClassBasedTestDescriptor.java:521)
	at org.junit.jupiter.engine.descriptor.ClassBasedTestDescriptor.lambda$synthesizeBeforeEachMethodAdapter$23(ClassBasedTestDescriptor.java:506)
	at org.junit.jupiter.engine.descriptor.TestMethodTestDescriptor.lambda$invokeBeforeEachMethods$3(TestMethodTestDescriptor.java:175)
	at org.junit.jupiter.engine.descriptor.TestMethodTestDescriptor.lambda$invokeBeforeMethodsOrCallbacksUntilExceptionOccurs$6(TestMethodTestDescriptor.java:203)
	at org.junit.platform.engine.support.hierarchical.ThrowableCollector.execute(ThrowableCollector.java:73)
	at org.junit.jupiter.engine.descriptor.TestMethodTestDescriptor.invokeBeforeMethodsOrCallbacksUntilExceptionOccurs(TestMethodTestDescriptor.java:203)
	at org.junit.jupiter.engine.descriptor.TestMethodTestDescriptor.invokeBeforeEachMethods(TestMethodTestDescriptor.java:172)
	at org.junit.jupiter.engine.descriptor.TestMethodTestDescriptor.execute(TestMethodTestDescriptor.java:135)
	at org.junit.jupiter.engine.descriptor.TestMethodTestDescriptor.execute(TestMethodTestDescriptor.java:69)
	at org.junit.platform.engine.support.hierarchical.NodeTestTask.lambda$executeRecursively$6(NodeTestTask.java:151)
	at org.junit.platform.engine.support.hierarchical.ThrowableCollector.execute(ThrowableCollector.java:73)
	at org.junit.platform.engine.support.hierarchical.NodeTestTask.lambda$executeRecursively$8(NodeTestTask.java:141)
	at org.junit.platform.engine.support.hierarchical.Node.around(Node.java:137)
	at org.junit.platform.engine.support.hierarchical.NodeTestTask.lambda$executeRecursively$9(NodeTestTask.java:139)
	at org.junit.platform.engine.support.hierarchical.ThrowableCollector.execute(ThrowableCollector.java:73)
	at org.junit.platform.engine.support.hierarchical.NodeTestTask.executeRecursively(NodeTestTask.java:138)
	at org.junit.platform.engine.support.hierarchical.NodeTestTask.execute(NodeTestTask.java:95)
	at java.util.ArrayList.forEach(ArrayList.java:1259)
	at org.junit.platform.engine.support.hierarchical.SameThreadHierarchicalTestExecutorService.invokeAll(SameThreadHierarchicalTestExecutorService.java:41)
	at org.junit.platform.engine.support.hierarchical.NodeTestTask.lambda$executeRecursively$6(NodeTestTask.java:155)
	at org.junit.platform.engine.support.hierarchical.ThrowableCollector.execute(ThrowableCollector.java:73)
	at org.junit.platform.engine.support.hierarchical.NodeTestTask.lambda$executeRecursively$8(NodeTestTask.java:141)
	at org.junit.platform.engine.support.hierarchical.Node.around(Node.java:137)
	at org.junit.platform.engine.support.hierarchical.NodeTestTask.lambda$executeRecursively$9(NodeTestTask.java:139)
	at org.junit.platform.engine.support.hierarchical.ThrowableCollector.execute(ThrowableCollector.java:73)
	at org.junit.platform.engine.support.hierarchical.NodeTestTask.executeRecursively(NodeTestTask.java:138)
	at org.junit.platform.engine.support.hierarchical.NodeTestTask.execute(NodeTestTask.java:95)
	at java.util.ArrayList.forEach(ArrayList.java:1259)
	at org.junit.platform.engine.support.hierarchical.SameThreadHierarchicalTestExecutorService.invokeAll(SameThreadHierarchicalTestExecutorService.java:41)
	at org.junit.platform.engine.support.hierarchical.NodeTestTask.lambda$executeRecursively$6(NodeTestTask.java:155)
	at org.junit.platform.engine.support.hierarchical.ThrowableCollector.execute(ThrowableCollector.java:73)
	at org.junit.platform.engine.support.hierarchical.NodeTestTask.lambda$executeRecursively$8(NodeTestTask.java:141)
	at org.junit.platform.engine.support.hierarchical.Node.around(Node.java:137)
	at org.junit.platform.engine.support.hierarchical.NodeTestTask.lambda$executeRecursively$9(NodeTestTask.java:139)
	at org.junit.platform.engine.support.hierarchical.ThrowableCollector.execute(ThrowableCollector.java:73)
	at org.junit.platform.engine.support.hierarchical.NodeTestTask.executeRecursively(NodeTestTask.java:138)
	at org.junit.platform.engine.support.hierarchical.NodeTestTask.execute(NodeTestTask.java:95)
	at org.junit.platform.engine.support.hierarchical.SameThreadHierarchicalTestExecutorService.submit(SameThreadHierarchicalTestExecutorService.java:35)
	at org.junit.platform.engine.support.hierarchical.HierarchicalTestExecutor.execute(HierarchicalTestExecutor.java:57)
	at org.junit.platform.engine.support.hierarchical.HierarchicalTestEngine.execute(HierarchicalTestEngine.java:54)
	at org.junit.platform.launcher.core.EngineExecutionOrchestrator.execute(EngineExecutionOrchestrator.java:198)
	at org.junit.platform.launcher.core.EngineExecutionOrchestrator.execute(EngineExecutionOrchestrator.java:169)
	at org.junit.platform.launcher.core.EngineExecutionOrchestrator.execute(EngineExecutionOrchestrator.java:93)
	at org.junit.platform.launcher.core.EngineExecutionOrchestrator.lambda$execute$0(EngineExecutionOrchestrator.java:58)
	at org.junit.platform.launcher.core.EngineExecutionOrchestrator.withInterceptedStreams(EngineExecutionOrchestrator.java:141)
	at org.junit.platform.launcher.core.EngineExecutionOrchestrator.execute(EngineExecutionOrchestrator.java:57)
	at org.junit.platform.launcher.core.DefaultLauncher.execute(DefaultLauncher.java:103)
	at org.junit.platform.launcher.core.DefaultLauncher.execute(DefaultLauncher.java:85)
	at org.junit.platform.launcher.core.DelegatingLauncher.execute(DelegatingLauncher.java:47)
	at org.apache.maven.surefire.junitplatform.LazyLauncher.execute(LazyLauncher.java:56)
	at org.apache.maven.surefire.junitplatform.JUnitPlatformProvider.invokeAllTests(JUnitPlatformProvider.java:162)
	at org.apache.maven.surefire.junitplatform.JUnitPlatformProvider.invoke(JUnitPlatformProvider.java:120)
	at org.apache.maven.surefire.booter.ForkedBooter.runSuitesInProcess(ForkedBooter.java:385)
	at org.apache.maven.surefire.booter.ForkedBooter.execute(ForkedBooter.java:162)
	at org.apache.maven.surefire.booter.ForkedBooter.run(ForkedBooter.java:507)
	at org.apache.maven.surefire.booter.ForkedBooter.main(ForkedBooter.java:495)
Caused by: java.lang.NullPointerException
	at org.apache.hadoop.ozone.container.common.volume.HddsVolume.getCommittedBytes(HddsVolume.java:303)
	at org.apache.hadoop.ozone.container.common.volume.VolumeInfoMetrics.getCommitted(VolumeInfoMetrics.java:147)
	... 110 more
2023-12-28 09:10:32,369 [main] INFO  volume.HddsVolume (HddsVolume.java:<init>(126)) - Creating HddsVolume: /home/runner/work/ozone/ozone/hadoop-ozone/integration-test/target/test-dir/MiniOzoneClusterImpl-11b76480-f5fe-46c6-962b-c791e86a534f/datanode-1/data-0/containers/hdds of storage type : DISK capacity : 9223372036854775807
2023-12-28 09:10:32,369 [main] INFO  volume.MutableVolumeSet (MutableVolumeSet.java:initializeVolumeSet(173)) - Added Volume : /home/runner/work/ozone/ozone/hadoop-ozone/integration-test/target/test-dir/MiniOzoneClusterImpl-11b76480-f5fe-46c6-962b-c791e86a534f/datanode-1/data-0/containers/hdds to VolumeSet
2023-12-28 09:10:32,370 [main] INFO  volume.MutableVolumeSet (MutableVolumeSet.java:initializeVolumeSet(173)) - Added Volume : /home/runner/work/ozone/ozone/hadoop-ozone/integration-test/target/test-dir/MiniOzoneClusterImpl-11b76480-f5fe-46c6-962b-c791e86a534f/datanode-1/data/ratis to VolumeSet
2023-12-28 09:10:32,370 [main] INFO  ozoneimpl.OzoneContainer (HddsVolumeUtil.java:loadAllHddsVolumeDbStore(103)) - Load 1 volumes DbStore cost: 0ms
2023-12-28 09:10:32,371 [bc83b340-cccb-4d5a-a730-8abffc996f86-ContainerReader-0] INFO  ozoneimpl.ContainerReader (ContainerReader.java:readVolume(178)) - Finish verifying containers on volume /home/runner/work/ozone/ozone/hadoop-ozone/integration-test/target/test-dir/MiniOzoneClusterImpl-11b76480-f5fe-46c6-962b-c791e86a534f/datanode-1/data-0/containers/hdds
2023-12-28 09:10:32,371 [main] INFO  ozoneimpl.OzoneContainer (OzoneContainer.java:buildContainerSet(326)) - Build ContainerSet costs 0s
2023-12-28 09:10:32,372 [main] INFO  server.RaftServer (ConfUtils.java:logGet(46)) - raft.rpc.type = GRPC (default)
2023-12-28 09:10:32,372 [main] INFO  grpc.GrpcConfigKeys (ConfUtils.java:logFallback(53)) - raft.grpc.admin.host = null (fallback to raft.grpc.server.host)
2023-12-28 09:10:32,373 [main] INFO  grpc.GrpcConfigKeys (ConfUtils.java:logGet(46)) - raft.grpc.admin.port = 15467 (custom)
2023-12-28 09:10:32,373 [main] INFO  grpc.GrpcConfigKeys (ConfUtils.java:logFallback(53)) - raft.grpc.client.host = null (fallback to raft.grpc.server.host)
2023-12-28 09:10:32,373 [main] INFO  grpc.GrpcConfigKeys (ConfUtils.java:logGet(46)) - raft.grpc.client.port = 15466 (custom)
2023-12-28 09:10:32,373 [main] INFO  grpc.GrpcConfigKeys (ConfUtils.java:logGet(46)) - raft.grpc.server.host = null (default)
2023-12-28 09:10:32,373 [main] INFO  grpc.GrpcConfigKeys (ConfUtils.java:logGet(46)) - raft.grpc.server.port = 15468 (custom)
2023-12-28 09:10:32,373 [main] INFO  server.GrpcService (ConfUtils.java:logGet(46)) - raft.grpc.message.size.max = 32MB (=33554432) (custom)
2023-12-28 09:10:32,373 [main] INFO  server.RaftServerConfigKeys (ConfUtils.java:logGet(46)) - raft.server.log.appender.buffer.byte-limit = 8388608 (custom)
2023-12-28 09:10:32,373 [main] INFO  server.GrpcService (ConfUtils.java:logGet(46)) - raft.grpc.flow.control.window = 5MB (=5242880) (custom)
2023-12-28 09:10:32,373 [main] INFO  server.RaftServerConfigKeys (ConfUtils.java:logGet(46)) - raft.server.rpc.request.timeout = 3000ms (default)
2023-12-28 09:10:32,374 [main] INFO  grpc.GrpcConfigKeys (ConfUtils.java:logGet(46)) - raft.grpc.server.heartbeat.channel = true (default)
2023-12-28 09:10:32,374 [main] INFO  grpc.GrpcConfigKeys (ConfUtils.java:logGet(46)) - raft.grpc.server.async.request.thread.pool.cached = true (default)
2023-12-28 09:10:32,374 [main] INFO  grpc.GrpcConfigKeys (ConfUtils.java:logGet(46)) - raft.grpc.server.async.request.thread.pool.size = 32 (default)
2023-12-28 09:10:32,375 [main] INFO  impl.DataStreamServerImpl (ConfUtils.java:logGet(46)) - raft.datastream.type = NETTY (custom)
2023-12-28 09:10:32,375 [main] INFO  server.RaftServerConfigKeys (ConfUtils.java:logGet(46)) - raft.server.data-stream.async.request.thread.pool.cached = false (default)
2023-12-28 09:10:32,376 [main] INFO  server.RaftServerConfigKeys (ConfUtils.java:logGet(46)) - raft.server.data-stream.async.request.thread.pool.size = 20 (custom)
2023-12-28 09:10:32,376 [main] INFO  server.RaftServerConfigKeys (ConfUtils.java:logGet(46)) - raft.server.data-stream.async.write.thread.pool.size = 16 (default)
2023-12-28 09:10:32,376 [main] INFO  netty.NettyConfigKeys$DataStream (ConfUtils.java:logGet(46)) - raft.netty.dataStream.server.channel.inactive.grace-period = 10min (default)
2023-12-28 09:10:32,376 [main] INFO  server.RaftServerConfigKeys (ConfUtils.java:logGet(46)) - raft.server.data-stream.client.pool.size = 10 (default)
2023-12-28 09:10:32,376 [main] INFO  netty.NettyConfigKeys$DataStream (ConfUtils.java:logGet(46)) - raft.netty.dataStream.server.use-epoll = true (default)
2023-12-28 09:10:32,376 [main] INFO  netty.NettyConfigKeys$DataStream (ConfUtils.java:logGet(46)) - raft.netty.dataStream.server.boss-group.size = 0 (default)
2023-12-28 09:10:32,376 [main] INFO  netty.NettyUtils (NettyUtils.java:newEventLoopGroup(69)) - Create EpollEventLoopGroup for bc83b340-cccb-4d5a-a730-8abffc996f86-NettyServerStreamRpc-bossGroup; Thread size is 0.
2023-12-28 09:10:32,376 [main] INFO  netty.NettyConfigKeys$DataStream (ConfUtils.java:logGet(46)) - raft.netty.dataStream.server.worker-group.size = 0 (default)
2023-12-28 09:10:32,377 [main] INFO  netty.NettyUtils (NettyUtils.java:newEventLoopGroup(69)) - Create EpollEventLoopGroup for bc83b340-cccb-4d5a-a730-8abffc996f86-NettyServerStreamRpc-workerGroup; Thread size is 0.
2023-12-28 09:10:32,377 [main] INFO  netty.NettyConfigKeys$DataStream (ConfUtils.java:logGet(46)) - raft.netty.dataStream.server.tls.conf = null (default)
2023-12-28 09:10:32,377 [main] INFO  netty.NettyConfigKeys$DataStream (ConfUtils.java:logGet(46)) - raft.netty.dataStream.host = null (default)
2023-12-28 09:10:32,377 [main] INFO  netty.NettyConfigKeys$DataStream (ConfUtils.java:logGet(46)) - raft.netty.dataStream.port = 15469 (custom)
2023-12-28 09:10:32,377 [main] INFO  server.RaftServerConfigKeys (ConfUtils.java:logGet(46)) - raft.server.sleep.deviation.threshold = 300ms (default)
2023-12-28 09:10:32,377 [bc83b340-cccb-4d5a-a730-8abffc996f86-NettyServerStreamRpc-bossGroup--thread1] INFO  logging.LoggingHandler (AbstractInternalLogger.java:log(148)) - [id: 0xd66773c5] REGISTERED
2023-12-28 09:10:32,377 [main] INFO  server.RaftServerConfigKeys (ConfUtils.java:logGet(46)) - raft.server.close.threshold = 60s (default)
2023-12-28 09:10:32,378 [main] INFO  server.RaftServerConfigKeys (ConfUtils.java:logGet(46)) - raft.server.leaderelection.leader.step-down.wait-time = 10s (default)
2023-12-28 09:10:32,377 [bc83b340-cccb-4d5a-a730-8abffc996f86-NettyServerStreamRpc-bossGroup--thread1] INFO  logging.LoggingHandler (AbstractInternalLogger.java:log(148)) - [id: 0xd66773c5] BIND: 0.0.0.0/0.0.0.0:15469
2023-12-28 09:10:32,378 [main] INFO  server.RaftServerConfigKeys (ConfUtils.java:logGet(46)) - raft.server.storage.dir = [/home/runner/work/ozone/ozone/hadoop-ozone/integration-test/target/test-dir/MiniOzoneClusterImpl-11b76480-f5fe-46c6-962b-c791e86a534f/datanode-1/data/ratis] (custom)
2023-12-28 09:10:32,378 [main] INFO  server.RaftServerConfigKeys (ConfUtils.java:logGet(46)) - raft.server.threadpool.proxy.cached = true (default)
2023-12-28 09:10:32,378 [bc83b340-cccb-4d5a-a730-8abffc996f86-NettyServerStreamRpc-bossGroup--thread1] INFO  logging.LoggingHandler (AbstractInternalLogger.java:log(148)) - [id: 0xd66773c5, L:/0.0.0.0:15469] ACTIVE
2023-12-28 09:10:32,378 [main] INFO  server.RaftServerConfigKeys (ConfUtils.java:logGet(46)) - raft.server.threadpool.proxy.size = 0 (default)
2023-12-28 09:10:32,378 [bc83b340-cccb-4d5a-a730-8abffc996f86-impl-thread1] INFO  server.RaftServer (RaftServerProxy.java:initGroupDir(264)) - bc83b340-cccb-4d5a-a730-8abffc996f86: found a subdirectory /home/runner/work/ozone/ozone/hadoop-ozone/integration-test/target/test-dir/MiniOzoneClusterImpl-11b76480-f5fe-46c6-962b-c791e86a534f/datanode-1/data/ratis/tmp
2023-12-28 09:10:32,378 [bc83b340-cccb-4d5a-a730-8abffc996f86-impl-thread1] INFO  server.RaftServer (RaftServerProxy.java:initGroupDir(269)) - bc83b340-cccb-4d5a-a730-8abffc996f86: The directory /home/runner/work/ozone/ozone/hadoop-ozone/integration-test/target/test-dir/MiniOzoneClusterImpl-11b76480-f5fe-46c6-962b-c791e86a534f/datanode-1/data/ratis/tmp is not a group directory; ignoring it. 
2023-12-28 09:10:32,378 [main] INFO  replication.ReplicationServer (ReplicationServer.java:<init>(85)) - Initializing replication server with thread count = 10 queue length = 4096
2023-12-28 09:10:32,379 [main] INFO  server.XceiverServerGrpc (XceiverServerGrpc.java:<init>(141)) - GrpcServer channel type EpollServerSocketChannel
2023-12-28 09:10:32,381 [main] INFO  replication.ReplicationSupervisor (ReplicationSupervisor.java:build(163)) - Initializing replication supervisor with thread count = 10
2023-12-28 09:10:32,381 [main] INFO  replication.ReplicationSupervisor (ReplicationSupervisor.java:nodeStateUpdated(317)) - Node state updated to IN_SERVICE, scaling executor pool size to 10
2023-12-28 09:10:32,382 [main] INFO  http.BaseHttpServer (BaseHttpServer.java:newHttpServer2BuilderForOzone(223)) - Starting Web-server for hddsDatanode at: http://0.0.0.0:15463
2023-12-28 09:10:32,382 [main] INFO  http.BaseHttpServer (BaseHttpServer.java:<init>(110)) - Hadoop Security Enabled: false Ozone Security Enabled: false Ozone HTTP Security Enabled: false 
2023-12-28 09:10:32,383 [main] WARN  server.AuthenticationFilter (AuthenticationFilter.java:constructSecretProvider(240)) - Unable to initialize FileSignerSecretProvider, falling back to use random secrets. Reason: Could not read signature secret file: /home/runner/hadoop-http-auth-signature-secret
2023-12-28 09:10:32,384 [main] INFO  http.HttpRequestLog (HttpRequestLog.java:getRequestLog(86)) - Http request log for http.requests.hddsDatanode is not defined
2023-12-28 09:10:32,384 [main] INFO  http.HttpServer2 (HttpServer2.java:addGlobalFilter(1036)) - Added global filter 'safety' (class=org.apache.hadoop.hdds.server.http.HttpServer2$QuotingInputFilter)
2023-12-28 09:10:32,385 [main] INFO  http.HttpServer2 (HttpServer2.java:addFilter(1012)) - Added filter static_user_filter (class=org.apache.hadoop.http.lib.StaticUserWebFilter$StaticUserFilter) to context hddsDatanode
2023-12-28 09:10:32,385 [main] INFO  http.HttpServer2 (HttpServer2.java:addFilter(1020)) - Added filter static_user_filter (class=org.apache.hadoop.http.lib.StaticUserWebFilter$StaticUserFilter) to context static
2023-12-28 09:10:32,385 [main] INFO  http.HttpServer2 (HttpServer2.java:addFilter(1020)) - Added filter static_user_filter (class=org.apache.hadoop.http.lib.StaticUserWebFilter$StaticUserFilter) to context logs
2023-12-28 09:10:32,385 [main] INFO  http.BaseHttpServer (BaseHttpServer.java:<init>(189)) - HTTP server of hddsDatanode uses base directory /home/runner/work/ozone/ozone/hadoop-ozone/integration-test/target/test-dir/MiniOzoneClusterImpl-11b76480-f5fe-46c6-962b-c791e86a534f/datanode-1/meta/webserver
2023-12-28 09:10:32,385 [main] INFO  http.HttpServer2 (HttpServer2.java:bindListener(1236)) - Jetty bound to port 15463
2023-12-28 09:10:32,386 [main] INFO  server.Server (Server.java:doStart(375)) - jetty-9.4.53.v20231009; built: 2023-10-09T12:29:09.265Z; git: 27bde00a0b95a1d5bbee0eae7984f891d2d0f8c9; jvm 1.8.0_392-b08
2023-12-28 09:10:32,386 [main] INFO  server.session (DefaultSessionIdManager.java:doStart(334)) - DefaultSessionIdManager workerName=node0
2023-12-28 09:10:32,386 [main] INFO  server.session (DefaultSessionIdManager.java:doStart(339)) - No SessionScavenger set, using defaults
2023-12-28 09:10:32,387 [main] INFO  server.session (HouseKeeper.java:startScavenging(132)) - node0 Scavenging every 600000ms
2023-12-28 09:10:32,387 [main] INFO  handler.ContextHandler (ContextHandler.java:doStart(921)) - Started o.e.j.s.ServletContextHandler@4516e2f{logs,/logs,file:///home/runner/work/ozone/ozone/hadoop-ozone/integration-test/target/log,AVAILABLE}
2023-12-28 09:10:32,387 [main] INFO  handler.ContextHandler (ContextHandler.java:doStart(921)) - Started o.e.j.s.ServletContextHandler@62824af7{static,/static,jar:file:/home/runner/.m2/repository/org/apache/ozone/hdds-container-service/1.5.0-SNAPSHOT/hdds-container-service-1.5.0-SNAPSHOT.jar!/webapps/static,AVAILABLE}
2023-12-28 09:10:32,419 [main] INFO  handler.ContextHandler (ContextHandler.java:doStart(921)) - Started o.e.j.w.WebAppContext@6fd6fdc1{hddsDatanode,/,file:///home/runner/work/ozone/ozone/hadoop-ozone/integration-test/target/test-dir/MiniOzoneClusterImpl-11b76480-f5fe-46c6-962b-c791e86a534f/datanode-1/meta/webserver/jetty-0_0_0_0-15463-hdds-container-service-1_5_0-SNAPSHOT_jar-_-any-5748097974850161005/webapp/,AVAILABLE}{jar:file:/home/runner/.m2/repository/org/apache/ozone/hdds-container-service/1.5.0-SNAPSHOT/hdds-container-service-1.5.0-SNAPSHOT.jar!/webapps/hddsDatanode}
2023-12-28 09:10:32,419 [main] INFO  server.AbstractConnector (AbstractConnector.java:doStart(333)) - Started ServerConnector@6e96161f{HTTP/1.1, (http/1.1)}{0.0.0.0:15463}
2023-12-28 09:10:32,419 [main] INFO  server.Server (Server.java:doStart(415)) - Started @177438ms
2023-12-28 09:10:32,420 [main] WARN  impl.MetricsSystemImpl (MetricsSystemImpl.java:register(279)) - Sink prometheus already exists!
2023-12-28 09:10:32,420 [main] INFO  http.BaseHttpServer (BaseHttpServer.java:updateConnectorAddress(354)) - HTTP server of hddsDatanode listening at http://0.0.0.0:15463
2023-12-28 09:10:32,420 [main] INFO  ipc.CallQueueManager (CallQueueManager.java:<init>(90)) - Using callQueue: class java.util.concurrent.LinkedBlockingQueue, queueCapacity: 100, scheduler: class org.apache.hadoop.ipc.DefaultRpcScheduler, ipcBackoff: false.
2023-12-28 09:10:32,420 [main] INFO  ipc.Server (Server.java:<init>(1287)) - Listener at 0.0.0.0:15464
2023-12-28 09:10:32,421 [Socket Reader #1 for port 15464] INFO  ipc.Server (Server.java:run(1323)) - Starting Socket Reader #1 for port 15464
2023-12-28 09:10:32,422 [main] INFO  ozone.HddsDatanodeService (HddsDatanodeService.java:start(324)) - Datanode start with admins: [runner]
2023-12-28 09:10:32,422 [main] INFO  ozone.HddsDatanodeClientProtocolServer (HddsDatanodeClientProtocolServer.java:start(72)) - RPC server for Client /0.0.0.0:15464
2023-12-28 09:10:32,422 [IPC Server Responder] INFO  ipc.Server (Server.java:run(1562)) - IPC Server Responder: starting
2023-12-28 09:10:32,422 [IPC Server listener on 15464] INFO  ipc.Server (Server.java:run(1402)) - IPC Server listener on 15464: starting
2023-12-28 09:10:32,423 [bc83b340-cccb-4d5a-a730-8abffc996f86-DatanodeStateMachineDaemonThread] INFO  statemachine.DatanodeStateMachine (DatanodeStateMachine.java:lambda$startDaemon$1(555)) - Ozone container server started.
2023-12-28 09:10:32,423 [main] WARN  dropwizard3.Dm3MetricRegistriesImpl (Dm3MetricRegistriesImpl.java:addReporterRegistration(113)) - New reporters are added after registries were created. Some metrics will be missing from the reporter. Please add reporter before adding any new registry.
2023-12-28 09:10:32,424 [main] WARN  dropwizard3.Dm3MetricRegistriesImpl (Dm3MetricRegistriesImpl.java:addReporterRegistration(113)) - New reporters are added after registries were created. Some metrics will be missing from the reporter. Please add reporter before adding any new registry.
2023-12-28 09:10:32,424 [main] INFO  impl.MetricsSystemImpl (MetricsSystemImpl.java:init(158)) - HddsDatanode metrics system started (again)
2023-12-28 09:10:32,427 [bc83b340-cccb-4d5a-a730-8abffc996f86-DatanodeStateMachineTaskThread-0] INFO  datanode.InitDatanodeState (InitDatanodeState.java:persistContainerDatanodeDetails(139)) - DatanodeDetails is persisted to /home/runner/work/ozone/ozone/hadoop-ozone/integration-test/target/test-dir/MiniOzoneClusterImpl-11b76480-f5fe-46c6-962b-c791e86a534f/datanode-1/meta/datanode.id
2023-12-28 09:10:32,433 [main] INFO  ozone.HddsDatanodeService (HddsDatanodeService.java:start(239)) - HddsDatanodeService host:fv-az1384-14.e3qrh24bduyexj1tcof5x1etkc.ex.internal.cloudapp.net ip:10.1.0.14
2023-12-28 09:10:32,454 [main] INFO  upgrade.AbstractLayoutVersionManager (AbstractLayoutVersionManager.java:init(83)) - Initializing Layout version manager with metadata layout = HADOOP_PRC_PORTS_IN_DATANODEDETAILS (version = 7), software layout = HADOOP_PRC_PORTS_IN_DATANODEDETAILS (version = 7)
2023-12-28 09:10:32,454 [main] INFO  statemachine.DatanodeStateMachine (DatanodeStateMachine.java:getEndPointTaskThreadPoolSize(299)) - Datanode State Machine Task Thread Pool size 2
2023-12-28 09:10:32,455 [main] ERROR lib.MethodMetric (MethodMetric.java:snapshot(117)) - Error invoking method getCommitted
java.lang.reflect.InvocationTargetException
	at sun.reflect.GeneratedMethodAccessor85.invoke(Unknown Source)
	at sun.reflect.DelegatingMethodAccessorImpl.invoke(DelegatingMethodAccessorImpl.java:43)
	at java.lang.reflect.Method.invoke(Method.java:498)
	at org.apache.hadoop.metrics2.lib.MethodMetric$2.snapshot(MethodMetric.java:111)
	at org.apache.hadoop.metrics2.lib.MethodMetric.snapshot(MethodMetric.java:142)
	at org.apache.hadoop.metrics2.lib.MetricsRegistry.snapshot(MetricsRegistry.java:447)
	at org.apache.hadoop.metrics2.lib.MetricsSourceBuilder$1.getMetrics(MetricsSourceBuilder.java:89)
	at org.apache.hadoop.metrics2.impl.MetricsSourceAdapter.getMetrics(MetricsSourceAdapter.java:200)
	at org.apache.hadoop.metrics2.impl.MetricsSourceAdapter.updateJmxCache(MetricsSourceAdapter.java:183)
	at org.apache.hadoop.metrics2.impl.MetricsSourceAdapter.getMBeanInfo(MetricsSourceAdapter.java:156)
	at com.sun.jmx.interceptor.DefaultMBeanServerInterceptor.getNewMBeanClassName(DefaultMBeanServerInterceptor.java:333)
	at com.sun.jmx.interceptor.DefaultMBeanServerInterceptor.registerMBean(DefaultMBeanServerInterceptor.java:319)
	at com.sun.jmx.mbeanserver.JmxMBeanServer.registerMBean(JmxMBeanServer.java:522)
	at org.apache.hadoop.metrics2.util.MBeans.register(MBeans.java:100)
	at org.apache.hadoop.metrics2.util.MBeans.register(MBeans.java:73)
	at org.apache.hadoop.metrics2.impl.MetricsSourceAdapter.startMBeans(MetricsSourceAdapter.java:222)
	at org.apache.hadoop.metrics2.impl.MetricsSourceAdapter.start(MetricsSourceAdapter.java:101)
	at org.apache.hadoop.metrics2.impl.MetricsSystemImpl.registerSource(MetricsSystemImpl.java:268)
	at org.apache.hadoop.metrics2.impl.MetricsSystemImpl.register(MetricsSystemImpl.java:233)
	at org.apache.hadoop.ozone.container.common.volume.VolumeInfoMetrics.init(VolumeInfoMetrics.java:50)
	at org.apache.hadoop.ozone.container.common.volume.VolumeInfoMetrics.<init>(VolumeInfoMetrics.java:45)
	at org.apache.hadoop.ozone.container.common.volume.HddsVolume.<init>(HddsVolume.java:123)
	at org.apache.hadoop.ozone.container.common.volume.HddsVolume.<init>(HddsVolume.java:71)
	at org.apache.hadoop.ozone.container.common.volume.HddsVolume$Builder.build(HddsVolume.java:111)
	at org.apache.hadoop.ozone.container.common.volume.HddsVolumeFactory.createVolume(HddsVolumeFactory.java:48)
	at org.apache.hadoop.ozone.container.common.volume.MutableVolumeSet.initializeVolumeSet(MutableVolumeSet.java:170)
	at org.apache.hadoop.ozone.container.common.volume.MutableVolumeSet.<init>(MutableVolumeSet.java:132)
	at org.apache.hadoop.ozone.container.common.volume.MutableVolumeSet.<init>(MutableVolumeSet.java:96)
	at org.apache.hadoop.ozone.container.ozoneimpl.OzoneContainer.<init>(OzoneContainer.java:149)
	at org.apache.hadoop.ozone.container.common.statemachine.DatanodeStateMachine.<init>(DatanodeStateMachine.java:186)
	at org.apache.hadoop.ozone.HddsDatanodeService.start(HddsDatanodeService.java:296)
	at org.apache.hadoop.ozone.MiniOzoneClusterImpl.startHddsDatanode(MiniOzoneClusterImpl.java:489)
	at java.util.ArrayList.forEach(ArrayList.java:1259)
	at org.apache.hadoop.ozone.MiniOzoneClusterImpl.startHddsDatanodes(MiniOzoneClusterImpl.java:497)
	at org.apache.hadoop.ozone.MiniOzoneClusterImpl$Builder.build(MiniOzoneClusterImpl.java:627)
	at org.apache.hadoop.ozone.client.rpc.TestWatchForCommit.init(TestWatchForCommit.java:149)
	at sun.reflect.NativeMethodAccessorImpl.invoke0(Native Method)
	at sun.reflect.NativeMethodAccessorImpl.invoke(NativeMethodAccessorImpl.java:62)
	at sun.reflect.DelegatingMethodAccessorImpl.invoke(DelegatingMethodAccessorImpl.java:43)
	at java.lang.reflect.Method.invoke(Method.java:498)
	at org.junit.platform.commons.util.ReflectionUtils.invokeMethod(ReflectionUtils.java:728)
	at org.junit.jupiter.engine.execution.MethodInvocation.proceed(MethodInvocation.java:60)
	at org.junit.jupiter.engine.execution.InvocationInterceptorChain$ValidatingInvocation.proceed(InvocationInterceptorChain.java:131)
	at org.junit.jupiter.engine.extension.TimeoutExtension.intercept(TimeoutExtension.java:156)
	at org.junit.jupiter.engine.extension.TimeoutExtension.interceptLifecycleMethod(TimeoutExtension.java:128)
	at org.junit.jupiter.engine.extension.TimeoutExtension.interceptBeforeEachMethod(TimeoutExtension.java:78)
	at org.junit.jupiter.engine.execution.InterceptingExecutableInvoker$ReflectiveInterceptorCall.lambda$ofVoidMethod$0(InterceptingExecutableInvoker.java:103)
	at org.junit.jupiter.engine.execution.InterceptingExecutableInvoker.lambda$invoke$0(InterceptingExecutableInvoker.java:93)
	at org.junit.jupiter.engine.execution.InvocationInterceptorChain$InterceptedInvocation.proceed(InvocationInterceptorChain.java:106)
	at org.junit.jupiter.engine.execution.InvocationInterceptorChain.proceed(InvocationInterceptorChain.java:64)
	at org.junit.jupiter.engine.execution.InvocationInterceptorChain.chainAndInvoke(InvocationInterceptorChain.java:45)
	at org.junit.jupiter.engine.execution.InvocationInterceptorChain.invoke(InvocationInterceptorChain.java:37)
	at org.junit.jupiter.engine.execution.InterceptingExecutableInvoker.invoke(InterceptingExecutableInvoker.java:92)
	at org.junit.jupiter.engine.execution.InterceptingExecutableInvoker.invoke(InterceptingExecutableInvoker.java:86)
	at org.junit.jupiter.engine.descriptor.ClassBasedTestDescriptor.invokeMethodInExtensionContext(ClassBasedTestDescriptor.java:521)
	at org.junit.jupiter.engine.descriptor.ClassBasedTestDescriptor.lambda$synthesizeBeforeEachMethodAdapter$23(ClassBasedTestDescriptor.java:506)
	at org.junit.jupiter.engine.descriptor.TestMethodTestDescriptor.lambda$invokeBeforeEachMethods$3(TestMethodTestDescriptor.java:175)
	at org.junit.jupiter.engine.descriptor.TestMethodTestDescriptor.lambda$invokeBeforeMethodsOrCallbacksUntilExceptionOccurs$6(TestMethodTestDescriptor.java:203)
	at org.junit.platform.engine.support.hierarchical.ThrowableCollector.execute(ThrowableCollector.java:73)
	at org.junit.jupiter.engine.descriptor.TestMethodTestDescriptor.invokeBeforeMethodsOrCallbacksUntilExceptionOccurs(TestMethodTestDescriptor.java:203)
	at org.junit.jupiter.engine.descriptor.TestMethodTestDescriptor.invokeBeforeEachMethods(TestMethodTestDescriptor.java:172)
	at org.junit.jupiter.engine.descriptor.TestMethodTestDescriptor.execute(TestMethodTestDescriptor.java:135)
	at org.junit.jupiter.engine.descriptor.TestMethodTestDescriptor.execute(TestMethodTestDescriptor.java:69)
	at org.junit.platform.engine.support.hierarchical.NodeTestTask.lambda$executeRecursively$6(NodeTestTask.java:151)
	at org.junit.platform.engine.support.hierarchical.ThrowableCollector.execute(ThrowableCollector.java:73)
	at org.junit.platform.engine.support.hierarchical.NodeTestTask.lambda$executeRecursively$8(NodeTestTask.java:141)
	at org.junit.platform.engine.support.hierarchical.Node.around(Node.java:137)
	at org.junit.platform.engine.support.hierarchical.NodeTestTask.lambda$executeRecursively$9(NodeTestTask.java:139)
	at org.junit.platform.engine.support.hierarchical.ThrowableCollector.execute(ThrowableCollector.java:73)
	at org.junit.platform.engine.support.hierarchical.NodeTestTask.executeRecursively(NodeTestTask.java:138)
	at org.junit.platform.engine.support.hierarchical.NodeTestTask.execute(NodeTestTask.java:95)
	at java.util.ArrayList.forEach(ArrayList.java:1259)
	at org.junit.platform.engine.support.hierarchical.SameThreadHierarchicalTestExecutorService.invokeAll(SameThreadHierarchicalTestExecutorService.java:41)
	at org.junit.platform.engine.support.hierarchical.NodeTestTask.lambda$executeRecursively$6(NodeTestTask.java:155)
	at org.junit.platform.engine.support.hierarchical.ThrowableCollector.execute(ThrowableCollector.java:73)
	at org.junit.platform.engine.support.hierarchical.NodeTestTask.lambda$executeRecursively$8(NodeTestTask.java:141)
	at org.junit.platform.engine.support.hierarchical.Node.around(Node.java:137)
	at org.junit.platform.engine.support.hierarchical.NodeTestTask.lambda$executeRecursively$9(NodeTestTask.java:139)
	at org.junit.platform.engine.support.hierarchical.ThrowableCollector.execute(ThrowableCollector.java:73)
	at org.junit.platform.engine.support.hierarchical.NodeTestTask.executeRecursively(NodeTestTask.java:138)
	at org.junit.platform.engine.support.hierarchical.NodeTestTask.execute(NodeTestTask.java:95)
	at java.util.ArrayList.forEach(ArrayList.java:1259)
	at org.junit.platform.engine.support.hierarchical.SameThreadHierarchicalTestExecutorService.invokeAll(SameThreadHierarchicalTestExecutorService.java:41)
	at org.junit.platform.engine.support.hierarchical.NodeTestTask.lambda$executeRecursively$6(NodeTestTask.java:155)
	at org.junit.platform.engine.support.hierarchical.ThrowableCollector.execute(ThrowableCollector.java:73)
	at org.junit.platform.engine.support.hierarchical.NodeTestTask.lambda$executeRecursively$8(NodeTestTask.java:141)
	at org.junit.platform.engine.support.hierarchical.Node.around(Node.java:137)
	at org.junit.platform.engine.support.hierarchical.NodeTestTask.lambda$executeRecursively$9(NodeTestTask.java:139)
	at org.junit.platform.engine.support.hierarchical.ThrowableCollector.execute(ThrowableCollector.java:73)
	at org.junit.platform.engine.support.hierarchical.NodeTestTask.executeRecursively(NodeTestTask.java:138)
	at org.junit.platform.engine.support.hierarchical.NodeTestTask.execute(NodeTestTask.java:95)
	at org.junit.platform.engine.support.hierarchical.SameThreadHierarchicalTestExecutorService.submit(SameThreadHierarchicalTestExecutorService.java:35)
	at org.junit.platform.engine.support.hierarchical.HierarchicalTestExecutor.execute(HierarchicalTestExecutor.java:57)
	at org.junit.platform.engine.support.hierarchical.HierarchicalTestEngine.execute(HierarchicalTestEngine.java:54)
	at org.junit.platform.launcher.core.EngineExecutionOrchestrator.execute(EngineExecutionOrchestrator.java:198)
	at org.junit.platform.launcher.core.EngineExecutionOrchestrator.execute(EngineExecutionOrchestrator.java:169)
	at org.junit.platform.launcher.core.EngineExecutionOrchestrator.execute(EngineExecutionOrchestrator.java:93)
	at org.junit.platform.launcher.core.EngineExecutionOrchestrator.lambda$execute$0(EngineExecutionOrchestrator.java:58)
	at org.junit.platform.launcher.core.EngineExecutionOrchestrator.withInterceptedStreams(EngineExecutionOrchestrator.java:141)
	at org.junit.platform.launcher.core.EngineExecutionOrchestrator.execute(EngineExecutionOrchestrator.java:57)
	at org.junit.platform.launcher.core.DefaultLauncher.execute(DefaultLauncher.java:103)
	at org.junit.platform.launcher.core.DefaultLauncher.execute(DefaultLauncher.java:85)
	at org.junit.platform.launcher.core.DelegatingLauncher.execute(DelegatingLauncher.java:47)
	at org.apache.maven.surefire.junitplatform.LazyLauncher.execute(LazyLauncher.java:56)
	at org.apache.maven.surefire.junitplatform.JUnitPlatformProvider.invokeAllTests(JUnitPlatformProvider.java:162)
	at org.apache.maven.surefire.junitplatform.JUnitPlatformProvider.invoke(JUnitPlatformProvider.java:120)
	at org.apache.maven.surefire.booter.ForkedBooter.runSuitesInProcess(ForkedBooter.java:385)
	at org.apache.maven.surefire.booter.ForkedBooter.execute(ForkedBooter.java:162)
	at org.apache.maven.surefire.booter.ForkedBooter.run(ForkedBooter.java:507)
	at org.apache.maven.surefire.booter.ForkedBooter.main(ForkedBooter.java:495)
Caused by: java.lang.NullPointerException
	at org.apache.hadoop.ozone.container.common.volume.HddsVolume.getCommittedBytes(HddsVolume.java:303)
	at org.apache.hadoop.ozone.container.common.volume.VolumeInfoMetrics.getCommitted(VolumeInfoMetrics.java:147)
	... 110 more
2023-12-28 09:10:32,456 [main] INFO  volume.HddsVolume (HddsVolume.java:<init>(126)) - Creating HddsVolume: /home/runner/work/ozone/ozone/hadoop-ozone/integration-test/target/test-dir/MiniOzoneClusterImpl-11b76480-f5fe-46c6-962b-c791e86a534f/datanode-2/data-0/containers/hdds of storage type : DISK capacity : 9223372036854775807
2023-12-28 09:10:32,456 [main] INFO  volume.MutableVolumeSet (MutableVolumeSet.java:initializeVolumeSet(173)) - Added Volume : /home/runner/work/ozone/ozone/hadoop-ozone/integration-test/target/test-dir/MiniOzoneClusterImpl-11b76480-f5fe-46c6-962b-c791e86a534f/datanode-2/data-0/containers/hdds to VolumeSet
2023-12-28 09:10:32,457 [main] INFO  volume.MutableVolumeSet (MutableVolumeSet.java:initializeVolumeSet(173)) - Added Volume : /home/runner/work/ozone/ozone/hadoop-ozone/integration-test/target/test-dir/MiniOzoneClusterImpl-11b76480-f5fe-46c6-962b-c791e86a534f/datanode-2/data/ratis to VolumeSet
2023-12-28 09:10:32,457 [main] INFO  ozoneimpl.OzoneContainer (HddsVolumeUtil.java:loadAllHddsVolumeDbStore(103)) - Load 1 volumes DbStore cost: 0ms
2023-12-28 09:10:32,457 [44783c19-7880-41e3-960e-1ceedd7807f9-ContainerReader-0] INFO  ozoneimpl.ContainerReader (ContainerReader.java:readVolume(178)) - Finish verifying containers on volume /home/runner/work/ozone/ozone/hadoop-ozone/integration-test/target/test-dir/MiniOzoneClusterImpl-11b76480-f5fe-46c6-962b-c791e86a534f/datanode-2/data-0/containers/hdds
2023-12-28 09:10:32,458 [main] INFO  ozoneimpl.OzoneContainer (OzoneContainer.java:buildContainerSet(326)) - Build ContainerSet costs 0s
2023-12-28 09:10:32,459 [main] INFO  server.RaftServer (ConfUtils.java:logGet(46)) - raft.rpc.type = GRPC (default)
2023-12-28 09:10:32,459 [main] INFO  grpc.GrpcConfigKeys (ConfUtils.java:logFallback(53)) - raft.grpc.admin.host = null (fallback to raft.grpc.server.host)
2023-12-28 09:10:32,459 [main] INFO  grpc.GrpcConfigKeys (ConfUtils.java:logGet(46)) - raft.grpc.admin.port = 15476 (custom)
2023-12-28 09:10:32,459 [main] INFO  grpc.GrpcConfigKeys (ConfUtils.java:logFallback(53)) - raft.grpc.client.host = null (fallback to raft.grpc.server.host)
2023-12-28 09:10:32,460 [main] INFO  grpc.GrpcConfigKeys (ConfUtils.java:logGet(46)) - raft.grpc.client.port = 15475 (custom)
2023-12-28 09:10:32,460 [main] INFO  grpc.GrpcConfigKeys (ConfUtils.java:logGet(46)) - raft.grpc.server.host = null (default)
2023-12-28 09:10:32,460 [main] INFO  grpc.GrpcConfigKeys (ConfUtils.java:logGet(46)) - raft.grpc.server.port = 15477 (custom)
2023-12-28 09:10:32,460 [main] INFO  server.GrpcService (ConfUtils.java:logGet(46)) - raft.grpc.message.size.max = 32MB (=33554432) (custom)
2023-12-28 09:10:32,460 [main] INFO  server.RaftServerConfigKeys (ConfUtils.java:logGet(46)) - raft.server.log.appender.buffer.byte-limit = 8388608 (custom)
2023-12-28 09:10:32,461 [main] INFO  server.GrpcService (ConfUtils.java:logGet(46)) - raft.grpc.flow.control.window = 5MB (=5242880) (custom)
2023-12-28 09:10:32,461 [main] INFO  server.RaftServerConfigKeys (ConfUtils.java:logGet(46)) - raft.server.rpc.request.timeout = 3000ms (default)
2023-12-28 09:10:32,461 [main] INFO  grpc.GrpcConfigKeys (ConfUtils.java:logGet(46)) - raft.grpc.server.heartbeat.channel = true (default)
2023-12-28 09:10:32,461 [main] INFO  grpc.GrpcConfigKeys (ConfUtils.java:logGet(46)) - raft.grpc.server.async.request.thread.pool.cached = true (default)
2023-12-28 09:10:32,461 [main] INFO  grpc.GrpcConfigKeys (ConfUtils.java:logGet(46)) - raft.grpc.server.async.request.thread.pool.size = 32 (default)
2023-12-28 09:10:32,463 [main] INFO  impl.DataStreamServerImpl (ConfUtils.java:logGet(46)) - raft.datastream.type = NETTY (custom)
2023-12-28 09:10:32,463 [main] INFO  server.RaftServerConfigKeys (ConfUtils.java:logGet(46)) - raft.server.data-stream.async.request.thread.pool.cached = false (default)
2023-12-28 09:10:32,463 [main] INFO  server.RaftServerConfigKeys (ConfUtils.java:logGet(46)) - raft.server.data-stream.async.request.thread.pool.size = 20 (custom)
2023-12-28 09:10:32,463 [main] INFO  server.RaftServerConfigKeys (ConfUtils.java:logGet(46)) - raft.server.data-stream.async.write.thread.pool.size = 16 (default)
2023-12-28 09:10:32,463 [main] INFO  netty.NettyConfigKeys$DataStream (ConfUtils.java:logGet(46)) - raft.netty.dataStream.server.channel.inactive.grace-period = 10min (default)
2023-12-28 09:10:32,464 [main] INFO  server.RaftServerConfigKeys (ConfUtils.java:logGet(46)) - raft.server.data-stream.client.pool.size = 10 (default)
2023-12-28 09:10:32,464 [main] INFO  netty.NettyConfigKeys$DataStream (ConfUtils.java:logGet(46)) - raft.netty.dataStream.server.use-epoll = true (default)
2023-12-28 09:10:32,464 [main] INFO  netty.NettyConfigKeys$DataStream (ConfUtils.java:logGet(46)) - raft.netty.dataStream.server.boss-group.size = 0 (default)
2023-12-28 09:10:32,464 [main] INFO  netty.NettyUtils (NettyUtils.java:newEventLoopGroup(69)) - Create EpollEventLoopGroup for 44783c19-7880-41e3-960e-1ceedd7807f9-NettyServerStreamRpc-bossGroup; Thread size is 0.
2023-12-28 09:10:32,464 [main] INFO  netty.NettyConfigKeys$DataStream (ConfUtils.java:logGet(46)) - raft.netty.dataStream.server.worker-group.size = 0 (default)
2023-12-28 09:10:32,464 [main] INFO  netty.NettyUtils (NettyUtils.java:newEventLoopGroup(69)) - Create EpollEventLoopGroup for 44783c19-7880-41e3-960e-1ceedd7807f9-NettyServerStreamRpc-workerGroup; Thread size is 0.
2023-12-28 09:10:32,464 [main] INFO  netty.NettyConfigKeys$DataStream (ConfUtils.java:logGet(46)) - raft.netty.dataStream.server.tls.conf = null (default)
2023-12-28 09:10:32,465 [main] INFO  netty.NettyConfigKeys$DataStream (ConfUtils.java:logGet(46)) - raft.netty.dataStream.host = null (default)
2023-12-28 09:10:32,465 [main] INFO  netty.NettyConfigKeys$DataStream (ConfUtils.java:logGet(46)) - raft.netty.dataStream.port = 15478 (custom)
2023-12-28 09:10:32,465 [main] INFO  server.RaftServerConfigKeys (ConfUtils.java:logGet(46)) - raft.server.sleep.deviation.threshold = 300ms (default)
2023-12-28 09:10:32,465 [44783c19-7880-41e3-960e-1ceedd7807f9-NettyServerStreamRpc-bossGroup--thread1] INFO  logging.LoggingHandler (AbstractInternalLogger.java:log(148)) - [id: 0xb4716dfd] REGISTERED
2023-12-28 09:10:32,465 [main] INFO  server.RaftServerConfigKeys (ConfUtils.java:logGet(46)) - raft.server.close.threshold = 60s (default)
2023-12-28 09:10:32,465 [44783c19-7880-41e3-960e-1ceedd7807f9-NettyServerStreamRpc-bossGroup--thread1] INFO  logging.LoggingHandler (AbstractInternalLogger.java:log(148)) - [id: 0xb4716dfd] BIND: 0.0.0.0/0.0.0.0:15478
2023-12-28 09:10:32,465 [main] INFO  server.RaftServerConfigKeys (ConfUtils.java:logGet(46)) - raft.server.leaderelection.leader.step-down.wait-time = 10s (default)
2023-12-28 09:10:32,466 [44783c19-7880-41e3-960e-1ceedd7807f9-NettyServerStreamRpc-bossGroup--thread1] INFO  logging.LoggingHandler (AbstractInternalLogger.java:log(148)) - [id: 0xb4716dfd, L:/0.0.0.0:15478] ACTIVE
2023-12-28 09:10:32,466 [main] INFO  server.RaftServerConfigKeys (ConfUtils.java:logGet(46)) - raft.server.storage.dir = [/home/runner/work/ozone/ozone/hadoop-ozone/integration-test/target/test-dir/MiniOzoneClusterImpl-11b76480-f5fe-46c6-962b-c791e86a534f/datanode-2/data/ratis] (custom)
2023-12-28 09:10:32,466 [main] INFO  server.RaftServerConfigKeys (ConfUtils.java:logGet(46)) - raft.server.threadpool.proxy.cached = true (default)
2023-12-28 09:10:32,466 [main] INFO  server.RaftServerConfigKeys (ConfUtils.java:logGet(46)) - raft.server.threadpool.proxy.size = 0 (default)
2023-12-28 09:10:32,466 [44783c19-7880-41e3-960e-1ceedd7807f9-impl-thread1] INFO  server.RaftServer (RaftServerProxy.java:initGroupDir(264)) - 44783c19-7880-41e3-960e-1ceedd7807f9: found a subdirectory /home/runner/work/ozone/ozone/hadoop-ozone/integration-test/target/test-dir/MiniOzoneClusterImpl-11b76480-f5fe-46c6-962b-c791e86a534f/datanode-2/data/ratis/tmp
2023-12-28 09:10:32,466 [44783c19-7880-41e3-960e-1ceedd7807f9-impl-thread1] INFO  server.RaftServer (RaftServerProxy.java:initGroupDir(269)) - 44783c19-7880-41e3-960e-1ceedd7807f9: The directory /home/runner/work/ozone/ozone/hadoop-ozone/integration-test/target/test-dir/MiniOzoneClusterImpl-11b76480-f5fe-46c6-962b-c791e86a534f/datanode-2/data/ratis/tmp is not a group directory; ignoring it. 
2023-12-28 09:10:32,466 [main] INFO  replication.ReplicationServer (ReplicationServer.java:<init>(85)) - Initializing replication server with thread count = 10 queue length = 4096
2023-12-28 09:10:32,467 [main] INFO  server.XceiverServerGrpc (XceiverServerGrpc.java:<init>(141)) - GrpcServer channel type EpollServerSocketChannel
2023-12-28 09:10:32,468 [main] INFO  replication.ReplicationSupervisor (ReplicationSupervisor.java:build(163)) - Initializing replication supervisor with thread count = 10
2023-12-28 09:10:32,468 [main] INFO  replication.ReplicationSupervisor (ReplicationSupervisor.java:nodeStateUpdated(317)) - Node state updated to IN_SERVICE, scaling executor pool size to 10
2023-12-28 09:10:32,469 [main] INFO  http.BaseHttpServer (BaseHttpServer.java:newHttpServer2BuilderForOzone(223)) - Starting Web-server for hddsDatanode at: http://0.0.0.0:15472
2023-12-28 09:10:32,469 [main] INFO  http.BaseHttpServer (BaseHttpServer.java:<init>(110)) - Hadoop Security Enabled: false Ozone Security Enabled: false Ozone HTTP Security Enabled: false 
2023-12-28 09:10:32,470 [main] WARN  server.AuthenticationFilter (AuthenticationFilter.java:constructSecretProvider(240)) - Unable to initialize FileSignerSecretProvider, falling back to use random secrets. Reason: Could not read signature secret file: /home/runner/hadoop-http-auth-signature-secret
2023-12-28 09:10:32,470 [main] INFO  http.HttpRequestLog (HttpRequestLog.java:getRequestLog(86)) - Http request log for http.requests.hddsDatanode is not defined
2023-12-28 09:10:32,471 [main] INFO  http.HttpServer2 (HttpServer2.java:addGlobalFilter(1036)) - Added global filter 'safety' (class=org.apache.hadoop.hdds.server.http.HttpServer2$QuotingInputFilter)
2023-12-28 09:10:32,471 [main] INFO  http.HttpServer2 (HttpServer2.java:addFilter(1012)) - Added filter static_user_filter (class=org.apache.hadoop.http.lib.StaticUserWebFilter$StaticUserFilter) to context hddsDatanode
2023-12-28 09:10:32,471 [main] INFO  http.HttpServer2 (HttpServer2.java:addFilter(1020)) - Added filter static_user_filter (class=org.apache.hadoop.http.lib.StaticUserWebFilter$StaticUserFilter) to context static
2023-12-28 09:10:32,471 [main] INFO  http.HttpServer2 (HttpServer2.java:addFilter(1020)) - Added filter static_user_filter (class=org.apache.hadoop.http.lib.StaticUserWebFilter$StaticUserFilter) to context logs
2023-12-28 09:10:32,471 [main] INFO  http.BaseHttpServer (BaseHttpServer.java:<init>(189)) - HTTP server of hddsDatanode uses base directory /home/runner/work/ozone/ozone/hadoop-ozone/integration-test/target/test-dir/MiniOzoneClusterImpl-11b76480-f5fe-46c6-962b-c791e86a534f/datanode-2/meta/webserver
2023-12-28 09:10:32,471 [main] INFO  http.HttpServer2 (HttpServer2.java:bindListener(1236)) - Jetty bound to port 15472
2023-12-28 09:10:32,472 [main] INFO  server.Server (Server.java:doStart(375)) - jetty-9.4.53.v20231009; built: 2023-10-09T12:29:09.265Z; git: 27bde00a0b95a1d5bbee0eae7984f891d2d0f8c9; jvm 1.8.0_392-b08
2023-12-28 09:10:32,472 [main] INFO  server.session (DefaultSessionIdManager.java:doStart(334)) - DefaultSessionIdManager workerName=node0
2023-12-28 09:10:32,472 [main] INFO  server.session (DefaultSessionIdManager.java:doStart(339)) - No SessionScavenger set, using defaults
2023-12-28 09:10:32,473 [main] INFO  server.session (HouseKeeper.java:startScavenging(132)) - node0 Scavenging every 660000ms
2023-12-28 09:10:32,473 [main] INFO  handler.ContextHandler (ContextHandler.java:doStart(921)) - Started o.e.j.s.ServletContextHandler@77ba729c{logs,/logs,file:///home/runner/work/ozone/ozone/hadoop-ozone/integration-test/target/log,AVAILABLE}
2023-12-28 09:10:32,473 [main] INFO  handler.ContextHandler (ContextHandler.java:doStart(921)) - Started o.e.j.s.ServletContextHandler@7f118534{static,/static,jar:file:/home/runner/.m2/repository/org/apache/ozone/hdds-container-service/1.5.0-SNAPSHOT/hdds-container-service-1.5.0-SNAPSHOT.jar!/webapps/static,AVAILABLE}
2023-12-28 09:10:32,504 [main] INFO  handler.ContextHandler (ContextHandler.java:doStart(921)) - Started o.e.j.w.WebAppContext@389f0d20{hddsDatanode,/,file:///home/runner/work/ozone/ozone/hadoop-ozone/integration-test/target/test-dir/MiniOzoneClusterImpl-11b76480-f5fe-46c6-962b-c791e86a534f/datanode-2/meta/webserver/jetty-0_0_0_0-15472-hdds-container-service-1_5_0-SNAPSHOT_jar-_-any-7469827283636929631/webapp/,AVAILABLE}{jar:file:/home/runner/.m2/repository/org/apache/ozone/hdds-container-service/1.5.0-SNAPSHOT/hdds-container-service-1.5.0-SNAPSHOT.jar!/webapps/hddsDatanode}
2023-12-28 09:10:32,504 [main] INFO  server.AbstractConnector (AbstractConnector.java:doStart(333)) - Started ServerConnector@3ce42d3d{HTTP/1.1, (http/1.1)}{0.0.0.0:15472}
2023-12-28 09:10:32,504 [main] INFO  server.Server (Server.java:doStart(415)) - Started @177522ms
2023-12-28 09:10:32,504 [main] WARN  impl.MetricsSystemImpl (MetricsSystemImpl.java:register(279)) - Sink prometheus already exists!
2023-12-28 09:10:32,505 [main] INFO  http.BaseHttpServer (BaseHttpServer.java:updateConnectorAddress(354)) - HTTP server of hddsDatanode listening at http://0.0.0.0:15472
2023-12-28 09:10:32,505 [main] INFO  ipc.CallQueueManager (CallQueueManager.java:<init>(90)) - Using callQueue: class java.util.concurrent.LinkedBlockingQueue, queueCapacity: 100, scheduler: class org.apache.hadoop.ipc.DefaultRpcScheduler, ipcBackoff: false.
2023-12-28 09:10:32,505 [main] INFO  ipc.Server (Server.java:<init>(1287)) - Listener at 0.0.0.0:15473
2023-12-28 09:10:32,505 [Socket Reader #1 for port 15473] INFO  ipc.Server (Server.java:run(1323)) - Starting Socket Reader #1 for port 15473
2023-12-28 09:10:32,508 [main] INFO  ozone.HddsDatanodeService (HddsDatanodeService.java:start(324)) - Datanode start with admins: [runner]
2023-12-28 09:10:32,508 [main] INFO  ozone.HddsDatanodeClientProtocolServer (HddsDatanodeClientProtocolServer.java:start(72)) - RPC server for Client /0.0.0.0:15473
2023-12-28 09:10:32,508 [IPC Server Responder] INFO  ipc.Server (Server.java:run(1562)) - IPC Server Responder: starting
2023-12-28 09:10:32,508 [IPC Server listener on 15473] INFO  ipc.Server (Server.java:run(1402)) - IPC Server listener on 15473: starting
2023-12-28 09:10:32,520 [44783c19-7880-41e3-960e-1ceedd7807f9-DatanodeStateMachineDaemonThread] INFO  statemachine.DatanodeStateMachine (DatanodeStateMachine.java:lambda$startDaemon$1(555)) - Ozone container server started.
2023-12-28 09:10:32,520 [main] WARN  dropwizard3.Dm3MetricRegistriesImpl (Dm3MetricRegistriesImpl.java:addReporterRegistration(113)) - New reporters are added after registries were created. Some metrics will be missing from the reporter. Please add reporter before adding any new registry.
2023-12-28 09:10:32,521 [main] WARN  dropwizard3.Dm3MetricRegistriesImpl (Dm3MetricRegistriesImpl.java:addReporterRegistration(113)) - New reporters are added after registries were created. Some metrics will be missing from the reporter. Please add reporter before adding any new registry.
2023-12-28 09:10:32,521 [main] INFO  impl.MetricsSystemImpl (MetricsSystemImpl.java:init(158)) - HddsDatanode metrics system started (again)
2023-12-28 09:10:32,523 [44783c19-7880-41e3-960e-1ceedd7807f9-DatanodeStateMachineTaskThread-0] INFO  datanode.InitDatanodeState (InitDatanodeState.java:persistContainerDatanodeDetails(139)) - DatanodeDetails is persisted to /home/runner/work/ozone/ozone/hadoop-ozone/integration-test/target/test-dir/MiniOzoneClusterImpl-11b76480-f5fe-46c6-962b-c791e86a534f/datanode-2/meta/datanode.id
2023-12-28 09:10:32,530 [main] INFO  ozone.HddsDatanodeService (HddsDatanodeService.java:start(239)) - HddsDatanodeService host:fv-az1384-14.e3qrh24bduyexj1tcof5x1etkc.ex.internal.cloudapp.net ip:10.1.0.14
2023-12-28 09:10:32,550 [main] INFO  upgrade.AbstractLayoutVersionManager (AbstractLayoutVersionManager.java:init(83)) - Initializing Layout version manager with metadata layout = HADOOP_PRC_PORTS_IN_DATANODEDETAILS (version = 7), software layout = HADOOP_PRC_PORTS_IN_DATANODEDETAILS (version = 7)
2023-12-28 09:10:32,550 [main] INFO  statemachine.DatanodeStateMachine (DatanodeStateMachine.java:getEndPointTaskThreadPoolSize(299)) - Datanode State Machine Task Thread Pool size 2
2023-12-28 09:10:32,551 [main] ERROR lib.MethodMetric (MethodMetric.java:snapshot(117)) - Error invoking method getCommitted
java.lang.reflect.InvocationTargetException
	at sun.reflect.GeneratedMethodAccessor85.invoke(Unknown Source)
	at sun.reflect.DelegatingMethodAccessorImpl.invoke(DelegatingMethodAccessorImpl.java:43)
	at java.lang.reflect.Method.invoke(Method.java:498)
	at org.apache.hadoop.metrics2.lib.MethodMetric$2.snapshot(MethodMetric.java:111)
	at org.apache.hadoop.metrics2.lib.MethodMetric.snapshot(MethodMetric.java:142)
	at org.apache.hadoop.metrics2.lib.MetricsRegistry.snapshot(MetricsRegistry.java:447)
	at org.apache.hadoop.metrics2.lib.MetricsSourceBuilder$1.getMetrics(MetricsSourceBuilder.java:89)
	at org.apache.hadoop.metrics2.impl.MetricsSourceAdapter.getMetrics(MetricsSourceAdapter.java:200)
	at org.apache.hadoop.metrics2.impl.MetricsSourceAdapter.updateJmxCache(MetricsSourceAdapter.java:183)
	at org.apache.hadoop.metrics2.impl.MetricsSourceAdapter.getMBeanInfo(MetricsSourceAdapter.java:156)
	at com.sun.jmx.interceptor.DefaultMBeanServerInterceptor.getNewMBeanClassName(DefaultMBeanServerInterceptor.java:333)
	at com.sun.jmx.interceptor.DefaultMBeanServerInterceptor.registerMBean(DefaultMBeanServerInterceptor.java:319)
	at com.sun.jmx.mbeanserver.JmxMBeanServer.registerMBean(JmxMBeanServer.java:522)
	at org.apache.hadoop.metrics2.util.MBeans.register(MBeans.java:100)
	at org.apache.hadoop.metrics2.util.MBeans.register(MBeans.java:73)
	at org.apache.hadoop.metrics2.impl.MetricsSourceAdapter.startMBeans(MetricsSourceAdapter.java:222)
	at org.apache.hadoop.metrics2.impl.MetricsSourceAdapter.start(MetricsSourceAdapter.java:101)
	at org.apache.hadoop.metrics2.impl.MetricsSystemImpl.registerSource(MetricsSystemImpl.java:268)
	at org.apache.hadoop.metrics2.impl.MetricsSystemImpl.register(MetricsSystemImpl.java:233)
	at org.apache.hadoop.ozone.container.common.volume.VolumeInfoMetrics.init(VolumeInfoMetrics.java:50)
	at org.apache.hadoop.ozone.container.common.volume.VolumeInfoMetrics.<init>(VolumeInfoMetrics.java:45)
	at org.apache.hadoop.ozone.container.common.volume.HddsVolume.<init>(HddsVolume.java:123)
	at org.apache.hadoop.ozone.container.common.volume.HddsVolume.<init>(HddsVolume.java:71)
	at org.apache.hadoop.ozone.container.common.volume.HddsVolume$Builder.build(HddsVolume.java:111)
	at org.apache.hadoop.ozone.container.common.volume.HddsVolumeFactory.createVolume(HddsVolumeFactory.java:48)
	at org.apache.hadoop.ozone.container.common.volume.MutableVolumeSet.initializeVolumeSet(MutableVolumeSet.java:170)
	at org.apache.hadoop.ozone.container.common.volume.MutableVolumeSet.<init>(MutableVolumeSet.java:132)
	at org.apache.hadoop.ozone.container.common.volume.MutableVolumeSet.<init>(MutableVolumeSet.java:96)
	at org.apache.hadoop.ozone.container.ozoneimpl.OzoneContainer.<init>(OzoneContainer.java:149)
	at org.apache.hadoop.ozone.container.common.statemachine.DatanodeStateMachine.<init>(DatanodeStateMachine.java:186)
	at org.apache.hadoop.ozone.HddsDatanodeService.start(HddsDatanodeService.java:296)
	at org.apache.hadoop.ozone.MiniOzoneClusterImpl.startHddsDatanode(MiniOzoneClusterImpl.java:489)
	at java.util.ArrayList.forEach(ArrayList.java:1259)
	at org.apache.hadoop.ozone.MiniOzoneClusterImpl.startHddsDatanodes(MiniOzoneClusterImpl.java:497)
	at org.apache.hadoop.ozone.MiniOzoneClusterImpl$Builder.build(MiniOzoneClusterImpl.java:627)
	at org.apache.hadoop.ozone.client.rpc.TestWatchForCommit.init(TestWatchForCommit.java:149)
	at sun.reflect.NativeMethodAccessorImpl.invoke0(Native Method)
	at sun.reflect.NativeMethodAccessorImpl.invoke(NativeMethodAccessorImpl.java:62)
	at sun.reflect.DelegatingMethodAccessorImpl.invoke(DelegatingMethodAccessorImpl.java:43)
	at java.lang.reflect.Method.invoke(Method.java:498)
	at org.junit.platform.commons.util.ReflectionUtils.invokeMethod(ReflectionUtils.java:728)
	at org.junit.jupiter.engine.execution.MethodInvocation.proceed(MethodInvocation.java:60)
	at org.junit.jupiter.engine.execution.InvocationInterceptorChain$ValidatingInvocation.proceed(InvocationInterceptorChain.java:131)
	at org.junit.jupiter.engine.extension.TimeoutExtension.intercept(TimeoutExtension.java:156)
	at org.junit.jupiter.engine.extension.TimeoutExtension.interceptLifecycleMethod(TimeoutExtension.java:128)
	at org.junit.jupiter.engine.extension.TimeoutExtension.interceptBeforeEachMethod(TimeoutExtension.java:78)
	at org.junit.jupiter.engine.execution.InterceptingExecutableInvoker$ReflectiveInterceptorCall.lambda$ofVoidMethod$0(InterceptingExecutableInvoker.java:103)
	at org.junit.jupiter.engine.execution.InterceptingExecutableInvoker.lambda$invoke$0(InterceptingExecutableInvoker.java:93)
	at org.junit.jupiter.engine.execution.InvocationInterceptorChain$InterceptedInvocation.proceed(InvocationInterceptorChain.java:106)
	at org.junit.jupiter.engine.execution.InvocationInterceptorChain.proceed(InvocationInterceptorChain.java:64)
	at org.junit.jupiter.engine.execution.InvocationInterceptorChain.chainAndInvoke(InvocationInterceptorChain.java:45)
	at org.junit.jupiter.engine.execution.InvocationInterceptorChain.invoke(InvocationInterceptorChain.java:37)
	at org.junit.jupiter.engine.execution.InterceptingExecutableInvoker.invoke(InterceptingExecutableInvoker.java:92)
	at org.junit.jupiter.engine.execution.InterceptingExecutableInvoker.invoke(InterceptingExecutableInvoker.java:86)
	at org.junit.jupiter.engine.descriptor.ClassBasedTestDescriptor.invokeMethodInExtensionContext(ClassBasedTestDescriptor.java:521)
	at org.junit.jupiter.engine.descriptor.ClassBasedTestDescriptor.lambda$synthesizeBeforeEachMethodAdapter$23(ClassBasedTestDescriptor.java:506)
	at org.junit.jupiter.engine.descriptor.TestMethodTestDescriptor.lambda$invokeBeforeEachMethods$3(TestMethodTestDescriptor.java:175)
	at org.junit.jupiter.engine.descriptor.TestMethodTestDescriptor.lambda$invokeBeforeMethodsOrCallbacksUntilExceptionOccurs$6(TestMethodTestDescriptor.java:203)
	at org.junit.platform.engine.support.hierarchical.ThrowableCollector.execute(ThrowableCollector.java:73)
	at org.junit.jupiter.engine.descriptor.TestMethodTestDescriptor.invokeBeforeMethodsOrCallbacksUntilExceptionOccurs(TestMethodTestDescriptor.java:203)
	at org.junit.jupiter.engine.descriptor.TestMethodTestDescriptor.invokeBeforeEachMethods(TestMethodTestDescriptor.java:172)
	at org.junit.jupiter.engine.descriptor.TestMethodTestDescriptor.execute(TestMethodTestDescriptor.java:135)
	at org.junit.jupiter.engine.descriptor.TestMethodTestDescriptor.execute(TestMethodTestDescriptor.java:69)
	at org.junit.platform.engine.support.hierarchical.NodeTestTask.lambda$executeRecursively$6(NodeTestTask.java:151)
	at org.junit.platform.engine.support.hierarchical.ThrowableCollector.execute(ThrowableCollector.java:73)
	at org.junit.platform.engine.support.hierarchical.NodeTestTask.lambda$executeRecursively$8(NodeTestTask.java:141)
	at org.junit.platform.engine.support.hierarchical.Node.around(Node.java:137)
	at org.junit.platform.engine.support.hierarchical.NodeTestTask.lambda$executeRecursively$9(NodeTestTask.java:139)
	at org.junit.platform.engine.support.hierarchical.ThrowableCollector.execute(ThrowableCollector.java:73)
	at org.junit.platform.engine.support.hierarchical.NodeTestTask.executeRecursively(NodeTestTask.java:138)
	at org.junit.platform.engine.support.hierarchical.NodeTestTask.execute(NodeTestTask.java:95)
	at java.util.ArrayList.forEach(ArrayList.java:1259)
	at org.junit.platform.engine.support.hierarchical.SameThreadHierarchicalTestExecutorService.invokeAll(SameThreadHierarchicalTestExecutorService.java:41)
	at org.junit.platform.engine.support.hierarchical.NodeTestTask.lambda$executeRecursively$6(NodeTestTask.java:155)
	at org.junit.platform.engine.support.hierarchical.ThrowableCollector.execute(ThrowableCollector.java:73)
	at org.junit.platform.engine.support.hierarchical.NodeTestTask.lambda$executeRecursively$8(NodeTestTask.java:141)
	at org.junit.platform.engine.support.hierarchical.Node.around(Node.java:137)
	at org.junit.platform.engine.support.hierarchical.NodeTestTask.lambda$executeRecursively$9(NodeTestTask.java:139)
	at org.junit.platform.engine.support.hierarchical.ThrowableCollector.execute(ThrowableCollector.java:73)
	at org.junit.platform.engine.support.hierarchical.NodeTestTask.executeRecursively(NodeTestTask.java:138)
	at org.junit.platform.engine.support.hierarchical.NodeTestTask.execute(NodeTestTask.java:95)
	at java.util.ArrayList.forEach(ArrayList.java:1259)
	at org.junit.platform.engine.support.hierarchical.SameThreadHierarchicalTestExecutorService.invokeAll(SameThreadHierarchicalTestExecutorService.java:41)
	at org.junit.platform.engine.support.hierarchical.NodeTestTask.lambda$executeRecursively$6(NodeTestTask.java:155)
	at org.junit.platform.engine.support.hierarchical.ThrowableCollector.execute(ThrowableCollector.java:73)
	at org.junit.platform.engine.support.hierarchical.NodeTestTask.lambda$executeRecursively$8(NodeTestTask.java:141)
	at org.junit.platform.engine.support.hierarchical.Node.around(Node.java:137)
	at org.junit.platform.engine.support.hierarchical.NodeTestTask.lambda$executeRecursively$9(NodeTestTask.java:139)
	at org.junit.platform.engine.support.hierarchical.ThrowableCollector.execute(ThrowableCollector.java:73)
	at org.junit.platform.engine.support.hierarchical.NodeTestTask.executeRecursively(NodeTestTask.java:138)
	at org.junit.platform.engine.support.hierarchical.NodeTestTask.execute(NodeTestTask.java:95)
	at org.junit.platform.engine.support.hierarchical.SameThreadHierarchicalTestExecutorService.submit(SameThreadHierarchicalTestExecutorService.java:35)
	at org.junit.platform.engine.support.hierarchical.HierarchicalTestExecutor.execute(HierarchicalTestExecutor.java:57)
	at org.junit.platform.engine.support.hierarchical.HierarchicalTestEngine.execute(HierarchicalTestEngine.java:54)
	at org.junit.platform.launcher.core.EngineExecutionOrchestrator.execute(EngineExecutionOrchestrator.java:198)
	at org.junit.platform.launcher.core.EngineExecutionOrchestrator.execute(EngineExecutionOrchestrator.java:169)
	at org.junit.platform.launcher.core.EngineExecutionOrchestrator.execute(EngineExecutionOrchestrator.java:93)
	at org.junit.platform.launcher.core.EngineExecutionOrchestrator.lambda$execute$0(EngineExecutionOrchestrator.java:58)
	at org.junit.platform.launcher.core.EngineExecutionOrchestrator.withInterceptedStreams(EngineExecutionOrchestrator.java:141)
	at org.junit.platform.launcher.core.EngineExecutionOrchestrator.execute(EngineExecutionOrchestrator.java:57)
	at org.junit.platform.launcher.core.DefaultLauncher.execute(DefaultLauncher.java:103)
	at org.junit.platform.launcher.core.DefaultLauncher.execute(DefaultLauncher.java:85)
	at org.junit.platform.launcher.core.DelegatingLauncher.execute(DelegatingLauncher.java:47)
	at org.apache.maven.surefire.junitplatform.LazyLauncher.execute(LazyLauncher.java:56)
	at org.apache.maven.surefire.junitplatform.JUnitPlatformProvider.invokeAllTests(JUnitPlatformProvider.java:162)
	at org.apache.maven.surefire.junitplatform.JUnitPlatformProvider.invoke(JUnitPlatformProvider.java:120)
	at org.apache.maven.surefire.booter.ForkedBooter.runSuitesInProcess(ForkedBooter.java:385)
	at org.apache.maven.surefire.booter.ForkedBooter.execute(ForkedBooter.java:162)
	at org.apache.maven.surefire.booter.ForkedBooter.run(ForkedBooter.java:507)
	at org.apache.maven.surefire.booter.ForkedBooter.main(ForkedBooter.java:495)
Caused by: java.lang.NullPointerException
	at org.apache.hadoop.ozone.container.common.volume.HddsVolume.getCommittedBytes(HddsVolume.java:303)
	at org.apache.hadoop.ozone.container.common.volume.VolumeInfoMetrics.getCommitted(VolumeInfoMetrics.java:147)
	... 110 more
2023-12-28 09:10:32,552 [main] INFO  volume.HddsVolume (HddsVolume.java:<init>(126)) - Creating HddsVolume: /home/runner/work/ozone/ozone/hadoop-ozone/integration-test/target/test-dir/MiniOzoneClusterImpl-11b76480-f5fe-46c6-962b-c791e86a534f/datanode-3/data-0/containers/hdds of storage type : DISK capacity : 9223372036854775807
2023-12-28 09:10:32,552 [main] INFO  volume.MutableVolumeSet (MutableVolumeSet.java:initializeVolumeSet(173)) - Added Volume : /home/runner/work/ozone/ozone/hadoop-ozone/integration-test/target/test-dir/MiniOzoneClusterImpl-11b76480-f5fe-46c6-962b-c791e86a534f/datanode-3/data-0/containers/hdds to VolumeSet
2023-12-28 09:10:32,553 [main] INFO  volume.MutableVolumeSet (MutableVolumeSet.java:initializeVolumeSet(173)) - Added Volume : /home/runner/work/ozone/ozone/hadoop-ozone/integration-test/target/test-dir/MiniOzoneClusterImpl-11b76480-f5fe-46c6-962b-c791e86a534f/datanode-3/data/ratis to VolumeSet
2023-12-28 09:10:32,553 [main] INFO  ozoneimpl.OzoneContainer (HddsVolumeUtil.java:loadAllHddsVolumeDbStore(103)) - Load 1 volumes DbStore cost: 0ms
2023-12-28 09:10:32,553 [7bf28275-35a3-4339-bf85-2ac062f1a076-ContainerReader-0] INFO  ozoneimpl.ContainerReader (ContainerReader.java:readVolume(178)) - Finish verifying containers on volume /home/runner/work/ozone/ozone/hadoop-ozone/integration-test/target/test-dir/MiniOzoneClusterImpl-11b76480-f5fe-46c6-962b-c791e86a534f/datanode-3/data-0/containers/hdds
2023-12-28 09:10:32,553 [main] INFO  ozoneimpl.OzoneContainer (OzoneContainer.java:buildContainerSet(326)) - Build ContainerSet costs 0s
2023-12-28 09:10:32,554 [main] INFO  server.RaftServer (ConfUtils.java:logGet(46)) - raft.rpc.type = GRPC (default)
2023-12-28 09:10:32,555 [main] INFO  grpc.GrpcConfigKeys (ConfUtils.java:logFallback(53)) - raft.grpc.admin.host = null (fallback to raft.grpc.server.host)
2023-12-28 09:10:32,555 [main] INFO  grpc.GrpcConfigKeys (ConfUtils.java:logGet(46)) - raft.grpc.admin.port = 15485 (custom)
2023-12-28 09:10:32,555 [main] INFO  grpc.GrpcConfigKeys (ConfUtils.java:logFallback(53)) - raft.grpc.client.host = null (fallback to raft.grpc.server.host)
2023-12-28 09:10:32,555 [main] INFO  grpc.GrpcConfigKeys (ConfUtils.java:logGet(46)) - raft.grpc.client.port = 15484 (custom)
2023-12-28 09:10:32,555 [main] INFO  grpc.GrpcConfigKeys (ConfUtils.java:logGet(46)) - raft.grpc.server.host = null (default)
2023-12-28 09:10:32,555 [main] INFO  grpc.GrpcConfigKeys (ConfUtils.java:logGet(46)) - raft.grpc.server.port = 15486 (custom)
2023-12-28 09:10:32,556 [main] INFO  server.GrpcService (ConfUtils.java:logGet(46)) - raft.grpc.message.size.max = 32MB (=33554432) (custom)
2023-12-28 09:10:32,556 [main] INFO  server.RaftServerConfigKeys (ConfUtils.java:logGet(46)) - raft.server.log.appender.buffer.byte-limit = 8388608 (custom)
2023-12-28 09:10:32,556 [main] INFO  server.GrpcService (ConfUtils.java:logGet(46)) - raft.grpc.flow.control.window = 5MB (=5242880) (custom)
2023-12-28 09:10:32,556 [main] INFO  server.RaftServerConfigKeys (ConfUtils.java:logGet(46)) - raft.server.rpc.request.timeout = 3000ms (default)
2023-12-28 09:10:32,556 [main] INFO  grpc.GrpcConfigKeys (ConfUtils.java:logGet(46)) - raft.grpc.server.heartbeat.channel = true (default)
2023-12-28 09:10:32,556 [main] INFO  grpc.GrpcConfigKeys (ConfUtils.java:logGet(46)) - raft.grpc.server.async.request.thread.pool.cached = true (default)
2023-12-28 09:10:32,556 [main] INFO  grpc.GrpcConfigKeys (ConfUtils.java:logGet(46)) - raft.grpc.server.async.request.thread.pool.size = 32 (default)
2023-12-28 09:10:32,558 [main] INFO  impl.DataStreamServerImpl (ConfUtils.java:logGet(46)) - raft.datastream.type = NETTY (custom)
2023-12-28 09:10:32,558 [main] INFO  server.RaftServerConfigKeys (ConfUtils.java:logGet(46)) - raft.server.data-stream.async.request.thread.pool.cached = false (default)
2023-12-28 09:10:32,558 [main] INFO  server.RaftServerConfigKeys (ConfUtils.java:logGet(46)) - raft.server.data-stream.async.request.thread.pool.size = 20 (custom)
2023-12-28 09:10:32,558 [main] INFO  server.RaftServerConfigKeys (ConfUtils.java:logGet(46)) - raft.server.data-stream.async.write.thread.pool.size = 16 (default)
2023-12-28 09:10:32,558 [main] INFO  netty.NettyConfigKeys$DataStream (ConfUtils.java:logGet(46)) - raft.netty.dataStream.server.channel.inactive.grace-period = 10min (default)
2023-12-28 09:10:32,558 [main] INFO  server.RaftServerConfigKeys (ConfUtils.java:logGet(46)) - raft.server.data-stream.client.pool.size = 10 (default)
2023-12-28 09:10:32,558 [main] INFO  netty.NettyConfigKeys$DataStream (ConfUtils.java:logGet(46)) - raft.netty.dataStream.server.use-epoll = true (default)
2023-12-28 09:10:32,559 [main] INFO  netty.NettyConfigKeys$DataStream (ConfUtils.java:logGet(46)) - raft.netty.dataStream.server.boss-group.size = 0 (default)
2023-12-28 09:10:32,559 [main] INFO  netty.NettyUtils (NettyUtils.java:newEventLoopGroup(69)) - Create EpollEventLoopGroup for 7bf28275-35a3-4339-bf85-2ac062f1a076-NettyServerStreamRpc-bossGroup; Thread size is 0.
2023-12-28 09:10:32,559 [main] INFO  netty.NettyConfigKeys$DataStream (ConfUtils.java:logGet(46)) - raft.netty.dataStream.server.worker-group.size = 0 (default)
2023-12-28 09:10:32,559 [main] INFO  netty.NettyUtils (NettyUtils.java:newEventLoopGroup(69)) - Create EpollEventLoopGroup for 7bf28275-35a3-4339-bf85-2ac062f1a076-NettyServerStreamRpc-workerGroup; Thread size is 0.
2023-12-28 09:10:32,559 [main] INFO  netty.NettyConfigKeys$DataStream (ConfUtils.java:logGet(46)) - raft.netty.dataStream.server.tls.conf = null (default)
2023-12-28 09:10:32,559 [main] INFO  netty.NettyConfigKeys$DataStream (ConfUtils.java:logGet(46)) - raft.netty.dataStream.host = null (default)
2023-12-28 09:10:32,559 [main] INFO  netty.NettyConfigKeys$DataStream (ConfUtils.java:logGet(46)) - raft.netty.dataStream.port = 15487 (custom)
2023-12-28 09:10:32,560 [main] INFO  server.RaftServerConfigKeys (ConfUtils.java:logGet(46)) - raft.server.sleep.deviation.threshold = 300ms (default)
2023-12-28 09:10:32,560 [7bf28275-35a3-4339-bf85-2ac062f1a076-NettyServerStreamRpc-bossGroup--thread1] INFO  logging.LoggingHandler (AbstractInternalLogger.java:log(148)) - [id: 0x98b84b6a] REGISTERED
2023-12-28 09:10:32,560 [main] INFO  server.RaftServerConfigKeys (ConfUtils.java:logGet(46)) - raft.server.close.threshold = 60s (default)
2023-12-28 09:10:32,560 [7bf28275-35a3-4339-bf85-2ac062f1a076-NettyServerStreamRpc-bossGroup--thread1] INFO  logging.LoggingHandler (AbstractInternalLogger.java:log(148)) - [id: 0x98b84b6a] BIND: 0.0.0.0/0.0.0.0:15487
2023-12-28 09:10:32,560 [main] INFO  server.RaftServerConfigKeys (ConfUtils.java:logGet(46)) - raft.server.leaderelection.leader.step-down.wait-time = 10s (default)
2023-12-28 09:10:32,560 [7bf28275-35a3-4339-bf85-2ac062f1a076-NettyServerStreamRpc-bossGroup--thread1] INFO  logging.LoggingHandler (AbstractInternalLogger.java:log(148)) - [id: 0x98b84b6a, L:/0.0.0.0:15487] ACTIVE
2023-12-28 09:10:32,560 [main] INFO  server.RaftServerConfigKeys (ConfUtils.java:logGet(46)) - raft.server.storage.dir = [/home/runner/work/ozone/ozone/hadoop-ozone/integration-test/target/test-dir/MiniOzoneClusterImpl-11b76480-f5fe-46c6-962b-c791e86a534f/datanode-3/data/ratis] (custom)
2023-12-28 09:10:32,560 [main] INFO  server.RaftServerConfigKeys (ConfUtils.java:logGet(46)) - raft.server.threadpool.proxy.cached = true (default)
2023-12-28 09:10:32,561 [main] INFO  server.RaftServerConfigKeys (ConfUtils.java:logGet(46)) - raft.server.threadpool.proxy.size = 0 (default)
2023-12-28 09:10:32,561 [7bf28275-35a3-4339-bf85-2ac062f1a076-impl-thread1] INFO  server.RaftServer (RaftServerProxy.java:initGroupDir(264)) - 7bf28275-35a3-4339-bf85-2ac062f1a076: found a subdirectory /home/runner/work/ozone/ozone/hadoop-ozone/integration-test/target/test-dir/MiniOzoneClusterImpl-11b76480-f5fe-46c6-962b-c791e86a534f/datanode-3/data/ratis/tmp
2023-12-28 09:10:32,561 [7bf28275-35a3-4339-bf85-2ac062f1a076-impl-thread1] INFO  server.RaftServer (RaftServerProxy.java:initGroupDir(269)) - 7bf28275-35a3-4339-bf85-2ac062f1a076: The directory /home/runner/work/ozone/ozone/hadoop-ozone/integration-test/target/test-dir/MiniOzoneClusterImpl-11b76480-f5fe-46c6-962b-c791e86a534f/datanode-3/data/ratis/tmp is not a group directory; ignoring it. 
2023-12-28 09:10:32,561 [main] INFO  replication.ReplicationServer (ReplicationServer.java:<init>(85)) - Initializing replication server with thread count = 10 queue length = 4096
2023-12-28 09:10:32,562 [main] INFO  server.XceiverServerGrpc (XceiverServerGrpc.java:<init>(141)) - GrpcServer channel type EpollServerSocketChannel
2023-12-28 09:10:32,563 [main] INFO  replication.ReplicationSupervisor (ReplicationSupervisor.java:build(163)) - Initializing replication supervisor with thread count = 10
2023-12-28 09:10:32,563 [main] INFO  replication.ReplicationSupervisor (ReplicationSupervisor.java:nodeStateUpdated(317)) - Node state updated to IN_SERVICE, scaling executor pool size to 10
2023-12-28 09:10:32,564 [main] INFO  http.BaseHttpServer (BaseHttpServer.java:newHttpServer2BuilderForOzone(223)) - Starting Web-server for hddsDatanode at: http://0.0.0.0:15481
2023-12-28 09:10:32,564 [main] INFO  http.BaseHttpServer (BaseHttpServer.java:<init>(110)) - Hadoop Security Enabled: false Ozone Security Enabled: false Ozone HTTP Security Enabled: false 
2023-12-28 09:10:32,565 [main] WARN  server.AuthenticationFilter (AuthenticationFilter.java:constructSecretProvider(240)) - Unable to initialize FileSignerSecretProvider, falling back to use random secrets. Reason: Could not read signature secret file: /home/runner/hadoop-http-auth-signature-secret
2023-12-28 09:10:32,565 [main] INFO  http.HttpRequestLog (HttpRequestLog.java:getRequestLog(86)) - Http request log for http.requests.hddsDatanode is not defined
2023-12-28 09:10:32,566 [main] INFO  http.HttpServer2 (HttpServer2.java:addGlobalFilter(1036)) - Added global filter 'safety' (class=org.apache.hadoop.hdds.server.http.HttpServer2$QuotingInputFilter)
2023-12-28 09:10:32,566 [main] INFO  http.HttpServer2 (HttpServer2.java:addFilter(1012)) - Added filter static_user_filter (class=org.apache.hadoop.http.lib.StaticUserWebFilter$StaticUserFilter) to context hddsDatanode
2023-12-28 09:10:32,566 [main] INFO  http.HttpServer2 (HttpServer2.java:addFilter(1020)) - Added filter static_user_filter (class=org.apache.hadoop.http.lib.StaticUserWebFilter$StaticUserFilter) to context logs
2023-12-28 09:10:32,566 [main] INFO  http.HttpServer2 (HttpServer2.java:addFilter(1020)) - Added filter static_user_filter (class=org.apache.hadoop.http.lib.StaticUserWebFilter$StaticUserFilter) to context static
2023-12-28 09:10:32,566 [main] INFO  http.BaseHttpServer (BaseHttpServer.java:<init>(189)) - HTTP server of hddsDatanode uses base directory /home/runner/work/ozone/ozone/hadoop-ozone/integration-test/target/test-dir/MiniOzoneClusterImpl-11b76480-f5fe-46c6-962b-c791e86a534f/datanode-3/meta/webserver
2023-12-28 09:10:32,566 [main] INFO  http.HttpServer2 (HttpServer2.java:bindListener(1236)) - Jetty bound to port 15481
2023-12-28 09:10:32,567 [main] INFO  server.Server (Server.java:doStart(375)) - jetty-9.4.53.v20231009; built: 2023-10-09T12:29:09.265Z; git: 27bde00a0b95a1d5bbee0eae7984f891d2d0f8c9; jvm 1.8.0_392-b08
2023-12-28 09:10:32,567 [main] INFO  server.session (DefaultSessionIdManager.java:doStart(334)) - DefaultSessionIdManager workerName=node0
2023-12-28 09:10:32,567 [main] INFO  server.session (DefaultSessionIdManager.java:doStart(339)) - No SessionScavenger set, using defaults
2023-12-28 09:10:32,568 [main] INFO  server.session (HouseKeeper.java:startScavenging(132)) - node0 Scavenging every 600000ms
2023-12-28 09:10:32,568 [main] INFO  handler.ContextHandler (ContextHandler.java:doStart(921)) - Started o.e.j.s.ServletContextHandler@3492c7f3{logs,/logs,file:///home/runner/work/ozone/ozone/hadoop-ozone/integration-test/target/log,AVAILABLE}
2023-12-28 09:10:32,568 [main] INFO  handler.ContextHandler (ContextHandler.java:doStart(921)) - Started o.e.j.s.ServletContextHandler@332c8aba{static,/static,jar:file:/home/runner/.m2/repository/org/apache/ozone/hdds-container-service/1.5.0-SNAPSHOT/hdds-container-service-1.5.0-SNAPSHOT.jar!/webapps/static,AVAILABLE}
2023-12-28 09:10:32,599 [main] INFO  handler.ContextHandler (ContextHandler.java:doStart(921)) - Started o.e.j.w.WebAppContext@77a4c0a7{hddsDatanode,/,file:///home/runner/work/ozone/ozone/hadoop-ozone/integration-test/target/test-dir/MiniOzoneClusterImpl-11b76480-f5fe-46c6-962b-c791e86a534f/datanode-3/meta/webserver/jetty-0_0_0_0-15481-hdds-container-service-1_5_0-SNAPSHOT_jar-_-any-3777351212674175646/webapp/,AVAILABLE}{jar:file:/home/runner/.m2/repository/org/apache/ozone/hdds-container-service/1.5.0-SNAPSHOT/hdds-container-service-1.5.0-SNAPSHOT.jar!/webapps/hddsDatanode}
2023-12-28 09:10:32,600 [main] INFO  server.AbstractConnector (AbstractConnector.java:doStart(333)) - Started ServerConnector@131d02c0{HTTP/1.1, (http/1.1)}{0.0.0.0:15481}
2023-12-28 09:10:32,600 [main] INFO  server.Server (Server.java:doStart(415)) - Started @177618ms
2023-12-28 09:10:32,600 [main] WARN  impl.MetricsSystemImpl (MetricsSystemImpl.java:register(279)) - Sink prometheus already exists!
2023-12-28 09:10:32,600 [main] INFO  http.BaseHttpServer (BaseHttpServer.java:updateConnectorAddress(354)) - HTTP server of hddsDatanode listening at http://0.0.0.0:15481
2023-12-28 09:10:32,601 [main] INFO  ipc.CallQueueManager (CallQueueManager.java:<init>(90)) - Using callQueue: class java.util.concurrent.LinkedBlockingQueue, queueCapacity: 100, scheduler: class org.apache.hadoop.ipc.DefaultRpcScheduler, ipcBackoff: false.
2023-12-28 09:10:32,601 [main] INFO  ipc.Server (Server.java:<init>(1287)) - Listener at 0.0.0.0:15482
2023-12-28 09:10:32,601 [Socket Reader #1 for port 15482] INFO  ipc.Server (Server.java:run(1323)) - Starting Socket Reader #1 for port 15482
2023-12-28 09:10:32,602 [main] INFO  ozone.HddsDatanodeService (HddsDatanodeService.java:start(324)) - Datanode start with admins: [runner]
2023-12-28 09:10:32,602 [main] INFO  ozone.HddsDatanodeClientProtocolServer (HddsDatanodeClientProtocolServer.java:start(72)) - RPC server for Client /0.0.0.0:15482
2023-12-28 09:10:32,603 [IPC Server Responder] INFO  ipc.Server (Server.java:run(1562)) - IPC Server Responder: starting
2023-12-28 09:10:32,603 [IPC Server listener on 15482] INFO  ipc.Server (Server.java:run(1402)) - IPC Server listener on 15482: starting
2023-12-28 09:10:32,605 [7bf28275-35a3-4339-bf85-2ac062f1a076-DatanodeStateMachineDaemonThread] INFO  statemachine.DatanodeStateMachine (DatanodeStateMachine.java:lambda$startDaemon$1(555)) - Ozone container server started.
2023-12-28 09:10:32,605 [main] WARN  dropwizard3.Dm3MetricRegistriesImpl (Dm3MetricRegistriesImpl.java:addReporterRegistration(113)) - New reporters are added after registries were created. Some metrics will be missing from the reporter. Please add reporter before adding any new registry.
2023-12-28 09:10:32,606 [main] WARN  dropwizard3.Dm3MetricRegistriesImpl (Dm3MetricRegistriesImpl.java:addReporterRegistration(113)) - New reporters are added after registries were created. Some metrics will be missing from the reporter. Please add reporter before adding any new registry.
2023-12-28 09:10:32,606 [main] INFO  impl.MetricsSystemImpl (MetricsSystemImpl.java:init(158)) - HddsDatanode metrics system started (again)
2023-12-28 09:10:32,608 [7bf28275-35a3-4339-bf85-2ac062f1a076-DatanodeStateMachineTaskThread-0] INFO  datanode.InitDatanodeState (InitDatanodeState.java:persistContainerDatanodeDetails(139)) - DatanodeDetails is persisted to /home/runner/work/ozone/ozone/hadoop-ozone/integration-test/target/test-dir/MiniOzoneClusterImpl-11b76480-f5fe-46c6-962b-c791e86a534f/datanode-3/meta/datanode.id
2023-12-28 09:10:32,614 [main] INFO  ozone.HddsDatanodeService (HddsDatanodeService.java:start(239)) - HddsDatanodeService host:fv-az1384-14.e3qrh24bduyexj1tcof5x1etkc.ex.internal.cloudapp.net ip:10.1.0.14
2023-12-28 09:10:32,631 [main] INFO  upgrade.AbstractLayoutVersionManager (AbstractLayoutVersionManager.java:init(83)) - Initializing Layout version manager with metadata layout = HADOOP_PRC_PORTS_IN_DATANODEDETAILS (version = 7), software layout = HADOOP_PRC_PORTS_IN_DATANODEDETAILS (version = 7)
2023-12-28 09:10:32,631 [main] INFO  statemachine.DatanodeStateMachine (DatanodeStateMachine.java:getEndPointTaskThreadPoolSize(299)) - Datanode State Machine Task Thread Pool size 2
2023-12-28 09:10:32,632 [main] ERROR lib.MethodMetric (MethodMetric.java:snapshot(117)) - Error invoking method getCommitted
java.lang.reflect.InvocationTargetException
	at sun.reflect.GeneratedMethodAccessor85.invoke(Unknown Source)
	at sun.reflect.DelegatingMethodAccessorImpl.invoke(DelegatingMethodAccessorImpl.java:43)
	at java.lang.reflect.Method.invoke(Method.java:498)
	at org.apache.hadoop.metrics2.lib.MethodMetric$2.snapshot(MethodMetric.java:111)
	at org.apache.hadoop.metrics2.lib.MethodMetric.snapshot(MethodMetric.java:142)
	at org.apache.hadoop.metrics2.lib.MetricsRegistry.snapshot(MetricsRegistry.java:447)
	at org.apache.hadoop.metrics2.lib.MetricsSourceBuilder$1.getMetrics(MetricsSourceBuilder.java:89)
	at org.apache.hadoop.metrics2.impl.MetricsSourceAdapter.getMetrics(MetricsSourceAdapter.java:200)
	at org.apache.hadoop.metrics2.impl.MetricsSourceAdapter.updateJmxCache(MetricsSourceAdapter.java:183)
	at org.apache.hadoop.metrics2.impl.MetricsSourceAdapter.getMBeanInfo(MetricsSourceAdapter.java:156)
	at com.sun.jmx.interceptor.DefaultMBeanServerInterceptor.getNewMBeanClassName(DefaultMBeanServerInterceptor.java:333)
	at com.sun.jmx.interceptor.DefaultMBeanServerInterceptor.registerMBean(DefaultMBeanServerInterceptor.java:319)
	at com.sun.jmx.mbeanserver.JmxMBeanServer.registerMBean(JmxMBeanServer.java:522)
	at org.apache.hadoop.metrics2.util.MBeans.register(MBeans.java:100)
	at org.apache.hadoop.metrics2.util.MBeans.register(MBeans.java:73)
	at org.apache.hadoop.metrics2.impl.MetricsSourceAdapter.startMBeans(MetricsSourceAdapter.java:222)
	at org.apache.hadoop.metrics2.impl.MetricsSourceAdapter.start(MetricsSourceAdapter.java:101)
	at org.apache.hadoop.metrics2.impl.MetricsSystemImpl.registerSource(MetricsSystemImpl.java:268)
	at org.apache.hadoop.metrics2.impl.MetricsSystemImpl.register(MetricsSystemImpl.java:233)
	at org.apache.hadoop.ozone.container.common.volume.VolumeInfoMetrics.init(VolumeInfoMetrics.java:50)
	at org.apache.hadoop.ozone.container.common.volume.VolumeInfoMetrics.<init>(VolumeInfoMetrics.java:45)
	at org.apache.hadoop.ozone.container.common.volume.HddsVolume.<init>(HddsVolume.java:123)
	at org.apache.hadoop.ozone.container.common.volume.HddsVolume.<init>(HddsVolume.java:71)
	at org.apache.hadoop.ozone.container.common.volume.HddsVolume$Builder.build(HddsVolume.java:111)
	at org.apache.hadoop.ozone.container.common.volume.HddsVolumeFactory.createVolume(HddsVolumeFactory.java:48)
	at org.apache.hadoop.ozone.container.common.volume.MutableVolumeSet.initializeVolumeSet(MutableVolumeSet.java:170)
	at org.apache.hadoop.ozone.container.common.volume.MutableVolumeSet.<init>(MutableVolumeSet.java:132)
	at org.apache.hadoop.ozone.container.common.volume.MutableVolumeSet.<init>(MutableVolumeSet.java:96)
	at org.apache.hadoop.ozone.container.ozoneimpl.OzoneContainer.<init>(OzoneContainer.java:149)
	at org.apache.hadoop.ozone.container.common.statemachine.DatanodeStateMachine.<init>(DatanodeStateMachine.java:186)
	at org.apache.hadoop.ozone.HddsDatanodeService.start(HddsDatanodeService.java:296)
	at org.apache.hadoop.ozone.MiniOzoneClusterImpl.startHddsDatanode(MiniOzoneClusterImpl.java:489)
	at java.util.ArrayList.forEach(ArrayList.java:1259)
	at org.apache.hadoop.ozone.MiniOzoneClusterImpl.startHddsDatanodes(MiniOzoneClusterImpl.java:497)
	at org.apache.hadoop.ozone.MiniOzoneClusterImpl$Builder.build(MiniOzoneClusterImpl.java:627)
	at org.apache.hadoop.ozone.client.rpc.TestWatchForCommit.init(TestWatchForCommit.java:149)
	at sun.reflect.NativeMethodAccessorImpl.invoke0(Native Method)
	at sun.reflect.NativeMethodAccessorImpl.invoke(NativeMethodAccessorImpl.java:62)
	at sun.reflect.DelegatingMethodAccessorImpl.invoke(DelegatingMethodAccessorImpl.java:43)
	at java.lang.reflect.Method.invoke(Method.java:498)
	at org.junit.platform.commons.util.ReflectionUtils.invokeMethod(ReflectionUtils.java:728)
	at org.junit.jupiter.engine.execution.MethodInvocation.proceed(MethodInvocation.java:60)
	at org.junit.jupiter.engine.execution.InvocationInterceptorChain$ValidatingInvocation.proceed(InvocationInterceptorChain.java:131)
	at org.junit.jupiter.engine.extension.TimeoutExtension.intercept(TimeoutExtension.java:156)
	at org.junit.jupiter.engine.extension.TimeoutExtension.interceptLifecycleMethod(TimeoutExtension.java:128)
	at org.junit.jupiter.engine.extension.TimeoutExtension.interceptBeforeEachMethod(TimeoutExtension.java:78)
	at org.junit.jupiter.engine.execution.InterceptingExecutableInvoker$ReflectiveInterceptorCall.lambda$ofVoidMethod$0(InterceptingExecutableInvoker.java:103)
	at org.junit.jupiter.engine.execution.InterceptingExecutableInvoker.lambda$invoke$0(InterceptingExecutableInvoker.java:93)
	at org.junit.jupiter.engine.execution.InvocationInterceptorChain$InterceptedInvocation.proceed(InvocationInterceptorChain.java:106)
	at org.junit.jupiter.engine.execution.InvocationInterceptorChain.proceed(InvocationInterceptorChain.java:64)
	at org.junit.jupiter.engine.execution.InvocationInterceptorChain.chainAndInvoke(InvocationInterceptorChain.java:45)
	at org.junit.jupiter.engine.execution.InvocationInterceptorChain.invoke(InvocationInterceptorChain.java:37)
	at org.junit.jupiter.engine.execution.InterceptingExecutableInvoker.invoke(InterceptingExecutableInvoker.java:92)
	at org.junit.jupiter.engine.execution.InterceptingExecutableInvoker.invoke(InterceptingExecutableInvoker.java:86)
	at org.junit.jupiter.engine.descriptor.ClassBasedTestDescriptor.invokeMethodInExtensionContext(ClassBasedTestDescriptor.java:521)
	at org.junit.jupiter.engine.descriptor.ClassBasedTestDescriptor.lambda$synthesizeBeforeEachMethodAdapter$23(ClassBasedTestDescriptor.java:506)
	at org.junit.jupiter.engine.descriptor.TestMethodTestDescriptor.lambda$invokeBeforeEachMethods$3(TestMethodTestDescriptor.java:175)
	at org.junit.jupiter.engine.descriptor.TestMethodTestDescriptor.lambda$invokeBeforeMethodsOrCallbacksUntilExceptionOccurs$6(TestMethodTestDescriptor.java:203)
	at org.junit.platform.engine.support.hierarchical.ThrowableCollector.execute(ThrowableCollector.java:73)
	at org.junit.jupiter.engine.descriptor.TestMethodTestDescriptor.invokeBeforeMethodsOrCallbacksUntilExceptionOccurs(TestMethodTestDescriptor.java:203)
	at org.junit.jupiter.engine.descriptor.TestMethodTestDescriptor.invokeBeforeEachMethods(TestMethodTestDescriptor.java:172)
	at org.junit.jupiter.engine.descriptor.TestMethodTestDescriptor.execute(TestMethodTestDescriptor.java:135)
	at org.junit.jupiter.engine.descriptor.TestMethodTestDescriptor.execute(TestMethodTestDescriptor.java:69)
	at org.junit.platform.engine.support.hierarchical.NodeTestTask.lambda$executeRecursively$6(NodeTestTask.java:151)
	at org.junit.platform.engine.support.hierarchical.ThrowableCollector.execute(ThrowableCollector.java:73)
	at org.junit.platform.engine.support.hierarchical.NodeTestTask.lambda$executeRecursively$8(NodeTestTask.java:141)
	at org.junit.platform.engine.support.hierarchical.Node.around(Node.java:137)
	at org.junit.platform.engine.support.hierarchical.NodeTestTask.lambda$executeRecursively$9(NodeTestTask.java:139)
	at org.junit.platform.engine.support.hierarchical.ThrowableCollector.execute(ThrowableCollector.java:73)
	at org.junit.platform.engine.support.hierarchical.NodeTestTask.executeRecursively(NodeTestTask.java:138)
	at org.junit.platform.engine.support.hierarchical.NodeTestTask.execute(NodeTestTask.java:95)
	at java.util.ArrayList.forEach(ArrayList.java:1259)
	at org.junit.platform.engine.support.hierarchical.SameThreadHierarchicalTestExecutorService.invokeAll(SameThreadHierarchicalTestExecutorService.java:41)
	at org.junit.platform.engine.support.hierarchical.NodeTestTask.lambda$executeRecursively$6(NodeTestTask.java:155)
	at org.junit.platform.engine.support.hierarchical.ThrowableCollector.execute(ThrowableCollector.java:73)
	at org.junit.platform.engine.support.hierarchical.NodeTestTask.lambda$executeRecursively$8(NodeTestTask.java:141)
	at org.junit.platform.engine.support.hierarchical.Node.around(Node.java:137)
	at org.junit.platform.engine.support.hierarchical.NodeTestTask.lambda$executeRecursively$9(NodeTestTask.java:139)
	at org.junit.platform.engine.support.hierarchical.ThrowableCollector.execute(ThrowableCollector.java:73)
	at org.junit.platform.engine.support.hierarchical.NodeTestTask.executeRecursively(NodeTestTask.java:138)
	at org.junit.platform.engine.support.hierarchical.NodeTestTask.execute(NodeTestTask.java:95)
	at java.util.ArrayList.forEach(ArrayList.java:1259)
	at org.junit.platform.engine.support.hierarchical.SameThreadHierarchicalTestExecutorService.invokeAll(SameThreadHierarchicalTestExecutorService.java:41)
	at org.junit.platform.engine.support.hierarchical.NodeTestTask.lambda$executeRecursively$6(NodeTestTask.java:155)
	at org.junit.platform.engine.support.hierarchical.ThrowableCollector.execute(ThrowableCollector.java:73)
	at org.junit.platform.engine.support.hierarchical.NodeTestTask.lambda$executeRecursively$8(NodeTestTask.java:141)
	at org.junit.platform.engine.support.hierarchical.Node.around(Node.java:137)
	at org.junit.platform.engine.support.hierarchical.NodeTestTask.lambda$executeRecursively$9(NodeTestTask.java:139)
	at org.junit.platform.engine.support.hierarchical.ThrowableCollector.execute(ThrowableCollector.java:73)
	at org.junit.platform.engine.support.hierarchical.NodeTestTask.executeRecursively(NodeTestTask.java:138)
	at org.junit.platform.engine.support.hierarchical.NodeTestTask.execute(NodeTestTask.java:95)
	at org.junit.platform.engine.support.hierarchical.SameThreadHierarchicalTestExecutorService.submit(SameThreadHierarchicalTestExecutorService.java:35)
	at org.junit.platform.engine.support.hierarchical.HierarchicalTestExecutor.execute(HierarchicalTestExecutor.java:57)
	at org.junit.platform.engine.support.hierarchical.HierarchicalTestEngine.execute(HierarchicalTestEngine.java:54)
	at org.junit.platform.launcher.core.EngineExecutionOrchestrator.execute(EngineExecutionOrchestrator.java:198)
	at org.junit.platform.launcher.core.EngineExecutionOrchestrator.execute(EngineExecutionOrchestrator.java:169)
	at org.junit.platform.launcher.core.EngineExecutionOrchestrator.execute(EngineExecutionOrchestrator.java:93)
	at org.junit.platform.launcher.core.EngineExecutionOrchestrator.lambda$execute$0(EngineExecutionOrchestrator.java:58)
	at org.junit.platform.launcher.core.EngineExecutionOrchestrator.withInterceptedStreams(EngineExecutionOrchestrator.java:141)
	at org.junit.platform.launcher.core.EngineExecutionOrchestrator.execute(EngineExecutionOrchestrator.java:57)
	at org.junit.platform.launcher.core.DefaultLauncher.execute(DefaultLauncher.java:103)
	at org.junit.platform.launcher.core.DefaultLauncher.execute(DefaultLauncher.java:85)
	at org.junit.platform.launcher.core.DelegatingLauncher.execute(DelegatingLauncher.java:47)
	at org.apache.maven.surefire.junitplatform.LazyLauncher.execute(LazyLauncher.java:56)
	at org.apache.maven.surefire.junitplatform.JUnitPlatformProvider.invokeAllTests(JUnitPlatformProvider.java:162)
	at org.apache.maven.surefire.junitplatform.JUnitPlatformProvider.invoke(JUnitPlatformProvider.java:120)
	at org.apache.maven.surefire.booter.ForkedBooter.runSuitesInProcess(ForkedBooter.java:385)
	at org.apache.maven.surefire.booter.ForkedBooter.execute(ForkedBooter.java:162)
	at org.apache.maven.surefire.booter.ForkedBooter.run(ForkedBooter.java:507)
	at org.apache.maven.surefire.booter.ForkedBooter.main(ForkedBooter.java:495)
Caused by: java.lang.NullPointerException
	at org.apache.hadoop.ozone.container.common.volume.HddsVolume.getCommittedBytes(HddsVolume.java:303)
	at org.apache.hadoop.ozone.container.common.volume.VolumeInfoMetrics.getCommitted(VolumeInfoMetrics.java:147)
	... 110 more
2023-12-28 09:10:32,633 [main] INFO  volume.HddsVolume (HddsVolume.java:<init>(126)) - Creating HddsVolume: /home/runner/work/ozone/ozone/hadoop-ozone/integration-test/target/test-dir/MiniOzoneClusterImpl-11b76480-f5fe-46c6-962b-c791e86a534f/datanode-4/data-0/containers/hdds of storage type : DISK capacity : 9223372036854775807
2023-12-28 09:10:32,633 [main] INFO  volume.MutableVolumeSet (MutableVolumeSet.java:initializeVolumeSet(173)) - Added Volume : /home/runner/work/ozone/ozone/hadoop-ozone/integration-test/target/test-dir/MiniOzoneClusterImpl-11b76480-f5fe-46c6-962b-c791e86a534f/datanode-4/data-0/containers/hdds to VolumeSet
2023-12-28 09:10:32,633 [main] INFO  volume.MutableVolumeSet (MutableVolumeSet.java:initializeVolumeSet(173)) - Added Volume : /home/runner/work/ozone/ozone/hadoop-ozone/integration-test/target/test-dir/MiniOzoneClusterImpl-11b76480-f5fe-46c6-962b-c791e86a534f/datanode-4/data/ratis to VolumeSet
2023-12-28 09:10:32,634 [main] INFO  ozoneimpl.OzoneContainer (HddsVolumeUtil.java:loadAllHddsVolumeDbStore(103)) - Load 1 volumes DbStore cost: 1ms
2023-12-28 09:10:32,634 [1f676f73-0748-4b3a-9af1-03dc59351857-ContainerReader-0] INFO  ozoneimpl.ContainerReader (ContainerReader.java:readVolume(178)) - Finish verifying containers on volume /home/runner/work/ozone/ozone/hadoop-ozone/integration-test/target/test-dir/MiniOzoneClusterImpl-11b76480-f5fe-46c6-962b-c791e86a534f/datanode-4/data-0/containers/hdds
2023-12-28 09:10:32,634 [main] INFO  ozoneimpl.OzoneContainer (OzoneContainer.java:buildContainerSet(326)) - Build ContainerSet costs 0s
2023-12-28 09:10:32,635 [main] INFO  server.RaftServer (ConfUtils.java:logGet(46)) - raft.rpc.type = GRPC (default)
2023-12-28 09:10:32,635 [main] INFO  grpc.GrpcConfigKeys (ConfUtils.java:logFallback(53)) - raft.grpc.admin.host = null (fallback to raft.grpc.server.host)
2023-12-28 09:10:32,636 [main] INFO  grpc.GrpcConfigKeys (ConfUtils.java:logGet(46)) - raft.grpc.admin.port = 15494 (custom)
2023-12-28 09:10:32,636 [main] INFO  grpc.GrpcConfigKeys (ConfUtils.java:logFallback(53)) - raft.grpc.client.host = null (fallback to raft.grpc.server.host)
2023-12-28 09:10:32,636 [main] INFO  grpc.GrpcConfigKeys (ConfUtils.java:logGet(46)) - raft.grpc.client.port = 15493 (custom)
2023-12-28 09:10:32,636 [main] INFO  grpc.GrpcConfigKeys (ConfUtils.java:logGet(46)) - raft.grpc.server.host = null (default)
2023-12-28 09:10:32,636 [main] INFO  grpc.GrpcConfigKeys (ConfUtils.java:logGet(46)) - raft.grpc.server.port = 15495 (custom)
2023-12-28 09:10:32,636 [main] INFO  server.GrpcService (ConfUtils.java:logGet(46)) - raft.grpc.message.size.max = 32MB (=33554432) (custom)
2023-12-28 09:10:32,637 [main] INFO  server.RaftServerConfigKeys (ConfUtils.java:logGet(46)) - raft.server.log.appender.buffer.byte-limit = 8388608 (custom)
2023-12-28 09:10:32,637 [main] INFO  server.GrpcService (ConfUtils.java:logGet(46)) - raft.grpc.flow.control.window = 5MB (=5242880) (custom)
2023-12-28 09:10:32,637 [main] INFO  server.RaftServerConfigKeys (ConfUtils.java:logGet(46)) - raft.server.rpc.request.timeout = 3000ms (default)
2023-12-28 09:10:32,637 [main] INFO  grpc.GrpcConfigKeys (ConfUtils.java:logGet(46)) - raft.grpc.server.heartbeat.channel = true (default)
2023-12-28 09:10:32,637 [main] INFO  grpc.GrpcConfigKeys (ConfUtils.java:logGet(46)) - raft.grpc.server.async.request.thread.pool.cached = true (default)
2023-12-28 09:10:32,637 [main] INFO  grpc.GrpcConfigKeys (ConfUtils.java:logGet(46)) - raft.grpc.server.async.request.thread.pool.size = 32 (default)
2023-12-28 09:10:32,639 [main] INFO  impl.DataStreamServerImpl (ConfUtils.java:logGet(46)) - raft.datastream.type = NETTY (custom)
2023-12-28 09:10:32,639 [main] INFO  server.RaftServerConfigKeys (ConfUtils.java:logGet(46)) - raft.server.data-stream.async.request.thread.pool.cached = false (default)
2023-12-28 09:10:32,639 [main] INFO  server.RaftServerConfigKeys (ConfUtils.java:logGet(46)) - raft.server.data-stream.async.request.thread.pool.size = 20 (custom)
2023-12-28 09:10:32,639 [main] INFO  server.RaftServerConfigKeys (ConfUtils.java:logGet(46)) - raft.server.data-stream.async.write.thread.pool.size = 16 (default)
2023-12-28 09:10:32,639 [main] INFO  netty.NettyConfigKeys$DataStream (ConfUtils.java:logGet(46)) - raft.netty.dataStream.server.channel.inactive.grace-period = 10min (default)
2023-12-28 09:10:32,639 [main] INFO  server.RaftServerConfigKeys (ConfUtils.java:logGet(46)) - raft.server.data-stream.client.pool.size = 10 (default)
2023-12-28 09:10:32,639 [main] INFO  netty.NettyConfigKeys$DataStream (ConfUtils.java:logGet(46)) - raft.netty.dataStream.server.use-epoll = true (default)
2023-12-28 09:10:32,640 [main] INFO  netty.NettyConfigKeys$DataStream (ConfUtils.java:logGet(46)) - raft.netty.dataStream.server.boss-group.size = 0 (default)
2023-12-28 09:10:32,640 [main] INFO  netty.NettyUtils (NettyUtils.java:newEventLoopGroup(69)) - Create EpollEventLoopGroup for 1f676f73-0748-4b3a-9af1-03dc59351857-NettyServerStreamRpc-bossGroup; Thread size is 0.
2023-12-28 09:10:32,640 [main] INFO  netty.NettyConfigKeys$DataStream (ConfUtils.java:logGet(46)) - raft.netty.dataStream.server.worker-group.size = 0 (default)
2023-12-28 09:10:32,640 [main] INFO  netty.NettyUtils (NettyUtils.java:newEventLoopGroup(69)) - Create EpollEventLoopGroup for 1f676f73-0748-4b3a-9af1-03dc59351857-NettyServerStreamRpc-workerGroup; Thread size is 0.
2023-12-28 09:10:32,640 [main] INFO  netty.NettyConfigKeys$DataStream (ConfUtils.java:logGet(46)) - raft.netty.dataStream.server.tls.conf = null (default)
2023-12-28 09:10:32,640 [main] INFO  netty.NettyConfigKeys$DataStream (ConfUtils.java:logGet(46)) - raft.netty.dataStream.host = null (default)
2023-12-28 09:10:32,641 [main] INFO  netty.NettyConfigKeys$DataStream (ConfUtils.java:logGet(46)) - raft.netty.dataStream.port = 15496 (custom)
2023-12-28 09:10:32,641 [main] INFO  server.RaftServerConfigKeys (ConfUtils.java:logGet(46)) - raft.server.sleep.deviation.threshold = 300ms (default)
2023-12-28 09:10:32,641 [1f676f73-0748-4b3a-9af1-03dc59351857-NettyServerStreamRpc-bossGroup--thread1] INFO  logging.LoggingHandler (AbstractInternalLogger.java:log(148)) - [id: 0x52153399] REGISTERED
2023-12-28 09:10:32,641 [main] INFO  server.RaftServerConfigKeys (ConfUtils.java:logGet(46)) - raft.server.close.threshold = 60s (default)
2023-12-28 09:10:32,641 [main] INFO  server.RaftServerConfigKeys (ConfUtils.java:logGet(46)) - raft.server.leaderelection.leader.step-down.wait-time = 10s (default)
2023-12-28 09:10:32,642 [main] INFO  server.RaftServerConfigKeys (ConfUtils.java:logGet(46)) - raft.server.storage.dir = [/home/runner/work/ozone/ozone/hadoop-ozone/integration-test/target/test-dir/MiniOzoneClusterImpl-11b76480-f5fe-46c6-962b-c791e86a534f/datanode-4/data/ratis] (custom)
2023-12-28 09:10:32,642 [main] INFO  server.RaftServerConfigKeys (ConfUtils.java:logGet(46)) - raft.server.threadpool.proxy.cached = true (default)
2023-12-28 09:10:32,642 [main] INFO  server.RaftServerConfigKeys (ConfUtils.java:logGet(46)) - raft.server.threadpool.proxy.size = 0 (default)
2023-12-28 09:10:32,641 [1f676f73-0748-4b3a-9af1-03dc59351857-NettyServerStreamRpc-bossGroup--thread1] INFO  logging.LoggingHandler (AbstractInternalLogger.java:log(148)) - [id: 0x52153399] BIND: 0.0.0.0/0.0.0.0:15496
2023-12-28 09:10:32,642 [1f676f73-0748-4b3a-9af1-03dc59351857-NettyServerStreamRpc-bossGroup--thread1] INFO  logging.LoggingHandler (AbstractInternalLogger.java:log(148)) - [id: 0x52153399, L:/0.0.0.0:15496] ACTIVE
2023-12-28 09:10:32,642 [1f676f73-0748-4b3a-9af1-03dc59351857-impl-thread1] INFO  server.RaftServer (RaftServerProxy.java:initGroupDir(264)) - 1f676f73-0748-4b3a-9af1-03dc59351857: found a subdirectory /home/runner/work/ozone/ozone/hadoop-ozone/integration-test/target/test-dir/MiniOzoneClusterImpl-11b76480-f5fe-46c6-962b-c791e86a534f/datanode-4/data/ratis/tmp
2023-12-28 09:10:32,643 [1f676f73-0748-4b3a-9af1-03dc59351857-impl-thread1] INFO  server.RaftServer (RaftServerProxy.java:initGroupDir(269)) - 1f676f73-0748-4b3a-9af1-03dc59351857: The directory /home/runner/work/ozone/ozone/hadoop-ozone/integration-test/target/test-dir/MiniOzoneClusterImpl-11b76480-f5fe-46c6-962b-c791e86a534f/datanode-4/data/ratis/tmp is not a group directory; ignoring it. 
2023-12-28 09:10:32,643 [main] INFO  replication.ReplicationServer (ReplicationServer.java:<init>(85)) - Initializing replication server with thread count = 10 queue length = 4096
2023-12-28 09:10:32,643 [main] INFO  server.XceiverServerGrpc (XceiverServerGrpc.java:<init>(141)) - GrpcServer channel type EpollServerSocketChannel
2023-12-28 09:10:32,644 [main] INFO  replication.ReplicationSupervisor (ReplicationSupervisor.java:build(163)) - Initializing replication supervisor with thread count = 10
2023-12-28 09:10:32,645 [main] INFO  replication.ReplicationSupervisor (ReplicationSupervisor.java:nodeStateUpdated(317)) - Node state updated to IN_SERVICE, scaling executor pool size to 10
2023-12-28 09:10:32,646 [main] INFO  http.BaseHttpServer (BaseHttpServer.java:newHttpServer2BuilderForOzone(223)) - Starting Web-server for hddsDatanode at: http://0.0.0.0:15490
2023-12-28 09:10:32,646 [main] INFO  http.BaseHttpServer (BaseHttpServer.java:<init>(110)) - Hadoop Security Enabled: false Ozone Security Enabled: false Ozone HTTP Security Enabled: false 
2023-12-28 09:10:32,647 [main] WARN  server.AuthenticationFilter (AuthenticationFilter.java:constructSecretProvider(240)) - Unable to initialize FileSignerSecretProvider, falling back to use random secrets. Reason: Could not read signature secret file: /home/runner/hadoop-http-auth-signature-secret
2023-12-28 09:10:32,647 [main] INFO  http.HttpRequestLog (HttpRequestLog.java:getRequestLog(86)) - Http request log for http.requests.hddsDatanode is not defined
2023-12-28 09:10:32,648 [main] INFO  http.HttpServer2 (HttpServer2.java:addGlobalFilter(1036)) - Added global filter 'safety' (class=org.apache.hadoop.hdds.server.http.HttpServer2$QuotingInputFilter)
2023-12-28 09:10:32,648 [main] INFO  http.HttpServer2 (HttpServer2.java:addFilter(1012)) - Added filter static_user_filter (class=org.apache.hadoop.http.lib.StaticUserWebFilter$StaticUserFilter) to context hddsDatanode
2023-12-28 09:10:32,648 [main] INFO  http.HttpServer2 (HttpServer2.java:addFilter(1020)) - Added filter static_user_filter (class=org.apache.hadoop.http.lib.StaticUserWebFilter$StaticUserFilter) to context static
2023-12-28 09:10:32,648 [main] INFO  http.HttpServer2 (HttpServer2.java:addFilter(1020)) - Added filter static_user_filter (class=org.apache.hadoop.http.lib.StaticUserWebFilter$StaticUserFilter) to context logs
2023-12-28 09:10:32,649 [main] INFO  http.BaseHttpServer (BaseHttpServer.java:<init>(189)) - HTTP server of hddsDatanode uses base directory /home/runner/work/ozone/ozone/hadoop-ozone/integration-test/target/test-dir/MiniOzoneClusterImpl-11b76480-f5fe-46c6-962b-c791e86a534f/datanode-4/meta/webserver
2023-12-28 09:10:32,649 [main] INFO  http.HttpServer2 (HttpServer2.java:bindListener(1236)) - Jetty bound to port 15490
2023-12-28 09:10:32,649 [main] INFO  server.Server (Server.java:doStart(375)) - jetty-9.4.53.v20231009; built: 2023-10-09T12:29:09.265Z; git: 27bde00a0b95a1d5bbee0eae7984f891d2d0f8c9; jvm 1.8.0_392-b08
2023-12-28 09:10:32,650 [main] INFO  server.session (DefaultSessionIdManager.java:doStart(334)) - DefaultSessionIdManager workerName=node0
2023-12-28 09:10:32,650 [main] INFO  server.session (DefaultSessionIdManager.java:doStart(339)) - No SessionScavenger set, using defaults
2023-12-28 09:10:32,650 [main] INFO  server.session (HouseKeeper.java:startScavenging(132)) - node0 Scavenging every 660000ms
2023-12-28 09:10:32,651 [main] INFO  handler.ContextHandler (ContextHandler.java:doStart(921)) - Started o.e.j.s.ServletContextHandler@3240490b{logs,/logs,file:///home/runner/work/ozone/ozone/hadoop-ozone/integration-test/target/log,AVAILABLE}
2023-12-28 09:10:32,651 [main] INFO  handler.ContextHandler (ContextHandler.java:doStart(921)) - Started o.e.j.s.ServletContextHandler@430da75c{static,/static,jar:file:/home/runner/.m2/repository/org/apache/ozone/hdds-container-service/1.5.0-SNAPSHOT/hdds-container-service-1.5.0-SNAPSHOT.jar!/webapps/static,AVAILABLE}
2023-12-28 09:10:32,682 [main] INFO  handler.ContextHandler (ContextHandler.java:doStart(921)) - Started o.e.j.w.WebAppContext@5b1ec7a6{hddsDatanode,/,file:///home/runner/work/ozone/ozone/hadoop-ozone/integration-test/target/test-dir/MiniOzoneClusterImpl-11b76480-f5fe-46c6-962b-c791e86a534f/datanode-4/meta/webserver/jetty-0_0_0_0-15490-hdds-container-service-1_5_0-SNAPSHOT_jar-_-any-5001021578052664696/webapp/,AVAILABLE}{jar:file:/home/runner/.m2/repository/org/apache/ozone/hdds-container-service/1.5.0-SNAPSHOT/hdds-container-service-1.5.0-SNAPSHOT.jar!/webapps/hddsDatanode}
2023-12-28 09:10:32,682 [main] INFO  server.AbstractConnector (AbstractConnector.java:doStart(333)) - Started ServerConnector@16ee9a3b{HTTP/1.1, (http/1.1)}{0.0.0.0:15490}
2023-12-28 09:10:32,682 [main] INFO  server.Server (Server.java:doStart(415)) - Started @177701ms
2023-12-28 09:10:32,683 [main] WARN  impl.MetricsSystemImpl (MetricsSystemImpl.java:register(279)) - Sink prometheus already exists!
2023-12-28 09:10:32,683 [main] INFO  http.BaseHttpServer (BaseHttpServer.java:updateConnectorAddress(354)) - HTTP server of hddsDatanode listening at http://0.0.0.0:15490
2023-12-28 09:10:32,683 [main] INFO  ipc.CallQueueManager (CallQueueManager.java:<init>(90)) - Using callQueue: class java.util.concurrent.LinkedBlockingQueue, queueCapacity: 100, scheduler: class org.apache.hadoop.ipc.DefaultRpcScheduler, ipcBackoff: false.
2023-12-28 09:10:32,684 [main] INFO  ipc.Server (Server.java:<init>(1287)) - Listener at 0.0.0.0:15491
2023-12-28 09:10:32,684 [Socket Reader #1 for port 15491] INFO  ipc.Server (Server.java:run(1323)) - Starting Socket Reader #1 for port 15491
2023-12-28 09:10:32,691 [main] INFO  ozone.HddsDatanodeService (HddsDatanodeService.java:start(324)) - Datanode start with admins: [runner]
2023-12-28 09:10:32,691 [main] INFO  ozone.HddsDatanodeClientProtocolServer (HddsDatanodeClientProtocolServer.java:start(72)) - RPC server for Client /0.0.0.0:15491
2023-12-28 09:10:32,691 [IPC Server Responder] INFO  ipc.Server (Server.java:run(1562)) - IPC Server Responder: starting
2023-12-28 09:10:32,692 [IPC Server listener on 15491] INFO  ipc.Server (Server.java:run(1402)) - IPC Server listener on 15491: starting
2023-12-28 09:10:32,693 [1f676f73-0748-4b3a-9af1-03dc59351857-DatanodeStateMachineDaemonThread] INFO  statemachine.DatanodeStateMachine (DatanodeStateMachine.java:lambda$startDaemon$1(555)) - Ozone container server started.
2023-12-28 09:10:32,693 [main] WARN  dropwizard3.Dm3MetricRegistriesImpl (Dm3MetricRegistriesImpl.java:addReporterRegistration(113)) - New reporters are added after registries were created. Some metrics will be missing from the reporter. Please add reporter before adding any new registry.
2023-12-28 09:10:32,694 [main] WARN  dropwizard3.Dm3MetricRegistriesImpl (Dm3MetricRegistriesImpl.java:addReporterRegistration(113)) - New reporters are added after registries were created. Some metrics will be missing from the reporter. Please add reporter before adding any new registry.
2023-12-28 09:10:32,694 [main] INFO  impl.MetricsSystemImpl (MetricsSystemImpl.java:init(158)) - HddsDatanode metrics system started (again)
2023-12-28 09:10:32,696 [1f676f73-0748-4b3a-9af1-03dc59351857-DatanodeStateMachineTaskThread-0] INFO  datanode.InitDatanodeState (InitDatanodeState.java:persistContainerDatanodeDetails(139)) - DatanodeDetails is persisted to /home/runner/work/ozone/ozone/hadoop-ozone/integration-test/target/test-dir/MiniOzoneClusterImpl-11b76480-f5fe-46c6-962b-c791e86a534f/datanode-4/meta/datanode.id
2023-12-28 09:10:32,705 [main] INFO  ozone.HddsDatanodeService (HddsDatanodeService.java:start(239)) - HddsDatanodeService host:fv-az1384-14.e3qrh24bduyexj1tcof5x1etkc.ex.internal.cloudapp.net ip:10.1.0.14
2023-12-28 09:10:32,723 [main] INFO  upgrade.AbstractLayoutVersionManager (AbstractLayoutVersionManager.java:init(83)) - Initializing Layout version manager with metadata layout = HADOOP_PRC_PORTS_IN_DATANODEDETAILS (version = 7), software layout = HADOOP_PRC_PORTS_IN_DATANODEDETAILS (version = 7)
2023-12-28 09:10:32,723 [main] INFO  statemachine.DatanodeStateMachine (DatanodeStateMachine.java:getEndPointTaskThreadPoolSize(299)) - Datanode State Machine Task Thread Pool size 2
2023-12-28 09:10:32,724 [main] ERROR lib.MethodMetric (MethodMetric.java:snapshot(117)) - Error invoking method getCommitted
java.lang.reflect.InvocationTargetException
	at sun.reflect.GeneratedMethodAccessor85.invoke(Unknown Source)
	at sun.reflect.DelegatingMethodAccessorImpl.invoke(DelegatingMethodAccessorImpl.java:43)
	at java.lang.reflect.Method.invoke(Method.java:498)
	at org.apache.hadoop.metrics2.lib.MethodMetric$2.snapshot(MethodMetric.java:111)
	at org.apache.hadoop.metrics2.lib.MethodMetric.snapshot(MethodMetric.java:142)
	at org.apache.hadoop.metrics2.lib.MetricsRegistry.snapshot(MetricsRegistry.java:447)
	at org.apache.hadoop.metrics2.lib.MetricsSourceBuilder$1.getMetrics(MetricsSourceBuilder.java:89)
	at org.apache.hadoop.metrics2.impl.MetricsSourceAdapter.getMetrics(MetricsSourceAdapter.java:200)
	at org.apache.hadoop.metrics2.impl.MetricsSourceAdapter.updateJmxCache(MetricsSourceAdapter.java:183)
	at org.apache.hadoop.metrics2.impl.MetricsSourceAdapter.getMBeanInfo(MetricsSourceAdapter.java:156)
	at com.sun.jmx.interceptor.DefaultMBeanServerInterceptor.getNewMBeanClassName(DefaultMBeanServerInterceptor.java:333)
	at com.sun.jmx.interceptor.DefaultMBeanServerInterceptor.registerMBean(DefaultMBeanServerInterceptor.java:319)
	at com.sun.jmx.mbeanserver.JmxMBeanServer.registerMBean(JmxMBeanServer.java:522)
	at org.apache.hadoop.metrics2.util.MBeans.register(MBeans.java:100)
	at org.apache.hadoop.metrics2.util.MBeans.register(MBeans.java:73)
	at org.apache.hadoop.metrics2.impl.MetricsSourceAdapter.startMBeans(MetricsSourceAdapter.java:222)
	at org.apache.hadoop.metrics2.impl.MetricsSourceAdapter.start(MetricsSourceAdapter.java:101)
	at org.apache.hadoop.metrics2.impl.MetricsSystemImpl.registerSource(MetricsSystemImpl.java:268)
	at org.apache.hadoop.metrics2.impl.MetricsSystemImpl.register(MetricsSystemImpl.java:233)
	at org.apache.hadoop.ozone.container.common.volume.VolumeInfoMetrics.init(VolumeInfoMetrics.java:50)
	at org.apache.hadoop.ozone.container.common.volume.VolumeInfoMetrics.<init>(VolumeInfoMetrics.java:45)
	at org.apache.hadoop.ozone.container.common.volume.HddsVolume.<init>(HddsVolume.java:123)
	at org.apache.hadoop.ozone.container.common.volume.HddsVolume.<init>(HddsVolume.java:71)
	at org.apache.hadoop.ozone.container.common.volume.HddsVolume$Builder.build(HddsVolume.java:111)
	at org.apache.hadoop.ozone.container.common.volume.HddsVolumeFactory.createVolume(HddsVolumeFactory.java:48)
	at org.apache.hadoop.ozone.container.common.volume.MutableVolumeSet.initializeVolumeSet(MutableVolumeSet.java:170)
	at org.apache.hadoop.ozone.container.common.volume.MutableVolumeSet.<init>(MutableVolumeSet.java:132)
	at org.apache.hadoop.ozone.container.common.volume.MutableVolumeSet.<init>(MutableVolumeSet.java:96)
	at org.apache.hadoop.ozone.container.ozoneimpl.OzoneContainer.<init>(OzoneContainer.java:149)
	at org.apache.hadoop.ozone.container.common.statemachine.DatanodeStateMachine.<init>(DatanodeStateMachine.java:186)
	at org.apache.hadoop.ozone.HddsDatanodeService.start(HddsDatanodeService.java:296)
	at org.apache.hadoop.ozone.MiniOzoneClusterImpl.startHddsDatanode(MiniOzoneClusterImpl.java:489)
	at java.util.ArrayList.forEach(ArrayList.java:1259)
	at org.apache.hadoop.ozone.MiniOzoneClusterImpl.startHddsDatanodes(MiniOzoneClusterImpl.java:497)
	at org.apache.hadoop.ozone.MiniOzoneClusterImpl$Builder.build(MiniOzoneClusterImpl.java:627)
	at org.apache.hadoop.ozone.client.rpc.TestWatchForCommit.init(TestWatchForCommit.java:149)
	at sun.reflect.NativeMethodAccessorImpl.invoke0(Native Method)
	at sun.reflect.NativeMethodAccessorImpl.invoke(NativeMethodAccessorImpl.java:62)
	at sun.reflect.DelegatingMethodAccessorImpl.invoke(DelegatingMethodAccessorImpl.java:43)
	at java.lang.reflect.Method.invoke(Method.java:498)
	at org.junit.platform.commons.util.ReflectionUtils.invokeMethod(ReflectionUtils.java:728)
	at org.junit.jupiter.engine.execution.MethodInvocation.proceed(MethodInvocation.java:60)
	at org.junit.jupiter.engine.execution.InvocationInterceptorChain$ValidatingInvocation.proceed(InvocationInterceptorChain.java:131)
	at org.junit.jupiter.engine.extension.TimeoutExtension.intercept(TimeoutExtension.java:156)
	at org.junit.jupiter.engine.extension.TimeoutExtension.interceptLifecycleMethod(TimeoutExtension.java:128)
	at org.junit.jupiter.engine.extension.TimeoutExtension.interceptBeforeEachMethod(TimeoutExtension.java:78)
	at org.junit.jupiter.engine.execution.InterceptingExecutableInvoker$ReflectiveInterceptorCall.lambda$ofVoidMethod$0(InterceptingExecutableInvoker.java:103)
	at org.junit.jupiter.engine.execution.InterceptingExecutableInvoker.lambda$invoke$0(InterceptingExecutableInvoker.java:93)
	at org.junit.jupiter.engine.execution.InvocationInterceptorChain$InterceptedInvocation.proceed(InvocationInterceptorChain.java:106)
	at org.junit.jupiter.engine.execution.InvocationInterceptorChain.proceed(InvocationInterceptorChain.java:64)
	at org.junit.jupiter.engine.execution.InvocationInterceptorChain.chainAndInvoke(InvocationInterceptorChain.java:45)
	at org.junit.jupiter.engine.execution.InvocationInterceptorChain.invoke(InvocationInterceptorChain.java:37)
	at org.junit.jupiter.engine.execution.InterceptingExecutableInvoker.invoke(InterceptingExecutableInvoker.java:92)
	at org.junit.jupiter.engine.execution.InterceptingExecutableInvoker.invoke(InterceptingExecutableInvoker.java:86)
	at org.junit.jupiter.engine.descriptor.ClassBasedTestDescriptor.invokeMethodInExtensionContext(ClassBasedTestDescriptor.java:521)
	at org.junit.jupiter.engine.descriptor.ClassBasedTestDescriptor.lambda$synthesizeBeforeEachMethodAdapter$23(ClassBasedTestDescriptor.java:506)
	at org.junit.jupiter.engine.descriptor.TestMethodTestDescriptor.lambda$invokeBeforeEachMethods$3(TestMethodTestDescriptor.java:175)
	at org.junit.jupiter.engine.descriptor.TestMethodTestDescriptor.lambda$invokeBeforeMethodsOrCallbacksUntilExceptionOccurs$6(TestMethodTestDescriptor.java:203)
	at org.junit.platform.engine.support.hierarchical.ThrowableCollector.execute(ThrowableCollector.java:73)
	at org.junit.jupiter.engine.descriptor.TestMethodTestDescriptor.invokeBeforeMethodsOrCallbacksUntilExceptionOccurs(TestMethodTestDescriptor.java:203)
	at org.junit.jupiter.engine.descriptor.TestMethodTestDescriptor.invokeBeforeEachMethods(TestMethodTestDescriptor.java:172)
	at org.junit.jupiter.engine.descriptor.TestMethodTestDescriptor.execute(TestMethodTestDescriptor.java:135)
	at org.junit.jupiter.engine.descriptor.TestMethodTestDescriptor.execute(TestMethodTestDescriptor.java:69)
	at org.junit.platform.engine.support.hierarchical.NodeTestTask.lambda$executeRecursively$6(NodeTestTask.java:151)
	at org.junit.platform.engine.support.hierarchical.ThrowableCollector.execute(ThrowableCollector.java:73)
	at org.junit.platform.engine.support.hierarchical.NodeTestTask.lambda$executeRecursively$8(NodeTestTask.java:141)
	at org.junit.platform.engine.support.hierarchical.Node.around(Node.java:137)
	at org.junit.platform.engine.support.hierarchical.NodeTestTask.lambda$executeRecursively$9(NodeTestTask.java:139)
	at org.junit.platform.engine.support.hierarchical.ThrowableCollector.execute(ThrowableCollector.java:73)
	at org.junit.platform.engine.support.hierarchical.NodeTestTask.executeRecursively(NodeTestTask.java:138)
	at org.junit.platform.engine.support.hierarchical.NodeTestTask.execute(NodeTestTask.java:95)
	at java.util.ArrayList.forEach(ArrayList.java:1259)
	at org.junit.platform.engine.support.hierarchical.SameThreadHierarchicalTestExecutorService.invokeAll(SameThreadHierarchicalTestExecutorService.java:41)
	at org.junit.platform.engine.support.hierarchical.NodeTestTask.lambda$executeRecursively$6(NodeTestTask.java:155)
	at org.junit.platform.engine.support.hierarchical.ThrowableCollector.execute(ThrowableCollector.java:73)
	at org.junit.platform.engine.support.hierarchical.NodeTestTask.lambda$executeRecursively$8(NodeTestTask.java:141)
	at org.junit.platform.engine.support.hierarchical.Node.around(Node.java:137)
	at org.junit.platform.engine.support.hierarchical.NodeTestTask.lambda$executeRecursively$9(NodeTestTask.java:139)
	at org.junit.platform.engine.support.hierarchical.ThrowableCollector.execute(ThrowableCollector.java:73)
	at org.junit.platform.engine.support.hierarchical.NodeTestTask.executeRecursively(NodeTestTask.java:138)
	at org.junit.platform.engine.support.hierarchical.NodeTestTask.execute(NodeTestTask.java:95)
	at java.util.ArrayList.forEach(ArrayList.java:1259)
	at org.junit.platform.engine.support.hierarchical.SameThreadHierarchicalTestExecutorService.invokeAll(SameThreadHierarchicalTestExecutorService.java:41)
	at org.junit.platform.engine.support.hierarchical.NodeTestTask.lambda$executeRecursively$6(NodeTestTask.java:155)
	at org.junit.platform.engine.support.hierarchical.ThrowableCollector.execute(ThrowableCollector.java:73)
	at org.junit.platform.engine.support.hierarchical.NodeTestTask.lambda$executeRecursively$8(NodeTestTask.java:141)
	at org.junit.platform.engine.support.hierarchical.Node.around(Node.java:137)
	at org.junit.platform.engine.support.hierarchical.NodeTestTask.lambda$executeRecursively$9(NodeTestTask.java:139)
	at org.junit.platform.engine.support.hierarchical.ThrowableCollector.execute(ThrowableCollector.java:73)
	at org.junit.platform.engine.support.hierarchical.NodeTestTask.executeRecursively(NodeTestTask.java:138)
	at org.junit.platform.engine.support.hierarchical.NodeTestTask.execute(NodeTestTask.java:95)
	at org.junit.platform.engine.support.hierarchical.SameThreadHierarchicalTestExecutorService.submit(SameThreadHierarchicalTestExecutorService.java:35)
	at org.junit.platform.engine.support.hierarchical.HierarchicalTestExecutor.execute(HierarchicalTestExecutor.java:57)
	at org.junit.platform.engine.support.hierarchical.HierarchicalTestEngine.execute(HierarchicalTestEngine.java:54)
	at org.junit.platform.launcher.core.EngineExecutionOrchestrator.execute(EngineExecutionOrchestrator.java:198)
	at org.junit.platform.launcher.core.EngineExecutionOrchestrator.execute(EngineExecutionOrchestrator.java:169)
	at org.junit.platform.launcher.core.EngineExecutionOrchestrator.execute(EngineExecutionOrchestrator.java:93)
	at org.junit.platform.launcher.core.EngineExecutionOrchestrator.lambda$execute$0(EngineExecutionOrchestrator.java:58)
	at org.junit.platform.launcher.core.EngineExecutionOrchestrator.withInterceptedStreams(EngineExecutionOrchestrator.java:141)
	at org.junit.platform.launcher.core.EngineExecutionOrchestrator.execute(EngineExecutionOrchestrator.java:57)
	at org.junit.platform.launcher.core.DefaultLauncher.execute(DefaultLauncher.java:103)
	at org.junit.platform.launcher.core.DefaultLauncher.execute(DefaultLauncher.java:85)
	at org.junit.platform.launcher.core.DelegatingLauncher.execute(DelegatingLauncher.java:47)
	at org.apache.maven.surefire.junitplatform.LazyLauncher.execute(LazyLauncher.java:56)
	at org.apache.maven.surefire.junitplatform.JUnitPlatformProvider.invokeAllTests(JUnitPlatformProvider.java:162)
	at org.apache.maven.surefire.junitplatform.JUnitPlatformProvider.invoke(JUnitPlatformProvider.java:120)
	at org.apache.maven.surefire.booter.ForkedBooter.runSuitesInProcess(ForkedBooter.java:385)
	at org.apache.maven.surefire.booter.ForkedBooter.execute(ForkedBooter.java:162)
	at org.apache.maven.surefire.booter.ForkedBooter.run(ForkedBooter.java:507)
	at org.apache.maven.surefire.booter.ForkedBooter.main(ForkedBooter.java:495)
Caused by: java.lang.NullPointerException
	at org.apache.hadoop.ozone.container.common.volume.HddsVolume.getCommittedBytes(HddsVolume.java:303)
	at org.apache.hadoop.ozone.container.common.volume.VolumeInfoMetrics.getCommitted(VolumeInfoMetrics.java:147)
	... 110 more
2023-12-28 09:10:32,725 [main] INFO  volume.HddsVolume (HddsVolume.java:<init>(126)) - Creating HddsVolume: /home/runner/work/ozone/ozone/hadoop-ozone/integration-test/target/test-dir/MiniOzoneClusterImpl-11b76480-f5fe-46c6-962b-c791e86a534f/datanode-5/data-0/containers/hdds of storage type : DISK capacity : 9223372036854775807
2023-12-28 09:10:32,725 [main] INFO  volume.MutableVolumeSet (MutableVolumeSet.java:initializeVolumeSet(173)) - Added Volume : /home/runner/work/ozone/ozone/hadoop-ozone/integration-test/target/test-dir/MiniOzoneClusterImpl-11b76480-f5fe-46c6-962b-c791e86a534f/datanode-5/data-0/containers/hdds to VolumeSet
2023-12-28 09:10:32,725 [main] INFO  volume.MutableVolumeSet (MutableVolumeSet.java:initializeVolumeSet(173)) - Added Volume : /home/runner/work/ozone/ozone/hadoop-ozone/integration-test/target/test-dir/MiniOzoneClusterImpl-11b76480-f5fe-46c6-962b-c791e86a534f/datanode-5/data/ratis to VolumeSet
2023-12-28 09:10:32,726 [main] INFO  ozoneimpl.OzoneContainer (HddsVolumeUtil.java:loadAllHddsVolumeDbStore(103)) - Load 1 volumes DbStore cost: 0ms
2023-12-28 09:10:32,726 [d986c04d-7a68-472d-88d2-fc056c6b4cf5-ContainerReader-0] INFO  ozoneimpl.ContainerReader (ContainerReader.java:readVolume(178)) - Finish verifying containers on volume /home/runner/work/ozone/ozone/hadoop-ozone/integration-test/target/test-dir/MiniOzoneClusterImpl-11b76480-f5fe-46c6-962b-c791e86a534f/datanode-5/data-0/containers/hdds
2023-12-28 09:10:32,726 [main] INFO  ozoneimpl.OzoneContainer (OzoneContainer.java:buildContainerSet(326)) - Build ContainerSet costs 0s
2023-12-28 09:10:32,727 [main] INFO  server.RaftServer (ConfUtils.java:logGet(46)) - raft.rpc.type = GRPC (default)
2023-12-28 09:10:32,727 [main] INFO  grpc.GrpcConfigKeys (ConfUtils.java:logFallback(53)) - raft.grpc.admin.host = null (fallback to raft.grpc.server.host)
2023-12-28 09:10:32,728 [main] INFO  grpc.GrpcConfigKeys (ConfUtils.java:logGet(46)) - raft.grpc.admin.port = 15503 (custom)
2023-12-28 09:10:32,728 [main] INFO  grpc.GrpcConfigKeys (ConfUtils.java:logFallback(53)) - raft.grpc.client.host = null (fallback to raft.grpc.server.host)
2023-12-28 09:10:32,728 [main] INFO  grpc.GrpcConfigKeys (ConfUtils.java:logGet(46)) - raft.grpc.client.port = 15502 (custom)
2023-12-28 09:10:32,728 [main] INFO  grpc.GrpcConfigKeys (ConfUtils.java:logGet(46)) - raft.grpc.server.host = null (default)
2023-12-28 09:10:32,728 [main] INFO  grpc.GrpcConfigKeys (ConfUtils.java:logGet(46)) - raft.grpc.server.port = 15504 (custom)
2023-12-28 09:10:32,728 [main] INFO  server.GrpcService (ConfUtils.java:logGet(46)) - raft.grpc.message.size.max = 32MB (=33554432) (custom)
2023-12-28 09:10:32,728 [main] INFO  server.RaftServerConfigKeys (ConfUtils.java:logGet(46)) - raft.server.log.appender.buffer.byte-limit = 8388608 (custom)
2023-12-28 09:10:32,728 [main] INFO  server.GrpcService (ConfUtils.java:logGet(46)) - raft.grpc.flow.control.window = 5MB (=5242880) (custom)
2023-12-28 09:10:32,728 [main] INFO  server.RaftServerConfigKeys (ConfUtils.java:logGet(46)) - raft.server.rpc.request.timeout = 3000ms (default)
2023-12-28 09:10:32,729 [main] INFO  grpc.GrpcConfigKeys (ConfUtils.java:logGet(46)) - raft.grpc.server.heartbeat.channel = true (default)
2023-12-28 09:10:32,729 [main] INFO  grpc.GrpcConfigKeys (ConfUtils.java:logGet(46)) - raft.grpc.server.async.request.thread.pool.cached = true (default)
2023-12-28 09:10:32,729 [main] INFO  grpc.GrpcConfigKeys (ConfUtils.java:logGet(46)) - raft.grpc.server.async.request.thread.pool.size = 32 (default)
2023-12-28 09:10:32,731 [main] INFO  impl.DataStreamServerImpl (ConfUtils.java:logGet(46)) - raft.datastream.type = NETTY (custom)
2023-12-28 09:10:32,731 [main] INFO  server.RaftServerConfigKeys (ConfUtils.java:logGet(46)) - raft.server.data-stream.async.request.thread.pool.cached = false (default)
2023-12-28 09:10:32,732 [main] INFO  server.RaftServerConfigKeys (ConfUtils.java:logGet(46)) - raft.server.data-stream.async.request.thread.pool.size = 20 (custom)
2023-12-28 09:10:32,732 [main] INFO  server.RaftServerConfigKeys (ConfUtils.java:logGet(46)) - raft.server.data-stream.async.write.thread.pool.size = 16 (default)
2023-12-28 09:10:32,732 [main] INFO  netty.NettyConfigKeys$DataStream (ConfUtils.java:logGet(46)) - raft.netty.dataStream.server.channel.inactive.grace-period = 10min (default)
2023-12-28 09:10:32,732 [main] INFO  server.RaftServerConfigKeys (ConfUtils.java:logGet(46)) - raft.server.data-stream.client.pool.size = 10 (default)
2023-12-28 09:10:32,732 [main] INFO  netty.NettyConfigKeys$DataStream (ConfUtils.java:logGet(46)) - raft.netty.dataStream.server.use-epoll = true (default)
2023-12-28 09:10:32,732 [main] INFO  netty.NettyConfigKeys$DataStream (ConfUtils.java:logGet(46)) - raft.netty.dataStream.server.boss-group.size = 0 (default)
2023-12-28 09:10:32,733 [main] INFO  netty.NettyUtils (NettyUtils.java:newEventLoopGroup(69)) - Create EpollEventLoopGroup for d986c04d-7a68-472d-88d2-fc056c6b4cf5-NettyServerStreamRpc-bossGroup; Thread size is 0.
2023-12-28 09:10:32,733 [main] INFO  netty.NettyConfigKeys$DataStream (ConfUtils.java:logGet(46)) - raft.netty.dataStream.server.worker-group.size = 0 (default)
2023-12-28 09:10:32,733 [main] INFO  netty.NettyUtils (NettyUtils.java:newEventLoopGroup(69)) - Create EpollEventLoopGroup for d986c04d-7a68-472d-88d2-fc056c6b4cf5-NettyServerStreamRpc-workerGroup; Thread size is 0.
2023-12-28 09:10:32,733 [main] INFO  netty.NettyConfigKeys$DataStream (ConfUtils.java:logGet(46)) - raft.netty.dataStream.server.tls.conf = null (default)
2023-12-28 09:10:32,734 [main] INFO  netty.NettyConfigKeys$DataStream (ConfUtils.java:logGet(46)) - raft.netty.dataStream.host = null (default)
2023-12-28 09:10:32,734 [main] INFO  netty.NettyConfigKeys$DataStream (ConfUtils.java:logGet(46)) - raft.netty.dataStream.port = 15505 (custom)
2023-12-28 09:10:32,734 [main] INFO  server.RaftServerConfigKeys (ConfUtils.java:logGet(46)) - raft.server.sleep.deviation.threshold = 300ms (default)
2023-12-28 09:10:32,734 [d986c04d-7a68-472d-88d2-fc056c6b4cf5-NettyServerStreamRpc-bossGroup--thread1] INFO  logging.LoggingHandler (AbstractInternalLogger.java:log(148)) - [id: 0x14948aca] REGISTERED
2023-12-28 09:10:32,734 [main] INFO  server.RaftServerConfigKeys (ConfUtils.java:logGet(46)) - raft.server.close.threshold = 60s (default)
2023-12-28 09:10:32,734 [d986c04d-7a68-472d-88d2-fc056c6b4cf5-NettyServerStreamRpc-bossGroup--thread1] INFO  logging.LoggingHandler (AbstractInternalLogger.java:log(148)) - [id: 0x14948aca] BIND: 0.0.0.0/0.0.0.0:15505
2023-12-28 09:10:32,734 [main] INFO  server.RaftServerConfigKeys (ConfUtils.java:logGet(46)) - raft.server.leaderelection.leader.step-down.wait-time = 10s (default)
2023-12-28 09:10:32,735 [d986c04d-7a68-472d-88d2-fc056c6b4cf5-NettyServerStreamRpc-bossGroup--thread1] INFO  logging.LoggingHandler (AbstractInternalLogger.java:log(148)) - [id: 0x14948aca, L:/0.0.0.0:15505] ACTIVE
2023-12-28 09:10:32,735 [main] INFO  server.RaftServerConfigKeys (ConfUtils.java:logGet(46)) - raft.server.storage.dir = [/home/runner/work/ozone/ozone/hadoop-ozone/integration-test/target/test-dir/MiniOzoneClusterImpl-11b76480-f5fe-46c6-962b-c791e86a534f/datanode-5/data/ratis] (custom)
2023-12-28 09:10:32,735 [main] INFO  server.RaftServerConfigKeys (ConfUtils.java:logGet(46)) - raft.server.threadpool.proxy.cached = true (default)
2023-12-28 09:10:32,735 [main] INFO  server.RaftServerConfigKeys (ConfUtils.java:logGet(46)) - raft.server.threadpool.proxy.size = 0 (default)
2023-12-28 09:10:32,735 [d986c04d-7a68-472d-88d2-fc056c6b4cf5-impl-thread1] INFO  server.RaftServer (RaftServerProxy.java:initGroupDir(264)) - d986c04d-7a68-472d-88d2-fc056c6b4cf5: found a subdirectory /home/runner/work/ozone/ozone/hadoop-ozone/integration-test/target/test-dir/MiniOzoneClusterImpl-11b76480-f5fe-46c6-962b-c791e86a534f/datanode-5/data/ratis/tmp
2023-12-28 09:10:32,735 [d986c04d-7a68-472d-88d2-fc056c6b4cf5-impl-thread1] INFO  server.RaftServer (RaftServerProxy.java:initGroupDir(269)) - d986c04d-7a68-472d-88d2-fc056c6b4cf5: The directory /home/runner/work/ozone/ozone/hadoop-ozone/integration-test/target/test-dir/MiniOzoneClusterImpl-11b76480-f5fe-46c6-962b-c791e86a534f/datanode-5/data/ratis/tmp is not a group directory; ignoring it. 
2023-12-28 09:10:32,735 [main] INFO  replication.ReplicationServer (ReplicationServer.java:<init>(85)) - Initializing replication server with thread count = 10 queue length = 4096
2023-12-28 09:10:32,736 [main] INFO  server.XceiverServerGrpc (XceiverServerGrpc.java:<init>(141)) - GrpcServer channel type EpollServerSocketChannel
2023-12-28 09:10:32,737 [main] INFO  replication.ReplicationSupervisor (ReplicationSupervisor.java:build(163)) - Initializing replication supervisor with thread count = 10
2023-12-28 09:10:32,737 [main] INFO  replication.ReplicationSupervisor (ReplicationSupervisor.java:nodeStateUpdated(317)) - Node state updated to IN_SERVICE, scaling executor pool size to 10
2023-12-28 09:10:32,738 [main] INFO  http.BaseHttpServer (BaseHttpServer.java:newHttpServer2BuilderForOzone(223)) - Starting Web-server for hddsDatanode at: http://0.0.0.0:15499
2023-12-28 09:10:32,738 [main] INFO  http.BaseHttpServer (BaseHttpServer.java:<init>(110)) - Hadoop Security Enabled: false Ozone Security Enabled: false Ozone HTTP Security Enabled: false 
2023-12-28 09:10:32,739 [main] WARN  server.AuthenticationFilter (AuthenticationFilter.java:constructSecretProvider(240)) - Unable to initialize FileSignerSecretProvider, falling back to use random secrets. Reason: Could not read signature secret file: /home/runner/hadoop-http-auth-signature-secret
2023-12-28 09:10:32,739 [main] INFO  http.HttpRequestLog (HttpRequestLog.java:getRequestLog(86)) - Http request log for http.requests.hddsDatanode is not defined
2023-12-28 09:10:32,740 [main] INFO  http.HttpServer2 (HttpServer2.java:addGlobalFilter(1036)) - Added global filter 'safety' (class=org.apache.hadoop.hdds.server.http.HttpServer2$QuotingInputFilter)
2023-12-28 09:10:32,740 [main] INFO  http.HttpServer2 (HttpServer2.java:addFilter(1012)) - Added filter static_user_filter (class=org.apache.hadoop.http.lib.StaticUserWebFilter$StaticUserFilter) to context hddsDatanode
2023-12-28 09:10:32,740 [main] INFO  http.HttpServer2 (HttpServer2.java:addFilter(1020)) - Added filter static_user_filter (class=org.apache.hadoop.http.lib.StaticUserWebFilter$StaticUserFilter) to context static
2023-12-28 09:10:32,741 [main] INFO  http.HttpServer2 (HttpServer2.java:addFilter(1020)) - Added filter static_user_filter (class=org.apache.hadoop.http.lib.StaticUserWebFilter$StaticUserFilter) to context logs
2023-12-28 09:10:32,741 [main] INFO  http.BaseHttpServer (BaseHttpServer.java:<init>(189)) - HTTP server of hddsDatanode uses base directory /home/runner/work/ozone/ozone/hadoop-ozone/integration-test/target/test-dir/MiniOzoneClusterImpl-11b76480-f5fe-46c6-962b-c791e86a534f/datanode-5/meta/webserver
2023-12-28 09:10:32,741 [main] INFO  http.HttpServer2 (HttpServer2.java:bindListener(1236)) - Jetty bound to port 15499
2023-12-28 09:10:32,741 [main] INFO  server.Server (Server.java:doStart(375)) - jetty-9.4.53.v20231009; built: 2023-10-09T12:29:09.265Z; git: 27bde00a0b95a1d5bbee0eae7984f891d2d0f8c9; jvm 1.8.0_392-b08
2023-12-28 09:10:32,742 [main] INFO  server.session (DefaultSessionIdManager.java:doStart(334)) - DefaultSessionIdManager workerName=node0
2023-12-28 09:10:32,742 [main] INFO  server.session (DefaultSessionIdManager.java:doStart(339)) - No SessionScavenger set, using defaults
2023-12-28 09:10:32,743 [main] INFO  server.session (HouseKeeper.java:startScavenging(132)) - node0 Scavenging every 600000ms
2023-12-28 09:10:32,743 [main] INFO  handler.ContextHandler (ContextHandler.java:doStart(921)) - Started o.e.j.s.ServletContextHandler@79c1d32{logs,/logs,file:///home/runner/work/ozone/ozone/hadoop-ozone/integration-test/target/log,AVAILABLE}
2023-12-28 09:10:32,743 [main] INFO  handler.ContextHandler (ContextHandler.java:doStart(921)) - Started o.e.j.s.ServletContextHandler@2538598{static,/static,jar:file:/home/runner/.m2/repository/org/apache/ozone/hdds-container-service/1.5.0-SNAPSHOT/hdds-container-service-1.5.0-SNAPSHOT.jar!/webapps/static,AVAILABLE}
2023-12-28 09:10:32,775 [main] INFO  handler.ContextHandler (ContextHandler.java:doStart(921)) - Started o.e.j.w.WebAppContext@77508d81{hddsDatanode,/,file:///home/runner/work/ozone/ozone/hadoop-ozone/integration-test/target/test-dir/MiniOzoneClusterImpl-11b76480-f5fe-46c6-962b-c791e86a534f/datanode-5/meta/webserver/jetty-0_0_0_0-15499-hdds-container-service-1_5_0-SNAPSHOT_jar-_-any-2229243521901136670/webapp/,AVAILABLE}{jar:file:/home/runner/.m2/repository/org/apache/ozone/hdds-container-service/1.5.0-SNAPSHOT/hdds-container-service-1.5.0-SNAPSHOT.jar!/webapps/hddsDatanode}
2023-12-28 09:10:32,776 [main] INFO  server.AbstractConnector (AbstractConnector.java:doStart(333)) - Started ServerConnector@7586d2fa{HTTP/1.1, (http/1.1)}{0.0.0.0:15499}
2023-12-28 09:10:32,776 [main] INFO  server.Server (Server.java:doStart(415)) - Started @177794ms
2023-12-28 09:10:32,776 [main] WARN  impl.MetricsSystemImpl (MetricsSystemImpl.java:register(279)) - Sink prometheus already exists!
2023-12-28 09:10:32,776 [main] INFO  http.BaseHttpServer (BaseHttpServer.java:updateConnectorAddress(354)) - HTTP server of hddsDatanode listening at http://0.0.0.0:15499
2023-12-28 09:10:32,777 [main] INFO  ipc.CallQueueManager (CallQueueManager.java:<init>(90)) - Using callQueue: class java.util.concurrent.LinkedBlockingQueue, queueCapacity: 100, scheduler: class org.apache.hadoop.ipc.DefaultRpcScheduler, ipcBackoff: false.
2023-12-28 09:10:32,777 [main] INFO  ipc.Server (Server.java:<init>(1287)) - Listener at 0.0.0.0:15500
2023-12-28 09:10:32,777 [Socket Reader #1 for port 15500] INFO  ipc.Server (Server.java:run(1323)) - Starting Socket Reader #1 for port 15500
2023-12-28 09:10:32,779 [main] INFO  ozone.HddsDatanodeService (HddsDatanodeService.java:start(324)) - Datanode start with admins: [runner]
2023-12-28 09:10:32,779 [main] INFO  ozone.HddsDatanodeClientProtocolServer (HddsDatanodeClientProtocolServer.java:start(72)) - RPC server for Client /0.0.0.0:15500
2023-12-28 09:10:32,779 [IPC Server Responder] INFO  ipc.Server (Server.java:run(1562)) - IPC Server Responder: starting
2023-12-28 09:10:32,779 [IPC Server listener on 15500] INFO  ipc.Server (Server.java:run(1402)) - IPC Server listener on 15500: starting
2023-12-28 09:10:32,783 [d986c04d-7a68-472d-88d2-fc056c6b4cf5-DatanodeStateMachineDaemonThread] INFO  statemachine.DatanodeStateMachine (DatanodeStateMachine.java:lambda$startDaemon$1(555)) - Ozone container server started.
2023-12-28 09:10:32,783 [main] WARN  dropwizard3.Dm3MetricRegistriesImpl (Dm3MetricRegistriesImpl.java:addReporterRegistration(113)) - New reporters are added after registries were created. Some metrics will be missing from the reporter. Please add reporter before adding any new registry.
2023-12-28 09:10:32,783 [main] WARN  dropwizard3.Dm3MetricRegistriesImpl (Dm3MetricRegistriesImpl.java:addReporterRegistration(113)) - New reporters are added after registries were created. Some metrics will be missing from the reporter. Please add reporter before adding any new registry.
2023-12-28 09:10:32,783 [main] INFO  impl.MetricsSystemImpl (MetricsSystemImpl.java:init(158)) - HddsDatanode metrics system started (again)
2023-12-28 09:10:32,787 [d986c04d-7a68-472d-88d2-fc056c6b4cf5-DatanodeStateMachineTaskThread-0] INFO  datanode.InitDatanodeState (InitDatanodeState.java:persistContainerDatanodeDetails(139)) - DatanodeDetails is persisted to /home/runner/work/ozone/ozone/hadoop-ozone/integration-test/target/test-dir/MiniOzoneClusterImpl-11b76480-f5fe-46c6-962b-c791e86a534f/datanode-5/meta/datanode.id
2023-12-28 09:10:32,793 [main] INFO  ozone.HddsDatanodeService (HddsDatanodeService.java:start(239)) - HddsDatanodeService host:fv-az1384-14.e3qrh24bduyexj1tcof5x1etkc.ex.internal.cloudapp.net ip:10.1.0.14
2023-12-28 09:10:32,815 [main] INFO  upgrade.AbstractLayoutVersionManager (AbstractLayoutVersionManager.java:init(83)) - Initializing Layout version manager with metadata layout = HADOOP_PRC_PORTS_IN_DATANODEDETAILS (version = 7), software layout = HADOOP_PRC_PORTS_IN_DATANODEDETAILS (version = 7)
2023-12-28 09:10:32,815 [main] INFO  statemachine.DatanodeStateMachine (DatanodeStateMachine.java:getEndPointTaskThreadPoolSize(299)) - Datanode State Machine Task Thread Pool size 2
2023-12-28 09:10:32,816 [main] ERROR lib.MethodMetric (MethodMetric.java:snapshot(117)) - Error invoking method getCommitted
java.lang.reflect.InvocationTargetException
	at sun.reflect.GeneratedMethodAccessor85.invoke(Unknown Source)
	at sun.reflect.DelegatingMethodAccessorImpl.invoke(DelegatingMethodAccessorImpl.java:43)
	at java.lang.reflect.Method.invoke(Method.java:498)
	at org.apache.hadoop.metrics2.lib.MethodMetric$2.snapshot(MethodMetric.java:111)
	at org.apache.hadoop.metrics2.lib.MethodMetric.snapshot(MethodMetric.java:142)
	at org.apache.hadoop.metrics2.lib.MetricsRegistry.snapshot(MetricsRegistry.java:447)
	at org.apache.hadoop.metrics2.lib.MetricsSourceBuilder$1.getMetrics(MetricsSourceBuilder.java:89)
	at org.apache.hadoop.metrics2.impl.MetricsSourceAdapter.getMetrics(MetricsSourceAdapter.java:200)
	at org.apache.hadoop.metrics2.impl.MetricsSourceAdapter.updateJmxCache(MetricsSourceAdapter.java:183)
	at org.apache.hadoop.metrics2.impl.MetricsSourceAdapter.getMBeanInfo(MetricsSourceAdapter.java:156)
	at com.sun.jmx.interceptor.DefaultMBeanServerInterceptor.getNewMBeanClassName(DefaultMBeanServerInterceptor.java:333)
	at com.sun.jmx.interceptor.DefaultMBeanServerInterceptor.registerMBean(DefaultMBeanServerInterceptor.java:319)
	at com.sun.jmx.mbeanserver.JmxMBeanServer.registerMBean(JmxMBeanServer.java:522)
	at org.apache.hadoop.metrics2.util.MBeans.register(MBeans.java:100)
	at org.apache.hadoop.metrics2.util.MBeans.register(MBeans.java:73)
	at org.apache.hadoop.metrics2.impl.MetricsSourceAdapter.startMBeans(MetricsSourceAdapter.java:222)
	at org.apache.hadoop.metrics2.impl.MetricsSourceAdapter.start(MetricsSourceAdapter.java:101)
	at org.apache.hadoop.metrics2.impl.MetricsSystemImpl.registerSource(MetricsSystemImpl.java:268)
	at org.apache.hadoop.metrics2.impl.MetricsSystemImpl.register(MetricsSystemImpl.java:233)
	at org.apache.hadoop.ozone.container.common.volume.VolumeInfoMetrics.init(VolumeInfoMetrics.java:50)
	at org.apache.hadoop.ozone.container.common.volume.VolumeInfoMetrics.<init>(VolumeInfoMetrics.java:45)
	at org.apache.hadoop.ozone.container.common.volume.HddsVolume.<init>(HddsVolume.java:123)
	at org.apache.hadoop.ozone.container.common.volume.HddsVolume.<init>(HddsVolume.java:71)
	at org.apache.hadoop.ozone.container.common.volume.HddsVolume$Builder.build(HddsVolume.java:111)
	at org.apache.hadoop.ozone.container.common.volume.HddsVolumeFactory.createVolume(HddsVolumeFactory.java:48)
	at org.apache.hadoop.ozone.container.common.volume.MutableVolumeSet.initializeVolumeSet(MutableVolumeSet.java:170)
	at org.apache.hadoop.ozone.container.common.volume.MutableVolumeSet.<init>(MutableVolumeSet.java:132)
	at org.apache.hadoop.ozone.container.common.volume.MutableVolumeSet.<init>(MutableVolumeSet.java:96)
	at org.apache.hadoop.ozone.container.ozoneimpl.OzoneContainer.<init>(OzoneContainer.java:149)
	at org.apache.hadoop.ozone.container.common.statemachine.DatanodeStateMachine.<init>(DatanodeStateMachine.java:186)
	at org.apache.hadoop.ozone.HddsDatanodeService.start(HddsDatanodeService.java:296)
	at org.apache.hadoop.ozone.MiniOzoneClusterImpl.startHddsDatanode(MiniOzoneClusterImpl.java:489)
	at java.util.ArrayList.forEach(ArrayList.java:1259)
	at org.apache.hadoop.ozone.MiniOzoneClusterImpl.startHddsDatanodes(MiniOzoneClusterImpl.java:497)
	at org.apache.hadoop.ozone.MiniOzoneClusterImpl$Builder.build(MiniOzoneClusterImpl.java:627)
	at org.apache.hadoop.ozone.client.rpc.TestWatchForCommit.init(TestWatchForCommit.java:149)
	at sun.reflect.NativeMethodAccessorImpl.invoke0(Native Method)
	at sun.reflect.NativeMethodAccessorImpl.invoke(NativeMethodAccessorImpl.java:62)
	at sun.reflect.DelegatingMethodAccessorImpl.invoke(DelegatingMethodAccessorImpl.java:43)
	at java.lang.reflect.Method.invoke(Method.java:498)
	at org.junit.platform.commons.util.ReflectionUtils.invokeMethod(ReflectionUtils.java:728)
	at org.junit.jupiter.engine.execution.MethodInvocation.proceed(MethodInvocation.java:60)
	at org.junit.jupiter.engine.execution.InvocationInterceptorChain$ValidatingInvocation.proceed(InvocationInterceptorChain.java:131)
	at org.junit.jupiter.engine.extension.TimeoutExtension.intercept(TimeoutExtension.java:156)
	at org.junit.jupiter.engine.extension.TimeoutExtension.interceptLifecycleMethod(TimeoutExtension.java:128)
	at org.junit.jupiter.engine.extension.TimeoutExtension.interceptBeforeEachMethod(TimeoutExtension.java:78)
	at org.junit.jupiter.engine.execution.InterceptingExecutableInvoker$ReflectiveInterceptorCall.lambda$ofVoidMethod$0(InterceptingExecutableInvoker.java:103)
	at org.junit.jupiter.engine.execution.InterceptingExecutableInvoker.lambda$invoke$0(InterceptingExecutableInvoker.java:93)
	at org.junit.jupiter.engine.execution.InvocationInterceptorChain$InterceptedInvocation.proceed(InvocationInterceptorChain.java:106)
	at org.junit.jupiter.engine.execution.InvocationInterceptorChain.proceed(InvocationInterceptorChain.java:64)
	at org.junit.jupiter.engine.execution.InvocationInterceptorChain.chainAndInvoke(InvocationInterceptorChain.java:45)
	at org.junit.jupiter.engine.execution.InvocationInterceptorChain.invoke(InvocationInterceptorChain.java:37)
	at org.junit.jupiter.engine.execution.InterceptingExecutableInvoker.invoke(InterceptingExecutableInvoker.java:92)
	at org.junit.jupiter.engine.execution.InterceptingExecutableInvoker.invoke(InterceptingExecutableInvoker.java:86)
	at org.junit.jupiter.engine.descriptor.ClassBasedTestDescriptor.invokeMethodInExtensionContext(ClassBasedTestDescriptor.java:521)
	at org.junit.jupiter.engine.descriptor.ClassBasedTestDescriptor.lambda$synthesizeBeforeEachMethodAdapter$23(ClassBasedTestDescriptor.java:506)
	at org.junit.jupiter.engine.descriptor.TestMethodTestDescriptor.lambda$invokeBeforeEachMethods$3(TestMethodTestDescriptor.java:175)
	at org.junit.jupiter.engine.descriptor.TestMethodTestDescriptor.lambda$invokeBeforeMethodsOrCallbacksUntilExceptionOccurs$6(TestMethodTestDescriptor.java:203)
	at org.junit.platform.engine.support.hierarchical.ThrowableCollector.execute(ThrowableCollector.java:73)
	at org.junit.jupiter.engine.descriptor.TestMethodTestDescriptor.invokeBeforeMethodsOrCallbacksUntilExceptionOccurs(TestMethodTestDescriptor.java:203)
	at org.junit.jupiter.engine.descriptor.TestMethodTestDescriptor.invokeBeforeEachMethods(TestMethodTestDescriptor.java:172)
	at org.junit.jupiter.engine.descriptor.TestMethodTestDescriptor.execute(TestMethodTestDescriptor.java:135)
	at org.junit.jupiter.engine.descriptor.TestMethodTestDescriptor.execute(TestMethodTestDescriptor.java:69)
	at org.junit.platform.engine.support.hierarchical.NodeTestTask.lambda$executeRecursively$6(NodeTestTask.java:151)
	at org.junit.platform.engine.support.hierarchical.ThrowableCollector.execute(ThrowableCollector.java:73)
	at org.junit.platform.engine.support.hierarchical.NodeTestTask.lambda$executeRecursively$8(NodeTestTask.java:141)
	at org.junit.platform.engine.support.hierarchical.Node.around(Node.java:137)
	at org.junit.platform.engine.support.hierarchical.NodeTestTask.lambda$executeRecursively$9(NodeTestTask.java:139)
	at org.junit.platform.engine.support.hierarchical.ThrowableCollector.execute(ThrowableCollector.java:73)
	at org.junit.platform.engine.support.hierarchical.NodeTestTask.executeRecursively(NodeTestTask.java:138)
	at org.junit.platform.engine.support.hierarchical.NodeTestTask.execute(NodeTestTask.java:95)
	at java.util.ArrayList.forEach(ArrayList.java:1259)
	at org.junit.platform.engine.support.hierarchical.SameThreadHierarchicalTestExecutorService.invokeAll(SameThreadHierarchicalTestExecutorService.java:41)
	at org.junit.platform.engine.support.hierarchical.NodeTestTask.lambda$executeRecursively$6(NodeTestTask.java:155)
	at org.junit.platform.engine.support.hierarchical.ThrowableCollector.execute(ThrowableCollector.java:73)
	at org.junit.platform.engine.support.hierarchical.NodeTestTask.lambda$executeRecursively$8(NodeTestTask.java:141)
	at org.junit.platform.engine.support.hierarchical.Node.around(Node.java:137)
	at org.junit.platform.engine.support.hierarchical.NodeTestTask.lambda$executeRecursively$9(NodeTestTask.java:139)
	at org.junit.platform.engine.support.hierarchical.ThrowableCollector.execute(ThrowableCollector.java:73)
	at org.junit.platform.engine.support.hierarchical.NodeTestTask.executeRecursively(NodeTestTask.java:138)
	at org.junit.platform.engine.support.hierarchical.NodeTestTask.execute(NodeTestTask.java:95)
	at java.util.ArrayList.forEach(ArrayList.java:1259)
	at org.junit.platform.engine.support.hierarchical.SameThreadHierarchicalTestExecutorService.invokeAll(SameThreadHierarchicalTestExecutorService.java:41)
	at org.junit.platform.engine.support.hierarchical.NodeTestTask.lambda$executeRecursively$6(NodeTestTask.java:155)
	at org.junit.platform.engine.support.hierarchical.ThrowableCollector.execute(ThrowableCollector.java:73)
	at org.junit.platform.engine.support.hierarchical.NodeTestTask.lambda$executeRecursively$8(NodeTestTask.java:141)
	at org.junit.platform.engine.support.hierarchical.Node.around(Node.java:137)
	at org.junit.platform.engine.support.hierarchical.NodeTestTask.lambda$executeRecursively$9(NodeTestTask.java:139)
	at org.junit.platform.engine.support.hierarchical.ThrowableCollector.execute(ThrowableCollector.java:73)
	at org.junit.platform.engine.support.hierarchical.NodeTestTask.executeRecursively(NodeTestTask.java:138)
	at org.junit.platform.engine.support.hierarchical.NodeTestTask.execute(NodeTestTask.java:95)
	at org.junit.platform.engine.support.hierarchical.SameThreadHierarchicalTestExecutorService.submit(SameThreadHierarchicalTestExecutorService.java:35)
	at org.junit.platform.engine.support.hierarchical.HierarchicalTestExecutor.execute(HierarchicalTestExecutor.java:57)
	at org.junit.platform.engine.support.hierarchical.HierarchicalTestEngine.execute(HierarchicalTestEngine.java:54)
	at org.junit.platform.launcher.core.EngineExecutionOrchestrator.execute(EngineExecutionOrchestrator.java:198)
	at org.junit.platform.launcher.core.EngineExecutionOrchestrator.execute(EngineExecutionOrchestrator.java:169)
	at org.junit.platform.launcher.core.EngineExecutionOrchestrator.execute(EngineExecutionOrchestrator.java:93)
	at org.junit.platform.launcher.core.EngineExecutionOrchestrator.lambda$execute$0(EngineExecutionOrchestrator.java:58)
	at org.junit.platform.launcher.core.EngineExecutionOrchestrator.withInterceptedStreams(EngineExecutionOrchestrator.java:141)
	at org.junit.platform.launcher.core.EngineExecutionOrchestrator.execute(EngineExecutionOrchestrator.java:57)
	at org.junit.platform.launcher.core.DefaultLauncher.execute(DefaultLauncher.java:103)
	at org.junit.platform.launcher.core.DefaultLauncher.execute(DefaultLauncher.java:85)
	at org.junit.platform.launcher.core.DelegatingLauncher.execute(DelegatingLauncher.java:47)
	at org.apache.maven.surefire.junitplatform.LazyLauncher.execute(LazyLauncher.java:56)
	at org.apache.maven.surefire.junitplatform.JUnitPlatformProvider.invokeAllTests(JUnitPlatformProvider.java:162)
	at org.apache.maven.surefire.junitplatform.JUnitPlatformProvider.invoke(JUnitPlatformProvider.java:120)
	at org.apache.maven.surefire.booter.ForkedBooter.runSuitesInProcess(ForkedBooter.java:385)
	at org.apache.maven.surefire.booter.ForkedBooter.execute(ForkedBooter.java:162)
	at org.apache.maven.surefire.booter.ForkedBooter.run(ForkedBooter.java:507)
	at org.apache.maven.surefire.booter.ForkedBooter.main(ForkedBooter.java:495)
Caused by: java.lang.NullPointerException
	at org.apache.hadoop.ozone.container.common.volume.HddsVolume.getCommittedBytes(HddsVolume.java:303)
	at org.apache.hadoop.ozone.container.common.volume.VolumeInfoMetrics.getCommitted(VolumeInfoMetrics.java:147)
	... 110 more
2023-12-28 09:10:32,816 [main] INFO  volume.HddsVolume (HddsVolume.java:<init>(126)) - Creating HddsVolume: /home/runner/work/ozone/ozone/hadoop-ozone/integration-test/target/test-dir/MiniOzoneClusterImpl-11b76480-f5fe-46c6-962b-c791e86a534f/datanode-6/data-0/containers/hdds of storage type : DISK capacity : 9223372036854775807
2023-12-28 09:10:32,817 [main] INFO  volume.MutableVolumeSet (MutableVolumeSet.java:initializeVolumeSet(173)) - Added Volume : /home/runner/work/ozone/ozone/hadoop-ozone/integration-test/target/test-dir/MiniOzoneClusterImpl-11b76480-f5fe-46c6-962b-c791e86a534f/datanode-6/data-0/containers/hdds to VolumeSet
2023-12-28 09:10:32,817 [main] INFO  volume.MutableVolumeSet (MutableVolumeSet.java:initializeVolumeSet(173)) - Added Volume : /home/runner/work/ozone/ozone/hadoop-ozone/integration-test/target/test-dir/MiniOzoneClusterImpl-11b76480-f5fe-46c6-962b-c791e86a534f/datanode-6/data/ratis to VolumeSet
2023-12-28 09:10:32,817 [main] INFO  ozoneimpl.OzoneContainer (HddsVolumeUtil.java:loadAllHddsVolumeDbStore(103)) - Load 1 volumes DbStore cost: 0ms
2023-12-28 09:10:32,818 [e5bd5207-4071-4a5b-ab67-86e23051c304-ContainerReader-0] INFO  ozoneimpl.ContainerReader (ContainerReader.java:readVolume(178)) - Finish verifying containers on volume /home/runner/work/ozone/ozone/hadoop-ozone/integration-test/target/test-dir/MiniOzoneClusterImpl-11b76480-f5fe-46c6-962b-c791e86a534f/datanode-6/data-0/containers/hdds
2023-12-28 09:10:32,818 [main] INFO  ozoneimpl.OzoneContainer (OzoneContainer.java:buildContainerSet(326)) - Build ContainerSet costs 0s
2023-12-28 09:10:32,819 [main] INFO  server.RaftServer (ConfUtils.java:logGet(46)) - raft.rpc.type = GRPC (default)
2023-12-28 09:10:32,819 [main] INFO  grpc.GrpcConfigKeys (ConfUtils.java:logFallback(53)) - raft.grpc.admin.host = null (fallback to raft.grpc.server.host)
2023-12-28 09:10:32,819 [main] INFO  grpc.GrpcConfigKeys (ConfUtils.java:logGet(46)) - raft.grpc.admin.port = 15512 (custom)
2023-12-28 09:10:32,819 [main] INFO  grpc.GrpcConfigKeys (ConfUtils.java:logFallback(53)) - raft.grpc.client.host = null (fallback to raft.grpc.server.host)
2023-12-28 09:10:32,819 [main] INFO  grpc.GrpcConfigKeys (ConfUtils.java:logGet(46)) - raft.grpc.client.port = 15511 (custom)
2023-12-28 09:10:32,819 [main] INFO  grpc.GrpcConfigKeys (ConfUtils.java:logGet(46)) - raft.grpc.server.host = null (default)
2023-12-28 09:10:32,820 [main] INFO  grpc.GrpcConfigKeys (ConfUtils.java:logGet(46)) - raft.grpc.server.port = 15513 (custom)
2023-12-28 09:10:32,820 [main] INFO  server.GrpcService (ConfUtils.java:logGet(46)) - raft.grpc.message.size.max = 32MB (=33554432) (custom)
2023-12-28 09:10:32,820 [main] INFO  server.RaftServerConfigKeys (ConfUtils.java:logGet(46)) - raft.server.log.appender.buffer.byte-limit = 8388608 (custom)
2023-12-28 09:10:32,820 [main] INFO  server.GrpcService (ConfUtils.java:logGet(46)) - raft.grpc.flow.control.window = 5MB (=5242880) (custom)
2023-12-28 09:10:32,820 [main] INFO  server.RaftServerConfigKeys (ConfUtils.java:logGet(46)) - raft.server.rpc.request.timeout = 3000ms (default)
2023-12-28 09:10:32,820 [main] INFO  grpc.GrpcConfigKeys (ConfUtils.java:logGet(46)) - raft.grpc.server.heartbeat.channel = true (default)
2023-12-28 09:10:32,820 [main] INFO  grpc.GrpcConfigKeys (ConfUtils.java:logGet(46)) - raft.grpc.server.async.request.thread.pool.cached = true (default)
2023-12-28 09:10:32,821 [main] INFO  grpc.GrpcConfigKeys (ConfUtils.java:logGet(46)) - raft.grpc.server.async.request.thread.pool.size = 32 (default)
2023-12-28 09:10:32,822 [main] INFO  impl.DataStreamServerImpl (ConfUtils.java:logGet(46)) - raft.datastream.type = NETTY (custom)
2023-12-28 09:10:32,822 [main] INFO  server.RaftServerConfigKeys (ConfUtils.java:logGet(46)) - raft.server.data-stream.async.request.thread.pool.cached = false (default)
2023-12-28 09:10:32,822 [main] INFO  server.RaftServerConfigKeys (ConfUtils.java:logGet(46)) - raft.server.data-stream.async.request.thread.pool.size = 20 (custom)
2023-12-28 09:10:32,823 [main] INFO  server.RaftServerConfigKeys (ConfUtils.java:logGet(46)) - raft.server.data-stream.async.write.thread.pool.size = 16 (default)
2023-12-28 09:10:32,823 [main] INFO  netty.NettyConfigKeys$DataStream (ConfUtils.java:logGet(46)) - raft.netty.dataStream.server.channel.inactive.grace-period = 10min (default)
2023-12-28 09:10:32,823 [main] INFO  server.RaftServerConfigKeys (ConfUtils.java:logGet(46)) - raft.server.data-stream.client.pool.size = 10 (default)
2023-12-28 09:10:32,823 [main] INFO  netty.NettyConfigKeys$DataStream (ConfUtils.java:logGet(46)) - raft.netty.dataStream.server.use-epoll = true (default)
2023-12-28 09:10:32,823 [main] INFO  netty.NettyConfigKeys$DataStream (ConfUtils.java:logGet(46)) - raft.netty.dataStream.server.boss-group.size = 0 (default)
2023-12-28 09:10:32,823 [main] INFO  netty.NettyUtils (NettyUtils.java:newEventLoopGroup(69)) - Create EpollEventLoopGroup for e5bd5207-4071-4a5b-ab67-86e23051c304-NettyServerStreamRpc-bossGroup; Thread size is 0.
2023-12-28 09:10:32,824 [main] INFO  netty.NettyConfigKeys$DataStream (ConfUtils.java:logGet(46)) - raft.netty.dataStream.server.worker-group.size = 0 (default)
2023-12-28 09:10:32,824 [main] INFO  netty.NettyUtils (NettyUtils.java:newEventLoopGroup(69)) - Create EpollEventLoopGroup for e5bd5207-4071-4a5b-ab67-86e23051c304-NettyServerStreamRpc-workerGroup; Thread size is 0.
2023-12-28 09:10:32,824 [main] INFO  netty.NettyConfigKeys$DataStream (ConfUtils.java:logGet(46)) - raft.netty.dataStream.server.tls.conf = null (default)
2023-12-28 09:10:32,824 [main] INFO  netty.NettyConfigKeys$DataStream (ConfUtils.java:logGet(46)) - raft.netty.dataStream.host = null (default)
2023-12-28 09:10:32,824 [main] INFO  netty.NettyConfigKeys$DataStream (ConfUtils.java:logGet(46)) - raft.netty.dataStream.port = 15514 (custom)
2023-12-28 09:10:32,824 [main] INFO  server.RaftServerConfigKeys (ConfUtils.java:logGet(46)) - raft.server.sleep.deviation.threshold = 300ms (default)
2023-12-28 09:10:32,825 [e5bd5207-4071-4a5b-ab67-86e23051c304-NettyServerStreamRpc-bossGroup--thread1] INFO  logging.LoggingHandler (AbstractInternalLogger.java:log(148)) - [id: 0x675835f7] REGISTERED
2023-12-28 09:10:32,825 [main] INFO  server.RaftServerConfigKeys (ConfUtils.java:logGet(46)) - raft.server.close.threshold = 60s (default)
2023-12-28 09:10:32,825 [e5bd5207-4071-4a5b-ab67-86e23051c304-NettyServerStreamRpc-bossGroup--thread1] INFO  logging.LoggingHandler (AbstractInternalLogger.java:log(148)) - [id: 0x675835f7] BIND: 0.0.0.0/0.0.0.0:15514
2023-12-28 09:10:32,825 [main] INFO  server.RaftServerConfigKeys (ConfUtils.java:logGet(46)) - raft.server.leaderelection.leader.step-down.wait-time = 10s (default)
2023-12-28 09:10:32,825 [e5bd5207-4071-4a5b-ab67-86e23051c304-NettyServerStreamRpc-bossGroup--thread1] INFO  logging.LoggingHandler (AbstractInternalLogger.java:log(148)) - [id: 0x675835f7, L:/0.0.0.0:15514] ACTIVE
2023-12-28 09:10:32,825 [main] INFO  server.RaftServerConfigKeys (ConfUtils.java:logGet(46)) - raft.server.storage.dir = [/home/runner/work/ozone/ozone/hadoop-ozone/integration-test/target/test-dir/MiniOzoneClusterImpl-11b76480-f5fe-46c6-962b-c791e86a534f/datanode-6/data/ratis] (custom)
2023-12-28 09:10:32,825 [main] INFO  server.RaftServerConfigKeys (ConfUtils.java:logGet(46)) - raft.server.threadpool.proxy.cached = true (default)
2023-12-28 09:10:32,825 [main] INFO  server.RaftServerConfigKeys (ConfUtils.java:logGet(46)) - raft.server.threadpool.proxy.size = 0 (default)
2023-12-28 09:10:32,826 [e5bd5207-4071-4a5b-ab67-86e23051c304-impl-thread1] INFO  server.RaftServer (RaftServerProxy.java:initGroupDir(264)) - e5bd5207-4071-4a5b-ab67-86e23051c304: found a subdirectory /home/runner/work/ozone/ozone/hadoop-ozone/integration-test/target/test-dir/MiniOzoneClusterImpl-11b76480-f5fe-46c6-962b-c791e86a534f/datanode-6/data/ratis/tmp
2023-12-28 09:10:32,826 [e5bd5207-4071-4a5b-ab67-86e23051c304-impl-thread1] INFO  server.RaftServer (RaftServerProxy.java:initGroupDir(269)) - e5bd5207-4071-4a5b-ab67-86e23051c304: The directory /home/runner/work/ozone/ozone/hadoop-ozone/integration-test/target/test-dir/MiniOzoneClusterImpl-11b76480-f5fe-46c6-962b-c791e86a534f/datanode-6/data/ratis/tmp is not a group directory; ignoring it. 
2023-12-28 09:10:32,826 [main] INFO  replication.ReplicationServer (ReplicationServer.java:<init>(85)) - Initializing replication server with thread count = 10 queue length = 4096
2023-12-28 09:10:32,827 [main] INFO  server.XceiverServerGrpc (XceiverServerGrpc.java:<init>(141)) - GrpcServer channel type EpollServerSocketChannel
2023-12-28 09:10:32,828 [main] INFO  replication.ReplicationSupervisor (ReplicationSupervisor.java:build(163)) - Initializing replication supervisor with thread count = 10
2023-12-28 09:10:32,828 [main] INFO  replication.ReplicationSupervisor (ReplicationSupervisor.java:nodeStateUpdated(317)) - Node state updated to IN_SERVICE, scaling executor pool size to 10
2023-12-28 09:10:32,829 [main] INFO  http.BaseHttpServer (BaseHttpServer.java:newHttpServer2BuilderForOzone(223)) - Starting Web-server for hddsDatanode at: http://0.0.0.0:15508
2023-12-28 09:10:32,829 [main] INFO  http.BaseHttpServer (BaseHttpServer.java:<init>(110)) - Hadoop Security Enabled: false Ozone Security Enabled: false Ozone HTTP Security Enabled: false 
2023-12-28 09:10:32,830 [main] WARN  server.AuthenticationFilter (AuthenticationFilter.java:constructSecretProvider(240)) - Unable to initialize FileSignerSecretProvider, falling back to use random secrets. Reason: Could not read signature secret file: /home/runner/hadoop-http-auth-signature-secret
2023-12-28 09:10:32,830 [main] INFO  http.HttpRequestLog (HttpRequestLog.java:getRequestLog(86)) - Http request log for http.requests.hddsDatanode is not defined
2023-12-28 09:10:32,831 [main] INFO  http.HttpServer2 (HttpServer2.java:addGlobalFilter(1036)) - Added global filter 'safety' (class=org.apache.hadoop.hdds.server.http.HttpServer2$QuotingInputFilter)
2023-12-28 09:10:32,831 [main] INFO  http.HttpServer2 (HttpServer2.java:addFilter(1012)) - Added filter static_user_filter (class=org.apache.hadoop.http.lib.StaticUserWebFilter$StaticUserFilter) to context hddsDatanode
2023-12-28 09:10:32,831 [main] INFO  http.HttpServer2 (HttpServer2.java:addFilter(1020)) - Added filter static_user_filter (class=org.apache.hadoop.http.lib.StaticUserWebFilter$StaticUserFilter) to context logs
2023-12-28 09:10:32,831 [main] INFO  http.HttpServer2 (HttpServer2.java:addFilter(1020)) - Added filter static_user_filter (class=org.apache.hadoop.http.lib.StaticUserWebFilter$StaticUserFilter) to context static
2023-12-28 09:10:32,831 [main] INFO  http.BaseHttpServer (BaseHttpServer.java:<init>(189)) - HTTP server of hddsDatanode uses base directory /home/runner/work/ozone/ozone/hadoop-ozone/integration-test/target/test-dir/MiniOzoneClusterImpl-11b76480-f5fe-46c6-962b-c791e86a534f/datanode-6/meta/webserver
2023-12-28 09:10:32,832 [main] INFO  http.HttpServer2 (HttpServer2.java:bindListener(1236)) - Jetty bound to port 15508
2023-12-28 09:10:32,832 [main] INFO  server.Server (Server.java:doStart(375)) - jetty-9.4.53.v20231009; built: 2023-10-09T12:29:09.265Z; git: 27bde00a0b95a1d5bbee0eae7984f891d2d0f8c9; jvm 1.8.0_392-b08
2023-12-28 09:10:32,832 [main] INFO  server.session (DefaultSessionIdManager.java:doStart(334)) - DefaultSessionIdManager workerName=node0
2023-12-28 09:10:32,833 [main] INFO  server.session (DefaultSessionIdManager.java:doStart(339)) - No SessionScavenger set, using defaults
2023-12-28 09:10:32,833 [main] INFO  server.session (HouseKeeper.java:startScavenging(132)) - node0 Scavenging every 600000ms
2023-12-28 09:10:32,833 [main] INFO  handler.ContextHandler (ContextHandler.java:doStart(921)) - Started o.e.j.s.ServletContextHandler@5b17ecc7{logs,/logs,file:///home/runner/work/ozone/ozone/hadoop-ozone/integration-test/target/log,AVAILABLE}
2023-12-28 09:10:32,833 [main] INFO  handler.ContextHandler (ContextHandler.java:doStart(921)) - Started o.e.j.s.ServletContextHandler@f1162ed{static,/static,jar:file:/home/runner/.m2/repository/org/apache/ozone/hdds-container-service/1.5.0-SNAPSHOT/hdds-container-service-1.5.0-SNAPSHOT.jar!/webapps/static,AVAILABLE}
2023-12-28 09:10:32,864 [main] INFO  handler.ContextHandler (ContextHandler.java:doStart(921)) - Started o.e.j.w.WebAppContext@10837a3{hddsDatanode,/,file:///home/runner/work/ozone/ozone/hadoop-ozone/integration-test/target/test-dir/MiniOzoneClusterImpl-11b76480-f5fe-46c6-962b-c791e86a534f/datanode-6/meta/webserver/jetty-0_0_0_0-15508-hdds-container-service-1_5_0-SNAPSHOT_jar-_-any-82348993656055092/webapp/,AVAILABLE}{jar:file:/home/runner/.m2/repository/org/apache/ozone/hdds-container-service/1.5.0-SNAPSHOT/hdds-container-service-1.5.0-SNAPSHOT.jar!/webapps/hddsDatanode}
2023-12-28 09:10:32,865 [main] INFO  server.AbstractConnector (AbstractConnector.java:doStart(333)) - Started ServerConnector@67aa8e8c{HTTP/1.1, (http/1.1)}{0.0.0.0:15508}
2023-12-28 09:10:32,865 [main] INFO  server.Server (Server.java:doStart(415)) - Started @177883ms
2023-12-28 09:10:32,865 [main] WARN  impl.MetricsSystemImpl (MetricsSystemImpl.java:register(279)) - Sink prometheus already exists!
2023-12-28 09:10:32,865 [main] INFO  http.BaseHttpServer (BaseHttpServer.java:updateConnectorAddress(354)) - HTTP server of hddsDatanode listening at http://0.0.0.0:15508
2023-12-28 09:10:32,866 [main] INFO  ipc.CallQueueManager (CallQueueManager.java:<init>(90)) - Using callQueue: class java.util.concurrent.LinkedBlockingQueue, queueCapacity: 100, scheduler: class org.apache.hadoop.ipc.DefaultRpcScheduler, ipcBackoff: false.
2023-12-28 09:10:32,866 [main] INFO  ipc.Server (Server.java:<init>(1287)) - Listener at 0.0.0.0:15509
2023-12-28 09:10:32,866 [Socket Reader #1 for port 15509] INFO  ipc.Server (Server.java:run(1323)) - Starting Socket Reader #1 for port 15509
2023-12-28 09:10:32,868 [main] INFO  ozone.HddsDatanodeService (HddsDatanodeService.java:start(324)) - Datanode start with admins: [runner]
2023-12-28 09:10:32,868 [main] INFO  ozone.HddsDatanodeClientProtocolServer (HddsDatanodeClientProtocolServer.java:start(72)) - RPC server for Client /0.0.0.0:15509
2023-12-28 09:10:32,868 [IPC Server Responder] INFO  ipc.Server (Server.java:run(1562)) - IPC Server Responder: starting
2023-12-28 09:10:32,868 [IPC Server listener on 15509] INFO  ipc.Server (Server.java:run(1402)) - IPC Server listener on 15509: starting
2023-12-28 09:10:32,869 [e5bd5207-4071-4a5b-ab67-86e23051c304-DatanodeStateMachineDaemonThread] INFO  statemachine.DatanodeStateMachine (DatanodeStateMachine.java:lambda$startDaemon$1(555)) - Ozone container server started.
2023-12-28 09:10:32,869 [main] WARN  dropwizard3.Dm3MetricRegistriesImpl (Dm3MetricRegistriesImpl.java:addReporterRegistration(113)) - New reporters are added after registries were created. Some metrics will be missing from the reporter. Please add reporter before adding any new registry.
2023-12-28 09:10:32,871 [main] WARN  dropwizard3.Dm3MetricRegistriesImpl (Dm3MetricRegistriesImpl.java:addReporterRegistration(113)) - New reporters are added after registries were created. Some metrics will be missing from the reporter. Please add reporter before adding any new registry.
2023-12-28 09:10:32,871 [main] INFO  impl.MetricsSystemImpl (MetricsSystemImpl.java:init(158)) - HddsDatanode metrics system started (again)
2023-12-28 09:10:32,874 [e5bd5207-4071-4a5b-ab67-86e23051c304-DatanodeStateMachineTaskThread-0] INFO  datanode.InitDatanodeState (InitDatanodeState.java:persistContainerDatanodeDetails(139)) - DatanodeDetails is persisted to /home/runner/work/ozone/ozone/hadoop-ozone/integration-test/target/test-dir/MiniOzoneClusterImpl-11b76480-f5fe-46c6-962b-c791e86a534f/datanode-6/meta/datanode.id
2023-12-28 09:10:32,880 [main] INFO  ozone.HddsDatanodeService (HddsDatanodeService.java:start(239)) - HddsDatanodeService host:fv-az1384-14.e3qrh24bduyexj1tcof5x1etkc.ex.internal.cloudapp.net ip:10.1.0.14
2023-12-28 09:10:32,897 [main] INFO  upgrade.AbstractLayoutVersionManager (AbstractLayoutVersionManager.java:init(83)) - Initializing Layout version manager with metadata layout = HADOOP_PRC_PORTS_IN_DATANODEDETAILS (version = 7), software layout = HADOOP_PRC_PORTS_IN_DATANODEDETAILS (version = 7)
2023-12-28 09:10:32,898 [main] INFO  statemachine.DatanodeStateMachine (DatanodeStateMachine.java:getEndPointTaskThreadPoolSize(299)) - Datanode State Machine Task Thread Pool size 2
2023-12-28 09:10:32,898 [main] ERROR lib.MethodMetric (MethodMetric.java:snapshot(117)) - Error invoking method getCommitted
java.lang.reflect.InvocationTargetException
	at sun.reflect.GeneratedMethodAccessor85.invoke(Unknown Source)
	at sun.reflect.DelegatingMethodAccessorImpl.invoke(DelegatingMethodAccessorImpl.java:43)
	at java.lang.reflect.Method.invoke(Method.java:498)
	at org.apache.hadoop.metrics2.lib.MethodMetric$2.snapshot(MethodMetric.java:111)
	at org.apache.hadoop.metrics2.lib.MethodMetric.snapshot(MethodMetric.java:142)
	at org.apache.hadoop.metrics2.lib.MetricsRegistry.snapshot(MetricsRegistry.java:447)
	at org.apache.hadoop.metrics2.lib.MetricsSourceBuilder$1.getMetrics(MetricsSourceBuilder.java:89)
	at org.apache.hadoop.metrics2.impl.MetricsSourceAdapter.getMetrics(MetricsSourceAdapter.java:200)
	at org.apache.hadoop.metrics2.impl.MetricsSourceAdapter.updateJmxCache(MetricsSourceAdapter.java:183)
	at org.apache.hadoop.metrics2.impl.MetricsSourceAdapter.getMBeanInfo(MetricsSourceAdapter.java:156)
	at com.sun.jmx.interceptor.DefaultMBeanServerInterceptor.getNewMBeanClassName(DefaultMBeanServerInterceptor.java:333)
	at com.sun.jmx.interceptor.DefaultMBeanServerInterceptor.registerMBean(DefaultMBeanServerInterceptor.java:319)
	at com.sun.jmx.mbeanserver.JmxMBeanServer.registerMBean(JmxMBeanServer.java:522)
	at org.apache.hadoop.metrics2.util.MBeans.register(MBeans.java:100)
	at org.apache.hadoop.metrics2.util.MBeans.register(MBeans.java:73)
	at org.apache.hadoop.metrics2.impl.MetricsSourceAdapter.startMBeans(MetricsSourceAdapter.java:222)
	at org.apache.hadoop.metrics2.impl.MetricsSourceAdapter.start(MetricsSourceAdapter.java:101)
	at org.apache.hadoop.metrics2.impl.MetricsSystemImpl.registerSource(MetricsSystemImpl.java:268)
	at org.apache.hadoop.metrics2.impl.MetricsSystemImpl.register(MetricsSystemImpl.java:233)
	at org.apache.hadoop.ozone.container.common.volume.VolumeInfoMetrics.init(VolumeInfoMetrics.java:50)
	at org.apache.hadoop.ozone.container.common.volume.VolumeInfoMetrics.<init>(VolumeInfoMetrics.java:45)
	at org.apache.hadoop.ozone.container.common.volume.HddsVolume.<init>(HddsVolume.java:123)
	at org.apache.hadoop.ozone.container.common.volume.HddsVolume.<init>(HddsVolume.java:71)
	at org.apache.hadoop.ozone.container.common.volume.HddsVolume$Builder.build(HddsVolume.java:111)
	at org.apache.hadoop.ozone.container.common.volume.HddsVolumeFactory.createVolume(HddsVolumeFactory.java:48)
	at org.apache.hadoop.ozone.container.common.volume.MutableVolumeSet.initializeVolumeSet(MutableVolumeSet.java:170)
	at org.apache.hadoop.ozone.container.common.volume.MutableVolumeSet.<init>(MutableVolumeSet.java:132)
	at org.apache.hadoop.ozone.container.common.volume.MutableVolumeSet.<init>(MutableVolumeSet.java:96)
	at org.apache.hadoop.ozone.container.ozoneimpl.OzoneContainer.<init>(OzoneContainer.java:149)
	at org.apache.hadoop.ozone.container.common.statemachine.DatanodeStateMachine.<init>(DatanodeStateMachine.java:186)
	at org.apache.hadoop.ozone.HddsDatanodeService.start(HddsDatanodeService.java:296)
	at org.apache.hadoop.ozone.MiniOzoneClusterImpl.startHddsDatanode(MiniOzoneClusterImpl.java:489)
	at java.util.ArrayList.forEach(ArrayList.java:1259)
	at org.apache.hadoop.ozone.MiniOzoneClusterImpl.startHddsDatanodes(MiniOzoneClusterImpl.java:497)
	at org.apache.hadoop.ozone.MiniOzoneClusterImpl$Builder.build(MiniOzoneClusterImpl.java:627)
	at org.apache.hadoop.ozone.client.rpc.TestWatchForCommit.init(TestWatchForCommit.java:149)
	at sun.reflect.NativeMethodAccessorImpl.invoke0(Native Method)
	at sun.reflect.NativeMethodAccessorImpl.invoke(NativeMethodAccessorImpl.java:62)
	at sun.reflect.DelegatingMethodAccessorImpl.invoke(DelegatingMethodAccessorImpl.java:43)
	at java.lang.reflect.Method.invoke(Method.java:498)
	at org.junit.platform.commons.util.ReflectionUtils.invokeMethod(ReflectionUtils.java:728)
	at org.junit.jupiter.engine.execution.MethodInvocation.proceed(MethodInvocation.java:60)
	at org.junit.jupiter.engine.execution.InvocationInterceptorChain$ValidatingInvocation.proceed(InvocationInterceptorChain.java:131)
	at org.junit.jupiter.engine.extension.TimeoutExtension.intercept(TimeoutExtension.java:156)
	at org.junit.jupiter.engine.extension.TimeoutExtension.interceptLifecycleMethod(TimeoutExtension.java:128)
	at org.junit.jupiter.engine.extension.TimeoutExtension.interceptBeforeEachMethod(TimeoutExtension.java:78)
	at org.junit.jupiter.engine.execution.InterceptingExecutableInvoker$ReflectiveInterceptorCall.lambda$ofVoidMethod$0(InterceptingExecutableInvoker.java:103)
	at org.junit.jupiter.engine.execution.InterceptingExecutableInvoker.lambda$invoke$0(InterceptingExecutableInvoker.java:93)
	at org.junit.jupiter.engine.execution.InvocationInterceptorChain$InterceptedInvocation.proceed(InvocationInterceptorChain.java:106)
	at org.junit.jupiter.engine.execution.InvocationInterceptorChain.proceed(InvocationInterceptorChain.java:64)
	at org.junit.jupiter.engine.execution.InvocationInterceptorChain.chainAndInvoke(InvocationInterceptorChain.java:45)
	at org.junit.jupiter.engine.execution.InvocationInterceptorChain.invoke(InvocationInterceptorChain.java:37)
	at org.junit.jupiter.engine.execution.InterceptingExecutableInvoker.invoke(InterceptingExecutableInvoker.java:92)
	at org.junit.jupiter.engine.execution.InterceptingExecutableInvoker.invoke(InterceptingExecutableInvoker.java:86)
	at org.junit.jupiter.engine.descriptor.ClassBasedTestDescriptor.invokeMethodInExtensionContext(ClassBasedTestDescriptor.java:521)
	at org.junit.jupiter.engine.descriptor.ClassBasedTestDescriptor.lambda$synthesizeBeforeEachMethodAdapter$23(ClassBasedTestDescriptor.java:506)
	at org.junit.jupiter.engine.descriptor.TestMethodTestDescriptor.lambda$invokeBeforeEachMethods$3(TestMethodTestDescriptor.java:175)
	at org.junit.jupiter.engine.descriptor.TestMethodTestDescriptor.lambda$invokeBeforeMethodsOrCallbacksUntilExceptionOccurs$6(TestMethodTestDescriptor.java:203)
	at org.junit.platform.engine.support.hierarchical.ThrowableCollector.execute(ThrowableCollector.java:73)
	at org.junit.jupiter.engine.descriptor.TestMethodTestDescriptor.invokeBeforeMethodsOrCallbacksUntilExceptionOccurs(TestMethodTestDescriptor.java:203)
	at org.junit.jupiter.engine.descriptor.TestMethodTestDescriptor.invokeBeforeEachMethods(TestMethodTestDescriptor.java:172)
	at org.junit.jupiter.engine.descriptor.TestMethodTestDescriptor.execute(TestMethodTestDescriptor.java:135)
	at org.junit.jupiter.engine.descriptor.TestMethodTestDescriptor.execute(TestMethodTestDescriptor.java:69)
	at org.junit.platform.engine.support.hierarchical.NodeTestTask.lambda$executeRecursively$6(NodeTestTask.java:151)
	at org.junit.platform.engine.support.hierarchical.ThrowableCollector.execute(ThrowableCollector.java:73)
	at org.junit.platform.engine.support.hierarchical.NodeTestTask.lambda$executeRecursively$8(NodeTestTask.java:141)
	at org.junit.platform.engine.support.hierarchical.Node.around(Node.java:137)
	at org.junit.platform.engine.support.hierarchical.NodeTestTask.lambda$executeRecursively$9(NodeTestTask.java:139)
	at org.junit.platform.engine.support.hierarchical.ThrowableCollector.execute(ThrowableCollector.java:73)
	at org.junit.platform.engine.support.hierarchical.NodeTestTask.executeRecursively(NodeTestTask.java:138)
	at org.junit.platform.engine.support.hierarchical.NodeTestTask.execute(NodeTestTask.java:95)
	at java.util.ArrayList.forEach(ArrayList.java:1259)
	at org.junit.platform.engine.support.hierarchical.SameThreadHierarchicalTestExecutorService.invokeAll(SameThreadHierarchicalTestExecutorService.java:41)
	at org.junit.platform.engine.support.hierarchical.NodeTestTask.lambda$executeRecursively$6(NodeTestTask.java:155)
	at org.junit.platform.engine.support.hierarchical.ThrowableCollector.execute(ThrowableCollector.java:73)
	at org.junit.platform.engine.support.hierarchical.NodeTestTask.lambda$executeRecursively$8(NodeTestTask.java:141)
	at org.junit.platform.engine.support.hierarchical.Node.around(Node.java:137)
	at org.junit.platform.engine.support.hierarchical.NodeTestTask.lambda$executeRecursively$9(NodeTestTask.java:139)
	at org.junit.platform.engine.support.hierarchical.ThrowableCollector.execute(ThrowableCollector.java:73)
	at org.junit.platform.engine.support.hierarchical.NodeTestTask.executeRecursively(NodeTestTask.java:138)
	at org.junit.platform.engine.support.hierarchical.NodeTestTask.execute(NodeTestTask.java:95)
	at java.util.ArrayList.forEach(ArrayList.java:1259)
	at org.junit.platform.engine.support.hierarchical.SameThreadHierarchicalTestExecutorService.invokeAll(SameThreadHierarchicalTestExecutorService.java:41)
	at org.junit.platform.engine.support.hierarchical.NodeTestTask.lambda$executeRecursively$6(NodeTestTask.java:155)
	at org.junit.platform.engine.support.hierarchical.ThrowableCollector.execute(ThrowableCollector.java:73)
	at org.junit.platform.engine.support.hierarchical.NodeTestTask.lambda$executeRecursively$8(NodeTestTask.java:141)
	at org.junit.platform.engine.support.hierarchical.Node.around(Node.java:137)
	at org.junit.platform.engine.support.hierarchical.NodeTestTask.lambda$executeRecursively$9(NodeTestTask.java:139)
	at org.junit.platform.engine.support.hierarchical.ThrowableCollector.execute(ThrowableCollector.java:73)
	at org.junit.platform.engine.support.hierarchical.NodeTestTask.executeRecursively(NodeTestTask.java:138)
	at org.junit.platform.engine.support.hierarchical.NodeTestTask.execute(NodeTestTask.java:95)
	at org.junit.platform.engine.support.hierarchical.SameThreadHierarchicalTestExecutorService.submit(SameThreadHierarchicalTestExecutorService.java:35)
	at org.junit.platform.engine.support.hierarchical.HierarchicalTestExecutor.execute(HierarchicalTestExecutor.java:57)
	at org.junit.platform.engine.support.hierarchical.HierarchicalTestEngine.execute(HierarchicalTestEngine.java:54)
	at org.junit.platform.launcher.core.EngineExecutionOrchestrator.execute(EngineExecutionOrchestrator.java:198)
	at org.junit.platform.launcher.core.EngineExecutionOrchestrator.execute(EngineExecutionOrchestrator.java:169)
	at org.junit.platform.launcher.core.EngineExecutionOrchestrator.execute(EngineExecutionOrchestrator.java:93)
	at org.junit.platform.launcher.core.EngineExecutionOrchestrator.lambda$execute$0(EngineExecutionOrchestrator.java:58)
	at org.junit.platform.launcher.core.EngineExecutionOrchestrator.withInterceptedStreams(EngineExecutionOrchestrator.java:141)
	at org.junit.platform.launcher.core.EngineExecutionOrchestrator.execute(EngineExecutionOrchestrator.java:57)
	at org.junit.platform.launcher.core.DefaultLauncher.execute(DefaultLauncher.java:103)
	at org.junit.platform.launcher.core.DefaultLauncher.execute(DefaultLauncher.java:85)
	at org.junit.platform.launcher.core.DelegatingLauncher.execute(DelegatingLauncher.java:47)
	at org.apache.maven.surefire.junitplatform.LazyLauncher.execute(LazyLauncher.java:56)
	at org.apache.maven.surefire.junitplatform.JUnitPlatformProvider.invokeAllTests(JUnitPlatformProvider.java:162)
	at org.apache.maven.surefire.junitplatform.JUnitPlatformProvider.invoke(JUnitPlatformProvider.java:120)
	at org.apache.maven.surefire.booter.ForkedBooter.runSuitesInProcess(ForkedBooter.java:385)
	at org.apache.maven.surefire.booter.ForkedBooter.execute(ForkedBooter.java:162)
	at org.apache.maven.surefire.booter.ForkedBooter.run(ForkedBooter.java:507)
	at org.apache.maven.surefire.booter.ForkedBooter.main(ForkedBooter.java:495)
Caused by: java.lang.NullPointerException
	at org.apache.hadoop.ozone.container.common.volume.HddsVolume.getCommittedBytes(HddsVolume.java:303)
	at org.apache.hadoop.ozone.container.common.volume.VolumeInfoMetrics.getCommitted(VolumeInfoMetrics.java:147)
	... 110 more
2023-12-28 09:10:32,899 [main] INFO  volume.HddsVolume (HddsVolume.java:<init>(126)) - Creating HddsVolume: /home/runner/work/ozone/ozone/hadoop-ozone/integration-test/target/test-dir/MiniOzoneClusterImpl-11b76480-f5fe-46c6-962b-c791e86a534f/datanode-7/data-0/containers/hdds of storage type : DISK capacity : 9223372036854775807
2023-12-28 09:10:32,899 [main] INFO  volume.MutableVolumeSet (MutableVolumeSet.java:initializeVolumeSet(173)) - Added Volume : /home/runner/work/ozone/ozone/hadoop-ozone/integration-test/target/test-dir/MiniOzoneClusterImpl-11b76480-f5fe-46c6-962b-c791e86a534f/datanode-7/data-0/containers/hdds to VolumeSet
2023-12-28 09:10:32,900 [main] INFO  volume.MutableVolumeSet (MutableVolumeSet.java:initializeVolumeSet(173)) - Added Volume : /home/runner/work/ozone/ozone/hadoop-ozone/integration-test/target/test-dir/MiniOzoneClusterImpl-11b76480-f5fe-46c6-962b-c791e86a534f/datanode-7/data/ratis to VolumeSet
2023-12-28 09:10:32,900 [main] INFO  ozoneimpl.OzoneContainer (HddsVolumeUtil.java:loadAllHddsVolumeDbStore(103)) - Load 1 volumes DbStore cost: 0ms
2023-12-28 09:10:32,900 [a0932215-df16-440c-a3f0-f0918056a56b-ContainerReader-0] INFO  ozoneimpl.ContainerReader (ContainerReader.java:readVolume(178)) - Finish verifying containers on volume /home/runner/work/ozone/ozone/hadoop-ozone/integration-test/target/test-dir/MiniOzoneClusterImpl-11b76480-f5fe-46c6-962b-c791e86a534f/datanode-7/data-0/containers/hdds
2023-12-28 09:10:32,900 [main] INFO  ozoneimpl.OzoneContainer (OzoneContainer.java:buildContainerSet(326)) - Build ContainerSet costs 0s
2023-12-28 09:10:32,901 [main] INFO  server.RaftServer (ConfUtils.java:logGet(46)) - raft.rpc.type = GRPC (default)
2023-12-28 09:10:32,902 [main] INFO  grpc.GrpcConfigKeys (ConfUtils.java:logFallback(53)) - raft.grpc.admin.host = null (fallback to raft.grpc.server.host)
2023-12-28 09:10:32,902 [main] INFO  grpc.GrpcConfigKeys (ConfUtils.java:logGet(46)) - raft.grpc.admin.port = 15521 (custom)
2023-12-28 09:10:32,902 [main] INFO  grpc.GrpcConfigKeys (ConfUtils.java:logFallback(53)) - raft.grpc.client.host = null (fallback to raft.grpc.server.host)
2023-12-28 09:10:32,902 [main] INFO  grpc.GrpcConfigKeys (ConfUtils.java:logGet(46)) - raft.grpc.client.port = 15520 (custom)
2023-12-28 09:10:32,902 [main] INFO  grpc.GrpcConfigKeys (ConfUtils.java:logGet(46)) - raft.grpc.server.host = null (default)
2023-12-28 09:10:32,902 [main] INFO  grpc.GrpcConfigKeys (ConfUtils.java:logGet(46)) - raft.grpc.server.port = 15522 (custom)
2023-12-28 09:10:32,902 [main] INFO  server.GrpcService (ConfUtils.java:logGet(46)) - raft.grpc.message.size.max = 32MB (=33554432) (custom)
2023-12-28 09:10:32,902 [main] INFO  server.RaftServerConfigKeys (ConfUtils.java:logGet(46)) - raft.server.log.appender.buffer.byte-limit = 8388608 (custom)
2023-12-28 09:10:32,902 [main] INFO  server.GrpcService (ConfUtils.java:logGet(46)) - raft.grpc.flow.control.window = 5MB (=5242880) (custom)
2023-12-28 09:10:32,903 [main] INFO  server.RaftServerConfigKeys (ConfUtils.java:logGet(46)) - raft.server.rpc.request.timeout = 3000ms (default)
2023-12-28 09:10:32,903 [main] INFO  grpc.GrpcConfigKeys (ConfUtils.java:logGet(46)) - raft.grpc.server.heartbeat.channel = true (default)
2023-12-28 09:10:32,903 [main] INFO  grpc.GrpcConfigKeys (ConfUtils.java:logGet(46)) - raft.grpc.server.async.request.thread.pool.cached = true (default)
2023-12-28 09:10:32,903 [main] INFO  grpc.GrpcConfigKeys (ConfUtils.java:logGet(46)) - raft.grpc.server.async.request.thread.pool.size = 32 (default)
2023-12-28 09:10:32,905 [main] INFO  impl.DataStreamServerImpl (ConfUtils.java:logGet(46)) - raft.datastream.type = NETTY (custom)
2023-12-28 09:10:32,906 [main] INFO  server.RaftServerConfigKeys (ConfUtils.java:logGet(46)) - raft.server.data-stream.async.request.thread.pool.cached = false (default)
2023-12-28 09:10:32,906 [main] INFO  server.RaftServerConfigKeys (ConfUtils.java:logGet(46)) - raft.server.data-stream.async.request.thread.pool.size = 20 (custom)
2023-12-28 09:10:32,906 [main] INFO  server.RaftServerConfigKeys (ConfUtils.java:logGet(46)) - raft.server.data-stream.async.write.thread.pool.size = 16 (default)
2023-12-28 09:10:32,906 [main] INFO  netty.NettyConfigKeys$DataStream (ConfUtils.java:logGet(46)) - raft.netty.dataStream.server.channel.inactive.grace-period = 10min (default)
2023-12-28 09:10:32,906 [main] INFO  server.RaftServerConfigKeys (ConfUtils.java:logGet(46)) - raft.server.data-stream.client.pool.size = 10 (default)
2023-12-28 09:10:32,906 [main] INFO  netty.NettyConfigKeys$DataStream (ConfUtils.java:logGet(46)) - raft.netty.dataStream.server.use-epoll = true (default)
2023-12-28 09:10:32,907 [main] INFO  netty.NettyConfigKeys$DataStream (ConfUtils.java:logGet(46)) - raft.netty.dataStream.server.boss-group.size = 0 (default)
2023-12-28 09:10:32,907 [main] INFO  netty.NettyUtils (NettyUtils.java:newEventLoopGroup(69)) - Create EpollEventLoopGroup for a0932215-df16-440c-a3f0-f0918056a56b-NettyServerStreamRpc-bossGroup; Thread size is 0.
2023-12-28 09:10:32,907 [main] INFO  netty.NettyConfigKeys$DataStream (ConfUtils.java:logGet(46)) - raft.netty.dataStream.server.worker-group.size = 0 (default)
2023-12-28 09:10:32,907 [main] INFO  netty.NettyUtils (NettyUtils.java:newEventLoopGroup(69)) - Create EpollEventLoopGroup for a0932215-df16-440c-a3f0-f0918056a56b-NettyServerStreamRpc-workerGroup; Thread size is 0.
2023-12-28 09:10:32,908 [main] INFO  netty.NettyConfigKeys$DataStream (ConfUtils.java:logGet(46)) - raft.netty.dataStream.server.tls.conf = null (default)
2023-12-28 09:10:32,908 [main] INFO  netty.NettyConfigKeys$DataStream (ConfUtils.java:logGet(46)) - raft.netty.dataStream.host = null (default)
2023-12-28 09:10:32,908 [main] INFO  netty.NettyConfigKeys$DataStream (ConfUtils.java:logGet(46)) - raft.netty.dataStream.port = 15523 (custom)
2023-12-28 09:10:32,908 [main] INFO  server.RaftServerConfigKeys (ConfUtils.java:logGet(46)) - raft.server.sleep.deviation.threshold = 300ms (default)
2023-12-28 09:10:32,908 [a0932215-df16-440c-a3f0-f0918056a56b-NettyServerStreamRpc-bossGroup--thread1] INFO  logging.LoggingHandler (AbstractInternalLogger.java:log(148)) - [id: 0xd1cb5082] REGISTERED
2023-12-28 09:10:32,908 [main] INFO  server.RaftServerConfigKeys (ConfUtils.java:logGet(46)) - raft.server.close.threshold = 60s (default)
2023-12-28 09:10:32,909 [a0932215-df16-440c-a3f0-f0918056a56b-NettyServerStreamRpc-bossGroup--thread1] INFO  logging.LoggingHandler (AbstractInternalLogger.java:log(148)) - [id: 0xd1cb5082] BIND: 0.0.0.0/0.0.0.0:15523
2023-12-28 09:10:32,909 [a0932215-df16-440c-a3f0-f0918056a56b-NettyServerStreamRpc-bossGroup--thread1] INFO  logging.LoggingHandler (AbstractInternalLogger.java:log(148)) - [id: 0xd1cb5082, L:/0.0.0.0:15523] ACTIVE
2023-12-28 09:10:32,909 [main] INFO  server.RaftServerConfigKeys (ConfUtils.java:logGet(46)) - raft.server.leaderelection.leader.step-down.wait-time = 10s (default)
2023-12-28 09:10:32,909 [main] INFO  server.RaftServerConfigKeys (ConfUtils.java:logGet(46)) - raft.server.storage.dir = [/home/runner/work/ozone/ozone/hadoop-ozone/integration-test/target/test-dir/MiniOzoneClusterImpl-11b76480-f5fe-46c6-962b-c791e86a534f/datanode-7/data/ratis] (custom)
2023-12-28 09:10:32,909 [main] INFO  server.RaftServerConfigKeys (ConfUtils.java:logGet(46)) - raft.server.threadpool.proxy.cached = true (default)
2023-12-28 09:10:32,910 [main] INFO  server.RaftServerConfigKeys (ConfUtils.java:logGet(46)) - raft.server.threadpool.proxy.size = 0 (default)
2023-12-28 09:10:32,910 [a0932215-df16-440c-a3f0-f0918056a56b-impl-thread1] INFO  server.RaftServer (RaftServerProxy.java:initGroupDir(264)) - a0932215-df16-440c-a3f0-f0918056a56b: found a subdirectory /home/runner/work/ozone/ozone/hadoop-ozone/integration-test/target/test-dir/MiniOzoneClusterImpl-11b76480-f5fe-46c6-962b-c791e86a534f/datanode-7/data/ratis/tmp
2023-12-28 09:10:32,910 [a0932215-df16-440c-a3f0-f0918056a56b-impl-thread1] INFO  server.RaftServer (RaftServerProxy.java:initGroupDir(269)) - a0932215-df16-440c-a3f0-f0918056a56b: The directory /home/runner/work/ozone/ozone/hadoop-ozone/integration-test/target/test-dir/MiniOzoneClusterImpl-11b76480-f5fe-46c6-962b-c791e86a534f/datanode-7/data/ratis/tmp is not a group directory; ignoring it. 
2023-12-28 09:10:32,910 [main] INFO  replication.ReplicationServer (ReplicationServer.java:<init>(85)) - Initializing replication server with thread count = 10 queue length = 4096
2023-12-28 09:10:32,911 [main] INFO  server.XceiverServerGrpc (XceiverServerGrpc.java:<init>(141)) - GrpcServer channel type EpollServerSocketChannel
2023-12-28 09:10:32,911 [main] INFO  replication.ReplicationSupervisor (ReplicationSupervisor.java:build(163)) - Initializing replication supervisor with thread count = 10
2023-12-28 09:10:32,912 [main] INFO  replication.ReplicationSupervisor (ReplicationSupervisor.java:nodeStateUpdated(317)) - Node state updated to IN_SERVICE, scaling executor pool size to 10
2023-12-28 09:10:32,913 [main] INFO  http.BaseHttpServer (BaseHttpServer.java:newHttpServer2BuilderForOzone(223)) - Starting Web-server for hddsDatanode at: http://0.0.0.0:15517
2023-12-28 09:10:32,913 [main] INFO  http.BaseHttpServer (BaseHttpServer.java:<init>(110)) - Hadoop Security Enabled: false Ozone Security Enabled: false Ozone HTTP Security Enabled: false 
2023-12-28 09:10:32,913 [main] WARN  server.AuthenticationFilter (AuthenticationFilter.java:constructSecretProvider(240)) - Unable to initialize FileSignerSecretProvider, falling back to use random secrets. Reason: Could not read signature secret file: /home/runner/hadoop-http-auth-signature-secret
2023-12-28 09:10:32,914 [main] INFO  http.HttpRequestLog (HttpRequestLog.java:getRequestLog(86)) - Http request log for http.requests.hddsDatanode is not defined
2023-12-28 09:10:32,914 [main] INFO  http.HttpServer2 (HttpServer2.java:addGlobalFilter(1036)) - Added global filter 'safety' (class=org.apache.hadoop.hdds.server.http.HttpServer2$QuotingInputFilter)
2023-12-28 09:10:32,914 [main] INFO  http.HttpServer2 (HttpServer2.java:addFilter(1012)) - Added filter static_user_filter (class=org.apache.hadoop.http.lib.StaticUserWebFilter$StaticUserFilter) to context hddsDatanode
2023-12-28 09:10:32,915 [main] INFO  http.HttpServer2 (HttpServer2.java:addFilter(1020)) - Added filter static_user_filter (class=org.apache.hadoop.http.lib.StaticUserWebFilter$StaticUserFilter) to context static
2023-12-28 09:10:32,915 [main] INFO  http.HttpServer2 (HttpServer2.java:addFilter(1020)) - Added filter static_user_filter (class=org.apache.hadoop.http.lib.StaticUserWebFilter$StaticUserFilter) to context logs
2023-12-28 09:10:32,915 [main] INFO  http.BaseHttpServer (BaseHttpServer.java:<init>(189)) - HTTP server of hddsDatanode uses base directory /home/runner/work/ozone/ozone/hadoop-ozone/integration-test/target/test-dir/MiniOzoneClusterImpl-11b76480-f5fe-46c6-962b-c791e86a534f/datanode-7/meta/webserver
2023-12-28 09:10:32,915 [main] INFO  http.HttpServer2 (HttpServer2.java:bindListener(1236)) - Jetty bound to port 15517
2023-12-28 09:10:32,915 [main] INFO  server.Server (Server.java:doStart(375)) - jetty-9.4.53.v20231009; built: 2023-10-09T12:29:09.265Z; git: 27bde00a0b95a1d5bbee0eae7984f891d2d0f8c9; jvm 1.8.0_392-b08
2023-12-28 09:10:32,916 [main] INFO  server.session (DefaultSessionIdManager.java:doStart(334)) - DefaultSessionIdManager workerName=node0
2023-12-28 09:10:32,916 [main] INFO  server.session (DefaultSessionIdManager.java:doStart(339)) - No SessionScavenger set, using defaults
2023-12-28 09:10:32,916 [main] INFO  server.session (HouseKeeper.java:startScavenging(132)) - node0 Scavenging every 660000ms
2023-12-28 09:10:32,917 [main] INFO  handler.ContextHandler (ContextHandler.java:doStart(921)) - Started o.e.j.s.ServletContextHandler@5cb9f193{logs,/logs,file:///home/runner/work/ozone/ozone/hadoop-ozone/integration-test/target/log,AVAILABLE}
2023-12-28 09:10:32,917 [main] INFO  handler.ContextHandler (ContextHandler.java:doStart(921)) - Started o.e.j.s.ServletContextHandler@a0374ab{static,/static,jar:file:/home/runner/.m2/repository/org/apache/ozone/hdds-container-service/1.5.0-SNAPSHOT/hdds-container-service-1.5.0-SNAPSHOT.jar!/webapps/static,AVAILABLE}
2023-12-28 09:10:32,947 [main] INFO  handler.ContextHandler (ContextHandler.java:doStart(921)) - Started o.e.j.w.WebAppContext@4368104b{hddsDatanode,/,file:///home/runner/work/ozone/ozone/hadoop-ozone/integration-test/target/test-dir/MiniOzoneClusterImpl-11b76480-f5fe-46c6-962b-c791e86a534f/datanode-7/meta/webserver/jetty-0_0_0_0-15517-hdds-container-service-1_5_0-SNAPSHOT_jar-_-any-7381186845339243832/webapp/,AVAILABLE}{jar:file:/home/runner/.m2/repository/org/apache/ozone/hdds-container-service/1.5.0-SNAPSHOT/hdds-container-service-1.5.0-SNAPSHOT.jar!/webapps/hddsDatanode}
2023-12-28 09:10:32,948 [main] INFO  server.AbstractConnector (AbstractConnector.java:doStart(333)) - Started ServerConnector@19a5d308{HTTP/1.1, (http/1.1)}{0.0.0.0:15517}
2023-12-28 09:10:32,948 [main] INFO  server.Server (Server.java:doStart(415)) - Started @177966ms
2023-12-28 09:10:32,948 [main] WARN  impl.MetricsSystemImpl (MetricsSystemImpl.java:register(279)) - Sink prometheus already exists!
2023-12-28 09:10:32,948 [main] INFO  http.BaseHttpServer (BaseHttpServer.java:updateConnectorAddress(354)) - HTTP server of hddsDatanode listening at http://0.0.0.0:15517
2023-12-28 09:10:32,948 [main] INFO  ipc.CallQueueManager (CallQueueManager.java:<init>(90)) - Using callQueue: class java.util.concurrent.LinkedBlockingQueue, queueCapacity: 100, scheduler: class org.apache.hadoop.ipc.DefaultRpcScheduler, ipcBackoff: false.
2023-12-28 09:10:32,949 [main] INFO  ipc.Server (Server.java:<init>(1287)) - Listener at 0.0.0.0:15518
2023-12-28 09:10:32,949 [Socket Reader #1 for port 15518] INFO  ipc.Server (Server.java:run(1323)) - Starting Socket Reader #1 for port 15518
2023-12-28 09:10:32,951 [main] INFO  ozone.HddsDatanodeService (HddsDatanodeService.java:start(324)) - Datanode start with admins: [runner]
2023-12-28 09:10:32,951 [main] INFO  ozone.HddsDatanodeClientProtocolServer (HddsDatanodeClientProtocolServer.java:start(72)) - RPC server for Client /0.0.0.0:15518
2023-12-28 09:10:32,952 [IPC Server Responder] INFO  ipc.Server (Server.java:run(1562)) - IPC Server Responder: starting
2023-12-28 09:10:32,952 [IPC Server listener on 15518] INFO  ipc.Server (Server.java:run(1402)) - IPC Server listener on 15518: starting
2023-12-28 09:10:32,956 [a0932215-df16-440c-a3f0-f0918056a56b-DatanodeStateMachineDaemonThread] INFO  statemachine.DatanodeStateMachine (DatanodeStateMachine.java:lambda$startDaemon$1(555)) - Ozone container server started.
2023-12-28 09:10:32,956 [main] WARN  dropwizard3.Dm3MetricRegistriesImpl (Dm3MetricRegistriesImpl.java:addReporterRegistration(113)) - New reporters are added after registries were created. Some metrics will be missing from the reporter. Please add reporter before adding any new registry.
2023-12-28 09:10:32,957 [main] WARN  dropwizard3.Dm3MetricRegistriesImpl (Dm3MetricRegistriesImpl.java:addReporterRegistration(113)) - New reporters are added after registries were created. Some metrics will be missing from the reporter. Please add reporter before adding any new registry.
2023-12-28 09:10:32,957 [main] INFO  impl.MetricsSystemImpl (MetricsSystemImpl.java:init(158)) - HddsDatanode metrics system started (again)
2023-12-28 09:10:32,959 [a0932215-df16-440c-a3f0-f0918056a56b-DatanodeStateMachineTaskThread-0] INFO  datanode.InitDatanodeState (InitDatanodeState.java:persistContainerDatanodeDetails(139)) - DatanodeDetails is persisted to /home/runner/work/ozone/ozone/hadoop-ozone/integration-test/target/test-dir/MiniOzoneClusterImpl-11b76480-f5fe-46c6-962b-c791e86a534f/datanode-7/meta/datanode.id
2023-12-28 09:10:32,965 [main] INFO  ozone.HddsDatanodeService (HddsDatanodeService.java:start(239)) - HddsDatanodeService host:fv-az1384-14.e3qrh24bduyexj1tcof5x1etkc.ex.internal.cloudapp.net ip:10.1.0.14
2023-12-28 09:10:32,980 [main] INFO  upgrade.AbstractLayoutVersionManager (AbstractLayoutVersionManager.java:init(83)) - Initializing Layout version manager with metadata layout = HADOOP_PRC_PORTS_IN_DATANODEDETAILS (version = 7), software layout = HADOOP_PRC_PORTS_IN_DATANODEDETAILS (version = 7)
2023-12-28 09:10:32,981 [main] INFO  statemachine.DatanodeStateMachine (DatanodeStateMachine.java:getEndPointTaskThreadPoolSize(299)) - Datanode State Machine Task Thread Pool size 2
2023-12-28 09:10:32,981 [main] ERROR lib.MethodMetric (MethodMetric.java:snapshot(117)) - Error invoking method getCommitted
java.lang.reflect.InvocationTargetException
	at sun.reflect.GeneratedMethodAccessor85.invoke(Unknown Source)
	at sun.reflect.DelegatingMethodAccessorImpl.invoke(DelegatingMethodAccessorImpl.java:43)
	at java.lang.reflect.Method.invoke(Method.java:498)
	at org.apache.hadoop.metrics2.lib.MethodMetric$2.snapshot(MethodMetric.java:111)
	at org.apache.hadoop.metrics2.lib.MethodMetric.snapshot(MethodMetric.java:142)
	at org.apache.hadoop.metrics2.lib.MetricsRegistry.snapshot(MetricsRegistry.java:447)
	at org.apache.hadoop.metrics2.lib.MetricsSourceBuilder$1.getMetrics(MetricsSourceBuilder.java:89)
	at org.apache.hadoop.metrics2.impl.MetricsSourceAdapter.getMetrics(MetricsSourceAdapter.java:200)
	at org.apache.hadoop.metrics2.impl.MetricsSourceAdapter.updateJmxCache(MetricsSourceAdapter.java:183)
	at org.apache.hadoop.metrics2.impl.MetricsSourceAdapter.getMBeanInfo(MetricsSourceAdapter.java:156)
	at com.sun.jmx.interceptor.DefaultMBeanServerInterceptor.getNewMBeanClassName(DefaultMBeanServerInterceptor.java:333)
	at com.sun.jmx.interceptor.DefaultMBeanServerInterceptor.registerMBean(DefaultMBeanServerInterceptor.java:319)
	at com.sun.jmx.mbeanserver.JmxMBeanServer.registerMBean(JmxMBeanServer.java:522)
	at org.apache.hadoop.metrics2.util.MBeans.register(MBeans.java:100)
	at org.apache.hadoop.metrics2.util.MBeans.register(MBeans.java:73)
	at org.apache.hadoop.metrics2.impl.MetricsSourceAdapter.startMBeans(MetricsSourceAdapter.java:222)
	at org.apache.hadoop.metrics2.impl.MetricsSourceAdapter.start(MetricsSourceAdapter.java:101)
	at org.apache.hadoop.metrics2.impl.MetricsSystemImpl.registerSource(MetricsSystemImpl.java:268)
	at org.apache.hadoop.metrics2.impl.MetricsSystemImpl.register(MetricsSystemImpl.java:233)
	at org.apache.hadoop.ozone.container.common.volume.VolumeInfoMetrics.init(VolumeInfoMetrics.java:50)
	at org.apache.hadoop.ozone.container.common.volume.VolumeInfoMetrics.<init>(VolumeInfoMetrics.java:45)
	at org.apache.hadoop.ozone.container.common.volume.HddsVolume.<init>(HddsVolume.java:123)
	at org.apache.hadoop.ozone.container.common.volume.HddsVolume.<init>(HddsVolume.java:71)
	at org.apache.hadoop.ozone.container.common.volume.HddsVolume$Builder.build(HddsVolume.java:111)
	at org.apache.hadoop.ozone.container.common.volume.HddsVolumeFactory.createVolume(HddsVolumeFactory.java:48)
	at org.apache.hadoop.ozone.container.common.volume.MutableVolumeSet.initializeVolumeSet(MutableVolumeSet.java:170)
	at org.apache.hadoop.ozone.container.common.volume.MutableVolumeSet.<init>(MutableVolumeSet.java:132)
	at org.apache.hadoop.ozone.container.common.volume.MutableVolumeSet.<init>(MutableVolumeSet.java:96)
	at org.apache.hadoop.ozone.container.ozoneimpl.OzoneContainer.<init>(OzoneContainer.java:149)
	at org.apache.hadoop.ozone.container.common.statemachine.DatanodeStateMachine.<init>(DatanodeStateMachine.java:186)
	at org.apache.hadoop.ozone.HddsDatanodeService.start(HddsDatanodeService.java:296)
	at org.apache.hadoop.ozone.MiniOzoneClusterImpl.startHddsDatanode(MiniOzoneClusterImpl.java:489)
	at java.util.ArrayList.forEach(ArrayList.java:1259)
	at org.apache.hadoop.ozone.MiniOzoneClusterImpl.startHddsDatanodes(MiniOzoneClusterImpl.java:497)
	at org.apache.hadoop.ozone.MiniOzoneClusterImpl$Builder.build(MiniOzoneClusterImpl.java:627)
	at org.apache.hadoop.ozone.client.rpc.TestWatchForCommit.init(TestWatchForCommit.java:149)
	at sun.reflect.NativeMethodAccessorImpl.invoke0(Native Method)
	at sun.reflect.NativeMethodAccessorImpl.invoke(NativeMethodAccessorImpl.java:62)
	at sun.reflect.DelegatingMethodAccessorImpl.invoke(DelegatingMethodAccessorImpl.java:43)
	at java.lang.reflect.Method.invoke(Method.java:498)
	at org.junit.platform.commons.util.ReflectionUtils.invokeMethod(ReflectionUtils.java:728)
	at org.junit.jupiter.engine.execution.MethodInvocation.proceed(MethodInvocation.java:60)
	at org.junit.jupiter.engine.execution.InvocationInterceptorChain$ValidatingInvocation.proceed(InvocationInterceptorChain.java:131)
	at org.junit.jupiter.engine.extension.TimeoutExtension.intercept(TimeoutExtension.java:156)
	at org.junit.jupiter.engine.extension.TimeoutExtension.interceptLifecycleMethod(TimeoutExtension.java:128)
	at org.junit.jupiter.engine.extension.TimeoutExtension.interceptBeforeEachMethod(TimeoutExtension.java:78)
	at org.junit.jupiter.engine.execution.InterceptingExecutableInvoker$ReflectiveInterceptorCall.lambda$ofVoidMethod$0(InterceptingExecutableInvoker.java:103)
	at org.junit.jupiter.engine.execution.InterceptingExecutableInvoker.lambda$invoke$0(InterceptingExecutableInvoker.java:93)
	at org.junit.jupiter.engine.execution.InvocationInterceptorChain$InterceptedInvocation.proceed(InvocationInterceptorChain.java:106)
	at org.junit.jupiter.engine.execution.InvocationInterceptorChain.proceed(InvocationInterceptorChain.java:64)
	at org.junit.jupiter.engine.execution.InvocationInterceptorChain.chainAndInvoke(InvocationInterceptorChain.java:45)
	at org.junit.jupiter.engine.execution.InvocationInterceptorChain.invoke(InvocationInterceptorChain.java:37)
	at org.junit.jupiter.engine.execution.InterceptingExecutableInvoker.invoke(InterceptingExecutableInvoker.java:92)
	at org.junit.jupiter.engine.execution.InterceptingExecutableInvoker.invoke(InterceptingExecutableInvoker.java:86)
	at org.junit.jupiter.engine.descriptor.ClassBasedTestDescriptor.invokeMethodInExtensionContext(ClassBasedTestDescriptor.java:521)
	at org.junit.jupiter.engine.descriptor.ClassBasedTestDescriptor.lambda$synthesizeBeforeEachMethodAdapter$23(ClassBasedTestDescriptor.java:506)
	at org.junit.jupiter.engine.descriptor.TestMethodTestDescriptor.lambda$invokeBeforeEachMethods$3(TestMethodTestDescriptor.java:175)
	at org.junit.jupiter.engine.descriptor.TestMethodTestDescriptor.lambda$invokeBeforeMethodsOrCallbacksUntilExceptionOccurs$6(TestMethodTestDescriptor.java:203)
	at org.junit.platform.engine.support.hierarchical.ThrowableCollector.execute(ThrowableCollector.java:73)
	at org.junit.jupiter.engine.descriptor.TestMethodTestDescriptor.invokeBeforeMethodsOrCallbacksUntilExceptionOccurs(TestMethodTestDescriptor.java:203)
	at org.junit.jupiter.engine.descriptor.TestMethodTestDescriptor.invokeBeforeEachMethods(TestMethodTestDescriptor.java:172)
	at org.junit.jupiter.engine.descriptor.TestMethodTestDescriptor.execute(TestMethodTestDescriptor.java:135)
	at org.junit.jupiter.engine.descriptor.TestMethodTestDescriptor.execute(TestMethodTestDescriptor.java:69)
	at org.junit.platform.engine.support.hierarchical.NodeTestTask.lambda$executeRecursively$6(NodeTestTask.java:151)
	at org.junit.platform.engine.support.hierarchical.ThrowableCollector.execute(ThrowableCollector.java:73)
	at org.junit.platform.engine.support.hierarchical.NodeTestTask.lambda$executeRecursively$8(NodeTestTask.java:141)
	at org.junit.platform.engine.support.hierarchical.Node.around(Node.java:137)
	at org.junit.platform.engine.support.hierarchical.NodeTestTask.lambda$executeRecursively$9(NodeTestTask.java:139)
	at org.junit.platform.engine.support.hierarchical.ThrowableCollector.execute(ThrowableCollector.java:73)
	at org.junit.platform.engine.support.hierarchical.NodeTestTask.executeRecursively(NodeTestTask.java:138)
	at org.junit.platform.engine.support.hierarchical.NodeTestTask.execute(NodeTestTask.java:95)
	at java.util.ArrayList.forEach(ArrayList.java:1259)
	at org.junit.platform.engine.support.hierarchical.SameThreadHierarchicalTestExecutorService.invokeAll(SameThreadHierarchicalTestExecutorService.java:41)
	at org.junit.platform.engine.support.hierarchical.NodeTestTask.lambda$executeRecursively$6(NodeTestTask.java:155)
	at org.junit.platform.engine.support.hierarchical.ThrowableCollector.execute(ThrowableCollector.java:73)
	at org.junit.platform.engine.support.hierarchical.NodeTestTask.lambda$executeRecursively$8(NodeTestTask.java:141)
	at org.junit.platform.engine.support.hierarchical.Node.around(Node.java:137)
	at org.junit.platform.engine.support.hierarchical.NodeTestTask.lambda$executeRecursively$9(NodeTestTask.java:139)
	at org.junit.platform.engine.support.hierarchical.ThrowableCollector.execute(ThrowableCollector.java:73)
	at org.junit.platform.engine.support.hierarchical.NodeTestTask.executeRecursively(NodeTestTask.java:138)
	at org.junit.platform.engine.support.hierarchical.NodeTestTask.execute(NodeTestTask.java:95)
	at java.util.ArrayList.forEach(ArrayList.java:1259)
	at org.junit.platform.engine.support.hierarchical.SameThreadHierarchicalTestExecutorService.invokeAll(SameThreadHierarchicalTestExecutorService.java:41)
	at org.junit.platform.engine.support.hierarchical.NodeTestTask.lambda$executeRecursively$6(NodeTestTask.java:155)
	at org.junit.platform.engine.support.hierarchical.ThrowableCollector.execute(ThrowableCollector.java:73)
	at org.junit.platform.engine.support.hierarchical.NodeTestTask.lambda$executeRecursively$8(NodeTestTask.java:141)
	at org.junit.platform.engine.support.hierarchical.Node.around(Node.java:137)
	at org.junit.platform.engine.support.hierarchical.NodeTestTask.lambda$executeRecursively$9(NodeTestTask.java:139)
	at org.junit.platform.engine.support.hierarchical.ThrowableCollector.execute(ThrowableCollector.java:73)
	at org.junit.platform.engine.support.hierarchical.NodeTestTask.executeRecursively(NodeTestTask.java:138)
	at org.junit.platform.engine.support.hierarchical.NodeTestTask.execute(NodeTestTask.java:95)
	at org.junit.platform.engine.support.hierarchical.SameThreadHierarchicalTestExecutorService.submit(SameThreadHierarchicalTestExecutorService.java:35)
	at org.junit.platform.engine.support.hierarchical.HierarchicalTestExecutor.execute(HierarchicalTestExecutor.java:57)
	at org.junit.platform.engine.support.hierarchical.HierarchicalTestEngine.execute(HierarchicalTestEngine.java:54)
	at org.junit.platform.launcher.core.EngineExecutionOrchestrator.execute(EngineExecutionOrchestrator.java:198)
	at org.junit.platform.launcher.core.EngineExecutionOrchestrator.execute(EngineExecutionOrchestrator.java:169)
	at org.junit.platform.launcher.core.EngineExecutionOrchestrator.execute(EngineExecutionOrchestrator.java:93)
	at org.junit.platform.launcher.core.EngineExecutionOrchestrator.lambda$execute$0(EngineExecutionOrchestrator.java:58)
	at org.junit.platform.launcher.core.EngineExecutionOrchestrator.withInterceptedStreams(EngineExecutionOrchestrator.java:141)
	at org.junit.platform.launcher.core.EngineExecutionOrchestrator.execute(EngineExecutionOrchestrator.java:57)
	at org.junit.platform.launcher.core.DefaultLauncher.execute(DefaultLauncher.java:103)
	at org.junit.platform.launcher.core.DefaultLauncher.execute(DefaultLauncher.java:85)
	at org.junit.platform.launcher.core.DelegatingLauncher.execute(DelegatingLauncher.java:47)
	at org.apache.maven.surefire.junitplatform.LazyLauncher.execute(LazyLauncher.java:56)
	at org.apache.maven.surefire.junitplatform.JUnitPlatformProvider.invokeAllTests(JUnitPlatformProvider.java:162)
	at org.apache.maven.surefire.junitplatform.JUnitPlatformProvider.invoke(JUnitPlatformProvider.java:120)
	at org.apache.maven.surefire.booter.ForkedBooter.runSuitesInProcess(ForkedBooter.java:385)
	at org.apache.maven.surefire.booter.ForkedBooter.execute(ForkedBooter.java:162)
	at org.apache.maven.surefire.booter.ForkedBooter.run(ForkedBooter.java:507)
	at org.apache.maven.surefire.booter.ForkedBooter.main(ForkedBooter.java:495)
Caused by: java.lang.NullPointerException
	at org.apache.hadoop.ozone.container.common.volume.HddsVolume.getCommittedBytes(HddsVolume.java:303)
	at org.apache.hadoop.ozone.container.common.volume.VolumeInfoMetrics.getCommitted(VolumeInfoMetrics.java:147)
	... 110 more
2023-12-28 09:10:32,982 [main] INFO  volume.HddsVolume (HddsVolume.java:<init>(126)) - Creating HddsVolume: /home/runner/work/ozone/ozone/hadoop-ozone/integration-test/target/test-dir/MiniOzoneClusterImpl-11b76480-f5fe-46c6-962b-c791e86a534f/datanode-8/data-0/containers/hdds of storage type : DISK capacity : 9223372036854775807
2023-12-28 09:10:32,982 [main] INFO  volume.MutableVolumeSet (MutableVolumeSet.java:initializeVolumeSet(173)) - Added Volume : /home/runner/work/ozone/ozone/hadoop-ozone/integration-test/target/test-dir/MiniOzoneClusterImpl-11b76480-f5fe-46c6-962b-c791e86a534f/datanode-8/data-0/containers/hdds to VolumeSet
2023-12-28 09:10:32,983 [main] INFO  volume.MutableVolumeSet (MutableVolumeSet.java:initializeVolumeSet(173)) - Added Volume : /home/runner/work/ozone/ozone/hadoop-ozone/integration-test/target/test-dir/MiniOzoneClusterImpl-11b76480-f5fe-46c6-962b-c791e86a534f/datanode-8/data/ratis to VolumeSet
2023-12-28 09:10:32,983 [main] INFO  ozoneimpl.OzoneContainer (HddsVolumeUtil.java:loadAllHddsVolumeDbStore(103)) - Load 1 volumes DbStore cost: 0ms
2023-12-28 09:10:32,983 [d4ff55f6-7f98-4fff-b295-c0ac26278483-ContainerReader-0] INFO  ozoneimpl.ContainerReader (ContainerReader.java:readVolume(178)) - Finish verifying containers on volume /home/runner/work/ozone/ozone/hadoop-ozone/integration-test/target/test-dir/MiniOzoneClusterImpl-11b76480-f5fe-46c6-962b-c791e86a534f/datanode-8/data-0/containers/hdds
2023-12-28 09:10:32,983 [main] INFO  ozoneimpl.OzoneContainer (OzoneContainer.java:buildContainerSet(326)) - Build ContainerSet costs 0s
2023-12-28 09:10:32,984 [main] INFO  server.RaftServer (ConfUtils.java:logGet(46)) - raft.rpc.type = GRPC (default)
2023-12-28 09:10:32,985 [main] INFO  grpc.GrpcConfigKeys (ConfUtils.java:logFallback(53)) - raft.grpc.admin.host = null (fallback to raft.grpc.server.host)
2023-12-28 09:10:32,985 [main] INFO  grpc.GrpcConfigKeys (ConfUtils.java:logGet(46)) - raft.grpc.admin.port = 15530 (custom)
2023-12-28 09:10:32,985 [main] INFO  grpc.GrpcConfigKeys (ConfUtils.java:logFallback(53)) - raft.grpc.client.host = null (fallback to raft.grpc.server.host)
2023-12-28 09:10:32,985 [main] INFO  grpc.GrpcConfigKeys (ConfUtils.java:logGet(46)) - raft.grpc.client.port = 15529 (custom)
2023-12-28 09:10:32,985 [main] INFO  grpc.GrpcConfigKeys (ConfUtils.java:logGet(46)) - raft.grpc.server.host = null (default)
2023-12-28 09:10:32,986 [main] INFO  grpc.GrpcConfigKeys (ConfUtils.java:logGet(46)) - raft.grpc.server.port = 15531 (custom)
2023-12-28 09:10:32,986 [main] INFO  server.GrpcService (ConfUtils.java:logGet(46)) - raft.grpc.message.size.max = 32MB (=33554432) (custom)
2023-12-28 09:10:32,986 [main] INFO  server.RaftServerConfigKeys (ConfUtils.java:logGet(46)) - raft.server.log.appender.buffer.byte-limit = 8388608 (custom)
2023-12-28 09:10:32,986 [main] INFO  server.GrpcService (ConfUtils.java:logGet(46)) - raft.grpc.flow.control.window = 5MB (=5242880) (custom)
2023-12-28 09:10:32,986 [main] INFO  server.RaftServerConfigKeys (ConfUtils.java:logGet(46)) - raft.server.rpc.request.timeout = 3000ms (default)
2023-12-28 09:10:32,987 [main] INFO  grpc.GrpcConfigKeys (ConfUtils.java:logGet(46)) - raft.grpc.server.heartbeat.channel = true (default)
2023-12-28 09:10:32,987 [main] INFO  grpc.GrpcConfigKeys (ConfUtils.java:logGet(46)) - raft.grpc.server.async.request.thread.pool.cached = true (default)
2023-12-28 09:10:32,987 [main] INFO  grpc.GrpcConfigKeys (ConfUtils.java:logGet(46)) - raft.grpc.server.async.request.thread.pool.size = 32 (default)
2023-12-28 09:10:32,989 [main] INFO  impl.DataStreamServerImpl (ConfUtils.java:logGet(46)) - raft.datastream.type = NETTY (custom)
2023-12-28 09:10:32,989 [main] INFO  server.RaftServerConfigKeys (ConfUtils.java:logGet(46)) - raft.server.data-stream.async.request.thread.pool.cached = false (default)
2023-12-28 09:10:32,989 [main] INFO  server.RaftServerConfigKeys (ConfUtils.java:logGet(46)) - raft.server.data-stream.async.request.thread.pool.size = 20 (custom)
2023-12-28 09:10:32,989 [main] INFO  server.RaftServerConfigKeys (ConfUtils.java:logGet(46)) - raft.server.data-stream.async.write.thread.pool.size = 16 (default)
2023-12-28 09:10:32,990 [main] INFO  netty.NettyConfigKeys$DataStream (ConfUtils.java:logGet(46)) - raft.netty.dataStream.server.channel.inactive.grace-period = 10min (default)
2023-12-28 09:10:32,990 [main] INFO  server.RaftServerConfigKeys (ConfUtils.java:logGet(46)) - raft.server.data-stream.client.pool.size = 10 (default)
2023-12-28 09:10:32,990 [main] INFO  netty.NettyConfigKeys$DataStream (ConfUtils.java:logGet(46)) - raft.netty.dataStream.server.use-epoll = true (default)
2023-12-28 09:10:32,990 [main] INFO  netty.NettyConfigKeys$DataStream (ConfUtils.java:logGet(46)) - raft.netty.dataStream.server.boss-group.size = 0 (default)
2023-12-28 09:10:32,990 [main] INFO  netty.NettyUtils (NettyUtils.java:newEventLoopGroup(69)) - Create EpollEventLoopGroup for d4ff55f6-7f98-4fff-b295-c0ac26278483-NettyServerStreamRpc-bossGroup; Thread size is 0.
2023-12-28 09:10:32,990 [main] INFO  netty.NettyConfigKeys$DataStream (ConfUtils.java:logGet(46)) - raft.netty.dataStream.server.worker-group.size = 0 (default)
2023-12-28 09:10:32,990 [main] INFO  netty.NettyUtils (NettyUtils.java:newEventLoopGroup(69)) - Create EpollEventLoopGroup for d4ff55f6-7f98-4fff-b295-c0ac26278483-NettyServerStreamRpc-workerGroup; Thread size is 0.
2023-12-28 09:10:32,991 [main] INFO  netty.NettyConfigKeys$DataStream (ConfUtils.java:logGet(46)) - raft.netty.dataStream.server.tls.conf = null (default)
2023-12-28 09:10:32,991 [main] INFO  netty.NettyConfigKeys$DataStream (ConfUtils.java:logGet(46)) - raft.netty.dataStream.host = null (default)
2023-12-28 09:10:32,991 [main] INFO  netty.NettyConfigKeys$DataStream (ConfUtils.java:logGet(46)) - raft.netty.dataStream.port = 15532 (custom)
2023-12-28 09:10:32,991 [main] INFO  server.RaftServerConfigKeys (ConfUtils.java:logGet(46)) - raft.server.sleep.deviation.threshold = 300ms (default)
2023-12-28 09:10:32,991 [d4ff55f6-7f98-4fff-b295-c0ac26278483-NettyServerStreamRpc-bossGroup--thread1] INFO  logging.LoggingHandler (AbstractInternalLogger.java:log(148)) - [id: 0x14a343ef] REGISTERED
2023-12-28 09:10:32,991 [main] INFO  server.RaftServerConfigKeys (ConfUtils.java:logGet(46)) - raft.server.close.threshold = 60s (default)
2023-12-28 09:10:32,991 [d4ff55f6-7f98-4fff-b295-c0ac26278483-NettyServerStreamRpc-bossGroup--thread1] INFO  logging.LoggingHandler (AbstractInternalLogger.java:log(148)) - [id: 0x14a343ef] BIND: 0.0.0.0/0.0.0.0:15532
2023-12-28 09:10:32,992 [main] INFO  server.RaftServerConfigKeys (ConfUtils.java:logGet(46)) - raft.server.leaderelection.leader.step-down.wait-time = 10s (default)
2023-12-28 09:10:32,992 [d4ff55f6-7f98-4fff-b295-c0ac26278483-NettyServerStreamRpc-bossGroup--thread1] INFO  logging.LoggingHandler (AbstractInternalLogger.java:log(148)) - [id: 0x14a343ef, L:/0.0.0.0:15532] ACTIVE
2023-12-28 09:10:32,992 [main] INFO  server.RaftServerConfigKeys (ConfUtils.java:logGet(46)) - raft.server.storage.dir = [/home/runner/work/ozone/ozone/hadoop-ozone/integration-test/target/test-dir/MiniOzoneClusterImpl-11b76480-f5fe-46c6-962b-c791e86a534f/datanode-8/data/ratis] (custom)
2023-12-28 09:10:32,992 [main] INFO  server.RaftServerConfigKeys (ConfUtils.java:logGet(46)) - raft.server.threadpool.proxy.cached = true (default)
2023-12-28 09:10:32,992 [main] INFO  server.RaftServerConfigKeys (ConfUtils.java:logGet(46)) - raft.server.threadpool.proxy.size = 0 (default)
2023-12-28 09:10:32,992 [d4ff55f6-7f98-4fff-b295-c0ac26278483-impl-thread1] INFO  server.RaftServer (RaftServerProxy.java:initGroupDir(264)) - d4ff55f6-7f98-4fff-b295-c0ac26278483: found a subdirectory /home/runner/work/ozone/ozone/hadoop-ozone/integration-test/target/test-dir/MiniOzoneClusterImpl-11b76480-f5fe-46c6-962b-c791e86a534f/datanode-8/data/ratis/tmp
2023-12-28 09:10:32,992 [d4ff55f6-7f98-4fff-b295-c0ac26278483-impl-thread1] INFO  server.RaftServer (RaftServerProxy.java:initGroupDir(269)) - d4ff55f6-7f98-4fff-b295-c0ac26278483: The directory /home/runner/work/ozone/ozone/hadoop-ozone/integration-test/target/test-dir/MiniOzoneClusterImpl-11b76480-f5fe-46c6-962b-c791e86a534f/datanode-8/data/ratis/tmp is not a group directory; ignoring it. 
2023-12-28 09:10:32,992 [main] INFO  replication.ReplicationServer (ReplicationServer.java:<init>(85)) - Initializing replication server with thread count = 10 queue length = 4096
2023-12-28 09:10:32,993 [main] INFO  server.XceiverServerGrpc (XceiverServerGrpc.java:<init>(141)) - GrpcServer channel type EpollServerSocketChannel
2023-12-28 09:10:32,994 [main] INFO  replication.ReplicationSupervisor (ReplicationSupervisor.java:build(163)) - Initializing replication supervisor with thread count = 10
2023-12-28 09:10:32,994 [main] INFO  replication.ReplicationSupervisor (ReplicationSupervisor.java:nodeStateUpdated(317)) - Node state updated to IN_SERVICE, scaling executor pool size to 10
2023-12-28 09:10:32,995 [main] INFO  http.BaseHttpServer (BaseHttpServer.java:newHttpServer2BuilderForOzone(223)) - Starting Web-server for hddsDatanode at: http://0.0.0.0:15526
2023-12-28 09:10:32,995 [main] INFO  http.BaseHttpServer (BaseHttpServer.java:<init>(110)) - Hadoop Security Enabled: false Ozone Security Enabled: false Ozone HTTP Security Enabled: false 
2023-12-28 09:10:32,996 [main] WARN  server.AuthenticationFilter (AuthenticationFilter.java:constructSecretProvider(240)) - Unable to initialize FileSignerSecretProvider, falling back to use random secrets. Reason: Could not read signature secret file: /home/runner/hadoop-http-auth-signature-secret
2023-12-28 09:10:32,996 [main] INFO  http.HttpRequestLog (HttpRequestLog.java:getRequestLog(86)) - Http request log for http.requests.hddsDatanode is not defined
2023-12-28 09:10:32,997 [main] INFO  http.HttpServer2 (HttpServer2.java:addGlobalFilter(1036)) - Added global filter 'safety' (class=org.apache.hadoop.hdds.server.http.HttpServer2$QuotingInputFilter)
2023-12-28 09:10:32,997 [main] INFO  http.HttpServer2 (HttpServer2.java:addFilter(1012)) - Added filter static_user_filter (class=org.apache.hadoop.http.lib.StaticUserWebFilter$StaticUserFilter) to context hddsDatanode
2023-12-28 09:10:32,997 [main] INFO  http.HttpServer2 (HttpServer2.java:addFilter(1020)) - Added filter static_user_filter (class=org.apache.hadoop.http.lib.StaticUserWebFilter$StaticUserFilter) to context logs
2023-12-28 09:10:32,997 [main] INFO  http.HttpServer2 (HttpServer2.java:addFilter(1020)) - Added filter static_user_filter (class=org.apache.hadoop.http.lib.StaticUserWebFilter$StaticUserFilter) to context static
2023-12-28 09:10:32,998 [main] INFO  http.BaseHttpServer (BaseHttpServer.java:<init>(189)) - HTTP server of hddsDatanode uses base directory /home/runner/work/ozone/ozone/hadoop-ozone/integration-test/target/test-dir/MiniOzoneClusterImpl-11b76480-f5fe-46c6-962b-c791e86a534f/datanode-8/meta/webserver
2023-12-28 09:10:32,998 [main] INFO  http.HttpServer2 (HttpServer2.java:bindListener(1236)) - Jetty bound to port 15526
2023-12-28 09:10:32,998 [main] INFO  server.Server (Server.java:doStart(375)) - jetty-9.4.53.v20231009; built: 2023-10-09T12:29:09.265Z; git: 27bde00a0b95a1d5bbee0eae7984f891d2d0f8c9; jvm 1.8.0_392-b08
2023-12-28 09:10:32,999 [main] INFO  server.session (DefaultSessionIdManager.java:doStart(334)) - DefaultSessionIdManager workerName=node0
2023-12-28 09:10:32,999 [main] INFO  server.session (DefaultSessionIdManager.java:doStart(339)) - No SessionScavenger set, using defaults
2023-12-28 09:10:32,999 [main] INFO  server.session (HouseKeeper.java:startScavenging(132)) - node0 Scavenging every 600000ms
2023-12-28 09:10:32,999 [main] INFO  handler.ContextHandler (ContextHandler.java:doStart(921)) - Started o.e.j.s.ServletContextHandler@454706f2{logs,/logs,file:///home/runner/work/ozone/ozone/hadoop-ozone/integration-test/target/log,AVAILABLE}
2023-12-28 09:10:33,000 [main] INFO  handler.ContextHandler (ContextHandler.java:doStart(921)) - Started o.e.j.s.ServletContextHandler@114b28ee{static,/static,jar:file:/home/runner/.m2/repository/org/apache/ozone/hdds-container-service/1.5.0-SNAPSHOT/hdds-container-service-1.5.0-SNAPSHOT.jar!/webapps/static,AVAILABLE}
2023-12-28 09:10:33,030 [main] INFO  handler.ContextHandler (ContextHandler.java:doStart(921)) - Started o.e.j.w.WebAppContext@6160b774{hddsDatanode,/,file:///home/runner/work/ozone/ozone/hadoop-ozone/integration-test/target/test-dir/MiniOzoneClusterImpl-11b76480-f5fe-46c6-962b-c791e86a534f/datanode-8/meta/webserver/jetty-0_0_0_0-15526-hdds-container-service-1_5_0-SNAPSHOT_jar-_-any-7019198722918845325/webapp/,AVAILABLE}{jar:file:/home/runner/.m2/repository/org/apache/ozone/hdds-container-service/1.5.0-SNAPSHOT/hdds-container-service-1.5.0-SNAPSHOT.jar!/webapps/hddsDatanode}
2023-12-28 09:10:33,030 [main] INFO  server.AbstractConnector (AbstractConnector.java:doStart(333)) - Started ServerConnector@60beeead{HTTP/1.1, (http/1.1)}{0.0.0.0:15526}
2023-12-28 09:10:33,031 [main] INFO  server.Server (Server.java:doStart(415)) - Started @178049ms
2023-12-28 09:10:33,031 [main] WARN  impl.MetricsSystemImpl (MetricsSystemImpl.java:register(279)) - Sink prometheus already exists!
2023-12-28 09:10:33,031 [main] INFO  http.BaseHttpServer (BaseHttpServer.java:updateConnectorAddress(354)) - HTTP server of hddsDatanode listening at http://0.0.0.0:15526
2023-12-28 09:10:33,031 [main] INFO  ipc.CallQueueManager (CallQueueManager.java:<init>(90)) - Using callQueue: class java.util.concurrent.LinkedBlockingQueue, queueCapacity: 100, scheduler: class org.apache.hadoop.ipc.DefaultRpcScheduler, ipcBackoff: false.
2023-12-28 09:10:33,031 [main] INFO  ipc.Server (Server.java:<init>(1287)) - Listener at 0.0.0.0:15527
2023-12-28 09:10:33,032 [Socket Reader #1 for port 15527] INFO  ipc.Server (Server.java:run(1323)) - Starting Socket Reader #1 for port 15527
2023-12-28 09:10:33,033 [main] INFO  ozone.HddsDatanodeService (HddsDatanodeService.java:start(324)) - Datanode start with admins: [runner]
2023-12-28 09:10:33,033 [main] INFO  ozone.HddsDatanodeClientProtocolServer (HddsDatanodeClientProtocolServer.java:start(72)) - RPC server for Client /0.0.0.0:15527
2023-12-28 09:10:33,034 [IPC Server Responder] INFO  ipc.Server (Server.java:run(1562)) - IPC Server Responder: starting
2023-12-28 09:10:33,038 [IPC Server listener on 15527] INFO  ipc.Server (Server.java:run(1402)) - IPC Server listener on 15527: starting
2023-12-28 09:10:33,039 [d4ff55f6-7f98-4fff-b295-c0ac26278483-DatanodeStateMachineDaemonThread] INFO  statemachine.DatanodeStateMachine (DatanodeStateMachine.java:lambda$startDaemon$1(555)) - Ozone container server started.
2023-12-28 09:10:33,040 [main] INFO  ozone.MiniOzoneClusterImpl (MiniOzoneClusterImpl.java:lambda$waitForClusterToBeReady$0(230)) - Waiting for nodes to be ready. Got 0 of 9 DN Heartbeats.
2023-12-28 09:10:33,040 [main] INFO  ozone.MiniOzoneClusterImpl (MiniOzoneClusterImpl.java:lambda$waitForClusterToBeReady$0(233)) - Waiting for cluster to exit safe mode
2023-12-28 09:10:33,040 [main] INFO  ozone.MiniOzoneClusterImpl (MiniOzoneClusterImpl.java:lambda$waitForClusterToBeReady$0(235)) - SCM became leader
2023-12-28 09:10:33,042 [d4ff55f6-7f98-4fff-b295-c0ac26278483-DatanodeStateMachineTaskThread-0] INFO  datanode.InitDatanodeState (InitDatanodeState.java:persistContainerDatanodeDetails(139)) - DatanodeDetails is persisted to /home/runner/work/ozone/ozone/hadoop-ozone/integration-test/target/test-dir/MiniOzoneClusterImpl-11b76480-f5fe-46c6-962b-c791e86a534f/datanode-8/meta/datanode.id
2023-12-28 09:10:33,374 [om1@group-C5BA1605619E-FollowerState] INFO  impl.FollowerState (FollowerState.java:run(143)) - om1@group-C5BA1605619E-FollowerState: change to CANDIDATE, lastRpcElapsedTime:1172551489ns, electionTimeout:1172ms
2023-12-28 09:10:33,374 [om1@group-C5BA1605619E-FollowerState] INFO  impl.RoleInfo (RoleInfo.java:shutdownFollowerState(110)) - om1: shutdown om1@group-C5BA1605619E-FollowerState
2023-12-28 09:10:33,374 [om1@group-C5BA1605619E-FollowerState] INFO  server.RaftServer$Division (RaftServerImpl.java:setRole(379)) - om1@group-C5BA1605619E: changes role from  FOLLOWER to CANDIDATE at term 0 for changeToCandidate
2023-12-28 09:10:33,374 [om1@group-C5BA1605619E-FollowerState] INFO  server.RaftServerConfigKeys (ConfUtils.java:logGet(46)) - raft.server.leaderelection.pre-vote = true (default)
2023-12-28 09:10:33,374 [om1@group-C5BA1605619E-FollowerState] INFO  impl.RoleInfo (RoleInfo.java:updateAndGet(139)) - om1: start om1@group-C5BA1605619E-LeaderElection81
2023-12-28 09:10:33,376 [om1@group-C5BA1605619E-LeaderElection81] INFO  impl.LeaderElection (LeaderElection.java:askForVotes(323)) - om1@group-C5BA1605619E-LeaderElection81 PRE_VOTE round 0: submit vote requests at term 0 for -1: peers:[om1|localhost:15452]|listeners:[], old=null
2023-12-28 09:10:33,376 [om1@group-C5BA1605619E-LeaderElection81] INFO  impl.LeaderElection (LeaderElection.java:askForVotes(325)) - om1@group-C5BA1605619E-LeaderElection81 PRE_VOTE round 0: result PASSED (term=0)
2023-12-28 09:10:33,378 [om1@group-C5BA1605619E-LeaderElection81] INFO  impl.LeaderElection (LeaderElection.java:askForVotes(323)) - om1@group-C5BA1605619E-LeaderElection81 ELECTION round 0: submit vote requests at term 1 for -1: peers:[om1|localhost:15452]|listeners:[], old=null
2023-12-28 09:10:33,378 [om1@group-C5BA1605619E-LeaderElection81] INFO  impl.LeaderElection (LeaderElection.java:askForVotes(325)) - om1@group-C5BA1605619E-LeaderElection81 ELECTION round 0: result PASSED (term=1)
2023-12-28 09:10:33,378 [om1@group-C5BA1605619E-LeaderElection81] INFO  impl.RoleInfo (RoleInfo.java:shutdownLeaderElection(130)) - om1: shutdown om1@group-C5BA1605619E-LeaderElection81
2023-12-28 09:10:33,378 [om1@group-C5BA1605619E-LeaderElection81] INFO  server.RaftServer$Division (RaftServerImpl.java:setRole(379)) - om1@group-C5BA1605619E: changes role from CANDIDATE to LEADER at term 1 for changeToLeader
2023-12-28 09:10:33,378 [om1@group-C5BA1605619E-LeaderElection81] INFO  server.RaftServerConfigKeys (ConfUtils.java:logGet(46)) - raft.server.staging.catchup.gap = 1000 (default)
2023-12-28 09:10:33,378 [om1@group-C5BA1605619E-LeaderElection81] INFO  server.RaftServerConfigKeys (ConfUtils.java:logGet(46)) - raft.server.write.element-limit = 4096 (default)
2023-12-28 09:10:33,378 [om1@group-C5BA1605619E-LeaderElection81] INFO  server.RaftServerConfigKeys (ConfUtils.java:logGet(46)) - raft.server.write.byte-limit = 64MB (=67108864) (default)
2023-12-28 09:10:33,378 [om1@group-C5BA1605619E-LeaderElection81] INFO  server.RaftServerConfigKeys (ConfUtils.java:logGet(46)) - raft.server.watch.timeout = 10s (default)
2023-12-28 09:10:33,378 [om1@group-C5BA1605619E-LeaderElection81] INFO  server.RaftServerConfigKeys (ConfUtils.java:logGet(46)) - raft.server.watch.timeout.denomination = 1s (default)
2023-12-28 09:10:33,378 [om1@group-C5BA1605619E-LeaderElection81] INFO  server.RaftServerConfigKeys (ConfUtils.java:logGet(46)) - raft.server.watch.element-limit = 65536 (default)
2023-12-28 09:10:33,378 [om1@group-C5BA1605619E-LeaderElection81] INFO  server.RaftServerConfigKeys (ConfUtils.java:logGet(46)) - raft.server.read.leader.lease.enabled = false (default)
2023-12-28 09:10:33,378 [om1@group-C5BA1605619E-LeaderElection81] INFO  server.RaftServerConfigKeys (ConfUtils.java:logGet(46)) - raft.server.read.leader.lease.timeout.ratio = 0.9 (default)
2023-12-28 09:10:33,378 [om1@group-C5BA1605619E-LeaderElection81] INFO  server.RaftServerConfigKeys (ConfUtils.java:logGet(46)) - raft.server.rpc.timeout.min = 1s (custom)
2023-12-28 09:10:33,378 [om1@group-C5BA1605619E-LeaderElection81] INFO  server.RaftServerConfigKeys (ConfUtils.java:logGet(46)) - raft.server.write.element-limit = 4096 (default)
2023-12-28 09:10:33,378 [om1@group-C5BA1605619E-LeaderElection81] INFO  server.RaftServerConfigKeys (ConfUtils.java:logGet(46)) - raft.server.write.follower.gap.ratio.max = -1.0 (default)
2023-12-28 09:10:33,378 [om1@group-C5BA1605619E-LeaderElection81] INFO  impl.RoleInfo (RoleInfo.java:updateAndGet(139)) - om1: start om1@group-C5BA1605619E-LeaderStateImpl
2023-12-28 09:10:33,379 [om1@group-C5BA1605619E-LeaderElection81] INFO  server.RaftServer$Division (RaftServerImpl.java:setFirstElection(564)) - om1@group-C5BA1605619E: set firstElectionSinceStartup to false for becomeLeader
2023-12-28 09:10:33,379 [om1@group-C5BA1605619E-LeaderElection81] INFO  server.RaftServer$Division (ServerState.java:setLeader(265)) - om1@group-C5BA1605619E: change Leader from null to om1 at term 1 for becomeLeader, leader elected after 1397ms
2023-12-28 09:10:33,379 [om1@group-C5BA1605619E-LeaderElection81] INFO  segmented.SegmentedRaftLogWorker (SegmentedRaftLogWorker.java:startLogSegment(428)) - om1@group-C5BA1605619E-SegmentedRaftLogWorker: Starting segment from index:0
2023-12-28 09:10:33,381 [om1@group-C5BA1605619E-LeaderElection81] INFO  server.RaftServer$Division (ServerState.java:setRaftConf(382)) - om1@group-C5BA1605619E: set configuration 0: peers:[om1|localhost:15452]|listeners:[], old=null
2023-12-28 09:10:33,388 [om1@group-C5BA1605619E-SegmentedRaftLogWorker] INFO  segmented.SegmentedRaftLogWorker (SegmentedRaftLogWorker.java:execute(632)) - om1@group-C5BA1605619E-SegmentedRaftLogWorker: created new log segment /home/runner/work/ozone/ozone/hadoop-ozone/integration-test/target/test-dir/MiniOzoneClusterImpl-11b76480-f5fe-46c6-962b-c791e86a534f/ozone-meta/ratis/bf265839-605b-3f16-9796-c5ba1605619e/current/log_inprogress_0
2023-12-28 09:10:33,388 [om1@group-C5BA1605619E-StateMachineUpdater] INFO  ratis.OzoneManagerStateMachine (OzoneManagerStateMachine.java:notifyConfigurationChanged(213)) - Received Configuration change notification from Ratis. New Peer list:
[id: "om1"
address: "localhost:15452"
startupRole: FOLLOWER
]
2023-12-28 09:10:33,388 [om1@group-C5BA1605619E-StateMachineUpdater] INFO  server.RaftServer$Division (LeaderStateImpl.java:isApplied(316)) - leader is ready since appliedIndex == 0 >= startIndex == 0
2023-12-28 09:10:34,040 [main] INFO  ozone.MiniOzoneClusterImpl (MiniOzoneClusterImpl.java:lambda$waitForClusterToBeReady$0(230)) - Waiting for nodes to be ready. Got 0 of 9 DN Heartbeats.
2023-12-28 09:10:34,041 [main] INFO  ozone.MiniOzoneClusterImpl (MiniOzoneClusterImpl.java:lambda$waitForClusterToBeReady$0(233)) - Waiting for cluster to exit safe mode
2023-12-28 09:10:34,041 [main] INFO  ozone.MiniOzoneClusterImpl (MiniOzoneClusterImpl.java:lambda$waitForClusterToBeReady$0(235)) - SCM became leader
2023-12-28 09:10:34,364 [e4352bd1-85d5-4ef3-8682-c1451338ec4a-EndpointStateMachineTaskThread-/0.0.0.0:15447-0 ] INFO  utils.DatanodeStoreCache (DatanodeStoreCache.java:addDB(66)) - Added db /home/runner/work/ozone/ozone/hadoop-ozone/integration-test/target/test-dir/MiniOzoneClusterImpl-11b76480-f5fe-46c6-962b-c791e86a534f/datanode-0/data-0/containers/hdds/11b76480-f5fe-46c6-962b-c791e86a534f/DS-664e9bc8-74f7-499c-826a-cb53bba4f136/container.db to cache
2023-12-28 09:10:34,364 [e4352bd1-85d5-4ef3-8682-c1451338ec4a-EndpointStateMachineTaskThread-/0.0.0.0:15447-0 ] INFO  volume.HddsVolume (HddsVolume.java:createDbStore(422)) - SchemaV3 db is created and loaded at /home/runner/work/ozone/ozone/hadoop-ozone/integration-test/target/test-dir/MiniOzoneClusterImpl-11b76480-f5fe-46c6-962b-c791e86a534f/datanode-0/data-0/containers/hdds/11b76480-f5fe-46c6-962b-c791e86a534f/DS-664e9bc8-74f7-499c-826a-cb53bba4f136/container.db for volume DS-664e9bc8-74f7-499c-826a-cb53bba4f136
2023-12-28 09:10:34,367 [e4352bd1-85d5-4ef3-8682-c1451338ec4a-EndpointStateMachineTaskThread-/0.0.0.0:15447-0 ] INFO  volume.ThrottledAsyncChecker (ThrottledAsyncChecker.java:schedule(141)) - Scheduling a check for /home/runner/work/ozone/ozone/hadoop-ozone/integration-test/target/test-dir/MiniOzoneClusterImpl-11b76480-f5fe-46c6-962b-c791e86a534f/datanode-0/data-0/containers/hdds
2023-12-28 09:10:34,367 [e4352bd1-85d5-4ef3-8682-c1451338ec4a-EndpointStateMachineTaskThread-/0.0.0.0:15447-0 ] INFO  volume.StorageVolumeChecker (StorageVolumeChecker.java:checkAllVolumes(218)) - Scheduled health check for volume /home/runner/work/ozone/ozone/hadoop-ozone/integration-test/target/test-dir/MiniOzoneClusterImpl-11b76480-f5fe-46c6-962b-c791e86a534f/datanode-0/data-0/containers/hdds
2023-12-28 09:10:34,368 [e4352bd1-85d5-4ef3-8682-c1451338ec4a-EndpointStateMachineTaskThread-/0.0.0.0:15447-0 ] INFO  volume.ThrottledAsyncChecker (ThrottledAsyncChecker.java:schedule(141)) - Scheduling a check for /home/runner/work/ozone/ozone/hadoop-ozone/integration-test/target/test-dir/MiniOzoneClusterImpl-11b76480-f5fe-46c6-962b-c791e86a534f/datanode-0/data/ratis
2023-12-28 09:10:34,369 [e4352bd1-85d5-4ef3-8682-c1451338ec4a-EndpointStateMachineTaskThread-/0.0.0.0:15447-0 ] INFO  volume.StorageVolumeChecker (StorageVolumeChecker.java:checkAllVolumes(218)) - Scheduled health check for volume /home/runner/work/ozone/ozone/hadoop-ozone/integration-test/target/test-dir/MiniOzoneClusterImpl-11b76480-f5fe-46c6-962b-c791e86a534f/datanode-0/data/ratis
2023-12-28 09:10:34,371 [e4352bd1-85d5-4ef3-8682-c1451338ec4a-EndpointStateMachineTaskThread-/0.0.0.0:15447-0 ] INFO  ozoneimpl.OzoneContainer (OzoneContainer.java:start(441)) - Attempting to start container services.
2023-12-28 09:10:34,371 [e4352bd1-85d5-4ef3-8682-c1451338ec4a-EndpointStateMachineTaskThread-/0.0.0.0:15447-0 ] INFO  ozoneimpl.OzoneContainer (OzoneContainer.java:startContainerScrub(337)) - Scheduled background container scanners and the on-demand container scanner have been disabled.
2023-12-28 09:10:34,371 [e4352bd1-85d5-4ef3-8682-c1451338ec4a-EndpointStateMachineTaskThread-/0.0.0.0:15447-0 ] INFO  replication.ReplicationServer (ReplicationServer.java:start(139)) - ReplicationServer is started using port 15461
2023-12-28 09:10:34,372 [e4352bd1-85d5-4ef3-8682-c1451338ec4a-EndpointStateMachineTaskThread-/0.0.0.0:15447-0 ] INFO  ratis.XceiverServerRatis (XceiverServerRatis.java:start(548)) - Starting XceiverServerRatis e4352bd1-85d5-4ef3-8682-c1451338ec4a
2023-12-28 09:10:34,372 [e4352bd1-85d5-4ef3-8682-c1451338ec4a-EndpointStateMachineTaskThread-/0.0.0.0:15447-0 ] INFO  server.RaftServer (RaftServerProxy.java:startImpl(406)) - e4352bd1-85d5-4ef3-8682-c1451338ec4a: start RPC server
2023-12-28 09:10:34,372 [e4352bd1-85d5-4ef3-8682-c1451338ec4a-EndpointStateMachineTaskThread-/0.0.0.0:15447-0 ] INFO  server.GrpcService (GrpcService.java:startImpl(302)) - e4352bd1-85d5-4ef3-8682-c1451338ec4a: GrpcService started, listening on 15457
2023-12-28 09:10:34,372 [e4352bd1-85d5-4ef3-8682-c1451338ec4a-EndpointStateMachineTaskThread-/0.0.0.0:15447-0 ] INFO  server.GrpcService (GrpcService.java:startImpl(302)) - e4352bd1-85d5-4ef3-8682-c1451338ec4a: GrpcService started, listening on 15459
2023-12-28 09:10:34,373 [e4352bd1-85d5-4ef3-8682-c1451338ec4a-EndpointStateMachineTaskThread-/0.0.0.0:15447-0 ] INFO  server.GrpcService (GrpcService.java:startImpl(302)) - e4352bd1-85d5-4ef3-8682-c1451338ec4a: GrpcService started, listening on 15458
2023-12-28 09:10:34,373 [e4352bd1-85d5-4ef3-8682-c1451338ec4a-EndpointStateMachineTaskThread-/0.0.0.0:15447-0 ] INFO  ratis.XceiverServerRatis (XceiverServerRatis.java:getRealPort(574)) - XceiverServerRatis e4352bd1-85d5-4ef3-8682-c1451338ec4a is started using port 15457 for RATIS
2023-12-28 09:10:34,373 [e4352bd1-85d5-4ef3-8682-c1451338ec4a-EndpointStateMachineTaskThread-/0.0.0.0:15447-0 ] INFO  ratis.XceiverServerRatis (XceiverServerRatis.java:getRealPort(574)) - XceiverServerRatis e4352bd1-85d5-4ef3-8682-c1451338ec4a is started using port 15458 for RATIS_ADMIN
2023-12-28 09:10:34,373 [e4352bd1-85d5-4ef3-8682-c1451338ec4a-EndpointStateMachineTaskThread-/0.0.0.0:15447-0 ] INFO  ratis.XceiverServerRatis (XceiverServerRatis.java:getRealPort(574)) - XceiverServerRatis e4352bd1-85d5-4ef3-8682-c1451338ec4a is started using port 15459 for RATIS_SERVER
2023-12-28 09:10:34,373 [e4352bd1-85d5-4ef3-8682-c1451338ec4a-EndpointStateMachineTaskThread-/0.0.0.0:15447-0 ] INFO  ratis.XceiverServerRatis (XceiverServerRatis.java:getRealPort(574)) - XceiverServerRatis e4352bd1-85d5-4ef3-8682-c1451338ec4a is started using port 15460 for RATIS_DATASTREAM
2023-12-28 09:10:34,373 [JvmPauseMonitor57] INFO  util.JvmPauseMonitor (JvmPauseMonitor.java:run(146)) - JvmPauseMonitor-e4352bd1-85d5-4ef3-8682-c1451338ec4a: Started
2023-12-28 09:10:34,374 [e4352bd1-85d5-4ef3-8682-c1451338ec4a-BlockDeletingService#0] INFO  interfaces.ContainerDeletionChoosingPolicyTemplate (ContainerDeletionChoosingPolicyTemplate.java:chooseContainerForBlockDeletion(85)) - Chosen 0/5000 blocks from 0 candidate containers.
2023-12-28 09:10:34,452 [bc83b340-cccb-4d5a-a730-8abffc996f86-EndpointStateMachineTaskThread-/0.0.0.0:15447-0 ] INFO  utils.DatanodeStoreCache (DatanodeStoreCache.java:addDB(66)) - Added db /home/runner/work/ozone/ozone/hadoop-ozone/integration-test/target/test-dir/MiniOzoneClusterImpl-11b76480-f5fe-46c6-962b-c791e86a534f/datanode-1/data-0/containers/hdds/11b76480-f5fe-46c6-962b-c791e86a534f/DS-5833430f-b3ed-43d1-ab19-95c654dbb9b2/container.db to cache
2023-12-28 09:10:34,452 [bc83b340-cccb-4d5a-a730-8abffc996f86-EndpointStateMachineTaskThread-/0.0.0.0:15447-0 ] INFO  volume.HddsVolume (HddsVolume.java:createDbStore(422)) - SchemaV3 db is created and loaded at /home/runner/work/ozone/ozone/hadoop-ozone/integration-test/target/test-dir/MiniOzoneClusterImpl-11b76480-f5fe-46c6-962b-c791e86a534f/datanode-1/data-0/containers/hdds/11b76480-f5fe-46c6-962b-c791e86a534f/DS-5833430f-b3ed-43d1-ab19-95c654dbb9b2/container.db for volume DS-5833430f-b3ed-43d1-ab19-95c654dbb9b2
2023-12-28 09:10:34,453 [bc83b340-cccb-4d5a-a730-8abffc996f86-EndpointStateMachineTaskThread-/0.0.0.0:15447-0 ] INFO  volume.ThrottledAsyncChecker (ThrottledAsyncChecker.java:schedule(141)) - Scheduling a check for /home/runner/work/ozone/ozone/hadoop-ozone/integration-test/target/test-dir/MiniOzoneClusterImpl-11b76480-f5fe-46c6-962b-c791e86a534f/datanode-1/data-0/containers/hdds
2023-12-28 09:10:34,454 [bc83b340-cccb-4d5a-a730-8abffc996f86-EndpointStateMachineTaskThread-/0.0.0.0:15447-0 ] INFO  volume.StorageVolumeChecker (StorageVolumeChecker.java:checkAllVolumes(218)) - Scheduled health check for volume /home/runner/work/ozone/ozone/hadoop-ozone/integration-test/target/test-dir/MiniOzoneClusterImpl-11b76480-f5fe-46c6-962b-c791e86a534f/datanode-1/data-0/containers/hdds
2023-12-28 09:10:34,457 [bc83b340-cccb-4d5a-a730-8abffc996f86-EndpointStateMachineTaskThread-/0.0.0.0:15447-0 ] INFO  volume.ThrottledAsyncChecker (ThrottledAsyncChecker.java:schedule(141)) - Scheduling a check for /home/runner/work/ozone/ozone/hadoop-ozone/integration-test/target/test-dir/MiniOzoneClusterImpl-11b76480-f5fe-46c6-962b-c791e86a534f/datanode-1/data/ratis
2023-12-28 09:10:34,457 [bc83b340-cccb-4d5a-a730-8abffc996f86-EndpointStateMachineTaskThread-/0.0.0.0:15447-0 ] INFO  volume.StorageVolumeChecker (StorageVolumeChecker.java:checkAllVolumes(218)) - Scheduled health check for volume /home/runner/work/ozone/ozone/hadoop-ozone/integration-test/target/test-dir/MiniOzoneClusterImpl-11b76480-f5fe-46c6-962b-c791e86a534f/datanode-1/data/ratis
2023-12-28 09:10:34,458 [bc83b340-cccb-4d5a-a730-8abffc996f86-EndpointStateMachineTaskThread-/0.0.0.0:15447-0 ] INFO  ozoneimpl.OzoneContainer (OzoneContainer.java:start(441)) - Attempting to start container services.
2023-12-28 09:10:34,458 [bc83b340-cccb-4d5a-a730-8abffc996f86-EndpointStateMachineTaskThread-/0.0.0.0:15447-0 ] INFO  ozoneimpl.OzoneContainer (OzoneContainer.java:startContainerScrub(337)) - Scheduled background container scanners and the on-demand container scanner have been disabled.
2023-12-28 09:10:34,458 [bc83b340-cccb-4d5a-a730-8abffc996f86-EndpointStateMachineTaskThread-/0.0.0.0:15447-0 ] INFO  replication.ReplicationServer (ReplicationServer.java:start(139)) - ReplicationServer is started using port 15470
2023-12-28 09:10:34,459 [bc83b340-cccb-4d5a-a730-8abffc996f86-EndpointStateMachineTaskThread-/0.0.0.0:15447-0 ] INFO  ratis.XceiverServerRatis (XceiverServerRatis.java:start(548)) - Starting XceiverServerRatis bc83b340-cccb-4d5a-a730-8abffc996f86
2023-12-28 09:10:34,459 [bc83b340-cccb-4d5a-a730-8abffc996f86-EndpointStateMachineTaskThread-/0.0.0.0:15447-0 ] INFO  server.RaftServer (RaftServerProxy.java:startImpl(406)) - bc83b340-cccb-4d5a-a730-8abffc996f86: start RPC server
2023-12-28 09:10:34,459 [bc83b340-cccb-4d5a-a730-8abffc996f86-EndpointStateMachineTaskThread-/0.0.0.0:15447-0 ] INFO  server.GrpcService (GrpcService.java:startImpl(302)) - bc83b340-cccb-4d5a-a730-8abffc996f86: GrpcService started, listening on 15466
2023-12-28 09:10:34,459 [bc83b340-cccb-4d5a-a730-8abffc996f86-EndpointStateMachineTaskThread-/0.0.0.0:15447-0 ] INFO  server.GrpcService (GrpcService.java:startImpl(302)) - bc83b340-cccb-4d5a-a730-8abffc996f86: GrpcService started, listening on 15468
2023-12-28 09:10:34,459 [bc83b340-cccb-4d5a-a730-8abffc996f86-EndpointStateMachineTaskThread-/0.0.0.0:15447-0 ] INFO  server.GrpcService (GrpcService.java:startImpl(302)) - bc83b340-cccb-4d5a-a730-8abffc996f86: GrpcService started, listening on 15467
2023-12-28 09:10:34,460 [bc83b340-cccb-4d5a-a730-8abffc996f86-EndpointStateMachineTaskThread-/0.0.0.0:15447-0 ] INFO  ratis.XceiverServerRatis (XceiverServerRatis.java:getRealPort(574)) - XceiverServerRatis bc83b340-cccb-4d5a-a730-8abffc996f86 is started using port 15466 for RATIS
2023-12-28 09:10:34,460 [JvmPauseMonitor58] INFO  util.JvmPauseMonitor (JvmPauseMonitor.java:run(146)) - JvmPauseMonitor-bc83b340-cccb-4d5a-a730-8abffc996f86: Started
2023-12-28 09:10:34,460 [bc83b340-cccb-4d5a-a730-8abffc996f86-EndpointStateMachineTaskThread-/0.0.0.0:15447-0 ] INFO  ratis.XceiverServerRatis (XceiverServerRatis.java:getRealPort(574)) - XceiverServerRatis bc83b340-cccb-4d5a-a730-8abffc996f86 is started using port 15467 for RATIS_ADMIN
2023-12-28 09:10:34,460 [bc83b340-cccb-4d5a-a730-8abffc996f86-EndpointStateMachineTaskThread-/0.0.0.0:15447-0 ] INFO  ratis.XceiverServerRatis (XceiverServerRatis.java:getRealPort(574)) - XceiverServerRatis bc83b340-cccb-4d5a-a730-8abffc996f86 is started using port 15468 for RATIS_SERVER
2023-12-28 09:10:34,460 [bc83b340-cccb-4d5a-a730-8abffc996f86-EndpointStateMachineTaskThread-/0.0.0.0:15447-0 ] INFO  ratis.XceiverServerRatis (XceiverServerRatis.java:getRealPort(574)) - XceiverServerRatis bc83b340-cccb-4d5a-a730-8abffc996f86 is started using port 15469 for RATIS_DATASTREAM
2023-12-28 09:10:34,460 [bc83b340-cccb-4d5a-a730-8abffc996f86-BlockDeletingService#0] INFO  interfaces.ContainerDeletionChoosingPolicyTemplate (ContainerDeletionChoosingPolicyTemplate.java:chooseContainerForBlockDeletion(85)) - Chosen 0/5000 blocks from 0 candidate containers.
2023-12-28 09:10:34,548 [44783c19-7880-41e3-960e-1ceedd7807f9-EndpointStateMachineTaskThread-/0.0.0.0:15447-0 ] INFO  utils.DatanodeStoreCache (DatanodeStoreCache.java:addDB(66)) - Added db /home/runner/work/ozone/ozone/hadoop-ozone/integration-test/target/test-dir/MiniOzoneClusterImpl-11b76480-f5fe-46c6-962b-c791e86a534f/datanode-2/data-0/containers/hdds/11b76480-f5fe-46c6-962b-c791e86a534f/DS-eca9b806-3960-425e-8832-eecce54d1d6b/container.db to cache
2023-12-28 09:10:34,548 [44783c19-7880-41e3-960e-1ceedd7807f9-EndpointStateMachineTaskThread-/0.0.0.0:15447-0 ] INFO  volume.HddsVolume (HddsVolume.java:createDbStore(422)) - SchemaV3 db is created and loaded at /home/runner/work/ozone/ozone/hadoop-ozone/integration-test/target/test-dir/MiniOzoneClusterImpl-11b76480-f5fe-46c6-962b-c791e86a534f/datanode-2/data-0/containers/hdds/11b76480-f5fe-46c6-962b-c791e86a534f/DS-eca9b806-3960-425e-8832-eecce54d1d6b/container.db for volume DS-eca9b806-3960-425e-8832-eecce54d1d6b
2023-12-28 09:10:34,550 [44783c19-7880-41e3-960e-1ceedd7807f9-EndpointStateMachineTaskThread-/0.0.0.0:15447-0 ] INFO  volume.ThrottledAsyncChecker (ThrottledAsyncChecker.java:schedule(141)) - Scheduling a check for /home/runner/work/ozone/ozone/hadoop-ozone/integration-test/target/test-dir/MiniOzoneClusterImpl-11b76480-f5fe-46c6-962b-c791e86a534f/datanode-2/data-0/containers/hdds
2023-12-28 09:10:34,550 [44783c19-7880-41e3-960e-1ceedd7807f9-EndpointStateMachineTaskThread-/0.0.0.0:15447-0 ] INFO  volume.StorageVolumeChecker (StorageVolumeChecker.java:checkAllVolumes(218)) - Scheduled health check for volume /home/runner/work/ozone/ozone/hadoop-ozone/integration-test/target/test-dir/MiniOzoneClusterImpl-11b76480-f5fe-46c6-962b-c791e86a534f/datanode-2/data-0/containers/hdds
2023-12-28 09:10:34,552 [44783c19-7880-41e3-960e-1ceedd7807f9-EndpointStateMachineTaskThread-/0.0.0.0:15447-0 ] INFO  volume.ThrottledAsyncChecker (ThrottledAsyncChecker.java:schedule(141)) - Scheduling a check for /home/runner/work/ozone/ozone/hadoop-ozone/integration-test/target/test-dir/MiniOzoneClusterImpl-11b76480-f5fe-46c6-962b-c791e86a534f/datanode-2/data/ratis
2023-12-28 09:10:34,552 [44783c19-7880-41e3-960e-1ceedd7807f9-EndpointStateMachineTaskThread-/0.0.0.0:15447-0 ] INFO  volume.StorageVolumeChecker (StorageVolumeChecker.java:checkAllVolumes(218)) - Scheduled health check for volume /home/runner/work/ozone/ozone/hadoop-ozone/integration-test/target/test-dir/MiniOzoneClusterImpl-11b76480-f5fe-46c6-962b-c791e86a534f/datanode-2/data/ratis
2023-12-28 09:10:34,553 [44783c19-7880-41e3-960e-1ceedd7807f9-EndpointStateMachineTaskThread-/0.0.0.0:15447-0 ] INFO  ozoneimpl.OzoneContainer (OzoneContainer.java:start(441)) - Attempting to start container services.
2023-12-28 09:10:34,553 [44783c19-7880-41e3-960e-1ceedd7807f9-EndpointStateMachineTaskThread-/0.0.0.0:15447-0 ] INFO  ozoneimpl.OzoneContainer (OzoneContainer.java:startContainerScrub(337)) - Scheduled background container scanners and the on-demand container scanner have been disabled.
2023-12-28 09:10:34,553 [44783c19-7880-41e3-960e-1ceedd7807f9-EndpointStateMachineTaskThread-/0.0.0.0:15447-0 ] INFO  replication.ReplicationServer (ReplicationServer.java:start(139)) - ReplicationServer is started using port 15479
2023-12-28 09:10:34,553 [44783c19-7880-41e3-960e-1ceedd7807f9-EndpointStateMachineTaskThread-/0.0.0.0:15447-0 ] INFO  ratis.XceiverServerRatis (XceiverServerRatis.java:start(548)) - Starting XceiverServerRatis 44783c19-7880-41e3-960e-1ceedd7807f9
2023-12-28 09:10:34,553 [44783c19-7880-41e3-960e-1ceedd7807f9-EndpointStateMachineTaskThread-/0.0.0.0:15447-0 ] INFO  server.RaftServer (RaftServerProxy.java:startImpl(406)) - 44783c19-7880-41e3-960e-1ceedd7807f9: start RPC server
2023-12-28 09:10:34,553 [44783c19-7880-41e3-960e-1ceedd7807f9-EndpointStateMachineTaskThread-/0.0.0.0:15447-0 ] INFO  server.GrpcService (GrpcService.java:startImpl(302)) - 44783c19-7880-41e3-960e-1ceedd7807f9: GrpcService started, listening on 15475
2023-12-28 09:10:34,554 [44783c19-7880-41e3-960e-1ceedd7807f9-EndpointStateMachineTaskThread-/0.0.0.0:15447-0 ] INFO  server.GrpcService (GrpcService.java:startImpl(302)) - 44783c19-7880-41e3-960e-1ceedd7807f9: GrpcService started, listening on 15477
2023-12-28 09:10:34,554 [44783c19-7880-41e3-960e-1ceedd7807f9-EndpointStateMachineTaskThread-/0.0.0.0:15447-0 ] INFO  server.GrpcService (GrpcService.java:startImpl(302)) - 44783c19-7880-41e3-960e-1ceedd7807f9: GrpcService started, listening on 15476
2023-12-28 09:10:34,554 [44783c19-7880-41e3-960e-1ceedd7807f9-EndpointStateMachineTaskThread-/0.0.0.0:15447-0 ] INFO  ratis.XceiverServerRatis (XceiverServerRatis.java:getRealPort(574)) - XceiverServerRatis 44783c19-7880-41e3-960e-1ceedd7807f9 is started using port 15475 for RATIS
2023-12-28 09:10:34,554 [44783c19-7880-41e3-960e-1ceedd7807f9-EndpointStateMachineTaskThread-/0.0.0.0:15447-0 ] INFO  ratis.XceiverServerRatis (XceiverServerRatis.java:getRealPort(574)) - XceiverServerRatis 44783c19-7880-41e3-960e-1ceedd7807f9 is started using port 15476 for RATIS_ADMIN
2023-12-28 09:10:34,554 [44783c19-7880-41e3-960e-1ceedd7807f9-EndpointStateMachineTaskThread-/0.0.0.0:15447-0 ] INFO  ratis.XceiverServerRatis (XceiverServerRatis.java:getRealPort(574)) - XceiverServerRatis 44783c19-7880-41e3-960e-1ceedd7807f9 is started using port 15477 for RATIS_SERVER
2023-12-28 09:10:34,554 [44783c19-7880-41e3-960e-1ceedd7807f9-EndpointStateMachineTaskThread-/0.0.0.0:15447-0 ] INFO  ratis.XceiverServerRatis (XceiverServerRatis.java:getRealPort(574)) - XceiverServerRatis 44783c19-7880-41e3-960e-1ceedd7807f9 is started using port 15478 for RATIS_DATASTREAM
2023-12-28 09:10:34,555 [JvmPauseMonitor59] INFO  util.JvmPauseMonitor (JvmPauseMonitor.java:run(146)) - JvmPauseMonitor-44783c19-7880-41e3-960e-1ceedd7807f9: Started
2023-12-28 09:10:34,555 [44783c19-7880-41e3-960e-1ceedd7807f9-BlockDeletingService#0] INFO  interfaces.ContainerDeletionChoosingPolicyTemplate (ContainerDeletionChoosingPolicyTemplate.java:chooseContainerForBlockDeletion(85)) - Chosen 0/5000 blocks from 0 candidate containers.
2023-12-28 09:10:34,634 [7bf28275-35a3-4339-bf85-2ac062f1a076-EndpointStateMachineTaskThread-/0.0.0.0:15447-0 ] INFO  utils.DatanodeStoreCache (DatanodeStoreCache.java:addDB(66)) - Added db /home/runner/work/ozone/ozone/hadoop-ozone/integration-test/target/test-dir/MiniOzoneClusterImpl-11b76480-f5fe-46c6-962b-c791e86a534f/datanode-3/data-0/containers/hdds/11b76480-f5fe-46c6-962b-c791e86a534f/DS-dd156ebd-f13e-4cd8-8f3f-4810a90b0f2f/container.db to cache
2023-12-28 09:10:34,634 [7bf28275-35a3-4339-bf85-2ac062f1a076-EndpointStateMachineTaskThread-/0.0.0.0:15447-0 ] INFO  volume.HddsVolume (HddsVolume.java:createDbStore(422)) - SchemaV3 db is created and loaded at /home/runner/work/ozone/ozone/hadoop-ozone/integration-test/target/test-dir/MiniOzoneClusterImpl-11b76480-f5fe-46c6-962b-c791e86a534f/datanode-3/data-0/containers/hdds/11b76480-f5fe-46c6-962b-c791e86a534f/DS-dd156ebd-f13e-4cd8-8f3f-4810a90b0f2f/container.db for volume DS-dd156ebd-f13e-4cd8-8f3f-4810a90b0f2f
2023-12-28 09:10:34,636 [7bf28275-35a3-4339-bf85-2ac062f1a076-EndpointStateMachineTaskThread-/0.0.0.0:15447-0 ] INFO  volume.ThrottledAsyncChecker (ThrottledAsyncChecker.java:schedule(141)) - Scheduling a check for /home/runner/work/ozone/ozone/hadoop-ozone/integration-test/target/test-dir/MiniOzoneClusterImpl-11b76480-f5fe-46c6-962b-c791e86a534f/datanode-3/data-0/containers/hdds
2023-12-28 09:10:34,636 [7bf28275-35a3-4339-bf85-2ac062f1a076-EndpointStateMachineTaskThread-/0.0.0.0:15447-0 ] INFO  volume.StorageVolumeChecker (StorageVolumeChecker.java:checkAllVolumes(218)) - Scheduled health check for volume /home/runner/work/ozone/ozone/hadoop-ozone/integration-test/target/test-dir/MiniOzoneClusterImpl-11b76480-f5fe-46c6-962b-c791e86a534f/datanode-3/data-0/containers/hdds
2023-12-28 09:10:34,637 [7bf28275-35a3-4339-bf85-2ac062f1a076-EndpointStateMachineTaskThread-/0.0.0.0:15447-0 ] INFO  volume.ThrottledAsyncChecker (ThrottledAsyncChecker.java:schedule(141)) - Scheduling a check for /home/runner/work/ozone/ozone/hadoop-ozone/integration-test/target/test-dir/MiniOzoneClusterImpl-11b76480-f5fe-46c6-962b-c791e86a534f/datanode-3/data/ratis
2023-12-28 09:10:34,637 [7bf28275-35a3-4339-bf85-2ac062f1a076-EndpointStateMachineTaskThread-/0.0.0.0:15447-0 ] INFO  volume.StorageVolumeChecker (StorageVolumeChecker.java:checkAllVolumes(218)) - Scheduled health check for volume /home/runner/work/ozone/ozone/hadoop-ozone/integration-test/target/test-dir/MiniOzoneClusterImpl-11b76480-f5fe-46c6-962b-c791e86a534f/datanode-3/data/ratis
2023-12-28 09:10:34,638 [7bf28275-35a3-4339-bf85-2ac062f1a076-EndpointStateMachineTaskThread-/0.0.0.0:15447-0 ] INFO  ozoneimpl.OzoneContainer (OzoneContainer.java:start(441)) - Attempting to start container services.
2023-12-28 09:10:34,638 [7bf28275-35a3-4339-bf85-2ac062f1a076-EndpointStateMachineTaskThread-/0.0.0.0:15447-0 ] INFO  ozoneimpl.OzoneContainer (OzoneContainer.java:startContainerScrub(337)) - Scheduled background container scanners and the on-demand container scanner have been disabled.
2023-12-28 09:10:34,638 [7bf28275-35a3-4339-bf85-2ac062f1a076-EndpointStateMachineTaskThread-/0.0.0.0:15447-0 ] INFO  replication.ReplicationServer (ReplicationServer.java:start(139)) - ReplicationServer is started using port 15488
2023-12-28 09:10:34,638 [7bf28275-35a3-4339-bf85-2ac062f1a076-EndpointStateMachineTaskThread-/0.0.0.0:15447-0 ] INFO  ratis.XceiverServerRatis (XceiverServerRatis.java:start(548)) - Starting XceiverServerRatis 7bf28275-35a3-4339-bf85-2ac062f1a076
2023-12-28 09:10:34,638 [7bf28275-35a3-4339-bf85-2ac062f1a076-EndpointStateMachineTaskThread-/0.0.0.0:15447-0 ] INFO  server.RaftServer (RaftServerProxy.java:startImpl(406)) - 7bf28275-35a3-4339-bf85-2ac062f1a076: start RPC server
2023-12-28 09:10:34,639 [7bf28275-35a3-4339-bf85-2ac062f1a076-EndpointStateMachineTaskThread-/0.0.0.0:15447-0 ] INFO  server.GrpcService (GrpcService.java:startImpl(302)) - 7bf28275-35a3-4339-bf85-2ac062f1a076: GrpcService started, listening on 15484
2023-12-28 09:10:34,639 [7bf28275-35a3-4339-bf85-2ac062f1a076-EndpointStateMachineTaskThread-/0.0.0.0:15447-0 ] INFO  server.GrpcService (GrpcService.java:startImpl(302)) - 7bf28275-35a3-4339-bf85-2ac062f1a076: GrpcService started, listening on 15486
2023-12-28 09:10:34,639 [7bf28275-35a3-4339-bf85-2ac062f1a076-EndpointStateMachineTaskThread-/0.0.0.0:15447-0 ] INFO  server.GrpcService (GrpcService.java:startImpl(302)) - 7bf28275-35a3-4339-bf85-2ac062f1a076: GrpcService started, listening on 15485
2023-12-28 09:10:34,639 [7bf28275-35a3-4339-bf85-2ac062f1a076-EndpointStateMachineTaskThread-/0.0.0.0:15447-0 ] INFO  ratis.XceiverServerRatis (XceiverServerRatis.java:getRealPort(574)) - XceiverServerRatis 7bf28275-35a3-4339-bf85-2ac062f1a076 is started using port 15484 for RATIS
2023-12-28 09:10:34,639 [7bf28275-35a3-4339-bf85-2ac062f1a076-EndpointStateMachineTaskThread-/0.0.0.0:15447-0 ] INFO  ratis.XceiverServerRatis (XceiverServerRatis.java:getRealPort(574)) - XceiverServerRatis 7bf28275-35a3-4339-bf85-2ac062f1a076 is started using port 15485 for RATIS_ADMIN
2023-12-28 09:10:34,639 [7bf28275-35a3-4339-bf85-2ac062f1a076-EndpointStateMachineTaskThread-/0.0.0.0:15447-0 ] INFO  ratis.XceiverServerRatis (XceiverServerRatis.java:getRealPort(574)) - XceiverServerRatis 7bf28275-35a3-4339-bf85-2ac062f1a076 is started using port 15486 for RATIS_SERVER
2023-12-28 09:10:34,639 [7bf28275-35a3-4339-bf85-2ac062f1a076-EndpointStateMachineTaskThread-/0.0.0.0:15447-0 ] INFO  ratis.XceiverServerRatis (XceiverServerRatis.java:getRealPort(574)) - XceiverServerRatis 7bf28275-35a3-4339-bf85-2ac062f1a076 is started using port 15487 for RATIS_DATASTREAM
2023-12-28 09:10:34,639 [JvmPauseMonitor60] INFO  util.JvmPauseMonitor (JvmPauseMonitor.java:run(146)) - JvmPauseMonitor-7bf28275-35a3-4339-bf85-2ac062f1a076: Started
2023-12-28 09:10:34,640 [7bf28275-35a3-4339-bf85-2ac062f1a076-BlockDeletingService#0] INFO  interfaces.ContainerDeletionChoosingPolicyTemplate (ContainerDeletionChoosingPolicyTemplate.java:chooseContainerForBlockDeletion(85)) - Chosen 0/5000 blocks from 0 candidate containers.
2023-12-28 09:10:34,719 [1f676f73-0748-4b3a-9af1-03dc59351857-EndpointStateMachineTaskThread-/0.0.0.0:15447-0 ] INFO  utils.DatanodeStoreCache (DatanodeStoreCache.java:addDB(66)) - Added db /home/runner/work/ozone/ozone/hadoop-ozone/integration-test/target/test-dir/MiniOzoneClusterImpl-11b76480-f5fe-46c6-962b-c791e86a534f/datanode-4/data-0/containers/hdds/11b76480-f5fe-46c6-962b-c791e86a534f/DS-9e617643-23f8-48ca-acb5-5fa7008a4585/container.db to cache
2023-12-28 09:10:34,719 [1f676f73-0748-4b3a-9af1-03dc59351857-EndpointStateMachineTaskThread-/0.0.0.0:15447-0 ] INFO  volume.HddsVolume (HddsVolume.java:createDbStore(422)) - SchemaV3 db is created and loaded at /home/runner/work/ozone/ozone/hadoop-ozone/integration-test/target/test-dir/MiniOzoneClusterImpl-11b76480-f5fe-46c6-962b-c791e86a534f/datanode-4/data-0/containers/hdds/11b76480-f5fe-46c6-962b-c791e86a534f/DS-9e617643-23f8-48ca-acb5-5fa7008a4585/container.db for volume DS-9e617643-23f8-48ca-acb5-5fa7008a4585
2023-12-28 09:10:34,720 [1f676f73-0748-4b3a-9af1-03dc59351857-EndpointStateMachineTaskThread-/0.0.0.0:15447-0 ] INFO  volume.ThrottledAsyncChecker (ThrottledAsyncChecker.java:schedule(141)) - Scheduling a check for /home/runner/work/ozone/ozone/hadoop-ozone/integration-test/target/test-dir/MiniOzoneClusterImpl-11b76480-f5fe-46c6-962b-c791e86a534f/datanode-4/data-0/containers/hdds
2023-12-28 09:10:34,721 [1f676f73-0748-4b3a-9af1-03dc59351857-EndpointStateMachineTaskThread-/0.0.0.0:15447-0 ] INFO  volume.StorageVolumeChecker (StorageVolumeChecker.java:checkAllVolumes(218)) - Scheduled health check for volume /home/runner/work/ozone/ozone/hadoop-ozone/integration-test/target/test-dir/MiniOzoneClusterImpl-11b76480-f5fe-46c6-962b-c791e86a534f/datanode-4/data-0/containers/hdds
2023-12-28 09:10:34,721 [1f676f73-0748-4b3a-9af1-03dc59351857-EndpointStateMachineTaskThread-/0.0.0.0:15447-0 ] INFO  volume.ThrottledAsyncChecker (ThrottledAsyncChecker.java:schedule(141)) - Scheduling a check for /home/runner/work/ozone/ozone/hadoop-ozone/integration-test/target/test-dir/MiniOzoneClusterImpl-11b76480-f5fe-46c6-962b-c791e86a534f/datanode-4/data/ratis
2023-12-28 09:10:34,721 [1f676f73-0748-4b3a-9af1-03dc59351857-EndpointStateMachineTaskThread-/0.0.0.0:15447-0 ] INFO  volume.StorageVolumeChecker (StorageVolumeChecker.java:checkAllVolumes(218)) - Scheduled health check for volume /home/runner/work/ozone/ozone/hadoop-ozone/integration-test/target/test-dir/MiniOzoneClusterImpl-11b76480-f5fe-46c6-962b-c791e86a534f/datanode-4/data/ratis
2023-12-28 09:10:34,722 [1f676f73-0748-4b3a-9af1-03dc59351857-EndpointStateMachineTaskThread-/0.0.0.0:15447-0 ] INFO  ozoneimpl.OzoneContainer (OzoneContainer.java:start(441)) - Attempting to start container services.
2023-12-28 09:10:34,722 [1f676f73-0748-4b3a-9af1-03dc59351857-EndpointStateMachineTaskThread-/0.0.0.0:15447-0 ] INFO  ozoneimpl.OzoneContainer (OzoneContainer.java:startContainerScrub(337)) - Scheduled background container scanners and the on-demand container scanner have been disabled.
2023-12-28 09:10:34,722 [1f676f73-0748-4b3a-9af1-03dc59351857-EndpointStateMachineTaskThread-/0.0.0.0:15447-0 ] INFO  replication.ReplicationServer (ReplicationServer.java:start(139)) - ReplicationServer is started using port 15497
2023-12-28 09:10:34,722 [1f676f73-0748-4b3a-9af1-03dc59351857-EndpointStateMachineTaskThread-/0.0.0.0:15447-0 ] INFO  ratis.XceiverServerRatis (XceiverServerRatis.java:start(548)) - Starting XceiverServerRatis 1f676f73-0748-4b3a-9af1-03dc59351857
2023-12-28 09:10:34,723 [1f676f73-0748-4b3a-9af1-03dc59351857-EndpointStateMachineTaskThread-/0.0.0.0:15447-0 ] INFO  server.RaftServer (RaftServerProxy.java:startImpl(406)) - 1f676f73-0748-4b3a-9af1-03dc59351857: start RPC server
2023-12-28 09:10:34,723 [1f676f73-0748-4b3a-9af1-03dc59351857-EndpointStateMachineTaskThread-/0.0.0.0:15447-0 ] INFO  server.GrpcService (GrpcService.java:startImpl(302)) - 1f676f73-0748-4b3a-9af1-03dc59351857: GrpcService started, listening on 15493
2023-12-28 09:10:34,723 [1f676f73-0748-4b3a-9af1-03dc59351857-EndpointStateMachineTaskThread-/0.0.0.0:15447-0 ] INFO  server.GrpcService (GrpcService.java:startImpl(302)) - 1f676f73-0748-4b3a-9af1-03dc59351857: GrpcService started, listening on 15495
2023-12-28 09:10:34,723 [1f676f73-0748-4b3a-9af1-03dc59351857-EndpointStateMachineTaskThread-/0.0.0.0:15447-0 ] INFO  server.GrpcService (GrpcService.java:startImpl(302)) - 1f676f73-0748-4b3a-9af1-03dc59351857: GrpcService started, listening on 15494
2023-12-28 09:10:34,723 [1f676f73-0748-4b3a-9af1-03dc59351857-EndpointStateMachineTaskThread-/0.0.0.0:15447-0 ] INFO  ratis.XceiverServerRatis (XceiverServerRatis.java:getRealPort(574)) - XceiverServerRatis 1f676f73-0748-4b3a-9af1-03dc59351857 is started using port 15493 for RATIS
2023-12-28 09:10:34,723 [1f676f73-0748-4b3a-9af1-03dc59351857-EndpointStateMachineTaskThread-/0.0.0.0:15447-0 ] INFO  ratis.XceiverServerRatis (XceiverServerRatis.java:getRealPort(574)) - XceiverServerRatis 1f676f73-0748-4b3a-9af1-03dc59351857 is started using port 15494 for RATIS_ADMIN
2023-12-28 09:10:34,723 [1f676f73-0748-4b3a-9af1-03dc59351857-EndpointStateMachineTaskThread-/0.0.0.0:15447-0 ] INFO  ratis.XceiverServerRatis (XceiverServerRatis.java:getRealPort(574)) - XceiverServerRatis 1f676f73-0748-4b3a-9af1-03dc59351857 is started using port 15495 for RATIS_SERVER
2023-12-28 09:10:34,724 [1f676f73-0748-4b3a-9af1-03dc59351857-EndpointStateMachineTaskThread-/0.0.0.0:15447-0 ] INFO  ratis.XceiverServerRatis (XceiverServerRatis.java:getRealPort(574)) - XceiverServerRatis 1f676f73-0748-4b3a-9af1-03dc59351857 is started using port 15496 for RATIS_DATASTREAM
2023-12-28 09:10:34,724 [JvmPauseMonitor61] INFO  util.JvmPauseMonitor (JvmPauseMonitor.java:run(146)) - JvmPauseMonitor-1f676f73-0748-4b3a-9af1-03dc59351857: Started
2023-12-28 09:10:34,725 [1f676f73-0748-4b3a-9af1-03dc59351857-BlockDeletingService#0] INFO  interfaces.ContainerDeletionChoosingPolicyTemplate (ContainerDeletionChoosingPolicyTemplate.java:chooseContainerForBlockDeletion(85)) - Chosen 0/5000 blocks from 0 candidate containers.
2023-12-28 09:10:34,811 [d986c04d-7a68-472d-88d2-fc056c6b4cf5-EndpointStateMachineTaskThread-/0.0.0.0:15447-0 ] INFO  utils.DatanodeStoreCache (DatanodeStoreCache.java:addDB(66)) - Added db /home/runner/work/ozone/ozone/hadoop-ozone/integration-test/target/test-dir/MiniOzoneClusterImpl-11b76480-f5fe-46c6-962b-c791e86a534f/datanode-5/data-0/containers/hdds/11b76480-f5fe-46c6-962b-c791e86a534f/DS-5f88fbbb-1303-4f52-a8d6-625707989f6e/container.db to cache
2023-12-28 09:10:34,811 [d986c04d-7a68-472d-88d2-fc056c6b4cf5-EndpointStateMachineTaskThread-/0.0.0.0:15447-0 ] INFO  volume.HddsVolume (HddsVolume.java:createDbStore(422)) - SchemaV3 db is created and loaded at /home/runner/work/ozone/ozone/hadoop-ozone/integration-test/target/test-dir/MiniOzoneClusterImpl-11b76480-f5fe-46c6-962b-c791e86a534f/datanode-5/data-0/containers/hdds/11b76480-f5fe-46c6-962b-c791e86a534f/DS-5f88fbbb-1303-4f52-a8d6-625707989f6e/container.db for volume DS-5f88fbbb-1303-4f52-a8d6-625707989f6e
2023-12-28 09:10:34,812 [d986c04d-7a68-472d-88d2-fc056c6b4cf5-EndpointStateMachineTaskThread-/0.0.0.0:15447-0 ] INFO  volume.ThrottledAsyncChecker (ThrottledAsyncChecker.java:schedule(141)) - Scheduling a check for /home/runner/work/ozone/ozone/hadoop-ozone/integration-test/target/test-dir/MiniOzoneClusterImpl-11b76480-f5fe-46c6-962b-c791e86a534f/datanode-5/data-0/containers/hdds
2023-12-28 09:10:34,812 [d986c04d-7a68-472d-88d2-fc056c6b4cf5-EndpointStateMachineTaskThread-/0.0.0.0:15447-0 ] INFO  volume.StorageVolumeChecker (StorageVolumeChecker.java:checkAllVolumes(218)) - Scheduled health check for volume /home/runner/work/ozone/ozone/hadoop-ozone/integration-test/target/test-dir/MiniOzoneClusterImpl-11b76480-f5fe-46c6-962b-c791e86a534f/datanode-5/data-0/containers/hdds
2023-12-28 09:10:34,813 [d986c04d-7a68-472d-88d2-fc056c6b4cf5-EndpointStateMachineTaskThread-/0.0.0.0:15447-0 ] INFO  volume.ThrottledAsyncChecker (ThrottledAsyncChecker.java:schedule(141)) - Scheduling a check for /home/runner/work/ozone/ozone/hadoop-ozone/integration-test/target/test-dir/MiniOzoneClusterImpl-11b76480-f5fe-46c6-962b-c791e86a534f/datanode-5/data/ratis
2023-12-28 09:10:34,813 [d986c04d-7a68-472d-88d2-fc056c6b4cf5-EndpointStateMachineTaskThread-/0.0.0.0:15447-0 ] INFO  volume.StorageVolumeChecker (StorageVolumeChecker.java:checkAllVolumes(218)) - Scheduled health check for volume /home/runner/work/ozone/ozone/hadoop-ozone/integration-test/target/test-dir/MiniOzoneClusterImpl-11b76480-f5fe-46c6-962b-c791e86a534f/datanode-5/data/ratis
2023-12-28 09:10:34,814 [d986c04d-7a68-472d-88d2-fc056c6b4cf5-EndpointStateMachineTaskThread-/0.0.0.0:15447-0 ] INFO  ozoneimpl.OzoneContainer (OzoneContainer.java:start(441)) - Attempting to start container services.
2023-12-28 09:10:34,814 [d986c04d-7a68-472d-88d2-fc056c6b4cf5-EndpointStateMachineTaskThread-/0.0.0.0:15447-0 ] INFO  ozoneimpl.OzoneContainer (OzoneContainer.java:startContainerScrub(337)) - Scheduled background container scanners and the on-demand container scanner have been disabled.
2023-12-28 09:10:34,814 [d986c04d-7a68-472d-88d2-fc056c6b4cf5-EndpointStateMachineTaskThread-/0.0.0.0:15447-0 ] INFO  replication.ReplicationServer (ReplicationServer.java:start(139)) - ReplicationServer is started using port 15506
2023-12-28 09:10:34,814 [d986c04d-7a68-472d-88d2-fc056c6b4cf5-EndpointStateMachineTaskThread-/0.0.0.0:15447-0 ] INFO  ratis.XceiverServerRatis (XceiverServerRatis.java:start(548)) - Starting XceiverServerRatis d986c04d-7a68-472d-88d2-fc056c6b4cf5
2023-12-28 09:10:34,815 [d986c04d-7a68-472d-88d2-fc056c6b4cf5-EndpointStateMachineTaskThread-/0.0.0.0:15447-0 ] INFO  server.RaftServer (RaftServerProxy.java:startImpl(406)) - d986c04d-7a68-472d-88d2-fc056c6b4cf5: start RPC server
2023-12-28 09:10:34,815 [d986c04d-7a68-472d-88d2-fc056c6b4cf5-EndpointStateMachineTaskThread-/0.0.0.0:15447-0 ] INFO  server.GrpcService (GrpcService.java:startImpl(302)) - d986c04d-7a68-472d-88d2-fc056c6b4cf5: GrpcService started, listening on 15502
2023-12-28 09:10:34,815 [d986c04d-7a68-472d-88d2-fc056c6b4cf5-EndpointStateMachineTaskThread-/0.0.0.0:15447-0 ] INFO  server.GrpcService (GrpcService.java:startImpl(302)) - d986c04d-7a68-472d-88d2-fc056c6b4cf5: GrpcService started, listening on 15504
2023-12-28 09:10:34,815 [d986c04d-7a68-472d-88d2-fc056c6b4cf5-EndpointStateMachineTaskThread-/0.0.0.0:15447-0 ] INFO  server.GrpcService (GrpcService.java:startImpl(302)) - d986c04d-7a68-472d-88d2-fc056c6b4cf5: GrpcService started, listening on 15503
2023-12-28 09:10:34,815 [d986c04d-7a68-472d-88d2-fc056c6b4cf5-EndpointStateMachineTaskThread-/0.0.0.0:15447-0 ] INFO  ratis.XceiverServerRatis (XceiverServerRatis.java:getRealPort(574)) - XceiverServerRatis d986c04d-7a68-472d-88d2-fc056c6b4cf5 is started using port 15502 for RATIS
2023-12-28 09:10:34,815 [JvmPauseMonitor62] INFO  util.JvmPauseMonitor (JvmPauseMonitor.java:run(146)) - JvmPauseMonitor-d986c04d-7a68-472d-88d2-fc056c6b4cf5: Started
2023-12-28 09:10:34,816 [d986c04d-7a68-472d-88d2-fc056c6b4cf5-EndpointStateMachineTaskThread-/0.0.0.0:15447-0 ] INFO  ratis.XceiverServerRatis (XceiverServerRatis.java:getRealPort(574)) - XceiverServerRatis d986c04d-7a68-472d-88d2-fc056c6b4cf5 is started using port 15503 for RATIS_ADMIN
2023-12-28 09:10:34,816 [d986c04d-7a68-472d-88d2-fc056c6b4cf5-EndpointStateMachineTaskThread-/0.0.0.0:15447-0 ] INFO  ratis.XceiverServerRatis (XceiverServerRatis.java:getRealPort(574)) - XceiverServerRatis d986c04d-7a68-472d-88d2-fc056c6b4cf5 is started using port 15504 for RATIS_SERVER
2023-12-28 09:10:34,816 [d986c04d-7a68-472d-88d2-fc056c6b4cf5-EndpointStateMachineTaskThread-/0.0.0.0:15447-0 ] INFO  ratis.XceiverServerRatis (XceiverServerRatis.java:getRealPort(574)) - XceiverServerRatis d986c04d-7a68-472d-88d2-fc056c6b4cf5 is started using port 15505 for RATIS_DATASTREAM
2023-12-28 09:10:34,816 [d986c04d-7a68-472d-88d2-fc056c6b4cf5-BlockDeletingService#0] INFO  interfaces.ContainerDeletionChoosingPolicyTemplate (ContainerDeletionChoosingPolicyTemplate.java:chooseContainerForBlockDeletion(85)) - Chosen 0/5000 blocks from 0 candidate containers.
2023-12-28 09:10:34,896 [e5bd5207-4071-4a5b-ab67-86e23051c304-EndpointStateMachineTaskThread-/0.0.0.0:15447-0 ] INFO  utils.DatanodeStoreCache (DatanodeStoreCache.java:addDB(66)) - Added db /home/runner/work/ozone/ozone/hadoop-ozone/integration-test/target/test-dir/MiniOzoneClusterImpl-11b76480-f5fe-46c6-962b-c791e86a534f/datanode-6/data-0/containers/hdds/11b76480-f5fe-46c6-962b-c791e86a534f/DS-cddbadc9-5d7d-4c94-b3e1-4f1495c3ad24/container.db to cache
2023-12-28 09:10:34,896 [e5bd5207-4071-4a5b-ab67-86e23051c304-EndpointStateMachineTaskThread-/0.0.0.0:15447-0 ] INFO  volume.HddsVolume (HddsVolume.java:createDbStore(422)) - SchemaV3 db is created and loaded at /home/runner/work/ozone/ozone/hadoop-ozone/integration-test/target/test-dir/MiniOzoneClusterImpl-11b76480-f5fe-46c6-962b-c791e86a534f/datanode-6/data-0/containers/hdds/11b76480-f5fe-46c6-962b-c791e86a534f/DS-cddbadc9-5d7d-4c94-b3e1-4f1495c3ad24/container.db for volume DS-cddbadc9-5d7d-4c94-b3e1-4f1495c3ad24
2023-12-28 09:10:34,898 [e5bd5207-4071-4a5b-ab67-86e23051c304-EndpointStateMachineTaskThread-/0.0.0.0:15447-0 ] INFO  volume.ThrottledAsyncChecker (ThrottledAsyncChecker.java:schedule(141)) - Scheduling a check for /home/runner/work/ozone/ozone/hadoop-ozone/integration-test/target/test-dir/MiniOzoneClusterImpl-11b76480-f5fe-46c6-962b-c791e86a534f/datanode-6/data-0/containers/hdds
2023-12-28 09:10:34,898 [e5bd5207-4071-4a5b-ab67-86e23051c304-EndpointStateMachineTaskThread-/0.0.0.0:15447-0 ] INFO  volume.StorageVolumeChecker (StorageVolumeChecker.java:checkAllVolumes(218)) - Scheduled health check for volume /home/runner/work/ozone/ozone/hadoop-ozone/integration-test/target/test-dir/MiniOzoneClusterImpl-11b76480-f5fe-46c6-962b-c791e86a534f/datanode-6/data-0/containers/hdds
2023-12-28 09:10:34,899 [e5bd5207-4071-4a5b-ab67-86e23051c304-EndpointStateMachineTaskThread-/0.0.0.0:15447-0 ] INFO  volume.ThrottledAsyncChecker (ThrottledAsyncChecker.java:schedule(141)) - Scheduling a check for /home/runner/work/ozone/ozone/hadoop-ozone/integration-test/target/test-dir/MiniOzoneClusterImpl-11b76480-f5fe-46c6-962b-c791e86a534f/datanode-6/data/ratis
2023-12-28 09:10:34,899 [e5bd5207-4071-4a5b-ab67-86e23051c304-EndpointStateMachineTaskThread-/0.0.0.0:15447-0 ] INFO  volume.StorageVolumeChecker (StorageVolumeChecker.java:checkAllVolumes(218)) - Scheduled health check for volume /home/runner/work/ozone/ozone/hadoop-ozone/integration-test/target/test-dir/MiniOzoneClusterImpl-11b76480-f5fe-46c6-962b-c791e86a534f/datanode-6/data/ratis
2023-12-28 09:10:34,899 [e5bd5207-4071-4a5b-ab67-86e23051c304-EndpointStateMachineTaskThread-/0.0.0.0:15447-0 ] INFO  ozoneimpl.OzoneContainer (OzoneContainer.java:start(441)) - Attempting to start container services.
2023-12-28 09:10:34,899 [e5bd5207-4071-4a5b-ab67-86e23051c304-EndpointStateMachineTaskThread-/0.0.0.0:15447-0 ] INFO  ozoneimpl.OzoneContainer (OzoneContainer.java:startContainerScrub(337)) - Scheduled background container scanners and the on-demand container scanner have been disabled.
2023-12-28 09:10:34,900 [e5bd5207-4071-4a5b-ab67-86e23051c304-EndpointStateMachineTaskThread-/0.0.0.0:15447-0 ] INFO  replication.ReplicationServer (ReplicationServer.java:start(139)) - ReplicationServer is started using port 15515
2023-12-28 09:10:34,900 [e5bd5207-4071-4a5b-ab67-86e23051c304-EndpointStateMachineTaskThread-/0.0.0.0:15447-0 ] INFO  ratis.XceiverServerRatis (XceiverServerRatis.java:start(548)) - Starting XceiverServerRatis e5bd5207-4071-4a5b-ab67-86e23051c304
2023-12-28 09:10:34,900 [e5bd5207-4071-4a5b-ab67-86e23051c304-EndpointStateMachineTaskThread-/0.0.0.0:15447-0 ] INFO  server.RaftServer (RaftServerProxy.java:startImpl(406)) - e5bd5207-4071-4a5b-ab67-86e23051c304: start RPC server
2023-12-28 09:10:34,900 [e5bd5207-4071-4a5b-ab67-86e23051c304-EndpointStateMachineTaskThread-/0.0.0.0:15447-0 ] INFO  server.GrpcService (GrpcService.java:startImpl(302)) - e5bd5207-4071-4a5b-ab67-86e23051c304: GrpcService started, listening on 15511
2023-12-28 09:10:34,900 [e5bd5207-4071-4a5b-ab67-86e23051c304-EndpointStateMachineTaskThread-/0.0.0.0:15447-0 ] INFO  server.GrpcService (GrpcService.java:startImpl(302)) - e5bd5207-4071-4a5b-ab67-86e23051c304: GrpcService started, listening on 15513
2023-12-28 09:10:34,900 [e5bd5207-4071-4a5b-ab67-86e23051c304-EndpointStateMachineTaskThread-/0.0.0.0:15447-0 ] INFO  server.GrpcService (GrpcService.java:startImpl(302)) - e5bd5207-4071-4a5b-ab67-86e23051c304: GrpcService started, listening on 15512
2023-12-28 09:10:34,901 [e5bd5207-4071-4a5b-ab67-86e23051c304-EndpointStateMachineTaskThread-/0.0.0.0:15447-0 ] INFO  ratis.XceiverServerRatis (XceiverServerRatis.java:getRealPort(574)) - XceiverServerRatis e5bd5207-4071-4a5b-ab67-86e23051c304 is started using port 15511 for RATIS
2023-12-28 09:10:34,901 [JvmPauseMonitor63] INFO  util.JvmPauseMonitor (JvmPauseMonitor.java:run(146)) - JvmPauseMonitor-e5bd5207-4071-4a5b-ab67-86e23051c304: Started
2023-12-28 09:10:34,901 [e5bd5207-4071-4a5b-ab67-86e23051c304-EndpointStateMachineTaskThread-/0.0.0.0:15447-0 ] INFO  ratis.XceiverServerRatis (XceiverServerRatis.java:getRealPort(574)) - XceiverServerRatis e5bd5207-4071-4a5b-ab67-86e23051c304 is started using port 15512 for RATIS_ADMIN
2023-12-28 09:10:34,901 [e5bd5207-4071-4a5b-ab67-86e23051c304-EndpointStateMachineTaskThread-/0.0.0.0:15447-0 ] INFO  ratis.XceiverServerRatis (XceiverServerRatis.java:getRealPort(574)) - XceiverServerRatis e5bd5207-4071-4a5b-ab67-86e23051c304 is started using port 15513 for RATIS_SERVER
2023-12-28 09:10:34,901 [e5bd5207-4071-4a5b-ab67-86e23051c304-EndpointStateMachineTaskThread-/0.0.0.0:15447-0 ] INFO  ratis.XceiverServerRatis (XceiverServerRatis.java:getRealPort(574)) - XceiverServerRatis e5bd5207-4071-4a5b-ab67-86e23051c304 is started using port 15514 for RATIS_DATASTREAM
2023-12-28 09:10:34,901 [e5bd5207-4071-4a5b-ab67-86e23051c304-BlockDeletingService#0] INFO  interfaces.ContainerDeletionChoosingPolicyTemplate (ContainerDeletionChoosingPolicyTemplate.java:chooseContainerForBlockDeletion(85)) - Chosen 0/5000 blocks from 0 candidate containers.
2023-12-28 09:10:34,981 [a0932215-df16-440c-a3f0-f0918056a56b-EndpointStateMachineTaskThread-/0.0.0.0:15447-0 ] INFO  utils.DatanodeStoreCache (DatanodeStoreCache.java:addDB(66)) - Added db /home/runner/work/ozone/ozone/hadoop-ozone/integration-test/target/test-dir/MiniOzoneClusterImpl-11b76480-f5fe-46c6-962b-c791e86a534f/datanode-7/data-0/containers/hdds/11b76480-f5fe-46c6-962b-c791e86a534f/DS-b3ab1245-0fa2-441a-893d-abd77708c71e/container.db to cache
2023-12-28 09:10:34,981 [a0932215-df16-440c-a3f0-f0918056a56b-EndpointStateMachineTaskThread-/0.0.0.0:15447-0 ] INFO  volume.HddsVolume (HddsVolume.java:createDbStore(422)) - SchemaV3 db is created and loaded at /home/runner/work/ozone/ozone/hadoop-ozone/integration-test/target/test-dir/MiniOzoneClusterImpl-11b76480-f5fe-46c6-962b-c791e86a534f/datanode-7/data-0/containers/hdds/11b76480-f5fe-46c6-962b-c791e86a534f/DS-b3ab1245-0fa2-441a-893d-abd77708c71e/container.db for volume DS-b3ab1245-0fa2-441a-893d-abd77708c71e
2023-12-28 09:10:34,983 [a0932215-df16-440c-a3f0-f0918056a56b-EndpointStateMachineTaskThread-/0.0.0.0:15447-0 ] INFO  volume.ThrottledAsyncChecker (ThrottledAsyncChecker.java:schedule(141)) - Scheduling a check for /home/runner/work/ozone/ozone/hadoop-ozone/integration-test/target/test-dir/MiniOzoneClusterImpl-11b76480-f5fe-46c6-962b-c791e86a534f/datanode-7/data-0/containers/hdds
2023-12-28 09:10:34,983 [a0932215-df16-440c-a3f0-f0918056a56b-EndpointStateMachineTaskThread-/0.0.0.0:15447-0 ] INFO  volume.StorageVolumeChecker (StorageVolumeChecker.java:checkAllVolumes(218)) - Scheduled health check for volume /home/runner/work/ozone/ozone/hadoop-ozone/integration-test/target/test-dir/MiniOzoneClusterImpl-11b76480-f5fe-46c6-962b-c791e86a534f/datanode-7/data-0/containers/hdds
2023-12-28 09:10:34,984 [a0932215-df16-440c-a3f0-f0918056a56b-EndpointStateMachineTaskThread-/0.0.0.0:15447-0 ] INFO  volume.ThrottledAsyncChecker (ThrottledAsyncChecker.java:schedule(141)) - Scheduling a check for /home/runner/work/ozone/ozone/hadoop-ozone/integration-test/target/test-dir/MiniOzoneClusterImpl-11b76480-f5fe-46c6-962b-c791e86a534f/datanode-7/data/ratis
2023-12-28 09:10:34,984 [a0932215-df16-440c-a3f0-f0918056a56b-EndpointStateMachineTaskThread-/0.0.0.0:15447-0 ] INFO  volume.StorageVolumeChecker (StorageVolumeChecker.java:checkAllVolumes(218)) - Scheduled health check for volume /home/runner/work/ozone/ozone/hadoop-ozone/integration-test/target/test-dir/MiniOzoneClusterImpl-11b76480-f5fe-46c6-962b-c791e86a534f/datanode-7/data/ratis
2023-12-28 09:10:34,985 [a0932215-df16-440c-a3f0-f0918056a56b-EndpointStateMachineTaskThread-/0.0.0.0:15447-0 ] INFO  ozoneimpl.OzoneContainer (OzoneContainer.java:start(441)) - Attempting to start container services.
2023-12-28 09:10:34,985 [a0932215-df16-440c-a3f0-f0918056a56b-EndpointStateMachineTaskThread-/0.0.0.0:15447-0 ] INFO  ozoneimpl.OzoneContainer (OzoneContainer.java:startContainerScrub(337)) - Scheduled background container scanners and the on-demand container scanner have been disabled.
2023-12-28 09:10:34,985 [a0932215-df16-440c-a3f0-f0918056a56b-EndpointStateMachineTaskThread-/0.0.0.0:15447-0 ] INFO  replication.ReplicationServer (ReplicationServer.java:start(139)) - ReplicationServer is started using port 15524
2023-12-28 09:10:34,985 [a0932215-df16-440c-a3f0-f0918056a56b-EndpointStateMachineTaskThread-/0.0.0.0:15447-0 ] INFO  ratis.XceiverServerRatis (XceiverServerRatis.java:start(548)) - Starting XceiverServerRatis a0932215-df16-440c-a3f0-f0918056a56b
2023-12-28 09:10:34,986 [a0932215-df16-440c-a3f0-f0918056a56b-EndpointStateMachineTaskThread-/0.0.0.0:15447-0 ] INFO  server.RaftServer (RaftServerProxy.java:startImpl(406)) - a0932215-df16-440c-a3f0-f0918056a56b: start RPC server
2023-12-28 09:10:34,986 [a0932215-df16-440c-a3f0-f0918056a56b-EndpointStateMachineTaskThread-/0.0.0.0:15447-0 ] INFO  server.GrpcService (GrpcService.java:startImpl(302)) - a0932215-df16-440c-a3f0-f0918056a56b: GrpcService started, listening on 15520
2023-12-28 09:10:34,986 [a0932215-df16-440c-a3f0-f0918056a56b-EndpointStateMachineTaskThread-/0.0.0.0:15447-0 ] INFO  server.GrpcService (GrpcService.java:startImpl(302)) - a0932215-df16-440c-a3f0-f0918056a56b: GrpcService started, listening on 15522
2023-12-28 09:10:34,986 [a0932215-df16-440c-a3f0-f0918056a56b-EndpointStateMachineTaskThread-/0.0.0.0:15447-0 ] INFO  server.GrpcService (GrpcService.java:startImpl(302)) - a0932215-df16-440c-a3f0-f0918056a56b: GrpcService started, listening on 15521
2023-12-28 09:10:34,986 [a0932215-df16-440c-a3f0-f0918056a56b-EndpointStateMachineTaskThread-/0.0.0.0:15447-0 ] INFO  ratis.XceiverServerRatis (XceiverServerRatis.java:getRealPort(574)) - XceiverServerRatis a0932215-df16-440c-a3f0-f0918056a56b is started using port 15520 for RATIS
2023-12-28 09:10:34,986 [JvmPauseMonitor64] INFO  util.JvmPauseMonitor (JvmPauseMonitor.java:run(146)) - JvmPauseMonitor-a0932215-df16-440c-a3f0-f0918056a56b: Started
2023-12-28 09:10:34,986 [a0932215-df16-440c-a3f0-f0918056a56b-EndpointStateMachineTaskThread-/0.0.0.0:15447-0 ] INFO  ratis.XceiverServerRatis (XceiverServerRatis.java:getRealPort(574)) - XceiverServerRatis a0932215-df16-440c-a3f0-f0918056a56b is started using port 15521 for RATIS_ADMIN
2023-12-28 09:10:34,987 [a0932215-df16-440c-a3f0-f0918056a56b-EndpointStateMachineTaskThread-/0.0.0.0:15447-0 ] INFO  ratis.XceiverServerRatis (XceiverServerRatis.java:getRealPort(574)) - XceiverServerRatis a0932215-df16-440c-a3f0-f0918056a56b is started using port 15522 for RATIS_SERVER
2023-12-28 09:10:34,987 [a0932215-df16-440c-a3f0-f0918056a56b-EndpointStateMachineTaskThread-/0.0.0.0:15447-0 ] INFO  ratis.XceiverServerRatis (XceiverServerRatis.java:getRealPort(574)) - XceiverServerRatis a0932215-df16-440c-a3f0-f0918056a56b is started using port 15523 for RATIS_DATASTREAM
2023-12-28 09:10:34,987 [a0932215-df16-440c-a3f0-f0918056a56b-BlockDeletingService#0] INFO  interfaces.ContainerDeletionChoosingPolicyTemplate (ContainerDeletionChoosingPolicyTemplate.java:chooseContainerForBlockDeletion(85)) - Chosen 0/5000 blocks from 0 candidate containers.
2023-12-28 09:10:35,041 [main] INFO  ozone.MiniOzoneClusterImpl (MiniOzoneClusterImpl.java:lambda$waitForClusterToBeReady$0(230)) - Waiting for nodes to be ready. Got 0 of 9 DN Heartbeats.
2023-12-28 09:10:35,041 [main] INFO  ozone.MiniOzoneClusterImpl (MiniOzoneClusterImpl.java:lambda$waitForClusterToBeReady$0(233)) - Waiting for cluster to exit safe mode
2023-12-28 09:10:35,041 [main] INFO  ozone.MiniOzoneClusterImpl (MiniOzoneClusterImpl.java:lambda$waitForClusterToBeReady$0(235)) - SCM became leader
2023-12-28 09:10:35,066 [d4ff55f6-7f98-4fff-b295-c0ac26278483-EndpointStateMachineTaskThread-/0.0.0.0:15447-0 ] INFO  utils.DatanodeStoreCache (DatanodeStoreCache.java:addDB(66)) - Added db /home/runner/work/ozone/ozone/hadoop-ozone/integration-test/target/test-dir/MiniOzoneClusterImpl-11b76480-f5fe-46c6-962b-c791e86a534f/datanode-8/data-0/containers/hdds/11b76480-f5fe-46c6-962b-c791e86a534f/DS-f89d9f01-ef4a-4202-a8c4-c3534392c52c/container.db to cache
2023-12-28 09:10:35,066 [d4ff55f6-7f98-4fff-b295-c0ac26278483-EndpointStateMachineTaskThread-/0.0.0.0:15447-0 ] INFO  volume.HddsVolume (HddsVolume.java:createDbStore(422)) - SchemaV3 db is created and loaded at /home/runner/work/ozone/ozone/hadoop-ozone/integration-test/target/test-dir/MiniOzoneClusterImpl-11b76480-f5fe-46c6-962b-c791e86a534f/datanode-8/data-0/containers/hdds/11b76480-f5fe-46c6-962b-c791e86a534f/DS-f89d9f01-ef4a-4202-a8c4-c3534392c52c/container.db for volume DS-f89d9f01-ef4a-4202-a8c4-c3534392c52c
2023-12-28 09:10:35,068 [d4ff55f6-7f98-4fff-b295-c0ac26278483-EndpointStateMachineTaskThread-/0.0.0.0:15447-0 ] INFO  volume.ThrottledAsyncChecker (ThrottledAsyncChecker.java:schedule(141)) - Scheduling a check for /home/runner/work/ozone/ozone/hadoop-ozone/integration-test/target/test-dir/MiniOzoneClusterImpl-11b76480-f5fe-46c6-962b-c791e86a534f/datanode-8/data-0/containers/hdds
2023-12-28 09:10:35,068 [d4ff55f6-7f98-4fff-b295-c0ac26278483-EndpointStateMachineTaskThread-/0.0.0.0:15447-0 ] INFO  volume.StorageVolumeChecker (StorageVolumeChecker.java:checkAllVolumes(218)) - Scheduled health check for volume /home/runner/work/ozone/ozone/hadoop-ozone/integration-test/target/test-dir/MiniOzoneClusterImpl-11b76480-f5fe-46c6-962b-c791e86a534f/datanode-8/data-0/containers/hdds
2023-12-28 09:10:35,069 [d4ff55f6-7f98-4fff-b295-c0ac26278483-EndpointStateMachineTaskThread-/0.0.0.0:15447-0 ] INFO  volume.ThrottledAsyncChecker (ThrottledAsyncChecker.java:schedule(141)) - Scheduling a check for /home/runner/work/ozone/ozone/hadoop-ozone/integration-test/target/test-dir/MiniOzoneClusterImpl-11b76480-f5fe-46c6-962b-c791e86a534f/datanode-8/data/ratis
2023-12-28 09:10:35,069 [d4ff55f6-7f98-4fff-b295-c0ac26278483-EndpointStateMachineTaskThread-/0.0.0.0:15447-0 ] INFO  volume.StorageVolumeChecker (StorageVolumeChecker.java:checkAllVolumes(218)) - Scheduled health check for volume /home/runner/work/ozone/ozone/hadoop-ozone/integration-test/target/test-dir/MiniOzoneClusterImpl-11b76480-f5fe-46c6-962b-c791e86a534f/datanode-8/data/ratis
2023-12-28 09:10:35,070 [d4ff55f6-7f98-4fff-b295-c0ac26278483-EndpointStateMachineTaskThread-/0.0.0.0:15447-0 ] INFO  ozoneimpl.OzoneContainer (OzoneContainer.java:start(441)) - Attempting to start container services.
2023-12-28 09:10:35,070 [d4ff55f6-7f98-4fff-b295-c0ac26278483-EndpointStateMachineTaskThread-/0.0.0.0:15447-0 ] INFO  ozoneimpl.OzoneContainer (OzoneContainer.java:startContainerScrub(337)) - Scheduled background container scanners and the on-demand container scanner have been disabled.
2023-12-28 09:10:35,070 [d4ff55f6-7f98-4fff-b295-c0ac26278483-EndpointStateMachineTaskThread-/0.0.0.0:15447-0 ] INFO  replication.ReplicationServer (ReplicationServer.java:start(139)) - ReplicationServer is started using port 15533
2023-12-28 09:10:35,070 [d4ff55f6-7f98-4fff-b295-c0ac26278483-EndpointStateMachineTaskThread-/0.0.0.0:15447-0 ] INFO  ratis.XceiverServerRatis (XceiverServerRatis.java:start(548)) - Starting XceiverServerRatis d4ff55f6-7f98-4fff-b295-c0ac26278483
2023-12-28 09:10:35,070 [d4ff55f6-7f98-4fff-b295-c0ac26278483-EndpointStateMachineTaskThread-/0.0.0.0:15447-0 ] INFO  server.RaftServer (RaftServerProxy.java:startImpl(406)) - d4ff55f6-7f98-4fff-b295-c0ac26278483: start RPC server
2023-12-28 09:10:35,072 [d4ff55f6-7f98-4fff-b295-c0ac26278483-EndpointStateMachineTaskThread-/0.0.0.0:15447-0 ] INFO  server.GrpcService (GrpcService.java:startImpl(302)) - d4ff55f6-7f98-4fff-b295-c0ac26278483: GrpcService started, listening on 15529
2023-12-28 09:10:35,072 [d4ff55f6-7f98-4fff-b295-c0ac26278483-EndpointStateMachineTaskThread-/0.0.0.0:15447-0 ] INFO  server.GrpcService (GrpcService.java:startImpl(302)) - d4ff55f6-7f98-4fff-b295-c0ac26278483: GrpcService started, listening on 15531
2023-12-28 09:10:35,072 [d4ff55f6-7f98-4fff-b295-c0ac26278483-EndpointStateMachineTaskThread-/0.0.0.0:15447-0 ] INFO  server.GrpcService (GrpcService.java:startImpl(302)) - d4ff55f6-7f98-4fff-b295-c0ac26278483: GrpcService started, listening on 15530
2023-12-28 09:10:35,072 [d4ff55f6-7f98-4fff-b295-c0ac26278483-EndpointStateMachineTaskThread-/0.0.0.0:15447-0 ] INFO  ratis.XceiverServerRatis (XceiverServerRatis.java:getRealPort(574)) - XceiverServerRatis d4ff55f6-7f98-4fff-b295-c0ac26278483 is started using port 15529 for RATIS
2023-12-28 09:10:35,072 [d4ff55f6-7f98-4fff-b295-c0ac26278483-EndpointStateMachineTaskThread-/0.0.0.0:15447-0 ] INFO  ratis.XceiverServerRatis (XceiverServerRatis.java:getRealPort(574)) - XceiverServerRatis d4ff55f6-7f98-4fff-b295-c0ac26278483 is started using port 15530 for RATIS_ADMIN
2023-12-28 09:10:35,072 [d4ff55f6-7f98-4fff-b295-c0ac26278483-EndpointStateMachineTaskThread-/0.0.0.0:15447-0 ] INFO  ratis.XceiverServerRatis (XceiverServerRatis.java:getRealPort(574)) - XceiverServerRatis d4ff55f6-7f98-4fff-b295-c0ac26278483 is started using port 15531 for RATIS_SERVER
2023-12-28 09:10:35,072 [d4ff55f6-7f98-4fff-b295-c0ac26278483-EndpointStateMachineTaskThread-/0.0.0.0:15447-0 ] INFO  ratis.XceiverServerRatis (XceiverServerRatis.java:getRealPort(574)) - XceiverServerRatis d4ff55f6-7f98-4fff-b295-c0ac26278483 is started using port 15532 for RATIS_DATASTREAM
2023-12-28 09:10:35,072 [JvmPauseMonitor65] INFO  util.JvmPauseMonitor (JvmPauseMonitor.java:run(146)) - JvmPauseMonitor-d4ff55f6-7f98-4fff-b295-c0ac26278483: Started
2023-12-28 09:10:35,073 [d4ff55f6-7f98-4fff-b295-c0ac26278483-BlockDeletingService#0] INFO  interfaces.ContainerDeletionChoosingPolicyTemplate (ContainerDeletionChoosingPolicyTemplate.java:chooseContainerForBlockDeletion(85)) - Chosen 0/5000 blocks from 0 candidate containers.
2023-12-28 09:10:36,042 [main] INFO  ozone.MiniOzoneClusterImpl (MiniOzoneClusterImpl.java:lambda$waitForClusterToBeReady$0(230)) - Waiting for nodes to be ready. Got 0 of 9 DN Heartbeats.
2023-12-28 09:10:36,042 [main] INFO  ozone.MiniOzoneClusterImpl (MiniOzoneClusterImpl.java:lambda$waitForClusterToBeReady$0(233)) - Waiting for cluster to exit safe mode
2023-12-28 09:10:36,042 [main] INFO  ozone.MiniOzoneClusterImpl (MiniOzoneClusterImpl.java:lambda$waitForClusterToBeReady$0(235)) - SCM became leader
2023-12-28 09:10:36,338 [IPC Server handler 3 on default port 15447] INFO  net.NetworkTopologyImpl (NetworkTopologyImpl.java:add(124)) - Added a new node: /default-rack/e4352bd1-85d5-4ef3-8682-c1451338ec4a
2023-12-28 09:10:36,338 [IPC Server handler 3 on default port 15447] INFO  node.SCMNodeManager (SCMNodeManager.java:register(417)) - Registered datanode: e4352bd1-85d5-4ef3-8682-c1451338ec4a{ip: 10.1.0.14, host: fv-az1384-14.e3qrh24bduyexj1tcof5x1etkc.ex.internal.cloudapp.net, ports: [HTTP=15454, CLIENT_RPC=15455, REPLICATION=15461, RATIS=15457, RATIS_ADMIN=15458, RATIS_SERVER=15459, RATIS_DATASTREAM=15460, STANDALONE=15456], networkLocation: /default-rack, certSerialId: null, persistedOpState: null, persistedOpStateExpiryEpochSec: 0}
2023-12-28 09:10:36,340 [EventQueue-NewNodeForNewNodeHandler] INFO  pipeline.BackgroundPipelineCreator (BackgroundPipelineCreator.java:notifyEventTriggered(280)) - trigger a one-shot run on RatisPipelineUtilsThread.
2023-12-28 09:10:36,341 [EventQueue-NodeRegistrationContainerReportForContainerSafeModeRule] INFO  safemode.SCMSafeModeManager (SCMSafeModeManager.java:validateSafeModeExitRules(200)) - ContainerSafeModeRule rule is successfully validated
2023-12-28 09:10:36,341 [RatisPipelineUtilsThread-0] INFO  pipeline.RatisPipelineProvider (RatisPipelineProvider.java:lambda$create$0(206)) - Sending CreatePipelineCommand for pipeline:PipelineID=609891c5-c3c4-435f-a972-3b90c04fcc54 to datanode:e4352bd1-85d5-4ef3-8682-c1451338ec4a
2023-12-28 09:10:36,341 [EventQueue-NodeRegistrationContainerReportForDataNodeSafeModeRule] INFO  safemode.SCMSafeModeManager (DataNodeSafeModeRule.java:process(71)) - SCM in safe mode. 1 DataNodes registered, 3 required.
2023-12-28 09:10:36,342 [RatisPipelineUtilsThread-0] INFO  pipeline.BackgroundPipelineCreator (BackgroundPipelineCreator.java:createPipelines(236)) - Created new pipeline Pipeline[ Id: 609891c5-c3c4-435f-a972-3b90c04fcc54, Nodes: e4352bd1-85d5-4ef3-8682-c1451338ec4a(fv-az1384-14.e3qrh24bduyexj1tcof5x1etkc.ex.internal.cloudapp.net/10.1.0.14), ReplicationConfig: RATIS/ONE, State:ALLOCATED, leaderId:, CreationTimestamp2023-12-28T09:10:36.341Z[Etc/UTC]]
2023-12-28 09:10:36,343 [EventQueue-PipelineReportForOneReplicaPipelineSafeModeRule] INFO  safemode.SCMSafeModeManager (SCMSafeModeManager.java:validateSafeModeExitRules(200)) - AtleastOneDatanodeReportedRule rule is successfully validated
2023-12-28 09:10:36,425 [IPC Server handler 5 on default port 15447] INFO  net.NetworkTopologyImpl (NetworkTopologyImpl.java:add(124)) - Added a new node: /default-rack/bc83b340-cccb-4d5a-a730-8abffc996f86
2023-12-28 09:10:36,425 [IPC Server handler 5 on default port 15447] INFO  node.SCMNodeManager (SCMNodeManager.java:register(417)) - Registered datanode: bc83b340-cccb-4d5a-a730-8abffc996f86{ip: 10.1.0.14, host: fv-az1384-14.e3qrh24bduyexj1tcof5x1etkc.ex.internal.cloudapp.net, ports: [HTTP=15463, CLIENT_RPC=15464, REPLICATION=15470, RATIS=15466, RATIS_ADMIN=15467, RATIS_SERVER=15468, RATIS_DATASTREAM=15469, STANDALONE=15465], networkLocation: /default-rack, certSerialId: null, persistedOpState: null, persistedOpStateExpiryEpochSec: 0}
2023-12-28 09:10:36,426 [EventQueue-NodeRegistrationContainerReportForDataNodeSafeModeRule] INFO  safemode.SCMSafeModeManager (DataNodeSafeModeRule.java:process(71)) - SCM in safe mode. 2 DataNodes registered, 3 required.
2023-12-28 09:10:36,426 [EventQueue-NewNodeForNewNodeHandler] INFO  pipeline.BackgroundPipelineCreator (BackgroundPipelineCreator.java:notifyEventTriggered(280)) - trigger a one-shot run on RatisPipelineUtilsThread.
2023-12-28 09:10:36,426 [RatisPipelineUtilsThread-0] INFO  pipeline.RatisPipelineProvider (RatisPipelineProvider.java:lambda$create$0(206)) - Sending CreatePipelineCommand for pipeline:PipelineID=076783b7-3132-4f85-a270-5891f2529d54 to datanode:bc83b340-cccb-4d5a-a730-8abffc996f86
2023-12-28 09:10:36,426 [RatisPipelineUtilsThread-0] INFO  pipeline.BackgroundPipelineCreator (BackgroundPipelineCreator.java:createPipelines(236)) - Created new pipeline Pipeline[ Id: 076783b7-3132-4f85-a270-5891f2529d54, Nodes: bc83b340-cccb-4d5a-a730-8abffc996f86(fv-az1384-14.e3qrh24bduyexj1tcof5x1etkc.ex.internal.cloudapp.net/10.1.0.14), ReplicationConfig: RATIS/ONE, State:ALLOCATED, leaderId:, CreationTimestamp2023-12-28T09:10:36.426Z[Etc/UTC]]
2023-12-28 09:10:36,522 [IPC Server handler 6 on default port 15447] INFO  net.NetworkTopologyImpl (NetworkTopologyImpl.java:add(124)) - Added a new node: /default-rack/44783c19-7880-41e3-960e-1ceedd7807f9
2023-12-28 09:10:36,522 [IPC Server handler 6 on default port 15447] INFO  node.SCMNodeManager (SCMNodeManager.java:register(417)) - Registered datanode: 44783c19-7880-41e3-960e-1ceedd7807f9{ip: 10.1.0.14, host: fv-az1384-14.e3qrh24bduyexj1tcof5x1etkc.ex.internal.cloudapp.net, ports: [HTTP=15472, CLIENT_RPC=15473, REPLICATION=15479, RATIS=15475, RATIS_ADMIN=15476, RATIS_SERVER=15477, RATIS_DATASTREAM=15478, STANDALONE=15474], networkLocation: /default-rack, certSerialId: null, persistedOpState: null, persistedOpStateExpiryEpochSec: 0}
2023-12-28 09:10:36,522 [EventQueue-NewNodeForNewNodeHandler] INFO  pipeline.BackgroundPipelineCreator (BackgroundPipelineCreator.java:notifyEventTriggered(280)) - trigger a one-shot run on RatisPipelineUtilsThread.
2023-12-28 09:10:36,522 [EventQueue-NodeRegistrationContainerReportForDataNodeSafeModeRule] INFO  safemode.SCMSafeModeManager (DataNodeSafeModeRule.java:process(71)) - SCM in safe mode. 3 DataNodes registered, 3 required.
2023-12-28 09:10:36,522 [EventQueue-NodeRegistrationContainerReportForDataNodeSafeModeRule] INFO  safemode.SCMSafeModeManager (SCMSafeModeManager.java:validateSafeModeExitRules(200)) - DataNodeSafeModeRule rule is successfully validated
2023-12-28 09:10:36,522 [EventQueue-NodeRegistrationContainerReportForDataNodeSafeModeRule] INFO  safemode.SCMSafeModeManager (SCMSafeModeManager.java:completePreCheck(229)) - All SCM safe mode pre check rules have passed
2023-12-28 09:10:36,522 [RatisPipelineUtilsThread-0] INFO  pipeline.RatisPipelineProvider (RatisPipelineProvider.java:lambda$create$0(206)) - Sending CreatePipelineCommand for pipeline:PipelineID=03e48902-8f1d-4a28-a33a-feeefb768e03 to datanode:44783c19-7880-41e3-960e-1ceedd7807f9
2023-12-28 09:10:36,522 [EventQueue-NodeRegistrationContainerReportForDataNodeSafeModeRule] INFO  ha.SCMContext (SCMContext.java:updateSafeModeStatus(230)) - Update SafeModeStatus from SafeModeStatus{safeModeStatus=true, preCheckPassed=false} to SafeModeStatus{safeModeStatus=true, preCheckPassed=true}.
2023-12-28 09:10:36,522 [EventQueue-NodeRegistrationContainerReportForDataNodeSafeModeRule] INFO  pipeline.BackgroundPipelineCreator (BackgroundPipelineCreator.java:notifyEventTriggered(280)) - trigger a one-shot run on RatisPipelineUtilsThread.
2023-12-28 09:10:36,523 [RatisPipelineUtilsThread-0] INFO  pipeline.BackgroundPipelineCreator (BackgroundPipelineCreator.java:createPipelines(236)) - Created new pipeline Pipeline[ Id: 03e48902-8f1d-4a28-a33a-feeefb768e03, Nodes: 44783c19-7880-41e3-960e-1ceedd7807f9(fv-az1384-14.e3qrh24bduyexj1tcof5x1etkc.ex.internal.cloudapp.net/10.1.0.14), ReplicationConfig: RATIS/ONE, State:ALLOCATED, leaderId:, CreationTimestamp2023-12-28T09:10:36.522Z[Etc/UTC]]
2023-12-28 09:10:36,523 [RatisPipelineUtilsThread-0] INFO  pipeline.RatisPipelineProvider (RatisPipelineProvider.java:lambda$create$0(206)) - Sending CreatePipelineCommand for pipeline:PipelineID=d9aa7e2a-ba71-457a-b112-06525d7e7823 to datanode:bc83b340-cccb-4d5a-a730-8abffc996f86
2023-12-28 09:10:36,523 [RatisPipelineUtilsThread-0] INFO  pipeline.RatisPipelineProvider (RatisPipelineProvider.java:lambda$create$0(206)) - Sending CreatePipelineCommand for pipeline:PipelineID=d9aa7e2a-ba71-457a-b112-06525d7e7823 to datanode:44783c19-7880-41e3-960e-1ceedd7807f9
2023-12-28 09:10:36,523 [RatisPipelineUtilsThread-0] INFO  pipeline.RatisPipelineProvider (RatisPipelineProvider.java:lambda$create$0(206)) - Sending CreatePipelineCommand for pipeline:PipelineID=d9aa7e2a-ba71-457a-b112-06525d7e7823 to datanode:e4352bd1-85d5-4ef3-8682-c1451338ec4a
2023-12-28 09:10:36,524 [RatisPipelineUtilsThread-0] INFO  pipeline.BackgroundPipelineCreator (BackgroundPipelineCreator.java:createPipelines(236)) - Created new pipeline Pipeline[ Id: d9aa7e2a-ba71-457a-b112-06525d7e7823, Nodes: bc83b340-cccb-4d5a-a730-8abffc996f86(fv-az1384-14.e3qrh24bduyexj1tcof5x1etkc.ex.internal.cloudapp.net/10.1.0.14)44783c19-7880-41e3-960e-1ceedd7807f9(fv-az1384-14.e3qrh24bduyexj1tcof5x1etkc.ex.internal.cloudapp.net/10.1.0.14)e4352bd1-85d5-4ef3-8682-c1451338ec4a(fv-az1384-14.e3qrh24bduyexj1tcof5x1etkc.ex.internal.cloudapp.net/10.1.0.14), ReplicationConfig: RATIS/THREE, State:ALLOCATED, leaderId:, CreationTimestamp2023-12-28T09:10:36.523Z[Etc/UTC]]
2023-12-28 09:10:36,607 [IPC Server handler 7 on default port 15447] INFO  net.NetworkTopologyImpl (NetworkTopologyImpl.java:add(124)) - Added a new node: /default-rack/7bf28275-35a3-4339-bf85-2ac062f1a076
2023-12-28 09:10:36,607 [IPC Server handler 7 on default port 15447] INFO  node.SCMNodeManager (SCMNodeManager.java:register(417)) - Registered datanode: 7bf28275-35a3-4339-bf85-2ac062f1a076{ip: 10.1.0.14, host: fv-az1384-14.e3qrh24bduyexj1tcof5x1etkc.ex.internal.cloudapp.net, ports: [HTTP=15481, CLIENT_RPC=15482, REPLICATION=15488, RATIS=15484, RATIS_ADMIN=15485, RATIS_SERVER=15486, RATIS_DATASTREAM=15487, STANDALONE=15483], networkLocation: /default-rack, certSerialId: null, persistedOpState: null, persistedOpStateExpiryEpochSec: 0}
2023-12-28 09:10:36,608 [EventQueue-NewNodeForNewNodeHandler] INFO  pipeline.BackgroundPipelineCreator (BackgroundPipelineCreator.java:notifyEventTriggered(280)) - trigger a one-shot run on RatisPipelineUtilsThread.
2023-12-28 09:10:36,608 [RatisPipelineUtilsThread-0] INFO  pipeline.RatisPipelineProvider (RatisPipelineProvider.java:lambda$create$0(206)) - Sending CreatePipelineCommand for pipeline:PipelineID=97ddfd1d-8e67-4cb5-b0ab-cefaca0475bc to datanode:7bf28275-35a3-4339-bf85-2ac062f1a076
2023-12-28 09:10:36,608 [RatisPipelineUtilsThread-0] INFO  pipeline.BackgroundPipelineCreator (BackgroundPipelineCreator.java:createPipelines(236)) - Created new pipeline Pipeline[ Id: 97ddfd1d-8e67-4cb5-b0ab-cefaca0475bc, Nodes: 7bf28275-35a3-4339-bf85-2ac062f1a076(fv-az1384-14.e3qrh24bduyexj1tcof5x1etkc.ex.internal.cloudapp.net/10.1.0.14), ReplicationConfig: RATIS/ONE, State:ALLOCATED, leaderId:, CreationTimestamp2023-12-28T09:10:36.608Z[Etc/UTC]]
2023-12-28 09:10:36,695 [IPC Server handler 9 on default port 15447] INFO  net.NetworkTopologyImpl (NetworkTopologyImpl.java:add(124)) - Added a new node: /default-rack/1f676f73-0748-4b3a-9af1-03dc59351857
2023-12-28 09:10:36,695 [IPC Server handler 9 on default port 15447] INFO  node.SCMNodeManager (SCMNodeManager.java:register(417)) - Registered datanode: 1f676f73-0748-4b3a-9af1-03dc59351857{ip: 10.1.0.14, host: fv-az1384-14.e3qrh24bduyexj1tcof5x1etkc.ex.internal.cloudapp.net, ports: [HTTP=15490, CLIENT_RPC=15491, REPLICATION=15497, RATIS=15493, RATIS_ADMIN=15494, RATIS_SERVER=15495, RATIS_DATASTREAM=15496, STANDALONE=15492], networkLocation: /default-rack, certSerialId: null, persistedOpState: null, persistedOpStateExpiryEpochSec: 0}
2023-12-28 09:10:36,696 [EventQueue-NewNodeForNewNodeHandler] INFO  pipeline.BackgroundPipelineCreator (BackgroundPipelineCreator.java:notifyEventTriggered(280)) - trigger a one-shot run on RatisPipelineUtilsThread.
2023-12-28 09:10:36,697 [RatisPipelineUtilsThread-0] INFO  pipeline.RatisPipelineProvider (RatisPipelineProvider.java:lambda$create$0(206)) - Sending CreatePipelineCommand for pipeline:PipelineID=dd232190-eda2-4549-b9cf-99317e31733a to datanode:1f676f73-0748-4b3a-9af1-03dc59351857
2023-12-28 09:10:36,697 [RatisPipelineUtilsThread-0] INFO  pipeline.BackgroundPipelineCreator (BackgroundPipelineCreator.java:createPipelines(236)) - Created new pipeline Pipeline[ Id: dd232190-eda2-4549-b9cf-99317e31733a, Nodes: 1f676f73-0748-4b3a-9af1-03dc59351857(fv-az1384-14.e3qrh24bduyexj1tcof5x1etkc.ex.internal.cloudapp.net/10.1.0.14), ReplicationConfig: RATIS/ONE, State:ALLOCATED, leaderId:, CreationTimestamp2023-12-28T09:10:36.697Z[Etc/UTC]]
2023-12-28 09:10:36,786 [IPC Server handler 1 on default port 15447] INFO  net.NetworkTopologyImpl (NetworkTopologyImpl.java:add(124)) - Added a new node: /default-rack/d986c04d-7a68-472d-88d2-fc056c6b4cf5
2023-12-28 09:10:36,786 [IPC Server handler 1 on default port 15447] INFO  node.SCMNodeManager (SCMNodeManager.java:register(417)) - Registered datanode: d986c04d-7a68-472d-88d2-fc056c6b4cf5{ip: 10.1.0.14, host: fv-az1384-14.e3qrh24bduyexj1tcof5x1etkc.ex.internal.cloudapp.net, ports: [HTTP=15499, CLIENT_RPC=15500, REPLICATION=15506, RATIS=15502, RATIS_ADMIN=15503, RATIS_SERVER=15504, RATIS_DATASTREAM=15505, STANDALONE=15501], networkLocation: /default-rack, certSerialId: null, persistedOpState: null, persistedOpStateExpiryEpochSec: 0}
2023-12-28 09:10:36,786 [EventQueue-NewNodeForNewNodeHandler] INFO  pipeline.BackgroundPipelineCreator (BackgroundPipelineCreator.java:notifyEventTriggered(280)) - trigger a one-shot run on RatisPipelineUtilsThread.
2023-12-28 09:10:36,786 [RatisPipelineUtilsThread-0] INFO  pipeline.RatisPipelineProvider (RatisPipelineProvider.java:lambda$create$0(206)) - Sending CreatePipelineCommand for pipeline:PipelineID=4e067b43-5612-4774-a1cb-d123b97df6e8 to datanode:d986c04d-7a68-472d-88d2-fc056c6b4cf5
2023-12-28 09:10:36,787 [RatisPipelineUtilsThread-0] INFO  pipeline.BackgroundPipelineCreator (BackgroundPipelineCreator.java:createPipelines(236)) - Created new pipeline Pipeline[ Id: 4e067b43-5612-4774-a1cb-d123b97df6e8, Nodes: d986c04d-7a68-472d-88d2-fc056c6b4cf5(fv-az1384-14.e3qrh24bduyexj1tcof5x1etkc.ex.internal.cloudapp.net/10.1.0.14), ReplicationConfig: RATIS/ONE, State:ALLOCATED, leaderId:, CreationTimestamp2023-12-28T09:10:36.786Z[Etc/UTC]]
2023-12-28 09:10:36,787 [RatisPipelineUtilsThread-0] INFO  pipeline.RatisPipelineProvider (RatisPipelineProvider.java:lambda$create$0(206)) - Sending CreatePipelineCommand for pipeline:PipelineID=22b9990f-01f3-4614-90dc-54deaa79e54e to datanode:7bf28275-35a3-4339-bf85-2ac062f1a076
2023-12-28 09:10:36,787 [RatisPipelineUtilsThread-0] INFO  pipeline.RatisPipelineProvider (RatisPipelineProvider.java:lambda$create$0(206)) - Sending CreatePipelineCommand for pipeline:PipelineID=22b9990f-01f3-4614-90dc-54deaa79e54e to datanode:1f676f73-0748-4b3a-9af1-03dc59351857
2023-12-28 09:10:36,787 [RatisPipelineUtilsThread-0] INFO  pipeline.RatisPipelineProvider (RatisPipelineProvider.java:lambda$create$0(206)) - Sending CreatePipelineCommand for pipeline:PipelineID=22b9990f-01f3-4614-90dc-54deaa79e54e to datanode:d986c04d-7a68-472d-88d2-fc056c6b4cf5
2023-12-28 09:10:36,787 [RatisPipelineUtilsThread-0] INFO  pipeline.BackgroundPipelineCreator (BackgroundPipelineCreator.java:createPipelines(236)) - Created new pipeline Pipeline[ Id: 22b9990f-01f3-4614-90dc-54deaa79e54e, Nodes: 7bf28275-35a3-4339-bf85-2ac062f1a076(fv-az1384-14.e3qrh24bduyexj1tcof5x1etkc.ex.internal.cloudapp.net/10.1.0.14)1f676f73-0748-4b3a-9af1-03dc59351857(fv-az1384-14.e3qrh24bduyexj1tcof5x1etkc.ex.internal.cloudapp.net/10.1.0.14)d986c04d-7a68-472d-88d2-fc056c6b4cf5(fv-az1384-14.e3qrh24bduyexj1tcof5x1etkc.ex.internal.cloudapp.net/10.1.0.14), ReplicationConfig: RATIS/THREE, State:ALLOCATED, leaderId:, CreationTimestamp2023-12-28T09:10:36.787Z[Etc/UTC]]
2023-12-28 09:10:36,873 [IPC Server handler 0 on default port 15447] INFO  net.NetworkTopologyImpl (NetworkTopologyImpl.java:add(124)) - Added a new node: /default-rack/e5bd5207-4071-4a5b-ab67-86e23051c304
2023-12-28 09:10:36,873 [IPC Server handler 0 on default port 15447] INFO  node.SCMNodeManager (SCMNodeManager.java:register(417)) - Registered datanode: e5bd5207-4071-4a5b-ab67-86e23051c304{ip: 10.1.0.14, host: fv-az1384-14.e3qrh24bduyexj1tcof5x1etkc.ex.internal.cloudapp.net, ports: [HTTP=15508, CLIENT_RPC=15509, REPLICATION=15515, RATIS=15511, RATIS_ADMIN=15512, RATIS_SERVER=15513, RATIS_DATASTREAM=15514, STANDALONE=15510], networkLocation: /default-rack, certSerialId: null, persistedOpState: null, persistedOpStateExpiryEpochSec: 0}
2023-12-28 09:10:36,873 [EventQueue-NewNodeForNewNodeHandler] INFO  pipeline.BackgroundPipelineCreator (BackgroundPipelineCreator.java:notifyEventTriggered(280)) - trigger a one-shot run on RatisPipelineUtilsThread.
2023-12-28 09:10:36,874 [RatisPipelineUtilsThread-0] INFO  pipeline.RatisPipelineProvider (RatisPipelineProvider.java:lambda$create$0(206)) - Sending CreatePipelineCommand for pipeline:PipelineID=8917c6f3-94ca-4007-b594-e7b4503f56b5 to datanode:e5bd5207-4071-4a5b-ab67-86e23051c304
2023-12-28 09:10:36,875 [RatisPipelineUtilsThread-0] INFO  pipeline.BackgroundPipelineCreator (BackgroundPipelineCreator.java:createPipelines(236)) - Created new pipeline Pipeline[ Id: 8917c6f3-94ca-4007-b594-e7b4503f56b5, Nodes: e5bd5207-4071-4a5b-ab67-86e23051c304(fv-az1384-14.e3qrh24bduyexj1tcof5x1etkc.ex.internal.cloudapp.net/10.1.0.14), ReplicationConfig: RATIS/ONE, State:ALLOCATED, leaderId:, CreationTimestamp2023-12-28T09:10:36.874Z[Etc/UTC]]
2023-12-28 09:10:36,959 [IPC Server handler 4 on default port 15447] INFO  net.NetworkTopologyImpl (NetworkTopologyImpl.java:add(124)) - Added a new node: /default-rack/a0932215-df16-440c-a3f0-f0918056a56b
2023-12-28 09:10:36,959 [IPC Server handler 4 on default port 15447] INFO  node.SCMNodeManager (SCMNodeManager.java:register(417)) - Registered datanode: a0932215-df16-440c-a3f0-f0918056a56b{ip: 10.1.0.14, host: fv-az1384-14.e3qrh24bduyexj1tcof5x1etkc.ex.internal.cloudapp.net, ports: [HTTP=15517, CLIENT_RPC=15518, REPLICATION=15524, RATIS=15520, RATIS_ADMIN=15521, RATIS_SERVER=15522, RATIS_DATASTREAM=15523, STANDALONE=15519], networkLocation: /default-rack, certSerialId: null, persistedOpState: null, persistedOpStateExpiryEpochSec: 0}
2023-12-28 09:10:36,959 [EventQueue-NewNodeForNewNodeHandler] INFO  pipeline.BackgroundPipelineCreator (BackgroundPipelineCreator.java:notifyEventTriggered(280)) - trigger a one-shot run on RatisPipelineUtilsThread.
2023-12-28 09:10:36,959 [RatisPipelineUtilsThread-0] INFO  pipeline.RatisPipelineProvider (RatisPipelineProvider.java:lambda$create$0(206)) - Sending CreatePipelineCommand for pipeline:PipelineID=5f853f62-b0b2-4105-b5fe-cdce57a2a640 to datanode:a0932215-df16-440c-a3f0-f0918056a56b
2023-12-28 09:10:36,960 [RatisPipelineUtilsThread-0] INFO  pipeline.BackgroundPipelineCreator (BackgroundPipelineCreator.java:createPipelines(236)) - Created new pipeline Pipeline[ Id: 5f853f62-b0b2-4105-b5fe-cdce57a2a640, Nodes: a0932215-df16-440c-a3f0-f0918056a56b(fv-az1384-14.e3qrh24bduyexj1tcof5x1etkc.ex.internal.cloudapp.net/10.1.0.14), ReplicationConfig: RATIS/ONE, State:ALLOCATED, leaderId:, CreationTimestamp2023-12-28T09:10:36.959Z[Etc/UTC]]
2023-12-28 09:10:37,041 [IPC Server handler 3 on default port 15447] INFO  net.NetworkTopologyImpl (NetworkTopologyImpl.java:add(124)) - Added a new node: /default-rack/d4ff55f6-7f98-4fff-b295-c0ac26278483
2023-12-28 09:10:37,041 [IPC Server handler 3 on default port 15447] INFO  node.SCMNodeManager (SCMNodeManager.java:register(417)) - Registered datanode: d4ff55f6-7f98-4fff-b295-c0ac26278483{ip: 10.1.0.14, host: fv-az1384-14.e3qrh24bduyexj1tcof5x1etkc.ex.internal.cloudapp.net, ports: [HTTP=15526, CLIENT_RPC=15527, REPLICATION=15533, RATIS=15529, RATIS_ADMIN=15530, RATIS_SERVER=15531, RATIS_DATASTREAM=15532, STANDALONE=15528], networkLocation: /default-rack, certSerialId: null, persistedOpState: null, persistedOpStateExpiryEpochSec: 0}
2023-12-28 09:10:37,041 [EventQueue-NewNodeForNewNodeHandler] INFO  pipeline.BackgroundPipelineCreator (BackgroundPipelineCreator.java:notifyEventTriggered(280)) - trigger a one-shot run on RatisPipelineUtilsThread.
2023-12-28 09:10:37,042 [RatisPipelineUtilsThread-0] INFO  pipeline.RatisPipelineProvider (RatisPipelineProvider.java:lambda$create$0(206)) - Sending CreatePipelineCommand for pipeline:PipelineID=b6c09c59-7e05-4d6a-8ff6-30a1335dfb64 to datanode:d4ff55f6-7f98-4fff-b295-c0ac26278483
2023-12-28 09:10:37,042 [main] INFO  ozone.MiniOzoneClusterImpl (MiniOzoneClusterImpl.java:lambda$waitForClusterToBeReady$0(230)) - Nodes are ready. Got 9 of 9 DN Heartbeats.
2023-12-28 09:10:37,042 [main] INFO  ozone.MiniOzoneClusterImpl (MiniOzoneClusterImpl.java:lambda$waitForClusterToBeReady$0(233)) - Waiting for cluster to exit safe mode
2023-12-28 09:10:37,042 [main] INFO  ozone.MiniOzoneClusterImpl (MiniOzoneClusterImpl.java:lambda$waitForClusterToBeReady$0(235)) - SCM became leader
2023-12-28 09:10:37,042 [RatisPipelineUtilsThread-0] INFO  pipeline.BackgroundPipelineCreator (BackgroundPipelineCreator.java:createPipelines(236)) - Created new pipeline Pipeline[ Id: b6c09c59-7e05-4d6a-8ff6-30a1335dfb64, Nodes: d4ff55f6-7f98-4fff-b295-c0ac26278483(fv-az1384-14.e3qrh24bduyexj1tcof5x1etkc.ex.internal.cloudapp.net/10.1.0.14), ReplicationConfig: RATIS/ONE, State:ALLOCATED, leaderId:, CreationTimestamp2023-12-28T09:10:37.042Z[Etc/UTC]]
2023-12-28 09:10:37,043 [RatisPipelineUtilsThread-0] INFO  pipeline.RatisPipelineProvider (RatisPipelineProvider.java:lambda$create$0(206)) - Sending CreatePipelineCommand for pipeline:PipelineID=7ca9c5f4-69b5-4390-bd30-ded8b9e962e2 to datanode:a0932215-df16-440c-a3f0-f0918056a56b
2023-12-28 09:10:37,043 [RatisPipelineUtilsThread-0] INFO  pipeline.RatisPipelineProvider (RatisPipelineProvider.java:lambda$create$0(206)) - Sending CreatePipelineCommand for pipeline:PipelineID=7ca9c5f4-69b5-4390-bd30-ded8b9e962e2 to datanode:d4ff55f6-7f98-4fff-b295-c0ac26278483
2023-12-28 09:10:37,043 [RatisPipelineUtilsThread-0] INFO  pipeline.RatisPipelineProvider (RatisPipelineProvider.java:lambda$create$0(206)) - Sending CreatePipelineCommand for pipeline:PipelineID=7ca9c5f4-69b5-4390-bd30-ded8b9e962e2 to datanode:e5bd5207-4071-4a5b-ab67-86e23051c304
2023-12-28 09:10:37,043 [RatisPipelineUtilsThread-0] INFO  pipeline.BackgroundPipelineCreator (BackgroundPipelineCreator.java:createPipelines(236)) - Created new pipeline Pipeline[ Id: 7ca9c5f4-69b5-4390-bd30-ded8b9e962e2, Nodes: a0932215-df16-440c-a3f0-f0918056a56b(fv-az1384-14.e3qrh24bduyexj1tcof5x1etkc.ex.internal.cloudapp.net/10.1.0.14)d4ff55f6-7f98-4fff-b295-c0ac26278483(fv-az1384-14.e3qrh24bduyexj1tcof5x1etkc.ex.internal.cloudapp.net/10.1.0.14)e5bd5207-4071-4a5b-ab67-86e23051c304(fv-az1384-14.e3qrh24bduyexj1tcof5x1etkc.ex.internal.cloudapp.net/10.1.0.14), ReplicationConfig: RATIS/THREE, State:ALLOCATED, leaderId:, CreationTimestamp2023-12-28T09:10:37.043Z[Etc/UTC]]
2023-12-28 09:10:38,043 [main] INFO  ozone.MiniOzoneClusterImpl (MiniOzoneClusterImpl.java:lambda$waitForClusterToBeReady$0(230)) - Nodes are ready. Got 9 of 9 DN Heartbeats.
2023-12-28 09:10:38,043 [main] INFO  ozone.MiniOzoneClusterImpl (MiniOzoneClusterImpl.java:lambda$waitForClusterToBeReady$0(233)) - Waiting for cluster to exit safe mode
2023-12-28 09:10:38,043 [main] INFO  ozone.MiniOzoneClusterImpl (MiniOzoneClusterImpl.java:lambda$waitForClusterToBeReady$0(235)) - SCM became leader
2023-12-28 09:10:39,043 [main] INFO  ozone.MiniOzoneClusterImpl (MiniOzoneClusterImpl.java:lambda$waitForClusterToBeReady$0(230)) - Nodes are ready. Got 9 of 9 DN Heartbeats.
2023-12-28 09:10:39,043 [main] INFO  ozone.MiniOzoneClusterImpl (MiniOzoneClusterImpl.java:lambda$waitForClusterToBeReady$0(233)) - Waiting for cluster to exit safe mode
2023-12-28 09:10:39,044 [main] INFO  ozone.MiniOzoneClusterImpl (MiniOzoneClusterImpl.java:lambda$waitForClusterToBeReady$0(235)) - SCM became leader
2023-12-28 09:10:39,338 [e4352bd1-85d5-4ef3-8682-c1451338ec4a-PipelineCommandHandlerThread-0] INFO  server.RaftServer (RaftServerProxy.java:addNew(100)) - e4352bd1-85d5-4ef3-8682-c1451338ec4a: addNew group-3B90C04FCC54:[e4352bd1-85d5-4ef3-8682-c1451338ec4a|10.1.0.14:15459] returns group-3B90C04FCC54:java.util.concurrent.CompletableFuture@1a5c2dca[Not completed]
2023-12-28 09:10:39,339 [e4352bd1-85d5-4ef3-8682-c1451338ec4a-groupManagement] INFO  server.RaftServer$Division (RaftServerImpl.java:<init>(256)) - e4352bd1-85d5-4ef3-8682-c1451338ec4a: new RaftServerImpl for group-3B90C04FCC54:[e4352bd1-85d5-4ef3-8682-c1451338ec4a|10.1.0.14:15459] with ContainerStateMachine:uninitialized
2023-12-28 09:10:39,339 [e4352bd1-85d5-4ef3-8682-c1451338ec4a-groupManagement] INFO  server.RaftServerConfigKeys (ConfUtils.java:logGet(46)) - raft.server.rpc.timeout.min = 5s (custom)
2023-12-28 09:10:39,339 [e4352bd1-85d5-4ef3-8682-c1451338ec4a-groupManagement] INFO  server.RaftServerConfigKeys (ConfUtils.java:logGet(46)) - raft.server.rpc.timeout.max = 5200ms (custom)
2023-12-28 09:10:39,339 [e4352bd1-85d5-4ef3-8682-c1451338ec4a-groupManagement] INFO  server.RaftServerConfigKeys (ConfUtils.java:logGet(46)) - raft.server.rpc.sleep.time = 25ms (default)
2023-12-28 09:10:39,339 [e4352bd1-85d5-4ef3-8682-c1451338ec4a-groupManagement] INFO  server.RaftServerConfigKeys (ConfUtils.java:logGet(46)) - raft.server.rpc.slowness.timeout = 300000ms (custom)
2023-12-28 09:10:39,339 [e4352bd1-85d5-4ef3-8682-c1451338ec4a-groupManagement] INFO  server.RaftServerConfigKeys (ConfUtils.java:logGet(46)) - raft.server.leaderelection.leader.step-down.wait-time = 10s (default)
2023-12-28 09:10:39,339 [e4352bd1-85d5-4ef3-8682-c1451338ec4a-groupManagement] INFO  server.RaftServerConfigKeys (ConfUtils.java:logGet(46)) - raft.server.leaderelection.member.majority-add = false (default)
2023-12-28 09:10:39,339 [e4352bd1-85d5-4ef3-8682-c1451338ec4a-groupManagement] INFO  server.RaftServerConfigKeys (ConfUtils.java:logGet(46)) - raft.server.sleep.deviation.threshold = 300ms (default)
2023-12-28 09:10:39,339 [e4352bd1-85d5-4ef3-8682-c1451338ec4a-groupManagement] INFO  server.RaftServer$Division (ServerState.java:<init>(113)) - e4352bd1-85d5-4ef3-8682-c1451338ec4a@group-3B90C04FCC54: ConfigurationManager, init=-1: peers:[e4352bd1-85d5-4ef3-8682-c1451338ec4a|10.1.0.14:15459]|listeners:[], old=null, confs=<EMPTY_MAP>
2023-12-28 09:10:39,339 [e4352bd1-85d5-4ef3-8682-c1451338ec4a-groupManagement] INFO  server.RaftServerConfigKeys (ConfUtils.java:logGet(46)) - raft.server.notification.no-leader.timeout = 300000ms (custom)
2023-12-28 09:10:39,339 [e4352bd1-85d5-4ef3-8682-c1451338ec4a-groupManagement] INFO  server.RaftServerConfigKeys (ConfUtils.java:logGet(46)) - raft.server.read.timeout = 10s (default)
2023-12-28 09:10:39,339 [e4352bd1-85d5-4ef3-8682-c1451338ec4a-groupManagement] INFO  server.RaftServerConfigKeys (ConfUtils.java:logGet(46)) - raft.server.retrycache.expirytime = 600000ms (custom)
2023-12-28 09:10:39,339 [e4352bd1-85d5-4ef3-8682-c1451338ec4a-groupManagement] INFO  server.RaftServerConfigKeys (ConfUtils.java:logGet(46)) - raft.server.retrycache.statistics.expirytime = 100ms (default)
2023-12-28 09:10:39,339 [e4352bd1-85d5-4ef3-8682-c1451338ec4a-groupManagement] INFO  server.RaftServerConfigKeys (ConfUtils.java:logGet(46)) - raft.server.read.option = DEFAULT (default)
2023-12-28 09:10:39,339 [e4352bd1-85d5-4ef3-8682-c1451338ec4a-groupManagement] INFO  server.RaftServerConfigKeys (ConfUtils.java:logGet(46)) - raft.server.read.read-after-write-consistent.write-index-cache.expiry-time = 60s (default)
2023-12-28 09:10:39,342 [e4352bd1-85d5-4ef3-8682-c1451338ec4a-groupManagement] INFO  server.RaftServerConfigKeys (ConfUtils.java:logGet(46)) - raft.server.rpc.request.timeout = 3000ms (default)
2023-12-28 09:10:39,342 [e4352bd1-85d5-4ef3-8682-c1451338ec4a-groupManagement] INFO  server.RaftServerConfigKeys (ConfUtils.java:logGet(46)) - raft.server.log.appender.install.snapshot.enabled = false (custom)
2023-12-28 09:10:39,342 [e4352bd1-85d5-4ef3-8682-c1451338ec4a-groupManagement] INFO  server.RaftServerConfigKeys (ConfUtils.java:logGet(46)) - raft.server.threadpool.server.cached = true (default)
2023-12-28 09:10:39,342 [e4352bd1-85d5-4ef3-8682-c1451338ec4a-groupManagement] INFO  server.RaftServerConfigKeys (ConfUtils.java:logGet(46)) - raft.server.threadpool.server.size = 0 (default)
2023-12-28 09:10:39,342 [e4352bd1-85d5-4ef3-8682-c1451338ec4a-groupManagement] INFO  server.RaftServerConfigKeys (ConfUtils.java:logGet(46)) - raft.server.threadpool.client.cached = true (default)
2023-12-28 09:10:39,342 [e4352bd1-85d5-4ef3-8682-c1451338ec4a-groupManagement] INFO  server.RaftServerConfigKeys (ConfUtils.java:logGet(46)) - raft.server.threadpool.client.size = 0 (default)
2023-12-28 09:10:39,342 [e4352bd1-85d5-4ef3-8682-c1451338ec4a-groupManagement] INFO  server.RaftServerConfigKeys (ConfUtils.java:logGet(46)) - raft.server.storage.free-space.min = 0MB (=0) (default)
2023-12-28 09:10:39,342 [e4352bd1-85d5-4ef3-8682-c1451338ec4a-groupManagement] INFO  server.RaftServerConfigKeys (ConfUtils.java:logGet(46)) - raft.server.log.corruption.policy = EXCEPTION (default)
2023-12-28 09:10:39,342 [e4352bd1-85d5-4ef3-8682-c1451338ec4a-groupManagement] INFO  server.RaftServerConfigKeys (ConfUtils.java:logGet(46)) - raft.server.storage.dir = [/home/runner/work/ozone/ozone/hadoop-ozone/integration-test/target/test-dir/MiniOzoneClusterImpl-11b76480-f5fe-46c6-962b-c791e86a534f/datanode-0/data/ratis] (custom)
2023-12-28 09:10:39,342 [e4352bd1-85d5-4ef3-8682-c1451338ec4a-groupManagement] INFO  storage.RaftStorageDirectory (RaftStorageDirectoryImpl.java:analyzeStorage(138)) - The storage directory /home/runner/work/ozone/ozone/hadoop-ozone/integration-test/target/test-dir/MiniOzoneClusterImpl-11b76480-f5fe-46c6-962b-c791e86a534f/datanode-0/data/ratis/609891c5-c3c4-435f-a972-3b90c04fcc54 does not exist. Creating ...
2023-12-28 09:10:39,344 [e4352bd1-85d5-4ef3-8682-c1451338ec4a-groupManagement] INFO  storage.RaftStorageDirectory (RaftStorageDirectoryImpl.java:tryLock(232)) - Lock on /home/runner/work/ozone/ozone/hadoop-ozone/integration-test/target/test-dir/MiniOzoneClusterImpl-11b76480-f5fe-46c6-962b-c791e86a534f/datanode-0/data/ratis/609891c5-c3c4-435f-a972-3b90c04fcc54/in_use.lock acquired by nodename 85610@fv-az1384-14
2023-12-28 09:10:39,345 [e4352bd1-85d5-4ef3-8682-c1451338ec4a-groupManagement] INFO  storage.RaftStorage (RaftStorageImpl.java:format(97)) - Storage directory /home/runner/work/ozone/ozone/hadoop-ozone/integration-test/target/test-dir/MiniOzoneClusterImpl-11b76480-f5fe-46c6-962b-c791e86a534f/datanode-0/data/ratis/609891c5-c3c4-435f-a972-3b90c04fcc54 has been successfully formatted.
2023-12-28 09:10:39,346 [e4352bd1-85d5-4ef3-8682-c1451338ec4a-groupManagement] INFO  ratis.ContainerStateMachine (ContainerStateMachine.java:loadSnapshot(287)) - group-3B90C04FCC54: The snapshot info is null. Setting the last applied indexto:(t:0, i:~)
2023-12-28 09:10:39,346 [e4352bd1-85d5-4ef3-8682-c1451338ec4a-groupManagement] INFO  server.RaftServerConfigKeys (ConfUtils.java:logGet(46)) - raft.server.log.use.memory = false (default)
2023-12-28 09:10:39,346 [e4352bd1-85d5-4ef3-8682-c1451338ec4a-groupManagement] INFO  server.RaftServerConfigKeys (ConfUtils.java:logGet(46)) - raft.server.log.purge.gap = 1000000 (custom)
2023-12-28 09:10:39,346 [e4352bd1-85d5-4ef3-8682-c1451338ec4a-groupManagement] INFO  server.RaftServerConfigKeys (ConfUtils.java:logGet(46)) - raft.server.log.appender.buffer.byte-limit = 8388608 (custom)
2023-12-28 09:10:39,346 [e4352bd1-85d5-4ef3-8682-c1451338ec4a-groupManagement] INFO  server.RaftServerConfigKeys (ConfUtils.java:logGet(46)) - raft.server.log.statemachine.data.read.timeout = 1000ms (default)
2023-12-28 09:10:39,347 [e4352bd1-85d5-4ef3-8682-c1451338ec4a-groupManagement] INFO  server.RaftServerConfigKeys (ConfUtils.java:logGet(46)) - raft.server.log.purge.preservation.log.num = 0 (default)
2023-12-28 09:10:39,347 [EventQueue-PipelineReportForPipelineReportHandler] INFO  pipeline.PipelineReportHandler (PipelineReportHandler.java:processPipelineReport(136)) - Opened pipeline PipelineID=609891c5-c3c4-435f-a972-3b90c04fcc54
2023-12-28 09:10:39,349 [EventQueue-OpenPipelineForHealthyPipelineSafeModeRule] INFO  safemode.SCMSafeModeManager (HealthyPipelineSafeModeRule.java:process(140)) - SCM in safe mode. Healthy pipelines reported count is 0, required healthy pipeline reported count is 1
2023-12-28 09:10:39,349 [e4352bd1-85d5-4ef3-8682-c1451338ec4a-groupManagement] INFO  server.RaftServerConfigKeys (ConfUtils.java:logGet(46)) - raft.server.log.segment.size.max = 67108864 (custom)
2023-12-28 09:10:39,349 [e4352bd1-85d5-4ef3-8682-c1451338ec4a-groupManagement] INFO  server.RaftServerConfigKeys (ConfUtils.java:logGet(46)) - raft.server.log.segment.cache.num.max = 2 (custom)
2023-12-28 09:10:39,349 [e4352bd1-85d5-4ef3-8682-c1451338ec4a-groupManagement] INFO  server.RaftServerConfigKeys (ConfUtils.java:logGet(46)) - raft.server.log.segment.cache.size.max = 200MB (=209715200) (default)
2023-12-28 09:10:39,349 [e4352bd1-85d5-4ef3-8682-c1451338ec4a-groupManagement] INFO  server.RaftServerConfigKeys (ConfUtils.java:logGet(46)) - raft.server.log.appender.buffer.byte-limit = 8388608 (custom)
2023-12-28 09:10:39,349 [e4352bd1-85d5-4ef3-8682-c1451338ec4a-groupManagement] INFO  util.AwaitToRun (AwaitToRun.java:start(81)) - Thread[e4352bd1-85d5-4ef3-8682-c1451338ec4a@group-3B90C04FCC54-cacheEviction-AwaitToRun,5,main] started
2023-12-28 09:10:39,349 [e4352bd1-85d5-4ef3-8682-c1451338ec4a-groupManagement] INFO  segmented.SegmentedRaftLogWorker (SegmentedRaftLogWorker.java:<init>(184)) - new e4352bd1-85d5-4ef3-8682-c1451338ec4a@group-3B90C04FCC54-SegmentedRaftLogWorker for RaftStorageImpl:Storage Directory /home/runner/work/ozone/ozone/hadoop-ozone/integration-test/target/test-dir/MiniOzoneClusterImpl-11b76480-f5fe-46c6-962b-c791e86a534f/datanode-0/data/ratis/609891c5-c3c4-435f-a972-3b90c04fcc54
2023-12-28 09:10:39,349 [e4352bd1-85d5-4ef3-8682-c1451338ec4a-groupManagement] INFO  server.RaftServerConfigKeys (ConfUtils.java:logGet(46)) - raft.server.log.queue.byte-limit = 4294967296 (custom)
2023-12-28 09:10:39,349 [e4352bd1-85d5-4ef3-8682-c1451338ec4a-groupManagement] INFO  server.RaftServerConfigKeys (ConfUtils.java:logGet(46)) - raft.server.log.queue.element-limit = 1024 (custom)
2023-12-28 09:10:39,349 [e4352bd1-85d5-4ef3-8682-c1451338ec4a-groupManagement] INFO  server.RaftServerConfigKeys (ConfUtils.java:logGet(46)) - raft.server.log.segment.size.max = 67108864 (custom)
2023-12-28 09:10:39,350 [e4352bd1-85d5-4ef3-8682-c1451338ec4a-groupManagement] INFO  server.RaftServerConfigKeys (ConfUtils.java:logGet(46)) - raft.server.log.preallocated.size = 4194304 (custom)
2023-12-28 09:10:39,350 [e4352bd1-85d5-4ef3-8682-c1451338ec4a-groupManagement] INFO  server.RaftServerConfigKeys (ConfUtils.java:logGet(46)) - raft.server.log.force.sync.num = 128 (default)
2023-12-28 09:10:39,350 [e4352bd1-85d5-4ef3-8682-c1451338ec4a-groupManagement] INFO  server.RaftServerConfigKeys (ConfUtils.java:logGet(46)) - raft.server.log.statemachine.data.sync = true (default)
2023-12-28 09:10:39,350 [e4352bd1-85d5-4ef3-8682-c1451338ec4a-groupManagement] INFO  server.RaftServerConfigKeys (ConfUtils.java:logGet(46)) - raft.server.log.statemachine.data.sync.timeout = 10s (default)
2023-12-28 09:10:39,350 [e4352bd1-85d5-4ef3-8682-c1451338ec4a-groupManagement] INFO  server.RaftServerConfigKeys (ConfUtils.java:logGet(46)) - raft.server.log.statemachine.data.sync.timeout.retry = 0 (custom)
2023-12-28 09:10:39,350 [e4352bd1-85d5-4ef3-8682-c1451338ec4a-groupManagement] INFO  server.RaftServerConfigKeys (ConfUtils.java:logGet(46)) - raft.server.log.write.buffer.size = 8388616 (custom)
2023-12-28 09:10:39,352 [e4352bd1-85d5-4ef3-8682-c1451338ec4a-groupManagement] INFO  server.RaftServerConfigKeys (ConfUtils.java:logGet(46)) - raft.server.log.appender.buffer.byte-limit = 8388608 (custom)
2023-12-28 09:10:39,352 [e4352bd1-85d5-4ef3-8682-c1451338ec4a-groupManagement] INFO  server.RaftServerConfigKeys (ConfUtils.java:logGet(46)) - raft.server.log.unsafe-flush.enabled = false (default)
2023-12-28 09:10:39,352 [e4352bd1-85d5-4ef3-8682-c1451338ec4a-groupManagement] INFO  server.RaftServerConfigKeys (ConfUtils.java:logGet(46)) - raft.server.log.async-flush.enabled = false (default)
2023-12-28 09:10:39,352 [e4352bd1-85d5-4ef3-8682-c1451338ec4a-groupManagement] INFO  server.RaftServerConfigKeys (ConfUtils.java:logGet(46)) - raft.server.log.statemachine.data.caching.enabled = true (custom)
2023-12-28 09:10:39,352 [e4352bd1-85d5-4ef3-8682-c1451338ec4a-groupManagement] INFO  segmented.SegmentedRaftLogWorker (SegmentedRaftLogWorker.java:lambda$new$0(135)) - e4352bd1-85d5-4ef3-8682-c1451338ec4a@group-3B90C04FCC54-SegmentedRaftLogWorker: flushIndex: setUnconditionally 0 -> -1
2023-12-28 09:10:39,352 [e4352bd1-85d5-4ef3-8682-c1451338ec4a-groupManagement] INFO  segmented.SegmentedRaftLogWorker (SegmentedRaftLogWorker.java:lambda$new$0(135)) - e4352bd1-85d5-4ef3-8682-c1451338ec4a@group-3B90C04FCC54-SegmentedRaftLogWorker: safeCacheEvictIndex: setUnconditionally 0 -> -1
2023-12-28 09:10:39,352 [e4352bd1-85d5-4ef3-8682-c1451338ec4a-groupManagement] INFO  server.RaftServer$Division (RaftServerImpl.java:start(392)) - e4352bd1-85d5-4ef3-8682-c1451338ec4a@group-3B90C04FCC54: start as a follower, conf=-1: peers:[e4352bd1-85d5-4ef3-8682-c1451338ec4a|10.1.0.14:15459]|listeners:[], old=null
2023-12-28 09:10:39,353 [e4352bd1-85d5-4ef3-8682-c1451338ec4a-groupManagement] INFO  server.RaftServer$Division (RaftServerImpl.java:setRole(379)) - e4352bd1-85d5-4ef3-8682-c1451338ec4a@group-3B90C04FCC54: changes role from      null to FOLLOWER at term 0 for startAsFollower
2023-12-28 09:10:39,353 [e4352bd1-85d5-4ef3-8682-c1451338ec4a-groupManagement] INFO  impl.RoleInfo (RoleInfo.java:updateAndGet(139)) - e4352bd1-85d5-4ef3-8682-c1451338ec4a: start e4352bd1-85d5-4ef3-8682-c1451338ec4a@group-3B90C04FCC54-FollowerState
2023-12-28 09:10:39,353 [e4352bd1-85d5-4ef3-8682-c1451338ec4a@group-3B90C04FCC54-FollowerState] INFO  server.RaftServerConfigKeys (ConfUtils.java:logFallback(53)) - raft.server.rpc.first-election.timeout.min = 5s (fallback to raft.server.rpc.timeout.min)
2023-12-28 09:10:39,353 [e4352bd1-85d5-4ef3-8682-c1451338ec4a@group-3B90C04FCC54-FollowerState] INFO  server.RaftServerConfigKeys (ConfUtils.java:logFallback(53)) - raft.server.rpc.first-election.timeout.max = 5200ms (fallback to raft.server.rpc.timeout.max)
2023-12-28 09:10:39,353 [e4352bd1-85d5-4ef3-8682-c1451338ec4a-groupManagement] INFO  util.JmxRegister (JmxRegister.java:tryRegister(44)) - Successfully registered JMX Bean with object name Ratis:service=RaftServer,group=group-3B90C04FCC54,id=e4352bd1-85d5-4ef3-8682-c1451338ec4a
2023-12-28 09:10:39,353 [e4352bd1-85d5-4ef3-8682-c1451338ec4a-groupManagement] INFO  server.RaftServerConfigKeys (ConfUtils.java:logGet(46)) - raft.server.snapshot.trigger-when-stop.enabled = true (default)
2023-12-28 09:10:39,353 [e4352bd1-85d5-4ef3-8682-c1451338ec4a-groupManagement] INFO  server.RaftServerConfigKeys (ConfUtils.java:logGet(46)) - raft.server.snapshot.auto.trigger.enabled = true (custom)
2023-12-28 09:10:39,353 [e4352bd1-85d5-4ef3-8682-c1451338ec4a-groupManagement] INFO  server.RaftServerConfigKeys (ConfUtils.java:logGet(46)) - raft.server.snapshot.auto.trigger.threshold = 10000 (custom)
2023-12-28 09:10:39,353 [e4352bd1-85d5-4ef3-8682-c1451338ec4a-groupManagement] INFO  server.RaftServerConfigKeys (ConfUtils.java:logGet(46)) - raft.server.snapshot.retention.file.num = 5 (custom)
2023-12-28 09:10:39,353 [e4352bd1-85d5-4ef3-8682-c1451338ec4a-groupManagement] INFO  server.RaftServerConfigKeys (ConfUtils.java:logGet(46)) - raft.server.log.purge.upto.snapshot.index = false (default)
2023-12-28 09:10:39,353 [e4352bd1-85d5-4ef3-8682-c1451338ec4a-PipelineCommandHandlerThread-0] INFO  ratis.XceiverServerRatis (XceiverServerRatis.java:addGroup(837)) - Created group PipelineID=609891c5-c3c4-435f-a972-3b90c04fcc54
2023-12-28 09:10:39,354 [e4352bd1-85d5-4ef3-8682-c1451338ec4a-PipelineCommandHandlerThread-0] INFO  commandhandler.CreatePipelineCommandHandler (CreatePipelineCommandHandler.java:lambda$handle$2(124)) - Created Pipeline RATIS ONE PipelineID=609891c5-c3c4-435f-a972-3b90c04fcc54.
2023-12-28 09:10:39,354 [e4352bd1-85d5-4ef3-8682-c1451338ec4a-PipelineCommandHandlerThread-0] INFO  server.RaftServer (RaftServerProxy.java:addNew(100)) - e4352bd1-85d5-4ef3-8682-c1451338ec4a: addNew group-06525D7E7823:[bc83b340-cccb-4d5a-a730-8abffc996f86|10.1.0.14:15468, 44783c19-7880-41e3-960e-1ceedd7807f9|10.1.0.14:15477, e4352bd1-85d5-4ef3-8682-c1451338ec4a|10.1.0.14:15459] returns group-06525D7E7823:java.util.concurrent.CompletableFuture@1e63ba59[Not completed]
2023-12-28 09:10:39,354 [e4352bd1-85d5-4ef3-8682-c1451338ec4a-groupManagement] INFO  server.RaftServer$Division (RaftServerImpl.java:<init>(256)) - e4352bd1-85d5-4ef3-8682-c1451338ec4a: new RaftServerImpl for group-06525D7E7823:[bc83b340-cccb-4d5a-a730-8abffc996f86|10.1.0.14:15468, 44783c19-7880-41e3-960e-1ceedd7807f9|10.1.0.14:15477, e4352bd1-85d5-4ef3-8682-c1451338ec4a|10.1.0.14:15459] with ContainerStateMachine:uninitialized
2023-12-28 09:10:39,354 [e4352bd1-85d5-4ef3-8682-c1451338ec4a-groupManagement] INFO  server.RaftServerConfigKeys (ConfUtils.java:logGet(46)) - raft.server.rpc.timeout.min = 5s (custom)
2023-12-28 09:10:39,354 [e4352bd1-85d5-4ef3-8682-c1451338ec4a-groupManagement] INFO  server.RaftServerConfigKeys (ConfUtils.java:logGet(46)) - raft.server.rpc.timeout.max = 5200ms (custom)
2023-12-28 09:10:39,354 [e4352bd1-85d5-4ef3-8682-c1451338ec4a-groupManagement] INFO  server.RaftServerConfigKeys (ConfUtils.java:logGet(46)) - raft.server.rpc.sleep.time = 25ms (default)
2023-12-28 09:10:39,354 [e4352bd1-85d5-4ef3-8682-c1451338ec4a-groupManagement] INFO  server.RaftServerConfigKeys (ConfUtils.java:logGet(46)) - raft.server.rpc.slowness.timeout = 300000ms (custom)
2023-12-28 09:10:39,354 [e4352bd1-85d5-4ef3-8682-c1451338ec4a-groupManagement] INFO  server.RaftServerConfigKeys (ConfUtils.java:logGet(46)) - raft.server.leaderelection.leader.step-down.wait-time = 10s (default)
2023-12-28 09:10:39,354 [e4352bd1-85d5-4ef3-8682-c1451338ec4a-groupManagement] INFO  server.RaftServerConfigKeys (ConfUtils.java:logGet(46)) - raft.server.leaderelection.member.majority-add = false (default)
2023-12-28 09:10:39,355 [e4352bd1-85d5-4ef3-8682-c1451338ec4a-groupManagement] INFO  server.RaftServerConfigKeys (ConfUtils.java:logGet(46)) - raft.server.sleep.deviation.threshold = 300ms (default)
2023-12-28 09:10:39,355 [e4352bd1-85d5-4ef3-8682-c1451338ec4a-groupManagement] INFO  server.RaftServer$Division (ServerState.java:<init>(113)) - e4352bd1-85d5-4ef3-8682-c1451338ec4a@group-06525D7E7823: ConfigurationManager, init=-1: peers:[bc83b340-cccb-4d5a-a730-8abffc996f86|10.1.0.14:15468, 44783c19-7880-41e3-960e-1ceedd7807f9|10.1.0.14:15477, e4352bd1-85d5-4ef3-8682-c1451338ec4a|10.1.0.14:15459]|listeners:[], old=null, confs=<EMPTY_MAP>
2023-12-28 09:10:39,355 [e4352bd1-85d5-4ef3-8682-c1451338ec4a-groupManagement] INFO  server.RaftServerConfigKeys (ConfUtils.java:logGet(46)) - raft.server.notification.no-leader.timeout = 300000ms (custom)
2023-12-28 09:10:39,355 [e4352bd1-85d5-4ef3-8682-c1451338ec4a-groupManagement] INFO  server.RaftServerConfigKeys (ConfUtils.java:logGet(46)) - raft.server.read.timeout = 10s (default)
2023-12-28 09:10:39,355 [e4352bd1-85d5-4ef3-8682-c1451338ec4a-groupManagement] INFO  server.RaftServerConfigKeys (ConfUtils.java:logGet(46)) - raft.server.retrycache.expirytime = 600000ms (custom)
2023-12-28 09:10:39,355 [e4352bd1-85d5-4ef3-8682-c1451338ec4a-groupManagement] INFO  server.RaftServerConfigKeys (ConfUtils.java:logGet(46)) - raft.server.retrycache.statistics.expirytime = 100ms (default)
2023-12-28 09:10:39,355 [e4352bd1-85d5-4ef3-8682-c1451338ec4a-groupManagement] INFO  server.RaftServerConfigKeys (ConfUtils.java:logGet(46)) - raft.server.read.option = DEFAULT (default)
2023-12-28 09:10:39,355 [e4352bd1-85d5-4ef3-8682-c1451338ec4a-groupManagement] INFO  server.RaftServerConfigKeys (ConfUtils.java:logGet(46)) - raft.server.read.read-after-write-consistent.write-index-cache.expiry-time = 60s (default)
2023-12-28 09:10:39,357 [e4352bd1-85d5-4ef3-8682-c1451338ec4a-groupManagement] INFO  server.RaftServerConfigKeys (ConfUtils.java:logGet(46)) - raft.server.rpc.request.timeout = 3000ms (default)
2023-12-28 09:10:39,357 [e4352bd1-85d5-4ef3-8682-c1451338ec4a-groupManagement] INFO  server.RaftServerConfigKeys (ConfUtils.java:logGet(46)) - raft.server.log.appender.install.snapshot.enabled = false (custom)
2023-12-28 09:10:39,357 [e4352bd1-85d5-4ef3-8682-c1451338ec4a-groupManagement] INFO  server.RaftServerConfigKeys (ConfUtils.java:logGet(46)) - raft.server.threadpool.server.cached = true (default)
2023-12-28 09:10:39,357 [e4352bd1-85d5-4ef3-8682-c1451338ec4a-groupManagement] INFO  server.RaftServerConfigKeys (ConfUtils.java:logGet(46)) - raft.server.threadpool.server.size = 0 (default)
2023-12-28 09:10:39,357 [e4352bd1-85d5-4ef3-8682-c1451338ec4a-groupManagement] INFO  server.RaftServerConfigKeys (ConfUtils.java:logGet(46)) - raft.server.threadpool.client.cached = true (default)
2023-12-28 09:10:39,357 [e4352bd1-85d5-4ef3-8682-c1451338ec4a-groupManagement] INFO  server.RaftServerConfigKeys (ConfUtils.java:logGet(46)) - raft.server.threadpool.client.size = 0 (default)
2023-12-28 09:10:39,357 [e4352bd1-85d5-4ef3-8682-c1451338ec4a-groupManagement] INFO  server.RaftServerConfigKeys (ConfUtils.java:logGet(46)) - raft.server.storage.free-space.min = 0MB (=0) (default)
2023-12-28 09:10:39,357 [e4352bd1-85d5-4ef3-8682-c1451338ec4a-groupManagement] INFO  server.RaftServerConfigKeys (ConfUtils.java:logGet(46)) - raft.server.log.corruption.policy = EXCEPTION (default)
2023-12-28 09:10:39,357 [e4352bd1-85d5-4ef3-8682-c1451338ec4a-groupManagement] INFO  server.RaftServerConfigKeys (ConfUtils.java:logGet(46)) - raft.server.storage.dir = [/home/runner/work/ozone/ozone/hadoop-ozone/integration-test/target/test-dir/MiniOzoneClusterImpl-11b76480-f5fe-46c6-962b-c791e86a534f/datanode-0/data/ratis] (custom)
2023-12-28 09:10:39,357 [e4352bd1-85d5-4ef3-8682-c1451338ec4a-groupManagement] INFO  storage.RaftStorageDirectory (RaftStorageDirectoryImpl.java:analyzeStorage(138)) - The storage directory /home/runner/work/ozone/ozone/hadoop-ozone/integration-test/target/test-dir/MiniOzoneClusterImpl-11b76480-f5fe-46c6-962b-c791e86a534f/datanode-0/data/ratis/d9aa7e2a-ba71-457a-b112-06525d7e7823 does not exist. Creating ...
2023-12-28 09:10:39,358 [e4352bd1-85d5-4ef3-8682-c1451338ec4a-groupManagement] INFO  storage.RaftStorageDirectory (RaftStorageDirectoryImpl.java:tryLock(232)) - Lock on /home/runner/work/ozone/ozone/hadoop-ozone/integration-test/target/test-dir/MiniOzoneClusterImpl-11b76480-f5fe-46c6-962b-c791e86a534f/datanode-0/data/ratis/d9aa7e2a-ba71-457a-b112-06525d7e7823/in_use.lock acquired by nodename 85610@fv-az1384-14
2023-12-28 09:10:39,360 [e4352bd1-85d5-4ef3-8682-c1451338ec4a-groupManagement] INFO  storage.RaftStorage (RaftStorageImpl.java:format(97)) - Storage directory /home/runner/work/ozone/ozone/hadoop-ozone/integration-test/target/test-dir/MiniOzoneClusterImpl-11b76480-f5fe-46c6-962b-c791e86a534f/datanode-0/data/ratis/d9aa7e2a-ba71-457a-b112-06525d7e7823 has been successfully formatted.
2023-12-28 09:10:39,360 [e4352bd1-85d5-4ef3-8682-c1451338ec4a-groupManagement] INFO  ratis.ContainerStateMachine (ContainerStateMachine.java:loadSnapshot(287)) - group-06525D7E7823: The snapshot info is null. Setting the last applied indexto:(t:0, i:~)
2023-12-28 09:10:39,360 [e4352bd1-85d5-4ef3-8682-c1451338ec4a-groupManagement] INFO  server.RaftServerConfigKeys (ConfUtils.java:logGet(46)) - raft.server.log.use.memory = false (default)
2023-12-28 09:10:39,360 [e4352bd1-85d5-4ef3-8682-c1451338ec4a-groupManagement] INFO  server.RaftServerConfigKeys (ConfUtils.java:logGet(46)) - raft.server.log.purge.gap = 1000000 (custom)
2023-12-28 09:10:39,360 [e4352bd1-85d5-4ef3-8682-c1451338ec4a-groupManagement] INFO  server.RaftServerConfigKeys (ConfUtils.java:logGet(46)) - raft.server.log.appender.buffer.byte-limit = 8388608 (custom)
2023-12-28 09:10:39,361 [EventQueue-OpenPipelineForHealthyPipelineSafeModeRule] INFO  safemode.SCMSafeModeManager (HealthyPipelineSafeModeRule.java:process(140)) - SCM in safe mode. Healthy pipelines reported count is 0, required healthy pipeline reported count is 1
2023-12-28 09:10:39,362 [e4352bd1-85d5-4ef3-8682-c1451338ec4a-groupManagement] INFO  server.RaftServerConfigKeys (ConfUtils.java:logGet(46)) - raft.server.log.statemachine.data.read.timeout = 1000ms (default)
2023-12-28 09:10:39,363 [e4352bd1-85d5-4ef3-8682-c1451338ec4a-groupManagement] INFO  server.RaftServerConfigKeys (ConfUtils.java:logGet(46)) - raft.server.log.purge.preservation.log.num = 0 (default)
2023-12-28 09:10:39,363 [e4352bd1-85d5-4ef3-8682-c1451338ec4a-groupManagement] INFO  server.RaftServerConfigKeys (ConfUtils.java:logGet(46)) - raft.server.log.segment.size.max = 67108864 (custom)
2023-12-28 09:10:39,364 [e4352bd1-85d5-4ef3-8682-c1451338ec4a-groupManagement] INFO  server.RaftServerConfigKeys (ConfUtils.java:logGet(46)) - raft.server.log.segment.cache.num.max = 2 (custom)
2023-12-28 09:10:39,364 [e4352bd1-85d5-4ef3-8682-c1451338ec4a-groupManagement] INFO  server.RaftServerConfigKeys (ConfUtils.java:logGet(46)) - raft.server.log.segment.cache.size.max = 200MB (=209715200) (default)
2023-12-28 09:10:39,364 [e4352bd1-85d5-4ef3-8682-c1451338ec4a-groupManagement] INFO  server.RaftServerConfigKeys (ConfUtils.java:logGet(46)) - raft.server.log.appender.buffer.byte-limit = 8388608 (custom)
2023-12-28 09:10:39,364 [e4352bd1-85d5-4ef3-8682-c1451338ec4a-groupManagement] INFO  util.AwaitToRun (AwaitToRun.java:start(81)) - Thread[e4352bd1-85d5-4ef3-8682-c1451338ec4a@group-06525D7E7823-cacheEviction-AwaitToRun,5,main] started
2023-12-28 09:10:39,364 [e4352bd1-85d5-4ef3-8682-c1451338ec4a-groupManagement] INFO  segmented.SegmentedRaftLogWorker (SegmentedRaftLogWorker.java:<init>(184)) - new e4352bd1-85d5-4ef3-8682-c1451338ec4a@group-06525D7E7823-SegmentedRaftLogWorker for RaftStorageImpl:Storage Directory /home/runner/work/ozone/ozone/hadoop-ozone/integration-test/target/test-dir/MiniOzoneClusterImpl-11b76480-f5fe-46c6-962b-c791e86a534f/datanode-0/data/ratis/d9aa7e2a-ba71-457a-b112-06525d7e7823
2023-12-28 09:10:39,364 [e4352bd1-85d5-4ef3-8682-c1451338ec4a-groupManagement] INFO  server.RaftServerConfigKeys (ConfUtils.java:logGet(46)) - raft.server.log.queue.byte-limit = 4294967296 (custom)
2023-12-28 09:10:39,364 [e4352bd1-85d5-4ef3-8682-c1451338ec4a-groupManagement] INFO  server.RaftServerConfigKeys (ConfUtils.java:logGet(46)) - raft.server.log.queue.element-limit = 1024 (custom)
2023-12-28 09:10:39,364 [e4352bd1-85d5-4ef3-8682-c1451338ec4a-groupManagement] INFO  server.RaftServerConfigKeys (ConfUtils.java:logGet(46)) - raft.server.log.segment.size.max = 67108864 (custom)
2023-12-28 09:10:39,364 [e4352bd1-85d5-4ef3-8682-c1451338ec4a-groupManagement] INFO  server.RaftServerConfigKeys (ConfUtils.java:logGet(46)) - raft.server.log.preallocated.size = 4194304 (custom)
2023-12-28 09:10:39,364 [e4352bd1-85d5-4ef3-8682-c1451338ec4a-groupManagement] INFO  server.RaftServerConfigKeys (ConfUtils.java:logGet(46)) - raft.server.log.force.sync.num = 128 (default)
2023-12-28 09:10:39,364 [e4352bd1-85d5-4ef3-8682-c1451338ec4a-groupManagement] INFO  server.RaftServerConfigKeys (ConfUtils.java:logGet(46)) - raft.server.log.statemachine.data.sync = true (default)
2023-12-28 09:10:39,364 [e4352bd1-85d5-4ef3-8682-c1451338ec4a-groupManagement] INFO  server.RaftServerConfigKeys (ConfUtils.java:logGet(46)) - raft.server.log.statemachine.data.sync.timeout = 10s (default)
2023-12-28 09:10:39,364 [e4352bd1-85d5-4ef3-8682-c1451338ec4a-groupManagement] INFO  server.RaftServerConfigKeys (ConfUtils.java:logGet(46)) - raft.server.log.statemachine.data.sync.timeout.retry = 0 (custom)
2023-12-28 09:10:39,365 [e4352bd1-85d5-4ef3-8682-c1451338ec4a-groupManagement] INFO  server.RaftServerConfigKeys (ConfUtils.java:logGet(46)) - raft.server.log.write.buffer.size = 8388616 (custom)
2023-12-28 09:10:39,366 [e4352bd1-85d5-4ef3-8682-c1451338ec4a-groupManagement] INFO  server.RaftServerConfigKeys (ConfUtils.java:logGet(46)) - raft.server.log.appender.buffer.byte-limit = 8388608 (custom)
2023-12-28 09:10:39,366 [e4352bd1-85d5-4ef3-8682-c1451338ec4a-groupManagement] INFO  server.RaftServerConfigKeys (ConfUtils.java:logGet(46)) - raft.server.log.unsafe-flush.enabled = false (default)
2023-12-28 09:10:39,366 [e4352bd1-85d5-4ef3-8682-c1451338ec4a-groupManagement] INFO  server.RaftServerConfigKeys (ConfUtils.java:logGet(46)) - raft.server.log.async-flush.enabled = false (default)
2023-12-28 09:10:39,367 [e4352bd1-85d5-4ef3-8682-c1451338ec4a-groupManagement] INFO  server.RaftServerConfigKeys (ConfUtils.java:logGet(46)) - raft.server.log.statemachine.data.caching.enabled = true (custom)
2023-12-28 09:10:39,367 [e4352bd1-85d5-4ef3-8682-c1451338ec4a-groupManagement] INFO  segmented.SegmentedRaftLogWorker (SegmentedRaftLogWorker.java:lambda$new$0(135)) - e4352bd1-85d5-4ef3-8682-c1451338ec4a@group-06525D7E7823-SegmentedRaftLogWorker: flushIndex: setUnconditionally 0 -> -1
2023-12-28 09:10:39,367 [e4352bd1-85d5-4ef3-8682-c1451338ec4a-groupManagement] INFO  segmented.SegmentedRaftLogWorker (SegmentedRaftLogWorker.java:lambda$new$0(135)) - e4352bd1-85d5-4ef3-8682-c1451338ec4a@group-06525D7E7823-SegmentedRaftLogWorker: safeCacheEvictIndex: setUnconditionally 0 -> -1
2023-12-28 09:10:39,367 [e4352bd1-85d5-4ef3-8682-c1451338ec4a-groupManagement] INFO  server.RaftServer$Division (RaftServerImpl.java:start(392)) - e4352bd1-85d5-4ef3-8682-c1451338ec4a@group-06525D7E7823: start as a follower, conf=-1: peers:[bc83b340-cccb-4d5a-a730-8abffc996f86|10.1.0.14:15468, 44783c19-7880-41e3-960e-1ceedd7807f9|10.1.0.14:15477, e4352bd1-85d5-4ef3-8682-c1451338ec4a|10.1.0.14:15459]|listeners:[], old=null
2023-12-28 09:10:39,367 [e4352bd1-85d5-4ef3-8682-c1451338ec4a-groupManagement] INFO  server.RaftServer$Division (RaftServerImpl.java:setRole(379)) - e4352bd1-85d5-4ef3-8682-c1451338ec4a@group-06525D7E7823: changes role from      null to FOLLOWER at term 0 for startAsFollower
2023-12-28 09:10:39,367 [e4352bd1-85d5-4ef3-8682-c1451338ec4a-groupManagement] INFO  impl.RoleInfo (RoleInfo.java:updateAndGet(139)) - e4352bd1-85d5-4ef3-8682-c1451338ec4a: start e4352bd1-85d5-4ef3-8682-c1451338ec4a@group-06525D7E7823-FollowerState
2023-12-28 09:10:39,367 [e4352bd1-85d5-4ef3-8682-c1451338ec4a-groupManagement] INFO  util.JmxRegister (JmxRegister.java:tryRegister(44)) - Successfully registered JMX Bean with object name Ratis:service=RaftServer,group=group-06525D7E7823,id=e4352bd1-85d5-4ef3-8682-c1451338ec4a
2023-12-28 09:10:39,367 [e4352bd1-85d5-4ef3-8682-c1451338ec4a-groupManagement] INFO  server.RaftServerConfigKeys (ConfUtils.java:logGet(46)) - raft.server.snapshot.trigger-when-stop.enabled = true (default)
2023-12-28 09:10:39,367 [e4352bd1-85d5-4ef3-8682-c1451338ec4a-groupManagement] INFO  server.RaftServerConfigKeys (ConfUtils.java:logGet(46)) - raft.server.snapshot.auto.trigger.enabled = true (custom)
2023-12-28 09:10:39,367 [e4352bd1-85d5-4ef3-8682-c1451338ec4a@group-06525D7E7823-FollowerState] INFO  server.RaftServerConfigKeys (ConfUtils.java:logFallback(53)) - raft.server.rpc.first-election.timeout.min = 5s (fallback to raft.server.rpc.timeout.min)
2023-12-28 09:10:39,367 [e4352bd1-85d5-4ef3-8682-c1451338ec4a-groupManagement] INFO  server.RaftServerConfigKeys (ConfUtils.java:logGet(46)) - raft.server.snapshot.auto.trigger.threshold = 10000 (custom)
2023-12-28 09:10:39,367 [e4352bd1-85d5-4ef3-8682-c1451338ec4a@group-06525D7E7823-FollowerState] INFO  server.RaftServerConfigKeys (ConfUtils.java:logFallback(53)) - raft.server.rpc.first-election.timeout.max = 5200ms (fallback to raft.server.rpc.timeout.max)
2023-12-28 09:10:39,367 [e4352bd1-85d5-4ef3-8682-c1451338ec4a-groupManagement] INFO  server.RaftServerConfigKeys (ConfUtils.java:logGet(46)) - raft.server.snapshot.retention.file.num = 5 (custom)
2023-12-28 09:10:39,368 [e4352bd1-85d5-4ef3-8682-c1451338ec4a-groupManagement] INFO  server.RaftServerConfigKeys (ConfUtils.java:logGet(46)) - raft.server.log.purge.upto.snapshot.index = false (default)
2023-12-28 09:10:39,368 [e4352bd1-85d5-4ef3-8682-c1451338ec4a-PipelineCommandHandlerThread-0] INFO  ratis.XceiverServerRatis (XceiverServerRatis.java:addGroup(837)) - Created group PipelineID=d9aa7e2a-ba71-457a-b112-06525d7e7823
2023-12-28 09:10:39,375 [grpc-default-executor-6] INFO  server.RaftServer (RaftServerProxy.java:addNew(100)) - bc83b340-cccb-4d5a-a730-8abffc996f86: addNew group-06525D7E7823:[bc83b340-cccb-4d5a-a730-8abffc996f86|10.1.0.14:15468, 44783c19-7880-41e3-960e-1ceedd7807f9|10.1.0.14:15477, e4352bd1-85d5-4ef3-8682-c1451338ec4a|10.1.0.14:15459] returns group-06525D7E7823:java.util.concurrent.CompletableFuture@67440d01[Not completed]
2023-12-28 09:10:39,376 [bc83b340-cccb-4d5a-a730-8abffc996f86-groupManagement] INFO  server.RaftServer$Division (RaftServerImpl.java:<init>(256)) - bc83b340-cccb-4d5a-a730-8abffc996f86: new RaftServerImpl for group-06525D7E7823:[bc83b340-cccb-4d5a-a730-8abffc996f86|10.1.0.14:15468, 44783c19-7880-41e3-960e-1ceedd7807f9|10.1.0.14:15477, e4352bd1-85d5-4ef3-8682-c1451338ec4a|10.1.0.14:15459] with ContainerStateMachine:uninitialized
2023-12-28 09:10:39,376 [bc83b340-cccb-4d5a-a730-8abffc996f86-groupManagement] INFO  server.RaftServerConfigKeys (ConfUtils.java:logGet(46)) - raft.server.rpc.timeout.min = 5s (custom)
2023-12-28 09:10:39,376 [bc83b340-cccb-4d5a-a730-8abffc996f86-groupManagement] INFO  server.RaftServerConfigKeys (ConfUtils.java:logGet(46)) - raft.server.rpc.timeout.max = 5200ms (custom)
2023-12-28 09:10:39,376 [bc83b340-cccb-4d5a-a730-8abffc996f86-groupManagement] INFO  server.RaftServerConfigKeys (ConfUtils.java:logGet(46)) - raft.server.rpc.sleep.time = 25ms (default)
2023-12-28 09:10:39,376 [bc83b340-cccb-4d5a-a730-8abffc996f86-groupManagement] INFO  server.RaftServerConfigKeys (ConfUtils.java:logGet(46)) - raft.server.rpc.slowness.timeout = 300000ms (custom)
2023-12-28 09:10:39,376 [bc83b340-cccb-4d5a-a730-8abffc996f86-groupManagement] INFO  server.RaftServerConfigKeys (ConfUtils.java:logGet(46)) - raft.server.leaderelection.leader.step-down.wait-time = 10s (default)
2023-12-28 09:10:39,376 [bc83b340-cccb-4d5a-a730-8abffc996f86-groupManagement] INFO  server.RaftServerConfigKeys (ConfUtils.java:logGet(46)) - raft.server.leaderelection.member.majority-add = false (default)
2023-12-28 09:10:39,376 [bc83b340-cccb-4d5a-a730-8abffc996f86-groupManagement] INFO  server.RaftServerConfigKeys (ConfUtils.java:logGet(46)) - raft.server.sleep.deviation.threshold = 300ms (default)
2023-12-28 09:10:39,376 [bc83b340-cccb-4d5a-a730-8abffc996f86-groupManagement] INFO  server.RaftServer$Division (ServerState.java:<init>(113)) - bc83b340-cccb-4d5a-a730-8abffc996f86@group-06525D7E7823: ConfigurationManager, init=-1: peers:[bc83b340-cccb-4d5a-a730-8abffc996f86|10.1.0.14:15468, 44783c19-7880-41e3-960e-1ceedd7807f9|10.1.0.14:15477, e4352bd1-85d5-4ef3-8682-c1451338ec4a|10.1.0.14:15459]|listeners:[], old=null, confs=<EMPTY_MAP>
2023-12-28 09:10:39,376 [bc83b340-cccb-4d5a-a730-8abffc996f86-groupManagement] INFO  server.RaftServerConfigKeys (ConfUtils.java:logGet(46)) - raft.server.notification.no-leader.timeout = 300000ms (custom)
2023-12-28 09:10:39,376 [bc83b340-cccb-4d5a-a730-8abffc996f86-groupManagement] INFO  server.RaftServerConfigKeys (ConfUtils.java:logGet(46)) - raft.server.read.timeout = 10s (default)
2023-12-28 09:10:39,376 [bc83b340-cccb-4d5a-a730-8abffc996f86-groupManagement] INFO  server.RaftServerConfigKeys (ConfUtils.java:logGet(46)) - raft.server.retrycache.expirytime = 600000ms (custom)
2023-12-28 09:10:39,376 [bc83b340-cccb-4d5a-a730-8abffc996f86-groupManagement] INFO  server.RaftServerConfigKeys (ConfUtils.java:logGet(46)) - raft.server.retrycache.statistics.expirytime = 100ms (default)
2023-12-28 09:10:39,376 [bc83b340-cccb-4d5a-a730-8abffc996f86-groupManagement] INFO  server.RaftServerConfigKeys (ConfUtils.java:logGet(46)) - raft.server.read.option = DEFAULT (default)
2023-12-28 09:10:39,376 [bc83b340-cccb-4d5a-a730-8abffc996f86-groupManagement] INFO  server.RaftServerConfigKeys (ConfUtils.java:logGet(46)) - raft.server.read.read-after-write-consistent.write-index-cache.expiry-time = 60s (default)
2023-12-28 09:10:39,378 [bc83b340-cccb-4d5a-a730-8abffc996f86-groupManagement] INFO  server.RaftServerConfigKeys (ConfUtils.java:logGet(46)) - raft.server.rpc.request.timeout = 3000ms (default)
2023-12-28 09:10:39,378 [bc83b340-cccb-4d5a-a730-8abffc996f86-groupManagement] INFO  server.RaftServerConfigKeys (ConfUtils.java:logGet(46)) - raft.server.log.appender.install.snapshot.enabled = false (custom)
2023-12-28 09:10:39,378 [bc83b340-cccb-4d5a-a730-8abffc996f86-groupManagement] INFO  server.RaftServerConfigKeys (ConfUtils.java:logGet(46)) - raft.server.threadpool.server.cached = true (default)
2023-12-28 09:10:39,378 [bc83b340-cccb-4d5a-a730-8abffc996f86-groupManagement] INFO  server.RaftServerConfigKeys (ConfUtils.java:logGet(46)) - raft.server.threadpool.server.size = 0 (default)
2023-12-28 09:10:39,378 [bc83b340-cccb-4d5a-a730-8abffc996f86-groupManagement] INFO  server.RaftServerConfigKeys (ConfUtils.java:logGet(46)) - raft.server.threadpool.client.cached = true (default)
2023-12-28 09:10:39,378 [bc83b340-cccb-4d5a-a730-8abffc996f86-groupManagement] INFO  server.RaftServerConfigKeys (ConfUtils.java:logGet(46)) - raft.server.threadpool.client.size = 0 (default)
2023-12-28 09:10:39,378 [bc83b340-cccb-4d5a-a730-8abffc996f86-groupManagement] INFO  server.RaftServerConfigKeys (ConfUtils.java:logGet(46)) - raft.server.storage.free-space.min = 0MB (=0) (default)
2023-12-28 09:10:39,378 [bc83b340-cccb-4d5a-a730-8abffc996f86-groupManagement] INFO  server.RaftServerConfigKeys (ConfUtils.java:logGet(46)) - raft.server.log.corruption.policy = EXCEPTION (default)
2023-12-28 09:10:39,378 [bc83b340-cccb-4d5a-a730-8abffc996f86-groupManagement] INFO  server.RaftServerConfigKeys (ConfUtils.java:logGet(46)) - raft.server.storage.dir = [/home/runner/work/ozone/ozone/hadoop-ozone/integration-test/target/test-dir/MiniOzoneClusterImpl-11b76480-f5fe-46c6-962b-c791e86a534f/datanode-1/data/ratis] (custom)
2023-12-28 09:10:39,378 [bc83b340-cccb-4d5a-a730-8abffc996f86-groupManagement] INFO  storage.RaftStorageDirectory (RaftStorageDirectoryImpl.java:analyzeStorage(138)) - The storage directory /home/runner/work/ozone/ozone/hadoop-ozone/integration-test/target/test-dir/MiniOzoneClusterImpl-11b76480-f5fe-46c6-962b-c791e86a534f/datanode-1/data/ratis/d9aa7e2a-ba71-457a-b112-06525d7e7823 does not exist. Creating ...
2023-12-28 09:10:39,379 [bc83b340-cccb-4d5a-a730-8abffc996f86-groupManagement] INFO  storage.RaftStorageDirectory (RaftStorageDirectoryImpl.java:tryLock(232)) - Lock on /home/runner/work/ozone/ozone/hadoop-ozone/integration-test/target/test-dir/MiniOzoneClusterImpl-11b76480-f5fe-46c6-962b-c791e86a534f/datanode-1/data/ratis/d9aa7e2a-ba71-457a-b112-06525d7e7823/in_use.lock acquired by nodename 85610@fv-az1384-14
2023-12-28 09:10:39,380 [bc83b340-cccb-4d5a-a730-8abffc996f86-groupManagement] INFO  storage.RaftStorage (RaftStorageImpl.java:format(97)) - Storage directory /home/runner/work/ozone/ozone/hadoop-ozone/integration-test/target/test-dir/MiniOzoneClusterImpl-11b76480-f5fe-46c6-962b-c791e86a534f/datanode-1/data/ratis/d9aa7e2a-ba71-457a-b112-06525d7e7823 has been successfully formatted.
2023-12-28 09:10:39,383 [bc83b340-cccb-4d5a-a730-8abffc996f86-groupManagement] INFO  ratis.ContainerStateMachine (ContainerStateMachine.java:loadSnapshot(287)) - group-06525D7E7823: The snapshot info is null. Setting the last applied indexto:(t:0, i:~)
2023-12-28 09:10:39,383 [bc83b340-cccb-4d5a-a730-8abffc996f86-groupManagement] INFO  server.RaftServerConfigKeys (ConfUtils.java:logGet(46)) - raft.server.log.use.memory = false (default)
2023-12-28 09:10:39,383 [bc83b340-cccb-4d5a-a730-8abffc996f86-groupManagement] INFO  server.RaftServerConfigKeys (ConfUtils.java:logGet(46)) - raft.server.log.purge.gap = 1000000 (custom)
2023-12-28 09:10:39,384 [bc83b340-cccb-4d5a-a730-8abffc996f86-groupManagement] INFO  server.RaftServerConfigKeys (ConfUtils.java:logGet(46)) - raft.server.log.appender.buffer.byte-limit = 8388608 (custom)
2023-12-28 09:10:39,384 [bc83b340-cccb-4d5a-a730-8abffc996f86-groupManagement] INFO  server.RaftServerConfigKeys (ConfUtils.java:logGet(46)) - raft.server.log.statemachine.data.read.timeout = 1000ms (default)
2023-12-28 09:10:39,384 [bc83b340-cccb-4d5a-a730-8abffc996f86-groupManagement] INFO  server.RaftServerConfigKeys (ConfUtils.java:logGet(46)) - raft.server.log.purge.preservation.log.num = 0 (default)
2023-12-28 09:10:39,385 [bc83b340-cccb-4d5a-a730-8abffc996f86-groupManagement] INFO  server.RaftServerConfigKeys (ConfUtils.java:logGet(46)) - raft.server.log.segment.size.max = 67108864 (custom)
2023-12-28 09:10:39,385 [bc83b340-cccb-4d5a-a730-8abffc996f86-groupManagement] INFO  server.RaftServerConfigKeys (ConfUtils.java:logGet(46)) - raft.server.log.segment.cache.num.max = 2 (custom)
2023-12-28 09:10:39,385 [bc83b340-cccb-4d5a-a730-8abffc996f86-groupManagement] INFO  server.RaftServerConfigKeys (ConfUtils.java:logGet(46)) - raft.server.log.segment.cache.size.max = 200MB (=209715200) (default)
2023-12-28 09:10:39,385 [bc83b340-cccb-4d5a-a730-8abffc996f86-groupManagement] INFO  server.RaftServerConfigKeys (ConfUtils.java:logGet(46)) - raft.server.log.appender.buffer.byte-limit = 8388608 (custom)
2023-12-28 09:10:39,385 [bc83b340-cccb-4d5a-a730-8abffc996f86-groupManagement] INFO  util.AwaitToRun (AwaitToRun.java:start(81)) - Thread[bc83b340-cccb-4d5a-a730-8abffc996f86@group-06525D7E7823-cacheEviction-AwaitToRun,5,main] started
2023-12-28 09:10:39,385 [bc83b340-cccb-4d5a-a730-8abffc996f86-groupManagement] INFO  segmented.SegmentedRaftLogWorker (SegmentedRaftLogWorker.java:<init>(184)) - new bc83b340-cccb-4d5a-a730-8abffc996f86@group-06525D7E7823-SegmentedRaftLogWorker for RaftStorageImpl:Storage Directory /home/runner/work/ozone/ozone/hadoop-ozone/integration-test/target/test-dir/MiniOzoneClusterImpl-11b76480-f5fe-46c6-962b-c791e86a534f/datanode-1/data/ratis/d9aa7e2a-ba71-457a-b112-06525d7e7823
2023-12-28 09:10:39,385 [bc83b340-cccb-4d5a-a730-8abffc996f86-groupManagement] INFO  server.RaftServerConfigKeys (ConfUtils.java:logGet(46)) - raft.server.log.queue.byte-limit = 4294967296 (custom)
2023-12-28 09:10:39,385 [bc83b340-cccb-4d5a-a730-8abffc996f86-groupManagement] INFO  server.RaftServerConfigKeys (ConfUtils.java:logGet(46)) - raft.server.log.queue.element-limit = 1024 (custom)
2023-12-28 09:10:39,385 [bc83b340-cccb-4d5a-a730-8abffc996f86-groupManagement] INFO  server.RaftServerConfigKeys (ConfUtils.java:logGet(46)) - raft.server.log.segment.size.max = 67108864 (custom)
2023-12-28 09:10:39,385 [bc83b340-cccb-4d5a-a730-8abffc996f86-groupManagement] INFO  server.RaftServerConfigKeys (ConfUtils.java:logGet(46)) - raft.server.log.preallocated.size = 4194304 (custom)
2023-12-28 09:10:39,385 [bc83b340-cccb-4d5a-a730-8abffc996f86-groupManagement] INFO  server.RaftServerConfigKeys (ConfUtils.java:logGet(46)) - raft.server.log.force.sync.num = 128 (default)
2023-12-28 09:10:39,385 [bc83b340-cccb-4d5a-a730-8abffc996f86-groupManagement] INFO  server.RaftServerConfigKeys (ConfUtils.java:logGet(46)) - raft.server.log.statemachine.data.sync = true (default)
2023-12-28 09:10:39,385 [bc83b340-cccb-4d5a-a730-8abffc996f86-groupManagement] INFO  server.RaftServerConfigKeys (ConfUtils.java:logGet(46)) - raft.server.log.statemachine.data.sync.timeout = 10s (default)
2023-12-28 09:10:39,385 [bc83b340-cccb-4d5a-a730-8abffc996f86-groupManagement] INFO  server.RaftServerConfigKeys (ConfUtils.java:logGet(46)) - raft.server.log.statemachine.data.sync.timeout.retry = 0 (custom)
2023-12-28 09:10:39,386 [bc83b340-cccb-4d5a-a730-8abffc996f86-groupManagement] INFO  server.RaftServerConfigKeys (ConfUtils.java:logGet(46)) - raft.server.log.write.buffer.size = 8388616 (custom)
2023-12-28 09:10:39,387 [bc83b340-cccb-4d5a-a730-8abffc996f86-groupManagement] INFO  server.RaftServerConfigKeys (ConfUtils.java:logGet(46)) - raft.server.log.appender.buffer.byte-limit = 8388608 (custom)
2023-12-28 09:10:39,387 [bc83b340-cccb-4d5a-a730-8abffc996f86-groupManagement] INFO  server.RaftServerConfigKeys (ConfUtils.java:logGet(46)) - raft.server.log.unsafe-flush.enabled = false (default)
2023-12-28 09:10:39,387 [bc83b340-cccb-4d5a-a730-8abffc996f86-groupManagement] INFO  server.RaftServerConfigKeys (ConfUtils.java:logGet(46)) - raft.server.log.async-flush.enabled = false (default)
2023-12-28 09:10:39,387 [bc83b340-cccb-4d5a-a730-8abffc996f86-groupManagement] INFO  server.RaftServerConfigKeys (ConfUtils.java:logGet(46)) - raft.server.log.statemachine.data.caching.enabled = true (custom)
2023-12-28 09:10:39,387 [bc83b340-cccb-4d5a-a730-8abffc996f86-groupManagement] INFO  segmented.SegmentedRaftLogWorker (SegmentedRaftLogWorker.java:lambda$new$0(135)) - bc83b340-cccb-4d5a-a730-8abffc996f86@group-06525D7E7823-SegmentedRaftLogWorker: flushIndex: setUnconditionally 0 -> -1
2023-12-28 09:10:39,387 [bc83b340-cccb-4d5a-a730-8abffc996f86-groupManagement] INFO  segmented.SegmentedRaftLogWorker (SegmentedRaftLogWorker.java:lambda$new$0(135)) - bc83b340-cccb-4d5a-a730-8abffc996f86@group-06525D7E7823-SegmentedRaftLogWorker: safeCacheEvictIndex: setUnconditionally 0 -> -1
2023-12-28 09:10:39,388 [bc83b340-cccb-4d5a-a730-8abffc996f86-groupManagement] INFO  server.RaftServer$Division (RaftServerImpl.java:start(392)) - bc83b340-cccb-4d5a-a730-8abffc996f86@group-06525D7E7823: start as a follower, conf=-1: peers:[bc83b340-cccb-4d5a-a730-8abffc996f86|10.1.0.14:15468, 44783c19-7880-41e3-960e-1ceedd7807f9|10.1.0.14:15477, e4352bd1-85d5-4ef3-8682-c1451338ec4a|10.1.0.14:15459]|listeners:[], old=null
2023-12-28 09:10:39,388 [bc83b340-cccb-4d5a-a730-8abffc996f86-groupManagement] INFO  server.RaftServer$Division (RaftServerImpl.java:setRole(379)) - bc83b340-cccb-4d5a-a730-8abffc996f86@group-06525D7E7823: changes role from      null to FOLLOWER at term 0 for startAsFollower
2023-12-28 09:10:39,388 [bc83b340-cccb-4d5a-a730-8abffc996f86-groupManagement] INFO  impl.RoleInfo (RoleInfo.java:updateAndGet(139)) - bc83b340-cccb-4d5a-a730-8abffc996f86: start bc83b340-cccb-4d5a-a730-8abffc996f86@group-06525D7E7823-FollowerState
2023-12-28 09:10:39,388 [bc83b340-cccb-4d5a-a730-8abffc996f86@group-06525D7E7823-FollowerState] INFO  server.RaftServerConfigKeys (ConfUtils.java:logFallback(53)) - raft.server.rpc.first-election.timeout.min = 5s (fallback to raft.server.rpc.timeout.min)
2023-12-28 09:10:39,388 [bc83b340-cccb-4d5a-a730-8abffc996f86-groupManagement] INFO  util.JmxRegister (JmxRegister.java:tryRegister(44)) - Successfully registered JMX Bean with object name Ratis:service=RaftServer,group=group-06525D7E7823,id=bc83b340-cccb-4d5a-a730-8abffc996f86
2023-12-28 09:10:39,388 [bc83b340-cccb-4d5a-a730-8abffc996f86@group-06525D7E7823-FollowerState] INFO  server.RaftServerConfigKeys (ConfUtils.java:logFallback(53)) - raft.server.rpc.first-election.timeout.max = 5200ms (fallback to raft.server.rpc.timeout.max)
2023-12-28 09:10:39,388 [bc83b340-cccb-4d5a-a730-8abffc996f86-groupManagement] INFO  server.RaftServerConfigKeys (ConfUtils.java:logGet(46)) - raft.server.snapshot.trigger-when-stop.enabled = true (default)
2023-12-28 09:10:39,388 [bc83b340-cccb-4d5a-a730-8abffc996f86-groupManagement] INFO  server.RaftServerConfigKeys (ConfUtils.java:logGet(46)) - raft.server.snapshot.auto.trigger.enabled = true (custom)
2023-12-28 09:10:39,388 [bc83b340-cccb-4d5a-a730-8abffc996f86-groupManagement] INFO  server.RaftServerConfigKeys (ConfUtils.java:logGet(46)) - raft.server.snapshot.auto.trigger.threshold = 10000 (custom)
2023-12-28 09:10:39,388 [bc83b340-cccb-4d5a-a730-8abffc996f86-groupManagement] INFO  server.RaftServerConfigKeys (ConfUtils.java:logGet(46)) - raft.server.snapshot.retention.file.num = 5 (custom)
2023-12-28 09:10:39,388 [bc83b340-cccb-4d5a-a730-8abffc996f86-groupManagement] INFO  server.RaftServerConfigKeys (ConfUtils.java:logGet(46)) - raft.server.log.purge.upto.snapshot.index = false (default)
2023-12-28 09:10:39,395 [grpc-default-executor-6] INFO  server.RaftServer (RaftServerProxy.java:addNew(100)) - 44783c19-7880-41e3-960e-1ceedd7807f9: addNew group-06525D7E7823:[bc83b340-cccb-4d5a-a730-8abffc996f86|10.1.0.14:15468, 44783c19-7880-41e3-960e-1ceedd7807f9|10.1.0.14:15477, e4352bd1-85d5-4ef3-8682-c1451338ec4a|10.1.0.14:15459] returns group-06525D7E7823:java.util.concurrent.CompletableFuture@1665cce7[Not completed]
2023-12-28 09:10:39,396 [44783c19-7880-41e3-960e-1ceedd7807f9-groupManagement] INFO  server.RaftServer$Division (RaftServerImpl.java:<init>(256)) - 44783c19-7880-41e3-960e-1ceedd7807f9: new RaftServerImpl for group-06525D7E7823:[bc83b340-cccb-4d5a-a730-8abffc996f86|10.1.0.14:15468, 44783c19-7880-41e3-960e-1ceedd7807f9|10.1.0.14:15477, e4352bd1-85d5-4ef3-8682-c1451338ec4a|10.1.0.14:15459] with ContainerStateMachine:uninitialized
2023-12-28 09:10:39,396 [44783c19-7880-41e3-960e-1ceedd7807f9-groupManagement] INFO  server.RaftServerConfigKeys (ConfUtils.java:logGet(46)) - raft.server.rpc.timeout.min = 5s (custom)
2023-12-28 09:10:39,396 [44783c19-7880-41e3-960e-1ceedd7807f9-groupManagement] INFO  server.RaftServerConfigKeys (ConfUtils.java:logGet(46)) - raft.server.rpc.timeout.max = 5200ms (custom)
2023-12-28 09:10:39,396 [44783c19-7880-41e3-960e-1ceedd7807f9-groupManagement] INFO  server.RaftServerConfigKeys (ConfUtils.java:logGet(46)) - raft.server.rpc.sleep.time = 25ms (default)
2023-12-28 09:10:39,396 [44783c19-7880-41e3-960e-1ceedd7807f9-groupManagement] INFO  server.RaftServerConfigKeys (ConfUtils.java:logGet(46)) - raft.server.rpc.slowness.timeout = 300000ms (custom)
2023-12-28 09:10:39,396 [44783c19-7880-41e3-960e-1ceedd7807f9-groupManagement] INFO  server.RaftServerConfigKeys (ConfUtils.java:logGet(46)) - raft.server.leaderelection.leader.step-down.wait-time = 10s (default)
2023-12-28 09:10:39,396 [44783c19-7880-41e3-960e-1ceedd7807f9-groupManagement] INFO  server.RaftServerConfigKeys (ConfUtils.java:logGet(46)) - raft.server.leaderelection.member.majority-add = false (default)
2023-12-28 09:10:39,396 [44783c19-7880-41e3-960e-1ceedd7807f9-groupManagement] INFO  server.RaftServerConfigKeys (ConfUtils.java:logGet(46)) - raft.server.sleep.deviation.threshold = 300ms (default)
2023-12-28 09:10:39,396 [44783c19-7880-41e3-960e-1ceedd7807f9-groupManagement] INFO  server.RaftServer$Division (ServerState.java:<init>(113)) - 44783c19-7880-41e3-960e-1ceedd7807f9@group-06525D7E7823: ConfigurationManager, init=-1: peers:[bc83b340-cccb-4d5a-a730-8abffc996f86|10.1.0.14:15468, 44783c19-7880-41e3-960e-1ceedd7807f9|10.1.0.14:15477, e4352bd1-85d5-4ef3-8682-c1451338ec4a|10.1.0.14:15459]|listeners:[], old=null, confs=<EMPTY_MAP>
2023-12-28 09:10:39,396 [44783c19-7880-41e3-960e-1ceedd7807f9-groupManagement] INFO  server.RaftServerConfigKeys (ConfUtils.java:logGet(46)) - raft.server.notification.no-leader.timeout = 300000ms (custom)
2023-12-28 09:10:39,396 [44783c19-7880-41e3-960e-1ceedd7807f9-groupManagement] INFO  server.RaftServerConfigKeys (ConfUtils.java:logGet(46)) - raft.server.read.timeout = 10s (default)
2023-12-28 09:10:39,396 [44783c19-7880-41e3-960e-1ceedd7807f9-groupManagement] INFO  server.RaftServerConfigKeys (ConfUtils.java:logGet(46)) - raft.server.retrycache.expirytime = 600000ms (custom)
2023-12-28 09:10:39,396 [44783c19-7880-41e3-960e-1ceedd7807f9-groupManagement] INFO  server.RaftServerConfigKeys (ConfUtils.java:logGet(46)) - raft.server.retrycache.statistics.expirytime = 100ms (default)
2023-12-28 09:10:39,396 [44783c19-7880-41e3-960e-1ceedd7807f9-groupManagement] INFO  server.RaftServerConfigKeys (ConfUtils.java:logGet(46)) - raft.server.read.option = DEFAULT (default)
2023-12-28 09:10:39,396 [44783c19-7880-41e3-960e-1ceedd7807f9-groupManagement] INFO  server.RaftServerConfigKeys (ConfUtils.java:logGet(46)) - raft.server.read.read-after-write-consistent.write-index-cache.expiry-time = 60s (default)
2023-12-28 09:10:39,398 [44783c19-7880-41e3-960e-1ceedd7807f9-groupManagement] INFO  server.RaftServerConfigKeys (ConfUtils.java:logGet(46)) - raft.server.rpc.request.timeout = 3000ms (default)
2023-12-28 09:10:39,398 [44783c19-7880-41e3-960e-1ceedd7807f9-groupManagement] INFO  server.RaftServerConfigKeys (ConfUtils.java:logGet(46)) - raft.server.log.appender.install.snapshot.enabled = false (custom)
2023-12-28 09:10:39,398 [44783c19-7880-41e3-960e-1ceedd7807f9-groupManagement] INFO  server.RaftServerConfigKeys (ConfUtils.java:logGet(46)) - raft.server.threadpool.server.cached = true (default)
2023-12-28 09:10:39,398 [44783c19-7880-41e3-960e-1ceedd7807f9-groupManagement] INFO  server.RaftServerConfigKeys (ConfUtils.java:logGet(46)) - raft.server.threadpool.server.size = 0 (default)
2023-12-28 09:10:39,398 [44783c19-7880-41e3-960e-1ceedd7807f9-groupManagement] INFO  server.RaftServerConfigKeys (ConfUtils.java:logGet(46)) - raft.server.threadpool.client.cached = true (default)
2023-12-28 09:10:39,398 [44783c19-7880-41e3-960e-1ceedd7807f9-groupManagement] INFO  server.RaftServerConfigKeys (ConfUtils.java:logGet(46)) - raft.server.threadpool.client.size = 0 (default)
2023-12-28 09:10:39,398 [44783c19-7880-41e3-960e-1ceedd7807f9-groupManagement] INFO  server.RaftServerConfigKeys (ConfUtils.java:logGet(46)) - raft.server.storage.free-space.min = 0MB (=0) (default)
2023-12-28 09:10:39,398 [44783c19-7880-41e3-960e-1ceedd7807f9-groupManagement] INFO  server.RaftServerConfigKeys (ConfUtils.java:logGet(46)) - raft.server.log.corruption.policy = EXCEPTION (default)
2023-12-28 09:10:39,398 [44783c19-7880-41e3-960e-1ceedd7807f9-groupManagement] INFO  server.RaftServerConfigKeys (ConfUtils.java:logGet(46)) - raft.server.storage.dir = [/home/runner/work/ozone/ozone/hadoop-ozone/integration-test/target/test-dir/MiniOzoneClusterImpl-11b76480-f5fe-46c6-962b-c791e86a534f/datanode-2/data/ratis] (custom)
2023-12-28 09:10:39,398 [44783c19-7880-41e3-960e-1ceedd7807f9-groupManagement] INFO  storage.RaftStorageDirectory (RaftStorageDirectoryImpl.java:analyzeStorage(138)) - The storage directory /home/runner/work/ozone/ozone/hadoop-ozone/integration-test/target/test-dir/MiniOzoneClusterImpl-11b76480-f5fe-46c6-962b-c791e86a534f/datanode-2/data/ratis/d9aa7e2a-ba71-457a-b112-06525d7e7823 does not exist. Creating ...
2023-12-28 09:10:39,399 [44783c19-7880-41e3-960e-1ceedd7807f9-groupManagement] INFO  storage.RaftStorageDirectory (RaftStorageDirectoryImpl.java:tryLock(232)) - Lock on /home/runner/work/ozone/ozone/hadoop-ozone/integration-test/target/test-dir/MiniOzoneClusterImpl-11b76480-f5fe-46c6-962b-c791e86a534f/datanode-2/data/ratis/d9aa7e2a-ba71-457a-b112-06525d7e7823/in_use.lock acquired by nodename 85610@fv-az1384-14
2023-12-28 09:10:39,400 [44783c19-7880-41e3-960e-1ceedd7807f9-groupManagement] INFO  storage.RaftStorage (RaftStorageImpl.java:format(97)) - Storage directory /home/runner/work/ozone/ozone/hadoop-ozone/integration-test/target/test-dir/MiniOzoneClusterImpl-11b76480-f5fe-46c6-962b-c791e86a534f/datanode-2/data/ratis/d9aa7e2a-ba71-457a-b112-06525d7e7823 has been successfully formatted.
2023-12-28 09:10:39,402 [44783c19-7880-41e3-960e-1ceedd7807f9-groupManagement] INFO  ratis.ContainerStateMachine (ContainerStateMachine.java:loadSnapshot(287)) - group-06525D7E7823: The snapshot info is null. Setting the last applied indexto:(t:0, i:~)
2023-12-28 09:10:39,402 [44783c19-7880-41e3-960e-1ceedd7807f9-groupManagement] INFO  server.RaftServerConfigKeys (ConfUtils.java:logGet(46)) - raft.server.log.use.memory = false (default)
2023-12-28 09:10:39,402 [44783c19-7880-41e3-960e-1ceedd7807f9-groupManagement] INFO  server.RaftServerConfigKeys (ConfUtils.java:logGet(46)) - raft.server.log.purge.gap = 1000000 (custom)
2023-12-28 09:10:39,402 [44783c19-7880-41e3-960e-1ceedd7807f9-groupManagement] INFO  server.RaftServerConfigKeys (ConfUtils.java:logGet(46)) - raft.server.log.appender.buffer.byte-limit = 8388608 (custom)
2023-12-28 09:10:39,402 [44783c19-7880-41e3-960e-1ceedd7807f9-groupManagement] INFO  server.RaftServerConfigKeys (ConfUtils.java:logGet(46)) - raft.server.log.statemachine.data.read.timeout = 1000ms (default)
2023-12-28 09:10:39,402 [44783c19-7880-41e3-960e-1ceedd7807f9-groupManagement] INFO  server.RaftServerConfigKeys (ConfUtils.java:logGet(46)) - raft.server.log.purge.preservation.log.num = 0 (default)
2023-12-28 09:10:39,403 [44783c19-7880-41e3-960e-1ceedd7807f9-groupManagement] INFO  server.RaftServerConfigKeys (ConfUtils.java:logGet(46)) - raft.server.log.segment.size.max = 67108864 (custom)
2023-12-28 09:10:39,403 [44783c19-7880-41e3-960e-1ceedd7807f9-groupManagement] INFO  server.RaftServerConfigKeys (ConfUtils.java:logGet(46)) - raft.server.log.segment.cache.num.max = 2 (custom)
2023-12-28 09:10:39,403 [44783c19-7880-41e3-960e-1ceedd7807f9-groupManagement] INFO  server.RaftServerConfigKeys (ConfUtils.java:logGet(46)) - raft.server.log.segment.cache.size.max = 200MB (=209715200) (default)
2023-12-28 09:10:39,403 [44783c19-7880-41e3-960e-1ceedd7807f9-groupManagement] INFO  server.RaftServerConfigKeys (ConfUtils.java:logGet(46)) - raft.server.log.appender.buffer.byte-limit = 8388608 (custom)
2023-12-28 09:10:39,404 [44783c19-7880-41e3-960e-1ceedd7807f9-groupManagement] INFO  util.AwaitToRun (AwaitToRun.java:start(81)) - Thread[44783c19-7880-41e3-960e-1ceedd7807f9@group-06525D7E7823-cacheEviction-AwaitToRun,5,main] started
2023-12-28 09:10:39,404 [44783c19-7880-41e3-960e-1ceedd7807f9-groupManagement] INFO  segmented.SegmentedRaftLogWorker (SegmentedRaftLogWorker.java:<init>(184)) - new 44783c19-7880-41e3-960e-1ceedd7807f9@group-06525D7E7823-SegmentedRaftLogWorker for RaftStorageImpl:Storage Directory /home/runner/work/ozone/ozone/hadoop-ozone/integration-test/target/test-dir/MiniOzoneClusterImpl-11b76480-f5fe-46c6-962b-c791e86a534f/datanode-2/data/ratis/d9aa7e2a-ba71-457a-b112-06525d7e7823
2023-12-28 09:10:39,404 [44783c19-7880-41e3-960e-1ceedd7807f9-groupManagement] INFO  server.RaftServerConfigKeys (ConfUtils.java:logGet(46)) - raft.server.log.queue.byte-limit = 4294967296 (custom)
2023-12-28 09:10:39,404 [44783c19-7880-41e3-960e-1ceedd7807f9-groupManagement] INFO  server.RaftServerConfigKeys (ConfUtils.java:logGet(46)) - raft.server.log.queue.element-limit = 1024 (custom)
2023-12-28 09:10:39,404 [44783c19-7880-41e3-960e-1ceedd7807f9-groupManagement] INFO  server.RaftServerConfigKeys (ConfUtils.java:logGet(46)) - raft.server.log.segment.size.max = 67108864 (custom)
2023-12-28 09:10:39,404 [44783c19-7880-41e3-960e-1ceedd7807f9-groupManagement] INFO  server.RaftServerConfigKeys (ConfUtils.java:logGet(46)) - raft.server.log.preallocated.size = 4194304 (custom)
2023-12-28 09:10:39,404 [44783c19-7880-41e3-960e-1ceedd7807f9-groupManagement] INFO  server.RaftServerConfigKeys (ConfUtils.java:logGet(46)) - raft.server.log.force.sync.num = 128 (default)
2023-12-28 09:10:39,404 [44783c19-7880-41e3-960e-1ceedd7807f9-groupManagement] INFO  server.RaftServerConfigKeys (ConfUtils.java:logGet(46)) - raft.server.log.statemachine.data.sync = true (default)
2023-12-28 09:10:39,404 [44783c19-7880-41e3-960e-1ceedd7807f9-groupManagement] INFO  server.RaftServerConfigKeys (ConfUtils.java:logGet(46)) - raft.server.log.statemachine.data.sync.timeout = 10s (default)
2023-12-28 09:10:39,404 [44783c19-7880-41e3-960e-1ceedd7807f9-groupManagement] INFO  server.RaftServerConfigKeys (ConfUtils.java:logGet(46)) - raft.server.log.statemachine.data.sync.timeout.retry = 0 (custom)
2023-12-28 09:10:39,404 [44783c19-7880-41e3-960e-1ceedd7807f9-groupManagement] INFO  server.RaftServerConfigKeys (ConfUtils.java:logGet(46)) - raft.server.log.write.buffer.size = 8388616 (custom)
2023-12-28 09:10:39,405 [44783c19-7880-41e3-960e-1ceedd7807f9-groupManagement] INFO  server.RaftServerConfigKeys (ConfUtils.java:logGet(46)) - raft.server.log.appender.buffer.byte-limit = 8388608 (custom)
2023-12-28 09:10:39,406 [44783c19-7880-41e3-960e-1ceedd7807f9-groupManagement] INFO  server.RaftServerConfigKeys (ConfUtils.java:logGet(46)) - raft.server.log.unsafe-flush.enabled = false (default)
2023-12-28 09:10:39,406 [44783c19-7880-41e3-960e-1ceedd7807f9-groupManagement] INFO  server.RaftServerConfigKeys (ConfUtils.java:logGet(46)) - raft.server.log.async-flush.enabled = false (default)
2023-12-28 09:10:39,406 [44783c19-7880-41e3-960e-1ceedd7807f9-groupManagement] INFO  server.RaftServerConfigKeys (ConfUtils.java:logGet(46)) - raft.server.log.statemachine.data.caching.enabled = true (custom)
2023-12-28 09:10:39,406 [44783c19-7880-41e3-960e-1ceedd7807f9-groupManagement] INFO  segmented.SegmentedRaftLogWorker (SegmentedRaftLogWorker.java:lambda$new$0(135)) - 44783c19-7880-41e3-960e-1ceedd7807f9@group-06525D7E7823-SegmentedRaftLogWorker: flushIndex: setUnconditionally 0 -> -1
2023-12-28 09:10:39,406 [44783c19-7880-41e3-960e-1ceedd7807f9-groupManagement] INFO  segmented.SegmentedRaftLogWorker (SegmentedRaftLogWorker.java:lambda$new$0(135)) - 44783c19-7880-41e3-960e-1ceedd7807f9@group-06525D7E7823-SegmentedRaftLogWorker: safeCacheEvictIndex: setUnconditionally 0 -> -1
2023-12-28 09:10:39,406 [44783c19-7880-41e3-960e-1ceedd7807f9-groupManagement] INFO  server.RaftServer$Division (RaftServerImpl.java:start(392)) - 44783c19-7880-41e3-960e-1ceedd7807f9@group-06525D7E7823: start as a follower, conf=-1: peers:[bc83b340-cccb-4d5a-a730-8abffc996f86|10.1.0.14:15468, 44783c19-7880-41e3-960e-1ceedd7807f9|10.1.0.14:15477, e4352bd1-85d5-4ef3-8682-c1451338ec4a|10.1.0.14:15459]|listeners:[], old=null
2023-12-28 09:10:39,406 [44783c19-7880-41e3-960e-1ceedd7807f9-groupManagement] INFO  server.RaftServer$Division (RaftServerImpl.java:setRole(379)) - 44783c19-7880-41e3-960e-1ceedd7807f9@group-06525D7E7823: changes role from      null to FOLLOWER at term 0 for startAsFollower
2023-12-28 09:10:39,406 [44783c19-7880-41e3-960e-1ceedd7807f9-groupManagement] INFO  impl.RoleInfo (RoleInfo.java:updateAndGet(139)) - 44783c19-7880-41e3-960e-1ceedd7807f9: start 44783c19-7880-41e3-960e-1ceedd7807f9@group-06525D7E7823-FollowerState
2023-12-28 09:10:39,406 [44783c19-7880-41e3-960e-1ceedd7807f9@group-06525D7E7823-FollowerState] INFO  server.RaftServerConfigKeys (ConfUtils.java:logFallback(53)) - raft.server.rpc.first-election.timeout.min = 5s (fallback to raft.server.rpc.timeout.min)
2023-12-28 09:10:39,406 [44783c19-7880-41e3-960e-1ceedd7807f9-groupManagement] INFO  util.JmxRegister (JmxRegister.java:tryRegister(44)) - Successfully registered JMX Bean with object name Ratis:service=RaftServer,group=group-06525D7E7823,id=44783c19-7880-41e3-960e-1ceedd7807f9
2023-12-28 09:10:39,406 [44783c19-7880-41e3-960e-1ceedd7807f9@group-06525D7E7823-FollowerState] INFO  server.RaftServerConfigKeys (ConfUtils.java:logFallback(53)) - raft.server.rpc.first-election.timeout.max = 5200ms (fallback to raft.server.rpc.timeout.max)
2023-12-28 09:10:39,406 [44783c19-7880-41e3-960e-1ceedd7807f9-groupManagement] INFO  server.RaftServerConfigKeys (ConfUtils.java:logGet(46)) - raft.server.snapshot.trigger-when-stop.enabled = true (default)
2023-12-28 09:10:39,406 [44783c19-7880-41e3-960e-1ceedd7807f9-groupManagement] INFO  server.RaftServerConfigKeys (ConfUtils.java:logGet(46)) - raft.server.snapshot.auto.trigger.enabled = true (custom)
2023-12-28 09:10:39,406 [44783c19-7880-41e3-960e-1ceedd7807f9-groupManagement] INFO  server.RaftServerConfigKeys (ConfUtils.java:logGet(46)) - raft.server.snapshot.auto.trigger.threshold = 10000 (custom)
2023-12-28 09:10:39,406 [44783c19-7880-41e3-960e-1ceedd7807f9-groupManagement] INFO  server.RaftServerConfigKeys (ConfUtils.java:logGet(46)) - raft.server.snapshot.retention.file.num = 5 (custom)
2023-12-28 09:10:39,406 [44783c19-7880-41e3-960e-1ceedd7807f9-groupManagement] INFO  server.RaftServerConfigKeys (ConfUtils.java:logGet(46)) - raft.server.log.purge.upto.snapshot.index = false (default)
2023-12-28 09:10:39,408 [e4352bd1-85d5-4ef3-8682-c1451338ec4a-PipelineCommandHandlerThread-0] INFO  commandhandler.CreatePipelineCommandHandler (CreatePipelineCommandHandler.java:lambda$handle$2(124)) - Created Pipeline RATIS THREE PipelineID=d9aa7e2a-ba71-457a-b112-06525d7e7823.
2023-12-28 09:10:39,425 [bc83b340-cccb-4d5a-a730-8abffc996f86-PipelineCommandHandlerThread-0] INFO  server.RaftServer (RaftServerProxy.java:addNew(100)) - bc83b340-cccb-4d5a-a730-8abffc996f86: addNew group-5891F2529D54:[bc83b340-cccb-4d5a-a730-8abffc996f86|10.1.0.14:15468] returns group-5891F2529D54:java.util.concurrent.CompletableFuture@43790285[Not completed]
2023-12-28 09:10:39,426 [bc83b340-cccb-4d5a-a730-8abffc996f86-groupManagement] INFO  server.RaftServer$Division (RaftServerImpl.java:<init>(256)) - bc83b340-cccb-4d5a-a730-8abffc996f86: new RaftServerImpl for group-5891F2529D54:[bc83b340-cccb-4d5a-a730-8abffc996f86|10.1.0.14:15468] with ContainerStateMachine:uninitialized
2023-12-28 09:10:39,426 [bc83b340-cccb-4d5a-a730-8abffc996f86-groupManagement] INFO  server.RaftServerConfigKeys (ConfUtils.java:logGet(46)) - raft.server.rpc.timeout.min = 5s (custom)
2023-12-28 09:10:39,426 [bc83b340-cccb-4d5a-a730-8abffc996f86-groupManagement] INFO  server.RaftServerConfigKeys (ConfUtils.java:logGet(46)) - raft.server.rpc.timeout.max = 5200ms (custom)
2023-12-28 09:10:39,426 [bc83b340-cccb-4d5a-a730-8abffc996f86-groupManagement] INFO  server.RaftServerConfigKeys (ConfUtils.java:logGet(46)) - raft.server.rpc.sleep.time = 25ms (default)
2023-12-28 09:10:39,426 [bc83b340-cccb-4d5a-a730-8abffc996f86-groupManagement] INFO  server.RaftServerConfigKeys (ConfUtils.java:logGet(46)) - raft.server.rpc.slowness.timeout = 300000ms (custom)
2023-12-28 09:10:39,426 [bc83b340-cccb-4d5a-a730-8abffc996f86-groupManagement] INFO  server.RaftServerConfigKeys (ConfUtils.java:logGet(46)) - raft.server.leaderelection.leader.step-down.wait-time = 10s (default)
2023-12-28 09:10:39,426 [bc83b340-cccb-4d5a-a730-8abffc996f86-groupManagement] INFO  server.RaftServerConfigKeys (ConfUtils.java:logGet(46)) - raft.server.leaderelection.member.majority-add = false (default)
2023-12-28 09:10:39,426 [bc83b340-cccb-4d5a-a730-8abffc996f86-groupManagement] INFO  server.RaftServerConfigKeys (ConfUtils.java:logGet(46)) - raft.server.sleep.deviation.threshold = 300ms (default)
2023-12-28 09:10:39,426 [bc83b340-cccb-4d5a-a730-8abffc996f86-groupManagement] INFO  server.RaftServer$Division (ServerState.java:<init>(113)) - bc83b340-cccb-4d5a-a730-8abffc996f86@group-5891F2529D54: ConfigurationManager, init=-1: peers:[bc83b340-cccb-4d5a-a730-8abffc996f86|10.1.0.14:15468]|listeners:[], old=null, confs=<EMPTY_MAP>
2023-12-28 09:10:39,426 [bc83b340-cccb-4d5a-a730-8abffc996f86-groupManagement] INFO  server.RaftServerConfigKeys (ConfUtils.java:logGet(46)) - raft.server.notification.no-leader.timeout = 300000ms (custom)
2023-12-28 09:10:39,426 [bc83b340-cccb-4d5a-a730-8abffc996f86-groupManagement] INFO  server.RaftServerConfigKeys (ConfUtils.java:logGet(46)) - raft.server.read.timeout = 10s (default)
2023-12-28 09:10:39,426 [bc83b340-cccb-4d5a-a730-8abffc996f86-groupManagement] INFO  server.RaftServerConfigKeys (ConfUtils.java:logGet(46)) - raft.server.retrycache.expirytime = 600000ms (custom)
2023-12-28 09:10:39,426 [bc83b340-cccb-4d5a-a730-8abffc996f86-groupManagement] INFO  server.RaftServerConfigKeys (ConfUtils.java:logGet(46)) - raft.server.retrycache.statistics.expirytime = 100ms (default)
2023-12-28 09:10:39,426 [bc83b340-cccb-4d5a-a730-8abffc996f86-groupManagement] INFO  server.RaftServerConfigKeys (ConfUtils.java:logGet(46)) - raft.server.read.option = DEFAULT (default)
2023-12-28 09:10:39,426 [bc83b340-cccb-4d5a-a730-8abffc996f86-groupManagement] INFO  server.RaftServerConfigKeys (ConfUtils.java:logGet(46)) - raft.server.read.read-after-write-consistent.write-index-cache.expiry-time = 60s (default)
2023-12-28 09:10:39,428 [bc83b340-cccb-4d5a-a730-8abffc996f86-groupManagement] INFO  server.RaftServerConfigKeys (ConfUtils.java:logGet(46)) - raft.server.rpc.request.timeout = 3000ms (default)
2023-12-28 09:10:39,428 [bc83b340-cccb-4d5a-a730-8abffc996f86-groupManagement] INFO  server.RaftServerConfigKeys (ConfUtils.java:logGet(46)) - raft.server.log.appender.install.snapshot.enabled = false (custom)
2023-12-28 09:10:39,428 [bc83b340-cccb-4d5a-a730-8abffc996f86-groupManagement] INFO  server.RaftServerConfigKeys (ConfUtils.java:logGet(46)) - raft.server.threadpool.server.cached = true (default)
2023-12-28 09:10:39,428 [bc83b340-cccb-4d5a-a730-8abffc996f86-groupManagement] INFO  server.RaftServerConfigKeys (ConfUtils.java:logGet(46)) - raft.server.threadpool.server.size = 0 (default)
2023-12-28 09:10:39,428 [bc83b340-cccb-4d5a-a730-8abffc996f86-groupManagement] INFO  server.RaftServerConfigKeys (ConfUtils.java:logGet(46)) - raft.server.threadpool.client.cached = true (default)
2023-12-28 09:10:39,428 [bc83b340-cccb-4d5a-a730-8abffc996f86-groupManagement] INFO  server.RaftServerConfigKeys (ConfUtils.java:logGet(46)) - raft.server.threadpool.client.size = 0 (default)
2023-12-28 09:10:39,428 [bc83b340-cccb-4d5a-a730-8abffc996f86-groupManagement] INFO  server.RaftServerConfigKeys (ConfUtils.java:logGet(46)) - raft.server.storage.free-space.min = 0MB (=0) (default)
2023-12-28 09:10:39,428 [bc83b340-cccb-4d5a-a730-8abffc996f86-groupManagement] INFO  server.RaftServerConfigKeys (ConfUtils.java:logGet(46)) - raft.server.log.corruption.policy = EXCEPTION (default)
2023-12-28 09:10:39,428 [bc83b340-cccb-4d5a-a730-8abffc996f86-groupManagement] INFO  server.RaftServerConfigKeys (ConfUtils.java:logGet(46)) - raft.server.storage.dir = [/home/runner/work/ozone/ozone/hadoop-ozone/integration-test/target/test-dir/MiniOzoneClusterImpl-11b76480-f5fe-46c6-962b-c791e86a534f/datanode-1/data/ratis] (custom)
2023-12-28 09:10:39,428 [bc83b340-cccb-4d5a-a730-8abffc996f86-groupManagement] INFO  storage.RaftStorageDirectory (RaftStorageDirectoryImpl.java:analyzeStorage(138)) - The storage directory /home/runner/work/ozone/ozone/hadoop-ozone/integration-test/target/test-dir/MiniOzoneClusterImpl-11b76480-f5fe-46c6-962b-c791e86a534f/datanode-1/data/ratis/076783b7-3132-4f85-a270-5891f2529d54 does not exist. Creating ...
2023-12-28 09:10:39,429 [bc83b340-cccb-4d5a-a730-8abffc996f86-groupManagement] INFO  storage.RaftStorageDirectory (RaftStorageDirectoryImpl.java:tryLock(232)) - Lock on /home/runner/work/ozone/ozone/hadoop-ozone/integration-test/target/test-dir/MiniOzoneClusterImpl-11b76480-f5fe-46c6-962b-c791e86a534f/datanode-1/data/ratis/076783b7-3132-4f85-a270-5891f2529d54/in_use.lock acquired by nodename 85610@fv-az1384-14
2023-12-28 09:10:39,430 [bc83b340-cccb-4d5a-a730-8abffc996f86-groupManagement] INFO  storage.RaftStorage (RaftStorageImpl.java:format(97)) - Storage directory /home/runner/work/ozone/ozone/hadoop-ozone/integration-test/target/test-dir/MiniOzoneClusterImpl-11b76480-f5fe-46c6-962b-c791e86a534f/datanode-1/data/ratis/076783b7-3132-4f85-a270-5891f2529d54 has been successfully formatted.
2023-12-28 09:10:39,431 [bc83b340-cccb-4d5a-a730-8abffc996f86-groupManagement] INFO  ratis.ContainerStateMachine (ContainerStateMachine.java:loadSnapshot(287)) - group-5891F2529D54: The snapshot info is null. Setting the last applied indexto:(t:0, i:~)
2023-12-28 09:10:39,431 [bc83b340-cccb-4d5a-a730-8abffc996f86-groupManagement] INFO  server.RaftServerConfigKeys (ConfUtils.java:logGet(46)) - raft.server.log.use.memory = false (default)
2023-12-28 09:10:39,431 [bc83b340-cccb-4d5a-a730-8abffc996f86-groupManagement] INFO  server.RaftServerConfigKeys (ConfUtils.java:logGet(46)) - raft.server.log.purge.gap = 1000000 (custom)
2023-12-28 09:10:39,431 [bc83b340-cccb-4d5a-a730-8abffc996f86-groupManagement] INFO  server.RaftServerConfigKeys (ConfUtils.java:logGet(46)) - raft.server.log.appender.buffer.byte-limit = 8388608 (custom)
2023-12-28 09:10:39,431 [bc83b340-cccb-4d5a-a730-8abffc996f86-groupManagement] INFO  server.RaftServerConfigKeys (ConfUtils.java:logGet(46)) - raft.server.log.statemachine.data.read.timeout = 1000ms (default)
2023-12-28 09:10:39,431 [bc83b340-cccb-4d5a-a730-8abffc996f86-groupManagement] INFO  server.RaftServerConfigKeys (ConfUtils.java:logGet(46)) - raft.server.log.purge.preservation.log.num = 0 (default)
2023-12-28 09:10:39,432 [EventQueue-PipelineReportForPipelineReportHandler] INFO  pipeline.PipelineReportHandler (PipelineReportHandler.java:processPipelineReport(136)) - Opened pipeline PipelineID=076783b7-3132-4f85-a270-5891f2529d54
2023-12-28 09:10:39,432 [EventQueue-OpenPipelineForHealthyPipelineSafeModeRule] INFO  safemode.SCMSafeModeManager (HealthyPipelineSafeModeRule.java:process(140)) - SCM in safe mode. Healthy pipelines reported count is 0, required healthy pipeline reported count is 1
2023-12-28 09:10:39,432 [bc83b340-cccb-4d5a-a730-8abffc996f86-groupManagement] INFO  server.RaftServerConfigKeys (ConfUtils.java:logGet(46)) - raft.server.log.segment.size.max = 67108864 (custom)
2023-12-28 09:10:39,432 [bc83b340-cccb-4d5a-a730-8abffc996f86-groupManagement] INFO  server.RaftServerConfigKeys (ConfUtils.java:logGet(46)) - raft.server.log.segment.cache.num.max = 2 (custom)
2023-12-28 09:10:39,432 [bc83b340-cccb-4d5a-a730-8abffc996f86-groupManagement] INFO  server.RaftServerConfigKeys (ConfUtils.java:logGet(46)) - raft.server.log.segment.cache.size.max = 200MB (=209715200) (default)
2023-12-28 09:10:39,432 [bc83b340-cccb-4d5a-a730-8abffc996f86-groupManagement] INFO  server.RaftServerConfigKeys (ConfUtils.java:logGet(46)) - raft.server.log.appender.buffer.byte-limit = 8388608 (custom)
2023-12-28 09:10:39,433 [bc83b340-cccb-4d5a-a730-8abffc996f86-groupManagement] INFO  util.AwaitToRun (AwaitToRun.java:start(81)) - Thread[bc83b340-cccb-4d5a-a730-8abffc996f86@group-5891F2529D54-cacheEviction-AwaitToRun,5,main] started
2023-12-28 09:10:39,433 [bc83b340-cccb-4d5a-a730-8abffc996f86-groupManagement] INFO  segmented.SegmentedRaftLogWorker (SegmentedRaftLogWorker.java:<init>(184)) - new bc83b340-cccb-4d5a-a730-8abffc996f86@group-5891F2529D54-SegmentedRaftLogWorker for RaftStorageImpl:Storage Directory /home/runner/work/ozone/ozone/hadoop-ozone/integration-test/target/test-dir/MiniOzoneClusterImpl-11b76480-f5fe-46c6-962b-c791e86a534f/datanode-1/data/ratis/076783b7-3132-4f85-a270-5891f2529d54
2023-12-28 09:10:39,433 [bc83b340-cccb-4d5a-a730-8abffc996f86-groupManagement] INFO  server.RaftServerConfigKeys (ConfUtils.java:logGet(46)) - raft.server.log.queue.byte-limit = 4294967296 (custom)
2023-12-28 09:10:39,433 [bc83b340-cccb-4d5a-a730-8abffc996f86-groupManagement] INFO  server.RaftServerConfigKeys (ConfUtils.java:logGet(46)) - raft.server.log.queue.element-limit = 1024 (custom)
2023-12-28 09:10:39,433 [bc83b340-cccb-4d5a-a730-8abffc996f86-groupManagement] INFO  server.RaftServerConfigKeys (ConfUtils.java:logGet(46)) - raft.server.log.segment.size.max = 67108864 (custom)
2023-12-28 09:10:39,433 [bc83b340-cccb-4d5a-a730-8abffc996f86-groupManagement] INFO  server.RaftServerConfigKeys (ConfUtils.java:logGet(46)) - raft.server.log.preallocated.size = 4194304 (custom)
2023-12-28 09:10:39,433 [bc83b340-cccb-4d5a-a730-8abffc996f86-groupManagement] INFO  server.RaftServerConfigKeys (ConfUtils.java:logGet(46)) - raft.server.log.force.sync.num = 128 (default)
2023-12-28 09:10:39,433 [bc83b340-cccb-4d5a-a730-8abffc996f86-groupManagement] INFO  server.RaftServerConfigKeys (ConfUtils.java:logGet(46)) - raft.server.log.statemachine.data.sync = true (default)
2023-12-28 09:10:39,433 [bc83b340-cccb-4d5a-a730-8abffc996f86-groupManagement] INFO  server.RaftServerConfigKeys (ConfUtils.java:logGet(46)) - raft.server.log.statemachine.data.sync.timeout = 10s (default)
2023-12-28 09:10:39,433 [bc83b340-cccb-4d5a-a730-8abffc996f86-groupManagement] INFO  server.RaftServerConfigKeys (ConfUtils.java:logGet(46)) - raft.server.log.statemachine.data.sync.timeout.retry = 0 (custom)
2023-12-28 09:10:39,433 [bc83b340-cccb-4d5a-a730-8abffc996f86-groupManagement] INFO  server.RaftServerConfigKeys (ConfUtils.java:logGet(46)) - raft.server.log.write.buffer.size = 8388616 (custom)
2023-12-28 09:10:39,434 [bc83b340-cccb-4d5a-a730-8abffc996f86-groupManagement] INFO  server.RaftServerConfigKeys (ConfUtils.java:logGet(46)) - raft.server.log.appender.buffer.byte-limit = 8388608 (custom)
2023-12-28 09:10:39,435 [bc83b340-cccb-4d5a-a730-8abffc996f86-groupManagement] INFO  server.RaftServerConfigKeys (ConfUtils.java:logGet(46)) - raft.server.log.unsafe-flush.enabled = false (default)
2023-12-28 09:10:39,435 [bc83b340-cccb-4d5a-a730-8abffc996f86-groupManagement] INFO  server.RaftServerConfigKeys (ConfUtils.java:logGet(46)) - raft.server.log.async-flush.enabled = false (default)
2023-12-28 09:10:39,435 [bc83b340-cccb-4d5a-a730-8abffc996f86-groupManagement] INFO  server.RaftServerConfigKeys (ConfUtils.java:logGet(46)) - raft.server.log.statemachine.data.caching.enabled = true (custom)
2023-12-28 09:10:39,435 [bc83b340-cccb-4d5a-a730-8abffc996f86-groupManagement] INFO  segmented.SegmentedRaftLogWorker (SegmentedRaftLogWorker.java:lambda$new$0(135)) - bc83b340-cccb-4d5a-a730-8abffc996f86@group-5891F2529D54-SegmentedRaftLogWorker: flushIndex: setUnconditionally 0 -> -1
2023-12-28 09:10:39,435 [bc83b340-cccb-4d5a-a730-8abffc996f86-groupManagement] INFO  segmented.SegmentedRaftLogWorker (SegmentedRaftLogWorker.java:lambda$new$0(135)) - bc83b340-cccb-4d5a-a730-8abffc996f86@group-5891F2529D54-SegmentedRaftLogWorker: safeCacheEvictIndex: setUnconditionally 0 -> -1
2023-12-28 09:10:39,435 [bc83b340-cccb-4d5a-a730-8abffc996f86-groupManagement] INFO  server.RaftServer$Division (RaftServerImpl.java:start(392)) - bc83b340-cccb-4d5a-a730-8abffc996f86@group-5891F2529D54: start as a follower, conf=-1: peers:[bc83b340-cccb-4d5a-a730-8abffc996f86|10.1.0.14:15468]|listeners:[], old=null
2023-12-28 09:10:39,435 [bc83b340-cccb-4d5a-a730-8abffc996f86-groupManagement] INFO  server.RaftServer$Division (RaftServerImpl.java:setRole(379)) - bc83b340-cccb-4d5a-a730-8abffc996f86@group-5891F2529D54: changes role from      null to FOLLOWER at term 0 for startAsFollower
2023-12-28 09:10:39,435 [bc83b340-cccb-4d5a-a730-8abffc996f86-groupManagement] INFO  impl.RoleInfo (RoleInfo.java:updateAndGet(139)) - bc83b340-cccb-4d5a-a730-8abffc996f86: start bc83b340-cccb-4d5a-a730-8abffc996f86@group-5891F2529D54-FollowerState
2023-12-28 09:10:39,435 [bc83b340-cccb-4d5a-a730-8abffc996f86@group-5891F2529D54-FollowerState] INFO  server.RaftServerConfigKeys (ConfUtils.java:logFallback(53)) - raft.server.rpc.first-election.timeout.min = 5s (fallback to raft.server.rpc.timeout.min)
2023-12-28 09:10:39,435 [bc83b340-cccb-4d5a-a730-8abffc996f86-groupManagement] INFO  util.JmxRegister (JmxRegister.java:tryRegister(44)) - Successfully registered JMX Bean with object name Ratis:service=RaftServer,group=group-5891F2529D54,id=bc83b340-cccb-4d5a-a730-8abffc996f86
2023-12-28 09:10:39,435 [bc83b340-cccb-4d5a-a730-8abffc996f86@group-5891F2529D54-FollowerState] INFO  server.RaftServerConfigKeys (ConfUtils.java:logFallback(53)) - raft.server.rpc.first-election.timeout.max = 5200ms (fallback to raft.server.rpc.timeout.max)
2023-12-28 09:10:39,435 [bc83b340-cccb-4d5a-a730-8abffc996f86-groupManagement] INFO  server.RaftServerConfigKeys (ConfUtils.java:logGet(46)) - raft.server.snapshot.trigger-when-stop.enabled = true (default)
2023-12-28 09:10:39,435 [bc83b340-cccb-4d5a-a730-8abffc996f86-groupManagement] INFO  server.RaftServerConfigKeys (ConfUtils.java:logGet(46)) - raft.server.snapshot.auto.trigger.enabled = true (custom)
2023-12-28 09:10:39,435 [bc83b340-cccb-4d5a-a730-8abffc996f86-groupManagement] INFO  server.RaftServerConfigKeys (ConfUtils.java:logGet(46)) - raft.server.snapshot.auto.trigger.threshold = 10000 (custom)
2023-12-28 09:10:39,435 [bc83b340-cccb-4d5a-a730-8abffc996f86-groupManagement] INFO  server.RaftServerConfigKeys (ConfUtils.java:logGet(46)) - raft.server.snapshot.retention.file.num = 5 (custom)
2023-12-28 09:10:39,436 [bc83b340-cccb-4d5a-a730-8abffc996f86-groupManagement] INFO  server.RaftServerConfigKeys (ConfUtils.java:logGet(46)) - raft.server.log.purge.upto.snapshot.index = false (default)
2023-12-28 09:10:39,436 [bc83b340-cccb-4d5a-a730-8abffc996f86-PipelineCommandHandlerThread-0] INFO  ratis.XceiverServerRatis (XceiverServerRatis.java:addGroup(837)) - Created group PipelineID=076783b7-3132-4f85-a270-5891f2529d54
2023-12-28 09:10:39,436 [bc83b340-cccb-4d5a-a730-8abffc996f86-PipelineCommandHandlerThread-0] INFO  commandhandler.CreatePipelineCommandHandler (CreatePipelineCommandHandler.java:lambda$handle$2(124)) - Created Pipeline RATIS ONE PipelineID=076783b7-3132-4f85-a270-5891f2529d54.
2023-12-28 09:10:39,522 [44783c19-7880-41e3-960e-1ceedd7807f9-PipelineCommandHandlerThread-0] INFO  server.RaftServer (RaftServerProxy.java:addNew(100)) - 44783c19-7880-41e3-960e-1ceedd7807f9: addNew group-FEEEFB768E03:[44783c19-7880-41e3-960e-1ceedd7807f9|10.1.0.14:15477] returns group-FEEEFB768E03:java.util.concurrent.CompletableFuture@5eadcacf[Not completed]
2023-12-28 09:10:39,523 [44783c19-7880-41e3-960e-1ceedd7807f9-groupManagement] INFO  server.RaftServer$Division (RaftServerImpl.java:<init>(256)) - 44783c19-7880-41e3-960e-1ceedd7807f9: new RaftServerImpl for group-FEEEFB768E03:[44783c19-7880-41e3-960e-1ceedd7807f9|10.1.0.14:15477] with ContainerStateMachine:uninitialized
2023-12-28 09:10:39,523 [44783c19-7880-41e3-960e-1ceedd7807f9-groupManagement] INFO  server.RaftServerConfigKeys (ConfUtils.java:logGet(46)) - raft.server.rpc.timeout.min = 5s (custom)
2023-12-28 09:10:39,523 [44783c19-7880-41e3-960e-1ceedd7807f9-groupManagement] INFO  server.RaftServerConfigKeys (ConfUtils.java:logGet(46)) - raft.server.rpc.timeout.max = 5200ms (custom)
2023-12-28 09:10:39,523 [44783c19-7880-41e3-960e-1ceedd7807f9-groupManagement] INFO  server.RaftServerConfigKeys (ConfUtils.java:logGet(46)) - raft.server.rpc.sleep.time = 25ms (default)
2023-12-28 09:10:39,523 [44783c19-7880-41e3-960e-1ceedd7807f9-groupManagement] INFO  server.RaftServerConfigKeys (ConfUtils.java:logGet(46)) - raft.server.rpc.slowness.timeout = 300000ms (custom)
2023-12-28 09:10:39,523 [44783c19-7880-41e3-960e-1ceedd7807f9-groupManagement] INFO  server.RaftServerConfigKeys (ConfUtils.java:logGet(46)) - raft.server.leaderelection.leader.step-down.wait-time = 10s (default)
2023-12-28 09:10:39,523 [44783c19-7880-41e3-960e-1ceedd7807f9-groupManagement] INFO  server.RaftServerConfigKeys (ConfUtils.java:logGet(46)) - raft.server.leaderelection.member.majority-add = false (default)
2023-12-28 09:10:39,523 [44783c19-7880-41e3-960e-1ceedd7807f9-groupManagement] INFO  server.RaftServerConfigKeys (ConfUtils.java:logGet(46)) - raft.server.sleep.deviation.threshold = 300ms (default)
2023-12-28 09:10:39,523 [44783c19-7880-41e3-960e-1ceedd7807f9-groupManagement] INFO  server.RaftServer$Division (ServerState.java:<init>(113)) - 44783c19-7880-41e3-960e-1ceedd7807f9@group-FEEEFB768E03: ConfigurationManager, init=-1: peers:[44783c19-7880-41e3-960e-1ceedd7807f9|10.1.0.14:15477]|listeners:[], old=null, confs=<EMPTY_MAP>
2023-12-28 09:10:39,523 [44783c19-7880-41e3-960e-1ceedd7807f9-groupManagement] INFO  server.RaftServerConfigKeys (ConfUtils.java:logGet(46)) - raft.server.notification.no-leader.timeout = 300000ms (custom)
2023-12-28 09:10:39,523 [44783c19-7880-41e3-960e-1ceedd7807f9-groupManagement] INFO  server.RaftServerConfigKeys (ConfUtils.java:logGet(46)) - raft.server.read.timeout = 10s (default)
2023-12-28 09:10:39,523 [44783c19-7880-41e3-960e-1ceedd7807f9-groupManagement] INFO  server.RaftServerConfigKeys (ConfUtils.java:logGet(46)) - raft.server.retrycache.expirytime = 600000ms (custom)
2023-12-28 09:10:39,523 [44783c19-7880-41e3-960e-1ceedd7807f9-groupManagement] INFO  server.RaftServerConfigKeys (ConfUtils.java:logGet(46)) - raft.server.retrycache.statistics.expirytime = 100ms (default)
2023-12-28 09:10:39,523 [44783c19-7880-41e3-960e-1ceedd7807f9-groupManagement] INFO  server.RaftServerConfigKeys (ConfUtils.java:logGet(46)) - raft.server.read.option = DEFAULT (default)
2023-12-28 09:10:39,523 [44783c19-7880-41e3-960e-1ceedd7807f9-groupManagement] INFO  server.RaftServerConfigKeys (ConfUtils.java:logGet(46)) - raft.server.read.read-after-write-consistent.write-index-cache.expiry-time = 60s (default)
2023-12-28 09:10:39,525 [44783c19-7880-41e3-960e-1ceedd7807f9-groupManagement] INFO  server.RaftServerConfigKeys (ConfUtils.java:logGet(46)) - raft.server.rpc.request.timeout = 3000ms (default)
2023-12-28 09:10:39,525 [44783c19-7880-41e3-960e-1ceedd7807f9-groupManagement] INFO  server.RaftServerConfigKeys (ConfUtils.java:logGet(46)) - raft.server.log.appender.install.snapshot.enabled = false (custom)
2023-12-28 09:10:39,525 [44783c19-7880-41e3-960e-1ceedd7807f9-groupManagement] INFO  server.RaftServerConfigKeys (ConfUtils.java:logGet(46)) - raft.server.threadpool.server.cached = true (default)
2023-12-28 09:10:39,525 [44783c19-7880-41e3-960e-1ceedd7807f9-groupManagement] INFO  server.RaftServerConfigKeys (ConfUtils.java:logGet(46)) - raft.server.threadpool.server.size = 0 (default)
2023-12-28 09:10:39,525 [44783c19-7880-41e3-960e-1ceedd7807f9-groupManagement] INFO  server.RaftServerConfigKeys (ConfUtils.java:logGet(46)) - raft.server.threadpool.client.cached = true (default)
2023-12-28 09:10:39,525 [44783c19-7880-41e3-960e-1ceedd7807f9-groupManagement] INFO  server.RaftServerConfigKeys (ConfUtils.java:logGet(46)) - raft.server.threadpool.client.size = 0 (default)
2023-12-28 09:10:39,525 [44783c19-7880-41e3-960e-1ceedd7807f9-groupManagement] INFO  server.RaftServerConfigKeys (ConfUtils.java:logGet(46)) - raft.server.storage.free-space.min = 0MB (=0) (default)
2023-12-28 09:10:39,525 [44783c19-7880-41e3-960e-1ceedd7807f9-groupManagement] INFO  server.RaftServerConfigKeys (ConfUtils.java:logGet(46)) - raft.server.log.corruption.policy = EXCEPTION (default)
2023-12-28 09:10:39,525 [44783c19-7880-41e3-960e-1ceedd7807f9-groupManagement] INFO  server.RaftServerConfigKeys (ConfUtils.java:logGet(46)) - raft.server.storage.dir = [/home/runner/work/ozone/ozone/hadoop-ozone/integration-test/target/test-dir/MiniOzoneClusterImpl-11b76480-f5fe-46c6-962b-c791e86a534f/datanode-2/data/ratis] (custom)
2023-12-28 09:10:39,525 [44783c19-7880-41e3-960e-1ceedd7807f9-groupManagement] INFO  storage.RaftStorageDirectory (RaftStorageDirectoryImpl.java:analyzeStorage(138)) - The storage directory /home/runner/work/ozone/ozone/hadoop-ozone/integration-test/target/test-dir/MiniOzoneClusterImpl-11b76480-f5fe-46c6-962b-c791e86a534f/datanode-2/data/ratis/03e48902-8f1d-4a28-a33a-feeefb768e03 does not exist. Creating ...
2023-12-28 09:10:39,526 [44783c19-7880-41e3-960e-1ceedd7807f9-groupManagement] INFO  storage.RaftStorageDirectory (RaftStorageDirectoryImpl.java:tryLock(232)) - Lock on /home/runner/work/ozone/ozone/hadoop-ozone/integration-test/target/test-dir/MiniOzoneClusterImpl-11b76480-f5fe-46c6-962b-c791e86a534f/datanode-2/data/ratis/03e48902-8f1d-4a28-a33a-feeefb768e03/in_use.lock acquired by nodename 85610@fv-az1384-14
2023-12-28 09:10:39,528 [44783c19-7880-41e3-960e-1ceedd7807f9-groupManagement] INFO  storage.RaftStorage (RaftStorageImpl.java:format(97)) - Storage directory /home/runner/work/ozone/ozone/hadoop-ozone/integration-test/target/test-dir/MiniOzoneClusterImpl-11b76480-f5fe-46c6-962b-c791e86a534f/datanode-2/data/ratis/03e48902-8f1d-4a28-a33a-feeefb768e03 has been successfully formatted.
2023-12-28 09:10:39,528 [44783c19-7880-41e3-960e-1ceedd7807f9-groupManagement] INFO  ratis.ContainerStateMachine (ContainerStateMachine.java:loadSnapshot(287)) - group-FEEEFB768E03: The snapshot info is null. Setting the last applied indexto:(t:0, i:~)
2023-12-28 09:10:39,528 [44783c19-7880-41e3-960e-1ceedd7807f9-groupManagement] INFO  server.RaftServerConfigKeys (ConfUtils.java:logGet(46)) - raft.server.log.use.memory = false (default)
2023-12-28 09:10:39,528 [44783c19-7880-41e3-960e-1ceedd7807f9-groupManagement] INFO  server.RaftServerConfigKeys (ConfUtils.java:logGet(46)) - raft.server.log.purge.gap = 1000000 (custom)
2023-12-28 09:10:39,528 [44783c19-7880-41e3-960e-1ceedd7807f9-groupManagement] INFO  server.RaftServerConfigKeys (ConfUtils.java:logGet(46)) - raft.server.log.appender.buffer.byte-limit = 8388608 (custom)
2023-12-28 09:10:39,528 [44783c19-7880-41e3-960e-1ceedd7807f9-groupManagement] INFO  server.RaftServerConfigKeys (ConfUtils.java:logGet(46)) - raft.server.log.statemachine.data.read.timeout = 1000ms (default)
2023-12-28 09:10:39,528 [44783c19-7880-41e3-960e-1ceedd7807f9-groupManagement] INFO  server.RaftServerConfigKeys (ConfUtils.java:logGet(46)) - raft.server.log.purge.preservation.log.num = 0 (default)
2023-12-28 09:10:39,529 [EventQueue-PipelineReportForPipelineReportHandler] INFO  pipeline.PipelineReportHandler (PipelineReportHandler.java:processPipelineReport(136)) - Opened pipeline PipelineID=03e48902-8f1d-4a28-a33a-feeefb768e03
2023-12-28 09:10:39,529 [EventQueue-OpenPipelineForHealthyPipelineSafeModeRule] INFO  safemode.SCMSafeModeManager (HealthyPipelineSafeModeRule.java:process(140)) - SCM in safe mode. Healthy pipelines reported count is 0, required healthy pipeline reported count is 1
2023-12-28 09:10:39,529 [44783c19-7880-41e3-960e-1ceedd7807f9-groupManagement] INFO  server.RaftServerConfigKeys (ConfUtils.java:logGet(46)) - raft.server.log.segment.size.max = 67108864 (custom)
2023-12-28 09:10:39,530 [44783c19-7880-41e3-960e-1ceedd7807f9-groupManagement] INFO  server.RaftServerConfigKeys (ConfUtils.java:logGet(46)) - raft.server.log.segment.cache.num.max = 2 (custom)
2023-12-28 09:10:39,530 [44783c19-7880-41e3-960e-1ceedd7807f9-groupManagement] INFO  server.RaftServerConfigKeys (ConfUtils.java:logGet(46)) - raft.server.log.segment.cache.size.max = 200MB (=209715200) (default)
2023-12-28 09:10:39,530 [44783c19-7880-41e3-960e-1ceedd7807f9-groupManagement] INFO  server.RaftServerConfigKeys (ConfUtils.java:logGet(46)) - raft.server.log.appender.buffer.byte-limit = 8388608 (custom)
2023-12-28 09:10:39,530 [44783c19-7880-41e3-960e-1ceedd7807f9-groupManagement] INFO  util.AwaitToRun (AwaitToRun.java:start(81)) - Thread[44783c19-7880-41e3-960e-1ceedd7807f9@group-FEEEFB768E03-cacheEviction-AwaitToRun,5,main] started
2023-12-28 09:10:39,530 [44783c19-7880-41e3-960e-1ceedd7807f9-groupManagement] INFO  segmented.SegmentedRaftLogWorker (SegmentedRaftLogWorker.java:<init>(184)) - new 44783c19-7880-41e3-960e-1ceedd7807f9@group-FEEEFB768E03-SegmentedRaftLogWorker for RaftStorageImpl:Storage Directory /home/runner/work/ozone/ozone/hadoop-ozone/integration-test/target/test-dir/MiniOzoneClusterImpl-11b76480-f5fe-46c6-962b-c791e86a534f/datanode-2/data/ratis/03e48902-8f1d-4a28-a33a-feeefb768e03
2023-12-28 09:10:39,530 [44783c19-7880-41e3-960e-1ceedd7807f9-groupManagement] INFO  server.RaftServerConfigKeys (ConfUtils.java:logGet(46)) - raft.server.log.queue.byte-limit = 4294967296 (custom)
2023-12-28 09:10:39,530 [44783c19-7880-41e3-960e-1ceedd7807f9-groupManagement] INFO  server.RaftServerConfigKeys (ConfUtils.java:logGet(46)) - raft.server.log.queue.element-limit = 1024 (custom)
2023-12-28 09:10:39,530 [44783c19-7880-41e3-960e-1ceedd7807f9-groupManagement] INFO  server.RaftServerConfigKeys (ConfUtils.java:logGet(46)) - raft.server.log.segment.size.max = 67108864 (custom)
2023-12-28 09:10:39,530 [44783c19-7880-41e3-960e-1ceedd7807f9-groupManagement] INFO  server.RaftServerConfigKeys (ConfUtils.java:logGet(46)) - raft.server.log.preallocated.size = 4194304 (custom)
2023-12-28 09:10:39,530 [44783c19-7880-41e3-960e-1ceedd7807f9-groupManagement] INFO  server.RaftServerConfigKeys (ConfUtils.java:logGet(46)) - raft.server.log.force.sync.num = 128 (default)
2023-12-28 09:10:39,530 [44783c19-7880-41e3-960e-1ceedd7807f9-groupManagement] INFO  server.RaftServerConfigKeys (ConfUtils.java:logGet(46)) - raft.server.log.statemachine.data.sync = true (default)
2023-12-28 09:10:39,530 [44783c19-7880-41e3-960e-1ceedd7807f9-groupManagement] INFO  server.RaftServerConfigKeys (ConfUtils.java:logGet(46)) - raft.server.log.statemachine.data.sync.timeout = 10s (default)
2023-12-28 09:10:39,530 [44783c19-7880-41e3-960e-1ceedd7807f9-groupManagement] INFO  server.RaftServerConfigKeys (ConfUtils.java:logGet(46)) - raft.server.log.statemachine.data.sync.timeout.retry = 0 (custom)
2023-12-28 09:10:39,530 [44783c19-7880-41e3-960e-1ceedd7807f9-groupManagement] INFO  server.RaftServerConfigKeys (ConfUtils.java:logGet(46)) - raft.server.log.write.buffer.size = 8388616 (custom)
2023-12-28 09:10:39,531 [44783c19-7880-41e3-960e-1ceedd7807f9-groupManagement] INFO  server.RaftServerConfigKeys (ConfUtils.java:logGet(46)) - raft.server.log.appender.buffer.byte-limit = 8388608 (custom)
2023-12-28 09:10:39,532 [44783c19-7880-41e3-960e-1ceedd7807f9-groupManagement] INFO  server.RaftServerConfigKeys (ConfUtils.java:logGet(46)) - raft.server.log.unsafe-flush.enabled = false (default)
2023-12-28 09:10:39,532 [44783c19-7880-41e3-960e-1ceedd7807f9-groupManagement] INFO  server.RaftServerConfigKeys (ConfUtils.java:logGet(46)) - raft.server.log.async-flush.enabled = false (default)
2023-12-28 09:10:39,532 [44783c19-7880-41e3-960e-1ceedd7807f9-groupManagement] INFO  server.RaftServerConfigKeys (ConfUtils.java:logGet(46)) - raft.server.log.statemachine.data.caching.enabled = true (custom)
2023-12-28 09:10:39,532 [44783c19-7880-41e3-960e-1ceedd7807f9-groupManagement] INFO  segmented.SegmentedRaftLogWorker (SegmentedRaftLogWorker.java:lambda$new$0(135)) - 44783c19-7880-41e3-960e-1ceedd7807f9@group-FEEEFB768E03-SegmentedRaftLogWorker: flushIndex: setUnconditionally 0 -> -1
2023-12-28 09:10:39,532 [44783c19-7880-41e3-960e-1ceedd7807f9-groupManagement] INFO  segmented.SegmentedRaftLogWorker (SegmentedRaftLogWorker.java:lambda$new$0(135)) - 44783c19-7880-41e3-960e-1ceedd7807f9@group-FEEEFB768E03-SegmentedRaftLogWorker: safeCacheEvictIndex: setUnconditionally 0 -> -1
2023-12-28 09:10:39,532 [44783c19-7880-41e3-960e-1ceedd7807f9-groupManagement] INFO  server.RaftServer$Division (RaftServerImpl.java:start(392)) - 44783c19-7880-41e3-960e-1ceedd7807f9@group-FEEEFB768E03: start as a follower, conf=-1: peers:[44783c19-7880-41e3-960e-1ceedd7807f9|10.1.0.14:15477]|listeners:[], old=null
2023-12-28 09:10:39,532 [44783c19-7880-41e3-960e-1ceedd7807f9-groupManagement] INFO  server.RaftServer$Division (RaftServerImpl.java:setRole(379)) - 44783c19-7880-41e3-960e-1ceedd7807f9@group-FEEEFB768E03: changes role from      null to FOLLOWER at term 0 for startAsFollower
2023-12-28 09:10:39,532 [44783c19-7880-41e3-960e-1ceedd7807f9-groupManagement] INFO  impl.RoleInfo (RoleInfo.java:updateAndGet(139)) - 44783c19-7880-41e3-960e-1ceedd7807f9: start 44783c19-7880-41e3-960e-1ceedd7807f9@group-FEEEFB768E03-FollowerState
2023-12-28 09:10:39,533 [44783c19-7880-41e3-960e-1ceedd7807f9-groupManagement] INFO  util.JmxRegister (JmxRegister.java:tryRegister(44)) - Successfully registered JMX Bean with object name Ratis:service=RaftServer,group=group-FEEEFB768E03,id=44783c19-7880-41e3-960e-1ceedd7807f9
2023-12-28 09:10:39,533 [44783c19-7880-41e3-960e-1ceedd7807f9@group-FEEEFB768E03-FollowerState] INFO  server.RaftServerConfigKeys (ConfUtils.java:logFallback(53)) - raft.server.rpc.first-election.timeout.min = 5s (fallback to raft.server.rpc.timeout.min)
2023-12-28 09:10:39,533 [44783c19-7880-41e3-960e-1ceedd7807f9-groupManagement] INFO  server.RaftServerConfigKeys (ConfUtils.java:logGet(46)) - raft.server.snapshot.trigger-when-stop.enabled = true (default)
2023-12-28 09:10:39,533 [44783c19-7880-41e3-960e-1ceedd7807f9@group-FEEEFB768E03-FollowerState] INFO  server.RaftServerConfigKeys (ConfUtils.java:logFallback(53)) - raft.server.rpc.first-election.timeout.max = 5200ms (fallback to raft.server.rpc.timeout.max)
2023-12-28 09:10:39,533 [44783c19-7880-41e3-960e-1ceedd7807f9-groupManagement] INFO  server.RaftServerConfigKeys (ConfUtils.java:logGet(46)) - raft.server.snapshot.auto.trigger.enabled = true (custom)
2023-12-28 09:10:39,533 [44783c19-7880-41e3-960e-1ceedd7807f9-groupManagement] INFO  server.RaftServerConfigKeys (ConfUtils.java:logGet(46)) - raft.server.snapshot.auto.trigger.threshold = 10000 (custom)
2023-12-28 09:10:39,533 [44783c19-7880-41e3-960e-1ceedd7807f9-groupManagement] INFO  server.RaftServerConfigKeys (ConfUtils.java:logGet(46)) - raft.server.snapshot.retention.file.num = 5 (custom)
2023-12-28 09:10:39,533 [44783c19-7880-41e3-960e-1ceedd7807f9-groupManagement] INFO  server.RaftServerConfigKeys (ConfUtils.java:logGet(46)) - raft.server.log.purge.upto.snapshot.index = false (default)
2023-12-28 09:10:39,533 [44783c19-7880-41e3-960e-1ceedd7807f9-PipelineCommandHandlerThread-0] INFO  ratis.XceiverServerRatis (XceiverServerRatis.java:addGroup(837)) - Created group PipelineID=03e48902-8f1d-4a28-a33a-feeefb768e03
2023-12-28 09:10:39,533 [44783c19-7880-41e3-960e-1ceedd7807f9-PipelineCommandHandlerThread-0] INFO  commandhandler.CreatePipelineCommandHandler (CreatePipelineCommandHandler.java:lambda$handle$2(124)) - Created Pipeline RATIS ONE PipelineID=03e48902-8f1d-4a28-a33a-feeefb768e03.
2023-12-28 09:10:39,608 [7bf28275-35a3-4339-bf85-2ac062f1a076-PipelineCommandHandlerThread-0] INFO  server.RaftServer (RaftServerProxy.java:addNew(100)) - 7bf28275-35a3-4339-bf85-2ac062f1a076: addNew group-CEFACA0475BC:[7bf28275-35a3-4339-bf85-2ac062f1a076|10.1.0.14:15486] returns group-CEFACA0475BC:java.util.concurrent.CompletableFuture@1eebeec3[Not completed]
2023-12-28 09:10:39,608 [7bf28275-35a3-4339-bf85-2ac062f1a076-groupManagement] INFO  server.RaftServer$Division (RaftServerImpl.java:<init>(256)) - 7bf28275-35a3-4339-bf85-2ac062f1a076: new RaftServerImpl for group-CEFACA0475BC:[7bf28275-35a3-4339-bf85-2ac062f1a076|10.1.0.14:15486] with ContainerStateMachine:uninitialized
2023-12-28 09:10:39,608 [7bf28275-35a3-4339-bf85-2ac062f1a076-groupManagement] INFO  server.RaftServerConfigKeys (ConfUtils.java:logGet(46)) - raft.server.rpc.timeout.min = 5s (custom)
2023-12-28 09:10:39,608 [7bf28275-35a3-4339-bf85-2ac062f1a076-groupManagement] INFO  server.RaftServerConfigKeys (ConfUtils.java:logGet(46)) - raft.server.rpc.timeout.max = 5200ms (custom)
2023-12-28 09:10:39,608 [7bf28275-35a3-4339-bf85-2ac062f1a076-groupManagement] INFO  server.RaftServerConfigKeys (ConfUtils.java:logGet(46)) - raft.server.rpc.sleep.time = 25ms (default)
2023-12-28 09:10:39,608 [7bf28275-35a3-4339-bf85-2ac062f1a076-groupManagement] INFO  server.RaftServerConfigKeys (ConfUtils.java:logGet(46)) - raft.server.rpc.slowness.timeout = 300000ms (custom)
2023-12-28 09:10:39,608 [7bf28275-35a3-4339-bf85-2ac062f1a076-groupManagement] INFO  server.RaftServerConfigKeys (ConfUtils.java:logGet(46)) - raft.server.leaderelection.leader.step-down.wait-time = 10s (default)
2023-12-28 09:10:39,608 [7bf28275-35a3-4339-bf85-2ac062f1a076-groupManagement] INFO  server.RaftServerConfigKeys (ConfUtils.java:logGet(46)) - raft.server.leaderelection.member.majority-add = false (default)
2023-12-28 09:10:39,609 [7bf28275-35a3-4339-bf85-2ac062f1a076-groupManagement] INFO  server.RaftServerConfigKeys (ConfUtils.java:logGet(46)) - raft.server.sleep.deviation.threshold = 300ms (default)
2023-12-28 09:10:39,609 [7bf28275-35a3-4339-bf85-2ac062f1a076-groupManagement] INFO  server.RaftServer$Division (ServerState.java:<init>(113)) - 7bf28275-35a3-4339-bf85-2ac062f1a076@group-CEFACA0475BC: ConfigurationManager, init=-1: peers:[7bf28275-35a3-4339-bf85-2ac062f1a076|10.1.0.14:15486]|listeners:[], old=null, confs=<EMPTY_MAP>
2023-12-28 09:10:39,609 [7bf28275-35a3-4339-bf85-2ac062f1a076-groupManagement] INFO  server.RaftServerConfigKeys (ConfUtils.java:logGet(46)) - raft.server.notification.no-leader.timeout = 300000ms (custom)
2023-12-28 09:10:39,609 [7bf28275-35a3-4339-bf85-2ac062f1a076-groupManagement] INFO  server.RaftServerConfigKeys (ConfUtils.java:logGet(46)) - raft.server.read.timeout = 10s (default)
2023-12-28 09:10:39,609 [7bf28275-35a3-4339-bf85-2ac062f1a076-groupManagement] INFO  server.RaftServerConfigKeys (ConfUtils.java:logGet(46)) - raft.server.retrycache.expirytime = 600000ms (custom)
2023-12-28 09:10:39,609 [7bf28275-35a3-4339-bf85-2ac062f1a076-groupManagement] INFO  server.RaftServerConfigKeys (ConfUtils.java:logGet(46)) - raft.server.retrycache.statistics.expirytime = 100ms (default)
2023-12-28 09:10:39,609 [7bf28275-35a3-4339-bf85-2ac062f1a076-groupManagement] INFO  server.RaftServerConfigKeys (ConfUtils.java:logGet(46)) - raft.server.read.option = DEFAULT (default)
2023-12-28 09:10:39,609 [7bf28275-35a3-4339-bf85-2ac062f1a076-groupManagement] INFO  server.RaftServerConfigKeys (ConfUtils.java:logGet(46)) - raft.server.read.read-after-write-consistent.write-index-cache.expiry-time = 60s (default)
2023-12-28 09:10:39,611 [7bf28275-35a3-4339-bf85-2ac062f1a076-groupManagement] INFO  server.RaftServerConfigKeys (ConfUtils.java:logGet(46)) - raft.server.rpc.request.timeout = 3000ms (default)
2023-12-28 09:10:39,611 [7bf28275-35a3-4339-bf85-2ac062f1a076-groupManagement] INFO  server.RaftServerConfigKeys (ConfUtils.java:logGet(46)) - raft.server.log.appender.install.snapshot.enabled = false (custom)
2023-12-28 09:10:39,611 [7bf28275-35a3-4339-bf85-2ac062f1a076-groupManagement] INFO  server.RaftServerConfigKeys (ConfUtils.java:logGet(46)) - raft.server.threadpool.server.cached = true (default)
2023-12-28 09:10:39,611 [7bf28275-35a3-4339-bf85-2ac062f1a076-groupManagement] INFO  server.RaftServerConfigKeys (ConfUtils.java:logGet(46)) - raft.server.threadpool.server.size = 0 (default)
2023-12-28 09:10:39,611 [7bf28275-35a3-4339-bf85-2ac062f1a076-groupManagement] INFO  server.RaftServerConfigKeys (ConfUtils.java:logGet(46)) - raft.server.threadpool.client.cached = true (default)
2023-12-28 09:10:39,611 [7bf28275-35a3-4339-bf85-2ac062f1a076-groupManagement] INFO  server.RaftServerConfigKeys (ConfUtils.java:logGet(46)) - raft.server.threadpool.client.size = 0 (default)
2023-12-28 09:10:39,611 [7bf28275-35a3-4339-bf85-2ac062f1a076-groupManagement] INFO  server.RaftServerConfigKeys (ConfUtils.java:logGet(46)) - raft.server.storage.free-space.min = 0MB (=0) (default)
2023-12-28 09:10:39,612 [7bf28275-35a3-4339-bf85-2ac062f1a076-groupManagement] INFO  server.RaftServerConfigKeys (ConfUtils.java:logGet(46)) - raft.server.log.corruption.policy = EXCEPTION (default)
2023-12-28 09:10:39,612 [7bf28275-35a3-4339-bf85-2ac062f1a076-groupManagement] INFO  server.RaftServerConfigKeys (ConfUtils.java:logGet(46)) - raft.server.storage.dir = [/home/runner/work/ozone/ozone/hadoop-ozone/integration-test/target/test-dir/MiniOzoneClusterImpl-11b76480-f5fe-46c6-962b-c791e86a534f/datanode-3/data/ratis] (custom)
2023-12-28 09:10:39,612 [7bf28275-35a3-4339-bf85-2ac062f1a076-groupManagement] INFO  storage.RaftStorageDirectory (RaftStorageDirectoryImpl.java:analyzeStorage(138)) - The storage directory /home/runner/work/ozone/ozone/hadoop-ozone/integration-test/target/test-dir/MiniOzoneClusterImpl-11b76480-f5fe-46c6-962b-c791e86a534f/datanode-3/data/ratis/97ddfd1d-8e67-4cb5-b0ab-cefaca0475bc does not exist. Creating ...
2023-12-28 09:10:39,613 [7bf28275-35a3-4339-bf85-2ac062f1a076-groupManagement] INFO  storage.RaftStorageDirectory (RaftStorageDirectoryImpl.java:tryLock(232)) - Lock on /home/runner/work/ozone/ozone/hadoop-ozone/integration-test/target/test-dir/MiniOzoneClusterImpl-11b76480-f5fe-46c6-962b-c791e86a534f/datanode-3/data/ratis/97ddfd1d-8e67-4cb5-b0ab-cefaca0475bc/in_use.lock acquired by nodename 85610@fv-az1384-14
2023-12-28 09:10:39,614 [7bf28275-35a3-4339-bf85-2ac062f1a076-groupManagement] INFO  storage.RaftStorage (RaftStorageImpl.java:format(97)) - Storage directory /home/runner/work/ozone/ozone/hadoop-ozone/integration-test/target/test-dir/MiniOzoneClusterImpl-11b76480-f5fe-46c6-962b-c791e86a534f/datanode-3/data/ratis/97ddfd1d-8e67-4cb5-b0ab-cefaca0475bc has been successfully formatted.
2023-12-28 09:10:39,616 [7bf28275-35a3-4339-bf85-2ac062f1a076-groupManagement] INFO  ratis.ContainerStateMachine (ContainerStateMachine.java:loadSnapshot(287)) - group-CEFACA0475BC: The snapshot info is null. Setting the last applied indexto:(t:0, i:~)
2023-12-28 09:10:39,616 [7bf28275-35a3-4339-bf85-2ac062f1a076-groupManagement] INFO  server.RaftServerConfigKeys (ConfUtils.java:logGet(46)) - raft.server.log.use.memory = false (default)
2023-12-28 09:10:39,616 [7bf28275-35a3-4339-bf85-2ac062f1a076-groupManagement] INFO  server.RaftServerConfigKeys (ConfUtils.java:logGet(46)) - raft.server.log.purge.gap = 1000000 (custom)
2023-12-28 09:10:39,616 [7bf28275-35a3-4339-bf85-2ac062f1a076-groupManagement] INFO  server.RaftServerConfigKeys (ConfUtils.java:logGet(46)) - raft.server.log.appender.buffer.byte-limit = 8388608 (custom)
2023-12-28 09:10:39,616 [7bf28275-35a3-4339-bf85-2ac062f1a076-groupManagement] INFO  server.RaftServerConfigKeys (ConfUtils.java:logGet(46)) - raft.server.log.statemachine.data.read.timeout = 1000ms (default)
2023-12-28 09:10:39,616 [7bf28275-35a3-4339-bf85-2ac062f1a076-groupManagement] INFO  server.RaftServerConfigKeys (ConfUtils.java:logGet(46)) - raft.server.log.purge.preservation.log.num = 0 (default)
2023-12-28 09:10:39,617 [EventQueue-PipelineReportForPipelineReportHandler] INFO  pipeline.PipelineReportHandler (PipelineReportHandler.java:processPipelineReport(136)) - Opened pipeline PipelineID=97ddfd1d-8e67-4cb5-b0ab-cefaca0475bc
2023-12-28 09:10:39,617 [EventQueue-OpenPipelineForHealthyPipelineSafeModeRule] INFO  safemode.SCMSafeModeManager (HealthyPipelineSafeModeRule.java:process(140)) - SCM in safe mode. Healthy pipelines reported count is 0, required healthy pipeline reported count is 1
2023-12-28 09:10:39,617 [7bf28275-35a3-4339-bf85-2ac062f1a076-groupManagement] INFO  server.RaftServerConfigKeys (ConfUtils.java:logGet(46)) - raft.server.log.segment.size.max = 67108864 (custom)
2023-12-28 09:10:39,618 [7bf28275-35a3-4339-bf85-2ac062f1a076-groupManagement] INFO  server.RaftServerConfigKeys (ConfUtils.java:logGet(46)) - raft.server.log.segment.cache.num.max = 2 (custom)
2023-12-28 09:10:39,618 [7bf28275-35a3-4339-bf85-2ac062f1a076-groupManagement] INFO  server.RaftServerConfigKeys (ConfUtils.java:logGet(46)) - raft.server.log.segment.cache.size.max = 200MB (=209715200) (default)
2023-12-28 09:10:39,618 [7bf28275-35a3-4339-bf85-2ac062f1a076-groupManagement] INFO  server.RaftServerConfigKeys (ConfUtils.java:logGet(46)) - raft.server.log.appender.buffer.byte-limit = 8388608 (custom)
2023-12-28 09:10:39,618 [7bf28275-35a3-4339-bf85-2ac062f1a076-groupManagement] INFO  util.AwaitToRun (AwaitToRun.java:start(81)) - Thread[7bf28275-35a3-4339-bf85-2ac062f1a076@group-CEFACA0475BC-cacheEviction-AwaitToRun,5,main] started
2023-12-28 09:10:39,618 [7bf28275-35a3-4339-bf85-2ac062f1a076-groupManagement] INFO  segmented.SegmentedRaftLogWorker (SegmentedRaftLogWorker.java:<init>(184)) - new 7bf28275-35a3-4339-bf85-2ac062f1a076@group-CEFACA0475BC-SegmentedRaftLogWorker for RaftStorageImpl:Storage Directory /home/runner/work/ozone/ozone/hadoop-ozone/integration-test/target/test-dir/MiniOzoneClusterImpl-11b76480-f5fe-46c6-962b-c791e86a534f/datanode-3/data/ratis/97ddfd1d-8e67-4cb5-b0ab-cefaca0475bc
2023-12-28 09:10:39,618 [7bf28275-35a3-4339-bf85-2ac062f1a076-groupManagement] INFO  server.RaftServerConfigKeys (ConfUtils.java:logGet(46)) - raft.server.log.queue.byte-limit = 4294967296 (custom)
2023-12-28 09:10:39,618 [7bf28275-35a3-4339-bf85-2ac062f1a076-groupManagement] INFO  server.RaftServerConfigKeys (ConfUtils.java:logGet(46)) - raft.server.log.queue.element-limit = 1024 (custom)
2023-12-28 09:10:39,618 [7bf28275-35a3-4339-bf85-2ac062f1a076-groupManagement] INFO  server.RaftServerConfigKeys (ConfUtils.java:logGet(46)) - raft.server.log.segment.size.max = 67108864 (custom)
2023-12-28 09:10:39,618 [7bf28275-35a3-4339-bf85-2ac062f1a076-groupManagement] INFO  server.RaftServerConfigKeys (ConfUtils.java:logGet(46)) - raft.server.log.preallocated.size = 4194304 (custom)
2023-12-28 09:10:39,618 [7bf28275-35a3-4339-bf85-2ac062f1a076-groupManagement] INFO  server.RaftServerConfigKeys (ConfUtils.java:logGet(46)) - raft.server.log.force.sync.num = 128 (default)
2023-12-28 09:10:39,618 [7bf28275-35a3-4339-bf85-2ac062f1a076-groupManagement] INFO  server.RaftServerConfigKeys (ConfUtils.java:logGet(46)) - raft.server.log.statemachine.data.sync = true (default)
2023-12-28 09:10:39,618 [7bf28275-35a3-4339-bf85-2ac062f1a076-groupManagement] INFO  server.RaftServerConfigKeys (ConfUtils.java:logGet(46)) - raft.server.log.statemachine.data.sync.timeout = 10s (default)
2023-12-28 09:10:39,618 [7bf28275-35a3-4339-bf85-2ac062f1a076-groupManagement] INFO  server.RaftServerConfigKeys (ConfUtils.java:logGet(46)) - raft.server.log.statemachine.data.sync.timeout.retry = 0 (custom)
2023-12-28 09:10:39,619 [7bf28275-35a3-4339-bf85-2ac062f1a076-groupManagement] INFO  server.RaftServerConfigKeys (ConfUtils.java:logGet(46)) - raft.server.log.write.buffer.size = 8388616 (custom)
2023-12-28 09:10:39,620 [7bf28275-35a3-4339-bf85-2ac062f1a076-groupManagement] INFO  server.RaftServerConfigKeys (ConfUtils.java:logGet(46)) - raft.server.log.appender.buffer.byte-limit = 8388608 (custom)
2023-12-28 09:10:39,620 [7bf28275-35a3-4339-bf85-2ac062f1a076-groupManagement] INFO  server.RaftServerConfigKeys (ConfUtils.java:logGet(46)) - raft.server.log.unsafe-flush.enabled = false (default)
2023-12-28 09:10:39,621 [7bf28275-35a3-4339-bf85-2ac062f1a076-groupManagement] INFO  server.RaftServerConfigKeys (ConfUtils.java:logGet(46)) - raft.server.log.async-flush.enabled = false (default)
2023-12-28 09:10:39,621 [7bf28275-35a3-4339-bf85-2ac062f1a076-groupManagement] INFO  server.RaftServerConfigKeys (ConfUtils.java:logGet(46)) - raft.server.log.statemachine.data.caching.enabled = true (custom)
2023-12-28 09:10:39,621 [7bf28275-35a3-4339-bf85-2ac062f1a076-groupManagement] INFO  segmented.SegmentedRaftLogWorker (SegmentedRaftLogWorker.java:lambda$new$0(135)) - 7bf28275-35a3-4339-bf85-2ac062f1a076@group-CEFACA0475BC-SegmentedRaftLogWorker: flushIndex: setUnconditionally 0 -> -1
2023-12-28 09:10:39,621 [7bf28275-35a3-4339-bf85-2ac062f1a076-groupManagement] INFO  segmented.SegmentedRaftLogWorker (SegmentedRaftLogWorker.java:lambda$new$0(135)) - 7bf28275-35a3-4339-bf85-2ac062f1a076@group-CEFACA0475BC-SegmentedRaftLogWorker: safeCacheEvictIndex: setUnconditionally 0 -> -1
2023-12-28 09:10:39,621 [7bf28275-35a3-4339-bf85-2ac062f1a076-groupManagement] INFO  server.RaftServer$Division (RaftServerImpl.java:start(392)) - 7bf28275-35a3-4339-bf85-2ac062f1a076@group-CEFACA0475BC: start as a follower, conf=-1: peers:[7bf28275-35a3-4339-bf85-2ac062f1a076|10.1.0.14:15486]|listeners:[], old=null
2023-12-28 09:10:39,621 [7bf28275-35a3-4339-bf85-2ac062f1a076-groupManagement] INFO  server.RaftServer$Division (RaftServerImpl.java:setRole(379)) - 7bf28275-35a3-4339-bf85-2ac062f1a076@group-CEFACA0475BC: changes role from      null to FOLLOWER at term 0 for startAsFollower
2023-12-28 09:10:39,621 [7bf28275-35a3-4339-bf85-2ac062f1a076-groupManagement] INFO  impl.RoleInfo (RoleInfo.java:updateAndGet(139)) - 7bf28275-35a3-4339-bf85-2ac062f1a076: start 7bf28275-35a3-4339-bf85-2ac062f1a076@group-CEFACA0475BC-FollowerState
2023-12-28 09:10:39,622 [7bf28275-35a3-4339-bf85-2ac062f1a076@group-CEFACA0475BC-FollowerState] INFO  server.RaftServerConfigKeys (ConfUtils.java:logFallback(53)) - raft.server.rpc.first-election.timeout.min = 5s (fallback to raft.server.rpc.timeout.min)
2023-12-28 09:10:39,622 [7bf28275-35a3-4339-bf85-2ac062f1a076-groupManagement] INFO  util.JmxRegister (JmxRegister.java:tryRegister(44)) - Successfully registered JMX Bean with object name Ratis:service=RaftServer,group=group-CEFACA0475BC,id=7bf28275-35a3-4339-bf85-2ac062f1a076
2023-12-28 09:10:39,623 [7bf28275-35a3-4339-bf85-2ac062f1a076-groupManagement] INFO  server.RaftServerConfigKeys (ConfUtils.java:logGet(46)) - raft.server.snapshot.trigger-when-stop.enabled = true (default)
2023-12-28 09:10:39,623 [7bf28275-35a3-4339-bf85-2ac062f1a076-groupManagement] INFO  server.RaftServerConfigKeys (ConfUtils.java:logGet(46)) - raft.server.snapshot.auto.trigger.enabled = true (custom)
2023-12-28 09:10:39,623 [7bf28275-35a3-4339-bf85-2ac062f1a076-groupManagement] INFO  server.RaftServerConfigKeys (ConfUtils.java:logGet(46)) - raft.server.snapshot.auto.trigger.threshold = 10000 (custom)
2023-12-28 09:10:39,623 [7bf28275-35a3-4339-bf85-2ac062f1a076-groupManagement] INFO  server.RaftServerConfigKeys (ConfUtils.java:logGet(46)) - raft.server.snapshot.retention.file.num = 5 (custom)
2023-12-28 09:10:39,623 [7bf28275-35a3-4339-bf85-2ac062f1a076-groupManagement] INFO  server.RaftServerConfigKeys (ConfUtils.java:logGet(46)) - raft.server.log.purge.upto.snapshot.index = false (default)
2023-12-28 09:10:39,622 [7bf28275-35a3-4339-bf85-2ac062f1a076@group-CEFACA0475BC-FollowerState] INFO  server.RaftServerConfigKeys (ConfUtils.java:logFallback(53)) - raft.server.rpc.first-election.timeout.max = 5200ms (fallback to raft.server.rpc.timeout.max)
2023-12-28 09:10:39,623 [7bf28275-35a3-4339-bf85-2ac062f1a076-PipelineCommandHandlerThread-0] INFO  ratis.XceiverServerRatis (XceiverServerRatis.java:addGroup(837)) - Created group PipelineID=97ddfd1d-8e67-4cb5-b0ab-cefaca0475bc
2023-12-28 09:10:39,623 [7bf28275-35a3-4339-bf85-2ac062f1a076-PipelineCommandHandlerThread-0] INFO  commandhandler.CreatePipelineCommandHandler (CreatePipelineCommandHandler.java:lambda$handle$2(124)) - Created Pipeline RATIS ONE PipelineID=97ddfd1d-8e67-4cb5-b0ab-cefaca0475bc.
2023-12-28 09:10:39,624 [7bf28275-35a3-4339-bf85-2ac062f1a076-PipelineCommandHandlerThread-0] INFO  server.RaftServer (RaftServerProxy.java:addNew(100)) - 7bf28275-35a3-4339-bf85-2ac062f1a076: addNew group-54DEAA79E54E:[7bf28275-35a3-4339-bf85-2ac062f1a076|10.1.0.14:15486, 1f676f73-0748-4b3a-9af1-03dc59351857|10.1.0.14:15495, d986c04d-7a68-472d-88d2-fc056c6b4cf5|10.1.0.14:15504] returns group-54DEAA79E54E:java.util.concurrent.CompletableFuture@1ad469c6[Not completed]
2023-12-28 09:10:39,625 [7bf28275-35a3-4339-bf85-2ac062f1a076-groupManagement] INFO  server.RaftServer$Division (RaftServerImpl.java:<init>(256)) - 7bf28275-35a3-4339-bf85-2ac062f1a076: new RaftServerImpl for group-54DEAA79E54E:[7bf28275-35a3-4339-bf85-2ac062f1a076|10.1.0.14:15486, 1f676f73-0748-4b3a-9af1-03dc59351857|10.1.0.14:15495, d986c04d-7a68-472d-88d2-fc056c6b4cf5|10.1.0.14:15504] with ContainerStateMachine:uninitialized
2023-12-28 09:10:39,625 [7bf28275-35a3-4339-bf85-2ac062f1a076-groupManagement] INFO  server.RaftServerConfigKeys (ConfUtils.java:logGet(46)) - raft.server.rpc.timeout.min = 5s (custom)
2023-12-28 09:10:39,625 [7bf28275-35a3-4339-bf85-2ac062f1a076-groupManagement] INFO  server.RaftServerConfigKeys (ConfUtils.java:logGet(46)) - raft.server.rpc.timeout.max = 5200ms (custom)
2023-12-28 09:10:39,625 [7bf28275-35a3-4339-bf85-2ac062f1a076-groupManagement] INFO  server.RaftServerConfigKeys (ConfUtils.java:logGet(46)) - raft.server.rpc.sleep.time = 25ms (default)
2023-12-28 09:10:39,625 [7bf28275-35a3-4339-bf85-2ac062f1a076-groupManagement] INFO  server.RaftServerConfigKeys (ConfUtils.java:logGet(46)) - raft.server.rpc.slowness.timeout = 300000ms (custom)
2023-12-28 09:10:39,625 [7bf28275-35a3-4339-bf85-2ac062f1a076-groupManagement] INFO  server.RaftServerConfigKeys (ConfUtils.java:logGet(46)) - raft.server.leaderelection.leader.step-down.wait-time = 10s (default)
2023-12-28 09:10:39,625 [7bf28275-35a3-4339-bf85-2ac062f1a076-groupManagement] INFO  server.RaftServerConfigKeys (ConfUtils.java:logGet(46)) - raft.server.leaderelection.member.majority-add = false (default)
2023-12-28 09:10:39,625 [7bf28275-35a3-4339-bf85-2ac062f1a076-groupManagement] INFO  server.RaftServerConfigKeys (ConfUtils.java:logGet(46)) - raft.server.sleep.deviation.threshold = 300ms (default)
2023-12-28 09:10:39,625 [7bf28275-35a3-4339-bf85-2ac062f1a076-groupManagement] INFO  server.RaftServer$Division (ServerState.java:<init>(113)) - 7bf28275-35a3-4339-bf85-2ac062f1a076@group-54DEAA79E54E: ConfigurationManager, init=-1: peers:[7bf28275-35a3-4339-bf85-2ac062f1a076|10.1.0.14:15486, 1f676f73-0748-4b3a-9af1-03dc59351857|10.1.0.14:15495, d986c04d-7a68-472d-88d2-fc056c6b4cf5|10.1.0.14:15504]|listeners:[], old=null, confs=<EMPTY_MAP>
2023-12-28 09:10:39,625 [7bf28275-35a3-4339-bf85-2ac062f1a076-groupManagement] INFO  server.RaftServerConfigKeys (ConfUtils.java:logGet(46)) - raft.server.notification.no-leader.timeout = 300000ms (custom)
2023-12-28 09:10:39,625 [7bf28275-35a3-4339-bf85-2ac062f1a076-groupManagement] INFO  server.RaftServerConfigKeys (ConfUtils.java:logGet(46)) - raft.server.read.timeout = 10s (default)
2023-12-28 09:10:39,625 [7bf28275-35a3-4339-bf85-2ac062f1a076-groupManagement] INFO  server.RaftServerConfigKeys (ConfUtils.java:logGet(46)) - raft.server.retrycache.expirytime = 600000ms (custom)
2023-12-28 09:10:39,625 [7bf28275-35a3-4339-bf85-2ac062f1a076-groupManagement] INFO  server.RaftServerConfigKeys (ConfUtils.java:logGet(46)) - raft.server.retrycache.statistics.expirytime = 100ms (default)
2023-12-28 09:10:39,625 [7bf28275-35a3-4339-bf85-2ac062f1a076-groupManagement] INFO  server.RaftServerConfigKeys (ConfUtils.java:logGet(46)) - raft.server.read.option = DEFAULT (default)
2023-12-28 09:10:39,625 [7bf28275-35a3-4339-bf85-2ac062f1a076-groupManagement] INFO  server.RaftServerConfigKeys (ConfUtils.java:logGet(46)) - raft.server.read.read-after-write-consistent.write-index-cache.expiry-time = 60s (default)
2023-12-28 09:10:39,628 [7bf28275-35a3-4339-bf85-2ac062f1a076-groupManagement] INFO  server.RaftServerConfigKeys (ConfUtils.java:logGet(46)) - raft.server.rpc.request.timeout = 3000ms (default)
2023-12-28 09:10:39,628 [7bf28275-35a3-4339-bf85-2ac062f1a076-groupManagement] INFO  server.RaftServerConfigKeys (ConfUtils.java:logGet(46)) - raft.server.log.appender.install.snapshot.enabled = false (custom)
2023-12-28 09:10:39,628 [7bf28275-35a3-4339-bf85-2ac062f1a076-groupManagement] INFO  server.RaftServerConfigKeys (ConfUtils.java:logGet(46)) - raft.server.threadpool.server.cached = true (default)
2023-12-28 09:10:39,628 [7bf28275-35a3-4339-bf85-2ac062f1a076-groupManagement] INFO  server.RaftServerConfigKeys (ConfUtils.java:logGet(46)) - raft.server.threadpool.server.size = 0 (default)
2023-12-28 09:10:39,628 [7bf28275-35a3-4339-bf85-2ac062f1a076-groupManagement] INFO  server.RaftServerConfigKeys (ConfUtils.java:logGet(46)) - raft.server.threadpool.client.cached = true (default)
2023-12-28 09:10:39,628 [7bf28275-35a3-4339-bf85-2ac062f1a076-groupManagement] INFO  server.RaftServerConfigKeys (ConfUtils.java:logGet(46)) - raft.server.threadpool.client.size = 0 (default)
2023-12-28 09:10:39,628 [7bf28275-35a3-4339-bf85-2ac062f1a076-groupManagement] INFO  server.RaftServerConfigKeys (ConfUtils.java:logGet(46)) - raft.server.storage.free-space.min = 0MB (=0) (default)
2023-12-28 09:10:39,628 [7bf28275-35a3-4339-bf85-2ac062f1a076-groupManagement] INFO  server.RaftServerConfigKeys (ConfUtils.java:logGet(46)) - raft.server.log.corruption.policy = EXCEPTION (default)
2023-12-28 09:10:39,628 [7bf28275-35a3-4339-bf85-2ac062f1a076-groupManagement] INFO  server.RaftServerConfigKeys (ConfUtils.java:logGet(46)) - raft.server.storage.dir = [/home/runner/work/ozone/ozone/hadoop-ozone/integration-test/target/test-dir/MiniOzoneClusterImpl-11b76480-f5fe-46c6-962b-c791e86a534f/datanode-3/data/ratis] (custom)
2023-12-28 09:10:39,628 [7bf28275-35a3-4339-bf85-2ac062f1a076-groupManagement] INFO  storage.RaftStorageDirectory (RaftStorageDirectoryImpl.java:analyzeStorage(138)) - The storage directory /home/runner/work/ozone/ozone/hadoop-ozone/integration-test/target/test-dir/MiniOzoneClusterImpl-11b76480-f5fe-46c6-962b-c791e86a534f/datanode-3/data/ratis/22b9990f-01f3-4614-90dc-54deaa79e54e does not exist. Creating ...
2023-12-28 09:10:39,629 [7bf28275-35a3-4339-bf85-2ac062f1a076-groupManagement] INFO  storage.RaftStorageDirectory (RaftStorageDirectoryImpl.java:tryLock(232)) - Lock on /home/runner/work/ozone/ozone/hadoop-ozone/integration-test/target/test-dir/MiniOzoneClusterImpl-11b76480-f5fe-46c6-962b-c791e86a534f/datanode-3/data/ratis/22b9990f-01f3-4614-90dc-54deaa79e54e/in_use.lock acquired by nodename 85610@fv-az1384-14
2023-12-28 09:10:39,630 [7bf28275-35a3-4339-bf85-2ac062f1a076-groupManagement] INFO  storage.RaftStorage (RaftStorageImpl.java:format(97)) - Storage directory /home/runner/work/ozone/ozone/hadoop-ozone/integration-test/target/test-dir/MiniOzoneClusterImpl-11b76480-f5fe-46c6-962b-c791e86a534f/datanode-3/data/ratis/22b9990f-01f3-4614-90dc-54deaa79e54e has been successfully formatted.
2023-12-28 09:10:39,630 [7bf28275-35a3-4339-bf85-2ac062f1a076-groupManagement] INFO  ratis.ContainerStateMachine (ContainerStateMachine.java:loadSnapshot(287)) - group-54DEAA79E54E: The snapshot info is null. Setting the last applied indexto:(t:0, i:~)
2023-12-28 09:10:39,630 [7bf28275-35a3-4339-bf85-2ac062f1a076-groupManagement] INFO  server.RaftServerConfigKeys (ConfUtils.java:logGet(46)) - raft.server.log.use.memory = false (default)
2023-12-28 09:10:39,630 [7bf28275-35a3-4339-bf85-2ac062f1a076-groupManagement] INFO  server.RaftServerConfigKeys (ConfUtils.java:logGet(46)) - raft.server.log.purge.gap = 1000000 (custom)
2023-12-28 09:10:39,630 [7bf28275-35a3-4339-bf85-2ac062f1a076-groupManagement] INFO  server.RaftServerConfigKeys (ConfUtils.java:logGet(46)) - raft.server.log.appender.buffer.byte-limit = 8388608 (custom)
2023-12-28 09:10:39,631 [7bf28275-35a3-4339-bf85-2ac062f1a076-groupManagement] INFO  server.RaftServerConfigKeys (ConfUtils.java:logGet(46)) - raft.server.log.statemachine.data.read.timeout = 1000ms (default)
2023-12-28 09:10:39,631 [7bf28275-35a3-4339-bf85-2ac062f1a076-groupManagement] INFO  server.RaftServerConfigKeys (ConfUtils.java:logGet(46)) - raft.server.log.purge.preservation.log.num = 0 (default)
2023-12-28 09:10:39,631 [EventQueue-OpenPipelineForHealthyPipelineSafeModeRule] INFO  safemode.SCMSafeModeManager (HealthyPipelineSafeModeRule.java:process(140)) - SCM in safe mode. Healthy pipelines reported count is 0, required healthy pipeline reported count is 1
2023-12-28 09:10:39,633 [7bf28275-35a3-4339-bf85-2ac062f1a076-groupManagement] INFO  server.RaftServerConfigKeys (ConfUtils.java:logGet(46)) - raft.server.log.segment.size.max = 67108864 (custom)
2023-12-28 09:10:39,633 [7bf28275-35a3-4339-bf85-2ac062f1a076-groupManagement] INFO  server.RaftServerConfigKeys (ConfUtils.java:logGet(46)) - raft.server.log.segment.cache.num.max = 2 (custom)
2023-12-28 09:10:39,633 [7bf28275-35a3-4339-bf85-2ac062f1a076-groupManagement] INFO  server.RaftServerConfigKeys (ConfUtils.java:logGet(46)) - raft.server.log.segment.cache.size.max = 200MB (=209715200) (default)
2023-12-28 09:10:39,633 [7bf28275-35a3-4339-bf85-2ac062f1a076-groupManagement] INFO  server.RaftServerConfigKeys (ConfUtils.java:logGet(46)) - raft.server.log.appender.buffer.byte-limit = 8388608 (custom)
2023-12-28 09:10:39,633 [7bf28275-35a3-4339-bf85-2ac062f1a076-groupManagement] INFO  util.AwaitToRun (AwaitToRun.java:start(81)) - Thread[7bf28275-35a3-4339-bf85-2ac062f1a076@group-54DEAA79E54E-cacheEviction-AwaitToRun,5,main] started
2023-12-28 09:10:39,634 [7bf28275-35a3-4339-bf85-2ac062f1a076-groupManagement] INFO  segmented.SegmentedRaftLogWorker (SegmentedRaftLogWorker.java:<init>(184)) - new 7bf28275-35a3-4339-bf85-2ac062f1a076@group-54DEAA79E54E-SegmentedRaftLogWorker for RaftStorageImpl:Storage Directory /home/runner/work/ozone/ozone/hadoop-ozone/integration-test/target/test-dir/MiniOzoneClusterImpl-11b76480-f5fe-46c6-962b-c791e86a534f/datanode-3/data/ratis/22b9990f-01f3-4614-90dc-54deaa79e54e
2023-12-28 09:10:39,634 [7bf28275-35a3-4339-bf85-2ac062f1a076-groupManagement] INFO  server.RaftServerConfigKeys (ConfUtils.java:logGet(46)) - raft.server.log.queue.byte-limit = 4294967296 (custom)
2023-12-28 09:10:39,634 [7bf28275-35a3-4339-bf85-2ac062f1a076-groupManagement] INFO  server.RaftServerConfigKeys (ConfUtils.java:logGet(46)) - raft.server.log.queue.element-limit = 1024 (custom)
2023-12-28 09:10:39,634 [7bf28275-35a3-4339-bf85-2ac062f1a076-groupManagement] INFO  server.RaftServerConfigKeys (ConfUtils.java:logGet(46)) - raft.server.log.segment.size.max = 67108864 (custom)
2023-12-28 09:10:39,634 [7bf28275-35a3-4339-bf85-2ac062f1a076-groupManagement] INFO  server.RaftServerConfigKeys (ConfUtils.java:logGet(46)) - raft.server.log.preallocated.size = 4194304 (custom)
2023-12-28 09:10:39,634 [7bf28275-35a3-4339-bf85-2ac062f1a076-groupManagement] INFO  server.RaftServerConfigKeys (ConfUtils.java:logGet(46)) - raft.server.log.force.sync.num = 128 (default)
2023-12-28 09:10:39,634 [7bf28275-35a3-4339-bf85-2ac062f1a076-groupManagement] INFO  server.RaftServerConfigKeys (ConfUtils.java:logGet(46)) - raft.server.log.statemachine.data.sync = true (default)
2023-12-28 09:10:39,634 [7bf28275-35a3-4339-bf85-2ac062f1a076-groupManagement] INFO  server.RaftServerConfigKeys (ConfUtils.java:logGet(46)) - raft.server.log.statemachine.data.sync.timeout = 10s (default)
2023-12-28 09:10:39,634 [7bf28275-35a3-4339-bf85-2ac062f1a076-groupManagement] INFO  server.RaftServerConfigKeys (ConfUtils.java:logGet(46)) - raft.server.log.statemachine.data.sync.timeout.retry = 0 (custom)
2023-12-28 09:10:39,634 [7bf28275-35a3-4339-bf85-2ac062f1a076-groupManagement] INFO  server.RaftServerConfigKeys (ConfUtils.java:logGet(46)) - raft.server.log.write.buffer.size = 8388616 (custom)
2023-12-28 09:10:39,636 [7bf28275-35a3-4339-bf85-2ac062f1a076-groupManagement] INFO  server.RaftServerConfigKeys (ConfUtils.java:logGet(46)) - raft.server.log.appender.buffer.byte-limit = 8388608 (custom)
2023-12-28 09:10:39,637 [7bf28275-35a3-4339-bf85-2ac062f1a076-groupManagement] INFO  server.RaftServerConfigKeys (ConfUtils.java:logGet(46)) - raft.server.log.unsafe-flush.enabled = false (default)
2023-12-28 09:10:39,637 [7bf28275-35a3-4339-bf85-2ac062f1a076-groupManagement] INFO  server.RaftServerConfigKeys (ConfUtils.java:logGet(46)) - raft.server.log.async-flush.enabled = false (default)
2023-12-28 09:10:39,637 [7bf28275-35a3-4339-bf85-2ac062f1a076-groupManagement] INFO  server.RaftServerConfigKeys (ConfUtils.java:logGet(46)) - raft.server.log.statemachine.data.caching.enabled = true (custom)
2023-12-28 09:10:39,637 [7bf28275-35a3-4339-bf85-2ac062f1a076-groupManagement] INFO  segmented.SegmentedRaftLogWorker (SegmentedRaftLogWorker.java:lambda$new$0(135)) - 7bf28275-35a3-4339-bf85-2ac062f1a076@group-54DEAA79E54E-SegmentedRaftLogWorker: flushIndex: setUnconditionally 0 -> -1
2023-12-28 09:10:39,637 [7bf28275-35a3-4339-bf85-2ac062f1a076-groupManagement] INFO  segmented.SegmentedRaftLogWorker (SegmentedRaftLogWorker.java:lambda$new$0(135)) - 7bf28275-35a3-4339-bf85-2ac062f1a076@group-54DEAA79E54E-SegmentedRaftLogWorker: safeCacheEvictIndex: setUnconditionally 0 -> -1
2023-12-28 09:10:39,637 [7bf28275-35a3-4339-bf85-2ac062f1a076-groupManagement] INFO  server.RaftServer$Division (RaftServerImpl.java:start(392)) - 7bf28275-35a3-4339-bf85-2ac062f1a076@group-54DEAA79E54E: start as a follower, conf=-1: peers:[7bf28275-35a3-4339-bf85-2ac062f1a076|10.1.0.14:15486, 1f676f73-0748-4b3a-9af1-03dc59351857|10.1.0.14:15495, d986c04d-7a68-472d-88d2-fc056c6b4cf5|10.1.0.14:15504]|listeners:[], old=null
2023-12-28 09:10:39,637 [7bf28275-35a3-4339-bf85-2ac062f1a076-groupManagement] INFO  server.RaftServer$Division (RaftServerImpl.java:setRole(379)) - 7bf28275-35a3-4339-bf85-2ac062f1a076@group-54DEAA79E54E: changes role from      null to FOLLOWER at term 0 for startAsFollower
2023-12-28 09:10:39,637 [7bf28275-35a3-4339-bf85-2ac062f1a076-groupManagement] INFO  impl.RoleInfo (RoleInfo.java:updateAndGet(139)) - 7bf28275-35a3-4339-bf85-2ac062f1a076: start 7bf28275-35a3-4339-bf85-2ac062f1a076@group-54DEAA79E54E-FollowerState
2023-12-28 09:10:39,638 [7bf28275-35a3-4339-bf85-2ac062f1a076-groupManagement] INFO  util.JmxRegister (JmxRegister.java:tryRegister(44)) - Successfully registered JMX Bean with object name Ratis:service=RaftServer,group=group-54DEAA79E54E,id=7bf28275-35a3-4339-bf85-2ac062f1a076
2023-12-28 09:10:39,638 [7bf28275-35a3-4339-bf85-2ac062f1a076-groupManagement] INFO  server.RaftServerConfigKeys (ConfUtils.java:logGet(46)) - raft.server.snapshot.trigger-when-stop.enabled = true (default)
2023-12-28 09:10:39,638 [7bf28275-35a3-4339-bf85-2ac062f1a076-groupManagement] INFO  server.RaftServerConfigKeys (ConfUtils.java:logGet(46)) - raft.server.snapshot.auto.trigger.enabled = true (custom)
2023-12-28 09:10:39,638 [7bf28275-35a3-4339-bf85-2ac062f1a076-groupManagement] INFO  server.RaftServerConfigKeys (ConfUtils.java:logGet(46)) - raft.server.snapshot.auto.trigger.threshold = 10000 (custom)
2023-12-28 09:10:39,638 [7bf28275-35a3-4339-bf85-2ac062f1a076-groupManagement] INFO  server.RaftServerConfigKeys (ConfUtils.java:logGet(46)) - raft.server.snapshot.retention.file.num = 5 (custom)
2023-12-28 09:10:39,638 [7bf28275-35a3-4339-bf85-2ac062f1a076-groupManagement] INFO  server.RaftServerConfigKeys (ConfUtils.java:logGet(46)) - raft.server.log.purge.upto.snapshot.index = false (default)
2023-12-28 09:10:39,638 [7bf28275-35a3-4339-bf85-2ac062f1a076-PipelineCommandHandlerThread-0] INFO  ratis.XceiverServerRatis (XceiverServerRatis.java:addGroup(837)) - Created group PipelineID=22b9990f-01f3-4614-90dc-54deaa79e54e
2023-12-28 09:10:39,638 [7bf28275-35a3-4339-bf85-2ac062f1a076@group-54DEAA79E54E-FollowerState] INFO  server.RaftServerConfigKeys (ConfUtils.java:logFallback(53)) - raft.server.rpc.first-election.timeout.min = 5s (fallback to raft.server.rpc.timeout.min)
2023-12-28 09:10:39,639 [7bf28275-35a3-4339-bf85-2ac062f1a076@group-54DEAA79E54E-FollowerState] INFO  server.RaftServerConfigKeys (ConfUtils.java:logFallback(53)) - raft.server.rpc.first-election.timeout.max = 5200ms (fallback to raft.server.rpc.timeout.max)
2023-12-28 09:10:39,643 [grpc-default-executor-6] INFO  server.RaftServer (RaftServerProxy.java:addNew(100)) - 1f676f73-0748-4b3a-9af1-03dc59351857: addNew group-54DEAA79E54E:[7bf28275-35a3-4339-bf85-2ac062f1a076|10.1.0.14:15486, 1f676f73-0748-4b3a-9af1-03dc59351857|10.1.0.14:15495, d986c04d-7a68-472d-88d2-fc056c6b4cf5|10.1.0.14:15504] returns group-54DEAA79E54E:java.util.concurrent.CompletableFuture@26df57ff[Not completed]
2023-12-28 09:10:39,644 [1f676f73-0748-4b3a-9af1-03dc59351857-groupManagement] INFO  server.RaftServer$Division (RaftServerImpl.java:<init>(256)) - 1f676f73-0748-4b3a-9af1-03dc59351857: new RaftServerImpl for group-54DEAA79E54E:[7bf28275-35a3-4339-bf85-2ac062f1a076|10.1.0.14:15486, 1f676f73-0748-4b3a-9af1-03dc59351857|10.1.0.14:15495, d986c04d-7a68-472d-88d2-fc056c6b4cf5|10.1.0.14:15504] with ContainerStateMachine:uninitialized
2023-12-28 09:10:39,644 [1f676f73-0748-4b3a-9af1-03dc59351857-groupManagement] INFO  server.RaftServerConfigKeys (ConfUtils.java:logGet(46)) - raft.server.rpc.timeout.min = 5s (custom)
2023-12-28 09:10:39,644 [1f676f73-0748-4b3a-9af1-03dc59351857-groupManagement] INFO  server.RaftServerConfigKeys (ConfUtils.java:logGet(46)) - raft.server.rpc.timeout.max = 5200ms (custom)
2023-12-28 09:10:39,644 [1f676f73-0748-4b3a-9af1-03dc59351857-groupManagement] INFO  server.RaftServerConfigKeys (ConfUtils.java:logGet(46)) - raft.server.rpc.sleep.time = 25ms (default)
2023-12-28 09:10:39,644 [1f676f73-0748-4b3a-9af1-03dc59351857-groupManagement] INFO  server.RaftServerConfigKeys (ConfUtils.java:logGet(46)) - raft.server.rpc.slowness.timeout = 300000ms (custom)
2023-12-28 09:10:39,644 [1f676f73-0748-4b3a-9af1-03dc59351857-groupManagement] INFO  server.RaftServerConfigKeys (ConfUtils.java:logGet(46)) - raft.server.leaderelection.leader.step-down.wait-time = 10s (default)
2023-12-28 09:10:39,644 [1f676f73-0748-4b3a-9af1-03dc59351857-groupManagement] INFO  server.RaftServerConfigKeys (ConfUtils.java:logGet(46)) - raft.server.leaderelection.member.majority-add = false (default)
2023-12-28 09:10:39,644 [1f676f73-0748-4b3a-9af1-03dc59351857-groupManagement] INFO  server.RaftServerConfigKeys (ConfUtils.java:logGet(46)) - raft.server.sleep.deviation.threshold = 300ms (default)
2023-12-28 09:10:39,644 [1f676f73-0748-4b3a-9af1-03dc59351857-groupManagement] INFO  server.RaftServer$Division (ServerState.java:<init>(113)) - 1f676f73-0748-4b3a-9af1-03dc59351857@group-54DEAA79E54E: ConfigurationManager, init=-1: peers:[7bf28275-35a3-4339-bf85-2ac062f1a076|10.1.0.14:15486, 1f676f73-0748-4b3a-9af1-03dc59351857|10.1.0.14:15495, d986c04d-7a68-472d-88d2-fc056c6b4cf5|10.1.0.14:15504]|listeners:[], old=null, confs=<EMPTY_MAP>
2023-12-28 09:10:39,644 [1f676f73-0748-4b3a-9af1-03dc59351857-groupManagement] INFO  server.RaftServerConfigKeys (ConfUtils.java:logGet(46)) - raft.server.notification.no-leader.timeout = 300000ms (custom)
2023-12-28 09:10:39,644 [1f676f73-0748-4b3a-9af1-03dc59351857-groupManagement] INFO  server.RaftServerConfigKeys (ConfUtils.java:logGet(46)) - raft.server.read.timeout = 10s (default)
2023-12-28 09:10:39,644 [1f676f73-0748-4b3a-9af1-03dc59351857-groupManagement] INFO  server.RaftServerConfigKeys (ConfUtils.java:logGet(46)) - raft.server.retrycache.expirytime = 600000ms (custom)
2023-12-28 09:10:39,644 [1f676f73-0748-4b3a-9af1-03dc59351857-groupManagement] INFO  server.RaftServerConfigKeys (ConfUtils.java:logGet(46)) - raft.server.retrycache.statistics.expirytime = 100ms (default)
2023-12-28 09:10:39,644 [1f676f73-0748-4b3a-9af1-03dc59351857-groupManagement] INFO  server.RaftServerConfigKeys (ConfUtils.java:logGet(46)) - raft.server.read.option = DEFAULT (default)
2023-12-28 09:10:39,644 [1f676f73-0748-4b3a-9af1-03dc59351857-groupManagement] INFO  server.RaftServerConfigKeys (ConfUtils.java:logGet(46)) - raft.server.read.read-after-write-consistent.write-index-cache.expiry-time = 60s (default)
2023-12-28 09:10:39,646 [1f676f73-0748-4b3a-9af1-03dc59351857-groupManagement] INFO  server.RaftServerConfigKeys (ConfUtils.java:logGet(46)) - raft.server.rpc.request.timeout = 3000ms (default)
2023-12-28 09:10:39,646 [1f676f73-0748-4b3a-9af1-03dc59351857-groupManagement] INFO  server.RaftServerConfigKeys (ConfUtils.java:logGet(46)) - raft.server.log.appender.install.snapshot.enabled = false (custom)
2023-12-28 09:10:39,646 [1f676f73-0748-4b3a-9af1-03dc59351857-groupManagement] INFO  server.RaftServerConfigKeys (ConfUtils.java:logGet(46)) - raft.server.threadpool.server.cached = true (default)
2023-12-28 09:10:39,646 [1f676f73-0748-4b3a-9af1-03dc59351857-groupManagement] INFO  server.RaftServerConfigKeys (ConfUtils.java:logGet(46)) - raft.server.threadpool.server.size = 0 (default)
2023-12-28 09:10:39,646 [1f676f73-0748-4b3a-9af1-03dc59351857-groupManagement] INFO  server.RaftServerConfigKeys (ConfUtils.java:logGet(46)) - raft.server.threadpool.client.cached = true (default)
2023-12-28 09:10:39,646 [1f676f73-0748-4b3a-9af1-03dc59351857-groupManagement] INFO  server.RaftServerConfigKeys (ConfUtils.java:logGet(46)) - raft.server.threadpool.client.size = 0 (default)
2023-12-28 09:10:39,646 [1f676f73-0748-4b3a-9af1-03dc59351857-groupManagement] INFO  server.RaftServerConfigKeys (ConfUtils.java:logGet(46)) - raft.server.storage.free-space.min = 0MB (=0) (default)
2023-12-28 09:10:39,646 [1f676f73-0748-4b3a-9af1-03dc59351857-groupManagement] INFO  server.RaftServerConfigKeys (ConfUtils.java:logGet(46)) - raft.server.log.corruption.policy = EXCEPTION (default)
2023-12-28 09:10:39,646 [1f676f73-0748-4b3a-9af1-03dc59351857-groupManagement] INFO  server.RaftServerConfigKeys (ConfUtils.java:logGet(46)) - raft.server.storage.dir = [/home/runner/work/ozone/ozone/hadoop-ozone/integration-test/target/test-dir/MiniOzoneClusterImpl-11b76480-f5fe-46c6-962b-c791e86a534f/datanode-4/data/ratis] (custom)
2023-12-28 09:10:39,646 [1f676f73-0748-4b3a-9af1-03dc59351857-groupManagement] INFO  storage.RaftStorageDirectory (RaftStorageDirectoryImpl.java:analyzeStorage(138)) - The storage directory /home/runner/work/ozone/ozone/hadoop-ozone/integration-test/target/test-dir/MiniOzoneClusterImpl-11b76480-f5fe-46c6-962b-c791e86a534f/datanode-4/data/ratis/22b9990f-01f3-4614-90dc-54deaa79e54e does not exist. Creating ...
2023-12-28 09:10:39,647 [1f676f73-0748-4b3a-9af1-03dc59351857-groupManagement] INFO  storage.RaftStorageDirectory (RaftStorageDirectoryImpl.java:tryLock(232)) - Lock on /home/runner/work/ozone/ozone/hadoop-ozone/integration-test/target/test-dir/MiniOzoneClusterImpl-11b76480-f5fe-46c6-962b-c791e86a534f/datanode-4/data/ratis/22b9990f-01f3-4614-90dc-54deaa79e54e/in_use.lock acquired by nodename 85610@fv-az1384-14
2023-12-28 09:10:39,648 [1f676f73-0748-4b3a-9af1-03dc59351857-groupManagement] INFO  storage.RaftStorage (RaftStorageImpl.java:format(97)) - Storage directory /home/runner/work/ozone/ozone/hadoop-ozone/integration-test/target/test-dir/MiniOzoneClusterImpl-11b76480-f5fe-46c6-962b-c791e86a534f/datanode-4/data/ratis/22b9990f-01f3-4614-90dc-54deaa79e54e has been successfully formatted.
2023-12-28 09:10:39,649 [1f676f73-0748-4b3a-9af1-03dc59351857-groupManagement] INFO  ratis.ContainerStateMachine (ContainerStateMachine.java:loadSnapshot(287)) - group-54DEAA79E54E: The snapshot info is null. Setting the last applied indexto:(t:0, i:~)
2023-12-28 09:10:39,649 [1f676f73-0748-4b3a-9af1-03dc59351857-groupManagement] INFO  server.RaftServerConfigKeys (ConfUtils.java:logGet(46)) - raft.server.log.use.memory = false (default)
2023-12-28 09:10:39,650 [1f676f73-0748-4b3a-9af1-03dc59351857-groupManagement] INFO  server.RaftServerConfigKeys (ConfUtils.java:logGet(46)) - raft.server.log.purge.gap = 1000000 (custom)
2023-12-28 09:10:39,650 [1f676f73-0748-4b3a-9af1-03dc59351857-groupManagement] INFO  server.RaftServerConfigKeys (ConfUtils.java:logGet(46)) - raft.server.log.appender.buffer.byte-limit = 8388608 (custom)
2023-12-28 09:10:39,650 [1f676f73-0748-4b3a-9af1-03dc59351857-groupManagement] INFO  server.RaftServerConfigKeys (ConfUtils.java:logGet(46)) - raft.server.log.statemachine.data.read.timeout = 1000ms (default)
2023-12-28 09:10:39,650 [1f676f73-0748-4b3a-9af1-03dc59351857-groupManagement] INFO  server.RaftServerConfigKeys (ConfUtils.java:logGet(46)) - raft.server.log.purge.preservation.log.num = 0 (default)
2023-12-28 09:10:39,651 [1f676f73-0748-4b3a-9af1-03dc59351857-groupManagement] INFO  server.RaftServerConfigKeys (ConfUtils.java:logGet(46)) - raft.server.log.segment.size.max = 67108864 (custom)
2023-12-28 09:10:39,651 [1f676f73-0748-4b3a-9af1-03dc59351857-groupManagement] INFO  server.RaftServerConfigKeys (ConfUtils.java:logGet(46)) - raft.server.log.segment.cache.num.max = 2 (custom)
2023-12-28 09:10:39,651 [1f676f73-0748-4b3a-9af1-03dc59351857-groupManagement] INFO  server.RaftServerConfigKeys (ConfUtils.java:logGet(46)) - raft.server.log.segment.cache.size.max = 200MB (=209715200) (default)
2023-12-28 09:10:39,652 [1f676f73-0748-4b3a-9af1-03dc59351857-groupManagement] INFO  server.RaftServerConfigKeys (ConfUtils.java:logGet(46)) - raft.server.log.appender.buffer.byte-limit = 8388608 (custom)
2023-12-28 09:10:39,652 [1f676f73-0748-4b3a-9af1-03dc59351857-groupManagement] INFO  util.AwaitToRun (AwaitToRun.java:start(81)) - Thread[1f676f73-0748-4b3a-9af1-03dc59351857@group-54DEAA79E54E-cacheEviction-AwaitToRun,5,main] started
2023-12-28 09:10:39,652 [1f676f73-0748-4b3a-9af1-03dc59351857-groupManagement] INFO  segmented.SegmentedRaftLogWorker (SegmentedRaftLogWorker.java:<init>(184)) - new 1f676f73-0748-4b3a-9af1-03dc59351857@group-54DEAA79E54E-SegmentedRaftLogWorker for RaftStorageImpl:Storage Directory /home/runner/work/ozone/ozone/hadoop-ozone/integration-test/target/test-dir/MiniOzoneClusterImpl-11b76480-f5fe-46c6-962b-c791e86a534f/datanode-4/data/ratis/22b9990f-01f3-4614-90dc-54deaa79e54e
2023-12-28 09:10:39,652 [1f676f73-0748-4b3a-9af1-03dc59351857-groupManagement] INFO  server.RaftServerConfigKeys (ConfUtils.java:logGet(46)) - raft.server.log.queue.byte-limit = 4294967296 (custom)
2023-12-28 09:10:39,652 [1f676f73-0748-4b3a-9af1-03dc59351857-groupManagement] INFO  server.RaftServerConfigKeys (ConfUtils.java:logGet(46)) - raft.server.log.queue.element-limit = 1024 (custom)
2023-12-28 09:10:39,652 [1f676f73-0748-4b3a-9af1-03dc59351857-groupManagement] INFO  server.RaftServerConfigKeys (ConfUtils.java:logGet(46)) - raft.server.log.segment.size.max = 67108864 (custom)
2023-12-28 09:10:39,652 [1f676f73-0748-4b3a-9af1-03dc59351857-groupManagement] INFO  server.RaftServerConfigKeys (ConfUtils.java:logGet(46)) - raft.server.log.preallocated.size = 4194304 (custom)
2023-12-28 09:10:39,652 [1f676f73-0748-4b3a-9af1-03dc59351857-groupManagement] INFO  server.RaftServerConfigKeys (ConfUtils.java:logGet(46)) - raft.server.log.force.sync.num = 128 (default)
2023-12-28 09:10:39,652 [1f676f73-0748-4b3a-9af1-03dc59351857-groupManagement] INFO  server.RaftServerConfigKeys (ConfUtils.java:logGet(46)) - raft.server.log.statemachine.data.sync = true (default)
2023-12-28 09:10:39,652 [1f676f73-0748-4b3a-9af1-03dc59351857-groupManagement] INFO  server.RaftServerConfigKeys (ConfUtils.java:logGet(46)) - raft.server.log.statemachine.data.sync.timeout = 10s (default)
2023-12-28 09:10:39,652 [1f676f73-0748-4b3a-9af1-03dc59351857-groupManagement] INFO  server.RaftServerConfigKeys (ConfUtils.java:logGet(46)) - raft.server.log.statemachine.data.sync.timeout.retry = 0 (custom)
2023-12-28 09:10:39,652 [1f676f73-0748-4b3a-9af1-03dc59351857-groupManagement] INFO  server.RaftServerConfigKeys (ConfUtils.java:logGet(46)) - raft.server.log.write.buffer.size = 8388616 (custom)
2023-12-28 09:10:39,653 [1f676f73-0748-4b3a-9af1-03dc59351857-groupManagement] INFO  server.RaftServerConfigKeys (ConfUtils.java:logGet(46)) - raft.server.log.appender.buffer.byte-limit = 8388608 (custom)
2023-12-28 09:10:39,654 [1f676f73-0748-4b3a-9af1-03dc59351857-groupManagement] INFO  server.RaftServerConfigKeys (ConfUtils.java:logGet(46)) - raft.server.log.unsafe-flush.enabled = false (default)
2023-12-28 09:10:39,654 [1f676f73-0748-4b3a-9af1-03dc59351857-groupManagement] INFO  server.RaftServerConfigKeys (ConfUtils.java:logGet(46)) - raft.server.log.async-flush.enabled = false (default)
2023-12-28 09:10:39,654 [1f676f73-0748-4b3a-9af1-03dc59351857-groupManagement] INFO  server.RaftServerConfigKeys (ConfUtils.java:logGet(46)) - raft.server.log.statemachine.data.caching.enabled = true (custom)
2023-12-28 09:10:39,654 [1f676f73-0748-4b3a-9af1-03dc59351857-groupManagement] INFO  segmented.SegmentedRaftLogWorker (SegmentedRaftLogWorker.java:lambda$new$0(135)) - 1f676f73-0748-4b3a-9af1-03dc59351857@group-54DEAA79E54E-SegmentedRaftLogWorker: flushIndex: setUnconditionally 0 -> -1
2023-12-28 09:10:39,654 [1f676f73-0748-4b3a-9af1-03dc59351857-groupManagement] INFO  segmented.SegmentedRaftLogWorker (SegmentedRaftLogWorker.java:lambda$new$0(135)) - 1f676f73-0748-4b3a-9af1-03dc59351857@group-54DEAA79E54E-SegmentedRaftLogWorker: safeCacheEvictIndex: setUnconditionally 0 -> -1
2023-12-28 09:10:39,654 [1f676f73-0748-4b3a-9af1-03dc59351857-groupManagement] INFO  server.RaftServer$Division (RaftServerImpl.java:start(392)) - 1f676f73-0748-4b3a-9af1-03dc59351857@group-54DEAA79E54E: start as a follower, conf=-1: peers:[7bf28275-35a3-4339-bf85-2ac062f1a076|10.1.0.14:15486, 1f676f73-0748-4b3a-9af1-03dc59351857|10.1.0.14:15495, d986c04d-7a68-472d-88d2-fc056c6b4cf5|10.1.0.14:15504]|listeners:[], old=null
2023-12-28 09:10:39,654 [1f676f73-0748-4b3a-9af1-03dc59351857-groupManagement] INFO  server.RaftServer$Division (RaftServerImpl.java:setRole(379)) - 1f676f73-0748-4b3a-9af1-03dc59351857@group-54DEAA79E54E: changes role from      null to FOLLOWER at term 0 for startAsFollower
2023-12-28 09:10:39,654 [1f676f73-0748-4b3a-9af1-03dc59351857-groupManagement] INFO  impl.RoleInfo (RoleInfo.java:updateAndGet(139)) - 1f676f73-0748-4b3a-9af1-03dc59351857: start 1f676f73-0748-4b3a-9af1-03dc59351857@group-54DEAA79E54E-FollowerState
2023-12-28 09:10:39,654 [1f676f73-0748-4b3a-9af1-03dc59351857@group-54DEAA79E54E-FollowerState] INFO  server.RaftServerConfigKeys (ConfUtils.java:logFallback(53)) - raft.server.rpc.first-election.timeout.min = 5s (fallback to raft.server.rpc.timeout.min)
2023-12-28 09:10:39,654 [1f676f73-0748-4b3a-9af1-03dc59351857-groupManagement] INFO  util.JmxRegister (JmxRegister.java:tryRegister(44)) - Successfully registered JMX Bean with object name Ratis:service=RaftServer,group=group-54DEAA79E54E,id=1f676f73-0748-4b3a-9af1-03dc59351857
2023-12-28 09:10:39,655 [1f676f73-0748-4b3a-9af1-03dc59351857@group-54DEAA79E54E-FollowerState] INFO  server.RaftServerConfigKeys (ConfUtils.java:logFallback(53)) - raft.server.rpc.first-election.timeout.max = 5200ms (fallback to raft.server.rpc.timeout.max)
2023-12-28 09:10:39,655 [1f676f73-0748-4b3a-9af1-03dc59351857-groupManagement] INFO  server.RaftServerConfigKeys (ConfUtils.java:logGet(46)) - raft.server.snapshot.trigger-when-stop.enabled = true (default)
2023-12-28 09:10:39,655 [1f676f73-0748-4b3a-9af1-03dc59351857-groupManagement] INFO  server.RaftServerConfigKeys (ConfUtils.java:logGet(46)) - raft.server.snapshot.auto.trigger.enabled = true (custom)
2023-12-28 09:10:39,655 [1f676f73-0748-4b3a-9af1-03dc59351857-groupManagement] INFO  server.RaftServerConfigKeys (ConfUtils.java:logGet(46)) - raft.server.snapshot.auto.trigger.threshold = 10000 (custom)
2023-12-28 09:10:39,655 [1f676f73-0748-4b3a-9af1-03dc59351857-groupManagement] INFO  server.RaftServerConfigKeys (ConfUtils.java:logGet(46)) - raft.server.snapshot.retention.file.num = 5 (custom)
2023-12-28 09:10:39,655 [1f676f73-0748-4b3a-9af1-03dc59351857-groupManagement] INFO  server.RaftServerConfigKeys (ConfUtils.java:logGet(46)) - raft.server.log.purge.upto.snapshot.index = false (default)
2023-12-28 09:10:39,661 [grpc-default-executor-6] INFO  server.RaftServer (RaftServerProxy.java:addNew(100)) - d986c04d-7a68-472d-88d2-fc056c6b4cf5: addNew group-54DEAA79E54E:[7bf28275-35a3-4339-bf85-2ac062f1a076|10.1.0.14:15486, 1f676f73-0748-4b3a-9af1-03dc59351857|10.1.0.14:15495, d986c04d-7a68-472d-88d2-fc056c6b4cf5|10.1.0.14:15504] returns group-54DEAA79E54E:java.util.concurrent.CompletableFuture@6f7f4ed3[Not completed]
2023-12-28 09:10:39,661 [d986c04d-7a68-472d-88d2-fc056c6b4cf5-groupManagement] INFO  server.RaftServer$Division (RaftServerImpl.java:<init>(256)) - d986c04d-7a68-472d-88d2-fc056c6b4cf5: new RaftServerImpl for group-54DEAA79E54E:[7bf28275-35a3-4339-bf85-2ac062f1a076|10.1.0.14:15486, 1f676f73-0748-4b3a-9af1-03dc59351857|10.1.0.14:15495, d986c04d-7a68-472d-88d2-fc056c6b4cf5|10.1.0.14:15504] with ContainerStateMachine:uninitialized
2023-12-28 09:10:39,661 [d986c04d-7a68-472d-88d2-fc056c6b4cf5-groupManagement] INFO  server.RaftServerConfigKeys (ConfUtils.java:logGet(46)) - raft.server.rpc.timeout.min = 5s (custom)
2023-12-28 09:10:39,662 [d986c04d-7a68-472d-88d2-fc056c6b4cf5-groupManagement] INFO  server.RaftServerConfigKeys (ConfUtils.java:logGet(46)) - raft.server.rpc.timeout.max = 5200ms (custom)
2023-12-28 09:10:39,662 [d986c04d-7a68-472d-88d2-fc056c6b4cf5-groupManagement] INFO  server.RaftServerConfigKeys (ConfUtils.java:logGet(46)) - raft.server.rpc.sleep.time = 25ms (default)
2023-12-28 09:10:39,662 [d986c04d-7a68-472d-88d2-fc056c6b4cf5-groupManagement] INFO  server.RaftServerConfigKeys (ConfUtils.java:logGet(46)) - raft.server.rpc.slowness.timeout = 300000ms (custom)
2023-12-28 09:10:39,662 [d986c04d-7a68-472d-88d2-fc056c6b4cf5-groupManagement] INFO  server.RaftServerConfigKeys (ConfUtils.java:logGet(46)) - raft.server.leaderelection.leader.step-down.wait-time = 10s (default)
2023-12-28 09:10:39,662 [d986c04d-7a68-472d-88d2-fc056c6b4cf5-groupManagement] INFO  server.RaftServerConfigKeys (ConfUtils.java:logGet(46)) - raft.server.leaderelection.member.majority-add = false (default)
2023-12-28 09:10:39,662 [d986c04d-7a68-472d-88d2-fc056c6b4cf5-groupManagement] INFO  server.RaftServerConfigKeys (ConfUtils.java:logGet(46)) - raft.server.sleep.deviation.threshold = 300ms (default)
2023-12-28 09:10:39,662 [d986c04d-7a68-472d-88d2-fc056c6b4cf5-groupManagement] INFO  server.RaftServer$Division (ServerState.java:<init>(113)) - d986c04d-7a68-472d-88d2-fc056c6b4cf5@group-54DEAA79E54E: ConfigurationManager, init=-1: peers:[7bf28275-35a3-4339-bf85-2ac062f1a076|10.1.0.14:15486, 1f676f73-0748-4b3a-9af1-03dc59351857|10.1.0.14:15495, d986c04d-7a68-472d-88d2-fc056c6b4cf5|10.1.0.14:15504]|listeners:[], old=null, confs=<EMPTY_MAP>
2023-12-28 09:10:39,662 [d986c04d-7a68-472d-88d2-fc056c6b4cf5-groupManagement] INFO  server.RaftServerConfigKeys (ConfUtils.java:logGet(46)) - raft.server.notification.no-leader.timeout = 300000ms (custom)
2023-12-28 09:10:39,662 [d986c04d-7a68-472d-88d2-fc056c6b4cf5-groupManagement] INFO  server.RaftServerConfigKeys (ConfUtils.java:logGet(46)) - raft.server.read.timeout = 10s (default)
2023-12-28 09:10:39,662 [d986c04d-7a68-472d-88d2-fc056c6b4cf5-groupManagement] INFO  server.RaftServerConfigKeys (ConfUtils.java:logGet(46)) - raft.server.retrycache.expirytime = 600000ms (custom)
2023-12-28 09:10:39,662 [d986c04d-7a68-472d-88d2-fc056c6b4cf5-groupManagement] INFO  server.RaftServerConfigKeys (ConfUtils.java:logGet(46)) - raft.server.retrycache.statistics.expirytime = 100ms (default)
2023-12-28 09:10:39,662 [d986c04d-7a68-472d-88d2-fc056c6b4cf5-groupManagement] INFO  server.RaftServerConfigKeys (ConfUtils.java:logGet(46)) - raft.server.read.option = DEFAULT (default)
2023-12-28 09:10:39,662 [d986c04d-7a68-472d-88d2-fc056c6b4cf5-groupManagement] INFO  server.RaftServerConfigKeys (ConfUtils.java:logGet(46)) - raft.server.read.read-after-write-consistent.write-index-cache.expiry-time = 60s (default)
2023-12-28 09:10:39,664 [d986c04d-7a68-472d-88d2-fc056c6b4cf5-groupManagement] INFO  server.RaftServerConfigKeys (ConfUtils.java:logGet(46)) - raft.server.rpc.request.timeout = 3000ms (default)
2023-12-28 09:10:39,664 [d986c04d-7a68-472d-88d2-fc056c6b4cf5-groupManagement] INFO  server.RaftServerConfigKeys (ConfUtils.java:logGet(46)) - raft.server.log.appender.install.snapshot.enabled = false (custom)
2023-12-28 09:10:39,664 [d986c04d-7a68-472d-88d2-fc056c6b4cf5-groupManagement] INFO  server.RaftServerConfigKeys (ConfUtils.java:logGet(46)) - raft.server.threadpool.server.cached = true (default)
2023-12-28 09:10:39,665 [d986c04d-7a68-472d-88d2-fc056c6b4cf5-groupManagement] INFO  server.RaftServerConfigKeys (ConfUtils.java:logGet(46)) - raft.server.threadpool.server.size = 0 (default)
2023-12-28 09:10:39,665 [d986c04d-7a68-472d-88d2-fc056c6b4cf5-groupManagement] INFO  server.RaftServerConfigKeys (ConfUtils.java:logGet(46)) - raft.server.threadpool.client.cached = true (default)
2023-12-28 09:10:39,665 [d986c04d-7a68-472d-88d2-fc056c6b4cf5-groupManagement] INFO  server.RaftServerConfigKeys (ConfUtils.java:logGet(46)) - raft.server.threadpool.client.size = 0 (default)
2023-12-28 09:10:39,665 [d986c04d-7a68-472d-88d2-fc056c6b4cf5-groupManagement] INFO  server.RaftServerConfigKeys (ConfUtils.java:logGet(46)) - raft.server.storage.free-space.min = 0MB (=0) (default)
2023-12-28 09:10:39,665 [d986c04d-7a68-472d-88d2-fc056c6b4cf5-groupManagement] INFO  server.RaftServerConfigKeys (ConfUtils.java:logGet(46)) - raft.server.log.corruption.policy = EXCEPTION (default)
2023-12-28 09:10:39,665 [d986c04d-7a68-472d-88d2-fc056c6b4cf5-groupManagement] INFO  server.RaftServerConfigKeys (ConfUtils.java:logGet(46)) - raft.server.storage.dir = [/home/runner/work/ozone/ozone/hadoop-ozone/integration-test/target/test-dir/MiniOzoneClusterImpl-11b76480-f5fe-46c6-962b-c791e86a534f/datanode-5/data/ratis] (custom)
2023-12-28 09:10:39,665 [d986c04d-7a68-472d-88d2-fc056c6b4cf5-groupManagement] INFO  storage.RaftStorageDirectory (RaftStorageDirectoryImpl.java:analyzeStorage(138)) - The storage directory /home/runner/work/ozone/ozone/hadoop-ozone/integration-test/target/test-dir/MiniOzoneClusterImpl-11b76480-f5fe-46c6-962b-c791e86a534f/datanode-5/data/ratis/22b9990f-01f3-4614-90dc-54deaa79e54e does not exist. Creating ...
2023-12-28 09:10:39,666 [d986c04d-7a68-472d-88d2-fc056c6b4cf5-groupManagement] INFO  storage.RaftStorageDirectory (RaftStorageDirectoryImpl.java:tryLock(232)) - Lock on /home/runner/work/ozone/ozone/hadoop-ozone/integration-test/target/test-dir/MiniOzoneClusterImpl-11b76480-f5fe-46c6-962b-c791e86a534f/datanode-5/data/ratis/22b9990f-01f3-4614-90dc-54deaa79e54e/in_use.lock acquired by nodename 85610@fv-az1384-14
2023-12-28 09:10:39,667 [d986c04d-7a68-472d-88d2-fc056c6b4cf5-groupManagement] INFO  storage.RaftStorage (RaftStorageImpl.java:format(97)) - Storage directory /home/runner/work/ozone/ozone/hadoop-ozone/integration-test/target/test-dir/MiniOzoneClusterImpl-11b76480-f5fe-46c6-962b-c791e86a534f/datanode-5/data/ratis/22b9990f-01f3-4614-90dc-54deaa79e54e has been successfully formatted.
2023-12-28 09:10:39,668 [d986c04d-7a68-472d-88d2-fc056c6b4cf5-groupManagement] INFO  ratis.ContainerStateMachine (ContainerStateMachine.java:loadSnapshot(287)) - group-54DEAA79E54E: The snapshot info is null. Setting the last applied indexto:(t:0, i:~)
2023-12-28 09:10:39,669 [d986c04d-7a68-472d-88d2-fc056c6b4cf5-groupManagement] INFO  server.RaftServerConfigKeys (ConfUtils.java:logGet(46)) - raft.server.log.use.memory = false (default)
2023-12-28 09:10:39,669 [d986c04d-7a68-472d-88d2-fc056c6b4cf5-groupManagement] INFO  server.RaftServerConfigKeys (ConfUtils.java:logGet(46)) - raft.server.log.purge.gap = 1000000 (custom)
2023-12-28 09:10:39,669 [d986c04d-7a68-472d-88d2-fc056c6b4cf5-groupManagement] INFO  server.RaftServerConfigKeys (ConfUtils.java:logGet(46)) - raft.server.log.appender.buffer.byte-limit = 8388608 (custom)
2023-12-28 09:10:39,669 [d986c04d-7a68-472d-88d2-fc056c6b4cf5-groupManagement] INFO  server.RaftServerConfigKeys (ConfUtils.java:logGet(46)) - raft.server.log.statemachine.data.read.timeout = 1000ms (default)
2023-12-28 09:10:39,669 [d986c04d-7a68-472d-88d2-fc056c6b4cf5-groupManagement] INFO  server.RaftServerConfigKeys (ConfUtils.java:logGet(46)) - raft.server.log.purge.preservation.log.num = 0 (default)
2023-12-28 09:10:39,670 [d986c04d-7a68-472d-88d2-fc056c6b4cf5-groupManagement] INFO  server.RaftServerConfigKeys (ConfUtils.java:logGet(46)) - raft.server.log.segment.size.max = 67108864 (custom)
2023-12-28 09:10:39,670 [d986c04d-7a68-472d-88d2-fc056c6b4cf5-groupManagement] INFO  server.RaftServerConfigKeys (ConfUtils.java:logGet(46)) - raft.server.log.segment.cache.num.max = 2 (custom)
2023-12-28 09:10:39,670 [d986c04d-7a68-472d-88d2-fc056c6b4cf5-groupManagement] INFO  server.RaftServerConfigKeys (ConfUtils.java:logGet(46)) - raft.server.log.segment.cache.size.max = 200MB (=209715200) (default)
2023-12-28 09:10:39,671 [d986c04d-7a68-472d-88d2-fc056c6b4cf5-groupManagement] INFO  server.RaftServerConfigKeys (ConfUtils.java:logGet(46)) - raft.server.log.appender.buffer.byte-limit = 8388608 (custom)
2023-12-28 09:10:39,671 [d986c04d-7a68-472d-88d2-fc056c6b4cf5-groupManagement] INFO  util.AwaitToRun (AwaitToRun.java:start(81)) - Thread[d986c04d-7a68-472d-88d2-fc056c6b4cf5@group-54DEAA79E54E-cacheEviction-AwaitToRun,5,main] started
2023-12-28 09:10:39,671 [d986c04d-7a68-472d-88d2-fc056c6b4cf5-groupManagement] INFO  segmented.SegmentedRaftLogWorker (SegmentedRaftLogWorker.java:<init>(184)) - new d986c04d-7a68-472d-88d2-fc056c6b4cf5@group-54DEAA79E54E-SegmentedRaftLogWorker for RaftStorageImpl:Storage Directory /home/runner/work/ozone/ozone/hadoop-ozone/integration-test/target/test-dir/MiniOzoneClusterImpl-11b76480-f5fe-46c6-962b-c791e86a534f/datanode-5/data/ratis/22b9990f-01f3-4614-90dc-54deaa79e54e
2023-12-28 09:10:39,671 [d986c04d-7a68-472d-88d2-fc056c6b4cf5-groupManagement] INFO  server.RaftServerConfigKeys (ConfUtils.java:logGet(46)) - raft.server.log.queue.byte-limit = 4294967296 (custom)
2023-12-28 09:10:39,671 [d986c04d-7a68-472d-88d2-fc056c6b4cf5-groupManagement] INFO  server.RaftServerConfigKeys (ConfUtils.java:logGet(46)) - raft.server.log.queue.element-limit = 1024 (custom)
2023-12-28 09:10:39,671 [d986c04d-7a68-472d-88d2-fc056c6b4cf5-groupManagement] INFO  server.RaftServerConfigKeys (ConfUtils.java:logGet(46)) - raft.server.log.segment.size.max = 67108864 (custom)
2023-12-28 09:10:39,671 [d986c04d-7a68-472d-88d2-fc056c6b4cf5-groupManagement] INFO  server.RaftServerConfigKeys (ConfUtils.java:logGet(46)) - raft.server.log.preallocated.size = 4194304 (custom)
2023-12-28 09:10:39,671 [d986c04d-7a68-472d-88d2-fc056c6b4cf5-groupManagement] INFO  server.RaftServerConfigKeys (ConfUtils.java:logGet(46)) - raft.server.log.force.sync.num = 128 (default)
2023-12-28 09:10:39,671 [d986c04d-7a68-472d-88d2-fc056c6b4cf5-groupManagement] INFO  server.RaftServerConfigKeys (ConfUtils.java:logGet(46)) - raft.server.log.statemachine.data.sync = true (default)
2023-12-28 09:10:39,671 [d986c04d-7a68-472d-88d2-fc056c6b4cf5-groupManagement] INFO  server.RaftServerConfigKeys (ConfUtils.java:logGet(46)) - raft.server.log.statemachine.data.sync.timeout = 10s (default)
2023-12-28 09:10:39,671 [d986c04d-7a68-472d-88d2-fc056c6b4cf5-groupManagement] INFO  server.RaftServerConfigKeys (ConfUtils.java:logGet(46)) - raft.server.log.statemachine.data.sync.timeout.retry = 0 (custom)
2023-12-28 09:10:39,671 [d986c04d-7a68-472d-88d2-fc056c6b4cf5-groupManagement] INFO  server.RaftServerConfigKeys (ConfUtils.java:logGet(46)) - raft.server.log.write.buffer.size = 8388616 (custom)
2023-12-28 09:10:39,672 [d986c04d-7a68-472d-88d2-fc056c6b4cf5-groupManagement] INFO  server.RaftServerConfigKeys (ConfUtils.java:logGet(46)) - raft.server.log.appender.buffer.byte-limit = 8388608 (custom)
2023-12-28 09:10:39,673 [d986c04d-7a68-472d-88d2-fc056c6b4cf5-groupManagement] INFO  server.RaftServerConfigKeys (ConfUtils.java:logGet(46)) - raft.server.log.unsafe-flush.enabled = false (default)
2023-12-28 09:10:39,673 [d986c04d-7a68-472d-88d2-fc056c6b4cf5-groupManagement] INFO  server.RaftServerConfigKeys (ConfUtils.java:logGet(46)) - raft.server.log.async-flush.enabled = false (default)
2023-12-28 09:10:39,673 [d986c04d-7a68-472d-88d2-fc056c6b4cf5-groupManagement] INFO  server.RaftServerConfigKeys (ConfUtils.java:logGet(46)) - raft.server.log.statemachine.data.caching.enabled = true (custom)
2023-12-28 09:10:39,673 [d986c04d-7a68-472d-88d2-fc056c6b4cf5-groupManagement] INFO  segmented.SegmentedRaftLogWorker (SegmentedRaftLogWorker.java:lambda$new$0(135)) - d986c04d-7a68-472d-88d2-fc056c6b4cf5@group-54DEAA79E54E-SegmentedRaftLogWorker: flushIndex: setUnconditionally 0 -> -1
2023-12-28 09:10:39,673 [d986c04d-7a68-472d-88d2-fc056c6b4cf5-groupManagement] INFO  segmented.SegmentedRaftLogWorker (SegmentedRaftLogWorker.java:lambda$new$0(135)) - d986c04d-7a68-472d-88d2-fc056c6b4cf5@group-54DEAA79E54E-SegmentedRaftLogWorker: safeCacheEvictIndex: setUnconditionally 0 -> -1
2023-12-28 09:10:39,673 [d986c04d-7a68-472d-88d2-fc056c6b4cf5-groupManagement] INFO  server.RaftServer$Division (RaftServerImpl.java:start(392)) - d986c04d-7a68-472d-88d2-fc056c6b4cf5@group-54DEAA79E54E: start as a follower, conf=-1: peers:[7bf28275-35a3-4339-bf85-2ac062f1a076|10.1.0.14:15486, 1f676f73-0748-4b3a-9af1-03dc59351857|10.1.0.14:15495, d986c04d-7a68-472d-88d2-fc056c6b4cf5|10.1.0.14:15504]|listeners:[], old=null
2023-12-28 09:10:39,673 [d986c04d-7a68-472d-88d2-fc056c6b4cf5-groupManagement] INFO  server.RaftServer$Division (RaftServerImpl.java:setRole(379)) - d986c04d-7a68-472d-88d2-fc056c6b4cf5@group-54DEAA79E54E: changes role from      null to FOLLOWER at term 0 for startAsFollower
2023-12-28 09:10:39,673 [d986c04d-7a68-472d-88d2-fc056c6b4cf5-groupManagement] INFO  impl.RoleInfo (RoleInfo.java:updateAndGet(139)) - d986c04d-7a68-472d-88d2-fc056c6b4cf5: start d986c04d-7a68-472d-88d2-fc056c6b4cf5@group-54DEAA79E54E-FollowerState
2023-12-28 09:10:39,673 [d986c04d-7a68-472d-88d2-fc056c6b4cf5-groupManagement] INFO  util.JmxRegister (JmxRegister.java:tryRegister(44)) - Successfully registered JMX Bean with object name Ratis:service=RaftServer,group=group-54DEAA79E54E,id=d986c04d-7a68-472d-88d2-fc056c6b4cf5
2023-12-28 09:10:39,674 [d986c04d-7a68-472d-88d2-fc056c6b4cf5@group-54DEAA79E54E-FollowerState] INFO  server.RaftServerConfigKeys (ConfUtils.java:logFallback(53)) - raft.server.rpc.first-election.timeout.min = 5s (fallback to raft.server.rpc.timeout.min)
2023-12-28 09:10:39,674 [d986c04d-7a68-472d-88d2-fc056c6b4cf5-groupManagement] INFO  server.RaftServerConfigKeys (ConfUtils.java:logGet(46)) - raft.server.snapshot.trigger-when-stop.enabled = true (default)
2023-12-28 09:10:39,674 [d986c04d-7a68-472d-88d2-fc056c6b4cf5@group-54DEAA79E54E-FollowerState] INFO  server.RaftServerConfigKeys (ConfUtils.java:logFallback(53)) - raft.server.rpc.first-election.timeout.max = 5200ms (fallback to raft.server.rpc.timeout.max)
2023-12-28 09:10:39,674 [d986c04d-7a68-472d-88d2-fc056c6b4cf5-groupManagement] INFO  server.RaftServerConfigKeys (ConfUtils.java:logGet(46)) - raft.server.snapshot.auto.trigger.enabled = true (custom)
2023-12-28 09:10:39,674 [d986c04d-7a68-472d-88d2-fc056c6b4cf5-groupManagement] INFO  server.RaftServerConfigKeys (ConfUtils.java:logGet(46)) - raft.server.snapshot.auto.trigger.threshold = 10000 (custom)
2023-12-28 09:10:39,674 [d986c04d-7a68-472d-88d2-fc056c6b4cf5-groupManagement] INFO  server.RaftServerConfigKeys (ConfUtils.java:logGet(46)) - raft.server.snapshot.retention.file.num = 5 (custom)
2023-12-28 09:10:39,674 [d986c04d-7a68-472d-88d2-fc056c6b4cf5-groupManagement] INFO  server.RaftServerConfigKeys (ConfUtils.java:logGet(46)) - raft.server.log.purge.upto.snapshot.index = false (default)
2023-12-28 09:10:39,679 [7bf28275-35a3-4339-bf85-2ac062f1a076-PipelineCommandHandlerThread-0] INFO  commandhandler.CreatePipelineCommandHandler (CreatePipelineCommandHandler.java:lambda$handle$2(124)) - Created Pipeline RATIS THREE PipelineID=22b9990f-01f3-4614-90dc-54deaa79e54e.
2023-12-28 09:10:39,695 [1f676f73-0748-4b3a-9af1-03dc59351857-PipelineCommandHandlerThread-0] INFO  server.RaftServer (RaftServerProxy.java:addNew(100)) - 1f676f73-0748-4b3a-9af1-03dc59351857: addNew group-99317E31733A:[1f676f73-0748-4b3a-9af1-03dc59351857|10.1.0.14:15495] returns group-99317E31733A:java.util.concurrent.CompletableFuture@f9c50ac[Not completed]
2023-12-28 09:10:39,695 [1f676f73-0748-4b3a-9af1-03dc59351857-groupManagement] INFO  server.RaftServer$Division (RaftServerImpl.java:<init>(256)) - 1f676f73-0748-4b3a-9af1-03dc59351857: new RaftServerImpl for group-99317E31733A:[1f676f73-0748-4b3a-9af1-03dc59351857|10.1.0.14:15495] with ContainerStateMachine:uninitialized
2023-12-28 09:10:39,696 [1f676f73-0748-4b3a-9af1-03dc59351857-groupManagement] INFO  server.RaftServerConfigKeys (ConfUtils.java:logGet(46)) - raft.server.rpc.timeout.min = 5s (custom)
2023-12-28 09:10:39,696 [1f676f73-0748-4b3a-9af1-03dc59351857-groupManagement] INFO  server.RaftServerConfigKeys (ConfUtils.java:logGet(46)) - raft.server.rpc.timeout.max = 5200ms (custom)
2023-12-28 09:10:39,696 [1f676f73-0748-4b3a-9af1-03dc59351857-groupManagement] INFO  server.RaftServerConfigKeys (ConfUtils.java:logGet(46)) - raft.server.rpc.sleep.time = 25ms (default)
2023-12-28 09:10:39,696 [1f676f73-0748-4b3a-9af1-03dc59351857-groupManagement] INFO  server.RaftServerConfigKeys (ConfUtils.java:logGet(46)) - raft.server.rpc.slowness.timeout = 300000ms (custom)
2023-12-28 09:10:39,696 [1f676f73-0748-4b3a-9af1-03dc59351857-groupManagement] INFO  server.RaftServerConfigKeys (ConfUtils.java:logGet(46)) - raft.server.leaderelection.leader.step-down.wait-time = 10s (default)
2023-12-28 09:10:39,696 [1f676f73-0748-4b3a-9af1-03dc59351857-groupManagement] INFO  server.RaftServerConfigKeys (ConfUtils.java:logGet(46)) - raft.server.leaderelection.member.majority-add = false (default)
2023-12-28 09:10:39,696 [1f676f73-0748-4b3a-9af1-03dc59351857-groupManagement] INFO  server.RaftServerConfigKeys (ConfUtils.java:logGet(46)) - raft.server.sleep.deviation.threshold = 300ms (default)
2023-12-28 09:10:39,696 [1f676f73-0748-4b3a-9af1-03dc59351857-groupManagement] INFO  server.RaftServer$Division (ServerState.java:<init>(113)) - 1f676f73-0748-4b3a-9af1-03dc59351857@group-99317E31733A: ConfigurationManager, init=-1: peers:[1f676f73-0748-4b3a-9af1-03dc59351857|10.1.0.14:15495]|listeners:[], old=null, confs=<EMPTY_MAP>
2023-12-28 09:10:39,696 [1f676f73-0748-4b3a-9af1-03dc59351857-groupManagement] INFO  server.RaftServerConfigKeys (ConfUtils.java:logGet(46)) - raft.server.notification.no-leader.timeout = 300000ms (custom)
2023-12-28 09:10:39,696 [1f676f73-0748-4b3a-9af1-03dc59351857-groupManagement] INFO  server.RaftServerConfigKeys (ConfUtils.java:logGet(46)) - raft.server.read.timeout = 10s (default)
2023-12-28 09:10:39,696 [1f676f73-0748-4b3a-9af1-03dc59351857-groupManagement] INFO  server.RaftServerConfigKeys (ConfUtils.java:logGet(46)) - raft.server.retrycache.expirytime = 600000ms (custom)
2023-12-28 09:10:39,696 [1f676f73-0748-4b3a-9af1-03dc59351857-groupManagement] INFO  server.RaftServerConfigKeys (ConfUtils.java:logGet(46)) - raft.server.retrycache.statistics.expirytime = 100ms (default)
2023-12-28 09:10:39,696 [1f676f73-0748-4b3a-9af1-03dc59351857-groupManagement] INFO  server.RaftServerConfigKeys (ConfUtils.java:logGet(46)) - raft.server.read.option = DEFAULT (default)
2023-12-28 09:10:39,696 [1f676f73-0748-4b3a-9af1-03dc59351857-groupManagement] INFO  server.RaftServerConfigKeys (ConfUtils.java:logGet(46)) - raft.server.read.read-after-write-consistent.write-index-cache.expiry-time = 60s (default)
2023-12-28 09:10:39,697 [1f676f73-0748-4b3a-9af1-03dc59351857-groupManagement] INFO  server.RaftServerConfigKeys (ConfUtils.java:logGet(46)) - raft.server.rpc.request.timeout = 3000ms (default)
2023-12-28 09:10:39,697 [1f676f73-0748-4b3a-9af1-03dc59351857-groupManagement] INFO  server.RaftServerConfigKeys (ConfUtils.java:logGet(46)) - raft.server.log.appender.install.snapshot.enabled = false (custom)
2023-12-28 09:10:39,697 [1f676f73-0748-4b3a-9af1-03dc59351857-groupManagement] INFO  server.RaftServerConfigKeys (ConfUtils.java:logGet(46)) - raft.server.threadpool.server.cached = true (default)
2023-12-28 09:10:39,697 [1f676f73-0748-4b3a-9af1-03dc59351857-groupManagement] INFO  server.RaftServerConfigKeys (ConfUtils.java:logGet(46)) - raft.server.threadpool.server.size = 0 (default)
2023-12-28 09:10:39,697 [1f676f73-0748-4b3a-9af1-03dc59351857-groupManagement] INFO  server.RaftServerConfigKeys (ConfUtils.java:logGet(46)) - raft.server.threadpool.client.cached = true (default)
2023-12-28 09:10:39,698 [1f676f73-0748-4b3a-9af1-03dc59351857-groupManagement] INFO  server.RaftServerConfigKeys (ConfUtils.java:logGet(46)) - raft.server.threadpool.client.size = 0 (default)
2023-12-28 09:10:39,698 [1f676f73-0748-4b3a-9af1-03dc59351857-groupManagement] INFO  server.RaftServerConfigKeys (ConfUtils.java:logGet(46)) - raft.server.storage.free-space.min = 0MB (=0) (default)
2023-12-28 09:10:39,698 [1f676f73-0748-4b3a-9af1-03dc59351857-groupManagement] INFO  server.RaftServerConfigKeys (ConfUtils.java:logGet(46)) - raft.server.log.corruption.policy = EXCEPTION (default)
2023-12-28 09:10:39,698 [1f676f73-0748-4b3a-9af1-03dc59351857-groupManagement] INFO  server.RaftServerConfigKeys (ConfUtils.java:logGet(46)) - raft.server.storage.dir = [/home/runner/work/ozone/ozone/hadoop-ozone/integration-test/target/test-dir/MiniOzoneClusterImpl-11b76480-f5fe-46c6-962b-c791e86a534f/datanode-4/data/ratis] (custom)
2023-12-28 09:10:39,698 [1f676f73-0748-4b3a-9af1-03dc59351857-groupManagement] INFO  storage.RaftStorageDirectory (RaftStorageDirectoryImpl.java:analyzeStorage(138)) - The storage directory /home/runner/work/ozone/ozone/hadoop-ozone/integration-test/target/test-dir/MiniOzoneClusterImpl-11b76480-f5fe-46c6-962b-c791e86a534f/datanode-4/data/ratis/dd232190-eda2-4549-b9cf-99317e31733a does not exist. Creating ...
2023-12-28 09:10:39,699 [1f676f73-0748-4b3a-9af1-03dc59351857-groupManagement] INFO  storage.RaftStorageDirectory (RaftStorageDirectoryImpl.java:tryLock(232)) - Lock on /home/runner/work/ozone/ozone/hadoop-ozone/integration-test/target/test-dir/MiniOzoneClusterImpl-11b76480-f5fe-46c6-962b-c791e86a534f/datanode-4/data/ratis/dd232190-eda2-4549-b9cf-99317e31733a/in_use.lock acquired by nodename 85610@fv-az1384-14
2023-12-28 09:10:39,700 [1f676f73-0748-4b3a-9af1-03dc59351857-groupManagement] INFO  storage.RaftStorage (RaftStorageImpl.java:format(97)) - Storage directory /home/runner/work/ozone/ozone/hadoop-ozone/integration-test/target/test-dir/MiniOzoneClusterImpl-11b76480-f5fe-46c6-962b-c791e86a534f/datanode-4/data/ratis/dd232190-eda2-4549-b9cf-99317e31733a has been successfully formatted.
2023-12-28 09:10:39,701 [1f676f73-0748-4b3a-9af1-03dc59351857-groupManagement] INFO  ratis.ContainerStateMachine (ContainerStateMachine.java:loadSnapshot(287)) - group-99317E31733A: The snapshot info is null. Setting the last applied indexto:(t:0, i:~)
2023-12-28 09:10:39,701 [1f676f73-0748-4b3a-9af1-03dc59351857-groupManagement] INFO  server.RaftServerConfigKeys (ConfUtils.java:logGet(46)) - raft.server.log.use.memory = false (default)
2023-12-28 09:10:39,701 [1f676f73-0748-4b3a-9af1-03dc59351857-groupManagement] INFO  server.RaftServerConfigKeys (ConfUtils.java:logGet(46)) - raft.server.log.purge.gap = 1000000 (custom)
2023-12-28 09:10:39,701 [1f676f73-0748-4b3a-9af1-03dc59351857-groupManagement] INFO  server.RaftServerConfigKeys (ConfUtils.java:logGet(46)) - raft.server.log.appender.buffer.byte-limit = 8388608 (custom)
2023-12-28 09:10:39,701 [1f676f73-0748-4b3a-9af1-03dc59351857-groupManagement] INFO  server.RaftServerConfigKeys (ConfUtils.java:logGet(46)) - raft.server.log.statemachine.data.read.timeout = 1000ms (default)
2023-12-28 09:10:39,701 [1f676f73-0748-4b3a-9af1-03dc59351857-groupManagement] INFO  server.RaftServerConfigKeys (ConfUtils.java:logGet(46)) - raft.server.log.purge.preservation.log.num = 0 (default)
2023-12-28 09:10:39,702 [EventQueue-PipelineReportForPipelineReportHandler] INFO  pipeline.PipelineReportHandler (PipelineReportHandler.java:processPipelineReport(136)) - Opened pipeline PipelineID=dd232190-eda2-4549-b9cf-99317e31733a
2023-12-28 09:10:39,702 [EventQueue-OpenPipelineForHealthyPipelineSafeModeRule] INFO  safemode.SCMSafeModeManager (HealthyPipelineSafeModeRule.java:process(140)) - SCM in safe mode. Healthy pipelines reported count is 0, required healthy pipeline reported count is 1
2023-12-28 09:10:39,702 [1f676f73-0748-4b3a-9af1-03dc59351857-groupManagement] INFO  server.RaftServerConfigKeys (ConfUtils.java:logGet(46)) - raft.server.log.segment.size.max = 67108864 (custom)
2023-12-28 09:10:39,702 [1f676f73-0748-4b3a-9af1-03dc59351857-groupManagement] INFO  server.RaftServerConfigKeys (ConfUtils.java:logGet(46)) - raft.server.log.segment.cache.num.max = 2 (custom)
2023-12-28 09:10:39,702 [1f676f73-0748-4b3a-9af1-03dc59351857-groupManagement] INFO  server.RaftServerConfigKeys (ConfUtils.java:logGet(46)) - raft.server.log.segment.cache.size.max = 200MB (=209715200) (default)
2023-12-28 09:10:39,702 [1f676f73-0748-4b3a-9af1-03dc59351857-groupManagement] INFO  server.RaftServerConfigKeys (ConfUtils.java:logGet(46)) - raft.server.log.appender.buffer.byte-limit = 8388608 (custom)
2023-12-28 09:10:39,702 [1f676f73-0748-4b3a-9af1-03dc59351857-groupManagement] INFO  util.AwaitToRun (AwaitToRun.java:start(81)) - Thread[1f676f73-0748-4b3a-9af1-03dc59351857@group-99317E31733A-cacheEviction-AwaitToRun,5,main] started
2023-12-28 09:10:39,702 [1f676f73-0748-4b3a-9af1-03dc59351857-groupManagement] INFO  segmented.SegmentedRaftLogWorker (SegmentedRaftLogWorker.java:<init>(184)) - new 1f676f73-0748-4b3a-9af1-03dc59351857@group-99317E31733A-SegmentedRaftLogWorker for RaftStorageImpl:Storage Directory /home/runner/work/ozone/ozone/hadoop-ozone/integration-test/target/test-dir/MiniOzoneClusterImpl-11b76480-f5fe-46c6-962b-c791e86a534f/datanode-4/data/ratis/dd232190-eda2-4549-b9cf-99317e31733a
2023-12-28 09:10:39,702 [1f676f73-0748-4b3a-9af1-03dc59351857-groupManagement] INFO  server.RaftServerConfigKeys (ConfUtils.java:logGet(46)) - raft.server.log.queue.byte-limit = 4294967296 (custom)
2023-12-28 09:10:39,702 [1f676f73-0748-4b3a-9af1-03dc59351857-groupManagement] INFO  server.RaftServerConfigKeys (ConfUtils.java:logGet(46)) - raft.server.log.queue.element-limit = 1024 (custom)
2023-12-28 09:10:39,702 [1f676f73-0748-4b3a-9af1-03dc59351857-groupManagement] INFO  server.RaftServerConfigKeys (ConfUtils.java:logGet(46)) - raft.server.log.segment.size.max = 67108864 (custom)
2023-12-28 09:10:39,703 [1f676f73-0748-4b3a-9af1-03dc59351857-groupManagement] INFO  server.RaftServerConfigKeys (ConfUtils.java:logGet(46)) - raft.server.log.preallocated.size = 4194304 (custom)
2023-12-28 09:10:39,703 [1f676f73-0748-4b3a-9af1-03dc59351857-groupManagement] INFO  server.RaftServerConfigKeys (ConfUtils.java:logGet(46)) - raft.server.log.force.sync.num = 128 (default)
2023-12-28 09:10:39,703 [1f676f73-0748-4b3a-9af1-03dc59351857-groupManagement] INFO  server.RaftServerConfigKeys (ConfUtils.java:logGet(46)) - raft.server.log.statemachine.data.sync = true (default)
2023-12-28 09:10:39,703 [1f676f73-0748-4b3a-9af1-03dc59351857-groupManagement] INFO  server.RaftServerConfigKeys (ConfUtils.java:logGet(46)) - raft.server.log.statemachine.data.sync.timeout = 10s (default)
2023-12-28 09:10:39,703 [1f676f73-0748-4b3a-9af1-03dc59351857-groupManagement] INFO  server.RaftServerConfigKeys (ConfUtils.java:logGet(46)) - raft.server.log.statemachine.data.sync.timeout.retry = 0 (custom)
2023-12-28 09:10:39,703 [1f676f73-0748-4b3a-9af1-03dc59351857-groupManagement] INFO  server.RaftServerConfigKeys (ConfUtils.java:logGet(46)) - raft.server.log.write.buffer.size = 8388616 (custom)
2023-12-28 09:10:39,704 [1f676f73-0748-4b3a-9af1-03dc59351857-groupManagement] INFO  server.RaftServerConfigKeys (ConfUtils.java:logGet(46)) - raft.server.log.appender.buffer.byte-limit = 8388608 (custom)
2023-12-28 09:10:39,705 [1f676f73-0748-4b3a-9af1-03dc59351857-groupManagement] INFO  server.RaftServerConfigKeys (ConfUtils.java:logGet(46)) - raft.server.log.unsafe-flush.enabled = false (default)
2023-12-28 09:10:39,705 [1f676f73-0748-4b3a-9af1-03dc59351857-groupManagement] INFO  server.RaftServerConfigKeys (ConfUtils.java:logGet(46)) - raft.server.log.async-flush.enabled = false (default)
2023-12-28 09:10:39,705 [1f676f73-0748-4b3a-9af1-03dc59351857-groupManagement] INFO  server.RaftServerConfigKeys (ConfUtils.java:logGet(46)) - raft.server.log.statemachine.data.caching.enabled = true (custom)
2023-12-28 09:10:39,705 [1f676f73-0748-4b3a-9af1-03dc59351857-groupManagement] INFO  segmented.SegmentedRaftLogWorker (SegmentedRaftLogWorker.java:lambda$new$0(135)) - 1f676f73-0748-4b3a-9af1-03dc59351857@group-99317E31733A-SegmentedRaftLogWorker: flushIndex: setUnconditionally 0 -> -1
2023-12-28 09:10:39,705 [1f676f73-0748-4b3a-9af1-03dc59351857-groupManagement] INFO  segmented.SegmentedRaftLogWorker (SegmentedRaftLogWorker.java:lambda$new$0(135)) - 1f676f73-0748-4b3a-9af1-03dc59351857@group-99317E31733A-SegmentedRaftLogWorker: safeCacheEvictIndex: setUnconditionally 0 -> -1
2023-12-28 09:10:39,705 [1f676f73-0748-4b3a-9af1-03dc59351857-groupManagement] INFO  server.RaftServer$Division (RaftServerImpl.java:start(392)) - 1f676f73-0748-4b3a-9af1-03dc59351857@group-99317E31733A: start as a follower, conf=-1: peers:[1f676f73-0748-4b3a-9af1-03dc59351857|10.1.0.14:15495]|listeners:[], old=null
2023-12-28 09:10:39,705 [1f676f73-0748-4b3a-9af1-03dc59351857-groupManagement] INFO  server.RaftServer$Division (RaftServerImpl.java:setRole(379)) - 1f676f73-0748-4b3a-9af1-03dc59351857@group-99317E31733A: changes role from      null to FOLLOWER at term 0 for startAsFollower
2023-12-28 09:10:39,705 [1f676f73-0748-4b3a-9af1-03dc59351857-groupManagement] INFO  impl.RoleInfo (RoleInfo.java:updateAndGet(139)) - 1f676f73-0748-4b3a-9af1-03dc59351857: start 1f676f73-0748-4b3a-9af1-03dc59351857@group-99317E31733A-FollowerState
2023-12-28 09:10:39,705 [1f676f73-0748-4b3a-9af1-03dc59351857@group-99317E31733A-FollowerState] INFO  server.RaftServerConfigKeys (ConfUtils.java:logFallback(53)) - raft.server.rpc.first-election.timeout.min = 5s (fallback to raft.server.rpc.timeout.min)
2023-12-28 09:10:39,705 [1f676f73-0748-4b3a-9af1-03dc59351857@group-99317E31733A-FollowerState] INFO  server.RaftServerConfigKeys (ConfUtils.java:logFallback(53)) - raft.server.rpc.first-election.timeout.max = 5200ms (fallback to raft.server.rpc.timeout.max)
2023-12-28 09:10:39,705 [1f676f73-0748-4b3a-9af1-03dc59351857-groupManagement] INFO  util.JmxRegister (JmxRegister.java:tryRegister(44)) - Successfully registered JMX Bean with object name Ratis:service=RaftServer,group=group-99317E31733A,id=1f676f73-0748-4b3a-9af1-03dc59351857
2023-12-28 09:10:39,705 [1f676f73-0748-4b3a-9af1-03dc59351857-groupManagement] INFO  server.RaftServerConfigKeys (ConfUtils.java:logGet(46)) - raft.server.snapshot.trigger-when-stop.enabled = true (default)
2023-12-28 09:10:39,705 [1f676f73-0748-4b3a-9af1-03dc59351857-groupManagement] INFO  server.RaftServerConfigKeys (ConfUtils.java:logGet(46)) - raft.server.snapshot.auto.trigger.enabled = true (custom)
2023-12-28 09:10:39,706 [1f676f73-0748-4b3a-9af1-03dc59351857-groupManagement] INFO  server.RaftServerConfigKeys (ConfUtils.java:logGet(46)) - raft.server.snapshot.auto.trigger.threshold = 10000 (custom)
2023-12-28 09:10:39,706 [1f676f73-0748-4b3a-9af1-03dc59351857-groupManagement] INFO  server.RaftServerConfigKeys (ConfUtils.java:logGet(46)) - raft.server.snapshot.retention.file.num = 5 (custom)
2023-12-28 09:10:39,706 [1f676f73-0748-4b3a-9af1-03dc59351857-groupManagement] INFO  server.RaftServerConfigKeys (ConfUtils.java:logGet(46)) - raft.server.log.purge.upto.snapshot.index = false (default)
2023-12-28 09:10:39,706 [1f676f73-0748-4b3a-9af1-03dc59351857-PipelineCommandHandlerThread-0] INFO  ratis.XceiverServerRatis (XceiverServerRatis.java:addGroup(837)) - Created group PipelineID=dd232190-eda2-4549-b9cf-99317e31733a
2023-12-28 09:10:39,706 [1f676f73-0748-4b3a-9af1-03dc59351857-PipelineCommandHandlerThread-0] INFO  commandhandler.CreatePipelineCommandHandler (CreatePipelineCommandHandler.java:lambda$handle$2(124)) - Created Pipeline RATIS ONE PipelineID=dd232190-eda2-4549-b9cf-99317e31733a.
2023-12-28 09:10:39,786 [d986c04d-7a68-472d-88d2-fc056c6b4cf5-PipelineCommandHandlerThread-0] INFO  server.RaftServer (RaftServerProxy.java:addNew(100)) - d986c04d-7a68-472d-88d2-fc056c6b4cf5: addNew group-D123B97DF6E8:[d986c04d-7a68-472d-88d2-fc056c6b4cf5|10.1.0.14:15504] returns group-D123B97DF6E8:java.util.concurrent.CompletableFuture@5269a4e5[Not completed]
2023-12-28 09:10:39,786 [d986c04d-7a68-472d-88d2-fc056c6b4cf5-groupManagement] INFO  server.RaftServer$Division (RaftServerImpl.java:<init>(256)) - d986c04d-7a68-472d-88d2-fc056c6b4cf5: new RaftServerImpl for group-D123B97DF6E8:[d986c04d-7a68-472d-88d2-fc056c6b4cf5|10.1.0.14:15504] with ContainerStateMachine:uninitialized
2023-12-28 09:10:39,787 [d986c04d-7a68-472d-88d2-fc056c6b4cf5-groupManagement] INFO  server.RaftServerConfigKeys (ConfUtils.java:logGet(46)) - raft.server.rpc.timeout.min = 5s (custom)
2023-12-28 09:10:39,787 [d986c04d-7a68-472d-88d2-fc056c6b4cf5-groupManagement] INFO  server.RaftServerConfigKeys (ConfUtils.java:logGet(46)) - raft.server.rpc.timeout.max = 5200ms (custom)
2023-12-28 09:10:39,787 [d986c04d-7a68-472d-88d2-fc056c6b4cf5-groupManagement] INFO  server.RaftServerConfigKeys (ConfUtils.java:logGet(46)) - raft.server.rpc.sleep.time = 25ms (default)
2023-12-28 09:10:39,787 [d986c04d-7a68-472d-88d2-fc056c6b4cf5-groupManagement] INFO  server.RaftServerConfigKeys (ConfUtils.java:logGet(46)) - raft.server.rpc.slowness.timeout = 300000ms (custom)
2023-12-28 09:10:39,787 [d986c04d-7a68-472d-88d2-fc056c6b4cf5-groupManagement] INFO  server.RaftServerConfigKeys (ConfUtils.java:logGet(46)) - raft.server.leaderelection.leader.step-down.wait-time = 10s (default)
2023-12-28 09:10:39,787 [d986c04d-7a68-472d-88d2-fc056c6b4cf5-groupManagement] INFO  server.RaftServerConfigKeys (ConfUtils.java:logGet(46)) - raft.server.leaderelection.member.majority-add = false (default)
2023-12-28 09:10:39,787 [d986c04d-7a68-472d-88d2-fc056c6b4cf5-groupManagement] INFO  server.RaftServerConfigKeys (ConfUtils.java:logGet(46)) - raft.server.sleep.deviation.threshold = 300ms (default)
2023-12-28 09:10:39,787 [d986c04d-7a68-472d-88d2-fc056c6b4cf5-groupManagement] INFO  server.RaftServer$Division (ServerState.java:<init>(113)) - d986c04d-7a68-472d-88d2-fc056c6b4cf5@group-D123B97DF6E8: ConfigurationManager, init=-1: peers:[d986c04d-7a68-472d-88d2-fc056c6b4cf5|10.1.0.14:15504]|listeners:[], old=null, confs=<EMPTY_MAP>
2023-12-28 09:10:39,787 [d986c04d-7a68-472d-88d2-fc056c6b4cf5-groupManagement] INFO  server.RaftServerConfigKeys (ConfUtils.java:logGet(46)) - raft.server.notification.no-leader.timeout = 300000ms (custom)
2023-12-28 09:10:39,787 [d986c04d-7a68-472d-88d2-fc056c6b4cf5-groupManagement] INFO  server.RaftServerConfigKeys (ConfUtils.java:logGet(46)) - raft.server.read.timeout = 10s (default)
2023-12-28 09:10:39,787 [d986c04d-7a68-472d-88d2-fc056c6b4cf5-groupManagement] INFO  server.RaftServerConfigKeys (ConfUtils.java:logGet(46)) - raft.server.retrycache.expirytime = 600000ms (custom)
2023-12-28 09:10:39,787 [d986c04d-7a68-472d-88d2-fc056c6b4cf5-groupManagement] INFO  server.RaftServerConfigKeys (ConfUtils.java:logGet(46)) - raft.server.retrycache.statistics.expirytime = 100ms (default)
2023-12-28 09:10:39,787 [d986c04d-7a68-472d-88d2-fc056c6b4cf5-groupManagement] INFO  server.RaftServerConfigKeys (ConfUtils.java:logGet(46)) - raft.server.read.option = DEFAULT (default)
2023-12-28 09:10:39,787 [d986c04d-7a68-472d-88d2-fc056c6b4cf5-groupManagement] INFO  server.RaftServerConfigKeys (ConfUtils.java:logGet(46)) - raft.server.read.read-after-write-consistent.write-index-cache.expiry-time = 60s (default)
2023-12-28 09:10:39,788 [d986c04d-7a68-472d-88d2-fc056c6b4cf5-groupManagement] INFO  server.RaftServerConfigKeys (ConfUtils.java:logGet(46)) - raft.server.rpc.request.timeout = 3000ms (default)
2023-12-28 09:10:39,788 [d986c04d-7a68-472d-88d2-fc056c6b4cf5-groupManagement] INFO  server.RaftServerConfigKeys (ConfUtils.java:logGet(46)) - raft.server.log.appender.install.snapshot.enabled = false (custom)
2023-12-28 09:10:39,788 [d986c04d-7a68-472d-88d2-fc056c6b4cf5-groupManagement] INFO  server.RaftServerConfigKeys (ConfUtils.java:logGet(46)) - raft.server.threadpool.server.cached = true (default)
2023-12-28 09:10:39,788 [d986c04d-7a68-472d-88d2-fc056c6b4cf5-groupManagement] INFO  server.RaftServerConfigKeys (ConfUtils.java:logGet(46)) - raft.server.threadpool.server.size = 0 (default)
2023-12-28 09:10:39,789 [d986c04d-7a68-472d-88d2-fc056c6b4cf5-groupManagement] INFO  server.RaftServerConfigKeys (ConfUtils.java:logGet(46)) - raft.server.threadpool.client.cached = true (default)
2023-12-28 09:10:39,789 [d986c04d-7a68-472d-88d2-fc056c6b4cf5-groupManagement] INFO  server.RaftServerConfigKeys (ConfUtils.java:logGet(46)) - raft.server.threadpool.client.size = 0 (default)
2023-12-28 09:10:39,789 [d986c04d-7a68-472d-88d2-fc056c6b4cf5-groupManagement] INFO  server.RaftServerConfigKeys (ConfUtils.java:logGet(46)) - raft.server.storage.free-space.min = 0MB (=0) (default)
2023-12-28 09:10:39,789 [d986c04d-7a68-472d-88d2-fc056c6b4cf5-groupManagement] INFO  server.RaftServerConfigKeys (ConfUtils.java:logGet(46)) - raft.server.log.corruption.policy = EXCEPTION (default)
2023-12-28 09:10:39,789 [d986c04d-7a68-472d-88d2-fc056c6b4cf5-groupManagement] INFO  server.RaftServerConfigKeys (ConfUtils.java:logGet(46)) - raft.server.storage.dir = [/home/runner/work/ozone/ozone/hadoop-ozone/integration-test/target/test-dir/MiniOzoneClusterImpl-11b76480-f5fe-46c6-962b-c791e86a534f/datanode-5/data/ratis] (custom)
2023-12-28 09:10:39,789 [d986c04d-7a68-472d-88d2-fc056c6b4cf5-groupManagement] INFO  storage.RaftStorageDirectory (RaftStorageDirectoryImpl.java:analyzeStorage(138)) - The storage directory /home/runner/work/ozone/ozone/hadoop-ozone/integration-test/target/test-dir/MiniOzoneClusterImpl-11b76480-f5fe-46c6-962b-c791e86a534f/datanode-5/data/ratis/4e067b43-5612-4774-a1cb-d123b97df6e8 does not exist. Creating ...
2023-12-28 09:10:39,790 [d986c04d-7a68-472d-88d2-fc056c6b4cf5-groupManagement] INFO  storage.RaftStorageDirectory (RaftStorageDirectoryImpl.java:tryLock(232)) - Lock on /home/runner/work/ozone/ozone/hadoop-ozone/integration-test/target/test-dir/MiniOzoneClusterImpl-11b76480-f5fe-46c6-962b-c791e86a534f/datanode-5/data/ratis/4e067b43-5612-4774-a1cb-d123b97df6e8/in_use.lock acquired by nodename 85610@fv-az1384-14
2023-12-28 09:10:39,790 [d986c04d-7a68-472d-88d2-fc056c6b4cf5-groupManagement] INFO  storage.RaftStorage (RaftStorageImpl.java:format(97)) - Storage directory /home/runner/work/ozone/ozone/hadoop-ozone/integration-test/target/test-dir/MiniOzoneClusterImpl-11b76480-f5fe-46c6-962b-c791e86a534f/datanode-5/data/ratis/4e067b43-5612-4774-a1cb-d123b97df6e8 has been successfully formatted.
2023-12-28 09:10:39,791 [d986c04d-7a68-472d-88d2-fc056c6b4cf5-groupManagement] INFO  ratis.ContainerStateMachine (ContainerStateMachine.java:loadSnapshot(287)) - group-D123B97DF6E8: The snapshot info is null. Setting the last applied indexto:(t:0, i:~)
2023-12-28 09:10:39,791 [d986c04d-7a68-472d-88d2-fc056c6b4cf5-groupManagement] INFO  server.RaftServerConfigKeys (ConfUtils.java:logGet(46)) - raft.server.log.use.memory = false (default)
2023-12-28 09:10:39,791 [d986c04d-7a68-472d-88d2-fc056c6b4cf5-groupManagement] INFO  server.RaftServerConfigKeys (ConfUtils.java:logGet(46)) - raft.server.log.purge.gap = 1000000 (custom)
2023-12-28 09:10:39,791 [d986c04d-7a68-472d-88d2-fc056c6b4cf5-groupManagement] INFO  server.RaftServerConfigKeys (ConfUtils.java:logGet(46)) - raft.server.log.appender.buffer.byte-limit = 8388608 (custom)
2023-12-28 09:10:39,791 [d986c04d-7a68-472d-88d2-fc056c6b4cf5-groupManagement] INFO  server.RaftServerConfigKeys (ConfUtils.java:logGet(46)) - raft.server.log.statemachine.data.read.timeout = 1000ms (default)
2023-12-28 09:10:39,791 [d986c04d-7a68-472d-88d2-fc056c6b4cf5-groupManagement] INFO  server.RaftServerConfigKeys (ConfUtils.java:logGet(46)) - raft.server.log.purge.preservation.log.num = 0 (default)
2023-12-28 09:10:39,791 [EventQueue-PipelineReportForPipelineReportHandler] INFO  pipeline.PipelineReportHandler (PipelineReportHandler.java:processPipelineReport(136)) - Opened pipeline PipelineID=4e067b43-5612-4774-a1cb-d123b97df6e8
2023-12-28 09:10:39,792 [EventQueue-OpenPipelineForHealthyPipelineSafeModeRule] INFO  safemode.SCMSafeModeManager (HealthyPipelineSafeModeRule.java:process(140)) - SCM in safe mode. Healthy pipelines reported count is 0, required healthy pipeline reported count is 1
2023-12-28 09:10:39,792 [d986c04d-7a68-472d-88d2-fc056c6b4cf5-groupManagement] INFO  server.RaftServerConfigKeys (ConfUtils.java:logGet(46)) - raft.server.log.segment.size.max = 67108864 (custom)
2023-12-28 09:10:39,792 [d986c04d-7a68-472d-88d2-fc056c6b4cf5-groupManagement] INFO  server.RaftServerConfigKeys (ConfUtils.java:logGet(46)) - raft.server.log.segment.cache.num.max = 2 (custom)
2023-12-28 09:10:39,792 [d986c04d-7a68-472d-88d2-fc056c6b4cf5-groupManagement] INFO  server.RaftServerConfigKeys (ConfUtils.java:logGet(46)) - raft.server.log.segment.cache.size.max = 200MB (=209715200) (default)
2023-12-28 09:10:39,792 [d986c04d-7a68-472d-88d2-fc056c6b4cf5-groupManagement] INFO  server.RaftServerConfigKeys (ConfUtils.java:logGet(46)) - raft.server.log.appender.buffer.byte-limit = 8388608 (custom)
2023-12-28 09:10:39,792 [d986c04d-7a68-472d-88d2-fc056c6b4cf5-groupManagement] INFO  util.AwaitToRun (AwaitToRun.java:start(81)) - Thread[d986c04d-7a68-472d-88d2-fc056c6b4cf5@group-D123B97DF6E8-cacheEviction-AwaitToRun,5,main] started
2023-12-28 09:10:39,792 [d986c04d-7a68-472d-88d2-fc056c6b4cf5-groupManagement] INFO  segmented.SegmentedRaftLogWorker (SegmentedRaftLogWorker.java:<init>(184)) - new d986c04d-7a68-472d-88d2-fc056c6b4cf5@group-D123B97DF6E8-SegmentedRaftLogWorker for RaftStorageImpl:Storage Directory /home/runner/work/ozone/ozone/hadoop-ozone/integration-test/target/test-dir/MiniOzoneClusterImpl-11b76480-f5fe-46c6-962b-c791e86a534f/datanode-5/data/ratis/4e067b43-5612-4774-a1cb-d123b97df6e8
2023-12-28 09:10:39,792 [d986c04d-7a68-472d-88d2-fc056c6b4cf5-groupManagement] INFO  server.RaftServerConfigKeys (ConfUtils.java:logGet(46)) - raft.server.log.queue.byte-limit = 4294967296 (custom)
2023-12-28 09:10:39,792 [d986c04d-7a68-472d-88d2-fc056c6b4cf5-groupManagement] INFO  server.RaftServerConfigKeys (ConfUtils.java:logGet(46)) - raft.server.log.queue.element-limit = 1024 (custom)
2023-12-28 09:10:39,792 [d986c04d-7a68-472d-88d2-fc056c6b4cf5-groupManagement] INFO  server.RaftServerConfigKeys (ConfUtils.java:logGet(46)) - raft.server.log.segment.size.max = 67108864 (custom)
2023-12-28 09:10:39,792 [d986c04d-7a68-472d-88d2-fc056c6b4cf5-groupManagement] INFO  server.RaftServerConfigKeys (ConfUtils.java:logGet(46)) - raft.server.log.preallocated.size = 4194304 (custom)
2023-12-28 09:10:39,792 [d986c04d-7a68-472d-88d2-fc056c6b4cf5-groupManagement] INFO  server.RaftServerConfigKeys (ConfUtils.java:logGet(46)) - raft.server.log.force.sync.num = 128 (default)
2023-12-28 09:10:39,792 [d986c04d-7a68-472d-88d2-fc056c6b4cf5-groupManagement] INFO  server.RaftServerConfigKeys (ConfUtils.java:logGet(46)) - raft.server.log.statemachine.data.sync = true (default)
2023-12-28 09:10:39,792 [d986c04d-7a68-472d-88d2-fc056c6b4cf5-groupManagement] INFO  server.RaftServerConfigKeys (ConfUtils.java:logGet(46)) - raft.server.log.statemachine.data.sync.timeout = 10s (default)
2023-12-28 09:10:39,793 [d986c04d-7a68-472d-88d2-fc056c6b4cf5-groupManagement] INFO  server.RaftServerConfigKeys (ConfUtils.java:logGet(46)) - raft.server.log.statemachine.data.sync.timeout.retry = 0 (custom)
2023-12-28 09:10:39,793 [d986c04d-7a68-472d-88d2-fc056c6b4cf5-groupManagement] INFO  server.RaftServerConfigKeys (ConfUtils.java:logGet(46)) - raft.server.log.write.buffer.size = 8388616 (custom)
2023-12-28 09:10:39,794 [d986c04d-7a68-472d-88d2-fc056c6b4cf5-groupManagement] INFO  server.RaftServerConfigKeys (ConfUtils.java:logGet(46)) - raft.server.log.appender.buffer.byte-limit = 8388608 (custom)
2023-12-28 09:10:39,822 [d986c04d-7a68-472d-88d2-fc056c6b4cf5-groupManagement] INFO  server.RaftServerConfigKeys (ConfUtils.java:logGet(46)) - raft.server.log.unsafe-flush.enabled = false (default)
2023-12-28 09:10:39,822 [d986c04d-7a68-472d-88d2-fc056c6b4cf5-groupManagement] INFO  server.RaftServerConfigKeys (ConfUtils.java:logGet(46)) - raft.server.log.async-flush.enabled = false (default)
2023-12-28 09:10:39,822 [d986c04d-7a68-472d-88d2-fc056c6b4cf5-groupManagement] INFO  server.RaftServerConfigKeys (ConfUtils.java:logGet(46)) - raft.server.log.statemachine.data.caching.enabled = true (custom)
2023-12-28 09:10:39,822 [d986c04d-7a68-472d-88d2-fc056c6b4cf5-groupManagement] INFO  segmented.SegmentedRaftLogWorker (SegmentedRaftLogWorker.java:lambda$new$0(135)) - d986c04d-7a68-472d-88d2-fc056c6b4cf5@group-D123B97DF6E8-SegmentedRaftLogWorker: flushIndex: setUnconditionally 0 -> -1
2023-12-28 09:10:39,822 [d986c04d-7a68-472d-88d2-fc056c6b4cf5-groupManagement] INFO  segmented.SegmentedRaftLogWorker (SegmentedRaftLogWorker.java:lambda$new$0(135)) - d986c04d-7a68-472d-88d2-fc056c6b4cf5@group-D123B97DF6E8-SegmentedRaftLogWorker: safeCacheEvictIndex: setUnconditionally 0 -> -1
2023-12-28 09:10:39,823 [d986c04d-7a68-472d-88d2-fc056c6b4cf5-groupManagement] INFO  server.RaftServer$Division (RaftServerImpl.java:start(392)) - d986c04d-7a68-472d-88d2-fc056c6b4cf5@group-D123B97DF6E8: start as a follower, conf=-1: peers:[d986c04d-7a68-472d-88d2-fc056c6b4cf5|10.1.0.14:15504]|listeners:[], old=null
2023-12-28 09:10:39,823 [d986c04d-7a68-472d-88d2-fc056c6b4cf5-groupManagement] INFO  server.RaftServer$Division (RaftServerImpl.java:setRole(379)) - d986c04d-7a68-472d-88d2-fc056c6b4cf5@group-D123B97DF6E8: changes role from      null to FOLLOWER at term 0 for startAsFollower
2023-12-28 09:10:39,823 [d986c04d-7a68-472d-88d2-fc056c6b4cf5-groupManagement] INFO  impl.RoleInfo (RoleInfo.java:updateAndGet(139)) - d986c04d-7a68-472d-88d2-fc056c6b4cf5: start d986c04d-7a68-472d-88d2-fc056c6b4cf5@group-D123B97DF6E8-FollowerState
2023-12-28 09:10:39,823 [d986c04d-7a68-472d-88d2-fc056c6b4cf5@group-D123B97DF6E8-FollowerState] INFO  server.RaftServerConfigKeys (ConfUtils.java:logFallback(53)) - raft.server.rpc.first-election.timeout.min = 5s (fallback to raft.server.rpc.timeout.min)
2023-12-28 09:10:39,823 [d986c04d-7a68-472d-88d2-fc056c6b4cf5-groupManagement] INFO  util.JmxRegister (JmxRegister.java:tryRegister(44)) - Successfully registered JMX Bean with object name Ratis:service=RaftServer,group=group-D123B97DF6E8,id=d986c04d-7a68-472d-88d2-fc056c6b4cf5
2023-12-28 09:10:39,823 [d986c04d-7a68-472d-88d2-fc056c6b4cf5@group-D123B97DF6E8-FollowerState] INFO  server.RaftServerConfigKeys (ConfUtils.java:logFallback(53)) - raft.server.rpc.first-election.timeout.max = 5200ms (fallback to raft.server.rpc.timeout.max)
2023-12-28 09:10:39,823 [d986c04d-7a68-472d-88d2-fc056c6b4cf5-groupManagement] INFO  server.RaftServerConfigKeys (ConfUtils.java:logGet(46)) - raft.server.snapshot.trigger-when-stop.enabled = true (default)
2023-12-28 09:10:39,823 [d986c04d-7a68-472d-88d2-fc056c6b4cf5-groupManagement] INFO  server.RaftServerConfigKeys (ConfUtils.java:logGet(46)) - raft.server.snapshot.auto.trigger.enabled = true (custom)
2023-12-28 09:10:39,823 [d986c04d-7a68-472d-88d2-fc056c6b4cf5-groupManagement] INFO  server.RaftServerConfigKeys (ConfUtils.java:logGet(46)) - raft.server.snapshot.auto.trigger.threshold = 10000 (custom)
2023-12-28 09:10:39,823 [d986c04d-7a68-472d-88d2-fc056c6b4cf5-groupManagement] INFO  server.RaftServerConfigKeys (ConfUtils.java:logGet(46)) - raft.server.snapshot.retention.file.num = 5 (custom)
2023-12-28 09:10:39,823 [d986c04d-7a68-472d-88d2-fc056c6b4cf5-groupManagement] INFO  server.RaftServerConfigKeys (ConfUtils.java:logGet(46)) - raft.server.log.purge.upto.snapshot.index = false (default)
2023-12-28 09:10:39,824 [d986c04d-7a68-472d-88d2-fc056c6b4cf5-PipelineCommandHandlerThread-0] INFO  ratis.XceiverServerRatis (XceiverServerRatis.java:addGroup(837)) - Created group PipelineID=4e067b43-5612-4774-a1cb-d123b97df6e8
2023-12-28 09:10:39,824 [d986c04d-7a68-472d-88d2-fc056c6b4cf5-PipelineCommandHandlerThread-0] INFO  commandhandler.CreatePipelineCommandHandler (CreatePipelineCommandHandler.java:lambda$handle$2(124)) - Created Pipeline RATIS ONE PipelineID=4e067b43-5612-4774-a1cb-d123b97df6e8.
2023-12-28 09:10:39,873 [e5bd5207-4071-4a5b-ab67-86e23051c304-PipelineCommandHandlerThread-0] INFO  server.RaftServer (RaftServerProxy.java:addNew(100)) - e5bd5207-4071-4a5b-ab67-86e23051c304: addNew group-E7B4503F56B5:[e5bd5207-4071-4a5b-ab67-86e23051c304|10.1.0.14:15513] returns group-E7B4503F56B5:java.util.concurrent.CompletableFuture@626e47b9[Not completed]
2023-12-28 09:10:39,874 [e5bd5207-4071-4a5b-ab67-86e23051c304-groupManagement] INFO  server.RaftServer$Division (RaftServerImpl.java:<init>(256)) - e5bd5207-4071-4a5b-ab67-86e23051c304: new RaftServerImpl for group-E7B4503F56B5:[e5bd5207-4071-4a5b-ab67-86e23051c304|10.1.0.14:15513] with ContainerStateMachine:uninitialized
2023-12-28 09:10:39,874 [e5bd5207-4071-4a5b-ab67-86e23051c304-groupManagement] INFO  server.RaftServerConfigKeys (ConfUtils.java:logGet(46)) - raft.server.rpc.timeout.min = 5s (custom)
2023-12-28 09:10:39,874 [e5bd5207-4071-4a5b-ab67-86e23051c304-groupManagement] INFO  server.RaftServerConfigKeys (ConfUtils.java:logGet(46)) - raft.server.rpc.timeout.max = 5200ms (custom)
2023-12-28 09:10:39,874 [e5bd5207-4071-4a5b-ab67-86e23051c304-groupManagement] INFO  server.RaftServerConfigKeys (ConfUtils.java:logGet(46)) - raft.server.rpc.sleep.time = 25ms (default)
2023-12-28 09:10:39,874 [e5bd5207-4071-4a5b-ab67-86e23051c304-groupManagement] INFO  server.RaftServerConfigKeys (ConfUtils.java:logGet(46)) - raft.server.rpc.slowness.timeout = 300000ms (custom)
2023-12-28 09:10:39,874 [e5bd5207-4071-4a5b-ab67-86e23051c304-groupManagement] INFO  server.RaftServerConfigKeys (ConfUtils.java:logGet(46)) - raft.server.leaderelection.leader.step-down.wait-time = 10s (default)
2023-12-28 09:10:39,874 [e5bd5207-4071-4a5b-ab67-86e23051c304-groupManagement] INFO  server.RaftServerConfigKeys (ConfUtils.java:logGet(46)) - raft.server.leaderelection.member.majority-add = false (default)
2023-12-28 09:10:39,874 [e5bd5207-4071-4a5b-ab67-86e23051c304-groupManagement] INFO  server.RaftServerConfigKeys (ConfUtils.java:logGet(46)) - raft.server.sleep.deviation.threshold = 300ms (default)
2023-12-28 09:10:39,874 [e5bd5207-4071-4a5b-ab67-86e23051c304-groupManagement] INFO  server.RaftServer$Division (ServerState.java:<init>(113)) - e5bd5207-4071-4a5b-ab67-86e23051c304@group-E7B4503F56B5: ConfigurationManager, init=-1: peers:[e5bd5207-4071-4a5b-ab67-86e23051c304|10.1.0.14:15513]|listeners:[], old=null, confs=<EMPTY_MAP>
2023-12-28 09:10:39,874 [e5bd5207-4071-4a5b-ab67-86e23051c304-groupManagement] INFO  server.RaftServerConfigKeys (ConfUtils.java:logGet(46)) - raft.server.notification.no-leader.timeout = 300000ms (custom)
2023-12-28 09:10:39,875 [e5bd5207-4071-4a5b-ab67-86e23051c304-groupManagement] INFO  server.RaftServerConfigKeys (ConfUtils.java:logGet(46)) - raft.server.read.timeout = 10s (default)
2023-12-28 09:10:39,875 [e5bd5207-4071-4a5b-ab67-86e23051c304-groupManagement] INFO  server.RaftServerConfigKeys (ConfUtils.java:logGet(46)) - raft.server.retrycache.expirytime = 600000ms (custom)
2023-12-28 09:10:39,875 [e5bd5207-4071-4a5b-ab67-86e23051c304-groupManagement] INFO  server.RaftServerConfigKeys (ConfUtils.java:logGet(46)) - raft.server.retrycache.statistics.expirytime = 100ms (default)
2023-12-28 09:10:39,875 [e5bd5207-4071-4a5b-ab67-86e23051c304-groupManagement] INFO  server.RaftServerConfigKeys (ConfUtils.java:logGet(46)) - raft.server.read.option = DEFAULT (default)
2023-12-28 09:10:39,875 [e5bd5207-4071-4a5b-ab67-86e23051c304-groupManagement] INFO  server.RaftServerConfigKeys (ConfUtils.java:logGet(46)) - raft.server.read.read-after-write-consistent.write-index-cache.expiry-time = 60s (default)
2023-12-28 09:10:39,877 [e5bd5207-4071-4a5b-ab67-86e23051c304-groupManagement] INFO  server.RaftServerConfigKeys (ConfUtils.java:logGet(46)) - raft.server.rpc.request.timeout = 3000ms (default)
2023-12-28 09:10:39,877 [e5bd5207-4071-4a5b-ab67-86e23051c304-groupManagement] INFO  server.RaftServerConfigKeys (ConfUtils.java:logGet(46)) - raft.server.log.appender.install.snapshot.enabled = false (custom)
2023-12-28 09:10:39,877 [e5bd5207-4071-4a5b-ab67-86e23051c304-groupManagement] INFO  server.RaftServerConfigKeys (ConfUtils.java:logGet(46)) - raft.server.threadpool.server.cached = true (default)
2023-12-28 09:10:39,877 [e5bd5207-4071-4a5b-ab67-86e23051c304-groupManagement] INFO  server.RaftServerConfigKeys (ConfUtils.java:logGet(46)) - raft.server.threadpool.server.size = 0 (default)
2023-12-28 09:10:39,877 [e5bd5207-4071-4a5b-ab67-86e23051c304-groupManagement] INFO  server.RaftServerConfigKeys (ConfUtils.java:logGet(46)) - raft.server.threadpool.client.cached = true (default)
2023-12-28 09:10:39,877 [e5bd5207-4071-4a5b-ab67-86e23051c304-groupManagement] INFO  server.RaftServerConfigKeys (ConfUtils.java:logGet(46)) - raft.server.threadpool.client.size = 0 (default)
2023-12-28 09:10:39,877 [e5bd5207-4071-4a5b-ab67-86e23051c304-groupManagement] INFO  server.RaftServerConfigKeys (ConfUtils.java:logGet(46)) - raft.server.storage.free-space.min = 0MB (=0) (default)
2023-12-28 09:10:39,877 [e5bd5207-4071-4a5b-ab67-86e23051c304-groupManagement] INFO  server.RaftServerConfigKeys (ConfUtils.java:logGet(46)) - raft.server.log.corruption.policy = EXCEPTION (default)
2023-12-28 09:10:39,877 [e5bd5207-4071-4a5b-ab67-86e23051c304-groupManagement] INFO  server.RaftServerConfigKeys (ConfUtils.java:logGet(46)) - raft.server.storage.dir = [/home/runner/work/ozone/ozone/hadoop-ozone/integration-test/target/test-dir/MiniOzoneClusterImpl-11b76480-f5fe-46c6-962b-c791e86a534f/datanode-6/data/ratis] (custom)
2023-12-28 09:10:39,877 [e5bd5207-4071-4a5b-ab67-86e23051c304-groupManagement] INFO  storage.RaftStorageDirectory (RaftStorageDirectoryImpl.java:analyzeStorage(138)) - The storage directory /home/runner/work/ozone/ozone/hadoop-ozone/integration-test/target/test-dir/MiniOzoneClusterImpl-11b76480-f5fe-46c6-962b-c791e86a534f/datanode-6/data/ratis/8917c6f3-94ca-4007-b594-e7b4503f56b5 does not exist. Creating ...
2023-12-28 09:10:39,879 [e5bd5207-4071-4a5b-ab67-86e23051c304-groupManagement] INFO  storage.RaftStorageDirectory (RaftStorageDirectoryImpl.java:tryLock(232)) - Lock on /home/runner/work/ozone/ozone/hadoop-ozone/integration-test/target/test-dir/MiniOzoneClusterImpl-11b76480-f5fe-46c6-962b-c791e86a534f/datanode-6/data/ratis/8917c6f3-94ca-4007-b594-e7b4503f56b5/in_use.lock acquired by nodename 85610@fv-az1384-14
2023-12-28 09:10:39,880 [e5bd5207-4071-4a5b-ab67-86e23051c304-groupManagement] INFO  storage.RaftStorage (RaftStorageImpl.java:format(97)) - Storage directory /home/runner/work/ozone/ozone/hadoop-ozone/integration-test/target/test-dir/MiniOzoneClusterImpl-11b76480-f5fe-46c6-962b-c791e86a534f/datanode-6/data/ratis/8917c6f3-94ca-4007-b594-e7b4503f56b5 has been successfully formatted.
2023-12-28 09:10:39,881 [e5bd5207-4071-4a5b-ab67-86e23051c304-groupManagement] INFO  ratis.ContainerStateMachine (ContainerStateMachine.java:loadSnapshot(287)) - group-E7B4503F56B5: The snapshot info is null. Setting the last applied indexto:(t:0, i:~)
2023-12-28 09:10:39,881 [e5bd5207-4071-4a5b-ab67-86e23051c304-groupManagement] INFO  server.RaftServerConfigKeys (ConfUtils.java:logGet(46)) - raft.server.log.use.memory = false (default)
2023-12-28 09:10:39,881 [e5bd5207-4071-4a5b-ab67-86e23051c304-groupManagement] INFO  server.RaftServerConfigKeys (ConfUtils.java:logGet(46)) - raft.server.log.purge.gap = 1000000 (custom)
2023-12-28 09:10:39,882 [e5bd5207-4071-4a5b-ab67-86e23051c304-groupManagement] INFO  server.RaftServerConfigKeys (ConfUtils.java:logGet(46)) - raft.server.log.appender.buffer.byte-limit = 8388608 (custom)
2023-12-28 09:10:39,882 [e5bd5207-4071-4a5b-ab67-86e23051c304-groupManagement] INFO  server.RaftServerConfigKeys (ConfUtils.java:logGet(46)) - raft.server.log.statemachine.data.read.timeout = 1000ms (default)
2023-12-28 09:10:39,882 [e5bd5207-4071-4a5b-ab67-86e23051c304-groupManagement] INFO  server.RaftServerConfigKeys (ConfUtils.java:logGet(46)) - raft.server.log.purge.preservation.log.num = 0 (default)
2023-12-28 09:10:39,882 [EventQueue-PipelineReportForPipelineReportHandler] INFO  pipeline.PipelineReportHandler (PipelineReportHandler.java:processPipelineReport(136)) - Opened pipeline PipelineID=8917c6f3-94ca-4007-b594-e7b4503f56b5
2023-12-28 09:10:39,882 [EventQueue-OpenPipelineForHealthyPipelineSafeModeRule] INFO  safemode.SCMSafeModeManager (HealthyPipelineSafeModeRule.java:process(140)) - SCM in safe mode. Healthy pipelines reported count is 0, required healthy pipeline reported count is 1
2023-12-28 09:10:39,883 [e5bd5207-4071-4a5b-ab67-86e23051c304-groupManagement] INFO  server.RaftServerConfigKeys (ConfUtils.java:logGet(46)) - raft.server.log.segment.size.max = 67108864 (custom)
2023-12-28 09:10:39,883 [e5bd5207-4071-4a5b-ab67-86e23051c304-groupManagement] INFO  server.RaftServerConfigKeys (ConfUtils.java:logGet(46)) - raft.server.log.segment.cache.num.max = 2 (custom)
2023-12-28 09:10:39,883 [e5bd5207-4071-4a5b-ab67-86e23051c304-groupManagement] INFO  server.RaftServerConfigKeys (ConfUtils.java:logGet(46)) - raft.server.log.segment.cache.size.max = 200MB (=209715200) (default)
2023-12-28 09:10:39,883 [e5bd5207-4071-4a5b-ab67-86e23051c304-groupManagement] INFO  server.RaftServerConfigKeys (ConfUtils.java:logGet(46)) - raft.server.log.appender.buffer.byte-limit = 8388608 (custom)
2023-12-28 09:10:39,883 [e5bd5207-4071-4a5b-ab67-86e23051c304-groupManagement] INFO  util.AwaitToRun (AwaitToRun.java:start(81)) - Thread[e5bd5207-4071-4a5b-ab67-86e23051c304@group-E7B4503F56B5-cacheEviction-AwaitToRun,5,main] started
2023-12-28 09:10:39,884 [e5bd5207-4071-4a5b-ab67-86e23051c304-groupManagement] INFO  segmented.SegmentedRaftLogWorker (SegmentedRaftLogWorker.java:<init>(184)) - new e5bd5207-4071-4a5b-ab67-86e23051c304@group-E7B4503F56B5-SegmentedRaftLogWorker for RaftStorageImpl:Storage Directory /home/runner/work/ozone/ozone/hadoop-ozone/integration-test/target/test-dir/MiniOzoneClusterImpl-11b76480-f5fe-46c6-962b-c791e86a534f/datanode-6/data/ratis/8917c6f3-94ca-4007-b594-e7b4503f56b5
2023-12-28 09:10:39,884 [e5bd5207-4071-4a5b-ab67-86e23051c304-groupManagement] INFO  server.RaftServerConfigKeys (ConfUtils.java:logGet(46)) - raft.server.log.queue.byte-limit = 4294967296 (custom)
2023-12-28 09:10:39,884 [e5bd5207-4071-4a5b-ab67-86e23051c304-groupManagement] INFO  server.RaftServerConfigKeys (ConfUtils.java:logGet(46)) - raft.server.log.queue.element-limit = 1024 (custom)
2023-12-28 09:10:39,884 [e5bd5207-4071-4a5b-ab67-86e23051c304-groupManagement] INFO  server.RaftServerConfigKeys (ConfUtils.java:logGet(46)) - raft.server.log.segment.size.max = 67108864 (custom)
2023-12-28 09:10:39,884 [e5bd5207-4071-4a5b-ab67-86e23051c304-groupManagement] INFO  server.RaftServerConfigKeys (ConfUtils.java:logGet(46)) - raft.server.log.preallocated.size = 4194304 (custom)
2023-12-28 09:10:39,884 [e5bd5207-4071-4a5b-ab67-86e23051c304-groupManagement] INFO  server.RaftServerConfigKeys (ConfUtils.java:logGet(46)) - raft.server.log.force.sync.num = 128 (default)
2023-12-28 09:10:39,884 [e5bd5207-4071-4a5b-ab67-86e23051c304-groupManagement] INFO  server.RaftServerConfigKeys (ConfUtils.java:logGet(46)) - raft.server.log.statemachine.data.sync = true (default)
2023-12-28 09:10:39,884 [e5bd5207-4071-4a5b-ab67-86e23051c304-groupManagement] INFO  server.RaftServerConfigKeys (ConfUtils.java:logGet(46)) - raft.server.log.statemachine.data.sync.timeout = 10s (default)
2023-12-28 09:10:39,884 [e5bd5207-4071-4a5b-ab67-86e23051c304-groupManagement] INFO  server.RaftServerConfigKeys (ConfUtils.java:logGet(46)) - raft.server.log.statemachine.data.sync.timeout.retry = 0 (custom)
2023-12-28 09:10:39,884 [e5bd5207-4071-4a5b-ab67-86e23051c304-groupManagement] INFO  server.RaftServerConfigKeys (ConfUtils.java:logGet(46)) - raft.server.log.write.buffer.size = 8388616 (custom)
2023-12-28 09:10:39,886 [e5bd5207-4071-4a5b-ab67-86e23051c304-groupManagement] INFO  server.RaftServerConfigKeys (ConfUtils.java:logGet(46)) - raft.server.log.appender.buffer.byte-limit = 8388608 (custom)
2023-12-28 09:10:39,886 [e5bd5207-4071-4a5b-ab67-86e23051c304-groupManagement] INFO  server.RaftServerConfigKeys (ConfUtils.java:logGet(46)) - raft.server.log.unsafe-flush.enabled = false (default)
2023-12-28 09:10:39,886 [e5bd5207-4071-4a5b-ab67-86e23051c304-groupManagement] INFO  server.RaftServerConfigKeys (ConfUtils.java:logGet(46)) - raft.server.log.async-flush.enabled = false (default)
2023-12-28 09:10:39,887 [e5bd5207-4071-4a5b-ab67-86e23051c304-groupManagement] INFO  server.RaftServerConfigKeys (ConfUtils.java:logGet(46)) - raft.server.log.statemachine.data.caching.enabled = true (custom)
2023-12-28 09:10:39,887 [e5bd5207-4071-4a5b-ab67-86e23051c304-groupManagement] INFO  segmented.SegmentedRaftLogWorker (SegmentedRaftLogWorker.java:lambda$new$0(135)) - e5bd5207-4071-4a5b-ab67-86e23051c304@group-E7B4503F56B5-SegmentedRaftLogWorker: flushIndex: setUnconditionally 0 -> -1
2023-12-28 09:10:39,887 [e5bd5207-4071-4a5b-ab67-86e23051c304-groupManagement] INFO  segmented.SegmentedRaftLogWorker (SegmentedRaftLogWorker.java:lambda$new$0(135)) - e5bd5207-4071-4a5b-ab67-86e23051c304@group-E7B4503F56B5-SegmentedRaftLogWorker: safeCacheEvictIndex: setUnconditionally 0 -> -1
2023-12-28 09:10:39,887 [e5bd5207-4071-4a5b-ab67-86e23051c304-groupManagement] INFO  server.RaftServer$Division (RaftServerImpl.java:start(392)) - e5bd5207-4071-4a5b-ab67-86e23051c304@group-E7B4503F56B5: start as a follower, conf=-1: peers:[e5bd5207-4071-4a5b-ab67-86e23051c304|10.1.0.14:15513]|listeners:[], old=null
2023-12-28 09:10:39,887 [e5bd5207-4071-4a5b-ab67-86e23051c304-groupManagement] INFO  server.RaftServer$Division (RaftServerImpl.java:setRole(379)) - e5bd5207-4071-4a5b-ab67-86e23051c304@group-E7B4503F56B5: changes role from      null to FOLLOWER at term 0 for startAsFollower
2023-12-28 09:10:39,887 [e5bd5207-4071-4a5b-ab67-86e23051c304-groupManagement] INFO  impl.RoleInfo (RoleInfo.java:updateAndGet(139)) - e5bd5207-4071-4a5b-ab67-86e23051c304: start e5bd5207-4071-4a5b-ab67-86e23051c304@group-E7B4503F56B5-FollowerState
2023-12-28 09:10:39,887 [e5bd5207-4071-4a5b-ab67-86e23051c304@group-E7B4503F56B5-FollowerState] INFO  server.RaftServerConfigKeys (ConfUtils.java:logFallback(53)) - raft.server.rpc.first-election.timeout.min = 5s (fallback to raft.server.rpc.timeout.min)
2023-12-28 09:10:39,887 [e5bd5207-4071-4a5b-ab67-86e23051c304-groupManagement] INFO  util.JmxRegister (JmxRegister.java:tryRegister(44)) - Successfully registered JMX Bean with object name Ratis:service=RaftServer,group=group-E7B4503F56B5,id=e5bd5207-4071-4a5b-ab67-86e23051c304
2023-12-28 09:10:39,887 [e5bd5207-4071-4a5b-ab67-86e23051c304@group-E7B4503F56B5-FollowerState] INFO  server.RaftServerConfigKeys (ConfUtils.java:logFallback(53)) - raft.server.rpc.first-election.timeout.max = 5200ms (fallback to raft.server.rpc.timeout.max)
2023-12-28 09:10:39,887 [e5bd5207-4071-4a5b-ab67-86e23051c304-groupManagement] INFO  server.RaftServerConfigKeys (ConfUtils.java:logGet(46)) - raft.server.snapshot.trigger-when-stop.enabled = true (default)
2023-12-28 09:10:39,887 [e5bd5207-4071-4a5b-ab67-86e23051c304-groupManagement] INFO  server.RaftServerConfigKeys (ConfUtils.java:logGet(46)) - raft.server.snapshot.auto.trigger.enabled = true (custom)
2023-12-28 09:10:39,888 [e5bd5207-4071-4a5b-ab67-86e23051c304-groupManagement] INFO  server.RaftServerConfigKeys (ConfUtils.java:logGet(46)) - raft.server.snapshot.auto.trigger.threshold = 10000 (custom)
2023-12-28 09:10:39,888 [e5bd5207-4071-4a5b-ab67-86e23051c304-groupManagement] INFO  server.RaftServerConfigKeys (ConfUtils.java:logGet(46)) - raft.server.snapshot.retention.file.num = 5 (custom)
2023-12-28 09:10:39,888 [e5bd5207-4071-4a5b-ab67-86e23051c304-groupManagement] INFO  server.RaftServerConfigKeys (ConfUtils.java:logGet(46)) - raft.server.log.purge.upto.snapshot.index = false (default)
2023-12-28 09:10:39,888 [e5bd5207-4071-4a5b-ab67-86e23051c304-PipelineCommandHandlerThread-0] INFO  ratis.XceiverServerRatis (XceiverServerRatis.java:addGroup(837)) - Created group PipelineID=8917c6f3-94ca-4007-b594-e7b4503f56b5
2023-12-28 09:10:39,888 [e5bd5207-4071-4a5b-ab67-86e23051c304-PipelineCommandHandlerThread-0] INFO  commandhandler.CreatePipelineCommandHandler (CreatePipelineCommandHandler.java:lambda$handle$2(124)) - Created Pipeline RATIS ONE PipelineID=8917c6f3-94ca-4007-b594-e7b4503f56b5.
2023-12-28 09:10:39,888 [e5bd5207-4071-4a5b-ab67-86e23051c304-PipelineCommandHandlerThread-0] INFO  server.RaftServer (RaftServerProxy.java:addNew(100)) - e5bd5207-4071-4a5b-ab67-86e23051c304: addNew group-DED8B9E962E2:[a0932215-df16-440c-a3f0-f0918056a56b|10.1.0.14:15522, e5bd5207-4071-4a5b-ab67-86e23051c304|10.1.0.14:15513, d4ff55f6-7f98-4fff-b295-c0ac26278483|10.1.0.14:15531] returns group-DED8B9E962E2:java.util.concurrent.CompletableFuture@6651cf2c[Not completed]
2023-12-28 09:10:39,889 [e5bd5207-4071-4a5b-ab67-86e23051c304-groupManagement] INFO  server.RaftServer$Division (RaftServerImpl.java:<init>(256)) - e5bd5207-4071-4a5b-ab67-86e23051c304: new RaftServerImpl for group-DED8B9E962E2:[a0932215-df16-440c-a3f0-f0918056a56b|10.1.0.14:15522, e5bd5207-4071-4a5b-ab67-86e23051c304|10.1.0.14:15513, d4ff55f6-7f98-4fff-b295-c0ac26278483|10.1.0.14:15531] with ContainerStateMachine:uninitialized
2023-12-28 09:10:39,889 [e5bd5207-4071-4a5b-ab67-86e23051c304-groupManagement] INFO  server.RaftServerConfigKeys (ConfUtils.java:logGet(46)) - raft.server.rpc.timeout.min = 5s (custom)
2023-12-28 09:10:39,889 [e5bd5207-4071-4a5b-ab67-86e23051c304-groupManagement] INFO  server.RaftServerConfigKeys (ConfUtils.java:logGet(46)) - raft.server.rpc.timeout.max = 5200ms (custom)
2023-12-28 09:10:39,889 [e5bd5207-4071-4a5b-ab67-86e23051c304-groupManagement] INFO  server.RaftServerConfigKeys (ConfUtils.java:logGet(46)) - raft.server.rpc.sleep.time = 25ms (default)
2023-12-28 09:10:39,889 [e5bd5207-4071-4a5b-ab67-86e23051c304-groupManagement] INFO  server.RaftServerConfigKeys (ConfUtils.java:logGet(46)) - raft.server.rpc.slowness.timeout = 300000ms (custom)
2023-12-28 09:10:39,889 [e5bd5207-4071-4a5b-ab67-86e23051c304-groupManagement] INFO  server.RaftServerConfigKeys (ConfUtils.java:logGet(46)) - raft.server.leaderelection.leader.step-down.wait-time = 10s (default)
2023-12-28 09:10:39,889 [e5bd5207-4071-4a5b-ab67-86e23051c304-groupManagement] INFO  server.RaftServerConfigKeys (ConfUtils.java:logGet(46)) - raft.server.leaderelection.member.majority-add = false (default)
2023-12-28 09:10:39,889 [e5bd5207-4071-4a5b-ab67-86e23051c304-groupManagement] INFO  server.RaftServerConfigKeys (ConfUtils.java:logGet(46)) - raft.server.sleep.deviation.threshold = 300ms (default)
2023-12-28 09:10:39,890 [e5bd5207-4071-4a5b-ab67-86e23051c304-groupManagement] INFO  server.RaftServer$Division (ServerState.java:<init>(113)) - e5bd5207-4071-4a5b-ab67-86e23051c304@group-DED8B9E962E2: ConfigurationManager, init=-1: peers:[a0932215-df16-440c-a3f0-f0918056a56b|10.1.0.14:15522, e5bd5207-4071-4a5b-ab67-86e23051c304|10.1.0.14:15513, d4ff55f6-7f98-4fff-b295-c0ac26278483|10.1.0.14:15531]|listeners:[], old=null, confs=<EMPTY_MAP>
2023-12-28 09:10:39,890 [e5bd5207-4071-4a5b-ab67-86e23051c304-groupManagement] INFO  server.RaftServerConfigKeys (ConfUtils.java:logGet(46)) - raft.server.notification.no-leader.timeout = 300000ms (custom)
2023-12-28 09:10:39,890 [e5bd5207-4071-4a5b-ab67-86e23051c304-groupManagement] INFO  server.RaftServerConfigKeys (ConfUtils.java:logGet(46)) - raft.server.read.timeout = 10s (default)
2023-12-28 09:10:39,890 [e5bd5207-4071-4a5b-ab67-86e23051c304-groupManagement] INFO  server.RaftServerConfigKeys (ConfUtils.java:logGet(46)) - raft.server.retrycache.expirytime = 600000ms (custom)
2023-12-28 09:10:39,890 [e5bd5207-4071-4a5b-ab67-86e23051c304-groupManagement] INFO  server.RaftServerConfigKeys (ConfUtils.java:logGet(46)) - raft.server.retrycache.statistics.expirytime = 100ms (default)
2023-12-28 09:10:39,890 [e5bd5207-4071-4a5b-ab67-86e23051c304-groupManagement] INFO  server.RaftServerConfigKeys (ConfUtils.java:logGet(46)) - raft.server.read.option = DEFAULT (default)
2023-12-28 09:10:39,890 [e5bd5207-4071-4a5b-ab67-86e23051c304-groupManagement] INFO  server.RaftServerConfigKeys (ConfUtils.java:logGet(46)) - raft.server.read.read-after-write-consistent.write-index-cache.expiry-time = 60s (default)
2023-12-28 09:10:39,892 [e5bd5207-4071-4a5b-ab67-86e23051c304-groupManagement] INFO  server.RaftServerConfigKeys (ConfUtils.java:logGet(46)) - raft.server.rpc.request.timeout = 3000ms (default)
2023-12-28 09:10:39,892 [e5bd5207-4071-4a5b-ab67-86e23051c304-groupManagement] INFO  server.RaftServerConfigKeys (ConfUtils.java:logGet(46)) - raft.server.log.appender.install.snapshot.enabled = false (custom)
2023-12-28 09:10:39,892 [e5bd5207-4071-4a5b-ab67-86e23051c304-groupManagement] INFO  server.RaftServerConfigKeys (ConfUtils.java:logGet(46)) - raft.server.threadpool.server.cached = true (default)
2023-12-28 09:10:39,892 [e5bd5207-4071-4a5b-ab67-86e23051c304-groupManagement] INFO  server.RaftServerConfigKeys (ConfUtils.java:logGet(46)) - raft.server.threadpool.server.size = 0 (default)
2023-12-28 09:10:39,892 [e5bd5207-4071-4a5b-ab67-86e23051c304-groupManagement] INFO  server.RaftServerConfigKeys (ConfUtils.java:logGet(46)) - raft.server.threadpool.client.cached = true (default)
2023-12-28 09:10:39,892 [e5bd5207-4071-4a5b-ab67-86e23051c304-groupManagement] INFO  server.RaftServerConfigKeys (ConfUtils.java:logGet(46)) - raft.server.threadpool.client.size = 0 (default)
2023-12-28 09:10:39,892 [e5bd5207-4071-4a5b-ab67-86e23051c304-groupManagement] INFO  server.RaftServerConfigKeys (ConfUtils.java:logGet(46)) - raft.server.storage.free-space.min = 0MB (=0) (default)
2023-12-28 09:10:39,892 [e5bd5207-4071-4a5b-ab67-86e23051c304-groupManagement] INFO  server.RaftServerConfigKeys (ConfUtils.java:logGet(46)) - raft.server.log.corruption.policy = EXCEPTION (default)
2023-12-28 09:10:39,892 [e5bd5207-4071-4a5b-ab67-86e23051c304-groupManagement] INFO  server.RaftServerConfigKeys (ConfUtils.java:logGet(46)) - raft.server.storage.dir = [/home/runner/work/ozone/ozone/hadoop-ozone/integration-test/target/test-dir/MiniOzoneClusterImpl-11b76480-f5fe-46c6-962b-c791e86a534f/datanode-6/data/ratis] (custom)
2023-12-28 09:10:39,892 [e5bd5207-4071-4a5b-ab67-86e23051c304-groupManagement] INFO  storage.RaftStorageDirectory (RaftStorageDirectoryImpl.java:analyzeStorage(138)) - The storage directory /home/runner/work/ozone/ozone/hadoop-ozone/integration-test/target/test-dir/MiniOzoneClusterImpl-11b76480-f5fe-46c6-962b-c791e86a534f/datanode-6/data/ratis/7ca9c5f4-69b5-4390-bd30-ded8b9e962e2 does not exist. Creating ...
2023-12-28 09:10:39,894 [e5bd5207-4071-4a5b-ab67-86e23051c304-groupManagement] INFO  storage.RaftStorageDirectory (RaftStorageDirectoryImpl.java:tryLock(232)) - Lock on /home/runner/work/ozone/ozone/hadoop-ozone/integration-test/target/test-dir/MiniOzoneClusterImpl-11b76480-f5fe-46c6-962b-c791e86a534f/datanode-6/data/ratis/7ca9c5f4-69b5-4390-bd30-ded8b9e962e2/in_use.lock acquired by nodename 85610@fv-az1384-14
2023-12-28 09:10:39,895 [e5bd5207-4071-4a5b-ab67-86e23051c304-groupManagement] INFO  storage.RaftStorage (RaftStorageImpl.java:format(97)) - Storage directory /home/runner/work/ozone/ozone/hadoop-ozone/integration-test/target/test-dir/MiniOzoneClusterImpl-11b76480-f5fe-46c6-962b-c791e86a534f/datanode-6/data/ratis/7ca9c5f4-69b5-4390-bd30-ded8b9e962e2 has been successfully formatted.
2023-12-28 09:10:39,895 [e5bd5207-4071-4a5b-ab67-86e23051c304-groupManagement] INFO  ratis.ContainerStateMachine (ContainerStateMachine.java:loadSnapshot(287)) - group-DED8B9E962E2: The snapshot info is null. Setting the last applied indexto:(t:0, i:~)
2023-12-28 09:10:39,895 [e5bd5207-4071-4a5b-ab67-86e23051c304-groupManagement] INFO  server.RaftServerConfigKeys (ConfUtils.java:logGet(46)) - raft.server.log.use.memory = false (default)
2023-12-28 09:10:39,895 [e5bd5207-4071-4a5b-ab67-86e23051c304-groupManagement] INFO  server.RaftServerConfigKeys (ConfUtils.java:logGet(46)) - raft.server.log.purge.gap = 1000000 (custom)
2023-12-28 09:10:39,895 [e5bd5207-4071-4a5b-ab67-86e23051c304-groupManagement] INFO  server.RaftServerConfigKeys (ConfUtils.java:logGet(46)) - raft.server.log.appender.buffer.byte-limit = 8388608 (custom)
2023-12-28 09:10:39,895 [e5bd5207-4071-4a5b-ab67-86e23051c304-groupManagement] INFO  server.RaftServerConfigKeys (ConfUtils.java:logGet(46)) - raft.server.log.statemachine.data.read.timeout = 1000ms (default)
2023-12-28 09:10:39,895 [e5bd5207-4071-4a5b-ab67-86e23051c304-groupManagement] INFO  server.RaftServerConfigKeys (ConfUtils.java:logGet(46)) - raft.server.log.purge.preservation.log.num = 0 (default)
2023-12-28 09:10:39,896 [EventQueue-OpenPipelineForHealthyPipelineSafeModeRule] INFO  safemode.SCMSafeModeManager (HealthyPipelineSafeModeRule.java:process(140)) - SCM in safe mode. Healthy pipelines reported count is 0, required healthy pipeline reported count is 1
2023-12-28 09:10:39,897 [e5bd5207-4071-4a5b-ab67-86e23051c304-groupManagement] INFO  server.RaftServerConfigKeys (ConfUtils.java:logGet(46)) - raft.server.log.segment.size.max = 67108864 (custom)
2023-12-28 09:10:39,897 [e5bd5207-4071-4a5b-ab67-86e23051c304-groupManagement] INFO  server.RaftServerConfigKeys (ConfUtils.java:logGet(46)) - raft.server.log.segment.cache.num.max = 2 (custom)
2023-12-28 09:10:39,897 [e5bd5207-4071-4a5b-ab67-86e23051c304-groupManagement] INFO  server.RaftServerConfigKeys (ConfUtils.java:logGet(46)) - raft.server.log.segment.cache.size.max = 200MB (=209715200) (default)
2023-12-28 09:10:39,897 [e5bd5207-4071-4a5b-ab67-86e23051c304-groupManagement] INFO  server.RaftServerConfigKeys (ConfUtils.java:logGet(46)) - raft.server.log.appender.buffer.byte-limit = 8388608 (custom)
2023-12-28 09:10:39,897 [e5bd5207-4071-4a5b-ab67-86e23051c304-groupManagement] INFO  util.AwaitToRun (AwaitToRun.java:start(81)) - Thread[e5bd5207-4071-4a5b-ab67-86e23051c304@group-DED8B9E962E2-cacheEviction-AwaitToRun,5,main] started
2023-12-28 09:10:39,897 [e5bd5207-4071-4a5b-ab67-86e23051c304-groupManagement] INFO  segmented.SegmentedRaftLogWorker (SegmentedRaftLogWorker.java:<init>(184)) - new e5bd5207-4071-4a5b-ab67-86e23051c304@group-DED8B9E962E2-SegmentedRaftLogWorker for RaftStorageImpl:Storage Directory /home/runner/work/ozone/ozone/hadoop-ozone/integration-test/target/test-dir/MiniOzoneClusterImpl-11b76480-f5fe-46c6-962b-c791e86a534f/datanode-6/data/ratis/7ca9c5f4-69b5-4390-bd30-ded8b9e962e2
2023-12-28 09:10:39,897 [e5bd5207-4071-4a5b-ab67-86e23051c304-groupManagement] INFO  server.RaftServerConfigKeys (ConfUtils.java:logGet(46)) - raft.server.log.queue.byte-limit = 4294967296 (custom)
2023-12-28 09:10:39,897 [e5bd5207-4071-4a5b-ab67-86e23051c304-groupManagement] INFO  server.RaftServerConfigKeys (ConfUtils.java:logGet(46)) - raft.server.log.queue.element-limit = 1024 (custom)
2023-12-28 09:10:39,897 [e5bd5207-4071-4a5b-ab67-86e23051c304-groupManagement] INFO  server.RaftServerConfigKeys (ConfUtils.java:logGet(46)) - raft.server.log.segment.size.max = 67108864 (custom)
2023-12-28 09:10:39,897 [e5bd5207-4071-4a5b-ab67-86e23051c304-groupManagement] INFO  server.RaftServerConfigKeys (ConfUtils.java:logGet(46)) - raft.server.log.preallocated.size = 4194304 (custom)
2023-12-28 09:10:39,897 [e5bd5207-4071-4a5b-ab67-86e23051c304-groupManagement] INFO  server.RaftServerConfigKeys (ConfUtils.java:logGet(46)) - raft.server.log.force.sync.num = 128 (default)
2023-12-28 09:10:39,898 [e5bd5207-4071-4a5b-ab67-86e23051c304-groupManagement] INFO  server.RaftServerConfigKeys (ConfUtils.java:logGet(46)) - raft.server.log.statemachine.data.sync = true (default)
2023-12-28 09:10:39,898 [e5bd5207-4071-4a5b-ab67-86e23051c304-groupManagement] INFO  server.RaftServerConfigKeys (ConfUtils.java:logGet(46)) - raft.server.log.statemachine.data.sync.timeout = 10s (default)
2023-12-28 09:10:39,898 [e5bd5207-4071-4a5b-ab67-86e23051c304-groupManagement] INFO  server.RaftServerConfigKeys (ConfUtils.java:logGet(46)) - raft.server.log.statemachine.data.sync.timeout.retry = 0 (custom)
2023-12-28 09:10:39,898 [e5bd5207-4071-4a5b-ab67-86e23051c304-groupManagement] INFO  server.RaftServerConfigKeys (ConfUtils.java:logGet(46)) - raft.server.log.write.buffer.size = 8388616 (custom)
2023-12-28 09:10:39,900 [e5bd5207-4071-4a5b-ab67-86e23051c304-groupManagement] INFO  server.RaftServerConfigKeys (ConfUtils.java:logGet(46)) - raft.server.log.appender.buffer.byte-limit = 8388608 (custom)
2023-12-28 09:10:39,900 [e5bd5207-4071-4a5b-ab67-86e23051c304-groupManagement] INFO  server.RaftServerConfigKeys (ConfUtils.java:logGet(46)) - raft.server.log.unsafe-flush.enabled = false (default)
2023-12-28 09:10:39,900 [e5bd5207-4071-4a5b-ab67-86e23051c304-groupManagement] INFO  server.RaftServerConfigKeys (ConfUtils.java:logGet(46)) - raft.server.log.async-flush.enabled = false (default)
2023-12-28 09:10:39,900 [e5bd5207-4071-4a5b-ab67-86e23051c304-groupManagement] INFO  server.RaftServerConfigKeys (ConfUtils.java:logGet(46)) - raft.server.log.statemachine.data.caching.enabled = true (custom)
2023-12-28 09:10:39,900 [e5bd5207-4071-4a5b-ab67-86e23051c304-groupManagement] INFO  segmented.SegmentedRaftLogWorker (SegmentedRaftLogWorker.java:lambda$new$0(135)) - e5bd5207-4071-4a5b-ab67-86e23051c304@group-DED8B9E962E2-SegmentedRaftLogWorker: flushIndex: setUnconditionally 0 -> -1
2023-12-28 09:10:39,900 [e5bd5207-4071-4a5b-ab67-86e23051c304-groupManagement] INFO  segmented.SegmentedRaftLogWorker (SegmentedRaftLogWorker.java:lambda$new$0(135)) - e5bd5207-4071-4a5b-ab67-86e23051c304@group-DED8B9E962E2-SegmentedRaftLogWorker: safeCacheEvictIndex: setUnconditionally 0 -> -1
2023-12-28 09:10:39,901 [e5bd5207-4071-4a5b-ab67-86e23051c304-groupManagement] INFO  server.RaftServer$Division (RaftServerImpl.java:start(392)) - e5bd5207-4071-4a5b-ab67-86e23051c304@group-DED8B9E962E2: start as a follower, conf=-1: peers:[a0932215-df16-440c-a3f0-f0918056a56b|10.1.0.14:15522, e5bd5207-4071-4a5b-ab67-86e23051c304|10.1.0.14:15513, d4ff55f6-7f98-4fff-b295-c0ac26278483|10.1.0.14:15531]|listeners:[], old=null
2023-12-28 09:10:39,901 [e5bd5207-4071-4a5b-ab67-86e23051c304-groupManagement] INFO  server.RaftServer$Division (RaftServerImpl.java:setRole(379)) - e5bd5207-4071-4a5b-ab67-86e23051c304@group-DED8B9E962E2: changes role from      null to FOLLOWER at term 0 for startAsFollower
2023-12-28 09:10:39,901 [e5bd5207-4071-4a5b-ab67-86e23051c304-groupManagement] INFO  impl.RoleInfo (RoleInfo.java:updateAndGet(139)) - e5bd5207-4071-4a5b-ab67-86e23051c304: start e5bd5207-4071-4a5b-ab67-86e23051c304@group-DED8B9E962E2-FollowerState
2023-12-28 09:10:39,901 [e5bd5207-4071-4a5b-ab67-86e23051c304@group-DED8B9E962E2-FollowerState] INFO  server.RaftServerConfigKeys (ConfUtils.java:logFallback(53)) - raft.server.rpc.first-election.timeout.min = 5s (fallback to raft.server.rpc.timeout.min)
2023-12-28 09:10:39,901 [e5bd5207-4071-4a5b-ab67-86e23051c304-groupManagement] INFO  util.JmxRegister (JmxRegister.java:tryRegister(44)) - Successfully registered JMX Bean with object name Ratis:service=RaftServer,group=group-DED8B9E962E2,id=e5bd5207-4071-4a5b-ab67-86e23051c304
2023-12-28 09:10:39,901 [e5bd5207-4071-4a5b-ab67-86e23051c304@group-DED8B9E962E2-FollowerState] INFO  server.RaftServerConfigKeys (ConfUtils.java:logFallback(53)) - raft.server.rpc.first-election.timeout.max = 5200ms (fallback to raft.server.rpc.timeout.max)
2023-12-28 09:10:39,901 [e5bd5207-4071-4a5b-ab67-86e23051c304-groupManagement] INFO  server.RaftServerConfigKeys (ConfUtils.java:logGet(46)) - raft.server.snapshot.trigger-when-stop.enabled = true (default)
2023-12-28 09:10:39,901 [e5bd5207-4071-4a5b-ab67-86e23051c304-groupManagement] INFO  server.RaftServerConfigKeys (ConfUtils.java:logGet(46)) - raft.server.snapshot.auto.trigger.enabled = true (custom)
2023-12-28 09:10:39,901 [e5bd5207-4071-4a5b-ab67-86e23051c304-groupManagement] INFO  server.RaftServerConfigKeys (ConfUtils.java:logGet(46)) - raft.server.snapshot.auto.trigger.threshold = 10000 (custom)
2023-12-28 09:10:39,901 [e5bd5207-4071-4a5b-ab67-86e23051c304-groupManagement] INFO  server.RaftServerConfigKeys (ConfUtils.java:logGet(46)) - raft.server.snapshot.retention.file.num = 5 (custom)
2023-12-28 09:10:39,901 [e5bd5207-4071-4a5b-ab67-86e23051c304-groupManagement] INFO  server.RaftServerConfigKeys (ConfUtils.java:logGet(46)) - raft.server.log.purge.upto.snapshot.index = false (default)
2023-12-28 09:10:39,902 [e5bd5207-4071-4a5b-ab67-86e23051c304-PipelineCommandHandlerThread-0] INFO  ratis.XceiverServerRatis (XceiverServerRatis.java:addGroup(837)) - Created group PipelineID=7ca9c5f4-69b5-4390-bd30-ded8b9e962e2
2023-12-28 09:10:39,906 [grpc-default-executor-2] INFO  server.RaftServer (RaftServerProxy.java:addNew(100)) - a0932215-df16-440c-a3f0-f0918056a56b: addNew group-DED8B9E962E2:[a0932215-df16-440c-a3f0-f0918056a56b|10.1.0.14:15522, e5bd5207-4071-4a5b-ab67-86e23051c304|10.1.0.14:15513, d4ff55f6-7f98-4fff-b295-c0ac26278483|10.1.0.14:15531] returns group-DED8B9E962E2:java.util.concurrent.CompletableFuture@199f4abc[Not completed]
2023-12-28 09:10:39,907 [a0932215-df16-440c-a3f0-f0918056a56b-groupManagement] INFO  server.RaftServer$Division (RaftServerImpl.java:<init>(256)) - a0932215-df16-440c-a3f0-f0918056a56b: new RaftServerImpl for group-DED8B9E962E2:[a0932215-df16-440c-a3f0-f0918056a56b|10.1.0.14:15522, e5bd5207-4071-4a5b-ab67-86e23051c304|10.1.0.14:15513, d4ff55f6-7f98-4fff-b295-c0ac26278483|10.1.0.14:15531] with ContainerStateMachine:uninitialized
2023-12-28 09:10:39,907 [a0932215-df16-440c-a3f0-f0918056a56b-groupManagement] INFO  server.RaftServerConfigKeys (ConfUtils.java:logGet(46)) - raft.server.rpc.timeout.min = 5s (custom)
2023-12-28 09:10:39,907 [a0932215-df16-440c-a3f0-f0918056a56b-groupManagement] INFO  server.RaftServerConfigKeys (ConfUtils.java:logGet(46)) - raft.server.rpc.timeout.max = 5200ms (custom)
2023-12-28 09:10:39,907 [a0932215-df16-440c-a3f0-f0918056a56b-groupManagement] INFO  server.RaftServerConfigKeys (ConfUtils.java:logGet(46)) - raft.server.rpc.sleep.time = 25ms (default)
2023-12-28 09:10:39,907 [a0932215-df16-440c-a3f0-f0918056a56b-groupManagement] INFO  server.RaftServerConfigKeys (ConfUtils.java:logGet(46)) - raft.server.rpc.slowness.timeout = 300000ms (custom)
2023-12-28 09:10:39,907 [a0932215-df16-440c-a3f0-f0918056a56b-groupManagement] INFO  server.RaftServerConfigKeys (ConfUtils.java:logGet(46)) - raft.server.leaderelection.leader.step-down.wait-time = 10s (default)
2023-12-28 09:10:39,907 [a0932215-df16-440c-a3f0-f0918056a56b-groupManagement] INFO  server.RaftServerConfigKeys (ConfUtils.java:logGet(46)) - raft.server.leaderelection.member.majority-add = false (default)
2023-12-28 09:10:39,907 [a0932215-df16-440c-a3f0-f0918056a56b-groupManagement] INFO  server.RaftServerConfigKeys (ConfUtils.java:logGet(46)) - raft.server.sleep.deviation.threshold = 300ms (default)
2023-12-28 09:10:39,907 [a0932215-df16-440c-a3f0-f0918056a56b-groupManagement] INFO  server.RaftServer$Division (ServerState.java:<init>(113)) - a0932215-df16-440c-a3f0-f0918056a56b@group-DED8B9E962E2: ConfigurationManager, init=-1: peers:[a0932215-df16-440c-a3f0-f0918056a56b|10.1.0.14:15522, e5bd5207-4071-4a5b-ab67-86e23051c304|10.1.0.14:15513, d4ff55f6-7f98-4fff-b295-c0ac26278483|10.1.0.14:15531]|listeners:[], old=null, confs=<EMPTY_MAP>
2023-12-28 09:10:39,907 [a0932215-df16-440c-a3f0-f0918056a56b-groupManagement] INFO  server.RaftServerConfigKeys (ConfUtils.java:logGet(46)) - raft.server.notification.no-leader.timeout = 300000ms (custom)
2023-12-28 09:10:39,907 [a0932215-df16-440c-a3f0-f0918056a56b-groupManagement] INFO  server.RaftServerConfigKeys (ConfUtils.java:logGet(46)) - raft.server.read.timeout = 10s (default)
2023-12-28 09:10:39,907 [a0932215-df16-440c-a3f0-f0918056a56b-groupManagement] INFO  server.RaftServerConfigKeys (ConfUtils.java:logGet(46)) - raft.server.retrycache.expirytime = 600000ms (custom)
2023-12-28 09:10:39,907 [a0932215-df16-440c-a3f0-f0918056a56b-groupManagement] INFO  server.RaftServerConfigKeys (ConfUtils.java:logGet(46)) - raft.server.retrycache.statistics.expirytime = 100ms (default)
2023-12-28 09:10:39,907 [a0932215-df16-440c-a3f0-f0918056a56b-groupManagement] INFO  server.RaftServerConfigKeys (ConfUtils.java:logGet(46)) - raft.server.read.option = DEFAULT (default)
2023-12-28 09:10:39,907 [a0932215-df16-440c-a3f0-f0918056a56b-groupManagement] INFO  server.RaftServerConfigKeys (ConfUtils.java:logGet(46)) - raft.server.read.read-after-write-consistent.write-index-cache.expiry-time = 60s (default)
2023-12-28 09:10:39,909 [a0932215-df16-440c-a3f0-f0918056a56b-groupManagement] INFO  server.RaftServerConfigKeys (ConfUtils.java:logGet(46)) - raft.server.rpc.request.timeout = 3000ms (default)
2023-12-28 09:10:39,909 [a0932215-df16-440c-a3f0-f0918056a56b-groupManagement] INFO  server.RaftServerConfigKeys (ConfUtils.java:logGet(46)) - raft.server.log.appender.install.snapshot.enabled = false (custom)
2023-12-28 09:10:39,909 [a0932215-df16-440c-a3f0-f0918056a56b-groupManagement] INFO  server.RaftServerConfigKeys (ConfUtils.java:logGet(46)) - raft.server.threadpool.server.cached = true (default)
2023-12-28 09:10:39,909 [a0932215-df16-440c-a3f0-f0918056a56b-groupManagement] INFO  server.RaftServerConfigKeys (ConfUtils.java:logGet(46)) - raft.server.threadpool.server.size = 0 (default)
2023-12-28 09:10:39,909 [a0932215-df16-440c-a3f0-f0918056a56b-groupManagement] INFO  server.RaftServerConfigKeys (ConfUtils.java:logGet(46)) - raft.server.threadpool.client.cached = true (default)
2023-12-28 09:10:39,909 [a0932215-df16-440c-a3f0-f0918056a56b-groupManagement] INFO  server.RaftServerConfigKeys (ConfUtils.java:logGet(46)) - raft.server.threadpool.client.size = 0 (default)
2023-12-28 09:10:39,909 [a0932215-df16-440c-a3f0-f0918056a56b-groupManagement] INFO  server.RaftServerConfigKeys (ConfUtils.java:logGet(46)) - raft.server.storage.free-space.min = 0MB (=0) (default)
2023-12-28 09:10:39,909 [a0932215-df16-440c-a3f0-f0918056a56b-groupManagement] INFO  server.RaftServerConfigKeys (ConfUtils.java:logGet(46)) - raft.server.log.corruption.policy = EXCEPTION (default)
2023-12-28 09:10:39,909 [a0932215-df16-440c-a3f0-f0918056a56b-groupManagement] INFO  server.RaftServerConfigKeys (ConfUtils.java:logGet(46)) - raft.server.storage.dir = [/home/runner/work/ozone/ozone/hadoop-ozone/integration-test/target/test-dir/MiniOzoneClusterImpl-11b76480-f5fe-46c6-962b-c791e86a534f/datanode-7/data/ratis] (custom)
2023-12-28 09:10:39,909 [a0932215-df16-440c-a3f0-f0918056a56b-groupManagement] INFO  storage.RaftStorageDirectory (RaftStorageDirectoryImpl.java:analyzeStorage(138)) - The storage directory /home/runner/work/ozone/ozone/hadoop-ozone/integration-test/target/test-dir/MiniOzoneClusterImpl-11b76480-f5fe-46c6-962b-c791e86a534f/datanode-7/data/ratis/7ca9c5f4-69b5-4390-bd30-ded8b9e962e2 does not exist. Creating ...
2023-12-28 09:10:39,910 [a0932215-df16-440c-a3f0-f0918056a56b-groupManagement] INFO  storage.RaftStorageDirectory (RaftStorageDirectoryImpl.java:tryLock(232)) - Lock on /home/runner/work/ozone/ozone/hadoop-ozone/integration-test/target/test-dir/MiniOzoneClusterImpl-11b76480-f5fe-46c6-962b-c791e86a534f/datanode-7/data/ratis/7ca9c5f4-69b5-4390-bd30-ded8b9e962e2/in_use.lock acquired by nodename 85610@fv-az1384-14
2023-12-28 09:10:39,911 [a0932215-df16-440c-a3f0-f0918056a56b-groupManagement] INFO  storage.RaftStorage (RaftStorageImpl.java:format(97)) - Storage directory /home/runner/work/ozone/ozone/hadoop-ozone/integration-test/target/test-dir/MiniOzoneClusterImpl-11b76480-f5fe-46c6-962b-c791e86a534f/datanode-7/data/ratis/7ca9c5f4-69b5-4390-bd30-ded8b9e962e2 has been successfully formatted.
2023-12-28 09:10:39,912 [a0932215-df16-440c-a3f0-f0918056a56b-groupManagement] INFO  ratis.ContainerStateMachine (ContainerStateMachine.java:loadSnapshot(287)) - group-DED8B9E962E2: The snapshot info is null. Setting the last applied indexto:(t:0, i:~)
2023-12-28 09:10:39,912 [a0932215-df16-440c-a3f0-f0918056a56b-groupManagement] INFO  server.RaftServerConfigKeys (ConfUtils.java:logGet(46)) - raft.server.log.use.memory = false (default)
2023-12-28 09:10:39,913 [a0932215-df16-440c-a3f0-f0918056a56b-groupManagement] INFO  server.RaftServerConfigKeys (ConfUtils.java:logGet(46)) - raft.server.log.purge.gap = 1000000 (custom)
2023-12-28 09:10:39,913 [a0932215-df16-440c-a3f0-f0918056a56b-groupManagement] INFO  server.RaftServerConfigKeys (ConfUtils.java:logGet(46)) - raft.server.log.appender.buffer.byte-limit = 8388608 (custom)
2023-12-28 09:10:39,913 [a0932215-df16-440c-a3f0-f0918056a56b-groupManagement] INFO  server.RaftServerConfigKeys (ConfUtils.java:logGet(46)) - raft.server.log.statemachine.data.read.timeout = 1000ms (default)
2023-12-28 09:10:39,913 [a0932215-df16-440c-a3f0-f0918056a56b-groupManagement] INFO  server.RaftServerConfigKeys (ConfUtils.java:logGet(46)) - raft.server.log.purge.preservation.log.num = 0 (default)
2023-12-28 09:10:39,914 [a0932215-df16-440c-a3f0-f0918056a56b-groupManagement] INFO  server.RaftServerConfigKeys (ConfUtils.java:logGet(46)) - raft.server.log.segment.size.max = 67108864 (custom)
2023-12-28 09:10:39,914 [a0932215-df16-440c-a3f0-f0918056a56b-groupManagement] INFO  server.RaftServerConfigKeys (ConfUtils.java:logGet(46)) - raft.server.log.segment.cache.num.max = 2 (custom)
2023-12-28 09:10:39,914 [a0932215-df16-440c-a3f0-f0918056a56b-groupManagement] INFO  server.RaftServerConfigKeys (ConfUtils.java:logGet(46)) - raft.server.log.segment.cache.size.max = 200MB (=209715200) (default)
2023-12-28 09:10:39,914 [a0932215-df16-440c-a3f0-f0918056a56b-groupManagement] INFO  server.RaftServerConfigKeys (ConfUtils.java:logGet(46)) - raft.server.log.appender.buffer.byte-limit = 8388608 (custom)
2023-12-28 09:10:39,914 [a0932215-df16-440c-a3f0-f0918056a56b-groupManagement] INFO  util.AwaitToRun (AwaitToRun.java:start(81)) - Thread[a0932215-df16-440c-a3f0-f0918056a56b@group-DED8B9E962E2-cacheEviction-AwaitToRun,5,main] started
2023-12-28 09:10:39,914 [a0932215-df16-440c-a3f0-f0918056a56b-groupManagement] INFO  segmented.SegmentedRaftLogWorker (SegmentedRaftLogWorker.java:<init>(184)) - new a0932215-df16-440c-a3f0-f0918056a56b@group-DED8B9E962E2-SegmentedRaftLogWorker for RaftStorageImpl:Storage Directory /home/runner/work/ozone/ozone/hadoop-ozone/integration-test/target/test-dir/MiniOzoneClusterImpl-11b76480-f5fe-46c6-962b-c791e86a534f/datanode-7/data/ratis/7ca9c5f4-69b5-4390-bd30-ded8b9e962e2
2023-12-28 09:10:39,914 [a0932215-df16-440c-a3f0-f0918056a56b-groupManagement] INFO  server.RaftServerConfigKeys (ConfUtils.java:logGet(46)) - raft.server.log.queue.byte-limit = 4294967296 (custom)
2023-12-28 09:10:39,914 [a0932215-df16-440c-a3f0-f0918056a56b-groupManagement] INFO  server.RaftServerConfigKeys (ConfUtils.java:logGet(46)) - raft.server.log.queue.element-limit = 1024 (custom)
2023-12-28 09:10:39,915 [a0932215-df16-440c-a3f0-f0918056a56b-groupManagement] INFO  server.RaftServerConfigKeys (ConfUtils.java:logGet(46)) - raft.server.log.segment.size.max = 67108864 (custom)
2023-12-28 09:10:39,915 [a0932215-df16-440c-a3f0-f0918056a56b-groupManagement] INFO  server.RaftServerConfigKeys (ConfUtils.java:logGet(46)) - raft.server.log.preallocated.size = 4194304 (custom)
2023-12-28 09:10:39,915 [a0932215-df16-440c-a3f0-f0918056a56b-groupManagement] INFO  server.RaftServerConfigKeys (ConfUtils.java:logGet(46)) - raft.server.log.force.sync.num = 128 (default)
2023-12-28 09:10:39,915 [a0932215-df16-440c-a3f0-f0918056a56b-groupManagement] INFO  server.RaftServerConfigKeys (ConfUtils.java:logGet(46)) - raft.server.log.statemachine.data.sync = true (default)
2023-12-28 09:10:39,915 [a0932215-df16-440c-a3f0-f0918056a56b-groupManagement] INFO  server.RaftServerConfigKeys (ConfUtils.java:logGet(46)) - raft.server.log.statemachine.data.sync.timeout = 10s (default)
2023-12-28 09:10:39,915 [a0932215-df16-440c-a3f0-f0918056a56b-groupManagement] INFO  server.RaftServerConfigKeys (ConfUtils.java:logGet(46)) - raft.server.log.statemachine.data.sync.timeout.retry = 0 (custom)
2023-12-28 09:10:39,915 [a0932215-df16-440c-a3f0-f0918056a56b-groupManagement] INFO  server.RaftServerConfigKeys (ConfUtils.java:logGet(46)) - raft.server.log.write.buffer.size = 8388616 (custom)
2023-12-28 09:10:39,916 [a0932215-df16-440c-a3f0-f0918056a56b-groupManagement] INFO  server.RaftServerConfigKeys (ConfUtils.java:logGet(46)) - raft.server.log.appender.buffer.byte-limit = 8388608 (custom)
2023-12-28 09:10:39,917 [a0932215-df16-440c-a3f0-f0918056a56b-groupManagement] INFO  server.RaftServerConfigKeys (ConfUtils.java:logGet(46)) - raft.server.log.unsafe-flush.enabled = false (default)
2023-12-28 09:10:39,917 [a0932215-df16-440c-a3f0-f0918056a56b-groupManagement] INFO  server.RaftServerConfigKeys (ConfUtils.java:logGet(46)) - raft.server.log.async-flush.enabled = false (default)
2023-12-28 09:10:39,917 [a0932215-df16-440c-a3f0-f0918056a56b-groupManagement] INFO  server.RaftServerConfigKeys (ConfUtils.java:logGet(46)) - raft.server.log.statemachine.data.caching.enabled = true (custom)
2023-12-28 09:10:39,917 [a0932215-df16-440c-a3f0-f0918056a56b-groupManagement] INFO  segmented.SegmentedRaftLogWorker (SegmentedRaftLogWorker.java:lambda$new$0(135)) - a0932215-df16-440c-a3f0-f0918056a56b@group-DED8B9E962E2-SegmentedRaftLogWorker: flushIndex: setUnconditionally 0 -> -1
2023-12-28 09:10:39,917 [a0932215-df16-440c-a3f0-f0918056a56b-groupManagement] INFO  segmented.SegmentedRaftLogWorker (SegmentedRaftLogWorker.java:lambda$new$0(135)) - a0932215-df16-440c-a3f0-f0918056a56b@group-DED8B9E962E2-SegmentedRaftLogWorker: safeCacheEvictIndex: setUnconditionally 0 -> -1
2023-12-28 09:10:39,917 [a0932215-df16-440c-a3f0-f0918056a56b-groupManagement] INFO  server.RaftServer$Division (RaftServerImpl.java:start(392)) - a0932215-df16-440c-a3f0-f0918056a56b@group-DED8B9E962E2: start as a follower, conf=-1: peers:[a0932215-df16-440c-a3f0-f0918056a56b|10.1.0.14:15522, e5bd5207-4071-4a5b-ab67-86e23051c304|10.1.0.14:15513, d4ff55f6-7f98-4fff-b295-c0ac26278483|10.1.0.14:15531]|listeners:[], old=null
2023-12-28 09:10:39,917 [a0932215-df16-440c-a3f0-f0918056a56b-groupManagement] INFO  server.RaftServer$Division (RaftServerImpl.java:setRole(379)) - a0932215-df16-440c-a3f0-f0918056a56b@group-DED8B9E962E2: changes role from      null to FOLLOWER at term 0 for startAsFollower
2023-12-28 09:10:39,917 [a0932215-df16-440c-a3f0-f0918056a56b-groupManagement] INFO  impl.RoleInfo (RoleInfo.java:updateAndGet(139)) - a0932215-df16-440c-a3f0-f0918056a56b: start a0932215-df16-440c-a3f0-f0918056a56b@group-DED8B9E962E2-FollowerState
2023-12-28 09:10:39,917 [a0932215-df16-440c-a3f0-f0918056a56b@group-DED8B9E962E2-FollowerState] INFO  server.RaftServerConfigKeys (ConfUtils.java:logFallback(53)) - raft.server.rpc.first-election.timeout.min = 5s (fallback to raft.server.rpc.timeout.min)
2023-12-28 09:10:39,917 [a0932215-df16-440c-a3f0-f0918056a56b-groupManagement] INFO  util.JmxRegister (JmxRegister.java:tryRegister(44)) - Successfully registered JMX Bean with object name Ratis:service=RaftServer,group=group-DED8B9E962E2,id=a0932215-df16-440c-a3f0-f0918056a56b
2023-12-28 09:10:39,917 [a0932215-df16-440c-a3f0-f0918056a56b@group-DED8B9E962E2-FollowerState] INFO  server.RaftServerConfigKeys (ConfUtils.java:logFallback(53)) - raft.server.rpc.first-election.timeout.max = 5200ms (fallback to raft.server.rpc.timeout.max)
2023-12-28 09:10:39,917 [a0932215-df16-440c-a3f0-f0918056a56b-groupManagement] INFO  server.RaftServerConfigKeys (ConfUtils.java:logGet(46)) - raft.server.snapshot.trigger-when-stop.enabled = true (default)
2023-12-28 09:10:39,917 [a0932215-df16-440c-a3f0-f0918056a56b-groupManagement] INFO  server.RaftServerConfigKeys (ConfUtils.java:logGet(46)) - raft.server.snapshot.auto.trigger.enabled = true (custom)
2023-12-28 09:10:39,917 [a0932215-df16-440c-a3f0-f0918056a56b-groupManagement] INFO  server.RaftServerConfigKeys (ConfUtils.java:logGet(46)) - raft.server.snapshot.auto.trigger.threshold = 10000 (custom)
2023-12-28 09:10:39,917 [a0932215-df16-440c-a3f0-f0918056a56b-groupManagement] INFO  server.RaftServerConfigKeys (ConfUtils.java:logGet(46)) - raft.server.snapshot.retention.file.num = 5 (custom)
2023-12-28 09:10:39,917 [a0932215-df16-440c-a3f0-f0918056a56b-groupManagement] INFO  server.RaftServerConfigKeys (ConfUtils.java:logGet(46)) - raft.server.log.purge.upto.snapshot.index = false (default)
2023-12-28 09:10:39,923 [grpc-default-executor-2] INFO  server.RaftServer (RaftServerProxy.java:addNew(100)) - d4ff55f6-7f98-4fff-b295-c0ac26278483: addNew group-DED8B9E962E2:[a0932215-df16-440c-a3f0-f0918056a56b|10.1.0.14:15522, e5bd5207-4071-4a5b-ab67-86e23051c304|10.1.0.14:15513, d4ff55f6-7f98-4fff-b295-c0ac26278483|10.1.0.14:15531] returns group-DED8B9E962E2:java.util.concurrent.CompletableFuture@13d41861[Not completed]
2023-12-28 09:10:39,923 [d4ff55f6-7f98-4fff-b295-c0ac26278483-groupManagement] INFO  server.RaftServer$Division (RaftServerImpl.java:<init>(256)) - d4ff55f6-7f98-4fff-b295-c0ac26278483: new RaftServerImpl for group-DED8B9E962E2:[a0932215-df16-440c-a3f0-f0918056a56b|10.1.0.14:15522, e5bd5207-4071-4a5b-ab67-86e23051c304|10.1.0.14:15513, d4ff55f6-7f98-4fff-b295-c0ac26278483|10.1.0.14:15531] with ContainerStateMachine:uninitialized
2023-12-28 09:10:39,923 [d4ff55f6-7f98-4fff-b295-c0ac26278483-groupManagement] INFO  server.RaftServerConfigKeys (ConfUtils.java:logGet(46)) - raft.server.rpc.timeout.min = 5s (custom)
2023-12-28 09:10:39,924 [d4ff55f6-7f98-4fff-b295-c0ac26278483-groupManagement] INFO  server.RaftServerConfigKeys (ConfUtils.java:logGet(46)) - raft.server.rpc.timeout.max = 5200ms (custom)
2023-12-28 09:10:39,924 [d4ff55f6-7f98-4fff-b295-c0ac26278483-groupManagement] INFO  server.RaftServerConfigKeys (ConfUtils.java:logGet(46)) - raft.server.rpc.sleep.time = 25ms (default)
2023-12-28 09:10:39,924 [d4ff55f6-7f98-4fff-b295-c0ac26278483-groupManagement] INFO  server.RaftServerConfigKeys (ConfUtils.java:logGet(46)) - raft.server.rpc.slowness.timeout = 300000ms (custom)
2023-12-28 09:10:39,924 [d4ff55f6-7f98-4fff-b295-c0ac26278483-groupManagement] INFO  server.RaftServerConfigKeys (ConfUtils.java:logGet(46)) - raft.server.leaderelection.leader.step-down.wait-time = 10s (default)
2023-12-28 09:10:39,924 [d4ff55f6-7f98-4fff-b295-c0ac26278483-groupManagement] INFO  server.RaftServerConfigKeys (ConfUtils.java:logGet(46)) - raft.server.leaderelection.member.majority-add = false (default)
2023-12-28 09:10:39,924 [d4ff55f6-7f98-4fff-b295-c0ac26278483-groupManagement] INFO  server.RaftServerConfigKeys (ConfUtils.java:logGet(46)) - raft.server.sleep.deviation.threshold = 300ms (default)
2023-12-28 09:10:39,924 [d4ff55f6-7f98-4fff-b295-c0ac26278483-groupManagement] INFO  server.RaftServer$Division (ServerState.java:<init>(113)) - d4ff55f6-7f98-4fff-b295-c0ac26278483@group-DED8B9E962E2: ConfigurationManager, init=-1: peers:[a0932215-df16-440c-a3f0-f0918056a56b|10.1.0.14:15522, e5bd5207-4071-4a5b-ab67-86e23051c304|10.1.0.14:15513, d4ff55f6-7f98-4fff-b295-c0ac26278483|10.1.0.14:15531]|listeners:[], old=null, confs=<EMPTY_MAP>
2023-12-28 09:10:39,924 [d4ff55f6-7f98-4fff-b295-c0ac26278483-groupManagement] INFO  server.RaftServerConfigKeys (ConfUtils.java:logGet(46)) - raft.server.notification.no-leader.timeout = 300000ms (custom)
2023-12-28 09:10:39,924 [d4ff55f6-7f98-4fff-b295-c0ac26278483-groupManagement] INFO  server.RaftServerConfigKeys (ConfUtils.java:logGet(46)) - raft.server.read.timeout = 10s (default)
2023-12-28 09:10:39,924 [d4ff55f6-7f98-4fff-b295-c0ac26278483-groupManagement] INFO  server.RaftServerConfigKeys (ConfUtils.java:logGet(46)) - raft.server.retrycache.expirytime = 600000ms (custom)
2023-12-28 09:10:39,924 [d4ff55f6-7f98-4fff-b295-c0ac26278483-groupManagement] INFO  server.RaftServerConfigKeys (ConfUtils.java:logGet(46)) - raft.server.retrycache.statistics.expirytime = 100ms (default)
2023-12-28 09:10:39,924 [d4ff55f6-7f98-4fff-b295-c0ac26278483-groupManagement] INFO  server.RaftServerConfigKeys (ConfUtils.java:logGet(46)) - raft.server.read.option = DEFAULT (default)
2023-12-28 09:10:39,924 [d4ff55f6-7f98-4fff-b295-c0ac26278483-groupManagement] INFO  server.RaftServerConfigKeys (ConfUtils.java:logGet(46)) - raft.server.read.read-after-write-consistent.write-index-cache.expiry-time = 60s (default)
2023-12-28 09:10:39,925 [d4ff55f6-7f98-4fff-b295-c0ac26278483-groupManagement] INFO  server.RaftServerConfigKeys (ConfUtils.java:logGet(46)) - raft.server.rpc.request.timeout = 3000ms (default)
2023-12-28 09:10:39,925 [d4ff55f6-7f98-4fff-b295-c0ac26278483-groupManagement] INFO  server.RaftServerConfigKeys (ConfUtils.java:logGet(46)) - raft.server.log.appender.install.snapshot.enabled = false (custom)
2023-12-28 09:10:39,925 [d4ff55f6-7f98-4fff-b295-c0ac26278483-groupManagement] INFO  server.RaftServerConfigKeys (ConfUtils.java:logGet(46)) - raft.server.threadpool.server.cached = true (default)
2023-12-28 09:10:39,925 [d4ff55f6-7f98-4fff-b295-c0ac26278483-groupManagement] INFO  server.RaftServerConfigKeys (ConfUtils.java:logGet(46)) - raft.server.threadpool.server.size = 0 (default)
2023-12-28 09:10:39,925 [d4ff55f6-7f98-4fff-b295-c0ac26278483-groupManagement] INFO  server.RaftServerConfigKeys (ConfUtils.java:logGet(46)) - raft.server.threadpool.client.cached = true (default)
2023-12-28 09:10:39,925 [d4ff55f6-7f98-4fff-b295-c0ac26278483-groupManagement] INFO  server.RaftServerConfigKeys (ConfUtils.java:logGet(46)) - raft.server.threadpool.client.size = 0 (default)
2023-12-28 09:10:39,925 [d4ff55f6-7f98-4fff-b295-c0ac26278483-groupManagement] INFO  server.RaftServerConfigKeys (ConfUtils.java:logGet(46)) - raft.server.storage.free-space.min = 0MB (=0) (default)
2023-12-28 09:10:39,925 [d4ff55f6-7f98-4fff-b295-c0ac26278483-groupManagement] INFO  server.RaftServerConfigKeys (ConfUtils.java:logGet(46)) - raft.server.log.corruption.policy = EXCEPTION (default)
2023-12-28 09:10:39,926 [d4ff55f6-7f98-4fff-b295-c0ac26278483-groupManagement] INFO  server.RaftServerConfigKeys (ConfUtils.java:logGet(46)) - raft.server.storage.dir = [/home/runner/work/ozone/ozone/hadoop-ozone/integration-test/target/test-dir/MiniOzoneClusterImpl-11b76480-f5fe-46c6-962b-c791e86a534f/datanode-8/data/ratis] (custom)
2023-12-28 09:10:39,926 [d4ff55f6-7f98-4fff-b295-c0ac26278483-groupManagement] INFO  storage.RaftStorageDirectory (RaftStorageDirectoryImpl.java:analyzeStorage(138)) - The storage directory /home/runner/work/ozone/ozone/hadoop-ozone/integration-test/target/test-dir/MiniOzoneClusterImpl-11b76480-f5fe-46c6-962b-c791e86a534f/datanode-8/data/ratis/7ca9c5f4-69b5-4390-bd30-ded8b9e962e2 does not exist. Creating ...
2023-12-28 09:10:39,927 [d4ff55f6-7f98-4fff-b295-c0ac26278483-groupManagement] INFO  storage.RaftStorageDirectory (RaftStorageDirectoryImpl.java:tryLock(232)) - Lock on /home/runner/work/ozone/ozone/hadoop-ozone/integration-test/target/test-dir/MiniOzoneClusterImpl-11b76480-f5fe-46c6-962b-c791e86a534f/datanode-8/data/ratis/7ca9c5f4-69b5-4390-bd30-ded8b9e962e2/in_use.lock acquired by nodename 85610@fv-az1384-14
2023-12-28 09:10:39,928 [d4ff55f6-7f98-4fff-b295-c0ac26278483-groupManagement] INFO  storage.RaftStorage (RaftStorageImpl.java:format(97)) - Storage directory /home/runner/work/ozone/ozone/hadoop-ozone/integration-test/target/test-dir/MiniOzoneClusterImpl-11b76480-f5fe-46c6-962b-c791e86a534f/datanode-8/data/ratis/7ca9c5f4-69b5-4390-bd30-ded8b9e962e2 has been successfully formatted.
2023-12-28 09:10:39,929 [d4ff55f6-7f98-4fff-b295-c0ac26278483-groupManagement] INFO  ratis.ContainerStateMachine (ContainerStateMachine.java:loadSnapshot(287)) - group-DED8B9E962E2: The snapshot info is null. Setting the last applied indexto:(t:0, i:~)
2023-12-28 09:10:39,929 [d4ff55f6-7f98-4fff-b295-c0ac26278483-groupManagement] INFO  server.RaftServerConfigKeys (ConfUtils.java:logGet(46)) - raft.server.log.use.memory = false (default)
2023-12-28 09:10:39,930 [d4ff55f6-7f98-4fff-b295-c0ac26278483-groupManagement] INFO  server.RaftServerConfigKeys (ConfUtils.java:logGet(46)) - raft.server.log.purge.gap = 1000000 (custom)
2023-12-28 09:10:39,930 [d4ff55f6-7f98-4fff-b295-c0ac26278483-groupManagement] INFO  server.RaftServerConfigKeys (ConfUtils.java:logGet(46)) - raft.server.log.appender.buffer.byte-limit = 8388608 (custom)
2023-12-28 09:10:39,930 [d4ff55f6-7f98-4fff-b295-c0ac26278483-groupManagement] INFO  server.RaftServerConfigKeys (ConfUtils.java:logGet(46)) - raft.server.log.statemachine.data.read.timeout = 1000ms (default)
2023-12-28 09:10:39,930 [d4ff55f6-7f98-4fff-b295-c0ac26278483-groupManagement] INFO  server.RaftServerConfigKeys (ConfUtils.java:logGet(46)) - raft.server.log.purge.preservation.log.num = 0 (default)
2023-12-28 09:10:39,931 [d4ff55f6-7f98-4fff-b295-c0ac26278483-groupManagement] INFO  server.RaftServerConfigKeys (ConfUtils.java:logGet(46)) - raft.server.log.segment.size.max = 67108864 (custom)
2023-12-28 09:10:39,932 [d4ff55f6-7f98-4fff-b295-c0ac26278483-groupManagement] INFO  server.RaftServerConfigKeys (ConfUtils.java:logGet(46)) - raft.server.log.segment.cache.num.max = 2 (custom)
2023-12-28 09:10:39,932 [d4ff55f6-7f98-4fff-b295-c0ac26278483-groupManagement] INFO  server.RaftServerConfigKeys (ConfUtils.java:logGet(46)) - raft.server.log.segment.cache.size.max = 200MB (=209715200) (default)
2023-12-28 09:10:39,932 [d4ff55f6-7f98-4fff-b295-c0ac26278483-groupManagement] INFO  server.RaftServerConfigKeys (ConfUtils.java:logGet(46)) - raft.server.log.appender.buffer.byte-limit = 8388608 (custom)
2023-12-28 09:10:39,932 [d4ff55f6-7f98-4fff-b295-c0ac26278483-groupManagement] INFO  util.AwaitToRun (AwaitToRun.java:start(81)) - Thread[d4ff55f6-7f98-4fff-b295-c0ac26278483@group-DED8B9E962E2-cacheEviction-AwaitToRun,5,main] started
2023-12-28 09:10:39,932 [d4ff55f6-7f98-4fff-b295-c0ac26278483-groupManagement] INFO  segmented.SegmentedRaftLogWorker (SegmentedRaftLogWorker.java:<init>(184)) - new d4ff55f6-7f98-4fff-b295-c0ac26278483@group-DED8B9E962E2-SegmentedRaftLogWorker for RaftStorageImpl:Storage Directory /home/runner/work/ozone/ozone/hadoop-ozone/integration-test/target/test-dir/MiniOzoneClusterImpl-11b76480-f5fe-46c6-962b-c791e86a534f/datanode-8/data/ratis/7ca9c5f4-69b5-4390-bd30-ded8b9e962e2
2023-12-28 09:10:39,932 [d4ff55f6-7f98-4fff-b295-c0ac26278483-groupManagement] INFO  server.RaftServerConfigKeys (ConfUtils.java:logGet(46)) - raft.server.log.queue.byte-limit = 4294967296 (custom)
2023-12-28 09:10:39,932 [d4ff55f6-7f98-4fff-b295-c0ac26278483-groupManagement] INFO  server.RaftServerConfigKeys (ConfUtils.java:logGet(46)) - raft.server.log.queue.element-limit = 1024 (custom)
2023-12-28 09:10:39,932 [d4ff55f6-7f98-4fff-b295-c0ac26278483-groupManagement] INFO  server.RaftServerConfigKeys (ConfUtils.java:logGet(46)) - raft.server.log.segment.size.max = 67108864 (custom)
2023-12-28 09:10:39,932 [d4ff55f6-7f98-4fff-b295-c0ac26278483-groupManagement] INFO  server.RaftServerConfigKeys (ConfUtils.java:logGet(46)) - raft.server.log.preallocated.size = 4194304 (custom)
2023-12-28 09:10:39,932 [d4ff55f6-7f98-4fff-b295-c0ac26278483-groupManagement] INFO  server.RaftServerConfigKeys (ConfUtils.java:logGet(46)) - raft.server.log.force.sync.num = 128 (default)
2023-12-28 09:10:39,932 [d4ff55f6-7f98-4fff-b295-c0ac26278483-groupManagement] INFO  server.RaftServerConfigKeys (ConfUtils.java:logGet(46)) - raft.server.log.statemachine.data.sync = true (default)
2023-12-28 09:10:39,932 [d4ff55f6-7f98-4fff-b295-c0ac26278483-groupManagement] INFO  server.RaftServerConfigKeys (ConfUtils.java:logGet(46)) - raft.server.log.statemachine.data.sync.timeout = 10s (default)
2023-12-28 09:10:39,932 [d4ff55f6-7f98-4fff-b295-c0ac26278483-groupManagement] INFO  server.RaftServerConfigKeys (ConfUtils.java:logGet(46)) - raft.server.log.statemachine.data.sync.timeout.retry = 0 (custom)
2023-12-28 09:10:39,932 [d4ff55f6-7f98-4fff-b295-c0ac26278483-groupManagement] INFO  server.RaftServerConfigKeys (ConfUtils.java:logGet(46)) - raft.server.log.write.buffer.size = 8388616 (custom)
2023-12-28 09:10:39,933 [d4ff55f6-7f98-4fff-b295-c0ac26278483-groupManagement] INFO  server.RaftServerConfigKeys (ConfUtils.java:logGet(46)) - raft.server.log.appender.buffer.byte-limit = 8388608 (custom)
2023-12-28 09:10:39,934 [d4ff55f6-7f98-4fff-b295-c0ac26278483-groupManagement] INFO  server.RaftServerConfigKeys (ConfUtils.java:logGet(46)) - raft.server.log.unsafe-flush.enabled = false (default)
2023-12-28 09:10:39,934 [d4ff55f6-7f98-4fff-b295-c0ac26278483-groupManagement] INFO  server.RaftServerConfigKeys (ConfUtils.java:logGet(46)) - raft.server.log.async-flush.enabled = false (default)
2023-12-28 09:10:39,934 [d4ff55f6-7f98-4fff-b295-c0ac26278483-groupManagement] INFO  server.RaftServerConfigKeys (ConfUtils.java:logGet(46)) - raft.server.log.statemachine.data.caching.enabled = true (custom)
2023-12-28 09:10:39,934 [d4ff55f6-7f98-4fff-b295-c0ac26278483-groupManagement] INFO  segmented.SegmentedRaftLogWorker (SegmentedRaftLogWorker.java:lambda$new$0(135)) - d4ff55f6-7f98-4fff-b295-c0ac26278483@group-DED8B9E962E2-SegmentedRaftLogWorker: flushIndex: setUnconditionally 0 -> -1
2023-12-28 09:10:39,934 [d4ff55f6-7f98-4fff-b295-c0ac26278483-groupManagement] INFO  segmented.SegmentedRaftLogWorker (SegmentedRaftLogWorker.java:lambda$new$0(135)) - d4ff55f6-7f98-4fff-b295-c0ac26278483@group-DED8B9E962E2-SegmentedRaftLogWorker: safeCacheEvictIndex: setUnconditionally 0 -> -1
2023-12-28 09:10:39,934 [d4ff55f6-7f98-4fff-b295-c0ac26278483-groupManagement] INFO  server.RaftServer$Division (RaftServerImpl.java:start(392)) - d4ff55f6-7f98-4fff-b295-c0ac26278483@group-DED8B9E962E2: start as a follower, conf=-1: peers:[a0932215-df16-440c-a3f0-f0918056a56b|10.1.0.14:15522, e5bd5207-4071-4a5b-ab67-86e23051c304|10.1.0.14:15513, d4ff55f6-7f98-4fff-b295-c0ac26278483|10.1.0.14:15531]|listeners:[], old=null
2023-12-28 09:10:39,934 [d4ff55f6-7f98-4fff-b295-c0ac26278483-groupManagement] INFO  server.RaftServer$Division (RaftServerImpl.java:setRole(379)) - d4ff55f6-7f98-4fff-b295-c0ac26278483@group-DED8B9E962E2: changes role from      null to FOLLOWER at term 0 for startAsFollower
2023-12-28 09:10:39,934 [d4ff55f6-7f98-4fff-b295-c0ac26278483-groupManagement] INFO  impl.RoleInfo (RoleInfo.java:updateAndGet(139)) - d4ff55f6-7f98-4fff-b295-c0ac26278483: start d4ff55f6-7f98-4fff-b295-c0ac26278483@group-DED8B9E962E2-FollowerState
2023-12-28 09:10:39,934 [d4ff55f6-7f98-4fff-b295-c0ac26278483@group-DED8B9E962E2-FollowerState] INFO  server.RaftServerConfigKeys (ConfUtils.java:logFallback(53)) - raft.server.rpc.first-election.timeout.min = 5s (fallback to raft.server.rpc.timeout.min)
2023-12-28 09:10:39,934 [d4ff55f6-7f98-4fff-b295-c0ac26278483-groupManagement] INFO  util.JmxRegister (JmxRegister.java:tryRegister(44)) - Successfully registered JMX Bean with object name Ratis:service=RaftServer,group=group-DED8B9E962E2,id=d4ff55f6-7f98-4fff-b295-c0ac26278483
2023-12-28 09:10:39,935 [d4ff55f6-7f98-4fff-b295-c0ac26278483@group-DED8B9E962E2-FollowerState] INFO  server.RaftServerConfigKeys (ConfUtils.java:logFallback(53)) - raft.server.rpc.first-election.timeout.max = 5200ms (fallback to raft.server.rpc.timeout.max)
2023-12-28 09:10:39,935 [d4ff55f6-7f98-4fff-b295-c0ac26278483-groupManagement] INFO  server.RaftServerConfigKeys (ConfUtils.java:logGet(46)) - raft.server.snapshot.trigger-when-stop.enabled = true (default)
2023-12-28 09:10:39,935 [d4ff55f6-7f98-4fff-b295-c0ac26278483-groupManagement] INFO  server.RaftServerConfigKeys (ConfUtils.java:logGet(46)) - raft.server.snapshot.auto.trigger.enabled = true (custom)
2023-12-28 09:10:39,935 [d4ff55f6-7f98-4fff-b295-c0ac26278483-groupManagement] INFO  server.RaftServerConfigKeys (ConfUtils.java:logGet(46)) - raft.server.snapshot.auto.trigger.threshold = 10000 (custom)
2023-12-28 09:10:39,935 [d4ff55f6-7f98-4fff-b295-c0ac26278483-groupManagement] INFO  server.RaftServerConfigKeys (ConfUtils.java:logGet(46)) - raft.server.snapshot.retention.file.num = 5 (custom)
2023-12-28 09:10:39,935 [d4ff55f6-7f98-4fff-b295-c0ac26278483-groupManagement] INFO  server.RaftServerConfigKeys (ConfUtils.java:logGet(46)) - raft.server.log.purge.upto.snapshot.index = false (default)
2023-12-28 09:10:39,936 [e5bd5207-4071-4a5b-ab67-86e23051c304-PipelineCommandHandlerThread-0] INFO  commandhandler.CreatePipelineCommandHandler (CreatePipelineCommandHandler.java:lambda$handle$2(124)) - Created Pipeline RATIS THREE PipelineID=7ca9c5f4-69b5-4390-bd30-ded8b9e962e2.
2023-12-28 09:10:39,958 [a0932215-df16-440c-a3f0-f0918056a56b-PipelineCommandHandlerThread-0] INFO  server.RaftServer (RaftServerProxy.java:addNew(100)) - a0932215-df16-440c-a3f0-f0918056a56b: addNew group-CDCE57A2A640:[a0932215-df16-440c-a3f0-f0918056a56b|10.1.0.14:15522] returns group-CDCE57A2A640:java.util.concurrent.CompletableFuture@2c4ae3ca[Not completed]
2023-12-28 09:10:39,959 [a0932215-df16-440c-a3f0-f0918056a56b-groupManagement] INFO  server.RaftServer$Division (RaftServerImpl.java:<init>(256)) - a0932215-df16-440c-a3f0-f0918056a56b: new RaftServerImpl for group-CDCE57A2A640:[a0932215-df16-440c-a3f0-f0918056a56b|10.1.0.14:15522] with ContainerStateMachine:uninitialized
2023-12-28 09:10:39,959 [a0932215-df16-440c-a3f0-f0918056a56b-groupManagement] INFO  server.RaftServerConfigKeys (ConfUtils.java:logGet(46)) - raft.server.rpc.timeout.min = 5s (custom)
2023-12-28 09:10:39,959 [a0932215-df16-440c-a3f0-f0918056a56b-groupManagement] INFO  server.RaftServerConfigKeys (ConfUtils.java:logGet(46)) - raft.server.rpc.timeout.max = 5200ms (custom)
2023-12-28 09:10:39,959 [a0932215-df16-440c-a3f0-f0918056a56b-groupManagement] INFO  server.RaftServerConfigKeys (ConfUtils.java:logGet(46)) - raft.server.rpc.sleep.time = 25ms (default)
2023-12-28 09:10:39,959 [a0932215-df16-440c-a3f0-f0918056a56b-groupManagement] INFO  server.RaftServerConfigKeys (ConfUtils.java:logGet(46)) - raft.server.rpc.slowness.timeout = 300000ms (custom)
2023-12-28 09:10:39,959 [a0932215-df16-440c-a3f0-f0918056a56b-groupManagement] INFO  server.RaftServerConfigKeys (ConfUtils.java:logGet(46)) - raft.server.leaderelection.leader.step-down.wait-time = 10s (default)
2023-12-28 09:10:39,959 [a0932215-df16-440c-a3f0-f0918056a56b-groupManagement] INFO  server.RaftServerConfigKeys (ConfUtils.java:logGet(46)) - raft.server.leaderelection.member.majority-add = false (default)
2023-12-28 09:10:39,959 [a0932215-df16-440c-a3f0-f0918056a56b-groupManagement] INFO  server.RaftServerConfigKeys (ConfUtils.java:logGet(46)) - raft.server.sleep.deviation.threshold = 300ms (default)
2023-12-28 09:10:39,959 [a0932215-df16-440c-a3f0-f0918056a56b-groupManagement] INFO  server.RaftServer$Division (ServerState.java:<init>(113)) - a0932215-df16-440c-a3f0-f0918056a56b@group-CDCE57A2A640: ConfigurationManager, init=-1: peers:[a0932215-df16-440c-a3f0-f0918056a56b|10.1.0.14:15522]|listeners:[], old=null, confs=<EMPTY_MAP>
2023-12-28 09:10:39,959 [a0932215-df16-440c-a3f0-f0918056a56b-groupManagement] INFO  server.RaftServerConfigKeys (ConfUtils.java:logGet(46)) - raft.server.notification.no-leader.timeout = 300000ms (custom)
2023-12-28 09:10:39,959 [a0932215-df16-440c-a3f0-f0918056a56b-groupManagement] INFO  server.RaftServerConfigKeys (ConfUtils.java:logGet(46)) - raft.server.read.timeout = 10s (default)
2023-12-28 09:10:39,959 [a0932215-df16-440c-a3f0-f0918056a56b-groupManagement] INFO  server.RaftServerConfigKeys (ConfUtils.java:logGet(46)) - raft.server.retrycache.expirytime = 600000ms (custom)
2023-12-28 09:10:39,959 [a0932215-df16-440c-a3f0-f0918056a56b-groupManagement] INFO  server.RaftServerConfigKeys (ConfUtils.java:logGet(46)) - raft.server.retrycache.statistics.expirytime = 100ms (default)
2023-12-28 09:10:39,959 [a0932215-df16-440c-a3f0-f0918056a56b-groupManagement] INFO  server.RaftServerConfigKeys (ConfUtils.java:logGet(46)) - raft.server.read.option = DEFAULT (default)
2023-12-28 09:10:39,959 [a0932215-df16-440c-a3f0-f0918056a56b-groupManagement] INFO  server.RaftServerConfigKeys (ConfUtils.java:logGet(46)) - raft.server.read.read-after-write-consistent.write-index-cache.expiry-time = 60s (default)
2023-12-28 09:10:39,961 [a0932215-df16-440c-a3f0-f0918056a56b-groupManagement] INFO  server.RaftServerConfigKeys (ConfUtils.java:logGet(46)) - raft.server.rpc.request.timeout = 3000ms (default)
2023-12-28 09:10:39,961 [a0932215-df16-440c-a3f0-f0918056a56b-groupManagement] INFO  server.RaftServerConfigKeys (ConfUtils.java:logGet(46)) - raft.server.log.appender.install.snapshot.enabled = false (custom)
2023-12-28 09:10:39,961 [a0932215-df16-440c-a3f0-f0918056a56b-groupManagement] INFO  server.RaftServerConfigKeys (ConfUtils.java:logGet(46)) - raft.server.threadpool.server.cached = true (default)
2023-12-28 09:10:39,961 [a0932215-df16-440c-a3f0-f0918056a56b-groupManagement] INFO  server.RaftServerConfigKeys (ConfUtils.java:logGet(46)) - raft.server.threadpool.server.size = 0 (default)
2023-12-28 09:10:39,961 [a0932215-df16-440c-a3f0-f0918056a56b-groupManagement] INFO  server.RaftServerConfigKeys (ConfUtils.java:logGet(46)) - raft.server.threadpool.client.cached = true (default)
2023-12-28 09:10:39,961 [a0932215-df16-440c-a3f0-f0918056a56b-groupManagement] INFO  server.RaftServerConfigKeys (ConfUtils.java:logGet(46)) - raft.server.threadpool.client.size = 0 (default)
2023-12-28 09:10:39,961 [a0932215-df16-440c-a3f0-f0918056a56b-groupManagement] INFO  server.RaftServerConfigKeys (ConfUtils.java:logGet(46)) - raft.server.storage.free-space.min = 0MB (=0) (default)
2023-12-28 09:10:39,961 [a0932215-df16-440c-a3f0-f0918056a56b-groupManagement] INFO  server.RaftServerConfigKeys (ConfUtils.java:logGet(46)) - raft.server.log.corruption.policy = EXCEPTION (default)
2023-12-28 09:10:39,961 [a0932215-df16-440c-a3f0-f0918056a56b-groupManagement] INFO  server.RaftServerConfigKeys (ConfUtils.java:logGet(46)) - raft.server.storage.dir = [/home/runner/work/ozone/ozone/hadoop-ozone/integration-test/target/test-dir/MiniOzoneClusterImpl-11b76480-f5fe-46c6-962b-c791e86a534f/datanode-7/data/ratis] (custom)
2023-12-28 09:10:39,961 [a0932215-df16-440c-a3f0-f0918056a56b-groupManagement] INFO  storage.RaftStorageDirectory (RaftStorageDirectoryImpl.java:analyzeStorage(138)) - The storage directory /home/runner/work/ozone/ozone/hadoop-ozone/integration-test/target/test-dir/MiniOzoneClusterImpl-11b76480-f5fe-46c6-962b-c791e86a534f/datanode-7/data/ratis/5f853f62-b0b2-4105-b5fe-cdce57a2a640 does not exist. Creating ...
2023-12-28 09:10:39,962 [a0932215-df16-440c-a3f0-f0918056a56b-groupManagement] INFO  storage.RaftStorageDirectory (RaftStorageDirectoryImpl.java:tryLock(232)) - Lock on /home/runner/work/ozone/ozone/hadoop-ozone/integration-test/target/test-dir/MiniOzoneClusterImpl-11b76480-f5fe-46c6-962b-c791e86a534f/datanode-7/data/ratis/5f853f62-b0b2-4105-b5fe-cdce57a2a640/in_use.lock acquired by nodename 85610@fv-az1384-14
2023-12-28 09:10:39,963 [a0932215-df16-440c-a3f0-f0918056a56b-groupManagement] INFO  storage.RaftStorage (RaftStorageImpl.java:format(97)) - Storage directory /home/runner/work/ozone/ozone/hadoop-ozone/integration-test/target/test-dir/MiniOzoneClusterImpl-11b76480-f5fe-46c6-962b-c791e86a534f/datanode-7/data/ratis/5f853f62-b0b2-4105-b5fe-cdce57a2a640 has been successfully formatted.
2023-12-28 09:10:39,964 [a0932215-df16-440c-a3f0-f0918056a56b-groupManagement] INFO  ratis.ContainerStateMachine (ContainerStateMachine.java:loadSnapshot(287)) - group-CDCE57A2A640: The snapshot info is null. Setting the last applied indexto:(t:0, i:~)
2023-12-28 09:10:39,964 [a0932215-df16-440c-a3f0-f0918056a56b-groupManagement] INFO  server.RaftServerConfigKeys (ConfUtils.java:logGet(46)) - raft.server.log.use.memory = false (default)
2023-12-28 09:10:39,964 [a0932215-df16-440c-a3f0-f0918056a56b-groupManagement] INFO  server.RaftServerConfigKeys (ConfUtils.java:logGet(46)) - raft.server.log.purge.gap = 1000000 (custom)
2023-12-28 09:10:39,964 [a0932215-df16-440c-a3f0-f0918056a56b-groupManagement] INFO  server.RaftServerConfigKeys (ConfUtils.java:logGet(46)) - raft.server.log.appender.buffer.byte-limit = 8388608 (custom)
2023-12-28 09:10:39,964 [a0932215-df16-440c-a3f0-f0918056a56b-groupManagement] INFO  server.RaftServerConfigKeys (ConfUtils.java:logGet(46)) - raft.server.log.statemachine.data.read.timeout = 1000ms (default)
2023-12-28 09:10:39,964 [a0932215-df16-440c-a3f0-f0918056a56b-groupManagement] INFO  server.RaftServerConfigKeys (ConfUtils.java:logGet(46)) - raft.server.log.purge.preservation.log.num = 0 (default)
2023-12-28 09:10:39,965 [EventQueue-PipelineReportForPipelineReportHandler] INFO  pipeline.PipelineReportHandler (PipelineReportHandler.java:processPipelineReport(136)) - Opened pipeline PipelineID=5f853f62-b0b2-4105-b5fe-cdce57a2a640
2023-12-28 09:10:39,965 [EventQueue-OpenPipelineForHealthyPipelineSafeModeRule] INFO  safemode.SCMSafeModeManager (HealthyPipelineSafeModeRule.java:process(140)) - SCM in safe mode. Healthy pipelines reported count is 0, required healthy pipeline reported count is 1
2023-12-28 09:10:39,965 [a0932215-df16-440c-a3f0-f0918056a56b-groupManagement] INFO  server.RaftServerConfigKeys (ConfUtils.java:logGet(46)) - raft.server.log.segment.size.max = 67108864 (custom)
2023-12-28 09:10:39,965 [a0932215-df16-440c-a3f0-f0918056a56b-groupManagement] INFO  server.RaftServerConfigKeys (ConfUtils.java:logGet(46)) - raft.server.log.segment.cache.num.max = 2 (custom)
2023-12-28 09:10:39,965 [a0932215-df16-440c-a3f0-f0918056a56b-groupManagement] INFO  server.RaftServerConfigKeys (ConfUtils.java:logGet(46)) - raft.server.log.segment.cache.size.max = 200MB (=209715200) (default)
2023-12-28 09:10:39,965 [a0932215-df16-440c-a3f0-f0918056a56b-groupManagement] INFO  server.RaftServerConfigKeys (ConfUtils.java:logGet(46)) - raft.server.log.appender.buffer.byte-limit = 8388608 (custom)
2023-12-28 09:10:39,965 [a0932215-df16-440c-a3f0-f0918056a56b-groupManagement] INFO  util.AwaitToRun (AwaitToRun.java:start(81)) - Thread[a0932215-df16-440c-a3f0-f0918056a56b@group-CDCE57A2A640-cacheEviction-AwaitToRun,5,main] started
2023-12-28 09:10:39,965 [a0932215-df16-440c-a3f0-f0918056a56b-groupManagement] INFO  segmented.SegmentedRaftLogWorker (SegmentedRaftLogWorker.java:<init>(184)) - new a0932215-df16-440c-a3f0-f0918056a56b@group-CDCE57A2A640-SegmentedRaftLogWorker for RaftStorageImpl:Storage Directory /home/runner/work/ozone/ozone/hadoop-ozone/integration-test/target/test-dir/MiniOzoneClusterImpl-11b76480-f5fe-46c6-962b-c791e86a534f/datanode-7/data/ratis/5f853f62-b0b2-4105-b5fe-cdce57a2a640
2023-12-28 09:10:39,965 [a0932215-df16-440c-a3f0-f0918056a56b-groupManagement] INFO  server.RaftServerConfigKeys (ConfUtils.java:logGet(46)) - raft.server.log.queue.byte-limit = 4294967296 (custom)
2023-12-28 09:10:39,965 [a0932215-df16-440c-a3f0-f0918056a56b-groupManagement] INFO  server.RaftServerConfigKeys (ConfUtils.java:logGet(46)) - raft.server.log.queue.element-limit = 1024 (custom)
2023-12-28 09:10:39,965 [a0932215-df16-440c-a3f0-f0918056a56b-groupManagement] INFO  server.RaftServerConfigKeys (ConfUtils.java:logGet(46)) - raft.server.log.segment.size.max = 67108864 (custom)
2023-12-28 09:10:39,965 [a0932215-df16-440c-a3f0-f0918056a56b-groupManagement] INFO  server.RaftServerConfigKeys (ConfUtils.java:logGet(46)) - raft.server.log.preallocated.size = 4194304 (custom)
2023-12-28 09:10:39,965 [a0932215-df16-440c-a3f0-f0918056a56b-groupManagement] INFO  server.RaftServerConfigKeys (ConfUtils.java:logGet(46)) - raft.server.log.force.sync.num = 128 (default)
2023-12-28 09:10:39,965 [a0932215-df16-440c-a3f0-f0918056a56b-groupManagement] INFO  server.RaftServerConfigKeys (ConfUtils.java:logGet(46)) - raft.server.log.statemachine.data.sync = true (default)
2023-12-28 09:10:39,965 [a0932215-df16-440c-a3f0-f0918056a56b-groupManagement] INFO  server.RaftServerConfigKeys (ConfUtils.java:logGet(46)) - raft.server.log.statemachine.data.sync.timeout = 10s (default)
2023-12-28 09:10:39,965 [a0932215-df16-440c-a3f0-f0918056a56b-groupManagement] INFO  server.RaftServerConfigKeys (ConfUtils.java:logGet(46)) - raft.server.log.statemachine.data.sync.timeout.retry = 0 (custom)
2023-12-28 09:10:39,966 [a0932215-df16-440c-a3f0-f0918056a56b-groupManagement] INFO  server.RaftServerConfigKeys (ConfUtils.java:logGet(46)) - raft.server.log.write.buffer.size = 8388616 (custom)
2023-12-28 09:10:39,967 [a0932215-df16-440c-a3f0-f0918056a56b-groupManagement] INFO  server.RaftServerConfigKeys (ConfUtils.java:logGet(46)) - raft.server.log.appender.buffer.byte-limit = 8388608 (custom)
2023-12-28 09:10:39,967 [a0932215-df16-440c-a3f0-f0918056a56b-groupManagement] INFO  server.RaftServerConfigKeys (ConfUtils.java:logGet(46)) - raft.server.log.unsafe-flush.enabled = false (default)
2023-12-28 09:10:39,967 [a0932215-df16-440c-a3f0-f0918056a56b-groupManagement] INFO  server.RaftServerConfigKeys (ConfUtils.java:logGet(46)) - raft.server.log.async-flush.enabled = false (default)
2023-12-28 09:10:39,967 [a0932215-df16-440c-a3f0-f0918056a56b-groupManagement] INFO  server.RaftServerConfigKeys (ConfUtils.java:logGet(46)) - raft.server.log.statemachine.data.caching.enabled = true (custom)
2023-12-28 09:10:39,968 [a0932215-df16-440c-a3f0-f0918056a56b-groupManagement] INFO  segmented.SegmentedRaftLogWorker (SegmentedRaftLogWorker.java:lambda$new$0(135)) - a0932215-df16-440c-a3f0-f0918056a56b@group-CDCE57A2A640-SegmentedRaftLogWorker: flushIndex: setUnconditionally 0 -> -1
2023-12-28 09:10:39,968 [a0932215-df16-440c-a3f0-f0918056a56b-groupManagement] INFO  segmented.SegmentedRaftLogWorker (SegmentedRaftLogWorker.java:lambda$new$0(135)) - a0932215-df16-440c-a3f0-f0918056a56b@group-CDCE57A2A640-SegmentedRaftLogWorker: safeCacheEvictIndex: setUnconditionally 0 -> -1
2023-12-28 09:10:39,968 [a0932215-df16-440c-a3f0-f0918056a56b-groupManagement] INFO  server.RaftServer$Division (RaftServerImpl.java:start(392)) - a0932215-df16-440c-a3f0-f0918056a56b@group-CDCE57A2A640: start as a follower, conf=-1: peers:[a0932215-df16-440c-a3f0-f0918056a56b|10.1.0.14:15522]|listeners:[], old=null
2023-12-28 09:10:39,968 [a0932215-df16-440c-a3f0-f0918056a56b-groupManagement] INFO  server.RaftServer$Division (RaftServerImpl.java:setRole(379)) - a0932215-df16-440c-a3f0-f0918056a56b@group-CDCE57A2A640: changes role from      null to FOLLOWER at term 0 for startAsFollower
2023-12-28 09:10:39,968 [a0932215-df16-440c-a3f0-f0918056a56b-groupManagement] INFO  impl.RoleInfo (RoleInfo.java:updateAndGet(139)) - a0932215-df16-440c-a3f0-f0918056a56b: start a0932215-df16-440c-a3f0-f0918056a56b@group-CDCE57A2A640-FollowerState
2023-12-28 09:10:39,968 [a0932215-df16-440c-a3f0-f0918056a56b@group-CDCE57A2A640-FollowerState] INFO  server.RaftServerConfigKeys (ConfUtils.java:logFallback(53)) - raft.server.rpc.first-election.timeout.min = 5s (fallback to raft.server.rpc.timeout.min)
2023-12-28 09:10:39,968 [a0932215-df16-440c-a3f0-f0918056a56b-groupManagement] INFO  util.JmxRegister (JmxRegister.java:tryRegister(44)) - Successfully registered JMX Bean with object name Ratis:service=RaftServer,group=group-CDCE57A2A640,id=a0932215-df16-440c-a3f0-f0918056a56b
2023-12-28 09:10:39,968 [a0932215-df16-440c-a3f0-f0918056a56b@group-CDCE57A2A640-FollowerState] INFO  server.RaftServerConfigKeys (ConfUtils.java:logFallback(53)) - raft.server.rpc.first-election.timeout.max = 5200ms (fallback to raft.server.rpc.timeout.max)
2023-12-28 09:10:39,968 [a0932215-df16-440c-a3f0-f0918056a56b-groupManagement] INFO  server.RaftServerConfigKeys (ConfUtils.java:logGet(46)) - raft.server.snapshot.trigger-when-stop.enabled = true (default)
2023-12-28 09:10:39,968 [a0932215-df16-440c-a3f0-f0918056a56b-groupManagement] INFO  server.RaftServerConfigKeys (ConfUtils.java:logGet(46)) - raft.server.snapshot.auto.trigger.enabled = true (custom)
2023-12-28 09:10:39,968 [a0932215-df16-440c-a3f0-f0918056a56b-groupManagement] INFO  server.RaftServerConfigKeys (ConfUtils.java:logGet(46)) - raft.server.snapshot.auto.trigger.threshold = 10000 (custom)
2023-12-28 09:10:39,968 [a0932215-df16-440c-a3f0-f0918056a56b-groupManagement] INFO  server.RaftServerConfigKeys (ConfUtils.java:logGet(46)) - raft.server.snapshot.retention.file.num = 5 (custom)
2023-12-28 09:10:39,968 [a0932215-df16-440c-a3f0-f0918056a56b-groupManagement] INFO  server.RaftServerConfigKeys (ConfUtils.java:logGet(46)) - raft.server.log.purge.upto.snapshot.index = false (default)
2023-12-28 09:10:39,969 [a0932215-df16-440c-a3f0-f0918056a56b-PipelineCommandHandlerThread-0] INFO  ratis.XceiverServerRatis (XceiverServerRatis.java:addGroup(837)) - Created group PipelineID=5f853f62-b0b2-4105-b5fe-cdce57a2a640
2023-12-28 09:10:39,969 [a0932215-df16-440c-a3f0-f0918056a56b-PipelineCommandHandlerThread-0] INFO  commandhandler.CreatePipelineCommandHandler (CreatePipelineCommandHandler.java:lambda$handle$2(124)) - Created Pipeline RATIS ONE PipelineID=5f853f62-b0b2-4105-b5fe-cdce57a2a640.
2023-12-28 09:10:40,041 [d4ff55f6-7f98-4fff-b295-c0ac26278483-PipelineCommandHandlerThread-0] INFO  server.RaftServer (RaftServerProxy.java:addNew(100)) - d4ff55f6-7f98-4fff-b295-c0ac26278483: addNew group-30A1335DFB64:[d4ff55f6-7f98-4fff-b295-c0ac26278483|10.1.0.14:15531] returns group-30A1335DFB64:java.util.concurrent.CompletableFuture@7433bfd1[Not completed]
2023-12-28 09:10:40,041 [d4ff55f6-7f98-4fff-b295-c0ac26278483-groupManagement] INFO  server.RaftServer$Division (RaftServerImpl.java:<init>(256)) - d4ff55f6-7f98-4fff-b295-c0ac26278483: new RaftServerImpl for group-30A1335DFB64:[d4ff55f6-7f98-4fff-b295-c0ac26278483|10.1.0.14:15531] with ContainerStateMachine:uninitialized
2023-12-28 09:10:40,042 [d4ff55f6-7f98-4fff-b295-c0ac26278483-groupManagement] INFO  server.RaftServerConfigKeys (ConfUtils.java:logGet(46)) - raft.server.rpc.timeout.min = 5s (custom)
2023-12-28 09:10:40,042 [d4ff55f6-7f98-4fff-b295-c0ac26278483-groupManagement] INFO  server.RaftServerConfigKeys (ConfUtils.java:logGet(46)) - raft.server.rpc.timeout.max = 5200ms (custom)
2023-12-28 09:10:40,042 [d4ff55f6-7f98-4fff-b295-c0ac26278483-groupManagement] INFO  server.RaftServerConfigKeys (ConfUtils.java:logGet(46)) - raft.server.rpc.sleep.time = 25ms (default)
2023-12-28 09:10:40,042 [d4ff55f6-7f98-4fff-b295-c0ac26278483-groupManagement] INFO  server.RaftServerConfigKeys (ConfUtils.java:logGet(46)) - raft.server.rpc.slowness.timeout = 300000ms (custom)
2023-12-28 09:10:40,042 [d4ff55f6-7f98-4fff-b295-c0ac26278483-groupManagement] INFO  server.RaftServerConfigKeys (ConfUtils.java:logGet(46)) - raft.server.leaderelection.leader.step-down.wait-time = 10s (default)
2023-12-28 09:10:40,042 [d4ff55f6-7f98-4fff-b295-c0ac26278483-groupManagement] INFO  server.RaftServerConfigKeys (ConfUtils.java:logGet(46)) - raft.server.leaderelection.member.majority-add = false (default)
2023-12-28 09:10:40,042 [d4ff55f6-7f98-4fff-b295-c0ac26278483-groupManagement] INFO  server.RaftServerConfigKeys (ConfUtils.java:logGet(46)) - raft.server.sleep.deviation.threshold = 300ms (default)
2023-12-28 09:10:40,042 [d4ff55f6-7f98-4fff-b295-c0ac26278483-groupManagement] INFO  server.RaftServer$Division (ServerState.java:<init>(113)) - d4ff55f6-7f98-4fff-b295-c0ac26278483@group-30A1335DFB64: ConfigurationManager, init=-1: peers:[d4ff55f6-7f98-4fff-b295-c0ac26278483|10.1.0.14:15531]|listeners:[], old=null, confs=<EMPTY_MAP>
2023-12-28 09:10:40,042 [d4ff55f6-7f98-4fff-b295-c0ac26278483-groupManagement] INFO  server.RaftServerConfigKeys (ConfUtils.java:logGet(46)) - raft.server.notification.no-leader.timeout = 300000ms (custom)
2023-12-28 09:10:40,042 [d4ff55f6-7f98-4fff-b295-c0ac26278483-groupManagement] INFO  server.RaftServerConfigKeys (ConfUtils.java:logGet(46)) - raft.server.read.timeout = 10s (default)
2023-12-28 09:10:40,042 [d4ff55f6-7f98-4fff-b295-c0ac26278483-groupManagement] INFO  server.RaftServerConfigKeys (ConfUtils.java:logGet(46)) - raft.server.retrycache.expirytime = 600000ms (custom)
2023-12-28 09:10:40,042 [d4ff55f6-7f98-4fff-b295-c0ac26278483-groupManagement] INFO  server.RaftServerConfigKeys (ConfUtils.java:logGet(46)) - raft.server.retrycache.statistics.expirytime = 100ms (default)
2023-12-28 09:10:40,042 [d4ff55f6-7f98-4fff-b295-c0ac26278483-groupManagement] INFO  server.RaftServerConfigKeys (ConfUtils.java:logGet(46)) - raft.server.read.option = DEFAULT (default)
2023-12-28 09:10:40,042 [d4ff55f6-7f98-4fff-b295-c0ac26278483-groupManagement] INFO  server.RaftServerConfigKeys (ConfUtils.java:logGet(46)) - raft.server.read.read-after-write-consistent.write-index-cache.expiry-time = 60s (default)
2023-12-28 09:10:40,043 [d4ff55f6-7f98-4fff-b295-c0ac26278483-groupManagement] INFO  server.RaftServerConfigKeys (ConfUtils.java:logGet(46)) - raft.server.rpc.request.timeout = 3000ms (default)
2023-12-28 09:10:40,043 [d4ff55f6-7f98-4fff-b295-c0ac26278483-groupManagement] INFO  server.RaftServerConfigKeys (ConfUtils.java:logGet(46)) - raft.server.log.appender.install.snapshot.enabled = false (custom)
2023-12-28 09:10:40,043 [d4ff55f6-7f98-4fff-b295-c0ac26278483-groupManagement] INFO  server.RaftServerConfigKeys (ConfUtils.java:logGet(46)) - raft.server.threadpool.server.cached = true (default)
2023-12-28 09:10:40,043 [d4ff55f6-7f98-4fff-b295-c0ac26278483-groupManagement] INFO  server.RaftServerConfigKeys (ConfUtils.java:logGet(46)) - raft.server.threadpool.server.size = 0 (default)
2023-12-28 09:10:40,043 [d4ff55f6-7f98-4fff-b295-c0ac26278483-groupManagement] INFO  server.RaftServerConfigKeys (ConfUtils.java:logGet(46)) - raft.server.threadpool.client.cached = true (default)
2023-12-28 09:10:40,043 [d4ff55f6-7f98-4fff-b295-c0ac26278483-groupManagement] INFO  server.RaftServerConfigKeys (ConfUtils.java:logGet(46)) - raft.server.threadpool.client.size = 0 (default)
2023-12-28 09:10:40,043 [d4ff55f6-7f98-4fff-b295-c0ac26278483-groupManagement] INFO  server.RaftServerConfigKeys (ConfUtils.java:logGet(46)) - raft.server.storage.free-space.min = 0MB (=0) (default)
2023-12-28 09:10:40,044 [d4ff55f6-7f98-4fff-b295-c0ac26278483-groupManagement] INFO  server.RaftServerConfigKeys (ConfUtils.java:logGet(46)) - raft.server.log.corruption.policy = EXCEPTION (default)
2023-12-28 09:10:40,044 [d4ff55f6-7f98-4fff-b295-c0ac26278483-groupManagement] INFO  server.RaftServerConfigKeys (ConfUtils.java:logGet(46)) - raft.server.storage.dir = [/home/runner/work/ozone/ozone/hadoop-ozone/integration-test/target/test-dir/MiniOzoneClusterImpl-11b76480-f5fe-46c6-962b-c791e86a534f/datanode-8/data/ratis] (custom)
2023-12-28 09:10:40,044 [d4ff55f6-7f98-4fff-b295-c0ac26278483-groupManagement] INFO  storage.RaftStorageDirectory (RaftStorageDirectoryImpl.java:analyzeStorage(138)) - The storage directory /home/runner/work/ozone/ozone/hadoop-ozone/integration-test/target/test-dir/MiniOzoneClusterImpl-11b76480-f5fe-46c6-962b-c791e86a534f/datanode-8/data/ratis/b6c09c59-7e05-4d6a-8ff6-30a1335dfb64 does not exist. Creating ...
2023-12-28 09:10:40,045 [d4ff55f6-7f98-4fff-b295-c0ac26278483-groupManagement] INFO  storage.RaftStorageDirectory (RaftStorageDirectoryImpl.java:tryLock(232)) - Lock on /home/runner/work/ozone/ozone/hadoop-ozone/integration-test/target/test-dir/MiniOzoneClusterImpl-11b76480-f5fe-46c6-962b-c791e86a534f/datanode-8/data/ratis/b6c09c59-7e05-4d6a-8ff6-30a1335dfb64/in_use.lock acquired by nodename 85610@fv-az1384-14
2023-12-28 09:10:40,045 [main] INFO  ozone.MiniOzoneClusterImpl (MiniOzoneClusterImpl.java:lambda$waitForClusterToBeReady$0(230)) - Nodes are ready. Got 9 of 9 DN Heartbeats.
2023-12-28 09:10:40,045 [main] INFO  ozone.MiniOzoneClusterImpl (MiniOzoneClusterImpl.java:lambda$waitForClusterToBeReady$0(233)) - Waiting for cluster to exit safe mode
2023-12-28 09:10:40,045 [main] INFO  ozone.MiniOzoneClusterImpl (MiniOzoneClusterImpl.java:lambda$waitForClusterToBeReady$0(235)) - SCM became leader
2023-12-28 09:10:40,046 [d4ff55f6-7f98-4fff-b295-c0ac26278483-groupManagement] INFO  storage.RaftStorage (RaftStorageImpl.java:format(97)) - Storage directory /home/runner/work/ozone/ozone/hadoop-ozone/integration-test/target/test-dir/MiniOzoneClusterImpl-11b76480-f5fe-46c6-962b-c791e86a534f/datanode-8/data/ratis/b6c09c59-7e05-4d6a-8ff6-30a1335dfb64 has been successfully formatted.
2023-12-28 09:10:40,046 [d4ff55f6-7f98-4fff-b295-c0ac26278483-groupManagement] INFO  ratis.ContainerStateMachine (ContainerStateMachine.java:loadSnapshot(287)) - group-30A1335DFB64: The snapshot info is null. Setting the last applied indexto:(t:0, i:~)
2023-12-28 09:10:40,047 [d4ff55f6-7f98-4fff-b295-c0ac26278483-groupManagement] INFO  server.RaftServerConfigKeys (ConfUtils.java:logGet(46)) - raft.server.log.use.memory = false (default)
2023-12-28 09:10:40,047 [d4ff55f6-7f98-4fff-b295-c0ac26278483-groupManagement] INFO  server.RaftServerConfigKeys (ConfUtils.java:logGet(46)) - raft.server.log.purge.gap = 1000000 (custom)
2023-12-28 09:10:40,047 [d4ff55f6-7f98-4fff-b295-c0ac26278483-groupManagement] INFO  server.RaftServerConfigKeys (ConfUtils.java:logGet(46)) - raft.server.log.appender.buffer.byte-limit = 8388608 (custom)
2023-12-28 09:10:40,047 [d4ff55f6-7f98-4fff-b295-c0ac26278483-groupManagement] INFO  server.RaftServerConfigKeys (ConfUtils.java:logGet(46)) - raft.server.log.statemachine.data.read.timeout = 1000ms (default)
2023-12-28 09:10:40,047 [d4ff55f6-7f98-4fff-b295-c0ac26278483-groupManagement] INFO  server.RaftServerConfigKeys (ConfUtils.java:logGet(46)) - raft.server.log.purge.preservation.log.num = 0 (default)
2023-12-28 09:10:40,047 [EventQueue-PipelineReportForPipelineReportHandler] INFO  pipeline.PipelineReportHandler (PipelineReportHandler.java:processPipelineReport(136)) - Opened pipeline PipelineID=b6c09c59-7e05-4d6a-8ff6-30a1335dfb64
2023-12-28 09:10:40,047 [EventQueue-OpenPipelineForHealthyPipelineSafeModeRule] INFO  safemode.SCMSafeModeManager (HealthyPipelineSafeModeRule.java:process(140)) - SCM in safe mode. Healthy pipelines reported count is 0, required healthy pipeline reported count is 1
2023-12-28 09:10:40,048 [d4ff55f6-7f98-4fff-b295-c0ac26278483-groupManagement] INFO  server.RaftServerConfigKeys (ConfUtils.java:logGet(46)) - raft.server.log.segment.size.max = 67108864 (custom)
2023-12-28 09:10:40,048 [d4ff55f6-7f98-4fff-b295-c0ac26278483-groupManagement] INFO  server.RaftServerConfigKeys (ConfUtils.java:logGet(46)) - raft.server.log.segment.cache.num.max = 2 (custom)
2023-12-28 09:10:40,048 [d4ff55f6-7f98-4fff-b295-c0ac26278483-groupManagement] INFO  server.RaftServerConfigKeys (ConfUtils.java:logGet(46)) - raft.server.log.segment.cache.size.max = 200MB (=209715200) (default)
2023-12-28 09:10:40,048 [d4ff55f6-7f98-4fff-b295-c0ac26278483-groupManagement] INFO  server.RaftServerConfigKeys (ConfUtils.java:logGet(46)) - raft.server.log.appender.buffer.byte-limit = 8388608 (custom)
2023-12-28 09:10:40,048 [d4ff55f6-7f98-4fff-b295-c0ac26278483-groupManagement] INFO  util.AwaitToRun (AwaitToRun.java:start(81)) - Thread[d4ff55f6-7f98-4fff-b295-c0ac26278483@group-30A1335DFB64-cacheEviction-AwaitToRun,5,main] started
2023-12-28 09:10:40,048 [d4ff55f6-7f98-4fff-b295-c0ac26278483-groupManagement] INFO  segmented.SegmentedRaftLogWorker (SegmentedRaftLogWorker.java:<init>(184)) - new d4ff55f6-7f98-4fff-b295-c0ac26278483@group-30A1335DFB64-SegmentedRaftLogWorker for RaftStorageImpl:Storage Directory /home/runner/work/ozone/ozone/hadoop-ozone/integration-test/target/test-dir/MiniOzoneClusterImpl-11b76480-f5fe-46c6-962b-c791e86a534f/datanode-8/data/ratis/b6c09c59-7e05-4d6a-8ff6-30a1335dfb64
2023-12-28 09:10:40,048 [d4ff55f6-7f98-4fff-b295-c0ac26278483-groupManagement] INFO  server.RaftServerConfigKeys (ConfUtils.java:logGet(46)) - raft.server.log.queue.byte-limit = 4294967296 (custom)
2023-12-28 09:10:40,048 [d4ff55f6-7f98-4fff-b295-c0ac26278483-groupManagement] INFO  server.RaftServerConfigKeys (ConfUtils.java:logGet(46)) - raft.server.log.queue.element-limit = 1024 (custom)
2023-12-28 09:10:40,048 [d4ff55f6-7f98-4fff-b295-c0ac26278483-groupManagement] INFO  server.RaftServerConfigKeys (ConfUtils.java:logGet(46)) - raft.server.log.segment.size.max = 67108864 (custom)
2023-12-28 09:10:40,048 [d4ff55f6-7f98-4fff-b295-c0ac26278483-groupManagement] INFO  server.RaftServerConfigKeys (ConfUtils.java:logGet(46)) - raft.server.log.preallocated.size = 4194304 (custom)
2023-12-28 09:10:40,048 [d4ff55f6-7f98-4fff-b295-c0ac26278483-groupManagement] INFO  server.RaftServerConfigKeys (ConfUtils.java:logGet(46)) - raft.server.log.force.sync.num = 128 (default)
2023-12-28 09:10:40,048 [d4ff55f6-7f98-4fff-b295-c0ac26278483-groupManagement] INFO  server.RaftServerConfigKeys (ConfUtils.java:logGet(46)) - raft.server.log.statemachine.data.sync = true (default)
2023-12-28 09:10:40,048 [d4ff55f6-7f98-4fff-b295-c0ac26278483-groupManagement] INFO  server.RaftServerConfigKeys (ConfUtils.java:logGet(46)) - raft.server.log.statemachine.data.sync.timeout = 10s (default)
2023-12-28 09:10:40,049 [d4ff55f6-7f98-4fff-b295-c0ac26278483-groupManagement] INFO  server.RaftServerConfigKeys (ConfUtils.java:logGet(46)) - raft.server.log.statemachine.data.sync.timeout.retry = 0 (custom)
2023-12-28 09:10:40,049 [d4ff55f6-7f98-4fff-b295-c0ac26278483-groupManagement] INFO  server.RaftServerConfigKeys (ConfUtils.java:logGet(46)) - raft.server.log.write.buffer.size = 8388616 (custom)
2023-12-28 09:10:40,050 [d4ff55f6-7f98-4fff-b295-c0ac26278483-groupManagement] INFO  server.RaftServerConfigKeys (ConfUtils.java:logGet(46)) - raft.server.log.appender.buffer.byte-limit = 8388608 (custom)
2023-12-28 09:10:40,051 [d4ff55f6-7f98-4fff-b295-c0ac26278483-groupManagement] INFO  server.RaftServerConfigKeys (ConfUtils.java:logGet(46)) - raft.server.log.unsafe-flush.enabled = false (default)
2023-12-28 09:10:40,051 [d4ff55f6-7f98-4fff-b295-c0ac26278483-groupManagement] INFO  server.RaftServerConfigKeys (ConfUtils.java:logGet(46)) - raft.server.log.async-flush.enabled = false (default)
2023-12-28 09:10:40,051 [d4ff55f6-7f98-4fff-b295-c0ac26278483-groupManagement] INFO  server.RaftServerConfigKeys (ConfUtils.java:logGet(46)) - raft.server.log.statemachine.data.caching.enabled = true (custom)
2023-12-28 09:10:40,051 [d4ff55f6-7f98-4fff-b295-c0ac26278483-groupManagement] INFO  segmented.SegmentedRaftLogWorker (SegmentedRaftLogWorker.java:lambda$new$0(135)) - d4ff55f6-7f98-4fff-b295-c0ac26278483@group-30A1335DFB64-SegmentedRaftLogWorker: flushIndex: setUnconditionally 0 -> -1
2023-12-28 09:10:40,051 [d4ff55f6-7f98-4fff-b295-c0ac26278483-groupManagement] INFO  segmented.SegmentedRaftLogWorker (SegmentedRaftLogWorker.java:lambda$new$0(135)) - d4ff55f6-7f98-4fff-b295-c0ac26278483@group-30A1335DFB64-SegmentedRaftLogWorker: safeCacheEvictIndex: setUnconditionally 0 -> -1
2023-12-28 09:10:40,051 [d4ff55f6-7f98-4fff-b295-c0ac26278483-groupManagement] INFO  server.RaftServer$Division (RaftServerImpl.java:start(392)) - d4ff55f6-7f98-4fff-b295-c0ac26278483@group-30A1335DFB64: start as a follower, conf=-1: peers:[d4ff55f6-7f98-4fff-b295-c0ac26278483|10.1.0.14:15531]|listeners:[], old=null
2023-12-28 09:10:40,051 [d4ff55f6-7f98-4fff-b295-c0ac26278483-groupManagement] INFO  server.RaftServer$Division (RaftServerImpl.java:setRole(379)) - d4ff55f6-7f98-4fff-b295-c0ac26278483@group-30A1335DFB64: changes role from      null to FOLLOWER at term 0 for startAsFollower
2023-12-28 09:10:40,051 [d4ff55f6-7f98-4fff-b295-c0ac26278483-groupManagement] INFO  impl.RoleInfo (RoleInfo.java:updateAndGet(139)) - d4ff55f6-7f98-4fff-b295-c0ac26278483: start d4ff55f6-7f98-4fff-b295-c0ac26278483@group-30A1335DFB64-FollowerState
2023-12-28 09:10:40,051 [d4ff55f6-7f98-4fff-b295-c0ac26278483@group-30A1335DFB64-FollowerState] INFO  server.RaftServerConfigKeys (ConfUtils.java:logFallback(53)) - raft.server.rpc.first-election.timeout.min = 5s (fallback to raft.server.rpc.timeout.min)
2023-12-28 09:10:40,051 [d4ff55f6-7f98-4fff-b295-c0ac26278483-groupManagement] INFO  util.JmxRegister (JmxRegister.java:tryRegister(44)) - Successfully registered JMX Bean with object name Ratis:service=RaftServer,group=group-30A1335DFB64,id=d4ff55f6-7f98-4fff-b295-c0ac26278483
2023-12-28 09:10:40,051 [d4ff55f6-7f98-4fff-b295-c0ac26278483@group-30A1335DFB64-FollowerState] INFO  server.RaftServerConfigKeys (ConfUtils.java:logFallback(53)) - raft.server.rpc.first-election.timeout.max = 5200ms (fallback to raft.server.rpc.timeout.max)
2023-12-28 09:10:40,051 [d4ff55f6-7f98-4fff-b295-c0ac26278483-groupManagement] INFO  server.RaftServerConfigKeys (ConfUtils.java:logGet(46)) - raft.server.snapshot.trigger-when-stop.enabled = true (default)
2023-12-28 09:10:40,051 [d4ff55f6-7f98-4fff-b295-c0ac26278483-groupManagement] INFO  server.RaftServerConfigKeys (ConfUtils.java:logGet(46)) - raft.server.snapshot.auto.trigger.enabled = true (custom)
2023-12-28 09:10:40,051 [d4ff55f6-7f98-4fff-b295-c0ac26278483-groupManagement] INFO  server.RaftServerConfigKeys (ConfUtils.java:logGet(46)) - raft.server.snapshot.auto.trigger.threshold = 10000 (custom)
2023-12-28 09:10:40,051 [d4ff55f6-7f98-4fff-b295-c0ac26278483-groupManagement] INFO  server.RaftServerConfigKeys (ConfUtils.java:logGet(46)) - raft.server.snapshot.retention.file.num = 5 (custom)
2023-12-28 09:10:40,051 [d4ff55f6-7f98-4fff-b295-c0ac26278483-groupManagement] INFO  server.RaftServerConfigKeys (ConfUtils.java:logGet(46)) - raft.server.log.purge.upto.snapshot.index = false (default)
2023-12-28 09:10:40,052 [d4ff55f6-7f98-4fff-b295-c0ac26278483-PipelineCommandHandlerThread-0] INFO  ratis.XceiverServerRatis (XceiverServerRatis.java:addGroup(837)) - Created group PipelineID=b6c09c59-7e05-4d6a-8ff6-30a1335dfb64
2023-12-28 09:10:40,052 [d4ff55f6-7f98-4fff-b295-c0ac26278483-PipelineCommandHandlerThread-0] INFO  commandhandler.CreatePipelineCommandHandler (CreatePipelineCommandHandler.java:lambda$handle$2(124)) - Created Pipeline RATIS ONE PipelineID=b6c09c59-7e05-4d6a-8ff6-30a1335dfb64.
2023-12-28 09:10:41,045 [main] INFO  ozone.MiniOzoneClusterImpl (MiniOzoneClusterImpl.java:lambda$waitForClusterToBeReady$0(230)) - Nodes are ready. Got 9 of 9 DN Heartbeats.
2023-12-28 09:10:41,046 [main] INFO  ozone.MiniOzoneClusterImpl (MiniOzoneClusterImpl.java:lambda$waitForClusterToBeReady$0(233)) - Waiting for cluster to exit safe mode
2023-12-28 09:10:41,046 [main] INFO  ozone.MiniOzoneClusterImpl (MiniOzoneClusterImpl.java:lambda$waitForClusterToBeReady$0(235)) - SCM became leader
2023-12-28 09:10:42,046 [main] INFO  ozone.MiniOzoneClusterImpl (MiniOzoneClusterImpl.java:lambda$waitForClusterToBeReady$0(230)) - Nodes are ready. Got 9 of 9 DN Heartbeats.
2023-12-28 09:10:42,046 [main] INFO  ozone.MiniOzoneClusterImpl (MiniOzoneClusterImpl.java:lambda$waitForClusterToBeReady$0(233)) - Waiting for cluster to exit safe mode
2023-12-28 09:10:42,046 [main] INFO  ozone.MiniOzoneClusterImpl (MiniOzoneClusterImpl.java:lambda$waitForClusterToBeReady$0(235)) - SCM became leader
2023-12-28 09:10:43,047 [main] INFO  ozone.MiniOzoneClusterImpl (MiniOzoneClusterImpl.java:lambda$waitForClusterToBeReady$0(230)) - Nodes are ready. Got 9 of 9 DN Heartbeats.
2023-12-28 09:10:43,047 [main] INFO  ozone.MiniOzoneClusterImpl (MiniOzoneClusterImpl.java:lambda$waitForClusterToBeReady$0(233)) - Waiting for cluster to exit safe mode
2023-12-28 09:10:43,047 [main] INFO  ozone.MiniOzoneClusterImpl (MiniOzoneClusterImpl.java:lambda$waitForClusterToBeReady$0(235)) - SCM became leader
2023-12-28 09:10:44,047 [main] INFO  ozone.MiniOzoneClusterImpl (MiniOzoneClusterImpl.java:lambda$waitForClusterToBeReady$0(230)) - Nodes are ready. Got 9 of 9 DN Heartbeats.
2023-12-28 09:10:44,047 [main] INFO  ozone.MiniOzoneClusterImpl (MiniOzoneClusterImpl.java:lambda$waitForClusterToBeReady$0(233)) - Waiting for cluster to exit safe mode
2023-12-28 09:10:44,048 [main] INFO  ozone.MiniOzoneClusterImpl (MiniOzoneClusterImpl.java:lambda$waitForClusterToBeReady$0(235)) - SCM became leader
2023-12-28 09:10:44,506 [44783c19-7880-41e3-960e-1ceedd7807f9@group-06525D7E7823-FollowerState] INFO  impl.FollowerState (FollowerState.java:run(143)) - 44783c19-7880-41e3-960e-1ceedd7807f9@group-06525D7E7823-FollowerState: change to CANDIDATE, lastRpcElapsedTime:5100378164ns, electionTimeout:5100ms
2023-12-28 09:10:44,507 [44783c19-7880-41e3-960e-1ceedd7807f9@group-06525D7E7823-FollowerState] INFO  impl.RoleInfo (RoleInfo.java:shutdownFollowerState(110)) - 44783c19-7880-41e3-960e-1ceedd7807f9: shutdown 44783c19-7880-41e3-960e-1ceedd7807f9@group-06525D7E7823-FollowerState
2023-12-28 09:10:44,507 [44783c19-7880-41e3-960e-1ceedd7807f9@group-06525D7E7823-FollowerState] INFO  server.RaftServer$Division (RaftServerImpl.java:setRole(379)) - 44783c19-7880-41e3-960e-1ceedd7807f9@group-06525D7E7823: changes role from  FOLLOWER to CANDIDATE at term 0 for changeToCandidate
2023-12-28 09:10:44,507 [44783c19-7880-41e3-960e-1ceedd7807f9@group-06525D7E7823-FollowerState] INFO  server.RaftServerConfigKeys (ConfUtils.java:logGet(46)) - raft.server.leaderelection.pre-vote = true (default)
2023-12-28 09:10:44,507 [44783c19-7880-41e3-960e-1ceedd7807f9@group-06525D7E7823-FollowerState] INFO  impl.RoleInfo (RoleInfo.java:updateAndGet(139)) - 44783c19-7880-41e3-960e-1ceedd7807f9: start 44783c19-7880-41e3-960e-1ceedd7807f9@group-06525D7E7823-LeaderElection82
2023-12-28 09:10:44,508 [44783c19-7880-41e3-960e-1ceedd7807f9@group-06525D7E7823-LeaderElection82] INFO  impl.LeaderElection (LeaderElection.java:askForVotes(323)) - 44783c19-7880-41e3-960e-1ceedd7807f9@group-06525D7E7823-LeaderElection82 PRE_VOTE round 0: submit vote requests at term 0 for -1: peers:[bc83b340-cccb-4d5a-a730-8abffc996f86|10.1.0.14:15468, 44783c19-7880-41e3-960e-1ceedd7807f9|10.1.0.14:15477, e4352bd1-85d5-4ef3-8682-c1451338ec4a|10.1.0.14:15459]|listeners:[], old=null
2023-12-28 09:10:44,508 [bc83b340-cccb-4d5a-a730-8abffc996f86@group-06525D7E7823-FollowerState] INFO  impl.FollowerState (FollowerState.java:run(143)) - bc83b340-cccb-4d5a-a730-8abffc996f86@group-06525D7E7823-FollowerState: change to CANDIDATE, lastRpcElapsedTime:5120315014ns, electionTimeout:5120ms
2023-12-28 09:10:44,508 [bc83b340-cccb-4d5a-a730-8abffc996f86@group-06525D7E7823-FollowerState] INFO  impl.RoleInfo (RoleInfo.java:shutdownFollowerState(110)) - bc83b340-cccb-4d5a-a730-8abffc996f86: shutdown bc83b340-cccb-4d5a-a730-8abffc996f86@group-06525D7E7823-FollowerState
2023-12-28 09:10:44,508 [bc83b340-cccb-4d5a-a730-8abffc996f86@group-06525D7E7823-FollowerState] INFO  server.RaftServer$Division (RaftServerImpl.java:setRole(379)) - bc83b340-cccb-4d5a-a730-8abffc996f86@group-06525D7E7823: changes role from  FOLLOWER to CANDIDATE at term 0 for changeToCandidate
2023-12-28 09:10:44,508 [44783c19-7880-41e3-960e-1ceedd7807f9@group-06525D7E7823-LeaderElection82-1] INFO  server.GrpcServerProtocolClient (GrpcServerProtocolClient.java:<init>(65)) - Build channel for bc83b340-cccb-4d5a-a730-8abffc996f86
2023-12-28 09:10:44,508 [44783c19-7880-41e3-960e-1ceedd7807f9@group-06525D7E7823-LeaderElection82-2] INFO  server.GrpcServerProtocolClient (GrpcServerProtocolClient.java:<init>(65)) - Build channel for e4352bd1-85d5-4ef3-8682-c1451338ec4a
2023-12-28 09:10:44,508 [bc83b340-cccb-4d5a-a730-8abffc996f86@group-06525D7E7823-FollowerState] INFO  server.RaftServerConfigKeys (ConfUtils.java:logGet(46)) - raft.server.leaderelection.pre-vote = true (default)
2023-12-28 09:10:44,508 [bc83b340-cccb-4d5a-a730-8abffc996f86@group-06525D7E7823-FollowerState] INFO  impl.RoleInfo (RoleInfo.java:updateAndGet(139)) - bc83b340-cccb-4d5a-a730-8abffc996f86: start bc83b340-cccb-4d5a-a730-8abffc996f86@group-06525D7E7823-LeaderElection83
2023-12-28 09:10:44,508 [44783c19-7880-41e3-960e-1ceedd7807f9@group-06525D7E7823-LeaderElection82] INFO  server.RaftServerConfigKeys (ConfUtils.java:logFallback(53)) - raft.server.rpc.first-election.timeout.min = 5s (fallback to raft.server.rpc.timeout.min)
2023-12-28 09:10:44,508 [44783c19-7880-41e3-960e-1ceedd7807f9@group-06525D7E7823-LeaderElection82] INFO  server.RaftServerConfigKeys (ConfUtils.java:logFallback(53)) - raft.server.rpc.first-election.timeout.max = 5200ms (fallback to raft.server.rpc.timeout.max)
2023-12-28 09:10:44,509 [bc83b340-cccb-4d5a-a730-8abffc996f86@group-06525D7E7823-LeaderElection83] INFO  impl.LeaderElection (LeaderElection.java:askForVotes(323)) - bc83b340-cccb-4d5a-a730-8abffc996f86@group-06525D7E7823-LeaderElection83 PRE_VOTE round 0: submit vote requests at term 0 for -1: peers:[bc83b340-cccb-4d5a-a730-8abffc996f86|10.1.0.14:15468, 44783c19-7880-41e3-960e-1ceedd7807f9|10.1.0.14:15477, e4352bd1-85d5-4ef3-8682-c1451338ec4a|10.1.0.14:15459]|listeners:[], old=null
2023-12-28 09:10:44,509 [bc83b340-cccb-4d5a-a730-8abffc996f86@group-06525D7E7823-LeaderElection83-1] INFO  server.GrpcServerProtocolClient (GrpcServerProtocolClient.java:<init>(65)) - Build channel for 44783c19-7880-41e3-960e-1ceedd7807f9
2023-12-28 09:10:44,509 [bc83b340-cccb-4d5a-a730-8abffc996f86@group-06525D7E7823-LeaderElection83] INFO  server.RaftServerConfigKeys (ConfUtils.java:logFallback(53)) - raft.server.rpc.first-election.timeout.min = 5s (fallback to raft.server.rpc.timeout.min)
2023-12-28 09:10:44,509 [bc83b340-cccb-4d5a-a730-8abffc996f86@group-06525D7E7823-LeaderElection83-2] INFO  server.GrpcServerProtocolClient (GrpcServerProtocolClient.java:<init>(65)) - Build channel for e4352bd1-85d5-4ef3-8682-c1451338ec4a
2023-12-28 09:10:44,510 [bc83b340-cccb-4d5a-a730-8abffc996f86@group-06525D7E7823-LeaderElection83] INFO  server.RaftServerConfigKeys (ConfUtils.java:logFallback(53)) - raft.server.rpc.first-election.timeout.max = 5200ms (fallback to raft.server.rpc.timeout.max)
2023-12-28 09:10:44,514 [grpc-default-executor-2] INFO  server.RaftServer$Division (RaftServerImpl.java:requestVote(1377)) - bc83b340-cccb-4d5a-a730-8abffc996f86@group-06525D7E7823: receive requestVote(PRE_VOTE, 44783c19-7880-41e3-960e-1ceedd7807f9, group-06525D7E7823, 0, (t:0, i:0))
2023-12-28 09:10:44,514 [grpc-default-executor-2] INFO  impl.VoteContext (VoteContext.java:log(49)) - bc83b340-cccb-4d5a-a730-8abffc996f86@group-06525D7E7823-CANDIDATE: reject PRE_VOTE from 44783c19-7880-41e3-960e-1ceedd7807f9: our priority 1 > candidate's priority 0
2023-12-28 09:10:44,514 [grpc-default-executor-2] INFO  server.RaftServer$Division (RaftServerImpl.java:requestVote(1410)) - bc83b340-cccb-4d5a-a730-8abffc996f86@group-06525D7E7823 replies to PRE_VOTE vote request: 44783c19-7880-41e3-960e-1ceedd7807f9<-bc83b340-cccb-4d5a-a730-8abffc996f86#0:FAIL-t0. Peer's state: bc83b340-cccb-4d5a-a730-8abffc996f86@group-06525D7E7823:t0, leader=null, voted=, raftlog=Memoized:bc83b340-cccb-4d5a-a730-8abffc996f86@group-06525D7E7823-SegmentedRaftLog:OPENED:c-1, conf=-1: peers:[bc83b340-cccb-4d5a-a730-8abffc996f86|10.1.0.14:15468, 44783c19-7880-41e3-960e-1ceedd7807f9|10.1.0.14:15477, e4352bd1-85d5-4ef3-8682-c1451338ec4a|10.1.0.14:15459]|listeners:[], old=null
2023-12-28 09:10:44,515 [grpc-default-executor-4] INFO  server.RaftServer$Division (RaftServerImpl.java:requestVote(1377)) - e4352bd1-85d5-4ef3-8682-c1451338ec4a@group-06525D7E7823: receive requestVote(PRE_VOTE, 44783c19-7880-41e3-960e-1ceedd7807f9, group-06525D7E7823, 0, (t:0, i:0))
2023-12-28 09:10:44,515 [grpc-default-executor-4] INFO  impl.VoteContext (VoteContext.java:log(49)) - e4352bd1-85d5-4ef3-8682-c1451338ec4a@group-06525D7E7823-FOLLOWER: accept PRE_VOTE from 44783c19-7880-41e3-960e-1ceedd7807f9: our priority 0 <= candidate's priority 0
2023-12-28 09:10:44,515 [grpc-default-executor-4] INFO  server.RaftServer$Division (RaftServerImpl.java:requestVote(1410)) - e4352bd1-85d5-4ef3-8682-c1451338ec4a@group-06525D7E7823 replies to PRE_VOTE vote request: 44783c19-7880-41e3-960e-1ceedd7807f9<-e4352bd1-85d5-4ef3-8682-c1451338ec4a#0:OK-t0. Peer's state: e4352bd1-85d5-4ef3-8682-c1451338ec4a@group-06525D7E7823:t0, leader=null, voted=, raftlog=Memoized:e4352bd1-85d5-4ef3-8682-c1451338ec4a@group-06525D7E7823-SegmentedRaftLog:OPENED:c-1, conf=-1: peers:[bc83b340-cccb-4d5a-a730-8abffc996f86|10.1.0.14:15468, 44783c19-7880-41e3-960e-1ceedd7807f9|10.1.0.14:15477, e4352bd1-85d5-4ef3-8682-c1451338ec4a|10.1.0.14:15459]|listeners:[], old=null
2023-12-28 09:10:44,516 [grpc-default-executor-6] INFO  server.RaftServer$Division (RaftServerImpl.java:requestVote(1377)) - 44783c19-7880-41e3-960e-1ceedd7807f9@group-06525D7E7823: receive requestVote(PRE_VOTE, bc83b340-cccb-4d5a-a730-8abffc996f86, group-06525D7E7823, 0, (t:0, i:0))
2023-12-28 09:10:44,516 [grpc-default-executor-6] INFO  impl.VoteContext (VoteContext.java:log(49)) - 44783c19-7880-41e3-960e-1ceedd7807f9@group-06525D7E7823-CANDIDATE: accept PRE_VOTE from bc83b340-cccb-4d5a-a730-8abffc996f86: our priority 0 <= candidate's priority 1
2023-12-28 09:10:44,516 [grpc-default-executor-6] INFO  server.RaftServer$Division (RaftServerImpl.java:requestVote(1410)) - 44783c19-7880-41e3-960e-1ceedd7807f9@group-06525D7E7823 replies to PRE_VOTE vote request: bc83b340-cccb-4d5a-a730-8abffc996f86<-44783c19-7880-41e3-960e-1ceedd7807f9#0:OK-t0. Peer's state: 44783c19-7880-41e3-960e-1ceedd7807f9@group-06525D7E7823:t0, leader=null, voted=, raftlog=Memoized:44783c19-7880-41e3-960e-1ceedd7807f9@group-06525D7E7823-SegmentedRaftLog:OPENED:c-1, conf=-1: peers:[bc83b340-cccb-4d5a-a730-8abffc996f86|10.1.0.14:15468, 44783c19-7880-41e3-960e-1ceedd7807f9|10.1.0.14:15477, e4352bd1-85d5-4ef3-8682-c1451338ec4a|10.1.0.14:15459]|listeners:[], old=null
2023-12-28 09:10:44,516 [grpc-default-executor-4] INFO  server.RaftServer$Division (RaftServerImpl.java:requestVote(1377)) - e4352bd1-85d5-4ef3-8682-c1451338ec4a@group-06525D7E7823: receive requestVote(PRE_VOTE, bc83b340-cccb-4d5a-a730-8abffc996f86, group-06525D7E7823, 0, (t:0, i:0))
2023-12-28 09:10:44,516 [grpc-default-executor-4] INFO  impl.VoteContext (VoteContext.java:log(49)) - e4352bd1-85d5-4ef3-8682-c1451338ec4a@group-06525D7E7823-FOLLOWER: accept PRE_VOTE from bc83b340-cccb-4d5a-a730-8abffc996f86: our priority 0 <= candidate's priority 1
2023-12-28 09:10:44,516 [grpc-default-executor-4] INFO  server.RaftServer$Division (RaftServerImpl.java:requestVote(1410)) - e4352bd1-85d5-4ef3-8682-c1451338ec4a@group-06525D7E7823 replies to PRE_VOTE vote request: bc83b340-cccb-4d5a-a730-8abffc996f86<-e4352bd1-85d5-4ef3-8682-c1451338ec4a#0:OK-t0. Peer's state: e4352bd1-85d5-4ef3-8682-c1451338ec4a@group-06525D7E7823:t0, leader=null, voted=, raftlog=Memoized:e4352bd1-85d5-4ef3-8682-c1451338ec4a@group-06525D7E7823-SegmentedRaftLog:OPENED:c-1, conf=-1: peers:[bc83b340-cccb-4d5a-a730-8abffc996f86|10.1.0.14:15468, 44783c19-7880-41e3-960e-1ceedd7807f9|10.1.0.14:15477, e4352bd1-85d5-4ef3-8682-c1451338ec4a|10.1.0.14:15459]|listeners:[], old=null
2023-12-28 09:10:44,516 [44783c19-7880-41e3-960e-1ceedd7807f9@group-06525D7E7823-LeaderElection82] INFO  impl.LeaderElection (LeaderElection.java:logAndReturn(89)) - 44783c19-7880-41e3-960e-1ceedd7807f9@group-06525D7E7823-LeaderElection82: PRE_VOTE REJECTED received 1 response(s) and 0 exception(s):
2023-12-28 09:10:44,517 [44783c19-7880-41e3-960e-1ceedd7807f9@group-06525D7E7823-LeaderElection82] INFO  impl.LeaderElection (LeaderElection.java:logAndReturn(93)) -   Response 0: 44783c19-7880-41e3-960e-1ceedd7807f9<-bc83b340-cccb-4d5a-a730-8abffc996f86#0:FAIL-t0
2023-12-28 09:10:44,517 [44783c19-7880-41e3-960e-1ceedd7807f9@group-06525D7E7823-LeaderElection82] INFO  impl.LeaderElection (LeaderElection.java:askForVotes(325)) - 44783c19-7880-41e3-960e-1ceedd7807f9@group-06525D7E7823-LeaderElection82 PRE_VOTE round 0: result REJECTED
2023-12-28 09:10:44,517 [44783c19-7880-41e3-960e-1ceedd7807f9@group-06525D7E7823-LeaderElection82] INFO  server.RaftServer$Division (RaftServerImpl.java:setRole(379)) - 44783c19-7880-41e3-960e-1ceedd7807f9@group-06525D7E7823: changes role from CANDIDATE to FOLLOWER at term 0 for REJECTED
2023-12-28 09:10:44,517 [44783c19-7880-41e3-960e-1ceedd7807f9@group-06525D7E7823-LeaderElection82] INFO  impl.RoleInfo (RoleInfo.java:shutdownLeaderElection(130)) - 44783c19-7880-41e3-960e-1ceedd7807f9: shutdown 44783c19-7880-41e3-960e-1ceedd7807f9@group-06525D7E7823-LeaderElection82
2023-12-28 09:10:44,517 [44783c19-7880-41e3-960e-1ceedd7807f9@group-06525D7E7823-LeaderElection82] INFO  impl.RoleInfo (RoleInfo.java:updateAndGet(139)) - 44783c19-7880-41e3-960e-1ceedd7807f9: start 44783c19-7880-41e3-960e-1ceedd7807f9@group-06525D7E7823-FollowerState
2023-12-28 09:10:44,517 [44783c19-7880-41e3-960e-1ceedd7807f9@group-06525D7E7823-LeaderElection82] INFO  server.RaftServer$Division (RaftServerImpl.java:setFirstElection(564)) - 44783c19-7880-41e3-960e-1ceedd7807f9@group-06525D7E7823: set firstElectionSinceStartup to false for REJECTED
2023-12-28 09:10:44,517 [bc83b340-cccb-4d5a-a730-8abffc996f86@group-06525D7E7823-LeaderElection83] INFO  impl.LeaderElection (LeaderElection.java:logAndReturn(89)) - bc83b340-cccb-4d5a-a730-8abffc996f86@group-06525D7E7823-LeaderElection83: PRE_VOTE PASSED received 1 response(s) and 0 exception(s):
2023-12-28 09:10:44,517 [bc83b340-cccb-4d5a-a730-8abffc996f86@group-06525D7E7823-LeaderElection83] INFO  impl.LeaderElection (LeaderElection.java:logAndReturn(93)) -   Response 0: bc83b340-cccb-4d5a-a730-8abffc996f86<-e4352bd1-85d5-4ef3-8682-c1451338ec4a#0:OK-t0
2023-12-28 09:10:44,517 [bc83b340-cccb-4d5a-a730-8abffc996f86@group-06525D7E7823-LeaderElection83] INFO  impl.LeaderElection (LeaderElection.java:askForVotes(325)) - bc83b340-cccb-4d5a-a730-8abffc996f86@group-06525D7E7823-LeaderElection83 PRE_VOTE round 0: result PASSED
2023-12-28 09:10:44,518 [e4352bd1-85d5-4ef3-8682-c1451338ec4a@group-06525D7E7823-FollowerState] INFO  server.RaftServerConfigKeys (ConfUtils.java:logFallback(53)) - raft.server.rpc.first-election.timeout.min = 5s (fallback to raft.server.rpc.timeout.min)
2023-12-28 09:10:44,518 [e4352bd1-85d5-4ef3-8682-c1451338ec4a@group-06525D7E7823-FollowerState] INFO  server.RaftServerConfigKeys (ConfUtils.java:logFallback(53)) - raft.server.rpc.first-election.timeout.max = 5200ms (fallback to raft.server.rpc.timeout.max)
2023-12-28 09:10:44,518 [bc83b340-cccb-4d5a-a730-8abffc996f86@group-06525D7E7823-LeaderElection83] INFO  impl.LeaderElection (LeaderElection.java:askForVotes(323)) - bc83b340-cccb-4d5a-a730-8abffc996f86@group-06525D7E7823-LeaderElection83 ELECTION round 0: submit vote requests at term 1 for -1: peers:[bc83b340-cccb-4d5a-a730-8abffc996f86|10.1.0.14:15468, 44783c19-7880-41e3-960e-1ceedd7807f9|10.1.0.14:15477, e4352bd1-85d5-4ef3-8682-c1451338ec4a|10.1.0.14:15459]|listeners:[], old=null
2023-12-28 09:10:44,519 [bc83b340-cccb-4d5a-a730-8abffc996f86@group-06525D7E7823-LeaderElection83] INFO  server.RaftServerConfigKeys (ConfUtils.java:logFallback(53)) - raft.server.rpc.first-election.timeout.min = 5s (fallback to raft.server.rpc.timeout.min)
2023-12-28 09:10:44,519 [bc83b340-cccb-4d5a-a730-8abffc996f86@group-06525D7E7823-LeaderElection83] INFO  server.RaftServerConfigKeys (ConfUtils.java:logFallback(53)) - raft.server.rpc.first-election.timeout.max = 5200ms (fallback to raft.server.rpc.timeout.max)
2023-12-28 09:10:44,519 [grpc-default-executor-2] INFO  server.RaftServer$Division (RaftServerImpl.java:requestVote(1377)) - 44783c19-7880-41e3-960e-1ceedd7807f9@group-06525D7E7823: receive requestVote(ELECTION, bc83b340-cccb-4d5a-a730-8abffc996f86, group-06525D7E7823, 1, (t:0, i:0))
2023-12-28 09:10:44,519 [grpc-default-executor-4] INFO  server.RaftServer$Division (RaftServerImpl.java:requestVote(1377)) - e4352bd1-85d5-4ef3-8682-c1451338ec4a@group-06525D7E7823: receive requestVote(ELECTION, bc83b340-cccb-4d5a-a730-8abffc996f86, group-06525D7E7823, 1, (t:0, i:0))
2023-12-28 09:10:44,519 [grpc-default-executor-2] INFO  impl.VoteContext (VoteContext.java:log(49)) - 44783c19-7880-41e3-960e-1ceedd7807f9@group-06525D7E7823-FOLLOWER: accept ELECTION from bc83b340-cccb-4d5a-a730-8abffc996f86: our priority 0 <= candidate's priority 1
2023-12-28 09:10:44,519 [grpc-default-executor-4] INFO  impl.VoteContext (VoteContext.java:log(49)) - e4352bd1-85d5-4ef3-8682-c1451338ec4a@group-06525D7E7823-FOLLOWER: accept ELECTION from bc83b340-cccb-4d5a-a730-8abffc996f86: our priority 0 <= candidate's priority 1
2023-12-28 09:10:44,519 [grpc-default-executor-2] INFO  server.RaftServer$Division (RaftServerImpl.java:setRole(379)) - 44783c19-7880-41e3-960e-1ceedd7807f9@group-06525D7E7823: changes role from  FOLLOWER to FOLLOWER at term 1 for candidate:bc83b340-cccb-4d5a-a730-8abffc996f86
2023-12-28 09:10:44,519 [grpc-default-executor-4] INFO  server.RaftServer$Division (RaftServerImpl.java:setRole(379)) - e4352bd1-85d5-4ef3-8682-c1451338ec4a@group-06525D7E7823: changes role from  FOLLOWER to FOLLOWER at term 1 for candidate:bc83b340-cccb-4d5a-a730-8abffc996f86
2023-12-28 09:10:44,519 [grpc-default-executor-2] INFO  impl.RoleInfo (RoleInfo.java:shutdownFollowerState(110)) - 44783c19-7880-41e3-960e-1ceedd7807f9: shutdown 44783c19-7880-41e3-960e-1ceedd7807f9@group-06525D7E7823-FollowerState
2023-12-28 09:10:44,519 [grpc-default-executor-4] INFO  impl.RoleInfo (RoleInfo.java:shutdownFollowerState(110)) - e4352bd1-85d5-4ef3-8682-c1451338ec4a: shutdown e4352bd1-85d5-4ef3-8682-c1451338ec4a@group-06525D7E7823-FollowerState
2023-12-28 09:10:44,520 [44783c19-7880-41e3-960e-1ceedd7807f9@group-06525D7E7823-FollowerState] INFO  impl.FollowerState (FollowerState.java:run(152)) - 44783c19-7880-41e3-960e-1ceedd7807f9@group-06525D7E7823-FollowerState was interrupted
2023-12-28 09:10:44,520 [e4352bd1-85d5-4ef3-8682-c1451338ec4a@group-06525D7E7823-FollowerState] INFO  impl.FollowerState (FollowerState.java:run(152)) - e4352bd1-85d5-4ef3-8682-c1451338ec4a@group-06525D7E7823-FollowerState was interrupted
2023-12-28 09:10:44,520 [grpc-default-executor-4] INFO  impl.RoleInfo (RoleInfo.java:updateAndGet(139)) - e4352bd1-85d5-4ef3-8682-c1451338ec4a: start e4352bd1-85d5-4ef3-8682-c1451338ec4a@group-06525D7E7823-FollowerState
2023-12-28 09:10:44,519 [grpc-default-executor-2] INFO  impl.RoleInfo (RoleInfo.java:updateAndGet(139)) - 44783c19-7880-41e3-960e-1ceedd7807f9: start 44783c19-7880-41e3-960e-1ceedd7807f9@group-06525D7E7823-FollowerState
2023-12-28 09:10:44,520 [grpc-default-executor-4] INFO  server.RaftServer$Division (RaftServerImpl.java:setFirstElection(564)) - e4352bd1-85d5-4ef3-8682-c1451338ec4a@group-06525D7E7823: set firstElectionSinceStartup to false for candidate:bc83b340-cccb-4d5a-a730-8abffc996f86
2023-12-28 09:10:44,521 [grpc-default-executor-4] INFO  server.RaftServer$Division (RaftServerImpl.java:requestVote(1410)) - e4352bd1-85d5-4ef3-8682-c1451338ec4a@group-06525D7E7823 replies to ELECTION vote request: bc83b340-cccb-4d5a-a730-8abffc996f86<-e4352bd1-85d5-4ef3-8682-c1451338ec4a#0:OK-t1. Peer's state: e4352bd1-85d5-4ef3-8682-c1451338ec4a@group-06525D7E7823:t1, leader=null, voted=bc83b340-cccb-4d5a-a730-8abffc996f86, raftlog=Memoized:e4352bd1-85d5-4ef3-8682-c1451338ec4a@group-06525D7E7823-SegmentedRaftLog:OPENED:c-1, conf=-1: peers:[bc83b340-cccb-4d5a-a730-8abffc996f86|10.1.0.14:15468, 44783c19-7880-41e3-960e-1ceedd7807f9|10.1.0.14:15477, e4352bd1-85d5-4ef3-8682-c1451338ec4a|10.1.0.14:15459]|listeners:[], old=null
2023-12-28 09:10:44,521 [grpc-default-executor-2] INFO  server.RaftServer$Division (RaftServerImpl.java:requestVote(1410)) - 44783c19-7880-41e3-960e-1ceedd7807f9@group-06525D7E7823 replies to ELECTION vote request: bc83b340-cccb-4d5a-a730-8abffc996f86<-44783c19-7880-41e3-960e-1ceedd7807f9#0:OK-t1. Peer's state: 44783c19-7880-41e3-960e-1ceedd7807f9@group-06525D7E7823:t1, leader=null, voted=bc83b340-cccb-4d5a-a730-8abffc996f86, raftlog=Memoized:44783c19-7880-41e3-960e-1ceedd7807f9@group-06525D7E7823-SegmentedRaftLog:OPENED:c-1, conf=-1: peers:[bc83b340-cccb-4d5a-a730-8abffc996f86|10.1.0.14:15468, 44783c19-7880-41e3-960e-1ceedd7807f9|10.1.0.14:15477, e4352bd1-85d5-4ef3-8682-c1451338ec4a|10.1.0.14:15459]|listeners:[], old=null
2023-12-28 09:10:44,521 [bc83b340-cccb-4d5a-a730-8abffc996f86@group-06525D7E7823-LeaderElection83] INFO  impl.LeaderElection (LeaderElection.java:logAndReturn(89)) - bc83b340-cccb-4d5a-a730-8abffc996f86@group-06525D7E7823-LeaderElection83: ELECTION PASSED received 1 response(s) and 0 exception(s):
2023-12-28 09:10:44,521 [bc83b340-cccb-4d5a-a730-8abffc996f86@group-06525D7E7823-LeaderElection83] INFO  impl.LeaderElection (LeaderElection.java:logAndReturn(93)) -   Response 0: bc83b340-cccb-4d5a-a730-8abffc996f86<-44783c19-7880-41e3-960e-1ceedd7807f9#0:OK-t1
2023-12-28 09:10:44,521 [bc83b340-cccb-4d5a-a730-8abffc996f86@group-06525D7E7823-LeaderElection83] INFO  impl.LeaderElection (LeaderElection.java:askForVotes(325)) - bc83b340-cccb-4d5a-a730-8abffc996f86@group-06525D7E7823-LeaderElection83 ELECTION round 0: result PASSED
2023-12-28 09:10:44,521 [bc83b340-cccb-4d5a-a730-8abffc996f86@group-06525D7E7823-LeaderElection83] INFO  impl.RoleInfo (RoleInfo.java:shutdownLeaderElection(130)) - bc83b340-cccb-4d5a-a730-8abffc996f86: shutdown bc83b340-cccb-4d5a-a730-8abffc996f86@group-06525D7E7823-LeaderElection83
2023-12-28 09:10:44,521 [bc83b340-cccb-4d5a-a730-8abffc996f86@group-06525D7E7823-LeaderElection83] INFO  server.RaftServer$Division (RaftServerImpl.java:setRole(379)) - bc83b340-cccb-4d5a-a730-8abffc996f86@group-06525D7E7823: changes role from CANDIDATE to LEADER at term 1 for changeToLeader
2023-12-28 09:10:44,521 [bc83b340-cccb-4d5a-a730-8abffc996f86@group-06525D7E7823-LeaderElection83] INFO  server.RaftServerConfigKeys (ConfUtils.java:logGet(46)) - raft.server.staging.catchup.gap = 1000 (default)
2023-12-28 09:10:44,521 [bc83b340-cccb-4d5a-a730-8abffc996f86@group-06525D7E7823-LeaderElection83] INFO  server.RaftServerConfigKeys (ConfUtils.java:logGet(46)) - raft.server.write.element-limit = 1024 (custom)
2023-12-28 09:10:44,521 [bc83b340-cccb-4d5a-a730-8abffc996f86@group-06525D7E7823-LeaderElection83] INFO  server.RaftServerConfigKeys (ConfUtils.java:logGet(46)) - raft.server.write.byte-limit = 1024 M (=1073741824) (custom)
2023-12-28 09:10:44,522 [bc83b340-cccb-4d5a-a730-8abffc996f86@group-06525D7E7823-LeaderElection83] INFO  server.RaftServerConfigKeys (ConfUtils.java:logGet(46)) - raft.server.watch.timeout = 3000ms (custom)
2023-12-28 09:10:44,522 [bc83b340-cccb-4d5a-a730-8abffc996f86@group-06525D7E7823-LeaderElection83] INFO  server.RaftServerConfigKeys (ConfUtils.java:logGet(46)) - raft.server.watch.timeout.denomination = 1s (default)
2023-12-28 09:10:44,522 [bc83b340-cccb-4d5a-a730-8abffc996f86@group-06525D7E7823-LeaderElection83] INFO  server.RaftServerConfigKeys (ConfUtils.java:logGet(46)) - raft.server.watch.element-limit = 65536 (default)
2023-12-28 09:10:44,522 [bc83b340-cccb-4d5a-a730-8abffc996f86@group-06525D7E7823-LeaderElection83] INFO  server.RaftServerConfigKeys (ConfUtils.java:logGet(46)) - raft.server.read.leader.lease.enabled = false (default)
2023-12-28 09:10:44,522 [bc83b340-cccb-4d5a-a730-8abffc996f86@group-06525D7E7823-LeaderElection83] INFO  server.RaftServerConfigKeys (ConfUtils.java:logGet(46)) - raft.server.read.leader.lease.timeout.ratio = 0.9 (default)
2023-12-28 09:10:44,522 [bc83b340-cccb-4d5a-a730-8abffc996f86@group-06525D7E7823-LeaderElection83] INFO  server.RaftServerConfigKeys (ConfUtils.java:logGet(46)) - raft.server.rpc.timeout.min = 5s (custom)
2023-12-28 09:10:44,522 [bc83b340-cccb-4d5a-a730-8abffc996f86@group-06525D7E7823-LeaderElection83] INFO  server.RaftServerConfigKeys (ConfUtils.java:logGet(46)) - raft.server.write.element-limit = 1024 (custom)
2023-12-28 09:10:44,522 [bc83b340-cccb-4d5a-a730-8abffc996f86@group-06525D7E7823-LeaderElection83] INFO  server.RaftServerConfigKeys (ConfUtils.java:logGet(46)) - raft.server.write.follower.gap.ratio.max = -1.0 (default)
2023-12-28 09:10:44,522 [bc83b340-cccb-4d5a-a730-8abffc996f86@group-06525D7E7823-LeaderElection83] INFO  server.RaftServerConfigKeys (ConfUtils.java:logGet(46)) - raft.server.log.appender.snapshot.chunk.size.max = 16MB (=16777216) (default)
2023-12-28 09:10:44,522 [bc83b340-cccb-4d5a-a730-8abffc996f86@group-06525D7E7823-LeaderElection83] INFO  server.RaftServerConfigKeys (ConfUtils.java:logGet(46)) - raft.server.log.appender.buffer.byte-limit = 8388608 (custom)
2023-12-28 09:10:44,522 [bc83b340-cccb-4d5a-a730-8abffc996f86@group-06525D7E7823-LeaderElection83] INFO  server.RaftServerConfigKeys (ConfUtils.java:logGet(46)) - raft.server.log.appender.buffer.element-limit = 1 (custom)
2023-12-28 09:10:44,522 [bc83b340-cccb-4d5a-a730-8abffc996f86@group-06525D7E7823-LeaderElection83] INFO  server.RaftServerConfigKeys (ConfUtils.java:logGet(46)) - raft.server.log.appender.wait-time.min = 0ms (custom)
2023-12-28 09:10:44,522 [bc83b340-cccb-4d5a-a730-8abffc996f86@group-06525D7E7823-LeaderElection83] INFO  grpc.GrpcConfigKeys (ConfUtils.java:logGet(46)) - raft.grpc.server.leader.outstanding.appends.max = 8 (default)
2023-12-28 09:10:44,522 [bc83b340-cccb-4d5a-a730-8abffc996f86@group-06525D7E7823-LeaderElection83] INFO  server.RaftServerConfigKeys (ConfUtils.java:logGet(46)) - raft.server.rpc.request.timeout = 3000ms (default)
2023-12-28 09:10:44,522 [bc83b340-cccb-4d5a-a730-8abffc996f86@group-06525D7E7823-LeaderElection83] INFO  grpc.GrpcConfigKeys (ConfUtils.java:logGet(46)) - raft.grpc.server.install_snapshot.request.element-limit = 8 (default)
2023-12-28 09:10:44,522 [bc83b340-cccb-4d5a-a730-8abffc996f86@group-06525D7E7823-LeaderElection83] INFO  grpc.GrpcConfigKeys (ConfUtils.java:logGet(46)) - raft.grpc.server.install_snapshot.request.timeout = 3000ms (default)
2023-12-28 09:10:44,522 [bc83b340-cccb-4d5a-a730-8abffc996f86@group-06525D7E7823-LeaderElection83] INFO  server.RaftServerConfigKeys (ConfUtils.java:logGet(46)) - raft.server.log.appender.install.snapshot.enabled = false (custom)
2023-12-28 09:10:44,522 [bc83b340-cccb-4d5a-a730-8abffc996f86@group-06525D7E7823-LeaderElection83] INFO  grpc.GrpcConfigKeys (ConfUtils.java:logGet(46)) - raft.grpc.server.heartbeat.channel = true (default)
2023-12-28 09:10:44,523 [bc83b340-cccb-4d5a-a730-8abffc996f86@group-06525D7E7823-LeaderElection83] INFO  server.RaftServerConfigKeys (ConfUtils.java:logGet(46)) - raft.server.log.appender.snapshot.chunk.size.max = 16MB (=16777216) (default)
2023-12-28 09:10:44,523 [bc83b340-cccb-4d5a-a730-8abffc996f86@group-06525D7E7823-LeaderElection83] INFO  server.RaftServerConfigKeys (ConfUtils.java:logGet(46)) - raft.server.log.appender.buffer.byte-limit = 8388608 (custom)
2023-12-28 09:10:44,523 [bc83b340-cccb-4d5a-a730-8abffc996f86@group-06525D7E7823-LeaderElection83] INFO  server.RaftServerConfigKeys (ConfUtils.java:logGet(46)) - raft.server.log.appender.buffer.element-limit = 1 (custom)
2023-12-28 09:10:44,523 [bc83b340-cccb-4d5a-a730-8abffc996f86@group-06525D7E7823-LeaderElection83] INFO  server.RaftServerConfigKeys (ConfUtils.java:logGet(46)) - raft.server.log.appender.wait-time.min = 0ms (custom)
2023-12-28 09:10:44,523 [bc83b340-cccb-4d5a-a730-8abffc996f86@group-06525D7E7823-LeaderElection83] INFO  grpc.GrpcConfigKeys (ConfUtils.java:logGet(46)) - raft.grpc.server.leader.outstanding.appends.max = 8 (default)
2023-12-28 09:10:44,523 [bc83b340-cccb-4d5a-a730-8abffc996f86@group-06525D7E7823-LeaderElection83] INFO  server.RaftServerConfigKeys (ConfUtils.java:logGet(46)) - raft.server.rpc.request.timeout = 3000ms (default)
2023-12-28 09:10:44,523 [bc83b340-cccb-4d5a-a730-8abffc996f86@group-06525D7E7823-LeaderElection83] INFO  grpc.GrpcConfigKeys (ConfUtils.java:logGet(46)) - raft.grpc.server.install_snapshot.request.element-limit = 8 (default)
2023-12-28 09:10:44,523 [bc83b340-cccb-4d5a-a730-8abffc996f86@group-06525D7E7823-LeaderElection83] INFO  grpc.GrpcConfigKeys (ConfUtils.java:logGet(46)) - raft.grpc.server.install_snapshot.request.timeout = 3000ms (default)
2023-12-28 09:10:44,523 [bc83b340-cccb-4d5a-a730-8abffc996f86@group-06525D7E7823-LeaderElection83] INFO  server.RaftServerConfigKeys (ConfUtils.java:logGet(46)) - raft.server.log.appender.install.snapshot.enabled = false (custom)
2023-12-28 09:10:44,523 [bc83b340-cccb-4d5a-a730-8abffc996f86@group-06525D7E7823-LeaderElection83] INFO  grpc.GrpcConfigKeys (ConfUtils.java:logGet(46)) - raft.grpc.server.heartbeat.channel = true (default)
2023-12-28 09:10:44,523 [bc83b340-cccb-4d5a-a730-8abffc996f86@group-06525D7E7823-LeaderElection83] INFO  impl.RoleInfo (RoleInfo.java:updateAndGet(139)) - bc83b340-cccb-4d5a-a730-8abffc996f86: start bc83b340-cccb-4d5a-a730-8abffc996f86@group-06525D7E7823-LeaderStateImpl
2023-12-28 09:10:44,523 [bc83b340-cccb-4d5a-a730-8abffc996f86@group-06525D7E7823-LeaderElection83] INFO  server.RaftServer$Division (RaftServerImpl.java:setFirstElection(564)) - bc83b340-cccb-4d5a-a730-8abffc996f86@group-06525D7E7823: set firstElectionSinceStartup to false for becomeLeader
2023-12-28 09:10:44,523 [bc83b340-cccb-4d5a-a730-8abffc996f86@group-06525D7E7823-LeaderElection83] INFO  ratis.XceiverServerRatis (XceiverServerRatis.java:handleLeaderChangedNotification(935)) - Leader change notification received for group: group-06525D7E7823 with new leaderId: bc83b340-cccb-4d5a-a730-8abffc996f86
2023-12-28 09:10:44,524 [bc83b340-cccb-4d5a-a730-8abffc996f86@group-06525D7E7823-LeaderElection83] INFO  server.RaftServer$Division (ServerState.java:setLeader(265)) - bc83b340-cccb-4d5a-a730-8abffc996f86@group-06525D7E7823: change Leader from null to bc83b340-cccb-4d5a-a730-8abffc996f86 at term 1 for becomeLeader, leader elected after 5147ms
2023-12-28 09:10:44,524 [bc83b340-cccb-4d5a-a730-8abffc996f86@group-06525D7E7823-LeaderElection83] INFO  segmented.SegmentedRaftLogWorker (SegmentedRaftLogWorker.java:startLogSegment(428)) - bc83b340-cccb-4d5a-a730-8abffc996f86@group-06525D7E7823-SegmentedRaftLogWorker: Starting segment from index:0
2023-12-28 09:10:44,524 [EventQueue-OpenPipelineForHealthyPipelineSafeModeRule] INFO  safemode.SCMSafeModeManager (HealthyPipelineSafeModeRule.java:process(140)) - SCM in safe mode. Healthy pipelines reported count is 0, required healthy pipeline reported count is 1
2023-12-28 09:10:44,525 [EventQueue-PipelineReportForPipelineReportHandler] INFO  pipeline.PipelineReportHandler (PipelineReportHandler.java:processPipelineReport(136)) - Opened pipeline PipelineID=d9aa7e2a-ba71-457a-b112-06525d7e7823
2023-12-28 09:10:44,525 [EventQueue-OpenPipelineForHealthyPipelineSafeModeRule] INFO  safemode.SCMSafeModeManager (HealthyPipelineSafeModeRule.java:process(140)) - SCM in safe mode. Healthy pipelines reported count is 1, required healthy pipeline reported count is 1
2023-12-28 09:10:44,525 [EventQueue-OpenPipelineForHealthyPipelineSafeModeRule] INFO  safemode.SCMSafeModeManager (SCMSafeModeManager.java:validateSafeModeExitRules(200)) - HealthyPipelineSafeModeRule rule is successfully validated
2023-12-28 09:10:44,525 [EventQueue-OpenPipelineForHealthyPipelineSafeModeRule] INFO  safemode.SCMSafeModeManager (SCMSafeModeManager.java:validateSafeModeExitRules(215)) - ScmSafeModeManager, all rules are successfully validated
2023-12-28 09:10:44,525 [EventQueue-OpenPipelineForHealthyPipelineSafeModeRule] INFO  safemode.SCMSafeModeManager (SCMSafeModeManager.java:exitSafeMode(244)) - SCM exiting safe mode.
2023-12-28 09:10:44,525 [EventQueue-OpenPipelineForHealthyPipelineSafeModeRule] INFO  ha.SCMContext (SCMContext.java:updateSafeModeStatus(230)) - Update SafeModeStatus from SafeModeStatus{safeModeStatus=true, preCheckPassed=true} to SafeModeStatus{safeModeStatus=false, preCheckPassed=true}.
2023-12-28 09:10:44,525 [EventQueue-OpenPipelineForHealthyPipelineSafeModeRule] INFO  pipeline.BackgroundPipelineCreator (BackgroundPipelineCreator.java:notifyStatusChanged(258)) - Service BackgroundPipelineCreator transitions to RUNNING.
2023-12-28 09:10:44,525 [EventQueue-OpenPipelineForHealthyPipelineSafeModeRule] INFO  BackgroundPipelineScrubber (BackgroundSCMService.java:notifyStatusChanged(82)) - Service BackgroundPipelineScrubber transitions to RUNNING.
2023-12-28 09:10:44,525 [EventQueue-OpenPipelineForHealthyPipelineSafeModeRule] INFO  ExpiredContainerReplicaOpScrubber (BackgroundSCMService.java:notifyStatusChanged(82)) - Service ExpiredContainerReplicaOpScrubber transitions to RUNNING.
2023-12-28 09:10:44,525 [EventQueue-OpenPipelineForHealthyPipelineSafeModeRule] INFO  replication.ReplicationManager (ReplicationManager.java:notifyStatusChanged(1401)) - Service ReplicationManager transitions to RUNNING.
2023-12-28 09:10:44,525 [EventQueue-OpenPipelineForHealthyPipelineSafeModeRule] WARN  balancer.ContainerBalancer (ContainerBalancer.java:shouldRun(134)) - Could not find persisted configuration for ContainerBalancer when checking if ContainerBalancer should run. ContainerBalancer should not run now.
2023-12-28 09:10:44,527 [bc83b340-cccb-4d5a-a730-8abffc996f86@group-06525D7E7823-LeaderElection83] INFO  server.RaftServer$Division (ServerState.java:setRaftConf(382)) - bc83b340-cccb-4d5a-a730-8abffc996f86@group-06525D7E7823: set configuration 0: peers:[bc83b340-cccb-4d5a-a730-8abffc996f86|10.1.0.14:15468, 44783c19-7880-41e3-960e-1ceedd7807f9|10.1.0.14:15477, e4352bd1-85d5-4ef3-8682-c1451338ec4a|10.1.0.14:15459]|listeners:[], old=null
2023-12-28 09:10:44,529 [e4352bd1-85d5-4ef3-8682-c1451338ec4a@group-3B90C04FCC54-FollowerState] INFO  impl.FollowerState (FollowerState.java:run(143)) - e4352bd1-85d5-4ef3-8682-c1451338ec4a@group-3B90C04FCC54-FollowerState: change to CANDIDATE, lastRpcElapsedTime:5176351462ns, electionTimeout:5176ms
2023-12-28 09:10:44,529 [e4352bd1-85d5-4ef3-8682-c1451338ec4a@group-3B90C04FCC54-FollowerState] INFO  impl.RoleInfo (RoleInfo.java:shutdownFollowerState(110)) - e4352bd1-85d5-4ef3-8682-c1451338ec4a: shutdown e4352bd1-85d5-4ef3-8682-c1451338ec4a@group-3B90C04FCC54-FollowerState
2023-12-28 09:10:44,529 [e4352bd1-85d5-4ef3-8682-c1451338ec4a@group-3B90C04FCC54-FollowerState] INFO  server.RaftServer$Division (RaftServerImpl.java:setRole(379)) - e4352bd1-85d5-4ef3-8682-c1451338ec4a@group-3B90C04FCC54: changes role from  FOLLOWER to CANDIDATE at term 0 for changeToCandidate
2023-12-28 09:10:44,529 [e4352bd1-85d5-4ef3-8682-c1451338ec4a@group-3B90C04FCC54-FollowerState] INFO  server.RaftServerConfigKeys (ConfUtils.java:logGet(46)) - raft.server.leaderelection.pre-vote = true (default)
2023-12-28 09:10:44,529 [e4352bd1-85d5-4ef3-8682-c1451338ec4a@group-3B90C04FCC54-FollowerState] INFO  impl.RoleInfo (RoleInfo.java:updateAndGet(139)) - e4352bd1-85d5-4ef3-8682-c1451338ec4a: start e4352bd1-85d5-4ef3-8682-c1451338ec4a@group-3B90C04FCC54-LeaderElection84
2023-12-28 09:10:44,531 [e4352bd1-85d5-4ef3-8682-c1451338ec4a@group-3B90C04FCC54-LeaderElection84] INFO  impl.LeaderElection (LeaderElection.java:askForVotes(323)) - e4352bd1-85d5-4ef3-8682-c1451338ec4a@group-3B90C04FCC54-LeaderElection84 PRE_VOTE round 0: submit vote requests at term 0 for -1: peers:[e4352bd1-85d5-4ef3-8682-c1451338ec4a|10.1.0.14:15459]|listeners:[], old=null
2023-12-28 09:10:44,531 [e4352bd1-85d5-4ef3-8682-c1451338ec4a@group-3B90C04FCC54-LeaderElection84] INFO  impl.LeaderElection (LeaderElection.java:askForVotes(325)) - e4352bd1-85d5-4ef3-8682-c1451338ec4a@group-3B90C04FCC54-LeaderElection84 PRE_VOTE round 0: result PASSED (term=0)
2023-12-28 09:10:44,531 [44783c19-7880-41e3-960e-1ceedd7807f9-server-thread1] INFO  ratis.XceiverServerRatis (XceiverServerRatis.java:handleLeaderChangedNotification(935)) - Leader change notification received for group: group-06525D7E7823 with new leaderId: bc83b340-cccb-4d5a-a730-8abffc996f86
2023-12-28 09:10:44,532 [44783c19-7880-41e3-960e-1ceedd7807f9-server-thread1] INFO  server.RaftServer$Division (ServerState.java:setLeader(265)) - 44783c19-7880-41e3-960e-1ceedd7807f9@group-06525D7E7823: change Leader from null to bc83b340-cccb-4d5a-a730-8abffc996f86 at term 1 for appendEntries, leader elected after 5135ms
2023-12-28 09:10:44,532 [e4352bd1-85d5-4ef3-8682-c1451338ec4a@group-3B90C04FCC54-LeaderElection84] INFO  impl.LeaderElection (LeaderElection.java:askForVotes(323)) - e4352bd1-85d5-4ef3-8682-c1451338ec4a@group-3B90C04FCC54-LeaderElection84 ELECTION round 0: submit vote requests at term 1 for -1: peers:[e4352bd1-85d5-4ef3-8682-c1451338ec4a|10.1.0.14:15459]|listeners:[], old=null
2023-12-28 09:10:44,532 [e4352bd1-85d5-4ef3-8682-c1451338ec4a@group-3B90C04FCC54-LeaderElection84] INFO  impl.LeaderElection (LeaderElection.java:askForVotes(325)) - e4352bd1-85d5-4ef3-8682-c1451338ec4a@group-3B90C04FCC54-LeaderElection84 ELECTION round 0: result PASSED (term=1)
2023-12-28 09:10:44,533 [e4352bd1-85d5-4ef3-8682-c1451338ec4a@group-3B90C04FCC54-LeaderElection84] INFO  impl.RoleInfo (RoleInfo.java:shutdownLeaderElection(130)) - e4352bd1-85d5-4ef3-8682-c1451338ec4a: shutdown e4352bd1-85d5-4ef3-8682-c1451338ec4a@group-3B90C04FCC54-LeaderElection84
2023-12-28 09:10:44,533 [44783c19-7880-41e3-960e-1ceedd7807f9-server-thread2] INFO  server.RaftServer$Division (ServerState.java:setRaftConf(382)) - 44783c19-7880-41e3-960e-1ceedd7807f9@group-06525D7E7823: set configuration 0: peers:[bc83b340-cccb-4d5a-a730-8abffc996f86|10.1.0.14:15468, 44783c19-7880-41e3-960e-1ceedd7807f9|10.1.0.14:15477, e4352bd1-85d5-4ef3-8682-c1451338ec4a|10.1.0.14:15459]|listeners:[], old=null
2023-12-28 09:10:44,532 [bc83b340-cccb-4d5a-a730-8abffc996f86@group-06525D7E7823-SegmentedRaftLogWorker] INFO  segmented.SegmentedRaftLogWorker (SegmentedRaftLogWorker.java:execute(632)) - bc83b340-cccb-4d5a-a730-8abffc996f86@group-06525D7E7823-SegmentedRaftLogWorker: created new log segment /home/runner/work/ozone/ozone/hadoop-ozone/integration-test/target/test-dir/MiniOzoneClusterImpl-11b76480-f5fe-46c6-962b-c791e86a534f/datanode-1/data/ratis/d9aa7e2a-ba71-457a-b112-06525d7e7823/current/log_inprogress_0
2023-12-28 09:10:44,534 [44783c19-7880-41e3-960e-1ceedd7807f9-server-thread2] INFO  segmented.SegmentedRaftLogWorker (SegmentedRaftLogWorker.java:startLogSegment(428)) - 44783c19-7880-41e3-960e-1ceedd7807f9@group-06525D7E7823-SegmentedRaftLogWorker: Starting segment from index:0
2023-12-28 09:10:44,534 [e4352bd1-85d5-4ef3-8682-c1451338ec4a@group-3B90C04FCC54-LeaderElection84] INFO  server.RaftServer$Division (RaftServerImpl.java:setRole(379)) - e4352bd1-85d5-4ef3-8682-c1451338ec4a@group-3B90C04FCC54: changes role from CANDIDATE to LEADER at term 1 for changeToLeader
2023-12-28 09:10:44,534 [e4352bd1-85d5-4ef3-8682-c1451338ec4a-server-thread1] INFO  ratis.XceiverServerRatis (XceiverServerRatis.java:handleLeaderChangedNotification(935)) - Leader change notification received for group: group-06525D7E7823 with new leaderId: bc83b340-cccb-4d5a-a730-8abffc996f86
2023-12-28 09:10:44,534 [e4352bd1-85d5-4ef3-8682-c1451338ec4a-server-thread1] INFO  server.RaftServer$Division (ServerState.java:setLeader(265)) - e4352bd1-85d5-4ef3-8682-c1451338ec4a@group-06525D7E7823: change Leader from null to bc83b340-cccb-4d5a-a730-8abffc996f86 at term 1 for appendEntries, leader elected after 5178ms
2023-12-28 09:10:44,534 [e4352bd1-85d5-4ef3-8682-c1451338ec4a@group-3B90C04FCC54-LeaderElection84] INFO  server.RaftServerConfigKeys (ConfUtils.java:logGet(46)) - raft.server.staging.catchup.gap = 1000 (default)
2023-12-28 09:10:44,539 [e4352bd1-85d5-4ef3-8682-c1451338ec4a-server-thread2] INFO  server.RaftServer$Division (ServerState.java:setRaftConf(382)) - e4352bd1-85d5-4ef3-8682-c1451338ec4a@group-06525D7E7823: set configuration 0: peers:[bc83b340-cccb-4d5a-a730-8abffc996f86|10.1.0.14:15468, 44783c19-7880-41e3-960e-1ceedd7807f9|10.1.0.14:15477, e4352bd1-85d5-4ef3-8682-c1451338ec4a|10.1.0.14:15459]|listeners:[], old=null
2023-12-28 09:10:44,539 [e4352bd1-85d5-4ef3-8682-c1451338ec4a-server-thread2] INFO  segmented.SegmentedRaftLogWorker (SegmentedRaftLogWorker.java:startLogSegment(428)) - e4352bd1-85d5-4ef3-8682-c1451338ec4a@group-06525D7E7823-SegmentedRaftLogWorker: Starting segment from index:0
2023-12-28 09:10:44,540 [e4352bd1-85d5-4ef3-8682-c1451338ec4a@group-3B90C04FCC54-LeaderElection84] INFO  server.RaftServerConfigKeys (ConfUtils.java:logGet(46)) - raft.server.write.element-limit = 1024 (custom)
2023-12-28 09:10:44,540 [e4352bd1-85d5-4ef3-8682-c1451338ec4a@group-3B90C04FCC54-LeaderElection84] INFO  server.RaftServerConfigKeys (ConfUtils.java:logGet(46)) - raft.server.write.byte-limit = 1024 M (=1073741824) (custom)
2023-12-28 09:10:44,542 [e4352bd1-85d5-4ef3-8682-c1451338ec4a@group-3B90C04FCC54-LeaderElection84] INFO  server.RaftServerConfigKeys (ConfUtils.java:logGet(46)) - raft.server.watch.timeout = 3000ms (custom)
2023-12-28 09:10:44,543 [e4352bd1-85d5-4ef3-8682-c1451338ec4a@group-3B90C04FCC54-LeaderElection84] INFO  server.RaftServerConfigKeys (ConfUtils.java:logGet(46)) - raft.server.watch.timeout.denomination = 1s (default)
2023-12-28 09:10:44,543 [e4352bd1-85d5-4ef3-8682-c1451338ec4a@group-3B90C04FCC54-LeaderElection84] INFO  server.RaftServerConfigKeys (ConfUtils.java:logGet(46)) - raft.server.watch.element-limit = 65536 (default)
2023-12-28 09:10:44,543 [e4352bd1-85d5-4ef3-8682-c1451338ec4a@group-3B90C04FCC54-LeaderElection84] INFO  server.RaftServerConfigKeys (ConfUtils.java:logGet(46)) - raft.server.read.leader.lease.enabled = false (default)
2023-12-28 09:10:44,543 [44783c19-7880-41e3-960e-1ceedd7807f9@group-06525D7E7823-SegmentedRaftLogWorker] INFO  segmented.SegmentedRaftLogWorker (SegmentedRaftLogWorker.java:execute(632)) - 44783c19-7880-41e3-960e-1ceedd7807f9@group-06525D7E7823-SegmentedRaftLogWorker: created new log segment /home/runner/work/ozone/ozone/hadoop-ozone/integration-test/target/test-dir/MiniOzoneClusterImpl-11b76480-f5fe-46c6-962b-c791e86a534f/datanode-2/data/ratis/d9aa7e2a-ba71-457a-b112-06525d7e7823/current/log_inprogress_0
2023-12-28 09:10:44,545 [e4352bd1-85d5-4ef3-8682-c1451338ec4a@group-3B90C04FCC54-LeaderElection84] INFO  server.RaftServerConfigKeys (ConfUtils.java:logGet(46)) - raft.server.read.leader.lease.timeout.ratio = 0.9 (default)
2023-12-28 09:10:44,545 [e4352bd1-85d5-4ef3-8682-c1451338ec4a@group-3B90C04FCC54-LeaderElection84] INFO  server.RaftServerConfigKeys (ConfUtils.java:logGet(46)) - raft.server.rpc.timeout.min = 5s (custom)
2023-12-28 09:10:44,545 [e4352bd1-85d5-4ef3-8682-c1451338ec4a@group-3B90C04FCC54-LeaderElection84] INFO  server.RaftServerConfigKeys (ConfUtils.java:logGet(46)) - raft.server.write.element-limit = 1024 (custom)
2023-12-28 09:10:44,545 [e4352bd1-85d5-4ef3-8682-c1451338ec4a@group-3B90C04FCC54-LeaderElection84] INFO  server.RaftServerConfigKeys (ConfUtils.java:logGet(46)) - raft.server.write.follower.gap.ratio.max = -1.0 (default)
2023-12-28 09:10:44,545 [e4352bd1-85d5-4ef3-8682-c1451338ec4a@group-3B90C04FCC54-LeaderElection84] INFO  impl.RoleInfo (RoleInfo.java:updateAndGet(139)) - e4352bd1-85d5-4ef3-8682-c1451338ec4a: start e4352bd1-85d5-4ef3-8682-c1451338ec4a@group-3B90C04FCC54-LeaderStateImpl
2023-12-28 09:10:44,545 [e4352bd1-85d5-4ef3-8682-c1451338ec4a@group-3B90C04FCC54-LeaderElection84] INFO  server.RaftServer$Division (RaftServerImpl.java:setFirstElection(564)) - e4352bd1-85d5-4ef3-8682-c1451338ec4a@group-3B90C04FCC54: set firstElectionSinceStartup to false for becomeLeader
2023-12-28 09:10:44,545 [e4352bd1-85d5-4ef3-8682-c1451338ec4a@group-3B90C04FCC54-LeaderElection84] INFO  ratis.XceiverServerRatis (XceiverServerRatis.java:handleLeaderChangedNotification(935)) - Leader change notification received for group: group-3B90C04FCC54 with new leaderId: e4352bd1-85d5-4ef3-8682-c1451338ec4a
2023-12-28 09:10:44,545 [e4352bd1-85d5-4ef3-8682-c1451338ec4a@group-3B90C04FCC54-LeaderElection84] INFO  server.RaftServer$Division (ServerState.java:setLeader(265)) - e4352bd1-85d5-4ef3-8682-c1451338ec4a@group-3B90C04FCC54: change Leader from null to e4352bd1-85d5-4ef3-8682-c1451338ec4a at term 1 for becomeLeader, leader elected after 5206ms
2023-12-28 09:10:44,546 [e4352bd1-85d5-4ef3-8682-c1451338ec4a@group-3B90C04FCC54-LeaderElection84] INFO  segmented.SegmentedRaftLogWorker (SegmentedRaftLogWorker.java:startLogSegment(428)) - e4352bd1-85d5-4ef3-8682-c1451338ec4a@group-3B90C04FCC54-SegmentedRaftLogWorker: Starting segment from index:0
2023-12-28 09:10:44,546 [e4352bd1-85d5-4ef3-8682-c1451338ec4a@group-3B90C04FCC54-LeaderElection84] INFO  server.RaftServer$Division (ServerState.java:setRaftConf(382)) - e4352bd1-85d5-4ef3-8682-c1451338ec4a@group-3B90C04FCC54: set configuration 0: peers:[e4352bd1-85d5-4ef3-8682-c1451338ec4a|10.1.0.14:15459]|listeners:[], old=null
2023-12-28 09:10:44,552 [bc83b340-cccb-4d5a-a730-8abffc996f86@group-06525D7E7823-StateMachineUpdater] INFO  server.RaftServer$Division (LeaderStateImpl.java:isApplied(316)) - leader is ready since appliedIndex == 0 >= startIndex == 0
2023-12-28 09:10:44,552 [e4352bd1-85d5-4ef3-8682-c1451338ec4a@group-06525D7E7823-SegmentedRaftLogWorker] INFO  segmented.SegmentedRaftLogWorker (SegmentedRaftLogWorker.java:execute(632)) - e4352bd1-85d5-4ef3-8682-c1451338ec4a@group-06525D7E7823-SegmentedRaftLogWorker: created new log segment /home/runner/work/ozone/ozone/hadoop-ozone/integration-test/target/test-dir/MiniOzoneClusterImpl-11b76480-f5fe-46c6-962b-c791e86a534f/datanode-0/data/ratis/d9aa7e2a-ba71-457a-b112-06525d7e7823/current/log_inprogress_0
2023-12-28 09:10:44,553 [e4352bd1-85d5-4ef3-8682-c1451338ec4a@group-3B90C04FCC54-SegmentedRaftLogWorker] INFO  segmented.SegmentedRaftLogWorker (SegmentedRaftLogWorker.java:execute(632)) - e4352bd1-85d5-4ef3-8682-c1451338ec4a@group-3B90C04FCC54-SegmentedRaftLogWorker: created new log segment /home/runner/work/ozone/ozone/hadoop-ozone/integration-test/target/test-dir/MiniOzoneClusterImpl-11b76480-f5fe-46c6-962b-c791e86a534f/datanode-0/data/ratis/609891c5-c3c4-435f-a972-3b90c04fcc54/current/log_inprogress_0
2023-12-28 09:10:44,554 [e4352bd1-85d5-4ef3-8682-c1451338ec4a@group-3B90C04FCC54-StateMachineUpdater] INFO  server.RaftServer$Division (LeaderStateImpl.java:isApplied(316)) - leader is ready since appliedIndex == 0 >= startIndex == 0
2023-12-28 09:10:44,555 [bc83b340-cccb-4d5a-a730-8abffc996f86@group-5891F2529D54-FollowerState] INFO  impl.FollowerState (FollowerState.java:run(143)) - bc83b340-cccb-4d5a-a730-8abffc996f86@group-5891F2529D54-FollowerState: change to CANDIDATE, lastRpcElapsedTime:5120336482ns, electionTimeout:5120ms
2023-12-28 09:10:44,555 [bc83b340-cccb-4d5a-a730-8abffc996f86@group-5891F2529D54-FollowerState] INFO  impl.RoleInfo (RoleInfo.java:shutdownFollowerState(110)) - bc83b340-cccb-4d5a-a730-8abffc996f86: shutdown bc83b340-cccb-4d5a-a730-8abffc996f86@group-5891F2529D54-FollowerState
2023-12-28 09:10:44,556 [bc83b340-cccb-4d5a-a730-8abffc996f86@group-5891F2529D54-FollowerState] INFO  server.RaftServer$Division (RaftServerImpl.java:setRole(379)) - bc83b340-cccb-4d5a-a730-8abffc996f86@group-5891F2529D54: changes role from  FOLLOWER to CANDIDATE at term 0 for changeToCandidate
2023-12-28 09:10:44,556 [bc83b340-cccb-4d5a-a730-8abffc996f86@group-5891F2529D54-FollowerState] INFO  server.RaftServerConfigKeys (ConfUtils.java:logGet(46)) - raft.server.leaderelection.pre-vote = true (default)
2023-12-28 09:10:44,556 [bc83b340-cccb-4d5a-a730-8abffc996f86@group-5891F2529D54-FollowerState] INFO  impl.RoleInfo (RoleInfo.java:updateAndGet(139)) - bc83b340-cccb-4d5a-a730-8abffc996f86: start bc83b340-cccb-4d5a-a730-8abffc996f86@group-5891F2529D54-LeaderElection85
2023-12-28 09:10:44,556 [bc83b340-cccb-4d5a-a730-8abffc996f86@group-5891F2529D54-LeaderElection85] INFO  impl.LeaderElection (LeaderElection.java:askForVotes(323)) - bc83b340-cccb-4d5a-a730-8abffc996f86@group-5891F2529D54-LeaderElection85 PRE_VOTE round 0: submit vote requests at term 0 for -1: peers:[bc83b340-cccb-4d5a-a730-8abffc996f86|10.1.0.14:15468]|listeners:[], old=null
2023-12-28 09:10:44,556 [bc83b340-cccb-4d5a-a730-8abffc996f86@group-5891F2529D54-LeaderElection85] INFO  impl.LeaderElection (LeaderElection.java:askForVotes(325)) - bc83b340-cccb-4d5a-a730-8abffc996f86@group-5891F2529D54-LeaderElection85 PRE_VOTE round 0: result PASSED (term=0)
2023-12-28 09:10:44,558 [bc83b340-cccb-4d5a-a730-8abffc996f86@group-5891F2529D54-LeaderElection85] INFO  impl.LeaderElection (LeaderElection.java:askForVotes(323)) - bc83b340-cccb-4d5a-a730-8abffc996f86@group-5891F2529D54-LeaderElection85 ELECTION round 0: submit vote requests at term 1 for -1: peers:[bc83b340-cccb-4d5a-a730-8abffc996f86|10.1.0.14:15468]|listeners:[], old=null
2023-12-28 09:10:44,558 [bc83b340-cccb-4d5a-a730-8abffc996f86@group-5891F2529D54-LeaderElection85] INFO  impl.LeaderElection (LeaderElection.java:askForVotes(325)) - bc83b340-cccb-4d5a-a730-8abffc996f86@group-5891F2529D54-LeaderElection85 ELECTION round 0: result PASSED (term=1)
2023-12-28 09:10:44,559 [bc83b340-cccb-4d5a-a730-8abffc996f86@group-5891F2529D54-LeaderElection85] INFO  impl.RoleInfo (RoleInfo.java:shutdownLeaderElection(130)) - bc83b340-cccb-4d5a-a730-8abffc996f86: shutdown bc83b340-cccb-4d5a-a730-8abffc996f86@group-5891F2529D54-LeaderElection85
2023-12-28 09:10:44,559 [bc83b340-cccb-4d5a-a730-8abffc996f86@group-5891F2529D54-LeaderElection85] INFO  server.RaftServer$Division (RaftServerImpl.java:setRole(379)) - bc83b340-cccb-4d5a-a730-8abffc996f86@group-5891F2529D54: changes role from CANDIDATE to LEADER at term 1 for changeToLeader
2023-12-28 09:10:44,559 [bc83b340-cccb-4d5a-a730-8abffc996f86@group-5891F2529D54-LeaderElection85] INFO  server.RaftServerConfigKeys (ConfUtils.java:logGet(46)) - raft.server.staging.catchup.gap = 1000 (default)
2023-12-28 09:10:44,559 [bc83b340-cccb-4d5a-a730-8abffc996f86@group-5891F2529D54-LeaderElection85] INFO  server.RaftServerConfigKeys (ConfUtils.java:logGet(46)) - raft.server.write.element-limit = 1024 (custom)
2023-12-28 09:10:44,559 [bc83b340-cccb-4d5a-a730-8abffc996f86@group-5891F2529D54-LeaderElection85] INFO  server.RaftServerConfigKeys (ConfUtils.java:logGet(46)) - raft.server.write.byte-limit = 1024 M (=1073741824) (custom)
2023-12-28 09:10:44,559 [bc83b340-cccb-4d5a-a730-8abffc996f86@group-5891F2529D54-LeaderElection85] INFO  server.RaftServerConfigKeys (ConfUtils.java:logGet(46)) - raft.server.watch.timeout = 3000ms (custom)
2023-12-28 09:10:44,559 [bc83b340-cccb-4d5a-a730-8abffc996f86@group-5891F2529D54-LeaderElection85] INFO  server.RaftServerConfigKeys (ConfUtils.java:logGet(46)) - raft.server.watch.timeout.denomination = 1s (default)
2023-12-28 09:10:44,559 [bc83b340-cccb-4d5a-a730-8abffc996f86@group-5891F2529D54-LeaderElection85] INFO  server.RaftServerConfigKeys (ConfUtils.java:logGet(46)) - raft.server.watch.element-limit = 65536 (default)
2023-12-28 09:10:44,559 [bc83b340-cccb-4d5a-a730-8abffc996f86@group-5891F2529D54-LeaderElection85] INFO  server.RaftServerConfigKeys (ConfUtils.java:logGet(46)) - raft.server.read.leader.lease.enabled = false (default)
2023-12-28 09:10:44,559 [bc83b340-cccb-4d5a-a730-8abffc996f86@group-5891F2529D54-LeaderElection85] INFO  server.RaftServerConfigKeys (ConfUtils.java:logGet(46)) - raft.server.read.leader.lease.timeout.ratio = 0.9 (default)
2023-12-28 09:10:44,559 [bc83b340-cccb-4d5a-a730-8abffc996f86@group-5891F2529D54-LeaderElection85] INFO  server.RaftServerConfigKeys (ConfUtils.java:logGet(46)) - raft.server.rpc.timeout.min = 5s (custom)
2023-12-28 09:10:44,559 [bc83b340-cccb-4d5a-a730-8abffc996f86@group-5891F2529D54-LeaderElection85] INFO  server.RaftServerConfigKeys (ConfUtils.java:logGet(46)) - raft.server.write.element-limit = 1024 (custom)
2023-12-28 09:10:44,559 [bc83b340-cccb-4d5a-a730-8abffc996f86@group-5891F2529D54-LeaderElection85] INFO  server.RaftServerConfigKeys (ConfUtils.java:logGet(46)) - raft.server.write.follower.gap.ratio.max = -1.0 (default)
2023-12-28 09:10:44,559 [bc83b340-cccb-4d5a-a730-8abffc996f86@group-5891F2529D54-LeaderElection85] INFO  impl.RoleInfo (RoleInfo.java:updateAndGet(139)) - bc83b340-cccb-4d5a-a730-8abffc996f86: start bc83b340-cccb-4d5a-a730-8abffc996f86@group-5891F2529D54-LeaderStateImpl
2023-12-28 09:10:44,559 [bc83b340-cccb-4d5a-a730-8abffc996f86@group-5891F2529D54-LeaderElection85] INFO  server.RaftServer$Division (RaftServerImpl.java:setFirstElection(564)) - bc83b340-cccb-4d5a-a730-8abffc996f86@group-5891F2529D54: set firstElectionSinceStartup to false for becomeLeader
2023-12-28 09:10:44,559 [bc83b340-cccb-4d5a-a730-8abffc996f86@group-5891F2529D54-LeaderElection85] INFO  ratis.XceiverServerRatis (XceiverServerRatis.java:handleLeaderChangedNotification(935)) - Leader change notification received for group: group-5891F2529D54 with new leaderId: bc83b340-cccb-4d5a-a730-8abffc996f86
2023-12-28 09:10:44,559 [bc83b340-cccb-4d5a-a730-8abffc996f86@group-5891F2529D54-LeaderElection85] INFO  server.RaftServer$Division (ServerState.java:setLeader(265)) - bc83b340-cccb-4d5a-a730-8abffc996f86@group-5891F2529D54: change Leader from null to bc83b340-cccb-4d5a-a730-8abffc996f86 at term 1 for becomeLeader, leader elected after 5133ms
2023-12-28 09:10:44,560 [bc83b340-cccb-4d5a-a730-8abffc996f86@group-5891F2529D54-LeaderElection85] INFO  segmented.SegmentedRaftLogWorker (SegmentedRaftLogWorker.java:startLogSegment(428)) - bc83b340-cccb-4d5a-a730-8abffc996f86@group-5891F2529D54-SegmentedRaftLogWorker: Starting segment from index:0
2023-12-28 09:10:44,561 [bc83b340-cccb-4d5a-a730-8abffc996f86@group-5891F2529D54-LeaderElection85] INFO  server.RaftServer$Division (ServerState.java:setRaftConf(382)) - bc83b340-cccb-4d5a-a730-8abffc996f86@group-5891F2529D54: set configuration 0: peers:[bc83b340-cccb-4d5a-a730-8abffc996f86|10.1.0.14:15468]|listeners:[], old=null
2023-12-28 09:10:44,567 [bc83b340-cccb-4d5a-a730-8abffc996f86@group-5891F2529D54-SegmentedRaftLogWorker] INFO  segmented.SegmentedRaftLogWorker (SegmentedRaftLogWorker.java:execute(632)) - bc83b340-cccb-4d5a-a730-8abffc996f86@group-5891F2529D54-SegmentedRaftLogWorker: created new log segment /home/runner/work/ozone/ozone/hadoop-ozone/integration-test/target/test-dir/MiniOzoneClusterImpl-11b76480-f5fe-46c6-962b-c791e86a534f/datanode-1/data/ratis/076783b7-3132-4f85-a270-5891f2529d54/current/log_inprogress_0
2023-12-28 09:10:44,568 [bc83b340-cccb-4d5a-a730-8abffc996f86@group-5891F2529D54-StateMachineUpdater] INFO  server.RaftServer$Division (LeaderStateImpl.java:isApplied(316)) - leader is ready since appliedIndex == 0 >= startIndex == 0
2023-12-28 09:10:44,663 [7bf28275-35a3-4339-bf85-2ac062f1a076@group-CEFACA0475BC-FollowerState] INFO  impl.FollowerState (FollowerState.java:run(143)) - 7bf28275-35a3-4339-bf85-2ac062f1a076@group-CEFACA0475BC-FollowerState: change to CANDIDATE, lastRpcElapsedTime:5041963979ns, electionTimeout:5040ms
2023-12-28 09:10:44,663 [7bf28275-35a3-4339-bf85-2ac062f1a076@group-CEFACA0475BC-FollowerState] INFO  impl.RoleInfo (RoleInfo.java:shutdownFollowerState(110)) - 7bf28275-35a3-4339-bf85-2ac062f1a076: shutdown 7bf28275-35a3-4339-bf85-2ac062f1a076@group-CEFACA0475BC-FollowerState
2023-12-28 09:10:44,663 [7bf28275-35a3-4339-bf85-2ac062f1a076@group-CEFACA0475BC-FollowerState] INFO  server.RaftServer$Division (RaftServerImpl.java:setRole(379)) - 7bf28275-35a3-4339-bf85-2ac062f1a076@group-CEFACA0475BC: changes role from  FOLLOWER to CANDIDATE at term 0 for changeToCandidate
2023-12-28 09:10:44,663 [7bf28275-35a3-4339-bf85-2ac062f1a076@group-CEFACA0475BC-FollowerState] INFO  server.RaftServerConfigKeys (ConfUtils.java:logGet(46)) - raft.server.leaderelection.pre-vote = true (default)
2023-12-28 09:10:44,663 [7bf28275-35a3-4339-bf85-2ac062f1a076@group-CEFACA0475BC-FollowerState] INFO  impl.RoleInfo (RoleInfo.java:updateAndGet(139)) - 7bf28275-35a3-4339-bf85-2ac062f1a076: start 7bf28275-35a3-4339-bf85-2ac062f1a076@group-CEFACA0475BC-LeaderElection86
2023-12-28 09:10:44,664 [7bf28275-35a3-4339-bf85-2ac062f1a076@group-CEFACA0475BC-LeaderElection86] INFO  impl.LeaderElection (LeaderElection.java:askForVotes(323)) - 7bf28275-35a3-4339-bf85-2ac062f1a076@group-CEFACA0475BC-LeaderElection86 PRE_VOTE round 0: submit vote requests at term 0 for -1: peers:[7bf28275-35a3-4339-bf85-2ac062f1a076|10.1.0.14:15486]|listeners:[], old=null
2023-12-28 09:10:44,664 [7bf28275-35a3-4339-bf85-2ac062f1a076@group-CEFACA0475BC-LeaderElection86] INFO  impl.LeaderElection (LeaderElection.java:askForVotes(325)) - 7bf28275-35a3-4339-bf85-2ac062f1a076@group-CEFACA0475BC-LeaderElection86 PRE_VOTE round 0: result PASSED (term=0)
2023-12-28 09:10:44,665 [7bf28275-35a3-4339-bf85-2ac062f1a076@group-CEFACA0475BC-LeaderElection86] INFO  impl.LeaderElection (LeaderElection.java:askForVotes(323)) - 7bf28275-35a3-4339-bf85-2ac062f1a076@group-CEFACA0475BC-LeaderElection86 ELECTION round 0: submit vote requests at term 1 for -1: peers:[7bf28275-35a3-4339-bf85-2ac062f1a076|10.1.0.14:15486]|listeners:[], old=null
2023-12-28 09:10:44,665 [7bf28275-35a3-4339-bf85-2ac062f1a076@group-CEFACA0475BC-LeaderElection86] INFO  impl.LeaderElection (LeaderElection.java:askForVotes(325)) - 7bf28275-35a3-4339-bf85-2ac062f1a076@group-CEFACA0475BC-LeaderElection86 ELECTION round 0: result PASSED (term=1)
2023-12-28 09:10:44,665 [7bf28275-35a3-4339-bf85-2ac062f1a076@group-CEFACA0475BC-LeaderElection86] INFO  impl.RoleInfo (RoleInfo.java:shutdownLeaderElection(130)) - 7bf28275-35a3-4339-bf85-2ac062f1a076: shutdown 7bf28275-35a3-4339-bf85-2ac062f1a076@group-CEFACA0475BC-LeaderElection86
2023-12-28 09:10:44,665 [7bf28275-35a3-4339-bf85-2ac062f1a076@group-CEFACA0475BC-LeaderElection86] INFO  server.RaftServer$Division (RaftServerImpl.java:setRole(379)) - 7bf28275-35a3-4339-bf85-2ac062f1a076@group-CEFACA0475BC: changes role from CANDIDATE to LEADER at term 1 for changeToLeader
2023-12-28 09:10:44,665 [7bf28275-35a3-4339-bf85-2ac062f1a076@group-CEFACA0475BC-LeaderElection86] INFO  server.RaftServerConfigKeys (ConfUtils.java:logGet(46)) - raft.server.staging.catchup.gap = 1000 (default)
2023-12-28 09:10:44,665 [7bf28275-35a3-4339-bf85-2ac062f1a076@group-CEFACA0475BC-LeaderElection86] INFO  server.RaftServerConfigKeys (ConfUtils.java:logGet(46)) - raft.server.write.element-limit = 1024 (custom)
2023-12-28 09:10:44,665 [7bf28275-35a3-4339-bf85-2ac062f1a076@group-CEFACA0475BC-LeaderElection86] INFO  server.RaftServerConfigKeys (ConfUtils.java:logGet(46)) - raft.server.write.byte-limit = 1024 M (=1073741824) (custom)
2023-12-28 09:10:44,666 [7bf28275-35a3-4339-bf85-2ac062f1a076@group-CEFACA0475BC-LeaderElection86] INFO  server.RaftServerConfigKeys (ConfUtils.java:logGet(46)) - raft.server.watch.timeout = 3000ms (custom)
2023-12-28 09:10:44,666 [7bf28275-35a3-4339-bf85-2ac062f1a076@group-CEFACA0475BC-LeaderElection86] INFO  server.RaftServerConfigKeys (ConfUtils.java:logGet(46)) - raft.server.watch.timeout.denomination = 1s (default)
2023-12-28 09:10:44,666 [7bf28275-35a3-4339-bf85-2ac062f1a076@group-CEFACA0475BC-LeaderElection86] INFO  server.RaftServerConfigKeys (ConfUtils.java:logGet(46)) - raft.server.watch.element-limit = 65536 (default)
2023-12-28 09:10:44,666 [7bf28275-35a3-4339-bf85-2ac062f1a076@group-CEFACA0475BC-LeaderElection86] INFO  server.RaftServerConfigKeys (ConfUtils.java:logGet(46)) - raft.server.read.leader.lease.enabled = false (default)
2023-12-28 09:10:44,666 [7bf28275-35a3-4339-bf85-2ac062f1a076@group-CEFACA0475BC-LeaderElection86] INFO  server.RaftServerConfigKeys (ConfUtils.java:logGet(46)) - raft.server.read.leader.lease.timeout.ratio = 0.9 (default)
2023-12-28 09:10:44,666 [7bf28275-35a3-4339-bf85-2ac062f1a076@group-CEFACA0475BC-LeaderElection86] INFO  server.RaftServerConfigKeys (ConfUtils.java:logGet(46)) - raft.server.rpc.timeout.min = 5s (custom)
2023-12-28 09:10:44,666 [7bf28275-35a3-4339-bf85-2ac062f1a076@group-CEFACA0475BC-LeaderElection86] INFO  server.RaftServerConfigKeys (ConfUtils.java:logGet(46)) - raft.server.write.element-limit = 1024 (custom)
2023-12-28 09:10:44,666 [7bf28275-35a3-4339-bf85-2ac062f1a076@group-CEFACA0475BC-LeaderElection86] INFO  server.RaftServerConfigKeys (ConfUtils.java:logGet(46)) - raft.server.write.follower.gap.ratio.max = -1.0 (default)
2023-12-28 09:10:44,666 [7bf28275-35a3-4339-bf85-2ac062f1a076@group-CEFACA0475BC-LeaderElection86] INFO  impl.RoleInfo (RoleInfo.java:updateAndGet(139)) - 7bf28275-35a3-4339-bf85-2ac062f1a076: start 7bf28275-35a3-4339-bf85-2ac062f1a076@group-CEFACA0475BC-LeaderStateImpl
2023-12-28 09:10:44,666 [7bf28275-35a3-4339-bf85-2ac062f1a076@group-CEFACA0475BC-LeaderElection86] INFO  server.RaftServer$Division (RaftServerImpl.java:setFirstElection(564)) - 7bf28275-35a3-4339-bf85-2ac062f1a076@group-CEFACA0475BC: set firstElectionSinceStartup to false for becomeLeader
2023-12-28 09:10:44,666 [7bf28275-35a3-4339-bf85-2ac062f1a076@group-CEFACA0475BC-LeaderElection86] INFO  ratis.XceiverServerRatis (XceiverServerRatis.java:handleLeaderChangedNotification(935)) - Leader change notification received for group: group-CEFACA0475BC with new leaderId: 7bf28275-35a3-4339-bf85-2ac062f1a076
2023-12-28 09:10:44,666 [7bf28275-35a3-4339-bf85-2ac062f1a076@group-CEFACA0475BC-LeaderElection86] INFO  server.RaftServer$Division (ServerState.java:setLeader(265)) - 7bf28275-35a3-4339-bf85-2ac062f1a076@group-CEFACA0475BC: change Leader from null to 7bf28275-35a3-4339-bf85-2ac062f1a076 at term 1 for becomeLeader, leader elected after 5057ms
2023-12-28 09:10:44,666 [7bf28275-35a3-4339-bf85-2ac062f1a076@group-CEFACA0475BC-LeaderElection86] INFO  segmented.SegmentedRaftLogWorker (SegmentedRaftLogWorker.java:startLogSegment(428)) - 7bf28275-35a3-4339-bf85-2ac062f1a076@group-CEFACA0475BC-SegmentedRaftLogWorker: Starting segment from index:0
2023-12-28 09:10:44,667 [7bf28275-35a3-4339-bf85-2ac062f1a076@group-CEFACA0475BC-LeaderElection86] INFO  server.RaftServer$Division (ServerState.java:setRaftConf(382)) - 7bf28275-35a3-4339-bf85-2ac062f1a076@group-CEFACA0475BC: set configuration 0: peers:[7bf28275-35a3-4339-bf85-2ac062f1a076|10.1.0.14:15486]|listeners:[], old=null
2023-12-28 09:10:44,674 [7bf28275-35a3-4339-bf85-2ac062f1a076@group-CEFACA0475BC-SegmentedRaftLogWorker] INFO  segmented.SegmentedRaftLogWorker (SegmentedRaftLogWorker.java:execute(632)) - 7bf28275-35a3-4339-bf85-2ac062f1a076@group-CEFACA0475BC-SegmentedRaftLogWorker: created new log segment /home/runner/work/ozone/ozone/hadoop-ozone/integration-test/target/test-dir/MiniOzoneClusterImpl-11b76480-f5fe-46c6-962b-c791e86a534f/datanode-3/data/ratis/97ddfd1d-8e67-4cb5-b0ab-cefaca0475bc/current/log_inprogress_0
2023-12-28 09:10:44,675 [7bf28275-35a3-4339-bf85-2ac062f1a076@group-CEFACA0475BC-StateMachineUpdater] INFO  server.RaftServer$Division (LeaderStateImpl.java:isApplied(316)) - leader is ready since appliedIndex == 0 >= startIndex == 0
2023-12-28 09:10:44,697 [44783c19-7880-41e3-960e-1ceedd7807f9@group-FEEEFB768E03-FollowerState] INFO  impl.FollowerState (FollowerState.java:run(143)) - 44783c19-7880-41e3-960e-1ceedd7807f9@group-FEEEFB768E03-FollowerState: change to CANDIDATE, lastRpcElapsedTime:5164432412ns, electionTimeout:5164ms
2023-12-28 09:10:44,697 [44783c19-7880-41e3-960e-1ceedd7807f9@group-FEEEFB768E03-FollowerState] INFO  impl.RoleInfo (RoleInfo.java:shutdownFollowerState(110)) - 44783c19-7880-41e3-960e-1ceedd7807f9: shutdown 44783c19-7880-41e3-960e-1ceedd7807f9@group-FEEEFB768E03-FollowerState
2023-12-28 09:10:44,697 [44783c19-7880-41e3-960e-1ceedd7807f9@group-FEEEFB768E03-FollowerState] INFO  server.RaftServer$Division (RaftServerImpl.java:setRole(379)) - 44783c19-7880-41e3-960e-1ceedd7807f9@group-FEEEFB768E03: changes role from  FOLLOWER to CANDIDATE at term 0 for changeToCandidate
2023-12-28 09:10:44,697 [44783c19-7880-41e3-960e-1ceedd7807f9@group-FEEEFB768E03-FollowerState] INFO  server.RaftServerConfigKeys (ConfUtils.java:logGet(46)) - raft.server.leaderelection.pre-vote = true (default)
2023-12-28 09:10:44,697 [44783c19-7880-41e3-960e-1ceedd7807f9@group-FEEEFB768E03-FollowerState] INFO  impl.RoleInfo (RoleInfo.java:updateAndGet(139)) - 44783c19-7880-41e3-960e-1ceedd7807f9: start 44783c19-7880-41e3-960e-1ceedd7807f9@group-FEEEFB768E03-LeaderElection87
2023-12-28 09:10:44,698 [44783c19-7880-41e3-960e-1ceedd7807f9@group-FEEEFB768E03-LeaderElection87] INFO  impl.LeaderElection (LeaderElection.java:askForVotes(323)) - 44783c19-7880-41e3-960e-1ceedd7807f9@group-FEEEFB768E03-LeaderElection87 PRE_VOTE round 0: submit vote requests at term 0 for -1: peers:[44783c19-7880-41e3-960e-1ceedd7807f9|10.1.0.14:15477]|listeners:[], old=null
2023-12-28 09:10:44,698 [44783c19-7880-41e3-960e-1ceedd7807f9@group-FEEEFB768E03-LeaderElection87] INFO  impl.LeaderElection (LeaderElection.java:askForVotes(325)) - 44783c19-7880-41e3-960e-1ceedd7807f9@group-FEEEFB768E03-LeaderElection87 PRE_VOTE round 0: result PASSED (term=0)
2023-12-28 09:10:44,699 [44783c19-7880-41e3-960e-1ceedd7807f9@group-FEEEFB768E03-LeaderElection87] INFO  impl.LeaderElection (LeaderElection.java:askForVotes(323)) - 44783c19-7880-41e3-960e-1ceedd7807f9@group-FEEEFB768E03-LeaderElection87 ELECTION round 0: submit vote requests at term 1 for -1: peers:[44783c19-7880-41e3-960e-1ceedd7807f9|10.1.0.14:15477]|listeners:[], old=null
2023-12-28 09:10:44,699 [44783c19-7880-41e3-960e-1ceedd7807f9@group-FEEEFB768E03-LeaderElection87] INFO  impl.LeaderElection (LeaderElection.java:askForVotes(325)) - 44783c19-7880-41e3-960e-1ceedd7807f9@group-FEEEFB768E03-LeaderElection87 ELECTION round 0: result PASSED (term=1)
2023-12-28 09:10:44,699 [44783c19-7880-41e3-960e-1ceedd7807f9@group-FEEEFB768E03-LeaderElection87] INFO  impl.RoleInfo (RoleInfo.java:shutdownLeaderElection(130)) - 44783c19-7880-41e3-960e-1ceedd7807f9: shutdown 44783c19-7880-41e3-960e-1ceedd7807f9@group-FEEEFB768E03-LeaderElection87
2023-12-28 09:10:44,699 [44783c19-7880-41e3-960e-1ceedd7807f9@group-FEEEFB768E03-LeaderElection87] INFO  server.RaftServer$Division (RaftServerImpl.java:setRole(379)) - 44783c19-7880-41e3-960e-1ceedd7807f9@group-FEEEFB768E03: changes role from CANDIDATE to LEADER at term 1 for changeToLeader
2023-12-28 09:10:44,699 [44783c19-7880-41e3-960e-1ceedd7807f9@group-FEEEFB768E03-LeaderElection87] INFO  server.RaftServerConfigKeys (ConfUtils.java:logGet(46)) - raft.server.staging.catchup.gap = 1000 (default)
2023-12-28 09:10:44,699 [44783c19-7880-41e3-960e-1ceedd7807f9@group-FEEEFB768E03-LeaderElection87] INFO  server.RaftServerConfigKeys (ConfUtils.java:logGet(46)) - raft.server.write.element-limit = 1024 (custom)
2023-12-28 09:10:44,699 [44783c19-7880-41e3-960e-1ceedd7807f9@group-FEEEFB768E03-LeaderElection87] INFO  server.RaftServerConfigKeys (ConfUtils.java:logGet(46)) - raft.server.write.byte-limit = 1024 M (=1073741824) (custom)
2023-12-28 09:10:44,699 [44783c19-7880-41e3-960e-1ceedd7807f9@group-FEEEFB768E03-LeaderElection87] INFO  server.RaftServerConfigKeys (ConfUtils.java:logGet(46)) - raft.server.watch.timeout = 3000ms (custom)
2023-12-28 09:10:44,699 [44783c19-7880-41e3-960e-1ceedd7807f9@group-FEEEFB768E03-LeaderElection87] INFO  server.RaftServerConfigKeys (ConfUtils.java:logGet(46)) - raft.server.watch.timeout.denomination = 1s (default)
2023-12-28 09:10:44,699 [44783c19-7880-41e3-960e-1ceedd7807f9@group-FEEEFB768E03-LeaderElection87] INFO  server.RaftServerConfigKeys (ConfUtils.java:logGet(46)) - raft.server.watch.element-limit = 65536 (default)
2023-12-28 09:10:44,700 [44783c19-7880-41e3-960e-1ceedd7807f9@group-FEEEFB768E03-LeaderElection87] INFO  server.RaftServerConfigKeys (ConfUtils.java:logGet(46)) - raft.server.read.leader.lease.enabled = false (default)
2023-12-28 09:10:44,700 [44783c19-7880-41e3-960e-1ceedd7807f9@group-FEEEFB768E03-LeaderElection87] INFO  server.RaftServerConfigKeys (ConfUtils.java:logGet(46)) - raft.server.read.leader.lease.timeout.ratio = 0.9 (default)
2023-12-28 09:10:44,700 [44783c19-7880-41e3-960e-1ceedd7807f9@group-FEEEFB768E03-LeaderElection87] INFO  server.RaftServerConfigKeys (ConfUtils.java:logGet(46)) - raft.server.rpc.timeout.min = 5s (custom)
2023-12-28 09:10:44,700 [44783c19-7880-41e3-960e-1ceedd7807f9@group-FEEEFB768E03-LeaderElection87] INFO  server.RaftServerConfigKeys (ConfUtils.java:logGet(46)) - raft.server.write.element-limit = 1024 (custom)
2023-12-28 09:10:44,700 [44783c19-7880-41e3-960e-1ceedd7807f9@group-FEEEFB768E03-LeaderElection87] INFO  server.RaftServerConfigKeys (ConfUtils.java:logGet(46)) - raft.server.write.follower.gap.ratio.max = -1.0 (default)
2023-12-28 09:10:44,700 [44783c19-7880-41e3-960e-1ceedd7807f9@group-FEEEFB768E03-LeaderElection87] INFO  impl.RoleInfo (RoleInfo.java:updateAndGet(139)) - 44783c19-7880-41e3-960e-1ceedd7807f9: start 44783c19-7880-41e3-960e-1ceedd7807f9@group-FEEEFB768E03-LeaderStateImpl
2023-12-28 09:10:44,700 [44783c19-7880-41e3-960e-1ceedd7807f9@group-FEEEFB768E03-LeaderElection87] INFO  server.RaftServer$Division (RaftServerImpl.java:setFirstElection(564)) - 44783c19-7880-41e3-960e-1ceedd7807f9@group-FEEEFB768E03: set firstElectionSinceStartup to false for becomeLeader
2023-12-28 09:10:44,700 [44783c19-7880-41e3-960e-1ceedd7807f9@group-FEEEFB768E03-LeaderElection87] INFO  ratis.XceiverServerRatis (XceiverServerRatis.java:handleLeaderChangedNotification(935)) - Leader change notification received for group: group-FEEEFB768E03 with new leaderId: 44783c19-7880-41e3-960e-1ceedd7807f9
2023-12-28 09:10:44,700 [44783c19-7880-41e3-960e-1ceedd7807f9@group-FEEEFB768E03-LeaderElection87] INFO  server.RaftServer$Division (ServerState.java:setLeader(265)) - 44783c19-7880-41e3-960e-1ceedd7807f9@group-FEEEFB768E03: change Leader from null to 44783c19-7880-41e3-960e-1ceedd7807f9 at term 1 for becomeLeader, leader elected after 5176ms
2023-12-28 09:10:44,700 [44783c19-7880-41e3-960e-1ceedd7807f9@group-FEEEFB768E03-LeaderElection87] INFO  segmented.SegmentedRaftLogWorker (SegmentedRaftLogWorker.java:startLogSegment(428)) - 44783c19-7880-41e3-960e-1ceedd7807f9@group-FEEEFB768E03-SegmentedRaftLogWorker: Starting segment from index:0
2023-12-28 09:10:44,701 [44783c19-7880-41e3-960e-1ceedd7807f9@group-FEEEFB768E03-LeaderElection87] INFO  server.RaftServer$Division (ServerState.java:setRaftConf(382)) - 44783c19-7880-41e3-960e-1ceedd7807f9@group-FEEEFB768E03: set configuration 0: peers:[44783c19-7880-41e3-960e-1ceedd7807f9|10.1.0.14:15477]|listeners:[], old=null
2023-12-28 09:10:44,708 [44783c19-7880-41e3-960e-1ceedd7807f9@group-FEEEFB768E03-SegmentedRaftLogWorker] INFO  segmented.SegmentedRaftLogWorker (SegmentedRaftLogWorker.java:execute(632)) - 44783c19-7880-41e3-960e-1ceedd7807f9@group-FEEEFB768E03-SegmentedRaftLogWorker: created new log segment /home/runner/work/ozone/ozone/hadoop-ozone/integration-test/target/test-dir/MiniOzoneClusterImpl-11b76480-f5fe-46c6-962b-c791e86a534f/datanode-2/data/ratis/03e48902-8f1d-4a28-a33a-feeefb768e03/current/log_inprogress_0
2023-12-28 09:10:44,708 [44783c19-7880-41e3-960e-1ceedd7807f9@group-FEEEFB768E03-StateMachineUpdater] INFO  server.RaftServer$Division (LeaderStateImpl.java:isApplied(316)) - leader is ready since appliedIndex == 0 >= startIndex == 0
2023-12-28 09:10:44,739 [1f676f73-0748-4b3a-9af1-03dc59351857@group-54DEAA79E54E-FollowerState] INFO  impl.FollowerState (FollowerState.java:run(143)) - 1f676f73-0748-4b3a-9af1-03dc59351857@group-54DEAA79E54E-FollowerState: change to CANDIDATE, lastRpcElapsedTime:5084410291ns, electionTimeout:5084ms
2023-12-28 09:10:44,739 [1f676f73-0748-4b3a-9af1-03dc59351857@group-54DEAA79E54E-FollowerState] INFO  impl.RoleInfo (RoleInfo.java:shutdownFollowerState(110)) - 1f676f73-0748-4b3a-9af1-03dc59351857: shutdown 1f676f73-0748-4b3a-9af1-03dc59351857@group-54DEAA79E54E-FollowerState
2023-12-28 09:10:44,739 [1f676f73-0748-4b3a-9af1-03dc59351857@group-54DEAA79E54E-FollowerState] INFO  server.RaftServer$Division (RaftServerImpl.java:setRole(379)) - 1f676f73-0748-4b3a-9af1-03dc59351857@group-54DEAA79E54E: changes role from  FOLLOWER to CANDIDATE at term 0 for changeToCandidate
2023-12-28 09:10:44,739 [1f676f73-0748-4b3a-9af1-03dc59351857@group-54DEAA79E54E-FollowerState] INFO  server.RaftServerConfigKeys (ConfUtils.java:logGet(46)) - raft.server.leaderelection.pre-vote = true (default)
2023-12-28 09:10:44,739 [1f676f73-0748-4b3a-9af1-03dc59351857@group-54DEAA79E54E-FollowerState] INFO  impl.RoleInfo (RoleInfo.java:updateAndGet(139)) - 1f676f73-0748-4b3a-9af1-03dc59351857: start 1f676f73-0748-4b3a-9af1-03dc59351857@group-54DEAA79E54E-LeaderElection88
2023-12-28 09:10:44,739 [1f676f73-0748-4b3a-9af1-03dc59351857@group-54DEAA79E54E-LeaderElection88] INFO  impl.LeaderElection (LeaderElection.java:askForVotes(323)) - 1f676f73-0748-4b3a-9af1-03dc59351857@group-54DEAA79E54E-LeaderElection88 PRE_VOTE round 0: submit vote requests at term 0 for -1: peers:[7bf28275-35a3-4339-bf85-2ac062f1a076|10.1.0.14:15486, 1f676f73-0748-4b3a-9af1-03dc59351857|10.1.0.14:15495, d986c04d-7a68-472d-88d2-fc056c6b4cf5|10.1.0.14:15504]|listeners:[], old=null
2023-12-28 09:10:44,740 [1f676f73-0748-4b3a-9af1-03dc59351857@group-54DEAA79E54E-LeaderElection88-1] INFO  server.GrpcServerProtocolClient (GrpcServerProtocolClient.java:<init>(65)) - Build channel for 7bf28275-35a3-4339-bf85-2ac062f1a076
2023-12-28 09:10:44,740 [1f676f73-0748-4b3a-9af1-03dc59351857@group-54DEAA79E54E-LeaderElection88] INFO  server.RaftServerConfigKeys (ConfUtils.java:logFallback(53)) - raft.server.rpc.first-election.timeout.min = 5s (fallback to raft.server.rpc.timeout.min)
2023-12-28 09:10:44,740 [1f676f73-0748-4b3a-9af1-03dc59351857@group-54DEAA79E54E-LeaderElection88-2] INFO  server.GrpcServerProtocolClient (GrpcServerProtocolClient.java:<init>(65)) - Build channel for d986c04d-7a68-472d-88d2-fc056c6b4cf5
2023-12-28 09:10:44,740 [1f676f73-0748-4b3a-9af1-03dc59351857@group-54DEAA79E54E-LeaderElection88] INFO  server.RaftServerConfigKeys (ConfUtils.java:logFallback(53)) - raft.server.rpc.first-election.timeout.max = 5200ms (fallback to raft.server.rpc.timeout.max)
2023-12-28 09:10:44,743 [grpc-default-executor-6] INFO  server.RaftServer$Division (RaftServerImpl.java:requestVote(1377)) - 7bf28275-35a3-4339-bf85-2ac062f1a076@group-54DEAA79E54E: receive requestVote(PRE_VOTE, 1f676f73-0748-4b3a-9af1-03dc59351857, group-54DEAA79E54E, 0, (t:0, i:0))
2023-12-28 09:10:44,744 [grpc-default-executor-6] INFO  impl.VoteContext (VoteContext.java:log(49)) - 7bf28275-35a3-4339-bf85-2ac062f1a076@group-54DEAA79E54E-FOLLOWER: accept PRE_VOTE from 1f676f73-0748-4b3a-9af1-03dc59351857: our priority 0 <= candidate's priority 0
2023-12-28 09:10:44,744 [grpc-default-executor-6] INFO  server.RaftServer$Division (RaftServerImpl.java:requestVote(1410)) - 7bf28275-35a3-4339-bf85-2ac062f1a076@group-54DEAA79E54E replies to PRE_VOTE vote request: 1f676f73-0748-4b3a-9af1-03dc59351857<-7bf28275-35a3-4339-bf85-2ac062f1a076#0:OK-t0. Peer's state: 7bf28275-35a3-4339-bf85-2ac062f1a076@group-54DEAA79E54E:t0, leader=null, voted=, raftlog=Memoized:7bf28275-35a3-4339-bf85-2ac062f1a076@group-54DEAA79E54E-SegmentedRaftLog:OPENED:c-1, conf=-1: peers:[7bf28275-35a3-4339-bf85-2ac062f1a076|10.1.0.14:15486, 1f676f73-0748-4b3a-9af1-03dc59351857|10.1.0.14:15495, d986c04d-7a68-472d-88d2-fc056c6b4cf5|10.1.0.14:15504]|listeners:[], old=null
2023-12-28 09:10:44,744 [grpc-default-executor-4] INFO  server.RaftServer$Division (RaftServerImpl.java:requestVote(1377)) - d986c04d-7a68-472d-88d2-fc056c6b4cf5@group-54DEAA79E54E: receive requestVote(PRE_VOTE, 1f676f73-0748-4b3a-9af1-03dc59351857, group-54DEAA79E54E, 0, (t:0, i:0))
2023-12-28 09:10:44,744 [grpc-default-executor-4] INFO  impl.VoteContext (VoteContext.java:log(49)) - d986c04d-7a68-472d-88d2-fc056c6b4cf5@group-54DEAA79E54E-FOLLOWER: reject PRE_VOTE from 1f676f73-0748-4b3a-9af1-03dc59351857: our priority 1 > candidate's priority 0
2023-12-28 09:10:44,744 [grpc-default-executor-4] INFO  server.RaftServer$Division (RaftServerImpl.java:requestVote(1410)) - d986c04d-7a68-472d-88d2-fc056c6b4cf5@group-54DEAA79E54E replies to PRE_VOTE vote request: 1f676f73-0748-4b3a-9af1-03dc59351857<-d986c04d-7a68-472d-88d2-fc056c6b4cf5#0:FAIL-t0. Peer's state: d986c04d-7a68-472d-88d2-fc056c6b4cf5@group-54DEAA79E54E:t0, leader=null, voted=, raftlog=Memoized:d986c04d-7a68-472d-88d2-fc056c6b4cf5@group-54DEAA79E54E-SegmentedRaftLog:OPENED:c-1, conf=-1: peers:[7bf28275-35a3-4339-bf85-2ac062f1a076|10.1.0.14:15486, 1f676f73-0748-4b3a-9af1-03dc59351857|10.1.0.14:15495, d986c04d-7a68-472d-88d2-fc056c6b4cf5|10.1.0.14:15504]|listeners:[], old=null
2023-12-28 09:10:44,746 [1f676f73-0748-4b3a-9af1-03dc59351857@group-54DEAA79E54E-LeaderElection88] INFO  impl.LeaderElection (LeaderElection.java:logAndReturn(89)) - 1f676f73-0748-4b3a-9af1-03dc59351857@group-54DEAA79E54E-LeaderElection88: PRE_VOTE REJECTED received 2 response(s) and 0 exception(s):
2023-12-28 09:10:44,746 [1f676f73-0748-4b3a-9af1-03dc59351857@group-54DEAA79E54E-LeaderElection88] INFO  impl.LeaderElection (LeaderElection.java:logAndReturn(93)) -   Response 0: 1f676f73-0748-4b3a-9af1-03dc59351857<-7bf28275-35a3-4339-bf85-2ac062f1a076#0:OK-t0
2023-12-28 09:10:44,746 [1f676f73-0748-4b3a-9af1-03dc59351857@group-54DEAA79E54E-LeaderElection88] INFO  impl.LeaderElection (LeaderElection.java:logAndReturn(93)) -   Response 1: 1f676f73-0748-4b3a-9af1-03dc59351857<-d986c04d-7a68-472d-88d2-fc056c6b4cf5#0:FAIL-t0
2023-12-28 09:10:44,746 [1f676f73-0748-4b3a-9af1-03dc59351857@group-54DEAA79E54E-LeaderElection88] INFO  impl.LeaderElection (LeaderElection.java:askForVotes(325)) - 1f676f73-0748-4b3a-9af1-03dc59351857@group-54DEAA79E54E-LeaderElection88 PRE_VOTE round 0: result REJECTED
2023-12-28 09:10:44,746 [1f676f73-0748-4b3a-9af1-03dc59351857@group-54DEAA79E54E-LeaderElection88] INFO  server.RaftServer$Division (RaftServerImpl.java:setRole(379)) - 1f676f73-0748-4b3a-9af1-03dc59351857@group-54DEAA79E54E: changes role from CANDIDATE to FOLLOWER at term 0 for REJECTED
2023-12-28 09:10:44,746 [1f676f73-0748-4b3a-9af1-03dc59351857@group-54DEAA79E54E-LeaderElection88] INFO  impl.RoleInfo (RoleInfo.java:shutdownLeaderElection(130)) - 1f676f73-0748-4b3a-9af1-03dc59351857: shutdown 1f676f73-0748-4b3a-9af1-03dc59351857@group-54DEAA79E54E-LeaderElection88
2023-12-28 09:10:44,746 [1f676f73-0748-4b3a-9af1-03dc59351857@group-54DEAA79E54E-LeaderElection88] INFO  impl.RoleInfo (RoleInfo.java:updateAndGet(139)) - 1f676f73-0748-4b3a-9af1-03dc59351857: start 1f676f73-0748-4b3a-9af1-03dc59351857@group-54DEAA79E54E-FollowerState
2023-12-28 09:10:44,746 [1f676f73-0748-4b3a-9af1-03dc59351857@group-54DEAA79E54E-LeaderElection88] INFO  server.RaftServer$Division (RaftServerImpl.java:setFirstElection(564)) - 1f676f73-0748-4b3a-9af1-03dc59351857@group-54DEAA79E54E: set firstElectionSinceStartup to false for REJECTED
2023-12-28 09:10:44,775 [1f676f73-0748-4b3a-9af1-03dc59351857@group-99317E31733A-FollowerState] INFO  impl.FollowerState (FollowerState.java:run(143)) - 1f676f73-0748-4b3a-9af1-03dc59351857@group-99317E31733A-FollowerState: change to CANDIDATE, lastRpcElapsedTime:5070324595ns, electionTimeout:5070ms
2023-12-28 09:10:44,775 [1f676f73-0748-4b3a-9af1-03dc59351857@group-99317E31733A-FollowerState] INFO  impl.RoleInfo (RoleInfo.java:shutdownFollowerState(110)) - 1f676f73-0748-4b3a-9af1-03dc59351857: shutdown 1f676f73-0748-4b3a-9af1-03dc59351857@group-99317E31733A-FollowerState
2023-12-28 09:10:44,776 [1f676f73-0748-4b3a-9af1-03dc59351857@group-99317E31733A-FollowerState] INFO  server.RaftServer$Division (RaftServerImpl.java:setRole(379)) - 1f676f73-0748-4b3a-9af1-03dc59351857@group-99317E31733A: changes role from  FOLLOWER to CANDIDATE at term 0 for changeToCandidate
2023-12-28 09:10:44,776 [1f676f73-0748-4b3a-9af1-03dc59351857@group-99317E31733A-FollowerState] INFO  server.RaftServerConfigKeys (ConfUtils.java:logGet(46)) - raft.server.leaderelection.pre-vote = true (default)
2023-12-28 09:10:44,776 [1f676f73-0748-4b3a-9af1-03dc59351857@group-99317E31733A-FollowerState] INFO  impl.RoleInfo (RoleInfo.java:updateAndGet(139)) - 1f676f73-0748-4b3a-9af1-03dc59351857: start 1f676f73-0748-4b3a-9af1-03dc59351857@group-99317E31733A-LeaderElection89
2023-12-28 09:10:44,776 [1f676f73-0748-4b3a-9af1-03dc59351857@group-99317E31733A-LeaderElection89] INFO  impl.LeaderElection (LeaderElection.java:askForVotes(323)) - 1f676f73-0748-4b3a-9af1-03dc59351857@group-99317E31733A-LeaderElection89 PRE_VOTE round 0: submit vote requests at term 0 for -1: peers:[1f676f73-0748-4b3a-9af1-03dc59351857|10.1.0.14:15495]|listeners:[], old=null
2023-12-28 09:10:44,777 [1f676f73-0748-4b3a-9af1-03dc59351857@group-99317E31733A-LeaderElection89] INFO  impl.LeaderElection (LeaderElection.java:askForVotes(325)) - 1f676f73-0748-4b3a-9af1-03dc59351857@group-99317E31733A-LeaderElection89 PRE_VOTE round 0: result PASSED (term=0)
2023-12-28 09:10:44,778 [1f676f73-0748-4b3a-9af1-03dc59351857@group-99317E31733A-LeaderElection89] INFO  impl.LeaderElection (LeaderElection.java:askForVotes(323)) - 1f676f73-0748-4b3a-9af1-03dc59351857@group-99317E31733A-LeaderElection89 ELECTION round 0: submit vote requests at term 1 for -1: peers:[1f676f73-0748-4b3a-9af1-03dc59351857|10.1.0.14:15495]|listeners:[], old=null
2023-12-28 09:10:44,778 [1f676f73-0748-4b3a-9af1-03dc59351857@group-99317E31733A-LeaderElection89] INFO  impl.LeaderElection (LeaderElection.java:askForVotes(325)) - 1f676f73-0748-4b3a-9af1-03dc59351857@group-99317E31733A-LeaderElection89 ELECTION round 0: result PASSED (term=1)
2023-12-28 09:10:44,778 [1f676f73-0748-4b3a-9af1-03dc59351857@group-99317E31733A-LeaderElection89] INFO  impl.RoleInfo (RoleInfo.java:shutdownLeaderElection(130)) - 1f676f73-0748-4b3a-9af1-03dc59351857: shutdown 1f676f73-0748-4b3a-9af1-03dc59351857@group-99317E31733A-LeaderElection89
2023-12-28 09:10:44,778 [1f676f73-0748-4b3a-9af1-03dc59351857@group-99317E31733A-LeaderElection89] INFO  server.RaftServer$Division (RaftServerImpl.java:setRole(379)) - 1f676f73-0748-4b3a-9af1-03dc59351857@group-99317E31733A: changes role from CANDIDATE to LEADER at term 1 for changeToLeader
2023-12-28 09:10:44,778 [1f676f73-0748-4b3a-9af1-03dc59351857@group-99317E31733A-LeaderElection89] INFO  server.RaftServerConfigKeys (ConfUtils.java:logGet(46)) - raft.server.staging.catchup.gap = 1000 (default)
2023-12-28 09:10:44,778 [1f676f73-0748-4b3a-9af1-03dc59351857@group-99317E31733A-LeaderElection89] INFO  server.RaftServerConfigKeys (ConfUtils.java:logGet(46)) - raft.server.write.element-limit = 1024 (custom)
2023-12-28 09:10:44,778 [1f676f73-0748-4b3a-9af1-03dc59351857@group-99317E31733A-LeaderElection89] INFO  server.RaftServerConfigKeys (ConfUtils.java:logGet(46)) - raft.server.write.byte-limit = 1024 M (=1073741824) (custom)
2023-12-28 09:10:44,778 [1f676f73-0748-4b3a-9af1-03dc59351857@group-99317E31733A-LeaderElection89] INFO  server.RaftServerConfigKeys (ConfUtils.java:logGet(46)) - raft.server.watch.timeout = 3000ms (custom)
2023-12-28 09:10:44,778 [1f676f73-0748-4b3a-9af1-03dc59351857@group-99317E31733A-LeaderElection89] INFO  server.RaftServerConfigKeys (ConfUtils.java:logGet(46)) - raft.server.watch.timeout.denomination = 1s (default)
2023-12-28 09:10:44,778 [1f676f73-0748-4b3a-9af1-03dc59351857@group-99317E31733A-LeaderElection89] INFO  server.RaftServerConfigKeys (ConfUtils.java:logGet(46)) - raft.server.watch.element-limit = 65536 (default)
2023-12-28 09:10:44,778 [1f676f73-0748-4b3a-9af1-03dc59351857@group-99317E31733A-LeaderElection89] INFO  server.RaftServerConfigKeys (ConfUtils.java:logGet(46)) - raft.server.read.leader.lease.enabled = false (default)
2023-12-28 09:10:44,778 [1f676f73-0748-4b3a-9af1-03dc59351857@group-99317E31733A-LeaderElection89] INFO  server.RaftServerConfigKeys (ConfUtils.java:logGet(46)) - raft.server.read.leader.lease.timeout.ratio = 0.9 (default)
2023-12-28 09:10:44,778 [1f676f73-0748-4b3a-9af1-03dc59351857@group-99317E31733A-LeaderElection89] INFO  server.RaftServerConfigKeys (ConfUtils.java:logGet(46)) - raft.server.rpc.timeout.min = 5s (custom)
2023-12-28 09:10:44,778 [1f676f73-0748-4b3a-9af1-03dc59351857@group-99317E31733A-LeaderElection89] INFO  server.RaftServerConfigKeys (ConfUtils.java:logGet(46)) - raft.server.write.element-limit = 1024 (custom)
2023-12-28 09:10:44,779 [1f676f73-0748-4b3a-9af1-03dc59351857@group-99317E31733A-LeaderElection89] INFO  server.RaftServerConfigKeys (ConfUtils.java:logGet(46)) - raft.server.write.follower.gap.ratio.max = -1.0 (default)
2023-12-28 09:10:44,779 [1f676f73-0748-4b3a-9af1-03dc59351857@group-99317E31733A-LeaderElection89] INFO  impl.RoleInfo (RoleInfo.java:updateAndGet(139)) - 1f676f73-0748-4b3a-9af1-03dc59351857: start 1f676f73-0748-4b3a-9af1-03dc59351857@group-99317E31733A-LeaderStateImpl
2023-12-28 09:10:44,779 [1f676f73-0748-4b3a-9af1-03dc59351857@group-99317E31733A-LeaderElection89] INFO  server.RaftServer$Division (RaftServerImpl.java:setFirstElection(564)) - 1f676f73-0748-4b3a-9af1-03dc59351857@group-99317E31733A: set firstElectionSinceStartup to false for becomeLeader
2023-12-28 09:10:44,779 [1f676f73-0748-4b3a-9af1-03dc59351857@group-99317E31733A-LeaderElection89] INFO  ratis.XceiverServerRatis (XceiverServerRatis.java:handleLeaderChangedNotification(935)) - Leader change notification received for group: group-99317E31733A with new leaderId: 1f676f73-0748-4b3a-9af1-03dc59351857
2023-12-28 09:10:44,779 [1f676f73-0748-4b3a-9af1-03dc59351857@group-99317E31733A-LeaderElection89] INFO  server.RaftServer$Division (ServerState.java:setLeader(265)) - 1f676f73-0748-4b3a-9af1-03dc59351857@group-99317E31733A: change Leader from null to 1f676f73-0748-4b3a-9af1-03dc59351857 at term 1 for becomeLeader, leader elected after 5082ms
2023-12-28 09:10:44,779 [1f676f73-0748-4b3a-9af1-03dc59351857@group-99317E31733A-LeaderElection89] INFO  segmented.SegmentedRaftLogWorker (SegmentedRaftLogWorker.java:startLogSegment(428)) - 1f676f73-0748-4b3a-9af1-03dc59351857@group-99317E31733A-SegmentedRaftLogWorker: Starting segment from index:0
2023-12-28 09:10:44,780 [1f676f73-0748-4b3a-9af1-03dc59351857@group-99317E31733A-LeaderElection89] INFO  server.RaftServer$Division (ServerState.java:setRaftConf(382)) - 1f676f73-0748-4b3a-9af1-03dc59351857@group-99317E31733A: set configuration 0: peers:[1f676f73-0748-4b3a-9af1-03dc59351857|10.1.0.14:15495]|listeners:[], old=null
2023-12-28 09:10:44,787 [1f676f73-0748-4b3a-9af1-03dc59351857@group-99317E31733A-SegmentedRaftLogWorker] INFO  segmented.SegmentedRaftLogWorker (SegmentedRaftLogWorker.java:execute(632)) - 1f676f73-0748-4b3a-9af1-03dc59351857@group-99317E31733A-SegmentedRaftLogWorker: created new log segment /home/runner/work/ozone/ozone/hadoop-ozone/integration-test/target/test-dir/MiniOzoneClusterImpl-11b76480-f5fe-46c6-962b-c791e86a534f/datanode-4/data/ratis/dd232190-eda2-4549-b9cf-99317e31733a/current/log_inprogress_0
2023-12-28 09:10:44,787 [1f676f73-0748-4b3a-9af1-03dc59351857@group-99317E31733A-StateMachineUpdater] INFO  server.RaftServer$Division (LeaderStateImpl.java:isApplied(316)) - leader is ready since appliedIndex == 0 >= startIndex == 0
2023-12-28 09:10:44,831 [7bf28275-35a3-4339-bf85-2ac062f1a076@group-54DEAA79E54E-FollowerState] INFO  server.RaftServerConfigKeys (ConfUtils.java:logFallback(53)) - raft.server.rpc.first-election.timeout.min = 5s (fallback to raft.server.rpc.timeout.min)
2023-12-28 09:10:44,831 [7bf28275-35a3-4339-bf85-2ac062f1a076@group-54DEAA79E54E-FollowerState] INFO  server.RaftServerConfigKeys (ConfUtils.java:logFallback(53)) - raft.server.rpc.first-election.timeout.max = 5200ms (fallback to raft.server.rpc.timeout.max)
2023-12-28 09:10:44,861 [d986c04d-7a68-472d-88d2-fc056c6b4cf5@group-54DEAA79E54E-FollowerState] INFO  impl.FollowerState (FollowerState.java:run(143)) - d986c04d-7a68-472d-88d2-fc056c6b4cf5@group-54DEAA79E54E-FollowerState: change to CANDIDATE, lastRpcElapsedTime:5187993594ns, electionTimeout:5187ms
2023-12-28 09:10:44,861 [d986c04d-7a68-472d-88d2-fc056c6b4cf5@group-54DEAA79E54E-FollowerState] INFO  impl.RoleInfo (RoleInfo.java:shutdownFollowerState(110)) - d986c04d-7a68-472d-88d2-fc056c6b4cf5: shutdown d986c04d-7a68-472d-88d2-fc056c6b4cf5@group-54DEAA79E54E-FollowerState
2023-12-28 09:10:44,861 [d986c04d-7a68-472d-88d2-fc056c6b4cf5@group-54DEAA79E54E-FollowerState] INFO  server.RaftServer$Division (RaftServerImpl.java:setRole(379)) - d986c04d-7a68-472d-88d2-fc056c6b4cf5@group-54DEAA79E54E: changes role from  FOLLOWER to CANDIDATE at term 0 for changeToCandidate
2023-12-28 09:10:44,861 [d986c04d-7a68-472d-88d2-fc056c6b4cf5@group-54DEAA79E54E-FollowerState] INFO  server.RaftServerConfigKeys (ConfUtils.java:logGet(46)) - raft.server.leaderelection.pre-vote = true (default)
2023-12-28 09:10:44,861 [d986c04d-7a68-472d-88d2-fc056c6b4cf5@group-54DEAA79E54E-FollowerState] INFO  impl.RoleInfo (RoleInfo.java:updateAndGet(139)) - d986c04d-7a68-472d-88d2-fc056c6b4cf5: start d986c04d-7a68-472d-88d2-fc056c6b4cf5@group-54DEAA79E54E-LeaderElection90
2023-12-28 09:10:44,862 [d986c04d-7a68-472d-88d2-fc056c6b4cf5@group-54DEAA79E54E-LeaderElection90] INFO  impl.LeaderElection (LeaderElection.java:askForVotes(323)) - d986c04d-7a68-472d-88d2-fc056c6b4cf5@group-54DEAA79E54E-LeaderElection90 PRE_VOTE round 0: submit vote requests at term 0 for -1: peers:[7bf28275-35a3-4339-bf85-2ac062f1a076|10.1.0.14:15486, 1f676f73-0748-4b3a-9af1-03dc59351857|10.1.0.14:15495, d986c04d-7a68-472d-88d2-fc056c6b4cf5|10.1.0.14:15504]|listeners:[], old=null
2023-12-28 09:10:44,862 [d986c04d-7a68-472d-88d2-fc056c6b4cf5@group-54DEAA79E54E-LeaderElection90-1] INFO  server.GrpcServerProtocolClient (GrpcServerProtocolClient.java:<init>(65)) - Build channel for 7bf28275-35a3-4339-bf85-2ac062f1a076
2023-12-28 09:10:44,862 [d986c04d-7a68-472d-88d2-fc056c6b4cf5@group-54DEAA79E54E-LeaderElection90-2] INFO  server.GrpcServerProtocolClient (GrpcServerProtocolClient.java:<init>(65)) - Build channel for 1f676f73-0748-4b3a-9af1-03dc59351857
2023-12-28 09:10:44,862 [d986c04d-7a68-472d-88d2-fc056c6b4cf5@group-54DEAA79E54E-LeaderElection90] INFO  server.RaftServerConfigKeys (ConfUtils.java:logFallback(53)) - raft.server.rpc.first-election.timeout.min = 5s (fallback to raft.server.rpc.timeout.min)
2023-12-28 09:10:44,862 [d986c04d-7a68-472d-88d2-fc056c6b4cf5@group-54DEAA79E54E-LeaderElection90] INFO  server.RaftServerConfigKeys (ConfUtils.java:logFallback(53)) - raft.server.rpc.first-election.timeout.max = 5200ms (fallback to raft.server.rpc.timeout.max)
2023-12-28 09:10:44,866 [grpc-default-executor-6] INFO  server.RaftServer$Division (RaftServerImpl.java:requestVote(1377)) - 7bf28275-35a3-4339-bf85-2ac062f1a076@group-54DEAA79E54E: receive requestVote(PRE_VOTE, d986c04d-7a68-472d-88d2-fc056c6b4cf5, group-54DEAA79E54E, 0, (t:0, i:0))
2023-12-28 09:10:44,866 [grpc-default-executor-4] INFO  server.RaftServer$Division (RaftServerImpl.java:requestVote(1377)) - 1f676f73-0748-4b3a-9af1-03dc59351857@group-54DEAA79E54E: receive requestVote(PRE_VOTE, d986c04d-7a68-472d-88d2-fc056c6b4cf5, group-54DEAA79E54E, 0, (t:0, i:0))
2023-12-28 09:10:44,866 [grpc-default-executor-6] INFO  impl.VoteContext (VoteContext.java:log(49)) - 7bf28275-35a3-4339-bf85-2ac062f1a076@group-54DEAA79E54E-FOLLOWER: accept PRE_VOTE from d986c04d-7a68-472d-88d2-fc056c6b4cf5: our priority 0 <= candidate's priority 1
2023-12-28 09:10:44,866 [grpc-default-executor-4] INFO  impl.VoteContext (VoteContext.java:log(49)) - 1f676f73-0748-4b3a-9af1-03dc59351857@group-54DEAA79E54E-FOLLOWER: accept PRE_VOTE from d986c04d-7a68-472d-88d2-fc056c6b4cf5: our priority 0 <= candidate's priority 1
2023-12-28 09:10:44,866 [grpc-default-executor-6] INFO  server.RaftServer$Division (RaftServerImpl.java:requestVote(1410)) - 7bf28275-35a3-4339-bf85-2ac062f1a076@group-54DEAA79E54E replies to PRE_VOTE vote request: d986c04d-7a68-472d-88d2-fc056c6b4cf5<-7bf28275-35a3-4339-bf85-2ac062f1a076#0:OK-t0. Peer's state: 7bf28275-35a3-4339-bf85-2ac062f1a076@group-54DEAA79E54E:t0, leader=null, voted=, raftlog=Memoized:7bf28275-35a3-4339-bf85-2ac062f1a076@group-54DEAA79E54E-SegmentedRaftLog:OPENED:c-1, conf=-1: peers:[7bf28275-35a3-4339-bf85-2ac062f1a076|10.1.0.14:15486, 1f676f73-0748-4b3a-9af1-03dc59351857|10.1.0.14:15495, d986c04d-7a68-472d-88d2-fc056c6b4cf5|10.1.0.14:15504]|listeners:[], old=null
2023-12-28 09:10:44,866 [grpc-default-executor-4] INFO  server.RaftServer$Division (RaftServerImpl.java:requestVote(1410)) - 1f676f73-0748-4b3a-9af1-03dc59351857@group-54DEAA79E54E replies to PRE_VOTE vote request: d986c04d-7a68-472d-88d2-fc056c6b4cf5<-1f676f73-0748-4b3a-9af1-03dc59351857#0:OK-t0. Peer's state: 1f676f73-0748-4b3a-9af1-03dc59351857@group-54DEAA79E54E:t0, leader=null, voted=, raftlog=Memoized:1f676f73-0748-4b3a-9af1-03dc59351857@group-54DEAA79E54E-SegmentedRaftLog:OPENED:c-1, conf=-1: peers:[7bf28275-35a3-4339-bf85-2ac062f1a076|10.1.0.14:15486, 1f676f73-0748-4b3a-9af1-03dc59351857|10.1.0.14:15495, d986c04d-7a68-472d-88d2-fc056c6b4cf5|10.1.0.14:15504]|listeners:[], old=null
2023-12-28 09:10:44,867 [d986c04d-7a68-472d-88d2-fc056c6b4cf5@group-54DEAA79E54E-LeaderElection90] INFO  impl.LeaderElection (LeaderElection.java:logAndReturn(89)) - d986c04d-7a68-472d-88d2-fc056c6b4cf5@group-54DEAA79E54E-LeaderElection90: PRE_VOTE PASSED received 1 response(s) and 0 exception(s):
2023-12-28 09:10:44,867 [d986c04d-7a68-472d-88d2-fc056c6b4cf5@group-54DEAA79E54E-LeaderElection90] INFO  impl.LeaderElection (LeaderElection.java:logAndReturn(93)) -   Response 0: d986c04d-7a68-472d-88d2-fc056c6b4cf5<-7bf28275-35a3-4339-bf85-2ac062f1a076#0:OK-t0
2023-12-28 09:10:44,867 [d986c04d-7a68-472d-88d2-fc056c6b4cf5@group-54DEAA79E54E-LeaderElection90] INFO  impl.LeaderElection (LeaderElection.java:askForVotes(325)) - d986c04d-7a68-472d-88d2-fc056c6b4cf5@group-54DEAA79E54E-LeaderElection90 PRE_VOTE round 0: result PASSED
2023-12-28 09:10:44,868 [d986c04d-7a68-472d-88d2-fc056c6b4cf5@group-54DEAA79E54E-LeaderElection90] INFO  impl.LeaderElection (LeaderElection.java:askForVotes(323)) - d986c04d-7a68-472d-88d2-fc056c6b4cf5@group-54DEAA79E54E-LeaderElection90 ELECTION round 0: submit vote requests at term 1 for -1: peers:[7bf28275-35a3-4339-bf85-2ac062f1a076|10.1.0.14:15486, 1f676f73-0748-4b3a-9af1-03dc59351857|10.1.0.14:15495, d986c04d-7a68-472d-88d2-fc056c6b4cf5|10.1.0.14:15504]|listeners:[], old=null
2023-12-28 09:10:44,868 [d986c04d-7a68-472d-88d2-fc056c6b4cf5@group-54DEAA79E54E-LeaderElection90] INFO  server.RaftServerConfigKeys (ConfUtils.java:logFallback(53)) - raft.server.rpc.first-election.timeout.min = 5s (fallback to raft.server.rpc.timeout.min)
2023-12-28 09:10:44,868 [d986c04d-7a68-472d-88d2-fc056c6b4cf5@group-54DEAA79E54E-LeaderElection90] INFO  server.RaftServerConfigKeys (ConfUtils.java:logFallback(53)) - raft.server.rpc.first-election.timeout.max = 5200ms (fallback to raft.server.rpc.timeout.max)
2023-12-28 09:10:44,868 [grpc-default-executor-4] INFO  server.RaftServer$Division (RaftServerImpl.java:requestVote(1377)) - 7bf28275-35a3-4339-bf85-2ac062f1a076@group-54DEAA79E54E: receive requestVote(ELECTION, d986c04d-7a68-472d-88d2-fc056c6b4cf5, group-54DEAA79E54E, 1, (t:0, i:0))
2023-12-28 09:10:44,869 [grpc-default-executor-6] INFO  server.RaftServer$Division (RaftServerImpl.java:requestVote(1377)) - 1f676f73-0748-4b3a-9af1-03dc59351857@group-54DEAA79E54E: receive requestVote(ELECTION, d986c04d-7a68-472d-88d2-fc056c6b4cf5, group-54DEAA79E54E, 1, (t:0, i:0))
2023-12-28 09:10:44,869 [grpc-default-executor-4] INFO  impl.VoteContext (VoteContext.java:log(49)) - 7bf28275-35a3-4339-bf85-2ac062f1a076@group-54DEAA79E54E-FOLLOWER: accept ELECTION from d986c04d-7a68-472d-88d2-fc056c6b4cf5: our priority 0 <= candidate's priority 1
2023-12-28 09:10:44,869 [grpc-default-executor-6] INFO  impl.VoteContext (VoteContext.java:log(49)) - 1f676f73-0748-4b3a-9af1-03dc59351857@group-54DEAA79E54E-FOLLOWER: accept ELECTION from d986c04d-7a68-472d-88d2-fc056c6b4cf5: our priority 0 <= candidate's priority 1
2023-12-28 09:10:44,869 [grpc-default-executor-4] INFO  server.RaftServer$Division (RaftServerImpl.java:setRole(379)) - 7bf28275-35a3-4339-bf85-2ac062f1a076@group-54DEAA79E54E: changes role from  FOLLOWER to FOLLOWER at term 1 for candidate:d986c04d-7a68-472d-88d2-fc056c6b4cf5
2023-12-28 09:10:44,869 [grpc-default-executor-4] INFO  impl.RoleInfo (RoleInfo.java:shutdownFollowerState(110)) - 7bf28275-35a3-4339-bf85-2ac062f1a076: shutdown 7bf28275-35a3-4339-bf85-2ac062f1a076@group-54DEAA79E54E-FollowerState
2023-12-28 09:10:44,869 [grpc-default-executor-6] INFO  server.RaftServer$Division (RaftServerImpl.java:setRole(379)) - 1f676f73-0748-4b3a-9af1-03dc59351857@group-54DEAA79E54E: changes role from  FOLLOWER to FOLLOWER at term 1 for candidate:d986c04d-7a68-472d-88d2-fc056c6b4cf5
2023-12-28 09:10:44,869 [7bf28275-35a3-4339-bf85-2ac062f1a076@group-54DEAA79E54E-FollowerState] INFO  impl.FollowerState (FollowerState.java:run(152)) - 7bf28275-35a3-4339-bf85-2ac062f1a076@group-54DEAA79E54E-FollowerState was interrupted
2023-12-28 09:10:44,869 [grpc-default-executor-6] INFO  impl.RoleInfo (RoleInfo.java:shutdownFollowerState(110)) - 1f676f73-0748-4b3a-9af1-03dc59351857: shutdown 1f676f73-0748-4b3a-9af1-03dc59351857@group-54DEAA79E54E-FollowerState
2023-12-28 09:10:44,869 [grpc-default-executor-6] INFO  impl.RoleInfo (RoleInfo.java:updateAndGet(139)) - 1f676f73-0748-4b3a-9af1-03dc59351857: start 1f676f73-0748-4b3a-9af1-03dc59351857@group-54DEAA79E54E-FollowerState
2023-12-28 09:10:44,869 [1f676f73-0748-4b3a-9af1-03dc59351857@group-54DEAA79E54E-FollowerState] INFO  impl.FollowerState (FollowerState.java:run(152)) - 1f676f73-0748-4b3a-9af1-03dc59351857@group-54DEAA79E54E-FollowerState was interrupted
2023-12-28 09:10:44,869 [grpc-default-executor-4] INFO  impl.RoleInfo (RoleInfo.java:updateAndGet(139)) - 7bf28275-35a3-4339-bf85-2ac062f1a076: start 7bf28275-35a3-4339-bf85-2ac062f1a076@group-54DEAA79E54E-FollowerState
2023-12-28 09:10:44,869 [grpc-default-executor-4] INFO  server.RaftServer$Division (RaftServerImpl.java:setFirstElection(564)) - 7bf28275-35a3-4339-bf85-2ac062f1a076@group-54DEAA79E54E: set firstElectionSinceStartup to false for candidate:d986c04d-7a68-472d-88d2-fc056c6b4cf5
2023-12-28 09:10:44,870 [grpc-default-executor-6] INFO  server.RaftServer$Division (RaftServerImpl.java:requestVote(1410)) - 1f676f73-0748-4b3a-9af1-03dc59351857@group-54DEAA79E54E replies to ELECTION vote request: d986c04d-7a68-472d-88d2-fc056c6b4cf5<-1f676f73-0748-4b3a-9af1-03dc59351857#0:OK-t1. Peer's state: 1f676f73-0748-4b3a-9af1-03dc59351857@group-54DEAA79E54E:t1, leader=null, voted=d986c04d-7a68-472d-88d2-fc056c6b4cf5, raftlog=Memoized:1f676f73-0748-4b3a-9af1-03dc59351857@group-54DEAA79E54E-SegmentedRaftLog:OPENED:c-1, conf=-1: peers:[7bf28275-35a3-4339-bf85-2ac062f1a076|10.1.0.14:15486, 1f676f73-0748-4b3a-9af1-03dc59351857|10.1.0.14:15495, d986c04d-7a68-472d-88d2-fc056c6b4cf5|10.1.0.14:15504]|listeners:[], old=null
2023-12-28 09:10:44,870 [grpc-default-executor-4] INFO  server.RaftServer$Division (RaftServerImpl.java:requestVote(1410)) - 7bf28275-35a3-4339-bf85-2ac062f1a076@group-54DEAA79E54E replies to ELECTION vote request: d986c04d-7a68-472d-88d2-fc056c6b4cf5<-7bf28275-35a3-4339-bf85-2ac062f1a076#0:OK-t1. Peer's state: 7bf28275-35a3-4339-bf85-2ac062f1a076@group-54DEAA79E54E:t1, leader=null, voted=d986c04d-7a68-472d-88d2-fc056c6b4cf5, raftlog=Memoized:7bf28275-35a3-4339-bf85-2ac062f1a076@group-54DEAA79E54E-SegmentedRaftLog:OPENED:c-1, conf=-1: peers:[7bf28275-35a3-4339-bf85-2ac062f1a076|10.1.0.14:15486, 1f676f73-0748-4b3a-9af1-03dc59351857|10.1.0.14:15495, d986c04d-7a68-472d-88d2-fc056c6b4cf5|10.1.0.14:15504]|listeners:[], old=null
2023-12-28 09:10:44,871 [d986c04d-7a68-472d-88d2-fc056c6b4cf5@group-54DEAA79E54E-LeaderElection90] INFO  impl.LeaderElection (LeaderElection.java:logAndReturn(89)) - d986c04d-7a68-472d-88d2-fc056c6b4cf5@group-54DEAA79E54E-LeaderElection90: ELECTION PASSED received 1 response(s) and 0 exception(s):
2023-12-28 09:10:44,871 [d986c04d-7a68-472d-88d2-fc056c6b4cf5@group-54DEAA79E54E-LeaderElection90] INFO  impl.LeaderElection (LeaderElection.java:logAndReturn(93)) -   Response 0: d986c04d-7a68-472d-88d2-fc056c6b4cf5<-1f676f73-0748-4b3a-9af1-03dc59351857#0:OK-t1
2023-12-28 09:10:44,871 [d986c04d-7a68-472d-88d2-fc056c6b4cf5@group-54DEAA79E54E-LeaderElection90] INFO  impl.LeaderElection (LeaderElection.java:askForVotes(325)) - d986c04d-7a68-472d-88d2-fc056c6b4cf5@group-54DEAA79E54E-LeaderElection90 ELECTION round 0: result PASSED
2023-12-28 09:10:44,871 [d986c04d-7a68-472d-88d2-fc056c6b4cf5@group-54DEAA79E54E-LeaderElection90] INFO  impl.RoleInfo (RoleInfo.java:shutdownLeaderElection(130)) - d986c04d-7a68-472d-88d2-fc056c6b4cf5: shutdown d986c04d-7a68-472d-88d2-fc056c6b4cf5@group-54DEAA79E54E-LeaderElection90
2023-12-28 09:10:44,871 [d986c04d-7a68-472d-88d2-fc056c6b4cf5@group-54DEAA79E54E-LeaderElection90] INFO  server.RaftServer$Division (RaftServerImpl.java:setRole(379)) - d986c04d-7a68-472d-88d2-fc056c6b4cf5@group-54DEAA79E54E: changes role from CANDIDATE to LEADER at term 1 for changeToLeader
2023-12-28 09:10:44,871 [d986c04d-7a68-472d-88d2-fc056c6b4cf5@group-54DEAA79E54E-LeaderElection90] INFO  server.RaftServerConfigKeys (ConfUtils.java:logGet(46)) - raft.server.staging.catchup.gap = 1000 (default)
2023-12-28 09:10:44,871 [d986c04d-7a68-472d-88d2-fc056c6b4cf5@group-54DEAA79E54E-LeaderElection90] INFO  server.RaftServerConfigKeys (ConfUtils.java:logGet(46)) - raft.server.write.element-limit = 1024 (custom)
2023-12-28 09:10:44,871 [d986c04d-7a68-472d-88d2-fc056c6b4cf5@group-54DEAA79E54E-LeaderElection90] INFO  server.RaftServerConfigKeys (ConfUtils.java:logGet(46)) - raft.server.write.byte-limit = 1024 M (=1073741824) (custom)
2023-12-28 09:10:44,871 [d986c04d-7a68-472d-88d2-fc056c6b4cf5@group-54DEAA79E54E-LeaderElection90] INFO  server.RaftServerConfigKeys (ConfUtils.java:logGet(46)) - raft.server.watch.timeout = 3000ms (custom)
2023-12-28 09:10:44,871 [d986c04d-7a68-472d-88d2-fc056c6b4cf5@group-54DEAA79E54E-LeaderElection90] INFO  server.RaftServerConfigKeys (ConfUtils.java:logGet(46)) - raft.server.watch.timeout.denomination = 1s (default)
2023-12-28 09:10:44,871 [d986c04d-7a68-472d-88d2-fc056c6b4cf5@group-54DEAA79E54E-LeaderElection90] INFO  server.RaftServerConfigKeys (ConfUtils.java:logGet(46)) - raft.server.watch.element-limit = 65536 (default)
2023-12-28 09:10:44,871 [d986c04d-7a68-472d-88d2-fc056c6b4cf5@group-54DEAA79E54E-LeaderElection90] INFO  server.RaftServerConfigKeys (ConfUtils.java:logGet(46)) - raft.server.read.leader.lease.enabled = false (default)
2023-12-28 09:10:44,871 [d986c04d-7a68-472d-88d2-fc056c6b4cf5@group-54DEAA79E54E-LeaderElection90] INFO  server.RaftServerConfigKeys (ConfUtils.java:logGet(46)) - raft.server.read.leader.lease.timeout.ratio = 0.9 (default)
2023-12-28 09:10:44,871 [d986c04d-7a68-472d-88d2-fc056c6b4cf5@group-54DEAA79E54E-LeaderElection90] INFO  server.RaftServerConfigKeys (ConfUtils.java:logGet(46)) - raft.server.rpc.timeout.min = 5s (custom)
2023-12-28 09:10:44,871 [d986c04d-7a68-472d-88d2-fc056c6b4cf5@group-54DEAA79E54E-LeaderElection90] INFO  server.RaftServerConfigKeys (ConfUtils.java:logGet(46)) - raft.server.write.element-limit = 1024 (custom)
2023-12-28 09:10:44,871 [d986c04d-7a68-472d-88d2-fc056c6b4cf5@group-54DEAA79E54E-LeaderElection90] INFO  server.RaftServerConfigKeys (ConfUtils.java:logGet(46)) - raft.server.write.follower.gap.ratio.max = -1.0 (default)
2023-12-28 09:10:44,872 [d986c04d-7a68-472d-88d2-fc056c6b4cf5@group-54DEAA79E54E-LeaderElection90] INFO  server.RaftServerConfigKeys (ConfUtils.java:logGet(46)) - raft.server.log.appender.snapshot.chunk.size.max = 16MB (=16777216) (default)
2023-12-28 09:10:44,872 [d986c04d-7a68-472d-88d2-fc056c6b4cf5@group-54DEAA79E54E-LeaderElection90] INFO  server.RaftServerConfigKeys (ConfUtils.java:logGet(46)) - raft.server.log.appender.buffer.byte-limit = 8388608 (custom)
2023-12-28 09:10:44,872 [d986c04d-7a68-472d-88d2-fc056c6b4cf5@group-54DEAA79E54E-LeaderElection90] INFO  server.RaftServerConfigKeys (ConfUtils.java:logGet(46)) - raft.server.log.appender.buffer.element-limit = 1 (custom)
2023-12-28 09:10:44,872 [d986c04d-7a68-472d-88d2-fc056c6b4cf5@group-54DEAA79E54E-LeaderElection90] INFO  server.RaftServerConfigKeys (ConfUtils.java:logGet(46)) - raft.server.log.appender.wait-time.min = 0ms (custom)
2023-12-28 09:10:44,872 [d986c04d-7a68-472d-88d2-fc056c6b4cf5@group-54DEAA79E54E-LeaderElection90] INFO  grpc.GrpcConfigKeys (ConfUtils.java:logGet(46)) - raft.grpc.server.leader.outstanding.appends.max = 8 (default)
2023-12-28 09:10:44,872 [d986c04d-7a68-472d-88d2-fc056c6b4cf5@group-54DEAA79E54E-LeaderElection90] INFO  server.RaftServerConfigKeys (ConfUtils.java:logGet(46)) - raft.server.rpc.request.timeout = 3000ms (default)
2023-12-28 09:10:44,872 [d986c04d-7a68-472d-88d2-fc056c6b4cf5@group-54DEAA79E54E-LeaderElection90] INFO  grpc.GrpcConfigKeys (ConfUtils.java:logGet(46)) - raft.grpc.server.install_snapshot.request.element-limit = 8 (default)
2023-12-28 09:10:44,872 [d986c04d-7a68-472d-88d2-fc056c6b4cf5@group-54DEAA79E54E-LeaderElection90] INFO  grpc.GrpcConfigKeys (ConfUtils.java:logGet(46)) - raft.grpc.server.install_snapshot.request.timeout = 3000ms (default)
2023-12-28 09:10:44,872 [d986c04d-7a68-472d-88d2-fc056c6b4cf5@group-54DEAA79E54E-LeaderElection90] INFO  server.RaftServerConfigKeys (ConfUtils.java:logGet(46)) - raft.server.log.appender.install.snapshot.enabled = false (custom)
2023-12-28 09:10:44,872 [d986c04d-7a68-472d-88d2-fc056c6b4cf5@group-54DEAA79E54E-LeaderElection90] INFO  grpc.GrpcConfigKeys (ConfUtils.java:logGet(46)) - raft.grpc.server.heartbeat.channel = true (default)
2023-12-28 09:10:44,872 [d986c04d-7a68-472d-88d2-fc056c6b4cf5@group-54DEAA79E54E-LeaderElection90] INFO  server.RaftServerConfigKeys (ConfUtils.java:logGet(46)) - raft.server.log.appender.snapshot.chunk.size.max = 16MB (=16777216) (default)
2023-12-28 09:10:44,872 [d986c04d-7a68-472d-88d2-fc056c6b4cf5@group-54DEAA79E54E-LeaderElection90] INFO  server.RaftServerConfigKeys (ConfUtils.java:logGet(46)) - raft.server.log.appender.buffer.byte-limit = 8388608 (custom)
2023-12-28 09:10:44,872 [d986c04d-7a68-472d-88d2-fc056c6b4cf5@group-54DEAA79E54E-LeaderElection90] INFO  server.RaftServerConfigKeys (ConfUtils.java:logGet(46)) - raft.server.log.appender.buffer.element-limit = 1 (custom)
2023-12-28 09:10:44,873 [d986c04d-7a68-472d-88d2-fc056c6b4cf5@group-54DEAA79E54E-LeaderElection90] INFO  server.RaftServerConfigKeys (ConfUtils.java:logGet(46)) - raft.server.log.appender.wait-time.min = 0ms (custom)
2023-12-28 09:10:44,873 [d986c04d-7a68-472d-88d2-fc056c6b4cf5@group-54DEAA79E54E-LeaderElection90] INFO  grpc.GrpcConfigKeys (ConfUtils.java:logGet(46)) - raft.grpc.server.leader.outstanding.appends.max = 8 (default)
2023-12-28 09:10:44,873 [d986c04d-7a68-472d-88d2-fc056c6b4cf5@group-54DEAA79E54E-LeaderElection90] INFO  server.RaftServerConfigKeys (ConfUtils.java:logGet(46)) - raft.server.rpc.request.timeout = 3000ms (default)
2023-12-28 09:10:44,873 [d986c04d-7a68-472d-88d2-fc056c6b4cf5@group-54DEAA79E54E-LeaderElection90] INFO  grpc.GrpcConfigKeys (ConfUtils.java:logGet(46)) - raft.grpc.server.install_snapshot.request.element-limit = 8 (default)
2023-12-28 09:10:44,873 [d986c04d-7a68-472d-88d2-fc056c6b4cf5@group-54DEAA79E54E-LeaderElection90] INFO  grpc.GrpcConfigKeys (ConfUtils.java:logGet(46)) - raft.grpc.server.install_snapshot.request.timeout = 3000ms (default)
2023-12-28 09:10:44,873 [d986c04d-7a68-472d-88d2-fc056c6b4cf5@group-54DEAA79E54E-LeaderElection90] INFO  server.RaftServerConfigKeys (ConfUtils.java:logGet(46)) - raft.server.log.appender.install.snapshot.enabled = false (custom)
2023-12-28 09:10:44,873 [d986c04d-7a68-472d-88d2-fc056c6b4cf5@group-54DEAA79E54E-LeaderElection90] INFO  grpc.GrpcConfigKeys (ConfUtils.java:logGet(46)) - raft.grpc.server.heartbeat.channel = true (default)
2023-12-28 09:10:44,873 [d986c04d-7a68-472d-88d2-fc056c6b4cf5@group-54DEAA79E54E-LeaderElection90] INFO  impl.RoleInfo (RoleInfo.java:updateAndGet(139)) - d986c04d-7a68-472d-88d2-fc056c6b4cf5: start d986c04d-7a68-472d-88d2-fc056c6b4cf5@group-54DEAA79E54E-LeaderStateImpl
2023-12-28 09:10:44,873 [d986c04d-7a68-472d-88d2-fc056c6b4cf5@group-54DEAA79E54E-LeaderElection90] INFO  server.RaftServer$Division (RaftServerImpl.java:setFirstElection(564)) - d986c04d-7a68-472d-88d2-fc056c6b4cf5@group-54DEAA79E54E: set firstElectionSinceStartup to false for becomeLeader
2023-12-28 09:10:44,873 [d986c04d-7a68-472d-88d2-fc056c6b4cf5@group-54DEAA79E54E-LeaderElection90] INFO  ratis.XceiverServerRatis (XceiverServerRatis.java:handleLeaderChangedNotification(935)) - Leader change notification received for group: group-54DEAA79E54E with new leaderId: d986c04d-7a68-472d-88d2-fc056c6b4cf5
2023-12-28 09:10:44,873 [d986c04d-7a68-472d-88d2-fc056c6b4cf5@group-54DEAA79E54E-LeaderElection90] INFO  server.RaftServer$Division (ServerState.java:setLeader(265)) - d986c04d-7a68-472d-88d2-fc056c6b4cf5@group-54DEAA79E54E: change Leader from null to d986c04d-7a68-472d-88d2-fc056c6b4cf5 at term 1 for becomeLeader, leader elected after 5210ms
2023-12-28 09:10:44,873 [d986c04d-7a68-472d-88d2-fc056c6b4cf5@group-54DEAA79E54E-LeaderElection90] INFO  segmented.SegmentedRaftLogWorker (SegmentedRaftLogWorker.java:startLogSegment(428)) - d986c04d-7a68-472d-88d2-fc056c6b4cf5@group-54DEAA79E54E-SegmentedRaftLogWorker: Starting segment from index:0
2023-12-28 09:10:44,874 [d986c04d-7a68-472d-88d2-fc056c6b4cf5@group-54DEAA79E54E-LeaderElection90] INFO  server.RaftServer$Division (ServerState.java:setRaftConf(382)) - d986c04d-7a68-472d-88d2-fc056c6b4cf5@group-54DEAA79E54E: set configuration 0: peers:[7bf28275-35a3-4339-bf85-2ac062f1a076|10.1.0.14:15486, 1f676f73-0748-4b3a-9af1-03dc59351857|10.1.0.14:15495, d986c04d-7a68-472d-88d2-fc056c6b4cf5|10.1.0.14:15504]|listeners:[], old=null
2023-12-28 09:10:44,875 [EventQueue-PipelineReportForPipelineReportHandler] INFO  pipeline.PipelineReportHandler (PipelineReportHandler.java:processPipelineReport(136)) - Opened pipeline PipelineID=22b9990f-01f3-4614-90dc-54deaa79e54e
2023-12-28 09:10:44,882 [7bf28275-35a3-4339-bf85-2ac062f1a076-server-thread1] INFO  ratis.XceiverServerRatis (XceiverServerRatis.java:handleLeaderChangedNotification(935)) - Leader change notification received for group: group-54DEAA79E54E with new leaderId: d986c04d-7a68-472d-88d2-fc056c6b4cf5
2023-12-28 09:10:44,882 [7bf28275-35a3-4339-bf85-2ac062f1a076-server-thread1] INFO  server.RaftServer$Division (ServerState.java:setLeader(265)) - 7bf28275-35a3-4339-bf85-2ac062f1a076@group-54DEAA79E54E: change Leader from null to d986c04d-7a68-472d-88d2-fc056c6b4cf5 at term 1 for appendEntries, leader elected after 5256ms
2023-12-28 09:10:44,882 [1f676f73-0748-4b3a-9af1-03dc59351857-server-thread1] INFO  ratis.XceiverServerRatis (XceiverServerRatis.java:handleLeaderChangedNotification(935)) - Leader change notification received for group: group-54DEAA79E54E with new leaderId: d986c04d-7a68-472d-88d2-fc056c6b4cf5
2023-12-28 09:10:44,882 [1f676f73-0748-4b3a-9af1-03dc59351857-server-thread1] INFO  server.RaftServer$Division (ServerState.java:setLeader(265)) - 1f676f73-0748-4b3a-9af1-03dc59351857@group-54DEAA79E54E: change Leader from null to d986c04d-7a68-472d-88d2-fc056c6b4cf5 at term 1 for appendEntries, leader elected after 5237ms
2023-12-28 09:10:44,883 [7bf28275-35a3-4339-bf85-2ac062f1a076-server-thread2] INFO  server.RaftServer$Division (ServerState.java:setRaftConf(382)) - 7bf28275-35a3-4339-bf85-2ac062f1a076@group-54DEAA79E54E: set configuration 0: peers:[7bf28275-35a3-4339-bf85-2ac062f1a076|10.1.0.14:15486, 1f676f73-0748-4b3a-9af1-03dc59351857|10.1.0.14:15495, d986c04d-7a68-472d-88d2-fc056c6b4cf5|10.1.0.14:15504]|listeners:[], old=null
2023-12-28 09:10:44,883 [7bf28275-35a3-4339-bf85-2ac062f1a076-server-thread2] INFO  segmented.SegmentedRaftLogWorker (SegmentedRaftLogWorker.java:startLogSegment(428)) - 7bf28275-35a3-4339-bf85-2ac062f1a076@group-54DEAA79E54E-SegmentedRaftLogWorker: Starting segment from index:0
2023-12-28 09:10:44,884 [1f676f73-0748-4b3a-9af1-03dc59351857-server-thread1] INFO  server.RaftServer$Division (ServerState.java:setRaftConf(382)) - 1f676f73-0748-4b3a-9af1-03dc59351857@group-54DEAA79E54E: set configuration 0: peers:[7bf28275-35a3-4339-bf85-2ac062f1a076|10.1.0.14:15486, 1f676f73-0748-4b3a-9af1-03dc59351857|10.1.0.14:15495, d986c04d-7a68-472d-88d2-fc056c6b4cf5|10.1.0.14:15504]|listeners:[], old=null
2023-12-28 09:10:44,884 [1f676f73-0748-4b3a-9af1-03dc59351857-server-thread1] INFO  segmented.SegmentedRaftLogWorker (SegmentedRaftLogWorker.java:startLogSegment(428)) - 1f676f73-0748-4b3a-9af1-03dc59351857@group-54DEAA79E54E-SegmentedRaftLogWorker: Starting segment from index:0
2023-12-28 09:10:44,886 [d986c04d-7a68-472d-88d2-fc056c6b4cf5@group-54DEAA79E54E-SegmentedRaftLogWorker] INFO  segmented.SegmentedRaftLogWorker (SegmentedRaftLogWorker.java:execute(632)) - d986c04d-7a68-472d-88d2-fc056c6b4cf5@group-54DEAA79E54E-SegmentedRaftLogWorker: created new log segment /home/runner/work/ozone/ozone/hadoop-ozone/integration-test/target/test-dir/MiniOzoneClusterImpl-11b76480-f5fe-46c6-962b-c791e86a534f/datanode-5/data/ratis/22b9990f-01f3-4614-90dc-54deaa79e54e/current/log_inprogress_0
2023-12-28 09:10:44,897 [7bf28275-35a3-4339-bf85-2ac062f1a076@group-54DEAA79E54E-SegmentedRaftLogWorker] INFO  segmented.SegmentedRaftLogWorker (SegmentedRaftLogWorker.java:execute(632)) - 7bf28275-35a3-4339-bf85-2ac062f1a076@group-54DEAA79E54E-SegmentedRaftLogWorker: created new log segment /home/runner/work/ozone/ozone/hadoop-ozone/integration-test/target/test-dir/MiniOzoneClusterImpl-11b76480-f5fe-46c6-962b-c791e86a534f/datanode-3/data/ratis/22b9990f-01f3-4614-90dc-54deaa79e54e/current/log_inprogress_0
2023-12-28 09:10:44,898 [1f676f73-0748-4b3a-9af1-03dc59351857@group-54DEAA79E54E-SegmentedRaftLogWorker] INFO  segmented.SegmentedRaftLogWorker (SegmentedRaftLogWorker.java:execute(632)) - 1f676f73-0748-4b3a-9af1-03dc59351857@group-54DEAA79E54E-SegmentedRaftLogWorker: created new log segment /home/runner/work/ozone/ozone/hadoop-ozone/integration-test/target/test-dir/MiniOzoneClusterImpl-11b76480-f5fe-46c6-962b-c791e86a534f/datanode-4/data/ratis/22b9990f-01f3-4614-90dc-54deaa79e54e/current/log_inprogress_0
2023-12-28 09:10:44,898 [d986c04d-7a68-472d-88d2-fc056c6b4cf5@group-54DEAA79E54E-StateMachineUpdater] INFO  server.RaftServer$Division (LeaderStateImpl.java:isApplied(316)) - leader is ready since appliedIndex == 0 >= startIndex == 0
2023-12-28 09:10:44,903 [e5bd5207-4071-4a5b-ab67-86e23051c304@group-DED8B9E962E2-FollowerState] INFO  impl.FollowerState (FollowerState.java:run(143)) - e5bd5207-4071-4a5b-ab67-86e23051c304@group-DED8B9E962E2-FollowerState: change to CANDIDATE, lastRpcElapsedTime:5002392319ns, electionTimeout:5002ms
2023-12-28 09:10:44,903 [e5bd5207-4071-4a5b-ab67-86e23051c304@group-DED8B9E962E2-FollowerState] INFO  impl.RoleInfo (RoleInfo.java:shutdownFollowerState(110)) - e5bd5207-4071-4a5b-ab67-86e23051c304: shutdown e5bd5207-4071-4a5b-ab67-86e23051c304@group-DED8B9E962E2-FollowerState
2023-12-28 09:10:44,903 [e5bd5207-4071-4a5b-ab67-86e23051c304@group-DED8B9E962E2-FollowerState] INFO  server.RaftServer$Division (RaftServerImpl.java:setRole(379)) - e5bd5207-4071-4a5b-ab67-86e23051c304@group-DED8B9E962E2: changes role from  FOLLOWER to CANDIDATE at term 0 for changeToCandidate
2023-12-28 09:10:44,903 [e5bd5207-4071-4a5b-ab67-86e23051c304@group-DED8B9E962E2-FollowerState] INFO  server.RaftServerConfigKeys (ConfUtils.java:logGet(46)) - raft.server.leaderelection.pre-vote = true (default)
2023-12-28 09:10:44,903 [e5bd5207-4071-4a5b-ab67-86e23051c304@group-DED8B9E962E2-FollowerState] INFO  impl.RoleInfo (RoleInfo.java:updateAndGet(139)) - e5bd5207-4071-4a5b-ab67-86e23051c304: start e5bd5207-4071-4a5b-ab67-86e23051c304@group-DED8B9E962E2-LeaderElection91
2023-12-28 09:10:44,904 [e5bd5207-4071-4a5b-ab67-86e23051c304@group-DED8B9E962E2-LeaderElection91] INFO  impl.LeaderElection (LeaderElection.java:askForVotes(323)) - e5bd5207-4071-4a5b-ab67-86e23051c304@group-DED8B9E962E2-LeaderElection91 PRE_VOTE round 0: submit vote requests at term 0 for -1: peers:[a0932215-df16-440c-a3f0-f0918056a56b|10.1.0.14:15522, e5bd5207-4071-4a5b-ab67-86e23051c304|10.1.0.14:15513, d4ff55f6-7f98-4fff-b295-c0ac26278483|10.1.0.14:15531]|listeners:[], old=null
2023-12-28 09:10:44,904 [e5bd5207-4071-4a5b-ab67-86e23051c304@group-DED8B9E962E2-LeaderElection91] INFO  server.RaftServerConfigKeys (ConfUtils.java:logFallback(53)) - raft.server.rpc.first-election.timeout.min = 5s (fallback to raft.server.rpc.timeout.min)
2023-12-28 09:10:44,904 [e5bd5207-4071-4a5b-ab67-86e23051c304@group-DED8B9E962E2-LeaderElection91-1] INFO  server.GrpcServerProtocolClient (GrpcServerProtocolClient.java:<init>(65)) - Build channel for a0932215-df16-440c-a3f0-f0918056a56b
2023-12-28 09:10:44,904 [e5bd5207-4071-4a5b-ab67-86e23051c304@group-DED8B9E962E2-LeaderElection91] INFO  server.RaftServerConfigKeys (ConfUtils.java:logFallback(53)) - raft.server.rpc.first-election.timeout.max = 5200ms (fallback to raft.server.rpc.timeout.max)
2023-12-28 09:10:44,904 [e5bd5207-4071-4a5b-ab67-86e23051c304@group-DED8B9E962E2-LeaderElection91-2] INFO  server.GrpcServerProtocolClient (GrpcServerProtocolClient.java:<init>(65)) - Build channel for d4ff55f6-7f98-4fff-b295-c0ac26278483
2023-12-28 09:10:44,907 [grpc-default-executor-2] INFO  server.RaftServer$Division (RaftServerImpl.java:requestVote(1377)) - a0932215-df16-440c-a3f0-f0918056a56b@group-DED8B9E962E2: receive requestVote(PRE_VOTE, e5bd5207-4071-4a5b-ab67-86e23051c304, group-DED8B9E962E2, 0, (t:0, i:0))
2023-12-28 09:10:44,907 [grpc-default-executor-6] INFO  server.RaftServer$Division (RaftServerImpl.java:requestVote(1377)) - d4ff55f6-7f98-4fff-b295-c0ac26278483@group-DED8B9E962E2: receive requestVote(PRE_VOTE, e5bd5207-4071-4a5b-ab67-86e23051c304, group-DED8B9E962E2, 0, (t:0, i:0))
2023-12-28 09:10:44,907 [grpc-default-executor-2] INFO  impl.VoteContext (VoteContext.java:log(49)) - a0932215-df16-440c-a3f0-f0918056a56b@group-DED8B9E962E2-FOLLOWER: reject PRE_VOTE from e5bd5207-4071-4a5b-ab67-86e23051c304: our priority 1 > candidate's priority 0
2023-12-28 09:10:44,907 [grpc-default-executor-6] INFO  impl.VoteContext (VoteContext.java:log(49)) - d4ff55f6-7f98-4fff-b295-c0ac26278483@group-DED8B9E962E2-FOLLOWER: accept PRE_VOTE from e5bd5207-4071-4a5b-ab67-86e23051c304: our priority 0 <= candidate's priority 0
2023-12-28 09:10:44,908 [grpc-default-executor-2] INFO  server.RaftServer$Division (RaftServerImpl.java:requestVote(1410)) - a0932215-df16-440c-a3f0-f0918056a56b@group-DED8B9E962E2 replies to PRE_VOTE vote request: e5bd5207-4071-4a5b-ab67-86e23051c304<-a0932215-df16-440c-a3f0-f0918056a56b#0:FAIL-t0. Peer's state: a0932215-df16-440c-a3f0-f0918056a56b@group-DED8B9E962E2:t0, leader=null, voted=, raftlog=Memoized:a0932215-df16-440c-a3f0-f0918056a56b@group-DED8B9E962E2-SegmentedRaftLog:OPENED:c-1, conf=-1: peers:[a0932215-df16-440c-a3f0-f0918056a56b|10.1.0.14:15522, e5bd5207-4071-4a5b-ab67-86e23051c304|10.1.0.14:15513, d4ff55f6-7f98-4fff-b295-c0ac26278483|10.1.0.14:15531]|listeners:[], old=null
2023-12-28 09:10:44,908 [grpc-default-executor-6] INFO  server.RaftServer$Division (RaftServerImpl.java:requestVote(1410)) - d4ff55f6-7f98-4fff-b295-c0ac26278483@group-DED8B9E962E2 replies to PRE_VOTE vote request: e5bd5207-4071-4a5b-ab67-86e23051c304<-d4ff55f6-7f98-4fff-b295-c0ac26278483#0:OK-t0. Peer's state: d4ff55f6-7f98-4fff-b295-c0ac26278483@group-DED8B9E962E2:t0, leader=null, voted=, raftlog=Memoized:d4ff55f6-7f98-4fff-b295-c0ac26278483@group-DED8B9E962E2-SegmentedRaftLog:OPENED:c-1, conf=-1: peers:[a0932215-df16-440c-a3f0-f0918056a56b|10.1.0.14:15522, e5bd5207-4071-4a5b-ab67-86e23051c304|10.1.0.14:15513, d4ff55f6-7f98-4fff-b295-c0ac26278483|10.1.0.14:15531]|listeners:[], old=null
2023-12-28 09:10:44,908 [e5bd5207-4071-4a5b-ab67-86e23051c304@group-DED8B9E962E2-LeaderElection91] INFO  impl.LeaderElection (LeaderElection.java:logAndReturn(89)) - e5bd5207-4071-4a5b-ab67-86e23051c304@group-DED8B9E962E2-LeaderElection91: PRE_VOTE REJECTED received 1 response(s) and 0 exception(s):
2023-12-28 09:10:44,908 [e5bd5207-4071-4a5b-ab67-86e23051c304@group-DED8B9E962E2-LeaderElection91] INFO  impl.LeaderElection (LeaderElection.java:logAndReturn(93)) -   Response 0: e5bd5207-4071-4a5b-ab67-86e23051c304<-a0932215-df16-440c-a3f0-f0918056a56b#0:FAIL-t0
2023-12-28 09:10:44,908 [e5bd5207-4071-4a5b-ab67-86e23051c304@group-DED8B9E962E2-LeaderElection91] INFO  impl.LeaderElection (LeaderElection.java:askForVotes(325)) - e5bd5207-4071-4a5b-ab67-86e23051c304@group-DED8B9E962E2-LeaderElection91 PRE_VOTE round 0: result REJECTED
2023-12-28 09:10:44,908 [e5bd5207-4071-4a5b-ab67-86e23051c304@group-DED8B9E962E2-LeaderElection91] INFO  server.RaftServer$Division (RaftServerImpl.java:setRole(379)) - e5bd5207-4071-4a5b-ab67-86e23051c304@group-DED8B9E962E2: changes role from CANDIDATE to FOLLOWER at term 0 for REJECTED
2023-12-28 09:10:44,908 [e5bd5207-4071-4a5b-ab67-86e23051c304@group-DED8B9E962E2-LeaderElection91] INFO  impl.RoleInfo (RoleInfo.java:shutdownLeaderElection(130)) - e5bd5207-4071-4a5b-ab67-86e23051c304: shutdown e5bd5207-4071-4a5b-ab67-86e23051c304@group-DED8B9E962E2-LeaderElection91
2023-12-28 09:10:44,908 [e5bd5207-4071-4a5b-ab67-86e23051c304@group-DED8B9E962E2-LeaderElection91] INFO  impl.RoleInfo (RoleInfo.java:updateAndGet(139)) - e5bd5207-4071-4a5b-ab67-86e23051c304: start e5bd5207-4071-4a5b-ab67-86e23051c304@group-DED8B9E962E2-FollowerState
2023-12-28 09:10:44,909 [e5bd5207-4071-4a5b-ab67-86e23051c304@group-DED8B9E962E2-LeaderElection91] INFO  server.RaftServer$Division (RaftServerImpl.java:setFirstElection(564)) - e5bd5207-4071-4a5b-ab67-86e23051c304@group-DED8B9E962E2: set firstElectionSinceStartup to false for REJECTED
2023-12-28 09:10:44,996 [d4ff55f6-7f98-4fff-b295-c0ac26278483@group-DED8B9E962E2-FollowerState] INFO  server.RaftServerConfigKeys (ConfUtils.java:logFallback(53)) - raft.server.rpc.first-election.timeout.min = 5s (fallback to raft.server.rpc.timeout.min)
2023-12-28 09:10:44,996 [d4ff55f6-7f98-4fff-b295-c0ac26278483@group-DED8B9E962E2-FollowerState] INFO  server.RaftServerConfigKeys (ConfUtils.java:logFallback(53)) - raft.server.rpc.first-election.timeout.max = 5200ms (fallback to raft.server.rpc.timeout.max)
2023-12-28 09:10:44,998 [d986c04d-7a68-472d-88d2-fc056c6b4cf5@group-D123B97DF6E8-FollowerState] INFO  impl.FollowerState (FollowerState.java:run(143)) - d986c04d-7a68-472d-88d2-fc056c6b4cf5@group-D123B97DF6E8-FollowerState: change to CANDIDATE, lastRpcElapsedTime:5175417917ns, electionTimeout:5175ms
2023-12-28 09:10:44,998 [d986c04d-7a68-472d-88d2-fc056c6b4cf5@group-D123B97DF6E8-FollowerState] INFO  impl.RoleInfo (RoleInfo.java:shutdownFollowerState(110)) - d986c04d-7a68-472d-88d2-fc056c6b4cf5: shutdown d986c04d-7a68-472d-88d2-fc056c6b4cf5@group-D123B97DF6E8-FollowerState
2023-12-28 09:10:44,998 [d986c04d-7a68-472d-88d2-fc056c6b4cf5@group-D123B97DF6E8-FollowerState] INFO  server.RaftServer$Division (RaftServerImpl.java:setRole(379)) - d986c04d-7a68-472d-88d2-fc056c6b4cf5@group-D123B97DF6E8: changes role from  FOLLOWER to CANDIDATE at term 0 for changeToCandidate
2023-12-28 09:10:44,998 [d986c04d-7a68-472d-88d2-fc056c6b4cf5@group-D123B97DF6E8-FollowerState] INFO  server.RaftServerConfigKeys (ConfUtils.java:logGet(46)) - raft.server.leaderelection.pre-vote = true (default)
2023-12-28 09:10:44,998 [d986c04d-7a68-472d-88d2-fc056c6b4cf5@group-D123B97DF6E8-FollowerState] INFO  impl.RoleInfo (RoleInfo.java:updateAndGet(139)) - d986c04d-7a68-472d-88d2-fc056c6b4cf5: start d986c04d-7a68-472d-88d2-fc056c6b4cf5@group-D123B97DF6E8-LeaderElection92
2023-12-28 09:10:44,999 [d986c04d-7a68-472d-88d2-fc056c6b4cf5@group-D123B97DF6E8-LeaderElection92] INFO  impl.LeaderElection (LeaderElection.java:askForVotes(323)) - d986c04d-7a68-472d-88d2-fc056c6b4cf5@group-D123B97DF6E8-LeaderElection92 PRE_VOTE round 0: submit vote requests at term 0 for -1: peers:[d986c04d-7a68-472d-88d2-fc056c6b4cf5|10.1.0.14:15504]|listeners:[], old=null
2023-12-28 09:10:44,999 [d986c04d-7a68-472d-88d2-fc056c6b4cf5@group-D123B97DF6E8-LeaderElection92] INFO  impl.LeaderElection (LeaderElection.java:askForVotes(325)) - d986c04d-7a68-472d-88d2-fc056c6b4cf5@group-D123B97DF6E8-LeaderElection92 PRE_VOTE round 0: result PASSED (term=0)
2023-12-28 09:10:45,001 [d986c04d-7a68-472d-88d2-fc056c6b4cf5@group-D123B97DF6E8-LeaderElection92] INFO  impl.LeaderElection (LeaderElection.java:askForVotes(323)) - d986c04d-7a68-472d-88d2-fc056c6b4cf5@group-D123B97DF6E8-LeaderElection92 ELECTION round 0: submit vote requests at term 1 for -1: peers:[d986c04d-7a68-472d-88d2-fc056c6b4cf5|10.1.0.14:15504]|listeners:[], old=null
2023-12-28 09:10:45,001 [d986c04d-7a68-472d-88d2-fc056c6b4cf5@group-D123B97DF6E8-LeaderElection92] INFO  impl.LeaderElection (LeaderElection.java:askForVotes(325)) - d986c04d-7a68-472d-88d2-fc056c6b4cf5@group-D123B97DF6E8-LeaderElection92 ELECTION round 0: result PASSED (term=1)
2023-12-28 09:10:45,001 [d986c04d-7a68-472d-88d2-fc056c6b4cf5@group-D123B97DF6E8-LeaderElection92] INFO  impl.RoleInfo (RoleInfo.java:shutdownLeaderElection(130)) - d986c04d-7a68-472d-88d2-fc056c6b4cf5: shutdown d986c04d-7a68-472d-88d2-fc056c6b4cf5@group-D123B97DF6E8-LeaderElection92
2023-12-28 09:10:45,001 [d986c04d-7a68-472d-88d2-fc056c6b4cf5@group-D123B97DF6E8-LeaderElection92] INFO  server.RaftServer$Division (RaftServerImpl.java:setRole(379)) - d986c04d-7a68-472d-88d2-fc056c6b4cf5@group-D123B97DF6E8: changes role from CANDIDATE to LEADER at term 1 for changeToLeader
2023-12-28 09:10:45,001 [d986c04d-7a68-472d-88d2-fc056c6b4cf5@group-D123B97DF6E8-LeaderElection92] INFO  server.RaftServerConfigKeys (ConfUtils.java:logGet(46)) - raft.server.staging.catchup.gap = 1000 (default)
2023-12-28 09:10:45,001 [d986c04d-7a68-472d-88d2-fc056c6b4cf5@group-D123B97DF6E8-LeaderElection92] INFO  server.RaftServerConfigKeys (ConfUtils.java:logGet(46)) - raft.server.write.element-limit = 1024 (custom)
2023-12-28 09:10:45,002 [d986c04d-7a68-472d-88d2-fc056c6b4cf5@group-D123B97DF6E8-LeaderElection92] INFO  server.RaftServerConfigKeys (ConfUtils.java:logGet(46)) - raft.server.write.byte-limit = 1024 M (=1073741824) (custom)
2023-12-28 09:10:45,002 [d986c04d-7a68-472d-88d2-fc056c6b4cf5@group-D123B97DF6E8-LeaderElection92] INFO  server.RaftServerConfigKeys (ConfUtils.java:logGet(46)) - raft.server.watch.timeout = 3000ms (custom)
2023-12-28 09:10:45,002 [d986c04d-7a68-472d-88d2-fc056c6b4cf5@group-D123B97DF6E8-LeaderElection92] INFO  server.RaftServerConfigKeys (ConfUtils.java:logGet(46)) - raft.server.watch.timeout.denomination = 1s (default)
2023-12-28 09:10:45,002 [d986c04d-7a68-472d-88d2-fc056c6b4cf5@group-D123B97DF6E8-LeaderElection92] INFO  server.RaftServerConfigKeys (ConfUtils.java:logGet(46)) - raft.server.watch.element-limit = 65536 (default)
2023-12-28 09:10:45,002 [d986c04d-7a68-472d-88d2-fc056c6b4cf5@group-D123B97DF6E8-LeaderElection92] INFO  server.RaftServerConfigKeys (ConfUtils.java:logGet(46)) - raft.server.read.leader.lease.enabled = false (default)
2023-12-28 09:10:45,002 [d986c04d-7a68-472d-88d2-fc056c6b4cf5@group-D123B97DF6E8-LeaderElection92] INFO  server.RaftServerConfigKeys (ConfUtils.java:logGet(46)) - raft.server.read.leader.lease.timeout.ratio = 0.9 (default)
2023-12-28 09:10:45,002 [d986c04d-7a68-472d-88d2-fc056c6b4cf5@group-D123B97DF6E8-LeaderElection92] INFO  server.RaftServerConfigKeys (ConfUtils.java:logGet(46)) - raft.server.rpc.timeout.min = 5s (custom)
2023-12-28 09:10:45,002 [d986c04d-7a68-472d-88d2-fc056c6b4cf5@group-D123B97DF6E8-LeaderElection92] INFO  server.RaftServerConfigKeys (ConfUtils.java:logGet(46)) - raft.server.write.element-limit = 1024 (custom)
2023-12-28 09:10:45,002 [d986c04d-7a68-472d-88d2-fc056c6b4cf5@group-D123B97DF6E8-LeaderElection92] INFO  server.RaftServerConfigKeys (ConfUtils.java:logGet(46)) - raft.server.write.follower.gap.ratio.max = -1.0 (default)
2023-12-28 09:10:45,002 [d986c04d-7a68-472d-88d2-fc056c6b4cf5@group-D123B97DF6E8-LeaderElection92] INFO  impl.RoleInfo (RoleInfo.java:updateAndGet(139)) - d986c04d-7a68-472d-88d2-fc056c6b4cf5: start d986c04d-7a68-472d-88d2-fc056c6b4cf5@group-D123B97DF6E8-LeaderStateImpl
2023-12-28 09:10:45,002 [d986c04d-7a68-472d-88d2-fc056c6b4cf5@group-D123B97DF6E8-LeaderElection92] INFO  server.RaftServer$Division (RaftServerImpl.java:setFirstElection(564)) - d986c04d-7a68-472d-88d2-fc056c6b4cf5@group-D123B97DF6E8: set firstElectionSinceStartup to false for becomeLeader
2023-12-28 09:10:45,002 [d986c04d-7a68-472d-88d2-fc056c6b4cf5@group-D123B97DF6E8-LeaderElection92] INFO  ratis.XceiverServerRatis (XceiverServerRatis.java:handleLeaderChangedNotification(935)) - Leader change notification received for group: group-D123B97DF6E8 with new leaderId: d986c04d-7a68-472d-88d2-fc056c6b4cf5
2023-12-28 09:10:45,002 [d986c04d-7a68-472d-88d2-fc056c6b4cf5@group-D123B97DF6E8-LeaderElection92] INFO  server.RaftServer$Division (ServerState.java:setLeader(265)) - d986c04d-7a68-472d-88d2-fc056c6b4cf5@group-D123B97DF6E8: change Leader from null to d986c04d-7a68-472d-88d2-fc056c6b4cf5 at term 1 for becomeLeader, leader elected after 5215ms
2023-12-28 09:10:45,002 [d986c04d-7a68-472d-88d2-fc056c6b4cf5@group-D123B97DF6E8-LeaderElection92] INFO  segmented.SegmentedRaftLogWorker (SegmentedRaftLogWorker.java:startLogSegment(428)) - d986c04d-7a68-472d-88d2-fc056c6b4cf5@group-D123B97DF6E8-SegmentedRaftLogWorker: Starting segment from index:0
2023-12-28 09:10:45,003 [d986c04d-7a68-472d-88d2-fc056c6b4cf5@group-D123B97DF6E8-LeaderElection92] INFO  server.RaftServer$Division (ServerState.java:setRaftConf(382)) - d986c04d-7a68-472d-88d2-fc056c6b4cf5@group-D123B97DF6E8: set configuration 0: peers:[d986c04d-7a68-472d-88d2-fc056c6b4cf5|10.1.0.14:15504]|listeners:[], old=null
2023-12-28 09:10:45,013 [d986c04d-7a68-472d-88d2-fc056c6b4cf5@group-D123B97DF6E8-SegmentedRaftLogWorker] INFO  segmented.SegmentedRaftLogWorker (SegmentedRaftLogWorker.java:execute(632)) - d986c04d-7a68-472d-88d2-fc056c6b4cf5@group-D123B97DF6E8-SegmentedRaftLogWorker: created new log segment /home/runner/work/ozone/ozone/hadoop-ozone/integration-test/target/test-dir/MiniOzoneClusterImpl-11b76480-f5fe-46c6-962b-c791e86a534f/datanode-5/data/ratis/4e067b43-5612-4774-a1cb-d123b97df6e8/current/log_inprogress_0
2023-12-28 09:10:45,014 [d986c04d-7a68-472d-88d2-fc056c6b4cf5@group-D123B97DF6E8-StateMachineUpdater] INFO  server.RaftServer$Division (LeaderStateImpl.java:isApplied(316)) - leader is ready since appliedIndex == 0 >= startIndex == 0
2023-12-28 09:10:45,048 [main] INFO  ozone.MiniOzoneClusterImpl (MiniOzoneClusterImpl.java:lambda$waitForClusterToBeReady$0(230)) - Nodes are ready. Got 9 of 9 DN Heartbeats.
2023-12-28 09:10:45,048 [main] INFO  ozone.MiniOzoneClusterImpl (MiniOzoneClusterImpl.java:lambda$waitForClusterToBeReady$0(233)) - Cluster exits safe mode
2023-12-28 09:10:45,048 [main] INFO  ozone.MiniOzoneClusterImpl (MiniOzoneClusterImpl.java:lambda$waitForClusterToBeReady$0(235)) - SCM became leader
2023-12-28 09:10:45,049 [main] INFO  protocolPB.OmTransportFactory (OmTransportFactory.java:createFactory(62)) - Loading OM transport implementation org.apache.hadoop.ozone.om.protocolPB.Hadoop3OmTransportFactory as specified by configuration.
2023-12-28 09:10:45,053 [main] INFO  rpc.RpcClient (RpcClient.java:createVolume(456)) - Creating Volume: watchforcommithandlingtest, with runner as owner and space quota set to -1 bytes, counts quota set to -1
2023-12-28 09:10:45,059 [om1-OMStateMachineApplyTransactionThread - 0] INFO  volume.OMVolumeCreateRequest (OMVolumeCreateRequest.java:validateAndUpdateCache(198)) - created volume:watchforcommithandlingtest for user:runner
2023-12-28 09:10:45,062 [main] INFO  rpc.RpcClient (RpcClient.java:createBucket(683)) - Creating Bucket: watchforcommithandlingtest/watchforcommithandlingtest, with server-side default bucket layout, runner as owner, Versioning false, Storage Type set to DISK and Encryption set to false, Replication Type set to server-side default replication type, Namespace Quota set to -1, Space Quota set to -1 
2023-12-28 09:10:45,064 [om1-OMStateMachineApplyTransactionThread - 0] INFO  bucket.OMBucketCreateRequest (OMBucketCreateRequest.java:validateAndUpdateCache(296)) - created bucket: watchforcommithandlingtest of layout FILE_SYSTEM_OPTIMIZED in volume: watchforcommithandlingtest
2023-12-28 09:10:45,065 [e5bd5207-4071-4a5b-ab67-86e23051c304@group-E7B4503F56B5-FollowerState] INFO  impl.FollowerState (FollowerState.java:run(143)) - e5bd5207-4071-4a5b-ab67-86e23051c304@group-E7B4503F56B5-FollowerState: change to CANDIDATE, lastRpcElapsedTime:5178440579ns, electionTimeout:5178ms
2023-12-28 09:10:45,066 [e5bd5207-4071-4a5b-ab67-86e23051c304@group-E7B4503F56B5-FollowerState] INFO  impl.RoleInfo (RoleInfo.java:shutdownFollowerState(110)) - e5bd5207-4071-4a5b-ab67-86e23051c304: shutdown e5bd5207-4071-4a5b-ab67-86e23051c304@group-E7B4503F56B5-FollowerState
2023-12-28 09:10:45,066 [e5bd5207-4071-4a5b-ab67-86e23051c304@group-E7B4503F56B5-FollowerState] INFO  server.RaftServer$Division (RaftServerImpl.java:setRole(379)) - e5bd5207-4071-4a5b-ab67-86e23051c304@group-E7B4503F56B5: changes role from  FOLLOWER to CANDIDATE at term 0 for changeToCandidate
2023-12-28 09:10:45,066 [e5bd5207-4071-4a5b-ab67-86e23051c304@group-E7B4503F56B5-FollowerState] INFO  server.RaftServerConfigKeys (ConfUtils.java:logGet(46)) - raft.server.leaderelection.pre-vote = true (default)
2023-12-28 09:10:45,066 [e5bd5207-4071-4a5b-ab67-86e23051c304@group-E7B4503F56B5-FollowerState] INFO  impl.RoleInfo (RoleInfo.java:updateAndGet(139)) - e5bd5207-4071-4a5b-ab67-86e23051c304: start e5bd5207-4071-4a5b-ab67-86e23051c304@group-E7B4503F56B5-LeaderElection93
2023-12-28 09:10:45,067 [e5bd5207-4071-4a5b-ab67-86e23051c304@group-E7B4503F56B5-LeaderElection93] INFO  impl.LeaderElection (LeaderElection.java:askForVotes(323)) - e5bd5207-4071-4a5b-ab67-86e23051c304@group-E7B4503F56B5-LeaderElection93 PRE_VOTE round 0: submit vote requests at term 0 for -1: peers:[e5bd5207-4071-4a5b-ab67-86e23051c304|10.1.0.14:15513]|listeners:[], old=null
2023-12-28 09:10:45,067 [e5bd5207-4071-4a5b-ab67-86e23051c304@group-E7B4503F56B5-LeaderElection93] INFO  impl.LeaderElection (LeaderElection.java:askForVotes(325)) - e5bd5207-4071-4a5b-ab67-86e23051c304@group-E7B4503F56B5-LeaderElection93 PRE_VOTE round 0: result PASSED (term=0)
2023-12-28 09:10:45,068 [e5bd5207-4071-4a5b-ab67-86e23051c304@group-E7B4503F56B5-LeaderElection93] INFO  impl.LeaderElection (LeaderElection.java:askForVotes(323)) - e5bd5207-4071-4a5b-ab67-86e23051c304@group-E7B4503F56B5-LeaderElection93 ELECTION round 0: submit vote requests at term 1 for -1: peers:[e5bd5207-4071-4a5b-ab67-86e23051c304|10.1.0.14:15513]|listeners:[], old=null
2023-12-28 09:10:45,068 [e5bd5207-4071-4a5b-ab67-86e23051c304@group-E7B4503F56B5-LeaderElection93] INFO  impl.LeaderElection (LeaderElection.java:askForVotes(325)) - e5bd5207-4071-4a5b-ab67-86e23051c304@group-E7B4503F56B5-LeaderElection93 ELECTION round 0: result PASSED (term=1)
2023-12-28 09:10:45,068 [e5bd5207-4071-4a5b-ab67-86e23051c304@group-E7B4503F56B5-LeaderElection93] INFO  impl.RoleInfo (RoleInfo.java:shutdownLeaderElection(130)) - e5bd5207-4071-4a5b-ab67-86e23051c304: shutdown e5bd5207-4071-4a5b-ab67-86e23051c304@group-E7B4503F56B5-LeaderElection93
2023-12-28 09:10:45,068 [e5bd5207-4071-4a5b-ab67-86e23051c304@group-E7B4503F56B5-LeaderElection93] INFO  server.RaftServer$Division (RaftServerImpl.java:setRole(379)) - e5bd5207-4071-4a5b-ab67-86e23051c304@group-E7B4503F56B5: changes role from CANDIDATE to LEADER at term 1 for changeToLeader
2023-12-28 09:10:45,068 [e5bd5207-4071-4a5b-ab67-86e23051c304@group-E7B4503F56B5-LeaderElection93] INFO  server.RaftServerConfigKeys (ConfUtils.java:logGet(46)) - raft.server.staging.catchup.gap = 1000 (default)
2023-12-28 09:10:45,070 [e5bd5207-4071-4a5b-ab67-86e23051c304@group-E7B4503F56B5-LeaderElection93] INFO  server.RaftServerConfigKeys (ConfUtils.java:logGet(46)) - raft.server.write.element-limit = 1024 (custom)
2023-12-28 09:10:45,071 [e5bd5207-4071-4a5b-ab67-86e23051c304@group-E7B4503F56B5-LeaderElection93] INFO  server.RaftServerConfigKeys (ConfUtils.java:logGet(46)) - raft.server.write.byte-limit = 1024 M (=1073741824) (custom)
2023-12-28 09:10:45,073 [e5bd5207-4071-4a5b-ab67-86e23051c304@group-E7B4503F56B5-LeaderElection93] INFO  server.RaftServerConfigKeys (ConfUtils.java:logGet(46)) - raft.server.watch.timeout = 3000ms (custom)
2023-12-28 09:10:45,073 [e5bd5207-4071-4a5b-ab67-86e23051c304@group-E7B4503F56B5-LeaderElection93] INFO  server.RaftServerConfigKeys (ConfUtils.java:logGet(46)) - raft.server.watch.timeout.denomination = 1s (default)
2023-12-28 09:10:45,073 [e5bd5207-4071-4a5b-ab67-86e23051c304@group-E7B4503F56B5-LeaderElection93] INFO  server.RaftServerConfigKeys (ConfUtils.java:logGet(46)) - raft.server.watch.element-limit = 65536 (default)
2023-12-28 09:10:45,073 [e5bd5207-4071-4a5b-ab67-86e23051c304@group-E7B4503F56B5-LeaderElection93] INFO  server.RaftServerConfigKeys (ConfUtils.java:logGet(46)) - raft.server.read.leader.lease.enabled = false (default)
2023-12-28 09:10:45,073 [e5bd5207-4071-4a5b-ab67-86e23051c304@group-E7B4503F56B5-LeaderElection93] INFO  server.RaftServerConfigKeys (ConfUtils.java:logGet(46)) - raft.server.read.leader.lease.timeout.ratio = 0.9 (default)
2023-12-28 09:10:45,073 [e5bd5207-4071-4a5b-ab67-86e23051c304@group-E7B4503F56B5-LeaderElection93] INFO  server.RaftServerConfigKeys (ConfUtils.java:logGet(46)) - raft.server.rpc.timeout.min = 5s (custom)
2023-12-28 09:10:45,073 [e5bd5207-4071-4a5b-ab67-86e23051c304@group-E7B4503F56B5-LeaderElection93] INFO  server.RaftServerConfigKeys (ConfUtils.java:logGet(46)) - raft.server.write.element-limit = 1024 (custom)
2023-12-28 09:10:45,073 [e5bd5207-4071-4a5b-ab67-86e23051c304@group-E7B4503F56B5-LeaderElection93] INFO  server.RaftServerConfigKeys (ConfUtils.java:logGet(46)) - raft.server.write.follower.gap.ratio.max = -1.0 (default)
2023-12-28 09:10:45,073 [e5bd5207-4071-4a5b-ab67-86e23051c304@group-E7B4503F56B5-LeaderElection93] INFO  impl.RoleInfo (RoleInfo.java:updateAndGet(139)) - e5bd5207-4071-4a5b-ab67-86e23051c304: start e5bd5207-4071-4a5b-ab67-86e23051c304@group-E7B4503F56B5-LeaderStateImpl
2023-12-28 09:10:45,073 [IPC Server handler 1 on default port 15445] INFO  ha.SequenceIdGenerator (SequenceIdGenerator.java:getNextId(145)) - Allocate a batch for containerId, change lastId from 0 to 1000.
2023-12-28 09:10:45,073 [e5bd5207-4071-4a5b-ab67-86e23051c304@group-E7B4503F56B5-LeaderElection93] INFO  server.RaftServer$Division (RaftServerImpl.java:setFirstElection(564)) - e5bd5207-4071-4a5b-ab67-86e23051c304@group-E7B4503F56B5: set firstElectionSinceStartup to false for becomeLeader
2023-12-28 09:10:45,073 [e5bd5207-4071-4a5b-ab67-86e23051c304@group-E7B4503F56B5-LeaderElection93] INFO  ratis.XceiverServerRatis (XceiverServerRatis.java:handleLeaderChangedNotification(935)) - Leader change notification received for group: group-E7B4503F56B5 with new leaderId: e5bd5207-4071-4a5b-ab67-86e23051c304
2023-12-28 09:10:45,073 [e5bd5207-4071-4a5b-ab67-86e23051c304@group-E7B4503F56B5-LeaderElection93] INFO  server.RaftServer$Division (ServerState.java:setLeader(265)) - e5bd5207-4071-4a5b-ab67-86e23051c304@group-E7B4503F56B5: change Leader from null to e5bd5207-4071-4a5b-ab67-86e23051c304 at term 1 for becomeLeader, leader elected after 5198ms
2023-12-28 09:10:45,073 [e5bd5207-4071-4a5b-ab67-86e23051c304@group-E7B4503F56B5-LeaderElection93] INFO  segmented.SegmentedRaftLogWorker (SegmentedRaftLogWorker.java:startLogSegment(428)) - e5bd5207-4071-4a5b-ab67-86e23051c304@group-E7B4503F56B5-SegmentedRaftLogWorker: Starting segment from index:0
2023-12-28 09:10:45,079 [e5bd5207-4071-4a5b-ab67-86e23051c304@group-E7B4503F56B5-LeaderElection93] INFO  server.RaftServer$Division (ServerState.java:setRaftConf(382)) - e5bd5207-4071-4a5b-ab67-86e23051c304@group-E7B4503F56B5: set configuration 0: peers:[e5bd5207-4071-4a5b-ab67-86e23051c304|10.1.0.14:15513]|listeners:[], old=null
2023-12-28 09:10:45,086 [e5bd5207-4071-4a5b-ab67-86e23051c304@group-E7B4503F56B5-SegmentedRaftLogWorker] INFO  segmented.SegmentedRaftLogWorker (SegmentedRaftLogWorker.java:execute(632)) - e5bd5207-4071-4a5b-ab67-86e23051c304@group-E7B4503F56B5-SegmentedRaftLogWorker: created new log segment /home/runner/work/ozone/ozone/hadoop-ozone/integration-test/target/test-dir/MiniOzoneClusterImpl-11b76480-f5fe-46c6-962b-c791e86a534f/datanode-6/data/ratis/8917c6f3-94ca-4007-b594-e7b4503f56b5/current/log_inprogress_0
2023-12-28 09:10:45,088 [e5bd5207-4071-4a5b-ab67-86e23051c304@group-E7B4503F56B5-StateMachineUpdater] INFO  server.RaftServer$Division (LeaderStateImpl.java:isApplied(316)) - leader is ready since appliedIndex == 0 >= startIndex == 0
2023-12-28 09:10:45,099 [a0932215-df16-440c-a3f0-f0918056a56b@group-DED8B9E962E2-FollowerState] INFO  impl.FollowerState (FollowerState.java:run(143)) - a0932215-df16-440c-a3f0-f0918056a56b@group-DED8B9E962E2-FollowerState: change to CANDIDATE, lastRpcElapsedTime:5182520842ns, electionTimeout:5180ms
2023-12-28 09:10:45,100 [a0932215-df16-440c-a3f0-f0918056a56b@group-DED8B9E962E2-FollowerState] INFO  impl.RoleInfo (RoleInfo.java:shutdownFollowerState(110)) - a0932215-df16-440c-a3f0-f0918056a56b: shutdown a0932215-df16-440c-a3f0-f0918056a56b@group-DED8B9E962E2-FollowerState
2023-12-28 09:10:45,100 [a0932215-df16-440c-a3f0-f0918056a56b@group-DED8B9E962E2-FollowerState] INFO  server.RaftServer$Division (RaftServerImpl.java:setRole(379)) - a0932215-df16-440c-a3f0-f0918056a56b@group-DED8B9E962E2: changes role from  FOLLOWER to CANDIDATE at term 0 for changeToCandidate
2023-12-28 09:10:45,105 [a0932215-df16-440c-a3f0-f0918056a56b@group-DED8B9E962E2-FollowerState] INFO  server.RaftServerConfigKeys (ConfUtils.java:logGet(46)) - raft.server.leaderelection.pre-vote = true (default)
2023-12-28 09:10:45,106 [a0932215-df16-440c-a3f0-f0918056a56b@group-DED8B9E962E2-FollowerState] INFO  impl.RoleInfo (RoleInfo.java:updateAndGet(139)) - a0932215-df16-440c-a3f0-f0918056a56b: start a0932215-df16-440c-a3f0-f0918056a56b@group-DED8B9E962E2-LeaderElection94
2023-12-28 09:10:45,107 [a0932215-df16-440c-a3f0-f0918056a56b@group-DED8B9E962E2-LeaderElection94] INFO  impl.LeaderElection (LeaderElection.java:askForVotes(323)) - a0932215-df16-440c-a3f0-f0918056a56b@group-DED8B9E962E2-LeaderElection94 PRE_VOTE round 0: submit vote requests at term 0 for -1: peers:[a0932215-df16-440c-a3f0-f0918056a56b|10.1.0.14:15522, e5bd5207-4071-4a5b-ab67-86e23051c304|10.1.0.14:15513, d4ff55f6-7f98-4fff-b295-c0ac26278483|10.1.0.14:15531]|listeners:[], old=null
2023-12-28 09:10:45,107 [main] INFO  ozoneimpl.OzoneContainer (OzoneContainer.java:stop(463)) - Attempting to stop container services.
2023-12-28 09:10:45,107 [a0932215-df16-440c-a3f0-f0918056a56b@group-DED8B9E962E2-LeaderElection94-1] INFO  server.GrpcServerProtocolClient (GrpcServerProtocolClient.java:<init>(65)) - Build channel for e5bd5207-4071-4a5b-ab67-86e23051c304
2023-12-28 09:10:45,107 [main] INFO  server.RaftServer (RaftServerProxy.java:lambda$close$9(416)) - 7bf28275-35a3-4339-bf85-2ac062f1a076: close
2023-12-28 09:10:45,109 [a0932215-df16-440c-a3f0-f0918056a56b@group-DED8B9E962E2-LeaderElection94] INFO  server.RaftServerConfigKeys (ConfUtils.java:logFallback(53)) - raft.server.rpc.first-election.timeout.min = 5s (fallback to raft.server.rpc.timeout.min)
2023-12-28 09:10:45,109 [a0932215-df16-440c-a3f0-f0918056a56b@group-DED8B9E962E2-LeaderElection94] INFO  server.RaftServerConfigKeys (ConfUtils.java:logFallback(53)) - raft.server.rpc.first-election.timeout.max = 5200ms (fallback to raft.server.rpc.timeout.max)
2023-12-28 09:10:45,109 [a0932215-df16-440c-a3f0-f0918056a56b@group-DED8B9E962E2-LeaderElection94-2] INFO  server.GrpcServerProtocolClient (GrpcServerProtocolClient.java:<init>(65)) - Build channel for d4ff55f6-7f98-4fff-b295-c0ac26278483
2023-12-28 09:10:45,112 [7bf28275-35a3-4339-bf85-2ac062f1a076-impl-thread1] INFO  server.RaftServer$Division (RaftServerImpl.java:lambda$close$3(516)) - 7bf28275-35a3-4339-bf85-2ac062f1a076@group-54DEAA79E54E: shutdown
2023-12-28 09:10:45,112 [main] INFO  server.GrpcService (GrpcService.java:closeImpl(311)) - 7bf28275-35a3-4339-bf85-2ac062f1a076: shutdown server org.apache.ratis.grpc.server.GrpcClientProtocolService now
2023-12-28 09:10:45,112 [7bf28275-35a3-4339-bf85-2ac062f1a076-impl-thread2] INFO  server.RaftServer$Division (RaftServerImpl.java:lambda$close$3(516)) - 7bf28275-35a3-4339-bf85-2ac062f1a076@group-CEFACA0475BC: shutdown
2023-12-28 09:10:45,112 [7bf28275-35a3-4339-bf85-2ac062f1a076-impl-thread1] INFO  util.JmxRegister (JmxRegister.java:unregister(73)) - Successfully un-registered JMX Bean with object name Ratis:service=RaftServer,group=group-54DEAA79E54E,id=7bf28275-35a3-4339-bf85-2ac062f1a076
2023-12-28 09:10:45,112 [7bf28275-35a3-4339-bf85-2ac062f1a076-impl-thread1] INFO  impl.RoleInfo (RoleInfo.java:shutdownFollowerState(110)) - 7bf28275-35a3-4339-bf85-2ac062f1a076: shutdown 7bf28275-35a3-4339-bf85-2ac062f1a076@group-54DEAA79E54E-FollowerState
2023-12-28 09:10:45,112 [7bf28275-35a3-4339-bf85-2ac062f1a076-impl-thread2] INFO  util.JmxRegister (JmxRegister.java:unregister(73)) - Successfully un-registered JMX Bean with object name Ratis:service=RaftServer,group=group-CEFACA0475BC,id=7bf28275-35a3-4339-bf85-2ac062f1a076
2023-12-28 09:10:45,112 [7bf28275-35a3-4339-bf85-2ac062f1a076@group-54DEAA79E54E-FollowerState] INFO  impl.FollowerState (FollowerState.java:run(152)) - 7bf28275-35a3-4339-bf85-2ac062f1a076@group-54DEAA79E54E-FollowerState was interrupted
2023-12-28 09:10:45,112 [7bf28275-35a3-4339-bf85-2ac062f1a076@group-54DEAA79E54E-StateMachineUpdater] INFO  ratis.ContainerStateMachine (ContainerStateMachine.java:takeSnapshot(355)) - group-54DEAA79E54E: Taking a snapshot at:(t:1, i:0) file /home/runner/work/ozone/ozone/hadoop-ozone/integration-test/target/test-dir/MiniOzoneClusterImpl-11b76480-f5fe-46c6-962b-c791e86a534f/datanode-3/data/ratis/22b9990f-01f3-4614-90dc-54deaa79e54e/sm/snapshot.1_0
2023-12-28 09:10:45,112 [7bf28275-35a3-4339-bf85-2ac062f1a076-impl-thread1] INFO  impl.StateMachineUpdater (StateMachineUpdater.java:stopAndJoin(157)) - 7bf28275-35a3-4339-bf85-2ac062f1a076@group-54DEAA79E54E-StateMachineUpdater: set stopIndex = 1
2023-12-28 09:10:45,112 [7bf28275-35a3-4339-bf85-2ac062f1a076-impl-thread2] INFO  impl.RoleInfo (RoleInfo.java:shutdownLeaderState(94)) - 7bf28275-35a3-4339-bf85-2ac062f1a076: shutdown 7bf28275-35a3-4339-bf85-2ac062f1a076@group-CEFACA0475BC-LeaderStateImpl
2023-12-28 09:10:45,113 [7bf28275-35a3-4339-bf85-2ac062f1a076-impl-thread2] INFO  impl.PendingRequests (PendingRequests.java:sendNotLeaderResponses(289)) - 7bf28275-35a3-4339-bf85-2ac062f1a076@group-CEFACA0475BC-PendingRequests: sendNotLeaderResponses
2023-12-28 09:10:45,113 [7bf28275-35a3-4339-bf85-2ac062f1a076@group-54DEAA79E54E-StateMachineUpdater] INFO  ratis.ContainerStateMachine (ContainerStateMachine.java:takeSnapshot(366)) - group-54DEAA79E54E: Finished taking a snapshot at:(t:1, i:0) file:/home/runner/work/ozone/ozone/hadoop-ozone/integration-test/target/test-dir/MiniOzoneClusterImpl-11b76480-f5fe-46c6-962b-c791e86a534f/datanode-3/data/ratis/22b9990f-01f3-4614-90dc-54deaa79e54e/sm/snapshot.1_0 took: 1 ms
2023-12-28 09:10:45,113 [7bf28275-35a3-4339-bf85-2ac062f1a076@group-54DEAA79E54E-StateMachineUpdater] INFO  impl.StateMachineUpdater (StateMachineUpdater.java:takeSnapshot(295)) - 7bf28275-35a3-4339-bf85-2ac062f1a076@group-54DEAA79E54E-StateMachineUpdater: Took a snapshot at index 0
2023-12-28 09:10:45,113 [7bf28275-35a3-4339-bf85-2ac062f1a076@group-54DEAA79E54E-StateMachineUpdater] INFO  impl.StateMachineUpdater (StateMachineUpdater.java:lambda$new$0(98)) - 7bf28275-35a3-4339-bf85-2ac062f1a076@group-54DEAA79E54E-StateMachineUpdater: snapshotIndex: updateIncreasingly -1 -> 0
2023-12-28 09:10:45,113 [7bf28275-35a3-4339-bf85-2ac062f1a076-impl-thread2] INFO  impl.StateMachineUpdater (StateMachineUpdater.java:stopAndJoin(157)) - 7bf28275-35a3-4339-bf85-2ac062f1a076@group-CEFACA0475BC-StateMachineUpdater: set stopIndex = 0
2023-12-28 09:10:45,113 [7bf28275-35a3-4339-bf85-2ac062f1a076@group-CEFACA0475BC-StateMachineUpdater] INFO  ratis.ContainerStateMachine (ContainerStateMachine.java:takeSnapshot(355)) - group-CEFACA0475BC: Taking a snapshot at:(t:1, i:0) file /home/runner/work/ozone/ozone/hadoop-ozone/integration-test/target/test-dir/MiniOzoneClusterImpl-11b76480-f5fe-46c6-962b-c791e86a534f/datanode-3/data/ratis/97ddfd1d-8e67-4cb5-b0ab-cefaca0475bc/sm/snapshot.1_0
2023-12-28 09:10:45,113 [7bf28275-35a3-4339-bf85-2ac062f1a076@group-54DEAA79E54E-StateMachineUpdater] INFO  ratis.ContainerStateMachine (ContainerStateMachine.java:takeSnapshot(355)) - group-54DEAA79E54E: Taking a snapshot at:(t:1, i:0) file /home/runner/work/ozone/ozone/hadoop-ozone/integration-test/target/test-dir/MiniOzoneClusterImpl-11b76480-f5fe-46c6-962b-c791e86a534f/datanode-3/data/ratis/22b9990f-01f3-4614-90dc-54deaa79e54e/sm/snapshot.1_0
2023-12-28 09:10:45,114 [7bf28275-35a3-4339-bf85-2ac062f1a076@group-CEFACA0475BC-StateMachineUpdater] INFO  ratis.ContainerStateMachine (ContainerStateMachine.java:takeSnapshot(366)) - group-CEFACA0475BC: Finished taking a snapshot at:(t:1, i:0) file:/home/runner/work/ozone/ozone/hadoop-ozone/integration-test/target/test-dir/MiniOzoneClusterImpl-11b76480-f5fe-46c6-962b-c791e86a534f/datanode-3/data/ratis/97ddfd1d-8e67-4cb5-b0ab-cefaca0475bc/sm/snapshot.1_0 took: 1 ms
2023-12-28 09:10:45,114 [7bf28275-35a3-4339-bf85-2ac062f1a076@group-CEFACA0475BC-StateMachineUpdater] INFO  impl.StateMachineUpdater (StateMachineUpdater.java:takeSnapshot(295)) - 7bf28275-35a3-4339-bf85-2ac062f1a076@group-CEFACA0475BC-StateMachineUpdater: Took a snapshot at index 0
2023-12-28 09:10:45,114 [7bf28275-35a3-4339-bf85-2ac062f1a076@group-CEFACA0475BC-StateMachineUpdater] INFO  impl.StateMachineUpdater (StateMachineUpdater.java:lambda$new$0(98)) - 7bf28275-35a3-4339-bf85-2ac062f1a076@group-CEFACA0475BC-StateMachineUpdater: snapshotIndex: updateIncreasingly -1 -> 0
2023-12-28 09:10:45,114 [7bf28275-35a3-4339-bf85-2ac062f1a076-impl-thread2] INFO  server.RaftServer$Division (ServerState.java:close(423)) - 7bf28275-35a3-4339-bf85-2ac062f1a076@group-CEFACA0475BC: applyIndex: 0
2023-12-28 09:10:45,114 [7bf28275-35a3-4339-bf85-2ac062f1a076@group-54DEAA79E54E-StateMachineUpdater] INFO  ratis.ContainerStateMachine (ContainerStateMachine.java:takeSnapshot(366)) - group-54DEAA79E54E: Finished taking a snapshot at:(t:1, i:0) file:/home/runner/work/ozone/ozone/hadoop-ozone/integration-test/target/test-dir/MiniOzoneClusterImpl-11b76480-f5fe-46c6-962b-c791e86a534f/datanode-3/data/ratis/22b9990f-01f3-4614-90dc-54deaa79e54e/sm/snapshot.1_0 took: 1 ms
2023-12-28 09:10:45,114 [7bf28275-35a3-4339-bf85-2ac062f1a076@group-54DEAA79E54E-StateMachineUpdater] INFO  impl.StateMachineUpdater (StateMachineUpdater.java:takeSnapshot(295)) - 7bf28275-35a3-4339-bf85-2ac062f1a076@group-54DEAA79E54E-StateMachineUpdater: Took a snapshot at index 0
2023-12-28 09:10:45,114 [main] INFO  server.GrpcService (GrpcService.java:closeImpl(320)) - 7bf28275-35a3-4339-bf85-2ac062f1a076: shutdown server org.apache.ratis.grpc.server.GrpcClientProtocolService successfully
2023-12-28 09:10:45,115 [main] INFO  server.GrpcService (GrpcService.java:closeImpl(311)) - 7bf28275-35a3-4339-bf85-2ac062f1a076: shutdown server GrpcServerProtocolService now
2023-12-28 09:10:45,117 [grpc-default-executor-6] WARN  server.GrpcLogAppender (LogUtils.java:warn(121)) - d986c04d-7a68-472d-88d2-fc056c6b4cf5@group-54DEAA79E54E->7bf28275-35a3-4339-bf85-2ac062f1a076-AppendLogResponseHandler: Failed appendEntries: org.apache.ratis.thirdparty.io.grpc.StatusRuntimeException: CANCELLED: RST_STREAM closed stream. HTTP/2 error code: CANCEL
2023-12-28 09:10:45,117 [grpc-default-executor-2] WARN  server.GrpcServerProtocolService (LogUtils.java:warn(121)) - 7bf28275-35a3-4339-bf85-2ac062f1a076: APPEND_ENTRIES onError, lastRequest: d986c04d-7a68-472d-88d2-fc056c6b4cf5->7bf28275-35a3-4339-bf85-2ac062f1a076#4-t1,previous=(t:1, i:1),leaderCommit=1,initializing? true,entries: size=1, first=(t:1, i:2), METADATAENTRY(c:1): org.apache.ratis.thirdparty.io.grpc.StatusRuntimeException: CANCELLED: client cancelled
2023-12-28 09:10:45,117 [grpc-default-executor-6] WARN  server.GrpcLogAppender (GrpcLogAppender.java:resetClient(140)) - d986c04d-7a68-472d-88d2-fc056c6b4cf5@group-54DEAA79E54E->7bf28275-35a3-4339-bf85-2ac062f1a076-GrpcLogAppender: Follower failed and request == null,  keep nextIndex (3) unchanged and retry.
2023-12-28 09:10:45,117 [grpc-default-executor-2] WARN  server.GrpcServerProtocolService (LogUtils.java:warn(121)) - 7bf28275-35a3-4339-bf85-2ac062f1a076: APPEND_ENTRIES onError, lastRequest: null: org.apache.ratis.thirdparty.io.grpc.StatusRuntimeException: CANCELLED: client cancelled
2023-12-28 09:10:45,118 [7bf28275-35a3-4339-bf85-2ac062f1a076-impl-thread1] INFO  server.RaftServer$Division (ServerState.java:close(423)) - 7bf28275-35a3-4339-bf85-2ac062f1a076@group-54DEAA79E54E: applyIndex: 0
2023-12-28 09:10:45,118 [7bf28275-35a3-4339-bf85-2ac062f1a076@group-54DEAA79E54E-cacheEviction-AwaitToRun] INFO  util.AwaitToRun (AwaitToRun.java:run(49)) - 7bf28275-35a3-4339-bf85-2ac062f1a076@group-54DEAA79E54E-cacheEviction-AwaitToRun-AwaitForSignal is interrupted
2023-12-28 09:10:45,118 [main] INFO  server.GrpcService (GrpcService.java:closeImpl(320)) - 7bf28275-35a3-4339-bf85-2ac062f1a076: shutdown server GrpcServerProtocolService successfully
2023-12-28 09:10:45,118 [main] INFO  server.GrpcService (GrpcService.java:closeImpl(311)) - 7bf28275-35a3-4339-bf85-2ac062f1a076: shutdown server org.apache.ratis.grpc.server.GrpcAdminProtocolService now
2023-12-28 09:10:45,118 [7bf28275-35a3-4339-bf85-2ac062f1a076@group-CEFACA0475BC-cacheEviction-AwaitToRun] INFO  util.AwaitToRun (AwaitToRun.java:run(49)) - 7bf28275-35a3-4339-bf85-2ac062f1a076@group-CEFACA0475BC-cacheEviction-AwaitToRun-AwaitForSignal is interrupted
2023-12-28 09:10:45,118 [main] INFO  server.GrpcService (GrpcService.java:closeImpl(320)) - 7bf28275-35a3-4339-bf85-2ac062f1a076: shutdown server org.apache.ratis.grpc.server.GrpcAdminProtocolService successfully
2023-12-28 09:10:45,119 [7bf28275-35a3-4339-bf85-2ac062f1a076-NettyServerStreamRpc-bossGroup--thread1] INFO  logging.LoggingHandler (AbstractInternalLogger.java:log(148)) - [id: 0x98b84b6a, L:/0.0.0.0:15487] CLOSE
2023-12-28 09:10:45,119 [7bf28275-35a3-4339-bf85-2ac062f1a076-NettyServerStreamRpc-bossGroup--thread1] INFO  logging.LoggingHandler (AbstractInternalLogger.java:log(148)) - [id: 0x98b84b6a, L:/0.0.0.0:15487] INACTIVE
2023-12-28 09:10:45,119 [7bf28275-35a3-4339-bf85-2ac062f1a076-NettyServerStreamRpc-bossGroup--thread1] INFO  logging.LoggingHandler (AbstractInternalLogger.java:log(148)) - [id: 0x98b84b6a, L:/0.0.0.0:15487] UNREGISTERED
2023-12-28 09:10:45,120 [a0932215-df16-440c-a3f0-f0918056a56b@group-CDCE57A2A640-FollowerState] INFO  impl.FollowerState (FollowerState.java:run(143)) - a0932215-df16-440c-a3f0-f0918056a56b@group-CDCE57A2A640-FollowerState: change to CANDIDATE, lastRpcElapsedTime:5152351747ns, electionTimeout:5152ms
2023-12-28 09:10:45,120 [a0932215-df16-440c-a3f0-f0918056a56b@group-CDCE57A2A640-FollowerState] INFO  impl.RoleInfo (RoleInfo.java:shutdownFollowerState(110)) - a0932215-df16-440c-a3f0-f0918056a56b: shutdown a0932215-df16-440c-a3f0-f0918056a56b@group-CDCE57A2A640-FollowerState
2023-12-28 09:10:45,120 [a0932215-df16-440c-a3f0-f0918056a56b@group-CDCE57A2A640-FollowerState] INFO  server.RaftServer$Division (RaftServerImpl.java:setRole(379)) - a0932215-df16-440c-a3f0-f0918056a56b@group-CDCE57A2A640: changes role from  FOLLOWER to CANDIDATE at term 0 for changeToCandidate
2023-12-28 09:10:45,122 [grpc-default-executor-6] WARN  server.GrpcLogAppender (LogUtils.java:warn(121)) - d986c04d-7a68-472d-88d2-fc056c6b4cf5@group-54DEAA79E54E->7bf28275-35a3-4339-bf85-2ac062f1a076-AppendLogResponseHandler: Failed appendEntries: org.apache.ratis.thirdparty.io.grpc.StatusRuntimeException: CANCELLED: RST_STREAM closed stream. HTTP/2 error code: CANCEL
2023-12-28 09:10:45,122 [grpc-default-executor-6] WARN  server.GrpcLogAppender (GrpcLogAppender.java:resetClient(140)) - d986c04d-7a68-472d-88d2-fc056c6b4cf5@group-54DEAA79E54E->7bf28275-35a3-4339-bf85-2ac062f1a076-GrpcLogAppender: Follower failed and request == null,  keep nextIndex (3) unchanged and retry.
2023-12-28 09:10:45,122 [grpc-default-executor-6] INFO  server.RaftServer$Division (RaftServerImpl.java:requestVote(1377)) - e5bd5207-4071-4a5b-ab67-86e23051c304@group-DED8B9E962E2: receive requestVote(PRE_VOTE, a0932215-df16-440c-a3f0-f0918056a56b, group-DED8B9E962E2, 0, (t:0, i:0))
2023-12-28 09:10:45,122 [grpc-default-executor-6] INFO  impl.VoteContext (VoteContext.java:log(49)) - e5bd5207-4071-4a5b-ab67-86e23051c304@group-DED8B9E962E2-FOLLOWER: accept PRE_VOTE from a0932215-df16-440c-a3f0-f0918056a56b: our priority 0 <= candidate's priority 1
2023-12-28 09:10:45,122 [grpc-default-executor-6] INFO  server.RaftServer$Division (RaftServerImpl.java:requestVote(1410)) - e5bd5207-4071-4a5b-ab67-86e23051c304@group-DED8B9E962E2 replies to PRE_VOTE vote request: a0932215-df16-440c-a3f0-f0918056a56b<-e5bd5207-4071-4a5b-ab67-86e23051c304#0:OK-t0. Peer's state: e5bd5207-4071-4a5b-ab67-86e23051c304@group-DED8B9E962E2:t0, leader=null, voted=, raftlog=Memoized:e5bd5207-4071-4a5b-ab67-86e23051c304@group-DED8B9E962E2-SegmentedRaftLog:OPENED:c-1, conf=-1: peers:[a0932215-df16-440c-a3f0-f0918056a56b|10.1.0.14:15522, e5bd5207-4071-4a5b-ab67-86e23051c304|10.1.0.14:15513, d4ff55f6-7f98-4fff-b295-c0ac26278483|10.1.0.14:15531]|listeners:[], old=null
2023-12-28 09:10:45,124 [a0932215-df16-440c-a3f0-f0918056a56b@group-CDCE57A2A640-FollowerState] INFO  server.RaftServerConfigKeys (ConfUtils.java:logGet(46)) - raft.server.leaderelection.pre-vote = true (default)
2023-12-28 09:10:45,124 [a0932215-df16-440c-a3f0-f0918056a56b@group-CDCE57A2A640-FollowerState] INFO  impl.RoleInfo (RoleInfo.java:updateAndGet(139)) - a0932215-df16-440c-a3f0-f0918056a56b: start a0932215-df16-440c-a3f0-f0918056a56b@group-CDCE57A2A640-LeaderElection95
2023-12-28 09:10:45,125 [a0932215-df16-440c-a3f0-f0918056a56b@group-CDCE57A2A640-LeaderElection95] INFO  impl.LeaderElection (LeaderElection.java:askForVotes(323)) - a0932215-df16-440c-a3f0-f0918056a56b@group-CDCE57A2A640-LeaderElection95 PRE_VOTE round 0: submit vote requests at term 0 for -1: peers:[a0932215-df16-440c-a3f0-f0918056a56b|10.1.0.14:15522]|listeners:[], old=null
2023-12-28 09:10:45,125 [a0932215-df16-440c-a3f0-f0918056a56b@group-CDCE57A2A640-LeaderElection95] INFO  impl.LeaderElection (LeaderElection.java:askForVotes(325)) - a0932215-df16-440c-a3f0-f0918056a56b@group-CDCE57A2A640-LeaderElection95 PRE_VOTE round 0: result PASSED (term=0)
2023-12-28 09:10:45,126 [grpc-default-executor-6] INFO  server.RaftServer$Division (RaftServerImpl.java:requestVote(1377)) - d4ff55f6-7f98-4fff-b295-c0ac26278483@group-DED8B9E962E2: receive requestVote(PRE_VOTE, a0932215-df16-440c-a3f0-f0918056a56b, group-DED8B9E962E2, 0, (t:0, i:0))
2023-12-28 09:10:45,127 [grpc-default-executor-6] INFO  impl.VoteContext (VoteContext.java:log(49)) - d4ff55f6-7f98-4fff-b295-c0ac26278483@group-DED8B9E962E2-FOLLOWER: accept PRE_VOTE from a0932215-df16-440c-a3f0-f0918056a56b: our priority 0 <= candidate's priority 1
2023-12-28 09:10:45,127 [grpc-default-executor-6] INFO  server.RaftServer$Division (RaftServerImpl.java:requestVote(1410)) - d4ff55f6-7f98-4fff-b295-c0ac26278483@group-DED8B9E962E2 replies to PRE_VOTE vote request: a0932215-df16-440c-a3f0-f0918056a56b<-d4ff55f6-7f98-4fff-b295-c0ac26278483#0:OK-t0. Peer's state: d4ff55f6-7f98-4fff-b295-c0ac26278483@group-DED8B9E962E2:t0, leader=null, voted=, raftlog=Memoized:d4ff55f6-7f98-4fff-b295-c0ac26278483@group-DED8B9E962E2-SegmentedRaftLog:OPENED:c-1, conf=-1: peers:[a0932215-df16-440c-a3f0-f0918056a56b|10.1.0.14:15522, e5bd5207-4071-4a5b-ab67-86e23051c304|10.1.0.14:15513, d4ff55f6-7f98-4fff-b295-c0ac26278483|10.1.0.14:15531]|listeners:[], old=null
2023-12-28 09:10:45,127 [a0932215-df16-440c-a3f0-f0918056a56b@group-DED8B9E962E2-LeaderElection94] INFO  impl.LeaderElection (LeaderElection.java:logAndReturn(89)) - a0932215-df16-440c-a3f0-f0918056a56b@group-DED8B9E962E2-LeaderElection94: PRE_VOTE PASSED received 1 response(s) and 0 exception(s):
2023-12-28 09:10:45,127 [a0932215-df16-440c-a3f0-f0918056a56b@group-DED8B9E962E2-LeaderElection94] INFO  impl.LeaderElection (LeaderElection.java:logAndReturn(93)) -   Response 0: a0932215-df16-440c-a3f0-f0918056a56b<-e5bd5207-4071-4a5b-ab67-86e23051c304#0:OK-t0
2023-12-28 09:10:45,127 [a0932215-df16-440c-a3f0-f0918056a56b@group-DED8B9E962E2-LeaderElection94] INFO  impl.LeaderElection (LeaderElection.java:askForVotes(325)) - a0932215-df16-440c-a3f0-f0918056a56b@group-DED8B9E962E2-LeaderElection94 PRE_VOTE round 0: result PASSED
2023-12-28 09:10:45,128 [a0932215-df16-440c-a3f0-f0918056a56b@group-CDCE57A2A640-LeaderElection95] INFO  impl.LeaderElection (LeaderElection.java:askForVotes(323)) - a0932215-df16-440c-a3f0-f0918056a56b@group-CDCE57A2A640-LeaderElection95 ELECTION round 0: submit vote requests at term 1 for -1: peers:[a0932215-df16-440c-a3f0-f0918056a56b|10.1.0.14:15522]|listeners:[], old=null
2023-12-28 09:10:45,128 [a0932215-df16-440c-a3f0-f0918056a56b@group-CDCE57A2A640-LeaderElection95] INFO  impl.LeaderElection (LeaderElection.java:askForVotes(325)) - a0932215-df16-440c-a3f0-f0918056a56b@group-CDCE57A2A640-LeaderElection95 ELECTION round 0: result PASSED (term=1)
2023-12-28 09:10:45,128 [a0932215-df16-440c-a3f0-f0918056a56b@group-CDCE57A2A640-LeaderElection95] INFO  impl.RoleInfo (RoleInfo.java:shutdownLeaderElection(130)) - a0932215-df16-440c-a3f0-f0918056a56b: shutdown a0932215-df16-440c-a3f0-f0918056a56b@group-CDCE57A2A640-LeaderElection95
2023-12-28 09:10:45,129 [a0932215-df16-440c-a3f0-f0918056a56b@group-CDCE57A2A640-LeaderElection95] INFO  server.RaftServer$Division (RaftServerImpl.java:setRole(379)) - a0932215-df16-440c-a3f0-f0918056a56b@group-CDCE57A2A640: changes role from CANDIDATE to LEADER at term 1 for changeToLeader
2023-12-28 09:10:45,129 [a0932215-df16-440c-a3f0-f0918056a56b@group-CDCE57A2A640-LeaderElection95] INFO  server.RaftServerConfigKeys (ConfUtils.java:logGet(46)) - raft.server.staging.catchup.gap = 1000 (default)
2023-12-28 09:10:45,129 [a0932215-df16-440c-a3f0-f0918056a56b@group-CDCE57A2A640-LeaderElection95] INFO  server.RaftServerConfigKeys (ConfUtils.java:logGet(46)) - raft.server.write.element-limit = 1024 (custom)
2023-12-28 09:10:45,129 [a0932215-df16-440c-a3f0-f0918056a56b@group-CDCE57A2A640-LeaderElection95] INFO  server.RaftServerConfigKeys (ConfUtils.java:logGet(46)) - raft.server.write.byte-limit = 1024 M (=1073741824) (custom)
2023-12-28 09:10:45,129 [a0932215-df16-440c-a3f0-f0918056a56b@group-CDCE57A2A640-LeaderElection95] INFO  server.RaftServerConfigKeys (ConfUtils.java:logGet(46)) - raft.server.watch.timeout = 3000ms (custom)
2023-12-28 09:10:45,129 [a0932215-df16-440c-a3f0-f0918056a56b@group-CDCE57A2A640-LeaderElection95] INFO  server.RaftServerConfigKeys (ConfUtils.java:logGet(46)) - raft.server.watch.timeout.denomination = 1s (default)
2023-12-28 09:10:45,129 [a0932215-df16-440c-a3f0-f0918056a56b@group-CDCE57A2A640-LeaderElection95] INFO  server.RaftServerConfigKeys (ConfUtils.java:logGet(46)) - raft.server.watch.element-limit = 65536 (default)
2023-12-28 09:10:45,129 [a0932215-df16-440c-a3f0-f0918056a56b@group-CDCE57A2A640-LeaderElection95] INFO  server.RaftServerConfigKeys (ConfUtils.java:logGet(46)) - raft.server.read.leader.lease.enabled = false (default)
2023-12-28 09:10:45,129 [a0932215-df16-440c-a3f0-f0918056a56b@group-DED8B9E962E2-LeaderElection94] INFO  impl.LeaderElection (LeaderElection.java:askForVotes(323)) - a0932215-df16-440c-a3f0-f0918056a56b@group-DED8B9E962E2-LeaderElection94 ELECTION round 0: submit vote requests at term 1 for -1: peers:[a0932215-df16-440c-a3f0-f0918056a56b|10.1.0.14:15522, e5bd5207-4071-4a5b-ab67-86e23051c304|10.1.0.14:15513, d4ff55f6-7f98-4fff-b295-c0ac26278483|10.1.0.14:15531]|listeners:[], old=null
2023-12-28 09:10:45,129 [a0932215-df16-440c-a3f0-f0918056a56b@group-CDCE57A2A640-LeaderElection95] INFO  server.RaftServerConfigKeys (ConfUtils.java:logGet(46)) - raft.server.read.leader.lease.timeout.ratio = 0.9 (default)
2023-12-28 09:10:45,129 [a0932215-df16-440c-a3f0-f0918056a56b@group-CDCE57A2A640-LeaderElection95] INFO  server.RaftServerConfigKeys (ConfUtils.java:logGet(46)) - raft.server.rpc.timeout.min = 5s (custom)
2023-12-28 09:10:45,130 [a0932215-df16-440c-a3f0-f0918056a56b@group-CDCE57A2A640-LeaderElection95] INFO  server.RaftServerConfigKeys (ConfUtils.java:logGet(46)) - raft.server.write.element-limit = 1024 (custom)
2023-12-28 09:10:45,130 [a0932215-df16-440c-a3f0-f0918056a56b@group-CDCE57A2A640-LeaderElection95] INFO  server.RaftServerConfigKeys (ConfUtils.java:logGet(46)) - raft.server.write.follower.gap.ratio.max = -1.0 (default)
2023-12-28 09:10:45,130 [a0932215-df16-440c-a3f0-f0918056a56b@group-DED8B9E962E2-LeaderElection94] INFO  server.RaftServerConfigKeys (ConfUtils.java:logFallback(53)) - raft.server.rpc.first-election.timeout.min = 5s (fallback to raft.server.rpc.timeout.min)
2023-12-28 09:10:45,130 [a0932215-df16-440c-a3f0-f0918056a56b@group-CDCE57A2A640-LeaderElection95] INFO  impl.RoleInfo (RoleInfo.java:updateAndGet(139)) - a0932215-df16-440c-a3f0-f0918056a56b: start a0932215-df16-440c-a3f0-f0918056a56b@group-CDCE57A2A640-LeaderStateImpl
2023-12-28 09:10:45,130 [a0932215-df16-440c-a3f0-f0918056a56b@group-DED8B9E962E2-LeaderElection94] INFO  server.RaftServerConfigKeys (ConfUtils.java:logFallback(53)) - raft.server.rpc.first-election.timeout.max = 5200ms (fallback to raft.server.rpc.timeout.max)
2023-12-28 09:10:45,130 [a0932215-df16-440c-a3f0-f0918056a56b@group-CDCE57A2A640-LeaderElection95] INFO  server.RaftServer$Division (RaftServerImpl.java:setFirstElection(564)) - a0932215-df16-440c-a3f0-f0918056a56b@group-CDCE57A2A640: set firstElectionSinceStartup to false for becomeLeader
2023-12-28 09:10:45,130 [a0932215-df16-440c-a3f0-f0918056a56b@group-CDCE57A2A640-LeaderElection95] INFO  ratis.XceiverServerRatis (XceiverServerRatis.java:handleLeaderChangedNotification(935)) - Leader change notification received for group: group-CDCE57A2A640 with new leaderId: a0932215-df16-440c-a3f0-f0918056a56b
2023-12-28 09:10:45,130 [a0932215-df16-440c-a3f0-f0918056a56b@group-CDCE57A2A640-LeaderElection95] INFO  server.RaftServer$Division (ServerState.java:setLeader(265)) - a0932215-df16-440c-a3f0-f0918056a56b@group-CDCE57A2A640: change Leader from null to a0932215-df16-440c-a3f0-f0918056a56b at term 1 for becomeLeader, leader elected after 5170ms
2023-12-28 09:10:45,132 [a0932215-df16-440c-a3f0-f0918056a56b@group-CDCE57A2A640-LeaderElection95] INFO  segmented.SegmentedRaftLogWorker (SegmentedRaftLogWorker.java:startLogSegment(428)) - a0932215-df16-440c-a3f0-f0918056a56b@group-CDCE57A2A640-SegmentedRaftLogWorker: Starting segment from index:0
2023-12-28 09:10:45,133 [grpc-default-executor-2] INFO  server.RaftServer$Division (RaftServerImpl.java:requestVote(1377)) - d4ff55f6-7f98-4fff-b295-c0ac26278483@group-DED8B9E962E2: receive requestVote(ELECTION, a0932215-df16-440c-a3f0-f0918056a56b, group-DED8B9E962E2, 1, (t:0, i:0))
2023-12-28 09:10:45,134 [grpc-default-executor-2] INFO  impl.VoteContext (VoteContext.java:log(49)) - d4ff55f6-7f98-4fff-b295-c0ac26278483@group-DED8B9E962E2-FOLLOWER: accept ELECTION from a0932215-df16-440c-a3f0-f0918056a56b: our priority 0 <= candidate's priority 1
2023-12-28 09:10:45,134 [grpc-default-executor-2] INFO  server.RaftServer$Division (RaftServerImpl.java:setRole(379)) - d4ff55f6-7f98-4fff-b295-c0ac26278483@group-DED8B9E962E2: changes role from  FOLLOWER to FOLLOWER at term 1 for candidate:a0932215-df16-440c-a3f0-f0918056a56b
2023-12-28 09:10:45,134 [grpc-default-executor-2] INFO  impl.RoleInfo (RoleInfo.java:shutdownFollowerState(110)) - d4ff55f6-7f98-4fff-b295-c0ac26278483: shutdown d4ff55f6-7f98-4fff-b295-c0ac26278483@group-DED8B9E962E2-FollowerState
2023-12-28 09:10:45,134 [grpc-default-executor-2] INFO  impl.RoleInfo (RoleInfo.java:updateAndGet(139)) - d4ff55f6-7f98-4fff-b295-c0ac26278483: start d4ff55f6-7f98-4fff-b295-c0ac26278483@group-DED8B9E962E2-FollowerState
2023-12-28 09:10:45,134 [d4ff55f6-7f98-4fff-b295-c0ac26278483@group-DED8B9E962E2-FollowerState] INFO  impl.FollowerState (FollowerState.java:run(152)) - d4ff55f6-7f98-4fff-b295-c0ac26278483@group-DED8B9E962E2-FollowerState was interrupted
2023-12-28 09:10:45,134 [grpc-default-executor-2] INFO  server.RaftServer$Division (RaftServerImpl.java:setFirstElection(564)) - d4ff55f6-7f98-4fff-b295-c0ac26278483@group-DED8B9E962E2: set firstElectionSinceStartup to false for candidate:a0932215-df16-440c-a3f0-f0918056a56b
2023-12-28 09:10:45,134 [grpc-default-executor-6] INFO  server.RaftServer$Division (RaftServerImpl.java:requestVote(1377)) - e5bd5207-4071-4a5b-ab67-86e23051c304@group-DED8B9E962E2: receive requestVote(ELECTION, a0932215-df16-440c-a3f0-f0918056a56b, group-DED8B9E962E2, 1, (t:0, i:0))
2023-12-28 09:10:45,134 [grpc-default-executor-6] INFO  impl.VoteContext (VoteContext.java:log(49)) - e5bd5207-4071-4a5b-ab67-86e23051c304@group-DED8B9E962E2-FOLLOWER: accept ELECTION from a0932215-df16-440c-a3f0-f0918056a56b: our priority 0 <= candidate's priority 1
2023-12-28 09:10:45,135 [a0932215-df16-440c-a3f0-f0918056a56b@group-CDCE57A2A640-LeaderElection95] INFO  server.RaftServer$Division (ServerState.java:setRaftConf(382)) - a0932215-df16-440c-a3f0-f0918056a56b@group-CDCE57A2A640: set configuration 0: peers:[a0932215-df16-440c-a3f0-f0918056a56b|10.1.0.14:15522]|listeners:[], old=null
2023-12-28 09:10:45,135 [grpc-default-executor-6] INFO  server.RaftServer$Division (RaftServerImpl.java:setRole(379)) - e5bd5207-4071-4a5b-ab67-86e23051c304@group-DED8B9E962E2: changes role from  FOLLOWER to FOLLOWER at term 1 for candidate:a0932215-df16-440c-a3f0-f0918056a56b
2023-12-28 09:10:45,135 [grpc-default-executor-6] INFO  impl.RoleInfo (RoleInfo.java:shutdownFollowerState(110)) - e5bd5207-4071-4a5b-ab67-86e23051c304: shutdown e5bd5207-4071-4a5b-ab67-86e23051c304@group-DED8B9E962E2-FollowerState
2023-12-28 09:10:45,135 [grpc-default-executor-6] INFO  impl.RoleInfo (RoleInfo.java:updateAndGet(139)) - e5bd5207-4071-4a5b-ab67-86e23051c304: start e5bd5207-4071-4a5b-ab67-86e23051c304@group-DED8B9E962E2-FollowerState
2023-12-28 09:10:45,135 [e5bd5207-4071-4a5b-ab67-86e23051c304@group-DED8B9E962E2-FollowerState] INFO  impl.FollowerState (FollowerState.java:run(152)) - e5bd5207-4071-4a5b-ab67-86e23051c304@group-DED8B9E962E2-FollowerState was interrupted
2023-12-28 09:10:45,136 [grpc-default-executor-2] INFO  server.RaftServer$Division (RaftServerImpl.java:requestVote(1410)) - d4ff55f6-7f98-4fff-b295-c0ac26278483@group-DED8B9E962E2 replies to ELECTION vote request: a0932215-df16-440c-a3f0-f0918056a56b<-d4ff55f6-7f98-4fff-b295-c0ac26278483#0:OK-t1. Peer's state: d4ff55f6-7f98-4fff-b295-c0ac26278483@group-DED8B9E962E2:t1, leader=null, voted=a0932215-df16-440c-a3f0-f0918056a56b, raftlog=Memoized:d4ff55f6-7f98-4fff-b295-c0ac26278483@group-DED8B9E962E2-SegmentedRaftLog:OPENED:c-1, conf=-1: peers:[a0932215-df16-440c-a3f0-f0918056a56b|10.1.0.14:15522, e5bd5207-4071-4a5b-ab67-86e23051c304|10.1.0.14:15513, d4ff55f6-7f98-4fff-b295-c0ac26278483|10.1.0.14:15531]|listeners:[], old=null
2023-12-28 09:10:45,137 [a0932215-df16-440c-a3f0-f0918056a56b@group-DED8B9E962E2-LeaderElection94] INFO  impl.LeaderElection (LeaderElection.java:logAndReturn(89)) - a0932215-df16-440c-a3f0-f0918056a56b@group-DED8B9E962E2-LeaderElection94: ELECTION PASSED received 1 response(s) and 0 exception(s):
2023-12-28 09:10:45,137 [a0932215-df16-440c-a3f0-f0918056a56b@group-DED8B9E962E2-LeaderElection94] INFO  impl.LeaderElection (LeaderElection.java:logAndReturn(93)) -   Response 0: a0932215-df16-440c-a3f0-f0918056a56b<-d4ff55f6-7f98-4fff-b295-c0ac26278483#0:OK-t1
2023-12-28 09:10:45,137 [a0932215-df16-440c-a3f0-f0918056a56b@group-DED8B9E962E2-LeaderElection94] INFO  impl.LeaderElection (LeaderElection.java:askForVotes(325)) - a0932215-df16-440c-a3f0-f0918056a56b@group-DED8B9E962E2-LeaderElection94 ELECTION round 0: result PASSED
2023-12-28 09:10:45,137 [a0932215-df16-440c-a3f0-f0918056a56b@group-DED8B9E962E2-LeaderElection94] INFO  impl.RoleInfo (RoleInfo.java:shutdownLeaderElection(130)) - a0932215-df16-440c-a3f0-f0918056a56b: shutdown a0932215-df16-440c-a3f0-f0918056a56b@group-DED8B9E962E2-LeaderElection94
2023-12-28 09:10:45,137 [a0932215-df16-440c-a3f0-f0918056a56b@group-DED8B9E962E2-LeaderElection94] INFO  server.RaftServer$Division (RaftServerImpl.java:setRole(379)) - a0932215-df16-440c-a3f0-f0918056a56b@group-DED8B9E962E2: changes role from CANDIDATE to LEADER at term 1 for changeToLeader
2023-12-28 09:10:45,137 [a0932215-df16-440c-a3f0-f0918056a56b@group-DED8B9E962E2-LeaderElection94] INFO  server.RaftServerConfigKeys (ConfUtils.java:logGet(46)) - raft.server.staging.catchup.gap = 1000 (default)
2023-12-28 09:10:45,138 [a0932215-df16-440c-a3f0-f0918056a56b@group-DED8B9E962E2-LeaderElection94] INFO  server.RaftServerConfigKeys (ConfUtils.java:logGet(46)) - raft.server.write.element-limit = 1024 (custom)
2023-12-28 09:10:45,138 [a0932215-df16-440c-a3f0-f0918056a56b@group-DED8B9E962E2-LeaderElection94] INFO  server.RaftServerConfigKeys (ConfUtils.java:logGet(46)) - raft.server.write.byte-limit = 1024 M (=1073741824) (custom)
2023-12-28 09:10:45,138 [a0932215-df16-440c-a3f0-f0918056a56b@group-DED8B9E962E2-LeaderElection94] INFO  server.RaftServerConfigKeys (ConfUtils.java:logGet(46)) - raft.server.watch.timeout = 3000ms (custom)
2023-12-28 09:10:45,138 [a0932215-df16-440c-a3f0-f0918056a56b@group-DED8B9E962E2-LeaderElection94] INFO  server.RaftServerConfigKeys (ConfUtils.java:logGet(46)) - raft.server.watch.timeout.denomination = 1s (default)
2023-12-28 09:10:45,138 [a0932215-df16-440c-a3f0-f0918056a56b@group-DED8B9E962E2-LeaderElection94] INFO  server.RaftServerConfigKeys (ConfUtils.java:logGet(46)) - raft.server.watch.element-limit = 65536 (default)
2023-12-28 09:10:45,138 [a0932215-df16-440c-a3f0-f0918056a56b@group-DED8B9E962E2-LeaderElection94] INFO  server.RaftServerConfigKeys (ConfUtils.java:logGet(46)) - raft.server.read.leader.lease.enabled = false (default)
2023-12-28 09:10:45,138 [a0932215-df16-440c-a3f0-f0918056a56b@group-DED8B9E962E2-LeaderElection94] INFO  server.RaftServerConfigKeys (ConfUtils.java:logGet(46)) - raft.server.read.leader.lease.timeout.ratio = 0.9 (default)
2023-12-28 09:10:45,138 [a0932215-df16-440c-a3f0-f0918056a56b@group-DED8B9E962E2-LeaderElection94] INFO  server.RaftServerConfigKeys (ConfUtils.java:logGet(46)) - raft.server.rpc.timeout.min = 5s (custom)
2023-12-28 09:10:45,138 [a0932215-df16-440c-a3f0-f0918056a56b@group-DED8B9E962E2-LeaderElection94] INFO  server.RaftServerConfigKeys (ConfUtils.java:logGet(46)) - raft.server.write.element-limit = 1024 (custom)
2023-12-28 09:10:45,138 [a0932215-df16-440c-a3f0-f0918056a56b@group-DED8B9E962E2-LeaderElection94] INFO  server.RaftServerConfigKeys (ConfUtils.java:logGet(46)) - raft.server.write.follower.gap.ratio.max = -1.0 (default)
2023-12-28 09:10:45,138 [a0932215-df16-440c-a3f0-f0918056a56b@group-DED8B9E962E2-LeaderElection94] INFO  server.RaftServerConfigKeys (ConfUtils.java:logGet(46)) - raft.server.log.appender.snapshot.chunk.size.max = 16MB (=16777216) (default)
2023-12-28 09:10:45,138 [a0932215-df16-440c-a3f0-f0918056a56b@group-DED8B9E962E2-LeaderElection94] INFO  server.RaftServerConfigKeys (ConfUtils.java:logGet(46)) - raft.server.log.appender.buffer.byte-limit = 8388608 (custom)
2023-12-28 09:10:45,138 [a0932215-df16-440c-a3f0-f0918056a56b@group-DED8B9E962E2-LeaderElection94] INFO  server.RaftServerConfigKeys (ConfUtils.java:logGet(46)) - raft.server.log.appender.buffer.element-limit = 1 (custom)
2023-12-28 09:10:45,139 [a0932215-df16-440c-a3f0-f0918056a56b@group-DED8B9E962E2-LeaderElection94] INFO  server.RaftServerConfigKeys (ConfUtils.java:logGet(46)) - raft.server.log.appender.wait-time.min = 0ms (custom)
2023-12-28 09:10:45,139 [a0932215-df16-440c-a3f0-f0918056a56b@group-DED8B9E962E2-LeaderElection94] INFO  grpc.GrpcConfigKeys (ConfUtils.java:logGet(46)) - raft.grpc.server.leader.outstanding.appends.max = 8 (default)
2023-12-28 09:10:45,139 [a0932215-df16-440c-a3f0-f0918056a56b@group-DED8B9E962E2-LeaderElection94] INFO  server.RaftServerConfigKeys (ConfUtils.java:logGet(46)) - raft.server.rpc.request.timeout = 3000ms (default)
2023-12-28 09:10:45,139 [a0932215-df16-440c-a3f0-f0918056a56b@group-DED8B9E962E2-LeaderElection94] INFO  grpc.GrpcConfigKeys (ConfUtils.java:logGet(46)) - raft.grpc.server.install_snapshot.request.element-limit = 8 (default)
2023-12-28 09:10:45,139 [a0932215-df16-440c-a3f0-f0918056a56b@group-DED8B9E962E2-LeaderElection94] INFO  grpc.GrpcConfigKeys (ConfUtils.java:logGet(46)) - raft.grpc.server.install_snapshot.request.timeout = 3000ms (default)
2023-12-28 09:10:45,139 [a0932215-df16-440c-a3f0-f0918056a56b@group-DED8B9E962E2-LeaderElection94] INFO  server.RaftServerConfigKeys (ConfUtils.java:logGet(46)) - raft.server.log.appender.install.snapshot.enabled = false (custom)
2023-12-28 09:10:45,139 [a0932215-df16-440c-a3f0-f0918056a56b@group-DED8B9E962E2-LeaderElection94] INFO  grpc.GrpcConfigKeys (ConfUtils.java:logGet(46)) - raft.grpc.server.heartbeat.channel = true (default)
2023-12-28 09:10:45,140 [a0932215-df16-440c-a3f0-f0918056a56b@group-DED8B9E962E2-LeaderElection94] INFO  server.RaftServerConfigKeys (ConfUtils.java:logGet(46)) - raft.server.log.appender.snapshot.chunk.size.max = 16MB (=16777216) (default)
2023-12-28 09:10:45,140 [a0932215-df16-440c-a3f0-f0918056a56b@group-DED8B9E962E2-LeaderElection94] INFO  server.RaftServerConfigKeys (ConfUtils.java:logGet(46)) - raft.server.log.appender.buffer.byte-limit = 8388608 (custom)
2023-12-28 09:10:45,140 [a0932215-df16-440c-a3f0-f0918056a56b@group-DED8B9E962E2-LeaderElection94] INFO  server.RaftServerConfigKeys (ConfUtils.java:logGet(46)) - raft.server.log.appender.buffer.element-limit = 1 (custom)
2023-12-28 09:10:45,140 [a0932215-df16-440c-a3f0-f0918056a56b@group-DED8B9E962E2-LeaderElection94] INFO  server.RaftServerConfigKeys (ConfUtils.java:logGet(46)) - raft.server.log.appender.wait-time.min = 0ms (custom)
2023-12-28 09:10:45,140 [a0932215-df16-440c-a3f0-f0918056a56b@group-DED8B9E962E2-LeaderElection94] INFO  grpc.GrpcConfigKeys (ConfUtils.java:logGet(46)) - raft.grpc.server.leader.outstanding.appends.max = 8 (default)
2023-12-28 09:10:45,140 [a0932215-df16-440c-a3f0-f0918056a56b@group-DED8B9E962E2-LeaderElection94] INFO  server.RaftServerConfigKeys (ConfUtils.java:logGet(46)) - raft.server.rpc.request.timeout = 3000ms (default)
2023-12-28 09:10:45,140 [a0932215-df16-440c-a3f0-f0918056a56b@group-DED8B9E962E2-LeaderElection94] INFO  grpc.GrpcConfigKeys (ConfUtils.java:logGet(46)) - raft.grpc.server.install_snapshot.request.element-limit = 8 (default)
2023-12-28 09:10:45,140 [a0932215-df16-440c-a3f0-f0918056a56b@group-DED8B9E962E2-LeaderElection94] INFO  grpc.GrpcConfigKeys (ConfUtils.java:logGet(46)) - raft.grpc.server.install_snapshot.request.timeout = 3000ms (default)
2023-12-28 09:10:45,141 [a0932215-df16-440c-a3f0-f0918056a56b@group-DED8B9E962E2-LeaderElection94] INFO  server.RaftServerConfigKeys (ConfUtils.java:logGet(46)) - raft.server.log.appender.install.snapshot.enabled = false (custom)
2023-12-28 09:10:45,141 [grpc-default-executor-6] INFO  server.RaftServer$Division (RaftServerImpl.java:requestVote(1410)) - e5bd5207-4071-4a5b-ab67-86e23051c304@group-DED8B9E962E2 replies to ELECTION vote request: a0932215-df16-440c-a3f0-f0918056a56b<-e5bd5207-4071-4a5b-ab67-86e23051c304#0:OK-t1. Peer's state: e5bd5207-4071-4a5b-ab67-86e23051c304@group-DED8B9E962E2:t1, leader=null, voted=a0932215-df16-440c-a3f0-f0918056a56b, raftlog=Memoized:e5bd5207-4071-4a5b-ab67-86e23051c304@group-DED8B9E962E2-SegmentedRaftLog:OPENED:c-1, conf=-1: peers:[a0932215-df16-440c-a3f0-f0918056a56b|10.1.0.14:15522, e5bd5207-4071-4a5b-ab67-86e23051c304|10.1.0.14:15513, d4ff55f6-7f98-4fff-b295-c0ac26278483|10.1.0.14:15531]|listeners:[], old=null
2023-12-28 09:10:45,141 [a0932215-df16-440c-a3f0-f0918056a56b@group-DED8B9E962E2-LeaderElection94] INFO  grpc.GrpcConfigKeys (ConfUtils.java:logGet(46)) - raft.grpc.server.heartbeat.channel = true (default)
2023-12-28 09:10:45,141 [a0932215-df16-440c-a3f0-f0918056a56b@group-CDCE57A2A640-SegmentedRaftLogWorker] INFO  segmented.SegmentedRaftLogWorker (SegmentedRaftLogWorker.java:execute(632)) - a0932215-df16-440c-a3f0-f0918056a56b@group-CDCE57A2A640-SegmentedRaftLogWorker: created new log segment /home/runner/work/ozone/ozone/hadoop-ozone/integration-test/target/test-dir/MiniOzoneClusterImpl-11b76480-f5fe-46c6-962b-c791e86a534f/datanode-7/data/ratis/5f853f62-b0b2-4105-b5fe-cdce57a2a640/current/log_inprogress_0
2023-12-28 09:10:45,141 [a0932215-df16-440c-a3f0-f0918056a56b@group-DED8B9E962E2-LeaderElection94] INFO  impl.RoleInfo (RoleInfo.java:updateAndGet(139)) - a0932215-df16-440c-a3f0-f0918056a56b: start a0932215-df16-440c-a3f0-f0918056a56b@group-DED8B9E962E2-LeaderStateImpl
2023-12-28 09:10:45,141 [a0932215-df16-440c-a3f0-f0918056a56b@group-DED8B9E962E2-LeaderElection94] INFO  server.RaftServer$Division (RaftServerImpl.java:setFirstElection(564)) - a0932215-df16-440c-a3f0-f0918056a56b@group-DED8B9E962E2: set firstElectionSinceStartup to false for becomeLeader
2023-12-28 09:10:45,141 [a0932215-df16-440c-a3f0-f0918056a56b@group-DED8B9E962E2-LeaderElection94] INFO  ratis.XceiverServerRatis (XceiverServerRatis.java:handleLeaderChangedNotification(935)) - Leader change notification received for group: group-DED8B9E962E2 with new leaderId: a0932215-df16-440c-a3f0-f0918056a56b
2023-12-28 09:10:45,142 [a0932215-df16-440c-a3f0-f0918056a56b@group-DED8B9E962E2-LeaderElection94] INFO  server.RaftServer$Division (ServerState.java:setLeader(265)) - a0932215-df16-440c-a3f0-f0918056a56b@group-DED8B9E962E2: change Leader from null to a0932215-df16-440c-a3f0-f0918056a56b at term 1 for becomeLeader, leader elected after 5234ms
2023-12-28 09:10:45,142 [a0932215-df16-440c-a3f0-f0918056a56b@group-CDCE57A2A640-StateMachineUpdater] INFO  server.RaftServer$Division (LeaderStateImpl.java:isApplied(316)) - leader is ready since appliedIndex == 0 >= startIndex == 0
2023-12-28 09:10:45,142 [a0932215-df16-440c-a3f0-f0918056a56b@group-DED8B9E962E2-LeaderElection94] INFO  segmented.SegmentedRaftLogWorker (SegmentedRaftLogWorker.java:startLogSegment(428)) - a0932215-df16-440c-a3f0-f0918056a56b@group-DED8B9E962E2-SegmentedRaftLogWorker: Starting segment from index:0
2023-12-28 09:10:45,143 [a0932215-df16-440c-a3f0-f0918056a56b@group-DED8B9E962E2-LeaderElection94] INFO  server.RaftServer$Division (ServerState.java:setRaftConf(382)) - a0932215-df16-440c-a3f0-f0918056a56b@group-DED8B9E962E2: set configuration 0: peers:[a0932215-df16-440c-a3f0-f0918056a56b|10.1.0.14:15522, e5bd5207-4071-4a5b-ab67-86e23051c304|10.1.0.14:15513, d4ff55f6-7f98-4fff-b295-c0ac26278483|10.1.0.14:15531]|listeners:[], old=null
2023-12-28 09:10:45,147 [EventQueue-PipelineReportForPipelineReportHandler] INFO  pipeline.PipelineReportHandler (PipelineReportHandler.java:processPipelineReport(136)) - Opened pipeline PipelineID=7ca9c5f4-69b5-4390-bd30-ded8b9e962e2
2023-12-28 09:10:45,148 [d4ff55f6-7f98-4fff-b295-c0ac26278483-server-thread1] INFO  ratis.XceiverServerRatis (XceiverServerRatis.java:handleLeaderChangedNotification(935)) - Leader change notification received for group: group-DED8B9E962E2 with new leaderId: a0932215-df16-440c-a3f0-f0918056a56b
2023-12-28 09:10:45,148 [d4ff55f6-7f98-4fff-b295-c0ac26278483-server-thread1] INFO  server.RaftServer$Division (ServerState.java:setLeader(265)) - d4ff55f6-7f98-4fff-b295-c0ac26278483@group-DED8B9E962E2: change Leader from null to a0932215-df16-440c-a3f0-f0918056a56b at term 1 for appendEntries, leader elected after 5224ms
2023-12-28 09:10:45,150 [a0932215-df16-440c-a3f0-f0918056a56b@group-DED8B9E962E2-SegmentedRaftLogWorker] INFO  segmented.SegmentedRaftLogWorker (SegmentedRaftLogWorker.java:execute(632)) - a0932215-df16-440c-a3f0-f0918056a56b@group-DED8B9E962E2-SegmentedRaftLogWorker: created new log segment /home/runner/work/ozone/ozone/hadoop-ozone/integration-test/target/test-dir/MiniOzoneClusterImpl-11b76480-f5fe-46c6-962b-c791e86a534f/datanode-7/data/ratis/7ca9c5f4-69b5-4390-bd30-ded8b9e962e2/current/log_inprogress_0
2023-12-28 09:10:45,157 [d4ff55f6-7f98-4fff-b295-c0ac26278483-server-thread2] INFO  server.RaftServer$Division (ServerState.java:setRaftConf(382)) - d4ff55f6-7f98-4fff-b295-c0ac26278483@group-DED8B9E962E2: set configuration 0: peers:[a0932215-df16-440c-a3f0-f0918056a56b|10.1.0.14:15522, e5bd5207-4071-4a5b-ab67-86e23051c304|10.1.0.14:15513, d4ff55f6-7f98-4fff-b295-c0ac26278483|10.1.0.14:15531]|listeners:[], old=null
2023-12-28 09:10:45,157 [d4ff55f6-7f98-4fff-b295-c0ac26278483-server-thread2] INFO  segmented.SegmentedRaftLogWorker (SegmentedRaftLogWorker.java:startLogSegment(428)) - d4ff55f6-7f98-4fff-b295-c0ac26278483@group-DED8B9E962E2-SegmentedRaftLogWorker: Starting segment from index:0
2023-12-28 09:10:45,160 [e5bd5207-4071-4a5b-ab67-86e23051c304-server-thread1] INFO  ratis.XceiverServerRatis (XceiverServerRatis.java:handleLeaderChangedNotification(935)) - Leader change notification received for group: group-DED8B9E962E2 with new leaderId: a0932215-df16-440c-a3f0-f0918056a56b
2023-12-28 09:10:45,160 [e5bd5207-4071-4a5b-ab67-86e23051c304-server-thread1] INFO  server.RaftServer$Division (ServerState.java:setLeader(265)) - e5bd5207-4071-4a5b-ab67-86e23051c304@group-DED8B9E962E2: change Leader from null to a0932215-df16-440c-a3f0-f0918056a56b at term 1 for appendEntries, leader elected after 5270ms
2023-12-28 09:10:45,161 [e5bd5207-4071-4a5b-ab67-86e23051c304-server-thread3] INFO  server.RaftServer$Division (ServerState.java:setRaftConf(382)) - e5bd5207-4071-4a5b-ab67-86e23051c304@group-DED8B9E962E2: set configuration 0: peers:[a0932215-df16-440c-a3f0-f0918056a56b|10.1.0.14:15522, e5bd5207-4071-4a5b-ab67-86e23051c304|10.1.0.14:15513, d4ff55f6-7f98-4fff-b295-c0ac26278483|10.1.0.14:15531]|listeners:[], old=null
2023-12-28 09:10:45,161 [e5bd5207-4071-4a5b-ab67-86e23051c304-server-thread3] INFO  segmented.SegmentedRaftLogWorker (SegmentedRaftLogWorker.java:startLogSegment(428)) - e5bd5207-4071-4a5b-ab67-86e23051c304@group-DED8B9E962E2-SegmentedRaftLogWorker: Starting segment from index:0
2023-12-28 09:10:45,165 [d4ff55f6-7f98-4fff-b295-c0ac26278483@group-DED8B9E962E2-SegmentedRaftLogWorker] INFO  segmented.SegmentedRaftLogWorker (SegmentedRaftLogWorker.java:execute(632)) - d4ff55f6-7f98-4fff-b295-c0ac26278483@group-DED8B9E962E2-SegmentedRaftLogWorker: created new log segment /home/runner/work/ozone/ozone/hadoop-ozone/integration-test/target/test-dir/MiniOzoneClusterImpl-11b76480-f5fe-46c6-962b-c791e86a534f/datanode-8/data/ratis/7ca9c5f4-69b5-4390-bd30-ded8b9e962e2/current/log_inprogress_0
2023-12-28 09:10:45,166 [a0932215-df16-440c-a3f0-f0918056a56b@group-DED8B9E962E2-StateMachineUpdater] INFO  server.RaftServer$Division (LeaderStateImpl.java:isApplied(316)) - leader is ready since appliedIndex == 0 >= startIndex == 0
2023-12-28 09:10:45,170 [e5bd5207-4071-4a5b-ab67-86e23051c304@group-DED8B9E962E2-SegmentedRaftLogWorker] INFO  segmented.SegmentedRaftLogWorker (SegmentedRaftLogWorker.java:execute(632)) - e5bd5207-4071-4a5b-ab67-86e23051c304@group-DED8B9E962E2-SegmentedRaftLogWorker: created new log segment /home/runner/work/ozone/ozone/hadoop-ozone/integration-test/target/test-dir/MiniOzoneClusterImpl-11b76480-f5fe-46c6-962b-c791e86a534f/datanode-6/data/ratis/7ca9c5f4-69b5-4390-bd30-ded8b9e962e2/current/log_inprogress_0
2023-12-28 09:10:45,246 [d4ff55f6-7f98-4fff-b295-c0ac26278483@group-30A1335DFB64-FollowerState] INFO  impl.FollowerState (FollowerState.java:run(143)) - d4ff55f6-7f98-4fff-b295-c0ac26278483@group-30A1335DFB64-FollowerState: change to CANDIDATE, lastRpcElapsedTime:5195347133ns, electionTimeout:5195ms
2023-12-28 09:10:45,246 [d4ff55f6-7f98-4fff-b295-c0ac26278483@group-30A1335DFB64-FollowerState] INFO  impl.RoleInfo (RoleInfo.java:shutdownFollowerState(110)) - d4ff55f6-7f98-4fff-b295-c0ac26278483: shutdown d4ff55f6-7f98-4fff-b295-c0ac26278483@group-30A1335DFB64-FollowerState
2023-12-28 09:10:45,246 [d4ff55f6-7f98-4fff-b295-c0ac26278483@group-30A1335DFB64-FollowerState] INFO  server.RaftServer$Division (RaftServerImpl.java:setRole(379)) - d4ff55f6-7f98-4fff-b295-c0ac26278483@group-30A1335DFB64: changes role from  FOLLOWER to CANDIDATE at term 0 for changeToCandidate
2023-12-28 09:10:45,246 [d4ff55f6-7f98-4fff-b295-c0ac26278483@group-30A1335DFB64-FollowerState] INFO  server.RaftServerConfigKeys (ConfUtils.java:logGet(46)) - raft.server.leaderelection.pre-vote = true (default)
2023-12-28 09:10:45,246 [d4ff55f6-7f98-4fff-b295-c0ac26278483@group-30A1335DFB64-FollowerState] INFO  impl.RoleInfo (RoleInfo.java:updateAndGet(139)) - d4ff55f6-7f98-4fff-b295-c0ac26278483: start d4ff55f6-7f98-4fff-b295-c0ac26278483@group-30A1335DFB64-LeaderElection96
2023-12-28 09:10:45,247 [d4ff55f6-7f98-4fff-b295-c0ac26278483@group-30A1335DFB64-LeaderElection96] INFO  impl.LeaderElection (LeaderElection.java:askForVotes(323)) - d4ff55f6-7f98-4fff-b295-c0ac26278483@group-30A1335DFB64-LeaderElection96 PRE_VOTE round 0: submit vote requests at term 0 for -1: peers:[d4ff55f6-7f98-4fff-b295-c0ac26278483|10.1.0.14:15531]|listeners:[], old=null
2023-12-28 09:10:45,247 [d4ff55f6-7f98-4fff-b295-c0ac26278483@group-30A1335DFB64-LeaderElection96] INFO  impl.LeaderElection (LeaderElection.java:askForVotes(325)) - d4ff55f6-7f98-4fff-b295-c0ac26278483@group-30A1335DFB64-LeaderElection96 PRE_VOTE round 0: result PASSED (term=0)
2023-12-28 09:10:45,248 [d4ff55f6-7f98-4fff-b295-c0ac26278483@group-30A1335DFB64-LeaderElection96] INFO  impl.LeaderElection (LeaderElection.java:askForVotes(323)) - d4ff55f6-7f98-4fff-b295-c0ac26278483@group-30A1335DFB64-LeaderElection96 ELECTION round 0: submit vote requests at term 1 for -1: peers:[d4ff55f6-7f98-4fff-b295-c0ac26278483|10.1.0.14:15531]|listeners:[], old=null
2023-12-28 09:10:45,248 [d4ff55f6-7f98-4fff-b295-c0ac26278483@group-30A1335DFB64-LeaderElection96] INFO  impl.LeaderElection (LeaderElection.java:askForVotes(325)) - d4ff55f6-7f98-4fff-b295-c0ac26278483@group-30A1335DFB64-LeaderElection96 ELECTION round 0: result PASSED (term=1)
2023-12-28 09:10:45,248 [d4ff55f6-7f98-4fff-b295-c0ac26278483@group-30A1335DFB64-LeaderElection96] INFO  impl.RoleInfo (RoleInfo.java:shutdownLeaderElection(130)) - d4ff55f6-7f98-4fff-b295-c0ac26278483: shutdown d4ff55f6-7f98-4fff-b295-c0ac26278483@group-30A1335DFB64-LeaderElection96
2023-12-28 09:10:45,248 [d4ff55f6-7f98-4fff-b295-c0ac26278483@group-30A1335DFB64-LeaderElection96] INFO  server.RaftServer$Division (RaftServerImpl.java:setRole(379)) - d4ff55f6-7f98-4fff-b295-c0ac26278483@group-30A1335DFB64: changes role from CANDIDATE to LEADER at term 1 for changeToLeader
2023-12-28 09:10:45,248 [d4ff55f6-7f98-4fff-b295-c0ac26278483@group-30A1335DFB64-LeaderElection96] INFO  server.RaftServerConfigKeys (ConfUtils.java:logGet(46)) - raft.server.staging.catchup.gap = 1000 (default)
2023-12-28 09:10:45,249 [d4ff55f6-7f98-4fff-b295-c0ac26278483@group-30A1335DFB64-LeaderElection96] INFO  server.RaftServerConfigKeys (ConfUtils.java:logGet(46)) - raft.server.write.element-limit = 1024 (custom)
2023-12-28 09:10:45,249 [d4ff55f6-7f98-4fff-b295-c0ac26278483@group-30A1335DFB64-LeaderElection96] INFO  server.RaftServerConfigKeys (ConfUtils.java:logGet(46)) - raft.server.write.byte-limit = 1024 M (=1073741824) (custom)
2023-12-28 09:10:45,249 [d4ff55f6-7f98-4fff-b295-c0ac26278483@group-30A1335DFB64-LeaderElection96] INFO  server.RaftServerConfigKeys (ConfUtils.java:logGet(46)) - raft.server.watch.timeout = 3000ms (custom)
2023-12-28 09:10:45,249 [d4ff55f6-7f98-4fff-b295-c0ac26278483@group-30A1335DFB64-LeaderElection96] INFO  server.RaftServerConfigKeys (ConfUtils.java:logGet(46)) - raft.server.watch.timeout.denomination = 1s (default)
2023-12-28 09:10:45,249 [d4ff55f6-7f98-4fff-b295-c0ac26278483@group-30A1335DFB64-LeaderElection96] INFO  server.RaftServerConfigKeys (ConfUtils.java:logGet(46)) - raft.server.watch.element-limit = 65536 (default)
2023-12-28 09:10:45,249 [d4ff55f6-7f98-4fff-b295-c0ac26278483@group-30A1335DFB64-LeaderElection96] INFO  server.RaftServerConfigKeys (ConfUtils.java:logGet(46)) - raft.server.read.leader.lease.enabled = false (default)
2023-12-28 09:10:45,249 [d4ff55f6-7f98-4fff-b295-c0ac26278483@group-30A1335DFB64-LeaderElection96] INFO  server.RaftServerConfigKeys (ConfUtils.java:logGet(46)) - raft.server.read.leader.lease.timeout.ratio = 0.9 (default)
2023-12-28 09:10:45,249 [d4ff55f6-7f98-4fff-b295-c0ac26278483@group-30A1335DFB64-LeaderElection96] INFO  server.RaftServerConfigKeys (ConfUtils.java:logGet(46)) - raft.server.rpc.timeout.min = 5s (custom)
2023-12-28 09:10:45,249 [d4ff55f6-7f98-4fff-b295-c0ac26278483@group-30A1335DFB64-LeaderElection96] INFO  server.RaftServerConfigKeys (ConfUtils.java:logGet(46)) - raft.server.write.element-limit = 1024 (custom)
2023-12-28 09:10:45,249 [d4ff55f6-7f98-4fff-b295-c0ac26278483@group-30A1335DFB64-LeaderElection96] INFO  server.RaftServerConfigKeys (ConfUtils.java:logGet(46)) - raft.server.write.follower.gap.ratio.max = -1.0 (default)
2023-12-28 09:10:45,249 [d4ff55f6-7f98-4fff-b295-c0ac26278483@group-30A1335DFB64-LeaderElection96] INFO  impl.RoleInfo (RoleInfo.java:updateAndGet(139)) - d4ff55f6-7f98-4fff-b295-c0ac26278483: start d4ff55f6-7f98-4fff-b295-c0ac26278483@group-30A1335DFB64-LeaderStateImpl
2023-12-28 09:10:45,249 [d4ff55f6-7f98-4fff-b295-c0ac26278483@group-30A1335DFB64-LeaderElection96] INFO  server.RaftServer$Division (RaftServerImpl.java:setFirstElection(564)) - d4ff55f6-7f98-4fff-b295-c0ac26278483@group-30A1335DFB64: set firstElectionSinceStartup to false for becomeLeader
2023-12-28 09:10:45,249 [d4ff55f6-7f98-4fff-b295-c0ac26278483@group-30A1335DFB64-LeaderElection96] INFO  ratis.XceiverServerRatis (XceiverServerRatis.java:handleLeaderChangedNotification(935)) - Leader change notification received for group: group-30A1335DFB64 with new leaderId: d4ff55f6-7f98-4fff-b295-c0ac26278483
2023-12-28 09:10:45,249 [d4ff55f6-7f98-4fff-b295-c0ac26278483@group-30A1335DFB64-LeaderElection96] INFO  server.RaftServer$Division (ServerState.java:setLeader(265)) - d4ff55f6-7f98-4fff-b295-c0ac26278483@group-30A1335DFB64: change Leader from null to d4ff55f6-7f98-4fff-b295-c0ac26278483 at term 1 for becomeLeader, leader elected after 5207ms
2023-12-28 09:10:45,250 [d4ff55f6-7f98-4fff-b295-c0ac26278483@group-30A1335DFB64-LeaderElection96] INFO  segmented.SegmentedRaftLogWorker (SegmentedRaftLogWorker.java:startLogSegment(428)) - d4ff55f6-7f98-4fff-b295-c0ac26278483@group-30A1335DFB64-SegmentedRaftLogWorker: Starting segment from index:0
2023-12-28 09:10:45,250 [d4ff55f6-7f98-4fff-b295-c0ac26278483@group-30A1335DFB64-LeaderElection96] INFO  server.RaftServer$Division (ServerState.java:setRaftConf(382)) - d4ff55f6-7f98-4fff-b295-c0ac26278483@group-30A1335DFB64: set configuration 0: peers:[d4ff55f6-7f98-4fff-b295-c0ac26278483|10.1.0.14:15531]|listeners:[], old=null
2023-12-28 09:10:45,257 [d4ff55f6-7f98-4fff-b295-c0ac26278483@group-30A1335DFB64-SegmentedRaftLogWorker] INFO  segmented.SegmentedRaftLogWorker (SegmentedRaftLogWorker.java:execute(632)) - d4ff55f6-7f98-4fff-b295-c0ac26278483@group-30A1335DFB64-SegmentedRaftLogWorker: created new log segment /home/runner/work/ozone/ozone/hadoop-ozone/integration-test/target/test-dir/MiniOzoneClusterImpl-11b76480-f5fe-46c6-962b-c791e86a534f/datanode-8/data/ratis/b6c09c59-7e05-4d6a-8ff6-30a1335dfb64/current/log_inprogress_0
2023-12-28 09:10:45,257 [d4ff55f6-7f98-4fff-b295-c0ac26278483@group-30A1335DFB64-StateMachineUpdater] INFO  server.RaftServer$Division (LeaderStateImpl.java:isApplied(316)) - leader is ready since appliedIndex == 0 >= startIndex == 0
2023-12-28 09:10:45,676 [7bf28275-35a3-4339-bf85-2ac062f1a076-impl-thread2] INFO  segmented.SegmentedRaftLogWorker (SegmentedRaftLogWorker.java:close(243)) - 7bf28275-35a3-4339-bf85-2ac062f1a076@group-CEFACA0475BC-SegmentedRaftLogWorker close()
2023-12-28 09:10:46,098 [7bf28275-35a3-4339-bf85-2ac062f1a076-impl-thread1] INFO  segmented.SegmentedRaftLogWorker (SegmentedRaftLogWorker.java:close(243)) - 7bf28275-35a3-4339-bf85-2ac062f1a076@group-54DEAA79E54E-SegmentedRaftLogWorker close()
2023-12-28 09:10:46,101 [JvmPauseMonitor60] INFO  util.JvmPauseMonitor (JvmPauseMonitor.java:run(152)) - JvmPauseMonitor-7bf28275-35a3-4339-bf85-2ac062f1a076: Stopped
2023-12-28 09:10:47,599 [grpc-default-executor-4] WARN  server.GrpcLogAppender (LogUtils.java:warn(121)) - d986c04d-7a68-472d-88d2-fc056c6b4cf5@group-54DEAA79E54E->7bf28275-35a3-4339-bf85-2ac062f1a076-AppendLogResponseHandler: Failed appendEntries: org.apache.ratis.thirdparty.io.grpc.StatusRuntimeException: UNAVAILABLE: io exception
2023-12-28 09:10:47,600 [grpc-default-executor-4] WARN  server.GrpcLogAppender (GrpcLogAppender.java:resetClient(140)) - d986c04d-7a68-472d-88d2-fc056c6b4cf5@group-54DEAA79E54E->7bf28275-35a3-4339-bf85-2ac062f1a076-GrpcLogAppender: Follower failed and request == null,  keep nextIndex (3) unchanged and retry.
2023-12-28 09:10:47,600 [grpc-default-executor-2] WARN  server.GrpcLogAppender (LogUtils.java:warn(121)) - d986c04d-7a68-472d-88d2-fc056c6b4cf5@group-54DEAA79E54E->7bf28275-35a3-4339-bf85-2ac062f1a076-AppendLogResponseHandler: Failed appendEntries: org.apache.ratis.thirdparty.io.grpc.StatusRuntimeException: UNAVAILABLE: io exception
2023-12-28 09:10:47,600 [grpc-default-executor-2] WARN  server.GrpcLogAppender (GrpcLogAppender.java:resetClient(140)) - d986c04d-7a68-472d-88d2-fc056c6b4cf5@group-54DEAA79E54E->7bf28275-35a3-4339-bf85-2ac062f1a076-GrpcLogAppender: Follower failed and request == null,  keep nextIndex (3) unchanged and retry.
2023-12-28 09:10:48,104 [main] INFO  utils.DatanodeStoreCache (DatanodeStoreCache.java:shutdownCache(110)) - Skip clearing cache in mini cluster mode. Entries left: [/home/runner/work/ozone/ozone/hadoop-ozone/integration-test/target/test-dir/MiniOzoneClusterImpl-11b76480-f5fe-46c6-962b-c791e86a534f/datanode-0/data-0/containers/hdds/11b76480-f5fe-46c6-962b-c791e86a534f/DS-664e9bc8-74f7-499c-826a-cb53bba4f136/container.db, /home/runner/work/ozone/ozone/hadoop-ozone/integration-test/target/test-dir/MiniOzoneClusterImpl-11b76480-f5fe-46c6-962b-c791e86a534f/datanode-1/data-0/containers/hdds/11b76480-f5fe-46c6-962b-c791e86a534f/DS-5833430f-b3ed-43d1-ab19-95c654dbb9b2/container.db, /home/runner/work/ozone/ozone/hadoop-ozone/integration-test/target/test-dir/MiniOzoneClusterImpl-11b76480-f5fe-46c6-962b-c791e86a534f/datanode-2/data-0/containers/hdds/11b76480-f5fe-46c6-962b-c791e86a534f/DS-eca9b806-3960-425e-8832-eecce54d1d6b/container.db, /home/runner/work/ozone/ozone/hadoop-ozone/integration-test/target/test-dir/MiniOzoneClusterImpl-11b76480-f5fe-46c6-962b-c791e86a534f/datanode-3/data-0/containers/hdds/11b76480-f5fe-46c6-962b-c791e86a534f/DS-dd156ebd-f13e-4cd8-8f3f-4810a90b0f2f/container.db, /home/runner/work/ozone/ozone/hadoop-ozone/integration-test/target/test-dir/MiniOzoneClusterImpl-11b76480-f5fe-46c6-962b-c791e86a534f/datanode-4/data-0/containers/hdds/11b76480-f5fe-46c6-962b-c791e86a534f/DS-9e617643-23f8-48ca-acb5-5fa7008a4585/container.db, /home/runner/work/ozone/ozone/hadoop-ozone/integration-test/target/test-dir/MiniOzoneClusterImpl-11b76480-f5fe-46c6-962b-c791e86a534f/datanode-5/data-0/containers/hdds/11b76480-f5fe-46c6-962b-c791e86a534f/DS-5f88fbbb-1303-4f52-a8d6-625707989f6e/container.db, /home/runner/work/ozone/ozone/hadoop-ozone/integration-test/target/test-dir/MiniOzoneClusterImpl-11b76480-f5fe-46c6-962b-c791e86a534f/datanode-6/data-0/containers/hdds/11b76480-f5fe-46c6-962b-c791e86a534f/DS-cddbadc9-5d7d-4c94-b3e1-4f1495c3ad24/container.db, /home/runner/work/ozone/ozone/hadoop-ozone/integration-test/target/test-dir/MiniOzoneClusterImpl-11b76480-f5fe-46c6-962b-c791e86a534f/datanode-7/data-0/containers/hdds/11b76480-f5fe-46c6-962b-c791e86a534f/DS-b3ab1245-0fa2-441a-893d-abd77708c71e/container.db, /home/runner/work/ozone/ozone/hadoop-ozone/integration-test/target/test-dir/MiniOzoneClusterImpl-11b76480-f5fe-46c6-962b-c791e86a534f/datanode-8/data-0/containers/hdds/11b76480-f5fe-46c6-962b-c791e86a534f/DS-f89d9f01-ef4a-4202-a8c4-c3534392c52c/container.db]
2023-12-28 09:10:48,106 [main] INFO  utils.DatanodeStoreCache (DatanodeStoreCache.java:removeDB(104)) - Removed db /home/runner/work/ozone/ozone/hadoop-ozone/integration-test/target/test-dir/MiniOzoneClusterImpl-11b76480-f5fe-46c6-962b-c791e86a534f/datanode-3/data-0/containers/hdds/11b76480-f5fe-46c6-962b-c791e86a534f/DS-dd156ebd-f13e-4cd8-8f3f-4810a90b0f2f/container.db from cache
2023-12-28 09:10:48,106 [main] INFO  volume.HddsVolume (HddsVolume.java:closeDbStore(453)) - SchemaV3 db is stopped at /home/runner/work/ozone/ozone/hadoop-ozone/integration-test/target/test-dir/MiniOzoneClusterImpl-11b76480-f5fe-46c6-962b-c791e86a534f/datanode-3/data-0/containers/hdds/11b76480-f5fe-46c6-962b-c791e86a534f/DS-dd156ebd-f13e-4cd8-8f3f-4810a90b0f2f/container.db for volume DS-dd156ebd-f13e-4cd8-8f3f-4810a90b0f2f
2023-12-28 09:10:48,106 [main] INFO  utils.BackgroundService (BackgroundService.java:shutdown(160)) - Shutting down service BlockDeletingService
2023-12-28 09:10:48,106 [main] INFO  utils.BackgroundService (BackgroundService.java:shutdown(160)) - Shutting down service StaleRecoveringContainerScrubbingService
2023-12-28 09:10:48,107 [main] INFO  statemachine.DatanodeStateMachine (DatanodeStateMachine.java:stopDaemon(638)) - Ozone container server stopped.
2023-12-28 09:10:48,107 [main] INFO  handler.ContextHandler (ContextHandler.java:doStop(1159)) - Stopped o.e.j.w.WebAppContext@77a4c0a7{hddsDatanode,/,null,STOPPED}{jar:file:/home/runner/.m2/repository/org/apache/ozone/hdds-container-service/1.5.0-SNAPSHOT/hdds-container-service-1.5.0-SNAPSHOT.jar!/webapps/hddsDatanode}
2023-12-28 09:10:48,108 [main] INFO  server.AbstractConnector (AbstractConnector.java:doStop(383)) - Stopped ServerConnector@131d02c0{HTTP/1.1, (http/1.1)}{0.0.0.0:15481}
2023-12-28 09:10:48,108 [main] INFO  server.session (HouseKeeper.java:stopScavenging(149)) - node0 Stopped scavenging
2023-12-28 09:10:48,108 [main] INFO  handler.ContextHandler (ContextHandler.java:doStop(1159)) - Stopped o.e.j.s.ServletContextHandler@332c8aba{static,/static,jar:file:/home/runner/.m2/repository/org/apache/ozone/hdds-container-service/1.5.0-SNAPSHOT/hdds-container-service-1.5.0-SNAPSHOT.jar!/webapps/static,STOPPED}
2023-12-28 09:10:48,108 [main] INFO  handler.ContextHandler (ContextHandler.java:doStop(1159)) - Stopped o.e.j.s.ServletContextHandler@3492c7f3{logs,/logs,file:///home/runner/work/ozone/ozone/hadoop-ozone/integration-test/target/log,STOPPED}
2023-12-28 09:10:48,109 [main] INFO  ozone.HddsDatanodeClientProtocolServer (HddsDatanodeClientProtocolServer.java:stop(78)) - Stopping the RPC server for Client Protocol
2023-12-28 09:10:48,109 [main] INFO  ipc.Server (Server.java:stop(3523)) - Stopping server on 15482
2023-12-28 09:10:48,110 [IPC Server listener on 15482] INFO  ipc.Server (Server.java:run(1434)) - Stopping IPC Server listener on 15482
2023-12-28 09:10:48,110 [IPC Server Responder] INFO  ipc.Server (Server.java:run(1567)) - Stopping IPC Server Responder
2023-12-28 09:10:48,112 [main] INFO  ozoneimpl.OzoneContainer (OzoneContainer.java:stop(463)) - Attempting to stop container services.
2023-12-28 09:10:48,112 [main] INFO  server.RaftServer (RaftServerProxy.java:lambda$close$9(416)) - 1f676f73-0748-4b3a-9af1-03dc59351857: close
2023-12-28 09:10:48,112 [1f676f73-0748-4b3a-9af1-03dc59351857-impl-thread1] INFO  server.RaftServer$Division (RaftServerImpl.java:lambda$close$3(516)) - 1f676f73-0748-4b3a-9af1-03dc59351857@group-54DEAA79E54E: shutdown
2023-12-28 09:10:48,112 [1f676f73-0748-4b3a-9af1-03dc59351857-impl-thread1] INFO  util.JmxRegister (JmxRegister.java:unregister(73)) - Successfully un-registered JMX Bean with object name Ratis:service=RaftServer,group=group-54DEAA79E54E,id=1f676f73-0748-4b3a-9af1-03dc59351857
2023-12-28 09:10:48,112 [main] INFO  server.GrpcService (GrpcService.java:closeImpl(311)) - 1f676f73-0748-4b3a-9af1-03dc59351857: shutdown server org.apache.ratis.grpc.server.GrpcClientProtocolService now
2023-12-28 09:10:48,113 [1f676f73-0748-4b3a-9af1-03dc59351857-impl-thread1] INFO  impl.RoleInfo (RoleInfo.java:shutdownFollowerState(110)) - 1f676f73-0748-4b3a-9af1-03dc59351857: shutdown 1f676f73-0748-4b3a-9af1-03dc59351857@group-54DEAA79E54E-FollowerState
2023-12-28 09:10:48,113 [1f676f73-0748-4b3a-9af1-03dc59351857-impl-thread2] INFO  server.RaftServer$Division (RaftServerImpl.java:lambda$close$3(516)) - 1f676f73-0748-4b3a-9af1-03dc59351857@group-99317E31733A: shutdown
2023-12-28 09:10:48,113 [1f676f73-0748-4b3a-9af1-03dc59351857@group-54DEAA79E54E-FollowerState] INFO  impl.FollowerState (FollowerState.java:run(152)) - 1f676f73-0748-4b3a-9af1-03dc59351857@group-54DEAA79E54E-FollowerState was interrupted
2023-12-28 09:10:48,113 [1f676f73-0748-4b3a-9af1-03dc59351857-impl-thread2] INFO  util.JmxRegister (JmxRegister.java:unregister(73)) - Successfully un-registered JMX Bean with object name Ratis:service=RaftServer,group=group-99317E31733A,id=1f676f73-0748-4b3a-9af1-03dc59351857
2023-12-28 09:10:48,113 [1f676f73-0748-4b3a-9af1-03dc59351857-impl-thread2] INFO  impl.RoleInfo (RoleInfo.java:shutdownLeaderState(94)) - 1f676f73-0748-4b3a-9af1-03dc59351857: shutdown 1f676f73-0748-4b3a-9af1-03dc59351857@group-99317E31733A-LeaderStateImpl
2023-12-28 09:10:48,113 [1f676f73-0748-4b3a-9af1-03dc59351857-impl-thread1] INFO  impl.StateMachineUpdater (StateMachineUpdater.java:stopAndJoin(157)) - 1f676f73-0748-4b3a-9af1-03dc59351857@group-54DEAA79E54E-StateMachineUpdater: set stopIndex = 2
2023-12-28 09:10:48,113 [1f676f73-0748-4b3a-9af1-03dc59351857@group-54DEAA79E54E-StateMachineUpdater] INFO  ratis.ContainerStateMachine (ContainerStateMachine.java:takeSnapshot(355)) - group-54DEAA79E54E: Taking a snapshot at:(t:1, i:2) file /home/runner/work/ozone/ozone/hadoop-ozone/integration-test/target/test-dir/MiniOzoneClusterImpl-11b76480-f5fe-46c6-962b-c791e86a534f/datanode-4/data/ratis/22b9990f-01f3-4614-90dc-54deaa79e54e/sm/snapshot.1_2
2023-12-28 09:10:48,113 [1f676f73-0748-4b3a-9af1-03dc59351857-impl-thread2] INFO  impl.PendingRequests (PendingRequests.java:sendNotLeaderResponses(289)) - 1f676f73-0748-4b3a-9af1-03dc59351857@group-99317E31733A-PendingRequests: sendNotLeaderResponses
2023-12-28 09:10:48,113 [1f676f73-0748-4b3a-9af1-03dc59351857-impl-thread2] INFO  impl.StateMachineUpdater (StateMachineUpdater.java:stopAndJoin(157)) - 1f676f73-0748-4b3a-9af1-03dc59351857@group-99317E31733A-StateMachineUpdater: set stopIndex = 0
2023-12-28 09:10:48,113 [1f676f73-0748-4b3a-9af1-03dc59351857@group-99317E31733A-StateMachineUpdater] INFO  ratis.ContainerStateMachine (ContainerStateMachine.java:takeSnapshot(355)) - group-99317E31733A: Taking a snapshot at:(t:1, i:0) file /home/runner/work/ozone/ozone/hadoop-ozone/integration-test/target/test-dir/MiniOzoneClusterImpl-11b76480-f5fe-46c6-962b-c791e86a534f/datanode-4/data/ratis/dd232190-eda2-4549-b9cf-99317e31733a/sm/snapshot.1_0
2023-12-28 09:10:48,114 [Thread-5499] INFO  server.GrpcServerProtocolClient (GrpcServerProtocolClient.java:close(103)) - 7bf28275-35a3-4339-bf85-2ac062f1a076 Close channels
2023-12-28 09:10:48,114 [Thread-5500] INFO  server.GrpcServerProtocolClient (GrpcServerProtocolClient.java:close(103)) - d986c04d-7a68-472d-88d2-fc056c6b4cf5 Close channels
2023-12-28 09:10:48,114 [1f676f73-0748-4b3a-9af1-03dc59351857@group-54DEAA79E54E-StateMachineUpdater] INFO  ratis.ContainerStateMachine (ContainerStateMachine.java:takeSnapshot(366)) - group-54DEAA79E54E: Finished taking a snapshot at:(t:1, i:2) file:/home/runner/work/ozone/ozone/hadoop-ozone/integration-test/target/test-dir/MiniOzoneClusterImpl-11b76480-f5fe-46c6-962b-c791e86a534f/datanode-4/data/ratis/22b9990f-01f3-4614-90dc-54deaa79e54e/sm/snapshot.1_2 took: 1 ms
2023-12-28 09:10:48,114 [1f676f73-0748-4b3a-9af1-03dc59351857@group-54DEAA79E54E-StateMachineUpdater] INFO  impl.StateMachineUpdater (StateMachineUpdater.java:takeSnapshot(295)) - 1f676f73-0748-4b3a-9af1-03dc59351857@group-54DEAA79E54E-StateMachineUpdater: Took a snapshot at index 2
2023-12-28 09:10:48,114 [1f676f73-0748-4b3a-9af1-03dc59351857@group-54DEAA79E54E-StateMachineUpdater] INFO  impl.StateMachineUpdater (StateMachineUpdater.java:lambda$new$0(98)) - 1f676f73-0748-4b3a-9af1-03dc59351857@group-54DEAA79E54E-StateMachineUpdater: snapshotIndex: updateIncreasingly -1 -> 2
2023-12-28 09:10:48,114 [1f676f73-0748-4b3a-9af1-03dc59351857@group-99317E31733A-StateMachineUpdater] INFO  ratis.ContainerStateMachine (ContainerStateMachine.java:takeSnapshot(366)) - group-99317E31733A: Finished taking a snapshot at:(t:1, i:0) file:/home/runner/work/ozone/ozone/hadoop-ozone/integration-test/target/test-dir/MiniOzoneClusterImpl-11b76480-f5fe-46c6-962b-c791e86a534f/datanode-4/data/ratis/dd232190-eda2-4549-b9cf-99317e31733a/sm/snapshot.1_0 took: 0 ms
2023-12-28 09:10:48,114 [main] INFO  server.GrpcService (GrpcService.java:closeImpl(320)) - 1f676f73-0748-4b3a-9af1-03dc59351857: shutdown server org.apache.ratis.grpc.server.GrpcClientProtocolService successfully
2023-12-28 09:10:48,115 [main] INFO  server.GrpcService (GrpcService.java:closeImpl(311)) - 1f676f73-0748-4b3a-9af1-03dc59351857: shutdown server GrpcServerProtocolService now
2023-12-28 09:10:48,114 [1f676f73-0748-4b3a-9af1-03dc59351857-impl-thread1] INFO  server.RaftServer$Division (ServerState.java:close(423)) - 1f676f73-0748-4b3a-9af1-03dc59351857@group-54DEAA79E54E: applyIndex: 2
2023-12-28 09:10:48,115 [1f676f73-0748-4b3a-9af1-03dc59351857@group-99317E31733A-StateMachineUpdater] INFO  impl.StateMachineUpdater (StateMachineUpdater.java:takeSnapshot(295)) - 1f676f73-0748-4b3a-9af1-03dc59351857@group-99317E31733A-StateMachineUpdater: Took a snapshot at index 0
2023-12-28 09:10:48,115 [1f676f73-0748-4b3a-9af1-03dc59351857@group-99317E31733A-StateMachineUpdater] INFO  impl.StateMachineUpdater (StateMachineUpdater.java:lambda$new$0(98)) - 1f676f73-0748-4b3a-9af1-03dc59351857@group-99317E31733A-StateMachineUpdater: snapshotIndex: updateIncreasingly -1 -> 0
2023-12-28 09:10:48,115 [1f676f73-0748-4b3a-9af1-03dc59351857@group-54DEAA79E54E-cacheEviction-AwaitToRun] INFO  util.AwaitToRun (AwaitToRun.java:run(49)) - 1f676f73-0748-4b3a-9af1-03dc59351857@group-54DEAA79E54E-cacheEviction-AwaitToRun-AwaitForSignal is interrupted
2023-12-28 09:10:48,115 [1f676f73-0748-4b3a-9af1-03dc59351857-impl-thread2] INFO  server.RaftServer$Division (ServerState.java:close(423)) - 1f676f73-0748-4b3a-9af1-03dc59351857@group-99317E31733A: applyIndex: 0
2023-12-28 09:10:48,115 [1f676f73-0748-4b3a-9af1-03dc59351857@group-99317E31733A-cacheEviction-AwaitToRun] INFO  util.AwaitToRun (AwaitToRun.java:run(49)) - 1f676f73-0748-4b3a-9af1-03dc59351857@group-99317E31733A-cacheEviction-AwaitToRun-AwaitForSignal is interrupted
2023-12-28 09:10:48,116 [grpc-default-executor-2] WARN  server.GrpcServerProtocolService (LogUtils.java:warn(121)) - 1f676f73-0748-4b3a-9af1-03dc59351857: APPEND_ENTRIES onError, lastRequest: d986c04d-7a68-472d-88d2-fc056c6b4cf5->1f676f73-0748-4b3a-9af1-03dc59351857#7-t1,previous=(t:1, i:1),leaderCommit=1,initializing? true,entries: size=1, first=(t:1, i:2), METADATAENTRY(c:1): org.apache.ratis.thirdparty.io.grpc.StatusRuntimeException: CANCELLED: client cancelled
2023-12-28 09:10:48,116 [main] INFO  server.GrpcService (GrpcService.java:closeImpl(320)) - 1f676f73-0748-4b3a-9af1-03dc59351857: shutdown server GrpcServerProtocolService successfully
2023-12-28 09:10:48,116 [main] INFO  server.GrpcService (GrpcService.java:closeImpl(311)) - 1f676f73-0748-4b3a-9af1-03dc59351857: shutdown server org.apache.ratis.grpc.server.GrpcAdminProtocolService now
2023-12-28 09:10:48,116 [grpc-default-executor-0] WARN  server.GrpcServerProtocolService (LogUtils.java:warn(121)) - 1f676f73-0748-4b3a-9af1-03dc59351857: APPEND_ENTRIES onError, lastRequest: null: org.apache.ratis.thirdparty.io.grpc.StatusRuntimeException: CANCELLED: client cancelled
2023-12-28 09:10:48,117 [grpc-default-executor-4] WARN  server.GrpcLogAppender (LogUtils.java:warn(121)) - d986c04d-7a68-472d-88d2-fc056c6b4cf5@group-54DEAA79E54E->1f676f73-0748-4b3a-9af1-03dc59351857-AppendLogResponseHandler: Failed appendEntries: org.apache.ratis.thirdparty.io.grpc.StatusRuntimeException: CANCELLED: RST_STREAM closed stream. HTTP/2 error code: CANCEL
2023-12-28 09:10:48,117 [grpc-default-executor-4] WARN  server.GrpcLogAppender (GrpcLogAppender.java:resetClient(140)) - d986c04d-7a68-472d-88d2-fc056c6b4cf5@group-54DEAA79E54E->1f676f73-0748-4b3a-9af1-03dc59351857-GrpcLogAppender: Follower failed and request == null,  keep nextIndex (3) unchanged and retry.
2023-12-28 09:10:48,117 [grpc-default-executor-4] WARN  server.GrpcLogAppender (LogUtils.java:warn(121)) - d986c04d-7a68-472d-88d2-fc056c6b4cf5@group-54DEAA79E54E->1f676f73-0748-4b3a-9af1-03dc59351857-AppendLogResponseHandler: Failed appendEntries: org.apache.ratis.thirdparty.io.grpc.StatusRuntimeException: CANCELLED: RST_STREAM closed stream. HTTP/2 error code: CANCEL
2023-12-28 09:10:48,117 [grpc-default-executor-4] WARN  server.GrpcLogAppender (GrpcLogAppender.java:resetClient(140)) - d986c04d-7a68-472d-88d2-fc056c6b4cf5@group-54DEAA79E54E->1f676f73-0748-4b3a-9af1-03dc59351857-GrpcLogAppender: Follower failed and request == null,  keep nextIndex (3) unchanged and retry.
2023-12-28 09:10:48,120 [main] INFO  server.GrpcService (GrpcService.java:closeImpl(320)) - 1f676f73-0748-4b3a-9af1-03dc59351857: shutdown server org.apache.ratis.grpc.server.GrpcAdminProtocolService successfully
2023-12-28 09:10:48,121 [1f676f73-0748-4b3a-9af1-03dc59351857-NettyServerStreamRpc-bossGroup--thread1] INFO  logging.LoggingHandler (AbstractInternalLogger.java:log(148)) - [id: 0x52153399, L:/0.0.0.0:15496] CLOSE
2023-12-28 09:10:48,121 [1f676f73-0748-4b3a-9af1-03dc59351857-NettyServerStreamRpc-bossGroup--thread1] INFO  logging.LoggingHandler (AbstractInternalLogger.java:log(148)) - [id: 0x52153399, L:/0.0.0.0:15496] INACTIVE
2023-12-28 09:10:48,121 [1f676f73-0748-4b3a-9af1-03dc59351857-NettyServerStreamRpc-bossGroup--thread1] INFO  logging.LoggingHandler (AbstractInternalLogger.java:log(148)) - [id: 0x52153399, L:/0.0.0.0:15496] UNREGISTERED
2023-12-28 09:10:48,789 [1f676f73-0748-4b3a-9af1-03dc59351857-impl-thread2] INFO  segmented.SegmentedRaftLogWorker (SegmentedRaftLogWorker.java:close(243)) - 1f676f73-0748-4b3a-9af1-03dc59351857@group-99317E31733A-SegmentedRaftLogWorker close()
2023-12-28 09:10:48,850 [grpc-default-executor-4] WARN  server.GrpcLogAppender (LogUtils.java:warn(121)) - d986c04d-7a68-472d-88d2-fc056c6b4cf5@group-54DEAA79E54E->7bf28275-35a3-4339-bf85-2ac062f1a076-AppendLogResponseHandler: Failed appendEntries: org.apache.ratis.thirdparty.io.grpc.StatusRuntimeException: UNAVAILABLE: io exception
2023-12-28 09:10:48,850 [grpc-default-executor-0] WARN  server.GrpcLogAppender (LogUtils.java:warn(121)) - d986c04d-7a68-472d-88d2-fc056c6b4cf5@group-54DEAA79E54E->7bf28275-35a3-4339-bf85-2ac062f1a076-AppendLogResponseHandler: Failed appendEntries: org.apache.ratis.thirdparty.io.grpc.StatusRuntimeException: UNAVAILABLE: io exception
2023-12-28 09:10:48,851 [grpc-default-executor-4] WARN  server.GrpcLogAppender (GrpcLogAppender.java:resetClient(140)) - d986c04d-7a68-472d-88d2-fc056c6b4cf5@group-54DEAA79E54E->7bf28275-35a3-4339-bf85-2ac062f1a076-GrpcLogAppender: Follower failed and request == null,  keep nextIndex (3) unchanged and retry.
2023-12-28 09:10:48,851 [grpc-default-executor-0] WARN  server.GrpcLogAppender (GrpcLogAppender.java:resetClient(140)) - d986c04d-7a68-472d-88d2-fc056c6b4cf5@group-54DEAA79E54E->7bf28275-35a3-4339-bf85-2ac062f1a076-GrpcLogAppender: Follower failed and request == null,  keep nextIndex (3) unchanged and retry.
2023-12-28 09:10:49,098 [1f676f73-0748-4b3a-9af1-03dc59351857-impl-thread1] INFO  segmented.SegmentedRaftLogWorker (SegmentedRaftLogWorker.java:close(243)) - 1f676f73-0748-4b3a-9af1-03dc59351857@group-54DEAA79E54E-SegmentedRaftLogWorker close()
2023-12-28 09:10:49,099 [JvmPauseMonitor61] INFO  util.JvmPauseMonitor (JvmPauseMonitor.java:run(152)) - JvmPauseMonitor-1f676f73-0748-4b3a-9af1-03dc59351857: Stopped
2023-12-28 09:10:50,102 [grpc-default-executor-4] WARN  server.GrpcLogAppender (LogUtils.java:warn(121)) - d986c04d-7a68-472d-88d2-fc056c6b4cf5@group-54DEAA79E54E->7bf28275-35a3-4339-bf85-2ac062f1a076-AppendLogResponseHandler: Failed appendEntries: org.apache.ratis.thirdparty.io.grpc.StatusRuntimeException: UNAVAILABLE: io exception
2023-12-28 09:10:50,102 [grpc-default-executor-0] WARN  server.GrpcLogAppender (LogUtils.java:warn(121)) - d986c04d-7a68-472d-88d2-fc056c6b4cf5@group-54DEAA79E54E->7bf28275-35a3-4339-bf85-2ac062f1a076-AppendLogResponseHandler: Failed appendEntries: org.apache.ratis.thirdparty.io.grpc.StatusRuntimeException: UNAVAILABLE: io exception
2023-12-28 09:10:50,103 [grpc-default-executor-4] WARN  server.GrpcLogAppender (GrpcLogAppender.java:resetClient(140)) - d986c04d-7a68-472d-88d2-fc056c6b4cf5@group-54DEAA79E54E->7bf28275-35a3-4339-bf85-2ac062f1a076-GrpcLogAppender: Follower failed and request == null,  keep nextIndex (3) unchanged and retry.
2023-12-28 09:10:50,103 [grpc-default-executor-0] WARN  server.GrpcLogAppender (GrpcLogAppender.java:resetClient(140)) - d986c04d-7a68-472d-88d2-fc056c6b4cf5@group-54DEAA79E54E->7bf28275-35a3-4339-bf85-2ac062f1a076-GrpcLogAppender: Follower failed and request == null,  keep nextIndex (3) unchanged and retry.
2023-12-28 09:10:50,103 [grpc-default-executor-6] WARN  server.GrpcLogAppender (LogUtils.java:warn(121)) - d986c04d-7a68-472d-88d2-fc056c6b4cf5@group-54DEAA79E54E->1f676f73-0748-4b3a-9af1-03dc59351857-AppendLogResponseHandler: Failed appendEntries: org.apache.ratis.thirdparty.io.grpc.StatusRuntimeException: UNAVAILABLE: io exception
2023-12-28 09:10:50,104 [grpc-default-executor-6] WARN  server.GrpcLogAppender (GrpcLogAppender.java:resetClient(140)) - d986c04d-7a68-472d-88d2-fc056c6b4cf5@group-54DEAA79E54E->1f676f73-0748-4b3a-9af1-03dc59351857-GrpcLogAppender: Follower failed and request == null,  keep nextIndex (3) unchanged and retry.
2023-12-28 09:10:50,104 [grpc-default-executor-6] WARN  server.GrpcLogAppender (LogUtils.java:warn(121)) - d986c04d-7a68-472d-88d2-fc056c6b4cf5@group-54DEAA79E54E->1f676f73-0748-4b3a-9af1-03dc59351857-AppendLogResponseHandler: Failed appendEntries: org.apache.ratis.thirdparty.io.grpc.StatusRuntimeException: UNAVAILABLE: io exception
2023-12-28 09:10:50,104 [grpc-default-executor-6] WARN  server.GrpcLogAppender (GrpcLogAppender.java:resetClient(140)) - d986c04d-7a68-472d-88d2-fc056c6b4cf5@group-54DEAA79E54E->1f676f73-0748-4b3a-9af1-03dc59351857-GrpcLogAppender: Follower failed and request == null,  keep nextIndex (3) unchanged and retry.
2023-12-28 09:10:51,102 [main] INFO  utils.DatanodeStoreCache (DatanodeStoreCache.java:shutdownCache(110)) - Skip clearing cache in mini cluster mode. Entries left: [/home/runner/work/ozone/ozone/hadoop-ozone/integration-test/target/test-dir/MiniOzoneClusterImpl-11b76480-f5fe-46c6-962b-c791e86a534f/datanode-0/data-0/containers/hdds/11b76480-f5fe-46c6-962b-c791e86a534f/DS-664e9bc8-74f7-499c-826a-cb53bba4f136/container.db, /home/runner/work/ozone/ozone/hadoop-ozone/integration-test/target/test-dir/MiniOzoneClusterImpl-11b76480-f5fe-46c6-962b-c791e86a534f/datanode-1/data-0/containers/hdds/11b76480-f5fe-46c6-962b-c791e86a534f/DS-5833430f-b3ed-43d1-ab19-95c654dbb9b2/container.db, /home/runner/work/ozone/ozone/hadoop-ozone/integration-test/target/test-dir/MiniOzoneClusterImpl-11b76480-f5fe-46c6-962b-c791e86a534f/datanode-2/data-0/containers/hdds/11b76480-f5fe-46c6-962b-c791e86a534f/DS-eca9b806-3960-425e-8832-eecce54d1d6b/container.db, /home/runner/work/ozone/ozone/hadoop-ozone/integration-test/target/test-dir/MiniOzoneClusterImpl-11b76480-f5fe-46c6-962b-c791e86a534f/datanode-4/data-0/containers/hdds/11b76480-f5fe-46c6-962b-c791e86a534f/DS-9e617643-23f8-48ca-acb5-5fa7008a4585/container.db, /home/runner/work/ozone/ozone/hadoop-ozone/integration-test/target/test-dir/MiniOzoneClusterImpl-11b76480-f5fe-46c6-962b-c791e86a534f/datanode-5/data-0/containers/hdds/11b76480-f5fe-46c6-962b-c791e86a534f/DS-5f88fbbb-1303-4f52-a8d6-625707989f6e/container.db, /home/runner/work/ozone/ozone/hadoop-ozone/integration-test/target/test-dir/MiniOzoneClusterImpl-11b76480-f5fe-46c6-962b-c791e86a534f/datanode-6/data-0/containers/hdds/11b76480-f5fe-46c6-962b-c791e86a534f/DS-cddbadc9-5d7d-4c94-b3e1-4f1495c3ad24/container.db, /home/runner/work/ozone/ozone/hadoop-ozone/integration-test/target/test-dir/MiniOzoneClusterImpl-11b76480-f5fe-46c6-962b-c791e86a534f/datanode-7/data-0/containers/hdds/11b76480-f5fe-46c6-962b-c791e86a534f/DS-b3ab1245-0fa2-441a-893d-abd77708c71e/container.db, /home/runner/work/ozone/ozone/hadoop-ozone/integration-test/target/test-dir/MiniOzoneClusterImpl-11b76480-f5fe-46c6-962b-c791e86a534f/datanode-8/data-0/containers/hdds/11b76480-f5fe-46c6-962b-c791e86a534f/DS-f89d9f01-ef4a-4202-a8c4-c3534392c52c/container.db]
2023-12-28 09:10:51,103 [main] INFO  utils.DatanodeStoreCache (DatanodeStoreCache.java:removeDB(104)) - Removed db /home/runner/work/ozone/ozone/hadoop-ozone/integration-test/target/test-dir/MiniOzoneClusterImpl-11b76480-f5fe-46c6-962b-c791e86a534f/datanode-4/data-0/containers/hdds/11b76480-f5fe-46c6-962b-c791e86a534f/DS-9e617643-23f8-48ca-acb5-5fa7008a4585/container.db from cache
2023-12-28 09:10:51,103 [main] INFO  volume.HddsVolume (HddsVolume.java:closeDbStore(453)) - SchemaV3 db is stopped at /home/runner/work/ozone/ozone/hadoop-ozone/integration-test/target/test-dir/MiniOzoneClusterImpl-11b76480-f5fe-46c6-962b-c791e86a534f/datanode-4/data-0/containers/hdds/11b76480-f5fe-46c6-962b-c791e86a534f/DS-9e617643-23f8-48ca-acb5-5fa7008a4585/container.db for volume DS-9e617643-23f8-48ca-acb5-5fa7008a4585
2023-12-28 09:10:51,104 [main] INFO  utils.BackgroundService (BackgroundService.java:shutdown(160)) - Shutting down service BlockDeletingService
2023-12-28 09:10:51,104 [main] INFO  utils.BackgroundService (BackgroundService.java:shutdown(160)) - Shutting down service StaleRecoveringContainerScrubbingService
2023-12-28 09:10:51,104 [main] INFO  statemachine.DatanodeStateMachine (DatanodeStateMachine.java:stopDaemon(638)) - Ozone container server stopped.
2023-12-28 09:10:51,105 [main] INFO  handler.ContextHandler (ContextHandler.java:doStop(1159)) - Stopped o.e.j.w.WebAppContext@5b1ec7a6{hddsDatanode,/,null,STOPPED}{jar:file:/home/runner/.m2/repository/org/apache/ozone/hdds-container-service/1.5.0-SNAPSHOT/hdds-container-service-1.5.0-SNAPSHOT.jar!/webapps/hddsDatanode}
2023-12-28 09:10:51,105 [main] INFO  server.AbstractConnector (AbstractConnector.java:doStop(383)) - Stopped ServerConnector@16ee9a3b{HTTP/1.1, (http/1.1)}{0.0.0.0:15490}
2023-12-28 09:10:51,106 [main] INFO  server.session (HouseKeeper.java:stopScavenging(149)) - node0 Stopped scavenging
2023-12-28 09:10:51,106 [main] INFO  handler.ContextHandler (ContextHandler.java:doStop(1159)) - Stopped o.e.j.s.ServletContextHandler@430da75c{static,/static,jar:file:/home/runner/.m2/repository/org/apache/ozone/hdds-container-service/1.5.0-SNAPSHOT/hdds-container-service-1.5.0-SNAPSHOT.jar!/webapps/static,STOPPED}
2023-12-28 09:10:51,106 [main] INFO  handler.ContextHandler (ContextHandler.java:doStop(1159)) - Stopped o.e.j.s.ServletContextHandler@3240490b{logs,/logs,file:///home/runner/work/ozone/ozone/hadoop-ozone/integration-test/target/log,STOPPED}
2023-12-28 09:10:51,106 [main] INFO  ozone.HddsDatanodeClientProtocolServer (HddsDatanodeClientProtocolServer.java:stop(78)) - Stopping the RPC server for Client Protocol
2023-12-28 09:10:51,107 [main] INFO  ipc.Server (Server.java:stop(3523)) - Stopping server on 15491
2023-12-28 09:10:51,108 [IPC Server listener on 15491] INFO  ipc.Server (Server.java:run(1434)) - Stopping IPC Server listener on 15491
2023-12-28 09:10:51,108 [IPC Server Responder] INFO  ipc.Server (Server.java:run(1567)) - Stopping IPC Server Responder
2023-12-28 09:10:51,110 [main] INFO  pipeline.PipelineManagerImpl (PipelineManagerImpl.java:closeContainersForPipeline(484)) - Container #1 closed for pipeline=PipelineID=22b9990f-01f3-4614-90dc-54deaa79e54e
2023-12-28 09:10:51,110 [EventQueue-CloseContainerForCloseContainerEventHandler] INFO  container.CloseContainerEventHandler (CloseContainerEventHandler.java:onMessage(88)) - Close container Event triggered for container : #1, current state: CLOSING
2023-12-28 09:10:51,110 [main] INFO  pipeline.PipelineManagerImpl (PipelineManagerImpl.java:closePipeline(518)) - Pipeline PipelineID=22b9990f-01f3-4614-90dc-54deaa79e54e moved to CLOSED state
2023-12-28 09:10:51,354 [grpc-default-executor-6] WARN  server.GrpcLogAppender (LogUtils.java:warn(121)) - d986c04d-7a68-472d-88d2-fc056c6b4cf5@group-54DEAA79E54E->7bf28275-35a3-4339-bf85-2ac062f1a076-AppendLogResponseHandler: Failed appendEntries: org.apache.ratis.thirdparty.io.grpc.StatusRuntimeException: UNAVAILABLE: io exception
2023-12-28 09:10:51,354 [grpc-default-executor-4] WARN  server.GrpcLogAppender (LogUtils.java:warn(121)) - d986c04d-7a68-472d-88d2-fc056c6b4cf5@group-54DEAA79E54E->7bf28275-35a3-4339-bf85-2ac062f1a076-AppendLogResponseHandler: Failed appendEntries: org.apache.ratis.thirdparty.io.grpc.StatusRuntimeException: UNAVAILABLE: io exception
2023-12-28 09:10:51,354 [grpc-default-executor-6] WARN  server.GrpcLogAppender (GrpcLogAppender.java:resetClient(140)) - d986c04d-7a68-472d-88d2-fc056c6b4cf5@group-54DEAA79E54E->7bf28275-35a3-4339-bf85-2ac062f1a076-GrpcLogAppender: Follower failed and request == null,  keep nextIndex (3) unchanged and retry.
2023-12-28 09:10:51,354 [grpc-default-executor-4] WARN  server.GrpcLogAppender (GrpcLogAppender.java:resetClient(140)) - d986c04d-7a68-472d-88d2-fc056c6b4cf5@group-54DEAA79E54E->7bf28275-35a3-4339-bf85-2ac062f1a076-GrpcLogAppender: Follower failed and request == null,  keep nextIndex (3) unchanged and retry.
2023-12-28 09:10:51,356 [grpc-default-executor-4] WARN  server.GrpcLogAppender (LogUtils.java:warn(121)) - d986c04d-7a68-472d-88d2-fc056c6b4cf5@group-54DEAA79E54E->1f676f73-0748-4b3a-9af1-03dc59351857-AppendLogResponseHandler: Failed appendEntries: org.apache.ratis.thirdparty.io.grpc.StatusRuntimeException: UNAVAILABLE: io exception
2023-12-28 09:10:51,356 [grpc-default-executor-6] WARN  server.GrpcLogAppender (LogUtils.java:warn(121)) - d986c04d-7a68-472d-88d2-fc056c6b4cf5@group-54DEAA79E54E->1f676f73-0748-4b3a-9af1-03dc59351857-AppendLogResponseHandler: Failed appendEntries: org.apache.ratis.thirdparty.io.grpc.StatusRuntimeException: UNAVAILABLE: io exception
2023-12-28 09:10:51,356 [grpc-default-executor-4] WARN  server.GrpcLogAppender (GrpcLogAppender.java:resetClient(140)) - d986c04d-7a68-472d-88d2-fc056c6b4cf5@group-54DEAA79E54E->1f676f73-0748-4b3a-9af1-03dc59351857-GrpcLogAppender: Follower failed and request == null,  keep nextIndex (3) unchanged and retry.
2023-12-28 09:10:51,357 [grpc-default-executor-6] WARN  server.GrpcLogAppender (GrpcLogAppender.java:resetClient(140)) - d986c04d-7a68-472d-88d2-fc056c6b4cf5@group-54DEAA79E54E->1f676f73-0748-4b3a-9af1-03dc59351857-GrpcLogAppender: Follower failed and request == null,  keep nextIndex (3) unchanged and retry.
2023-12-28 09:10:52,606 [grpc-default-executor-6] WARN  server.GrpcLogAppender (LogUtils.java:warn(121)) - d986c04d-7a68-472d-88d2-fc056c6b4cf5@group-54DEAA79E54E->7bf28275-35a3-4339-bf85-2ac062f1a076-AppendLogResponseHandler: Failed appendEntries: org.apache.ratis.thirdparty.io.grpc.StatusRuntimeException: UNAVAILABLE: io exception
2023-12-28 09:10:52,606 [grpc-default-executor-4] WARN  server.GrpcLogAppender (LogUtils.java:warn(121)) - d986c04d-7a68-472d-88d2-fc056c6b4cf5@group-54DEAA79E54E->7bf28275-35a3-4339-bf85-2ac062f1a076-AppendLogResponseHandler: Failed appendEntries: org.apache.ratis.thirdparty.io.grpc.StatusRuntimeException: UNAVAILABLE: io exception
2023-12-28 09:10:52,607 [grpc-default-executor-6] WARN  server.GrpcLogAppender (GrpcLogAppender.java:resetClient(140)) - d986c04d-7a68-472d-88d2-fc056c6b4cf5@group-54DEAA79E54E->7bf28275-35a3-4339-bf85-2ac062f1a076-GrpcLogAppender: Follower failed and request == null,  keep nextIndex (3) unchanged and retry.
2023-12-28 09:10:52,607 [grpc-default-executor-4] WARN  server.GrpcLogAppender (GrpcLogAppender.java:resetClient(140)) - d986c04d-7a68-472d-88d2-fc056c6b4cf5@group-54DEAA79E54E->7bf28275-35a3-4339-bf85-2ac062f1a076-GrpcLogAppender: Follower failed and request == null,  keep nextIndex (3) unchanged and retry.
2023-12-28 09:10:52,608 [grpc-default-executor-4] WARN  server.GrpcLogAppender (LogUtils.java:warn(121)) - d986c04d-7a68-472d-88d2-fc056c6b4cf5@group-54DEAA79E54E->1f676f73-0748-4b3a-9af1-03dc59351857-AppendLogResponseHandler: Failed appendEntries: org.apache.ratis.thirdparty.io.grpc.StatusRuntimeException: UNAVAILABLE: io exception
2023-12-28 09:10:52,608 [grpc-default-executor-6] WARN  server.GrpcLogAppender (LogUtils.java:warn(121)) - d986c04d-7a68-472d-88d2-fc056c6b4cf5@group-54DEAA79E54E->1f676f73-0748-4b3a-9af1-03dc59351857-AppendLogResponseHandler: Failed appendEntries: org.apache.ratis.thirdparty.io.grpc.StatusRuntimeException: UNAVAILABLE: io exception
2023-12-28 09:10:52,608 [grpc-default-executor-4] WARN  server.GrpcLogAppender (GrpcLogAppender.java:resetClient(140)) - d986c04d-7a68-472d-88d2-fc056c6b4cf5@group-54DEAA79E54E->1f676f73-0748-4b3a-9af1-03dc59351857-GrpcLogAppender: Follower failed and request == null,  keep nextIndex (3) unchanged and retry.
2023-12-28 09:10:52,608 [grpc-default-executor-6] WARN  server.GrpcLogAppender (GrpcLogAppender.java:resetClient(140)) - d986c04d-7a68-472d-88d2-fc056c6b4cf5@group-54DEAA79E54E->1f676f73-0748-4b3a-9af1-03dc59351857-GrpcLogAppender: Follower failed and request == null,  keep nextIndex (3) unchanged and retry.
2023-12-28 09:10:53,860 [grpc-default-executor-6] WARN  server.GrpcLogAppender (LogUtils.java:warn(121)) - d986c04d-7a68-472d-88d2-fc056c6b4cf5@group-54DEAA79E54E->1f676f73-0748-4b3a-9af1-03dc59351857-AppendLogResponseHandler: Failed appendEntries: org.apache.ratis.thirdparty.io.grpc.StatusRuntimeException: UNAVAILABLE: io exception
2023-12-28 09:10:53,860 [grpc-default-executor-4] WARN  server.GrpcLogAppender (LogUtils.java:warn(121)) - d986c04d-7a68-472d-88d2-fc056c6b4cf5@group-54DEAA79E54E->1f676f73-0748-4b3a-9af1-03dc59351857-AppendLogResponseHandler: Failed appendEntries: org.apache.ratis.thirdparty.io.grpc.StatusRuntimeException: UNAVAILABLE: io exception
2023-12-28 09:10:53,860 [grpc-default-executor-6] WARN  server.GrpcLogAppender (GrpcLogAppender.java:resetClient(140)) - d986c04d-7a68-472d-88d2-fc056c6b4cf5@group-54DEAA79E54E->1f676f73-0748-4b3a-9af1-03dc59351857-GrpcLogAppender: Follower failed and request == null,  keep nextIndex (3) unchanged and retry.
2023-12-28 09:10:53,861 [grpc-default-executor-4] WARN  server.GrpcLogAppender (GrpcLogAppender.java:resetClient(140)) - d986c04d-7a68-472d-88d2-fc056c6b4cf5@group-54DEAA79E54E->1f676f73-0748-4b3a-9af1-03dc59351857-GrpcLogAppender: Follower failed and request == null,  keep nextIndex (3) unchanged and retry.
2023-12-28 09:10:53,963 [grpc-default-executor-4] WARN  server.GrpcLogAppender (LogUtils.java:warn(121)) - d986c04d-7a68-472d-88d2-fc056c6b4cf5@group-54DEAA79E54E->7bf28275-35a3-4339-bf85-2ac062f1a076-AppendLogResponseHandler: Failed appendEntries: org.apache.ratis.thirdparty.io.grpc.StatusRuntimeException: UNAVAILABLE: io exception
2023-12-28 09:10:53,963 [grpc-default-executor-6] WARN  server.GrpcLogAppender (LogUtils.java:warn(121)) - d986c04d-7a68-472d-88d2-fc056c6b4cf5@group-54DEAA79E54E->7bf28275-35a3-4339-bf85-2ac062f1a076-AppendLogResponseHandler: Failed appendEntries: org.apache.ratis.thirdparty.io.grpc.StatusRuntimeException: UNAVAILABLE: io exception
2023-12-28 09:10:53,963 [grpc-default-executor-4] WARN  server.GrpcLogAppender (GrpcLogAppender.java:resetClient(140)) - d986c04d-7a68-472d-88d2-fc056c6b4cf5@group-54DEAA79E54E->7bf28275-35a3-4339-bf85-2ac062f1a076-GrpcLogAppender: Follower failed and request == null,  keep nextIndex (3) unchanged and retry.
2023-12-28 09:10:53,963 [grpc-default-executor-6] WARN  server.GrpcLogAppender (GrpcLogAppender.java:resetClient(140)) - d986c04d-7a68-472d-88d2-fc056c6b4cf5@group-54DEAA79E54E->7bf28275-35a3-4339-bf85-2ac062f1a076-GrpcLogAppender: Follower failed and request == null,  keep nextIndex (3) unchanged and retry.
2023-12-28 09:10:55,003 [null-request--thread1] INFO  server.GrpcClientProtocolService (GrpcClientProtocolService.java:lambda$processClientRequest$0(284)) - Failed RaftClientRequest:client-1659CE0A56C4->d986c04d-7a68-472d-88d2-fc056c6b4cf5@group-54DEAA79E54E, cid=87, seq=null, Watch-ALL_COMMITTED(101), Message:<EMPTY>, reply=RaftClientReply:client-1659CE0A56C4->d986c04d-7a68-472d-88d2-fc056c6b4cf5@group-54DEAA79E54E, cid=87, FAILED org.apache.ratis.protocol.exceptions.NotReplicatedException: Request with call Id 87 and log index 101 is not yet replicated to ALL_COMMITTED, logIndex=101, commits[d986c04d-7a68-472d-88d2-fc056c6b4cf5:c2, 7bf28275-35a3-4339-bf85-2ac062f1a076:c1, 1f676f73-0748-4b3a-9af1-03dc59351857:c2]
2023-12-28 09:10:55,005 [main] WARN  scm.XceiverClientRatis (XceiverClientRatis.java:watchForCommit(284)) - 3 way commit failed on pipeline Pipeline[ Id: 22b9990f-01f3-4614-90dc-54deaa79e54e, Nodes: 7bf28275-35a3-4339-bf85-2ac062f1a076(fv-az1384-14.e3qrh24bduyexj1tcof5x1etkc.ex.internal.cloudapp.net/10.1.0.14)1f676f73-0748-4b3a-9af1-03dc59351857(fv-az1384-14.e3qrh24bduyexj1tcof5x1etkc.ex.internal.cloudapp.net/10.1.0.14)d986c04d-7a68-472d-88d2-fc056c6b4cf5(fv-az1384-14.e3qrh24bduyexj1tcof5x1etkc.ex.internal.cloudapp.net/10.1.0.14), ReplicationConfig: RATIS/THREE, State:OPEN, leaderId:d986c04d-7a68-472d-88d2-fc056c6b4cf5, CreationTimestamp2023-12-28T09:10:36.787Z[Etc/UTC]]
java.util.concurrent.ExecutionException: org.apache.ratis.protocol.exceptions.NotReplicatedException: Request with call Id 87 and log index 101 is not yet replicated to ALL_COMMITTED
	at java.util.concurrent.CompletableFuture.reportGet(CompletableFuture.java:357)
	at java.util.concurrent.CompletableFuture.get(CompletableFuture.java:1908)
	at org.apache.hadoop.hdds.scm.XceiverClientRatis.watchForCommit(XceiverClientRatis.java:279)
	at org.apache.hadoop.ozone.client.rpc.TestWatchForCommit.testWatchForCommitForRetryfailure(TestWatchForCommit.java:281)
	at sun.reflect.NativeMethodAccessorImpl.invoke0(Native Method)
	at sun.reflect.NativeMethodAccessorImpl.invoke(NativeMethodAccessorImpl.java:62)
	at sun.reflect.DelegatingMethodAccessorImpl.invoke(DelegatingMethodAccessorImpl.java:43)
	at java.lang.reflect.Method.invoke(Method.java:498)
	at org.junit.platform.commons.util.ReflectionUtils.invokeMethod(ReflectionUtils.java:728)
	at org.junit.jupiter.engine.execution.MethodInvocation.proceed(MethodInvocation.java:60)
	at org.junit.jupiter.engine.execution.InvocationInterceptorChain$ValidatingInvocation.proceed(InvocationInterceptorChain.java:131)
	at org.junit.jupiter.engine.extension.TimeoutExtension.intercept(TimeoutExtension.java:156)
	at org.junit.jupiter.engine.extension.TimeoutExtension.interceptTestableMethod(TimeoutExtension.java:147)
	at org.junit.jupiter.engine.extension.TimeoutExtension.interceptTestMethod(TimeoutExtension.java:86)
	at org.junit.jupiter.engine.execution.InterceptingExecutableInvoker$ReflectiveInterceptorCall.lambda$ofVoidMethod$0(InterceptingExecutableInvoker.java:103)
	at org.junit.jupiter.engine.execution.InterceptingExecutableInvoker.lambda$invoke$0(InterceptingExecutableInvoker.java:93)
	at org.junit.jupiter.engine.execution.InvocationInterceptorChain$InterceptedInvocation.proceed(InvocationInterceptorChain.java:106)
	at org.junit.jupiter.engine.execution.InvocationInterceptorChain.proceed(InvocationInterceptorChain.java:64)
	at org.junit.jupiter.engine.execution.InvocationInterceptorChain.chainAndInvoke(InvocationInterceptorChain.java:45)
	at org.junit.jupiter.engine.execution.InvocationInterceptorChain.invoke(InvocationInterceptorChain.java:37)
	at org.junit.jupiter.engine.execution.InterceptingExecutableInvoker.invoke(InterceptingExecutableInvoker.java:92)
	at org.junit.jupiter.engine.execution.InterceptingExecutableInvoker.invoke(InterceptingExecutableInvoker.java:86)
	at org.junit.jupiter.engine.descriptor.TestMethodTestDescriptor.lambda$invokeTestMethod$7(TestMethodTestDescriptor.java:218)
	at org.junit.platform.engine.support.hierarchical.ThrowableCollector.execute(ThrowableCollector.java:73)
	at org.junit.jupiter.engine.descriptor.TestMethodTestDescriptor.invokeTestMethod(TestMethodTestDescriptor.java:214)
	at org.junit.jupiter.engine.descriptor.TestMethodTestDescriptor.execute(TestMethodTestDescriptor.java:139)
	at org.junit.jupiter.engine.descriptor.TestMethodTestDescriptor.execute(TestMethodTestDescriptor.java:69)
	at org.junit.platform.engine.support.hierarchical.NodeTestTask.lambda$executeRecursively$6(NodeTestTask.java:151)
	at org.junit.platform.engine.support.hierarchical.ThrowableCollector.execute(ThrowableCollector.java:73)
	at org.junit.platform.engine.support.hierarchical.NodeTestTask.lambda$executeRecursively$8(NodeTestTask.java:141)
	at org.junit.platform.engine.support.hierarchical.Node.around(Node.java:137)
	at org.junit.platform.engine.support.hierarchical.NodeTestTask.lambda$executeRecursively$9(NodeTestTask.java:139)
	at org.junit.platform.engine.support.hierarchical.ThrowableCollector.execute(ThrowableCollector.java:73)
	at org.junit.platform.engine.support.hierarchical.NodeTestTask.executeRecursively(NodeTestTask.java:138)
	at org.junit.platform.engine.support.hierarchical.NodeTestTask.execute(NodeTestTask.java:95)
	at java.util.ArrayList.forEach(ArrayList.java:1259)
	at org.junit.platform.engine.support.hierarchical.SameThreadHierarchicalTestExecutorService.invokeAll(SameThreadHierarchicalTestExecutorService.java:41)
	at org.junit.platform.engine.support.hierarchical.NodeTestTask.lambda$executeRecursively$6(NodeTestTask.java:155)
	at org.junit.platform.engine.support.hierarchical.ThrowableCollector.execute(ThrowableCollector.java:73)
	at org.junit.platform.engine.support.hierarchical.NodeTestTask.lambda$executeRecursively$8(NodeTestTask.java:141)
	at org.junit.platform.engine.support.hierarchical.Node.around(Node.java:137)
	at org.junit.platform.engine.support.hierarchical.NodeTestTask.lambda$executeRecursively$9(NodeTestTask.java:139)
	at org.junit.platform.engine.support.hierarchical.ThrowableCollector.execute(ThrowableCollector.java:73)
	at org.junit.platform.engine.support.hierarchical.NodeTestTask.executeRecursively(NodeTestTask.java:138)
	at org.junit.platform.engine.support.hierarchical.NodeTestTask.execute(NodeTestTask.java:95)
	at java.util.ArrayList.forEach(ArrayList.java:1259)
	at org.junit.platform.engine.support.hierarchical.SameThreadHierarchicalTestExecutorService.invokeAll(SameThreadHierarchicalTestExecutorService.java:41)
	at org.junit.platform.engine.support.hierarchical.NodeTestTask.lambda$executeRecursively$6(NodeTestTask.java:155)
	at org.junit.platform.engine.support.hierarchical.ThrowableCollector.execute(ThrowableCollector.java:73)
	at org.junit.platform.engine.support.hierarchical.NodeTestTask.lambda$executeRecursively$8(NodeTestTask.java:141)
	at org.junit.platform.engine.support.hierarchical.Node.around(Node.java:137)
	at org.junit.platform.engine.support.hierarchical.NodeTestTask.lambda$executeRecursively$9(NodeTestTask.java:139)
	at org.junit.platform.engine.support.hierarchical.ThrowableCollector.execute(ThrowableCollector.java:73)
	at org.junit.platform.engine.support.hierarchical.NodeTestTask.executeRecursively(NodeTestTask.java:138)
	at org.junit.platform.engine.support.hierarchical.NodeTestTask.execute(NodeTestTask.java:95)
	at org.junit.platform.engine.support.hierarchical.SameThreadHierarchicalTestExecutorService.submit(SameThreadHierarchicalTestExecutorService.java:35)
	at org.junit.platform.engine.support.hierarchical.HierarchicalTestExecutor.execute(HierarchicalTestExecutor.java:57)
	at org.junit.platform.engine.support.hierarchical.HierarchicalTestEngine.execute(HierarchicalTestEngine.java:54)
	at org.junit.platform.launcher.core.EngineExecutionOrchestrator.execute(EngineExecutionOrchestrator.java:198)
	at org.junit.platform.launcher.core.EngineExecutionOrchestrator.execute(EngineExecutionOrchestrator.java:169)
	at org.junit.platform.launcher.core.EngineExecutionOrchestrator.execute(EngineExecutionOrchestrator.java:93)
	at org.junit.platform.launcher.core.EngineExecutionOrchestrator.lambda$execute$0(EngineExecutionOrchestrator.java:58)
	at org.junit.platform.launcher.core.EngineExecutionOrchestrator.withInterceptedStreams(EngineExecutionOrchestrator.java:141)
	at org.junit.platform.launcher.core.EngineExecutionOrchestrator.execute(EngineExecutionOrchestrator.java:57)
	at org.junit.platform.launcher.core.DefaultLauncher.execute(DefaultLauncher.java:103)
	at org.junit.platform.launcher.core.DefaultLauncher.execute(DefaultLauncher.java:85)
	at org.junit.platform.launcher.core.DelegatingLauncher.execute(DelegatingLauncher.java:47)
	at org.apache.maven.surefire.junitplatform.LazyLauncher.execute(LazyLauncher.java:56)
	at org.apache.maven.surefire.junitplatform.JUnitPlatformProvider.invokeAllTests(JUnitPlatformProvider.java:162)
	at org.apache.maven.surefire.junitplatform.JUnitPlatformProvider.invoke(JUnitPlatformProvider.java:120)
	at org.apache.maven.surefire.booter.ForkedBooter.runSuitesInProcess(ForkedBooter.java:385)
	at org.apache.maven.surefire.booter.ForkedBooter.execute(ForkedBooter.java:162)
	at org.apache.maven.surefire.booter.ForkedBooter.run(ForkedBooter.java:507)
	at org.apache.maven.surefire.booter.ForkedBooter.main(ForkedBooter.java:495)
Caused by: org.apache.ratis.protocol.exceptions.NotReplicatedException: Request with call Id 87 and log index 101 is not yet replicated to ALL_COMMITTED
	at org.apache.ratis.client.impl.ClientProtoUtils.toRaftClientReply(ClientProtoUtils.java:400)
	at org.apache.ratis.grpc.client.GrpcClientProtocolClient$AsyncStreamObservers$1.onNext(GrpcClientProtocolClient.java:310)
	at org.apache.ratis.grpc.client.GrpcClientProtocolClient$AsyncStreamObservers$1.onNext(GrpcClientProtocolClient.java:305)
	at org.apache.ratis.thirdparty.io.grpc.stub.ClientCalls$StreamObserverToCallListenerAdapter.onMessage(ClientCalls.java:468)
	at org.apache.ratis.thirdparty.io.grpc.ForwardingClientCallListener.onMessage(ForwardingClientCallListener.java:33)
	at org.apache.ratis.thirdparty.io.grpc.internal.ClientCallImpl$ClientStreamListenerImpl$1MessagesAvailable.runInternal(ClientCallImpl.java:660)
	at org.apache.ratis.thirdparty.io.grpc.internal.ClientCallImpl$ClientStreamListenerImpl$1MessagesAvailable.runInContext(ClientCallImpl.java:647)
	at org.apache.ratis.thirdparty.io.grpc.internal.ContextRunnable.run(ContextRunnable.java:37)
	at org.apache.ratis.thirdparty.io.grpc.internal.SerializingExecutor.run(SerializingExecutor.java:133)
	at java.util.concurrent.ThreadPoolExecutor.runWorker(ThreadPoolExecutor.java:1149)
	at java.util.concurrent.ThreadPoolExecutor$Worker.run(ThreadPoolExecutor.java:624)
	at java.lang.Thread.run(Thread.java:750)
2023-12-28 09:10:55,111 [grpc-default-executor-4] WARN  server.GrpcLogAppender (LogUtils.java:warn(121)) - d986c04d-7a68-472d-88d2-fc056c6b4cf5@group-54DEAA79E54E->1f676f73-0748-4b3a-9af1-03dc59351857-AppendLogResponseHandler: Failed appendEntries: org.apache.ratis.thirdparty.io.grpc.StatusRuntimeException: UNAVAILABLE: io exception
2023-12-28 09:10:55,111 [grpc-default-executor-6] WARN  server.GrpcLogAppender (LogUtils.java:warn(121)) - d986c04d-7a68-472d-88d2-fc056c6b4cf5@group-54DEAA79E54E->1f676f73-0748-4b3a-9af1-03dc59351857-AppendLogResponseHandler: Failed appendEntries: org.apache.ratis.thirdparty.io.grpc.StatusRuntimeException: UNAVAILABLE: io exception
2023-12-28 09:10:55,112 [grpc-default-executor-4] WARN  server.GrpcLogAppender (GrpcLogAppender.java:resetClient(140)) - d986c04d-7a68-472d-88d2-fc056c6b4cf5@group-54DEAA79E54E->1f676f73-0748-4b3a-9af1-03dc59351857-GrpcLogAppender: Follower failed and request == null,  keep nextIndex (3) unchanged and retry.
2023-12-28 09:10:55,112 [grpc-default-executor-6] WARN  server.GrpcLogAppender (GrpcLogAppender.java:resetClient(140)) - d986c04d-7a68-472d-88d2-fc056c6b4cf5@group-54DEAA79E54E->1f676f73-0748-4b3a-9af1-03dc59351857-GrpcLogAppender: Follower failed and request == null,  keep nextIndex (3) unchanged and retry.
2023-12-28 09:10:55,399 [grpc-default-executor-6] WARN  server.GrpcLogAppender (LogUtils.java:warn(121)) - d986c04d-7a68-472d-88d2-fc056c6b4cf5@group-54DEAA79E54E->7bf28275-35a3-4339-bf85-2ac062f1a076-AppendLogResponseHandler: Failed appendEntries: org.apache.ratis.thirdparty.io.grpc.StatusRuntimeException: UNAVAILABLE: io exception
2023-12-28 09:10:55,399 [grpc-default-executor-4] WARN  server.GrpcLogAppender (LogUtils.java:warn(121)) - d986c04d-7a68-472d-88d2-fc056c6b4cf5@group-54DEAA79E54E->7bf28275-35a3-4339-bf85-2ac062f1a076-AppendLogResponseHandler: Failed appendEntries: org.apache.ratis.thirdparty.io.grpc.StatusRuntimeException: UNAVAILABLE: io exception
2023-12-28 09:10:55,399 [grpc-default-executor-6] WARN  server.GrpcLogAppender (GrpcLogAppender.java:resetClient(140)) - d986c04d-7a68-472d-88d2-fc056c6b4cf5@group-54DEAA79E54E->7bf28275-35a3-4339-bf85-2ac062f1a076-GrpcLogAppender: Follower failed and request == null,  keep nextIndex (3) unchanged and retry.
2023-12-28 09:10:55,400 [grpc-default-executor-4] WARN  server.GrpcLogAppender (GrpcLogAppender.java:resetClient(140)) - d986c04d-7a68-472d-88d2-fc056c6b4cf5@group-54DEAA79E54E->7bf28275-35a3-4339-bf85-2ac062f1a076-GrpcLogAppender: Follower failed and request == null,  keep nextIndex (3) unchanged and retry.
2023-12-28 09:10:55,498 [d986c04d-7a68-472d-88d2-fc056c6b4cf5@group-54DEAA79E54E-LeaderStateImpl] WARN  server.RaftServer$Division (LeaderStateImpl.java:checkLeadership(1087)) - d986c04d-7a68-472d-88d2-fc056c6b4cf5@group-54DEAA79E54E-LeaderStateImpl: Lost leadership on term: 1. Election timeout: 5200ms. In charge for: 10627ms. Conf: 0: peers:[7bf28275-35a3-4339-bf85-2ac062f1a076|10.1.0.14:15486, 1f676f73-0748-4b3a-9af1-03dc59351857|10.1.0.14:15495, d986c04d-7a68-472d-88d2-fc056c6b4cf5|10.1.0.14:15504]|listeners:[], old=null
2023-12-28 09:10:55,498 [d986c04d-7a68-472d-88d2-fc056c6b4cf5@group-54DEAA79E54E-LeaderStateImpl] WARN  server.RaftServer$Division (LeaderStateImpl.java:lambda$checkLeadership$21(1091)) - Follower d986c04d-7a68-472d-88d2-fc056c6b4cf5@group-54DEAA79E54E->7bf28275-35a3-4339-bf85-2ac062f1a076(c1,m2,n3, caughtUp=true, lastRpcSendTime=98, lastRpcResponseTime=10400)
2023-12-28 09:10:55,499 [d986c04d-7a68-472d-88d2-fc056c6b4cf5@group-54DEAA79E54E-LeaderStateImpl] WARN  server.RaftServer$Division (LeaderStateImpl.java:lambda$checkLeadership$21(1091)) - Follower d986c04d-7a68-472d-88d2-fc056c6b4cf5@group-54DEAA79E54E->1f676f73-0748-4b3a-9af1-03dc59351857(c2,m2,n3, caughtUp=true, lastRpcSendTime=385, lastRpcResponseTime=7896)
2023-12-28 09:10:55,499 [d986c04d-7a68-472d-88d2-fc056c6b4cf5@group-54DEAA79E54E-LeaderStateImpl] INFO  server.RaftServer$Division (RaftServerImpl.java:setRole(379)) - d986c04d-7a68-472d-88d2-fc056c6b4cf5@group-54DEAA79E54E: changes role from    LEADER to FOLLOWER at term 1 for StepDownReason:LOST_MAJORITY_HEARTBEATS
2023-12-28 09:10:55,499 [d986c04d-7a68-472d-88d2-fc056c6b4cf5@group-54DEAA79E54E-LeaderStateImpl] INFO  impl.RoleInfo (RoleInfo.java:shutdownLeaderState(94)) - d986c04d-7a68-472d-88d2-fc056c6b4cf5: shutdown d986c04d-7a68-472d-88d2-fc056c6b4cf5@group-54DEAA79E54E-LeaderStateImpl
2023-12-28 09:10:55,499 [d986c04d-7a68-472d-88d2-fc056c6b4cf5@group-54DEAA79E54E->7bf28275-35a3-4339-bf85-2ac062f1a076-GrpcLogAppender-LogAppenderDaemon] WARN  server.GrpcLogAppender (GrpcLogAppender.java:mayWait(212)) - d986c04d-7a68-472d-88d2-fc056c6b4cf5@group-54DEAA79E54E->7bf28275-35a3-4339-bf85-2ac062f1a076-GrpcLogAppender: Wait interrupted by java.lang.InterruptedException
2023-12-28 09:10:55,499 [d986c04d-7a68-472d-88d2-fc056c6b4cf5@group-54DEAA79E54E-LeaderStateImpl] INFO  impl.PendingRequests (PendingRequests.java:sendNotLeaderResponses(289)) - d986c04d-7a68-472d-88d2-fc056c6b4cf5@group-54DEAA79E54E-PendingRequests: sendNotLeaderResponses
2023-12-28 09:10:55,499 [d986c04d-7a68-472d-88d2-fc056c6b4cf5@group-54DEAA79E54E->1f676f73-0748-4b3a-9af1-03dc59351857-GrpcLogAppender-LogAppenderDaemon] WARN  server.GrpcLogAppender (GrpcLogAppender.java:mayWait(212)) - d986c04d-7a68-472d-88d2-fc056c6b4cf5@group-54DEAA79E54E->1f676f73-0748-4b3a-9af1-03dc59351857-GrpcLogAppender: Wait interrupted by java.lang.InterruptedException
2023-12-28 09:10:55,500 [null-request--thread1] INFO  server.GrpcClientProtocolService (GrpcClientProtocolService.java:lambda$processClientRequest$0(284)) - Failed RaftClientRequest:client-1659CE0A56C4->d986c04d-7a68-472d-88d2-fc056c6b4cf5@group-54DEAA79E54E, cid=88, seq=null, Watch-MAJORITY_COMMITTED(101), Message:<EMPTY>, reply=RaftClientReply:client-1659CE0A56C4->d986c04d-7a68-472d-88d2-fc056c6b4cf5@group-54DEAA79E54E, cid=88, FAILED org.apache.ratis.protocol.exceptions.NotLeaderException: Server d986c04d-7a68-472d-88d2-fc056c6b4cf5@group-54DEAA79E54E is not the leader, logIndex=0, commits[d986c04d-7a68-472d-88d2-fc056c6b4cf5:c2, 7bf28275-35a3-4339-bf85-2ac062f1a076:c1, 1f676f73-0748-4b3a-9af1-03dc59351857:c2]
2023-12-28 09:10:55,501 [d986c04d-7a68-472d-88d2-fc056c6b4cf5@group-54DEAA79E54E-LeaderStateImpl] INFO  server.RaftServer$Division (ServerState.java:setLeader(265)) - d986c04d-7a68-472d-88d2-fc056c6b4cf5@group-54DEAA79E54E: change Leader from d986c04d-7a68-472d-88d2-fc056c6b4cf5 to null at term 1 for StepDownReason:LOST_MAJORITY_HEARTBEATS
2023-12-28 09:10:55,501 [d986c04d-7a68-472d-88d2-fc056c6b4cf5@group-54DEAA79E54E-LeaderStateImpl] INFO  impl.RoleInfo (RoleInfo.java:updateAndGet(139)) - d986c04d-7a68-472d-88d2-fc056c6b4cf5: start d986c04d-7a68-472d-88d2-fc056c6b4cf5@group-54DEAA79E54E-FollowerState
2023-12-28 09:10:56,102 [d986c04d-7a68-472d-88d2-fc056c6b4cf5-CloseContainerThread-0] INFO  commandhandler.CloseContainerCommandHandler (CloseContainerCommandHandler.java:lambda$handle$0(153)) - Follower cannot close container #1.
2023-12-28 09:10:57,712 [BackgroundPipelineScrubber] INFO  pipeline.PipelineManagerImpl (PipelineManagerImpl.java:scrubPipelines(610)) - Scrubbing pipeline: id: PipelineID=22b9990f-01f3-4614-90dc-54deaa79e54e since it stays at CLOSED stage.
2023-12-28 09:10:57,713 [BackgroundPipelineScrubber] INFO  pipeline.RatisPipelineProvider (RatisPipelineProvider.java:lambda$close$4(272)) - Send pipeline:PipelineID=22b9990f-01f3-4614-90dc-54deaa79e54e close command to datanode 7bf28275-35a3-4339-bf85-2ac062f1a076
2023-12-28 09:10:57,713 [BackgroundPipelineScrubber] INFO  pipeline.RatisPipelineProvider (RatisPipelineProvider.java:lambda$close$4(272)) - Send pipeline:PipelineID=22b9990f-01f3-4614-90dc-54deaa79e54e close command to datanode 1f676f73-0748-4b3a-9af1-03dc59351857
2023-12-28 09:10:57,713 [BackgroundPipelineScrubber] INFO  pipeline.RatisPipelineProvider (RatisPipelineProvider.java:lambda$close$4(272)) - Send pipeline:PipelineID=22b9990f-01f3-4614-90dc-54deaa79e54e close command to datanode d986c04d-7a68-472d-88d2-fc056c6b4cf5
2023-12-28 09:10:57,714 [BackgroundPipelineScrubber] INFO  pipeline.PipelineManagerImpl (PipelineManagerImpl.java:removePipeline(459)) - Pipeline Pipeline[ Id: 22b9990f-01f3-4614-90dc-54deaa79e54e, Nodes: 7bf28275-35a3-4339-bf85-2ac062f1a076(fv-az1384-14.e3qrh24bduyexj1tcof5x1etkc.ex.internal.cloudapp.net/10.1.0.14)1f676f73-0748-4b3a-9af1-03dc59351857(fv-az1384-14.e3qrh24bduyexj1tcof5x1etkc.ex.internal.cloudapp.net/10.1.0.14)d986c04d-7a68-472d-88d2-fc056c6b4cf5(fv-az1384-14.e3qrh24bduyexj1tcof5x1etkc.ex.internal.cloudapp.net/10.1.0.14), ReplicationConfig: RATIS/THREE, State:CLOSED, leaderId:d986c04d-7a68-472d-88d2-fc056c6b4cf5, CreationTimestamp2023-12-28T09:10:36.787Z[Etc/UTC]] removed.
2023-12-28 09:10:59,102 [d986c04d-7a68-472d-88d2-fc056c6b4cf5-PipelineCommandHandlerThread-0] INFO  server.RaftServer (RaftServerProxy.java:remove(111)) - d986c04d-7a68-472d-88d2-fc056c6b4cf5: remove  FOLLOWER d986c04d-7a68-472d-88d2-fc056c6b4cf5@group-54DEAA79E54E:t1, leader=null, voted=d986c04d-7a68-472d-88d2-fc056c6b4cf5, raftlog=Memoized:d986c04d-7a68-472d-88d2-fc056c6b4cf5@group-54DEAA79E54E-SegmentedRaftLog:OPENED:c2, conf=0: peers:[7bf28275-35a3-4339-bf85-2ac062f1a076|10.1.0.14:15486, 1f676f73-0748-4b3a-9af1-03dc59351857|10.1.0.14:15495, d986c04d-7a68-472d-88d2-fc056c6b4cf5|10.1.0.14:15504]|listeners:[], old=null RUNNING
2023-12-28 09:10:59,102 [d986c04d-7a68-472d-88d2-fc056c6b4cf5-PipelineCommandHandlerThread-0] INFO  server.RaftServer$Division (RaftServerImpl.java:lambda$close$3(516)) - d986c04d-7a68-472d-88d2-fc056c6b4cf5@group-54DEAA79E54E: shutdown
2023-12-28 09:10:59,103 [d986c04d-7a68-472d-88d2-fc056c6b4cf5-PipelineCommandHandlerThread-0] INFO  util.JmxRegister (JmxRegister.java:unregister(73)) - Successfully un-registered JMX Bean with object name Ratis:service=RaftServer,group=group-54DEAA79E54E,id=d986c04d-7a68-472d-88d2-fc056c6b4cf5
2023-12-28 09:10:59,103 [d986c04d-7a68-472d-88d2-fc056c6b4cf5-PipelineCommandHandlerThread-0] INFO  impl.RoleInfo (RoleInfo.java:shutdownFollowerState(110)) - d986c04d-7a68-472d-88d2-fc056c6b4cf5: shutdown d986c04d-7a68-472d-88d2-fc056c6b4cf5@group-54DEAA79E54E-FollowerState
2023-12-28 09:10:59,103 [d986c04d-7a68-472d-88d2-fc056c6b4cf5-PipelineCommandHandlerThread-0] INFO  impl.StateMachineUpdater (StateMachineUpdater.java:stopAndJoin(157)) - d986c04d-7a68-472d-88d2-fc056c6b4cf5@group-54DEAA79E54E-StateMachineUpdater: set stopIndex = 2
2023-12-28 09:10:59,103 [d986c04d-7a68-472d-88d2-fc056c6b4cf5@group-54DEAA79E54E-FollowerState] INFO  impl.FollowerState (FollowerState.java:run(152)) - d986c04d-7a68-472d-88d2-fc056c6b4cf5@group-54DEAA79E54E-FollowerState was interrupted
2023-12-28 09:10:59,103 [d986c04d-7a68-472d-88d2-fc056c6b4cf5@group-54DEAA79E54E-StateMachineUpdater] INFO  ratis.ContainerStateMachine (ContainerStateMachine.java:takeSnapshot(355)) - group-54DEAA79E54E: Taking a snapshot at:(t:1, i:2) file /home/runner/work/ozone/ozone/hadoop-ozone/integration-test/target/test-dir/MiniOzoneClusterImpl-11b76480-f5fe-46c6-962b-c791e86a534f/datanode-5/data/ratis/22b9990f-01f3-4614-90dc-54deaa79e54e/sm/snapshot.1_2
2023-12-28 09:10:59,104 [d986c04d-7a68-472d-88d2-fc056c6b4cf5@group-54DEAA79E54E-StateMachineUpdater] INFO  ratis.ContainerStateMachine (ContainerStateMachine.java:takeSnapshot(366)) - group-54DEAA79E54E: Finished taking a snapshot at:(t:1, i:2) file:/home/runner/work/ozone/ozone/hadoop-ozone/integration-test/target/test-dir/MiniOzoneClusterImpl-11b76480-f5fe-46c6-962b-c791e86a534f/datanode-5/data/ratis/22b9990f-01f3-4614-90dc-54deaa79e54e/sm/snapshot.1_2 took: 1 ms
2023-12-28 09:10:59,104 [d986c04d-7a68-472d-88d2-fc056c6b4cf5@group-54DEAA79E54E-StateMachineUpdater] INFO  impl.StateMachineUpdater (StateMachineUpdater.java:takeSnapshot(295)) - d986c04d-7a68-472d-88d2-fc056c6b4cf5@group-54DEAA79E54E-StateMachineUpdater: Took a snapshot at index 2
2023-12-28 09:10:59,104 [d986c04d-7a68-472d-88d2-fc056c6b4cf5@group-54DEAA79E54E-StateMachineUpdater] INFO  impl.StateMachineUpdater (StateMachineUpdater.java:lambda$new$0(98)) - d986c04d-7a68-472d-88d2-fc056c6b4cf5@group-54DEAA79E54E-StateMachineUpdater: snapshotIndex: updateIncreasingly -1 -> 2
2023-12-28 09:10:59,104 [d986c04d-7a68-472d-88d2-fc056c6b4cf5-PipelineCommandHandlerThread-0] INFO  server.RaftServer$Division (ServerState.java:close(423)) - d986c04d-7a68-472d-88d2-fc056c6b4cf5@group-54DEAA79E54E: applyIndex: 2
2023-12-28 09:10:59,104 [d986c04d-7a68-472d-88d2-fc056c6b4cf5@group-54DEAA79E54E-cacheEviction-AwaitToRun] INFO  util.AwaitToRun (AwaitToRun.java:run(49)) - d986c04d-7a68-472d-88d2-fc056c6b4cf5@group-54DEAA79E54E-cacheEviction-AwaitToRun-AwaitForSignal is interrupted
2023-12-28 09:11:00,099 [d986c04d-7a68-472d-88d2-fc056c6b4cf5-PipelineCommandHandlerThread-0] INFO  segmented.SegmentedRaftLogWorker (SegmentedRaftLogWorker.java:close(243)) - d986c04d-7a68-472d-88d2-fc056c6b4cf5@group-54DEAA79E54E-SegmentedRaftLogWorker close()
2023-12-28 09:11:00,101 [d986c04d-7a68-472d-88d2-fc056c6b4cf5-PipelineCommandHandlerThread-0] INFO  keyvalue.KeyValueContainer (KeyValueContainer.java:flushAndSyncDB(522)) - Container 1 is synced with bcsId 0.
2023-12-28 09:11:00,101 [d986c04d-7a68-472d-88d2-fc056c6b4cf5-PipelineCommandHandlerThread-0] INFO  keyvalue.KeyValueContainer (KeyValueContainer.java:flushAndSyncDB(522)) - Container 1 is synced with bcsId 0.
2023-12-28 09:11:00,103 [d986c04d-7a68-472d-88d2-fc056c6b4cf5-PipelineCommandHandlerThread-0] INFO  server.RaftServer$Division (RaftServerImpl.java:groupRemove(486)) - d986c04d-7a68-472d-88d2-fc056c6b4cf5@group-54DEAA79E54E: Succeed to remove RaftStorageDirectory Storage Directory /home/runner/work/ozone/ozone/hadoop-ozone/integration-test/target/test-dir/MiniOzoneClusterImpl-11b76480-f5fe-46c6-962b-c791e86a534f/datanode-5/data/ratis/22b9990f-01f3-4614-90dc-54deaa79e54e
2023-12-28 09:11:00,103 [d986c04d-7a68-472d-88d2-fc056c6b4cf5-PipelineCommandHandlerThread-0] INFO  commandhandler.ClosePipelineCommandHandler (ClosePipelineCommandHandler.java:lambda$handle$0(87)) - Close Pipeline PipelineID=22b9990f-01f3-4614-90dc-54deaa79e54e command on datanode d986c04d-7a68-472d-88d2-fc056c6b4cf5.
2023-12-28 09:11:00,103 [FixedThreadPoolWithAffinityExecutor-0-0] INFO  container.IncrementalContainerReportHandler (AbstractContainerReportHandler.java:updateContainerState(287)) - Moving container #1 to QUASI_CLOSED state, datanode d986c04d-7a68-472d-88d2-fc056c6b4cf5(fv-az1384-14.e3qrh24bduyexj1tcof5x1etkc.ex.internal.cloudapp.net/10.1.0.14) reported QUASI_CLOSED replica.
2023-12-28 09:11:06,101 [main] INFO  ozone.MiniOzoneClusterImpl (MiniOzoneClusterImpl.java:shutdown(450)) - Shutting down the Mini Ozone Cluster
2023-12-28 09:11:06,101 [main] INFO  ozone.MiniOzoneClusterImpl (MiniOzoneClusterImpl.java:stop(467)) - Stopping the Mini Ozone Cluster
2023-12-28 09:11:06,101 [main] INFO  om.OzoneManager (OzoneManager.java:stop(2206)) - om1[localhost:15449]: Stopping Ozone Manager
2023-12-28 09:11:06,101 [main] INFO  ipc.Server (Server.java:stop(3523)) - Stopping server on 15449
2023-12-28 09:11:06,104 [IPC Server Responder] INFO  ipc.Server (Server.java:run(1567)) - Stopping IPC Server Responder
2023-12-28 09:11:06,107 [IPC Server listener on 15449] INFO  ipc.Server (Server.java:run(1434)) - Stopping IPC Server listener on 15449
2023-12-28 09:11:06,107 [main] INFO  server.RaftServer (RaftServerProxy.java:lambda$close$9(416)) - om1: close
2023-12-28 09:11:06,109 [main] INFO  server.GrpcService (GrpcService.java:closeImpl(311)) - om1: shutdown server GrpcServerProtocolService now
2023-12-28 09:11:06,109 [om1-impl-thread1] INFO  server.RaftServer$Division (RaftServerImpl.java:lambda$close$3(516)) - om1@group-C5BA1605619E: shutdown
2023-12-28 09:11:06,110 [om1-impl-thread1] INFO  util.JmxRegister (JmxRegister.java:unregister(73)) - Successfully un-registered JMX Bean with object name Ratis:service=RaftServer,group=group-C5BA1605619E,id=om1
2023-12-28 09:11:06,110 [om1-impl-thread1] INFO  impl.RoleInfo (RoleInfo.java:shutdownLeaderState(94)) - om1: shutdown om1@group-C5BA1605619E-LeaderStateImpl
2023-12-28 09:11:06,110 [om1-impl-thread1] INFO  impl.PendingRequests (PendingRequests.java:sendNotLeaderResponses(289)) - om1@group-C5BA1605619E-PendingRequests: sendNotLeaderResponses
2023-12-28 09:11:06,110 [main] INFO  server.GrpcService (GrpcService.java:closeImpl(320)) - om1: shutdown server GrpcServerProtocolService successfully
2023-12-28 09:11:06,117 [om1-impl-thread1] INFO  impl.StateMachineUpdater (StateMachineUpdater.java:stopAndJoin(157)) - om1@group-C5BA1605619E-StateMachineUpdater: set stopIndex = 4
2023-12-28 09:11:06,117 [om1@group-C5BA1605619E-StateMachineUpdater] INFO  ratis.OzoneManagerStateMachine (OzoneManagerStateMachine.java:takeSnapshot(496)) - Current Snapshot Index (t:1, i:4)
2023-12-28 09:11:06,129 [om1@group-C5BA1605619E-StateMachineUpdater] INFO  impl.StateMachineUpdater (StateMachineUpdater.java:takeSnapshot(295)) - om1@group-C5BA1605619E-StateMachineUpdater: Took a snapshot at index 4
2023-12-28 09:11:06,130 [om1@group-C5BA1605619E-StateMachineUpdater] INFO  impl.StateMachineUpdater (StateMachineUpdater.java:lambda$new$0(98)) - om1@group-C5BA1605619E-StateMachineUpdater: snapshotIndex: updateIncreasingly -1 -> 4
2023-12-28 09:11:06,130 [om1@group-C5BA1605619E-StateMachineUpdater] INFO  ratis.OzoneManagerStateMachine (OzoneManagerStateMachine.java:close(546)) - StateMachine has shutdown. Shutdown OzoneManager if not already shutdown.
2023-12-28 09:11:06,130 [om1@group-C5BA1605619E-StateMachineUpdater] INFO  ratis.OzoneManagerDoubleBuffer (OzoneManagerDoubleBuffer.java:stopDaemon(554)) - Stopping OMDoubleBuffer flush thread
2023-12-28 09:11:06,130 [om1-OMDoubleBufferFlushThread] INFO  ratis.OzoneManagerDoubleBuffer (OzoneManagerDoubleBuffer.java:canFlush(640)) - OMDoubleBuffer flush thread om1-OMDoubleBufferFlushThread is interrupted and will exit.
2023-12-28 09:11:06,130 [om1@group-C5BA1605619E-StateMachineUpdater] INFO  ratis.OzoneManagerStateMachine (OzoneManagerStateMachine.java:stop(756)) - applyTransactionMap size 0 
2023-12-28 09:11:06,130 [om1@group-C5BA1605619E-StateMachineUpdater] INFO  ratis.OzoneManagerStateMachine (OzoneManagerStateMachine.java:stop(762)) - ratisTransactionMap size 0
2023-12-28 09:11:06,131 [om1-impl-thread1] INFO  server.RaftServer$Division (ServerState.java:close(423)) - om1@group-C5BA1605619E: applyIndex: 4
2023-12-28 09:11:06,131 [om1@group-C5BA1605619E-cacheEviction-AwaitToRun] INFO  util.AwaitToRun (AwaitToRun.java:run(49)) - om1@group-C5BA1605619E-cacheEviction-AwaitToRun-AwaitForSignal is interrupted
2023-12-28 09:11:07,067 [om1-impl-thread1] INFO  segmented.SegmentedRaftLogWorker (SegmentedRaftLogWorker.java:close(243)) - om1@group-C5BA1605619E-SegmentedRaftLogWorker close()
2023-12-28 09:11:07,067 [JvmPauseMonitor56] INFO  util.JvmPauseMonitor (JvmPauseMonitor.java:run(152)) - JvmPauseMonitor-om1: Stopped
2023-12-28 09:11:07,067 [main] INFO  ratis.OzoneManagerStateMachine (OzoneManagerStateMachine.java:close(546)) - StateMachine has shutdown. Shutdown OzoneManager if not already shutdown.
2023-12-28 09:11:07,067 [main] INFO  ratis.OzoneManagerDoubleBuffer (OzoneManagerDoubleBuffer.java:stopDaemon(563)) - OMDoubleBuffer flush thread is not running.
2023-12-28 09:11:07,067 [main] INFO  ratis.OzoneManagerStateMachine (OzoneManagerStateMachine.java:stop(756)) - applyTransactionMap size 0 
2023-12-28 09:11:07,068 [main] INFO  ratis.OzoneManagerStateMachine (OzoneManagerStateMachine.java:stop(762)) - ratisTransactionMap size 0
2023-12-28 09:11:07,068 [main] INFO  utils.BackgroundService (BackgroundService.java:shutdown(160)) - Shutting down service KeyDeletingService
2023-12-28 09:11:07,068 [main] INFO  utils.BackgroundService (BackgroundService.java:shutdown(160)) - Shutting down service DirectoryDeletingService
2023-12-28 09:11:07,068 [main] INFO  utils.BackgroundService (BackgroundService.java:shutdown(160)) - Shutting down service OpenKeyCleanupService
2023-12-28 09:11:07,069 [main] INFO  utils.BackgroundService (BackgroundService.java:shutdown(160)) - Shutting down service SstFilteringService
2023-12-28 09:11:07,069 [main] INFO  utils.BackgroundService (BackgroundService.java:shutdown(160)) - Shutting down service SnapshotDeletingService
2023-12-28 09:11:07,069 [main] INFO  utils.BackgroundService (BackgroundService.java:shutdown(160)) - Shutting down service MultipartUploadCleanupService
2023-12-28 09:11:07,070 [main] INFO  handler.ContextHandler (ContextHandler.java:doStop(1159)) - Stopped o.e.j.w.WebAppContext@256dd56e{ozoneManager,/,null,STOPPED}{file:/home/runner/work/ozone/ozone/hadoop-ozone/integration-test/target/test-classes/webapps/ozoneManager}
2023-12-28 09:11:07,070 [main] INFO  server.AbstractConnector (AbstractConnector.java:doStop(383)) - Stopped ServerConnector@d5c0bf9{HTTP/1.1, (http/1.1)}{0.0.0.0:15450}
2023-12-28 09:11:07,070 [main] INFO  server.session (HouseKeeper.java:stopScavenging(149)) - node0 Stopped scavenging
2023-12-28 09:11:07,070 [main] INFO  handler.ContextHandler (ContextHandler.java:doStop(1159)) - Stopped o.e.j.s.ServletContextHandler@4f3ad071{static,/static,file:///home/runner/work/ozone/ozone/hadoop-ozone/integration-test/target/test-classes/webapps/static,STOPPED}
2023-12-28 09:11:07,070 [main] INFO  handler.ContextHandler (ContextHandler.java:doStop(1159)) - Stopped o.e.j.s.ServletContextHandler@569a0501{logs,/logs,file:///home/runner/work/ozone/ozone/hadoop-ozone/integration-test/target/log,STOPPED}
2023-12-28 09:11:07,071 [main] INFO  rocksdiff.RocksDBCheckpointDiffer (RocksDBCheckpointDiffer.java:close(310)) - Shutting down CompactionDagPruningService.
2023-12-28 09:11:07,072 [main] INFO  snapshot.SnapshotDiffManager (SnapshotDiffManager.java:closeExecutorService(1688)) - Shutting down executorService: 'SnapDiffExecutor'
2023-12-28 09:11:07,073 [main] INFO  snapshot.SnapshotDiffManager (SnapshotDiffManager.java:closeExecutorService(1688)) - Shutting down executorService: 'SstDumpToolExecutor'
2023-12-28 09:11:07,073 [main] INFO  utils.BackgroundService (BackgroundService.java:shutdown(160)) - Shutting down service SnapshotDiffCleanupService
2023-12-28 09:11:07,073 [main] INFO  ozone.MiniOzoneClusterImpl (MiniOzoneClusterImpl.java:stopDatanodes(537)) - Stopping the HddsDatanodes
2023-12-28 09:11:07,077 [ForkJoinPool.commonPool-worker-5] INFO  ozoneimpl.OzoneContainer (OzoneContainer.java:stop(463)) - Attempting to stop container services.
2023-12-28 09:11:07,078 [main] INFO  ozoneimpl.OzoneContainer (OzoneContainer.java:stop(463)) - Attempting to stop container services.
2023-12-28 09:11:07,078 [ForkJoinPool.commonPool-worker-5] INFO  server.RaftServer (RaftServerProxy.java:lambda$close$9(416)) - a0932215-df16-440c-a3f0-f0918056a56b: close
2023-12-28 09:11:07,078 [main] INFO  server.RaftServer (RaftServerProxy.java:lambda$close$9(416)) - d986c04d-7a68-472d-88d2-fc056c6b4cf5: close
2023-12-28 09:11:07,078 [ForkJoinPool.commonPool-worker-6] INFO  ozoneimpl.OzoneContainer (OzoneContainer.java:stop(463)) - Attempting to stop container services.
2023-12-28 09:11:07,079 [a0932215-df16-440c-a3f0-f0918056a56b-impl-thread1] INFO  server.RaftServer$Division (RaftServerImpl.java:lambda$close$3(516)) - a0932215-df16-440c-a3f0-f0918056a56b@group-CDCE57A2A640: shutdown
2023-12-28 09:11:07,079 [ForkJoinPool.commonPool-worker-6] INFO  server.RaftServer (RaftServerProxy.java:lambda$close$9(416)) - bc83b340-cccb-4d5a-a730-8abffc996f86: close
2023-12-28 09:11:07,079 [d986c04d-7a68-472d-88d2-fc056c6b4cf5-impl-thread1] INFO  server.RaftServer$Division (RaftServerImpl.java:lambda$close$3(516)) - d986c04d-7a68-472d-88d2-fc056c6b4cf5@group-D123B97DF6E8: shutdown
2023-12-28 09:11:07,079 [ForkJoinPool.commonPool-worker-5] INFO  server.GrpcService (GrpcService.java:closeImpl(311)) - a0932215-df16-440c-a3f0-f0918056a56b: shutdown server org.apache.ratis.grpc.server.GrpcClientProtocolService now
2023-12-28 09:11:07,079 [bc83b340-cccb-4d5a-a730-8abffc996f86-impl-thread1] INFO  server.RaftServer$Division (RaftServerImpl.java:lambda$close$3(516)) - bc83b340-cccb-4d5a-a730-8abffc996f86@group-5891F2529D54: shutdown
2023-12-28 09:11:07,079 [main] INFO  server.GrpcService (GrpcService.java:closeImpl(311)) - d986c04d-7a68-472d-88d2-fc056c6b4cf5: shutdown server org.apache.ratis.grpc.server.GrpcClientProtocolService now
2023-12-28 09:11:07,078 [ForkJoinPool.commonPool-worker-4] INFO  ozoneimpl.OzoneContainer (OzoneContainer.java:stop(463)) - Attempting to stop container services.
2023-12-28 09:11:07,079 [bc83b340-cccb-4d5a-a730-8abffc996f86-impl-thread2] INFO  server.RaftServer$Division (RaftServerImpl.java:lambda$close$3(516)) - bc83b340-cccb-4d5a-a730-8abffc996f86@group-06525D7E7823: shutdown
2023-12-28 09:11:07,079 [ForkJoinPool.commonPool-worker-4] INFO  server.RaftServer (RaftServerProxy.java:lambda$close$9(416)) - 44783c19-7880-41e3-960e-1ceedd7807f9: close
2023-12-28 09:11:07,079 [a0932215-df16-440c-a3f0-f0918056a56b-impl-thread2] INFO  server.RaftServer$Division (RaftServerImpl.java:lambda$close$3(516)) - a0932215-df16-440c-a3f0-f0918056a56b@group-DED8B9E962E2: shutdown
2023-12-28 09:11:07,080 [44783c19-7880-41e3-960e-1ceedd7807f9-impl-thread1] INFO  server.RaftServer$Division (RaftServerImpl.java:lambda$close$3(516)) - 44783c19-7880-41e3-960e-1ceedd7807f9@group-FEEEFB768E03: shutdown
2023-12-28 09:11:07,080 [Thread-5597] INFO  server.GrpcServerProtocolClient (GrpcServerProtocolClient.java:close(103)) - e5bd5207-4071-4a5b-ab67-86e23051c304 Close channels
2023-12-28 09:11:07,079 [bc83b340-cccb-4d5a-a730-8abffc996f86-impl-thread1] INFO  util.JmxRegister (JmxRegister.java:unregister(73)) - Successfully un-registered JMX Bean with object name Ratis:service=RaftServer,group=group-5891F2529D54,id=bc83b340-cccb-4d5a-a730-8abffc996f86
2023-12-28 09:11:07,080 [bc83b340-cccb-4d5a-a730-8abffc996f86-impl-thread1] INFO  impl.RoleInfo (RoleInfo.java:shutdownLeaderState(94)) - bc83b340-cccb-4d5a-a730-8abffc996f86: shutdown bc83b340-cccb-4d5a-a730-8abffc996f86@group-5891F2529D54-LeaderStateImpl
2023-12-28 09:11:07,080 [bc83b340-cccb-4d5a-a730-8abffc996f86-impl-thread1] INFO  impl.PendingRequests (PendingRequests.java:sendNotLeaderResponses(289)) - bc83b340-cccb-4d5a-a730-8abffc996f86@group-5891F2529D54-PendingRequests: sendNotLeaderResponses
2023-12-28 09:11:07,080 [ForkJoinPool.commonPool-worker-4] INFO  server.GrpcService (GrpcService.java:closeImpl(311)) - 44783c19-7880-41e3-960e-1ceedd7807f9: shutdown server org.apache.ratis.grpc.server.GrpcClientProtocolService now
2023-12-28 09:11:07,080 [44783c19-7880-41e3-960e-1ceedd7807f9-impl-thread2] INFO  server.RaftServer$Division (RaftServerImpl.java:lambda$close$3(516)) - 44783c19-7880-41e3-960e-1ceedd7807f9@group-06525D7E7823: shutdown
2023-12-28 09:11:07,080 [44783c19-7880-41e3-960e-1ceedd7807f9-impl-thread2] INFO  util.JmxRegister (JmxRegister.java:unregister(73)) - Successfully un-registered JMX Bean with object name Ratis:service=RaftServer,group=group-06525D7E7823,id=44783c19-7880-41e3-960e-1ceedd7807f9
2023-12-28 09:11:07,080 [44783c19-7880-41e3-960e-1ceedd7807f9-impl-thread2] INFO  impl.RoleInfo (RoleInfo.java:shutdownFollowerState(110)) - 44783c19-7880-41e3-960e-1ceedd7807f9: shutdown 44783c19-7880-41e3-960e-1ceedd7807f9@group-06525D7E7823-FollowerState
2023-12-28 09:11:07,080 [bc83b340-cccb-4d5a-a730-8abffc996f86-impl-thread1] INFO  impl.StateMachineUpdater (StateMachineUpdater.java:stopAndJoin(157)) - bc83b340-cccb-4d5a-a730-8abffc996f86@group-5891F2529D54-StateMachineUpdater: set stopIndex = 0
2023-12-28 09:11:07,080 [bc83b340-cccb-4d5a-a730-8abffc996f86@group-5891F2529D54-StateMachineUpdater] INFO  ratis.ContainerStateMachine (ContainerStateMachine.java:takeSnapshot(355)) - group-5891F2529D54: Taking a snapshot at:(t:1, i:0) file /home/runner/work/ozone/ozone/hadoop-ozone/integration-test/target/test-dir/MiniOzoneClusterImpl-11b76480-f5fe-46c6-962b-c791e86a534f/datanode-1/data/ratis/076783b7-3132-4f85-a270-5891f2529d54/sm/snapshot.1_0
2023-12-28 09:11:07,079 [ForkJoinPool.commonPool-worker-6] INFO  server.GrpcService (GrpcService.java:closeImpl(311)) - bc83b340-cccb-4d5a-a730-8abffc996f86: shutdown server org.apache.ratis.grpc.server.GrpcClientProtocolService now
2023-12-28 09:11:07,079 [d986c04d-7a68-472d-88d2-fc056c6b4cf5-impl-thread1] INFO  util.JmxRegister (JmxRegister.java:unregister(73)) - Successfully un-registered JMX Bean with object name Ratis:service=RaftServer,group=group-D123B97DF6E8,id=d986c04d-7a68-472d-88d2-fc056c6b4cf5
2023-12-28 09:11:07,081 [44783c19-7880-41e3-960e-1ceedd7807f9@group-06525D7E7823-StateMachineUpdater] INFO  ratis.ContainerStateMachine (ContainerStateMachine.java:takeSnapshot(355)) - group-06525D7E7823: Taking a snapshot at:(t:1, i:0) file /home/runner/work/ozone/ozone/hadoop-ozone/integration-test/target/test-dir/MiniOzoneClusterImpl-11b76480-f5fe-46c6-962b-c791e86a534f/datanode-2/data/ratis/d9aa7e2a-ba71-457a-b112-06525d7e7823/sm/snapshot.1_0
2023-12-28 09:11:07,079 [a0932215-df16-440c-a3f0-f0918056a56b-impl-thread1] INFO  util.JmxRegister (JmxRegister.java:unregister(73)) - Successfully un-registered JMX Bean with object name Ratis:service=RaftServer,group=group-CDCE57A2A640,id=a0932215-df16-440c-a3f0-f0918056a56b
2023-12-28 09:11:07,081 [a0932215-df16-440c-a3f0-f0918056a56b-impl-thread1] INFO  impl.RoleInfo (RoleInfo.java:shutdownLeaderState(94)) - a0932215-df16-440c-a3f0-f0918056a56b: shutdown a0932215-df16-440c-a3f0-f0918056a56b@group-CDCE57A2A640-LeaderStateImpl
2023-12-28 09:11:07,081 [44783c19-7880-41e3-960e-1ceedd7807f9-impl-thread2] INFO  impl.StateMachineUpdater (StateMachineUpdater.java:stopAndJoin(157)) - 44783c19-7880-41e3-960e-1ceedd7807f9@group-06525D7E7823-StateMachineUpdater: set stopIndex = 0
2023-12-28 09:11:07,081 [d986c04d-7a68-472d-88d2-fc056c6b4cf5-impl-thread1] INFO  impl.RoleInfo (RoleInfo.java:shutdownLeaderState(94)) - d986c04d-7a68-472d-88d2-fc056c6b4cf5: shutdown d986c04d-7a68-472d-88d2-fc056c6b4cf5@group-D123B97DF6E8-LeaderStateImpl
2023-12-28 09:11:07,081 [44783c19-7880-41e3-960e-1ceedd7807f9@group-06525D7E7823-FollowerState] INFO  impl.FollowerState (FollowerState.java:run(152)) - 44783c19-7880-41e3-960e-1ceedd7807f9@group-06525D7E7823-FollowerState was interrupted
2023-12-28 09:11:07,080 [Thread-5603] INFO  server.GrpcServerProtocolClient (GrpcServerProtocolClient.java:close(103)) - bc83b340-cccb-4d5a-a730-8abffc996f86 Close channels
2023-12-28 09:11:07,081 [bc83b340-cccb-4d5a-a730-8abffc996f86@group-5891F2529D54-StateMachineUpdater] INFO  ratis.ContainerStateMachine (ContainerStateMachine.java:takeSnapshot(366)) - group-5891F2529D54: Finished taking a snapshot at:(t:1, i:0) file:/home/runner/work/ozone/ozone/hadoop-ozone/integration-test/target/test-dir/MiniOzoneClusterImpl-11b76480-f5fe-46c6-962b-c791e86a534f/datanode-1/data/ratis/076783b7-3132-4f85-a270-5891f2529d54/sm/snapshot.1_0 took: 1 ms
2023-12-28 09:11:07,080 [Thread-5601] INFO  server.GrpcServerProtocolClient (GrpcServerProtocolClient.java:close(103)) - 1f676f73-0748-4b3a-9af1-03dc59351857 Close channels
2023-12-28 09:11:07,081 [bc83b340-cccb-4d5a-a730-8abffc996f86@group-5891F2529D54-StateMachineUpdater] INFO  impl.StateMachineUpdater (StateMachineUpdater.java:takeSnapshot(295)) - bc83b340-cccb-4d5a-a730-8abffc996f86@group-5891F2529D54-StateMachineUpdater: Took a snapshot at index 0
2023-12-28 09:11:07,081 [bc83b340-cccb-4d5a-a730-8abffc996f86@group-5891F2529D54-StateMachineUpdater] INFO  impl.StateMachineUpdater (StateMachineUpdater.java:lambda$new$0(98)) - bc83b340-cccb-4d5a-a730-8abffc996f86@group-5891F2529D54-StateMachineUpdater: snapshotIndex: updateIncreasingly -1 -> 0
2023-12-28 09:11:07,081 [44783c19-7880-41e3-960e-1ceedd7807f9@group-06525D7E7823-StateMachineUpdater] INFO  ratis.ContainerStateMachine (ContainerStateMachine.java:takeSnapshot(366)) - group-06525D7E7823: Finished taking a snapshot at:(t:1, i:0) file:/home/runner/work/ozone/ozone/hadoop-ozone/integration-test/target/test-dir/MiniOzoneClusterImpl-11b76480-f5fe-46c6-962b-c791e86a534f/datanode-2/data/ratis/d9aa7e2a-ba71-457a-b112-06525d7e7823/sm/snapshot.1_0 took: 1 ms
2023-12-28 09:11:07,081 [44783c19-7880-41e3-960e-1ceedd7807f9@group-06525D7E7823-StateMachineUpdater] INFO  impl.StateMachineUpdater (StateMachineUpdater.java:takeSnapshot(295)) - 44783c19-7880-41e3-960e-1ceedd7807f9@group-06525D7E7823-StateMachineUpdater: Took a snapshot at index 0
2023-12-28 09:11:07,081 [44783c19-7880-41e3-960e-1ceedd7807f9@group-06525D7E7823-StateMachineUpdater] INFO  impl.StateMachineUpdater (StateMachineUpdater.java:lambda$new$0(98)) - 44783c19-7880-41e3-960e-1ceedd7807f9@group-06525D7E7823-StateMachineUpdater: snapshotIndex: updateIncreasingly -1 -> 0
2023-12-28 09:11:07,080 [Thread-5599] INFO  server.GrpcServerProtocolClient (GrpcServerProtocolClient.java:close(103)) - 7bf28275-35a3-4339-bf85-2ac062f1a076 Close channels
2023-12-28 09:11:07,080 [44783c19-7880-41e3-960e-1ceedd7807f9-impl-thread1] INFO  util.JmxRegister (JmxRegister.java:unregister(73)) - Successfully un-registered JMX Bean with object name Ratis:service=RaftServer,group=group-FEEEFB768E03,id=44783c19-7880-41e3-960e-1ceedd7807f9
2023-12-28 09:11:07,082 [44783c19-7880-41e3-960e-1ceedd7807f9-impl-thread1] INFO  impl.RoleInfo (RoleInfo.java:shutdownLeaderState(94)) - 44783c19-7880-41e3-960e-1ceedd7807f9: shutdown 44783c19-7880-41e3-960e-1ceedd7807f9@group-FEEEFB768E03-LeaderStateImpl
2023-12-28 09:11:07,082 [44783c19-7880-41e3-960e-1ceedd7807f9-impl-thread1] INFO  impl.PendingRequests (PendingRequests.java:sendNotLeaderResponses(289)) - 44783c19-7880-41e3-960e-1ceedd7807f9@group-FEEEFB768E03-PendingRequests: sendNotLeaderResponses
2023-12-28 09:11:07,082 [44783c19-7880-41e3-960e-1ceedd7807f9-impl-thread1] INFO  impl.StateMachineUpdater (StateMachineUpdater.java:stopAndJoin(157)) - 44783c19-7880-41e3-960e-1ceedd7807f9@group-FEEEFB768E03-StateMachineUpdater: set stopIndex = 0
2023-12-28 09:11:07,080 [a0932215-df16-440c-a3f0-f0918056a56b-impl-thread2] INFO  util.JmxRegister (JmxRegister.java:unregister(73)) - Successfully un-registered JMX Bean with object name Ratis:service=RaftServer,group=group-DED8B9E962E2,id=a0932215-df16-440c-a3f0-f0918056a56b
2023-12-28 09:11:07,082 [a0932215-df16-440c-a3f0-f0918056a56b-impl-thread2] INFO  impl.RoleInfo (RoleInfo.java:shutdownLeaderState(94)) - a0932215-df16-440c-a3f0-f0918056a56b: shutdown a0932215-df16-440c-a3f0-f0918056a56b@group-DED8B9E962E2-LeaderStateImpl
2023-12-28 09:11:07,080 [Thread-5598] INFO  server.GrpcServerProtocolClient (GrpcServerProtocolClient.java:close(103)) - d4ff55f6-7f98-4fff-b295-c0ac26278483 Close channels
2023-12-28 09:11:07,079 [bc83b340-cccb-4d5a-a730-8abffc996f86-impl-thread2] INFO  util.JmxRegister (JmxRegister.java:unregister(73)) - Successfully un-registered JMX Bean with object name Ratis:service=RaftServer,group=group-06525D7E7823,id=bc83b340-cccb-4d5a-a730-8abffc996f86
2023-12-28 09:11:07,082 [bc83b340-cccb-4d5a-a730-8abffc996f86-impl-thread2] INFO  impl.RoleInfo (RoleInfo.java:shutdownLeaderState(94)) - bc83b340-cccb-4d5a-a730-8abffc996f86: shutdown bc83b340-cccb-4d5a-a730-8abffc996f86@group-06525D7E7823-LeaderStateImpl
2023-12-28 09:11:07,082 [44783c19-7880-41e3-960e-1ceedd7807f9@group-FEEEFB768E03-StateMachineUpdater] INFO  ratis.ContainerStateMachine (ContainerStateMachine.java:takeSnapshot(355)) - group-FEEEFB768E03: Taking a snapshot at:(t:1, i:0) file /home/runner/work/ozone/ozone/hadoop-ozone/integration-test/target/test-dir/MiniOzoneClusterImpl-11b76480-f5fe-46c6-962b-c791e86a534f/datanode-2/data/ratis/03e48902-8f1d-4a28-a33a-feeefb768e03/sm/snapshot.1_0
2023-12-28 09:11:07,082 [bc83b340-cccb-4d5a-a730-8abffc996f86@group-06525D7E7823->44783c19-7880-41e3-960e-1ceedd7807f9-GrpcLogAppender-LogAppenderDaemon] WARN  server.GrpcLogAppender (GrpcLogAppender.java:mayWait(212)) - bc83b340-cccb-4d5a-a730-8abffc996f86@group-06525D7E7823->44783c19-7880-41e3-960e-1ceedd7807f9-GrpcLogAppender: Wait interrupted by java.lang.InterruptedException
2023-12-28 09:11:07,082 [main] INFO  server.GrpcService (GrpcService.java:closeImpl(320)) - d986c04d-7a68-472d-88d2-fc056c6b4cf5: shutdown server org.apache.ratis.grpc.server.GrpcClientProtocolService successfully
2023-12-28 09:11:07,083 [main] INFO  server.GrpcService (GrpcService.java:closeImpl(311)) - d986c04d-7a68-472d-88d2-fc056c6b4cf5: shutdown server GrpcServerProtocolService now
2023-12-28 09:11:07,082 [44783c19-7880-41e3-960e-1ceedd7807f9-impl-thread2] INFO  server.RaftServer$Division (ServerState.java:close(423)) - 44783c19-7880-41e3-960e-1ceedd7807f9@group-06525D7E7823: applyIndex: 0
2023-12-28 09:11:07,083 [44783c19-7880-41e3-960e-1ceedd7807f9@group-FEEEFB768E03-StateMachineUpdater] INFO  ratis.ContainerStateMachine (ContainerStateMachine.java:takeSnapshot(366)) - group-FEEEFB768E03: Finished taking a snapshot at:(t:1, i:0) file:/home/runner/work/ozone/ozone/hadoop-ozone/integration-test/target/test-dir/MiniOzoneClusterImpl-11b76480-f5fe-46c6-962b-c791e86a534f/datanode-2/data/ratis/03e48902-8f1d-4a28-a33a-feeefb768e03/sm/snapshot.1_0 took: 1 ms
2023-12-28 09:11:07,081 [bc83b340-cccb-4d5a-a730-8abffc996f86-impl-thread1] INFO  server.RaftServer$Division (ServerState.java:close(423)) - bc83b340-cccb-4d5a-a730-8abffc996f86@group-5891F2529D54: applyIndex: 0
2023-12-28 09:11:07,083 [44783c19-7880-41e3-960e-1ceedd7807f9@group-FEEEFB768E03-StateMachineUpdater] INFO  impl.StateMachineUpdater (StateMachineUpdater.java:takeSnapshot(295)) - 44783c19-7880-41e3-960e-1ceedd7807f9@group-FEEEFB768E03-StateMachineUpdater: Took a snapshot at index 0
2023-12-28 09:11:07,081 [d986c04d-7a68-472d-88d2-fc056c6b4cf5-impl-thread1] INFO  impl.PendingRequests (PendingRequests.java:sendNotLeaderResponses(289)) - d986c04d-7a68-472d-88d2-fc056c6b4cf5@group-D123B97DF6E8-PendingRequests: sendNotLeaderResponses
2023-12-28 09:11:07,083 [d986c04d-7a68-472d-88d2-fc056c6b4cf5-impl-thread1] INFO  impl.StateMachineUpdater (StateMachineUpdater.java:stopAndJoin(157)) - d986c04d-7a68-472d-88d2-fc056c6b4cf5@group-D123B97DF6E8-StateMachineUpdater: set stopIndex = 0
2023-12-28 09:11:07,081 [a0932215-df16-440c-a3f0-f0918056a56b-impl-thread1] INFO  impl.PendingRequests (PendingRequests.java:sendNotLeaderResponses(289)) - a0932215-df16-440c-a3f0-f0918056a56b@group-CDCE57A2A640-PendingRequests: sendNotLeaderResponses
2023-12-28 09:11:07,083 [44783c19-7880-41e3-960e-1ceedd7807f9@group-06525D7E7823-cacheEviction-AwaitToRun] INFO  util.AwaitToRun (AwaitToRun.java:run(49)) - 44783c19-7880-41e3-960e-1ceedd7807f9@group-06525D7E7823-cacheEviction-AwaitToRun-AwaitForSignal is interrupted
2023-12-28 09:11:07,084 [grpc-default-executor-0] INFO  server.GrpcServerProtocolService (GrpcServerProtocolService.java:onCompleted(157)) - 44783c19-7880-41e3-960e-1ceedd7807f9: Completed APPEND_ENTRIES, lastRequest: null
2023-12-28 09:11:07,083 [44783c19-7880-41e3-960e-1ceedd7807f9@group-FEEEFB768E03-StateMachineUpdater] INFO  impl.StateMachineUpdater (StateMachineUpdater.java:lambda$new$0(98)) - 44783c19-7880-41e3-960e-1ceedd7807f9@group-FEEEFB768E03-StateMachineUpdater: snapshotIndex: updateIncreasingly -1 -> 0
2023-12-28 09:11:07,084 [a0932215-df16-440c-a3f0-f0918056a56b-impl-thread1] INFO  impl.StateMachineUpdater (StateMachineUpdater.java:stopAndJoin(157)) - a0932215-df16-440c-a3f0-f0918056a56b@group-CDCE57A2A640-StateMachineUpdater: set stopIndex = 0
2023-12-28 09:11:07,084 [a0932215-df16-440c-a3f0-f0918056a56b@group-CDCE57A2A640-StateMachineUpdater] INFO  ratis.ContainerStateMachine (ContainerStateMachine.java:takeSnapshot(355)) - group-CDCE57A2A640: Taking a snapshot at:(t:1, i:0) file /home/runner/work/ozone/ozone/hadoop-ozone/integration-test/target/test-dir/MiniOzoneClusterImpl-11b76480-f5fe-46c6-962b-c791e86a534f/datanode-7/data/ratis/5f853f62-b0b2-4105-b5fe-cdce57a2a640/sm/snapshot.1_0
2023-12-28 09:11:07,084 [44783c19-7880-41e3-960e-1ceedd7807f9-impl-thread1] INFO  server.RaftServer$Division (ServerState.java:close(423)) - 44783c19-7880-41e3-960e-1ceedd7807f9@group-FEEEFB768E03: applyIndex: 0
2023-12-28 09:11:07,083 [Thread-5605] INFO  server.GrpcServerProtocolClient (GrpcServerProtocolClient.java:close(103)) - e4352bd1-85d5-4ef3-8682-c1451338ec4a Close channels
2023-12-28 09:11:07,083 [a0932215-df16-440c-a3f0-f0918056a56b-impl-thread2] INFO  impl.PendingRequests (PendingRequests.java:sendNotLeaderResponses(289)) - a0932215-df16-440c-a3f0-f0918056a56b@group-DED8B9E962E2-PendingRequests: sendNotLeaderResponses
2023-12-28 09:11:07,083 [a0932215-df16-440c-a3f0-f0918056a56b@group-DED8B9E962E2->d4ff55f6-7f98-4fff-b295-c0ac26278483-GrpcLogAppender-LogAppenderDaemon] WARN  server.GrpcLogAppender (GrpcLogAppender.java:mayWait(212)) - a0932215-df16-440c-a3f0-f0918056a56b@group-DED8B9E962E2->d4ff55f6-7f98-4fff-b295-c0ac26278483-GrpcLogAppender: Wait interrupted by java.lang.InterruptedException
2023-12-28 09:11:07,083 [a0932215-df16-440c-a3f0-f0918056a56b@group-DED8B9E962E2->e5bd5207-4071-4a5b-ab67-86e23051c304-GrpcLogAppender-LogAppenderDaemon] WARN  server.GrpcLogAppender (GrpcLogAppender.java:mayWait(212)) - a0932215-df16-440c-a3f0-f0918056a56b@group-DED8B9E962E2->e5bd5207-4071-4a5b-ab67-86e23051c304-GrpcLogAppender: Wait interrupted by java.lang.InterruptedException
2023-12-28 09:11:07,084 [a0932215-df16-440c-a3f0-f0918056a56b-impl-thread2] INFO  impl.StateMachineUpdater (StateMachineUpdater.java:stopAndJoin(157)) - a0932215-df16-440c-a3f0-f0918056a56b@group-DED8B9E962E2-StateMachineUpdater: set stopIndex = 0
2023-12-28 09:11:07,084 [grpc-default-executor-4] INFO  server.GrpcServerProtocolService (GrpcServerProtocolService.java:onCompleted(157)) - d4ff55f6-7f98-4fff-b295-c0ac26278483: Completed APPEND_ENTRIES, lastRequest: null
2023-12-28 09:11:07,082 [bc83b340-cccb-4d5a-a730-8abffc996f86@group-06525D7E7823->e4352bd1-85d5-4ef3-8682-c1451338ec4a-GrpcLogAppender-LogAppenderDaemon] WARN  server.GrpcLogAppender (GrpcLogAppender.java:mayWait(212)) - bc83b340-cccb-4d5a-a730-8abffc996f86@group-06525D7E7823->e4352bd1-85d5-4ef3-8682-c1451338ec4a-GrpcLogAppender: Wait interrupted by java.lang.InterruptedException
2023-12-28 09:11:07,082 [bc83b340-cccb-4d5a-a730-8abffc996f86-impl-thread2] INFO  impl.PendingRequests (PendingRequests.java:sendNotLeaderResponses(289)) - bc83b340-cccb-4d5a-a730-8abffc996f86@group-06525D7E7823-PendingRequests: sendNotLeaderResponses
2023-12-28 09:11:07,085 [bc83b340-cccb-4d5a-a730-8abffc996f86-impl-thread2] INFO  impl.StateMachineUpdater (StateMachineUpdater.java:stopAndJoin(157)) - bc83b340-cccb-4d5a-a730-8abffc996f86@group-06525D7E7823-StateMachineUpdater: set stopIndex = 0
2023-12-28 09:11:07,085 [a0932215-df16-440c-a3f0-f0918056a56b@group-DED8B9E962E2-StateMachineUpdater] INFO  ratis.ContainerStateMachine (ContainerStateMachine.java:takeSnapshot(355)) - group-DED8B9E962E2: Taking a snapshot at:(t:1, i:0) file /home/runner/work/ozone/ozone/hadoop-ozone/integration-test/target/test-dir/MiniOzoneClusterImpl-11b76480-f5fe-46c6-962b-c791e86a534f/datanode-7/data/ratis/7ca9c5f4-69b5-4390-bd30-ded8b9e962e2/sm/snapshot.1_0
2023-12-28 09:11:07,085 [grpc-default-executor-2] INFO  server.GrpcServerProtocolService (GrpcServerProtocolService.java:onCompleted(157)) - d4ff55f6-7f98-4fff-b295-c0ac26278483: Completed APPEND_ENTRIES, lastRequest: a0932215-df16-440c-a3f0-f0918056a56b->d4ff55f6-7f98-4fff-b295-c0ac26278483#1-t1,previous=(t:0, i:0),leaderCommit=-1,initializing? true,entries: size=1, first=(t:1, i:0), CONFIGURATIONENTRY(current:id: "a0932215-df16-440c-a3f0-f0918056a56b"
address: "10.1.0.14:15522"
priority: 1
dataStreamAddress: "10.1.0.14:15523"
clientAddress: "10.1.0.14:15520"
adminAddress: "10.1.0.14:15521"
startupRole: FOLLOWER
,id: "e5bd5207-4071-4a5b-ab67-86e23051c304"
address: "10.1.0.14:15513"
dataStreamAddress: "10.1.0.14:15514"
clientAddress: "10.1.0.14:15511"
adminAddress: "10.1.0.14:15512"
startupRole: FOLLOWER
,id: "d4ff55f6-7f98-4fff-b295-c0ac26278483"
address: "10.1.0.14:15531"
dataStreamAddress: "10.1.0.14:15532"
clientAddress: "10.1.0.14:15529"
adminAddress: "10.1.0.14:15530"
startupRole: FOLLOWER
, old:)
2023-12-28 09:11:07,086 [grpc-default-executor-2] INFO  server.GrpcServerProtocolService (GrpcServerProtocolService.java:lambda$onCompleted$5(159)) - d4ff55f6-7f98-4fff-b295-c0ac26278483: Completed APPEND_ENTRIES, lastReply: null
2023-12-28 09:11:07,084 [a0932215-df16-440c-a3f0-f0918056a56b@group-CDCE57A2A640-StateMachineUpdater] INFO  ratis.ContainerStateMachine (ContainerStateMachine.java:takeSnapshot(366)) - group-CDCE57A2A640: Finished taking a snapshot at:(t:1, i:0) file:/home/runner/work/ozone/ozone/hadoop-ozone/integration-test/target/test-dir/MiniOzoneClusterImpl-11b76480-f5fe-46c6-962b-c791e86a534f/datanode-7/data/ratis/5f853f62-b0b2-4105-b5fe-cdce57a2a640/sm/snapshot.1_0 took: 0 ms
2023-12-28 09:11:07,086 [a0932215-df16-440c-a3f0-f0918056a56b@group-CDCE57A2A640-StateMachineUpdater] INFO  impl.StateMachineUpdater (StateMachineUpdater.java:takeSnapshot(295)) - a0932215-df16-440c-a3f0-f0918056a56b@group-CDCE57A2A640-StateMachineUpdater: Took a snapshot at index 0
2023-12-28 09:11:07,086 [a0932215-df16-440c-a3f0-f0918056a56b@group-CDCE57A2A640-StateMachineUpdater] INFO  impl.StateMachineUpdater (StateMachineUpdater.java:lambda$new$0(98)) - a0932215-df16-440c-a3f0-f0918056a56b@group-CDCE57A2A640-StateMachineUpdater: snapshotIndex: updateIncreasingly -1 -> 0
2023-12-28 09:11:07,086 [a0932215-df16-440c-a3f0-f0918056a56b-impl-thread1] INFO  server.RaftServer$Division (ServerState.java:close(423)) - a0932215-df16-440c-a3f0-f0918056a56b@group-CDCE57A2A640: applyIndex: 0
2023-12-28 09:11:07,085 [a0932215-df16-440c-a3f0-f0918056a56b@group-DED8B9E962E2-StateMachineUpdater] INFO  ratis.ContainerStateMachine (ContainerStateMachine.java:takeSnapshot(366)) - group-DED8B9E962E2: Finished taking a snapshot at:(t:1, i:0) file:/home/runner/work/ozone/ozone/hadoop-ozone/integration-test/target/test-dir/MiniOzoneClusterImpl-11b76480-f5fe-46c6-962b-c791e86a534f/datanode-7/data/ratis/7ca9c5f4-69b5-4390-bd30-ded8b9e962e2/sm/snapshot.1_0 took: 1 ms
2023-12-28 09:11:07,085 [grpc-default-executor-1] INFO  server.GrpcServerProtocolService (GrpcServerProtocolService.java:onCompleted(157)) - e5bd5207-4071-4a5b-ab67-86e23051c304: Completed APPEND_ENTRIES, lastRequest: null
2023-12-28 09:11:07,085 [bc83b340-cccb-4d5a-a730-8abffc996f86@group-06525D7E7823-StateMachineUpdater] INFO  ratis.ContainerStateMachine (ContainerStateMachine.java:takeSnapshot(355)) - group-06525D7E7823: Taking a snapshot at:(t:1, i:0) file /home/runner/work/ozone/ozone/hadoop-ozone/integration-test/target/test-dir/MiniOzoneClusterImpl-11b76480-f5fe-46c6-962b-c791e86a534f/datanode-1/data/ratis/d9aa7e2a-ba71-457a-b112-06525d7e7823/sm/snapshot.1_0
2023-12-28 09:11:07,086 [grpc-default-executor-1] INFO  server.GrpcServerProtocolService (GrpcServerProtocolService.java:lambda$onCompleted$5(159)) - e5bd5207-4071-4a5b-ab67-86e23051c304: Completed APPEND_ENTRIES, lastReply: serverReply {
  requestorId: "a0932215-df16-440c-a3f0-f0918056a56b"
  replyId: "e5bd5207-4071-4a5b-ab67-86e23051c304"
  raftGroupId {
    id: "|\251\305\364i\265C\220\2750\336\330\271\351b\342"
  }
  callId: 13
  success: true
}
term: 1
nextIndex: 1
matchIndex: 18446744073709551615
isHearbeat: true

2023-12-28 09:11:07,085 [grpc-default-executor-4] INFO  server.GrpcServerProtocolService (GrpcServerProtocolService.java:lambda$onCompleted$5(159)) - d4ff55f6-7f98-4fff-b295-c0ac26278483: Completed APPEND_ENTRIES, lastReply: serverReply {
  requestorId: "a0932215-df16-440c-a3f0-f0918056a56b"
  replyId: "d4ff55f6-7f98-4fff-b295-c0ac26278483"
  raftGroupId {
    id: "|\251\305\364i\265C\220\2750\336\330\271\351b\342"
  }
  callId: 10
  success: true
}
term: 1
nextIndex: 1
matchIndex: 18446744073709551615
isHearbeat: true

2023-12-28 09:11:07,085 [grpc-default-executor-0] INFO  server.GrpcServerProtocolService (GrpcServerProtocolService.java:lambda$onCompleted$5(159)) - 44783c19-7880-41e3-960e-1ceedd7807f9: Completed APPEND_ENTRIES, lastReply: serverReply {
  requestorId: "bc83b340-cccb-4d5a-a730-8abffc996f86"
  replyId: "44783c19-7880-41e3-960e-1ceedd7807f9"
  raftGroupId {
    id: "\331\252~*\272qEz\261\022\006R]~x#"
  }
  callId: 12
  success: true
}
term: 1
nextIndex: 1
matchIndex: 18446744073709551615
isHearbeat: true

2023-12-28 09:11:07,086 [d986c04d-7a68-472d-88d2-fc056c6b4cf5@group-D123B97DF6E8-StateMachineUpdater] INFO  ratis.ContainerStateMachine (ContainerStateMachine.java:takeSnapshot(355)) - group-D123B97DF6E8: Taking a snapshot at:(t:1, i:0) file /home/runner/work/ozone/ozone/hadoop-ozone/integration-test/target/test-dir/MiniOzoneClusterImpl-11b76480-f5fe-46c6-962b-c791e86a534f/datanode-5/data/ratis/4e067b43-5612-4774-a1cb-d123b97df6e8/sm/snapshot.1_0
2023-12-28 09:11:07,086 [a0932215-df16-440c-a3f0-f0918056a56b@group-DED8B9E962E2-StateMachineUpdater] INFO  impl.StateMachineUpdater (StateMachineUpdater.java:takeSnapshot(295)) - a0932215-df16-440c-a3f0-f0918056a56b@group-DED8B9E962E2-StateMachineUpdater: Took a snapshot at index 0
2023-12-28 09:11:07,087 [a0932215-df16-440c-a3f0-f0918056a56b@group-DED8B9E962E2-StateMachineUpdater] INFO  impl.StateMachineUpdater (StateMachineUpdater.java:lambda$new$0(98)) - a0932215-df16-440c-a3f0-f0918056a56b@group-DED8B9E962E2-StateMachineUpdater: snapshotIndex: updateIncreasingly -1 -> 0
2023-12-28 09:11:07,087 [bc83b340-cccb-4d5a-a730-8abffc996f86@group-06525D7E7823-StateMachineUpdater] INFO  ratis.ContainerStateMachine (ContainerStateMachine.java:takeSnapshot(366)) - group-06525D7E7823: Finished taking a snapshot at:(t:1, i:0) file:/home/runner/work/ozone/ozone/hadoop-ozone/integration-test/target/test-dir/MiniOzoneClusterImpl-11b76480-f5fe-46c6-962b-c791e86a534f/datanode-1/data/ratis/d9aa7e2a-ba71-457a-b112-06525d7e7823/sm/snapshot.1_0 took: 2 ms
2023-12-28 09:11:07,087 [bc83b340-cccb-4d5a-a730-8abffc996f86@group-06525D7E7823-StateMachineUpdater] INFO  impl.StateMachineUpdater (StateMachineUpdater.java:takeSnapshot(295)) - bc83b340-cccb-4d5a-a730-8abffc996f86@group-06525D7E7823-StateMachineUpdater: Took a snapshot at index 0
2023-12-28 09:11:07,087 [bc83b340-cccb-4d5a-a730-8abffc996f86@group-06525D7E7823-StateMachineUpdater] INFO  impl.StateMachineUpdater (StateMachineUpdater.java:lambda$new$0(98)) - bc83b340-cccb-4d5a-a730-8abffc996f86@group-06525D7E7823-StateMachineUpdater: snapshotIndex: updateIncreasingly -1 -> 0
2023-12-28 09:11:07,087 [d986c04d-7a68-472d-88d2-fc056c6b4cf5@group-D123B97DF6E8-StateMachineUpdater] INFO  ratis.ContainerStateMachine (ContainerStateMachine.java:takeSnapshot(366)) - group-D123B97DF6E8: Finished taking a snapshot at:(t:1, i:0) file:/home/runner/work/ozone/ozone/hadoop-ozone/integration-test/target/test-dir/MiniOzoneClusterImpl-11b76480-f5fe-46c6-962b-c791e86a534f/datanode-5/data/ratis/4e067b43-5612-4774-a1cb-d123b97df6e8/sm/snapshot.1_0 took: 1 ms
2023-12-28 09:11:07,087 [d986c04d-7a68-472d-88d2-fc056c6b4cf5@group-D123B97DF6E8-StateMachineUpdater] INFO  impl.StateMachineUpdater (StateMachineUpdater.java:takeSnapshot(295)) - d986c04d-7a68-472d-88d2-fc056c6b4cf5@group-D123B97DF6E8-StateMachineUpdater: Took a snapshot at index 0
2023-12-28 09:11:07,087 [d986c04d-7a68-472d-88d2-fc056c6b4cf5@group-D123B97DF6E8-StateMachineUpdater] INFO  impl.StateMachineUpdater (StateMachineUpdater.java:lambda$new$0(98)) - d986c04d-7a68-472d-88d2-fc056c6b4cf5@group-D123B97DF6E8-StateMachineUpdater: snapshotIndex: updateIncreasingly -1 -> 0
2023-12-28 09:11:07,088 [a0932215-df16-440c-a3f0-f0918056a56b-impl-thread2] INFO  server.RaftServer$Division (ServerState.java:close(423)) - a0932215-df16-440c-a3f0-f0918056a56b@group-DED8B9E962E2: applyIndex: 0
2023-12-28 09:11:07,088 [d986c04d-7a68-472d-88d2-fc056c6b4cf5-impl-thread1] INFO  server.RaftServer$Division (ServerState.java:close(423)) - d986c04d-7a68-472d-88d2-fc056c6b4cf5@group-D123B97DF6E8: applyIndex: 0
2023-12-28 09:11:07,088 [bc83b340-cccb-4d5a-a730-8abffc996f86-impl-thread2] INFO  server.RaftServer$Division (ServerState.java:close(423)) - bc83b340-cccb-4d5a-a730-8abffc996f86@group-06525D7E7823: applyIndex: 0
2023-12-28 09:11:07,089 [Thread-5610] INFO  server.GrpcServerProtocolClient (GrpcServerProtocolClient.java:close(103)) - 44783c19-7880-41e3-960e-1ceedd7807f9 Close channels
2023-12-28 09:11:07,090 [Thread-5611] INFO  server.GrpcServerProtocolClient (GrpcServerProtocolClient.java:close(103)) - e4352bd1-85d5-4ef3-8682-c1451338ec4a Close channels
2023-12-28 09:11:07,090 [bc83b340-cccb-4d5a-a730-8abffc996f86@group-5891F2529D54-cacheEviction-AwaitToRun] INFO  util.AwaitToRun (AwaitToRun.java:run(49)) - bc83b340-cccb-4d5a-a730-8abffc996f86@group-5891F2529D54-cacheEviction-AwaitToRun-AwaitForSignal is interrupted
2023-12-28 09:11:07,090 [main] INFO  server.GrpcService (GrpcService.java:closeImpl(320)) - d986c04d-7a68-472d-88d2-fc056c6b4cf5: shutdown server GrpcServerProtocolService successfully
2023-12-28 09:11:07,090 [main] INFO  server.GrpcService (GrpcService.java:closeImpl(311)) - d986c04d-7a68-472d-88d2-fc056c6b4cf5: shutdown server org.apache.ratis.grpc.server.GrpcAdminProtocolService now
2023-12-28 09:11:07,090 [a0932215-df16-440c-a3f0-f0918056a56b@group-CDCE57A2A640-cacheEviction-AwaitToRun] INFO  util.AwaitToRun (AwaitToRun.java:run(49)) - a0932215-df16-440c-a3f0-f0918056a56b@group-CDCE57A2A640-cacheEviction-AwaitToRun-AwaitForSignal is interrupted
2023-12-28 09:11:07,090 [d986c04d-7a68-472d-88d2-fc056c6b4cf5@group-D123B97DF6E8-cacheEviction-AwaitToRun] INFO  util.AwaitToRun (AwaitToRun.java:run(49)) - d986c04d-7a68-472d-88d2-fc056c6b4cf5@group-D123B97DF6E8-cacheEviction-AwaitToRun-AwaitForSignal is interrupted
2023-12-28 09:11:07,090 [bc83b340-cccb-4d5a-a730-8abffc996f86@group-06525D7E7823-cacheEviction-AwaitToRun] INFO  util.AwaitToRun (AwaitToRun.java:run(49)) - bc83b340-cccb-4d5a-a730-8abffc996f86@group-06525D7E7823-cacheEviction-AwaitToRun-AwaitForSignal is interrupted
2023-12-28 09:11:07,091 [grpc-default-executor-2] INFO  server.GrpcLogAppender (GrpcLogAppender.java:onCompleted(469)) - a0932215-df16-440c-a3f0-f0918056a56b@group-DED8B9E962E2->d4ff55f6-7f98-4fff-b295-c0ac26278483-AppendLogResponseHandler: follower responses appendEntries COMPLETED
2023-12-28 09:11:07,091 [grpc-default-executor-1] INFO  server.GrpcLogAppender (GrpcLogAppender.java:onCompleted(469)) - bc83b340-cccb-4d5a-a730-8abffc996f86@group-06525D7E7823->44783c19-7880-41e3-960e-1ceedd7807f9-AppendLogResponseHandler: follower responses appendEntries COMPLETED
2023-12-28 09:11:07,092 [grpc-default-executor-2] WARN  server.GrpcLogAppender (GrpcLogAppender.java:resetClient(149)) - a0932215-df16-440c-a3f0-f0918056a56b@group-DED8B9E962E2->d4ff55f6-7f98-4fff-b295-c0ac26278483-GrpcLogAppender: Failed to getClient for d4ff55f6-7f98-4fff-b295-c0ac26278483
org.apache.ratis.protocol.exceptions.AlreadyClosedException: a0932215-df16-440c-a3f0-f0918056a56b is already CLOSED
	at org.apache.ratis.util.PeerProxyMap$PeerAndProxy.getProxy(PeerProxyMap.java:61)
	at org.apache.ratis.util.PeerProxyMap.getProxy(PeerProxyMap.java:110)
	at org.apache.ratis.grpc.server.GrpcLogAppender.getClient(GrpcLogAppender.java:121)
	at org.apache.ratis.grpc.server.GrpcLogAppender.resetClient(GrpcLogAppender.java:126)
	at org.apache.ratis.grpc.server.GrpcLogAppender.access$800(GrpcLogAppender.java:61)
	at org.apache.ratis.grpc.server.GrpcLogAppender$AppendLogResponseHandler.onCompleted(GrpcLogAppender.java:471)
	at org.apache.ratis.thirdparty.io.grpc.stub.ClientCalls$StreamObserverToCallListenerAdapter.onClose(ClientCalls.java:479)
	at org.apache.ratis.thirdparty.io.grpc.internal.ClientCallImpl.closeObserver(ClientCallImpl.java:567)
	at org.apache.ratis.thirdparty.io.grpc.internal.ClientCallImpl.access$300(ClientCallImpl.java:71)
	at org.apache.ratis.thirdparty.io.grpc.internal.ClientCallImpl$ClientStreamListenerImpl$1StreamClosed.runInternal(ClientCallImpl.java:735)
	at org.apache.ratis.thirdparty.io.grpc.internal.ClientCallImpl$ClientStreamListenerImpl$1StreamClosed.runInContext(ClientCallImpl.java:716)
	at org.apache.ratis.thirdparty.io.grpc.internal.ContextRunnable.run(ContextRunnable.java:37)
	at org.apache.ratis.thirdparty.io.grpc.internal.SerializingExecutor.run(SerializingExecutor.java:133)
	at java.util.concurrent.ThreadPoolExecutor.runWorker(ThreadPoolExecutor.java:1149)
	at java.util.concurrent.ThreadPoolExecutor$Worker.run(ThreadPoolExecutor.java:624)
	at java.lang.Thread.run(Thread.java:750)
2023-12-28 09:11:07,091 [grpc-default-executor-4] INFO  server.GrpcLogAppender (GrpcLogAppender.java:onCompleted(469)) - a0932215-df16-440c-a3f0-f0918056a56b@group-DED8B9E962E2->e5bd5207-4071-4a5b-ab67-86e23051c304-AppendLogResponseHandler: follower responses appendEntries COMPLETED
2023-12-28 09:11:07,091 [grpc-default-executor-0] INFO  server.GrpcServerProtocolService (GrpcServerProtocolService.java:onCompleted(157)) - e4352bd1-85d5-4ef3-8682-c1451338ec4a: Completed APPEND_ENTRIES, lastRequest: null
2023-12-28 09:11:07,090 [44783c19-7880-41e3-960e-1ceedd7807f9@group-FEEEFB768E03-cacheEviction-AwaitToRun] INFO  util.AwaitToRun (AwaitToRun.java:run(49)) - 44783c19-7880-41e3-960e-1ceedd7807f9@group-FEEEFB768E03-cacheEviction-AwaitToRun-AwaitForSignal is interrupted
2023-12-28 09:11:07,090 [a0932215-df16-440c-a3f0-f0918056a56b@group-DED8B9E962E2-cacheEviction-AwaitToRun] INFO  util.AwaitToRun (AwaitToRun.java:run(49)) - a0932215-df16-440c-a3f0-f0918056a56b@group-DED8B9E962E2-cacheEviction-AwaitToRun-AwaitForSignal is interrupted
2023-12-28 09:11:07,090 [ForkJoinPool.commonPool-worker-4] INFO  server.GrpcService (GrpcService.java:closeImpl(320)) - 44783c19-7880-41e3-960e-1ceedd7807f9: shutdown server org.apache.ratis.grpc.server.GrpcClientProtocolService successfully
2023-12-28 09:11:07,095 [ForkJoinPool.commonPool-worker-4] INFO  server.GrpcService (GrpcService.java:closeImpl(311)) - 44783c19-7880-41e3-960e-1ceedd7807f9: shutdown server GrpcServerProtocolService now
2023-12-28 09:11:07,095 [grpc-default-executor-6] INFO  server.GrpcServerProtocolService (GrpcServerProtocolService.java:onCompleted(157)) - 44783c19-7880-41e3-960e-1ceedd7807f9: Completed APPEND_ENTRIES, lastRequest: bc83b340-cccb-4d5a-a730-8abffc996f86->44783c19-7880-41e3-960e-1ceedd7807f9#1-t1,previous=(t:0, i:0),leaderCommit=-1,initializing? true,entries: size=1, first=(t:1, i:0), CONFIGURATIONENTRY(current:id: "bc83b340-cccb-4d5a-a730-8abffc996f86"
address: "10.1.0.14:15468"
priority: 1
dataStreamAddress: "10.1.0.14:15469"
clientAddress: "10.1.0.14:15466"
adminAddress: "10.1.0.14:15467"
startupRole: FOLLOWER
,id: "44783c19-7880-41e3-960e-1ceedd7807f9"
address: "10.1.0.14:15477"
dataStreamAddress: "10.1.0.14:15478"
clientAddress: "10.1.0.14:15475"
adminAddress: "10.1.0.14:15476"
startupRole: FOLLOWER
,id: "e4352bd1-85d5-4ef3-8682-c1451338ec4a"
address: "10.1.0.14:15459"
dataStreamAddress: "10.1.0.14:15460"
clientAddress: "10.1.0.14:15457"
adminAddress: "10.1.0.14:15458"
startupRole: FOLLOWER
, old:)
2023-12-28 09:11:07,095 [grpc-default-executor-6] INFO  server.GrpcServerProtocolService (GrpcServerProtocolService.java:lambda$onCompleted$5(159)) - 44783c19-7880-41e3-960e-1ceedd7807f9: Completed APPEND_ENTRIES, lastReply: null
2023-12-28 09:11:07,094 [grpc-default-executor-7] INFO  server.GrpcServerProtocolService (GrpcServerProtocolService.java:onCompleted(157)) - e5bd5207-4071-4a5b-ab67-86e23051c304: Completed APPEND_ENTRIES, lastRequest: a0932215-df16-440c-a3f0-f0918056a56b->e5bd5207-4071-4a5b-ab67-86e23051c304#1-t1,previous=(t:0, i:0),leaderCommit=-1,initializing? true,entries: size=1, first=(t:1, i:0), CONFIGURATIONENTRY(current:id: "a0932215-df16-440c-a3f0-f0918056a56b"
address: "10.1.0.14:15522"
priority: 1
dataStreamAddress: "10.1.0.14:15523"
clientAddress: "10.1.0.14:15520"
adminAddress: "10.1.0.14:15521"
startupRole: FOLLOWER
,id: "e5bd5207-4071-4a5b-ab67-86e23051c304"
address: "10.1.0.14:15513"
dataStreamAddress: "10.1.0.14:15514"
clientAddress: "10.1.0.14:15511"
adminAddress: "10.1.0.14:15512"
startupRole: FOLLOWER
,id: "d4ff55f6-7f98-4fff-b295-c0ac26278483"
address: "10.1.0.14:15531"
dataStreamAddress: "10.1.0.14:15532"
clientAddress: "10.1.0.14:15529"
adminAddress: "10.1.0.14:15530"
startupRole: FOLLOWER
, old:)
2023-12-28 09:11:07,092 [grpc-default-executor-9] INFO  server.GrpcLogAppender (GrpcLogAppender.java:onCompleted(469)) - a0932215-df16-440c-a3f0-f0918056a56b@group-DED8B9E962E2->d4ff55f6-7f98-4fff-b295-c0ac26278483-AppendLogResponseHandler: follower responses appendEntries COMPLETED
2023-12-28 09:11:07,092 [main] INFO  server.GrpcService (GrpcService.java:closeImpl(320)) - d986c04d-7a68-472d-88d2-fc056c6b4cf5: shutdown server org.apache.ratis.grpc.server.GrpcAdminProtocolService successfully
2023-12-28 09:11:07,096 [ForkJoinPool.commonPool-worker-4] INFO  server.GrpcService (GrpcService.java:closeImpl(320)) - 44783c19-7880-41e3-960e-1ceedd7807f9: shutdown server GrpcServerProtocolService successfully
2023-12-28 09:11:07,096 [ForkJoinPool.commonPool-worker-4] INFO  server.GrpcService (GrpcService.java:closeImpl(311)) - 44783c19-7880-41e3-960e-1ceedd7807f9: shutdown server org.apache.ratis.grpc.server.GrpcAdminProtocolService now
2023-12-28 09:11:07,097 [ForkJoinPool.commonPool-worker-4] INFO  server.GrpcService (GrpcService.java:closeImpl(320)) - 44783c19-7880-41e3-960e-1ceedd7807f9: shutdown server org.apache.ratis.grpc.server.GrpcAdminProtocolService successfully
2023-12-28 09:11:07,097 [44783c19-7880-41e3-960e-1ceedd7807f9-NettyServerStreamRpc-bossGroup--thread1] INFO  logging.LoggingHandler (AbstractInternalLogger.java:log(148)) - [id: 0xb4716dfd, L:/0.0.0.0:15478] CLOSE
2023-12-28 09:11:07,097 [44783c19-7880-41e3-960e-1ceedd7807f9-NettyServerStreamRpc-bossGroup--thread1] INFO  logging.LoggingHandler (AbstractInternalLogger.java:log(148)) - [id: 0xb4716dfd, L:/0.0.0.0:15478] INACTIVE
2023-12-28 09:11:07,097 [44783c19-7880-41e3-960e-1ceedd7807f9-NettyServerStreamRpc-bossGroup--thread1] INFO  logging.LoggingHandler (AbstractInternalLogger.java:log(148)) - [id: 0xb4716dfd, L:/0.0.0.0:15478] UNREGISTERED
2023-12-28 09:11:07,092 [grpc-default-executor-0] INFO  server.GrpcServerProtocolService (GrpcServerProtocolService.java:lambda$onCompleted$5(159)) - e4352bd1-85d5-4ef3-8682-c1451338ec4a: Completed APPEND_ENTRIES, lastReply: serverReply {
  requestorId: "bc83b340-cccb-4d5a-a730-8abffc996f86"
  replyId: "e4352bd1-85d5-4ef3-8682-c1451338ec4a"
  raftGroupId {
    id: "\331\252~*\272qEz\261\022\006R]~x#"
  }
  callId: 14
  success: true
}
term: 1
nextIndex: 1
matchIndex: 18446744073709551615
isHearbeat: true

2023-12-28 09:11:07,092 [grpc-default-executor-4] WARN  server.GrpcLogAppender (GrpcLogAppender.java:resetClient(149)) - a0932215-df16-440c-a3f0-f0918056a56b@group-DED8B9E962E2->e5bd5207-4071-4a5b-ab67-86e23051c304-GrpcLogAppender: Failed to getClient for e5bd5207-4071-4a5b-ab67-86e23051c304
org.apache.ratis.protocol.exceptions.AlreadyClosedException: a0932215-df16-440c-a3f0-f0918056a56b is already CLOSED
	at org.apache.ratis.util.PeerProxyMap$PeerAndProxy.getProxy(PeerProxyMap.java:61)
	at org.apache.ratis.util.PeerProxyMap.getProxy(PeerProxyMap.java:110)
	at org.apache.ratis.grpc.server.GrpcLogAppender.getClient(GrpcLogAppender.java:121)
	at org.apache.ratis.grpc.server.GrpcLogAppender.resetClient(GrpcLogAppender.java:126)
	at org.apache.ratis.grpc.server.GrpcLogAppender.access$800(GrpcLogAppender.java:61)
	at org.apache.ratis.grpc.server.GrpcLogAppender$AppendLogResponseHandler.onCompleted(GrpcLogAppender.java:471)
	at org.apache.ratis.thirdparty.io.grpc.stub.ClientCalls$StreamObserverToCallListenerAdapter.onClose(ClientCalls.java:479)
	at org.apache.ratis.thirdparty.io.grpc.internal.ClientCallImpl.closeObserver(ClientCallImpl.java:567)
	at org.apache.ratis.thirdparty.io.grpc.internal.ClientCallImpl.access$300(ClientCallImpl.java:71)
	at org.apache.ratis.thirdparty.io.grpc.internal.ClientCallImpl$ClientStreamListenerImpl$1StreamClosed.runInternal(ClientCallImpl.java:735)
	at org.apache.ratis.thirdparty.io.grpc.internal.ClientCallImpl$ClientStreamListenerImpl$1StreamClosed.runInContext(ClientCallImpl.java:716)
	at org.apache.ratis.thirdparty.io.grpc.internal.ContextRunnable.run(ContextRunnable.java:37)
	at org.apache.ratis.thirdparty.io.grpc.internal.SerializingExecutor.run(SerializingExecutor.java:133)
	at java.util.concurrent.ThreadPoolExecutor.runWorker(ThreadPoolExecutor.java:1149)
	at java.util.concurrent.ThreadPoolExecutor$Worker.run(ThreadPoolExecutor.java:624)
	at java.lang.Thread.run(Thread.java:750)
2023-12-28 09:11:07,092 [grpc-default-executor-1] WARN  server.GrpcLogAppender (GrpcLogAppender.java:resetClient(149)) - bc83b340-cccb-4d5a-a730-8abffc996f86@group-06525D7E7823->44783c19-7880-41e3-960e-1ceedd7807f9-GrpcLogAppender: Failed to getClient for 44783c19-7880-41e3-960e-1ceedd7807f9
org.apache.ratis.protocol.exceptions.AlreadyClosedException: bc83b340-cccb-4d5a-a730-8abffc996f86 is already CLOSED
	at org.apache.ratis.util.PeerProxyMap$PeerAndProxy.getProxy(PeerProxyMap.java:61)
	at org.apache.ratis.util.PeerProxyMap.getProxy(PeerProxyMap.java:110)
	at org.apache.ratis.grpc.server.GrpcLogAppender.getClient(GrpcLogAppender.java:121)
	at org.apache.ratis.grpc.server.GrpcLogAppender.resetClient(GrpcLogAppender.java:126)
	at org.apache.ratis.grpc.server.GrpcLogAppender.access$800(GrpcLogAppender.java:61)
	at org.apache.ratis.grpc.server.GrpcLogAppender$AppendLogResponseHandler.onCompleted(GrpcLogAppender.java:471)
	at org.apache.ratis.thirdparty.io.grpc.stub.ClientCalls$StreamObserverToCallListenerAdapter.onClose(ClientCalls.java:479)
	at org.apache.ratis.thirdparty.io.grpc.internal.DelayedClientCall$DelayedListener$3.run(DelayedClientCall.java:489)
	at org.apache.ratis.thirdparty.io.grpc.internal.DelayedClientCall$DelayedListener.delayOrExecute(DelayedClientCall.java:453)
	at org.apache.ratis.thirdparty.io.grpc.internal.DelayedClientCall$DelayedListener.onClose(DelayedClientCall.java:486)
	at org.apache.ratis.thirdparty.io.grpc.internal.ClientCallImpl.closeObserver(ClientCallImpl.java:567)
	at org.apache.ratis.thirdparty.io.grpc.internal.ClientCallImpl.access$300(ClientCallImpl.java:71)
	at org.apache.ratis.thirdparty.io.grpc.internal.ClientCallImpl$ClientStreamListenerImpl$1StreamClosed.runInternal(ClientCallImpl.java:735)
	at org.apache.ratis.thirdparty.io.grpc.internal.ClientCallImpl$ClientStreamListenerImpl$1StreamClosed.runInContext(ClientCallImpl.java:716)
	at org.apache.ratis.thirdparty.io.grpc.internal.ContextRunnable.run(ContextRunnable.java:37)
	at org.apache.ratis.thirdparty.io.grpc.internal.SerializingExecutor.run(SerializingExecutor.java:133)
	at java.util.concurrent.ThreadPoolExecutor.runWorker(ThreadPoolExecutor.java:1149)
	at java.util.concurrent.ThreadPoolExecutor$Worker.run(ThreadPoolExecutor.java:624)
	at java.lang.Thread.run(Thread.java:750)
2023-12-28 09:11:07,100 [ForkJoinPool.commonPool-worker-0] INFO  ozoneimpl.OzoneContainer (OzoneContainer.java:stop(463)) - Attempting to stop container services.
2023-12-28 09:11:07,096 [grpc-default-executor-9] WARN  server.GrpcLogAppender (GrpcLogAppender.java:resetClient(149)) - a0932215-df16-440c-a3f0-f0918056a56b@group-DED8B9E962E2->d4ff55f6-7f98-4fff-b295-c0ac26278483-GrpcLogAppender: Failed to getClient for d4ff55f6-7f98-4fff-b295-c0ac26278483
org.apache.ratis.protocol.exceptions.AlreadyClosedException: a0932215-df16-440c-a3f0-f0918056a56b is already CLOSED
	at org.apache.ratis.util.PeerProxyMap$PeerAndProxy.getProxy(PeerProxyMap.java:61)
	at org.apache.ratis.util.PeerProxyMap.getProxy(PeerProxyMap.java:110)
	at org.apache.ratis.grpc.server.GrpcLogAppender.getClient(GrpcLogAppender.java:121)
	at org.apache.ratis.grpc.server.GrpcLogAppender.resetClient(GrpcLogAppender.java:126)
	at org.apache.ratis.grpc.server.GrpcLogAppender.access$800(GrpcLogAppender.java:61)
	at org.apache.ratis.grpc.server.GrpcLogAppender$AppendLogResponseHandler.onCompleted(GrpcLogAppender.java:471)
	at org.apache.ratis.thirdparty.io.grpc.stub.ClientCalls$StreamObserverToCallListenerAdapter.onClose(ClientCalls.java:479)
	at org.apache.ratis.thirdparty.io.grpc.internal.ClientCallImpl.closeObserver(ClientCallImpl.java:567)
	at org.apache.ratis.thirdparty.io.grpc.internal.ClientCallImpl.access$300(ClientCallImpl.java:71)
	at org.apache.ratis.thirdparty.io.grpc.internal.ClientCallImpl$ClientStreamListenerImpl$1StreamClosed.runInternal(ClientCallImpl.java:735)
	at org.apache.ratis.thirdparty.io.grpc.internal.ClientCallImpl$ClientStreamListenerImpl$1StreamClosed.runInContext(ClientCallImpl.java:716)
	at org.apache.ratis.thirdparty.io.grpc.internal.ContextRunnable.run(ContextRunnable.java:37)
	at org.apache.ratis.thirdparty.io.grpc.internal.SerializingExecutor.run(SerializingExecutor.java:133)
	at java.util.concurrent.ThreadPoolExecutor.runWorker(ThreadPoolExecutor.java:1149)
	at java.util.concurrent.ThreadPoolExecutor$Worker.run(ThreadPoolExecutor.java:624)
	at java.lang.Thread.run(Thread.java:750)
2023-12-28 09:11:07,096 [grpc-default-executor-7] INFO  server.GrpcServerProtocolService (GrpcServerProtocolService.java:lambda$onCompleted$5(159)) - e5bd5207-4071-4a5b-ab67-86e23051c304: Completed APPEND_ENTRIES, lastReply: null
2023-12-28 09:11:07,096 [grpc-default-executor-6] INFO  server.GrpcLogAppender (GrpcLogAppender.java:onCompleted(469)) - bc83b340-cccb-4d5a-a730-8abffc996f86@group-06525D7E7823->44783c19-7880-41e3-960e-1ceedd7807f9-AppendLogResponseHandler: follower responses appendEntries COMPLETED
2023-12-28 09:11:07,102 [grpc-default-executor-6] WARN  server.GrpcLogAppender (GrpcLogAppender.java:resetClient(149)) - bc83b340-cccb-4d5a-a730-8abffc996f86@group-06525D7E7823->44783c19-7880-41e3-960e-1ceedd7807f9-GrpcLogAppender: Failed to getClient for 44783c19-7880-41e3-960e-1ceedd7807f9
org.apache.ratis.protocol.exceptions.AlreadyClosedException: bc83b340-cccb-4d5a-a730-8abffc996f86 is already CLOSED
	at org.apache.ratis.util.PeerProxyMap$PeerAndProxy.getProxy(PeerProxyMap.java:61)
	at org.apache.ratis.util.PeerProxyMap.getProxy(PeerProxyMap.java:110)
	at org.apache.ratis.grpc.server.GrpcLogAppender.getClient(GrpcLogAppender.java:121)
	at org.apache.ratis.grpc.server.GrpcLogAppender.resetClient(GrpcLogAppender.java:126)
	at org.apache.ratis.grpc.server.GrpcLogAppender.access$800(GrpcLogAppender.java:61)
	at org.apache.ratis.grpc.server.GrpcLogAppender$AppendLogResponseHandler.onCompleted(GrpcLogAppender.java:471)
	at org.apache.ratis.thirdparty.io.grpc.stub.ClientCalls$StreamObserverToCallListenerAdapter.onClose(ClientCalls.java:479)
	at org.apache.ratis.thirdparty.io.grpc.internal.ClientCallImpl.closeObserver(ClientCallImpl.java:567)
	at org.apache.ratis.thirdparty.io.grpc.internal.ClientCallImpl.access$300(ClientCallImpl.java:71)
	at org.apache.ratis.thirdparty.io.grpc.internal.ClientCallImpl$ClientStreamListenerImpl$1StreamClosed.runInternal(ClientCallImpl.java:735)
	at org.apache.ratis.thirdparty.io.grpc.internal.ClientCallImpl$ClientStreamListenerImpl$1StreamClosed.runInContext(ClientCallImpl.java:716)
	at org.apache.ratis.thirdparty.io.grpc.internal.ContextRunnable.run(ContextRunnable.java:37)
	at org.apache.ratis.thirdparty.io.grpc.internal.SerializingExecutor.run(SerializingExecutor.java:133)
	at java.util.concurrent.ThreadPoolExecutor.runWorker(ThreadPoolExecutor.java:1149)
	at java.util.concurrent.ThreadPoolExecutor$Worker.run(ThreadPoolExecutor.java:624)
	at java.lang.Thread.run(Thread.java:750)
2023-12-28 09:11:07,095 [grpc-default-executor-8] INFO  server.GrpcServerProtocolService (GrpcServerProtocolService.java:onCompleted(157)) - e4352bd1-85d5-4ef3-8682-c1451338ec4a: Completed APPEND_ENTRIES, lastRequest: bc83b340-cccb-4d5a-a730-8abffc996f86->e4352bd1-85d5-4ef3-8682-c1451338ec4a#1-t1,previous=(t:0, i:0),leaderCommit=-1,initializing? true,entries: size=1, first=(t:1, i:0), CONFIGURATIONENTRY(current:id: "bc83b340-cccb-4d5a-a730-8abffc996f86"
address: "10.1.0.14:15468"
priority: 1
dataStreamAddress: "10.1.0.14:15469"
clientAddress: "10.1.0.14:15466"
adminAddress: "10.1.0.14:15467"
startupRole: FOLLOWER
,id: "44783c19-7880-41e3-960e-1ceedd7807f9"
address: "10.1.0.14:15477"
dataStreamAddress: "10.1.0.14:15478"
clientAddress: "10.1.0.14:15475"
adminAddress: "10.1.0.14:15476"
startupRole: FOLLOWER
,id: "e4352bd1-85d5-4ef3-8682-c1451338ec4a"
address: "10.1.0.14:15459"
dataStreamAddress: "10.1.0.14:15460"
clientAddress: "10.1.0.14:15457"
adminAddress: "10.1.0.14:15458"
startupRole: FOLLOWER
, old:)
2023-12-28 09:11:07,103 [grpc-default-executor-8] INFO  server.GrpcServerProtocolService (GrpcServerProtocolService.java:lambda$onCompleted$5(159)) - e4352bd1-85d5-4ef3-8682-c1451338ec4a: Completed APPEND_ENTRIES, lastReply: null
2023-12-28 09:11:07,102 [grpc-default-executor-0] INFO  server.GrpcLogAppender (GrpcLogAppender.java:onCompleted(469)) - bc83b340-cccb-4d5a-a730-8abffc996f86@group-06525D7E7823->e4352bd1-85d5-4ef3-8682-c1451338ec4a-AppendLogResponseHandler: follower responses appendEntries COMPLETED
2023-12-28 09:11:07,102 [ForkJoinPool.commonPool-worker-0] INFO  server.RaftServer (RaftServerProxy.java:lambda$close$9(416)) - d4ff55f6-7f98-4fff-b295-c0ac26278483: close
2023-12-28 09:11:07,103 [d4ff55f6-7f98-4fff-b295-c0ac26278483-impl-thread1] INFO  server.RaftServer$Division (RaftServerImpl.java:lambda$close$3(516)) - d4ff55f6-7f98-4fff-b295-c0ac26278483@group-30A1335DFB64: shutdown
2023-12-28 09:11:07,103 [d4ff55f6-7f98-4fff-b295-c0ac26278483-impl-thread1] INFO  util.JmxRegister (JmxRegister.java:unregister(73)) - Successfully un-registered JMX Bean with object name Ratis:service=RaftServer,group=group-30A1335DFB64,id=d4ff55f6-7f98-4fff-b295-c0ac26278483
2023-12-28 09:11:07,103 [d4ff55f6-7f98-4fff-b295-c0ac26278483-impl-thread1] INFO  impl.RoleInfo (RoleInfo.java:shutdownLeaderState(94)) - d4ff55f6-7f98-4fff-b295-c0ac26278483: shutdown d4ff55f6-7f98-4fff-b295-c0ac26278483@group-30A1335DFB64-LeaderStateImpl
2023-12-28 09:11:07,103 [d4ff55f6-7f98-4fff-b295-c0ac26278483-impl-thread1] INFO  impl.PendingRequests (PendingRequests.java:sendNotLeaderResponses(289)) - d4ff55f6-7f98-4fff-b295-c0ac26278483@group-30A1335DFB64-PendingRequests: sendNotLeaderResponses
2023-12-28 09:11:07,104 [d4ff55f6-7f98-4fff-b295-c0ac26278483-impl-thread1] INFO  impl.StateMachineUpdater (StateMachineUpdater.java:stopAndJoin(157)) - d4ff55f6-7f98-4fff-b295-c0ac26278483@group-30A1335DFB64-StateMachineUpdater: set stopIndex = 0
2023-12-28 09:11:07,104 [d4ff55f6-7f98-4fff-b295-c0ac26278483@group-30A1335DFB64-StateMachineUpdater] INFO  ratis.ContainerStateMachine (ContainerStateMachine.java:takeSnapshot(355)) - group-30A1335DFB64: Taking a snapshot at:(t:1, i:0) file /home/runner/work/ozone/ozone/hadoop-ozone/integration-test/target/test-dir/MiniOzoneClusterImpl-11b76480-f5fe-46c6-962b-c791e86a534f/datanode-8/data/ratis/b6c09c59-7e05-4d6a-8ff6-30a1335dfb64/sm/snapshot.1_0
2023-12-28 09:11:07,104 [d4ff55f6-7f98-4fff-b295-c0ac26278483@group-30A1335DFB64-StateMachineUpdater] INFO  ratis.ContainerStateMachine (ContainerStateMachine.java:takeSnapshot(366)) - group-30A1335DFB64: Finished taking a snapshot at:(t:1, i:0) file:/home/runner/work/ozone/ozone/hadoop-ozone/integration-test/target/test-dir/MiniOzoneClusterImpl-11b76480-f5fe-46c6-962b-c791e86a534f/datanode-8/data/ratis/b6c09c59-7e05-4d6a-8ff6-30a1335dfb64/sm/snapshot.1_0 took: 0 ms
2023-12-28 09:11:07,104 [d4ff55f6-7f98-4fff-b295-c0ac26278483@group-30A1335DFB64-StateMachineUpdater] INFO  impl.StateMachineUpdater (StateMachineUpdater.java:takeSnapshot(295)) - d4ff55f6-7f98-4fff-b295-c0ac26278483@group-30A1335DFB64-StateMachineUpdater: Took a snapshot at index 0
2023-12-28 09:11:07,104 [d4ff55f6-7f98-4fff-b295-c0ac26278483@group-30A1335DFB64-StateMachineUpdater] INFO  impl.StateMachineUpdater (StateMachineUpdater.java:lambda$new$0(98)) - d4ff55f6-7f98-4fff-b295-c0ac26278483@group-30A1335DFB64-StateMachineUpdater: snapshotIndex: updateIncreasingly -1 -> 0
2023-12-28 09:11:07,104 [d4ff55f6-7f98-4fff-b295-c0ac26278483-impl-thread1] INFO  server.RaftServer$Division (ServerState.java:close(423)) - d4ff55f6-7f98-4fff-b295-c0ac26278483@group-30A1335DFB64: applyIndex: 0
2023-12-28 09:11:07,102 [ForkJoinPool.commonPool-worker-7] INFO  ozoneimpl.OzoneContainer (OzoneContainer.java:stop(463)) - Attempting to stop container services.
2023-12-28 09:11:07,102 [d986c04d-7a68-472d-88d2-fc056c6b4cf5-NettyServerStreamRpc-bossGroup--thread1] INFO  logging.LoggingHandler (AbstractInternalLogger.java:log(148)) - [id: 0x14948aca, L:/0.0.0.0:15505] CLOSE
2023-12-28 09:11:07,107 [d986c04d-7a68-472d-88d2-fc056c6b4cf5-NettyServerStreamRpc-bossGroup--thread1] INFO  logging.LoggingHandler (AbstractInternalLogger.java:log(148)) - [id: 0x14948aca, L:/0.0.0.0:15505] INACTIVE
2023-12-28 09:11:07,107 [d986c04d-7a68-472d-88d2-fc056c6b4cf5-NettyServerStreamRpc-bossGroup--thread1] INFO  logging.LoggingHandler (AbstractInternalLogger.java:log(148)) - [id: 0x14948aca, L:/0.0.0.0:15505] UNREGISTERED
2023-12-28 09:11:07,107 [grpc-default-executor-6] INFO  server.GrpcLogAppender (GrpcLogAppender.java:onCompleted(469)) - bc83b340-cccb-4d5a-a730-8abffc996f86@group-06525D7E7823->e4352bd1-85d5-4ef3-8682-c1451338ec4a-AppendLogResponseHandler: follower responses appendEntries COMPLETED
2023-12-28 09:11:07,106 [ForkJoinPool.commonPool-worker-0] INFO  server.GrpcService (GrpcService.java:closeImpl(311)) - d4ff55f6-7f98-4fff-b295-c0ac26278483: shutdown server org.apache.ratis.grpc.server.GrpcClientProtocolService now
2023-12-28 09:11:07,103 [grpc-default-executor-8] INFO  server.GrpcLogAppender (GrpcLogAppender.java:onCompleted(469)) - a0932215-df16-440c-a3f0-f0918056a56b@group-DED8B9E962E2->e5bd5207-4071-4a5b-ab67-86e23051c304-AppendLogResponseHandler: follower responses appendEntries COMPLETED
2023-12-28 09:11:07,107 [grpc-default-executor-8] WARN  server.GrpcLogAppender (GrpcLogAppender.java:resetClient(149)) - a0932215-df16-440c-a3f0-f0918056a56b@group-DED8B9E962E2->e5bd5207-4071-4a5b-ab67-86e23051c304-GrpcLogAppender: Failed to getClient for e5bd5207-4071-4a5b-ab67-86e23051c304
org.apache.ratis.protocol.exceptions.AlreadyClosedException: a0932215-df16-440c-a3f0-f0918056a56b is already CLOSED
	at org.apache.ratis.util.PeerProxyMap$PeerAndProxy.getProxy(PeerProxyMap.java:61)
	at org.apache.ratis.util.PeerProxyMap.getProxy(PeerProxyMap.java:110)
	at org.apache.ratis.grpc.server.GrpcLogAppender.getClient(GrpcLogAppender.java:121)
	at org.apache.ratis.grpc.server.GrpcLogAppender.resetClient(GrpcLogAppender.java:126)
	at org.apache.ratis.grpc.server.GrpcLogAppender.access$800(GrpcLogAppender.java:61)
	at org.apache.ratis.grpc.server.GrpcLogAppender$AppendLogResponseHandler.onCompleted(GrpcLogAppender.java:471)
	at org.apache.ratis.thirdparty.io.grpc.stub.ClientCalls$StreamObserverToCallListenerAdapter.onClose(ClientCalls.java:479)
	at org.apache.ratis.thirdparty.io.grpc.internal.ClientCallImpl.closeObserver(ClientCallImpl.java:567)
	at org.apache.ratis.thirdparty.io.grpc.internal.ClientCallImpl.access$300(ClientCallImpl.java:71)
	at org.apache.ratis.thirdparty.io.grpc.internal.ClientCallImpl$ClientStreamListenerImpl$1StreamClosed.runInternal(ClientCallImpl.java:735)
	at org.apache.ratis.thirdparty.io.grpc.internal.ClientCallImpl$ClientStreamListenerImpl$1StreamClosed.runInContext(ClientCallImpl.java:716)
	at org.apache.ratis.thirdparty.io.grpc.internal.ContextRunnable.run(ContextRunnable.java:37)
	at org.apache.ratis.thirdparty.io.grpc.internal.SerializingExecutor.run(SerializingExecutor.java:133)
	at java.util.concurrent.ThreadPoolExecutor.runWorker(ThreadPoolExecutor.java:1149)
	at java.util.concurrent.ThreadPoolExecutor$Worker.run(ThreadPoolExecutor.java:624)
	at java.lang.Thread.run(Thread.java:750)
2023-12-28 09:11:07,107 [d4ff55f6-7f98-4fff-b295-c0ac26278483-impl-thread2] INFO  server.RaftServer$Division (RaftServerImpl.java:lambda$close$3(516)) - d4ff55f6-7f98-4fff-b295-c0ac26278483@group-DED8B9E962E2: shutdown
2023-12-28 09:11:07,107 [d4ff55f6-7f98-4fff-b295-c0ac26278483-impl-thread2] INFO  util.JmxRegister (JmxRegister.java:unregister(73)) - Successfully un-registered JMX Bean with object name Ratis:service=RaftServer,group=group-DED8B9E962E2,id=d4ff55f6-7f98-4fff-b295-c0ac26278483
2023-12-28 09:11:07,107 [d4ff55f6-7f98-4fff-b295-c0ac26278483-impl-thread2] INFO  impl.RoleInfo (RoleInfo.java:shutdownFollowerState(110)) - d4ff55f6-7f98-4fff-b295-c0ac26278483: shutdown d4ff55f6-7f98-4fff-b295-c0ac26278483@group-DED8B9E962E2-FollowerState
2023-12-28 09:11:07,107 [d4ff55f6-7f98-4fff-b295-c0ac26278483-impl-thread2] INFO  impl.StateMachineUpdater (StateMachineUpdater.java:stopAndJoin(157)) - d4ff55f6-7f98-4fff-b295-c0ac26278483@group-DED8B9E962E2-StateMachineUpdater: set stopIndex = 0
2023-12-28 09:11:07,107 [d4ff55f6-7f98-4fff-b295-c0ac26278483@group-DED8B9E962E2-FollowerState] INFO  impl.FollowerState (FollowerState.java:run(152)) - d4ff55f6-7f98-4fff-b295-c0ac26278483@group-DED8B9E962E2-FollowerState was interrupted
2023-12-28 09:11:07,107 [d4ff55f6-7f98-4fff-b295-c0ac26278483@group-DED8B9E962E2-StateMachineUpdater] INFO  ratis.ContainerStateMachine (ContainerStateMachine.java:takeSnapshot(355)) - group-DED8B9E962E2: Taking a snapshot at:(t:1, i:0) file /home/runner/work/ozone/ozone/hadoop-ozone/integration-test/target/test-dir/MiniOzoneClusterImpl-11b76480-f5fe-46c6-962b-c791e86a534f/datanode-8/data/ratis/7ca9c5f4-69b5-4390-bd30-ded8b9e962e2/sm/snapshot.1_0
2023-12-28 09:11:07,103 [grpc-default-executor-0] WARN  server.GrpcLogAppender (GrpcLogAppender.java:resetClient(149)) - bc83b340-cccb-4d5a-a730-8abffc996f86@group-06525D7E7823->e4352bd1-85d5-4ef3-8682-c1451338ec4a-GrpcLogAppender: Failed to getClient for e4352bd1-85d5-4ef3-8682-c1451338ec4a
org.apache.ratis.protocol.exceptions.AlreadyClosedException: bc83b340-cccb-4d5a-a730-8abffc996f86 is already CLOSED
	at org.apache.ratis.util.PeerProxyMap$PeerAndProxy.getProxy(PeerProxyMap.java:61)
	at org.apache.ratis.util.PeerProxyMap.getProxy(PeerProxyMap.java:110)
	at org.apache.ratis.grpc.server.GrpcLogAppender.getClient(GrpcLogAppender.java:121)
	at org.apache.ratis.grpc.server.GrpcLogAppender.resetClient(GrpcLogAppender.java:126)
	at org.apache.ratis.grpc.server.GrpcLogAppender.access$800(GrpcLogAppender.java:61)
	at org.apache.ratis.grpc.server.GrpcLogAppender$AppendLogResponseHandler.onCompleted(GrpcLogAppender.java:471)
	at org.apache.ratis.thirdparty.io.grpc.stub.ClientCalls$StreamObserverToCallListenerAdapter.onClose(ClientCalls.java:479)
	at org.apache.ratis.thirdparty.io.grpc.internal.ClientCallImpl.closeObserver(ClientCallImpl.java:567)
	at org.apache.ratis.thirdparty.io.grpc.internal.ClientCallImpl.access$300(ClientCallImpl.java:71)
	at org.apache.ratis.thirdparty.io.grpc.internal.ClientCallImpl$ClientStreamListenerImpl$1StreamClosed.runInternal(ClientCallImpl.java:735)
	at org.apache.ratis.thirdparty.io.grpc.internal.ClientCallImpl$ClientStreamListenerImpl$1StreamClosed.runInContext(ClientCallImpl.java:716)
	at org.apache.ratis.thirdparty.io.grpc.internal.ContextRunnable.run(ContextRunnable.java:37)
	at org.apache.ratis.thirdparty.io.grpc.internal.SerializingExecutor.run(SerializingExecutor.java:133)
	at java.util.concurrent.ThreadPoolExecutor.runWorker(ThreadPoolExecutor.java:1149)
	at java.util.concurrent.ThreadPoolExecutor$Worker.run(ThreadPoolExecutor.java:624)
	at java.lang.Thread.run(Thread.java:750)
2023-12-28 09:11:07,107 [ForkJoinPool.commonPool-worker-5] INFO  server.GrpcService (GrpcService.java:closeImpl(320)) - a0932215-df16-440c-a3f0-f0918056a56b: shutdown server org.apache.ratis.grpc.server.GrpcClientProtocolService successfully
2023-12-28 09:11:07,108 [ForkJoinPool.commonPool-worker-5] INFO  server.GrpcService (GrpcService.java:closeImpl(311)) - a0932215-df16-440c-a3f0-f0918056a56b: shutdown server GrpcServerProtocolService now
2023-12-28 09:11:07,107 [grpc-default-executor-6] WARN  server.GrpcLogAppender (GrpcLogAppender.java:resetClient(149)) - bc83b340-cccb-4d5a-a730-8abffc996f86@group-06525D7E7823->e4352bd1-85d5-4ef3-8682-c1451338ec4a-GrpcLogAppender: Failed to getClient for e4352bd1-85d5-4ef3-8682-c1451338ec4a
org.apache.ratis.protocol.exceptions.AlreadyClosedException: bc83b340-cccb-4d5a-a730-8abffc996f86 is already CLOSED
	at org.apache.ratis.util.PeerProxyMap$PeerAndProxy.getProxy(PeerProxyMap.java:61)
	at org.apache.ratis.util.PeerProxyMap.getProxy(PeerProxyMap.java:110)
	at org.apache.ratis.grpc.server.GrpcLogAppender.getClient(GrpcLogAppender.java:121)
	at org.apache.ratis.grpc.server.GrpcLogAppender.resetClient(GrpcLogAppender.java:126)
	at org.apache.ratis.grpc.server.GrpcLogAppender.access$800(GrpcLogAppender.java:61)
	at org.apache.ratis.grpc.server.GrpcLogAppender$AppendLogResponseHandler.onCompleted(GrpcLogAppender.java:471)
	at org.apache.ratis.thirdparty.io.grpc.stub.ClientCalls$StreamObserverToCallListenerAdapter.onClose(ClientCalls.java:479)
	at org.apache.ratis.thirdparty.io.grpc.internal.ClientCallImpl.closeObserver(ClientCallImpl.java:567)
	at org.apache.ratis.thirdparty.io.grpc.internal.ClientCallImpl.access$300(ClientCallImpl.java:71)
	at org.apache.ratis.thirdparty.io.grpc.internal.ClientCallImpl$ClientStreamListenerImpl$1StreamClosed.runInternal(ClientCallImpl.java:735)
	at org.apache.ratis.thirdparty.io.grpc.internal.ClientCallImpl$ClientStreamListenerImpl$1StreamClosed.runInContext(ClientCallImpl.java:716)
	at org.apache.ratis.thirdparty.io.grpc.internal.ContextRunnable.run(ContextRunnable.java:37)
	at org.apache.ratis.thirdparty.io.grpc.internal.SerializingExecutor.run(SerializingExecutor.java:133)
	at java.util.concurrent.ThreadPoolExecutor.runWorker(ThreadPoolExecutor.java:1149)
	at java.util.concurrent.ThreadPoolExecutor$Worker.run(ThreadPoolExecutor.java:624)
	at java.lang.Thread.run(Thread.java:750)
2023-12-28 09:11:07,108 [d4ff55f6-7f98-4fff-b295-c0ac26278483@group-DED8B9E962E2-StateMachineUpdater] INFO  ratis.ContainerStateMachine (ContainerStateMachine.java:takeSnapshot(366)) - group-DED8B9E962E2: Finished taking a snapshot at:(t:1, i:0) file:/home/runner/work/ozone/ozone/hadoop-ozone/integration-test/target/test-dir/MiniOzoneClusterImpl-11b76480-f5fe-46c6-962b-c791e86a534f/datanode-8/data/ratis/7ca9c5f4-69b5-4390-bd30-ded8b9e962e2/sm/snapshot.1_0 took: 0 ms
2023-12-28 09:11:07,108 [d4ff55f6-7f98-4fff-b295-c0ac26278483@group-DED8B9E962E2-StateMachineUpdater] INFO  impl.StateMachineUpdater (StateMachineUpdater.java:takeSnapshot(295)) - d4ff55f6-7f98-4fff-b295-c0ac26278483@group-DED8B9E962E2-StateMachineUpdater: Took a snapshot at index 0
2023-12-28 09:11:07,108 [d4ff55f6-7f98-4fff-b295-c0ac26278483@group-DED8B9E962E2-StateMachineUpdater] INFO  impl.StateMachineUpdater (StateMachineUpdater.java:lambda$new$0(98)) - d4ff55f6-7f98-4fff-b295-c0ac26278483@group-DED8B9E962E2-StateMachineUpdater: snapshotIndex: updateIncreasingly -1 -> 0
2023-12-28 09:11:07,109 [d4ff55f6-7f98-4fff-b295-c0ac26278483-impl-thread2] INFO  server.RaftServer$Division (ServerState.java:close(423)) - d4ff55f6-7f98-4fff-b295-c0ac26278483@group-DED8B9E962E2: applyIndex: 0
2023-12-28 09:11:07,109 [d4ff55f6-7f98-4fff-b295-c0ac26278483@group-DED8B9E962E2-cacheEviction-AwaitToRun] INFO  util.AwaitToRun (AwaitToRun.java:run(49)) - d4ff55f6-7f98-4fff-b295-c0ac26278483@group-DED8B9E962E2-cacheEviction-AwaitToRun-AwaitForSignal is interrupted
2023-12-28 09:11:07,107 [ForkJoinPool.commonPool-worker-7] INFO  server.RaftServer (RaftServerProxy.java:lambda$close$9(416)) - e5bd5207-4071-4a5b-ab67-86e23051c304: close
2023-12-28 09:11:07,107 [ForkJoinPool.commonPool-worker-6] INFO  server.GrpcService (GrpcService.java:closeImpl(320)) - bc83b340-cccb-4d5a-a730-8abffc996f86: shutdown server org.apache.ratis.grpc.server.GrpcClientProtocolService successfully
2023-12-28 09:11:07,109 [ForkJoinPool.commonPool-worker-6] INFO  server.GrpcService (GrpcService.java:closeImpl(311)) - bc83b340-cccb-4d5a-a730-8abffc996f86: shutdown server GrpcServerProtocolService now
2023-12-28 09:11:07,107 [d4ff55f6-7f98-4fff-b295-c0ac26278483@group-30A1335DFB64-cacheEviction-AwaitToRun] INFO  util.AwaitToRun (AwaitToRun.java:run(49)) - d4ff55f6-7f98-4fff-b295-c0ac26278483@group-30A1335DFB64-cacheEviction-AwaitToRun-AwaitForSignal is interrupted
2023-12-28 09:11:07,109 [ForkJoinPool.commonPool-worker-0] INFO  server.GrpcService (GrpcService.java:closeImpl(320)) - d4ff55f6-7f98-4fff-b295-c0ac26278483: shutdown server org.apache.ratis.grpc.server.GrpcClientProtocolService successfully
2023-12-28 09:11:07,109 [ForkJoinPool.commonPool-worker-0] INFO  server.GrpcService (GrpcService.java:closeImpl(311)) - d4ff55f6-7f98-4fff-b295-c0ac26278483: shutdown server GrpcServerProtocolService now
2023-12-28 09:11:07,109 [ForkJoinPool.commonPool-worker-5] INFO  server.GrpcService (GrpcService.java:closeImpl(320)) - a0932215-df16-440c-a3f0-f0918056a56b: shutdown server GrpcServerProtocolService successfully
2023-12-28 09:11:07,110 [ForkJoinPool.commonPool-worker-5] INFO  server.GrpcService (GrpcService.java:closeImpl(311)) - a0932215-df16-440c-a3f0-f0918056a56b: shutdown server org.apache.ratis.grpc.server.GrpcAdminProtocolService now
2023-12-28 09:11:07,110 [ForkJoinPool.commonPool-worker-0] INFO  server.GrpcService (GrpcService.java:closeImpl(320)) - d4ff55f6-7f98-4fff-b295-c0ac26278483: shutdown server GrpcServerProtocolService successfully
2023-12-28 09:11:07,110 [ForkJoinPool.commonPool-worker-0] INFO  server.GrpcService (GrpcService.java:closeImpl(311)) - d4ff55f6-7f98-4fff-b295-c0ac26278483: shutdown server org.apache.ratis.grpc.server.GrpcAdminProtocolService now
2023-12-28 09:11:07,111 [e5bd5207-4071-4a5b-ab67-86e23051c304-impl-thread1] INFO  server.RaftServer$Division (RaftServerImpl.java:lambda$close$3(516)) - e5bd5207-4071-4a5b-ab67-86e23051c304@group-E7B4503F56B5: shutdown
2023-12-28 09:11:07,111 [e5bd5207-4071-4a5b-ab67-86e23051c304-impl-thread1] INFO  util.JmxRegister (JmxRegister.java:unregister(73)) - Successfully un-registered JMX Bean with object name Ratis:service=RaftServer,group=group-E7B4503F56B5,id=e5bd5207-4071-4a5b-ab67-86e23051c304
2023-12-28 09:11:07,111 [e5bd5207-4071-4a5b-ab67-86e23051c304-impl-thread1] INFO  impl.RoleInfo (RoleInfo.java:shutdownLeaderState(94)) - e5bd5207-4071-4a5b-ab67-86e23051c304: shutdown e5bd5207-4071-4a5b-ab67-86e23051c304@group-E7B4503F56B5-LeaderStateImpl
2023-12-28 09:11:07,111 [e5bd5207-4071-4a5b-ab67-86e23051c304-impl-thread1] INFO  impl.PendingRequests (PendingRequests.java:sendNotLeaderResponses(289)) - e5bd5207-4071-4a5b-ab67-86e23051c304@group-E7B4503F56B5-PendingRequests: sendNotLeaderResponses
2023-12-28 09:11:07,111 [e5bd5207-4071-4a5b-ab67-86e23051c304-impl-thread1] INFO  impl.StateMachineUpdater (StateMachineUpdater.java:stopAndJoin(157)) - e5bd5207-4071-4a5b-ab67-86e23051c304@group-E7B4503F56B5-StateMachineUpdater: set stopIndex = 0
2023-12-28 09:11:07,111 [e5bd5207-4071-4a5b-ab67-86e23051c304@group-E7B4503F56B5-StateMachineUpdater] INFO  ratis.ContainerStateMachine (ContainerStateMachine.java:takeSnapshot(355)) - group-E7B4503F56B5: Taking a snapshot at:(t:1, i:0) file /home/runner/work/ozone/ozone/hadoop-ozone/integration-test/target/test-dir/MiniOzoneClusterImpl-11b76480-f5fe-46c6-962b-c791e86a534f/datanode-6/data/ratis/8917c6f3-94ca-4007-b594-e7b4503f56b5/sm/snapshot.1_0
2023-12-28 09:11:07,111 [ForkJoinPool.commonPool-worker-7] INFO  server.GrpcService (GrpcService.java:closeImpl(311)) - e5bd5207-4071-4a5b-ab67-86e23051c304: shutdown server org.apache.ratis.grpc.server.GrpcClientProtocolService now
2023-12-28 09:11:07,111 [ForkJoinPool.commonPool-worker-6] INFO  server.GrpcService (GrpcService.java:closeImpl(320)) - bc83b340-cccb-4d5a-a730-8abffc996f86: shutdown server GrpcServerProtocolService successfully
2023-12-28 09:11:07,112 [ForkJoinPool.commonPool-worker-6] INFO  server.GrpcService (GrpcService.java:closeImpl(311)) - bc83b340-cccb-4d5a-a730-8abffc996f86: shutdown server org.apache.ratis.grpc.server.GrpcAdminProtocolService now
2023-12-28 09:11:07,111 [e5bd5207-4071-4a5b-ab67-86e23051c304@group-E7B4503F56B5-StateMachineUpdater] INFO  ratis.ContainerStateMachine (ContainerStateMachine.java:takeSnapshot(366)) - group-E7B4503F56B5: Finished taking a snapshot at:(t:1, i:0) file:/home/runner/work/ozone/ozone/hadoop-ozone/integration-test/target/test-dir/MiniOzoneClusterImpl-11b76480-f5fe-46c6-962b-c791e86a534f/datanode-6/data/ratis/8917c6f3-94ca-4007-b594-e7b4503f56b5/sm/snapshot.1_0 took: 1 ms
2023-12-28 09:11:07,112 [e5bd5207-4071-4a5b-ab67-86e23051c304@group-E7B4503F56B5-StateMachineUpdater] INFO  impl.StateMachineUpdater (StateMachineUpdater.java:takeSnapshot(295)) - e5bd5207-4071-4a5b-ab67-86e23051c304@group-E7B4503F56B5-StateMachineUpdater: Took a snapshot at index 0
2023-12-28 09:11:07,112 [e5bd5207-4071-4a5b-ab67-86e23051c304@group-E7B4503F56B5-StateMachineUpdater] INFO  impl.StateMachineUpdater (StateMachineUpdater.java:lambda$new$0(98)) - e5bd5207-4071-4a5b-ab67-86e23051c304@group-E7B4503F56B5-StateMachineUpdater: snapshotIndex: updateIncreasingly -1 -> 0
2023-12-28 09:11:07,112 [e5bd5207-4071-4a5b-ab67-86e23051c304-impl-thread1] INFO  server.RaftServer$Division (ServerState.java:close(423)) - e5bd5207-4071-4a5b-ab67-86e23051c304@group-E7B4503F56B5: applyIndex: 0
2023-12-28 09:11:07,111 [e5bd5207-4071-4a5b-ab67-86e23051c304-impl-thread2] INFO  server.RaftServer$Division (RaftServerImpl.java:lambda$close$3(516)) - e5bd5207-4071-4a5b-ab67-86e23051c304@group-DED8B9E962E2: shutdown
2023-12-28 09:11:07,113 [e5bd5207-4071-4a5b-ab67-86e23051c304-impl-thread2] INFO  util.JmxRegister (JmxRegister.java:unregister(73)) - Successfully un-registered JMX Bean with object name Ratis:service=RaftServer,group=group-DED8B9E962E2,id=e5bd5207-4071-4a5b-ab67-86e23051c304
2023-12-28 09:11:07,113 [e5bd5207-4071-4a5b-ab67-86e23051c304-impl-thread2] INFO  impl.RoleInfo (RoleInfo.java:shutdownFollowerState(110)) - e5bd5207-4071-4a5b-ab67-86e23051c304: shutdown e5bd5207-4071-4a5b-ab67-86e23051c304@group-DED8B9E962E2-FollowerState
2023-12-28 09:11:07,113 [e5bd5207-4071-4a5b-ab67-86e23051c304-impl-thread2] INFO  impl.StateMachineUpdater (StateMachineUpdater.java:stopAndJoin(157)) - e5bd5207-4071-4a5b-ab67-86e23051c304@group-DED8B9E962E2-StateMachineUpdater: set stopIndex = 0
2023-12-28 09:11:07,113 [e5bd5207-4071-4a5b-ab67-86e23051c304@group-DED8B9E962E2-StateMachineUpdater] INFO  ratis.ContainerStateMachine (ContainerStateMachine.java:takeSnapshot(355)) - group-DED8B9E962E2: Taking a snapshot at:(t:1, i:0) file /home/runner/work/ozone/ozone/hadoop-ozone/integration-test/target/test-dir/MiniOzoneClusterImpl-11b76480-f5fe-46c6-962b-c791e86a534f/datanode-6/data/ratis/7ca9c5f4-69b5-4390-bd30-ded8b9e962e2/sm/snapshot.1_0
2023-12-28 09:11:07,113 [e5bd5207-4071-4a5b-ab67-86e23051c304@group-DED8B9E962E2-FollowerState] INFO  impl.FollowerState (FollowerState.java:run(152)) - e5bd5207-4071-4a5b-ab67-86e23051c304@group-DED8B9E962E2-FollowerState was interrupted
2023-12-28 09:11:07,114 [e5bd5207-4071-4a5b-ab67-86e23051c304@group-DED8B9E962E2-StateMachineUpdater] INFO  ratis.ContainerStateMachine (ContainerStateMachine.java:takeSnapshot(366)) - group-DED8B9E962E2: Finished taking a snapshot at:(t:1, i:0) file:/home/runner/work/ozone/ozone/hadoop-ozone/integration-test/target/test-dir/MiniOzoneClusterImpl-11b76480-f5fe-46c6-962b-c791e86a534f/datanode-6/data/ratis/7ca9c5f4-69b5-4390-bd30-ded8b9e962e2/sm/snapshot.1_0 took: 1 ms
2023-12-28 09:11:07,114 [Thread-5678] INFO  server.GrpcServerProtocolClient (GrpcServerProtocolClient.java:close(103)) - a0932215-df16-440c-a3f0-f0918056a56b Close channels
2023-12-28 09:11:07,114 [e5bd5207-4071-4a5b-ab67-86e23051c304@group-DED8B9E962E2-StateMachineUpdater] INFO  impl.StateMachineUpdater (StateMachineUpdater.java:takeSnapshot(295)) - e5bd5207-4071-4a5b-ab67-86e23051c304@group-DED8B9E962E2-StateMachineUpdater: Took a snapshot at index 0
2023-12-28 09:11:07,114 [e5bd5207-4071-4a5b-ab67-86e23051c304@group-DED8B9E962E2-StateMachineUpdater] INFO  impl.StateMachineUpdater (StateMachineUpdater.java:lambda$new$0(98)) - e5bd5207-4071-4a5b-ab67-86e23051c304@group-DED8B9E962E2-StateMachineUpdater: snapshotIndex: updateIncreasingly -1 -> 0
2023-12-28 09:11:07,114 [e5bd5207-4071-4a5b-ab67-86e23051c304-impl-thread2] INFO  server.RaftServer$Division (ServerState.java:close(423)) - e5bd5207-4071-4a5b-ab67-86e23051c304@group-DED8B9E962E2: applyIndex: 0
2023-12-28 09:11:07,114 [e5bd5207-4071-4a5b-ab67-86e23051c304@group-DED8B9E962E2-cacheEviction-AwaitToRun] INFO  util.AwaitToRun (AwaitToRun.java:run(49)) - e5bd5207-4071-4a5b-ab67-86e23051c304@group-DED8B9E962E2-cacheEviction-AwaitToRun-AwaitForSignal is interrupted
2023-12-28 09:11:07,114 [e5bd5207-4071-4a5b-ab67-86e23051c304@group-E7B4503F56B5-cacheEviction-AwaitToRun] INFO  util.AwaitToRun (AwaitToRun.java:run(49)) - e5bd5207-4071-4a5b-ab67-86e23051c304@group-E7B4503F56B5-cacheEviction-AwaitToRun-AwaitForSignal is interrupted
2023-12-28 09:11:07,115 [Thread-5693] INFO  server.GrpcServerProtocolClient (GrpcServerProtocolClient.java:close(103)) - d4ff55f6-7f98-4fff-b295-c0ac26278483 Close channels
2023-12-28 09:11:07,115 [ForkJoinPool.commonPool-worker-6] INFO  server.GrpcService (GrpcService.java:closeImpl(320)) - bc83b340-cccb-4d5a-a730-8abffc996f86: shutdown server org.apache.ratis.grpc.server.GrpcAdminProtocolService successfully
2023-12-28 09:11:07,115 [bc83b340-cccb-4d5a-a730-8abffc996f86-NettyServerStreamRpc-bossGroup--thread1] INFO  logging.LoggingHandler (AbstractInternalLogger.java:log(148)) - [id: 0xd66773c5, L:/0.0.0.0:15469] CLOSE
2023-12-28 09:11:07,115 [bc83b340-cccb-4d5a-a730-8abffc996f86-NettyServerStreamRpc-bossGroup--thread1] INFO  logging.LoggingHandler (AbstractInternalLogger.java:log(148)) - [id: 0xd66773c5, L:/0.0.0.0:15469] INACTIVE
2023-12-28 09:11:07,115 [bc83b340-cccb-4d5a-a730-8abffc996f86-NettyServerStreamRpc-bossGroup--thread1] INFO  logging.LoggingHandler (AbstractInternalLogger.java:log(148)) - [id: 0xd66773c5, L:/0.0.0.0:15469] UNREGISTERED
2023-12-28 09:11:07,115 [ForkJoinPool.commonPool-worker-7] INFO  server.GrpcService (GrpcService.java:closeImpl(320)) - e5bd5207-4071-4a5b-ab67-86e23051c304: shutdown server org.apache.ratis.grpc.server.GrpcClientProtocolService successfully
2023-12-28 09:11:07,115 [ForkJoinPool.commonPool-worker-7] INFO  server.GrpcService (GrpcService.java:closeImpl(311)) - e5bd5207-4071-4a5b-ab67-86e23051c304: shutdown server GrpcServerProtocolService now
2023-12-28 09:11:07,118 [ForkJoinPool.commonPool-worker-0] INFO  server.GrpcService (GrpcService.java:closeImpl(320)) - d4ff55f6-7f98-4fff-b295-c0ac26278483: shutdown server org.apache.ratis.grpc.server.GrpcAdminProtocolService successfully
2023-12-28 09:11:07,119 [d4ff55f6-7f98-4fff-b295-c0ac26278483-NettyServerStreamRpc-bossGroup--thread1] INFO  logging.LoggingHandler (AbstractInternalLogger.java:log(148)) - [id: 0x14a343ef, L:/0.0.0.0:15532] CLOSE
2023-12-28 09:11:07,119 [d4ff55f6-7f98-4fff-b295-c0ac26278483-NettyServerStreamRpc-bossGroup--thread1] INFO  logging.LoggingHandler (AbstractInternalLogger.java:log(148)) - [id: 0x14a343ef, L:/0.0.0.0:15532] INACTIVE
2023-12-28 09:11:07,119 [d4ff55f6-7f98-4fff-b295-c0ac26278483-NettyServerStreamRpc-bossGroup--thread1] INFO  logging.LoggingHandler (AbstractInternalLogger.java:log(148)) - [id: 0x14a343ef, L:/0.0.0.0:15532] UNREGISTERED
2023-12-28 09:11:07,122 [ForkJoinPool.commonPool-worker-7] INFO  server.GrpcService (GrpcService.java:closeImpl(320)) - e5bd5207-4071-4a5b-ab67-86e23051c304: shutdown server GrpcServerProtocolService successfully
2023-12-28 09:11:07,122 [ForkJoinPool.commonPool-worker-7] INFO  server.GrpcService (GrpcService.java:closeImpl(311)) - e5bd5207-4071-4a5b-ab67-86e23051c304: shutdown server org.apache.ratis.grpc.server.GrpcAdminProtocolService now
2023-12-28 09:11:07,122 [ForkJoinPool.commonPool-worker-7] INFO  server.GrpcService (GrpcService.java:closeImpl(320)) - e5bd5207-4071-4a5b-ab67-86e23051c304: shutdown server org.apache.ratis.grpc.server.GrpcAdminProtocolService successfully
2023-12-28 09:11:07,122 [e5bd5207-4071-4a5b-ab67-86e23051c304-NettyServerStreamRpc-bossGroup--thread1] INFO  logging.LoggingHandler (AbstractInternalLogger.java:log(148)) - [id: 0x675835f7, L:/0.0.0.0:15514] CLOSE
2023-12-28 09:11:07,122 [e5bd5207-4071-4a5b-ab67-86e23051c304-NettyServerStreamRpc-bossGroup--thread1] INFO  logging.LoggingHandler (AbstractInternalLogger.java:log(148)) - [id: 0x675835f7, L:/0.0.0.0:15514] INACTIVE
2023-12-28 09:11:07,122 [e5bd5207-4071-4a5b-ab67-86e23051c304-NettyServerStreamRpc-bossGroup--thread1] INFO  logging.LoggingHandler (AbstractInternalLogger.java:log(148)) - [id: 0x675835f7, L:/0.0.0.0:15514] UNREGISTERED
2023-12-28 09:11:07,125 [ForkJoinPool.commonPool-worker-5] INFO  server.GrpcService (GrpcService.java:closeImpl(320)) - a0932215-df16-440c-a3f0-f0918056a56b: shutdown server org.apache.ratis.grpc.server.GrpcAdminProtocolService successfully
2023-12-28 09:11:07,125 [a0932215-df16-440c-a3f0-f0918056a56b-NettyServerStreamRpc-bossGroup--thread1] INFO  logging.LoggingHandler (AbstractInternalLogger.java:log(148)) - [id: 0xd1cb5082, L:/0.0.0.0:15523] CLOSE
2023-12-28 09:11:07,125 [a0932215-df16-440c-a3f0-f0918056a56b-NettyServerStreamRpc-bossGroup--thread1] INFO  logging.LoggingHandler (AbstractInternalLogger.java:log(148)) - [id: 0xd1cb5082, L:/0.0.0.0:15523] INACTIVE
2023-12-28 09:11:07,125 [a0932215-df16-440c-a3f0-f0918056a56b-NettyServerStreamRpc-bossGroup--thread1] INFO  logging.LoggingHandler (AbstractInternalLogger.java:log(148)) - [id: 0xd1cb5082, L:/0.0.0.0:15523] UNREGISTERED
2023-12-28 09:11:07,134 [ForkJoinPool.commonPool-worker-1] INFO  ozoneimpl.OzoneContainer (OzoneContainer.java:stop(463)) - Attempting to stop container services.
2023-12-28 09:11:07,134 [ForkJoinPool.commonPool-worker-1] INFO  server.RaftServer (RaftServerProxy.java:lambda$close$9(416)) - e4352bd1-85d5-4ef3-8682-c1451338ec4a: close
2023-12-28 09:11:07,135 [e4352bd1-85d5-4ef3-8682-c1451338ec4a-impl-thread1] INFO  server.RaftServer$Division (RaftServerImpl.java:lambda$close$3(516)) - e4352bd1-85d5-4ef3-8682-c1451338ec4a@group-06525D7E7823: shutdown
2023-12-28 09:11:07,135 [e4352bd1-85d5-4ef3-8682-c1451338ec4a-impl-thread1] INFO  util.JmxRegister (JmxRegister.java:unregister(73)) - Successfully un-registered JMX Bean with object name Ratis:service=RaftServer,group=group-06525D7E7823,id=e4352bd1-85d5-4ef3-8682-c1451338ec4a
2023-12-28 09:11:07,135 [ForkJoinPool.commonPool-worker-1] INFO  server.GrpcService (GrpcService.java:closeImpl(311)) - e4352bd1-85d5-4ef3-8682-c1451338ec4a: shutdown server org.apache.ratis.grpc.server.GrpcClientProtocolService now
2023-12-28 09:11:07,135 [e4352bd1-85d5-4ef3-8682-c1451338ec4a-impl-thread1] INFO  impl.RoleInfo (RoleInfo.java:shutdownFollowerState(110)) - e4352bd1-85d5-4ef3-8682-c1451338ec4a: shutdown e4352bd1-85d5-4ef3-8682-c1451338ec4a@group-06525D7E7823-FollowerState
2023-12-28 09:11:07,135 [e4352bd1-85d5-4ef3-8682-c1451338ec4a-impl-thread2] INFO  server.RaftServer$Division (RaftServerImpl.java:lambda$close$3(516)) - e4352bd1-85d5-4ef3-8682-c1451338ec4a@group-3B90C04FCC54: shutdown
2023-12-28 09:11:07,135 [e4352bd1-85d5-4ef3-8682-c1451338ec4a-impl-thread2] INFO  util.JmxRegister (JmxRegister.java:unregister(73)) - Successfully un-registered JMX Bean with object name Ratis:service=RaftServer,group=group-3B90C04FCC54,id=e4352bd1-85d5-4ef3-8682-c1451338ec4a
2023-12-28 09:11:07,135 [e4352bd1-85d5-4ef3-8682-c1451338ec4a-impl-thread2] INFO  impl.RoleInfo (RoleInfo.java:shutdownLeaderState(94)) - e4352bd1-85d5-4ef3-8682-c1451338ec4a: shutdown e4352bd1-85d5-4ef3-8682-c1451338ec4a@group-3B90C04FCC54-LeaderStateImpl
2023-12-28 09:11:07,135 [e4352bd1-85d5-4ef3-8682-c1451338ec4a-impl-thread2] INFO  impl.PendingRequests (PendingRequests.java:sendNotLeaderResponses(289)) - e4352bd1-85d5-4ef3-8682-c1451338ec4a@group-3B90C04FCC54-PendingRequests: sendNotLeaderResponses
2023-12-28 09:11:07,136 [e4352bd1-85d5-4ef3-8682-c1451338ec4a@group-3B90C04FCC54-StateMachineUpdater] INFO  ratis.ContainerStateMachine (ContainerStateMachine.java:takeSnapshot(355)) - group-3B90C04FCC54: Taking a snapshot at:(t:1, i:0) file /home/runner/work/ozone/ozone/hadoop-ozone/integration-test/target/test-dir/MiniOzoneClusterImpl-11b76480-f5fe-46c6-962b-c791e86a534f/datanode-0/data/ratis/609891c5-c3c4-435f-a972-3b90c04fcc54/sm/snapshot.1_0
2023-12-28 09:11:07,136 [e4352bd1-85d5-4ef3-8682-c1451338ec4a-impl-thread2] INFO  impl.StateMachineUpdater (StateMachineUpdater.java:stopAndJoin(157)) - e4352bd1-85d5-4ef3-8682-c1451338ec4a@group-3B90C04FCC54-StateMachineUpdater: set stopIndex = 0
2023-12-28 09:11:07,136 [ForkJoinPool.commonPool-worker-1] INFO  server.GrpcService (GrpcService.java:closeImpl(320)) - e4352bd1-85d5-4ef3-8682-c1451338ec4a: shutdown server org.apache.ratis.grpc.server.GrpcClientProtocolService successfully
2023-12-28 09:11:07,136 [ForkJoinPool.commonPool-worker-1] INFO  server.GrpcService (GrpcService.java:closeImpl(311)) - e4352bd1-85d5-4ef3-8682-c1451338ec4a: shutdown server GrpcServerProtocolService now
2023-12-28 09:11:07,136 [e4352bd1-85d5-4ef3-8682-c1451338ec4a@group-3B90C04FCC54-StateMachineUpdater] INFO  ratis.ContainerStateMachine (ContainerStateMachine.java:takeSnapshot(366)) - group-3B90C04FCC54: Finished taking a snapshot at:(t:1, i:0) file:/home/runner/work/ozone/ozone/hadoop-ozone/integration-test/target/test-dir/MiniOzoneClusterImpl-11b76480-f5fe-46c6-962b-c791e86a534f/datanode-0/data/ratis/609891c5-c3c4-435f-a972-3b90c04fcc54/sm/snapshot.1_0 took: 0 ms
2023-12-28 09:11:07,137 [e4352bd1-85d5-4ef3-8682-c1451338ec4a@group-3B90C04FCC54-StateMachineUpdater] INFO  impl.StateMachineUpdater (StateMachineUpdater.java:takeSnapshot(295)) - e4352bd1-85d5-4ef3-8682-c1451338ec4a@group-3B90C04FCC54-StateMachineUpdater: Took a snapshot at index 0
2023-12-28 09:11:07,137 [e4352bd1-85d5-4ef3-8682-c1451338ec4a@group-3B90C04FCC54-StateMachineUpdater] INFO  impl.StateMachineUpdater (StateMachineUpdater.java:lambda$new$0(98)) - e4352bd1-85d5-4ef3-8682-c1451338ec4a@group-3B90C04FCC54-StateMachineUpdater: snapshotIndex: updateIncreasingly -1 -> 0
2023-12-28 09:11:07,137 [e4352bd1-85d5-4ef3-8682-c1451338ec4a-impl-thread2] INFO  server.RaftServer$Division (ServerState.java:close(423)) - e4352bd1-85d5-4ef3-8682-c1451338ec4a@group-3B90C04FCC54: applyIndex: 0
2023-12-28 09:11:07,137 [e4352bd1-85d5-4ef3-8682-c1451338ec4a@group-3B90C04FCC54-cacheEviction-AwaitToRun] INFO  util.AwaitToRun (AwaitToRun.java:run(49)) - e4352bd1-85d5-4ef3-8682-c1451338ec4a@group-3B90C04FCC54-cacheEviction-AwaitToRun-AwaitForSignal is interrupted
2023-12-28 09:11:07,138 [e4352bd1-85d5-4ef3-8682-c1451338ec4a-impl-thread1] INFO  impl.StateMachineUpdater (StateMachineUpdater.java:stopAndJoin(157)) - e4352bd1-85d5-4ef3-8682-c1451338ec4a@group-06525D7E7823-StateMachineUpdater: set stopIndex = 0
2023-12-28 09:11:07,138 [e4352bd1-85d5-4ef3-8682-c1451338ec4a@group-06525D7E7823-StateMachineUpdater] INFO  ratis.ContainerStateMachine (ContainerStateMachine.java:takeSnapshot(355)) - group-06525D7E7823: Taking a snapshot at:(t:1, i:0) file /home/runner/work/ozone/ozone/hadoop-ozone/integration-test/target/test-dir/MiniOzoneClusterImpl-11b76480-f5fe-46c6-962b-c791e86a534f/datanode-0/data/ratis/d9aa7e2a-ba71-457a-b112-06525d7e7823/sm/snapshot.1_0
2023-12-28 09:11:07,138 [e4352bd1-85d5-4ef3-8682-c1451338ec4a@group-06525D7E7823-FollowerState] INFO  impl.FollowerState (FollowerState.java:run(152)) - e4352bd1-85d5-4ef3-8682-c1451338ec4a@group-06525D7E7823-FollowerState was interrupted
2023-12-28 09:11:07,139 [ForkJoinPool.commonPool-worker-1] INFO  server.GrpcService (GrpcService.java:closeImpl(320)) - e4352bd1-85d5-4ef3-8682-c1451338ec4a: shutdown server GrpcServerProtocolService successfully
2023-12-28 09:11:07,139 [ForkJoinPool.commonPool-worker-1] INFO  server.GrpcService (GrpcService.java:closeImpl(311)) - e4352bd1-85d5-4ef3-8682-c1451338ec4a: shutdown server org.apache.ratis.grpc.server.GrpcAdminProtocolService now
2023-12-28 09:11:07,139 [e4352bd1-85d5-4ef3-8682-c1451338ec4a@group-06525D7E7823-StateMachineUpdater] INFO  ratis.ContainerStateMachine (ContainerStateMachine.java:takeSnapshot(366)) - group-06525D7E7823: Finished taking a snapshot at:(t:1, i:0) file:/home/runner/work/ozone/ozone/hadoop-ozone/integration-test/target/test-dir/MiniOzoneClusterImpl-11b76480-f5fe-46c6-962b-c791e86a534f/datanode-0/data/ratis/d9aa7e2a-ba71-457a-b112-06525d7e7823/sm/snapshot.1_0 took: 1 ms
2023-12-28 09:11:07,139 [e4352bd1-85d5-4ef3-8682-c1451338ec4a@group-06525D7E7823-StateMachineUpdater] INFO  impl.StateMachineUpdater (StateMachineUpdater.java:takeSnapshot(295)) - e4352bd1-85d5-4ef3-8682-c1451338ec4a@group-06525D7E7823-StateMachineUpdater: Took a snapshot at index 0
2023-12-28 09:11:07,139 [e4352bd1-85d5-4ef3-8682-c1451338ec4a@group-06525D7E7823-StateMachineUpdater] INFO  impl.StateMachineUpdater (StateMachineUpdater.java:lambda$new$0(98)) - e4352bd1-85d5-4ef3-8682-c1451338ec4a@group-06525D7E7823-StateMachineUpdater: snapshotIndex: updateIncreasingly -1 -> 0
2023-12-28 09:11:07,139 [e4352bd1-85d5-4ef3-8682-c1451338ec4a-impl-thread1] INFO  server.RaftServer$Division (ServerState.java:close(423)) - e4352bd1-85d5-4ef3-8682-c1451338ec4a@group-06525D7E7823: applyIndex: 0
2023-12-28 09:11:07,140 [e4352bd1-85d5-4ef3-8682-c1451338ec4a@group-06525D7E7823-cacheEviction-AwaitToRun] INFO  util.AwaitToRun (AwaitToRun.java:run(49)) - e4352bd1-85d5-4ef3-8682-c1451338ec4a@group-06525D7E7823-cacheEviction-AwaitToRun-AwaitForSignal is interrupted
2023-12-28 09:11:07,142 [ForkJoinPool.commonPool-worker-1] INFO  server.GrpcService (GrpcService.java:closeImpl(320)) - e4352bd1-85d5-4ef3-8682-c1451338ec4a: shutdown server org.apache.ratis.grpc.server.GrpcAdminProtocolService successfully
2023-12-28 09:11:07,142 [e4352bd1-85d5-4ef3-8682-c1451338ec4a-NettyServerStreamRpc-bossGroup--thread1] INFO  logging.LoggingHandler (AbstractInternalLogger.java:log(148)) - [id: 0x222288aa, L:/0.0.0.0:15460] CLOSE
2023-12-28 09:11:07,142 [e4352bd1-85d5-4ef3-8682-c1451338ec4a-NettyServerStreamRpc-bossGroup--thread1] INFO  logging.LoggingHandler (AbstractInternalLogger.java:log(148)) - [id: 0x222288aa, L:/0.0.0.0:15460] INACTIVE
2023-12-28 09:11:07,142 [e4352bd1-85d5-4ef3-8682-c1451338ec4a-NettyServerStreamRpc-bossGroup--thread1] INFO  logging.LoggingHandler (AbstractInternalLogger.java:log(148)) - [id: 0x222288aa, L:/0.0.0.0:15460] UNREGISTERED
2023-12-28 09:11:07,145 [a0932215-df16-440c-a3f0-f0918056a56b-impl-thread1] INFO  segmented.SegmentedRaftLogWorker (SegmentedRaftLogWorker.java:close(243)) - a0932215-df16-440c-a3f0-f0918056a56b@group-CDCE57A2A640-SegmentedRaftLogWorker close()
2023-12-28 09:11:07,153 [a0932215-df16-440c-a3f0-f0918056a56b-impl-thread2] INFO  segmented.SegmentedRaftLogWorker (SegmentedRaftLogWorker.java:close(243)) - a0932215-df16-440c-a3f0-f0918056a56b@group-DED8B9E962E2-SegmentedRaftLogWorker close()
2023-12-28 09:11:07,153 [JvmPauseMonitor64] INFO  util.JvmPauseMonitor (JvmPauseMonitor.java:run(152)) - JvmPauseMonitor-a0932215-df16-440c-a3f0-f0918056a56b: Stopped
2023-12-28 09:11:07,167 [d4ff55f6-7f98-4fff-b295-c0ac26278483-impl-thread2] INFO  segmented.SegmentedRaftLogWorker (SegmentedRaftLogWorker.java:close(243)) - d4ff55f6-7f98-4fff-b295-c0ac26278483@group-DED8B9E962E2-SegmentedRaftLogWorker close()
2023-12-28 09:11:07,173 [e5bd5207-4071-4a5b-ab67-86e23051c304-impl-thread2] INFO  segmented.SegmentedRaftLogWorker (SegmentedRaftLogWorker.java:close(243)) - e5bd5207-4071-4a5b-ab67-86e23051c304@group-DED8B9E962E2-SegmentedRaftLogWorker close()
2023-12-28 09:11:07,259 [d4ff55f6-7f98-4fff-b295-c0ac26278483-impl-thread1] INFO  segmented.SegmentedRaftLogWorker (SegmentedRaftLogWorker.java:close(243)) - d4ff55f6-7f98-4fff-b295-c0ac26278483@group-30A1335DFB64-SegmentedRaftLogWorker close()
2023-12-28 09:11:07,260 [JvmPauseMonitor65] INFO  util.JvmPauseMonitor (JvmPauseMonitor.java:run(152)) - JvmPauseMonitor-d4ff55f6-7f98-4fff-b295-c0ac26278483: Stopped
2023-12-28 09:11:07,545 [bc83b340-cccb-4d5a-a730-8abffc996f86-impl-thread2] INFO  segmented.SegmentedRaftLogWorker (SegmentedRaftLogWorker.java:close(243)) - bc83b340-cccb-4d5a-a730-8abffc996f86@group-06525D7E7823-SegmentedRaftLogWorker close()
2023-12-28 09:11:07,551 [44783c19-7880-41e3-960e-1ceedd7807f9-impl-thread2] INFO  segmented.SegmentedRaftLogWorker (SegmentedRaftLogWorker.java:close(243)) - 44783c19-7880-41e3-960e-1ceedd7807f9@group-06525D7E7823-SegmentedRaftLogWorker close()
2023-12-28 09:11:07,556 [e4352bd1-85d5-4ef3-8682-c1451338ec4a-impl-thread1] INFO  segmented.SegmentedRaftLogWorker (SegmentedRaftLogWorker.java:close(243)) - e4352bd1-85d5-4ef3-8682-c1451338ec4a@group-06525D7E7823-SegmentedRaftLogWorker close()
2023-12-28 09:11:07,557 [e4352bd1-85d5-4ef3-8682-c1451338ec4a-impl-thread2] INFO  segmented.SegmentedRaftLogWorker (SegmentedRaftLogWorker.java:close(243)) - e4352bd1-85d5-4ef3-8682-c1451338ec4a@group-3B90C04FCC54-SegmentedRaftLogWorker close()
2023-12-28 09:11:07,558 [JvmPauseMonitor57] INFO  util.JvmPauseMonitor (JvmPauseMonitor.java:run(152)) - JvmPauseMonitor-e4352bd1-85d5-4ef3-8682-c1451338ec4a: Stopped
2023-12-28 09:11:07,569 [bc83b340-cccb-4d5a-a730-8abffc996f86-impl-thread1] INFO  segmented.SegmentedRaftLogWorker (SegmentedRaftLogWorker.java:close(243)) - bc83b340-cccb-4d5a-a730-8abffc996f86@group-5891F2529D54-SegmentedRaftLogWorker close()
2023-12-28 09:11:07,570 [JvmPauseMonitor58] INFO  util.JvmPauseMonitor (JvmPauseMonitor.java:run(152)) - JvmPauseMonitor-bc83b340-cccb-4d5a-a730-8abffc996f86: Stopped
2023-12-28 09:11:07,710 [44783c19-7880-41e3-960e-1ceedd7807f9-impl-thread1] INFO  segmented.SegmentedRaftLogWorker (SegmentedRaftLogWorker.java:close(243)) - 44783c19-7880-41e3-960e-1ceedd7807f9@group-FEEEFB768E03-SegmentedRaftLogWorker close()
2023-12-28 09:11:07,710 [JvmPauseMonitor59] INFO  util.JvmPauseMonitor (JvmPauseMonitor.java:run(152)) - JvmPauseMonitor-44783c19-7880-41e3-960e-1ceedd7807f9: Stopped
2023-12-28 09:11:08,015 [d986c04d-7a68-472d-88d2-fc056c6b4cf5-impl-thread1] INFO  segmented.SegmentedRaftLogWorker (SegmentedRaftLogWorker.java:close(243)) - d986c04d-7a68-472d-88d2-fc056c6b4cf5@group-D123B97DF6E8-SegmentedRaftLogWorker close()
2023-12-28 09:11:08,016 [JvmPauseMonitor62] INFO  util.JvmPauseMonitor (JvmPauseMonitor.java:run(152)) - JvmPauseMonitor-d986c04d-7a68-472d-88d2-fc056c6b4cf5: Stopped
2023-12-28 09:11:08,090 [e5bd5207-4071-4a5b-ab67-86e23051c304-impl-thread1] INFO  segmented.SegmentedRaftLogWorker (SegmentedRaftLogWorker.java:close(243)) - e5bd5207-4071-4a5b-ab67-86e23051c304@group-E7B4503F56B5-SegmentedRaftLogWorker close()
2023-12-28 09:11:08,090 [JvmPauseMonitor63] INFO  util.JvmPauseMonitor (JvmPauseMonitor.java:run(152)) - JvmPauseMonitor-e5bd5207-4071-4a5b-ab67-86e23051c304: Stopped
2023-12-28 09:11:09,155 [ForkJoinPool.commonPool-worker-5] INFO  utils.DatanodeStoreCache (DatanodeStoreCache.java:shutdownCache(110)) - Skip clearing cache in mini cluster mode. Entries left: [/home/runner/work/ozone/ozone/hadoop-ozone/integration-test/target/test-dir/MiniOzoneClusterImpl-11b76480-f5fe-46c6-962b-c791e86a534f/datanode-0/data-0/containers/hdds/11b76480-f5fe-46c6-962b-c791e86a534f/DS-664e9bc8-74f7-499c-826a-cb53bba4f136/container.db, /home/runner/work/ozone/ozone/hadoop-ozone/integration-test/target/test-dir/MiniOzoneClusterImpl-11b76480-f5fe-46c6-962b-c791e86a534f/datanode-1/data-0/containers/hdds/11b76480-f5fe-46c6-962b-c791e86a534f/DS-5833430f-b3ed-43d1-ab19-95c654dbb9b2/container.db, /home/runner/work/ozone/ozone/hadoop-ozone/integration-test/target/test-dir/MiniOzoneClusterImpl-11b76480-f5fe-46c6-962b-c791e86a534f/datanode-2/data-0/containers/hdds/11b76480-f5fe-46c6-962b-c791e86a534f/DS-eca9b806-3960-425e-8832-eecce54d1d6b/container.db, /home/runner/work/ozone/ozone/hadoop-ozone/integration-test/target/test-dir/MiniOzoneClusterImpl-11b76480-f5fe-46c6-962b-c791e86a534f/datanode-5/data-0/containers/hdds/11b76480-f5fe-46c6-962b-c791e86a534f/DS-5f88fbbb-1303-4f52-a8d6-625707989f6e/container.db, /home/runner/work/ozone/ozone/hadoop-ozone/integration-test/target/test-dir/MiniOzoneClusterImpl-11b76480-f5fe-46c6-962b-c791e86a534f/datanode-6/data-0/containers/hdds/11b76480-f5fe-46c6-962b-c791e86a534f/DS-cddbadc9-5d7d-4c94-b3e1-4f1495c3ad24/container.db, /home/runner/work/ozone/ozone/hadoop-ozone/integration-test/target/test-dir/MiniOzoneClusterImpl-11b76480-f5fe-46c6-962b-c791e86a534f/datanode-7/data-0/containers/hdds/11b76480-f5fe-46c6-962b-c791e86a534f/DS-b3ab1245-0fa2-441a-893d-abd77708c71e/container.db, /home/runner/work/ozone/ozone/hadoop-ozone/integration-test/target/test-dir/MiniOzoneClusterImpl-11b76480-f5fe-46c6-962b-c791e86a534f/datanode-8/data-0/containers/hdds/11b76480-f5fe-46c6-962b-c791e86a534f/DS-f89d9f01-ef4a-4202-a8c4-c3534392c52c/container.db]
2023-12-28 09:11:09,158 [ForkJoinPool.commonPool-worker-5] INFO  utils.DatanodeStoreCache (DatanodeStoreCache.java:removeDB(104)) - Removed db /home/runner/work/ozone/ozone/hadoop-ozone/integration-test/target/test-dir/MiniOzoneClusterImpl-11b76480-f5fe-46c6-962b-c791e86a534f/datanode-7/data-0/containers/hdds/11b76480-f5fe-46c6-962b-c791e86a534f/DS-b3ab1245-0fa2-441a-893d-abd77708c71e/container.db from cache
2023-12-28 09:11:09,158 [ForkJoinPool.commonPool-worker-5] INFO  volume.HddsVolume (HddsVolume.java:closeDbStore(453)) - SchemaV3 db is stopped at /home/runner/work/ozone/ozone/hadoop-ozone/integration-test/target/test-dir/MiniOzoneClusterImpl-11b76480-f5fe-46c6-962b-c791e86a534f/datanode-7/data-0/containers/hdds/11b76480-f5fe-46c6-962b-c791e86a534f/DS-b3ab1245-0fa2-441a-893d-abd77708c71e/container.db for volume DS-b3ab1245-0fa2-441a-893d-abd77708c71e
2023-12-28 09:11:09,158 [ForkJoinPool.commonPool-worker-5] INFO  utils.BackgroundService (BackgroundService.java:shutdown(160)) - Shutting down service BlockDeletingService
2023-12-28 09:11:09,158 [ForkJoinPool.commonPool-worker-5] INFO  utils.BackgroundService (BackgroundService.java:shutdown(160)) - Shutting down service StaleRecoveringContainerScrubbingService
2023-12-28 09:11:09,159 [ForkJoinPool.commonPool-worker-5] INFO  statemachine.DatanodeStateMachine (DatanodeStateMachine.java:stopDaemon(638)) - Ozone container server stopped.
2023-12-28 09:11:09,160 [ForkJoinPool.commonPool-worker-5] INFO  handler.ContextHandler (ContextHandler.java:doStop(1159)) - Stopped o.e.j.w.WebAppContext@4368104b{hddsDatanode,/,null,STOPPED}{jar:file:/home/runner/.m2/repository/org/apache/ozone/hdds-container-service/1.5.0-SNAPSHOT/hdds-container-service-1.5.0-SNAPSHOT.jar!/webapps/hddsDatanode}
2023-12-28 09:11:09,161 [ForkJoinPool.commonPool-worker-5] INFO  server.AbstractConnector (AbstractConnector.java:doStop(383)) - Stopped ServerConnector@19a5d308{HTTP/1.1, (http/1.1)}{0.0.0.0:15517}
2023-12-28 09:11:09,161 [ForkJoinPool.commonPool-worker-5] INFO  server.session (HouseKeeper.java:stopScavenging(149)) - node0 Stopped scavenging
2023-12-28 09:11:09,161 [ForkJoinPool.commonPool-worker-5] INFO  handler.ContextHandler (ContextHandler.java:doStop(1159)) - Stopped o.e.j.s.ServletContextHandler@a0374ab{static,/static,jar:file:/home/runner/.m2/repository/org/apache/ozone/hdds-container-service/1.5.0-SNAPSHOT/hdds-container-service-1.5.0-SNAPSHOT.jar!/webapps/static,STOPPED}
2023-12-28 09:11:09,162 [ForkJoinPool.commonPool-worker-5] INFO  handler.ContextHandler (ContextHandler.java:doStop(1159)) - Stopped o.e.j.s.ServletContextHandler@5cb9f193{logs,/logs,file:///home/runner/work/ozone/ozone/hadoop-ozone/integration-test/target/log,STOPPED}
2023-12-28 09:11:09,162 [ForkJoinPool.commonPool-worker-5] INFO  ozone.HddsDatanodeClientProtocolServer (HddsDatanodeClientProtocolServer.java:stop(78)) - Stopping the RPC server for Client Protocol
2023-12-28 09:11:09,163 [ForkJoinPool.commonPool-worker-5] INFO  ipc.Server (Server.java:stop(3523)) - Stopping server on 15518
2023-12-28 09:11:09,165 [IPC Server listener on 15518] INFO  ipc.Server (Server.java:run(1434)) - Stopping IPC Server listener on 15518
2023-12-28 09:11:09,166 [IPC Server Responder] INFO  ipc.Server (Server.java:run(1567)) - Stopping IPC Server Responder
2023-12-28 09:11:09,262 [ForkJoinPool.commonPool-worker-0] INFO  utils.DatanodeStoreCache (DatanodeStoreCache.java:shutdownCache(110)) - Skip clearing cache in mini cluster mode. Entries left: [/home/runner/work/ozone/ozone/hadoop-ozone/integration-test/target/test-dir/MiniOzoneClusterImpl-11b76480-f5fe-46c6-962b-c791e86a534f/datanode-0/data-0/containers/hdds/11b76480-f5fe-46c6-962b-c791e86a534f/DS-664e9bc8-74f7-499c-826a-cb53bba4f136/container.db, /home/runner/work/ozone/ozone/hadoop-ozone/integration-test/target/test-dir/MiniOzoneClusterImpl-11b76480-f5fe-46c6-962b-c791e86a534f/datanode-1/data-0/containers/hdds/11b76480-f5fe-46c6-962b-c791e86a534f/DS-5833430f-b3ed-43d1-ab19-95c654dbb9b2/container.db, /home/runner/work/ozone/ozone/hadoop-ozone/integration-test/target/test-dir/MiniOzoneClusterImpl-11b76480-f5fe-46c6-962b-c791e86a534f/datanode-2/data-0/containers/hdds/11b76480-f5fe-46c6-962b-c791e86a534f/DS-eca9b806-3960-425e-8832-eecce54d1d6b/container.db, /home/runner/work/ozone/ozone/hadoop-ozone/integration-test/target/test-dir/MiniOzoneClusterImpl-11b76480-f5fe-46c6-962b-c791e86a534f/datanode-5/data-0/containers/hdds/11b76480-f5fe-46c6-962b-c791e86a534f/DS-5f88fbbb-1303-4f52-a8d6-625707989f6e/container.db, /home/runner/work/ozone/ozone/hadoop-ozone/integration-test/target/test-dir/MiniOzoneClusterImpl-11b76480-f5fe-46c6-962b-c791e86a534f/datanode-6/data-0/containers/hdds/11b76480-f5fe-46c6-962b-c791e86a534f/DS-cddbadc9-5d7d-4c94-b3e1-4f1495c3ad24/container.db, /home/runner/work/ozone/ozone/hadoop-ozone/integration-test/target/test-dir/MiniOzoneClusterImpl-11b76480-f5fe-46c6-962b-c791e86a534f/datanode-8/data-0/containers/hdds/11b76480-f5fe-46c6-962b-c791e86a534f/DS-f89d9f01-ef4a-4202-a8c4-c3534392c52c/container.db]
2023-12-28 09:11:09,264 [ForkJoinPool.commonPool-worker-0] INFO  utils.DatanodeStoreCache (DatanodeStoreCache.java:removeDB(104)) - Removed db /home/runner/work/ozone/ozone/hadoop-ozone/integration-test/target/test-dir/MiniOzoneClusterImpl-11b76480-f5fe-46c6-962b-c791e86a534f/datanode-8/data-0/containers/hdds/11b76480-f5fe-46c6-962b-c791e86a534f/DS-f89d9f01-ef4a-4202-a8c4-c3534392c52c/container.db from cache
2023-12-28 09:11:09,264 [ForkJoinPool.commonPool-worker-0] INFO  volume.HddsVolume (HddsVolume.java:closeDbStore(453)) - SchemaV3 db is stopped at /home/runner/work/ozone/ozone/hadoop-ozone/integration-test/target/test-dir/MiniOzoneClusterImpl-11b76480-f5fe-46c6-962b-c791e86a534f/datanode-8/data-0/containers/hdds/11b76480-f5fe-46c6-962b-c791e86a534f/DS-f89d9f01-ef4a-4202-a8c4-c3534392c52c/container.db for volume DS-f89d9f01-ef4a-4202-a8c4-c3534392c52c
2023-12-28 09:11:09,264 [ForkJoinPool.commonPool-worker-0] INFO  utils.BackgroundService (BackgroundService.java:shutdown(160)) - Shutting down service BlockDeletingService
2023-12-28 09:11:09,264 [ForkJoinPool.commonPool-worker-0] INFO  utils.BackgroundService (BackgroundService.java:shutdown(160)) - Shutting down service StaleRecoveringContainerScrubbingService
2023-12-28 09:11:09,265 [ForkJoinPool.commonPool-worker-0] INFO  statemachine.DatanodeStateMachine (DatanodeStateMachine.java:stopDaemon(638)) - Ozone container server stopped.
2023-12-28 09:11:09,266 [ForkJoinPool.commonPool-worker-0] INFO  handler.ContextHandler (ContextHandler.java:doStop(1159)) - Stopped o.e.j.w.WebAppContext@6160b774{hddsDatanode,/,null,STOPPED}{jar:file:/home/runner/.m2/repository/org/apache/ozone/hdds-container-service/1.5.0-SNAPSHOT/hdds-container-service-1.5.0-SNAPSHOT.jar!/webapps/hddsDatanode}
2023-12-28 09:11:09,267 [ForkJoinPool.commonPool-worker-0] INFO  server.AbstractConnector (AbstractConnector.java:doStop(383)) - Stopped ServerConnector@60beeead{HTTP/1.1, (http/1.1)}{0.0.0.0:15526}
2023-12-28 09:11:09,267 [ForkJoinPool.commonPool-worker-0] INFO  server.session (HouseKeeper.java:stopScavenging(149)) - node0 Stopped scavenging
2023-12-28 09:11:09,267 [ForkJoinPool.commonPool-worker-0] INFO  handler.ContextHandler (ContextHandler.java:doStop(1159)) - Stopped o.e.j.s.ServletContextHandler@114b28ee{static,/static,jar:file:/home/runner/.m2/repository/org/apache/ozone/hdds-container-service/1.5.0-SNAPSHOT/hdds-container-service-1.5.0-SNAPSHOT.jar!/webapps/static,STOPPED}
2023-12-28 09:11:09,268 [ForkJoinPool.commonPool-worker-0] INFO  handler.ContextHandler (ContextHandler.java:doStop(1159)) - Stopped o.e.j.s.ServletContextHandler@454706f2{logs,/logs,file:///home/runner/work/ozone/ozone/hadoop-ozone/integration-test/target/log,STOPPED}
2023-12-28 09:11:09,268 [ForkJoinPool.commonPool-worker-0] INFO  ozone.HddsDatanodeClientProtocolServer (HddsDatanodeClientProtocolServer.java:stop(78)) - Stopping the RPC server for Client Protocol
2023-12-28 09:11:09,268 [ForkJoinPool.commonPool-worker-0] INFO  ipc.Server (Server.java:stop(3523)) - Stopping server on 15527
2023-12-28 09:11:09,269 [IPC Server listener on 15527] INFO  ipc.Server (Server.java:run(1434)) - Stopping IPC Server listener on 15527
2023-12-28 09:11:09,269 [IPC Server Responder] INFO  ipc.Server (Server.java:run(1567)) - Stopping IPC Server Responder
2023-12-28 09:11:09,559 [ForkJoinPool.commonPool-worker-1] INFO  utils.DatanodeStoreCache (DatanodeStoreCache.java:shutdownCache(110)) - Skip clearing cache in mini cluster mode. Entries left: [/home/runner/work/ozone/ozone/hadoop-ozone/integration-test/target/test-dir/MiniOzoneClusterImpl-11b76480-f5fe-46c6-962b-c791e86a534f/datanode-0/data-0/containers/hdds/11b76480-f5fe-46c6-962b-c791e86a534f/DS-664e9bc8-74f7-499c-826a-cb53bba4f136/container.db, /home/runner/work/ozone/ozone/hadoop-ozone/integration-test/target/test-dir/MiniOzoneClusterImpl-11b76480-f5fe-46c6-962b-c791e86a534f/datanode-1/data-0/containers/hdds/11b76480-f5fe-46c6-962b-c791e86a534f/DS-5833430f-b3ed-43d1-ab19-95c654dbb9b2/container.db, /home/runner/work/ozone/ozone/hadoop-ozone/integration-test/target/test-dir/MiniOzoneClusterImpl-11b76480-f5fe-46c6-962b-c791e86a534f/datanode-2/data-0/containers/hdds/11b76480-f5fe-46c6-962b-c791e86a534f/DS-eca9b806-3960-425e-8832-eecce54d1d6b/container.db, /home/runner/work/ozone/ozone/hadoop-ozone/integration-test/target/test-dir/MiniOzoneClusterImpl-11b76480-f5fe-46c6-962b-c791e86a534f/datanode-5/data-0/containers/hdds/11b76480-f5fe-46c6-962b-c791e86a534f/DS-5f88fbbb-1303-4f52-a8d6-625707989f6e/container.db, /home/runner/work/ozone/ozone/hadoop-ozone/integration-test/target/test-dir/MiniOzoneClusterImpl-11b76480-f5fe-46c6-962b-c791e86a534f/datanode-6/data-0/containers/hdds/11b76480-f5fe-46c6-962b-c791e86a534f/DS-cddbadc9-5d7d-4c94-b3e1-4f1495c3ad24/container.db]
2023-12-28 09:11:09,562 [ForkJoinPool.commonPool-worker-1] INFO  utils.DatanodeStoreCache (DatanodeStoreCache.java:removeDB(104)) - Removed db /home/runner/work/ozone/ozone/hadoop-ozone/integration-test/target/test-dir/MiniOzoneClusterImpl-11b76480-f5fe-46c6-962b-c791e86a534f/datanode-0/data-0/containers/hdds/11b76480-f5fe-46c6-962b-c791e86a534f/DS-664e9bc8-74f7-499c-826a-cb53bba4f136/container.db from cache
2023-12-28 09:11:09,562 [ForkJoinPool.commonPool-worker-1] INFO  volume.HddsVolume (HddsVolume.java:closeDbStore(453)) - SchemaV3 db is stopped at /home/runner/work/ozone/ozone/hadoop-ozone/integration-test/target/test-dir/MiniOzoneClusterImpl-11b76480-f5fe-46c6-962b-c791e86a534f/datanode-0/data-0/containers/hdds/11b76480-f5fe-46c6-962b-c791e86a534f/DS-664e9bc8-74f7-499c-826a-cb53bba4f136/container.db for volume DS-664e9bc8-74f7-499c-826a-cb53bba4f136
2023-12-28 09:11:09,563 [ForkJoinPool.commonPool-worker-1] INFO  utils.BackgroundService (BackgroundService.java:shutdown(160)) - Shutting down service BlockDeletingService
2023-12-28 09:11:09,563 [ForkJoinPool.commonPool-worker-1] INFO  utils.BackgroundService (BackgroundService.java:shutdown(160)) - Shutting down service StaleRecoveringContainerScrubbingService
2023-12-28 09:11:09,565 [ForkJoinPool.commonPool-worker-1] INFO  statemachine.DatanodeStateMachine (DatanodeStateMachine.java:stopDaemon(638)) - Ozone container server stopped.
2023-12-28 09:11:09,566 [ForkJoinPool.commonPool-worker-1] INFO  handler.ContextHandler (ContextHandler.java:doStop(1159)) - Stopped o.e.j.w.WebAppContext@4687c03b{hddsDatanode,/,null,STOPPED}{jar:file:/home/runner/.m2/repository/org/apache/ozone/hdds-container-service/1.5.0-SNAPSHOT/hdds-container-service-1.5.0-SNAPSHOT.jar!/webapps/hddsDatanode}
2023-12-28 09:11:09,567 [ForkJoinPool.commonPool-worker-1] INFO  server.AbstractConnector (AbstractConnector.java:doStop(383)) - Stopped ServerConnector@1fd97a8{HTTP/1.1, (http/1.1)}{0.0.0.0:15454}
2023-12-28 09:11:09,567 [ForkJoinPool.commonPool-worker-1] INFO  server.session (HouseKeeper.java:stopScavenging(149)) - node0 Stopped scavenging
2023-12-28 09:11:09,567 [ForkJoinPool.commonPool-worker-1] INFO  handler.ContextHandler (ContextHandler.java:doStop(1159)) - Stopped o.e.j.s.ServletContextHandler@d8fb506{static,/static,jar:file:/home/runner/.m2/repository/org/apache/ozone/hdds-container-service/1.5.0-SNAPSHOT/hdds-container-service-1.5.0-SNAPSHOT.jar!/webapps/static,STOPPED}
2023-12-28 09:11:09,568 [ForkJoinPool.commonPool-worker-1] INFO  handler.ContextHandler (ContextHandler.java:doStop(1159)) - Stopped o.e.j.s.ServletContextHandler@178f0f40{logs,/logs,file:///home/runner/work/ozone/ozone/hadoop-ozone/integration-test/target/log,STOPPED}
2023-12-28 09:11:09,568 [ForkJoinPool.commonPool-worker-1] INFO  ozone.HddsDatanodeClientProtocolServer (HddsDatanodeClientProtocolServer.java:stop(78)) - Stopping the RPC server for Client Protocol
2023-12-28 09:11:09,568 [ForkJoinPool.commonPool-worker-1] INFO  ipc.Server (Server.java:stop(3523)) - Stopping server on 15455
2023-12-28 09:11:09,569 [IPC Server listener on 15455] INFO  ipc.Server (Server.java:run(1434)) - Stopping IPC Server listener on 15455
2023-12-28 09:11:09,569 [IPC Server Responder] INFO  ipc.Server (Server.java:run(1567)) - Stopping IPC Server Responder
2023-12-28 09:11:09,571 [ForkJoinPool.commonPool-worker-6] INFO  utils.DatanodeStoreCache (DatanodeStoreCache.java:shutdownCache(110)) - Skip clearing cache in mini cluster mode. Entries left: [/home/runner/work/ozone/ozone/hadoop-ozone/integration-test/target/test-dir/MiniOzoneClusterImpl-11b76480-f5fe-46c6-962b-c791e86a534f/datanode-1/data-0/containers/hdds/11b76480-f5fe-46c6-962b-c791e86a534f/DS-5833430f-b3ed-43d1-ab19-95c654dbb9b2/container.db, /home/runner/work/ozone/ozone/hadoop-ozone/integration-test/target/test-dir/MiniOzoneClusterImpl-11b76480-f5fe-46c6-962b-c791e86a534f/datanode-2/data-0/containers/hdds/11b76480-f5fe-46c6-962b-c791e86a534f/DS-eca9b806-3960-425e-8832-eecce54d1d6b/container.db, /home/runner/work/ozone/ozone/hadoop-ozone/integration-test/target/test-dir/MiniOzoneClusterImpl-11b76480-f5fe-46c6-962b-c791e86a534f/datanode-5/data-0/containers/hdds/11b76480-f5fe-46c6-962b-c791e86a534f/DS-5f88fbbb-1303-4f52-a8d6-625707989f6e/container.db, /home/runner/work/ozone/ozone/hadoop-ozone/integration-test/target/test-dir/MiniOzoneClusterImpl-11b76480-f5fe-46c6-962b-c791e86a534f/datanode-6/data-0/containers/hdds/11b76480-f5fe-46c6-962b-c791e86a534f/DS-cddbadc9-5d7d-4c94-b3e1-4f1495c3ad24/container.db]
2023-12-28 09:11:09,573 [ForkJoinPool.commonPool-worker-6] INFO  utils.DatanodeStoreCache (DatanodeStoreCache.java:removeDB(104)) - Removed db /home/runner/work/ozone/ozone/hadoop-ozone/integration-test/target/test-dir/MiniOzoneClusterImpl-11b76480-f5fe-46c6-962b-c791e86a534f/datanode-1/data-0/containers/hdds/11b76480-f5fe-46c6-962b-c791e86a534f/DS-5833430f-b3ed-43d1-ab19-95c654dbb9b2/container.db from cache
2023-12-28 09:11:09,573 [ForkJoinPool.commonPool-worker-6] INFO  volume.HddsVolume (HddsVolume.java:closeDbStore(453)) - SchemaV3 db is stopped at /home/runner/work/ozone/ozone/hadoop-ozone/integration-test/target/test-dir/MiniOzoneClusterImpl-11b76480-f5fe-46c6-962b-c791e86a534f/datanode-1/data-0/containers/hdds/11b76480-f5fe-46c6-962b-c791e86a534f/DS-5833430f-b3ed-43d1-ab19-95c654dbb9b2/container.db for volume DS-5833430f-b3ed-43d1-ab19-95c654dbb9b2
2023-12-28 09:11:09,574 [ForkJoinPool.commonPool-worker-6] INFO  utils.BackgroundService (BackgroundService.java:shutdown(160)) - Shutting down service BlockDeletingService
2023-12-28 09:11:09,574 [ForkJoinPool.commonPool-worker-6] INFO  utils.BackgroundService (BackgroundService.java:shutdown(160)) - Shutting down service StaleRecoveringContainerScrubbingService
2023-12-28 09:11:09,574 [ForkJoinPool.commonPool-worker-6] INFO  statemachine.DatanodeStateMachine (DatanodeStateMachine.java:stopDaemon(638)) - Ozone container server stopped.
2023-12-28 09:11:09,576 [ForkJoinPool.commonPool-worker-6] INFO  handler.ContextHandler (ContextHandler.java:doStop(1159)) - Stopped o.e.j.w.WebAppContext@6fd6fdc1{hddsDatanode,/,null,STOPPED}{jar:file:/home/runner/.m2/repository/org/apache/ozone/hdds-container-service/1.5.0-SNAPSHOT/hdds-container-service-1.5.0-SNAPSHOT.jar!/webapps/hddsDatanode}
2023-12-28 09:11:09,576 [ForkJoinPool.commonPool-worker-6] INFO  server.AbstractConnector (AbstractConnector.java:doStop(383)) - Stopped ServerConnector@6e96161f{HTTP/1.1, (http/1.1)}{0.0.0.0:15463}
2023-12-28 09:11:09,576 [ForkJoinPool.commonPool-worker-6] INFO  server.session (HouseKeeper.java:stopScavenging(149)) - node0 Stopped scavenging
2023-12-28 09:11:09,577 [ForkJoinPool.commonPool-worker-6] INFO  handler.ContextHandler (ContextHandler.java:doStop(1159)) - Stopped o.e.j.s.ServletContextHandler@62824af7{static,/static,jar:file:/home/runner/.m2/repository/org/apache/ozone/hdds-container-service/1.5.0-SNAPSHOT/hdds-container-service-1.5.0-SNAPSHOT.jar!/webapps/static,STOPPED}
2023-12-28 09:11:09,577 [ForkJoinPool.commonPool-worker-6] INFO  handler.ContextHandler (ContextHandler.java:doStop(1159)) - Stopped o.e.j.s.ServletContextHandler@4516e2f{logs,/logs,file:///home/runner/work/ozone/ozone/hadoop-ozone/integration-test/target/log,STOPPED}
2023-12-28 09:11:09,577 [ForkJoinPool.commonPool-worker-6] INFO  ozone.HddsDatanodeClientProtocolServer (HddsDatanodeClientProtocolServer.java:stop(78)) - Stopping the RPC server for Client Protocol
2023-12-28 09:11:09,578 [ForkJoinPool.commonPool-worker-6] INFO  ipc.Server (Server.java:stop(3523)) - Stopping server on 15464
2023-12-28 09:11:09,578 [IPC Server listener on 15464] INFO  ipc.Server (Server.java:run(1434)) - Stopping IPC Server listener on 15464
2023-12-28 09:11:09,579 [IPC Server Responder] INFO  ipc.Server (Server.java:run(1567)) - Stopping IPC Server Responder
2023-12-28 09:11:09,712 [ForkJoinPool.commonPool-worker-4] INFO  utils.DatanodeStoreCache (DatanodeStoreCache.java:shutdownCache(110)) - Skip clearing cache in mini cluster mode. Entries left: [/home/runner/work/ozone/ozone/hadoop-ozone/integration-test/target/test-dir/MiniOzoneClusterImpl-11b76480-f5fe-46c6-962b-c791e86a534f/datanode-2/data-0/containers/hdds/11b76480-f5fe-46c6-962b-c791e86a534f/DS-eca9b806-3960-425e-8832-eecce54d1d6b/container.db, /home/runner/work/ozone/ozone/hadoop-ozone/integration-test/target/test-dir/MiniOzoneClusterImpl-11b76480-f5fe-46c6-962b-c791e86a534f/datanode-5/data-0/containers/hdds/11b76480-f5fe-46c6-962b-c791e86a534f/DS-5f88fbbb-1303-4f52-a8d6-625707989f6e/container.db, /home/runner/work/ozone/ozone/hadoop-ozone/integration-test/target/test-dir/MiniOzoneClusterImpl-11b76480-f5fe-46c6-962b-c791e86a534f/datanode-6/data-0/containers/hdds/11b76480-f5fe-46c6-962b-c791e86a534f/DS-cddbadc9-5d7d-4c94-b3e1-4f1495c3ad24/container.db]
2023-12-28 09:11:09,713 [ForkJoinPool.commonPool-worker-4] INFO  utils.DatanodeStoreCache (DatanodeStoreCache.java:removeDB(104)) - Removed db /home/runner/work/ozone/ozone/hadoop-ozone/integration-test/target/test-dir/MiniOzoneClusterImpl-11b76480-f5fe-46c6-962b-c791e86a534f/datanode-2/data-0/containers/hdds/11b76480-f5fe-46c6-962b-c791e86a534f/DS-eca9b806-3960-425e-8832-eecce54d1d6b/container.db from cache
2023-12-28 09:11:09,713 [ForkJoinPool.commonPool-worker-4] INFO  volume.HddsVolume (HddsVolume.java:closeDbStore(453)) - SchemaV3 db is stopped at /home/runner/work/ozone/ozone/hadoop-ozone/integration-test/target/test-dir/MiniOzoneClusterImpl-11b76480-f5fe-46c6-962b-c791e86a534f/datanode-2/data-0/containers/hdds/11b76480-f5fe-46c6-962b-c791e86a534f/DS-eca9b806-3960-425e-8832-eecce54d1d6b/container.db for volume DS-eca9b806-3960-425e-8832-eecce54d1d6b
2023-12-28 09:11:09,713 [ForkJoinPool.commonPool-worker-4] INFO  utils.BackgroundService (BackgroundService.java:shutdown(160)) - Shutting down service BlockDeletingService
2023-12-28 09:11:09,713 [ForkJoinPool.commonPool-worker-4] INFO  utils.BackgroundService (BackgroundService.java:shutdown(160)) - Shutting down service StaleRecoveringContainerScrubbingService
2023-12-28 09:11:09,714 [ForkJoinPool.commonPool-worker-4] INFO  statemachine.DatanodeStateMachine (DatanodeStateMachine.java:stopDaemon(638)) - Ozone container server stopped.
2023-12-28 09:11:09,715 [ForkJoinPool.commonPool-worker-4] INFO  handler.ContextHandler (ContextHandler.java:doStop(1159)) - Stopped o.e.j.w.WebAppContext@389f0d20{hddsDatanode,/,null,STOPPED}{jar:file:/home/runner/.m2/repository/org/apache/ozone/hdds-container-service/1.5.0-SNAPSHOT/hdds-container-service-1.5.0-SNAPSHOT.jar!/webapps/hddsDatanode}
2023-12-28 09:11:09,716 [ForkJoinPool.commonPool-worker-4] INFO  server.AbstractConnector (AbstractConnector.java:doStop(383)) - Stopped ServerConnector@3ce42d3d{HTTP/1.1, (http/1.1)}{0.0.0.0:15472}
2023-12-28 09:11:09,716 [ForkJoinPool.commonPool-worker-4] INFO  server.session (HouseKeeper.java:stopScavenging(149)) - node0 Stopped scavenging
2023-12-28 09:11:09,717 [ForkJoinPool.commonPool-worker-4] INFO  handler.ContextHandler (ContextHandler.java:doStop(1159)) - Stopped o.e.j.s.ServletContextHandler@7f118534{static,/static,jar:file:/home/runner/.m2/repository/org/apache/ozone/hdds-container-service/1.5.0-SNAPSHOT/hdds-container-service-1.5.0-SNAPSHOT.jar!/webapps/static,STOPPED}
2023-12-28 09:11:09,717 [ForkJoinPool.commonPool-worker-4] INFO  handler.ContextHandler (ContextHandler.java:doStop(1159)) - Stopped o.e.j.s.ServletContextHandler@77ba729c{logs,/logs,file:///home/runner/work/ozone/ozone/hadoop-ozone/integration-test/target/log,STOPPED}
2023-12-28 09:11:09,717 [ForkJoinPool.commonPool-worker-4] INFO  ozone.HddsDatanodeClientProtocolServer (HddsDatanodeClientProtocolServer.java:stop(78)) - Stopping the RPC server for Client Protocol
2023-12-28 09:11:09,718 [ForkJoinPool.commonPool-worker-4] INFO  ipc.Server (Server.java:stop(3523)) - Stopping server on 15473
2023-12-28 09:11:09,718 [IPC Server listener on 15473] INFO  ipc.Server (Server.java:run(1434)) - Stopping IPC Server listener on 15473
2023-12-28 09:11:09,719 [IPC Server Responder] INFO  ipc.Server (Server.java:run(1567)) - Stopping IPC Server Responder
2023-12-28 09:11:10,017 [main] INFO  utils.DatanodeStoreCache (DatanodeStoreCache.java:shutdownCache(110)) - Skip clearing cache in mini cluster mode. Entries left: [/home/runner/work/ozone/ozone/hadoop-ozone/integration-test/target/test-dir/MiniOzoneClusterImpl-11b76480-f5fe-46c6-962b-c791e86a534f/datanode-5/data-0/containers/hdds/11b76480-f5fe-46c6-962b-c791e86a534f/DS-5f88fbbb-1303-4f52-a8d6-625707989f6e/container.db, /home/runner/work/ozone/ozone/hadoop-ozone/integration-test/target/test-dir/MiniOzoneClusterImpl-11b76480-f5fe-46c6-962b-c791e86a534f/datanode-6/data-0/containers/hdds/11b76480-f5fe-46c6-962b-c791e86a534f/DS-cddbadc9-5d7d-4c94-b3e1-4f1495c3ad24/container.db]
2023-12-28 09:11:10,018 [main] INFO  utils.DatanodeStoreCache (DatanodeStoreCache.java:removeDB(104)) - Removed db /home/runner/work/ozone/ozone/hadoop-ozone/integration-test/target/test-dir/MiniOzoneClusterImpl-11b76480-f5fe-46c6-962b-c791e86a534f/datanode-5/data-0/containers/hdds/11b76480-f5fe-46c6-962b-c791e86a534f/DS-5f88fbbb-1303-4f52-a8d6-625707989f6e/container.db from cache
2023-12-28 09:11:10,018 [main] INFO  volume.HddsVolume (HddsVolume.java:closeDbStore(453)) - SchemaV3 db is stopped at /home/runner/work/ozone/ozone/hadoop-ozone/integration-test/target/test-dir/MiniOzoneClusterImpl-11b76480-f5fe-46c6-962b-c791e86a534f/datanode-5/data-0/containers/hdds/11b76480-f5fe-46c6-962b-c791e86a534f/DS-5f88fbbb-1303-4f52-a8d6-625707989f6e/container.db for volume DS-5f88fbbb-1303-4f52-a8d6-625707989f6e
2023-12-28 09:11:10,019 [main] INFO  utils.BackgroundService (BackgroundService.java:shutdown(160)) - Shutting down service BlockDeletingService
2023-12-28 09:11:10,019 [main] INFO  utils.BackgroundService (BackgroundService.java:shutdown(160)) - Shutting down service StaleRecoveringContainerScrubbingService
2023-12-28 09:11:10,019 [main] INFO  statemachine.DatanodeStateMachine (DatanodeStateMachine.java:stopDaemon(638)) - Ozone container server stopped.
2023-12-28 09:11:10,020 [main] INFO  handler.ContextHandler (ContextHandler.java:doStop(1159)) - Stopped o.e.j.w.WebAppContext@77508d81{hddsDatanode,/,null,STOPPED}{jar:file:/home/runner/.m2/repository/org/apache/ozone/hdds-container-service/1.5.0-SNAPSHOT/hdds-container-service-1.5.0-SNAPSHOT.jar!/webapps/hddsDatanode}
2023-12-28 09:11:10,020 [main] INFO  server.AbstractConnector (AbstractConnector.java:doStop(383)) - Stopped ServerConnector@7586d2fa{HTTP/1.1, (http/1.1)}{0.0.0.0:15499}
2023-12-28 09:11:10,021 [main] INFO  server.session (HouseKeeper.java:stopScavenging(149)) - node0 Stopped scavenging
2023-12-28 09:11:10,021 [main] INFO  handler.ContextHandler (ContextHandler.java:doStop(1159)) - Stopped o.e.j.s.ServletContextHandler@2538598{static,/static,jar:file:/home/runner/.m2/repository/org/apache/ozone/hdds-container-service/1.5.0-SNAPSHOT/hdds-container-service-1.5.0-SNAPSHOT.jar!/webapps/static,STOPPED}
2023-12-28 09:11:10,021 [main] INFO  handler.ContextHandler (ContextHandler.java:doStop(1159)) - Stopped o.e.j.s.ServletContextHandler@79c1d32{logs,/logs,file:///home/runner/work/ozone/ozone/hadoop-ozone/integration-test/target/log,STOPPED}
2023-12-28 09:11:10,022 [main] INFO  ozone.HddsDatanodeClientProtocolServer (HddsDatanodeClientProtocolServer.java:stop(78)) - Stopping the RPC server for Client Protocol
2023-12-28 09:11:10,022 [main] INFO  ipc.Server (Server.java:stop(3523)) - Stopping server on 15500
2023-12-28 09:11:10,023 [IPC Server Responder] INFO  ipc.Server (Server.java:run(1567)) - Stopping IPC Server Responder
2023-12-28 09:11:10,024 [IPC Server listener on 15500] INFO  ipc.Server (Server.java:run(1434)) - Stopping IPC Server listener on 15500
2023-12-28 09:11:10,092 [ForkJoinPool.commonPool-worker-7] INFO  utils.DatanodeStoreCache (DatanodeStoreCache.java:shutdownCache(110)) - Skip clearing cache in mini cluster mode. Entries left: [/home/runner/work/ozone/ozone/hadoop-ozone/integration-test/target/test-dir/MiniOzoneClusterImpl-11b76480-f5fe-46c6-962b-c791e86a534f/datanode-6/data-0/containers/hdds/11b76480-f5fe-46c6-962b-c791e86a534f/DS-cddbadc9-5d7d-4c94-b3e1-4f1495c3ad24/container.db]
2023-12-28 09:11:10,092 [ForkJoinPool.commonPool-worker-7] INFO  utils.DatanodeStoreCache (DatanodeStoreCache.java:removeDB(104)) - Removed db /home/runner/work/ozone/ozone/hadoop-ozone/integration-test/target/test-dir/MiniOzoneClusterImpl-11b76480-f5fe-46c6-962b-c791e86a534f/datanode-6/data-0/containers/hdds/11b76480-f5fe-46c6-962b-c791e86a534f/DS-cddbadc9-5d7d-4c94-b3e1-4f1495c3ad24/container.db from cache
2023-12-28 09:11:10,092 [ForkJoinPool.commonPool-worker-7] INFO  volume.HddsVolume (HddsVolume.java:closeDbStore(453)) - SchemaV3 db is stopped at /home/runner/work/ozone/ozone/hadoop-ozone/integration-test/target/test-dir/MiniOzoneClusterImpl-11b76480-f5fe-46c6-962b-c791e86a534f/datanode-6/data-0/containers/hdds/11b76480-f5fe-46c6-962b-c791e86a534f/DS-cddbadc9-5d7d-4c94-b3e1-4f1495c3ad24/container.db for volume DS-cddbadc9-5d7d-4c94-b3e1-4f1495c3ad24
2023-12-28 09:11:10,093 [ForkJoinPool.commonPool-worker-7] INFO  utils.BackgroundService (BackgroundService.java:shutdown(160)) - Shutting down service BlockDeletingService
2023-12-28 09:11:10,093 [ForkJoinPool.commonPool-worker-7] INFO  utils.BackgroundService (BackgroundService.java:shutdown(160)) - Shutting down service StaleRecoveringContainerScrubbingService
2023-12-28 09:11:10,093 [ForkJoinPool.commonPool-worker-7] INFO  statemachine.DatanodeStateMachine (DatanodeStateMachine.java:stopDaemon(638)) - Ozone container server stopped.
2023-12-28 09:11:10,094 [ForkJoinPool.commonPool-worker-7] INFO  handler.ContextHandler (ContextHandler.java:doStop(1159)) - Stopped o.e.j.w.WebAppContext@10837a3{hddsDatanode,/,null,STOPPED}{jar:file:/home/runner/.m2/repository/org/apache/ozone/hdds-container-service/1.5.0-SNAPSHOT/hdds-container-service-1.5.0-SNAPSHOT.jar!/webapps/hddsDatanode}
2023-12-28 09:11:10,094 [ForkJoinPool.commonPool-worker-7] INFO  server.AbstractConnector (AbstractConnector.java:doStop(383)) - Stopped ServerConnector@67aa8e8c{HTTP/1.1, (http/1.1)}{0.0.0.0:15508}
2023-12-28 09:11:10,095 [ForkJoinPool.commonPool-worker-7] INFO  server.session (HouseKeeper.java:stopScavenging(149)) - node0 Stopped scavenging
2023-12-28 09:11:10,095 [ForkJoinPool.commonPool-worker-7] INFO  handler.ContextHandler (ContextHandler.java:doStop(1159)) - Stopped o.e.j.s.ServletContextHandler@f1162ed{static,/static,jar:file:/home/runner/.m2/repository/org/apache/ozone/hdds-container-service/1.5.0-SNAPSHOT/hdds-container-service-1.5.0-SNAPSHOT.jar!/webapps/static,STOPPED}
2023-12-28 09:11:10,095 [ForkJoinPool.commonPool-worker-7] INFO  handler.ContextHandler (ContextHandler.java:doStop(1159)) - Stopped o.e.j.s.ServletContextHandler@5b17ecc7{logs,/logs,file:///home/runner/work/ozone/ozone/hadoop-ozone/integration-test/target/log,STOPPED}
2023-12-28 09:11:10,096 [ForkJoinPool.commonPool-worker-7] INFO  ozone.HddsDatanodeClientProtocolServer (HddsDatanodeClientProtocolServer.java:stop(78)) - Stopping the RPC server for Client Protocol
2023-12-28 09:11:10,096 [ForkJoinPool.commonPool-worker-7] INFO  ipc.Server (Server.java:stop(3523)) - Stopping server on 15509
2023-12-28 09:11:10,096 [IPC Server Responder] INFO  ipc.Server (Server.java:run(1567)) - Stopping IPC Server Responder
2023-12-28 09:11:10,096 [IPC Server listener on 15509] INFO  ipc.Server (Server.java:run(1434)) - Stopping IPC Server listener on 15509
2023-12-28 09:11:10,097 [main] INFO  ozone.MiniOzoneClusterImpl (MiniOzoneClusterImpl.java:stopSCM(552)) - Stopping the StorageContainerManager
2023-12-28 09:11:10,097 [main] INFO  server.StorageContainerManager (StorageContainerManager.java:stop(1627)) - Container Balancer is not running.
2023-12-28 09:11:10,097 [main] INFO  server.StorageContainerManager (StorageContainerManager.java:stopReplicationManager(1760)) - Stopping Replication Manager Service.
2023-12-28 09:11:10,097 [main] INFO  replication.ReplicationManager (ReplicationManager.java:stop(326)) - Stopping Replication Monitor Thread.
2023-12-28 09:11:10,097 [main] INFO  server.StorageContainerManager (StorageContainerManager.java:stop(1636)) - Stopping the Datanode Admin Monitor.
2023-12-28 09:11:10,098 [OverReplicatedProcessor] WARN  replication.UnhealthyReplicationProcessor (UnhealthyReplicationProcessor.java:run(180)) - OverReplicatedProcessor interrupted. Exiting...
2023-12-28 09:11:10,098 [main] INFO  server.StorageContainerManager (StorageContainerManager.java:stop(1643)) - Stopping datanode service RPC server
2023-12-28 09:11:10,098 [main] INFO  server.SCMDatanodeProtocolServer (SCMDatanodeProtocolServer.java:stop(424)) - Stopping the RPC server for DataNodes
2023-12-28 09:11:10,098 [main] INFO  ipc.Server (Server.java:stop(3523)) - Stopping server on 15447
2023-12-28 09:11:10,097 [ReplicationMonitor] INFO  replication.ReplicationManager (ReplicationManager.java:run(933)) - Replication Monitor Thread is stopped
2023-12-28 09:11:10,097 [UnderReplicatedProcessor] WARN  replication.UnhealthyReplicationProcessor (UnhealthyReplicationProcessor.java:run(180)) - UnderReplicatedProcessor interrupted. Exiting...
2023-12-28 09:11:10,099 [IPC Server listener on 15447] INFO  ipc.Server (Server.java:run(1434)) - Stopping IPC Server listener on 15447
2023-12-28 09:11:10,100 [IPC Server Responder] INFO  ipc.Server (Server.java:run(1567)) - Stopping IPC Server Responder
2023-12-28 09:11:10,147 [SCMHeartbeatProcessor-0] WARN  node.NodeStateManager (NodeStateManager.java:scheduleNextHealthCheck(878)) - Current Thread is interrupted, shutting down HB processing thread for Node Manager.
2023-12-28 09:11:10,147 [main] INFO  server.StorageContainerManager (StorageContainerManager.java:stop(1651)) - Stopping block service RPC server
2023-12-28 09:11:10,147 [main] INFO  server.SCMBlockProtocolServer (SCMBlockProtocolServer.java:stop(168)) - Stopping the RPC server for Block Protocol
2023-12-28 09:11:10,147 [main] INFO  ipc.Server (Server.java:stop(3523)) - Stopping server on 15446
2023-12-28 09:11:10,148 [IPC Server listener on 15446] INFO  ipc.Server (Server.java:run(1434)) - Stopping IPC Server listener on 15446
2023-12-28 09:11:10,148 [IPC Server Responder] INFO  ipc.Server (Server.java:run(1567)) - Stopping IPC Server Responder
2023-12-28 09:11:10,148 [main] INFO  server.StorageContainerManager (StorageContainerManager.java:stop(1658)) - Stopping the StorageContainerLocationProtocol RPC server
2023-12-28 09:11:10,149 [main] INFO  server.SCMClientProtocolServer (SCMClientProtocolServer.java:stop(210)) - Stopping the RPC server for Client Protocol
2023-12-28 09:11:10,149 [main] INFO  ipc.Server (Server.java:stop(3523)) - Stopping server on 15445
2023-12-28 09:11:10,150 [IPC Server listener on 15445] INFO  ipc.Server (Server.java:run(1434)) - Stopping IPC Server listener on 15445
2023-12-28 09:11:10,150 [IPC Server Responder] INFO  ipc.Server (Server.java:run(1567)) - Stopping IPC Server Responder
2023-12-28 09:11:10,150 [main] INFO  server.StorageContainerManager (StorageContainerManager.java:stop(1665)) - Stopping Storage Container Manager HTTP server.
2023-12-28 09:11:10,150 [main] INFO  handler.ContextHandler (ContextHandler.java:doStop(1159)) - Stopped o.e.j.w.WebAppContext@576648bd{scm,/,null,STOPPED}{file:/home/runner/work/ozone/ozone/hadoop-ozone/integration-test/target/test-classes/webapps/scm}
2023-12-28 09:11:10,151 [main] INFO  server.AbstractConnector (AbstractConnector.java:doStop(383)) - Stopped ServerConnector@6cbd4f7b{HTTP/1.1, (http/1.1)}{0.0.0.0:15448}
2023-12-28 09:11:10,151 [main] INFO  server.session (HouseKeeper.java:stopScavenging(149)) - node0 Stopped scavenging
2023-12-28 09:11:10,151 [main] INFO  handler.ContextHandler (ContextHandler.java:doStop(1159)) - Stopped o.e.j.s.ServletContextHandler@22108d2b{static,/static,file:///home/runner/work/ozone/ozone/hadoop-ozone/integration-test/target/test-classes/webapps/static,STOPPED}
2023-12-28 09:11:10,151 [main] INFO  handler.ContextHandler (ContextHandler.java:doStop(1159)) - Stopped o.e.j.s.ServletContextHandler@21a33970{logs,/logs,file:///home/runner/work/ozone/ozone/hadoop-ozone/integration-test/target/log,STOPPED}
2023-12-28 09:11:10,152 [main] INFO  server.StorageContainerManager (StorageContainerManager.java:stop(1673)) - Stopping SCM LayoutVersionManager Service.
2023-12-28 09:11:10,152 [main] INFO  server.StorageContainerManager (StorageContainerManager.java:stop(1685)) - Stopping Block Manager Service.
2023-12-28 09:11:10,152 [main] INFO  utils.BackgroundService (BackgroundService.java:shutdown(160)) - Shutting down service SCMBlockDeletingService
2023-12-28 09:11:10,152 [main] INFO  utils.BackgroundService (BackgroundService.java:shutdown(160)) - Shutting down service SCMBlockDeletingService
2023-12-28 09:11:10,152 [main] INFO  server.StorageContainerManager (StorageContainerManager.java:stop(1705)) - Stopping SCM Event Queue.
2023-12-28 09:11:10,153 [JvmPauseMonitor55] INFO  util.JvmPauseMonitor (JvmPauseMonitor.java:run(152)) - JvmPauseMonitor-a2689e2c-7793-4bae-83d7-60c85245a98b: Stopped
2023-12-28 09:11:10,153 [main] INFO  server.StorageContainerManager (StorageContainerManager.java:stop(1716)) - Stopping SCM HA services.
2023-12-28 09:11:10,153 [main] INFO  pipeline.BackgroundPipelineCreator (BackgroundPipelineCreator.java:stop(152)) - Stopping RatisPipelineUtilsThread.
2023-12-28 09:11:10,153 [RatisPipelineUtilsThread-0] WARN  pipeline.BackgroundPipelineCreator (BackgroundPipelineCreator.java:run(183)) - RatisPipelineUtilsThread is interrupted.
2023-12-28 09:11:10,153 [main] INFO  BackgroundPipelineScrubber (BackgroundSCMService.java:stop(131)) - Stopping BackgroundPipelineScrubber Service.
2023-12-28 09:11:10,153 [BackgroundPipelineScrubber] WARN  BackgroundPipelineScrubber (BackgroundSCMService.java:run(115)) - BackgroundPipelineScrubber is interrupted, exit
2023-12-28 09:11:10,154 [main] INFO  impl.MetricsSystemImpl (MetricsSystemImpl.java:stop(210)) - Stopping HddsDatanode metrics system...
2023-12-28 09:11:10,156 [prometheus] INFO  impl.MetricsSinkAdapter (MetricsSinkAdapter.java:publishMetricsFromQueue(141)) - prometheus thread interrupted.
2023-12-28 09:11:10,156 [main] INFO  impl.MetricsSystemImpl (MetricsSystemImpl.java:stop(216)) - HddsDatanode metrics system stopped.
2023-12-28 09:11:10,156 [main] WARN  pipeline.BackgroundPipelineCreator (BackgroundPipelineCreator.java:stop(148)) - RatisPipelineUtilsThread is not running, just ignore.
2023-12-28 09:11:10,156 [main] INFO  BackgroundPipelineScrubber (BackgroundSCMService.java:stop(126)) - BackgroundPipelineScrubber Service is not running, skip stop.
2023-12-28 09:11:10,156 [main] INFO  ExpiredContainerReplicaOpScrubber (BackgroundSCMService.java:stop(131)) - Stopping ExpiredContainerReplicaOpScrubber Service.
2023-12-28 09:11:10,156 [ExpiredContainerReplicaOpScrubber] WARN  ExpiredContainerReplicaOpScrubber (BackgroundSCMService.java:run(115)) - ExpiredContainerReplicaOpScrubber is interrupted, exit
2023-12-28 09:11:10,156 [main] INFO  utils.BackgroundService (BackgroundService.java:shutdown(160)) - Shutting down service SCMBlockDeletingService
2023-12-28 09:11:10,156 [main] INFO  replication.ReplicationManager (ReplicationManager.java:stop(336)) - Replication Monitor Thread is not running.
2023-12-28 09:11:10,156 [main] WARN  balancer.ContainerBalancer (ContainerBalancer.java:stop(327)) - Cannot stop Container Balancer because it's not running or stopping
2023-12-28 09:11:10,157 [LeaseManager#LeaseMonitor] WARN  lease.LeaseManager (LeaseManager.java:run(287)) - Lease manager is interrupted. Shutting down...
java.lang.InterruptedException
	at java.util.concurrent.locks.AbstractQueuedSynchronizer.doAcquireSharedNanos(AbstractQueuedSynchronizer.java:1039)
	at java.util.concurrent.locks.AbstractQueuedSynchronizer.tryAcquireSharedNanos(AbstractQueuedSynchronizer.java:1328)
	at java.util.concurrent.Semaphore.tryAcquire(Semaphore.java:409)
	at org.apache.hadoop.ozone.lease.LeaseManager$LeaseMonitor.run(LeaseManager.java:285)
	at java.lang.Thread.run(Thread.java:750)
2023-12-28 09:11:10,157 [main] INFO  server.StorageContainerManager (StorageContainerManager.java:stop(1751)) - Stopping SCM MetadataStore.
2023-12-28 09:11:10,192 [main] INFO  db.CodecTestUtil (CodecTestUtil.java:gc(47)) - gc 0
]]></system-out>
    </flakyFailure>
  </testcase>
  <testcase name="testWatchForCommitForGroupMismatchException" classname="org.apache.hadoop.ozone.client.rpc.TestWatchForCommit" time="29.189"/>
  <testcase name="test2WayCommitForTimeoutException" classname="org.apache.hadoop.ozone.client.rpc.TestWatchForCommit" time="25.111"/>
</testsuite>