<?xml version="1.0" encoding="UTF-8"?>
<testsuite xmlns:xsi="http://www.w3.org/2001/XMLSchema-instance" xsi:noNamespaceSchemaLocation="https://maven.apache.org/surefire/maven-surefire-plugin/xsd/surefire-test-report.xsd" name="org.apache.hadoop.ozone.client.rpc.TestContainerStateMachineFailures" time="138.65" tests="5" errors="0" skipped="0" failures="1">
  <properties>
    <property name="awt.toolkit" value="sun.awt.X11.XToolkit"/>
    <property name="file.encoding.pkg" value="sun.io"/>
    <property name="java.specification.version" value="1.8"/>
    <property name="sun.cpu.isalist" value=""/>
    <property name="sun.jnu.encoding" value="UTF-8"/>
    <property name="java.class.path" value="/home/runner/work/ozone/ozone/hadoop-ozone/integration-test/target/test-classes:/home/runner/work/ozone/ozone/hadoop-ozone/integration-test/target/classes:/home/runner/.m2/repository/org/apache/ozone/ozone-common/1.3.0-SNAPSHOT/ozone-common-1.3.0-SNAPSHOT.jar:/home/runner/.m2/repository/org/apache/commons/commons-compress/1.21/commons-compress-1.21.jar:/home/runner/.m2/repository/org/apache/ozone/hdds-common/1.3.0-SNAPSHOT/hdds-common-1.3.0-SNAPSHOT.jar:/home/runner/.m2/repository/org/apache/ozone/hdds-client/1.3.0-SNAPSHOT/hdds-client-1.3.0-SNAPSHOT.jar:/home/runner/.m2/repository/org/apache/ozone/ozone-interface-client/1.3.0-SNAPSHOT/ozone-interface-client-1.3.0-SNAPSHOT.jar:/home/runner/.m2/repository/org/apache/ozone/hdds-test-utils/1.3.0-SNAPSHOT/hdds-test-utils-1.3.0-SNAPSHOT.jar:/home/runner/.m2/repository/com/google/guava/guava/30.1.1-jre/guava-30.1.1-jre.jar:/home/runner/.m2/repository/com/google/guava/failureaccess/1.0.1/failureaccess-1.0.1.jar:/home/runner/.m2/repository/com/google/guava/listenablefuture/9999.0-empty-to-avoid-conflict-with-guava/listenablefuture-9999.0-empty-to-avoid-conflict-with-guava.jar:/home/runner/.m2/repository/com/google/code/findbugs/jsr305/3.0.0/jsr305-3.0.0.jar:/home/runner/.m2/repository/org/checkerframework/checker-qual/3.8.0/checker-qual-3.8.0.jar:/home/runner/.m2/repository/com/google/errorprone/error_prone_annotations/2.2.0/error_prone_annotations-2.2.0.jar:/home/runner/.m2/repository/com/google/j2objc/j2objc-annotations/1.3/j2objc-annotations-1.3.jar:/home/runner/.m2/repository/commons-io/commons-io/2.11.0/commons-io-2.11.0.jar:/home/runner/.m2/repository/commons-logging/commons-logging/1.2/commons-logging-1.2.jar:/home/runner/.m2/repository/log4j/log4j/1.2.17/log4j-1.2.17.jar:/home/runner/.m2/repository/org/slf4j/slf4j-api/1.7.30/slf4j-api-1.7.30.jar:/home/runner/.m2/repository/org/apache/ozone/hdds-server-scm/1.3.0-SNAPSHOT/hdds-server-scm-1.3.0-SNAPSHOT.jar:/home/runner/.m2/repository/org/apache/ozone/hdds-container-service/1.3.0-SNAPSHOT/hdds-container-service-1.3.0-SNAPSHOT.jar:/home/runner/.m2/repository/org/apache/ozone/hdds-hadoop-dependency-server/1.3.0-SNAPSHOT/hdds-hadoop-dependency-server-1.3.0-SNAPSHOT.jar:/home/runner/.m2/repository/org/apache/hadoop/hadoop-hdfs/3.3.1/hadoop-hdfs-3.3.1.jar:/home/runner/.m2/repository/org/apache/ozone/hdds-server-framework/1.3.0-SNAPSHOT/hdds-server-framework-1.3.0-SNAPSHOT.jar:/home/runner/.m2/repository/org/apache/ozone/hdds-interface-server/1.3.0-SNAPSHOT/hdds-interface-server-1.3.0-SNAPSHOT.jar:/home/runner/.m2/repository/org/eclipse/jetty/jetty-servlet/9.4.43.v20210629/jetty-servlet-9.4.43.v20210629.jar:/home/runner/.m2/repository/org/eclipse/jetty/jetty-security/9.4.43.v20210629/jetty-security-9.4.43.v20210629.jar:/home/runner/.m2/repository/org/rocksdb/rocksdbjni/6.25.3/rocksdbjni-6.25.3.jar:/home/runner/.m2/repository/io/prometheus/simpleclient_dropwizard/0.7.0/simpleclient_dropwizard-0.7.0.jar:/home/runner/.m2/repository/io/prometheus/simpleclient/0.7.0/simpleclient-0.7.0.jar:/home/runner/.m2/repository/io/prometheus/simpleclient_common/0.7.0/simpleclient_common-0.7.0.jar:/home/runner/.m2/repository/com/fasterxml/jackson/datatype/jackson-datatype-jsr310/2.12.1/jackson-datatype-jsr310-2.12.1.jar:/home/runner/.m2/repository/io/dropwizard/metrics/metrics-core/3.2.4/metrics-core-3.2.4.jar:/home/runner/.m2/repository/org/apache/hadoop/hadoop-hdfs-client/3.3.1/hadoop-hdfs-client-3.3.1.jar:/home/runner/.m2/repository/org/bouncycastle/bcprov-jdk15on/1.67/bcprov-jdk15on-1.67.jar:/home/runner/.m2/repository/com/google/protobuf/protobuf-java/2.5.0/protobuf-java-2.5.0.jar:/home/runner/.m2/repository/org/apache/ozone/ozone-manager/1.3.0-SNAPSHOT/ozone-manager-1.3.0-SNAPSHOT.jar:/home/runner/.m2/repository/org/aspectj/aspectjrt/1.9.7/aspectjrt-1.9.7.jar:/home/runner/.m2/repository/org/aspectj/aspectjweaver/1.9.7/aspectjweaver-1.9.7.jar:/home/runner/.m2/repository/org/apache/ozone/hdds-interface-client/1.3.0-SNAPSHOT/hdds-interface-client-1.3.0-SNAPSHOT.jar:/home/runner/.m2/repository/org/apache/hadoop/thirdparty/hadoop-shaded-protobuf_3_7/1.1.1/hadoop-shaded-protobuf_3_7-1.1.1.jar:/home/runner/.m2/repository/org/apache/ozone/ozone-interface-storage/1.3.0-SNAPSHOT/ozone-interface-storage-1.3.0-SNAPSHOT.jar:/home/runner/.m2/repository/org/reflections/reflections/0.9.11/reflections-0.9.11.jar:/home/runner/.m2/repository/org/apache/hadoop/hadoop-minikdc/3.3.1/hadoop-minikdc-3.3.1.jar:/home/runner/.m2/repository/org/apache/kerby/kerb-simplekdc/1.0.1/kerb-simplekdc-1.0.1.jar:/home/runner/.m2/repository/org/apache/kerby/kerb-client/1.0.1/kerb-client-1.0.1.jar:/home/runner/.m2/repository/org/apache/kerby/kerby-config/1.0.1/kerby-config-1.0.1.jar:/home/runner/.m2/repository/org/apache/kerby/kerb-common/1.0.1/kerb-common-1.0.1.jar:/home/runner/.m2/repository/org/apache/kerby/kerb-crypto/1.0.1/kerb-crypto-1.0.1.jar:/home/runner/.m2/repository/org/apache/kerby/kerb-util/1.0.1/kerb-util-1.0.1.jar:/home/runner/.m2/repository/org/apache/kerby/token-provider/1.0.1/token-provider-1.0.1.jar:/home/runner/.m2/repository/org/apache/kerby/kerb-admin/1.0.1/kerb-admin-1.0.1.jar:/home/runner/.m2/repository/org/apache/kerby/kerb-server/1.0.1/kerb-server-1.0.1.jar:/home/runner/.m2/repository/org/apache/kerby/kerb-identity/1.0.1/kerb-identity-1.0.1.jar:/home/runner/.m2/repository/org/apache/kerby/kerby-xdr/1.0.1/kerby-xdr-1.0.1.jar:/home/runner/.m2/repository/org/slf4j/slf4j-log4j12/1.7.30/slf4j-log4j12-1.7.30.jar:/home/runner/.m2/repository/org/apache/ozone/ozone-s3gateway/1.3.0-SNAPSHOT/ozone-s3gateway-1.3.0-SNAPSHOT.jar:/home/runner/.m2/repository/org/javassist/javassist/3.21.0-GA/javassist-3.21.0-GA.jar:/home/runner/.m2/repository/org/jboss/weld/servlet/weld-servlet/2.4.7.Final/weld-servlet-2.4.7.Final.jar:/home/runner/.m2/repository/org/glassfish/jersey/containers/jersey-container-servlet-core/2.33/jersey-container-servlet-core-2.33.jar:/home/runner/.m2/repository/org/glassfish/hk2/external/jakarta.inject/2.6.1/jakarta.inject-2.6.1.jar:/home/runner/.m2/repository/org/glassfish/jersey/core/jersey-common/2.33/jersey-common-2.33.jar:/home/runner/.m2/repository/jakarta/ws/rs/jakarta.ws.rs-api/2.1.6/jakarta.ws.rs-api-2.1.6.jar:/home/runner/.m2/repository/org/glassfish/jersey/ext/cdi/jersey-cdi1x/2.33/jersey-cdi1x-2.33.jar:/home/runner/.m2/repository/org/glassfish/jersey/inject/jersey-hk2/2.33/jersey-hk2-2.33.jar:/home/runner/.m2/repository/org/glassfish/hk2/hk2-locator/2.6.1/hk2-locator-2.6.1.jar:/home/runner/.m2/repository/org/glassfish/jersey/media/jersey-media-jaxb/2.33/jersey-media-jaxb-2.33.jar:/home/runner/.m2/repository/org/glassfish/hk2/osgi-resource-locator/1.0.3/osgi-resource-locator-1.0.3.jar:/home/runner/.m2/repository/org/glassfish/hk2/hk2-api/2.5.0/hk2-api-2.5.0.jar:/home/runner/.m2/repository/org/glassfish/hk2/hk2-utils/2.5.0/hk2-utils-2.5.0.jar:/home/runner/.m2/repository/org/glassfish/hk2/external/aopalliance-repackaged/2.5.0/aopalliance-repackaged-2.5.0.jar:/home/runner/.m2/repository/com/fasterxml/jackson/dataformat/jackson-dataformat-xml/2.12.1/jackson-dataformat-xml-2.12.1.jar:/home/runner/.m2/repository/com/fasterxml/jackson/core/jackson-core/2.12.1/jackson-core-2.12.1.jar:/home/runner/.m2/repository/com/fasterxml/jackson/module/jackson-module-jaxb-annotations/2.12.1/jackson-module-jaxb-annotations-2.12.1.jar:/home/runner/.m2/repository/jakarta/xml/bind/jakarta.xml.bind-api/2.3.2/jakarta.xml.bind-api-2.3.2.jar:/home/runner/.m2/repository/org/codehaus/woodstox/stax2-api/3.1.4/stax2-api-3.1.4.jar:/home/runner/.m2/repository/com/fasterxml/woodstox/woodstox-core/5.0.3/woodstox-core-5.0.3.jar:/home/runner/.m2/repository/javax/enterprise/cdi-api/1.2/cdi-api-1.2.jar:/home/runner/.m2/repository/javax/el/javax.el-api/3.0.0/javax.el-api-3.0.0.jar:/home/runner/.m2/repository/javax/interceptor/javax.interceptor-api/1.2/javax.interceptor-api-1.2.jar:/home/runner/.m2/repository/javax/inject/javax.inject/1/javax.inject-1.jar:/home/runner/.m2/repository/javax/xml/bind/jaxb-api/2.3.0/jaxb-api-2.3.0.jar:/home/runner/.m2/repository/org/glassfish/jaxb/jaxb-runtime/2.3.0.1/jaxb-runtime-2.3.0.1.jar:/home/runner/.m2/repository/org/glassfish/jaxb/jaxb-core/2.3.0.1/jaxb-core-2.3.0.1.jar:/home/runner/.m2/repository/org/glassfish/jaxb/txw2/2.3.0.1/txw2-2.3.0.1.jar:/home/runner/.m2/repository/com/sun/istack/istack-commons-runtime/3.0.5/istack-commons-runtime-3.0.5.jar:/home/runner/.m2/repository/org/jvnet/staxex/stax-ex/1.7.8/stax-ex-1.7.8.jar:/home/runner/.m2/repository/com/sun/xml/fastinfoset/FastInfoset/1.2.13/FastInfoset-1.2.13.jar:/home/runner/.m2/repository/javax/activation/activation/1.1.1/activation-1.1.1.jar:/home/runner/.m2/repository/org/apache/ozone/ozone-csi/1.3.0-SNAPSHOT/ozone-csi-1.3.0-SNAPSHOT.jar:/home/runner/.m2/repository/com/google/protobuf/protobuf-java-util/3.12.0/protobuf-java-util-3.12.0.jar:/home/runner/.m2/repository/com/google/code/gson/gson/2.2.4/gson-2.2.4.jar:/home/runner/.m2/repository/org/apache/ozone/hdds-config/1.3.0-SNAPSHOT/hdds-config-1.3.0-SNAPSHOT.jar:/home/runner/.m2/repository/io/grpc/grpc-netty/1.33.0/grpc-netty-1.33.0.jar:/home/runner/.m2/repository/io/grpc/grpc-core/1.33.0/grpc-core-1.33.0.jar:/home/runner/.m2/repository/com/google/android/annotations/4.1.1.4/annotations-4.1.1.4.jar:/home/runner/.m2/repository/io/netty/netty-codec-http2/4.1.63.Final/netty-codec-http2-4.1.63.Final.jar:/home/runner/.m2/repository/io/netty/netty-codec-http/4.1.63.Final/netty-codec-http-4.1.63.Final.jar:/home/runner/.m2/repository/io/netty/netty-handler-proxy/4.1.63.Final/netty-handler-proxy-4.1.63.Final.jar:/home/runner/.m2/repository/io/netty/netty-codec-socks/4.1.63.Final/netty-codec-socks-4.1.63.Final.jar:/home/runner/.m2/repository/io/perfmark/perfmark-api/0.19.0/perfmark-api-0.19.0.jar:/home/runner/.m2/repository/org/codehaus/mojo/animal-sniffer-annotations/1.18/animal-sniffer-annotations-1.18.jar:/home/runner/.m2/repository/io/netty/netty-transport-native-epoll/4.1.63.Final/netty-transport-native-epoll-4.1.63.Final.jar:/home/runner/.m2/repository/io/netty/netty-common/4.1.63.Final/netty-common-4.1.63.Final.jar:/home/runner/.m2/repository/io/netty/netty-buffer/4.1.63.Final/netty-buffer-4.1.63.Final.jar:/home/runner/.m2/repository/io/netty/netty-transport-native-unix-common/4.1.63.Final/netty-transport-native-unix-common-4.1.63.Final.jar:/home/runner/.m2/repository/io/grpc/grpc-protobuf/1.33.0/grpc-protobuf-1.33.0.jar:/home/runner/.m2/repository/io/grpc/grpc-api/1.33.0/grpc-api-1.33.0.jar:/home/runner/.m2/repository/io/grpc/grpc-context/1.33.0/grpc-context-1.33.0.jar:/home/runner/.m2/repository/com/google/api/grpc/proto-google-common-protos/1.17.0/proto-google-common-protos-1.17.0.jar:/home/runner/.m2/repository/io/grpc/grpc-protobuf-lite/1.33.0/grpc-protobuf-lite-1.33.0.jar:/home/runner/.m2/repository/io/grpc/grpc-stub/1.33.0/grpc-stub-1.33.0.jar:/home/runner/.m2/repository/org/apache/ozone/ozone-recon/1.3.0-SNAPSHOT/ozone-recon-1.3.0-SNAPSHOT.jar:/home/runner/.m2/repository/org/apache/ozone/ozone-reconcodegen/1.3.0-SNAPSHOT/ozone-reconcodegen-1.3.0-SNAPSHOT.jar:/home/runner/.m2/repository/com/google/inject/extensions/guice-multibindings/4.0/guice-multibindings-4.0.jar:/home/runner/.m2/repository/com/google/inject/guice/4.0/guice-4.0.jar:/home/runner/.m2/repository/aopalliance/aopalliance/1.0/aopalliance-1.0.jar:/home/runner/.m2/repository/com/google/inject/extensions/guice-assistedinject/4.0/guice-assistedinject-4.0.jar:/home/runner/.m2/repository/com/google/inject/extensions/guice-servlet/4.0/guice-servlet-4.0.jar:/home/runner/.m2/repository/org/glassfish/jersey/containers/jersey-container-servlet/2.33/jersey-container-servlet-2.33.jar:/home/runner/.m2/repository/org/glassfish/hk2/guice-bridge/2.5.0/guice-bridge-2.5.0.jar:/home/runner/.m2/repository/org/glassfish/jersey/core/jersey-server/2.33/jersey-server-2.33.jar:/home/runner/.m2/repository/org/glassfish/jersey/core/jersey-client/2.33/jersey-client-2.33.jar:/home/runner/.m2/repository/jakarta/annotation/jakarta.annotation-api/1.3.5/jakarta.annotation-api-1.3.5.jar:/home/runner/.m2/repository/jakarta/validation/jakarta.validation-api/2.0.2/jakarta.validation-api-2.0.2.jar:/home/runner/.m2/repository/org/glassfish/jersey/media/jersey-media-json-jackson/2.33/jersey-media-json-jackson-2.33.jar:/home/runner/.m2/repository/org/glassfish/jersey/ext/jersey-entity-filtering/2.33/jersey-entity-filtering-2.33.jar:/home/runner/.m2/repository/org/jooq/jooq/3.11.10/jooq-3.11.10.jar:/home/runner/.m2/repository/org/jooq/jooq-meta/3.11.10/jooq-meta-3.11.10.jar:/home/runner/.m2/repository/org/jooq/jooq-codegen/3.11.10/jooq-codegen-3.11.10.jar:/home/runner/.m2/repository/com/jolbox/bonecp/0.8.0.RELEASE/bonecp-0.8.0.RELEASE.jar:/home/runner/.m2/repository/org/apache/derby/derby/10.14.2.0/derby-10.14.2.0.jar:/home/runner/.m2/repository/org/xerial/sqlite-jdbc/3.25.2/sqlite-jdbc-3.25.2.jar:/home/runner/.m2/repository/org/springframework/spring-jdbc/5.2.18.RELEASE/spring-jdbc-5.2.18.RELEASE.jar:/home/runner/.m2/repository/org/springframework/spring-beans/5.2.18.RELEASE/spring-beans-5.2.18.RELEASE.jar:/home/runner/.m2/repository/org/springframework/spring-core/5.2.18.RELEASE/spring-core-5.2.18.RELEASE.jar:/home/runner/.m2/repository/org/springframework/spring-jcl/5.2.18.RELEASE/spring-jcl-5.2.18.RELEASE.jar:/home/runner/.m2/repository/org/springframework/spring-tx/5.2.18.RELEASE/spring-tx-5.2.18.RELEASE.jar:/home/runner/.m2/repository/org/apache/ozone/ozone-client/1.3.0-SNAPSHOT/ozone-client-1.3.0-SNAPSHOT.jar:/home/runner/.m2/repository/org/apache/ozone/ozone-filesystem/1.3.0-SNAPSHOT/ozone-filesystem-1.3.0-SNAPSHOT.jar:/home/runner/.m2/repository/org/apache/ozone/ozone-filesystem-common/1.3.0-SNAPSHOT/ozone-filesystem-common-1.3.0-SNAPSHOT.jar:/home/runner/.m2/repository/org/apache/ozone/ozone-tools/1.3.0-SNAPSHOT/ozone-tools-1.3.0-SNAPSHOT.jar:/home/runner/.m2/repository/org/apache/ratis/ratis-tools/2.2.0/ratis-tools-2.2.0.jar:/home/runner/.m2/repository/com/amazonaws/aws-java-sdk-core/1.12.124/aws-java-sdk-core-1.12.124.jar:/home/runner/.m2/repository/org/apache/httpcomponents/httpclient/4.5.13/httpclient-4.5.13.jar:/home/runner/.m2/repository/org/apache/httpcomponents/httpcore/4.4.13/httpcore-4.4.13.jar:/home/runner/.m2/repository/software/amazon/ion/ion-java/1.0.2/ion-java-1.0.2.jar:/home/runner/.m2/repository/com/fasterxml/jackson/dataformat/jackson-dataformat-cbor/2.12.1/jackson-dataformat-cbor-2.12.1.jar:/home/runner/.m2/repository/joda-time/joda-time/2.8.1/joda-time-2.8.1.jar:/home/runner/.m2/repository/com/amazonaws/aws-java-sdk-s3/1.12.124/aws-java-sdk-s3-1.12.124.jar:/home/runner/.m2/repository/com/amazonaws/aws-java-sdk-kms/1.12.124/aws-java-sdk-kms-1.12.124.jar:/home/runner/.m2/repository/com/amazonaws/jmespath-java/1.12.124/jmespath-java-1.12.124.jar:/home/runner/.m2/repository/org/kohsuke/metainf-services/metainf-services/1.8/metainf-services-1.8.jar:/home/runner/.m2/repository/org/apache/ozone/hdds-tools/1.3.0-SNAPSHOT/hdds-tools-1.3.0-SNAPSHOT.jar:/home/runner/.m2/repository/commons-cli/commons-cli/1.2/commons-cli-1.2.jar:/home/runner/.m2/repository/org/apache/commons/commons-lang3/3.7/commons-lang3-3.7.jar:/home/runner/.m2/repository/org/apache/ozone/ozone-manager/1.3.0-SNAPSHOT/ozone-manager-1.3.0-SNAPSHOT-tests.jar:/home/runner/.m2/repository/org/apache/ozone/hdds-common/1.3.0-SNAPSHOT/hdds-common-1.3.0-SNAPSHOT-tests.jar:/home/runner/.m2/repository/org/apache/ozone/hdds-hadoop-dependency-client/1.3.0-SNAPSHOT/hdds-hadoop-dependency-client-1.3.0-SNAPSHOT.jar:/home/runner/.m2/repository/info/picocli/picocli/4.6.1/picocli-4.6.1.jar:/home/runner/.m2/repository/com/fasterxml/jackson/core/jackson-annotations/2.12.1/jackson-annotations-2.12.1.jar:/home/runner/.m2/repository/javax/annotation/javax.annotation-api/1.2/javax.annotation-api-1.2.jar:/home/runner/.m2/repository/org/apache/ratis/ratis-server/2.2.0/ratis-server-2.2.0.jar:/home/runner/.m2/repository/org/apache/ratis/ratis-client/2.2.0/ratis-client-2.2.0.jar:/home/runner/.m2/repository/org/apache/ratis/ratis-server-api/2.2.0/ratis-server-api-2.2.0.jar:/home/runner/.m2/repository/org/apache/ratis/ratis-metrics/2.2.0/ratis-metrics-2.2.0.jar:/home/runner/.m2/repository/org/apache/ratis/ratis-netty/2.2.0/ratis-netty-2.2.0.jar:/home/runner/.m2/repository/org/apache/ratis/ratis-grpc/2.2.0/ratis-grpc-2.2.0.jar:/home/runner/.m2/repository/org/apache/logging/log4j/log4j-api/2.13.3/log4j-api-2.13.3.jar:/home/runner/.m2/repository/org/apache/logging/log4j/log4j-core/2.13.3/log4j-core-2.13.3.jar:/home/runner/.m2/repository/com/lmax/disruptor/3.4.2/disruptor-3.4.2.jar:/home/runner/.m2/repository/org/apache/commons/commons-pool2/2.6.0/commons-pool2-2.6.0.jar:/home/runner/.m2/repository/org/bouncycastle/bcpkix-jdk15on/1.67/bcpkix-jdk15on-1.67.jar:/home/runner/.m2/repository/commons-validator/commons-validator/1.6/commons-validator-1.6.jar:/home/runner/.m2/repository/commons-beanutils/commons-beanutils/1.9.4/commons-beanutils-1.9.4.jar:/home/runner/.m2/repository/commons-digester/commons-digester/1.8.1/commons-digester-1.8.1.jar:/home/runner/.m2/repository/commons-collections/commons-collections/3.2.2/commons-collections-3.2.2.jar:/home/runner/.m2/repository/io/jaegertracing/jaeger-client/1.6.0/jaeger-client-1.6.0.jar:/home/runner/.m2/repository/io/jaegertracing/jaeger-thrift/1.6.0/jaeger-thrift-1.6.0.jar:/home/runner/.m2/repository/org/apache/thrift/libthrift/0.14.1/libthrift-0.14.1.jar:/home/runner/.m2/repository/com/squareup/okhttp3/okhttp/4.9.0/okhttp-4.9.0.jar:/home/runner/.m2/repository/com/squareup/okio/okio/2.8.0/okio-2.8.0.jar:/home/runner/.m2/repository/io/jaegertracing/jaeger-core/1.6.0/jaeger-core-1.6.0.jar:/home/runner/.m2/repository/io/jaegertracing/jaeger-tracerresolver/1.6.0/jaeger-tracerresolver-1.6.0.jar:/home/runner/.m2/repository/io/opentracing/contrib/opentracing-tracerresolver/0.1.8/opentracing-tracerresolver-0.1.8.jar:/home/runner/.m2/repository/org/jetbrains/kotlin/kotlin-stdlib/1.4.31/kotlin-stdlib-1.4.31.jar:/home/runner/.m2/repository/org/jetbrains/kotlin/kotlin-stdlib-common/1.4.31/kotlin-stdlib-common-1.4.31.jar:/home/runner/.m2/repository/org/jetbrains/annotations/13.0/annotations-13.0.jar:/home/runner/.m2/repository/io/opentracing/opentracing-util/0.33.0/opentracing-util-0.33.0.jar:/home/runner/.m2/repository/io/opentracing/opentracing-api/0.33.0/opentracing-api-0.33.0.jar:/home/runner/.m2/repository/io/opentracing/opentracing-noop/0.33.0/opentracing-noop-0.33.0.jar:/home/runner/.m2/repository/org/yaml/snakeyaml/1.26/snakeyaml-1.26.jar:/home/runner/.m2/repository/org/apache/ozone/hdds-interface-admin/1.3.0-SNAPSHOT/hdds-interface-admin-1.3.0-SNAPSHOT.jar:/home/runner/.m2/repository/junit/junit/4.13.1/junit-4.13.1.jar:/home/runner/.m2/repository/org/hamcrest/hamcrest-core/1.3/hamcrest-core-1.3.jar:/home/runner/.m2/repository/org/junit/jupiter/junit-jupiter-api/5.7.0/junit-jupiter-api-5.7.0.jar:/home/runner/.m2/repository/org/apiguardian/apiguardian-api/1.1.0/apiguardian-api-1.1.0.jar:/home/runner/.m2/repository/org/opentest4j/opentest4j/1.2.0/opentest4j-1.2.0.jar:/home/runner/.m2/repository/org/junit/platform/junit-platform-commons/1.7.0/junit-platform-commons-1.7.0.jar:/home/runner/.m2/repository/org/junit/jupiter/junit-jupiter-engine/5.7.0/junit-jupiter-engine-5.7.0.jar:/home/runner/.m2/repository/org/junit/platform/junit-platform-engine/1.7.0/junit-platform-engine-1.7.0.jar:/home/runner/.m2/repository/org/junit/vintage/junit-vintage-engine/5.7.0/junit-vintage-engine-5.7.0.jar:/home/runner/.m2/repository/org/junit/platform/junit-platform-launcher/1.7.0/junit-platform-launcher-1.7.0.jar:/home/runner/.m2/repository/org/openjdk/jmh/jmh-core/1.19/jmh-core-1.19.jar:/home/runner/.m2/repository/net/sf/jopt-simple/jopt-simple/4.6/jopt-simple-4.6.jar:/home/runner/.m2/repository/org/apache/commons/commons-math3/3.1.1/commons-math3-3.1.1.jar:/home/runner/.m2/repository/org/openjdk/jmh/jmh-generator-annprocess/1.19/jmh-generator-annprocess-1.19.jar:/home/runner/.m2/repository/org/mockito/mockito-core/2.28.2/mockito-core-2.28.2.jar:/home/runner/.m2/repository/net/bytebuddy/byte-buddy/1.9.10/byte-buddy-1.9.10.jar:/home/runner/.m2/repository/net/bytebuddy/byte-buddy-agent/1.9.10/byte-buddy-agent-1.9.10.jar:/home/runner/.m2/repository/org/objenesis/objenesis/1.0/objenesis-1.0.jar:/home/runner/.m2/repository/org/apache/hadoop/hadoop-kms/3.3.1/hadoop-kms-3.3.1.jar:/home/runner/.m2/repository/org/apache/hadoop/hadoop-auth/3.3.1/hadoop-auth-3.3.1.jar:/home/runner/.m2/repository/com/nimbusds/nimbus-jose-jwt/7.9/nimbus-jose-jwt-7.9.jar:/home/runner/.m2/repository/com/github/stephenc/jcip/jcip-annotations/1.0-1/jcip-annotations-1.0-1.jar:/home/runner/.m2/repository/net/minidev/json-smart/2.3.1/json-smart-2.3.1.jar:/home/runner/.m2/repository/net/minidev/accessors-smart/2.3.1/accessors-smart-2.3.1.jar:/home/runner/.m2/repository/org/ow2/asm/asm/5.0.4/asm-5.0.4.jar:/home/runner/.m2/repository/org/apache/zookeeper/zookeeper/3.5.6/zookeeper-3.5.6.jar:/home/runner/.m2/repository/org/apache/zookeeper/zookeeper-jute/3.5.6/zookeeper-jute-3.5.6.jar:/home/runner/.m2/repository/org/apache/yetus/audience-annotations/0.5.0/audience-annotations-0.5.0.jar:/home/runner/.m2/repository/org/apache/curator/curator-framework/4.2.0/curator-framework-4.2.0.jar:/home/runner/.m2/repository/org/apache/hadoop/thirdparty/hadoop-shaded-guava/1.1.1/hadoop-shaded-guava-1.1.1.jar:/home/runner/.m2/repository/com/sun/jersey/jersey-core/1.19/jersey-core-1.19.jar:/home/runner/.m2/repository/javax/ws/rs/jsr311-api/1.1.1/jsr311-api-1.1.1.jar:/home/runner/.m2/repository/com/sun/jersey/jersey-server/1.19/jersey-server-1.19.jar:/home/runner/.m2/repository/javax/servlet/javax.servlet-api/3.1.0/javax.servlet-api-3.1.0.jar:/home/runner/.m2/repository/org/eclipse/jetty/jetty-server/9.4.43.v20210629/jetty-server-9.4.43.v20210629.jar:/home/runner/.m2/repository/org/eclipse/jetty/jetty-http/9.4.43.v20210629/jetty-http-9.4.43.v20210629.jar:/home/runner/.m2/repository/org/eclipse/jetty/jetty-io/9.4.43.v20210629/jetty-io-9.4.43.v20210629.jar:/home/runner/.m2/repository/org/eclipse/jetty/jetty-webapp/9.4.43.v20210629/jetty-webapp-9.4.43.v20210629.jar:/home/runner/.m2/repository/org/eclipse/jetty/jetty-xml/9.4.43.v20210629/jetty-xml-9.4.43.v20210629.jar:/home/runner/.m2/repository/org/apache/hadoop/hadoop-common/3.3.1/hadoop-common-3.3.1.jar:/home/runner/.m2/repository/commons-net/commons-net/3.6/commons-net-3.6.jar:/home/runner/.m2/repository/jakarta/activation/jakarta.activation-api/1.2.1/jakarta.activation-api-1.2.1.jar:/home/runner/.m2/repository/com/sun/jersey/jersey-servlet/1.19/jersey-servlet-1.19.jar:/home/runner/.m2/repository/com/sun/jersey/jersey-json/1.19/jersey-json-1.19.jar:/home/runner/.m2/repository/org/codehaus/jettison/jettison/1.1/jettison-1.1.jar:/home/runner/.m2/repository/com/sun/xml/bind/jaxb-impl/2.2.3-1/jaxb-impl-2.2.3-1.jar:/home/runner/.m2/repository/org/codehaus/jackson/jackson-jaxrs/1.9.2/jackson-jaxrs-1.9.2.jar:/home/runner/.m2/repository/org/codehaus/jackson/jackson-xc/1.9.2/jackson-xc-1.9.2.jar:/home/runner/.m2/repository/org/apache/commons/commons-configuration2/2.1.1/commons-configuration2-2.1.1.jar:/home/runner/.m2/repository/org/apache/commons/commons-text/1.4/commons-text-1.4.jar:/home/runner/.m2/repository/com/google/re2j/re2j/1.1/re2j-1.1.jar:/home/runner/.m2/repository/com/jcraft/jsch/0.1.54/jsch-0.1.54.jar:/home/runner/.m2/repository/org/apache/curator/curator-client/4.2.0/curator-client-4.2.0.jar:/home/runner/.m2/repository/org/apache/curator/curator-recipes/4.2.0/curator-recipes-4.2.0.jar:/home/runner/.m2/repository/org/apache/kerby/kerb-core/1.0.1/kerb-core-1.0.1.jar:/home/runner/.m2/repository/org/apache/kerby/kerby-pkix/1.0.1/kerby-pkix-1.0.1.jar:/home/runner/.m2/repository/org/apache/kerby/kerby-asn1/1.0.1/kerby-asn1-1.0.1.jar:/home/runner/.m2/repository/org/apache/kerby/kerby-util/1.0.1/kerby-util-1.0.1.jar:/home/runner/.m2/repository/dnsjava/dnsjava/2.1.7/dnsjava-2.1.7.jar:/home/runner/.m2/repository/org/xerial/snappy/snappy-java/1.1.8.2/snappy-java-1.1.8.2.jar:/home/runner/.m2/repository/org/slf4j/jul-to-slf4j/1.7.30/jul-to-slf4j-1.7.30.jar:/home/runner/.m2/repository/org/eclipse/jetty/jetty-util/9.4.43.v20210629/jetty-util-9.4.43.v20210629.jar:/home/runner/.m2/repository/com/fasterxml/jackson/core/jackson-databind/2.12.1/jackson-databind-2.12.1.jar:/home/runner/.m2/repository/org/apache/hadoop/hadoop-kms/3.3.1/hadoop-kms-3.3.1-tests.jar:/home/runner/.m2/repository/org/apache/ozone/hdds-server-scm/1.3.0-SNAPSHOT/hdds-server-scm-1.3.0-SNAPSHOT-tests.jar:/home/runner/.m2/repository/org/apache/ozone/hdds-container-service/1.3.0-SNAPSHOT/hdds-container-service-1.3.0-SNAPSHOT-tests.jar:/home/runner/.m2/repository/commons-codec/commons-codec/1.11/commons-codec-1.11.jar:/home/runner/.m2/repository/io/netty/netty-transport/4.1.63.Final/netty-transport-4.1.63.Final.jar:/home/runner/.m2/repository/io/netty/netty-resolver/4.1.63.Final/netty-resolver-4.1.63.Final.jar:/home/runner/.m2/repository/io/netty/netty-codec/4.1.63.Final/netty-codec-4.1.63.Final.jar:/home/runner/.m2/repository/io/netty/netty-handler/4.1.63.Final/netty-handler-4.1.63.Final.jar:/home/runner/.m2/repository/org/apache/ozone/hdds-hadoop-dependency-test/1.3.0-SNAPSHOT/hdds-hadoop-dependency-test-1.3.0-SNAPSHOT.jar:/home/runner/.m2/repository/org/apache/hadoop/hadoop-common/3.3.1/hadoop-common-3.3.1-tests.jar:/home/runner/.m2/repository/org/assertj/assertj-core/3.12.2/assertj-core-3.12.2.jar:/home/runner/.m2/repository/org/apache/hadoop/hadoop-hdfs/3.3.1/hadoop-hdfs-3.3.1-tests.jar:/home/runner/.m2/repository/org/eclipse/jetty/jetty-util-ajax/9.4.43.v20210629/jetty-util-ajax-9.4.43.v20210629.jar:/home/runner/.m2/repository/commons-daemon/commons-daemon/1.0.13/commons-daemon-1.0.13.jar:/home/runner/.m2/repository/io/netty/netty/3.10.6.Final/netty-3.10.6.Final.jar:/home/runner/.m2/repository/io/netty/netty-all/4.1.63.Final/netty-all-4.1.63.Final.jar:/home/runner/.m2/repository/org/apache/htrace/htrace-core4/4.1.0-incubating/htrace-core4-4.1.0-incubating.jar:/home/runner/.m2/repository/org/fusesource/leveldbjni/leveldbjni-all/1.8/leveldbjni-all-1.8.jar:/home/runner/.m2/repository/org/apache/hadoop/hadoop-distcp/3.3.1/hadoop-distcp-3.3.1.jar:/home/runner/.m2/repository/org/apache/hadoop/hadoop-mapreduce-client-jobclient/3.3.1/hadoop-mapreduce-client-jobclient-3.3.1.jar:/home/runner/.m2/repository/org/apache/hadoop/hadoop-mapreduce-client-common/3.3.1/hadoop-mapreduce-client-common-3.3.1.jar:/home/runner/.m2/repository/org/apache/hadoop/hadoop-yarn-common/3.3.1/hadoop-yarn-common-3.3.1.jar:/home/runner/.m2/repository/org/apache/hadoop/hadoop-yarn-api/3.3.1/hadoop-yarn-api-3.3.1.jar:/home/runner/.m2/repository/com/sun/jersey/jersey-client/1.19/jersey-client-1.19.jar:/home/runner/.m2/repository/com/sun/jersey/contribs/jersey-guice/1.19/jersey-guice-1.19.jar:/home/runner/.m2/repository/com/fasterxml/jackson/jaxrs/jackson-jaxrs-json-provider/2.12.1/jackson-jaxrs-json-provider-2.12.1.jar:/home/runner/.m2/repository/com/fasterxml/jackson/jaxrs/jackson-jaxrs-base/2.12.1/jackson-jaxrs-base-2.12.1.jar:/home/runner/.m2/repository/org/apache/hadoop/hadoop-yarn-client/3.3.1/hadoop-yarn-client-3.3.1.jar:/home/runner/.m2/repository/org/eclipse/jetty/websocket/websocket-client/9.4.40.v20210413/websocket-client-9.4.40.v20210413.jar:/home/runner/.m2/repository/org/eclipse/jetty/jetty-client/9.4.40.v20210413/jetty-client-9.4.40.v20210413.jar:/home/runner/.m2/repository/org/eclipse/jetty/websocket/websocket-common/9.4.40.v20210413/websocket-common-9.4.40.v20210413.jar:/home/runner/.m2/repository/org/eclipse/jetty/websocket/websocket-api/9.4.40.v20210413/websocket-api-9.4.40.v20210413.jar:/home/runner/.m2/repository/org/jline/jline/3.9.0/jline-3.9.0.jar:/home/runner/.m2/repository/org/apache/hadoop/hadoop-mapreduce-client-core/3.3.1/hadoop-mapreduce-client-core-3.3.1.jar:/home/runner/.m2/repository/org/apache/avro/avro/1.7.7/avro-1.7.7.jar:/home/runner/.m2/repository/org/codehaus/jackson/jackson-core-asl/1.9.13/jackson-core-asl-1.9.13.jar:/home/runner/.m2/repository/org/codehaus/jackson/jackson-mapper-asl/1.9.13/jackson-mapper-asl-1.9.13.jar:/home/runner/.m2/repository/com/thoughtworks/paranamer/paranamer/2.3/paranamer-2.3.jar:/home/runner/.m2/repository/org/apache/hadoop/hadoop-annotations/3.3.1/hadoop-annotations-3.3.1.jar:/usr/lib/jvm/adoptopenjdk-8-hotspot-amd64/jre/../lib/tools.jar:/home/runner/.m2/repository/org/apache/hadoop/hadoop-distcp/3.3.1/hadoop-distcp-3.3.1-tests.jar:/home/runner/.m2/repository/org/apache/ratis/ratis-common/2.2.0/ratis-common-2.2.0.jar:/home/runner/.m2/repository/org/apache/ratis/ratis-thirdparty-misc/0.7.0/ratis-thirdparty-misc-0.7.0.jar:/home/runner/.m2/repository/org/apache/ratis/ratis-proto/2.2.0/ratis-proto-2.2.0.jar:"/>
    <property name="java.vm.vendor" value="AdoptOpenJDK"/>
    <property name="sun.arch.data.model" value="64"/>
    <property name="test.build.dir" value="/home/runner/work/ozone/ozone/hadoop-ozone/integration-test/target/test-dir"/>
    <property name="test.cache.data" value=""/>
    <property name="java.vendor.url" value="https://adoptopenjdk.net/"/>
    <property name="user.timezone" value=""/>
    <property name="java.vm.specification.version" value="1.8"/>
    <property name="os.name" value="Linux"/>
    <property name="test.build.data" value="/home/runner/work/ozone/ozone/hadoop-ozone/integration-test/target/test-dir"/>
    <property name="sun.java.launcher" value="SUN_STANDARD"/>
    <property name="sun.boot.library.path" value="/usr/lib/jvm/adoptopenjdk-8-hotspot-amd64/jre/lib/amd64"/>
    <property name="sun.java.command" value="/home/runner/work/ozone/ozone/hadoop-ozone/integration-test/target/surefire/surefirebooter81579634330590919.jar /home/runner/work/ozone/ozone/hadoop-ozone/integration-test/target/surefire 2021-12-08T13-07-08_644-jvmRun1 surefire411999016962346808tmp surefire_56527743787943897175tmp"/>
    <property name="surefire.test.class.path" value="/home/runner/work/ozone/ozone/hadoop-ozone/integration-test/target/test-classes:/home/runner/work/ozone/ozone/hadoop-ozone/integration-test/target/classes:/home/runner/.m2/repository/org/apache/ozone/ozone-common/1.3.0-SNAPSHOT/ozone-common-1.3.0-SNAPSHOT.jar:/home/runner/.m2/repository/org/apache/commons/commons-compress/1.21/commons-compress-1.21.jar:/home/runner/.m2/repository/org/apache/ozone/hdds-common/1.3.0-SNAPSHOT/hdds-common-1.3.0-SNAPSHOT.jar:/home/runner/.m2/repository/org/apache/ozone/hdds-client/1.3.0-SNAPSHOT/hdds-client-1.3.0-SNAPSHOT.jar:/home/runner/.m2/repository/org/apache/ozone/ozone-interface-client/1.3.0-SNAPSHOT/ozone-interface-client-1.3.0-SNAPSHOT.jar:/home/runner/.m2/repository/org/apache/ozone/hdds-test-utils/1.3.0-SNAPSHOT/hdds-test-utils-1.3.0-SNAPSHOT.jar:/home/runner/.m2/repository/com/google/guava/guava/30.1.1-jre/guava-30.1.1-jre.jar:/home/runner/.m2/repository/com/google/guava/failureaccess/1.0.1/failureaccess-1.0.1.jar:/home/runner/.m2/repository/com/google/guava/listenablefuture/9999.0-empty-to-avoid-conflict-with-guava/listenablefuture-9999.0-empty-to-avoid-conflict-with-guava.jar:/home/runner/.m2/repository/com/google/code/findbugs/jsr305/3.0.0/jsr305-3.0.0.jar:/home/runner/.m2/repository/org/checkerframework/checker-qual/3.8.0/checker-qual-3.8.0.jar:/home/runner/.m2/repository/com/google/errorprone/error_prone_annotations/2.2.0/error_prone_annotations-2.2.0.jar:/home/runner/.m2/repository/com/google/j2objc/j2objc-annotations/1.3/j2objc-annotations-1.3.jar:/home/runner/.m2/repository/commons-io/commons-io/2.11.0/commons-io-2.11.0.jar:/home/runner/.m2/repository/commons-logging/commons-logging/1.2/commons-logging-1.2.jar:/home/runner/.m2/repository/log4j/log4j/1.2.17/log4j-1.2.17.jar:/home/runner/.m2/repository/org/slf4j/slf4j-api/1.7.30/slf4j-api-1.7.30.jar:/home/runner/.m2/repository/org/apache/ozone/hdds-server-scm/1.3.0-SNAPSHOT/hdds-server-scm-1.3.0-SNAPSHOT.jar:/home/runner/.m2/repository/org/apache/ozone/hdds-container-service/1.3.0-SNAPSHOT/hdds-container-service-1.3.0-SNAPSHOT.jar:/home/runner/.m2/repository/org/apache/ozone/hdds-hadoop-dependency-server/1.3.0-SNAPSHOT/hdds-hadoop-dependency-server-1.3.0-SNAPSHOT.jar:/home/runner/.m2/repository/org/apache/hadoop/hadoop-hdfs/3.3.1/hadoop-hdfs-3.3.1.jar:/home/runner/.m2/repository/org/apache/ozone/hdds-server-framework/1.3.0-SNAPSHOT/hdds-server-framework-1.3.0-SNAPSHOT.jar:/home/runner/.m2/repository/org/apache/ozone/hdds-interface-server/1.3.0-SNAPSHOT/hdds-interface-server-1.3.0-SNAPSHOT.jar:/home/runner/.m2/repository/org/eclipse/jetty/jetty-servlet/9.4.43.v20210629/jetty-servlet-9.4.43.v20210629.jar:/home/runner/.m2/repository/org/eclipse/jetty/jetty-security/9.4.43.v20210629/jetty-security-9.4.43.v20210629.jar:/home/runner/.m2/repository/org/rocksdb/rocksdbjni/6.25.3/rocksdbjni-6.25.3.jar:/home/runner/.m2/repository/io/prometheus/simpleclient_dropwizard/0.7.0/simpleclient_dropwizard-0.7.0.jar:/home/runner/.m2/repository/io/prometheus/simpleclient/0.7.0/simpleclient-0.7.0.jar:/home/runner/.m2/repository/io/prometheus/simpleclient_common/0.7.0/simpleclient_common-0.7.0.jar:/home/runner/.m2/repository/com/fasterxml/jackson/datatype/jackson-datatype-jsr310/2.12.1/jackson-datatype-jsr310-2.12.1.jar:/home/runner/.m2/repository/io/dropwizard/metrics/metrics-core/3.2.4/metrics-core-3.2.4.jar:/home/runner/.m2/repository/org/apache/hadoop/hadoop-hdfs-client/3.3.1/hadoop-hdfs-client-3.3.1.jar:/home/runner/.m2/repository/org/bouncycastle/bcprov-jdk15on/1.67/bcprov-jdk15on-1.67.jar:/home/runner/.m2/repository/com/google/protobuf/protobuf-java/2.5.0/protobuf-java-2.5.0.jar:/home/runner/.m2/repository/org/apache/ozone/ozone-manager/1.3.0-SNAPSHOT/ozone-manager-1.3.0-SNAPSHOT.jar:/home/runner/.m2/repository/org/aspectj/aspectjrt/1.9.7/aspectjrt-1.9.7.jar:/home/runner/.m2/repository/org/aspectj/aspectjweaver/1.9.7/aspectjweaver-1.9.7.jar:/home/runner/.m2/repository/org/apache/ozone/hdds-interface-client/1.3.0-SNAPSHOT/hdds-interface-client-1.3.0-SNAPSHOT.jar:/home/runner/.m2/repository/org/apache/hadoop/thirdparty/hadoop-shaded-protobuf_3_7/1.1.1/hadoop-shaded-protobuf_3_7-1.1.1.jar:/home/runner/.m2/repository/org/apache/ozone/ozone-interface-storage/1.3.0-SNAPSHOT/ozone-interface-storage-1.3.0-SNAPSHOT.jar:/home/runner/.m2/repository/org/reflections/reflections/0.9.11/reflections-0.9.11.jar:/home/runner/.m2/repository/org/apache/hadoop/hadoop-minikdc/3.3.1/hadoop-minikdc-3.3.1.jar:/home/runner/.m2/repository/org/apache/kerby/kerb-simplekdc/1.0.1/kerb-simplekdc-1.0.1.jar:/home/runner/.m2/repository/org/apache/kerby/kerb-client/1.0.1/kerb-client-1.0.1.jar:/home/runner/.m2/repository/org/apache/kerby/kerby-config/1.0.1/kerby-config-1.0.1.jar:/home/runner/.m2/repository/org/apache/kerby/kerb-common/1.0.1/kerb-common-1.0.1.jar:/home/runner/.m2/repository/org/apache/kerby/kerb-crypto/1.0.1/kerb-crypto-1.0.1.jar:/home/runner/.m2/repository/org/apache/kerby/kerb-util/1.0.1/kerb-util-1.0.1.jar:/home/runner/.m2/repository/org/apache/kerby/token-provider/1.0.1/token-provider-1.0.1.jar:/home/runner/.m2/repository/org/apache/kerby/kerb-admin/1.0.1/kerb-admin-1.0.1.jar:/home/runner/.m2/repository/org/apache/kerby/kerb-server/1.0.1/kerb-server-1.0.1.jar:/home/runner/.m2/repository/org/apache/kerby/kerb-identity/1.0.1/kerb-identity-1.0.1.jar:/home/runner/.m2/repository/org/apache/kerby/kerby-xdr/1.0.1/kerby-xdr-1.0.1.jar:/home/runner/.m2/repository/org/slf4j/slf4j-log4j12/1.7.30/slf4j-log4j12-1.7.30.jar:/home/runner/.m2/repository/org/apache/ozone/ozone-s3gateway/1.3.0-SNAPSHOT/ozone-s3gateway-1.3.0-SNAPSHOT.jar:/home/runner/.m2/repository/org/javassist/javassist/3.21.0-GA/javassist-3.21.0-GA.jar:/home/runner/.m2/repository/org/jboss/weld/servlet/weld-servlet/2.4.7.Final/weld-servlet-2.4.7.Final.jar:/home/runner/.m2/repository/org/glassfish/jersey/containers/jersey-container-servlet-core/2.33/jersey-container-servlet-core-2.33.jar:/home/runner/.m2/repository/org/glassfish/hk2/external/jakarta.inject/2.6.1/jakarta.inject-2.6.1.jar:/home/runner/.m2/repository/org/glassfish/jersey/core/jersey-common/2.33/jersey-common-2.33.jar:/home/runner/.m2/repository/jakarta/ws/rs/jakarta.ws.rs-api/2.1.6/jakarta.ws.rs-api-2.1.6.jar:/home/runner/.m2/repository/org/glassfish/jersey/ext/cdi/jersey-cdi1x/2.33/jersey-cdi1x-2.33.jar:/home/runner/.m2/repository/org/glassfish/jersey/inject/jersey-hk2/2.33/jersey-hk2-2.33.jar:/home/runner/.m2/repository/org/glassfish/hk2/hk2-locator/2.6.1/hk2-locator-2.6.1.jar:/home/runner/.m2/repository/org/glassfish/jersey/media/jersey-media-jaxb/2.33/jersey-media-jaxb-2.33.jar:/home/runner/.m2/repository/org/glassfish/hk2/osgi-resource-locator/1.0.3/osgi-resource-locator-1.0.3.jar:/home/runner/.m2/repository/org/glassfish/hk2/hk2-api/2.5.0/hk2-api-2.5.0.jar:/home/runner/.m2/repository/org/glassfish/hk2/hk2-utils/2.5.0/hk2-utils-2.5.0.jar:/home/runner/.m2/repository/org/glassfish/hk2/external/aopalliance-repackaged/2.5.0/aopalliance-repackaged-2.5.0.jar:/home/runner/.m2/repository/com/fasterxml/jackson/dataformat/jackson-dataformat-xml/2.12.1/jackson-dataformat-xml-2.12.1.jar:/home/runner/.m2/repository/com/fasterxml/jackson/core/jackson-core/2.12.1/jackson-core-2.12.1.jar:/home/runner/.m2/repository/com/fasterxml/jackson/module/jackson-module-jaxb-annotations/2.12.1/jackson-module-jaxb-annotations-2.12.1.jar:/home/runner/.m2/repository/jakarta/xml/bind/jakarta.xml.bind-api/2.3.2/jakarta.xml.bind-api-2.3.2.jar:/home/runner/.m2/repository/org/codehaus/woodstox/stax2-api/3.1.4/stax2-api-3.1.4.jar:/home/runner/.m2/repository/com/fasterxml/woodstox/woodstox-core/5.0.3/woodstox-core-5.0.3.jar:/home/runner/.m2/repository/javax/enterprise/cdi-api/1.2/cdi-api-1.2.jar:/home/runner/.m2/repository/javax/el/javax.el-api/3.0.0/javax.el-api-3.0.0.jar:/home/runner/.m2/repository/javax/interceptor/javax.interceptor-api/1.2/javax.interceptor-api-1.2.jar:/home/runner/.m2/repository/javax/inject/javax.inject/1/javax.inject-1.jar:/home/runner/.m2/repository/javax/xml/bind/jaxb-api/2.3.0/jaxb-api-2.3.0.jar:/home/runner/.m2/repository/org/glassfish/jaxb/jaxb-runtime/2.3.0.1/jaxb-runtime-2.3.0.1.jar:/home/runner/.m2/repository/org/glassfish/jaxb/jaxb-core/2.3.0.1/jaxb-core-2.3.0.1.jar:/home/runner/.m2/repository/org/glassfish/jaxb/txw2/2.3.0.1/txw2-2.3.0.1.jar:/home/runner/.m2/repository/com/sun/istack/istack-commons-runtime/3.0.5/istack-commons-runtime-3.0.5.jar:/home/runner/.m2/repository/org/jvnet/staxex/stax-ex/1.7.8/stax-ex-1.7.8.jar:/home/runner/.m2/repository/com/sun/xml/fastinfoset/FastInfoset/1.2.13/FastInfoset-1.2.13.jar:/home/runner/.m2/repository/javax/activation/activation/1.1.1/activation-1.1.1.jar:/home/runner/.m2/repository/org/apache/ozone/ozone-csi/1.3.0-SNAPSHOT/ozone-csi-1.3.0-SNAPSHOT.jar:/home/runner/.m2/repository/com/google/protobuf/protobuf-java-util/3.12.0/protobuf-java-util-3.12.0.jar:/home/runner/.m2/repository/com/google/code/gson/gson/2.2.4/gson-2.2.4.jar:/home/runner/.m2/repository/org/apache/ozone/hdds-config/1.3.0-SNAPSHOT/hdds-config-1.3.0-SNAPSHOT.jar:/home/runner/.m2/repository/io/grpc/grpc-netty/1.33.0/grpc-netty-1.33.0.jar:/home/runner/.m2/repository/io/grpc/grpc-core/1.33.0/grpc-core-1.33.0.jar:/home/runner/.m2/repository/com/google/android/annotations/4.1.1.4/annotations-4.1.1.4.jar:/home/runner/.m2/repository/io/netty/netty-codec-http2/4.1.63.Final/netty-codec-http2-4.1.63.Final.jar:/home/runner/.m2/repository/io/netty/netty-codec-http/4.1.63.Final/netty-codec-http-4.1.63.Final.jar:/home/runner/.m2/repository/io/netty/netty-handler-proxy/4.1.63.Final/netty-handler-proxy-4.1.63.Final.jar:/home/runner/.m2/repository/io/netty/netty-codec-socks/4.1.63.Final/netty-codec-socks-4.1.63.Final.jar:/home/runner/.m2/repository/io/perfmark/perfmark-api/0.19.0/perfmark-api-0.19.0.jar:/home/runner/.m2/repository/org/codehaus/mojo/animal-sniffer-annotations/1.18/animal-sniffer-annotations-1.18.jar:/home/runner/.m2/repository/io/netty/netty-transport-native-epoll/4.1.63.Final/netty-transport-native-epoll-4.1.63.Final.jar:/home/runner/.m2/repository/io/netty/netty-common/4.1.63.Final/netty-common-4.1.63.Final.jar:/home/runner/.m2/repository/io/netty/netty-buffer/4.1.63.Final/netty-buffer-4.1.63.Final.jar:/home/runner/.m2/repository/io/netty/netty-transport-native-unix-common/4.1.63.Final/netty-transport-native-unix-common-4.1.63.Final.jar:/home/runner/.m2/repository/io/grpc/grpc-protobuf/1.33.0/grpc-protobuf-1.33.0.jar:/home/runner/.m2/repository/io/grpc/grpc-api/1.33.0/grpc-api-1.33.0.jar:/home/runner/.m2/repository/io/grpc/grpc-context/1.33.0/grpc-context-1.33.0.jar:/home/runner/.m2/repository/com/google/api/grpc/proto-google-common-protos/1.17.0/proto-google-common-protos-1.17.0.jar:/home/runner/.m2/repository/io/grpc/grpc-protobuf-lite/1.33.0/grpc-protobuf-lite-1.33.0.jar:/home/runner/.m2/repository/io/grpc/grpc-stub/1.33.0/grpc-stub-1.33.0.jar:/home/runner/.m2/repository/org/apache/ozone/ozone-recon/1.3.0-SNAPSHOT/ozone-recon-1.3.0-SNAPSHOT.jar:/home/runner/.m2/repository/org/apache/ozone/ozone-reconcodegen/1.3.0-SNAPSHOT/ozone-reconcodegen-1.3.0-SNAPSHOT.jar:/home/runner/.m2/repository/com/google/inject/extensions/guice-multibindings/4.0/guice-multibindings-4.0.jar:/home/runner/.m2/repository/com/google/inject/guice/4.0/guice-4.0.jar:/home/runner/.m2/repository/aopalliance/aopalliance/1.0/aopalliance-1.0.jar:/home/runner/.m2/repository/com/google/inject/extensions/guice-assistedinject/4.0/guice-assistedinject-4.0.jar:/home/runner/.m2/repository/com/google/inject/extensions/guice-servlet/4.0/guice-servlet-4.0.jar:/home/runner/.m2/repository/org/glassfish/jersey/containers/jersey-container-servlet/2.33/jersey-container-servlet-2.33.jar:/home/runner/.m2/repository/org/glassfish/hk2/guice-bridge/2.5.0/guice-bridge-2.5.0.jar:/home/runner/.m2/repository/org/glassfish/jersey/core/jersey-server/2.33/jersey-server-2.33.jar:/home/runner/.m2/repository/org/glassfish/jersey/core/jersey-client/2.33/jersey-client-2.33.jar:/home/runner/.m2/repository/jakarta/annotation/jakarta.annotation-api/1.3.5/jakarta.annotation-api-1.3.5.jar:/home/runner/.m2/repository/jakarta/validation/jakarta.validation-api/2.0.2/jakarta.validation-api-2.0.2.jar:/home/runner/.m2/repository/org/glassfish/jersey/media/jersey-media-json-jackson/2.33/jersey-media-json-jackson-2.33.jar:/home/runner/.m2/repository/org/glassfish/jersey/ext/jersey-entity-filtering/2.33/jersey-entity-filtering-2.33.jar:/home/runner/.m2/repository/org/jooq/jooq/3.11.10/jooq-3.11.10.jar:/home/runner/.m2/repository/org/jooq/jooq-meta/3.11.10/jooq-meta-3.11.10.jar:/home/runner/.m2/repository/org/jooq/jooq-codegen/3.11.10/jooq-codegen-3.11.10.jar:/home/runner/.m2/repository/com/jolbox/bonecp/0.8.0.RELEASE/bonecp-0.8.0.RELEASE.jar:/home/runner/.m2/repository/org/apache/derby/derby/10.14.2.0/derby-10.14.2.0.jar:/home/runner/.m2/repository/org/xerial/sqlite-jdbc/3.25.2/sqlite-jdbc-3.25.2.jar:/home/runner/.m2/repository/org/springframework/spring-jdbc/5.2.18.RELEASE/spring-jdbc-5.2.18.RELEASE.jar:/home/runner/.m2/repository/org/springframework/spring-beans/5.2.18.RELEASE/spring-beans-5.2.18.RELEASE.jar:/home/runner/.m2/repository/org/springframework/spring-core/5.2.18.RELEASE/spring-core-5.2.18.RELEASE.jar:/home/runner/.m2/repository/org/springframework/spring-jcl/5.2.18.RELEASE/spring-jcl-5.2.18.RELEASE.jar:/home/runner/.m2/repository/org/springframework/spring-tx/5.2.18.RELEASE/spring-tx-5.2.18.RELEASE.jar:/home/runner/.m2/repository/org/apache/ozone/ozone-client/1.3.0-SNAPSHOT/ozone-client-1.3.0-SNAPSHOT.jar:/home/runner/.m2/repository/org/apache/ozone/ozone-filesystem/1.3.0-SNAPSHOT/ozone-filesystem-1.3.0-SNAPSHOT.jar:/home/runner/.m2/repository/org/apache/ozone/ozone-filesystem-common/1.3.0-SNAPSHOT/ozone-filesystem-common-1.3.0-SNAPSHOT.jar:/home/runner/.m2/repository/org/apache/ozone/ozone-tools/1.3.0-SNAPSHOT/ozone-tools-1.3.0-SNAPSHOT.jar:/home/runner/.m2/repository/org/apache/ratis/ratis-tools/2.2.0/ratis-tools-2.2.0.jar:/home/runner/.m2/repository/com/amazonaws/aws-java-sdk-core/1.12.124/aws-java-sdk-core-1.12.124.jar:/home/runner/.m2/repository/org/apache/httpcomponents/httpclient/4.5.13/httpclient-4.5.13.jar:/home/runner/.m2/repository/org/apache/httpcomponents/httpcore/4.4.13/httpcore-4.4.13.jar:/home/runner/.m2/repository/software/amazon/ion/ion-java/1.0.2/ion-java-1.0.2.jar:/home/runner/.m2/repository/com/fasterxml/jackson/dataformat/jackson-dataformat-cbor/2.12.1/jackson-dataformat-cbor-2.12.1.jar:/home/runner/.m2/repository/joda-time/joda-time/2.8.1/joda-time-2.8.1.jar:/home/runner/.m2/repository/com/amazonaws/aws-java-sdk-s3/1.12.124/aws-java-sdk-s3-1.12.124.jar:/home/runner/.m2/repository/com/amazonaws/aws-java-sdk-kms/1.12.124/aws-java-sdk-kms-1.12.124.jar:/home/runner/.m2/repository/com/amazonaws/jmespath-java/1.12.124/jmespath-java-1.12.124.jar:/home/runner/.m2/repository/org/kohsuke/metainf-services/metainf-services/1.8/metainf-services-1.8.jar:/home/runner/.m2/repository/org/apache/ozone/hdds-tools/1.3.0-SNAPSHOT/hdds-tools-1.3.0-SNAPSHOT.jar:/home/runner/.m2/repository/commons-cli/commons-cli/1.2/commons-cli-1.2.jar:/home/runner/.m2/repository/org/apache/commons/commons-lang3/3.7/commons-lang3-3.7.jar:/home/runner/.m2/repository/org/apache/ozone/ozone-manager/1.3.0-SNAPSHOT/ozone-manager-1.3.0-SNAPSHOT-tests.jar:/home/runner/.m2/repository/org/apache/ozone/hdds-common/1.3.0-SNAPSHOT/hdds-common-1.3.0-SNAPSHOT-tests.jar:/home/runner/.m2/repository/org/apache/ozone/hdds-hadoop-dependency-client/1.3.0-SNAPSHOT/hdds-hadoop-dependency-client-1.3.0-SNAPSHOT.jar:/home/runner/.m2/repository/info/picocli/picocli/4.6.1/picocli-4.6.1.jar:/home/runner/.m2/repository/com/fasterxml/jackson/core/jackson-annotations/2.12.1/jackson-annotations-2.12.1.jar:/home/runner/.m2/repository/javax/annotation/javax.annotation-api/1.2/javax.annotation-api-1.2.jar:/home/runner/.m2/repository/org/apache/ratis/ratis-server/2.2.0/ratis-server-2.2.0.jar:/home/runner/.m2/repository/org/apache/ratis/ratis-client/2.2.0/ratis-client-2.2.0.jar:/home/runner/.m2/repository/org/apache/ratis/ratis-server-api/2.2.0/ratis-server-api-2.2.0.jar:/home/runner/.m2/repository/org/apache/ratis/ratis-metrics/2.2.0/ratis-metrics-2.2.0.jar:/home/runner/.m2/repository/org/apache/ratis/ratis-netty/2.2.0/ratis-netty-2.2.0.jar:/home/runner/.m2/repository/org/apache/ratis/ratis-grpc/2.2.0/ratis-grpc-2.2.0.jar:/home/runner/.m2/repository/org/apache/logging/log4j/log4j-api/2.13.3/log4j-api-2.13.3.jar:/home/runner/.m2/repository/org/apache/logging/log4j/log4j-core/2.13.3/log4j-core-2.13.3.jar:/home/runner/.m2/repository/com/lmax/disruptor/3.4.2/disruptor-3.4.2.jar:/home/runner/.m2/repository/org/apache/commons/commons-pool2/2.6.0/commons-pool2-2.6.0.jar:/home/runner/.m2/repository/org/bouncycastle/bcpkix-jdk15on/1.67/bcpkix-jdk15on-1.67.jar:/home/runner/.m2/repository/commons-validator/commons-validator/1.6/commons-validator-1.6.jar:/home/runner/.m2/repository/commons-beanutils/commons-beanutils/1.9.4/commons-beanutils-1.9.4.jar:/home/runner/.m2/repository/commons-digester/commons-digester/1.8.1/commons-digester-1.8.1.jar:/home/runner/.m2/repository/commons-collections/commons-collections/3.2.2/commons-collections-3.2.2.jar:/home/runner/.m2/repository/io/jaegertracing/jaeger-client/1.6.0/jaeger-client-1.6.0.jar:/home/runner/.m2/repository/io/jaegertracing/jaeger-thrift/1.6.0/jaeger-thrift-1.6.0.jar:/home/runner/.m2/repository/org/apache/thrift/libthrift/0.14.1/libthrift-0.14.1.jar:/home/runner/.m2/repository/com/squareup/okhttp3/okhttp/4.9.0/okhttp-4.9.0.jar:/home/runner/.m2/repository/com/squareup/okio/okio/2.8.0/okio-2.8.0.jar:/home/runner/.m2/repository/io/jaegertracing/jaeger-core/1.6.0/jaeger-core-1.6.0.jar:/home/runner/.m2/repository/io/jaegertracing/jaeger-tracerresolver/1.6.0/jaeger-tracerresolver-1.6.0.jar:/home/runner/.m2/repository/io/opentracing/contrib/opentracing-tracerresolver/0.1.8/opentracing-tracerresolver-0.1.8.jar:/home/runner/.m2/repository/org/jetbrains/kotlin/kotlin-stdlib/1.4.31/kotlin-stdlib-1.4.31.jar:/home/runner/.m2/repository/org/jetbrains/kotlin/kotlin-stdlib-common/1.4.31/kotlin-stdlib-common-1.4.31.jar:/home/runner/.m2/repository/org/jetbrains/annotations/13.0/annotations-13.0.jar:/home/runner/.m2/repository/io/opentracing/opentracing-util/0.33.0/opentracing-util-0.33.0.jar:/home/runner/.m2/repository/io/opentracing/opentracing-api/0.33.0/opentracing-api-0.33.0.jar:/home/runner/.m2/repository/io/opentracing/opentracing-noop/0.33.0/opentracing-noop-0.33.0.jar:/home/runner/.m2/repository/org/yaml/snakeyaml/1.26/snakeyaml-1.26.jar:/home/runner/.m2/repository/org/apache/ozone/hdds-interface-admin/1.3.0-SNAPSHOT/hdds-interface-admin-1.3.0-SNAPSHOT.jar:/home/runner/.m2/repository/junit/junit/4.13.1/junit-4.13.1.jar:/home/runner/.m2/repository/org/hamcrest/hamcrest-core/1.3/hamcrest-core-1.3.jar:/home/runner/.m2/repository/org/junit/jupiter/junit-jupiter-api/5.7.0/junit-jupiter-api-5.7.0.jar:/home/runner/.m2/repository/org/apiguardian/apiguardian-api/1.1.0/apiguardian-api-1.1.0.jar:/home/runner/.m2/repository/org/opentest4j/opentest4j/1.2.0/opentest4j-1.2.0.jar:/home/runner/.m2/repository/org/junit/platform/junit-platform-commons/1.7.0/junit-platform-commons-1.7.0.jar:/home/runner/.m2/repository/org/junit/jupiter/junit-jupiter-engine/5.7.0/junit-jupiter-engine-5.7.0.jar:/home/runner/.m2/repository/org/junit/platform/junit-platform-engine/1.7.0/junit-platform-engine-1.7.0.jar:/home/runner/.m2/repository/org/junit/vintage/junit-vintage-engine/5.7.0/junit-vintage-engine-5.7.0.jar:/home/runner/.m2/repository/org/junit/platform/junit-platform-launcher/1.7.0/junit-platform-launcher-1.7.0.jar:/home/runner/.m2/repository/org/openjdk/jmh/jmh-core/1.19/jmh-core-1.19.jar:/home/runner/.m2/repository/net/sf/jopt-simple/jopt-simple/4.6/jopt-simple-4.6.jar:/home/runner/.m2/repository/org/apache/commons/commons-math3/3.1.1/commons-math3-3.1.1.jar:/home/runner/.m2/repository/org/openjdk/jmh/jmh-generator-annprocess/1.19/jmh-generator-annprocess-1.19.jar:/home/runner/.m2/repository/org/mockito/mockito-core/2.28.2/mockito-core-2.28.2.jar:/home/runner/.m2/repository/net/bytebuddy/byte-buddy/1.9.10/byte-buddy-1.9.10.jar:/home/runner/.m2/repository/net/bytebuddy/byte-buddy-agent/1.9.10/byte-buddy-agent-1.9.10.jar:/home/runner/.m2/repository/org/objenesis/objenesis/1.0/objenesis-1.0.jar:/home/runner/.m2/repository/org/apache/hadoop/hadoop-kms/3.3.1/hadoop-kms-3.3.1.jar:/home/runner/.m2/repository/org/apache/hadoop/hadoop-auth/3.3.1/hadoop-auth-3.3.1.jar:/home/runner/.m2/repository/com/nimbusds/nimbus-jose-jwt/7.9/nimbus-jose-jwt-7.9.jar:/home/runner/.m2/repository/com/github/stephenc/jcip/jcip-annotations/1.0-1/jcip-annotations-1.0-1.jar:/home/runner/.m2/repository/net/minidev/json-smart/2.3.1/json-smart-2.3.1.jar:/home/runner/.m2/repository/net/minidev/accessors-smart/2.3.1/accessors-smart-2.3.1.jar:/home/runner/.m2/repository/org/ow2/asm/asm/5.0.4/asm-5.0.4.jar:/home/runner/.m2/repository/org/apache/zookeeper/zookeeper/3.5.6/zookeeper-3.5.6.jar:/home/runner/.m2/repository/org/apache/zookeeper/zookeeper-jute/3.5.6/zookeeper-jute-3.5.6.jar:/home/runner/.m2/repository/org/apache/yetus/audience-annotations/0.5.0/audience-annotations-0.5.0.jar:/home/runner/.m2/repository/org/apache/curator/curator-framework/4.2.0/curator-framework-4.2.0.jar:/home/runner/.m2/repository/org/apache/hadoop/thirdparty/hadoop-shaded-guava/1.1.1/hadoop-shaded-guava-1.1.1.jar:/home/runner/.m2/repository/com/sun/jersey/jersey-core/1.19/jersey-core-1.19.jar:/home/runner/.m2/repository/javax/ws/rs/jsr311-api/1.1.1/jsr311-api-1.1.1.jar:/home/runner/.m2/repository/com/sun/jersey/jersey-server/1.19/jersey-server-1.19.jar:/home/runner/.m2/repository/javax/servlet/javax.servlet-api/3.1.0/javax.servlet-api-3.1.0.jar:/home/runner/.m2/repository/org/eclipse/jetty/jetty-server/9.4.43.v20210629/jetty-server-9.4.43.v20210629.jar:/home/runner/.m2/repository/org/eclipse/jetty/jetty-http/9.4.43.v20210629/jetty-http-9.4.43.v20210629.jar:/home/runner/.m2/repository/org/eclipse/jetty/jetty-io/9.4.43.v20210629/jetty-io-9.4.43.v20210629.jar:/home/runner/.m2/repository/org/eclipse/jetty/jetty-webapp/9.4.43.v20210629/jetty-webapp-9.4.43.v20210629.jar:/home/runner/.m2/repository/org/eclipse/jetty/jetty-xml/9.4.43.v20210629/jetty-xml-9.4.43.v20210629.jar:/home/runner/.m2/repository/org/apache/hadoop/hadoop-common/3.3.1/hadoop-common-3.3.1.jar:/home/runner/.m2/repository/commons-net/commons-net/3.6/commons-net-3.6.jar:/home/runner/.m2/repository/jakarta/activation/jakarta.activation-api/1.2.1/jakarta.activation-api-1.2.1.jar:/home/runner/.m2/repository/com/sun/jersey/jersey-servlet/1.19/jersey-servlet-1.19.jar:/home/runner/.m2/repository/com/sun/jersey/jersey-json/1.19/jersey-json-1.19.jar:/home/runner/.m2/repository/org/codehaus/jettison/jettison/1.1/jettison-1.1.jar:/home/runner/.m2/repository/com/sun/xml/bind/jaxb-impl/2.2.3-1/jaxb-impl-2.2.3-1.jar:/home/runner/.m2/repository/org/codehaus/jackson/jackson-jaxrs/1.9.2/jackson-jaxrs-1.9.2.jar:/home/runner/.m2/repository/org/codehaus/jackson/jackson-xc/1.9.2/jackson-xc-1.9.2.jar:/home/runner/.m2/repository/org/apache/commons/commons-configuration2/2.1.1/commons-configuration2-2.1.1.jar:/home/runner/.m2/repository/org/apache/commons/commons-text/1.4/commons-text-1.4.jar:/home/runner/.m2/repository/com/google/re2j/re2j/1.1/re2j-1.1.jar:/home/runner/.m2/repository/com/jcraft/jsch/0.1.54/jsch-0.1.54.jar:/home/runner/.m2/repository/org/apache/curator/curator-client/4.2.0/curator-client-4.2.0.jar:/home/runner/.m2/repository/org/apache/curator/curator-recipes/4.2.0/curator-recipes-4.2.0.jar:/home/runner/.m2/repository/org/apache/kerby/kerb-core/1.0.1/kerb-core-1.0.1.jar:/home/runner/.m2/repository/org/apache/kerby/kerby-pkix/1.0.1/kerby-pkix-1.0.1.jar:/home/runner/.m2/repository/org/apache/kerby/kerby-asn1/1.0.1/kerby-asn1-1.0.1.jar:/home/runner/.m2/repository/org/apache/kerby/kerby-util/1.0.1/kerby-util-1.0.1.jar:/home/runner/.m2/repository/dnsjava/dnsjava/2.1.7/dnsjava-2.1.7.jar:/home/runner/.m2/repository/org/xerial/snappy/snappy-java/1.1.8.2/snappy-java-1.1.8.2.jar:/home/runner/.m2/repository/org/slf4j/jul-to-slf4j/1.7.30/jul-to-slf4j-1.7.30.jar:/home/runner/.m2/repository/org/eclipse/jetty/jetty-util/9.4.43.v20210629/jetty-util-9.4.43.v20210629.jar:/home/runner/.m2/repository/com/fasterxml/jackson/core/jackson-databind/2.12.1/jackson-databind-2.12.1.jar:/home/runner/.m2/repository/org/apache/hadoop/hadoop-kms/3.3.1/hadoop-kms-3.3.1-tests.jar:/home/runner/.m2/repository/org/apache/ozone/hdds-server-scm/1.3.0-SNAPSHOT/hdds-server-scm-1.3.0-SNAPSHOT-tests.jar:/home/runner/.m2/repository/org/apache/ozone/hdds-container-service/1.3.0-SNAPSHOT/hdds-container-service-1.3.0-SNAPSHOT-tests.jar:/home/runner/.m2/repository/commons-codec/commons-codec/1.11/commons-codec-1.11.jar:/home/runner/.m2/repository/io/netty/netty-transport/4.1.63.Final/netty-transport-4.1.63.Final.jar:/home/runner/.m2/repository/io/netty/netty-resolver/4.1.63.Final/netty-resolver-4.1.63.Final.jar:/home/runner/.m2/repository/io/netty/netty-codec/4.1.63.Final/netty-codec-4.1.63.Final.jar:/home/runner/.m2/repository/io/netty/netty-handler/4.1.63.Final/netty-handler-4.1.63.Final.jar:/home/runner/.m2/repository/org/apache/ozone/hdds-hadoop-dependency-test/1.3.0-SNAPSHOT/hdds-hadoop-dependency-test-1.3.0-SNAPSHOT.jar:/home/runner/.m2/repository/org/apache/hadoop/hadoop-common/3.3.1/hadoop-common-3.3.1-tests.jar:/home/runner/.m2/repository/org/assertj/assertj-core/3.12.2/assertj-core-3.12.2.jar:/home/runner/.m2/repository/org/apache/hadoop/hadoop-hdfs/3.3.1/hadoop-hdfs-3.3.1-tests.jar:/home/runner/.m2/repository/org/eclipse/jetty/jetty-util-ajax/9.4.43.v20210629/jetty-util-ajax-9.4.43.v20210629.jar:/home/runner/.m2/repository/commons-daemon/commons-daemon/1.0.13/commons-daemon-1.0.13.jar:/home/runner/.m2/repository/io/netty/netty/3.10.6.Final/netty-3.10.6.Final.jar:/home/runner/.m2/repository/io/netty/netty-all/4.1.63.Final/netty-all-4.1.63.Final.jar:/home/runner/.m2/repository/org/apache/htrace/htrace-core4/4.1.0-incubating/htrace-core4-4.1.0-incubating.jar:/home/runner/.m2/repository/org/fusesource/leveldbjni/leveldbjni-all/1.8/leveldbjni-all-1.8.jar:/home/runner/.m2/repository/org/apache/hadoop/hadoop-distcp/3.3.1/hadoop-distcp-3.3.1.jar:/home/runner/.m2/repository/org/apache/hadoop/hadoop-mapreduce-client-jobclient/3.3.1/hadoop-mapreduce-client-jobclient-3.3.1.jar:/home/runner/.m2/repository/org/apache/hadoop/hadoop-mapreduce-client-common/3.3.1/hadoop-mapreduce-client-common-3.3.1.jar:/home/runner/.m2/repository/org/apache/hadoop/hadoop-yarn-common/3.3.1/hadoop-yarn-common-3.3.1.jar:/home/runner/.m2/repository/org/apache/hadoop/hadoop-yarn-api/3.3.1/hadoop-yarn-api-3.3.1.jar:/home/runner/.m2/repository/com/sun/jersey/jersey-client/1.19/jersey-client-1.19.jar:/home/runner/.m2/repository/com/sun/jersey/contribs/jersey-guice/1.19/jersey-guice-1.19.jar:/home/runner/.m2/repository/com/fasterxml/jackson/jaxrs/jackson-jaxrs-json-provider/2.12.1/jackson-jaxrs-json-provider-2.12.1.jar:/home/runner/.m2/repository/com/fasterxml/jackson/jaxrs/jackson-jaxrs-base/2.12.1/jackson-jaxrs-base-2.12.1.jar:/home/runner/.m2/repository/org/apache/hadoop/hadoop-yarn-client/3.3.1/hadoop-yarn-client-3.3.1.jar:/home/runner/.m2/repository/org/eclipse/jetty/websocket/websocket-client/9.4.40.v20210413/websocket-client-9.4.40.v20210413.jar:/home/runner/.m2/repository/org/eclipse/jetty/jetty-client/9.4.40.v20210413/jetty-client-9.4.40.v20210413.jar:/home/runner/.m2/repository/org/eclipse/jetty/websocket/websocket-common/9.4.40.v20210413/websocket-common-9.4.40.v20210413.jar:/home/runner/.m2/repository/org/eclipse/jetty/websocket/websocket-api/9.4.40.v20210413/websocket-api-9.4.40.v20210413.jar:/home/runner/.m2/repository/org/jline/jline/3.9.0/jline-3.9.0.jar:/home/runner/.m2/repository/org/apache/hadoop/hadoop-mapreduce-client-core/3.3.1/hadoop-mapreduce-client-core-3.3.1.jar:/home/runner/.m2/repository/org/apache/avro/avro/1.7.7/avro-1.7.7.jar:/home/runner/.m2/repository/org/codehaus/jackson/jackson-core-asl/1.9.13/jackson-core-asl-1.9.13.jar:/home/runner/.m2/repository/org/codehaus/jackson/jackson-mapper-asl/1.9.13/jackson-mapper-asl-1.9.13.jar:/home/runner/.m2/repository/com/thoughtworks/paranamer/paranamer/2.3/paranamer-2.3.jar:/home/runner/.m2/repository/org/apache/hadoop/hadoop-annotations/3.3.1/hadoop-annotations-3.3.1.jar:/usr/lib/jvm/adoptopenjdk-8-hotspot-amd64/jre/../lib/tools.jar:/home/runner/.m2/repository/org/apache/hadoop/hadoop-distcp/3.3.1/hadoop-distcp-3.3.1-tests.jar:/home/runner/.m2/repository/org/apache/ratis/ratis-common/2.2.0/ratis-common-2.2.0.jar:/home/runner/.m2/repository/org/apache/ratis/ratis-thirdparty-misc/0.7.0/ratis-thirdparty-misc-0.7.0.jar:/home/runner/.m2/repository/org/apache/ratis/ratis-proto/2.2.0/ratis-proto-2.2.0.jar:"/>
    <property name="sun.cpu.endian" value="little"/>
    <property name="user.home" value="/home/runner"/>
    <property name="user.language" value="en"/>
    <property name="java.specification.vendor" value="Oracle Corporation"/>
    <property name="java.home" value="/usr/lib/jvm/adoptopenjdk-8-hotspot-amd64/jre"/>
    <property name="java.security.krb5.conf" value="/home/runner/work/ozone/ozone/hadoop-ozone/integration-test/target/test-classes/krb5.conf"/>
    <property name="basedir" value="/home/runner/work/ozone/ozone/hadoop-ozone/integration-test"/>
    <property name="file.separator" value="/"/>
    <property name="line.separator" value="&#10;"/>
    <property name="java.vm.specification.vendor" value="Oracle Corporation"/>
    <property name="java.specification.name" value="Java Platform API Specification"/>
    <property name="java.awt.graphicsenv" value="sun.awt.X11GraphicsEnvironment"/>
    <property name="skip.installnpx" value="true"/>
    <property name="surefire.real.class.path" value="/home/runner/work/ozone/ozone/hadoop-ozone/integration-test/target/surefire/surefirebooter81579634330590919.jar:/home/runner/.m2/repository/org/jacoco/org.jacoco.agent/0.8.5/org.jacoco.agent-0.8.5-runtime.jar"/>
    <property name="hadoop.log.dir" value="/home/runner/work/ozone/ozone/hadoop-ozone/integration-test/target/log"/>
    <property name="sun.boot.class.path" value="/usr/lib/jvm/adoptopenjdk-8-hotspot-amd64/jre/lib/resources.jar:/usr/lib/jvm/adoptopenjdk-8-hotspot-amd64/jre/lib/rt.jar:/usr/lib/jvm/adoptopenjdk-8-hotspot-amd64/jre/lib/sunrsasign.jar:/usr/lib/jvm/adoptopenjdk-8-hotspot-amd64/jre/lib/jsse.jar:/usr/lib/jvm/adoptopenjdk-8-hotspot-amd64/jre/lib/jce.jar:/usr/lib/jvm/adoptopenjdk-8-hotspot-amd64/jre/lib/charsets.jar:/usr/lib/jvm/adoptopenjdk-8-hotspot-amd64/jre/lib/jfr.jar:/usr/lib/jvm/adoptopenjdk-8-hotspot-amd64/jre/classes"/>
    <property name="sun.management.compiler" value="HotSpot 64-Bit Tiered Compilers"/>
    <property name="skip.npx" value="true"/>
    <property name="java.runtime.version" value="1.8.0_292-b10"/>
    <property name="java.net.preferIPv4Stack" value="true"/>
    <property name="user.name" value="runner"/>
    <property name="path.separator" value=":"/>
    <property name="java.security.egd" value="file:///dev/urandom"/>
    <property name="os.version" value="5.4.0-1063-azure"/>
    <property name="java.endorsed.dirs" value="/usr/lib/jvm/adoptopenjdk-8-hotspot-amd64/jre/lib/endorsed"/>
    <property name="java.runtime.name" value="OpenJDK Runtime Environment"/>
    <property name="file.encoding" value="UTF-8"/>
    <property name="java.vm.name" value="OpenJDK 64-Bit Server VM"/>
    <property name="test.build.webapps" value=""/>
    <property name="localRepository" value="/home/runner/.m2/repository"/>
    <property name="java.vendor.url.bug" value="https://github.com/AdoptOpenJDK/openjdk-support/issues"/>
    <property name="java.io.tmpdir" value="/tmp"/>
    <property name="require.test.libhadoop" value=""/>
    <property name="java.version" value="1.8.0_292"/>
    <property name="user.dir" value="/home/runner/work/ozone/ozone/hadoop-ozone/integration-test"/>
    <property name="os.arch" value="amd64"/>
    <property name="java.vm.specification.name" value="Java Virtual Machine Specification"/>
    <property name="test.build.classes" value="/home/runner/work/ozone/ozone/hadoop-ozone/integration-test/target/test-classes"/>
    <property name="java.awt.printerjob" value="sun.print.PSPrinterJob"/>
    <property name="sun.os.patch.level" value="unknown"/>
    <property name="hadoop.tmp.dir" value="/home/runner/work/ozone/ozone/hadoop-ozone/integration-test/target/tmp"/>
    <property name="java.library.path" value="/usr/java/packages/lib/amd64:/usr/lib64:/lib64:/lib:/usr/lib"/>
    <property name="java.vm.info" value="mixed mode"/>
    <property name="java.vendor" value="AdoptOpenJDK"/>
    <property name="java.vm.version" value="25.292-b10"/>
    <property name="java.ext.dirs" value="/usr/lib/jvm/adoptopenjdk-8-hotspot-amd64/jre/lib/ext:/usr/java/packages/lib/ext"/>
    <property name="sun.io.unicode.encoding" value="UnicodeLittle"/>
    <property name="java.class.version" value="52.0"/>
  </properties>
  <testcase name="testApplyTransactionIdempotencyWithClosedContainer" classname="org.apache.hadoop.ozone.client.rpc.TestContainerStateMachineFailures" time="1.13">
    <failure type="java.lang.AssertionError">java.lang.AssertionError
	at org.junit.Assert.fail(Assert.java:87)
	at org.junit.Assert.assertTrue(Assert.java:42)
	at org.junit.Assert.assertFalse(Assert.java:65)
	at org.junit.Assert.assertFalse(Assert.java:75)
	at org.apache.hadoop.ozone.client.rpc.TestContainerStateMachineFailures.testApplyTransactionIdempotencyWithClosedContainer(TestContainerStateMachineFailures.java:465)
	at sun.reflect.NativeMethodAccessorImpl.invoke0(Native Method)
	at sun.reflect.NativeMethodAccessorImpl.invoke(NativeMethodAccessorImpl.java:62)
	at sun.reflect.DelegatingMethodAccessorImpl.invoke(DelegatingMethodAccessorImpl.java:43)
	at java.lang.reflect.Method.invoke(Method.java:498)
	at org.junit.runners.model.FrameworkMethod$1.runReflectiveCall(FrameworkMethod.java:59)
	at org.junit.internal.runners.model.ReflectiveCallable.run(ReflectiveCallable.java:12)
	at org.junit.runners.model.FrameworkMethod.invokeExplosively(FrameworkMethod.java:56)
	at org.junit.internal.runners.statements.InvokeMethod.evaluate(InvokeMethod.java:17)
	at org.junit.runners.ParentRunner$3.evaluate(ParentRunner.java:306)
	at org.junit.runners.BlockJUnit4ClassRunner$1.evaluate(BlockJUnit4ClassRunner.java:100)
	at org.junit.runners.ParentRunner.runLeaf(ParentRunner.java:366)
	at org.junit.runners.BlockJUnit4ClassRunner.runChild(BlockJUnit4ClassRunner.java:103)
	at org.junit.runners.BlockJUnit4ClassRunner.runChild(BlockJUnit4ClassRunner.java:63)
	at org.junit.runners.ParentRunner$4.run(ParentRunner.java:331)
	at org.junit.runners.ParentRunner$1.schedule(ParentRunner.java:79)
	at org.junit.runners.ParentRunner.runChildren(ParentRunner.java:329)
	at org.junit.runners.ParentRunner.access$100(ParentRunner.java:66)
	at org.junit.runners.ParentRunner$2.evaluate(ParentRunner.java:293)
	at org.junit.internal.runners.statements.RunBefores.evaluate(RunBefores.java:26)
	at org.junit.internal.runners.statements.RunAfters.evaluate(RunAfters.java:27)
	at org.junit.runners.ParentRunner$3.evaluate(ParentRunner.java:306)
	at org.junit.runners.ParentRunner.run(ParentRunner.java:413)
	at org.junit.runner.JUnitCore.run(JUnitCore.java:137)
	at org.junit.runner.JUnitCore.run(JUnitCore.java:115)
	at org.junit.vintage.engine.execution.RunnerExecutor.execute(RunnerExecutor.java:43)
	at java.util.stream.ForEachOps$ForEachOp$OfRef.accept(ForEachOps.java:183)
	at java.util.stream.ReferencePipeline$3$1.accept(ReferencePipeline.java:193)
	at java.util.Iterator.forEachRemaining(Iterator.java:116)
	at java.util.Spliterators$IteratorSpliterator.forEachRemaining(Spliterators.java:1801)
	at java.util.stream.AbstractPipeline.copyInto(AbstractPipeline.java:482)
	at java.util.stream.AbstractPipeline.wrapAndCopyInto(AbstractPipeline.java:472)
	at java.util.stream.ForEachOps$ForEachOp.evaluateSequential(ForEachOps.java:150)
	at java.util.stream.ForEachOps$ForEachOp$OfRef.evaluateSequential(ForEachOps.java:173)
	at java.util.stream.AbstractPipeline.evaluate(AbstractPipeline.java:234)
	at java.util.stream.ReferencePipeline.forEach(ReferencePipeline.java:485)
	at org.junit.vintage.engine.VintageTestEngine.executeAllChildren(VintageTestEngine.java:82)
	at org.junit.vintage.engine.VintageTestEngine.execute(VintageTestEngine.java:73)
	at org.junit.platform.launcher.core.EngineExecutionOrchestrator.execute(EngineExecutionOrchestrator.java:108)
	at org.junit.platform.launcher.core.EngineExecutionOrchestrator.execute(EngineExecutionOrchestrator.java:88)
	at org.junit.platform.launcher.core.EngineExecutionOrchestrator.lambda$execute$0(EngineExecutionOrchestrator.java:54)
	at org.junit.platform.launcher.core.EngineExecutionOrchestrator.withInterceptedStreams(EngineExecutionOrchestrator.java:67)
	at org.junit.platform.launcher.core.EngineExecutionOrchestrator.execute(EngineExecutionOrchestrator.java:52)
	at org.junit.platform.launcher.core.DefaultLauncher.execute(DefaultLauncher.java:96)
	at org.junit.platform.launcher.core.DefaultLauncher.execute(DefaultLauncher.java:75)
	at org.apache.maven.surefire.junitplatform.JUnitPlatformProvider.invokeAllTests(JUnitPlatformProvider.java:142)
	at org.apache.maven.surefire.junitplatform.JUnitPlatformProvider.invoke(JUnitPlatformProvider.java:113)
	at org.apache.maven.surefire.booter.ForkedBooter.invokeProviderInSameClassLoader(ForkedBooter.java:384)
	at org.apache.maven.surefire.booter.ForkedBooter.runSuitesInProcess(ForkedBooter.java:345)
	at org.apache.maven.surefire.booter.ForkedBooter.execute(ForkedBooter.java:126)
	at org.apache.maven.surefire.booter.ForkedBooter.main(ForkedBooter.java:418)
</failure>
    <system-out><![CDATA[2021-12-08 13:31:25,949 [main] WARN  server.ServerUtils (ServerUtils.java:getScmDbDir(148)) - ozone.scm.db.dirs is not configured. We recommend adding this setting. Falling back to ozone.metadata.dirs instead.
2021-12-08 13:31:26,030 [main] INFO  ha.SCMHANodeDetails (SCMHANodeDetails.java:loadSCMHAConfig(157)) - ServiceID for StorageContainerManager is null
2021-12-08 13:31:26,030 [main] INFO  ha.SCMHANodeDetails (SCMHANodeDetails.java:loadSCMHAConfig(162)) - ozone.scm.default.service.id is not defined, falling back to ozone.scm.service.ids to find serviceID for StorageContainerManager if it is HA enabled cluster
2021-12-08 13:31:26,135 [main] WARN  server.ServerUtils (ServerUtils.java:getScmDbDir(148)) - ozone.scm.db.dirs is not configured. We recommend adding this setting. Falling back to ozone.metadata.dirs instead.
2021-12-08 13:31:26,138 [main] INFO  upgrade.AbstractLayoutVersionManager (AbstractLayoutVersionManager.java:init(79)) - Initializing Layout version manager with metadata layout = SCM_HA (version = 2), software layout = SCM_HA (version = 2)
2021-12-08 13:31:26,325 [main] INFO  reflections.Reflections (Reflections.java:scan(232)) - Reflections took 113 ms to scan 7 urls, producing 119 keys and 279 values 
2021-12-08 13:31:26,881 [main] WARN  utils.HAUtils (HAUtils.java:getMetaDir(342)) - ozone.scm.db.dirs is not configured. We recommend adding this setting. Falling back to ozone.metadata.dirs instead.
2021-12-08 13:31:27,015 [main] WARN  db.DBStoreBuilder (DBStoreBuilder.java:applyDBDefinition(145)) - ozone.scm.db.dirs is not configured. We recommend adding this setting. Falling back to ozone.metadata.dirs instead.
2021-12-08 13:31:27,178 [main] INFO  net.NodeSchemaLoader (NodeSchemaLoader.java:loadSchemaFromFile(129)) - Loading schema from [jar:file:/home/runner/.m2/repository/org/apache/ozone/hdds-common/1.3.0-SNAPSHOT/hdds-common-1.3.0-SNAPSHOT.jar!/network-topology-default.xml]
2021-12-08 13:31:27,180 [main] INFO  net.NodeSchemaLoader (NodeSchemaLoader.java:loadSchema(176)) - Loading network topology layer schema file
2021-12-08 13:31:27,227 [main] INFO  metrics.MetricRegistries (MetricRegistriesLoader.java:load(64)) - Loaded MetricRegistries class org.apache.ratis.metrics.impl.MetricRegistriesImpl
2021-12-08 13:31:27,242 [main] INFO  ha.SequenceIdGenerator (SequenceIdGenerator.java:upgradeToSequenceId(347)) - upgrade localId to 107544261427200000
2021-12-08 13:31:27,242 [main] INFO  ha.SequenceIdGenerator (SequenceIdGenerator.java:upgradeToSequenceId(357)) - upgrade delTxnId to 0
2021-12-08 13:31:27,245 [main] INFO  ha.SequenceIdGenerator (SequenceIdGenerator.java:upgradeToSequenceId(371)) - upgrade containerId to 0
2021-12-08 13:31:27,247 [main] INFO  ha.SequenceIdGenerator (SequenceIdGenerator.java:<init>(218)) - Init the HA SequenceIdGenerator.
2021-12-08 13:31:27,292 [main] INFO  node.SCMNodeManager (SCMNodeManager.java:<init>(144)) - Entering startup safe mode.
2021-12-08 13:31:27,347 [main] INFO  algorithms.ContainerPlacementPolicyFactory (ContainerPlacementPolicyFactory.java:getPolicy(60)) - Create container placement policy of type org.apache.hadoop.hdds.scm.container.placement.algorithms.SCMContainerPlacementRandom
2021-12-08 13:31:27,357 [main] INFO  pipeline.PipelineStateManagerImpl (PipelineStateManagerImpl.java:initialize(78)) - No pipeline exists in current db
2021-12-08 13:31:27,390 [main] INFO  algorithms.LeaderChoosePolicyFactory (LeaderChoosePolicyFactory.java:getPolicy(57)) - Create leader choose policy of type org.apache.hadoop.hdds.scm.pipeline.leader.choose.algorithms.MinLeaderCountChoosePolicy
2021-12-08 13:31:27,399 [main] INFO  ha.SCMServiceManager (SCMServiceManager.java:register(43)) - Registering service BackgroundPipelineCreator.
2021-12-08 13:31:27,400 [main] INFO  pipeline.BackgroundPipelineCreator (BackgroundPipelineCreator.java:start(130)) - Starting RatisPipelineUtilsThread.
2021-12-08 13:31:27,435 [main] INFO  algorithms.PipelineChoosePolicyFactory (PipelineChoosePolicyFactory.java:createPipelineChoosePolicyFromClass(73)) - Create pipeline choose policy of type org.apache.hadoop.hdds.scm.pipeline.choose.algorithms.RandomPipelineChoosePolicy
2021-12-08 13:31:27,458 [main] INFO  ha.SCMServiceManager (SCMServiceManager.java:register(43)) - Registering service SCMBlockDeletingService.
2021-12-08 13:31:27,487 [main] INFO  ha.SCMServiceManager (SCMServiceManager.java:register(43)) - Registering service ReplicationManager.
2021-12-08 13:31:27,490 [main] INFO  container.ReplicationManager (ReplicationManager.java:start(319)) - Starting Replication Monitor Thread.
2021-12-08 13:31:27,501 [ReplicationMonitor] INFO  container.ReplicationManager (ReplicationManager.java:processAll(371)) - Replication Monitor Thread took 1 milliseconds for processing 0 containers.
2021-12-08 13:31:27,503 [main] INFO  safemode.ContainerSafeModeRule (ContainerSafeModeRule.java:<init>(89)) - containers with one replica threshold count 0
2021-12-08 13:31:27,508 [main] INFO  safemode.HealthyPipelineSafeModeRule (HealthyPipelineSafeModeRule.java:initializeRule(156)) - Total pipeline count is 0, healthy pipeline threshold count is 1
2021-12-08 13:31:27,510 [main] INFO  safemode.OneReplicaPipelineSafeModeRule (OneReplicaPipelineSafeModeRule.java:initializeRule(180)) - Total pipeline count is 0, pipeline's with at least one datanode reported threshold count is 0
2021-12-08 13:31:27,944 [main] INFO  ipc.CallQueueManager (CallQueueManager.java:<init>(90)) - Using callQueue: class java.util.concurrent.LinkedBlockingQueue, queueCapacity: 2000, scheduler: class org.apache.hadoop.ipc.DefaultRpcScheduler, ipcBackoff: false.
2021-12-08 13:31:27,986 [Socket Reader #1 for port 0] INFO  ipc.Server (Server.java:run(1265)) - Starting Socket Reader #1 for port 0
2021-12-08 13:31:28,038 [Listener at 0.0.0.0/39559] INFO  ipc.CallQueueManager (CallQueueManager.java:<init>(90)) - Using callQueue: class java.util.concurrent.LinkedBlockingQueue, queueCapacity: 2000, scheduler: class org.apache.hadoop.ipc.DefaultRpcScheduler, ipcBackoff: false.
2021-12-08 13:31:28,039 [Socket Reader #1 for port 0] INFO  ipc.Server (Server.java:run(1265)) - Starting Socket Reader #1 for port 0
2021-12-08 13:31:28,063 [Listener at 0.0.0.0/44609] INFO  ipc.CallQueueManager (CallQueueManager.java:<init>(90)) - Using callQueue: class java.util.concurrent.LinkedBlockingQueue, queueCapacity: 2000, scheduler: class org.apache.hadoop.ipc.DefaultRpcScheduler, ipcBackoff: false.
2021-12-08 13:31:28,064 [Socket Reader #1 for port 0] INFO  ipc.Server (Server.java:run(1265)) - Starting Socket Reader #1 for port 0
2021-12-08 13:31:28,128 [Listener at 0.0.0.0/44573] INFO  algorithms.ContainerPlacementPolicyFactory (ContainerPlacementPolicyFactory.java:getPolicy(60)) - Create container placement policy of type org.apache.hadoop.hdds.scm.container.placement.algorithms.SCMContainerPlacementRandom
2021-12-08 13:31:28,140 [Listener at 0.0.0.0/44573] INFO  server.StorageContainerManager (StorageContainerManager.java:<init>(388)) - 
Container Balancer status:
Key                            Value
Running                        false
Container Balancer Configuration values:
Key                                                Value
Threshold                                          0.1
Max Datanodes to Involve per Iteration(ratio)      0.2
Max Size to Move per Iteration                     30GB
Max Size Entering Target per Iteration             1GB
Max Size Leaving Source per Iteration              1GB

2021-12-08 13:31:28,141 [Listener at 0.0.0.0/44573] WARN  events.EventQueue (EventQueue.java:fireEvent(194)) - No event handler registered for event TypedEvent{payloadType=SafeModeStatus, name='Safe mode status'}
2021-12-08 13:31:28,141 [Listener at 0.0.0.0/44573] INFO  ha.SCMContext (SCMContext.java:updateSafeModeStatus(211)) - Update SafeModeStatus from SafeModeStatus{safeModeStatus=true, preCheckPassed=false} to SafeModeStatus{safeModeStatus=true, preCheckPassed=false}.
2021-12-08 13:31:28,144 [Listener at 0.0.0.0/44573] INFO  server.StorageContainerManager (StorageContainerManager.java:start(1303)) - StorageContainerLocationProtocol RPC server is listening at /0.0.0.0:44573
2021-12-08 13:31:28,220 [Listener at 0.0.0.0/44573] WARN  impl.MetricsConfig (MetricsConfig.java:loadFirst(136)) - Cannot locate configuration: tried hadoop-metrics2-storagecontainermanager.properties,hadoop-metrics2.properties
2021-12-08 13:31:28,239 [Listener at 0.0.0.0/44573] INFO  impl.MetricsSystemImpl (MetricsSystemImpl.java:startTimer(378)) - Scheduled Metric snapshot period at 10 second(s).
2021-12-08 13:31:28,239 [Listener at 0.0.0.0/44573] INFO  impl.MetricsSystemImpl (MetricsSystemImpl.java:start(191)) - StorageContainerManager metrics system started
2021-12-08 13:31:28,600 [Listener at 0.0.0.0/44573] INFO  server.SCMClientProtocolServer (SCMClientProtocolServer.java:start(164)) - RPC server for Client  is listening at /0.0.0.0:44573
2021-12-08 13:31:28,601 [IPC Server Responder] INFO  ipc.Server (Server.java:run(1507)) - IPC Server Responder: starting
2021-12-08 13:31:28,602 [IPC Server listener on 0] INFO  ipc.Server (Server.java:run(1344)) - IPC Server listener on 0: starting
2021-12-08 13:31:28,610 [Listener at 0.0.0.0/44573] INFO  server.StorageContainerManager (StorageContainerManager.java:start(1318)) - ScmBlockLocationProtocol RPC server is listening at /0.0.0.0:44609
2021-12-08 13:31:28,610 [Listener at 0.0.0.0/44573] INFO  server.SCMBlockProtocolServer (SCMBlockProtocolServer.java:start(151)) - RPC server for Block Protocol is listening at /0.0.0.0:44609
2021-12-08 13:31:28,611 [IPC Server Responder] INFO  ipc.Server (Server.java:run(1507)) - IPC Server Responder: starting
2021-12-08 13:31:28,612 [IPC Server listener on 0] INFO  ipc.Server (Server.java:run(1344)) - IPC Server listener on 0: starting
2021-12-08 13:31:28,615 [Listener at 0.0.0.0/44573] INFO  server.StorageContainerManager (StorageContainerManager.java:start(1324)) - ScmDatanodeProtocl RPC server is listening at /0.0.0.0:39559
2021-12-08 13:31:28,615 [Listener at 0.0.0.0/44573] INFO  server.SCMDatanodeProtocolServer (SCMDatanodeProtocolServer.java:start(181)) - RPC server for DataNodes is listening at /0.0.0.0:39559
2021-12-08 13:31:28,619 [IPC Server Responder] INFO  ipc.Server (Server.java:run(1507)) - IPC Server Responder: starting
2021-12-08 13:31:28,619 [IPC Server listener on 0] INFO  ipc.Server (Server.java:run(1344)) - IPC Server listener on 0: starting
2021-12-08 13:31:28,659 [org.apache.hadoop.util.JvmPauseMonitor$Monitor@74c04377] INFO  util.JvmPauseMonitor (JvmPauseMonitor.java:run(188)) - Starting JVM pause monitor
2021-12-08 13:31:28,670 [Listener at 0.0.0.0/44573] INFO  http.BaseHttpServer (BaseHttpServer.java:newHttpServer2BuilderForOzone(209)) - Starting Web-server for scm at: http://0.0.0.0:0
2021-12-08 13:31:28,670 [Listener at 0.0.0.0/44573] INFO  http.BaseHttpServer (BaseHttpServer.java:<init>(107)) - Hadoop Security Enabled: false Ozone Security Enabled: false Ozone HTTP Security Enabled: false 
2021-12-08 13:31:28,698 [Listener at 0.0.0.0/44573] INFO  util.log (Log.java:initialized(170)) - Logging initialized @4193ms to org.eclipse.jetty.util.log.Slf4jLog
2021-12-08 13:31:28,807 [Listener at 0.0.0.0/44573] INFO  server.AuthenticationFilter (AuthenticationFilter.java:constructSecretProvider(240)) - Unable to initialize FileSignerSecretProvider, falling back to use random secrets.
2021-12-08 13:31:28,813 [Listener at 0.0.0.0/44573] WARN  http.HttpRequestLog (HttpRequestLog.java:getRequestLog(103)) - Jetty request log can only be enabled using Log4j
2021-12-08 13:31:28,822 [Listener at 0.0.0.0/44573] INFO  http.HttpServer2 (HttpServer2.java:addGlobalFilter(1030)) - Added global filter 'safety' (class=org.apache.hadoop.hdds.server.http.HttpServer2$QuotingInputFilter)
2021-12-08 13:31:28,825 [Listener at 0.0.0.0/44573] INFO  http.HttpServer2 (HttpServer2.java:addFilter(1006)) - Added filter static_user_filter (class=org.apache.hadoop.http.lib.StaticUserWebFilter$StaticUserFilter) to context scm
2021-12-08 13:31:28,825 [Listener at 0.0.0.0/44573] INFO  http.HttpServer2 (HttpServer2.java:addFilter(1014)) - Added filter static_user_filter (class=org.apache.hadoop.http.lib.StaticUserWebFilter$StaticUserFilter) to context logs
2021-12-08 13:31:28,825 [Listener at 0.0.0.0/44573] INFO  http.HttpServer2 (HttpServer2.java:addFilter(1014)) - Added filter static_user_filter (class=org.apache.hadoop.http.lib.StaticUserWebFilter$StaticUserFilter) to context static
2021-12-08 13:31:28,865 [Listener at 0.0.0.0/44573] INFO  http.HttpServer2 (HttpServer2.java:bindListener(1249)) - Jetty bound to port 35169
2021-12-08 13:31:28,867 [Listener at 0.0.0.0/44573] INFO  server.Server (Server.java:doStart(375)) - jetty-9.4.43.v20210629; built: 2021-06-30T11:07:22.254Z; git: 526006ecfa3af7f1a27ef3a288e2bef7ea9dd7e8; jvm 1.8.0_292-b10
2021-12-08 13:31:28,897 [Listener at 0.0.0.0/44573] INFO  server.session (DefaultSessionIdManager.java:doStart(334)) - DefaultSessionIdManager workerName=node0
2021-12-08 13:31:28,898 [Listener at 0.0.0.0/44573] INFO  server.session (DefaultSessionIdManager.java:doStart(339)) - No SessionScavenger set, using defaults
2021-12-08 13:31:28,899 [Listener at 0.0.0.0/44573] INFO  server.session (HouseKeeper.java:startScavenging(132)) - node0 Scavenging every 660000ms
2021-12-08 13:31:28,912 [Listener at 0.0.0.0/44573] INFO  handler.ContextHandler (ContextHandler.java:doStart(915)) - Started o.e.j.s.ServletContextHandler@6a3e633a{logs,/logs,file:///home/runner/work/ozone/ozone/hadoop-ozone/integration-test/target/log,AVAILABLE}
2021-12-08 13:31:28,913 [Listener at 0.0.0.0/44573] INFO  handler.ContextHandler (ContextHandler.java:doStart(915)) - Started o.e.j.s.ServletContextHandler@762f8ff6{static,/static,file:///home/runner/work/ozone/ozone/hadoop-ozone/integration-test/target/test-classes/webapps/static,AVAILABLE}
2021-12-08 13:31:28,956 [Listener at 0.0.0.0/44573] INFO  handler.ContextHandler (ContextHandler.java:doStart(915)) - Started o.e.j.w.WebAppContext@44e4cf8a{scm,/,file:///home/runner/work/ozone/ozone/hadoop-ozone/integration-test/target/test-classes/webapps/scm/,AVAILABLE}{file:/home/runner/work/ozone/ozone/hadoop-ozone/integration-test/target/test-classes/webapps/scm}
2021-12-08 13:31:28,966 [Listener at 0.0.0.0/44573] INFO  server.AbstractConnector (AbstractConnector.java:doStart(331)) - Started ServerConnector@116b0b32{HTTP/1.1, (http/1.1)}{0.0.0.0:35169}
2021-12-08 13:31:28,966 [Listener at 0.0.0.0/44573] INFO  server.Server (Server.java:doStart(415)) - Started @4461ms
2021-12-08 13:31:28,968 [Listener at 0.0.0.0/44573] INFO  impl.MetricsSinkAdapter (MetricsSinkAdapter.java:start(204)) - Sink prometheus started
2021-12-08 13:31:28,969 [Listener at 0.0.0.0/44573] INFO  impl.MetricsSystemImpl (MetricsSystemImpl.java:registerSink(305)) - Registered sink prometheus
2021-12-08 13:31:28,970 [Listener at 0.0.0.0/44573] INFO  http.BaseHttpServer (BaseHttpServer.java:updateConnectorAddress(329)) - HTTP server of scm listening at http://0.0.0.0:35169
2021-12-08 13:31:28,971 [Listener at 0.0.0.0/44573] WARN  server.ServerUtils (ServerUtils.java:getDBPath(225)) - ozone.om.db.dirs is not configured. We recommend adding this setting. Falling back to ozone.metadata.dirs instead.
2021-12-08 13:31:29,084 [Listener at 0.0.0.0/44573] INFO  ha.OMHANodeDetails (OMHANodeDetails.java:loadOMHAConfig(112)) - ozone.om.internal.service.id is not defined, falling back to ozone.om.service.ids to find serviceID for OzoneManager if it is HA enabled cluster
2021-12-08 13:31:29,087 [Listener at 0.0.0.0/44573] INFO  ha.OMHANodeDetails (OMHANodeDetails.java:loadOMHAConfig(217)) - Configuration does not have ozone.om.address set. Falling back to the default OM address /127.0.0.1:0
2021-12-08 13:31:29,088 [Listener at 0.0.0.0/44573] INFO  ha.OMHANodeDetails (OMHANodeDetails.java:getOMNodeDetailsForNonHA(245)) - OM Service ID is not set. Setting it to the default ID: omServiceIdDefault
2021-12-08 13:31:29,088 [Listener at 0.0.0.0/44573] INFO  ha.OMHANodeDetails (OMHANodeDetails.java:getOMNodeDetailsForNonHA(252)) - OM Node ID is not set. Setting it to the default ID: om1
2021-12-08 13:31:29,092 [Listener at 0.0.0.0/44573] WARN  server.ServerUtils (ServerUtils.java:getDBPath(225)) - ozone.om.db.dirs is not configured. We recommend adding this setting. Falling back to ozone.metadata.dirs instead.
2021-12-08 13:31:29,094 [Listener at 0.0.0.0/44573] INFO  upgrade.AbstractLayoutVersionManager (AbstractLayoutVersionManager.java:init(79)) - Initializing Layout version manager with metadata layout = INITIAL_VERSION (version = 0), software layout = INITIAL_VERSION (version = 0)
2021-12-08 13:31:29,152 [Listener at 0.0.0.0/44573] INFO  reflections.Reflections (Reflections.java:scan(232)) - Reflections took 52 ms to scan 2 urls, producing 132 keys and 344 values [using 2 cores]
2021-12-08 13:31:29,157 [Listener at 0.0.0.0/44573] INFO  upgrade.OMLayoutVersionManager (OMLayoutVersionManager.java:lambda$0(115)) - Skipping Upgrade Action MockOmUpgradeAction since it has been finalized.
2021-12-08 13:31:29,159 [Listener at 0.0.0.0/44573] WARN  server.ServerUtils (ServerUtils.java:getDBPath(225)) - ozone.om.db.dirs is not configured. We recommend adding this setting. Falling back to ozone.metadata.dirs instead.
2021-12-08 13:31:29,606 [Listener at 0.0.0.0/44573] WARN  server.ServerUtils (ServerUtils.java:getDBPath(225)) - ozone.om.db.dirs is not configured. We recommend adding this setting. Falling back to ozone.metadata.dirs instead.
2021-12-08 13:31:29,614 [Listener at 0.0.0.0/44573] INFO  codec.OmKeyInfoCodec (OmKeyInfoCodec.java:<init>(50)) - OmKeyInfoCodec ignorePipeline = true
2021-12-08 13:31:29,615 [Listener at 0.0.0.0/44573] INFO  codec.RepeatedOmKeyInfoCodec (RepeatedOmKeyInfoCodec.java:<init>(42)) - RepeatedOmKeyInfoCodec ignorePipeline = true
2021-12-08 13:31:29,849 [Listener at 0.0.0.0/44573] INFO  om.OzoneManager (OzoneManager.java:addS3GVolumeToDB(3671)) - Created Volume s3v With Owner runner required for S3Gateway operations.
2021-12-08 13:31:29,896 [Listener at 0.0.0.0/44573] WARN  server.ServerUtils (ServerUtils.java:getDefaultRatisDirectory(237)) - Storage directory for Ratis is not configured. It is a good idea to map this to an SSD disk. Falling back to ozone.metadata.dirs
2021-12-08 13:31:29,900 [Listener at 0.0.0.0/44573] WARN  utils.OzoneManagerRatisUtils (OzoneManagerRatisUtils.java:getOMRatisSnapshotDirectory(323)) - ozone.om.ratis.snapshot.dir is not configured. Falling back to ozone.metadata.dirs config
2021-12-08 13:31:29,925 [Listener at 0.0.0.0/44573] WARN  server.ServerUtils (ServerUtils.java:getDefaultRatisDirectory(237)) - Storage directory for Ratis is not configured. It is a good idea to map this to an SSD disk. Falling back to ozone.metadata.dirs
2021-12-08 13:31:29,960 [Listener at 0.0.0.0/44573] INFO  ratis.OzoneManagerRatisServer (OzoneManagerRatisServer.java:<init>(159)) - Instantiating OM Ratis server with groupID: omServiceIdDefault and peers: localhost:9872
2021-12-08 13:31:29,970 [Listener at 0.0.0.0/44573] INFO  ratis.OzoneManagerStateMachine (OzoneManagerStateMachine.java:loadSnapshotInfoFromDB(605)) - LastAppliedIndex is set from TransactionInfo from OM DB as (t:0, i:~)
2021-12-08 13:31:30,007 [Listener at 0.0.0.0/44573] INFO  server.RaftServer (ConfUtils.java:logGet(44)) - raft.rpc.type = GRPC (default)
2021-12-08 13:31:30,092 [Listener at 0.0.0.0/44573] INFO  grpc.GrpcFactory (GrpcFactory.java:checkPooledByteBufAllocatorUseCacheForAllThreads(48)) - PERFORMANCE WARNING: useCacheForAllThreads is true that may cause Netty to create a lot garbage objects and, as a result, trigger GC.
	It is recommended to disable useCacheForAllThreads by setting -Dorg.apache.ratis.thirdparty.io.netty.allocator.useCacheForAllThreads=false in command line.
2021-12-08 13:31:30,096 [Listener at 0.0.0.0/44573] INFO  grpc.GrpcConfigKeys (ConfUtils.java:logGet(44)) - raft.grpc.admin.port = -1 (default)
2021-12-08 13:31:30,097 [Listener at 0.0.0.0/44573] INFO  grpc.GrpcConfigKeys (ConfUtils.java:logGet(44)) - raft.grpc.server.port = 9872 (custom)
2021-12-08 13:31:30,097 [Listener at 0.0.0.0/44573] INFO  grpc.GrpcConfigKeys (ConfUtils.java:logGet(44)) - raft.grpc.client.port = -1 (default)
2021-12-08 13:31:30,098 [Listener at 0.0.0.0/44573] INFO  grpc.GrpcConfigKeys (ConfUtils.java:logGet(44)) - raft.grpc.server.port = 9872 (custom)
2021-12-08 13:31:30,098 [Listener at 0.0.0.0/44573] INFO  grpc.GrpcConfigKeys (ConfUtils.java:logGet(44)) - raft.grpc.server.port = 9872 (custom)
2021-12-08 13:31:30,099 [Listener at 0.0.0.0/44573] INFO  server.GrpcService (ConfUtils.java:logGet(44)) - raft.grpc.message.size.max = 33554432 (custom)
2021-12-08 13:31:30,101 [Listener at 0.0.0.0/44573] INFO  server.RaftServerConfigKeys (ConfUtils.java:logGet(44)) - raft.server.log.appender.buffer.byte-limit = 33554432 (custom)
2021-12-08 13:31:30,102 [Listener at 0.0.0.0/44573] INFO  server.GrpcService (ConfUtils.java:logGet(44)) - raft.grpc.flow.control.window = 1MB (=1048576) (default)
2021-12-08 13:31:30,102 [Listener at 0.0.0.0/44573] INFO  server.RaftServerConfigKeys (ConfUtils.java:logGet(44)) - raft.server.rpc.request.timeout = 3000ms (default)
2021-12-08 13:31:30,447 [Listener at 0.0.0.0/44573] INFO  impl.DataStreamServerImpl (ConfUtils.java:logGet(44)) - raft.datastream.type = DISABLED (default)
2021-12-08 13:31:30,449 [Listener at 0.0.0.0/44573] INFO  server.RaftServerConfigKeys (ConfUtils.java:logGet(44)) - raft.server.rpc.slowness.timeout = 120s (custom)
2021-12-08 13:31:30,450 [Listener at 0.0.0.0/44573] INFO  server.RaftServerConfigKeys (ConfUtils.java:logGet(44)) - raft.server.leaderelection.leader.step-down.wait-time = 10s (default)
2021-12-08 13:31:30,467 [Listener at 0.0.0.0/44573] INFO  server.RaftServerConfigKeys (ConfUtils.java:logGet(44)) - raft.server.storage.dir = [/home/runner/work/ozone/ozone/hadoop-ozone/integration-test/target/test-dir/MiniOzoneClusterImpl-c8c699bf-5dad-4457-9252-d1686169726e/ozone-meta/ratis] (custom)
2021-12-08 13:31:30,473 [Listener at 0.0.0.0/44573] INFO  server.RaftServer (RaftServerProxy.java:addNew(95)) - om1: addNew group-C5BA1605619E:[om1|rpc:localhost:9872|priority:0] returns group-C5BA1605619E:java.util.concurrent.CompletableFuture@3b47178c[Not completed]
2021-12-08 13:31:30,474 [Listener at 0.0.0.0/44573] INFO  om.OzoneManager (OzoneManager.java:initializeRatisServer(1776)) - OzoneManager Ratis server initialized at port 9872
2021-12-08 13:31:30,502 [pool-39-thread-1] INFO  server.RaftServer$Division (RaftServerImpl.java:<init>(184)) - om1: new RaftServerImpl for group-C5BA1605619E:[om1|rpc:localhost:9872|priority:0] with OzoneManagerStateMachine:uninitialized
2021-12-08 13:31:30,503 [Listener at 0.0.0.0/44573] INFO  ipc.CallQueueManager (CallQueueManager.java:<init>(90)) - Using callQueue: class java.util.concurrent.LinkedBlockingQueue, queueCapacity: 2000, scheduler: class org.apache.hadoop.ipc.DefaultRpcScheduler, ipcBackoff: false.
2021-12-08 13:31:30,509 [pool-39-thread-1] INFO  server.RaftServerConfigKeys (ConfUtils.java:logGet(44)) - raft.server.rpc.timeout.min = 1s (custom)
2021-12-08 13:31:30,509 [pool-39-thread-1] INFO  server.RaftServerConfigKeys (ConfUtils.java:logGet(44)) - raft.server.rpc.timeout.max = 1200ms (custom)
2021-12-08 13:31:30,510 [pool-39-thread-1] INFO  server.RaftServerConfigKeys (ConfUtils.java:logGet(44)) - raft.server.rpc.sleep.time = 25ms (default)
2021-12-08 13:31:30,510 [pool-39-thread-1] INFO  server.RaftServerConfigKeys (ConfUtils.java:logGet(44)) - raft.server.rpc.slowness.timeout = 120s (custom)
2021-12-08 13:31:30,510 [pool-39-thread-1] INFO  server.RaftServerConfigKeys (ConfUtils.java:logGet(44)) - raft.server.leaderelection.leader.step-down.wait-time = 10s (default)
2021-12-08 13:31:30,510 [pool-39-thread-1] INFO  server.RaftServerConfigKeys (ConfUtils.java:logGet(44)) - raft.server.sleep.deviation.threshold = 300ms (default)
2021-12-08 13:31:30,511 [pool-39-thread-1] INFO  server.RaftServerConfigKeys (ConfUtils.java:logGet(44)) - raft.server.log.appender.install.snapshot.enabled = false (custom)
2021-12-08 13:31:30,524 [Socket Reader #1 for port 0] INFO  ipc.Server (Server.java:run(1265)) - Starting Socket Reader #1 for port 0
2021-12-08 13:31:30,525 [pool-39-thread-1] INFO  server.RaftServer$Division (ServerState.java:<init>(105)) - om1@group-C5BA1605619E: ConfigurationManager, init=-1: [om1|rpc:localhost:9872|priority:0], old=null, confs=<EMPTY_MAP>
2021-12-08 13:31:30,525 [pool-39-thread-1] INFO  server.RaftServerConfigKeys (ConfUtils.java:logGet(44)) - raft.server.storage.dir = [/home/runner/work/ozone/ozone/hadoop-ozone/integration-test/target/test-dir/MiniOzoneClusterImpl-c8c699bf-5dad-4457-9252-d1686169726e/ozone-meta/ratis] (custom)
2021-12-08 13:31:30,537 [pool-39-thread-1] INFO  server.RaftServerConfigKeys (ConfUtils.java:logGet(44)) - raft.server.log.corruption.policy = EXCEPTION (default)
2021-12-08 13:31:30,538 [pool-39-thread-1] INFO  server.RaftServerConfigKeys (ConfUtils.java:logGet(44)) - raft.server.storage.free-space.min = 0MB (=0) (default)
2021-12-08 13:31:30,539 [pool-39-thread-1] INFO  storage.RaftStorageDirectory (RaftStorageDirectoryImpl.java:analyzeStorage(135)) - The storage directory /home/runner/work/ozone/ozone/hadoop-ozone/integration-test/target/test-dir/MiniOzoneClusterImpl-c8c699bf-5dad-4457-9252-d1686169726e/ozone-meta/ratis/bf265839-605b-3f16-9796-c5ba1605619e does not exist. Creating ...
2021-12-08 13:31:30,546 [pool-39-thread-1] INFO  storage.RaftStorageDirectory (RaftStorageDirectoryImpl.java:tryLock(230)) - Lock on /home/runner/work/ozone/ozone/hadoop-ozone/integration-test/target/test-dir/MiniOzoneClusterImpl-c8c699bf-5dad-4457-9252-d1686169726e/ozone-meta/ratis/bf265839-605b-3f16-9796-c5ba1605619e/in_use.lock acquired by nodename 25433@fv-az148-92
2021-12-08 13:31:30,561 [pool-39-thread-1] INFO  storage.RaftStorage (RaftStorageImpl.java:format(89)) - Storage directory /home/runner/work/ozone/ozone/hadoop-ozone/integration-test/target/test-dir/MiniOzoneClusterImpl-c8c699bf-5dad-4457-9252-d1686169726e/ozone-meta/ratis/bf265839-605b-3f16-9796-c5ba1605619e has been successfully formatted.
2021-12-08 13:31:30,564 [pool-39-thread-1] INFO  server.RaftServerConfigKeys (ConfUtils.java:logGet(44)) - raft.server.notification.no-leader.timeout = 120s (custom)
2021-12-08 13:31:30,565 [pool-39-thread-1] INFO  server.RaftServerConfigKeys (ConfUtils.java:logGet(44)) - raft.server.log.use.memory = false (default)
2021-12-08 13:31:30,567 [Listener at 127.0.0.1/44261] INFO  om.OzoneManager (OzoneManager.java:initFSOLayout(3848)) - Configured ozone.om.metadata.layout=SIMPLE and disabled optimized OM FS operations
2021-12-08 13:31:30,576 [Listener at 127.0.0.1/44261] INFO  impl.MetricsSystemImpl (MetricsSystemImpl.java:init(158)) - OzoneManager metrics system started (again)
2021-12-08 13:31:30,575 [pool-39-thread-1] INFO  server.RaftServerConfigKeys (ConfUtils.java:logGet(44)) - raft.server.log.purge.gap = 1000000 (custom)
2021-12-08 13:31:30,585 [pool-39-thread-1] INFO  server.RaftServerConfigKeys (ConfUtils.java:logGet(44)) - raft.server.log.appender.buffer.byte-limit = 33554432 (custom)
2021-12-08 13:31:30,603 [Listener at 127.0.0.1/44261] INFO  om.OzoneManager (OzoneManager.java:start(1370)) - OzoneManager RPC server is listening at localhost/127.0.0.1:44261
2021-12-08 13:31:30,604 [Listener at 127.0.0.1/44261] INFO  ratis.OzoneManagerRatisServer (OzoneManagerRatisServer.java:start(516)) - Starting OzoneManagerRatisServer om1 at port 9872
2021-12-08 13:31:30,610 [pool-39-thread-1] INFO  server.RaftServerConfigKeys (ConfUtils.java:logGet(44)) - raft.server.log.segment.size.max = 4194304 (custom)
2021-12-08 13:31:30,618 [pool-39-thread-1] INFO  server.RaftServerConfigKeys (ConfUtils.java:logGet(44)) - raft.server.log.segment.cache.num.max = 2 (custom)
2021-12-08 13:31:30,619 [pool-39-thread-1] INFO  server.RaftServerConfigKeys (ConfUtils.java:logGet(44)) - raft.server.log.segment.cache.size.max = 200MB (=209715200) (default)
2021-12-08 13:31:30,626 [pool-39-thread-1] INFO  segmented.SegmentedRaftLogWorker (SegmentedRaftLogWorker.java:<init>(182)) - new om1@group-C5BA1605619E-SegmentedRaftLogWorker for RaftStorageImpl:Storage Directory /home/runner/work/ozone/ozone/hadoop-ozone/integration-test/target/test-dir/MiniOzoneClusterImpl-c8c699bf-5dad-4457-9252-d1686169726e/ozone-meta/ratis/bf265839-605b-3f16-9796-c5ba1605619e
2021-12-08 13:31:30,626 [pool-39-thread-1] INFO  server.RaftServerConfigKeys (ConfUtils.java:logGet(44)) - raft.server.log.queue.byte-limit = 64MB (=67108864) (default)
2021-12-08 13:31:30,627 [pool-39-thread-1] INFO  server.RaftServerConfigKeys (ConfUtils.java:logGet(44)) - raft.server.log.queue.element-limit = 4096 (default)
2021-12-08 13:31:30,628 [pool-39-thread-1] INFO  server.RaftServerConfigKeys (ConfUtils.java:logGet(44)) - raft.server.log.segment.size.max = 4194304 (custom)
2021-12-08 13:31:30,628 [pool-39-thread-1] INFO  server.RaftServerConfigKeys (ConfUtils.java:logGet(44)) - raft.server.log.preallocated.size = 4194304 (custom)
2021-12-08 13:31:30,628 [pool-39-thread-1] INFO  server.RaftServerConfigKeys (ConfUtils.java:logGet(44)) - raft.server.log.force.sync.num = 128 (default)
2021-12-08 13:31:30,630 [pool-39-thread-1] INFO  server.RaftServerConfigKeys (ConfUtils.java:logGet(44)) - raft.server.log.statemachine.data.sync = true (default)
2021-12-08 13:31:30,630 [pool-39-thread-1] INFO  server.RaftServerConfigKeys (ConfUtils.java:logGet(44)) - raft.server.log.statemachine.data.sync.timeout = 10s (default)
2021-12-08 13:31:30,631 [pool-39-thread-1] INFO  server.RaftServerConfigKeys (ConfUtils.java:logGet(44)) - raft.server.log.statemachine.data.sync.timeout.retry = -1 (default)
2021-12-08 13:31:30,640 [pool-39-thread-1] INFO  server.RaftServerConfigKeys (ConfUtils.java:logGet(44)) - raft.server.log.write.buffer.size = 64KB (=65536) (default)
2021-12-08 13:31:30,640 [pool-39-thread-1] INFO  server.RaftServerConfigKeys (ConfUtils.java:logGet(44)) - raft.server.log.statemachine.data.caching.enabled = false (default)
2021-12-08 13:31:30,647 [pool-39-thread-1] INFO  segmented.SegmentedRaftLogWorker (SegmentedRaftLogWorker.java:lambda$new$0(133)) - om1@group-C5BA1605619E-SegmentedRaftLogWorker: flushIndex: setUnconditionally 0 -> -1
2021-12-08 13:31:30,647 [pool-39-thread-1] INFO  segmented.SegmentedRaftLogWorker (SegmentedRaftLogWorker.java:lambda$new$0(133)) - om1@group-C5BA1605619E-SegmentedRaftLogWorker: safeCacheEvictIndex: setUnconditionally 0 -> -1
2021-12-08 13:31:30,652 [pool-39-thread-1] INFO  server.RaftServerConfigKeys (ConfUtils.java:logGet(44)) - raft.server.snapshot.auto.trigger.enabled = true (custom)
2021-12-08 13:31:30,653 [pool-39-thread-1] INFO  server.RaftServerConfigKeys (ConfUtils.java:logGet(44)) - raft.server.snapshot.auto.trigger.threshold = 400000 (default)
2021-12-08 13:31:30,653 [pool-39-thread-1] INFO  server.RaftServerConfigKeys (ConfUtils.java:logGet(44)) - raft.server.snapshot.retention.file.num = -1 (default)
2021-12-08 13:31:30,654 [pool-39-thread-1] INFO  server.RaftServerConfigKeys (ConfUtils.java:logGet(44)) - raft.server.log.purge.upto.snapshot.index = true (custom)
2021-12-08 13:31:30,655 [pool-39-thread-1] INFO  server.RaftServerConfigKeys (ConfUtils.java:logGet(44)) - raft.server.retrycache.expirytime = 300s (custom)
2021-12-08 13:31:30,656 [pool-39-thread-1] INFO  server.RaftServerConfigKeys (ConfUtils.java:logGet(44)) - raft.server.retrycache.statistics.expirytime = 100μs (default)
2021-12-08 13:31:30,697 [Listener at 127.0.0.1/44261] INFO  server.RaftServer$Division (RaftServerImpl.java:start(301)) - om1@group-C5BA1605619E: start as a follower, conf=-1: [om1|rpc:localhost:9872|priority:0], old=null
2021-12-08 13:31:30,698 [Listener at 127.0.0.1/44261] INFO  server.RaftServer$Division (RaftServerImpl.java:setRole(290)) - om1@group-C5BA1605619E: changes role from      null to FOLLOWER at term 0 for startAsFollower
2021-12-08 13:31:30,699 [Listener at 127.0.0.1/44261] INFO  impl.RoleInfo (RoleInfo.java:updateAndGet(130)) - om1: start om1@group-C5BA1605619E-FollowerState
2021-12-08 13:31:30,702 [Listener at 127.0.0.1/44261] INFO  util.JmxRegister (JmxRegister.java:tryRegister(44)) - Successfully registered JMX Bean with object name Ratis:service=RaftServer,group=group-C5BA1605619E,id=om1
2021-12-08 13:31:30,705 [Listener at 127.0.0.1/44261] INFO  server.RaftServer (RaftServerProxy.java:lambda$start$5(374)) - om1: start RPC server
2021-12-08 13:31:30,773 [Listener at 127.0.0.1/44261] INFO  server.GrpcService (GrpcService.java:startImpl(253)) - om1: GrpcService started, listening on 9872
2021-12-08 13:31:30,777 [Listener at 127.0.0.1/44261] INFO  om.OzoneManager (OzoneManager.java:start(1386)) - Version File has different layout version (0) than OM DB (null). That is expected if this OM has never been finalized to a newer layout version.
2021-12-08 13:31:30,779 [org.apache.ratis.util.JvmPauseMonitor$$Lambda$523/1691816368@4df4f611] INFO  util.JvmPauseMonitor (JvmPauseMonitor.java:run(103)) - JvmPauseMonitor-om1: Started
2021-12-08 13:31:30,794 [Listener at 127.0.0.1/44261] INFO  http.BaseHttpServer (BaseHttpServer.java:newHttpServer2BuilderForOzone(209)) - Starting Web-server for ozoneManager at: http://0.0.0.0:0
2021-12-08 13:31:30,794 [Listener at 127.0.0.1/44261] INFO  http.BaseHttpServer (BaseHttpServer.java:<init>(107)) - Hadoop Security Enabled: false Ozone Security Enabled: false Ozone HTTP Security Enabled: false 
2021-12-08 13:31:30,796 [Listener at 127.0.0.1/44261] INFO  server.AuthenticationFilter (AuthenticationFilter.java:constructSecretProvider(240)) - Unable to initialize FileSignerSecretProvider, falling back to use random secrets.
2021-12-08 13:31:30,801 [Listener at 127.0.0.1/44261] WARN  http.HttpRequestLog (HttpRequestLog.java:getRequestLog(103)) - Jetty request log can only be enabled using Log4j
2021-12-08 13:31:30,805 [Listener at 127.0.0.1/44261] INFO  http.HttpServer2 (HttpServer2.java:addGlobalFilter(1030)) - Added global filter 'safety' (class=org.apache.hadoop.hdds.server.http.HttpServer2$QuotingInputFilter)
2021-12-08 13:31:30,806 [Listener at 127.0.0.1/44261] INFO  http.HttpServer2 (HttpServer2.java:addFilter(1006)) - Added filter static_user_filter (class=org.apache.hadoop.http.lib.StaticUserWebFilter$StaticUserFilter) to context ozoneManager
2021-12-08 13:31:30,807 [Listener at 127.0.0.1/44261] INFO  http.HttpServer2 (HttpServer2.java:addFilter(1014)) - Added filter static_user_filter (class=org.apache.hadoop.http.lib.StaticUserWebFilter$StaticUserFilter) to context static
2021-12-08 13:31:30,807 [Listener at 127.0.0.1/44261] INFO  http.HttpServer2 (HttpServer2.java:addFilter(1014)) - Added filter static_user_filter (class=org.apache.hadoop.http.lib.StaticUserWebFilter$StaticUserFilter) to context logs
2021-12-08 13:31:30,811 [Listener at 127.0.0.1/44261] INFO  http.HttpServer2 (HttpServer2.java:bindListener(1249)) - Jetty bound to port 36159
2021-12-08 13:31:30,811 [Listener at 127.0.0.1/44261] INFO  server.Server (Server.java:doStart(375)) - jetty-9.4.43.v20210629; built: 2021-06-30T11:07:22.254Z; git: 526006ecfa3af7f1a27ef3a288e2bef7ea9dd7e8; jvm 1.8.0_292-b10
2021-12-08 13:31:30,814 [Listener at 127.0.0.1/44261] INFO  server.session (DefaultSessionIdManager.java:doStart(334)) - DefaultSessionIdManager workerName=node0
2021-12-08 13:31:30,814 [Listener at 127.0.0.1/44261] INFO  server.session (DefaultSessionIdManager.java:doStart(339)) - No SessionScavenger set, using defaults
2021-12-08 13:31:30,815 [Listener at 127.0.0.1/44261] INFO  server.session (HouseKeeper.java:startScavenging(132)) - node0 Scavenging every 660000ms
2021-12-08 13:31:30,816 [Listener at 127.0.0.1/44261] INFO  handler.ContextHandler (ContextHandler.java:doStart(915)) - Started o.e.j.s.ServletContextHandler@3564caf8{logs,/logs,file:///home/runner/work/ozone/ozone/hadoop-ozone/integration-test/target/log,AVAILABLE}
2021-12-08 13:31:30,816 [Listener at 127.0.0.1/44261] INFO  handler.ContextHandler (ContextHandler.java:doStart(915)) - Started o.e.j.s.ServletContextHandler@3dabf112{static,/static,file:///home/runner/work/ozone/ozone/hadoop-ozone/integration-test/target/test-classes/webapps/static,AVAILABLE}
2021-12-08 13:31:30,820 [Listener at 127.0.0.1/44261] INFO  handler.ContextHandler (ContextHandler.java:doStart(915)) - Started o.e.j.w.WebAppContext@36e8e3e1{ozoneManager,/,file:///home/runner/work/ozone/ozone/hadoop-ozone/integration-test/target/test-classes/webapps/ozoneManager/,AVAILABLE}{file:/home/runner/work/ozone/ozone/hadoop-ozone/integration-test/target/test-classes/webapps/ozoneManager}
2021-12-08 13:31:30,825 [Listener at 127.0.0.1/44261] INFO  server.AbstractConnector (AbstractConnector.java:doStart(331)) - Started ServerConnector@7d5ef93e{HTTP/1.1, (http/1.1)}{0.0.0.0:36159}
2021-12-08 13:31:30,826 [Listener at 127.0.0.1/44261] INFO  server.Server (Server.java:doStart(415)) - Started @6321ms
2021-12-08 13:31:30,828 [Listener at 127.0.0.1/44261] WARN  impl.MetricsSystemImpl (MetricsSystemImpl.java:register(279)) - Sink prometheus already exists!
2021-12-08 13:31:30,828 [Listener at 127.0.0.1/44261] INFO  http.BaseHttpServer (BaseHttpServer.java:updateConnectorAddress(329)) - HTTP server of ozoneManager listening at http://0.0.0.0:36159
2021-12-08 13:31:30,832 [IPC Server Responder] INFO  ipc.Server (Server.java:run(1507)) - IPC Server Responder: starting
2021-12-08 13:31:30,833 [IPC Server listener on 0] INFO  ipc.Server (Server.java:run(1344)) - IPC Server listener on 0: starting
2021-12-08 13:31:30,840 [Listener at 127.0.0.1/44261] INFO  om.OzoneManager (OzoneManager.java:startTrashEmptier(1734)) - Trash Interval set to 0. Files deleted will not move to trash
2021-12-08 13:31:30,850 [org.apache.hadoop.util.JvmPauseMonitor$Monitor@6385af63] INFO  util.JvmPauseMonitor (JvmPauseMonitor.java:run(188)) - Starting JVM pause monitor
2021-12-08 13:31:31,007 [Listener at 127.0.0.1/44261] WARN  impl.MetricRegistriesImpl (MetricRegistriesImpl.java:addReporterRegistration(111)) - New reporters are added after registries were created. Some metrics will be missing from the reporter. Please add reporter before adding any new registry.
2021-12-08 13:31:31,008 [Listener at 127.0.0.1/44261] WARN  impl.MetricRegistriesImpl (MetricRegistriesImpl.java:addReporterRegistration(111)) - New reporters are added after registries were created. Some metrics will be missing from the reporter. Please add reporter before adding any new registry.
2021-12-08 13:31:31,008 [Listener at 127.0.0.1/44261] INFO  impl.MetricsSystemImpl (MetricsSystemImpl.java:init(158)) - HddsDatanode metrics system started (again)
2021-12-08 13:31:31,027 [Listener at 127.0.0.1/44261] INFO  ozone.HddsDatanodeService (HddsDatanodeService.java:start(234)) - HddsDatanodeService host:fv-az148-92.bm4ck3pvxvsene1rjriu5fhcdb.bx.internal.cloudapp.net ip:10.1.0.52
2021-12-08 13:31:31,056 [Listener at 127.0.0.1/44261] INFO  upgrade.AbstractLayoutVersionManager (AbstractLayoutVersionManager.java:init(79)) - Initializing Layout version manager with metadata layout = SCM_HA (version = 2), software layout = SCM_HA (version = 2)
2021-12-08 13:31:31,102 [Listener at 127.0.0.1/44261] INFO  reflections.Reflections (Reflections.java:scan(232)) - Reflections took 44 ms to scan 7 urls, producing 119 keys and 279 values 
2021-12-08 13:31:31,110 [Listener at 127.0.0.1/44261] INFO  statemachine.DatanodeStateMachine (DatanodeStateMachine.java:getEndPointTaskThreadPoolSize(219)) - Datanode State Machine Task Thread Pool size 2
2021-12-08 13:31:31,173 [Listener at 127.0.0.1/44261] INFO  volume.HddsVolume (HddsVolume.java:<init>(120)) - Creating HddsVolume: /home/runner/work/ozone/ozone/hadoop-ozone/integration-test/target/test-dir/MiniOzoneClusterImpl-c8c699bf-5dad-4457-9252-d1686169726e/datanode-0/data-0/containers/hdds of storage type : DISK capacity : 9223372036854775807
2021-12-08 13:31:31,175 [Listener at 127.0.0.1/44261] INFO  volume.MutableVolumeSet (MutableVolumeSet.java:initializeVolumeSet(168)) - Added Volume : /home/runner/work/ozone/ozone/hadoop-ozone/integration-test/target/test-dir/MiniOzoneClusterImpl-c8c699bf-5dad-4457-9252-d1686169726e/datanode-0/data-0/containers/hdds to VolumeSet
2021-12-08 13:31:31,177 [Listener at 127.0.0.1/44261] INFO  volume.ThrottledAsyncChecker (ThrottledAsyncChecker.java:schedule(141)) - Scheduling a check for /home/runner/work/ozone/ozone/hadoop-ozone/integration-test/target/test-dir/MiniOzoneClusterImpl-c8c699bf-5dad-4457-9252-d1686169726e/datanode-0/data-0/containers/hdds
2021-12-08 13:31:31,197 [Listener at 127.0.0.1/44261] INFO  volume.StorageVolumeChecker (StorageVolumeChecker.java:checkAllVolumes(202)) - Scheduled health check for volume /home/runner/work/ozone/ozone/hadoop-ozone/integration-test/target/test-dir/MiniOzoneClusterImpl-c8c699bf-5dad-4457-9252-d1686169726e/datanode-0/data-0/containers/hdds
2021-12-08 13:31:31,219 [Listener at 127.0.0.1/44261] INFO  volume.MutableVolumeSet (MutableVolumeSet.java:initializeVolumeSet(168)) - Added Volume : /home/runner/work/ozone/ozone/hadoop-ozone/integration-test/target/test-dir/MiniOzoneClusterImpl-c8c699bf-5dad-4457-9252-d1686169726e/datanode-0/data/ratis to VolumeSet
2021-12-08 13:31:31,220 [Listener at 127.0.0.1/44261] INFO  volume.ThrottledAsyncChecker (ThrottledAsyncChecker.java:schedule(141)) - Scheduling a check for /home/runner/work/ozone/ozone/hadoop-ozone/integration-test/target/test-dir/MiniOzoneClusterImpl-c8c699bf-5dad-4457-9252-d1686169726e/datanode-0/data/ratis
2021-12-08 13:31:31,220 [Listener at 127.0.0.1/44261] INFO  volume.StorageVolumeChecker (StorageVolumeChecker.java:checkAllVolumes(202)) - Scheduled health check for volume /home/runner/work/ozone/ozone/hadoop-ozone/integration-test/target/test-dir/MiniOzoneClusterImpl-c8c699bf-5dad-4457-9252-d1686169726e/datanode-0/data/ratis
2021-12-08 13:31:31,241 [Thread-129] INFO  ozoneimpl.ContainerReader (ContainerReader.java:readVolume(172)) - Finish verifying containers on volume /home/runner/work/ozone/ozone/hadoop-ozone/integration-test/target/test-dir/MiniOzoneClusterImpl-c8c699bf-5dad-4457-9252-d1686169726e/datanode-0/data-0/containers/hdds
2021-12-08 13:31:31,241 [Listener at 127.0.0.1/44261] INFO  ozoneimpl.OzoneContainer (OzoneContainer.java:buildContainerSet(236)) - Build ContainerSet costs 0s
2021-12-08 13:31:31,321 [Listener at 127.0.0.1/44261] INFO  server.RaftServer (ConfUtils.java:logGet(44)) - raft.rpc.type = GRPC (default)
2021-12-08 13:31:31,328 [Listener at 127.0.0.1/44261] INFO  grpc.GrpcFactory (GrpcFactory.java:checkPooledByteBufAllocatorUseCacheForAllThreads(48)) - PERFORMANCE WARNING: useCacheForAllThreads is true that may cause Netty to create a lot garbage objects and, as a result, trigger GC.
	It is recommended to disable useCacheForAllThreads by setting -Dorg.apache.ratis.thirdparty.io.netty.allocator.useCacheForAllThreads=false in command line.
2021-12-08 13:31:31,329 [Listener at 127.0.0.1/44261] INFO  grpc.GrpcConfigKeys (ConfUtils.java:logGet(44)) - raft.grpc.admin.port = 0 (custom)
2021-12-08 13:31:31,329 [Listener at 127.0.0.1/44261] INFO  grpc.GrpcConfigKeys (ConfUtils.java:logGet(44)) - raft.grpc.client.port = 0 (custom)
2021-12-08 13:31:31,334 [Listener at 127.0.0.1/44261] INFO  grpc.GrpcConfigKeys (ConfUtils.java:logGet(44)) - raft.grpc.server.port = 0 (default)
2021-12-08 13:31:31,334 [Listener at 127.0.0.1/44261] INFO  server.GrpcService (ConfUtils.java:logGet(44)) - raft.grpc.message.size.max = 32MB (=33554432) (custom)
2021-12-08 13:31:31,337 [Listener at 127.0.0.1/44261] INFO  server.RaftServerConfigKeys (ConfUtils.java:logGet(44)) - raft.server.log.appender.buffer.byte-limit = 33554432 (custom)
2021-12-08 13:31:31,339 [Listener at 127.0.0.1/44261] INFO  server.GrpcService (ConfUtils.java:logGet(44)) - raft.grpc.flow.control.window = 5MB (=5242880) (custom)
2021-12-08 13:31:31,339 [Listener at 127.0.0.1/44261] INFO  server.RaftServerConfigKeys (ConfUtils.java:logGet(44)) - raft.server.rpc.request.timeout = 3000ms (default)
2021-12-08 13:31:31,341 [Listener at 127.0.0.1/44261] INFO  impl.DataStreamServerImpl (ConfUtils.java:logGet(44)) - raft.datastream.type = DISABLED (default)
2021-12-08 13:31:31,341 [Listener at 127.0.0.1/44261] INFO  server.RaftServerConfigKeys (ConfUtils.java:logGet(44)) - raft.server.rpc.slowness.timeout = 300000ms (custom)
2021-12-08 13:31:31,342 [Listener at 127.0.0.1/44261] INFO  server.RaftServerConfigKeys (ConfUtils.java:logGet(44)) - raft.server.leaderelection.leader.step-down.wait-time = 10s (default)
2021-12-08 13:31:31,343 [Listener at 127.0.0.1/44261] INFO  server.RaftServerConfigKeys (ConfUtils.java:logGet(44)) - raft.server.storage.dir = [/home/runner/work/ozone/ozone/hadoop-ozone/integration-test/target/test-dir/MiniOzoneClusterImpl-c8c699bf-5dad-4457-9252-d1686169726e/datanode-0/data/ratis] (custom)
2021-12-08 13:31:31,365 [Listener at 127.0.0.1/44261] INFO  server.XceiverServerGrpc (XceiverServerGrpc.java:<init>(132)) - GrpcServer channel type EpollServerSocketChannel
2021-12-08 13:31:31,415 [Listener at 127.0.0.1/44261] INFO  http.BaseHttpServer (BaseHttpServer.java:newHttpServer2BuilderForOzone(209)) - Starting Web-server for hddsDatanode at: http://0.0.0.0:0
2021-12-08 13:31:31,416 [Listener at 127.0.0.1/44261] INFO  http.BaseHttpServer (BaseHttpServer.java:<init>(107)) - Hadoop Security Enabled: false Ozone Security Enabled: false Ozone HTTP Security Enabled: false 
2021-12-08 13:31:31,418 [Listener at 127.0.0.1/44261] INFO  server.AuthenticationFilter (AuthenticationFilter.java:constructSecretProvider(240)) - Unable to initialize FileSignerSecretProvider, falling back to use random secrets.
2021-12-08 13:31:31,421 [Listener at 127.0.0.1/44261] WARN  http.HttpRequestLog (HttpRequestLog.java:getRequestLog(103)) - Jetty request log can only be enabled using Log4j
2021-12-08 13:31:31,423 [Listener at 127.0.0.1/44261] INFO  http.HttpServer2 (HttpServer2.java:addGlobalFilter(1030)) - Added global filter 'safety' (class=org.apache.hadoop.hdds.server.http.HttpServer2$QuotingInputFilter)
2021-12-08 13:31:31,424 [Listener at 127.0.0.1/44261] INFO  http.HttpServer2 (HttpServer2.java:addFilter(1006)) - Added filter static_user_filter (class=org.apache.hadoop.http.lib.StaticUserWebFilter$StaticUserFilter) to context hddsDatanode
2021-12-08 13:31:31,424 [Listener at 127.0.0.1/44261] INFO  http.HttpServer2 (HttpServer2.java:addFilter(1014)) - Added filter static_user_filter (class=org.apache.hadoop.http.lib.StaticUserWebFilter$StaticUserFilter) to context logs
2021-12-08 13:31:31,424 [Listener at 127.0.0.1/44261] INFO  http.HttpServer2 (HttpServer2.java:addFilter(1014)) - Added filter static_user_filter (class=org.apache.hadoop.http.lib.StaticUserWebFilter$StaticUserFilter) to context static
2021-12-08 13:31:31,426 [Listener at 127.0.0.1/44261] INFO  http.HttpServer2 (HttpServer2.java:bindListener(1249)) - Jetty bound to port 46437
2021-12-08 13:31:31,427 [Listener at 127.0.0.1/44261] INFO  server.Server (Server.java:doStart(375)) - jetty-9.4.43.v20210629; built: 2021-06-30T11:07:22.254Z; git: 526006ecfa3af7f1a27ef3a288e2bef7ea9dd7e8; jvm 1.8.0_292-b10
2021-12-08 13:31:31,430 [Listener at 127.0.0.1/44261] INFO  server.session (DefaultSessionIdManager.java:doStart(334)) - DefaultSessionIdManager workerName=node0
2021-12-08 13:31:31,430 [Listener at 127.0.0.1/44261] INFO  server.session (DefaultSessionIdManager.java:doStart(339)) - No SessionScavenger set, using defaults
2021-12-08 13:31:31,430 [Listener at 127.0.0.1/44261] INFO  server.session (HouseKeeper.java:startScavenging(132)) - node0 Scavenging every 660000ms
2021-12-08 13:31:31,431 [Listener at 127.0.0.1/44261] INFO  handler.ContextHandler (ContextHandler.java:doStart(915)) - Started o.e.j.s.ServletContextHandler@316a03cf{logs,/logs,file:///home/runner/work/ozone/ozone/hadoop-ozone/integration-test/target/log,AVAILABLE}
2021-12-08 13:31:31,432 [Listener at 127.0.0.1/44261] INFO  handler.ContextHandler (ContextHandler.java:doStart(915)) - Started o.e.j.s.ServletContextHandler@1c1e78eb{static,/static,jar:file:/home/runner/.m2/repository/org/apache/ozone/hdds-container-service/1.3.0-SNAPSHOT/hdds-container-service-1.3.0-SNAPSHOT.jar!/webapps/static,AVAILABLE}
2021-12-08 13:31:31,496 [Listener at 127.0.0.1/44261] INFO  handler.ContextHandler (ContextHandler.java:doStart(915)) - Started o.e.j.w.WebAppContext@708a0150{hddsDatanode,/,file:///tmp/jetty-0_0_0_0-46437-hdds-container-service-1_3_0-SNAPSHOT_jar-_-any-7854366065260935508/webapp/,AVAILABLE}{jar:file:/home/runner/.m2/repository/org/apache/ozone/hdds-container-service/1.3.0-SNAPSHOT/hdds-container-service-1.3.0-SNAPSHOT.jar!/webapps/hddsDatanode}
2021-12-08 13:31:31,499 [Listener at 127.0.0.1/44261] INFO  server.AbstractConnector (AbstractConnector.java:doStart(331)) - Started ServerConnector@4308744c{HTTP/1.1, (http/1.1)}{0.0.0.0:46437}
2021-12-08 13:31:31,499 [Listener at 127.0.0.1/44261] INFO  server.Server (Server.java:doStart(415)) - Started @6995ms
2021-12-08 13:31:31,500 [Listener at 127.0.0.1/44261] WARN  impl.MetricsSystemImpl (MetricsSystemImpl.java:register(279)) - Sink prometheus already exists!
2021-12-08 13:31:31,500 [Listener at 127.0.0.1/44261] INFO  http.BaseHttpServer (BaseHttpServer.java:updateConnectorAddress(329)) - HTTP server of hddsDatanode listening at http://0.0.0.0:46437
2021-12-08 13:31:31,506 [Listener at 127.0.0.1/44261] WARN  impl.MetricRegistriesImpl (MetricRegistriesImpl.java:addReporterRegistration(111)) - New reporters are added after registries were created. Some metrics will be missing from the reporter. Please add reporter before adding any new registry.
2021-12-08 13:31:31,506 [Listener at 127.0.0.1/44261] WARN  impl.MetricRegistriesImpl (MetricRegistriesImpl.java:addReporterRegistration(111)) - New reporters are added after registries were created. Some metrics will be missing from the reporter. Please add reporter before adding any new registry.
2021-12-08 13:31:31,506 [Listener at 127.0.0.1/44261] INFO  impl.MetricsSystemImpl (MetricsSystemImpl.java:init(158)) - HddsDatanode metrics system started (again)
2021-12-08 13:31:31,514 [Datanode State Machine Daemon Thread] INFO  statemachine.DatanodeStateMachine (DatanodeStateMachine.java:lambda$startDaemon$0(467)) - Ozone container server started.
2021-12-08 13:31:31,526 [Listener at 127.0.0.1/44261] INFO  ozone.HddsDatanodeService (HddsDatanodeService.java:start(234)) - HddsDatanodeService host:fv-az148-92.bm4ck3pvxvsene1rjriu5fhcdb.bx.internal.cloudapp.net ip:10.1.0.52
2021-12-08 13:31:31,553 [org.apache.hadoop.util.JvmPauseMonitor$Monitor@93a89b9] INFO  util.JvmPauseMonitor (JvmPauseMonitor.java:run(188)) - Starting JVM pause monitor
2021-12-08 13:31:31,554 [Listener at 127.0.0.1/44261] INFO  upgrade.AbstractLayoutVersionManager (AbstractLayoutVersionManager.java:init(79)) - Initializing Layout version manager with metadata layout = SCM_HA (version = 2), software layout = SCM_HA (version = 2)
2021-12-08 13:31:31,668 [Listener at 127.0.0.1/44261] INFO  reflections.Reflections (Reflections.java:scan(232)) - Reflections took 113 ms to scan 7 urls, producing 119 keys and 279 values 
2021-12-08 13:31:31,686 [Listener at 127.0.0.1/44261] INFO  statemachine.DatanodeStateMachine (DatanodeStateMachine.java:getEndPointTaskThreadPoolSize(219)) - Datanode State Machine Task Thread Pool size 2
2021-12-08 13:31:31,694 [Listener at 127.0.0.1/44261] INFO  volume.HddsVolume (HddsVolume.java:<init>(120)) - Creating HddsVolume: /home/runner/work/ozone/ozone/hadoop-ozone/integration-test/target/test-dir/MiniOzoneClusterImpl-c8c699bf-5dad-4457-9252-d1686169726e/datanode-1/data-0/containers/hdds of storage type : DISK capacity : 9223372036854775807
2021-12-08 13:31:31,694 [Listener at 127.0.0.1/44261] INFO  volume.MutableVolumeSet (MutableVolumeSet.java:initializeVolumeSet(168)) - Added Volume : /home/runner/work/ozone/ozone/hadoop-ozone/integration-test/target/test-dir/MiniOzoneClusterImpl-c8c699bf-5dad-4457-9252-d1686169726e/datanode-1/data-0/containers/hdds to VolumeSet
2021-12-08 13:31:31,694 [Listener at 127.0.0.1/44261] INFO  volume.ThrottledAsyncChecker (ThrottledAsyncChecker.java:schedule(141)) - Scheduling a check for /home/runner/work/ozone/ozone/hadoop-ozone/integration-test/target/test-dir/MiniOzoneClusterImpl-c8c699bf-5dad-4457-9252-d1686169726e/datanode-1/data-0/containers/hdds
2021-12-08 13:31:31,704 [Listener at 127.0.0.1/44261] INFO  volume.StorageVolumeChecker (StorageVolumeChecker.java:checkAllVolumes(202)) - Scheduled health check for volume /home/runner/work/ozone/ozone/hadoop-ozone/integration-test/target/test-dir/MiniOzoneClusterImpl-c8c699bf-5dad-4457-9252-d1686169726e/datanode-1/data-0/containers/hdds
2021-12-08 13:31:31,736 [Datanode State Machine Task Thread - 0] INFO  datanode.InitDatanodeState (InitDatanodeState.java:persistContainerDatanodeDetails(145)) - DatanodeDetails is persisted to /home/runner/work/ozone/ozone/hadoop-ozone/integration-test/target/test-dir/MiniOzoneClusterImpl-c8c699bf-5dad-4457-9252-d1686169726e/datanode-0/meta/datanode.id
2021-12-08 13:31:31,745 [Listener at 127.0.0.1/44261] INFO  volume.MutableVolumeSet (MutableVolumeSet.java:initializeVolumeSet(168)) - Added Volume : /home/runner/work/ozone/ozone/hadoop-ozone/integration-test/target/test-dir/MiniOzoneClusterImpl-c8c699bf-5dad-4457-9252-d1686169726e/datanode-1/data/ratis to VolumeSet
2021-12-08 13:31:31,745 [Listener at 127.0.0.1/44261] INFO  volume.ThrottledAsyncChecker (ThrottledAsyncChecker.java:schedule(141)) - Scheduling a check for /home/runner/work/ozone/ozone/hadoop-ozone/integration-test/target/test-dir/MiniOzoneClusterImpl-c8c699bf-5dad-4457-9252-d1686169726e/datanode-1/data/ratis
2021-12-08 13:31:31,745 [Listener at 127.0.0.1/44261] INFO  volume.StorageVolumeChecker (StorageVolumeChecker.java:checkAllVolumes(202)) - Scheduled health check for volume /home/runner/work/ozone/ozone/hadoop-ozone/integration-test/target/test-dir/MiniOzoneClusterImpl-c8c699bf-5dad-4457-9252-d1686169726e/datanode-1/data/ratis
2021-12-08 13:31:31,760 [Thread-141] INFO  ozoneimpl.ContainerReader (ContainerReader.java:readVolume(172)) - Finish verifying containers on volume /home/runner/work/ozone/ozone/hadoop-ozone/integration-test/target/test-dir/MiniOzoneClusterImpl-c8c699bf-5dad-4457-9252-d1686169726e/datanode-1/data-0/containers/hdds
2021-12-08 13:31:31,760 [Listener at 127.0.0.1/44261] INFO  ozoneimpl.OzoneContainer (OzoneContainer.java:buildContainerSet(236)) - Build ContainerSet costs 0s
2021-12-08 13:31:31,763 [Listener at 127.0.0.1/44261] INFO  server.RaftServer (ConfUtils.java:logGet(44)) - raft.rpc.type = GRPC (default)
2021-12-08 13:31:31,763 [Listener at 127.0.0.1/44261] INFO  grpc.GrpcFactory (GrpcFactory.java:checkPooledByteBufAllocatorUseCacheForAllThreads(48)) - PERFORMANCE WARNING: useCacheForAllThreads is true that may cause Netty to create a lot garbage objects and, as a result, trigger GC.
	It is recommended to disable useCacheForAllThreads by setting -Dorg.apache.ratis.thirdparty.io.netty.allocator.useCacheForAllThreads=false in command line.
2021-12-08 13:31:31,764 [Listener at 127.0.0.1/44261] INFO  grpc.GrpcConfigKeys (ConfUtils.java:logGet(44)) - raft.grpc.admin.port = 0 (custom)
2021-12-08 13:31:31,764 [Listener at 127.0.0.1/44261] INFO  grpc.GrpcConfigKeys (ConfUtils.java:logGet(44)) - raft.grpc.client.port = 0 (custom)
2021-12-08 13:31:31,764 [Listener at 127.0.0.1/44261] INFO  grpc.GrpcConfigKeys (ConfUtils.java:logGet(44)) - raft.grpc.server.port = 0 (default)
2021-12-08 13:31:31,764 [Listener at 127.0.0.1/44261] INFO  server.GrpcService (ConfUtils.java:logGet(44)) - raft.grpc.message.size.max = 32MB (=33554432) (custom)
2021-12-08 13:31:31,764 [Listener at 127.0.0.1/44261] INFO  server.RaftServerConfigKeys (ConfUtils.java:logGet(44)) - raft.server.log.appender.buffer.byte-limit = 33554432 (custom)
2021-12-08 13:31:31,764 [Listener at 127.0.0.1/44261] INFO  server.GrpcService (ConfUtils.java:logGet(44)) - raft.grpc.flow.control.window = 5MB (=5242880) (custom)
2021-12-08 13:31:31,765 [Listener at 127.0.0.1/44261] INFO  server.RaftServerConfigKeys (ConfUtils.java:logGet(44)) - raft.server.rpc.request.timeout = 3000ms (default)
2021-12-08 13:31:31,767 [Listener at 127.0.0.1/44261] INFO  impl.DataStreamServerImpl (ConfUtils.java:logGet(44)) - raft.datastream.type = DISABLED (default)
2021-12-08 13:31:31,767 [Listener at 127.0.0.1/44261] INFO  server.RaftServerConfigKeys (ConfUtils.java:logGet(44)) - raft.server.rpc.slowness.timeout = 300000ms (custom)
2021-12-08 13:31:31,769 [Listener at 127.0.0.1/44261] INFO  server.RaftServerConfigKeys (ConfUtils.java:logGet(44)) - raft.server.leaderelection.leader.step-down.wait-time = 10s (default)
2021-12-08 13:31:31,769 [Listener at 127.0.0.1/44261] INFO  server.RaftServerConfigKeys (ConfUtils.java:logGet(44)) - raft.server.storage.dir = [/home/runner/work/ozone/ozone/hadoop-ozone/integration-test/target/test-dir/MiniOzoneClusterImpl-c8c699bf-5dad-4457-9252-d1686169726e/datanode-1/data/ratis] (custom)
2021-12-08 13:31:31,772 [Listener at 127.0.0.1/44261] INFO  server.XceiverServerGrpc (XceiverServerGrpc.java:<init>(132)) - GrpcServer channel type EpollServerSocketChannel
2021-12-08 13:31:31,779 [Listener at 127.0.0.1/44261] INFO  http.BaseHttpServer (BaseHttpServer.java:newHttpServer2BuilderForOzone(209)) - Starting Web-server for hddsDatanode at: http://0.0.0.0:0
2021-12-08 13:31:31,779 [Listener at 127.0.0.1/44261] INFO  http.BaseHttpServer (BaseHttpServer.java:<init>(107)) - Hadoop Security Enabled: false Ozone Security Enabled: false Ozone HTTP Security Enabled: false 
2021-12-08 13:31:31,780 [Listener at 127.0.0.1/44261] INFO  server.AuthenticationFilter (AuthenticationFilter.java:constructSecretProvider(240)) - Unable to initialize FileSignerSecretProvider, falling back to use random secrets.
2021-12-08 13:31:31,782 [Listener at 127.0.0.1/44261] WARN  http.HttpRequestLog (HttpRequestLog.java:getRequestLog(103)) - Jetty request log can only be enabled using Log4j
2021-12-08 13:31:31,782 [Listener at 127.0.0.1/44261] INFO  http.HttpServer2 (HttpServer2.java:addGlobalFilter(1030)) - Added global filter 'safety' (class=org.apache.hadoop.hdds.server.http.HttpServer2$QuotingInputFilter)
2021-12-08 13:31:31,783 [Listener at 127.0.0.1/44261] INFO  http.HttpServer2 (HttpServer2.java:addFilter(1006)) - Added filter static_user_filter (class=org.apache.hadoop.http.lib.StaticUserWebFilter$StaticUserFilter) to context hddsDatanode
2021-12-08 13:31:31,783 [Listener at 127.0.0.1/44261] INFO  http.HttpServer2 (HttpServer2.java:addFilter(1014)) - Added filter static_user_filter (class=org.apache.hadoop.http.lib.StaticUserWebFilter$StaticUserFilter) to context logs
2021-12-08 13:31:31,784 [Listener at 127.0.0.1/44261] INFO  http.HttpServer2 (HttpServer2.java:addFilter(1014)) - Added filter static_user_filter (class=org.apache.hadoop.http.lib.StaticUserWebFilter$StaticUserFilter) to context static
2021-12-08 13:31:31,784 [Listener at 127.0.0.1/44261] INFO  http.HttpServer2 (HttpServer2.java:bindListener(1249)) - Jetty bound to port 39289
2021-12-08 13:31:31,784 [Listener at 127.0.0.1/44261] INFO  server.Server (Server.java:doStart(375)) - jetty-9.4.43.v20210629; built: 2021-06-30T11:07:22.254Z; git: 526006ecfa3af7f1a27ef3a288e2bef7ea9dd7e8; jvm 1.8.0_292-b10
2021-12-08 13:31:31,787 [Listener at 127.0.0.1/44261] INFO  server.session (DefaultSessionIdManager.java:doStart(334)) - DefaultSessionIdManager workerName=node0
2021-12-08 13:31:31,787 [Listener at 127.0.0.1/44261] INFO  server.session (DefaultSessionIdManager.java:doStart(339)) - No SessionScavenger set, using defaults
2021-12-08 13:31:31,787 [Listener at 127.0.0.1/44261] INFO  server.session (HouseKeeper.java:startScavenging(132)) - node0 Scavenging every 600000ms
2021-12-08 13:31:31,789 [Listener at 127.0.0.1/44261] INFO  handler.ContextHandler (ContextHandler.java:doStart(915)) - Started o.e.j.s.ServletContextHandler@4ffa1019{logs,/logs,file:///home/runner/work/ozone/ozone/hadoop-ozone/integration-test/target/log,AVAILABLE}
2021-12-08 13:31:31,789 [Listener at 127.0.0.1/44261] INFO  handler.ContextHandler (ContextHandler.java:doStart(915)) - Started o.e.j.s.ServletContextHandler@4c48564d{static,/static,jar:file:/home/runner/.m2/repository/org/apache/ozone/hdds-container-service/1.3.0-SNAPSHOT/hdds-container-service-1.3.0-SNAPSHOT.jar!/webapps/static,AVAILABLE}
2021-12-08 13:31:31,841 [Listener at 127.0.0.1/44261] INFO  handler.ContextHandler (ContextHandler.java:doStart(915)) - Started o.e.j.w.WebAppContext@5dcc1495{hddsDatanode,/,file:///tmp/jetty-0_0_0_0-39289-hdds-container-service-1_3_0-SNAPSHOT_jar-_-any-4321980347613596100/webapp/,AVAILABLE}{jar:file:/home/runner/.m2/repository/org/apache/ozone/hdds-container-service/1.3.0-SNAPSHOT/hdds-container-service-1.3.0-SNAPSHOT.jar!/webapps/hddsDatanode}
2021-12-08 13:31:31,843 [Listener at 127.0.0.1/44261] INFO  server.AbstractConnector (AbstractConnector.java:doStart(331)) - Started ServerConnector@4c046a12{HTTP/1.1, (http/1.1)}{0.0.0.0:39289}
2021-12-08 13:31:31,843 [Listener at 127.0.0.1/44261] INFO  server.Server (Server.java:doStart(415)) - Started @7338ms
2021-12-08 13:31:31,843 [Listener at 127.0.0.1/44261] WARN  impl.MetricsSystemImpl (MetricsSystemImpl.java:register(279)) - Sink prometheus already exists!
2021-12-08 13:31:31,844 [Listener at 127.0.0.1/44261] INFO  http.BaseHttpServer (BaseHttpServer.java:updateConnectorAddress(329)) - HTTP server of hddsDatanode listening at http://0.0.0.0:39289
2021-12-08 13:31:31,845 [Listener at 127.0.0.1/44261] WARN  impl.MetricRegistriesImpl (MetricRegistriesImpl.java:addReporterRegistration(111)) - New reporters are added after registries were created. Some metrics will be missing from the reporter. Please add reporter before adding any new registry.
2021-12-08 13:31:31,845 [Listener at 127.0.0.1/44261] WARN  impl.MetricRegistriesImpl (MetricRegistriesImpl.java:addReporterRegistration(111)) - New reporters are added after registries were created. Some metrics will be missing from the reporter. Please add reporter before adding any new registry.
2021-12-08 13:31:31,845 [Listener at 127.0.0.1/44261] INFO  impl.MetricsSystemImpl (MetricsSystemImpl.java:init(158)) - HddsDatanode metrics system started (again)
2021-12-08 13:31:31,849 [Datanode State Machine Daemon Thread] INFO  statemachine.DatanodeStateMachine (DatanodeStateMachine.java:lambda$startDaemon$0(467)) - Ozone container server started.
2021-12-08 13:31:31,862 [Listener at 127.0.0.1/44261] INFO  ozone.HddsDatanodeService (HddsDatanodeService.java:start(234)) - HddsDatanodeService host:fv-az148-92.bm4ck3pvxvsene1rjriu5fhcdb.bx.internal.cloudapp.net ip:10.1.0.52
2021-12-08 13:31:31,875 [org.apache.hadoop.util.JvmPauseMonitor$Monitor@39a1a751] INFO  util.JvmPauseMonitor (JvmPauseMonitor.java:run(188)) - Starting JVM pause monitor
2021-12-08 13:31:31,885 [Listener at 127.0.0.1/44261] INFO  upgrade.AbstractLayoutVersionManager (AbstractLayoutVersionManager.java:init(79)) - Initializing Layout version manager with metadata layout = SCM_HA (version = 2), software layout = SCM_HA (version = 2)
2021-12-08 13:31:31,893 [om1@group-C5BA1605619E-FollowerState] INFO  impl.FollowerState (FollowerState.java:run(134)) - om1@group-C5BA1605619E-FollowerState: change to CANDIDATE, lastRpcElapsedTime:1193934600ns, electionTimeout:1188ms
2021-12-08 13:31:31,894 [om1@group-C5BA1605619E-FollowerState] INFO  impl.RoleInfo (RoleInfo.java:shutdownFollowerState(108)) - om1: shutdown om1@group-C5BA1605619E-FollowerState
2021-12-08 13:31:31,896 [om1@group-C5BA1605619E-FollowerState] INFO  server.RaftServer$Division (RaftServerImpl.java:setRole(290)) - om1@group-C5BA1605619E: changes role from  FOLLOWER to CANDIDATE at term 0 for changeToCandidate
2021-12-08 13:31:31,898 [om1@group-C5BA1605619E-FollowerState] INFO  server.RaftServerConfigKeys (ConfUtils.java:logGet(44)) - raft.server.leaderelection.pre-vote = false (custom)
2021-12-08 13:31:31,901 [Datanode State Machine Task Thread - 0] INFO  datanode.InitDatanodeState (InitDatanodeState.java:persistContainerDatanodeDetails(145)) - DatanodeDetails is persisted to /home/runner/work/ozone/ozone/hadoop-ozone/integration-test/target/test-dir/MiniOzoneClusterImpl-c8c699bf-5dad-4457-9252-d1686169726e/datanode-1/meta/datanode.id
2021-12-08 13:31:31,905 [om1@group-C5BA1605619E-FollowerState] INFO  impl.RoleInfo (RoleInfo.java:updateAndGet(130)) - om1: start om1@group-C5BA1605619E-LeaderElection1
2021-12-08 13:31:31,920 [om1@group-C5BA1605619E-LeaderElection1] INFO  impl.LeaderElection (LeaderElection.java:askForVotes(306)) - om1@group-C5BA1605619E-LeaderElection1 ELECTION round 0: submit vote requests at term 1 for -1: [om1|rpc:localhost:9872|priority:0], old=null
2021-12-08 13:31:31,921 [om1@group-C5BA1605619E-LeaderElection1] INFO  impl.LeaderElection (LeaderElection.java:askForVotes(308)) - om1@group-C5BA1605619E-LeaderElection1 ELECTION round 0: result PASSED (term=1)
2021-12-08 13:31:31,922 [om1@group-C5BA1605619E-LeaderElection1] INFO  impl.RoleInfo (RoleInfo.java:shutdownLeaderElection(121)) - om1: shutdown om1@group-C5BA1605619E-LeaderElection1
2021-12-08 13:31:31,922 [om1@group-C5BA1605619E-LeaderElection1] INFO  server.RaftServer$Division (RaftServerImpl.java:setRole(290)) - om1@group-C5BA1605619E: changes role from CANDIDATE to LEADER at term 1 for changeToLeader
2021-12-08 13:31:31,922 [om1@group-C5BA1605619E-LeaderElection1] INFO  server.RaftServer$Division (ServerState.java:setLeader(285)) - om1@group-C5BA1605619E: change Leader from null to om1 at term 1 for becomeLeader, leader elected after 1358ms
2021-12-08 13:31:31,930 [om1@group-C5BA1605619E-LeaderElection1] INFO  server.RaftServerConfigKeys (ConfUtils.java:logGet(44)) - raft.server.staging.catchup.gap = 1000 (default)
2021-12-08 13:31:31,941 [om1@group-C5BA1605619E-LeaderElection1] INFO  server.RaftServerConfigKeys (ConfUtils.java:logGet(44)) - raft.server.write.element-limit = 4096 (default)
2021-12-08 13:31:31,945 [om1@group-C5BA1605619E-LeaderElection1] INFO  server.RaftServerConfigKeys (ConfUtils.java:logGet(44)) - raft.server.write.byte-limit = 64MB (=67108864) (default)
2021-12-08 13:31:32,132 [om1@group-C5BA1605619E-LeaderElection1] INFO  server.RaftServerConfigKeys (ConfUtils.java:logGet(44)) - raft.server.watch.timeout = 10s (default)
2021-12-08 13:31:32,132 [om1@group-C5BA1605619E-LeaderElection1] INFO  server.RaftServerConfigKeys (ConfUtils.java:logGet(44)) - raft.server.watch.timeout.denomination = 1s (default)
2021-12-08 13:31:32,133 [om1@group-C5BA1605619E-LeaderElection1] INFO  server.RaftServerConfigKeys (ConfUtils.java:logGet(44)) - raft.server.watch.element-limit = 65536 (default)
2021-12-08 13:31:32,138 [Listener at 127.0.0.1/44261] INFO  reflections.Reflections (Reflections.java:scan(232)) - Reflections took 247 ms to scan 7 urls, producing 119 keys and 279 values 
2021-12-08 13:31:32,145 [om1@group-C5BA1605619E-LeaderElection1] INFO  server.RaftServerConfigKeys (ConfUtils.java:logGet(44)) - raft.server.write.element-limit = 4096 (default)
2021-12-08 13:31:32,147 [Listener at 127.0.0.1/44261] INFO  statemachine.DatanodeStateMachine (DatanodeStateMachine.java:getEndPointTaskThreadPoolSize(219)) - Datanode State Machine Task Thread Pool size 2
2021-12-08 13:31:32,148 [om1@group-C5BA1605619E-LeaderElection1] INFO  server.RaftServerConfigKeys (ConfUtils.java:logGet(44)) - raft.server.write.follower.gap.ratio.max = -1.0 (default)
2021-12-08 13:31:32,150 [om1@group-C5BA1605619E-LeaderElection1] INFO  impl.RoleInfo (RoleInfo.java:updateAndGet(130)) - om1: start om1@group-C5BA1605619E-LeaderStateImpl
2021-12-08 13:31:32,158 [Listener at 127.0.0.1/44261] INFO  volume.HddsVolume (HddsVolume.java:<init>(120)) - Creating HddsVolume: /home/runner/work/ozone/ozone/hadoop-ozone/integration-test/target/test-dir/MiniOzoneClusterImpl-c8c699bf-5dad-4457-9252-d1686169726e/datanode-2/data-0/containers/hdds of storage type : DISK capacity : 9223372036854775807
2021-12-08 13:31:32,158 [Listener at 127.0.0.1/44261] INFO  volume.MutableVolumeSet (MutableVolumeSet.java:initializeVolumeSet(168)) - Added Volume : /home/runner/work/ozone/ozone/hadoop-ozone/integration-test/target/test-dir/MiniOzoneClusterImpl-c8c699bf-5dad-4457-9252-d1686169726e/datanode-2/data-0/containers/hdds to VolumeSet
2021-12-08 13:31:32,158 [Listener at 127.0.0.1/44261] INFO  volume.ThrottledAsyncChecker (ThrottledAsyncChecker.java:schedule(141)) - Scheduling a check for /home/runner/work/ozone/ozone/hadoop-ozone/integration-test/target/test-dir/MiniOzoneClusterImpl-c8c699bf-5dad-4457-9252-d1686169726e/datanode-2/data-0/containers/hdds
2021-12-08 13:31:32,168 [Listener at 127.0.0.1/44261] INFO  volume.StorageVolumeChecker (StorageVolumeChecker.java:checkAllVolumes(202)) - Scheduled health check for volume /home/runner/work/ozone/ozone/hadoop-ozone/integration-test/target/test-dir/MiniOzoneClusterImpl-c8c699bf-5dad-4457-9252-d1686169726e/datanode-2/data-0/containers/hdds
2021-12-08 13:31:32,187 [om1@group-C5BA1605619E-LeaderElection1] INFO  segmented.SegmentedRaftLogWorker (SegmentedRaftLogWorker.java:startLogSegment(394)) - om1@group-C5BA1605619E-SegmentedRaftLogWorker: Starting segment from index:0
2021-12-08 13:31:32,193 [Listener at 127.0.0.1/44261] INFO  volume.MutableVolumeSet (MutableVolumeSet.java:initializeVolumeSet(168)) - Added Volume : /home/runner/work/ozone/ozone/hadoop-ozone/integration-test/target/test-dir/MiniOzoneClusterImpl-c8c699bf-5dad-4457-9252-d1686169726e/datanode-2/data/ratis to VolumeSet
2021-12-08 13:31:32,193 [Listener at 127.0.0.1/44261] INFO  volume.ThrottledAsyncChecker (ThrottledAsyncChecker.java:schedule(141)) - Scheduling a check for /home/runner/work/ozone/ozone/hadoop-ozone/integration-test/target/test-dir/MiniOzoneClusterImpl-c8c699bf-5dad-4457-9252-d1686169726e/datanode-2/data/ratis
2021-12-08 13:31:32,194 [Listener at 127.0.0.1/44261] INFO  volume.StorageVolumeChecker (StorageVolumeChecker.java:checkAllVolumes(202)) - Scheduled health check for volume /home/runner/work/ozone/ozone/hadoop-ozone/integration-test/target/test-dir/MiniOzoneClusterImpl-c8c699bf-5dad-4457-9252-d1686169726e/datanode-2/data/ratis
2021-12-08 13:31:32,229 [om1@group-C5BA1605619E-LeaderElection1] INFO  server.RaftServer$Division (ServerState.java:setRaftConf(387)) - om1@group-C5BA1605619E: set configuration 0: [om1|rpc:localhost:9872|admin:|client:|dataStream:|priority:0], old=null
2021-12-08 13:31:32,245 [Thread-155] INFO  ozoneimpl.ContainerReader (ContainerReader.java:readVolume(172)) - Finish verifying containers on volume /home/runner/work/ozone/ozone/hadoop-ozone/integration-test/target/test-dir/MiniOzoneClusterImpl-c8c699bf-5dad-4457-9252-d1686169726e/datanode-2/data-0/containers/hdds
2021-12-08 13:31:32,245 [Listener at 127.0.0.1/44261] INFO  ozoneimpl.OzoneContainer (OzoneContainer.java:buildContainerSet(236)) - Build ContainerSet costs 0s
2021-12-08 13:31:32,248 [Listener at 127.0.0.1/44261] INFO  server.RaftServer (ConfUtils.java:logGet(44)) - raft.rpc.type = GRPC (default)
2021-12-08 13:31:32,248 [Listener at 127.0.0.1/44261] INFO  grpc.GrpcFactory (GrpcFactory.java:checkPooledByteBufAllocatorUseCacheForAllThreads(48)) - PERFORMANCE WARNING: useCacheForAllThreads is true that may cause Netty to create a lot garbage objects and, as a result, trigger GC.
	It is recommended to disable useCacheForAllThreads by setting -Dorg.apache.ratis.thirdparty.io.netty.allocator.useCacheForAllThreads=false in command line.
2021-12-08 13:31:32,248 [Listener at 127.0.0.1/44261] INFO  grpc.GrpcConfigKeys (ConfUtils.java:logGet(44)) - raft.grpc.admin.port = 0 (custom)
2021-12-08 13:31:32,248 [Listener at 127.0.0.1/44261] INFO  grpc.GrpcConfigKeys (ConfUtils.java:logGet(44)) - raft.grpc.client.port = 0 (custom)
2021-12-08 13:31:32,252 [Listener at 127.0.0.1/44261] INFO  grpc.GrpcConfigKeys (ConfUtils.java:logGet(44)) - raft.grpc.server.port = 0 (default)
2021-12-08 13:31:32,253 [Listener at 127.0.0.1/44261] INFO  server.GrpcService (ConfUtils.java:logGet(44)) - raft.grpc.message.size.max = 32MB (=33554432) (custom)
2021-12-08 13:31:32,253 [Listener at 127.0.0.1/44261] INFO  server.RaftServerConfigKeys (ConfUtils.java:logGet(44)) - raft.server.log.appender.buffer.byte-limit = 33554432 (custom)
2021-12-08 13:31:32,253 [Listener at 127.0.0.1/44261] INFO  server.GrpcService (ConfUtils.java:logGet(44)) - raft.grpc.flow.control.window = 5MB (=5242880) (custom)
2021-12-08 13:31:32,253 [Listener at 127.0.0.1/44261] INFO  server.RaftServerConfigKeys (ConfUtils.java:logGet(44)) - raft.server.rpc.request.timeout = 3000ms (default)
2021-12-08 13:31:32,254 [Listener at 127.0.0.1/44261] INFO  impl.DataStreamServerImpl (ConfUtils.java:logGet(44)) - raft.datastream.type = DISABLED (default)
2021-12-08 13:31:32,254 [Listener at 127.0.0.1/44261] INFO  server.RaftServerConfigKeys (ConfUtils.java:logGet(44)) - raft.server.rpc.slowness.timeout = 300000ms (custom)
2021-12-08 13:31:32,254 [Listener at 127.0.0.1/44261] INFO  server.RaftServerConfigKeys (ConfUtils.java:logGet(44)) - raft.server.leaderelection.leader.step-down.wait-time = 10s (default)
2021-12-08 13:31:32,255 [Listener at 127.0.0.1/44261] INFO  server.RaftServerConfigKeys (ConfUtils.java:logGet(44)) - raft.server.storage.dir = [/home/runner/work/ozone/ozone/hadoop-ozone/integration-test/target/test-dir/MiniOzoneClusterImpl-c8c699bf-5dad-4457-9252-d1686169726e/datanode-2/data/ratis] (custom)
2021-12-08 13:31:32,256 [Listener at 127.0.0.1/44261] INFO  server.XceiverServerGrpc (XceiverServerGrpc.java:<init>(132)) - GrpcServer channel type EpollServerSocketChannel
2021-12-08 13:31:32,273 [Listener at 127.0.0.1/44261] INFO  http.BaseHttpServer (BaseHttpServer.java:newHttpServer2BuilderForOzone(209)) - Starting Web-server for hddsDatanode at: http://0.0.0.0:0
2021-12-08 13:31:32,274 [Listener at 127.0.0.1/44261] INFO  http.BaseHttpServer (BaseHttpServer.java:<init>(107)) - Hadoop Security Enabled: false Ozone Security Enabled: false Ozone HTTP Security Enabled: false 
2021-12-08 13:31:32,275 [Listener at 127.0.0.1/44261] INFO  server.AuthenticationFilter (AuthenticationFilter.java:constructSecretProvider(240)) - Unable to initialize FileSignerSecretProvider, falling back to use random secrets.
2021-12-08 13:31:32,281 [Listener at 127.0.0.1/44261] WARN  http.HttpRequestLog (HttpRequestLog.java:getRequestLog(103)) - Jetty request log can only be enabled using Log4j
2021-12-08 13:31:32,281 [Listener at 127.0.0.1/44261] INFO  http.HttpServer2 (HttpServer2.java:addGlobalFilter(1030)) - Added global filter 'safety' (class=org.apache.hadoop.hdds.server.http.HttpServer2$QuotingInputFilter)
2021-12-08 13:31:32,282 [Listener at 127.0.0.1/44261] INFO  http.HttpServer2 (HttpServer2.java:addFilter(1006)) - Added filter static_user_filter (class=org.apache.hadoop.http.lib.StaticUserWebFilter$StaticUserFilter) to context hddsDatanode
2021-12-08 13:31:32,283 [Listener at 127.0.0.1/44261] INFO  http.HttpServer2 (HttpServer2.java:addFilter(1014)) - Added filter static_user_filter (class=org.apache.hadoop.http.lib.StaticUserWebFilter$StaticUserFilter) to context logs
2021-12-08 13:31:32,283 [Listener at 127.0.0.1/44261] INFO  http.HttpServer2 (HttpServer2.java:addFilter(1014)) - Added filter static_user_filter (class=org.apache.hadoop.http.lib.StaticUserWebFilter$StaticUserFilter) to context static
2021-12-08 13:31:32,283 [Listener at 127.0.0.1/44261] INFO  http.HttpServer2 (HttpServer2.java:bindListener(1249)) - Jetty bound to port 46179
2021-12-08 13:31:32,283 [Listener at 127.0.0.1/44261] INFO  server.Server (Server.java:doStart(375)) - jetty-9.4.43.v20210629; built: 2021-06-30T11:07:22.254Z; git: 526006ecfa3af7f1a27ef3a288e2bef7ea9dd7e8; jvm 1.8.0_292-b10
2021-12-08 13:31:32,310 [Listener at 127.0.0.1/44261] INFO  server.session (DefaultSessionIdManager.java:doStart(334)) - DefaultSessionIdManager workerName=node0
2021-12-08 13:31:32,310 [Listener at 127.0.0.1/44261] INFO  server.session (DefaultSessionIdManager.java:doStart(339)) - No SessionScavenger set, using defaults
2021-12-08 13:31:32,310 [Listener at 127.0.0.1/44261] INFO  server.session (HouseKeeper.java:startScavenging(132)) - node0 Scavenging every 660000ms
2021-12-08 13:31:32,311 [Listener at 127.0.0.1/44261] INFO  handler.ContextHandler (ContextHandler.java:doStart(915)) - Started o.e.j.s.ServletContextHandler@e7ecfb9{logs,/logs,file:///home/runner/work/ozone/ozone/hadoop-ozone/integration-test/target/log,AVAILABLE}
2021-12-08 13:31:32,311 [Listener at 127.0.0.1/44261] INFO  handler.ContextHandler (ContextHandler.java:doStart(915)) - Started o.e.j.s.ServletContextHandler@7d03699c{static,/static,jar:file:/home/runner/.m2/repository/org/apache/ozone/hdds-container-service/1.3.0-SNAPSHOT/hdds-container-service-1.3.0-SNAPSHOT.jar!/webapps/static,AVAILABLE}
2021-12-08 13:31:32,376 [Listener at 127.0.0.1/44261] INFO  handler.ContextHandler (ContextHandler.java:doStart(915)) - Started o.e.j.w.WebAppContext@42f814cd{hddsDatanode,/,file:///tmp/jetty-0_0_0_0-46179-hdds-container-service-1_3_0-SNAPSHOT_jar-_-any-3838483478171345981/webapp/,AVAILABLE}{jar:file:/home/runner/.m2/repository/org/apache/ozone/hdds-container-service/1.3.0-SNAPSHOT/hdds-container-service-1.3.0-SNAPSHOT.jar!/webapps/hddsDatanode}
2021-12-08 13:31:32,379 [Listener at 127.0.0.1/44261] INFO  server.AbstractConnector (AbstractConnector.java:doStart(331)) - Started ServerConnector@35ca8ec3{HTTP/1.1, (http/1.1)}{0.0.0.0:46179}
2021-12-08 13:31:32,379 [Listener at 127.0.0.1/44261] INFO  server.Server (Server.java:doStart(415)) - Started @7874ms
2021-12-08 13:31:32,379 [Listener at 127.0.0.1/44261] WARN  impl.MetricsSystemImpl (MetricsSystemImpl.java:register(279)) - Sink prometheus already exists!
2021-12-08 13:31:32,380 [Listener at 127.0.0.1/44261] INFO  http.BaseHttpServer (BaseHttpServer.java:updateConnectorAddress(329)) - HTTP server of hddsDatanode listening at http://0.0.0.0:46179
2021-12-08 13:31:32,380 [Listener at 127.0.0.1/44261] WARN  impl.MetricRegistriesImpl (MetricRegistriesImpl.java:addReporterRegistration(111)) - New reporters are added after registries were created. Some metrics will be missing from the reporter. Please add reporter before adding any new registry.
2021-12-08 13:31:32,381 [Listener at 127.0.0.1/44261] WARN  impl.MetricRegistriesImpl (MetricRegistriesImpl.java:addReporterRegistration(111)) - New reporters are added after registries were created. Some metrics will be missing from the reporter. Please add reporter before adding any new registry.
2021-12-08 13:31:32,381 [Listener at 127.0.0.1/44261] INFO  impl.MetricsSystemImpl (MetricsSystemImpl.java:init(158)) - HddsDatanode metrics system started (again)
2021-12-08 13:31:32,389 [Datanode State Machine Daemon Thread] INFO  statemachine.DatanodeStateMachine (DatanodeStateMachine.java:lambda$startDaemon$0(467)) - Ozone container server started.
2021-12-08 13:31:32,398 [om1@group-C5BA1605619E-SegmentedRaftLogWorker] INFO  segmented.SegmentedRaftLogWorker (SegmentedRaftLogWorker.java:execute(601)) - om1@group-C5BA1605619E-SegmentedRaftLogWorker: created new log segment /home/runner/work/ozone/ozone/hadoop-ozone/integration-test/target/test-dir/MiniOzoneClusterImpl-c8c699bf-5dad-4457-9252-d1686169726e/ozone-meta/ratis/bf265839-605b-3f16-9796-c5ba1605619e/current/log_inprogress_0
2021-12-08 13:31:32,407 [Listener at 127.0.0.1/44261] INFO  ozone.HddsDatanodeService (HddsDatanodeService.java:start(234)) - HddsDatanodeService host:fv-az148-92.bm4ck3pvxvsene1rjriu5fhcdb.bx.internal.cloudapp.net ip:10.1.0.52
2021-12-08 13:31:32,437 [Listener at 127.0.0.1/44261] INFO  upgrade.AbstractLayoutVersionManager (AbstractLayoutVersionManager.java:init(79)) - Initializing Layout version manager with metadata layout = SCM_HA (version = 2), software layout = SCM_HA (version = 2)
2021-12-08 13:31:32,461 [org.apache.hadoop.util.JvmPauseMonitor$Monitor@12425222] INFO  util.JvmPauseMonitor (JvmPauseMonitor.java:run(188)) - Starting JVM pause monitor
2021-12-08 13:31:32,477 [Datanode State Machine Task Thread - 0] INFO  datanode.InitDatanodeState (InitDatanodeState.java:persistContainerDatanodeDetails(145)) - DatanodeDetails is persisted to /home/runner/work/ozone/ozone/hadoop-ozone/integration-test/target/test-dir/MiniOzoneClusterImpl-c8c699bf-5dad-4457-9252-d1686169726e/datanode-2/meta/datanode.id
2021-12-08 13:31:32,525 [Listener at 127.0.0.1/44261] INFO  reflections.Reflections (Reflections.java:scan(232)) - Reflections took 77 ms to scan 7 urls, producing 119 keys and 279 values 
2021-12-08 13:31:32,526 [om1@group-C5BA1605619E-StateMachineUpdater] INFO  ratis.OzoneManagerStateMachine (OzoneManagerStateMachine.java:notifyConfigurationChanged(188)) - Received Configuration change notification from Ratis. New Peer list:
[id: "om1"
address: "localhost:9872"
]
2021-12-08 13:31:32,534 [Listener at 127.0.0.1/44261] INFO  statemachine.DatanodeStateMachine (DatanodeStateMachine.java:getEndPointTaskThreadPoolSize(219)) - Datanode State Machine Task Thread Pool size 2
2021-12-08 13:31:32,537 [Listener at 127.0.0.1/44261] INFO  volume.HddsVolume (HddsVolume.java:<init>(120)) - Creating HddsVolume: /home/runner/work/ozone/ozone/hadoop-ozone/integration-test/target/test-dir/MiniOzoneClusterImpl-c8c699bf-5dad-4457-9252-d1686169726e/datanode-3/data-0/containers/hdds of storage type : DISK capacity : 9223372036854775807
2021-12-08 13:31:32,538 [Listener at 127.0.0.1/44261] INFO  volume.MutableVolumeSet (MutableVolumeSet.java:initializeVolumeSet(168)) - Added Volume : /home/runner/work/ozone/ozone/hadoop-ozone/integration-test/target/test-dir/MiniOzoneClusterImpl-c8c699bf-5dad-4457-9252-d1686169726e/datanode-3/data-0/containers/hdds to VolumeSet
2021-12-08 13:31:32,538 [Listener at 127.0.0.1/44261] INFO  volume.ThrottledAsyncChecker (ThrottledAsyncChecker.java:schedule(141)) - Scheduling a check for /home/runner/work/ozone/ozone/hadoop-ozone/integration-test/target/test-dir/MiniOzoneClusterImpl-c8c699bf-5dad-4457-9252-d1686169726e/datanode-3/data-0/containers/hdds
2021-12-08 13:31:32,541 [Listener at 127.0.0.1/44261] INFO  volume.StorageVolumeChecker (StorageVolumeChecker.java:checkAllVolumes(202)) - Scheduled health check for volume /home/runner/work/ozone/ozone/hadoop-ozone/integration-test/target/test-dir/MiniOzoneClusterImpl-c8c699bf-5dad-4457-9252-d1686169726e/datanode-3/data-0/containers/hdds
2021-12-08 13:31:32,557 [Listener at 127.0.0.1/44261] INFO  volume.MutableVolumeSet (MutableVolumeSet.java:initializeVolumeSet(168)) - Added Volume : /home/runner/work/ozone/ozone/hadoop-ozone/integration-test/target/test-dir/MiniOzoneClusterImpl-c8c699bf-5dad-4457-9252-d1686169726e/datanode-3/data/ratis to VolumeSet
2021-12-08 13:31:32,557 [Listener at 127.0.0.1/44261] INFO  volume.ThrottledAsyncChecker (ThrottledAsyncChecker.java:schedule(141)) - Scheduling a check for /home/runner/work/ozone/ozone/hadoop-ozone/integration-test/target/test-dir/MiniOzoneClusterImpl-c8c699bf-5dad-4457-9252-d1686169726e/datanode-3/data/ratis
2021-12-08 13:31:32,558 [Listener at 127.0.0.1/44261] INFO  volume.StorageVolumeChecker (StorageVolumeChecker.java:checkAllVolumes(202)) - Scheduled health check for volume /home/runner/work/ozone/ozone/hadoop-ozone/integration-test/target/test-dir/MiniOzoneClusterImpl-c8c699bf-5dad-4457-9252-d1686169726e/datanode-3/data/ratis
2021-12-08 13:31:32,571 [Thread-167] INFO  ozoneimpl.ContainerReader (ContainerReader.java:readVolume(172)) - Finish verifying containers on volume /home/runner/work/ozone/ozone/hadoop-ozone/integration-test/target/test-dir/MiniOzoneClusterImpl-c8c699bf-5dad-4457-9252-d1686169726e/datanode-3/data-0/containers/hdds
2021-12-08 13:31:32,571 [Listener at 127.0.0.1/44261] INFO  ozoneimpl.OzoneContainer (OzoneContainer.java:buildContainerSet(236)) - Build ContainerSet costs 0s
2021-12-08 13:31:32,574 [Listener at 127.0.0.1/44261] INFO  server.RaftServer (ConfUtils.java:logGet(44)) - raft.rpc.type = GRPC (default)
2021-12-08 13:31:32,575 [Listener at 127.0.0.1/44261] INFO  grpc.GrpcFactory (GrpcFactory.java:checkPooledByteBufAllocatorUseCacheForAllThreads(48)) - PERFORMANCE WARNING: useCacheForAllThreads is true that may cause Netty to create a lot garbage objects and, as a result, trigger GC.
	It is recommended to disable useCacheForAllThreads by setting -Dorg.apache.ratis.thirdparty.io.netty.allocator.useCacheForAllThreads=false in command line.
2021-12-08 13:31:32,575 [Listener at 127.0.0.1/44261] INFO  grpc.GrpcConfigKeys (ConfUtils.java:logGet(44)) - raft.grpc.admin.port = 0 (custom)
2021-12-08 13:31:32,575 [Listener at 127.0.0.1/44261] INFO  grpc.GrpcConfigKeys (ConfUtils.java:logGet(44)) - raft.grpc.client.port = 0 (custom)
2021-12-08 13:31:32,575 [Listener at 127.0.0.1/44261] INFO  grpc.GrpcConfigKeys (ConfUtils.java:logGet(44)) - raft.grpc.server.port = 0 (default)
2021-12-08 13:31:32,575 [Listener at 127.0.0.1/44261] INFO  server.GrpcService (ConfUtils.java:logGet(44)) - raft.grpc.message.size.max = 32MB (=33554432) (custom)
2021-12-08 13:31:32,575 [Listener at 127.0.0.1/44261] INFO  server.RaftServerConfigKeys (ConfUtils.java:logGet(44)) - raft.server.log.appender.buffer.byte-limit = 33554432 (custom)
2021-12-08 13:31:32,576 [Listener at 127.0.0.1/44261] INFO  server.GrpcService (ConfUtils.java:logGet(44)) - raft.grpc.flow.control.window = 5MB (=5242880) (custom)
2021-12-08 13:31:32,576 [Listener at 127.0.0.1/44261] INFO  server.RaftServerConfigKeys (ConfUtils.java:logGet(44)) - raft.server.rpc.request.timeout = 3000ms (default)
2021-12-08 13:31:32,577 [Listener at 127.0.0.1/44261] INFO  impl.DataStreamServerImpl (ConfUtils.java:logGet(44)) - raft.datastream.type = DISABLED (default)
2021-12-08 13:31:32,577 [Listener at 127.0.0.1/44261] INFO  server.RaftServerConfigKeys (ConfUtils.java:logGet(44)) - raft.server.rpc.slowness.timeout = 300000ms (custom)
2021-12-08 13:31:32,577 [Listener at 127.0.0.1/44261] INFO  server.RaftServerConfigKeys (ConfUtils.java:logGet(44)) - raft.server.leaderelection.leader.step-down.wait-time = 10s (default)
2021-12-08 13:31:32,578 [Listener at 127.0.0.1/44261] INFO  server.RaftServerConfigKeys (ConfUtils.java:logGet(44)) - raft.server.storage.dir = [/home/runner/work/ozone/ozone/hadoop-ozone/integration-test/target/test-dir/MiniOzoneClusterImpl-c8c699bf-5dad-4457-9252-d1686169726e/datanode-3/data/ratis] (custom)
2021-12-08 13:31:32,579 [Listener at 127.0.0.1/44261] INFO  server.XceiverServerGrpc (XceiverServerGrpc.java:<init>(132)) - GrpcServer channel type EpollServerSocketChannel
2021-12-08 13:31:32,582 [Listener at 127.0.0.1/44261] INFO  http.BaseHttpServer (BaseHttpServer.java:newHttpServer2BuilderForOzone(209)) - Starting Web-server for hddsDatanode at: http://0.0.0.0:0
2021-12-08 13:31:32,582 [Listener at 127.0.0.1/44261] INFO  http.BaseHttpServer (BaseHttpServer.java:<init>(107)) - Hadoop Security Enabled: false Ozone Security Enabled: false Ozone HTTP Security Enabled: false 
2021-12-08 13:31:32,583 [Listener at 127.0.0.1/44261] INFO  server.AuthenticationFilter (AuthenticationFilter.java:constructSecretProvider(240)) - Unable to initialize FileSignerSecretProvider, falling back to use random secrets.
2021-12-08 13:31:32,584 [Listener at 127.0.0.1/44261] WARN  http.HttpRequestLog (HttpRequestLog.java:getRequestLog(103)) - Jetty request log can only be enabled using Log4j
2021-12-08 13:31:32,585 [Listener at 127.0.0.1/44261] INFO  http.HttpServer2 (HttpServer2.java:addGlobalFilter(1030)) - Added global filter 'safety' (class=org.apache.hadoop.hdds.server.http.HttpServer2$QuotingInputFilter)
2021-12-08 13:31:32,586 [Listener at 127.0.0.1/44261] INFO  http.HttpServer2 (HttpServer2.java:addFilter(1006)) - Added filter static_user_filter (class=org.apache.hadoop.http.lib.StaticUserWebFilter$StaticUserFilter) to context hddsDatanode
2021-12-08 13:31:32,586 [Listener at 127.0.0.1/44261] INFO  http.HttpServer2 (HttpServer2.java:addFilter(1014)) - Added filter static_user_filter (class=org.apache.hadoop.http.lib.StaticUserWebFilter$StaticUserFilter) to context logs
2021-12-08 13:31:32,586 [Listener at 127.0.0.1/44261] INFO  http.HttpServer2 (HttpServer2.java:addFilter(1014)) - Added filter static_user_filter (class=org.apache.hadoop.http.lib.StaticUserWebFilter$StaticUserFilter) to context static
2021-12-08 13:31:32,586 [Listener at 127.0.0.1/44261] INFO  http.HttpServer2 (HttpServer2.java:bindListener(1249)) - Jetty bound to port 35461
2021-12-08 13:31:32,586 [Listener at 127.0.0.1/44261] INFO  server.Server (Server.java:doStart(375)) - jetty-9.4.43.v20210629; built: 2021-06-30T11:07:22.254Z; git: 526006ecfa3af7f1a27ef3a288e2bef7ea9dd7e8; jvm 1.8.0_292-b10
2021-12-08 13:31:32,588 [Listener at 127.0.0.1/44261] INFO  server.session (DefaultSessionIdManager.java:doStart(334)) - DefaultSessionIdManager workerName=node0
2021-12-08 13:31:32,589 [Listener at 127.0.0.1/44261] INFO  server.session (DefaultSessionIdManager.java:doStart(339)) - No SessionScavenger set, using defaults
2021-12-08 13:31:32,589 [Listener at 127.0.0.1/44261] INFO  server.session (HouseKeeper.java:startScavenging(132)) - node0 Scavenging every 600000ms
2021-12-08 13:31:32,590 [Listener at 127.0.0.1/44261] INFO  handler.ContextHandler (ContextHandler.java:doStart(915)) - Started o.e.j.s.ServletContextHandler@71139676{logs,/logs,file:///home/runner/work/ozone/ozone/hadoop-ozone/integration-test/target/log,AVAILABLE}
2021-12-08 13:31:32,590 [Listener at 127.0.0.1/44261] INFO  handler.ContextHandler (ContextHandler.java:doStart(915)) - Started o.e.j.s.ServletContextHandler@78ac66e2{static,/static,jar:file:/home/runner/.m2/repository/org/apache/ozone/hdds-container-service/1.3.0-SNAPSHOT/hdds-container-service-1.3.0-SNAPSHOT.jar!/webapps/static,AVAILABLE}
2021-12-08 13:31:32,638 [Listener at 127.0.0.1/44261] INFO  handler.ContextHandler (ContextHandler.java:doStart(915)) - Started o.e.j.w.WebAppContext@46646e38{hddsDatanode,/,file:///tmp/jetty-0_0_0_0-35461-hdds-container-service-1_3_0-SNAPSHOT_jar-_-any-5738367820278574553/webapp/,AVAILABLE}{jar:file:/home/runner/.m2/repository/org/apache/ozone/hdds-container-service/1.3.0-SNAPSHOT/hdds-container-service-1.3.0-SNAPSHOT.jar!/webapps/hddsDatanode}
2021-12-08 13:31:32,639 [Listener at 127.0.0.1/44261] INFO  server.AbstractConnector (AbstractConnector.java:doStart(331)) - Started ServerConnector@7c039615{HTTP/1.1, (http/1.1)}{0.0.0.0:35461}
2021-12-08 13:31:32,640 [Listener at 127.0.0.1/44261] INFO  server.Server (Server.java:doStart(415)) - Started @8135ms
2021-12-08 13:31:32,640 [Listener at 127.0.0.1/44261] WARN  impl.MetricsSystemImpl (MetricsSystemImpl.java:register(279)) - Sink prometheus already exists!
2021-12-08 13:31:32,641 [Listener at 127.0.0.1/44261] INFO  http.BaseHttpServer (BaseHttpServer.java:updateConnectorAddress(329)) - HTTP server of hddsDatanode listening at http://0.0.0.0:35461
2021-12-08 13:31:32,641 [Listener at 127.0.0.1/44261] WARN  impl.MetricRegistriesImpl (MetricRegistriesImpl.java:addReporterRegistration(111)) - New reporters are added after registries were created. Some metrics will be missing from the reporter. Please add reporter before adding any new registry.
2021-12-08 13:31:32,641 [Listener at 127.0.0.1/44261] WARN  impl.MetricRegistriesImpl (MetricRegistriesImpl.java:addReporterRegistration(111)) - New reporters are added after registries were created. Some metrics will be missing from the reporter. Please add reporter before adding any new registry.
2021-12-08 13:31:32,641 [Listener at 127.0.0.1/44261] INFO  impl.MetricsSystemImpl (MetricsSystemImpl.java:init(158)) - HddsDatanode metrics system started (again)
2021-12-08 13:31:32,648 [Datanode State Machine Daemon Thread] INFO  statemachine.DatanodeStateMachine (DatanodeStateMachine.java:lambda$startDaemon$0(467)) - Ozone container server started.
2021-12-08 13:31:32,669 [org.apache.hadoop.util.JvmPauseMonitor$Monitor@7a9d3a5] INFO  util.JvmPauseMonitor (JvmPauseMonitor.java:run(188)) - Starting JVM pause monitor
2021-12-08 13:31:32,677 [Datanode State Machine Task Thread - 0] INFO  datanode.InitDatanodeState (InitDatanodeState.java:persistContainerDatanodeDetails(145)) - DatanodeDetails is persisted to /home/runner/work/ozone/ozone/hadoop-ozone/integration-test/target/test-dir/MiniOzoneClusterImpl-c8c699bf-5dad-4457-9252-d1686169726e/datanode-3/meta/datanode.id
2021-12-08 13:31:32,682 [Listener at 127.0.0.1/44261] INFO  ozone.HddsDatanodeService (HddsDatanodeService.java:start(234)) - HddsDatanodeService host:fv-az148-92.bm4ck3pvxvsene1rjriu5fhcdb.bx.internal.cloudapp.net ip:10.1.0.52
2021-12-08 13:31:32,704 [Listener at 127.0.0.1/44261] INFO  upgrade.AbstractLayoutVersionManager (AbstractLayoutVersionManager.java:init(79)) - Initializing Layout version manager with metadata layout = SCM_HA (version = 2), software layout = SCM_HA (version = 2)
2021-12-08 13:31:32,750 [Listener at 127.0.0.1/44261] INFO  reflections.Reflections (Reflections.java:scan(232)) - Reflections took 43 ms to scan 7 urls, producing 119 keys and 279 values 
2021-12-08 13:31:32,751 [Listener at 127.0.0.1/44261] INFO  statemachine.DatanodeStateMachine (DatanodeStateMachine.java:getEndPointTaskThreadPoolSize(219)) - Datanode State Machine Task Thread Pool size 2
2021-12-08 13:31:32,758 [Listener at 127.0.0.1/44261] INFO  volume.HddsVolume (HddsVolume.java:<init>(120)) - Creating HddsVolume: /home/runner/work/ozone/ozone/hadoop-ozone/integration-test/target/test-dir/MiniOzoneClusterImpl-c8c699bf-5dad-4457-9252-d1686169726e/datanode-4/data-0/containers/hdds of storage type : DISK capacity : 9223372036854775807
2021-12-08 13:31:32,759 [Listener at 127.0.0.1/44261] INFO  volume.MutableVolumeSet (MutableVolumeSet.java:initializeVolumeSet(168)) - Added Volume : /home/runner/work/ozone/ozone/hadoop-ozone/integration-test/target/test-dir/MiniOzoneClusterImpl-c8c699bf-5dad-4457-9252-d1686169726e/datanode-4/data-0/containers/hdds to VolumeSet
2021-12-08 13:31:32,759 [Listener at 127.0.0.1/44261] INFO  volume.ThrottledAsyncChecker (ThrottledAsyncChecker.java:schedule(141)) - Scheduling a check for /home/runner/work/ozone/ozone/hadoop-ozone/integration-test/target/test-dir/MiniOzoneClusterImpl-c8c699bf-5dad-4457-9252-d1686169726e/datanode-4/data-0/containers/hdds
2021-12-08 13:31:32,763 [Listener at 127.0.0.1/44261] INFO  volume.StorageVolumeChecker (StorageVolumeChecker.java:checkAllVolumes(202)) - Scheduled health check for volume /home/runner/work/ozone/ozone/hadoop-ozone/integration-test/target/test-dir/MiniOzoneClusterImpl-c8c699bf-5dad-4457-9252-d1686169726e/datanode-4/data-0/containers/hdds
2021-12-08 13:31:32,783 [Listener at 127.0.0.1/44261] INFO  volume.MutableVolumeSet (MutableVolumeSet.java:initializeVolumeSet(168)) - Added Volume : /home/runner/work/ozone/ozone/hadoop-ozone/integration-test/target/test-dir/MiniOzoneClusterImpl-c8c699bf-5dad-4457-9252-d1686169726e/datanode-4/data/ratis to VolumeSet
2021-12-08 13:31:32,783 [Listener at 127.0.0.1/44261] INFO  volume.ThrottledAsyncChecker (ThrottledAsyncChecker.java:schedule(141)) - Scheduling a check for /home/runner/work/ozone/ozone/hadoop-ozone/integration-test/target/test-dir/MiniOzoneClusterImpl-c8c699bf-5dad-4457-9252-d1686169726e/datanode-4/data/ratis
2021-12-08 13:31:32,784 [Listener at 127.0.0.1/44261] INFO  volume.StorageVolumeChecker (StorageVolumeChecker.java:checkAllVolumes(202)) - Scheduled health check for volume /home/runner/work/ozone/ozone/hadoop-ozone/integration-test/target/test-dir/MiniOzoneClusterImpl-c8c699bf-5dad-4457-9252-d1686169726e/datanode-4/data/ratis
2021-12-08 13:31:32,797 [Thread-179] INFO  ozoneimpl.ContainerReader (ContainerReader.java:readVolume(172)) - Finish verifying containers on volume /home/runner/work/ozone/ozone/hadoop-ozone/integration-test/target/test-dir/MiniOzoneClusterImpl-c8c699bf-5dad-4457-9252-d1686169726e/datanode-4/data-0/containers/hdds
2021-12-08 13:31:32,797 [Listener at 127.0.0.1/44261] INFO  ozoneimpl.OzoneContainer (OzoneContainer.java:buildContainerSet(236)) - Build ContainerSet costs 0s
2021-12-08 13:31:32,801 [Listener at 127.0.0.1/44261] INFO  server.RaftServer (ConfUtils.java:logGet(44)) - raft.rpc.type = GRPC (default)
2021-12-08 13:31:32,802 [Listener at 127.0.0.1/44261] INFO  grpc.GrpcFactory (GrpcFactory.java:checkPooledByteBufAllocatorUseCacheForAllThreads(48)) - PERFORMANCE WARNING: useCacheForAllThreads is true that may cause Netty to create a lot garbage objects and, as a result, trigger GC.
	It is recommended to disable useCacheForAllThreads by setting -Dorg.apache.ratis.thirdparty.io.netty.allocator.useCacheForAllThreads=false in command line.
2021-12-08 13:31:32,802 [Listener at 127.0.0.1/44261] INFO  grpc.GrpcConfigKeys (ConfUtils.java:logGet(44)) - raft.grpc.admin.port = 0 (custom)
2021-12-08 13:31:32,802 [Listener at 127.0.0.1/44261] INFO  grpc.GrpcConfigKeys (ConfUtils.java:logGet(44)) - raft.grpc.client.port = 0 (custom)
2021-12-08 13:31:32,802 [Listener at 127.0.0.1/44261] INFO  grpc.GrpcConfigKeys (ConfUtils.java:logGet(44)) - raft.grpc.server.port = 0 (default)
2021-12-08 13:31:32,802 [Listener at 127.0.0.1/44261] INFO  server.GrpcService (ConfUtils.java:logGet(44)) - raft.grpc.message.size.max = 32MB (=33554432) (custom)
2021-12-08 13:31:32,803 [Listener at 127.0.0.1/44261] INFO  server.RaftServerConfigKeys (ConfUtils.java:logGet(44)) - raft.server.log.appender.buffer.byte-limit = 33554432 (custom)
2021-12-08 13:31:32,803 [Listener at 127.0.0.1/44261] INFO  server.GrpcService (ConfUtils.java:logGet(44)) - raft.grpc.flow.control.window = 5MB (=5242880) (custom)
2021-12-08 13:31:32,803 [Listener at 127.0.0.1/44261] INFO  server.RaftServerConfigKeys (ConfUtils.java:logGet(44)) - raft.server.rpc.request.timeout = 3000ms (default)
2021-12-08 13:31:32,804 [Listener at 127.0.0.1/44261] INFO  impl.DataStreamServerImpl (ConfUtils.java:logGet(44)) - raft.datastream.type = DISABLED (default)
2021-12-08 13:31:32,804 [Listener at 127.0.0.1/44261] INFO  server.RaftServerConfigKeys (ConfUtils.java:logGet(44)) - raft.server.rpc.slowness.timeout = 300000ms (custom)
2021-12-08 13:31:32,804 [Listener at 127.0.0.1/44261] INFO  server.RaftServerConfigKeys (ConfUtils.java:logGet(44)) - raft.server.leaderelection.leader.step-down.wait-time = 10s (default)
2021-12-08 13:31:32,805 [Listener at 127.0.0.1/44261] INFO  server.RaftServerConfigKeys (ConfUtils.java:logGet(44)) - raft.server.storage.dir = [/home/runner/work/ozone/ozone/hadoop-ozone/integration-test/target/test-dir/MiniOzoneClusterImpl-c8c699bf-5dad-4457-9252-d1686169726e/datanode-4/data/ratis] (custom)
2021-12-08 13:31:32,806 [Listener at 127.0.0.1/44261] INFO  server.XceiverServerGrpc (XceiverServerGrpc.java:<init>(132)) - GrpcServer channel type EpollServerSocketChannel
2021-12-08 13:31:32,809 [Listener at 127.0.0.1/44261] INFO  http.BaseHttpServer (BaseHttpServer.java:newHttpServer2BuilderForOzone(209)) - Starting Web-server for hddsDatanode at: http://0.0.0.0:0
2021-12-08 13:31:32,809 [Listener at 127.0.0.1/44261] INFO  http.BaseHttpServer (BaseHttpServer.java:<init>(107)) - Hadoop Security Enabled: false Ozone Security Enabled: false Ozone HTTP Security Enabled: false 
2021-12-08 13:31:32,810 [Listener at 127.0.0.1/44261] INFO  server.AuthenticationFilter (AuthenticationFilter.java:constructSecretProvider(240)) - Unable to initialize FileSignerSecretProvider, falling back to use random secrets.
2021-12-08 13:31:32,811 [Listener at 127.0.0.1/44261] WARN  http.HttpRequestLog (HttpRequestLog.java:getRequestLog(103)) - Jetty request log can only be enabled using Log4j
2021-12-08 13:31:32,812 [Listener at 127.0.0.1/44261] INFO  http.HttpServer2 (HttpServer2.java:addGlobalFilter(1030)) - Added global filter 'safety' (class=org.apache.hadoop.hdds.server.http.HttpServer2$QuotingInputFilter)
2021-12-08 13:31:32,813 [Listener at 127.0.0.1/44261] INFO  http.HttpServer2 (HttpServer2.java:addFilter(1006)) - Added filter static_user_filter (class=org.apache.hadoop.http.lib.StaticUserWebFilter$StaticUserFilter) to context hddsDatanode
2021-12-08 13:31:32,813 [Listener at 127.0.0.1/44261] INFO  http.HttpServer2 (HttpServer2.java:addFilter(1014)) - Added filter static_user_filter (class=org.apache.hadoop.http.lib.StaticUserWebFilter$StaticUserFilter) to context logs
2021-12-08 13:31:32,813 [Listener at 127.0.0.1/44261] INFO  http.HttpServer2 (HttpServer2.java:addFilter(1014)) - Added filter static_user_filter (class=org.apache.hadoop.http.lib.StaticUserWebFilter$StaticUserFilter) to context static
2021-12-08 13:31:32,813 [Listener at 127.0.0.1/44261] INFO  http.HttpServer2 (HttpServer2.java:bindListener(1249)) - Jetty bound to port 38503
2021-12-08 13:31:32,814 [Listener at 127.0.0.1/44261] INFO  server.Server (Server.java:doStart(375)) - jetty-9.4.43.v20210629; built: 2021-06-30T11:07:22.254Z; git: 526006ecfa3af7f1a27ef3a288e2bef7ea9dd7e8; jvm 1.8.0_292-b10
2021-12-08 13:31:32,816 [Listener at 127.0.0.1/44261] INFO  server.session (DefaultSessionIdManager.java:doStart(334)) - DefaultSessionIdManager workerName=node0
2021-12-08 13:31:32,816 [Listener at 127.0.0.1/44261] INFO  server.session (DefaultSessionIdManager.java:doStart(339)) - No SessionScavenger set, using defaults
2021-12-08 13:31:32,817 [Listener at 127.0.0.1/44261] INFO  server.session (HouseKeeper.java:startScavenging(132)) - node0 Scavenging every 660000ms
2021-12-08 13:31:32,817 [Listener at 127.0.0.1/44261] INFO  handler.ContextHandler (ContextHandler.java:doStart(915)) - Started o.e.j.s.ServletContextHandler@1bf596f8{logs,/logs,file:///home/runner/work/ozone/ozone/hadoop-ozone/integration-test/target/log,AVAILABLE}
2021-12-08 13:31:32,818 [Listener at 127.0.0.1/44261] INFO  handler.ContextHandler (ContextHandler.java:doStart(915)) - Started o.e.j.s.ServletContextHandler@1267348a{static,/static,jar:file:/home/runner/.m2/repository/org/apache/ozone/hdds-container-service/1.3.0-SNAPSHOT/hdds-container-service-1.3.0-SNAPSHOT.jar!/webapps/static,AVAILABLE}
2021-12-08 13:31:32,864 [Listener at 127.0.0.1/44261] INFO  handler.ContextHandler (ContextHandler.java:doStart(915)) - Started o.e.j.w.WebAppContext@2e3e587{hddsDatanode,/,file:///tmp/jetty-0_0_0_0-38503-hdds-container-service-1_3_0-SNAPSHOT_jar-_-any-9138150386093017310/webapp/,AVAILABLE}{jar:file:/home/runner/.m2/repository/org/apache/ozone/hdds-container-service/1.3.0-SNAPSHOT/hdds-container-service-1.3.0-SNAPSHOT.jar!/webapps/hddsDatanode}
2021-12-08 13:31:32,865 [Listener at 127.0.0.1/44261] INFO  server.AbstractConnector (AbstractConnector.java:doStart(331)) - Started ServerConnector@7fac91fb{HTTP/1.1, (http/1.1)}{0.0.0.0:38503}
2021-12-08 13:31:32,866 [Listener at 127.0.0.1/44261] INFO  server.Server (Server.java:doStart(415)) - Started @8361ms
2021-12-08 13:31:32,866 [Listener at 127.0.0.1/44261] WARN  impl.MetricsSystemImpl (MetricsSystemImpl.java:register(279)) - Sink prometheus already exists!
2021-12-08 13:31:32,885 [Listener at 127.0.0.1/44261] INFO  http.BaseHttpServer (BaseHttpServer.java:updateConnectorAddress(329)) - HTTP server of hddsDatanode listening at http://0.0.0.0:38503
2021-12-08 13:31:32,886 [Datanode State Machine Daemon Thread] INFO  statemachine.DatanodeStateMachine (DatanodeStateMachine.java:lambda$startDaemon$0(467)) - Ozone container server started.
2021-12-08 13:31:32,887 [Listener at 127.0.0.1/44261] WARN  impl.MetricRegistriesImpl (MetricRegistriesImpl.java:addReporterRegistration(111)) - New reporters are added after registries were created. Some metrics will be missing from the reporter. Please add reporter before adding any new registry.
2021-12-08 13:31:32,887 [Listener at 127.0.0.1/44261] WARN  impl.MetricRegistriesImpl (MetricRegistriesImpl.java:addReporterRegistration(111)) - New reporters are added after registries were created. Some metrics will be missing from the reporter. Please add reporter before adding any new registry.
2021-12-08 13:31:32,887 [Listener at 127.0.0.1/44261] INFO  impl.MetricsSystemImpl (MetricsSystemImpl.java:init(158)) - HddsDatanode metrics system started (again)
2021-12-08 13:31:32,889 [org.apache.hadoop.util.JvmPauseMonitor$Monitor@3f5e36be] INFO  util.JvmPauseMonitor (JvmPauseMonitor.java:run(188)) - Starting JVM pause monitor
2021-12-08 13:31:32,902 [Datanode State Machine Task Thread - 0] INFO  datanode.InitDatanodeState (InitDatanodeState.java:persistContainerDatanodeDetails(145)) - DatanodeDetails is persisted to /home/runner/work/ozone/ozone/hadoop-ozone/integration-test/target/test-dir/MiniOzoneClusterImpl-c8c699bf-5dad-4457-9252-d1686169726e/datanode-4/meta/datanode.id
2021-12-08 13:31:32,903 [Listener at 127.0.0.1/44261] INFO  ozone.HddsDatanodeService (HddsDatanodeService.java:start(234)) - HddsDatanodeService host:fv-az148-92.bm4ck3pvxvsene1rjriu5fhcdb.bx.internal.cloudapp.net ip:10.1.0.52
2021-12-08 13:31:32,928 [Listener at 127.0.0.1/44261] INFO  upgrade.AbstractLayoutVersionManager (AbstractLayoutVersionManager.java:init(79)) - Initializing Layout version manager with metadata layout = SCM_HA (version = 2), software layout = SCM_HA (version = 2)
2021-12-08 13:31:32,984 [Listener at 127.0.0.1/44261] INFO  reflections.Reflections (Reflections.java:scan(232)) - Reflections took 54 ms to scan 7 urls, producing 119 keys and 279 values 
2021-12-08 13:31:32,985 [Listener at 127.0.0.1/44261] INFO  statemachine.DatanodeStateMachine (DatanodeStateMachine.java:getEndPointTaskThreadPoolSize(219)) - Datanode State Machine Task Thread Pool size 2
2021-12-08 13:31:32,987 [Listener at 127.0.0.1/44261] INFO  volume.HddsVolume (HddsVolume.java:<init>(120)) - Creating HddsVolume: /home/runner/work/ozone/ozone/hadoop-ozone/integration-test/target/test-dir/MiniOzoneClusterImpl-c8c699bf-5dad-4457-9252-d1686169726e/datanode-5/data-0/containers/hdds of storage type : DISK capacity : 9223372036854775807
2021-12-08 13:31:32,988 [Listener at 127.0.0.1/44261] INFO  volume.MutableVolumeSet (MutableVolumeSet.java:initializeVolumeSet(168)) - Added Volume : /home/runner/work/ozone/ozone/hadoop-ozone/integration-test/target/test-dir/MiniOzoneClusterImpl-c8c699bf-5dad-4457-9252-d1686169726e/datanode-5/data-0/containers/hdds to VolumeSet
2021-12-08 13:31:32,988 [Listener at 127.0.0.1/44261] INFO  volume.ThrottledAsyncChecker (ThrottledAsyncChecker.java:schedule(141)) - Scheduling a check for /home/runner/work/ozone/ozone/hadoop-ozone/integration-test/target/test-dir/MiniOzoneClusterImpl-c8c699bf-5dad-4457-9252-d1686169726e/datanode-5/data-0/containers/hdds
2021-12-08 13:31:32,988 [Listener at 127.0.0.1/44261] INFO  volume.StorageVolumeChecker (StorageVolumeChecker.java:checkAllVolumes(202)) - Scheduled health check for volume /home/runner/work/ozone/ozone/hadoop-ozone/integration-test/target/test-dir/MiniOzoneClusterImpl-c8c699bf-5dad-4457-9252-d1686169726e/datanode-5/data-0/containers/hdds
2021-12-08 13:31:33,003 [Listener at 127.0.0.1/44261] INFO  volume.MutableVolumeSet (MutableVolumeSet.java:initializeVolumeSet(168)) - Added Volume : /home/runner/work/ozone/ozone/hadoop-ozone/integration-test/target/test-dir/MiniOzoneClusterImpl-c8c699bf-5dad-4457-9252-d1686169726e/datanode-5/data/ratis to VolumeSet
2021-12-08 13:31:33,003 [Listener at 127.0.0.1/44261] INFO  volume.ThrottledAsyncChecker (ThrottledAsyncChecker.java:schedule(141)) - Scheduling a check for /home/runner/work/ozone/ozone/hadoop-ozone/integration-test/target/test-dir/MiniOzoneClusterImpl-c8c699bf-5dad-4457-9252-d1686169726e/datanode-5/data/ratis
2021-12-08 13:31:33,004 [Listener at 127.0.0.1/44261] INFO  volume.StorageVolumeChecker (StorageVolumeChecker.java:checkAllVolumes(202)) - Scheduled health check for volume /home/runner/work/ozone/ozone/hadoop-ozone/integration-test/target/test-dir/MiniOzoneClusterImpl-c8c699bf-5dad-4457-9252-d1686169726e/datanode-5/data/ratis
2021-12-08 13:31:33,018 [Thread-191] INFO  ozoneimpl.ContainerReader (ContainerReader.java:readVolume(172)) - Finish verifying containers on volume /home/runner/work/ozone/ozone/hadoop-ozone/integration-test/target/test-dir/MiniOzoneClusterImpl-c8c699bf-5dad-4457-9252-d1686169726e/datanode-5/data-0/containers/hdds
2021-12-08 13:31:33,018 [Listener at 127.0.0.1/44261] INFO  ozoneimpl.OzoneContainer (OzoneContainer.java:buildContainerSet(236)) - Build ContainerSet costs 0s
2021-12-08 13:31:33,021 [Listener at 127.0.0.1/44261] INFO  server.RaftServer (ConfUtils.java:logGet(44)) - raft.rpc.type = GRPC (default)
2021-12-08 13:31:33,021 [Listener at 127.0.0.1/44261] INFO  grpc.GrpcFactory (GrpcFactory.java:checkPooledByteBufAllocatorUseCacheForAllThreads(48)) - PERFORMANCE WARNING: useCacheForAllThreads is true that may cause Netty to create a lot garbage objects and, as a result, trigger GC.
	It is recommended to disable useCacheForAllThreads by setting -Dorg.apache.ratis.thirdparty.io.netty.allocator.useCacheForAllThreads=false in command line.
2021-12-08 13:31:33,021 [Listener at 127.0.0.1/44261] INFO  grpc.GrpcConfigKeys (ConfUtils.java:logGet(44)) - raft.grpc.admin.port = 0 (custom)
2021-12-08 13:31:33,021 [Listener at 127.0.0.1/44261] INFO  grpc.GrpcConfigKeys (ConfUtils.java:logGet(44)) - raft.grpc.client.port = 0 (custom)
2021-12-08 13:31:33,021 [Listener at 127.0.0.1/44261] INFO  grpc.GrpcConfigKeys (ConfUtils.java:logGet(44)) - raft.grpc.server.port = 0 (default)
2021-12-08 13:31:33,022 [Listener at 127.0.0.1/44261] INFO  server.GrpcService (ConfUtils.java:logGet(44)) - raft.grpc.message.size.max = 32MB (=33554432) (custom)
2021-12-08 13:31:33,022 [Listener at 127.0.0.1/44261] INFO  server.RaftServerConfigKeys (ConfUtils.java:logGet(44)) - raft.server.log.appender.buffer.byte-limit = 33554432 (custom)
2021-12-08 13:31:33,022 [Listener at 127.0.0.1/44261] INFO  server.GrpcService (ConfUtils.java:logGet(44)) - raft.grpc.flow.control.window = 5MB (=5242880) (custom)
2021-12-08 13:31:33,022 [Listener at 127.0.0.1/44261] INFO  server.RaftServerConfigKeys (ConfUtils.java:logGet(44)) - raft.server.rpc.request.timeout = 3000ms (default)
2021-12-08 13:31:33,023 [Listener at 127.0.0.1/44261] INFO  impl.DataStreamServerImpl (ConfUtils.java:logGet(44)) - raft.datastream.type = DISABLED (default)
2021-12-08 13:31:33,023 [Listener at 127.0.0.1/44261] INFO  server.RaftServerConfigKeys (ConfUtils.java:logGet(44)) - raft.server.rpc.slowness.timeout = 300000ms (custom)
2021-12-08 13:31:33,023 [Listener at 127.0.0.1/44261] INFO  server.RaftServerConfigKeys (ConfUtils.java:logGet(44)) - raft.server.leaderelection.leader.step-down.wait-time = 10s (default)
2021-12-08 13:31:33,024 [Listener at 127.0.0.1/44261] INFO  server.RaftServerConfigKeys (ConfUtils.java:logGet(44)) - raft.server.storage.dir = [/home/runner/work/ozone/ozone/hadoop-ozone/integration-test/target/test-dir/MiniOzoneClusterImpl-c8c699bf-5dad-4457-9252-d1686169726e/datanode-5/data/ratis] (custom)
2021-12-08 13:31:33,025 [Listener at 127.0.0.1/44261] INFO  server.XceiverServerGrpc (XceiverServerGrpc.java:<init>(132)) - GrpcServer channel type EpollServerSocketChannel
2021-12-08 13:31:33,030 [Listener at 127.0.0.1/44261] INFO  http.BaseHttpServer (BaseHttpServer.java:newHttpServer2BuilderForOzone(209)) - Starting Web-server for hddsDatanode at: http://0.0.0.0:0
2021-12-08 13:31:33,030 [Listener at 127.0.0.1/44261] INFO  http.BaseHttpServer (BaseHttpServer.java:<init>(107)) - Hadoop Security Enabled: false Ozone Security Enabled: false Ozone HTTP Security Enabled: false 
2021-12-08 13:31:33,032 [Listener at 127.0.0.1/44261] INFO  server.AuthenticationFilter (AuthenticationFilter.java:constructSecretProvider(240)) - Unable to initialize FileSignerSecretProvider, falling back to use random secrets.
2021-12-08 13:31:33,032 [Listener at 127.0.0.1/44261] WARN  http.HttpRequestLog (HttpRequestLog.java:getRequestLog(103)) - Jetty request log can only be enabled using Log4j
2021-12-08 13:31:33,033 [Listener at 127.0.0.1/44261] INFO  http.HttpServer2 (HttpServer2.java:addGlobalFilter(1030)) - Added global filter 'safety' (class=org.apache.hadoop.hdds.server.http.HttpServer2$QuotingInputFilter)
2021-12-08 13:31:33,034 [Listener at 127.0.0.1/44261] INFO  http.HttpServer2 (HttpServer2.java:addFilter(1006)) - Added filter static_user_filter (class=org.apache.hadoop.http.lib.StaticUserWebFilter$StaticUserFilter) to context hddsDatanode
2021-12-08 13:31:33,034 [Listener at 127.0.0.1/44261] INFO  http.HttpServer2 (HttpServer2.java:addFilter(1014)) - Added filter static_user_filter (class=org.apache.hadoop.http.lib.StaticUserWebFilter$StaticUserFilter) to context logs
2021-12-08 13:31:33,034 [Listener at 127.0.0.1/44261] INFO  http.HttpServer2 (HttpServer2.java:addFilter(1014)) - Added filter static_user_filter (class=org.apache.hadoop.http.lib.StaticUserWebFilter$StaticUserFilter) to context static
2021-12-08 13:31:33,035 [Listener at 127.0.0.1/44261] INFO  http.HttpServer2 (HttpServer2.java:bindListener(1249)) - Jetty bound to port 43779
2021-12-08 13:31:33,035 [Listener at 127.0.0.1/44261] INFO  server.Server (Server.java:doStart(375)) - jetty-9.4.43.v20210629; built: 2021-06-30T11:07:22.254Z; git: 526006ecfa3af7f1a27ef3a288e2bef7ea9dd7e8; jvm 1.8.0_292-b10
2021-12-08 13:31:33,041 [Listener at 127.0.0.1/44261] INFO  server.session (DefaultSessionIdManager.java:doStart(334)) - DefaultSessionIdManager workerName=node0
2021-12-08 13:31:33,041 [Listener at 127.0.0.1/44261] INFO  server.session (DefaultSessionIdManager.java:doStart(339)) - No SessionScavenger set, using defaults
2021-12-08 13:31:33,042 [Listener at 127.0.0.1/44261] INFO  server.session (HouseKeeper.java:startScavenging(132)) - node0 Scavenging every 660000ms
2021-12-08 13:31:33,042 [Listener at 127.0.0.1/44261] INFO  handler.ContextHandler (ContextHandler.java:doStart(915)) - Started o.e.j.s.ServletContextHandler@1b6c7e3c{logs,/logs,file:///home/runner/work/ozone/ozone/hadoop-ozone/integration-test/target/log,AVAILABLE}
2021-12-08 13:31:33,043 [Listener at 127.0.0.1/44261] INFO  handler.ContextHandler (ContextHandler.java:doStart(915)) - Started o.e.j.s.ServletContextHandler@64c94e8c{static,/static,jar:file:/home/runner/.m2/repository/org/apache/ozone/hdds-container-service/1.3.0-SNAPSHOT/hdds-container-service-1.3.0-SNAPSHOT.jar!/webapps/static,AVAILABLE}
2021-12-08 13:31:33,090 [Listener at 127.0.0.1/44261] INFO  handler.ContextHandler (ContextHandler.java:doStart(915)) - Started o.e.j.w.WebAppContext@5492b0d3{hddsDatanode,/,file:///tmp/jetty-0_0_0_0-43779-hdds-container-service-1_3_0-SNAPSHOT_jar-_-any-6066850187186650347/webapp/,AVAILABLE}{jar:file:/home/runner/.m2/repository/org/apache/ozone/hdds-container-service/1.3.0-SNAPSHOT/hdds-container-service-1.3.0-SNAPSHOT.jar!/webapps/hddsDatanode}
2021-12-08 13:31:33,092 [Listener at 127.0.0.1/44261] INFO  server.AbstractConnector (AbstractConnector.java:doStart(331)) - Started ServerConnector@98e2a07{HTTP/1.1, (http/1.1)}{0.0.0.0:43779}
2021-12-08 13:31:33,092 [Listener at 127.0.0.1/44261] INFO  server.Server (Server.java:doStart(415)) - Started @8587ms
2021-12-08 13:31:33,092 [Listener at 127.0.0.1/44261] WARN  impl.MetricsSystemImpl (MetricsSystemImpl.java:register(279)) - Sink prometheus already exists!
2021-12-08 13:31:33,093 [Listener at 127.0.0.1/44261] INFO  http.BaseHttpServer (BaseHttpServer.java:updateConnectorAddress(329)) - HTTP server of hddsDatanode listening at http://0.0.0.0:43779
2021-12-08 13:31:33,095 [Datanode State Machine Daemon Thread] INFO  statemachine.DatanodeStateMachine (DatanodeStateMachine.java:lambda$startDaemon$0(467)) - Ozone container server started.
2021-12-08 13:31:33,095 [Listener at 127.0.0.1/44261] WARN  impl.MetricRegistriesImpl (MetricRegistriesImpl.java:addReporterRegistration(111)) - New reporters are added after registries were created. Some metrics will be missing from the reporter. Please add reporter before adding any new registry.
2021-12-08 13:31:33,106 [Listener at 127.0.0.1/44261] WARN  impl.MetricRegistriesImpl (MetricRegistriesImpl.java:addReporterRegistration(111)) - New reporters are added after registries were created. Some metrics will be missing from the reporter. Please add reporter before adding any new registry.
2021-12-08 13:31:33,106 [Listener at 127.0.0.1/44261] INFO  impl.MetricsSystemImpl (MetricsSystemImpl.java:init(158)) - HddsDatanode metrics system started (again)
2021-12-08 13:31:33,111 [org.apache.hadoop.util.JvmPauseMonitor$Monitor@7b7b6cf] INFO  util.JvmPauseMonitor (JvmPauseMonitor.java:run(188)) - Starting JVM pause monitor
2021-12-08 13:31:33,121 [Datanode State Machine Task Thread - 0] INFO  datanode.InitDatanodeState (InitDatanodeState.java:persistContainerDatanodeDetails(145)) - DatanodeDetails is persisted to /home/runner/work/ozone/ozone/hadoop-ozone/integration-test/target/test-dir/MiniOzoneClusterImpl-c8c699bf-5dad-4457-9252-d1686169726e/datanode-5/meta/datanode.id
2021-12-08 13:31:33,123 [Listener at 127.0.0.1/44261] INFO  ozone.HddsDatanodeService (HddsDatanodeService.java:start(234)) - HddsDatanodeService host:fv-az148-92.bm4ck3pvxvsene1rjriu5fhcdb.bx.internal.cloudapp.net ip:10.1.0.52
2021-12-08 13:31:33,153 [Listener at 127.0.0.1/44261] INFO  upgrade.AbstractLayoutVersionManager (AbstractLayoutVersionManager.java:init(79)) - Initializing Layout version manager with metadata layout = SCM_HA (version = 2), software layout = SCM_HA (version = 2)
2021-12-08 13:31:33,197 [Listener at 127.0.0.1/44261] INFO  reflections.Reflections (Reflections.java:scan(232)) - Reflections took 40 ms to scan 7 urls, producing 119 keys and 279 values 
2021-12-08 13:31:33,198 [Listener at 127.0.0.1/44261] INFO  statemachine.DatanodeStateMachine (DatanodeStateMachine.java:getEndPointTaskThreadPoolSize(219)) - Datanode State Machine Task Thread Pool size 2
2021-12-08 13:31:33,201 [Listener at 127.0.0.1/44261] INFO  volume.HddsVolume (HddsVolume.java:<init>(120)) - Creating HddsVolume: /home/runner/work/ozone/ozone/hadoop-ozone/integration-test/target/test-dir/MiniOzoneClusterImpl-c8c699bf-5dad-4457-9252-d1686169726e/datanode-6/data-0/containers/hdds of storage type : DISK capacity : 9223372036854775807
2021-12-08 13:31:33,202 [Listener at 127.0.0.1/44261] INFO  volume.MutableVolumeSet (MutableVolumeSet.java:initializeVolumeSet(168)) - Added Volume : /home/runner/work/ozone/ozone/hadoop-ozone/integration-test/target/test-dir/MiniOzoneClusterImpl-c8c699bf-5dad-4457-9252-d1686169726e/datanode-6/data-0/containers/hdds to VolumeSet
2021-12-08 13:31:33,202 [Listener at 127.0.0.1/44261] INFO  volume.ThrottledAsyncChecker (ThrottledAsyncChecker.java:schedule(141)) - Scheduling a check for /home/runner/work/ozone/ozone/hadoop-ozone/integration-test/target/test-dir/MiniOzoneClusterImpl-c8c699bf-5dad-4457-9252-d1686169726e/datanode-6/data-0/containers/hdds
2021-12-08 13:31:33,208 [Listener at 127.0.0.1/44261] INFO  volume.StorageVolumeChecker (StorageVolumeChecker.java:checkAllVolumes(202)) - Scheduled health check for volume /home/runner/work/ozone/ozone/hadoop-ozone/integration-test/target/test-dir/MiniOzoneClusterImpl-c8c699bf-5dad-4457-9252-d1686169726e/datanode-6/data-0/containers/hdds
2021-12-08 13:31:33,223 [Listener at 127.0.0.1/44261] INFO  volume.MutableVolumeSet (MutableVolumeSet.java:initializeVolumeSet(168)) - Added Volume : /home/runner/work/ozone/ozone/hadoop-ozone/integration-test/target/test-dir/MiniOzoneClusterImpl-c8c699bf-5dad-4457-9252-d1686169726e/datanode-6/data/ratis to VolumeSet
2021-12-08 13:31:33,224 [Listener at 127.0.0.1/44261] INFO  volume.ThrottledAsyncChecker (ThrottledAsyncChecker.java:schedule(141)) - Scheduling a check for /home/runner/work/ozone/ozone/hadoop-ozone/integration-test/target/test-dir/MiniOzoneClusterImpl-c8c699bf-5dad-4457-9252-d1686169726e/datanode-6/data/ratis
2021-12-08 13:31:33,224 [Listener at 127.0.0.1/44261] INFO  volume.StorageVolumeChecker (StorageVolumeChecker.java:checkAllVolumes(202)) - Scheduled health check for volume /home/runner/work/ozone/ozone/hadoop-ozone/integration-test/target/test-dir/MiniOzoneClusterImpl-c8c699bf-5dad-4457-9252-d1686169726e/datanode-6/data/ratis
2021-12-08 13:31:33,238 [Thread-203] INFO  ozoneimpl.ContainerReader (ContainerReader.java:readVolume(172)) - Finish verifying containers on volume /home/runner/work/ozone/ozone/hadoop-ozone/integration-test/target/test-dir/MiniOzoneClusterImpl-c8c699bf-5dad-4457-9252-d1686169726e/datanode-6/data-0/containers/hdds
2021-12-08 13:31:33,238 [Listener at 127.0.0.1/44261] INFO  ozoneimpl.OzoneContainer (OzoneContainer.java:buildContainerSet(236)) - Build ContainerSet costs 0s
2021-12-08 13:31:33,241 [Listener at 127.0.0.1/44261] INFO  server.RaftServer (ConfUtils.java:logGet(44)) - raft.rpc.type = GRPC (default)
2021-12-08 13:31:33,241 [Listener at 127.0.0.1/44261] INFO  grpc.GrpcFactory (GrpcFactory.java:checkPooledByteBufAllocatorUseCacheForAllThreads(48)) - PERFORMANCE WARNING: useCacheForAllThreads is true that may cause Netty to create a lot garbage objects and, as a result, trigger GC.
	It is recommended to disable useCacheForAllThreads by setting -Dorg.apache.ratis.thirdparty.io.netty.allocator.useCacheForAllThreads=false in command line.
2021-12-08 13:31:33,241 [Listener at 127.0.0.1/44261] INFO  grpc.GrpcConfigKeys (ConfUtils.java:logGet(44)) - raft.grpc.admin.port = 0 (custom)
2021-12-08 13:31:33,242 [Listener at 127.0.0.1/44261] INFO  grpc.GrpcConfigKeys (ConfUtils.java:logGet(44)) - raft.grpc.client.port = 0 (custom)
2021-12-08 13:31:33,242 [Listener at 127.0.0.1/44261] INFO  grpc.GrpcConfigKeys (ConfUtils.java:logGet(44)) - raft.grpc.server.port = 0 (default)
2021-12-08 13:31:33,242 [Listener at 127.0.0.1/44261] INFO  server.GrpcService (ConfUtils.java:logGet(44)) - raft.grpc.message.size.max = 32MB (=33554432) (custom)
2021-12-08 13:31:33,242 [Listener at 127.0.0.1/44261] INFO  server.RaftServerConfigKeys (ConfUtils.java:logGet(44)) - raft.server.log.appender.buffer.byte-limit = 33554432 (custom)
2021-12-08 13:31:33,242 [Listener at 127.0.0.1/44261] INFO  server.GrpcService (ConfUtils.java:logGet(44)) - raft.grpc.flow.control.window = 5MB (=5242880) (custom)
2021-12-08 13:31:33,242 [Listener at 127.0.0.1/44261] INFO  server.RaftServerConfigKeys (ConfUtils.java:logGet(44)) - raft.server.rpc.request.timeout = 3000ms (default)
2021-12-08 13:31:33,243 [Listener at 127.0.0.1/44261] INFO  impl.DataStreamServerImpl (ConfUtils.java:logGet(44)) - raft.datastream.type = DISABLED (default)
2021-12-08 13:31:33,243 [Listener at 127.0.0.1/44261] INFO  server.RaftServerConfigKeys (ConfUtils.java:logGet(44)) - raft.server.rpc.slowness.timeout = 300000ms (custom)
2021-12-08 13:31:33,243 [Listener at 127.0.0.1/44261] INFO  server.RaftServerConfigKeys (ConfUtils.java:logGet(44)) - raft.server.leaderelection.leader.step-down.wait-time = 10s (default)
2021-12-08 13:31:33,244 [Listener at 127.0.0.1/44261] INFO  server.RaftServerConfigKeys (ConfUtils.java:logGet(44)) - raft.server.storage.dir = [/home/runner/work/ozone/ozone/hadoop-ozone/integration-test/target/test-dir/MiniOzoneClusterImpl-c8c699bf-5dad-4457-9252-d1686169726e/datanode-6/data/ratis] (custom)
2021-12-08 13:31:33,245 [Listener at 127.0.0.1/44261] INFO  server.XceiverServerGrpc (XceiverServerGrpc.java:<init>(132)) - GrpcServer channel type EpollServerSocketChannel
2021-12-08 13:31:33,247 [Listener at 127.0.0.1/44261] INFO  http.BaseHttpServer (BaseHttpServer.java:newHttpServer2BuilderForOzone(209)) - Starting Web-server for hddsDatanode at: http://0.0.0.0:0
2021-12-08 13:31:33,247 [Listener at 127.0.0.1/44261] INFO  http.BaseHttpServer (BaseHttpServer.java:<init>(107)) - Hadoop Security Enabled: false Ozone Security Enabled: false Ozone HTTP Security Enabled: false 
2021-12-08 13:31:33,249 [Listener at 127.0.0.1/44261] INFO  server.AuthenticationFilter (AuthenticationFilter.java:constructSecretProvider(240)) - Unable to initialize FileSignerSecretProvider, falling back to use random secrets.
2021-12-08 13:31:33,249 [Listener at 127.0.0.1/44261] WARN  http.HttpRequestLog (HttpRequestLog.java:getRequestLog(103)) - Jetty request log can only be enabled using Log4j
2021-12-08 13:31:33,250 [Listener at 127.0.0.1/44261] INFO  http.HttpServer2 (HttpServer2.java:addGlobalFilter(1030)) - Added global filter 'safety' (class=org.apache.hadoop.hdds.server.http.HttpServer2$QuotingInputFilter)
2021-12-08 13:31:33,251 [Listener at 127.0.0.1/44261] INFO  http.HttpServer2 (HttpServer2.java:addFilter(1006)) - Added filter static_user_filter (class=org.apache.hadoop.http.lib.StaticUserWebFilter$StaticUserFilter) to context hddsDatanode
2021-12-08 13:31:33,251 [Listener at 127.0.0.1/44261] INFO  http.HttpServer2 (HttpServer2.java:addFilter(1014)) - Added filter static_user_filter (class=org.apache.hadoop.http.lib.StaticUserWebFilter$StaticUserFilter) to context logs
2021-12-08 13:31:33,251 [Listener at 127.0.0.1/44261] INFO  http.HttpServer2 (HttpServer2.java:addFilter(1014)) - Added filter static_user_filter (class=org.apache.hadoop.http.lib.StaticUserWebFilter$StaticUserFilter) to context static
2021-12-08 13:31:33,252 [Listener at 127.0.0.1/44261] INFO  http.HttpServer2 (HttpServer2.java:bindListener(1249)) - Jetty bound to port 36503
2021-12-08 13:31:33,252 [Listener at 127.0.0.1/44261] INFO  server.Server (Server.java:doStart(375)) - jetty-9.4.43.v20210629; built: 2021-06-30T11:07:22.254Z; git: 526006ecfa3af7f1a27ef3a288e2bef7ea9dd7e8; jvm 1.8.0_292-b10
2021-12-08 13:31:33,253 [Listener at 127.0.0.1/44261] INFO  server.session (DefaultSessionIdManager.java:doStart(334)) - DefaultSessionIdManager workerName=node0
2021-12-08 13:31:33,253 [Listener at 127.0.0.1/44261] INFO  server.session (DefaultSessionIdManager.java:doStart(339)) - No SessionScavenger set, using defaults
2021-12-08 13:31:33,254 [Listener at 127.0.0.1/44261] INFO  server.session (HouseKeeper.java:startScavenging(132)) - node0 Scavenging every 660000ms
2021-12-08 13:31:33,254 [Listener at 127.0.0.1/44261] INFO  handler.ContextHandler (ContextHandler.java:doStart(915)) - Started o.e.j.s.ServletContextHandler@62dd8ce7{logs,/logs,file:///home/runner/work/ozone/ozone/hadoop-ozone/integration-test/target/log,AVAILABLE}
2021-12-08 13:31:33,255 [Listener at 127.0.0.1/44261] INFO  handler.ContextHandler (ContextHandler.java:doStart(915)) - Started o.e.j.s.ServletContextHandler@18d90d06{static,/static,jar:file:/home/runner/.m2/repository/org/apache/ozone/hdds-container-service/1.3.0-SNAPSHOT/hdds-container-service-1.3.0-SNAPSHOT.jar!/webapps/static,AVAILABLE}
2021-12-08 13:31:33,301 [Listener at 127.0.0.1/44261] INFO  handler.ContextHandler (ContextHandler.java:doStart(915)) - Started o.e.j.w.WebAppContext@7c441f09{hddsDatanode,/,file:///tmp/jetty-0_0_0_0-36503-hdds-container-service-1_3_0-SNAPSHOT_jar-_-any-1399367595010082623/webapp/,AVAILABLE}{jar:file:/home/runner/.m2/repository/org/apache/ozone/hdds-container-service/1.3.0-SNAPSHOT/hdds-container-service-1.3.0-SNAPSHOT.jar!/webapps/hddsDatanode}
2021-12-08 13:31:33,302 [Listener at 127.0.0.1/44261] INFO  server.AbstractConnector (AbstractConnector.java:doStart(331)) - Started ServerConnector@7e522994{HTTP/1.1, (http/1.1)}{0.0.0.0:36503}
2021-12-08 13:31:33,303 [Listener at 127.0.0.1/44261] INFO  server.Server (Server.java:doStart(415)) - Started @8798ms
2021-12-08 13:31:33,303 [Listener at 127.0.0.1/44261] WARN  impl.MetricsSystemImpl (MetricsSystemImpl.java:register(279)) - Sink prometheus already exists!
2021-12-08 13:31:33,303 [Listener at 127.0.0.1/44261] INFO  http.BaseHttpServer (BaseHttpServer.java:updateConnectorAddress(329)) - HTTP server of hddsDatanode listening at http://0.0.0.0:36503
2021-12-08 13:31:33,304 [Listener at 127.0.0.1/44261] WARN  impl.MetricRegistriesImpl (MetricRegistriesImpl.java:addReporterRegistration(111)) - New reporters are added after registries were created. Some metrics will be missing from the reporter. Please add reporter before adding any new registry.
2021-12-08 13:31:33,304 [Listener at 127.0.0.1/44261] WARN  impl.MetricRegistriesImpl (MetricRegistriesImpl.java:addReporterRegistration(111)) - New reporters are added after registries were created. Some metrics will be missing from the reporter. Please add reporter before adding any new registry.
2021-12-08 13:31:33,304 [Listener at 127.0.0.1/44261] INFO  impl.MetricsSystemImpl (MetricsSystemImpl.java:init(158)) - HddsDatanode metrics system started (again)
2021-12-08 13:31:33,314 [Datanode State Machine Daemon Thread] INFO  statemachine.DatanodeStateMachine (DatanodeStateMachine.java:lambda$startDaemon$0(467)) - Ozone container server started.
2021-12-08 13:31:33,325 [org.apache.hadoop.util.JvmPauseMonitor$Monitor@2b921570] INFO  util.JvmPauseMonitor (JvmPauseMonitor.java:run(188)) - Starting JVM pause monitor
2021-12-08 13:31:33,335 [Listener at 127.0.0.1/44261] INFO  ozone.HddsDatanodeService (HddsDatanodeService.java:start(234)) - HddsDatanodeService host:fv-az148-92.bm4ck3pvxvsene1rjriu5fhcdb.bx.internal.cloudapp.net ip:10.1.0.52
2021-12-08 13:31:33,337 [Datanode State Machine Task Thread - 0] INFO  datanode.InitDatanodeState (InitDatanodeState.java:persistContainerDatanodeDetails(145)) - DatanodeDetails is persisted to /home/runner/work/ozone/ozone/hadoop-ozone/integration-test/target/test-dir/MiniOzoneClusterImpl-c8c699bf-5dad-4457-9252-d1686169726e/datanode-6/meta/datanode.id
2021-12-08 13:31:33,368 [Listener at 127.0.0.1/44261] INFO  upgrade.AbstractLayoutVersionManager (AbstractLayoutVersionManager.java:init(79)) - Initializing Layout version manager with metadata layout = SCM_HA (version = 2), software layout = SCM_HA (version = 2)
2021-12-08 13:31:33,429 [Listener at 127.0.0.1/44261] INFO  reflections.Reflections (Reflections.java:scan(232)) - Reflections took 60 ms to scan 7 urls, producing 119 keys and 279 values 
2021-12-08 13:31:33,431 [Listener at 127.0.0.1/44261] INFO  statemachine.DatanodeStateMachine (DatanodeStateMachine.java:getEndPointTaskThreadPoolSize(219)) - Datanode State Machine Task Thread Pool size 2
2021-12-08 13:31:33,432 [Listener at 127.0.0.1/44261] INFO  volume.HddsVolume (HddsVolume.java:<init>(120)) - Creating HddsVolume: /home/runner/work/ozone/ozone/hadoop-ozone/integration-test/target/test-dir/MiniOzoneClusterImpl-c8c699bf-5dad-4457-9252-d1686169726e/datanode-7/data-0/containers/hdds of storage type : DISK capacity : 9223372036854775807
2021-12-08 13:31:33,433 [Listener at 127.0.0.1/44261] INFO  volume.MutableVolumeSet (MutableVolumeSet.java:initializeVolumeSet(168)) - Added Volume : /home/runner/work/ozone/ozone/hadoop-ozone/integration-test/target/test-dir/MiniOzoneClusterImpl-c8c699bf-5dad-4457-9252-d1686169726e/datanode-7/data-0/containers/hdds to VolumeSet
2021-12-08 13:31:33,433 [Listener at 127.0.0.1/44261] INFO  volume.ThrottledAsyncChecker (ThrottledAsyncChecker.java:schedule(141)) - Scheduling a check for /home/runner/work/ozone/ozone/hadoop-ozone/integration-test/target/test-dir/MiniOzoneClusterImpl-c8c699bf-5dad-4457-9252-d1686169726e/datanode-7/data-0/containers/hdds
2021-12-08 13:31:33,437 [Listener at 127.0.0.1/44261] INFO  volume.StorageVolumeChecker (StorageVolumeChecker.java:checkAllVolumes(202)) - Scheduled health check for volume /home/runner/work/ozone/ozone/hadoop-ozone/integration-test/target/test-dir/MiniOzoneClusterImpl-c8c699bf-5dad-4457-9252-d1686169726e/datanode-7/data-0/containers/hdds
2021-12-08 13:31:33,452 [Listener at 127.0.0.1/44261] INFO  volume.MutableVolumeSet (MutableVolumeSet.java:initializeVolumeSet(168)) - Added Volume : /home/runner/work/ozone/ozone/hadoop-ozone/integration-test/target/test-dir/MiniOzoneClusterImpl-c8c699bf-5dad-4457-9252-d1686169726e/datanode-7/data/ratis to VolumeSet
2021-12-08 13:31:33,452 [Listener at 127.0.0.1/44261] INFO  volume.ThrottledAsyncChecker (ThrottledAsyncChecker.java:schedule(141)) - Scheduling a check for /home/runner/work/ozone/ozone/hadoop-ozone/integration-test/target/test-dir/MiniOzoneClusterImpl-c8c699bf-5dad-4457-9252-d1686169726e/datanode-7/data/ratis
2021-12-08 13:31:33,452 [Listener at 127.0.0.1/44261] INFO  volume.StorageVolumeChecker (StorageVolumeChecker.java:checkAllVolumes(202)) - Scheduled health check for volume /home/runner/work/ozone/ozone/hadoop-ozone/integration-test/target/test-dir/MiniOzoneClusterImpl-c8c699bf-5dad-4457-9252-d1686169726e/datanode-7/data/ratis
2021-12-08 13:31:33,466 [Thread-215] INFO  ozoneimpl.ContainerReader (ContainerReader.java:readVolume(172)) - Finish verifying containers on volume /home/runner/work/ozone/ozone/hadoop-ozone/integration-test/target/test-dir/MiniOzoneClusterImpl-c8c699bf-5dad-4457-9252-d1686169726e/datanode-7/data-0/containers/hdds
2021-12-08 13:31:33,466 [Listener at 127.0.0.1/44261] INFO  ozoneimpl.OzoneContainer (OzoneContainer.java:buildContainerSet(236)) - Build ContainerSet costs 0s
2021-12-08 13:31:33,469 [Listener at 127.0.0.1/44261] INFO  server.RaftServer (ConfUtils.java:logGet(44)) - raft.rpc.type = GRPC (default)
2021-12-08 13:31:33,469 [Listener at 127.0.0.1/44261] INFO  grpc.GrpcFactory (GrpcFactory.java:checkPooledByteBufAllocatorUseCacheForAllThreads(48)) - PERFORMANCE WARNING: useCacheForAllThreads is true that may cause Netty to create a lot garbage objects and, as a result, trigger GC.
	It is recommended to disable useCacheForAllThreads by setting -Dorg.apache.ratis.thirdparty.io.netty.allocator.useCacheForAllThreads=false in command line.
2021-12-08 13:31:33,469 [Listener at 127.0.0.1/44261] INFO  grpc.GrpcConfigKeys (ConfUtils.java:logGet(44)) - raft.grpc.admin.port = 0 (custom)
2021-12-08 13:31:33,469 [Listener at 127.0.0.1/44261] INFO  grpc.GrpcConfigKeys (ConfUtils.java:logGet(44)) - raft.grpc.client.port = 0 (custom)
2021-12-08 13:31:33,469 [Listener at 127.0.0.1/44261] INFO  grpc.GrpcConfigKeys (ConfUtils.java:logGet(44)) - raft.grpc.server.port = 0 (default)
2021-12-08 13:31:33,470 [Listener at 127.0.0.1/44261] INFO  server.GrpcService (ConfUtils.java:logGet(44)) - raft.grpc.message.size.max = 32MB (=33554432) (custom)
2021-12-08 13:31:33,470 [Listener at 127.0.0.1/44261] INFO  server.RaftServerConfigKeys (ConfUtils.java:logGet(44)) - raft.server.log.appender.buffer.byte-limit = 33554432 (custom)
2021-12-08 13:31:33,470 [Listener at 127.0.0.1/44261] INFO  server.GrpcService (ConfUtils.java:logGet(44)) - raft.grpc.flow.control.window = 5MB (=5242880) (custom)
2021-12-08 13:31:33,470 [Listener at 127.0.0.1/44261] INFO  server.RaftServerConfigKeys (ConfUtils.java:logGet(44)) - raft.server.rpc.request.timeout = 3000ms (default)
2021-12-08 13:31:33,471 [Listener at 127.0.0.1/44261] INFO  impl.DataStreamServerImpl (ConfUtils.java:logGet(44)) - raft.datastream.type = DISABLED (default)
2021-12-08 13:31:33,471 [Listener at 127.0.0.1/44261] INFO  server.RaftServerConfigKeys (ConfUtils.java:logGet(44)) - raft.server.rpc.slowness.timeout = 300000ms (custom)
2021-12-08 13:31:33,471 [Listener at 127.0.0.1/44261] INFO  server.RaftServerConfigKeys (ConfUtils.java:logGet(44)) - raft.server.leaderelection.leader.step-down.wait-time = 10s (default)
2021-12-08 13:31:33,472 [Listener at 127.0.0.1/44261] INFO  server.RaftServerConfigKeys (ConfUtils.java:logGet(44)) - raft.server.storage.dir = [/home/runner/work/ozone/ozone/hadoop-ozone/integration-test/target/test-dir/MiniOzoneClusterImpl-c8c699bf-5dad-4457-9252-d1686169726e/datanode-7/data/ratis] (custom)
2021-12-08 13:31:33,473 [Listener at 127.0.0.1/44261] INFO  server.XceiverServerGrpc (XceiverServerGrpc.java:<init>(132)) - GrpcServer channel type EpollServerSocketChannel
2021-12-08 13:31:33,475 [Listener at 127.0.0.1/44261] INFO  http.BaseHttpServer (BaseHttpServer.java:newHttpServer2BuilderForOzone(209)) - Starting Web-server for hddsDatanode at: http://0.0.0.0:0
2021-12-08 13:31:33,476 [Listener at 127.0.0.1/44261] INFO  http.BaseHttpServer (BaseHttpServer.java:<init>(107)) - Hadoop Security Enabled: false Ozone Security Enabled: false Ozone HTTP Security Enabled: false 
2021-12-08 13:31:33,477 [Listener at 127.0.0.1/44261] INFO  server.AuthenticationFilter (AuthenticationFilter.java:constructSecretProvider(240)) - Unable to initialize FileSignerSecretProvider, falling back to use random secrets.
2021-12-08 13:31:33,477 [Listener at 127.0.0.1/44261] WARN  http.HttpRequestLog (HttpRequestLog.java:getRequestLog(103)) - Jetty request log can only be enabled using Log4j
2021-12-08 13:31:33,478 [Listener at 127.0.0.1/44261] INFO  http.HttpServer2 (HttpServer2.java:addGlobalFilter(1030)) - Added global filter 'safety' (class=org.apache.hadoop.hdds.server.http.HttpServer2$QuotingInputFilter)
2021-12-08 13:31:33,479 [Listener at 127.0.0.1/44261] INFO  http.HttpServer2 (HttpServer2.java:addFilter(1006)) - Added filter static_user_filter (class=org.apache.hadoop.http.lib.StaticUserWebFilter$StaticUserFilter) to context hddsDatanode
2021-12-08 13:31:33,479 [Listener at 127.0.0.1/44261] INFO  http.HttpServer2 (HttpServer2.java:addFilter(1014)) - Added filter static_user_filter (class=org.apache.hadoop.http.lib.StaticUserWebFilter$StaticUserFilter) to context logs
2021-12-08 13:31:33,479 [Listener at 127.0.0.1/44261] INFO  http.HttpServer2 (HttpServer2.java:addFilter(1014)) - Added filter static_user_filter (class=org.apache.hadoop.http.lib.StaticUserWebFilter$StaticUserFilter) to context static
2021-12-08 13:31:33,480 [Listener at 127.0.0.1/44261] INFO  http.HttpServer2 (HttpServer2.java:bindListener(1249)) - Jetty bound to port 42757
2021-12-08 13:31:33,480 [Listener at 127.0.0.1/44261] INFO  server.Server (Server.java:doStart(375)) - jetty-9.4.43.v20210629; built: 2021-06-30T11:07:22.254Z; git: 526006ecfa3af7f1a27ef3a288e2bef7ea9dd7e8; jvm 1.8.0_292-b10
2021-12-08 13:31:33,481 [Listener at 127.0.0.1/44261] INFO  server.session (DefaultSessionIdManager.java:doStart(334)) - DefaultSessionIdManager workerName=node0
2021-12-08 13:31:33,481 [Listener at 127.0.0.1/44261] INFO  server.session (DefaultSessionIdManager.java:doStart(339)) - No SessionScavenger set, using defaults
2021-12-08 13:31:33,482 [Listener at 127.0.0.1/44261] INFO  server.session (HouseKeeper.java:startScavenging(132)) - node0 Scavenging every 660000ms
2021-12-08 13:31:33,482 [Listener at 127.0.0.1/44261] INFO  handler.ContextHandler (ContextHandler.java:doStart(915)) - Started o.e.j.s.ServletContextHandler@766e7a0f{logs,/logs,file:///home/runner/work/ozone/ozone/hadoop-ozone/integration-test/target/log,AVAILABLE}
2021-12-08 13:31:33,483 [Listener at 127.0.0.1/44261] INFO  handler.ContextHandler (ContextHandler.java:doStart(915)) - Started o.e.j.s.ServletContextHandler@6622a1d0{static,/static,jar:file:/home/runner/.m2/repository/org/apache/ozone/hdds-container-service/1.3.0-SNAPSHOT/hdds-container-service-1.3.0-SNAPSHOT.jar!/webapps/static,AVAILABLE}
2021-12-08 13:31:33,530 [Listener at 127.0.0.1/44261] INFO  handler.ContextHandler (ContextHandler.java:doStart(915)) - Started o.e.j.w.WebAppContext@6eb0d0ea{hddsDatanode,/,file:///tmp/jetty-0_0_0_0-42757-hdds-container-service-1_3_0-SNAPSHOT_jar-_-any-9165338346241114760/webapp/,AVAILABLE}{jar:file:/home/runner/.m2/repository/org/apache/ozone/hdds-container-service/1.3.0-SNAPSHOT/hdds-container-service-1.3.0-SNAPSHOT.jar!/webapps/hddsDatanode}
2021-12-08 13:31:33,532 [Listener at 127.0.0.1/44261] INFO  server.AbstractConnector (AbstractConnector.java:doStart(331)) - Started ServerConnector@2d2ec76{HTTP/1.1, (http/1.1)}{0.0.0.0:42757}
2021-12-08 13:31:33,533 [Listener at 127.0.0.1/44261] INFO  server.Server (Server.java:doStart(415)) - Started @9028ms
2021-12-08 13:31:33,533 [Listener at 127.0.0.1/44261] WARN  impl.MetricsSystemImpl (MetricsSystemImpl.java:register(279)) - Sink prometheus already exists!
2021-12-08 13:31:33,533 [Listener at 127.0.0.1/44261] INFO  http.BaseHttpServer (BaseHttpServer.java:updateConnectorAddress(329)) - HTTP server of hddsDatanode listening at http://0.0.0.0:42757
2021-12-08 13:31:33,534 [Datanode State Machine Daemon Thread] INFO  statemachine.DatanodeStateMachine (DatanodeStateMachine.java:lambda$startDaemon$0(467)) - Ozone container server started.
2021-12-08 13:31:33,539 [Listener at 127.0.0.1/44261] WARN  impl.MetricRegistriesImpl (MetricRegistriesImpl.java:addReporterRegistration(111)) - New reporters are added after registries were created. Some metrics will be missing from the reporter. Please add reporter before adding any new registry.
2021-12-08 13:31:33,539 [Listener at 127.0.0.1/44261] WARN  impl.MetricRegistriesImpl (MetricRegistriesImpl.java:addReporterRegistration(111)) - New reporters are added after registries were created. Some metrics will be missing from the reporter. Please add reporter before adding any new registry.
2021-12-08 13:31:33,539 [Listener at 127.0.0.1/44261] INFO  impl.MetricsSystemImpl (MetricsSystemImpl.java:init(158)) - HddsDatanode metrics system started (again)
2021-12-08 13:31:33,562 [Listener at 127.0.0.1/44261] INFO  ozone.HddsDatanodeService (HddsDatanodeService.java:start(234)) - HddsDatanodeService host:fv-az148-92.bm4ck3pvxvsene1rjriu5fhcdb.bx.internal.cloudapp.net ip:10.1.0.52
2021-12-08 13:31:33,574 [org.apache.hadoop.util.JvmPauseMonitor$Monitor@1121858f] INFO  util.JvmPauseMonitor (JvmPauseMonitor.java:run(188)) - Starting JVM pause monitor
2021-12-08 13:31:33,576 [Datanode State Machine Task Thread - 0] INFO  datanode.InitDatanodeState (InitDatanodeState.java:persistContainerDatanodeDetails(145)) - DatanodeDetails is persisted to /home/runner/work/ozone/ozone/hadoop-ozone/integration-test/target/test-dir/MiniOzoneClusterImpl-c8c699bf-5dad-4457-9252-d1686169726e/datanode-7/meta/datanode.id
2021-12-08 13:31:33,597 [Listener at 127.0.0.1/44261] INFO  upgrade.AbstractLayoutVersionManager (AbstractLayoutVersionManager.java:init(79)) - Initializing Layout version manager with metadata layout = SCM_HA (version = 2), software layout = SCM_HA (version = 2)
2021-12-08 13:31:33,661 [EndpointStateMachine task thread for /0.0.0.0:39559 - 0 ] INFO  ozoneimpl.OzoneContainer (OzoneContainer.java:start(304)) - Attempting to start container services.
2021-12-08 13:31:33,666 [EndpointStateMachine task thread for /0.0.0.0:39559 - 0 ] INFO  ozoneimpl.OzoneContainer (OzoneContainer.java:startContainerScrub(249)) - Background container scanner has been disabled.
2021-12-08 13:31:33,677 [EndpointStateMachine task thread for /0.0.0.0:39559 - 0 ] INFO  replication.ReplicationServer (ReplicationServer.java:start(107)) - ReplicationServer is started using port 44443
2021-12-08 13:31:33,686 [EndpointStateMachine task thread for /0.0.0.0:39559 - 0 ] INFO  ratis.XceiverServerRatis (XceiverServerRatis.java:start(484)) - Starting XceiverServerRatis 425f6569-dffe-4347-8a0f-4e8ceefdc693
2021-12-08 13:31:33,692 [Listener at 127.0.0.1/44261] INFO  reflections.Reflections (Reflections.java:scan(232)) - Reflections took 87 ms to scan 7 urls, producing 119 keys and 279 values 
2021-12-08 13:31:33,694 [Listener at 127.0.0.1/44261] INFO  statemachine.DatanodeStateMachine (DatanodeStateMachine.java:getEndPointTaskThreadPoolSize(219)) - Datanode State Machine Task Thread Pool size 2
2021-12-08 13:31:33,695 [EndpointStateMachine task thread for /0.0.0.0:39559 - 0 ] INFO  server.RaftServer (RaftServerProxy.java:lambda$start$5(374)) - 425f6569-dffe-4347-8a0f-4e8ceefdc693: start RPC server
2021-12-08 13:31:33,701 [EndpointStateMachine task thread for /0.0.0.0:39559 - 0 ] INFO  server.GrpcService (GrpcService.java:startImpl(253)) - 425f6569-dffe-4347-8a0f-4e8ceefdc693: GrpcService started, listening on 38009
2021-12-08 13:31:33,702 [EndpointStateMachine task thread for /0.0.0.0:39559 - 0 ] INFO  ratis.XceiverServerRatis (XceiverServerRatis.java:getRealPort(505)) - XceiverServerRatis 425f6569-dffe-4347-8a0f-4e8ceefdc693 is started using port 38009 for RATIS
2021-12-08 13:31:33,702 [EndpointStateMachine task thread for /0.0.0.0:39559 - 0 ] INFO  ratis.XceiverServerRatis (XceiverServerRatis.java:getRealPort(505)) - XceiverServerRatis 425f6569-dffe-4347-8a0f-4e8ceefdc693 is started using port 38009 for RATIS_ADMIN
2021-12-08 13:31:33,702 [EndpointStateMachine task thread for /0.0.0.0:39559 - 0 ] INFO  ratis.XceiverServerRatis (XceiverServerRatis.java:getRealPort(505)) - XceiverServerRatis 425f6569-dffe-4347-8a0f-4e8ceefdc693 is started using port 38009 for RATIS_SERVER
2021-12-08 13:31:33,703 [Listener at 127.0.0.1/44261] INFO  volume.HddsVolume (HddsVolume.java:<init>(120)) - Creating HddsVolume: /home/runner/work/ozone/ozone/hadoop-ozone/integration-test/target/test-dir/MiniOzoneClusterImpl-c8c699bf-5dad-4457-9252-d1686169726e/datanode-8/data-0/containers/hdds of storage type : DISK capacity : 9223372036854775807
2021-12-08 13:31:33,703 [org.apache.ratis.util.JvmPauseMonitor$$Lambda$523/1691816368@2f579937] INFO  util.JvmPauseMonitor (JvmPauseMonitor.java:run(103)) - JvmPauseMonitor-425f6569-dffe-4347-8a0f-4e8ceefdc693: Started
2021-12-08 13:31:33,706 [Listener at 127.0.0.1/44261] INFO  volume.MutableVolumeSet (MutableVolumeSet.java:initializeVolumeSet(168)) - Added Volume : /home/runner/work/ozone/ozone/hadoop-ozone/integration-test/target/test-dir/MiniOzoneClusterImpl-c8c699bf-5dad-4457-9252-d1686169726e/datanode-8/data-0/containers/hdds to VolumeSet
2021-12-08 13:31:33,706 [Listener at 127.0.0.1/44261] INFO  volume.ThrottledAsyncChecker (ThrottledAsyncChecker.java:schedule(141)) - Scheduling a check for /home/runner/work/ozone/ozone/hadoop-ozone/integration-test/target/test-dir/MiniOzoneClusterImpl-c8c699bf-5dad-4457-9252-d1686169726e/datanode-8/data-0/containers/hdds
2021-12-08 13:31:33,709 [EndpointStateMachine task thread for /0.0.0.0:39559 - 0 ] INFO  server.XceiverServerGrpc (XceiverServerGrpc.java:start(180)) - XceiverServerGrpc 425f6569-dffe-4347-8a0f-4e8ceefdc693 is started using port 43289
2021-12-08 13:31:33,711 [Listener at 127.0.0.1/44261] INFO  volume.StorageVolumeChecker (StorageVolumeChecker.java:checkAllVolumes(202)) - Scheduled health check for volume /home/runner/work/ozone/ozone/hadoop-ozone/integration-test/target/test-dir/MiniOzoneClusterImpl-c8c699bf-5dad-4457-9252-d1686169726e/datanode-8/data-0/containers/hdds
2021-12-08 13:31:33,730 [Listener at 127.0.0.1/44261] INFO  volume.MutableVolumeSet (MutableVolumeSet.java:initializeVolumeSet(168)) - Added Volume : /home/runner/work/ozone/ozone/hadoop-ozone/integration-test/target/test-dir/MiniOzoneClusterImpl-c8c699bf-5dad-4457-9252-d1686169726e/datanode-8/data/ratis to VolumeSet
2021-12-08 13:31:33,730 [Listener at 127.0.0.1/44261] INFO  volume.ThrottledAsyncChecker (ThrottledAsyncChecker.java:schedule(141)) - Scheduling a check for /home/runner/work/ozone/ozone/hadoop-ozone/integration-test/target/test-dir/MiniOzoneClusterImpl-c8c699bf-5dad-4457-9252-d1686169726e/datanode-8/data/ratis
2021-12-08 13:31:33,731 [Listener at 127.0.0.1/44261] INFO  volume.StorageVolumeChecker (StorageVolumeChecker.java:checkAllVolumes(202)) - Scheduled health check for volume /home/runner/work/ozone/ozone/hadoop-ozone/integration-test/target/test-dir/MiniOzoneClusterImpl-c8c699bf-5dad-4457-9252-d1686169726e/datanode-8/data/ratis
2021-12-08 13:31:33,749 [Thread-231] INFO  ozoneimpl.ContainerReader (ContainerReader.java:readVolume(172)) - Finish verifying containers on volume /home/runner/work/ozone/ozone/hadoop-ozone/integration-test/target/test-dir/MiniOzoneClusterImpl-c8c699bf-5dad-4457-9252-d1686169726e/datanode-8/data-0/containers/hdds
2021-12-08 13:31:33,749 [Listener at 127.0.0.1/44261] INFO  ozoneimpl.OzoneContainer (OzoneContainer.java:buildContainerSet(236)) - Build ContainerSet costs 0s
2021-12-08 13:31:33,752 [Listener at 127.0.0.1/44261] INFO  server.RaftServer (ConfUtils.java:logGet(44)) - raft.rpc.type = GRPC (default)
2021-12-08 13:31:33,753 [Listener at 127.0.0.1/44261] INFO  grpc.GrpcFactory (GrpcFactory.java:checkPooledByteBufAllocatorUseCacheForAllThreads(48)) - PERFORMANCE WARNING: useCacheForAllThreads is true that may cause Netty to create a lot garbage objects and, as a result, trigger GC.
	It is recommended to disable useCacheForAllThreads by setting -Dorg.apache.ratis.thirdparty.io.netty.allocator.useCacheForAllThreads=false in command line.
2021-12-08 13:31:33,753 [Listener at 127.0.0.1/44261] INFO  grpc.GrpcConfigKeys (ConfUtils.java:logGet(44)) - raft.grpc.admin.port = 0 (custom)
2021-12-08 13:31:33,753 [Listener at 127.0.0.1/44261] INFO  grpc.GrpcConfigKeys (ConfUtils.java:logGet(44)) - raft.grpc.client.port = 0 (custom)
2021-12-08 13:31:33,753 [Listener at 127.0.0.1/44261] INFO  grpc.GrpcConfigKeys (ConfUtils.java:logGet(44)) - raft.grpc.server.port = 0 (default)
2021-12-08 13:31:33,753 [Listener at 127.0.0.1/44261] INFO  server.GrpcService (ConfUtils.java:logGet(44)) - raft.grpc.message.size.max = 32MB (=33554432) (custom)
2021-12-08 13:31:33,753 [Listener at 127.0.0.1/44261] INFO  server.RaftServerConfigKeys (ConfUtils.java:logGet(44)) - raft.server.log.appender.buffer.byte-limit = 33554432 (custom)
2021-12-08 13:31:33,753 [Listener at 127.0.0.1/44261] INFO  server.GrpcService (ConfUtils.java:logGet(44)) - raft.grpc.flow.control.window = 5MB (=5242880) (custom)
2021-12-08 13:31:33,754 [Listener at 127.0.0.1/44261] INFO  server.RaftServerConfigKeys (ConfUtils.java:logGet(44)) - raft.server.rpc.request.timeout = 3000ms (default)
2021-12-08 13:31:33,755 [Listener at 127.0.0.1/44261] INFO  impl.DataStreamServerImpl (ConfUtils.java:logGet(44)) - raft.datastream.type = DISABLED (default)
2021-12-08 13:31:33,755 [Listener at 127.0.0.1/44261] INFO  server.RaftServerConfigKeys (ConfUtils.java:logGet(44)) - raft.server.rpc.slowness.timeout = 300000ms (custom)
2021-12-08 13:31:33,755 [Listener at 127.0.0.1/44261] INFO  server.RaftServerConfigKeys (ConfUtils.java:logGet(44)) - raft.server.leaderelection.leader.step-down.wait-time = 10s (default)
2021-12-08 13:31:33,755 [Listener at 127.0.0.1/44261] INFO  server.RaftServerConfigKeys (ConfUtils.java:logGet(44)) - raft.server.storage.dir = [/home/runner/work/ozone/ozone/hadoop-ozone/integration-test/target/test-dir/MiniOzoneClusterImpl-c8c699bf-5dad-4457-9252-d1686169726e/datanode-8/data/ratis] (custom)
2021-12-08 13:31:33,757 [Listener at 127.0.0.1/44261] INFO  server.XceiverServerGrpc (XceiverServerGrpc.java:<init>(132)) - GrpcServer channel type EpollServerSocketChannel
2021-12-08 13:31:33,759 [Listener at 127.0.0.1/44261] INFO  http.BaseHttpServer (BaseHttpServer.java:newHttpServer2BuilderForOzone(209)) - Starting Web-server for hddsDatanode at: http://0.0.0.0:0
2021-12-08 13:31:33,759 [Listener at 127.0.0.1/44261] INFO  http.BaseHttpServer (BaseHttpServer.java:<init>(107)) - Hadoop Security Enabled: false Ozone Security Enabled: false Ozone HTTP Security Enabled: false 
2021-12-08 13:31:33,761 [Listener at 127.0.0.1/44261] INFO  server.AuthenticationFilter (AuthenticationFilter.java:constructSecretProvider(240)) - Unable to initialize FileSignerSecretProvider, falling back to use random secrets.
2021-12-08 13:31:33,762 [Listener at 127.0.0.1/44261] WARN  http.HttpRequestLog (HttpRequestLog.java:getRequestLog(103)) - Jetty request log can only be enabled using Log4j
2021-12-08 13:31:33,763 [Listener at 127.0.0.1/44261] INFO  http.HttpServer2 (HttpServer2.java:addGlobalFilter(1030)) - Added global filter 'safety' (class=org.apache.hadoop.hdds.server.http.HttpServer2$QuotingInputFilter)
2021-12-08 13:31:33,763 [Listener at 127.0.0.1/44261] INFO  http.HttpServer2 (HttpServer2.java:addFilter(1006)) - Added filter static_user_filter (class=org.apache.hadoop.http.lib.StaticUserWebFilter$StaticUserFilter) to context hddsDatanode
2021-12-08 13:31:33,763 [Listener at 127.0.0.1/44261] INFO  http.HttpServer2 (HttpServer2.java:addFilter(1014)) - Added filter static_user_filter (class=org.apache.hadoop.http.lib.StaticUserWebFilter$StaticUserFilter) to context logs
2021-12-08 13:31:33,764 [Listener at 127.0.0.1/44261] INFO  http.HttpServer2 (HttpServer2.java:addFilter(1014)) - Added filter static_user_filter (class=org.apache.hadoop.http.lib.StaticUserWebFilter$StaticUserFilter) to context static
2021-12-08 13:31:33,764 [Listener at 127.0.0.1/44261] INFO  http.HttpServer2 (HttpServer2.java:bindListener(1249)) - Jetty bound to port 43287
2021-12-08 13:31:33,764 [Listener at 127.0.0.1/44261] INFO  server.Server (Server.java:doStart(375)) - jetty-9.4.43.v20210629; built: 2021-06-30T11:07:22.254Z; git: 526006ecfa3af7f1a27ef3a288e2bef7ea9dd7e8; jvm 1.8.0_292-b10
2021-12-08 13:31:33,768 [Listener at 127.0.0.1/44261] INFO  server.session (DefaultSessionIdManager.java:doStart(334)) - DefaultSessionIdManager workerName=node0
2021-12-08 13:31:33,768 [Listener at 127.0.0.1/44261] INFO  server.session (DefaultSessionIdManager.java:doStart(339)) - No SessionScavenger set, using defaults
2021-12-08 13:31:33,768 [Listener at 127.0.0.1/44261] INFO  server.session (HouseKeeper.java:startScavenging(132)) - node0 Scavenging every 660000ms
2021-12-08 13:31:33,769 [Listener at 127.0.0.1/44261] INFO  handler.ContextHandler (ContextHandler.java:doStart(915)) - Started o.e.j.s.ServletContextHandler@6535ff34{logs,/logs,file:///home/runner/work/ozone/ozone/hadoop-ozone/integration-test/target/log,AVAILABLE}
2021-12-08 13:31:33,769 [Listener at 127.0.0.1/44261] INFO  handler.ContextHandler (ContextHandler.java:doStart(915)) - Started o.e.j.s.ServletContextHandler@3d62c84{static,/static,jar:file:/home/runner/.m2/repository/org/apache/ozone/hdds-container-service/1.3.0-SNAPSHOT/hdds-container-service-1.3.0-SNAPSHOT.jar!/webapps/static,AVAILABLE}
2021-12-08 13:31:33,814 [Listener at 127.0.0.1/44261] INFO  handler.ContextHandler (ContextHandler.java:doStart(915)) - Started o.e.j.w.WebAppContext@689b792e{hddsDatanode,/,file:///tmp/jetty-0_0_0_0-43287-hdds-container-service-1_3_0-SNAPSHOT_jar-_-any-608714903027702518/webapp/,AVAILABLE}{jar:file:/home/runner/.m2/repository/org/apache/ozone/hdds-container-service/1.3.0-SNAPSHOT/hdds-container-service-1.3.0-SNAPSHOT.jar!/webapps/hddsDatanode}
2021-12-08 13:31:33,816 [Listener at 127.0.0.1/44261] INFO  server.AbstractConnector (AbstractConnector.java:doStart(331)) - Started ServerConnector@633f30af{HTTP/1.1, (http/1.1)}{0.0.0.0:43287}
2021-12-08 13:31:33,816 [Listener at 127.0.0.1/44261] INFO  server.Server (Server.java:doStart(415)) - Started @9312ms
2021-12-08 13:31:33,817 [Listener at 127.0.0.1/44261] WARN  impl.MetricsSystemImpl (MetricsSystemImpl.java:register(279)) - Sink prometheus already exists!
2021-12-08 13:31:33,818 [Listener at 127.0.0.1/44261] INFO  http.BaseHttpServer (BaseHttpServer.java:updateConnectorAddress(329)) - HTTP server of hddsDatanode listening at http://0.0.0.0:43287
2021-12-08 13:31:33,819 [Datanode State Machine Daemon Thread] INFO  statemachine.DatanodeStateMachine (DatanodeStateMachine.java:lambda$startDaemon$0(467)) - Ozone container server started.
2021-12-08 13:31:33,820 [Listener at 127.0.0.1/44261] WARN  impl.MetricRegistriesImpl (MetricRegistriesImpl.java:addReporterRegistration(111)) - New reporters are added after registries were created. Some metrics will be missing from the reporter. Please add reporter before adding any new registry.
2021-12-08 13:31:33,820 [Listener at 127.0.0.1/44261] WARN  impl.MetricRegistriesImpl (MetricRegistriesImpl.java:addReporterRegistration(111)) - New reporters are added after registries were created. Some metrics will be missing from the reporter. Please add reporter before adding any new registry.
2021-12-08 13:31:33,820 [Listener at 127.0.0.1/44261] INFO  impl.MetricsSystemImpl (MetricsSystemImpl.java:init(158)) - HddsDatanode metrics system started (again)
2021-12-08 13:31:33,837 [Listener at 127.0.0.1/44261] INFO  ozone.HddsDatanodeService (HddsDatanodeService.java:start(234)) - HddsDatanodeService host:fv-az148-92.bm4ck3pvxvsene1rjriu5fhcdb.bx.internal.cloudapp.net ip:10.1.0.52
2021-12-08 13:31:33,845 [org.apache.hadoop.util.JvmPauseMonitor$Monitor@34a2a566] INFO  util.JvmPauseMonitor (JvmPauseMonitor.java:run(188)) - Starting JVM pause monitor
2021-12-08 13:31:33,849 [Datanode State Machine Task Thread - 0] INFO  datanode.InitDatanodeState (InitDatanodeState.java:persistContainerDatanodeDetails(145)) - DatanodeDetails is persisted to /home/runner/work/ozone/ozone/hadoop-ozone/integration-test/target/test-dir/MiniOzoneClusterImpl-c8c699bf-5dad-4457-9252-d1686169726e/datanode-8/meta/datanode.id
2021-12-08 13:31:33,859 [Listener at 127.0.0.1/44261] INFO  upgrade.AbstractLayoutVersionManager (AbstractLayoutVersionManager.java:init(79)) - Initializing Layout version manager with metadata layout = SCM_HA (version = 2), software layout = SCM_HA (version = 2)
2021-12-08 13:31:33,892 [EndpointStateMachine task thread for /0.0.0.0:39559 - 0 ] INFO  ozoneimpl.OzoneContainer (OzoneContainer.java:start(304)) - Attempting to start container services.
2021-12-08 13:31:33,892 [EndpointStateMachine task thread for /0.0.0.0:39559 - 0 ] INFO  ozoneimpl.OzoneContainer (OzoneContainer.java:startContainerScrub(249)) - Background container scanner has been disabled.
2021-12-08 13:31:33,894 [EndpointStateMachine task thread for /0.0.0.0:39559 - 0 ] INFO  replication.ReplicationServer (ReplicationServer.java:start(107)) - ReplicationServer is started using port 45529
2021-12-08 13:31:33,895 [EndpointStateMachine task thread for /0.0.0.0:39559 - 0 ] INFO  ratis.XceiverServerRatis (XceiverServerRatis.java:start(484)) - Starting XceiverServerRatis 2094aa94-81de-4318-a64f-84012b96f5b8
2021-12-08 13:31:33,896 [EndpointStateMachine task thread for /0.0.0.0:39559 - 0 ] INFO  server.RaftServer (RaftServerProxy.java:lambda$start$5(374)) - 2094aa94-81de-4318-a64f-84012b96f5b8: start RPC server
2021-12-08 13:31:33,897 [EndpointStateMachine task thread for /0.0.0.0:39559 - 0 ] INFO  server.GrpcService (GrpcService.java:startImpl(253)) - 2094aa94-81de-4318-a64f-84012b96f5b8: GrpcService started, listening on 36179
2021-12-08 13:31:33,899 [EndpointStateMachine task thread for /0.0.0.0:39559 - 0 ] INFO  ratis.XceiverServerRatis (XceiverServerRatis.java:getRealPort(505)) - XceiverServerRatis 2094aa94-81de-4318-a64f-84012b96f5b8 is started using port 36179 for RATIS
2021-12-08 13:31:33,899 [EndpointStateMachine task thread for /0.0.0.0:39559 - 0 ] INFO  ratis.XceiverServerRatis (XceiverServerRatis.java:getRealPort(505)) - XceiverServerRatis 2094aa94-81de-4318-a64f-84012b96f5b8 is started using port 36179 for RATIS_ADMIN
2021-12-08 13:31:33,899 [EndpointStateMachine task thread for /0.0.0.0:39559 - 0 ] INFO  ratis.XceiverServerRatis (XceiverServerRatis.java:getRealPort(505)) - XceiverServerRatis 2094aa94-81de-4318-a64f-84012b96f5b8 is started using port 36179 for RATIS_SERVER
2021-12-08 13:31:33,901 [org.apache.ratis.util.JvmPauseMonitor$$Lambda$523/1691816368@1c059de4] INFO  util.JvmPauseMonitor (JvmPauseMonitor.java:run(103)) - JvmPauseMonitor-2094aa94-81de-4318-a64f-84012b96f5b8: Started
2021-12-08 13:31:33,901 [EndpointStateMachine task thread for /0.0.0.0:39559 - 0 ] INFO  server.XceiverServerGrpc (XceiverServerGrpc.java:start(180)) - XceiverServerGrpc 2094aa94-81de-4318-a64f-84012b96f5b8 is started using port 34201
2021-12-08 13:31:33,918 [Listener at 127.0.0.1/44261] INFO  reflections.Reflections (Reflections.java:scan(232)) - Reflections took 58 ms to scan 7 urls, producing 119 keys and 279 values 
2021-12-08 13:31:33,922 [Listener at 127.0.0.1/44261] INFO  statemachine.DatanodeStateMachine (DatanodeStateMachine.java:getEndPointTaskThreadPoolSize(219)) - Datanode State Machine Task Thread Pool size 2
2021-12-08 13:31:33,924 [Listener at 127.0.0.1/44261] INFO  volume.HddsVolume (HddsVolume.java:<init>(120)) - Creating HddsVolume: /home/runner/work/ozone/ozone/hadoop-ozone/integration-test/target/test-dir/MiniOzoneClusterImpl-c8c699bf-5dad-4457-9252-d1686169726e/datanode-9/data-0/containers/hdds of storage type : DISK capacity : 9223372036854775807
2021-12-08 13:31:33,925 [Listener at 127.0.0.1/44261] INFO  volume.MutableVolumeSet (MutableVolumeSet.java:initializeVolumeSet(168)) - Added Volume : /home/runner/work/ozone/ozone/hadoop-ozone/integration-test/target/test-dir/MiniOzoneClusterImpl-c8c699bf-5dad-4457-9252-d1686169726e/datanode-9/data-0/containers/hdds to VolumeSet
2021-12-08 13:31:33,925 [Listener at 127.0.0.1/44261] INFO  volume.ThrottledAsyncChecker (ThrottledAsyncChecker.java:schedule(141)) - Scheduling a check for /home/runner/work/ozone/ozone/hadoop-ozone/integration-test/target/test-dir/MiniOzoneClusterImpl-c8c699bf-5dad-4457-9252-d1686169726e/datanode-9/data-0/containers/hdds
2021-12-08 13:31:33,926 [Listener at 127.0.0.1/44261] INFO  volume.StorageVolumeChecker (StorageVolumeChecker.java:checkAllVolumes(202)) - Scheduled health check for volume /home/runner/work/ozone/ozone/hadoop-ozone/integration-test/target/test-dir/MiniOzoneClusterImpl-c8c699bf-5dad-4457-9252-d1686169726e/datanode-9/data-0/containers/hdds
2021-12-08 13:31:33,944 [Listener at 127.0.0.1/44261] INFO  volume.MutableVolumeSet (MutableVolumeSet.java:initializeVolumeSet(168)) - Added Volume : /home/runner/work/ozone/ozone/hadoop-ozone/integration-test/target/test-dir/MiniOzoneClusterImpl-c8c699bf-5dad-4457-9252-d1686169726e/datanode-9/data/ratis to VolumeSet
2021-12-08 13:31:33,944 [Listener at 127.0.0.1/44261] INFO  volume.ThrottledAsyncChecker (ThrottledAsyncChecker.java:schedule(141)) - Scheduling a check for /home/runner/work/ozone/ozone/hadoop-ozone/integration-test/target/test-dir/MiniOzoneClusterImpl-c8c699bf-5dad-4457-9252-d1686169726e/datanode-9/data/ratis
2021-12-08 13:31:33,945 [Listener at 127.0.0.1/44261] INFO  volume.StorageVolumeChecker (StorageVolumeChecker.java:checkAllVolumes(202)) - Scheduled health check for volume /home/runner/work/ozone/ozone/hadoop-ozone/integration-test/target/test-dir/MiniOzoneClusterImpl-c8c699bf-5dad-4457-9252-d1686169726e/datanode-9/data/ratis
2021-12-08 13:31:33,983 [Thread-246] INFO  ozoneimpl.ContainerReader (ContainerReader.java:readVolume(172)) - Finish verifying containers on volume /home/runner/work/ozone/ozone/hadoop-ozone/integration-test/target/test-dir/MiniOzoneClusterImpl-c8c699bf-5dad-4457-9252-d1686169726e/datanode-9/data-0/containers/hdds
2021-12-08 13:31:33,983 [Listener at 127.0.0.1/44261] INFO  ozoneimpl.OzoneContainer (OzoneContainer.java:buildContainerSet(236)) - Build ContainerSet costs 0s
2021-12-08 13:31:33,986 [Listener at 127.0.0.1/44261] INFO  server.RaftServer (ConfUtils.java:logGet(44)) - raft.rpc.type = GRPC (default)
2021-12-08 13:31:33,986 [Listener at 127.0.0.1/44261] INFO  grpc.GrpcFactory (GrpcFactory.java:checkPooledByteBufAllocatorUseCacheForAllThreads(48)) - PERFORMANCE WARNING: useCacheForAllThreads is true that may cause Netty to create a lot garbage objects and, as a result, trigger GC.
	It is recommended to disable useCacheForAllThreads by setting -Dorg.apache.ratis.thirdparty.io.netty.allocator.useCacheForAllThreads=false in command line.
2021-12-08 13:31:33,986 [Listener at 127.0.0.1/44261] INFO  grpc.GrpcConfigKeys (ConfUtils.java:logGet(44)) - raft.grpc.admin.port = 0 (custom)
2021-12-08 13:31:33,986 [Listener at 127.0.0.1/44261] INFO  grpc.GrpcConfigKeys (ConfUtils.java:logGet(44)) - raft.grpc.client.port = 0 (custom)
2021-12-08 13:31:33,987 [Listener at 127.0.0.1/44261] INFO  grpc.GrpcConfigKeys (ConfUtils.java:logGet(44)) - raft.grpc.server.port = 0 (default)
2021-12-08 13:31:33,987 [Listener at 127.0.0.1/44261] INFO  server.GrpcService (ConfUtils.java:logGet(44)) - raft.grpc.message.size.max = 32MB (=33554432) (custom)
2021-12-08 13:31:33,987 [Listener at 127.0.0.1/44261] INFO  server.RaftServerConfigKeys (ConfUtils.java:logGet(44)) - raft.server.log.appender.buffer.byte-limit = 33554432 (custom)
2021-12-08 13:31:33,987 [Listener at 127.0.0.1/44261] INFO  server.GrpcService (ConfUtils.java:logGet(44)) - raft.grpc.flow.control.window = 5MB (=5242880) (custom)
2021-12-08 13:31:33,987 [Listener at 127.0.0.1/44261] INFO  server.RaftServerConfigKeys (ConfUtils.java:logGet(44)) - raft.server.rpc.request.timeout = 3000ms (default)
2021-12-08 13:31:33,988 [Listener at 127.0.0.1/44261] INFO  impl.DataStreamServerImpl (ConfUtils.java:logGet(44)) - raft.datastream.type = DISABLED (default)
2021-12-08 13:31:33,990 [Listener at 127.0.0.1/44261] INFO  server.RaftServerConfigKeys (ConfUtils.java:logGet(44)) - raft.server.rpc.slowness.timeout = 300000ms (custom)
2021-12-08 13:31:33,990 [Listener at 127.0.0.1/44261] INFO  server.RaftServerConfigKeys (ConfUtils.java:logGet(44)) - raft.server.leaderelection.leader.step-down.wait-time = 10s (default)
2021-12-08 13:31:33,991 [Listener at 127.0.0.1/44261] INFO  server.RaftServerConfigKeys (ConfUtils.java:logGet(44)) - raft.server.storage.dir = [/home/runner/work/ozone/ozone/hadoop-ozone/integration-test/target/test-dir/MiniOzoneClusterImpl-c8c699bf-5dad-4457-9252-d1686169726e/datanode-9/data/ratis] (custom)
2021-12-08 13:31:33,994 [Listener at 127.0.0.1/44261] INFO  server.XceiverServerGrpc (XceiverServerGrpc.java:<init>(132)) - GrpcServer channel type EpollServerSocketChannel
2021-12-08 13:31:34,001 [Listener at 127.0.0.1/44261] INFO  http.BaseHttpServer (BaseHttpServer.java:newHttpServer2BuilderForOzone(209)) - Starting Web-server for hddsDatanode at: http://0.0.0.0:0
2021-12-08 13:31:34,002 [Listener at 127.0.0.1/44261] INFO  http.BaseHttpServer (BaseHttpServer.java:<init>(107)) - Hadoop Security Enabled: false Ozone Security Enabled: false Ozone HTTP Security Enabled: false 
2021-12-08 13:31:34,003 [Listener at 127.0.0.1/44261] INFO  server.AuthenticationFilter (AuthenticationFilter.java:constructSecretProvider(240)) - Unable to initialize FileSignerSecretProvider, falling back to use random secrets.
2021-12-08 13:31:34,004 [Listener at 127.0.0.1/44261] WARN  http.HttpRequestLog (HttpRequestLog.java:getRequestLog(103)) - Jetty request log can only be enabled using Log4j
2021-12-08 13:31:34,008 [Listener at 127.0.0.1/44261] INFO  http.HttpServer2 (HttpServer2.java:addGlobalFilter(1030)) - Added global filter 'safety' (class=org.apache.hadoop.hdds.server.http.HttpServer2$QuotingInputFilter)
2021-12-08 13:31:34,009 [Listener at 127.0.0.1/44261] INFO  http.HttpServer2 (HttpServer2.java:addFilter(1006)) - Added filter static_user_filter (class=org.apache.hadoop.http.lib.StaticUserWebFilter$StaticUserFilter) to context hddsDatanode
2021-12-08 13:31:34,009 [Listener at 127.0.0.1/44261] INFO  http.HttpServer2 (HttpServer2.java:addFilter(1014)) - Added filter static_user_filter (class=org.apache.hadoop.http.lib.StaticUserWebFilter$StaticUserFilter) to context static
2021-12-08 13:31:34,009 [Listener at 127.0.0.1/44261] INFO  http.HttpServer2 (HttpServer2.java:addFilter(1014)) - Added filter static_user_filter (class=org.apache.hadoop.http.lib.StaticUserWebFilter$StaticUserFilter) to context logs
2021-12-08 13:31:34,010 [Listener at 127.0.0.1/44261] INFO  http.HttpServer2 (HttpServer2.java:bindListener(1249)) - Jetty bound to port 33861
2021-12-08 13:31:34,010 [Listener at 127.0.0.1/44261] INFO  server.Server (Server.java:doStart(375)) - jetty-9.4.43.v20210629; built: 2021-06-30T11:07:22.254Z; git: 526006ecfa3af7f1a27ef3a288e2bef7ea9dd7e8; jvm 1.8.0_292-b10
2021-12-08 13:31:34,013 [Listener at 127.0.0.1/44261] INFO  server.session (DefaultSessionIdManager.java:doStart(334)) - DefaultSessionIdManager workerName=node0
2021-12-08 13:31:34,013 [Listener at 127.0.0.1/44261] INFO  server.session (DefaultSessionIdManager.java:doStart(339)) - No SessionScavenger set, using defaults
2021-12-08 13:31:34,013 [Listener at 127.0.0.1/44261] INFO  server.session (HouseKeeper.java:startScavenging(132)) - node0 Scavenging every 600000ms
2021-12-08 13:31:34,014 [Listener at 127.0.0.1/44261] INFO  handler.ContextHandler (ContextHandler.java:doStart(915)) - Started o.e.j.s.ServletContextHandler@129a9d88{logs,/logs,file:///home/runner/work/ozone/ozone/hadoop-ozone/integration-test/target/log,AVAILABLE}
2021-12-08 13:31:34,014 [Listener at 127.0.0.1/44261] INFO  handler.ContextHandler (ContextHandler.java:doStart(915)) - Started o.e.j.s.ServletContextHandler@4dcfca8f{static,/static,jar:file:/home/runner/.m2/repository/org/apache/ozone/hdds-container-service/1.3.0-SNAPSHOT/hdds-container-service-1.3.0-SNAPSHOT.jar!/webapps/static,AVAILABLE}
2021-12-08 13:31:34,061 [Listener at 127.0.0.1/44261] INFO  handler.ContextHandler (ContextHandler.java:doStart(915)) - Started o.e.j.w.WebAppContext@11dcc499{hddsDatanode,/,file:///tmp/jetty-0_0_0_0-33861-hdds-container-service-1_3_0-SNAPSHOT_jar-_-any-4721221837762099910/webapp/,AVAILABLE}{jar:file:/home/runner/.m2/repository/org/apache/ozone/hdds-container-service/1.3.0-SNAPSHOT/hdds-container-service-1.3.0-SNAPSHOT.jar!/webapps/hddsDatanode}
2021-12-08 13:31:34,062 [Listener at 127.0.0.1/44261] INFO  server.AbstractConnector (AbstractConnector.java:doStart(331)) - Started ServerConnector@43fd117c{HTTP/1.1, (http/1.1)}{0.0.0.0:33861}
2021-12-08 13:31:34,062 [Listener at 127.0.0.1/44261] INFO  server.Server (Server.java:doStart(415)) - Started @9558ms
2021-12-08 13:31:34,063 [Listener at 127.0.0.1/44261] WARN  impl.MetricsSystemImpl (MetricsSystemImpl.java:register(279)) - Sink prometheus already exists!
2021-12-08 13:31:34,063 [Listener at 127.0.0.1/44261] INFO  http.BaseHttpServer (BaseHttpServer.java:updateConnectorAddress(329)) - HTTP server of hddsDatanode listening at http://0.0.0.0:33861
2021-12-08 13:31:34,064 [Datanode State Machine Daemon Thread] INFO  statemachine.DatanodeStateMachine (DatanodeStateMachine.java:lambda$startDaemon$0(467)) - Ozone container server started.
2021-12-08 13:31:34,065 [Listener at 127.0.0.1/44261] INFO  ozone.MiniOzoneClusterImpl (MiniOzoneClusterImpl.java:lambda$waitForClusterToBeReady$0(235)) - Waiting for nodes to be ready. Got 0 of 10 DN Heartbeats.
2021-12-08 13:31:34,065 [Listener at 127.0.0.1/44261] INFO  ozone.MiniOzoneClusterImpl (MiniOzoneClusterImpl.java:lambda$waitForClusterToBeReady$0(238)) - Waiting for cluster to exit safe mode
2021-12-08 13:31:34,065 [Listener at 127.0.0.1/44261] INFO  ozone.MiniOzoneClusterImpl (MiniOzoneClusterImpl.java:lambda$waitForClusterToBeReady$0(240)) - SCM became leader
2021-12-08 13:31:34,069 [org.apache.hadoop.util.JvmPauseMonitor$Monitor@238241e4] INFO  util.JvmPauseMonitor (JvmPauseMonitor.java:run(188)) - Starting JVM pause monitor
2021-12-08 13:31:34,071 [Datanode State Machine Task Thread - 0] INFO  datanode.InitDatanodeState (InitDatanodeState.java:persistContainerDatanodeDetails(145)) - DatanodeDetails is persisted to /home/runner/work/ozone/ozone/hadoop-ozone/integration-test/target/test-dir/MiniOzoneClusterImpl-c8c699bf-5dad-4457-9252-d1686169726e/datanode-9/meta/datanode.id
2021-12-08 13:31:34,465 [EndpointStateMachine task thread for /0.0.0.0:39559 - 0 ] INFO  ozoneimpl.OzoneContainer (OzoneContainer.java:start(304)) - Attempting to start container services.
2021-12-08 13:31:34,465 [EndpointStateMachine task thread for /0.0.0.0:39559 - 0 ] INFO  ozoneimpl.OzoneContainer (OzoneContainer.java:startContainerScrub(249)) - Background container scanner has been disabled.
2021-12-08 13:31:34,467 [EndpointStateMachine task thread for /0.0.0.0:39559 - 0 ] INFO  replication.ReplicationServer (ReplicationServer.java:start(107)) - ReplicationServer is started using port 40087
2021-12-08 13:31:34,468 [EndpointStateMachine task thread for /0.0.0.0:39559 - 0 ] INFO  ratis.XceiverServerRatis (XceiverServerRatis.java:start(484)) - Starting XceiverServerRatis 4fc445d8-652e-4b1a-8cb7-40c69879e35b
2021-12-08 13:31:34,473 [EndpointStateMachine task thread for /0.0.0.0:39559 - 0 ] INFO  server.RaftServer (RaftServerProxy.java:lambda$start$5(374)) - 4fc445d8-652e-4b1a-8cb7-40c69879e35b: start RPC server
2021-12-08 13:31:34,474 [EndpointStateMachine task thread for /0.0.0.0:39559 - 0 ] INFO  server.GrpcService (GrpcService.java:startImpl(253)) - 4fc445d8-652e-4b1a-8cb7-40c69879e35b: GrpcService started, listening on 33447
2021-12-08 13:31:34,475 [EndpointStateMachine task thread for /0.0.0.0:39559 - 0 ] INFO  ratis.XceiverServerRatis (XceiverServerRatis.java:getRealPort(505)) - XceiverServerRatis 4fc445d8-652e-4b1a-8cb7-40c69879e35b is started using port 33447 for RATIS
2021-12-08 13:31:34,475 [EndpointStateMachine task thread for /0.0.0.0:39559 - 0 ] INFO  ratis.XceiverServerRatis (XceiverServerRatis.java:getRealPort(505)) - XceiverServerRatis 4fc445d8-652e-4b1a-8cb7-40c69879e35b is started using port 33447 for RATIS_ADMIN
2021-12-08 13:31:34,475 [EndpointStateMachine task thread for /0.0.0.0:39559 - 0 ] INFO  ratis.XceiverServerRatis (XceiverServerRatis.java:getRealPort(505)) - XceiverServerRatis 4fc445d8-652e-4b1a-8cb7-40c69879e35b is started using port 33447 for RATIS_SERVER
2021-12-08 13:31:34,475 [org.apache.ratis.util.JvmPauseMonitor$$Lambda$523/1691816368@7b79e042] INFO  util.JvmPauseMonitor (JvmPauseMonitor.java:run(103)) - JvmPauseMonitor-4fc445d8-652e-4b1a-8cb7-40c69879e35b: Started
2021-12-08 13:31:34,477 [EndpointStateMachine task thread for /0.0.0.0:39559 - 0 ] INFO  server.XceiverServerGrpc (XceiverServerGrpc.java:start(180)) - XceiverServerGrpc 4fc445d8-652e-4b1a-8cb7-40c69879e35b is started using port 43397
2021-12-08 13:31:34,673 [EndpointStateMachine task thread for /0.0.0.0:39559 - 0 ] INFO  ozoneimpl.OzoneContainer (OzoneContainer.java:start(304)) - Attempting to start container services.
2021-12-08 13:31:34,673 [EndpointStateMachine task thread for /0.0.0.0:39559 - 0 ] INFO  ozoneimpl.OzoneContainer (OzoneContainer.java:startContainerScrub(249)) - Background container scanner has been disabled.
2021-12-08 13:31:34,674 [EndpointStateMachine task thread for /0.0.0.0:39559 - 0 ] INFO  replication.ReplicationServer (ReplicationServer.java:start(107)) - ReplicationServer is started using port 45113
2021-12-08 13:31:34,675 [EndpointStateMachine task thread for /0.0.0.0:39559 - 0 ] INFO  ratis.XceiverServerRatis (XceiverServerRatis.java:start(484)) - Starting XceiverServerRatis 8a8f2b09-e878-40c2-9c9f-30d928921f94
2021-12-08 13:31:34,676 [EndpointStateMachine task thread for /0.0.0.0:39559 - 0 ] INFO  server.RaftServer (RaftServerProxy.java:lambda$start$5(374)) - 8a8f2b09-e878-40c2-9c9f-30d928921f94: start RPC server
2021-12-08 13:31:34,677 [EndpointStateMachine task thread for /0.0.0.0:39559 - 0 ] INFO  server.GrpcService (GrpcService.java:startImpl(253)) - 8a8f2b09-e878-40c2-9c9f-30d928921f94: GrpcService started, listening on 43169
2021-12-08 13:31:34,677 [EndpointStateMachine task thread for /0.0.0.0:39559 - 0 ] INFO  ratis.XceiverServerRatis (XceiverServerRatis.java:getRealPort(505)) - XceiverServerRatis 8a8f2b09-e878-40c2-9c9f-30d928921f94 is started using port 43169 for RATIS
2021-12-08 13:31:34,677 [EndpointStateMachine task thread for /0.0.0.0:39559 - 0 ] INFO  ratis.XceiverServerRatis (XceiverServerRatis.java:getRealPort(505)) - XceiverServerRatis 8a8f2b09-e878-40c2-9c9f-30d928921f94 is started using port 43169 for RATIS_ADMIN
2021-12-08 13:31:34,677 [org.apache.ratis.util.JvmPauseMonitor$$Lambda$523/1691816368@40d0e3ee] INFO  util.JvmPauseMonitor (JvmPauseMonitor.java:run(103)) - JvmPauseMonitor-8a8f2b09-e878-40c2-9c9f-30d928921f94: Started
2021-12-08 13:31:34,677 [EndpointStateMachine task thread for /0.0.0.0:39559 - 0 ] INFO  ratis.XceiverServerRatis (XceiverServerRatis.java:getRealPort(505)) - XceiverServerRatis 8a8f2b09-e878-40c2-9c9f-30d928921f94 is started using port 43169 for RATIS_SERVER
2021-12-08 13:31:34,679 [EndpointStateMachine task thread for /0.0.0.0:39559 - 0 ] INFO  server.XceiverServerGrpc (XceiverServerGrpc.java:start(180)) - XceiverServerGrpc 8a8f2b09-e878-40c2-9c9f-30d928921f94 is started using port 46517
2021-12-08 13:31:34,893 [EndpointStateMachine task thread for /0.0.0.0:39559 - 0 ] INFO  ozoneimpl.OzoneContainer (OzoneContainer.java:start(304)) - Attempting to start container services.
2021-12-08 13:31:34,894 [EndpointStateMachine task thread for /0.0.0.0:39559 - 0 ] INFO  ozoneimpl.OzoneContainer (OzoneContainer.java:startContainerScrub(249)) - Background container scanner has been disabled.
2021-12-08 13:31:34,896 [EndpointStateMachine task thread for /0.0.0.0:39559 - 0 ] INFO  replication.ReplicationServer (ReplicationServer.java:start(107)) - ReplicationServer is started using port 35283
2021-12-08 13:31:34,901 [EndpointStateMachine task thread for /0.0.0.0:39559 - 0 ] INFO  ratis.XceiverServerRatis (XceiverServerRatis.java:start(484)) - Starting XceiverServerRatis 99b82248-fa78-4a2f-9c0c-a895faee9290
2021-12-08 13:31:34,901 [EndpointStateMachine task thread for /0.0.0.0:39559 - 0 ] INFO  server.RaftServer (RaftServerProxy.java:lambda$start$5(374)) - 99b82248-fa78-4a2f-9c0c-a895faee9290: start RPC server
2021-12-08 13:31:34,903 [EndpointStateMachine task thread for /0.0.0.0:39559 - 0 ] INFO  server.GrpcService (GrpcService.java:startImpl(253)) - 99b82248-fa78-4a2f-9c0c-a895faee9290: GrpcService started, listening on 40213
2021-12-08 13:31:34,903 [EndpointStateMachine task thread for /0.0.0.0:39559 - 0 ] INFO  ratis.XceiverServerRatis (XceiverServerRatis.java:getRealPort(505)) - XceiverServerRatis 99b82248-fa78-4a2f-9c0c-a895faee9290 is started using port 40213 for RATIS
2021-12-08 13:31:34,903 [EndpointStateMachine task thread for /0.0.0.0:39559 - 0 ] INFO  ratis.XceiverServerRatis (XceiverServerRatis.java:getRealPort(505)) - XceiverServerRatis 99b82248-fa78-4a2f-9c0c-a895faee9290 is started using port 40213 for RATIS_ADMIN
2021-12-08 13:31:34,903 [EndpointStateMachine task thread for /0.0.0.0:39559 - 0 ] INFO  ratis.XceiverServerRatis (XceiverServerRatis.java:getRealPort(505)) - XceiverServerRatis 99b82248-fa78-4a2f-9c0c-a895faee9290 is started using port 40213 for RATIS_SERVER
2021-12-08 13:31:34,903 [org.apache.ratis.util.JvmPauseMonitor$$Lambda$523/1691816368@6d9b2cba] INFO  util.JvmPauseMonitor (JvmPauseMonitor.java:run(103)) - JvmPauseMonitor-99b82248-fa78-4a2f-9c0c-a895faee9290: Started
2021-12-08 13:31:34,908 [EndpointStateMachine task thread for /0.0.0.0:39559 - 0 ] INFO  server.XceiverServerGrpc (XceiverServerGrpc.java:start(180)) - XceiverServerGrpc 99b82248-fa78-4a2f-9c0c-a895faee9290 is started using port 36223
2021-12-08 13:31:35,065 [Listener at 127.0.0.1/44261] INFO  ozone.MiniOzoneClusterImpl (MiniOzoneClusterImpl.java:lambda$waitForClusterToBeReady$0(235)) - Waiting for nodes to be ready. Got 0 of 10 DN Heartbeats.
2021-12-08 13:31:35,066 [Listener at 127.0.0.1/44261] INFO  ozone.MiniOzoneClusterImpl (MiniOzoneClusterImpl.java:lambda$waitForClusterToBeReady$0(238)) - Waiting for cluster to exit safe mode
2021-12-08 13:31:35,066 [Listener at 127.0.0.1/44261] INFO  ozone.MiniOzoneClusterImpl (MiniOzoneClusterImpl.java:lambda$waitForClusterToBeReady$0(240)) - SCM became leader
2021-12-08 13:31:35,112 [EndpointStateMachine task thread for /0.0.0.0:39559 - 0 ] INFO  ozoneimpl.OzoneContainer (OzoneContainer.java:start(304)) - Attempting to start container services.
2021-12-08 13:31:35,112 [EndpointStateMachine task thread for /0.0.0.0:39559 - 0 ] INFO  ozoneimpl.OzoneContainer (OzoneContainer.java:startContainerScrub(249)) - Background container scanner has been disabled.
2021-12-08 13:31:35,114 [EndpointStateMachine task thread for /0.0.0.0:39559 - 0 ] INFO  replication.ReplicationServer (ReplicationServer.java:start(107)) - ReplicationServer is started using port 36795
2021-12-08 13:31:35,115 [EndpointStateMachine task thread for /0.0.0.0:39559 - 0 ] INFO  ratis.XceiverServerRatis (XceiverServerRatis.java:start(484)) - Starting XceiverServerRatis ffce9616-478d-40f6-8b96-f3952fb64da5
2021-12-08 13:31:35,116 [EndpointStateMachine task thread for /0.0.0.0:39559 - 0 ] INFO  server.RaftServer (RaftServerProxy.java:lambda$start$5(374)) - ffce9616-478d-40f6-8b96-f3952fb64da5: start RPC server
2021-12-08 13:31:35,118 [EndpointStateMachine task thread for /0.0.0.0:39559 - 0 ] INFO  server.GrpcService (GrpcService.java:startImpl(253)) - ffce9616-478d-40f6-8b96-f3952fb64da5: GrpcService started, listening on 43161
2021-12-08 13:31:35,121 [EndpointStateMachine task thread for /0.0.0.0:39559 - 0 ] INFO  ratis.XceiverServerRatis (XceiverServerRatis.java:getRealPort(505)) - XceiverServerRatis ffce9616-478d-40f6-8b96-f3952fb64da5 is started using port 43161 for RATIS
2021-12-08 13:31:35,121 [EndpointStateMachine task thread for /0.0.0.0:39559 - 0 ] INFO  ratis.XceiverServerRatis (XceiverServerRatis.java:getRealPort(505)) - XceiverServerRatis ffce9616-478d-40f6-8b96-f3952fb64da5 is started using port 43161 for RATIS_ADMIN
2021-12-08 13:31:35,121 [EndpointStateMachine task thread for /0.0.0.0:39559 - 0 ] INFO  ratis.XceiverServerRatis (XceiverServerRatis.java:getRealPort(505)) - XceiverServerRatis ffce9616-478d-40f6-8b96-f3952fb64da5 is started using port 43161 for RATIS_SERVER
2021-12-08 13:31:35,121 [org.apache.ratis.util.JvmPauseMonitor$$Lambda$523/1691816368@5132fa2b] INFO  util.JvmPauseMonitor (JvmPauseMonitor.java:run(103)) - JvmPauseMonitor-ffce9616-478d-40f6-8b96-f3952fb64da5: Started
2021-12-08 13:31:35,123 [EndpointStateMachine task thread for /0.0.0.0:39559 - 0 ] INFO  server.XceiverServerGrpc (XceiverServerGrpc.java:start(180)) - XceiverServerGrpc ffce9616-478d-40f6-8b96-f3952fb64da5 is started using port 43295
2021-12-08 13:31:35,331 [EndpointStateMachine task thread for /0.0.0.0:39559 - 0 ] INFO  ozoneimpl.OzoneContainer (OzoneContainer.java:start(304)) - Attempting to start container services.
2021-12-08 13:31:35,332 [EndpointStateMachine task thread for /0.0.0.0:39559 - 0 ] INFO  ozoneimpl.OzoneContainer (OzoneContainer.java:startContainerScrub(249)) - Background container scanner has been disabled.
2021-12-08 13:31:35,335 [EndpointStateMachine task thread for /0.0.0.0:39559 - 0 ] INFO  replication.ReplicationServer (ReplicationServer.java:start(107)) - ReplicationServer is started using port 44517
2021-12-08 13:31:35,336 [EndpointStateMachine task thread for /0.0.0.0:39559 - 0 ] INFO  ratis.XceiverServerRatis (XceiverServerRatis.java:start(484)) - Starting XceiverServerRatis a327871d-9199-4191-96af-772712e793af
2021-12-08 13:31:35,337 [EndpointStateMachine task thread for /0.0.0.0:39559 - 0 ] INFO  server.RaftServer (RaftServerProxy.java:lambda$start$5(374)) - a327871d-9199-4191-96af-772712e793af: start RPC server
2021-12-08 13:31:35,338 [EndpointStateMachine task thread for /0.0.0.0:39559 - 0 ] INFO  server.GrpcService (GrpcService.java:startImpl(253)) - a327871d-9199-4191-96af-772712e793af: GrpcService started, listening on 35965
2021-12-08 13:31:35,338 [EndpointStateMachine task thread for /0.0.0.0:39559 - 0 ] INFO  ratis.XceiverServerRatis (XceiverServerRatis.java:getRealPort(505)) - XceiverServerRatis a327871d-9199-4191-96af-772712e793af is started using port 35965 for RATIS
2021-12-08 13:31:35,338 [EndpointStateMachine task thread for /0.0.0.0:39559 - 0 ] INFO  ratis.XceiverServerRatis (XceiverServerRatis.java:getRealPort(505)) - XceiverServerRatis a327871d-9199-4191-96af-772712e793af is started using port 35965 for RATIS_ADMIN
2021-12-08 13:31:35,338 [EndpointStateMachine task thread for /0.0.0.0:39559 - 0 ] INFO  ratis.XceiverServerRatis (XceiverServerRatis.java:getRealPort(505)) - XceiverServerRatis a327871d-9199-4191-96af-772712e793af is started using port 35965 for RATIS_SERVER
2021-12-08 13:31:35,338 [org.apache.ratis.util.JvmPauseMonitor$$Lambda$523/1691816368@635afec] INFO  util.JvmPauseMonitor (JvmPauseMonitor.java:run(103)) - JvmPauseMonitor-a327871d-9199-4191-96af-772712e793af: Started
2021-12-08 13:31:35,340 [EndpointStateMachine task thread for /0.0.0.0:39559 - 0 ] INFO  server.XceiverServerGrpc (XceiverServerGrpc.java:start(180)) - XceiverServerGrpc a327871d-9199-4191-96af-772712e793af is started using port 37883
2021-12-08 13:31:35,582 [IPC Server handler 2 on default port 39559] INFO  net.NetworkTopologyImpl (NetworkTopologyImpl.java:add(112)) - Added a new node: /default-rack/425f6569-dffe-4347-8a0f-4e8ceefdc693
2021-12-08 13:31:35,584 [IPC Server handler 2 on default port 39559] INFO  node.SCMNodeManager (SCMNodeManager.java:register(389)) - Registered Data node : 425f6569-dffe-4347-8a0f-4e8ceefdc693{ip: 10.1.0.52, host: fv-az148-92.bm4ck3pvxvsene1rjriu5fhcdb.bx.internal.cloudapp.net, ports: [REPLICATION=44443, RATIS=38009, RATIS_ADMIN=38009, RATIS_SERVER=38009, STANDALONE=43289], networkLocation: /default-rack, certSerialId: null, persistedOpState: null, persistedOpStateExpiryEpochSec: 0}
2021-12-08 13:31:35,587 [EndpointStateMachine task thread for /0.0.0.0:39559 - 0 ] INFO  ozoneimpl.OzoneContainer (OzoneContainer.java:start(304)) - Attempting to start container services.
2021-12-08 13:31:35,588 [EndpointStateMachine task thread for /0.0.0.0:39559 - 0 ] INFO  ozoneimpl.OzoneContainer (OzoneContainer.java:startContainerScrub(249)) - Background container scanner has been disabled.
2021-12-08 13:31:35,589 [EventQueue-NewNodeForNewNodeHandler] INFO  pipeline.BackgroundPipelineCreator (BackgroundPipelineCreator.java:notifyEventTriggered(285)) - trigger a one-shot run on RatisPipelineUtilsThread.
2021-12-08 13:31:35,591 [EventQueue-NodeRegistrationContainerReportForDataNodeSafeModeRule] INFO  safemode.SCMSafeModeManager (DataNodeSafeModeRule.java:process(71)) - SCM in safe mode. 1 DataNodes registered, 3 required.
2021-12-08 13:31:35,592 [EventQueue-NodeRegistrationContainerReportForContainerSafeModeRule] INFO  safemode.SCMSafeModeManager (SCMSafeModeManager.java:validateSafeModeExitRules(204)) - ContainerSafeModeRule rule is successfully validated
2021-12-08 13:31:35,592 [EventQueue-PipelineReportForOneReplicaPipelineSafeModeRule] INFO  safemode.SCMSafeModeManager (SCMSafeModeManager.java:validateSafeModeExitRules(204)) - AtleastOneDatanodeReportedRule rule is successfully validated
2021-12-08 13:31:35,601 [EndpointStateMachine task thread for /0.0.0.0:39559 - 0 ] INFO  replication.ReplicationServer (ReplicationServer.java:start(107)) - ReplicationServer is started using port 45577
2021-12-08 13:31:35,602 [EndpointStateMachine task thread for /0.0.0.0:39559 - 0 ] INFO  ratis.XceiverServerRatis (XceiverServerRatis.java:start(484)) - Starting XceiverServerRatis 32c9ac61-cc75-4e2b-b1a7-531a6ab2a530
2021-12-08 13:31:35,604 [RatisPipelineUtilsThread - 0] INFO  pipeline.RatisPipelineProvider (RatisPipelineProvider.java:lambda$create$0(183)) - Sending CreatePipelineCommand for pipeline:PipelineID=40a167d7-f6ca-4657-bf82-b8539bdb2729 to datanode:425f6569-dffe-4347-8a0f-4e8ceefdc693
2021-12-08 13:31:35,613 [RatisPipelineUtilsThread - 0] INFO  pipeline.PipelineStateManagerImpl (PipelineStateManagerImpl.java:addPipeline(101)) - Created pipeline Pipeline[ Id: 40a167d7-f6ca-4657-bf82-b8539bdb2729, Nodes: 425f6569-dffe-4347-8a0f-4e8ceefdc693{ip: 10.1.0.52, host: fv-az148-92.bm4ck3pvxvsene1rjriu5fhcdb.bx.internal.cloudapp.net, ports: [REPLICATION=44443, RATIS=38009, RATIS_ADMIN=38009, RATIS_SERVER=38009, STANDALONE=43289], networkLocation: /default-rack, certSerialId: null, persistedOpState: IN_SERVICE, persistedOpStateExpiryEpochSec: 0}, ReplicationConfig: RATIS/ONE, State:ALLOCATED, leaderId:, CreationTimestamp2021-12-08T13:31:35.596Z[Etc/UTC]].
2021-12-08 13:31:35,616 [EndpointStateMachine task thread for /0.0.0.0:39559 - 0 ] INFO  server.RaftServer (RaftServerProxy.java:lambda$start$5(374)) - 32c9ac61-cc75-4e2b-b1a7-531a6ab2a530: start RPC server
2021-12-08 13:31:35,618 [EndpointStateMachine task thread for /0.0.0.0:39559 - 0 ] INFO  server.GrpcService (GrpcService.java:startImpl(253)) - 32c9ac61-cc75-4e2b-b1a7-531a6ab2a530: GrpcService started, listening on 44349
2021-12-08 13:31:35,619 [EndpointStateMachine task thread for /0.0.0.0:39559 - 0 ] INFO  ratis.XceiverServerRatis (XceiverServerRatis.java:getRealPort(505)) - XceiverServerRatis 32c9ac61-cc75-4e2b-b1a7-531a6ab2a530 is started using port 44349 for RATIS
2021-12-08 13:31:35,619 [EndpointStateMachine task thread for /0.0.0.0:39559 - 0 ] INFO  ratis.XceiverServerRatis (XceiverServerRatis.java:getRealPort(505)) - XceiverServerRatis 32c9ac61-cc75-4e2b-b1a7-531a6ab2a530 is started using port 44349 for RATIS_ADMIN
2021-12-08 13:31:35,619 [EndpointStateMachine task thread for /0.0.0.0:39559 - 0 ] INFO  ratis.XceiverServerRatis (XceiverServerRatis.java:getRealPort(505)) - XceiverServerRatis 32c9ac61-cc75-4e2b-b1a7-531a6ab2a530 is started using port 44349 for RATIS_SERVER
2021-12-08 13:31:35,619 [org.apache.ratis.util.JvmPauseMonitor$$Lambda$523/1691816368@52f8bc4] INFO  util.JvmPauseMonitor (JvmPauseMonitor.java:run(103)) - JvmPauseMonitor-32c9ac61-cc75-4e2b-b1a7-531a6ab2a530: Started
2021-12-08 13:31:35,623 [EndpointStateMachine task thread for /0.0.0.0:39559 - 0 ] INFO  server.XceiverServerGrpc (XceiverServerGrpc.java:start(180)) - XceiverServerGrpc 32c9ac61-cc75-4e2b-b1a7-531a6ab2a530 is started using port 43731
2021-12-08 13:31:35,851 [EndpointStateMachine task thread for /0.0.0.0:39559 - 0 ] INFO  ozoneimpl.OzoneContainer (OzoneContainer.java:start(304)) - Attempting to start container services.
2021-12-08 13:31:35,851 [EndpointStateMachine task thread for /0.0.0.0:39559 - 0 ] INFO  ozoneimpl.OzoneContainer (OzoneContainer.java:startContainerScrub(249)) - Background container scanner has been disabled.
2021-12-08 13:31:35,853 [EndpointStateMachine task thread for /0.0.0.0:39559 - 0 ] INFO  replication.ReplicationServer (ReplicationServer.java:start(107)) - ReplicationServer is started using port 42913
2021-12-08 13:31:35,854 [EndpointStateMachine task thread for /0.0.0.0:39559 - 0 ] INFO  ratis.XceiverServerRatis (XceiverServerRatis.java:start(484)) - Starting XceiverServerRatis e036e529-a153-4e24-af0e-d2ae8a66431a
2021-12-08 13:31:35,854 [EndpointStateMachine task thread for /0.0.0.0:39559 - 0 ] INFO  server.RaftServer (RaftServerProxy.java:lambda$start$5(374)) - e036e529-a153-4e24-af0e-d2ae8a66431a: start RPC server
2021-12-08 13:31:35,856 [EndpointStateMachine task thread for /0.0.0.0:39559 - 0 ] INFO  server.GrpcService (GrpcService.java:startImpl(253)) - e036e529-a153-4e24-af0e-d2ae8a66431a: GrpcService started, listening on 40929
2021-12-08 13:31:35,856 [EndpointStateMachine task thread for /0.0.0.0:39559 - 0 ] INFO  ratis.XceiverServerRatis (XceiverServerRatis.java:getRealPort(505)) - XceiverServerRatis e036e529-a153-4e24-af0e-d2ae8a66431a is started using port 40929 for RATIS
2021-12-08 13:31:35,856 [org.apache.ratis.util.JvmPauseMonitor$$Lambda$523/1691816368@12b6c579] INFO  util.JvmPauseMonitor (JvmPauseMonitor.java:run(103)) - JvmPauseMonitor-e036e529-a153-4e24-af0e-d2ae8a66431a: Started
2021-12-08 13:31:35,856 [EndpointStateMachine task thread for /0.0.0.0:39559 - 0 ] INFO  ratis.XceiverServerRatis (XceiverServerRatis.java:getRealPort(505)) - XceiverServerRatis e036e529-a153-4e24-af0e-d2ae8a66431a is started using port 40929 for RATIS_ADMIN
2021-12-08 13:31:35,857 [EndpointStateMachine task thread for /0.0.0.0:39559 - 0 ] INFO  ratis.XceiverServerRatis (XceiverServerRatis.java:getRealPort(505)) - XceiverServerRatis e036e529-a153-4e24-af0e-d2ae8a66431a is started using port 40929 for RATIS_SERVER
2021-12-08 13:31:35,858 [EndpointStateMachine task thread for /0.0.0.0:39559 - 0 ] INFO  server.XceiverServerGrpc (XceiverServerGrpc.java:start(180)) - XceiverServerGrpc e036e529-a153-4e24-af0e-d2ae8a66431a is started using port 41803
2021-12-08 13:31:35,878 [IPC Server handler 3 on default port 39559] INFO  net.NetworkTopologyImpl (NetworkTopologyImpl.java:add(112)) - Added a new node: /default-rack/2094aa94-81de-4318-a64f-84012b96f5b8
2021-12-08 13:31:35,878 [IPC Server handler 3 on default port 39559] INFO  node.SCMNodeManager (SCMNodeManager.java:register(389)) - Registered Data node : 2094aa94-81de-4318-a64f-84012b96f5b8{ip: 10.1.0.52, host: fv-az148-92.bm4ck3pvxvsene1rjriu5fhcdb.bx.internal.cloudapp.net, ports: [REPLICATION=45529, RATIS=36179, RATIS_ADMIN=36179, RATIS_SERVER=36179, STANDALONE=34201], networkLocation: /default-rack, certSerialId: null, persistedOpState: null, persistedOpStateExpiryEpochSec: 0}
2021-12-08 13:31:35,878 [EventQueue-NewNodeForNewNodeHandler] INFO  pipeline.BackgroundPipelineCreator (BackgroundPipelineCreator.java:notifyEventTriggered(285)) - trigger a one-shot run on RatisPipelineUtilsThread.
2021-12-08 13:31:35,879 [EventQueue-NodeRegistrationContainerReportForDataNodeSafeModeRule] INFO  safemode.SCMSafeModeManager (DataNodeSafeModeRule.java:process(71)) - SCM in safe mode. 2 DataNodes registered, 3 required.
2021-12-08 13:31:35,879 [RatisPipelineUtilsThread - 0] INFO  pipeline.RatisPipelineProvider (RatisPipelineProvider.java:lambda$create$0(183)) - Sending CreatePipelineCommand for pipeline:PipelineID=e2001822-e6da-49da-a38d-9855683505e4 to datanode:2094aa94-81de-4318-a64f-84012b96f5b8
2021-12-08 13:31:35,880 [RatisPipelineUtilsThread - 0] INFO  pipeline.PipelineStateManagerImpl (PipelineStateManagerImpl.java:addPipeline(101)) - Created pipeline Pipeline[ Id: e2001822-e6da-49da-a38d-9855683505e4, Nodes: 2094aa94-81de-4318-a64f-84012b96f5b8{ip: 10.1.0.52, host: fv-az148-92.bm4ck3pvxvsene1rjriu5fhcdb.bx.internal.cloudapp.net, ports: [REPLICATION=45529, RATIS=36179, RATIS_ADMIN=36179, RATIS_SERVER=36179, STANDALONE=34201], networkLocation: /default-rack, certSerialId: null, persistedOpState: IN_SERVICE, persistedOpStateExpiryEpochSec: 0}, ReplicationConfig: RATIS/ONE, State:ALLOCATED, leaderId:, CreationTimestamp2021-12-08T13:31:35.879Z[Etc/UTC]].
2021-12-08 13:31:36,066 [Listener at 127.0.0.1/44261] INFO  ozone.MiniOzoneClusterImpl (MiniOzoneClusterImpl.java:lambda$waitForClusterToBeReady$0(235)) - Waiting for nodes to be ready. Got 2 of 10 DN Heartbeats.
2021-12-08 13:31:36,067 [Listener at 127.0.0.1/44261] INFO  ozone.MiniOzoneClusterImpl (MiniOzoneClusterImpl.java:lambda$waitForClusterToBeReady$0(238)) - Waiting for cluster to exit safe mode
2021-12-08 13:31:36,067 [Listener at 127.0.0.1/44261] INFO  ozone.MiniOzoneClusterImpl (MiniOzoneClusterImpl.java:lambda$waitForClusterToBeReady$0(240)) - SCM became leader
2021-12-08 13:31:36,074 [EndpointStateMachine task thread for /0.0.0.0:39559 - 0 ] INFO  ozoneimpl.OzoneContainer (OzoneContainer.java:start(304)) - Attempting to start container services.
2021-12-08 13:31:36,075 [EndpointStateMachine task thread for /0.0.0.0:39559 - 0 ] INFO  ozoneimpl.OzoneContainer (OzoneContainer.java:startContainerScrub(249)) - Background container scanner has been disabled.
2021-12-08 13:31:36,077 [EndpointStateMachine task thread for /0.0.0.0:39559 - 0 ] INFO  replication.ReplicationServer (ReplicationServer.java:start(107)) - ReplicationServer is started using port 41677
2021-12-08 13:31:36,078 [EndpointStateMachine task thread for /0.0.0.0:39559 - 0 ] INFO  ratis.XceiverServerRatis (XceiverServerRatis.java:start(484)) - Starting XceiverServerRatis de466789-f219-440c-aedf-e5c1f469e976
2021-12-08 13:31:36,078 [EndpointStateMachine task thread for /0.0.0.0:39559 - 0 ] INFO  server.RaftServer (RaftServerProxy.java:lambda$start$5(374)) - de466789-f219-440c-aedf-e5c1f469e976: start RPC server
2021-12-08 13:31:36,080 [EndpointStateMachine task thread for /0.0.0.0:39559 - 0 ] INFO  server.GrpcService (GrpcService.java:startImpl(253)) - de466789-f219-440c-aedf-e5c1f469e976: GrpcService started, listening on 34045
2021-12-08 13:31:36,080 [EndpointStateMachine task thread for /0.0.0.0:39559 - 0 ] INFO  ratis.XceiverServerRatis (XceiverServerRatis.java:getRealPort(505)) - XceiverServerRatis de466789-f219-440c-aedf-e5c1f469e976 is started using port 34045 for RATIS
2021-12-08 13:31:36,080 [EndpointStateMachine task thread for /0.0.0.0:39559 - 0 ] INFO  ratis.XceiverServerRatis (XceiverServerRatis.java:getRealPort(505)) - XceiverServerRatis de466789-f219-440c-aedf-e5c1f469e976 is started using port 34045 for RATIS_ADMIN
2021-12-08 13:31:36,080 [org.apache.ratis.util.JvmPauseMonitor$$Lambda$523/1691816368@2838ae63] INFO  util.JvmPauseMonitor (JvmPauseMonitor.java:run(103)) - JvmPauseMonitor-de466789-f219-440c-aedf-e5c1f469e976: Started
2021-12-08 13:31:36,080 [EndpointStateMachine task thread for /0.0.0.0:39559 - 0 ] INFO  ratis.XceiverServerRatis (XceiverServerRatis.java:getRealPort(505)) - XceiverServerRatis de466789-f219-440c-aedf-e5c1f469e976 is started using port 34045 for RATIS_SERVER
2021-12-08 13:31:36,083 [EndpointStateMachine task thread for /0.0.0.0:39559 - 0 ] INFO  server.XceiverServerGrpc (XceiverServerGrpc.java:start(180)) - XceiverServerGrpc de466789-f219-440c-aedf-e5c1f469e976 is started using port 37545
2021-12-08 13:31:36,463 [IPC Server handler 0 on default port 39559] INFO  net.NetworkTopologyImpl (NetworkTopologyImpl.java:add(112)) - Added a new node: /default-rack/4fc445d8-652e-4b1a-8cb7-40c69879e35b
2021-12-08 13:31:36,463 [IPC Server handler 0 on default port 39559] INFO  node.SCMNodeManager (SCMNodeManager.java:register(389)) - Registered Data node : 4fc445d8-652e-4b1a-8cb7-40c69879e35b{ip: 10.1.0.52, host: fv-az148-92.bm4ck3pvxvsene1rjriu5fhcdb.bx.internal.cloudapp.net, ports: [REPLICATION=40087, RATIS=33447, RATIS_ADMIN=33447, RATIS_SERVER=33447, STANDALONE=43397], networkLocation: /default-rack, certSerialId: null, persistedOpState: null, persistedOpStateExpiryEpochSec: 0}
2021-12-08 13:31:36,464 [EventQueue-NewNodeForNewNodeHandler] INFO  pipeline.BackgroundPipelineCreator (BackgroundPipelineCreator.java:notifyEventTriggered(285)) - trigger a one-shot run on RatisPipelineUtilsThread.
2021-12-08 13:31:36,464 [EventQueue-NodeRegistrationContainerReportForDataNodeSafeModeRule] INFO  safemode.SCMSafeModeManager (DataNodeSafeModeRule.java:process(71)) - SCM in safe mode. 3 DataNodes registered, 3 required.
2021-12-08 13:31:36,465 [EventQueue-NodeRegistrationContainerReportForDataNodeSafeModeRule] INFO  safemode.SCMSafeModeManager (SCMSafeModeManager.java:validateSafeModeExitRules(204)) - DataNodeSafeModeRule rule is successfully validated
2021-12-08 13:31:36,465 [EventQueue-NodeRegistrationContainerReportForDataNodeSafeModeRule] INFO  safemode.SCMSafeModeManager (SCMSafeModeManager.java:completePreCheck(233)) - All SCM safe mode pre check rules have passed
2021-12-08 13:31:36,465 [EventQueue-NodeRegistrationContainerReportForDataNodeSafeModeRule] WARN  events.EventQueue (EventQueue.java:fireEvent(194)) - No event handler registered for event TypedEvent{payloadType=SafeModeStatus, name='Safe mode status'}
2021-12-08 13:31:36,465 [EventQueue-NodeRegistrationContainerReportForDataNodeSafeModeRule] INFO  ha.SCMContext (SCMContext.java:updateSafeModeStatus(211)) - Update SafeModeStatus from SafeModeStatus{safeModeStatus=true, preCheckPassed=false} to SafeModeStatus{safeModeStatus=true, preCheckPassed=true}.
2021-12-08 13:31:36,465 [EventQueue-NodeRegistrationContainerReportForDataNodeSafeModeRule] INFO  pipeline.BackgroundPipelineCreator (BackgroundPipelineCreator.java:notifyEventTriggered(285)) - trigger a one-shot run on RatisPipelineUtilsThread.
2021-12-08 13:31:36,465 [RatisPipelineUtilsThread - 0] INFO  pipeline.RatisPipelineProvider (RatisPipelineProvider.java:lambda$create$0(183)) - Sending CreatePipelineCommand for pipeline:PipelineID=6df550c0-6ee9-445f-acaf-dad1af2df7fc to datanode:4fc445d8-652e-4b1a-8cb7-40c69879e35b
2021-12-08 13:31:36,466 [RatisPipelineUtilsThread - 0] INFO  pipeline.PipelineStateManagerImpl (PipelineStateManagerImpl.java:addPipeline(101)) - Created pipeline Pipeline[ Id: 6df550c0-6ee9-445f-acaf-dad1af2df7fc, Nodes: 4fc445d8-652e-4b1a-8cb7-40c69879e35b{ip: 10.1.0.52, host: fv-az148-92.bm4ck3pvxvsene1rjriu5fhcdb.bx.internal.cloudapp.net, ports: [REPLICATION=40087, RATIS=33447, RATIS_ADMIN=33447, RATIS_SERVER=33447, STANDALONE=43397], networkLocation: /default-rack, certSerialId: null, persistedOpState: IN_SERVICE, persistedOpStateExpiryEpochSec: 0}, ReplicationConfig: RATIS/ONE, State:ALLOCATED, leaderId:, CreationTimestamp2021-12-08T13:31:36.465Z[Etc/UTC]].
2021-12-08 13:31:36,472 [RatisPipelineUtilsThread - 0] INFO  pipeline.RatisPipelineProvider (RatisPipelineProvider.java:lambda$create$0(183)) - Sending CreatePipelineCommand for pipeline:PipelineID=2f827967-e32c-4d18-8c94-240648f9c09f to datanode:425f6569-dffe-4347-8a0f-4e8ceefdc693
2021-12-08 13:31:36,472 [RatisPipelineUtilsThread - 0] INFO  pipeline.RatisPipelineProvider (RatisPipelineProvider.java:lambda$create$0(183)) - Sending CreatePipelineCommand for pipeline:PipelineID=2f827967-e32c-4d18-8c94-240648f9c09f to datanode:2094aa94-81de-4318-a64f-84012b96f5b8
2021-12-08 13:31:36,472 [RatisPipelineUtilsThread - 0] INFO  pipeline.RatisPipelineProvider (RatisPipelineProvider.java:lambda$create$0(183)) - Sending CreatePipelineCommand for pipeline:PipelineID=2f827967-e32c-4d18-8c94-240648f9c09f to datanode:4fc445d8-652e-4b1a-8cb7-40c69879e35b
2021-12-08 13:31:36,473 [RatisPipelineUtilsThread - 0] INFO  pipeline.PipelineStateManagerImpl (PipelineStateManagerImpl.java:addPipeline(101)) - Created pipeline Pipeline[ Id: 2f827967-e32c-4d18-8c94-240648f9c09f, Nodes: 425f6569-dffe-4347-8a0f-4e8ceefdc693{ip: 10.1.0.52, host: fv-az148-92.bm4ck3pvxvsene1rjriu5fhcdb.bx.internal.cloudapp.net, ports: [REPLICATION=44443, RATIS=38009, RATIS_ADMIN=38009, RATIS_SERVER=38009, STANDALONE=43289], networkLocation: /default-rack, certSerialId: null, persistedOpState: IN_SERVICE, persistedOpStateExpiryEpochSec: 0}2094aa94-81de-4318-a64f-84012b96f5b8{ip: 10.1.0.52, host: fv-az148-92.bm4ck3pvxvsene1rjriu5fhcdb.bx.internal.cloudapp.net, ports: [REPLICATION=45529, RATIS=36179, RATIS_ADMIN=36179, RATIS_SERVER=36179, STANDALONE=34201], networkLocation: /default-rack, certSerialId: null, persistedOpState: IN_SERVICE, persistedOpStateExpiryEpochSec: 0}4fc445d8-652e-4b1a-8cb7-40c69879e35b{ip: 10.1.0.52, host: fv-az148-92.bm4ck3pvxvsene1rjriu5fhcdb.bx.internal.cloudapp.net, ports: [REPLICATION=40087, RATIS=33447, RATIS_ADMIN=33447, RATIS_SERVER=33447, STANDALONE=43397], networkLocation: /default-rack, certSerialId: null, persistedOpState: IN_SERVICE, persistedOpStateExpiryEpochSec: 0}, ReplicationConfig: RATIS/THREE, State:ALLOCATED, leaderId:, CreationTimestamp2021-12-08T13:31:36.472Z[Etc/UTC]].
2021-12-08 13:31:36,474 [RatisPipelineUtilsThread - 0] INFO  pipeline.RatisPipelineProvider (RatisPipelineProvider.java:lambda$create$0(183)) - Sending CreatePipelineCommand for pipeline:PipelineID=c6c76995-c800-4a85-82f4-f1fce50a5a08 to datanode:425f6569-dffe-4347-8a0f-4e8ceefdc693
2021-12-08 13:31:36,475 [RatisPipelineUtilsThread - 0] INFO  pipeline.RatisPipelineProvider (RatisPipelineProvider.java:lambda$create$0(183)) - Sending CreatePipelineCommand for pipeline:PipelineID=c6c76995-c800-4a85-82f4-f1fce50a5a08 to datanode:4fc445d8-652e-4b1a-8cb7-40c69879e35b
2021-12-08 13:31:36,475 [RatisPipelineUtilsThread - 0] INFO  pipeline.RatisPipelineProvider (RatisPipelineProvider.java:lambda$create$0(183)) - Sending CreatePipelineCommand for pipeline:PipelineID=c6c76995-c800-4a85-82f4-f1fce50a5a08 to datanode:2094aa94-81de-4318-a64f-84012b96f5b8
2021-12-08 13:31:36,476 [RatisPipelineUtilsThread - 0] INFO  pipeline.PipelineStateManagerImpl (PipelineStateManagerImpl.java:addPipeline(101)) - Created pipeline Pipeline[ Id: c6c76995-c800-4a85-82f4-f1fce50a5a08, Nodes: 425f6569-dffe-4347-8a0f-4e8ceefdc693{ip: 10.1.0.52, host: fv-az148-92.bm4ck3pvxvsene1rjriu5fhcdb.bx.internal.cloudapp.net, ports: [REPLICATION=44443, RATIS=38009, RATIS_ADMIN=38009, RATIS_SERVER=38009, STANDALONE=43289], networkLocation: /default-rack, certSerialId: null, persistedOpState: IN_SERVICE, persistedOpStateExpiryEpochSec: 0}4fc445d8-652e-4b1a-8cb7-40c69879e35b{ip: 10.1.0.52, host: fv-az148-92.bm4ck3pvxvsene1rjriu5fhcdb.bx.internal.cloudapp.net, ports: [REPLICATION=40087, RATIS=33447, RATIS_ADMIN=33447, RATIS_SERVER=33447, STANDALONE=43397], networkLocation: /default-rack, certSerialId: null, persistedOpState: IN_SERVICE, persistedOpStateExpiryEpochSec: 0}2094aa94-81de-4318-a64f-84012b96f5b8{ip: 10.1.0.52, host: fv-az148-92.bm4ck3pvxvsene1rjriu5fhcdb.bx.internal.cloudapp.net, ports: [REPLICATION=45529, RATIS=36179, RATIS_ADMIN=36179, RATIS_SERVER=36179, STANDALONE=34201], networkLocation: /default-rack, certSerialId: null, persistedOpState: IN_SERVICE, persistedOpStateExpiryEpochSec: 0}, ReplicationConfig: RATIS/THREE, State:ALLOCATED, leaderId:, CreationTimestamp2021-12-08T13:31:36.474Z[Etc/UTC]].
2021-12-08 13:31:36,476 [RatisPipelineUtilsThread - 0] INFO  pipeline.PipelineManagerImpl (PipelineManagerImpl.java:recordMetricsForPipeline(639)) - Pipeline: PipelineID=c6c76995-c800-4a85-82f4-f1fce50a5a08 contains same datanodes as previous pipelines: PipelineID=2f827967-e32c-4d18-8c94-240648f9c09f nodeIds: 425f6569-dffe-4347-8a0f-4e8ceefdc693, 4fc445d8-652e-4b1a-8cb7-40c69879e35b, 2094aa94-81de-4318-a64f-84012b96f5b8
2021-12-08 13:31:36,671 [IPC Server handler 6 on default port 39559] INFO  net.NetworkTopologyImpl (NetworkTopologyImpl.java:add(112)) - Added a new node: /default-rack/8a8f2b09-e878-40c2-9c9f-30d928921f94
2021-12-08 13:31:36,672 [IPC Server handler 6 on default port 39559] INFO  node.SCMNodeManager (SCMNodeManager.java:register(389)) - Registered Data node : 8a8f2b09-e878-40c2-9c9f-30d928921f94{ip: 10.1.0.52, host: fv-az148-92.bm4ck3pvxvsene1rjriu5fhcdb.bx.internal.cloudapp.net, ports: [REPLICATION=45113, RATIS=43169, RATIS_ADMIN=43169, RATIS_SERVER=43169, STANDALONE=46517], networkLocation: /default-rack, certSerialId: null, persistedOpState: null, persistedOpStateExpiryEpochSec: 0}
2021-12-08 13:31:36,673 [EventQueue-NewNodeForNewNodeHandler] INFO  pipeline.BackgroundPipelineCreator (BackgroundPipelineCreator.java:notifyEventTriggered(285)) - trigger a one-shot run on RatisPipelineUtilsThread.
2021-12-08 13:31:36,673 [RatisPipelineUtilsThread - 0] INFO  pipeline.RatisPipelineProvider (RatisPipelineProvider.java:lambda$create$0(183)) - Sending CreatePipelineCommand for pipeline:PipelineID=e5a80b19-f49e-4525-8dfa-7fe3a30e79eb to datanode:8a8f2b09-e878-40c2-9c9f-30d928921f94
2021-12-08 13:31:36,674 [RatisPipelineUtilsThread - 0] INFO  pipeline.PipelineStateManagerImpl (PipelineStateManagerImpl.java:addPipeline(101)) - Created pipeline Pipeline[ Id: e5a80b19-f49e-4525-8dfa-7fe3a30e79eb, Nodes: 8a8f2b09-e878-40c2-9c9f-30d928921f94{ip: 10.1.0.52, host: fv-az148-92.bm4ck3pvxvsene1rjriu5fhcdb.bx.internal.cloudapp.net, ports: [REPLICATION=45113, RATIS=43169, RATIS_ADMIN=43169, RATIS_SERVER=43169, STANDALONE=46517], networkLocation: /default-rack, certSerialId: null, persistedOpState: IN_SERVICE, persistedOpStateExpiryEpochSec: 0}, ReplicationConfig: RATIS/ONE, State:ALLOCATED, leaderId:, CreationTimestamp2021-12-08T13:31:36.673Z[Etc/UTC]].
2021-12-08 13:31:36,893 [IPC Server handler 1 on default port 39559] INFO  net.NetworkTopologyImpl (NetworkTopologyImpl.java:add(112)) - Added a new node: /default-rack/99b82248-fa78-4a2f-9c0c-a895faee9290
2021-12-08 13:31:36,893 [IPC Server handler 1 on default port 39559] INFO  node.SCMNodeManager (SCMNodeManager.java:register(389)) - Registered Data node : 99b82248-fa78-4a2f-9c0c-a895faee9290{ip: 10.1.0.52, host: fv-az148-92.bm4ck3pvxvsene1rjriu5fhcdb.bx.internal.cloudapp.net, ports: [REPLICATION=35283, RATIS=40213, RATIS_ADMIN=40213, RATIS_SERVER=40213, STANDALONE=36223], networkLocation: /default-rack, certSerialId: null, persistedOpState: null, persistedOpStateExpiryEpochSec: 0}
2021-12-08 13:31:36,893 [EventQueue-NewNodeForNewNodeHandler] INFO  pipeline.BackgroundPipelineCreator (BackgroundPipelineCreator.java:notifyEventTriggered(285)) - trigger a one-shot run on RatisPipelineUtilsThread.
2021-12-08 13:31:36,898 [RatisPipelineUtilsThread - 0] INFO  pipeline.RatisPipelineProvider (RatisPipelineProvider.java:lambda$create$0(183)) - Sending CreatePipelineCommand for pipeline:PipelineID=63e19dee-aa8e-4333-b67f-7c3fac2d08db to datanode:99b82248-fa78-4a2f-9c0c-a895faee9290
2021-12-08 13:31:36,899 [RatisPipelineUtilsThread - 0] INFO  pipeline.PipelineStateManagerImpl (PipelineStateManagerImpl.java:addPipeline(101)) - Created pipeline Pipeline[ Id: 63e19dee-aa8e-4333-b67f-7c3fac2d08db, Nodes: 99b82248-fa78-4a2f-9c0c-a895faee9290{ip: 10.1.0.52, host: fv-az148-92.bm4ck3pvxvsene1rjriu5fhcdb.bx.internal.cloudapp.net, ports: [REPLICATION=35283, RATIS=40213, RATIS_ADMIN=40213, RATIS_SERVER=40213, STANDALONE=36223], networkLocation: /default-rack, certSerialId: null, persistedOpState: IN_SERVICE, persistedOpStateExpiryEpochSec: 0}, ReplicationConfig: RATIS/ONE, State:ALLOCATED, leaderId:, CreationTimestamp2021-12-08T13:31:36.898Z[Etc/UTC]].
2021-12-08 13:31:37,067 [Listener at 127.0.0.1/44261] INFO  ozone.MiniOzoneClusterImpl (MiniOzoneClusterImpl.java:lambda$waitForClusterToBeReady$0(235)) - Waiting for nodes to be ready. Got 5 of 10 DN Heartbeats.
2021-12-08 13:31:37,068 [Listener at 127.0.0.1/44261] INFO  ozone.MiniOzoneClusterImpl (MiniOzoneClusterImpl.java:lambda$waitForClusterToBeReady$0(238)) - Waiting for cluster to exit safe mode
2021-12-08 13:31:37,068 [Listener at 127.0.0.1/44261] INFO  ozone.MiniOzoneClusterImpl (MiniOzoneClusterImpl.java:lambda$waitForClusterToBeReady$0(240)) - SCM became leader
2021-12-08 13:31:37,108 [IPC Server handler 0 on default port 39559] INFO  net.NetworkTopologyImpl (NetworkTopologyImpl.java:add(112)) - Added a new node: /default-rack/ffce9616-478d-40f6-8b96-f3952fb64da5
2021-12-08 13:31:37,109 [IPC Server handler 0 on default port 39559] INFO  node.SCMNodeManager (SCMNodeManager.java:register(389)) - Registered Data node : ffce9616-478d-40f6-8b96-f3952fb64da5{ip: 10.1.0.52, host: fv-az148-92.bm4ck3pvxvsene1rjriu5fhcdb.bx.internal.cloudapp.net, ports: [REPLICATION=36795, RATIS=43161, RATIS_ADMIN=43161, RATIS_SERVER=43161, STANDALONE=43295], networkLocation: /default-rack, certSerialId: null, persistedOpState: null, persistedOpStateExpiryEpochSec: 0}
2021-12-08 13:31:37,109 [EventQueue-NewNodeForNewNodeHandler] INFO  pipeline.BackgroundPipelineCreator (BackgroundPipelineCreator.java:notifyEventTriggered(285)) - trigger a one-shot run on RatisPipelineUtilsThread.
2021-12-08 13:31:37,111 [RatisPipelineUtilsThread - 0] INFO  pipeline.RatisPipelineProvider (RatisPipelineProvider.java:lambda$create$0(183)) - Sending CreatePipelineCommand for pipeline:PipelineID=6a6510fb-3fae-4d9a-8722-a951b741df3d to datanode:ffce9616-478d-40f6-8b96-f3952fb64da5
2021-12-08 13:31:37,111 [RatisPipelineUtilsThread - 0] INFO  pipeline.PipelineStateManagerImpl (PipelineStateManagerImpl.java:addPipeline(101)) - Created pipeline Pipeline[ Id: 6a6510fb-3fae-4d9a-8722-a951b741df3d, Nodes: ffce9616-478d-40f6-8b96-f3952fb64da5{ip: 10.1.0.52, host: fv-az148-92.bm4ck3pvxvsene1rjriu5fhcdb.bx.internal.cloudapp.net, ports: [REPLICATION=36795, RATIS=43161, RATIS_ADMIN=43161, RATIS_SERVER=43161, STANDALONE=43295], networkLocation: /default-rack, certSerialId: null, persistedOpState: IN_SERVICE, persistedOpStateExpiryEpochSec: 0}, ReplicationConfig: RATIS/ONE, State:ALLOCATED, leaderId:, CreationTimestamp2021-12-08T13:31:37.111Z[Etc/UTC]].
2021-12-08 13:31:37,112 [RatisPipelineUtilsThread - 0] INFO  pipeline.RatisPipelineProvider (RatisPipelineProvider.java:lambda$create$0(183)) - Sending CreatePipelineCommand for pipeline:PipelineID=c6079cec-e262-4cc2-85cc-c26b04e915aa to datanode:8a8f2b09-e878-40c2-9c9f-30d928921f94
2021-12-08 13:31:37,112 [RatisPipelineUtilsThread - 0] INFO  pipeline.RatisPipelineProvider (RatisPipelineProvider.java:lambda$create$0(183)) - Sending CreatePipelineCommand for pipeline:PipelineID=c6079cec-e262-4cc2-85cc-c26b04e915aa to datanode:ffce9616-478d-40f6-8b96-f3952fb64da5
2021-12-08 13:31:37,112 [RatisPipelineUtilsThread - 0] INFO  pipeline.RatisPipelineProvider (RatisPipelineProvider.java:lambda$create$0(183)) - Sending CreatePipelineCommand for pipeline:PipelineID=c6079cec-e262-4cc2-85cc-c26b04e915aa to datanode:99b82248-fa78-4a2f-9c0c-a895faee9290
2021-12-08 13:31:37,113 [RatisPipelineUtilsThread - 0] INFO  pipeline.PipelineStateManagerImpl (PipelineStateManagerImpl.java:addPipeline(101)) - Created pipeline Pipeline[ Id: c6079cec-e262-4cc2-85cc-c26b04e915aa, Nodes: 8a8f2b09-e878-40c2-9c9f-30d928921f94{ip: 10.1.0.52, host: fv-az148-92.bm4ck3pvxvsene1rjriu5fhcdb.bx.internal.cloudapp.net, ports: [REPLICATION=45113, RATIS=43169, RATIS_ADMIN=43169, RATIS_SERVER=43169, STANDALONE=46517], networkLocation: /default-rack, certSerialId: null, persistedOpState: IN_SERVICE, persistedOpStateExpiryEpochSec: 0}ffce9616-478d-40f6-8b96-f3952fb64da5{ip: 10.1.0.52, host: fv-az148-92.bm4ck3pvxvsene1rjriu5fhcdb.bx.internal.cloudapp.net, ports: [REPLICATION=36795, RATIS=43161, RATIS_ADMIN=43161, RATIS_SERVER=43161, STANDALONE=43295], networkLocation: /default-rack, certSerialId: null, persistedOpState: IN_SERVICE, persistedOpStateExpiryEpochSec: 0}99b82248-fa78-4a2f-9c0c-a895faee9290{ip: 10.1.0.52, host: fv-az148-92.bm4ck3pvxvsene1rjriu5fhcdb.bx.internal.cloudapp.net, ports: [REPLICATION=35283, RATIS=40213, RATIS_ADMIN=40213, RATIS_SERVER=40213, STANDALONE=36223], networkLocation: /default-rack, certSerialId: null, persistedOpState: IN_SERVICE, persistedOpStateExpiryEpochSec: 0}, ReplicationConfig: RATIS/THREE, State:ALLOCATED, leaderId:, CreationTimestamp2021-12-08T13:31:37.112Z[Etc/UTC]].
2021-12-08 13:31:37,114 [RatisPipelineUtilsThread - 0] INFO  pipeline.RatisPipelineProvider (RatisPipelineProvider.java:lambda$create$0(183)) - Sending CreatePipelineCommand for pipeline:PipelineID=0ce629aa-0e6a-4c3b-86ec-c6c5aea563d1 to datanode:ffce9616-478d-40f6-8b96-f3952fb64da5
2021-12-08 13:31:37,115 [RatisPipelineUtilsThread - 0] INFO  pipeline.RatisPipelineProvider (RatisPipelineProvider.java:lambda$create$0(183)) - Sending CreatePipelineCommand for pipeline:PipelineID=0ce629aa-0e6a-4c3b-86ec-c6c5aea563d1 to datanode:8a8f2b09-e878-40c2-9c9f-30d928921f94
2021-12-08 13:31:37,115 [RatisPipelineUtilsThread - 0] INFO  pipeline.RatisPipelineProvider (RatisPipelineProvider.java:lambda$create$0(183)) - Sending CreatePipelineCommand for pipeline:PipelineID=0ce629aa-0e6a-4c3b-86ec-c6c5aea563d1 to datanode:99b82248-fa78-4a2f-9c0c-a895faee9290
2021-12-08 13:31:37,115 [RatisPipelineUtilsThread - 0] INFO  pipeline.PipelineStateManagerImpl (PipelineStateManagerImpl.java:addPipeline(101)) - Created pipeline Pipeline[ Id: 0ce629aa-0e6a-4c3b-86ec-c6c5aea563d1, Nodes: ffce9616-478d-40f6-8b96-f3952fb64da5{ip: 10.1.0.52, host: fv-az148-92.bm4ck3pvxvsene1rjriu5fhcdb.bx.internal.cloudapp.net, ports: [REPLICATION=36795, RATIS=43161, RATIS_ADMIN=43161, RATIS_SERVER=43161, STANDALONE=43295], networkLocation: /default-rack, certSerialId: null, persistedOpState: IN_SERVICE, persistedOpStateExpiryEpochSec: 0}8a8f2b09-e878-40c2-9c9f-30d928921f94{ip: 10.1.0.52, host: fv-az148-92.bm4ck3pvxvsene1rjriu5fhcdb.bx.internal.cloudapp.net, ports: [REPLICATION=45113, RATIS=43169, RATIS_ADMIN=43169, RATIS_SERVER=43169, STANDALONE=46517], networkLocation: /default-rack, certSerialId: null, persistedOpState: IN_SERVICE, persistedOpStateExpiryEpochSec: 0}99b82248-fa78-4a2f-9c0c-a895faee9290{ip: 10.1.0.52, host: fv-az148-92.bm4ck3pvxvsene1rjriu5fhcdb.bx.internal.cloudapp.net, ports: [REPLICATION=35283, RATIS=40213, RATIS_ADMIN=40213, RATIS_SERVER=40213, STANDALONE=36223], networkLocation: /default-rack, certSerialId: null, persistedOpState: IN_SERVICE, persistedOpStateExpiryEpochSec: 0}, ReplicationConfig: RATIS/THREE, State:ALLOCATED, leaderId:, CreationTimestamp2021-12-08T13:31:37.114Z[Etc/UTC]].
2021-12-08 13:31:37,116 [RatisPipelineUtilsThread - 0] INFO  pipeline.PipelineManagerImpl (PipelineManagerImpl.java:recordMetricsForPipeline(639)) - Pipeline: PipelineID=0ce629aa-0e6a-4c3b-86ec-c6c5aea563d1 contains same datanodes as previous pipelines: PipelineID=c6079cec-e262-4cc2-85cc-c26b04e915aa nodeIds: ffce9616-478d-40f6-8b96-f3952fb64da5, 8a8f2b09-e878-40c2-9c9f-30d928921f94, 99b82248-fa78-4a2f-9c0c-a895faee9290
2021-12-08 13:31:37,329 [IPC Server handler 2 on default port 39559] INFO  net.NetworkTopologyImpl (NetworkTopologyImpl.java:add(112)) - Added a new node: /default-rack/a327871d-9199-4191-96af-772712e793af
2021-12-08 13:31:37,330 [IPC Server handler 2 on default port 39559] INFO  node.SCMNodeManager (SCMNodeManager.java:register(389)) - Registered Data node : a327871d-9199-4191-96af-772712e793af{ip: 10.1.0.52, host: fv-az148-92.bm4ck3pvxvsene1rjriu5fhcdb.bx.internal.cloudapp.net, ports: [REPLICATION=44517, RATIS=35965, RATIS_ADMIN=35965, RATIS_SERVER=35965, STANDALONE=37883], networkLocation: /default-rack, certSerialId: null, persistedOpState: null, persistedOpStateExpiryEpochSec: 0}
2021-12-08 13:31:37,330 [EventQueue-NewNodeForNewNodeHandler] INFO  pipeline.BackgroundPipelineCreator (BackgroundPipelineCreator.java:notifyEventTriggered(285)) - trigger a one-shot run on RatisPipelineUtilsThread.
2021-12-08 13:31:37,331 [RatisPipelineUtilsThread - 0] INFO  pipeline.RatisPipelineProvider (RatisPipelineProvider.java:lambda$create$0(183)) - Sending CreatePipelineCommand for pipeline:PipelineID=d527efe4-7c9d-4519-82a3-600d89acf17f to datanode:a327871d-9199-4191-96af-772712e793af
2021-12-08 13:31:37,332 [RatisPipelineUtilsThread - 0] INFO  pipeline.PipelineStateManagerImpl (PipelineStateManagerImpl.java:addPipeline(101)) - Created pipeline Pipeline[ Id: d527efe4-7c9d-4519-82a3-600d89acf17f, Nodes: a327871d-9199-4191-96af-772712e793af{ip: 10.1.0.52, host: fv-az148-92.bm4ck3pvxvsene1rjriu5fhcdb.bx.internal.cloudapp.net, ports: [REPLICATION=44517, RATIS=35965, RATIS_ADMIN=35965, RATIS_SERVER=35965, STANDALONE=37883], networkLocation: /default-rack, certSerialId: null, persistedOpState: IN_SERVICE, persistedOpStateExpiryEpochSec: 0}, ReplicationConfig: RATIS/ONE, State:ALLOCATED, leaderId:, CreationTimestamp2021-12-08T13:31:37.331Z[Etc/UTC]].
2021-12-08 13:31:37,593 [IPC Server handler 8 on default port 39559] INFO  net.NetworkTopologyImpl (NetworkTopologyImpl.java:add(112)) - Added a new node: /default-rack/32c9ac61-cc75-4e2b-b1a7-531a6ab2a530
2021-12-08 13:31:37,593 [IPC Server handler 8 on default port 39559] INFO  node.SCMNodeManager (SCMNodeManager.java:register(389)) - Registered Data node : 32c9ac61-cc75-4e2b-b1a7-531a6ab2a530{ip: 10.1.0.52, host: fv-az148-92.bm4ck3pvxvsene1rjriu5fhcdb.bx.internal.cloudapp.net, ports: [REPLICATION=45577, RATIS=44349, RATIS_ADMIN=44349, RATIS_SERVER=44349, STANDALONE=43731], networkLocation: /default-rack, certSerialId: null, persistedOpState: null, persistedOpStateExpiryEpochSec: 0}
2021-12-08 13:31:37,593 [EventQueue-NewNodeForNewNodeHandler] INFO  pipeline.BackgroundPipelineCreator (BackgroundPipelineCreator.java:notifyEventTriggered(285)) - trigger a one-shot run on RatisPipelineUtilsThread.
2021-12-08 13:31:37,594 [RatisPipelineUtilsThread - 0] INFO  pipeline.RatisPipelineProvider (RatisPipelineProvider.java:lambda$create$0(183)) - Sending CreatePipelineCommand for pipeline:PipelineID=567c1e31-b876-4c0a-b0f3-75e169ca73f6 to datanode:32c9ac61-cc75-4e2b-b1a7-531a6ab2a530
2021-12-08 13:31:37,595 [RatisPipelineUtilsThread - 0] INFO  pipeline.PipelineStateManagerImpl (PipelineStateManagerImpl.java:addPipeline(101)) - Created pipeline Pipeline[ Id: 567c1e31-b876-4c0a-b0f3-75e169ca73f6, Nodes: 32c9ac61-cc75-4e2b-b1a7-531a6ab2a530{ip: 10.1.0.52, host: fv-az148-92.bm4ck3pvxvsene1rjriu5fhcdb.bx.internal.cloudapp.net, ports: [REPLICATION=45577, RATIS=44349, RATIS_ADMIN=44349, RATIS_SERVER=44349, STANDALONE=43731], networkLocation: /default-rack, certSerialId: null, persistedOpState: IN_SERVICE, persistedOpStateExpiryEpochSec: 0}, ReplicationConfig: RATIS/ONE, State:ALLOCATED, leaderId:, CreationTimestamp2021-12-08T13:31:37.594Z[Etc/UTC]].
2021-12-08 13:31:37,848 [IPC Server handler 3 on default port 39559] INFO  net.NetworkTopologyImpl (NetworkTopologyImpl.java:add(112)) - Added a new node: /default-rack/e036e529-a153-4e24-af0e-d2ae8a66431a
2021-12-08 13:31:37,848 [IPC Server handler 3 on default port 39559] INFO  node.SCMNodeManager (SCMNodeManager.java:register(389)) - Registered Data node : e036e529-a153-4e24-af0e-d2ae8a66431a{ip: 10.1.0.52, host: fv-az148-92.bm4ck3pvxvsene1rjriu5fhcdb.bx.internal.cloudapp.net, ports: [REPLICATION=42913, RATIS=40929, RATIS_ADMIN=40929, RATIS_SERVER=40929, STANDALONE=41803], networkLocation: /default-rack, certSerialId: null, persistedOpState: null, persistedOpStateExpiryEpochSec: 0}
2021-12-08 13:31:37,849 [EventQueue-NewNodeForNewNodeHandler] INFO  pipeline.BackgroundPipelineCreator (BackgroundPipelineCreator.java:notifyEventTriggered(285)) - trigger a one-shot run on RatisPipelineUtilsThread.
2021-12-08 13:31:37,853 [RatisPipelineUtilsThread - 0] INFO  pipeline.RatisPipelineProvider (RatisPipelineProvider.java:lambda$create$0(183)) - Sending CreatePipelineCommand for pipeline:PipelineID=23097f36-3410-4660-88fc-304a4bc6656d to datanode:e036e529-a153-4e24-af0e-d2ae8a66431a
2021-12-08 13:31:37,853 [RatisPipelineUtilsThread - 0] INFO  pipeline.PipelineStateManagerImpl (PipelineStateManagerImpl.java:addPipeline(101)) - Created pipeline Pipeline[ Id: 23097f36-3410-4660-88fc-304a4bc6656d, Nodes: e036e529-a153-4e24-af0e-d2ae8a66431a{ip: 10.1.0.52, host: fv-az148-92.bm4ck3pvxvsene1rjriu5fhcdb.bx.internal.cloudapp.net, ports: [REPLICATION=42913, RATIS=40929, RATIS_ADMIN=40929, RATIS_SERVER=40929, STANDALONE=41803], networkLocation: /default-rack, certSerialId: null, persistedOpState: IN_SERVICE, persistedOpStateExpiryEpochSec: 0}, ReplicationConfig: RATIS/ONE, State:ALLOCATED, leaderId:, CreationTimestamp2021-12-08T13:31:37.853Z[Etc/UTC]].
2021-12-08 13:31:37,854 [RatisPipelineUtilsThread - 0] INFO  pipeline.RatisPipelineProvider (RatisPipelineProvider.java:lambda$create$0(183)) - Sending CreatePipelineCommand for pipeline:PipelineID=37f15bbb-3e85-43b8-a469-00d4d5fabf3f to datanode:a327871d-9199-4191-96af-772712e793af
2021-12-08 13:31:37,854 [RatisPipelineUtilsThread - 0] INFO  pipeline.RatisPipelineProvider (RatisPipelineProvider.java:lambda$create$0(183)) - Sending CreatePipelineCommand for pipeline:PipelineID=37f15bbb-3e85-43b8-a469-00d4d5fabf3f to datanode:e036e529-a153-4e24-af0e-d2ae8a66431a
2021-12-08 13:31:37,854 [RatisPipelineUtilsThread - 0] INFO  pipeline.RatisPipelineProvider (RatisPipelineProvider.java:lambda$create$0(183)) - Sending CreatePipelineCommand for pipeline:PipelineID=37f15bbb-3e85-43b8-a469-00d4d5fabf3f to datanode:32c9ac61-cc75-4e2b-b1a7-531a6ab2a530
2021-12-08 13:31:37,854 [RatisPipelineUtilsThread - 0] INFO  pipeline.PipelineStateManagerImpl (PipelineStateManagerImpl.java:addPipeline(101)) - Created pipeline Pipeline[ Id: 37f15bbb-3e85-43b8-a469-00d4d5fabf3f, Nodes: a327871d-9199-4191-96af-772712e793af{ip: 10.1.0.52, host: fv-az148-92.bm4ck3pvxvsene1rjriu5fhcdb.bx.internal.cloudapp.net, ports: [REPLICATION=44517, RATIS=35965, RATIS_ADMIN=35965, RATIS_SERVER=35965, STANDALONE=37883], networkLocation: /default-rack, certSerialId: null, persistedOpState: IN_SERVICE, persistedOpStateExpiryEpochSec: 0}e036e529-a153-4e24-af0e-d2ae8a66431a{ip: 10.1.0.52, host: fv-az148-92.bm4ck3pvxvsene1rjriu5fhcdb.bx.internal.cloudapp.net, ports: [REPLICATION=42913, RATIS=40929, RATIS_ADMIN=40929, RATIS_SERVER=40929, STANDALONE=41803], networkLocation: /default-rack, certSerialId: null, persistedOpState: IN_SERVICE, persistedOpStateExpiryEpochSec: 0}32c9ac61-cc75-4e2b-b1a7-531a6ab2a530{ip: 10.1.0.52, host: fv-az148-92.bm4ck3pvxvsene1rjriu5fhcdb.bx.internal.cloudapp.net, ports: [REPLICATION=45577, RATIS=44349, RATIS_ADMIN=44349, RATIS_SERVER=44349, STANDALONE=43731], networkLocation: /default-rack, certSerialId: null, persistedOpState: IN_SERVICE, persistedOpStateExpiryEpochSec: 0}, ReplicationConfig: RATIS/THREE, State:ALLOCATED, leaderId:, CreationTimestamp2021-12-08T13:31:37.854Z[Etc/UTC]].
2021-12-08 13:31:37,855 [RatisPipelineUtilsThread - 0] INFO  pipeline.RatisPipelineProvider (RatisPipelineProvider.java:lambda$create$0(183)) - Sending CreatePipelineCommand for pipeline:PipelineID=319fb04f-0dd0-4d0a-9961-7120419540a8 to datanode:a327871d-9199-4191-96af-772712e793af
2021-12-08 13:31:37,855 [RatisPipelineUtilsThread - 0] INFO  pipeline.RatisPipelineProvider (RatisPipelineProvider.java:lambda$create$0(183)) - Sending CreatePipelineCommand for pipeline:PipelineID=319fb04f-0dd0-4d0a-9961-7120419540a8 to datanode:e036e529-a153-4e24-af0e-d2ae8a66431a
2021-12-08 13:31:37,856 [RatisPipelineUtilsThread - 0] INFO  pipeline.RatisPipelineProvider (RatisPipelineProvider.java:lambda$create$0(183)) - Sending CreatePipelineCommand for pipeline:PipelineID=319fb04f-0dd0-4d0a-9961-7120419540a8 to datanode:32c9ac61-cc75-4e2b-b1a7-531a6ab2a530
2021-12-08 13:31:37,856 [RatisPipelineUtilsThread - 0] INFO  pipeline.PipelineStateManagerImpl (PipelineStateManagerImpl.java:addPipeline(101)) - Created pipeline Pipeline[ Id: 319fb04f-0dd0-4d0a-9961-7120419540a8, Nodes: a327871d-9199-4191-96af-772712e793af{ip: 10.1.0.52, host: fv-az148-92.bm4ck3pvxvsene1rjriu5fhcdb.bx.internal.cloudapp.net, ports: [REPLICATION=44517, RATIS=35965, RATIS_ADMIN=35965, RATIS_SERVER=35965, STANDALONE=37883], networkLocation: /default-rack, certSerialId: null, persistedOpState: IN_SERVICE, persistedOpStateExpiryEpochSec: 0}e036e529-a153-4e24-af0e-d2ae8a66431a{ip: 10.1.0.52, host: fv-az148-92.bm4ck3pvxvsene1rjriu5fhcdb.bx.internal.cloudapp.net, ports: [REPLICATION=42913, RATIS=40929, RATIS_ADMIN=40929, RATIS_SERVER=40929, STANDALONE=41803], networkLocation: /default-rack, certSerialId: null, persistedOpState: IN_SERVICE, persistedOpStateExpiryEpochSec: 0}32c9ac61-cc75-4e2b-b1a7-531a6ab2a530{ip: 10.1.0.52, host: fv-az148-92.bm4ck3pvxvsene1rjriu5fhcdb.bx.internal.cloudapp.net, ports: [REPLICATION=45577, RATIS=44349, RATIS_ADMIN=44349, RATIS_SERVER=44349, STANDALONE=43731], networkLocation: /default-rack, certSerialId: null, persistedOpState: IN_SERVICE, persistedOpStateExpiryEpochSec: 0}, ReplicationConfig: RATIS/THREE, State:ALLOCATED, leaderId:, CreationTimestamp2021-12-08T13:31:37.855Z[Etc/UTC]].
2021-12-08 13:31:37,856 [RatisPipelineUtilsThread - 0] INFO  pipeline.PipelineManagerImpl (PipelineManagerImpl.java:recordMetricsForPipeline(639)) - Pipeline: PipelineID=319fb04f-0dd0-4d0a-9961-7120419540a8 contains same datanodes as previous pipelines: PipelineID=37f15bbb-3e85-43b8-a469-00d4d5fabf3f nodeIds: a327871d-9199-4191-96af-772712e793af, e036e529-a153-4e24-af0e-d2ae8a66431a, 32c9ac61-cc75-4e2b-b1a7-531a6ab2a530
2021-12-08 13:31:38,068 [Listener at 127.0.0.1/44261] INFO  ozone.MiniOzoneClusterImpl (MiniOzoneClusterImpl.java:lambda$waitForClusterToBeReady$0(235)) - Waiting for nodes to be ready. Got 9 of 10 DN Heartbeats.
2021-12-08 13:31:38,070 [Listener at 127.0.0.1/44261] INFO  ozone.MiniOzoneClusterImpl (MiniOzoneClusterImpl.java:lambda$waitForClusterToBeReady$0(238)) - Waiting for cluster to exit safe mode
2021-12-08 13:31:38,070 [Listener at 127.0.0.1/44261] INFO  ozone.MiniOzoneClusterImpl (MiniOzoneClusterImpl.java:lambda$waitForClusterToBeReady$0(240)) - SCM became leader
2021-12-08 13:31:38,073 [IPC Server handler 2 on default port 39559] INFO  net.NetworkTopologyImpl (NetworkTopologyImpl.java:add(112)) - Added a new node: /default-rack/de466789-f219-440c-aedf-e5c1f469e976
2021-12-08 13:31:38,073 [IPC Server handler 2 on default port 39559] INFO  node.SCMNodeManager (SCMNodeManager.java:register(389)) - Registered Data node : de466789-f219-440c-aedf-e5c1f469e976{ip: 10.1.0.52, host: fv-az148-92.bm4ck3pvxvsene1rjriu5fhcdb.bx.internal.cloudapp.net, ports: [REPLICATION=41677, RATIS=34045, RATIS_ADMIN=34045, RATIS_SERVER=34045, STANDALONE=37545], networkLocation: /default-rack, certSerialId: null, persistedOpState: null, persistedOpStateExpiryEpochSec: 0}
2021-12-08 13:31:38,073 [EventQueue-NewNodeForNewNodeHandler] INFO  pipeline.BackgroundPipelineCreator (BackgroundPipelineCreator.java:notifyEventTriggered(285)) - trigger a one-shot run on RatisPipelineUtilsThread.
2021-12-08 13:31:38,073 [RatisPipelineUtilsThread - 0] INFO  pipeline.RatisPipelineProvider (RatisPipelineProvider.java:lambda$create$0(183)) - Sending CreatePipelineCommand for pipeline:PipelineID=0ee7fa81-5ab6-4a14-b019-311313a1ad76 to datanode:de466789-f219-440c-aedf-e5c1f469e976
2021-12-08 13:31:38,074 [RatisPipelineUtilsThread - 0] INFO  pipeline.PipelineStateManagerImpl (PipelineStateManagerImpl.java:addPipeline(101)) - Created pipeline Pipeline[ Id: 0ee7fa81-5ab6-4a14-b019-311313a1ad76, Nodes: de466789-f219-440c-aedf-e5c1f469e976{ip: 10.1.0.52, host: fv-az148-92.bm4ck3pvxvsene1rjriu5fhcdb.bx.internal.cloudapp.net, ports: [REPLICATION=41677, RATIS=34045, RATIS_ADMIN=34045, RATIS_SERVER=34045, STANDALONE=37545], networkLocation: /default-rack, certSerialId: null, persistedOpState: IN_SERVICE, persistedOpStateExpiryEpochSec: 0}, ReplicationConfig: RATIS/ONE, State:ALLOCATED, leaderId:, CreationTimestamp2021-12-08T13:31:38.073Z[Etc/UTC]].
2021-12-08 13:31:38,568 [Command processor thread] INFO  server.RaftServer (RaftServerProxy.java:addNew(95)) - 425f6569-dffe-4347-8a0f-4e8ceefdc693: addNew group-B8539BDB2729:[425f6569-dffe-4347-8a0f-4e8ceefdc693|rpc:10.1.0.52:38009|priority:1] returns group-B8539BDB2729:java.util.concurrent.CompletableFuture@bcea49d[Not completed]
2021-12-08 13:31:38,579 [pool-55-thread-1] INFO  server.RaftServer$Division (RaftServerImpl.java:<init>(184)) - 425f6569-dffe-4347-8a0f-4e8ceefdc693: new RaftServerImpl for group-B8539BDB2729:[425f6569-dffe-4347-8a0f-4e8ceefdc693|rpc:10.1.0.52:38009|priority:1] with ContainerStateMachine:uninitialized
2021-12-08 13:31:38,580 [pool-55-thread-1] INFO  server.RaftServerConfigKeys (ConfUtils.java:logGet(44)) - raft.server.rpc.timeout.min = 5s (custom)
2021-12-08 13:31:38,580 [pool-55-thread-1] INFO  server.RaftServerConfigKeys (ConfUtils.java:logGet(44)) - raft.server.rpc.timeout.max = 5200ms (custom)
2021-12-08 13:31:38,580 [pool-55-thread-1] INFO  server.RaftServerConfigKeys (ConfUtils.java:logGet(44)) - raft.server.rpc.sleep.time = 25ms (default)
2021-12-08 13:31:38,580 [pool-55-thread-1] INFO  server.RaftServerConfigKeys (ConfUtils.java:logGet(44)) - raft.server.rpc.slowness.timeout = 300000ms (custom)
2021-12-08 13:31:38,581 [pool-55-thread-1] INFO  server.RaftServerConfigKeys (ConfUtils.java:logGet(44)) - raft.server.leaderelection.leader.step-down.wait-time = 10s (default)
2021-12-08 13:31:38,581 [pool-55-thread-1] INFO  server.RaftServerConfigKeys (ConfUtils.java:logGet(44)) - raft.server.sleep.deviation.threshold = 300ms (default)
2021-12-08 13:31:38,581 [pool-55-thread-1] INFO  server.RaftServerConfigKeys (ConfUtils.java:logGet(44)) - raft.server.log.appender.install.snapshot.enabled = false (custom)
2021-12-08 13:31:38,581 [pool-55-thread-1] INFO  server.RaftServer$Division (ServerState.java:<init>(105)) - 425f6569-dffe-4347-8a0f-4e8ceefdc693@group-B8539BDB2729: ConfigurationManager, init=-1: [425f6569-dffe-4347-8a0f-4e8ceefdc693|rpc:10.1.0.52:38009|priority:1], old=null, confs=<EMPTY_MAP>
2021-12-08 13:31:38,581 [pool-55-thread-1] INFO  server.RaftServerConfigKeys (ConfUtils.java:logGet(44)) - raft.server.storage.dir = [/home/runner/work/ozone/ozone/hadoop-ozone/integration-test/target/test-dir/MiniOzoneClusterImpl-c8c699bf-5dad-4457-9252-d1686169726e/datanode-0/data/ratis] (custom)
2021-12-08 13:31:38,581 [pool-55-thread-1] INFO  server.RaftServerConfigKeys (ConfUtils.java:logGet(44)) - raft.server.log.corruption.policy = EXCEPTION (default)
2021-12-08 13:31:38,581 [pool-55-thread-1] INFO  server.RaftServerConfigKeys (ConfUtils.java:logGet(44)) - raft.server.storage.free-space.min = 0MB (=0) (default)
2021-12-08 13:31:38,581 [pool-55-thread-1] INFO  storage.RaftStorageDirectory (RaftStorageDirectoryImpl.java:analyzeStorage(135)) - The storage directory /home/runner/work/ozone/ozone/hadoop-ozone/integration-test/target/test-dir/MiniOzoneClusterImpl-c8c699bf-5dad-4457-9252-d1686169726e/datanode-0/data/ratis/40a167d7-f6ca-4657-bf82-b8539bdb2729 does not exist. Creating ...
2021-12-08 13:31:38,584 [pool-55-thread-1] INFO  storage.RaftStorageDirectory (RaftStorageDirectoryImpl.java:tryLock(230)) - Lock on /home/runner/work/ozone/ozone/hadoop-ozone/integration-test/target/test-dir/MiniOzoneClusterImpl-c8c699bf-5dad-4457-9252-d1686169726e/datanode-0/data/ratis/40a167d7-f6ca-4657-bf82-b8539bdb2729/in_use.lock acquired by nodename 25433@fv-az148-92
2021-12-08 13:31:38,586 [pool-55-thread-1] INFO  storage.RaftStorage (RaftStorageImpl.java:format(89)) - Storage directory /home/runner/work/ozone/ozone/hadoop-ozone/integration-test/target/test-dir/MiniOzoneClusterImpl-c8c699bf-5dad-4457-9252-d1686169726e/datanode-0/data/ratis/40a167d7-f6ca-4657-bf82-b8539bdb2729 has been successfully formatted.
2021-12-08 13:31:38,587 [pool-55-thread-1] INFO  ratis.ContainerStateMachine (ContainerStateMachine.java:loadSnapshot(231)) - group-B8539BDB2729: The snapshot info is null. Setting the last applied indexto:(t:0, i:~)
2021-12-08 13:31:38,587 [pool-55-thread-1] INFO  server.RaftServerConfigKeys (ConfUtils.java:logGet(44)) - raft.server.notification.no-leader.timeout = 300000ms (custom)
2021-12-08 13:31:38,587 [pool-55-thread-1] INFO  server.RaftServerConfigKeys (ConfUtils.java:logGet(44)) - raft.server.log.use.memory = false (default)
2021-12-08 13:31:38,587 [pool-55-thread-1] INFO  server.RaftServerConfigKeys (ConfUtils.java:logGet(44)) - raft.server.log.purge.gap = 1000000 (custom)
2021-12-08 13:31:38,587 [pool-55-thread-1] INFO  server.RaftServerConfigKeys (ConfUtils.java:logGet(44)) - raft.server.log.appender.buffer.byte-limit = 33554432 (custom)
2021-12-08 13:31:38,588 [pool-55-thread-1] INFO  server.RaftServerConfigKeys (ConfUtils.java:logGet(44)) - raft.server.log.segment.size.max = 1048576 (custom)
2021-12-08 13:31:38,589 [pool-55-thread-1] INFO  server.RaftServerConfigKeys (ConfUtils.java:logGet(44)) - raft.server.log.segment.cache.num.max = 2 (custom)
2021-12-08 13:31:38,589 [pool-55-thread-1] INFO  server.RaftServerConfigKeys (ConfUtils.java:logGet(44)) - raft.server.log.segment.cache.size.max = 200MB (=209715200) (default)
2021-12-08 13:31:38,589 [pool-55-thread-1] INFO  segmented.SegmentedRaftLogWorker (SegmentedRaftLogWorker.java:<init>(182)) - new 425f6569-dffe-4347-8a0f-4e8ceefdc693@group-B8539BDB2729-SegmentedRaftLogWorker for RaftStorageImpl:Storage Directory /home/runner/work/ozone/ozone/hadoop-ozone/integration-test/target/test-dir/MiniOzoneClusterImpl-c8c699bf-5dad-4457-9252-d1686169726e/datanode-0/data/ratis/40a167d7-f6ca-4657-bf82-b8539bdb2729
2021-12-08 13:31:38,589 [pool-55-thread-1] INFO  server.RaftServerConfigKeys (ConfUtils.java:logGet(44)) - raft.server.log.queue.byte-limit = 2147483647 (custom)
2021-12-08 13:31:38,589 [pool-55-thread-1] INFO  server.RaftServerConfigKeys (ConfUtils.java:logGet(44)) - raft.server.log.queue.element-limit = 1024 (custom)
2021-12-08 13:31:38,590 [pool-55-thread-1] INFO  server.RaftServerConfigKeys (ConfUtils.java:logGet(44)) - raft.server.log.segment.size.max = 1048576 (custom)
2021-12-08 13:31:38,590 [pool-55-thread-1] INFO  server.RaftServerConfigKeys (ConfUtils.java:logGet(44)) - raft.server.log.preallocated.size = 16384 (custom)
2021-12-08 13:31:38,590 [pool-55-thread-1] INFO  server.RaftServerConfigKeys (ConfUtils.java:logGet(44)) - raft.server.log.force.sync.num = 128 (default)
2021-12-08 13:31:38,590 [pool-55-thread-1] INFO  server.RaftServerConfigKeys (ConfUtils.java:logGet(44)) - raft.server.log.statemachine.data.sync = true (default)
2021-12-08 13:31:38,590 [pool-55-thread-1] INFO  server.RaftServerConfigKeys (ConfUtils.java:logGet(44)) - raft.server.log.statemachine.data.sync.timeout = 10s (default)
2021-12-08 13:31:38,590 [pool-55-thread-1] INFO  server.RaftServerConfigKeys (ConfUtils.java:logGet(44)) - raft.server.log.statemachine.data.sync.timeout.retry = -1 (default)
2021-12-08 13:31:38,592 [EventQueue-PipelineReportForPipelineReportHandler] INFO  pipeline.PipelineManagerImpl (PipelineManagerImpl.java:openPipeline(291)) - Pipeline Pipeline[ Id: 40a167d7-f6ca-4657-bf82-b8539bdb2729, Nodes: 425f6569-dffe-4347-8a0f-4e8ceefdc693{ip: 10.1.0.52, host: fv-az148-92.bm4ck3pvxvsene1rjriu5fhcdb.bx.internal.cloudapp.net, ports: [REPLICATION=44443, RATIS=38009, RATIS_ADMIN=38009, RATIS_SERVER=38009, STANDALONE=43289], networkLocation: /default-rack, certSerialId: null, persistedOpState: IN_SERVICE, persistedOpStateExpiryEpochSec: 0}, ReplicationConfig: RATIS/ONE, State:ALLOCATED, leaderId:425f6569-dffe-4347-8a0f-4e8ceefdc693, CreationTimestamp2021-12-08T13:31:35.596Z[Etc/UTC]] moved to OPEN state
2021-12-08 13:31:38,595 [pool-55-thread-1] INFO  server.RaftServerConfigKeys (ConfUtils.java:logGet(44)) - raft.server.log.write.buffer.size = 1048576 (custom)
2021-12-08 13:31:38,595 [pool-55-thread-1] INFO  server.RaftServerConfigKeys (ConfUtils.java:logGet(44)) - raft.server.log.statemachine.data.caching.enabled = true (custom)
2021-12-08 13:31:38,595 [pool-55-thread-1] INFO  segmented.SegmentedRaftLogWorker (SegmentedRaftLogWorker.java:lambda$new$0(133)) - 425f6569-dffe-4347-8a0f-4e8ceefdc693@group-B8539BDB2729-SegmentedRaftLogWorker: flushIndex: setUnconditionally 0 -> -1
2021-12-08 13:31:38,595 [pool-55-thread-1] INFO  segmented.SegmentedRaftLogWorker (SegmentedRaftLogWorker.java:lambda$new$0(133)) - 425f6569-dffe-4347-8a0f-4e8ceefdc693@group-B8539BDB2729-SegmentedRaftLogWorker: safeCacheEvictIndex: setUnconditionally 0 -> -1
2021-12-08 13:31:38,595 [pool-55-thread-1] INFO  server.RaftServerConfigKeys (ConfUtils.java:logGet(44)) - raft.server.snapshot.auto.trigger.enabled = true (custom)
2021-12-08 13:31:38,595 [pool-55-thread-1] INFO  server.RaftServerConfigKeys (ConfUtils.java:logGet(44)) - raft.server.snapshot.auto.trigger.threshold = 1 (custom)
2021-12-08 13:31:38,596 [pool-55-thread-1] INFO  server.RaftServerConfigKeys (ConfUtils.java:logGet(44)) - raft.server.snapshot.retention.file.num = 5 (custom)
2021-12-08 13:31:38,596 [pool-55-thread-1] INFO  server.RaftServerConfigKeys (ConfUtils.java:logGet(44)) - raft.server.log.purge.upto.snapshot.index = false (default)
2021-12-08 13:31:38,596 [pool-55-thread-1] INFO  server.RaftServerConfigKeys (ConfUtils.java:logGet(44)) - raft.server.retrycache.expirytime = 600000ms (custom)
2021-12-08 13:31:38,596 [pool-55-thread-1] INFO  server.RaftServerConfigKeys (ConfUtils.java:logGet(44)) - raft.server.retrycache.statistics.expirytime = 100μs (default)
2021-12-08 13:31:38,600 [EventQueue-OpenPipelineForHealthyPipelineSafeModeRule] INFO  safemode.SCMSafeModeManager (HealthyPipelineSafeModeRule.java:process(124)) - SCM in safe mode. Healthy pipelines reported count is 0, required healthy pipeline reported count is 1
2021-12-08 13:31:38,605 [pool-55-thread-1] INFO  server.RaftServer$Division (RaftServerImpl.java:start(301)) - 425f6569-dffe-4347-8a0f-4e8ceefdc693@group-B8539BDB2729: start as a follower, conf=-1: [425f6569-dffe-4347-8a0f-4e8ceefdc693|rpc:10.1.0.52:38009|priority:1], old=null
2021-12-08 13:31:38,606 [pool-55-thread-1] INFO  server.RaftServer$Division (RaftServerImpl.java:setRole(290)) - 425f6569-dffe-4347-8a0f-4e8ceefdc693@group-B8539BDB2729: changes role from      null to FOLLOWER at term 0 for startAsFollower
2021-12-08 13:31:38,606 [pool-55-thread-1] INFO  impl.RoleInfo (RoleInfo.java:updateAndGet(130)) - 425f6569-dffe-4347-8a0f-4e8ceefdc693: start 425f6569-dffe-4347-8a0f-4e8ceefdc693@group-B8539BDB2729-FollowerState
2021-12-08 13:31:38,608 [pool-55-thread-1] INFO  util.JmxRegister (JmxRegister.java:tryRegister(44)) - Successfully registered JMX Bean with object name Ratis:service=RaftServer,group=group-B8539BDB2729,id=425f6569-dffe-4347-8a0f-4e8ceefdc693
2021-12-08 13:31:38,623 [Command processor thread] INFO  ratis.XceiverServerRatis (XceiverServerRatis.java:addGroup(768)) - Created group PipelineID=40a167d7-f6ca-4657-bf82-b8539bdb2729
2021-12-08 13:31:38,623 [Command processor thread] INFO  commandhandler.CreatePipelineCommandHandler (CreatePipelineCommandHandler.java:handle(106)) - Created Pipeline RATIS ONE PipelineID=40a167d7-f6ca-4657-bf82-b8539bdb2729.
2021-12-08 13:31:38,624 [Command processor thread] INFO  server.RaftServer (RaftServerProxy.java:addNew(95)) - 425f6569-dffe-4347-8a0f-4e8ceefdc693: addNew group-240648F9C09F:[2094aa94-81de-4318-a64f-84012b96f5b8|rpc:10.1.0.52:36179|priority:0, 425f6569-dffe-4347-8a0f-4e8ceefdc693|rpc:10.1.0.52:38009|priority:1, 4fc445d8-652e-4b1a-8cb7-40c69879e35b|rpc:10.1.0.52:33447|priority:0] returns group-240648F9C09F:java.util.concurrent.CompletableFuture@2faa3c41[Not completed]
2021-12-08 13:31:38,625 [pool-55-thread-1] INFO  server.RaftServer$Division (RaftServerImpl.java:<init>(184)) - 425f6569-dffe-4347-8a0f-4e8ceefdc693: new RaftServerImpl for group-240648F9C09F:[2094aa94-81de-4318-a64f-84012b96f5b8|rpc:10.1.0.52:36179|priority:0, 425f6569-dffe-4347-8a0f-4e8ceefdc693|rpc:10.1.0.52:38009|priority:1, 4fc445d8-652e-4b1a-8cb7-40c69879e35b|rpc:10.1.0.52:33447|priority:0] with ContainerStateMachine:uninitialized
2021-12-08 13:31:38,625 [pool-55-thread-1] INFO  server.RaftServerConfigKeys (ConfUtils.java:logGet(44)) - raft.server.rpc.timeout.min = 5s (custom)
2021-12-08 13:31:38,625 [pool-55-thread-1] INFO  server.RaftServerConfigKeys (ConfUtils.java:logGet(44)) - raft.server.rpc.timeout.max = 5200ms (custom)
2021-12-08 13:31:38,625 [pool-55-thread-1] INFO  server.RaftServerConfigKeys (ConfUtils.java:logGet(44)) - raft.server.rpc.sleep.time = 25ms (default)
2021-12-08 13:31:38,625 [pool-55-thread-1] INFO  server.RaftServerConfigKeys (ConfUtils.java:logGet(44)) - raft.server.rpc.slowness.timeout = 300000ms (custom)
2021-12-08 13:31:38,625 [pool-55-thread-1] INFO  server.RaftServerConfigKeys (ConfUtils.java:logGet(44)) - raft.server.leaderelection.leader.step-down.wait-time = 10s (default)
2021-12-08 13:31:38,625 [pool-55-thread-1] INFO  server.RaftServerConfigKeys (ConfUtils.java:logGet(44)) - raft.server.sleep.deviation.threshold = 300ms (default)
2021-12-08 13:31:38,625 [pool-55-thread-1] INFO  server.RaftServerConfigKeys (ConfUtils.java:logGet(44)) - raft.server.log.appender.install.snapshot.enabled = false (custom)
2021-12-08 13:31:38,625 [pool-55-thread-1] INFO  server.RaftServer$Division (ServerState.java:<init>(105)) - 425f6569-dffe-4347-8a0f-4e8ceefdc693@group-240648F9C09F: ConfigurationManager, init=-1: [2094aa94-81de-4318-a64f-84012b96f5b8|rpc:10.1.0.52:36179|priority:0, 425f6569-dffe-4347-8a0f-4e8ceefdc693|rpc:10.1.0.52:38009|priority:1, 4fc445d8-652e-4b1a-8cb7-40c69879e35b|rpc:10.1.0.52:33447|priority:0], old=null, confs=<EMPTY_MAP>
2021-12-08 13:31:38,625 [pool-55-thread-1] INFO  server.RaftServerConfigKeys (ConfUtils.java:logGet(44)) - raft.server.storage.dir = [/home/runner/work/ozone/ozone/hadoop-ozone/integration-test/target/test-dir/MiniOzoneClusterImpl-c8c699bf-5dad-4457-9252-d1686169726e/datanode-0/data/ratis] (custom)
2021-12-08 13:31:38,626 [pool-55-thread-1] INFO  server.RaftServerConfigKeys (ConfUtils.java:logGet(44)) - raft.server.log.corruption.policy = EXCEPTION (default)
2021-12-08 13:31:38,626 [pool-55-thread-1] INFO  server.RaftServerConfigKeys (ConfUtils.java:logGet(44)) - raft.server.storage.free-space.min = 0MB (=0) (default)
2021-12-08 13:31:38,626 [pool-55-thread-1] INFO  storage.RaftStorageDirectory (RaftStorageDirectoryImpl.java:analyzeStorage(135)) - The storage directory /home/runner/work/ozone/ozone/hadoop-ozone/integration-test/target/test-dir/MiniOzoneClusterImpl-c8c699bf-5dad-4457-9252-d1686169726e/datanode-0/data/ratis/2f827967-e32c-4d18-8c94-240648f9c09f does not exist. Creating ...
2021-12-08 13:31:38,627 [pool-55-thread-1] INFO  storage.RaftStorageDirectory (RaftStorageDirectoryImpl.java:tryLock(230)) - Lock on /home/runner/work/ozone/ozone/hadoop-ozone/integration-test/target/test-dir/MiniOzoneClusterImpl-c8c699bf-5dad-4457-9252-d1686169726e/datanode-0/data/ratis/2f827967-e32c-4d18-8c94-240648f9c09f/in_use.lock acquired by nodename 25433@fv-az148-92
2021-12-08 13:31:38,628 [pool-55-thread-1] INFO  storage.RaftStorage (RaftStorageImpl.java:format(89)) - Storage directory /home/runner/work/ozone/ozone/hadoop-ozone/integration-test/target/test-dir/MiniOzoneClusterImpl-c8c699bf-5dad-4457-9252-d1686169726e/datanode-0/data/ratis/2f827967-e32c-4d18-8c94-240648f9c09f has been successfully formatted.
2021-12-08 13:31:38,628 [pool-55-thread-1] INFO  ratis.ContainerStateMachine (ContainerStateMachine.java:loadSnapshot(231)) - group-240648F9C09F: The snapshot info is null. Setting the last applied indexto:(t:0, i:~)
2021-12-08 13:31:38,629 [pool-55-thread-1] INFO  server.RaftServerConfigKeys (ConfUtils.java:logGet(44)) - raft.server.notification.no-leader.timeout = 300000ms (custom)
2021-12-08 13:31:38,629 [pool-55-thread-1] INFO  server.RaftServerConfigKeys (ConfUtils.java:logGet(44)) - raft.server.log.use.memory = false (default)
2021-12-08 13:31:38,629 [pool-55-thread-1] INFO  server.RaftServerConfigKeys (ConfUtils.java:logGet(44)) - raft.server.log.purge.gap = 1000000 (custom)
2021-12-08 13:31:38,629 [pool-55-thread-1] INFO  server.RaftServerConfigKeys (ConfUtils.java:logGet(44)) - raft.server.log.appender.buffer.byte-limit = 33554432 (custom)
2021-12-08 13:31:38,631 [EventQueue-OpenPipelineForHealthyPipelineSafeModeRule] INFO  safemode.SCMSafeModeManager (HealthyPipelineSafeModeRule.java:process(124)) - SCM in safe mode. Healthy pipelines reported count is 0, required healthy pipeline reported count is 1
2021-12-08 13:31:38,631 [pool-55-thread-1] INFO  server.RaftServerConfigKeys (ConfUtils.java:logGet(44)) - raft.server.log.segment.size.max = 1048576 (custom)
2021-12-08 13:31:38,632 [pool-55-thread-1] INFO  server.RaftServerConfigKeys (ConfUtils.java:logGet(44)) - raft.server.log.segment.cache.num.max = 2 (custom)
2021-12-08 13:31:38,633 [pool-55-thread-1] INFO  server.RaftServerConfigKeys (ConfUtils.java:logGet(44)) - raft.server.log.segment.cache.size.max = 200MB (=209715200) (default)
2021-12-08 13:31:38,633 [pool-55-thread-1] INFO  segmented.SegmentedRaftLogWorker (SegmentedRaftLogWorker.java:<init>(182)) - new 425f6569-dffe-4347-8a0f-4e8ceefdc693@group-240648F9C09F-SegmentedRaftLogWorker for RaftStorageImpl:Storage Directory /home/runner/work/ozone/ozone/hadoop-ozone/integration-test/target/test-dir/MiniOzoneClusterImpl-c8c699bf-5dad-4457-9252-d1686169726e/datanode-0/data/ratis/2f827967-e32c-4d18-8c94-240648f9c09f
2021-12-08 13:31:38,633 [pool-55-thread-1] INFO  server.RaftServerConfigKeys (ConfUtils.java:logGet(44)) - raft.server.log.queue.byte-limit = 2147483647 (custom)
2021-12-08 13:31:38,636 [pool-55-thread-1] INFO  server.RaftServerConfigKeys (ConfUtils.java:logGet(44)) - raft.server.log.queue.element-limit = 1024 (custom)
2021-12-08 13:31:38,637 [pool-55-thread-1] INFO  server.RaftServerConfigKeys (ConfUtils.java:logGet(44)) - raft.server.log.segment.size.max = 1048576 (custom)
2021-12-08 13:31:38,637 [pool-55-thread-1] INFO  server.RaftServerConfigKeys (ConfUtils.java:logGet(44)) - raft.server.log.preallocated.size = 16384 (custom)
2021-12-08 13:31:38,637 [pool-55-thread-1] INFO  server.RaftServerConfigKeys (ConfUtils.java:logGet(44)) - raft.server.log.force.sync.num = 128 (default)
2021-12-08 13:31:38,637 [pool-55-thread-1] INFO  server.RaftServerConfigKeys (ConfUtils.java:logGet(44)) - raft.server.log.statemachine.data.sync = true (default)
2021-12-08 13:31:38,637 [pool-55-thread-1] INFO  server.RaftServerConfigKeys (ConfUtils.java:logGet(44)) - raft.server.log.statemachine.data.sync.timeout = 10s (default)
2021-12-08 13:31:38,637 [pool-55-thread-1] INFO  server.RaftServerConfigKeys (ConfUtils.java:logGet(44)) - raft.server.log.statemachine.data.sync.timeout.retry = -1 (default)
2021-12-08 13:31:38,639 [pool-55-thread-1] INFO  server.RaftServerConfigKeys (ConfUtils.java:logGet(44)) - raft.server.log.write.buffer.size = 1048576 (custom)
2021-12-08 13:31:38,639 [pool-55-thread-1] INFO  server.RaftServerConfigKeys (ConfUtils.java:logGet(44)) - raft.server.log.statemachine.data.caching.enabled = true (custom)
2021-12-08 13:31:38,640 [pool-55-thread-1] INFO  segmented.SegmentedRaftLogWorker (SegmentedRaftLogWorker.java:lambda$new$0(133)) - 425f6569-dffe-4347-8a0f-4e8ceefdc693@group-240648F9C09F-SegmentedRaftLogWorker: flushIndex: setUnconditionally 0 -> -1
2021-12-08 13:31:38,640 [pool-55-thread-1] INFO  segmented.SegmentedRaftLogWorker (SegmentedRaftLogWorker.java:lambda$new$0(133)) - 425f6569-dffe-4347-8a0f-4e8ceefdc693@group-240648F9C09F-SegmentedRaftLogWorker: safeCacheEvictIndex: setUnconditionally 0 -> -1
2021-12-08 13:31:38,640 [pool-55-thread-1] INFO  server.RaftServerConfigKeys (ConfUtils.java:logGet(44)) - raft.server.snapshot.auto.trigger.enabled = true (custom)
2021-12-08 13:31:38,640 [pool-55-thread-1] INFO  server.RaftServerConfigKeys (ConfUtils.java:logGet(44)) - raft.server.snapshot.auto.trigger.threshold = 1 (custom)
2021-12-08 13:31:38,640 [pool-55-thread-1] INFO  server.RaftServerConfigKeys (ConfUtils.java:logGet(44)) - raft.server.snapshot.retention.file.num = 5 (custom)
2021-12-08 13:31:38,640 [pool-55-thread-1] INFO  server.RaftServerConfigKeys (ConfUtils.java:logGet(44)) - raft.server.log.purge.upto.snapshot.index = false (default)
2021-12-08 13:31:38,640 [pool-55-thread-1] INFO  server.RaftServerConfigKeys (ConfUtils.java:logGet(44)) - raft.server.retrycache.expirytime = 600000ms (custom)
2021-12-08 13:31:38,640 [pool-55-thread-1] INFO  server.RaftServerConfigKeys (ConfUtils.java:logGet(44)) - raft.server.retrycache.statistics.expirytime = 100μs (default)
2021-12-08 13:31:38,643 [pool-55-thread-1] INFO  server.RaftServer$Division (RaftServerImpl.java:start(301)) - 425f6569-dffe-4347-8a0f-4e8ceefdc693@group-240648F9C09F: start as a follower, conf=-1: [2094aa94-81de-4318-a64f-84012b96f5b8|rpc:10.1.0.52:36179|priority:0, 425f6569-dffe-4347-8a0f-4e8ceefdc693|rpc:10.1.0.52:38009|priority:1, 4fc445d8-652e-4b1a-8cb7-40c69879e35b|rpc:10.1.0.52:33447|priority:0], old=null
2021-12-08 13:31:38,643 [pool-55-thread-1] INFO  server.RaftServer$Division (RaftServerImpl.java:setRole(290)) - 425f6569-dffe-4347-8a0f-4e8ceefdc693@group-240648F9C09F: changes role from      null to FOLLOWER at term 0 for startAsFollower
2021-12-08 13:31:38,643 [pool-55-thread-1] INFO  impl.RoleInfo (RoleInfo.java:updateAndGet(130)) - 425f6569-dffe-4347-8a0f-4e8ceefdc693: start 425f6569-dffe-4347-8a0f-4e8ceefdc693@group-240648F9C09F-FollowerState
2021-12-08 13:31:38,650 [pool-55-thread-1] INFO  util.JmxRegister (JmxRegister.java:tryRegister(44)) - Successfully registered JMX Bean with object name Ratis:service=RaftServer,group=group-240648F9C09F,id=425f6569-dffe-4347-8a0f-4e8ceefdc693
2021-12-08 13:31:38,651 [Command processor thread] INFO  ratis.XceiverServerRatis (XceiverServerRatis.java:addGroup(768)) - Created group PipelineID=2f827967-e32c-4d18-8c94-240648f9c09f
2021-12-08 13:31:38,842 [EventQueue-OpenPipelineForHealthyPipelineSafeModeRule] INFO  safemode.SCMSafeModeManager (HealthyPipelineSafeModeRule.java:process(124)) - SCM in safe mode. Healthy pipelines reported count is 0, required healthy pipeline reported count is 1
2021-12-08 13:31:38,887 [Command processor thread] INFO  server.RaftServer (RaftServerProxy.java:addNew(95)) - 2094aa94-81de-4318-a64f-84012b96f5b8: addNew group-9855683505E4:[2094aa94-81de-4318-a64f-84012b96f5b8|rpc:10.1.0.52:36179|priority:1] returns group-9855683505E4:java.util.concurrent.CompletableFuture@117c1f96[Not completed]
2021-12-08 13:31:38,896 [pool-76-thread-1] INFO  server.RaftServer$Division (RaftServerImpl.java:<init>(184)) - 2094aa94-81de-4318-a64f-84012b96f5b8: new RaftServerImpl for group-9855683505E4:[2094aa94-81de-4318-a64f-84012b96f5b8|rpc:10.1.0.52:36179|priority:1] with ContainerStateMachine:uninitialized
2021-12-08 13:31:38,896 [pool-76-thread-1] INFO  server.RaftServerConfigKeys (ConfUtils.java:logGet(44)) - raft.server.rpc.timeout.min = 5s (custom)
2021-12-08 13:31:38,896 [pool-76-thread-1] INFO  server.RaftServerConfigKeys (ConfUtils.java:logGet(44)) - raft.server.rpc.timeout.max = 5200ms (custom)
2021-12-08 13:31:38,896 [pool-76-thread-1] INFO  server.RaftServerConfigKeys (ConfUtils.java:logGet(44)) - raft.server.rpc.sleep.time = 25ms (default)
2021-12-08 13:31:38,896 [pool-76-thread-1] INFO  server.RaftServerConfigKeys (ConfUtils.java:logGet(44)) - raft.server.rpc.slowness.timeout = 300000ms (custom)
2021-12-08 13:31:38,896 [pool-76-thread-1] INFO  server.RaftServerConfigKeys (ConfUtils.java:logGet(44)) - raft.server.leaderelection.leader.step-down.wait-time = 10s (default)
2021-12-08 13:31:38,897 [pool-76-thread-1] INFO  server.RaftServerConfigKeys (ConfUtils.java:logGet(44)) - raft.server.sleep.deviation.threshold = 300ms (default)
2021-12-08 13:31:38,897 [pool-76-thread-1] INFO  server.RaftServerConfigKeys (ConfUtils.java:logGet(44)) - raft.server.log.appender.install.snapshot.enabled = false (custom)
2021-12-08 13:31:38,897 [pool-76-thread-1] INFO  server.RaftServer$Division (ServerState.java:<init>(105)) - 2094aa94-81de-4318-a64f-84012b96f5b8@group-9855683505E4: ConfigurationManager, init=-1: [2094aa94-81de-4318-a64f-84012b96f5b8|rpc:10.1.0.52:36179|priority:1], old=null, confs=<EMPTY_MAP>
2021-12-08 13:31:38,897 [pool-76-thread-1] INFO  server.RaftServerConfigKeys (ConfUtils.java:logGet(44)) - raft.server.storage.dir = [/home/runner/work/ozone/ozone/hadoop-ozone/integration-test/target/test-dir/MiniOzoneClusterImpl-c8c699bf-5dad-4457-9252-d1686169726e/datanode-1/data/ratis] (custom)
2021-12-08 13:31:38,897 [pool-76-thread-1] INFO  server.RaftServerConfigKeys (ConfUtils.java:logGet(44)) - raft.server.log.corruption.policy = EXCEPTION (default)
2021-12-08 13:31:38,897 [pool-76-thread-1] INFO  server.RaftServerConfigKeys (ConfUtils.java:logGet(44)) - raft.server.storage.free-space.min = 0MB (=0) (default)
2021-12-08 13:31:38,897 [pool-76-thread-1] INFO  storage.RaftStorageDirectory (RaftStorageDirectoryImpl.java:analyzeStorage(135)) - The storage directory /home/runner/work/ozone/ozone/hadoop-ozone/integration-test/target/test-dir/MiniOzoneClusterImpl-c8c699bf-5dad-4457-9252-d1686169726e/datanode-1/data/ratis/e2001822-e6da-49da-a38d-9855683505e4 does not exist. Creating ...
2021-12-08 13:31:38,899 [pool-76-thread-1] INFO  storage.RaftStorageDirectory (RaftStorageDirectoryImpl.java:tryLock(230)) - Lock on /home/runner/work/ozone/ozone/hadoop-ozone/integration-test/target/test-dir/MiniOzoneClusterImpl-c8c699bf-5dad-4457-9252-d1686169726e/datanode-1/data/ratis/e2001822-e6da-49da-a38d-9855683505e4/in_use.lock acquired by nodename 25433@fv-az148-92
2021-12-08 13:31:38,900 [pool-76-thread-1] INFO  storage.RaftStorage (RaftStorageImpl.java:format(89)) - Storage directory /home/runner/work/ozone/ozone/hadoop-ozone/integration-test/target/test-dir/MiniOzoneClusterImpl-c8c699bf-5dad-4457-9252-d1686169726e/datanode-1/data/ratis/e2001822-e6da-49da-a38d-9855683505e4 has been successfully formatted.
2021-12-08 13:31:38,902 [EventQueue-PipelineReportForPipelineReportHandler] INFO  pipeline.PipelineManagerImpl (PipelineManagerImpl.java:openPipeline(291)) - Pipeline Pipeline[ Id: e2001822-e6da-49da-a38d-9855683505e4, Nodes: 2094aa94-81de-4318-a64f-84012b96f5b8{ip: 10.1.0.52, host: fv-az148-92.bm4ck3pvxvsene1rjriu5fhcdb.bx.internal.cloudapp.net, ports: [REPLICATION=45529, RATIS=36179, RATIS_ADMIN=36179, RATIS_SERVER=36179, STANDALONE=34201], networkLocation: /default-rack, certSerialId: null, persistedOpState: IN_SERVICE, persistedOpStateExpiryEpochSec: 0}, ReplicationConfig: RATIS/ONE, State:ALLOCATED, leaderId:2094aa94-81de-4318-a64f-84012b96f5b8, CreationTimestamp2021-12-08T13:31:35.879Z[Etc/UTC]] moved to OPEN state
2021-12-08 13:31:38,903 [EventQueue-OpenPipelineForHealthyPipelineSafeModeRule] INFO  safemode.SCMSafeModeManager (HealthyPipelineSafeModeRule.java:process(124)) - SCM in safe mode. Healthy pipelines reported count is 0, required healthy pipeline reported count is 1
2021-12-08 13:31:38,903 [pool-76-thread-1] INFO  ratis.ContainerStateMachine (ContainerStateMachine.java:loadSnapshot(231)) - group-9855683505E4: The snapshot info is null. Setting the last applied indexto:(t:0, i:~)
2021-12-08 13:31:38,909 [pool-76-thread-1] INFO  server.RaftServerConfigKeys (ConfUtils.java:logGet(44)) - raft.server.notification.no-leader.timeout = 300000ms (custom)
2021-12-08 13:31:38,909 [pool-76-thread-1] INFO  server.RaftServerConfigKeys (ConfUtils.java:logGet(44)) - raft.server.log.use.memory = false (default)
2021-12-08 13:31:38,909 [pool-76-thread-1] INFO  server.RaftServerConfigKeys (ConfUtils.java:logGet(44)) - raft.server.log.purge.gap = 1000000 (custom)
2021-12-08 13:31:38,909 [pool-76-thread-1] INFO  server.RaftServerConfigKeys (ConfUtils.java:logGet(44)) - raft.server.log.appender.buffer.byte-limit = 33554432 (custom)
2021-12-08 13:31:38,910 [pool-76-thread-1] INFO  server.RaftServerConfigKeys (ConfUtils.java:logGet(44)) - raft.server.log.segment.size.max = 1048576 (custom)
2021-12-08 13:31:38,910 [pool-76-thread-1] INFO  server.RaftServerConfigKeys (ConfUtils.java:logGet(44)) - raft.server.log.segment.cache.num.max = 2 (custom)
2021-12-08 13:31:38,911 [pool-76-thread-1] INFO  server.RaftServerConfigKeys (ConfUtils.java:logGet(44)) - raft.server.log.segment.cache.size.max = 200MB (=209715200) (default)
2021-12-08 13:31:38,911 [pool-76-thread-1] INFO  segmented.SegmentedRaftLogWorker (SegmentedRaftLogWorker.java:<init>(182)) - new 2094aa94-81de-4318-a64f-84012b96f5b8@group-9855683505E4-SegmentedRaftLogWorker for RaftStorageImpl:Storage Directory /home/runner/work/ozone/ozone/hadoop-ozone/integration-test/target/test-dir/MiniOzoneClusterImpl-c8c699bf-5dad-4457-9252-d1686169726e/datanode-1/data/ratis/e2001822-e6da-49da-a38d-9855683505e4
2021-12-08 13:31:38,911 [pool-76-thread-1] INFO  server.RaftServerConfigKeys (ConfUtils.java:logGet(44)) - raft.server.log.queue.byte-limit = 2147483647 (custom)
2021-12-08 13:31:38,911 [pool-76-thread-1] INFO  server.RaftServerConfigKeys (ConfUtils.java:logGet(44)) - raft.server.log.queue.element-limit = 1024 (custom)
2021-12-08 13:31:38,911 [pool-76-thread-1] INFO  server.RaftServerConfigKeys (ConfUtils.java:logGet(44)) - raft.server.log.segment.size.max = 1048576 (custom)
2021-12-08 13:31:38,911 [pool-76-thread-1] INFO  server.RaftServerConfigKeys (ConfUtils.java:logGet(44)) - raft.server.log.preallocated.size = 16384 (custom)
2021-12-08 13:31:38,911 [pool-76-thread-1] INFO  server.RaftServerConfigKeys (ConfUtils.java:logGet(44)) - raft.server.log.force.sync.num = 128 (default)
2021-12-08 13:31:38,911 [pool-76-thread-1] INFO  server.RaftServerConfigKeys (ConfUtils.java:logGet(44)) - raft.server.log.statemachine.data.sync = true (default)
2021-12-08 13:31:38,911 [pool-76-thread-1] INFO  server.RaftServerConfigKeys (ConfUtils.java:logGet(44)) - raft.server.log.statemachine.data.sync.timeout = 10s (default)
2021-12-08 13:31:38,911 [pool-76-thread-1] INFO  server.RaftServerConfigKeys (ConfUtils.java:logGet(44)) - raft.server.log.statemachine.data.sync.timeout.retry = -1 (default)
2021-12-08 13:31:38,922 [pool-76-thread-1] INFO  server.RaftServerConfigKeys (ConfUtils.java:logGet(44)) - raft.server.log.write.buffer.size = 1048576 (custom)
2021-12-08 13:31:38,922 [pool-76-thread-1] INFO  server.RaftServerConfigKeys (ConfUtils.java:logGet(44)) - raft.server.log.statemachine.data.caching.enabled = true (custom)
2021-12-08 13:31:38,922 [pool-76-thread-1] INFO  segmented.SegmentedRaftLogWorker (SegmentedRaftLogWorker.java:lambda$new$0(133)) - 2094aa94-81de-4318-a64f-84012b96f5b8@group-9855683505E4-SegmentedRaftLogWorker: flushIndex: setUnconditionally 0 -> -1
2021-12-08 13:31:38,922 [pool-76-thread-1] INFO  segmented.SegmentedRaftLogWorker (SegmentedRaftLogWorker.java:lambda$new$0(133)) - 2094aa94-81de-4318-a64f-84012b96f5b8@group-9855683505E4-SegmentedRaftLogWorker: safeCacheEvictIndex: setUnconditionally 0 -> -1
2021-12-08 13:31:38,929 [pool-76-thread-1] INFO  server.RaftServerConfigKeys (ConfUtils.java:logGet(44)) - raft.server.snapshot.auto.trigger.enabled = true (custom)
2021-12-08 13:31:38,929 [pool-76-thread-1] INFO  server.RaftServerConfigKeys (ConfUtils.java:logGet(44)) - raft.server.snapshot.auto.trigger.threshold = 1 (custom)
2021-12-08 13:31:38,929 [pool-76-thread-1] INFO  server.RaftServerConfigKeys (ConfUtils.java:logGet(44)) - raft.server.snapshot.retention.file.num = 5 (custom)
2021-12-08 13:31:38,929 [pool-76-thread-1] INFO  server.RaftServerConfigKeys (ConfUtils.java:logGet(44)) - raft.server.log.purge.upto.snapshot.index = false (default)
2021-12-08 13:31:38,929 [pool-76-thread-1] INFO  server.RaftServerConfigKeys (ConfUtils.java:logGet(44)) - raft.server.retrycache.expirytime = 600000ms (custom)
2021-12-08 13:31:38,929 [pool-76-thread-1] INFO  server.RaftServerConfigKeys (ConfUtils.java:logGet(44)) - raft.server.retrycache.statistics.expirytime = 100μs (default)
2021-12-08 13:31:38,931 [pool-76-thread-1] INFO  server.RaftServer$Division (RaftServerImpl.java:start(301)) - 2094aa94-81de-4318-a64f-84012b96f5b8@group-9855683505E4: start as a follower, conf=-1: [2094aa94-81de-4318-a64f-84012b96f5b8|rpc:10.1.0.52:36179|priority:1], old=null
2021-12-08 13:31:38,932 [pool-76-thread-1] INFO  server.RaftServer$Division (RaftServerImpl.java:setRole(290)) - 2094aa94-81de-4318-a64f-84012b96f5b8@group-9855683505E4: changes role from      null to FOLLOWER at term 0 for startAsFollower
2021-12-08 13:31:38,932 [pool-76-thread-1] INFO  impl.RoleInfo (RoleInfo.java:updateAndGet(130)) - 2094aa94-81de-4318-a64f-84012b96f5b8: start 2094aa94-81de-4318-a64f-84012b96f5b8@group-9855683505E4-FollowerState
2021-12-08 13:31:38,949 [pool-76-thread-1] INFO  util.JmxRegister (JmxRegister.java:tryRegister(44)) - Successfully registered JMX Bean with object name Ratis:service=RaftServer,group=group-9855683505E4,id=2094aa94-81de-4318-a64f-84012b96f5b8
2021-12-08 13:31:38,953 [Command processor thread] INFO  ratis.XceiverServerRatis (XceiverServerRatis.java:addGroup(768)) - Created group PipelineID=e2001822-e6da-49da-a38d-9855683505e4
2021-12-08 13:31:38,954 [Command processor thread] INFO  commandhandler.CreatePipelineCommandHandler (CreatePipelineCommandHandler.java:handle(106)) - Created Pipeline RATIS ONE PipelineID=e2001822-e6da-49da-a38d-9855683505e4.
2021-12-08 13:31:38,956 [Command processor thread] INFO  server.RaftServer (RaftServerProxy.java:addNew(95)) - 2094aa94-81de-4318-a64f-84012b96f5b8: addNew group-240648F9C09F:[2094aa94-81de-4318-a64f-84012b96f5b8|rpc:10.1.0.52:36179|priority:0, 425f6569-dffe-4347-8a0f-4e8ceefdc693|rpc:10.1.0.52:38009|priority:1, 4fc445d8-652e-4b1a-8cb7-40c69879e35b|rpc:10.1.0.52:33447|priority:0] returns group-240648F9C09F:java.util.concurrent.CompletableFuture@15438961[Not completed]
2021-12-08 13:31:38,957 [pool-76-thread-1] INFO  server.RaftServer$Division (RaftServerImpl.java:<init>(184)) - 2094aa94-81de-4318-a64f-84012b96f5b8: new RaftServerImpl for group-240648F9C09F:[2094aa94-81de-4318-a64f-84012b96f5b8|rpc:10.1.0.52:36179|priority:0, 425f6569-dffe-4347-8a0f-4e8ceefdc693|rpc:10.1.0.52:38009|priority:1, 4fc445d8-652e-4b1a-8cb7-40c69879e35b|rpc:10.1.0.52:33447|priority:0] with ContainerStateMachine:uninitialized
2021-12-08 13:31:38,957 [pool-76-thread-1] INFO  server.RaftServerConfigKeys (ConfUtils.java:logGet(44)) - raft.server.rpc.timeout.min = 5s (custom)
2021-12-08 13:31:38,958 [pool-76-thread-1] INFO  server.RaftServerConfigKeys (ConfUtils.java:logGet(44)) - raft.server.rpc.timeout.max = 5200ms (custom)
2021-12-08 13:31:38,958 [pool-76-thread-1] INFO  server.RaftServerConfigKeys (ConfUtils.java:logGet(44)) - raft.server.rpc.sleep.time = 25ms (default)
2021-12-08 13:31:38,958 [pool-76-thread-1] INFO  server.RaftServerConfigKeys (ConfUtils.java:logGet(44)) - raft.server.rpc.slowness.timeout = 300000ms (custom)
2021-12-08 13:31:38,958 [pool-76-thread-1] INFO  server.RaftServerConfigKeys (ConfUtils.java:logGet(44)) - raft.server.leaderelection.leader.step-down.wait-time = 10s (default)
2021-12-08 13:31:38,958 [pool-76-thread-1] INFO  server.RaftServerConfigKeys (ConfUtils.java:logGet(44)) - raft.server.sleep.deviation.threshold = 300ms (default)
2021-12-08 13:31:38,958 [pool-76-thread-1] INFO  server.RaftServerConfigKeys (ConfUtils.java:logGet(44)) - raft.server.log.appender.install.snapshot.enabled = false (custom)
2021-12-08 13:31:38,958 [pool-76-thread-1] INFO  server.RaftServer$Division (ServerState.java:<init>(105)) - 2094aa94-81de-4318-a64f-84012b96f5b8@group-240648F9C09F: ConfigurationManager, init=-1: [2094aa94-81de-4318-a64f-84012b96f5b8|rpc:10.1.0.52:36179|priority:0, 425f6569-dffe-4347-8a0f-4e8ceefdc693|rpc:10.1.0.52:38009|priority:1, 4fc445d8-652e-4b1a-8cb7-40c69879e35b|rpc:10.1.0.52:33447|priority:0], old=null, confs=<EMPTY_MAP>
2021-12-08 13:31:38,958 [pool-76-thread-1] INFO  server.RaftServerConfigKeys (ConfUtils.java:logGet(44)) - raft.server.storage.dir = [/home/runner/work/ozone/ozone/hadoop-ozone/integration-test/target/test-dir/MiniOzoneClusterImpl-c8c699bf-5dad-4457-9252-d1686169726e/datanode-1/data/ratis] (custom)
2021-12-08 13:31:38,958 [pool-76-thread-1] INFO  server.RaftServerConfigKeys (ConfUtils.java:logGet(44)) - raft.server.log.corruption.policy = EXCEPTION (default)
2021-12-08 13:31:38,958 [pool-76-thread-1] INFO  server.RaftServerConfigKeys (ConfUtils.java:logGet(44)) - raft.server.storage.free-space.min = 0MB (=0) (default)
2021-12-08 13:31:38,958 [pool-76-thread-1] INFO  storage.RaftStorageDirectory (RaftStorageDirectoryImpl.java:analyzeStorage(135)) - The storage directory /home/runner/work/ozone/ozone/hadoop-ozone/integration-test/target/test-dir/MiniOzoneClusterImpl-c8c699bf-5dad-4457-9252-d1686169726e/datanode-1/data/ratis/2f827967-e32c-4d18-8c94-240648f9c09f does not exist. Creating ...
2021-12-08 13:31:38,959 [pool-76-thread-1] INFO  storage.RaftStorageDirectory (RaftStorageDirectoryImpl.java:tryLock(230)) - Lock on /home/runner/work/ozone/ozone/hadoop-ozone/integration-test/target/test-dir/MiniOzoneClusterImpl-c8c699bf-5dad-4457-9252-d1686169726e/datanode-1/data/ratis/2f827967-e32c-4d18-8c94-240648f9c09f/in_use.lock acquired by nodename 25433@fv-az148-92
2021-12-08 13:31:38,960 [pool-76-thread-1] INFO  storage.RaftStorage (RaftStorageImpl.java:format(89)) - Storage directory /home/runner/work/ozone/ozone/hadoop-ozone/integration-test/target/test-dir/MiniOzoneClusterImpl-c8c699bf-5dad-4457-9252-d1686169726e/datanode-1/data/ratis/2f827967-e32c-4d18-8c94-240648f9c09f has been successfully formatted.
2021-12-08 13:31:38,961 [pool-76-thread-1] INFO  ratis.ContainerStateMachine (ContainerStateMachine.java:loadSnapshot(231)) - group-240648F9C09F: The snapshot info is null. Setting the last applied indexto:(t:0, i:~)
2021-12-08 13:31:38,961 [pool-76-thread-1] INFO  server.RaftServerConfigKeys (ConfUtils.java:logGet(44)) - raft.server.notification.no-leader.timeout = 300000ms (custom)
2021-12-08 13:31:38,961 [pool-76-thread-1] INFO  server.RaftServerConfigKeys (ConfUtils.java:logGet(44)) - raft.server.log.use.memory = false (default)
2021-12-08 13:31:38,961 [pool-76-thread-1] INFO  server.RaftServerConfigKeys (ConfUtils.java:logGet(44)) - raft.server.log.purge.gap = 1000000 (custom)
2021-12-08 13:31:38,961 [pool-76-thread-1] INFO  server.RaftServerConfigKeys (ConfUtils.java:logGet(44)) - raft.server.log.appender.buffer.byte-limit = 33554432 (custom)
2021-12-08 13:31:38,962 [EventQueue-OpenPipelineForHealthyPipelineSafeModeRule] INFO  safemode.SCMSafeModeManager (HealthyPipelineSafeModeRule.java:process(124)) - SCM in safe mode. Healthy pipelines reported count is 0, required healthy pipeline reported count is 1
2021-12-08 13:31:38,962 [pool-76-thread-1] INFO  server.RaftServerConfigKeys (ConfUtils.java:logGet(44)) - raft.server.log.segment.size.max = 1048576 (custom)
2021-12-08 13:31:38,963 [pool-76-thread-1] INFO  server.RaftServerConfigKeys (ConfUtils.java:logGet(44)) - raft.server.log.segment.cache.num.max = 2 (custom)
2021-12-08 13:31:38,963 [pool-76-thread-1] INFO  server.RaftServerConfigKeys (ConfUtils.java:logGet(44)) - raft.server.log.segment.cache.size.max = 200MB (=209715200) (default)
2021-12-08 13:31:38,963 [pool-76-thread-1] INFO  segmented.SegmentedRaftLogWorker (SegmentedRaftLogWorker.java:<init>(182)) - new 2094aa94-81de-4318-a64f-84012b96f5b8@group-240648F9C09F-SegmentedRaftLogWorker for RaftStorageImpl:Storage Directory /home/runner/work/ozone/ozone/hadoop-ozone/integration-test/target/test-dir/MiniOzoneClusterImpl-c8c699bf-5dad-4457-9252-d1686169726e/datanode-1/data/ratis/2f827967-e32c-4d18-8c94-240648f9c09f
2021-12-08 13:31:38,963 [pool-76-thread-1] INFO  server.RaftServerConfigKeys (ConfUtils.java:logGet(44)) - raft.server.log.queue.byte-limit = 2147483647 (custom)
2021-12-08 13:31:38,964 [pool-76-thread-1] INFO  server.RaftServerConfigKeys (ConfUtils.java:logGet(44)) - raft.server.log.queue.element-limit = 1024 (custom)
2021-12-08 13:31:38,964 [pool-76-thread-1] INFO  server.RaftServerConfigKeys (ConfUtils.java:logGet(44)) - raft.server.log.segment.size.max = 1048576 (custom)
2021-12-08 13:31:38,964 [pool-76-thread-1] INFO  server.RaftServerConfigKeys (ConfUtils.java:logGet(44)) - raft.server.log.preallocated.size = 16384 (custom)
2021-12-08 13:31:38,964 [pool-76-thread-1] INFO  server.RaftServerConfigKeys (ConfUtils.java:logGet(44)) - raft.server.log.force.sync.num = 128 (default)
2021-12-08 13:31:38,964 [pool-76-thread-1] INFO  server.RaftServerConfigKeys (ConfUtils.java:logGet(44)) - raft.server.log.statemachine.data.sync = true (default)
2021-12-08 13:31:38,964 [pool-76-thread-1] INFO  server.RaftServerConfigKeys (ConfUtils.java:logGet(44)) - raft.server.log.statemachine.data.sync.timeout = 10s (default)
2021-12-08 13:31:38,964 [pool-76-thread-1] INFO  server.RaftServerConfigKeys (ConfUtils.java:logGet(44)) - raft.server.log.statemachine.data.sync.timeout.retry = -1 (default)
2021-12-08 13:31:38,966 [pool-76-thread-1] INFO  server.RaftServerConfigKeys (ConfUtils.java:logGet(44)) - raft.server.log.write.buffer.size = 1048576 (custom)
2021-12-08 13:31:38,966 [pool-76-thread-1] INFO  server.RaftServerConfigKeys (ConfUtils.java:logGet(44)) - raft.server.log.statemachine.data.caching.enabled = true (custom)
2021-12-08 13:31:38,966 [pool-76-thread-1] INFO  segmented.SegmentedRaftLogWorker (SegmentedRaftLogWorker.java:lambda$new$0(133)) - 2094aa94-81de-4318-a64f-84012b96f5b8@group-240648F9C09F-SegmentedRaftLogWorker: flushIndex: setUnconditionally 0 -> -1
2021-12-08 13:31:38,967 [pool-76-thread-1] INFO  segmented.SegmentedRaftLogWorker (SegmentedRaftLogWorker.java:lambda$new$0(133)) - 2094aa94-81de-4318-a64f-84012b96f5b8@group-240648F9C09F-SegmentedRaftLogWorker: safeCacheEvictIndex: setUnconditionally 0 -> -1
2021-12-08 13:31:38,977 [pool-76-thread-1] INFO  server.RaftServerConfigKeys (ConfUtils.java:logGet(44)) - raft.server.snapshot.auto.trigger.enabled = true (custom)
2021-12-08 13:31:38,977 [pool-76-thread-1] INFO  server.RaftServerConfigKeys (ConfUtils.java:logGet(44)) - raft.server.snapshot.auto.trigger.threshold = 1 (custom)
2021-12-08 13:31:38,977 [pool-76-thread-1] INFO  server.RaftServerConfigKeys (ConfUtils.java:logGet(44)) - raft.server.snapshot.retention.file.num = 5 (custom)
2021-12-08 13:31:38,977 [pool-76-thread-1] INFO  server.RaftServerConfigKeys (ConfUtils.java:logGet(44)) - raft.server.log.purge.upto.snapshot.index = false (default)
2021-12-08 13:31:38,977 [pool-76-thread-1] INFO  server.RaftServerConfigKeys (ConfUtils.java:logGet(44)) - raft.server.retrycache.expirytime = 600000ms (custom)
2021-12-08 13:31:38,977 [pool-76-thread-1] INFO  server.RaftServerConfigKeys (ConfUtils.java:logGet(44)) - raft.server.retrycache.statistics.expirytime = 100μs (default)
2021-12-08 13:31:38,979 [pool-76-thread-1] INFO  server.RaftServer$Division (RaftServerImpl.java:start(301)) - 2094aa94-81de-4318-a64f-84012b96f5b8@group-240648F9C09F: start as a follower, conf=-1: [2094aa94-81de-4318-a64f-84012b96f5b8|rpc:10.1.0.52:36179|priority:0, 425f6569-dffe-4347-8a0f-4e8ceefdc693|rpc:10.1.0.52:38009|priority:1, 4fc445d8-652e-4b1a-8cb7-40c69879e35b|rpc:10.1.0.52:33447|priority:0], old=null
2021-12-08 13:31:38,979 [pool-76-thread-1] INFO  server.RaftServer$Division (RaftServerImpl.java:setRole(290)) - 2094aa94-81de-4318-a64f-84012b96f5b8@group-240648F9C09F: changes role from      null to FOLLOWER at term 0 for startAsFollower
2021-12-08 13:31:38,979 [pool-76-thread-1] INFO  impl.RoleInfo (RoleInfo.java:updateAndGet(130)) - 2094aa94-81de-4318-a64f-84012b96f5b8: start 2094aa94-81de-4318-a64f-84012b96f5b8@group-240648F9C09F-FollowerState
2021-12-08 13:31:38,985 [pool-76-thread-1] INFO  util.JmxRegister (JmxRegister.java:tryRegister(44)) - Successfully registered JMX Bean with object name Ratis:service=RaftServer,group=group-240648F9C09F,id=2094aa94-81de-4318-a64f-84012b96f5b8
2021-12-08 13:31:38,987 [Command processor thread] INFO  ratis.XceiverServerRatis (XceiverServerRatis.java:addGroup(768)) - Created group PipelineID=2f827967-e32c-4d18-8c94-240648f9c09f
2021-12-08 13:31:39,070 [Listener at 127.0.0.1/44261] INFO  ozone.MiniOzoneClusterImpl (MiniOzoneClusterImpl.java:lambda$waitForClusterToBeReady$0(235)) - Nodes are ready. Got 10 of 10 DN Heartbeats.
2021-12-08 13:31:39,070 [Listener at 127.0.0.1/44261] INFO  ozone.MiniOzoneClusterImpl (MiniOzoneClusterImpl.java:lambda$waitForClusterToBeReady$0(238)) - Waiting for cluster to exit safe mode
2021-12-08 13:31:39,070 [Listener at 127.0.0.1/44261] INFO  ozone.MiniOzoneClusterImpl (MiniOzoneClusterImpl.java:lambda$waitForClusterToBeReady$0(240)) - SCM became leader
2021-12-08 13:31:39,162 [EventQueue-OpenPipelineForHealthyPipelineSafeModeRule] INFO  safemode.SCMSafeModeManager (HealthyPipelineSafeModeRule.java:process(124)) - SCM in safe mode. Healthy pipelines reported count is 0, required healthy pipeline reported count is 1
2021-12-08 13:31:39,237 [EventQueue-OpenPipelineForHealthyPipelineSafeModeRule] INFO  safemode.SCMSafeModeManager (HealthyPipelineSafeModeRule.java:process(124)) - SCM in safe mode. Healthy pipelines reported count is 0, required healthy pipeline reported count is 1
2021-12-08 13:31:39,362 [EventQueue-OpenPipelineForHealthyPipelineSafeModeRule] INFO  safemode.SCMSafeModeManager (HealthyPipelineSafeModeRule.java:process(124)) - SCM in safe mode. Healthy pipelines reported count is 0, required healthy pipeline reported count is 1
2021-12-08 13:31:39,392 [grpc-default-executor-0] INFO  server.RaftServer (RaftServerProxy.java:addNew(95)) - 4fc445d8-652e-4b1a-8cb7-40c69879e35b: addNew group-240648F9C09F:[2094aa94-81de-4318-a64f-84012b96f5b8|rpc:10.1.0.52:36179|dataStream:|priority:0, 425f6569-dffe-4347-8a0f-4e8ceefdc693|rpc:10.1.0.52:38009|dataStream:|priority:1, 4fc445d8-652e-4b1a-8cb7-40c69879e35b|rpc:10.1.0.52:33447|dataStream:|priority:0] returns group-240648F9C09F:java.util.concurrent.CompletableFuture@48dacde1[Not completed]
2021-12-08 13:31:39,405 [pool-97-thread-1] INFO  server.RaftServer$Division (RaftServerImpl.java:<init>(184)) - 4fc445d8-652e-4b1a-8cb7-40c69879e35b: new RaftServerImpl for group-240648F9C09F:[2094aa94-81de-4318-a64f-84012b96f5b8|rpc:10.1.0.52:36179|dataStream:|priority:0, 425f6569-dffe-4347-8a0f-4e8ceefdc693|rpc:10.1.0.52:38009|dataStream:|priority:1, 4fc445d8-652e-4b1a-8cb7-40c69879e35b|rpc:10.1.0.52:33447|dataStream:|priority:0] with ContainerStateMachine:uninitialized
2021-12-08 13:31:39,406 [pool-97-thread-1] INFO  server.RaftServerConfigKeys (ConfUtils.java:logGet(44)) - raft.server.rpc.timeout.min = 5s (custom)
2021-12-08 13:31:39,406 [pool-97-thread-1] INFO  server.RaftServerConfigKeys (ConfUtils.java:logGet(44)) - raft.server.rpc.timeout.max = 5200ms (custom)
2021-12-08 13:31:39,407 [pool-97-thread-1] INFO  server.RaftServerConfigKeys (ConfUtils.java:logGet(44)) - raft.server.rpc.sleep.time = 25ms (default)
2021-12-08 13:31:39,407 [pool-97-thread-1] INFO  server.RaftServerConfigKeys (ConfUtils.java:logGet(44)) - raft.server.rpc.slowness.timeout = 300000ms (custom)
2021-12-08 13:31:39,408 [pool-97-thread-1] INFO  server.RaftServerConfigKeys (ConfUtils.java:logGet(44)) - raft.server.leaderelection.leader.step-down.wait-time = 10s (default)
2021-12-08 13:31:39,408 [pool-97-thread-1] INFO  server.RaftServerConfigKeys (ConfUtils.java:logGet(44)) - raft.server.sleep.deviation.threshold = 300ms (default)
2021-12-08 13:31:39,408 [pool-97-thread-1] INFO  server.RaftServerConfigKeys (ConfUtils.java:logGet(44)) - raft.server.log.appender.install.snapshot.enabled = false (custom)
2021-12-08 13:31:39,408 [pool-97-thread-1] INFO  server.RaftServer$Division (ServerState.java:<init>(105)) - 4fc445d8-652e-4b1a-8cb7-40c69879e35b@group-240648F9C09F: ConfigurationManager, init=-1: [2094aa94-81de-4318-a64f-84012b96f5b8|rpc:10.1.0.52:36179|dataStream:|priority:0, 425f6569-dffe-4347-8a0f-4e8ceefdc693|rpc:10.1.0.52:38009|dataStream:|priority:1, 4fc445d8-652e-4b1a-8cb7-40c69879e35b|rpc:10.1.0.52:33447|dataStream:|priority:0], old=null, confs=<EMPTY_MAP>
2021-12-08 13:31:39,408 [pool-97-thread-1] INFO  server.RaftServerConfigKeys (ConfUtils.java:logGet(44)) - raft.server.storage.dir = [/home/runner/work/ozone/ozone/hadoop-ozone/integration-test/target/test-dir/MiniOzoneClusterImpl-c8c699bf-5dad-4457-9252-d1686169726e/datanode-2/data/ratis] (custom)
2021-12-08 13:31:39,408 [pool-97-thread-1] INFO  server.RaftServerConfigKeys (ConfUtils.java:logGet(44)) - raft.server.log.corruption.policy = EXCEPTION (default)
2021-12-08 13:31:39,408 [pool-97-thread-1] INFO  server.RaftServerConfigKeys (ConfUtils.java:logGet(44)) - raft.server.storage.free-space.min = 0MB (=0) (default)
2021-12-08 13:31:39,409 [pool-97-thread-1] INFO  storage.RaftStorageDirectory (RaftStorageDirectoryImpl.java:analyzeStorage(135)) - The storage directory /home/runner/work/ozone/ozone/hadoop-ozone/integration-test/target/test-dir/MiniOzoneClusterImpl-c8c699bf-5dad-4457-9252-d1686169726e/datanode-2/data/ratis/2f827967-e32c-4d18-8c94-240648f9c09f does not exist. Creating ...
2021-12-08 13:31:39,410 [pool-97-thread-1] INFO  storage.RaftStorageDirectory (RaftStorageDirectoryImpl.java:tryLock(230)) - Lock on /home/runner/work/ozone/ozone/hadoop-ozone/integration-test/target/test-dir/MiniOzoneClusterImpl-c8c699bf-5dad-4457-9252-d1686169726e/datanode-2/data/ratis/2f827967-e32c-4d18-8c94-240648f9c09f/in_use.lock acquired by nodename 25433@fv-az148-92
2021-12-08 13:31:39,412 [pool-97-thread-1] INFO  storage.RaftStorage (RaftStorageImpl.java:format(89)) - Storage directory /home/runner/work/ozone/ozone/hadoop-ozone/integration-test/target/test-dir/MiniOzoneClusterImpl-c8c699bf-5dad-4457-9252-d1686169726e/datanode-2/data/ratis/2f827967-e32c-4d18-8c94-240648f9c09f has been successfully formatted.
2021-12-08 13:31:39,413 [pool-97-thread-1] INFO  ratis.ContainerStateMachine (ContainerStateMachine.java:loadSnapshot(231)) - group-240648F9C09F: The snapshot info is null. Setting the last applied indexto:(t:0, i:~)
2021-12-08 13:31:39,413 [pool-97-thread-1] INFO  server.RaftServerConfigKeys (ConfUtils.java:logGet(44)) - raft.server.notification.no-leader.timeout = 300000ms (custom)
2021-12-08 13:31:39,413 [pool-97-thread-1] INFO  server.RaftServerConfigKeys (ConfUtils.java:logGet(44)) - raft.server.log.use.memory = false (default)
2021-12-08 13:31:39,413 [pool-97-thread-1] INFO  server.RaftServerConfigKeys (ConfUtils.java:logGet(44)) - raft.server.log.purge.gap = 1000000 (custom)
2021-12-08 13:31:39,414 [pool-97-thread-1] INFO  server.RaftServerConfigKeys (ConfUtils.java:logGet(44)) - raft.server.log.appender.buffer.byte-limit = 33554432 (custom)
2021-12-08 13:31:39,414 [pool-97-thread-1] INFO  server.RaftServerConfigKeys (ConfUtils.java:logGet(44)) - raft.server.log.segment.size.max = 1048576 (custom)
2021-12-08 13:31:39,416 [pool-97-thread-1] INFO  server.RaftServerConfigKeys (ConfUtils.java:logGet(44)) - raft.server.log.segment.cache.num.max = 2 (custom)
2021-12-08 13:31:39,417 [pool-97-thread-1] INFO  server.RaftServerConfigKeys (ConfUtils.java:logGet(44)) - raft.server.log.segment.cache.size.max = 200MB (=209715200) (default)
2021-12-08 13:31:39,417 [pool-97-thread-1] INFO  segmented.SegmentedRaftLogWorker (SegmentedRaftLogWorker.java:<init>(182)) - new 4fc445d8-652e-4b1a-8cb7-40c69879e35b@group-240648F9C09F-SegmentedRaftLogWorker for RaftStorageImpl:Storage Directory /home/runner/work/ozone/ozone/hadoop-ozone/integration-test/target/test-dir/MiniOzoneClusterImpl-c8c699bf-5dad-4457-9252-d1686169726e/datanode-2/data/ratis/2f827967-e32c-4d18-8c94-240648f9c09f
2021-12-08 13:31:39,417 [pool-97-thread-1] INFO  server.RaftServerConfigKeys (ConfUtils.java:logGet(44)) - raft.server.log.queue.byte-limit = 2147483647 (custom)
2021-12-08 13:31:39,417 [pool-97-thread-1] INFO  server.RaftServerConfigKeys (ConfUtils.java:logGet(44)) - raft.server.log.queue.element-limit = 1024 (custom)
2021-12-08 13:31:39,417 [pool-97-thread-1] INFO  server.RaftServerConfigKeys (ConfUtils.java:logGet(44)) - raft.server.log.segment.size.max = 1048576 (custom)
2021-12-08 13:31:39,417 [pool-97-thread-1] INFO  server.RaftServerConfigKeys (ConfUtils.java:logGet(44)) - raft.server.log.preallocated.size = 16384 (custom)
2021-12-08 13:31:39,425 [pool-97-thread-1] INFO  server.RaftServerConfigKeys (ConfUtils.java:logGet(44)) - raft.server.log.force.sync.num = 128 (default)
2021-12-08 13:31:39,425 [pool-97-thread-1] INFO  server.RaftServerConfigKeys (ConfUtils.java:logGet(44)) - raft.server.log.statemachine.data.sync = true (default)
2021-12-08 13:31:39,426 [pool-97-thread-1] INFO  server.RaftServerConfigKeys (ConfUtils.java:logGet(44)) - raft.server.log.statemachine.data.sync.timeout = 10s (default)
2021-12-08 13:31:39,426 [pool-97-thread-1] INFO  server.RaftServerConfigKeys (ConfUtils.java:logGet(44)) - raft.server.log.statemachine.data.sync.timeout.retry = -1 (default)
2021-12-08 13:31:39,426 [Command processor thread] INFO  commandhandler.CreatePipelineCommandHandler (CreatePipelineCommandHandler.java:handle(106)) - Created Pipeline RATIS THREE PipelineID=2f827967-e32c-4d18-8c94-240648f9c09f.
2021-12-08 13:31:39,427 [Command processor thread] INFO  server.RaftServer (RaftServerProxy.java:addNew(95)) - 425f6569-dffe-4347-8a0f-4e8ceefdc693: addNew group-F1FCE50A5A08:[2094aa94-81de-4318-a64f-84012b96f5b8|rpc:10.1.0.52:36179|priority:1, 425f6569-dffe-4347-8a0f-4e8ceefdc693|rpc:10.1.0.52:38009|priority:0, 4fc445d8-652e-4b1a-8cb7-40c69879e35b|rpc:10.1.0.52:33447|priority:0] returns group-F1FCE50A5A08:java.util.concurrent.CompletableFuture@76405484[Not completed]
2021-12-08 13:31:39,428 [pool-55-thread-1] INFO  server.RaftServer$Division (RaftServerImpl.java:<init>(184)) - 425f6569-dffe-4347-8a0f-4e8ceefdc693: new RaftServerImpl for group-F1FCE50A5A08:[2094aa94-81de-4318-a64f-84012b96f5b8|rpc:10.1.0.52:36179|priority:1, 425f6569-dffe-4347-8a0f-4e8ceefdc693|rpc:10.1.0.52:38009|priority:0, 4fc445d8-652e-4b1a-8cb7-40c69879e35b|rpc:10.1.0.52:33447|priority:0] with ContainerStateMachine:uninitialized
2021-12-08 13:31:39,428 [pool-55-thread-1] INFO  server.RaftServerConfigKeys (ConfUtils.java:logGet(44)) - raft.server.rpc.timeout.min = 5s (custom)
2021-12-08 13:31:39,428 [pool-55-thread-1] INFO  server.RaftServerConfigKeys (ConfUtils.java:logGet(44)) - raft.server.rpc.timeout.max = 5200ms (custom)
2021-12-08 13:31:39,428 [pool-55-thread-1] INFO  server.RaftServerConfigKeys (ConfUtils.java:logGet(44)) - raft.server.rpc.sleep.time = 25ms (default)
2021-12-08 13:31:39,428 [pool-55-thread-1] INFO  server.RaftServerConfigKeys (ConfUtils.java:logGet(44)) - raft.server.rpc.slowness.timeout = 300000ms (custom)
2021-12-08 13:31:39,428 [pool-55-thread-1] INFO  server.RaftServerConfigKeys (ConfUtils.java:logGet(44)) - raft.server.leaderelection.leader.step-down.wait-time = 10s (default)
2021-12-08 13:31:39,428 [pool-55-thread-1] INFO  server.RaftServerConfigKeys (ConfUtils.java:logGet(44)) - raft.server.sleep.deviation.threshold = 300ms (default)
2021-12-08 13:31:39,428 [pool-55-thread-1] INFO  server.RaftServerConfigKeys (ConfUtils.java:logGet(44)) - raft.server.log.appender.install.snapshot.enabled = false (custom)
2021-12-08 13:31:39,428 [pool-55-thread-1] INFO  server.RaftServer$Division (ServerState.java:<init>(105)) - 425f6569-dffe-4347-8a0f-4e8ceefdc693@group-F1FCE50A5A08: ConfigurationManager, init=-1: [2094aa94-81de-4318-a64f-84012b96f5b8|rpc:10.1.0.52:36179|priority:1, 425f6569-dffe-4347-8a0f-4e8ceefdc693|rpc:10.1.0.52:38009|priority:0, 4fc445d8-652e-4b1a-8cb7-40c69879e35b|rpc:10.1.0.52:33447|priority:0], old=null, confs=<EMPTY_MAP>
2021-12-08 13:31:39,428 [pool-55-thread-1] INFO  server.RaftServerConfigKeys (ConfUtils.java:logGet(44)) - raft.server.storage.dir = [/home/runner/work/ozone/ozone/hadoop-ozone/integration-test/target/test-dir/MiniOzoneClusterImpl-c8c699bf-5dad-4457-9252-d1686169726e/datanode-0/data/ratis] (custom)
2021-12-08 13:31:39,428 [pool-55-thread-1] INFO  server.RaftServerConfigKeys (ConfUtils.java:logGet(44)) - raft.server.log.corruption.policy = EXCEPTION (default)
2021-12-08 13:31:39,429 [pool-55-thread-1] INFO  server.RaftServerConfigKeys (ConfUtils.java:logGet(44)) - raft.server.storage.free-space.min = 0MB (=0) (default)
2021-12-08 13:31:39,429 [pool-55-thread-1] INFO  storage.RaftStorageDirectory (RaftStorageDirectoryImpl.java:analyzeStorage(135)) - The storage directory /home/runner/work/ozone/ozone/hadoop-ozone/integration-test/target/test-dir/MiniOzoneClusterImpl-c8c699bf-5dad-4457-9252-d1686169726e/datanode-0/data/ratis/c6c76995-c800-4a85-82f4-f1fce50a5a08 does not exist. Creating ...
2021-12-08 13:31:39,429 [pool-55-thread-1] INFO  storage.RaftStorageDirectory (RaftStorageDirectoryImpl.java:tryLock(230)) - Lock on /home/runner/work/ozone/ozone/hadoop-ozone/integration-test/target/test-dir/MiniOzoneClusterImpl-c8c699bf-5dad-4457-9252-d1686169726e/datanode-0/data/ratis/c6c76995-c800-4a85-82f4-f1fce50a5a08/in_use.lock acquired by nodename 25433@fv-az148-92
2021-12-08 13:31:39,430 [EventQueue-OpenPipelineForHealthyPipelineSafeModeRule] INFO  safemode.SCMSafeModeManager (HealthyPipelineSafeModeRule.java:process(124)) - SCM in safe mode. Healthy pipelines reported count is 0, required healthy pipeline reported count is 1
2021-12-08 13:31:39,431 [pool-55-thread-1] INFO  storage.RaftStorage (RaftStorageImpl.java:format(89)) - Storage directory /home/runner/work/ozone/ozone/hadoop-ozone/integration-test/target/test-dir/MiniOzoneClusterImpl-c8c699bf-5dad-4457-9252-d1686169726e/datanode-0/data/ratis/c6c76995-c800-4a85-82f4-f1fce50a5a08 has been successfully formatted.
2021-12-08 13:31:39,431 [pool-55-thread-1] INFO  ratis.ContainerStateMachine (ContainerStateMachine.java:loadSnapshot(231)) - group-F1FCE50A5A08: The snapshot info is null. Setting the last applied indexto:(t:0, i:~)
2021-12-08 13:31:39,431 [pool-55-thread-1] INFO  server.RaftServerConfigKeys (ConfUtils.java:logGet(44)) - raft.server.notification.no-leader.timeout = 300000ms (custom)
2021-12-08 13:31:39,431 [pool-55-thread-1] INFO  server.RaftServerConfigKeys (ConfUtils.java:logGet(44)) - raft.server.log.use.memory = false (default)
2021-12-08 13:31:39,431 [pool-55-thread-1] INFO  server.RaftServerConfigKeys (ConfUtils.java:logGet(44)) - raft.server.log.purge.gap = 1000000 (custom)
2021-12-08 13:31:39,431 [pool-55-thread-1] INFO  server.RaftServerConfigKeys (ConfUtils.java:logGet(44)) - raft.server.log.appender.buffer.byte-limit = 33554432 (custom)
2021-12-08 13:31:39,432 [pool-55-thread-1] INFO  server.RaftServerConfigKeys (ConfUtils.java:logGet(44)) - raft.server.log.segment.size.max = 1048576 (custom)
2021-12-08 13:31:39,432 [EventQueue-OpenPipelineForHealthyPipelineSafeModeRule] INFO  safemode.SCMSafeModeManager (HealthyPipelineSafeModeRule.java:process(124)) - SCM in safe mode. Healthy pipelines reported count is 0, required healthy pipeline reported count is 1
2021-12-08 13:31:39,432 [pool-55-thread-1] INFO  server.RaftServerConfigKeys (ConfUtils.java:logGet(44)) - raft.server.log.segment.cache.num.max = 2 (custom)
2021-12-08 13:31:39,432 [pool-55-thread-1] INFO  server.RaftServerConfigKeys (ConfUtils.java:logGet(44)) - raft.server.log.segment.cache.size.max = 200MB (=209715200) (default)
2021-12-08 13:31:39,433 [pool-55-thread-1] INFO  segmented.SegmentedRaftLogWorker (SegmentedRaftLogWorker.java:<init>(182)) - new 425f6569-dffe-4347-8a0f-4e8ceefdc693@group-F1FCE50A5A08-SegmentedRaftLogWorker for RaftStorageImpl:Storage Directory /home/runner/work/ozone/ozone/hadoop-ozone/integration-test/target/test-dir/MiniOzoneClusterImpl-c8c699bf-5dad-4457-9252-d1686169726e/datanode-0/data/ratis/c6c76995-c800-4a85-82f4-f1fce50a5a08
2021-12-08 13:31:39,433 [pool-55-thread-1] INFO  server.RaftServerConfigKeys (ConfUtils.java:logGet(44)) - raft.server.log.queue.byte-limit = 2147483647 (custom)
2021-12-08 13:31:39,433 [pool-55-thread-1] INFO  server.RaftServerConfigKeys (ConfUtils.java:logGet(44)) - raft.server.log.queue.element-limit = 1024 (custom)
2021-12-08 13:31:39,433 [pool-55-thread-1] INFO  server.RaftServerConfigKeys (ConfUtils.java:logGet(44)) - raft.server.log.segment.size.max = 1048576 (custom)
2021-12-08 13:31:39,433 [pool-55-thread-1] INFO  server.RaftServerConfigKeys (ConfUtils.java:logGet(44)) - raft.server.log.preallocated.size = 16384 (custom)
2021-12-08 13:31:39,433 [pool-55-thread-1] INFO  server.RaftServerConfigKeys (ConfUtils.java:logGet(44)) - raft.server.log.force.sync.num = 128 (default)
2021-12-08 13:31:39,433 [pool-55-thread-1] INFO  server.RaftServerConfigKeys (ConfUtils.java:logGet(44)) - raft.server.log.statemachine.data.sync = true (default)
2021-12-08 13:31:39,433 [pool-55-thread-1] INFO  server.RaftServerConfigKeys (ConfUtils.java:logGet(44)) - raft.server.log.statemachine.data.sync.timeout = 10s (default)
2021-12-08 13:31:39,433 [pool-55-thread-1] INFO  server.RaftServerConfigKeys (ConfUtils.java:logGet(44)) - raft.server.log.statemachine.data.sync.timeout.retry = -1 (default)
2021-12-08 13:31:39,434 [pool-55-thread-1] INFO  server.RaftServerConfigKeys (ConfUtils.java:logGet(44)) - raft.server.log.write.buffer.size = 1048576 (custom)
2021-12-08 13:31:39,435 [pool-55-thread-1] INFO  server.RaftServerConfigKeys (ConfUtils.java:logGet(44)) - raft.server.log.statemachine.data.caching.enabled = true (custom)
2021-12-08 13:31:39,438 [pool-55-thread-1] INFO  segmented.SegmentedRaftLogWorker (SegmentedRaftLogWorker.java:lambda$new$0(133)) - 425f6569-dffe-4347-8a0f-4e8ceefdc693@group-F1FCE50A5A08-SegmentedRaftLogWorker: flushIndex: setUnconditionally 0 -> -1
2021-12-08 13:31:39,438 [pool-55-thread-1] INFO  segmented.SegmentedRaftLogWorker (SegmentedRaftLogWorker.java:lambda$new$0(133)) - 425f6569-dffe-4347-8a0f-4e8ceefdc693@group-F1FCE50A5A08-SegmentedRaftLogWorker: safeCacheEvictIndex: setUnconditionally 0 -> -1
2021-12-08 13:31:39,438 [pool-97-thread-1] INFO  server.RaftServerConfigKeys (ConfUtils.java:logGet(44)) - raft.server.log.write.buffer.size = 1048576 (custom)
2021-12-08 13:31:39,439 [pool-97-thread-1] INFO  server.RaftServerConfigKeys (ConfUtils.java:logGet(44)) - raft.server.log.statemachine.data.caching.enabled = true (custom)
2021-12-08 13:31:39,439 [pool-97-thread-1] INFO  segmented.SegmentedRaftLogWorker (SegmentedRaftLogWorker.java:lambda$new$0(133)) - 4fc445d8-652e-4b1a-8cb7-40c69879e35b@group-240648F9C09F-SegmentedRaftLogWorker: flushIndex: setUnconditionally 0 -> -1
2021-12-08 13:31:39,439 [pool-97-thread-1] INFO  segmented.SegmentedRaftLogWorker (SegmentedRaftLogWorker.java:lambda$new$0(133)) - 4fc445d8-652e-4b1a-8cb7-40c69879e35b@group-240648F9C09F-SegmentedRaftLogWorker: safeCacheEvictIndex: setUnconditionally 0 -> -1
2021-12-08 13:31:39,440 [pool-55-thread-1] INFO  server.RaftServerConfigKeys (ConfUtils.java:logGet(44)) - raft.server.snapshot.auto.trigger.enabled = true (custom)
2021-12-08 13:31:39,440 [pool-55-thread-1] INFO  server.RaftServerConfigKeys (ConfUtils.java:logGet(44)) - raft.server.snapshot.auto.trigger.threshold = 1 (custom)
2021-12-08 13:31:39,440 [pool-55-thread-1] INFO  server.RaftServerConfigKeys (ConfUtils.java:logGet(44)) - raft.server.snapshot.retention.file.num = 5 (custom)
2021-12-08 13:31:39,440 [pool-55-thread-1] INFO  server.RaftServerConfigKeys (ConfUtils.java:logGet(44)) - raft.server.log.purge.upto.snapshot.index = false (default)
2021-12-08 13:31:39,440 [pool-55-thread-1] INFO  server.RaftServerConfigKeys (ConfUtils.java:logGet(44)) - raft.server.retrycache.expirytime = 600000ms (custom)
2021-12-08 13:31:39,440 [pool-55-thread-1] INFO  server.RaftServerConfigKeys (ConfUtils.java:logGet(44)) - raft.server.retrycache.statistics.expirytime = 100μs (default)
2021-12-08 13:31:39,442 [pool-55-thread-1] INFO  server.RaftServer$Division (RaftServerImpl.java:start(301)) - 425f6569-dffe-4347-8a0f-4e8ceefdc693@group-F1FCE50A5A08: start as a follower, conf=-1: [2094aa94-81de-4318-a64f-84012b96f5b8|rpc:10.1.0.52:36179|priority:1, 425f6569-dffe-4347-8a0f-4e8ceefdc693|rpc:10.1.0.52:38009|priority:0, 4fc445d8-652e-4b1a-8cb7-40c69879e35b|rpc:10.1.0.52:33447|priority:0], old=null
2021-12-08 13:31:39,443 [pool-55-thread-1] INFO  server.RaftServer$Division (RaftServerImpl.java:setRole(290)) - 425f6569-dffe-4347-8a0f-4e8ceefdc693@group-F1FCE50A5A08: changes role from      null to FOLLOWER at term 0 for startAsFollower
2021-12-08 13:31:39,443 [pool-97-thread-1] INFO  server.RaftServerConfigKeys (ConfUtils.java:logGet(44)) - raft.server.snapshot.auto.trigger.enabled = true (custom)
2021-12-08 13:31:39,443 [pool-97-thread-1] INFO  server.RaftServerConfigKeys (ConfUtils.java:logGet(44)) - raft.server.snapshot.auto.trigger.threshold = 1 (custom)
2021-12-08 13:31:39,443 [pool-97-thread-1] INFO  server.RaftServerConfigKeys (ConfUtils.java:logGet(44)) - raft.server.snapshot.retention.file.num = 5 (custom)
2021-12-08 13:31:39,443 [pool-97-thread-1] INFO  server.RaftServerConfigKeys (ConfUtils.java:logGet(44)) - raft.server.log.purge.upto.snapshot.index = false (default)
2021-12-08 13:31:39,443 [pool-97-thread-1] INFO  server.RaftServerConfigKeys (ConfUtils.java:logGet(44)) - raft.server.retrycache.expirytime = 600000ms (custom)
2021-12-08 13:31:39,443 [pool-97-thread-1] INFO  server.RaftServerConfigKeys (ConfUtils.java:logGet(44)) - raft.server.retrycache.statistics.expirytime = 100μs (default)
2021-12-08 13:31:39,445 [pool-55-thread-1] INFO  impl.RoleInfo (RoleInfo.java:updateAndGet(130)) - 425f6569-dffe-4347-8a0f-4e8ceefdc693: start 425f6569-dffe-4347-8a0f-4e8ceefdc693@group-F1FCE50A5A08-FollowerState
2021-12-08 13:31:39,446 [pool-55-thread-1] INFO  util.JmxRegister (JmxRegister.java:tryRegister(44)) - Successfully registered JMX Bean with object name Ratis:service=RaftServer,group=group-F1FCE50A5A08,id=425f6569-dffe-4347-8a0f-4e8ceefdc693
2021-12-08 13:31:39,446 [pool-97-thread-1] INFO  server.RaftServer$Division (RaftServerImpl.java:start(301)) - 4fc445d8-652e-4b1a-8cb7-40c69879e35b@group-240648F9C09F: start as a follower, conf=-1: [2094aa94-81de-4318-a64f-84012b96f5b8|rpc:10.1.0.52:36179|dataStream:|priority:0, 425f6569-dffe-4347-8a0f-4e8ceefdc693|rpc:10.1.0.52:38009|dataStream:|priority:1, 4fc445d8-652e-4b1a-8cb7-40c69879e35b|rpc:10.1.0.52:33447|dataStream:|priority:0], old=null
2021-12-08 13:31:39,446 [pool-97-thread-1] INFO  server.RaftServer$Division (RaftServerImpl.java:setRole(290)) - 4fc445d8-652e-4b1a-8cb7-40c69879e35b@group-240648F9C09F: changes role from      null to FOLLOWER at term 0 for startAsFollower
2021-12-08 13:31:39,446 [pool-97-thread-1] INFO  impl.RoleInfo (RoleInfo.java:updateAndGet(130)) - 4fc445d8-652e-4b1a-8cb7-40c69879e35b: start 4fc445d8-652e-4b1a-8cb7-40c69879e35b@group-240648F9C09F-FollowerState
2021-12-08 13:31:39,448 [Command processor thread] INFO  ratis.XceiverServerRatis (XceiverServerRatis.java:addGroup(768)) - Created group PipelineID=c6c76995-c800-4a85-82f4-f1fce50a5a08
2021-12-08 13:31:39,448 [pool-97-thread-1] INFO  util.JmxRegister (JmxRegister.java:tryRegister(44)) - Successfully registered JMX Bean with object name Ratis:service=RaftServer,group=group-240648F9C09F,id=4fc445d8-652e-4b1a-8cb7-40c69879e35b
2021-12-08 13:31:39,462 [Command processor thread] INFO  server.RaftServer (RaftServerProxy.java:addNew(95)) - 4fc445d8-652e-4b1a-8cb7-40c69879e35b: addNew group-DAD1AF2DF7FC:[4fc445d8-652e-4b1a-8cb7-40c69879e35b|rpc:10.1.0.52:33447|priority:1] returns group-DAD1AF2DF7FC:java.util.concurrent.CompletableFuture@191ec68[Not completed]
2021-12-08 13:31:39,463 [pool-97-thread-1] INFO  server.RaftServer$Division (RaftServerImpl.java:<init>(184)) - 4fc445d8-652e-4b1a-8cb7-40c69879e35b: new RaftServerImpl for group-DAD1AF2DF7FC:[4fc445d8-652e-4b1a-8cb7-40c69879e35b|rpc:10.1.0.52:33447|priority:1] with ContainerStateMachine:uninitialized
2021-12-08 13:31:39,464 [pool-97-thread-1] INFO  server.RaftServerConfigKeys (ConfUtils.java:logGet(44)) - raft.server.rpc.timeout.min = 5s (custom)
2021-12-08 13:31:39,464 [pool-97-thread-1] INFO  server.RaftServerConfigKeys (ConfUtils.java:logGet(44)) - raft.server.rpc.timeout.max = 5200ms (custom)
2021-12-08 13:31:39,464 [pool-97-thread-1] INFO  server.RaftServerConfigKeys (ConfUtils.java:logGet(44)) - raft.server.rpc.sleep.time = 25ms (default)
2021-12-08 13:31:39,464 [pool-97-thread-1] INFO  server.RaftServerConfigKeys (ConfUtils.java:logGet(44)) - raft.server.rpc.slowness.timeout = 300000ms (custom)
2021-12-08 13:31:39,464 [pool-97-thread-1] INFO  server.RaftServerConfigKeys (ConfUtils.java:logGet(44)) - raft.server.leaderelection.leader.step-down.wait-time = 10s (default)
2021-12-08 13:31:39,464 [pool-97-thread-1] INFO  server.RaftServerConfigKeys (ConfUtils.java:logGet(44)) - raft.server.sleep.deviation.threshold = 300ms (default)
2021-12-08 13:31:39,464 [pool-97-thread-1] INFO  server.RaftServerConfigKeys (ConfUtils.java:logGet(44)) - raft.server.log.appender.install.snapshot.enabled = false (custom)
2021-12-08 13:31:39,464 [pool-97-thread-1] INFO  server.RaftServer$Division (ServerState.java:<init>(105)) - 4fc445d8-652e-4b1a-8cb7-40c69879e35b@group-DAD1AF2DF7FC: ConfigurationManager, init=-1: [4fc445d8-652e-4b1a-8cb7-40c69879e35b|rpc:10.1.0.52:33447|priority:1], old=null, confs=<EMPTY_MAP>
2021-12-08 13:31:39,464 [pool-97-thread-1] INFO  server.RaftServerConfigKeys (ConfUtils.java:logGet(44)) - raft.server.storage.dir = [/home/runner/work/ozone/ozone/hadoop-ozone/integration-test/target/test-dir/MiniOzoneClusterImpl-c8c699bf-5dad-4457-9252-d1686169726e/datanode-2/data/ratis] (custom)
2021-12-08 13:31:39,464 [pool-97-thread-1] INFO  server.RaftServerConfigKeys (ConfUtils.java:logGet(44)) - raft.server.log.corruption.policy = EXCEPTION (default)
2021-12-08 13:31:39,464 [pool-97-thread-1] INFO  server.RaftServerConfigKeys (ConfUtils.java:logGet(44)) - raft.server.storage.free-space.min = 0MB (=0) (default)
2021-12-08 13:31:39,464 [pool-97-thread-1] INFO  storage.RaftStorageDirectory (RaftStorageDirectoryImpl.java:analyzeStorage(135)) - The storage directory /home/runner/work/ozone/ozone/hadoop-ozone/integration-test/target/test-dir/MiniOzoneClusterImpl-c8c699bf-5dad-4457-9252-d1686169726e/datanode-2/data/ratis/6df550c0-6ee9-445f-acaf-dad1af2df7fc does not exist. Creating ...
2021-12-08 13:31:39,465 [pool-97-thread-1] INFO  storage.RaftStorageDirectory (RaftStorageDirectoryImpl.java:tryLock(230)) - Lock on /home/runner/work/ozone/ozone/hadoop-ozone/integration-test/target/test-dir/MiniOzoneClusterImpl-c8c699bf-5dad-4457-9252-d1686169726e/datanode-2/data/ratis/6df550c0-6ee9-445f-acaf-dad1af2df7fc/in_use.lock acquired by nodename 25433@fv-az148-92
2021-12-08 13:31:39,466 [pool-97-thread-1] INFO  storage.RaftStorage (RaftStorageImpl.java:format(89)) - Storage directory /home/runner/work/ozone/ozone/hadoop-ozone/integration-test/target/test-dir/MiniOzoneClusterImpl-c8c699bf-5dad-4457-9252-d1686169726e/datanode-2/data/ratis/6df550c0-6ee9-445f-acaf-dad1af2df7fc has been successfully formatted.
2021-12-08 13:31:39,467 [pool-97-thread-1] INFO  ratis.ContainerStateMachine (ContainerStateMachine.java:loadSnapshot(231)) - group-DAD1AF2DF7FC: The snapshot info is null. Setting the last applied indexto:(t:0, i:~)
2021-12-08 13:31:39,467 [pool-97-thread-1] INFO  server.RaftServerConfigKeys (ConfUtils.java:logGet(44)) - raft.server.notification.no-leader.timeout = 300000ms (custom)
2021-12-08 13:31:39,467 [pool-97-thread-1] INFO  server.RaftServerConfigKeys (ConfUtils.java:logGet(44)) - raft.server.log.use.memory = false (default)
2021-12-08 13:31:39,467 [pool-97-thread-1] INFO  server.RaftServerConfigKeys (ConfUtils.java:logGet(44)) - raft.server.log.purge.gap = 1000000 (custom)
2021-12-08 13:31:39,471 [pool-97-thread-1] INFO  server.RaftServerConfigKeys (ConfUtils.java:logGet(44)) - raft.server.log.appender.buffer.byte-limit = 33554432 (custom)
2021-12-08 13:31:39,471 [pool-97-thread-1] INFO  server.RaftServerConfigKeys (ConfUtils.java:logGet(44)) - raft.server.log.segment.size.max = 1048576 (custom)
2021-12-08 13:31:39,468 [EventQueue-PipelineReportForPipelineReportHandler] INFO  pipeline.PipelineManagerImpl (PipelineManagerImpl.java:openPipeline(291)) - Pipeline Pipeline[ Id: 6df550c0-6ee9-445f-acaf-dad1af2df7fc, Nodes: 4fc445d8-652e-4b1a-8cb7-40c69879e35b{ip: 10.1.0.52, host: fv-az148-92.bm4ck3pvxvsene1rjriu5fhcdb.bx.internal.cloudapp.net, ports: [REPLICATION=40087, RATIS=33447, RATIS_ADMIN=33447, RATIS_SERVER=33447, STANDALONE=43397], networkLocation: /default-rack, certSerialId: null, persistedOpState: IN_SERVICE, persistedOpStateExpiryEpochSec: 0}, ReplicationConfig: RATIS/ONE, State:ALLOCATED, leaderId:4fc445d8-652e-4b1a-8cb7-40c69879e35b, CreationTimestamp2021-12-08T13:31:36.465Z[Etc/UTC]] moved to OPEN state
2021-12-08 13:31:39,472 [EventQueue-OpenPipelineForHealthyPipelineSafeModeRule] INFO  safemode.SCMSafeModeManager (HealthyPipelineSafeModeRule.java:process(124)) - SCM in safe mode. Healthy pipelines reported count is 0, required healthy pipeline reported count is 1
2021-12-08 13:31:39,472 [grpc-default-executor-1] INFO  server.RaftServer (RaftServerProxy.java:addNew(95)) - 4fc445d8-652e-4b1a-8cb7-40c69879e35b: addNew group-F1FCE50A5A08:[2094aa94-81de-4318-a64f-84012b96f5b8|rpc:10.1.0.52:36179|dataStream:|priority:1, 425f6569-dffe-4347-8a0f-4e8ceefdc693|rpc:10.1.0.52:38009|dataStream:|priority:0, 4fc445d8-652e-4b1a-8cb7-40c69879e35b|rpc:10.1.0.52:33447|dataStream:|priority:0] returns group-F1FCE50A5A08:java.util.concurrent.CompletableFuture@359a081[Not completed]
2021-12-08 13:31:39,475 [pool-97-thread-1] INFO  server.RaftServerConfigKeys (ConfUtils.java:logGet(44)) - raft.server.log.segment.cache.num.max = 2 (custom)
2021-12-08 13:31:39,476 [pool-97-thread-1] INFO  server.RaftServerConfigKeys (ConfUtils.java:logGet(44)) - raft.server.log.segment.cache.size.max = 200MB (=209715200) (default)
2021-12-08 13:31:39,476 [pool-97-thread-1] INFO  segmented.SegmentedRaftLogWorker (SegmentedRaftLogWorker.java:<init>(182)) - new 4fc445d8-652e-4b1a-8cb7-40c69879e35b@group-DAD1AF2DF7FC-SegmentedRaftLogWorker for RaftStorageImpl:Storage Directory /home/runner/work/ozone/ozone/hadoop-ozone/integration-test/target/test-dir/MiniOzoneClusterImpl-c8c699bf-5dad-4457-9252-d1686169726e/datanode-2/data/ratis/6df550c0-6ee9-445f-acaf-dad1af2df7fc
2021-12-08 13:31:39,476 [pool-97-thread-1] INFO  server.RaftServerConfigKeys (ConfUtils.java:logGet(44)) - raft.server.log.queue.byte-limit = 2147483647 (custom)
2021-12-08 13:31:39,476 [pool-97-thread-1] INFO  server.RaftServerConfigKeys (ConfUtils.java:logGet(44)) - raft.server.log.queue.element-limit = 1024 (custom)
2021-12-08 13:31:39,476 [pool-97-thread-1] INFO  server.RaftServerConfigKeys (ConfUtils.java:logGet(44)) - raft.server.log.segment.size.max = 1048576 (custom)
2021-12-08 13:31:39,476 [pool-97-thread-1] INFO  server.RaftServerConfigKeys (ConfUtils.java:logGet(44)) - raft.server.log.preallocated.size = 16384 (custom)
2021-12-08 13:31:39,476 [pool-97-thread-1] INFO  server.RaftServerConfigKeys (ConfUtils.java:logGet(44)) - raft.server.log.force.sync.num = 128 (default)
2021-12-08 13:31:39,476 [pool-97-thread-1] INFO  server.RaftServerConfigKeys (ConfUtils.java:logGet(44)) - raft.server.log.statemachine.data.sync = true (default)
2021-12-08 13:31:39,476 [pool-97-thread-1] INFO  server.RaftServerConfigKeys (ConfUtils.java:logGet(44)) - raft.server.log.statemachine.data.sync.timeout = 10s (default)
2021-12-08 13:31:39,476 [pool-97-thread-1] INFO  server.RaftServerConfigKeys (ConfUtils.java:logGet(44)) - raft.server.log.statemachine.data.sync.timeout.retry = -1 (default)
2021-12-08 13:31:39,478 [pool-97-thread-1] INFO  server.RaftServerConfigKeys (ConfUtils.java:logGet(44)) - raft.server.log.write.buffer.size = 1048576 (custom)
2021-12-08 13:31:39,480 [pool-97-thread-1] INFO  server.RaftServerConfigKeys (ConfUtils.java:logGet(44)) - raft.server.log.statemachine.data.caching.enabled = true (custom)
2021-12-08 13:31:39,483 [pool-97-thread-1] INFO  segmented.SegmentedRaftLogWorker (SegmentedRaftLogWorker.java:lambda$new$0(133)) - 4fc445d8-652e-4b1a-8cb7-40c69879e35b@group-DAD1AF2DF7FC-SegmentedRaftLogWorker: flushIndex: setUnconditionally 0 -> -1
2021-12-08 13:31:39,483 [pool-97-thread-1] INFO  segmented.SegmentedRaftLogWorker (SegmentedRaftLogWorker.java:lambda$new$0(133)) - 4fc445d8-652e-4b1a-8cb7-40c69879e35b@group-DAD1AF2DF7FC-SegmentedRaftLogWorker: safeCacheEvictIndex: setUnconditionally 0 -> -1
2021-12-08 13:31:39,487 [pool-97-thread-1] INFO  server.RaftServerConfigKeys (ConfUtils.java:logGet(44)) - raft.server.snapshot.auto.trigger.enabled = true (custom)
2021-12-08 13:31:39,487 [pool-97-thread-1] INFO  server.RaftServerConfigKeys (ConfUtils.java:logGet(44)) - raft.server.snapshot.auto.trigger.threshold = 1 (custom)
2021-12-08 13:31:39,487 [pool-97-thread-1] INFO  server.RaftServerConfigKeys (ConfUtils.java:logGet(44)) - raft.server.snapshot.retention.file.num = 5 (custom)
2021-12-08 13:31:39,487 [pool-97-thread-1] INFO  server.RaftServerConfigKeys (ConfUtils.java:logGet(44)) - raft.server.log.purge.upto.snapshot.index = false (default)
2021-12-08 13:31:39,487 [pool-97-thread-1] INFO  server.RaftServerConfigKeys (ConfUtils.java:logGet(44)) - raft.server.retrycache.expirytime = 600000ms (custom)
2021-12-08 13:31:39,487 [pool-97-thread-1] INFO  server.RaftServerConfigKeys (ConfUtils.java:logGet(44)) - raft.server.retrycache.statistics.expirytime = 100μs (default)
2021-12-08 13:31:39,490 [pool-97-thread-1] INFO  server.RaftServer$Division (RaftServerImpl.java:<init>(184)) - 4fc445d8-652e-4b1a-8cb7-40c69879e35b: new RaftServerImpl for group-F1FCE50A5A08:[2094aa94-81de-4318-a64f-84012b96f5b8|rpc:10.1.0.52:36179|dataStream:|priority:1, 425f6569-dffe-4347-8a0f-4e8ceefdc693|rpc:10.1.0.52:38009|dataStream:|priority:0, 4fc445d8-652e-4b1a-8cb7-40c69879e35b|rpc:10.1.0.52:33447|dataStream:|priority:0] with ContainerStateMachine:uninitialized
2021-12-08 13:31:39,498 [pool-97-thread-1] INFO  server.RaftServerConfigKeys (ConfUtils.java:logGet(44)) - raft.server.rpc.timeout.min = 5s (custom)
2021-12-08 13:31:39,500 [pool-97-thread-1] INFO  server.RaftServerConfigKeys (ConfUtils.java:logGet(44)) - raft.server.rpc.timeout.max = 5200ms (custom)
2021-12-08 13:31:39,500 [pool-97-thread-1] INFO  server.RaftServerConfigKeys (ConfUtils.java:logGet(44)) - raft.server.rpc.sleep.time = 25ms (default)
2021-12-08 13:31:39,500 [pool-97-thread-1] INFO  server.RaftServerConfigKeys (ConfUtils.java:logGet(44)) - raft.server.rpc.slowness.timeout = 300000ms (custom)
2021-12-08 13:31:39,500 [pool-97-thread-1] INFO  server.RaftServerConfigKeys (ConfUtils.java:logGet(44)) - raft.server.leaderelection.leader.step-down.wait-time = 10s (default)
2021-12-08 13:31:39,500 [pool-97-thread-1] INFO  server.RaftServerConfigKeys (ConfUtils.java:logGet(44)) - raft.server.sleep.deviation.threshold = 300ms (default)
2021-12-08 13:31:39,500 [pool-97-thread-1] INFO  server.RaftServerConfigKeys (ConfUtils.java:logGet(44)) - raft.server.log.appender.install.snapshot.enabled = false (custom)
2021-12-08 13:31:39,500 [pool-97-thread-1] INFO  server.RaftServer$Division (ServerState.java:<init>(105)) - 4fc445d8-652e-4b1a-8cb7-40c69879e35b@group-F1FCE50A5A08: ConfigurationManager, init=-1: [2094aa94-81de-4318-a64f-84012b96f5b8|rpc:10.1.0.52:36179|dataStream:|priority:1, 425f6569-dffe-4347-8a0f-4e8ceefdc693|rpc:10.1.0.52:38009|dataStream:|priority:0, 4fc445d8-652e-4b1a-8cb7-40c69879e35b|rpc:10.1.0.52:33447|dataStream:|priority:0], old=null, confs=<EMPTY_MAP>
2021-12-08 13:31:39,500 [pool-97-thread-1] INFO  server.RaftServerConfigKeys (ConfUtils.java:logGet(44)) - raft.server.storage.dir = [/home/runner/work/ozone/ozone/hadoop-ozone/integration-test/target/test-dir/MiniOzoneClusterImpl-c8c699bf-5dad-4457-9252-d1686169726e/datanode-2/data/ratis] (custom)
2021-12-08 13:31:39,500 [pool-97-thread-1] INFO  server.RaftServerConfigKeys (ConfUtils.java:logGet(44)) - raft.server.log.corruption.policy = EXCEPTION (default)
2021-12-08 13:31:39,500 [pool-97-thread-1] INFO  server.RaftServerConfigKeys (ConfUtils.java:logGet(44)) - raft.server.storage.free-space.min = 0MB (=0) (default)
2021-12-08 13:31:39,501 [pool-97-thread-1] INFO  storage.RaftStorageDirectory (RaftStorageDirectoryImpl.java:analyzeStorage(135)) - The storage directory /home/runner/work/ozone/ozone/hadoop-ozone/integration-test/target/test-dir/MiniOzoneClusterImpl-c8c699bf-5dad-4457-9252-d1686169726e/datanode-2/data/ratis/c6c76995-c800-4a85-82f4-f1fce50a5a08 does not exist. Creating ...
2021-12-08 13:31:39,502 [pool-97-thread-1] INFO  storage.RaftStorageDirectory (RaftStorageDirectoryImpl.java:tryLock(230)) - Lock on /home/runner/work/ozone/ozone/hadoop-ozone/integration-test/target/test-dir/MiniOzoneClusterImpl-c8c699bf-5dad-4457-9252-d1686169726e/datanode-2/data/ratis/c6c76995-c800-4a85-82f4-f1fce50a5a08/in_use.lock acquired by nodename 25433@fv-az148-92
2021-12-08 13:31:39,503 [pool-97-thread-1] INFO  storage.RaftStorage (RaftStorageImpl.java:format(89)) - Storage directory /home/runner/work/ozone/ozone/hadoop-ozone/integration-test/target/test-dir/MiniOzoneClusterImpl-c8c699bf-5dad-4457-9252-d1686169726e/datanode-2/data/ratis/c6c76995-c800-4a85-82f4-f1fce50a5a08 has been successfully formatted.
2021-12-08 13:31:39,503 [pool-97-thread-1] INFO  ratis.ContainerStateMachine (ContainerStateMachine.java:loadSnapshot(231)) - group-F1FCE50A5A08: The snapshot info is null. Setting the last applied indexto:(t:0, i:~)
2021-12-08 13:31:39,503 [pool-97-thread-1] INFO  server.RaftServerConfigKeys (ConfUtils.java:logGet(44)) - raft.server.notification.no-leader.timeout = 300000ms (custom)
2021-12-08 13:31:39,504 [pool-97-thread-1] INFO  server.RaftServerConfigKeys (ConfUtils.java:logGet(44)) - raft.server.log.use.memory = false (default)
2021-12-08 13:31:39,504 [pool-97-thread-1] INFO  server.RaftServerConfigKeys (ConfUtils.java:logGet(44)) - raft.server.log.purge.gap = 1000000 (custom)
2021-12-08 13:31:39,504 [pool-97-thread-1] INFO  server.RaftServerConfigKeys (ConfUtils.java:logGet(44)) - raft.server.log.appender.buffer.byte-limit = 33554432 (custom)
2021-12-08 13:31:39,504 [pool-97-thread-1] INFO  server.RaftServerConfigKeys (ConfUtils.java:logGet(44)) - raft.server.log.segment.size.max = 1048576 (custom)
2021-12-08 13:31:39,505 [pool-97-thread-1] INFO  server.RaftServerConfigKeys (ConfUtils.java:logGet(44)) - raft.server.log.segment.cache.num.max = 2 (custom)
2021-12-08 13:31:39,505 [pool-97-thread-1] INFO  server.RaftServerConfigKeys (ConfUtils.java:logGet(44)) - raft.server.log.segment.cache.size.max = 200MB (=209715200) (default)
2021-12-08 13:31:39,505 [pool-97-thread-1] INFO  segmented.SegmentedRaftLogWorker (SegmentedRaftLogWorker.java:<init>(182)) - new 4fc445d8-652e-4b1a-8cb7-40c69879e35b@group-F1FCE50A5A08-SegmentedRaftLogWorker for RaftStorageImpl:Storage Directory /home/runner/work/ozone/ozone/hadoop-ozone/integration-test/target/test-dir/MiniOzoneClusterImpl-c8c699bf-5dad-4457-9252-d1686169726e/datanode-2/data/ratis/c6c76995-c800-4a85-82f4-f1fce50a5a08
2021-12-08 13:31:39,505 [pool-97-thread-1] INFO  server.RaftServerConfigKeys (ConfUtils.java:logGet(44)) - raft.server.log.queue.byte-limit = 2147483647 (custom)
2021-12-08 13:31:39,505 [pool-97-thread-1] INFO  server.RaftServerConfigKeys (ConfUtils.java:logGet(44)) - raft.server.log.queue.element-limit = 1024 (custom)
2021-12-08 13:31:39,505 [EventQueue-OpenPipelineForHealthyPipelineSafeModeRule] INFO  safemode.SCMSafeModeManager (HealthyPipelineSafeModeRule.java:process(124)) - SCM in safe mode. Healthy pipelines reported count is 0, required healthy pipeline reported count is 1
2021-12-08 13:31:39,505 [pool-97-thread-1] INFO  server.RaftServerConfigKeys (ConfUtils.java:logGet(44)) - raft.server.log.segment.size.max = 1048576 (custom)
2021-12-08 13:31:39,505 [pool-97-thread-1] INFO  server.RaftServerConfigKeys (ConfUtils.java:logGet(44)) - raft.server.log.preallocated.size = 16384 (custom)
2021-12-08 13:31:39,505 [pool-97-thread-1] INFO  server.RaftServerConfigKeys (ConfUtils.java:logGet(44)) - raft.server.log.force.sync.num = 128 (default)
2021-12-08 13:31:39,505 [pool-97-thread-1] INFO  server.RaftServerConfigKeys (ConfUtils.java:logGet(44)) - raft.server.log.statemachine.data.sync = true (default)
2021-12-08 13:31:39,505 [pool-97-thread-1] INFO  server.RaftServerConfigKeys (ConfUtils.java:logGet(44)) - raft.server.log.statemachine.data.sync.timeout = 10s (default)
2021-12-08 13:31:39,505 [pool-97-thread-1] INFO  server.RaftServerConfigKeys (ConfUtils.java:logGet(44)) - raft.server.log.statemachine.data.sync.timeout.retry = -1 (default)
2021-12-08 13:31:39,514 [pool-97-thread-1] INFO  server.RaftServerConfigKeys (ConfUtils.java:logGet(44)) - raft.server.log.write.buffer.size = 1048576 (custom)
2021-12-08 13:31:39,515 [pool-97-thread-1] INFO  server.RaftServerConfigKeys (ConfUtils.java:logGet(44)) - raft.server.log.statemachine.data.caching.enabled = true (custom)
2021-12-08 13:31:39,515 [pool-97-thread-1] INFO  segmented.SegmentedRaftLogWorker (SegmentedRaftLogWorker.java:lambda$new$0(133)) - 4fc445d8-652e-4b1a-8cb7-40c69879e35b@group-F1FCE50A5A08-SegmentedRaftLogWorker: flushIndex: setUnconditionally 0 -> -1
2021-12-08 13:31:39,515 [pool-97-thread-1] INFO  segmented.SegmentedRaftLogWorker (SegmentedRaftLogWorker.java:lambda$new$0(133)) - 4fc445d8-652e-4b1a-8cb7-40c69879e35b@group-F1FCE50A5A08-SegmentedRaftLogWorker: safeCacheEvictIndex: setUnconditionally 0 -> -1
2021-12-08 13:31:39,515 [pool-97-thread-1] INFO  server.RaftServerConfigKeys (ConfUtils.java:logGet(44)) - raft.server.snapshot.auto.trigger.enabled = true (custom)
2021-12-08 13:31:39,515 [pool-97-thread-1] INFO  server.RaftServerConfigKeys (ConfUtils.java:logGet(44)) - raft.server.snapshot.auto.trigger.threshold = 1 (custom)
2021-12-08 13:31:39,516 [pool-97-thread-1] INFO  server.RaftServerConfigKeys (ConfUtils.java:logGet(44)) - raft.server.snapshot.retention.file.num = 5 (custom)
2021-12-08 13:31:39,516 [pool-97-thread-1] INFO  server.RaftServerConfigKeys (ConfUtils.java:logGet(44)) - raft.server.log.purge.upto.snapshot.index = false (default)
2021-12-08 13:31:39,516 [pool-97-thread-1] INFO  server.RaftServerConfigKeys (ConfUtils.java:logGet(44)) - raft.server.retrycache.expirytime = 600000ms (custom)
2021-12-08 13:31:39,516 [pool-97-thread-1] INFO  server.RaftServerConfigKeys (ConfUtils.java:logGet(44)) - raft.server.retrycache.statistics.expirytime = 100μs (default)
2021-12-08 13:31:39,517 [pool-97-thread-1] INFO  server.RaftServer$Division (RaftServerImpl.java:start(301)) - 4fc445d8-652e-4b1a-8cb7-40c69879e35b@group-DAD1AF2DF7FC: start as a follower, conf=-1: [4fc445d8-652e-4b1a-8cb7-40c69879e35b|rpc:10.1.0.52:33447|priority:1], old=null
2021-12-08 13:31:39,517 [pool-97-thread-1] INFO  server.RaftServer$Division (RaftServerImpl.java:setRole(290)) - 4fc445d8-652e-4b1a-8cb7-40c69879e35b@group-DAD1AF2DF7FC: changes role from      null to FOLLOWER at term 0 for startAsFollower
2021-12-08 13:31:39,517 [pool-97-thread-1] INFO  impl.RoleInfo (RoleInfo.java:updateAndGet(130)) - 4fc445d8-652e-4b1a-8cb7-40c69879e35b: start 4fc445d8-652e-4b1a-8cb7-40c69879e35b@group-DAD1AF2DF7FC-FollowerState
2021-12-08 13:31:39,518 [pool-97-thread-1] INFO  util.JmxRegister (JmxRegister.java:tryRegister(44)) - Successfully registered JMX Bean with object name Ratis:service=RaftServer,group=group-DAD1AF2DF7FC,id=4fc445d8-652e-4b1a-8cb7-40c69879e35b
2021-12-08 13:31:39,518 [pool-97-thread-1] INFO  server.RaftServer$Division (RaftServerImpl.java:start(301)) - 4fc445d8-652e-4b1a-8cb7-40c69879e35b@group-F1FCE50A5A08: start as a follower, conf=-1: [2094aa94-81de-4318-a64f-84012b96f5b8|rpc:10.1.0.52:36179|dataStream:|priority:1, 425f6569-dffe-4347-8a0f-4e8ceefdc693|rpc:10.1.0.52:38009|dataStream:|priority:0, 4fc445d8-652e-4b1a-8cb7-40c69879e35b|rpc:10.1.0.52:33447|dataStream:|priority:0], old=null
2021-12-08 13:31:39,519 [pool-97-thread-1] INFO  server.RaftServer$Division (RaftServerImpl.java:setRole(290)) - 4fc445d8-652e-4b1a-8cb7-40c69879e35b@group-F1FCE50A5A08: changes role from      null to FOLLOWER at term 0 for startAsFollower
2021-12-08 13:31:39,519 [pool-97-thread-1] INFO  impl.RoleInfo (RoleInfo.java:updateAndGet(130)) - 4fc445d8-652e-4b1a-8cb7-40c69879e35b: start 4fc445d8-652e-4b1a-8cb7-40c69879e35b@group-F1FCE50A5A08-FollowerState
2021-12-08 13:31:39,519 [Command processor thread] INFO  ratis.XceiverServerRatis (XceiverServerRatis.java:addGroup(768)) - Created group PipelineID=6df550c0-6ee9-445f-acaf-dad1af2df7fc
2021-12-08 13:31:39,519 [Command processor thread] INFO  commandhandler.CreatePipelineCommandHandler (CreatePipelineCommandHandler.java:handle(106)) - Created Pipeline RATIS ONE PipelineID=6df550c0-6ee9-445f-acaf-dad1af2df7fc.
2021-12-08 13:31:39,519 [pool-97-thread-1] INFO  util.JmxRegister (JmxRegister.java:tryRegister(44)) - Successfully registered JMX Bean with object name Ratis:service=RaftServer,group=group-F1FCE50A5A08,id=4fc445d8-652e-4b1a-8cb7-40c69879e35b
2021-12-08 13:31:39,540 [Command processor thread] INFO  commandhandler.CreatePipelineCommandHandler (CreatePipelineCommandHandler.java:handle(106)) - Created Pipeline RATIS THREE PipelineID=2f827967-e32c-4d18-8c94-240648f9c09f.
2021-12-08 13:31:39,542 [pool-76-thread-1] INFO  server.RaftServer$Division (RaftServerImpl.java:<init>(184)) - 2094aa94-81de-4318-a64f-84012b96f5b8: new RaftServerImpl for group-F1FCE50A5A08:[2094aa94-81de-4318-a64f-84012b96f5b8|rpc:10.1.0.52:36179|priority:1, 425f6569-dffe-4347-8a0f-4e8ceefdc693|rpc:10.1.0.52:38009|priority:0, 4fc445d8-652e-4b1a-8cb7-40c69879e35b|rpc:10.1.0.52:33447|priority:0] with ContainerStateMachine:uninitialized
2021-12-08 13:31:39,542 [pool-76-thread-1] INFO  server.RaftServerConfigKeys (ConfUtils.java:logGet(44)) - raft.server.rpc.timeout.min = 5s (custom)
2021-12-08 13:31:39,542 [pool-76-thread-1] INFO  server.RaftServerConfigKeys (ConfUtils.java:logGet(44)) - raft.server.rpc.timeout.max = 5200ms (custom)
2021-12-08 13:31:39,542 [pool-76-thread-1] INFO  server.RaftServerConfigKeys (ConfUtils.java:logGet(44)) - raft.server.rpc.sleep.time = 25ms (default)
2021-12-08 13:31:39,542 [pool-76-thread-1] INFO  server.RaftServerConfigKeys (ConfUtils.java:logGet(44)) - raft.server.rpc.slowness.timeout = 300000ms (custom)
2021-12-08 13:31:39,542 [pool-76-thread-1] INFO  server.RaftServerConfigKeys (ConfUtils.java:logGet(44)) - raft.server.leaderelection.leader.step-down.wait-time = 10s (default)
2021-12-08 13:31:39,542 [pool-76-thread-1] INFO  server.RaftServerConfigKeys (ConfUtils.java:logGet(44)) - raft.server.sleep.deviation.threshold = 300ms (default)
2021-12-08 13:31:39,542 [pool-76-thread-1] INFO  server.RaftServerConfigKeys (ConfUtils.java:logGet(44)) - raft.server.log.appender.install.snapshot.enabled = false (custom)
2021-12-08 13:31:39,542 [pool-76-thread-1] INFO  server.RaftServer$Division (ServerState.java:<init>(105)) - 2094aa94-81de-4318-a64f-84012b96f5b8@group-F1FCE50A5A08: ConfigurationManager, init=-1: [2094aa94-81de-4318-a64f-84012b96f5b8|rpc:10.1.0.52:36179|priority:1, 425f6569-dffe-4347-8a0f-4e8ceefdc693|rpc:10.1.0.52:38009|priority:0, 4fc445d8-652e-4b1a-8cb7-40c69879e35b|rpc:10.1.0.52:33447|priority:0], old=null, confs=<EMPTY_MAP>
2021-12-08 13:31:39,542 [pool-76-thread-1] INFO  server.RaftServerConfigKeys (ConfUtils.java:logGet(44)) - raft.server.storage.dir = [/home/runner/work/ozone/ozone/hadoop-ozone/integration-test/target/test-dir/MiniOzoneClusterImpl-c8c699bf-5dad-4457-9252-d1686169726e/datanode-1/data/ratis] (custom)
2021-12-08 13:31:39,542 [pool-76-thread-1] INFO  server.RaftServerConfigKeys (ConfUtils.java:logGet(44)) - raft.server.log.corruption.policy = EXCEPTION (default)
2021-12-08 13:31:39,542 [pool-76-thread-1] INFO  server.RaftServerConfigKeys (ConfUtils.java:logGet(44)) - raft.server.storage.free-space.min = 0MB (=0) (default)
2021-12-08 13:31:39,543 [pool-76-thread-1] INFO  storage.RaftStorageDirectory (RaftStorageDirectoryImpl.java:analyzeStorage(135)) - The storage directory /home/runner/work/ozone/ozone/hadoop-ozone/integration-test/target/test-dir/MiniOzoneClusterImpl-c8c699bf-5dad-4457-9252-d1686169726e/datanode-1/data/ratis/c6c76995-c800-4a85-82f4-f1fce50a5a08 does not exist. Creating ...
2021-12-08 13:31:39,543 [Command processor thread] INFO  server.RaftServer (RaftServerProxy.java:addNew(95)) - 2094aa94-81de-4318-a64f-84012b96f5b8: addNew group-F1FCE50A5A08:[2094aa94-81de-4318-a64f-84012b96f5b8|rpc:10.1.0.52:36179|priority:1, 425f6569-dffe-4347-8a0f-4e8ceefdc693|rpc:10.1.0.52:38009|priority:0, 4fc445d8-652e-4b1a-8cb7-40c69879e35b|rpc:10.1.0.52:33447|priority:0] returns group-F1FCE50A5A08:java.util.concurrent.CompletableFuture@1062e2d5[Not completed]
2021-12-08 13:31:39,544 [pool-76-thread-1] INFO  storage.RaftStorageDirectory (RaftStorageDirectoryImpl.java:tryLock(230)) - Lock on /home/runner/work/ozone/ozone/hadoop-ozone/integration-test/target/test-dir/MiniOzoneClusterImpl-c8c699bf-5dad-4457-9252-d1686169726e/datanode-1/data/ratis/c6c76995-c800-4a85-82f4-f1fce50a5a08/in_use.lock acquired by nodename 25433@fv-az148-92
2021-12-08 13:31:39,546 [pool-76-thread-1] INFO  storage.RaftStorage (RaftStorageImpl.java:format(89)) - Storage directory /home/runner/work/ozone/ozone/hadoop-ozone/integration-test/target/test-dir/MiniOzoneClusterImpl-c8c699bf-5dad-4457-9252-d1686169726e/datanode-1/data/ratis/c6c76995-c800-4a85-82f4-f1fce50a5a08 has been successfully formatted.
2021-12-08 13:31:39,547 [pool-76-thread-1] INFO  ratis.ContainerStateMachine (ContainerStateMachine.java:loadSnapshot(231)) - group-F1FCE50A5A08: The snapshot info is null. Setting the last applied indexto:(t:0, i:~)
2021-12-08 13:31:39,547 [pool-76-thread-1] INFO  server.RaftServerConfigKeys (ConfUtils.java:logGet(44)) - raft.server.notification.no-leader.timeout = 300000ms (custom)
2021-12-08 13:31:39,547 [pool-76-thread-1] INFO  server.RaftServerConfigKeys (ConfUtils.java:logGet(44)) - raft.server.log.use.memory = false (default)
2021-12-08 13:31:39,547 [pool-76-thread-1] INFO  server.RaftServerConfigKeys (ConfUtils.java:logGet(44)) - raft.server.log.purge.gap = 1000000 (custom)
2021-12-08 13:31:39,547 [pool-76-thread-1] INFO  server.RaftServerConfigKeys (ConfUtils.java:logGet(44)) - raft.server.log.appender.buffer.byte-limit = 33554432 (custom)
2021-12-08 13:31:39,548 [EventQueue-OpenPipelineForHealthyPipelineSafeModeRule] INFO  safemode.SCMSafeModeManager (HealthyPipelineSafeModeRule.java:process(124)) - SCM in safe mode. Healthy pipelines reported count is 0, required healthy pipeline reported count is 1
2021-12-08 13:31:39,549 [pool-76-thread-1] INFO  server.RaftServerConfigKeys (ConfUtils.java:logGet(44)) - raft.server.log.segment.size.max = 1048576 (custom)
2021-12-08 13:31:39,550 [pool-76-thread-1] INFO  server.RaftServerConfigKeys (ConfUtils.java:logGet(44)) - raft.server.log.segment.cache.num.max = 2 (custom)
2021-12-08 13:31:39,552 [pool-76-thread-1] INFO  server.RaftServerConfigKeys (ConfUtils.java:logGet(44)) - raft.server.log.segment.cache.size.max = 200MB (=209715200) (default)
2021-12-08 13:31:39,552 [pool-76-thread-1] INFO  segmented.SegmentedRaftLogWorker (SegmentedRaftLogWorker.java:<init>(182)) - new 2094aa94-81de-4318-a64f-84012b96f5b8@group-F1FCE50A5A08-SegmentedRaftLogWorker for RaftStorageImpl:Storage Directory /home/runner/work/ozone/ozone/hadoop-ozone/integration-test/target/test-dir/MiniOzoneClusterImpl-c8c699bf-5dad-4457-9252-d1686169726e/datanode-1/data/ratis/c6c76995-c800-4a85-82f4-f1fce50a5a08
2021-12-08 13:31:39,552 [pool-76-thread-1] INFO  server.RaftServerConfigKeys (ConfUtils.java:logGet(44)) - raft.server.log.queue.byte-limit = 2147483647 (custom)
2021-12-08 13:31:39,552 [pool-76-thread-1] INFO  server.RaftServerConfigKeys (ConfUtils.java:logGet(44)) - raft.server.log.queue.element-limit = 1024 (custom)
2021-12-08 13:31:39,552 [pool-76-thread-1] INFO  server.RaftServerConfigKeys (ConfUtils.java:logGet(44)) - raft.server.log.segment.size.max = 1048576 (custom)
2021-12-08 13:31:39,552 [pool-76-thread-1] INFO  server.RaftServerConfigKeys (ConfUtils.java:logGet(44)) - raft.server.log.preallocated.size = 16384 (custom)
2021-12-08 13:31:39,552 [pool-76-thread-1] INFO  server.RaftServerConfigKeys (ConfUtils.java:logGet(44)) - raft.server.log.force.sync.num = 128 (default)
2021-12-08 13:31:39,552 [pool-76-thread-1] INFO  server.RaftServerConfigKeys (ConfUtils.java:logGet(44)) - raft.server.log.statemachine.data.sync = true (default)
2021-12-08 13:31:39,552 [pool-76-thread-1] INFO  server.RaftServerConfigKeys (ConfUtils.java:logGet(44)) - raft.server.log.statemachine.data.sync.timeout = 10s (default)
2021-12-08 13:31:39,552 [pool-76-thread-1] INFO  server.RaftServerConfigKeys (ConfUtils.java:logGet(44)) - raft.server.log.statemachine.data.sync.timeout.retry = -1 (default)
2021-12-08 13:31:39,555 [pool-76-thread-1] INFO  server.RaftServerConfigKeys (ConfUtils.java:logGet(44)) - raft.server.log.write.buffer.size = 1048576 (custom)
2021-12-08 13:31:39,556 [pool-76-thread-1] INFO  server.RaftServerConfigKeys (ConfUtils.java:logGet(44)) - raft.server.log.statemachine.data.caching.enabled = true (custom)
2021-12-08 13:31:39,556 [pool-76-thread-1] INFO  segmented.SegmentedRaftLogWorker (SegmentedRaftLogWorker.java:lambda$new$0(133)) - 2094aa94-81de-4318-a64f-84012b96f5b8@group-F1FCE50A5A08-SegmentedRaftLogWorker: flushIndex: setUnconditionally 0 -> -1
2021-12-08 13:31:39,556 [pool-76-thread-1] INFO  segmented.SegmentedRaftLogWorker (SegmentedRaftLogWorker.java:lambda$new$0(133)) - 2094aa94-81de-4318-a64f-84012b96f5b8@group-F1FCE50A5A08-SegmentedRaftLogWorker: safeCacheEvictIndex: setUnconditionally 0 -> -1
2021-12-08 13:31:39,556 [pool-76-thread-1] INFO  server.RaftServerConfigKeys (ConfUtils.java:logGet(44)) - raft.server.snapshot.auto.trigger.enabled = true (custom)
2021-12-08 13:31:39,556 [pool-76-thread-1] INFO  server.RaftServerConfigKeys (ConfUtils.java:logGet(44)) - raft.server.snapshot.auto.trigger.threshold = 1 (custom)
2021-12-08 13:31:39,556 [pool-76-thread-1] INFO  server.RaftServerConfigKeys (ConfUtils.java:logGet(44)) - raft.server.snapshot.retention.file.num = 5 (custom)
2021-12-08 13:31:39,556 [pool-76-thread-1] INFO  server.RaftServerConfigKeys (ConfUtils.java:logGet(44)) - raft.server.log.purge.upto.snapshot.index = false (default)
2021-12-08 13:31:39,556 [pool-76-thread-1] INFO  server.RaftServerConfigKeys (ConfUtils.java:logGet(44)) - raft.server.retrycache.expirytime = 600000ms (custom)
2021-12-08 13:31:39,556 [pool-76-thread-1] INFO  server.RaftServerConfigKeys (ConfUtils.java:logGet(44)) - raft.server.retrycache.statistics.expirytime = 100μs (default)
2021-12-08 13:31:39,558 [pool-76-thread-1] INFO  server.RaftServer$Division (RaftServerImpl.java:start(301)) - 2094aa94-81de-4318-a64f-84012b96f5b8@group-F1FCE50A5A08: start as a follower, conf=-1: [2094aa94-81de-4318-a64f-84012b96f5b8|rpc:10.1.0.52:36179|priority:1, 425f6569-dffe-4347-8a0f-4e8ceefdc693|rpc:10.1.0.52:38009|priority:0, 4fc445d8-652e-4b1a-8cb7-40c69879e35b|rpc:10.1.0.52:33447|priority:0], old=null
2021-12-08 13:31:39,558 [pool-76-thread-1] INFO  server.RaftServer$Division (RaftServerImpl.java:setRole(290)) - 2094aa94-81de-4318-a64f-84012b96f5b8@group-F1FCE50A5A08: changes role from      null to FOLLOWER at term 0 for startAsFollower
2021-12-08 13:31:39,558 [pool-76-thread-1] INFO  impl.RoleInfo (RoleInfo.java:updateAndGet(130)) - 2094aa94-81de-4318-a64f-84012b96f5b8: start 2094aa94-81de-4318-a64f-84012b96f5b8@group-F1FCE50A5A08-FollowerState
2021-12-08 13:31:39,558 [pool-76-thread-1] INFO  util.JmxRegister (JmxRegister.java:tryRegister(44)) - Successfully registered JMX Bean with object name Ratis:service=RaftServer,group=group-F1FCE50A5A08,id=2094aa94-81de-4318-a64f-84012b96f5b8
2021-12-08 13:31:39,566 [Command processor thread] INFO  ratis.XceiverServerRatis (XceiverServerRatis.java:addGroup(768)) - Created group PipelineID=c6c76995-c800-4a85-82f4-f1fce50a5a08
2021-12-08 13:31:39,589 [Command processor thread] INFO  commandhandler.CreatePipelineCommandHandler (CreatePipelineCommandHandler.java:handle(106)) - Created Pipeline RATIS THREE PipelineID=c6c76995-c800-4a85-82f4-f1fce50a5a08.
2021-12-08 13:31:39,618 [Command processor thread] INFO  commandhandler.CreatePipelineCommandHandler (CreatePipelineCommandHandler.java:handle(106)) - Created Pipeline RATIS THREE PipelineID=c6c76995-c800-4a85-82f4-f1fce50a5a08.
2021-12-08 13:31:39,669 [Command processor thread] INFO  server.RaftServer (RaftServerProxy.java:addNew(95)) - 8a8f2b09-e878-40c2-9c9f-30d928921f94: addNew group-7FE3A30E79EB:[8a8f2b09-e878-40c2-9c9f-30d928921f94|rpc:10.1.0.52:43169|priority:1] returns group-7FE3A30E79EB:java.util.concurrent.CompletableFuture@279371a6[Not completed]
2021-12-08 13:31:39,671 [pool-118-thread-1] INFO  server.RaftServer$Division (RaftServerImpl.java:<init>(184)) - 8a8f2b09-e878-40c2-9c9f-30d928921f94: new RaftServerImpl for group-7FE3A30E79EB:[8a8f2b09-e878-40c2-9c9f-30d928921f94|rpc:10.1.0.52:43169|priority:1] with ContainerStateMachine:uninitialized
2021-12-08 13:31:39,672 [pool-118-thread-1] INFO  server.RaftServerConfigKeys (ConfUtils.java:logGet(44)) - raft.server.rpc.timeout.min = 5s (custom)
2021-12-08 13:31:39,673 [pool-118-thread-1] INFO  server.RaftServerConfigKeys (ConfUtils.java:logGet(44)) - raft.server.rpc.timeout.max = 5200ms (custom)
2021-12-08 13:31:39,673 [pool-118-thread-1] INFO  server.RaftServerConfigKeys (ConfUtils.java:logGet(44)) - raft.server.rpc.sleep.time = 25ms (default)
2021-12-08 13:31:39,673 [pool-118-thread-1] INFO  server.RaftServerConfigKeys (ConfUtils.java:logGet(44)) - raft.server.rpc.slowness.timeout = 300000ms (custom)
2021-12-08 13:31:39,673 [pool-118-thread-1] INFO  server.RaftServerConfigKeys (ConfUtils.java:logGet(44)) - raft.server.leaderelection.leader.step-down.wait-time = 10s (default)
2021-12-08 13:31:39,673 [pool-118-thread-1] INFO  server.RaftServerConfigKeys (ConfUtils.java:logGet(44)) - raft.server.sleep.deviation.threshold = 300ms (default)
2021-12-08 13:31:39,673 [pool-118-thread-1] INFO  server.RaftServerConfigKeys (ConfUtils.java:logGet(44)) - raft.server.log.appender.install.snapshot.enabled = false (custom)
2021-12-08 13:31:39,673 [pool-118-thread-1] INFO  server.RaftServer$Division (ServerState.java:<init>(105)) - 8a8f2b09-e878-40c2-9c9f-30d928921f94@group-7FE3A30E79EB: ConfigurationManager, init=-1: [8a8f2b09-e878-40c2-9c9f-30d928921f94|rpc:10.1.0.52:43169|priority:1], old=null, confs=<EMPTY_MAP>
2021-12-08 13:31:39,673 [pool-118-thread-1] INFO  server.RaftServerConfigKeys (ConfUtils.java:logGet(44)) - raft.server.storage.dir = [/home/runner/work/ozone/ozone/hadoop-ozone/integration-test/target/test-dir/MiniOzoneClusterImpl-c8c699bf-5dad-4457-9252-d1686169726e/datanode-3/data/ratis] (custom)
2021-12-08 13:31:39,673 [pool-118-thread-1] INFO  server.RaftServerConfigKeys (ConfUtils.java:logGet(44)) - raft.server.log.corruption.policy = EXCEPTION (default)
2021-12-08 13:31:39,673 [pool-118-thread-1] INFO  server.RaftServerConfigKeys (ConfUtils.java:logGet(44)) - raft.server.storage.free-space.min = 0MB (=0) (default)
2021-12-08 13:31:39,674 [pool-118-thread-1] INFO  storage.RaftStorageDirectory (RaftStorageDirectoryImpl.java:analyzeStorage(135)) - The storage directory /home/runner/work/ozone/ozone/hadoop-ozone/integration-test/target/test-dir/MiniOzoneClusterImpl-c8c699bf-5dad-4457-9252-d1686169726e/datanode-3/data/ratis/e5a80b19-f49e-4525-8dfa-7fe3a30e79eb does not exist. Creating ...
2021-12-08 13:31:39,674 [pool-118-thread-1] INFO  storage.RaftStorageDirectory (RaftStorageDirectoryImpl.java:tryLock(230)) - Lock on /home/runner/work/ozone/ozone/hadoop-ozone/integration-test/target/test-dir/MiniOzoneClusterImpl-c8c699bf-5dad-4457-9252-d1686169726e/datanode-3/data/ratis/e5a80b19-f49e-4525-8dfa-7fe3a30e79eb/in_use.lock acquired by nodename 25433@fv-az148-92
2021-12-08 13:31:39,679 [pool-118-thread-1] INFO  storage.RaftStorage (RaftStorageImpl.java:format(89)) - Storage directory /home/runner/work/ozone/ozone/hadoop-ozone/integration-test/target/test-dir/MiniOzoneClusterImpl-c8c699bf-5dad-4457-9252-d1686169726e/datanode-3/data/ratis/e5a80b19-f49e-4525-8dfa-7fe3a30e79eb has been successfully formatted.
2021-12-08 13:31:39,681 [pool-118-thread-1] INFO  ratis.ContainerStateMachine (ContainerStateMachine.java:loadSnapshot(231)) - group-7FE3A30E79EB: The snapshot info is null. Setting the last applied indexto:(t:0, i:~)
2021-12-08 13:31:39,681 [pool-118-thread-1] INFO  server.RaftServerConfigKeys (ConfUtils.java:logGet(44)) - raft.server.notification.no-leader.timeout = 300000ms (custom)
2021-12-08 13:31:39,681 [pool-118-thread-1] INFO  server.RaftServerConfigKeys (ConfUtils.java:logGet(44)) - raft.server.log.use.memory = false (default)
2021-12-08 13:31:39,681 [pool-118-thread-1] INFO  server.RaftServerConfigKeys (ConfUtils.java:logGet(44)) - raft.server.log.purge.gap = 1000000 (custom)
2021-12-08 13:31:39,681 [pool-118-thread-1] INFO  server.RaftServerConfigKeys (ConfUtils.java:logGet(44)) - raft.server.log.appender.buffer.byte-limit = 33554432 (custom)
2021-12-08 13:31:39,681 [pool-118-thread-1] INFO  server.RaftServerConfigKeys (ConfUtils.java:logGet(44)) - raft.server.log.segment.size.max = 1048576 (custom)
2021-12-08 13:31:39,682 [EventQueue-PipelineReportForPipelineReportHandler] INFO  pipeline.PipelineManagerImpl (PipelineManagerImpl.java:openPipeline(291)) - Pipeline Pipeline[ Id: e5a80b19-f49e-4525-8dfa-7fe3a30e79eb, Nodes: 8a8f2b09-e878-40c2-9c9f-30d928921f94{ip: 10.1.0.52, host: fv-az148-92.bm4ck3pvxvsene1rjriu5fhcdb.bx.internal.cloudapp.net, ports: [REPLICATION=45113, RATIS=43169, RATIS_ADMIN=43169, RATIS_SERVER=43169, STANDALONE=46517], networkLocation: /default-rack, certSerialId: null, persistedOpState: IN_SERVICE, persistedOpStateExpiryEpochSec: 0}, ReplicationConfig: RATIS/ONE, State:ALLOCATED, leaderId:8a8f2b09-e878-40c2-9c9f-30d928921f94, CreationTimestamp2021-12-08T13:31:36.673Z[Etc/UTC]] moved to OPEN state
2021-12-08 13:31:39,682 [EventQueue-OpenPipelineForHealthyPipelineSafeModeRule] INFO  safemode.SCMSafeModeManager (HealthyPipelineSafeModeRule.java:process(124)) - SCM in safe mode. Healthy pipelines reported count is 0, required healthy pipeline reported count is 1
2021-12-08 13:31:39,683 [pool-118-thread-1] INFO  server.RaftServerConfigKeys (ConfUtils.java:logGet(44)) - raft.server.log.segment.cache.num.max = 2 (custom)
2021-12-08 13:31:39,684 [pool-118-thread-1] INFO  server.RaftServerConfigKeys (ConfUtils.java:logGet(44)) - raft.server.log.segment.cache.size.max = 200MB (=209715200) (default)
2021-12-08 13:31:39,684 [pool-118-thread-1] INFO  segmented.SegmentedRaftLogWorker (SegmentedRaftLogWorker.java:<init>(182)) - new 8a8f2b09-e878-40c2-9c9f-30d928921f94@group-7FE3A30E79EB-SegmentedRaftLogWorker for RaftStorageImpl:Storage Directory /home/runner/work/ozone/ozone/hadoop-ozone/integration-test/target/test-dir/MiniOzoneClusterImpl-c8c699bf-5dad-4457-9252-d1686169726e/datanode-3/data/ratis/e5a80b19-f49e-4525-8dfa-7fe3a30e79eb
2021-12-08 13:31:39,684 [pool-118-thread-1] INFO  server.RaftServerConfigKeys (ConfUtils.java:logGet(44)) - raft.server.log.queue.byte-limit = 2147483647 (custom)
2021-12-08 13:31:39,684 [pool-118-thread-1] INFO  server.RaftServerConfigKeys (ConfUtils.java:logGet(44)) - raft.server.log.queue.element-limit = 1024 (custom)
2021-12-08 13:31:39,684 [pool-118-thread-1] INFO  server.RaftServerConfigKeys (ConfUtils.java:logGet(44)) - raft.server.log.segment.size.max = 1048576 (custom)
2021-12-08 13:31:39,684 [pool-118-thread-1] INFO  server.RaftServerConfigKeys (ConfUtils.java:logGet(44)) - raft.server.log.preallocated.size = 16384 (custom)
2021-12-08 13:31:39,684 [pool-118-thread-1] INFO  server.RaftServerConfigKeys (ConfUtils.java:logGet(44)) - raft.server.log.force.sync.num = 128 (default)
2021-12-08 13:31:39,684 [pool-118-thread-1] INFO  server.RaftServerConfigKeys (ConfUtils.java:logGet(44)) - raft.server.log.statemachine.data.sync = true (default)
2021-12-08 13:31:39,684 [pool-118-thread-1] INFO  server.RaftServerConfigKeys (ConfUtils.java:logGet(44)) - raft.server.log.statemachine.data.sync.timeout = 10s (default)
2021-12-08 13:31:39,684 [pool-118-thread-1] INFO  server.RaftServerConfigKeys (ConfUtils.java:logGet(44)) - raft.server.log.statemachine.data.sync.timeout.retry = -1 (default)
2021-12-08 13:31:39,687 [pool-118-thread-1] INFO  server.RaftServerConfigKeys (ConfUtils.java:logGet(44)) - raft.server.log.write.buffer.size = 1048576 (custom)
2021-12-08 13:31:39,687 [pool-118-thread-1] INFO  server.RaftServerConfigKeys (ConfUtils.java:logGet(44)) - raft.server.log.statemachine.data.caching.enabled = true (custom)
2021-12-08 13:31:39,688 [pool-118-thread-1] INFO  segmented.SegmentedRaftLogWorker (SegmentedRaftLogWorker.java:lambda$new$0(133)) - 8a8f2b09-e878-40c2-9c9f-30d928921f94@group-7FE3A30E79EB-SegmentedRaftLogWorker: flushIndex: setUnconditionally 0 -> -1
2021-12-08 13:31:39,688 [pool-118-thread-1] INFO  segmented.SegmentedRaftLogWorker (SegmentedRaftLogWorker.java:lambda$new$0(133)) - 8a8f2b09-e878-40c2-9c9f-30d928921f94@group-7FE3A30E79EB-SegmentedRaftLogWorker: safeCacheEvictIndex: setUnconditionally 0 -> -1
2021-12-08 13:31:39,688 [pool-118-thread-1] INFO  server.RaftServerConfigKeys (ConfUtils.java:logGet(44)) - raft.server.snapshot.auto.trigger.enabled = true (custom)
2021-12-08 13:31:39,688 [pool-118-thread-1] INFO  server.RaftServerConfigKeys (ConfUtils.java:logGet(44)) - raft.server.snapshot.auto.trigger.threshold = 1 (custom)
2021-12-08 13:31:39,688 [pool-118-thread-1] INFO  server.RaftServerConfigKeys (ConfUtils.java:logGet(44)) - raft.server.snapshot.retention.file.num = 5 (custom)
2021-12-08 13:31:39,688 [pool-118-thread-1] INFO  server.RaftServerConfigKeys (ConfUtils.java:logGet(44)) - raft.server.log.purge.upto.snapshot.index = false (default)
2021-12-08 13:31:39,688 [pool-118-thread-1] INFO  server.RaftServerConfigKeys (ConfUtils.java:logGet(44)) - raft.server.retrycache.expirytime = 600000ms (custom)
2021-12-08 13:31:39,688 [pool-118-thread-1] INFO  server.RaftServerConfigKeys (ConfUtils.java:logGet(44)) - raft.server.retrycache.statistics.expirytime = 100μs (default)
2021-12-08 13:31:39,689 [pool-118-thread-1] INFO  server.RaftServer$Division (RaftServerImpl.java:start(301)) - 8a8f2b09-e878-40c2-9c9f-30d928921f94@group-7FE3A30E79EB: start as a follower, conf=-1: [8a8f2b09-e878-40c2-9c9f-30d928921f94|rpc:10.1.0.52:43169|priority:1], old=null
2021-12-08 13:31:39,690 [pool-118-thread-1] INFO  server.RaftServer$Division (RaftServerImpl.java:setRole(290)) - 8a8f2b09-e878-40c2-9c9f-30d928921f94@group-7FE3A30E79EB: changes role from      null to FOLLOWER at term 0 for startAsFollower
2021-12-08 13:31:39,690 [pool-118-thread-1] INFO  impl.RoleInfo (RoleInfo.java:updateAndGet(130)) - 8a8f2b09-e878-40c2-9c9f-30d928921f94: start 8a8f2b09-e878-40c2-9c9f-30d928921f94@group-7FE3A30E79EB-FollowerState
2021-12-08 13:31:39,690 [pool-118-thread-1] INFO  util.JmxRegister (JmxRegister.java:tryRegister(44)) - Successfully registered JMX Bean with object name Ratis:service=RaftServer,group=group-7FE3A30E79EB,id=8a8f2b09-e878-40c2-9c9f-30d928921f94
2021-12-08 13:31:39,691 [Command processor thread] INFO  ratis.XceiverServerRatis (XceiverServerRatis.java:addGroup(768)) - Created group PipelineID=e5a80b19-f49e-4525-8dfa-7fe3a30e79eb
2021-12-08 13:31:39,691 [Command processor thread] INFO  commandhandler.CreatePipelineCommandHandler (CreatePipelineCommandHandler.java:handle(106)) - Created Pipeline RATIS ONE PipelineID=e5a80b19-f49e-4525-8dfa-7fe3a30e79eb.
2021-12-08 13:31:39,692 [Command processor thread] INFO  server.RaftServer (RaftServerProxy.java:addNew(95)) - 8a8f2b09-e878-40c2-9c9f-30d928921f94: addNew group-C26B04E915AA:[8a8f2b09-e878-40c2-9c9f-30d928921f94|rpc:10.1.0.52:43169|priority:0, 99b82248-fa78-4a2f-9c0c-a895faee9290|rpc:10.1.0.52:40213|priority:1, ffce9616-478d-40f6-8b96-f3952fb64da5|rpc:10.1.0.52:43161|priority:0] returns group-C26B04E915AA:java.util.concurrent.CompletableFuture@23acf18c[Not completed]
2021-12-08 13:31:39,693 [pool-118-thread-1] INFO  server.RaftServer$Division (RaftServerImpl.java:<init>(184)) - 8a8f2b09-e878-40c2-9c9f-30d928921f94: new RaftServerImpl for group-C26B04E915AA:[8a8f2b09-e878-40c2-9c9f-30d928921f94|rpc:10.1.0.52:43169|priority:0, 99b82248-fa78-4a2f-9c0c-a895faee9290|rpc:10.1.0.52:40213|priority:1, ffce9616-478d-40f6-8b96-f3952fb64da5|rpc:10.1.0.52:43161|priority:0] with ContainerStateMachine:uninitialized
2021-12-08 13:31:39,693 [pool-118-thread-1] INFO  server.RaftServerConfigKeys (ConfUtils.java:logGet(44)) - raft.server.rpc.timeout.min = 5s (custom)
2021-12-08 13:31:39,693 [pool-118-thread-1] INFO  server.RaftServerConfigKeys (ConfUtils.java:logGet(44)) - raft.server.rpc.timeout.max = 5200ms (custom)
2021-12-08 13:31:39,693 [pool-118-thread-1] INFO  server.RaftServerConfigKeys (ConfUtils.java:logGet(44)) - raft.server.rpc.sleep.time = 25ms (default)
2021-12-08 13:31:39,693 [pool-118-thread-1] INFO  server.RaftServerConfigKeys (ConfUtils.java:logGet(44)) - raft.server.rpc.slowness.timeout = 300000ms (custom)
2021-12-08 13:31:39,693 [pool-118-thread-1] INFO  server.RaftServerConfigKeys (ConfUtils.java:logGet(44)) - raft.server.leaderelection.leader.step-down.wait-time = 10s (default)
2021-12-08 13:31:39,693 [pool-118-thread-1] INFO  server.RaftServerConfigKeys (ConfUtils.java:logGet(44)) - raft.server.sleep.deviation.threshold = 300ms (default)
2021-12-08 13:31:39,693 [pool-118-thread-1] INFO  server.RaftServerConfigKeys (ConfUtils.java:logGet(44)) - raft.server.log.appender.install.snapshot.enabled = false (custom)
2021-12-08 13:31:39,693 [pool-118-thread-1] INFO  server.RaftServer$Division (ServerState.java:<init>(105)) - 8a8f2b09-e878-40c2-9c9f-30d928921f94@group-C26B04E915AA: ConfigurationManager, init=-1: [8a8f2b09-e878-40c2-9c9f-30d928921f94|rpc:10.1.0.52:43169|priority:0, 99b82248-fa78-4a2f-9c0c-a895faee9290|rpc:10.1.0.52:40213|priority:1, ffce9616-478d-40f6-8b96-f3952fb64da5|rpc:10.1.0.52:43161|priority:0], old=null, confs=<EMPTY_MAP>
2021-12-08 13:31:39,693 [pool-118-thread-1] INFO  server.RaftServerConfigKeys (ConfUtils.java:logGet(44)) - raft.server.storage.dir = [/home/runner/work/ozone/ozone/hadoop-ozone/integration-test/target/test-dir/MiniOzoneClusterImpl-c8c699bf-5dad-4457-9252-d1686169726e/datanode-3/data/ratis] (custom)
2021-12-08 13:31:39,694 [pool-118-thread-1] INFO  server.RaftServerConfigKeys (ConfUtils.java:logGet(44)) - raft.server.log.corruption.policy = EXCEPTION (default)
2021-12-08 13:31:39,694 [pool-118-thread-1] INFO  server.RaftServerConfigKeys (ConfUtils.java:logGet(44)) - raft.server.storage.free-space.min = 0MB (=0) (default)
2021-12-08 13:31:39,694 [pool-118-thread-1] INFO  storage.RaftStorageDirectory (RaftStorageDirectoryImpl.java:analyzeStorage(135)) - The storage directory /home/runner/work/ozone/ozone/hadoop-ozone/integration-test/target/test-dir/MiniOzoneClusterImpl-c8c699bf-5dad-4457-9252-d1686169726e/datanode-3/data/ratis/c6079cec-e262-4cc2-85cc-c26b04e915aa does not exist. Creating ...
2021-12-08 13:31:39,698 [pool-118-thread-1] INFO  storage.RaftStorageDirectory (RaftStorageDirectoryImpl.java:tryLock(230)) - Lock on /home/runner/work/ozone/ozone/hadoop-ozone/integration-test/target/test-dir/MiniOzoneClusterImpl-c8c699bf-5dad-4457-9252-d1686169726e/datanode-3/data/ratis/c6079cec-e262-4cc2-85cc-c26b04e915aa/in_use.lock acquired by nodename 25433@fv-az148-92
2021-12-08 13:31:39,700 [pool-118-thread-1] INFO  storage.RaftStorage (RaftStorageImpl.java:format(89)) - Storage directory /home/runner/work/ozone/ozone/hadoop-ozone/integration-test/target/test-dir/MiniOzoneClusterImpl-c8c699bf-5dad-4457-9252-d1686169726e/datanode-3/data/ratis/c6079cec-e262-4cc2-85cc-c26b04e915aa has been successfully formatted.
2021-12-08 13:31:39,700 [pool-118-thread-1] INFO  ratis.ContainerStateMachine (ContainerStateMachine.java:loadSnapshot(231)) - group-C26B04E915AA: The snapshot info is null. Setting the last applied indexto:(t:0, i:~)
2021-12-08 13:31:39,700 [pool-118-thread-1] INFO  server.RaftServerConfigKeys (ConfUtils.java:logGet(44)) - raft.server.notification.no-leader.timeout = 300000ms (custom)
2021-12-08 13:31:39,700 [pool-118-thread-1] INFO  server.RaftServerConfigKeys (ConfUtils.java:logGet(44)) - raft.server.log.use.memory = false (default)
2021-12-08 13:31:39,700 [pool-118-thread-1] INFO  server.RaftServerConfigKeys (ConfUtils.java:logGet(44)) - raft.server.log.purge.gap = 1000000 (custom)
2021-12-08 13:31:39,700 [pool-118-thread-1] INFO  server.RaftServerConfigKeys (ConfUtils.java:logGet(44)) - raft.server.log.appender.buffer.byte-limit = 33554432 (custom)
2021-12-08 13:31:39,701 [pool-118-thread-1] INFO  server.RaftServerConfigKeys (ConfUtils.java:logGet(44)) - raft.server.log.segment.size.max = 1048576 (custom)
2021-12-08 13:31:39,701 [pool-118-thread-1] INFO  server.RaftServerConfigKeys (ConfUtils.java:logGet(44)) - raft.server.log.segment.cache.num.max = 2 (custom)
2021-12-08 13:31:39,701 [pool-118-thread-1] INFO  server.RaftServerConfigKeys (ConfUtils.java:logGet(44)) - raft.server.log.segment.cache.size.max = 200MB (=209715200) (default)
2021-12-08 13:31:39,701 [pool-118-thread-1] INFO  segmented.SegmentedRaftLogWorker (SegmentedRaftLogWorker.java:<init>(182)) - new 8a8f2b09-e878-40c2-9c9f-30d928921f94@group-C26B04E915AA-SegmentedRaftLogWorker for RaftStorageImpl:Storage Directory /home/runner/work/ozone/ozone/hadoop-ozone/integration-test/target/test-dir/MiniOzoneClusterImpl-c8c699bf-5dad-4457-9252-d1686169726e/datanode-3/data/ratis/c6079cec-e262-4cc2-85cc-c26b04e915aa
2021-12-08 13:31:39,701 [pool-118-thread-1] INFO  server.RaftServerConfigKeys (ConfUtils.java:logGet(44)) - raft.server.log.queue.byte-limit = 2147483647 (custom)
2021-12-08 13:31:39,701 [pool-118-thread-1] INFO  server.RaftServerConfigKeys (ConfUtils.java:logGet(44)) - raft.server.log.queue.element-limit = 1024 (custom)
2021-12-08 13:31:39,701 [pool-118-thread-1] INFO  server.RaftServerConfigKeys (ConfUtils.java:logGet(44)) - raft.server.log.segment.size.max = 1048576 (custom)
2021-12-08 13:31:39,701 [pool-118-thread-1] INFO  server.RaftServerConfigKeys (ConfUtils.java:logGet(44)) - raft.server.log.preallocated.size = 16384 (custom)
2021-12-08 13:31:39,701 [pool-118-thread-1] INFO  server.RaftServerConfigKeys (ConfUtils.java:logGet(44)) - raft.server.log.force.sync.num = 128 (default)
2021-12-08 13:31:39,701 [pool-118-thread-1] INFO  server.RaftServerConfigKeys (ConfUtils.java:logGet(44)) - raft.server.log.statemachine.data.sync = true (default)
2021-12-08 13:31:39,701 [pool-118-thread-1] INFO  server.RaftServerConfigKeys (ConfUtils.java:logGet(44)) - raft.server.log.statemachine.data.sync.timeout = 10s (default)
2021-12-08 13:31:39,702 [pool-118-thread-1] INFO  server.RaftServerConfigKeys (ConfUtils.java:logGet(44)) - raft.server.log.statemachine.data.sync.timeout.retry = -1 (default)
2021-12-08 13:31:39,703 [EventQueue-OpenPipelineForHealthyPipelineSafeModeRule] INFO  safemode.SCMSafeModeManager (HealthyPipelineSafeModeRule.java:process(124)) - SCM in safe mode. Healthy pipelines reported count is 0, required healthy pipeline reported count is 1
2021-12-08 13:31:39,706 [pool-118-thread-1] INFO  server.RaftServerConfigKeys (ConfUtils.java:logGet(44)) - raft.server.log.write.buffer.size = 1048576 (custom)
2021-12-08 13:31:39,707 [pool-118-thread-1] INFO  server.RaftServerConfigKeys (ConfUtils.java:logGet(44)) - raft.server.log.statemachine.data.caching.enabled = true (custom)
2021-12-08 13:31:39,707 [pool-118-thread-1] INFO  segmented.SegmentedRaftLogWorker (SegmentedRaftLogWorker.java:lambda$new$0(133)) - 8a8f2b09-e878-40c2-9c9f-30d928921f94@group-C26B04E915AA-SegmentedRaftLogWorker: flushIndex: setUnconditionally 0 -> -1
2021-12-08 13:31:39,707 [pool-118-thread-1] INFO  segmented.SegmentedRaftLogWorker (SegmentedRaftLogWorker.java:lambda$new$0(133)) - 8a8f2b09-e878-40c2-9c9f-30d928921f94@group-C26B04E915AA-SegmentedRaftLogWorker: safeCacheEvictIndex: setUnconditionally 0 -> -1
2021-12-08 13:31:39,707 [pool-118-thread-1] INFO  server.RaftServerConfigKeys (ConfUtils.java:logGet(44)) - raft.server.snapshot.auto.trigger.enabled = true (custom)
2021-12-08 13:31:39,707 [pool-118-thread-1] INFO  server.RaftServerConfigKeys (ConfUtils.java:logGet(44)) - raft.server.snapshot.auto.trigger.threshold = 1 (custom)
2021-12-08 13:31:39,708 [pool-118-thread-1] INFO  server.RaftServerConfigKeys (ConfUtils.java:logGet(44)) - raft.server.snapshot.retention.file.num = 5 (custom)
2021-12-08 13:31:39,708 [pool-118-thread-1] INFO  server.RaftServerConfigKeys (ConfUtils.java:logGet(44)) - raft.server.log.purge.upto.snapshot.index = false (default)
2021-12-08 13:31:39,708 [pool-118-thread-1] INFO  server.RaftServerConfigKeys (ConfUtils.java:logGet(44)) - raft.server.retrycache.expirytime = 600000ms (custom)
2021-12-08 13:31:39,708 [pool-118-thread-1] INFO  server.RaftServerConfigKeys (ConfUtils.java:logGet(44)) - raft.server.retrycache.statistics.expirytime = 100μs (default)
2021-12-08 13:31:39,709 [pool-118-thread-1] INFO  server.RaftServer$Division (RaftServerImpl.java:start(301)) - 8a8f2b09-e878-40c2-9c9f-30d928921f94@group-C26B04E915AA: start as a follower, conf=-1: [8a8f2b09-e878-40c2-9c9f-30d928921f94|rpc:10.1.0.52:43169|priority:0, 99b82248-fa78-4a2f-9c0c-a895faee9290|rpc:10.1.0.52:40213|priority:1, ffce9616-478d-40f6-8b96-f3952fb64da5|rpc:10.1.0.52:43161|priority:0], old=null
2021-12-08 13:31:39,709 [pool-118-thread-1] INFO  server.RaftServer$Division (RaftServerImpl.java:setRole(290)) - 8a8f2b09-e878-40c2-9c9f-30d928921f94@group-C26B04E915AA: changes role from      null to FOLLOWER at term 0 for startAsFollower
2021-12-08 13:31:39,709 [pool-118-thread-1] INFO  impl.RoleInfo (RoleInfo.java:updateAndGet(130)) - 8a8f2b09-e878-40c2-9c9f-30d928921f94: start 8a8f2b09-e878-40c2-9c9f-30d928921f94@group-C26B04E915AA-FollowerState
2021-12-08 13:31:39,717 [pool-118-thread-1] INFO  util.JmxRegister (JmxRegister.java:tryRegister(44)) - Successfully registered JMX Bean with object name Ratis:service=RaftServer,group=group-C26B04E915AA,id=8a8f2b09-e878-40c2-9c9f-30d928921f94
2021-12-08 13:31:39,720 [Command processor thread] INFO  ratis.XceiverServerRatis (XceiverServerRatis.java:addGroup(768)) - Created group PipelineID=c6079cec-e262-4cc2-85cc-c26b04e915aa
2021-12-08 13:31:39,732 [grpc-default-executor-0] INFO  server.RaftServer (RaftServerProxy.java:addNew(95)) - ffce9616-478d-40f6-8b96-f3952fb64da5: addNew group-C26B04E915AA:[8a8f2b09-e878-40c2-9c9f-30d928921f94|rpc:10.1.0.52:43169|dataStream:|priority:0, 99b82248-fa78-4a2f-9c0c-a895faee9290|rpc:10.1.0.52:40213|dataStream:|priority:1, ffce9616-478d-40f6-8b96-f3952fb64da5|rpc:10.1.0.52:43161|dataStream:|priority:0] returns group-C26B04E915AA:java.util.concurrent.CompletableFuture@1e7f4cfc[Not completed]
2021-12-08 13:31:39,735 [pool-160-thread-1] INFO  server.RaftServer$Division (RaftServerImpl.java:<init>(184)) - ffce9616-478d-40f6-8b96-f3952fb64da5: new RaftServerImpl for group-C26B04E915AA:[8a8f2b09-e878-40c2-9c9f-30d928921f94|rpc:10.1.0.52:43169|dataStream:|priority:0, 99b82248-fa78-4a2f-9c0c-a895faee9290|rpc:10.1.0.52:40213|dataStream:|priority:1, ffce9616-478d-40f6-8b96-f3952fb64da5|rpc:10.1.0.52:43161|dataStream:|priority:0] with ContainerStateMachine:uninitialized
2021-12-08 13:31:39,735 [pool-160-thread-1] INFO  server.RaftServerConfigKeys (ConfUtils.java:logGet(44)) - raft.server.rpc.timeout.min = 5s (custom)
2021-12-08 13:31:39,735 [pool-160-thread-1] INFO  server.RaftServerConfigKeys (ConfUtils.java:logGet(44)) - raft.server.rpc.timeout.max = 5200ms (custom)
2021-12-08 13:31:39,735 [pool-160-thread-1] INFO  server.RaftServerConfigKeys (ConfUtils.java:logGet(44)) - raft.server.rpc.sleep.time = 25ms (default)
2021-12-08 13:31:39,735 [pool-160-thread-1] INFO  server.RaftServerConfigKeys (ConfUtils.java:logGet(44)) - raft.server.rpc.slowness.timeout = 300000ms (custom)
2021-12-08 13:31:39,735 [pool-160-thread-1] INFO  server.RaftServerConfigKeys (ConfUtils.java:logGet(44)) - raft.server.leaderelection.leader.step-down.wait-time = 10s (default)
2021-12-08 13:31:39,736 [pool-160-thread-1] INFO  server.RaftServerConfigKeys (ConfUtils.java:logGet(44)) - raft.server.sleep.deviation.threshold = 300ms (default)
2021-12-08 13:31:39,736 [pool-160-thread-1] INFO  server.RaftServerConfigKeys (ConfUtils.java:logGet(44)) - raft.server.log.appender.install.snapshot.enabled = false (custom)
2021-12-08 13:31:39,736 [pool-160-thread-1] INFO  server.RaftServer$Division (ServerState.java:<init>(105)) - ffce9616-478d-40f6-8b96-f3952fb64da5@group-C26B04E915AA: ConfigurationManager, init=-1: [8a8f2b09-e878-40c2-9c9f-30d928921f94|rpc:10.1.0.52:43169|dataStream:|priority:0, 99b82248-fa78-4a2f-9c0c-a895faee9290|rpc:10.1.0.52:40213|dataStream:|priority:1, ffce9616-478d-40f6-8b96-f3952fb64da5|rpc:10.1.0.52:43161|dataStream:|priority:0], old=null, confs=<EMPTY_MAP>
2021-12-08 13:31:39,736 [pool-160-thread-1] INFO  server.RaftServerConfigKeys (ConfUtils.java:logGet(44)) - raft.server.storage.dir = [/home/runner/work/ozone/ozone/hadoop-ozone/integration-test/target/test-dir/MiniOzoneClusterImpl-c8c699bf-5dad-4457-9252-d1686169726e/datanode-5/data/ratis] (custom)
2021-12-08 13:31:39,736 [pool-160-thread-1] INFO  server.RaftServerConfigKeys (ConfUtils.java:logGet(44)) - raft.server.log.corruption.policy = EXCEPTION (default)
2021-12-08 13:31:39,736 [pool-160-thread-1] INFO  server.RaftServerConfigKeys (ConfUtils.java:logGet(44)) - raft.server.storage.free-space.min = 0MB (=0) (default)
2021-12-08 13:31:39,736 [pool-160-thread-1] INFO  storage.RaftStorageDirectory (RaftStorageDirectoryImpl.java:analyzeStorage(135)) - The storage directory /home/runner/work/ozone/ozone/hadoop-ozone/integration-test/target/test-dir/MiniOzoneClusterImpl-c8c699bf-5dad-4457-9252-d1686169726e/datanode-5/data/ratis/c6079cec-e262-4cc2-85cc-c26b04e915aa does not exist. Creating ...
2021-12-08 13:31:39,737 [pool-160-thread-1] INFO  storage.RaftStorageDirectory (RaftStorageDirectoryImpl.java:tryLock(230)) - Lock on /home/runner/work/ozone/ozone/hadoop-ozone/integration-test/target/test-dir/MiniOzoneClusterImpl-c8c699bf-5dad-4457-9252-d1686169726e/datanode-5/data/ratis/c6079cec-e262-4cc2-85cc-c26b04e915aa/in_use.lock acquired by nodename 25433@fv-az148-92
2021-12-08 13:31:39,739 [pool-160-thread-1] INFO  storage.RaftStorage (RaftStorageImpl.java:format(89)) - Storage directory /home/runner/work/ozone/ozone/hadoop-ozone/integration-test/target/test-dir/MiniOzoneClusterImpl-c8c699bf-5dad-4457-9252-d1686169726e/datanode-5/data/ratis/c6079cec-e262-4cc2-85cc-c26b04e915aa has been successfully formatted.
2021-12-08 13:31:39,740 [pool-160-thread-1] INFO  ratis.ContainerStateMachine (ContainerStateMachine.java:loadSnapshot(231)) - group-C26B04E915AA: The snapshot info is null. Setting the last applied indexto:(t:0, i:~)
2021-12-08 13:31:39,740 [pool-160-thread-1] INFO  server.RaftServerConfigKeys (ConfUtils.java:logGet(44)) - raft.server.notification.no-leader.timeout = 300000ms (custom)
2021-12-08 13:31:39,740 [pool-160-thread-1] INFO  server.RaftServerConfigKeys (ConfUtils.java:logGet(44)) - raft.server.log.use.memory = false (default)
2021-12-08 13:31:39,740 [pool-160-thread-1] INFO  server.RaftServerConfigKeys (ConfUtils.java:logGet(44)) - raft.server.log.purge.gap = 1000000 (custom)
2021-12-08 13:31:39,740 [pool-160-thread-1] INFO  server.RaftServerConfigKeys (ConfUtils.java:logGet(44)) - raft.server.log.appender.buffer.byte-limit = 33554432 (custom)
2021-12-08 13:31:39,740 [pool-160-thread-1] INFO  server.RaftServerConfigKeys (ConfUtils.java:logGet(44)) - raft.server.log.segment.size.max = 1048576 (custom)
2021-12-08 13:31:39,741 [pool-160-thread-1] INFO  server.RaftServerConfigKeys (ConfUtils.java:logGet(44)) - raft.server.log.segment.cache.num.max = 2 (custom)
2021-12-08 13:31:39,741 [pool-160-thread-1] INFO  server.RaftServerConfigKeys (ConfUtils.java:logGet(44)) - raft.server.log.segment.cache.size.max = 200MB (=209715200) (default)
2021-12-08 13:31:39,741 [pool-160-thread-1] INFO  segmented.SegmentedRaftLogWorker (SegmentedRaftLogWorker.java:<init>(182)) - new ffce9616-478d-40f6-8b96-f3952fb64da5@group-C26B04E915AA-SegmentedRaftLogWorker for RaftStorageImpl:Storage Directory /home/runner/work/ozone/ozone/hadoop-ozone/integration-test/target/test-dir/MiniOzoneClusterImpl-c8c699bf-5dad-4457-9252-d1686169726e/datanode-5/data/ratis/c6079cec-e262-4cc2-85cc-c26b04e915aa
2021-12-08 13:31:39,742 [pool-160-thread-1] INFO  server.RaftServerConfigKeys (ConfUtils.java:logGet(44)) - raft.server.log.queue.byte-limit = 2147483647 (custom)
2021-12-08 13:31:39,742 [pool-160-thread-1] INFO  server.RaftServerConfigKeys (ConfUtils.java:logGet(44)) - raft.server.log.queue.element-limit = 1024 (custom)
2021-12-08 13:31:39,742 [pool-160-thread-1] INFO  server.RaftServerConfigKeys (ConfUtils.java:logGet(44)) - raft.server.log.segment.size.max = 1048576 (custom)
2021-12-08 13:31:39,742 [pool-160-thread-1] INFO  server.RaftServerConfigKeys (ConfUtils.java:logGet(44)) - raft.server.log.preallocated.size = 16384 (custom)
2021-12-08 13:31:39,742 [pool-160-thread-1] INFO  server.RaftServerConfigKeys (ConfUtils.java:logGet(44)) - raft.server.log.force.sync.num = 128 (default)
2021-12-08 13:31:39,742 [pool-160-thread-1] INFO  server.RaftServerConfigKeys (ConfUtils.java:logGet(44)) - raft.server.log.statemachine.data.sync = true (default)
2021-12-08 13:31:39,742 [pool-160-thread-1] INFO  server.RaftServerConfigKeys (ConfUtils.java:logGet(44)) - raft.server.log.statemachine.data.sync.timeout = 10s (default)
2021-12-08 13:31:39,742 [pool-160-thread-1] INFO  server.RaftServerConfigKeys (ConfUtils.java:logGet(44)) - raft.server.log.statemachine.data.sync.timeout.retry = -1 (default)
2021-12-08 13:31:39,743 [pool-160-thread-1] INFO  server.RaftServerConfigKeys (ConfUtils.java:logGet(44)) - raft.server.log.write.buffer.size = 1048576 (custom)
2021-12-08 13:31:39,744 [pool-160-thread-1] INFO  server.RaftServerConfigKeys (ConfUtils.java:logGet(44)) - raft.server.log.statemachine.data.caching.enabled = true (custom)
2021-12-08 13:31:39,744 [pool-160-thread-1] INFO  segmented.SegmentedRaftLogWorker (SegmentedRaftLogWorker.java:lambda$new$0(133)) - ffce9616-478d-40f6-8b96-f3952fb64da5@group-C26B04E915AA-SegmentedRaftLogWorker: flushIndex: setUnconditionally 0 -> -1
2021-12-08 13:31:39,744 [pool-160-thread-1] INFO  segmented.SegmentedRaftLogWorker (SegmentedRaftLogWorker.java:lambda$new$0(133)) - ffce9616-478d-40f6-8b96-f3952fb64da5@group-C26B04E915AA-SegmentedRaftLogWorker: safeCacheEvictIndex: setUnconditionally 0 -> -1
2021-12-08 13:31:39,744 [pool-160-thread-1] INFO  server.RaftServerConfigKeys (ConfUtils.java:logGet(44)) - raft.server.snapshot.auto.trigger.enabled = true (custom)
2021-12-08 13:31:39,745 [pool-160-thread-1] INFO  server.RaftServerConfigKeys (ConfUtils.java:logGet(44)) - raft.server.snapshot.auto.trigger.threshold = 1 (custom)
2021-12-08 13:31:39,745 [pool-160-thread-1] INFO  server.RaftServerConfigKeys (ConfUtils.java:logGet(44)) - raft.server.snapshot.retention.file.num = 5 (custom)
2021-12-08 13:31:39,745 [pool-160-thread-1] INFO  server.RaftServerConfigKeys (ConfUtils.java:logGet(44)) - raft.server.log.purge.upto.snapshot.index = false (default)
2021-12-08 13:31:39,745 [pool-160-thread-1] INFO  server.RaftServerConfigKeys (ConfUtils.java:logGet(44)) - raft.server.retrycache.expirytime = 600000ms (custom)
2021-12-08 13:31:39,745 [pool-160-thread-1] INFO  server.RaftServerConfigKeys (ConfUtils.java:logGet(44)) - raft.server.retrycache.statistics.expirytime = 100μs (default)
2021-12-08 13:31:39,746 [pool-160-thread-1] INFO  server.RaftServer$Division (RaftServerImpl.java:start(301)) - ffce9616-478d-40f6-8b96-f3952fb64da5@group-C26B04E915AA: start as a follower, conf=-1: [8a8f2b09-e878-40c2-9c9f-30d928921f94|rpc:10.1.0.52:43169|dataStream:|priority:0, 99b82248-fa78-4a2f-9c0c-a895faee9290|rpc:10.1.0.52:40213|dataStream:|priority:1, ffce9616-478d-40f6-8b96-f3952fb64da5|rpc:10.1.0.52:43161|dataStream:|priority:0], old=null
2021-12-08 13:31:39,746 [pool-160-thread-1] INFO  server.RaftServer$Division (RaftServerImpl.java:setRole(290)) - ffce9616-478d-40f6-8b96-f3952fb64da5@group-C26B04E915AA: changes role from      null to FOLLOWER at term 0 for startAsFollower
2021-12-08 13:31:39,746 [pool-160-thread-1] INFO  impl.RoleInfo (RoleInfo.java:updateAndGet(130)) - ffce9616-478d-40f6-8b96-f3952fb64da5: start ffce9616-478d-40f6-8b96-f3952fb64da5@group-C26B04E915AA-FollowerState
2021-12-08 13:31:39,747 [pool-160-thread-1] INFO  util.JmxRegister (JmxRegister.java:tryRegister(44)) - Successfully registered JMX Bean with object name Ratis:service=RaftServer,group=group-C26B04E915AA,id=ffce9616-478d-40f6-8b96-f3952fb64da5
2021-12-08 13:31:39,748 [EventQueue-OpenPipelineForHealthyPipelineSafeModeRule] INFO  safemode.SCMSafeModeManager (HealthyPipelineSafeModeRule.java:process(124)) - SCM in safe mode. Healthy pipelines reported count is 0, required healthy pipeline reported count is 1
2021-12-08 13:31:39,766 [grpc-default-executor-0] INFO  server.RaftServer (RaftServerProxy.java:addNew(95)) - 99b82248-fa78-4a2f-9c0c-a895faee9290: addNew group-C26B04E915AA:[8a8f2b09-e878-40c2-9c9f-30d928921f94|rpc:10.1.0.52:43169|dataStream:|priority:0, 99b82248-fa78-4a2f-9c0c-a895faee9290|rpc:10.1.0.52:40213|dataStream:|priority:1, ffce9616-478d-40f6-8b96-f3952fb64da5|rpc:10.1.0.52:43161|dataStream:|priority:0] returns group-C26B04E915AA:java.util.concurrent.CompletableFuture@20f10793[Not completed]
2021-12-08 13:31:39,767 [pool-139-thread-1] INFO  server.RaftServer$Division (RaftServerImpl.java:<init>(184)) - 99b82248-fa78-4a2f-9c0c-a895faee9290: new RaftServerImpl for group-C26B04E915AA:[8a8f2b09-e878-40c2-9c9f-30d928921f94|rpc:10.1.0.52:43169|dataStream:|priority:0, 99b82248-fa78-4a2f-9c0c-a895faee9290|rpc:10.1.0.52:40213|dataStream:|priority:1, ffce9616-478d-40f6-8b96-f3952fb64da5|rpc:10.1.0.52:43161|dataStream:|priority:0] with ContainerStateMachine:uninitialized
2021-12-08 13:31:39,768 [pool-139-thread-1] INFO  server.RaftServerConfigKeys (ConfUtils.java:logGet(44)) - raft.server.rpc.timeout.min = 5s (custom)
2021-12-08 13:31:39,768 [pool-139-thread-1] INFO  server.RaftServerConfigKeys (ConfUtils.java:logGet(44)) - raft.server.rpc.timeout.max = 5200ms (custom)
2021-12-08 13:31:39,768 [pool-139-thread-1] INFO  server.RaftServerConfigKeys (ConfUtils.java:logGet(44)) - raft.server.rpc.sleep.time = 25ms (default)
2021-12-08 13:31:39,768 [pool-139-thread-1] INFO  server.RaftServerConfigKeys (ConfUtils.java:logGet(44)) - raft.server.rpc.slowness.timeout = 300000ms (custom)
2021-12-08 13:31:39,768 [pool-139-thread-1] INFO  server.RaftServerConfigKeys (ConfUtils.java:logGet(44)) - raft.server.leaderelection.leader.step-down.wait-time = 10s (default)
2021-12-08 13:31:39,768 [pool-139-thread-1] INFO  server.RaftServerConfigKeys (ConfUtils.java:logGet(44)) - raft.server.sleep.deviation.threshold = 300ms (default)
2021-12-08 13:31:39,768 [pool-139-thread-1] INFO  server.RaftServerConfigKeys (ConfUtils.java:logGet(44)) - raft.server.log.appender.install.snapshot.enabled = false (custom)
2021-12-08 13:31:39,768 [pool-139-thread-1] INFO  server.RaftServer$Division (ServerState.java:<init>(105)) - 99b82248-fa78-4a2f-9c0c-a895faee9290@group-C26B04E915AA: ConfigurationManager, init=-1: [8a8f2b09-e878-40c2-9c9f-30d928921f94|rpc:10.1.0.52:43169|dataStream:|priority:0, 99b82248-fa78-4a2f-9c0c-a895faee9290|rpc:10.1.0.52:40213|dataStream:|priority:1, ffce9616-478d-40f6-8b96-f3952fb64da5|rpc:10.1.0.52:43161|dataStream:|priority:0], old=null, confs=<EMPTY_MAP>
2021-12-08 13:31:39,768 [pool-139-thread-1] INFO  server.RaftServerConfigKeys (ConfUtils.java:logGet(44)) - raft.server.storage.dir = [/home/runner/work/ozone/ozone/hadoop-ozone/integration-test/target/test-dir/MiniOzoneClusterImpl-c8c699bf-5dad-4457-9252-d1686169726e/datanode-4/data/ratis] (custom)
2021-12-08 13:31:39,768 [pool-139-thread-1] INFO  server.RaftServerConfigKeys (ConfUtils.java:logGet(44)) - raft.server.log.corruption.policy = EXCEPTION (default)
2021-12-08 13:31:39,769 [pool-139-thread-1] INFO  server.RaftServerConfigKeys (ConfUtils.java:logGet(44)) - raft.server.storage.free-space.min = 0MB (=0) (default)
2021-12-08 13:31:39,769 [pool-139-thread-1] INFO  storage.RaftStorageDirectory (RaftStorageDirectoryImpl.java:analyzeStorage(135)) - The storage directory /home/runner/work/ozone/ozone/hadoop-ozone/integration-test/target/test-dir/MiniOzoneClusterImpl-c8c699bf-5dad-4457-9252-d1686169726e/datanode-4/data/ratis/c6079cec-e262-4cc2-85cc-c26b04e915aa does not exist. Creating ...
2021-12-08 13:31:39,770 [pool-139-thread-1] INFO  storage.RaftStorageDirectory (RaftStorageDirectoryImpl.java:tryLock(230)) - Lock on /home/runner/work/ozone/ozone/hadoop-ozone/integration-test/target/test-dir/MiniOzoneClusterImpl-c8c699bf-5dad-4457-9252-d1686169726e/datanode-4/data/ratis/c6079cec-e262-4cc2-85cc-c26b04e915aa/in_use.lock acquired by nodename 25433@fv-az148-92
2021-12-08 13:31:39,771 [pool-139-thread-1] INFO  storage.RaftStorage (RaftStorageImpl.java:format(89)) - Storage directory /home/runner/work/ozone/ozone/hadoop-ozone/integration-test/target/test-dir/MiniOzoneClusterImpl-c8c699bf-5dad-4457-9252-d1686169726e/datanode-4/data/ratis/c6079cec-e262-4cc2-85cc-c26b04e915aa has been successfully formatted.
2021-12-08 13:31:39,771 [pool-139-thread-1] INFO  ratis.ContainerStateMachine (ContainerStateMachine.java:loadSnapshot(231)) - group-C26B04E915AA: The snapshot info is null. Setting the last applied indexto:(t:0, i:~)
2021-12-08 13:31:39,772 [pool-139-thread-1] INFO  server.RaftServerConfigKeys (ConfUtils.java:logGet(44)) - raft.server.notification.no-leader.timeout = 300000ms (custom)
2021-12-08 13:31:39,772 [pool-139-thread-1] INFO  server.RaftServerConfigKeys (ConfUtils.java:logGet(44)) - raft.server.log.use.memory = false (default)
2021-12-08 13:31:39,772 [pool-139-thread-1] INFO  server.RaftServerConfigKeys (ConfUtils.java:logGet(44)) - raft.server.log.purge.gap = 1000000 (custom)
2021-12-08 13:31:39,772 [pool-139-thread-1] INFO  server.RaftServerConfigKeys (ConfUtils.java:logGet(44)) - raft.server.log.appender.buffer.byte-limit = 33554432 (custom)
2021-12-08 13:31:39,772 [pool-139-thread-1] INFO  server.RaftServerConfigKeys (ConfUtils.java:logGet(44)) - raft.server.log.segment.size.max = 1048576 (custom)
2021-12-08 13:31:39,773 [pool-139-thread-1] INFO  server.RaftServerConfigKeys (ConfUtils.java:logGet(44)) - raft.server.log.segment.cache.num.max = 2 (custom)
2021-12-08 13:31:39,773 [pool-139-thread-1] INFO  server.RaftServerConfigKeys (ConfUtils.java:logGet(44)) - raft.server.log.segment.cache.size.max = 200MB (=209715200) (default)
2021-12-08 13:31:39,774 [pool-139-thread-1] INFO  segmented.SegmentedRaftLogWorker (SegmentedRaftLogWorker.java:<init>(182)) - new 99b82248-fa78-4a2f-9c0c-a895faee9290@group-C26B04E915AA-SegmentedRaftLogWorker for RaftStorageImpl:Storage Directory /home/runner/work/ozone/ozone/hadoop-ozone/integration-test/target/test-dir/MiniOzoneClusterImpl-c8c699bf-5dad-4457-9252-d1686169726e/datanode-4/data/ratis/c6079cec-e262-4cc2-85cc-c26b04e915aa
2021-12-08 13:31:39,774 [pool-139-thread-1] INFO  server.RaftServerConfigKeys (ConfUtils.java:logGet(44)) - raft.server.log.queue.byte-limit = 2147483647 (custom)
2021-12-08 13:31:39,775 [pool-139-thread-1] INFO  server.RaftServerConfigKeys (ConfUtils.java:logGet(44)) - raft.server.log.queue.element-limit = 1024 (custom)
2021-12-08 13:31:39,775 [pool-139-thread-1] INFO  server.RaftServerConfigKeys (ConfUtils.java:logGet(44)) - raft.server.log.segment.size.max = 1048576 (custom)
2021-12-08 13:31:39,775 [pool-139-thread-1] INFO  server.RaftServerConfigKeys (ConfUtils.java:logGet(44)) - raft.server.log.preallocated.size = 16384 (custom)
2021-12-08 13:31:39,777 [pool-139-thread-1] INFO  server.RaftServerConfigKeys (ConfUtils.java:logGet(44)) - raft.server.log.force.sync.num = 128 (default)
2021-12-08 13:31:39,777 [pool-139-thread-1] INFO  server.RaftServerConfigKeys (ConfUtils.java:logGet(44)) - raft.server.log.statemachine.data.sync = true (default)
2021-12-08 13:31:39,777 [pool-139-thread-1] INFO  server.RaftServerConfigKeys (ConfUtils.java:logGet(44)) - raft.server.log.statemachine.data.sync.timeout = 10s (default)
2021-12-08 13:31:39,777 [pool-139-thread-1] INFO  server.RaftServerConfigKeys (ConfUtils.java:logGet(44)) - raft.server.log.statemachine.data.sync.timeout.retry = -1 (default)
2021-12-08 13:31:39,778 [pool-139-thread-1] INFO  server.RaftServerConfigKeys (ConfUtils.java:logGet(44)) - raft.server.log.write.buffer.size = 1048576 (custom)
2021-12-08 13:31:39,778 [pool-139-thread-1] INFO  server.RaftServerConfigKeys (ConfUtils.java:logGet(44)) - raft.server.log.statemachine.data.caching.enabled = true (custom)
2021-12-08 13:31:39,779 [pool-139-thread-1] INFO  segmented.SegmentedRaftLogWorker (SegmentedRaftLogWorker.java:lambda$new$0(133)) - 99b82248-fa78-4a2f-9c0c-a895faee9290@group-C26B04E915AA-SegmentedRaftLogWorker: flushIndex: setUnconditionally 0 -> -1
2021-12-08 13:31:39,779 [pool-139-thread-1] INFO  segmented.SegmentedRaftLogWorker (SegmentedRaftLogWorker.java:lambda$new$0(133)) - 99b82248-fa78-4a2f-9c0c-a895faee9290@group-C26B04E915AA-SegmentedRaftLogWorker: safeCacheEvictIndex: setUnconditionally 0 -> -1
2021-12-08 13:31:39,779 [pool-139-thread-1] INFO  server.RaftServerConfigKeys (ConfUtils.java:logGet(44)) - raft.server.snapshot.auto.trigger.enabled = true (custom)
2021-12-08 13:31:39,779 [pool-139-thread-1] INFO  server.RaftServerConfigKeys (ConfUtils.java:logGet(44)) - raft.server.snapshot.auto.trigger.threshold = 1 (custom)
2021-12-08 13:31:39,779 [pool-139-thread-1] INFO  server.RaftServerConfigKeys (ConfUtils.java:logGet(44)) - raft.server.snapshot.retention.file.num = 5 (custom)
2021-12-08 13:31:39,779 [pool-139-thread-1] INFO  server.RaftServerConfigKeys (ConfUtils.java:logGet(44)) - raft.server.log.purge.upto.snapshot.index = false (default)
2021-12-08 13:31:39,779 [pool-139-thread-1] INFO  server.RaftServerConfigKeys (ConfUtils.java:logGet(44)) - raft.server.retrycache.expirytime = 600000ms (custom)
2021-12-08 13:31:39,779 [pool-139-thread-1] INFO  server.RaftServerConfigKeys (ConfUtils.java:logGet(44)) - raft.server.retrycache.statistics.expirytime = 100μs (default)
2021-12-08 13:31:39,781 [pool-139-thread-1] INFO  server.RaftServer$Division (RaftServerImpl.java:start(301)) - 99b82248-fa78-4a2f-9c0c-a895faee9290@group-C26B04E915AA: start as a follower, conf=-1: [8a8f2b09-e878-40c2-9c9f-30d928921f94|rpc:10.1.0.52:43169|dataStream:|priority:0, 99b82248-fa78-4a2f-9c0c-a895faee9290|rpc:10.1.0.52:40213|dataStream:|priority:1, ffce9616-478d-40f6-8b96-f3952fb64da5|rpc:10.1.0.52:43161|dataStream:|priority:0], old=null
2021-12-08 13:31:39,781 [pool-139-thread-1] INFO  server.RaftServer$Division (RaftServerImpl.java:setRole(290)) - 99b82248-fa78-4a2f-9c0c-a895faee9290@group-C26B04E915AA: changes role from      null to FOLLOWER at term 0 for startAsFollower
2021-12-08 13:31:39,781 [pool-139-thread-1] INFO  impl.RoleInfo (RoleInfo.java:updateAndGet(130)) - 99b82248-fa78-4a2f-9c0c-a895faee9290: start 99b82248-fa78-4a2f-9c0c-a895faee9290@group-C26B04E915AA-FollowerState
2021-12-08 13:31:39,781 [pool-139-thread-1] INFO  util.JmxRegister (JmxRegister.java:tryRegister(44)) - Successfully registered JMX Bean with object name Ratis:service=RaftServer,group=group-C26B04E915AA,id=99b82248-fa78-4a2f-9c0c-a895faee9290
2021-12-08 13:31:39,788 [Command processor thread] INFO  commandhandler.CreatePipelineCommandHandler (CreatePipelineCommandHandler.java:handle(106)) - Created Pipeline RATIS THREE PipelineID=c6079cec-e262-4cc2-85cc-c26b04e915aa.
2021-12-08 13:31:39,788 [Command processor thread] INFO  server.RaftServer (RaftServerProxy.java:addNew(95)) - 8a8f2b09-e878-40c2-9c9f-30d928921f94: addNew group-C6C5AEA563D1:[8a8f2b09-e878-40c2-9c9f-30d928921f94|rpc:10.1.0.52:43169|priority:0, 99b82248-fa78-4a2f-9c0c-a895faee9290|rpc:10.1.0.52:40213|priority:0, ffce9616-478d-40f6-8b96-f3952fb64da5|rpc:10.1.0.52:43161|priority:1] returns group-C6C5AEA563D1:java.util.concurrent.CompletableFuture@42acee42[Not completed]
2021-12-08 13:31:39,789 [pool-118-thread-1] INFO  server.RaftServer$Division (RaftServerImpl.java:<init>(184)) - 8a8f2b09-e878-40c2-9c9f-30d928921f94: new RaftServerImpl for group-C6C5AEA563D1:[8a8f2b09-e878-40c2-9c9f-30d928921f94|rpc:10.1.0.52:43169|priority:0, 99b82248-fa78-4a2f-9c0c-a895faee9290|rpc:10.1.0.52:40213|priority:0, ffce9616-478d-40f6-8b96-f3952fb64da5|rpc:10.1.0.52:43161|priority:1] with ContainerStateMachine:uninitialized
2021-12-08 13:31:39,789 [pool-118-thread-1] INFO  server.RaftServerConfigKeys (ConfUtils.java:logGet(44)) - raft.server.rpc.timeout.min = 5s (custom)
2021-12-08 13:31:39,789 [pool-118-thread-1] INFO  server.RaftServerConfigKeys (ConfUtils.java:logGet(44)) - raft.server.rpc.timeout.max = 5200ms (custom)
2021-12-08 13:31:39,789 [pool-118-thread-1] INFO  server.RaftServerConfigKeys (ConfUtils.java:logGet(44)) - raft.server.rpc.sleep.time = 25ms (default)
2021-12-08 13:31:39,789 [pool-118-thread-1] INFO  server.RaftServerConfigKeys (ConfUtils.java:logGet(44)) - raft.server.rpc.slowness.timeout = 300000ms (custom)
2021-12-08 13:31:39,789 [pool-118-thread-1] INFO  server.RaftServerConfigKeys (ConfUtils.java:logGet(44)) - raft.server.leaderelection.leader.step-down.wait-time = 10s (default)
2021-12-08 13:31:39,789 [pool-118-thread-1] INFO  server.RaftServerConfigKeys (ConfUtils.java:logGet(44)) - raft.server.sleep.deviation.threshold = 300ms (default)
2021-12-08 13:31:39,790 [pool-118-thread-1] INFO  server.RaftServerConfigKeys (ConfUtils.java:logGet(44)) - raft.server.log.appender.install.snapshot.enabled = false (custom)
2021-12-08 13:31:39,790 [pool-118-thread-1] INFO  server.RaftServer$Division (ServerState.java:<init>(105)) - 8a8f2b09-e878-40c2-9c9f-30d928921f94@group-C6C5AEA563D1: ConfigurationManager, init=-1: [8a8f2b09-e878-40c2-9c9f-30d928921f94|rpc:10.1.0.52:43169|priority:0, 99b82248-fa78-4a2f-9c0c-a895faee9290|rpc:10.1.0.52:40213|priority:0, ffce9616-478d-40f6-8b96-f3952fb64da5|rpc:10.1.0.52:43161|priority:1], old=null, confs=<EMPTY_MAP>
2021-12-08 13:31:39,790 [pool-118-thread-1] INFO  server.RaftServerConfigKeys (ConfUtils.java:logGet(44)) - raft.server.storage.dir = [/home/runner/work/ozone/ozone/hadoop-ozone/integration-test/target/test-dir/MiniOzoneClusterImpl-c8c699bf-5dad-4457-9252-d1686169726e/datanode-3/data/ratis] (custom)
2021-12-08 13:31:39,790 [pool-118-thread-1] INFO  server.RaftServerConfigKeys (ConfUtils.java:logGet(44)) - raft.server.log.corruption.policy = EXCEPTION (default)
2021-12-08 13:31:39,790 [pool-118-thread-1] INFO  server.RaftServerConfigKeys (ConfUtils.java:logGet(44)) - raft.server.storage.free-space.min = 0MB (=0) (default)
2021-12-08 13:31:39,790 [pool-118-thread-1] INFO  storage.RaftStorageDirectory (RaftStorageDirectoryImpl.java:analyzeStorage(135)) - The storage directory /home/runner/work/ozone/ozone/hadoop-ozone/integration-test/target/test-dir/MiniOzoneClusterImpl-c8c699bf-5dad-4457-9252-d1686169726e/datanode-3/data/ratis/0ce629aa-0e6a-4c3b-86ec-c6c5aea563d1 does not exist. Creating ...
2021-12-08 13:31:39,791 [pool-118-thread-1] INFO  storage.RaftStorageDirectory (RaftStorageDirectoryImpl.java:tryLock(230)) - Lock on /home/runner/work/ozone/ozone/hadoop-ozone/integration-test/target/test-dir/MiniOzoneClusterImpl-c8c699bf-5dad-4457-9252-d1686169726e/datanode-3/data/ratis/0ce629aa-0e6a-4c3b-86ec-c6c5aea563d1/in_use.lock acquired by nodename 25433@fv-az148-92
2021-12-08 13:31:39,792 [pool-118-thread-1] INFO  storage.RaftStorage (RaftStorageImpl.java:format(89)) - Storage directory /home/runner/work/ozone/ozone/hadoop-ozone/integration-test/target/test-dir/MiniOzoneClusterImpl-c8c699bf-5dad-4457-9252-d1686169726e/datanode-3/data/ratis/0ce629aa-0e6a-4c3b-86ec-c6c5aea563d1 has been successfully formatted.
2021-12-08 13:31:39,794 [EventQueue-OpenPipelineForHealthyPipelineSafeModeRule] INFO  safemode.SCMSafeModeManager (HealthyPipelineSafeModeRule.java:process(124)) - SCM in safe mode. Healthy pipelines reported count is 0, required healthy pipeline reported count is 1
2021-12-08 13:31:39,794 [pool-118-thread-1] INFO  ratis.ContainerStateMachine (ContainerStateMachine.java:loadSnapshot(231)) - group-C6C5AEA563D1: The snapshot info is null. Setting the last applied indexto:(t:0, i:~)
2021-12-08 13:31:39,794 [pool-118-thread-1] INFO  server.RaftServerConfigKeys (ConfUtils.java:logGet(44)) - raft.server.notification.no-leader.timeout = 300000ms (custom)
2021-12-08 13:31:39,795 [pool-118-thread-1] INFO  server.RaftServerConfigKeys (ConfUtils.java:logGet(44)) - raft.server.log.use.memory = false (default)
2021-12-08 13:31:39,795 [pool-118-thread-1] INFO  server.RaftServerConfigKeys (ConfUtils.java:logGet(44)) - raft.server.log.purge.gap = 1000000 (custom)
2021-12-08 13:31:39,795 [pool-118-thread-1] INFO  server.RaftServerConfigKeys (ConfUtils.java:logGet(44)) - raft.server.log.appender.buffer.byte-limit = 33554432 (custom)
2021-12-08 13:31:39,795 [pool-118-thread-1] INFO  server.RaftServerConfigKeys (ConfUtils.java:logGet(44)) - raft.server.log.segment.size.max = 1048576 (custom)
2021-12-08 13:31:39,795 [pool-118-thread-1] INFO  server.RaftServerConfigKeys (ConfUtils.java:logGet(44)) - raft.server.log.segment.cache.num.max = 2 (custom)
2021-12-08 13:31:39,795 [pool-118-thread-1] INFO  server.RaftServerConfigKeys (ConfUtils.java:logGet(44)) - raft.server.log.segment.cache.size.max = 200MB (=209715200) (default)
2021-12-08 13:31:39,795 [pool-118-thread-1] INFO  segmented.SegmentedRaftLogWorker (SegmentedRaftLogWorker.java:<init>(182)) - new 8a8f2b09-e878-40c2-9c9f-30d928921f94@group-C6C5AEA563D1-SegmentedRaftLogWorker for RaftStorageImpl:Storage Directory /home/runner/work/ozone/ozone/hadoop-ozone/integration-test/target/test-dir/MiniOzoneClusterImpl-c8c699bf-5dad-4457-9252-d1686169726e/datanode-3/data/ratis/0ce629aa-0e6a-4c3b-86ec-c6c5aea563d1
2021-12-08 13:31:39,795 [pool-118-thread-1] INFO  server.RaftServerConfigKeys (ConfUtils.java:logGet(44)) - raft.server.log.queue.byte-limit = 2147483647 (custom)
2021-12-08 13:31:39,795 [pool-118-thread-1] INFO  server.RaftServerConfigKeys (ConfUtils.java:logGet(44)) - raft.server.log.queue.element-limit = 1024 (custom)
2021-12-08 13:31:39,796 [pool-118-thread-1] INFO  server.RaftServerConfigKeys (ConfUtils.java:logGet(44)) - raft.server.log.segment.size.max = 1048576 (custom)
2021-12-08 13:31:39,796 [pool-118-thread-1] INFO  server.RaftServerConfigKeys (ConfUtils.java:logGet(44)) - raft.server.log.preallocated.size = 16384 (custom)
2021-12-08 13:31:39,796 [pool-118-thread-1] INFO  server.RaftServerConfigKeys (ConfUtils.java:logGet(44)) - raft.server.log.force.sync.num = 128 (default)
2021-12-08 13:31:39,796 [pool-118-thread-1] INFO  server.RaftServerConfigKeys (ConfUtils.java:logGet(44)) - raft.server.log.statemachine.data.sync = true (default)
2021-12-08 13:31:39,796 [pool-118-thread-1] INFO  server.RaftServerConfigKeys (ConfUtils.java:logGet(44)) - raft.server.log.statemachine.data.sync.timeout = 10s (default)
2021-12-08 13:31:39,796 [pool-118-thread-1] INFO  server.RaftServerConfigKeys (ConfUtils.java:logGet(44)) - raft.server.log.statemachine.data.sync.timeout.retry = -1 (default)
2021-12-08 13:31:39,797 [pool-118-thread-1] INFO  server.RaftServerConfigKeys (ConfUtils.java:logGet(44)) - raft.server.log.write.buffer.size = 1048576 (custom)
2021-12-08 13:31:39,797 [pool-118-thread-1] INFO  server.RaftServerConfigKeys (ConfUtils.java:logGet(44)) - raft.server.log.statemachine.data.caching.enabled = true (custom)
2021-12-08 13:31:39,797 [pool-118-thread-1] INFO  segmented.SegmentedRaftLogWorker (SegmentedRaftLogWorker.java:lambda$new$0(133)) - 8a8f2b09-e878-40c2-9c9f-30d928921f94@group-C6C5AEA563D1-SegmentedRaftLogWorker: flushIndex: setUnconditionally 0 -> -1
2021-12-08 13:31:39,797 [pool-118-thread-1] INFO  segmented.SegmentedRaftLogWorker (SegmentedRaftLogWorker.java:lambda$new$0(133)) - 8a8f2b09-e878-40c2-9c9f-30d928921f94@group-C6C5AEA563D1-SegmentedRaftLogWorker: safeCacheEvictIndex: setUnconditionally 0 -> -1
2021-12-08 13:31:39,797 [pool-118-thread-1] INFO  server.RaftServerConfigKeys (ConfUtils.java:logGet(44)) - raft.server.snapshot.auto.trigger.enabled = true (custom)
2021-12-08 13:31:39,797 [pool-118-thread-1] INFO  server.RaftServerConfigKeys (ConfUtils.java:logGet(44)) - raft.server.snapshot.auto.trigger.threshold = 1 (custom)
2021-12-08 13:31:39,797 [pool-118-thread-1] INFO  server.RaftServerConfigKeys (ConfUtils.java:logGet(44)) - raft.server.snapshot.retention.file.num = 5 (custom)
2021-12-08 13:31:39,797 [pool-118-thread-1] INFO  server.RaftServerConfigKeys (ConfUtils.java:logGet(44)) - raft.server.log.purge.upto.snapshot.index = false (default)
2021-12-08 13:31:39,797 [pool-118-thread-1] INFO  server.RaftServerConfigKeys (ConfUtils.java:logGet(44)) - raft.server.retrycache.expirytime = 600000ms (custom)
2021-12-08 13:31:39,797 [pool-118-thread-1] INFO  server.RaftServerConfigKeys (ConfUtils.java:logGet(44)) - raft.server.retrycache.statistics.expirytime = 100μs (default)
2021-12-08 13:31:39,799 [pool-118-thread-1] INFO  server.RaftServer$Division (RaftServerImpl.java:start(301)) - 8a8f2b09-e878-40c2-9c9f-30d928921f94@group-C6C5AEA563D1: start as a follower, conf=-1: [8a8f2b09-e878-40c2-9c9f-30d928921f94|rpc:10.1.0.52:43169|priority:0, 99b82248-fa78-4a2f-9c0c-a895faee9290|rpc:10.1.0.52:40213|priority:0, ffce9616-478d-40f6-8b96-f3952fb64da5|rpc:10.1.0.52:43161|priority:1], old=null
2021-12-08 13:31:39,799 [pool-118-thread-1] INFO  server.RaftServer$Division (RaftServerImpl.java:setRole(290)) - 8a8f2b09-e878-40c2-9c9f-30d928921f94@group-C6C5AEA563D1: changes role from      null to FOLLOWER at term 0 for startAsFollower
2021-12-08 13:31:39,799 [pool-118-thread-1] INFO  impl.RoleInfo (RoleInfo.java:updateAndGet(130)) - 8a8f2b09-e878-40c2-9c9f-30d928921f94: start 8a8f2b09-e878-40c2-9c9f-30d928921f94@group-C6C5AEA563D1-FollowerState
2021-12-08 13:31:39,799 [pool-118-thread-1] INFO  util.JmxRegister (JmxRegister.java:tryRegister(44)) - Successfully registered JMX Bean with object name Ratis:service=RaftServer,group=group-C6C5AEA563D1,id=8a8f2b09-e878-40c2-9c9f-30d928921f94
2021-12-08 13:31:39,800 [Command processor thread] INFO  ratis.XceiverServerRatis (XceiverServerRatis.java:addGroup(768)) - Created group PipelineID=0ce629aa-0e6a-4c3b-86ec-c6c5aea563d1
2021-12-08 13:31:39,809 [grpc-default-executor-0] INFO  server.RaftServer (RaftServerProxy.java:addNew(95)) - ffce9616-478d-40f6-8b96-f3952fb64da5: addNew group-C6C5AEA563D1:[8a8f2b09-e878-40c2-9c9f-30d928921f94|rpc:10.1.0.52:43169|dataStream:|priority:0, 99b82248-fa78-4a2f-9c0c-a895faee9290|rpc:10.1.0.52:40213|dataStream:|priority:0, ffce9616-478d-40f6-8b96-f3952fb64da5|rpc:10.1.0.52:43161|dataStream:|priority:1] returns group-C6C5AEA563D1:java.util.concurrent.CompletableFuture@a62b592[Not completed]
2021-12-08 13:31:39,810 [pool-160-thread-1] INFO  server.RaftServer$Division (RaftServerImpl.java:<init>(184)) - ffce9616-478d-40f6-8b96-f3952fb64da5: new RaftServerImpl for group-C6C5AEA563D1:[8a8f2b09-e878-40c2-9c9f-30d928921f94|rpc:10.1.0.52:43169|dataStream:|priority:0, 99b82248-fa78-4a2f-9c0c-a895faee9290|rpc:10.1.0.52:40213|dataStream:|priority:0, ffce9616-478d-40f6-8b96-f3952fb64da5|rpc:10.1.0.52:43161|dataStream:|priority:1] with ContainerStateMachine:uninitialized
2021-12-08 13:31:39,810 [pool-160-thread-1] INFO  server.RaftServerConfigKeys (ConfUtils.java:logGet(44)) - raft.server.rpc.timeout.min = 5s (custom)
2021-12-08 13:31:39,810 [pool-160-thread-1] INFO  server.RaftServerConfigKeys (ConfUtils.java:logGet(44)) - raft.server.rpc.timeout.max = 5200ms (custom)
2021-12-08 13:31:39,810 [pool-160-thread-1] INFO  server.RaftServerConfigKeys (ConfUtils.java:logGet(44)) - raft.server.rpc.sleep.time = 25ms (default)
2021-12-08 13:31:39,810 [pool-160-thread-1] INFO  server.RaftServerConfigKeys (ConfUtils.java:logGet(44)) - raft.server.rpc.slowness.timeout = 300000ms (custom)
2021-12-08 13:31:39,810 [pool-160-thread-1] INFO  server.RaftServerConfigKeys (ConfUtils.java:logGet(44)) - raft.server.leaderelection.leader.step-down.wait-time = 10s (default)
2021-12-08 13:31:39,810 [pool-160-thread-1] INFO  server.RaftServerConfigKeys (ConfUtils.java:logGet(44)) - raft.server.sleep.deviation.threshold = 300ms (default)
2021-12-08 13:31:39,810 [pool-160-thread-1] INFO  server.RaftServerConfigKeys (ConfUtils.java:logGet(44)) - raft.server.log.appender.install.snapshot.enabled = false (custom)
2021-12-08 13:31:39,810 [pool-160-thread-1] INFO  server.RaftServer$Division (ServerState.java:<init>(105)) - ffce9616-478d-40f6-8b96-f3952fb64da5@group-C6C5AEA563D1: ConfigurationManager, init=-1: [8a8f2b09-e878-40c2-9c9f-30d928921f94|rpc:10.1.0.52:43169|dataStream:|priority:0, 99b82248-fa78-4a2f-9c0c-a895faee9290|rpc:10.1.0.52:40213|dataStream:|priority:0, ffce9616-478d-40f6-8b96-f3952fb64da5|rpc:10.1.0.52:43161|dataStream:|priority:1], old=null, confs=<EMPTY_MAP>
2021-12-08 13:31:39,810 [pool-160-thread-1] INFO  server.RaftServerConfigKeys (ConfUtils.java:logGet(44)) - raft.server.storage.dir = [/home/runner/work/ozone/ozone/hadoop-ozone/integration-test/target/test-dir/MiniOzoneClusterImpl-c8c699bf-5dad-4457-9252-d1686169726e/datanode-5/data/ratis] (custom)
2021-12-08 13:31:39,810 [pool-160-thread-1] INFO  server.RaftServerConfigKeys (ConfUtils.java:logGet(44)) - raft.server.log.corruption.policy = EXCEPTION (default)
2021-12-08 13:31:39,810 [pool-160-thread-1] INFO  server.RaftServerConfigKeys (ConfUtils.java:logGet(44)) - raft.server.storage.free-space.min = 0MB (=0) (default)
2021-12-08 13:31:39,811 [pool-160-thread-1] INFO  storage.RaftStorageDirectory (RaftStorageDirectoryImpl.java:analyzeStorage(135)) - The storage directory /home/runner/work/ozone/ozone/hadoop-ozone/integration-test/target/test-dir/MiniOzoneClusterImpl-c8c699bf-5dad-4457-9252-d1686169726e/datanode-5/data/ratis/0ce629aa-0e6a-4c3b-86ec-c6c5aea563d1 does not exist. Creating ...
2021-12-08 13:31:39,812 [pool-160-thread-1] INFO  storage.RaftStorageDirectory (RaftStorageDirectoryImpl.java:tryLock(230)) - Lock on /home/runner/work/ozone/ozone/hadoop-ozone/integration-test/target/test-dir/MiniOzoneClusterImpl-c8c699bf-5dad-4457-9252-d1686169726e/datanode-5/data/ratis/0ce629aa-0e6a-4c3b-86ec-c6c5aea563d1/in_use.lock acquired by nodename 25433@fv-az148-92
2021-12-08 13:31:39,813 [pool-160-thread-1] INFO  storage.RaftStorage (RaftStorageImpl.java:format(89)) - Storage directory /home/runner/work/ozone/ozone/hadoop-ozone/integration-test/target/test-dir/MiniOzoneClusterImpl-c8c699bf-5dad-4457-9252-d1686169726e/datanode-5/data/ratis/0ce629aa-0e6a-4c3b-86ec-c6c5aea563d1 has been successfully formatted.
2021-12-08 13:31:39,813 [pool-160-thread-1] INFO  ratis.ContainerStateMachine (ContainerStateMachine.java:loadSnapshot(231)) - group-C6C5AEA563D1: The snapshot info is null. Setting the last applied indexto:(t:0, i:~)
2021-12-08 13:31:39,813 [pool-160-thread-1] INFO  server.RaftServerConfigKeys (ConfUtils.java:logGet(44)) - raft.server.notification.no-leader.timeout = 300000ms (custom)
2021-12-08 13:31:39,813 [pool-160-thread-1] INFO  server.RaftServerConfigKeys (ConfUtils.java:logGet(44)) - raft.server.log.use.memory = false (default)
2021-12-08 13:31:39,814 [pool-160-thread-1] INFO  server.RaftServerConfigKeys (ConfUtils.java:logGet(44)) - raft.server.log.purge.gap = 1000000 (custom)
2021-12-08 13:31:39,814 [pool-160-thread-1] INFO  server.RaftServerConfigKeys (ConfUtils.java:logGet(44)) - raft.server.log.appender.buffer.byte-limit = 33554432 (custom)
2021-12-08 13:31:39,814 [pool-160-thread-1] INFO  server.RaftServerConfigKeys (ConfUtils.java:logGet(44)) - raft.server.log.segment.size.max = 1048576 (custom)
2021-12-08 13:31:39,815 [pool-160-thread-1] INFO  server.RaftServerConfigKeys (ConfUtils.java:logGet(44)) - raft.server.log.segment.cache.num.max = 2 (custom)
2021-12-08 13:31:39,815 [pool-160-thread-1] INFO  server.RaftServerConfigKeys (ConfUtils.java:logGet(44)) - raft.server.log.segment.cache.size.max = 200MB (=209715200) (default)
2021-12-08 13:31:39,815 [pool-160-thread-1] INFO  segmented.SegmentedRaftLogWorker (SegmentedRaftLogWorker.java:<init>(182)) - new ffce9616-478d-40f6-8b96-f3952fb64da5@group-C6C5AEA563D1-SegmentedRaftLogWorker for RaftStorageImpl:Storage Directory /home/runner/work/ozone/ozone/hadoop-ozone/integration-test/target/test-dir/MiniOzoneClusterImpl-c8c699bf-5dad-4457-9252-d1686169726e/datanode-5/data/ratis/0ce629aa-0e6a-4c3b-86ec-c6c5aea563d1
2021-12-08 13:31:39,815 [pool-160-thread-1] INFO  server.RaftServerConfigKeys (ConfUtils.java:logGet(44)) - raft.server.log.queue.byte-limit = 2147483647 (custom)
2021-12-08 13:31:39,815 [pool-160-thread-1] INFO  server.RaftServerConfigKeys (ConfUtils.java:logGet(44)) - raft.server.log.queue.element-limit = 1024 (custom)
2021-12-08 13:31:39,815 [pool-160-thread-1] INFO  server.RaftServerConfigKeys (ConfUtils.java:logGet(44)) - raft.server.log.segment.size.max = 1048576 (custom)
2021-12-08 13:31:39,815 [pool-160-thread-1] INFO  server.RaftServerConfigKeys (ConfUtils.java:logGet(44)) - raft.server.log.preallocated.size = 16384 (custom)
2021-12-08 13:31:39,815 [pool-160-thread-1] INFO  server.RaftServerConfigKeys (ConfUtils.java:logGet(44)) - raft.server.log.force.sync.num = 128 (default)
2021-12-08 13:31:39,815 [pool-160-thread-1] INFO  server.RaftServerConfigKeys (ConfUtils.java:logGet(44)) - raft.server.log.statemachine.data.sync = true (default)
2021-12-08 13:31:39,815 [pool-160-thread-1] INFO  server.RaftServerConfigKeys (ConfUtils.java:logGet(44)) - raft.server.log.statemachine.data.sync.timeout = 10s (default)
2021-12-08 13:31:39,815 [pool-160-thread-1] INFO  server.RaftServerConfigKeys (ConfUtils.java:logGet(44)) - raft.server.log.statemachine.data.sync.timeout.retry = -1 (default)
2021-12-08 13:31:39,816 [pool-160-thread-1] INFO  server.RaftServerConfigKeys (ConfUtils.java:logGet(44)) - raft.server.log.write.buffer.size = 1048576 (custom)
2021-12-08 13:31:39,817 [pool-160-thread-1] INFO  server.RaftServerConfigKeys (ConfUtils.java:logGet(44)) - raft.server.log.statemachine.data.caching.enabled = true (custom)
2021-12-08 13:31:39,817 [pool-160-thread-1] INFO  segmented.SegmentedRaftLogWorker (SegmentedRaftLogWorker.java:lambda$new$0(133)) - ffce9616-478d-40f6-8b96-f3952fb64da5@group-C6C5AEA563D1-SegmentedRaftLogWorker: flushIndex: setUnconditionally 0 -> -1
2021-12-08 13:31:39,817 [pool-160-thread-1] INFO  segmented.SegmentedRaftLogWorker (SegmentedRaftLogWorker.java:lambda$new$0(133)) - ffce9616-478d-40f6-8b96-f3952fb64da5@group-C6C5AEA563D1-SegmentedRaftLogWorker: safeCacheEvictIndex: setUnconditionally 0 -> -1
2021-12-08 13:31:39,818 [pool-160-thread-1] INFO  server.RaftServerConfigKeys (ConfUtils.java:logGet(44)) - raft.server.snapshot.auto.trigger.enabled = true (custom)
2021-12-08 13:31:39,818 [pool-160-thread-1] INFO  server.RaftServerConfigKeys (ConfUtils.java:logGet(44)) - raft.server.snapshot.auto.trigger.threshold = 1 (custom)
2021-12-08 13:31:39,818 [pool-160-thread-1] INFO  server.RaftServerConfigKeys (ConfUtils.java:logGet(44)) - raft.server.snapshot.retention.file.num = 5 (custom)
2021-12-08 13:31:39,818 [pool-160-thread-1] INFO  server.RaftServerConfigKeys (ConfUtils.java:logGet(44)) - raft.server.log.purge.upto.snapshot.index = false (default)
2021-12-08 13:31:39,818 [pool-160-thread-1] INFO  server.RaftServerConfigKeys (ConfUtils.java:logGet(44)) - raft.server.retrycache.expirytime = 600000ms (custom)
2021-12-08 13:31:39,818 [pool-160-thread-1] INFO  server.RaftServerConfigKeys (ConfUtils.java:logGet(44)) - raft.server.retrycache.statistics.expirytime = 100μs (default)
2021-12-08 13:31:39,819 [pool-160-thread-1] INFO  server.RaftServer$Division (RaftServerImpl.java:start(301)) - ffce9616-478d-40f6-8b96-f3952fb64da5@group-C6C5AEA563D1: start as a follower, conf=-1: [8a8f2b09-e878-40c2-9c9f-30d928921f94|rpc:10.1.0.52:43169|dataStream:|priority:0, 99b82248-fa78-4a2f-9c0c-a895faee9290|rpc:10.1.0.52:40213|dataStream:|priority:0, ffce9616-478d-40f6-8b96-f3952fb64da5|rpc:10.1.0.52:43161|dataStream:|priority:1], old=null
2021-12-08 13:31:39,819 [pool-160-thread-1] INFO  server.RaftServer$Division (RaftServerImpl.java:setRole(290)) - ffce9616-478d-40f6-8b96-f3952fb64da5@group-C6C5AEA563D1: changes role from      null to FOLLOWER at term 0 for startAsFollower
2021-12-08 13:31:39,819 [pool-160-thread-1] INFO  impl.RoleInfo (RoleInfo.java:updateAndGet(130)) - ffce9616-478d-40f6-8b96-f3952fb64da5: start ffce9616-478d-40f6-8b96-f3952fb64da5@group-C6C5AEA563D1-FollowerState
2021-12-08 13:31:39,824 [pool-160-thread-1] INFO  util.JmxRegister (JmxRegister.java:tryRegister(44)) - Successfully registered JMX Bean with object name Ratis:service=RaftServer,group=group-C6C5AEA563D1,id=ffce9616-478d-40f6-8b96-f3952fb64da5
2021-12-08 13:31:39,834 [EventQueue-OpenPipelineForHealthyPipelineSafeModeRule] INFO  safemode.SCMSafeModeManager (HealthyPipelineSafeModeRule.java:process(124)) - SCM in safe mode. Healthy pipelines reported count is 0, required healthy pipeline reported count is 1
2021-12-08 13:31:39,842 [grpc-default-executor-0] INFO  server.RaftServer (RaftServerProxy.java:addNew(95)) - 99b82248-fa78-4a2f-9c0c-a895faee9290: addNew group-C6C5AEA563D1:[8a8f2b09-e878-40c2-9c9f-30d928921f94|rpc:10.1.0.52:43169|dataStream:|priority:0, 99b82248-fa78-4a2f-9c0c-a895faee9290|rpc:10.1.0.52:40213|dataStream:|priority:0, ffce9616-478d-40f6-8b96-f3952fb64da5|rpc:10.1.0.52:43161|dataStream:|priority:1] returns group-C6C5AEA563D1:java.util.concurrent.CompletableFuture@215a28ee[Not completed]
2021-12-08 13:31:39,843 [pool-139-thread-1] INFO  server.RaftServer$Division (RaftServerImpl.java:<init>(184)) - 99b82248-fa78-4a2f-9c0c-a895faee9290: new RaftServerImpl for group-C6C5AEA563D1:[8a8f2b09-e878-40c2-9c9f-30d928921f94|rpc:10.1.0.52:43169|dataStream:|priority:0, 99b82248-fa78-4a2f-9c0c-a895faee9290|rpc:10.1.0.52:40213|dataStream:|priority:0, ffce9616-478d-40f6-8b96-f3952fb64da5|rpc:10.1.0.52:43161|dataStream:|priority:1] with ContainerStateMachine:uninitialized
2021-12-08 13:31:39,843 [pool-139-thread-1] INFO  server.RaftServerConfigKeys (ConfUtils.java:logGet(44)) - raft.server.rpc.timeout.min = 5s (custom)
2021-12-08 13:31:39,843 [pool-139-thread-1] INFO  server.RaftServerConfigKeys (ConfUtils.java:logGet(44)) - raft.server.rpc.timeout.max = 5200ms (custom)
2021-12-08 13:31:39,843 [pool-139-thread-1] INFO  server.RaftServerConfigKeys (ConfUtils.java:logGet(44)) - raft.server.rpc.sleep.time = 25ms (default)
2021-12-08 13:31:39,843 [pool-139-thread-1] INFO  server.RaftServerConfigKeys (ConfUtils.java:logGet(44)) - raft.server.rpc.slowness.timeout = 300000ms (custom)
2021-12-08 13:31:39,843 [pool-139-thread-1] INFO  server.RaftServerConfigKeys (ConfUtils.java:logGet(44)) - raft.server.leaderelection.leader.step-down.wait-time = 10s (default)
2021-12-08 13:31:39,843 [pool-139-thread-1] INFO  server.RaftServerConfigKeys (ConfUtils.java:logGet(44)) - raft.server.sleep.deviation.threshold = 300ms (default)
2021-12-08 13:31:39,843 [pool-139-thread-1] INFO  server.RaftServerConfigKeys (ConfUtils.java:logGet(44)) - raft.server.log.appender.install.snapshot.enabled = false (custom)
2021-12-08 13:31:39,843 [pool-139-thread-1] INFO  server.RaftServer$Division (ServerState.java:<init>(105)) - 99b82248-fa78-4a2f-9c0c-a895faee9290@group-C6C5AEA563D1: ConfigurationManager, init=-1: [8a8f2b09-e878-40c2-9c9f-30d928921f94|rpc:10.1.0.52:43169|dataStream:|priority:0, 99b82248-fa78-4a2f-9c0c-a895faee9290|rpc:10.1.0.52:40213|dataStream:|priority:0, ffce9616-478d-40f6-8b96-f3952fb64da5|rpc:10.1.0.52:43161|dataStream:|priority:1], old=null, confs=<EMPTY_MAP>
2021-12-08 13:31:39,843 [pool-139-thread-1] INFO  server.RaftServerConfigKeys (ConfUtils.java:logGet(44)) - raft.server.storage.dir = [/home/runner/work/ozone/ozone/hadoop-ozone/integration-test/target/test-dir/MiniOzoneClusterImpl-c8c699bf-5dad-4457-9252-d1686169726e/datanode-4/data/ratis] (custom)
2021-12-08 13:31:39,844 [pool-139-thread-1] INFO  server.RaftServerConfigKeys (ConfUtils.java:logGet(44)) - raft.server.log.corruption.policy = EXCEPTION (default)
2021-12-08 13:31:39,844 [pool-139-thread-1] INFO  server.RaftServerConfigKeys (ConfUtils.java:logGet(44)) - raft.server.storage.free-space.min = 0MB (=0) (default)
2021-12-08 13:31:39,844 [pool-139-thread-1] INFO  storage.RaftStorageDirectory (RaftStorageDirectoryImpl.java:analyzeStorage(135)) - The storage directory /home/runner/work/ozone/ozone/hadoop-ozone/integration-test/target/test-dir/MiniOzoneClusterImpl-c8c699bf-5dad-4457-9252-d1686169726e/datanode-4/data/ratis/0ce629aa-0e6a-4c3b-86ec-c6c5aea563d1 does not exist. Creating ...
2021-12-08 13:31:39,845 [pool-139-thread-1] INFO  storage.RaftStorageDirectory (RaftStorageDirectoryImpl.java:tryLock(230)) - Lock on /home/runner/work/ozone/ozone/hadoop-ozone/integration-test/target/test-dir/MiniOzoneClusterImpl-c8c699bf-5dad-4457-9252-d1686169726e/datanode-4/data/ratis/0ce629aa-0e6a-4c3b-86ec-c6c5aea563d1/in_use.lock acquired by nodename 25433@fv-az148-92
2021-12-08 13:31:39,849 [pool-139-thread-1] INFO  storage.RaftStorage (RaftStorageImpl.java:format(89)) - Storage directory /home/runner/work/ozone/ozone/hadoop-ozone/integration-test/target/test-dir/MiniOzoneClusterImpl-c8c699bf-5dad-4457-9252-d1686169726e/datanode-4/data/ratis/0ce629aa-0e6a-4c3b-86ec-c6c5aea563d1 has been successfully formatted.
2021-12-08 13:31:39,849 [pool-139-thread-1] INFO  ratis.ContainerStateMachine (ContainerStateMachine.java:loadSnapshot(231)) - group-C6C5AEA563D1: The snapshot info is null. Setting the last applied indexto:(t:0, i:~)
2021-12-08 13:31:39,850 [pool-139-thread-1] INFO  server.RaftServerConfigKeys (ConfUtils.java:logGet(44)) - raft.server.notification.no-leader.timeout = 300000ms (custom)
2021-12-08 13:31:39,850 [pool-139-thread-1] INFO  server.RaftServerConfigKeys (ConfUtils.java:logGet(44)) - raft.server.log.use.memory = false (default)
2021-12-08 13:31:39,850 [pool-139-thread-1] INFO  server.RaftServerConfigKeys (ConfUtils.java:logGet(44)) - raft.server.log.purge.gap = 1000000 (custom)
2021-12-08 13:31:39,850 [pool-139-thread-1] INFO  server.RaftServerConfigKeys (ConfUtils.java:logGet(44)) - raft.server.log.appender.buffer.byte-limit = 33554432 (custom)
2021-12-08 13:31:39,850 [pool-139-thread-1] INFO  server.RaftServerConfigKeys (ConfUtils.java:logGet(44)) - raft.server.log.segment.size.max = 1048576 (custom)
2021-12-08 13:31:39,851 [pool-139-thread-1] INFO  server.RaftServerConfigKeys (ConfUtils.java:logGet(44)) - raft.server.log.segment.cache.num.max = 2 (custom)
2021-12-08 13:31:39,851 [pool-139-thread-1] INFO  server.RaftServerConfigKeys (ConfUtils.java:logGet(44)) - raft.server.log.segment.cache.size.max = 200MB (=209715200) (default)
2021-12-08 13:31:39,851 [pool-139-thread-1] INFO  segmented.SegmentedRaftLogWorker (SegmentedRaftLogWorker.java:<init>(182)) - new 99b82248-fa78-4a2f-9c0c-a895faee9290@group-C6C5AEA563D1-SegmentedRaftLogWorker for RaftStorageImpl:Storage Directory /home/runner/work/ozone/ozone/hadoop-ozone/integration-test/target/test-dir/MiniOzoneClusterImpl-c8c699bf-5dad-4457-9252-d1686169726e/datanode-4/data/ratis/0ce629aa-0e6a-4c3b-86ec-c6c5aea563d1
2021-12-08 13:31:39,851 [pool-139-thread-1] INFO  server.RaftServerConfigKeys (ConfUtils.java:logGet(44)) - raft.server.log.queue.byte-limit = 2147483647 (custom)
2021-12-08 13:31:39,851 [pool-139-thread-1] INFO  server.RaftServerConfigKeys (ConfUtils.java:logGet(44)) - raft.server.log.queue.element-limit = 1024 (custom)
2021-12-08 13:31:39,851 [pool-139-thread-1] INFO  server.RaftServerConfigKeys (ConfUtils.java:logGet(44)) - raft.server.log.segment.size.max = 1048576 (custom)
2021-12-08 13:31:39,851 [pool-139-thread-1] INFO  server.RaftServerConfigKeys (ConfUtils.java:logGet(44)) - raft.server.log.preallocated.size = 16384 (custom)
2021-12-08 13:31:39,851 [pool-139-thread-1] INFO  server.RaftServerConfigKeys (ConfUtils.java:logGet(44)) - raft.server.log.force.sync.num = 128 (default)
2021-12-08 13:31:39,852 [pool-139-thread-1] INFO  server.RaftServerConfigKeys (ConfUtils.java:logGet(44)) - raft.server.log.statemachine.data.sync = true (default)
2021-12-08 13:31:39,852 [pool-139-thread-1] INFO  server.RaftServerConfigKeys (ConfUtils.java:logGet(44)) - raft.server.log.statemachine.data.sync.timeout = 10s (default)
2021-12-08 13:31:39,852 [pool-139-thread-1] INFO  server.RaftServerConfigKeys (ConfUtils.java:logGet(44)) - raft.server.log.statemachine.data.sync.timeout.retry = -1 (default)
2021-12-08 13:31:39,853 [pool-139-thread-1] INFO  server.RaftServerConfigKeys (ConfUtils.java:logGet(44)) - raft.server.log.write.buffer.size = 1048576 (custom)
2021-12-08 13:31:39,853 [pool-139-thread-1] INFO  server.RaftServerConfigKeys (ConfUtils.java:logGet(44)) - raft.server.log.statemachine.data.caching.enabled = true (custom)
2021-12-08 13:31:39,853 [pool-139-thread-1] INFO  segmented.SegmentedRaftLogWorker (SegmentedRaftLogWorker.java:lambda$new$0(133)) - 99b82248-fa78-4a2f-9c0c-a895faee9290@group-C6C5AEA563D1-SegmentedRaftLogWorker: flushIndex: setUnconditionally 0 -> -1
2021-12-08 13:31:39,853 [pool-139-thread-1] INFO  segmented.SegmentedRaftLogWorker (SegmentedRaftLogWorker.java:lambda$new$0(133)) - 99b82248-fa78-4a2f-9c0c-a895faee9290@group-C6C5AEA563D1-SegmentedRaftLogWorker: safeCacheEvictIndex: setUnconditionally 0 -> -1
2021-12-08 13:31:39,854 [pool-139-thread-1] INFO  server.RaftServerConfigKeys (ConfUtils.java:logGet(44)) - raft.server.snapshot.auto.trigger.enabled = true (custom)
2021-12-08 13:31:39,855 [pool-139-thread-1] INFO  server.RaftServerConfigKeys (ConfUtils.java:logGet(44)) - raft.server.snapshot.auto.trigger.threshold = 1 (custom)
2021-12-08 13:31:39,855 [pool-139-thread-1] INFO  server.RaftServerConfigKeys (ConfUtils.java:logGet(44)) - raft.server.snapshot.retention.file.num = 5 (custom)
2021-12-08 13:31:39,855 [pool-139-thread-1] INFO  server.RaftServerConfigKeys (ConfUtils.java:logGet(44)) - raft.server.log.purge.upto.snapshot.index = false (default)
2021-12-08 13:31:39,855 [pool-139-thread-1] INFO  server.RaftServerConfigKeys (ConfUtils.java:logGet(44)) - raft.server.retrycache.expirytime = 600000ms (custom)
2021-12-08 13:31:39,855 [pool-139-thread-1] INFO  server.RaftServerConfigKeys (ConfUtils.java:logGet(44)) - raft.server.retrycache.statistics.expirytime = 100μs (default)
2021-12-08 13:31:39,856 [pool-139-thread-1] INFO  server.RaftServer$Division (RaftServerImpl.java:start(301)) - 99b82248-fa78-4a2f-9c0c-a895faee9290@group-C6C5AEA563D1: start as a follower, conf=-1: [8a8f2b09-e878-40c2-9c9f-30d928921f94|rpc:10.1.0.52:43169|dataStream:|priority:0, 99b82248-fa78-4a2f-9c0c-a895faee9290|rpc:10.1.0.52:40213|dataStream:|priority:0, ffce9616-478d-40f6-8b96-f3952fb64da5|rpc:10.1.0.52:43161|dataStream:|priority:1], old=null
2021-12-08 13:31:39,856 [pool-139-thread-1] INFO  server.RaftServer$Division (RaftServerImpl.java:setRole(290)) - 99b82248-fa78-4a2f-9c0c-a895faee9290@group-C6C5AEA563D1: changes role from      null to FOLLOWER at term 0 for startAsFollower
2021-12-08 13:31:39,856 [pool-139-thread-1] INFO  impl.RoleInfo (RoleInfo.java:updateAndGet(130)) - 99b82248-fa78-4a2f-9c0c-a895faee9290: start 99b82248-fa78-4a2f-9c0c-a895faee9290@group-C6C5AEA563D1-FollowerState
2021-12-08 13:31:39,861 [pool-139-thread-1] INFO  util.JmxRegister (JmxRegister.java:tryRegister(44)) - Successfully registered JMX Bean with object name Ratis:service=RaftServer,group=group-C6C5AEA563D1,id=99b82248-fa78-4a2f-9c0c-a895faee9290
2021-12-08 13:31:39,871 [Command processor thread] INFO  commandhandler.CreatePipelineCommandHandler (CreatePipelineCommandHandler.java:handle(106)) - Created Pipeline RATIS THREE PipelineID=0ce629aa-0e6a-4c3b-86ec-c6c5aea563d1.
2021-12-08 13:31:39,889 [Command processor thread] INFO  server.RaftServer (RaftServerProxy.java:addNew(95)) - 99b82248-fa78-4a2f-9c0c-a895faee9290: addNew group-7C3FAC2D08DB:[99b82248-fa78-4a2f-9c0c-a895faee9290|rpc:10.1.0.52:40213|priority:1] returns group-7C3FAC2D08DB:java.util.concurrent.CompletableFuture@7053e486[Not completed]
2021-12-08 13:31:39,890 [pool-139-thread-1] INFO  server.RaftServer$Division (RaftServerImpl.java:<init>(184)) - 99b82248-fa78-4a2f-9c0c-a895faee9290: new RaftServerImpl for group-7C3FAC2D08DB:[99b82248-fa78-4a2f-9c0c-a895faee9290|rpc:10.1.0.52:40213|priority:1] with ContainerStateMachine:uninitialized
2021-12-08 13:31:39,890 [pool-139-thread-1] INFO  server.RaftServerConfigKeys (ConfUtils.java:logGet(44)) - raft.server.rpc.timeout.min = 5s (custom)
2021-12-08 13:31:39,890 [pool-139-thread-1] INFO  server.RaftServerConfigKeys (ConfUtils.java:logGet(44)) - raft.server.rpc.timeout.max = 5200ms (custom)
2021-12-08 13:31:39,890 [pool-139-thread-1] INFO  server.RaftServerConfigKeys (ConfUtils.java:logGet(44)) - raft.server.rpc.sleep.time = 25ms (default)
2021-12-08 13:31:39,890 [pool-139-thread-1] INFO  server.RaftServerConfigKeys (ConfUtils.java:logGet(44)) - raft.server.rpc.slowness.timeout = 300000ms (custom)
2021-12-08 13:31:39,890 [pool-139-thread-1] INFO  server.RaftServerConfigKeys (ConfUtils.java:logGet(44)) - raft.server.leaderelection.leader.step-down.wait-time = 10s (default)
2021-12-08 13:31:39,890 [pool-139-thread-1] INFO  server.RaftServerConfigKeys (ConfUtils.java:logGet(44)) - raft.server.sleep.deviation.threshold = 300ms (default)
2021-12-08 13:31:39,890 [pool-139-thread-1] INFO  server.RaftServerConfigKeys (ConfUtils.java:logGet(44)) - raft.server.log.appender.install.snapshot.enabled = false (custom)
2021-12-08 13:31:39,890 [pool-139-thread-1] INFO  server.RaftServer$Division (ServerState.java:<init>(105)) - 99b82248-fa78-4a2f-9c0c-a895faee9290@group-7C3FAC2D08DB: ConfigurationManager, init=-1: [99b82248-fa78-4a2f-9c0c-a895faee9290|rpc:10.1.0.52:40213|priority:1], old=null, confs=<EMPTY_MAP>
2021-12-08 13:31:39,890 [pool-139-thread-1] INFO  server.RaftServerConfigKeys (ConfUtils.java:logGet(44)) - raft.server.storage.dir = [/home/runner/work/ozone/ozone/hadoop-ozone/integration-test/target/test-dir/MiniOzoneClusterImpl-c8c699bf-5dad-4457-9252-d1686169726e/datanode-4/data/ratis] (custom)
2021-12-08 13:31:39,890 [pool-139-thread-1] INFO  server.RaftServerConfigKeys (ConfUtils.java:logGet(44)) - raft.server.log.corruption.policy = EXCEPTION (default)
2021-12-08 13:31:39,890 [pool-139-thread-1] INFO  server.RaftServerConfigKeys (ConfUtils.java:logGet(44)) - raft.server.storage.free-space.min = 0MB (=0) (default)
2021-12-08 13:31:39,890 [pool-139-thread-1] INFO  storage.RaftStorageDirectory (RaftStorageDirectoryImpl.java:analyzeStorage(135)) - The storage directory /home/runner/work/ozone/ozone/hadoop-ozone/integration-test/target/test-dir/MiniOzoneClusterImpl-c8c699bf-5dad-4457-9252-d1686169726e/datanode-4/data/ratis/63e19dee-aa8e-4333-b67f-7c3fac2d08db does not exist. Creating ...
2021-12-08 13:31:39,891 [pool-139-thread-1] INFO  storage.RaftStorageDirectory (RaftStorageDirectoryImpl.java:tryLock(230)) - Lock on /home/runner/work/ozone/ozone/hadoop-ozone/integration-test/target/test-dir/MiniOzoneClusterImpl-c8c699bf-5dad-4457-9252-d1686169726e/datanode-4/data/ratis/63e19dee-aa8e-4333-b67f-7c3fac2d08db/in_use.lock acquired by nodename 25433@fv-az148-92
2021-12-08 13:31:39,893 [pool-139-thread-1] INFO  storage.RaftStorage (RaftStorageImpl.java:format(89)) - Storage directory /home/runner/work/ozone/ozone/hadoop-ozone/integration-test/target/test-dir/MiniOzoneClusterImpl-c8c699bf-5dad-4457-9252-d1686169726e/datanode-4/data/ratis/63e19dee-aa8e-4333-b67f-7c3fac2d08db has been successfully formatted.
2021-12-08 13:31:39,893 [pool-139-thread-1] INFO  ratis.ContainerStateMachine (ContainerStateMachine.java:loadSnapshot(231)) - group-7C3FAC2D08DB: The snapshot info is null. Setting the last applied indexto:(t:0, i:~)
2021-12-08 13:31:39,893 [pool-139-thread-1] INFO  server.RaftServerConfigKeys (ConfUtils.java:logGet(44)) - raft.server.notification.no-leader.timeout = 300000ms (custom)
2021-12-08 13:31:39,893 [pool-139-thread-1] INFO  server.RaftServerConfigKeys (ConfUtils.java:logGet(44)) - raft.server.log.use.memory = false (default)
2021-12-08 13:31:39,893 [pool-139-thread-1] INFO  server.RaftServerConfigKeys (ConfUtils.java:logGet(44)) - raft.server.log.purge.gap = 1000000 (custom)
2021-12-08 13:31:39,893 [pool-139-thread-1] INFO  server.RaftServerConfigKeys (ConfUtils.java:logGet(44)) - raft.server.log.appender.buffer.byte-limit = 33554432 (custom)
2021-12-08 13:31:39,894 [pool-139-thread-1] INFO  server.RaftServerConfigKeys (ConfUtils.java:logGet(44)) - raft.server.log.segment.size.max = 1048576 (custom)
2021-12-08 13:31:39,894 [pool-139-thread-1] INFO  server.RaftServerConfigKeys (ConfUtils.java:logGet(44)) - raft.server.log.segment.cache.num.max = 2 (custom)
2021-12-08 13:31:39,894 [EventQueue-PipelineReportForPipelineReportHandler] INFO  pipeline.PipelineManagerImpl (PipelineManagerImpl.java:openPipeline(291)) - Pipeline Pipeline[ Id: 63e19dee-aa8e-4333-b67f-7c3fac2d08db, Nodes: 99b82248-fa78-4a2f-9c0c-a895faee9290{ip: 10.1.0.52, host: fv-az148-92.bm4ck3pvxvsene1rjriu5fhcdb.bx.internal.cloudapp.net, ports: [REPLICATION=35283, RATIS=40213, RATIS_ADMIN=40213, RATIS_SERVER=40213, STANDALONE=36223], networkLocation: /default-rack, certSerialId: null, persistedOpState: IN_SERVICE, persistedOpStateExpiryEpochSec: 0}, ReplicationConfig: RATIS/ONE, State:ALLOCATED, leaderId:99b82248-fa78-4a2f-9c0c-a895faee9290, CreationTimestamp2021-12-08T13:31:36.898Z[Etc/UTC]] moved to OPEN state
2021-12-08 13:31:39,894 [pool-139-thread-1] INFO  server.RaftServerConfigKeys (ConfUtils.java:logGet(44)) - raft.server.log.segment.cache.size.max = 200MB (=209715200) (default)
2021-12-08 13:31:39,895 [pool-139-thread-1] INFO  segmented.SegmentedRaftLogWorker (SegmentedRaftLogWorker.java:<init>(182)) - new 99b82248-fa78-4a2f-9c0c-a895faee9290@group-7C3FAC2D08DB-SegmentedRaftLogWorker for RaftStorageImpl:Storage Directory /home/runner/work/ozone/ozone/hadoop-ozone/integration-test/target/test-dir/MiniOzoneClusterImpl-c8c699bf-5dad-4457-9252-d1686169726e/datanode-4/data/ratis/63e19dee-aa8e-4333-b67f-7c3fac2d08db
2021-12-08 13:31:39,895 [pool-139-thread-1] INFO  server.RaftServerConfigKeys (ConfUtils.java:logGet(44)) - raft.server.log.queue.byte-limit = 2147483647 (custom)
2021-12-08 13:31:39,895 [pool-139-thread-1] INFO  server.RaftServerConfigKeys (ConfUtils.java:logGet(44)) - raft.server.log.queue.element-limit = 1024 (custom)
2021-12-08 13:31:39,895 [EventQueue-OpenPipelineForHealthyPipelineSafeModeRule] INFO  safemode.SCMSafeModeManager (HealthyPipelineSafeModeRule.java:process(124)) - SCM in safe mode. Healthy pipelines reported count is 0, required healthy pipeline reported count is 1
2021-12-08 13:31:39,895 [pool-139-thread-1] INFO  server.RaftServerConfigKeys (ConfUtils.java:logGet(44)) - raft.server.log.segment.size.max = 1048576 (custom)
2021-12-08 13:31:39,897 [pool-139-thread-1] INFO  server.RaftServerConfigKeys (ConfUtils.java:logGet(44)) - raft.server.log.preallocated.size = 16384 (custom)
2021-12-08 13:31:39,897 [pool-139-thread-1] INFO  server.RaftServerConfigKeys (ConfUtils.java:logGet(44)) - raft.server.log.force.sync.num = 128 (default)
2021-12-08 13:31:39,897 [pool-139-thread-1] INFO  server.RaftServerConfigKeys (ConfUtils.java:logGet(44)) - raft.server.log.statemachine.data.sync = true (default)
2021-12-08 13:31:39,897 [pool-139-thread-1] INFO  server.RaftServerConfigKeys (ConfUtils.java:logGet(44)) - raft.server.log.statemachine.data.sync.timeout = 10s (default)
2021-12-08 13:31:39,897 [pool-139-thread-1] INFO  server.RaftServerConfigKeys (ConfUtils.java:logGet(44)) - raft.server.log.statemachine.data.sync.timeout.retry = -1 (default)
2021-12-08 13:31:39,898 [pool-139-thread-1] INFO  server.RaftServerConfigKeys (ConfUtils.java:logGet(44)) - raft.server.log.write.buffer.size = 1048576 (custom)
2021-12-08 13:31:39,898 [pool-139-thread-1] INFO  server.RaftServerConfigKeys (ConfUtils.java:logGet(44)) - raft.server.log.statemachine.data.caching.enabled = true (custom)
2021-12-08 13:31:39,898 [pool-139-thread-1] INFO  segmented.SegmentedRaftLogWorker (SegmentedRaftLogWorker.java:lambda$new$0(133)) - 99b82248-fa78-4a2f-9c0c-a895faee9290@group-7C3FAC2D08DB-SegmentedRaftLogWorker: flushIndex: setUnconditionally 0 -> -1
2021-12-08 13:31:39,898 [pool-139-thread-1] INFO  segmented.SegmentedRaftLogWorker (SegmentedRaftLogWorker.java:lambda$new$0(133)) - 99b82248-fa78-4a2f-9c0c-a895faee9290@group-7C3FAC2D08DB-SegmentedRaftLogWorker: safeCacheEvictIndex: setUnconditionally 0 -> -1
2021-12-08 13:31:39,898 [pool-139-thread-1] INFO  server.RaftServerConfigKeys (ConfUtils.java:logGet(44)) - raft.server.snapshot.auto.trigger.enabled = true (custom)
2021-12-08 13:31:39,899 [pool-139-thread-1] INFO  server.RaftServerConfigKeys (ConfUtils.java:logGet(44)) - raft.server.snapshot.auto.trigger.threshold = 1 (custom)
2021-12-08 13:31:39,899 [pool-139-thread-1] INFO  server.RaftServerConfigKeys (ConfUtils.java:logGet(44)) - raft.server.snapshot.retention.file.num = 5 (custom)
2021-12-08 13:31:39,899 [pool-139-thread-1] INFO  server.RaftServerConfigKeys (ConfUtils.java:logGet(44)) - raft.server.log.purge.upto.snapshot.index = false (default)
2021-12-08 13:31:39,899 [pool-139-thread-1] INFO  server.RaftServerConfigKeys (ConfUtils.java:logGet(44)) - raft.server.retrycache.expirytime = 600000ms (custom)
2021-12-08 13:31:39,899 [pool-139-thread-1] INFO  server.RaftServerConfigKeys (ConfUtils.java:logGet(44)) - raft.server.retrycache.statistics.expirytime = 100μs (default)
2021-12-08 13:31:39,905 [EventQueue-OpenPipelineForHealthyPipelineSafeModeRule] INFO  safemode.SCMSafeModeManager (HealthyPipelineSafeModeRule.java:process(124)) - SCM in safe mode. Healthy pipelines reported count is 0, required healthy pipeline reported count is 1
2021-12-08 13:31:39,907 [pool-139-thread-1] INFO  server.RaftServer$Division (RaftServerImpl.java:start(301)) - 99b82248-fa78-4a2f-9c0c-a895faee9290@group-7C3FAC2D08DB: start as a follower, conf=-1: [99b82248-fa78-4a2f-9c0c-a895faee9290|rpc:10.1.0.52:40213|priority:1], old=null
2021-12-08 13:31:39,907 [pool-139-thread-1] INFO  server.RaftServer$Division (RaftServerImpl.java:setRole(290)) - 99b82248-fa78-4a2f-9c0c-a895faee9290@group-7C3FAC2D08DB: changes role from      null to FOLLOWER at term 0 for startAsFollower
2021-12-08 13:31:39,907 [pool-139-thread-1] INFO  impl.RoleInfo (RoleInfo.java:updateAndGet(130)) - 99b82248-fa78-4a2f-9c0c-a895faee9290: start 99b82248-fa78-4a2f-9c0c-a895faee9290@group-7C3FAC2D08DB-FollowerState
2021-12-08 13:31:39,908 [pool-139-thread-1] INFO  util.JmxRegister (JmxRegister.java:tryRegister(44)) - Successfully registered JMX Bean with object name Ratis:service=RaftServer,group=group-7C3FAC2D08DB,id=99b82248-fa78-4a2f-9c0c-a895faee9290
2021-12-08 13:31:39,909 [Command processor thread] INFO  ratis.XceiverServerRatis (XceiverServerRatis.java:addGroup(768)) - Created group PipelineID=63e19dee-aa8e-4333-b67f-7c3fac2d08db
2021-12-08 13:31:39,909 [Command processor thread] INFO  commandhandler.CreatePipelineCommandHandler (CreatePipelineCommandHandler.java:handle(106)) - Created Pipeline RATIS ONE PipelineID=63e19dee-aa8e-4333-b67f-7c3fac2d08db.
2021-12-08 13:31:39,949 [EventQueue-OpenPipelineForHealthyPipelineSafeModeRule] INFO  safemode.SCMSafeModeManager (HealthyPipelineSafeModeRule.java:process(124)) - SCM in safe mode. Healthy pipelines reported count is 0, required healthy pipeline reported count is 1
2021-12-08 13:31:39,994 [EventQueue-OpenPipelineForHealthyPipelineSafeModeRule] INFO  safemode.SCMSafeModeManager (HealthyPipelineSafeModeRule.java:process(124)) - SCM in safe mode. Healthy pipelines reported count is 0, required healthy pipeline reported count is 1
2021-12-08 13:31:40,034 [EventQueue-OpenPipelineForHealthyPipelineSafeModeRule] INFO  safemode.SCMSafeModeManager (HealthyPipelineSafeModeRule.java:process(124)) - SCM in safe mode. Healthy pipelines reported count is 0, required healthy pipeline reported count is 1
2021-12-08 13:31:40,072 [Listener at 127.0.0.1/44261] INFO  ozone.MiniOzoneClusterImpl (MiniOzoneClusterImpl.java:lambda$waitForClusterToBeReady$0(235)) - Nodes are ready. Got 10 of 10 DN Heartbeats.
2021-12-08 13:31:40,072 [Listener at 127.0.0.1/44261] INFO  ozone.MiniOzoneClusterImpl (MiniOzoneClusterImpl.java:lambda$waitForClusterToBeReady$0(238)) - Waiting for cluster to exit safe mode
2021-12-08 13:31:40,073 [Listener at 127.0.0.1/44261] INFO  ozone.MiniOzoneClusterImpl (MiniOzoneClusterImpl.java:lambda$waitForClusterToBeReady$0(240)) - SCM became leader
2021-12-08 13:31:40,105 [EventQueue-OpenPipelineForHealthyPipelineSafeModeRule] INFO  safemode.SCMSafeModeManager (HealthyPipelineSafeModeRule.java:process(124)) - SCM in safe mode. Healthy pipelines reported count is 0, required healthy pipeline reported count is 1
2021-12-08 13:31:40,106 [Command processor thread] INFO  server.RaftServer (RaftServerProxy.java:addNew(95)) - ffce9616-478d-40f6-8b96-f3952fb64da5: addNew group-A951B741DF3D:[ffce9616-478d-40f6-8b96-f3952fb64da5|rpc:10.1.0.52:43161|priority:1] returns group-A951B741DF3D:java.util.concurrent.CompletableFuture@2e2813e0[Not completed]
2021-12-08 13:31:40,107 [pool-160-thread-1] INFO  server.RaftServer$Division (RaftServerImpl.java:<init>(184)) - ffce9616-478d-40f6-8b96-f3952fb64da5: new RaftServerImpl for group-A951B741DF3D:[ffce9616-478d-40f6-8b96-f3952fb64da5|rpc:10.1.0.52:43161|priority:1] with ContainerStateMachine:uninitialized
2021-12-08 13:31:40,107 [pool-160-thread-1] INFO  server.RaftServerConfigKeys (ConfUtils.java:logGet(44)) - raft.server.rpc.timeout.min = 5s (custom)
2021-12-08 13:31:40,107 [pool-160-thread-1] INFO  server.RaftServerConfigKeys (ConfUtils.java:logGet(44)) - raft.server.rpc.timeout.max = 5200ms (custom)
2021-12-08 13:31:40,107 [pool-160-thread-1] INFO  server.RaftServerConfigKeys (ConfUtils.java:logGet(44)) - raft.server.rpc.sleep.time = 25ms (default)
2021-12-08 13:31:40,107 [pool-160-thread-1] INFO  server.RaftServerConfigKeys (ConfUtils.java:logGet(44)) - raft.server.rpc.slowness.timeout = 300000ms (custom)
2021-12-08 13:31:40,107 [pool-160-thread-1] INFO  server.RaftServerConfigKeys (ConfUtils.java:logGet(44)) - raft.server.leaderelection.leader.step-down.wait-time = 10s (default)
2021-12-08 13:31:40,107 [pool-160-thread-1] INFO  server.RaftServerConfigKeys (ConfUtils.java:logGet(44)) - raft.server.sleep.deviation.threshold = 300ms (default)
2021-12-08 13:31:40,107 [pool-160-thread-1] INFO  server.RaftServerConfigKeys (ConfUtils.java:logGet(44)) - raft.server.log.appender.install.snapshot.enabled = false (custom)
2021-12-08 13:31:40,108 [pool-160-thread-1] INFO  server.RaftServer$Division (ServerState.java:<init>(105)) - ffce9616-478d-40f6-8b96-f3952fb64da5@group-A951B741DF3D: ConfigurationManager, init=-1: [ffce9616-478d-40f6-8b96-f3952fb64da5|rpc:10.1.0.52:43161|priority:1], old=null, confs=<EMPTY_MAP>
2021-12-08 13:31:40,108 [pool-160-thread-1] INFO  server.RaftServerConfigKeys (ConfUtils.java:logGet(44)) - raft.server.storage.dir = [/home/runner/work/ozone/ozone/hadoop-ozone/integration-test/target/test-dir/MiniOzoneClusterImpl-c8c699bf-5dad-4457-9252-d1686169726e/datanode-5/data/ratis] (custom)
2021-12-08 13:31:40,108 [pool-160-thread-1] INFO  server.RaftServerConfigKeys (ConfUtils.java:logGet(44)) - raft.server.log.corruption.policy = EXCEPTION (default)
2021-12-08 13:31:40,108 [pool-160-thread-1] INFO  server.RaftServerConfigKeys (ConfUtils.java:logGet(44)) - raft.server.storage.free-space.min = 0MB (=0) (default)
2021-12-08 13:31:40,108 [pool-160-thread-1] INFO  storage.RaftStorageDirectory (RaftStorageDirectoryImpl.java:analyzeStorage(135)) - The storage directory /home/runner/work/ozone/ozone/hadoop-ozone/integration-test/target/test-dir/MiniOzoneClusterImpl-c8c699bf-5dad-4457-9252-d1686169726e/datanode-5/data/ratis/6a6510fb-3fae-4d9a-8722-a951b741df3d does not exist. Creating ...
2021-12-08 13:31:40,109 [pool-160-thread-1] INFO  storage.RaftStorageDirectory (RaftStorageDirectoryImpl.java:tryLock(230)) - Lock on /home/runner/work/ozone/ozone/hadoop-ozone/integration-test/target/test-dir/MiniOzoneClusterImpl-c8c699bf-5dad-4457-9252-d1686169726e/datanode-5/data/ratis/6a6510fb-3fae-4d9a-8722-a951b741df3d/in_use.lock acquired by nodename 25433@fv-az148-92
2021-12-08 13:31:40,110 [pool-160-thread-1] INFO  storage.RaftStorage (RaftStorageImpl.java:format(89)) - Storage directory /home/runner/work/ozone/ozone/hadoop-ozone/integration-test/target/test-dir/MiniOzoneClusterImpl-c8c699bf-5dad-4457-9252-d1686169726e/datanode-5/data/ratis/6a6510fb-3fae-4d9a-8722-a951b741df3d has been successfully formatted.
2021-12-08 13:31:40,110 [pool-160-thread-1] INFO  ratis.ContainerStateMachine (ContainerStateMachine.java:loadSnapshot(231)) - group-A951B741DF3D: The snapshot info is null. Setting the last applied indexto:(t:0, i:~)
2021-12-08 13:31:40,110 [pool-160-thread-1] INFO  server.RaftServerConfigKeys (ConfUtils.java:logGet(44)) - raft.server.notification.no-leader.timeout = 300000ms (custom)
2021-12-08 13:31:40,111 [pool-160-thread-1] INFO  server.RaftServerConfigKeys (ConfUtils.java:logGet(44)) - raft.server.log.use.memory = false (default)
2021-12-08 13:31:40,111 [pool-160-thread-1] INFO  server.RaftServerConfigKeys (ConfUtils.java:logGet(44)) - raft.server.log.purge.gap = 1000000 (custom)
2021-12-08 13:31:40,111 [pool-160-thread-1] INFO  server.RaftServerConfigKeys (ConfUtils.java:logGet(44)) - raft.server.log.appender.buffer.byte-limit = 33554432 (custom)
2021-12-08 13:31:40,111 [pool-160-thread-1] INFO  server.RaftServerConfigKeys (ConfUtils.java:logGet(44)) - raft.server.log.segment.size.max = 1048576 (custom)
2021-12-08 13:31:40,111 [pool-160-thread-1] INFO  server.RaftServerConfigKeys (ConfUtils.java:logGet(44)) - raft.server.log.segment.cache.num.max = 2 (custom)
2021-12-08 13:31:40,111 [pool-160-thread-1] INFO  server.RaftServerConfigKeys (ConfUtils.java:logGet(44)) - raft.server.log.segment.cache.size.max = 200MB (=209715200) (default)
2021-12-08 13:31:40,111 [pool-160-thread-1] INFO  segmented.SegmentedRaftLogWorker (SegmentedRaftLogWorker.java:<init>(182)) - new ffce9616-478d-40f6-8b96-f3952fb64da5@group-A951B741DF3D-SegmentedRaftLogWorker for RaftStorageImpl:Storage Directory /home/runner/work/ozone/ozone/hadoop-ozone/integration-test/target/test-dir/MiniOzoneClusterImpl-c8c699bf-5dad-4457-9252-d1686169726e/datanode-5/data/ratis/6a6510fb-3fae-4d9a-8722-a951b741df3d
2021-12-08 13:31:40,112 [pool-160-thread-1] INFO  server.RaftServerConfigKeys (ConfUtils.java:logGet(44)) - raft.server.log.queue.byte-limit = 2147483647 (custom)
2021-12-08 13:31:40,112 [EventQueue-PipelineReportForPipelineReportHandler] INFO  pipeline.PipelineManagerImpl (PipelineManagerImpl.java:openPipeline(291)) - Pipeline Pipeline[ Id: 6a6510fb-3fae-4d9a-8722-a951b741df3d, Nodes: ffce9616-478d-40f6-8b96-f3952fb64da5{ip: 10.1.0.52, host: fv-az148-92.bm4ck3pvxvsene1rjriu5fhcdb.bx.internal.cloudapp.net, ports: [REPLICATION=36795, RATIS=43161, RATIS_ADMIN=43161, RATIS_SERVER=43161, STANDALONE=43295], networkLocation: /default-rack, certSerialId: null, persistedOpState: IN_SERVICE, persistedOpStateExpiryEpochSec: 0}, ReplicationConfig: RATIS/ONE, State:ALLOCATED, leaderId:ffce9616-478d-40f6-8b96-f3952fb64da5, CreationTimestamp2021-12-08T13:31:37.111Z[Etc/UTC]] moved to OPEN state
2021-12-08 13:31:40,112 [pool-160-thread-1] INFO  server.RaftServerConfigKeys (ConfUtils.java:logGet(44)) - raft.server.log.queue.element-limit = 1024 (custom)
2021-12-08 13:31:40,112 [pool-160-thread-1] INFO  server.RaftServerConfigKeys (ConfUtils.java:logGet(44)) - raft.server.log.segment.size.max = 1048576 (custom)
2021-12-08 13:31:40,112 [pool-160-thread-1] INFO  server.RaftServerConfigKeys (ConfUtils.java:logGet(44)) - raft.server.log.preallocated.size = 16384 (custom)
2021-12-08 13:31:40,112 [pool-160-thread-1] INFO  server.RaftServerConfigKeys (ConfUtils.java:logGet(44)) - raft.server.log.force.sync.num = 128 (default)
2021-12-08 13:31:40,112 [pool-160-thread-1] INFO  server.RaftServerConfigKeys (ConfUtils.java:logGet(44)) - raft.server.log.statemachine.data.sync = true (default)
2021-12-08 13:31:40,112 [pool-160-thread-1] INFO  server.RaftServerConfigKeys (ConfUtils.java:logGet(44)) - raft.server.log.statemachine.data.sync.timeout = 10s (default)
2021-12-08 13:31:40,112 [pool-160-thread-1] INFO  server.RaftServerConfigKeys (ConfUtils.java:logGet(44)) - raft.server.log.statemachine.data.sync.timeout.retry = -1 (default)
2021-12-08 13:31:40,112 [EventQueue-OpenPipelineForHealthyPipelineSafeModeRule] INFO  safemode.SCMSafeModeManager (HealthyPipelineSafeModeRule.java:process(124)) - SCM in safe mode. Healthy pipelines reported count is 0, required healthy pipeline reported count is 1
2021-12-08 13:31:40,114 [pool-160-thread-1] INFO  server.RaftServerConfigKeys (ConfUtils.java:logGet(44)) - raft.server.log.write.buffer.size = 1048576 (custom)
2021-12-08 13:31:40,115 [pool-160-thread-1] INFO  server.RaftServerConfigKeys (ConfUtils.java:logGet(44)) - raft.server.log.statemachine.data.caching.enabled = true (custom)
2021-12-08 13:31:40,115 [pool-160-thread-1] INFO  segmented.SegmentedRaftLogWorker (SegmentedRaftLogWorker.java:lambda$new$0(133)) - ffce9616-478d-40f6-8b96-f3952fb64da5@group-A951B741DF3D-SegmentedRaftLogWorker: flushIndex: setUnconditionally 0 -> -1
2021-12-08 13:31:40,116 [pool-160-thread-1] INFO  segmented.SegmentedRaftLogWorker (SegmentedRaftLogWorker.java:lambda$new$0(133)) - ffce9616-478d-40f6-8b96-f3952fb64da5@group-A951B741DF3D-SegmentedRaftLogWorker: safeCacheEvictIndex: setUnconditionally 0 -> -1
2021-12-08 13:31:40,116 [pool-160-thread-1] INFO  server.RaftServerConfigKeys (ConfUtils.java:logGet(44)) - raft.server.snapshot.auto.trigger.enabled = true (custom)
2021-12-08 13:31:40,116 [pool-160-thread-1] INFO  server.RaftServerConfigKeys (ConfUtils.java:logGet(44)) - raft.server.snapshot.auto.trigger.threshold = 1 (custom)
2021-12-08 13:31:40,116 [pool-160-thread-1] INFO  server.RaftServerConfigKeys (ConfUtils.java:logGet(44)) - raft.server.snapshot.retention.file.num = 5 (custom)
2021-12-08 13:31:40,116 [pool-160-thread-1] INFO  server.RaftServerConfigKeys (ConfUtils.java:logGet(44)) - raft.server.log.purge.upto.snapshot.index = false (default)
2021-12-08 13:31:40,116 [pool-160-thread-1] INFO  server.RaftServerConfigKeys (ConfUtils.java:logGet(44)) - raft.server.retrycache.expirytime = 600000ms (custom)
2021-12-08 13:31:40,116 [pool-160-thread-1] INFO  server.RaftServerConfigKeys (ConfUtils.java:logGet(44)) - raft.server.retrycache.statistics.expirytime = 100μs (default)
2021-12-08 13:31:40,118 [pool-160-thread-1] INFO  server.RaftServer$Division (RaftServerImpl.java:start(301)) - ffce9616-478d-40f6-8b96-f3952fb64da5@group-A951B741DF3D: start as a follower, conf=-1: [ffce9616-478d-40f6-8b96-f3952fb64da5|rpc:10.1.0.52:43161|priority:1], old=null
2021-12-08 13:31:40,118 [pool-160-thread-1] INFO  server.RaftServer$Division (RaftServerImpl.java:setRole(290)) - ffce9616-478d-40f6-8b96-f3952fb64da5@group-A951B741DF3D: changes role from      null to FOLLOWER at term 0 for startAsFollower
2021-12-08 13:31:40,118 [pool-160-thread-1] INFO  impl.RoleInfo (RoleInfo.java:updateAndGet(130)) - ffce9616-478d-40f6-8b96-f3952fb64da5: start ffce9616-478d-40f6-8b96-f3952fb64da5@group-A951B741DF3D-FollowerState
2021-12-08 13:31:40,118 [pool-160-thread-1] INFO  util.JmxRegister (JmxRegister.java:tryRegister(44)) - Successfully registered JMX Bean with object name Ratis:service=RaftServer,group=group-A951B741DF3D,id=ffce9616-478d-40f6-8b96-f3952fb64da5
2021-12-08 13:31:40,119 [Command processor thread] INFO  ratis.XceiverServerRatis (XceiverServerRatis.java:addGroup(768)) - Created group PipelineID=6a6510fb-3fae-4d9a-8722-a951b741df3d
2021-12-08 13:31:40,119 [Command processor thread] INFO  commandhandler.CreatePipelineCommandHandler (CreatePipelineCommandHandler.java:handle(106)) - Created Pipeline RATIS ONE PipelineID=6a6510fb-3fae-4d9a-8722-a951b741df3d.
2021-12-08 13:31:40,295 [EventQueue-OpenPipelineForHealthyPipelineSafeModeRule] INFO  safemode.SCMSafeModeManager (HealthyPipelineSafeModeRule.java:process(124)) - SCM in safe mode. Healthy pipelines reported count is 0, required healthy pipeline reported count is 1
2021-12-08 13:31:40,312 [EventQueue-OpenPipelineForHealthyPipelineSafeModeRule] INFO  safemode.SCMSafeModeManager (HealthyPipelineSafeModeRule.java:process(124)) - SCM in safe mode. Healthy pipelines reported count is 0, required healthy pipeline reported count is 1
2021-12-08 13:31:40,326 [Command processor thread] INFO  server.RaftServer (RaftServerProxy.java:addNew(95)) - a327871d-9199-4191-96af-772712e793af: addNew group-600D89ACF17F:[a327871d-9199-4191-96af-772712e793af|rpc:10.1.0.52:35965|priority:1] returns group-600D89ACF17F:java.util.concurrent.CompletableFuture@ac04ed0[Not completed]
2021-12-08 13:31:40,327 [pool-181-thread-1] INFO  server.RaftServer$Division (RaftServerImpl.java:<init>(184)) - a327871d-9199-4191-96af-772712e793af: new RaftServerImpl for group-600D89ACF17F:[a327871d-9199-4191-96af-772712e793af|rpc:10.1.0.52:35965|priority:1] with ContainerStateMachine:uninitialized
2021-12-08 13:31:40,327 [pool-181-thread-1] INFO  server.RaftServerConfigKeys (ConfUtils.java:logGet(44)) - raft.server.rpc.timeout.min = 5s (custom)
2021-12-08 13:31:40,327 [pool-181-thread-1] INFO  server.RaftServerConfigKeys (ConfUtils.java:logGet(44)) - raft.server.rpc.timeout.max = 5200ms (custom)
2021-12-08 13:31:40,327 [pool-181-thread-1] INFO  server.RaftServerConfigKeys (ConfUtils.java:logGet(44)) - raft.server.rpc.sleep.time = 25ms (default)
2021-12-08 13:31:40,327 [pool-181-thread-1] INFO  server.RaftServerConfigKeys (ConfUtils.java:logGet(44)) - raft.server.rpc.slowness.timeout = 300000ms (custom)
2021-12-08 13:31:40,327 [pool-181-thread-1] INFO  server.RaftServerConfigKeys (ConfUtils.java:logGet(44)) - raft.server.leaderelection.leader.step-down.wait-time = 10s (default)
2021-12-08 13:31:40,327 [pool-181-thread-1] INFO  server.RaftServerConfigKeys (ConfUtils.java:logGet(44)) - raft.server.sleep.deviation.threshold = 300ms (default)
2021-12-08 13:31:40,328 [pool-181-thread-1] INFO  server.RaftServerConfigKeys (ConfUtils.java:logGet(44)) - raft.server.log.appender.install.snapshot.enabled = false (custom)
2021-12-08 13:31:40,328 [pool-181-thread-1] INFO  server.RaftServer$Division (ServerState.java:<init>(105)) - a327871d-9199-4191-96af-772712e793af@group-600D89ACF17F: ConfigurationManager, init=-1: [a327871d-9199-4191-96af-772712e793af|rpc:10.1.0.52:35965|priority:1], old=null, confs=<EMPTY_MAP>
2021-12-08 13:31:40,328 [pool-181-thread-1] INFO  server.RaftServerConfigKeys (ConfUtils.java:logGet(44)) - raft.server.storage.dir = [/home/runner/work/ozone/ozone/hadoop-ozone/integration-test/target/test-dir/MiniOzoneClusterImpl-c8c699bf-5dad-4457-9252-d1686169726e/datanode-6/data/ratis] (custom)
2021-12-08 13:31:40,328 [pool-181-thread-1] INFO  server.RaftServerConfigKeys (ConfUtils.java:logGet(44)) - raft.server.log.corruption.policy = EXCEPTION (default)
2021-12-08 13:31:40,328 [pool-181-thread-1] INFO  server.RaftServerConfigKeys (ConfUtils.java:logGet(44)) - raft.server.storage.free-space.min = 0MB (=0) (default)
2021-12-08 13:31:40,328 [pool-181-thread-1] INFO  storage.RaftStorageDirectory (RaftStorageDirectoryImpl.java:analyzeStorage(135)) - The storage directory /home/runner/work/ozone/ozone/hadoop-ozone/integration-test/target/test-dir/MiniOzoneClusterImpl-c8c699bf-5dad-4457-9252-d1686169726e/datanode-6/data/ratis/d527efe4-7c9d-4519-82a3-600d89acf17f does not exist. Creating ...
2021-12-08 13:31:40,329 [pool-181-thread-1] INFO  storage.RaftStorageDirectory (RaftStorageDirectoryImpl.java:tryLock(230)) - Lock on /home/runner/work/ozone/ozone/hadoop-ozone/integration-test/target/test-dir/MiniOzoneClusterImpl-c8c699bf-5dad-4457-9252-d1686169726e/datanode-6/data/ratis/d527efe4-7c9d-4519-82a3-600d89acf17f/in_use.lock acquired by nodename 25433@fv-az148-92
2021-12-08 13:31:40,330 [pool-181-thread-1] INFO  storage.RaftStorage (RaftStorageImpl.java:format(89)) - Storage directory /home/runner/work/ozone/ozone/hadoop-ozone/integration-test/target/test-dir/MiniOzoneClusterImpl-c8c699bf-5dad-4457-9252-d1686169726e/datanode-6/data/ratis/d527efe4-7c9d-4519-82a3-600d89acf17f has been successfully formatted.
2021-12-08 13:31:40,332 [pool-181-thread-1] INFO  ratis.ContainerStateMachine (ContainerStateMachine.java:loadSnapshot(231)) - group-600D89ACF17F: The snapshot info is null. Setting the last applied indexto:(t:0, i:~)
2021-12-08 13:31:40,332 [pool-181-thread-1] INFO  server.RaftServerConfigKeys (ConfUtils.java:logGet(44)) - raft.server.notification.no-leader.timeout = 300000ms (custom)
2021-12-08 13:31:40,332 [pool-181-thread-1] INFO  server.RaftServerConfigKeys (ConfUtils.java:logGet(44)) - raft.server.log.use.memory = false (default)
2021-12-08 13:31:40,333 [EventQueue-PipelineReportForPipelineReportHandler] INFO  pipeline.PipelineManagerImpl (PipelineManagerImpl.java:openPipeline(291)) - Pipeline Pipeline[ Id: d527efe4-7c9d-4519-82a3-600d89acf17f, Nodes: a327871d-9199-4191-96af-772712e793af{ip: 10.1.0.52, host: fv-az148-92.bm4ck3pvxvsene1rjriu5fhcdb.bx.internal.cloudapp.net, ports: [REPLICATION=44517, RATIS=35965, RATIS_ADMIN=35965, RATIS_SERVER=35965, STANDALONE=37883], networkLocation: /default-rack, certSerialId: null, persistedOpState: IN_SERVICE, persistedOpStateExpiryEpochSec: 0}, ReplicationConfig: RATIS/ONE, State:ALLOCATED, leaderId:a327871d-9199-4191-96af-772712e793af, CreationTimestamp2021-12-08T13:31:37.331Z[Etc/UTC]] moved to OPEN state
2021-12-08 13:31:40,333 [EventQueue-OpenPipelineForHealthyPipelineSafeModeRule] INFO  safemode.SCMSafeModeManager (HealthyPipelineSafeModeRule.java:process(124)) - SCM in safe mode. Healthy pipelines reported count is 0, required healthy pipeline reported count is 1
2021-12-08 13:31:40,333 [pool-181-thread-1] INFO  server.RaftServerConfigKeys (ConfUtils.java:logGet(44)) - raft.server.log.purge.gap = 1000000 (custom)
2021-12-08 13:31:40,336 [pool-181-thread-1] INFO  server.RaftServerConfigKeys (ConfUtils.java:logGet(44)) - raft.server.log.appender.buffer.byte-limit = 33554432 (custom)
2021-12-08 13:31:40,338 [pool-181-thread-1] INFO  server.RaftServerConfigKeys (ConfUtils.java:logGet(44)) - raft.server.log.segment.size.max = 1048576 (custom)
2021-12-08 13:31:40,339 [pool-181-thread-1] INFO  server.RaftServerConfigKeys (ConfUtils.java:logGet(44)) - raft.server.log.segment.cache.num.max = 2 (custom)
2021-12-08 13:31:40,339 [pool-181-thread-1] INFO  server.RaftServerConfigKeys (ConfUtils.java:logGet(44)) - raft.server.log.segment.cache.size.max = 200MB (=209715200) (default)
2021-12-08 13:31:40,339 [pool-181-thread-1] INFO  segmented.SegmentedRaftLogWorker (SegmentedRaftLogWorker.java:<init>(182)) - new a327871d-9199-4191-96af-772712e793af@group-600D89ACF17F-SegmentedRaftLogWorker for RaftStorageImpl:Storage Directory /home/runner/work/ozone/ozone/hadoop-ozone/integration-test/target/test-dir/MiniOzoneClusterImpl-c8c699bf-5dad-4457-9252-d1686169726e/datanode-6/data/ratis/d527efe4-7c9d-4519-82a3-600d89acf17f
2021-12-08 13:31:40,339 [pool-181-thread-1] INFO  server.RaftServerConfigKeys (ConfUtils.java:logGet(44)) - raft.server.log.queue.byte-limit = 2147483647 (custom)
2021-12-08 13:31:40,339 [pool-181-thread-1] INFO  server.RaftServerConfigKeys (ConfUtils.java:logGet(44)) - raft.server.log.queue.element-limit = 1024 (custom)
2021-12-08 13:31:40,339 [pool-181-thread-1] INFO  server.RaftServerConfigKeys (ConfUtils.java:logGet(44)) - raft.server.log.segment.size.max = 1048576 (custom)
2021-12-08 13:31:40,339 [pool-181-thread-1] INFO  server.RaftServerConfigKeys (ConfUtils.java:logGet(44)) - raft.server.log.preallocated.size = 16384 (custom)
2021-12-08 13:31:40,339 [pool-181-thread-1] INFO  server.RaftServerConfigKeys (ConfUtils.java:logGet(44)) - raft.server.log.force.sync.num = 128 (default)
2021-12-08 13:31:40,339 [pool-181-thread-1] INFO  server.RaftServerConfigKeys (ConfUtils.java:logGet(44)) - raft.server.log.statemachine.data.sync = true (default)
2021-12-08 13:31:40,339 [pool-181-thread-1] INFO  server.RaftServerConfigKeys (ConfUtils.java:logGet(44)) - raft.server.log.statemachine.data.sync.timeout = 10s (default)
2021-12-08 13:31:40,339 [pool-181-thread-1] INFO  server.RaftServerConfigKeys (ConfUtils.java:logGet(44)) - raft.server.log.statemachine.data.sync.timeout.retry = -1 (default)
2021-12-08 13:31:40,340 [pool-181-thread-1] INFO  server.RaftServerConfigKeys (ConfUtils.java:logGet(44)) - raft.server.log.write.buffer.size = 1048576 (custom)
2021-12-08 13:31:40,341 [pool-181-thread-1] INFO  server.RaftServerConfigKeys (ConfUtils.java:logGet(44)) - raft.server.log.statemachine.data.caching.enabled = true (custom)
2021-12-08 13:31:40,341 [pool-181-thread-1] INFO  segmented.SegmentedRaftLogWorker (SegmentedRaftLogWorker.java:lambda$new$0(133)) - a327871d-9199-4191-96af-772712e793af@group-600D89ACF17F-SegmentedRaftLogWorker: flushIndex: setUnconditionally 0 -> -1
2021-12-08 13:31:40,341 [pool-181-thread-1] INFO  segmented.SegmentedRaftLogWorker (SegmentedRaftLogWorker.java:lambda$new$0(133)) - a327871d-9199-4191-96af-772712e793af@group-600D89ACF17F-SegmentedRaftLogWorker: safeCacheEvictIndex: setUnconditionally 0 -> -1
2021-12-08 13:31:40,342 [pool-181-thread-1] INFO  server.RaftServerConfigKeys (ConfUtils.java:logGet(44)) - raft.server.snapshot.auto.trigger.enabled = true (custom)
2021-12-08 13:31:40,342 [pool-181-thread-1] INFO  server.RaftServerConfigKeys (ConfUtils.java:logGet(44)) - raft.server.snapshot.auto.trigger.threshold = 1 (custom)
2021-12-08 13:31:40,342 [pool-181-thread-1] INFO  server.RaftServerConfigKeys (ConfUtils.java:logGet(44)) - raft.server.snapshot.retention.file.num = 5 (custom)
2021-12-08 13:31:40,342 [pool-181-thread-1] INFO  server.RaftServerConfigKeys (ConfUtils.java:logGet(44)) - raft.server.log.purge.upto.snapshot.index = false (default)
2021-12-08 13:31:40,342 [pool-181-thread-1] INFO  server.RaftServerConfigKeys (ConfUtils.java:logGet(44)) - raft.server.retrycache.expirytime = 600000ms (custom)
2021-12-08 13:31:40,342 [pool-181-thread-1] INFO  server.RaftServerConfigKeys (ConfUtils.java:logGet(44)) - raft.server.retrycache.statistics.expirytime = 100μs (default)
2021-12-08 13:31:40,343 [pool-181-thread-1] INFO  server.RaftServer$Division (RaftServerImpl.java:start(301)) - a327871d-9199-4191-96af-772712e793af@group-600D89ACF17F: start as a follower, conf=-1: [a327871d-9199-4191-96af-772712e793af|rpc:10.1.0.52:35965|priority:1], old=null
2021-12-08 13:31:40,343 [pool-181-thread-1] INFO  server.RaftServer$Division (RaftServerImpl.java:setRole(290)) - a327871d-9199-4191-96af-772712e793af@group-600D89ACF17F: changes role from      null to FOLLOWER at term 0 for startAsFollower
2021-12-08 13:31:40,343 [pool-181-thread-1] INFO  impl.RoleInfo (RoleInfo.java:updateAndGet(130)) - a327871d-9199-4191-96af-772712e793af: start a327871d-9199-4191-96af-772712e793af@group-600D89ACF17F-FollowerState
2021-12-08 13:31:40,351 [pool-181-thread-1] INFO  util.JmxRegister (JmxRegister.java:tryRegister(44)) - Successfully registered JMX Bean with object name Ratis:service=RaftServer,group=group-600D89ACF17F,id=a327871d-9199-4191-96af-772712e793af
2021-12-08 13:31:40,354 [EventQueue-OpenPipelineForHealthyPipelineSafeModeRule] INFO  safemode.SCMSafeModeManager (HealthyPipelineSafeModeRule.java:process(124)) - SCM in safe mode. Healthy pipelines reported count is 0, required healthy pipeline reported count is 1
2021-12-08 13:31:40,357 [Command processor thread] INFO  ratis.XceiverServerRatis (XceiverServerRatis.java:addGroup(768)) - Created group PipelineID=d527efe4-7c9d-4519-82a3-600d89acf17f
2021-12-08 13:31:40,357 [Command processor thread] INFO  commandhandler.CreatePipelineCommandHandler (CreatePipelineCommandHandler.java:handle(106)) - Created Pipeline RATIS ONE PipelineID=d527efe4-7c9d-4519-82a3-600d89acf17f.
2021-12-08 13:31:40,357 [Command processor thread] INFO  server.RaftServer (RaftServerProxy.java:addNew(95)) - a327871d-9199-4191-96af-772712e793af: addNew group-00D4D5FABF3F:[32c9ac61-cc75-4e2b-b1a7-531a6ab2a530|rpc:10.1.0.52:44349|priority:0, a327871d-9199-4191-96af-772712e793af|rpc:10.1.0.52:35965|priority:1, e036e529-a153-4e24-af0e-d2ae8a66431a|rpc:10.1.0.52:40929|priority:0] returns group-00D4D5FABF3F:java.util.concurrent.CompletableFuture@effdb50[Not completed]
2021-12-08 13:31:40,358 [pool-181-thread-1] INFO  server.RaftServer$Division (RaftServerImpl.java:<init>(184)) - a327871d-9199-4191-96af-772712e793af: new RaftServerImpl for group-00D4D5FABF3F:[32c9ac61-cc75-4e2b-b1a7-531a6ab2a530|rpc:10.1.0.52:44349|priority:0, a327871d-9199-4191-96af-772712e793af|rpc:10.1.0.52:35965|priority:1, e036e529-a153-4e24-af0e-d2ae8a66431a|rpc:10.1.0.52:40929|priority:0] with ContainerStateMachine:uninitialized
2021-12-08 13:31:40,358 [pool-181-thread-1] INFO  server.RaftServerConfigKeys (ConfUtils.java:logGet(44)) - raft.server.rpc.timeout.min = 5s (custom)
2021-12-08 13:31:40,358 [pool-181-thread-1] INFO  server.RaftServerConfigKeys (ConfUtils.java:logGet(44)) - raft.server.rpc.timeout.max = 5200ms (custom)
2021-12-08 13:31:40,359 [pool-181-thread-1] INFO  server.RaftServerConfigKeys (ConfUtils.java:logGet(44)) - raft.server.rpc.sleep.time = 25ms (default)
2021-12-08 13:31:40,359 [pool-181-thread-1] INFO  server.RaftServerConfigKeys (ConfUtils.java:logGet(44)) - raft.server.rpc.slowness.timeout = 300000ms (custom)
2021-12-08 13:31:40,359 [pool-181-thread-1] INFO  server.RaftServerConfigKeys (ConfUtils.java:logGet(44)) - raft.server.leaderelection.leader.step-down.wait-time = 10s (default)
2021-12-08 13:31:40,359 [pool-181-thread-1] INFO  server.RaftServerConfigKeys (ConfUtils.java:logGet(44)) - raft.server.sleep.deviation.threshold = 300ms (default)
2021-12-08 13:31:40,359 [pool-181-thread-1] INFO  server.RaftServerConfigKeys (ConfUtils.java:logGet(44)) - raft.server.log.appender.install.snapshot.enabled = false (custom)
2021-12-08 13:31:40,359 [pool-181-thread-1] INFO  server.RaftServer$Division (ServerState.java:<init>(105)) - a327871d-9199-4191-96af-772712e793af@group-00D4D5FABF3F: ConfigurationManager, init=-1: [32c9ac61-cc75-4e2b-b1a7-531a6ab2a530|rpc:10.1.0.52:44349|priority:0, a327871d-9199-4191-96af-772712e793af|rpc:10.1.0.52:35965|priority:1, e036e529-a153-4e24-af0e-d2ae8a66431a|rpc:10.1.0.52:40929|priority:0], old=null, confs=<EMPTY_MAP>
2021-12-08 13:31:40,359 [pool-181-thread-1] INFO  server.RaftServerConfigKeys (ConfUtils.java:logGet(44)) - raft.server.storage.dir = [/home/runner/work/ozone/ozone/hadoop-ozone/integration-test/target/test-dir/MiniOzoneClusterImpl-c8c699bf-5dad-4457-9252-d1686169726e/datanode-6/data/ratis] (custom)
2021-12-08 13:31:40,359 [pool-181-thread-1] INFO  server.RaftServerConfigKeys (ConfUtils.java:logGet(44)) - raft.server.log.corruption.policy = EXCEPTION (default)
2021-12-08 13:31:40,359 [pool-181-thread-1] INFO  server.RaftServerConfigKeys (ConfUtils.java:logGet(44)) - raft.server.storage.free-space.min = 0MB (=0) (default)
2021-12-08 13:31:40,359 [pool-181-thread-1] INFO  storage.RaftStorageDirectory (RaftStorageDirectoryImpl.java:analyzeStorage(135)) - The storage directory /home/runner/work/ozone/ozone/hadoop-ozone/integration-test/target/test-dir/MiniOzoneClusterImpl-c8c699bf-5dad-4457-9252-d1686169726e/datanode-6/data/ratis/37f15bbb-3e85-43b8-a469-00d4d5fabf3f does not exist. Creating ...
2021-12-08 13:31:40,364 [pool-181-thread-1] INFO  storage.RaftStorageDirectory (RaftStorageDirectoryImpl.java:tryLock(230)) - Lock on /home/runner/work/ozone/ozone/hadoop-ozone/integration-test/target/test-dir/MiniOzoneClusterImpl-c8c699bf-5dad-4457-9252-d1686169726e/datanode-6/data/ratis/37f15bbb-3e85-43b8-a469-00d4d5fabf3f/in_use.lock acquired by nodename 25433@fv-az148-92
2021-12-08 13:31:40,379 [pool-181-thread-1] INFO  storage.RaftStorage (RaftStorageImpl.java:format(89)) - Storage directory /home/runner/work/ozone/ozone/hadoop-ozone/integration-test/target/test-dir/MiniOzoneClusterImpl-c8c699bf-5dad-4457-9252-d1686169726e/datanode-6/data/ratis/37f15bbb-3e85-43b8-a469-00d4d5fabf3f has been successfully formatted.
2021-12-08 13:31:40,379 [pool-181-thread-1] INFO  ratis.ContainerStateMachine (ContainerStateMachine.java:loadSnapshot(231)) - group-00D4D5FABF3F: The snapshot info is null. Setting the last applied indexto:(t:0, i:~)
2021-12-08 13:31:40,380 [pool-181-thread-1] INFO  server.RaftServerConfigKeys (ConfUtils.java:logGet(44)) - raft.server.notification.no-leader.timeout = 300000ms (custom)
2021-12-08 13:31:40,380 [pool-181-thread-1] INFO  server.RaftServerConfigKeys (ConfUtils.java:logGet(44)) - raft.server.log.use.memory = false (default)
2021-12-08 13:31:40,380 [pool-181-thread-1] INFO  server.RaftServerConfigKeys (ConfUtils.java:logGet(44)) - raft.server.log.purge.gap = 1000000 (custom)
2021-12-08 13:31:40,380 [pool-181-thread-1] INFO  server.RaftServerConfigKeys (ConfUtils.java:logGet(44)) - raft.server.log.appender.buffer.byte-limit = 33554432 (custom)
2021-12-08 13:31:40,380 [pool-181-thread-1] INFO  server.RaftServerConfigKeys (ConfUtils.java:logGet(44)) - raft.server.log.segment.size.max = 1048576 (custom)
2021-12-08 13:31:40,380 [pool-181-thread-1] INFO  server.RaftServerConfigKeys (ConfUtils.java:logGet(44)) - raft.server.log.segment.cache.num.max = 2 (custom)
2021-12-08 13:31:40,380 [pool-181-thread-1] INFO  server.RaftServerConfigKeys (ConfUtils.java:logGet(44)) - raft.server.log.segment.cache.size.max = 200MB (=209715200) (default)
2021-12-08 13:31:40,381 [pool-181-thread-1] INFO  segmented.SegmentedRaftLogWorker (SegmentedRaftLogWorker.java:<init>(182)) - new a327871d-9199-4191-96af-772712e793af@group-00D4D5FABF3F-SegmentedRaftLogWorker for RaftStorageImpl:Storage Directory /home/runner/work/ozone/ozone/hadoop-ozone/integration-test/target/test-dir/MiniOzoneClusterImpl-c8c699bf-5dad-4457-9252-d1686169726e/datanode-6/data/ratis/37f15bbb-3e85-43b8-a469-00d4d5fabf3f
2021-12-08 13:31:40,381 [pool-181-thread-1] INFO  server.RaftServerConfigKeys (ConfUtils.java:logGet(44)) - raft.server.log.queue.byte-limit = 2147483647 (custom)
2021-12-08 13:31:40,381 [pool-181-thread-1] INFO  server.RaftServerConfigKeys (ConfUtils.java:logGet(44)) - raft.server.log.queue.element-limit = 1024 (custom)
2021-12-08 13:31:40,381 [pool-181-thread-1] INFO  server.RaftServerConfigKeys (ConfUtils.java:logGet(44)) - raft.server.log.segment.size.max = 1048576 (custom)
2021-12-08 13:31:40,381 [pool-181-thread-1] INFO  server.RaftServerConfigKeys (ConfUtils.java:logGet(44)) - raft.server.log.preallocated.size = 16384 (custom)
2021-12-08 13:31:40,381 [pool-181-thread-1] INFO  server.RaftServerConfigKeys (ConfUtils.java:logGet(44)) - raft.server.log.force.sync.num = 128 (default)
2021-12-08 13:31:40,381 [pool-181-thread-1] INFO  server.RaftServerConfigKeys (ConfUtils.java:logGet(44)) - raft.server.log.statemachine.data.sync = true (default)
2021-12-08 13:31:40,381 [pool-181-thread-1] INFO  server.RaftServerConfigKeys (ConfUtils.java:logGet(44)) - raft.server.log.statemachine.data.sync.timeout = 10s (default)
2021-12-08 13:31:40,381 [pool-181-thread-1] INFO  server.RaftServerConfigKeys (ConfUtils.java:logGet(44)) - raft.server.log.statemachine.data.sync.timeout.retry = -1 (default)
2021-12-08 13:31:40,382 [pool-181-thread-1] INFO  server.RaftServerConfigKeys (ConfUtils.java:logGet(44)) - raft.server.log.write.buffer.size = 1048576 (custom)
2021-12-08 13:31:40,383 [EventQueue-OpenPipelineForHealthyPipelineSafeModeRule] INFO  safemode.SCMSafeModeManager (HealthyPipelineSafeModeRule.java:process(124)) - SCM in safe mode. Healthy pipelines reported count is 0, required healthy pipeline reported count is 1
2021-12-08 13:31:40,383 [pool-181-thread-1] INFO  server.RaftServerConfigKeys (ConfUtils.java:logGet(44)) - raft.server.log.statemachine.data.caching.enabled = true (custom)
2021-12-08 13:31:40,383 [pool-181-thread-1] INFO  segmented.SegmentedRaftLogWorker (SegmentedRaftLogWorker.java:lambda$new$0(133)) - a327871d-9199-4191-96af-772712e793af@group-00D4D5FABF3F-SegmentedRaftLogWorker: flushIndex: setUnconditionally 0 -> -1
2021-12-08 13:31:40,384 [pool-181-thread-1] INFO  segmented.SegmentedRaftLogWorker (SegmentedRaftLogWorker.java:lambda$new$0(133)) - a327871d-9199-4191-96af-772712e793af@group-00D4D5FABF3F-SegmentedRaftLogWorker: safeCacheEvictIndex: setUnconditionally 0 -> -1
2021-12-08 13:31:40,384 [pool-181-thread-1] INFO  server.RaftServerConfigKeys (ConfUtils.java:logGet(44)) - raft.server.snapshot.auto.trigger.enabled = true (custom)
2021-12-08 13:31:40,384 [pool-181-thread-1] INFO  server.RaftServerConfigKeys (ConfUtils.java:logGet(44)) - raft.server.snapshot.auto.trigger.threshold = 1 (custom)
2021-12-08 13:31:40,384 [pool-181-thread-1] INFO  server.RaftServerConfigKeys (ConfUtils.java:logGet(44)) - raft.server.snapshot.retention.file.num = 5 (custom)
2021-12-08 13:31:40,384 [pool-181-thread-1] INFO  server.RaftServerConfigKeys (ConfUtils.java:logGet(44)) - raft.server.log.purge.upto.snapshot.index = false (default)
2021-12-08 13:31:40,384 [pool-181-thread-1] INFO  server.RaftServerConfigKeys (ConfUtils.java:logGet(44)) - raft.server.retrycache.expirytime = 600000ms (custom)
2021-12-08 13:31:40,384 [pool-181-thread-1] INFO  server.RaftServerConfigKeys (ConfUtils.java:logGet(44)) - raft.server.retrycache.statistics.expirytime = 100μs (default)
2021-12-08 13:31:40,385 [pool-181-thread-1] INFO  server.RaftServer$Division (RaftServerImpl.java:start(301)) - a327871d-9199-4191-96af-772712e793af@group-00D4D5FABF3F: start as a follower, conf=-1: [32c9ac61-cc75-4e2b-b1a7-531a6ab2a530|rpc:10.1.0.52:44349|priority:0, a327871d-9199-4191-96af-772712e793af|rpc:10.1.0.52:35965|priority:1, e036e529-a153-4e24-af0e-d2ae8a66431a|rpc:10.1.0.52:40929|priority:0], old=null
2021-12-08 13:31:40,385 [pool-181-thread-1] INFO  server.RaftServer$Division (RaftServerImpl.java:setRole(290)) - a327871d-9199-4191-96af-772712e793af@group-00D4D5FABF3F: changes role from      null to FOLLOWER at term 0 for startAsFollower
2021-12-08 13:31:40,385 [pool-181-thread-1] INFO  impl.RoleInfo (RoleInfo.java:updateAndGet(130)) - a327871d-9199-4191-96af-772712e793af: start a327871d-9199-4191-96af-772712e793af@group-00D4D5FABF3F-FollowerState
2021-12-08 13:31:40,386 [pool-181-thread-1] INFO  util.JmxRegister (JmxRegister.java:tryRegister(44)) - Successfully registered JMX Bean with object name Ratis:service=RaftServer,group=group-00D4D5FABF3F,id=a327871d-9199-4191-96af-772712e793af
2021-12-08 13:31:40,386 [Command processor thread] INFO  ratis.XceiverServerRatis (XceiverServerRatis.java:addGroup(768)) - Created group PipelineID=37f15bbb-3e85-43b8-a469-00d4d5fabf3f
2021-12-08 13:31:40,395 [EventQueue-OpenPipelineForHealthyPipelineSafeModeRule] INFO  safemode.SCMSafeModeManager (HealthyPipelineSafeModeRule.java:process(124)) - SCM in safe mode. Healthy pipelines reported count is 0, required healthy pipeline reported count is 1
2021-12-08 13:31:40,400 [grpc-default-executor-0] INFO  server.RaftServer (RaftServerProxy.java:addNew(95)) - e036e529-a153-4e24-af0e-d2ae8a66431a: addNew group-00D4D5FABF3F:[32c9ac61-cc75-4e2b-b1a7-531a6ab2a530|rpc:10.1.0.52:44349|dataStream:|priority:0, a327871d-9199-4191-96af-772712e793af|rpc:10.1.0.52:35965|dataStream:|priority:1, e036e529-a153-4e24-af0e-d2ae8a66431a|rpc:10.1.0.52:40929|dataStream:|priority:0] returns group-00D4D5FABF3F:java.util.concurrent.CompletableFuture@61307957[Not completed]
2021-12-08 13:31:40,406 [pool-223-thread-1] INFO  server.RaftServer$Division (RaftServerImpl.java:<init>(184)) - e036e529-a153-4e24-af0e-d2ae8a66431a: new RaftServerImpl for group-00D4D5FABF3F:[32c9ac61-cc75-4e2b-b1a7-531a6ab2a530|rpc:10.1.0.52:44349|dataStream:|priority:0, a327871d-9199-4191-96af-772712e793af|rpc:10.1.0.52:35965|dataStream:|priority:1, e036e529-a153-4e24-af0e-d2ae8a66431a|rpc:10.1.0.52:40929|dataStream:|priority:0] with ContainerStateMachine:uninitialized
2021-12-08 13:31:40,406 [pool-223-thread-1] INFO  server.RaftServerConfigKeys (ConfUtils.java:logGet(44)) - raft.server.rpc.timeout.min = 5s (custom)
2021-12-08 13:31:40,406 [pool-223-thread-1] INFO  server.RaftServerConfigKeys (ConfUtils.java:logGet(44)) - raft.server.rpc.timeout.max = 5200ms (custom)
2021-12-08 13:31:40,406 [pool-223-thread-1] INFO  server.RaftServerConfigKeys (ConfUtils.java:logGet(44)) - raft.server.rpc.sleep.time = 25ms (default)
2021-12-08 13:31:40,406 [pool-223-thread-1] INFO  server.RaftServerConfigKeys (ConfUtils.java:logGet(44)) - raft.server.rpc.slowness.timeout = 300000ms (custom)
2021-12-08 13:31:40,406 [pool-223-thread-1] INFO  server.RaftServerConfigKeys (ConfUtils.java:logGet(44)) - raft.server.leaderelection.leader.step-down.wait-time = 10s (default)
2021-12-08 13:31:40,406 [pool-223-thread-1] INFO  server.RaftServerConfigKeys (ConfUtils.java:logGet(44)) - raft.server.sleep.deviation.threshold = 300ms (default)
2021-12-08 13:31:40,406 [pool-223-thread-1] INFO  server.RaftServerConfigKeys (ConfUtils.java:logGet(44)) - raft.server.log.appender.install.snapshot.enabled = false (custom)
2021-12-08 13:31:40,406 [pool-223-thread-1] INFO  server.RaftServer$Division (ServerState.java:<init>(105)) - e036e529-a153-4e24-af0e-d2ae8a66431a@group-00D4D5FABF3F: ConfigurationManager, init=-1: [32c9ac61-cc75-4e2b-b1a7-531a6ab2a530|rpc:10.1.0.52:44349|dataStream:|priority:0, a327871d-9199-4191-96af-772712e793af|rpc:10.1.0.52:35965|dataStream:|priority:1, e036e529-a153-4e24-af0e-d2ae8a66431a|rpc:10.1.0.52:40929|dataStream:|priority:0], old=null, confs=<EMPTY_MAP>
2021-12-08 13:31:40,407 [pool-223-thread-1] INFO  server.RaftServerConfigKeys (ConfUtils.java:logGet(44)) - raft.server.storage.dir = [/home/runner/work/ozone/ozone/hadoop-ozone/integration-test/target/test-dir/MiniOzoneClusterImpl-c8c699bf-5dad-4457-9252-d1686169726e/datanode-8/data/ratis] (custom)
2021-12-08 13:31:40,407 [pool-223-thread-1] INFO  server.RaftServerConfigKeys (ConfUtils.java:logGet(44)) - raft.server.log.corruption.policy = EXCEPTION (default)
2021-12-08 13:31:40,407 [pool-223-thread-1] INFO  server.RaftServerConfigKeys (ConfUtils.java:logGet(44)) - raft.server.storage.free-space.min = 0MB (=0) (default)
2021-12-08 13:31:40,407 [pool-223-thread-1] INFO  storage.RaftStorageDirectory (RaftStorageDirectoryImpl.java:analyzeStorage(135)) - The storage directory /home/runner/work/ozone/ozone/hadoop-ozone/integration-test/target/test-dir/MiniOzoneClusterImpl-c8c699bf-5dad-4457-9252-d1686169726e/datanode-8/data/ratis/37f15bbb-3e85-43b8-a469-00d4d5fabf3f does not exist. Creating ...
2021-12-08 13:31:40,408 [pool-223-thread-1] INFO  storage.RaftStorageDirectory (RaftStorageDirectoryImpl.java:tryLock(230)) - Lock on /home/runner/work/ozone/ozone/hadoop-ozone/integration-test/target/test-dir/MiniOzoneClusterImpl-c8c699bf-5dad-4457-9252-d1686169726e/datanode-8/data/ratis/37f15bbb-3e85-43b8-a469-00d4d5fabf3f/in_use.lock acquired by nodename 25433@fv-az148-92
2021-12-08 13:31:40,409 [pool-223-thread-1] INFO  storage.RaftStorage (RaftStorageImpl.java:format(89)) - Storage directory /home/runner/work/ozone/ozone/hadoop-ozone/integration-test/target/test-dir/MiniOzoneClusterImpl-c8c699bf-5dad-4457-9252-d1686169726e/datanode-8/data/ratis/37f15bbb-3e85-43b8-a469-00d4d5fabf3f has been successfully formatted.
2021-12-08 13:31:40,410 [pool-223-thread-1] INFO  ratis.ContainerStateMachine (ContainerStateMachine.java:loadSnapshot(231)) - group-00D4D5FABF3F: The snapshot info is null. Setting the last applied indexto:(t:0, i:~)
2021-12-08 13:31:40,411 [pool-223-thread-1] INFO  server.RaftServerConfigKeys (ConfUtils.java:logGet(44)) - raft.server.notification.no-leader.timeout = 300000ms (custom)
2021-12-08 13:31:40,411 [pool-223-thread-1] INFO  server.RaftServerConfigKeys (ConfUtils.java:logGet(44)) - raft.server.log.use.memory = false (default)
2021-12-08 13:31:40,411 [pool-223-thread-1] INFO  server.RaftServerConfigKeys (ConfUtils.java:logGet(44)) - raft.server.log.purge.gap = 1000000 (custom)
2021-12-08 13:31:40,411 [pool-223-thread-1] INFO  server.RaftServerConfigKeys (ConfUtils.java:logGet(44)) - raft.server.log.appender.buffer.byte-limit = 33554432 (custom)
2021-12-08 13:31:40,411 [pool-223-thread-1] INFO  server.RaftServerConfigKeys (ConfUtils.java:logGet(44)) - raft.server.log.segment.size.max = 1048576 (custom)
2021-12-08 13:31:40,412 [pool-223-thread-1] INFO  server.RaftServerConfigKeys (ConfUtils.java:logGet(44)) - raft.server.log.segment.cache.num.max = 2 (custom)
2021-12-08 13:31:40,412 [pool-223-thread-1] INFO  server.RaftServerConfigKeys (ConfUtils.java:logGet(44)) - raft.server.log.segment.cache.size.max = 200MB (=209715200) (default)
2021-12-08 13:31:40,412 [pool-223-thread-1] INFO  segmented.SegmentedRaftLogWorker (SegmentedRaftLogWorker.java:<init>(182)) - new e036e529-a153-4e24-af0e-d2ae8a66431a@group-00D4D5FABF3F-SegmentedRaftLogWorker for RaftStorageImpl:Storage Directory /home/runner/work/ozone/ozone/hadoop-ozone/integration-test/target/test-dir/MiniOzoneClusterImpl-c8c699bf-5dad-4457-9252-d1686169726e/datanode-8/data/ratis/37f15bbb-3e85-43b8-a469-00d4d5fabf3f
2021-12-08 13:31:40,412 [pool-223-thread-1] INFO  server.RaftServerConfigKeys (ConfUtils.java:logGet(44)) - raft.server.log.queue.byte-limit = 2147483647 (custom)
2021-12-08 13:31:40,413 [pool-223-thread-1] INFO  server.RaftServerConfigKeys (ConfUtils.java:logGet(44)) - raft.server.log.queue.element-limit = 1024 (custom)
2021-12-08 13:31:40,413 [pool-223-thread-1] INFO  server.RaftServerConfigKeys (ConfUtils.java:logGet(44)) - raft.server.log.segment.size.max = 1048576 (custom)
2021-12-08 13:31:40,413 [pool-223-thread-1] INFO  server.RaftServerConfigKeys (ConfUtils.java:logGet(44)) - raft.server.log.preallocated.size = 16384 (custom)
2021-12-08 13:31:40,413 [pool-223-thread-1] INFO  server.RaftServerConfigKeys (ConfUtils.java:logGet(44)) - raft.server.log.force.sync.num = 128 (default)
2021-12-08 13:31:40,413 [pool-223-thread-1] INFO  server.RaftServerConfigKeys (ConfUtils.java:logGet(44)) - raft.server.log.statemachine.data.sync = true (default)
2021-12-08 13:31:40,413 [pool-223-thread-1] INFO  server.RaftServerConfigKeys (ConfUtils.java:logGet(44)) - raft.server.log.statemachine.data.sync.timeout = 10s (default)
2021-12-08 13:31:40,413 [pool-223-thread-1] INFO  server.RaftServerConfigKeys (ConfUtils.java:logGet(44)) - raft.server.log.statemachine.data.sync.timeout.retry = -1 (default)
2021-12-08 13:31:40,414 [pool-223-thread-1] INFO  server.RaftServerConfigKeys (ConfUtils.java:logGet(44)) - raft.server.log.write.buffer.size = 1048576 (custom)
2021-12-08 13:31:40,415 [pool-223-thread-1] INFO  server.RaftServerConfigKeys (ConfUtils.java:logGet(44)) - raft.server.log.statemachine.data.caching.enabled = true (custom)
2021-12-08 13:31:40,415 [pool-223-thread-1] INFO  segmented.SegmentedRaftLogWorker (SegmentedRaftLogWorker.java:lambda$new$0(133)) - e036e529-a153-4e24-af0e-d2ae8a66431a@group-00D4D5FABF3F-SegmentedRaftLogWorker: flushIndex: setUnconditionally 0 -> -1
2021-12-08 13:31:40,415 [pool-223-thread-1] INFO  segmented.SegmentedRaftLogWorker (SegmentedRaftLogWorker.java:lambda$new$0(133)) - e036e529-a153-4e24-af0e-d2ae8a66431a@group-00D4D5FABF3F-SegmentedRaftLogWorker: safeCacheEvictIndex: setUnconditionally 0 -> -1
2021-12-08 13:31:40,416 [pool-223-thread-1] INFO  server.RaftServerConfigKeys (ConfUtils.java:logGet(44)) - raft.server.snapshot.auto.trigger.enabled = true (custom)
2021-12-08 13:31:40,417 [pool-223-thread-1] INFO  server.RaftServerConfigKeys (ConfUtils.java:logGet(44)) - raft.server.snapshot.auto.trigger.threshold = 1 (custom)
2021-12-08 13:31:40,417 [pool-223-thread-1] INFO  server.RaftServerConfigKeys (ConfUtils.java:logGet(44)) - raft.server.snapshot.retention.file.num = 5 (custom)
2021-12-08 13:31:40,417 [pool-223-thread-1] INFO  server.RaftServerConfigKeys (ConfUtils.java:logGet(44)) - raft.server.log.purge.upto.snapshot.index = false (default)
2021-12-08 13:31:40,417 [pool-223-thread-1] INFO  server.RaftServerConfigKeys (ConfUtils.java:logGet(44)) - raft.server.retrycache.expirytime = 600000ms (custom)
2021-12-08 13:31:40,417 [pool-223-thread-1] INFO  server.RaftServerConfigKeys (ConfUtils.java:logGet(44)) - raft.server.retrycache.statistics.expirytime = 100μs (default)
2021-12-08 13:31:40,418 [pool-223-thread-1] INFO  server.RaftServer$Division (RaftServerImpl.java:start(301)) - e036e529-a153-4e24-af0e-d2ae8a66431a@group-00D4D5FABF3F: start as a follower, conf=-1: [32c9ac61-cc75-4e2b-b1a7-531a6ab2a530|rpc:10.1.0.52:44349|dataStream:|priority:0, a327871d-9199-4191-96af-772712e793af|rpc:10.1.0.52:35965|dataStream:|priority:1, e036e529-a153-4e24-af0e-d2ae8a66431a|rpc:10.1.0.52:40929|dataStream:|priority:0], old=null
2021-12-08 13:31:40,418 [pool-223-thread-1] INFO  server.RaftServer$Division (RaftServerImpl.java:setRole(290)) - e036e529-a153-4e24-af0e-d2ae8a66431a@group-00D4D5FABF3F: changes role from      null to FOLLOWER at term 0 for startAsFollower
2021-12-08 13:31:40,418 [pool-223-thread-1] INFO  impl.RoleInfo (RoleInfo.java:updateAndGet(130)) - e036e529-a153-4e24-af0e-d2ae8a66431a: start e036e529-a153-4e24-af0e-d2ae8a66431a@group-00D4D5FABF3F-FollowerState
2021-12-08 13:31:40,421 [pool-223-thread-1] INFO  util.JmxRegister (JmxRegister.java:tryRegister(44)) - Successfully registered JMX Bean with object name Ratis:service=RaftServer,group=group-00D4D5FABF3F,id=e036e529-a153-4e24-af0e-d2ae8a66431a
2021-12-08 13:31:40,433 [grpc-default-executor-0] INFO  server.RaftServer (RaftServerProxy.java:addNew(95)) - 32c9ac61-cc75-4e2b-b1a7-531a6ab2a530: addNew group-00D4D5FABF3F:[32c9ac61-cc75-4e2b-b1a7-531a6ab2a530|rpc:10.1.0.52:44349|dataStream:|priority:0, a327871d-9199-4191-96af-772712e793af|rpc:10.1.0.52:35965|dataStream:|priority:1, e036e529-a153-4e24-af0e-d2ae8a66431a|rpc:10.1.0.52:40929|dataStream:|priority:0] returns group-00D4D5FABF3F:java.util.concurrent.CompletableFuture@13b2488b[Not completed]
2021-12-08 13:31:40,434 [EventQueue-OpenPipelineForHealthyPipelineSafeModeRule] INFO  safemode.SCMSafeModeManager (HealthyPipelineSafeModeRule.java:process(124)) - SCM in safe mode. Healthy pipelines reported count is 0, required healthy pipeline reported count is 1
2021-12-08 13:31:40,436 [pool-202-thread-1] INFO  server.RaftServer$Division (RaftServerImpl.java:<init>(184)) - 32c9ac61-cc75-4e2b-b1a7-531a6ab2a530: new RaftServerImpl for group-00D4D5FABF3F:[32c9ac61-cc75-4e2b-b1a7-531a6ab2a530|rpc:10.1.0.52:44349|dataStream:|priority:0, a327871d-9199-4191-96af-772712e793af|rpc:10.1.0.52:35965|dataStream:|priority:1, e036e529-a153-4e24-af0e-d2ae8a66431a|rpc:10.1.0.52:40929|dataStream:|priority:0] with ContainerStateMachine:uninitialized
2021-12-08 13:31:40,436 [pool-202-thread-1] INFO  server.RaftServerConfigKeys (ConfUtils.java:logGet(44)) - raft.server.rpc.timeout.min = 5s (custom)
2021-12-08 13:31:40,437 [pool-202-thread-1] INFO  server.RaftServerConfigKeys (ConfUtils.java:logGet(44)) - raft.server.rpc.timeout.max = 5200ms (custom)
2021-12-08 13:31:40,437 [pool-202-thread-1] INFO  server.RaftServerConfigKeys (ConfUtils.java:logGet(44)) - raft.server.rpc.sleep.time = 25ms (default)
2021-12-08 13:31:40,437 [pool-202-thread-1] INFO  server.RaftServerConfigKeys (ConfUtils.java:logGet(44)) - raft.server.rpc.slowness.timeout = 300000ms (custom)
2021-12-08 13:31:40,437 [pool-202-thread-1] INFO  server.RaftServerConfigKeys (ConfUtils.java:logGet(44)) - raft.server.leaderelection.leader.step-down.wait-time = 10s (default)
2021-12-08 13:31:40,437 [pool-202-thread-1] INFO  server.RaftServerConfigKeys (ConfUtils.java:logGet(44)) - raft.server.sleep.deviation.threshold = 300ms (default)
2021-12-08 13:31:40,438 [pool-202-thread-1] INFO  server.RaftServerConfigKeys (ConfUtils.java:logGet(44)) - raft.server.log.appender.install.snapshot.enabled = false (custom)
2021-12-08 13:31:40,438 [pool-202-thread-1] INFO  server.RaftServer$Division (ServerState.java:<init>(105)) - 32c9ac61-cc75-4e2b-b1a7-531a6ab2a530@group-00D4D5FABF3F: ConfigurationManager, init=-1: [32c9ac61-cc75-4e2b-b1a7-531a6ab2a530|rpc:10.1.0.52:44349|dataStream:|priority:0, a327871d-9199-4191-96af-772712e793af|rpc:10.1.0.52:35965|dataStream:|priority:1, e036e529-a153-4e24-af0e-d2ae8a66431a|rpc:10.1.0.52:40929|dataStream:|priority:0], old=null, confs=<EMPTY_MAP>
2021-12-08 13:31:40,438 [pool-202-thread-1] INFO  server.RaftServerConfigKeys (ConfUtils.java:logGet(44)) - raft.server.storage.dir = [/home/runner/work/ozone/ozone/hadoop-ozone/integration-test/target/test-dir/MiniOzoneClusterImpl-c8c699bf-5dad-4457-9252-d1686169726e/datanode-7/data/ratis] (custom)
2021-12-08 13:31:40,438 [pool-202-thread-1] INFO  server.RaftServerConfigKeys (ConfUtils.java:logGet(44)) - raft.server.log.corruption.policy = EXCEPTION (default)
2021-12-08 13:31:40,438 [pool-202-thread-1] INFO  server.RaftServerConfigKeys (ConfUtils.java:logGet(44)) - raft.server.storage.free-space.min = 0MB (=0) (default)
2021-12-08 13:31:40,438 [pool-202-thread-1] INFO  storage.RaftStorageDirectory (RaftStorageDirectoryImpl.java:analyzeStorage(135)) - The storage directory /home/runner/work/ozone/ozone/hadoop-ozone/integration-test/target/test-dir/MiniOzoneClusterImpl-c8c699bf-5dad-4457-9252-d1686169726e/datanode-7/data/ratis/37f15bbb-3e85-43b8-a469-00d4d5fabf3f does not exist. Creating ...
2021-12-08 13:31:40,439 [pool-202-thread-1] INFO  storage.RaftStorageDirectory (RaftStorageDirectoryImpl.java:tryLock(230)) - Lock on /home/runner/work/ozone/ozone/hadoop-ozone/integration-test/target/test-dir/MiniOzoneClusterImpl-c8c699bf-5dad-4457-9252-d1686169726e/datanode-7/data/ratis/37f15bbb-3e85-43b8-a469-00d4d5fabf3f/in_use.lock acquired by nodename 25433@fv-az148-92
2021-12-08 13:31:40,440 [pool-202-thread-1] INFO  storage.RaftStorage (RaftStorageImpl.java:format(89)) - Storage directory /home/runner/work/ozone/ozone/hadoop-ozone/integration-test/target/test-dir/MiniOzoneClusterImpl-c8c699bf-5dad-4457-9252-d1686169726e/datanode-7/data/ratis/37f15bbb-3e85-43b8-a469-00d4d5fabf3f has been successfully formatted.
2021-12-08 13:31:40,441 [pool-202-thread-1] INFO  ratis.ContainerStateMachine (ContainerStateMachine.java:loadSnapshot(231)) - group-00D4D5FABF3F: The snapshot info is null. Setting the last applied indexto:(t:0, i:~)
2021-12-08 13:31:40,442 [pool-202-thread-1] INFO  server.RaftServerConfigKeys (ConfUtils.java:logGet(44)) - raft.server.notification.no-leader.timeout = 300000ms (custom)
2021-12-08 13:31:40,442 [pool-202-thread-1] INFO  server.RaftServerConfigKeys (ConfUtils.java:logGet(44)) - raft.server.log.use.memory = false (default)
2021-12-08 13:31:40,446 [pool-202-thread-1] INFO  server.RaftServerConfigKeys (ConfUtils.java:logGet(44)) - raft.server.log.purge.gap = 1000000 (custom)
2021-12-08 13:31:40,446 [pool-202-thread-1] INFO  server.RaftServerConfigKeys (ConfUtils.java:logGet(44)) - raft.server.log.appender.buffer.byte-limit = 33554432 (custom)
2021-12-08 13:31:40,446 [pool-202-thread-1] INFO  server.RaftServerConfigKeys (ConfUtils.java:logGet(44)) - raft.server.log.segment.size.max = 1048576 (custom)
2021-12-08 13:31:40,447 [pool-202-thread-1] INFO  server.RaftServerConfigKeys (ConfUtils.java:logGet(44)) - raft.server.log.segment.cache.num.max = 2 (custom)
2021-12-08 13:31:40,448 [pool-202-thread-1] INFO  server.RaftServerConfigKeys (ConfUtils.java:logGet(44)) - raft.server.log.segment.cache.size.max = 200MB (=209715200) (default)
2021-12-08 13:31:40,448 [pool-202-thread-1] INFO  segmented.SegmentedRaftLogWorker (SegmentedRaftLogWorker.java:<init>(182)) - new 32c9ac61-cc75-4e2b-b1a7-531a6ab2a530@group-00D4D5FABF3F-SegmentedRaftLogWorker for RaftStorageImpl:Storage Directory /home/runner/work/ozone/ozone/hadoop-ozone/integration-test/target/test-dir/MiniOzoneClusterImpl-c8c699bf-5dad-4457-9252-d1686169726e/datanode-7/data/ratis/37f15bbb-3e85-43b8-a469-00d4d5fabf3f
2021-12-08 13:31:40,448 [pool-202-thread-1] INFO  server.RaftServerConfigKeys (ConfUtils.java:logGet(44)) - raft.server.log.queue.byte-limit = 2147483647 (custom)
2021-12-08 13:31:40,448 [pool-202-thread-1] INFO  server.RaftServerConfigKeys (ConfUtils.java:logGet(44)) - raft.server.log.queue.element-limit = 1024 (custom)
2021-12-08 13:31:40,448 [pool-202-thread-1] INFO  server.RaftServerConfigKeys (ConfUtils.java:logGet(44)) - raft.server.log.segment.size.max = 1048576 (custom)
2021-12-08 13:31:40,448 [pool-202-thread-1] INFO  server.RaftServerConfigKeys (ConfUtils.java:logGet(44)) - raft.server.log.preallocated.size = 16384 (custom)
2021-12-08 13:31:40,448 [pool-202-thread-1] INFO  server.RaftServerConfigKeys (ConfUtils.java:logGet(44)) - raft.server.log.force.sync.num = 128 (default)
2021-12-08 13:31:40,448 [pool-202-thread-1] INFO  server.RaftServerConfigKeys (ConfUtils.java:logGet(44)) - raft.server.log.statemachine.data.sync = true (default)
2021-12-08 13:31:40,448 [pool-202-thread-1] INFO  server.RaftServerConfigKeys (ConfUtils.java:logGet(44)) - raft.server.log.statemachine.data.sync.timeout = 10s (default)
2021-12-08 13:31:40,450 [pool-202-thread-1] INFO  server.RaftServerConfigKeys (ConfUtils.java:logGet(44)) - raft.server.log.statemachine.data.sync.timeout.retry = -1 (default)
2021-12-08 13:31:40,451 [pool-202-thread-1] INFO  server.RaftServerConfigKeys (ConfUtils.java:logGet(44)) - raft.server.log.write.buffer.size = 1048576 (custom)
2021-12-08 13:31:40,452 [pool-202-thread-1] INFO  server.RaftServerConfigKeys (ConfUtils.java:logGet(44)) - raft.server.log.statemachine.data.caching.enabled = true (custom)
2021-12-08 13:31:40,452 [pool-202-thread-1] INFO  segmented.SegmentedRaftLogWorker (SegmentedRaftLogWorker.java:lambda$new$0(133)) - 32c9ac61-cc75-4e2b-b1a7-531a6ab2a530@group-00D4D5FABF3F-SegmentedRaftLogWorker: flushIndex: setUnconditionally 0 -> -1
2021-12-08 13:31:40,452 [pool-202-thread-1] INFO  segmented.SegmentedRaftLogWorker (SegmentedRaftLogWorker.java:lambda$new$0(133)) - 32c9ac61-cc75-4e2b-b1a7-531a6ab2a530@group-00D4D5FABF3F-SegmentedRaftLogWorker: safeCacheEvictIndex: setUnconditionally 0 -> -1
2021-12-08 13:31:40,452 [pool-202-thread-1] INFO  server.RaftServerConfigKeys (ConfUtils.java:logGet(44)) - raft.server.snapshot.auto.trigger.enabled = true (custom)
2021-12-08 13:31:40,452 [pool-202-thread-1] INFO  server.RaftServerConfigKeys (ConfUtils.java:logGet(44)) - raft.server.snapshot.auto.trigger.threshold = 1 (custom)
2021-12-08 13:31:40,452 [pool-202-thread-1] INFO  server.RaftServerConfigKeys (ConfUtils.java:logGet(44)) - raft.server.snapshot.retention.file.num = 5 (custom)
2021-12-08 13:31:40,452 [pool-202-thread-1] INFO  server.RaftServerConfigKeys (ConfUtils.java:logGet(44)) - raft.server.log.purge.upto.snapshot.index = false (default)
2021-12-08 13:31:40,453 [pool-202-thread-1] INFO  server.RaftServerConfigKeys (ConfUtils.java:logGet(44)) - raft.server.retrycache.expirytime = 600000ms (custom)
2021-12-08 13:31:40,453 [pool-202-thread-1] INFO  server.RaftServerConfigKeys (ConfUtils.java:logGet(44)) - raft.server.retrycache.statistics.expirytime = 100μs (default)
2021-12-08 13:31:40,454 [pool-202-thread-1] INFO  server.RaftServer$Division (RaftServerImpl.java:start(301)) - 32c9ac61-cc75-4e2b-b1a7-531a6ab2a530@group-00D4D5FABF3F: start as a follower, conf=-1: [32c9ac61-cc75-4e2b-b1a7-531a6ab2a530|rpc:10.1.0.52:44349|dataStream:|priority:0, a327871d-9199-4191-96af-772712e793af|rpc:10.1.0.52:35965|dataStream:|priority:1, e036e529-a153-4e24-af0e-d2ae8a66431a|rpc:10.1.0.52:40929|dataStream:|priority:0], old=null
2021-12-08 13:31:40,454 [pool-202-thread-1] INFO  server.RaftServer$Division (RaftServerImpl.java:setRole(290)) - 32c9ac61-cc75-4e2b-b1a7-531a6ab2a530@group-00D4D5FABF3F: changes role from      null to FOLLOWER at term 0 for startAsFollower
2021-12-08 13:31:40,454 [pool-202-thread-1] INFO  impl.RoleInfo (RoleInfo.java:updateAndGet(130)) - 32c9ac61-cc75-4e2b-b1a7-531a6ab2a530: start 32c9ac61-cc75-4e2b-b1a7-531a6ab2a530@group-00D4D5FABF3F-FollowerState
2021-12-08 13:31:40,454 [pool-202-thread-1] INFO  util.JmxRegister (JmxRegister.java:tryRegister(44)) - Successfully registered JMX Bean with object name Ratis:service=RaftServer,group=group-00D4D5FABF3F,id=32c9ac61-cc75-4e2b-b1a7-531a6ab2a530
2021-12-08 13:31:40,467 [Command processor thread] INFO  commandhandler.CreatePipelineCommandHandler (CreatePipelineCommandHandler.java:handle(106)) - Created Pipeline RATIS THREE PipelineID=37f15bbb-3e85-43b8-a469-00d4d5fabf3f.
2021-12-08 13:31:40,467 [Command processor thread] INFO  server.RaftServer (RaftServerProxy.java:addNew(95)) - a327871d-9199-4191-96af-772712e793af: addNew group-7120419540A8:[32c9ac61-cc75-4e2b-b1a7-531a6ab2a530|rpc:10.1.0.52:44349|priority:0, a327871d-9199-4191-96af-772712e793af|rpc:10.1.0.52:35965|priority:0, e036e529-a153-4e24-af0e-d2ae8a66431a|rpc:10.1.0.52:40929|priority:1] returns group-7120419540A8:java.util.concurrent.CompletableFuture@3f184994[Not completed]
2021-12-08 13:31:40,468 [pool-181-thread-1] INFO  server.RaftServer$Division (RaftServerImpl.java:<init>(184)) - a327871d-9199-4191-96af-772712e793af: new RaftServerImpl for group-7120419540A8:[32c9ac61-cc75-4e2b-b1a7-531a6ab2a530|rpc:10.1.0.52:44349|priority:0, a327871d-9199-4191-96af-772712e793af|rpc:10.1.0.52:35965|priority:0, e036e529-a153-4e24-af0e-d2ae8a66431a|rpc:10.1.0.52:40929|priority:1] with ContainerStateMachine:uninitialized
2021-12-08 13:31:40,468 [pool-181-thread-1] INFO  server.RaftServerConfigKeys (ConfUtils.java:logGet(44)) - raft.server.rpc.timeout.min = 5s (custom)
2021-12-08 13:31:40,469 [pool-181-thread-1] INFO  server.RaftServerConfigKeys (ConfUtils.java:logGet(44)) - raft.server.rpc.timeout.max = 5200ms (custom)
2021-12-08 13:31:40,469 [pool-181-thread-1] INFO  server.RaftServerConfigKeys (ConfUtils.java:logGet(44)) - raft.server.rpc.sleep.time = 25ms (default)
2021-12-08 13:31:40,469 [pool-181-thread-1] INFO  server.RaftServerConfigKeys (ConfUtils.java:logGet(44)) - raft.server.rpc.slowness.timeout = 300000ms (custom)
2021-12-08 13:31:40,469 [pool-181-thread-1] INFO  server.RaftServerConfigKeys (ConfUtils.java:logGet(44)) - raft.server.leaderelection.leader.step-down.wait-time = 10s (default)
2021-12-08 13:31:40,469 [pool-181-thread-1] INFO  server.RaftServerConfigKeys (ConfUtils.java:logGet(44)) - raft.server.sleep.deviation.threshold = 300ms (default)
2021-12-08 13:31:40,469 [pool-181-thread-1] INFO  server.RaftServerConfigKeys (ConfUtils.java:logGet(44)) - raft.server.log.appender.install.snapshot.enabled = false (custom)
2021-12-08 13:31:40,469 [pool-181-thread-1] INFO  server.RaftServer$Division (ServerState.java:<init>(105)) - a327871d-9199-4191-96af-772712e793af@group-7120419540A8: ConfigurationManager, init=-1: [32c9ac61-cc75-4e2b-b1a7-531a6ab2a530|rpc:10.1.0.52:44349|priority:0, a327871d-9199-4191-96af-772712e793af|rpc:10.1.0.52:35965|priority:0, e036e529-a153-4e24-af0e-d2ae8a66431a|rpc:10.1.0.52:40929|priority:1], old=null, confs=<EMPTY_MAP>
2021-12-08 13:31:40,469 [pool-181-thread-1] INFO  server.RaftServerConfigKeys (ConfUtils.java:logGet(44)) - raft.server.storage.dir = [/home/runner/work/ozone/ozone/hadoop-ozone/integration-test/target/test-dir/MiniOzoneClusterImpl-c8c699bf-5dad-4457-9252-d1686169726e/datanode-6/data/ratis] (custom)
2021-12-08 13:31:40,469 [pool-181-thread-1] INFO  server.RaftServerConfigKeys (ConfUtils.java:logGet(44)) - raft.server.log.corruption.policy = EXCEPTION (default)
2021-12-08 13:31:40,469 [pool-181-thread-1] INFO  server.RaftServerConfigKeys (ConfUtils.java:logGet(44)) - raft.server.storage.free-space.min = 0MB (=0) (default)
2021-12-08 13:31:40,469 [pool-181-thread-1] INFO  storage.RaftStorageDirectory (RaftStorageDirectoryImpl.java:analyzeStorage(135)) - The storage directory /home/runner/work/ozone/ozone/hadoop-ozone/integration-test/target/test-dir/MiniOzoneClusterImpl-c8c699bf-5dad-4457-9252-d1686169726e/datanode-6/data/ratis/319fb04f-0dd0-4d0a-9961-7120419540a8 does not exist. Creating ...
2021-12-08 13:31:40,470 [pool-181-thread-1] INFO  storage.RaftStorageDirectory (RaftStorageDirectoryImpl.java:tryLock(230)) - Lock on /home/runner/work/ozone/ozone/hadoop-ozone/integration-test/target/test-dir/MiniOzoneClusterImpl-c8c699bf-5dad-4457-9252-d1686169726e/datanode-6/data/ratis/319fb04f-0dd0-4d0a-9961-7120419540a8/in_use.lock acquired by nodename 25433@fv-az148-92
2021-12-08 13:31:40,471 [pool-181-thread-1] INFO  storage.RaftStorage (RaftStorageImpl.java:format(89)) - Storage directory /home/runner/work/ozone/ozone/hadoop-ozone/integration-test/target/test-dir/MiniOzoneClusterImpl-c8c699bf-5dad-4457-9252-d1686169726e/datanode-6/data/ratis/319fb04f-0dd0-4d0a-9961-7120419540a8 has been successfully formatted.
2021-12-08 13:31:40,472 [pool-181-thread-1] INFO  ratis.ContainerStateMachine (ContainerStateMachine.java:loadSnapshot(231)) - group-7120419540A8: The snapshot info is null. Setting the last applied indexto:(t:0, i:~)
2021-12-08 13:31:40,472 [pool-181-thread-1] INFO  server.RaftServerConfigKeys (ConfUtils.java:logGet(44)) - raft.server.notification.no-leader.timeout = 300000ms (custom)
2021-12-08 13:31:40,472 [pool-181-thread-1] INFO  server.RaftServerConfigKeys (ConfUtils.java:logGet(44)) - raft.server.log.use.memory = false (default)
2021-12-08 13:31:40,472 [pool-181-thread-1] INFO  server.RaftServerConfigKeys (ConfUtils.java:logGet(44)) - raft.server.log.purge.gap = 1000000 (custom)
2021-12-08 13:31:40,472 [pool-181-thread-1] INFO  server.RaftServerConfigKeys (ConfUtils.java:logGet(44)) - raft.server.log.appender.buffer.byte-limit = 33554432 (custom)
2021-12-08 13:31:40,472 [pool-181-thread-1] INFO  server.RaftServerConfigKeys (ConfUtils.java:logGet(44)) - raft.server.log.segment.size.max = 1048576 (custom)
2021-12-08 13:31:40,473 [pool-181-thread-1] INFO  server.RaftServerConfigKeys (ConfUtils.java:logGet(44)) - raft.server.log.segment.cache.num.max = 2 (custom)
2021-12-08 13:31:40,473 [pool-181-thread-1] INFO  server.RaftServerConfigKeys (ConfUtils.java:logGet(44)) - raft.server.log.segment.cache.size.max = 200MB (=209715200) (default)
2021-12-08 13:31:40,473 [pool-181-thread-1] INFO  segmented.SegmentedRaftLogWorker (SegmentedRaftLogWorker.java:<init>(182)) - new a327871d-9199-4191-96af-772712e793af@group-7120419540A8-SegmentedRaftLogWorker for RaftStorageImpl:Storage Directory /home/runner/work/ozone/ozone/hadoop-ozone/integration-test/target/test-dir/MiniOzoneClusterImpl-c8c699bf-5dad-4457-9252-d1686169726e/datanode-6/data/ratis/319fb04f-0dd0-4d0a-9961-7120419540a8
2021-12-08 13:31:40,473 [pool-181-thread-1] INFO  server.RaftServerConfigKeys (ConfUtils.java:logGet(44)) - raft.server.log.queue.byte-limit = 2147483647 (custom)
2021-12-08 13:31:40,473 [pool-181-thread-1] INFO  server.RaftServerConfigKeys (ConfUtils.java:logGet(44)) - raft.server.log.queue.element-limit = 1024 (custom)
2021-12-08 13:31:40,474 [pool-181-thread-1] INFO  server.RaftServerConfigKeys (ConfUtils.java:logGet(44)) - raft.server.log.segment.size.max = 1048576 (custom)
2021-12-08 13:31:40,474 [pool-181-thread-1] INFO  server.RaftServerConfigKeys (ConfUtils.java:logGet(44)) - raft.server.log.preallocated.size = 16384 (custom)
2021-12-08 13:31:40,474 [pool-181-thread-1] INFO  server.RaftServerConfigKeys (ConfUtils.java:logGet(44)) - raft.server.log.force.sync.num = 128 (default)
2021-12-08 13:31:40,474 [pool-181-thread-1] INFO  server.RaftServerConfigKeys (ConfUtils.java:logGet(44)) - raft.server.log.statemachine.data.sync = true (default)
2021-12-08 13:31:40,474 [pool-181-thread-1] INFO  server.RaftServerConfigKeys (ConfUtils.java:logGet(44)) - raft.server.log.statemachine.data.sync.timeout = 10s (default)
2021-12-08 13:31:40,474 [EventQueue-OpenPipelineForHealthyPipelineSafeModeRule] INFO  safemode.SCMSafeModeManager (HealthyPipelineSafeModeRule.java:process(124)) - SCM in safe mode. Healthy pipelines reported count is 0, required healthy pipeline reported count is 1
2021-12-08 13:31:40,474 [pool-181-thread-1] INFO  server.RaftServerConfigKeys (ConfUtils.java:logGet(44)) - raft.server.log.statemachine.data.sync.timeout.retry = -1 (default)
2021-12-08 13:31:40,478 [pool-181-thread-1] INFO  server.RaftServerConfigKeys (ConfUtils.java:logGet(44)) - raft.server.log.write.buffer.size = 1048576 (custom)
2021-12-08 13:31:40,479 [pool-181-thread-1] INFO  server.RaftServerConfigKeys (ConfUtils.java:logGet(44)) - raft.server.log.statemachine.data.caching.enabled = true (custom)
2021-12-08 13:31:40,479 [pool-181-thread-1] INFO  segmented.SegmentedRaftLogWorker (SegmentedRaftLogWorker.java:lambda$new$0(133)) - a327871d-9199-4191-96af-772712e793af@group-7120419540A8-SegmentedRaftLogWorker: flushIndex: setUnconditionally 0 -> -1
2021-12-08 13:31:40,479 [pool-181-thread-1] INFO  segmented.SegmentedRaftLogWorker (SegmentedRaftLogWorker.java:lambda$new$0(133)) - a327871d-9199-4191-96af-772712e793af@group-7120419540A8-SegmentedRaftLogWorker: safeCacheEvictIndex: setUnconditionally 0 -> -1
2021-12-08 13:31:40,485 [pool-181-thread-1] INFO  server.RaftServerConfigKeys (ConfUtils.java:logGet(44)) - raft.server.snapshot.auto.trigger.enabled = true (custom)
2021-12-08 13:31:40,485 [pool-181-thread-1] INFO  server.RaftServerConfigKeys (ConfUtils.java:logGet(44)) - raft.server.snapshot.auto.trigger.threshold = 1 (custom)
2021-12-08 13:31:40,485 [pool-181-thread-1] INFO  server.RaftServerConfigKeys (ConfUtils.java:logGet(44)) - raft.server.snapshot.retention.file.num = 5 (custom)
2021-12-08 13:31:40,485 [pool-181-thread-1] INFO  server.RaftServerConfigKeys (ConfUtils.java:logGet(44)) - raft.server.log.purge.upto.snapshot.index = false (default)
2021-12-08 13:31:40,485 [pool-181-thread-1] INFO  server.RaftServerConfigKeys (ConfUtils.java:logGet(44)) - raft.server.retrycache.expirytime = 600000ms (custom)
2021-12-08 13:31:40,485 [pool-181-thread-1] INFO  server.RaftServerConfigKeys (ConfUtils.java:logGet(44)) - raft.server.retrycache.statistics.expirytime = 100μs (default)
2021-12-08 13:31:40,486 [pool-181-thread-1] INFO  server.RaftServer$Division (RaftServerImpl.java:start(301)) - a327871d-9199-4191-96af-772712e793af@group-7120419540A8: start as a follower, conf=-1: [32c9ac61-cc75-4e2b-b1a7-531a6ab2a530|rpc:10.1.0.52:44349|priority:0, a327871d-9199-4191-96af-772712e793af|rpc:10.1.0.52:35965|priority:0, e036e529-a153-4e24-af0e-d2ae8a66431a|rpc:10.1.0.52:40929|priority:1], old=null
2021-12-08 13:31:40,486 [pool-181-thread-1] INFO  server.RaftServer$Division (RaftServerImpl.java:setRole(290)) - a327871d-9199-4191-96af-772712e793af@group-7120419540A8: changes role from      null to FOLLOWER at term 0 for startAsFollower
2021-12-08 13:31:40,486 [pool-181-thread-1] INFO  impl.RoleInfo (RoleInfo.java:updateAndGet(130)) - a327871d-9199-4191-96af-772712e793af: start a327871d-9199-4191-96af-772712e793af@group-7120419540A8-FollowerState
2021-12-08 13:31:40,489 [pool-181-thread-1] INFO  util.JmxRegister (JmxRegister.java:tryRegister(44)) - Successfully registered JMX Bean with object name Ratis:service=RaftServer,group=group-7120419540A8,id=a327871d-9199-4191-96af-772712e793af
2021-12-08 13:31:40,490 [Command processor thread] INFO  ratis.XceiverServerRatis (XceiverServerRatis.java:addGroup(768)) - Created group PipelineID=319fb04f-0dd0-4d0a-9961-7120419540a8
2021-12-08 13:31:40,498 [EventQueue-OpenPipelineForHealthyPipelineSafeModeRule] INFO  safemode.SCMSafeModeManager (HealthyPipelineSafeModeRule.java:process(124)) - SCM in safe mode. Healthy pipelines reported count is 0, required healthy pipeline reported count is 1
2021-12-08 13:31:40,499 [grpc-default-executor-0] INFO  server.RaftServer (RaftServerProxy.java:addNew(95)) - e036e529-a153-4e24-af0e-d2ae8a66431a: addNew group-7120419540A8:[32c9ac61-cc75-4e2b-b1a7-531a6ab2a530|rpc:10.1.0.52:44349|dataStream:|priority:0, a327871d-9199-4191-96af-772712e793af|rpc:10.1.0.52:35965|dataStream:|priority:0, e036e529-a153-4e24-af0e-d2ae8a66431a|rpc:10.1.0.52:40929|dataStream:|priority:1] returns group-7120419540A8:java.util.concurrent.CompletableFuture@7f11eef0[Not completed]
2021-12-08 13:31:40,500 [pool-223-thread-1] INFO  server.RaftServer$Division (RaftServerImpl.java:<init>(184)) - e036e529-a153-4e24-af0e-d2ae8a66431a: new RaftServerImpl for group-7120419540A8:[32c9ac61-cc75-4e2b-b1a7-531a6ab2a530|rpc:10.1.0.52:44349|dataStream:|priority:0, a327871d-9199-4191-96af-772712e793af|rpc:10.1.0.52:35965|dataStream:|priority:0, e036e529-a153-4e24-af0e-d2ae8a66431a|rpc:10.1.0.52:40929|dataStream:|priority:1] with ContainerStateMachine:uninitialized
2021-12-08 13:31:40,500 [pool-223-thread-1] INFO  server.RaftServerConfigKeys (ConfUtils.java:logGet(44)) - raft.server.rpc.timeout.min = 5s (custom)
2021-12-08 13:31:40,500 [pool-223-thread-1] INFO  server.RaftServerConfigKeys (ConfUtils.java:logGet(44)) - raft.server.rpc.timeout.max = 5200ms (custom)
2021-12-08 13:31:40,500 [pool-223-thread-1] INFO  server.RaftServerConfigKeys (ConfUtils.java:logGet(44)) - raft.server.rpc.sleep.time = 25ms (default)
2021-12-08 13:31:40,500 [pool-223-thread-1] INFO  server.RaftServerConfigKeys (ConfUtils.java:logGet(44)) - raft.server.rpc.slowness.timeout = 300000ms (custom)
2021-12-08 13:31:40,500 [pool-223-thread-1] INFO  server.RaftServerConfigKeys (ConfUtils.java:logGet(44)) - raft.server.leaderelection.leader.step-down.wait-time = 10s (default)
2021-12-08 13:31:40,500 [pool-223-thread-1] INFO  server.RaftServerConfigKeys (ConfUtils.java:logGet(44)) - raft.server.sleep.deviation.threshold = 300ms (default)
2021-12-08 13:31:40,500 [pool-223-thread-1] INFO  server.RaftServerConfigKeys (ConfUtils.java:logGet(44)) - raft.server.log.appender.install.snapshot.enabled = false (custom)
2021-12-08 13:31:40,500 [pool-223-thread-1] INFO  server.RaftServer$Division (ServerState.java:<init>(105)) - e036e529-a153-4e24-af0e-d2ae8a66431a@group-7120419540A8: ConfigurationManager, init=-1: [32c9ac61-cc75-4e2b-b1a7-531a6ab2a530|rpc:10.1.0.52:44349|dataStream:|priority:0, a327871d-9199-4191-96af-772712e793af|rpc:10.1.0.52:35965|dataStream:|priority:0, e036e529-a153-4e24-af0e-d2ae8a66431a|rpc:10.1.0.52:40929|dataStream:|priority:1], old=null, confs=<EMPTY_MAP>
2021-12-08 13:31:40,500 [pool-223-thread-1] INFO  server.RaftServerConfigKeys (ConfUtils.java:logGet(44)) - raft.server.storage.dir = [/home/runner/work/ozone/ozone/hadoop-ozone/integration-test/target/test-dir/MiniOzoneClusterImpl-c8c699bf-5dad-4457-9252-d1686169726e/datanode-8/data/ratis] (custom)
2021-12-08 13:31:40,500 [pool-223-thread-1] INFO  server.RaftServerConfigKeys (ConfUtils.java:logGet(44)) - raft.server.log.corruption.policy = EXCEPTION (default)
2021-12-08 13:31:40,501 [pool-223-thread-1] INFO  server.RaftServerConfigKeys (ConfUtils.java:logGet(44)) - raft.server.storage.free-space.min = 0MB (=0) (default)
2021-12-08 13:31:40,501 [pool-223-thread-1] INFO  storage.RaftStorageDirectory (RaftStorageDirectoryImpl.java:analyzeStorage(135)) - The storage directory /home/runner/work/ozone/ozone/hadoop-ozone/integration-test/target/test-dir/MiniOzoneClusterImpl-c8c699bf-5dad-4457-9252-d1686169726e/datanode-8/data/ratis/319fb04f-0dd0-4d0a-9961-7120419540a8 does not exist. Creating ...
2021-12-08 13:31:40,502 [pool-223-thread-1] INFO  storage.RaftStorageDirectory (RaftStorageDirectoryImpl.java:tryLock(230)) - Lock on /home/runner/work/ozone/ozone/hadoop-ozone/integration-test/target/test-dir/MiniOzoneClusterImpl-c8c699bf-5dad-4457-9252-d1686169726e/datanode-8/data/ratis/319fb04f-0dd0-4d0a-9961-7120419540a8/in_use.lock acquired by nodename 25433@fv-az148-92
2021-12-08 13:31:40,503 [pool-223-thread-1] INFO  storage.RaftStorage (RaftStorageImpl.java:format(89)) - Storage directory /home/runner/work/ozone/ozone/hadoop-ozone/integration-test/target/test-dir/MiniOzoneClusterImpl-c8c699bf-5dad-4457-9252-d1686169726e/datanode-8/data/ratis/319fb04f-0dd0-4d0a-9961-7120419540a8 has been successfully formatted.
2021-12-08 13:31:40,503 [pool-223-thread-1] INFO  ratis.ContainerStateMachine (ContainerStateMachine.java:loadSnapshot(231)) - group-7120419540A8: The snapshot info is null. Setting the last applied indexto:(t:0, i:~)
2021-12-08 13:31:40,504 [pool-223-thread-1] INFO  server.RaftServerConfigKeys (ConfUtils.java:logGet(44)) - raft.server.notification.no-leader.timeout = 300000ms (custom)
2021-12-08 13:31:40,505 [pool-223-thread-1] INFO  server.RaftServerConfigKeys (ConfUtils.java:logGet(44)) - raft.server.log.use.memory = false (default)
2021-12-08 13:31:40,505 [pool-223-thread-1] INFO  server.RaftServerConfigKeys (ConfUtils.java:logGet(44)) - raft.server.log.purge.gap = 1000000 (custom)
2021-12-08 13:31:40,505 [pool-223-thread-1] INFO  server.RaftServerConfigKeys (ConfUtils.java:logGet(44)) - raft.server.log.appender.buffer.byte-limit = 33554432 (custom)
2021-12-08 13:31:40,505 [pool-223-thread-1] INFO  server.RaftServerConfigKeys (ConfUtils.java:logGet(44)) - raft.server.log.segment.size.max = 1048576 (custom)
2021-12-08 13:31:40,505 [EventQueue-OpenPipelineForHealthyPipelineSafeModeRule] INFO  safemode.SCMSafeModeManager (HealthyPipelineSafeModeRule.java:process(124)) - SCM in safe mode. Healthy pipelines reported count is 0, required healthy pipeline reported count is 1
2021-12-08 13:31:40,506 [pool-223-thread-1] INFO  server.RaftServerConfigKeys (ConfUtils.java:logGet(44)) - raft.server.log.segment.cache.num.max = 2 (custom)
2021-12-08 13:31:40,506 [pool-223-thread-1] INFO  server.RaftServerConfigKeys (ConfUtils.java:logGet(44)) - raft.server.log.segment.cache.size.max = 200MB (=209715200) (default)
2021-12-08 13:31:40,506 [pool-223-thread-1] INFO  segmented.SegmentedRaftLogWorker (SegmentedRaftLogWorker.java:<init>(182)) - new e036e529-a153-4e24-af0e-d2ae8a66431a@group-7120419540A8-SegmentedRaftLogWorker for RaftStorageImpl:Storage Directory /home/runner/work/ozone/ozone/hadoop-ozone/integration-test/target/test-dir/MiniOzoneClusterImpl-c8c699bf-5dad-4457-9252-d1686169726e/datanode-8/data/ratis/319fb04f-0dd0-4d0a-9961-7120419540a8
2021-12-08 13:31:40,506 [pool-223-thread-1] INFO  server.RaftServerConfigKeys (ConfUtils.java:logGet(44)) - raft.server.log.queue.byte-limit = 2147483647 (custom)
2021-12-08 13:31:40,506 [pool-223-thread-1] INFO  server.RaftServerConfigKeys (ConfUtils.java:logGet(44)) - raft.server.log.queue.element-limit = 1024 (custom)
2021-12-08 13:31:40,506 [pool-223-thread-1] INFO  server.RaftServerConfigKeys (ConfUtils.java:logGet(44)) - raft.server.log.segment.size.max = 1048576 (custom)
2021-12-08 13:31:40,506 [pool-223-thread-1] INFO  server.RaftServerConfigKeys (ConfUtils.java:logGet(44)) - raft.server.log.preallocated.size = 16384 (custom)
2021-12-08 13:31:40,506 [pool-223-thread-1] INFO  server.RaftServerConfigKeys (ConfUtils.java:logGet(44)) - raft.server.log.force.sync.num = 128 (default)
2021-12-08 13:31:40,506 [pool-223-thread-1] INFO  server.RaftServerConfigKeys (ConfUtils.java:logGet(44)) - raft.server.log.statemachine.data.sync = true (default)
2021-12-08 13:31:40,506 [pool-223-thread-1] INFO  server.RaftServerConfigKeys (ConfUtils.java:logGet(44)) - raft.server.log.statemachine.data.sync.timeout = 10s (default)
2021-12-08 13:31:40,506 [pool-223-thread-1] INFO  server.RaftServerConfigKeys (ConfUtils.java:logGet(44)) - raft.server.log.statemachine.data.sync.timeout.retry = -1 (default)
2021-12-08 13:31:40,507 [pool-223-thread-1] INFO  server.RaftServerConfigKeys (ConfUtils.java:logGet(44)) - raft.server.log.write.buffer.size = 1048576 (custom)
2021-12-08 13:31:40,508 [pool-223-thread-1] INFO  server.RaftServerConfigKeys (ConfUtils.java:logGet(44)) - raft.server.log.statemachine.data.caching.enabled = true (custom)
2021-12-08 13:31:40,508 [pool-223-thread-1] INFO  segmented.SegmentedRaftLogWorker (SegmentedRaftLogWorker.java:lambda$new$0(133)) - e036e529-a153-4e24-af0e-d2ae8a66431a@group-7120419540A8-SegmentedRaftLogWorker: flushIndex: setUnconditionally 0 -> -1
2021-12-08 13:31:40,508 [pool-223-thread-1] INFO  segmented.SegmentedRaftLogWorker (SegmentedRaftLogWorker.java:lambda$new$0(133)) - e036e529-a153-4e24-af0e-d2ae8a66431a@group-7120419540A8-SegmentedRaftLogWorker: safeCacheEvictIndex: setUnconditionally 0 -> -1
2021-12-08 13:31:40,514 [pool-223-thread-1] INFO  server.RaftServerConfigKeys (ConfUtils.java:logGet(44)) - raft.server.snapshot.auto.trigger.enabled = true (custom)
2021-12-08 13:31:40,514 [pool-223-thread-1] INFO  server.RaftServerConfigKeys (ConfUtils.java:logGet(44)) - raft.server.snapshot.auto.trigger.threshold = 1 (custom)
2021-12-08 13:31:40,514 [pool-223-thread-1] INFO  server.RaftServerConfigKeys (ConfUtils.java:logGet(44)) - raft.server.snapshot.retention.file.num = 5 (custom)
2021-12-08 13:31:40,514 [pool-223-thread-1] INFO  server.RaftServerConfigKeys (ConfUtils.java:logGet(44)) - raft.server.log.purge.upto.snapshot.index = false (default)
2021-12-08 13:31:40,514 [pool-223-thread-1] INFO  server.RaftServerConfigKeys (ConfUtils.java:logGet(44)) - raft.server.retrycache.expirytime = 600000ms (custom)
2021-12-08 13:31:40,514 [pool-223-thread-1] INFO  server.RaftServerConfigKeys (ConfUtils.java:logGet(44)) - raft.server.retrycache.statistics.expirytime = 100μs (default)
2021-12-08 13:31:40,515 [pool-223-thread-1] INFO  server.RaftServer$Division (RaftServerImpl.java:start(301)) - e036e529-a153-4e24-af0e-d2ae8a66431a@group-7120419540A8: start as a follower, conf=-1: [32c9ac61-cc75-4e2b-b1a7-531a6ab2a530|rpc:10.1.0.52:44349|dataStream:|priority:0, a327871d-9199-4191-96af-772712e793af|rpc:10.1.0.52:35965|dataStream:|priority:0, e036e529-a153-4e24-af0e-d2ae8a66431a|rpc:10.1.0.52:40929|dataStream:|priority:1], old=null
2021-12-08 13:31:40,515 [pool-223-thread-1] INFO  server.RaftServer$Division (RaftServerImpl.java:setRole(290)) - e036e529-a153-4e24-af0e-d2ae8a66431a@group-7120419540A8: changes role from      null to FOLLOWER at term 0 for startAsFollower
2021-12-08 13:31:40,515 [pool-223-thread-1] INFO  impl.RoleInfo (RoleInfo.java:updateAndGet(130)) - e036e529-a153-4e24-af0e-d2ae8a66431a: start e036e529-a153-4e24-af0e-d2ae8a66431a@group-7120419540A8-FollowerState
2021-12-08 13:31:40,520 [pool-223-thread-1] INFO  util.JmxRegister (JmxRegister.java:tryRegister(44)) - Successfully registered JMX Bean with object name Ratis:service=RaftServer,group=group-7120419540A8,id=e036e529-a153-4e24-af0e-d2ae8a66431a
2021-12-08 13:31:40,536 [grpc-default-executor-0] INFO  server.RaftServer (RaftServerProxy.java:addNew(95)) - 32c9ac61-cc75-4e2b-b1a7-531a6ab2a530: addNew group-7120419540A8:[32c9ac61-cc75-4e2b-b1a7-531a6ab2a530|rpc:10.1.0.52:44349|dataStream:|priority:0, a327871d-9199-4191-96af-772712e793af|rpc:10.1.0.52:35965|dataStream:|priority:0, e036e529-a153-4e24-af0e-d2ae8a66431a|rpc:10.1.0.52:40929|dataStream:|priority:1] returns group-7120419540A8:java.util.concurrent.CompletableFuture@1cc4b46f[Not completed]
2021-12-08 13:31:40,537 [pool-202-thread-1] INFO  server.RaftServer$Division (RaftServerImpl.java:<init>(184)) - 32c9ac61-cc75-4e2b-b1a7-531a6ab2a530: new RaftServerImpl for group-7120419540A8:[32c9ac61-cc75-4e2b-b1a7-531a6ab2a530|rpc:10.1.0.52:44349|dataStream:|priority:0, a327871d-9199-4191-96af-772712e793af|rpc:10.1.0.52:35965|dataStream:|priority:0, e036e529-a153-4e24-af0e-d2ae8a66431a|rpc:10.1.0.52:40929|dataStream:|priority:1] with ContainerStateMachine:uninitialized
2021-12-08 13:31:40,538 [pool-202-thread-1] INFO  server.RaftServerConfigKeys (ConfUtils.java:logGet(44)) - raft.server.rpc.timeout.min = 5s (custom)
2021-12-08 13:31:40,538 [pool-202-thread-1] INFO  server.RaftServerConfigKeys (ConfUtils.java:logGet(44)) - raft.server.rpc.timeout.max = 5200ms (custom)
2021-12-08 13:31:40,538 [pool-202-thread-1] INFO  server.RaftServerConfigKeys (ConfUtils.java:logGet(44)) - raft.server.rpc.sleep.time = 25ms (default)
2021-12-08 13:31:40,538 [pool-202-thread-1] INFO  server.RaftServerConfigKeys (ConfUtils.java:logGet(44)) - raft.server.rpc.slowness.timeout = 300000ms (custom)
2021-12-08 13:31:40,538 [pool-202-thread-1] INFO  server.RaftServerConfigKeys (ConfUtils.java:logGet(44)) - raft.server.leaderelection.leader.step-down.wait-time = 10s (default)
2021-12-08 13:31:40,538 [pool-202-thread-1] INFO  server.RaftServerConfigKeys (ConfUtils.java:logGet(44)) - raft.server.sleep.deviation.threshold = 300ms (default)
2021-12-08 13:31:40,538 [pool-202-thread-1] INFO  server.RaftServerConfigKeys (ConfUtils.java:logGet(44)) - raft.server.log.appender.install.snapshot.enabled = false (custom)
2021-12-08 13:31:40,538 [pool-202-thread-1] INFO  server.RaftServer$Division (ServerState.java:<init>(105)) - 32c9ac61-cc75-4e2b-b1a7-531a6ab2a530@group-7120419540A8: ConfigurationManager, init=-1: [32c9ac61-cc75-4e2b-b1a7-531a6ab2a530|rpc:10.1.0.52:44349|dataStream:|priority:0, a327871d-9199-4191-96af-772712e793af|rpc:10.1.0.52:35965|dataStream:|priority:0, e036e529-a153-4e24-af0e-d2ae8a66431a|rpc:10.1.0.52:40929|dataStream:|priority:1], old=null, confs=<EMPTY_MAP>
2021-12-08 13:31:40,538 [pool-202-thread-1] INFO  server.RaftServerConfigKeys (ConfUtils.java:logGet(44)) - raft.server.storage.dir = [/home/runner/work/ozone/ozone/hadoop-ozone/integration-test/target/test-dir/MiniOzoneClusterImpl-c8c699bf-5dad-4457-9252-d1686169726e/datanode-7/data/ratis] (custom)
2021-12-08 13:31:40,538 [pool-202-thread-1] INFO  server.RaftServerConfigKeys (ConfUtils.java:logGet(44)) - raft.server.log.corruption.policy = EXCEPTION (default)
2021-12-08 13:31:40,538 [pool-202-thread-1] INFO  server.RaftServerConfigKeys (ConfUtils.java:logGet(44)) - raft.server.storage.free-space.min = 0MB (=0) (default)
2021-12-08 13:31:40,539 [pool-202-thread-1] INFO  storage.RaftStorageDirectory (RaftStorageDirectoryImpl.java:analyzeStorage(135)) - The storage directory /home/runner/work/ozone/ozone/hadoop-ozone/integration-test/target/test-dir/MiniOzoneClusterImpl-c8c699bf-5dad-4457-9252-d1686169726e/datanode-7/data/ratis/319fb04f-0dd0-4d0a-9961-7120419540a8 does not exist. Creating ...
2021-12-08 13:31:40,539 [pool-202-thread-1] INFO  storage.RaftStorageDirectory (RaftStorageDirectoryImpl.java:tryLock(230)) - Lock on /home/runner/work/ozone/ozone/hadoop-ozone/integration-test/target/test-dir/MiniOzoneClusterImpl-c8c699bf-5dad-4457-9252-d1686169726e/datanode-7/data/ratis/319fb04f-0dd0-4d0a-9961-7120419540a8/in_use.lock acquired by nodename 25433@fv-az148-92
2021-12-08 13:31:40,541 [pool-202-thread-1] INFO  storage.RaftStorage (RaftStorageImpl.java:format(89)) - Storage directory /home/runner/work/ozone/ozone/hadoop-ozone/integration-test/target/test-dir/MiniOzoneClusterImpl-c8c699bf-5dad-4457-9252-d1686169726e/datanode-7/data/ratis/319fb04f-0dd0-4d0a-9961-7120419540a8 has been successfully formatted.
2021-12-08 13:31:40,541 [pool-202-thread-1] INFO  ratis.ContainerStateMachine (ContainerStateMachine.java:loadSnapshot(231)) - group-7120419540A8: The snapshot info is null. Setting the last applied indexto:(t:0, i:~)
2021-12-08 13:31:40,542 [pool-202-thread-1] INFO  server.RaftServerConfigKeys (ConfUtils.java:logGet(44)) - raft.server.notification.no-leader.timeout = 300000ms (custom)
2021-12-08 13:31:40,543 [pool-202-thread-1] INFO  server.RaftServerConfigKeys (ConfUtils.java:logGet(44)) - raft.server.log.use.memory = false (default)
2021-12-08 13:31:40,543 [pool-202-thread-1] INFO  server.RaftServerConfigKeys (ConfUtils.java:logGet(44)) - raft.server.log.purge.gap = 1000000 (custom)
2021-12-08 13:31:40,543 [pool-202-thread-1] INFO  server.RaftServerConfigKeys (ConfUtils.java:logGet(44)) - raft.server.log.appender.buffer.byte-limit = 33554432 (custom)
2021-12-08 13:31:40,543 [pool-202-thread-1] INFO  server.RaftServerConfigKeys (ConfUtils.java:logGet(44)) - raft.server.log.segment.size.max = 1048576 (custom)
2021-12-08 13:31:40,543 [pool-202-thread-1] INFO  server.RaftServerConfigKeys (ConfUtils.java:logGet(44)) - raft.server.log.segment.cache.num.max = 2 (custom)
2021-12-08 13:31:40,544 [pool-202-thread-1] INFO  server.RaftServerConfigKeys (ConfUtils.java:logGet(44)) - raft.server.log.segment.cache.size.max = 200MB (=209715200) (default)
2021-12-08 13:31:40,544 [pool-202-thread-1] INFO  segmented.SegmentedRaftLogWorker (SegmentedRaftLogWorker.java:<init>(182)) - new 32c9ac61-cc75-4e2b-b1a7-531a6ab2a530@group-7120419540A8-SegmentedRaftLogWorker for RaftStorageImpl:Storage Directory /home/runner/work/ozone/ozone/hadoop-ozone/integration-test/target/test-dir/MiniOzoneClusterImpl-c8c699bf-5dad-4457-9252-d1686169726e/datanode-7/data/ratis/319fb04f-0dd0-4d0a-9961-7120419540a8
2021-12-08 13:31:40,544 [pool-202-thread-1] INFO  server.RaftServerConfigKeys (ConfUtils.java:logGet(44)) - raft.server.log.queue.byte-limit = 2147483647 (custom)
2021-12-08 13:31:40,544 [pool-202-thread-1] INFO  server.RaftServerConfigKeys (ConfUtils.java:logGet(44)) - raft.server.log.queue.element-limit = 1024 (custom)
2021-12-08 13:31:40,544 [pool-202-thread-1] INFO  server.RaftServerConfigKeys (ConfUtils.java:logGet(44)) - raft.server.log.segment.size.max = 1048576 (custom)
2021-12-08 13:31:40,544 [pool-202-thread-1] INFO  server.RaftServerConfigKeys (ConfUtils.java:logGet(44)) - raft.server.log.preallocated.size = 16384 (custom)
2021-12-08 13:31:40,544 [pool-202-thread-1] INFO  server.RaftServerConfigKeys (ConfUtils.java:logGet(44)) - raft.server.log.force.sync.num = 128 (default)
2021-12-08 13:31:40,544 [pool-202-thread-1] INFO  server.RaftServerConfigKeys (ConfUtils.java:logGet(44)) - raft.server.log.statemachine.data.sync = true (default)
2021-12-08 13:31:40,544 [pool-202-thread-1] INFO  server.RaftServerConfigKeys (ConfUtils.java:logGet(44)) - raft.server.log.statemachine.data.sync.timeout = 10s (default)
2021-12-08 13:31:40,544 [pool-202-thread-1] INFO  server.RaftServerConfigKeys (ConfUtils.java:logGet(44)) - raft.server.log.statemachine.data.sync.timeout.retry = -1 (default)
2021-12-08 13:31:40,545 [pool-202-thread-1] INFO  server.RaftServerConfigKeys (ConfUtils.java:logGet(44)) - raft.server.log.write.buffer.size = 1048576 (custom)
2021-12-08 13:31:40,546 [pool-202-thread-1] INFO  server.RaftServerConfigKeys (ConfUtils.java:logGet(44)) - raft.server.log.statemachine.data.caching.enabled = true (custom)
2021-12-08 13:31:40,546 [pool-202-thread-1] INFO  segmented.SegmentedRaftLogWorker (SegmentedRaftLogWorker.java:lambda$new$0(133)) - 32c9ac61-cc75-4e2b-b1a7-531a6ab2a530@group-7120419540A8-SegmentedRaftLogWorker: flushIndex: setUnconditionally 0 -> -1
2021-12-08 13:31:40,546 [pool-202-thread-1] INFO  segmented.SegmentedRaftLogWorker (SegmentedRaftLogWorker.java:lambda$new$0(133)) - 32c9ac61-cc75-4e2b-b1a7-531a6ab2a530@group-7120419540A8-SegmentedRaftLogWorker: safeCacheEvictIndex: setUnconditionally 0 -> -1
2021-12-08 13:31:40,548 [pool-202-thread-1] INFO  server.RaftServerConfigKeys (ConfUtils.java:logGet(44)) - raft.server.snapshot.auto.trigger.enabled = true (custom)
2021-12-08 13:31:40,549 [pool-202-thread-1] INFO  server.RaftServerConfigKeys (ConfUtils.java:logGet(44)) - raft.server.snapshot.auto.trigger.threshold = 1 (custom)
2021-12-08 13:31:40,549 [pool-202-thread-1] INFO  server.RaftServerConfigKeys (ConfUtils.java:logGet(44)) - raft.server.snapshot.retention.file.num = 5 (custom)
2021-12-08 13:31:40,549 [pool-202-thread-1] INFO  server.RaftServerConfigKeys (ConfUtils.java:logGet(44)) - raft.server.log.purge.upto.snapshot.index = false (default)
2021-12-08 13:31:40,549 [pool-202-thread-1] INFO  server.RaftServerConfigKeys (ConfUtils.java:logGet(44)) - raft.server.retrycache.expirytime = 600000ms (custom)
2021-12-08 13:31:40,549 [pool-202-thread-1] INFO  server.RaftServerConfigKeys (ConfUtils.java:logGet(44)) - raft.server.retrycache.statistics.expirytime = 100μs (default)
2021-12-08 13:31:40,550 [pool-202-thread-1] INFO  server.RaftServer$Division (RaftServerImpl.java:start(301)) - 32c9ac61-cc75-4e2b-b1a7-531a6ab2a530@group-7120419540A8: start as a follower, conf=-1: [32c9ac61-cc75-4e2b-b1a7-531a6ab2a530|rpc:10.1.0.52:44349|dataStream:|priority:0, a327871d-9199-4191-96af-772712e793af|rpc:10.1.0.52:35965|dataStream:|priority:0, e036e529-a153-4e24-af0e-d2ae8a66431a|rpc:10.1.0.52:40929|dataStream:|priority:1], old=null
2021-12-08 13:31:40,550 [pool-202-thread-1] INFO  server.RaftServer$Division (RaftServerImpl.java:setRole(290)) - 32c9ac61-cc75-4e2b-b1a7-531a6ab2a530@group-7120419540A8: changes role from      null to FOLLOWER at term 0 for startAsFollower
2021-12-08 13:31:40,550 [pool-202-thread-1] INFO  impl.RoleInfo (RoleInfo.java:updateAndGet(130)) - 32c9ac61-cc75-4e2b-b1a7-531a6ab2a530: start 32c9ac61-cc75-4e2b-b1a7-531a6ab2a530@group-7120419540A8-FollowerState
2021-12-08 13:31:40,550 [pool-202-thread-1] INFO  util.JmxRegister (JmxRegister.java:tryRegister(44)) - Successfully registered JMX Bean with object name Ratis:service=RaftServer,group=group-7120419540A8,id=32c9ac61-cc75-4e2b-b1a7-531a6ab2a530
2021-12-08 13:31:40,559 [Command processor thread] INFO  commandhandler.CreatePipelineCommandHandler (CreatePipelineCommandHandler.java:handle(106)) - Created Pipeline RATIS THREE PipelineID=319fb04f-0dd0-4d0a-9961-7120419540a8.
2021-12-08 13:31:40,561 [EventQueue-OpenPipelineForHealthyPipelineSafeModeRule] INFO  safemode.SCMSafeModeManager (HealthyPipelineSafeModeRule.java:process(124)) - SCM in safe mode. Healthy pipelines reported count is 0, required healthy pipeline reported count is 1
2021-12-08 13:31:40,575 [Command processor thread] INFO  server.RaftServer (RaftServerProxy.java:addNew(95)) - 32c9ac61-cc75-4e2b-b1a7-531a6ab2a530: addNew group-75E169CA73F6:[32c9ac61-cc75-4e2b-b1a7-531a6ab2a530|rpc:10.1.0.52:44349|priority:1] returns group-75E169CA73F6:java.util.concurrent.CompletableFuture@429d727e[Not completed]
2021-12-08 13:31:40,576 [pool-202-thread-1] INFO  server.RaftServer$Division (RaftServerImpl.java:<init>(184)) - 32c9ac61-cc75-4e2b-b1a7-531a6ab2a530: new RaftServerImpl for group-75E169CA73F6:[32c9ac61-cc75-4e2b-b1a7-531a6ab2a530|rpc:10.1.0.52:44349|priority:1] with ContainerStateMachine:uninitialized
2021-12-08 13:31:40,576 [pool-202-thread-1] INFO  server.RaftServerConfigKeys (ConfUtils.java:logGet(44)) - raft.server.rpc.timeout.min = 5s (custom)
2021-12-08 13:31:40,576 [pool-202-thread-1] INFO  server.RaftServerConfigKeys (ConfUtils.java:logGet(44)) - raft.server.rpc.timeout.max = 5200ms (custom)
2021-12-08 13:31:40,576 [pool-202-thread-1] INFO  server.RaftServerConfigKeys (ConfUtils.java:logGet(44)) - raft.server.rpc.sleep.time = 25ms (default)
2021-12-08 13:31:40,577 [pool-202-thread-1] INFO  server.RaftServerConfigKeys (ConfUtils.java:logGet(44)) - raft.server.rpc.slowness.timeout = 300000ms (custom)
2021-12-08 13:31:40,577 [pool-202-thread-1] INFO  server.RaftServerConfigKeys (ConfUtils.java:logGet(44)) - raft.server.leaderelection.leader.step-down.wait-time = 10s (default)
2021-12-08 13:31:40,577 [pool-202-thread-1] INFO  server.RaftServerConfigKeys (ConfUtils.java:logGet(44)) - raft.server.sleep.deviation.threshold = 300ms (default)
2021-12-08 13:31:40,577 [pool-202-thread-1] INFO  server.RaftServerConfigKeys (ConfUtils.java:logGet(44)) - raft.server.log.appender.install.snapshot.enabled = false (custom)
2021-12-08 13:31:40,577 [pool-202-thread-1] INFO  server.RaftServer$Division (ServerState.java:<init>(105)) - 32c9ac61-cc75-4e2b-b1a7-531a6ab2a530@group-75E169CA73F6: ConfigurationManager, init=-1: [32c9ac61-cc75-4e2b-b1a7-531a6ab2a530|rpc:10.1.0.52:44349|priority:1], old=null, confs=<EMPTY_MAP>
2021-12-08 13:31:40,577 [pool-202-thread-1] INFO  server.RaftServerConfigKeys (ConfUtils.java:logGet(44)) - raft.server.storage.dir = [/home/runner/work/ozone/ozone/hadoop-ozone/integration-test/target/test-dir/MiniOzoneClusterImpl-c8c699bf-5dad-4457-9252-d1686169726e/datanode-7/data/ratis] (custom)
2021-12-08 13:31:40,577 [pool-202-thread-1] INFO  server.RaftServerConfigKeys (ConfUtils.java:logGet(44)) - raft.server.log.corruption.policy = EXCEPTION (default)
2021-12-08 13:31:40,577 [pool-202-thread-1] INFO  server.RaftServerConfigKeys (ConfUtils.java:logGet(44)) - raft.server.storage.free-space.min = 0MB (=0) (default)
2021-12-08 13:31:40,577 [pool-202-thread-1] INFO  storage.RaftStorageDirectory (RaftStorageDirectoryImpl.java:analyzeStorage(135)) - The storage directory /home/runner/work/ozone/ozone/hadoop-ozone/integration-test/target/test-dir/MiniOzoneClusterImpl-c8c699bf-5dad-4457-9252-d1686169726e/datanode-7/data/ratis/567c1e31-b876-4c0a-b0f3-75e169ca73f6 does not exist. Creating ...
2021-12-08 13:31:40,578 [pool-202-thread-1] INFO  storage.RaftStorageDirectory (RaftStorageDirectoryImpl.java:tryLock(230)) - Lock on /home/runner/work/ozone/ozone/hadoop-ozone/integration-test/target/test-dir/MiniOzoneClusterImpl-c8c699bf-5dad-4457-9252-d1686169726e/datanode-7/data/ratis/567c1e31-b876-4c0a-b0f3-75e169ca73f6/in_use.lock acquired by nodename 25433@fv-az148-92
2021-12-08 13:31:40,580 [pool-202-thread-1] INFO  storage.RaftStorage (RaftStorageImpl.java:format(89)) - Storage directory /home/runner/work/ozone/ozone/hadoop-ozone/integration-test/target/test-dir/MiniOzoneClusterImpl-c8c699bf-5dad-4457-9252-d1686169726e/datanode-7/data/ratis/567c1e31-b876-4c0a-b0f3-75e169ca73f6 has been successfully formatted.
2021-12-08 13:31:40,580 [pool-202-thread-1] INFO  ratis.ContainerStateMachine (ContainerStateMachine.java:loadSnapshot(231)) - group-75E169CA73F6: The snapshot info is null. Setting the last applied indexto:(t:0, i:~)
2021-12-08 13:31:40,581 [pool-202-thread-1] INFO  server.RaftServerConfigKeys (ConfUtils.java:logGet(44)) - raft.server.notification.no-leader.timeout = 300000ms (custom)
2021-12-08 13:31:40,581 [pool-202-thread-1] INFO  server.RaftServerConfigKeys (ConfUtils.java:logGet(44)) - raft.server.log.use.memory = false (default)
2021-12-08 13:31:40,581 [pool-202-thread-1] INFO  server.RaftServerConfigKeys (ConfUtils.java:logGet(44)) - raft.server.log.purge.gap = 1000000 (custom)
2021-12-08 13:31:40,581 [pool-202-thread-1] INFO  server.RaftServerConfigKeys (ConfUtils.java:logGet(44)) - raft.server.log.appender.buffer.byte-limit = 33554432 (custom)
2021-12-08 13:31:40,581 [pool-202-thread-1] INFO  server.RaftServerConfigKeys (ConfUtils.java:logGet(44)) - raft.server.log.segment.size.max = 1048576 (custom)
2021-12-08 13:31:40,582 [EventQueue-PipelineReportForPipelineReportHandler] INFO  pipeline.PipelineManagerImpl (PipelineManagerImpl.java:openPipeline(291)) - Pipeline Pipeline[ Id: 567c1e31-b876-4c0a-b0f3-75e169ca73f6, Nodes: 32c9ac61-cc75-4e2b-b1a7-531a6ab2a530{ip: 10.1.0.52, host: fv-az148-92.bm4ck3pvxvsene1rjriu5fhcdb.bx.internal.cloudapp.net, ports: [REPLICATION=45577, RATIS=44349, RATIS_ADMIN=44349, RATIS_SERVER=44349, STANDALONE=43731], networkLocation: /default-rack, certSerialId: null, persistedOpState: IN_SERVICE, persistedOpStateExpiryEpochSec: 0}, ReplicationConfig: RATIS/ONE, State:ALLOCATED, leaderId:32c9ac61-cc75-4e2b-b1a7-531a6ab2a530, CreationTimestamp2021-12-08T13:31:37.594Z[Etc/UTC]] moved to OPEN state
2021-12-08 13:31:40,582 [pool-202-thread-1] INFO  server.RaftServerConfigKeys (ConfUtils.java:logGet(44)) - raft.server.log.segment.cache.num.max = 2 (custom)
2021-12-08 13:31:40,582 [pool-202-thread-1] INFO  server.RaftServerConfigKeys (ConfUtils.java:logGet(44)) - raft.server.log.segment.cache.size.max = 200MB (=209715200) (default)
2021-12-08 13:31:40,582 [pool-202-thread-1] INFO  segmented.SegmentedRaftLogWorker (SegmentedRaftLogWorker.java:<init>(182)) - new 32c9ac61-cc75-4e2b-b1a7-531a6ab2a530@group-75E169CA73F6-SegmentedRaftLogWorker for RaftStorageImpl:Storage Directory /home/runner/work/ozone/ozone/hadoop-ozone/integration-test/target/test-dir/MiniOzoneClusterImpl-c8c699bf-5dad-4457-9252-d1686169726e/datanode-7/data/ratis/567c1e31-b876-4c0a-b0f3-75e169ca73f6
2021-12-08 13:31:40,582 [pool-202-thread-1] INFO  server.RaftServerConfigKeys (ConfUtils.java:logGet(44)) - raft.server.log.queue.byte-limit = 2147483647 (custom)
2021-12-08 13:31:40,582 [pool-202-thread-1] INFO  server.RaftServerConfigKeys (ConfUtils.java:logGet(44)) - raft.server.log.queue.element-limit = 1024 (custom)
2021-12-08 13:31:40,582 [pool-202-thread-1] INFO  server.RaftServerConfigKeys (ConfUtils.java:logGet(44)) - raft.server.log.segment.size.max = 1048576 (custom)
2021-12-08 13:31:40,582 [pool-202-thread-1] INFO  server.RaftServerConfigKeys (ConfUtils.java:logGet(44)) - raft.server.log.preallocated.size = 16384 (custom)
2021-12-08 13:31:40,582 [pool-202-thread-1] INFO  server.RaftServerConfigKeys (ConfUtils.java:logGet(44)) - raft.server.log.force.sync.num = 128 (default)
2021-12-08 13:31:40,582 [pool-202-thread-1] INFO  server.RaftServerConfigKeys (ConfUtils.java:logGet(44)) - raft.server.log.statemachine.data.sync = true (default)
2021-12-08 13:31:40,582 [EventQueue-OpenPipelineForHealthyPipelineSafeModeRule] INFO  safemode.SCMSafeModeManager (HealthyPipelineSafeModeRule.java:process(124)) - SCM in safe mode. Healthy pipelines reported count is 0, required healthy pipeline reported count is 1
2021-12-08 13:31:40,585 [pool-202-thread-1] INFO  server.RaftServerConfigKeys (ConfUtils.java:logGet(44)) - raft.server.log.statemachine.data.sync.timeout = 10s (default)
2021-12-08 13:31:40,586 [pool-202-thread-1] INFO  server.RaftServerConfigKeys (ConfUtils.java:logGet(44)) - raft.server.log.statemachine.data.sync.timeout.retry = -1 (default)
2021-12-08 13:31:40,586 [pool-202-thread-1] INFO  server.RaftServerConfigKeys (ConfUtils.java:logGet(44)) - raft.server.log.write.buffer.size = 1048576 (custom)
2021-12-08 13:31:40,587 [pool-202-thread-1] INFO  server.RaftServerConfigKeys (ConfUtils.java:logGet(44)) - raft.server.log.statemachine.data.caching.enabled = true (custom)
2021-12-08 13:31:40,588 [pool-202-thread-1] INFO  segmented.SegmentedRaftLogWorker (SegmentedRaftLogWorker.java:lambda$new$0(133)) - 32c9ac61-cc75-4e2b-b1a7-531a6ab2a530@group-75E169CA73F6-SegmentedRaftLogWorker: flushIndex: setUnconditionally 0 -> -1
2021-12-08 13:31:40,588 [pool-202-thread-1] INFO  segmented.SegmentedRaftLogWorker (SegmentedRaftLogWorker.java:lambda$new$0(133)) - 32c9ac61-cc75-4e2b-b1a7-531a6ab2a530@group-75E169CA73F6-SegmentedRaftLogWorker: safeCacheEvictIndex: setUnconditionally 0 -> -1
2021-12-08 13:31:40,588 [pool-202-thread-1] INFO  server.RaftServerConfigKeys (ConfUtils.java:logGet(44)) - raft.server.snapshot.auto.trigger.enabled = true (custom)
2021-12-08 13:31:40,588 [pool-202-thread-1] INFO  server.RaftServerConfigKeys (ConfUtils.java:logGet(44)) - raft.server.snapshot.auto.trigger.threshold = 1 (custom)
2021-12-08 13:31:40,588 [pool-202-thread-1] INFO  server.RaftServerConfigKeys (ConfUtils.java:logGet(44)) - raft.server.snapshot.retention.file.num = 5 (custom)
2021-12-08 13:31:40,588 [pool-202-thread-1] INFO  server.RaftServerConfigKeys (ConfUtils.java:logGet(44)) - raft.server.log.purge.upto.snapshot.index = false (default)
2021-12-08 13:31:40,589 [pool-202-thread-1] INFO  server.RaftServerConfigKeys (ConfUtils.java:logGet(44)) - raft.server.retrycache.expirytime = 600000ms (custom)
2021-12-08 13:31:40,589 [pool-202-thread-1] INFO  server.RaftServerConfigKeys (ConfUtils.java:logGet(44)) - raft.server.retrycache.statistics.expirytime = 100μs (default)
2021-12-08 13:31:40,590 [pool-202-thread-1] INFO  server.RaftServer$Division (RaftServerImpl.java:start(301)) - 32c9ac61-cc75-4e2b-b1a7-531a6ab2a530@group-75E169CA73F6: start as a follower, conf=-1: [32c9ac61-cc75-4e2b-b1a7-531a6ab2a530|rpc:10.1.0.52:44349|priority:1], old=null
2021-12-08 13:31:40,590 [pool-202-thread-1] INFO  server.RaftServer$Division (RaftServerImpl.java:setRole(290)) - 32c9ac61-cc75-4e2b-b1a7-531a6ab2a530@group-75E169CA73F6: changes role from      null to FOLLOWER at term 0 for startAsFollower
2021-12-08 13:31:40,590 [pool-202-thread-1] INFO  impl.RoleInfo (RoleInfo.java:updateAndGet(130)) - 32c9ac61-cc75-4e2b-b1a7-531a6ab2a530: start 32c9ac61-cc75-4e2b-b1a7-531a6ab2a530@group-75E169CA73F6-FollowerState
2021-12-08 13:31:40,593 [pool-202-thread-1] INFO  util.JmxRegister (JmxRegister.java:tryRegister(44)) - Successfully registered JMX Bean with object name Ratis:service=RaftServer,group=group-75E169CA73F6,id=32c9ac61-cc75-4e2b-b1a7-531a6ab2a530
2021-12-08 13:31:40,594 [EventQueue-OpenPipelineForHealthyPipelineSafeModeRule] INFO  safemode.SCMSafeModeManager (HealthyPipelineSafeModeRule.java:process(124)) - SCM in safe mode. Healthy pipelines reported count is 0, required healthy pipeline reported count is 1
2021-12-08 13:31:40,597 [Command processor thread] INFO  ratis.XceiverServerRatis (XceiverServerRatis.java:addGroup(768)) - Created group PipelineID=567c1e31-b876-4c0a-b0f3-75e169ca73f6
2021-12-08 13:31:40,597 [Command processor thread] INFO  commandhandler.CreatePipelineCommandHandler (CreatePipelineCommandHandler.java:handle(106)) - Created Pipeline RATIS ONE PipelineID=567c1e31-b876-4c0a-b0f3-75e169ca73f6.
2021-12-08 13:31:40,634 [EventQueue-OpenPipelineForHealthyPipelineSafeModeRule] INFO  safemode.SCMSafeModeManager (HealthyPipelineSafeModeRule.java:process(124)) - SCM in safe mode. Healthy pipelines reported count is 0, required healthy pipeline reported count is 1
2021-12-08 13:31:40,706 [EventQueue-OpenPipelineForHealthyPipelineSafeModeRule] INFO  safemode.SCMSafeModeManager (HealthyPipelineSafeModeRule.java:process(124)) - SCM in safe mode. Healthy pipelines reported count is 0, required healthy pipeline reported count is 1
2021-12-08 13:31:40,711 [EventQueue-OpenPipelineForHealthyPipelineSafeModeRule] INFO  safemode.SCMSafeModeManager (HealthyPipelineSafeModeRule.java:process(124)) - SCM in safe mode. Healthy pipelines reported count is 0, required healthy pipeline reported count is 1
2021-12-08 13:31:40,782 [EventQueue-OpenPipelineForHealthyPipelineSafeModeRule] INFO  safemode.SCMSafeModeManager (HealthyPipelineSafeModeRule.java:process(124)) - SCM in safe mode. Healthy pipelines reported count is 0, required healthy pipeline reported count is 1
2021-12-08 13:31:40,834 [EventQueue-OpenPipelineForHealthyPipelineSafeModeRule] INFO  safemode.SCMSafeModeManager (HealthyPipelineSafeModeRule.java:process(124)) - SCM in safe mode. Healthy pipelines reported count is 0, required healthy pipeline reported count is 1
2021-12-08 13:31:40,845 [Command processor thread] INFO  server.RaftServer (RaftServerProxy.java:addNew(95)) - e036e529-a153-4e24-af0e-d2ae8a66431a: addNew group-304A4BC6656D:[e036e529-a153-4e24-af0e-d2ae8a66431a|rpc:10.1.0.52:40929|priority:1] returns group-304A4BC6656D:java.util.concurrent.CompletableFuture@56646a27[Not completed]
2021-12-08 13:31:40,845 [pool-223-thread-1] INFO  server.RaftServer$Division (RaftServerImpl.java:<init>(184)) - e036e529-a153-4e24-af0e-d2ae8a66431a: new RaftServerImpl for group-304A4BC6656D:[e036e529-a153-4e24-af0e-d2ae8a66431a|rpc:10.1.0.52:40929|priority:1] with ContainerStateMachine:uninitialized
2021-12-08 13:31:40,846 [pool-223-thread-1] INFO  server.RaftServerConfigKeys (ConfUtils.java:logGet(44)) - raft.server.rpc.timeout.min = 5s (custom)
2021-12-08 13:31:40,846 [pool-223-thread-1] INFO  server.RaftServerConfigKeys (ConfUtils.java:logGet(44)) - raft.server.rpc.timeout.max = 5200ms (custom)
2021-12-08 13:31:40,846 [pool-223-thread-1] INFO  server.RaftServerConfigKeys (ConfUtils.java:logGet(44)) - raft.server.rpc.sleep.time = 25ms (default)
2021-12-08 13:31:40,846 [pool-223-thread-1] INFO  server.RaftServerConfigKeys (ConfUtils.java:logGet(44)) - raft.server.rpc.slowness.timeout = 300000ms (custom)
2021-12-08 13:31:40,846 [pool-223-thread-1] INFO  server.RaftServerConfigKeys (ConfUtils.java:logGet(44)) - raft.server.leaderelection.leader.step-down.wait-time = 10s (default)
2021-12-08 13:31:40,846 [pool-223-thread-1] INFO  server.RaftServerConfigKeys (ConfUtils.java:logGet(44)) - raft.server.sleep.deviation.threshold = 300ms (default)
2021-12-08 13:31:40,846 [pool-223-thread-1] INFO  server.RaftServerConfigKeys (ConfUtils.java:logGet(44)) - raft.server.log.appender.install.snapshot.enabled = false (custom)
2021-12-08 13:31:40,846 [pool-223-thread-1] INFO  server.RaftServer$Division (ServerState.java:<init>(105)) - e036e529-a153-4e24-af0e-d2ae8a66431a@group-304A4BC6656D: ConfigurationManager, init=-1: [e036e529-a153-4e24-af0e-d2ae8a66431a|rpc:10.1.0.52:40929|priority:1], old=null, confs=<EMPTY_MAP>
2021-12-08 13:31:40,846 [pool-223-thread-1] INFO  server.RaftServerConfigKeys (ConfUtils.java:logGet(44)) - raft.server.storage.dir = [/home/runner/work/ozone/ozone/hadoop-ozone/integration-test/target/test-dir/MiniOzoneClusterImpl-c8c699bf-5dad-4457-9252-d1686169726e/datanode-8/data/ratis] (custom)
2021-12-08 13:31:40,846 [pool-223-thread-1] INFO  server.RaftServerConfigKeys (ConfUtils.java:logGet(44)) - raft.server.log.corruption.policy = EXCEPTION (default)
2021-12-08 13:31:40,846 [pool-223-thread-1] INFO  server.RaftServerConfigKeys (ConfUtils.java:logGet(44)) - raft.server.storage.free-space.min = 0MB (=0) (default)
2021-12-08 13:31:40,846 [pool-223-thread-1] INFO  storage.RaftStorageDirectory (RaftStorageDirectoryImpl.java:analyzeStorage(135)) - The storage directory /home/runner/work/ozone/ozone/hadoop-ozone/integration-test/target/test-dir/MiniOzoneClusterImpl-c8c699bf-5dad-4457-9252-d1686169726e/datanode-8/data/ratis/23097f36-3410-4660-88fc-304a4bc6656d does not exist. Creating ...
2021-12-08 13:31:40,847 [pool-223-thread-1] INFO  storage.RaftStorageDirectory (RaftStorageDirectoryImpl.java:tryLock(230)) - Lock on /home/runner/work/ozone/ozone/hadoop-ozone/integration-test/target/test-dir/MiniOzoneClusterImpl-c8c699bf-5dad-4457-9252-d1686169726e/datanode-8/data/ratis/23097f36-3410-4660-88fc-304a4bc6656d/in_use.lock acquired by nodename 25433@fv-az148-92
2021-12-08 13:31:40,849 [pool-223-thread-1] INFO  storage.RaftStorage (RaftStorageImpl.java:format(89)) - Storage directory /home/runner/work/ozone/ozone/hadoop-ozone/integration-test/target/test-dir/MiniOzoneClusterImpl-c8c699bf-5dad-4457-9252-d1686169726e/datanode-8/data/ratis/23097f36-3410-4660-88fc-304a4bc6656d has been successfully formatted.
2021-12-08 13:31:40,849 [pool-223-thread-1] INFO  ratis.ContainerStateMachine (ContainerStateMachine.java:loadSnapshot(231)) - group-304A4BC6656D: The snapshot info is null. Setting the last applied indexto:(t:0, i:~)
2021-12-08 13:31:40,849 [pool-223-thread-1] INFO  server.RaftServerConfigKeys (ConfUtils.java:logGet(44)) - raft.server.notification.no-leader.timeout = 300000ms (custom)
2021-12-08 13:31:40,849 [pool-223-thread-1] INFO  server.RaftServerConfigKeys (ConfUtils.java:logGet(44)) - raft.server.log.use.memory = false (default)
2021-12-08 13:31:40,849 [pool-223-thread-1] INFO  server.RaftServerConfigKeys (ConfUtils.java:logGet(44)) - raft.server.log.purge.gap = 1000000 (custom)
2021-12-08 13:31:40,850 [pool-223-thread-1] INFO  server.RaftServerConfigKeys (ConfUtils.java:logGet(44)) - raft.server.log.appender.buffer.byte-limit = 33554432 (custom)
2021-12-08 13:31:40,850 [pool-223-thread-1] INFO  server.RaftServerConfigKeys (ConfUtils.java:logGet(44)) - raft.server.log.segment.size.max = 1048576 (custom)
2021-12-08 13:31:40,850 [pool-223-thread-1] INFO  server.RaftServerConfigKeys (ConfUtils.java:logGet(44)) - raft.server.log.segment.cache.num.max = 2 (custom)
2021-12-08 13:31:40,850 [pool-223-thread-1] INFO  server.RaftServerConfigKeys (ConfUtils.java:logGet(44)) - raft.server.log.segment.cache.size.max = 200MB (=209715200) (default)
2021-12-08 13:31:40,850 [pool-223-thread-1] INFO  segmented.SegmentedRaftLogWorker (SegmentedRaftLogWorker.java:<init>(182)) - new e036e529-a153-4e24-af0e-d2ae8a66431a@group-304A4BC6656D-SegmentedRaftLogWorker for RaftStorageImpl:Storage Directory /home/runner/work/ozone/ozone/hadoop-ozone/integration-test/target/test-dir/MiniOzoneClusterImpl-c8c699bf-5dad-4457-9252-d1686169726e/datanode-8/data/ratis/23097f36-3410-4660-88fc-304a4bc6656d
2021-12-08 13:31:40,851 [EventQueue-PipelineReportForPipelineReportHandler] INFO  pipeline.PipelineManagerImpl (PipelineManagerImpl.java:openPipeline(291)) - Pipeline Pipeline[ Id: 23097f36-3410-4660-88fc-304a4bc6656d, Nodes: e036e529-a153-4e24-af0e-d2ae8a66431a{ip: 10.1.0.52, host: fv-az148-92.bm4ck3pvxvsene1rjriu5fhcdb.bx.internal.cloudapp.net, ports: [REPLICATION=42913, RATIS=40929, RATIS_ADMIN=40929, RATIS_SERVER=40929, STANDALONE=41803], networkLocation: /default-rack, certSerialId: null, persistedOpState: IN_SERVICE, persistedOpStateExpiryEpochSec: 0}, ReplicationConfig: RATIS/ONE, State:ALLOCATED, leaderId:e036e529-a153-4e24-af0e-d2ae8a66431a, CreationTimestamp2021-12-08T13:31:37.853Z[Etc/UTC]] moved to OPEN state
2021-12-08 13:31:40,851 [EventQueue-OpenPipelineForHealthyPipelineSafeModeRule] INFO  safemode.SCMSafeModeManager (HealthyPipelineSafeModeRule.java:process(124)) - SCM in safe mode. Healthy pipelines reported count is 0, required healthy pipeline reported count is 1
2021-12-08 13:31:40,851 [pool-223-thread-1] INFO  server.RaftServerConfigKeys (ConfUtils.java:logGet(44)) - raft.server.log.queue.byte-limit = 2147483647 (custom)
2021-12-08 13:31:40,853 [pool-223-thread-1] INFO  server.RaftServerConfigKeys (ConfUtils.java:logGet(44)) - raft.server.log.queue.element-limit = 1024 (custom)
2021-12-08 13:31:40,853 [pool-223-thread-1] INFO  server.RaftServerConfigKeys (ConfUtils.java:logGet(44)) - raft.server.log.segment.size.max = 1048576 (custom)
2021-12-08 13:31:40,854 [pool-223-thread-1] INFO  server.RaftServerConfigKeys (ConfUtils.java:logGet(44)) - raft.server.log.preallocated.size = 16384 (custom)
2021-12-08 13:31:40,854 [pool-223-thread-1] INFO  server.RaftServerConfigKeys (ConfUtils.java:logGet(44)) - raft.server.log.force.sync.num = 128 (default)
2021-12-08 13:31:40,854 [pool-223-thread-1] INFO  server.RaftServerConfigKeys (ConfUtils.java:logGet(44)) - raft.server.log.statemachine.data.sync = true (default)
2021-12-08 13:31:40,854 [pool-223-thread-1] INFO  server.RaftServerConfigKeys (ConfUtils.java:logGet(44)) - raft.server.log.statemachine.data.sync.timeout = 10s (default)
2021-12-08 13:31:40,854 [pool-223-thread-1] INFO  server.RaftServerConfigKeys (ConfUtils.java:logGet(44)) - raft.server.log.statemachine.data.sync.timeout.retry = -1 (default)
2021-12-08 13:31:40,855 [pool-223-thread-1] INFO  server.RaftServerConfigKeys (ConfUtils.java:logGet(44)) - raft.server.log.write.buffer.size = 1048576 (custom)
2021-12-08 13:31:40,855 [pool-223-thread-1] INFO  server.RaftServerConfigKeys (ConfUtils.java:logGet(44)) - raft.server.log.statemachine.data.caching.enabled = true (custom)
2021-12-08 13:31:40,856 [pool-223-thread-1] INFO  segmented.SegmentedRaftLogWorker (SegmentedRaftLogWorker.java:lambda$new$0(133)) - e036e529-a153-4e24-af0e-d2ae8a66431a@group-304A4BC6656D-SegmentedRaftLogWorker: flushIndex: setUnconditionally 0 -> -1
2021-12-08 13:31:40,856 [pool-223-thread-1] INFO  segmented.SegmentedRaftLogWorker (SegmentedRaftLogWorker.java:lambda$new$0(133)) - e036e529-a153-4e24-af0e-d2ae8a66431a@group-304A4BC6656D-SegmentedRaftLogWorker: safeCacheEvictIndex: setUnconditionally 0 -> -1
2021-12-08 13:31:40,862 [pool-223-thread-1] INFO  server.RaftServerConfigKeys (ConfUtils.java:logGet(44)) - raft.server.snapshot.auto.trigger.enabled = true (custom)
2021-12-08 13:31:40,862 [pool-223-thread-1] INFO  server.RaftServerConfigKeys (ConfUtils.java:logGet(44)) - raft.server.snapshot.auto.trigger.threshold = 1 (custom)
2021-12-08 13:31:40,864 [pool-223-thread-1] INFO  server.RaftServerConfigKeys (ConfUtils.java:logGet(44)) - raft.server.snapshot.retention.file.num = 5 (custom)
2021-12-08 13:31:40,864 [pool-223-thread-1] INFO  server.RaftServerConfigKeys (ConfUtils.java:logGet(44)) - raft.server.log.purge.upto.snapshot.index = false (default)
2021-12-08 13:31:40,864 [pool-223-thread-1] INFO  server.RaftServerConfigKeys (ConfUtils.java:logGet(44)) - raft.server.retrycache.expirytime = 600000ms (custom)
2021-12-08 13:31:40,864 [pool-223-thread-1] INFO  server.RaftServerConfigKeys (ConfUtils.java:logGet(44)) - raft.server.retrycache.statistics.expirytime = 100μs (default)
2021-12-08 13:31:40,866 [pool-223-thread-1] INFO  server.RaftServer$Division (RaftServerImpl.java:start(301)) - e036e529-a153-4e24-af0e-d2ae8a66431a@group-304A4BC6656D: start as a follower, conf=-1: [e036e529-a153-4e24-af0e-d2ae8a66431a|rpc:10.1.0.52:40929|priority:1], old=null
2021-12-08 13:31:40,866 [pool-223-thread-1] INFO  server.RaftServer$Division (RaftServerImpl.java:setRole(290)) - e036e529-a153-4e24-af0e-d2ae8a66431a@group-304A4BC6656D: changes role from      null to FOLLOWER at term 0 for startAsFollower
2021-12-08 13:31:40,866 [pool-223-thread-1] INFO  impl.RoleInfo (RoleInfo.java:updateAndGet(130)) - e036e529-a153-4e24-af0e-d2ae8a66431a: start e036e529-a153-4e24-af0e-d2ae8a66431a@group-304A4BC6656D-FollowerState
2021-12-08 13:31:40,866 [pool-223-thread-1] INFO  util.JmxRegister (JmxRegister.java:tryRegister(44)) - Successfully registered JMX Bean with object name Ratis:service=RaftServer,group=group-304A4BC6656D,id=e036e529-a153-4e24-af0e-d2ae8a66431a
2021-12-08 13:31:40,867 [Command processor thread] INFO  ratis.XceiverServerRatis (XceiverServerRatis.java:addGroup(768)) - Created group PipelineID=23097f36-3410-4660-88fc-304a4bc6656d
2021-12-08 13:31:40,867 [Command processor thread] INFO  commandhandler.CreatePipelineCommandHandler (CreatePipelineCommandHandler.java:handle(106)) - Created Pipeline RATIS ONE PipelineID=23097f36-3410-4660-88fc-304a4bc6656d.
2021-12-08 13:31:40,874 [EventQueue-OpenPipelineForHealthyPipelineSafeModeRule] INFO  safemode.SCMSafeModeManager (HealthyPipelineSafeModeRule.java:process(124)) - SCM in safe mode. Healthy pipelines reported count is 0, required healthy pipeline reported count is 1
2021-12-08 13:31:40,895 [EventQueue-OpenPipelineForHealthyPipelineSafeModeRule] INFO  safemode.SCMSafeModeManager (HealthyPipelineSafeModeRule.java:process(124)) - SCM in safe mode. Healthy pipelines reported count is 0, required healthy pipeline reported count is 1
2021-12-08 13:31:40,912 [EventQueue-OpenPipelineForHealthyPipelineSafeModeRule] INFO  safemode.SCMSafeModeManager (HealthyPipelineSafeModeRule.java:process(124)) - SCM in safe mode. Healthy pipelines reported count is 0, required healthy pipeline reported count is 1
2021-12-08 13:31:40,955 [EventQueue-OpenPipelineForHealthyPipelineSafeModeRule] INFO  safemode.SCMSafeModeManager (HealthyPipelineSafeModeRule.java:process(124)) - SCM in safe mode. Healthy pipelines reported count is 0, required healthy pipeline reported count is 1
2021-12-08 13:31:40,983 [EventQueue-OpenPipelineForHealthyPipelineSafeModeRule] INFO  safemode.SCMSafeModeManager (HealthyPipelineSafeModeRule.java:process(124)) - SCM in safe mode. Healthy pipelines reported count is 0, required healthy pipeline reported count is 1
2021-12-08 13:31:40,996 [EventQueue-OpenPipelineForHealthyPipelineSafeModeRule] INFO  safemode.SCMSafeModeManager (HealthyPipelineSafeModeRule.java:process(124)) - SCM in safe mode. Healthy pipelines reported count is 0, required healthy pipeline reported count is 1
2021-12-08 13:31:41,051 [EventQueue-OpenPipelineForHealthyPipelineSafeModeRule] INFO  safemode.SCMSafeModeManager (HealthyPipelineSafeModeRule.java:process(124)) - SCM in safe mode. Healthy pipelines reported count is 0, required healthy pipeline reported count is 1
2021-12-08 13:31:41,072 [Command processor thread] INFO  server.RaftServer (RaftServerProxy.java:addNew(95)) - de466789-f219-440c-aedf-e5c1f469e976: addNew group-311313A1AD76:[de466789-f219-440c-aedf-e5c1f469e976|rpc:10.1.0.52:34045|priority:1] returns group-311313A1AD76:java.util.concurrent.CompletableFuture@18d66ed4[Not completed]
2021-12-08 13:31:41,073 [Listener at 127.0.0.1/44261] INFO  ozone.MiniOzoneClusterImpl (MiniOzoneClusterImpl.java:lambda$waitForClusterToBeReady$0(235)) - Nodes are ready. Got 10 of 10 DN Heartbeats.
2021-12-08 13:31:41,073 [Listener at 127.0.0.1/44261] INFO  ozone.MiniOzoneClusterImpl (MiniOzoneClusterImpl.java:lambda$waitForClusterToBeReady$0(238)) - Waiting for cluster to exit safe mode
2021-12-08 13:31:41,073 [Listener at 127.0.0.1/44261] INFO  ozone.MiniOzoneClusterImpl (MiniOzoneClusterImpl.java:lambda$waitForClusterToBeReady$0(240)) - SCM became leader
2021-12-08 13:31:41,075 [pool-244-thread-1] INFO  server.RaftServer$Division (RaftServerImpl.java:<init>(184)) - de466789-f219-440c-aedf-e5c1f469e976: new RaftServerImpl for group-311313A1AD76:[de466789-f219-440c-aedf-e5c1f469e976|rpc:10.1.0.52:34045|priority:1] with ContainerStateMachine:uninitialized
2021-12-08 13:31:41,075 [pool-244-thread-1] INFO  server.RaftServerConfigKeys (ConfUtils.java:logGet(44)) - raft.server.rpc.timeout.min = 5s (custom)
2021-12-08 13:31:41,075 [pool-244-thread-1] INFO  server.RaftServerConfigKeys (ConfUtils.java:logGet(44)) - raft.server.rpc.timeout.max = 5200ms (custom)
2021-12-08 13:31:41,075 [pool-244-thread-1] INFO  server.RaftServerConfigKeys (ConfUtils.java:logGet(44)) - raft.server.rpc.sleep.time = 25ms (default)
2021-12-08 13:31:41,075 [pool-244-thread-1] INFO  server.RaftServerConfigKeys (ConfUtils.java:logGet(44)) - raft.server.rpc.slowness.timeout = 300000ms (custom)
2021-12-08 13:31:41,075 [pool-244-thread-1] INFO  server.RaftServerConfigKeys (ConfUtils.java:logGet(44)) - raft.server.leaderelection.leader.step-down.wait-time = 10s (default)
2021-12-08 13:31:41,075 [pool-244-thread-1] INFO  server.RaftServerConfigKeys (ConfUtils.java:logGet(44)) - raft.server.sleep.deviation.threshold = 300ms (default)
2021-12-08 13:31:41,075 [pool-244-thread-1] INFO  server.RaftServerConfigKeys (ConfUtils.java:logGet(44)) - raft.server.log.appender.install.snapshot.enabled = false (custom)
2021-12-08 13:31:41,075 [pool-244-thread-1] INFO  server.RaftServer$Division (ServerState.java:<init>(105)) - de466789-f219-440c-aedf-e5c1f469e976@group-311313A1AD76: ConfigurationManager, init=-1: [de466789-f219-440c-aedf-e5c1f469e976|rpc:10.1.0.52:34045|priority:1], old=null, confs=<EMPTY_MAP>
2021-12-08 13:31:41,075 [pool-244-thread-1] INFO  server.RaftServerConfigKeys (ConfUtils.java:logGet(44)) - raft.server.storage.dir = [/home/runner/work/ozone/ozone/hadoop-ozone/integration-test/target/test-dir/MiniOzoneClusterImpl-c8c699bf-5dad-4457-9252-d1686169726e/datanode-9/data/ratis] (custom)
2021-12-08 13:31:41,076 [pool-244-thread-1] INFO  server.RaftServerConfigKeys (ConfUtils.java:logGet(44)) - raft.server.log.corruption.policy = EXCEPTION (default)
2021-12-08 13:31:41,076 [pool-244-thread-1] INFO  server.RaftServerConfigKeys (ConfUtils.java:logGet(44)) - raft.server.storage.free-space.min = 0MB (=0) (default)
2021-12-08 13:31:41,076 [pool-244-thread-1] INFO  storage.RaftStorageDirectory (RaftStorageDirectoryImpl.java:analyzeStorage(135)) - The storage directory /home/runner/work/ozone/ozone/hadoop-ozone/integration-test/target/test-dir/MiniOzoneClusterImpl-c8c699bf-5dad-4457-9252-d1686169726e/datanode-9/data/ratis/0ee7fa81-5ab6-4a14-b019-311313a1ad76 does not exist. Creating ...
2021-12-08 13:31:41,077 [pool-244-thread-1] INFO  storage.RaftStorageDirectory (RaftStorageDirectoryImpl.java:tryLock(230)) - Lock on /home/runner/work/ozone/ozone/hadoop-ozone/integration-test/target/test-dir/MiniOzoneClusterImpl-c8c699bf-5dad-4457-9252-d1686169726e/datanode-9/data/ratis/0ee7fa81-5ab6-4a14-b019-311313a1ad76/in_use.lock acquired by nodename 25433@fv-az148-92
2021-12-08 13:31:41,080 [pool-244-thread-1] INFO  storage.RaftStorage (RaftStorageImpl.java:format(89)) - Storage directory /home/runner/work/ozone/ozone/hadoop-ozone/integration-test/target/test-dir/MiniOzoneClusterImpl-c8c699bf-5dad-4457-9252-d1686169726e/datanode-9/data/ratis/0ee7fa81-5ab6-4a14-b019-311313a1ad76 has been successfully formatted.
2021-12-08 13:31:41,082 [pool-244-thread-1] INFO  ratis.ContainerStateMachine (ContainerStateMachine.java:loadSnapshot(231)) - group-311313A1AD76: The snapshot info is null. Setting the last applied indexto:(t:0, i:~)
2021-12-08 13:31:41,082 [pool-244-thread-1] INFO  server.RaftServerConfigKeys (ConfUtils.java:logGet(44)) - raft.server.notification.no-leader.timeout = 300000ms (custom)
2021-12-08 13:31:41,082 [pool-244-thread-1] INFO  server.RaftServerConfigKeys (ConfUtils.java:logGet(44)) - raft.server.log.use.memory = false (default)
2021-12-08 13:31:41,082 [pool-244-thread-1] INFO  server.RaftServerConfigKeys (ConfUtils.java:logGet(44)) - raft.server.log.purge.gap = 1000000 (custom)
2021-12-08 13:31:41,082 [pool-244-thread-1] INFO  server.RaftServerConfigKeys (ConfUtils.java:logGet(44)) - raft.server.log.appender.buffer.byte-limit = 33554432 (custom)
2021-12-08 13:31:41,082 [pool-244-thread-1] INFO  server.RaftServerConfigKeys (ConfUtils.java:logGet(44)) - raft.server.log.segment.size.max = 1048576 (custom)
2021-12-08 13:31:41,083 [pool-244-thread-1] INFO  server.RaftServerConfigKeys (ConfUtils.java:logGet(44)) - raft.server.log.segment.cache.num.max = 2 (custom)
2021-12-08 13:31:41,083 [pool-244-thread-1] INFO  server.RaftServerConfigKeys (ConfUtils.java:logGet(44)) - raft.server.log.segment.cache.size.max = 200MB (=209715200) (default)
2021-12-08 13:31:41,083 [pool-244-thread-1] INFO  segmented.SegmentedRaftLogWorker (SegmentedRaftLogWorker.java:<init>(182)) - new de466789-f219-440c-aedf-e5c1f469e976@group-311313A1AD76-SegmentedRaftLogWorker for RaftStorageImpl:Storage Directory /home/runner/work/ozone/ozone/hadoop-ozone/integration-test/target/test-dir/MiniOzoneClusterImpl-c8c699bf-5dad-4457-9252-d1686169726e/datanode-9/data/ratis/0ee7fa81-5ab6-4a14-b019-311313a1ad76
2021-12-08 13:31:41,083 [pool-244-thread-1] INFO  server.RaftServerConfigKeys (ConfUtils.java:logGet(44)) - raft.server.log.queue.byte-limit = 2147483647 (custom)
2021-12-08 13:31:41,083 [pool-244-thread-1] INFO  server.RaftServerConfigKeys (ConfUtils.java:logGet(44)) - raft.server.log.queue.element-limit = 1024 (custom)
2021-12-08 13:31:41,083 [EventQueue-PipelineReportForPipelineReportHandler] INFO  pipeline.PipelineManagerImpl (PipelineManagerImpl.java:openPipeline(291)) - Pipeline Pipeline[ Id: 0ee7fa81-5ab6-4a14-b019-311313a1ad76, Nodes: de466789-f219-440c-aedf-e5c1f469e976{ip: 10.1.0.52, host: fv-az148-92.bm4ck3pvxvsene1rjriu5fhcdb.bx.internal.cloudapp.net, ports: [REPLICATION=41677, RATIS=34045, RATIS_ADMIN=34045, RATIS_SERVER=34045, STANDALONE=37545], networkLocation: /default-rack, certSerialId: null, persistedOpState: IN_SERVICE, persistedOpStateExpiryEpochSec: 0}, ReplicationConfig: RATIS/ONE, State:ALLOCATED, leaderId:de466789-f219-440c-aedf-e5c1f469e976, CreationTimestamp2021-12-08T13:31:38.073Z[Etc/UTC]] moved to OPEN state
2021-12-08 13:31:41,083 [pool-244-thread-1] INFO  server.RaftServerConfigKeys (ConfUtils.java:logGet(44)) - raft.server.log.segment.size.max = 1048576 (custom)
2021-12-08 13:31:41,083 [pool-244-thread-1] INFO  server.RaftServerConfigKeys (ConfUtils.java:logGet(44)) - raft.server.log.preallocated.size = 16384 (custom)
2021-12-08 13:31:41,083 [pool-244-thread-1] INFO  server.RaftServerConfigKeys (ConfUtils.java:logGet(44)) - raft.server.log.force.sync.num = 128 (default)
2021-12-08 13:31:41,084 [pool-244-thread-1] INFO  server.RaftServerConfigKeys (ConfUtils.java:logGet(44)) - raft.server.log.statemachine.data.sync = true (default)
2021-12-08 13:31:41,084 [pool-244-thread-1] INFO  server.RaftServerConfigKeys (ConfUtils.java:logGet(44)) - raft.server.log.statemachine.data.sync.timeout = 10s (default)
2021-12-08 13:31:41,084 [pool-244-thread-1] INFO  server.RaftServerConfigKeys (ConfUtils.java:logGet(44)) - raft.server.log.statemachine.data.sync.timeout.retry = -1 (default)
2021-12-08 13:31:41,084 [EventQueue-OpenPipelineForHealthyPipelineSafeModeRule] INFO  safemode.SCMSafeModeManager (HealthyPipelineSafeModeRule.java:process(124)) - SCM in safe mode. Healthy pipelines reported count is 0, required healthy pipeline reported count is 1
2021-12-08 13:31:41,089 [pool-244-thread-1] INFO  server.RaftServerConfigKeys (ConfUtils.java:logGet(44)) - raft.server.log.write.buffer.size = 1048576 (custom)
2021-12-08 13:31:41,090 [pool-244-thread-1] INFO  server.RaftServerConfigKeys (ConfUtils.java:logGet(44)) - raft.server.log.statemachine.data.caching.enabled = true (custom)
2021-12-08 13:31:41,090 [pool-244-thread-1] INFO  segmented.SegmentedRaftLogWorker (SegmentedRaftLogWorker.java:lambda$new$0(133)) - de466789-f219-440c-aedf-e5c1f469e976@group-311313A1AD76-SegmentedRaftLogWorker: flushIndex: setUnconditionally 0 -> -1
2021-12-08 13:31:41,090 [pool-244-thread-1] INFO  segmented.SegmentedRaftLogWorker (SegmentedRaftLogWorker.java:lambda$new$0(133)) - de466789-f219-440c-aedf-e5c1f469e976@group-311313A1AD76-SegmentedRaftLogWorker: safeCacheEvictIndex: setUnconditionally 0 -> -1
2021-12-08 13:31:41,090 [pool-244-thread-1] INFO  server.RaftServerConfigKeys (ConfUtils.java:logGet(44)) - raft.server.snapshot.auto.trigger.enabled = true (custom)
2021-12-08 13:31:41,090 [pool-244-thread-1] INFO  server.RaftServerConfigKeys (ConfUtils.java:logGet(44)) - raft.server.snapshot.auto.trigger.threshold = 1 (custom)
2021-12-08 13:31:41,090 [pool-244-thread-1] INFO  server.RaftServerConfigKeys (ConfUtils.java:logGet(44)) - raft.server.snapshot.retention.file.num = 5 (custom)
2021-12-08 13:31:41,091 [pool-244-thread-1] INFO  server.RaftServerConfigKeys (ConfUtils.java:logGet(44)) - raft.server.log.purge.upto.snapshot.index = false (default)
2021-12-08 13:31:41,091 [pool-244-thread-1] INFO  server.RaftServerConfigKeys (ConfUtils.java:logGet(44)) - raft.server.retrycache.expirytime = 600000ms (custom)
2021-12-08 13:31:41,091 [pool-244-thread-1] INFO  server.RaftServerConfigKeys (ConfUtils.java:logGet(44)) - raft.server.retrycache.statistics.expirytime = 100μs (default)
2021-12-08 13:31:41,093 [pool-244-thread-1] INFO  server.RaftServer$Division (RaftServerImpl.java:start(301)) - de466789-f219-440c-aedf-e5c1f469e976@group-311313A1AD76: start as a follower, conf=-1: [de466789-f219-440c-aedf-e5c1f469e976|rpc:10.1.0.52:34045|priority:1], old=null
2021-12-08 13:31:41,093 [pool-244-thread-1] INFO  server.RaftServer$Division (RaftServerImpl.java:setRole(290)) - de466789-f219-440c-aedf-e5c1f469e976@group-311313A1AD76: changes role from      null to FOLLOWER at term 0 for startAsFollower
2021-12-08 13:31:41,093 [pool-244-thread-1] INFO  impl.RoleInfo (RoleInfo.java:updateAndGet(130)) - de466789-f219-440c-aedf-e5c1f469e976: start de466789-f219-440c-aedf-e5c1f469e976@group-311313A1AD76-FollowerState
2021-12-08 13:31:41,093 [pool-244-thread-1] INFO  util.JmxRegister (JmxRegister.java:tryRegister(44)) - Successfully registered JMX Bean with object name Ratis:service=RaftServer,group=group-311313A1AD76,id=de466789-f219-440c-aedf-e5c1f469e976
2021-12-08 13:31:41,095 [Command processor thread] INFO  ratis.XceiverServerRatis (XceiverServerRatis.java:addGroup(768)) - Created group PipelineID=0ee7fa81-5ab6-4a14-b019-311313a1ad76
2021-12-08 13:31:41,095 [Command processor thread] INFO  commandhandler.CreatePipelineCommandHandler (CreatePipelineCommandHandler.java:handle(106)) - Created Pipeline RATIS ONE PipelineID=0ee7fa81-5ab6-4a14-b019-311313a1ad76.
2021-12-08 13:31:41,106 [EventQueue-OpenPipelineForHealthyPipelineSafeModeRule] INFO  safemode.SCMSafeModeManager (HealthyPipelineSafeModeRule.java:process(124)) - SCM in safe mode. Healthy pipelines reported count is 0, required healthy pipeline reported count is 1
2021-12-08 13:31:41,111 [EventQueue-OpenPipelineForHealthyPipelineSafeModeRule] INFO  safemode.SCMSafeModeManager (HealthyPipelineSafeModeRule.java:process(124)) - SCM in safe mode. Healthy pipelines reported count is 0, required healthy pipeline reported count is 1
2021-12-08 13:31:41,156 [EventQueue-OpenPipelineForHealthyPipelineSafeModeRule] INFO  safemode.SCMSafeModeManager (HealthyPipelineSafeModeRule.java:process(124)) - SCM in safe mode. Healthy pipelines reported count is 0, required healthy pipeline reported count is 1
2021-12-08 13:31:41,183 [EventQueue-OpenPipelineForHealthyPipelineSafeModeRule] INFO  safemode.SCMSafeModeManager (HealthyPipelineSafeModeRule.java:process(124)) - SCM in safe mode. Healthy pipelines reported count is 0, required healthy pipeline reported count is 1
2021-12-08 13:31:41,196 [EventQueue-OpenPipelineForHealthyPipelineSafeModeRule] INFO  safemode.SCMSafeModeManager (HealthyPipelineSafeModeRule.java:process(124)) - SCM in safe mode. Healthy pipelines reported count is 0, required healthy pipeline reported count is 1
2021-12-08 13:31:41,235 [EventQueue-OpenPipelineForHealthyPipelineSafeModeRule] INFO  safemode.SCMSafeModeManager (HealthyPipelineSafeModeRule.java:process(124)) - SCM in safe mode. Healthy pipelines reported count is 0, required healthy pipeline reported count is 1
2021-12-08 13:31:41,274 [EventQueue-OpenPipelineForHealthyPipelineSafeModeRule] INFO  safemode.SCMSafeModeManager (HealthyPipelineSafeModeRule.java:process(124)) - SCM in safe mode. Healthy pipelines reported count is 0, required healthy pipeline reported count is 1
2021-12-08 13:31:41,283 [EventQueue-OpenPipelineForHealthyPipelineSafeModeRule] INFO  safemode.SCMSafeModeManager (HealthyPipelineSafeModeRule.java:process(124)) - SCM in safe mode. Healthy pipelines reported count is 0, required healthy pipeline reported count is 1
2021-12-08 13:31:41,295 [EventQueue-OpenPipelineForHealthyPipelineSafeModeRule] INFO  safemode.SCMSafeModeManager (HealthyPipelineSafeModeRule.java:process(124)) - SCM in safe mode. Healthy pipelines reported count is 0, required healthy pipeline reported count is 1
2021-12-08 13:31:41,306 [EventQueue-OpenPipelineForHealthyPipelineSafeModeRule] INFO  safemode.SCMSafeModeManager (HealthyPipelineSafeModeRule.java:process(124)) - SCM in safe mode. Healthy pipelines reported count is 0, required healthy pipeline reported count is 1
2021-12-08 13:31:41,356 [EventQueue-OpenPipelineForHealthyPipelineSafeModeRule] INFO  safemode.SCMSafeModeManager (HealthyPipelineSafeModeRule.java:process(124)) - SCM in safe mode. Healthy pipelines reported count is 0, required healthy pipeline reported count is 1
2021-12-08 13:31:41,396 [EventQueue-OpenPipelineForHealthyPipelineSafeModeRule] INFO  safemode.SCMSafeModeManager (HealthyPipelineSafeModeRule.java:process(124)) - SCM in safe mode. Healthy pipelines reported count is 0, required healthy pipeline reported count is 1
2021-12-08 13:31:41,434 [EventQueue-OpenPipelineForHealthyPipelineSafeModeRule] INFO  safemode.SCMSafeModeManager (HealthyPipelineSafeModeRule.java:process(124)) - SCM in safe mode. Healthy pipelines reported count is 0, required healthy pipeline reported count is 1
2021-12-08 13:31:41,451 [EventQueue-OpenPipelineForHealthyPipelineSafeModeRule] INFO  safemode.SCMSafeModeManager (HealthyPipelineSafeModeRule.java:process(124)) - SCM in safe mode. Healthy pipelines reported count is 0, required healthy pipeline reported count is 1
2021-12-08 13:31:41,474 [EventQueue-OpenPipelineForHealthyPipelineSafeModeRule] INFO  safemode.SCMSafeModeManager (HealthyPipelineSafeModeRule.java:process(124)) - SCM in safe mode. Healthy pipelines reported count is 0, required healthy pipeline reported count is 1
2021-12-08 13:31:41,484 [EventQueue-OpenPipelineForHealthyPipelineSafeModeRule] INFO  safemode.SCMSafeModeManager (HealthyPipelineSafeModeRule.java:process(124)) - SCM in safe mode. Healthy pipelines reported count is 0, required healthy pipeline reported count is 1
2021-12-08 13:31:41,496 [EventQueue-OpenPipelineForHealthyPipelineSafeModeRule] INFO  safemode.SCMSafeModeManager (HealthyPipelineSafeModeRule.java:process(124)) - SCM in safe mode. Healthy pipelines reported count is 0, required healthy pipeline reported count is 1
2021-12-08 13:31:41,506 [EventQueue-OpenPipelineForHealthyPipelineSafeModeRule] INFO  safemode.SCMSafeModeManager (HealthyPipelineSafeModeRule.java:process(124)) - SCM in safe mode. Healthy pipelines reported count is 0, required healthy pipeline reported count is 1
2021-12-08 13:31:41,512 [EventQueue-OpenPipelineForHealthyPipelineSafeModeRule] INFO  safemode.SCMSafeModeManager (HealthyPipelineSafeModeRule.java:process(124)) - SCM in safe mode. Healthy pipelines reported count is 0, required healthy pipeline reported count is 1
2021-12-08 13:31:41,582 [EventQueue-OpenPipelineForHealthyPipelineSafeModeRule] INFO  safemode.SCMSafeModeManager (HealthyPipelineSafeModeRule.java:process(124)) - SCM in safe mode. Healthy pipelines reported count is 0, required healthy pipeline reported count is 1
2021-12-08 13:31:41,674 [EventQueue-OpenPipelineForHealthyPipelineSafeModeRule] INFO  safemode.SCMSafeModeManager (HealthyPipelineSafeModeRule.java:process(124)) - SCM in safe mode. Healthy pipelines reported count is 0, required healthy pipeline reported count is 1
2021-12-08 13:31:41,712 [EventQueue-OpenPipelineForHealthyPipelineSafeModeRule] INFO  safemode.SCMSafeModeManager (HealthyPipelineSafeModeRule.java:process(124)) - SCM in safe mode. Healthy pipelines reported count is 0, required healthy pipeline reported count is 1
2021-12-08 13:31:41,757 [EventQueue-OpenPipelineForHealthyPipelineSafeModeRule] INFO  safemode.SCMSafeModeManager (HealthyPipelineSafeModeRule.java:process(124)) - SCM in safe mode. Healthy pipelines reported count is 0, required healthy pipeline reported count is 1
2021-12-08 13:31:41,782 [EventQueue-OpenPipelineForHealthyPipelineSafeModeRule] INFO  safemode.SCMSafeModeManager (HealthyPipelineSafeModeRule.java:process(124)) - SCM in safe mode. Healthy pipelines reported count is 0, required healthy pipeline reported count is 1
2021-12-08 13:31:41,796 [EventQueue-OpenPipelineForHealthyPipelineSafeModeRule] INFO  safemode.SCMSafeModeManager (HealthyPipelineSafeModeRule.java:process(124)) - SCM in safe mode. Healthy pipelines reported count is 0, required healthy pipeline reported count is 1
2021-12-08 13:31:41,836 [EventQueue-OpenPipelineForHealthyPipelineSafeModeRule] INFO  safemode.SCMSafeModeManager (HealthyPipelineSafeModeRule.java:process(124)) - SCM in safe mode. Healthy pipelines reported count is 0, required healthy pipeline reported count is 1
2021-12-08 13:31:41,851 [EventQueue-OpenPipelineForHealthyPipelineSafeModeRule] INFO  safemode.SCMSafeModeManager (HealthyPipelineSafeModeRule.java:process(124)) - SCM in safe mode. Healthy pipelines reported count is 0, required healthy pipeline reported count is 1
2021-12-08 13:31:41,884 [EventQueue-OpenPipelineForHealthyPipelineSafeModeRule] INFO  safemode.SCMSafeModeManager (HealthyPipelineSafeModeRule.java:process(124)) - SCM in safe mode. Healthy pipelines reported count is 0, required healthy pipeline reported count is 1
2021-12-08 13:31:41,896 [EventQueue-OpenPipelineForHealthyPipelineSafeModeRule] INFO  safemode.SCMSafeModeManager (HealthyPipelineSafeModeRule.java:process(124)) - SCM in safe mode. Healthy pipelines reported count is 0, required healthy pipeline reported count is 1
2021-12-08 13:31:41,908 [EventQueue-OpenPipelineForHealthyPipelineSafeModeRule] INFO  safemode.SCMSafeModeManager (HealthyPipelineSafeModeRule.java:process(124)) - SCM in safe mode. Healthy pipelines reported count is 0, required healthy pipeline reported count is 1
2021-12-08 13:31:41,913 [EventQueue-OpenPipelineForHealthyPipelineSafeModeRule] INFO  safemode.SCMSafeModeManager (HealthyPipelineSafeModeRule.java:process(124)) - SCM in safe mode. Healthy pipelines reported count is 0, required healthy pipeline reported count is 1
2021-12-08 13:31:42,036 [EventQueue-OpenPipelineForHealthyPipelineSafeModeRule] INFO  safemode.SCMSafeModeManager (HealthyPipelineSafeModeRule.java:process(124)) - SCM in safe mode. Healthy pipelines reported count is 0, required healthy pipeline reported count is 1
2021-12-08 13:31:42,050 [EventQueue-OpenPipelineForHealthyPipelineSafeModeRule] INFO  safemode.SCMSafeModeManager (HealthyPipelineSafeModeRule.java:process(124)) - SCM in safe mode. Healthy pipelines reported count is 0, required healthy pipeline reported count is 1
2021-12-08 13:31:42,073 [Listener at 127.0.0.1/44261] INFO  ozone.MiniOzoneClusterImpl (MiniOzoneClusterImpl.java:lambda$waitForClusterToBeReady$0(235)) - Nodes are ready. Got 10 of 10 DN Heartbeats.
2021-12-08 13:31:42,073 [Listener at 127.0.0.1/44261] INFO  ozone.MiniOzoneClusterImpl (MiniOzoneClusterImpl.java:lambda$waitForClusterToBeReady$0(238)) - Waiting for cluster to exit safe mode
2021-12-08 13:31:42,074 [Listener at 127.0.0.1/44261] INFO  ozone.MiniOzoneClusterImpl (MiniOzoneClusterImpl.java:lambda$waitForClusterToBeReady$0(240)) - SCM became leader
2021-12-08 13:31:42,075 [EventQueue-OpenPipelineForHealthyPipelineSafeModeRule] INFO  safemode.SCMSafeModeManager (HealthyPipelineSafeModeRule.java:process(124)) - SCM in safe mode. Healthy pipelines reported count is 0, required healthy pipeline reported count is 1
2021-12-08 13:31:42,084 [EventQueue-OpenPipelineForHealthyPipelineSafeModeRule] INFO  safemode.SCMSafeModeManager (HealthyPipelineSafeModeRule.java:process(124)) - SCM in safe mode. Healthy pipelines reported count is 0, required healthy pipeline reported count is 1
2021-12-08 13:31:42,095 [EventQueue-OpenPipelineForHealthyPipelineSafeModeRule] INFO  safemode.SCMSafeModeManager (HealthyPipelineSafeModeRule.java:process(124)) - SCM in safe mode. Healthy pipelines reported count is 0, required healthy pipeline reported count is 1
2021-12-08 13:31:42,108 [EventQueue-OpenPipelineForHealthyPipelineSafeModeRule] INFO  safemode.SCMSafeModeManager (HealthyPipelineSafeModeRule.java:process(124)) - SCM in safe mode. Healthy pipelines reported count is 0, required healthy pipeline reported count is 1
2021-12-08 13:31:42,156 [EventQueue-OpenPipelineForHealthyPipelineSafeModeRule] INFO  safemode.SCMSafeModeManager (HealthyPipelineSafeModeRule.java:process(124)) - SCM in safe mode. Healthy pipelines reported count is 0, required healthy pipeline reported count is 1
2021-12-08 13:31:42,182 [EventQueue-OpenPipelineForHealthyPipelineSafeModeRule] INFO  safemode.SCMSafeModeManager (HealthyPipelineSafeModeRule.java:process(124)) - SCM in safe mode. Healthy pipelines reported count is 0, required healthy pipeline reported count is 1
2021-12-08 13:31:42,196 [EventQueue-OpenPipelineForHealthyPipelineSafeModeRule] INFO  safemode.SCMSafeModeManager (HealthyPipelineSafeModeRule.java:process(124)) - SCM in safe mode. Healthy pipelines reported count is 0, required healthy pipeline reported count is 1
2021-12-08 13:31:42,236 [EventQueue-OpenPipelineForHealthyPipelineSafeModeRule] INFO  safemode.SCMSafeModeManager (HealthyPipelineSafeModeRule.java:process(124)) - SCM in safe mode. Healthy pipelines reported count is 0, required healthy pipeline reported count is 1
2021-12-08 13:31:42,285 [EventQueue-OpenPipelineForHealthyPipelineSafeModeRule] INFO  safemode.SCMSafeModeManager (HealthyPipelineSafeModeRule.java:process(124)) - SCM in safe mode. Healthy pipelines reported count is 0, required healthy pipeline reported count is 1
2021-12-08 13:31:42,313 [EventQueue-OpenPipelineForHealthyPipelineSafeModeRule] INFO  safemode.SCMSafeModeManager (HealthyPipelineSafeModeRule.java:process(124)) - SCM in safe mode. Healthy pipelines reported count is 0, required healthy pipeline reported count is 1
2021-12-08 13:31:42,357 [EventQueue-OpenPipelineForHealthyPipelineSafeModeRule] INFO  safemode.SCMSafeModeManager (HealthyPipelineSafeModeRule.java:process(124)) - SCM in safe mode. Healthy pipelines reported count is 0, required healthy pipeline reported count is 1
2021-12-08 13:31:42,452 [EventQueue-OpenPipelineForHealthyPipelineSafeModeRule] INFO  safemode.SCMSafeModeManager (HealthyPipelineSafeModeRule.java:process(124)) - SCM in safe mode. Healthy pipelines reported count is 0, required healthy pipeline reported count is 1
2021-12-08 13:31:42,476 [EventQueue-OpenPipelineForHealthyPipelineSafeModeRule] INFO  safemode.SCMSafeModeManager (HealthyPipelineSafeModeRule.java:process(124)) - SCM in safe mode. Healthy pipelines reported count is 0, required healthy pipeline reported count is 1
2021-12-08 13:31:42,485 [EventQueue-OpenPipelineForHealthyPipelineSafeModeRule] INFO  safemode.SCMSafeModeManager (HealthyPipelineSafeModeRule.java:process(124)) - SCM in safe mode. Healthy pipelines reported count is 0, required healthy pipeline reported count is 1
2021-12-08 13:31:42,496 [EventQueue-OpenPipelineForHealthyPipelineSafeModeRule] INFO  safemode.SCMSafeModeManager (HealthyPipelineSafeModeRule.java:process(124)) - SCM in safe mode. Healthy pipelines reported count is 0, required healthy pipeline reported count is 1
2021-12-08 13:31:42,509 [EventQueue-OpenPipelineForHealthyPipelineSafeModeRule] INFO  safemode.SCMSafeModeManager (HealthyPipelineSafeModeRule.java:process(124)) - SCM in safe mode. Healthy pipelines reported count is 0, required healthy pipeline reported count is 1
2021-12-08 13:31:42,514 [EventQueue-OpenPipelineForHealthyPipelineSafeModeRule] INFO  safemode.SCMSafeModeManager (HealthyPipelineSafeModeRule.java:process(124)) - SCM in safe mode. Healthy pipelines reported count is 0, required healthy pipeline reported count is 1
2021-12-08 13:31:42,556 [EventQueue-OpenPipelineForHealthyPipelineSafeModeRule] INFO  safemode.SCMSafeModeManager (HealthyPipelineSafeModeRule.java:process(124)) - SCM in safe mode. Healthy pipelines reported count is 0, required healthy pipeline reported count is 1
2021-12-08 13:31:42,582 [EventQueue-OpenPipelineForHealthyPipelineSafeModeRule] INFO  safemode.SCMSafeModeManager (HealthyPipelineSafeModeRule.java:process(124)) - SCM in safe mode. Healthy pipelines reported count is 0, required healthy pipeline reported count is 1
2021-12-08 13:31:42,597 [EventQueue-OpenPipelineForHealthyPipelineSafeModeRule] INFO  safemode.SCMSafeModeManager (HealthyPipelineSafeModeRule.java:process(124)) - SCM in safe mode. Healthy pipelines reported count is 0, required healthy pipeline reported count is 1
2021-12-08 13:31:42,637 [EventQueue-OpenPipelineForHealthyPipelineSafeModeRule] INFO  safemode.SCMSafeModeManager (HealthyPipelineSafeModeRule.java:process(124)) - SCM in safe mode. Healthy pipelines reported count is 0, required healthy pipeline reported count is 1
2021-12-08 13:31:42,676 [EventQueue-OpenPipelineForHealthyPipelineSafeModeRule] INFO  safemode.SCMSafeModeManager (HealthyPipelineSafeModeRule.java:process(124)) - SCM in safe mode. Healthy pipelines reported count is 0, required healthy pipeline reported count is 1
2021-12-08 13:31:42,697 [EventQueue-OpenPipelineForHealthyPipelineSafeModeRule] INFO  safemode.SCMSafeModeManager (HealthyPipelineSafeModeRule.java:process(124)) - SCM in safe mode. Healthy pipelines reported count is 0, required healthy pipeline reported count is 1
2021-12-08 13:31:42,708 [EventQueue-OpenPipelineForHealthyPipelineSafeModeRule] INFO  safemode.SCMSafeModeManager (HealthyPipelineSafeModeRule.java:process(124)) - SCM in safe mode. Healthy pipelines reported count is 0, required healthy pipeline reported count is 1
2021-12-08 13:31:42,782 [EventQueue-OpenPipelineForHealthyPipelineSafeModeRule] INFO  safemode.SCMSafeModeManager (HealthyPipelineSafeModeRule.java:process(124)) - SCM in safe mode. Healthy pipelines reported count is 0, required healthy pipeline reported count is 1
2021-12-08 13:31:42,797 [EventQueue-OpenPipelineForHealthyPipelineSafeModeRule] INFO  safemode.SCMSafeModeManager (HealthyPipelineSafeModeRule.java:process(124)) - SCM in safe mode. Healthy pipelines reported count is 0, required healthy pipeline reported count is 1
2021-12-08 13:31:42,837 [EventQueue-OpenPipelineForHealthyPipelineSafeModeRule] INFO  safemode.SCMSafeModeManager (HealthyPipelineSafeModeRule.java:process(124)) - SCM in safe mode. Healthy pipelines reported count is 0, required healthy pipeline reported count is 1
2021-12-08 13:31:42,852 [EventQueue-OpenPipelineForHealthyPipelineSafeModeRule] INFO  safemode.SCMSafeModeManager (HealthyPipelineSafeModeRule.java:process(124)) - SCM in safe mode. Healthy pipelines reported count is 0, required healthy pipeline reported count is 1
2021-12-08 13:31:42,885 [EventQueue-OpenPipelineForHealthyPipelineSafeModeRule] INFO  safemode.SCMSafeModeManager (HealthyPipelineSafeModeRule.java:process(124)) - SCM in safe mode. Healthy pipelines reported count is 0, required healthy pipeline reported count is 1
2021-12-08 13:31:42,896 [EventQueue-OpenPipelineForHealthyPipelineSafeModeRule] INFO  safemode.SCMSafeModeManager (HealthyPipelineSafeModeRule.java:process(124)) - SCM in safe mode. Healthy pipelines reported count is 0, required healthy pipeline reported count is 1
2021-12-08 13:31:42,914 [EventQueue-OpenPipelineForHealthyPipelineSafeModeRule] INFO  safemode.SCMSafeModeManager (HealthyPipelineSafeModeRule.java:process(124)) - SCM in safe mode. Healthy pipelines reported count is 0, required healthy pipeline reported count is 1
2021-12-08 13:31:42,956 [EventQueue-OpenPipelineForHealthyPipelineSafeModeRule] INFO  safemode.SCMSafeModeManager (HealthyPipelineSafeModeRule.java:process(124)) - SCM in safe mode. Healthy pipelines reported count is 0, required healthy pipeline reported count is 1
2021-12-08 13:31:42,998 [EventQueue-OpenPipelineForHealthyPipelineSafeModeRule] INFO  safemode.SCMSafeModeManager (HealthyPipelineSafeModeRule.java:process(124)) - SCM in safe mode. Healthy pipelines reported count is 0, required healthy pipeline reported count is 1
2021-12-08 13:31:43,051 [EventQueue-OpenPipelineForHealthyPipelineSafeModeRule] INFO  safemode.SCMSafeModeManager (HealthyPipelineSafeModeRule.java:process(124)) - SCM in safe mode. Healthy pipelines reported count is 0, required healthy pipeline reported count is 1
2021-12-08 13:31:43,074 [Listener at 127.0.0.1/44261] INFO  ozone.MiniOzoneClusterImpl (MiniOzoneClusterImpl.java:lambda$waitForClusterToBeReady$0(235)) - Nodes are ready. Got 10 of 10 DN Heartbeats.
2021-12-08 13:31:43,074 [Listener at 127.0.0.1/44261] INFO  ozone.MiniOzoneClusterImpl (MiniOzoneClusterImpl.java:lambda$waitForClusterToBeReady$0(238)) - Waiting for cluster to exit safe mode
2021-12-08 13:31:43,074 [Listener at 127.0.0.1/44261] INFO  ozone.MiniOzoneClusterImpl (MiniOzoneClusterImpl.java:lambda$waitForClusterToBeReady$0(240)) - SCM became leader
2021-12-08 13:31:43,076 [EventQueue-OpenPipelineForHealthyPipelineSafeModeRule] INFO  safemode.SCMSafeModeManager (HealthyPipelineSafeModeRule.java:process(124)) - SCM in safe mode. Healthy pipelines reported count is 0, required healthy pipeline reported count is 1
2021-12-08 13:31:43,097 [EventQueue-OpenPipelineForHealthyPipelineSafeModeRule] INFO  safemode.SCMSafeModeManager (HealthyPipelineSafeModeRule.java:process(124)) - SCM in safe mode. Healthy pipelines reported count is 0, required healthy pipeline reported count is 1
2021-12-08 13:31:43,109 [EventQueue-OpenPipelineForHealthyPipelineSafeModeRule] INFO  safemode.SCMSafeModeManager (HealthyPipelineSafeModeRule.java:process(124)) - SCM in safe mode. Healthy pipelines reported count is 0, required healthy pipeline reported count is 1
2021-12-08 13:31:43,113 [EventQueue-OpenPipelineForHealthyPipelineSafeModeRule] INFO  safemode.SCMSafeModeManager (HealthyPipelineSafeModeRule.java:process(124)) - SCM in safe mode. Healthy pipelines reported count is 0, required healthy pipeline reported count is 1
2021-12-08 13:31:43,182 [EventQueue-OpenPipelineForHealthyPipelineSafeModeRule] INFO  safemode.SCMSafeModeManager (HealthyPipelineSafeModeRule.java:process(124)) - SCM in safe mode. Healthy pipelines reported count is 0, required healthy pipeline reported count is 1
2021-12-08 13:31:43,237 [EventQueue-OpenPipelineForHealthyPipelineSafeModeRule] INFO  safemode.SCMSafeModeManager (HealthyPipelineSafeModeRule.java:process(124)) - SCM in safe mode. Healthy pipelines reported count is 0, required healthy pipeline reported count is 1
2021-12-08 13:31:43,285 [EventQueue-OpenPipelineForHealthyPipelineSafeModeRule] INFO  safemode.SCMSafeModeManager (HealthyPipelineSafeModeRule.java:process(124)) - SCM in safe mode. Healthy pipelines reported count is 0, required healthy pipeline reported count is 1
2021-12-08 13:31:43,308 [EventQueue-OpenPipelineForHealthyPipelineSafeModeRule] INFO  safemode.SCMSafeModeManager (HealthyPipelineSafeModeRule.java:process(124)) - SCM in safe mode. Healthy pipelines reported count is 0, required healthy pipeline reported count is 1
2021-12-08 13:31:43,355 [EventQueue-OpenPipelineForHealthyPipelineSafeModeRule] INFO  safemode.SCMSafeModeManager (HealthyPipelineSafeModeRule.java:process(124)) - SCM in safe mode. Healthy pipelines reported count is 0, required healthy pipeline reported count is 1
2021-12-08 13:31:43,382 [EventQueue-OpenPipelineForHealthyPipelineSafeModeRule] INFO  safemode.SCMSafeModeManager (HealthyPipelineSafeModeRule.java:process(124)) - SCM in safe mode. Healthy pipelines reported count is 0, required healthy pipeline reported count is 1
2021-12-08 13:31:43,398 [EventQueue-OpenPipelineForHealthyPipelineSafeModeRule] INFO  safemode.SCMSafeModeManager (HealthyPipelineSafeModeRule.java:process(124)) - SCM in safe mode. Healthy pipelines reported count is 0, required healthy pipeline reported count is 1
2021-12-08 13:31:43,437 [EventQueue-OpenPipelineForHealthyPipelineSafeModeRule] INFO  safemode.SCMSafeModeManager (HealthyPipelineSafeModeRule.java:process(124)) - SCM in safe mode. Healthy pipelines reported count is 0, required healthy pipeline reported count is 1
2021-12-08 13:31:43,452 [EventQueue-OpenPipelineForHealthyPipelineSafeModeRule] INFO  safemode.SCMSafeModeManager (HealthyPipelineSafeModeRule.java:process(124)) - SCM in safe mode. Healthy pipelines reported count is 0, required healthy pipeline reported count is 1
2021-12-08 13:31:43,478 [EventQueue-OpenPipelineForHealthyPipelineSafeModeRule] INFO  safemode.SCMSafeModeManager (HealthyPipelineSafeModeRule.java:process(124)) - SCM in safe mode. Healthy pipelines reported count is 0, required healthy pipeline reported count is 1
2021-12-08 13:31:43,486 [EventQueue-OpenPipelineForHealthyPipelineSafeModeRule] INFO  safemode.SCMSafeModeManager (HealthyPipelineSafeModeRule.java:process(124)) - SCM in safe mode. Healthy pipelines reported count is 0, required healthy pipeline reported count is 1
2021-12-08 13:31:43,497 [EventQueue-OpenPipelineForHealthyPipelineSafeModeRule] INFO  safemode.SCMSafeModeManager (HealthyPipelineSafeModeRule.java:process(124)) - SCM in safe mode. Healthy pipelines reported count is 0, required healthy pipeline reported count is 1
2021-12-08 13:31:43,513 [EventQueue-OpenPipelineForHealthyPipelineSafeModeRule] INFO  safemode.SCMSafeModeManager (HealthyPipelineSafeModeRule.java:process(124)) - SCM in safe mode. Healthy pipelines reported count is 0, required healthy pipeline reported count is 1
2021-12-08 13:31:43,599 [EventQueue-OpenPipelineForHealthyPipelineSafeModeRule] INFO  safemode.SCMSafeModeManager (HealthyPipelineSafeModeRule.java:process(124)) - SCM in safe mode. Healthy pipelines reported count is 0, required healthy pipeline reported count is 1
2021-12-08 13:31:43,653 [EventQueue-OpenPipelineForHealthyPipelineSafeModeRule] INFO  safemode.SCMSafeModeManager (HealthyPipelineSafeModeRule.java:process(124)) - SCM in safe mode. Healthy pipelines reported count is 0, required healthy pipeline reported count is 1
2021-12-08 13:31:43,657 [425f6569-dffe-4347-8a0f-4e8ceefdc693@group-B8539BDB2729-FollowerState] INFO  impl.FollowerState (FollowerState.java:run(134)) - 425f6569-dffe-4347-8a0f-4e8ceefdc693@group-B8539BDB2729-FollowerState: change to CANDIDATE, lastRpcElapsedTime:5051024659ns, electionTimeout:5049ms
2021-12-08 13:31:43,657 [425f6569-dffe-4347-8a0f-4e8ceefdc693@group-B8539BDB2729-FollowerState] INFO  impl.RoleInfo (RoleInfo.java:shutdownFollowerState(108)) - 425f6569-dffe-4347-8a0f-4e8ceefdc693: shutdown 425f6569-dffe-4347-8a0f-4e8ceefdc693@group-B8539BDB2729-FollowerState
2021-12-08 13:31:43,657 [425f6569-dffe-4347-8a0f-4e8ceefdc693@group-B8539BDB2729-FollowerState] INFO  server.RaftServer$Division (RaftServerImpl.java:setRole(290)) - 425f6569-dffe-4347-8a0f-4e8ceefdc693@group-B8539BDB2729: changes role from  FOLLOWER to CANDIDATE at term 0 for changeToCandidate
2021-12-08 13:31:43,659 [425f6569-dffe-4347-8a0f-4e8ceefdc693@group-B8539BDB2729-FollowerState] INFO  server.RaftServerConfigKeys (ConfUtils.java:logGet(44)) - raft.server.leaderelection.pre-vote = false (custom)
2021-12-08 13:31:43,659 [425f6569-dffe-4347-8a0f-4e8ceefdc693@group-B8539BDB2729-FollowerState] INFO  impl.RoleInfo (RoleInfo.java:updateAndGet(130)) - 425f6569-dffe-4347-8a0f-4e8ceefdc693: start 425f6569-dffe-4347-8a0f-4e8ceefdc693@group-B8539BDB2729-LeaderElection2
2021-12-08 13:31:43,662 [425f6569-dffe-4347-8a0f-4e8ceefdc693@group-B8539BDB2729-LeaderElection2] INFO  impl.LeaderElection (LeaderElection.java:askForVotes(306)) - 425f6569-dffe-4347-8a0f-4e8ceefdc693@group-B8539BDB2729-LeaderElection2 ELECTION round 0: submit vote requests at term 1 for -1: [425f6569-dffe-4347-8a0f-4e8ceefdc693|rpc:10.1.0.52:38009|priority:1], old=null
2021-12-08 13:31:43,662 [425f6569-dffe-4347-8a0f-4e8ceefdc693@group-B8539BDB2729-LeaderElection2] INFO  impl.LeaderElection (LeaderElection.java:askForVotes(308)) - 425f6569-dffe-4347-8a0f-4e8ceefdc693@group-B8539BDB2729-LeaderElection2 ELECTION round 0: result PASSED (term=1)
2021-12-08 13:31:43,662 [425f6569-dffe-4347-8a0f-4e8ceefdc693@group-B8539BDB2729-LeaderElection2] INFO  impl.RoleInfo (RoleInfo.java:shutdownLeaderElection(121)) - 425f6569-dffe-4347-8a0f-4e8ceefdc693: shutdown 425f6569-dffe-4347-8a0f-4e8ceefdc693@group-B8539BDB2729-LeaderElection2
2021-12-08 13:31:43,662 [425f6569-dffe-4347-8a0f-4e8ceefdc693@group-B8539BDB2729-LeaderElection2] INFO  server.RaftServer$Division (RaftServerImpl.java:setRole(290)) - 425f6569-dffe-4347-8a0f-4e8ceefdc693@group-B8539BDB2729: changes role from CANDIDATE to LEADER at term 1 for changeToLeader
2021-12-08 13:31:43,662 [425f6569-dffe-4347-8a0f-4e8ceefdc693@group-B8539BDB2729-LeaderElection2] INFO  ratis.XceiverServerRatis (XceiverServerRatis.java:handleLeaderChangedNotification(866)) - Leader change notification received for group: group-B8539BDB2729 with new leaderId: 425f6569-dffe-4347-8a0f-4e8ceefdc693
2021-12-08 13:31:43,662 [425f6569-dffe-4347-8a0f-4e8ceefdc693@group-B8539BDB2729-LeaderElection2] INFO  server.RaftServer$Division (ServerState.java:setLeader(285)) - 425f6569-dffe-4347-8a0f-4e8ceefdc693@group-B8539BDB2729: change Leader from null to 425f6569-dffe-4347-8a0f-4e8ceefdc693 at term 1 for becomeLeader, leader elected after 5074ms
2021-12-08 13:31:43,663 [425f6569-dffe-4347-8a0f-4e8ceefdc693@group-B8539BDB2729-LeaderElection2] INFO  server.RaftServerConfigKeys (ConfUtils.java:logGet(44)) - raft.server.staging.catchup.gap = 1000 (default)
2021-12-08 13:31:43,663 [425f6569-dffe-4347-8a0f-4e8ceefdc693@group-B8539BDB2729-LeaderElection2] INFO  server.RaftServerConfigKeys (ConfUtils.java:logGet(44)) - raft.server.write.element-limit = 1024 (custom)
2021-12-08 13:31:43,663 [EventQueue-OpenPipelineForHealthyPipelineSafeModeRule] INFO  safemode.SCMSafeModeManager (HealthyPipelineSafeModeRule.java:process(124)) - SCM in safe mode. Healthy pipelines reported count is 0, required healthy pipeline reported count is 1
2021-12-08 13:31:43,663 [425f6569-dffe-4347-8a0f-4e8ceefdc693@group-B8539BDB2729-LeaderElection2] INFO  server.RaftServerConfigKeys (ConfUtils.java:logGet(44)) - raft.server.write.byte-limit = 1024 M (=1073741824) (custom)
2021-12-08 13:31:43,664 [425f6569-dffe-4347-8a0f-4e8ceefdc693@group-B8539BDB2729-LeaderElection2] INFO  server.RaftServerConfigKeys (ConfUtils.java:logGet(44)) - raft.server.watch.timeout = 10000ms (default)
2021-12-08 13:31:43,664 [425f6569-dffe-4347-8a0f-4e8ceefdc693@group-B8539BDB2729-LeaderElection2] INFO  server.RaftServerConfigKeys (ConfUtils.java:logGet(44)) - raft.server.watch.timeout.denomination = 1s (default)
2021-12-08 13:31:43,664 [425f6569-dffe-4347-8a0f-4e8ceefdc693@group-B8539BDB2729-LeaderElection2] INFO  server.RaftServerConfigKeys (ConfUtils.java:logGet(44)) - raft.server.watch.element-limit = 65536 (default)
2021-12-08 13:31:43,664 [425f6569-dffe-4347-8a0f-4e8ceefdc693@group-B8539BDB2729-LeaderElection2] INFO  server.RaftServerConfigKeys (ConfUtils.java:logGet(44)) - raft.server.write.element-limit = 1024 (custom)
2021-12-08 13:31:43,664 [425f6569-dffe-4347-8a0f-4e8ceefdc693@group-B8539BDB2729-LeaderElection2] INFO  server.RaftServerConfigKeys (ConfUtils.java:logGet(44)) - raft.server.write.follower.gap.ratio.max = -1.0 (default)
2021-12-08 13:31:43,664 [425f6569-dffe-4347-8a0f-4e8ceefdc693@group-B8539BDB2729-LeaderElection2] INFO  impl.RoleInfo (RoleInfo.java:updateAndGet(130)) - 425f6569-dffe-4347-8a0f-4e8ceefdc693: start 425f6569-dffe-4347-8a0f-4e8ceefdc693@group-B8539BDB2729-LeaderStateImpl
2021-12-08 13:31:43,665 [425f6569-dffe-4347-8a0f-4e8ceefdc693@group-B8539BDB2729-LeaderElection2] INFO  segmented.SegmentedRaftLogWorker (SegmentedRaftLogWorker.java:startLogSegment(394)) - 425f6569-dffe-4347-8a0f-4e8ceefdc693@group-B8539BDB2729-SegmentedRaftLogWorker: Starting segment from index:0
2021-12-08 13:31:43,666 [425f6569-dffe-4347-8a0f-4e8ceefdc693@group-B8539BDB2729-SegmentedRaftLogWorker] INFO  segmented.SegmentedRaftLogWorker (SegmentedRaftLogWorker.java:execute(601)) - 425f6569-dffe-4347-8a0f-4e8ceefdc693@group-B8539BDB2729-SegmentedRaftLogWorker: created new log segment /home/runner/work/ozone/ozone/hadoop-ozone/integration-test/target/test-dir/MiniOzoneClusterImpl-c8c699bf-5dad-4457-9252-d1686169726e/datanode-0/data/ratis/40a167d7-f6ca-4657-bf82-b8539bdb2729/current/log_inprogress_0
2021-12-08 13:31:43,669 [425f6569-dffe-4347-8a0f-4e8ceefdc693@group-B8539BDB2729-LeaderElection2] INFO  server.RaftServer$Division (ServerState.java:setRaftConf(387)) - 425f6569-dffe-4347-8a0f-4e8ceefdc693@group-B8539BDB2729: set configuration 0: [425f6569-dffe-4347-8a0f-4e8ceefdc693|rpc:10.1.0.52:38009|dataStream:|priority:1], old=null
2021-12-08 13:31:43,670 [425f6569-dffe-4347-8a0f-4e8ceefdc693@group-240648F9C09F-FollowerState] INFO  impl.FollowerState (FollowerState.java:run(134)) - 425f6569-dffe-4347-8a0f-4e8ceefdc693@group-240648F9C09F-FollowerState: change to CANDIDATE, lastRpcElapsedTime:5026445425ns, electionTimeout:5017ms
2021-12-08 13:31:43,675 [425f6569-dffe-4347-8a0f-4e8ceefdc693@group-240648F9C09F-FollowerState] INFO  impl.RoleInfo (RoleInfo.java:shutdownFollowerState(108)) - 425f6569-dffe-4347-8a0f-4e8ceefdc693: shutdown 425f6569-dffe-4347-8a0f-4e8ceefdc693@group-240648F9C09F-FollowerState
2021-12-08 13:31:43,675 [425f6569-dffe-4347-8a0f-4e8ceefdc693@group-240648F9C09F-FollowerState] INFO  server.RaftServer$Division (RaftServerImpl.java:setRole(290)) - 425f6569-dffe-4347-8a0f-4e8ceefdc693@group-240648F9C09F: changes role from  FOLLOWER to CANDIDATE at term 0 for changeToCandidate
2021-12-08 13:31:43,675 [425f6569-dffe-4347-8a0f-4e8ceefdc693@group-240648F9C09F-FollowerState] INFO  server.RaftServerConfigKeys (ConfUtils.java:logGet(44)) - raft.server.leaderelection.pre-vote = false (custom)
2021-12-08 13:31:43,675 [425f6569-dffe-4347-8a0f-4e8ceefdc693@group-240648F9C09F-FollowerState] INFO  impl.RoleInfo (RoleInfo.java:updateAndGet(130)) - 425f6569-dffe-4347-8a0f-4e8ceefdc693: start 425f6569-dffe-4347-8a0f-4e8ceefdc693@group-240648F9C09F-LeaderElection3
2021-12-08 13:31:43,678 [EventQueue-OpenPipelineForHealthyPipelineSafeModeRule] INFO  safemode.SCMSafeModeManager (HealthyPipelineSafeModeRule.java:process(124)) - SCM in safe mode. Healthy pipelines reported count is 0, required healthy pipeline reported count is 1
2021-12-08 13:31:43,678 [425f6569-dffe-4347-8a0f-4e8ceefdc693@group-B8539BDB2729-StateMachineUpdater] INFO  ratis.ContainerStateMachine (ContainerStateMachine.java:takeSnapshot(299)) - group-B8539BDB2729: Taking a snapshot at:(t:1, i:0) file /home/runner/work/ozone/ozone/hadoop-ozone/integration-test/target/test-dir/MiniOzoneClusterImpl-c8c699bf-5dad-4457-9252-d1686169726e/datanode-0/data/ratis/40a167d7-f6ca-4657-bf82-b8539bdb2729/sm/snapshot.1_0
2021-12-08 13:31:43,688 [EventQueue-OpenPipelineForHealthyPipelineSafeModeRule] INFO  safemode.SCMSafeModeManager (HealthyPipelineSafeModeRule.java:process(124)) - SCM in safe mode. Healthy pipelines reported count is 0, required healthy pipeline reported count is 1
2021-12-08 13:31:43,689 [425f6569-dffe-4347-8a0f-4e8ceefdc693@group-240648F9C09F-LeaderElection3] INFO  impl.LeaderElection (LeaderElection.java:askForVotes(306)) - 425f6569-dffe-4347-8a0f-4e8ceefdc693@group-240648F9C09F-LeaderElection3 ELECTION round 0: submit vote requests at term 1 for -1: [2094aa94-81de-4318-a64f-84012b96f5b8|rpc:10.1.0.52:36179|priority:0, 425f6569-dffe-4347-8a0f-4e8ceefdc693|rpc:10.1.0.52:38009|priority:1, 4fc445d8-652e-4b1a-8cb7-40c69879e35b|rpc:10.1.0.52:33447|priority:0], old=null
2021-12-08 13:31:43,698 [EventQueue-OpenPipelineForHealthyPipelineSafeModeRule] INFO  safemode.SCMSafeModeManager (HealthyPipelineSafeModeRule.java:process(124)) - SCM in safe mode. Healthy pipelines reported count is 0, required healthy pipeline reported count is 1
2021-12-08 13:31:43,721 [grpc-default-executor-0] INFO  server.RaftServer$Division (RaftServerImpl.java:requestVote(1046)) - 2094aa94-81de-4318-a64f-84012b96f5b8@group-240648F9C09F: receive requestVote(ELECTION, 425f6569-dffe-4347-8a0f-4e8ceefdc693, group-240648F9C09F, 1, (t:0, i:0))
2021-12-08 13:31:43,722 [grpc-default-executor-0] INFO  impl.VoteContext (VoteContext.java:log(48)) - 2094aa94-81de-4318-a64f-84012b96f5b8@group-240648F9C09F-FOLLOWER: accept ELECTION from 425f6569-dffe-4347-8a0f-4e8ceefdc693: our priority 0 <= candidate's priority 1
2021-12-08 13:31:43,723 [grpc-default-executor-0] INFO  server.RaftServer$Division (RaftServerImpl.java:setRole(290)) - 2094aa94-81de-4318-a64f-84012b96f5b8@group-240648F9C09F: changes role from  FOLLOWER to FOLLOWER at term 1 for candidate:425f6569-dffe-4347-8a0f-4e8ceefdc693
2021-12-08 13:31:43,723 [grpc-default-executor-0] INFO  impl.RoleInfo (RoleInfo.java:shutdownFollowerState(108)) - 2094aa94-81de-4318-a64f-84012b96f5b8: shutdown 2094aa94-81de-4318-a64f-84012b96f5b8@group-240648F9C09F-FollowerState
2021-12-08 13:31:43,723 [EventQueue-OpenPipelineForHealthyPipelineSafeModeRule] INFO  safemode.SCMSafeModeManager (HealthyPipelineSafeModeRule.java:process(124)) - SCM in safe mode. Healthy pipelines reported count is 0, required healthy pipeline reported count is 1
2021-12-08 13:31:43,724 [2094aa94-81de-4318-a64f-84012b96f5b8@group-240648F9C09F-FollowerState] INFO  impl.FollowerState (FollowerState.java:run(143)) - 2094aa94-81de-4318-a64f-84012b96f5b8@group-240648F9C09F-FollowerState was interrupted: {}
java.lang.InterruptedException: sleep interrupted
	at java.lang.Thread.sleep(Native Method)
	at java.lang.Thread.sleep(Thread.java:340)
	at java.util.concurrent.TimeUnit.sleep(TimeUnit.java:386)
	at org.apache.ratis.util.TimeDuration.sleep(TimeDuration.java:324)
	at org.apache.ratis.util.TimeDuration.sleep(TimeDuration.java:309)
	at org.apache.ratis.server.impl.FollowerState.run(FollowerState.java:118)
2021-12-08 13:31:43,727 [grpc-default-executor-0] INFO  impl.RoleInfo (RoleInfo.java:updateAndGet(130)) - 2094aa94-81de-4318-a64f-84012b96f5b8: start 2094aa94-81de-4318-a64f-84012b96f5b8@group-240648F9C09F-FollowerState
2021-12-08 13:31:43,727 [EventQueue-OpenPipelineForHealthyPipelineSafeModeRule] INFO  safemode.SCMSafeModeManager (HealthyPipelineSafeModeRule.java:process(124)) - SCM in safe mode. Healthy pipelines reported count is 0, required healthy pipeline reported count is 1
2021-12-08 13:31:43,743 [grpc-default-executor-0] INFO  server.RaftServer$Division (RaftServerImpl.java:requestVote(1078)) - 2094aa94-81de-4318-a64f-84012b96f5b8@group-240648F9C09F replies to ELECTION vote request: 425f6569-dffe-4347-8a0f-4e8ceefdc693<-2094aa94-81de-4318-a64f-84012b96f5b8#0:OK-t1. Peer's state: 2094aa94-81de-4318-a64f-84012b96f5b8@group-240648F9C09F:t1, leader=null, voted=425f6569-dffe-4347-8a0f-4e8ceefdc693, raftlog=2094aa94-81de-4318-a64f-84012b96f5b8@group-240648F9C09F-SegmentedRaftLog:OPENED:c-1, conf=-1: [2094aa94-81de-4318-a64f-84012b96f5b8|rpc:10.1.0.52:36179|priority:0, 425f6569-dffe-4347-8a0f-4e8ceefdc693|rpc:10.1.0.52:38009|priority:1, 4fc445d8-652e-4b1a-8cb7-40c69879e35b|rpc:10.1.0.52:33447|priority:0], old=null
2021-12-08 13:31:43,750 [425f6569-dffe-4347-8a0f-4e8ceefdc693@group-240648F9C09F-LeaderElection3] INFO  impl.LeaderElection (LeaderElection.java:logAndReturn(89)) - 425f6569-dffe-4347-8a0f-4e8ceefdc693@group-240648F9C09F-LeaderElection3: ELECTION PASSED received 1 response(s) and 0 exception(s):
2021-12-08 13:31:43,750 [425f6569-dffe-4347-8a0f-4e8ceefdc693@group-240648F9C09F-LeaderElection3] INFO  impl.LeaderElection (LeaderElection.java:logAndReturn(93)) -   Response 0: 425f6569-dffe-4347-8a0f-4e8ceefdc693<-2094aa94-81de-4318-a64f-84012b96f5b8#0:OK-t1
2021-12-08 13:31:43,750 [425f6569-dffe-4347-8a0f-4e8ceefdc693@group-240648F9C09F-LeaderElection3] INFO  impl.LeaderElection (LeaderElection.java:askForVotes(308)) - 425f6569-dffe-4347-8a0f-4e8ceefdc693@group-240648F9C09F-LeaderElection3 ELECTION round 0: result PASSED
2021-12-08 13:31:43,750 [425f6569-dffe-4347-8a0f-4e8ceefdc693@group-240648F9C09F-LeaderElection3] INFO  impl.RoleInfo (RoleInfo.java:shutdownLeaderElection(121)) - 425f6569-dffe-4347-8a0f-4e8ceefdc693: shutdown 425f6569-dffe-4347-8a0f-4e8ceefdc693@group-240648F9C09F-LeaderElection3
2021-12-08 13:31:43,750 [425f6569-dffe-4347-8a0f-4e8ceefdc693@group-240648F9C09F-LeaderElection3] INFO  server.RaftServer$Division (RaftServerImpl.java:setRole(290)) - 425f6569-dffe-4347-8a0f-4e8ceefdc693@group-240648F9C09F: changes role from CANDIDATE to LEADER at term 1 for changeToLeader
2021-12-08 13:31:43,750 [425f6569-dffe-4347-8a0f-4e8ceefdc693@group-240648F9C09F-LeaderElection3] INFO  ratis.XceiverServerRatis (XceiverServerRatis.java:handleLeaderChangedNotification(866)) - Leader change notification received for group: group-240648F9C09F with new leaderId: 425f6569-dffe-4347-8a0f-4e8ceefdc693
2021-12-08 13:31:43,751 [425f6569-dffe-4347-8a0f-4e8ceefdc693@group-240648F9C09F-LeaderElection3] INFO  server.RaftServer$Division (ServerState.java:setLeader(285)) - 425f6569-dffe-4347-8a0f-4e8ceefdc693@group-240648F9C09F: change Leader from null to 425f6569-dffe-4347-8a0f-4e8ceefdc693 at term 1 for becomeLeader, leader elected after 5121ms
2021-12-08 13:31:43,751 [425f6569-dffe-4347-8a0f-4e8ceefdc693@group-240648F9C09F-LeaderElection3] INFO  server.RaftServerConfigKeys (ConfUtils.java:logGet(44)) - raft.server.staging.catchup.gap = 1000 (default)
2021-12-08 13:31:43,751 [425f6569-dffe-4347-8a0f-4e8ceefdc693@group-240648F9C09F-LeaderElection3] INFO  server.RaftServerConfigKeys (ConfUtils.java:logGet(44)) - raft.server.write.element-limit = 1024 (custom)
2021-12-08 13:31:43,751 [425f6569-dffe-4347-8a0f-4e8ceefdc693@group-240648F9C09F-LeaderElection3] INFO  server.RaftServerConfigKeys (ConfUtils.java:logGet(44)) - raft.server.write.byte-limit = 1024 M (=1073741824) (custom)
2021-12-08 13:31:43,751 [425f6569-dffe-4347-8a0f-4e8ceefdc693@group-240648F9C09F-LeaderElection3] INFO  server.RaftServerConfigKeys (ConfUtils.java:logGet(44)) - raft.server.watch.timeout = 10000ms (default)
2021-12-08 13:31:43,751 [425f6569-dffe-4347-8a0f-4e8ceefdc693@group-240648F9C09F-LeaderElection3] INFO  server.RaftServerConfigKeys (ConfUtils.java:logGet(44)) - raft.server.watch.timeout.denomination = 1s (default)
2021-12-08 13:31:43,751 [425f6569-dffe-4347-8a0f-4e8ceefdc693@group-240648F9C09F-LeaderElection3] INFO  server.RaftServerConfigKeys (ConfUtils.java:logGet(44)) - raft.server.watch.element-limit = 65536 (default)
2021-12-08 13:31:43,751 [425f6569-dffe-4347-8a0f-4e8ceefdc693@group-240648F9C09F-LeaderElection3] INFO  server.RaftServerConfigKeys (ConfUtils.java:logGet(44)) - raft.server.write.element-limit = 1024 (custom)
2021-12-08 13:31:43,752 [425f6569-dffe-4347-8a0f-4e8ceefdc693@group-240648F9C09F-LeaderElection3] INFO  server.RaftServerConfigKeys (ConfUtils.java:logGet(44)) - raft.server.write.follower.gap.ratio.max = -1.0 (default)
2021-12-08 13:31:43,757 [EventQueue-PipelineReportForPipelineReportHandler] INFO  pipeline.PipelineManagerImpl (PipelineManagerImpl.java:openPipeline(291)) - Pipeline Pipeline[ Id: 2f827967-e32c-4d18-8c94-240648f9c09f, Nodes: 425f6569-dffe-4347-8a0f-4e8ceefdc693{ip: 10.1.0.52, host: fv-az148-92.bm4ck3pvxvsene1rjriu5fhcdb.bx.internal.cloudapp.net, ports: [REPLICATION=44443, RATIS=38009, RATIS_ADMIN=38009, RATIS_SERVER=38009, STANDALONE=43289], networkLocation: /default-rack, certSerialId: null, persistedOpState: IN_SERVICE, persistedOpStateExpiryEpochSec: 0}2094aa94-81de-4318-a64f-84012b96f5b8{ip: 10.1.0.52, host: fv-az148-92.bm4ck3pvxvsene1rjriu5fhcdb.bx.internal.cloudapp.net, ports: [REPLICATION=45529, RATIS=36179, RATIS_ADMIN=36179, RATIS_SERVER=36179, STANDALONE=34201], networkLocation: /default-rack, certSerialId: null, persistedOpState: IN_SERVICE, persistedOpStateExpiryEpochSec: 0}4fc445d8-652e-4b1a-8cb7-40c69879e35b{ip: 10.1.0.52, host: fv-az148-92.bm4ck3pvxvsene1rjriu5fhcdb.bx.internal.cloudapp.net, ports: [REPLICATION=40087, RATIS=33447, RATIS_ADMIN=33447, RATIS_SERVER=33447, STANDALONE=43397], networkLocation: /default-rack, certSerialId: null, persistedOpState: IN_SERVICE, persistedOpStateExpiryEpochSec: 0}, ReplicationConfig: RATIS/THREE, State:ALLOCATED, leaderId:425f6569-dffe-4347-8a0f-4e8ceefdc693, CreationTimestamp2021-12-08T13:31:36.472Z[Etc/UTC]] moved to OPEN state
2021-12-08 13:31:43,761 [EventQueue-OpenPipelineForHealthyPipelineSafeModeRule] INFO  safemode.SCMSafeModeManager (HealthyPipelineSafeModeRule.java:process(124)) - SCM in safe mode. Healthy pipelines reported count is 1, required healthy pipeline reported count is 1
2021-12-08 13:31:43,761 [EventQueue-OpenPipelineForHealthyPipelineSafeModeRule] INFO  safemode.SCMSafeModeManager (SCMSafeModeManager.java:validateSafeModeExitRules(204)) - HealthyPipelineSafeModeRule rule is successfully validated
2021-12-08 13:31:43,761 [EventQueue-OpenPipelineForHealthyPipelineSafeModeRule] INFO  safemode.SCMSafeModeManager (SCMSafeModeManager.java:validateSafeModeExitRules(219)) - ScmSafeModeManager, all rules are successfully validated
2021-12-08 13:31:43,761 [EventQueue-OpenPipelineForHealthyPipelineSafeModeRule] INFO  safemode.SCMSafeModeManager (SCMSafeModeManager.java:exitSafeMode(248)) - SCM exiting safe mode.
2021-12-08 13:31:43,761 [EventQueue-OpenPipelineForHealthyPipelineSafeModeRule] WARN  events.EventQueue (EventQueue.java:fireEvent(194)) - No event handler registered for event TypedEvent{payloadType=SafeModeStatus, name='Safe mode status'}
2021-12-08 13:31:43,762 [EventQueue-OpenPipelineForHealthyPipelineSafeModeRule] INFO  ha.SCMContext (SCMContext.java:updateSafeModeStatus(211)) - Update SafeModeStatus from SafeModeStatus{safeModeStatus=true, preCheckPassed=true} to SafeModeStatus{safeModeStatus=false, preCheckPassed=true}.
2021-12-08 13:31:43,762 [EventQueue-OpenPipelineForHealthyPipelineSafeModeRule] INFO  pipeline.BackgroundPipelineCreator (BackgroundPipelineCreator.java:notifyStatusChanged(264)) - Service BackgroundPipelineCreator transitions to RUNNING.
2021-12-08 13:31:43,762 [EventQueue-OpenPipelineForHealthyPipelineSafeModeRule] INFO  container.ReplicationManager (ReplicationManager.java:notifyStatusChanged(1758)) - Service ReplicationManager transitions to RUNNING.
2021-12-08 13:31:43,765 [425f6569-dffe-4347-8a0f-4e8ceefdc693@group-B8539BDB2729-StateMachineUpdater] INFO  ratis.ContainerStateMachine (ContainerStateMachine.java:takeSnapshot(310)) - group-B8539BDB2729: Finished taking a snapshot at:(t:1, i:0) file:/home/runner/work/ozone/ozone/hadoop-ozone/integration-test/target/test-dir/MiniOzoneClusterImpl-c8c699bf-5dad-4457-9252-d1686169726e/datanode-0/data/ratis/40a167d7-f6ca-4657-bf82-b8539bdb2729/sm/snapshot.1_0 took: 87 ms
2021-12-08 13:31:43,773 [grpc-default-executor-0] INFO  server.RaftServer$Division (RaftServerImpl.java:requestVote(1046)) - 4fc445d8-652e-4b1a-8cb7-40c69879e35b@group-240648F9C09F: receive requestVote(ELECTION, 425f6569-dffe-4347-8a0f-4e8ceefdc693, group-240648F9C09F, 1, (t:0, i:0))
2021-12-08 13:31:43,773 [grpc-default-executor-0] INFO  impl.VoteContext (VoteContext.java:log(48)) - 4fc445d8-652e-4b1a-8cb7-40c69879e35b@group-240648F9C09F-FOLLOWER: accept ELECTION from 425f6569-dffe-4347-8a0f-4e8ceefdc693: our priority 0 <= candidate's priority 1
2021-12-08 13:31:43,773 [grpc-default-executor-0] INFO  server.RaftServer$Division (RaftServerImpl.java:setRole(290)) - 4fc445d8-652e-4b1a-8cb7-40c69879e35b@group-240648F9C09F: changes role from  FOLLOWER to FOLLOWER at term 1 for candidate:425f6569-dffe-4347-8a0f-4e8ceefdc693
2021-12-08 13:31:43,773 [grpc-default-executor-0] INFO  impl.RoleInfo (RoleInfo.java:shutdownFollowerState(108)) - 4fc445d8-652e-4b1a-8cb7-40c69879e35b: shutdown 4fc445d8-652e-4b1a-8cb7-40c69879e35b@group-240648F9C09F-FollowerState
2021-12-08 13:31:43,773 [grpc-default-executor-0] INFO  impl.RoleInfo (RoleInfo.java:updateAndGet(130)) - 4fc445d8-652e-4b1a-8cb7-40c69879e35b: start 4fc445d8-652e-4b1a-8cb7-40c69879e35b@group-240648F9C09F-FollowerState
2021-12-08 13:31:43,773 [4fc445d8-652e-4b1a-8cb7-40c69879e35b@group-240648F9C09F-FollowerState] INFO  impl.FollowerState (FollowerState.java:run(143)) - 4fc445d8-652e-4b1a-8cb7-40c69879e35b@group-240648F9C09F-FollowerState was interrupted: {}
java.lang.InterruptedException: sleep interrupted
	at java.lang.Thread.sleep(Native Method)
	at java.lang.Thread.sleep(Thread.java:340)
	at java.util.concurrent.TimeUnit.sleep(TimeUnit.java:386)
	at org.apache.ratis.util.TimeDuration.sleep(TimeDuration.java:324)
	at org.apache.ratis.util.TimeDuration.sleep(TimeDuration.java:309)
	at org.apache.ratis.server.impl.FollowerState.run(FollowerState.java:118)
2021-12-08 13:31:43,774 [425f6569-dffe-4347-8a0f-4e8ceefdc693@group-B8539BDB2729-StateMachineUpdater] INFO  impl.StateMachineUpdater (StateMachineUpdater.java:takeSnapshot(281)) - 425f6569-dffe-4347-8a0f-4e8ceefdc693@group-B8539BDB2729-StateMachineUpdater: Took a snapshot at index 0
2021-12-08 13:31:43,774 [425f6569-dffe-4347-8a0f-4e8ceefdc693@group-B8539BDB2729-StateMachineUpdater] INFO  impl.StateMachineUpdater (StateMachineUpdater.java:lambda$new$0(89)) - 425f6569-dffe-4347-8a0f-4e8ceefdc693@group-B8539BDB2729-StateMachineUpdater: snapshotIndex: updateIncreasingly -1 -> 0
2021-12-08 13:31:43,774 [425f6569-dffe-4347-8a0f-4e8ceefdc693@group-240648F9C09F-LeaderElection3] INFO  server.RaftServerConfigKeys (ConfUtils.java:logGet(44)) - raft.server.log.appender.snapshot.chunk.size.max = 16MB (=16777216) (default)
2021-12-08 13:31:43,776 [425f6569-dffe-4347-8a0f-4e8ceefdc693@group-240648F9C09F-LeaderElection3] INFO  server.RaftServerConfigKeys (ConfUtils.java:logGet(44)) - raft.server.log.appender.buffer.byte-limit = 33554432 (custom)
2021-12-08 13:31:43,779 [grpc-default-executor-0] INFO  server.RaftServer$Division (RaftServerImpl.java:requestVote(1078)) - 4fc445d8-652e-4b1a-8cb7-40c69879e35b@group-240648F9C09F replies to ELECTION vote request: 425f6569-dffe-4347-8a0f-4e8ceefdc693<-4fc445d8-652e-4b1a-8cb7-40c69879e35b#0:OK-t1. Peer's state: 4fc445d8-652e-4b1a-8cb7-40c69879e35b@group-240648F9C09F:t1, leader=null, voted=425f6569-dffe-4347-8a0f-4e8ceefdc693, raftlog=4fc445d8-652e-4b1a-8cb7-40c69879e35b@group-240648F9C09F-SegmentedRaftLog:OPENED:c-1, conf=-1: [2094aa94-81de-4318-a64f-84012b96f5b8|rpc:10.1.0.52:36179|dataStream:|priority:0, 425f6569-dffe-4347-8a0f-4e8ceefdc693|rpc:10.1.0.52:38009|dataStream:|priority:1, 4fc445d8-652e-4b1a-8cb7-40c69879e35b|rpc:10.1.0.52:33447|dataStream:|priority:0], old=null
2021-12-08 13:31:43,780 [425f6569-dffe-4347-8a0f-4e8ceefdc693@group-240648F9C09F-LeaderElection3] INFO  server.RaftServerConfigKeys (ConfUtils.java:logGet(44)) - raft.server.log.appender.buffer.element-limit = 1 (custom)
2021-12-08 13:31:43,784 [425f6569-dffe-4347-8a0f-4e8ceefdc693@group-240648F9C09F-LeaderElection3] INFO  grpc.GrpcConfigKeys (ConfUtils.java:logGet(44)) - raft.grpc.server.leader.outstanding.appends.max = 128 (default)
2021-12-08 13:31:43,785 [425f6569-dffe-4347-8a0f-4e8ceefdc693@group-240648F9C09F-LeaderElection3] INFO  server.RaftServerConfigKeys (ConfUtils.java:logGet(44)) - raft.server.rpc.request.timeout = 3000ms (default)
2021-12-08 13:31:43,785 [425f6569-dffe-4347-8a0f-4e8ceefdc693@group-240648F9C09F-LeaderElection3] INFO  server.RaftServerConfigKeys (ConfUtils.java:logGet(44)) - raft.server.log.appender.install.snapshot.enabled = false (custom)
2021-12-08 13:31:43,788 [425f6569-dffe-4347-8a0f-4e8ceefdc693@group-240648F9C09F-LeaderElection3] INFO  server.RaftServerConfigKeys (ConfUtils.java:logGet(44)) - raft.server.log.appender.snapshot.chunk.size.max = 16MB (=16777216) (default)
2021-12-08 13:31:43,789 [425f6569-dffe-4347-8a0f-4e8ceefdc693@group-240648F9C09F-LeaderElection3] INFO  server.RaftServerConfigKeys (ConfUtils.java:logGet(44)) - raft.server.log.appender.buffer.byte-limit = 33554432 (custom)
2021-12-08 13:31:43,789 [425f6569-dffe-4347-8a0f-4e8ceefdc693@group-240648F9C09F-LeaderElection3] INFO  server.RaftServerConfigKeys (ConfUtils.java:logGet(44)) - raft.server.log.appender.buffer.element-limit = 1 (custom)
2021-12-08 13:31:43,789 [425f6569-dffe-4347-8a0f-4e8ceefdc693@group-240648F9C09F-LeaderElection3] INFO  grpc.GrpcConfigKeys (ConfUtils.java:logGet(44)) - raft.grpc.server.leader.outstanding.appends.max = 128 (default)
2021-12-08 13:31:43,789 [425f6569-dffe-4347-8a0f-4e8ceefdc693@group-240648F9C09F-LeaderElection3] INFO  server.RaftServerConfigKeys (ConfUtils.java:logGet(44)) - raft.server.rpc.request.timeout = 3000ms (default)
2021-12-08 13:31:43,789 [425f6569-dffe-4347-8a0f-4e8ceefdc693@group-240648F9C09F-LeaderElection3] INFO  server.RaftServerConfigKeys (ConfUtils.java:logGet(44)) - raft.server.log.appender.install.snapshot.enabled = false (custom)
2021-12-08 13:31:43,790 [425f6569-dffe-4347-8a0f-4e8ceefdc693@group-240648F9C09F-LeaderElection3] INFO  impl.RoleInfo (RoleInfo.java:updateAndGet(130)) - 425f6569-dffe-4347-8a0f-4e8ceefdc693: start 425f6569-dffe-4347-8a0f-4e8ceefdc693@group-240648F9C09F-LeaderStateImpl
2021-12-08 13:31:43,791 [425f6569-dffe-4347-8a0f-4e8ceefdc693@group-240648F9C09F-LeaderElection3] INFO  segmented.SegmentedRaftLogWorker (SegmentedRaftLogWorker.java:startLogSegment(394)) - 425f6569-dffe-4347-8a0f-4e8ceefdc693@group-240648F9C09F-SegmentedRaftLogWorker: Starting segment from index:0
2021-12-08 13:31:43,792 [425f6569-dffe-4347-8a0f-4e8ceefdc693@group-240648F9C09F-SegmentedRaftLogWorker] INFO  segmented.SegmentedRaftLogWorker (SegmentedRaftLogWorker.java:execute(601)) - 425f6569-dffe-4347-8a0f-4e8ceefdc693@group-240648F9C09F-SegmentedRaftLogWorker: created new log segment /home/runner/work/ozone/ozone/hadoop-ozone/integration-test/target/test-dir/MiniOzoneClusterImpl-c8c699bf-5dad-4457-9252-d1686169726e/datanode-0/data/ratis/2f827967-e32c-4d18-8c94-240648f9c09f/current/log_inprogress_0
2021-12-08 13:31:43,836 [425f6569-dffe-4347-8a0f-4e8ceefdc693@group-240648F9C09F-LeaderElection3] INFO  server.RaftServer$Division (ServerState.java:setRaftConf(387)) - 425f6569-dffe-4347-8a0f-4e8ceefdc693@group-240648F9C09F: set configuration 0: [2094aa94-81de-4318-a64f-84012b96f5b8|rpc:10.1.0.52:36179|dataStream:|priority:0, 425f6569-dffe-4347-8a0f-4e8ceefdc693|rpc:10.1.0.52:38009|dataStream:|priority:1, 4fc445d8-652e-4b1a-8cb7-40c69879e35b|rpc:10.1.0.52:33447|dataStream:|priority:0], old=null
2021-12-08 13:31:43,838 [425f6569-dffe-4347-8a0f-4e8ceefdc693@group-240648F9C09F-StateMachineUpdater] INFO  ratis.ContainerStateMachine (ContainerStateMachine.java:takeSnapshot(299)) - group-240648F9C09F: Taking a snapshot at:(t:1, i:0) file /home/runner/work/ozone/ozone/hadoop-ozone/integration-test/target/test-dir/MiniOzoneClusterImpl-c8c699bf-5dad-4457-9252-d1686169726e/datanode-0/data/ratis/2f827967-e32c-4d18-8c94-240648f9c09f/sm/snapshot.1_0
2021-12-08 13:31:43,840 [425f6569-dffe-4347-8a0f-4e8ceefdc693@group-240648F9C09F-StateMachineUpdater] INFO  ratis.ContainerStateMachine (ContainerStateMachine.java:takeSnapshot(310)) - group-240648F9C09F: Finished taking a snapshot at:(t:1, i:0) file:/home/runner/work/ozone/ozone/hadoop-ozone/integration-test/target/test-dir/MiniOzoneClusterImpl-c8c699bf-5dad-4457-9252-d1686169726e/datanode-0/data/ratis/2f827967-e32c-4d18-8c94-240648f9c09f/sm/snapshot.1_0 took: 3 ms
2021-12-08 13:31:43,850 [grpc-default-executor-0] INFO  ratis.XceiverServerRatis (XceiverServerRatis.java:handleLeaderChangedNotification(866)) - Leader change notification received for group: group-240648F9C09F with new leaderId: 425f6569-dffe-4347-8a0f-4e8ceefdc693
2021-12-08 13:31:43,850 [grpc-default-executor-0] INFO  server.RaftServer$Division (ServerState.java:setLeader(285)) - 2094aa94-81de-4318-a64f-84012b96f5b8@group-240648F9C09F: change Leader from null to 425f6569-dffe-4347-8a0f-4e8ceefdc693 at term 1 for appendEntries, leader elected after 4889ms
2021-12-08 13:31:43,841 [425f6569-dffe-4347-8a0f-4e8ceefdc693@group-240648F9C09F-StateMachineUpdater] INFO  impl.StateMachineUpdater (StateMachineUpdater.java:takeSnapshot(281)) - 425f6569-dffe-4347-8a0f-4e8ceefdc693@group-240648F9C09F-StateMachineUpdater: Took a snapshot at index 0
2021-12-08 13:31:43,851 [425f6569-dffe-4347-8a0f-4e8ceefdc693@group-240648F9C09F-StateMachineUpdater] INFO  impl.StateMachineUpdater (StateMachineUpdater.java:lambda$new$0(89)) - 425f6569-dffe-4347-8a0f-4e8ceefdc693@group-240648F9C09F-StateMachineUpdater: snapshotIndex: updateIncreasingly -1 -> 0
2021-12-08 13:31:43,854 [grpc-default-executor-1] INFO  ratis.XceiverServerRatis (XceiverServerRatis.java:handleLeaderChangedNotification(866)) - Leader change notification received for group: group-240648F9C09F with new leaderId: 425f6569-dffe-4347-8a0f-4e8ceefdc693
2021-12-08 13:31:43,854 [grpc-default-executor-1] INFO  server.RaftServer$Division (ServerState.java:setLeader(285)) - 4fc445d8-652e-4b1a-8cb7-40c69879e35b@group-240648F9C09F: change Leader from null to 425f6569-dffe-4347-8a0f-4e8ceefdc693 at term 1 for appendEntries, leader elected after 4440ms
2021-12-08 13:31:43,878 [grpc-default-executor-0] INFO  server.RaftServer$Division (ServerState.java:setRaftConf(387)) - 2094aa94-81de-4318-a64f-84012b96f5b8@group-240648F9C09F: set configuration 0: [2094aa94-81de-4318-a64f-84012b96f5b8|rpc:10.1.0.52:36179|dataStream:|priority:0, 425f6569-dffe-4347-8a0f-4e8ceefdc693|rpc:10.1.0.52:38009|dataStream:|priority:1, 4fc445d8-652e-4b1a-8cb7-40c69879e35b|rpc:10.1.0.52:33447|dataStream:|priority:0], old=null
2021-12-08 13:31:43,878 [grpc-default-executor-0] INFO  segmented.SegmentedRaftLogWorker (SegmentedRaftLogWorker.java:startLogSegment(394)) - 2094aa94-81de-4318-a64f-84012b96f5b8@group-240648F9C09F-SegmentedRaftLogWorker: Starting segment from index:0
2021-12-08 13:31:43,880 [2094aa94-81de-4318-a64f-84012b96f5b8@group-240648F9C09F-SegmentedRaftLogWorker] INFO  segmented.SegmentedRaftLogWorker (SegmentedRaftLogWorker.java:execute(601)) - 2094aa94-81de-4318-a64f-84012b96f5b8@group-240648F9C09F-SegmentedRaftLogWorker: created new log segment /home/runner/work/ozone/ozone/hadoop-ozone/integration-test/target/test-dir/MiniOzoneClusterImpl-c8c699bf-5dad-4457-9252-d1686169726e/datanode-1/data/ratis/2f827967-e32c-4d18-8c94-240648f9c09f/current/log_inprogress_0
2021-12-08 13:31:43,892 [2094aa94-81de-4318-a64f-84012b96f5b8@group-240648F9C09F-StateMachineUpdater] INFO  ratis.ContainerStateMachine (ContainerStateMachine.java:takeSnapshot(299)) - group-240648F9C09F: Taking a snapshot at:(t:1, i:0) file /home/runner/work/ozone/ozone/hadoop-ozone/integration-test/target/test-dir/MiniOzoneClusterImpl-c8c699bf-5dad-4457-9252-d1686169726e/datanode-1/data/ratis/2f827967-e32c-4d18-8c94-240648f9c09f/sm/snapshot.1_0
2021-12-08 13:31:43,900 [grpc-default-executor-1] INFO  server.RaftServer$Division (ServerState.java:setRaftConf(387)) - 4fc445d8-652e-4b1a-8cb7-40c69879e35b@group-240648F9C09F: set configuration 0: [2094aa94-81de-4318-a64f-84012b96f5b8|rpc:10.1.0.52:36179|dataStream:|priority:0, 425f6569-dffe-4347-8a0f-4e8ceefdc693|rpc:10.1.0.52:38009|dataStream:|priority:1, 4fc445d8-652e-4b1a-8cb7-40c69879e35b|rpc:10.1.0.52:33447|dataStream:|priority:0], old=null
2021-12-08 13:31:43,901 [grpc-default-executor-1] INFO  segmented.SegmentedRaftLogWorker (SegmentedRaftLogWorker.java:startLogSegment(394)) - 4fc445d8-652e-4b1a-8cb7-40c69879e35b@group-240648F9C09F-SegmentedRaftLogWorker: Starting segment from index:0
2021-12-08 13:31:43,902 [2094aa94-81de-4318-a64f-84012b96f5b8@group-240648F9C09F-StateMachineUpdater] INFO  ratis.ContainerStateMachine (ContainerStateMachine.java:takeSnapshot(310)) - group-240648F9C09F: Finished taking a snapshot at:(t:1, i:0) file:/home/runner/work/ozone/ozone/hadoop-ozone/integration-test/target/test-dir/MiniOzoneClusterImpl-c8c699bf-5dad-4457-9252-d1686169726e/datanode-1/data/ratis/2f827967-e32c-4d18-8c94-240648f9c09f/sm/snapshot.1_0 took: 10 ms
2021-12-08 13:31:43,902 [2094aa94-81de-4318-a64f-84012b96f5b8@group-240648F9C09F-StateMachineUpdater] INFO  impl.StateMachineUpdater (StateMachineUpdater.java:takeSnapshot(281)) - 2094aa94-81de-4318-a64f-84012b96f5b8@group-240648F9C09F-StateMachineUpdater: Took a snapshot at index 0
2021-12-08 13:31:43,902 [2094aa94-81de-4318-a64f-84012b96f5b8@group-240648F9C09F-StateMachineUpdater] INFO  impl.StateMachineUpdater (StateMachineUpdater.java:lambda$new$0(89)) - 2094aa94-81de-4318-a64f-84012b96f5b8@group-240648F9C09F-StateMachineUpdater: snapshotIndex: updateIncreasingly -1 -> 0
2021-12-08 13:31:43,909 [4fc445d8-652e-4b1a-8cb7-40c69879e35b@group-240648F9C09F-SegmentedRaftLogWorker] INFO  segmented.SegmentedRaftLogWorker (SegmentedRaftLogWorker.java:execute(601)) - 4fc445d8-652e-4b1a-8cb7-40c69879e35b@group-240648F9C09F-SegmentedRaftLogWorker: created new log segment /home/runner/work/ozone/ozone/hadoop-ozone/integration-test/target/test-dir/MiniOzoneClusterImpl-c8c699bf-5dad-4457-9252-d1686169726e/datanode-2/data/ratis/2f827967-e32c-4d18-8c94-240648f9c09f/current/log_inprogress_0
2021-12-08 13:31:43,921 [4fc445d8-652e-4b1a-8cb7-40c69879e35b@group-240648F9C09F-StateMachineUpdater] INFO  ratis.ContainerStateMachine (ContainerStateMachine.java:takeSnapshot(299)) - group-240648F9C09F: Taking a snapshot at:(t:1, i:0) file /home/runner/work/ozone/ozone/hadoop-ozone/integration-test/target/test-dir/MiniOzoneClusterImpl-c8c699bf-5dad-4457-9252-d1686169726e/datanode-2/data/ratis/2f827967-e32c-4d18-8c94-240648f9c09f/sm/snapshot.1_0
2021-12-08 13:31:43,922 [4fc445d8-652e-4b1a-8cb7-40c69879e35b@group-240648F9C09F-StateMachineUpdater] INFO  ratis.ContainerStateMachine (ContainerStateMachine.java:takeSnapshot(310)) - group-240648F9C09F: Finished taking a snapshot at:(t:1, i:0) file:/home/runner/work/ozone/ozone/hadoop-ozone/integration-test/target/test-dir/MiniOzoneClusterImpl-c8c699bf-5dad-4457-9252-d1686169726e/datanode-2/data/ratis/2f827967-e32c-4d18-8c94-240648f9c09f/sm/snapshot.1_0 took: 1 ms
2021-12-08 13:31:43,923 [4fc445d8-652e-4b1a-8cb7-40c69879e35b@group-240648F9C09F-StateMachineUpdater] INFO  impl.StateMachineUpdater (StateMachineUpdater.java:takeSnapshot(281)) - 4fc445d8-652e-4b1a-8cb7-40c69879e35b@group-240648F9C09F-StateMachineUpdater: Took a snapshot at index 0
2021-12-08 13:31:43,923 [4fc445d8-652e-4b1a-8cb7-40c69879e35b@group-240648F9C09F-StateMachineUpdater] INFO  impl.StateMachineUpdater (StateMachineUpdater.java:lambda$new$0(89)) - 4fc445d8-652e-4b1a-8cb7-40c69879e35b@group-240648F9C09F-StateMachineUpdater: snapshotIndex: updateIncreasingly -1 -> 0
2021-12-08 13:31:44,074 [Listener at 127.0.0.1/44261] INFO  ozone.MiniOzoneClusterImpl (MiniOzoneClusterImpl.java:lambda$waitForClusterToBeReady$0(235)) - Nodes are ready. Got 10 of 10 DN Heartbeats.
2021-12-08 13:31:44,075 [Listener at 127.0.0.1/44261] INFO  ozone.MiniOzoneClusterImpl (MiniOzoneClusterImpl.java:lambda$waitForClusterToBeReady$0(238)) - Cluster exits safe mode
2021-12-08 13:31:44,075 [Listener at 127.0.0.1/44261] INFO  ozone.MiniOzoneClusterImpl (MiniOzoneClusterImpl.java:lambda$waitForClusterToBeReady$0(240)) - SCM became leader
2021-12-08 13:31:44,079 [2094aa94-81de-4318-a64f-84012b96f5b8@group-9855683505E4-FollowerState] INFO  impl.FollowerState (FollowerState.java:run(134)) - 2094aa94-81de-4318-a64f-84012b96f5b8@group-9855683505E4-FollowerState: change to CANDIDATE, lastRpcElapsedTime:5147016779ns, electionTimeout:5130ms
2021-12-08 13:31:44,079 [2094aa94-81de-4318-a64f-84012b96f5b8@group-9855683505E4-FollowerState] INFO  impl.RoleInfo (RoleInfo.java:shutdownFollowerState(108)) - 2094aa94-81de-4318-a64f-84012b96f5b8: shutdown 2094aa94-81de-4318-a64f-84012b96f5b8@group-9855683505E4-FollowerState
2021-12-08 13:31:44,079 [2094aa94-81de-4318-a64f-84012b96f5b8@group-9855683505E4-FollowerState] INFO  server.RaftServer$Division (RaftServerImpl.java:setRole(290)) - 2094aa94-81de-4318-a64f-84012b96f5b8@group-9855683505E4: changes role from  FOLLOWER to CANDIDATE at term 0 for changeToCandidate
2021-12-08 13:31:44,080 [2094aa94-81de-4318-a64f-84012b96f5b8@group-9855683505E4-FollowerState] INFO  server.RaftServerConfigKeys (ConfUtils.java:logGet(44)) - raft.server.leaderelection.pre-vote = false (custom)
2021-12-08 13:31:44,080 [2094aa94-81de-4318-a64f-84012b96f5b8@group-9855683505E4-FollowerState] INFO  impl.RoleInfo (RoleInfo.java:updateAndGet(130)) - 2094aa94-81de-4318-a64f-84012b96f5b8: start 2094aa94-81de-4318-a64f-84012b96f5b8@group-9855683505E4-LeaderElection4
2021-12-08 13:31:44,084 [2094aa94-81de-4318-a64f-84012b96f5b8@group-9855683505E4-LeaderElection4] INFO  impl.LeaderElection (LeaderElection.java:askForVotes(306)) - 2094aa94-81de-4318-a64f-84012b96f5b8@group-9855683505E4-LeaderElection4 ELECTION round 0: submit vote requests at term 1 for -1: [2094aa94-81de-4318-a64f-84012b96f5b8|rpc:10.1.0.52:36179|priority:1], old=null
2021-12-08 13:31:44,084 [2094aa94-81de-4318-a64f-84012b96f5b8@group-9855683505E4-LeaderElection4] INFO  impl.LeaderElection (LeaderElection.java:askForVotes(308)) - 2094aa94-81de-4318-a64f-84012b96f5b8@group-9855683505E4-LeaderElection4 ELECTION round 0: result PASSED (term=1)
2021-12-08 13:31:44,084 [2094aa94-81de-4318-a64f-84012b96f5b8@group-9855683505E4-LeaderElection4] INFO  impl.RoleInfo (RoleInfo.java:shutdownLeaderElection(121)) - 2094aa94-81de-4318-a64f-84012b96f5b8: shutdown 2094aa94-81de-4318-a64f-84012b96f5b8@group-9855683505E4-LeaderElection4
2021-12-08 13:31:44,084 [2094aa94-81de-4318-a64f-84012b96f5b8@group-9855683505E4-LeaderElection4] INFO  server.RaftServer$Division (RaftServerImpl.java:setRole(290)) - 2094aa94-81de-4318-a64f-84012b96f5b8@group-9855683505E4: changes role from CANDIDATE to LEADER at term 1 for changeToLeader
2021-12-08 13:31:44,084 [2094aa94-81de-4318-a64f-84012b96f5b8@group-9855683505E4-LeaderElection4] INFO  ratis.XceiverServerRatis (XceiverServerRatis.java:handleLeaderChangedNotification(866)) - Leader change notification received for group: group-9855683505E4 with new leaderId: 2094aa94-81de-4318-a64f-84012b96f5b8
2021-12-08 13:31:44,085 [2094aa94-81de-4318-a64f-84012b96f5b8@group-9855683505E4-LeaderElection4] INFO  server.RaftServer$Division (ServerState.java:setLeader(285)) - 2094aa94-81de-4318-a64f-84012b96f5b8@group-9855683505E4: change Leader from null to 2094aa94-81de-4318-a64f-84012b96f5b8 at term 1 for becomeLeader, leader elected after 5175ms
2021-12-08 13:31:44,085 [2094aa94-81de-4318-a64f-84012b96f5b8@group-9855683505E4-LeaderElection4] INFO  server.RaftServerConfigKeys (ConfUtils.java:logGet(44)) - raft.server.staging.catchup.gap = 1000 (default)
2021-12-08 13:31:44,116 [2094aa94-81de-4318-a64f-84012b96f5b8@group-9855683505E4-LeaderElection4] INFO  server.RaftServerConfigKeys (ConfUtils.java:logGet(44)) - raft.server.write.element-limit = 1024 (custom)
2021-12-08 13:31:44,116 [2094aa94-81de-4318-a64f-84012b96f5b8@group-9855683505E4-LeaderElection4] INFO  server.RaftServerConfigKeys (ConfUtils.java:logGet(44)) - raft.server.write.byte-limit = 1024 M (=1073741824) (custom)
2021-12-08 13:31:44,116 [2094aa94-81de-4318-a64f-84012b96f5b8@group-9855683505E4-LeaderElection4] INFO  server.RaftServerConfigKeys (ConfUtils.java:logGet(44)) - raft.server.watch.timeout = 10000ms (default)
2021-12-08 13:31:44,116 [2094aa94-81de-4318-a64f-84012b96f5b8@group-9855683505E4-LeaderElection4] INFO  server.RaftServerConfigKeys (ConfUtils.java:logGet(44)) - raft.server.watch.timeout.denomination = 1s (default)
2021-12-08 13:31:44,116 [2094aa94-81de-4318-a64f-84012b96f5b8@group-9855683505E4-LeaderElection4] INFO  server.RaftServerConfigKeys (ConfUtils.java:logGet(44)) - raft.server.watch.element-limit = 65536 (default)
2021-12-08 13:31:44,117 [2094aa94-81de-4318-a64f-84012b96f5b8@group-9855683505E4-LeaderElection4] INFO  server.RaftServerConfigKeys (ConfUtils.java:logGet(44)) - raft.server.write.element-limit = 1024 (custom)
2021-12-08 13:31:44,117 [2094aa94-81de-4318-a64f-84012b96f5b8@group-9855683505E4-LeaderElection4] INFO  server.RaftServerConfigKeys (ConfUtils.java:logGet(44)) - raft.server.write.follower.gap.ratio.max = -1.0 (default)
2021-12-08 13:31:44,117 [2094aa94-81de-4318-a64f-84012b96f5b8@group-9855683505E4-LeaderElection4] INFO  impl.RoleInfo (RoleInfo.java:updateAndGet(130)) - 2094aa94-81de-4318-a64f-84012b96f5b8: start 2094aa94-81de-4318-a64f-84012b96f5b8@group-9855683505E4-LeaderStateImpl
2021-12-08 13:31:44,117 [2094aa94-81de-4318-a64f-84012b96f5b8@group-9855683505E4-LeaderElection4] INFO  segmented.SegmentedRaftLogWorker (SegmentedRaftLogWorker.java:startLogSegment(394)) - 2094aa94-81de-4318-a64f-84012b96f5b8@group-9855683505E4-SegmentedRaftLogWorker: Starting segment from index:0
2021-12-08 13:31:44,129 [2094aa94-81de-4318-a64f-84012b96f5b8@group-9855683505E4-LeaderElection4] INFO  server.RaftServer$Division (ServerState.java:setRaftConf(387)) - 2094aa94-81de-4318-a64f-84012b96f5b8@group-9855683505E4: set configuration 0: [2094aa94-81de-4318-a64f-84012b96f5b8|rpc:10.1.0.52:36179|dataStream:|priority:1], old=null
2021-12-08 13:31:44,130 [2094aa94-81de-4318-a64f-84012b96f5b8@group-9855683505E4-SegmentedRaftLogWorker] INFO  segmented.SegmentedRaftLogWorker (SegmentedRaftLogWorker.java:execute(601)) - 2094aa94-81de-4318-a64f-84012b96f5b8@group-9855683505E4-SegmentedRaftLogWorker: created new log segment /home/runner/work/ozone/ozone/hadoop-ozone/integration-test/target/test-dir/MiniOzoneClusterImpl-c8c699bf-5dad-4457-9252-d1686169726e/datanode-1/data/ratis/e2001822-e6da-49da-a38d-9855683505e4/current/log_inprogress_0
2021-12-08 13:31:44,133 [2094aa94-81de-4318-a64f-84012b96f5b8@group-9855683505E4-StateMachineUpdater] INFO  ratis.ContainerStateMachine (ContainerStateMachine.java:takeSnapshot(299)) - group-9855683505E4: Taking a snapshot at:(t:1, i:0) file /home/runner/work/ozone/ozone/hadoop-ozone/integration-test/target/test-dir/MiniOzoneClusterImpl-c8c699bf-5dad-4457-9252-d1686169726e/datanode-1/data/ratis/e2001822-e6da-49da-a38d-9855683505e4/sm/snapshot.1_0
2021-12-08 13:31:44,134 [2094aa94-81de-4318-a64f-84012b96f5b8@group-9855683505E4-StateMachineUpdater] INFO  ratis.ContainerStateMachine (ContainerStateMachine.java:takeSnapshot(310)) - group-9855683505E4: Finished taking a snapshot at:(t:1, i:0) file:/home/runner/work/ozone/ozone/hadoop-ozone/integration-test/target/test-dir/MiniOzoneClusterImpl-c8c699bf-5dad-4457-9252-d1686169726e/datanode-1/data/ratis/e2001822-e6da-49da-a38d-9855683505e4/sm/snapshot.1_0 took: 1 ms
2021-12-08 13:31:44,134 [2094aa94-81de-4318-a64f-84012b96f5b8@group-9855683505E4-StateMachineUpdater] INFO  impl.StateMachineUpdater (StateMachineUpdater.java:takeSnapshot(281)) - 2094aa94-81de-4318-a64f-84012b96f5b8@group-9855683505E4-StateMachineUpdater: Took a snapshot at index 0
2021-12-08 13:31:44,134 [2094aa94-81de-4318-a64f-84012b96f5b8@group-9855683505E4-StateMachineUpdater] INFO  impl.StateMachineUpdater (StateMachineUpdater.java:lambda$new$0(89)) - 2094aa94-81de-4318-a64f-84012b96f5b8@group-9855683505E4-StateMachineUpdater: snapshotIndex: updateIncreasingly -1 -> 0
2021-12-08 13:31:44,378 [Listener at 127.0.0.1/44261] INFO  rpc.RpcClient (RpcClient.java:createVolume(389)) - Creating Volume: testcontainerstatemachinefailures, with runner as owner and space quota set to -1 bytes, counts quota set to -1
2021-12-08 13:31:44,522 [425f6569-dffe-4347-8a0f-4e8ceefdc693@group-F1FCE50A5A08-FollowerState] INFO  impl.FollowerState (FollowerState.java:run(134)) - 425f6569-dffe-4347-8a0f-4e8ceefdc693@group-F1FCE50A5A08-FollowerState: change to CANDIDATE, lastRpcElapsedTime:5077763500ns, electionTimeout:5076ms
2021-12-08 13:31:44,523 [425f6569-dffe-4347-8a0f-4e8ceefdc693@group-F1FCE50A5A08-FollowerState] INFO  impl.RoleInfo (RoleInfo.java:shutdownFollowerState(108)) - 425f6569-dffe-4347-8a0f-4e8ceefdc693: shutdown 425f6569-dffe-4347-8a0f-4e8ceefdc693@group-F1FCE50A5A08-FollowerState
2021-12-08 13:31:44,523 [425f6569-dffe-4347-8a0f-4e8ceefdc693@group-F1FCE50A5A08-FollowerState] INFO  server.RaftServer$Division (RaftServerImpl.java:setRole(290)) - 425f6569-dffe-4347-8a0f-4e8ceefdc693@group-F1FCE50A5A08: changes role from  FOLLOWER to CANDIDATE at term 0 for changeToCandidate
2021-12-08 13:31:44,523 [425f6569-dffe-4347-8a0f-4e8ceefdc693@group-F1FCE50A5A08-FollowerState] INFO  server.RaftServerConfigKeys (ConfUtils.java:logGet(44)) - raft.server.leaderelection.pre-vote = false (custom)
2021-12-08 13:31:44,523 [425f6569-dffe-4347-8a0f-4e8ceefdc693@group-F1FCE50A5A08-FollowerState] INFO  impl.RoleInfo (RoleInfo.java:updateAndGet(130)) - 425f6569-dffe-4347-8a0f-4e8ceefdc693: start 425f6569-dffe-4347-8a0f-4e8ceefdc693@group-F1FCE50A5A08-LeaderElection5
2021-12-08 13:31:44,534 [425f6569-dffe-4347-8a0f-4e8ceefdc693@group-F1FCE50A5A08-LeaderElection5] INFO  impl.LeaderElection (LeaderElection.java:askForVotes(306)) - 425f6569-dffe-4347-8a0f-4e8ceefdc693@group-F1FCE50A5A08-LeaderElection5 ELECTION round 0: submit vote requests at term 1 for -1: [2094aa94-81de-4318-a64f-84012b96f5b8|rpc:10.1.0.52:36179|priority:1, 425f6569-dffe-4347-8a0f-4e8ceefdc693|rpc:10.1.0.52:38009|priority:0, 4fc445d8-652e-4b1a-8cb7-40c69879e35b|rpc:10.1.0.52:33447|priority:0], old=null
2021-12-08 13:31:44,552 [grpc-default-executor-2] INFO  server.RaftServer$Division (RaftServerImpl.java:requestVote(1046)) - 2094aa94-81de-4318-a64f-84012b96f5b8@group-F1FCE50A5A08: receive requestVote(ELECTION, 425f6569-dffe-4347-8a0f-4e8ceefdc693, group-F1FCE50A5A08, 1, (t:0, i:0))
2021-12-08 13:31:44,552 [grpc-default-executor-2] INFO  impl.VoteContext (VoteContext.java:log(48)) - 2094aa94-81de-4318-a64f-84012b96f5b8@group-F1FCE50A5A08-FOLLOWER: reject ELECTION from 425f6569-dffe-4347-8a0f-4e8ceefdc693: our priority 1 > candidate's priority 0
2021-12-08 13:31:44,554 [grpc-default-executor-2] INFO  server.RaftServer$Division (RaftServerImpl.java:setRole(290)) - 2094aa94-81de-4318-a64f-84012b96f5b8@group-F1FCE50A5A08: changes role from  FOLLOWER to FOLLOWER at term 1 for candidate:425f6569-dffe-4347-8a0f-4e8ceefdc693
2021-12-08 13:31:44,554 [grpc-default-executor-2] INFO  impl.RoleInfo (RoleInfo.java:shutdownFollowerState(108)) - 2094aa94-81de-4318-a64f-84012b96f5b8: shutdown 2094aa94-81de-4318-a64f-84012b96f5b8@group-F1FCE50A5A08-FollowerState
2021-12-08 13:31:44,554 [grpc-default-executor-2] INFO  impl.RoleInfo (RoleInfo.java:updateAndGet(130)) - 2094aa94-81de-4318-a64f-84012b96f5b8: start 2094aa94-81de-4318-a64f-84012b96f5b8@group-F1FCE50A5A08-FollowerState
2021-12-08 13:31:44,554 [2094aa94-81de-4318-a64f-84012b96f5b8@group-F1FCE50A5A08-FollowerState] INFO  impl.FollowerState (FollowerState.java:run(143)) - 2094aa94-81de-4318-a64f-84012b96f5b8@group-F1FCE50A5A08-FollowerState was interrupted: {}
java.lang.InterruptedException: sleep interrupted
	at java.lang.Thread.sleep(Native Method)
	at java.lang.Thread.sleep(Thread.java:340)
	at java.util.concurrent.TimeUnit.sleep(TimeUnit.java:386)
	at org.apache.ratis.util.TimeDuration.sleep(TimeDuration.java:324)
	at org.apache.ratis.util.TimeDuration.sleep(TimeDuration.java:309)
	at org.apache.ratis.server.impl.FollowerState.run(FollowerState.java:118)
2021-12-08 13:31:44,568 [grpc-default-executor-2] INFO  server.RaftServer$Division (RaftServerImpl.java:requestVote(1078)) - 2094aa94-81de-4318-a64f-84012b96f5b8@group-F1FCE50A5A08 replies to ELECTION vote request: 425f6569-dffe-4347-8a0f-4e8ceefdc693<-2094aa94-81de-4318-a64f-84012b96f5b8#0:FAIL-t1. Peer's state: 2094aa94-81de-4318-a64f-84012b96f5b8@group-F1FCE50A5A08:t1, leader=null, voted=null, raftlog=2094aa94-81de-4318-a64f-84012b96f5b8@group-F1FCE50A5A08-SegmentedRaftLog:OPENED:c-1, conf=-1: [2094aa94-81de-4318-a64f-84012b96f5b8|rpc:10.1.0.52:36179|priority:1, 425f6569-dffe-4347-8a0f-4e8ceefdc693|rpc:10.1.0.52:38009|priority:0, 4fc445d8-652e-4b1a-8cb7-40c69879e35b|rpc:10.1.0.52:33447|priority:0], old=null
2021-12-08 13:31:44,572 [425f6569-dffe-4347-8a0f-4e8ceefdc693@group-F1FCE50A5A08-LeaderElection5] INFO  impl.LeaderElection (LeaderElection.java:logAndReturn(89)) - 425f6569-dffe-4347-8a0f-4e8ceefdc693@group-F1FCE50A5A08-LeaderElection5: ELECTION REJECTED received 1 response(s) and 0 exception(s):
2021-12-08 13:31:44,572 [425f6569-dffe-4347-8a0f-4e8ceefdc693@group-F1FCE50A5A08-LeaderElection5] INFO  impl.LeaderElection (LeaderElection.java:logAndReturn(93)) -   Response 0: 425f6569-dffe-4347-8a0f-4e8ceefdc693<-2094aa94-81de-4318-a64f-84012b96f5b8#0:FAIL-t1
2021-12-08 13:31:44,572 [425f6569-dffe-4347-8a0f-4e8ceefdc693@group-F1FCE50A5A08-LeaderElection5] INFO  impl.LeaderElection (LeaderElection.java:askForVotes(308)) - 425f6569-dffe-4347-8a0f-4e8ceefdc693@group-F1FCE50A5A08-LeaderElection5 ELECTION round 0: result REJECTED
2021-12-08 13:31:44,572 [425f6569-dffe-4347-8a0f-4e8ceefdc693@group-F1FCE50A5A08-LeaderElection5] INFO  server.RaftServer$Division (RaftServerImpl.java:setRole(290)) - 425f6569-dffe-4347-8a0f-4e8ceefdc693@group-F1FCE50A5A08: changes role from CANDIDATE to FOLLOWER at term 1 for REJECTED
2021-12-08 13:31:44,572 [425f6569-dffe-4347-8a0f-4e8ceefdc693@group-F1FCE50A5A08-LeaderElection5] INFO  impl.RoleInfo (RoleInfo.java:shutdownLeaderElection(121)) - 425f6569-dffe-4347-8a0f-4e8ceefdc693: shutdown 425f6569-dffe-4347-8a0f-4e8ceefdc693@group-F1FCE50A5A08-LeaderElection5
2021-12-08 13:31:44,572 [425f6569-dffe-4347-8a0f-4e8ceefdc693@group-F1FCE50A5A08-LeaderElection5] INFO  impl.RoleInfo (RoleInfo.java:updateAndGet(130)) - 425f6569-dffe-4347-8a0f-4e8ceefdc693: start 425f6569-dffe-4347-8a0f-4e8ceefdc693@group-F1FCE50A5A08-FollowerState
2021-12-08 13:31:44,585 [grpc-default-executor-1] INFO  server.RaftServer$Division (RaftServerImpl.java:requestVote(1046)) - 4fc445d8-652e-4b1a-8cb7-40c69879e35b@group-F1FCE50A5A08: receive requestVote(ELECTION, 425f6569-dffe-4347-8a0f-4e8ceefdc693, group-F1FCE50A5A08, 1, (t:0, i:0))
2021-12-08 13:31:44,586 [grpc-default-executor-1] INFO  impl.VoteContext (VoteContext.java:log(48)) - 4fc445d8-652e-4b1a-8cb7-40c69879e35b@group-F1FCE50A5A08-FOLLOWER: accept ELECTION from 425f6569-dffe-4347-8a0f-4e8ceefdc693: our priority 0 <= candidate's priority 0
2021-12-08 13:31:44,586 [grpc-default-executor-1] INFO  server.RaftServer$Division (RaftServerImpl.java:setRole(290)) - 4fc445d8-652e-4b1a-8cb7-40c69879e35b@group-F1FCE50A5A08: changes role from  FOLLOWER to FOLLOWER at term 1 for candidate:425f6569-dffe-4347-8a0f-4e8ceefdc693
2021-12-08 13:31:44,586 [grpc-default-executor-1] INFO  impl.RoleInfo (RoleInfo.java:shutdownFollowerState(108)) - 4fc445d8-652e-4b1a-8cb7-40c69879e35b: shutdown 4fc445d8-652e-4b1a-8cb7-40c69879e35b@group-F1FCE50A5A08-FollowerState
2021-12-08 13:31:44,586 [grpc-default-executor-1] INFO  impl.RoleInfo (RoleInfo.java:updateAndGet(130)) - 4fc445d8-652e-4b1a-8cb7-40c69879e35b: start 4fc445d8-652e-4b1a-8cb7-40c69879e35b@group-F1FCE50A5A08-FollowerState
2021-12-08 13:31:44,588 [grpc-default-executor-1] INFO  server.RaftServer$Division (RaftServerImpl.java:requestVote(1078)) - 4fc445d8-652e-4b1a-8cb7-40c69879e35b@group-F1FCE50A5A08 replies to ELECTION vote request: 425f6569-dffe-4347-8a0f-4e8ceefdc693<-4fc445d8-652e-4b1a-8cb7-40c69879e35b#0:OK-t1. Peer's state: 4fc445d8-652e-4b1a-8cb7-40c69879e35b@group-F1FCE50A5A08:t1, leader=null, voted=425f6569-dffe-4347-8a0f-4e8ceefdc693, raftlog=4fc445d8-652e-4b1a-8cb7-40c69879e35b@group-F1FCE50A5A08-SegmentedRaftLog:OPENED:c-1, conf=-1: [2094aa94-81de-4318-a64f-84012b96f5b8|rpc:10.1.0.52:36179|dataStream:|priority:1, 425f6569-dffe-4347-8a0f-4e8ceefdc693|rpc:10.1.0.52:38009|dataStream:|priority:0, 4fc445d8-652e-4b1a-8cb7-40c69879e35b|rpc:10.1.0.52:33447|dataStream:|priority:0], old=null
2021-12-08 13:31:44,588 [4fc445d8-652e-4b1a-8cb7-40c69879e35b@group-DAD1AF2DF7FC-FollowerState] INFO  impl.FollowerState (FollowerState.java:run(134)) - 4fc445d8-652e-4b1a-8cb7-40c69879e35b@group-DAD1AF2DF7FC-FollowerState: change to CANDIDATE, lastRpcElapsedTime:5071207165ns, electionTimeout:5068ms
2021-12-08 13:31:44,589 [4fc445d8-652e-4b1a-8cb7-40c69879e35b@group-F1FCE50A5A08-FollowerState] INFO  impl.FollowerState (FollowerState.java:run(143)) - 4fc445d8-652e-4b1a-8cb7-40c69879e35b@group-F1FCE50A5A08-FollowerState was interrupted: {}
java.lang.InterruptedException: sleep interrupted
	at java.lang.Thread.sleep(Native Method)
	at java.lang.Thread.sleep(Thread.java:340)
	at java.util.concurrent.TimeUnit.sleep(TimeUnit.java:386)
	at org.apache.ratis.util.TimeDuration.sleep(TimeDuration.java:324)
	at org.apache.ratis.util.TimeDuration.sleep(TimeDuration.java:309)
	at org.apache.ratis.server.impl.FollowerState.run(FollowerState.java:118)
2021-12-08 13:31:44,594 [4fc445d8-652e-4b1a-8cb7-40c69879e35b@group-DAD1AF2DF7FC-FollowerState] INFO  impl.RoleInfo (RoleInfo.java:shutdownFollowerState(108)) - 4fc445d8-652e-4b1a-8cb7-40c69879e35b: shutdown 4fc445d8-652e-4b1a-8cb7-40c69879e35b@group-DAD1AF2DF7FC-FollowerState
2021-12-08 13:31:44,594 [4fc445d8-652e-4b1a-8cb7-40c69879e35b@group-DAD1AF2DF7FC-FollowerState] INFO  server.RaftServer$Division (RaftServerImpl.java:setRole(290)) - 4fc445d8-652e-4b1a-8cb7-40c69879e35b@group-DAD1AF2DF7FC: changes role from  FOLLOWER to CANDIDATE at term 0 for changeToCandidate
2021-12-08 13:31:44,595 [4fc445d8-652e-4b1a-8cb7-40c69879e35b@group-DAD1AF2DF7FC-FollowerState] INFO  server.RaftServerConfigKeys (ConfUtils.java:logGet(44)) - raft.server.leaderelection.pre-vote = false (custom)
2021-12-08 13:31:44,595 [4fc445d8-652e-4b1a-8cb7-40c69879e35b@group-DAD1AF2DF7FC-FollowerState] INFO  impl.RoleInfo (RoleInfo.java:updateAndGet(130)) - 4fc445d8-652e-4b1a-8cb7-40c69879e35b: start 4fc445d8-652e-4b1a-8cb7-40c69879e35b@group-DAD1AF2DF7FC-LeaderElection6
2021-12-08 13:31:44,620 [4fc445d8-652e-4b1a-8cb7-40c69879e35b@group-DAD1AF2DF7FC-LeaderElection6] INFO  impl.LeaderElection (LeaderElection.java:askForVotes(306)) - 4fc445d8-652e-4b1a-8cb7-40c69879e35b@group-DAD1AF2DF7FC-LeaderElection6 ELECTION round 0: submit vote requests at term 1 for -1: [4fc445d8-652e-4b1a-8cb7-40c69879e35b|rpc:10.1.0.52:33447|priority:1], old=null
2021-12-08 13:31:44,620 [4fc445d8-652e-4b1a-8cb7-40c69879e35b@group-DAD1AF2DF7FC-LeaderElection6] INFO  impl.LeaderElection (LeaderElection.java:askForVotes(308)) - 4fc445d8-652e-4b1a-8cb7-40c69879e35b@group-DAD1AF2DF7FC-LeaderElection6 ELECTION round 0: result PASSED (term=1)
2021-12-08 13:31:44,620 [4fc445d8-652e-4b1a-8cb7-40c69879e35b@group-DAD1AF2DF7FC-LeaderElection6] INFO  impl.RoleInfo (RoleInfo.java:shutdownLeaderElection(121)) - 4fc445d8-652e-4b1a-8cb7-40c69879e35b: shutdown 4fc445d8-652e-4b1a-8cb7-40c69879e35b@group-DAD1AF2DF7FC-LeaderElection6
2021-12-08 13:31:44,620 [4fc445d8-652e-4b1a-8cb7-40c69879e35b@group-DAD1AF2DF7FC-LeaderElection6] INFO  server.RaftServer$Division (RaftServerImpl.java:setRole(290)) - 4fc445d8-652e-4b1a-8cb7-40c69879e35b@group-DAD1AF2DF7FC: changes role from CANDIDATE to LEADER at term 1 for changeToLeader
2021-12-08 13:31:44,620 [4fc445d8-652e-4b1a-8cb7-40c69879e35b@group-DAD1AF2DF7FC-LeaderElection6] INFO  ratis.XceiverServerRatis (XceiverServerRatis.java:handleLeaderChangedNotification(866)) - Leader change notification received for group: group-DAD1AF2DF7FC with new leaderId: 4fc445d8-652e-4b1a-8cb7-40c69879e35b
2021-12-08 13:31:44,621 [4fc445d8-652e-4b1a-8cb7-40c69879e35b@group-DAD1AF2DF7FC-LeaderElection6] INFO  server.RaftServer$Division (ServerState.java:setLeader(285)) - 4fc445d8-652e-4b1a-8cb7-40c69879e35b@group-DAD1AF2DF7FC: change Leader from null to 4fc445d8-652e-4b1a-8cb7-40c69879e35b at term 1 for becomeLeader, leader elected after 5153ms
2021-12-08 13:31:44,621 [4fc445d8-652e-4b1a-8cb7-40c69879e35b@group-DAD1AF2DF7FC-LeaderElection6] INFO  server.RaftServerConfigKeys (ConfUtils.java:logGet(44)) - raft.server.staging.catchup.gap = 1000 (default)
2021-12-08 13:31:44,621 [4fc445d8-652e-4b1a-8cb7-40c69879e35b@group-DAD1AF2DF7FC-LeaderElection6] INFO  server.RaftServerConfigKeys (ConfUtils.java:logGet(44)) - raft.server.write.element-limit = 1024 (custom)
2021-12-08 13:31:44,622 [4fc445d8-652e-4b1a-8cb7-40c69879e35b@group-DAD1AF2DF7FC-LeaderElection6] INFO  server.RaftServerConfigKeys (ConfUtils.java:logGet(44)) - raft.server.write.byte-limit = 1024 M (=1073741824) (custom)
2021-12-08 13:31:44,622 [4fc445d8-652e-4b1a-8cb7-40c69879e35b@group-DAD1AF2DF7FC-LeaderElection6] INFO  server.RaftServerConfigKeys (ConfUtils.java:logGet(44)) - raft.server.watch.timeout = 10000ms (default)
2021-12-08 13:31:44,622 [4fc445d8-652e-4b1a-8cb7-40c69879e35b@group-DAD1AF2DF7FC-LeaderElection6] INFO  server.RaftServerConfigKeys (ConfUtils.java:logGet(44)) - raft.server.watch.timeout.denomination = 1s (default)
2021-12-08 13:31:44,622 [4fc445d8-652e-4b1a-8cb7-40c69879e35b@group-DAD1AF2DF7FC-LeaderElection6] INFO  server.RaftServerConfigKeys (ConfUtils.java:logGet(44)) - raft.server.watch.element-limit = 65536 (default)
2021-12-08 13:31:44,622 [4fc445d8-652e-4b1a-8cb7-40c69879e35b@group-DAD1AF2DF7FC-LeaderElection6] INFO  server.RaftServerConfigKeys (ConfUtils.java:logGet(44)) - raft.server.write.element-limit = 1024 (custom)
2021-12-08 13:31:44,622 [4fc445d8-652e-4b1a-8cb7-40c69879e35b@group-DAD1AF2DF7FC-LeaderElection6] INFO  server.RaftServerConfigKeys (ConfUtils.java:logGet(44)) - raft.server.write.follower.gap.ratio.max = -1.0 (default)
2021-12-08 13:31:44,623 [4fc445d8-652e-4b1a-8cb7-40c69879e35b@group-DAD1AF2DF7FC-LeaderElection6] INFO  impl.RoleInfo (RoleInfo.java:updateAndGet(130)) - 4fc445d8-652e-4b1a-8cb7-40c69879e35b: start 4fc445d8-652e-4b1a-8cb7-40c69879e35b@group-DAD1AF2DF7FC-LeaderStateImpl
2021-12-08 13:31:44,623 [4fc445d8-652e-4b1a-8cb7-40c69879e35b@group-DAD1AF2DF7FC-LeaderElection6] INFO  segmented.SegmentedRaftLogWorker (SegmentedRaftLogWorker.java:startLogSegment(394)) - 4fc445d8-652e-4b1a-8cb7-40c69879e35b@group-DAD1AF2DF7FC-SegmentedRaftLogWorker: Starting segment from index:0
2021-12-08 13:31:44,624 [4fc445d8-652e-4b1a-8cb7-40c69879e35b@group-DAD1AF2DF7FC-SegmentedRaftLogWorker] INFO  segmented.SegmentedRaftLogWorker (SegmentedRaftLogWorker.java:execute(601)) - 4fc445d8-652e-4b1a-8cb7-40c69879e35b@group-DAD1AF2DF7FC-SegmentedRaftLogWorker: created new log segment /home/runner/work/ozone/ozone/hadoop-ozone/integration-test/target/test-dir/MiniOzoneClusterImpl-c8c699bf-5dad-4457-9252-d1686169726e/datanode-2/data/ratis/6df550c0-6ee9-445f-acaf-dad1af2df7fc/current/log_inprogress_0
2021-12-08 13:31:44,631 [4fc445d8-652e-4b1a-8cb7-40c69879e35b@group-DAD1AF2DF7FC-LeaderElection6] INFO  server.RaftServer$Division (ServerState.java:setRaftConf(387)) - 4fc445d8-652e-4b1a-8cb7-40c69879e35b@group-DAD1AF2DF7FC: set configuration 0: [4fc445d8-652e-4b1a-8cb7-40c69879e35b|rpc:10.1.0.52:33447|dataStream:|priority:1], old=null
2021-12-08 13:31:44,633 [4fc445d8-652e-4b1a-8cb7-40c69879e35b@group-DAD1AF2DF7FC-StateMachineUpdater] INFO  ratis.ContainerStateMachine (ContainerStateMachine.java:takeSnapshot(299)) - group-DAD1AF2DF7FC: Taking a snapshot at:(t:1, i:0) file /home/runner/work/ozone/ozone/hadoop-ozone/integration-test/target/test-dir/MiniOzoneClusterImpl-c8c699bf-5dad-4457-9252-d1686169726e/datanode-2/data/ratis/6df550c0-6ee9-445f-acaf-dad1af2df7fc/sm/snapshot.1_0
2021-12-08 13:31:44,633 [4fc445d8-652e-4b1a-8cb7-40c69879e35b@group-DAD1AF2DF7FC-StateMachineUpdater] INFO  ratis.ContainerStateMachine (ContainerStateMachine.java:takeSnapshot(310)) - group-DAD1AF2DF7FC: Finished taking a snapshot at:(t:1, i:0) file:/home/runner/work/ozone/ozone/hadoop-ozone/integration-test/target/test-dir/MiniOzoneClusterImpl-c8c699bf-5dad-4457-9252-d1686169726e/datanode-2/data/ratis/6df550c0-6ee9-445f-acaf-dad1af2df7fc/sm/snapshot.1_0 took: 1 ms
2021-12-08 13:31:44,634 [4fc445d8-652e-4b1a-8cb7-40c69879e35b@group-DAD1AF2DF7FC-StateMachineUpdater] INFO  impl.StateMachineUpdater (StateMachineUpdater.java:takeSnapshot(281)) - 4fc445d8-652e-4b1a-8cb7-40c69879e35b@group-DAD1AF2DF7FC-StateMachineUpdater: Took a snapshot at index 0
2021-12-08 13:31:44,634 [4fc445d8-652e-4b1a-8cb7-40c69879e35b@group-DAD1AF2DF7FC-StateMachineUpdater] INFO  impl.StateMachineUpdater (StateMachineUpdater.java:lambda$new$0(89)) - 4fc445d8-652e-4b1a-8cb7-40c69879e35b@group-DAD1AF2DF7FC-StateMachineUpdater: snapshotIndex: updateIncreasingly -1 -> 0
2021-12-08 13:31:44,707 [OM StateMachine ApplyTransaction Thread - 0] INFO  volume.OMVolumeCreateRequest (OMVolumeCreateRequest.java:validateAndUpdateCache(195)) - created volume:testcontainerstatemachinefailures for user:runner
2021-12-08 13:31:44,739 [Listener at 127.0.0.1/44261] INFO  rpc.RpcClient (RpcClient.java:createBucket(552)) - Creating Bucket: testcontainerstatemachinefailures/testcontainerstatemachinefailures, with runner as owner and Versioning false and Storage Type set to DISK and Encryption set to false 
2021-12-08 13:31:44,776 [8a8f2b09-e878-40c2-9c9f-30d928921f94@group-7FE3A30E79EB-FollowerState] INFO  impl.FollowerState (FollowerState.java:run(134)) - 8a8f2b09-e878-40c2-9c9f-30d928921f94@group-7FE3A30E79EB-FollowerState: change to CANDIDATE, lastRpcElapsedTime:5086569447ns, electionTimeout:5085ms
2021-12-08 13:31:44,776 [8a8f2b09-e878-40c2-9c9f-30d928921f94@group-7FE3A30E79EB-FollowerState] INFO  impl.RoleInfo (RoleInfo.java:shutdownFollowerState(108)) - 8a8f2b09-e878-40c2-9c9f-30d928921f94: shutdown 8a8f2b09-e878-40c2-9c9f-30d928921f94@group-7FE3A30E79EB-FollowerState
2021-12-08 13:31:44,777 [8a8f2b09-e878-40c2-9c9f-30d928921f94@group-7FE3A30E79EB-FollowerState] INFO  server.RaftServer$Division (RaftServerImpl.java:setRole(290)) - 8a8f2b09-e878-40c2-9c9f-30d928921f94@group-7FE3A30E79EB: changes role from  FOLLOWER to CANDIDATE at term 0 for changeToCandidate
2021-12-08 13:31:44,778 [8a8f2b09-e878-40c2-9c9f-30d928921f94@group-7FE3A30E79EB-FollowerState] INFO  server.RaftServerConfigKeys (ConfUtils.java:logGet(44)) - raft.server.leaderelection.pre-vote = false (custom)
2021-12-08 13:31:44,778 [8a8f2b09-e878-40c2-9c9f-30d928921f94@group-7FE3A30E79EB-FollowerState] INFO  impl.RoleInfo (RoleInfo.java:updateAndGet(130)) - 8a8f2b09-e878-40c2-9c9f-30d928921f94: start 8a8f2b09-e878-40c2-9c9f-30d928921f94@group-7FE3A30E79EB-LeaderElection7
2021-12-08 13:31:44,795 [8a8f2b09-e878-40c2-9c9f-30d928921f94@group-7FE3A30E79EB-LeaderElection7] INFO  impl.LeaderElection (LeaderElection.java:askForVotes(306)) - 8a8f2b09-e878-40c2-9c9f-30d928921f94@group-7FE3A30E79EB-LeaderElection7 ELECTION round 0: submit vote requests at term 1 for -1: [8a8f2b09-e878-40c2-9c9f-30d928921f94|rpc:10.1.0.52:43169|priority:1], old=null
2021-12-08 13:31:44,795 [8a8f2b09-e878-40c2-9c9f-30d928921f94@group-7FE3A30E79EB-LeaderElection7] INFO  impl.LeaderElection (LeaderElection.java:askForVotes(308)) - 8a8f2b09-e878-40c2-9c9f-30d928921f94@group-7FE3A30E79EB-LeaderElection7 ELECTION round 0: result PASSED (term=1)
2021-12-08 13:31:44,795 [8a8f2b09-e878-40c2-9c9f-30d928921f94@group-7FE3A30E79EB-LeaderElection7] INFO  impl.RoleInfo (RoleInfo.java:shutdownLeaderElection(121)) - 8a8f2b09-e878-40c2-9c9f-30d928921f94: shutdown 8a8f2b09-e878-40c2-9c9f-30d928921f94@group-7FE3A30E79EB-LeaderElection7
2021-12-08 13:31:44,795 [8a8f2b09-e878-40c2-9c9f-30d928921f94@group-7FE3A30E79EB-LeaderElection7] INFO  server.RaftServer$Division (RaftServerImpl.java:setRole(290)) - 8a8f2b09-e878-40c2-9c9f-30d928921f94@group-7FE3A30E79EB: changes role from CANDIDATE to LEADER at term 1 for changeToLeader
2021-12-08 13:31:44,795 [8a8f2b09-e878-40c2-9c9f-30d928921f94@group-7FE3A30E79EB-LeaderElection7] INFO  ratis.XceiverServerRatis (XceiverServerRatis.java:handleLeaderChangedNotification(866)) - Leader change notification received for group: group-7FE3A30E79EB with new leaderId: 8a8f2b09-e878-40c2-9c9f-30d928921f94
2021-12-08 13:31:44,797 [8a8f2b09-e878-40c2-9c9f-30d928921f94@group-7FE3A30E79EB-LeaderElection7] INFO  server.RaftServer$Division (ServerState.java:setLeader(285)) - 8a8f2b09-e878-40c2-9c9f-30d928921f94@group-7FE3A30E79EB: change Leader from null to 8a8f2b09-e878-40c2-9c9f-30d928921f94 at term 1 for becomeLeader, leader elected after 5114ms
2021-12-08 13:31:44,797 [8a8f2b09-e878-40c2-9c9f-30d928921f94@group-7FE3A30E79EB-LeaderElection7] INFO  server.RaftServerConfigKeys (ConfUtils.java:logGet(44)) - raft.server.staging.catchup.gap = 1000 (default)
2021-12-08 13:31:44,797 [8a8f2b09-e878-40c2-9c9f-30d928921f94@group-7FE3A30E79EB-LeaderElection7] INFO  server.RaftServerConfigKeys (ConfUtils.java:logGet(44)) - raft.server.write.element-limit = 1024 (custom)
2021-12-08 13:31:44,797 [8a8f2b09-e878-40c2-9c9f-30d928921f94@group-7FE3A30E79EB-LeaderElection7] INFO  server.RaftServerConfigKeys (ConfUtils.java:logGet(44)) - raft.server.write.byte-limit = 1024 M (=1073741824) (custom)
2021-12-08 13:31:44,798 [8a8f2b09-e878-40c2-9c9f-30d928921f94@group-7FE3A30E79EB-LeaderElection7] INFO  server.RaftServerConfigKeys (ConfUtils.java:logGet(44)) - raft.server.watch.timeout = 10000ms (default)
2021-12-08 13:31:44,798 [8a8f2b09-e878-40c2-9c9f-30d928921f94@group-7FE3A30E79EB-LeaderElection7] INFO  server.RaftServerConfigKeys (ConfUtils.java:logGet(44)) - raft.server.watch.timeout.denomination = 1s (default)
2021-12-08 13:31:44,798 [8a8f2b09-e878-40c2-9c9f-30d928921f94@group-7FE3A30E79EB-LeaderElection7] INFO  server.RaftServerConfigKeys (ConfUtils.java:logGet(44)) - raft.server.watch.element-limit = 65536 (default)
2021-12-08 13:31:44,798 [8a8f2b09-e878-40c2-9c9f-30d928921f94@group-7FE3A30E79EB-LeaderElection7] INFO  server.RaftServerConfigKeys (ConfUtils.java:logGet(44)) - raft.server.write.element-limit = 1024 (custom)
2021-12-08 13:31:44,798 [8a8f2b09-e878-40c2-9c9f-30d928921f94@group-7FE3A30E79EB-LeaderElection7] INFO  server.RaftServerConfigKeys (ConfUtils.java:logGet(44)) - raft.server.write.follower.gap.ratio.max = -1.0 (default)
2021-12-08 13:31:44,798 [8a8f2b09-e878-40c2-9c9f-30d928921f94@group-7FE3A30E79EB-LeaderElection7] INFO  impl.RoleInfo (RoleInfo.java:updateAndGet(130)) - 8a8f2b09-e878-40c2-9c9f-30d928921f94: start 8a8f2b09-e878-40c2-9c9f-30d928921f94@group-7FE3A30E79EB-LeaderStateImpl
2021-12-08 13:31:44,798 [8a8f2b09-e878-40c2-9c9f-30d928921f94@group-7FE3A30E79EB-LeaderElection7] INFO  segmented.SegmentedRaftLogWorker (SegmentedRaftLogWorker.java:startLogSegment(394)) - 8a8f2b09-e878-40c2-9c9f-30d928921f94@group-7FE3A30E79EB-SegmentedRaftLogWorker: Starting segment from index:0
2021-12-08 13:31:44,801 [8a8f2b09-e878-40c2-9c9f-30d928921f94@group-7FE3A30E79EB-SegmentedRaftLogWorker] INFO  segmented.SegmentedRaftLogWorker (SegmentedRaftLogWorker.java:execute(601)) - 8a8f2b09-e878-40c2-9c9f-30d928921f94@group-7FE3A30E79EB-SegmentedRaftLogWorker: created new log segment /home/runner/work/ozone/ozone/hadoop-ozone/integration-test/target/test-dir/MiniOzoneClusterImpl-c8c699bf-5dad-4457-9252-d1686169726e/datanode-3/data/ratis/e5a80b19-f49e-4525-8dfa-7fe3a30e79eb/current/log_inprogress_0
2021-12-08 13:31:44,811 [8a8f2b09-e878-40c2-9c9f-30d928921f94@group-7FE3A30E79EB-LeaderElection7] INFO  server.RaftServer$Division (ServerState.java:setRaftConf(387)) - 8a8f2b09-e878-40c2-9c9f-30d928921f94@group-7FE3A30E79EB: set configuration 0: [8a8f2b09-e878-40c2-9c9f-30d928921f94|rpc:10.1.0.52:43169|dataStream:|priority:1], old=null
2021-12-08 13:31:44,812 [8a8f2b09-e878-40c2-9c9f-30d928921f94@group-7FE3A30E79EB-StateMachineUpdater] INFO  ratis.ContainerStateMachine (ContainerStateMachine.java:takeSnapshot(299)) - group-7FE3A30E79EB: Taking a snapshot at:(t:1, i:0) file /home/runner/work/ozone/ozone/hadoop-ozone/integration-test/target/test-dir/MiniOzoneClusterImpl-c8c699bf-5dad-4457-9252-d1686169726e/datanode-3/data/ratis/e5a80b19-f49e-4525-8dfa-7fe3a30e79eb/sm/snapshot.1_0
2021-12-08 13:31:44,813 [8a8f2b09-e878-40c2-9c9f-30d928921f94@group-7FE3A30E79EB-StateMachineUpdater] INFO  ratis.ContainerStateMachine (ContainerStateMachine.java:takeSnapshot(310)) - group-7FE3A30E79EB: Finished taking a snapshot at:(t:1, i:0) file:/home/runner/work/ozone/ozone/hadoop-ozone/integration-test/target/test-dir/MiniOzoneClusterImpl-c8c699bf-5dad-4457-9252-d1686169726e/datanode-3/data/ratis/e5a80b19-f49e-4525-8dfa-7fe3a30e79eb/sm/snapshot.1_0 took: 1 ms
2021-12-08 13:31:44,814 [8a8f2b09-e878-40c2-9c9f-30d928921f94@group-7FE3A30E79EB-StateMachineUpdater] INFO  impl.StateMachineUpdater (StateMachineUpdater.java:takeSnapshot(281)) - 8a8f2b09-e878-40c2-9c9f-30d928921f94@group-7FE3A30E79EB-StateMachineUpdater: Took a snapshot at index 0
2021-12-08 13:31:44,814 [8a8f2b09-e878-40c2-9c9f-30d928921f94@group-7FE3A30E79EB-StateMachineUpdater] INFO  impl.StateMachineUpdater (StateMachineUpdater.java:lambda$new$0(89)) - 8a8f2b09-e878-40c2-9c9f-30d928921f94@group-7FE3A30E79EB-StateMachineUpdater: snapshotIndex: updateIncreasingly -1 -> 0
2021-12-08 13:31:44,846 [ffce9616-478d-40f6-8b96-f3952fb64da5@group-C6C5AEA563D1-FollowerState] INFO  impl.FollowerState (FollowerState.java:run(134)) - ffce9616-478d-40f6-8b96-f3952fb64da5@group-C6C5AEA563D1-FollowerState: change to CANDIDATE, lastRpcElapsedTime:5026303920ns, electionTimeout:5021ms
2021-12-08 13:31:44,846 [ffce9616-478d-40f6-8b96-f3952fb64da5@group-C6C5AEA563D1-FollowerState] INFO  impl.RoleInfo (RoleInfo.java:shutdownFollowerState(108)) - ffce9616-478d-40f6-8b96-f3952fb64da5: shutdown ffce9616-478d-40f6-8b96-f3952fb64da5@group-C6C5AEA563D1-FollowerState
2021-12-08 13:31:44,846 [ffce9616-478d-40f6-8b96-f3952fb64da5@group-C6C5AEA563D1-FollowerState] INFO  server.RaftServer$Division (RaftServerImpl.java:setRole(290)) - ffce9616-478d-40f6-8b96-f3952fb64da5@group-C6C5AEA563D1: changes role from  FOLLOWER to CANDIDATE at term 0 for changeToCandidate
2021-12-08 13:31:44,847 [ffce9616-478d-40f6-8b96-f3952fb64da5@group-C6C5AEA563D1-FollowerState] INFO  server.RaftServerConfigKeys (ConfUtils.java:logGet(44)) - raft.server.leaderelection.pre-vote = false (custom)
2021-12-08 13:31:44,847 [ffce9616-478d-40f6-8b96-f3952fb64da5@group-C6C5AEA563D1-FollowerState] INFO  impl.RoleInfo (RoleInfo.java:updateAndGet(130)) - ffce9616-478d-40f6-8b96-f3952fb64da5: start ffce9616-478d-40f6-8b96-f3952fb64da5@group-C6C5AEA563D1-LeaderElection8
2021-12-08 13:31:44,854 [IPC Server handler 0 on default port 44609] INFO  ha.SequenceIdGenerator (SequenceIdGenerator.java:getNextId(127)) - Allocate a batch for containerId, change lastId from 0 to 1000.
2021-12-08 13:31:44,854 [ffce9616-478d-40f6-8b96-f3952fb64da5@group-C26B04E915AA-FollowerState] INFO  impl.FollowerState (FollowerState.java:run(134)) - ffce9616-478d-40f6-8b96-f3952fb64da5@group-C26B04E915AA-FollowerState: change to CANDIDATE, lastRpcElapsedTime:5108145464ns, electionTimeout:5104ms
2021-12-08 13:31:44,856 [ffce9616-478d-40f6-8b96-f3952fb64da5@group-C26B04E915AA-FollowerState] INFO  impl.RoleInfo (RoleInfo.java:shutdownFollowerState(108)) - ffce9616-478d-40f6-8b96-f3952fb64da5: shutdown ffce9616-478d-40f6-8b96-f3952fb64da5@group-C26B04E915AA-FollowerState
2021-12-08 13:31:44,856 [ffce9616-478d-40f6-8b96-f3952fb64da5@group-C26B04E915AA-FollowerState] INFO  server.RaftServer$Division (RaftServerImpl.java:setRole(290)) - ffce9616-478d-40f6-8b96-f3952fb64da5@group-C26B04E915AA: changes role from  FOLLOWER to CANDIDATE at term 0 for changeToCandidate
2021-12-08 13:31:44,856 [ffce9616-478d-40f6-8b96-f3952fb64da5@group-C26B04E915AA-FollowerState] INFO  server.RaftServerConfigKeys (ConfUtils.java:logGet(44)) - raft.server.leaderelection.pre-vote = false (custom)
2021-12-08 13:31:44,856 [ffce9616-478d-40f6-8b96-f3952fb64da5@group-C26B04E915AA-FollowerState] INFO  impl.RoleInfo (RoleInfo.java:updateAndGet(130)) - ffce9616-478d-40f6-8b96-f3952fb64da5: start ffce9616-478d-40f6-8b96-f3952fb64da5@group-C26B04E915AA-LeaderElection9
2021-12-08 13:31:44,881 [IPC Server handler 0 on default port 44609] WARN  ha.SequenceIdGenerator (SequenceIdGenerator.java:allocateBatch(235)) - Failed to allocate a batch for localId, expected lastId is 0, actual lastId is 107544261427200000.
2021-12-08 13:31:44,882 [IPC Server handler 0 on default port 44609] INFO  ha.SequenceIdGenerator (SequenceIdGenerator.java:getNextId(127)) - Allocate a batch for localId, change lastId from 107544261427200000 to 107544261427201000.
2021-12-08 13:31:44,885 [ffce9616-478d-40f6-8b96-f3952fb64da5@group-C26B04E915AA-LeaderElection9] INFO  impl.LeaderElection (LeaderElection.java:askForVotes(306)) - ffce9616-478d-40f6-8b96-f3952fb64da5@group-C26B04E915AA-LeaderElection9 ELECTION round 0: submit vote requests at term 1 for -1: [8a8f2b09-e878-40c2-9c9f-30d928921f94|rpc:10.1.0.52:43169|dataStream:|priority:0, 99b82248-fa78-4a2f-9c0c-a895faee9290|rpc:10.1.0.52:40213|dataStream:|priority:1, ffce9616-478d-40f6-8b96-f3952fb64da5|rpc:10.1.0.52:43161|dataStream:|priority:0], old=null
2021-12-08 13:31:44,886 [8a8f2b09-e878-40c2-9c9f-30d928921f94@group-C26B04E915AA-FollowerState] INFO  impl.FollowerState (FollowerState.java:run(134)) - 8a8f2b09-e878-40c2-9c9f-30d928921f94@group-C26B04E915AA-FollowerState: change to CANDIDATE, lastRpcElapsedTime:5177329640ns, electionTimeout:5169ms
2021-12-08 13:31:44,887 [ffce9616-478d-40f6-8b96-f3952fb64da5@group-C6C5AEA563D1-LeaderElection8] INFO  impl.LeaderElection (LeaderElection.java:askForVotes(306)) - ffce9616-478d-40f6-8b96-f3952fb64da5@group-C6C5AEA563D1-LeaderElection8 ELECTION round 0: submit vote requests at term 1 for -1: [8a8f2b09-e878-40c2-9c9f-30d928921f94|rpc:10.1.0.52:43169|dataStream:|priority:0, 99b82248-fa78-4a2f-9c0c-a895faee9290|rpc:10.1.0.52:40213|dataStream:|priority:0, ffce9616-478d-40f6-8b96-f3952fb64da5|rpc:10.1.0.52:43161|dataStream:|priority:1], old=null
2021-12-08 13:31:44,890 [8a8f2b09-e878-40c2-9c9f-30d928921f94@group-C6C5AEA563D1-FollowerState] INFO  impl.FollowerState (FollowerState.java:run(134)) - 8a8f2b09-e878-40c2-9c9f-30d928921f94@group-C6C5AEA563D1-FollowerState: change to CANDIDATE, lastRpcElapsedTime:5091372073ns, electionTimeout:5091ms
2021-12-08 13:31:44,887 [8a8f2b09-e878-40c2-9c9f-30d928921f94@group-C26B04E915AA-FollowerState] INFO  impl.RoleInfo (RoleInfo.java:shutdownFollowerState(108)) - 8a8f2b09-e878-40c2-9c9f-30d928921f94: shutdown 8a8f2b09-e878-40c2-9c9f-30d928921f94@group-C26B04E915AA-FollowerState
2021-12-08 13:31:44,894 [8a8f2b09-e878-40c2-9c9f-30d928921f94@group-C6C5AEA563D1-FollowerState] INFO  impl.RoleInfo (RoleInfo.java:shutdownFollowerState(108)) - 8a8f2b09-e878-40c2-9c9f-30d928921f94: shutdown 8a8f2b09-e878-40c2-9c9f-30d928921f94@group-C6C5AEA563D1-FollowerState
2021-12-08 13:31:44,898 [8a8f2b09-e878-40c2-9c9f-30d928921f94@group-C6C5AEA563D1-FollowerState] INFO  server.RaftServer$Division (RaftServerImpl.java:setRole(290)) - 8a8f2b09-e878-40c2-9c9f-30d928921f94@group-C6C5AEA563D1: changes role from  FOLLOWER to CANDIDATE at term 0 for changeToCandidate
2021-12-08 13:31:44,898 [8a8f2b09-e878-40c2-9c9f-30d928921f94@group-C26B04E915AA-FollowerState] INFO  server.RaftServer$Division (RaftServerImpl.java:setRole(290)) - 8a8f2b09-e878-40c2-9c9f-30d928921f94@group-C26B04E915AA: changes role from  FOLLOWER to CANDIDATE at term 0 for changeToCandidate
2021-12-08 13:31:44,905 [8a8f2b09-e878-40c2-9c9f-30d928921f94@group-C26B04E915AA-FollowerState] INFO  server.RaftServerConfigKeys (ConfUtils.java:logGet(44)) - raft.server.leaderelection.pre-vote = false (custom)
2021-12-08 13:31:44,905 [8a8f2b09-e878-40c2-9c9f-30d928921f94@group-C26B04E915AA-FollowerState] INFO  impl.RoleInfo (RoleInfo.java:updateAndGet(130)) - 8a8f2b09-e878-40c2-9c9f-30d928921f94: start 8a8f2b09-e878-40c2-9c9f-30d928921f94@group-C26B04E915AA-LeaderElection11
2021-12-08 13:31:44,922 [8a8f2b09-e878-40c2-9c9f-30d928921f94@group-C6C5AEA563D1-FollowerState] INFO  server.RaftServerConfigKeys (ConfUtils.java:logGet(44)) - raft.server.leaderelection.pre-vote = false (custom)
2021-12-08 13:31:44,922 [8a8f2b09-e878-40c2-9c9f-30d928921f94@group-C6C5AEA563D1-FollowerState] INFO  impl.RoleInfo (RoleInfo.java:updateAndGet(130)) - 8a8f2b09-e878-40c2-9c9f-30d928921f94: start 8a8f2b09-e878-40c2-9c9f-30d928921f94@group-C6C5AEA563D1-LeaderElection10
2021-12-08 13:31:44,933 [grpc-default-executor-2] INFO  server.RaftServer$Division (RaftServerImpl.java:requestVote(1046)) - 99b82248-fa78-4a2f-9c0c-a895faee9290@group-C26B04E915AA: receive requestVote(ELECTION, ffce9616-478d-40f6-8b96-f3952fb64da5, group-C26B04E915AA, 1, (t:0, i:0))
2021-12-08 13:31:44,934 [grpc-default-executor-2] INFO  impl.VoteContext (VoteContext.java:log(48)) - 99b82248-fa78-4a2f-9c0c-a895faee9290@group-C26B04E915AA-FOLLOWER: reject ELECTION from ffce9616-478d-40f6-8b96-f3952fb64da5: our priority 1 > candidate's priority 0
2021-12-08 13:31:44,934 [grpc-default-executor-2] INFO  server.RaftServer$Division (RaftServerImpl.java:setRole(290)) - 99b82248-fa78-4a2f-9c0c-a895faee9290@group-C26B04E915AA: changes role from  FOLLOWER to FOLLOWER at term 1 for candidate:ffce9616-478d-40f6-8b96-f3952fb64da5
2021-12-08 13:31:44,934 [grpc-default-executor-2] INFO  impl.RoleInfo (RoleInfo.java:shutdownFollowerState(108)) - 99b82248-fa78-4a2f-9c0c-a895faee9290: shutdown 99b82248-fa78-4a2f-9c0c-a895faee9290@group-C26B04E915AA-FollowerState
2021-12-08 13:31:44,934 [grpc-default-executor-2] INFO  impl.RoleInfo (RoleInfo.java:updateAndGet(130)) - 99b82248-fa78-4a2f-9c0c-a895faee9290: start 99b82248-fa78-4a2f-9c0c-a895faee9290@group-C26B04E915AA-FollowerState
2021-12-08 13:31:44,934 [99b82248-fa78-4a2f-9c0c-a895faee9290@group-C26B04E915AA-FollowerState] INFO  impl.FollowerState (FollowerState.java:run(143)) - 99b82248-fa78-4a2f-9c0c-a895faee9290@group-C26B04E915AA-FollowerState was interrupted: {}
java.lang.InterruptedException: sleep interrupted
	at java.lang.Thread.sleep(Native Method)
	at java.lang.Thread.sleep(Thread.java:340)
	at java.util.concurrent.TimeUnit.sleep(TimeUnit.java:386)
	at org.apache.ratis.util.TimeDuration.sleep(TimeDuration.java:324)
	at org.apache.ratis.util.TimeDuration.sleep(TimeDuration.java:309)
	at org.apache.ratis.server.impl.FollowerState.run(FollowerState.java:118)
2021-12-08 13:31:44,933 [grpc-default-executor-1] INFO  server.RaftServer$Division (RaftServerImpl.java:requestVote(1046)) - 8a8f2b09-e878-40c2-9c9f-30d928921f94@group-C26B04E915AA: receive requestVote(ELECTION, ffce9616-478d-40f6-8b96-f3952fb64da5, group-C26B04E915AA, 1, (t:0, i:0))
2021-12-08 13:31:44,934 [grpc-default-executor-0] INFO  server.RaftServer$Division (RaftServerImpl.java:requestVote(1046)) - 8a8f2b09-e878-40c2-9c9f-30d928921f94@group-C6C5AEA563D1: receive requestVote(ELECTION, ffce9616-478d-40f6-8b96-f3952fb64da5, group-C6C5AEA563D1, 1, (t:0, i:0))
2021-12-08 13:31:44,935 [8a8f2b09-e878-40c2-9c9f-30d928921f94@group-C26B04E915AA-LeaderElection11] INFO  impl.LeaderElection (LeaderElection.java:askForVotes(306)) - 8a8f2b09-e878-40c2-9c9f-30d928921f94@group-C26B04E915AA-LeaderElection11 ELECTION round 0: submit vote requests at term 1 for -1: [8a8f2b09-e878-40c2-9c9f-30d928921f94|rpc:10.1.0.52:43169|priority:0, 99b82248-fa78-4a2f-9c0c-a895faee9290|rpc:10.1.0.52:40213|priority:1, ffce9616-478d-40f6-8b96-f3952fb64da5|rpc:10.1.0.52:43161|priority:0], old=null
2021-12-08 13:31:44,936 [grpc-default-executor-1] INFO  impl.VoteContext (VoteContext.java:log(48)) - 8a8f2b09-e878-40c2-9c9f-30d928921f94@group-C26B04E915AA-CANDIDATE: reject ELECTION from ffce9616-478d-40f6-8b96-f3952fb64da5: already has voted for 8a8f2b09-e878-40c2-9c9f-30d928921f94 at current term 1
2021-12-08 13:31:44,936 [grpc-default-executor-1] INFO  server.RaftServer$Division (RaftServerImpl.java:requestVote(1078)) - 8a8f2b09-e878-40c2-9c9f-30d928921f94@group-C26B04E915AA replies to ELECTION vote request: ffce9616-478d-40f6-8b96-f3952fb64da5<-8a8f2b09-e878-40c2-9c9f-30d928921f94#0:FAIL-t1. Peer's state: 8a8f2b09-e878-40c2-9c9f-30d928921f94@group-C26B04E915AA:t1, leader=null, voted=8a8f2b09-e878-40c2-9c9f-30d928921f94, raftlog=8a8f2b09-e878-40c2-9c9f-30d928921f94@group-C26B04E915AA-SegmentedRaftLog:OPENED:c-1, conf=-1: [8a8f2b09-e878-40c2-9c9f-30d928921f94|rpc:10.1.0.52:43169|priority:0, 99b82248-fa78-4a2f-9c0c-a895faee9290|rpc:10.1.0.52:40213|priority:1, ffce9616-478d-40f6-8b96-f3952fb64da5|rpc:10.1.0.52:43161|priority:0], old=null
2021-12-08 13:31:44,940 [grpc-default-executor-2] INFO  server.RaftServer$Division (RaftServerImpl.java:requestVote(1078)) - 99b82248-fa78-4a2f-9c0c-a895faee9290@group-C26B04E915AA replies to ELECTION vote request: ffce9616-478d-40f6-8b96-f3952fb64da5<-99b82248-fa78-4a2f-9c0c-a895faee9290#0:FAIL-t1. Peer's state: 99b82248-fa78-4a2f-9c0c-a895faee9290@group-C26B04E915AA:t1, leader=null, voted=null, raftlog=99b82248-fa78-4a2f-9c0c-a895faee9290@group-C26B04E915AA-SegmentedRaftLog:OPENED:c-1, conf=-1: [8a8f2b09-e878-40c2-9c9f-30d928921f94|rpc:10.1.0.52:43169|dataStream:|priority:0, 99b82248-fa78-4a2f-9c0c-a895faee9290|rpc:10.1.0.52:40213|dataStream:|priority:1, ffce9616-478d-40f6-8b96-f3952fb64da5|rpc:10.1.0.52:43161|dataStream:|priority:0], old=null
2021-12-08 13:31:44,949 [grpc-default-executor-0] INFO  impl.VoteContext (VoteContext.java:log(48)) - 8a8f2b09-e878-40c2-9c9f-30d928921f94@group-C6C5AEA563D1-CANDIDATE: accept ELECTION from ffce9616-478d-40f6-8b96-f3952fb64da5: our priority 0 <= candidate's priority 1
2021-12-08 13:31:44,953 [grpc-default-executor-0] INFO  server.RaftServer$Division (RaftServerImpl.java:setRole(290)) - 8a8f2b09-e878-40c2-9c9f-30d928921f94@group-C6C5AEA563D1: changes role from CANDIDATE to FOLLOWER at term 1 for candidate:ffce9616-478d-40f6-8b96-f3952fb64da5
2021-12-08 13:31:44,953 [grpc-default-executor-0] INFO  impl.RoleInfo (RoleInfo.java:shutdownLeaderElection(121)) - 8a8f2b09-e878-40c2-9c9f-30d928921f94: shutdown 8a8f2b09-e878-40c2-9c9f-30d928921f94@group-C6C5AEA563D1-LeaderElection10
2021-12-08 13:31:44,953 [grpc-default-executor-0] INFO  impl.RoleInfo (RoleInfo.java:updateAndGet(130)) - 8a8f2b09-e878-40c2-9c9f-30d928921f94: start 8a8f2b09-e878-40c2-9c9f-30d928921f94@group-C6C5AEA563D1-FollowerState
2021-12-08 13:31:44,953 [grpc-default-executor-2] INFO  server.RaftServer$Division (RaftServerImpl.java:requestVote(1046)) - 99b82248-fa78-4a2f-9c0c-a895faee9290@group-C6C5AEA563D1: receive requestVote(ELECTION, ffce9616-478d-40f6-8b96-f3952fb64da5, group-C6C5AEA563D1, 1, (t:0, i:0))
2021-12-08 13:31:44,953 [ffce9616-478d-40f6-8b96-f3952fb64da5@group-C26B04E915AA-LeaderElection9] INFO  impl.LeaderElection (LeaderElection.java:logAndReturn(89)) - ffce9616-478d-40f6-8b96-f3952fb64da5@group-C26B04E915AA-LeaderElection9: ELECTION REJECTED received 2 response(s) and 0 exception(s):
2021-12-08 13:31:44,963 [ffce9616-478d-40f6-8b96-f3952fb64da5@group-C26B04E915AA-LeaderElection9] INFO  impl.LeaderElection (LeaderElection.java:logAndReturn(93)) -   Response 0: ffce9616-478d-40f6-8b96-f3952fb64da5<-8a8f2b09-e878-40c2-9c9f-30d928921f94#0:FAIL-t1
2021-12-08 13:31:44,963 [ffce9616-478d-40f6-8b96-f3952fb64da5@group-C26B04E915AA-LeaderElection9] INFO  impl.LeaderElection (LeaderElection.java:logAndReturn(93)) -   Response 1: ffce9616-478d-40f6-8b96-f3952fb64da5<-99b82248-fa78-4a2f-9c0c-a895faee9290#0:FAIL-t1
2021-12-08 13:31:44,964 [ffce9616-478d-40f6-8b96-f3952fb64da5@group-C26B04E915AA-LeaderElection9] INFO  impl.LeaderElection (LeaderElection.java:askForVotes(308)) - ffce9616-478d-40f6-8b96-f3952fb64da5@group-C26B04E915AA-LeaderElection9 ELECTION round 0: result REJECTED
2021-12-08 13:31:44,964 [ffce9616-478d-40f6-8b96-f3952fb64da5@group-C26B04E915AA-LeaderElection9] INFO  server.RaftServer$Division (RaftServerImpl.java:setRole(290)) - ffce9616-478d-40f6-8b96-f3952fb64da5@group-C26B04E915AA: changes role from CANDIDATE to FOLLOWER at term 1 for REJECTED
2021-12-08 13:31:44,964 [ffce9616-478d-40f6-8b96-f3952fb64da5@group-C26B04E915AA-LeaderElection9] INFO  impl.RoleInfo (RoleInfo.java:shutdownLeaderElection(121)) - ffce9616-478d-40f6-8b96-f3952fb64da5: shutdown ffce9616-478d-40f6-8b96-f3952fb64da5@group-C26B04E915AA-LeaderElection9
2021-12-08 13:31:44,964 [ffce9616-478d-40f6-8b96-f3952fb64da5@group-C26B04E915AA-LeaderElection9] INFO  impl.RoleInfo (RoleInfo.java:updateAndGet(130)) - ffce9616-478d-40f6-8b96-f3952fb64da5: start ffce9616-478d-40f6-8b96-f3952fb64da5@group-C26B04E915AA-FollowerState
2021-12-08 13:31:44,963 [grpc-default-executor-2] INFO  impl.VoteContext (VoteContext.java:log(48)) - 99b82248-fa78-4a2f-9c0c-a895faee9290@group-C6C5AEA563D1-FOLLOWER: accept ELECTION from ffce9616-478d-40f6-8b96-f3952fb64da5: our priority 0 <= candidate's priority 1
2021-12-08 13:31:44,964 [grpc-default-executor-2] INFO  server.RaftServer$Division (RaftServerImpl.java:setRole(290)) - 99b82248-fa78-4a2f-9c0c-a895faee9290@group-C6C5AEA563D1: changes role from  FOLLOWER to FOLLOWER at term 1 for candidate:ffce9616-478d-40f6-8b96-f3952fb64da5
2021-12-08 13:31:44,964 [grpc-default-executor-2] INFO  impl.RoleInfo (RoleInfo.java:shutdownFollowerState(108)) - 99b82248-fa78-4a2f-9c0c-a895faee9290: shutdown 99b82248-fa78-4a2f-9c0c-a895faee9290@group-C6C5AEA563D1-FollowerState
2021-12-08 13:31:44,965 [grpc-default-executor-2] INFO  impl.RoleInfo (RoleInfo.java:updateAndGet(130)) - 99b82248-fa78-4a2f-9c0c-a895faee9290: start 99b82248-fa78-4a2f-9c0c-a895faee9290@group-C6C5AEA563D1-FollowerState
2021-12-08 13:31:44,966 [99b82248-fa78-4a2f-9c0c-a895faee9290@group-C6C5AEA563D1-FollowerState] INFO  impl.FollowerState (FollowerState.java:run(143)) - 99b82248-fa78-4a2f-9c0c-a895faee9290@group-C6C5AEA563D1-FollowerState was interrupted: {}
java.lang.InterruptedException: sleep interrupted
	at java.lang.Thread.sleep(Native Method)
	at java.lang.Thread.sleep(Thread.java:340)
	at java.util.concurrent.TimeUnit.sleep(TimeUnit.java:386)
	at org.apache.ratis.util.TimeDuration.sleep(TimeDuration.java:324)
	at org.apache.ratis.util.TimeDuration.sleep(TimeDuration.java:309)
	at org.apache.ratis.server.impl.FollowerState.run(FollowerState.java:118)
2021-12-08 13:31:44,969 [grpc-default-executor-0] INFO  server.RaftServer$Division (RaftServerImpl.java:requestVote(1078)) - 8a8f2b09-e878-40c2-9c9f-30d928921f94@group-C6C5AEA563D1 replies to ELECTION vote request: ffce9616-478d-40f6-8b96-f3952fb64da5<-8a8f2b09-e878-40c2-9c9f-30d928921f94#0:OK-t1. Peer's state: 8a8f2b09-e878-40c2-9c9f-30d928921f94@group-C6C5AEA563D1:t1, leader=null, voted=ffce9616-478d-40f6-8b96-f3952fb64da5, raftlog=8a8f2b09-e878-40c2-9c9f-30d928921f94@group-C6C5AEA563D1-SegmentedRaftLog:OPENED:c-1, conf=-1: [8a8f2b09-e878-40c2-9c9f-30d928921f94|rpc:10.1.0.52:43169|priority:0, 99b82248-fa78-4a2f-9c0c-a895faee9290|rpc:10.1.0.52:40213|priority:0, ffce9616-478d-40f6-8b96-f3952fb64da5|rpc:10.1.0.52:43161|priority:1], old=null
2021-12-08 13:31:44,970 [grpc-default-executor-2] INFO  server.RaftServer$Division (RaftServerImpl.java:requestVote(1078)) - 99b82248-fa78-4a2f-9c0c-a895faee9290@group-C6C5AEA563D1 replies to ELECTION vote request: ffce9616-478d-40f6-8b96-f3952fb64da5<-99b82248-fa78-4a2f-9c0c-a895faee9290#0:OK-t1. Peer's state: 99b82248-fa78-4a2f-9c0c-a895faee9290@group-C6C5AEA563D1:t1, leader=null, voted=ffce9616-478d-40f6-8b96-f3952fb64da5, raftlog=99b82248-fa78-4a2f-9c0c-a895faee9290@group-C6C5AEA563D1-SegmentedRaftLog:OPENED:c-1, conf=-1: [8a8f2b09-e878-40c2-9c9f-30d928921f94|rpc:10.1.0.52:43169|dataStream:|priority:0, 99b82248-fa78-4a2f-9c0c-a895faee9290|rpc:10.1.0.52:40213|dataStream:|priority:0, ffce9616-478d-40f6-8b96-f3952fb64da5|rpc:10.1.0.52:43161|dataStream:|priority:1], old=null
2021-12-08 13:31:44,985 [99b82248-fa78-4a2f-9c0c-a895faee9290@group-7C3FAC2D08DB-FollowerState] INFO  impl.FollowerState (FollowerState.java:run(134)) - 99b82248-fa78-4a2f-9c0c-a895faee9290@group-7C3FAC2D08DB-FollowerState: change to CANDIDATE, lastRpcElapsedTime:5077796199ns, electionTimeout:5074ms
2021-12-08 13:31:45,000 [99b82248-fa78-4a2f-9c0c-a895faee9290@group-7C3FAC2D08DB-FollowerState] INFO  impl.RoleInfo (RoleInfo.java:shutdownFollowerState(108)) - 99b82248-fa78-4a2f-9c0c-a895faee9290: shutdown 99b82248-fa78-4a2f-9c0c-a895faee9290@group-7C3FAC2D08DB-FollowerState
2021-12-08 13:31:45,000 [99b82248-fa78-4a2f-9c0c-a895faee9290@group-7C3FAC2D08DB-FollowerState] INFO  server.RaftServer$Division (RaftServerImpl.java:setRole(290)) - 99b82248-fa78-4a2f-9c0c-a895faee9290@group-7C3FAC2D08DB: changes role from  FOLLOWER to CANDIDATE at term 0 for changeToCandidate
2021-12-08 13:31:44,998 [grpc-default-executor-1] INFO  server.RaftServer$Division (RaftServerImpl.java:requestVote(1046)) - 99b82248-fa78-4a2f-9c0c-a895faee9290@group-C26B04E915AA: receive requestVote(ELECTION, 8a8f2b09-e878-40c2-9c9f-30d928921f94, group-C26B04E915AA, 1, (t:0, i:0))
2021-12-08 13:31:45,010 [99b82248-fa78-4a2f-9c0c-a895faee9290@group-7C3FAC2D08DB-FollowerState] INFO  server.RaftServerConfigKeys (ConfUtils.java:logGet(44)) - raft.server.leaderelection.pre-vote = false (custom)
2021-12-08 13:31:45,010 [99b82248-fa78-4a2f-9c0c-a895faee9290@group-7C3FAC2D08DB-FollowerState] INFO  impl.RoleInfo (RoleInfo.java:updateAndGet(130)) - 99b82248-fa78-4a2f-9c0c-a895faee9290: start 99b82248-fa78-4a2f-9c0c-a895faee9290@group-7C3FAC2D08DB-LeaderElection12
2021-12-08 13:31:44,997 [ffce9616-478d-40f6-8b96-f3952fb64da5@group-C6C5AEA563D1-LeaderElection8] INFO  impl.LeaderElection (LeaderElection.java:logAndReturn(89)) - ffce9616-478d-40f6-8b96-f3952fb64da5@group-C6C5AEA563D1-LeaderElection8: ELECTION PASSED received 1 response(s) and 0 exception(s):
2021-12-08 13:31:45,010 [ffce9616-478d-40f6-8b96-f3952fb64da5@group-C6C5AEA563D1-LeaderElection8] INFO  impl.LeaderElection (LeaderElection.java:logAndReturn(93)) -   Response 0: ffce9616-478d-40f6-8b96-f3952fb64da5<-8a8f2b09-e878-40c2-9c9f-30d928921f94#0:OK-t1
2021-12-08 13:31:45,010 [grpc-default-executor-3] INFO  server.RaftServer$Division (RaftServerImpl.java:requestVote(1046)) - ffce9616-478d-40f6-8b96-f3952fb64da5@group-C26B04E915AA: receive requestVote(ELECTION, 8a8f2b09-e878-40c2-9c9f-30d928921f94, group-C26B04E915AA, 1, (t:0, i:0))
2021-12-08 13:31:45,010 [grpc-default-executor-3] INFO  impl.VoteContext (VoteContext.java:log(48)) - ffce9616-478d-40f6-8b96-f3952fb64da5@group-C26B04E915AA-FOLLOWER: reject ELECTION from 8a8f2b09-e878-40c2-9c9f-30d928921f94: already has voted for ffce9616-478d-40f6-8b96-f3952fb64da5 at current term 1
2021-12-08 13:31:45,010 [grpc-default-executor-3] INFO  server.RaftServer$Division (RaftServerImpl.java:requestVote(1078)) - ffce9616-478d-40f6-8b96-f3952fb64da5@group-C26B04E915AA replies to ELECTION vote request: 8a8f2b09-e878-40c2-9c9f-30d928921f94<-ffce9616-478d-40f6-8b96-f3952fb64da5#0:FAIL-t1. Peer's state: ffce9616-478d-40f6-8b96-f3952fb64da5@group-C26B04E915AA:t1, leader=null, voted=ffce9616-478d-40f6-8b96-f3952fb64da5, raftlog=ffce9616-478d-40f6-8b96-f3952fb64da5@group-C26B04E915AA-SegmentedRaftLog:OPENED:c-1, conf=-1: [8a8f2b09-e878-40c2-9c9f-30d928921f94|rpc:10.1.0.52:43169|dataStream:|priority:0, 99b82248-fa78-4a2f-9c0c-a895faee9290|rpc:10.1.0.52:40213|dataStream:|priority:1, ffce9616-478d-40f6-8b96-f3952fb64da5|rpc:10.1.0.52:43161|dataStream:|priority:0], old=null
2021-12-08 13:31:45,030 [ffce9616-478d-40f6-8b96-f3952fb64da5@group-C6C5AEA563D1-LeaderElection8] INFO  impl.LeaderElection (LeaderElection.java:askForVotes(308)) - ffce9616-478d-40f6-8b96-f3952fb64da5@group-C6C5AEA563D1-LeaderElection8 ELECTION round 0: result PASSED
2021-12-08 13:31:45,030 [ffce9616-478d-40f6-8b96-f3952fb64da5@group-C6C5AEA563D1-LeaderElection8] INFO  impl.RoleInfo (RoleInfo.java:shutdownLeaderElection(121)) - ffce9616-478d-40f6-8b96-f3952fb64da5: shutdown ffce9616-478d-40f6-8b96-f3952fb64da5@group-C6C5AEA563D1-LeaderElection8
2021-12-08 13:31:45,030 [ffce9616-478d-40f6-8b96-f3952fb64da5@group-C6C5AEA563D1-LeaderElection8] INFO  server.RaftServer$Division (RaftServerImpl.java:setRole(290)) - ffce9616-478d-40f6-8b96-f3952fb64da5@group-C6C5AEA563D1: changes role from CANDIDATE to LEADER at term 1 for changeToLeader
2021-12-08 13:31:45,030 [ffce9616-478d-40f6-8b96-f3952fb64da5@group-C6C5AEA563D1-LeaderElection8] INFO  ratis.XceiverServerRatis (XceiverServerRatis.java:handleLeaderChangedNotification(866)) - Leader change notification received for group: group-C6C5AEA563D1 with new leaderId: ffce9616-478d-40f6-8b96-f3952fb64da5
2021-12-08 13:31:45,030 [ffce9616-478d-40f6-8b96-f3952fb64da5@group-C6C5AEA563D1-LeaderElection8] INFO  server.RaftServer$Division (ServerState.java:setLeader(285)) - ffce9616-478d-40f6-8b96-f3952fb64da5@group-C6C5AEA563D1: change Leader from null to ffce9616-478d-40f6-8b96-f3952fb64da5 at term 1 for becomeLeader, leader elected after 5216ms
2021-12-08 13:31:45,030 [ffce9616-478d-40f6-8b96-f3952fb64da5@group-C6C5AEA563D1-LeaderElection8] INFO  server.RaftServerConfigKeys (ConfUtils.java:logGet(44)) - raft.server.staging.catchup.gap = 1000 (default)
2021-12-08 13:31:45,031 [ffce9616-478d-40f6-8b96-f3952fb64da5@group-C6C5AEA563D1-LeaderElection8] INFO  server.RaftServerConfigKeys (ConfUtils.java:logGet(44)) - raft.server.write.element-limit = 1024 (custom)
2021-12-08 13:31:45,031 [ffce9616-478d-40f6-8b96-f3952fb64da5@group-C6C5AEA563D1-LeaderElection8] INFO  server.RaftServerConfigKeys (ConfUtils.java:logGet(44)) - raft.server.write.byte-limit = 1024 M (=1073741824) (custom)
2021-12-08 13:31:45,031 [ffce9616-478d-40f6-8b96-f3952fb64da5@group-C6C5AEA563D1-LeaderElection8] INFO  server.RaftServerConfigKeys (ConfUtils.java:logGet(44)) - raft.server.watch.timeout = 10000ms (default)
2021-12-08 13:31:45,031 [ffce9616-478d-40f6-8b96-f3952fb64da5@group-C6C5AEA563D1-LeaderElection8] INFO  server.RaftServerConfigKeys (ConfUtils.java:logGet(44)) - raft.server.watch.timeout.denomination = 1s (default)
2021-12-08 13:31:45,031 [ffce9616-478d-40f6-8b96-f3952fb64da5@group-C6C5AEA563D1-LeaderElection8] INFO  server.RaftServerConfigKeys (ConfUtils.java:logGet(44)) - raft.server.watch.element-limit = 65536 (default)
2021-12-08 13:31:45,031 [ffce9616-478d-40f6-8b96-f3952fb64da5@group-C6C5AEA563D1-LeaderElection8] INFO  server.RaftServerConfigKeys (ConfUtils.java:logGet(44)) - raft.server.write.element-limit = 1024 (custom)
2021-12-08 13:31:45,031 [ffce9616-478d-40f6-8b96-f3952fb64da5@group-C6C5AEA563D1-LeaderElection8] INFO  server.RaftServerConfigKeys (ConfUtils.java:logGet(44)) - raft.server.write.follower.gap.ratio.max = -1.0 (default)
2021-12-08 13:31:45,031 [ffce9616-478d-40f6-8b96-f3952fb64da5@group-C6C5AEA563D1-LeaderElection8] INFO  server.RaftServerConfigKeys (ConfUtils.java:logGet(44)) - raft.server.log.appender.snapshot.chunk.size.max = 16MB (=16777216) (default)
2021-12-08 13:31:45,031 [ffce9616-478d-40f6-8b96-f3952fb64da5@group-C6C5AEA563D1-LeaderElection8] INFO  server.RaftServerConfigKeys (ConfUtils.java:logGet(44)) - raft.server.log.appender.buffer.byte-limit = 33554432 (custom)
2021-12-08 13:31:45,031 [ffce9616-478d-40f6-8b96-f3952fb64da5@group-C6C5AEA563D1-LeaderElection8] INFO  server.RaftServerConfigKeys (ConfUtils.java:logGet(44)) - raft.server.log.appender.buffer.element-limit = 1 (custom)
2021-12-08 13:31:45,032 [grpc-default-executor-1] INFO  impl.VoteContext (VoteContext.java:log(48)) - 99b82248-fa78-4a2f-9c0c-a895faee9290@group-C26B04E915AA-FOLLOWER: reject ELECTION from 8a8f2b09-e878-40c2-9c9f-30d928921f94: our priority 1 > candidate's priority 0
2021-12-08 13:31:45,044 [grpc-default-executor-1] INFO  server.RaftServer$Division (RaftServerImpl.java:setRole(290)) - 99b82248-fa78-4a2f-9c0c-a895faee9290@group-C26B04E915AA: changes role from  FOLLOWER to FOLLOWER at term 1 for candidate:8a8f2b09-e878-40c2-9c9f-30d928921f94
2021-12-08 13:31:45,044 [grpc-default-executor-1] INFO  impl.RoleInfo (RoleInfo.java:shutdownFollowerState(108)) - 99b82248-fa78-4a2f-9c0c-a895faee9290: shutdown 99b82248-fa78-4a2f-9c0c-a895faee9290@group-C26B04E915AA-FollowerState
2021-12-08 13:31:45,044 [grpc-default-executor-1] INFO  impl.RoleInfo (RoleInfo.java:updateAndGet(130)) - 99b82248-fa78-4a2f-9c0c-a895faee9290: start 99b82248-fa78-4a2f-9c0c-a895faee9290@group-C26B04E915AA-FollowerState
2021-12-08 13:31:45,032 [ffce9616-478d-40f6-8b96-f3952fb64da5@group-C6C5AEA563D1-LeaderElection8] INFO  grpc.GrpcConfigKeys (ConfUtils.java:logGet(44)) - raft.grpc.server.leader.outstanding.appends.max = 128 (default)
2021-12-08 13:31:45,045 [ffce9616-478d-40f6-8b96-f3952fb64da5@group-C6C5AEA563D1-LeaderElection8] INFO  server.RaftServerConfigKeys (ConfUtils.java:logGet(44)) - raft.server.rpc.request.timeout = 3000ms (default)
2021-12-08 13:31:45,045 [ffce9616-478d-40f6-8b96-f3952fb64da5@group-C6C5AEA563D1-LeaderElection8] INFO  server.RaftServerConfigKeys (ConfUtils.java:logGet(44)) - raft.server.log.appender.install.snapshot.enabled = false (custom)
2021-12-08 13:31:45,045 [ffce9616-478d-40f6-8b96-f3952fb64da5@group-C6C5AEA563D1-LeaderElection8] INFO  server.RaftServerConfigKeys (ConfUtils.java:logGet(44)) - raft.server.log.appender.snapshot.chunk.size.max = 16MB (=16777216) (default)
2021-12-08 13:31:45,046 [ffce9616-478d-40f6-8b96-f3952fb64da5@group-C6C5AEA563D1-LeaderElection8] INFO  server.RaftServerConfigKeys (ConfUtils.java:logGet(44)) - raft.server.log.appender.buffer.byte-limit = 33554432 (custom)
2021-12-08 13:31:45,046 [ffce9616-478d-40f6-8b96-f3952fb64da5@group-C6C5AEA563D1-LeaderElection8] INFO  server.RaftServerConfigKeys (ConfUtils.java:logGet(44)) - raft.server.log.appender.buffer.element-limit = 1 (custom)
2021-12-08 13:31:45,033 [EventQueue-PipelineReportForPipelineReportHandler] INFO  pipeline.PipelineManagerImpl (PipelineManagerImpl.java:openPipeline(291)) - Pipeline Pipeline[ Id: 0ce629aa-0e6a-4c3b-86ec-c6c5aea563d1, Nodes: ffce9616-478d-40f6-8b96-f3952fb64da5{ip: 10.1.0.52, host: fv-az148-92.bm4ck3pvxvsene1rjriu5fhcdb.bx.internal.cloudapp.net, ports: [REPLICATION=36795, RATIS=43161, RATIS_ADMIN=43161, RATIS_SERVER=43161, STANDALONE=43295], networkLocation: /default-rack, certSerialId: null, persistedOpState: IN_SERVICE, persistedOpStateExpiryEpochSec: 0}8a8f2b09-e878-40c2-9c9f-30d928921f94{ip: 10.1.0.52, host: fv-az148-92.bm4ck3pvxvsene1rjriu5fhcdb.bx.internal.cloudapp.net, ports: [REPLICATION=45113, RATIS=43169, RATIS_ADMIN=43169, RATIS_SERVER=43169, STANDALONE=46517], networkLocation: /default-rack, certSerialId: null, persistedOpState: IN_SERVICE, persistedOpStateExpiryEpochSec: 0}99b82248-fa78-4a2f-9c0c-a895faee9290{ip: 10.1.0.52, host: fv-az148-92.bm4ck3pvxvsene1rjriu5fhcdb.bx.internal.cloudapp.net, ports: [REPLICATION=35283, RATIS=40213, RATIS_ADMIN=40213, RATIS_SERVER=40213, STANDALONE=36223], networkLocation: /default-rack, certSerialId: null, persistedOpState: IN_SERVICE, persistedOpStateExpiryEpochSec: 0}, ReplicationConfig: RATIS/THREE, State:ALLOCATED, leaderId:ffce9616-478d-40f6-8b96-f3952fb64da5, CreationTimestamp2021-12-08T13:31:37.114Z[Etc/UTC]] moved to OPEN state
2021-12-08 13:31:45,046 [99b82248-fa78-4a2f-9c0c-a895faee9290@group-C26B04E915AA-FollowerState] INFO  impl.FollowerState (FollowerState.java:run(143)) - 99b82248-fa78-4a2f-9c0c-a895faee9290@group-C26B04E915AA-FollowerState was interrupted: {}
java.lang.InterruptedException: sleep interrupted
	at java.lang.Thread.sleep(Native Method)
	at java.lang.Thread.sleep(Thread.java:340)
	at java.util.concurrent.TimeUnit.sleep(TimeUnit.java:386)
	at org.apache.ratis.util.TimeDuration.sleep(TimeDuration.java:324)
	at org.apache.ratis.util.TimeDuration.sleep(TimeDuration.java:309)
	at org.apache.ratis.server.impl.FollowerState.run(FollowerState.java:118)
2021-12-08 13:31:45,057 [ffce9616-478d-40f6-8b96-f3952fb64da5@group-C6C5AEA563D1-LeaderElection8] INFO  grpc.GrpcConfigKeys (ConfUtils.java:logGet(44)) - raft.grpc.server.leader.outstanding.appends.max = 128 (default)
2021-12-08 13:31:45,069 [ffce9616-478d-40f6-8b96-f3952fb64da5@group-C6C5AEA563D1-LeaderElection8] INFO  server.RaftServerConfigKeys (ConfUtils.java:logGet(44)) - raft.server.rpc.request.timeout = 3000ms (default)
2021-12-08 13:31:45,069 [ffce9616-478d-40f6-8b96-f3952fb64da5@group-C6C5AEA563D1-LeaderElection8] INFO  server.RaftServerConfigKeys (ConfUtils.java:logGet(44)) - raft.server.log.appender.install.snapshot.enabled = false (custom)
2021-12-08 13:31:45,069 [ffce9616-478d-40f6-8b96-f3952fb64da5@group-C6C5AEA563D1-LeaderElection8] INFO  impl.RoleInfo (RoleInfo.java:updateAndGet(130)) - ffce9616-478d-40f6-8b96-f3952fb64da5: start ffce9616-478d-40f6-8b96-f3952fb64da5@group-C6C5AEA563D1-LeaderStateImpl
2021-12-08 13:31:45,070 [ffce9616-478d-40f6-8b96-f3952fb64da5@group-C6C5AEA563D1-LeaderElection8] INFO  segmented.SegmentedRaftLogWorker (SegmentedRaftLogWorker.java:startLogSegment(394)) - ffce9616-478d-40f6-8b96-f3952fb64da5@group-C6C5AEA563D1-SegmentedRaftLogWorker: Starting segment from index:0
2021-12-08 13:31:45,060 [99b82248-fa78-4a2f-9c0c-a895faee9290@group-7C3FAC2D08DB-LeaderElection12] INFO  impl.LeaderElection (LeaderElection.java:askForVotes(306)) - 99b82248-fa78-4a2f-9c0c-a895faee9290@group-7C3FAC2D08DB-LeaderElection12 ELECTION round 0: submit vote requests at term 1 for -1: [99b82248-fa78-4a2f-9c0c-a895faee9290|rpc:10.1.0.52:40213|priority:1], old=null
2021-12-08 13:31:45,058 [grpc-default-executor-1] INFO  server.RaftServer$Division (RaftServerImpl.java:requestVote(1078)) - 99b82248-fa78-4a2f-9c0c-a895faee9290@group-C26B04E915AA replies to ELECTION vote request: 8a8f2b09-e878-40c2-9c9f-30d928921f94<-99b82248-fa78-4a2f-9c0c-a895faee9290#0:FAIL-t1. Peer's state: 99b82248-fa78-4a2f-9c0c-a895faee9290@group-C26B04E915AA:t1, leader=null, voted=null, raftlog=99b82248-fa78-4a2f-9c0c-a895faee9290@group-C26B04E915AA-SegmentedRaftLog:OPENED:c-1, conf=-1: [8a8f2b09-e878-40c2-9c9f-30d928921f94|rpc:10.1.0.52:43169|dataStream:|priority:0, 99b82248-fa78-4a2f-9c0c-a895faee9290|rpc:10.1.0.52:40213|dataStream:|priority:1, ffce9616-478d-40f6-8b96-f3952fb64da5|rpc:10.1.0.52:43161|dataStream:|priority:0], old=null
2021-12-08 13:31:45,071 [ffce9616-478d-40f6-8b96-f3952fb64da5@group-C6C5AEA563D1-SegmentedRaftLogWorker] INFO  segmented.SegmentedRaftLogWorker (SegmentedRaftLogWorker.java:execute(601)) - ffce9616-478d-40f6-8b96-f3952fb64da5@group-C6C5AEA563D1-SegmentedRaftLogWorker: created new log segment /home/runner/work/ozone/ozone/hadoop-ozone/integration-test/target/test-dir/MiniOzoneClusterImpl-c8c699bf-5dad-4457-9252-d1686169726e/datanode-5/data/ratis/0ce629aa-0e6a-4c3b-86ec-c6c5aea563d1/current/log_inprogress_0
2021-12-08 13:31:45,071 [99b82248-fa78-4a2f-9c0c-a895faee9290@group-7C3FAC2D08DB-LeaderElection12] INFO  impl.LeaderElection (LeaderElection.java:askForVotes(308)) - 99b82248-fa78-4a2f-9c0c-a895faee9290@group-7C3FAC2D08DB-LeaderElection12 ELECTION round 0: result PASSED (term=1)
2021-12-08 13:31:45,082 [99b82248-fa78-4a2f-9c0c-a895faee9290@group-7C3FAC2D08DB-LeaderElection12] INFO  impl.RoleInfo (RoleInfo.java:shutdownLeaderElection(121)) - 99b82248-fa78-4a2f-9c0c-a895faee9290: shutdown 99b82248-fa78-4a2f-9c0c-a895faee9290@group-7C3FAC2D08DB-LeaderElection12
2021-12-08 13:31:45,082 [99b82248-fa78-4a2f-9c0c-a895faee9290@group-7C3FAC2D08DB-LeaderElection12] INFO  server.RaftServer$Division (RaftServerImpl.java:setRole(290)) - 99b82248-fa78-4a2f-9c0c-a895faee9290@group-7C3FAC2D08DB: changes role from CANDIDATE to LEADER at term 1 for changeToLeader
2021-12-08 13:31:45,082 [99b82248-fa78-4a2f-9c0c-a895faee9290@group-7C3FAC2D08DB-LeaderElection12] INFO  ratis.XceiverServerRatis (XceiverServerRatis.java:handleLeaderChangedNotification(866)) - Leader change notification received for group: group-7C3FAC2D08DB with new leaderId: 99b82248-fa78-4a2f-9c0c-a895faee9290
2021-12-08 13:31:45,082 [99b82248-fa78-4a2f-9c0c-a895faee9290@group-7C3FAC2D08DB-LeaderElection12] INFO  server.RaftServer$Division (ServerState.java:setLeader(285)) - 99b82248-fa78-4a2f-9c0c-a895faee9290@group-7C3FAC2D08DB: change Leader from null to 99b82248-fa78-4a2f-9c0c-a895faee9290 at term 1 for becomeLeader, leader elected after 5189ms
2021-12-08 13:31:45,082 [99b82248-fa78-4a2f-9c0c-a895faee9290@group-7C3FAC2D08DB-LeaderElection12] INFO  server.RaftServerConfigKeys (ConfUtils.java:logGet(44)) - raft.server.staging.catchup.gap = 1000 (default)
2021-12-08 13:31:45,083 [99b82248-fa78-4a2f-9c0c-a895faee9290@group-7C3FAC2D08DB-LeaderElection12] INFO  server.RaftServerConfigKeys (ConfUtils.java:logGet(44)) - raft.server.write.element-limit = 1024 (custom)
2021-12-08 13:31:45,083 [99b82248-fa78-4a2f-9c0c-a895faee9290@group-7C3FAC2D08DB-LeaderElection12] INFO  server.RaftServerConfigKeys (ConfUtils.java:logGet(44)) - raft.server.write.byte-limit = 1024 M (=1073741824) (custom)
2021-12-08 13:31:45,083 [99b82248-fa78-4a2f-9c0c-a895faee9290@group-7C3FAC2D08DB-LeaderElection12] INFO  server.RaftServerConfigKeys (ConfUtils.java:logGet(44)) - raft.server.watch.timeout = 10000ms (default)
2021-12-08 13:31:45,083 [99b82248-fa78-4a2f-9c0c-a895faee9290@group-7C3FAC2D08DB-LeaderElection12] INFO  server.RaftServerConfigKeys (ConfUtils.java:logGet(44)) - raft.server.watch.timeout.denomination = 1s (default)
2021-12-08 13:31:45,083 [99b82248-fa78-4a2f-9c0c-a895faee9290@group-7C3FAC2D08DB-LeaderElection12] INFO  server.RaftServerConfigKeys (ConfUtils.java:logGet(44)) - raft.server.watch.element-limit = 65536 (default)
2021-12-08 13:31:45,083 [99b82248-fa78-4a2f-9c0c-a895faee9290@group-7C3FAC2D08DB-LeaderElection12] INFO  server.RaftServerConfigKeys (ConfUtils.java:logGet(44)) - raft.server.write.element-limit = 1024 (custom)
2021-12-08 13:31:45,083 [99b82248-fa78-4a2f-9c0c-a895faee9290@group-7C3FAC2D08DB-LeaderElection12] INFO  server.RaftServerConfigKeys (ConfUtils.java:logGet(44)) - raft.server.write.follower.gap.ratio.max = -1.0 (default)
2021-12-08 13:31:45,083 [99b82248-fa78-4a2f-9c0c-a895faee9290@group-7C3FAC2D08DB-LeaderElection12] INFO  impl.RoleInfo (RoleInfo.java:updateAndGet(130)) - 99b82248-fa78-4a2f-9c0c-a895faee9290: start 99b82248-fa78-4a2f-9c0c-a895faee9290@group-7C3FAC2D08DB-LeaderStateImpl
2021-12-08 13:31:45,084 [99b82248-fa78-4a2f-9c0c-a895faee9290@group-7C3FAC2D08DB-LeaderElection12] INFO  segmented.SegmentedRaftLogWorker (SegmentedRaftLogWorker.java:startLogSegment(394)) - 99b82248-fa78-4a2f-9c0c-a895faee9290@group-7C3FAC2D08DB-SegmentedRaftLogWorker: Starting segment from index:0
2021-12-08 13:31:45,074 [Listener at 127.0.0.1/44261] INFO  impl.MetricsSystemImpl (MetricsSystemImpl.java:init(158)) - XceiverClientMetrics metrics system started (again)
2021-12-08 13:31:45,091 [99b82248-fa78-4a2f-9c0c-a895faee9290@group-7C3FAC2D08DB-SegmentedRaftLogWorker] INFO  segmented.SegmentedRaftLogWorker (SegmentedRaftLogWorker.java:execute(601)) - 99b82248-fa78-4a2f-9c0c-a895faee9290@group-7C3FAC2D08DB-SegmentedRaftLogWorker: created new log segment /home/runner/work/ozone/ozone/hadoop-ozone/integration-test/target/test-dir/MiniOzoneClusterImpl-c8c699bf-5dad-4457-9252-d1686169726e/datanode-4/data/ratis/63e19dee-aa8e-4333-b67f-7c3fac2d08db/current/log_inprogress_0
2021-12-08 13:31:45,085 [ffce9616-478d-40f6-8b96-f3952fb64da5@group-C6C5AEA563D1-LeaderElection8] INFO  server.RaftServer$Division (ServerState.java:setRaftConf(387)) - ffce9616-478d-40f6-8b96-f3952fb64da5@group-C6C5AEA563D1: set configuration 0: [8a8f2b09-e878-40c2-9c9f-30d928921f94|rpc:10.1.0.52:43169|dataStream:|priority:0, 99b82248-fa78-4a2f-9c0c-a895faee9290|rpc:10.1.0.52:40213|dataStream:|priority:0, ffce9616-478d-40f6-8b96-f3952fb64da5|rpc:10.1.0.52:43161|dataStream:|priority:1], old=null
2021-12-08 13:31:45,083 [8a8f2b09-e878-40c2-9c9f-30d928921f94@group-C26B04E915AA-LeaderElection11] INFO  impl.LeaderElection (LeaderElection.java:logAndReturn(89)) - 8a8f2b09-e878-40c2-9c9f-30d928921f94@group-C26B04E915AA-LeaderElection11: ELECTION REJECTED received 2 response(s) and 0 exception(s):
2021-12-08 13:31:45,093 [8a8f2b09-e878-40c2-9c9f-30d928921f94@group-C26B04E915AA-LeaderElection11] INFO  impl.LeaderElection (LeaderElection.java:logAndReturn(93)) -   Response 0: 8a8f2b09-e878-40c2-9c9f-30d928921f94<-99b82248-fa78-4a2f-9c0c-a895faee9290#0:FAIL-t1
2021-12-08 13:31:45,093 [8a8f2b09-e878-40c2-9c9f-30d928921f94@group-C26B04E915AA-LeaderElection11] INFO  impl.LeaderElection (LeaderElection.java:logAndReturn(93)) -   Response 1: 8a8f2b09-e878-40c2-9c9f-30d928921f94<-ffce9616-478d-40f6-8b96-f3952fb64da5#0:FAIL-t1
2021-12-08 13:31:45,098 [8a8f2b09-e878-40c2-9c9f-30d928921f94@group-C26B04E915AA-LeaderElection11] INFO  impl.LeaderElection (LeaderElection.java:askForVotes(308)) - 8a8f2b09-e878-40c2-9c9f-30d928921f94@group-C26B04E915AA-LeaderElection11 ELECTION round 0: result REJECTED
2021-12-08 13:31:45,098 [8a8f2b09-e878-40c2-9c9f-30d928921f94@group-C26B04E915AA-LeaderElection11] INFO  server.RaftServer$Division (RaftServerImpl.java:setRole(290)) - 8a8f2b09-e878-40c2-9c9f-30d928921f94@group-C26B04E915AA: changes role from CANDIDATE to FOLLOWER at term 1 for REJECTED
2021-12-08 13:31:45,098 [8a8f2b09-e878-40c2-9c9f-30d928921f94@group-C26B04E915AA-LeaderElection11] INFO  impl.RoleInfo (RoleInfo.java:shutdownLeaderElection(121)) - 8a8f2b09-e878-40c2-9c9f-30d928921f94: shutdown 8a8f2b09-e878-40c2-9c9f-30d928921f94@group-C26B04E915AA-LeaderElection11
2021-12-08 13:31:45,098 [8a8f2b09-e878-40c2-9c9f-30d928921f94@group-C26B04E915AA-LeaderElection11] INFO  impl.RoleInfo (RoleInfo.java:updateAndGet(130)) - 8a8f2b09-e878-40c2-9c9f-30d928921f94: start 8a8f2b09-e878-40c2-9c9f-30d928921f94@group-C26B04E915AA-FollowerState
2021-12-08 13:31:45,101 [grpc-default-executor-1] INFO  ratis.XceiverServerRatis (XceiverServerRatis.java:handleLeaderChangedNotification(866)) - Leader change notification received for group: group-C6C5AEA563D1 with new leaderId: ffce9616-478d-40f6-8b96-f3952fb64da5
2021-12-08 13:31:45,101 [grpc-default-executor-1] INFO  server.RaftServer$Division (ServerState.java:setLeader(285)) - 99b82248-fa78-4a2f-9c0c-a895faee9290@group-C6C5AEA563D1: change Leader from null to ffce9616-478d-40f6-8b96-f3952fb64da5 at term 1 for appendEntries, leader elected after 5251ms
2021-12-08 13:31:45,101 [99b82248-fa78-4a2f-9c0c-a895faee9290@group-7C3FAC2D08DB-LeaderElection12] INFO  server.RaftServer$Division (ServerState.java:setRaftConf(387)) - 99b82248-fa78-4a2f-9c0c-a895faee9290@group-7C3FAC2D08DB: set configuration 0: [99b82248-fa78-4a2f-9c0c-a895faee9290|rpc:10.1.0.52:40213|dataStream:|priority:1], old=null
2021-12-08 13:31:45,116 [grpc-default-executor-0] INFO  ratis.XceiverServerRatis (XceiverServerRatis.java:handleLeaderChangedNotification(866)) - Leader change notification received for group: group-C6C5AEA563D1 with new leaderId: ffce9616-478d-40f6-8b96-f3952fb64da5
2021-12-08 13:31:45,116 [grpc-default-executor-0] INFO  server.RaftServer$Division (ServerState.java:setLeader(285)) - 8a8f2b09-e878-40c2-9c9f-30d928921f94@group-C6C5AEA563D1: change Leader from null to ffce9616-478d-40f6-8b96-f3952fb64da5 at term 1 for appendEntries, leader elected after 5321ms
2021-12-08 13:31:45,117 [ffce9616-478d-40f6-8b96-f3952fb64da5@group-C6C5AEA563D1-StateMachineUpdater] INFO  ratis.ContainerStateMachine (ContainerStateMachine.java:takeSnapshot(299)) - group-C6C5AEA563D1: Taking a snapshot at:(t:1, i:0) file /home/runner/work/ozone/ozone/hadoop-ozone/integration-test/target/test-dir/MiniOzoneClusterImpl-c8c699bf-5dad-4457-9252-d1686169726e/datanode-5/data/ratis/0ce629aa-0e6a-4c3b-86ec-c6c5aea563d1/sm/snapshot.1_0
2021-12-08 13:31:45,119 [ffce9616-478d-40f6-8b96-f3952fb64da5@group-C6C5AEA563D1-StateMachineUpdater] INFO  ratis.ContainerStateMachine (ContainerStateMachine.java:takeSnapshot(310)) - group-C6C5AEA563D1: Finished taking a snapshot at:(t:1, i:0) file:/home/runner/work/ozone/ozone/hadoop-ozone/integration-test/target/test-dir/MiniOzoneClusterImpl-c8c699bf-5dad-4457-9252-d1686169726e/datanode-5/data/ratis/0ce629aa-0e6a-4c3b-86ec-c6c5aea563d1/sm/snapshot.1_0 took: 1 ms
2021-12-08 13:31:45,119 [ffce9616-478d-40f6-8b96-f3952fb64da5@group-C6C5AEA563D1-StateMachineUpdater] INFO  impl.StateMachineUpdater (StateMachineUpdater.java:takeSnapshot(281)) - ffce9616-478d-40f6-8b96-f3952fb64da5@group-C6C5AEA563D1-StateMachineUpdater: Took a snapshot at index 0
2021-12-08 13:31:45,119 [ffce9616-478d-40f6-8b96-f3952fb64da5@group-C6C5AEA563D1-StateMachineUpdater] INFO  impl.StateMachineUpdater (StateMachineUpdater.java:lambda$new$0(89)) - ffce9616-478d-40f6-8b96-f3952fb64da5@group-C6C5AEA563D1-StateMachineUpdater: snapshotIndex: updateIncreasingly -1 -> 0
2021-12-08 13:31:45,120 [99b82248-fa78-4a2f-9c0c-a895faee9290@group-7C3FAC2D08DB-StateMachineUpdater] INFO  ratis.ContainerStateMachine (ContainerStateMachine.java:takeSnapshot(299)) - group-7C3FAC2D08DB: Taking a snapshot at:(t:1, i:0) file /home/runner/work/ozone/ozone/hadoop-ozone/integration-test/target/test-dir/MiniOzoneClusterImpl-c8c699bf-5dad-4457-9252-d1686169726e/datanode-4/data/ratis/63e19dee-aa8e-4333-b67f-7c3fac2d08db/sm/snapshot.1_0
2021-12-08 13:31:45,121 [grpc-default-executor-1] INFO  server.RaftServer$Division (ServerState.java:setRaftConf(387)) - 99b82248-fa78-4a2f-9c0c-a895faee9290@group-C6C5AEA563D1: set configuration 0: [8a8f2b09-e878-40c2-9c9f-30d928921f94|rpc:10.1.0.52:43169|dataStream:|priority:0, 99b82248-fa78-4a2f-9c0c-a895faee9290|rpc:10.1.0.52:40213|dataStream:|priority:0, ffce9616-478d-40f6-8b96-f3952fb64da5|rpc:10.1.0.52:43161|dataStream:|priority:1], old=null
2021-12-08 13:31:45,122 [grpc-default-executor-1] INFO  segmented.SegmentedRaftLogWorker (SegmentedRaftLogWorker.java:startLogSegment(394)) - 99b82248-fa78-4a2f-9c0c-a895faee9290@group-C6C5AEA563D1-SegmentedRaftLogWorker: Starting segment from index:0
2021-12-08 13:31:45,123 [99b82248-fa78-4a2f-9c0c-a895faee9290@group-C6C5AEA563D1-SegmentedRaftLogWorker] INFO  segmented.SegmentedRaftLogWorker (SegmentedRaftLogWorker.java:execute(601)) - 99b82248-fa78-4a2f-9c0c-a895faee9290@group-C6C5AEA563D1-SegmentedRaftLogWorker: created new log segment /home/runner/work/ozone/ozone/hadoop-ozone/integration-test/target/test-dir/MiniOzoneClusterImpl-c8c699bf-5dad-4457-9252-d1686169726e/datanode-4/data/ratis/0ce629aa-0e6a-4c3b-86ec-c6c5aea563d1/current/log_inprogress_0
2021-12-08 13:31:45,125 [99b82248-fa78-4a2f-9c0c-a895faee9290@group-7C3FAC2D08DB-StateMachineUpdater] INFO  ratis.ContainerStateMachine (ContainerStateMachine.java:takeSnapshot(310)) - group-7C3FAC2D08DB: Finished taking a snapshot at:(t:1, i:0) file:/home/runner/work/ozone/ozone/hadoop-ozone/integration-test/target/test-dir/MiniOzoneClusterImpl-c8c699bf-5dad-4457-9252-d1686169726e/datanode-4/data/ratis/63e19dee-aa8e-4333-b67f-7c3fac2d08db/sm/snapshot.1_0 took: 5 ms
2021-12-08 13:31:45,125 [99b82248-fa78-4a2f-9c0c-a895faee9290@group-7C3FAC2D08DB-StateMachineUpdater] INFO  impl.StateMachineUpdater (StateMachineUpdater.java:takeSnapshot(281)) - 99b82248-fa78-4a2f-9c0c-a895faee9290@group-7C3FAC2D08DB-StateMachineUpdater: Took a snapshot at index 0
2021-12-08 13:31:45,125 [99b82248-fa78-4a2f-9c0c-a895faee9290@group-C6C5AEA563D1-StateMachineUpdater] INFO  ratis.ContainerStateMachine (ContainerStateMachine.java:takeSnapshot(299)) - group-C6C5AEA563D1: Taking a snapshot at:(t:1, i:0) file /home/runner/work/ozone/ozone/hadoop-ozone/integration-test/target/test-dir/MiniOzoneClusterImpl-c8c699bf-5dad-4457-9252-d1686169726e/datanode-4/data/ratis/0ce629aa-0e6a-4c3b-86ec-c6c5aea563d1/sm/snapshot.1_0
2021-12-08 13:31:45,125 [99b82248-fa78-4a2f-9c0c-a895faee9290@group-7C3FAC2D08DB-StateMachineUpdater] INFO  impl.StateMachineUpdater (StateMachineUpdater.java:lambda$new$0(89)) - 99b82248-fa78-4a2f-9c0c-a895faee9290@group-7C3FAC2D08DB-StateMachineUpdater: snapshotIndex: updateIncreasingly -1 -> 0
2021-12-08 13:31:45,126 [99b82248-fa78-4a2f-9c0c-a895faee9290@group-C6C5AEA563D1-StateMachineUpdater] INFO  ratis.ContainerStateMachine (ContainerStateMachine.java:takeSnapshot(310)) - group-C6C5AEA563D1: Finished taking a snapshot at:(t:1, i:0) file:/home/runner/work/ozone/ozone/hadoop-ozone/integration-test/target/test-dir/MiniOzoneClusterImpl-c8c699bf-5dad-4457-9252-d1686169726e/datanode-4/data/ratis/0ce629aa-0e6a-4c3b-86ec-c6c5aea563d1/sm/snapshot.1_0 took: 2 ms
2021-12-08 13:31:45,126 [99b82248-fa78-4a2f-9c0c-a895faee9290@group-C6C5AEA563D1-StateMachineUpdater] INFO  impl.StateMachineUpdater (StateMachineUpdater.java:takeSnapshot(281)) - 99b82248-fa78-4a2f-9c0c-a895faee9290@group-C6C5AEA563D1-StateMachineUpdater: Took a snapshot at index 0
2021-12-08 13:31:45,126 [99b82248-fa78-4a2f-9c0c-a895faee9290@group-C6C5AEA563D1-StateMachineUpdater] INFO  impl.StateMachineUpdater (StateMachineUpdater.java:lambda$new$0(89)) - 99b82248-fa78-4a2f-9c0c-a895faee9290@group-C6C5AEA563D1-StateMachineUpdater: snapshotIndex: updateIncreasingly -1 -> 0
2021-12-08 13:31:45,137 [grpc-default-executor-1] INFO  server.RaftServer$Division (ServerState.java:setRaftConf(387)) - 8a8f2b09-e878-40c2-9c9f-30d928921f94@group-C6C5AEA563D1: set configuration 0: [8a8f2b09-e878-40c2-9c9f-30d928921f94|rpc:10.1.0.52:43169|dataStream:|priority:0, 99b82248-fa78-4a2f-9c0c-a895faee9290|rpc:10.1.0.52:40213|dataStream:|priority:0, ffce9616-478d-40f6-8b96-f3952fb64da5|rpc:10.1.0.52:43161|dataStream:|priority:1], old=null
2021-12-08 13:31:45,138 [grpc-default-executor-1] INFO  segmented.SegmentedRaftLogWorker (SegmentedRaftLogWorker.java:startLogSegment(394)) - 8a8f2b09-e878-40c2-9c9f-30d928921f94@group-C6C5AEA563D1-SegmentedRaftLogWorker: Starting segment from index:0
2021-12-08 13:31:45,140 [8a8f2b09-e878-40c2-9c9f-30d928921f94@group-C6C5AEA563D1-SegmentedRaftLogWorker] INFO  segmented.SegmentedRaftLogWorker (SegmentedRaftLogWorker.java:execute(601)) - 8a8f2b09-e878-40c2-9c9f-30d928921f94@group-C6C5AEA563D1-SegmentedRaftLogWorker: created new log segment /home/runner/work/ozone/ozone/hadoop-ozone/integration-test/target/test-dir/MiniOzoneClusterImpl-c8c699bf-5dad-4457-9252-d1686169726e/datanode-3/data/ratis/0ce629aa-0e6a-4c3b-86ec-c6c5aea563d1/current/log_inprogress_0
2021-12-08 13:31:45,144 [8a8f2b09-e878-40c2-9c9f-30d928921f94@group-C6C5AEA563D1-StateMachineUpdater] INFO  ratis.ContainerStateMachine (ContainerStateMachine.java:takeSnapshot(299)) - group-C6C5AEA563D1: Taking a snapshot at:(t:1, i:0) file /home/runner/work/ozone/ozone/hadoop-ozone/integration-test/target/test-dir/MiniOzoneClusterImpl-c8c699bf-5dad-4457-9252-d1686169726e/datanode-3/data/ratis/0ce629aa-0e6a-4c3b-86ec-c6c5aea563d1/sm/snapshot.1_0
2021-12-08 13:31:45,144 [8a8f2b09-e878-40c2-9c9f-30d928921f94@group-C6C5AEA563D1-StateMachineUpdater] INFO  ratis.ContainerStateMachine (ContainerStateMachine.java:takeSnapshot(310)) - group-C6C5AEA563D1: Finished taking a snapshot at:(t:1, i:0) file:/home/runner/work/ozone/ozone/hadoop-ozone/integration-test/target/test-dir/MiniOzoneClusterImpl-c8c699bf-5dad-4457-9252-d1686169726e/datanode-3/data/ratis/0ce629aa-0e6a-4c3b-86ec-c6c5aea563d1/sm/snapshot.1_0 took: 1 ms
2021-12-08 13:31:45,145 [8a8f2b09-e878-40c2-9c9f-30d928921f94@group-C6C5AEA563D1-StateMachineUpdater] INFO  impl.StateMachineUpdater (StateMachineUpdater.java:takeSnapshot(281)) - 8a8f2b09-e878-40c2-9c9f-30d928921f94@group-C6C5AEA563D1-StateMachineUpdater: Took a snapshot at index 0
2021-12-08 13:31:45,145 [8a8f2b09-e878-40c2-9c9f-30d928921f94@group-C6C5AEA563D1-StateMachineUpdater] INFO  impl.StateMachineUpdater (StateMachineUpdater.java:lambda$new$0(89)) - 8a8f2b09-e878-40c2-9c9f-30d928921f94@group-C6C5AEA563D1-StateMachineUpdater: snapshotIndex: updateIncreasingly -1 -> 0
2021-12-08 13:31:45,266 [ffce9616-478d-40f6-8b96-f3952fb64da5@group-A951B741DF3D-FollowerState] INFO  impl.FollowerState (FollowerState.java:run(134)) - ffce9616-478d-40f6-8b96-f3952fb64da5@group-A951B741DF3D-FollowerState: change to CANDIDATE, lastRpcElapsedTime:5147840178ns, electionTimeout:5145ms
2021-12-08 13:31:45,266 [ffce9616-478d-40f6-8b96-f3952fb64da5@group-A951B741DF3D-FollowerState] INFO  impl.RoleInfo (RoleInfo.java:shutdownFollowerState(108)) - ffce9616-478d-40f6-8b96-f3952fb64da5: shutdown ffce9616-478d-40f6-8b96-f3952fb64da5@group-A951B741DF3D-FollowerState
2021-12-08 13:31:45,266 [ffce9616-478d-40f6-8b96-f3952fb64da5@group-A951B741DF3D-FollowerState] INFO  server.RaftServer$Division (RaftServerImpl.java:setRole(290)) - ffce9616-478d-40f6-8b96-f3952fb64da5@group-A951B741DF3D: changes role from  FOLLOWER to CANDIDATE at term 0 for changeToCandidate
2021-12-08 13:31:45,266 [ffce9616-478d-40f6-8b96-f3952fb64da5@group-A951B741DF3D-FollowerState] INFO  server.RaftServerConfigKeys (ConfUtils.java:logGet(44)) - raft.server.leaderelection.pre-vote = false (custom)
2021-12-08 13:31:45,266 [ffce9616-478d-40f6-8b96-f3952fb64da5@group-A951B741DF3D-FollowerState] INFO  impl.RoleInfo (RoleInfo.java:updateAndGet(130)) - ffce9616-478d-40f6-8b96-f3952fb64da5: start ffce9616-478d-40f6-8b96-f3952fb64da5@group-A951B741DF3D-LeaderElection13
2021-12-08 13:31:45,286 [ffce9616-478d-40f6-8b96-f3952fb64da5@group-A951B741DF3D-LeaderElection13] INFO  impl.LeaderElection (LeaderElection.java:askForVotes(306)) - ffce9616-478d-40f6-8b96-f3952fb64da5@group-A951B741DF3D-LeaderElection13 ELECTION round 0: submit vote requests at term 1 for -1: [ffce9616-478d-40f6-8b96-f3952fb64da5|rpc:10.1.0.52:43161|priority:1], old=null
2021-12-08 13:31:45,287 [ffce9616-478d-40f6-8b96-f3952fb64da5@group-A951B741DF3D-LeaderElection13] INFO  impl.LeaderElection (LeaderElection.java:askForVotes(308)) - ffce9616-478d-40f6-8b96-f3952fb64da5@group-A951B741DF3D-LeaderElection13 ELECTION round 0: result PASSED (term=1)
2021-12-08 13:31:45,287 [ffce9616-478d-40f6-8b96-f3952fb64da5@group-A951B741DF3D-LeaderElection13] INFO  impl.RoleInfo (RoleInfo.java:shutdownLeaderElection(121)) - ffce9616-478d-40f6-8b96-f3952fb64da5: shutdown ffce9616-478d-40f6-8b96-f3952fb64da5@group-A951B741DF3D-LeaderElection13
2021-12-08 13:31:45,287 [ffce9616-478d-40f6-8b96-f3952fb64da5@group-A951B741DF3D-LeaderElection13] INFO  server.RaftServer$Division (RaftServerImpl.java:setRole(290)) - ffce9616-478d-40f6-8b96-f3952fb64da5@group-A951B741DF3D: changes role from CANDIDATE to LEADER at term 1 for changeToLeader
2021-12-08 13:31:45,287 [ffce9616-478d-40f6-8b96-f3952fb64da5@group-A951B741DF3D-LeaderElection13] INFO  ratis.XceiverServerRatis (XceiverServerRatis.java:handleLeaderChangedNotification(866)) - Leader change notification received for group: group-A951B741DF3D with new leaderId: ffce9616-478d-40f6-8b96-f3952fb64da5
2021-12-08 13:31:45,288 [ffce9616-478d-40f6-8b96-f3952fb64da5@group-A951B741DF3D-LeaderElection13] INFO  server.RaftServer$Division (ServerState.java:setLeader(285)) - ffce9616-478d-40f6-8b96-f3952fb64da5@group-A951B741DF3D: change Leader from null to ffce9616-478d-40f6-8b96-f3952fb64da5 at term 1 for becomeLeader, leader elected after 5176ms
2021-12-08 13:31:45,288 [ffce9616-478d-40f6-8b96-f3952fb64da5@group-A951B741DF3D-LeaderElection13] INFO  server.RaftServerConfigKeys (ConfUtils.java:logGet(44)) - raft.server.staging.catchup.gap = 1000 (default)
2021-12-08 13:31:45,289 [ffce9616-478d-40f6-8b96-f3952fb64da5@group-A951B741DF3D-LeaderElection13] INFO  server.RaftServerConfigKeys (ConfUtils.java:logGet(44)) - raft.server.write.element-limit = 1024 (custom)
2021-12-08 13:31:45,290 [ffce9616-478d-40f6-8b96-f3952fb64da5@group-A951B741DF3D-LeaderElection13] INFO  server.RaftServerConfigKeys (ConfUtils.java:logGet(44)) - raft.server.write.byte-limit = 1024 M (=1073741824) (custom)
2021-12-08 13:31:45,290 [ffce9616-478d-40f6-8b96-f3952fb64da5@group-A951B741DF3D-LeaderElection13] INFO  server.RaftServerConfigKeys (ConfUtils.java:logGet(44)) - raft.server.watch.timeout = 10000ms (default)
2021-12-08 13:31:45,290 [ffce9616-478d-40f6-8b96-f3952fb64da5@group-A951B741DF3D-LeaderElection13] INFO  server.RaftServerConfigKeys (ConfUtils.java:logGet(44)) - raft.server.watch.timeout.denomination = 1s (default)
2021-12-08 13:31:45,290 [ffce9616-478d-40f6-8b96-f3952fb64da5@group-A951B741DF3D-LeaderElection13] INFO  server.RaftServerConfigKeys (ConfUtils.java:logGet(44)) - raft.server.watch.element-limit = 65536 (default)
2021-12-08 13:31:45,290 [ffce9616-478d-40f6-8b96-f3952fb64da5@group-A951B741DF3D-LeaderElection13] INFO  server.RaftServerConfigKeys (ConfUtils.java:logGet(44)) - raft.server.write.element-limit = 1024 (custom)
2021-12-08 13:31:45,290 [ffce9616-478d-40f6-8b96-f3952fb64da5@group-A951B741DF3D-LeaderElection13] INFO  server.RaftServerConfigKeys (ConfUtils.java:logGet(44)) - raft.server.write.follower.gap.ratio.max = -1.0 (default)
2021-12-08 13:31:45,290 [ffce9616-478d-40f6-8b96-f3952fb64da5@group-A951B741DF3D-LeaderElection13] INFO  impl.RoleInfo (RoleInfo.java:updateAndGet(130)) - ffce9616-478d-40f6-8b96-f3952fb64da5: start ffce9616-478d-40f6-8b96-f3952fb64da5@group-A951B741DF3D-LeaderStateImpl
2021-12-08 13:31:45,291 [ffce9616-478d-40f6-8b96-f3952fb64da5@group-A951B741DF3D-LeaderElection13] INFO  segmented.SegmentedRaftLogWorker (SegmentedRaftLogWorker.java:startLogSegment(394)) - ffce9616-478d-40f6-8b96-f3952fb64da5@group-A951B741DF3D-SegmentedRaftLogWorker: Starting segment from index:0
2021-12-08 13:31:45,292 [ffce9616-478d-40f6-8b96-f3952fb64da5@group-A951B741DF3D-SegmentedRaftLogWorker] INFO  segmented.SegmentedRaftLogWorker (SegmentedRaftLogWorker.java:execute(601)) - ffce9616-478d-40f6-8b96-f3952fb64da5@group-A951B741DF3D-SegmentedRaftLogWorker: created new log segment /home/runner/work/ozone/ozone/hadoop-ozone/integration-test/target/test-dir/MiniOzoneClusterImpl-c8c699bf-5dad-4457-9252-d1686169726e/datanode-5/data/ratis/6a6510fb-3fae-4d9a-8722-a951b741df3d/current/log_inprogress_0
2021-12-08 13:31:45,299 [ffce9616-478d-40f6-8b96-f3952fb64da5@group-A951B741DF3D-LeaderElection13] INFO  server.RaftServer$Division (ServerState.java:setRaftConf(387)) - ffce9616-478d-40f6-8b96-f3952fb64da5@group-A951B741DF3D: set configuration 0: [ffce9616-478d-40f6-8b96-f3952fb64da5|rpc:10.1.0.52:43161|dataStream:|priority:1], old=null
2021-12-08 13:31:45,305 [ffce9616-478d-40f6-8b96-f3952fb64da5@group-A951B741DF3D-StateMachineUpdater] INFO  ratis.ContainerStateMachine (ContainerStateMachine.java:takeSnapshot(299)) - group-A951B741DF3D: Taking a snapshot at:(t:1, i:0) file /home/runner/work/ozone/ozone/hadoop-ozone/integration-test/target/test-dir/MiniOzoneClusterImpl-c8c699bf-5dad-4457-9252-d1686169726e/datanode-5/data/ratis/6a6510fb-3fae-4d9a-8722-a951b741df3d/sm/snapshot.1_0
2021-12-08 13:31:45,306 [ffce9616-478d-40f6-8b96-f3952fb64da5@group-A951B741DF3D-StateMachineUpdater] INFO  ratis.ContainerStateMachine (ContainerStateMachine.java:takeSnapshot(310)) - group-A951B741DF3D: Finished taking a snapshot at:(t:1, i:0) file:/home/runner/work/ozone/ozone/hadoop-ozone/integration-test/target/test-dir/MiniOzoneClusterImpl-c8c699bf-5dad-4457-9252-d1686169726e/datanode-5/data/ratis/6a6510fb-3fae-4d9a-8722-a951b741df3d/sm/snapshot.1_0 took: 0 ms
2021-12-08 13:31:45,306 [ffce9616-478d-40f6-8b96-f3952fb64da5@group-A951B741DF3D-StateMachineUpdater] INFO  impl.StateMachineUpdater (StateMachineUpdater.java:takeSnapshot(281)) - ffce9616-478d-40f6-8b96-f3952fb64da5@group-A951B741DF3D-StateMachineUpdater: Took a snapshot at index 0
2021-12-08 13:31:45,306 [ffce9616-478d-40f6-8b96-f3952fb64da5@group-A951B741DF3D-StateMachineUpdater] INFO  impl.StateMachineUpdater (StateMachineUpdater.java:lambda$new$0(89)) - ffce9616-478d-40f6-8b96-f3952fb64da5@group-A951B741DF3D-StateMachineUpdater: snapshotIndex: updateIncreasingly -1 -> 0
2021-12-08 13:31:45,384 [a327871d-9199-4191-96af-772712e793af@group-600D89ACF17F-FollowerState] INFO  impl.FollowerState (FollowerState.java:run(134)) - a327871d-9199-4191-96af-772712e793af@group-600D89ACF17F-FollowerState: change to CANDIDATE, lastRpcElapsedTime:5040546794ns, electionTimeout:5032ms
2021-12-08 13:31:45,384 [a327871d-9199-4191-96af-772712e793af@group-600D89ACF17F-FollowerState] INFO  impl.RoleInfo (RoleInfo.java:shutdownFollowerState(108)) - a327871d-9199-4191-96af-772712e793af: shutdown a327871d-9199-4191-96af-772712e793af@group-600D89ACF17F-FollowerState
2021-12-08 13:31:45,384 [a327871d-9199-4191-96af-772712e793af@group-600D89ACF17F-FollowerState] INFO  server.RaftServer$Division (RaftServerImpl.java:setRole(290)) - a327871d-9199-4191-96af-772712e793af@group-600D89ACF17F: changes role from  FOLLOWER to CANDIDATE at term 0 for changeToCandidate
2021-12-08 13:31:45,386 [a327871d-9199-4191-96af-772712e793af@group-600D89ACF17F-FollowerState] INFO  server.RaftServerConfigKeys (ConfUtils.java:logGet(44)) - raft.server.leaderelection.pre-vote = false (custom)
2021-12-08 13:31:45,386 [a327871d-9199-4191-96af-772712e793af@group-600D89ACF17F-FollowerState] INFO  impl.RoleInfo (RoleInfo.java:updateAndGet(130)) - a327871d-9199-4191-96af-772712e793af: start a327871d-9199-4191-96af-772712e793af@group-600D89ACF17F-LeaderElection14
2021-12-08 13:31:45,390 [a327871d-9199-4191-96af-772712e793af@group-600D89ACF17F-LeaderElection14] INFO  impl.LeaderElection (LeaderElection.java:askForVotes(306)) - a327871d-9199-4191-96af-772712e793af@group-600D89ACF17F-LeaderElection14 ELECTION round 0: submit vote requests at term 1 for -1: [a327871d-9199-4191-96af-772712e793af|rpc:10.1.0.52:35965|priority:1], old=null
2021-12-08 13:31:45,390 [a327871d-9199-4191-96af-772712e793af@group-600D89ACF17F-LeaderElection14] INFO  impl.LeaderElection (LeaderElection.java:askForVotes(308)) - a327871d-9199-4191-96af-772712e793af@group-600D89ACF17F-LeaderElection14 ELECTION round 0: result PASSED (term=1)
2021-12-08 13:31:45,391 [a327871d-9199-4191-96af-772712e793af@group-00D4D5FABF3F-FollowerState] INFO  impl.FollowerState (FollowerState.java:run(134)) - a327871d-9199-4191-96af-772712e793af@group-00D4D5FABF3F-FollowerState: change to CANDIDATE, lastRpcElapsedTime:5005362003ns, electionTimeout:5005ms
2021-12-08 13:31:45,391 [a327871d-9199-4191-96af-772712e793af@group-600D89ACF17F-LeaderElection14] INFO  impl.RoleInfo (RoleInfo.java:shutdownLeaderElection(121)) - a327871d-9199-4191-96af-772712e793af: shutdown a327871d-9199-4191-96af-772712e793af@group-600D89ACF17F-LeaderElection14
2021-12-08 13:31:45,391 [a327871d-9199-4191-96af-772712e793af@group-00D4D5FABF3F-FollowerState] INFO  impl.RoleInfo (RoleInfo.java:shutdownFollowerState(108)) - a327871d-9199-4191-96af-772712e793af: shutdown a327871d-9199-4191-96af-772712e793af@group-00D4D5FABF3F-FollowerState
2021-12-08 13:31:45,391 [a327871d-9199-4191-96af-772712e793af@group-600D89ACF17F-LeaderElection14] INFO  server.RaftServer$Division (RaftServerImpl.java:setRole(290)) - a327871d-9199-4191-96af-772712e793af@group-600D89ACF17F: changes role from CANDIDATE to LEADER at term 1 for changeToLeader
2021-12-08 13:31:45,391 [a327871d-9199-4191-96af-772712e793af@group-00D4D5FABF3F-FollowerState] INFO  server.RaftServer$Division (RaftServerImpl.java:setRole(290)) - a327871d-9199-4191-96af-772712e793af@group-00D4D5FABF3F: changes role from  FOLLOWER to CANDIDATE at term 0 for changeToCandidate
2021-12-08 13:31:45,391 [a327871d-9199-4191-96af-772712e793af@group-00D4D5FABF3F-FollowerState] INFO  server.RaftServerConfigKeys (ConfUtils.java:logGet(44)) - raft.server.leaderelection.pre-vote = false (custom)
2021-12-08 13:31:45,391 [a327871d-9199-4191-96af-772712e793af@group-00D4D5FABF3F-FollowerState] INFO  impl.RoleInfo (RoleInfo.java:updateAndGet(130)) - a327871d-9199-4191-96af-772712e793af: start a327871d-9199-4191-96af-772712e793af@group-00D4D5FABF3F-LeaderElection15
2021-12-08 13:31:45,391 [a327871d-9199-4191-96af-772712e793af@group-600D89ACF17F-LeaderElection14] INFO  ratis.XceiverServerRatis (XceiverServerRatis.java:handleLeaderChangedNotification(866)) - Leader change notification received for group: group-600D89ACF17F with new leaderId: a327871d-9199-4191-96af-772712e793af
2021-12-08 13:31:45,394 [a327871d-9199-4191-96af-772712e793af@group-600D89ACF17F-LeaderElection14] INFO  server.RaftServer$Division (ServerState.java:setLeader(285)) - a327871d-9199-4191-96af-772712e793af@group-600D89ACF17F: change Leader from null to a327871d-9199-4191-96af-772712e793af at term 1 for becomeLeader, leader elected after 5059ms
2021-12-08 13:31:45,394 [a327871d-9199-4191-96af-772712e793af@group-600D89ACF17F-LeaderElection14] INFO  server.RaftServerConfigKeys (ConfUtils.java:logGet(44)) - raft.server.staging.catchup.gap = 1000 (default)
2021-12-08 13:31:45,395 [a327871d-9199-4191-96af-772712e793af@group-600D89ACF17F-LeaderElection14] INFO  server.RaftServerConfigKeys (ConfUtils.java:logGet(44)) - raft.server.write.element-limit = 1024 (custom)
2021-12-08 13:31:45,395 [a327871d-9199-4191-96af-772712e793af@group-600D89ACF17F-LeaderElection14] INFO  server.RaftServerConfigKeys (ConfUtils.java:logGet(44)) - raft.server.write.byte-limit = 1024 M (=1073741824) (custom)
2021-12-08 13:31:45,396 [a327871d-9199-4191-96af-772712e793af@group-600D89ACF17F-LeaderElection14] INFO  server.RaftServerConfigKeys (ConfUtils.java:logGet(44)) - raft.server.watch.timeout = 10000ms (default)
2021-12-08 13:31:45,396 [a327871d-9199-4191-96af-772712e793af@group-600D89ACF17F-LeaderElection14] INFO  server.RaftServerConfigKeys (ConfUtils.java:logGet(44)) - raft.server.watch.timeout.denomination = 1s (default)
2021-12-08 13:31:45,396 [a327871d-9199-4191-96af-772712e793af@group-600D89ACF17F-LeaderElection14] INFO  server.RaftServerConfigKeys (ConfUtils.java:logGet(44)) - raft.server.watch.element-limit = 65536 (default)
2021-12-08 13:31:45,396 [a327871d-9199-4191-96af-772712e793af@group-600D89ACF17F-LeaderElection14] INFO  server.RaftServerConfigKeys (ConfUtils.java:logGet(44)) - raft.server.write.element-limit = 1024 (custom)
2021-12-08 13:31:45,396 [a327871d-9199-4191-96af-772712e793af@group-600D89ACF17F-LeaderElection14] INFO  server.RaftServerConfigKeys (ConfUtils.java:logGet(44)) - raft.server.write.follower.gap.ratio.max = -1.0 (default)
2021-12-08 13:31:45,396 [a327871d-9199-4191-96af-772712e793af@group-600D89ACF17F-LeaderElection14] INFO  impl.RoleInfo (RoleInfo.java:updateAndGet(130)) - a327871d-9199-4191-96af-772712e793af: start a327871d-9199-4191-96af-772712e793af@group-600D89ACF17F-LeaderStateImpl
2021-12-08 13:31:45,396 [a327871d-9199-4191-96af-772712e793af@group-600D89ACF17F-LeaderElection14] INFO  segmented.SegmentedRaftLogWorker (SegmentedRaftLogWorker.java:startLogSegment(394)) - a327871d-9199-4191-96af-772712e793af@group-600D89ACF17F-SegmentedRaftLogWorker: Starting segment from index:0
2021-12-08 13:31:45,398 [a327871d-9199-4191-96af-772712e793af@group-600D89ACF17F-SegmentedRaftLogWorker] INFO  segmented.SegmentedRaftLogWorker (SegmentedRaftLogWorker.java:execute(601)) - a327871d-9199-4191-96af-772712e793af@group-600D89ACF17F-SegmentedRaftLogWorker: created new log segment /home/runner/work/ozone/ozone/hadoop-ozone/integration-test/target/test-dir/MiniOzoneClusterImpl-c8c699bf-5dad-4457-9252-d1686169726e/datanode-6/data/ratis/d527efe4-7c9d-4519-82a3-600d89acf17f/current/log_inprogress_0
2021-12-08 13:31:45,404 [a327871d-9199-4191-96af-772712e793af@group-600D89ACF17F-LeaderElection14] INFO  server.RaftServer$Division (ServerState.java:setRaftConf(387)) - a327871d-9199-4191-96af-772712e793af@group-600D89ACF17F: set configuration 0: [a327871d-9199-4191-96af-772712e793af|rpc:10.1.0.52:35965|dataStream:|priority:1], old=null
2021-12-08 13:31:45,405 [a327871d-9199-4191-96af-772712e793af@group-00D4D5FABF3F-LeaderElection15] INFO  impl.LeaderElection (LeaderElection.java:askForVotes(306)) - a327871d-9199-4191-96af-772712e793af@group-00D4D5FABF3F-LeaderElection15 ELECTION round 0: submit vote requests at term 1 for -1: [32c9ac61-cc75-4e2b-b1a7-531a6ab2a530|rpc:10.1.0.52:44349|priority:0, a327871d-9199-4191-96af-772712e793af|rpc:10.1.0.52:35965|priority:1, e036e529-a153-4e24-af0e-d2ae8a66431a|rpc:10.1.0.52:40929|priority:0], old=null
2021-12-08 13:31:45,410 [a327871d-9199-4191-96af-772712e793af@group-600D89ACF17F-StateMachineUpdater] INFO  ratis.ContainerStateMachine (ContainerStateMachine.java:takeSnapshot(299)) - group-600D89ACF17F: Taking a snapshot at:(t:1, i:0) file /home/runner/work/ozone/ozone/hadoop-ozone/integration-test/target/test-dir/MiniOzoneClusterImpl-c8c699bf-5dad-4457-9252-d1686169726e/datanode-6/data/ratis/d527efe4-7c9d-4519-82a3-600d89acf17f/sm/snapshot.1_0
2021-12-08 13:31:45,412 [a327871d-9199-4191-96af-772712e793af@group-600D89ACF17F-StateMachineUpdater] INFO  ratis.ContainerStateMachine (ContainerStateMachine.java:takeSnapshot(310)) - group-600D89ACF17F: Finished taking a snapshot at:(t:1, i:0) file:/home/runner/work/ozone/ozone/hadoop-ozone/integration-test/target/test-dir/MiniOzoneClusterImpl-c8c699bf-5dad-4457-9252-d1686169726e/datanode-6/data/ratis/d527efe4-7c9d-4519-82a3-600d89acf17f/sm/snapshot.1_0 took: 3 ms
2021-12-08 13:31:45,412 [a327871d-9199-4191-96af-772712e793af@group-600D89ACF17F-StateMachineUpdater] INFO  impl.StateMachineUpdater (StateMachineUpdater.java:takeSnapshot(281)) - a327871d-9199-4191-96af-772712e793af@group-600D89ACF17F-StateMachineUpdater: Took a snapshot at index 0
2021-12-08 13:31:45,412 [a327871d-9199-4191-96af-772712e793af@group-600D89ACF17F-StateMachineUpdater] INFO  impl.StateMachineUpdater (StateMachineUpdater.java:lambda$new$0(89)) - a327871d-9199-4191-96af-772712e793af@group-600D89ACF17F-StateMachineUpdater: snapshotIndex: updateIncreasingly -1 -> 0
2021-12-08 13:31:45,424 [grpc-default-executor-0] INFO  server.RaftServer$Division (RaftServerImpl.java:requestVote(1046)) - 32c9ac61-cc75-4e2b-b1a7-531a6ab2a530@group-00D4D5FABF3F: receive requestVote(ELECTION, a327871d-9199-4191-96af-772712e793af, group-00D4D5FABF3F, 1, (t:0, i:0))
2021-12-08 13:31:45,424 [grpc-default-executor-0] INFO  impl.VoteContext (VoteContext.java:log(48)) - 32c9ac61-cc75-4e2b-b1a7-531a6ab2a530@group-00D4D5FABF3F-FOLLOWER: accept ELECTION from a327871d-9199-4191-96af-772712e793af: our priority 0 <= candidate's priority 1
2021-12-08 13:31:45,424 [grpc-default-executor-0] INFO  server.RaftServer$Division (RaftServerImpl.java:setRole(290)) - 32c9ac61-cc75-4e2b-b1a7-531a6ab2a530@group-00D4D5FABF3F: changes role from  FOLLOWER to FOLLOWER at term 1 for candidate:a327871d-9199-4191-96af-772712e793af
2021-12-08 13:31:45,424 [grpc-default-executor-0] INFO  impl.RoleInfo (RoleInfo.java:shutdownFollowerState(108)) - 32c9ac61-cc75-4e2b-b1a7-531a6ab2a530: shutdown 32c9ac61-cc75-4e2b-b1a7-531a6ab2a530@group-00D4D5FABF3F-FollowerState
2021-12-08 13:31:45,424 [grpc-default-executor-0] INFO  impl.RoleInfo (RoleInfo.java:updateAndGet(130)) - 32c9ac61-cc75-4e2b-b1a7-531a6ab2a530: start 32c9ac61-cc75-4e2b-b1a7-531a6ab2a530@group-00D4D5FABF3F-FollowerState
2021-12-08 13:31:45,425 [32c9ac61-cc75-4e2b-b1a7-531a6ab2a530@group-00D4D5FABF3F-FollowerState] INFO  impl.FollowerState (FollowerState.java:run(143)) - 32c9ac61-cc75-4e2b-b1a7-531a6ab2a530@group-00D4D5FABF3F-FollowerState was interrupted: {}
java.lang.InterruptedException: sleep interrupted
	at java.lang.Thread.sleep(Native Method)
	at java.lang.Thread.sleep(Thread.java:340)
	at java.util.concurrent.TimeUnit.sleep(TimeUnit.java:386)
	at org.apache.ratis.util.TimeDuration.sleep(TimeDuration.java:324)
	at org.apache.ratis.util.TimeDuration.sleep(TimeDuration.java:309)
	at org.apache.ratis.server.impl.FollowerState.run(FollowerState.java:118)
2021-12-08 13:31:45,434 [grpc-default-executor-0] INFO  server.RaftServer$Division (RaftServerImpl.java:requestVote(1078)) - 32c9ac61-cc75-4e2b-b1a7-531a6ab2a530@group-00D4D5FABF3F replies to ELECTION vote request: a327871d-9199-4191-96af-772712e793af<-32c9ac61-cc75-4e2b-b1a7-531a6ab2a530#0:OK-t1. Peer's state: 32c9ac61-cc75-4e2b-b1a7-531a6ab2a530@group-00D4D5FABF3F:t1, leader=null, voted=a327871d-9199-4191-96af-772712e793af, raftlog=32c9ac61-cc75-4e2b-b1a7-531a6ab2a530@group-00D4D5FABF3F-SegmentedRaftLog:OPENED:c-1, conf=-1: [32c9ac61-cc75-4e2b-b1a7-531a6ab2a530|rpc:10.1.0.52:44349|dataStream:|priority:0, a327871d-9199-4191-96af-772712e793af|rpc:10.1.0.52:35965|dataStream:|priority:1, e036e529-a153-4e24-af0e-d2ae8a66431a|rpc:10.1.0.52:40929|dataStream:|priority:0], old=null
2021-12-08 13:31:45,436 [a327871d-9199-4191-96af-772712e793af@group-00D4D5FABF3F-LeaderElection15] INFO  impl.LeaderElection (LeaderElection.java:logAndReturn(89)) - a327871d-9199-4191-96af-772712e793af@group-00D4D5FABF3F-LeaderElection15: ELECTION PASSED received 1 response(s) and 0 exception(s):
2021-12-08 13:31:45,436 [a327871d-9199-4191-96af-772712e793af@group-00D4D5FABF3F-LeaderElection15] INFO  impl.LeaderElection (LeaderElection.java:logAndReturn(93)) -   Response 0: a327871d-9199-4191-96af-772712e793af<-32c9ac61-cc75-4e2b-b1a7-531a6ab2a530#0:OK-t1
2021-12-08 13:31:45,436 [a327871d-9199-4191-96af-772712e793af@group-00D4D5FABF3F-LeaderElection15] INFO  impl.LeaderElection (LeaderElection.java:askForVotes(308)) - a327871d-9199-4191-96af-772712e793af@group-00D4D5FABF3F-LeaderElection15 ELECTION round 0: result PASSED
2021-12-08 13:31:45,436 [a327871d-9199-4191-96af-772712e793af@group-00D4D5FABF3F-LeaderElection15] INFO  impl.RoleInfo (RoleInfo.java:shutdownLeaderElection(121)) - a327871d-9199-4191-96af-772712e793af: shutdown a327871d-9199-4191-96af-772712e793af@group-00D4D5FABF3F-LeaderElection15
2021-12-08 13:31:45,436 [a327871d-9199-4191-96af-772712e793af@group-00D4D5FABF3F-LeaderElection15] INFO  server.RaftServer$Division (RaftServerImpl.java:setRole(290)) - a327871d-9199-4191-96af-772712e793af@group-00D4D5FABF3F: changes role from CANDIDATE to LEADER at term 1 for changeToLeader
2021-12-08 13:31:45,436 [a327871d-9199-4191-96af-772712e793af@group-00D4D5FABF3F-LeaderElection15] INFO  ratis.XceiverServerRatis (XceiverServerRatis.java:handleLeaderChangedNotification(866)) - Leader change notification received for group: group-00D4D5FABF3F with new leaderId: a327871d-9199-4191-96af-772712e793af
2021-12-08 13:31:45,436 [a327871d-9199-4191-96af-772712e793af@group-00D4D5FABF3F-LeaderElection15] INFO  server.RaftServer$Division (ServerState.java:setLeader(285)) - a327871d-9199-4191-96af-772712e793af@group-00D4D5FABF3F: change Leader from null to a327871d-9199-4191-96af-772712e793af at term 1 for becomeLeader, leader elected after 5056ms
2021-12-08 13:31:45,436 [a327871d-9199-4191-96af-772712e793af@group-00D4D5FABF3F-LeaderElection15] INFO  server.RaftServerConfigKeys (ConfUtils.java:logGet(44)) - raft.server.staging.catchup.gap = 1000 (default)
2021-12-08 13:31:45,437 [a327871d-9199-4191-96af-772712e793af@group-00D4D5FABF3F-LeaderElection15] INFO  server.RaftServerConfigKeys (ConfUtils.java:logGet(44)) - raft.server.write.element-limit = 1024 (custom)
2021-12-08 13:31:45,437 [a327871d-9199-4191-96af-772712e793af@group-00D4D5FABF3F-LeaderElection15] INFO  server.RaftServerConfigKeys (ConfUtils.java:logGet(44)) - raft.server.write.byte-limit = 1024 M (=1073741824) (custom)
2021-12-08 13:31:45,437 [a327871d-9199-4191-96af-772712e793af@group-00D4D5FABF3F-LeaderElection15] INFO  server.RaftServerConfigKeys (ConfUtils.java:logGet(44)) - raft.server.watch.timeout = 10000ms (default)
2021-12-08 13:31:45,437 [a327871d-9199-4191-96af-772712e793af@group-00D4D5FABF3F-LeaderElection15] INFO  server.RaftServerConfigKeys (ConfUtils.java:logGet(44)) - raft.server.watch.timeout.denomination = 1s (default)
2021-12-08 13:31:45,437 [a327871d-9199-4191-96af-772712e793af@group-00D4D5FABF3F-LeaderElection15] INFO  server.RaftServerConfigKeys (ConfUtils.java:logGet(44)) - raft.server.watch.element-limit = 65536 (default)
2021-12-08 13:31:45,437 [a327871d-9199-4191-96af-772712e793af@group-00D4D5FABF3F-LeaderElection15] INFO  server.RaftServerConfigKeys (ConfUtils.java:logGet(44)) - raft.server.write.element-limit = 1024 (custom)
2021-12-08 13:31:45,437 [a327871d-9199-4191-96af-772712e793af@group-00D4D5FABF3F-LeaderElection15] INFO  server.RaftServerConfigKeys (ConfUtils.java:logGet(44)) - raft.server.write.follower.gap.ratio.max = -1.0 (default)
2021-12-08 13:31:45,437 [a327871d-9199-4191-96af-772712e793af@group-00D4D5FABF3F-LeaderElection15] INFO  server.RaftServerConfigKeys (ConfUtils.java:logGet(44)) - raft.server.log.appender.snapshot.chunk.size.max = 16MB (=16777216) (default)
2021-12-08 13:31:45,437 [a327871d-9199-4191-96af-772712e793af@group-00D4D5FABF3F-LeaderElection15] INFO  server.RaftServerConfigKeys (ConfUtils.java:logGet(44)) - raft.server.log.appender.buffer.byte-limit = 33554432 (custom)
2021-12-08 13:31:45,437 [a327871d-9199-4191-96af-772712e793af@group-00D4D5FABF3F-LeaderElection15] INFO  server.RaftServerConfigKeys (ConfUtils.java:logGet(44)) - raft.server.log.appender.buffer.element-limit = 1 (custom)
2021-12-08 13:31:45,437 [a327871d-9199-4191-96af-772712e793af@group-00D4D5FABF3F-LeaderElection15] INFO  grpc.GrpcConfigKeys (ConfUtils.java:logGet(44)) - raft.grpc.server.leader.outstanding.appends.max = 128 (default)
2021-12-08 13:31:45,438 [a327871d-9199-4191-96af-772712e793af@group-00D4D5FABF3F-LeaderElection15] INFO  server.RaftServerConfigKeys (ConfUtils.java:logGet(44)) - raft.server.rpc.request.timeout = 3000ms (default)
2021-12-08 13:31:45,438 [a327871d-9199-4191-96af-772712e793af@group-00D4D5FABF3F-LeaderElection15] INFO  server.RaftServerConfigKeys (ConfUtils.java:logGet(44)) - raft.server.log.appender.install.snapshot.enabled = false (custom)
2021-12-08 13:31:45,438 [a327871d-9199-4191-96af-772712e793af@group-00D4D5FABF3F-LeaderElection15] INFO  server.RaftServerConfigKeys (ConfUtils.java:logGet(44)) - raft.server.log.appender.snapshot.chunk.size.max = 16MB (=16777216) (default)
2021-12-08 13:31:45,438 [a327871d-9199-4191-96af-772712e793af@group-00D4D5FABF3F-LeaderElection15] INFO  server.RaftServerConfigKeys (ConfUtils.java:logGet(44)) - raft.server.log.appender.buffer.byte-limit = 33554432 (custom)
2021-12-08 13:31:45,438 [a327871d-9199-4191-96af-772712e793af@group-00D4D5FABF3F-LeaderElection15] INFO  server.RaftServerConfigKeys (ConfUtils.java:logGet(44)) - raft.server.log.appender.buffer.element-limit = 1 (custom)
2021-12-08 13:31:45,439 [a327871d-9199-4191-96af-772712e793af@group-00D4D5FABF3F-LeaderElection15] INFO  grpc.GrpcConfigKeys (ConfUtils.java:logGet(44)) - raft.grpc.server.leader.outstanding.appends.max = 128 (default)
2021-12-08 13:31:45,439 [a327871d-9199-4191-96af-772712e793af@group-00D4D5FABF3F-LeaderElection15] INFO  server.RaftServerConfigKeys (ConfUtils.java:logGet(44)) - raft.server.rpc.request.timeout = 3000ms (default)
2021-12-08 13:31:45,439 [a327871d-9199-4191-96af-772712e793af@group-00D4D5FABF3F-LeaderElection15] INFO  server.RaftServerConfigKeys (ConfUtils.java:logGet(44)) - raft.server.log.appender.install.snapshot.enabled = false (custom)
2021-12-08 13:31:45,439 [a327871d-9199-4191-96af-772712e793af@group-00D4D5FABF3F-LeaderElection15] INFO  impl.RoleInfo (RoleInfo.java:updateAndGet(130)) - a327871d-9199-4191-96af-772712e793af: start a327871d-9199-4191-96af-772712e793af@group-00D4D5FABF3F-LeaderStateImpl
2021-12-08 13:31:45,439 [a327871d-9199-4191-96af-772712e793af@group-00D4D5FABF3F-LeaderElection15] INFO  segmented.SegmentedRaftLogWorker (SegmentedRaftLogWorker.java:startLogSegment(394)) - a327871d-9199-4191-96af-772712e793af@group-00D4D5FABF3F-SegmentedRaftLogWorker: Starting segment from index:0
2021-12-08 13:31:45,441 [EventQueue-PipelineReportForPipelineReportHandler] INFO  pipeline.PipelineManagerImpl (PipelineManagerImpl.java:openPipeline(291)) - Pipeline Pipeline[ Id: 37f15bbb-3e85-43b8-a469-00d4d5fabf3f, Nodes: a327871d-9199-4191-96af-772712e793af{ip: 10.1.0.52, host: fv-az148-92.bm4ck3pvxvsene1rjriu5fhcdb.bx.internal.cloudapp.net, ports: [REPLICATION=44517, RATIS=35965, RATIS_ADMIN=35965, RATIS_SERVER=35965, STANDALONE=37883], networkLocation: /default-rack, certSerialId: null, persistedOpState: IN_SERVICE, persistedOpStateExpiryEpochSec: 0}e036e529-a153-4e24-af0e-d2ae8a66431a{ip: 10.1.0.52, host: fv-az148-92.bm4ck3pvxvsene1rjriu5fhcdb.bx.internal.cloudapp.net, ports: [REPLICATION=42913, RATIS=40929, RATIS_ADMIN=40929, RATIS_SERVER=40929, STANDALONE=41803], networkLocation: /default-rack, certSerialId: null, persistedOpState: IN_SERVICE, persistedOpStateExpiryEpochSec: 0}32c9ac61-cc75-4e2b-b1a7-531a6ab2a530{ip: 10.1.0.52, host: fv-az148-92.bm4ck3pvxvsene1rjriu5fhcdb.bx.internal.cloudapp.net, ports: [REPLICATION=45577, RATIS=44349, RATIS_ADMIN=44349, RATIS_SERVER=44349, STANDALONE=43731], networkLocation: /default-rack, certSerialId: null, persistedOpState: IN_SERVICE, persistedOpStateExpiryEpochSec: 0}, ReplicationConfig: RATIS/THREE, State:ALLOCATED, leaderId:a327871d-9199-4191-96af-772712e793af, CreationTimestamp2021-12-08T13:31:37.854Z[Etc/UTC]] moved to OPEN state
2021-12-08 13:31:45,443 [a327871d-9199-4191-96af-772712e793af@group-00D4D5FABF3F-SegmentedRaftLogWorker] INFO  segmented.SegmentedRaftLogWorker (SegmentedRaftLogWorker.java:execute(601)) - a327871d-9199-4191-96af-772712e793af@group-00D4D5FABF3F-SegmentedRaftLogWorker: created new log segment /home/runner/work/ozone/ozone/hadoop-ozone/integration-test/target/test-dir/MiniOzoneClusterImpl-c8c699bf-5dad-4457-9252-d1686169726e/datanode-6/data/ratis/37f15bbb-3e85-43b8-a469-00d4d5fabf3f/current/log_inprogress_0
2021-12-08 13:31:45,454 [grpc-default-executor-0] INFO  server.RaftServer$Division (RaftServerImpl.java:requestVote(1046)) - e036e529-a153-4e24-af0e-d2ae8a66431a@group-00D4D5FABF3F: receive requestVote(ELECTION, a327871d-9199-4191-96af-772712e793af, group-00D4D5FABF3F, 1, (t:0, i:0))
2021-12-08 13:31:45,462 [a327871d-9199-4191-96af-772712e793af@group-00D4D5FABF3F-LeaderElection15] INFO  server.RaftServer$Division (ServerState.java:setRaftConf(387)) - a327871d-9199-4191-96af-772712e793af@group-00D4D5FABF3F: set configuration 0: [32c9ac61-cc75-4e2b-b1a7-531a6ab2a530|rpc:10.1.0.52:44349|dataStream:|priority:0, a327871d-9199-4191-96af-772712e793af|rpc:10.1.0.52:35965|dataStream:|priority:1, e036e529-a153-4e24-af0e-d2ae8a66431a|rpc:10.1.0.52:40929|dataStream:|priority:0], old=null
2021-12-08 13:31:45,455 [e036e529-a153-4e24-af0e-d2ae8a66431a@group-00D4D5FABF3F-FollowerState] INFO  impl.FollowerState (FollowerState.java:run(134)) - e036e529-a153-4e24-af0e-d2ae8a66431a@group-00D4D5FABF3F-FollowerState: change to CANDIDATE, lastRpcElapsedTime:5037202376ns, electionTimeout:5031ms
2021-12-08 13:31:45,463 [e036e529-a153-4e24-af0e-d2ae8a66431a@group-00D4D5FABF3F-FollowerState] INFO  impl.RoleInfo (RoleInfo.java:shutdownFollowerState(108)) - e036e529-a153-4e24-af0e-d2ae8a66431a: shutdown e036e529-a153-4e24-af0e-d2ae8a66431a@group-00D4D5FABF3F-FollowerState
2021-12-08 13:31:45,463 [e036e529-a153-4e24-af0e-d2ae8a66431a@group-00D4D5FABF3F-FollowerState] INFO  server.RaftServer$Division (RaftServerImpl.java:setRole(290)) - e036e529-a153-4e24-af0e-d2ae8a66431a@group-00D4D5FABF3F: changes role from  FOLLOWER to CANDIDATE at term 0 for changeToCandidate
2021-12-08 13:31:45,464 [a327871d-9199-4191-96af-772712e793af@group-00D4D5FABF3F-StateMachineUpdater] INFO  ratis.ContainerStateMachine (ContainerStateMachine.java:takeSnapshot(299)) - group-00D4D5FABF3F: Taking a snapshot at:(t:1, i:0) file /home/runner/work/ozone/ozone/hadoop-ozone/integration-test/target/test-dir/MiniOzoneClusterImpl-c8c699bf-5dad-4457-9252-d1686169726e/datanode-6/data/ratis/37f15bbb-3e85-43b8-a469-00d4d5fabf3f/sm/snapshot.1_0
2021-12-08 13:31:45,465 [a327871d-9199-4191-96af-772712e793af@group-00D4D5FABF3F-StateMachineUpdater] INFO  ratis.ContainerStateMachine (ContainerStateMachine.java:takeSnapshot(310)) - group-00D4D5FABF3F: Finished taking a snapshot at:(t:1, i:0) file:/home/runner/work/ozone/ozone/hadoop-ozone/integration-test/target/test-dir/MiniOzoneClusterImpl-c8c699bf-5dad-4457-9252-d1686169726e/datanode-6/data/ratis/37f15bbb-3e85-43b8-a469-00d4d5fabf3f/sm/snapshot.1_0 took: 0 ms
2021-12-08 13:31:45,465 [a327871d-9199-4191-96af-772712e793af@group-00D4D5FABF3F-StateMachineUpdater] INFO  impl.StateMachineUpdater (StateMachineUpdater.java:takeSnapshot(281)) - a327871d-9199-4191-96af-772712e793af@group-00D4D5FABF3F-StateMachineUpdater: Took a snapshot at index 0
2021-12-08 13:31:45,465 [a327871d-9199-4191-96af-772712e793af@group-00D4D5FABF3F-StateMachineUpdater] INFO  impl.StateMachineUpdater (StateMachineUpdater.java:lambda$new$0(89)) - a327871d-9199-4191-96af-772712e793af@group-00D4D5FABF3F-StateMachineUpdater: snapshotIndex: updateIncreasingly -1 -> 0
2021-12-08 13:31:45,467 [e036e529-a153-4e24-af0e-d2ae8a66431a@group-00D4D5FABF3F-FollowerState] INFO  server.RaftServerConfigKeys (ConfUtils.java:logGet(44)) - raft.server.leaderelection.pre-vote = false (custom)
2021-12-08 13:31:45,467 [e036e529-a153-4e24-af0e-d2ae8a66431a@group-00D4D5FABF3F-FollowerState] INFO  impl.RoleInfo (RoleInfo.java:updateAndGet(130)) - e036e529-a153-4e24-af0e-d2ae8a66431a: start e036e529-a153-4e24-af0e-d2ae8a66431a@group-00D4D5FABF3F-LeaderElection16
2021-12-08 13:31:45,471 [grpc-default-executor-0] INFO  impl.VoteContext (VoteContext.java:log(48)) - e036e529-a153-4e24-af0e-d2ae8a66431a@group-00D4D5FABF3F-CANDIDATE: accept ELECTION from a327871d-9199-4191-96af-772712e793af: our priority 0 <= candidate's priority 1
2021-12-08 13:31:45,471 [grpc-default-executor-0] INFO  server.RaftServer$Division (RaftServerImpl.java:setRole(290)) - e036e529-a153-4e24-af0e-d2ae8a66431a@group-00D4D5FABF3F: changes role from CANDIDATE to FOLLOWER at term 1 for candidate:a327871d-9199-4191-96af-772712e793af
2021-12-08 13:31:45,471 [grpc-default-executor-0] INFO  impl.RoleInfo (RoleInfo.java:shutdownLeaderElection(121)) - e036e529-a153-4e24-af0e-d2ae8a66431a: shutdown e036e529-a153-4e24-af0e-d2ae8a66431a@group-00D4D5FABF3F-LeaderElection16
2021-12-08 13:31:45,471 [grpc-default-executor-0] INFO  impl.RoleInfo (RoleInfo.java:updateAndGet(130)) - e036e529-a153-4e24-af0e-d2ae8a66431a: start e036e529-a153-4e24-af0e-d2ae8a66431a@group-00D4D5FABF3F-FollowerState
2021-12-08 13:31:45,471 [e036e529-a153-4e24-af0e-d2ae8a66431a@group-00D4D5FABF3F-LeaderElection16] INFO  impl.LeaderElection (LeaderElection.java:run(230)) - e036e529-a153-4e24-af0e-d2ae8a66431a@group-00D4D5FABF3F-LeaderElection16: skip running since this is already CLOSING
2021-12-08 13:31:45,473 [grpc-default-executor-2] INFO  ratis.XceiverServerRatis (XceiverServerRatis.java:handleLeaderChangedNotification(866)) - Leader change notification received for group: group-00D4D5FABF3F with new leaderId: a327871d-9199-4191-96af-772712e793af
2021-12-08 13:31:45,473 [grpc-default-executor-2] INFO  server.RaftServer$Division (ServerState.java:setLeader(285)) - 32c9ac61-cc75-4e2b-b1a7-531a6ab2a530@group-00D4D5FABF3F: change Leader from null to a327871d-9199-4191-96af-772712e793af at term 1 for appendEntries, leader elected after 5031ms
2021-12-08 13:31:45,476 [grpc-default-executor-0] INFO  server.RaftServer$Division (RaftServerImpl.java:requestVote(1078)) - e036e529-a153-4e24-af0e-d2ae8a66431a@group-00D4D5FABF3F replies to ELECTION vote request: a327871d-9199-4191-96af-772712e793af<-e036e529-a153-4e24-af0e-d2ae8a66431a#0:OK-t1. Peer's state: e036e529-a153-4e24-af0e-d2ae8a66431a@group-00D4D5FABF3F:t1, leader=null, voted=a327871d-9199-4191-96af-772712e793af, raftlog=e036e529-a153-4e24-af0e-d2ae8a66431a@group-00D4D5FABF3F-SegmentedRaftLog:OPENED:c-1, conf=-1: [32c9ac61-cc75-4e2b-b1a7-531a6ab2a530|rpc:10.1.0.52:44349|dataStream:|priority:0, a327871d-9199-4191-96af-772712e793af|rpc:10.1.0.52:35965|dataStream:|priority:1, e036e529-a153-4e24-af0e-d2ae8a66431a|rpc:10.1.0.52:40929|dataStream:|priority:0], old=null
2021-12-08 13:31:45,477 [grpc-default-executor-2] INFO  server.RaftServer$Division (ServerState.java:setRaftConf(387)) - 32c9ac61-cc75-4e2b-b1a7-531a6ab2a530@group-00D4D5FABF3F: set configuration 0: [32c9ac61-cc75-4e2b-b1a7-531a6ab2a530|rpc:10.1.0.52:44349|dataStream:|priority:0, a327871d-9199-4191-96af-772712e793af|rpc:10.1.0.52:35965|dataStream:|priority:1, e036e529-a153-4e24-af0e-d2ae8a66431a|rpc:10.1.0.52:40929|dataStream:|priority:0], old=null
2021-12-08 13:31:45,477 [grpc-default-executor-2] INFO  segmented.SegmentedRaftLogWorker (SegmentedRaftLogWorker.java:startLogSegment(394)) - 32c9ac61-cc75-4e2b-b1a7-531a6ab2a530@group-00D4D5FABF3F-SegmentedRaftLogWorker: Starting segment from index:0
2021-12-08 13:31:45,477 [grpc-default-executor-3] INFO  ratis.XceiverServerRatis (XceiverServerRatis.java:handleLeaderChangedNotification(866)) - Leader change notification received for group: group-00D4D5FABF3F with new leaderId: a327871d-9199-4191-96af-772712e793af
2021-12-08 13:31:45,483 [grpc-default-executor-3] INFO  server.RaftServer$Division (ServerState.java:setLeader(285)) - e036e529-a153-4e24-af0e-d2ae8a66431a@group-00D4D5FABF3F: change Leader from null to a327871d-9199-4191-96af-772712e793af at term 1 for appendEntries, leader elected after 5066ms
2021-12-08 13:31:45,484 [32c9ac61-cc75-4e2b-b1a7-531a6ab2a530@group-00D4D5FABF3F-SegmentedRaftLogWorker] INFO  segmented.SegmentedRaftLogWorker (SegmentedRaftLogWorker.java:execute(601)) - 32c9ac61-cc75-4e2b-b1a7-531a6ab2a530@group-00D4D5FABF3F-SegmentedRaftLogWorker: created new log segment /home/runner/work/ozone/ozone/hadoop-ozone/integration-test/target/test-dir/MiniOzoneClusterImpl-c8c699bf-5dad-4457-9252-d1686169726e/datanode-7/data/ratis/37f15bbb-3e85-43b8-a469-00d4d5fabf3f/current/log_inprogress_0
2021-12-08 13:31:45,487 [grpc-default-executor-3] INFO  server.RaftServer$Division (ServerState.java:setRaftConf(387)) - e036e529-a153-4e24-af0e-d2ae8a66431a@group-00D4D5FABF3F: set configuration 0: [32c9ac61-cc75-4e2b-b1a7-531a6ab2a530|rpc:10.1.0.52:44349|dataStream:|priority:0, a327871d-9199-4191-96af-772712e793af|rpc:10.1.0.52:35965|dataStream:|priority:1, e036e529-a153-4e24-af0e-d2ae8a66431a|rpc:10.1.0.52:40929|dataStream:|priority:0], old=null
2021-12-08 13:31:45,487 [grpc-default-executor-3] INFO  segmented.SegmentedRaftLogWorker (SegmentedRaftLogWorker.java:startLogSegment(394)) - e036e529-a153-4e24-af0e-d2ae8a66431a@group-00D4D5FABF3F-SegmentedRaftLogWorker: Starting segment from index:0
2021-12-08 13:31:45,489 [32c9ac61-cc75-4e2b-b1a7-531a6ab2a530@group-00D4D5FABF3F-StateMachineUpdater] INFO  ratis.ContainerStateMachine (ContainerStateMachine.java:takeSnapshot(299)) - group-00D4D5FABF3F: Taking a snapshot at:(t:1, i:0) file /home/runner/work/ozone/ozone/hadoop-ozone/integration-test/target/test-dir/MiniOzoneClusterImpl-c8c699bf-5dad-4457-9252-d1686169726e/datanode-7/data/ratis/37f15bbb-3e85-43b8-a469-00d4d5fabf3f/sm/snapshot.1_0
2021-12-08 13:31:45,494 [32c9ac61-cc75-4e2b-b1a7-531a6ab2a530@group-00D4D5FABF3F-StateMachineUpdater] INFO  ratis.ContainerStateMachine (ContainerStateMachine.java:takeSnapshot(310)) - group-00D4D5FABF3F: Finished taking a snapshot at:(t:1, i:0) file:/home/runner/work/ozone/ozone/hadoop-ozone/integration-test/target/test-dir/MiniOzoneClusterImpl-c8c699bf-5dad-4457-9252-d1686169726e/datanode-7/data/ratis/37f15bbb-3e85-43b8-a469-00d4d5fabf3f/sm/snapshot.1_0 took: 4 ms
2021-12-08 13:31:45,494 [e036e529-a153-4e24-af0e-d2ae8a66431a@group-00D4D5FABF3F-SegmentedRaftLogWorker] INFO  segmented.SegmentedRaftLogWorker (SegmentedRaftLogWorker.java:execute(601)) - e036e529-a153-4e24-af0e-d2ae8a66431a@group-00D4D5FABF3F-SegmentedRaftLogWorker: created new log segment /home/runner/work/ozone/ozone/hadoop-ozone/integration-test/target/test-dir/MiniOzoneClusterImpl-c8c699bf-5dad-4457-9252-d1686169726e/datanode-8/data/ratis/37f15bbb-3e85-43b8-a469-00d4d5fabf3f/current/log_inprogress_0
2021-12-08 13:31:45,494 [32c9ac61-cc75-4e2b-b1a7-531a6ab2a530@group-00D4D5FABF3F-StateMachineUpdater] INFO  impl.StateMachineUpdater (StateMachineUpdater.java:takeSnapshot(281)) - 32c9ac61-cc75-4e2b-b1a7-531a6ab2a530@group-00D4D5FABF3F-StateMachineUpdater: Took a snapshot at index 0
2021-12-08 13:31:45,494 [32c9ac61-cc75-4e2b-b1a7-531a6ab2a530@group-00D4D5FABF3F-StateMachineUpdater] INFO  impl.StateMachineUpdater (StateMachineUpdater.java:lambda$new$0(89)) - 32c9ac61-cc75-4e2b-b1a7-531a6ab2a530@group-00D4D5FABF3F-StateMachineUpdater: snapshotIndex: updateIncreasingly -1 -> 0
2021-12-08 13:31:45,505 [e036e529-a153-4e24-af0e-d2ae8a66431a@group-00D4D5FABF3F-StateMachineUpdater] INFO  ratis.ContainerStateMachine (ContainerStateMachine.java:takeSnapshot(299)) - group-00D4D5FABF3F: Taking a snapshot at:(t:1, i:0) file /home/runner/work/ozone/ozone/hadoop-ozone/integration-test/target/test-dir/MiniOzoneClusterImpl-c8c699bf-5dad-4457-9252-d1686169726e/datanode-8/data/ratis/37f15bbb-3e85-43b8-a469-00d4d5fabf3f/sm/snapshot.1_0
2021-12-08 13:31:45,507 [e036e529-a153-4e24-af0e-d2ae8a66431a@group-00D4D5FABF3F-StateMachineUpdater] INFO  ratis.ContainerStateMachine (ContainerStateMachine.java:takeSnapshot(310)) - group-00D4D5FABF3F: Finished taking a snapshot at:(t:1, i:0) file:/home/runner/work/ozone/ozone/hadoop-ozone/integration-test/target/test-dir/MiniOzoneClusterImpl-c8c699bf-5dad-4457-9252-d1686169726e/datanode-8/data/ratis/37f15bbb-3e85-43b8-a469-00d4d5fabf3f/sm/snapshot.1_0 took: 1 ms
2021-12-08 13:31:45,507 [e036e529-a153-4e24-af0e-d2ae8a66431a@group-00D4D5FABF3F-StateMachineUpdater] INFO  impl.StateMachineUpdater (StateMachineUpdater.java:takeSnapshot(281)) - e036e529-a153-4e24-af0e-d2ae8a66431a@group-00D4D5FABF3F-StateMachineUpdater: Took a snapshot at index 0
2021-12-08 13:31:45,507 [e036e529-a153-4e24-af0e-d2ae8a66431a@group-00D4D5FABF3F-StateMachineUpdater] INFO  impl.StateMachineUpdater (StateMachineUpdater.java:lambda$new$0(89)) - e036e529-a153-4e24-af0e-d2ae8a66431a@group-00D4D5FABF3F-StateMachineUpdater: snapshotIndex: updateIncreasingly -1 -> 0
2021-12-08 13:31:45,543 [a327871d-9199-4191-96af-772712e793af@group-7120419540A8-FollowerState] INFO  impl.FollowerState (FollowerState.java:run(134)) - a327871d-9199-4191-96af-772712e793af@group-7120419540A8-FollowerState: change to CANDIDATE, lastRpcElapsedTime:5056418880ns, electionTimeout:5053ms
2021-12-08 13:31:45,543 [a327871d-9199-4191-96af-772712e793af@group-7120419540A8-FollowerState] INFO  impl.RoleInfo (RoleInfo.java:shutdownFollowerState(108)) - a327871d-9199-4191-96af-772712e793af: shutdown a327871d-9199-4191-96af-772712e793af@group-7120419540A8-FollowerState
2021-12-08 13:31:45,543 [a327871d-9199-4191-96af-772712e793af@group-7120419540A8-FollowerState] INFO  server.RaftServer$Division (RaftServerImpl.java:setRole(290)) - a327871d-9199-4191-96af-772712e793af@group-7120419540A8: changes role from  FOLLOWER to CANDIDATE at term 0 for changeToCandidate
2021-12-08 13:31:45,543 [a327871d-9199-4191-96af-772712e793af@group-7120419540A8-FollowerState] INFO  server.RaftServerConfigKeys (ConfUtils.java:logGet(44)) - raft.server.leaderelection.pre-vote = false (custom)
2021-12-08 13:31:45,543 [a327871d-9199-4191-96af-772712e793af@group-7120419540A8-FollowerState] INFO  impl.RoleInfo (RoleInfo.java:updateAndGet(130)) - a327871d-9199-4191-96af-772712e793af: start a327871d-9199-4191-96af-772712e793af@group-7120419540A8-LeaderElection17
2021-12-08 13:31:45,560 [a327871d-9199-4191-96af-772712e793af@group-7120419540A8-LeaderElection17] INFO  impl.LeaderElection (LeaderElection.java:askForVotes(306)) - a327871d-9199-4191-96af-772712e793af@group-7120419540A8-LeaderElection17 ELECTION round 0: submit vote requests at term 1 for -1: [32c9ac61-cc75-4e2b-b1a7-531a6ab2a530|rpc:10.1.0.52:44349|priority:0, a327871d-9199-4191-96af-772712e793af|rpc:10.1.0.52:35965|priority:0, e036e529-a153-4e24-af0e-d2ae8a66431a|rpc:10.1.0.52:40929|priority:1], old=null
2021-12-08 13:31:45,576 [grpc-default-executor-3] INFO  server.RaftServer$Division (RaftServerImpl.java:requestVote(1046)) - 32c9ac61-cc75-4e2b-b1a7-531a6ab2a530@group-7120419540A8: receive requestVote(ELECTION, a327871d-9199-4191-96af-772712e793af, group-7120419540A8, 1, (t:0, i:0))
2021-12-08 13:31:45,576 [grpc-default-executor-3] INFO  impl.VoteContext (VoteContext.java:log(48)) - 32c9ac61-cc75-4e2b-b1a7-531a6ab2a530@group-7120419540A8-FOLLOWER: accept ELECTION from a327871d-9199-4191-96af-772712e793af: our priority 0 <= candidate's priority 0
2021-12-08 13:31:45,576 [grpc-default-executor-3] INFO  server.RaftServer$Division (RaftServerImpl.java:setRole(290)) - 32c9ac61-cc75-4e2b-b1a7-531a6ab2a530@group-7120419540A8: changes role from  FOLLOWER to FOLLOWER at term 1 for candidate:a327871d-9199-4191-96af-772712e793af
2021-12-08 13:31:45,576 [grpc-default-executor-3] INFO  impl.RoleInfo (RoleInfo.java:shutdownFollowerState(108)) - 32c9ac61-cc75-4e2b-b1a7-531a6ab2a530: shutdown 32c9ac61-cc75-4e2b-b1a7-531a6ab2a530@group-7120419540A8-FollowerState
2021-12-08 13:31:45,576 [grpc-default-executor-3] INFO  impl.RoleInfo (RoleInfo.java:updateAndGet(130)) - 32c9ac61-cc75-4e2b-b1a7-531a6ab2a530: start 32c9ac61-cc75-4e2b-b1a7-531a6ab2a530@group-7120419540A8-FollowerState
2021-12-08 13:31:45,576 [32c9ac61-cc75-4e2b-b1a7-531a6ab2a530@group-7120419540A8-FollowerState] INFO  impl.FollowerState (FollowerState.java:run(143)) - 32c9ac61-cc75-4e2b-b1a7-531a6ab2a530@group-7120419540A8-FollowerState was interrupted: {}
java.lang.InterruptedException: sleep interrupted
	at java.lang.Thread.sleep(Native Method)
	at java.lang.Thread.sleep(Thread.java:340)
	at java.util.concurrent.TimeUnit.sleep(TimeUnit.java:386)
	at org.apache.ratis.util.TimeDuration.sleep(TimeDuration.java:324)
	at org.apache.ratis.util.TimeDuration.sleep(TimeDuration.java:309)
	at org.apache.ratis.server.impl.FollowerState.run(FollowerState.java:118)
2021-12-08 13:31:45,576 [grpc-default-executor-0] INFO  server.RaftServer$Division (RaftServerImpl.java:requestVote(1046)) - e036e529-a153-4e24-af0e-d2ae8a66431a@group-7120419540A8: receive requestVote(ELECTION, a327871d-9199-4191-96af-772712e793af, group-7120419540A8, 1, (t:0, i:0))
2021-12-08 13:31:45,577 [grpc-default-executor-0] INFO  impl.VoteContext (VoteContext.java:log(48)) - e036e529-a153-4e24-af0e-d2ae8a66431a@group-7120419540A8-FOLLOWER: reject ELECTION from a327871d-9199-4191-96af-772712e793af: our priority 1 > candidate's priority 0
2021-12-08 13:31:45,577 [grpc-default-executor-0] INFO  server.RaftServer$Division (RaftServerImpl.java:setRole(290)) - e036e529-a153-4e24-af0e-d2ae8a66431a@group-7120419540A8: changes role from  FOLLOWER to FOLLOWER at term 1 for candidate:a327871d-9199-4191-96af-772712e793af
2021-12-08 13:31:45,577 [grpc-default-executor-0] INFO  impl.RoleInfo (RoleInfo.java:shutdownFollowerState(108)) - e036e529-a153-4e24-af0e-d2ae8a66431a: shutdown e036e529-a153-4e24-af0e-d2ae8a66431a@group-7120419540A8-FollowerState
2021-12-08 13:31:45,577 [grpc-default-executor-0] INFO  impl.RoleInfo (RoleInfo.java:updateAndGet(130)) - e036e529-a153-4e24-af0e-d2ae8a66431a: start e036e529-a153-4e24-af0e-d2ae8a66431a@group-7120419540A8-FollowerState
2021-12-08 13:31:45,578 [e036e529-a153-4e24-af0e-d2ae8a66431a@group-7120419540A8-FollowerState] INFO  impl.FollowerState (FollowerState.java:run(143)) - e036e529-a153-4e24-af0e-d2ae8a66431a@group-7120419540A8-FollowerState was interrupted: {}
java.lang.InterruptedException: sleep interrupted
	at java.lang.Thread.sleep(Native Method)
	at java.lang.Thread.sleep(Thread.java:340)
	at java.util.concurrent.TimeUnit.sleep(TimeUnit.java:386)
	at org.apache.ratis.util.TimeDuration.sleep(TimeDuration.java:324)
	at org.apache.ratis.util.TimeDuration.sleep(TimeDuration.java:309)
	at org.apache.ratis.server.impl.FollowerState.run(FollowerState.java:118)
2021-12-08 13:31:45,578 [grpc-default-executor-3] INFO  server.RaftServer$Division (RaftServerImpl.java:requestVote(1078)) - 32c9ac61-cc75-4e2b-b1a7-531a6ab2a530@group-7120419540A8 replies to ELECTION vote request: a327871d-9199-4191-96af-772712e793af<-32c9ac61-cc75-4e2b-b1a7-531a6ab2a530#0:OK-t1. Peer's state: 32c9ac61-cc75-4e2b-b1a7-531a6ab2a530@group-7120419540A8:t1, leader=null, voted=a327871d-9199-4191-96af-772712e793af, raftlog=32c9ac61-cc75-4e2b-b1a7-531a6ab2a530@group-7120419540A8-SegmentedRaftLog:OPENED:c-1, conf=-1: [32c9ac61-cc75-4e2b-b1a7-531a6ab2a530|rpc:10.1.0.52:44349|dataStream:|priority:0, a327871d-9199-4191-96af-772712e793af|rpc:10.1.0.52:35965|dataStream:|priority:0, e036e529-a153-4e24-af0e-d2ae8a66431a|rpc:10.1.0.52:40929|dataStream:|priority:1], old=null
2021-12-08 13:31:45,582 [grpc-default-executor-0] INFO  server.RaftServer$Division (RaftServerImpl.java:requestVote(1078)) - e036e529-a153-4e24-af0e-d2ae8a66431a@group-7120419540A8 replies to ELECTION vote request: a327871d-9199-4191-96af-772712e793af<-e036e529-a153-4e24-af0e-d2ae8a66431a#0:FAIL-t1. Peer's state: e036e529-a153-4e24-af0e-d2ae8a66431a@group-7120419540A8:t1, leader=null, voted=null, raftlog=e036e529-a153-4e24-af0e-d2ae8a66431a@group-7120419540A8-SegmentedRaftLog:OPENED:c-1, conf=-1: [32c9ac61-cc75-4e2b-b1a7-531a6ab2a530|rpc:10.1.0.52:44349|dataStream:|priority:0, a327871d-9199-4191-96af-772712e793af|rpc:10.1.0.52:35965|dataStream:|priority:0, e036e529-a153-4e24-af0e-d2ae8a66431a|rpc:10.1.0.52:40929|dataStream:|priority:1], old=null
2021-12-08 13:31:45,593 [a327871d-9199-4191-96af-772712e793af@group-7120419540A8-LeaderElection17] INFO  impl.LeaderElection (LeaderElection.java:logAndReturn(89)) - a327871d-9199-4191-96af-772712e793af@group-7120419540A8-LeaderElection17: ELECTION REJECTED received 2 response(s) and 0 exception(s):
2021-12-08 13:31:45,595 [a327871d-9199-4191-96af-772712e793af@group-7120419540A8-LeaderElection17] INFO  impl.LeaderElection (LeaderElection.java:logAndReturn(93)) -   Response 0: a327871d-9199-4191-96af-772712e793af<-32c9ac61-cc75-4e2b-b1a7-531a6ab2a530#0:OK-t1
2021-12-08 13:31:45,595 [a327871d-9199-4191-96af-772712e793af@group-7120419540A8-LeaderElection17] INFO  impl.LeaderElection (LeaderElection.java:logAndReturn(93)) -   Response 1: a327871d-9199-4191-96af-772712e793af<-e036e529-a153-4e24-af0e-d2ae8a66431a#0:FAIL-t1
2021-12-08 13:31:45,595 [a327871d-9199-4191-96af-772712e793af@group-7120419540A8-LeaderElection17] INFO  impl.LeaderElection (LeaderElection.java:askForVotes(308)) - a327871d-9199-4191-96af-772712e793af@group-7120419540A8-LeaderElection17 ELECTION round 0: result REJECTED
2021-12-08 13:31:45,595 [a327871d-9199-4191-96af-772712e793af@group-7120419540A8-LeaderElection17] INFO  server.RaftServer$Division (RaftServerImpl.java:setRole(290)) - a327871d-9199-4191-96af-772712e793af@group-7120419540A8: changes role from CANDIDATE to FOLLOWER at term 1 for REJECTED
2021-12-08 13:31:45,595 [a327871d-9199-4191-96af-772712e793af@group-7120419540A8-LeaderElection17] INFO  impl.RoleInfo (RoleInfo.java:shutdownLeaderElection(121)) - a327871d-9199-4191-96af-772712e793af: shutdown a327871d-9199-4191-96af-772712e793af@group-7120419540A8-LeaderElection17
2021-12-08 13:31:45,595 [a327871d-9199-4191-96af-772712e793af@group-7120419540A8-LeaderElection17] INFO  impl.RoleInfo (RoleInfo.java:updateAndGet(130)) - a327871d-9199-4191-96af-772712e793af: start a327871d-9199-4191-96af-772712e793af@group-7120419540A8-FollowerState
2021-12-08 13:31:45,610 [425f6569-dffe-4347-8a0f-4e8ceefdc693@group-B8539BDB2729-StateMachineUpdater] INFO  ratis.ContainerStateMachine (ContainerStateMachine.java:takeSnapshot(299)) - group-B8539BDB2729: Taking a snapshot at:(t:1, i:2) file /home/runner/work/ozone/ozone/hadoop-ozone/integration-test/target/test-dir/MiniOzoneClusterImpl-c8c699bf-5dad-4457-9252-d1686169726e/datanode-0/data/ratis/40a167d7-f6ca-4657-bf82-b8539bdb2729/sm/snapshot.1_2
2021-12-08 13:31:45,620 [425f6569-dffe-4347-8a0f-4e8ceefdc693@group-B8539BDB2729-StateMachineUpdater] INFO  ratis.ContainerStateMachine (ContainerStateMachine.java:takeSnapshot(310)) - group-B8539BDB2729: Finished taking a snapshot at:(t:1, i:2) file:/home/runner/work/ozone/ozone/hadoop-ozone/integration-test/target/test-dir/MiniOzoneClusterImpl-c8c699bf-5dad-4457-9252-d1686169726e/datanode-0/data/ratis/40a167d7-f6ca-4657-bf82-b8539bdb2729/sm/snapshot.1_2 took: 10 ms
2021-12-08 13:31:45,620 [425f6569-dffe-4347-8a0f-4e8ceefdc693@group-B8539BDB2729-StateMachineUpdater] INFO  impl.StateMachineUpdater (StateMachineUpdater.java:takeSnapshot(281)) - 425f6569-dffe-4347-8a0f-4e8ceefdc693@group-B8539BDB2729-StateMachineUpdater: Took a snapshot at index 2
2021-12-08 13:31:45,620 [425f6569-dffe-4347-8a0f-4e8ceefdc693@group-B8539BDB2729-StateMachineUpdater] INFO  impl.StateMachineUpdater (StateMachineUpdater.java:lambda$new$0(89)) - 425f6569-dffe-4347-8a0f-4e8ceefdc693@group-B8539BDB2729-StateMachineUpdater: snapshotIndex: updateIncreasingly 0 -> 2
2021-12-08 13:31:45,621 [425f6569-dffe-4347-8a0f-4e8ceefdc693@group-B8539BDB2729-StateMachineUpdater] INFO  ratis.ContainerStateMachine (ContainerStateMachine.java:takeSnapshot(299)) - group-B8539BDB2729: Taking a snapshot at:(t:1, i:3) file /home/runner/work/ozone/ozone/hadoop-ozone/integration-test/target/test-dir/MiniOzoneClusterImpl-c8c699bf-5dad-4457-9252-d1686169726e/datanode-0/data/ratis/40a167d7-f6ca-4657-bf82-b8539bdb2729/sm/snapshot.1_3
2021-12-08 13:31:45,631 [425f6569-dffe-4347-8a0f-4e8ceefdc693@group-B8539BDB2729-StateMachineUpdater] INFO  ratis.ContainerStateMachine (ContainerStateMachine.java:takeSnapshot(310)) - group-B8539BDB2729: Finished taking a snapshot at:(t:1, i:3) file:/home/runner/work/ozone/ozone/hadoop-ozone/integration-test/target/test-dir/MiniOzoneClusterImpl-c8c699bf-5dad-4457-9252-d1686169726e/datanode-0/data/ratis/40a167d7-f6ca-4657-bf82-b8539bdb2729/sm/snapshot.1_3 took: 11 ms
2021-12-08 13:31:45,633 [425f6569-dffe-4347-8a0f-4e8ceefdc693@group-B8539BDB2729-StateMachineUpdater] INFO  impl.StateMachineUpdater (StateMachineUpdater.java:takeSnapshot(281)) - 425f6569-dffe-4347-8a0f-4e8ceefdc693@group-B8539BDB2729-StateMachineUpdater: Took a snapshot at index 3
2021-12-08 13:31:45,633 [425f6569-dffe-4347-8a0f-4e8ceefdc693@group-B8539BDB2729-StateMachineUpdater] INFO  impl.StateMachineUpdater (StateMachineUpdater.java:lambda$new$0(89)) - 425f6569-dffe-4347-8a0f-4e8ceefdc693@group-B8539BDB2729-StateMachineUpdater: snapshotIndex: updateIncreasingly 2 -> 3
2021-12-08 13:31:45,645 [425f6569-dffe-4347-8a0f-4e8ceefdc693@group-B8539BDB2729-StateMachineUpdater] INFO  ratis.ContainerStateMachine (ContainerStateMachine.java:takeSnapshot(299)) - group-B8539BDB2729: Taking a snapshot at:(t:1, i:7) file /home/runner/work/ozone/ozone/hadoop-ozone/integration-test/target/test-dir/MiniOzoneClusterImpl-c8c699bf-5dad-4457-9252-d1686169726e/datanode-0/data/ratis/40a167d7-f6ca-4657-bf82-b8539bdb2729/sm/snapshot.1_7
2021-12-08 13:31:45,646 [425f6569-dffe-4347-8a0f-4e8ceefdc693@group-B8539BDB2729-StateMachineUpdater] INFO  ratis.ContainerStateMachine (ContainerStateMachine.java:takeSnapshot(310)) - group-B8539BDB2729: Finished taking a snapshot at:(t:1, i:7) file:/home/runner/work/ozone/ozone/hadoop-ozone/integration-test/target/test-dir/MiniOzoneClusterImpl-c8c699bf-5dad-4457-9252-d1686169726e/datanode-0/data/ratis/40a167d7-f6ca-4657-bf82-b8539bdb2729/sm/snapshot.1_7 took: 1 ms
2021-12-08 13:31:45,646 [425f6569-dffe-4347-8a0f-4e8ceefdc693@group-B8539BDB2729-StateMachineUpdater] INFO  impl.StateMachineUpdater (StateMachineUpdater.java:takeSnapshot(281)) - 425f6569-dffe-4347-8a0f-4e8ceefdc693@group-B8539BDB2729-StateMachineUpdater: Took a snapshot at index 7
2021-12-08 13:31:45,646 [425f6569-dffe-4347-8a0f-4e8ceefdc693@group-B8539BDB2729-StateMachineUpdater] INFO  impl.StateMachineUpdater (StateMachineUpdater.java:lambda$new$0(89)) - 425f6569-dffe-4347-8a0f-4e8ceefdc693@group-B8539BDB2729-StateMachineUpdater: snapshotIndex: updateIncreasingly 3 -> 7
2021-12-08 13:31:45,661 [Listener at 127.0.0.1/44261] INFO  ratis.ContainerStateMachine (ContainerStateMachine.java:takeSnapshot(299)) - group-B8539BDB2729: Taking a snapshot at:(t:1, i:7) file /home/runner/work/ozone/ozone/hadoop-ozone/integration-test/target/test-dir/MiniOzoneClusterImpl-c8c699bf-5dad-4457-9252-d1686169726e/datanode-0/data/ratis/40a167d7-f6ca-4657-bf82-b8539bdb2729/sm/snapshot.1_7
2021-12-08 13:31:45,662 [Listener at 127.0.0.1/44261] INFO  ratis.ContainerStateMachine (ContainerStateMachine.java:takeSnapshot(310)) - group-B8539BDB2729: Finished taking a snapshot at:(t:1, i:7) file:/home/runner/work/ozone/ozone/hadoop-ozone/integration-test/target/test-dir/MiniOzoneClusterImpl-c8c699bf-5dad-4457-9252-d1686169726e/datanode-0/data/ratis/40a167d7-f6ca-4657-bf82-b8539bdb2729/sm/snapshot.1_7 took: 1 ms
2021-12-08 13:31:45,662 [Listener at 127.0.0.1/44261] INFO  ozone.MiniOzoneClusterImpl (MiniOzoneClusterImpl.java:getStorageContainerLocationClient(346)) - Creating StorageContainerLocationProtocol RPC client with address /0.0.0.0:44573
2021-12-08 13:31:45,732 [32c9ac61-cc75-4e2b-b1a7-531a6ab2a530@group-75E169CA73F6-FollowerState] INFO  impl.FollowerState (FollowerState.java:run(134)) - 32c9ac61-cc75-4e2b-b1a7-531a6ab2a530@group-75E169CA73F6-FollowerState: change to CANDIDATE, lastRpcElapsedTime:5142455147ns, electionTimeout:5139ms
2021-12-08 13:31:45,732 [32c9ac61-cc75-4e2b-b1a7-531a6ab2a530@group-75E169CA73F6-FollowerState] INFO  impl.RoleInfo (RoleInfo.java:shutdownFollowerState(108)) - 32c9ac61-cc75-4e2b-b1a7-531a6ab2a530: shutdown 32c9ac61-cc75-4e2b-b1a7-531a6ab2a530@group-75E169CA73F6-FollowerState
2021-12-08 13:31:45,733 [32c9ac61-cc75-4e2b-b1a7-531a6ab2a530@group-75E169CA73F6-FollowerState] INFO  server.RaftServer$Division (RaftServerImpl.java:setRole(290)) - 32c9ac61-cc75-4e2b-b1a7-531a6ab2a530@group-75E169CA73F6: changes role from  FOLLOWER to CANDIDATE at term 0 for changeToCandidate
2021-12-08 13:31:45,734 [32c9ac61-cc75-4e2b-b1a7-531a6ab2a530@group-75E169CA73F6-FollowerState] INFO  server.RaftServerConfigKeys (ConfUtils.java:logGet(44)) - raft.server.leaderelection.pre-vote = false (custom)
2021-12-08 13:31:45,734 [32c9ac61-cc75-4e2b-b1a7-531a6ab2a530@group-75E169CA73F6-FollowerState] INFO  impl.RoleInfo (RoleInfo.java:updateAndGet(130)) - 32c9ac61-cc75-4e2b-b1a7-531a6ab2a530: start 32c9ac61-cc75-4e2b-b1a7-531a6ab2a530@group-75E169CA73F6-LeaderElection18
2021-12-08 13:31:45,754 [32c9ac61-cc75-4e2b-b1a7-531a6ab2a530@group-75E169CA73F6-LeaderElection18] INFO  impl.LeaderElection (LeaderElection.java:askForVotes(306)) - 32c9ac61-cc75-4e2b-b1a7-531a6ab2a530@group-75E169CA73F6-LeaderElection18 ELECTION round 0: submit vote requests at term 1 for -1: [32c9ac61-cc75-4e2b-b1a7-531a6ab2a530|rpc:10.1.0.52:44349|priority:1], old=null
2021-12-08 13:31:45,754 [32c9ac61-cc75-4e2b-b1a7-531a6ab2a530@group-75E169CA73F6-LeaderElection18] INFO  impl.LeaderElection (LeaderElection.java:askForVotes(308)) - 32c9ac61-cc75-4e2b-b1a7-531a6ab2a530@group-75E169CA73F6-LeaderElection18 ELECTION round 0: result PASSED (term=1)
2021-12-08 13:31:45,754 [32c9ac61-cc75-4e2b-b1a7-531a6ab2a530@group-75E169CA73F6-LeaderElection18] INFO  impl.RoleInfo (RoleInfo.java:shutdownLeaderElection(121)) - 32c9ac61-cc75-4e2b-b1a7-531a6ab2a530: shutdown 32c9ac61-cc75-4e2b-b1a7-531a6ab2a530@group-75E169CA73F6-LeaderElection18
2021-12-08 13:31:45,754 [32c9ac61-cc75-4e2b-b1a7-531a6ab2a530@group-75E169CA73F6-LeaderElection18] INFO  server.RaftServer$Division (RaftServerImpl.java:setRole(290)) - 32c9ac61-cc75-4e2b-b1a7-531a6ab2a530@group-75E169CA73F6: changes role from CANDIDATE to LEADER at term 1 for changeToLeader
2021-12-08 13:31:45,754 [32c9ac61-cc75-4e2b-b1a7-531a6ab2a530@group-75E169CA73F6-LeaderElection18] INFO  ratis.XceiverServerRatis (XceiverServerRatis.java:handleLeaderChangedNotification(866)) - Leader change notification received for group: group-75E169CA73F6 with new leaderId: 32c9ac61-cc75-4e2b-b1a7-531a6ab2a530
2021-12-08 13:31:45,754 [32c9ac61-cc75-4e2b-b1a7-531a6ab2a530@group-75E169CA73F6-LeaderElection18] INFO  server.RaftServer$Division (ServerState.java:setLeader(285)) - 32c9ac61-cc75-4e2b-b1a7-531a6ab2a530@group-75E169CA73F6: change Leader from null to 32c9ac61-cc75-4e2b-b1a7-531a6ab2a530 at term 1 for becomeLeader, leader elected after 5173ms
2021-12-08 13:31:45,754 [32c9ac61-cc75-4e2b-b1a7-531a6ab2a530@group-75E169CA73F6-LeaderElection18] INFO  server.RaftServerConfigKeys (ConfUtils.java:logGet(44)) - raft.server.staging.catchup.gap = 1000 (default)
2021-12-08 13:31:45,755 [32c9ac61-cc75-4e2b-b1a7-531a6ab2a530@group-75E169CA73F6-LeaderElection18] INFO  server.RaftServerConfigKeys (ConfUtils.java:logGet(44)) - raft.server.write.element-limit = 1024 (custom)
2021-12-08 13:31:45,755 [32c9ac61-cc75-4e2b-b1a7-531a6ab2a530@group-75E169CA73F6-LeaderElection18] INFO  server.RaftServerConfigKeys (ConfUtils.java:logGet(44)) - raft.server.write.byte-limit = 1024 M (=1073741824) (custom)
2021-12-08 13:31:45,755 [32c9ac61-cc75-4e2b-b1a7-531a6ab2a530@group-75E169CA73F6-LeaderElection18] INFO  server.RaftServerConfigKeys (ConfUtils.java:logGet(44)) - raft.server.watch.timeout = 10000ms (default)
2021-12-08 13:31:45,755 [32c9ac61-cc75-4e2b-b1a7-531a6ab2a530@group-75E169CA73F6-LeaderElection18] INFO  server.RaftServerConfigKeys (ConfUtils.java:logGet(44)) - raft.server.watch.timeout.denomination = 1s (default)
2021-12-08 13:31:45,755 [32c9ac61-cc75-4e2b-b1a7-531a6ab2a530@group-75E169CA73F6-LeaderElection18] INFO  server.RaftServerConfigKeys (ConfUtils.java:logGet(44)) - raft.server.watch.element-limit = 65536 (default)
2021-12-08 13:31:45,755 [32c9ac61-cc75-4e2b-b1a7-531a6ab2a530@group-75E169CA73F6-LeaderElection18] INFO  server.RaftServerConfigKeys (ConfUtils.java:logGet(44)) - raft.server.write.element-limit = 1024 (custom)
2021-12-08 13:31:45,755 [32c9ac61-cc75-4e2b-b1a7-531a6ab2a530@group-75E169CA73F6-LeaderElection18] INFO  server.RaftServerConfigKeys (ConfUtils.java:logGet(44)) - raft.server.write.follower.gap.ratio.max = -1.0 (default)
2021-12-08 13:31:45,755 [32c9ac61-cc75-4e2b-b1a7-531a6ab2a530@group-75E169CA73F6-LeaderElection18] INFO  impl.RoleInfo (RoleInfo.java:updateAndGet(130)) - 32c9ac61-cc75-4e2b-b1a7-531a6ab2a530: start 32c9ac61-cc75-4e2b-b1a7-531a6ab2a530@group-75E169CA73F6-LeaderStateImpl
2021-12-08 13:31:45,756 [32c9ac61-cc75-4e2b-b1a7-531a6ab2a530@group-75E169CA73F6-LeaderElection18] INFO  segmented.SegmentedRaftLogWorker (SegmentedRaftLogWorker.java:startLogSegment(394)) - 32c9ac61-cc75-4e2b-b1a7-531a6ab2a530@group-75E169CA73F6-SegmentedRaftLogWorker: Starting segment from index:0
2021-12-08 13:31:45,757 [32c9ac61-cc75-4e2b-b1a7-531a6ab2a530@group-75E169CA73F6-SegmentedRaftLogWorker] INFO  segmented.SegmentedRaftLogWorker (SegmentedRaftLogWorker.java:execute(601)) - 32c9ac61-cc75-4e2b-b1a7-531a6ab2a530@group-75E169CA73F6-SegmentedRaftLogWorker: created new log segment /home/runner/work/ozone/ozone/hadoop-ozone/integration-test/target/test-dir/MiniOzoneClusterImpl-c8c699bf-5dad-4457-9252-d1686169726e/datanode-7/data/ratis/567c1e31-b876-4c0a-b0f3-75e169ca73f6/current/log_inprogress_0
2021-12-08 13:31:45,766 [32c9ac61-cc75-4e2b-b1a7-531a6ab2a530@group-75E169CA73F6-LeaderElection18] INFO  server.RaftServer$Division (ServerState.java:setRaftConf(387)) - 32c9ac61-cc75-4e2b-b1a7-531a6ab2a530@group-75E169CA73F6: set configuration 0: [32c9ac61-cc75-4e2b-b1a7-531a6ab2a530|rpc:10.1.0.52:44349|dataStream:|priority:1], old=null
2021-12-08 13:31:45,767 [32c9ac61-cc75-4e2b-b1a7-531a6ab2a530@group-75E169CA73F6-StateMachineUpdater] INFO  ratis.ContainerStateMachine (ContainerStateMachine.java:takeSnapshot(299)) - group-75E169CA73F6: Taking a snapshot at:(t:1, i:0) file /home/runner/work/ozone/ozone/hadoop-ozone/integration-test/target/test-dir/MiniOzoneClusterImpl-c8c699bf-5dad-4457-9252-d1686169726e/datanode-7/data/ratis/567c1e31-b876-4c0a-b0f3-75e169ca73f6/sm/snapshot.1_0
2021-12-08 13:31:45,768 [32c9ac61-cc75-4e2b-b1a7-531a6ab2a530@group-75E169CA73F6-StateMachineUpdater] INFO  ratis.ContainerStateMachine (ContainerStateMachine.java:takeSnapshot(310)) - group-75E169CA73F6: Finished taking a snapshot at:(t:1, i:0) file:/home/runner/work/ozone/ozone/hadoop-ozone/integration-test/target/test-dir/MiniOzoneClusterImpl-c8c699bf-5dad-4457-9252-d1686169726e/datanode-7/data/ratis/567c1e31-b876-4c0a-b0f3-75e169ca73f6/sm/snapshot.1_0 took: 0 ms
2021-12-08 13:31:45,768 [32c9ac61-cc75-4e2b-b1a7-531a6ab2a530@group-75E169CA73F6-StateMachineUpdater] INFO  impl.StateMachineUpdater (StateMachineUpdater.java:takeSnapshot(281)) - 32c9ac61-cc75-4e2b-b1a7-531a6ab2a530@group-75E169CA73F6-StateMachineUpdater: Took a snapshot at index 0
2021-12-08 13:31:45,768 [32c9ac61-cc75-4e2b-b1a7-531a6ab2a530@group-75E169CA73F6-StateMachineUpdater] INFO  impl.StateMachineUpdater (StateMachineUpdater.java:lambda$new$0(89)) - 32c9ac61-cc75-4e2b-b1a7-531a6ab2a530@group-75E169CA73F6-StateMachineUpdater: snapshotIndex: updateIncreasingly -1 -> 0
2021-12-08 13:31:45,869 [EventQueue-IncrementalContainerReportForIncrementalContainerReportHandler] WARN  container.IncrementalContainerReportHandler (AbstractContainerReportHandler.java:updateContainerState(190)) - Container #1 is in OPEN state, but the datanode 425f6569-dffe-4347-8a0f-4e8ceefdc693{ip: 10.1.0.52, host: fv-az148-92.bm4ck3pvxvsene1rjriu5fhcdb.bx.internal.cloudapp.net, ports: [REPLICATION=44443, RATIS=38009, RATIS_ADMIN=38009, RATIS_SERVER=38009, STANDALONE=43289], networkLocation: /default-rack, certSerialId: null, persistedOpState: IN_SERVICE, persistedOpStateExpiryEpochSec: 0} reports an CLOSING replica.
2021-12-08 13:31:45,869 [pool-254-thread-5] INFO  keyvalue.KeyValueContainer (KeyValueContainer.java:flushAndSyncDB(401)) - Container 1 is synced with bcsId 5.
2021-12-08 13:31:45,870 [pool-254-thread-5] INFO  keyvalue.KeyValueContainer (KeyValueContainer.java:flushAndSyncDB(401)) - Container 1 is synced with bcsId 5.
2021-12-08 13:31:45,873 [pool-254-thread-5] INFO  keyvalue.KeyValueContainer (KeyValueContainer.java:close(338)) - Container 1 is closed with bcsId 5.
2021-12-08 13:31:45,875 [EventQueue-IncrementalContainerReportForIncrementalContainerReportHandler] WARN  container.IncrementalContainerReportHandler (AbstractContainerReportHandler.java:updateContainerState(190)) - Container #1 is in OPEN state, but the datanode 425f6569-dffe-4347-8a0f-4e8ceefdc693{ip: 10.1.0.52, host: fv-az148-92.bm4ck3pvxvsene1rjriu5fhcdb.bx.internal.cloudapp.net, ports: [REPLICATION=44443, RATIS=38009, RATIS_ADMIN=38009, RATIS_SERVER=38009, STANDALONE=43289], networkLocation: /default-rack, certSerialId: null, persistedOpState: IN_SERVICE, persistedOpStateExpiryEpochSec: 0} reports an CLOSED replica.
2021-12-08 13:31:45,878 [425f6569-dffe-4347-8a0f-4e8ceefdc693@group-B8539BDB2729-StateMachineUpdater] INFO  ratis.ContainerStateMachine (ContainerStateMachine.java:takeSnapshot(299)) - group-B8539BDB2729: Taking a snapshot at:(t:1, i:7) file /home/runner/work/ozone/ozone/hadoop-ozone/integration-test/target/test-dir/MiniOzoneClusterImpl-c8c699bf-5dad-4457-9252-d1686169726e/datanode-0/data/ratis/40a167d7-f6ca-4657-bf82-b8539bdb2729/sm/snapshot.1_7
2021-12-08 13:31:45,879 [425f6569-dffe-4347-8a0f-4e8ceefdc693@group-B8539BDB2729-StateMachineUpdater] INFO  ratis.ContainerStateMachine (ContainerStateMachine.java:takeSnapshot(310)) - group-B8539BDB2729: Finished taking a snapshot at:(t:1, i:7) file:/home/runner/work/ozone/ozone/hadoop-ozone/integration-test/target/test-dir/MiniOzoneClusterImpl-c8c699bf-5dad-4457-9252-d1686169726e/datanode-0/data/ratis/40a167d7-f6ca-4657-bf82-b8539bdb2729/sm/snapshot.1_7 took: 1 ms
2021-12-08 13:31:45,879 [425f6569-dffe-4347-8a0f-4e8ceefdc693@group-B8539BDB2729-StateMachineUpdater] INFO  impl.StateMachineUpdater (StateMachineUpdater.java:takeSnapshot(281)) - 425f6569-dffe-4347-8a0f-4e8ceefdc693@group-B8539BDB2729-StateMachineUpdater: Took a snapshot at index 7
2021-12-08 13:31:45,879 [425f6569-dffe-4347-8a0f-4e8ceefdc693@group-B8539BDB2729-StateMachineUpdater] INFO  impl.StateMachineUpdater (StateMachineUpdater.java:lambda$new$0(89)) - 425f6569-dffe-4347-8a0f-4e8ceefdc693@group-B8539BDB2729-StateMachineUpdater: snapshotIndex: updateIncreasingly 7 -> 7
2021-12-08 13:31:45,879 [425f6569-dffe-4347-8a0f-4e8ceefdc693@group-B8539BDB2729-StateMachineUpdater] INFO  ratis.ContainerStateMachine (ContainerStateMachine.java:takeSnapshot(299)) - group-B8539BDB2729: Taking a snapshot at:(t:1, i:7) file /home/runner/work/ozone/ozone/hadoop-ozone/integration-test/target/test-dir/MiniOzoneClusterImpl-c8c699bf-5dad-4457-9252-d1686169726e/datanode-0/data/ratis/40a167d7-f6ca-4657-bf82-b8539bdb2729/sm/snapshot.1_7
2021-12-08 13:31:45,881 [425f6569-dffe-4347-8a0f-4e8ceefdc693@group-B8539BDB2729-StateMachineUpdater] INFO  ratis.ContainerStateMachine (ContainerStateMachine.java:takeSnapshot(310)) - group-B8539BDB2729: Finished taking a snapshot at:(t:1, i:7) file:/home/runner/work/ozone/ozone/hadoop-ozone/integration-test/target/test-dir/MiniOzoneClusterImpl-c8c699bf-5dad-4457-9252-d1686169726e/datanode-0/data/ratis/40a167d7-f6ca-4657-bf82-b8539bdb2729/sm/snapshot.1_7 took: 1 ms
2021-12-08 13:31:45,881 [425f6569-dffe-4347-8a0f-4e8ceefdc693@group-B8539BDB2729-StateMachineUpdater] INFO  impl.StateMachineUpdater (StateMachineUpdater.java:takeSnapshot(281)) - 425f6569-dffe-4347-8a0f-4e8ceefdc693@group-B8539BDB2729-StateMachineUpdater: Took a snapshot at index 7
2021-12-08 13:31:45,881 [425f6569-dffe-4347-8a0f-4e8ceefdc693@group-B8539BDB2729-StateMachineUpdater] INFO  impl.StateMachineUpdater (StateMachineUpdater.java:lambda$new$0(89)) - 425f6569-dffe-4347-8a0f-4e8ceefdc693@group-B8539BDB2729-StateMachineUpdater: snapshotIndex: updateIncreasingly 7 -> 7
2021-12-08 13:31:45,881 [Listener at 127.0.0.1/44261] INFO  ratis.ContainerStateMachine (ContainerStateMachine.java:takeSnapshot(299)) - group-B8539BDB2729: Taking a snapshot at:(t:1, i:7) file /home/runner/work/ozone/ozone/hadoop-ozone/integration-test/target/test-dir/MiniOzoneClusterImpl-c8c699bf-5dad-4457-9252-d1686169726e/datanode-0/data/ratis/40a167d7-f6ca-4657-bf82-b8539bdb2729/sm/snapshot.1_7
2021-12-08 13:31:45,885 [Listener at 127.0.0.1/44261] INFO  ratis.ContainerStateMachine (ContainerStateMachine.java:takeSnapshot(310)) - group-B8539BDB2729: Finished taking a snapshot at:(t:1, i:7) file:/home/runner/work/ozone/ozone/hadoop-ozone/integration-test/target/test-dir/MiniOzoneClusterImpl-c8c699bf-5dad-4457-9252-d1686169726e/datanode-0/data/ratis/40a167d7-f6ca-4657-bf82-b8539bdb2729/sm/snapshot.1_7 took: 3 ms
]]></system-out>
  </testcase>
  <testcase name="testWriteStateMachineDataIdempotencyWithClosedContainer" classname="org.apache.hadoop.ozone.client.rpc.TestContainerStateMachineFailures" time="0.705"/>
  <testcase name="testContainerStateMachineFailures" classname="org.apache.hadoop.ozone.client.rpc.TestContainerStateMachineFailures" time="19.695"/>
  <testcase name="testUnhealthyContainer" classname="org.apache.hadoop.ozone.client.rpc.TestContainerStateMachineFailures" time="24.135"/>
  <testcase name="testApplyTransactionFailure" classname="org.apache.hadoop.ozone.client.rpc.TestContainerStateMachineFailures" time="0.93"/>
</testsuite>