<?xml version="1.0" encoding="UTF-8"?>
<testsuite xmlns:xsi="http://www.w3.org/2001/XMLSchema-instance" xsi:noNamespaceSchemaLocation="https://maven.apache.org/surefire/maven-surefire-plugin/xsd/surefire-test-report.xsd" name="org.apache.hadoop.ozone.scm.node.TestDecommissionAndMaintenance" time="454.968" tests="11" errors="0" skipped="0" failures="1">
  <properties>
    <property name="awt.toolkit" value="sun.awt.X11.XToolkit"/>
    <property name="file.encoding.pkg" value="sun.io"/>
    <property name="java.specification.version" value="1.8"/>
    <property name="sun.cpu.isalist" value=""/>
    <property name="sun.jnu.encoding" value="ANSI_X3.4-1968"/>
    <property name="java.class.path" value="/github/workspace/mnt/ozone/hadoop-ozone/integration-test/target/test-classes:/github/workspace/mnt/ozone/hadoop-ozone/integration-test/target/classes:/home/user/.m2/repository/org/apache/hadoop/hadoop-ozone-common/1.1.0-SNAPSHOT/hadoop-ozone-common-1.1.0-SNAPSHOT.jar:/home/user/.m2/repository/org/apache/commons/commons-compress/1.4.1/commons-compress-1.4.1.jar:/home/user/.m2/repository/org/tukaani/xz/1.0/xz-1.0.jar:/home/user/.m2/repository/org/apache/hadoop/hadoop-hdds-common/1.1.0-SNAPSHOT/hadoop-hdds-common-1.1.0-SNAPSHOT.jar:/home/user/.m2/repository/org/apache/hadoop/hadoop-hdds-client/1.1.0-SNAPSHOT/hadoop-hdds-client-1.1.0-SNAPSHOT.jar:/home/user/.m2/repository/org/apache/hadoop/hadoop-ozone-interface-client/1.1.0-SNAPSHOT/hadoop-ozone-interface-client-1.1.0-SNAPSHOT.jar:/home/user/.m2/repository/org/apache/hadoop/hadoop-hdds-test-utils/1.1.0-SNAPSHOT/hadoop-hdds-test-utils-1.1.0-SNAPSHOT.jar:/home/user/.m2/repository/com/google/guava/guava/28.2-jre/guava-28.2-jre.jar:/home/user/.m2/repository/com/google/guava/failureaccess/1.0.1/failureaccess-1.0.1.jar:/home/user/.m2/repository/com/google/guava/listenablefuture/9999.0-empty-to-avoid-conflict-with-guava/listenablefuture-9999.0-empty-to-avoid-conflict-with-guava.jar:/home/user/.m2/repository/com/google/code/findbugs/jsr305/3.0.0/jsr305-3.0.0.jar:/home/user/.m2/repository/org/checkerframework/checker-qual/2.10.0/checker-qual-2.10.0.jar:/home/user/.m2/repository/com/google/errorprone/error_prone_annotations/2.2.0/error_prone_annotations-2.2.0.jar:/home/user/.m2/repository/com/google/j2objc/j2objc-annotations/1.3/j2objc-annotations-1.3.jar:/home/user/.m2/repository/commons-io/commons-io/2.5/commons-io-2.5.jar:/home/user/.m2/repository/commons-logging/commons-logging/1.2/commons-logging-1.2.jar:/home/user/.m2/repository/log4j/log4j/1.2.17/log4j-1.2.17.jar:/home/user/.m2/repository/org/slf4j/slf4j-api/1.7.30/slf4j-api-1.7.30.jar:/home/user/.m2/repository/org/apache/hadoop/hadoop-hdds-server-scm/1.1.0-SNAPSHOT/hadoop-hdds-server-scm-1.1.0-SNAPSHOT.jar:/home/user/.m2/repository/org/apache/hadoop/hadoop-hdds-container-service/1.1.0-SNAPSHOT/hadoop-hdds-container-service-1.1.0-SNAPSHOT.jar:/home/user/.m2/repository/org/apache/hadoop/hadoop-hdds-hadoop-dependency-server/1.1.0-SNAPSHOT/hadoop-hdds-hadoop-dependency-server-1.1.0-SNAPSHOT.jar:/home/user/.m2/repository/org/apache/hadoop/hadoop-hdfs/3.2.1/hadoop-hdfs-3.2.1.jar:/home/user/.m2/repository/org/apache/hadoop/hadoop-hdds-server-framework/1.1.0-SNAPSHOT/hadoop-hdds-server-framework-1.1.0-SNAPSHOT.jar:/home/user/.m2/repository/org/apache/hadoop/hadoop-hdds-interface-server/1.1.0-SNAPSHOT/hadoop-hdds-interface-server-1.1.0-SNAPSHOT.jar:/home/user/.m2/repository/org/apache/hadoop/hadoop-hdds-interface-admin/1.1.0-SNAPSHOT/hadoop-hdds-interface-admin-1.1.0-SNAPSHOT.jar:/home/user/.m2/repository/org/eclipse/jetty/jetty-servlet/9.4.34.v20201102/jetty-servlet-9.4.34.v20201102.jar:/home/user/.m2/repository/org/eclipse/jetty/jetty-security/9.4.34.v20201102/jetty-security-9.4.34.v20201102.jar:/home/user/.m2/repository/org/rocksdb/rocksdbjni/6.8.1/rocksdbjni-6.8.1.jar:/home/user/.m2/repository/io/prometheus/simpleclient_dropwizard/0.7.0/simpleclient_dropwizard-0.7.0.jar:/home/user/.m2/repository/io/prometheus/simpleclient/0.7.0/simpleclient-0.7.0.jar:/home/user/.m2/repository/io/prometheus/simpleclient_common/0.7.0/simpleclient_common-0.7.0.jar:/home/user/.m2/repository/com/fasterxml/jackson/datatype/jackson-datatype-jsr310/2.10.3/jackson-datatype-jsr310-2.10.3.jar:/home/user/.m2/repository/io/dropwizard/metrics/metrics-core/3.2.4/metrics-core-3.2.4.jar:/home/user/.m2/repository/org/apache/hadoop/hadoop-hdfs-client/3.2.1/hadoop-hdfs-client-3.2.1.jar:/home/user/.m2/repository/org/bouncycastle/bcprov-jdk15on/1.67/bcprov-jdk15on-1.67.jar:/home/user/.m2/repository/org/apache/hadoop/hadoop-ozone-ozone-manager/1.1.0-SNAPSHOT/hadoop-ozone-ozone-manager-1.1.0-SNAPSHOT.jar:/home/user/.m2/repository/org/apache/hadoop/hadoop-hdds-interface-client/1.1.0-SNAPSHOT/hadoop-hdds-interface-client-1.1.0-SNAPSHOT.jar:/home/user/.m2/repository/org/apache/ratis/ratis-thirdparty-misc/0.6.0-SNAPSHOT/ratis-thirdparty-misc-0.6.0-SNAPSHOT.jar:/home/user/.m2/repository/org/apache/hadoop/hadoop-ozone-interface-storage/1.1.0-SNAPSHOT/hadoop-ozone-interface-storage-1.1.0-SNAPSHOT.jar:/home/user/.m2/repository/org/apache/hadoop/hadoop-minikdc/3.2.1/hadoop-minikdc-3.2.1.jar:/home/user/.m2/repository/org/apache/kerby/kerb-simplekdc/1.0.1/kerb-simplekdc-1.0.1.jar:/home/user/.m2/repository/org/apache/kerby/kerb-client/1.0.1/kerb-client-1.0.1.jar:/home/user/.m2/repository/org/apache/kerby/kerby-config/1.0.1/kerby-config-1.0.1.jar:/home/user/.m2/repository/org/apache/kerby/kerb-core/1.0.1/kerb-core-1.0.1.jar:/home/user/.m2/repository/org/apache/kerby/kerby-pkix/1.0.1/kerby-pkix-1.0.1.jar:/home/user/.m2/repository/org/apache/kerby/kerby-asn1/1.0.1/kerby-asn1-1.0.1.jar:/home/user/.m2/repository/org/apache/kerby/kerby-util/1.0.1/kerby-util-1.0.1.jar:/home/user/.m2/repository/org/apache/kerby/kerb-common/1.0.1/kerb-common-1.0.1.jar:/home/user/.m2/repository/org/apache/kerby/kerb-crypto/1.0.1/kerb-crypto-1.0.1.jar:/home/user/.m2/repository/org/apache/kerby/kerb-util/1.0.1/kerb-util-1.0.1.jar:/home/user/.m2/repository/org/apache/kerby/token-provider/1.0.1/token-provider-1.0.1.jar:/home/user/.m2/repository/org/apache/kerby/kerb-admin/1.0.1/kerb-admin-1.0.1.jar:/home/user/.m2/repository/org/apache/kerby/kerb-server/1.0.1/kerb-server-1.0.1.jar:/home/user/.m2/repository/org/apache/kerby/kerb-identity/1.0.1/kerb-identity-1.0.1.jar:/home/user/.m2/repository/org/apache/kerby/kerby-xdr/1.0.1/kerby-xdr-1.0.1.jar:/home/user/.m2/repository/org/slf4j/slf4j-log4j12/1.7.30/slf4j-log4j12-1.7.30.jar:/home/user/.m2/repository/org/apache/hadoop/hadoop-ozone-s3gateway/1.1.0-SNAPSHOT/hadoop-ozone-s3gateway-1.1.0-SNAPSHOT.jar:/home/user/.m2/repository/org/jboss/weld/servlet/weld-servlet/2.4.7.Final/weld-servlet-2.4.7.Final.jar:/home/user/.m2/repository/org/glassfish/jersey/containers/jersey-container-servlet-core/2.27/jersey-container-servlet-core-2.27.jar:/home/user/.m2/repository/org/glassfish/hk2/external/javax.inject/2.5.0-b42/javax.inject-2.5.0-b42.jar:/home/user/.m2/repository/org/glassfish/jersey/core/jersey-common/2.27/jersey-common-2.27.jar:/home/user/.m2/repository/org/glassfish/hk2/osgi-resource-locator/1.0.1/osgi-resource-locator-1.0.1.jar:/home/user/.m2/repository/javax/ws/rs/javax.ws.rs-api/2.1/javax.ws.rs-api-2.1.jar:/home/user/.m2/repository/org/glassfish/jersey/ext/cdi/jersey-cdi1x/2.27/jersey-cdi1x-2.27.jar:/home/user/.m2/repository/org/glassfish/jersey/inject/jersey-hk2/2.27/jersey-hk2-2.27.jar:/home/user/.m2/repository/org/glassfish/hk2/hk2-locator/2.5.0-b42/hk2-locator-2.5.0-b42.jar:/home/user/.m2/repository/org/javassist/javassist/3.22.0-CR2/javassist-3.22.0-CR2.jar:/home/user/.m2/repository/org/glassfish/hk2/hk2-api/2.5.0/hk2-api-2.5.0.jar:/home/user/.m2/repository/org/glassfish/hk2/external/jakarta.inject/2.5.0/jakarta.inject-2.5.0.jar:/home/user/.m2/repository/org/glassfish/hk2/hk2-utils/2.5.0/hk2-utils-2.5.0.jar:/home/user/.m2/repository/jakarta/annotation/jakarta.annotation-api/1.3.4/jakarta.annotation-api-1.3.4.jar:/home/user/.m2/repository/org/glassfish/hk2/external/aopalliance-repackaged/2.5.0/aopalliance-repackaged-2.5.0.jar:/home/user/.m2/repository/com/fasterxml/jackson/dataformat/jackson-dataformat-xml/2.10.3/jackson-dataformat-xml-2.10.3.jar:/home/user/.m2/repository/com/fasterxml/jackson/core/jackson-core/2.10.3/jackson-core-2.10.3.jar:/home/user/.m2/repository/com/fasterxml/jackson/module/jackson-module-jaxb-annotations/2.10.3/jackson-module-jaxb-annotations-2.10.3.jar:/home/user/.m2/repository/jakarta/xml/bind/jakarta.xml.bind-api/2.3.2/jakarta.xml.bind-api-2.3.2.jar:/home/user/.m2/repository/jakarta/activation/jakarta.activation-api/1.2.1/jakarta.activation-api-1.2.1.jar:/home/user/.m2/repository/org/codehaus/woodstox/stax2-api/3.1.4/stax2-api-3.1.4.jar:/home/user/.m2/repository/com/fasterxml/woodstox/woodstox-core/5.0.3/woodstox-core-5.0.3.jar:/home/user/.m2/repository/javax/enterprise/cdi-api/1.2/cdi-api-1.2.jar:/home/user/.m2/repository/javax/el/javax.el-api/3.0.0/javax.el-api-3.0.0.jar:/home/user/.m2/repository/javax/interceptor/javax.interceptor-api/1.2/javax.interceptor-api-1.2.jar:/home/user/.m2/repository/javax/inject/javax.inject/1/javax.inject-1.jar:/home/user/.m2/repository/com/sun/xml/bind/jaxb-impl/2.3.0.1/jaxb-impl-2.3.0.1.jar:/home/user/.m2/repository/com/sun/xml/bind/jaxb-core/2.3.0.1/jaxb-core-2.3.0.1.jar:/home/user/.m2/repository/javax/xml/bind/jaxb-api/2.3.0/jaxb-api-2.3.0.jar:/home/user/.m2/repository/javax/activation/activation/1.1.1/activation-1.1.1.jar:/home/user/.m2/repository/org/apache/hadoop/hadoop-ozone-csi/1.1.0-SNAPSHOT/hadoop-ozone-csi-1.1.0-SNAPSHOT.jar:/home/user/.m2/repository/com/google/protobuf/protobuf-java-util/3.11.0/protobuf-java-util-3.11.0.jar:/home/user/.m2/repository/com/google/code/gson/gson/2.2.4/gson-2.2.4.jar:/home/user/.m2/repository/org/apache/hadoop/hadoop-hdds-config/1.1.0-SNAPSHOT/hadoop-hdds-config-1.1.0-SNAPSHOT.jar:/home/user/.m2/repository/com/google/protobuf/protobuf-java/2.5.0/protobuf-java-2.5.0.jar:/home/user/.m2/repository/io/grpc/grpc-netty/1.29.0/grpc-netty-1.29.0.jar:/home/user/.m2/repository/io/grpc/grpc-core/1.29.0/grpc-core-1.29.0.jar:/home/user/.m2/repository/com/google/android/annotations/4.1.1.4/annotations-4.1.1.4.jar:/home/user/.m2/repository/io/perfmark/perfmark-api/0.19.0/perfmark-api-0.19.0.jar:/home/user/.m2/repository/io/netty/netty-codec-http2/4.1.48.Final/netty-codec-http2-4.1.48.Final.jar:/home/user/.m2/repository/io/netty/netty-codec/4.1.48.Final/netty-codec-4.1.48.Final.jar:/home/user/.m2/repository/io/netty/netty-handler/4.1.48.Final/netty-handler-4.1.48.Final.jar:/home/user/.m2/repository/io/netty/netty-codec-http/4.1.48.Final/netty-codec-http-4.1.48.Final.jar:/home/user/.m2/repository/io/netty/netty-handler-proxy/4.1.48.Final/netty-handler-proxy-4.1.48.Final.jar:/home/user/.m2/repository/io/netty/netty-codec-socks/4.1.48.Final/netty-codec-socks-4.1.48.Final.jar:/home/user/.m2/repository/io/netty/netty-transport-native-epoll/4.1.48.Final/netty-transport-native-epoll-4.1.48.Final.jar:/home/user/.m2/repository/io/netty/netty-common/4.1.48.Final/netty-common-4.1.48.Final.jar:/home/user/.m2/repository/io/netty/netty-buffer/4.1.48.Final/netty-buffer-4.1.48.Final.jar:/home/user/.m2/repository/io/netty/netty-transport/4.1.48.Final/netty-transport-4.1.48.Final.jar:/home/user/.m2/repository/io/netty/netty-resolver/4.1.48.Final/netty-resolver-4.1.48.Final.jar:/home/user/.m2/repository/io/netty/netty-transport-native-unix-common/4.1.48.Final/netty-transport-native-unix-common-4.1.48.Final.jar:/home/user/.m2/repository/io/grpc/grpc-protobuf/1.29.0/grpc-protobuf-1.29.0.jar:/home/user/.m2/repository/io/grpc/grpc-api/1.29.0/grpc-api-1.29.0.jar:/home/user/.m2/repository/io/grpc/grpc-context/1.29.0/grpc-context-1.29.0.jar:/home/user/.m2/repository/org/codehaus/mojo/animal-sniffer-annotations/1.18/animal-sniffer-annotations-1.18.jar:/home/user/.m2/repository/com/google/api/grpc/proto-google-common-protos/1.17.0/proto-google-common-protos-1.17.0.jar:/home/user/.m2/repository/io/grpc/grpc-protobuf-lite/1.29.0/grpc-protobuf-lite-1.29.0.jar:/home/user/.m2/repository/io/grpc/grpc-stub/1.29.0/grpc-stub-1.29.0.jar:/home/user/.m2/repository/org/apache/hadoop/hadoop-ozone-recon/1.1.0-SNAPSHOT/hadoop-ozone-recon-1.1.0-SNAPSHOT.jar:/home/user/.m2/repository/org/apache/hadoop/hadoop-ozone-reconcodegen/1.1.0-SNAPSHOT/hadoop-ozone-reconcodegen-1.1.0-SNAPSHOT.jar:/home/user/.m2/repository/com/google/inject/extensions/guice-multibindings/4.0/guice-multibindings-4.0.jar:/home/user/.m2/repository/com/google/inject/guice/4.0/guice-4.0.jar:/home/user/.m2/repository/aopalliance/aopalliance/1.0/aopalliance-1.0.jar:/home/user/.m2/repository/com/google/inject/extensions/guice-assistedinject/4.0/guice-assistedinject-4.0.jar:/home/user/.m2/repository/com/google/inject/extensions/guice-servlet/4.0/guice-servlet-4.0.jar:/home/user/.m2/repository/org/glassfish/jersey/containers/jersey-container-servlet/2.27/jersey-container-servlet-2.27.jar:/home/user/.m2/repository/org/glassfish/hk2/guice-bridge/2.5.0/guice-bridge-2.5.0.jar:/home/user/.m2/repository/org/glassfish/jersey/core/jersey-server/2.27/jersey-server-2.27.jar:/home/user/.m2/repository/org/glassfish/jersey/core/jersey-client/2.27/jersey-client-2.27.jar:/home/user/.m2/repository/org/glassfish/jersey/media/jersey-media-jaxb/2.27/jersey-media-jaxb-2.27.jar:/home/user/.m2/repository/javax/validation/validation-api/1.1.0.Final/validation-api-1.1.0.Final.jar:/home/user/.m2/repository/org/glassfish/jersey/media/jersey-media-json-jackson/2.27/jersey-media-json-jackson-2.27.jar:/home/user/.m2/repository/org/glassfish/jersey/ext/jersey-entity-filtering/2.27/jersey-entity-filtering-2.27.jar:/home/user/.m2/repository/org/jooq/jooq/3.11.10/jooq-3.11.10.jar:/home/user/.m2/repository/org/jooq/jooq-meta/3.11.10/jooq-meta-3.11.10.jar:/home/user/.m2/repository/org/jooq/jooq-codegen/3.11.10/jooq-codegen-3.11.10.jar:/home/user/.m2/repository/com/jolbox/bonecp/0.8.0.RELEASE/bonecp-0.8.0.RELEASE.jar:/home/user/.m2/repository/org/apache/derby/derby/10.14.2.0/derby-10.14.2.0.jar:/home/user/.m2/repository/org/xerial/sqlite-jdbc/3.25.2/sqlite-jdbc-3.25.2.jar:/home/user/.m2/repository/org/springframework/spring-jdbc/5.2.11.RELEASE/spring-jdbc-5.2.11.RELEASE.jar:/home/user/.m2/repository/org/springframework/spring-beans/5.2.11.RELEASE/spring-beans-5.2.11.RELEASE.jar:/home/user/.m2/repository/org/springframework/spring-core/5.2.11.RELEASE/spring-core-5.2.11.RELEASE.jar:/home/user/.m2/repository/org/springframework/spring-jcl/5.2.11.RELEASE/spring-jcl-5.2.11.RELEASE.jar:/home/user/.m2/repository/org/springframework/spring-tx/5.2.11.RELEASE/spring-tx-5.2.11.RELEASE.jar:/home/user/.m2/repository/org/apache/hadoop/hadoop-ozone-client/1.1.0-SNAPSHOT/hadoop-ozone-client-1.1.0-SNAPSHOT.jar:/home/user/.m2/repository/org/apache/hadoop/hadoop-ozone-filesystem/1.1.0-SNAPSHOT/hadoop-ozone-filesystem-1.1.0-SNAPSHOT.jar:/home/user/.m2/repository/org/apache/hadoop/hadoop-ozone-filesystem-common/1.1.0-SNAPSHOT/hadoop-ozone-filesystem-common-1.1.0-SNAPSHOT.jar:/home/user/.m2/repository/org/apache/hadoop/hadoop-ozone-tools/1.1.0-SNAPSHOT/hadoop-ozone-tools-1.1.0-SNAPSHOT.jar:/home/user/.m2/repository/org/apache/ratis/ratis-tools/1.1.0-c5eafb9-SNAPSHOT/ratis-tools-1.1.0-c5eafb9-SNAPSHOT.jar:/home/user/.m2/repository/org/apache/ratis/ratis-proto/1.1.0-c5eafb9-SNAPSHOT/ratis-proto-1.1.0-c5eafb9-SNAPSHOT.jar:/home/user/.m2/repository/org/apache/ratis/ratis-common/1.1.0-c5eafb9-SNAPSHOT/ratis-common-1.1.0-c5eafb9-SNAPSHOT.jar:/home/user/.m2/repository/com/amazonaws/aws-java-sdk-core/1.11.901/aws-java-sdk-core-1.11.901.jar:/home/user/.m2/repository/org/apache/httpcomponents/httpclient/4.5.13/httpclient-4.5.13.jar:/home/user/.m2/repository/org/apache/httpcomponents/httpcore/4.4.13/httpcore-4.4.13.jar:/home/user/.m2/repository/software/amazon/ion/ion-java/1.0.2/ion-java-1.0.2.jar:/home/user/.m2/repository/com/fasterxml/jackson/dataformat/jackson-dataformat-cbor/2.10.3/jackson-dataformat-cbor-2.10.3.jar:/home/user/.m2/repository/joda-time/joda-time/2.8.1/joda-time-2.8.1.jar:/home/user/.m2/repository/com/amazonaws/aws-java-sdk-s3/1.11.901/aws-java-sdk-s3-1.11.901.jar:/home/user/.m2/repository/com/amazonaws/aws-java-sdk-kms/1.11.901/aws-java-sdk-kms-1.11.901.jar:/home/user/.m2/repository/com/amazonaws/jmespath-java/1.11.901/jmespath-java-1.11.901.jar:/home/user/.m2/repository/org/kohsuke/metainf-services/metainf-services/1.8/metainf-services-1.8.jar:/home/user/.m2/repository/org/apache/hadoop/hadoop-hdds-tools/1.1.0-SNAPSHOT/hadoop-hdds-tools-1.1.0-SNAPSHOT.jar:/home/user/.m2/repository/commons-cli/commons-cli/1.2/commons-cli-1.2.jar:/home/user/.m2/repository/org/apache/commons/commons-lang3/3.7/commons-lang3-3.7.jar:/home/user/.m2/repository/org/apache/hadoop/hadoop-ozone-ozone-manager/1.1.0-SNAPSHOT/hadoop-ozone-ozone-manager-1.1.0-SNAPSHOT-tests.jar:/home/user/.m2/repository/org/apache/hadoop/hadoop-hdds-common/1.1.0-SNAPSHOT/hadoop-hdds-common-1.1.0-SNAPSHOT-tests.jar:/home/user/.m2/repository/org/apache/hadoop/hadoop-hdds-hadoop-dependency-client/1.1.0-SNAPSHOT/hadoop-hdds-hadoop-dependency-client-1.1.0-SNAPSHOT.jar:/home/user/.m2/repository/info/picocli/picocli/4.4.0/picocli-4.4.0.jar:/home/user/.m2/repository/com/fasterxml/jackson/core/jackson-annotations/2.10.3/jackson-annotations-2.10.3.jar:/home/user/.m2/repository/javax/annotation/javax.annotation-api/1.2/javax.annotation-api-1.2.jar:/home/user/.m2/repository/org/fusesource/leveldbjni/leveldbjni-all/1.8/leveldbjni-all-1.8.jar:/home/user/.m2/repository/org/apache/ratis/ratis-server/1.1.0-c5eafb9-SNAPSHOT/ratis-server-1.1.0-c5eafb9-SNAPSHOT.jar:/home/user/.m2/repository/org/apache/ratis/ratis-client/1.1.0-c5eafb9-SNAPSHOT/ratis-client-1.1.0-c5eafb9-SNAPSHOT.jar:/home/user/.m2/repository/org/apache/ratis/ratis-metrics/1.1.0-c5eafb9-SNAPSHOT/ratis-metrics-1.1.0-c5eafb9-SNAPSHOT.jar:/home/user/.m2/repository/org/apache/ratis/ratis-netty/1.1.0-c5eafb9-SNAPSHOT/ratis-netty-1.1.0-c5eafb9-SNAPSHOT.jar:/home/user/.m2/repository/org/apache/ratis/ratis-grpc/1.1.0-c5eafb9-SNAPSHOT/ratis-grpc-1.1.0-c5eafb9-SNAPSHOT.jar:/home/user/.m2/repository/org/apache/logging/log4j/log4j-api/2.13.3/log4j-api-2.13.3.jar:/home/user/.m2/repository/org/apache/logging/log4j/log4j-core/2.13.3/log4j-core-2.13.3.jar:/home/user/.m2/repository/com/lmax/disruptor/3.4.2/disruptor-3.4.2.jar:/home/user/.m2/repository/org/apache/commons/commons-pool2/2.6.0/commons-pool2-2.6.0.jar:/home/user/.m2/repository/org/bouncycastle/bcpkix-jdk15on/1.67/bcpkix-jdk15on-1.67.jar:/home/user/.m2/repository/commons-validator/commons-validator/1.6/commons-validator-1.6.jar:/home/user/.m2/repository/commons-beanutils/commons-beanutils/1.9.4/commons-beanutils-1.9.4.jar:/home/user/.m2/repository/commons-digester/commons-digester/1.8.1/commons-digester-1.8.1.jar:/home/user/.m2/repository/commons-collections/commons-collections/3.2.2/commons-collections-3.2.2.jar:/home/user/.m2/repository/io/jaegertracing/jaeger-client/1.2.0/jaeger-client-1.2.0.jar:/home/user/.m2/repository/io/jaegertracing/jaeger-thrift/1.2.0/jaeger-thrift-1.2.0.jar:/home/user/.m2/repository/org/apache/thrift/libthrift/0.13.0/libthrift-0.13.0.jar:/home/user/.m2/repository/com/squareup/okhttp3/okhttp/4.2.2/okhttp-4.2.2.jar:/home/user/.m2/repository/com/squareup/okio/okio/2.2.2/okio-2.2.2.jar:/home/user/.m2/repository/org/jetbrains/kotlin/kotlin-stdlib/1.3.50/kotlin-stdlib-1.3.50.jar:/home/user/.m2/repository/org/jetbrains/kotlin/kotlin-stdlib-common/1.3.50/kotlin-stdlib-common-1.3.50.jar:/home/user/.m2/repository/org/jetbrains/annotations/13.0/annotations-13.0.jar:/home/user/.m2/repository/io/jaegertracing/jaeger-core/1.2.0/jaeger-core-1.2.0.jar:/home/user/.m2/repository/io/jaegertracing/jaeger-tracerresolver/1.2.0/jaeger-tracerresolver-1.2.0.jar:/home/user/.m2/repository/io/opentracing/contrib/opentracing-tracerresolver/0.1.8/opentracing-tracerresolver-0.1.8.jar:/home/user/.m2/repository/io/opentracing/opentracing-util/0.33.0/opentracing-util-0.33.0.jar:/home/user/.m2/repository/io/opentracing/opentracing-api/0.33.0/opentracing-api-0.33.0.jar:/home/user/.m2/repository/io/opentracing/opentracing-noop/0.33.0/opentracing-noop-0.33.0.jar:/home/user/.m2/repository/org/yaml/snakeyaml/1.26/snakeyaml-1.26.jar:/home/user/.m2/repository/junit/junit/4.11/junit-4.11.jar:/home/user/.m2/repository/org/hamcrest/hamcrest-core/1.3/hamcrest-core-1.3.jar:/home/user/.m2/repository/org/openjdk/jmh/jmh-core/1.19/jmh-core-1.19.jar:/home/user/.m2/repository/net/sf/jopt-simple/jopt-simple/4.6/jopt-simple-4.6.jar:/home/user/.m2/repository/org/apache/commons/commons-math3/3.1.1/commons-math3-3.1.1.jar:/home/user/.m2/repository/org/openjdk/jmh/jmh-generator-annprocess/1.19/jmh-generator-annprocess-1.19.jar:/home/user/.m2/repository/org/mockito/mockito-all/1.8.5/mockito-all-1.8.5.jar:/home/user/.m2/repository/org/apache/hadoop/hadoop-kms/3.2.1/hadoop-kms-3.2.1.jar:/home/user/.m2/repository/org/apache/hadoop/hadoop-auth/3.2.1/hadoop-auth-3.2.1.jar:/home/user/.m2/repository/com/nimbusds/nimbus-jose-jwt/7.9/nimbus-jose-jwt-7.9.jar:/home/user/.m2/repository/com/github/stephenc/jcip/jcip-annotations/1.0-1/jcip-annotations-1.0-1.jar:/home/user/.m2/repository/net/minidev/json-smart/2.3/json-smart-2.3.jar:/home/user/.m2/repository/net/minidev/accessors-smart/1.2/accessors-smart-1.2.jar:/home/user/.m2/repository/org/ow2/asm/asm/5.0.4/asm-5.0.4.jar:/home/user/.m2/repository/org/apache/zookeeper/zookeeper/3.4.13/zookeeper-3.4.13.jar:/home/user/.m2/repository/org/apache/yetus/audience-annotations/0.5.0/audience-annotations-0.5.0.jar:/home/user/.m2/repository/org/apache/curator/curator-framework/2.13.0/curator-framework-2.13.0.jar:/home/user/.m2/repository/com/sun/jersey/jersey-core/1.19/jersey-core-1.19.jar:/home/user/.m2/repository/javax/ws/rs/jsr311-api/1.1.1/jsr311-api-1.1.1.jar:/home/user/.m2/repository/com/sun/jersey/jersey-server/1.19/jersey-server-1.19.jar:/home/user/.m2/repository/javax/servlet/javax.servlet-api/3.1.0/javax.servlet-api-3.1.0.jar:/home/user/.m2/repository/org/eclipse/jetty/jetty-server/9.4.34.v20201102/jetty-server-9.4.34.v20201102.jar:/home/user/.m2/repository/org/eclipse/jetty/jetty-http/9.4.34.v20201102/jetty-http-9.4.34.v20201102.jar:/home/user/.m2/repository/org/eclipse/jetty/jetty-io/9.4.34.v20201102/jetty-io-9.4.34.v20201102.jar:/home/user/.m2/repository/org/eclipse/jetty/jetty-webapp/9.4.34.v20201102/jetty-webapp-9.4.34.v20201102.jar:/home/user/.m2/repository/org/eclipse/jetty/jetty-xml/9.4.34.v20201102/jetty-xml-9.4.34.v20201102.jar:/home/user/.m2/repository/org/apache/hadoop/hadoop-common/3.2.1/hadoop-common-3.2.1.jar:/home/user/.m2/repository/commons-net/commons-net/3.6/commons-net-3.6.jar:/home/user/.m2/repository/com/sun/jersey/jersey-servlet/1.19/jersey-servlet-1.19.jar:/home/user/.m2/repository/com/sun/jersey/jersey-json/1.19/jersey-json-1.19.jar:/home/user/.m2/repository/org/codehaus/jettison/jettison/1.1/jettison-1.1.jar:/home/user/.m2/repository/org/codehaus/jackson/jackson-jaxrs/1.9.2/jackson-jaxrs-1.9.2.jar:/home/user/.m2/repository/org/codehaus/jackson/jackson-xc/1.9.2/jackson-xc-1.9.2.jar:/home/user/.m2/repository/org/apache/commons/commons-configuration2/2.1.1/commons-configuration2-2.1.1.jar:/home/user/.m2/repository/org/apache/commons/commons-text/1.4/commons-text-1.4.jar:/home/user/.m2/repository/com/google/re2j/re2j/1.1/re2j-1.1.jar:/home/user/.m2/repository/com/jcraft/jsch/0.1.54/jsch-0.1.54.jar:/home/user/.m2/repository/org/apache/curator/curator-client/2.13.0/curator-client-2.13.0.jar:/home/user/.m2/repository/org/apache/curator/curator-recipes/2.13.0/curator-recipes-2.13.0.jar:/home/user/.m2/repository/dnsjava/dnsjava/2.1.7/dnsjava-2.1.7.jar:/home/user/.m2/repository/org/slf4j/jul-to-slf4j/1.7.30/jul-to-slf4j-1.7.30.jar:/home/user/.m2/repository/org/eclipse/jetty/jetty-util/9.4.34.v20201102/jetty-util-9.4.34.v20201102.jar:/home/user/.m2/repository/com/fasterxml/jackson/core/jackson-databind/2.10.3/jackson-databind-2.10.3.jar:/home/user/.m2/repository/org/apache/hadoop/hadoop-kms/3.2.1/hadoop-kms-3.2.1-tests.jar:/home/user/.m2/repository/org/apache/hadoop/hadoop-hdds-server-scm/1.1.0-SNAPSHOT/hadoop-hdds-server-scm-1.1.0-SNAPSHOT-tests.jar:/home/user/.m2/repository/org/apache/hadoop/hadoop-hdds-container-service/1.1.0-SNAPSHOT/hadoop-hdds-container-service-1.1.0-SNAPSHOT-tests.jar:/home/user/.m2/repository/commons-codec/commons-codec/1.11/commons-codec-1.11.jar:/home/user/.m2/repository/org/apache/hadoop/hadoop-hdds-hadoop-dependency-test/1.1.0-SNAPSHOT/hadoop-hdds-hadoop-dependency-test-1.1.0-SNAPSHOT.jar:/home/user/.m2/repository/org/apache/hadoop/hadoop-common/3.2.1/hadoop-common-3.2.1-tests.jar:/home/user/.m2/repository/org/apache/hadoop/hadoop-hdfs/3.2.1/hadoop-hdfs-3.2.1-tests.jar:/home/user/.m2/repository/org/eclipse/jetty/jetty-util-ajax/9.4.34.v20201102/jetty-util-ajax-9.4.34.v20201102.jar:/home/user/.m2/repository/commons-daemon/commons-daemon/1.0.13/commons-daemon-1.0.13.jar:/home/user/.m2/repository/io/netty/netty/3.10.5.Final/netty-3.10.5.Final.jar:/home/user/.m2/repository/io/netty/netty-all/4.1.48.Final/netty-all-4.1.48.Final.jar:/home/user/.m2/repository/org/apache/htrace/htrace-core4/4.1.0-incubating/htrace-core4-4.1.0-incubating.jar:/home/user/.m2/repository/org/apache/hadoop/hadoop-distcp/3.2.1/hadoop-distcp-3.2.1.jar:/home/user/.m2/repository/org/apache/hadoop/hadoop-mapreduce-client-jobclient/3.2.1/hadoop-mapreduce-client-jobclient-3.2.1.jar:/home/user/.m2/repository/org/apache/hadoop/hadoop-mapreduce-client-common/3.2.1/hadoop-mapreduce-client-common-3.2.1.jar:/home/user/.m2/repository/org/apache/hadoop/hadoop-yarn-common/3.2.1/hadoop-yarn-common-3.2.1.jar:/home/user/.m2/repository/org/apache/hadoop/hadoop-yarn-api/3.2.1/hadoop-yarn-api-3.2.1.jar:/home/user/.m2/repository/com/sun/jersey/jersey-client/1.19/jersey-client-1.19.jar:/home/user/.m2/repository/com/sun/jersey/contribs/jersey-guice/1.19/jersey-guice-1.19.jar:/home/user/.m2/repository/com/fasterxml/jackson/jaxrs/jackson-jaxrs-json-provider/2.10.3/jackson-jaxrs-json-provider-2.10.3.jar:/home/user/.m2/repository/com/fasterxml/jackson/jaxrs/jackson-jaxrs-base/2.10.3/jackson-jaxrs-base-2.10.3.jar:/home/user/.m2/repository/org/apache/hadoop/hadoop-yarn-client/3.2.1/hadoop-yarn-client-3.2.1.jar:/home/user/.m2/repository/org/apache/hadoop/hadoop-mapreduce-client-core/3.2.1/hadoop-mapreduce-client-core-3.2.1.jar:/home/user/.m2/repository/org/apache/avro/avro/1.7.7/avro-1.7.7.jar:/home/user/.m2/repository/org/codehaus/jackson/jackson-core-asl/1.9.13/jackson-core-asl-1.9.13.jar:/home/user/.m2/repository/org/codehaus/jackson/jackson-mapper-asl/1.9.13/jackson-mapper-asl-1.9.13.jar:/home/user/.m2/repository/com/thoughtworks/paranamer/paranamer/2.3/paranamer-2.3.jar:/home/user/.m2/repository/org/xerial/snappy/snappy-java/1.0.5/snappy-java-1.0.5.jar:/home/user/.m2/repository/org/apache/hadoop/hadoop-annotations/3.2.1/hadoop-annotations-3.2.1.jar:/usr/lib/jvm/java-1.8.0-openjdk-1.8.0.232.b09-0.el7_7.x86_64/jre/../lib/tools.jar:/home/user/.m2/repository/org/apache/hadoop/hadoop-distcp/3.2.1/hadoop-distcp-3.2.1-tests.jar:"/>
    <property name="java.vm.vendor" value="Oracle Corporation"/>
    <property name="sun.arch.data.model" value="64"/>
    <property name="test.build.dir" value="/github/workspace/mnt/ozone/hadoop-ozone/integration-test/target/test-dir"/>
    <property name="test.cache.data" value=""/>
    <property name="java.vendor.url" value="http://java.oracle.com/"/>
    <property name="user.timezone" value=""/>
    <property name="java.vm.specification.version" value="1.8"/>
    <property name="os.name" value="Linux"/>
    <property name="test.build.data" value="/github/workspace/mnt/ozone/hadoop-ozone/integration-test/target/test-dir"/>
    <property name="user.country" value="US"/>
    <property name="sun.java.launcher" value="SUN_STANDARD"/>
    <property name="sun.boot.library.path" value="/usr/lib/jvm/java-1.8.0-openjdk-1.8.0.232.b09-0.el7_7.x86_64/jre/lib/amd64"/>
    <property name="sun.java.command" value="/github/workspace/mnt/ozone/hadoop-ozone/integration-test/target/surefire/surefirebooter2743229065383590968.jar /github/workspace/mnt/ozone/hadoop-ozone/integration-test/target/surefire 2020-12-30T01-55-49_473-jvmRun1 surefire5711155259959217483tmp surefire_14877059364664434009tmp"/>
    <property name="surefire.test.class.path" value="/github/workspace/mnt/ozone/hadoop-ozone/integration-test/target/test-classes:/github/workspace/mnt/ozone/hadoop-ozone/integration-test/target/classes:/home/user/.m2/repository/org/apache/hadoop/hadoop-ozone-common/1.1.0-SNAPSHOT/hadoop-ozone-common-1.1.0-SNAPSHOT.jar:/home/user/.m2/repository/org/apache/commons/commons-compress/1.4.1/commons-compress-1.4.1.jar:/home/user/.m2/repository/org/tukaani/xz/1.0/xz-1.0.jar:/home/user/.m2/repository/org/apache/hadoop/hadoop-hdds-common/1.1.0-SNAPSHOT/hadoop-hdds-common-1.1.0-SNAPSHOT.jar:/home/user/.m2/repository/org/apache/hadoop/hadoop-hdds-client/1.1.0-SNAPSHOT/hadoop-hdds-client-1.1.0-SNAPSHOT.jar:/home/user/.m2/repository/org/apache/hadoop/hadoop-ozone-interface-client/1.1.0-SNAPSHOT/hadoop-ozone-interface-client-1.1.0-SNAPSHOT.jar:/home/user/.m2/repository/org/apache/hadoop/hadoop-hdds-test-utils/1.1.0-SNAPSHOT/hadoop-hdds-test-utils-1.1.0-SNAPSHOT.jar:/home/user/.m2/repository/com/google/guava/guava/28.2-jre/guava-28.2-jre.jar:/home/user/.m2/repository/com/google/guava/failureaccess/1.0.1/failureaccess-1.0.1.jar:/home/user/.m2/repository/com/google/guava/listenablefuture/9999.0-empty-to-avoid-conflict-with-guava/listenablefuture-9999.0-empty-to-avoid-conflict-with-guava.jar:/home/user/.m2/repository/com/google/code/findbugs/jsr305/3.0.0/jsr305-3.0.0.jar:/home/user/.m2/repository/org/checkerframework/checker-qual/2.10.0/checker-qual-2.10.0.jar:/home/user/.m2/repository/com/google/errorprone/error_prone_annotations/2.2.0/error_prone_annotations-2.2.0.jar:/home/user/.m2/repository/com/google/j2objc/j2objc-annotations/1.3/j2objc-annotations-1.3.jar:/home/user/.m2/repository/commons-io/commons-io/2.5/commons-io-2.5.jar:/home/user/.m2/repository/commons-logging/commons-logging/1.2/commons-logging-1.2.jar:/home/user/.m2/repository/log4j/log4j/1.2.17/log4j-1.2.17.jar:/home/user/.m2/repository/org/slf4j/slf4j-api/1.7.30/slf4j-api-1.7.30.jar:/home/user/.m2/repository/org/apache/hadoop/hadoop-hdds-server-scm/1.1.0-SNAPSHOT/hadoop-hdds-server-scm-1.1.0-SNAPSHOT.jar:/home/user/.m2/repository/org/apache/hadoop/hadoop-hdds-container-service/1.1.0-SNAPSHOT/hadoop-hdds-container-service-1.1.0-SNAPSHOT.jar:/home/user/.m2/repository/org/apache/hadoop/hadoop-hdds-hadoop-dependency-server/1.1.0-SNAPSHOT/hadoop-hdds-hadoop-dependency-server-1.1.0-SNAPSHOT.jar:/home/user/.m2/repository/org/apache/hadoop/hadoop-hdfs/3.2.1/hadoop-hdfs-3.2.1.jar:/home/user/.m2/repository/org/apache/hadoop/hadoop-hdds-server-framework/1.1.0-SNAPSHOT/hadoop-hdds-server-framework-1.1.0-SNAPSHOT.jar:/home/user/.m2/repository/org/apache/hadoop/hadoop-hdds-interface-server/1.1.0-SNAPSHOT/hadoop-hdds-interface-server-1.1.0-SNAPSHOT.jar:/home/user/.m2/repository/org/apache/hadoop/hadoop-hdds-interface-admin/1.1.0-SNAPSHOT/hadoop-hdds-interface-admin-1.1.0-SNAPSHOT.jar:/home/user/.m2/repository/org/eclipse/jetty/jetty-servlet/9.4.34.v20201102/jetty-servlet-9.4.34.v20201102.jar:/home/user/.m2/repository/org/eclipse/jetty/jetty-security/9.4.34.v20201102/jetty-security-9.4.34.v20201102.jar:/home/user/.m2/repository/org/rocksdb/rocksdbjni/6.8.1/rocksdbjni-6.8.1.jar:/home/user/.m2/repository/io/prometheus/simpleclient_dropwizard/0.7.0/simpleclient_dropwizard-0.7.0.jar:/home/user/.m2/repository/io/prometheus/simpleclient/0.7.0/simpleclient-0.7.0.jar:/home/user/.m2/repository/io/prometheus/simpleclient_common/0.7.0/simpleclient_common-0.7.0.jar:/home/user/.m2/repository/com/fasterxml/jackson/datatype/jackson-datatype-jsr310/2.10.3/jackson-datatype-jsr310-2.10.3.jar:/home/user/.m2/repository/io/dropwizard/metrics/metrics-core/3.2.4/metrics-core-3.2.4.jar:/home/user/.m2/repository/org/apache/hadoop/hadoop-hdfs-client/3.2.1/hadoop-hdfs-client-3.2.1.jar:/home/user/.m2/repository/org/bouncycastle/bcprov-jdk15on/1.67/bcprov-jdk15on-1.67.jar:/home/user/.m2/repository/org/apache/hadoop/hadoop-ozone-ozone-manager/1.1.0-SNAPSHOT/hadoop-ozone-ozone-manager-1.1.0-SNAPSHOT.jar:/home/user/.m2/repository/org/apache/hadoop/hadoop-hdds-interface-client/1.1.0-SNAPSHOT/hadoop-hdds-interface-client-1.1.0-SNAPSHOT.jar:/home/user/.m2/repository/org/apache/ratis/ratis-thirdparty-misc/0.6.0-SNAPSHOT/ratis-thirdparty-misc-0.6.0-SNAPSHOT.jar:/home/user/.m2/repository/org/apache/hadoop/hadoop-ozone-interface-storage/1.1.0-SNAPSHOT/hadoop-ozone-interface-storage-1.1.0-SNAPSHOT.jar:/home/user/.m2/repository/org/apache/hadoop/hadoop-minikdc/3.2.1/hadoop-minikdc-3.2.1.jar:/home/user/.m2/repository/org/apache/kerby/kerb-simplekdc/1.0.1/kerb-simplekdc-1.0.1.jar:/home/user/.m2/repository/org/apache/kerby/kerb-client/1.0.1/kerb-client-1.0.1.jar:/home/user/.m2/repository/org/apache/kerby/kerby-config/1.0.1/kerby-config-1.0.1.jar:/home/user/.m2/repository/org/apache/kerby/kerb-core/1.0.1/kerb-core-1.0.1.jar:/home/user/.m2/repository/org/apache/kerby/kerby-pkix/1.0.1/kerby-pkix-1.0.1.jar:/home/user/.m2/repository/org/apache/kerby/kerby-asn1/1.0.1/kerby-asn1-1.0.1.jar:/home/user/.m2/repository/org/apache/kerby/kerby-util/1.0.1/kerby-util-1.0.1.jar:/home/user/.m2/repository/org/apache/kerby/kerb-common/1.0.1/kerb-common-1.0.1.jar:/home/user/.m2/repository/org/apache/kerby/kerb-crypto/1.0.1/kerb-crypto-1.0.1.jar:/home/user/.m2/repository/org/apache/kerby/kerb-util/1.0.1/kerb-util-1.0.1.jar:/home/user/.m2/repository/org/apache/kerby/token-provider/1.0.1/token-provider-1.0.1.jar:/home/user/.m2/repository/org/apache/kerby/kerb-admin/1.0.1/kerb-admin-1.0.1.jar:/home/user/.m2/repository/org/apache/kerby/kerb-server/1.0.1/kerb-server-1.0.1.jar:/home/user/.m2/repository/org/apache/kerby/kerb-identity/1.0.1/kerb-identity-1.0.1.jar:/home/user/.m2/repository/org/apache/kerby/kerby-xdr/1.0.1/kerby-xdr-1.0.1.jar:/home/user/.m2/repository/org/slf4j/slf4j-log4j12/1.7.30/slf4j-log4j12-1.7.30.jar:/home/user/.m2/repository/org/apache/hadoop/hadoop-ozone-s3gateway/1.1.0-SNAPSHOT/hadoop-ozone-s3gateway-1.1.0-SNAPSHOT.jar:/home/user/.m2/repository/org/jboss/weld/servlet/weld-servlet/2.4.7.Final/weld-servlet-2.4.7.Final.jar:/home/user/.m2/repository/org/glassfish/jersey/containers/jersey-container-servlet-core/2.27/jersey-container-servlet-core-2.27.jar:/home/user/.m2/repository/org/glassfish/hk2/external/javax.inject/2.5.0-b42/javax.inject-2.5.0-b42.jar:/home/user/.m2/repository/org/glassfish/jersey/core/jersey-common/2.27/jersey-common-2.27.jar:/home/user/.m2/repository/org/glassfish/hk2/osgi-resource-locator/1.0.1/osgi-resource-locator-1.0.1.jar:/home/user/.m2/repository/javax/ws/rs/javax.ws.rs-api/2.1/javax.ws.rs-api-2.1.jar:/home/user/.m2/repository/org/glassfish/jersey/ext/cdi/jersey-cdi1x/2.27/jersey-cdi1x-2.27.jar:/home/user/.m2/repository/org/glassfish/jersey/inject/jersey-hk2/2.27/jersey-hk2-2.27.jar:/home/user/.m2/repository/org/glassfish/hk2/hk2-locator/2.5.0-b42/hk2-locator-2.5.0-b42.jar:/home/user/.m2/repository/org/javassist/javassist/3.22.0-CR2/javassist-3.22.0-CR2.jar:/home/user/.m2/repository/org/glassfish/hk2/hk2-api/2.5.0/hk2-api-2.5.0.jar:/home/user/.m2/repository/org/glassfish/hk2/external/jakarta.inject/2.5.0/jakarta.inject-2.5.0.jar:/home/user/.m2/repository/org/glassfish/hk2/hk2-utils/2.5.0/hk2-utils-2.5.0.jar:/home/user/.m2/repository/jakarta/annotation/jakarta.annotation-api/1.3.4/jakarta.annotation-api-1.3.4.jar:/home/user/.m2/repository/org/glassfish/hk2/external/aopalliance-repackaged/2.5.0/aopalliance-repackaged-2.5.0.jar:/home/user/.m2/repository/com/fasterxml/jackson/dataformat/jackson-dataformat-xml/2.10.3/jackson-dataformat-xml-2.10.3.jar:/home/user/.m2/repository/com/fasterxml/jackson/core/jackson-core/2.10.3/jackson-core-2.10.3.jar:/home/user/.m2/repository/com/fasterxml/jackson/module/jackson-module-jaxb-annotations/2.10.3/jackson-module-jaxb-annotations-2.10.3.jar:/home/user/.m2/repository/jakarta/xml/bind/jakarta.xml.bind-api/2.3.2/jakarta.xml.bind-api-2.3.2.jar:/home/user/.m2/repository/jakarta/activation/jakarta.activation-api/1.2.1/jakarta.activation-api-1.2.1.jar:/home/user/.m2/repository/org/codehaus/woodstox/stax2-api/3.1.4/stax2-api-3.1.4.jar:/home/user/.m2/repository/com/fasterxml/woodstox/woodstox-core/5.0.3/woodstox-core-5.0.3.jar:/home/user/.m2/repository/javax/enterprise/cdi-api/1.2/cdi-api-1.2.jar:/home/user/.m2/repository/javax/el/javax.el-api/3.0.0/javax.el-api-3.0.0.jar:/home/user/.m2/repository/javax/interceptor/javax.interceptor-api/1.2/javax.interceptor-api-1.2.jar:/home/user/.m2/repository/javax/inject/javax.inject/1/javax.inject-1.jar:/home/user/.m2/repository/com/sun/xml/bind/jaxb-impl/2.3.0.1/jaxb-impl-2.3.0.1.jar:/home/user/.m2/repository/com/sun/xml/bind/jaxb-core/2.3.0.1/jaxb-core-2.3.0.1.jar:/home/user/.m2/repository/javax/xml/bind/jaxb-api/2.3.0/jaxb-api-2.3.0.jar:/home/user/.m2/repository/javax/activation/activation/1.1.1/activation-1.1.1.jar:/home/user/.m2/repository/org/apache/hadoop/hadoop-ozone-csi/1.1.0-SNAPSHOT/hadoop-ozone-csi-1.1.0-SNAPSHOT.jar:/home/user/.m2/repository/com/google/protobuf/protobuf-java-util/3.11.0/protobuf-java-util-3.11.0.jar:/home/user/.m2/repository/com/google/code/gson/gson/2.2.4/gson-2.2.4.jar:/home/user/.m2/repository/org/apache/hadoop/hadoop-hdds-config/1.1.0-SNAPSHOT/hadoop-hdds-config-1.1.0-SNAPSHOT.jar:/home/user/.m2/repository/com/google/protobuf/protobuf-java/2.5.0/protobuf-java-2.5.0.jar:/home/user/.m2/repository/io/grpc/grpc-netty/1.29.0/grpc-netty-1.29.0.jar:/home/user/.m2/repository/io/grpc/grpc-core/1.29.0/grpc-core-1.29.0.jar:/home/user/.m2/repository/com/google/android/annotations/4.1.1.4/annotations-4.1.1.4.jar:/home/user/.m2/repository/io/perfmark/perfmark-api/0.19.0/perfmark-api-0.19.0.jar:/home/user/.m2/repository/io/netty/netty-codec-http2/4.1.48.Final/netty-codec-http2-4.1.48.Final.jar:/home/user/.m2/repository/io/netty/netty-codec/4.1.48.Final/netty-codec-4.1.48.Final.jar:/home/user/.m2/repository/io/netty/netty-handler/4.1.48.Final/netty-handler-4.1.48.Final.jar:/home/user/.m2/repository/io/netty/netty-codec-http/4.1.48.Final/netty-codec-http-4.1.48.Final.jar:/home/user/.m2/repository/io/netty/netty-handler-proxy/4.1.48.Final/netty-handler-proxy-4.1.48.Final.jar:/home/user/.m2/repository/io/netty/netty-codec-socks/4.1.48.Final/netty-codec-socks-4.1.48.Final.jar:/home/user/.m2/repository/io/netty/netty-transport-native-epoll/4.1.48.Final/netty-transport-native-epoll-4.1.48.Final.jar:/home/user/.m2/repository/io/netty/netty-common/4.1.48.Final/netty-common-4.1.48.Final.jar:/home/user/.m2/repository/io/netty/netty-buffer/4.1.48.Final/netty-buffer-4.1.48.Final.jar:/home/user/.m2/repository/io/netty/netty-transport/4.1.48.Final/netty-transport-4.1.48.Final.jar:/home/user/.m2/repository/io/netty/netty-resolver/4.1.48.Final/netty-resolver-4.1.48.Final.jar:/home/user/.m2/repository/io/netty/netty-transport-native-unix-common/4.1.48.Final/netty-transport-native-unix-common-4.1.48.Final.jar:/home/user/.m2/repository/io/grpc/grpc-protobuf/1.29.0/grpc-protobuf-1.29.0.jar:/home/user/.m2/repository/io/grpc/grpc-api/1.29.0/grpc-api-1.29.0.jar:/home/user/.m2/repository/io/grpc/grpc-context/1.29.0/grpc-context-1.29.0.jar:/home/user/.m2/repository/org/codehaus/mojo/animal-sniffer-annotations/1.18/animal-sniffer-annotations-1.18.jar:/home/user/.m2/repository/com/google/api/grpc/proto-google-common-protos/1.17.0/proto-google-common-protos-1.17.0.jar:/home/user/.m2/repository/io/grpc/grpc-protobuf-lite/1.29.0/grpc-protobuf-lite-1.29.0.jar:/home/user/.m2/repository/io/grpc/grpc-stub/1.29.0/grpc-stub-1.29.0.jar:/home/user/.m2/repository/org/apache/hadoop/hadoop-ozone-recon/1.1.0-SNAPSHOT/hadoop-ozone-recon-1.1.0-SNAPSHOT.jar:/home/user/.m2/repository/org/apache/hadoop/hadoop-ozone-reconcodegen/1.1.0-SNAPSHOT/hadoop-ozone-reconcodegen-1.1.0-SNAPSHOT.jar:/home/user/.m2/repository/com/google/inject/extensions/guice-multibindings/4.0/guice-multibindings-4.0.jar:/home/user/.m2/repository/com/google/inject/guice/4.0/guice-4.0.jar:/home/user/.m2/repository/aopalliance/aopalliance/1.0/aopalliance-1.0.jar:/home/user/.m2/repository/com/google/inject/extensions/guice-assistedinject/4.0/guice-assistedinject-4.0.jar:/home/user/.m2/repository/com/google/inject/extensions/guice-servlet/4.0/guice-servlet-4.0.jar:/home/user/.m2/repository/org/glassfish/jersey/containers/jersey-container-servlet/2.27/jersey-container-servlet-2.27.jar:/home/user/.m2/repository/org/glassfish/hk2/guice-bridge/2.5.0/guice-bridge-2.5.0.jar:/home/user/.m2/repository/org/glassfish/jersey/core/jersey-server/2.27/jersey-server-2.27.jar:/home/user/.m2/repository/org/glassfish/jersey/core/jersey-client/2.27/jersey-client-2.27.jar:/home/user/.m2/repository/org/glassfish/jersey/media/jersey-media-jaxb/2.27/jersey-media-jaxb-2.27.jar:/home/user/.m2/repository/javax/validation/validation-api/1.1.0.Final/validation-api-1.1.0.Final.jar:/home/user/.m2/repository/org/glassfish/jersey/media/jersey-media-json-jackson/2.27/jersey-media-json-jackson-2.27.jar:/home/user/.m2/repository/org/glassfish/jersey/ext/jersey-entity-filtering/2.27/jersey-entity-filtering-2.27.jar:/home/user/.m2/repository/org/jooq/jooq/3.11.10/jooq-3.11.10.jar:/home/user/.m2/repository/org/jooq/jooq-meta/3.11.10/jooq-meta-3.11.10.jar:/home/user/.m2/repository/org/jooq/jooq-codegen/3.11.10/jooq-codegen-3.11.10.jar:/home/user/.m2/repository/com/jolbox/bonecp/0.8.0.RELEASE/bonecp-0.8.0.RELEASE.jar:/home/user/.m2/repository/org/apache/derby/derby/10.14.2.0/derby-10.14.2.0.jar:/home/user/.m2/repository/org/xerial/sqlite-jdbc/3.25.2/sqlite-jdbc-3.25.2.jar:/home/user/.m2/repository/org/springframework/spring-jdbc/5.2.11.RELEASE/spring-jdbc-5.2.11.RELEASE.jar:/home/user/.m2/repository/org/springframework/spring-beans/5.2.11.RELEASE/spring-beans-5.2.11.RELEASE.jar:/home/user/.m2/repository/org/springframework/spring-core/5.2.11.RELEASE/spring-core-5.2.11.RELEASE.jar:/home/user/.m2/repository/org/springframework/spring-jcl/5.2.11.RELEASE/spring-jcl-5.2.11.RELEASE.jar:/home/user/.m2/repository/org/springframework/spring-tx/5.2.11.RELEASE/spring-tx-5.2.11.RELEASE.jar:/home/user/.m2/repository/org/apache/hadoop/hadoop-ozone-client/1.1.0-SNAPSHOT/hadoop-ozone-client-1.1.0-SNAPSHOT.jar:/home/user/.m2/repository/org/apache/hadoop/hadoop-ozone-filesystem/1.1.0-SNAPSHOT/hadoop-ozone-filesystem-1.1.0-SNAPSHOT.jar:/home/user/.m2/repository/org/apache/hadoop/hadoop-ozone-filesystem-common/1.1.0-SNAPSHOT/hadoop-ozone-filesystem-common-1.1.0-SNAPSHOT.jar:/home/user/.m2/repository/org/apache/hadoop/hadoop-ozone-tools/1.1.0-SNAPSHOT/hadoop-ozone-tools-1.1.0-SNAPSHOT.jar:/home/user/.m2/repository/org/apache/ratis/ratis-tools/1.1.0-c5eafb9-SNAPSHOT/ratis-tools-1.1.0-c5eafb9-SNAPSHOT.jar:/home/user/.m2/repository/org/apache/ratis/ratis-proto/1.1.0-c5eafb9-SNAPSHOT/ratis-proto-1.1.0-c5eafb9-SNAPSHOT.jar:/home/user/.m2/repository/org/apache/ratis/ratis-common/1.1.0-c5eafb9-SNAPSHOT/ratis-common-1.1.0-c5eafb9-SNAPSHOT.jar:/home/user/.m2/repository/com/amazonaws/aws-java-sdk-core/1.11.901/aws-java-sdk-core-1.11.901.jar:/home/user/.m2/repository/org/apache/httpcomponents/httpclient/4.5.13/httpclient-4.5.13.jar:/home/user/.m2/repository/org/apache/httpcomponents/httpcore/4.4.13/httpcore-4.4.13.jar:/home/user/.m2/repository/software/amazon/ion/ion-java/1.0.2/ion-java-1.0.2.jar:/home/user/.m2/repository/com/fasterxml/jackson/dataformat/jackson-dataformat-cbor/2.10.3/jackson-dataformat-cbor-2.10.3.jar:/home/user/.m2/repository/joda-time/joda-time/2.8.1/joda-time-2.8.1.jar:/home/user/.m2/repository/com/amazonaws/aws-java-sdk-s3/1.11.901/aws-java-sdk-s3-1.11.901.jar:/home/user/.m2/repository/com/amazonaws/aws-java-sdk-kms/1.11.901/aws-java-sdk-kms-1.11.901.jar:/home/user/.m2/repository/com/amazonaws/jmespath-java/1.11.901/jmespath-java-1.11.901.jar:/home/user/.m2/repository/org/kohsuke/metainf-services/metainf-services/1.8/metainf-services-1.8.jar:/home/user/.m2/repository/org/apache/hadoop/hadoop-hdds-tools/1.1.0-SNAPSHOT/hadoop-hdds-tools-1.1.0-SNAPSHOT.jar:/home/user/.m2/repository/commons-cli/commons-cli/1.2/commons-cli-1.2.jar:/home/user/.m2/repository/org/apache/commons/commons-lang3/3.7/commons-lang3-3.7.jar:/home/user/.m2/repository/org/apache/hadoop/hadoop-ozone-ozone-manager/1.1.0-SNAPSHOT/hadoop-ozone-ozone-manager-1.1.0-SNAPSHOT-tests.jar:/home/user/.m2/repository/org/apache/hadoop/hadoop-hdds-common/1.1.0-SNAPSHOT/hadoop-hdds-common-1.1.0-SNAPSHOT-tests.jar:/home/user/.m2/repository/org/apache/hadoop/hadoop-hdds-hadoop-dependency-client/1.1.0-SNAPSHOT/hadoop-hdds-hadoop-dependency-client-1.1.0-SNAPSHOT.jar:/home/user/.m2/repository/info/picocli/picocli/4.4.0/picocli-4.4.0.jar:/home/user/.m2/repository/com/fasterxml/jackson/core/jackson-annotations/2.10.3/jackson-annotations-2.10.3.jar:/home/user/.m2/repository/javax/annotation/javax.annotation-api/1.2/javax.annotation-api-1.2.jar:/home/user/.m2/repository/org/fusesource/leveldbjni/leveldbjni-all/1.8/leveldbjni-all-1.8.jar:/home/user/.m2/repository/org/apache/ratis/ratis-server/1.1.0-c5eafb9-SNAPSHOT/ratis-server-1.1.0-c5eafb9-SNAPSHOT.jar:/home/user/.m2/repository/org/apache/ratis/ratis-client/1.1.0-c5eafb9-SNAPSHOT/ratis-client-1.1.0-c5eafb9-SNAPSHOT.jar:/home/user/.m2/repository/org/apache/ratis/ratis-metrics/1.1.0-c5eafb9-SNAPSHOT/ratis-metrics-1.1.0-c5eafb9-SNAPSHOT.jar:/home/user/.m2/repository/org/apache/ratis/ratis-netty/1.1.0-c5eafb9-SNAPSHOT/ratis-netty-1.1.0-c5eafb9-SNAPSHOT.jar:/home/user/.m2/repository/org/apache/ratis/ratis-grpc/1.1.0-c5eafb9-SNAPSHOT/ratis-grpc-1.1.0-c5eafb9-SNAPSHOT.jar:/home/user/.m2/repository/org/apache/logging/log4j/log4j-api/2.13.3/log4j-api-2.13.3.jar:/home/user/.m2/repository/org/apache/logging/log4j/log4j-core/2.13.3/log4j-core-2.13.3.jar:/home/user/.m2/repository/com/lmax/disruptor/3.4.2/disruptor-3.4.2.jar:/home/user/.m2/repository/org/apache/commons/commons-pool2/2.6.0/commons-pool2-2.6.0.jar:/home/user/.m2/repository/org/bouncycastle/bcpkix-jdk15on/1.67/bcpkix-jdk15on-1.67.jar:/home/user/.m2/repository/commons-validator/commons-validator/1.6/commons-validator-1.6.jar:/home/user/.m2/repository/commons-beanutils/commons-beanutils/1.9.4/commons-beanutils-1.9.4.jar:/home/user/.m2/repository/commons-digester/commons-digester/1.8.1/commons-digester-1.8.1.jar:/home/user/.m2/repository/commons-collections/commons-collections/3.2.2/commons-collections-3.2.2.jar:/home/user/.m2/repository/io/jaegertracing/jaeger-client/1.2.0/jaeger-client-1.2.0.jar:/home/user/.m2/repository/io/jaegertracing/jaeger-thrift/1.2.0/jaeger-thrift-1.2.0.jar:/home/user/.m2/repository/org/apache/thrift/libthrift/0.13.0/libthrift-0.13.0.jar:/home/user/.m2/repository/com/squareup/okhttp3/okhttp/4.2.2/okhttp-4.2.2.jar:/home/user/.m2/repository/com/squareup/okio/okio/2.2.2/okio-2.2.2.jar:/home/user/.m2/repository/org/jetbrains/kotlin/kotlin-stdlib/1.3.50/kotlin-stdlib-1.3.50.jar:/home/user/.m2/repository/org/jetbrains/kotlin/kotlin-stdlib-common/1.3.50/kotlin-stdlib-common-1.3.50.jar:/home/user/.m2/repository/org/jetbrains/annotations/13.0/annotations-13.0.jar:/home/user/.m2/repository/io/jaegertracing/jaeger-core/1.2.0/jaeger-core-1.2.0.jar:/home/user/.m2/repository/io/jaegertracing/jaeger-tracerresolver/1.2.0/jaeger-tracerresolver-1.2.0.jar:/home/user/.m2/repository/io/opentracing/contrib/opentracing-tracerresolver/0.1.8/opentracing-tracerresolver-0.1.8.jar:/home/user/.m2/repository/io/opentracing/opentracing-util/0.33.0/opentracing-util-0.33.0.jar:/home/user/.m2/repository/io/opentracing/opentracing-api/0.33.0/opentracing-api-0.33.0.jar:/home/user/.m2/repository/io/opentracing/opentracing-noop/0.33.0/opentracing-noop-0.33.0.jar:/home/user/.m2/repository/org/yaml/snakeyaml/1.26/snakeyaml-1.26.jar:/home/user/.m2/repository/junit/junit/4.11/junit-4.11.jar:/home/user/.m2/repository/org/hamcrest/hamcrest-core/1.3/hamcrest-core-1.3.jar:/home/user/.m2/repository/org/openjdk/jmh/jmh-core/1.19/jmh-core-1.19.jar:/home/user/.m2/repository/net/sf/jopt-simple/jopt-simple/4.6/jopt-simple-4.6.jar:/home/user/.m2/repository/org/apache/commons/commons-math3/3.1.1/commons-math3-3.1.1.jar:/home/user/.m2/repository/org/openjdk/jmh/jmh-generator-annprocess/1.19/jmh-generator-annprocess-1.19.jar:/home/user/.m2/repository/org/mockito/mockito-all/1.8.5/mockito-all-1.8.5.jar:/home/user/.m2/repository/org/apache/hadoop/hadoop-kms/3.2.1/hadoop-kms-3.2.1.jar:/home/user/.m2/repository/org/apache/hadoop/hadoop-auth/3.2.1/hadoop-auth-3.2.1.jar:/home/user/.m2/repository/com/nimbusds/nimbus-jose-jwt/7.9/nimbus-jose-jwt-7.9.jar:/home/user/.m2/repository/com/github/stephenc/jcip/jcip-annotations/1.0-1/jcip-annotations-1.0-1.jar:/home/user/.m2/repository/net/minidev/json-smart/2.3/json-smart-2.3.jar:/home/user/.m2/repository/net/minidev/accessors-smart/1.2/accessors-smart-1.2.jar:/home/user/.m2/repository/org/ow2/asm/asm/5.0.4/asm-5.0.4.jar:/home/user/.m2/repository/org/apache/zookeeper/zookeeper/3.4.13/zookeeper-3.4.13.jar:/home/user/.m2/repository/org/apache/yetus/audience-annotations/0.5.0/audience-annotations-0.5.0.jar:/home/user/.m2/repository/org/apache/curator/curator-framework/2.13.0/curator-framework-2.13.0.jar:/home/user/.m2/repository/com/sun/jersey/jersey-core/1.19/jersey-core-1.19.jar:/home/user/.m2/repository/javax/ws/rs/jsr311-api/1.1.1/jsr311-api-1.1.1.jar:/home/user/.m2/repository/com/sun/jersey/jersey-server/1.19/jersey-server-1.19.jar:/home/user/.m2/repository/javax/servlet/javax.servlet-api/3.1.0/javax.servlet-api-3.1.0.jar:/home/user/.m2/repository/org/eclipse/jetty/jetty-server/9.4.34.v20201102/jetty-server-9.4.34.v20201102.jar:/home/user/.m2/repository/org/eclipse/jetty/jetty-http/9.4.34.v20201102/jetty-http-9.4.34.v20201102.jar:/home/user/.m2/repository/org/eclipse/jetty/jetty-io/9.4.34.v20201102/jetty-io-9.4.34.v20201102.jar:/home/user/.m2/repository/org/eclipse/jetty/jetty-webapp/9.4.34.v20201102/jetty-webapp-9.4.34.v20201102.jar:/home/user/.m2/repository/org/eclipse/jetty/jetty-xml/9.4.34.v20201102/jetty-xml-9.4.34.v20201102.jar:/home/user/.m2/repository/org/apache/hadoop/hadoop-common/3.2.1/hadoop-common-3.2.1.jar:/home/user/.m2/repository/commons-net/commons-net/3.6/commons-net-3.6.jar:/home/user/.m2/repository/com/sun/jersey/jersey-servlet/1.19/jersey-servlet-1.19.jar:/home/user/.m2/repository/com/sun/jersey/jersey-json/1.19/jersey-json-1.19.jar:/home/user/.m2/repository/org/codehaus/jettison/jettison/1.1/jettison-1.1.jar:/home/user/.m2/repository/org/codehaus/jackson/jackson-jaxrs/1.9.2/jackson-jaxrs-1.9.2.jar:/home/user/.m2/repository/org/codehaus/jackson/jackson-xc/1.9.2/jackson-xc-1.9.2.jar:/home/user/.m2/repository/org/apache/commons/commons-configuration2/2.1.1/commons-configuration2-2.1.1.jar:/home/user/.m2/repository/org/apache/commons/commons-text/1.4/commons-text-1.4.jar:/home/user/.m2/repository/com/google/re2j/re2j/1.1/re2j-1.1.jar:/home/user/.m2/repository/com/jcraft/jsch/0.1.54/jsch-0.1.54.jar:/home/user/.m2/repository/org/apache/curator/curator-client/2.13.0/curator-client-2.13.0.jar:/home/user/.m2/repository/org/apache/curator/curator-recipes/2.13.0/curator-recipes-2.13.0.jar:/home/user/.m2/repository/dnsjava/dnsjava/2.1.7/dnsjava-2.1.7.jar:/home/user/.m2/repository/org/slf4j/jul-to-slf4j/1.7.30/jul-to-slf4j-1.7.30.jar:/home/user/.m2/repository/org/eclipse/jetty/jetty-util/9.4.34.v20201102/jetty-util-9.4.34.v20201102.jar:/home/user/.m2/repository/com/fasterxml/jackson/core/jackson-databind/2.10.3/jackson-databind-2.10.3.jar:/home/user/.m2/repository/org/apache/hadoop/hadoop-kms/3.2.1/hadoop-kms-3.2.1-tests.jar:/home/user/.m2/repository/org/apache/hadoop/hadoop-hdds-server-scm/1.1.0-SNAPSHOT/hadoop-hdds-server-scm-1.1.0-SNAPSHOT-tests.jar:/home/user/.m2/repository/org/apache/hadoop/hadoop-hdds-container-service/1.1.0-SNAPSHOT/hadoop-hdds-container-service-1.1.0-SNAPSHOT-tests.jar:/home/user/.m2/repository/commons-codec/commons-codec/1.11/commons-codec-1.11.jar:/home/user/.m2/repository/org/apache/hadoop/hadoop-hdds-hadoop-dependency-test/1.1.0-SNAPSHOT/hadoop-hdds-hadoop-dependency-test-1.1.0-SNAPSHOT.jar:/home/user/.m2/repository/org/apache/hadoop/hadoop-common/3.2.1/hadoop-common-3.2.1-tests.jar:/home/user/.m2/repository/org/apache/hadoop/hadoop-hdfs/3.2.1/hadoop-hdfs-3.2.1-tests.jar:/home/user/.m2/repository/org/eclipse/jetty/jetty-util-ajax/9.4.34.v20201102/jetty-util-ajax-9.4.34.v20201102.jar:/home/user/.m2/repository/commons-daemon/commons-daemon/1.0.13/commons-daemon-1.0.13.jar:/home/user/.m2/repository/io/netty/netty/3.10.5.Final/netty-3.10.5.Final.jar:/home/user/.m2/repository/io/netty/netty-all/4.1.48.Final/netty-all-4.1.48.Final.jar:/home/user/.m2/repository/org/apache/htrace/htrace-core4/4.1.0-incubating/htrace-core4-4.1.0-incubating.jar:/home/user/.m2/repository/org/apache/hadoop/hadoop-distcp/3.2.1/hadoop-distcp-3.2.1.jar:/home/user/.m2/repository/org/apache/hadoop/hadoop-mapreduce-client-jobclient/3.2.1/hadoop-mapreduce-client-jobclient-3.2.1.jar:/home/user/.m2/repository/org/apache/hadoop/hadoop-mapreduce-client-common/3.2.1/hadoop-mapreduce-client-common-3.2.1.jar:/home/user/.m2/repository/org/apache/hadoop/hadoop-yarn-common/3.2.1/hadoop-yarn-common-3.2.1.jar:/home/user/.m2/repository/org/apache/hadoop/hadoop-yarn-api/3.2.1/hadoop-yarn-api-3.2.1.jar:/home/user/.m2/repository/com/sun/jersey/jersey-client/1.19/jersey-client-1.19.jar:/home/user/.m2/repository/com/sun/jersey/contribs/jersey-guice/1.19/jersey-guice-1.19.jar:/home/user/.m2/repository/com/fasterxml/jackson/jaxrs/jackson-jaxrs-json-provider/2.10.3/jackson-jaxrs-json-provider-2.10.3.jar:/home/user/.m2/repository/com/fasterxml/jackson/jaxrs/jackson-jaxrs-base/2.10.3/jackson-jaxrs-base-2.10.3.jar:/home/user/.m2/repository/org/apache/hadoop/hadoop-yarn-client/3.2.1/hadoop-yarn-client-3.2.1.jar:/home/user/.m2/repository/org/apache/hadoop/hadoop-mapreduce-client-core/3.2.1/hadoop-mapreduce-client-core-3.2.1.jar:/home/user/.m2/repository/org/apache/avro/avro/1.7.7/avro-1.7.7.jar:/home/user/.m2/repository/org/codehaus/jackson/jackson-core-asl/1.9.13/jackson-core-asl-1.9.13.jar:/home/user/.m2/repository/org/codehaus/jackson/jackson-mapper-asl/1.9.13/jackson-mapper-asl-1.9.13.jar:/home/user/.m2/repository/com/thoughtworks/paranamer/paranamer/2.3/paranamer-2.3.jar:/home/user/.m2/repository/org/xerial/snappy/snappy-java/1.0.5/snappy-java-1.0.5.jar:/home/user/.m2/repository/org/apache/hadoop/hadoop-annotations/3.2.1/hadoop-annotations-3.2.1.jar:/usr/lib/jvm/java-1.8.0-openjdk-1.8.0.232.b09-0.el7_7.x86_64/jre/../lib/tools.jar:/home/user/.m2/repository/org/apache/hadoop/hadoop-distcp/3.2.1/hadoop-distcp-3.2.1-tests.jar:"/>
    <property name="sun.cpu.endian" value="little"/>
    <property name="user.home" value="/home/user"/>
    <property name="user.language" value="en"/>
    <property name="java.specification.vendor" value="Oracle Corporation"/>
    <property name="java.home" value="/usr/lib/jvm/java-1.8.0-openjdk-1.8.0.232.b09-0.el7_7.x86_64/jre"/>
    <property name="java.security.krb5.conf" value="/github/workspace/mnt/ozone/hadoop-ozone/integration-test/target/test-classes/krb5.conf"/>
    <property name="basedir" value="/github/workspace/mnt/ozone/hadoop-ozone/integration-test"/>
    <property name="file.separator" value="/"/>
    <property name="line.separator" value="&#10;"/>
    <property name="java.vm.specification.vendor" value="Oracle Corporation"/>
    <property name="java.specification.name" value="Java Platform API Specification"/>
    <property name="java.awt.graphicsenv" value="sun.awt.X11GraphicsEnvironment"/>
    <property name="skip.installnpx" value="true"/>
    <property name="surefire.real.class.path" value="/github/workspace/mnt/ozone/hadoop-ozone/integration-test/target/surefire/surefirebooter2743229065383590968.jar:/home/user/.m2/repository/org/jacoco/org.jacoco.agent/0.8.5/org.jacoco.agent-0.8.5-runtime.jar"/>
    <property name="hadoop.log.dir" value="/github/workspace/mnt/ozone/hadoop-ozone/integration-test/target/log"/>
    <property name="sun.boot.class.path" value="/usr/lib/jvm/java-1.8.0-openjdk-1.8.0.232.b09-0.el7_7.x86_64/jre/lib/resources.jar:/usr/lib/jvm/java-1.8.0-openjdk-1.8.0.232.b09-0.el7_7.x86_64/jre/lib/rt.jar:/usr/lib/jvm/java-1.8.0-openjdk-1.8.0.232.b09-0.el7_7.x86_64/jre/lib/sunrsasign.jar:/usr/lib/jvm/java-1.8.0-openjdk-1.8.0.232.b09-0.el7_7.x86_64/jre/lib/jsse.jar:/usr/lib/jvm/java-1.8.0-openjdk-1.8.0.232.b09-0.el7_7.x86_64/jre/lib/jce.jar:/usr/lib/jvm/java-1.8.0-openjdk-1.8.0.232.b09-0.el7_7.x86_64/jre/lib/charsets.jar:/usr/lib/jvm/java-1.8.0-openjdk-1.8.0.232.b09-0.el7_7.x86_64/jre/lib/jfr.jar:/usr/lib/jvm/java-1.8.0-openjdk-1.8.0.232.b09-0.el7_7.x86_64/jre/classes"/>
    <property name="sun.management.compiler" value="HotSpot 64-Bit Tiered Compilers"/>
    <property name="skip.npx" value="true"/>
    <property name="java.runtime.version" value="1.8.0_232-b09"/>
    <property name="java.net.preferIPv4Stack" value="true"/>
    <property name="user.name" value="jenkins1001"/>
    <property name="path.separator" value=":"/>
    <property name="java.security.egd" value="file:///dev/urandom"/>
    <property name="os.version" value="5.4.0-1032-azure"/>
    <property name="java.endorsed.dirs" value="/usr/lib/jvm/java-1.8.0-openjdk-1.8.0.232.b09-0.el7_7.x86_64/jre/lib/endorsed"/>
    <property name="java.runtime.name" value="OpenJDK Runtime Environment"/>
    <property name="file.encoding" value="ANSI_X3.4-1968"/>
    <property name="java.vm.name" value="OpenJDK 64-Bit Server VM"/>
    <property name="test.build.webapps" value=""/>
    <property name="localRepository" value="/home/user/.m2/repository"/>
    <property name="java.vendor.url.bug" value="http://bugreport.sun.com/bugreport/"/>
    <property name="java.io.tmpdir" value="/tmp"/>
    <property name="require.test.libhadoop" value=""/>
    <property name="java.version" value="1.8.0_232"/>
    <property name="user.dir" value="/github/workspace/mnt/ozone/hadoop-ozone/integration-test"/>
    <property name="os.arch" value="amd64"/>
    <property name="java.vm.specification.name" value="Java Virtual Machine Specification"/>
    <property name="test.build.classes" value="/github/workspace/mnt/ozone/hadoop-ozone/integration-test/target/test-classes"/>
    <property name="java.awt.printerjob" value="sun.print.PSPrinterJob"/>
    <property name="sun.os.patch.level" value="unknown"/>
    <property name="hadoop.tmp.dir" value="/github/workspace/mnt/ozone/hadoop-ozone/integration-test/target/tmp"/>
    <property name="java.library.path" value="/usr/lib:/usr/java/packages/lib/amd64:/usr/lib64:/lib64:/lib:/usr/lib"/>
    <property name="java.vm.info" value="mixed mode"/>
    <property name="java.vendor" value="Oracle Corporation"/>
    <property name="java.vm.version" value="25.232-b09"/>
    <property name="java.ext.dirs" value="/usr/lib/jvm/java-1.8.0-openjdk-1.8.0.232.b09-0.el7_7.x86_64/jre/lib/ext:/usr/java/packages/lib/ext"/>
    <property name="sun.io.unicode.encoding" value="UnicodeLittle"/>
    <property name="java.class.version" value="52.0"/>
  </properties>
  <testcase name="testStoppedMaintenanceNodeTakesScmStateOnRestart" classname="org.apache.hadoop.ozone.scm.node.TestDecommissionAndMaintenance" time="50.898"/>
  <testcase name="testContainerIsReplicatedWhenAllNodesGotoMaintenance" classname="org.apache.hadoop.ozone.scm.node.TestDecommissionAndMaintenance" time="39.296">
    <failure message="expected:&lt;5&gt; but was:&lt;6&gt;" type="junit.framework.AssertionFailedError"><![CDATA[junit.framework.AssertionFailedError: expected:<5> but was:<6>
	at junit.framework.Assert.fail(Assert.java:57)
	at junit.framework.Assert.failNotEquals(Assert.java:329)
	at junit.framework.Assert.assertEquals(Assert.java:78)
	at junit.framework.Assert.assertEquals(Assert.java:234)
	at junit.framework.Assert.assertEquals(Assert.java:241)
	at junit.framework.TestCase.assertEquals(TestCase.java:409)
	at org.apache.hadoop.ozone.scm.node.TestDecommissionAndMaintenance.testContainerIsReplicatedWhenAllNodesGotoMaintenance(TestDecommissionAndMaintenance.java:394)
	at sun.reflect.NativeMethodAccessorImpl.invoke0(Native Method)
	at sun.reflect.NativeMethodAccessorImpl.invoke(NativeMethodAccessorImpl.java:62)
	at sun.reflect.DelegatingMethodAccessorImpl.invoke(DelegatingMethodAccessorImpl.java:43)
	at java.lang.reflect.Method.invoke(Method.java:498)
	at org.junit.runners.model.FrameworkMethod$1.runReflectiveCall(FrameworkMethod.java:47)
	at org.junit.internal.runners.model.ReflectiveCallable.run(ReflectiveCallable.java:12)
	at org.junit.runners.model.FrameworkMethod.invokeExplosively(FrameworkMethod.java:44)
	at org.junit.internal.runners.statements.InvokeMethod.evaluate(InvokeMethod.java:17)
	at org.junit.internal.runners.statements.RunBefores.evaluate(RunBefores.java:26)
	at org.junit.internal.runners.statements.RunAfters.evaluate(RunAfters.java:27)
	at org.junit.runners.ParentRunner.runLeaf(ParentRunner.java:271)
	at org.junit.runners.BlockJUnit4ClassRunner.runChild(BlockJUnit4ClassRunner.java:70)
	at org.junit.runners.BlockJUnit4ClassRunner.runChild(BlockJUnit4ClassRunner.java:50)
	at org.junit.runners.ParentRunner$3.run(ParentRunner.java:238)
	at org.junit.runners.ParentRunner$1.schedule(ParentRunner.java:63)
	at org.junit.runners.ParentRunner.runChildren(ParentRunner.java:236)
	at org.junit.runners.ParentRunner.access$000(ParentRunner.java:53)
	at org.junit.runners.ParentRunner$2.evaluate(ParentRunner.java:229)
	at org.junit.runners.ParentRunner.run(ParentRunner.java:309)
	at org.apache.maven.surefire.junit4.JUnit4Provider.execute(JUnit4Provider.java:365)
	at org.apache.maven.surefire.junit4.JUnit4Provider.executeWithRerun(JUnit4Provider.java:273)
	at org.apache.maven.surefire.junit4.JUnit4Provider.executeTestSet(JUnit4Provider.java:238)
	at org.apache.maven.surefire.junit4.JUnit4Provider.invoke(JUnit4Provider.java:159)
	at org.apache.maven.surefire.booter.ForkedBooter.invokeProviderInSameClassLoader(ForkedBooter.java:384)
	at org.apache.maven.surefire.booter.ForkedBooter.runSuitesInProcess(ForkedBooter.java:345)
	at org.apache.maven.surefire.booter.ForkedBooter.execute(ForkedBooter.java:126)
	at org.apache.maven.surefire.booter.ForkedBooter.main(ForkedBooter.java:418)
]]></failure>
    <system-out><![CDATA[2020-12-30 01:57:12,703 [Listener at 127.0.0.1/38411] WARN  server.ServerUtils (ServerUtils.java:getScmDbDir(148)) - ozone.scm.db.dirs is not configured. We recommend adding this setting. Falling back to ozone.metadata.dirs instead.
2020-12-30 01:57:12,705 [Listener at 127.0.0.1/38411] WARN  server.ServerUtils (ServerUtils.java:getScmDbDir(148)) - ozone.scm.db.dirs is not configured. We recommend adding this setting. Falling back to ozone.metadata.dirs instead.
2020-12-30 01:57:12,706 [Listener at 127.0.0.1/38411] WARN  db.DBStoreBuilder (DBStoreBuilder.java:applyDBDefinition(145)) - ozone.scm.db.dirs is not configured. We recommend adding this setting. Falling back to ozone.metadata.dirs instead.
2020-12-30 01:57:12,736 [Listener at 127.0.0.1/38411] INFO  net.NodeSchemaLoader (NodeSchemaLoader.java:loadSchemaFromFile(126)) - Loading file from sun.misc.CompoundEnumeration@bf3fe88
2020-12-30 01:57:12,736 [Listener at 127.0.0.1/38411] INFO  net.NodeSchemaLoader (NodeSchemaLoader.java:loadSchema(172)) - Loading network topology layer schema file
2020-12-30 01:57:12,739 [Listener at 127.0.0.1/38411] INFO  node.SCMNodeManager (SCMNodeManager.java:<init>(123)) - Entering startup safe mode.
2020-12-30 01:57:12,739 [Listener at 127.0.0.1/38411] INFO  algorithms.ContainerPlacementPolicyFactory (ContainerPlacementPolicyFactory.java:getPolicy(60)) - Create container placement policy of type org.apache.hadoop.hdds.scm.container.placement.algorithms.SCMContainerPlacementRandom
2020-12-30 01:57:12,740 [Listener at 127.0.0.1/38411] INFO  algorithms.LeaderChoosePolicyFactory (LeaderChoosePolicyFactory.java:getPolicy(57)) - Create leader choose policy of type org.apache.hadoop.hdds.scm.pipeline.leader.choose.algorithms.DefaultLeaderChoosePolicy
2020-12-30 01:57:12,740 [Listener at 127.0.0.1/38411] INFO  pipeline.SCMPipelineManager (SCMPipelineManager.java:initializePipelineState(161)) - No pipeline exists in current db
2020-12-30 01:57:12,740 [Listener at 127.0.0.1/38411] INFO  algorithms.PipelineChoosePolicyFactory (PipelineChoosePolicyFactory.java:createPipelineChoosePolicyFromClass(75)) - Create pipeline choose policy of type org.apache.hadoop.hdds.scm.pipeline.choose.algorithms.RandomPipelineChoosePolicy
2020-12-30 01:57:12,742 [Listener at 127.0.0.1/38411] INFO  safemode.HealthyPipelineSafeModeRule (HealthyPipelineSafeModeRule.java:<init>(89)) - Total pipeline count is 0, healthy pipeline threshold count is 0
2020-12-30 01:57:12,742 [Listener at 127.0.0.1/38411] INFO  safemode.OneReplicaPipelineSafeModeRule (OneReplicaPipelineSafeModeRule.java:<init>(84)) - Total pipeline count is 0, pipeline's with at least one datanode reported threshold count is 0
2020-12-30 01:57:12,747 [Listener at 127.0.0.1/38411] INFO  ipc.CallQueueManager (CallQueueManager.java:<init>(84)) - Using callQueue: class java.util.concurrent.LinkedBlockingQueue, queueCapacity: 2000, scheduler: class org.apache.hadoop.ipc.DefaultRpcScheduler, ipcBackoff: false.
2020-12-30 01:57:12,749 [Socket Reader #1 for port 0] INFO  ipc.Server (Server.java:run(1219)) - Starting Socket Reader #1 for port 0
2020-12-30 01:57:12,750 [Listener at 0.0.0.0/43765] INFO  ipc.CallQueueManager (CallQueueManager.java:<init>(84)) - Using callQueue: class java.util.concurrent.LinkedBlockingQueue, queueCapacity: 2000, scheduler: class org.apache.hadoop.ipc.DefaultRpcScheduler, ipcBackoff: false.
2020-12-30 01:57:12,751 [Socket Reader #1 for port 0] INFO  ipc.Server (Server.java:run(1219)) - Starting Socket Reader #1 for port 0
2020-12-30 01:57:12,751 [Listener at 0.0.0.0/45481] INFO  ipc.CallQueueManager (CallQueueManager.java:<init>(84)) - Using callQueue: class java.util.concurrent.LinkedBlockingQueue, queueCapacity: 2000, scheduler: class org.apache.hadoop.ipc.DefaultRpcScheduler, ipcBackoff: false.
2020-12-30 01:57:12,752 [Socket Reader #1 for port 0] INFO  ipc.Server (Server.java:run(1219)) - Starting Socket Reader #1 for port 0
2020-12-30 01:57:12,757 [Listener at 0.0.0.0/35559] INFO  http.BaseHttpServer (BaseHttpServer.java:newHttpServer2BuilderForOzone(207)) - Starting Web-server for scm at: http://0.0.0.0:0
2020-12-30 01:57:12,757 [Listener at 0.0.0.0/35559] INFO  http.BaseHttpServer (BaseHttpServer.java:<init>(106)) - Hadoop Security Enabled: false Ozone Security Enabled: false Ozone HTTP Security Enabled: false 
2020-12-30 01:57:12,758 [Listener at 0.0.0.0/35559] INFO  server.AuthenticationFilter (AuthenticationFilter.java:constructSecretProvider(240)) - Unable to initialize FileSignerSecretProvider, falling back to use random secrets.
2020-12-30 01:57:12,759 [Listener at 0.0.0.0/35559] WARN  http.HttpRequestLog (HttpRequestLog.java:getRequestLog(103)) - Jetty request log can only be enabled using Log4j
2020-12-30 01:57:12,760 [Listener at 0.0.0.0/35559] INFO  http.HttpServer2 (HttpServer2.java:addGlobalFilter(1020)) - Added global filter 'safety' (class=org.apache.hadoop.hdds.server.http.HttpServer2$QuotingInputFilter)
2020-12-30 01:57:12,761 [Listener at 0.0.0.0/35559] INFO  http.HttpServer2 (HttpServer2.java:addFilter(996)) - Added filter static_user_filter (class=org.apache.hadoop.http.lib.StaticUserWebFilter$StaticUserFilter) to context scm
2020-12-30 01:57:12,761 [Listener at 0.0.0.0/35559] INFO  http.HttpServer2 (HttpServer2.java:addFilter(1004)) - Added filter static_user_filter (class=org.apache.hadoop.http.lib.StaticUserWebFilter$StaticUserFilter) to context static
2020-12-30 01:57:12,761 [Listener at 0.0.0.0/35559] INFO  http.HttpServer2 (HttpServer2.java:addFilter(1004)) - Added filter static_user_filter (class=org.apache.hadoop.http.lib.StaticUserWebFilter$StaticUserFilter) to context logs
2020-12-30 01:57:12,762 [Listener at 0.0.0.0/35559] INFO  server.StorageContainerManager (StorageContainerManager.java:start(789)) - StorageContainerLocationProtocol RPC server is listening at /0.0.0.0:35559
2020-12-30 01:57:12,764 [Listener at 0.0.0.0/35559] WARN  impl.MetricsConfig (MetricsConfig.java:loadFirst(134)) - Cannot locate configuration: tried hadoop-metrics2-storagecontainermanager.properties,hadoop-metrics2.properties
2020-12-30 01:57:12,764 [Listener at 0.0.0.0/35559] INFO  impl.MetricsSystemImpl (MetricsSystemImpl.java:startTimer(374)) - Scheduled Metric snapshot period at 10 second(s).
2020-12-30 01:57:12,764 [Listener at 0.0.0.0/35559] INFO  impl.MetricsSystemImpl (MetricsSystemImpl.java:start(191)) - StorageContainerManager metrics system started
2020-12-30 01:57:12,782 [Listener at 0.0.0.0/35559] WARN  impl.MetricsSystemImpl (MetricsSystemImpl.java:register(276)) - Sink prometheus already exists!
2020-12-30 01:57:12,793 [Listener at 0.0.0.0/35559] INFO  server.SCMClientProtocolServer (SCMClientProtocolServer.java:start(159)) - RPC server for Client  is listening at /0.0.0.0:35559
2020-12-30 01:57:12,794 [IPC Server Responder] INFO  ipc.Server (Server.java:run(1460)) - IPC Server Responder: starting
2020-12-30 01:57:12,794 [IPC Server listener on 0] INFO  ipc.Server (Server.java:run(1298)) - IPC Server listener on 0: starting
2020-12-30 01:57:12,801 [Listener at 0.0.0.0/35559] INFO  server.StorageContainerManager (StorageContainerManager.java:start(801)) - ScmBlockLocationProtocol RPC server is listening at /0.0.0.0:45481
2020-12-30 01:57:12,801 [Listener at 0.0.0.0/35559] INFO  server.SCMBlockProtocolServer (SCMBlockProtocolServer.java:start(150)) - RPC server for Block Protocol is listening at /0.0.0.0:45481
2020-12-30 01:57:12,803 [IPC Server Responder] INFO  ipc.Server (Server.java:run(1460)) - IPC Server Responder: starting
2020-12-30 01:57:12,803 [IPC Server listener on 0] INFO  ipc.Server (Server.java:run(1298)) - IPC Server listener on 0: starting
2020-12-30 01:57:12,806 [Listener at 0.0.0.0/35559] INFO  server.StorageContainerManager (StorageContainerManager.java:start(807)) - ScmDatanodeProtocl RPC server is listening at /0.0.0.0:43765
2020-12-30 01:57:12,806 [Listener at 0.0.0.0/35559] INFO  server.SCMDatanodeProtocolServer (SCMDatanodeProtocolServer.java:start(174)) - RPC server for DataNodes is listening at /0.0.0.0:43765
2020-12-30 01:57:12,807 [IPC Server Responder] INFO  ipc.Server (Server.java:run(1460)) - IPC Server Responder: starting
2020-12-30 01:57:12,807 [IPC Server listener on 0] INFO  ipc.Server (Server.java:run(1298)) - IPC Server listener on 0: starting
2020-12-30 01:57:12,810 [Listener at 0.0.0.0/35559] INFO  http.HttpServer2 (HttpServer2.java:bindListener(1238)) - Jetty bound to port 38345
2020-12-30 01:57:12,810 [Listener at 0.0.0.0/35559] INFO  server.Server (Server.java:doStart(375)) - jetty-9.4.34.v20201102; built: 2020-11-02T14:15:39.302Z; git: e46af88704a893fc12cb0e3bf46e2c7b48a009e7; jvm 1.8.0_232-b09
2020-12-30 01:57:12,812 [Listener at 0.0.0.0/35559] INFO  server.session (DefaultSessionIdManager.java:doStart(334)) - DefaultSessionIdManager workerName=node0
2020-12-30 01:57:12,812 [Listener at 0.0.0.0/35559] INFO  server.session (DefaultSessionIdManager.java:doStart(339)) - No SessionScavenger set, using defaults
2020-12-30 01:57:12,812 [Listener at 0.0.0.0/35559] INFO  server.session (HouseKeeper.java:startScavenging(132)) - node0 Scavenging every 660000ms
2020-12-30 01:57:12,818 [Listener at 0.0.0.0/35559] INFO  handler.ContextHandler (ContextHandler.java:doStart(916)) - Started o.e.j.s.ServletContextHandler@10683f87{logs,/logs,file:///github/workspace/mnt/ozone/hadoop-ozone/integration-test/target/log,AVAILABLE}
2020-12-30 01:57:12,818 [Listener at 0.0.0.0/35559] INFO  handler.ContextHandler (ContextHandler.java:doStart(916)) - Started o.e.j.s.ServletContextHandler@78682201{static,/static,file:///github/workspace/mnt/ozone/hadoop-ozone/integration-test/target/test-classes/webapps/static,AVAILABLE}
2020-12-30 01:57:12,821 [Listener at 0.0.0.0/35559] INFO  handler.ContextHandler (ContextHandler.java:doStart(916)) - Started o.e.j.w.WebAppContext@39124055{scm,/,file:///github/workspace/mnt/ozone/hadoop-ozone/integration-test/target/test-classes/webapps/scm/,AVAILABLE}{file:/github/workspace/mnt/ozone/hadoop-ozone/integration-test/target/test-classes/webapps/scm}
2020-12-30 01:57:12,822 [Listener at 0.0.0.0/35559] INFO  server.AbstractConnector (AbstractConnector.java:doStart(331)) - Started ServerConnector@4433e4e2{HTTP/1.1, (http/1.1)}{0.0.0.0:38345}
2020-12-30 01:57:12,822 [Listener at 0.0.0.0/35559] INFO  server.Server (Server.java:doStart(415)) - Started @51792ms
2020-12-30 01:57:12,822 [Listener at 0.0.0.0/35559] WARN  impl.MetricsSystemImpl (MetricsSystemImpl.java:register(276)) - Sink prometheus already exists!
2020-12-30 01:57:12,826 [Listener at 0.0.0.0/35559] INFO  http.BaseHttpServer (BaseHttpServer.java:updateConnectorAddress(327)) - HTTP server of scm listening at http://0.0.0.0:38345
2020-12-30 01:57:12,827 [Listener at 0.0.0.0/35559] WARN  server.ServerUtils (ServerUtils.java:getDBPath(225)) - ozone.om.db.dirs is not configured. We recommend adding this setting. Falling back to ozone.metadata.dirs instead.
2020-12-30 01:57:12,828 [org.apache.hadoop.util.JvmPauseMonitor$Monitor@1dbecb0a] INFO  util.JvmPauseMonitor (JvmPauseMonitor.java:run(188)) - Starting JVM pause monitor
2020-12-30 01:57:12,828 [Listener at 0.0.0.0/35559] INFO  ha.OMHANodeDetails (OMHANodeDetails.java:loadOMHAConfig(104)) - ozone.om.internal.service.id is not defined, falling back to ozone.om.service.ids to find serviceID for OzoneManager if it is HA enabled cluster
2020-12-30 01:57:12,828 [Listener at 0.0.0.0/35559] INFO  ha.OMHANodeDetails (OMHANodeDetails.java:loadOMHAConfig(213)) - Configuration either no ozone.om.address set. Falling back to the default OM address /127.0.0.1:0
2020-12-30 01:57:12,828 [Listener at 0.0.0.0/35559] INFO  ha.OMHANodeDetails (OMHANodeDetails.java:getOMNodeDetails(241)) - OM Service ID is not set. Setting it to the default ID: omServiceIdDefault
2020-12-30 01:57:12,829 [Listener at 0.0.0.0/35559] WARN  server.ServerUtils (ServerUtils.java:getDBPath(225)) - ozone.om.db.dirs is not configured. We recommend adding this setting. Falling back to ozone.metadata.dirs instead.
2020-12-30 01:57:12,829 [Listener at 0.0.0.0/35559] WARN  server.ServerUtils (ServerUtils.java:getDBPath(225)) - ozone.om.db.dirs is not configured. We recommend adding this setting. Falling back to ozone.metadata.dirs instead.
2020-12-30 01:57:12,838 [Listener at 0.0.0.0/35559] WARN  server.ServerUtils (ServerUtils.java:getDBPath(225)) - ozone.om.db.dirs is not configured. We recommend adding this setting. Falling back to ozone.metadata.dirs instead.
2020-12-30 01:57:12,838 [Listener at 0.0.0.0/35559] INFO  codec.OmKeyInfoCodec (OmKeyInfoCodec.java:<init>(41)) - OmKeyInfoCodec ignorePipeline = true
2020-12-30 01:57:12,838 [Listener at 0.0.0.0/35559] INFO  codec.RepeatedOmKeyInfoCodec (RepeatedOmKeyInfoCodec.java:<init>(40)) - RepeatedOmKeyInfoCodec ignorePipeline = true
2020-12-30 01:57:12,893 [Listener at 0.0.0.0/35559] INFO  om.OzoneManager (OzoneManager.java:addS3GVolumeToDB(3753)) - Created Volume s3v With Owner jenkins1001 required for S3Gateway operations.
2020-12-30 01:57:12,894 [Listener at 0.0.0.0/35559] INFO  ipc.CallQueueManager (CallQueueManager.java:<init>(84)) - Using callQueue: class java.util.concurrent.LinkedBlockingQueue, queueCapacity: 2000, scheduler: class org.apache.hadoop.ipc.DefaultRpcScheduler, ipcBackoff: false.
2020-12-30 01:57:12,895 [Socket Reader #1 for port 0] INFO  ipc.Server (Server.java:run(1219)) - Starting Socket Reader #1 for port 0
2020-12-30 01:57:12,908 [Listener at 127.0.0.1/41627] INFO  impl.MetricsSystemImpl (MetricsSystemImpl.java:init(158)) - OzoneManager metrics system started (again)
2020-12-30 01:57:12,909 [Listener at 127.0.0.1/41627] INFO  om.OzoneManager (OzoneManager.java:start(1161)) - OzoneManager RPC server is listening at localhost/127.0.0.1:41627
2020-12-30 01:57:12,917 [Listener at 127.0.0.1/41627] INFO  http.BaseHttpServer (BaseHttpServer.java:newHttpServer2BuilderForOzone(207)) - Starting Web-server for ozoneManager at: http://0.0.0.0:0
2020-12-30 01:57:12,917 [Listener at 127.0.0.1/41627] INFO  http.BaseHttpServer (BaseHttpServer.java:<init>(106)) - Hadoop Security Enabled: false Ozone Security Enabled: false Ozone HTTP Security Enabled: false 
2020-12-30 01:57:12,919 [Listener at 127.0.0.1/41627] INFO  server.AuthenticationFilter (AuthenticationFilter.java:constructSecretProvider(240)) - Unable to initialize FileSignerSecretProvider, falling back to use random secrets.
2020-12-30 01:57:12,919 [Listener at 127.0.0.1/41627] WARN  http.HttpRequestLog (HttpRequestLog.java:getRequestLog(103)) - Jetty request log can only be enabled using Log4j
2020-12-30 01:57:12,920 [Listener at 127.0.0.1/41627] INFO  http.HttpServer2 (HttpServer2.java:addGlobalFilter(1020)) - Added global filter 'safety' (class=org.apache.hadoop.hdds.server.http.HttpServer2$QuotingInputFilter)
2020-12-30 01:57:12,920 [Listener at 127.0.0.1/41627] INFO  http.HttpServer2 (HttpServer2.java:addFilter(996)) - Added filter static_user_filter (class=org.apache.hadoop.http.lib.StaticUserWebFilter$StaticUserFilter) to context ozoneManager
2020-12-30 01:57:12,920 [Listener at 127.0.0.1/41627] INFO  http.HttpServer2 (HttpServer2.java:addFilter(1004)) - Added filter static_user_filter (class=org.apache.hadoop.http.lib.StaticUserWebFilter$StaticUserFilter) to context static
2020-12-30 01:57:12,920 [Listener at 127.0.0.1/41627] INFO  http.HttpServer2 (HttpServer2.java:addFilter(1004)) - Added filter static_user_filter (class=org.apache.hadoop.http.lib.StaticUserWebFilter$StaticUserFilter) to context logs
2020-12-30 01:57:12,921 [Listener at 127.0.0.1/41627] INFO  http.HttpServer2 (HttpServer2.java:bindListener(1238)) - Jetty bound to port 38871
2020-12-30 01:57:12,921 [Listener at 127.0.0.1/41627] INFO  server.Server (Server.java:doStart(375)) - jetty-9.4.34.v20201102; built: 2020-11-02T14:15:39.302Z; git: e46af88704a893fc12cb0e3bf46e2c7b48a009e7; jvm 1.8.0_232-b09
2020-12-30 01:57:12,922 [Listener at 127.0.0.1/41627] INFO  server.session (DefaultSessionIdManager.java:doStart(334)) - DefaultSessionIdManager workerName=node0
2020-12-30 01:57:12,922 [Listener at 127.0.0.1/41627] INFO  server.session (DefaultSessionIdManager.java:doStart(339)) - No SessionScavenger set, using defaults
2020-12-30 01:57:12,923 [Listener at 127.0.0.1/41627] INFO  server.session (HouseKeeper.java:startScavenging(132)) - node0 Scavenging every 600000ms
2020-12-30 01:57:12,923 [Listener at 127.0.0.1/41627] INFO  handler.ContextHandler (ContextHandler.java:doStart(916)) - Started o.e.j.s.ServletContextHandler@796a1cd1{logs,/logs,file:///github/workspace/mnt/ozone/hadoop-ozone/integration-test/target/log,AVAILABLE}
2020-12-30 01:57:12,923 [Listener at 127.0.0.1/41627] INFO  handler.ContextHandler (ContextHandler.java:doStart(916)) - Started o.e.j.s.ServletContextHandler@17acd4c5{static,/static,file:///github/workspace/mnt/ozone/hadoop-ozone/integration-test/target/test-classes/webapps/static,AVAILABLE}
2020-12-30 01:57:12,928 [Listener at 127.0.0.1/41627] INFO  handler.ContextHandler (ContextHandler.java:doStart(916)) - Started o.e.j.w.WebAppContext@2de77ecf{ozoneManager,/,file:///github/workspace/mnt/ozone/hadoop-ozone/integration-test/target/test-classes/webapps/ozoneManager/,AVAILABLE}{file:/github/workspace/mnt/ozone/hadoop-ozone/integration-test/target/test-classes/webapps/ozoneManager}
2020-12-30 01:57:12,929 [Listener at 127.0.0.1/41627] INFO  server.AbstractConnector (AbstractConnector.java:doStart(331)) - Started ServerConnector@5ee29735{HTTP/1.1, (http/1.1)}{0.0.0.0:38871}
2020-12-30 01:57:12,929 [Listener at 127.0.0.1/41627] INFO  server.Server (Server.java:doStart(415)) - Started @51899ms
2020-12-30 01:57:12,929 [Listener at 127.0.0.1/41627] WARN  impl.MetricsSystemImpl (MetricsSystemImpl.java:register(276)) - Sink prometheus already exists!
2020-12-30 01:57:12,932 [Listener at 127.0.0.1/41627] INFO  http.BaseHttpServer (BaseHttpServer.java:updateConnectorAddress(327)) - HTTP server of ozoneManager listening at http://0.0.0.0:38871
2020-12-30 01:57:12,932 [IPC Server Responder] INFO  ipc.Server (Server.java:run(1460)) - IPC Server Responder: starting
2020-12-30 01:57:12,932 [IPC Server listener on 0] INFO  ipc.Server (Server.java:run(1298)) - IPC Server listener on 0: starting
2020-12-30 01:57:12,942 [Listener at 127.0.0.1/41627] INFO  om.OzoneManager (OzoneManager.java:startTrashEmptier(1282)) - Trash Interval set to 0. Files deleted will not move to trash
2020-12-30 01:57:12,943 [org.apache.hadoop.util.JvmPauseMonitor$Monitor@27688fc6] INFO  util.JvmPauseMonitor (JvmPauseMonitor.java:run(188)) - Starting JVM pause monitor
2020-12-30 01:57:12,955 [Listener at 127.0.0.1/41627] INFO  impl.MetricsSystemImpl (MetricsSystemImpl.java:init(158)) - HddsDatanode metrics system started (again)
2020-12-30 01:57:12,956 [Listener at 127.0.0.1/41627] INFO  ozone.HddsDatanodeService (HddsDatanodeService.java:start(217)) - HddsDatanodeService host:e0a7f95c34ff ip:172.17.0.2
2020-12-30 01:57:12,961 [Listener at 127.0.0.1/41627] INFO  volume.HddsVolume (HddsVolume.java:<init>(176)) - Creating Volume: /github/workspace/mnt/ozone/hadoop-ozone/integration-test/target/test-dir/MiniOzoneClusterImpl-885a2ac6-dd28-4da4-9cce-7871c001d77b/datanode-0/data-0/containers/hdds of storage type : DISK and capacity : 9223372036854775807
2020-12-30 01:57:12,962 [Listener at 127.0.0.1/41627] INFO  volume.MutableVolumeSet (MutableVolumeSet.java:initializeVolumeSet(179)) - Added Volume : /github/workspace/mnt/ozone/hadoop-ozone/integration-test/target/test-dir/MiniOzoneClusterImpl-885a2ac6-dd28-4da4-9cce-7871c001d77b/datanode-0/data-0/containers/hdds to VolumeSet
2020-12-30 01:57:12,962 [Listener at 127.0.0.1/41627] INFO  volume.ThrottledAsyncChecker (ThrottledAsyncChecker.java:schedule(141)) - Scheduling a check for /github/workspace/mnt/ozone/hadoop-ozone/integration-test/target/test-dir/MiniOzoneClusterImpl-885a2ac6-dd28-4da4-9cce-7871c001d77b/datanode-0/data-0/containers/hdds
2020-12-30 01:57:12,964 [Listener at 127.0.0.1/41627] INFO  volume.HddsVolumeChecker (HddsVolumeChecker.java:checkAllVolumes(200)) - Scheduled health check for volume /github/workspace/mnt/ozone/hadoop-ozone/integration-test/target/test-dir/MiniOzoneClusterImpl-885a2ac6-dd28-4da4-9cce-7871c001d77b/datanode-0/data-0/containers/hdds
2020-12-30 01:57:12,976 [Thread-722] INFO  ozoneimpl.ContainerReader (ContainerReader.java:readVolume(123)) - Start to verify containers on volume /github/workspace/mnt/ozone/hadoop-ozone/integration-test/target/test-dir/MiniOzoneClusterImpl-885a2ac6-dd28-4da4-9cce-7871c001d77b/datanode-0/data-0/containers/hdds
2020-12-30 01:57:12,976 [Thread-722] INFO  ozoneimpl.ContainerReader (ContainerReader.java:readVolume(148)) - Finish verifying containers on volume /github/workspace/mnt/ozone/hadoop-ozone/integration-test/target/test-dir/MiniOzoneClusterImpl-885a2ac6-dd28-4da4-9cce-7871c001d77b/datanode-0/data-0/containers/hdds
2020-12-30 01:57:12,976 [Listener at 127.0.0.1/41627] INFO  ozoneimpl.OzoneContainer (OzoneContainer.java:buildContainerSet(194)) - Build ContainerSet costs 0s
2020-12-30 01:57:12,977 [Listener at 127.0.0.1/41627] INFO  server.RaftServer (ConfUtils.java:logGet(44)) - raft.rpc.type = GRPC (default)
2020-12-30 01:57:12,978 [Listener at 127.0.0.1/41627] INFO  grpc.GrpcFactory (GrpcFactory.java:checkPooledByteBufAllocatorUseCacheForAllThreads(48)) - PERFORMANCE WARNING: useCacheForAllThreads is true that may cause Netty to create a lot garbage objects and, as a result, trigger GC.
	It is recommended to disable useCacheForAllThreads by setting -Dorg.apache.ratis.thirdparty.io.netty.allocator.useCacheForAllThreads=false in command line.
2020-12-30 01:57:12,978 [Listener at 127.0.0.1/41627] INFO  grpc.GrpcConfigKeys (ConfUtils.java:logGet(44)) - raft.grpc.server.port = 0 (default)
2020-12-30 01:57:12,978 [Listener at 127.0.0.1/41627] INFO  server.GrpcService (ConfUtils.java:logGet(44)) - raft.grpc.message.size.max = 32MB (=33554432) (custom)
2020-12-30 01:57:12,978 [Listener at 127.0.0.1/41627] INFO  server.RaftServerConfigKeys (ConfUtils.java:logGet(44)) - raft.server.log.appender.buffer.byte-limit = 33554432 (custom)
2020-12-30 01:57:12,978 [Listener at 127.0.0.1/41627] INFO  server.GrpcService (ConfUtils.java:logGet(44)) - raft.grpc.flow.control.window = 5MB (=5242880) (custom)
2020-12-30 01:57:12,978 [Listener at 127.0.0.1/41627] INFO  server.RaftServerConfigKeys (ConfUtils.java:logGet(44)) - raft.server.rpc.request.timeout = 60s (custom)
2020-12-30 01:57:12,979 [Listener at 127.0.0.1/41627] INFO  impl.DataStreamServerImpl (ConfUtils.java:logGet(44)) - raft.datastream.type = DISABLED (default)
2020-12-30 01:57:12,979 [Listener at 127.0.0.1/41627] INFO  server.RaftServerConfigKeys (ConfUtils.java:logGet(44)) - raft.server.rpc.slowness.timeout = 300s (custom)
2020-12-30 01:57:12,979 [Listener at 127.0.0.1/41627] INFO  server.RaftServerConfigKeys (ConfUtils.java:logGet(44)) - raft.server.leaderelection.leader.step-down.wait-time = 10s (default)
2020-12-30 01:57:12,979 [Listener at 127.0.0.1/41627] INFO  server.RaftServerConfigKeys (ConfUtils.java:logGet(44)) - raft.server.storage.dir = [/github/workspace/mnt/ozone/hadoop-ozone/integration-test/target/test-dir/MiniOzoneClusterImpl-885a2ac6-dd28-4da4-9cce-7871c001d77b/datanode-0/data/ratis] (custom)
2020-12-30 01:57:12,986 [Listener at 127.0.0.1/41627] INFO  http.BaseHttpServer (BaseHttpServer.java:newHttpServer2BuilderForOzone(207)) - Starting Web-server for hddsDatanode at: http://0.0.0.0:0
2020-12-30 01:57:12,986 [Listener at 127.0.0.1/41627] INFO  http.BaseHttpServer (BaseHttpServer.java:<init>(106)) - Hadoop Security Enabled: false Ozone Security Enabled: false Ozone HTTP Security Enabled: false 
2020-12-30 01:57:12,987 [Listener at 127.0.0.1/41627] INFO  server.AuthenticationFilter (AuthenticationFilter.java:constructSecretProvider(240)) - Unable to initialize FileSignerSecretProvider, falling back to use random secrets.
2020-12-30 01:57:12,987 [Listener at 127.0.0.1/41627] WARN  http.HttpRequestLog (HttpRequestLog.java:getRequestLog(103)) - Jetty request log can only be enabled using Log4j
2020-12-30 01:57:12,988 [Listener at 127.0.0.1/41627] INFO  http.HttpServer2 (HttpServer2.java:addGlobalFilter(1020)) - Added global filter 'safety' (class=org.apache.hadoop.hdds.server.http.HttpServer2$QuotingInputFilter)
2020-12-30 01:57:12,988 [Listener at 127.0.0.1/41627] INFO  http.HttpServer2 (HttpServer2.java:addFilter(996)) - Added filter static_user_filter (class=org.apache.hadoop.http.lib.StaticUserWebFilter$StaticUserFilter) to context hddsDatanode
2020-12-30 01:57:12,988 [Listener at 127.0.0.1/41627] INFO  http.HttpServer2 (HttpServer2.java:addFilter(1004)) - Added filter static_user_filter (class=org.apache.hadoop.http.lib.StaticUserWebFilter$StaticUserFilter) to context static
2020-12-30 01:57:12,989 [Listener at 127.0.0.1/41627] INFO  http.HttpServer2 (HttpServer2.java:addFilter(1004)) - Added filter static_user_filter (class=org.apache.hadoop.http.lib.StaticUserWebFilter$StaticUserFilter) to context logs
2020-12-30 01:57:12,989 [Listener at 127.0.0.1/41627] INFO  http.HttpServer2 (HttpServer2.java:bindListener(1238)) - Jetty bound to port 46331
2020-12-30 01:57:12,989 [Listener at 127.0.0.1/41627] INFO  server.Server (Server.java:doStart(375)) - jetty-9.4.34.v20201102; built: 2020-11-02T14:15:39.302Z; git: e46af88704a893fc12cb0e3bf46e2c7b48a009e7; jvm 1.8.0_232-b09
2020-12-30 01:57:12,990 [Listener at 127.0.0.1/41627] INFO  server.session (DefaultSessionIdManager.java:doStart(334)) - DefaultSessionIdManager workerName=node0
2020-12-30 01:57:12,990 [Listener at 127.0.0.1/41627] INFO  server.session (DefaultSessionIdManager.java:doStart(339)) - No SessionScavenger set, using defaults
2020-12-30 01:57:12,991 [Listener at 127.0.0.1/41627] INFO  server.session (HouseKeeper.java:startScavenging(132)) - node0 Scavenging every 600000ms
2020-12-30 01:57:12,991 [Listener at 127.0.0.1/41627] INFO  handler.ContextHandler (ContextHandler.java:doStart(916)) - Started o.e.j.s.ServletContextHandler@56e7f92f{logs,/logs,file:///github/workspace/mnt/ozone/hadoop-ozone/integration-test/target/log,AVAILABLE}
2020-12-30 01:57:12,991 [Listener at 127.0.0.1/41627] INFO  handler.ContextHandler (ContextHandler.java:doStart(916)) - Started o.e.j.s.ServletContextHandler@5379839c{static,/static,jar:file:/home/user/.m2/repository/org/apache/hadoop/hadoop-hdds-container-service/1.1.0-SNAPSHOT/hadoop-hdds-container-service-1.1.0-SNAPSHOT.jar!/webapps/static,AVAILABLE}
2020-12-30 01:57:13,134 [Listener at 127.0.0.1/41627] INFO  handler.ContextHandler (ContextHandler.java:doStart(916)) - Started o.e.j.w.WebAppContext@63e67888{hddsDatanode,/,file:///tmp/jetty-0_0_0_0-46331-hadoop-hdds-container-service-1_1_0-SNAPSHOT_jar-_-any-3047798235634984071/webapp/,AVAILABLE}{jar:file:/home/user/.m2/repository/org/apache/hadoop/hadoop-hdds-container-service/1.1.0-SNAPSHOT/hadoop-hdds-container-service-1.1.0-SNAPSHOT.jar!/webapps/hddsDatanode}
2020-12-30 01:57:13,138 [Listener at 127.0.0.1/41627] INFO  server.AbstractConnector (AbstractConnector.java:doStart(331)) - Started ServerConnector@1d2fd73c{HTTP/1.1, (http/1.1)}{0.0.0.0:46331}
2020-12-30 01:57:13,138 [Listener at 127.0.0.1/41627] INFO  server.Server (Server.java:doStart(415)) - Started @52108ms
2020-12-30 01:57:13,138 [Listener at 127.0.0.1/41627] WARN  impl.MetricsSystemImpl (MetricsSystemImpl.java:register(276)) - Sink prometheus already exists!
2020-12-30 01:57:13,142 [Listener at 127.0.0.1/41627] INFO  http.BaseHttpServer (BaseHttpServer.java:updateConnectorAddress(327)) - HTTP server of hddsDatanode listening at http://0.0.0.0:46331
2020-12-30 01:57:13,146 [Listener at 127.0.0.1/41627] INFO  impl.MetricsSystemImpl (MetricsSystemImpl.java:init(158)) - HddsDatanode metrics system started (again)
2020-12-30 01:57:13,148 [Listener at 127.0.0.1/41627] INFO  ozone.HddsDatanodeService (HddsDatanodeService.java:start(217)) - HddsDatanodeService host:e0a7f95c34ff ip:172.17.0.2
2020-12-30 01:57:13,149 [org.apache.hadoop.util.JvmPauseMonitor$Monitor@1f42e9e0] INFO  util.JvmPauseMonitor (JvmPauseMonitor.java:run(188)) - Starting JVM pause monitor
2020-12-30 01:57:13,150 [Datanode State Machine Task Thread - 0] INFO  datanode.InitDatanodeState (InitDatanodeState.java:persistContainerDatanodeDetails(145)) - DatanodeDetails is persisted to /github/workspace/mnt/ozone/hadoop-ozone/integration-test/target/test-dir/MiniOzoneClusterImpl-885a2ac6-dd28-4da4-9cce-7871c001d77b/datanode-0/meta/datanode.id
2020-12-30 01:57:13,153 [Listener at 127.0.0.1/41627] INFO  volume.HddsVolume (HddsVolume.java:<init>(176)) - Creating Volume: /github/workspace/mnt/ozone/hadoop-ozone/integration-test/target/test-dir/MiniOzoneClusterImpl-885a2ac6-dd28-4da4-9cce-7871c001d77b/datanode-1/data-0/containers/hdds of storage type : DISK and capacity : 9223372036854775807
2020-12-30 01:57:13,153 [Listener at 127.0.0.1/41627] INFO  volume.MutableVolumeSet (MutableVolumeSet.java:initializeVolumeSet(179)) - Added Volume : /github/workspace/mnt/ozone/hadoop-ozone/integration-test/target/test-dir/MiniOzoneClusterImpl-885a2ac6-dd28-4da4-9cce-7871c001d77b/datanode-1/data-0/containers/hdds to VolumeSet
2020-12-30 01:57:13,153 [Listener at 127.0.0.1/41627] INFO  volume.ThrottledAsyncChecker (ThrottledAsyncChecker.java:schedule(141)) - Scheduling a check for /github/workspace/mnt/ozone/hadoop-ozone/integration-test/target/test-dir/MiniOzoneClusterImpl-885a2ac6-dd28-4da4-9cce-7871c001d77b/datanode-1/data-0/containers/hdds
2020-12-30 01:57:13,157 [Listener at 127.0.0.1/41627] INFO  volume.HddsVolumeChecker (HddsVolumeChecker.java:checkAllVolumes(200)) - Scheduled health check for volume /github/workspace/mnt/ozone/hadoop-ozone/integration-test/target/test-dir/MiniOzoneClusterImpl-885a2ac6-dd28-4da4-9cce-7871c001d77b/datanode-1/data-0/containers/hdds
2020-12-30 01:57:13,170 [Thread-733] INFO  ozoneimpl.ContainerReader (ContainerReader.java:readVolume(123)) - Start to verify containers on volume /github/workspace/mnt/ozone/hadoop-ozone/integration-test/target/test-dir/MiniOzoneClusterImpl-885a2ac6-dd28-4da4-9cce-7871c001d77b/datanode-1/data-0/containers/hdds
2020-12-30 01:57:13,170 [Thread-733] INFO  ozoneimpl.ContainerReader (ContainerReader.java:readVolume(148)) - Finish verifying containers on volume /github/workspace/mnt/ozone/hadoop-ozone/integration-test/target/test-dir/MiniOzoneClusterImpl-885a2ac6-dd28-4da4-9cce-7871c001d77b/datanode-1/data-0/containers/hdds
2020-12-30 01:57:13,170 [Listener at 127.0.0.1/41627] INFO  ozoneimpl.OzoneContainer (OzoneContainer.java:buildContainerSet(194)) - Build ContainerSet costs 0s
2020-12-30 01:57:13,172 [Listener at 127.0.0.1/41627] INFO  server.RaftServer (ConfUtils.java:logGet(44)) - raft.rpc.type = GRPC (default)
2020-12-30 01:57:13,172 [Listener at 127.0.0.1/41627] INFO  grpc.GrpcFactory (GrpcFactory.java:checkPooledByteBufAllocatorUseCacheForAllThreads(48)) - PERFORMANCE WARNING: useCacheForAllThreads is true that may cause Netty to create a lot garbage objects and, as a result, trigger GC.
	It is recommended to disable useCacheForAllThreads by setting -Dorg.apache.ratis.thirdparty.io.netty.allocator.useCacheForAllThreads=false in command line.
2020-12-30 01:57:13,172 [Listener at 127.0.0.1/41627] INFO  grpc.GrpcConfigKeys (ConfUtils.java:logGet(44)) - raft.grpc.server.port = 0 (default)
2020-12-30 01:57:13,173 [Listener at 127.0.0.1/41627] INFO  server.GrpcService (ConfUtils.java:logGet(44)) - raft.grpc.message.size.max = 32MB (=33554432) (custom)
2020-12-30 01:57:13,173 [Listener at 127.0.0.1/41627] INFO  server.RaftServerConfigKeys (ConfUtils.java:logGet(44)) - raft.server.log.appender.buffer.byte-limit = 33554432 (custom)
2020-12-30 01:57:13,173 [Listener at 127.0.0.1/41627] INFO  server.GrpcService (ConfUtils.java:logGet(44)) - raft.grpc.flow.control.window = 5MB (=5242880) (custom)
2020-12-30 01:57:13,173 [Listener at 127.0.0.1/41627] INFO  server.RaftServerConfigKeys (ConfUtils.java:logGet(44)) - raft.server.rpc.request.timeout = 60s (custom)
2020-12-30 01:57:13,174 [Listener at 127.0.0.1/41627] INFO  impl.DataStreamServerImpl (ConfUtils.java:logGet(44)) - raft.datastream.type = DISABLED (default)
2020-12-30 01:57:13,174 [Listener at 127.0.0.1/41627] INFO  server.RaftServerConfigKeys (ConfUtils.java:logGet(44)) - raft.server.rpc.slowness.timeout = 300s (custom)
2020-12-30 01:57:13,174 [Listener at 127.0.0.1/41627] INFO  server.RaftServerConfigKeys (ConfUtils.java:logGet(44)) - raft.server.leaderelection.leader.step-down.wait-time = 10s (default)
2020-12-30 01:57:13,174 [Listener at 127.0.0.1/41627] INFO  server.RaftServerConfigKeys (ConfUtils.java:logGet(44)) - raft.server.storage.dir = [/github/workspace/mnt/ozone/hadoop-ozone/integration-test/target/test-dir/MiniOzoneClusterImpl-885a2ac6-dd28-4da4-9cce-7871c001d77b/datanode-1/data/ratis] (custom)
2020-12-30 01:57:13,179 [Listener at 127.0.0.1/41627] INFO  http.BaseHttpServer (BaseHttpServer.java:newHttpServer2BuilderForOzone(207)) - Starting Web-server for hddsDatanode at: http://0.0.0.0:0
2020-12-30 01:57:13,179 [Listener at 127.0.0.1/41627] INFO  http.BaseHttpServer (BaseHttpServer.java:<init>(106)) - Hadoop Security Enabled: false Ozone Security Enabled: false Ozone HTTP Security Enabled: false 
2020-12-30 01:57:13,180 [Listener at 127.0.0.1/41627] INFO  server.AuthenticationFilter (AuthenticationFilter.java:constructSecretProvider(240)) - Unable to initialize FileSignerSecretProvider, falling back to use random secrets.
2020-12-30 01:57:13,180 [Listener at 127.0.0.1/41627] WARN  http.HttpRequestLog (HttpRequestLog.java:getRequestLog(103)) - Jetty request log can only be enabled using Log4j
2020-12-30 01:57:13,181 [Listener at 127.0.0.1/41627] INFO  http.HttpServer2 (HttpServer2.java:addGlobalFilter(1020)) - Added global filter 'safety' (class=org.apache.hadoop.hdds.server.http.HttpServer2$QuotingInputFilter)
2020-12-30 01:57:13,182 [Listener at 127.0.0.1/41627] INFO  http.HttpServer2 (HttpServer2.java:addFilter(996)) - Added filter static_user_filter (class=org.apache.hadoop.http.lib.StaticUserWebFilter$StaticUserFilter) to context hddsDatanode
2020-12-30 01:57:13,182 [Listener at 127.0.0.1/41627] INFO  http.HttpServer2 (HttpServer2.java:addFilter(1004)) - Added filter static_user_filter (class=org.apache.hadoop.http.lib.StaticUserWebFilter$StaticUserFilter) to context static
2020-12-30 01:57:13,182 [Listener at 127.0.0.1/41627] INFO  http.HttpServer2 (HttpServer2.java:addFilter(1004)) - Added filter static_user_filter (class=org.apache.hadoop.http.lib.StaticUserWebFilter$StaticUserFilter) to context logs
2020-12-30 01:57:13,182 [Listener at 127.0.0.1/41627] INFO  http.HttpServer2 (HttpServer2.java:bindListener(1238)) - Jetty bound to port 34639
2020-12-30 01:57:13,182 [Listener at 127.0.0.1/41627] INFO  server.Server (Server.java:doStart(375)) - jetty-9.4.34.v20201102; built: 2020-11-02T14:15:39.302Z; git: e46af88704a893fc12cb0e3bf46e2c7b48a009e7; jvm 1.8.0_232-b09
2020-12-30 01:57:13,185 [Listener at 127.0.0.1/41627] INFO  server.session (DefaultSessionIdManager.java:doStart(334)) - DefaultSessionIdManager workerName=node0
2020-12-30 01:57:13,185 [Listener at 127.0.0.1/41627] INFO  server.session (DefaultSessionIdManager.java:doStart(339)) - No SessionScavenger set, using defaults
2020-12-30 01:57:13,185 [Listener at 127.0.0.1/41627] INFO  server.session (HouseKeeper.java:startScavenging(132)) - node0 Scavenging every 600000ms
2020-12-30 01:57:13,186 [Listener at 127.0.0.1/41627] INFO  handler.ContextHandler (ContextHandler.java:doStart(916)) - Started o.e.j.s.ServletContextHandler@7497471b{logs,/logs,file:///github/workspace/mnt/ozone/hadoop-ozone/integration-test/target/log,AVAILABLE}
2020-12-30 01:57:13,186 [Listener at 127.0.0.1/41627] INFO  handler.ContextHandler (ContextHandler.java:doStart(916)) - Started o.e.j.s.ServletContextHandler@de58d71{static,/static,jar:file:/home/user/.m2/repository/org/apache/hadoop/hadoop-hdds-container-service/1.1.0-SNAPSHOT/hadoop-hdds-container-service-1.1.0-SNAPSHOT.jar!/webapps/static,AVAILABLE}
2020-12-30 01:57:13,321 [Listener at 127.0.0.1/41627] INFO  handler.ContextHandler (ContextHandler.java:doStart(916)) - Started o.e.j.w.WebAppContext@21e827c8{hddsDatanode,/,file:///tmp/jetty-0_0_0_0-34639-hadoop-hdds-container-service-1_1_0-SNAPSHOT_jar-_-any-4581355219191749555/webapp/,AVAILABLE}{jar:file:/home/user/.m2/repository/org/apache/hadoop/hadoop-hdds-container-service/1.1.0-SNAPSHOT/hadoop-hdds-container-service-1.1.0-SNAPSHOT.jar!/webapps/hddsDatanode}
2020-12-30 01:57:13,325 [Listener at 127.0.0.1/41627] INFO  server.AbstractConnector (AbstractConnector.java:doStart(331)) - Started ServerConnector@598de6bf{HTTP/1.1, (http/1.1)}{0.0.0.0:34639}
2020-12-30 01:57:13,325 [Listener at 127.0.0.1/41627] INFO  server.Server (Server.java:doStart(415)) - Started @52296ms
2020-12-30 01:57:13,326 [Listener at 127.0.0.1/41627] WARN  impl.MetricsSystemImpl (MetricsSystemImpl.java:register(276)) - Sink prometheus already exists!
2020-12-30 01:57:13,329 [Listener at 127.0.0.1/41627] INFO  http.BaseHttpServer (BaseHttpServer.java:updateConnectorAddress(327)) - HTTP server of hddsDatanode listening at http://0.0.0.0:34639
2020-12-30 01:57:13,330 [Listener at 127.0.0.1/41627] INFO  impl.MetricsSystemImpl (MetricsSystemImpl.java:init(158)) - HddsDatanode metrics system started (again)
2020-12-30 01:57:13,332 [Listener at 127.0.0.1/41627] INFO  ozone.HddsDatanodeService (HddsDatanodeService.java:start(217)) - HddsDatanodeService host:e0a7f95c34ff ip:172.17.0.2
2020-12-30 01:57:13,333 [org.apache.hadoop.util.JvmPauseMonitor$Monitor@eaa5903] INFO  util.JvmPauseMonitor (JvmPauseMonitor.java:run(188)) - Starting JVM pause monitor
2020-12-30 01:57:13,335 [Datanode State Machine Task Thread - 0] INFO  datanode.InitDatanodeState (InitDatanodeState.java:persistContainerDatanodeDetails(145)) - DatanodeDetails is persisted to /github/workspace/mnt/ozone/hadoop-ozone/integration-test/target/test-dir/MiniOzoneClusterImpl-885a2ac6-dd28-4da4-9cce-7871c001d77b/datanode-1/meta/datanode.id
2020-12-30 01:57:13,338 [Listener at 127.0.0.1/41627] INFO  volume.HddsVolume (HddsVolume.java:<init>(176)) - Creating Volume: /github/workspace/mnt/ozone/hadoop-ozone/integration-test/target/test-dir/MiniOzoneClusterImpl-885a2ac6-dd28-4da4-9cce-7871c001d77b/datanode-2/data-0/containers/hdds of storage type : DISK and capacity : 9223372036854775807
2020-12-30 01:57:13,338 [Listener at 127.0.0.1/41627] INFO  volume.MutableVolumeSet (MutableVolumeSet.java:initializeVolumeSet(179)) - Added Volume : /github/workspace/mnt/ozone/hadoop-ozone/integration-test/target/test-dir/MiniOzoneClusterImpl-885a2ac6-dd28-4da4-9cce-7871c001d77b/datanode-2/data-0/containers/hdds to VolumeSet
2020-12-30 01:57:13,338 [Listener at 127.0.0.1/41627] INFO  volume.ThrottledAsyncChecker (ThrottledAsyncChecker.java:schedule(141)) - Scheduling a check for /github/workspace/mnt/ozone/hadoop-ozone/integration-test/target/test-dir/MiniOzoneClusterImpl-885a2ac6-dd28-4da4-9cce-7871c001d77b/datanode-2/data-0/containers/hdds
2020-12-30 01:57:13,339 [Listener at 127.0.0.1/41627] INFO  volume.HddsVolumeChecker (HddsVolumeChecker.java:checkAllVolumes(200)) - Scheduled health check for volume /github/workspace/mnt/ozone/hadoop-ozone/integration-test/target/test-dir/MiniOzoneClusterImpl-885a2ac6-dd28-4da4-9cce-7871c001d77b/datanode-2/data-0/containers/hdds
2020-12-30 01:57:13,354 [Thread-744] INFO  ozoneimpl.ContainerReader (ContainerReader.java:readVolume(123)) - Start to verify containers on volume /github/workspace/mnt/ozone/hadoop-ozone/integration-test/target/test-dir/MiniOzoneClusterImpl-885a2ac6-dd28-4da4-9cce-7871c001d77b/datanode-2/data-0/containers/hdds
2020-12-30 01:57:13,354 [Thread-744] INFO  ozoneimpl.ContainerReader (ContainerReader.java:readVolume(148)) - Finish verifying containers on volume /github/workspace/mnt/ozone/hadoop-ozone/integration-test/target/test-dir/MiniOzoneClusterImpl-885a2ac6-dd28-4da4-9cce-7871c001d77b/datanode-2/data-0/containers/hdds
2020-12-30 01:57:13,354 [Listener at 127.0.0.1/41627] INFO  ozoneimpl.OzoneContainer (OzoneContainer.java:buildContainerSet(194)) - Build ContainerSet costs 0s
2020-12-30 01:57:13,355 [Listener at 127.0.0.1/41627] INFO  server.RaftServer (ConfUtils.java:logGet(44)) - raft.rpc.type = GRPC (default)
2020-12-30 01:57:13,356 [Listener at 127.0.0.1/41627] INFO  grpc.GrpcFactory (GrpcFactory.java:checkPooledByteBufAllocatorUseCacheForAllThreads(48)) - PERFORMANCE WARNING: useCacheForAllThreads is true that may cause Netty to create a lot garbage objects and, as a result, trigger GC.
	It is recommended to disable useCacheForAllThreads by setting -Dorg.apache.ratis.thirdparty.io.netty.allocator.useCacheForAllThreads=false in command line.
2020-12-30 01:57:13,356 [Listener at 127.0.0.1/41627] INFO  grpc.GrpcConfigKeys (ConfUtils.java:logGet(44)) - raft.grpc.server.port = 0 (default)
2020-12-30 01:57:13,356 [Listener at 127.0.0.1/41627] INFO  server.GrpcService (ConfUtils.java:logGet(44)) - raft.grpc.message.size.max = 32MB (=33554432) (custom)
2020-12-30 01:57:13,356 [Listener at 127.0.0.1/41627] INFO  server.RaftServerConfigKeys (ConfUtils.java:logGet(44)) - raft.server.log.appender.buffer.byte-limit = 33554432 (custom)
2020-12-30 01:57:13,356 [Listener at 127.0.0.1/41627] INFO  server.GrpcService (ConfUtils.java:logGet(44)) - raft.grpc.flow.control.window = 5MB (=5242880) (custom)
2020-12-30 01:57:13,356 [Listener at 127.0.0.1/41627] INFO  server.RaftServerConfigKeys (ConfUtils.java:logGet(44)) - raft.server.rpc.request.timeout = 60s (custom)
2020-12-30 01:57:13,357 [Listener at 127.0.0.1/41627] INFO  impl.DataStreamServerImpl (ConfUtils.java:logGet(44)) - raft.datastream.type = DISABLED (default)
2020-12-30 01:57:13,357 [Listener at 127.0.0.1/41627] INFO  server.RaftServerConfigKeys (ConfUtils.java:logGet(44)) - raft.server.rpc.slowness.timeout = 300s (custom)
2020-12-30 01:57:13,357 [Listener at 127.0.0.1/41627] INFO  server.RaftServerConfigKeys (ConfUtils.java:logGet(44)) - raft.server.leaderelection.leader.step-down.wait-time = 10s (default)
2020-12-30 01:57:13,358 [Listener at 127.0.0.1/41627] INFO  server.RaftServerConfigKeys (ConfUtils.java:logGet(44)) - raft.server.storage.dir = [/github/workspace/mnt/ozone/hadoop-ozone/integration-test/target/test-dir/MiniOzoneClusterImpl-885a2ac6-dd28-4da4-9cce-7871c001d77b/datanode-2/data/ratis] (custom)
2020-12-30 01:57:13,362 [Listener at 127.0.0.1/41627] INFO  http.BaseHttpServer (BaseHttpServer.java:newHttpServer2BuilderForOzone(207)) - Starting Web-server for hddsDatanode at: http://0.0.0.0:0
2020-12-30 01:57:13,362 [Listener at 127.0.0.1/41627] INFO  http.BaseHttpServer (BaseHttpServer.java:<init>(106)) - Hadoop Security Enabled: false Ozone Security Enabled: false Ozone HTTP Security Enabled: false 
2020-12-30 01:57:13,363 [Listener at 127.0.0.1/41627] INFO  server.AuthenticationFilter (AuthenticationFilter.java:constructSecretProvider(240)) - Unable to initialize FileSignerSecretProvider, falling back to use random secrets.
2020-12-30 01:57:13,363 [Listener at 127.0.0.1/41627] WARN  http.HttpRequestLog (HttpRequestLog.java:getRequestLog(103)) - Jetty request log can only be enabled using Log4j
2020-12-30 01:57:13,364 [Listener at 127.0.0.1/41627] INFO  http.HttpServer2 (HttpServer2.java:addGlobalFilter(1020)) - Added global filter 'safety' (class=org.apache.hadoop.hdds.server.http.HttpServer2$QuotingInputFilter)
2020-12-30 01:57:13,364 [Listener at 127.0.0.1/41627] INFO  http.HttpServer2 (HttpServer2.java:addFilter(996)) - Added filter static_user_filter (class=org.apache.hadoop.http.lib.StaticUserWebFilter$StaticUserFilter) to context hddsDatanode
2020-12-30 01:57:13,364 [Listener at 127.0.0.1/41627] INFO  http.HttpServer2 (HttpServer2.java:addFilter(1004)) - Added filter static_user_filter (class=org.apache.hadoop.http.lib.StaticUserWebFilter$StaticUserFilter) to context static
2020-12-30 01:57:13,364 [Listener at 127.0.0.1/41627] INFO  http.HttpServer2 (HttpServer2.java:addFilter(1004)) - Added filter static_user_filter (class=org.apache.hadoop.http.lib.StaticUserWebFilter$StaticUserFilter) to context logs
2020-12-30 01:57:13,365 [Listener at 127.0.0.1/41627] INFO  http.HttpServer2 (HttpServer2.java:bindListener(1238)) - Jetty bound to port 45867
2020-12-30 01:57:13,365 [Listener at 127.0.0.1/41627] INFO  server.Server (Server.java:doStart(375)) - jetty-9.4.34.v20201102; built: 2020-11-02T14:15:39.302Z; git: e46af88704a893fc12cb0e3bf46e2c7b48a009e7; jvm 1.8.0_232-b09
2020-12-30 01:57:13,366 [Listener at 127.0.0.1/41627] INFO  server.session (DefaultSessionIdManager.java:doStart(334)) - DefaultSessionIdManager workerName=node0
2020-12-30 01:57:13,366 [Listener at 127.0.0.1/41627] INFO  server.session (DefaultSessionIdManager.java:doStart(339)) - No SessionScavenger set, using defaults
2020-12-30 01:57:13,367 [Listener at 127.0.0.1/41627] INFO  server.session (HouseKeeper.java:startScavenging(132)) - node0 Scavenging every 660000ms
2020-12-30 01:57:13,367 [Listener at 127.0.0.1/41627] INFO  handler.ContextHandler (ContextHandler.java:doStart(916)) - Started o.e.j.s.ServletContextHandler@4cfc4eb2{logs,/logs,file:///github/workspace/mnt/ozone/hadoop-ozone/integration-test/target/log,AVAILABLE}
2020-12-30 01:57:13,367 [Listener at 127.0.0.1/41627] INFO  handler.ContextHandler (ContextHandler.java:doStart(916)) - Started o.e.j.s.ServletContextHandler@2be9dfb0{static,/static,jar:file:/home/user/.m2/repository/org/apache/hadoop/hadoop-hdds-container-service/1.1.0-SNAPSHOT/hadoop-hdds-container-service-1.1.0-SNAPSHOT.jar!/webapps/static,AVAILABLE}
2020-12-30 01:57:13,506 [Listener at 127.0.0.1/41627] INFO  handler.ContextHandler (ContextHandler.java:doStart(916)) - Started o.e.j.w.WebAppContext@e9b227f{hddsDatanode,/,file:///tmp/jetty-0_0_0_0-45867-hadoop-hdds-container-service-1_1_0-SNAPSHOT_jar-_-any-1905091277904501402/webapp/,AVAILABLE}{jar:file:/home/user/.m2/repository/org/apache/hadoop/hadoop-hdds-container-service/1.1.0-SNAPSHOT/hadoop-hdds-container-service-1.1.0-SNAPSHOT.jar!/webapps/hddsDatanode}
2020-12-30 01:57:13,507 [Listener at 127.0.0.1/41627] INFO  server.AbstractConnector (AbstractConnector.java:doStart(331)) - Started ServerConnector@7d05e595{HTTP/1.1, (http/1.1)}{0.0.0.0:45867}
2020-12-30 01:57:13,507 [Listener at 127.0.0.1/41627] INFO  server.Server (Server.java:doStart(415)) - Started @52478ms
2020-12-30 01:57:13,507 [Listener at 127.0.0.1/41627] WARN  impl.MetricsSystemImpl (MetricsSystemImpl.java:register(276)) - Sink prometheus already exists!
2020-12-30 01:57:13,511 [Listener at 127.0.0.1/41627] INFO  http.BaseHttpServer (BaseHttpServer.java:updateConnectorAddress(327)) - HTTP server of hddsDatanode listening at http://0.0.0.0:45867
2020-12-30 01:57:13,514 [Listener at 127.0.0.1/41627] INFO  impl.MetricsSystemImpl (MetricsSystemImpl.java:init(158)) - HddsDatanode metrics system started (again)
2020-12-30 01:57:13,514 [org.apache.hadoop.util.JvmPauseMonitor$Monitor@3ea2a95d] INFO  util.JvmPauseMonitor (JvmPauseMonitor.java:run(188)) - Starting JVM pause monitor
2020-12-30 01:57:13,515 [Listener at 127.0.0.1/41627] INFO  ozone.HddsDatanodeService (HddsDatanodeService.java:start(217)) - HddsDatanodeService host:e0a7f95c34ff ip:172.17.0.2
2020-12-30 01:57:13,515 [Datanode State Machine Task Thread - 0] INFO  datanode.InitDatanodeState (InitDatanodeState.java:persistContainerDatanodeDetails(145)) - DatanodeDetails is persisted to /github/workspace/mnt/ozone/hadoop-ozone/integration-test/target/test-dir/MiniOzoneClusterImpl-885a2ac6-dd28-4da4-9cce-7871c001d77b/datanode-2/meta/datanode.id
2020-12-30 01:57:13,516 [Listener at 127.0.0.1/41627] INFO  volume.HddsVolume (HddsVolume.java:<init>(176)) - Creating Volume: /github/workspace/mnt/ozone/hadoop-ozone/integration-test/target/test-dir/MiniOzoneClusterImpl-885a2ac6-dd28-4da4-9cce-7871c001d77b/datanode-3/data-0/containers/hdds of storage type : DISK and capacity : 9223372036854775807
2020-12-30 01:57:13,516 [Listener at 127.0.0.1/41627] INFO  volume.MutableVolumeSet (MutableVolumeSet.java:initializeVolumeSet(179)) - Added Volume : /github/workspace/mnt/ozone/hadoop-ozone/integration-test/target/test-dir/MiniOzoneClusterImpl-885a2ac6-dd28-4da4-9cce-7871c001d77b/datanode-3/data-0/containers/hdds to VolumeSet
2020-12-30 01:57:13,516 [Listener at 127.0.0.1/41627] INFO  volume.ThrottledAsyncChecker (ThrottledAsyncChecker.java:schedule(141)) - Scheduling a check for /github/workspace/mnt/ozone/hadoop-ozone/integration-test/target/test-dir/MiniOzoneClusterImpl-885a2ac6-dd28-4da4-9cce-7871c001d77b/datanode-3/data-0/containers/hdds
2020-12-30 01:57:13,517 [Listener at 127.0.0.1/41627] INFO  volume.HddsVolumeChecker (HddsVolumeChecker.java:checkAllVolumes(200)) - Scheduled health check for volume /github/workspace/mnt/ozone/hadoop-ozone/integration-test/target/test-dir/MiniOzoneClusterImpl-885a2ac6-dd28-4da4-9cce-7871c001d77b/datanode-3/data-0/containers/hdds
2020-12-30 01:57:13,529 [Thread-755] INFO  ozoneimpl.ContainerReader (ContainerReader.java:readVolume(123)) - Start to verify containers on volume /github/workspace/mnt/ozone/hadoop-ozone/integration-test/target/test-dir/MiniOzoneClusterImpl-885a2ac6-dd28-4da4-9cce-7871c001d77b/datanode-3/data-0/containers/hdds
2020-12-30 01:57:13,529 [Thread-755] INFO  ozoneimpl.ContainerReader (ContainerReader.java:readVolume(148)) - Finish verifying containers on volume /github/workspace/mnt/ozone/hadoop-ozone/integration-test/target/test-dir/MiniOzoneClusterImpl-885a2ac6-dd28-4da4-9cce-7871c001d77b/datanode-3/data-0/containers/hdds
2020-12-30 01:57:13,529 [Listener at 127.0.0.1/41627] INFO  ozoneimpl.OzoneContainer (OzoneContainer.java:buildContainerSet(194)) - Build ContainerSet costs 0s
2020-12-30 01:57:13,530 [Listener at 127.0.0.1/41627] INFO  server.RaftServer (ConfUtils.java:logGet(44)) - raft.rpc.type = GRPC (default)
2020-12-30 01:57:13,530 [Listener at 127.0.0.1/41627] INFO  grpc.GrpcFactory (GrpcFactory.java:checkPooledByteBufAllocatorUseCacheForAllThreads(48)) - PERFORMANCE WARNING: useCacheForAllThreads is true that may cause Netty to create a lot garbage objects and, as a result, trigger GC.
	It is recommended to disable useCacheForAllThreads by setting -Dorg.apache.ratis.thirdparty.io.netty.allocator.useCacheForAllThreads=false in command line.
2020-12-30 01:57:13,531 [Listener at 127.0.0.1/41627] INFO  grpc.GrpcConfigKeys (ConfUtils.java:logGet(44)) - raft.grpc.server.port = 0 (default)
2020-12-30 01:57:13,531 [Listener at 127.0.0.1/41627] INFO  server.GrpcService (ConfUtils.java:logGet(44)) - raft.grpc.message.size.max = 32MB (=33554432) (custom)
2020-12-30 01:57:13,531 [Listener at 127.0.0.1/41627] INFO  server.RaftServerConfigKeys (ConfUtils.java:logGet(44)) - raft.server.log.appender.buffer.byte-limit = 33554432 (custom)
2020-12-30 01:57:13,531 [Listener at 127.0.0.1/41627] INFO  server.GrpcService (ConfUtils.java:logGet(44)) - raft.grpc.flow.control.window = 5MB (=5242880) (custom)
2020-12-30 01:57:13,531 [Listener at 127.0.0.1/41627] INFO  server.RaftServerConfigKeys (ConfUtils.java:logGet(44)) - raft.server.rpc.request.timeout = 60s (custom)
2020-12-30 01:57:13,532 [Listener at 127.0.0.1/41627] INFO  impl.DataStreamServerImpl (ConfUtils.java:logGet(44)) - raft.datastream.type = DISABLED (default)
2020-12-30 01:57:13,532 [Listener at 127.0.0.1/41627] INFO  server.RaftServerConfigKeys (ConfUtils.java:logGet(44)) - raft.server.rpc.slowness.timeout = 300s (custom)
2020-12-30 01:57:13,532 [Listener at 127.0.0.1/41627] INFO  server.RaftServerConfigKeys (ConfUtils.java:logGet(44)) - raft.server.leaderelection.leader.step-down.wait-time = 10s (default)
2020-12-30 01:57:13,532 [Listener at 127.0.0.1/41627] INFO  server.RaftServerConfigKeys (ConfUtils.java:logGet(44)) - raft.server.storage.dir = [/github/workspace/mnt/ozone/hadoop-ozone/integration-test/target/test-dir/MiniOzoneClusterImpl-885a2ac6-dd28-4da4-9cce-7871c001d77b/datanode-3/data/ratis] (custom)
2020-12-30 01:57:13,536 [Listener at 127.0.0.1/41627] INFO  http.BaseHttpServer (BaseHttpServer.java:newHttpServer2BuilderForOzone(207)) - Starting Web-server for hddsDatanode at: http://0.0.0.0:0
2020-12-30 01:57:13,536 [Listener at 127.0.0.1/41627] INFO  http.BaseHttpServer (BaseHttpServer.java:<init>(106)) - Hadoop Security Enabled: false Ozone Security Enabled: false Ozone HTTP Security Enabled: false 
2020-12-30 01:57:13,537 [Listener at 127.0.0.1/41627] INFO  server.AuthenticationFilter (AuthenticationFilter.java:constructSecretProvider(240)) - Unable to initialize FileSignerSecretProvider, falling back to use random secrets.
2020-12-30 01:57:13,538 [Listener at 127.0.0.1/41627] WARN  http.HttpRequestLog (HttpRequestLog.java:getRequestLog(103)) - Jetty request log can only be enabled using Log4j
2020-12-30 01:57:13,538 [Listener at 127.0.0.1/41627] INFO  http.HttpServer2 (HttpServer2.java:addGlobalFilter(1020)) - Added global filter 'safety' (class=org.apache.hadoop.hdds.server.http.HttpServer2$QuotingInputFilter)
2020-12-30 01:57:13,539 [Listener at 127.0.0.1/41627] INFO  http.HttpServer2 (HttpServer2.java:addFilter(996)) - Added filter static_user_filter (class=org.apache.hadoop.http.lib.StaticUserWebFilter$StaticUserFilter) to context hddsDatanode
2020-12-30 01:57:13,539 [Listener at 127.0.0.1/41627] INFO  http.HttpServer2 (HttpServer2.java:addFilter(1004)) - Added filter static_user_filter (class=org.apache.hadoop.http.lib.StaticUserWebFilter$StaticUserFilter) to context static
2020-12-30 01:57:13,539 [Listener at 127.0.0.1/41627] INFO  http.HttpServer2 (HttpServer2.java:addFilter(1004)) - Added filter static_user_filter (class=org.apache.hadoop.http.lib.StaticUserWebFilter$StaticUserFilter) to context logs
2020-12-30 01:57:13,539 [Listener at 127.0.0.1/41627] INFO  http.HttpServer2 (HttpServer2.java:bindListener(1238)) - Jetty bound to port 37751
2020-12-30 01:57:13,539 [Listener at 127.0.0.1/41627] INFO  server.Server (Server.java:doStart(375)) - jetty-9.4.34.v20201102; built: 2020-11-02T14:15:39.302Z; git: e46af88704a893fc12cb0e3bf46e2c7b48a009e7; jvm 1.8.0_232-b09
2020-12-30 01:57:13,545 [Listener at 127.0.0.1/41627] INFO  server.session (DefaultSessionIdManager.java:doStart(334)) - DefaultSessionIdManager workerName=node0
2020-12-30 01:57:13,545 [Listener at 127.0.0.1/41627] INFO  server.session (DefaultSessionIdManager.java:doStart(339)) - No SessionScavenger set, using defaults
2020-12-30 01:57:13,545 [Listener at 127.0.0.1/41627] INFO  server.session (HouseKeeper.java:startScavenging(132)) - node0 Scavenging every 600000ms
2020-12-30 01:57:13,546 [Listener at 127.0.0.1/41627] INFO  handler.ContextHandler (ContextHandler.java:doStart(916)) - Started o.e.j.s.ServletContextHandler@66325a4d{logs,/logs,file:///github/workspace/mnt/ozone/hadoop-ozone/integration-test/target/log,AVAILABLE}
2020-12-30 01:57:13,546 [Listener at 127.0.0.1/41627] INFO  handler.ContextHandler (ContextHandler.java:doStart(916)) - Started o.e.j.s.ServletContextHandler@7f8d4ff4{static,/static,jar:file:/home/user/.m2/repository/org/apache/hadoop/hadoop-hdds-container-service/1.1.0-SNAPSHOT/hadoop-hdds-container-service-1.1.0-SNAPSHOT.jar!/webapps/static,AVAILABLE}
2020-12-30 01:57:13,681 [Listener at 127.0.0.1/41627] INFO  handler.ContextHandler (ContextHandler.java:doStart(916)) - Started o.e.j.w.WebAppContext@42f814cd{hddsDatanode,/,file:///tmp/jetty-0_0_0_0-37751-hadoop-hdds-container-service-1_1_0-SNAPSHOT_jar-_-any-338813731485640030/webapp/,AVAILABLE}{jar:file:/home/user/.m2/repository/org/apache/hadoop/hadoop-hdds-container-service/1.1.0-SNAPSHOT/hadoop-hdds-container-service-1.1.0-SNAPSHOT.jar!/webapps/hddsDatanode}
2020-12-30 01:57:13,682 [Listener at 127.0.0.1/41627] INFO  server.AbstractConnector (AbstractConnector.java:doStart(331)) - Started ServerConnector@52fe8d86{HTTP/1.1, (http/1.1)}{0.0.0.0:37751}
2020-12-30 01:57:13,682 [Listener at 127.0.0.1/41627] INFO  server.Server (Server.java:doStart(415)) - Started @52653ms
2020-12-30 01:57:13,683 [Listener at 127.0.0.1/41627] WARN  impl.MetricsSystemImpl (MetricsSystemImpl.java:register(276)) - Sink prometheus already exists!
2020-12-30 01:57:13,687 [Listener at 127.0.0.1/41627] INFO  http.BaseHttpServer (BaseHttpServer.java:updateConnectorAddress(327)) - HTTP server of hddsDatanode listening at http://0.0.0.0:37751
2020-12-30 01:57:13,690 [Listener at 127.0.0.1/41627] INFO  impl.MetricsSystemImpl (MetricsSystemImpl.java:init(158)) - HddsDatanode metrics system started (again)
2020-12-30 01:57:13,694 [Listener at 127.0.0.1/41627] INFO  ozone.HddsDatanodeService (HddsDatanodeService.java:start(217)) - HddsDatanodeService host:e0a7f95c34ff ip:172.17.0.2
2020-12-30 01:57:13,694 [org.apache.hadoop.util.JvmPauseMonitor$Monitor@43eaf511] INFO  util.JvmPauseMonitor (JvmPauseMonitor.java:run(188)) - Starting JVM pause monitor
2020-12-30 01:57:13,695 [Datanode State Machine Task Thread - 0] INFO  datanode.InitDatanodeState (InitDatanodeState.java:persistContainerDatanodeDetails(145)) - DatanodeDetails is persisted to /github/workspace/mnt/ozone/hadoop-ozone/integration-test/target/test-dir/MiniOzoneClusterImpl-885a2ac6-dd28-4da4-9cce-7871c001d77b/datanode-3/meta/datanode.id
2020-12-30 01:57:13,695 [Listener at 127.0.0.1/41627] INFO  volume.HddsVolume (HddsVolume.java:<init>(176)) - Creating Volume: /github/workspace/mnt/ozone/hadoop-ozone/integration-test/target/test-dir/MiniOzoneClusterImpl-885a2ac6-dd28-4da4-9cce-7871c001d77b/datanode-4/data-0/containers/hdds of storage type : DISK and capacity : 9223372036854775807
2020-12-30 01:57:13,696 [Listener at 127.0.0.1/41627] INFO  volume.MutableVolumeSet (MutableVolumeSet.java:initializeVolumeSet(179)) - Added Volume : /github/workspace/mnt/ozone/hadoop-ozone/integration-test/target/test-dir/MiniOzoneClusterImpl-885a2ac6-dd28-4da4-9cce-7871c001d77b/datanode-4/data-0/containers/hdds to VolumeSet
2020-12-30 01:57:13,696 [Listener at 127.0.0.1/41627] INFO  volume.ThrottledAsyncChecker (ThrottledAsyncChecker.java:schedule(141)) - Scheduling a check for /github/workspace/mnt/ozone/hadoop-ozone/integration-test/target/test-dir/MiniOzoneClusterImpl-885a2ac6-dd28-4da4-9cce-7871c001d77b/datanode-4/data-0/containers/hdds
2020-12-30 01:57:13,696 [Listener at 127.0.0.1/41627] INFO  volume.HddsVolumeChecker (HddsVolumeChecker.java:checkAllVolumes(200)) - Scheduled health check for volume /github/workspace/mnt/ozone/hadoop-ozone/integration-test/target/test-dir/MiniOzoneClusterImpl-885a2ac6-dd28-4da4-9cce-7871c001d77b/datanode-4/data-0/containers/hdds
2020-12-30 01:57:13,710 [Thread-766] INFO  ozoneimpl.ContainerReader (ContainerReader.java:readVolume(123)) - Start to verify containers on volume /github/workspace/mnt/ozone/hadoop-ozone/integration-test/target/test-dir/MiniOzoneClusterImpl-885a2ac6-dd28-4da4-9cce-7871c001d77b/datanode-4/data-0/containers/hdds
2020-12-30 01:57:13,710 [Thread-766] INFO  ozoneimpl.ContainerReader (ContainerReader.java:readVolume(148)) - Finish verifying containers on volume /github/workspace/mnt/ozone/hadoop-ozone/integration-test/target/test-dir/MiniOzoneClusterImpl-885a2ac6-dd28-4da4-9cce-7871c001d77b/datanode-4/data-0/containers/hdds
2020-12-30 01:57:13,710 [Listener at 127.0.0.1/41627] INFO  ozoneimpl.OzoneContainer (OzoneContainer.java:buildContainerSet(194)) - Build ContainerSet costs 0s
2020-12-30 01:57:13,712 [Listener at 127.0.0.1/41627] INFO  server.RaftServer (ConfUtils.java:logGet(44)) - raft.rpc.type = GRPC (default)
2020-12-30 01:57:13,712 [Listener at 127.0.0.1/41627] INFO  grpc.GrpcFactory (GrpcFactory.java:checkPooledByteBufAllocatorUseCacheForAllThreads(48)) - PERFORMANCE WARNING: useCacheForAllThreads is true that may cause Netty to create a lot garbage objects and, as a result, trigger GC.
	It is recommended to disable useCacheForAllThreads by setting -Dorg.apache.ratis.thirdparty.io.netty.allocator.useCacheForAllThreads=false in command line.
2020-12-30 01:57:13,712 [Listener at 127.0.0.1/41627] INFO  grpc.GrpcConfigKeys (ConfUtils.java:logGet(44)) - raft.grpc.server.port = 0 (default)
2020-12-30 01:57:13,713 [Listener at 127.0.0.1/41627] INFO  server.GrpcService (ConfUtils.java:logGet(44)) - raft.grpc.message.size.max = 32MB (=33554432) (custom)
2020-12-30 01:57:13,713 [Listener at 127.0.0.1/41627] INFO  server.RaftServerConfigKeys (ConfUtils.java:logGet(44)) - raft.server.log.appender.buffer.byte-limit = 33554432 (custom)
2020-12-30 01:57:13,713 [Listener at 127.0.0.1/41627] INFO  server.GrpcService (ConfUtils.java:logGet(44)) - raft.grpc.flow.control.window = 5MB (=5242880) (custom)
2020-12-30 01:57:13,713 [Listener at 127.0.0.1/41627] INFO  server.RaftServerConfigKeys (ConfUtils.java:logGet(44)) - raft.server.rpc.request.timeout = 60s (custom)
2020-12-30 01:57:13,714 [Listener at 127.0.0.1/41627] INFO  impl.DataStreamServerImpl (ConfUtils.java:logGet(44)) - raft.datastream.type = DISABLED (default)
2020-12-30 01:57:13,714 [Listener at 127.0.0.1/41627] INFO  server.RaftServerConfigKeys (ConfUtils.java:logGet(44)) - raft.server.rpc.slowness.timeout = 300s (custom)
2020-12-30 01:57:13,714 [Listener at 127.0.0.1/41627] INFO  server.RaftServerConfigKeys (ConfUtils.java:logGet(44)) - raft.server.leaderelection.leader.step-down.wait-time = 10s (default)
2020-12-30 01:57:13,714 [Listener at 127.0.0.1/41627] INFO  server.RaftServerConfigKeys (ConfUtils.java:logGet(44)) - raft.server.storage.dir = [/github/workspace/mnt/ozone/hadoop-ozone/integration-test/target/test-dir/MiniOzoneClusterImpl-885a2ac6-dd28-4da4-9cce-7871c001d77b/datanode-4/data/ratis] (custom)
2020-12-30 01:57:13,719 [Listener at 127.0.0.1/41627] INFO  http.BaseHttpServer (BaseHttpServer.java:newHttpServer2BuilderForOzone(207)) - Starting Web-server for hddsDatanode at: http://0.0.0.0:0
2020-12-30 01:57:13,719 [Listener at 127.0.0.1/41627] INFO  http.BaseHttpServer (BaseHttpServer.java:<init>(106)) - Hadoop Security Enabled: false Ozone Security Enabled: false Ozone HTTP Security Enabled: false 
2020-12-30 01:57:13,720 [Listener at 127.0.0.1/41627] INFO  server.AuthenticationFilter (AuthenticationFilter.java:constructSecretProvider(240)) - Unable to initialize FileSignerSecretProvider, falling back to use random secrets.
2020-12-30 01:57:13,721 [Listener at 127.0.0.1/41627] WARN  http.HttpRequestLog (HttpRequestLog.java:getRequestLog(103)) - Jetty request log can only be enabled using Log4j
2020-12-30 01:57:13,721 [Listener at 127.0.0.1/41627] INFO  http.HttpServer2 (HttpServer2.java:addGlobalFilter(1020)) - Added global filter 'safety' (class=org.apache.hadoop.hdds.server.http.HttpServer2$QuotingInputFilter)
2020-12-30 01:57:13,722 [Listener at 127.0.0.1/41627] INFO  http.HttpServer2 (HttpServer2.java:addFilter(996)) - Added filter static_user_filter (class=org.apache.hadoop.http.lib.StaticUserWebFilter$StaticUserFilter) to context hddsDatanode
2020-12-30 01:57:13,722 [Listener at 127.0.0.1/41627] INFO  http.HttpServer2 (HttpServer2.java:addFilter(1004)) - Added filter static_user_filter (class=org.apache.hadoop.http.lib.StaticUserWebFilter$StaticUserFilter) to context logs
2020-12-30 01:57:13,722 [Listener at 127.0.0.1/41627] INFO  http.HttpServer2 (HttpServer2.java:addFilter(1004)) - Added filter static_user_filter (class=org.apache.hadoop.http.lib.StaticUserWebFilter$StaticUserFilter) to context static
2020-12-30 01:57:13,723 [Listener at 127.0.0.1/41627] INFO  http.HttpServer2 (HttpServer2.java:bindListener(1238)) - Jetty bound to port 36531
2020-12-30 01:57:13,723 [Listener at 127.0.0.1/41627] INFO  server.Server (Server.java:doStart(375)) - jetty-9.4.34.v20201102; built: 2020-11-02T14:15:39.302Z; git: e46af88704a893fc12cb0e3bf46e2c7b48a009e7; jvm 1.8.0_232-b09
2020-12-30 01:57:13,729 [Listener at 127.0.0.1/41627] INFO  server.session (DefaultSessionIdManager.java:doStart(334)) - DefaultSessionIdManager workerName=node0
2020-12-30 01:57:13,730 [Listener at 127.0.0.1/41627] INFO  server.session (DefaultSessionIdManager.java:doStart(339)) - No SessionScavenger set, using defaults
2020-12-30 01:57:13,730 [Listener at 127.0.0.1/41627] INFO  server.session (HouseKeeper.java:startScavenging(132)) - node0 Scavenging every 660000ms
2020-12-30 01:57:13,731 [Listener at 127.0.0.1/41627] INFO  handler.ContextHandler (ContextHandler.java:doStart(916)) - Started o.e.j.s.ServletContextHandler@ef10390{logs,/logs,file:///github/workspace/mnt/ozone/hadoop-ozone/integration-test/target/log,AVAILABLE}
2020-12-30 01:57:13,731 [Listener at 127.0.0.1/41627] INFO  handler.ContextHandler (ContextHandler.java:doStart(916)) - Started o.e.j.s.ServletContextHandler@1079496c{static,/static,jar:file:/home/user/.m2/repository/org/apache/hadoop/hadoop-hdds-container-service/1.1.0-SNAPSHOT/hadoop-hdds-container-service-1.1.0-SNAPSHOT.jar!/webapps/static,AVAILABLE}
2020-12-30 01:57:13,877 [Listener at 127.0.0.1/41627] INFO  handler.ContextHandler (ContextHandler.java:doStart(916)) - Started o.e.j.w.WebAppContext@1a4e3cbb{hddsDatanode,/,file:///tmp/jetty-0_0_0_0-36531-hadoop-hdds-container-service-1_1_0-SNAPSHOT_jar-_-any-45925706173076382/webapp/,AVAILABLE}{jar:file:/home/user/.m2/repository/org/apache/hadoop/hadoop-hdds-container-service/1.1.0-SNAPSHOT/hadoop-hdds-container-service-1.1.0-SNAPSHOT.jar!/webapps/hddsDatanode}
2020-12-30 01:57:13,878 [Listener at 127.0.0.1/41627] INFO  server.AbstractConnector (AbstractConnector.java:doStart(331)) - Started ServerConnector@4cc3e43d{HTTP/1.1, (http/1.1)}{0.0.0.0:36531}
2020-12-30 01:57:13,879 [Listener at 127.0.0.1/41627] INFO  server.Server (Server.java:doStart(415)) - Started @52849ms
2020-12-30 01:57:13,879 [Listener at 127.0.0.1/41627] WARN  impl.MetricsSystemImpl (MetricsSystemImpl.java:register(276)) - Sink prometheus already exists!
2020-12-30 01:57:13,882 [Listener at 127.0.0.1/41627] INFO  http.BaseHttpServer (BaseHttpServer.java:updateConnectorAddress(327)) - HTTP server of hddsDatanode listening at http://0.0.0.0:36531
2020-12-30 01:57:13,887 [Listener at 127.0.0.1/41627] INFO  impl.MetricsSystemImpl (MetricsSystemImpl.java:init(158)) - HddsDatanode metrics system started (again)
2020-12-30 01:57:13,888 [org.apache.hadoop.util.JvmPauseMonitor$Monitor@7a02e0a8] INFO  util.JvmPauseMonitor (JvmPauseMonitor.java:run(188)) - Starting JVM pause monitor
2020-12-30 01:57:13,888 [Listener at 127.0.0.1/41627] INFO  ozone.HddsDatanodeService (HddsDatanodeService.java:start(217)) - HddsDatanodeService host:e0a7f95c34ff ip:172.17.0.2
2020-12-30 01:57:13,890 [Datanode State Machine Task Thread - 0] INFO  datanode.InitDatanodeState (InitDatanodeState.java:persistContainerDatanodeDetails(145)) - DatanodeDetails is persisted to /github/workspace/mnt/ozone/hadoop-ozone/integration-test/target/test-dir/MiniOzoneClusterImpl-885a2ac6-dd28-4da4-9cce-7871c001d77b/datanode-4/meta/datanode.id
2020-12-30 01:57:13,892 [Listener at 127.0.0.1/41627] INFO  volume.HddsVolume (HddsVolume.java:<init>(176)) - Creating Volume: /github/workspace/mnt/ozone/hadoop-ozone/integration-test/target/test-dir/MiniOzoneClusterImpl-885a2ac6-dd28-4da4-9cce-7871c001d77b/datanode-5/data-0/containers/hdds of storage type : DISK and capacity : 9223372036854775807
2020-12-30 01:57:13,892 [Listener at 127.0.0.1/41627] INFO  volume.MutableVolumeSet (MutableVolumeSet.java:initializeVolumeSet(179)) - Added Volume : /github/workspace/mnt/ozone/hadoop-ozone/integration-test/target/test-dir/MiniOzoneClusterImpl-885a2ac6-dd28-4da4-9cce-7871c001d77b/datanode-5/data-0/containers/hdds to VolumeSet
2020-12-30 01:57:13,892 [Listener at 127.0.0.1/41627] INFO  volume.ThrottledAsyncChecker (ThrottledAsyncChecker.java:schedule(141)) - Scheduling a check for /github/workspace/mnt/ozone/hadoop-ozone/integration-test/target/test-dir/MiniOzoneClusterImpl-885a2ac6-dd28-4da4-9cce-7871c001d77b/datanode-5/data-0/containers/hdds
2020-12-30 01:57:13,893 [Listener at 127.0.0.1/41627] INFO  volume.HddsVolumeChecker (HddsVolumeChecker.java:checkAllVolumes(200)) - Scheduled health check for volume /github/workspace/mnt/ozone/hadoop-ozone/integration-test/target/test-dir/MiniOzoneClusterImpl-885a2ac6-dd28-4da4-9cce-7871c001d77b/datanode-5/data-0/containers/hdds
2020-12-30 01:57:13,905 [Thread-777] INFO  ozoneimpl.ContainerReader (ContainerReader.java:readVolume(123)) - Start to verify containers on volume /github/workspace/mnt/ozone/hadoop-ozone/integration-test/target/test-dir/MiniOzoneClusterImpl-885a2ac6-dd28-4da4-9cce-7871c001d77b/datanode-5/data-0/containers/hdds
2020-12-30 01:57:13,905 [Thread-777] INFO  ozoneimpl.ContainerReader (ContainerReader.java:readVolume(148)) - Finish verifying containers on volume /github/workspace/mnt/ozone/hadoop-ozone/integration-test/target/test-dir/MiniOzoneClusterImpl-885a2ac6-dd28-4da4-9cce-7871c001d77b/datanode-5/data-0/containers/hdds
2020-12-30 01:57:13,905 [Listener at 127.0.0.1/41627] INFO  ozoneimpl.OzoneContainer (OzoneContainer.java:buildContainerSet(194)) - Build ContainerSet costs 0s
2020-12-30 01:57:13,906 [Listener at 127.0.0.1/41627] INFO  server.RaftServer (ConfUtils.java:logGet(44)) - raft.rpc.type = GRPC (default)
2020-12-30 01:57:13,907 [Listener at 127.0.0.1/41627] INFO  grpc.GrpcFactory (GrpcFactory.java:checkPooledByteBufAllocatorUseCacheForAllThreads(48)) - PERFORMANCE WARNING: useCacheForAllThreads is true that may cause Netty to create a lot garbage objects and, as a result, trigger GC.
	It is recommended to disable useCacheForAllThreads by setting -Dorg.apache.ratis.thirdparty.io.netty.allocator.useCacheForAllThreads=false in command line.
2020-12-30 01:57:13,907 [Listener at 127.0.0.1/41627] INFO  grpc.GrpcConfigKeys (ConfUtils.java:logGet(44)) - raft.grpc.server.port = 0 (default)
2020-12-30 01:57:13,907 [Listener at 127.0.0.1/41627] INFO  server.GrpcService (ConfUtils.java:logGet(44)) - raft.grpc.message.size.max = 32MB (=33554432) (custom)
2020-12-30 01:57:13,907 [Listener at 127.0.0.1/41627] INFO  server.RaftServerConfigKeys (ConfUtils.java:logGet(44)) - raft.server.log.appender.buffer.byte-limit = 33554432 (custom)
2020-12-30 01:57:13,907 [Listener at 127.0.0.1/41627] INFO  server.GrpcService (ConfUtils.java:logGet(44)) - raft.grpc.flow.control.window = 5MB (=5242880) (custom)
2020-12-30 01:57:13,907 [Listener at 127.0.0.1/41627] INFO  server.RaftServerConfigKeys (ConfUtils.java:logGet(44)) - raft.server.rpc.request.timeout = 60s (custom)
2020-12-30 01:57:13,908 [Listener at 127.0.0.1/41627] INFO  impl.DataStreamServerImpl (ConfUtils.java:logGet(44)) - raft.datastream.type = DISABLED (default)
2020-12-30 01:57:13,908 [Listener at 127.0.0.1/41627] INFO  server.RaftServerConfigKeys (ConfUtils.java:logGet(44)) - raft.server.rpc.slowness.timeout = 300s (custom)
2020-12-30 01:57:13,908 [Listener at 127.0.0.1/41627] INFO  server.RaftServerConfigKeys (ConfUtils.java:logGet(44)) - raft.server.leaderelection.leader.step-down.wait-time = 10s (default)
2020-12-30 01:57:13,908 [Listener at 127.0.0.1/41627] INFO  server.RaftServerConfigKeys (ConfUtils.java:logGet(44)) - raft.server.storage.dir = [/github/workspace/mnt/ozone/hadoop-ozone/integration-test/target/test-dir/MiniOzoneClusterImpl-885a2ac6-dd28-4da4-9cce-7871c001d77b/datanode-5/data/ratis] (custom)
2020-12-30 01:57:13,913 [Listener at 127.0.0.1/41627] INFO  http.BaseHttpServer (BaseHttpServer.java:newHttpServer2BuilderForOzone(207)) - Starting Web-server for hddsDatanode at: http://0.0.0.0:0
2020-12-30 01:57:13,913 [Listener at 127.0.0.1/41627] INFO  http.BaseHttpServer (BaseHttpServer.java:<init>(106)) - Hadoop Security Enabled: false Ozone Security Enabled: false Ozone HTTP Security Enabled: false 
2020-12-30 01:57:13,914 [Listener at 127.0.0.1/41627] INFO  server.AuthenticationFilter (AuthenticationFilter.java:constructSecretProvider(240)) - Unable to initialize FileSignerSecretProvider, falling back to use random secrets.
2020-12-30 01:57:13,914 [Listener at 127.0.0.1/41627] WARN  http.HttpRequestLog (HttpRequestLog.java:getRequestLog(103)) - Jetty request log can only be enabled using Log4j
2020-12-30 01:57:13,915 [Listener at 127.0.0.1/41627] INFO  http.HttpServer2 (HttpServer2.java:addGlobalFilter(1020)) - Added global filter 'safety' (class=org.apache.hadoop.hdds.server.http.HttpServer2$QuotingInputFilter)
2020-12-30 01:57:13,915 [Listener at 127.0.0.1/41627] INFO  http.HttpServer2 (HttpServer2.java:addFilter(996)) - Added filter static_user_filter (class=org.apache.hadoop.http.lib.StaticUserWebFilter$StaticUserFilter) to context hddsDatanode
2020-12-30 01:57:13,915 [Listener at 127.0.0.1/41627] INFO  http.HttpServer2 (HttpServer2.java:addFilter(1004)) - Added filter static_user_filter (class=org.apache.hadoop.http.lib.StaticUserWebFilter$StaticUserFilter) to context static
2020-12-30 01:57:13,915 [Listener at 127.0.0.1/41627] INFO  http.HttpServer2 (HttpServer2.java:addFilter(1004)) - Added filter static_user_filter (class=org.apache.hadoop.http.lib.StaticUserWebFilter$StaticUserFilter) to context logs
2020-12-30 01:57:13,916 [Listener at 127.0.0.1/41627] INFO  http.HttpServer2 (HttpServer2.java:bindListener(1238)) - Jetty bound to port 40429
2020-12-30 01:57:13,916 [Listener at 127.0.0.1/41627] INFO  server.Server (Server.java:doStart(375)) - jetty-9.4.34.v20201102; built: 2020-11-02T14:15:39.302Z; git: e46af88704a893fc12cb0e3bf46e2c7b48a009e7; jvm 1.8.0_232-b09
2020-12-30 01:57:13,917 [Listener at 127.0.0.1/41627] INFO  server.session (DefaultSessionIdManager.java:doStart(334)) - DefaultSessionIdManager workerName=node0
2020-12-30 01:57:13,917 [Listener at 127.0.0.1/41627] INFO  server.session (DefaultSessionIdManager.java:doStart(339)) - No SessionScavenger set, using defaults
2020-12-30 01:57:13,917 [Listener at 127.0.0.1/41627] INFO  server.session (HouseKeeper.java:startScavenging(132)) - node0 Scavenging every 600000ms
2020-12-30 01:57:13,918 [Listener at 127.0.0.1/41627] INFO  handler.ContextHandler (ContextHandler.java:doStart(916)) - Started o.e.j.s.ServletContextHandler@223459f{logs,/logs,file:///github/workspace/mnt/ozone/hadoop-ozone/integration-test/target/log,AVAILABLE}
2020-12-30 01:57:13,918 [Listener at 127.0.0.1/41627] INFO  handler.ContextHandler (ContextHandler.java:doStart(916)) - Started o.e.j.s.ServletContextHandler@7c53d3c{static,/static,jar:file:/home/user/.m2/repository/org/apache/hadoop/hadoop-hdds-container-service/1.1.0-SNAPSHOT/hadoop-hdds-container-service-1.1.0-SNAPSHOT.jar!/webapps/static,AVAILABLE}
2020-12-30 01:57:14,051 [Listener at 127.0.0.1/41627] INFO  handler.ContextHandler (ContextHandler.java:doStart(916)) - Started o.e.j.w.WebAppContext@60bd7262{hddsDatanode,/,file:///tmp/jetty-0_0_0_0-40429-hadoop-hdds-container-service-1_1_0-SNAPSHOT_jar-_-any-6819097698727066695/webapp/,AVAILABLE}{jar:file:/home/user/.m2/repository/org/apache/hadoop/hadoop-hdds-container-service/1.1.0-SNAPSHOT/hadoop-hdds-container-service-1.1.0-SNAPSHOT.jar!/webapps/hddsDatanode}
2020-12-30 01:57:14,052 [Listener at 127.0.0.1/41627] INFO  server.AbstractConnector (AbstractConnector.java:doStart(331)) - Started ServerConnector@3d59a887{HTTP/1.1, (http/1.1)}{0.0.0.0:40429}
2020-12-30 01:57:14,052 [Listener at 127.0.0.1/41627] INFO  server.Server (Server.java:doStart(415)) - Started @53022ms
2020-12-30 01:57:14,052 [Listener at 127.0.0.1/41627] WARN  impl.MetricsSystemImpl (MetricsSystemImpl.java:register(276)) - Sink prometheus already exists!
2020-12-30 01:57:14,055 [Listener at 127.0.0.1/41627] INFO  http.BaseHttpServer (BaseHttpServer.java:updateConnectorAddress(327)) - HTTP server of hddsDatanode listening at http://0.0.0.0:40429
2020-12-30 01:57:14,056 [Listener at 127.0.0.1/41627] INFO  ozone.MiniOzoneClusterImpl (MiniOzoneClusterImpl.java:lambda$waitForClusterToBeReady$0(178)) - Waiting for nodes to be ready. Got 0 of 6 DN Heartbeats.
2020-12-30 01:57:14,056 [Listener at 127.0.0.1/41627] INFO  ozone.MiniOzoneClusterImpl (MiniOzoneClusterImpl.java:lambda$waitForClusterToBeReady$0(181)) - Waiting for cluster to exit safe mode
2020-12-30 01:57:14,061 [org.apache.hadoop.util.JvmPauseMonitor$Monitor@4e0456ac] INFO  util.JvmPauseMonitor (JvmPauseMonitor.java:run(188)) - Starting JVM pause monitor
2020-12-30 01:57:14,062 [Datanode State Machine Task Thread - 0] INFO  datanode.InitDatanodeState (InitDatanodeState.java:persistContainerDatanodeDetails(145)) - DatanodeDetails is persisted to /github/workspace/mnt/ozone/hadoop-ozone/integration-test/target/test-dir/MiniOzoneClusterImpl-885a2ac6-dd28-4da4-9cce-7871c001d77b/datanode-5/meta/datanode.id
2020-12-30 01:57:15,056 [Listener at 127.0.0.1/41627] INFO  ozone.MiniOzoneClusterImpl (MiniOzoneClusterImpl.java:lambda$waitForClusterToBeReady$0(178)) - Waiting for nodes to be ready. Got 0 of 6 DN Heartbeats.
2020-12-30 01:57:15,056 [Listener at 127.0.0.1/41627] INFO  ozone.MiniOzoneClusterImpl (MiniOzoneClusterImpl.java:lambda$waitForClusterToBeReady$0(181)) - Waiting for cluster to exit safe mode
2020-12-30 01:57:15,156 [EndpointStateMachine task thread for /0.0.0.0:43765 - 0 ] INFO  ozoneimpl.OzoneContainer (OzoneContainer.java:start(243)) - Attempting to start container services.
2020-12-30 01:57:15,157 [EndpointStateMachine task thread for /0.0.0.0:43765 - 0 ] INFO  ozoneimpl.OzoneContainer (OzoneContainer.java:startContainerScrub(207)) - Background container scanner has been disabled.
2020-12-30 01:57:15,157 [EndpointStateMachine task thread for /0.0.0.0:43765 - 0 ] INFO  ratis.XceiverServerRatis (XceiverServerRatis.java:start(455)) - Starting XceiverServerRatis 52321763-3f6c-4ae6-8c1d-9758e235c7cc at port 0
2020-12-30 01:57:15,161 [EndpointStateMachine task thread for /0.0.0.0:43765 - 0 ] INFO  server.RaftServer (RaftServerProxy.java:lambda$start$5(370)) - 52321763-3f6c-4ae6-8c1d-9758e235c7cc: start RPC server
2020-12-30 01:57:15,161 [EndpointStateMachine task thread for /0.0.0.0:43765 - 0 ] INFO  server.GrpcService (GrpcService.java:startImpl(177)) - 52321763-3f6c-4ae6-8c1d-9758e235c7cc: GrpcService started, listening on 0.0.0.0/0.0.0.0:44999
2020-12-30 01:57:15,162 [EndpointStateMachine task thread for /0.0.0.0:43765 - 0 ] INFO  ratis.XceiverServerRatis (XceiverServerRatis.java:start(467)) - XceiverServerRatis 52321763-3f6c-4ae6-8c1d-9758e235c7cc is started using port 44999
2020-12-30 01:57:15,162 [EndpointStateMachine task thread for /0.0.0.0:43765 - 0 ] INFO  server.XceiverServerGrpc (XceiverServerGrpc.java:start(145)) - XceiverServerGrpc 52321763-3f6c-4ae6-8c1d-9758e235c7cc is started using port 40631
2020-12-30 01:57:15,163 [org.apache.ratis.util.JvmPauseMonitor$$Lambda$222/1498935240@38be73e] INFO  util.JvmPauseMonitor (JvmPauseMonitor.java:run(103)) - JvmPauseMonitor-52321763-3f6c-4ae6-8c1d-9758e235c7cc: Started
2020-12-30 01:57:15,336 [EndpointStateMachine task thread for /0.0.0.0:43765 - 0 ] INFO  ozoneimpl.OzoneContainer (OzoneContainer.java:start(243)) - Attempting to start container services.
2020-12-30 01:57:15,336 [EndpointStateMachine task thread for /0.0.0.0:43765 - 0 ] INFO  ozoneimpl.OzoneContainer (OzoneContainer.java:startContainerScrub(207)) - Background container scanner has been disabled.
2020-12-30 01:57:15,336 [EndpointStateMachine task thread for /0.0.0.0:43765 - 0 ] INFO  ratis.XceiverServerRatis (XceiverServerRatis.java:start(455)) - Starting XceiverServerRatis e4eaa117-0301-47df-aa31-ee25e619f23c at port 0
2020-12-30 01:57:15,341 [EndpointStateMachine task thread for /0.0.0.0:43765 - 0 ] INFO  server.RaftServer (RaftServerProxy.java:lambda$start$5(370)) - e4eaa117-0301-47df-aa31-ee25e619f23c: start RPC server
2020-12-30 01:57:15,342 [EndpointStateMachine task thread for /0.0.0.0:43765 - 0 ] INFO  server.GrpcService (GrpcService.java:startImpl(177)) - e4eaa117-0301-47df-aa31-ee25e619f23c: GrpcService started, listening on 0.0.0.0/0.0.0.0:34769
2020-12-30 01:57:15,342 [EndpointStateMachine task thread for /0.0.0.0:43765 - 0 ] INFO  ratis.XceiverServerRatis (XceiverServerRatis.java:start(467)) - XceiverServerRatis e4eaa117-0301-47df-aa31-ee25e619f23c is started using port 34769
2020-12-30 01:57:15,345 [EndpointStateMachine task thread for /0.0.0.0:43765 - 0 ] INFO  server.XceiverServerGrpc (XceiverServerGrpc.java:start(145)) - XceiverServerGrpc e4eaa117-0301-47df-aa31-ee25e619f23c is started using port 33737
2020-12-30 01:57:15,345 [org.apache.ratis.util.JvmPauseMonitor$$Lambda$222/1498935240@17100ef1] INFO  util.JvmPauseMonitor (JvmPauseMonitor.java:run(103)) - JvmPauseMonitor-e4eaa117-0301-47df-aa31-ee25e619f23c: Started
2020-12-30 01:57:15,518 [EndpointStateMachine task thread for /0.0.0.0:43765 - 0 ] INFO  ozoneimpl.OzoneContainer (OzoneContainer.java:start(243)) - Attempting to start container services.
2020-12-30 01:57:15,518 [EndpointStateMachine task thread for /0.0.0.0:43765 - 0 ] INFO  ozoneimpl.OzoneContainer (OzoneContainer.java:startContainerScrub(207)) - Background container scanner has been disabled.
2020-12-30 01:57:15,518 [EndpointStateMachine task thread for /0.0.0.0:43765 - 0 ] INFO  ratis.XceiverServerRatis (XceiverServerRatis.java:start(455)) - Starting XceiverServerRatis 3ab91bad-9694-4126-92ff-ecec9fe4c4aa at port 0
2020-12-30 01:57:15,520 [EndpointStateMachine task thread for /0.0.0.0:43765 - 0 ] INFO  server.RaftServer (RaftServerProxy.java:lambda$start$5(370)) - 3ab91bad-9694-4126-92ff-ecec9fe4c4aa: start RPC server
2020-12-30 01:57:15,521 [EndpointStateMachine task thread for /0.0.0.0:43765 - 0 ] INFO  server.GrpcService (GrpcService.java:startImpl(177)) - 3ab91bad-9694-4126-92ff-ecec9fe4c4aa: GrpcService started, listening on 0.0.0.0/0.0.0.0:43043
2020-12-30 01:57:15,521 [EndpointStateMachine task thread for /0.0.0.0:43765 - 0 ] INFO  ratis.XceiverServerRatis (XceiverServerRatis.java:start(467)) - XceiverServerRatis 3ab91bad-9694-4126-92ff-ecec9fe4c4aa is started using port 43043
2020-12-30 01:57:15,522 [org.apache.ratis.util.JvmPauseMonitor$$Lambda$222/1498935240@60b9ab48] INFO  util.JvmPauseMonitor (JvmPauseMonitor.java:run(103)) - JvmPauseMonitor-3ab91bad-9694-4126-92ff-ecec9fe4c4aa: Started
2020-12-30 01:57:15,525 [EndpointStateMachine task thread for /0.0.0.0:43765 - 0 ] INFO  server.XceiverServerGrpc (XceiverServerGrpc.java:start(145)) - XceiverServerGrpc 3ab91bad-9694-4126-92ff-ecec9fe4c4aa is started using port 44155
2020-12-30 01:57:15,696 [EndpointStateMachine task thread for /0.0.0.0:43765 - 0 ] INFO  ozoneimpl.OzoneContainer (OzoneContainer.java:start(243)) - Attempting to start container services.
2020-12-30 01:57:15,696 [EndpointStateMachine task thread for /0.0.0.0:43765 - 0 ] INFO  ozoneimpl.OzoneContainer (OzoneContainer.java:startContainerScrub(207)) - Background container scanner has been disabled.
2020-12-30 01:57:15,696 [EndpointStateMachine task thread for /0.0.0.0:43765 - 0 ] INFO  ratis.XceiverServerRatis (XceiverServerRatis.java:start(455)) - Starting XceiverServerRatis 259e8d3c-ac3a-47ce-8b98-4ae0c616001a at port 0
2020-12-30 01:57:15,698 [EndpointStateMachine task thread for /0.0.0.0:43765 - 0 ] INFO  server.RaftServer (RaftServerProxy.java:lambda$start$5(370)) - 259e8d3c-ac3a-47ce-8b98-4ae0c616001a: start RPC server
2020-12-30 01:57:15,698 [EndpointStateMachine task thread for /0.0.0.0:43765 - 0 ] INFO  server.GrpcService (GrpcService.java:startImpl(177)) - 259e8d3c-ac3a-47ce-8b98-4ae0c616001a: GrpcService started, listening on 0.0.0.0/0.0.0.0:39593
2020-12-30 01:57:15,698 [EndpointStateMachine task thread for /0.0.0.0:43765 - 0 ] INFO  ratis.XceiverServerRatis (XceiverServerRatis.java:start(467)) - XceiverServerRatis 259e8d3c-ac3a-47ce-8b98-4ae0c616001a is started using port 39593
2020-12-30 01:57:15,699 [org.apache.ratis.util.JvmPauseMonitor$$Lambda$222/1498935240@38e17c16] INFO  util.JvmPauseMonitor (JvmPauseMonitor.java:run(103)) - JvmPauseMonitor-259e8d3c-ac3a-47ce-8b98-4ae0c616001a: Started
2020-12-30 01:57:15,699 [EndpointStateMachine task thread for /0.0.0.0:43765 - 0 ] INFO  server.XceiverServerGrpc (XceiverServerGrpc.java:start(145)) - XceiverServerGrpc 259e8d3c-ac3a-47ce-8b98-4ae0c616001a is started using port 44289
2020-12-30 01:57:15,890 [EndpointStateMachine task thread for /0.0.0.0:43765 - 0 ] INFO  ozoneimpl.OzoneContainer (OzoneContainer.java:start(243)) - Attempting to start container services.
2020-12-30 01:57:15,891 [EndpointStateMachine task thread for /0.0.0.0:43765 - 0 ] INFO  ozoneimpl.OzoneContainer (OzoneContainer.java:startContainerScrub(207)) - Background container scanner has been disabled.
2020-12-30 01:57:15,891 [EndpointStateMachine task thread for /0.0.0.0:43765 - 0 ] INFO  ratis.XceiverServerRatis (XceiverServerRatis.java:start(455)) - Starting XceiverServerRatis 4132dfcc-dfb3-46cd-b45d-65c38fbb9d85 at port 0
2020-12-30 01:57:15,892 [EndpointStateMachine task thread for /0.0.0.0:43765 - 0 ] INFO  server.RaftServer (RaftServerProxy.java:lambda$start$5(370)) - 4132dfcc-dfb3-46cd-b45d-65c38fbb9d85: start RPC server
2020-12-30 01:57:15,893 [EndpointStateMachine task thread for /0.0.0.0:43765 - 0 ] INFO  server.GrpcService (GrpcService.java:startImpl(177)) - 4132dfcc-dfb3-46cd-b45d-65c38fbb9d85: GrpcService started, listening on 0.0.0.0/0.0.0.0:46769
2020-12-30 01:57:15,893 [EndpointStateMachine task thread for /0.0.0.0:43765 - 0 ] INFO  ratis.XceiverServerRatis (XceiverServerRatis.java:start(467)) - XceiverServerRatis 4132dfcc-dfb3-46cd-b45d-65c38fbb9d85 is started using port 46769
2020-12-30 01:57:15,894 [org.apache.ratis.util.JvmPauseMonitor$$Lambda$222/1498935240@11c90e3] INFO  util.JvmPauseMonitor (JvmPauseMonitor.java:run(103)) - JvmPauseMonitor-4132dfcc-dfb3-46cd-b45d-65c38fbb9d85: Started
2020-12-30 01:57:15,894 [EndpointStateMachine task thread for /0.0.0.0:43765 - 0 ] INFO  server.XceiverServerGrpc (XceiverServerGrpc.java:start(145)) - XceiverServerGrpc 4132dfcc-dfb3-46cd-b45d-65c38fbb9d85 is started using port 37621
2020-12-30 01:57:16,057 [Listener at 127.0.0.1/41627] INFO  ozone.MiniOzoneClusterImpl (MiniOzoneClusterImpl.java:lambda$waitForClusterToBeReady$0(178)) - Waiting for nodes to be ready. Got 0 of 6 DN Heartbeats.
2020-12-30 01:57:16,057 [Listener at 127.0.0.1/41627] INFO  ozone.MiniOzoneClusterImpl (MiniOzoneClusterImpl.java:lambda$waitForClusterToBeReady$0(181)) - Waiting for cluster to exit safe mode
2020-12-30 01:57:16,064 [EndpointStateMachine task thread for /0.0.0.0:43765 - 0 ] INFO  ozoneimpl.OzoneContainer (OzoneContainer.java:start(243)) - Attempting to start container services.
2020-12-30 01:57:16,064 [EndpointStateMachine task thread for /0.0.0.0:43765 - 0 ] INFO  ozoneimpl.OzoneContainer (OzoneContainer.java:startContainerScrub(207)) - Background container scanner has been disabled.
2020-12-30 01:57:16,064 [EndpointStateMachine task thread for /0.0.0.0:43765 - 0 ] INFO  ratis.XceiverServerRatis (XceiverServerRatis.java:start(455)) - Starting XceiverServerRatis 2c3d9932-485f-47f8-8613-8bedf6c861f7 at port 0
2020-12-30 01:57:16,070 [EndpointStateMachine task thread for /0.0.0.0:43765 - 0 ] INFO  server.RaftServer (RaftServerProxy.java:lambda$start$5(370)) - 2c3d9932-485f-47f8-8613-8bedf6c861f7: start RPC server
2020-12-30 01:57:16,070 [EndpointStateMachine task thread for /0.0.0.0:43765 - 0 ] INFO  server.GrpcService (GrpcService.java:startImpl(177)) - 2c3d9932-485f-47f8-8613-8bedf6c861f7: GrpcService started, listening on 0.0.0.0/0.0.0.0:36507
2020-12-30 01:57:16,070 [EndpointStateMachine task thread for /0.0.0.0:43765 - 0 ] INFO  ratis.XceiverServerRatis (XceiverServerRatis.java:start(467)) - XceiverServerRatis 2c3d9932-485f-47f8-8613-8bedf6c861f7 is started using port 36507
2020-12-30 01:57:16,070 [org.apache.ratis.util.JvmPauseMonitor$$Lambda$222/1498935240@5586789b] INFO  util.JvmPauseMonitor (JvmPauseMonitor.java:run(103)) - JvmPauseMonitor-2c3d9932-485f-47f8-8613-8bedf6c861f7: Started
2020-12-30 01:57:16,070 [EndpointStateMachine task thread for /0.0.0.0:43765 - 0 ] INFO  server.XceiverServerGrpc (XceiverServerGrpc.java:start(145)) - XceiverServerGrpc 2c3d9932-485f-47f8-8613-8bedf6c861f7 is started using port 34703
2020-12-30 01:57:17,057 [Listener at 127.0.0.1/41627] INFO  ozone.MiniOzoneClusterImpl (MiniOzoneClusterImpl.java:lambda$waitForClusterToBeReady$0(178)) - Waiting for nodes to be ready. Got 0 of 6 DN Heartbeats.
2020-12-30 01:57:17,058 [Listener at 127.0.0.1/41627] INFO  ozone.MiniOzoneClusterImpl (MiniOzoneClusterImpl.java:lambda$waitForClusterToBeReady$0(181)) - Waiting for cluster to exit safe mode
2020-12-30 01:57:17,151 [IPC Server handler 2 on default port 43765] INFO  net.NetworkTopologyImpl (NetworkTopologyImpl.java:add(111)) - Added a new node: /default-rack/52321763-3f6c-4ae6-8c1d-9758e235c7cc
2020-12-30 01:57:17,153 [IPC Server handler 2 on default port 43765] INFO  node.SCMNodeManager (SCMNodeManager.java:register(341)) - Registered Data node : 52321763-3f6c-4ae6-8c1d-9758e235c7cc{ip: 172.17.0.2, host: e0a7f95c34ff, networkLocation: /default-rack, certSerialId: null, persistedOpState: IN_SERVICE, persistedOpStateExpiryEpochSec: 0}
2020-12-30 01:57:17,153 [RatisPipelineUtilsThread] INFO  pipeline.RatisPipelineProvider (RatisPipelineProvider.java:lambda$create$0(161)) - Sending CreatePipelineCommand for pipeline:PipelineID=13d0a315-324b-4f34-ba7d-e045e13ae944 to datanode:52321763-3f6c-4ae6-8c1d-9758e235c7cc
2020-12-30 01:57:17,154 [EventQueue-NodeRegistrationContainerReportForDataNodeSafeModeRule] INFO  safemode.SCMSafeModeManager (DataNodeSafeModeRule.java:process(71)) - SCM in safe mode. 1 DataNodes registered, 1 required.
2020-12-30 01:57:17,154 [EventQueue-NodeRegistrationContainerReportForDataNodeSafeModeRule] INFO  safemode.SCMSafeModeManager (SCMSafeModeManager.java:validateSafeModeExitRules(214)) - DataNodeSafeModeRule rule is successfully validated
2020-12-30 01:57:17,154 [EventQueue-NodeRegistrationContainerReportForDataNodeSafeModeRule] INFO  safemode.SCMSafeModeManager (SCMSafeModeManager.java:completePreCheck(242)) - All SCM safe mode pre check rules have passed
2020-12-30 01:57:17,154 [RatisPipelineUtilsThread] INFO  pipeline.PipelineStateManager (PipelineStateManager.java:addPipeline(54)) - Created pipeline Pipeline[ Id: 13d0a315-324b-4f34-ba7d-e045e13ae944, Nodes: 52321763-3f6c-4ae6-8c1d-9758e235c7cc{ip: 172.17.0.2, host: e0a7f95c34ff, networkLocation: /default-rack, certSerialId: null, persistedOpState: IN_SERVICE, persistedOpStateExpiryEpochSec: 0}, Type:RATIS, Factor:ONE, State:ALLOCATED, leaderId:, CreationTimestamp2020-12-30T01:57:17.153Z]
2020-12-30 01:57:17,156 [EventQueue-NodeRegistrationContainerReportForContainerSafeModeRule] INFO  safemode.SCMSafeModeManager (SCMSafeModeManager.java:validateSafeModeExitRules(214)) - ContainerSafeModeRule rule is successfully validated
2020-12-30 01:57:17,157 [RatisPipelineUtilsThread] WARN  pipeline.PipelinePlacementPolicy (PipelinePlacementPolicy.java:filterViableNodes(139)) - Pipeline creation failed due to no sufficient healthy datanodes. Required 3. Found 1.
2020-12-30 01:57:17,157 [EventQueue-PipelineReportForOneReplicaPipelineSafeModeRule] INFO  safemode.SCMSafeModeManager (SCMSafeModeManager.java:validateSafeModeExitRules(214)) - AtleastOneDatanodeReportedRule rule is successfully validated
2020-12-30 01:57:17,335 [IPC Server handler 3 on default port 43765] INFO  net.NetworkTopologyImpl (NetworkTopologyImpl.java:add(111)) - Added a new node: /default-rack/e4eaa117-0301-47df-aa31-ee25e619f23c
2020-12-30 01:57:17,336 [IPC Server handler 3 on default port 43765] INFO  node.SCMNodeManager (SCMNodeManager.java:register(341)) - Registered Data node : e4eaa117-0301-47df-aa31-ee25e619f23c{ip: 172.17.0.2, host: e0a7f95c34ff, networkLocation: /default-rack, certSerialId: null, persistedOpState: IN_SERVICE, persistedOpStateExpiryEpochSec: 0}
2020-12-30 01:57:17,336 [EventQueue-NodeRegistrationContainerReportForContainerSafeModeRule] INFO  safemode.SCMSafeModeManager (SCMSafeModeManager.java:validateSafeModeExitRules(214)) - ContainerSafeModeRule rule is successfully validated
2020-12-30 01:57:17,336 [EventQueue-NodeRegistrationContainerReportForDataNodeSafeModeRule] INFO  safemode.SCMSafeModeManager (SCMSafeModeManager.java:validateSafeModeExitRules(214)) - DataNodeSafeModeRule rule is successfully validated
2020-12-30 01:57:17,336 [EventQueue-PipelineReportForOneReplicaPipelineSafeModeRule] INFO  safemode.SCMSafeModeManager (SCMSafeModeManager.java:validateSafeModeExitRules(214)) - AtleastOneDatanodeReportedRule rule is successfully validated
2020-12-30 01:57:17,337 [RatisPipelineUtilsThread] INFO  pipeline.RatisPipelineProvider (RatisPipelineProvider.java:lambda$create$0(161)) - Sending CreatePipelineCommand for pipeline:PipelineID=87e5fa33-fbb2-47e9-a819-bde0a5a2d0c2 to datanode:e4eaa117-0301-47df-aa31-ee25e619f23c
2020-12-30 01:57:17,337 [RatisPipelineUtilsThread] INFO  pipeline.PipelineStateManager (PipelineStateManager.java:addPipeline(54)) - Created pipeline Pipeline[ Id: 87e5fa33-fbb2-47e9-a819-bde0a5a2d0c2, Nodes: e4eaa117-0301-47df-aa31-ee25e619f23c{ip: 172.17.0.2, host: e0a7f95c34ff, networkLocation: /default-rack, certSerialId: null, persistedOpState: IN_SERVICE, persistedOpStateExpiryEpochSec: 0}, Type:RATIS, Factor:ONE, State:ALLOCATED, leaderId:, CreationTimestamp2020-12-30T01:57:17.337Z]
2020-12-30 01:57:17,337 [RatisPipelineUtilsThread] WARN  pipeline.PipelinePlacementPolicy (PipelinePlacementPolicy.java:filterViableNodes(139)) - Pipeline creation failed due to no sufficient healthy datanodes. Required 3. Found 2.
2020-12-30 01:57:17,516 [IPC Server handler 4 on default port 43765] INFO  net.NetworkTopologyImpl (NetworkTopologyImpl.java:add(111)) - Added a new node: /default-rack/3ab91bad-9694-4126-92ff-ecec9fe4c4aa
2020-12-30 01:57:17,517 [IPC Server handler 4 on default port 43765] INFO  node.SCMNodeManager (SCMNodeManager.java:register(341)) - Registered Data node : 3ab91bad-9694-4126-92ff-ecec9fe4c4aa{ip: 172.17.0.2, host: e0a7f95c34ff, networkLocation: /default-rack, certSerialId: null, persistedOpState: IN_SERVICE, persistedOpStateExpiryEpochSec: 0}
2020-12-30 01:57:17,517 [EventQueue-NodeRegistrationContainerReportForDataNodeSafeModeRule] INFO  safemode.SCMSafeModeManager (SCMSafeModeManager.java:validateSafeModeExitRules(214)) - DataNodeSafeModeRule rule is successfully validated
2020-12-30 01:57:17,517 [EventQueue-NodeRegistrationContainerReportForContainerSafeModeRule] INFO  safemode.SCMSafeModeManager (SCMSafeModeManager.java:validateSafeModeExitRules(214)) - ContainerSafeModeRule rule is successfully validated
2020-12-30 01:57:17,517 [EventQueue-PipelineReportForOneReplicaPipelineSafeModeRule] INFO  safemode.SCMSafeModeManager (SCMSafeModeManager.java:validateSafeModeExitRules(214)) - AtleastOneDatanodeReportedRule rule is successfully validated
2020-12-30 01:57:17,517 [RatisPipelineUtilsThread] INFO  pipeline.RatisPipelineProvider (RatisPipelineProvider.java:lambda$create$0(161)) - Sending CreatePipelineCommand for pipeline:PipelineID=1e849b9f-d73c-4e11-b1c4-50dddedf7d8f to datanode:3ab91bad-9694-4126-92ff-ecec9fe4c4aa
2020-12-30 01:57:17,518 [RatisPipelineUtilsThread] INFO  pipeline.PipelineStateManager (PipelineStateManager.java:addPipeline(54)) - Created pipeline Pipeline[ Id: 1e849b9f-d73c-4e11-b1c4-50dddedf7d8f, Nodes: 3ab91bad-9694-4126-92ff-ecec9fe4c4aa{ip: 172.17.0.2, host: e0a7f95c34ff, networkLocation: /default-rack, certSerialId: null, persistedOpState: IN_SERVICE, persistedOpStateExpiryEpochSec: 0}, Type:RATIS, Factor:ONE, State:ALLOCATED, leaderId:, CreationTimestamp2020-12-30T01:57:17.517Z]
2020-12-30 01:57:17,518 [RatisPipelineUtilsThread] INFO  pipeline.RatisPipelineProvider (RatisPipelineProvider.java:lambda$create$0(161)) - Sending CreatePipelineCommand for pipeline:PipelineID=f5144d4e-4954-47c8-8078-a25abe508cb7 to datanode:e4eaa117-0301-47df-aa31-ee25e619f23c
2020-12-30 01:57:17,518 [RatisPipelineUtilsThread] INFO  pipeline.RatisPipelineProvider (RatisPipelineProvider.java:lambda$create$0(161)) - Sending CreatePipelineCommand for pipeline:PipelineID=f5144d4e-4954-47c8-8078-a25abe508cb7 to datanode:52321763-3f6c-4ae6-8c1d-9758e235c7cc
2020-12-30 01:57:17,518 [RatisPipelineUtilsThread] INFO  pipeline.RatisPipelineProvider (RatisPipelineProvider.java:lambda$create$0(161)) - Sending CreatePipelineCommand for pipeline:PipelineID=f5144d4e-4954-47c8-8078-a25abe508cb7 to datanode:3ab91bad-9694-4126-92ff-ecec9fe4c4aa
2020-12-30 01:57:17,518 [RatisPipelineUtilsThread] INFO  pipeline.PipelineStateManager (PipelineStateManager.java:addPipeline(54)) - Created pipeline Pipeline[ Id: f5144d4e-4954-47c8-8078-a25abe508cb7, Nodes: e4eaa117-0301-47df-aa31-ee25e619f23c{ip: 172.17.0.2, host: e0a7f95c34ff, networkLocation: /default-rack, certSerialId: null, persistedOpState: IN_SERVICE, persistedOpStateExpiryEpochSec: 0}52321763-3f6c-4ae6-8c1d-9758e235c7cc{ip: 172.17.0.2, host: e0a7f95c34ff, networkLocation: /default-rack, certSerialId: null, persistedOpState: IN_SERVICE, persistedOpStateExpiryEpochSec: 0}3ab91bad-9694-4126-92ff-ecec9fe4c4aa{ip: 172.17.0.2, host: e0a7f95c34ff, networkLocation: /default-rack, certSerialId: null, persistedOpState: IN_SERVICE, persistedOpStateExpiryEpochSec: 0}, Type:RATIS, Factor:THREE, State:ALLOCATED, leaderId:, CreationTimestamp2020-12-30T01:57:17.518Z]
2020-12-30 01:57:17,694 [IPC Server handler 5 on default port 43765] INFO  net.NetworkTopologyImpl (NetworkTopologyImpl.java:add(111)) - Added a new node: /default-rack/259e8d3c-ac3a-47ce-8b98-4ae0c616001a
2020-12-30 01:57:17,694 [IPC Server handler 5 on default port 43765] INFO  node.SCMNodeManager (SCMNodeManager.java:register(341)) - Registered Data node : 259e8d3c-ac3a-47ce-8b98-4ae0c616001a{ip: 172.17.0.2, host: e0a7f95c34ff, networkLocation: /default-rack, certSerialId: null, persistedOpState: IN_SERVICE, persistedOpStateExpiryEpochSec: 0}
2020-12-30 01:57:17,694 [EventQueue-NodeRegistrationContainerReportForDataNodeSafeModeRule] INFO  safemode.SCMSafeModeManager (SCMSafeModeManager.java:validateSafeModeExitRules(214)) - DataNodeSafeModeRule rule is successfully validated
2020-12-30 01:57:17,697 [EventQueue-PipelineReportForOneReplicaPipelineSafeModeRule] INFO  safemode.SCMSafeModeManager (SCMSafeModeManager.java:validateSafeModeExitRules(214)) - AtleastOneDatanodeReportedRule rule is successfully validated
2020-12-30 01:57:17,697 [EventQueue-NodeRegistrationContainerReportForContainerSafeModeRule] INFO  safemode.SCMSafeModeManager (SCMSafeModeManager.java:validateSafeModeExitRules(214)) - ContainerSafeModeRule rule is successfully validated
2020-12-30 01:57:17,698 [RatisPipelineUtilsThread] INFO  pipeline.RatisPipelineProvider (RatisPipelineProvider.java:lambda$create$0(161)) - Sending CreatePipelineCommand for pipeline:PipelineID=2bf725b0-85c6-4520-97e9-58b442b1809e to datanode:259e8d3c-ac3a-47ce-8b98-4ae0c616001a
2020-12-30 01:57:17,699 [RatisPipelineUtilsThread] INFO  pipeline.PipelineStateManager (PipelineStateManager.java:addPipeline(54)) - Created pipeline Pipeline[ Id: 2bf725b0-85c6-4520-97e9-58b442b1809e, Nodes: 259e8d3c-ac3a-47ce-8b98-4ae0c616001a{ip: 172.17.0.2, host: e0a7f95c34ff, networkLocation: /default-rack, certSerialId: null, persistedOpState: IN_SERVICE, persistedOpStateExpiryEpochSec: 0}, Type:RATIS, Factor:ONE, State:ALLOCATED, leaderId:, CreationTimestamp2020-12-30T01:57:17.698Z]
2020-12-30 01:57:17,888 [IPC Server handler 0 on default port 43765] INFO  net.NetworkTopologyImpl (NetworkTopologyImpl.java:add(111)) - Added a new node: /default-rack/4132dfcc-dfb3-46cd-b45d-65c38fbb9d85
2020-12-30 01:57:17,888 [IPC Server handler 0 on default port 43765] INFO  node.SCMNodeManager (SCMNodeManager.java:register(341)) - Registered Data node : 4132dfcc-dfb3-46cd-b45d-65c38fbb9d85{ip: 172.17.0.2, host: e0a7f95c34ff, networkLocation: /default-rack, certSerialId: null, persistedOpState: IN_SERVICE, persistedOpStateExpiryEpochSec: 0}
2020-12-30 01:57:17,889 [EventQueue-NodeRegistrationContainerReportForDataNodeSafeModeRule] INFO  safemode.SCMSafeModeManager (SCMSafeModeManager.java:validateSafeModeExitRules(214)) - DataNodeSafeModeRule rule is successfully validated
2020-12-30 01:57:17,889 [RatisPipelineUtilsThread] INFO  pipeline.RatisPipelineProvider (RatisPipelineProvider.java:lambda$create$0(161)) - Sending CreatePipelineCommand for pipeline:PipelineID=e53f958b-7dd2-4f07-ae5a-66d6d02993e9 to datanode:4132dfcc-dfb3-46cd-b45d-65c38fbb9d85
2020-12-30 01:57:17,889 [EventQueue-PipelineReportForOneReplicaPipelineSafeModeRule] INFO  safemode.SCMSafeModeManager (SCMSafeModeManager.java:validateSafeModeExitRules(214)) - AtleastOneDatanodeReportedRule rule is successfully validated
2020-12-30 01:57:17,889 [EventQueue-NodeRegistrationContainerReportForContainerSafeModeRule] INFO  safemode.SCMSafeModeManager (SCMSafeModeManager.java:validateSafeModeExitRules(214)) - ContainerSafeModeRule rule is successfully validated
2020-12-30 01:57:17,889 [RatisPipelineUtilsThread] INFO  pipeline.PipelineStateManager (PipelineStateManager.java:addPipeline(54)) - Created pipeline Pipeline[ Id: e53f958b-7dd2-4f07-ae5a-66d6d02993e9, Nodes: 4132dfcc-dfb3-46cd-b45d-65c38fbb9d85{ip: 172.17.0.2, host: e0a7f95c34ff, networkLocation: /default-rack, certSerialId: null, persistedOpState: IN_SERVICE, persistedOpStateExpiryEpochSec: 0}, Type:RATIS, Factor:ONE, State:ALLOCATED, leaderId:, CreationTimestamp2020-12-30T01:57:17.889Z]
2020-12-30 01:57:18,058 [Listener at 127.0.0.1/41627] INFO  ozone.MiniOzoneClusterImpl (MiniOzoneClusterImpl.java:lambda$waitForClusterToBeReady$0(178)) - Waiting for nodes to be ready. Got 5 of 6 DN Heartbeats.
2020-12-30 01:57:18,058 [Listener at 127.0.0.1/41627] INFO  ozone.MiniOzoneClusterImpl (MiniOzoneClusterImpl.java:lambda$waitForClusterToBeReady$0(181)) - Waiting for cluster to exit safe mode
2020-12-30 01:57:18,064 [IPC Server handler 2 on default port 43765] INFO  net.NetworkTopologyImpl (NetworkTopologyImpl.java:add(111)) - Added a new node: /default-rack/2c3d9932-485f-47f8-8613-8bedf6c861f7
2020-12-30 01:57:18,064 [IPC Server handler 2 on default port 43765] INFO  node.SCMNodeManager (SCMNodeManager.java:register(341)) - Registered Data node : 2c3d9932-485f-47f8-8613-8bedf6c861f7{ip: 172.17.0.2, host: e0a7f95c34ff, networkLocation: /default-rack, certSerialId: null, persistedOpState: IN_SERVICE, persistedOpStateExpiryEpochSec: 0}
2020-12-30 01:57:18,064 [EventQueue-PipelineReportForOneReplicaPipelineSafeModeRule] INFO  safemode.SCMSafeModeManager (SCMSafeModeManager.java:validateSafeModeExitRules(214)) - AtleastOneDatanodeReportedRule rule is successfully validated
2020-12-30 01:57:18,064 [EventQueue-NodeRegistrationContainerReportForDataNodeSafeModeRule] INFO  safemode.SCMSafeModeManager (SCMSafeModeManager.java:validateSafeModeExitRules(214)) - DataNodeSafeModeRule rule is successfully validated
2020-12-30 01:57:18,064 [EventQueue-NodeRegistrationContainerReportForContainerSafeModeRule] INFO  safemode.SCMSafeModeManager (SCMSafeModeManager.java:validateSafeModeExitRules(214)) - ContainerSafeModeRule rule is successfully validated
2020-12-30 01:57:18,065 [RatisPipelineUtilsThread] INFO  pipeline.RatisPipelineProvider (RatisPipelineProvider.java:lambda$create$0(161)) - Sending CreatePipelineCommand for pipeline:PipelineID=b4653daa-82c1-408f-b07a-2117576e5059 to datanode:2c3d9932-485f-47f8-8613-8bedf6c861f7
2020-12-30 01:57:18,067 [RatisPipelineUtilsThread] INFO  pipeline.PipelineStateManager (PipelineStateManager.java:addPipeline(54)) - Created pipeline Pipeline[ Id: b4653daa-82c1-408f-b07a-2117576e5059, Nodes: 2c3d9932-485f-47f8-8613-8bedf6c861f7{ip: 172.17.0.2, host: e0a7f95c34ff, networkLocation: /default-rack, certSerialId: null, persistedOpState: IN_SERVICE, persistedOpStateExpiryEpochSec: 0}, Type:RATIS, Factor:ONE, State:ALLOCATED, leaderId:, CreationTimestamp2020-12-30T01:57:18.065Z]
2020-12-30 01:57:18,067 [RatisPipelineUtilsThread] INFO  pipeline.RatisPipelineProvider (RatisPipelineProvider.java:lambda$create$0(161)) - Sending CreatePipelineCommand for pipeline:PipelineID=512e6835-8f0e-4057-b950-1814ff02f9ca to datanode:4132dfcc-dfb3-46cd-b45d-65c38fbb9d85
2020-12-30 01:57:18,067 [RatisPipelineUtilsThread] INFO  pipeline.RatisPipelineProvider (RatisPipelineProvider.java:lambda$create$0(161)) - Sending CreatePipelineCommand for pipeline:PipelineID=512e6835-8f0e-4057-b950-1814ff02f9ca to datanode:259e8d3c-ac3a-47ce-8b98-4ae0c616001a
2020-12-30 01:57:18,067 [RatisPipelineUtilsThread] INFO  pipeline.RatisPipelineProvider (RatisPipelineProvider.java:lambda$create$0(161)) - Sending CreatePipelineCommand for pipeline:PipelineID=512e6835-8f0e-4057-b950-1814ff02f9ca to datanode:2c3d9932-485f-47f8-8613-8bedf6c861f7
2020-12-30 01:57:18,068 [RatisPipelineUtilsThread] INFO  pipeline.PipelineStateManager (PipelineStateManager.java:addPipeline(54)) - Created pipeline Pipeline[ Id: 512e6835-8f0e-4057-b950-1814ff02f9ca, Nodes: 4132dfcc-dfb3-46cd-b45d-65c38fbb9d85{ip: 172.17.0.2, host: e0a7f95c34ff, networkLocation: /default-rack, certSerialId: null, persistedOpState: IN_SERVICE, persistedOpStateExpiryEpochSec: 0}259e8d3c-ac3a-47ce-8b98-4ae0c616001a{ip: 172.17.0.2, host: e0a7f95c34ff, networkLocation: /default-rack, certSerialId: null, persistedOpState: IN_SERVICE, persistedOpStateExpiryEpochSec: 0}2c3d9932-485f-47f8-8613-8bedf6c861f7{ip: 172.17.0.2, host: e0a7f95c34ff, networkLocation: /default-rack, certSerialId: null, persistedOpState: IN_SERVICE, persistedOpStateExpiryEpochSec: 0}, Type:RATIS, Factor:THREE, State:ALLOCATED, leaderId:, CreationTimestamp2020-12-30T01:57:18.067Z]
2020-12-30 01:57:19,059 [Listener at 127.0.0.1/41627] INFO  ozone.MiniOzoneClusterImpl (MiniOzoneClusterImpl.java:lambda$waitForClusterToBeReady$0(178)) - Nodes are ready. Got 6 of 6 DN Heartbeats.
2020-12-30 01:57:19,059 [Listener at 127.0.0.1/41627] INFO  ozone.MiniOzoneClusterImpl (MiniOzoneClusterImpl.java:lambda$waitForClusterToBeReady$0(181)) - Waiting for cluster to exit safe mode
2020-12-30 01:57:19,151 [EventQueue-PipelineReportForOneReplicaPipelineSafeModeRule] INFO  safemode.SCMSafeModeManager (SCMSafeModeManager.java:validateSafeModeExitRules(214)) - AtleastOneDatanodeReportedRule rule is successfully validated
2020-12-30 01:57:19,336 [EventQueue-PipelineReportForOneReplicaPipelineSafeModeRule] INFO  safemode.SCMSafeModeManager (SCMSafeModeManager.java:validateSafeModeExitRules(214)) - AtleastOneDatanodeReportedRule rule is successfully validated
2020-12-30 01:57:19,516 [EventQueue-PipelineReportForOneReplicaPipelineSafeModeRule] INFO  safemode.SCMSafeModeManager (SCMSafeModeManager.java:validateSafeModeExitRules(214)) - AtleastOneDatanodeReportedRule rule is successfully validated
2020-12-30 01:57:19,694 [EventQueue-PipelineReportForOneReplicaPipelineSafeModeRule] INFO  safemode.SCMSafeModeManager (SCMSafeModeManager.java:validateSafeModeExitRules(214)) - AtleastOneDatanodeReportedRule rule is successfully validated
2020-12-30 01:57:19,888 [EventQueue-PipelineReportForOneReplicaPipelineSafeModeRule] INFO  safemode.SCMSafeModeManager (SCMSafeModeManager.java:validateSafeModeExitRules(214)) - AtleastOneDatanodeReportedRule rule is successfully validated
2020-12-30 01:57:20,059 [Listener at 127.0.0.1/41627] INFO  ozone.MiniOzoneClusterImpl (MiniOzoneClusterImpl.java:lambda$waitForClusterToBeReady$0(178)) - Nodes are ready. Got 6 of 6 DN Heartbeats.
2020-12-30 01:57:20,060 [Listener at 127.0.0.1/41627] INFO  ozone.MiniOzoneClusterImpl (MiniOzoneClusterImpl.java:lambda$waitForClusterToBeReady$0(181)) - Waiting for cluster to exit safe mode
2020-12-30 01:57:20,064 [EventQueue-PipelineReportForOneReplicaPipelineSafeModeRule] INFO  safemode.SCMSafeModeManager (SCMSafeModeManager.java:validateSafeModeExitRules(214)) - AtleastOneDatanodeReportedRule rule is successfully validated
2020-12-30 01:57:20,151 [Command processor thread] INFO  server.RaftServer (RaftServerProxy.java:addNew(93)) - 52321763-3f6c-4ae6-8c1d-9758e235c7cc: addNew group-E045E13AE944:[52321763-3f6c-4ae6-8c1d-9758e235c7cc|rpc:172.17.0.2:44999] returns group-E045E13AE944:java.util.concurrent.CompletableFuture@40edd396[Not completed]
2020-12-30 01:57:20,152 [EventQueue-PipelineReportForOneReplicaPipelineSafeModeRule] INFO  safemode.SCMSafeModeManager (SCMSafeModeManager.java:validateSafeModeExitRules(214)) - AtleastOneDatanodeReportedRule rule is successfully validated
2020-12-30 01:57:20,152 [pool-237-thread-1] INFO  server.RaftServer$Division (RaftServerImpl.java:<init>(173)) - 52321763-3f6c-4ae6-8c1d-9758e235c7cc: new RaftServerImpl for group-E045E13AE944:[52321763-3f6c-4ae6-8c1d-9758e235c7cc|rpc:172.17.0.2:44999] with ContainerStateMachine:uninitialized
2020-12-30 01:57:20,152 [pool-237-thread-1] INFO  server.RaftServerConfigKeys (ConfUtils.java:logGet(44)) - raft.server.rpc.timeout.min = 5s (custom)
2020-12-30 01:57:20,153 [pool-237-thread-1] INFO  server.RaftServerConfigKeys (ConfUtils.java:logGet(44)) - raft.server.rpc.timeout.max = 5200ms (custom)
2020-12-30 01:57:20,153 [pool-237-thread-1] INFO  server.RaftServerConfigKeys (ConfUtils.java:logGet(44)) - raft.server.rpc.sleep.time = 25ms (default)
2020-12-30 01:57:20,153 [pool-237-thread-1] INFO  server.RaftServerConfigKeys (ConfUtils.java:logGet(44)) - raft.server.rpc.slowness.timeout = 300s (custom)
2020-12-30 01:57:20,153 [pool-237-thread-1] INFO  server.RaftServerConfigKeys (ConfUtils.java:logGet(44)) - raft.server.leaderelection.leader.step-down.wait-time = 10s (default)
2020-12-30 01:57:20,153 [pool-237-thread-1] INFO  server.RaftServerConfigKeys (ConfUtils.java:logGet(44)) - raft.server.sleep.deviation.threshold = 300ms (default)
2020-12-30 01:57:20,153 [pool-237-thread-1] INFO  server.RaftServerConfigKeys (ConfUtils.java:logGet(44)) - raft.server.log.appender.install.snapshot.enabled = false (custom)
2020-12-30 01:57:20,153 [pool-237-thread-1] INFO  server.RaftServer$Division (ServerState.java:<init>(104)) - 52321763-3f6c-4ae6-8c1d-9758e235c7cc@group-E045E13AE944: ConfigurationManager, init=-1: [52321763-3f6c-4ae6-8c1d-9758e235c7cc|rpc:172.17.0.2:44999], old=null, confs=<EMPTY_MAP>
2020-12-30 01:57:20,153 [pool-237-thread-1] INFO  server.RaftServerConfigKeys (ConfUtils.java:logGet(44)) - raft.server.storage.dir = [/github/workspace/mnt/ozone/hadoop-ozone/integration-test/target/test-dir/MiniOzoneClusterImpl-885a2ac6-dd28-4da4-9cce-7871c001d77b/datanode-0/data/ratis] (custom)
2020-12-30 01:57:20,154 [pool-237-thread-1] INFO  server.RaftServerConfigKeys (ConfUtils.java:logGet(44)) - raft.server.log.corruption.policy = EXCEPTION (default)
2020-12-30 01:57:20,154 [pool-237-thread-1] INFO  storage.RaftStorageDirectory (RaftStorageDirectory.java:analyzeStorage(260)) - The storage directory /github/workspace/mnt/ozone/hadoop-ozone/integration-test/target/test-dir/MiniOzoneClusterImpl-885a2ac6-dd28-4da4-9cce-7871c001d77b/datanode-0/data/ratis/13d0a315-324b-4f34-ba7d-e045e13ae944 does not exist. Creating ...
2020-12-30 01:57:20,158 [pool-237-thread-1] INFO  storage.RaftStorageDirectory (RaftStorageDirectory.java:tryLock(342)) - Lock on /github/workspace/mnt/ozone/hadoop-ozone/integration-test/target/test-dir/MiniOzoneClusterImpl-885a2ac6-dd28-4da4-9cce-7871c001d77b/datanode-0/data/ratis/13d0a315-324b-4f34-ba7d-e045e13ae944/in_use.lock acquired by nodename 822@e0a7f95c34ff
2020-12-30 01:57:20,159 [pool-237-thread-1] INFO  storage.RaftStorage (RaftStorage.java:format(89)) - Storage directory /github/workspace/mnt/ozone/hadoop-ozone/integration-test/target/test-dir/MiniOzoneClusterImpl-885a2ac6-dd28-4da4-9cce-7871c001d77b/datanode-0/data/ratis/13d0a315-324b-4f34-ba7d-e045e13ae944 has been successfully formatted.
2020-12-30 01:57:20,159 [pool-237-thread-1] INFO  ratis.ContainerStateMachine (ContainerStateMachine.java:loadSnapshot(223)) - group-E045E13AE944: The snapshot info is null. Setting the last applied indexto:(t:0, i:~)
2020-12-30 01:57:20,159 [pool-237-thread-1] ERROR storage.RaftStorage (RaftStorage.java:readRaftConfiguration(152)) - Failed reading configuration from file:/github/workspace/mnt/ozone/hadoop-ozone/integration-test/target/test-dir/MiniOzoneClusterImpl-885a2ac6-dd28-4da4-9cce-7871c001d77b/datanode-0/data/ratis/13d0a315-324b-4f34-ba7d-e045e13ae944/current/raft-meta.conf
java.io.FileNotFoundException: /github/workspace/mnt/ozone/hadoop-ozone/integration-test/target/test-dir/MiniOzoneClusterImpl-885a2ac6-dd28-4da4-9cce-7871c001d77b/datanode-0/data/ratis/13d0a315-324b-4f34-ba7d-e045e13ae944/current/raft-meta.conf (No such file or directory)
	at java.io.FileInputStream.open0(Native Method)
	at java.io.FileInputStream.open(FileInputStream.java:195)
	at java.io.FileInputStream.<init>(FileInputStream.java:138)
	at org.apache.ratis.server.storage.RaftStorage.readRaftConfiguration(RaftStorage.java:148)
	at org.apache.ratis.server.impl.ServerState.initStatemachine(ServerState.java:167)
	at org.apache.ratis.server.impl.ServerState.<init>(ServerState.java:112)
	at org.apache.ratis.server.impl.RaftServerImpl.<init>(RaftServerImpl.java:186)
	at org.apache.ratis.server.impl.RaftServerProxy.lambda$newRaftServerImpl$4(RaftServerProxy.java:264)
	at java.util.concurrent.CompletableFuture$AsyncSupply.run(CompletableFuture.java:1604)
	at java.util.concurrent.ThreadPoolExecutor.runWorker(ThreadPoolExecutor.java:1149)
	at java.util.concurrent.ThreadPoolExecutor$Worker.run(ThreadPoolExecutor.java:624)
	at java.lang.Thread.run(Thread.java:748)
2020-12-30 01:57:20,160 [pool-237-thread-1] INFO  server.RaftServerConfigKeys (ConfUtils.java:logGet(44)) - raft.server.notification.no-leader.timeout = 300s (custom)
2020-12-30 01:57:20,160 [EventQueue-PipelineReportForPipelineReportHandler] INFO  pipeline.PipelineStateManager (PipelineStateManager.java:openPipeline(132)) - Pipeline Pipeline[ Id: 13d0a315-324b-4f34-ba7d-e045e13ae944, Nodes: 52321763-3f6c-4ae6-8c1d-9758e235c7cc{ip: 172.17.0.2, host: e0a7f95c34ff, networkLocation: /default-rack, certSerialId: null, persistedOpState: IN_SERVICE, persistedOpStateExpiryEpochSec: 0}, Type:RATIS, Factor:ONE, State:ALLOCATED, leaderId:52321763-3f6c-4ae6-8c1d-9758e235c7cc, CreationTimestamp2020-12-30T01:57:17.153Z] moved to OPEN state
2020-12-30 01:57:20,160 [pool-237-thread-1] INFO  server.RaftServerConfigKeys (ConfUtils.java:logGet(44)) - raft.server.log.use.memory = false (default)
2020-12-30 01:57:20,163 [pool-237-thread-1] INFO  server.RaftServerConfigKeys (ConfUtils.java:logGet(44)) - raft.server.log.purge.gap = 1000000 (custom)
2020-12-30 01:57:20,163 [EventQueue-PipelineReportForOneReplicaPipelineSafeModeRule] INFO  safemode.SCMSafeModeManager (SCMSafeModeManager.java:validateSafeModeExitRules(214)) - AtleastOneDatanodeReportedRule rule is successfully validated
2020-12-30 01:57:20,161 [EventQueue-OpenPipelineForHealthyPipelineSafeModeRule] INFO  safemode.SCMSafeModeManager (HealthyPipelineSafeModeRule.java:process(128)) - SCM in safe mode. Healthy pipelines reported count is 0, required healthy pipeline reported count is 1
2020-12-30 01:57:20,163 [pool-237-thread-1] INFO  metrics.RatisMetrics (RatisMetrics.java:lambda$create$0(36)) - Creating Metrics Registry : ratis.log_worker.52321763-3f6c-4ae6-8c1d-9758e235c7cc@group-E045E13AE944
2020-12-30 01:57:20,164 [pool-237-thread-1] INFO  server.RaftServerConfigKeys (ConfUtils.java:logGet(44)) - raft.server.log.appender.buffer.byte-limit = 33554432 (custom)
2020-12-30 01:57:20,164 [pool-237-thread-1] INFO  server.RaftServerConfigKeys (ConfUtils.java:logGet(44)) - raft.server.log.segment.size.max = 1048576 (custom)
2020-12-30 01:57:20,165 [pool-237-thread-1] INFO  server.RaftServerConfigKeys (ConfUtils.java:logGet(44)) - raft.server.log.segment.cache.num.max = 2 (custom)
2020-12-30 01:57:20,165 [pool-237-thread-1] INFO  server.RaftServerConfigKeys (ConfUtils.java:logGet(44)) - raft.server.log.segment.cache.size.max = 200MB (=209715200) (default)
2020-12-30 01:57:20,165 [pool-237-thread-1] INFO  segmented.SegmentedRaftLogWorker (SegmentedRaftLogWorker.java:<init>(181)) - new 52321763-3f6c-4ae6-8c1d-9758e235c7cc@group-E045E13AE944-SegmentedRaftLogWorker for RaftStorage:Storage Directory /github/workspace/mnt/ozone/hadoop-ozone/integration-test/target/test-dir/MiniOzoneClusterImpl-885a2ac6-dd28-4da4-9cce-7871c001d77b/datanode-0/data/ratis/13d0a315-324b-4f34-ba7d-e045e13ae944
2020-12-30 01:57:20,165 [pool-237-thread-1] INFO  server.RaftServerConfigKeys (ConfUtils.java:logGet(44)) - raft.server.log.queue.byte-limit = 2147483647 (custom)
2020-12-30 01:57:20,165 [pool-237-thread-1] INFO  server.RaftServerConfigKeys (ConfUtils.java:logGet(44)) - raft.server.log.queue.element-limit = 1024 (custom)
2020-12-30 01:57:20,165 [pool-237-thread-1] INFO  server.RaftServerConfigKeys (ConfUtils.java:logGet(44)) - raft.server.log.segment.size.max = 1048576 (custom)
2020-12-30 01:57:20,165 [pool-237-thread-1] INFO  server.RaftServerConfigKeys (ConfUtils.java:logGet(44)) - raft.server.log.preallocated.size = 16384 (custom)
2020-12-30 01:57:20,165 [pool-237-thread-1] INFO  server.RaftServerConfigKeys (ConfUtils.java:logGet(44)) - raft.server.log.force.sync.num = 128 (default)
2020-12-30 01:57:20,165 [pool-237-thread-1] INFO  server.RaftServerConfigKeys (ConfUtils.java:logGet(44)) - raft.server.log.statemachine.data.sync = true (default)
2020-12-30 01:57:20,165 [pool-237-thread-1] INFO  server.RaftServerConfigKeys (ConfUtils.java:logGet(44)) - raft.server.log.statemachine.data.sync.timeout = 10s (default)
2020-12-30 01:57:20,165 [pool-237-thread-1] INFO  server.RaftServerConfigKeys (ConfUtils.java:logGet(44)) - raft.server.log.statemachine.data.sync.timeout.retry = -1 (default)
2020-12-30 01:57:20,166 [pool-237-thread-1] INFO  server.RaftServerConfigKeys (ConfUtils.java:logGet(44)) - raft.server.log.write.buffer.size = 1048576 (custom)
2020-12-30 01:57:20,167 [pool-237-thread-1] INFO  server.RaftServerConfigKeys (ConfUtils.java:logGet(44)) - raft.server.log.statemachine.data.caching.enabled = true (custom)
2020-12-30 01:57:20,167 [pool-237-thread-1] INFO  segmented.SegmentedRaftLogWorker (SegmentedRaftLogWorker.java:lambda$new$0(132)) - 52321763-3f6c-4ae6-8c1d-9758e235c7cc@group-E045E13AE944-SegmentedRaftLogWorker: flushIndex: setUnconditionally 0 -> -1
2020-12-30 01:57:20,167 [pool-237-thread-1] INFO  segmented.SegmentedRaftLogWorker (SegmentedRaftLogWorker.java:lambda$new$0(132)) - 52321763-3f6c-4ae6-8c1d-9758e235c7cc@group-E045E13AE944-SegmentedRaftLogWorker: safeCacheEvictIndex: setUnconditionally 0 -> -1
2020-12-30 01:57:20,169 [pool-237-thread-1] INFO  server.RaftServerConfigKeys (ConfUtils.java:logGet(44)) - raft.server.snapshot.auto.trigger.enabled = true (custom)
2020-12-30 01:57:20,169 [pool-237-thread-1] INFO  server.RaftServerConfigKeys (ConfUtils.java:logGet(44)) - raft.server.snapshot.auto.trigger.threshold = 10000 (custom)
2020-12-30 01:57:20,169 [pool-237-thread-1] INFO  server.RaftServerConfigKeys (ConfUtils.java:logGet(44)) - raft.server.snapshot.retention.file.num = 5 (custom)
2020-12-30 01:57:20,169 [pool-237-thread-1] INFO  server.RaftServerConfigKeys (ConfUtils.java:logGet(44)) - raft.server.log.purge.upto.snapshot.index = false (default)
2020-12-30 01:57:20,169 [pool-237-thread-1] INFO  server.RaftServerConfigKeys (ConfUtils.java:logGet(44)) - raft.server.retrycache.expirytime = 600000ms (custom)
2020-12-30 01:57:20,169 [pool-237-thread-1] INFO  server.RaftServerConfigKeys (ConfUtils.java:logGet(44)) - raft.server.retrycache.statistics.expirytime = 100?s (default)
2020-12-30 01:57:20,170 [pool-237-thread-1] INFO  metrics.RatisMetrics (RatisMetrics.java:lambda$create$0(36)) - Creating Metrics Registry : ratis.leader_election.52321763-3f6c-4ae6-8c1d-9758e235c7cc@group-E045E13AE944
2020-12-30 01:57:20,170 [pool-237-thread-1] INFO  metrics.RatisMetrics (RatisMetrics.java:lambda$create$0(36)) - Creating Metrics Registry : ratis.server.52321763-3f6c-4ae6-8c1d-9758e235c7cc@group-E045E13AE944
2020-12-30 01:57:20,171 [pool-237-thread-1] INFO  server.RaftServer$Division (RaftServerImpl.java:start(286)) - 52321763-3f6c-4ae6-8c1d-9758e235c7cc@group-E045E13AE944: start as a follower, conf=-1: [52321763-3f6c-4ae6-8c1d-9758e235c7cc|rpc:172.17.0.2:44999], old=null
2020-12-30 01:57:20,172 [pool-237-thread-1] INFO  server.RaftServer$Division (RaftServerImpl.java:setRole(275)) - 52321763-3f6c-4ae6-8c1d-9758e235c7cc@group-E045E13AE944: changes role from      null to FOLLOWER at term 0 for startAsFollower
2020-12-30 01:57:20,172 [pool-237-thread-1] INFO  impl.RoleInfo (RoleInfo.java:updateAndGet(130)) - 52321763-3f6c-4ae6-8c1d-9758e235c7cc: start 52321763-3f6c-4ae6-8c1d-9758e235c7cc@group-E045E13AE944-FollowerState
2020-12-30 01:57:20,172 [pool-237-thread-1] INFO  util.JmxRegister (JmxRegister.java:tryRegister(44)) - Successfully registered JMX Bean with object name Ratis:service=RaftServer,group=group-E045E13AE944,id=52321763-3f6c-4ae6-8c1d-9758e235c7cc
2020-12-30 01:57:20,173 [pool-237-thread-1] INFO  metrics.RatisMetrics (RatisMetrics.java:lambda$create$0(36)) - Creating Metrics Registry : ratis.state_machine.52321763-3f6c-4ae6-8c1d-9758e235c7cc@group-E045E13AE944
2020-12-30 01:57:20,173 [Command processor thread] INFO  commandhandler.CreatePipelineCommandHandler (CreatePipelineCommandHandler.java:handle(106)) - Created Pipeline RATIS ONE PipelineID=13d0a315-324b-4f34-ba7d-e045e13ae944.
2020-12-30 01:57:20,173 [Command processor thread] INFO  server.RaftServer (RaftServerProxy.java:addNew(93)) - 52321763-3f6c-4ae6-8c1d-9758e235c7cc: addNew group-A25ABE508CB7:[3ab91bad-9694-4126-92ff-ecec9fe4c4aa|rpc:172.17.0.2:43043, 52321763-3f6c-4ae6-8c1d-9758e235c7cc|rpc:172.17.0.2:44999, e4eaa117-0301-47df-aa31-ee25e619f23c|rpc:172.17.0.2:34769] returns group-A25ABE508CB7:java.util.concurrent.CompletableFuture@44d25f53[Not completed]
2020-12-30 01:57:20,175 [pool-237-thread-1] INFO  server.RaftServer$Division (RaftServerImpl.java:<init>(173)) - 52321763-3f6c-4ae6-8c1d-9758e235c7cc: new RaftServerImpl for group-A25ABE508CB7:[3ab91bad-9694-4126-92ff-ecec9fe4c4aa|rpc:172.17.0.2:43043, 52321763-3f6c-4ae6-8c1d-9758e235c7cc|rpc:172.17.0.2:44999, e4eaa117-0301-47df-aa31-ee25e619f23c|rpc:172.17.0.2:34769] with ContainerStateMachine:uninitialized
2020-12-30 01:57:20,175 [pool-237-thread-1] INFO  server.RaftServerConfigKeys (ConfUtils.java:logGet(44)) - raft.server.rpc.timeout.min = 5s (custom)
2020-12-30 01:57:20,177 [pool-237-thread-1] INFO  server.RaftServerConfigKeys (ConfUtils.java:logGet(44)) - raft.server.rpc.timeout.max = 5200ms (custom)
2020-12-30 01:57:20,177 [pool-237-thread-1] INFO  server.RaftServerConfigKeys (ConfUtils.java:logGet(44)) - raft.server.rpc.sleep.time = 25ms (default)
2020-12-30 01:57:20,177 [pool-237-thread-1] INFO  server.RaftServerConfigKeys (ConfUtils.java:logGet(44)) - raft.server.rpc.slowness.timeout = 300s (custom)
2020-12-30 01:57:20,177 [pool-237-thread-1] INFO  server.RaftServerConfigKeys (ConfUtils.java:logGet(44)) - raft.server.leaderelection.leader.step-down.wait-time = 10s (default)
2020-12-30 01:57:20,177 [pool-237-thread-1] INFO  server.RaftServerConfigKeys (ConfUtils.java:logGet(44)) - raft.server.sleep.deviation.threshold = 300ms (default)
2020-12-30 01:57:20,177 [pool-237-thread-1] INFO  server.RaftServerConfigKeys (ConfUtils.java:logGet(44)) - raft.server.log.appender.install.snapshot.enabled = false (custom)
2020-12-30 01:57:20,177 [pool-237-thread-1] INFO  server.RaftServer$Division (ServerState.java:<init>(104)) - 52321763-3f6c-4ae6-8c1d-9758e235c7cc@group-A25ABE508CB7: ConfigurationManager, init=-1: [3ab91bad-9694-4126-92ff-ecec9fe4c4aa|rpc:172.17.0.2:43043, 52321763-3f6c-4ae6-8c1d-9758e235c7cc|rpc:172.17.0.2:44999, e4eaa117-0301-47df-aa31-ee25e619f23c|rpc:172.17.0.2:34769], old=null, confs=<EMPTY_MAP>
2020-12-30 01:57:20,177 [pool-237-thread-1] INFO  server.RaftServerConfigKeys (ConfUtils.java:logGet(44)) - raft.server.storage.dir = [/github/workspace/mnt/ozone/hadoop-ozone/integration-test/target/test-dir/MiniOzoneClusterImpl-885a2ac6-dd28-4da4-9cce-7871c001d77b/datanode-0/data/ratis] (custom)
2020-12-30 01:57:20,178 [pool-237-thread-1] INFO  server.RaftServerConfigKeys (ConfUtils.java:logGet(44)) - raft.server.log.corruption.policy = EXCEPTION (default)
2020-12-30 01:57:20,178 [pool-237-thread-1] INFO  storage.RaftStorageDirectory (RaftStorageDirectory.java:analyzeStorage(260)) - The storage directory /github/workspace/mnt/ozone/hadoop-ozone/integration-test/target/test-dir/MiniOzoneClusterImpl-885a2ac6-dd28-4da4-9cce-7871c001d77b/datanode-0/data/ratis/f5144d4e-4954-47c8-8078-a25abe508cb7 does not exist. Creating ...
2020-12-30 01:57:20,179 [pool-237-thread-1] INFO  storage.RaftStorageDirectory (RaftStorageDirectory.java:tryLock(342)) - Lock on /github/workspace/mnt/ozone/hadoop-ozone/integration-test/target/test-dir/MiniOzoneClusterImpl-885a2ac6-dd28-4da4-9cce-7871c001d77b/datanode-0/data/ratis/f5144d4e-4954-47c8-8078-a25abe508cb7/in_use.lock acquired by nodename 822@e0a7f95c34ff
2020-12-30 01:57:20,180 [pool-237-thread-1] INFO  storage.RaftStorage (RaftStorage.java:format(89)) - Storage directory /github/workspace/mnt/ozone/hadoop-ozone/integration-test/target/test-dir/MiniOzoneClusterImpl-885a2ac6-dd28-4da4-9cce-7871c001d77b/datanode-0/data/ratis/f5144d4e-4954-47c8-8078-a25abe508cb7 has been successfully formatted.
2020-12-30 01:57:20,180 [pool-237-thread-1] INFO  ratis.ContainerStateMachine (ContainerStateMachine.java:loadSnapshot(223)) - group-A25ABE508CB7: The snapshot info is null. Setting the last applied indexto:(t:0, i:~)
2020-12-30 01:57:20,180 [pool-237-thread-1] ERROR storage.RaftStorage (RaftStorage.java:readRaftConfiguration(152)) - Failed reading configuration from file:/github/workspace/mnt/ozone/hadoop-ozone/integration-test/target/test-dir/MiniOzoneClusterImpl-885a2ac6-dd28-4da4-9cce-7871c001d77b/datanode-0/data/ratis/f5144d4e-4954-47c8-8078-a25abe508cb7/current/raft-meta.conf
java.io.FileNotFoundException: /github/workspace/mnt/ozone/hadoop-ozone/integration-test/target/test-dir/MiniOzoneClusterImpl-885a2ac6-dd28-4da4-9cce-7871c001d77b/datanode-0/data/ratis/f5144d4e-4954-47c8-8078-a25abe508cb7/current/raft-meta.conf (No such file or directory)
	at java.io.FileInputStream.open0(Native Method)
	at java.io.FileInputStream.open(FileInputStream.java:195)
	at java.io.FileInputStream.<init>(FileInputStream.java:138)
	at org.apache.ratis.server.storage.RaftStorage.readRaftConfiguration(RaftStorage.java:148)
	at org.apache.ratis.server.impl.ServerState.initStatemachine(ServerState.java:167)
	at org.apache.ratis.server.impl.ServerState.<init>(ServerState.java:112)
	at org.apache.ratis.server.impl.RaftServerImpl.<init>(RaftServerImpl.java:186)
	at org.apache.ratis.server.impl.RaftServerProxy.lambda$newRaftServerImpl$4(RaftServerProxy.java:264)
	at java.util.concurrent.CompletableFuture$AsyncSupply.run(CompletableFuture.java:1604)
	at java.util.concurrent.ThreadPoolExecutor.runWorker(ThreadPoolExecutor.java:1149)
	at java.util.concurrent.ThreadPoolExecutor$Worker.run(ThreadPoolExecutor.java:624)
	at java.lang.Thread.run(Thread.java:748)
2020-12-30 01:57:20,181 [pool-237-thread-1] INFO  server.RaftServerConfigKeys (ConfUtils.java:logGet(44)) - raft.server.notification.no-leader.timeout = 300s (custom)
2020-12-30 01:57:20,181 [EventQueue-OpenPipelineForHealthyPipelineSafeModeRule] INFO  safemode.SCMSafeModeManager (HealthyPipelineSafeModeRule.java:process(128)) - SCM in safe mode. Healthy pipelines reported count is 0, required healthy pipeline reported count is 1
2020-12-30 01:57:20,181 [EventQueue-PipelineReportForOneReplicaPipelineSafeModeRule] INFO  safemode.SCMSafeModeManager (SCMSafeModeManager.java:validateSafeModeExitRules(214)) - AtleastOneDatanodeReportedRule rule is successfully validated
2020-12-30 01:57:20,181 [pool-237-thread-1] INFO  server.RaftServerConfigKeys (ConfUtils.java:logGet(44)) - raft.server.log.use.memory = false (default)
2020-12-30 01:57:20,181 [pool-237-thread-1] INFO  server.RaftServerConfigKeys (ConfUtils.java:logGet(44)) - raft.server.log.purge.gap = 1000000 (custom)
2020-12-30 01:57:20,181 [pool-237-thread-1] INFO  metrics.RatisMetrics (RatisMetrics.java:lambda$create$0(36)) - Creating Metrics Registry : ratis.log_worker.52321763-3f6c-4ae6-8c1d-9758e235c7cc@group-A25ABE508CB7
2020-12-30 01:57:20,182 [pool-237-thread-1] INFO  server.RaftServerConfigKeys (ConfUtils.java:logGet(44)) - raft.server.log.appender.buffer.byte-limit = 33554432 (custom)
2020-12-30 01:57:20,182 [pool-237-thread-1] INFO  server.RaftServerConfigKeys (ConfUtils.java:logGet(44)) - raft.server.log.segment.size.max = 1048576 (custom)
2020-12-30 01:57:20,182 [pool-237-thread-1] INFO  server.RaftServerConfigKeys (ConfUtils.java:logGet(44)) - raft.server.log.segment.cache.num.max = 2 (custom)
2020-12-30 01:57:20,182 [pool-237-thread-1] INFO  server.RaftServerConfigKeys (ConfUtils.java:logGet(44)) - raft.server.log.segment.cache.size.max = 200MB (=209715200) (default)
2020-12-30 01:57:20,182 [pool-237-thread-1] INFO  segmented.SegmentedRaftLogWorker (SegmentedRaftLogWorker.java:<init>(181)) - new 52321763-3f6c-4ae6-8c1d-9758e235c7cc@group-A25ABE508CB7-SegmentedRaftLogWorker for RaftStorage:Storage Directory /github/workspace/mnt/ozone/hadoop-ozone/integration-test/target/test-dir/MiniOzoneClusterImpl-885a2ac6-dd28-4da4-9cce-7871c001d77b/datanode-0/data/ratis/f5144d4e-4954-47c8-8078-a25abe508cb7
2020-12-30 01:57:20,182 [pool-237-thread-1] INFO  server.RaftServerConfigKeys (ConfUtils.java:logGet(44)) - raft.server.log.queue.byte-limit = 2147483647 (custom)
2020-12-30 01:57:20,182 [pool-237-thread-1] INFO  server.RaftServerConfigKeys (ConfUtils.java:logGet(44)) - raft.server.log.queue.element-limit = 1024 (custom)
2020-12-30 01:57:20,183 [pool-237-thread-1] INFO  server.RaftServerConfigKeys (ConfUtils.java:logGet(44)) - raft.server.log.segment.size.max = 1048576 (custom)
2020-12-30 01:57:20,183 [pool-237-thread-1] INFO  server.RaftServerConfigKeys (ConfUtils.java:logGet(44)) - raft.server.log.preallocated.size = 16384 (custom)
2020-12-30 01:57:20,183 [pool-237-thread-1] INFO  server.RaftServerConfigKeys (ConfUtils.java:logGet(44)) - raft.server.log.force.sync.num = 128 (default)
2020-12-30 01:57:20,183 [pool-237-thread-1] INFO  server.RaftServerConfigKeys (ConfUtils.java:logGet(44)) - raft.server.log.statemachine.data.sync = true (default)
2020-12-30 01:57:20,183 [pool-237-thread-1] INFO  server.RaftServerConfigKeys (ConfUtils.java:logGet(44)) - raft.server.log.statemachine.data.sync.timeout = 10s (default)
2020-12-30 01:57:20,183 [pool-237-thread-1] INFO  server.RaftServerConfigKeys (ConfUtils.java:logGet(44)) - raft.server.log.statemachine.data.sync.timeout.retry = -1 (default)
2020-12-30 01:57:20,184 [pool-237-thread-1] INFO  server.RaftServerConfigKeys (ConfUtils.java:logGet(44)) - raft.server.log.write.buffer.size = 1048576 (custom)
2020-12-30 01:57:20,184 [pool-237-thread-1] INFO  server.RaftServerConfigKeys (ConfUtils.java:logGet(44)) - raft.server.log.statemachine.data.caching.enabled = true (custom)
2020-12-30 01:57:20,184 [pool-237-thread-1] INFO  segmented.SegmentedRaftLogWorker (SegmentedRaftLogWorker.java:lambda$new$0(132)) - 52321763-3f6c-4ae6-8c1d-9758e235c7cc@group-A25ABE508CB7-SegmentedRaftLogWorker: flushIndex: setUnconditionally 0 -> -1
2020-12-30 01:57:20,184 [pool-237-thread-1] INFO  segmented.SegmentedRaftLogWorker (SegmentedRaftLogWorker.java:lambda$new$0(132)) - 52321763-3f6c-4ae6-8c1d-9758e235c7cc@group-A25ABE508CB7-SegmentedRaftLogWorker: safeCacheEvictIndex: setUnconditionally 0 -> -1
2020-12-30 01:57:20,188 [pool-237-thread-1] INFO  server.RaftServerConfigKeys (ConfUtils.java:logGet(44)) - raft.server.snapshot.auto.trigger.enabled = true (custom)
2020-12-30 01:57:20,188 [pool-237-thread-1] INFO  server.RaftServerConfigKeys (ConfUtils.java:logGet(44)) - raft.server.snapshot.auto.trigger.threshold = 10000 (custom)
2020-12-30 01:57:20,188 [pool-237-thread-1] INFO  server.RaftServerConfigKeys (ConfUtils.java:logGet(44)) - raft.server.snapshot.retention.file.num = 5 (custom)
2020-12-30 01:57:20,188 [pool-237-thread-1] INFO  server.RaftServerConfigKeys (ConfUtils.java:logGet(44)) - raft.server.log.purge.upto.snapshot.index = false (default)
2020-12-30 01:57:20,188 [pool-237-thread-1] INFO  server.RaftServerConfigKeys (ConfUtils.java:logGet(44)) - raft.server.retrycache.expirytime = 600000ms (custom)
2020-12-30 01:57:20,188 [pool-237-thread-1] INFO  server.RaftServerConfigKeys (ConfUtils.java:logGet(44)) - raft.server.retrycache.statistics.expirytime = 100?s (default)
2020-12-30 01:57:20,188 [pool-237-thread-1] INFO  metrics.RatisMetrics (RatisMetrics.java:lambda$create$0(36)) - Creating Metrics Registry : ratis.leader_election.52321763-3f6c-4ae6-8c1d-9758e235c7cc@group-A25ABE508CB7
2020-12-30 01:57:20,189 [pool-237-thread-1] INFO  metrics.RatisMetrics (RatisMetrics.java:lambda$create$0(36)) - Creating Metrics Registry : ratis.server.52321763-3f6c-4ae6-8c1d-9758e235c7cc@group-A25ABE508CB7
2020-12-30 01:57:20,189 [pool-237-thread-1] INFO  server.RaftServer$Division (RaftServerImpl.java:start(286)) - 52321763-3f6c-4ae6-8c1d-9758e235c7cc@group-A25ABE508CB7: start as a follower, conf=-1: [3ab91bad-9694-4126-92ff-ecec9fe4c4aa|rpc:172.17.0.2:43043, 52321763-3f6c-4ae6-8c1d-9758e235c7cc|rpc:172.17.0.2:44999, e4eaa117-0301-47df-aa31-ee25e619f23c|rpc:172.17.0.2:34769], old=null
2020-12-30 01:57:20,189 [pool-237-thread-1] INFO  server.RaftServer$Division (RaftServerImpl.java:setRole(275)) - 52321763-3f6c-4ae6-8c1d-9758e235c7cc@group-A25ABE508CB7: changes role from      null to FOLLOWER at term 0 for startAsFollower
2020-12-30 01:57:20,189 [pool-237-thread-1] INFO  impl.RoleInfo (RoleInfo.java:updateAndGet(130)) - 52321763-3f6c-4ae6-8c1d-9758e235c7cc: start 52321763-3f6c-4ae6-8c1d-9758e235c7cc@group-A25ABE508CB7-FollowerState
2020-12-30 01:57:20,190 [pool-237-thread-1] INFO  util.JmxRegister (JmxRegister.java:tryRegister(44)) - Successfully registered JMX Bean with object name Ratis:service=RaftServer,group=group-A25ABE508CB7,id=52321763-3f6c-4ae6-8c1d-9758e235c7cc
2020-12-30 01:57:20,190 [pool-237-thread-1] INFO  metrics.RatisMetrics (RatisMetrics.java:lambda$create$0(36)) - Creating Metrics Registry : ratis.state_machine.52321763-3f6c-4ae6-8c1d-9758e235c7cc@group-A25ABE508CB7
2020-12-30 01:57:20,191 [Command processor thread] INFO  metrics.RatisMetrics (RatisMetrics.java:lambda$create$0(36)) - Creating Metrics Registry : ratis.client_message_metrics.client-244CC52A1E0E->e4eaa117-0301-47df-aa31-ee25e619f23c
2020-12-30 01:57:20,196 [grpc-default-executor-0] INFO  metrics.RatisMetrics (RatisMetrics.java:lambda$create$0(36)) - Creating Metrics Registry : ratis.server_message_metrics.e4eaa117-0301-47df-aa31-ee25e619f23c
2020-12-30 01:57:20,198 [grpc-default-executor-0] INFO  server.RaftServer (RaftServerProxy.java:addNew(93)) - e4eaa117-0301-47df-aa31-ee25e619f23c: addNew group-A25ABE508CB7:[3ab91bad-9694-4126-92ff-ecec9fe4c4aa|rpc:172.17.0.2:43043|dataStream:, 52321763-3f6c-4ae6-8c1d-9758e235c7cc|rpc:172.17.0.2:44999|dataStream:, e4eaa117-0301-47df-aa31-ee25e619f23c|rpc:172.17.0.2:34769|dataStream:] returns group-A25ABE508CB7:java.util.concurrent.CompletableFuture@248b2c63[Not completed]
2020-12-30 01:57:20,198 [pool-253-thread-1] INFO  server.RaftServer$Division (RaftServerImpl.java:<init>(173)) - e4eaa117-0301-47df-aa31-ee25e619f23c: new RaftServerImpl for group-A25ABE508CB7:[3ab91bad-9694-4126-92ff-ecec9fe4c4aa|rpc:172.17.0.2:43043|dataStream:, 52321763-3f6c-4ae6-8c1d-9758e235c7cc|rpc:172.17.0.2:44999|dataStream:, e4eaa117-0301-47df-aa31-ee25e619f23c|rpc:172.17.0.2:34769|dataStream:] with ContainerStateMachine:uninitialized
2020-12-30 01:57:20,198 [pool-253-thread-1] INFO  server.RaftServerConfigKeys (ConfUtils.java:logGet(44)) - raft.server.rpc.timeout.min = 5s (custom)
2020-12-30 01:57:20,199 [pool-253-thread-1] INFO  server.RaftServerConfigKeys (ConfUtils.java:logGet(44)) - raft.server.rpc.timeout.max = 5200ms (custom)
2020-12-30 01:57:20,199 [pool-253-thread-1] INFO  server.RaftServerConfigKeys (ConfUtils.java:logGet(44)) - raft.server.rpc.sleep.time = 25ms (default)
2020-12-30 01:57:20,199 [pool-253-thread-1] INFO  server.RaftServerConfigKeys (ConfUtils.java:logGet(44)) - raft.server.rpc.slowness.timeout = 300s (custom)
2020-12-30 01:57:20,199 [pool-253-thread-1] INFO  server.RaftServerConfigKeys (ConfUtils.java:logGet(44)) - raft.server.leaderelection.leader.step-down.wait-time = 10s (default)
2020-12-30 01:57:20,199 [pool-253-thread-1] INFO  server.RaftServerConfigKeys (ConfUtils.java:logGet(44)) - raft.server.sleep.deviation.threshold = 300ms (default)
2020-12-30 01:57:20,199 [pool-253-thread-1] INFO  server.RaftServerConfigKeys (ConfUtils.java:logGet(44)) - raft.server.log.appender.install.snapshot.enabled = false (custom)
2020-12-30 01:57:20,199 [pool-253-thread-1] INFO  server.RaftServer$Division (ServerState.java:<init>(104)) - e4eaa117-0301-47df-aa31-ee25e619f23c@group-A25ABE508CB7: ConfigurationManager, init=-1: [3ab91bad-9694-4126-92ff-ecec9fe4c4aa|rpc:172.17.0.2:43043|dataStream:, 52321763-3f6c-4ae6-8c1d-9758e235c7cc|rpc:172.17.0.2:44999|dataStream:, e4eaa117-0301-47df-aa31-ee25e619f23c|rpc:172.17.0.2:34769|dataStream:], old=null, confs=<EMPTY_MAP>
2020-12-30 01:57:20,199 [pool-253-thread-1] INFO  server.RaftServerConfigKeys (ConfUtils.java:logGet(44)) - raft.server.storage.dir = [/github/workspace/mnt/ozone/hadoop-ozone/integration-test/target/test-dir/MiniOzoneClusterImpl-885a2ac6-dd28-4da4-9cce-7871c001d77b/datanode-1/data/ratis] (custom)
2020-12-30 01:57:20,199 [pool-253-thread-1] INFO  server.RaftServerConfigKeys (ConfUtils.java:logGet(44)) - raft.server.log.corruption.policy = EXCEPTION (default)
2020-12-30 01:57:20,199 [pool-253-thread-1] INFO  storage.RaftStorageDirectory (RaftStorageDirectory.java:analyzeStorage(260)) - The storage directory /github/workspace/mnt/ozone/hadoop-ozone/integration-test/target/test-dir/MiniOzoneClusterImpl-885a2ac6-dd28-4da4-9cce-7871c001d77b/datanode-1/data/ratis/f5144d4e-4954-47c8-8078-a25abe508cb7 does not exist. Creating ...
2020-12-30 01:57:20,200 [pool-253-thread-1] INFO  storage.RaftStorageDirectory (RaftStorageDirectory.java:tryLock(342)) - Lock on /github/workspace/mnt/ozone/hadoop-ozone/integration-test/target/test-dir/MiniOzoneClusterImpl-885a2ac6-dd28-4da4-9cce-7871c001d77b/datanode-1/data/ratis/f5144d4e-4954-47c8-8078-a25abe508cb7/in_use.lock acquired by nodename 822@e0a7f95c34ff
2020-12-30 01:57:20,201 [pool-253-thread-1] INFO  storage.RaftStorage (RaftStorage.java:format(89)) - Storage directory /github/workspace/mnt/ozone/hadoop-ozone/integration-test/target/test-dir/MiniOzoneClusterImpl-885a2ac6-dd28-4da4-9cce-7871c001d77b/datanode-1/data/ratis/f5144d4e-4954-47c8-8078-a25abe508cb7 has been successfully formatted.
2020-12-30 01:57:20,201 [pool-253-thread-1] INFO  ratis.ContainerStateMachine (ContainerStateMachine.java:loadSnapshot(223)) - group-A25ABE508CB7: The snapshot info is null. Setting the last applied indexto:(t:0, i:~)
2020-12-30 01:57:20,202 [pool-253-thread-1] ERROR storage.RaftStorage (RaftStorage.java:readRaftConfiguration(152)) - Failed reading configuration from file:/github/workspace/mnt/ozone/hadoop-ozone/integration-test/target/test-dir/MiniOzoneClusterImpl-885a2ac6-dd28-4da4-9cce-7871c001d77b/datanode-1/data/ratis/f5144d4e-4954-47c8-8078-a25abe508cb7/current/raft-meta.conf
java.io.FileNotFoundException: /github/workspace/mnt/ozone/hadoop-ozone/integration-test/target/test-dir/MiniOzoneClusterImpl-885a2ac6-dd28-4da4-9cce-7871c001d77b/datanode-1/data/ratis/f5144d4e-4954-47c8-8078-a25abe508cb7/current/raft-meta.conf (No such file or directory)
	at java.io.FileInputStream.open0(Native Method)
	at java.io.FileInputStream.open(FileInputStream.java:195)
	at java.io.FileInputStream.<init>(FileInputStream.java:138)
	at org.apache.ratis.server.storage.RaftStorage.readRaftConfiguration(RaftStorage.java:148)
	at org.apache.ratis.server.impl.ServerState.initStatemachine(ServerState.java:167)
	at org.apache.ratis.server.impl.ServerState.<init>(ServerState.java:112)
	at org.apache.ratis.server.impl.RaftServerImpl.<init>(RaftServerImpl.java:186)
	at org.apache.ratis.server.impl.RaftServerProxy.lambda$newRaftServerImpl$4(RaftServerProxy.java:264)
	at java.util.concurrent.CompletableFuture$AsyncSupply.run(CompletableFuture.java:1604)
	at java.util.concurrent.ThreadPoolExecutor.runWorker(ThreadPoolExecutor.java:1149)
	at java.util.concurrent.ThreadPoolExecutor$Worker.run(ThreadPoolExecutor.java:624)
	at java.lang.Thread.run(Thread.java:748)
2020-12-30 01:57:20,202 [pool-253-thread-1] INFO  server.RaftServerConfigKeys (ConfUtils.java:logGet(44)) - raft.server.notification.no-leader.timeout = 300s (custom)
2020-12-30 01:57:20,202 [EventQueue-PipelineReportForOneReplicaPipelineSafeModeRule] INFO  safemode.SCMSafeModeManager (SCMSafeModeManager.java:validateSafeModeExitRules(214)) - AtleastOneDatanodeReportedRule rule is successfully validated
2020-12-30 01:57:20,202 [pool-253-thread-1] INFO  server.RaftServerConfigKeys (ConfUtils.java:logGet(44)) - raft.server.log.use.memory = false (default)
2020-12-30 01:57:20,202 [pool-253-thread-1] INFO  server.RaftServerConfigKeys (ConfUtils.java:logGet(44)) - raft.server.log.purge.gap = 1000000 (custom)
2020-12-30 01:57:20,202 [pool-253-thread-1] INFO  metrics.RatisMetrics (RatisMetrics.java:lambda$create$0(36)) - Creating Metrics Registry : ratis.log_worker.e4eaa117-0301-47df-aa31-ee25e619f23c@group-A25ABE508CB7
2020-12-30 01:57:20,202 [pool-253-thread-1] INFO  server.RaftServerConfigKeys (ConfUtils.java:logGet(44)) - raft.server.log.appender.buffer.byte-limit = 33554432 (custom)
2020-12-30 01:57:20,202 [pool-253-thread-1] INFO  server.RaftServerConfigKeys (ConfUtils.java:logGet(44)) - raft.server.log.segment.size.max = 1048576 (custom)
2020-12-30 01:57:20,203 [pool-253-thread-1] INFO  server.RaftServerConfigKeys (ConfUtils.java:logGet(44)) - raft.server.log.segment.cache.num.max = 2 (custom)
2020-12-30 01:57:20,203 [pool-253-thread-1] INFO  server.RaftServerConfigKeys (ConfUtils.java:logGet(44)) - raft.server.log.segment.cache.size.max = 200MB (=209715200) (default)
2020-12-30 01:57:20,203 [pool-253-thread-1] INFO  segmented.SegmentedRaftLogWorker (SegmentedRaftLogWorker.java:<init>(181)) - new e4eaa117-0301-47df-aa31-ee25e619f23c@group-A25ABE508CB7-SegmentedRaftLogWorker for RaftStorage:Storage Directory /github/workspace/mnt/ozone/hadoop-ozone/integration-test/target/test-dir/MiniOzoneClusterImpl-885a2ac6-dd28-4da4-9cce-7871c001d77b/datanode-1/data/ratis/f5144d4e-4954-47c8-8078-a25abe508cb7
2020-12-30 01:57:20,203 [pool-253-thread-1] INFO  server.RaftServerConfigKeys (ConfUtils.java:logGet(44)) - raft.server.log.queue.byte-limit = 2147483647 (custom)
2020-12-30 01:57:20,203 [pool-253-thread-1] INFO  server.RaftServerConfigKeys (ConfUtils.java:logGet(44)) - raft.server.log.queue.element-limit = 1024 (custom)
2020-12-30 01:57:20,203 [pool-253-thread-1] INFO  server.RaftServerConfigKeys (ConfUtils.java:logGet(44)) - raft.server.log.segment.size.max = 1048576 (custom)
2020-12-30 01:57:20,203 [pool-253-thread-1] INFO  server.RaftServerConfigKeys (ConfUtils.java:logGet(44)) - raft.server.log.preallocated.size = 16384 (custom)
2020-12-30 01:57:20,203 [pool-253-thread-1] INFO  server.RaftServerConfigKeys (ConfUtils.java:logGet(44)) - raft.server.log.force.sync.num = 128 (default)
2020-12-30 01:57:20,203 [pool-253-thread-1] INFO  server.RaftServerConfigKeys (ConfUtils.java:logGet(44)) - raft.server.log.statemachine.data.sync = true (default)
2020-12-30 01:57:20,203 [pool-253-thread-1] INFO  server.RaftServerConfigKeys (ConfUtils.java:logGet(44)) - raft.server.log.statemachine.data.sync.timeout = 10s (default)
2020-12-30 01:57:20,203 [pool-253-thread-1] INFO  server.RaftServerConfigKeys (ConfUtils.java:logGet(44)) - raft.server.log.statemachine.data.sync.timeout.retry = -1 (default)
2020-12-30 01:57:20,204 [pool-253-thread-1] INFO  server.RaftServerConfigKeys (ConfUtils.java:logGet(44)) - raft.server.log.write.buffer.size = 1048576 (custom)
2020-12-30 01:57:20,204 [pool-253-thread-1] INFO  server.RaftServerConfigKeys (ConfUtils.java:logGet(44)) - raft.server.log.statemachine.data.caching.enabled = true (custom)
2020-12-30 01:57:20,205 [pool-253-thread-1] INFO  segmented.SegmentedRaftLogWorker (SegmentedRaftLogWorker.java:lambda$new$0(132)) - e4eaa117-0301-47df-aa31-ee25e619f23c@group-A25ABE508CB7-SegmentedRaftLogWorker: flushIndex: setUnconditionally 0 -> -1
2020-12-30 01:57:20,205 [pool-253-thread-1] INFO  segmented.SegmentedRaftLogWorker (SegmentedRaftLogWorker.java:lambda$new$0(132)) - e4eaa117-0301-47df-aa31-ee25e619f23c@group-A25ABE508CB7-SegmentedRaftLogWorker: safeCacheEvictIndex: setUnconditionally 0 -> -1
2020-12-30 01:57:20,205 [pool-253-thread-1] INFO  server.RaftServerConfigKeys (ConfUtils.java:logGet(44)) - raft.server.snapshot.auto.trigger.enabled = true (custom)
2020-12-30 01:57:20,205 [pool-253-thread-1] INFO  server.RaftServerConfigKeys (ConfUtils.java:logGet(44)) - raft.server.snapshot.auto.trigger.threshold = 10000 (custom)
2020-12-30 01:57:20,205 [pool-253-thread-1] INFO  server.RaftServerConfigKeys (ConfUtils.java:logGet(44)) - raft.server.snapshot.retention.file.num = 5 (custom)
2020-12-30 01:57:20,205 [pool-253-thread-1] INFO  server.RaftServerConfigKeys (ConfUtils.java:logGet(44)) - raft.server.log.purge.upto.snapshot.index = false (default)
2020-12-30 01:57:20,205 [pool-253-thread-1] INFO  server.RaftServerConfigKeys (ConfUtils.java:logGet(44)) - raft.server.retrycache.expirytime = 600000ms (custom)
2020-12-30 01:57:20,205 [pool-253-thread-1] INFO  server.RaftServerConfigKeys (ConfUtils.java:logGet(44)) - raft.server.retrycache.statistics.expirytime = 100?s (default)
2020-12-30 01:57:20,205 [pool-253-thread-1] INFO  metrics.RatisMetrics (RatisMetrics.java:lambda$create$0(36)) - Creating Metrics Registry : ratis.leader_election.e4eaa117-0301-47df-aa31-ee25e619f23c@group-A25ABE508CB7
2020-12-30 01:57:20,206 [pool-253-thread-1] INFO  metrics.RatisMetrics (RatisMetrics.java:lambda$create$0(36)) - Creating Metrics Registry : ratis.server.e4eaa117-0301-47df-aa31-ee25e619f23c@group-A25ABE508CB7
2020-12-30 01:57:20,206 [pool-253-thread-1] INFO  server.RaftServer$Division (RaftServerImpl.java:start(286)) - e4eaa117-0301-47df-aa31-ee25e619f23c@group-A25ABE508CB7: start as a follower, conf=-1: [3ab91bad-9694-4126-92ff-ecec9fe4c4aa|rpc:172.17.0.2:43043|dataStream:, 52321763-3f6c-4ae6-8c1d-9758e235c7cc|rpc:172.17.0.2:44999|dataStream:, e4eaa117-0301-47df-aa31-ee25e619f23c|rpc:172.17.0.2:34769|dataStream:], old=null
2020-12-30 01:57:20,206 [pool-253-thread-1] INFO  server.RaftServer$Division (RaftServerImpl.java:setRole(275)) - e4eaa117-0301-47df-aa31-ee25e619f23c@group-A25ABE508CB7: changes role from      null to FOLLOWER at term 0 for startAsFollower
2020-12-30 01:57:20,206 [pool-253-thread-1] INFO  impl.RoleInfo (RoleInfo.java:updateAndGet(130)) - e4eaa117-0301-47df-aa31-ee25e619f23c: start e4eaa117-0301-47df-aa31-ee25e619f23c@group-A25ABE508CB7-FollowerState
2020-12-30 01:57:20,207 [pool-253-thread-1] INFO  util.JmxRegister (JmxRegister.java:tryRegister(44)) - Successfully registered JMX Bean with object name Ratis:service=RaftServer,group=group-A25ABE508CB7,id=e4eaa117-0301-47df-aa31-ee25e619f23c
2020-12-30 01:57:20,207 [pool-253-thread-1] INFO  metrics.RatisMetrics (RatisMetrics.java:lambda$create$0(36)) - Creating Metrics Registry : ratis.state_machine.e4eaa117-0301-47df-aa31-ee25e619f23c@group-A25ABE508CB7
2020-12-30 01:57:20,212 [Command processor thread] INFO  metrics.RatisMetrics (RatisMetrics.java:lambda$create$0(36)) - Creating Metrics Registry : ratis.client_message_metrics.client-638209E61507->3ab91bad-9694-4126-92ff-ecec9fe4c4aa
2020-12-30 01:57:20,216 [grpc-default-executor-0] INFO  metrics.RatisMetrics (RatisMetrics.java:lambda$create$0(36)) - Creating Metrics Registry : ratis.server_message_metrics.3ab91bad-9694-4126-92ff-ecec9fe4c4aa
2020-12-30 01:57:20,217 [grpc-default-executor-0] INFO  server.RaftServer (RaftServerProxy.java:addNew(93)) - 3ab91bad-9694-4126-92ff-ecec9fe4c4aa: addNew group-A25ABE508CB7:[3ab91bad-9694-4126-92ff-ecec9fe4c4aa|rpc:172.17.0.2:43043|dataStream:, 52321763-3f6c-4ae6-8c1d-9758e235c7cc|rpc:172.17.0.2:44999|dataStream:, e4eaa117-0301-47df-aa31-ee25e619f23c|rpc:172.17.0.2:34769|dataStream:] returns group-A25ABE508CB7:java.util.concurrent.CompletableFuture@66b35bf1[Not completed]
2020-12-30 01:57:20,222 [pool-269-thread-1] INFO  server.RaftServer$Division (RaftServerImpl.java:<init>(173)) - 3ab91bad-9694-4126-92ff-ecec9fe4c4aa: new RaftServerImpl for group-A25ABE508CB7:[3ab91bad-9694-4126-92ff-ecec9fe4c4aa|rpc:172.17.0.2:43043|dataStream:, 52321763-3f6c-4ae6-8c1d-9758e235c7cc|rpc:172.17.0.2:44999|dataStream:, e4eaa117-0301-47df-aa31-ee25e619f23c|rpc:172.17.0.2:34769|dataStream:] with ContainerStateMachine:uninitialized
2020-12-30 01:57:20,222 [pool-269-thread-1] INFO  server.RaftServerConfigKeys (ConfUtils.java:logGet(44)) - raft.server.rpc.timeout.min = 5s (custom)
2020-12-30 01:57:20,222 [pool-269-thread-1] INFO  server.RaftServerConfigKeys (ConfUtils.java:logGet(44)) - raft.server.rpc.timeout.max = 5200ms (custom)
2020-12-30 01:57:20,222 [pool-269-thread-1] INFO  server.RaftServerConfigKeys (ConfUtils.java:logGet(44)) - raft.server.rpc.sleep.time = 25ms (default)
2020-12-30 01:57:20,222 [pool-269-thread-1] INFO  server.RaftServerConfigKeys (ConfUtils.java:logGet(44)) - raft.server.rpc.slowness.timeout = 300s (custom)
2020-12-30 01:57:20,222 [pool-269-thread-1] INFO  server.RaftServerConfigKeys (ConfUtils.java:logGet(44)) - raft.server.leaderelection.leader.step-down.wait-time = 10s (default)
2020-12-30 01:57:20,222 [pool-269-thread-1] INFO  server.RaftServerConfigKeys (ConfUtils.java:logGet(44)) - raft.server.sleep.deviation.threshold = 300ms (default)
2020-12-30 01:57:20,222 [pool-269-thread-1] INFO  server.RaftServerConfigKeys (ConfUtils.java:logGet(44)) - raft.server.log.appender.install.snapshot.enabled = false (custom)
2020-12-30 01:57:20,222 [pool-269-thread-1] INFO  server.RaftServer$Division (ServerState.java:<init>(104)) - 3ab91bad-9694-4126-92ff-ecec9fe4c4aa@group-A25ABE508CB7: ConfigurationManager, init=-1: [3ab91bad-9694-4126-92ff-ecec9fe4c4aa|rpc:172.17.0.2:43043|dataStream:, 52321763-3f6c-4ae6-8c1d-9758e235c7cc|rpc:172.17.0.2:44999|dataStream:, e4eaa117-0301-47df-aa31-ee25e619f23c|rpc:172.17.0.2:34769|dataStream:], old=null, confs=<EMPTY_MAP>
2020-12-30 01:57:20,222 [pool-269-thread-1] INFO  server.RaftServerConfigKeys (ConfUtils.java:logGet(44)) - raft.server.storage.dir = [/github/workspace/mnt/ozone/hadoop-ozone/integration-test/target/test-dir/MiniOzoneClusterImpl-885a2ac6-dd28-4da4-9cce-7871c001d77b/datanode-2/data/ratis] (custom)
2020-12-30 01:57:20,222 [pool-269-thread-1] INFO  server.RaftServerConfigKeys (ConfUtils.java:logGet(44)) - raft.server.log.corruption.policy = EXCEPTION (default)
2020-12-30 01:57:20,223 [pool-269-thread-1] INFO  storage.RaftStorageDirectory (RaftStorageDirectory.java:analyzeStorage(260)) - The storage directory /github/workspace/mnt/ozone/hadoop-ozone/integration-test/target/test-dir/MiniOzoneClusterImpl-885a2ac6-dd28-4da4-9cce-7871c001d77b/datanode-2/data/ratis/f5144d4e-4954-47c8-8078-a25abe508cb7 does not exist. Creating ...
2020-12-30 01:57:20,225 [pool-269-thread-1] INFO  storage.RaftStorageDirectory (RaftStorageDirectory.java:tryLock(342)) - Lock on /github/workspace/mnt/ozone/hadoop-ozone/integration-test/target/test-dir/MiniOzoneClusterImpl-885a2ac6-dd28-4da4-9cce-7871c001d77b/datanode-2/data/ratis/f5144d4e-4954-47c8-8078-a25abe508cb7/in_use.lock acquired by nodename 822@e0a7f95c34ff
2020-12-30 01:57:20,226 [pool-269-thread-1] INFO  storage.RaftStorage (RaftStorage.java:format(89)) - Storage directory /github/workspace/mnt/ozone/hadoop-ozone/integration-test/target/test-dir/MiniOzoneClusterImpl-885a2ac6-dd28-4da4-9cce-7871c001d77b/datanode-2/data/ratis/f5144d4e-4954-47c8-8078-a25abe508cb7 has been successfully formatted.
2020-12-30 01:57:20,227 [EventQueue-PipelineReportForOneReplicaPipelineSafeModeRule] INFO  safemode.SCMSafeModeManager (SCMSafeModeManager.java:validateSafeModeExitRules(214)) - AtleastOneDatanodeReportedRule rule is successfully validated
2020-12-30 01:57:20,227 [pool-269-thread-1] INFO  ratis.ContainerStateMachine (ContainerStateMachine.java:loadSnapshot(223)) - group-A25ABE508CB7: The snapshot info is null. Setting the last applied indexto:(t:0, i:~)
2020-12-30 01:57:20,228 [pool-269-thread-1] ERROR storage.RaftStorage (RaftStorage.java:readRaftConfiguration(152)) - Failed reading configuration from file:/github/workspace/mnt/ozone/hadoop-ozone/integration-test/target/test-dir/MiniOzoneClusterImpl-885a2ac6-dd28-4da4-9cce-7871c001d77b/datanode-2/data/ratis/f5144d4e-4954-47c8-8078-a25abe508cb7/current/raft-meta.conf
java.io.FileNotFoundException: /github/workspace/mnt/ozone/hadoop-ozone/integration-test/target/test-dir/MiniOzoneClusterImpl-885a2ac6-dd28-4da4-9cce-7871c001d77b/datanode-2/data/ratis/f5144d4e-4954-47c8-8078-a25abe508cb7/current/raft-meta.conf (No such file or directory)
	at java.io.FileInputStream.open0(Native Method)
	at java.io.FileInputStream.open(FileInputStream.java:195)
	at java.io.FileInputStream.<init>(FileInputStream.java:138)
	at org.apache.ratis.server.storage.RaftStorage.readRaftConfiguration(RaftStorage.java:148)
	at org.apache.ratis.server.impl.ServerState.initStatemachine(ServerState.java:167)
	at org.apache.ratis.server.impl.ServerState.<init>(ServerState.java:112)
	at org.apache.ratis.server.impl.RaftServerImpl.<init>(RaftServerImpl.java:186)
	at org.apache.ratis.server.impl.RaftServerProxy.lambda$newRaftServerImpl$4(RaftServerProxy.java:264)
	at java.util.concurrent.CompletableFuture$AsyncSupply.run(CompletableFuture.java:1604)
	at java.util.concurrent.ThreadPoolExecutor.runWorker(ThreadPoolExecutor.java:1149)
	at java.util.concurrent.ThreadPoolExecutor$Worker.run(ThreadPoolExecutor.java:624)
	at java.lang.Thread.run(Thread.java:748)
2020-12-30 01:57:20,230 [pool-269-thread-1] INFO  server.RaftServerConfigKeys (ConfUtils.java:logGet(44)) - raft.server.notification.no-leader.timeout = 300s (custom)
2020-12-30 01:57:20,230 [pool-269-thread-1] INFO  server.RaftServerConfigKeys (ConfUtils.java:logGet(44)) - raft.server.log.use.memory = false (default)
2020-12-30 01:57:20,230 [pool-269-thread-1] INFO  server.RaftServerConfigKeys (ConfUtils.java:logGet(44)) - raft.server.log.purge.gap = 1000000 (custom)
2020-12-30 01:57:20,230 [pool-269-thread-1] INFO  metrics.RatisMetrics (RatisMetrics.java:lambda$create$0(36)) - Creating Metrics Registry : ratis.log_worker.3ab91bad-9694-4126-92ff-ecec9fe4c4aa@group-A25ABE508CB7
2020-12-30 01:57:20,231 [pool-269-thread-1] INFO  server.RaftServerConfigKeys (ConfUtils.java:logGet(44)) - raft.server.log.appender.buffer.byte-limit = 33554432 (custom)
2020-12-30 01:57:20,231 [pool-269-thread-1] INFO  server.RaftServerConfigKeys (ConfUtils.java:logGet(44)) - raft.server.log.segment.size.max = 1048576 (custom)
2020-12-30 01:57:20,231 [pool-269-thread-1] INFO  server.RaftServerConfigKeys (ConfUtils.java:logGet(44)) - raft.server.log.segment.cache.num.max = 2 (custom)
2020-12-30 01:57:20,231 [pool-269-thread-1] INFO  server.RaftServerConfigKeys (ConfUtils.java:logGet(44)) - raft.server.log.segment.cache.size.max = 200MB (=209715200) (default)
2020-12-30 01:57:20,231 [pool-269-thread-1] INFO  segmented.SegmentedRaftLogWorker (SegmentedRaftLogWorker.java:<init>(181)) - new 3ab91bad-9694-4126-92ff-ecec9fe4c4aa@group-A25ABE508CB7-SegmentedRaftLogWorker for RaftStorage:Storage Directory /github/workspace/mnt/ozone/hadoop-ozone/integration-test/target/test-dir/MiniOzoneClusterImpl-885a2ac6-dd28-4da4-9cce-7871c001d77b/datanode-2/data/ratis/f5144d4e-4954-47c8-8078-a25abe508cb7
2020-12-30 01:57:20,231 [pool-269-thread-1] INFO  server.RaftServerConfigKeys (ConfUtils.java:logGet(44)) - raft.server.log.queue.byte-limit = 2147483647 (custom)
2020-12-30 01:57:20,232 [pool-269-thread-1] INFO  server.RaftServerConfigKeys (ConfUtils.java:logGet(44)) - raft.server.log.queue.element-limit = 1024 (custom)
2020-12-30 01:57:20,232 [pool-269-thread-1] INFO  server.RaftServerConfigKeys (ConfUtils.java:logGet(44)) - raft.server.log.segment.size.max = 1048576 (custom)
2020-12-30 01:57:20,232 [pool-269-thread-1] INFO  server.RaftServerConfigKeys (ConfUtils.java:logGet(44)) - raft.server.log.preallocated.size = 16384 (custom)
2020-12-30 01:57:20,232 [pool-269-thread-1] INFO  server.RaftServerConfigKeys (ConfUtils.java:logGet(44)) - raft.server.log.force.sync.num = 128 (default)
2020-12-30 01:57:20,232 [pool-269-thread-1] INFO  server.RaftServerConfigKeys (ConfUtils.java:logGet(44)) - raft.server.log.statemachine.data.sync = true (default)
2020-12-30 01:57:20,232 [pool-269-thread-1] INFO  server.RaftServerConfigKeys (ConfUtils.java:logGet(44)) - raft.server.log.statemachine.data.sync.timeout = 10s (default)
2020-12-30 01:57:20,232 [pool-269-thread-1] INFO  server.RaftServerConfigKeys (ConfUtils.java:logGet(44)) - raft.server.log.statemachine.data.sync.timeout.retry = -1 (default)
2020-12-30 01:57:20,233 [pool-269-thread-1] INFO  server.RaftServerConfigKeys (ConfUtils.java:logGet(44)) - raft.server.log.write.buffer.size = 1048576 (custom)
2020-12-30 01:57:20,234 [pool-269-thread-1] INFO  server.RaftServerConfigKeys (ConfUtils.java:logGet(44)) - raft.server.log.statemachine.data.caching.enabled = true (custom)
2020-12-30 01:57:20,234 [pool-269-thread-1] INFO  segmented.SegmentedRaftLogWorker (SegmentedRaftLogWorker.java:lambda$new$0(132)) - 3ab91bad-9694-4126-92ff-ecec9fe4c4aa@group-A25ABE508CB7-SegmentedRaftLogWorker: flushIndex: setUnconditionally 0 -> -1
2020-12-30 01:57:20,234 [pool-269-thread-1] INFO  segmented.SegmentedRaftLogWorker (SegmentedRaftLogWorker.java:lambda$new$0(132)) - 3ab91bad-9694-4126-92ff-ecec9fe4c4aa@group-A25ABE508CB7-SegmentedRaftLogWorker: safeCacheEvictIndex: setUnconditionally 0 -> -1
2020-12-30 01:57:20,234 [pool-269-thread-1] INFO  server.RaftServerConfigKeys (ConfUtils.java:logGet(44)) - raft.server.snapshot.auto.trigger.enabled = true (custom)
2020-12-30 01:57:20,234 [pool-269-thread-1] INFO  server.RaftServerConfigKeys (ConfUtils.java:logGet(44)) - raft.server.snapshot.auto.trigger.threshold = 10000 (custom)
2020-12-30 01:57:20,234 [pool-269-thread-1] INFO  server.RaftServerConfigKeys (ConfUtils.java:logGet(44)) - raft.server.snapshot.retention.file.num = 5 (custom)
2020-12-30 01:57:20,234 [pool-269-thread-1] INFO  server.RaftServerConfigKeys (ConfUtils.java:logGet(44)) - raft.server.log.purge.upto.snapshot.index = false (default)
2020-12-30 01:57:20,235 [pool-269-thread-1] INFO  server.RaftServerConfigKeys (ConfUtils.java:logGet(44)) - raft.server.retrycache.expirytime = 600000ms (custom)
2020-12-30 01:57:20,235 [pool-269-thread-1] INFO  server.RaftServerConfigKeys (ConfUtils.java:logGet(44)) - raft.server.retrycache.statistics.expirytime = 100?s (default)
2020-12-30 01:57:20,235 [pool-269-thread-1] INFO  metrics.RatisMetrics (RatisMetrics.java:lambda$create$0(36)) - Creating Metrics Registry : ratis.leader_election.3ab91bad-9694-4126-92ff-ecec9fe4c4aa@group-A25ABE508CB7
2020-12-30 01:57:20,235 [pool-269-thread-1] INFO  metrics.RatisMetrics (RatisMetrics.java:lambda$create$0(36)) - Creating Metrics Registry : ratis.server.3ab91bad-9694-4126-92ff-ecec9fe4c4aa@group-A25ABE508CB7
2020-12-30 01:57:20,236 [pool-269-thread-1] INFO  server.RaftServer$Division (RaftServerImpl.java:start(286)) - 3ab91bad-9694-4126-92ff-ecec9fe4c4aa@group-A25ABE508CB7: start as a follower, conf=-1: [3ab91bad-9694-4126-92ff-ecec9fe4c4aa|rpc:172.17.0.2:43043|dataStream:, 52321763-3f6c-4ae6-8c1d-9758e235c7cc|rpc:172.17.0.2:44999|dataStream:, e4eaa117-0301-47df-aa31-ee25e619f23c|rpc:172.17.0.2:34769|dataStream:], old=null
2020-12-30 01:57:20,236 [pool-269-thread-1] INFO  server.RaftServer$Division (RaftServerImpl.java:setRole(275)) - 3ab91bad-9694-4126-92ff-ecec9fe4c4aa@group-A25ABE508CB7: changes role from      null to FOLLOWER at term 0 for startAsFollower
2020-12-30 01:57:20,236 [pool-269-thread-1] INFO  impl.RoleInfo (RoleInfo.java:updateAndGet(130)) - 3ab91bad-9694-4126-92ff-ecec9fe4c4aa: start 3ab91bad-9694-4126-92ff-ecec9fe4c4aa@group-A25ABE508CB7-FollowerState
2020-12-30 01:57:20,239 [pool-269-thread-1] INFO  util.JmxRegister (JmxRegister.java:tryRegister(44)) - Successfully registered JMX Bean with object name Ratis:service=RaftServer,group=group-A25ABE508CB7,id=3ab91bad-9694-4126-92ff-ecec9fe4c4aa
2020-12-30 01:57:20,239 [pool-269-thread-1] INFO  metrics.RatisMetrics (RatisMetrics.java:lambda$create$0(36)) - Creating Metrics Registry : ratis.state_machine.3ab91bad-9694-4126-92ff-ecec9fe4c4aa@group-A25ABE508CB7
2020-12-30 01:57:20,248 [Command processor thread] INFO  commandhandler.CreatePipelineCommandHandler (CreatePipelineCommandHandler.java:handle(106)) - Created Pipeline RATIS THREE PipelineID=f5144d4e-4954-47c8-8078-a25abe508cb7.
2020-12-30 01:57:20,334 [Command processor thread] INFO  server.RaftServer (RaftServerProxy.java:addNew(93)) - e4eaa117-0301-47df-aa31-ee25e619f23c: addNew group-BDE0A5A2D0C2:[e4eaa117-0301-47df-aa31-ee25e619f23c|rpc:172.17.0.2:34769] returns group-BDE0A5A2D0C2:java.util.concurrent.CompletableFuture@1d2457e1[Not completed]
2020-12-30 01:57:20,335 [pool-253-thread-1] INFO  server.RaftServer$Division (RaftServerImpl.java:<init>(173)) - e4eaa117-0301-47df-aa31-ee25e619f23c: new RaftServerImpl for group-BDE0A5A2D0C2:[e4eaa117-0301-47df-aa31-ee25e619f23c|rpc:172.17.0.2:34769] with ContainerStateMachine:uninitialized
2020-12-30 01:57:20,335 [pool-253-thread-1] INFO  server.RaftServerConfigKeys (ConfUtils.java:logGet(44)) - raft.server.rpc.timeout.min = 5s (custom)
2020-12-30 01:57:20,335 [pool-253-thread-1] INFO  server.RaftServerConfigKeys (ConfUtils.java:logGet(44)) - raft.server.rpc.timeout.max = 5200ms (custom)
2020-12-30 01:57:20,336 [pool-253-thread-1] INFO  server.RaftServerConfigKeys (ConfUtils.java:logGet(44)) - raft.server.rpc.sleep.time = 25ms (default)
2020-12-30 01:57:20,336 [pool-253-thread-1] INFO  server.RaftServerConfigKeys (ConfUtils.java:logGet(44)) - raft.server.rpc.slowness.timeout = 300s (custom)
2020-12-30 01:57:20,336 [pool-253-thread-1] INFO  server.RaftServerConfigKeys (ConfUtils.java:logGet(44)) - raft.server.leaderelection.leader.step-down.wait-time = 10s (default)
2020-12-30 01:57:20,336 [pool-253-thread-1] INFO  server.RaftServerConfigKeys (ConfUtils.java:logGet(44)) - raft.server.sleep.deviation.threshold = 300ms (default)
2020-12-30 01:57:20,336 [pool-253-thread-1] INFO  server.RaftServerConfigKeys (ConfUtils.java:logGet(44)) - raft.server.log.appender.install.snapshot.enabled = false (custom)
2020-12-30 01:57:20,336 [pool-253-thread-1] INFO  server.RaftServer$Division (ServerState.java:<init>(104)) - e4eaa117-0301-47df-aa31-ee25e619f23c@group-BDE0A5A2D0C2: ConfigurationManager, init=-1: [e4eaa117-0301-47df-aa31-ee25e619f23c|rpc:172.17.0.2:34769], old=null, confs=<EMPTY_MAP>
2020-12-30 01:57:20,336 [pool-253-thread-1] INFO  server.RaftServerConfigKeys (ConfUtils.java:logGet(44)) - raft.server.storage.dir = [/github/workspace/mnt/ozone/hadoop-ozone/integration-test/target/test-dir/MiniOzoneClusterImpl-885a2ac6-dd28-4da4-9cce-7871c001d77b/datanode-1/data/ratis] (custom)
2020-12-30 01:57:20,336 [pool-253-thread-1] INFO  server.RaftServerConfigKeys (ConfUtils.java:logGet(44)) - raft.server.log.corruption.policy = EXCEPTION (default)
2020-12-30 01:57:20,337 [pool-253-thread-1] INFO  storage.RaftStorageDirectory (RaftStorageDirectory.java:analyzeStorage(260)) - The storage directory /github/workspace/mnt/ozone/hadoop-ozone/integration-test/target/test-dir/MiniOzoneClusterImpl-885a2ac6-dd28-4da4-9cce-7871c001d77b/datanode-1/data/ratis/87e5fa33-fbb2-47e9-a819-bde0a5a2d0c2 does not exist. Creating ...
2020-12-30 01:57:20,338 [pool-253-thread-1] INFO  storage.RaftStorageDirectory (RaftStorageDirectory.java:tryLock(342)) - Lock on /github/workspace/mnt/ozone/hadoop-ozone/integration-test/target/test-dir/MiniOzoneClusterImpl-885a2ac6-dd28-4da4-9cce-7871c001d77b/datanode-1/data/ratis/87e5fa33-fbb2-47e9-a819-bde0a5a2d0c2/in_use.lock acquired by nodename 822@e0a7f95c34ff
2020-12-30 01:57:20,340 [pool-253-thread-1] INFO  storage.RaftStorage (RaftStorage.java:format(89)) - Storage directory /github/workspace/mnt/ozone/hadoop-ozone/integration-test/target/test-dir/MiniOzoneClusterImpl-885a2ac6-dd28-4da4-9cce-7871c001d77b/datanode-1/data/ratis/87e5fa33-fbb2-47e9-a819-bde0a5a2d0c2 has been successfully formatted.
2020-12-30 01:57:20,340 [pool-253-thread-1] INFO  ratis.ContainerStateMachine (ContainerStateMachine.java:loadSnapshot(223)) - group-BDE0A5A2D0C2: The snapshot info is null. Setting the last applied indexto:(t:0, i:~)
2020-12-30 01:57:20,340 [pool-253-thread-1] ERROR storage.RaftStorage (RaftStorage.java:readRaftConfiguration(152)) - Failed reading configuration from file:/github/workspace/mnt/ozone/hadoop-ozone/integration-test/target/test-dir/MiniOzoneClusterImpl-885a2ac6-dd28-4da4-9cce-7871c001d77b/datanode-1/data/ratis/87e5fa33-fbb2-47e9-a819-bde0a5a2d0c2/current/raft-meta.conf
java.io.FileNotFoundException: /github/workspace/mnt/ozone/hadoop-ozone/integration-test/target/test-dir/MiniOzoneClusterImpl-885a2ac6-dd28-4da4-9cce-7871c001d77b/datanode-1/data/ratis/87e5fa33-fbb2-47e9-a819-bde0a5a2d0c2/current/raft-meta.conf (No such file or directory)
	at java.io.FileInputStream.open0(Native Method)
	at java.io.FileInputStream.open(FileInputStream.java:195)
	at java.io.FileInputStream.<init>(FileInputStream.java:138)
	at org.apache.ratis.server.storage.RaftStorage.readRaftConfiguration(RaftStorage.java:148)
	at org.apache.ratis.server.impl.ServerState.initStatemachine(ServerState.java:167)
	at org.apache.ratis.server.impl.ServerState.<init>(ServerState.java:112)
	at org.apache.ratis.server.impl.RaftServerImpl.<init>(RaftServerImpl.java:186)
	at org.apache.ratis.server.impl.RaftServerProxy.lambda$newRaftServerImpl$4(RaftServerProxy.java:264)
	at java.util.concurrent.CompletableFuture$AsyncSupply.run(CompletableFuture.java:1604)
	at java.util.concurrent.ThreadPoolExecutor.runWorker(ThreadPoolExecutor.java:1149)
	at java.util.concurrent.ThreadPoolExecutor$Worker.run(ThreadPoolExecutor.java:624)
	at java.lang.Thread.run(Thread.java:748)
2020-12-30 01:57:20,340 [pool-253-thread-1] INFO  server.RaftServerConfigKeys (ConfUtils.java:logGet(44)) - raft.server.notification.no-leader.timeout = 300s (custom)
2020-12-30 01:57:20,340 [pool-253-thread-1] INFO  server.RaftServerConfigKeys (ConfUtils.java:logGet(44)) - raft.server.log.use.memory = false (default)
2020-12-30 01:57:20,341 [pool-253-thread-1] INFO  server.RaftServerConfigKeys (ConfUtils.java:logGet(44)) - raft.server.log.purge.gap = 1000000 (custom)
2020-12-30 01:57:20,341 [pool-253-thread-1] INFO  metrics.RatisMetrics (RatisMetrics.java:lambda$create$0(36)) - Creating Metrics Registry : ratis.log_worker.e4eaa117-0301-47df-aa31-ee25e619f23c@group-BDE0A5A2D0C2
2020-12-30 01:57:20,341 [pool-253-thread-1] INFO  server.RaftServerConfigKeys (ConfUtils.java:logGet(44)) - raft.server.log.appender.buffer.byte-limit = 33554432 (custom)
2020-12-30 01:57:20,341 [EventQueue-PipelineReportForOneReplicaPipelineSafeModeRule] INFO  safemode.SCMSafeModeManager (SCMSafeModeManager.java:validateSafeModeExitRules(214)) - AtleastOneDatanodeReportedRule rule is successfully validated
2020-12-30 01:57:20,341 [EventQueue-PipelineReportForPipelineReportHandler] INFO  pipeline.PipelineStateManager (PipelineStateManager.java:openPipeline(132)) - Pipeline Pipeline[ Id: 87e5fa33-fbb2-47e9-a819-bde0a5a2d0c2, Nodes: e4eaa117-0301-47df-aa31-ee25e619f23c{ip: 172.17.0.2, host: e0a7f95c34ff, networkLocation: /default-rack, certSerialId: null, persistedOpState: IN_SERVICE, persistedOpStateExpiryEpochSec: 0}, Type:RATIS, Factor:ONE, State:ALLOCATED, leaderId:e4eaa117-0301-47df-aa31-ee25e619f23c, CreationTimestamp2020-12-30T01:57:17.337Z] moved to OPEN state
2020-12-30 01:57:20,342 [EventQueue-OpenPipelineForHealthyPipelineSafeModeRule] INFO  safemode.SCMSafeModeManager (HealthyPipelineSafeModeRule.java:process(128)) - SCM in safe mode. Healthy pipelines reported count is 0, required healthy pipeline reported count is 1
2020-12-30 01:57:20,341 [pool-253-thread-1] INFO  server.RaftServerConfigKeys (ConfUtils.java:logGet(44)) - raft.server.log.segment.size.max = 1048576 (custom)
2020-12-30 01:57:20,343 [pool-253-thread-1] INFO  server.RaftServerConfigKeys (ConfUtils.java:logGet(44)) - raft.server.log.segment.cache.num.max = 2 (custom)
2020-12-30 01:57:20,343 [pool-253-thread-1] INFO  server.RaftServerConfigKeys (ConfUtils.java:logGet(44)) - raft.server.log.segment.cache.size.max = 200MB (=209715200) (default)
2020-12-30 01:57:20,343 [pool-253-thread-1] INFO  segmented.SegmentedRaftLogWorker (SegmentedRaftLogWorker.java:<init>(181)) - new e4eaa117-0301-47df-aa31-ee25e619f23c@group-BDE0A5A2D0C2-SegmentedRaftLogWorker for RaftStorage:Storage Directory /github/workspace/mnt/ozone/hadoop-ozone/integration-test/target/test-dir/MiniOzoneClusterImpl-885a2ac6-dd28-4da4-9cce-7871c001d77b/datanode-1/data/ratis/87e5fa33-fbb2-47e9-a819-bde0a5a2d0c2
2020-12-30 01:57:20,343 [pool-253-thread-1] INFO  server.RaftServerConfigKeys (ConfUtils.java:logGet(44)) - raft.server.log.queue.byte-limit = 2147483647 (custom)
2020-12-30 01:57:20,343 [pool-253-thread-1] INFO  server.RaftServerConfigKeys (ConfUtils.java:logGet(44)) - raft.server.log.queue.element-limit = 1024 (custom)
2020-12-30 01:57:20,343 [pool-253-thread-1] INFO  server.RaftServerConfigKeys (ConfUtils.java:logGet(44)) - raft.server.log.segment.size.max = 1048576 (custom)
2020-12-30 01:57:20,343 [pool-253-thread-1] INFO  server.RaftServerConfigKeys (ConfUtils.java:logGet(44)) - raft.server.log.preallocated.size = 16384 (custom)
2020-12-30 01:57:20,343 [pool-253-thread-1] INFO  server.RaftServerConfigKeys (ConfUtils.java:logGet(44)) - raft.server.log.force.sync.num = 128 (default)
2020-12-30 01:57:20,343 [pool-253-thread-1] INFO  server.RaftServerConfigKeys (ConfUtils.java:logGet(44)) - raft.server.log.statemachine.data.sync = true (default)
2020-12-30 01:57:20,343 [pool-253-thread-1] INFO  server.RaftServerConfigKeys (ConfUtils.java:logGet(44)) - raft.server.log.statemachine.data.sync.timeout = 10s (default)
2020-12-30 01:57:20,343 [pool-253-thread-1] INFO  server.RaftServerConfigKeys (ConfUtils.java:logGet(44)) - raft.server.log.statemachine.data.sync.timeout.retry = -1 (default)
2020-12-30 01:57:20,344 [pool-253-thread-1] INFO  server.RaftServerConfigKeys (ConfUtils.java:logGet(44)) - raft.server.log.write.buffer.size = 1048576 (custom)
2020-12-30 01:57:20,345 [pool-253-thread-1] INFO  server.RaftServerConfigKeys (ConfUtils.java:logGet(44)) - raft.server.log.statemachine.data.caching.enabled = true (custom)
2020-12-30 01:57:20,345 [pool-253-thread-1] INFO  segmented.SegmentedRaftLogWorker (SegmentedRaftLogWorker.java:lambda$new$0(132)) - e4eaa117-0301-47df-aa31-ee25e619f23c@group-BDE0A5A2D0C2-SegmentedRaftLogWorker: flushIndex: setUnconditionally 0 -> -1
2020-12-30 01:57:20,345 [pool-253-thread-1] INFO  segmented.SegmentedRaftLogWorker (SegmentedRaftLogWorker.java:lambda$new$0(132)) - e4eaa117-0301-47df-aa31-ee25e619f23c@group-BDE0A5A2D0C2-SegmentedRaftLogWorker: safeCacheEvictIndex: setUnconditionally 0 -> -1
2020-12-30 01:57:20,349 [pool-253-thread-1] INFO  server.RaftServerConfigKeys (ConfUtils.java:logGet(44)) - raft.server.snapshot.auto.trigger.enabled = true (custom)
2020-12-30 01:57:20,349 [pool-253-thread-1] INFO  server.RaftServerConfigKeys (ConfUtils.java:logGet(44)) - raft.server.snapshot.auto.trigger.threshold = 10000 (custom)
2020-12-30 01:57:20,349 [pool-253-thread-1] INFO  server.RaftServerConfigKeys (ConfUtils.java:logGet(44)) - raft.server.snapshot.retention.file.num = 5 (custom)
2020-12-30 01:57:20,349 [pool-253-thread-1] INFO  server.RaftServerConfigKeys (ConfUtils.java:logGet(44)) - raft.server.log.purge.upto.snapshot.index = false (default)
2020-12-30 01:57:20,350 [pool-253-thread-1] INFO  server.RaftServerConfigKeys (ConfUtils.java:logGet(44)) - raft.server.retrycache.expirytime = 600000ms (custom)
2020-12-30 01:57:20,350 [pool-253-thread-1] INFO  server.RaftServerConfigKeys (ConfUtils.java:logGet(44)) - raft.server.retrycache.statistics.expirytime = 100?s (default)
2020-12-30 01:57:20,350 [pool-253-thread-1] INFO  metrics.RatisMetrics (RatisMetrics.java:lambda$create$0(36)) - Creating Metrics Registry : ratis.leader_election.e4eaa117-0301-47df-aa31-ee25e619f23c@group-BDE0A5A2D0C2
2020-12-30 01:57:20,350 [pool-253-thread-1] INFO  metrics.RatisMetrics (RatisMetrics.java:lambda$create$0(36)) - Creating Metrics Registry : ratis.server.e4eaa117-0301-47df-aa31-ee25e619f23c@group-BDE0A5A2D0C2
2020-12-30 01:57:20,351 [pool-253-thread-1] INFO  server.RaftServer$Division (RaftServerImpl.java:start(286)) - e4eaa117-0301-47df-aa31-ee25e619f23c@group-BDE0A5A2D0C2: start as a follower, conf=-1: [e4eaa117-0301-47df-aa31-ee25e619f23c|rpc:172.17.0.2:34769], old=null
2020-12-30 01:57:20,351 [pool-253-thread-1] INFO  server.RaftServer$Division (RaftServerImpl.java:setRole(275)) - e4eaa117-0301-47df-aa31-ee25e619f23c@group-BDE0A5A2D0C2: changes role from      null to FOLLOWER at term 0 for startAsFollower
2020-12-30 01:57:20,351 [pool-253-thread-1] INFO  impl.RoleInfo (RoleInfo.java:updateAndGet(130)) - e4eaa117-0301-47df-aa31-ee25e619f23c: start e4eaa117-0301-47df-aa31-ee25e619f23c@group-BDE0A5A2D0C2-FollowerState
2020-12-30 01:57:20,351 [pool-253-thread-1] INFO  util.JmxRegister (JmxRegister.java:tryRegister(44)) - Successfully registered JMX Bean with object name Ratis:service=RaftServer,group=group-BDE0A5A2D0C2,id=e4eaa117-0301-47df-aa31-ee25e619f23c
2020-12-30 01:57:20,351 [pool-253-thread-1] INFO  metrics.RatisMetrics (RatisMetrics.java:lambda$create$0(36)) - Creating Metrics Registry : ratis.state_machine.e4eaa117-0301-47df-aa31-ee25e619f23c@group-BDE0A5A2D0C2
2020-12-30 01:57:20,352 [Command processor thread] INFO  commandhandler.CreatePipelineCommandHandler (CreatePipelineCommandHandler.java:handle(106)) - Created Pipeline RATIS ONE PipelineID=87e5fa33-fbb2-47e9-a819-bde0a5a2d0c2.
2020-12-30 01:57:20,515 [Command processor thread] INFO  server.RaftServer (RaftServerProxy.java:addNew(93)) - 3ab91bad-9694-4126-92ff-ecec9fe4c4aa: addNew group-50DDDEDF7D8F:[3ab91bad-9694-4126-92ff-ecec9fe4c4aa|rpc:172.17.0.2:43043] returns group-50DDDEDF7D8F:java.util.concurrent.CompletableFuture@71defaa8[Not completed]
2020-12-30 01:57:20,516 [pool-269-thread-1] INFO  server.RaftServer$Division (RaftServerImpl.java:<init>(173)) - 3ab91bad-9694-4126-92ff-ecec9fe4c4aa: new RaftServerImpl for group-50DDDEDF7D8F:[3ab91bad-9694-4126-92ff-ecec9fe4c4aa|rpc:172.17.0.2:43043] with ContainerStateMachine:uninitialized
2020-12-30 01:57:20,517 [pool-269-thread-1] INFO  server.RaftServerConfigKeys (ConfUtils.java:logGet(44)) - raft.server.rpc.timeout.min = 5s (custom)
2020-12-30 01:57:20,517 [pool-269-thread-1] INFO  server.RaftServerConfigKeys (ConfUtils.java:logGet(44)) - raft.server.rpc.timeout.max = 5200ms (custom)
2020-12-30 01:57:20,517 [pool-269-thread-1] INFO  server.RaftServerConfigKeys (ConfUtils.java:logGet(44)) - raft.server.rpc.sleep.time = 25ms (default)
2020-12-30 01:57:20,517 [pool-269-thread-1] INFO  server.RaftServerConfigKeys (ConfUtils.java:logGet(44)) - raft.server.rpc.slowness.timeout = 300s (custom)
2020-12-30 01:57:20,517 [pool-269-thread-1] INFO  server.RaftServerConfigKeys (ConfUtils.java:logGet(44)) - raft.server.leaderelection.leader.step-down.wait-time = 10s (default)
2020-12-30 01:57:20,517 [pool-269-thread-1] INFO  server.RaftServerConfigKeys (ConfUtils.java:logGet(44)) - raft.server.sleep.deviation.threshold = 300ms (default)
2020-12-30 01:57:20,517 [pool-269-thread-1] INFO  server.RaftServerConfigKeys (ConfUtils.java:logGet(44)) - raft.server.log.appender.install.snapshot.enabled = false (custom)
2020-12-30 01:57:20,517 [pool-269-thread-1] INFO  server.RaftServer$Division (ServerState.java:<init>(104)) - 3ab91bad-9694-4126-92ff-ecec9fe4c4aa@group-50DDDEDF7D8F: ConfigurationManager, init=-1: [3ab91bad-9694-4126-92ff-ecec9fe4c4aa|rpc:172.17.0.2:43043], old=null, confs=<EMPTY_MAP>
2020-12-30 01:57:20,517 [pool-269-thread-1] INFO  server.RaftServerConfigKeys (ConfUtils.java:logGet(44)) - raft.server.storage.dir = [/github/workspace/mnt/ozone/hadoop-ozone/integration-test/target/test-dir/MiniOzoneClusterImpl-885a2ac6-dd28-4da4-9cce-7871c001d77b/datanode-2/data/ratis] (custom)
2020-12-30 01:57:20,518 [pool-269-thread-1] INFO  server.RaftServerConfigKeys (ConfUtils.java:logGet(44)) - raft.server.log.corruption.policy = EXCEPTION (default)
2020-12-30 01:57:20,518 [pool-269-thread-1] INFO  storage.RaftStorageDirectory (RaftStorageDirectory.java:analyzeStorage(260)) - The storage directory /github/workspace/mnt/ozone/hadoop-ozone/integration-test/target/test-dir/MiniOzoneClusterImpl-885a2ac6-dd28-4da4-9cce-7871c001d77b/datanode-2/data/ratis/1e849b9f-d73c-4e11-b1c4-50dddedf7d8f does not exist. Creating ...
2020-12-30 01:57:20,519 [pool-269-thread-1] INFO  storage.RaftStorageDirectory (RaftStorageDirectory.java:tryLock(342)) - Lock on /github/workspace/mnt/ozone/hadoop-ozone/integration-test/target/test-dir/MiniOzoneClusterImpl-885a2ac6-dd28-4da4-9cce-7871c001d77b/datanode-2/data/ratis/1e849b9f-d73c-4e11-b1c4-50dddedf7d8f/in_use.lock acquired by nodename 822@e0a7f95c34ff
2020-12-30 01:57:20,520 [pool-269-thread-1] INFO  storage.RaftStorage (RaftStorage.java:format(89)) - Storage directory /github/workspace/mnt/ozone/hadoop-ozone/integration-test/target/test-dir/MiniOzoneClusterImpl-885a2ac6-dd28-4da4-9cce-7871c001d77b/datanode-2/data/ratis/1e849b9f-d73c-4e11-b1c4-50dddedf7d8f has been successfully formatted.
2020-12-30 01:57:20,521 [pool-269-thread-1] INFO  ratis.ContainerStateMachine (ContainerStateMachine.java:loadSnapshot(223)) - group-50DDDEDF7D8F: The snapshot info is null. Setting the last applied indexto:(t:0, i:~)
2020-12-30 01:57:20,521 [pool-269-thread-1] ERROR storage.RaftStorage (RaftStorage.java:readRaftConfiguration(152)) - Failed reading configuration from file:/github/workspace/mnt/ozone/hadoop-ozone/integration-test/target/test-dir/MiniOzoneClusterImpl-885a2ac6-dd28-4da4-9cce-7871c001d77b/datanode-2/data/ratis/1e849b9f-d73c-4e11-b1c4-50dddedf7d8f/current/raft-meta.conf
java.io.FileNotFoundException: /github/workspace/mnt/ozone/hadoop-ozone/integration-test/target/test-dir/MiniOzoneClusterImpl-885a2ac6-dd28-4da4-9cce-7871c001d77b/datanode-2/data/ratis/1e849b9f-d73c-4e11-b1c4-50dddedf7d8f/current/raft-meta.conf (No such file or directory)
	at java.io.FileInputStream.open0(Native Method)
	at java.io.FileInputStream.open(FileInputStream.java:195)
	at java.io.FileInputStream.<init>(FileInputStream.java:138)
	at org.apache.ratis.server.storage.RaftStorage.readRaftConfiguration(RaftStorage.java:148)
	at org.apache.ratis.server.impl.ServerState.initStatemachine(ServerState.java:167)
	at org.apache.ratis.server.impl.ServerState.<init>(ServerState.java:112)
	at org.apache.ratis.server.impl.RaftServerImpl.<init>(RaftServerImpl.java:186)
	at org.apache.ratis.server.impl.RaftServerProxy.lambda$newRaftServerImpl$4(RaftServerProxy.java:264)
	at java.util.concurrent.CompletableFuture$AsyncSupply.run(CompletableFuture.java:1604)
	at java.util.concurrent.ThreadPoolExecutor.runWorker(ThreadPoolExecutor.java:1149)
	at java.util.concurrent.ThreadPoolExecutor$Worker.run(ThreadPoolExecutor.java:624)
	at java.lang.Thread.run(Thread.java:748)
2020-12-30 01:57:20,521 [pool-269-thread-1] INFO  server.RaftServerConfigKeys (ConfUtils.java:logGet(44)) - raft.server.notification.no-leader.timeout = 300s (custom)
2020-12-30 01:57:20,521 [pool-269-thread-1] INFO  server.RaftServerConfigKeys (ConfUtils.java:logGet(44)) - raft.server.log.use.memory = false (default)
2020-12-30 01:57:20,521 [pool-269-thread-1] INFO  server.RaftServerConfigKeys (ConfUtils.java:logGet(44)) - raft.server.log.purge.gap = 1000000 (custom)
2020-12-30 01:57:20,521 [pool-269-thread-1] INFO  metrics.RatisMetrics (RatisMetrics.java:lambda$create$0(36)) - Creating Metrics Registry : ratis.log_worker.3ab91bad-9694-4126-92ff-ecec9fe4c4aa@group-50DDDEDF7D8F
2020-12-30 01:57:20,522 [EventQueue-PipelineReportForOneReplicaPipelineSafeModeRule] INFO  safemode.SCMSafeModeManager (SCMSafeModeManager.java:validateSafeModeExitRules(214)) - AtleastOneDatanodeReportedRule rule is successfully validated
2020-12-30 01:57:20,522 [EventQueue-PipelineReportForPipelineReportHandler] INFO  pipeline.PipelineStateManager (PipelineStateManager.java:openPipeline(132)) - Pipeline Pipeline[ Id: 1e849b9f-d73c-4e11-b1c4-50dddedf7d8f, Nodes: 3ab91bad-9694-4126-92ff-ecec9fe4c4aa{ip: 172.17.0.2, host: e0a7f95c34ff, networkLocation: /default-rack, certSerialId: null, persistedOpState: IN_SERVICE, persistedOpStateExpiryEpochSec: 0}, Type:RATIS, Factor:ONE, State:ALLOCATED, leaderId:3ab91bad-9694-4126-92ff-ecec9fe4c4aa, CreationTimestamp2020-12-30T01:57:17.517Z] moved to OPEN state
2020-12-30 01:57:20,522 [EventQueue-OpenPipelineForHealthyPipelineSafeModeRule] INFO  safemode.SCMSafeModeManager (HealthyPipelineSafeModeRule.java:process(128)) - SCM in safe mode. Healthy pipelines reported count is 0, required healthy pipeline reported count is 1
2020-12-30 01:57:20,522 [pool-269-thread-1] INFO  server.RaftServerConfigKeys (ConfUtils.java:logGet(44)) - raft.server.log.appender.buffer.byte-limit = 33554432 (custom)
2020-12-30 01:57:20,523 [pool-269-thread-1] INFO  server.RaftServerConfigKeys (ConfUtils.java:logGet(44)) - raft.server.log.segment.size.max = 1048576 (custom)
2020-12-30 01:57:20,523 [pool-269-thread-1] INFO  server.RaftServerConfigKeys (ConfUtils.java:logGet(44)) - raft.server.log.segment.cache.num.max = 2 (custom)
2020-12-30 01:57:20,524 [pool-269-thread-1] INFO  server.RaftServerConfigKeys (ConfUtils.java:logGet(44)) - raft.server.log.segment.cache.size.max = 200MB (=209715200) (default)
2020-12-30 01:57:20,524 [pool-269-thread-1] INFO  segmented.SegmentedRaftLogWorker (SegmentedRaftLogWorker.java:<init>(181)) - new 3ab91bad-9694-4126-92ff-ecec9fe4c4aa@group-50DDDEDF7D8F-SegmentedRaftLogWorker for RaftStorage:Storage Directory /github/workspace/mnt/ozone/hadoop-ozone/integration-test/target/test-dir/MiniOzoneClusterImpl-885a2ac6-dd28-4da4-9cce-7871c001d77b/datanode-2/data/ratis/1e849b9f-d73c-4e11-b1c4-50dddedf7d8f
2020-12-30 01:57:20,524 [pool-269-thread-1] INFO  server.RaftServerConfigKeys (ConfUtils.java:logGet(44)) - raft.server.log.queue.byte-limit = 2147483647 (custom)
2020-12-30 01:57:20,524 [pool-269-thread-1] INFO  server.RaftServerConfigKeys (ConfUtils.java:logGet(44)) - raft.server.log.queue.element-limit = 1024 (custom)
2020-12-30 01:57:20,524 [pool-269-thread-1] INFO  server.RaftServerConfigKeys (ConfUtils.java:logGet(44)) - raft.server.log.segment.size.max = 1048576 (custom)
2020-12-30 01:57:20,524 [pool-269-thread-1] INFO  server.RaftServerConfigKeys (ConfUtils.java:logGet(44)) - raft.server.log.preallocated.size = 16384 (custom)
2020-12-30 01:57:20,524 [pool-269-thread-1] INFO  server.RaftServerConfigKeys (ConfUtils.java:logGet(44)) - raft.server.log.force.sync.num = 128 (default)
2020-12-30 01:57:20,524 [pool-269-thread-1] INFO  server.RaftServerConfigKeys (ConfUtils.java:logGet(44)) - raft.server.log.statemachine.data.sync = true (default)
2020-12-30 01:57:20,524 [pool-269-thread-1] INFO  server.RaftServerConfigKeys (ConfUtils.java:logGet(44)) - raft.server.log.statemachine.data.sync.timeout = 10s (default)
2020-12-30 01:57:20,524 [pool-269-thread-1] INFO  server.RaftServerConfigKeys (ConfUtils.java:logGet(44)) - raft.server.log.statemachine.data.sync.timeout.retry = -1 (default)
2020-12-30 01:57:20,525 [pool-269-thread-1] INFO  server.RaftServerConfigKeys (ConfUtils.java:logGet(44)) - raft.server.log.write.buffer.size = 1048576 (custom)
2020-12-30 01:57:20,526 [pool-269-thread-1] INFO  server.RaftServerConfigKeys (ConfUtils.java:logGet(44)) - raft.server.log.statemachine.data.caching.enabled = true (custom)
2020-12-30 01:57:20,526 [pool-269-thread-1] INFO  segmented.SegmentedRaftLogWorker (SegmentedRaftLogWorker.java:lambda$new$0(132)) - 3ab91bad-9694-4126-92ff-ecec9fe4c4aa@group-50DDDEDF7D8F-SegmentedRaftLogWorker: flushIndex: setUnconditionally 0 -> -1
2020-12-30 01:57:20,526 [pool-269-thread-1] INFO  segmented.SegmentedRaftLogWorker (SegmentedRaftLogWorker.java:lambda$new$0(132)) - 3ab91bad-9694-4126-92ff-ecec9fe4c4aa@group-50DDDEDF7D8F-SegmentedRaftLogWorker: safeCacheEvictIndex: setUnconditionally 0 -> -1
2020-12-30 01:57:20,526 [pool-269-thread-1] INFO  server.RaftServerConfigKeys (ConfUtils.java:logGet(44)) - raft.server.snapshot.auto.trigger.enabled = true (custom)
2020-12-30 01:57:20,526 [pool-269-thread-1] INFO  server.RaftServerConfigKeys (ConfUtils.java:logGet(44)) - raft.server.snapshot.auto.trigger.threshold = 10000 (custom)
2020-12-30 01:57:20,526 [pool-269-thread-1] INFO  server.RaftServerConfigKeys (ConfUtils.java:logGet(44)) - raft.server.snapshot.retention.file.num = 5 (custom)
2020-12-30 01:57:20,526 [pool-269-thread-1] INFO  server.RaftServerConfigKeys (ConfUtils.java:logGet(44)) - raft.server.log.purge.upto.snapshot.index = false (default)
2020-12-30 01:57:20,526 [pool-269-thread-1] INFO  server.RaftServerConfigKeys (ConfUtils.java:logGet(44)) - raft.server.retrycache.expirytime = 600000ms (custom)
2020-12-30 01:57:20,526 [pool-269-thread-1] INFO  server.RaftServerConfigKeys (ConfUtils.java:logGet(44)) - raft.server.retrycache.statistics.expirytime = 100?s (default)
2020-12-30 01:57:20,526 [pool-269-thread-1] INFO  metrics.RatisMetrics (RatisMetrics.java:lambda$create$0(36)) - Creating Metrics Registry : ratis.leader_election.3ab91bad-9694-4126-92ff-ecec9fe4c4aa@group-50DDDEDF7D8F
2020-12-30 01:57:20,527 [pool-269-thread-1] INFO  metrics.RatisMetrics (RatisMetrics.java:lambda$create$0(36)) - Creating Metrics Registry : ratis.server.3ab91bad-9694-4126-92ff-ecec9fe4c4aa@group-50DDDEDF7D8F
2020-12-30 01:57:20,527 [pool-269-thread-1] INFO  server.RaftServer$Division (RaftServerImpl.java:start(286)) - 3ab91bad-9694-4126-92ff-ecec9fe4c4aa@group-50DDDEDF7D8F: start as a follower, conf=-1: [3ab91bad-9694-4126-92ff-ecec9fe4c4aa|rpc:172.17.0.2:43043], old=null
2020-12-30 01:57:20,527 [pool-269-thread-1] INFO  server.RaftServer$Division (RaftServerImpl.java:setRole(275)) - 3ab91bad-9694-4126-92ff-ecec9fe4c4aa@group-50DDDEDF7D8F: changes role from      null to FOLLOWER at term 0 for startAsFollower
2020-12-30 01:57:20,528 [pool-269-thread-1] INFO  impl.RoleInfo (RoleInfo.java:updateAndGet(130)) - 3ab91bad-9694-4126-92ff-ecec9fe4c4aa: start 3ab91bad-9694-4126-92ff-ecec9fe4c4aa@group-50DDDEDF7D8F-FollowerState
2020-12-30 01:57:20,528 [pool-269-thread-1] INFO  util.JmxRegister (JmxRegister.java:tryRegister(44)) - Successfully registered JMX Bean with object name Ratis:service=RaftServer,group=group-50DDDEDF7D8F,id=3ab91bad-9694-4126-92ff-ecec9fe4c4aa
2020-12-30 01:57:20,528 [pool-269-thread-1] INFO  metrics.RatisMetrics (RatisMetrics.java:lambda$create$0(36)) - Creating Metrics Registry : ratis.state_machine.3ab91bad-9694-4126-92ff-ecec9fe4c4aa@group-50DDDEDF7D8F
2020-12-30 01:57:20,528 [Command processor thread] INFO  commandhandler.CreatePipelineCommandHandler (CreatePipelineCommandHandler.java:handle(106)) - Created Pipeline RATIS ONE PipelineID=1e849b9f-d73c-4e11-b1c4-50dddedf7d8f.
2020-12-30 01:57:20,693 [Command processor thread] INFO  server.RaftServer (RaftServerProxy.java:addNew(93)) - 259e8d3c-ac3a-47ce-8b98-4ae0c616001a: addNew group-58B442B1809E:[259e8d3c-ac3a-47ce-8b98-4ae0c616001a|rpc:172.17.0.2:39593] returns group-58B442B1809E:java.util.concurrent.CompletableFuture@56625364[Not completed]
2020-12-30 01:57:20,694 [pool-285-thread-1] INFO  server.RaftServer$Division (RaftServerImpl.java:<init>(173)) - 259e8d3c-ac3a-47ce-8b98-4ae0c616001a: new RaftServerImpl for group-58B442B1809E:[259e8d3c-ac3a-47ce-8b98-4ae0c616001a|rpc:172.17.0.2:39593] with ContainerStateMachine:uninitialized
2020-12-30 01:57:20,695 [pool-285-thread-1] INFO  server.RaftServerConfigKeys (ConfUtils.java:logGet(44)) - raft.server.rpc.timeout.min = 5s (custom)
2020-12-30 01:57:20,695 [pool-285-thread-1] INFO  server.RaftServerConfigKeys (ConfUtils.java:logGet(44)) - raft.server.rpc.timeout.max = 5200ms (custom)
2020-12-30 01:57:20,695 [pool-285-thread-1] INFO  server.RaftServerConfigKeys (ConfUtils.java:logGet(44)) - raft.server.rpc.sleep.time = 25ms (default)
2020-12-30 01:57:20,695 [pool-285-thread-1] INFO  server.RaftServerConfigKeys (ConfUtils.java:logGet(44)) - raft.server.rpc.slowness.timeout = 300s (custom)
2020-12-30 01:57:20,695 [pool-285-thread-1] INFO  server.RaftServerConfigKeys (ConfUtils.java:logGet(44)) - raft.server.leaderelection.leader.step-down.wait-time = 10s (default)
2020-12-30 01:57:20,695 [pool-285-thread-1] INFO  server.RaftServerConfigKeys (ConfUtils.java:logGet(44)) - raft.server.sleep.deviation.threshold = 300ms (default)
2020-12-30 01:57:20,695 [pool-285-thread-1] INFO  server.RaftServerConfigKeys (ConfUtils.java:logGet(44)) - raft.server.log.appender.install.snapshot.enabled = false (custom)
2020-12-30 01:57:20,695 [pool-285-thread-1] INFO  server.RaftServer$Division (ServerState.java:<init>(104)) - 259e8d3c-ac3a-47ce-8b98-4ae0c616001a@group-58B442B1809E: ConfigurationManager, init=-1: [259e8d3c-ac3a-47ce-8b98-4ae0c616001a|rpc:172.17.0.2:39593], old=null, confs=<EMPTY_MAP>
2020-12-30 01:57:20,695 [pool-285-thread-1] INFO  server.RaftServerConfigKeys (ConfUtils.java:logGet(44)) - raft.server.storage.dir = [/github/workspace/mnt/ozone/hadoop-ozone/integration-test/target/test-dir/MiniOzoneClusterImpl-885a2ac6-dd28-4da4-9cce-7871c001d77b/datanode-3/data/ratis] (custom)
2020-12-30 01:57:20,696 [pool-285-thread-1] INFO  server.RaftServerConfigKeys (ConfUtils.java:logGet(44)) - raft.server.log.corruption.policy = EXCEPTION (default)
2020-12-30 01:57:20,696 [pool-285-thread-1] INFO  storage.RaftStorageDirectory (RaftStorageDirectory.java:analyzeStorage(260)) - The storage directory /github/workspace/mnt/ozone/hadoop-ozone/integration-test/target/test-dir/MiniOzoneClusterImpl-885a2ac6-dd28-4da4-9cce-7871c001d77b/datanode-3/data/ratis/2bf725b0-85c6-4520-97e9-58b442b1809e does not exist. Creating ...
2020-12-30 01:57:20,697 [EventQueue-PipelineReportForOneReplicaPipelineSafeModeRule] INFO  safemode.SCMSafeModeManager (SCMSafeModeManager.java:validateSafeModeExitRules(214)) - AtleastOneDatanodeReportedRule rule is successfully validated
2020-12-30 01:57:20,698 [pool-285-thread-1] INFO  storage.RaftStorageDirectory (RaftStorageDirectory.java:tryLock(342)) - Lock on /github/workspace/mnt/ozone/hadoop-ozone/integration-test/target/test-dir/MiniOzoneClusterImpl-885a2ac6-dd28-4da4-9cce-7871c001d77b/datanode-3/data/ratis/2bf725b0-85c6-4520-97e9-58b442b1809e/in_use.lock acquired by nodename 822@e0a7f95c34ff
2020-12-30 01:57:20,700 [pool-285-thread-1] INFO  storage.RaftStorage (RaftStorage.java:format(89)) - Storage directory /github/workspace/mnt/ozone/hadoop-ozone/integration-test/target/test-dir/MiniOzoneClusterImpl-885a2ac6-dd28-4da4-9cce-7871c001d77b/datanode-3/data/ratis/2bf725b0-85c6-4520-97e9-58b442b1809e has been successfully formatted.
2020-12-30 01:57:20,701 [pool-285-thread-1] INFO  ratis.ContainerStateMachine (ContainerStateMachine.java:loadSnapshot(223)) - group-58B442B1809E: The snapshot info is null. Setting the last applied indexto:(t:0, i:~)
2020-12-30 01:57:20,701 [pool-285-thread-1] ERROR storage.RaftStorage (RaftStorage.java:readRaftConfiguration(152)) - Failed reading configuration from file:/github/workspace/mnt/ozone/hadoop-ozone/integration-test/target/test-dir/MiniOzoneClusterImpl-885a2ac6-dd28-4da4-9cce-7871c001d77b/datanode-3/data/ratis/2bf725b0-85c6-4520-97e9-58b442b1809e/current/raft-meta.conf
java.io.FileNotFoundException: /github/workspace/mnt/ozone/hadoop-ozone/integration-test/target/test-dir/MiniOzoneClusterImpl-885a2ac6-dd28-4da4-9cce-7871c001d77b/datanode-3/data/ratis/2bf725b0-85c6-4520-97e9-58b442b1809e/current/raft-meta.conf (No such file or directory)
	at java.io.FileInputStream.open0(Native Method)
	at java.io.FileInputStream.open(FileInputStream.java:195)
	at java.io.FileInputStream.<init>(FileInputStream.java:138)
	at org.apache.ratis.server.storage.RaftStorage.readRaftConfiguration(RaftStorage.java:148)
	at org.apache.ratis.server.impl.ServerState.initStatemachine(ServerState.java:167)
	at org.apache.ratis.server.impl.ServerState.<init>(ServerState.java:112)
	at org.apache.ratis.server.impl.RaftServerImpl.<init>(RaftServerImpl.java:186)
	at org.apache.ratis.server.impl.RaftServerProxy.lambda$newRaftServerImpl$4(RaftServerProxy.java:264)
	at java.util.concurrent.CompletableFuture$AsyncSupply.run(CompletableFuture.java:1604)
	at java.util.concurrent.ThreadPoolExecutor.runWorker(ThreadPoolExecutor.java:1149)
	at java.util.concurrent.ThreadPoolExecutor$Worker.run(ThreadPoolExecutor.java:624)
	at java.lang.Thread.run(Thread.java:748)
2020-12-30 01:57:20,701 [pool-285-thread-1] INFO  server.RaftServerConfigKeys (ConfUtils.java:logGet(44)) - raft.server.notification.no-leader.timeout = 300s (custom)
2020-12-30 01:57:20,701 [pool-285-thread-1] INFO  server.RaftServerConfigKeys (ConfUtils.java:logGet(44)) - raft.server.log.use.memory = false (default)
2020-12-30 01:57:20,702 [pool-285-thread-1] INFO  server.RaftServerConfigKeys (ConfUtils.java:logGet(44)) - raft.server.log.purge.gap = 1000000 (custom)
2020-12-30 01:57:20,702 [pool-285-thread-1] INFO  metrics.RatisMetrics (RatisMetrics.java:lambda$create$0(36)) - Creating Metrics Registry : ratis.log_worker.259e8d3c-ac3a-47ce-8b98-4ae0c616001a@group-58B442B1809E
2020-12-30 01:57:20,702 [EventQueue-PipelineReportForOneReplicaPipelineSafeModeRule] INFO  safemode.SCMSafeModeManager (SCMSafeModeManager.java:validateSafeModeExitRules(214)) - AtleastOneDatanodeReportedRule rule is successfully validated
2020-12-30 01:57:20,702 [EventQueue-PipelineReportForPipelineReportHandler] INFO  pipeline.PipelineStateManager (PipelineStateManager.java:openPipeline(132)) - Pipeline Pipeline[ Id: 2bf725b0-85c6-4520-97e9-58b442b1809e, Nodes: 259e8d3c-ac3a-47ce-8b98-4ae0c616001a{ip: 172.17.0.2, host: e0a7f95c34ff, networkLocation: /default-rack, certSerialId: null, persistedOpState: IN_SERVICE, persistedOpStateExpiryEpochSec: 0}, Type:RATIS, Factor:ONE, State:ALLOCATED, leaderId:259e8d3c-ac3a-47ce-8b98-4ae0c616001a, CreationTimestamp2020-12-30T01:57:17.698Z] moved to OPEN state
2020-12-30 01:57:20,702 [EventQueue-OpenPipelineForHealthyPipelineSafeModeRule] INFO  safemode.SCMSafeModeManager (HealthyPipelineSafeModeRule.java:process(128)) - SCM in safe mode. Healthy pipelines reported count is 0, required healthy pipeline reported count is 1
2020-12-30 01:57:20,702 [pool-285-thread-1] INFO  server.RaftServerConfigKeys (ConfUtils.java:logGet(44)) - raft.server.log.appender.buffer.byte-limit = 33554432 (custom)
2020-12-30 01:57:20,706 [pool-285-thread-1] INFO  server.RaftServerConfigKeys (ConfUtils.java:logGet(44)) - raft.server.log.segment.size.max = 1048576 (custom)
2020-12-30 01:57:20,706 [pool-285-thread-1] INFO  server.RaftServerConfigKeys (ConfUtils.java:logGet(44)) - raft.server.log.segment.cache.num.max = 2 (custom)
2020-12-30 01:57:20,706 [pool-285-thread-1] INFO  server.RaftServerConfigKeys (ConfUtils.java:logGet(44)) - raft.server.log.segment.cache.size.max = 200MB (=209715200) (default)
2020-12-30 01:57:20,706 [pool-285-thread-1] INFO  segmented.SegmentedRaftLogWorker (SegmentedRaftLogWorker.java:<init>(181)) - new 259e8d3c-ac3a-47ce-8b98-4ae0c616001a@group-58B442B1809E-SegmentedRaftLogWorker for RaftStorage:Storage Directory /github/workspace/mnt/ozone/hadoop-ozone/integration-test/target/test-dir/MiniOzoneClusterImpl-885a2ac6-dd28-4da4-9cce-7871c001d77b/datanode-3/data/ratis/2bf725b0-85c6-4520-97e9-58b442b1809e
2020-12-30 01:57:20,706 [pool-285-thread-1] INFO  server.RaftServerConfigKeys (ConfUtils.java:logGet(44)) - raft.server.log.queue.byte-limit = 2147483647 (custom)
2020-12-30 01:57:20,706 [pool-285-thread-1] INFO  server.RaftServerConfigKeys (ConfUtils.java:logGet(44)) - raft.server.log.queue.element-limit = 1024 (custom)
2020-12-30 01:57:20,706 [pool-285-thread-1] INFO  server.RaftServerConfigKeys (ConfUtils.java:logGet(44)) - raft.server.log.segment.size.max = 1048576 (custom)
2020-12-30 01:57:20,707 [pool-285-thread-1] INFO  server.RaftServerConfigKeys (ConfUtils.java:logGet(44)) - raft.server.log.preallocated.size = 16384 (custom)
2020-12-30 01:57:20,707 [pool-285-thread-1] INFO  server.RaftServerConfigKeys (ConfUtils.java:logGet(44)) - raft.server.log.force.sync.num = 128 (default)
2020-12-30 01:57:20,707 [pool-285-thread-1] INFO  server.RaftServerConfigKeys (ConfUtils.java:logGet(44)) - raft.server.log.statemachine.data.sync = true (default)
2020-12-30 01:57:20,707 [pool-285-thread-1] INFO  server.RaftServerConfigKeys (ConfUtils.java:logGet(44)) - raft.server.log.statemachine.data.sync.timeout = 10s (default)
2020-12-30 01:57:20,707 [pool-285-thread-1] INFO  server.RaftServerConfigKeys (ConfUtils.java:logGet(44)) - raft.server.log.statemachine.data.sync.timeout.retry = -1 (default)
2020-12-30 01:57:20,708 [pool-285-thread-1] INFO  server.RaftServerConfigKeys (ConfUtils.java:logGet(44)) - raft.server.log.write.buffer.size = 1048576 (custom)
2020-12-30 01:57:20,708 [pool-285-thread-1] INFO  server.RaftServerConfigKeys (ConfUtils.java:logGet(44)) - raft.server.log.statemachine.data.caching.enabled = true (custom)
2020-12-30 01:57:20,708 [pool-285-thread-1] INFO  segmented.SegmentedRaftLogWorker (SegmentedRaftLogWorker.java:lambda$new$0(132)) - 259e8d3c-ac3a-47ce-8b98-4ae0c616001a@group-58B442B1809E-SegmentedRaftLogWorker: flushIndex: setUnconditionally 0 -> -1
2020-12-30 01:57:20,708 [pool-285-thread-1] INFO  segmented.SegmentedRaftLogWorker (SegmentedRaftLogWorker.java:lambda$new$0(132)) - 259e8d3c-ac3a-47ce-8b98-4ae0c616001a@group-58B442B1809E-SegmentedRaftLogWorker: safeCacheEvictIndex: setUnconditionally 0 -> -1
2020-12-30 01:57:20,713 [pool-285-thread-1] INFO  server.RaftServerConfigKeys (ConfUtils.java:logGet(44)) - raft.server.snapshot.auto.trigger.enabled = true (custom)
2020-12-30 01:57:20,713 [pool-285-thread-1] INFO  server.RaftServerConfigKeys (ConfUtils.java:logGet(44)) - raft.server.snapshot.auto.trigger.threshold = 10000 (custom)
2020-12-30 01:57:20,713 [pool-285-thread-1] INFO  server.RaftServerConfigKeys (ConfUtils.java:logGet(44)) - raft.server.snapshot.retention.file.num = 5 (custom)
2020-12-30 01:57:20,713 [pool-285-thread-1] INFO  server.RaftServerConfigKeys (ConfUtils.java:logGet(44)) - raft.server.log.purge.upto.snapshot.index = false (default)
2020-12-30 01:57:20,713 [pool-285-thread-1] INFO  server.RaftServerConfigKeys (ConfUtils.java:logGet(44)) - raft.server.retrycache.expirytime = 600000ms (custom)
2020-12-30 01:57:20,713 [pool-285-thread-1] INFO  server.RaftServerConfigKeys (ConfUtils.java:logGet(44)) - raft.server.retrycache.statistics.expirytime = 100?s (default)
2020-12-30 01:57:20,714 [pool-285-thread-1] INFO  metrics.RatisMetrics (RatisMetrics.java:lambda$create$0(36)) - Creating Metrics Registry : ratis.leader_election.259e8d3c-ac3a-47ce-8b98-4ae0c616001a@group-58B442B1809E
2020-12-30 01:57:20,714 [pool-285-thread-1] INFO  metrics.RatisMetrics (RatisMetrics.java:lambda$create$0(36)) - Creating Metrics Registry : ratis.server.259e8d3c-ac3a-47ce-8b98-4ae0c616001a@group-58B442B1809E
2020-12-30 01:57:20,715 [pool-285-thread-1] INFO  server.RaftServer$Division (RaftServerImpl.java:start(286)) - 259e8d3c-ac3a-47ce-8b98-4ae0c616001a@group-58B442B1809E: start as a follower, conf=-1: [259e8d3c-ac3a-47ce-8b98-4ae0c616001a|rpc:172.17.0.2:39593], old=null
2020-12-30 01:57:20,715 [pool-285-thread-1] INFO  server.RaftServer$Division (RaftServerImpl.java:setRole(275)) - 259e8d3c-ac3a-47ce-8b98-4ae0c616001a@group-58B442B1809E: changes role from      null to FOLLOWER at term 0 for startAsFollower
2020-12-30 01:57:20,715 [pool-285-thread-1] INFO  impl.RoleInfo (RoleInfo.java:updateAndGet(130)) - 259e8d3c-ac3a-47ce-8b98-4ae0c616001a: start 259e8d3c-ac3a-47ce-8b98-4ae0c616001a@group-58B442B1809E-FollowerState
2020-12-30 01:57:20,721 [pool-285-thread-1] INFO  util.JmxRegister (JmxRegister.java:tryRegister(44)) - Successfully registered JMX Bean with object name Ratis:service=RaftServer,group=group-58B442B1809E,id=259e8d3c-ac3a-47ce-8b98-4ae0c616001a
2020-12-30 01:57:20,721 [pool-285-thread-1] INFO  metrics.RatisMetrics (RatisMetrics.java:lambda$create$0(36)) - Creating Metrics Registry : ratis.state_machine.259e8d3c-ac3a-47ce-8b98-4ae0c616001a@group-58B442B1809E
2020-12-30 01:57:20,722 [Command processor thread] INFO  commandhandler.CreatePipelineCommandHandler (CreatePipelineCommandHandler.java:handle(106)) - Created Pipeline RATIS ONE PipelineID=2bf725b0-85c6-4520-97e9-58b442b1809e.
2020-12-30 01:57:20,722 [Command processor thread] INFO  server.RaftServer (RaftServerProxy.java:addNew(93)) - 259e8d3c-ac3a-47ce-8b98-4ae0c616001a: addNew group-1814FF02F9CA:[2c3d9932-485f-47f8-8613-8bedf6c861f7|rpc:172.17.0.2:36507, 259e8d3c-ac3a-47ce-8b98-4ae0c616001a|rpc:172.17.0.2:39593, 4132dfcc-dfb3-46cd-b45d-65c38fbb9d85|rpc:172.17.0.2:46769] returns group-1814FF02F9CA:java.util.concurrent.CompletableFuture@525ddd70[Not completed]
2020-12-30 01:57:20,723 [pool-285-thread-1] INFO  server.RaftServer$Division (RaftServerImpl.java:<init>(173)) - 259e8d3c-ac3a-47ce-8b98-4ae0c616001a: new RaftServerImpl for group-1814FF02F9CA:[2c3d9932-485f-47f8-8613-8bedf6c861f7|rpc:172.17.0.2:36507, 259e8d3c-ac3a-47ce-8b98-4ae0c616001a|rpc:172.17.0.2:39593, 4132dfcc-dfb3-46cd-b45d-65c38fbb9d85|rpc:172.17.0.2:46769] with ContainerStateMachine:uninitialized
2020-12-30 01:57:20,723 [pool-285-thread-1] INFO  server.RaftServerConfigKeys (ConfUtils.java:logGet(44)) - raft.server.rpc.timeout.min = 5s (custom)
2020-12-30 01:57:20,723 [pool-285-thread-1] INFO  server.RaftServerConfigKeys (ConfUtils.java:logGet(44)) - raft.server.rpc.timeout.max = 5200ms (custom)
2020-12-30 01:57:20,723 [pool-285-thread-1] INFO  server.RaftServerConfigKeys (ConfUtils.java:logGet(44)) - raft.server.rpc.sleep.time = 25ms (default)
2020-12-30 01:57:20,723 [pool-285-thread-1] INFO  server.RaftServerConfigKeys (ConfUtils.java:logGet(44)) - raft.server.rpc.slowness.timeout = 300s (custom)
2020-12-30 01:57:20,723 [pool-285-thread-1] INFO  server.RaftServerConfigKeys (ConfUtils.java:logGet(44)) - raft.server.leaderelection.leader.step-down.wait-time = 10s (default)
2020-12-30 01:57:20,723 [pool-285-thread-1] INFO  server.RaftServerConfigKeys (ConfUtils.java:logGet(44)) - raft.server.sleep.deviation.threshold = 300ms (default)
2020-12-30 01:57:20,724 [pool-285-thread-1] INFO  server.RaftServerConfigKeys (ConfUtils.java:logGet(44)) - raft.server.log.appender.install.snapshot.enabled = false (custom)
2020-12-30 01:57:20,724 [pool-285-thread-1] INFO  server.RaftServer$Division (ServerState.java:<init>(104)) - 259e8d3c-ac3a-47ce-8b98-4ae0c616001a@group-1814FF02F9CA: ConfigurationManager, init=-1: [2c3d9932-485f-47f8-8613-8bedf6c861f7|rpc:172.17.0.2:36507, 259e8d3c-ac3a-47ce-8b98-4ae0c616001a|rpc:172.17.0.2:39593, 4132dfcc-dfb3-46cd-b45d-65c38fbb9d85|rpc:172.17.0.2:46769], old=null, confs=<EMPTY_MAP>
2020-12-30 01:57:20,724 [pool-285-thread-1] INFO  server.RaftServerConfigKeys (ConfUtils.java:logGet(44)) - raft.server.storage.dir = [/github/workspace/mnt/ozone/hadoop-ozone/integration-test/target/test-dir/MiniOzoneClusterImpl-885a2ac6-dd28-4da4-9cce-7871c001d77b/datanode-3/data/ratis] (custom)
2020-12-30 01:57:20,724 [pool-285-thread-1] INFO  server.RaftServerConfigKeys (ConfUtils.java:logGet(44)) - raft.server.log.corruption.policy = EXCEPTION (default)
2020-12-30 01:57:20,724 [pool-285-thread-1] INFO  storage.RaftStorageDirectory (RaftStorageDirectory.java:analyzeStorage(260)) - The storage directory /github/workspace/mnt/ozone/hadoop-ozone/integration-test/target/test-dir/MiniOzoneClusterImpl-885a2ac6-dd28-4da4-9cce-7871c001d77b/datanode-3/data/ratis/512e6835-8f0e-4057-b950-1814ff02f9ca does not exist. Creating ...
2020-12-30 01:57:20,725 [pool-285-thread-1] INFO  storage.RaftStorageDirectory (RaftStorageDirectory.java:tryLock(342)) - Lock on /github/workspace/mnt/ozone/hadoop-ozone/integration-test/target/test-dir/MiniOzoneClusterImpl-885a2ac6-dd28-4da4-9cce-7871c001d77b/datanode-3/data/ratis/512e6835-8f0e-4057-b950-1814ff02f9ca/in_use.lock acquired by nodename 822@e0a7f95c34ff
2020-12-30 01:57:20,726 [pool-285-thread-1] INFO  storage.RaftStorage (RaftStorage.java:format(89)) - Storage directory /github/workspace/mnt/ozone/hadoop-ozone/integration-test/target/test-dir/MiniOzoneClusterImpl-885a2ac6-dd28-4da4-9cce-7871c001d77b/datanode-3/data/ratis/512e6835-8f0e-4057-b950-1814ff02f9ca has been successfully formatted.
2020-12-30 01:57:20,726 [pool-285-thread-1] INFO  ratis.ContainerStateMachine (ContainerStateMachine.java:loadSnapshot(223)) - group-1814FF02F9CA: The snapshot info is null. Setting the last applied indexto:(t:0, i:~)
2020-12-30 01:57:20,726 [pool-285-thread-1] ERROR storage.RaftStorage (RaftStorage.java:readRaftConfiguration(152)) - Failed reading configuration from file:/github/workspace/mnt/ozone/hadoop-ozone/integration-test/target/test-dir/MiniOzoneClusterImpl-885a2ac6-dd28-4da4-9cce-7871c001d77b/datanode-3/data/ratis/512e6835-8f0e-4057-b950-1814ff02f9ca/current/raft-meta.conf
java.io.FileNotFoundException: /github/workspace/mnt/ozone/hadoop-ozone/integration-test/target/test-dir/MiniOzoneClusterImpl-885a2ac6-dd28-4da4-9cce-7871c001d77b/datanode-3/data/ratis/512e6835-8f0e-4057-b950-1814ff02f9ca/current/raft-meta.conf (No such file or directory)
	at java.io.FileInputStream.open0(Native Method)
	at java.io.FileInputStream.open(FileInputStream.java:195)
	at java.io.FileInputStream.<init>(FileInputStream.java:138)
	at org.apache.ratis.server.storage.RaftStorage.readRaftConfiguration(RaftStorage.java:148)
	at org.apache.ratis.server.impl.ServerState.initStatemachine(ServerState.java:167)
	at org.apache.ratis.server.impl.ServerState.<init>(ServerState.java:112)
	at org.apache.ratis.server.impl.RaftServerImpl.<init>(RaftServerImpl.java:186)
	at org.apache.ratis.server.impl.RaftServerProxy.lambda$newRaftServerImpl$4(RaftServerProxy.java:264)
	at java.util.concurrent.CompletableFuture$AsyncSupply.run(CompletableFuture.java:1604)
	at java.util.concurrent.ThreadPoolExecutor.runWorker(ThreadPoolExecutor.java:1149)
	at java.util.concurrent.ThreadPoolExecutor$Worker.run(ThreadPoolExecutor.java:624)
	at java.lang.Thread.run(Thread.java:748)
2020-12-30 01:57:20,727 [pool-285-thread-1] INFO  server.RaftServerConfigKeys (ConfUtils.java:logGet(44)) - raft.server.notification.no-leader.timeout = 300s (custom)
2020-12-30 01:57:20,727 [pool-285-thread-1] INFO  server.RaftServerConfigKeys (ConfUtils.java:logGet(44)) - raft.server.log.use.memory = false (default)
2020-12-30 01:57:20,727 [pool-285-thread-1] INFO  server.RaftServerConfigKeys (ConfUtils.java:logGet(44)) - raft.server.log.purge.gap = 1000000 (custom)
2020-12-30 01:57:20,727 [pool-285-thread-1] INFO  metrics.RatisMetrics (RatisMetrics.java:lambda$create$0(36)) - Creating Metrics Registry : ratis.log_worker.259e8d3c-ac3a-47ce-8b98-4ae0c616001a@group-1814FF02F9CA
2020-12-30 01:57:20,727 [EventQueue-PipelineReportForOneReplicaPipelineSafeModeRule] INFO  safemode.SCMSafeModeManager (SCMSafeModeManager.java:validateSafeModeExitRules(214)) - AtleastOneDatanodeReportedRule rule is successfully validated
2020-12-30 01:57:20,727 [pool-285-thread-1] INFO  server.RaftServerConfigKeys (ConfUtils.java:logGet(44)) - raft.server.log.appender.buffer.byte-limit = 33554432 (custom)
2020-12-30 01:57:20,727 [EventQueue-OpenPipelineForHealthyPipelineSafeModeRule] INFO  safemode.SCMSafeModeManager (HealthyPipelineSafeModeRule.java:process(128)) - SCM in safe mode. Healthy pipelines reported count is 0, required healthy pipeline reported count is 1
2020-12-30 01:57:20,728 [pool-285-thread-1] INFO  server.RaftServerConfigKeys (ConfUtils.java:logGet(44)) - raft.server.log.segment.size.max = 1048576 (custom)
2020-12-30 01:57:20,728 [pool-285-thread-1] INFO  server.RaftServerConfigKeys (ConfUtils.java:logGet(44)) - raft.server.log.segment.cache.num.max = 2 (custom)
2020-12-30 01:57:20,728 [pool-285-thread-1] INFO  server.RaftServerConfigKeys (ConfUtils.java:logGet(44)) - raft.server.log.segment.cache.size.max = 200MB (=209715200) (default)
2020-12-30 01:57:20,728 [pool-285-thread-1] INFO  segmented.SegmentedRaftLogWorker (SegmentedRaftLogWorker.java:<init>(181)) - new 259e8d3c-ac3a-47ce-8b98-4ae0c616001a@group-1814FF02F9CA-SegmentedRaftLogWorker for RaftStorage:Storage Directory /github/workspace/mnt/ozone/hadoop-ozone/integration-test/target/test-dir/MiniOzoneClusterImpl-885a2ac6-dd28-4da4-9cce-7871c001d77b/datanode-3/data/ratis/512e6835-8f0e-4057-b950-1814ff02f9ca
2020-12-30 01:57:20,728 [pool-285-thread-1] INFO  server.RaftServerConfigKeys (ConfUtils.java:logGet(44)) - raft.server.log.queue.byte-limit = 2147483647 (custom)
2020-12-30 01:57:20,728 [pool-285-thread-1] INFO  server.RaftServerConfigKeys (ConfUtils.java:logGet(44)) - raft.server.log.queue.element-limit = 1024 (custom)
2020-12-30 01:57:20,728 [pool-285-thread-1] INFO  server.RaftServerConfigKeys (ConfUtils.java:logGet(44)) - raft.server.log.segment.size.max = 1048576 (custom)
2020-12-30 01:57:20,728 [pool-285-thread-1] INFO  server.RaftServerConfigKeys (ConfUtils.java:logGet(44)) - raft.server.log.preallocated.size = 16384 (custom)
2020-12-30 01:57:20,729 [pool-285-thread-1] INFO  server.RaftServerConfigKeys (ConfUtils.java:logGet(44)) - raft.server.log.force.sync.num = 128 (default)
2020-12-30 01:57:20,729 [pool-285-thread-1] INFO  server.RaftServerConfigKeys (ConfUtils.java:logGet(44)) - raft.server.log.statemachine.data.sync = true (default)
2020-12-30 01:57:20,729 [pool-285-thread-1] INFO  server.RaftServerConfigKeys (ConfUtils.java:logGet(44)) - raft.server.log.statemachine.data.sync.timeout = 10s (default)
2020-12-30 01:57:20,729 [pool-285-thread-1] INFO  server.RaftServerConfigKeys (ConfUtils.java:logGet(44)) - raft.server.log.statemachine.data.sync.timeout.retry = -1 (default)
2020-12-30 01:57:20,730 [pool-285-thread-1] INFO  server.RaftServerConfigKeys (ConfUtils.java:logGet(44)) - raft.server.log.write.buffer.size = 1048576 (custom)
2020-12-30 01:57:20,730 [pool-285-thread-1] INFO  server.RaftServerConfigKeys (ConfUtils.java:logGet(44)) - raft.server.log.statemachine.data.caching.enabled = true (custom)
2020-12-30 01:57:20,730 [pool-285-thread-1] INFO  segmented.SegmentedRaftLogWorker (SegmentedRaftLogWorker.java:lambda$new$0(132)) - 259e8d3c-ac3a-47ce-8b98-4ae0c616001a@group-1814FF02F9CA-SegmentedRaftLogWorker: flushIndex: setUnconditionally 0 -> -1
2020-12-30 01:57:20,730 [pool-285-thread-1] INFO  segmented.SegmentedRaftLogWorker (SegmentedRaftLogWorker.java:lambda$new$0(132)) - 259e8d3c-ac3a-47ce-8b98-4ae0c616001a@group-1814FF02F9CA-SegmentedRaftLogWorker: safeCacheEvictIndex: setUnconditionally 0 -> -1
2020-12-30 01:57:20,733 [pool-285-thread-1] INFO  server.RaftServerConfigKeys (ConfUtils.java:logGet(44)) - raft.server.snapshot.auto.trigger.enabled = true (custom)
2020-12-30 01:57:20,733 [pool-285-thread-1] INFO  server.RaftServerConfigKeys (ConfUtils.java:logGet(44)) - raft.server.snapshot.auto.trigger.threshold = 10000 (custom)
2020-12-30 01:57:20,733 [pool-285-thread-1] INFO  server.RaftServerConfigKeys (ConfUtils.java:logGet(44)) - raft.server.snapshot.retention.file.num = 5 (custom)
2020-12-30 01:57:20,733 [pool-285-thread-1] INFO  server.RaftServerConfigKeys (ConfUtils.java:logGet(44)) - raft.server.log.purge.upto.snapshot.index = false (default)
2020-12-30 01:57:20,733 [pool-285-thread-1] INFO  server.RaftServerConfigKeys (ConfUtils.java:logGet(44)) - raft.server.retrycache.expirytime = 600000ms (custom)
2020-12-30 01:57:20,733 [pool-285-thread-1] INFO  server.RaftServerConfigKeys (ConfUtils.java:logGet(44)) - raft.server.retrycache.statistics.expirytime = 100?s (default)
2020-12-30 01:57:20,734 [pool-285-thread-1] INFO  metrics.RatisMetrics (RatisMetrics.java:lambda$create$0(36)) - Creating Metrics Registry : ratis.leader_election.259e8d3c-ac3a-47ce-8b98-4ae0c616001a@group-1814FF02F9CA
2020-12-30 01:57:20,734 [pool-285-thread-1] INFO  metrics.RatisMetrics (RatisMetrics.java:lambda$create$0(36)) - Creating Metrics Registry : ratis.server.259e8d3c-ac3a-47ce-8b98-4ae0c616001a@group-1814FF02F9CA
2020-12-30 01:57:20,735 [pool-285-thread-1] INFO  server.RaftServer$Division (RaftServerImpl.java:start(286)) - 259e8d3c-ac3a-47ce-8b98-4ae0c616001a@group-1814FF02F9CA: start as a follower, conf=-1: [2c3d9932-485f-47f8-8613-8bedf6c861f7|rpc:172.17.0.2:36507, 259e8d3c-ac3a-47ce-8b98-4ae0c616001a|rpc:172.17.0.2:39593, 4132dfcc-dfb3-46cd-b45d-65c38fbb9d85|rpc:172.17.0.2:46769], old=null
2020-12-30 01:57:20,735 [pool-285-thread-1] INFO  server.RaftServer$Division (RaftServerImpl.java:setRole(275)) - 259e8d3c-ac3a-47ce-8b98-4ae0c616001a@group-1814FF02F9CA: changes role from      null to FOLLOWER at term 0 for startAsFollower
2020-12-30 01:57:20,735 [pool-285-thread-1] INFO  impl.RoleInfo (RoleInfo.java:updateAndGet(130)) - 259e8d3c-ac3a-47ce-8b98-4ae0c616001a: start 259e8d3c-ac3a-47ce-8b98-4ae0c616001a@group-1814FF02F9CA-FollowerState
2020-12-30 01:57:20,735 [pool-285-thread-1] INFO  util.JmxRegister (JmxRegister.java:tryRegister(44)) - Successfully registered JMX Bean with object name Ratis:service=RaftServer,group=group-1814FF02F9CA,id=259e8d3c-ac3a-47ce-8b98-4ae0c616001a
2020-12-30 01:57:20,735 [pool-285-thread-1] INFO  metrics.RatisMetrics (RatisMetrics.java:lambda$create$0(36)) - Creating Metrics Registry : ratis.state_machine.259e8d3c-ac3a-47ce-8b98-4ae0c616001a@group-1814FF02F9CA
2020-12-30 01:57:20,737 [Command processor thread] INFO  metrics.RatisMetrics (RatisMetrics.java:lambda$create$0(36)) - Creating Metrics Registry : ratis.client_message_metrics.client-97BB7490299C->4132dfcc-dfb3-46cd-b45d-65c38fbb9d85
2020-12-30 01:57:20,742 [grpc-default-executor-0] INFO  metrics.RatisMetrics (RatisMetrics.java:lambda$create$0(36)) - Creating Metrics Registry : ratis.server_message_metrics.4132dfcc-dfb3-46cd-b45d-65c38fbb9d85
2020-12-30 01:57:20,743 [grpc-default-executor-0] INFO  server.RaftServer (RaftServerProxy.java:addNew(93)) - 4132dfcc-dfb3-46cd-b45d-65c38fbb9d85: addNew group-1814FF02F9CA:[2c3d9932-485f-47f8-8613-8bedf6c861f7|rpc:172.17.0.2:36507|dataStream:, 259e8d3c-ac3a-47ce-8b98-4ae0c616001a|rpc:172.17.0.2:39593|dataStream:, 4132dfcc-dfb3-46cd-b45d-65c38fbb9d85|rpc:172.17.0.2:46769|dataStream:] returns group-1814FF02F9CA:java.util.concurrent.CompletableFuture@4186fa22[Not completed]
2020-12-30 01:57:20,744 [pool-301-thread-1] INFO  server.RaftServer$Division (RaftServerImpl.java:<init>(173)) - 4132dfcc-dfb3-46cd-b45d-65c38fbb9d85: new RaftServerImpl for group-1814FF02F9CA:[2c3d9932-485f-47f8-8613-8bedf6c861f7|rpc:172.17.0.2:36507|dataStream:, 259e8d3c-ac3a-47ce-8b98-4ae0c616001a|rpc:172.17.0.2:39593|dataStream:, 4132dfcc-dfb3-46cd-b45d-65c38fbb9d85|rpc:172.17.0.2:46769|dataStream:] with ContainerStateMachine:uninitialized
2020-12-30 01:57:20,744 [pool-301-thread-1] INFO  server.RaftServerConfigKeys (ConfUtils.java:logGet(44)) - raft.server.rpc.timeout.min = 5s (custom)
2020-12-30 01:57:20,744 [pool-301-thread-1] INFO  server.RaftServerConfigKeys (ConfUtils.java:logGet(44)) - raft.server.rpc.timeout.max = 5200ms (custom)
2020-12-30 01:57:20,744 [pool-301-thread-1] INFO  server.RaftServerConfigKeys (ConfUtils.java:logGet(44)) - raft.server.rpc.sleep.time = 25ms (default)
2020-12-30 01:57:20,744 [pool-301-thread-1] INFO  server.RaftServerConfigKeys (ConfUtils.java:logGet(44)) - raft.server.rpc.slowness.timeout = 300s (custom)
2020-12-30 01:57:20,744 [pool-301-thread-1] INFO  server.RaftServerConfigKeys (ConfUtils.java:logGet(44)) - raft.server.leaderelection.leader.step-down.wait-time = 10s (default)
2020-12-30 01:57:20,744 [pool-301-thread-1] INFO  server.RaftServerConfigKeys (ConfUtils.java:logGet(44)) - raft.server.sleep.deviation.threshold = 300ms (default)
2020-12-30 01:57:20,744 [pool-301-thread-1] INFO  server.RaftServerConfigKeys (ConfUtils.java:logGet(44)) - raft.server.log.appender.install.snapshot.enabled = false (custom)
2020-12-30 01:57:20,746 [pool-301-thread-1] INFO  server.RaftServer$Division (ServerState.java:<init>(104)) - 4132dfcc-dfb3-46cd-b45d-65c38fbb9d85@group-1814FF02F9CA: ConfigurationManager, init=-1: [2c3d9932-485f-47f8-8613-8bedf6c861f7|rpc:172.17.0.2:36507|dataStream:, 259e8d3c-ac3a-47ce-8b98-4ae0c616001a|rpc:172.17.0.2:39593|dataStream:, 4132dfcc-dfb3-46cd-b45d-65c38fbb9d85|rpc:172.17.0.2:46769|dataStream:], old=null, confs=<EMPTY_MAP>
2020-12-30 01:57:20,746 [pool-301-thread-1] INFO  server.RaftServerConfigKeys (ConfUtils.java:logGet(44)) - raft.server.storage.dir = [/github/workspace/mnt/ozone/hadoop-ozone/integration-test/target/test-dir/MiniOzoneClusterImpl-885a2ac6-dd28-4da4-9cce-7871c001d77b/datanode-4/data/ratis] (custom)
2020-12-30 01:57:20,746 [pool-301-thread-1] INFO  server.RaftServerConfigKeys (ConfUtils.java:logGet(44)) - raft.server.log.corruption.policy = EXCEPTION (default)
2020-12-30 01:57:20,746 [pool-301-thread-1] INFO  storage.RaftStorageDirectory (RaftStorageDirectory.java:analyzeStorage(260)) - The storage directory /github/workspace/mnt/ozone/hadoop-ozone/integration-test/target/test-dir/MiniOzoneClusterImpl-885a2ac6-dd28-4da4-9cce-7871c001d77b/datanode-4/data/ratis/512e6835-8f0e-4057-b950-1814ff02f9ca does not exist. Creating ...
2020-12-30 01:57:20,747 [pool-301-thread-1] INFO  storage.RaftStorageDirectory (RaftStorageDirectory.java:tryLock(342)) - Lock on /github/workspace/mnt/ozone/hadoop-ozone/integration-test/target/test-dir/MiniOzoneClusterImpl-885a2ac6-dd28-4da4-9cce-7871c001d77b/datanode-4/data/ratis/512e6835-8f0e-4057-b950-1814ff02f9ca/in_use.lock acquired by nodename 822@e0a7f95c34ff
2020-12-30 01:57:20,748 [pool-301-thread-1] INFO  storage.RaftStorage (RaftStorage.java:format(89)) - Storage directory /github/workspace/mnt/ozone/hadoop-ozone/integration-test/target/test-dir/MiniOzoneClusterImpl-885a2ac6-dd28-4da4-9cce-7871c001d77b/datanode-4/data/ratis/512e6835-8f0e-4057-b950-1814ff02f9ca has been successfully formatted.
2020-12-30 01:57:20,749 [EventQueue-PipelineReportForOneReplicaPipelineSafeModeRule] INFO  safemode.SCMSafeModeManager (SCMSafeModeManager.java:validateSafeModeExitRules(214)) - AtleastOneDatanodeReportedRule rule is successfully validated
2020-12-30 01:57:20,750 [pool-301-thread-1] INFO  ratis.ContainerStateMachine (ContainerStateMachine.java:loadSnapshot(223)) - group-1814FF02F9CA: The snapshot info is null. Setting the last applied indexto:(t:0, i:~)
2020-12-30 01:57:20,750 [pool-301-thread-1] ERROR storage.RaftStorage (RaftStorage.java:readRaftConfiguration(152)) - Failed reading configuration from file:/github/workspace/mnt/ozone/hadoop-ozone/integration-test/target/test-dir/MiniOzoneClusterImpl-885a2ac6-dd28-4da4-9cce-7871c001d77b/datanode-4/data/ratis/512e6835-8f0e-4057-b950-1814ff02f9ca/current/raft-meta.conf
java.io.FileNotFoundException: /github/workspace/mnt/ozone/hadoop-ozone/integration-test/target/test-dir/MiniOzoneClusterImpl-885a2ac6-dd28-4da4-9cce-7871c001d77b/datanode-4/data/ratis/512e6835-8f0e-4057-b950-1814ff02f9ca/current/raft-meta.conf (No such file or directory)
	at java.io.FileInputStream.open0(Native Method)
	at java.io.FileInputStream.open(FileInputStream.java:195)
	at java.io.FileInputStream.<init>(FileInputStream.java:138)
	at org.apache.ratis.server.storage.RaftStorage.readRaftConfiguration(RaftStorage.java:148)
	at org.apache.ratis.server.impl.ServerState.initStatemachine(ServerState.java:167)
	at org.apache.ratis.server.impl.ServerState.<init>(ServerState.java:112)
	at org.apache.ratis.server.impl.RaftServerImpl.<init>(RaftServerImpl.java:186)
	at org.apache.ratis.server.impl.RaftServerProxy.lambda$newRaftServerImpl$4(RaftServerProxy.java:264)
	at java.util.concurrent.CompletableFuture$AsyncSupply.run(CompletableFuture.java:1604)
	at java.util.concurrent.ThreadPoolExecutor.runWorker(ThreadPoolExecutor.java:1149)
	at java.util.concurrent.ThreadPoolExecutor$Worker.run(ThreadPoolExecutor.java:624)
	at java.lang.Thread.run(Thread.java:748)
2020-12-30 01:57:20,750 [pool-301-thread-1] INFO  server.RaftServerConfigKeys (ConfUtils.java:logGet(44)) - raft.server.notification.no-leader.timeout = 300s (custom)
2020-12-30 01:57:20,750 [pool-301-thread-1] INFO  server.RaftServerConfigKeys (ConfUtils.java:logGet(44)) - raft.server.log.use.memory = false (default)
2020-12-30 01:57:20,750 [pool-301-thread-1] INFO  server.RaftServerConfigKeys (ConfUtils.java:logGet(44)) - raft.server.log.purge.gap = 1000000 (custom)
2020-12-30 01:57:20,750 [pool-301-thread-1] INFO  metrics.RatisMetrics (RatisMetrics.java:lambda$create$0(36)) - Creating Metrics Registry : ratis.log_worker.4132dfcc-dfb3-46cd-b45d-65c38fbb9d85@group-1814FF02F9CA
2020-12-30 01:57:20,751 [pool-301-thread-1] INFO  server.RaftServerConfigKeys (ConfUtils.java:logGet(44)) - raft.server.log.appender.buffer.byte-limit = 33554432 (custom)
2020-12-30 01:57:20,751 [pool-301-thread-1] INFO  server.RaftServerConfigKeys (ConfUtils.java:logGet(44)) - raft.server.log.segment.size.max = 1048576 (custom)
2020-12-30 01:57:20,751 [pool-301-thread-1] INFO  server.RaftServerConfigKeys (ConfUtils.java:logGet(44)) - raft.server.log.segment.cache.num.max = 2 (custom)
2020-12-30 01:57:20,751 [pool-301-thread-1] INFO  server.RaftServerConfigKeys (ConfUtils.java:logGet(44)) - raft.server.log.segment.cache.size.max = 200MB (=209715200) (default)
2020-12-30 01:57:20,751 [pool-301-thread-1] INFO  segmented.SegmentedRaftLogWorker (SegmentedRaftLogWorker.java:<init>(181)) - new 4132dfcc-dfb3-46cd-b45d-65c38fbb9d85@group-1814FF02F9CA-SegmentedRaftLogWorker for RaftStorage:Storage Directory /github/workspace/mnt/ozone/hadoop-ozone/integration-test/target/test-dir/MiniOzoneClusterImpl-885a2ac6-dd28-4da4-9cce-7871c001d77b/datanode-4/data/ratis/512e6835-8f0e-4057-b950-1814ff02f9ca
2020-12-30 01:57:20,751 [pool-301-thread-1] INFO  server.RaftServerConfigKeys (ConfUtils.java:logGet(44)) - raft.server.log.queue.byte-limit = 2147483647 (custom)
2020-12-30 01:57:20,752 [pool-301-thread-1] INFO  server.RaftServerConfigKeys (ConfUtils.java:logGet(44)) - raft.server.log.queue.element-limit = 1024 (custom)
2020-12-30 01:57:20,752 [pool-301-thread-1] INFO  server.RaftServerConfigKeys (ConfUtils.java:logGet(44)) - raft.server.log.segment.size.max = 1048576 (custom)
2020-12-30 01:57:20,752 [pool-301-thread-1] INFO  server.RaftServerConfigKeys (ConfUtils.java:logGet(44)) - raft.server.log.preallocated.size = 16384 (custom)
2020-12-30 01:57:20,752 [pool-301-thread-1] INFO  server.RaftServerConfigKeys (ConfUtils.java:logGet(44)) - raft.server.log.force.sync.num = 128 (default)
2020-12-30 01:57:20,752 [pool-301-thread-1] INFO  server.RaftServerConfigKeys (ConfUtils.java:logGet(44)) - raft.server.log.statemachine.data.sync = true (default)
2020-12-30 01:57:20,752 [pool-301-thread-1] INFO  server.RaftServerConfigKeys (ConfUtils.java:logGet(44)) - raft.server.log.statemachine.data.sync.timeout = 10s (default)
2020-12-30 01:57:20,752 [pool-301-thread-1] INFO  server.RaftServerConfigKeys (ConfUtils.java:logGet(44)) - raft.server.log.statemachine.data.sync.timeout.retry = -1 (default)
2020-12-30 01:57:20,754 [pool-301-thread-1] INFO  server.RaftServerConfigKeys (ConfUtils.java:logGet(44)) - raft.server.log.write.buffer.size = 1048576 (custom)
2020-12-30 01:57:20,755 [pool-301-thread-1] INFO  server.RaftServerConfigKeys (ConfUtils.java:logGet(44)) - raft.server.log.statemachine.data.caching.enabled = true (custom)
2020-12-30 01:57:20,755 [pool-301-thread-1] INFO  segmented.SegmentedRaftLogWorker (SegmentedRaftLogWorker.java:lambda$new$0(132)) - 4132dfcc-dfb3-46cd-b45d-65c38fbb9d85@group-1814FF02F9CA-SegmentedRaftLogWorker: flushIndex: setUnconditionally 0 -> -1
2020-12-30 01:57:20,755 [pool-301-thread-1] INFO  segmented.SegmentedRaftLogWorker (SegmentedRaftLogWorker.java:lambda$new$0(132)) - 4132dfcc-dfb3-46cd-b45d-65c38fbb9d85@group-1814FF02F9CA-SegmentedRaftLogWorker: safeCacheEvictIndex: setUnconditionally 0 -> -1
2020-12-30 01:57:20,755 [pool-301-thread-1] INFO  server.RaftServerConfigKeys (ConfUtils.java:logGet(44)) - raft.server.snapshot.auto.trigger.enabled = true (custom)
2020-12-30 01:57:20,755 [pool-301-thread-1] INFO  server.RaftServerConfigKeys (ConfUtils.java:logGet(44)) - raft.server.snapshot.auto.trigger.threshold = 10000 (custom)
2020-12-30 01:57:20,755 [pool-301-thread-1] INFO  server.RaftServerConfigKeys (ConfUtils.java:logGet(44)) - raft.server.snapshot.retention.file.num = 5 (custom)
2020-12-30 01:57:20,755 [pool-301-thread-1] INFO  server.RaftServerConfigKeys (ConfUtils.java:logGet(44)) - raft.server.log.purge.upto.snapshot.index = false (default)
2020-12-30 01:57:20,755 [pool-301-thread-1] INFO  server.RaftServerConfigKeys (ConfUtils.java:logGet(44)) - raft.server.retrycache.expirytime = 600000ms (custom)
2020-12-30 01:57:20,755 [pool-301-thread-1] INFO  server.RaftServerConfigKeys (ConfUtils.java:logGet(44)) - raft.server.retrycache.statistics.expirytime = 100?s (default)
2020-12-30 01:57:20,755 [pool-301-thread-1] INFO  metrics.RatisMetrics (RatisMetrics.java:lambda$create$0(36)) - Creating Metrics Registry : ratis.leader_election.4132dfcc-dfb3-46cd-b45d-65c38fbb9d85@group-1814FF02F9CA
2020-12-30 01:57:20,756 [pool-301-thread-1] INFO  metrics.RatisMetrics (RatisMetrics.java:lambda$create$0(36)) - Creating Metrics Registry : ratis.server.4132dfcc-dfb3-46cd-b45d-65c38fbb9d85@group-1814FF02F9CA
2020-12-30 01:57:20,757 [pool-301-thread-1] INFO  server.RaftServer$Division (RaftServerImpl.java:start(286)) - 4132dfcc-dfb3-46cd-b45d-65c38fbb9d85@group-1814FF02F9CA: start as a follower, conf=-1: [2c3d9932-485f-47f8-8613-8bedf6c861f7|rpc:172.17.0.2:36507|dataStream:, 259e8d3c-ac3a-47ce-8b98-4ae0c616001a|rpc:172.17.0.2:39593|dataStream:, 4132dfcc-dfb3-46cd-b45d-65c38fbb9d85|rpc:172.17.0.2:46769|dataStream:], old=null
2020-12-30 01:57:20,757 [pool-301-thread-1] INFO  server.RaftServer$Division (RaftServerImpl.java:setRole(275)) - 4132dfcc-dfb3-46cd-b45d-65c38fbb9d85@group-1814FF02F9CA: changes role from      null to FOLLOWER at term 0 for startAsFollower
2020-12-30 01:57:20,757 [pool-301-thread-1] INFO  impl.RoleInfo (RoleInfo.java:updateAndGet(130)) - 4132dfcc-dfb3-46cd-b45d-65c38fbb9d85: start 4132dfcc-dfb3-46cd-b45d-65c38fbb9d85@group-1814FF02F9CA-FollowerState
2020-12-30 01:57:20,761 [pool-301-thread-1] INFO  util.JmxRegister (JmxRegister.java:tryRegister(44)) - Successfully registered JMX Bean with object name Ratis:service=RaftServer,group=group-1814FF02F9CA,id=4132dfcc-dfb3-46cd-b45d-65c38fbb9d85
2020-12-30 01:57:20,761 [pool-301-thread-1] INFO  metrics.RatisMetrics (RatisMetrics.java:lambda$create$0(36)) - Creating Metrics Registry : ratis.state_machine.4132dfcc-dfb3-46cd-b45d-65c38fbb9d85@group-1814FF02F9CA
2020-12-30 01:57:20,768 [Command processor thread] INFO  metrics.RatisMetrics (RatisMetrics.java:lambda$create$0(36)) - Creating Metrics Registry : ratis.client_message_metrics.client-8390EB299BD1->2c3d9932-485f-47f8-8613-8bedf6c861f7
2020-12-30 01:57:20,773 [grpc-default-executor-0] INFO  metrics.RatisMetrics (RatisMetrics.java:lambda$create$0(36)) - Creating Metrics Registry : ratis.server_message_metrics.2c3d9932-485f-47f8-8613-8bedf6c861f7
2020-12-30 01:57:20,775 [grpc-default-executor-0] INFO  server.RaftServer (RaftServerProxy.java:addNew(93)) - 2c3d9932-485f-47f8-8613-8bedf6c861f7: addNew group-1814FF02F9CA:[2c3d9932-485f-47f8-8613-8bedf6c861f7|rpc:172.17.0.2:36507|dataStream:, 259e8d3c-ac3a-47ce-8b98-4ae0c616001a|rpc:172.17.0.2:39593|dataStream:, 4132dfcc-dfb3-46cd-b45d-65c38fbb9d85|rpc:172.17.0.2:46769|dataStream:] returns group-1814FF02F9CA:java.util.concurrent.CompletableFuture@24981b8[Not completed]
2020-12-30 01:57:20,781 [pool-317-thread-1] INFO  server.RaftServer$Division (RaftServerImpl.java:<init>(173)) - 2c3d9932-485f-47f8-8613-8bedf6c861f7: new RaftServerImpl for group-1814FF02F9CA:[2c3d9932-485f-47f8-8613-8bedf6c861f7|rpc:172.17.0.2:36507|dataStream:, 259e8d3c-ac3a-47ce-8b98-4ae0c616001a|rpc:172.17.0.2:39593|dataStream:, 4132dfcc-dfb3-46cd-b45d-65c38fbb9d85|rpc:172.17.0.2:46769|dataStream:] with ContainerStateMachine:uninitialized
2020-12-30 01:57:20,781 [pool-317-thread-1] INFO  server.RaftServerConfigKeys (ConfUtils.java:logGet(44)) - raft.server.rpc.timeout.min = 5s (custom)
2020-12-30 01:57:20,781 [pool-317-thread-1] INFO  server.RaftServerConfigKeys (ConfUtils.java:logGet(44)) - raft.server.rpc.timeout.max = 5200ms (custom)
2020-12-30 01:57:20,782 [pool-317-thread-1] INFO  server.RaftServerConfigKeys (ConfUtils.java:logGet(44)) - raft.server.rpc.sleep.time = 25ms (default)
2020-12-30 01:57:20,782 [pool-317-thread-1] INFO  server.RaftServerConfigKeys (ConfUtils.java:logGet(44)) - raft.server.rpc.slowness.timeout = 300s (custom)
2020-12-30 01:57:20,782 [pool-317-thread-1] INFO  server.RaftServerConfigKeys (ConfUtils.java:logGet(44)) - raft.server.leaderelection.leader.step-down.wait-time = 10s (default)
2020-12-30 01:57:20,782 [pool-317-thread-1] INFO  server.RaftServerConfigKeys (ConfUtils.java:logGet(44)) - raft.server.sleep.deviation.threshold = 300ms (default)
2020-12-30 01:57:20,782 [pool-317-thread-1] INFO  server.RaftServerConfigKeys (ConfUtils.java:logGet(44)) - raft.server.log.appender.install.snapshot.enabled = false (custom)
2020-12-30 01:57:20,782 [pool-317-thread-1] INFO  server.RaftServer$Division (ServerState.java:<init>(104)) - 2c3d9932-485f-47f8-8613-8bedf6c861f7@group-1814FF02F9CA: ConfigurationManager, init=-1: [2c3d9932-485f-47f8-8613-8bedf6c861f7|rpc:172.17.0.2:36507|dataStream:, 259e8d3c-ac3a-47ce-8b98-4ae0c616001a|rpc:172.17.0.2:39593|dataStream:, 4132dfcc-dfb3-46cd-b45d-65c38fbb9d85|rpc:172.17.0.2:46769|dataStream:], old=null, confs=<EMPTY_MAP>
2020-12-30 01:57:20,782 [pool-317-thread-1] INFO  server.RaftServerConfigKeys (ConfUtils.java:logGet(44)) - raft.server.storage.dir = [/github/workspace/mnt/ozone/hadoop-ozone/integration-test/target/test-dir/MiniOzoneClusterImpl-885a2ac6-dd28-4da4-9cce-7871c001d77b/datanode-5/data/ratis] (custom)
2020-12-30 01:57:20,782 [pool-317-thread-1] INFO  server.RaftServerConfigKeys (ConfUtils.java:logGet(44)) - raft.server.log.corruption.policy = EXCEPTION (default)
2020-12-30 01:57:20,782 [pool-317-thread-1] INFO  storage.RaftStorageDirectory (RaftStorageDirectory.java:analyzeStorage(260)) - The storage directory /github/workspace/mnt/ozone/hadoop-ozone/integration-test/target/test-dir/MiniOzoneClusterImpl-885a2ac6-dd28-4da4-9cce-7871c001d77b/datanode-5/data/ratis/512e6835-8f0e-4057-b950-1814ff02f9ca does not exist. Creating ...
2020-12-30 01:57:20,783 [pool-317-thread-1] INFO  storage.RaftStorageDirectory (RaftStorageDirectory.java:tryLock(342)) - Lock on /github/workspace/mnt/ozone/hadoop-ozone/integration-test/target/test-dir/MiniOzoneClusterImpl-885a2ac6-dd28-4da4-9cce-7871c001d77b/datanode-5/data/ratis/512e6835-8f0e-4057-b950-1814ff02f9ca/in_use.lock acquired by nodename 822@e0a7f95c34ff
2020-12-30 01:57:20,784 [pool-317-thread-1] INFO  storage.RaftStorage (RaftStorage.java:format(89)) - Storage directory /github/workspace/mnt/ozone/hadoop-ozone/integration-test/target/test-dir/MiniOzoneClusterImpl-885a2ac6-dd28-4da4-9cce-7871c001d77b/datanode-5/data/ratis/512e6835-8f0e-4057-b950-1814ff02f9ca has been successfully formatted.
2020-12-30 01:57:20,784 [pool-317-thread-1] INFO  ratis.ContainerStateMachine (ContainerStateMachine.java:loadSnapshot(223)) - group-1814FF02F9CA: The snapshot info is null. Setting the last applied indexto:(t:0, i:~)
2020-12-30 01:57:20,784 [pool-317-thread-1] ERROR storage.RaftStorage (RaftStorage.java:readRaftConfiguration(152)) - Failed reading configuration from file:/github/workspace/mnt/ozone/hadoop-ozone/integration-test/target/test-dir/MiniOzoneClusterImpl-885a2ac6-dd28-4da4-9cce-7871c001d77b/datanode-5/data/ratis/512e6835-8f0e-4057-b950-1814ff02f9ca/current/raft-meta.conf
java.io.FileNotFoundException: /github/workspace/mnt/ozone/hadoop-ozone/integration-test/target/test-dir/MiniOzoneClusterImpl-885a2ac6-dd28-4da4-9cce-7871c001d77b/datanode-5/data/ratis/512e6835-8f0e-4057-b950-1814ff02f9ca/current/raft-meta.conf (No such file or directory)
	at java.io.FileInputStream.open0(Native Method)
	at java.io.FileInputStream.open(FileInputStream.java:195)
	at java.io.FileInputStream.<init>(FileInputStream.java:138)
	at org.apache.ratis.server.storage.RaftStorage.readRaftConfiguration(RaftStorage.java:148)
	at org.apache.ratis.server.impl.ServerState.initStatemachine(ServerState.java:167)
	at org.apache.ratis.server.impl.ServerState.<init>(ServerState.java:112)
	at org.apache.ratis.server.impl.RaftServerImpl.<init>(RaftServerImpl.java:186)
	at org.apache.ratis.server.impl.RaftServerProxy.lambda$newRaftServerImpl$4(RaftServerProxy.java:264)
	at java.util.concurrent.CompletableFuture$AsyncSupply.run(CompletableFuture.java:1604)
	at java.util.concurrent.ThreadPoolExecutor.runWorker(ThreadPoolExecutor.java:1149)
	at java.util.concurrent.ThreadPoolExecutor$Worker.run(ThreadPoolExecutor.java:624)
	at java.lang.Thread.run(Thread.java:748)
2020-12-30 01:57:20,785 [pool-317-thread-1] INFO  server.RaftServerConfigKeys (ConfUtils.java:logGet(44)) - raft.server.notification.no-leader.timeout = 300s (custom)
2020-12-30 01:57:20,785 [pool-317-thread-1] INFO  server.RaftServerConfigKeys (ConfUtils.java:logGet(44)) - raft.server.log.use.memory = false (default)
2020-12-30 01:57:20,785 [EventQueue-PipelineReportForOneReplicaPipelineSafeModeRule] INFO  safemode.SCMSafeModeManager (SCMSafeModeManager.java:validateSafeModeExitRules(214)) - AtleastOneDatanodeReportedRule rule is successfully validated
2020-12-30 01:57:20,785 [pool-317-thread-1] INFO  server.RaftServerConfigKeys (ConfUtils.java:logGet(44)) - raft.server.log.purge.gap = 1000000 (custom)
2020-12-30 01:57:20,785 [pool-317-thread-1] INFO  metrics.RatisMetrics (RatisMetrics.java:lambda$create$0(36)) - Creating Metrics Registry : ratis.log_worker.2c3d9932-485f-47f8-8613-8bedf6c861f7@group-1814FF02F9CA
2020-12-30 01:57:20,785 [pool-317-thread-1] INFO  server.RaftServerConfigKeys (ConfUtils.java:logGet(44)) - raft.server.log.appender.buffer.byte-limit = 33554432 (custom)
2020-12-30 01:57:20,785 [pool-317-thread-1] INFO  server.RaftServerConfigKeys (ConfUtils.java:logGet(44)) - raft.server.log.segment.size.max = 1048576 (custom)
2020-12-30 01:57:20,786 [pool-317-thread-1] INFO  server.RaftServerConfigKeys (ConfUtils.java:logGet(44)) - raft.server.log.segment.cache.num.max = 2 (custom)
2020-12-30 01:57:20,786 [pool-317-thread-1] INFO  server.RaftServerConfigKeys (ConfUtils.java:logGet(44)) - raft.server.log.segment.cache.size.max = 200MB (=209715200) (default)
2020-12-30 01:57:20,786 [pool-317-thread-1] INFO  segmented.SegmentedRaftLogWorker (SegmentedRaftLogWorker.java:<init>(181)) - new 2c3d9932-485f-47f8-8613-8bedf6c861f7@group-1814FF02F9CA-SegmentedRaftLogWorker for RaftStorage:Storage Directory /github/workspace/mnt/ozone/hadoop-ozone/integration-test/target/test-dir/MiniOzoneClusterImpl-885a2ac6-dd28-4da4-9cce-7871c001d77b/datanode-5/data/ratis/512e6835-8f0e-4057-b950-1814ff02f9ca
2020-12-30 01:57:20,786 [pool-317-thread-1] INFO  server.RaftServerConfigKeys (ConfUtils.java:logGet(44)) - raft.server.log.queue.byte-limit = 2147483647 (custom)
2020-12-30 01:57:20,786 [pool-317-thread-1] INFO  server.RaftServerConfigKeys (ConfUtils.java:logGet(44)) - raft.server.log.queue.element-limit = 1024 (custom)
2020-12-30 01:57:20,786 [pool-317-thread-1] INFO  server.RaftServerConfigKeys (ConfUtils.java:logGet(44)) - raft.server.log.segment.size.max = 1048576 (custom)
2020-12-30 01:57:20,787 [pool-317-thread-1] INFO  server.RaftServerConfigKeys (ConfUtils.java:logGet(44)) - raft.server.log.preallocated.size = 16384 (custom)
2020-12-30 01:57:20,789 [pool-317-thread-1] INFO  server.RaftServerConfigKeys (ConfUtils.java:logGet(44)) - raft.server.log.force.sync.num = 128 (default)
2020-12-30 01:57:20,789 [pool-317-thread-1] INFO  server.RaftServerConfigKeys (ConfUtils.java:logGet(44)) - raft.server.log.statemachine.data.sync = true (default)
2020-12-30 01:57:20,789 [pool-317-thread-1] INFO  server.RaftServerConfigKeys (ConfUtils.java:logGet(44)) - raft.server.log.statemachine.data.sync.timeout = 10s (default)
2020-12-30 01:57:20,789 [pool-317-thread-1] INFO  server.RaftServerConfigKeys (ConfUtils.java:logGet(44)) - raft.server.log.statemachine.data.sync.timeout.retry = -1 (default)
2020-12-30 01:57:20,791 [pool-317-thread-1] INFO  server.RaftServerConfigKeys (ConfUtils.java:logGet(44)) - raft.server.log.write.buffer.size = 1048576 (custom)
2020-12-30 01:57:20,791 [pool-317-thread-1] INFO  server.RaftServerConfigKeys (ConfUtils.java:logGet(44)) - raft.server.log.statemachine.data.caching.enabled = true (custom)
2020-12-30 01:57:20,791 [pool-317-thread-1] INFO  segmented.SegmentedRaftLogWorker (SegmentedRaftLogWorker.java:lambda$new$0(132)) - 2c3d9932-485f-47f8-8613-8bedf6c861f7@group-1814FF02F9CA-SegmentedRaftLogWorker: flushIndex: setUnconditionally 0 -> -1
2020-12-30 01:57:20,792 [pool-317-thread-1] INFO  segmented.SegmentedRaftLogWorker (SegmentedRaftLogWorker.java:lambda$new$0(132)) - 2c3d9932-485f-47f8-8613-8bedf6c861f7@group-1814FF02F9CA-SegmentedRaftLogWorker: safeCacheEvictIndex: setUnconditionally 0 -> -1
2020-12-30 01:57:20,792 [pool-317-thread-1] INFO  server.RaftServerConfigKeys (ConfUtils.java:logGet(44)) - raft.server.snapshot.auto.trigger.enabled = true (custom)
2020-12-30 01:57:20,792 [pool-317-thread-1] INFO  server.RaftServerConfigKeys (ConfUtils.java:logGet(44)) - raft.server.snapshot.auto.trigger.threshold = 10000 (custom)
2020-12-30 01:57:20,792 [pool-317-thread-1] INFO  server.RaftServerConfigKeys (ConfUtils.java:logGet(44)) - raft.server.snapshot.retention.file.num = 5 (custom)
2020-12-30 01:57:20,792 [pool-317-thread-1] INFO  server.RaftServerConfigKeys (ConfUtils.java:logGet(44)) - raft.server.log.purge.upto.snapshot.index = false (default)
2020-12-30 01:57:20,792 [pool-317-thread-1] INFO  server.RaftServerConfigKeys (ConfUtils.java:logGet(44)) - raft.server.retrycache.expirytime = 600000ms (custom)
2020-12-30 01:57:20,792 [pool-317-thread-1] INFO  server.RaftServerConfigKeys (ConfUtils.java:logGet(44)) - raft.server.retrycache.statistics.expirytime = 100?s (default)
2020-12-30 01:57:20,792 [pool-317-thread-1] INFO  metrics.RatisMetrics (RatisMetrics.java:lambda$create$0(36)) - Creating Metrics Registry : ratis.leader_election.2c3d9932-485f-47f8-8613-8bedf6c861f7@group-1814FF02F9CA
2020-12-30 01:57:20,793 [pool-317-thread-1] INFO  metrics.RatisMetrics (RatisMetrics.java:lambda$create$0(36)) - Creating Metrics Registry : ratis.server.2c3d9932-485f-47f8-8613-8bedf6c861f7@group-1814FF02F9CA
2020-12-30 01:57:20,794 [pool-317-thread-1] INFO  server.RaftServer$Division (RaftServerImpl.java:start(286)) - 2c3d9932-485f-47f8-8613-8bedf6c861f7@group-1814FF02F9CA: start as a follower, conf=-1: [2c3d9932-485f-47f8-8613-8bedf6c861f7|rpc:172.17.0.2:36507|dataStream:, 259e8d3c-ac3a-47ce-8b98-4ae0c616001a|rpc:172.17.0.2:39593|dataStream:, 4132dfcc-dfb3-46cd-b45d-65c38fbb9d85|rpc:172.17.0.2:46769|dataStream:], old=null
2020-12-30 01:57:20,794 [pool-317-thread-1] INFO  server.RaftServer$Division (RaftServerImpl.java:setRole(275)) - 2c3d9932-485f-47f8-8613-8bedf6c861f7@group-1814FF02F9CA: changes role from      null to FOLLOWER at term 0 for startAsFollower
2020-12-30 01:57:20,794 [pool-317-thread-1] INFO  impl.RoleInfo (RoleInfo.java:updateAndGet(130)) - 2c3d9932-485f-47f8-8613-8bedf6c861f7: start 2c3d9932-485f-47f8-8613-8bedf6c861f7@group-1814FF02F9CA-FollowerState
2020-12-30 01:57:20,797 [pool-317-thread-1] INFO  util.JmxRegister (JmxRegister.java:tryRegister(44)) - Successfully registered JMX Bean with object name Ratis:service=RaftServer,group=group-1814FF02F9CA,id=2c3d9932-485f-47f8-8613-8bedf6c861f7
2020-12-30 01:57:20,797 [pool-317-thread-1] INFO  metrics.RatisMetrics (RatisMetrics.java:lambda$create$0(36)) - Creating Metrics Registry : ratis.state_machine.2c3d9932-485f-47f8-8613-8bedf6c861f7@group-1814FF02F9CA
2020-12-30 01:57:20,802 [Command processor thread] INFO  commandhandler.CreatePipelineCommandHandler (CreatePipelineCommandHandler.java:handle(106)) - Created Pipeline RATIS THREE PipelineID=512e6835-8f0e-4057-b950-1814ff02f9ca.
2020-12-30 01:57:20,887 [Command processor thread] INFO  server.RaftServer (RaftServerProxy.java:addNew(93)) - 4132dfcc-dfb3-46cd-b45d-65c38fbb9d85: addNew group-66D6D02993E9:[4132dfcc-dfb3-46cd-b45d-65c38fbb9d85|rpc:172.17.0.2:46769] returns group-66D6D02993E9:java.util.concurrent.CompletableFuture@73f7fed0[Not completed]
2020-12-30 01:57:20,888 [pool-301-thread-1] INFO  server.RaftServer$Division (RaftServerImpl.java:<init>(173)) - 4132dfcc-dfb3-46cd-b45d-65c38fbb9d85: new RaftServerImpl for group-66D6D02993E9:[4132dfcc-dfb3-46cd-b45d-65c38fbb9d85|rpc:172.17.0.2:46769] with ContainerStateMachine:uninitialized
2020-12-30 01:57:20,888 [pool-301-thread-1] INFO  server.RaftServerConfigKeys (ConfUtils.java:logGet(44)) - raft.server.rpc.timeout.min = 5s (custom)
2020-12-30 01:57:20,888 [pool-301-thread-1] INFO  server.RaftServerConfigKeys (ConfUtils.java:logGet(44)) - raft.server.rpc.timeout.max = 5200ms (custom)
2020-12-30 01:57:20,888 [pool-301-thread-1] INFO  server.RaftServerConfigKeys (ConfUtils.java:logGet(44)) - raft.server.rpc.sleep.time = 25ms (default)
2020-12-30 01:57:20,888 [pool-301-thread-1] INFO  server.RaftServerConfigKeys (ConfUtils.java:logGet(44)) - raft.server.rpc.slowness.timeout = 300s (custom)
2020-12-30 01:57:20,888 [pool-301-thread-1] INFO  server.RaftServerConfigKeys (ConfUtils.java:logGet(44)) - raft.server.leaderelection.leader.step-down.wait-time = 10s (default)
2020-12-30 01:57:20,888 [pool-301-thread-1] INFO  server.RaftServerConfigKeys (ConfUtils.java:logGet(44)) - raft.server.sleep.deviation.threshold = 300ms (default)
2020-12-30 01:57:20,888 [pool-301-thread-1] INFO  server.RaftServerConfigKeys (ConfUtils.java:logGet(44)) - raft.server.log.appender.install.snapshot.enabled = false (custom)
2020-12-30 01:57:20,889 [pool-301-thread-1] INFO  server.RaftServer$Division (ServerState.java:<init>(104)) - 4132dfcc-dfb3-46cd-b45d-65c38fbb9d85@group-66D6D02993E9: ConfigurationManager, init=-1: [4132dfcc-dfb3-46cd-b45d-65c38fbb9d85|rpc:172.17.0.2:46769], old=null, confs=<EMPTY_MAP>
2020-12-30 01:57:20,889 [pool-301-thread-1] INFO  server.RaftServerConfigKeys (ConfUtils.java:logGet(44)) - raft.server.storage.dir = [/github/workspace/mnt/ozone/hadoop-ozone/integration-test/target/test-dir/MiniOzoneClusterImpl-885a2ac6-dd28-4da4-9cce-7871c001d77b/datanode-4/data/ratis] (custom)
2020-12-30 01:57:20,889 [pool-301-thread-1] INFO  server.RaftServerConfigKeys (ConfUtils.java:logGet(44)) - raft.server.log.corruption.policy = EXCEPTION (default)
2020-12-30 01:57:20,889 [pool-301-thread-1] INFO  storage.RaftStorageDirectory (RaftStorageDirectory.java:analyzeStorage(260)) - The storage directory /github/workspace/mnt/ozone/hadoop-ozone/integration-test/target/test-dir/MiniOzoneClusterImpl-885a2ac6-dd28-4da4-9cce-7871c001d77b/datanode-4/data/ratis/e53f958b-7dd2-4f07-ae5a-66d6d02993e9 does not exist. Creating ...
2020-12-30 01:57:20,891 [pool-301-thread-1] INFO  storage.RaftStorageDirectory (RaftStorageDirectory.java:tryLock(342)) - Lock on /github/workspace/mnt/ozone/hadoop-ozone/integration-test/target/test-dir/MiniOzoneClusterImpl-885a2ac6-dd28-4da4-9cce-7871c001d77b/datanode-4/data/ratis/e53f958b-7dd2-4f07-ae5a-66d6d02993e9/in_use.lock acquired by nodename 822@e0a7f95c34ff
2020-12-30 01:57:20,892 [pool-301-thread-1] INFO  storage.RaftStorage (RaftStorage.java:format(89)) - Storage directory /github/workspace/mnt/ozone/hadoop-ozone/integration-test/target/test-dir/MiniOzoneClusterImpl-885a2ac6-dd28-4da4-9cce-7871c001d77b/datanode-4/data/ratis/e53f958b-7dd2-4f07-ae5a-66d6d02993e9 has been successfully formatted.
2020-12-30 01:57:20,892 [pool-301-thread-1] INFO  ratis.ContainerStateMachine (ContainerStateMachine.java:loadSnapshot(223)) - group-66D6D02993E9: The snapshot info is null. Setting the last applied indexto:(t:0, i:~)
2020-12-30 01:57:20,894 [EventQueue-PipelineReportForPipelineReportHandler] INFO  pipeline.PipelineStateManager (PipelineStateManager.java:openPipeline(132)) - Pipeline Pipeline[ Id: e53f958b-7dd2-4f07-ae5a-66d6d02993e9, Nodes: 4132dfcc-dfb3-46cd-b45d-65c38fbb9d85{ip: 172.17.0.2, host: e0a7f95c34ff, networkLocation: /default-rack, certSerialId: null, persistedOpState: IN_SERVICE, persistedOpStateExpiryEpochSec: 0}, Type:RATIS, Factor:ONE, State:ALLOCATED, leaderId:4132dfcc-dfb3-46cd-b45d-65c38fbb9d85, CreationTimestamp2020-12-30T01:57:17.889Z] moved to OPEN state
2020-12-30 01:57:20,893 [EventQueue-PipelineReportForOneReplicaPipelineSafeModeRule] INFO  safemode.SCMSafeModeManager (SCMSafeModeManager.java:validateSafeModeExitRules(214)) - AtleastOneDatanodeReportedRule rule is successfully validated
2020-12-30 01:57:20,895 [EventQueue-OpenPipelineForHealthyPipelineSafeModeRule] INFO  safemode.SCMSafeModeManager (HealthyPipelineSafeModeRule.java:process(128)) - SCM in safe mode. Healthy pipelines reported count is 0, required healthy pipeline reported count is 1
2020-12-30 01:57:20,895 [pool-301-thread-1] ERROR storage.RaftStorage (RaftStorage.java:readRaftConfiguration(152)) - Failed reading configuration from file:/github/workspace/mnt/ozone/hadoop-ozone/integration-test/target/test-dir/MiniOzoneClusterImpl-885a2ac6-dd28-4da4-9cce-7871c001d77b/datanode-4/data/ratis/e53f958b-7dd2-4f07-ae5a-66d6d02993e9/current/raft-meta.conf
java.io.FileNotFoundException: /github/workspace/mnt/ozone/hadoop-ozone/integration-test/target/test-dir/MiniOzoneClusterImpl-885a2ac6-dd28-4da4-9cce-7871c001d77b/datanode-4/data/ratis/e53f958b-7dd2-4f07-ae5a-66d6d02993e9/current/raft-meta.conf (No such file or directory)
	at java.io.FileInputStream.open0(Native Method)
	at java.io.FileInputStream.open(FileInputStream.java:195)
	at java.io.FileInputStream.<init>(FileInputStream.java:138)
	at org.apache.ratis.server.storage.RaftStorage.readRaftConfiguration(RaftStorage.java:148)
	at org.apache.ratis.server.impl.ServerState.initStatemachine(ServerState.java:167)
	at org.apache.ratis.server.impl.ServerState.<init>(ServerState.java:112)
	at org.apache.ratis.server.impl.RaftServerImpl.<init>(RaftServerImpl.java:186)
	at org.apache.ratis.server.impl.RaftServerProxy.lambda$newRaftServerImpl$4(RaftServerProxy.java:264)
	at java.util.concurrent.CompletableFuture$AsyncSupply.run(CompletableFuture.java:1604)
	at java.util.concurrent.ThreadPoolExecutor.runWorker(ThreadPoolExecutor.java:1149)
	at java.util.concurrent.ThreadPoolExecutor$Worker.run(ThreadPoolExecutor.java:624)
	at java.lang.Thread.run(Thread.java:748)
2020-12-30 01:57:20,896 [pool-301-thread-1] INFO  server.RaftServerConfigKeys (ConfUtils.java:logGet(44)) - raft.server.notification.no-leader.timeout = 300s (custom)
2020-12-30 01:57:20,896 [pool-301-thread-1] INFO  server.RaftServerConfigKeys (ConfUtils.java:logGet(44)) - raft.server.log.use.memory = false (default)
2020-12-30 01:57:20,896 [pool-301-thread-1] INFO  server.RaftServerConfigKeys (ConfUtils.java:logGet(44)) - raft.server.log.purge.gap = 1000000 (custom)
2020-12-30 01:57:20,896 [pool-301-thread-1] INFO  metrics.RatisMetrics (RatisMetrics.java:lambda$create$0(36)) - Creating Metrics Registry : ratis.log_worker.4132dfcc-dfb3-46cd-b45d-65c38fbb9d85@group-66D6D02993E9
2020-12-30 01:57:20,896 [pool-301-thread-1] INFO  server.RaftServerConfigKeys (ConfUtils.java:logGet(44)) - raft.server.log.appender.buffer.byte-limit = 33554432 (custom)
2020-12-30 01:57:20,896 [pool-301-thread-1] INFO  server.RaftServerConfigKeys (ConfUtils.java:logGet(44)) - raft.server.log.segment.size.max = 1048576 (custom)
2020-12-30 01:57:20,897 [pool-301-thread-1] INFO  server.RaftServerConfigKeys (ConfUtils.java:logGet(44)) - raft.server.log.segment.cache.num.max = 2 (custom)
2020-12-30 01:57:20,897 [pool-301-thread-1] INFO  server.RaftServerConfigKeys (ConfUtils.java:logGet(44)) - raft.server.log.segment.cache.size.max = 200MB (=209715200) (default)
2020-12-30 01:57:20,897 [pool-301-thread-1] INFO  segmented.SegmentedRaftLogWorker (SegmentedRaftLogWorker.java:<init>(181)) - new 4132dfcc-dfb3-46cd-b45d-65c38fbb9d85@group-66D6D02993E9-SegmentedRaftLogWorker for RaftStorage:Storage Directory /github/workspace/mnt/ozone/hadoop-ozone/integration-test/target/test-dir/MiniOzoneClusterImpl-885a2ac6-dd28-4da4-9cce-7871c001d77b/datanode-4/data/ratis/e53f958b-7dd2-4f07-ae5a-66d6d02993e9
2020-12-30 01:57:20,897 [pool-301-thread-1] INFO  server.RaftServerConfigKeys (ConfUtils.java:logGet(44)) - raft.server.log.queue.byte-limit = 2147483647 (custom)
2020-12-30 01:57:20,897 [pool-301-thread-1] INFO  server.RaftServerConfigKeys (ConfUtils.java:logGet(44)) - raft.server.log.queue.element-limit = 1024 (custom)
2020-12-30 01:57:20,897 [pool-301-thread-1] INFO  server.RaftServerConfigKeys (ConfUtils.java:logGet(44)) - raft.server.log.segment.size.max = 1048576 (custom)
2020-12-30 01:57:20,897 [pool-301-thread-1] INFO  server.RaftServerConfigKeys (ConfUtils.java:logGet(44)) - raft.server.log.preallocated.size = 16384 (custom)
2020-12-30 01:57:20,897 [pool-301-thread-1] INFO  server.RaftServerConfigKeys (ConfUtils.java:logGet(44)) - raft.server.log.force.sync.num = 128 (default)
2020-12-30 01:57:20,897 [pool-301-thread-1] INFO  server.RaftServerConfigKeys (ConfUtils.java:logGet(44)) - raft.server.log.statemachine.data.sync = true (default)
2020-12-30 01:57:20,897 [pool-301-thread-1] INFO  server.RaftServerConfigKeys (ConfUtils.java:logGet(44)) - raft.server.log.statemachine.data.sync.timeout = 10s (default)
2020-12-30 01:57:20,897 [pool-301-thread-1] INFO  server.RaftServerConfigKeys (ConfUtils.java:logGet(44)) - raft.server.log.statemachine.data.sync.timeout.retry = -1 (default)
2020-12-30 01:57:20,898 [pool-301-thread-1] INFO  server.RaftServerConfigKeys (ConfUtils.java:logGet(44)) - raft.server.log.write.buffer.size = 1048576 (custom)
2020-12-30 01:57:20,899 [pool-301-thread-1] INFO  server.RaftServerConfigKeys (ConfUtils.java:logGet(44)) - raft.server.log.statemachine.data.caching.enabled = true (custom)
2020-12-30 01:57:20,899 [pool-301-thread-1] INFO  segmented.SegmentedRaftLogWorker (SegmentedRaftLogWorker.java:lambda$new$0(132)) - 4132dfcc-dfb3-46cd-b45d-65c38fbb9d85@group-66D6D02993E9-SegmentedRaftLogWorker: flushIndex: setUnconditionally 0 -> -1
2020-12-30 01:57:20,899 [pool-301-thread-1] INFO  segmented.SegmentedRaftLogWorker (SegmentedRaftLogWorker.java:lambda$new$0(132)) - 4132dfcc-dfb3-46cd-b45d-65c38fbb9d85@group-66D6D02993E9-SegmentedRaftLogWorker: safeCacheEvictIndex: setUnconditionally 0 -> -1
2020-12-30 01:57:20,899 [pool-301-thread-1] INFO  server.RaftServerConfigKeys (ConfUtils.java:logGet(44)) - raft.server.snapshot.auto.trigger.enabled = true (custom)
2020-12-30 01:57:20,899 [pool-301-thread-1] INFO  server.RaftServerConfigKeys (ConfUtils.java:logGet(44)) - raft.server.snapshot.auto.trigger.threshold = 10000 (custom)
2020-12-30 01:57:20,899 [pool-301-thread-1] INFO  server.RaftServerConfigKeys (ConfUtils.java:logGet(44)) - raft.server.snapshot.retention.file.num = 5 (custom)
2020-12-30 01:57:20,899 [pool-301-thread-1] INFO  server.RaftServerConfigKeys (ConfUtils.java:logGet(44)) - raft.server.log.purge.upto.snapshot.index = false (default)
2020-12-30 01:57:20,899 [pool-301-thread-1] INFO  server.RaftServerConfigKeys (ConfUtils.java:logGet(44)) - raft.server.retrycache.expirytime = 600000ms (custom)
2020-12-30 01:57:20,900 [pool-301-thread-1] INFO  server.RaftServerConfigKeys (ConfUtils.java:logGet(44)) - raft.server.retrycache.statistics.expirytime = 100?s (default)
2020-12-30 01:57:20,900 [pool-301-thread-1] INFO  metrics.RatisMetrics (RatisMetrics.java:lambda$create$0(36)) - Creating Metrics Registry : ratis.leader_election.4132dfcc-dfb3-46cd-b45d-65c38fbb9d85@group-66D6D02993E9
2020-12-30 01:57:20,900 [pool-301-thread-1] INFO  metrics.RatisMetrics (RatisMetrics.java:lambda$create$0(36)) - Creating Metrics Registry : ratis.server.4132dfcc-dfb3-46cd-b45d-65c38fbb9d85@group-66D6D02993E9
2020-12-30 01:57:20,901 [pool-301-thread-1] INFO  server.RaftServer$Division (RaftServerImpl.java:start(286)) - 4132dfcc-dfb3-46cd-b45d-65c38fbb9d85@group-66D6D02993E9: start as a follower, conf=-1: [4132dfcc-dfb3-46cd-b45d-65c38fbb9d85|rpc:172.17.0.2:46769], old=null
2020-12-30 01:57:20,901 [pool-301-thread-1] INFO  server.RaftServer$Division (RaftServerImpl.java:setRole(275)) - 4132dfcc-dfb3-46cd-b45d-65c38fbb9d85@group-66D6D02993E9: changes role from      null to FOLLOWER at term 0 for startAsFollower
2020-12-30 01:57:20,901 [pool-301-thread-1] INFO  impl.RoleInfo (RoleInfo.java:updateAndGet(130)) - 4132dfcc-dfb3-46cd-b45d-65c38fbb9d85: start 4132dfcc-dfb3-46cd-b45d-65c38fbb9d85@group-66D6D02993E9-FollowerState
2020-12-30 01:57:20,901 [pool-301-thread-1] INFO  util.JmxRegister (JmxRegister.java:tryRegister(44)) - Successfully registered JMX Bean with object name Ratis:service=RaftServer,group=group-66D6D02993E9,id=4132dfcc-dfb3-46cd-b45d-65c38fbb9d85
2020-12-30 01:57:20,902 [pool-301-thread-1] INFO  metrics.RatisMetrics (RatisMetrics.java:lambda$create$0(36)) - Creating Metrics Registry : ratis.state_machine.4132dfcc-dfb3-46cd-b45d-65c38fbb9d85@group-66D6D02993E9
2020-12-30 01:57:20,902 [Command processor thread] INFO  commandhandler.CreatePipelineCommandHandler (CreatePipelineCommandHandler.java:handle(106)) - Created Pipeline RATIS ONE PipelineID=e53f958b-7dd2-4f07-ae5a-66d6d02993e9.
2020-12-30 01:57:21,060 [Listener at 127.0.0.1/41627] INFO  ozone.MiniOzoneClusterImpl (MiniOzoneClusterImpl.java:lambda$waitForClusterToBeReady$0(178)) - Nodes are ready. Got 6 of 6 DN Heartbeats.
2020-12-30 01:57:21,060 [Listener at 127.0.0.1/41627] INFO  ozone.MiniOzoneClusterImpl (MiniOzoneClusterImpl.java:lambda$waitForClusterToBeReady$0(181)) - Waiting for cluster to exit safe mode
2020-12-30 01:57:21,063 [Command processor thread] INFO  server.RaftServer (RaftServerProxy.java:addNew(93)) - 2c3d9932-485f-47f8-8613-8bedf6c861f7: addNew group-2117576E5059:[2c3d9932-485f-47f8-8613-8bedf6c861f7|rpc:172.17.0.2:36507] returns group-2117576E5059:java.util.concurrent.CompletableFuture@1f567029[Not completed]
2020-12-30 01:57:21,064 [pool-317-thread-1] INFO  server.RaftServer$Division (RaftServerImpl.java:<init>(173)) - 2c3d9932-485f-47f8-8613-8bedf6c861f7: new RaftServerImpl for group-2117576E5059:[2c3d9932-485f-47f8-8613-8bedf6c861f7|rpc:172.17.0.2:36507] with ContainerStateMachine:uninitialized
2020-12-30 01:57:21,064 [pool-317-thread-1] INFO  server.RaftServerConfigKeys (ConfUtils.java:logGet(44)) - raft.server.rpc.timeout.min = 5s (custom)
2020-12-30 01:57:21,064 [pool-317-thread-1] INFO  server.RaftServerConfigKeys (ConfUtils.java:logGet(44)) - raft.server.rpc.timeout.max = 5200ms (custom)
2020-12-30 01:57:21,064 [pool-317-thread-1] INFO  server.RaftServerConfigKeys (ConfUtils.java:logGet(44)) - raft.server.rpc.sleep.time = 25ms (default)
2020-12-30 01:57:21,064 [pool-317-thread-1] INFO  server.RaftServerConfigKeys (ConfUtils.java:logGet(44)) - raft.server.rpc.slowness.timeout = 300s (custom)
2020-12-30 01:57:21,064 [pool-317-thread-1] INFO  server.RaftServerConfigKeys (ConfUtils.java:logGet(44)) - raft.server.leaderelection.leader.step-down.wait-time = 10s (default)
2020-12-30 01:57:21,064 [pool-317-thread-1] INFO  server.RaftServerConfigKeys (ConfUtils.java:logGet(44)) - raft.server.sleep.deviation.threshold = 300ms (default)
2020-12-30 01:57:21,064 [pool-317-thread-1] INFO  server.RaftServerConfigKeys (ConfUtils.java:logGet(44)) - raft.server.log.appender.install.snapshot.enabled = false (custom)
2020-12-30 01:57:21,065 [pool-317-thread-1] INFO  server.RaftServer$Division (ServerState.java:<init>(104)) - 2c3d9932-485f-47f8-8613-8bedf6c861f7@group-2117576E5059: ConfigurationManager, init=-1: [2c3d9932-485f-47f8-8613-8bedf6c861f7|rpc:172.17.0.2:36507], old=null, confs=<EMPTY_MAP>
2020-12-30 01:57:21,065 [pool-317-thread-1] INFO  server.RaftServerConfigKeys (ConfUtils.java:logGet(44)) - raft.server.storage.dir = [/github/workspace/mnt/ozone/hadoop-ozone/integration-test/target/test-dir/MiniOzoneClusterImpl-885a2ac6-dd28-4da4-9cce-7871c001d77b/datanode-5/data/ratis] (custom)
2020-12-30 01:57:21,065 [pool-317-thread-1] INFO  server.RaftServerConfigKeys (ConfUtils.java:logGet(44)) - raft.server.log.corruption.policy = EXCEPTION (default)
2020-12-30 01:57:21,065 [pool-317-thread-1] INFO  storage.RaftStorageDirectory (RaftStorageDirectory.java:analyzeStorage(260)) - The storage directory /github/workspace/mnt/ozone/hadoop-ozone/integration-test/target/test-dir/MiniOzoneClusterImpl-885a2ac6-dd28-4da4-9cce-7871c001d77b/datanode-5/data/ratis/b4653daa-82c1-408f-b07a-2117576e5059 does not exist. Creating ...
2020-12-30 01:57:21,067 [pool-317-thread-1] INFO  storage.RaftStorageDirectory (RaftStorageDirectory.java:tryLock(342)) - Lock on /github/workspace/mnt/ozone/hadoop-ozone/integration-test/target/test-dir/MiniOzoneClusterImpl-885a2ac6-dd28-4da4-9cce-7871c001d77b/datanode-5/data/ratis/b4653daa-82c1-408f-b07a-2117576e5059/in_use.lock acquired by nodename 822@e0a7f95c34ff
2020-12-30 01:57:21,068 [pool-317-thread-1] INFO  storage.RaftStorage (RaftStorage.java:format(89)) - Storage directory /github/workspace/mnt/ozone/hadoop-ozone/integration-test/target/test-dir/MiniOzoneClusterImpl-885a2ac6-dd28-4da4-9cce-7871c001d77b/datanode-5/data/ratis/b4653daa-82c1-408f-b07a-2117576e5059 has been successfully formatted.
2020-12-30 01:57:21,068 [pool-317-thread-1] INFO  ratis.ContainerStateMachine (ContainerStateMachine.java:loadSnapshot(223)) - group-2117576E5059: The snapshot info is null. Setting the last applied indexto:(t:0, i:~)
2020-12-30 01:57:21,068 [pool-317-thread-1] ERROR storage.RaftStorage (RaftStorage.java:readRaftConfiguration(152)) - Failed reading configuration from file:/github/workspace/mnt/ozone/hadoop-ozone/integration-test/target/test-dir/MiniOzoneClusterImpl-885a2ac6-dd28-4da4-9cce-7871c001d77b/datanode-5/data/ratis/b4653daa-82c1-408f-b07a-2117576e5059/current/raft-meta.conf
java.io.FileNotFoundException: /github/workspace/mnt/ozone/hadoop-ozone/integration-test/target/test-dir/MiniOzoneClusterImpl-885a2ac6-dd28-4da4-9cce-7871c001d77b/datanode-5/data/ratis/b4653daa-82c1-408f-b07a-2117576e5059/current/raft-meta.conf (No such file or directory)
	at java.io.FileInputStream.open0(Native Method)
	at java.io.FileInputStream.open(FileInputStream.java:195)
	at java.io.FileInputStream.<init>(FileInputStream.java:138)
	at org.apache.ratis.server.storage.RaftStorage.readRaftConfiguration(RaftStorage.java:148)
	at org.apache.ratis.server.impl.ServerState.initStatemachine(ServerState.java:167)
	at org.apache.ratis.server.impl.ServerState.<init>(ServerState.java:112)
	at org.apache.ratis.server.impl.RaftServerImpl.<init>(RaftServerImpl.java:186)
	at org.apache.ratis.server.impl.RaftServerProxy.lambda$newRaftServerImpl$4(RaftServerProxy.java:264)
	at java.util.concurrent.CompletableFuture$AsyncSupply.run(CompletableFuture.java:1604)
	at java.util.concurrent.ThreadPoolExecutor.runWorker(ThreadPoolExecutor.java:1149)
	at java.util.concurrent.ThreadPoolExecutor$Worker.run(ThreadPoolExecutor.java:624)
	at java.lang.Thread.run(Thread.java:748)
2020-12-30 01:57:21,068 [pool-317-thread-1] INFO  server.RaftServerConfigKeys (ConfUtils.java:logGet(44)) - raft.server.notification.no-leader.timeout = 300s (custom)
2020-12-30 01:57:21,069 [pool-317-thread-1] INFO  server.RaftServerConfigKeys (ConfUtils.java:logGet(44)) - raft.server.log.use.memory = false (default)
2020-12-30 01:57:21,069 [pool-317-thread-1] INFO  server.RaftServerConfigKeys (ConfUtils.java:logGet(44)) - raft.server.log.purge.gap = 1000000 (custom)
2020-12-30 01:57:21,069 [pool-317-thread-1] INFO  metrics.RatisMetrics (RatisMetrics.java:lambda$create$0(36)) - Creating Metrics Registry : ratis.log_worker.2c3d9932-485f-47f8-8613-8bedf6c861f7@group-2117576E5059
2020-12-30 01:57:21,069 [pool-317-thread-1] INFO  server.RaftServerConfigKeys (ConfUtils.java:logGet(44)) - raft.server.log.appender.buffer.byte-limit = 33554432 (custom)
2020-12-30 01:57:21,069 [pool-317-thread-1] INFO  server.RaftServerConfigKeys (ConfUtils.java:logGet(44)) - raft.server.log.segment.size.max = 1048576 (custom)
2020-12-30 01:57:21,069 [EventQueue-PipelineReportForOneReplicaPipelineSafeModeRule] INFO  safemode.SCMSafeModeManager (SCMSafeModeManager.java:validateSafeModeExitRules(214)) - AtleastOneDatanodeReportedRule rule is successfully validated
2020-12-30 01:57:21,069 [EventQueue-PipelineReportForPipelineReportHandler] INFO  pipeline.PipelineStateManager (PipelineStateManager.java:openPipeline(132)) - Pipeline Pipeline[ Id: b4653daa-82c1-408f-b07a-2117576e5059, Nodes: 2c3d9932-485f-47f8-8613-8bedf6c861f7{ip: 172.17.0.2, host: e0a7f95c34ff, networkLocation: /default-rack, certSerialId: null, persistedOpState: IN_SERVICE, persistedOpStateExpiryEpochSec: 0}, Type:RATIS, Factor:ONE, State:ALLOCATED, leaderId:2c3d9932-485f-47f8-8613-8bedf6c861f7, CreationTimestamp2020-12-30T01:57:18.065Z] moved to OPEN state
2020-12-30 01:57:21,070 [pool-317-thread-1] INFO  server.RaftServerConfigKeys (ConfUtils.java:logGet(44)) - raft.server.log.segment.cache.num.max = 2 (custom)
2020-12-30 01:57:21,070 [pool-317-thread-1] INFO  server.RaftServerConfigKeys (ConfUtils.java:logGet(44)) - raft.server.log.segment.cache.size.max = 200MB (=209715200) (default)
2020-12-30 01:57:21,070 [pool-317-thread-1] INFO  segmented.SegmentedRaftLogWorker (SegmentedRaftLogWorker.java:<init>(181)) - new 2c3d9932-485f-47f8-8613-8bedf6c861f7@group-2117576E5059-SegmentedRaftLogWorker for RaftStorage:Storage Directory /github/workspace/mnt/ozone/hadoop-ozone/integration-test/target/test-dir/MiniOzoneClusterImpl-885a2ac6-dd28-4da4-9cce-7871c001d77b/datanode-5/data/ratis/b4653daa-82c1-408f-b07a-2117576e5059
2020-12-30 01:57:21,070 [pool-317-thread-1] INFO  server.RaftServerConfigKeys (ConfUtils.java:logGet(44)) - raft.server.log.queue.byte-limit = 2147483647 (custom)
2020-12-30 01:57:21,070 [pool-317-thread-1] INFO  server.RaftServerConfigKeys (ConfUtils.java:logGet(44)) - raft.server.log.queue.element-limit = 1024 (custom)
2020-12-30 01:57:21,070 [pool-317-thread-1] INFO  server.RaftServerConfigKeys (ConfUtils.java:logGet(44)) - raft.server.log.segment.size.max = 1048576 (custom)
2020-12-30 01:57:21,070 [pool-317-thread-1] INFO  server.RaftServerConfigKeys (ConfUtils.java:logGet(44)) - raft.server.log.preallocated.size = 16384 (custom)
2020-12-30 01:57:21,070 [pool-317-thread-1] INFO  server.RaftServerConfigKeys (ConfUtils.java:logGet(44)) - raft.server.log.force.sync.num = 128 (default)
2020-12-30 01:57:21,070 [pool-317-thread-1] INFO  server.RaftServerConfigKeys (ConfUtils.java:logGet(44)) - raft.server.log.statemachine.data.sync = true (default)
2020-12-30 01:57:21,070 [pool-317-thread-1] INFO  server.RaftServerConfigKeys (ConfUtils.java:logGet(44)) - raft.server.log.statemachine.data.sync.timeout = 10s (default)
2020-12-30 01:57:21,070 [pool-317-thread-1] INFO  server.RaftServerConfigKeys (ConfUtils.java:logGet(44)) - raft.server.log.statemachine.data.sync.timeout.retry = -1 (default)
2020-12-30 01:57:21,071 [pool-317-thread-1] INFO  server.RaftServerConfigKeys (ConfUtils.java:logGet(44)) - raft.server.log.write.buffer.size = 1048576 (custom)
2020-12-30 01:57:21,071 [pool-317-thread-1] INFO  server.RaftServerConfigKeys (ConfUtils.java:logGet(44)) - raft.server.log.statemachine.data.caching.enabled = true (custom)
2020-12-30 01:57:21,072 [pool-317-thread-1] INFO  segmented.SegmentedRaftLogWorker (SegmentedRaftLogWorker.java:lambda$new$0(132)) - 2c3d9932-485f-47f8-8613-8bedf6c861f7@group-2117576E5059-SegmentedRaftLogWorker: flushIndex: setUnconditionally 0 -> -1
2020-12-30 01:57:21,072 [pool-317-thread-1] INFO  segmented.SegmentedRaftLogWorker (SegmentedRaftLogWorker.java:lambda$new$0(132)) - 2c3d9932-485f-47f8-8613-8bedf6c861f7@group-2117576E5059-SegmentedRaftLogWorker: safeCacheEvictIndex: setUnconditionally 0 -> -1
2020-12-30 01:57:21,073 [EventQueue-OpenPipelineForHealthyPipelineSafeModeRule] INFO  safemode.SCMSafeModeManager (HealthyPipelineSafeModeRule.java:process(128)) - SCM in safe mode. Healthy pipelines reported count is 0, required healthy pipeline reported count is 1
2020-12-30 01:57:21,082 [pool-317-thread-1] INFO  server.RaftServerConfigKeys (ConfUtils.java:logGet(44)) - raft.server.snapshot.auto.trigger.enabled = true (custom)
2020-12-30 01:57:21,082 [pool-317-thread-1] INFO  server.RaftServerConfigKeys (ConfUtils.java:logGet(44)) - raft.server.snapshot.auto.trigger.threshold = 10000 (custom)
2020-12-30 01:57:21,082 [pool-317-thread-1] INFO  server.RaftServerConfigKeys (ConfUtils.java:logGet(44)) - raft.server.snapshot.retention.file.num = 5 (custom)
2020-12-30 01:57:21,082 [pool-317-thread-1] INFO  server.RaftServerConfigKeys (ConfUtils.java:logGet(44)) - raft.server.log.purge.upto.snapshot.index = false (default)
2020-12-30 01:57:21,082 [pool-317-thread-1] INFO  server.RaftServerConfigKeys (ConfUtils.java:logGet(44)) - raft.server.retrycache.expirytime = 600000ms (custom)
2020-12-30 01:57:21,082 [pool-317-thread-1] INFO  server.RaftServerConfigKeys (ConfUtils.java:logGet(44)) - raft.server.retrycache.statistics.expirytime = 100?s (default)
2020-12-30 01:57:21,082 [pool-317-thread-1] INFO  metrics.RatisMetrics (RatisMetrics.java:lambda$create$0(36)) - Creating Metrics Registry : ratis.leader_election.2c3d9932-485f-47f8-8613-8bedf6c861f7@group-2117576E5059
2020-12-30 01:57:21,083 [pool-317-thread-1] INFO  metrics.RatisMetrics (RatisMetrics.java:lambda$create$0(36)) - Creating Metrics Registry : ratis.server.2c3d9932-485f-47f8-8613-8bedf6c861f7@group-2117576E5059
2020-12-30 01:57:21,084 [pool-317-thread-1] INFO  server.RaftServer$Division (RaftServerImpl.java:start(286)) - 2c3d9932-485f-47f8-8613-8bedf6c861f7@group-2117576E5059: start as a follower, conf=-1: [2c3d9932-485f-47f8-8613-8bedf6c861f7|rpc:172.17.0.2:36507], old=null
2020-12-30 01:57:21,084 [pool-317-thread-1] INFO  server.RaftServer$Division (RaftServerImpl.java:setRole(275)) - 2c3d9932-485f-47f8-8613-8bedf6c861f7@group-2117576E5059: changes role from      null to FOLLOWER at term 0 for startAsFollower
2020-12-30 01:57:21,084 [pool-317-thread-1] INFO  impl.RoleInfo (RoleInfo.java:updateAndGet(130)) - 2c3d9932-485f-47f8-8613-8bedf6c861f7: start 2c3d9932-485f-47f8-8613-8bedf6c861f7@group-2117576E5059-FollowerState
2020-12-30 01:57:21,084 [pool-317-thread-1] INFO  util.JmxRegister (JmxRegister.java:tryRegister(44)) - Successfully registered JMX Bean with object name Ratis:service=RaftServer,group=group-2117576E5059,id=2c3d9932-485f-47f8-8613-8bedf6c861f7
2020-12-30 01:57:21,084 [pool-317-thread-1] INFO  metrics.RatisMetrics (RatisMetrics.java:lambda$create$0(36)) - Creating Metrics Registry : ratis.state_machine.2c3d9932-485f-47f8-8613-8bedf6c861f7@group-2117576E5059
2020-12-30 01:57:21,085 [Command processor thread] INFO  commandhandler.CreatePipelineCommandHandler (CreatePipelineCommandHandler.java:handle(106)) - Created Pipeline RATIS ONE PipelineID=b4653daa-82c1-408f-b07a-2117576e5059.
2020-12-30 01:57:21,181 [EventQueue-PipelineReportForOneReplicaPipelineSafeModeRule] INFO  safemode.SCMSafeModeManager (SCMSafeModeManager.java:validateSafeModeExitRules(214)) - AtleastOneDatanodeReportedRule rule is successfully validated
2020-12-30 01:57:21,182 [EventQueue-OpenPipelineForHealthyPipelineSafeModeRule] INFO  safemode.SCMSafeModeManager (HealthyPipelineSafeModeRule.java:process(128)) - SCM in safe mode. Healthy pipelines reported count is 0, required healthy pipeline reported count is 1
2020-12-30 01:57:21,341 [EventQueue-OpenPipelineForHealthyPipelineSafeModeRule] INFO  safemode.SCMSafeModeManager (HealthyPipelineSafeModeRule.java:process(128)) - SCM in safe mode. Healthy pipelines reported count is 0, required healthy pipeline reported count is 1
2020-12-30 01:57:21,341 [EventQueue-PipelineReportForOneReplicaPipelineSafeModeRule] INFO  safemode.SCMSafeModeManager (SCMSafeModeManager.java:validateSafeModeExitRules(214)) - AtleastOneDatanodeReportedRule rule is successfully validated
2020-12-30 01:57:21,523 [EventQueue-OpenPipelineForHealthyPipelineSafeModeRule] INFO  safemode.SCMSafeModeManager (HealthyPipelineSafeModeRule.java:process(128)) - SCM in safe mode. Healthy pipelines reported count is 0, required healthy pipeline reported count is 1
2020-12-30 01:57:21,523 [EventQueue-PipelineReportForOneReplicaPipelineSafeModeRule] INFO  safemode.SCMSafeModeManager (SCMSafeModeManager.java:validateSafeModeExitRules(214)) - AtleastOneDatanodeReportedRule rule is successfully validated
2020-12-30 01:57:21,727 [EventQueue-PipelineReportForOneReplicaPipelineSafeModeRule] INFO  safemode.SCMSafeModeManager (SCMSafeModeManager.java:validateSafeModeExitRules(214)) - AtleastOneDatanodeReportedRule rule is successfully validated
2020-12-30 01:57:21,727 [EventQueue-OpenPipelineForHealthyPipelineSafeModeRule] INFO  safemode.SCMSafeModeManager (HealthyPipelineSafeModeRule.java:process(128)) - SCM in safe mode. Healthy pipelines reported count is 0, required healthy pipeline reported count is 1
2020-12-30 01:57:21,895 [EventQueue-OpenPipelineForHealthyPipelineSafeModeRule] INFO  safemode.SCMSafeModeManager (HealthyPipelineSafeModeRule.java:process(128)) - SCM in safe mode. Healthy pipelines reported count is 0, required healthy pipeline reported count is 1
2020-12-30 01:57:21,895 [EventQueue-PipelineReportForOneReplicaPipelineSafeModeRule] INFO  safemode.SCMSafeModeManager (SCMSafeModeManager.java:validateSafeModeExitRules(214)) - AtleastOneDatanodeReportedRule rule is successfully validated
2020-12-30 01:57:22,060 [Listener at 127.0.0.1/41627] INFO  ozone.MiniOzoneClusterImpl (MiniOzoneClusterImpl.java:lambda$waitForClusterToBeReady$0(178)) - Nodes are ready. Got 6 of 6 DN Heartbeats.
2020-12-30 01:57:22,061 [Listener at 127.0.0.1/41627] INFO  ozone.MiniOzoneClusterImpl (MiniOzoneClusterImpl.java:lambda$waitForClusterToBeReady$0(181)) - Waiting for cluster to exit safe mode
2020-12-30 01:57:22,069 [EventQueue-PipelineReportForOneReplicaPipelineSafeModeRule] INFO  safemode.SCMSafeModeManager (SCMSafeModeManager.java:validateSafeModeExitRules(214)) - AtleastOneDatanodeReportedRule rule is successfully validated
2020-12-30 01:57:22,069 [EventQueue-OpenPipelineForHealthyPipelineSafeModeRule] INFO  safemode.SCMSafeModeManager (HealthyPipelineSafeModeRule.java:process(128)) - SCM in safe mode. Healthy pipelines reported count is 0, required healthy pipeline reported count is 1
2020-12-30 01:57:22,181 [EventQueue-OpenPipelineForHealthyPipelineSafeModeRule] INFO  safemode.SCMSafeModeManager (HealthyPipelineSafeModeRule.java:process(128)) - SCM in safe mode. Healthy pipelines reported count is 0, required healthy pipeline reported count is 1
2020-12-30 01:57:22,181 [EventQueue-PipelineReportForOneReplicaPipelineSafeModeRule] INFO  safemode.SCMSafeModeManager (SCMSafeModeManager.java:validateSafeModeExitRules(214)) - AtleastOneDatanodeReportedRule rule is successfully validated
2020-12-30 01:57:22,341 [EventQueue-PipelineReportForOneReplicaPipelineSafeModeRule] INFO  safemode.SCMSafeModeManager (SCMSafeModeManager.java:validateSafeModeExitRules(214)) - AtleastOneDatanodeReportedRule rule is successfully validated
2020-12-30 01:57:22,341 [EventQueue-OpenPipelineForHealthyPipelineSafeModeRule] INFO  safemode.SCMSafeModeManager (HealthyPipelineSafeModeRule.java:process(128)) - SCM in safe mode. Healthy pipelines reported count is 0, required healthy pipeline reported count is 1
2020-12-30 01:57:22,523 [EventQueue-OpenPipelineForHealthyPipelineSafeModeRule] INFO  safemode.SCMSafeModeManager (HealthyPipelineSafeModeRule.java:process(128)) - SCM in safe mode. Healthy pipelines reported count is 0, required healthy pipeline reported count is 1
2020-12-30 01:57:22,524 [EventQueue-PipelineReportForOneReplicaPipelineSafeModeRule] INFO  safemode.SCMSafeModeManager (SCMSafeModeManager.java:validateSafeModeExitRules(214)) - AtleastOneDatanodeReportedRule rule is successfully validated
2020-12-30 01:57:22,727 [EventQueue-PipelineReportForOneReplicaPipelineSafeModeRule] INFO  safemode.SCMSafeModeManager (SCMSafeModeManager.java:validateSafeModeExitRules(214)) - AtleastOneDatanodeReportedRule rule is successfully validated
2020-12-30 01:57:22,727 [EventQueue-OpenPipelineForHealthyPipelineSafeModeRule] INFO  safemode.SCMSafeModeManager (HealthyPipelineSafeModeRule.java:process(128)) - SCM in safe mode. Healthy pipelines reported count is 0, required healthy pipeline reported count is 1
2020-12-30 01:57:22,895 [EventQueue-OpenPipelineForHealthyPipelineSafeModeRule] INFO  safemode.SCMSafeModeManager (HealthyPipelineSafeModeRule.java:process(128)) - SCM in safe mode. Healthy pipelines reported count is 0, required healthy pipeline reported count is 1
2020-12-30 01:57:22,895 [EventQueue-PipelineReportForOneReplicaPipelineSafeModeRule] INFO  safemode.SCMSafeModeManager (SCMSafeModeManager.java:validateSafeModeExitRules(214)) - AtleastOneDatanodeReportedRule rule is successfully validated
2020-12-30 01:57:23,061 [Listener at 127.0.0.1/41627] INFO  ozone.MiniOzoneClusterImpl (MiniOzoneClusterImpl.java:lambda$waitForClusterToBeReady$0(178)) - Nodes are ready. Got 6 of 6 DN Heartbeats.
2020-12-30 01:57:23,061 [Listener at 127.0.0.1/41627] INFO  ozone.MiniOzoneClusterImpl (MiniOzoneClusterImpl.java:lambda$waitForClusterToBeReady$0(181)) - Waiting for cluster to exit safe mode
2020-12-30 01:57:23,068 [EventQueue-PipelineReportForOneReplicaPipelineSafeModeRule] INFO  safemode.SCMSafeModeManager (SCMSafeModeManager.java:validateSafeModeExitRules(214)) - AtleastOneDatanodeReportedRule rule is successfully validated
2020-12-30 01:57:23,069 [EventQueue-OpenPipelineForHealthyPipelineSafeModeRule] INFO  safemode.SCMSafeModeManager (HealthyPipelineSafeModeRule.java:process(128)) - SCM in safe mode. Healthy pipelines reported count is 0, required healthy pipeline reported count is 1
2020-12-30 01:57:23,181 [EventQueue-OpenPipelineForHealthyPipelineSafeModeRule] INFO  safemode.SCMSafeModeManager (HealthyPipelineSafeModeRule.java:process(128)) - SCM in safe mode. Healthy pipelines reported count is 0, required healthy pipeline reported count is 1
2020-12-30 01:57:23,181 [EventQueue-PipelineReportForOneReplicaPipelineSafeModeRule] INFO  safemode.SCMSafeModeManager (SCMSafeModeManager.java:validateSafeModeExitRules(214)) - AtleastOneDatanodeReportedRule rule is successfully validated
2020-12-30 01:57:23,342 [EventQueue-PipelineReportForOneReplicaPipelineSafeModeRule] INFO  safemode.SCMSafeModeManager (SCMSafeModeManager.java:validateSafeModeExitRules(214)) - AtleastOneDatanodeReportedRule rule is successfully validated
2020-12-30 01:57:23,342 [EventQueue-OpenPipelineForHealthyPipelineSafeModeRule] INFO  safemode.SCMSafeModeManager (HealthyPipelineSafeModeRule.java:process(128)) - SCM in safe mode. Healthy pipelines reported count is 0, required healthy pipeline reported count is 1
2020-12-30 01:57:23,524 [EventQueue-PipelineReportForOneReplicaPipelineSafeModeRule] INFO  safemode.SCMSafeModeManager (SCMSafeModeManager.java:validateSafeModeExitRules(214)) - AtleastOneDatanodeReportedRule rule is successfully validated
2020-12-30 01:57:23,524 [EventQueue-OpenPipelineForHealthyPipelineSafeModeRule] INFO  safemode.SCMSafeModeManager (HealthyPipelineSafeModeRule.java:process(128)) - SCM in safe mode. Healthy pipelines reported count is 0, required healthy pipeline reported count is 1
2020-12-30 01:57:23,727 [EventQueue-PipelineReportForOneReplicaPipelineSafeModeRule] INFO  safemode.SCMSafeModeManager (SCMSafeModeManager.java:validateSafeModeExitRules(214)) - AtleastOneDatanodeReportedRule rule is successfully validated
2020-12-30 01:57:23,727 [EventQueue-OpenPipelineForHealthyPipelineSafeModeRule] INFO  safemode.SCMSafeModeManager (HealthyPipelineSafeModeRule.java:process(128)) - SCM in safe mode. Healthy pipelines reported count is 0, required healthy pipeline reported count is 1
2020-12-30 01:57:23,895 [EventQueue-PipelineReportForOneReplicaPipelineSafeModeRule] INFO  safemode.SCMSafeModeManager (SCMSafeModeManager.java:validateSafeModeExitRules(214)) - AtleastOneDatanodeReportedRule rule is successfully validated
2020-12-30 01:57:23,895 [EventQueue-OpenPipelineForHealthyPipelineSafeModeRule] INFO  safemode.SCMSafeModeManager (HealthyPipelineSafeModeRule.java:process(128)) - SCM in safe mode. Healthy pipelines reported count is 0, required healthy pipeline reported count is 1
2020-12-30 01:57:24,062 [Listener at 127.0.0.1/41627] INFO  ozone.MiniOzoneClusterImpl (MiniOzoneClusterImpl.java:lambda$waitForClusterToBeReady$0(178)) - Nodes are ready. Got 6 of 6 DN Heartbeats.
2020-12-30 01:57:24,062 [Listener at 127.0.0.1/41627] INFO  ozone.MiniOzoneClusterImpl (MiniOzoneClusterImpl.java:lambda$waitForClusterToBeReady$0(181)) - Waiting for cluster to exit safe mode
2020-12-30 01:57:24,069 [EventQueue-PipelineReportForOneReplicaPipelineSafeModeRule] INFO  safemode.SCMSafeModeManager (SCMSafeModeManager.java:validateSafeModeExitRules(214)) - AtleastOneDatanodeReportedRule rule is successfully validated
2020-12-30 01:57:24,070 [EventQueue-OpenPipelineForHealthyPipelineSafeModeRule] INFO  safemode.SCMSafeModeManager (HealthyPipelineSafeModeRule.java:process(128)) - SCM in safe mode. Healthy pipelines reported count is 0, required healthy pipeline reported count is 1
2020-12-30 01:57:24,181 [EventQueue-PipelineReportForOneReplicaPipelineSafeModeRule] INFO  safemode.SCMSafeModeManager (SCMSafeModeManager.java:validateSafeModeExitRules(214)) - AtleastOneDatanodeReportedRule rule is successfully validated
2020-12-30 01:57:24,181 [EventQueue-OpenPipelineForHealthyPipelineSafeModeRule] INFO  safemode.SCMSafeModeManager (HealthyPipelineSafeModeRule.java:process(128)) - SCM in safe mode. Healthy pipelines reported count is 0, required healthy pipeline reported count is 1
2020-12-30 01:57:24,342 [EventQueue-PipelineReportForOneReplicaPipelineSafeModeRule] INFO  safemode.SCMSafeModeManager (SCMSafeModeManager.java:validateSafeModeExitRules(214)) - AtleastOneDatanodeReportedRule rule is successfully validated
2020-12-30 01:57:24,342 [EventQueue-OpenPipelineForHealthyPipelineSafeModeRule] INFO  safemode.SCMSafeModeManager (HealthyPipelineSafeModeRule.java:process(128)) - SCM in safe mode. Healthy pipelines reported count is 0, required healthy pipeline reported count is 1
2020-12-30 01:57:24,524 [EventQueue-PipelineReportForOneReplicaPipelineSafeModeRule] INFO  safemode.SCMSafeModeManager (SCMSafeModeManager.java:validateSafeModeExitRules(214)) - AtleastOneDatanodeReportedRule rule is successfully validated
2020-12-30 01:57:24,524 [EventQueue-OpenPipelineForHealthyPipelineSafeModeRule] INFO  safemode.SCMSafeModeManager (HealthyPipelineSafeModeRule.java:process(128)) - SCM in safe mode. Healthy pipelines reported count is 0, required healthy pipeline reported count is 1
2020-12-30 01:57:24,727 [EventQueue-PipelineReportForOneReplicaPipelineSafeModeRule] INFO  safemode.SCMSafeModeManager (SCMSafeModeManager.java:validateSafeModeExitRules(214)) - AtleastOneDatanodeReportedRule rule is successfully validated
2020-12-30 01:57:24,727 [EventQueue-OpenPipelineForHealthyPipelineSafeModeRule] INFO  safemode.SCMSafeModeManager (HealthyPipelineSafeModeRule.java:process(128)) - SCM in safe mode. Healthy pipelines reported count is 0, required healthy pipeline reported count is 1
2020-12-30 01:57:24,894 [EventQueue-PipelineReportForOneReplicaPipelineSafeModeRule] INFO  safemode.SCMSafeModeManager (SCMSafeModeManager.java:validateSafeModeExitRules(214)) - AtleastOneDatanodeReportedRule rule is successfully validated
2020-12-30 01:57:24,895 [EventQueue-OpenPipelineForHealthyPipelineSafeModeRule] INFO  safemode.SCMSafeModeManager (HealthyPipelineSafeModeRule.java:process(128)) - SCM in safe mode. Healthy pipelines reported count is 0, required healthy pipeline reported count is 1
2020-12-30 01:57:25,063 [Listener at 127.0.0.1/41627] INFO  ozone.MiniOzoneClusterImpl (MiniOzoneClusterImpl.java:lambda$waitForClusterToBeReady$0(178)) - Nodes are ready. Got 6 of 6 DN Heartbeats.
2020-12-30 01:57:25,063 [Listener at 127.0.0.1/41627] INFO  ozone.MiniOzoneClusterImpl (MiniOzoneClusterImpl.java:lambda$waitForClusterToBeReady$0(181)) - Waiting for cluster to exit safe mode
2020-12-30 01:57:25,069 [EventQueue-OpenPipelineForHealthyPipelineSafeModeRule] INFO  safemode.SCMSafeModeManager (HealthyPipelineSafeModeRule.java:process(128)) - SCM in safe mode. Healthy pipelines reported count is 0, required healthy pipeline reported count is 1
2020-12-30 01:57:25,069 [EventQueue-PipelineReportForOneReplicaPipelineSafeModeRule] INFO  safemode.SCMSafeModeManager (SCMSafeModeManager.java:validateSafeModeExitRules(214)) - AtleastOneDatanodeReportedRule rule is successfully validated
2020-12-30 01:57:25,181 [EventQueue-PipelineReportForOneReplicaPipelineSafeModeRule] INFO  safemode.SCMSafeModeManager (SCMSafeModeManager.java:validateSafeModeExitRules(214)) - AtleastOneDatanodeReportedRule rule is successfully validated
2020-12-30 01:57:25,181 [EventQueue-OpenPipelineForHealthyPipelineSafeModeRule] INFO  safemode.SCMSafeModeManager (HealthyPipelineSafeModeRule.java:process(128)) - SCM in safe mode. Healthy pipelines reported count is 0, required healthy pipeline reported count is 1
2020-12-30 01:57:25,229 [Thread-817] INFO  impl.FollowerState (FollowerState.java:run(133)) - 52321763-3f6c-4ae6-8c1d-9758e235c7cc@group-E045E13AE944-FollowerState: change to CANDIDATE, lastRpcElapsedTime:5057080057ns, electionTimeout:5052ms
2020-12-30 01:57:25,230 [Thread-817] INFO  impl.RoleInfo (RoleInfo.java:shutdownFollowerState(108)) - 52321763-3f6c-4ae6-8c1d-9758e235c7cc: shutdown 52321763-3f6c-4ae6-8c1d-9758e235c7cc@group-E045E13AE944-FollowerState
2020-12-30 01:57:25,230 [Thread-817] INFO  server.RaftServer$Division (RaftServerImpl.java:setRole(275)) - 52321763-3f6c-4ae6-8c1d-9758e235c7cc@group-E045E13AE944: changes role from  FOLLOWER to CANDIDATE at term 0 for changeToCandidate
2020-12-30 01:57:25,230 [Thread-817] INFO  impl.RoleInfo (RoleInfo.java:updateAndGet(130)) - 52321763-3f6c-4ae6-8c1d-9758e235c7cc: start 52321763-3f6c-4ae6-8c1d-9758e235c7cc@group-E045E13AE944-LeaderElection9
2020-12-30 01:57:25,234 [52321763-3f6c-4ae6-8c1d-9758e235c7cc@group-E045E13AE944-LeaderElection9] INFO  impl.LeaderElection (LeaderElection.java:askForVotes(219)) - 52321763-3f6c-4ae6-8c1d-9758e235c7cc@group-E045E13AE944-LeaderElection9: begin an election at term 1 for -1: [52321763-3f6c-4ae6-8c1d-9758e235c7cc|rpc:172.17.0.2:44999], old=null
2020-12-30 01:57:25,234 [52321763-3f6c-4ae6-8c1d-9758e235c7cc@group-E045E13AE944-LeaderElection9] INFO  impl.RoleInfo (RoleInfo.java:shutdownLeaderElection(121)) - 52321763-3f6c-4ae6-8c1d-9758e235c7cc: shutdown 52321763-3f6c-4ae6-8c1d-9758e235c7cc@group-E045E13AE944-LeaderElection9
2020-12-30 01:57:25,234 [52321763-3f6c-4ae6-8c1d-9758e235c7cc@group-E045E13AE944-LeaderElection9] INFO  server.RaftServer$Division (RaftServerImpl.java:setRole(275)) - 52321763-3f6c-4ae6-8c1d-9758e235c7cc@group-E045E13AE944: changes role from CANDIDATE to LEADER at term 1 for changeToLeader
2020-12-30 01:57:25,234 [52321763-3f6c-4ae6-8c1d-9758e235c7cc@group-E045E13AE944-LeaderElection9] INFO  ratis.XceiverServerRatis (XceiverServerRatis.java:handleLeaderChangedNotification(862)) - Leader change notification received for group: group-E045E13AE944 with new leaderId: 52321763-3f6c-4ae6-8c1d-9758e235c7cc
2020-12-30 01:57:25,234 [52321763-3f6c-4ae6-8c1d-9758e235c7cc@group-E045E13AE944-LeaderElection9] INFO  server.RaftServer$Division (ServerState.java:setLeader(258)) - 52321763-3f6c-4ae6-8c1d-9758e235c7cc@group-E045E13AE944: change Leader from null to 52321763-3f6c-4ae6-8c1d-9758e235c7cc at term 1 for becomeLeader, leader elected after 5074ms
2020-12-30 01:57:25,236 [52321763-3f6c-4ae6-8c1d-9758e235c7cc@group-E045E13AE944-LeaderElection9] INFO  server.RaftServerConfigKeys (ConfUtils.java:logGet(44)) - raft.server.staging.catchup.gap = 1000 (default)
2020-12-30 01:57:25,236 [52321763-3f6c-4ae6-8c1d-9758e235c7cc@group-E045E13AE944-LeaderElection9] INFO  metrics.RatisMetrics (RatisMetrics.java:lambda$create$0(36)) - Creating Metrics Registry : ratis.log_appender.52321763-3f6c-4ae6-8c1d-9758e235c7cc@group-E045E13AE944
2020-12-30 01:57:25,236 [52321763-3f6c-4ae6-8c1d-9758e235c7cc@group-E045E13AE944-LeaderElection9] INFO  server.RaftServerConfigKeys (ConfUtils.java:logGet(44)) - raft.server.write.element-limit = 1024 (custom)
2020-12-30 01:57:25,236 [EventQueue-PipelineReportForOneReplicaPipelineSafeModeRule] INFO  safemode.SCMSafeModeManager (SCMSafeModeManager.java:validateSafeModeExitRules(214)) - AtleastOneDatanodeReportedRule rule is successfully validated
2020-12-30 01:57:25,237 [EventQueue-OpenPipelineForHealthyPipelineSafeModeRule] INFO  safemode.SCMSafeModeManager (HealthyPipelineSafeModeRule.java:process(128)) - SCM in safe mode. Healthy pipelines reported count is 0, required healthy pipeline reported count is 1
2020-12-30 01:57:25,237 [52321763-3f6c-4ae6-8c1d-9758e235c7cc@group-E045E13AE944-LeaderElection9] INFO  server.RaftServerConfigKeys (ConfUtils.java:logGet(44)) - raft.server.write.byte-limit = 1073741824 (custom)
2020-12-30 01:57:25,238 [52321763-3f6c-4ae6-8c1d-9758e235c7cc@group-E045E13AE944-LeaderElection9] INFO  server.RaftServerConfigKeys (ConfUtils.java:logGet(44)) - raft.server.watch.timeout = 180s (custom)
2020-12-30 01:57:25,238 [52321763-3f6c-4ae6-8c1d-9758e235c7cc@group-E045E13AE944-LeaderElection9] INFO  server.RaftServerConfigKeys (ConfUtils.java:logGet(44)) - raft.server.watch.timeout.denomination = 1s (default)
2020-12-30 01:57:25,238 [52321763-3f6c-4ae6-8c1d-9758e235c7cc@group-E045E13AE944-LeaderElection9] INFO  server.RaftServerConfigKeys (ConfUtils.java:logGet(44)) - raft.server.watch.element-limit = 65536 (default)
2020-12-30 01:57:25,238 [52321763-3f6c-4ae6-8c1d-9758e235c7cc@group-E045E13AE944-LeaderElection9] INFO  impl.RoleInfo (RoleInfo.java:updateAndGet(130)) - 52321763-3f6c-4ae6-8c1d-9758e235c7cc: start 52321763-3f6c-4ae6-8c1d-9758e235c7cc@group-E045E13AE944-LeaderStateImpl
2020-12-30 01:57:25,238 [52321763-3f6c-4ae6-8c1d-9758e235c7cc@group-E045E13AE944-LeaderElection9] INFO  segmented.SegmentedRaftLogWorker (SegmentedRaftLogWorker.java:startLogSegment(392)) - 52321763-3f6c-4ae6-8c1d-9758e235c7cc@group-E045E13AE944-SegmentedRaftLogWorker: Starting segment from index:0
2020-12-30 01:57:25,239 [52321763-3f6c-4ae6-8c1d-9758e235c7cc@group-E045E13AE944-LeaderElection9] INFO  server.RaftServer$Division (ServerState.java:setRaftConf(374)) - 52321763-3f6c-4ae6-8c1d-9758e235c7cc@group-E045E13AE944: set configuration 0: [52321763-3f6c-4ae6-8c1d-9758e235c7cc|rpc:172.17.0.2:44999|dataStream:], old=null at 0
2020-12-30 01:57:25,240 [52321763-3f6c-4ae6-8c1d-9758e235c7cc@group-E045E13AE944-SegmentedRaftLogWorker] INFO  segmented.SegmentedRaftLogWorker (SegmentedRaftLogWorker.java:execute(599)) - 52321763-3f6c-4ae6-8c1d-9758e235c7cc@group-E045E13AE944-SegmentedRaftLogWorker: created new log segment /github/workspace/mnt/ozone/hadoop-ozone/integration-test/target/test-dir/MiniOzoneClusterImpl-885a2ac6-dd28-4da4-9cce-7871c001d77b/datanode-0/data/ratis/13d0a315-324b-4f34-ba7d-e045e13ae944/current/log_inprogress_0
2020-12-30 01:57:25,262 [Thread-824] INFO  impl.FollowerState (FollowerState.java:run(133)) - 3ab91bad-9694-4126-92ff-ecec9fe4c4aa@group-A25ABE508CB7-FollowerState: change to CANDIDATE, lastRpcElapsedTime:5026230805ns, electionTimeout:5021ms
2020-12-30 01:57:25,263 [Thread-824] INFO  impl.RoleInfo (RoleInfo.java:shutdownFollowerState(108)) - 3ab91bad-9694-4126-92ff-ecec9fe4c4aa: shutdown 3ab91bad-9694-4126-92ff-ecec9fe4c4aa@group-A25ABE508CB7-FollowerState
2020-12-30 01:57:25,263 [Thread-824] INFO  server.RaftServer$Division (RaftServerImpl.java:setRole(275)) - 3ab91bad-9694-4126-92ff-ecec9fe4c4aa@group-A25ABE508CB7: changes role from  FOLLOWER to CANDIDATE at term 0 for changeToCandidate
2020-12-30 01:57:25,263 [Thread-824] INFO  impl.RoleInfo (RoleInfo.java:updateAndGet(130)) - 3ab91bad-9694-4126-92ff-ecec9fe4c4aa: start 3ab91bad-9694-4126-92ff-ecec9fe4c4aa@group-A25ABE508CB7-LeaderElection10
2020-12-30 01:57:25,266 [3ab91bad-9694-4126-92ff-ecec9fe4c4aa@group-A25ABE508CB7-LeaderElection10] INFO  impl.LeaderElection (LeaderElection.java:askForVotes(219)) - 3ab91bad-9694-4126-92ff-ecec9fe4c4aa@group-A25ABE508CB7-LeaderElection10: begin an election at term 1 for -1: [3ab91bad-9694-4126-92ff-ecec9fe4c4aa|rpc:172.17.0.2:43043|dataStream:, 52321763-3f6c-4ae6-8c1d-9758e235c7cc|rpc:172.17.0.2:44999|dataStream:, e4eaa117-0301-47df-aa31-ee25e619f23c|rpc:172.17.0.2:34769|dataStream:], old=null
2020-12-30 01:57:25,272 [grpc-default-executor-0] INFO  metrics.RatisMetrics (RatisMetrics.java:lambda$create$0(36)) - Creating Metrics Registry : ratis.server_message_metrics.52321763-3f6c-4ae6-8c1d-9758e235c7cc
2020-12-30 01:57:25,278 [grpc-default-executor-0] INFO  server.RaftServer$Division (RaftServerImpl.java:setRole(275)) - 52321763-3f6c-4ae6-8c1d-9758e235c7cc@group-A25ABE508CB7: changes role from  FOLLOWER to FOLLOWER at term 1 for recognizeCandidate:3ab91bad-9694-4126-92ff-ecec9fe4c4aa
2020-12-30 01:57:25,278 [grpc-default-executor-0] INFO  impl.RoleInfo (RoleInfo.java:shutdownFollowerState(108)) - 52321763-3f6c-4ae6-8c1d-9758e235c7cc: shutdown 52321763-3f6c-4ae6-8c1d-9758e235c7cc@group-A25ABE508CB7-FollowerState
2020-12-30 01:57:25,278 [grpc-default-executor-0] INFO  impl.RoleInfo (RoleInfo.java:updateAndGet(130)) - 52321763-3f6c-4ae6-8c1d-9758e235c7cc: start 52321763-3f6c-4ae6-8c1d-9758e235c7cc@group-A25ABE508CB7-FollowerState
2020-12-30 01:57:25,278 [Thread-819] INFO  impl.FollowerState (FollowerState.java:run(142)) - 52321763-3f6c-4ae6-8c1d-9758e235c7cc@group-A25ABE508CB7-FollowerState was interrupted: {}
java.lang.InterruptedException: sleep interrupted
	at java.lang.Thread.sleep(Native Method)
	at java.lang.Thread.sleep(Thread.java:340)
	at java.util.concurrent.TimeUnit.sleep(TimeUnit.java:386)
	at org.apache.ratis.util.TimeDuration.sleep(TimeDuration.java:319)
	at org.apache.ratis.util.TimeDuration.sleep(TimeDuration.java:304)
	at org.apache.ratis.server.impl.FollowerState.run(FollowerState.java:117)
2020-12-30 01:57:25,278 [grpc-default-executor-0] INFO  server.RaftServer$Division (RaftServerImpl.java:requestVote(983)) -  FOLLOWER 52321763-3f6c-4ae6-8c1d-9758e235c7cc@group-A25ABE508CB7:t1, leader=null, voted=null, raftlog=52321763-3f6c-4ae6-8c1d-9758e235c7cc@group-A25ABE508CB7-SegmentedRaftLog:OPENED:c-1,f-1,i0, conf=-1: [3ab91bad-9694-4126-92ff-ecec9fe4c4aa|rpc:172.17.0.2:43043, 52321763-3f6c-4ae6-8c1d-9758e235c7cc|rpc:172.17.0.2:44999, e4eaa117-0301-47df-aa31-ee25e619f23c|rpc:172.17.0.2:34769], old=null RUNNING priority:0 candidate:3ab91bad-9694-4126-92ff-ecec9fe4c4aa|rpc:172.17.0.2:43043 candidatePriority:0 compare:0
2020-12-30 01:57:25,290 [3ab91bad-9694-4126-92ff-ecec9fe4c4aa@group-A25ABE508CB7-LeaderElection10] INFO  impl.LeaderElection (LeaderElection.java:logAndReturn(68)) - 3ab91bad-9694-4126-92ff-ecec9fe4c4aa@group-A25ABE508CB7-LeaderElection10: Election PASSED; received 1 response(s) [3ab91bad-9694-4126-92ff-ecec9fe4c4aa<-52321763-3f6c-4ae6-8c1d-9758e235c7cc#0:OK-t1] and 0 exception(s); 3ab91bad-9694-4126-92ff-ecec9fe4c4aa@group-A25ABE508CB7:t1, leader=null, voted=3ab91bad-9694-4126-92ff-ecec9fe4c4aa, raftlog=3ab91bad-9694-4126-92ff-ecec9fe4c4aa@group-A25ABE508CB7-SegmentedRaftLog:OPENED:c-1,f-1,i0, conf=-1: [3ab91bad-9694-4126-92ff-ecec9fe4c4aa|rpc:172.17.0.2:43043|dataStream:, 52321763-3f6c-4ae6-8c1d-9758e235c7cc|rpc:172.17.0.2:44999|dataStream:, e4eaa117-0301-47df-aa31-ee25e619f23c|rpc:172.17.0.2:34769|dataStream:], old=null
2020-12-30 01:57:25,290 [3ab91bad-9694-4126-92ff-ecec9fe4c4aa@group-A25ABE508CB7-LeaderElection10] INFO  impl.RoleInfo (RoleInfo.java:shutdownLeaderElection(121)) - 3ab91bad-9694-4126-92ff-ecec9fe4c4aa: shutdown 3ab91bad-9694-4126-92ff-ecec9fe4c4aa@group-A25ABE508CB7-LeaderElection10
2020-12-30 01:57:25,290 [3ab91bad-9694-4126-92ff-ecec9fe4c4aa@group-A25ABE508CB7-LeaderElection10] INFO  server.RaftServer$Division (RaftServerImpl.java:setRole(275)) - 3ab91bad-9694-4126-92ff-ecec9fe4c4aa@group-A25ABE508CB7: changes role from CANDIDATE to LEADER at term 1 for changeToLeader
2020-12-30 01:57:25,290 [3ab91bad-9694-4126-92ff-ecec9fe4c4aa@group-A25ABE508CB7-LeaderElection10] INFO  ratis.XceiverServerRatis (XceiverServerRatis.java:handleLeaderChangedNotification(862)) - Leader change notification received for group: group-A25ABE508CB7 with new leaderId: 3ab91bad-9694-4126-92ff-ecec9fe4c4aa
2020-12-30 01:57:25,290 [3ab91bad-9694-4126-92ff-ecec9fe4c4aa@group-A25ABE508CB7-LeaderElection10] INFO  server.RaftServer$Division (ServerState.java:setLeader(258)) - 3ab91bad-9694-4126-92ff-ecec9fe4c4aa@group-A25ABE508CB7: change Leader from null to 3ab91bad-9694-4126-92ff-ecec9fe4c4aa at term 1 for becomeLeader, leader elected after 5060ms
2020-12-30 01:57:25,291 [EventQueue-PipelineReportForOneReplicaPipelineSafeModeRule] INFO  safemode.SCMSafeModeManager (SCMSafeModeManager.java:validateSafeModeExitRules(214)) - AtleastOneDatanodeReportedRule rule is successfully validated
2020-12-30 01:57:25,292 [3ab91bad-9694-4126-92ff-ecec9fe4c4aa@group-A25ABE508CB7-LeaderElection10] INFO  server.RaftServerConfigKeys (ConfUtils.java:logGet(44)) - raft.server.staging.catchup.gap = 1000 (default)
2020-12-30 01:57:25,293 [grpc-default-executor-0] INFO  server.RaftServer$Division (RaftServerImpl.java:setRole(275)) - e4eaa117-0301-47df-aa31-ee25e619f23c@group-A25ABE508CB7: changes role from  FOLLOWER to FOLLOWER at term 1 for recognizeCandidate:3ab91bad-9694-4126-92ff-ecec9fe4c4aa
2020-12-30 01:57:25,293 [grpc-default-executor-0] INFO  impl.RoleInfo (RoleInfo.java:shutdownFollowerState(108)) - e4eaa117-0301-47df-aa31-ee25e619f23c: shutdown e4eaa117-0301-47df-aa31-ee25e619f23c@group-A25ABE508CB7-FollowerState
2020-12-30 01:57:25,293 [grpc-default-executor-0] INFO  impl.RoleInfo (RoleInfo.java:updateAndGet(130)) - e4eaa117-0301-47df-aa31-ee25e619f23c: start e4eaa117-0301-47df-aa31-ee25e619f23c@group-A25ABE508CB7-FollowerState
2020-12-30 01:57:25,293 [Thread-821] INFO  impl.FollowerState (FollowerState.java:run(142)) - e4eaa117-0301-47df-aa31-ee25e619f23c@group-A25ABE508CB7-FollowerState was interrupted: {}
java.lang.InterruptedException: sleep interrupted
	at java.lang.Thread.sleep(Native Method)
	at java.lang.Thread.sleep(Thread.java:340)
	at java.util.concurrent.TimeUnit.sleep(TimeUnit.java:386)
	at org.apache.ratis.util.TimeDuration.sleep(TimeDuration.java:319)
	at org.apache.ratis.util.TimeDuration.sleep(TimeDuration.java:304)
	at org.apache.ratis.server.impl.FollowerState.run(FollowerState.java:117)
2020-12-30 01:57:25,291 [EventQueue-PipelineReportForPipelineReportHandler] INFO  pipeline.PipelineStateManager (PipelineStateManager.java:openPipeline(132)) - Pipeline Pipeline[ Id: f5144d4e-4954-47c8-8078-a25abe508cb7, Nodes: e4eaa117-0301-47df-aa31-ee25e619f23c{ip: 172.17.0.2, host: e0a7f95c34ff, networkLocation: /default-rack, certSerialId: null, persistedOpState: IN_SERVICE, persistedOpStateExpiryEpochSec: 0}52321763-3f6c-4ae6-8c1d-9758e235c7cc{ip: 172.17.0.2, host: e0a7f95c34ff, networkLocation: /default-rack, certSerialId: null, persistedOpState: IN_SERVICE, persistedOpStateExpiryEpochSec: 0}3ab91bad-9694-4126-92ff-ecec9fe4c4aa{ip: 172.17.0.2, host: e0a7f95c34ff, networkLocation: /default-rack, certSerialId: null, persistedOpState: IN_SERVICE, persistedOpStateExpiryEpochSec: 0}, Type:RATIS, Factor:THREE, State:ALLOCATED, leaderId:3ab91bad-9694-4126-92ff-ecec9fe4c4aa, CreationTimestamp2020-12-30T01:57:17.518Z] moved to OPEN state
2020-12-30 01:57:25,293 [grpc-default-executor-0] INFO  server.RaftServer$Division (RaftServerImpl.java:requestVote(983)) -  FOLLOWER e4eaa117-0301-47df-aa31-ee25e619f23c@group-A25ABE508CB7:t1, leader=null, voted=null, raftlog=e4eaa117-0301-47df-aa31-ee25e619f23c@group-A25ABE508CB7-SegmentedRaftLog:OPENED:c-1,f-1,i0, conf=-1: [3ab91bad-9694-4126-92ff-ecec9fe4c4aa|rpc:172.17.0.2:43043|dataStream:, 52321763-3f6c-4ae6-8c1d-9758e235c7cc|rpc:172.17.0.2:44999|dataStream:, e4eaa117-0301-47df-aa31-ee25e619f23c|rpc:172.17.0.2:34769|dataStream:], old=null RUNNING priority:0 candidate:3ab91bad-9694-4126-92ff-ecec9fe4c4aa|rpc:172.17.0.2:43043|dataStream: candidatePriority:0 compare:0
2020-12-30 01:57:25,293 [EventQueue-OpenPipelineForHealthyPipelineSafeModeRule] INFO  safemode.SCMSafeModeManager (HealthyPipelineSafeModeRule.java:process(128)) - SCM in safe mode. Healthy pipelines reported count is 1, required healthy pipeline reported count is 1
2020-12-30 01:57:25,295 [EventQueue-OpenPipelineForHealthyPipelineSafeModeRule] INFO  safemode.SCMSafeModeManager (SCMSafeModeManager.java:validateSafeModeExitRules(214)) - HealthyPipelineSafeModeRule rule is successfully validated
2020-12-30 01:57:25,295 [EventQueue-OpenPipelineForHealthyPipelineSafeModeRule] INFO  safemode.SCMSafeModeManager (SCMSafeModeManager.java:validateSafeModeExitRules(228)) - ScmSafeModeManager, all rules are successfully validated
2020-12-30 01:57:25,295 [EventQueue-OpenPipelineForHealthyPipelineSafeModeRule] INFO  safemode.SCMSafeModeManager (SCMSafeModeManager.java:exitSafeMode(257)) - SCM exiting safe mode.
2020-12-30 01:57:25,293 [3ab91bad-9694-4126-92ff-ecec9fe4c4aa@group-A25ABE508CB7-LeaderElection10] INFO  metrics.RatisMetrics (RatisMetrics.java:lambda$create$0(36)) - Creating Metrics Registry : ratis.log_appender.3ab91bad-9694-4126-92ff-ecec9fe4c4aa@group-A25ABE508CB7
2020-12-30 01:57:25,306 [3ab91bad-9694-4126-92ff-ecec9fe4c4aa@group-A25ABE508CB7-LeaderElection10] INFO  server.RaftServerConfigKeys (ConfUtils.java:logGet(44)) - raft.server.write.element-limit = 1024 (custom)
2020-12-30 01:57:25,306 [3ab91bad-9694-4126-92ff-ecec9fe4c4aa@group-A25ABE508CB7-LeaderElection10] INFO  server.RaftServerConfigKeys (ConfUtils.java:logGet(44)) - raft.server.write.byte-limit = 1073741824 (custom)
2020-12-30 01:57:25,306 [3ab91bad-9694-4126-92ff-ecec9fe4c4aa@group-A25ABE508CB7-LeaderElection10] INFO  server.RaftServerConfigKeys (ConfUtils.java:logGet(44)) - raft.server.watch.timeout = 180s (custom)
2020-12-30 01:57:25,306 [3ab91bad-9694-4126-92ff-ecec9fe4c4aa@group-A25ABE508CB7-LeaderElection10] INFO  server.RaftServerConfigKeys (ConfUtils.java:logGet(44)) - raft.server.watch.timeout.denomination = 1s (default)
2020-12-30 01:57:25,306 [3ab91bad-9694-4126-92ff-ecec9fe4c4aa@group-A25ABE508CB7-LeaderElection10] INFO  server.RaftServerConfigKeys (ConfUtils.java:logGet(44)) - raft.server.watch.element-limit = 65536 (default)
2020-12-30 01:57:25,306 [3ab91bad-9694-4126-92ff-ecec9fe4c4aa@group-A25ABE508CB7-LeaderElection10] INFO  server.RaftServerConfigKeys (ConfUtils.java:logGet(44)) - raft.server.log.appender.snapshot.chunk.size.max = 16MB (=16777216) (default)
2020-12-30 01:57:25,306 [3ab91bad-9694-4126-92ff-ecec9fe4c4aa@group-A25ABE508CB7-LeaderElection10] INFO  server.RaftServerConfigKeys (ConfUtils.java:logGet(44)) - raft.server.log.appender.buffer.byte-limit = 33554432 (custom)
2020-12-30 01:57:25,306 [3ab91bad-9694-4126-92ff-ecec9fe4c4aa@group-A25ABE508CB7-LeaderElection10] INFO  server.RaftServerConfigKeys (ConfUtils.java:logGet(44)) - raft.server.log.appender.buffer.element-limit = 1 (custom)
2020-12-30 01:57:25,306 [3ab91bad-9694-4126-92ff-ecec9fe4c4aa@group-A25ABE508CB7-LeaderElection10] INFO  grpc.GrpcConfigKeys (ConfUtils.java:logGet(44)) - raft.grpc.server.leader.outstanding.appends.max = 128 (default)
2020-12-30 01:57:25,306 [3ab91bad-9694-4126-92ff-ecec9fe4c4aa@group-A25ABE508CB7-LeaderElection10] INFO  server.RaftServerConfigKeys (ConfUtils.java:logGet(44)) - raft.server.rpc.request.timeout = 60s (custom)
2020-12-30 01:57:25,306 [3ab91bad-9694-4126-92ff-ecec9fe4c4aa@group-A25ABE508CB7-LeaderElection10] INFO  server.RaftServerConfigKeys (ConfUtils.java:logGet(44)) - raft.server.log.appender.install.snapshot.enabled = false (custom)
2020-12-30 01:57:25,306 [3ab91bad-9694-4126-92ff-ecec9fe4c4aa@group-A25ABE508CB7-LeaderElection10] INFO  metrics.RatisMetrics (RatisMetrics.java:lambda$create$0(36)) - Creating Metrics Registry : ratis_grpc.log_appender.3ab91bad-9694-4126-92ff-ecec9fe4c4aa@group-A25ABE508CB7
2020-12-30 01:57:25,307 [3ab91bad-9694-4126-92ff-ecec9fe4c4aa@group-A25ABE508CB7-LeaderElection10] INFO  server.RaftServerConfigKeys (ConfUtils.java:logGet(44)) - raft.server.log.appender.snapshot.chunk.size.max = 16MB (=16777216) (default)
2020-12-30 01:57:25,307 [3ab91bad-9694-4126-92ff-ecec9fe4c4aa@group-A25ABE508CB7-LeaderElection10] INFO  server.RaftServerConfigKeys (ConfUtils.java:logGet(44)) - raft.server.log.appender.buffer.byte-limit = 33554432 (custom)
2020-12-30 01:57:25,307 [3ab91bad-9694-4126-92ff-ecec9fe4c4aa@group-A25ABE508CB7-LeaderElection10] INFO  server.RaftServerConfigKeys (ConfUtils.java:logGet(44)) - raft.server.log.appender.buffer.element-limit = 1 (custom)
2020-12-30 01:57:25,307 [3ab91bad-9694-4126-92ff-ecec9fe4c4aa@group-A25ABE508CB7-LeaderElection10] INFO  grpc.GrpcConfigKeys (ConfUtils.java:logGet(44)) - raft.grpc.server.leader.outstanding.appends.max = 128 (default)
2020-12-30 01:57:25,307 [3ab91bad-9694-4126-92ff-ecec9fe4c4aa@group-A25ABE508CB7-LeaderElection10] INFO  server.RaftServerConfigKeys (ConfUtils.java:logGet(44)) - raft.server.rpc.request.timeout = 60s (custom)
2020-12-30 01:57:25,307 [3ab91bad-9694-4126-92ff-ecec9fe4c4aa@group-A25ABE508CB7-LeaderElection10] INFO  server.RaftServerConfigKeys (ConfUtils.java:logGet(44)) - raft.server.log.appender.install.snapshot.enabled = false (custom)
2020-12-30 01:57:25,308 [3ab91bad-9694-4126-92ff-ecec9fe4c4aa@group-A25ABE508CB7-LeaderElection10] INFO  impl.RoleInfo (RoleInfo.java:updateAndGet(130)) - 3ab91bad-9694-4126-92ff-ecec9fe4c4aa: start 3ab91bad-9694-4126-92ff-ecec9fe4c4aa@group-A25ABE508CB7-LeaderStateImpl
2020-12-30 01:57:25,308 [3ab91bad-9694-4126-92ff-ecec9fe4c4aa@group-A25ABE508CB7-LeaderElection10] INFO  segmented.SegmentedRaftLogWorker (SegmentedRaftLogWorker.java:startLogSegment(392)) - 3ab91bad-9694-4126-92ff-ecec9fe4c4aa@group-A25ABE508CB7-SegmentedRaftLogWorker: Starting segment from index:0
2020-12-30 01:57:25,310 [3ab91bad-9694-4126-92ff-ecec9fe4c4aa@group-A25ABE508CB7-SegmentedRaftLogWorker] INFO  segmented.SegmentedRaftLogWorker (SegmentedRaftLogWorker.java:execute(599)) - 3ab91bad-9694-4126-92ff-ecec9fe4c4aa@group-A25ABE508CB7-SegmentedRaftLogWorker: created new log segment /github/workspace/mnt/ozone/hadoop-ozone/integration-test/target/test-dir/MiniOzoneClusterImpl-885a2ac6-dd28-4da4-9cce-7871c001d77b/datanode-2/data/ratis/f5144d4e-4954-47c8-8078-a25abe508cb7/current/log_inprogress_0
2020-12-30 01:57:25,319 [3ab91bad-9694-4126-92ff-ecec9fe4c4aa@group-A25ABE508CB7-LeaderElection10] INFO  server.RaftServer$Division (ServerState.java:setRaftConf(374)) - 3ab91bad-9694-4126-92ff-ecec9fe4c4aa@group-A25ABE508CB7: set configuration 0: [3ab91bad-9694-4126-92ff-ecec9fe4c4aa|rpc:172.17.0.2:43043|dataStream:, 52321763-3f6c-4ae6-8c1d-9758e235c7cc|rpc:172.17.0.2:44999|dataStream:, e4eaa117-0301-47df-aa31-ee25e619f23c|rpc:172.17.0.2:34769|dataStream:], old=null at 0
2020-12-30 01:57:25,326 [grpc-default-executor-2] INFO  ratis.XceiverServerRatis (XceiverServerRatis.java:handleLeaderChangedNotification(862)) - Leader change notification received for group: group-A25ABE508CB7 with new leaderId: 3ab91bad-9694-4126-92ff-ecec9fe4c4aa
2020-12-30 01:57:25,326 [grpc-default-executor-2] INFO  server.RaftServer$Division (ServerState.java:setLeader(258)) - e4eaa117-0301-47df-aa31-ee25e619f23c@group-A25ABE508CB7: change Leader from null to 3ab91bad-9694-4126-92ff-ecec9fe4c4aa at term 1 for appendEntries, leader elected after 5123ms
2020-12-30 01:57:25,329 [grpc-default-executor-3] INFO  ratis.XceiverServerRatis (XceiverServerRatis.java:handleLeaderChangedNotification(862)) - Leader change notification received for group: group-A25ABE508CB7 with new leaderId: 3ab91bad-9694-4126-92ff-ecec9fe4c4aa
2020-12-30 01:57:25,329 [grpc-default-executor-2] INFO  server.RaftServer$Division (ServerState.java:setRaftConf(374)) - e4eaa117-0301-47df-aa31-ee25e619f23c@group-A25ABE508CB7: set configuration 0: [3ab91bad-9694-4126-92ff-ecec9fe4c4aa|rpc:172.17.0.2:43043|dataStream:, 52321763-3f6c-4ae6-8c1d-9758e235c7cc|rpc:172.17.0.2:44999|dataStream:, e4eaa117-0301-47df-aa31-ee25e619f23c|rpc:172.17.0.2:34769|dataStream:], old=null at 0
2020-12-30 01:57:25,329 [grpc-default-executor-2] INFO  segmented.SegmentedRaftLogWorker (SegmentedRaftLogWorker.java:startLogSegment(392)) - e4eaa117-0301-47df-aa31-ee25e619f23c@group-A25ABE508CB7-SegmentedRaftLogWorker: Starting segment from index:0
2020-12-30 01:57:25,329 [grpc-default-executor-3] INFO  server.RaftServer$Division (ServerState.java:setLeader(258)) - 52321763-3f6c-4ae6-8c1d-9758e235c7cc@group-A25ABE508CB7: change Leader from null to 3ab91bad-9694-4126-92ff-ecec9fe4c4aa at term 1 for appendEntries, leader elected after 5148ms
2020-12-30 01:57:25,331 [e4eaa117-0301-47df-aa31-ee25e619f23c@group-A25ABE508CB7-SegmentedRaftLogWorker] INFO  segmented.SegmentedRaftLogWorker (SegmentedRaftLogWorker.java:execute(599)) - e4eaa117-0301-47df-aa31-ee25e619f23c@group-A25ABE508CB7-SegmentedRaftLogWorker: created new log segment /github/workspace/mnt/ozone/hadoop-ozone/integration-test/target/test-dir/MiniOzoneClusterImpl-885a2ac6-dd28-4da4-9cce-7871c001d77b/datanode-1/data/ratis/f5144d4e-4954-47c8-8078-a25abe508cb7/current/log_inprogress_0
2020-12-30 01:57:25,336 [grpc-default-executor-3] INFO  server.RaftServer$Division (ServerState.java:setRaftConf(374)) - 52321763-3f6c-4ae6-8c1d-9758e235c7cc@group-A25ABE508CB7: set configuration 0: [3ab91bad-9694-4126-92ff-ecec9fe4c4aa|rpc:172.17.0.2:43043|dataStream:, 52321763-3f6c-4ae6-8c1d-9758e235c7cc|rpc:172.17.0.2:44999|dataStream:, e4eaa117-0301-47df-aa31-ee25e619f23c|rpc:172.17.0.2:34769|dataStream:], old=null at 0
2020-12-30 01:57:25,336 [grpc-default-executor-3] INFO  segmented.SegmentedRaftLogWorker (SegmentedRaftLogWorker.java:startLogSegment(392)) - 52321763-3f6c-4ae6-8c1d-9758e235c7cc@group-A25ABE508CB7-SegmentedRaftLogWorker: Starting segment from index:0
2020-12-30 01:57:25,341 [52321763-3f6c-4ae6-8c1d-9758e235c7cc@group-A25ABE508CB7-SegmentedRaftLogWorker] INFO  segmented.SegmentedRaftLogWorker (SegmentedRaftLogWorker.java:execute(599)) - 52321763-3f6c-4ae6-8c1d-9758e235c7cc@group-A25ABE508CB7-SegmentedRaftLogWorker: created new log segment /github/workspace/mnt/ozone/hadoop-ozone/integration-test/target/test-dir/MiniOzoneClusterImpl-885a2ac6-dd28-4da4-9cce-7871c001d77b/datanode-0/data/ratis/f5144d4e-4954-47c8-8078-a25abe508cb7/current/log_inprogress_0
2020-12-30 01:57:25,522 [Thread-827] INFO  impl.FollowerState (FollowerState.java:run(133)) - e4eaa117-0301-47df-aa31-ee25e619f23c@group-BDE0A5A2D0C2-FollowerState: change to CANDIDATE, lastRpcElapsedTime:5171192147ns, electionTimeout:5170ms
2020-12-30 01:57:25,523 [Thread-827] INFO  impl.RoleInfo (RoleInfo.java:shutdownFollowerState(108)) - e4eaa117-0301-47df-aa31-ee25e619f23c: shutdown e4eaa117-0301-47df-aa31-ee25e619f23c@group-BDE0A5A2D0C2-FollowerState
2020-12-30 01:57:25,523 [Thread-827] INFO  server.RaftServer$Division (RaftServerImpl.java:setRole(275)) - e4eaa117-0301-47df-aa31-ee25e619f23c@group-BDE0A5A2D0C2: changes role from  FOLLOWER to CANDIDATE at term 0 for changeToCandidate
2020-12-30 01:57:25,523 [Thread-827] INFO  impl.RoleInfo (RoleInfo.java:updateAndGet(130)) - e4eaa117-0301-47df-aa31-ee25e619f23c: start e4eaa117-0301-47df-aa31-ee25e619f23c@group-BDE0A5A2D0C2-LeaderElection11
2020-12-30 01:57:25,527 [e4eaa117-0301-47df-aa31-ee25e619f23c@group-BDE0A5A2D0C2-LeaderElection11] INFO  impl.LeaderElection (LeaderElection.java:askForVotes(219)) - e4eaa117-0301-47df-aa31-ee25e619f23c@group-BDE0A5A2D0C2-LeaderElection11: begin an election at term 1 for -1: [e4eaa117-0301-47df-aa31-ee25e619f23c|rpc:172.17.0.2:34769], old=null
2020-12-30 01:57:25,527 [e4eaa117-0301-47df-aa31-ee25e619f23c@group-BDE0A5A2D0C2-LeaderElection11] INFO  impl.RoleInfo (RoleInfo.java:shutdownLeaderElection(121)) - e4eaa117-0301-47df-aa31-ee25e619f23c: shutdown e4eaa117-0301-47df-aa31-ee25e619f23c@group-BDE0A5A2D0C2-LeaderElection11
2020-12-30 01:57:25,527 [e4eaa117-0301-47df-aa31-ee25e619f23c@group-BDE0A5A2D0C2-LeaderElection11] INFO  server.RaftServer$Division (RaftServerImpl.java:setRole(275)) - e4eaa117-0301-47df-aa31-ee25e619f23c@group-BDE0A5A2D0C2: changes role from CANDIDATE to LEADER at term 1 for changeToLeader
2020-12-30 01:57:25,527 [e4eaa117-0301-47df-aa31-ee25e619f23c@group-BDE0A5A2D0C2-LeaderElection11] INFO  ratis.XceiverServerRatis (XceiverServerRatis.java:handleLeaderChangedNotification(862)) - Leader change notification received for group: group-BDE0A5A2D0C2 with new leaderId: e4eaa117-0301-47df-aa31-ee25e619f23c
2020-12-30 01:57:25,528 [e4eaa117-0301-47df-aa31-ee25e619f23c@group-BDE0A5A2D0C2-LeaderElection11] INFO  server.RaftServer$Division (ServerState.java:setLeader(258)) - e4eaa117-0301-47df-aa31-ee25e619f23c@group-BDE0A5A2D0C2: change Leader from null to e4eaa117-0301-47df-aa31-ee25e619f23c at term 1 for becomeLeader, leader elected after 5187ms
2020-12-30 01:57:25,529 [e4eaa117-0301-47df-aa31-ee25e619f23c@group-BDE0A5A2D0C2-LeaderElection11] INFO  server.RaftServerConfigKeys (ConfUtils.java:logGet(44)) - raft.server.staging.catchup.gap = 1000 (default)
2020-12-30 01:57:25,530 [e4eaa117-0301-47df-aa31-ee25e619f23c@group-BDE0A5A2D0C2-LeaderElection11] INFO  metrics.RatisMetrics (RatisMetrics.java:lambda$create$0(36)) - Creating Metrics Registry : ratis.log_appender.e4eaa117-0301-47df-aa31-ee25e619f23c@group-BDE0A5A2D0C2
2020-12-30 01:57:25,530 [e4eaa117-0301-47df-aa31-ee25e619f23c@group-BDE0A5A2D0C2-LeaderElection11] INFO  server.RaftServerConfigKeys (ConfUtils.java:logGet(44)) - raft.server.write.element-limit = 1024 (custom)
2020-12-30 01:57:25,530 [e4eaa117-0301-47df-aa31-ee25e619f23c@group-BDE0A5A2D0C2-LeaderElection11] INFO  server.RaftServerConfigKeys (ConfUtils.java:logGet(44)) - raft.server.write.byte-limit = 1073741824 (custom)
2020-12-30 01:57:25,531 [e4eaa117-0301-47df-aa31-ee25e619f23c@group-BDE0A5A2D0C2-LeaderElection11] INFO  server.RaftServerConfigKeys (ConfUtils.java:logGet(44)) - raft.server.watch.timeout = 180s (custom)
2020-12-30 01:57:25,531 [e4eaa117-0301-47df-aa31-ee25e619f23c@group-BDE0A5A2D0C2-LeaderElection11] INFO  server.RaftServerConfigKeys (ConfUtils.java:logGet(44)) - raft.server.watch.timeout.denomination = 1s (default)
2020-12-30 01:57:25,531 [e4eaa117-0301-47df-aa31-ee25e619f23c@group-BDE0A5A2D0C2-LeaderElection11] INFO  server.RaftServerConfigKeys (ConfUtils.java:logGet(44)) - raft.server.watch.element-limit = 65536 (default)
2020-12-30 01:57:25,531 [e4eaa117-0301-47df-aa31-ee25e619f23c@group-BDE0A5A2D0C2-LeaderElection11] INFO  impl.RoleInfo (RoleInfo.java:updateAndGet(130)) - e4eaa117-0301-47df-aa31-ee25e619f23c: start e4eaa117-0301-47df-aa31-ee25e619f23c@group-BDE0A5A2D0C2-LeaderStateImpl
2020-12-30 01:57:25,531 [e4eaa117-0301-47df-aa31-ee25e619f23c@group-BDE0A5A2D0C2-LeaderElection11] INFO  segmented.SegmentedRaftLogWorker (SegmentedRaftLogWorker.java:startLogSegment(392)) - e4eaa117-0301-47df-aa31-ee25e619f23c@group-BDE0A5A2D0C2-SegmentedRaftLogWorker: Starting segment from index:0
2020-12-30 01:57:25,532 [e4eaa117-0301-47df-aa31-ee25e619f23c@group-BDE0A5A2D0C2-LeaderElection11] INFO  server.RaftServer$Division (ServerState.java:setRaftConf(374)) - e4eaa117-0301-47df-aa31-ee25e619f23c@group-BDE0A5A2D0C2: set configuration 0: [e4eaa117-0301-47df-aa31-ee25e619f23c|rpc:172.17.0.2:34769|dataStream:], old=null at 0
2020-12-30 01:57:25,533 [e4eaa117-0301-47df-aa31-ee25e619f23c@group-BDE0A5A2D0C2-SegmentedRaftLogWorker] INFO  segmented.SegmentedRaftLogWorker (SegmentedRaftLogWorker.java:execute(599)) - e4eaa117-0301-47df-aa31-ee25e619f23c@group-BDE0A5A2D0C2-SegmentedRaftLogWorker: created new log segment /github/workspace/mnt/ozone/hadoop-ozone/integration-test/target/test-dir/MiniOzoneClusterImpl-885a2ac6-dd28-4da4-9cce-7871c001d77b/datanode-1/data/ratis/87e5fa33-fbb2-47e9-a819-bde0a5a2d0c2/current/log_inprogress_0
2020-12-30 01:57:25,648 [Thread-829] INFO  impl.FollowerState (FollowerState.java:run(133)) - 3ab91bad-9694-4126-92ff-ecec9fe4c4aa@group-50DDDEDF7D8F-FollowerState: change to CANDIDATE, lastRpcElapsedTime:5120502362ns, electionTimeout:5120ms
2020-12-30 01:57:25,648 [Thread-829] INFO  impl.RoleInfo (RoleInfo.java:shutdownFollowerState(108)) - 3ab91bad-9694-4126-92ff-ecec9fe4c4aa: shutdown 3ab91bad-9694-4126-92ff-ecec9fe4c4aa@group-50DDDEDF7D8F-FollowerState
2020-12-30 01:57:25,649 [Thread-829] INFO  server.RaftServer$Division (RaftServerImpl.java:setRole(275)) - 3ab91bad-9694-4126-92ff-ecec9fe4c4aa@group-50DDDEDF7D8F: changes role from  FOLLOWER to CANDIDATE at term 0 for changeToCandidate
2020-12-30 01:57:25,649 [Thread-829] INFO  impl.RoleInfo (RoleInfo.java:updateAndGet(130)) - 3ab91bad-9694-4126-92ff-ecec9fe4c4aa: start 3ab91bad-9694-4126-92ff-ecec9fe4c4aa@group-50DDDEDF7D8F-LeaderElection12
2020-12-30 01:57:25,652 [3ab91bad-9694-4126-92ff-ecec9fe4c4aa@group-50DDDEDF7D8F-LeaderElection12] INFO  impl.LeaderElection (LeaderElection.java:askForVotes(219)) - 3ab91bad-9694-4126-92ff-ecec9fe4c4aa@group-50DDDEDF7D8F-LeaderElection12: begin an election at term 1 for -1: [3ab91bad-9694-4126-92ff-ecec9fe4c4aa|rpc:172.17.0.2:43043], old=null
2020-12-30 01:57:25,652 [3ab91bad-9694-4126-92ff-ecec9fe4c4aa@group-50DDDEDF7D8F-LeaderElection12] INFO  impl.RoleInfo (RoleInfo.java:shutdownLeaderElection(121)) - 3ab91bad-9694-4126-92ff-ecec9fe4c4aa: shutdown 3ab91bad-9694-4126-92ff-ecec9fe4c4aa@group-50DDDEDF7D8F-LeaderElection12
2020-12-30 01:57:25,652 [3ab91bad-9694-4126-92ff-ecec9fe4c4aa@group-50DDDEDF7D8F-LeaderElection12] INFO  server.RaftServer$Division (RaftServerImpl.java:setRole(275)) - 3ab91bad-9694-4126-92ff-ecec9fe4c4aa@group-50DDDEDF7D8F: changes role from CANDIDATE to LEADER at term 1 for changeToLeader
2020-12-30 01:57:25,652 [3ab91bad-9694-4126-92ff-ecec9fe4c4aa@group-50DDDEDF7D8F-LeaderElection12] INFO  ratis.XceiverServerRatis (XceiverServerRatis.java:handleLeaderChangedNotification(862)) - Leader change notification received for group: group-50DDDEDF7D8F with new leaderId: 3ab91bad-9694-4126-92ff-ecec9fe4c4aa
2020-12-30 01:57:25,652 [3ab91bad-9694-4126-92ff-ecec9fe4c4aa@group-50DDDEDF7D8F-LeaderElection12] INFO  server.RaftServer$Division (ServerState.java:setLeader(258)) - 3ab91bad-9694-4126-92ff-ecec9fe4c4aa@group-50DDDEDF7D8F: change Leader from null to 3ab91bad-9694-4126-92ff-ecec9fe4c4aa at term 1 for becomeLeader, leader elected after 5131ms
2020-12-30 01:57:25,653 [3ab91bad-9694-4126-92ff-ecec9fe4c4aa@group-50DDDEDF7D8F-LeaderElection12] INFO  server.RaftServerConfigKeys (ConfUtils.java:logGet(44)) - raft.server.staging.catchup.gap = 1000 (default)
2020-12-30 01:57:25,653 [3ab91bad-9694-4126-92ff-ecec9fe4c4aa@group-50DDDEDF7D8F-LeaderElection12] INFO  metrics.RatisMetrics (RatisMetrics.java:lambda$create$0(36)) - Creating Metrics Registry : ratis.log_appender.3ab91bad-9694-4126-92ff-ecec9fe4c4aa@group-50DDDEDF7D8F
2020-12-30 01:57:25,653 [3ab91bad-9694-4126-92ff-ecec9fe4c4aa@group-50DDDEDF7D8F-LeaderElection12] INFO  server.RaftServerConfigKeys (ConfUtils.java:logGet(44)) - raft.server.write.element-limit = 1024 (custom)
2020-12-30 01:57:25,653 [3ab91bad-9694-4126-92ff-ecec9fe4c4aa@group-50DDDEDF7D8F-LeaderElection12] INFO  server.RaftServerConfigKeys (ConfUtils.java:logGet(44)) - raft.server.write.byte-limit = 1073741824 (custom)
2020-12-30 01:57:25,654 [3ab91bad-9694-4126-92ff-ecec9fe4c4aa@group-50DDDEDF7D8F-LeaderElection12] INFO  server.RaftServerConfigKeys (ConfUtils.java:logGet(44)) - raft.server.watch.timeout = 180s (custom)
2020-12-30 01:57:25,654 [3ab91bad-9694-4126-92ff-ecec9fe4c4aa@group-50DDDEDF7D8F-LeaderElection12] INFO  server.RaftServerConfigKeys (ConfUtils.java:logGet(44)) - raft.server.watch.timeout.denomination = 1s (default)
2020-12-30 01:57:25,654 [3ab91bad-9694-4126-92ff-ecec9fe4c4aa@group-50DDDEDF7D8F-LeaderElection12] INFO  server.RaftServerConfigKeys (ConfUtils.java:logGet(44)) - raft.server.watch.element-limit = 65536 (default)
2020-12-30 01:57:25,654 [3ab91bad-9694-4126-92ff-ecec9fe4c4aa@group-50DDDEDF7D8F-LeaderElection12] INFO  impl.RoleInfo (RoleInfo.java:updateAndGet(130)) - 3ab91bad-9694-4126-92ff-ecec9fe4c4aa: start 3ab91bad-9694-4126-92ff-ecec9fe4c4aa@group-50DDDEDF7D8F-LeaderStateImpl
2020-12-30 01:57:25,654 [3ab91bad-9694-4126-92ff-ecec9fe4c4aa@group-50DDDEDF7D8F-LeaderElection12] INFO  segmented.SegmentedRaftLogWorker (SegmentedRaftLogWorker.java:startLogSegment(392)) - 3ab91bad-9694-4126-92ff-ecec9fe4c4aa@group-50DDDEDF7D8F-SegmentedRaftLogWorker: Starting segment from index:0
2020-12-30 01:57:25,655 [3ab91bad-9694-4126-92ff-ecec9fe4c4aa@group-50DDDEDF7D8F-LeaderElection12] INFO  server.RaftServer$Division (ServerState.java:setRaftConf(374)) - 3ab91bad-9694-4126-92ff-ecec9fe4c4aa@group-50DDDEDF7D8F: set configuration 0: [3ab91bad-9694-4126-92ff-ecec9fe4c4aa|rpc:172.17.0.2:43043|dataStream:], old=null at 0
2020-12-30 01:57:25,656 [3ab91bad-9694-4126-92ff-ecec9fe4c4aa@group-50DDDEDF7D8F-SegmentedRaftLogWorker] INFO  segmented.SegmentedRaftLogWorker (SegmentedRaftLogWorker.java:execute(599)) - 3ab91bad-9694-4126-92ff-ecec9fe4c4aa@group-50DDDEDF7D8F-SegmentedRaftLogWorker: created new log segment /github/workspace/mnt/ozone/hadoop-ozone/integration-test/target/test-dir/MiniOzoneClusterImpl-885a2ac6-dd28-4da4-9cce-7871c001d77b/datanode-2/data/ratis/1e849b9f-d73c-4e11-b1c4-50dddedf7d8f/current/log_inprogress_0
2020-12-30 01:57:25,809 [Thread-831] INFO  impl.FollowerState (FollowerState.java:run(133)) - 259e8d3c-ac3a-47ce-8b98-4ae0c616001a@group-58B442B1809E-FollowerState: change to CANDIDATE, lastRpcElapsedTime:5093805216ns, electionTimeout:5082ms
2020-12-30 01:57:25,809 [Thread-831] INFO  impl.RoleInfo (RoleInfo.java:shutdownFollowerState(108)) - 259e8d3c-ac3a-47ce-8b98-4ae0c616001a: shutdown 259e8d3c-ac3a-47ce-8b98-4ae0c616001a@group-58B442B1809E-FollowerState
2020-12-30 01:57:25,809 [Thread-831] INFO  server.RaftServer$Division (RaftServerImpl.java:setRole(275)) - 259e8d3c-ac3a-47ce-8b98-4ae0c616001a@group-58B442B1809E: changes role from  FOLLOWER to CANDIDATE at term 0 for changeToCandidate
2020-12-30 01:57:25,809 [Thread-831] INFO  impl.RoleInfo (RoleInfo.java:updateAndGet(130)) - 259e8d3c-ac3a-47ce-8b98-4ae0c616001a: start 259e8d3c-ac3a-47ce-8b98-4ae0c616001a@group-58B442B1809E-LeaderElection13
2020-12-30 01:57:25,812 [259e8d3c-ac3a-47ce-8b98-4ae0c616001a@group-58B442B1809E-LeaderElection13] INFO  impl.LeaderElection (LeaderElection.java:askForVotes(219)) - 259e8d3c-ac3a-47ce-8b98-4ae0c616001a@group-58B442B1809E-LeaderElection13: begin an election at term 1 for -1: [259e8d3c-ac3a-47ce-8b98-4ae0c616001a|rpc:172.17.0.2:39593], old=null
2020-12-30 01:57:25,812 [259e8d3c-ac3a-47ce-8b98-4ae0c616001a@group-58B442B1809E-LeaderElection13] INFO  impl.RoleInfo (RoleInfo.java:shutdownLeaderElection(121)) - 259e8d3c-ac3a-47ce-8b98-4ae0c616001a: shutdown 259e8d3c-ac3a-47ce-8b98-4ae0c616001a@group-58B442B1809E-LeaderElection13
2020-12-30 01:57:25,812 [259e8d3c-ac3a-47ce-8b98-4ae0c616001a@group-58B442B1809E-LeaderElection13] INFO  server.RaftServer$Division (RaftServerImpl.java:setRole(275)) - 259e8d3c-ac3a-47ce-8b98-4ae0c616001a@group-58B442B1809E: changes role from CANDIDATE to LEADER at term 1 for changeToLeader
2020-12-30 01:57:25,812 [259e8d3c-ac3a-47ce-8b98-4ae0c616001a@group-58B442B1809E-LeaderElection13] INFO  ratis.XceiverServerRatis (XceiverServerRatis.java:handleLeaderChangedNotification(862)) - Leader change notification received for group: group-58B442B1809E with new leaderId: 259e8d3c-ac3a-47ce-8b98-4ae0c616001a
2020-12-30 01:57:25,812 [259e8d3c-ac3a-47ce-8b98-4ae0c616001a@group-58B442B1809E-LeaderElection13] INFO  server.RaftServer$Division (ServerState.java:setLeader(258)) - 259e8d3c-ac3a-47ce-8b98-4ae0c616001a@group-58B442B1809E: change Leader from null to 259e8d3c-ac3a-47ce-8b98-4ae0c616001a at term 1 for becomeLeader, leader elected after 5110ms
2020-12-30 01:57:25,813 [259e8d3c-ac3a-47ce-8b98-4ae0c616001a@group-58B442B1809E-LeaderElection13] INFO  server.RaftServerConfigKeys (ConfUtils.java:logGet(44)) - raft.server.staging.catchup.gap = 1000 (default)
2020-12-30 01:57:25,813 [259e8d3c-ac3a-47ce-8b98-4ae0c616001a@group-58B442B1809E-LeaderElection13] INFO  metrics.RatisMetrics (RatisMetrics.java:lambda$create$0(36)) - Creating Metrics Registry : ratis.log_appender.259e8d3c-ac3a-47ce-8b98-4ae0c616001a@group-58B442B1809E
2020-12-30 01:57:25,814 [259e8d3c-ac3a-47ce-8b98-4ae0c616001a@group-58B442B1809E-LeaderElection13] INFO  server.RaftServerConfigKeys (ConfUtils.java:logGet(44)) - raft.server.write.element-limit = 1024 (custom)
2020-12-30 01:57:25,814 [259e8d3c-ac3a-47ce-8b98-4ae0c616001a@group-58B442B1809E-LeaderElection13] INFO  server.RaftServerConfigKeys (ConfUtils.java:logGet(44)) - raft.server.write.byte-limit = 1073741824 (custom)
2020-12-30 01:57:25,815 [259e8d3c-ac3a-47ce-8b98-4ae0c616001a@group-58B442B1809E-LeaderElection13] INFO  server.RaftServerConfigKeys (ConfUtils.java:logGet(44)) - raft.server.watch.timeout = 180s (custom)
2020-12-30 01:57:25,815 [259e8d3c-ac3a-47ce-8b98-4ae0c616001a@group-58B442B1809E-LeaderElection13] INFO  server.RaftServerConfigKeys (ConfUtils.java:logGet(44)) - raft.server.watch.timeout.denomination = 1s (default)
2020-12-30 01:57:25,815 [259e8d3c-ac3a-47ce-8b98-4ae0c616001a@group-58B442B1809E-LeaderElection13] INFO  server.RaftServerConfigKeys (ConfUtils.java:logGet(44)) - raft.server.watch.element-limit = 65536 (default)
2020-12-30 01:57:25,815 [259e8d3c-ac3a-47ce-8b98-4ae0c616001a@group-58B442B1809E-LeaderElection13] INFO  impl.RoleInfo (RoleInfo.java:updateAndGet(130)) - 259e8d3c-ac3a-47ce-8b98-4ae0c616001a: start 259e8d3c-ac3a-47ce-8b98-4ae0c616001a@group-58B442B1809E-LeaderStateImpl
2020-12-30 01:57:25,817 [259e8d3c-ac3a-47ce-8b98-4ae0c616001a@group-58B442B1809E-LeaderElection13] INFO  segmented.SegmentedRaftLogWorker (SegmentedRaftLogWorker.java:startLogSegment(392)) - 259e8d3c-ac3a-47ce-8b98-4ae0c616001a@group-58B442B1809E-SegmentedRaftLogWorker: Starting segment from index:0
2020-12-30 01:57:25,819 [259e8d3c-ac3a-47ce-8b98-4ae0c616001a@group-58B442B1809E-LeaderElection13] INFO  server.RaftServer$Division (ServerState.java:setRaftConf(374)) - 259e8d3c-ac3a-47ce-8b98-4ae0c616001a@group-58B442B1809E: set configuration 0: [259e8d3c-ac3a-47ce-8b98-4ae0c616001a|rpc:172.17.0.2:39593|dataStream:], old=null at 0
2020-12-30 01:57:25,819 [259e8d3c-ac3a-47ce-8b98-4ae0c616001a@group-58B442B1809E-SegmentedRaftLogWorker] INFO  segmented.SegmentedRaftLogWorker (SegmentedRaftLogWorker.java:execute(599)) - 259e8d3c-ac3a-47ce-8b98-4ae0c616001a@group-58B442B1809E-SegmentedRaftLogWorker: created new log segment /github/workspace/mnt/ozone/hadoop-ozone/integration-test/target/test-dir/MiniOzoneClusterImpl-885a2ac6-dd28-4da4-9cce-7871c001d77b/datanode-3/data/ratis/2bf725b0-85c6-4520-97e9-58b442b1809e/current/log_inprogress_0
2020-12-30 01:57:25,823 [Thread-835] INFO  impl.FollowerState (FollowerState.java:run(133)) - 4132dfcc-dfb3-46cd-b45d-65c38fbb9d85@group-1814FF02F9CA-FollowerState: change to CANDIDATE, lastRpcElapsedTime:5066244970ns, electionTimeout:5061ms
2020-12-30 01:57:25,824 [Thread-835] INFO  impl.RoleInfo (RoleInfo.java:shutdownFollowerState(108)) - 4132dfcc-dfb3-46cd-b45d-65c38fbb9d85: shutdown 4132dfcc-dfb3-46cd-b45d-65c38fbb9d85@group-1814FF02F9CA-FollowerState
2020-12-30 01:57:25,824 [Thread-835] INFO  server.RaftServer$Division (RaftServerImpl.java:setRole(275)) - 4132dfcc-dfb3-46cd-b45d-65c38fbb9d85@group-1814FF02F9CA: changes role from  FOLLOWER to CANDIDATE at term 0 for changeToCandidate
2020-12-30 01:57:25,825 [Thread-835] INFO  impl.RoleInfo (RoleInfo.java:updateAndGet(130)) - 4132dfcc-dfb3-46cd-b45d-65c38fbb9d85: start 4132dfcc-dfb3-46cd-b45d-65c38fbb9d85@group-1814FF02F9CA-LeaderElection14
2020-12-30 01:57:25,829 [4132dfcc-dfb3-46cd-b45d-65c38fbb9d85@group-1814FF02F9CA-LeaderElection14] INFO  impl.LeaderElection (LeaderElection.java:askForVotes(219)) - 4132dfcc-dfb3-46cd-b45d-65c38fbb9d85@group-1814FF02F9CA-LeaderElection14: begin an election at term 1 for -1: [2c3d9932-485f-47f8-8613-8bedf6c861f7|rpc:172.17.0.2:36507|dataStream:, 259e8d3c-ac3a-47ce-8b98-4ae0c616001a|rpc:172.17.0.2:39593|dataStream:, 4132dfcc-dfb3-46cd-b45d-65c38fbb9d85|rpc:172.17.0.2:46769|dataStream:], old=null
2020-12-30 01:57:25,837 [grpc-default-executor-3] INFO  metrics.RatisMetrics (RatisMetrics.java:lambda$create$0(36)) - Creating Metrics Registry : ratis.server_message_metrics.259e8d3c-ac3a-47ce-8b98-4ae0c616001a
2020-12-30 01:57:25,838 [grpc-default-executor-3] INFO  server.RaftServer$Division (RaftServerImpl.java:setRole(275)) - 259e8d3c-ac3a-47ce-8b98-4ae0c616001a@group-1814FF02F9CA: changes role from  FOLLOWER to FOLLOWER at term 1 for recognizeCandidate:4132dfcc-dfb3-46cd-b45d-65c38fbb9d85
2020-12-30 01:57:25,838 [grpc-default-executor-3] INFO  impl.RoleInfo (RoleInfo.java:shutdownFollowerState(108)) - 259e8d3c-ac3a-47ce-8b98-4ae0c616001a: shutdown 259e8d3c-ac3a-47ce-8b98-4ae0c616001a@group-1814FF02F9CA-FollowerState
2020-12-30 01:57:25,838 [grpc-default-executor-3] INFO  impl.RoleInfo (RoleInfo.java:updateAndGet(130)) - 259e8d3c-ac3a-47ce-8b98-4ae0c616001a: start 259e8d3c-ac3a-47ce-8b98-4ae0c616001a@group-1814FF02F9CA-FollowerState
2020-12-30 01:57:25,838 [Thread-833] INFO  impl.FollowerState (FollowerState.java:run(142)) - 259e8d3c-ac3a-47ce-8b98-4ae0c616001a@group-1814FF02F9CA-FollowerState was interrupted: {}
java.lang.InterruptedException: sleep interrupted
	at java.lang.Thread.sleep(Native Method)
	at java.lang.Thread.sleep(Thread.java:340)
	at java.util.concurrent.TimeUnit.sleep(TimeUnit.java:386)
	at org.apache.ratis.util.TimeDuration.sleep(TimeDuration.java:319)
	at org.apache.ratis.util.TimeDuration.sleep(TimeDuration.java:304)
	at org.apache.ratis.server.impl.FollowerState.run(FollowerState.java:117)
2020-12-30 01:57:25,846 [grpc-default-executor-3] INFO  server.RaftServer$Division (RaftServerImpl.java:requestVote(983)) -  FOLLOWER 259e8d3c-ac3a-47ce-8b98-4ae0c616001a@group-1814FF02F9CA:t1, leader=null, voted=null, raftlog=259e8d3c-ac3a-47ce-8b98-4ae0c616001a@group-1814FF02F9CA-SegmentedRaftLog:OPENED:c-1,f-1,i0, conf=-1: [2c3d9932-485f-47f8-8613-8bedf6c861f7|rpc:172.17.0.2:36507, 259e8d3c-ac3a-47ce-8b98-4ae0c616001a|rpc:172.17.0.2:39593, 4132dfcc-dfb3-46cd-b45d-65c38fbb9d85|rpc:172.17.0.2:46769], old=null RUNNING priority:0 candidate:4132dfcc-dfb3-46cd-b45d-65c38fbb9d85|rpc:172.17.0.2:46769 candidatePriority:0 compare:0
2020-12-30 01:57:25,847 [grpc-default-executor-2] INFO  server.RaftServer$Division (RaftServerImpl.java:setRole(275)) - 2c3d9932-485f-47f8-8613-8bedf6c861f7@group-1814FF02F9CA: changes role from  FOLLOWER to FOLLOWER at term 1 for recognizeCandidate:4132dfcc-dfb3-46cd-b45d-65c38fbb9d85
2020-12-30 01:57:25,847 [grpc-default-executor-2] INFO  impl.RoleInfo (RoleInfo.java:shutdownFollowerState(108)) - 2c3d9932-485f-47f8-8613-8bedf6c861f7: shutdown 2c3d9932-485f-47f8-8613-8bedf6c861f7@group-1814FF02F9CA-FollowerState
2020-12-30 01:57:25,847 [grpc-default-executor-2] INFO  impl.RoleInfo (RoleInfo.java:updateAndGet(130)) - 2c3d9932-485f-47f8-8613-8bedf6c861f7: start 2c3d9932-485f-47f8-8613-8bedf6c861f7@group-1814FF02F9CA-FollowerState
2020-12-30 01:57:25,847 [Thread-838] INFO  impl.FollowerState (FollowerState.java:run(142)) - 2c3d9932-485f-47f8-8613-8bedf6c861f7@group-1814FF02F9CA-FollowerState was interrupted: {}
java.lang.InterruptedException: sleep interrupted
	at java.lang.Thread.sleep(Native Method)
	at java.lang.Thread.sleep(Thread.java:340)
	at java.util.concurrent.TimeUnit.sleep(TimeUnit.java:386)
	at org.apache.ratis.util.TimeDuration.sleep(TimeDuration.java:319)
	at org.apache.ratis.util.TimeDuration.sleep(TimeDuration.java:304)
	at org.apache.ratis.server.impl.FollowerState.run(FollowerState.java:117)
2020-12-30 01:57:25,849 [4132dfcc-dfb3-46cd-b45d-65c38fbb9d85@group-1814FF02F9CA-LeaderElection14] INFO  impl.LeaderElection (LeaderElection.java:logAndReturn(68)) - 4132dfcc-dfb3-46cd-b45d-65c38fbb9d85@group-1814FF02F9CA-LeaderElection14: Election PASSED; received 1 response(s) [4132dfcc-dfb3-46cd-b45d-65c38fbb9d85<-259e8d3c-ac3a-47ce-8b98-4ae0c616001a#0:OK-t1] and 0 exception(s); 4132dfcc-dfb3-46cd-b45d-65c38fbb9d85@group-1814FF02F9CA:t1, leader=null, voted=4132dfcc-dfb3-46cd-b45d-65c38fbb9d85, raftlog=4132dfcc-dfb3-46cd-b45d-65c38fbb9d85@group-1814FF02F9CA-SegmentedRaftLog:OPENED:c-1,f-1,i0, conf=-1: [2c3d9932-485f-47f8-8613-8bedf6c861f7|rpc:172.17.0.2:36507|dataStream:, 259e8d3c-ac3a-47ce-8b98-4ae0c616001a|rpc:172.17.0.2:39593|dataStream:, 4132dfcc-dfb3-46cd-b45d-65c38fbb9d85|rpc:172.17.0.2:46769|dataStream:], old=null
2020-12-30 01:57:25,848 [grpc-default-executor-2] INFO  server.RaftServer$Division (RaftServerImpl.java:requestVote(983)) -  FOLLOWER 2c3d9932-485f-47f8-8613-8bedf6c861f7@group-1814FF02F9CA:t1, leader=null, voted=null, raftlog=2c3d9932-485f-47f8-8613-8bedf6c861f7@group-1814FF02F9CA-SegmentedRaftLog:OPENED:c-1,f-1,i0, conf=-1: [2c3d9932-485f-47f8-8613-8bedf6c861f7|rpc:172.17.0.2:36507|dataStream:, 259e8d3c-ac3a-47ce-8b98-4ae0c616001a|rpc:172.17.0.2:39593|dataStream:, 4132dfcc-dfb3-46cd-b45d-65c38fbb9d85|rpc:172.17.0.2:46769|dataStream:], old=null RUNNING priority:0 candidate:4132dfcc-dfb3-46cd-b45d-65c38fbb9d85|rpc:172.17.0.2:46769|dataStream: candidatePriority:0 compare:0
2020-12-30 01:57:25,854 [4132dfcc-dfb3-46cd-b45d-65c38fbb9d85@group-1814FF02F9CA-LeaderElection14] INFO  impl.RoleInfo (RoleInfo.java:shutdownLeaderElection(121)) - 4132dfcc-dfb3-46cd-b45d-65c38fbb9d85: shutdown 4132dfcc-dfb3-46cd-b45d-65c38fbb9d85@group-1814FF02F9CA-LeaderElection14
2020-12-30 01:57:25,856 [4132dfcc-dfb3-46cd-b45d-65c38fbb9d85@group-1814FF02F9CA-LeaderElection14] INFO  server.RaftServer$Division (RaftServerImpl.java:setRole(275)) - 4132dfcc-dfb3-46cd-b45d-65c38fbb9d85@group-1814FF02F9CA: changes role from CANDIDATE to LEADER at term 1 for changeToLeader
2020-12-30 01:57:25,856 [4132dfcc-dfb3-46cd-b45d-65c38fbb9d85@group-1814FF02F9CA-LeaderElection14] INFO  ratis.XceiverServerRatis (XceiverServerRatis.java:handleLeaderChangedNotification(862)) - Leader change notification received for group: group-1814FF02F9CA with new leaderId: 4132dfcc-dfb3-46cd-b45d-65c38fbb9d85
2020-12-30 01:57:25,856 [4132dfcc-dfb3-46cd-b45d-65c38fbb9d85@group-1814FF02F9CA-LeaderElection14] INFO  server.RaftServer$Division (ServerState.java:setLeader(258)) - 4132dfcc-dfb3-46cd-b45d-65c38fbb9d85@group-1814FF02F9CA: change Leader from null to 4132dfcc-dfb3-46cd-b45d-65c38fbb9d85 at term 1 for becomeLeader, leader elected after 5105ms
2020-12-30 01:57:25,856 [4132dfcc-dfb3-46cd-b45d-65c38fbb9d85@group-1814FF02F9CA-LeaderElection14] INFO  server.RaftServerConfigKeys (ConfUtils.java:logGet(44)) - raft.server.staging.catchup.gap = 1000 (default)
2020-12-30 01:57:25,856 [4132dfcc-dfb3-46cd-b45d-65c38fbb9d85@group-1814FF02F9CA-LeaderElection14] INFO  metrics.RatisMetrics (RatisMetrics.java:lambda$create$0(36)) - Creating Metrics Registry : ratis.log_appender.4132dfcc-dfb3-46cd-b45d-65c38fbb9d85@group-1814FF02F9CA
2020-12-30 01:57:25,856 [4132dfcc-dfb3-46cd-b45d-65c38fbb9d85@group-1814FF02F9CA-LeaderElection14] INFO  server.RaftServerConfigKeys (ConfUtils.java:logGet(44)) - raft.server.write.element-limit = 1024 (custom)
2020-12-30 01:57:25,856 [4132dfcc-dfb3-46cd-b45d-65c38fbb9d85@group-1814FF02F9CA-LeaderElection14] INFO  server.RaftServerConfigKeys (ConfUtils.java:logGet(44)) - raft.server.write.byte-limit = 1073741824 (custom)
2020-12-30 01:57:25,858 [4132dfcc-dfb3-46cd-b45d-65c38fbb9d85@group-1814FF02F9CA-LeaderElection14] INFO  server.RaftServerConfigKeys (ConfUtils.java:logGet(44)) - raft.server.watch.timeout = 180s (custom)
2020-12-30 01:57:25,858 [4132dfcc-dfb3-46cd-b45d-65c38fbb9d85@group-1814FF02F9CA-LeaderElection14] INFO  server.RaftServerConfigKeys (ConfUtils.java:logGet(44)) - raft.server.watch.timeout.denomination = 1s (default)
2020-12-30 01:57:25,858 [4132dfcc-dfb3-46cd-b45d-65c38fbb9d85@group-1814FF02F9CA-LeaderElection14] INFO  server.RaftServerConfigKeys (ConfUtils.java:logGet(44)) - raft.server.watch.element-limit = 65536 (default)
2020-12-30 01:57:25,859 [4132dfcc-dfb3-46cd-b45d-65c38fbb9d85@group-1814FF02F9CA-LeaderElection14] INFO  server.RaftServerConfigKeys (ConfUtils.java:logGet(44)) - raft.server.log.appender.snapshot.chunk.size.max = 16MB (=16777216) (default)
2020-12-30 01:57:25,859 [4132dfcc-dfb3-46cd-b45d-65c38fbb9d85@group-1814FF02F9CA-LeaderElection14] INFO  server.RaftServerConfigKeys (ConfUtils.java:logGet(44)) - raft.server.log.appender.buffer.byte-limit = 33554432 (custom)
2020-12-30 01:57:25,859 [4132dfcc-dfb3-46cd-b45d-65c38fbb9d85@group-1814FF02F9CA-LeaderElection14] INFO  server.RaftServerConfigKeys (ConfUtils.java:logGet(44)) - raft.server.log.appender.buffer.element-limit = 1 (custom)
2020-12-30 01:57:25,859 [4132dfcc-dfb3-46cd-b45d-65c38fbb9d85@group-1814FF02F9CA-LeaderElection14] INFO  grpc.GrpcConfigKeys (ConfUtils.java:logGet(44)) - raft.grpc.server.leader.outstanding.appends.max = 128 (default)
2020-12-30 01:57:25,859 [4132dfcc-dfb3-46cd-b45d-65c38fbb9d85@group-1814FF02F9CA-LeaderElection14] INFO  server.RaftServerConfigKeys (ConfUtils.java:logGet(44)) - raft.server.rpc.request.timeout = 60s (custom)
2020-12-30 01:57:25,859 [4132dfcc-dfb3-46cd-b45d-65c38fbb9d85@group-1814FF02F9CA-LeaderElection14] INFO  server.RaftServerConfigKeys (ConfUtils.java:logGet(44)) - raft.server.log.appender.install.snapshot.enabled = false (custom)
2020-12-30 01:57:25,859 [4132dfcc-dfb3-46cd-b45d-65c38fbb9d85@group-1814FF02F9CA-LeaderElection14] INFO  metrics.RatisMetrics (RatisMetrics.java:lambda$create$0(36)) - Creating Metrics Registry : ratis_grpc.log_appender.4132dfcc-dfb3-46cd-b45d-65c38fbb9d85@group-1814FF02F9CA
2020-12-30 01:57:25,860 [4132dfcc-dfb3-46cd-b45d-65c38fbb9d85@group-1814FF02F9CA-LeaderElection14] INFO  server.RaftServerConfigKeys (ConfUtils.java:logGet(44)) - raft.server.log.appender.snapshot.chunk.size.max = 16MB (=16777216) (default)
2020-12-30 01:57:25,860 [4132dfcc-dfb3-46cd-b45d-65c38fbb9d85@group-1814FF02F9CA-LeaderElection14] INFO  server.RaftServerConfigKeys (ConfUtils.java:logGet(44)) - raft.server.log.appender.buffer.byte-limit = 33554432 (custom)
2020-12-30 01:57:25,860 [4132dfcc-dfb3-46cd-b45d-65c38fbb9d85@group-1814FF02F9CA-LeaderElection14] INFO  server.RaftServerConfigKeys (ConfUtils.java:logGet(44)) - raft.server.log.appender.buffer.element-limit = 1 (custom)
2020-12-30 01:57:25,860 [4132dfcc-dfb3-46cd-b45d-65c38fbb9d85@group-1814FF02F9CA-LeaderElection14] INFO  grpc.GrpcConfigKeys (ConfUtils.java:logGet(44)) - raft.grpc.server.leader.outstanding.appends.max = 128 (default)
2020-12-30 01:57:25,860 [4132dfcc-dfb3-46cd-b45d-65c38fbb9d85@group-1814FF02F9CA-LeaderElection14] INFO  server.RaftServerConfigKeys (ConfUtils.java:logGet(44)) - raft.server.rpc.request.timeout = 60s (custom)
2020-12-30 01:57:25,860 [4132dfcc-dfb3-46cd-b45d-65c38fbb9d85@group-1814FF02F9CA-LeaderElection14] INFO  server.RaftServerConfigKeys (ConfUtils.java:logGet(44)) - raft.server.log.appender.install.snapshot.enabled = false (custom)
2020-12-30 01:57:25,861 [4132dfcc-dfb3-46cd-b45d-65c38fbb9d85@group-1814FF02F9CA-LeaderElection14] INFO  impl.RoleInfo (RoleInfo.java:updateAndGet(130)) - 4132dfcc-dfb3-46cd-b45d-65c38fbb9d85: start 4132dfcc-dfb3-46cd-b45d-65c38fbb9d85@group-1814FF02F9CA-LeaderStateImpl
2020-12-30 01:57:25,861 [4132dfcc-dfb3-46cd-b45d-65c38fbb9d85@group-1814FF02F9CA-LeaderElection14] INFO  segmented.SegmentedRaftLogWorker (SegmentedRaftLogWorker.java:startLogSegment(392)) - 4132dfcc-dfb3-46cd-b45d-65c38fbb9d85@group-1814FF02F9CA-SegmentedRaftLogWorker: Starting segment from index:0
2020-12-30 01:57:25,864 [4132dfcc-dfb3-46cd-b45d-65c38fbb9d85@group-1814FF02F9CA-SegmentedRaftLogWorker] INFO  segmented.SegmentedRaftLogWorker (SegmentedRaftLogWorker.java:execute(599)) - 4132dfcc-dfb3-46cd-b45d-65c38fbb9d85@group-1814FF02F9CA-SegmentedRaftLogWorker: created new log segment /github/workspace/mnt/ozone/hadoop-ozone/integration-test/target/test-dir/MiniOzoneClusterImpl-885a2ac6-dd28-4da4-9cce-7871c001d77b/datanode-4/data/ratis/512e6835-8f0e-4057-b950-1814ff02f9ca/current/log_inprogress_0
2020-12-30 01:57:25,871 [4132dfcc-dfb3-46cd-b45d-65c38fbb9d85@group-1814FF02F9CA-LeaderElection14] INFO  server.RaftServer$Division (ServerState.java:setRaftConf(374)) - 4132dfcc-dfb3-46cd-b45d-65c38fbb9d85@group-1814FF02F9CA: set configuration 0: [2c3d9932-485f-47f8-8613-8bedf6c861f7|rpc:172.17.0.2:36507|dataStream:, 259e8d3c-ac3a-47ce-8b98-4ae0c616001a|rpc:172.17.0.2:39593|dataStream:, 4132dfcc-dfb3-46cd-b45d-65c38fbb9d85|rpc:172.17.0.2:46769|dataStream:], old=null at 0
2020-12-30 01:57:25,878 [EventQueue-PipelineReportForPipelineReportHandler] INFO  pipeline.PipelineStateManager (PipelineStateManager.java:openPipeline(132)) - Pipeline Pipeline[ Id: 512e6835-8f0e-4057-b950-1814ff02f9ca, Nodes: 4132dfcc-dfb3-46cd-b45d-65c38fbb9d85{ip: 172.17.0.2, host: e0a7f95c34ff, networkLocation: /default-rack, certSerialId: null, persistedOpState: IN_SERVICE, persistedOpStateExpiryEpochSec: 0}259e8d3c-ac3a-47ce-8b98-4ae0c616001a{ip: 172.17.0.2, host: e0a7f95c34ff, networkLocation: /default-rack, certSerialId: null, persistedOpState: IN_SERVICE, persistedOpStateExpiryEpochSec: 0}2c3d9932-485f-47f8-8613-8bedf6c861f7{ip: 172.17.0.2, host: e0a7f95c34ff, networkLocation: /default-rack, certSerialId: null, persistedOpState: IN_SERVICE, persistedOpStateExpiryEpochSec: 0}, Type:RATIS, Factor:THREE, State:ALLOCATED, leaderId:4132dfcc-dfb3-46cd-b45d-65c38fbb9d85, CreationTimestamp2020-12-30T01:57:18.067Z] moved to OPEN state
2020-12-30 01:57:25,882 [grpc-default-executor-3] INFO  ratis.XceiverServerRatis (XceiverServerRatis.java:handleLeaderChangedNotification(862)) - Leader change notification received for group: group-1814FF02F9CA with new leaderId: 4132dfcc-dfb3-46cd-b45d-65c38fbb9d85
2020-12-30 01:57:25,882 [grpc-default-executor-3] INFO  server.RaftServer$Division (ServerState.java:setLeader(258)) - 2c3d9932-485f-47f8-8613-8bedf6c861f7@group-1814FF02F9CA: change Leader from null to 4132dfcc-dfb3-46cd-b45d-65c38fbb9d85 at term 1 for appendEntries, leader elected after 5096ms
2020-12-30 01:57:25,888 [grpc-default-executor-3] INFO  server.RaftServer$Division (ServerState.java:setRaftConf(374)) - 2c3d9932-485f-47f8-8613-8bedf6c861f7@group-1814FF02F9CA: set configuration 0: [2c3d9932-485f-47f8-8613-8bedf6c861f7|rpc:172.17.0.2:36507|dataStream:, 259e8d3c-ac3a-47ce-8b98-4ae0c616001a|rpc:172.17.0.2:39593|dataStream:, 4132dfcc-dfb3-46cd-b45d-65c38fbb9d85|rpc:172.17.0.2:46769|dataStream:], old=null at 0
2020-12-30 01:57:25,888 [grpc-default-executor-3] INFO  segmented.SegmentedRaftLogWorker (SegmentedRaftLogWorker.java:startLogSegment(392)) - 2c3d9932-485f-47f8-8613-8bedf6c861f7@group-1814FF02F9CA-SegmentedRaftLogWorker: Starting segment from index:0
2020-12-30 01:57:25,890 [2c3d9932-485f-47f8-8613-8bedf6c861f7@group-1814FF02F9CA-SegmentedRaftLogWorker] INFO  segmented.SegmentedRaftLogWorker (SegmentedRaftLogWorker.java:execute(599)) - 2c3d9932-485f-47f8-8613-8bedf6c861f7@group-1814FF02F9CA-SegmentedRaftLogWorker: created new log segment /github/workspace/mnt/ozone/hadoop-ozone/integration-test/target/test-dir/MiniOzoneClusterImpl-885a2ac6-dd28-4da4-9cce-7871c001d77b/datanode-5/data/ratis/512e6835-8f0e-4057-b950-1814ff02f9ca/current/log_inprogress_0
2020-12-30 01:57:25,896 [grpc-default-executor-2] INFO  ratis.XceiverServerRatis (XceiverServerRatis.java:handleLeaderChangedNotification(862)) - Leader change notification received for group: group-1814FF02F9CA with new leaderId: 4132dfcc-dfb3-46cd-b45d-65c38fbb9d85
2020-12-30 01:57:25,896 [grpc-default-executor-2] INFO  server.RaftServer$Division (ServerState.java:setLeader(258)) - 259e8d3c-ac3a-47ce-8b98-4ae0c616001a@group-1814FF02F9CA: change Leader from null to 4132dfcc-dfb3-46cd-b45d-65c38fbb9d85 at term 1 for appendEntries, leader elected after 5169ms
2020-12-30 01:57:25,897 [grpc-default-executor-2] INFO  server.RaftServer$Division (ServerState.java:setRaftConf(374)) - 259e8d3c-ac3a-47ce-8b98-4ae0c616001a@group-1814FF02F9CA: set configuration 0: [2c3d9932-485f-47f8-8613-8bedf6c861f7|rpc:172.17.0.2:36507|dataStream:, 259e8d3c-ac3a-47ce-8b98-4ae0c616001a|rpc:172.17.0.2:39593|dataStream:, 4132dfcc-dfb3-46cd-b45d-65c38fbb9d85|rpc:172.17.0.2:46769|dataStream:], old=null at 0
2020-12-30 01:57:25,898 [grpc-default-executor-2] INFO  segmented.SegmentedRaftLogWorker (SegmentedRaftLogWorker.java:startLogSegment(392)) - 259e8d3c-ac3a-47ce-8b98-4ae0c616001a@group-1814FF02F9CA-SegmentedRaftLogWorker: Starting segment from index:0
2020-12-30 01:57:25,900 [259e8d3c-ac3a-47ce-8b98-4ae0c616001a@group-1814FF02F9CA-SegmentedRaftLogWorker] INFO  segmented.SegmentedRaftLogWorker (SegmentedRaftLogWorker.java:execute(599)) - 259e8d3c-ac3a-47ce-8b98-4ae0c616001a@group-1814FF02F9CA-SegmentedRaftLogWorker: created new log segment /github/workspace/mnt/ozone/hadoop-ozone/integration-test/target/test-dir/MiniOzoneClusterImpl-885a2ac6-dd28-4da4-9cce-7871c001d77b/datanode-3/data/ratis/512e6835-8f0e-4057-b950-1814ff02f9ca/current/log_inprogress_0
2020-12-30 01:57:26,033 [Thread-841] INFO  impl.FollowerState (FollowerState.java:run(133)) - 4132dfcc-dfb3-46cd-b45d-65c38fbb9d85@group-66D6D02993E9-FollowerState: change to CANDIDATE, lastRpcElapsedTime:5132055579ns, electionTimeout:5131ms
2020-12-30 01:57:26,034 [Thread-841] INFO  impl.RoleInfo (RoleInfo.java:shutdownFollowerState(108)) - 4132dfcc-dfb3-46cd-b45d-65c38fbb9d85: shutdown 4132dfcc-dfb3-46cd-b45d-65c38fbb9d85@group-66D6D02993E9-FollowerState
2020-12-30 01:57:26,034 [Thread-841] INFO  server.RaftServer$Division (RaftServerImpl.java:setRole(275)) - 4132dfcc-dfb3-46cd-b45d-65c38fbb9d85@group-66D6D02993E9: changes role from  FOLLOWER to CANDIDATE at term 0 for changeToCandidate
2020-12-30 01:57:26,034 [Thread-841] INFO  impl.RoleInfo (RoleInfo.java:updateAndGet(130)) - 4132dfcc-dfb3-46cd-b45d-65c38fbb9d85: start 4132dfcc-dfb3-46cd-b45d-65c38fbb9d85@group-66D6D02993E9-LeaderElection15
2020-12-30 01:57:26,040 [4132dfcc-dfb3-46cd-b45d-65c38fbb9d85@group-66D6D02993E9-LeaderElection15] INFO  impl.LeaderElection (LeaderElection.java:askForVotes(219)) - 4132dfcc-dfb3-46cd-b45d-65c38fbb9d85@group-66D6D02993E9-LeaderElection15: begin an election at term 1 for -1: [4132dfcc-dfb3-46cd-b45d-65c38fbb9d85|rpc:172.17.0.2:46769], old=null
2020-12-30 01:57:26,040 [4132dfcc-dfb3-46cd-b45d-65c38fbb9d85@group-66D6D02993E9-LeaderElection15] INFO  impl.RoleInfo (RoleInfo.java:shutdownLeaderElection(121)) - 4132dfcc-dfb3-46cd-b45d-65c38fbb9d85: shutdown 4132dfcc-dfb3-46cd-b45d-65c38fbb9d85@group-66D6D02993E9-LeaderElection15
2020-12-30 01:57:26,040 [4132dfcc-dfb3-46cd-b45d-65c38fbb9d85@group-66D6D02993E9-LeaderElection15] INFO  server.RaftServer$Division (RaftServerImpl.java:setRole(275)) - 4132dfcc-dfb3-46cd-b45d-65c38fbb9d85@group-66D6D02993E9: changes role from CANDIDATE to LEADER at term 1 for changeToLeader
2020-12-30 01:57:26,040 [4132dfcc-dfb3-46cd-b45d-65c38fbb9d85@group-66D6D02993E9-LeaderElection15] INFO  ratis.XceiverServerRatis (XceiverServerRatis.java:handleLeaderChangedNotification(862)) - Leader change notification received for group: group-66D6D02993E9 with new leaderId: 4132dfcc-dfb3-46cd-b45d-65c38fbb9d85
2020-12-30 01:57:26,040 [4132dfcc-dfb3-46cd-b45d-65c38fbb9d85@group-66D6D02993E9-LeaderElection15] INFO  server.RaftServer$Division (ServerState.java:setLeader(258)) - 4132dfcc-dfb3-46cd-b45d-65c38fbb9d85@group-66D6D02993E9: change Leader from null to 4132dfcc-dfb3-46cd-b45d-65c38fbb9d85 at term 1 for becomeLeader, leader elected after 5144ms
2020-12-30 01:57:26,040 [4132dfcc-dfb3-46cd-b45d-65c38fbb9d85@group-66D6D02993E9-LeaderElection15] INFO  server.RaftServerConfigKeys (ConfUtils.java:logGet(44)) - raft.server.staging.catchup.gap = 1000 (default)
2020-12-30 01:57:26,040 [4132dfcc-dfb3-46cd-b45d-65c38fbb9d85@group-66D6D02993E9-LeaderElection15] INFO  metrics.RatisMetrics (RatisMetrics.java:lambda$create$0(36)) - Creating Metrics Registry : ratis.log_appender.4132dfcc-dfb3-46cd-b45d-65c38fbb9d85@group-66D6D02993E9
2020-12-30 01:57:26,040 [4132dfcc-dfb3-46cd-b45d-65c38fbb9d85@group-66D6D02993E9-LeaderElection15] INFO  server.RaftServerConfigKeys (ConfUtils.java:logGet(44)) - raft.server.write.element-limit = 1024 (custom)
2020-12-30 01:57:26,040 [4132dfcc-dfb3-46cd-b45d-65c38fbb9d85@group-66D6D02993E9-LeaderElection15] INFO  server.RaftServerConfigKeys (ConfUtils.java:logGet(44)) - raft.server.write.byte-limit = 1073741824 (custom)
2020-12-30 01:57:26,041 [4132dfcc-dfb3-46cd-b45d-65c38fbb9d85@group-66D6D02993E9-LeaderElection15] INFO  server.RaftServerConfigKeys (ConfUtils.java:logGet(44)) - raft.server.watch.timeout = 180s (custom)
2020-12-30 01:57:26,041 [4132dfcc-dfb3-46cd-b45d-65c38fbb9d85@group-66D6D02993E9-LeaderElection15] INFO  server.RaftServerConfigKeys (ConfUtils.java:logGet(44)) - raft.server.watch.timeout.denomination = 1s (default)
2020-12-30 01:57:26,041 [4132dfcc-dfb3-46cd-b45d-65c38fbb9d85@group-66D6D02993E9-LeaderElection15] INFO  server.RaftServerConfigKeys (ConfUtils.java:logGet(44)) - raft.server.watch.element-limit = 65536 (default)
2020-12-30 01:57:26,041 [4132dfcc-dfb3-46cd-b45d-65c38fbb9d85@group-66D6D02993E9-LeaderElection15] INFO  impl.RoleInfo (RoleInfo.java:updateAndGet(130)) - 4132dfcc-dfb3-46cd-b45d-65c38fbb9d85: start 4132dfcc-dfb3-46cd-b45d-65c38fbb9d85@group-66D6D02993E9-LeaderStateImpl
2020-12-30 01:57:26,041 [4132dfcc-dfb3-46cd-b45d-65c38fbb9d85@group-66D6D02993E9-LeaderElection15] INFO  segmented.SegmentedRaftLogWorker (SegmentedRaftLogWorker.java:startLogSegment(392)) - 4132dfcc-dfb3-46cd-b45d-65c38fbb9d85@group-66D6D02993E9-SegmentedRaftLogWorker: Starting segment from index:0
2020-12-30 01:57:26,042 [4132dfcc-dfb3-46cd-b45d-65c38fbb9d85@group-66D6D02993E9-LeaderElection15] INFO  server.RaftServer$Division (ServerState.java:setRaftConf(374)) - 4132dfcc-dfb3-46cd-b45d-65c38fbb9d85@group-66D6D02993E9: set configuration 0: [4132dfcc-dfb3-46cd-b45d-65c38fbb9d85|rpc:172.17.0.2:46769|dataStream:], old=null at 0
2020-12-30 01:57:26,047 [4132dfcc-dfb3-46cd-b45d-65c38fbb9d85@group-66D6D02993E9-SegmentedRaftLogWorker] INFO  segmented.SegmentedRaftLogWorker (SegmentedRaftLogWorker.java:execute(599)) - 4132dfcc-dfb3-46cd-b45d-65c38fbb9d85@group-66D6D02993E9-SegmentedRaftLogWorker: created new log segment /github/workspace/mnt/ozone/hadoop-ozone/integration-test/target/test-dir/MiniOzoneClusterImpl-885a2ac6-dd28-4da4-9cce-7871c001d77b/datanode-4/data/ratis/e53f958b-7dd2-4f07-ae5a-66d6d02993e9/current/log_inprogress_0
2020-12-30 01:57:26,063 [Listener at 127.0.0.1/41627] INFO  ozone.MiniOzoneClusterImpl (MiniOzoneClusterImpl.java:lambda$waitForClusterToBeReady$0(178)) - Nodes are ready. Got 6 of 6 DN Heartbeats.
2020-12-30 01:57:26,063 [Listener at 127.0.0.1/41627] INFO  ozone.MiniOzoneClusterImpl (MiniOzoneClusterImpl.java:lambda$waitForClusterToBeReady$0(181)) - Cluster exits safe mode
2020-12-30 01:57:26,083 [Listener at 127.0.0.1/41627] INFO  rpc.RpcClient (RpcClient.java:createVolume(273)) - Creating Volume: vol1, with user87972 as owner.
2020-12-30 01:57:26,085 [IPC Server handler 1 on default port 41627] INFO  volume.OMVolumeCreateRequest (OMVolumeCreateRequest.java:validateAndUpdateCache(196)) - created volume:vol1 for user:user87972
2020-12-30 01:57:26,088 [Listener at 127.0.0.1/41627] INFO  rpc.RpcClient (RpcClient.java:createBucket(429)) - Creating Bucket: vol1/bucket1, with Versioning false and Storage Type set to DISK and Encryption set to false 
2020-12-30 01:57:26,108 [Listener at 127.0.0.1/41627] INFO  metrics.RatisMetrics (RatisMetrics.java:lambda$create$0(36)) - Creating Metrics Registry : ratis.client_message_metrics.client-4FCC080951B4->4132dfcc-dfb3-46cd-b45d-65c38fbb9d85
2020-12-30 01:57:26,213 [Thread-843] INFO  impl.FollowerState (FollowerState.java:run(133)) - 2c3d9932-485f-47f8-8613-8bedf6c861f7@group-2117576E5059-FollowerState: change to CANDIDATE, lastRpcElapsedTime:5129364274ns, electionTimeout:5129ms
2020-12-30 01:57:26,213 [Thread-843] INFO  impl.RoleInfo (RoleInfo.java:shutdownFollowerState(108)) - 2c3d9932-485f-47f8-8613-8bedf6c861f7: shutdown 2c3d9932-485f-47f8-8613-8bedf6c861f7@group-2117576E5059-FollowerState
2020-12-30 01:57:26,213 [Thread-843] INFO  server.RaftServer$Division (RaftServerImpl.java:setRole(275)) - 2c3d9932-485f-47f8-8613-8bedf6c861f7@group-2117576E5059: changes role from  FOLLOWER to CANDIDATE at term 0 for changeToCandidate
2020-12-30 01:57:26,213 [Thread-843] INFO  impl.RoleInfo (RoleInfo.java:updateAndGet(130)) - 2c3d9932-485f-47f8-8613-8bedf6c861f7: start 2c3d9932-485f-47f8-8613-8bedf6c861f7@group-2117576E5059-LeaderElection16
2020-12-30 01:57:26,229 [2c3d9932-485f-47f8-8613-8bedf6c861f7@group-2117576E5059-LeaderElection16] INFO  impl.LeaderElection (LeaderElection.java:askForVotes(219)) - 2c3d9932-485f-47f8-8613-8bedf6c861f7@group-2117576E5059-LeaderElection16: begin an election at term 1 for -1: [2c3d9932-485f-47f8-8613-8bedf6c861f7|rpc:172.17.0.2:36507], old=null
2020-12-30 01:57:26,229 [2c3d9932-485f-47f8-8613-8bedf6c861f7@group-2117576E5059-LeaderElection16] INFO  impl.RoleInfo (RoleInfo.java:shutdownLeaderElection(121)) - 2c3d9932-485f-47f8-8613-8bedf6c861f7: shutdown 2c3d9932-485f-47f8-8613-8bedf6c861f7@group-2117576E5059-LeaderElection16
2020-12-30 01:57:26,229 [2c3d9932-485f-47f8-8613-8bedf6c861f7@group-2117576E5059-LeaderElection16] INFO  server.RaftServer$Division (RaftServerImpl.java:setRole(275)) - 2c3d9932-485f-47f8-8613-8bedf6c861f7@group-2117576E5059: changes role from CANDIDATE to LEADER at term 1 for changeToLeader
2020-12-30 01:57:26,229 [2c3d9932-485f-47f8-8613-8bedf6c861f7@group-2117576E5059-LeaderElection16] INFO  ratis.XceiverServerRatis (XceiverServerRatis.java:handleLeaderChangedNotification(862)) - Leader change notification received for group: group-2117576E5059 with new leaderId: 2c3d9932-485f-47f8-8613-8bedf6c861f7
2020-12-30 01:57:26,230 [2c3d9932-485f-47f8-8613-8bedf6c861f7@group-2117576E5059-LeaderElection16] INFO  server.RaftServer$Division (ServerState.java:setLeader(258)) - 2c3d9932-485f-47f8-8613-8bedf6c861f7@group-2117576E5059: change Leader from null to 2c3d9932-485f-47f8-8613-8bedf6c861f7 at term 1 for becomeLeader, leader elected after 5160ms
2020-12-30 01:57:26,230 [2c3d9932-485f-47f8-8613-8bedf6c861f7@group-2117576E5059-LeaderElection16] INFO  server.RaftServerConfigKeys (ConfUtils.java:logGet(44)) - raft.server.staging.catchup.gap = 1000 (default)
2020-12-30 01:57:26,230 [2c3d9932-485f-47f8-8613-8bedf6c861f7@group-2117576E5059-LeaderElection16] INFO  metrics.RatisMetrics (RatisMetrics.java:lambda$create$0(36)) - Creating Metrics Registry : ratis.log_appender.2c3d9932-485f-47f8-8613-8bedf6c861f7@group-2117576E5059
2020-12-30 01:57:26,231 [2c3d9932-485f-47f8-8613-8bedf6c861f7@group-2117576E5059-LeaderElection16] INFO  server.RaftServerConfigKeys (ConfUtils.java:logGet(44)) - raft.server.write.element-limit = 1024 (custom)
2020-12-30 01:57:26,231 [2c3d9932-485f-47f8-8613-8bedf6c861f7@group-2117576E5059-LeaderElection16] INFO  server.RaftServerConfigKeys (ConfUtils.java:logGet(44)) - raft.server.write.byte-limit = 1073741824 (custom)
2020-12-30 01:57:26,231 [2c3d9932-485f-47f8-8613-8bedf6c861f7@group-2117576E5059-LeaderElection16] INFO  server.RaftServerConfigKeys (ConfUtils.java:logGet(44)) - raft.server.watch.timeout = 180s (custom)
2020-12-30 01:57:26,231 [2c3d9932-485f-47f8-8613-8bedf6c861f7@group-2117576E5059-LeaderElection16] INFO  server.RaftServerConfigKeys (ConfUtils.java:logGet(44)) - raft.server.watch.timeout.denomination = 1s (default)
2020-12-30 01:57:26,232 [2c3d9932-485f-47f8-8613-8bedf6c861f7@group-2117576E5059-LeaderElection16] INFO  server.RaftServerConfigKeys (ConfUtils.java:logGet(44)) - raft.server.watch.element-limit = 65536 (default)
2020-12-30 01:57:26,232 [2c3d9932-485f-47f8-8613-8bedf6c861f7@group-2117576E5059-LeaderElection16] INFO  impl.RoleInfo (RoleInfo.java:updateAndGet(130)) - 2c3d9932-485f-47f8-8613-8bedf6c861f7: start 2c3d9932-485f-47f8-8613-8bedf6c861f7@group-2117576E5059-LeaderStateImpl
2020-12-30 01:57:26,232 [2c3d9932-485f-47f8-8613-8bedf6c861f7@group-2117576E5059-LeaderElection16] INFO  segmented.SegmentedRaftLogWorker (SegmentedRaftLogWorker.java:startLogSegment(392)) - 2c3d9932-485f-47f8-8613-8bedf6c861f7@group-2117576E5059-SegmentedRaftLogWorker: Starting segment from index:0
2020-12-30 01:57:26,233 [2c3d9932-485f-47f8-8613-8bedf6c861f7@group-2117576E5059-SegmentedRaftLogWorker] INFO  segmented.SegmentedRaftLogWorker (SegmentedRaftLogWorker.java:execute(599)) - 2c3d9932-485f-47f8-8613-8bedf6c861f7@group-2117576E5059-SegmentedRaftLogWorker: created new log segment /github/workspace/mnt/ozone/hadoop-ozone/integration-test/target/test-dir/MiniOzoneClusterImpl-885a2ac6-dd28-4da4-9cce-7871c001d77b/datanode-5/data/ratis/b4653daa-82c1-408f-b07a-2117576e5059/current/log_inprogress_0
2020-12-30 01:57:26,237 [2c3d9932-485f-47f8-8613-8bedf6c861f7@group-2117576E5059-LeaderElection16] INFO  server.RaftServer$Division (ServerState.java:setRaftConf(374)) - 2c3d9932-485f-47f8-8613-8bedf6c861f7@group-2117576E5059: set configuration 0: [2c3d9932-485f-47f8-8613-8bedf6c861f7|rpc:172.17.0.2:36507|dataStream:], old=null at 0
2020-12-30 01:57:28,316 [EventQueue-Delayed safe mode statusForReplicationManager] INFO  container.ReplicationManager (ReplicationManager.java:start(186)) - Starting Replication Monitor Thread.
2020-12-30 01:57:28,317 [ReplicationMonitor] INFO  container.ReplicationManager (ReplicationManager.java:run(250)) - Replication Monitor Thread took 0 milliseconds for processing 2 containers.
2020-12-30 01:57:29,317 [ReplicationMonitor] INFO  container.ReplicationManager (ReplicationManager.java:run(250)) - Replication Monitor Thread took 1 milliseconds for processing 2 containers.
2020-12-30 01:57:30,318 [ReplicationMonitor] INFO  container.ReplicationManager (ReplicationManager.java:run(250)) - Replication Monitor Thread took 0 milliseconds for processing 2 containers.
2020-12-30 01:57:31,318 [ReplicationMonitor] INFO  container.ReplicationManager (ReplicationManager.java:run(250)) - Replication Monitor Thread took 0 milliseconds for processing 2 containers.
2020-12-30 01:57:31,383 [Listener at 127.0.0.1/41627] INFO  metrics.RatisMetrics (RatisMetrics.java:lambda$create$0(36)) - Creating Metrics Registry : ratis.client_message_metrics.client-653FEBD5262E->3ab91bad-9694-4126-92ff-ecec9fe4c4aa
2020-12-30 01:57:32,319 [ReplicationMonitor] INFO  container.ReplicationManager (ReplicationManager.java:run(250)) - Replication Monitor Thread took 0 milliseconds for processing 4 containers.
2020-12-30 01:57:33,320 [ReplicationMonitor] INFO  container.ReplicationManager (ReplicationManager.java:run(250)) - Replication Monitor Thread took 0 milliseconds for processing 4 containers.
2020-12-30 01:57:34,320 [ReplicationMonitor] INFO  container.ReplicationManager (ReplicationManager.java:run(250)) - Replication Monitor Thread took 0 milliseconds for processing 4 containers.
2020-12-30 01:57:34,600 [IPC Server handler 0 on default port 35559] INFO  node.NodeDecommissionManager (NodeDecommissionManager.java:startMaintenance(344)) - Starting Maintenance for node 2c3d9932-485f-47f8-8613-8bedf6c861f7{ip: 172.17.0.2, host: e0a7f95c34ff, networkLocation: /default-rack, certSerialId: null, persistedOpState: IN_SERVICE, persistedOpStateExpiryEpochSec: 0}
2020-12-30 01:57:34,600 [IPC Server handler 0 on default port 35559] INFO  node.NodeDecommissionManager (NodeDecommissionManager.java:startMaintenance(344)) - Starting Maintenance for node 4132dfcc-dfb3-46cd-b45d-65c38fbb9d85{ip: 172.17.0.2, host: e0a7f95c34ff, networkLocation: /default-rack, certSerialId: null, persistedOpState: IN_SERVICE, persistedOpStateExpiryEpochSec: 0}
2020-12-30 01:57:34,600 [IPC Server handler 0 on default port 35559] INFO  node.NodeDecommissionManager (NodeDecommissionManager.java:startMaintenance(344)) - Starting Maintenance for node 259e8d3c-ac3a-47ce-8b98-4ae0c616001a{ip: 172.17.0.2, host: e0a7f95c34ff, networkLocation: /default-rack, certSerialId: null, persistedOpState: IN_SERVICE, persistedOpStateExpiryEpochSec: 0}
2020-12-30 01:57:34,743 [DatanodeAdminManager-0] INFO  node.DatanodeAdminMonitorImpl (DatanodeAdminMonitorImpl.java:checkPipelinesClosedOnNode(267)) - Waiting for pipelines to close for 4132dfcc-dfb3-46cd-b45d-65c38fbb9d85{ip: 172.17.0.2, host: e0a7f95c34ff, networkLocation: /default-rack, certSerialId: null, persistedOpState: IN_SERVICE, persistedOpStateExpiryEpochSec: 0}. There are 2 pipelines
2020-12-30 01:57:34,743 [EventQueue-StartAdminOnNodeForStartDatanodeAdminHandler] INFO  node.StartDatanodeAdminHandler (StartDatanodeAdminHandler.java:onMessage(56)) - Admin start on datanode 2c3d9932-485f-47f8-8613-8bedf6c861f7{ip: 172.17.0.2, host: e0a7f95c34ff, networkLocation: /default-rack, certSerialId: null, persistedOpState: IN_SERVICE, persistedOpStateExpiryEpochSec: 0}. Finalizing its pipelines [PipelineID=b4653daa-82c1-408f-b07a-2117576e5059, PipelineID=512e6835-8f0e-4057-b950-1814ff02f9ca]
2020-12-30 01:57:34,743 [DatanodeAdminManager-0] INFO  node.DatanodeAdminMonitorImpl (DatanodeAdminMonitorImpl.java:checkPipelinesClosedOnNode(267)) - Waiting for pipelines to close for 259e8d3c-ac3a-47ce-8b98-4ae0c616001a{ip: 172.17.0.2, host: e0a7f95c34ff, networkLocation: /default-rack, certSerialId: null, persistedOpState: IN_SERVICE, persistedOpStateExpiryEpochSec: 0}. There are 2 pipelines
2020-12-30 01:57:34,744 [DatanodeAdminManager-0] INFO  node.DatanodeAdminMonitorImpl (DatanodeAdminMonitorImpl.java:checkPipelinesClosedOnNode(267)) - Waiting for pipelines to close for 2c3d9932-485f-47f8-8613-8bedf6c861f7{ip: 172.17.0.2, host: e0a7f95c34ff, networkLocation: /default-rack, certSerialId: null, persistedOpState: IN_SERVICE, persistedOpStateExpiryEpochSec: 0}. There are 2 pipelines
2020-12-30 01:57:34,744 [DatanodeAdminManager-0] INFO  node.DatanodeAdminMonitorImpl (DatanodeAdminMonitorImpl.java:run(136)) - There are 3 nodes tracked for decommission and maintenance. 0 pending nodes.
2020-12-30 01:57:34,744 [EventQueue-StartAdminOnNodeForStartDatanodeAdminHandler] INFO  pipeline.SCMPipelineManager (SCMPipelineManager.java:finalizeAndDestroyPipeline(482)) - Destroying pipeline:Pipeline[ Id: b4653daa-82c1-408f-b07a-2117576e5059, Nodes: 2c3d9932-485f-47f8-8613-8bedf6c861f7{ip: 172.17.0.2, host: e0a7f95c34ff, networkLocation: /default-rack, certSerialId: null, persistedOpState: IN_SERVICE, persistedOpStateExpiryEpochSec: 0}, Type:RATIS, Factor:ONE, State:OPEN, leaderId:2c3d9932-485f-47f8-8613-8bedf6c861f7, CreationTimestamp2020-12-30T01:57:18.065Z]
2020-12-30 01:57:34,744 [EventQueue-StartAdminOnNodeForStartDatanodeAdminHandler] INFO  pipeline.PipelineStateManager (PipelineStateManager.java:finalizePipeline(121)) - Pipeline Pipeline[ Id: b4653daa-82c1-408f-b07a-2117576e5059, Nodes: 2c3d9932-485f-47f8-8613-8bedf6c861f7{ip: 172.17.0.2, host: e0a7f95c34ff, networkLocation: /default-rack, certSerialId: null, persistedOpState: IN_SERVICE, persistedOpStateExpiryEpochSec: 0}, Type:RATIS, Factor:ONE, State:CLOSED, leaderId:2c3d9932-485f-47f8-8613-8bedf6c861f7, CreationTimestamp2020-12-30T01:57:18.065Z] moved to CLOSED state
2020-12-30 01:57:34,745 [EventQueue-StartAdminOnNodeForStartDatanodeAdminHandler] INFO  pipeline.RatisPipelineProvider (RatisPipelineProvider.java:lambda$close$1(199)) - Send pipeline:PipelineID=b4653daa-82c1-408f-b07a-2117576e5059 close command to datanode 2c3d9932-485f-47f8-8613-8bedf6c861f7
2020-12-30 01:57:34,745 [EventQueue-StartAdminOnNodeForStartDatanodeAdminHandler] INFO  pipeline.PipelineStateManager (PipelineStateManager.java:removePipeline(106)) - Pipeline Pipeline[ Id: b4653daa-82c1-408f-b07a-2117576e5059, Nodes: 2c3d9932-485f-47f8-8613-8bedf6c861f7{ip: 172.17.0.2, host: e0a7f95c34ff, networkLocation: /default-rack, certSerialId: null, persistedOpState: IN_SERVICE, persistedOpStateExpiryEpochSec: 0}, Type:RATIS, Factor:ONE, State:CLOSED, leaderId:2c3d9932-485f-47f8-8613-8bedf6c861f7, CreationTimestamp2020-12-30T01:57:18.065Z] removed from db
2020-12-30 01:57:34,746 [EventQueue-StartAdminOnNodeForStartDatanodeAdminHandler] INFO  pipeline.SCMPipelineManager (SCMPipelineManager.java:finalizeAndDestroyPipeline(482)) - Destroying pipeline:Pipeline[ Id: 512e6835-8f0e-4057-b950-1814ff02f9ca, Nodes: 4132dfcc-dfb3-46cd-b45d-65c38fbb9d85{ip: 172.17.0.2, host: e0a7f95c34ff, networkLocation: /default-rack, certSerialId: null, persistedOpState: IN_SERVICE, persistedOpStateExpiryEpochSec: 0}259e8d3c-ac3a-47ce-8b98-4ae0c616001a{ip: 172.17.0.2, host: e0a7f95c34ff, networkLocation: /default-rack, certSerialId: null, persistedOpState: IN_SERVICE, persistedOpStateExpiryEpochSec: 0}2c3d9932-485f-47f8-8613-8bedf6c861f7{ip: 172.17.0.2, host: e0a7f95c34ff, networkLocation: /default-rack, certSerialId: null, persistedOpState: IN_SERVICE, persistedOpStateExpiryEpochSec: 0}, Type:RATIS, Factor:THREE, State:OPEN, leaderId:4132dfcc-dfb3-46cd-b45d-65c38fbb9d85, CreationTimestamp2020-12-30T01:57:18.067Z]
2020-12-30 01:57:34,746 [EventQueue-StartAdminOnNodeForStartDatanodeAdminHandler] INFO  pipeline.PipelineStateManager (PipelineStateManager.java:finalizePipeline(121)) - Pipeline Pipeline[ Id: 512e6835-8f0e-4057-b950-1814ff02f9ca, Nodes: 4132dfcc-dfb3-46cd-b45d-65c38fbb9d85{ip: 172.17.0.2, host: e0a7f95c34ff, networkLocation: /default-rack, certSerialId: null, persistedOpState: IN_SERVICE, persistedOpStateExpiryEpochSec: 0}259e8d3c-ac3a-47ce-8b98-4ae0c616001a{ip: 172.17.0.2, host: e0a7f95c34ff, networkLocation: /default-rack, certSerialId: null, persistedOpState: IN_SERVICE, persistedOpStateExpiryEpochSec: 0}2c3d9932-485f-47f8-8613-8bedf6c861f7{ip: 172.17.0.2, host: e0a7f95c34ff, networkLocation: /default-rack, certSerialId: null, persistedOpState: IN_SERVICE, persistedOpStateExpiryEpochSec: 0}, Type:RATIS, Factor:THREE, State:CLOSED, leaderId:4132dfcc-dfb3-46cd-b45d-65c38fbb9d85, CreationTimestamp2020-12-30T01:57:18.067Z] moved to CLOSED state
2020-12-30 01:57:34,747 [EventQueue-StartAdminOnNodeForStartDatanodeAdminHandler] INFO  pipeline.RatisPipelineProvider (RatisPipelineProvider.java:lambda$close$1(199)) - Send pipeline:PipelineID=512e6835-8f0e-4057-b950-1814ff02f9ca close command to datanode 4132dfcc-dfb3-46cd-b45d-65c38fbb9d85
2020-12-30 01:57:34,747 [EventQueue-CloseContainerForCloseContainerEventHandler] INFO  container.CloseContainerEventHandler (CloseContainerEventHandler.java:onMessage(61)) - Close container Event triggered for container : #1
2020-12-30 01:57:34,747 [EventQueue-StartAdminOnNodeForStartDatanodeAdminHandler] INFO  pipeline.RatisPipelineProvider (RatisPipelineProvider.java:lambda$close$1(199)) - Send pipeline:PipelineID=512e6835-8f0e-4057-b950-1814ff02f9ca close command to datanode 259e8d3c-ac3a-47ce-8b98-4ae0c616001a
2020-12-30 01:57:34,748 [EventQueue-StartAdminOnNodeForStartDatanodeAdminHandler] INFO  pipeline.RatisPipelineProvider (RatisPipelineProvider.java:lambda$close$1(199)) - Send pipeline:PipelineID=512e6835-8f0e-4057-b950-1814ff02f9ca close command to datanode 2c3d9932-485f-47f8-8613-8bedf6c861f7
2020-12-30 01:57:34,748 [EventQueue-CloseContainerForCloseContainerEventHandler] INFO  container.CloseContainerEventHandler (CloseContainerEventHandler.java:onMessage(61)) - Close container Event triggered for container : #2
2020-12-30 01:57:34,749 [EventQueue-StartAdminOnNodeForStartDatanodeAdminHandler] INFO  pipeline.PipelineStateManager (PipelineStateManager.java:removePipeline(106)) - Pipeline Pipeline[ Id: 512e6835-8f0e-4057-b950-1814ff02f9ca, Nodes: 4132dfcc-dfb3-46cd-b45d-65c38fbb9d85{ip: 172.17.0.2, host: e0a7f95c34ff, networkLocation: /default-rack, certSerialId: null, persistedOpState: IN_SERVICE, persistedOpStateExpiryEpochSec: 0}259e8d3c-ac3a-47ce-8b98-4ae0c616001a{ip: 172.17.0.2, host: e0a7f95c34ff, networkLocation: /default-rack, certSerialId: null, persistedOpState: IN_SERVICE, persistedOpStateExpiryEpochSec: 0}2c3d9932-485f-47f8-8613-8bedf6c861f7{ip: 172.17.0.2, host: e0a7f95c34ff, networkLocation: /default-rack, certSerialId: null, persistedOpState: IN_SERVICE, persistedOpStateExpiryEpochSec: 0}, Type:RATIS, Factor:THREE, State:CLOSED, leaderId:4132dfcc-dfb3-46cd-b45d-65c38fbb9d85, CreationTimestamp2020-12-30T01:57:18.067Z] removed from db
2020-12-30 01:57:34,749 [EventQueue-StartAdminOnNodeForStartDatanodeAdminHandler] INFO  node.StartDatanodeAdminHandler (StartDatanodeAdminHandler.java:onMessage(56)) - Admin start on datanode 4132dfcc-dfb3-46cd-b45d-65c38fbb9d85{ip: 172.17.0.2, host: e0a7f95c34ff, networkLocation: /default-rack, certSerialId: null, persistedOpState: IN_SERVICE, persistedOpStateExpiryEpochSec: 0}. Finalizing its pipelines [PipelineID=e53f958b-7dd2-4f07-ae5a-66d6d02993e9]
2020-12-30 01:57:34,751 [EventQueue-CloseContainerForCloseContainerEventHandler] WARN  container.SCMContainerManager (SCMContainerManager.java:updateContainerState(367)) - Unable to remove container #2 from pipeline PipelineID=512e6835-8f0e-4057-b950-1814ff02f9ca  as the pipeline no longer exists
2020-12-30 01:57:34,751 [EventQueue-StartAdminOnNodeForStartDatanodeAdminHandler] INFO  pipeline.SCMPipelineManager (SCMPipelineManager.java:finalizeAndDestroyPipeline(482)) - Destroying pipeline:Pipeline[ Id: e53f958b-7dd2-4f07-ae5a-66d6d02993e9, Nodes: 4132dfcc-dfb3-46cd-b45d-65c38fbb9d85{ip: 172.17.0.2, host: e0a7f95c34ff, networkLocation: /default-rack, certSerialId: null, persistedOpState: IN_SERVICE, persistedOpStateExpiryEpochSec: 0}, Type:RATIS, Factor:ONE, State:OPEN, leaderId:4132dfcc-dfb3-46cd-b45d-65c38fbb9d85, CreationTimestamp2020-12-30T01:57:17.889Z]
2020-12-30 01:57:34,757 [EventQueue-StartAdminOnNodeForStartDatanodeAdminHandler] INFO  pipeline.PipelineStateManager (PipelineStateManager.java:finalizePipeline(121)) - Pipeline Pipeline[ Id: e53f958b-7dd2-4f07-ae5a-66d6d02993e9, Nodes: 4132dfcc-dfb3-46cd-b45d-65c38fbb9d85{ip: 172.17.0.2, host: e0a7f95c34ff, networkLocation: /default-rack, certSerialId: null, persistedOpState: IN_SERVICE, persistedOpStateExpiryEpochSec: 0}, Type:RATIS, Factor:ONE, State:CLOSED, leaderId:4132dfcc-dfb3-46cd-b45d-65c38fbb9d85, CreationTimestamp2020-12-30T01:57:17.889Z] moved to CLOSED state
2020-12-30 01:57:34,757 [EventQueue-StartAdminOnNodeForStartDatanodeAdminHandler] INFO  pipeline.RatisPipelineProvider (RatisPipelineProvider.java:lambda$close$1(199)) - Send pipeline:PipelineID=e53f958b-7dd2-4f07-ae5a-66d6d02993e9 close command to datanode 4132dfcc-dfb3-46cd-b45d-65c38fbb9d85
2020-12-30 01:57:34,757 [EventQueue-StartAdminOnNodeForStartDatanodeAdminHandler] INFO  pipeline.PipelineStateManager (PipelineStateManager.java:removePipeline(106)) - Pipeline Pipeline[ Id: e53f958b-7dd2-4f07-ae5a-66d6d02993e9, Nodes: 4132dfcc-dfb3-46cd-b45d-65c38fbb9d85{ip: 172.17.0.2, host: e0a7f95c34ff, networkLocation: /default-rack, certSerialId: null, persistedOpState: IN_SERVICE, persistedOpStateExpiryEpochSec: 0}, Type:RATIS, Factor:ONE, State:CLOSED, leaderId:4132dfcc-dfb3-46cd-b45d-65c38fbb9d85, CreationTimestamp2020-12-30T01:57:17.889Z] removed from db
2020-12-30 01:57:34,757 [EventQueue-StartAdminOnNodeForStartDatanodeAdminHandler] INFO  node.StartDatanodeAdminHandler (StartDatanodeAdminHandler.java:onMessage(56)) - Admin start on datanode 259e8d3c-ac3a-47ce-8b98-4ae0c616001a{ip: 172.17.0.2, host: e0a7f95c34ff, networkLocation: /default-rack, certSerialId: null, persistedOpState: IN_SERVICE, persistedOpStateExpiryEpochSec: 0}. Finalizing its pipelines [PipelineID=2bf725b0-85c6-4520-97e9-58b442b1809e]
2020-12-30 01:57:34,757 [EventQueue-StartAdminOnNodeForStartDatanodeAdminHandler] INFO  pipeline.SCMPipelineManager (SCMPipelineManager.java:finalizeAndDestroyPipeline(482)) - Destroying pipeline:Pipeline[ Id: 2bf725b0-85c6-4520-97e9-58b442b1809e, Nodes: 259e8d3c-ac3a-47ce-8b98-4ae0c616001a{ip: 172.17.0.2, host: e0a7f95c34ff, networkLocation: /default-rack, certSerialId: null, persistedOpState: IN_SERVICE, persistedOpStateExpiryEpochSec: 0}, Type:RATIS, Factor:ONE, State:OPEN, leaderId:259e8d3c-ac3a-47ce-8b98-4ae0c616001a, CreationTimestamp2020-12-30T01:57:17.698Z]
2020-12-30 01:57:34,758 [EventQueue-StartAdminOnNodeForStartDatanodeAdminHandler] INFO  pipeline.PipelineStateManager (PipelineStateManager.java:finalizePipeline(121)) - Pipeline Pipeline[ Id: 2bf725b0-85c6-4520-97e9-58b442b1809e, Nodes: 259e8d3c-ac3a-47ce-8b98-4ae0c616001a{ip: 172.17.0.2, host: e0a7f95c34ff, networkLocation: /default-rack, certSerialId: null, persistedOpState: IN_SERVICE, persistedOpStateExpiryEpochSec: 0}, Type:RATIS, Factor:ONE, State:CLOSED, leaderId:259e8d3c-ac3a-47ce-8b98-4ae0c616001a, CreationTimestamp2020-12-30T01:57:17.698Z] moved to CLOSED state
2020-12-30 01:57:34,758 [EventQueue-StartAdminOnNodeForStartDatanodeAdminHandler] INFO  pipeline.RatisPipelineProvider (RatisPipelineProvider.java:lambda$close$1(199)) - Send pipeline:PipelineID=2bf725b0-85c6-4520-97e9-58b442b1809e close command to datanode 259e8d3c-ac3a-47ce-8b98-4ae0c616001a
2020-12-30 01:57:34,758 [EventQueue-StartAdminOnNodeForStartDatanodeAdminHandler] INFO  pipeline.PipelineStateManager (PipelineStateManager.java:removePipeline(106)) - Pipeline Pipeline[ Id: 2bf725b0-85c6-4520-97e9-58b442b1809e, Nodes: 259e8d3c-ac3a-47ce-8b98-4ae0c616001a{ip: 172.17.0.2, host: e0a7f95c34ff, networkLocation: /default-rack, certSerialId: null, persistedOpState: IN_SERVICE, persistedOpStateExpiryEpochSec: 0}, Type:RATIS, Factor:ONE, State:CLOSED, leaderId:259e8d3c-ac3a-47ce-8b98-4ae0c616001a, CreationTimestamp2020-12-30T01:57:17.698Z] removed from db
2020-12-30 01:57:35,246 [IPC Server handler 11 on default port 43765] INFO  node.SCMNodeManager (SCMNodeManager.java:updateDatanodeOpState(419)) - Scheduling a command to update the operationalState persisted on the datanode as the reported value (IN_SERVICE, 0) does not match the value stored in SCM (ENTERING_MAINTENANCE, 0)
2020-12-30 01:57:35,254 [IPC Server handler 14 on default port 43765] INFO  node.SCMNodeManager (SCMNodeManager.java:updateDatanodeOpState(419)) - Scheduling a command to update the operationalState persisted on the datanode as the reported value (IN_SERVICE, 0) does not match the value stored in SCM (ENTERING_MAINTENANCE, 0)
2020-12-30 01:57:35,266 [IPC Server handler 18 on default port 43765] INFO  node.SCMNodeManager (SCMNodeManager.java:updateDatanodeOpState(419)) - Scheduling a command to update the operationalState persisted on the datanode as the reported value (IN_SERVICE, 0) does not match the value stored in SCM (ENTERING_MAINTENANCE, 0)
2020-12-30 01:57:35,321 [ReplicationMonitor] INFO  container.ReplicationManager (ReplicationManager.java:sendCloseCommand(948)) - Sending close container command for container #1 to datanode 2c3d9932-485f-47f8-8613-8bedf6c861f7{ip: 172.17.0.2, host: e0a7f95c34ff, networkLocation: /default-rack, certSerialId: null, persistedOpState: IN_SERVICE, persistedOpStateExpiryEpochSec: 0}.
2020-12-30 01:57:35,321 [ReplicationMonitor] INFO  container.ReplicationManager (ReplicationManager.java:sendCloseCommand(948)) - Sending close container command for container #1 to datanode 4132dfcc-dfb3-46cd-b45d-65c38fbb9d85{ip: 172.17.0.2, host: e0a7f95c34ff, networkLocation: /default-rack, certSerialId: null, persistedOpState: IN_SERVICE, persistedOpStateExpiryEpochSec: 0}.
2020-12-30 01:57:35,321 [ReplicationMonitor] INFO  container.ReplicationManager (ReplicationManager.java:sendCloseCommand(948)) - Sending close container command for container #1 to datanode 259e8d3c-ac3a-47ce-8b98-4ae0c616001a{ip: 172.17.0.2, host: e0a7f95c34ff, networkLocation: /default-rack, certSerialId: null, persistedOpState: IN_SERVICE, persistedOpStateExpiryEpochSec: 0}.
2020-12-30 01:57:35,321 [ReplicationMonitor] INFO  container.ReplicationManager (ReplicationManager.java:sendCloseCommand(948)) - Sending close container command for container #2 to datanode 259e8d3c-ac3a-47ce-8b98-4ae0c616001a{ip: 172.17.0.2, host: e0a7f95c34ff, networkLocation: /default-rack, certSerialId: null, persistedOpState: IN_SERVICE, persistedOpStateExpiryEpochSec: 0}.
2020-12-30 01:57:35,321 [ReplicationMonitor] INFO  container.ReplicationManager (ReplicationManager.java:sendCloseCommand(948)) - Sending close container command for container #2 to datanode 2c3d9932-485f-47f8-8613-8bedf6c861f7{ip: 172.17.0.2, host: e0a7f95c34ff, networkLocation: /default-rack, certSerialId: null, persistedOpState: IN_SERVICE, persistedOpStateExpiryEpochSec: 0}.
2020-12-30 01:57:35,321 [ReplicationMonitor] INFO  container.ReplicationManager (ReplicationManager.java:sendCloseCommand(948)) - Sending close container command for container #2 to datanode 4132dfcc-dfb3-46cd-b45d-65c38fbb9d85{ip: 172.17.0.2, host: e0a7f95c34ff, networkLocation: /default-rack, certSerialId: null, persistedOpState: IN_SERVICE, persistedOpStateExpiryEpochSec: 0}.
2020-12-30 01:57:35,321 [ReplicationMonitor] INFO  container.ReplicationManager (ReplicationManager.java:run(250)) - Replication Monitor Thread took 1 milliseconds for processing 4 containers.
2020-12-30 01:57:35,743 [DatanodeAdminManager-0] INFO  node.DatanodeAdminMonitorImpl (DatanodeAdminMonitorImpl.java:run(136)) - There are 3 nodes tracked for decommission and maintenance. 0 pending nodes.
2020-12-30 01:57:36,246 [IPC Server handler 13 on default port 43765] INFO  node.SCMNodeManager (SCMNodeManager.java:updateDatanodeOpState(419)) - Scheduling a command to update the operationalState persisted on the datanode as the reported value (IN_SERVICE, 0) does not match the value stored in SCM (ENTERING_MAINTENANCE, 0)
2020-12-30 01:57:36,253 [Command processor thread] INFO  server.RaftServer (RaftServerProxy.java:remove(104)) - 259e8d3c-ac3a-47ce-8b98-4ae0c616001a: remove  FOLLOWER 259e8d3c-ac3a-47ce-8b98-4ae0c616001a@group-1814FF02F9CA:t1, leader=4132dfcc-dfb3-46cd-b45d-65c38fbb9d85, voted=4132dfcc-dfb3-46cd-b45d-65c38fbb9d85, raftlog=259e8d3c-ac3a-47ce-8b98-4ae0c616001a@group-1814FF02F9CA-SegmentedRaftLog:OPENED:c40,f42,i42, conf=0: [2c3d9932-485f-47f8-8613-8bedf6c861f7|rpc:172.17.0.2:36507|dataStream:, 259e8d3c-ac3a-47ce-8b98-4ae0c616001a|rpc:172.17.0.2:39593|dataStream:, 4132dfcc-dfb3-46cd-b45d-65c38fbb9d85|rpc:172.17.0.2:46769|dataStream:], old=null RUNNING
2020-12-30 01:57:36,254 [Command processor thread] INFO  server.RaftServer$Division (RaftServerImpl.java:lambda$close$4(397)) - 259e8d3c-ac3a-47ce-8b98-4ae0c616001a@group-1814FF02F9CA: shutdown
2020-12-30 01:57:36,254 [Command processor thread] INFO  util.JmxRegister (JmxRegister.java:unregister(73)) - Successfully un-registered JMX Bean with object name Ratis:service=RaftServer,group=group-1814FF02F9CA,id=259e8d3c-ac3a-47ce-8b98-4ae0c616001a
2020-12-30 01:57:36,254 [Command processor thread] INFO  impl.RoleInfo (RoleInfo.java:shutdownFollowerState(108)) - 259e8d3c-ac3a-47ce-8b98-4ae0c616001a: shutdown 259e8d3c-ac3a-47ce-8b98-4ae0c616001a@group-1814FF02F9CA-FollowerState
2020-12-30 01:57:36,254 [Command processor thread] INFO  impl.StateMachineUpdater (StateMachineUpdater.java:stopAndJoin(148)) - 259e8d3c-ac3a-47ce-8b98-4ae0c616001a@group-1814FF02F9CA-StateMachineUpdater: set stopIndex = 40
2020-12-30 01:57:36,256 [Thread-870] INFO  impl.FollowerState (FollowerState.java:run(142)) - 259e8d3c-ac3a-47ce-8b98-4ae0c616001a@group-1814FF02F9CA-FollowerState was interrupted: {}
java.lang.InterruptedException: sleep interrupted
	at java.lang.Thread.sleep(Native Method)
	at java.lang.Thread.sleep(Thread.java:340)
	at java.util.concurrent.TimeUnit.sleep(TimeUnit.java:386)
	at org.apache.ratis.util.TimeDuration.sleep(TimeDuration.java:319)
	at org.apache.ratis.util.TimeDuration.sleep(TimeDuration.java:304)
	at org.apache.ratis.server.impl.FollowerState.run(FollowerState.java:117)
2020-12-30 01:57:36,256 [259e8d3c-ac3a-47ce-8b98-4ae0c616001a@group-1814FF02F9CA-StateMachineUpdater] INFO  ratis.ContainerStateMachine (ContainerStateMachine.java:takeSnapshot(291)) - group-1814FF02F9CA: Taking a snapshot at:(t:1, i:40) file /github/workspace/mnt/ozone/hadoop-ozone/integration-test/target/test-dir/MiniOzoneClusterImpl-885a2ac6-dd28-4da4-9cce-7871c001d77b/datanode-3/data/ratis/512e6835-8f0e-4057-b950-1814ff02f9ca/sm/snapshot.1_40
2020-12-30 01:57:36,257 [IPC Server handler 15 on default port 43765] INFO  node.SCMNodeManager (SCMNodeManager.java:updateDatanodeOpState(419)) - Scheduling a command to update the operationalState persisted on the datanode as the reported value (IN_SERVICE, 0) does not match the value stored in SCM (ENTERING_MAINTENANCE, 0)
2020-12-30 01:57:36,258 [259e8d3c-ac3a-47ce-8b98-4ae0c616001a@group-1814FF02F9CA-StateMachineUpdater] INFO  ratis.ContainerStateMachine (ContainerStateMachine.java:takeSnapshot(302)) - group-1814FF02F9CA: Finished taking a snapshot at:(t:1, i:40) file:/github/workspace/mnt/ozone/hadoop-ozone/integration-test/target/test-dir/MiniOzoneClusterImpl-885a2ac6-dd28-4da4-9cce-7871c001d77b/datanode-3/data/ratis/512e6835-8f0e-4057-b950-1814ff02f9ca/sm/snapshot.1_40 time:2
2020-12-30 01:57:36,259 [259e8d3c-ac3a-47ce-8b98-4ae0c616001a@group-1814FF02F9CA-StateMachineUpdater] INFO  impl.StateMachineUpdater (StateMachineUpdater.java:takeSnapshot(279)) - 259e8d3c-ac3a-47ce-8b98-4ae0c616001a@group-1814FF02F9CA-StateMachineUpdater: Took a snapshot at index 40
2020-12-30 01:57:36,259 [259e8d3c-ac3a-47ce-8b98-4ae0c616001a@group-1814FF02F9CA-StateMachineUpdater] INFO  impl.StateMachineUpdater (StateMachineUpdater.java:lambda$new$0(88)) - 259e8d3c-ac3a-47ce-8b98-4ae0c616001a@group-1814FF02F9CA-StateMachineUpdater: snapshotIndex: updateIncreasingly -1 -> 40
2020-12-30 01:57:36,259 [259e8d3c-ac3a-47ce-8b98-4ae0c616001a@group-1814FF02F9CA-StateMachineUpdater] INFO  metrics.RatisMetrics (RatisMetrics.java:unregister(43)) - Unregistering Metrics Registry : ratis.state_machine.259e8d3c-ac3a-47ce-8b98-4ae0c616001a@group-1814FF02F9CA
2020-12-30 01:57:36,259 [Command processor thread] INFO  server.RaftServer$Division (ServerState.java:close(406)) - 259e8d3c-ac3a-47ce-8b98-4ae0c616001a@group-1814FF02F9CA: closes. applyIndex: 40
2020-12-30 01:57:36,259 [259e8d3c-ac3a-47ce-8b98-4ae0c616001a@group-1814FF02F9CA-SegmentedRaftLogWorker] INFO  segmented.SegmentedRaftLogWorker (SegmentedRaftLogWorker.java:run(326)) - 259e8d3c-ac3a-47ce-8b98-4ae0c616001a@group-1814FF02F9CA-SegmentedRaftLogWorker was interrupted, exiting. There are 0 tasks remaining in the queue.
2020-12-30 01:57:36,259 [Command processor thread] INFO  segmented.SegmentedRaftLogWorker (SegmentedRaftLogWorker.java:close(236)) - 259e8d3c-ac3a-47ce-8b98-4ae0c616001a@group-1814FF02F9CA-SegmentedRaftLogWorker close()
2020-12-30 01:57:36,260 [Command processor thread] INFO  metrics.RatisMetrics (RatisMetrics.java:unregister(43)) - Unregistering Metrics Registry : ratis.log_worker.259e8d3c-ac3a-47ce-8b98-4ae0c616001a@group-1814FF02F9CA
2020-12-30 01:57:36,260 [Command processor thread] INFO  metrics.RatisMetrics (RatisMetrics.java:unregister(43)) - Unregistering Metrics Registry : ratis.leader_election.259e8d3c-ac3a-47ce-8b98-4ae0c616001a@group-1814FF02F9CA
2020-12-30 01:57:36,260 [Command processor thread] INFO  metrics.RatisMetrics (RatisMetrics.java:unregister(43)) - Unregistering Metrics Registry : ratis.server.259e8d3c-ac3a-47ce-8b98-4ae0c616001a@group-1814FF02F9CA
2020-12-30 01:57:36,263 [IPC Server handler 18 on default port 43765] INFO  node.SCMNodeManager (SCMNodeManager.java:updateDatanodeOpState(419)) - Scheduling a command to update the operationalState persisted on the datanode as the reported value (IN_SERVICE, 0) does not match the value stored in SCM (ENTERING_MAINTENANCE, 0)
2020-12-30 01:57:36,263 [Command processor thread] INFO  keyvalue.KeyValueContainer (KeyValueContainer.java:flushAndSyncDB(388)) - Container 1 is synced with bcsId 40.
2020-12-30 01:57:36,263 [Command processor thread] INFO  keyvalue.KeyValueContainer (KeyValueContainer.java:flushAndSyncDB(388)) - Container 1 is synced with bcsId 40.
2020-12-30 01:57:36,265 [IPC Server handler 16 on default port 43765] INFO  node.SCMNodeManager (SCMNodeManager.java:updateDatanodeOpState(419)) - Scheduling a command to update the operationalState persisted on the datanode as the reported value (IN_SERVICE, 0) does not match the value stored in SCM (ENTERING_MAINTENANCE, 0)
2020-12-30 01:57:36,266 [IPC Server handler 19 on default port 43765] INFO  node.SCMNodeManager (SCMNodeManager.java:updateDatanodeOpState(419)) - Scheduling a command to update the operationalState persisted on the datanode as the reported value (IN_SERVICE, 0) does not match the value stored in SCM (ENTERING_MAINTENANCE, 0)
2020-12-30 01:57:36,267 [EventQueue-IncrementalContainerReportForIncrementalContainerReportHandler] INFO  container.IncrementalContainerReportHandler (AbstractContainerReportHandler.java:updateContainerState(208)) - Moving container #1 to QUASI_CLOSED state, datanode 259e8d3c-ac3a-47ce-8b98-4ae0c616001a{ip: 172.17.0.2, host: e0a7f95c34ff, networkLocation: /default-rack, certSerialId: null, persistedOpState: IN_SERVICE, persistedOpStateExpiryEpochSec: 0} reported QUASI_CLOSED replica.
2020-12-30 01:57:36,269 [IPC Server handler 0 on default port 43765] INFO  node.SCMNodeManager (SCMNodeManager.java:updateDatanodeOpState(419)) - Scheduling a command to update the operationalState persisted on the datanode as the reported value (IN_SERVICE, 0) does not match the value stored in SCM (ENTERING_MAINTENANCE, 0)
2020-12-30 01:57:36,271 [Command processor thread] INFO  keyvalue.KeyValueContainer (KeyValueContainer.java:flushAndSyncDB(388)) - Container 2 is synced with bcsId 36.
2020-12-30 01:57:36,271 [Command processor thread] INFO  keyvalue.KeyValueContainer (KeyValueContainer.java:flushAndSyncDB(388)) - Container 2 is synced with bcsId 36.
2020-12-30 01:57:36,273 [Command processor thread] INFO  server.RaftServer$Division (RaftServerImpl.java:groupRemove(367)) - 259e8d3c-ac3a-47ce-8b98-4ae0c616001a@group-1814FF02F9CA: Succeed to remove RaftStorageDirectory Storage Directory /github/workspace/mnt/ozone/hadoop-ozone/integration-test/target/test-dir/MiniOzoneClusterImpl-885a2ac6-dd28-4da4-9cce-7871c001d77b/datanode-3/data/ratis/512e6835-8f0e-4057-b950-1814ff02f9ca
2020-12-30 01:57:36,273 [Command processor thread] INFO  commandhandler.ClosePipelineCommandHandler (ClosePipelineCommandHandler.java:handle(75)) - Close Pipeline PipelineID=512e6835-8f0e-4057-b950-1814ff02f9ca command on datanode 259e8d3c-ac3a-47ce-8b98-4ae0c616001a.
2020-12-30 01:57:36,274 [IPC Server handler 17 on default port 43765] INFO  node.SCMNodeManager (SCMNodeManager.java:updateDatanodeOpState(419)) - Scheduling a command to update the operationalState persisted on the datanode as the reported value (IN_SERVICE, 0) does not match the value stored in SCM (ENTERING_MAINTENANCE, 0)
2020-12-30 01:57:36,274 [EventQueue-IncrementalContainerReportForIncrementalContainerReportHandler] INFO  container.IncrementalContainerReportHandler (AbstractContainerReportHandler.java:updateContainerState(208)) - Moving container #2 to QUASI_CLOSED state, datanode 259e8d3c-ac3a-47ce-8b98-4ae0c616001a{ip: 172.17.0.2, host: e0a7f95c34ff, networkLocation: /default-rack, certSerialId: null, persistedOpState: IN_SERVICE, persistedOpStateExpiryEpochSec: 0} reported QUASI_CLOSED replica.
2020-12-30 01:57:36,275 [Command processor thread] INFO  server.RaftServer (RaftServerProxy.java:remove(104)) - 259e8d3c-ac3a-47ce-8b98-4ae0c616001a: remove    LEADER 259e8d3c-ac3a-47ce-8b98-4ae0c616001a@group-58B442B1809E:t1, leader=259e8d3c-ac3a-47ce-8b98-4ae0c616001a, voted=259e8d3c-ac3a-47ce-8b98-4ae0c616001a, raftlog=259e8d3c-ac3a-47ce-8b98-4ae0c616001a@group-58B442B1809E-SegmentedRaftLog:OPENED:c0,f0,i0, conf=0: [259e8d3c-ac3a-47ce-8b98-4ae0c616001a|rpc:172.17.0.2:39593|dataStream:], old=null RUNNING
2020-12-30 01:57:36,275 [Command processor thread] INFO  server.RaftServer$Division (RaftServerImpl.java:lambda$close$4(397)) - 259e8d3c-ac3a-47ce-8b98-4ae0c616001a@group-58B442B1809E: shutdown
2020-12-30 01:57:36,275 [Command processor thread] INFO  util.JmxRegister (JmxRegister.java:unregister(73)) - Successfully un-registered JMX Bean with object name Ratis:service=RaftServer,group=group-58B442B1809E,id=259e8d3c-ac3a-47ce-8b98-4ae0c616001a
2020-12-30 01:57:36,275 [Command processor thread] INFO  impl.RoleInfo (RoleInfo.java:shutdownLeaderState(91)) - 259e8d3c-ac3a-47ce-8b98-4ae0c616001a: shutdown 259e8d3c-ac3a-47ce-8b98-4ae0c616001a@group-58B442B1809E-LeaderStateImpl
2020-12-30 01:57:36,275 [Command processor thread] INFO  impl.PendingRequests (PendingRequests.java:sendNotLeaderResponses(249)) - 259e8d3c-ac3a-47ce-8b98-4ae0c616001a@group-58B442B1809E-PendingRequests: sendNotLeaderResponses
2020-12-30 01:57:36,275 [Command processor thread] INFO  metrics.RatisMetrics (RatisMetrics.java:unregister(43)) - Unregistering Metrics Registry : ratis.log_appender.259e8d3c-ac3a-47ce-8b98-4ae0c616001a@group-58B442B1809E
2020-12-30 01:57:36,275 [Command processor thread] INFO  metrics.RatisMetrics (RatisMetrics.java:unregister(43)) - Unregistering Metrics Registry : ratis.server.259e8d3c-ac3a-47ce-8b98-4ae0c616001a@group-58B442B1809E
2020-12-30 01:57:36,276 [Command processor thread] INFO  impl.StateMachineUpdater (StateMachineUpdater.java:stopAndJoin(148)) - 259e8d3c-ac3a-47ce-8b98-4ae0c616001a@group-58B442B1809E-StateMachineUpdater: set stopIndex = 0
2020-12-30 01:57:36,276 [259e8d3c-ac3a-47ce-8b98-4ae0c616001a@group-58B442B1809E-StateMachineUpdater] INFO  ratis.ContainerStateMachine (ContainerStateMachine.java:takeSnapshot(291)) - group-58B442B1809E: Taking a snapshot at:(t:1, i:0) file /github/workspace/mnt/ozone/hadoop-ozone/integration-test/target/test-dir/MiniOzoneClusterImpl-885a2ac6-dd28-4da4-9cce-7871c001d77b/datanode-3/data/ratis/2bf725b0-85c6-4520-97e9-58b442b1809e/sm/snapshot.1_0
2020-12-30 01:57:36,277 [259e8d3c-ac3a-47ce-8b98-4ae0c616001a@group-58B442B1809E-StateMachineUpdater] INFO  ratis.ContainerStateMachine (ContainerStateMachine.java:takeSnapshot(302)) - group-58B442B1809E: Finished taking a snapshot at:(t:1, i:0) file:/github/workspace/mnt/ozone/hadoop-ozone/integration-test/target/test-dir/MiniOzoneClusterImpl-885a2ac6-dd28-4da4-9cce-7871c001d77b/datanode-3/data/ratis/2bf725b0-85c6-4520-97e9-58b442b1809e/sm/snapshot.1_0 time:1
2020-12-30 01:57:36,277 [259e8d3c-ac3a-47ce-8b98-4ae0c616001a@group-58B442B1809E-StateMachineUpdater] INFO  impl.StateMachineUpdater (StateMachineUpdater.java:takeSnapshot(279)) - 259e8d3c-ac3a-47ce-8b98-4ae0c616001a@group-58B442B1809E-StateMachineUpdater: Took a snapshot at index 0
2020-12-30 01:57:36,278 [259e8d3c-ac3a-47ce-8b98-4ae0c616001a@group-58B442B1809E-StateMachineUpdater] INFO  impl.StateMachineUpdater (StateMachineUpdater.java:lambda$new$0(88)) - 259e8d3c-ac3a-47ce-8b98-4ae0c616001a@group-58B442B1809E-StateMachineUpdater: snapshotIndex: updateIncreasingly -1 -> 0
2020-12-30 01:57:36,278 [259e8d3c-ac3a-47ce-8b98-4ae0c616001a@group-58B442B1809E-StateMachineUpdater] INFO  metrics.RatisMetrics (RatisMetrics.java:unregister(43)) - Unregistering Metrics Registry : ratis.state_machine.259e8d3c-ac3a-47ce-8b98-4ae0c616001a@group-58B442B1809E
2020-12-30 01:57:36,278 [Command processor thread] INFO  server.RaftServer$Division (ServerState.java:close(406)) - 259e8d3c-ac3a-47ce-8b98-4ae0c616001a@group-58B442B1809E: closes. applyIndex: 0
2020-12-30 01:57:36,278 [259e8d3c-ac3a-47ce-8b98-4ae0c616001a@group-58B442B1809E-SegmentedRaftLogWorker] INFO  segmented.SegmentedRaftLogWorker (SegmentedRaftLogWorker.java:run(326)) - 259e8d3c-ac3a-47ce-8b98-4ae0c616001a@group-58B442B1809E-SegmentedRaftLogWorker was interrupted, exiting. There are 0 tasks remaining in the queue.
2020-12-30 01:57:36,278 [Command processor thread] INFO  segmented.SegmentedRaftLogWorker (SegmentedRaftLogWorker.java:close(236)) - 259e8d3c-ac3a-47ce-8b98-4ae0c616001a@group-58B442B1809E-SegmentedRaftLogWorker close()
2020-12-30 01:57:36,279 [Command processor thread] INFO  metrics.RatisMetrics (RatisMetrics.java:unregister(43)) - Unregistering Metrics Registry : ratis.log_worker.259e8d3c-ac3a-47ce-8b98-4ae0c616001a@group-58B442B1809E
2020-12-30 01:57:36,279 [Command processor thread] INFO  metrics.RatisMetrics (RatisMetrics.java:unregister(43)) - Unregistering Metrics Registry : ratis.leader_election.259e8d3c-ac3a-47ce-8b98-4ae0c616001a@group-58B442B1809E
2020-12-30 01:57:36,279 [Command processor thread] INFO  metrics.RatisMetrics (RatisMetrics.java:unregister(43)) - Unregistering Metrics Registry : ratis.server.259e8d3c-ac3a-47ce-8b98-4ae0c616001a@group-58B442B1809E
2020-12-30 01:57:36,279 [Command processor thread] INFO  server.RaftServer$Division (RaftServerImpl.java:groupRemove(367)) - 259e8d3c-ac3a-47ce-8b98-4ae0c616001a@group-58B442B1809E: Succeed to remove RaftStorageDirectory Storage Directory /github/workspace/mnt/ozone/hadoop-ozone/integration-test/target/test-dir/MiniOzoneClusterImpl-885a2ac6-dd28-4da4-9cce-7871c001d77b/datanode-3/data/ratis/2bf725b0-85c6-4520-97e9-58b442b1809e
2020-12-30 01:57:36,279 [Command processor thread] INFO  commandhandler.ClosePipelineCommandHandler (ClosePipelineCommandHandler.java:handle(75)) - Close Pipeline PipelineID=2bf725b0-85c6-4520-97e9-58b442b1809e command on datanode 259e8d3c-ac3a-47ce-8b98-4ae0c616001a.
2020-12-30 01:57:36,280 [Command processor thread] WARN  server.RaftServer (RaftServerProxy.java:remove(99)) - 259e8d3c-ac3a-47ce-8b98-4ae0c616001a: does not contain group: group-58B442B1809E
2020-12-30 01:57:36,280 [Command processor thread] ERROR commandhandler.ClosePipelineCommandHandler (ClosePipelineCommandHandler.java:handle(78)) - Can't close pipeline PipelineID=2bf725b0-85c6-4520-97e9-58b442b1809e
java.io.IOException: 259e8d3c-ac3a-47ce-8b98-4ae0c616001a: Group group-58B442B1809E not found.
	at org.apache.hadoop.ozone.container.common.transport.server.ratis.XceiverServerRatis.removeGroup(XceiverServerRatis.java:782)
	at org.apache.hadoop.ozone.container.common.statemachine.commandhandler.ClosePipelineCommandHandler.handle(ClosePipelineCommandHandler.java:74)
	at org.apache.hadoop.ozone.container.common.statemachine.commandhandler.CommandDispatcher.handle(CommandDispatcher.java:99)
	at org.apache.hadoop.ozone.container.common.statemachine.DatanodeStateMachine.lambda$initCommandHandlerThread$2(DatanodeStateMachine.java:498)
	at java.lang.Thread.run(Thread.java:748)
Caused by: org.apache.ratis.protocol.exceptions.GroupMismatchException: 259e8d3c-ac3a-47ce-8b98-4ae0c616001a: Group group-58B442B1809E not found.
	at org.apache.ratis.server.impl.RaftServerProxy.groupRemoveAsync(RaftServerProxy.java:494)
	at org.apache.ratis.server.impl.RaftServerProxy.groupManagementAsync(RaftServerProxy.java:450)
	at org.apache.ratis.server.impl.RaftServerProxy.groupManagement(RaftServerProxy.java:430)
	at org.apache.hadoop.ozone.container.common.transport.server.ratis.XceiverServerRatis.removeGroup(XceiverServerRatis.java:780)
	... 4 more
2020-12-30 01:57:36,280 [Command processor thread] WARN  server.RaftServer (RaftServerProxy.java:remove(99)) - 259e8d3c-ac3a-47ce-8b98-4ae0c616001a: does not contain group: group-1814FF02F9CA
2020-12-30 01:57:36,280 [Command processor thread] ERROR commandhandler.ClosePipelineCommandHandler (ClosePipelineCommandHandler.java:handle(78)) - Can't close pipeline PipelineID=512e6835-8f0e-4057-b950-1814ff02f9ca
java.io.IOException: 259e8d3c-ac3a-47ce-8b98-4ae0c616001a: Group group-1814FF02F9CA not found.
	at org.apache.hadoop.ozone.container.common.transport.server.ratis.XceiverServerRatis.removeGroup(XceiverServerRatis.java:782)
	at org.apache.hadoop.ozone.container.common.statemachine.commandhandler.ClosePipelineCommandHandler.handle(ClosePipelineCommandHandler.java:74)
	at org.apache.hadoop.ozone.container.common.statemachine.commandhandler.CommandDispatcher.handle(CommandDispatcher.java:99)
	at org.apache.hadoop.ozone.container.common.statemachine.DatanodeStateMachine.lambda$initCommandHandlerThread$2(DatanodeStateMachine.java:498)
	at java.lang.Thread.run(Thread.java:748)
Caused by: org.apache.ratis.protocol.exceptions.GroupMismatchException: 259e8d3c-ac3a-47ce-8b98-4ae0c616001a: Group group-1814FF02F9CA not found.
	at org.apache.ratis.server.impl.RaftServerProxy.groupRemoveAsync(RaftServerProxy.java:494)
	at org.apache.ratis.server.impl.RaftServerProxy.groupManagementAsync(RaftServerProxy.java:450)
	at org.apache.ratis.server.impl.RaftServerProxy.groupManagement(RaftServerProxy.java:430)
	at org.apache.hadoop.ozone.container.common.transport.server.ratis.XceiverServerRatis.removeGroup(XceiverServerRatis.java:780)
	... 4 more
2020-12-30 01:57:36,281 [Command processor thread] WARN  server.RaftServer (RaftServerProxy.java:remove(99)) - 259e8d3c-ac3a-47ce-8b98-4ae0c616001a: does not contain group: group-58B442B1809E
2020-12-30 01:57:36,281 [Command processor thread] ERROR commandhandler.ClosePipelineCommandHandler (ClosePipelineCommandHandler.java:handle(78)) - Can't close pipeline PipelineID=2bf725b0-85c6-4520-97e9-58b442b1809e
java.io.IOException: 259e8d3c-ac3a-47ce-8b98-4ae0c616001a: Group group-58B442B1809E not found.
	at org.apache.hadoop.ozone.container.common.transport.server.ratis.XceiverServerRatis.removeGroup(XceiverServerRatis.java:782)
	at org.apache.hadoop.ozone.container.common.statemachine.commandhandler.ClosePipelineCommandHandler.handle(ClosePipelineCommandHandler.java:74)
	at org.apache.hadoop.ozone.container.common.statemachine.commandhandler.CommandDispatcher.handle(CommandDispatcher.java:99)
	at org.apache.hadoop.ozone.container.common.statemachine.DatanodeStateMachine.lambda$initCommandHandlerThread$2(DatanodeStateMachine.java:498)
	at java.lang.Thread.run(Thread.java:748)
Caused by: org.apache.ratis.protocol.exceptions.GroupMismatchException: 259e8d3c-ac3a-47ce-8b98-4ae0c616001a: Group group-58B442B1809E not found.
	at org.apache.ratis.server.impl.RaftServerProxy.groupRemoveAsync(RaftServerProxy.java:494)
	at org.apache.ratis.server.impl.RaftServerProxy.groupManagementAsync(RaftServerProxy.java:450)
	at org.apache.ratis.server.impl.RaftServerProxy.groupManagement(RaftServerProxy.java:430)
	at org.apache.hadoop.ozone.container.common.transport.server.ratis.XceiverServerRatis.removeGroup(XceiverServerRatis.java:780)
	... 4 more
2020-12-30 01:57:36,281 [Command processor thread] WARN  server.RaftServer (RaftServerProxy.java:remove(99)) - 259e8d3c-ac3a-47ce-8b98-4ae0c616001a: does not contain group: group-1814FF02F9CA
2020-12-30 01:57:36,281 [Command processor thread] ERROR commandhandler.ClosePipelineCommandHandler (ClosePipelineCommandHandler.java:handle(78)) - Can't close pipeline PipelineID=512e6835-8f0e-4057-b950-1814ff02f9ca
java.io.IOException: 259e8d3c-ac3a-47ce-8b98-4ae0c616001a: Group group-1814FF02F9CA not found.
	at org.apache.hadoop.ozone.container.common.transport.server.ratis.XceiverServerRatis.removeGroup(XceiverServerRatis.java:782)
	at org.apache.hadoop.ozone.container.common.statemachine.commandhandler.ClosePipelineCommandHandler.handle(ClosePipelineCommandHandler.java:74)
	at org.apache.hadoop.ozone.container.common.statemachine.commandhandler.CommandDispatcher.handle(CommandDispatcher.java:99)
	at org.apache.hadoop.ozone.container.common.statemachine.DatanodeStateMachine.lambda$initCommandHandlerThread$2(DatanodeStateMachine.java:498)
	at java.lang.Thread.run(Thread.java:748)
Caused by: org.apache.ratis.protocol.exceptions.GroupMismatchException: 259e8d3c-ac3a-47ce-8b98-4ae0c616001a: Group group-1814FF02F9CA not found.
	at org.apache.ratis.server.impl.RaftServerProxy.groupRemoveAsync(RaftServerProxy.java:494)
	at org.apache.ratis.server.impl.RaftServerProxy.groupManagementAsync(RaftServerProxy.java:450)
	at org.apache.ratis.server.impl.RaftServerProxy.groupManagement(RaftServerProxy.java:430)
	at org.apache.hadoop.ozone.container.common.transport.server.ratis.XceiverServerRatis.removeGroup(XceiverServerRatis.java:780)
	... 4 more
2020-12-30 01:57:36,282 [Command processor thread] WARN  server.RaftServer (RaftServerProxy.java:remove(99)) - 259e8d3c-ac3a-47ce-8b98-4ae0c616001a: does not contain group: group-58B442B1809E
2020-12-30 01:57:36,282 [Command processor thread] ERROR commandhandler.ClosePipelineCommandHandler (ClosePipelineCommandHandler.java:handle(78)) - Can't close pipeline PipelineID=2bf725b0-85c6-4520-97e9-58b442b1809e
java.io.IOException: 259e8d3c-ac3a-47ce-8b98-4ae0c616001a: Group group-58B442B1809E not found.
	at org.apache.hadoop.ozone.container.common.transport.server.ratis.XceiverServerRatis.removeGroup(XceiverServerRatis.java:782)
	at org.apache.hadoop.ozone.container.common.statemachine.commandhandler.ClosePipelineCommandHandler.handle(ClosePipelineCommandHandler.java:74)
	at org.apache.hadoop.ozone.container.common.statemachine.commandhandler.CommandDispatcher.handle(CommandDispatcher.java:99)
	at org.apache.hadoop.ozone.container.common.statemachine.DatanodeStateMachine.lambda$initCommandHandlerThread$2(DatanodeStateMachine.java:498)
	at java.lang.Thread.run(Thread.java:748)
Caused by: org.apache.ratis.protocol.exceptions.GroupMismatchException: 259e8d3c-ac3a-47ce-8b98-4ae0c616001a: Group group-58B442B1809E not found.
	at org.apache.ratis.server.impl.RaftServerProxy.groupRemoveAsync(RaftServerProxy.java:494)
	at org.apache.ratis.server.impl.RaftServerProxy.groupManagementAsync(RaftServerProxy.java:450)
	at org.apache.ratis.server.impl.RaftServerProxy.groupManagement(RaftServerProxy.java:430)
	at org.apache.hadoop.ozone.container.common.transport.server.ratis.XceiverServerRatis.removeGroup(XceiverServerRatis.java:780)
	... 4 more
2020-12-30 01:57:36,285 [Command processor thread] WARN  server.RaftServer (RaftServerProxy.java:remove(99)) - 259e8d3c-ac3a-47ce-8b98-4ae0c616001a: does not contain group: group-1814FF02F9CA
2020-12-30 01:57:36,285 [Command processor thread] ERROR commandhandler.ClosePipelineCommandHandler (ClosePipelineCommandHandler.java:handle(78)) - Can't close pipeline PipelineID=512e6835-8f0e-4057-b950-1814ff02f9ca
java.io.IOException: 259e8d3c-ac3a-47ce-8b98-4ae0c616001a: Group group-1814FF02F9CA not found.
	at org.apache.hadoop.ozone.container.common.transport.server.ratis.XceiverServerRatis.removeGroup(XceiverServerRatis.java:782)
	at org.apache.hadoop.ozone.container.common.statemachine.commandhandler.ClosePipelineCommandHandler.handle(ClosePipelineCommandHandler.java:74)
	at org.apache.hadoop.ozone.container.common.statemachine.commandhandler.CommandDispatcher.handle(CommandDispatcher.java:99)
	at org.apache.hadoop.ozone.container.common.statemachine.DatanodeStateMachine.lambda$initCommandHandlerThread$2(DatanodeStateMachine.java:498)
	at java.lang.Thread.run(Thread.java:748)
Caused by: org.apache.ratis.protocol.exceptions.GroupMismatchException: 259e8d3c-ac3a-47ce-8b98-4ae0c616001a: Group group-1814FF02F9CA not found.
	at org.apache.ratis.server.impl.RaftServerProxy.groupRemoveAsync(RaftServerProxy.java:494)
	at org.apache.ratis.server.impl.RaftServerProxy.groupManagementAsync(RaftServerProxy.java:450)
	at org.apache.ratis.server.impl.RaftServerProxy.groupManagement(RaftServerProxy.java:430)
	at org.apache.hadoop.ozone.container.common.transport.server.ratis.XceiverServerRatis.removeGroup(XceiverServerRatis.java:780)
	... 4 more
2020-12-30 01:57:36,287 [Command processor thread] WARN  server.RaftServer (RaftServerProxy.java:remove(99)) - 259e8d3c-ac3a-47ce-8b98-4ae0c616001a: does not contain group: group-58B442B1809E
2020-12-30 01:57:36,287 [Command processor thread] ERROR commandhandler.ClosePipelineCommandHandler (ClosePipelineCommandHandler.java:handle(78)) - Can't close pipeline PipelineID=2bf725b0-85c6-4520-97e9-58b442b1809e
java.io.IOException: 259e8d3c-ac3a-47ce-8b98-4ae0c616001a: Group group-58B442B1809E not found.
	at org.apache.hadoop.ozone.container.common.transport.server.ratis.XceiverServerRatis.removeGroup(XceiverServerRatis.java:782)
	at org.apache.hadoop.ozone.container.common.statemachine.commandhandler.ClosePipelineCommandHandler.handle(ClosePipelineCommandHandler.java:74)
	at org.apache.hadoop.ozone.container.common.statemachine.commandhandler.CommandDispatcher.handle(CommandDispatcher.java:99)
	at org.apache.hadoop.ozone.container.common.statemachine.DatanodeStateMachine.lambda$initCommandHandlerThread$2(DatanodeStateMachine.java:498)
	at java.lang.Thread.run(Thread.java:748)
Caused by: org.apache.ratis.protocol.exceptions.GroupMismatchException: 259e8d3c-ac3a-47ce-8b98-4ae0c616001a: Group group-58B442B1809E not found.
	at org.apache.ratis.server.impl.RaftServerProxy.groupRemoveAsync(RaftServerProxy.java:494)
	at org.apache.ratis.server.impl.RaftServerProxy.groupManagementAsync(RaftServerProxy.java:450)
	at org.apache.ratis.server.impl.RaftServerProxy.groupManagement(RaftServerProxy.java:430)
	at org.apache.hadoop.ozone.container.common.transport.server.ratis.XceiverServerRatis.removeGroup(XceiverServerRatis.java:780)
	... 4 more
2020-12-30 01:57:36,287 [Command processor thread] WARN  server.RaftServer (RaftServerProxy.java:remove(99)) - 259e8d3c-ac3a-47ce-8b98-4ae0c616001a: does not contain group: group-1814FF02F9CA
2020-12-30 01:57:36,287 [Command processor thread] ERROR commandhandler.ClosePipelineCommandHandler (ClosePipelineCommandHandler.java:handle(78)) - Can't close pipeline PipelineID=512e6835-8f0e-4057-b950-1814ff02f9ca
java.io.IOException: 259e8d3c-ac3a-47ce-8b98-4ae0c616001a: Group group-1814FF02F9CA not found.
	at org.apache.hadoop.ozone.container.common.transport.server.ratis.XceiverServerRatis.removeGroup(XceiverServerRatis.java:782)
	at org.apache.hadoop.ozone.container.common.statemachine.commandhandler.ClosePipelineCommandHandler.handle(ClosePipelineCommandHandler.java:74)
	at org.apache.hadoop.ozone.container.common.statemachine.commandhandler.CommandDispatcher.handle(CommandDispatcher.java:99)
	at org.apache.hadoop.ozone.container.common.statemachine.DatanodeStateMachine.lambda$initCommandHandlerThread$2(DatanodeStateMachine.java:498)
	at java.lang.Thread.run(Thread.java:748)
Caused by: org.apache.ratis.protocol.exceptions.GroupMismatchException: 259e8d3c-ac3a-47ce-8b98-4ae0c616001a: Group group-1814FF02F9CA not found.
	at org.apache.ratis.server.impl.RaftServerProxy.groupRemoveAsync(RaftServerProxy.java:494)
	at org.apache.ratis.server.impl.RaftServerProxy.groupManagementAsync(RaftServerProxy.java:450)
	at org.apache.ratis.server.impl.RaftServerProxy.groupManagement(RaftServerProxy.java:430)
	at org.apache.hadoop.ozone.container.common.transport.server.ratis.XceiverServerRatis.removeGroup(XceiverServerRatis.java:780)
	... 4 more
2020-12-30 01:57:36,288 [Command processor thread] WARN  server.RaftServer (RaftServerProxy.java:remove(99)) - 259e8d3c-ac3a-47ce-8b98-4ae0c616001a: does not contain group: group-58B442B1809E
2020-12-30 01:57:36,288 [Command processor thread] ERROR commandhandler.ClosePipelineCommandHandler (ClosePipelineCommandHandler.java:handle(78)) - Can't close pipeline PipelineID=2bf725b0-85c6-4520-97e9-58b442b1809e
java.io.IOException: 259e8d3c-ac3a-47ce-8b98-4ae0c616001a: Group group-58B442B1809E not found.
	at org.apache.hadoop.ozone.container.common.transport.server.ratis.XceiverServerRatis.removeGroup(XceiverServerRatis.java:782)
	at org.apache.hadoop.ozone.container.common.statemachine.commandhandler.ClosePipelineCommandHandler.handle(ClosePipelineCommandHandler.java:74)
	at org.apache.hadoop.ozone.container.common.statemachine.commandhandler.CommandDispatcher.handle(CommandDispatcher.java:99)
	at org.apache.hadoop.ozone.container.common.statemachine.DatanodeStateMachine.lambda$initCommandHandlerThread$2(DatanodeStateMachine.java:498)
	at java.lang.Thread.run(Thread.java:748)
Caused by: org.apache.ratis.protocol.exceptions.GroupMismatchException: 259e8d3c-ac3a-47ce-8b98-4ae0c616001a: Group group-58B442B1809E not found.
	at org.apache.ratis.server.impl.RaftServerProxy.groupRemoveAsync(RaftServerProxy.java:494)
	at org.apache.ratis.server.impl.RaftServerProxy.groupManagementAsync(RaftServerProxy.java:450)
	at org.apache.ratis.server.impl.RaftServerProxy.groupManagement(RaftServerProxy.java:430)
	at org.apache.hadoop.ozone.container.common.transport.server.ratis.XceiverServerRatis.removeGroup(XceiverServerRatis.java:780)
	... 4 more
2020-12-30 01:57:36,288 [Command processor thread] WARN  server.RaftServer (RaftServerProxy.java:remove(99)) - 259e8d3c-ac3a-47ce-8b98-4ae0c616001a: does not contain group: group-1814FF02F9CA
2020-12-30 01:57:36,288 [Command processor thread] ERROR commandhandler.ClosePipelineCommandHandler (ClosePipelineCommandHandler.java:handle(78)) - Can't close pipeline PipelineID=512e6835-8f0e-4057-b950-1814ff02f9ca
java.io.IOException: 259e8d3c-ac3a-47ce-8b98-4ae0c616001a: Group group-1814FF02F9CA not found.
	at org.apache.hadoop.ozone.container.common.transport.server.ratis.XceiverServerRatis.removeGroup(XceiverServerRatis.java:782)
	at org.apache.hadoop.ozone.container.common.statemachine.commandhandler.ClosePipelineCommandHandler.handle(ClosePipelineCommandHandler.java:74)
	at org.apache.hadoop.ozone.container.common.statemachine.commandhandler.CommandDispatcher.handle(CommandDispatcher.java:99)
	at org.apache.hadoop.ozone.container.common.statemachine.DatanodeStateMachine.lambda$initCommandHandlerThread$2(DatanodeStateMachine.java:498)
	at java.lang.Thread.run(Thread.java:748)
Caused by: org.apache.ratis.protocol.exceptions.GroupMismatchException: 259e8d3c-ac3a-47ce-8b98-4ae0c616001a: Group group-1814FF02F9CA not found.
	at org.apache.ratis.server.impl.RaftServerProxy.groupRemoveAsync(RaftServerProxy.java:494)
	at org.apache.ratis.server.impl.RaftServerProxy.groupManagementAsync(RaftServerProxy.java:450)
	at org.apache.ratis.server.impl.RaftServerProxy.groupManagement(RaftServerProxy.java:430)
	at org.apache.hadoop.ozone.container.common.transport.server.ratis.XceiverServerRatis.removeGroup(XceiverServerRatis.java:780)
	... 4 more
2020-12-30 01:57:36,322 [ReplicationMonitor] INFO  container.ReplicationManager (ReplicationManager.java:sendCloseCommand(948)) - Sending close container command for container #1 to datanode 2c3d9932-485f-47f8-8613-8bedf6c861f7{ip: 172.17.0.2, host: e0a7f95c34ff, networkLocation: /default-rack, certSerialId: null, persistedOpState: IN_SERVICE, persistedOpStateExpiryEpochSec: 0}.
2020-12-30 01:57:36,322 [ReplicationMonitor] INFO  container.ReplicationManager (ReplicationManager.java:sendCloseCommand(948)) - Sending close container command for container #1 to datanode 4132dfcc-dfb3-46cd-b45d-65c38fbb9d85{ip: 172.17.0.2, host: e0a7f95c34ff, networkLocation: /default-rack, certSerialId: null, persistedOpState: IN_SERVICE, persistedOpStateExpiryEpochSec: 0}.
2020-12-30 01:57:36,322 [ReplicationMonitor] INFO  container.ReplicationManager (ReplicationManager.java:sendCloseCommand(948)) - Sending close container command for container #1 to datanode 259e8d3c-ac3a-47ce-8b98-4ae0c616001a{ip: 172.17.0.2, host: e0a7f95c34ff, networkLocation: /default-rack, certSerialId: null, persistedOpState: IN_SERVICE, persistedOpStateExpiryEpochSec: 0}.
2020-12-30 01:57:36,322 [ReplicationMonitor] INFO  container.ReplicationManager (ReplicationManager.java:sendCloseCommand(948)) - Sending close container command for container #2 to datanode 2c3d9932-485f-47f8-8613-8bedf6c861f7{ip: 172.17.0.2, host: e0a7f95c34ff, networkLocation: /default-rack, certSerialId: null, persistedOpState: IN_SERVICE, persistedOpStateExpiryEpochSec: 0}.
2020-12-30 01:57:36,322 [ReplicationMonitor] INFO  container.ReplicationManager (ReplicationManager.java:sendCloseCommand(948)) - Sending close container command for container #2 to datanode 4132dfcc-dfb3-46cd-b45d-65c38fbb9d85{ip: 172.17.0.2, host: e0a7f95c34ff, networkLocation: /default-rack, certSerialId: null, persistedOpState: IN_SERVICE, persistedOpStateExpiryEpochSec: 0}.
2020-12-30 01:57:36,322 [ReplicationMonitor] INFO  container.ReplicationManager (ReplicationManager.java:run(250)) - Replication Monitor Thread took 0 milliseconds for processing 4 containers.
2020-12-30 01:57:36,743 [DatanodeAdminManager-0] INFO  node.DatanodeAdminMonitorImpl (DatanodeAdminMonitorImpl.java:run(136)) - There are 3 nodes tracked for decommission and maintenance. 0 pending nodes.
2020-12-30 01:57:37,245 [Command processor thread] INFO  server.RaftServer (RaftServerProxy.java:remove(104)) - 4132dfcc-dfb3-46cd-b45d-65c38fbb9d85: remove    LEADER 4132dfcc-dfb3-46cd-b45d-65c38fbb9d85@group-1814FF02F9CA:t1, leader=4132dfcc-dfb3-46cd-b45d-65c38fbb9d85, voted=4132dfcc-dfb3-46cd-b45d-65c38fbb9d85, raftlog=4132dfcc-dfb3-46cd-b45d-65c38fbb9d85@group-1814FF02F9CA-SegmentedRaftLog:OPENED:c42,f42,i42, conf=0: [2c3d9932-485f-47f8-8613-8bedf6c861f7|rpc:172.17.0.2:36507|dataStream:, 259e8d3c-ac3a-47ce-8b98-4ae0c616001a|rpc:172.17.0.2:39593|dataStream:, 4132dfcc-dfb3-46cd-b45d-65c38fbb9d85|rpc:172.17.0.2:46769|dataStream:], old=null RUNNING
2020-12-30 01:57:37,245 [IPC Server handler 12 on default port 43765] INFO  node.SCMNodeManager (SCMNodeManager.java:updateDatanodeOpState(419)) - Scheduling a command to update the operationalState persisted on the datanode as the reported value (IN_SERVICE, 0) does not match the value stored in SCM (ENTERING_MAINTENANCE, 0)
2020-12-30 01:57:37,245 [Command processor thread] INFO  server.RaftServer$Division (RaftServerImpl.java:lambda$close$4(397)) - 4132dfcc-dfb3-46cd-b45d-65c38fbb9d85@group-1814FF02F9CA: shutdown
2020-12-30 01:57:37,247 [Command processor thread] INFO  util.JmxRegister (JmxRegister.java:unregister(73)) - Successfully un-registered JMX Bean with object name Ratis:service=RaftServer,group=group-1814FF02F9CA,id=4132dfcc-dfb3-46cd-b45d-65c38fbb9d85
2020-12-30 01:57:37,248 [Command processor thread] INFO  impl.RoleInfo (RoleInfo.java:shutdownLeaderState(91)) - 4132dfcc-dfb3-46cd-b45d-65c38fbb9d85: shutdown 4132dfcc-dfb3-46cd-b45d-65c38fbb9d85@group-1814FF02F9CA-LeaderStateImpl
2020-12-30 01:57:37,248 [Command processor thread] INFO  metrics.RatisMetrics (RatisMetrics.java:unregister(43)) - Unregistering Metrics Registry : ratis_grpc.log_appender.4132dfcc-dfb3-46cd-b45d-65c38fbb9d85@group-1814FF02F9CA
2020-12-30 01:57:37,248 [Command processor thread] INFO  metrics.RatisMetrics (RatisMetrics.java:unregister(43)) - Unregistering Metrics Registry : ratis_grpc.log_appender.4132dfcc-dfb3-46cd-b45d-65c38fbb9d85@group-1814FF02F9CA
2020-12-30 01:57:37,248 [Command processor thread] INFO  impl.PendingRequests (PendingRequests.java:sendNotLeaderResponses(249)) - 4132dfcc-dfb3-46cd-b45d-65c38fbb9d85@group-1814FF02F9CA-PendingRequests: sendNotLeaderResponses
2020-12-30 01:57:37,248 [4132dfcc-dfb3-46cd-b45d-65c38fbb9d85@group-1814FF02F9CA->259e8d3c-ac3a-47ce-8b98-4ae0c616001a-GrpcLogAppender-LogAppenderDaemon] WARN  server.GrpcLogAppender (GrpcLogAppender.java:mayWait(174)) - 4132dfcc-dfb3-46cd-b45d-65c38fbb9d85@group-1814FF02F9CA->259e8d3c-ac3a-47ce-8b98-4ae0c616001a-GrpcLogAppender: Wait interrupted by java.lang.InterruptedException
2020-12-30 01:57:37,250 [4132dfcc-dfb3-46cd-b45d-65c38fbb9d85@group-1814FF02F9CA->2c3d9932-485f-47f8-8613-8bedf6c861f7-GrpcLogAppender-LogAppenderDaemon] WARN  server.GrpcLogAppender (GrpcLogAppender.java:mayWait(174)) - 4132dfcc-dfb3-46cd-b45d-65c38fbb9d85@group-1814FF02F9CA->2c3d9932-485f-47f8-8613-8bedf6c861f7-GrpcLogAppender: Wait interrupted by java.lang.InterruptedException
2020-12-30 01:57:37,251 [Command processor thread] INFO  metrics.RatisMetrics (RatisMetrics.java:unregister(43)) - Unregistering Metrics Registry : ratis.log_appender.4132dfcc-dfb3-46cd-b45d-65c38fbb9d85@group-1814FF02F9CA
2020-12-30 01:57:37,251 [Command processor thread] INFO  metrics.RatisMetrics (RatisMetrics.java:unregister(43)) - Unregistering Metrics Registry : ratis.server.4132dfcc-dfb3-46cd-b45d-65c38fbb9d85@group-1814FF02F9CA
2020-12-30 01:57:37,251 [grpc-default-executor-0] INFO  server.GrpcServerProtocolService (GrpcServerProtocolService.java:onCompleted(138)) - 259e8d3c-ac3a-47ce-8b98-4ae0c616001a: Completed APPEND_ENTRIES, lastRequest: 4132dfcc-dfb3-46cd-b45d-65c38fbb9d85->259e8d3c-ac3a-47ce-8b98-4ae0c616001a#905-t1,previous=(t:1, i:41),leaderCommit=40,initializing? true,entries: size=1, first=(t:1, i:42), METADATAENTRY(c:40)
2020-12-30 01:57:37,251 [grpc-default-executor-3] INFO  server.GrpcServerProtocolService (GrpcServerProtocolService.java:onCompleted(138)) - 2c3d9932-485f-47f8-8613-8bedf6c861f7: Completed APPEND_ENTRIES, lastRequest: 4132dfcc-dfb3-46cd-b45d-65c38fbb9d85->2c3d9932-485f-47f8-8613-8bedf6c861f7#930-t1,previous=(t:1, i:41),leaderCommit=40,initializing? true,entries: size=1, first=(t:1, i:42), METADATAENTRY(c:40)
2020-12-30 01:57:37,255 [grpc-default-executor-1] INFO  server.GrpcLogAppender (GrpcLogAppender.java:onCompleted(343)) - 4132dfcc-dfb3-46cd-b45d-65c38fbb9d85@group-1814FF02F9CA->259e8d3c-ac3a-47ce-8b98-4ae0c616001a-AppendLogResponseHandler: follower responses appendEntries COMPLETED
2020-12-30 01:57:37,255 [grpc-default-executor-1] INFO  leader.FollowerInfo (FollowerInfoImpl.java:lambda$new$0(46)) - 4132dfcc-dfb3-46cd-b45d-65c38fbb9d85@group-1814FF02F9CA->259e8d3c-ac3a-47ce-8b98-4ae0c616001a: nextIndex: updateUnconditionally 43 -> 42
2020-12-30 01:57:37,256 [grpc-default-executor-0] INFO  server.GrpcLogAppender (GrpcLogAppender.java:onCompleted(343)) - 4132dfcc-dfb3-46cd-b45d-65c38fbb9d85@group-1814FF02F9CA->2c3d9932-485f-47f8-8613-8bedf6c861f7-AppendLogResponseHandler: follower responses appendEntries COMPLETED
2020-12-30 01:57:37,256 [Command processor thread] INFO  impl.StateMachineUpdater (StateMachineUpdater.java:stopAndJoin(148)) - 4132dfcc-dfb3-46cd-b45d-65c38fbb9d85@group-1814FF02F9CA-StateMachineUpdater: set stopIndex = 42
2020-12-30 01:57:37,256 [grpc-default-executor-0] INFO  leader.FollowerInfo (FollowerInfoImpl.java:lambda$new$0(46)) - 4132dfcc-dfb3-46cd-b45d-65c38fbb9d85@group-1814FF02F9CA->2c3d9932-485f-47f8-8613-8bedf6c861f7: nextIndex: updateUnconditionally 43 -> 42
2020-12-30 01:57:37,256 [4132dfcc-dfb3-46cd-b45d-65c38fbb9d85@group-1814FF02F9CA-StateMachineUpdater] INFO  ratis.ContainerStateMachine (ContainerStateMachine.java:takeSnapshot(291)) - group-1814FF02F9CA: Taking a snapshot at:(t:1, i:42) file /github/workspace/mnt/ozone/hadoop-ozone/integration-test/target/test-dir/MiniOzoneClusterImpl-885a2ac6-dd28-4da4-9cce-7871c001d77b/datanode-4/data/ratis/512e6835-8f0e-4057-b950-1814ff02f9ca/sm/snapshot.1_42
2020-12-30 01:57:37,259 [4132dfcc-dfb3-46cd-b45d-65c38fbb9d85@group-1814FF02F9CA-StateMachineUpdater] INFO  ratis.ContainerStateMachine (ContainerStateMachine.java:takeSnapshot(302)) - group-1814FF02F9CA: Finished taking a snapshot at:(t:1, i:42) file:/github/workspace/mnt/ozone/hadoop-ozone/integration-test/target/test-dir/MiniOzoneClusterImpl-885a2ac6-dd28-4da4-9cce-7871c001d77b/datanode-4/data/ratis/512e6835-8f0e-4057-b950-1814ff02f9ca/sm/snapshot.1_42 time:3
2020-12-30 01:57:37,259 [4132dfcc-dfb3-46cd-b45d-65c38fbb9d85@group-1814FF02F9CA-StateMachineUpdater] INFO  impl.StateMachineUpdater (StateMachineUpdater.java:takeSnapshot(279)) - 4132dfcc-dfb3-46cd-b45d-65c38fbb9d85@group-1814FF02F9CA-StateMachineUpdater: Took a snapshot at index 42
2020-12-30 01:57:37,259 [4132dfcc-dfb3-46cd-b45d-65c38fbb9d85@group-1814FF02F9CA-StateMachineUpdater] INFO  impl.StateMachineUpdater (StateMachineUpdater.java:lambda$new$0(88)) - 4132dfcc-dfb3-46cd-b45d-65c38fbb9d85@group-1814FF02F9CA-StateMachineUpdater: snapshotIndex: updateIncreasingly -1 -> 42
2020-12-30 01:57:37,259 [4132dfcc-dfb3-46cd-b45d-65c38fbb9d85@group-1814FF02F9CA-StateMachineUpdater] INFO  metrics.RatisMetrics (RatisMetrics.java:unregister(43)) - Unregistering Metrics Registry : ratis.state_machine.4132dfcc-dfb3-46cd-b45d-65c38fbb9d85@group-1814FF02F9CA
2020-12-30 01:57:37,259 [Command processor thread] INFO  server.RaftServer$Division (ServerState.java:close(406)) - 4132dfcc-dfb3-46cd-b45d-65c38fbb9d85@group-1814FF02F9CA: closes. applyIndex: 42
2020-12-30 01:57:37,259 [4132dfcc-dfb3-46cd-b45d-65c38fbb9d85@group-1814FF02F9CA-SegmentedRaftLogWorker] INFO  segmented.SegmentedRaftLogWorker (SegmentedRaftLogWorker.java:run(326)) - 4132dfcc-dfb3-46cd-b45d-65c38fbb9d85@group-1814FF02F9CA-SegmentedRaftLogWorker was interrupted, exiting. There are 0 tasks remaining in the queue.
2020-12-30 01:57:37,260 [Command processor thread] INFO  segmented.SegmentedRaftLogWorker (SegmentedRaftLogWorker.java:close(236)) - 4132dfcc-dfb3-46cd-b45d-65c38fbb9d85@group-1814FF02F9CA-SegmentedRaftLogWorker close()
2020-12-30 01:57:37,260 [Command processor thread] INFO  metrics.RatisMetrics (RatisMetrics.java:unregister(43)) - Unregistering Metrics Registry : ratis.log_worker.4132dfcc-dfb3-46cd-b45d-65c38fbb9d85@group-1814FF02F9CA
2020-12-30 01:57:37,260 [Command processor thread] INFO  metrics.RatisMetrics (RatisMetrics.java:unregister(43)) - Unregistering Metrics Registry : ratis.leader_election.4132dfcc-dfb3-46cd-b45d-65c38fbb9d85@group-1814FF02F9CA
2020-12-30 01:57:37,260 [Command processor thread] INFO  metrics.RatisMetrics (RatisMetrics.java:unregister(43)) - Unregistering Metrics Registry : ratis.server.4132dfcc-dfb3-46cd-b45d-65c38fbb9d85@group-1814FF02F9CA
2020-12-30 01:57:37,264 [IPC Server handler 16 on default port 43765] INFO  node.SCMNodeManager (SCMNodeManager.java:updateDatanodeOpState(419)) - Scheduling a command to update the operationalState persisted on the datanode as the reported value (IN_SERVICE, 0) does not match the value stored in SCM (ENTERING_MAINTENANCE, 0)
2020-12-30 01:57:37,265 [Command processor thread] INFO  server.RaftServer (RaftServerProxy.java:remove(104)) - 2c3d9932-485f-47f8-8613-8bedf6c861f7: remove    LEADER 2c3d9932-485f-47f8-8613-8bedf6c861f7@group-2117576E5059:t1, leader=2c3d9932-485f-47f8-8613-8bedf6c861f7, voted=2c3d9932-485f-47f8-8613-8bedf6c861f7, raftlog=2c3d9932-485f-47f8-8613-8bedf6c861f7@group-2117576E5059-SegmentedRaftLog:OPENED:c0,f0,i0, conf=0: [2c3d9932-485f-47f8-8613-8bedf6c861f7|rpc:172.17.0.2:36507|dataStream:], old=null RUNNING
2020-12-30 01:57:37,265 [Command processor thread] INFO  server.RaftServer$Division (RaftServerImpl.java:lambda$close$4(397)) - 2c3d9932-485f-47f8-8613-8bedf6c861f7@group-2117576E5059: shutdown
2020-12-30 01:57:37,265 [Command processor thread] INFO  util.JmxRegister (JmxRegister.java:unregister(73)) - Successfully un-registered JMX Bean with object name Ratis:service=RaftServer,group=group-2117576E5059,id=2c3d9932-485f-47f8-8613-8bedf6c861f7
2020-12-30 01:57:37,266 [Command processor thread] INFO  impl.RoleInfo (RoleInfo.java:shutdownLeaderState(91)) - 2c3d9932-485f-47f8-8613-8bedf6c861f7: shutdown 2c3d9932-485f-47f8-8613-8bedf6c861f7@group-2117576E5059-LeaderStateImpl
2020-12-30 01:57:37,266 [Command processor thread] INFO  impl.PendingRequests (PendingRequests.java:sendNotLeaderResponses(249)) - 2c3d9932-485f-47f8-8613-8bedf6c861f7@group-2117576E5059-PendingRequests: sendNotLeaderResponses
2020-12-30 01:57:37,266 [Command processor thread] INFO  metrics.RatisMetrics (RatisMetrics.java:unregister(43)) - Unregistering Metrics Registry : ratis.log_appender.2c3d9932-485f-47f8-8613-8bedf6c861f7@group-2117576E5059
2020-12-30 01:57:37,266 [Command processor thread] INFO  metrics.RatisMetrics (RatisMetrics.java:unregister(43)) - Unregistering Metrics Registry : ratis.server.2c3d9932-485f-47f8-8613-8bedf6c861f7@group-2117576E5059
2020-12-30 01:57:37,266 [Command processor thread] INFO  impl.StateMachineUpdater (StateMachineUpdater.java:stopAndJoin(148)) - 2c3d9932-485f-47f8-8613-8bedf6c861f7@group-2117576E5059-StateMachineUpdater: set stopIndex = 0
2020-12-30 01:57:37,266 [2c3d9932-485f-47f8-8613-8bedf6c861f7@group-2117576E5059-StateMachineUpdater] INFO  ratis.ContainerStateMachine (ContainerStateMachine.java:takeSnapshot(291)) - group-2117576E5059: Taking a snapshot at:(t:1, i:0) file /github/workspace/mnt/ozone/hadoop-ozone/integration-test/target/test-dir/MiniOzoneClusterImpl-885a2ac6-dd28-4da4-9cce-7871c001d77b/datanode-5/data/ratis/b4653daa-82c1-408f-b07a-2117576e5059/sm/snapshot.1_0
2020-12-30 01:57:37,267 [IPC Server handler 19 on default port 43765] INFO  node.SCMNodeManager (SCMNodeManager.java:updateDatanodeOpState(419)) - Scheduling a command to update the operationalState persisted on the datanode as the reported value (IN_SERVICE, 0) does not match the value stored in SCM (ENTERING_MAINTENANCE, 0)
2020-12-30 01:57:37,267 [2c3d9932-485f-47f8-8613-8bedf6c861f7@group-2117576E5059-StateMachineUpdater] INFO  ratis.ContainerStateMachine (ContainerStateMachine.java:takeSnapshot(302)) - group-2117576E5059: Finished taking a snapshot at:(t:1, i:0) file:/github/workspace/mnt/ozone/hadoop-ozone/integration-test/target/test-dir/MiniOzoneClusterImpl-885a2ac6-dd28-4da4-9cce-7871c001d77b/datanode-5/data/ratis/b4653daa-82c1-408f-b07a-2117576e5059/sm/snapshot.1_0 time:1
2020-12-30 01:57:37,267 [2c3d9932-485f-47f8-8613-8bedf6c861f7@group-2117576E5059-StateMachineUpdater] INFO  impl.StateMachineUpdater (StateMachineUpdater.java:takeSnapshot(279)) - 2c3d9932-485f-47f8-8613-8bedf6c861f7@group-2117576E5059-StateMachineUpdater: Took a snapshot at index 0
2020-12-30 01:57:37,268 [2c3d9932-485f-47f8-8613-8bedf6c861f7@group-2117576E5059-StateMachineUpdater] INFO  impl.StateMachineUpdater (StateMachineUpdater.java:lambda$new$0(88)) - 2c3d9932-485f-47f8-8613-8bedf6c861f7@group-2117576E5059-StateMachineUpdater: snapshotIndex: updateIncreasingly -1 -> 0
2020-12-30 01:57:37,268 [2c3d9932-485f-47f8-8613-8bedf6c861f7@group-2117576E5059-StateMachineUpdater] INFO  metrics.RatisMetrics (RatisMetrics.java:unregister(43)) - Unregistering Metrics Registry : ratis.state_machine.2c3d9932-485f-47f8-8613-8bedf6c861f7@group-2117576E5059
2020-12-30 01:57:37,269 [Command processor thread] INFO  server.RaftServer$Division (ServerState.java:close(406)) - 2c3d9932-485f-47f8-8613-8bedf6c861f7@group-2117576E5059: closes. applyIndex: 0
2020-12-30 01:57:37,270 [2c3d9932-485f-47f8-8613-8bedf6c861f7@group-2117576E5059-SegmentedRaftLogWorker] INFO  segmented.SegmentedRaftLogWorker (SegmentedRaftLogWorker.java:run(326)) - 2c3d9932-485f-47f8-8613-8bedf6c861f7@group-2117576E5059-SegmentedRaftLogWorker was interrupted, exiting. There are 0 tasks remaining in the queue.
2020-12-30 01:57:37,270 [Command processor thread] INFO  segmented.SegmentedRaftLogWorker (SegmentedRaftLogWorker.java:close(236)) - 2c3d9932-485f-47f8-8613-8bedf6c861f7@group-2117576E5059-SegmentedRaftLogWorker close()
2020-12-30 01:57:37,273 [Command processor thread] INFO  metrics.RatisMetrics (RatisMetrics.java:unregister(43)) - Unregistering Metrics Registry : ratis.log_worker.2c3d9932-485f-47f8-8613-8bedf6c861f7@group-2117576E5059
2020-12-30 01:57:37,273 [Command processor thread] INFO  metrics.RatisMetrics (RatisMetrics.java:unregister(43)) - Unregistering Metrics Registry : ratis.leader_election.2c3d9932-485f-47f8-8613-8bedf6c861f7@group-2117576E5059
2020-12-30 01:57:37,273 [Command processor thread] INFO  metrics.RatisMetrics (RatisMetrics.java:unregister(43)) - Unregistering Metrics Registry : ratis.server.2c3d9932-485f-47f8-8613-8bedf6c861f7@group-2117576E5059
2020-12-30 01:57:37,274 [Command processor thread] INFO  server.RaftServer$Division (RaftServerImpl.java:groupRemove(367)) - 2c3d9932-485f-47f8-8613-8bedf6c861f7@group-2117576E5059: Succeed to remove RaftStorageDirectory Storage Directory /github/workspace/mnt/ozone/hadoop-ozone/integration-test/target/test-dir/MiniOzoneClusterImpl-885a2ac6-dd28-4da4-9cce-7871c001d77b/datanode-5/data/ratis/b4653daa-82c1-408f-b07a-2117576e5059
2020-12-30 01:57:37,274 [Command processor thread] INFO  commandhandler.ClosePipelineCommandHandler (ClosePipelineCommandHandler.java:handle(75)) - Close Pipeline PipelineID=b4653daa-82c1-408f-b07a-2117576e5059 command on datanode 2c3d9932-485f-47f8-8613-8bedf6c861f7.
2020-12-30 01:57:37,274 [Command processor thread] INFO  server.RaftServer (RaftServerProxy.java:remove(104)) - 2c3d9932-485f-47f8-8613-8bedf6c861f7: remove  FOLLOWER 2c3d9932-485f-47f8-8613-8bedf6c861f7@group-1814FF02F9CA:t1, leader=4132dfcc-dfb3-46cd-b45d-65c38fbb9d85, voted=4132dfcc-dfb3-46cd-b45d-65c38fbb9d85, raftlog=2c3d9932-485f-47f8-8613-8bedf6c861f7@group-1814FF02F9CA-SegmentedRaftLog:OPENED:c42,f42,i42, conf=0: [2c3d9932-485f-47f8-8613-8bedf6c861f7|rpc:172.17.0.2:36507|dataStream:, 259e8d3c-ac3a-47ce-8b98-4ae0c616001a|rpc:172.17.0.2:39593|dataStream:, 4132dfcc-dfb3-46cd-b45d-65c38fbb9d85|rpc:172.17.0.2:46769|dataStream:], old=null RUNNING
2020-12-30 01:57:37,275 [Command processor thread] INFO  server.RaftServer$Division (RaftServerImpl.java:lambda$close$4(397)) - 2c3d9932-485f-47f8-8613-8bedf6c861f7@group-1814FF02F9CA: shutdown
2020-12-30 01:57:37,275 [Command processor thread] INFO  util.JmxRegister (JmxRegister.java:unregister(73)) - Successfully un-registered JMX Bean with object name Ratis:service=RaftServer,group=group-1814FF02F9CA,id=2c3d9932-485f-47f8-8613-8bedf6c861f7
2020-12-30 01:57:37,280 [Command processor thread] INFO  impl.RoleInfo (RoleInfo.java:shutdownFollowerState(108)) - 2c3d9932-485f-47f8-8613-8bedf6c861f7: shutdown 2c3d9932-485f-47f8-8613-8bedf6c861f7@group-1814FF02F9CA-FollowerState
2020-12-30 01:57:37,275 [Command processor thread] INFO  keyvalue.KeyValueContainer (KeyValueContainer.java:flushAndSyncDB(388)) - Container 1 is synced with bcsId 40.
2020-12-30 01:57:37,280 [Command processor thread] INFO  impl.StateMachineUpdater (StateMachineUpdater.java:stopAndJoin(148)) - 2c3d9932-485f-47f8-8613-8bedf6c861f7@group-1814FF02F9CA-StateMachineUpdater: set stopIndex = 42
2020-12-30 01:57:37,280 [Thread-871] INFO  impl.FollowerState (FollowerState.java:run(142)) - 2c3d9932-485f-47f8-8613-8bedf6c861f7@group-1814FF02F9CA-FollowerState was interrupted: {}
java.lang.InterruptedException: sleep interrupted
	at java.lang.Thread.sleep(Native Method)
	at java.lang.Thread.sleep(Thread.java:340)
	at java.util.concurrent.TimeUnit.sleep(TimeUnit.java:386)
	at org.apache.ratis.util.TimeDuration.sleep(TimeDuration.java:319)
	at org.apache.ratis.util.TimeDuration.sleep(TimeDuration.java:304)
	at org.apache.ratis.server.impl.FollowerState.run(FollowerState.java:117)
2020-12-30 01:57:37,280 [2c3d9932-485f-47f8-8613-8bedf6c861f7@group-1814FF02F9CA-StateMachineUpdater] INFO  ratis.ContainerStateMachine (ContainerStateMachine.java:takeSnapshot(291)) - group-1814FF02F9CA: Taking a snapshot at:(t:1, i:42) file /github/workspace/mnt/ozone/hadoop-ozone/integration-test/target/test-dir/MiniOzoneClusterImpl-885a2ac6-dd28-4da4-9cce-7871c001d77b/datanode-5/data/ratis/512e6835-8f0e-4057-b950-1814ff02f9ca/sm/snapshot.1_42
2020-12-30 01:57:37,280 [Command processor thread] INFO  keyvalue.KeyValueContainer (KeyValueContainer.java:flushAndSyncDB(388)) - Container 1 is synced with bcsId 40.
2020-12-30 01:57:37,284 [2c3d9932-485f-47f8-8613-8bedf6c861f7@group-1814FF02F9CA-StateMachineUpdater] INFO  ratis.ContainerStateMachine (ContainerStateMachine.java:takeSnapshot(302)) - group-1814FF02F9CA: Finished taking a snapshot at:(t:1, i:42) file:/github/workspace/mnt/ozone/hadoop-ozone/integration-test/target/test-dir/MiniOzoneClusterImpl-885a2ac6-dd28-4da4-9cce-7871c001d77b/datanode-5/data/ratis/512e6835-8f0e-4057-b950-1814ff02f9ca/sm/snapshot.1_42 time:3
2020-12-30 01:57:37,284 [2c3d9932-485f-47f8-8613-8bedf6c861f7@group-1814FF02F9CA-StateMachineUpdater] INFO  impl.StateMachineUpdater (StateMachineUpdater.java:takeSnapshot(279)) - 2c3d9932-485f-47f8-8613-8bedf6c861f7@group-1814FF02F9CA-StateMachineUpdater: Took a snapshot at index 42
2020-12-30 01:57:37,284 [2c3d9932-485f-47f8-8613-8bedf6c861f7@group-1814FF02F9CA-StateMachineUpdater] INFO  impl.StateMachineUpdater (StateMachineUpdater.java:lambda$new$0(88)) - 2c3d9932-485f-47f8-8613-8bedf6c861f7@group-1814FF02F9CA-StateMachineUpdater: snapshotIndex: updateIncreasingly -1 -> 42
2020-12-30 01:57:37,284 [2c3d9932-485f-47f8-8613-8bedf6c861f7@group-1814FF02F9CA-StateMachineUpdater] INFO  metrics.RatisMetrics (RatisMetrics.java:unregister(43)) - Unregistering Metrics Registry : ratis.state_machine.2c3d9932-485f-47f8-8613-8bedf6c861f7@group-1814FF02F9CA
2020-12-30 01:57:37,284 [Command processor thread] INFO  server.RaftServer$Division (ServerState.java:close(406)) - 2c3d9932-485f-47f8-8613-8bedf6c861f7@group-1814FF02F9CA: closes. applyIndex: 42
2020-12-30 01:57:37,285 [2c3d9932-485f-47f8-8613-8bedf6c861f7@group-1814FF02F9CA-SegmentedRaftLogWorker] INFO  segmented.SegmentedRaftLogWorker (SegmentedRaftLogWorker.java:run(326)) - 2c3d9932-485f-47f8-8613-8bedf6c861f7@group-1814FF02F9CA-SegmentedRaftLogWorker was interrupted, exiting. There are 0 tasks remaining in the queue.
2020-12-30 01:57:37,285 [Command processor thread] INFO  segmented.SegmentedRaftLogWorker (SegmentedRaftLogWorker.java:close(236)) - 2c3d9932-485f-47f8-8613-8bedf6c861f7@group-1814FF02F9CA-SegmentedRaftLogWorker close()
2020-12-30 01:57:37,285 [Command processor thread] INFO  metrics.RatisMetrics (RatisMetrics.java:unregister(43)) - Unregistering Metrics Registry : ratis.log_worker.2c3d9932-485f-47f8-8613-8bedf6c861f7@group-1814FF02F9CA
2020-12-30 01:57:37,285 [Command processor thread] INFO  metrics.RatisMetrics (RatisMetrics.java:unregister(43)) - Unregistering Metrics Registry : ratis.leader_election.2c3d9932-485f-47f8-8613-8bedf6c861f7@group-1814FF02F9CA
2020-12-30 01:57:37,285 [Command processor thread] INFO  metrics.RatisMetrics (RatisMetrics.java:unregister(43)) - Unregistering Metrics Registry : ratis.server.2c3d9932-485f-47f8-8613-8bedf6c861f7@group-1814FF02F9CA
2020-12-30 01:57:37,286 [IPC Server handler 1 on default port 43765] INFO  node.SCMNodeManager (SCMNodeManager.java:updateDatanodeOpState(419)) - Scheduling a command to update the operationalState persisted on the datanode as the reported value (IN_SERVICE, 0) does not match the value stored in SCM (ENTERING_MAINTENANCE, 0)
2020-12-30 01:57:37,288 [Command processor thread] INFO  keyvalue.KeyValueContainer (KeyValueContainer.java:flushAndSyncDB(388)) - Container 2 is synced with bcsId 36.
2020-12-30 01:57:37,288 [IPC Server handler 2 on default port 43765] INFO  node.SCMNodeManager (SCMNodeManager.java:updateDatanodeOpState(419)) - Scheduling a command to update the operationalState persisted on the datanode as the reported value (IN_SERVICE, 0) does not match the value stored in SCM (ENTERING_MAINTENANCE, 0)
2020-12-30 01:57:37,288 [Command processor thread] INFO  keyvalue.KeyValueContainer (KeyValueContainer.java:flushAndSyncDB(388)) - Container 2 is synced with bcsId 36.
2020-12-30 01:57:37,289 [IPC Server handler 3 on default port 43765] INFO  node.SCMNodeManager (SCMNodeManager.java:updateDatanodeOpState(419)) - Scheduling a command to update the operationalState persisted on the datanode as the reported value (IN_SERVICE, 0) does not match the value stored in SCM (ENTERING_MAINTENANCE, 0)
2020-12-30 01:57:37,290 [Command processor thread] INFO  keyvalue.KeyValueContainer (KeyValueContainer.java:flushAndSyncDB(388)) - Container 1 is synced with bcsId 40.
2020-12-30 01:57:37,290 [Command processor thread] INFO  keyvalue.KeyValueContainer (KeyValueContainer.java:flushAndSyncDB(388)) - Container 1 is synced with bcsId 40.
2020-12-30 01:57:37,293 [IPC Server handler 4 on default port 43765] INFO  node.SCMNodeManager (SCMNodeManager.java:updateDatanodeOpState(419)) - Scheduling a command to update the operationalState persisted on the datanode as the reported value (IN_SERVICE, 0) does not match the value stored in SCM (ENTERING_MAINTENANCE, 0)
2020-12-30 01:57:37,294 [IPC Server handler 5 on default port 43765] INFO  node.SCMNodeManager (SCMNodeManager.java:updateDatanodeOpState(419)) - Scheduling a command to update the operationalState persisted on the datanode as the reported value (IN_SERVICE, 0) does not match the value stored in SCM (ENTERING_MAINTENANCE, 0)
2020-12-30 01:57:37,294 [Command processor thread] INFO  server.RaftServer$Division (RaftServerImpl.java:groupRemove(367)) - 4132dfcc-dfb3-46cd-b45d-65c38fbb9d85@group-1814FF02F9CA: Succeed to remove RaftStorageDirectory Storage Directory /github/workspace/mnt/ozone/hadoop-ozone/integration-test/target/test-dir/MiniOzoneClusterImpl-885a2ac6-dd28-4da4-9cce-7871c001d77b/datanode-4/data/ratis/512e6835-8f0e-4057-b950-1814ff02f9ca
2020-12-30 01:57:37,295 [Command processor thread] INFO  commandhandler.ClosePipelineCommandHandler (ClosePipelineCommandHandler.java:handle(75)) - Close Pipeline PipelineID=512e6835-8f0e-4057-b950-1814ff02f9ca command on datanode 4132dfcc-dfb3-46cd-b45d-65c38fbb9d85.
2020-12-30 01:57:37,295 [Command processor thread] INFO  server.RaftServer (RaftServerProxy.java:remove(104)) - 4132dfcc-dfb3-46cd-b45d-65c38fbb9d85: remove    LEADER 4132dfcc-dfb3-46cd-b45d-65c38fbb9d85@group-66D6D02993E9:t1, leader=4132dfcc-dfb3-46cd-b45d-65c38fbb9d85, voted=4132dfcc-dfb3-46cd-b45d-65c38fbb9d85, raftlog=4132dfcc-dfb3-46cd-b45d-65c38fbb9d85@group-66D6D02993E9-SegmentedRaftLog:OPENED:c0,f0,i0, conf=0: [4132dfcc-dfb3-46cd-b45d-65c38fbb9d85|rpc:172.17.0.2:46769|dataStream:], old=null RUNNING
2020-12-30 01:57:37,295 [Command processor thread] INFO  server.RaftServer$Division (RaftServerImpl.java:lambda$close$4(397)) - 4132dfcc-dfb3-46cd-b45d-65c38fbb9d85@group-66D6D02993E9: shutdown
2020-12-30 01:57:37,295 [Command processor thread] INFO  util.JmxRegister (JmxRegister.java:unregister(73)) - Successfully un-registered JMX Bean with object name Ratis:service=RaftServer,group=group-66D6D02993E9,id=4132dfcc-dfb3-46cd-b45d-65c38fbb9d85
2020-12-30 01:57:37,295 [Command processor thread] INFO  impl.RoleInfo (RoleInfo.java:shutdownLeaderState(91)) - 4132dfcc-dfb3-46cd-b45d-65c38fbb9d85: shutdown 4132dfcc-dfb3-46cd-b45d-65c38fbb9d85@group-66D6D02993E9-LeaderStateImpl
2020-12-30 01:57:37,295 [Command processor thread] INFO  impl.PendingRequests (PendingRequests.java:sendNotLeaderResponses(249)) - 4132dfcc-dfb3-46cd-b45d-65c38fbb9d85@group-66D6D02993E9-PendingRequests: sendNotLeaderResponses
2020-12-30 01:57:37,295 [Command processor thread] INFO  metrics.RatisMetrics (RatisMetrics.java:unregister(43)) - Unregistering Metrics Registry : ratis.log_appender.4132dfcc-dfb3-46cd-b45d-65c38fbb9d85@group-66D6D02993E9
2020-12-30 01:57:37,295 [Command processor thread] INFO  metrics.RatisMetrics (RatisMetrics.java:unregister(43)) - Unregistering Metrics Registry : ratis.server.4132dfcc-dfb3-46cd-b45d-65c38fbb9d85@group-66D6D02993E9
2020-12-30 01:57:37,296 [Command processor thread] INFO  impl.StateMachineUpdater (StateMachineUpdater.java:stopAndJoin(148)) - 4132dfcc-dfb3-46cd-b45d-65c38fbb9d85@group-66D6D02993E9-StateMachineUpdater: set stopIndex = 0
2020-12-30 01:57:37,296 [4132dfcc-dfb3-46cd-b45d-65c38fbb9d85@group-66D6D02993E9-StateMachineUpdater] INFO  ratis.ContainerStateMachine (ContainerStateMachine.java:takeSnapshot(291)) - group-66D6D02993E9: Taking a snapshot at:(t:1, i:0) file /github/workspace/mnt/ozone/hadoop-ozone/integration-test/target/test-dir/MiniOzoneClusterImpl-885a2ac6-dd28-4da4-9cce-7871c001d77b/datanode-4/data/ratis/e53f958b-7dd2-4f07-ae5a-66d6d02993e9/sm/snapshot.1_0
2020-12-30 01:57:37,296 [4132dfcc-dfb3-46cd-b45d-65c38fbb9d85@group-66D6D02993E9-StateMachineUpdater] INFO  ratis.ContainerStateMachine (ContainerStateMachine.java:takeSnapshot(302)) - group-66D6D02993E9: Finished taking a snapshot at:(t:1, i:0) file:/github/workspace/mnt/ozone/hadoop-ozone/integration-test/target/test-dir/MiniOzoneClusterImpl-885a2ac6-dd28-4da4-9cce-7871c001d77b/datanode-4/data/ratis/e53f958b-7dd2-4f07-ae5a-66d6d02993e9/sm/snapshot.1_0 time:0
2020-12-30 01:57:37,296 [4132dfcc-dfb3-46cd-b45d-65c38fbb9d85@group-66D6D02993E9-StateMachineUpdater] INFO  impl.StateMachineUpdater (StateMachineUpdater.java:takeSnapshot(279)) - 4132dfcc-dfb3-46cd-b45d-65c38fbb9d85@group-66D6D02993E9-StateMachineUpdater: Took a snapshot at index 0
2020-12-30 01:57:37,296 [4132dfcc-dfb3-46cd-b45d-65c38fbb9d85@group-66D6D02993E9-StateMachineUpdater] INFO  impl.StateMachineUpdater (StateMachineUpdater.java:lambda$new$0(88)) - 4132dfcc-dfb3-46cd-b45d-65c38fbb9d85@group-66D6D02993E9-StateMachineUpdater: snapshotIndex: updateIncreasingly -1 -> 0
2020-12-30 01:57:37,296 [4132dfcc-dfb3-46cd-b45d-65c38fbb9d85@group-66D6D02993E9-StateMachineUpdater] INFO  metrics.RatisMetrics (RatisMetrics.java:unregister(43)) - Unregistering Metrics Registry : ratis.state_machine.4132dfcc-dfb3-46cd-b45d-65c38fbb9d85@group-66D6D02993E9
2020-12-30 01:57:37,297 [Command processor thread] INFO  server.RaftServer$Division (ServerState.java:close(406)) - 4132dfcc-dfb3-46cd-b45d-65c38fbb9d85@group-66D6D02993E9: closes. applyIndex: 0
2020-12-30 01:57:37,297 [IPC Server handler 6 on default port 43765] INFO  node.SCMNodeManager (SCMNodeManager.java:updateDatanodeOpState(419)) - Scheduling a command to update the operationalState persisted on the datanode as the reported value (IN_SERVICE, 0) does not match the value stored in SCM (ENTERING_MAINTENANCE, 0)
2020-12-30 01:57:37,297 [4132dfcc-dfb3-46cd-b45d-65c38fbb9d85@group-66D6D02993E9-SegmentedRaftLogWorker] INFO  segmented.SegmentedRaftLogWorker (SegmentedRaftLogWorker.java:run(326)) - 4132dfcc-dfb3-46cd-b45d-65c38fbb9d85@group-66D6D02993E9-SegmentedRaftLogWorker was interrupted, exiting. There are 0 tasks remaining in the queue.
2020-12-30 01:57:37,298 [Command processor thread] INFO  segmented.SegmentedRaftLogWorker (SegmentedRaftLogWorker.java:close(236)) - 4132dfcc-dfb3-46cd-b45d-65c38fbb9d85@group-66D6D02993E9-SegmentedRaftLogWorker close()
2020-12-30 01:57:37,298 [Command processor thread] INFO  metrics.RatisMetrics (RatisMetrics.java:unregister(43)) - Unregistering Metrics Registry : ratis.log_worker.4132dfcc-dfb3-46cd-b45d-65c38fbb9d85@group-66D6D02993E9
2020-12-30 01:57:37,298 [Command processor thread] INFO  metrics.RatisMetrics (RatisMetrics.java:unregister(43)) - Unregistering Metrics Registry : ratis.leader_election.4132dfcc-dfb3-46cd-b45d-65c38fbb9d85@group-66D6D02993E9
2020-12-30 01:57:37,298 [Command processor thread] INFO  metrics.RatisMetrics (RatisMetrics.java:unregister(43)) - Unregistering Metrics Registry : ratis.server.4132dfcc-dfb3-46cd-b45d-65c38fbb9d85@group-66D6D02993E9
2020-12-30 01:57:37,299 [Command processor thread] INFO  server.RaftServer$Division (RaftServerImpl.java:groupRemove(367)) - 4132dfcc-dfb3-46cd-b45d-65c38fbb9d85@group-66D6D02993E9: Succeed to remove RaftStorageDirectory Storage Directory /github/workspace/mnt/ozone/hadoop-ozone/integration-test/target/test-dir/MiniOzoneClusterImpl-885a2ac6-dd28-4da4-9cce-7871c001d77b/datanode-4/data/ratis/e53f958b-7dd2-4f07-ae5a-66d6d02993e9
2020-12-30 01:57:37,300 [Command processor thread] INFO  commandhandler.ClosePipelineCommandHandler (ClosePipelineCommandHandler.java:handle(75)) - Close Pipeline PipelineID=e53f958b-7dd2-4f07-ae5a-66d6d02993e9 command on datanode 4132dfcc-dfb3-46cd-b45d-65c38fbb9d85.
2020-12-30 01:57:37,300 [Command processor thread] WARN  server.RaftServer (RaftServerProxy.java:remove(99)) - 4132dfcc-dfb3-46cd-b45d-65c38fbb9d85: does not contain group: group-66D6D02993E9
2020-12-30 01:57:37,300 [Command processor thread] ERROR commandhandler.ClosePipelineCommandHandler (ClosePipelineCommandHandler.java:handle(78)) - Can't close pipeline PipelineID=e53f958b-7dd2-4f07-ae5a-66d6d02993e9
java.io.IOException: 4132dfcc-dfb3-46cd-b45d-65c38fbb9d85: Group group-66D6D02993E9 not found.
	at org.apache.hadoop.ozone.container.common.transport.server.ratis.XceiverServerRatis.removeGroup(XceiverServerRatis.java:782)
	at org.apache.hadoop.ozone.container.common.statemachine.commandhandler.ClosePipelineCommandHandler.handle(ClosePipelineCommandHandler.java:74)
	at org.apache.hadoop.ozone.container.common.statemachine.commandhandler.CommandDispatcher.handle(CommandDispatcher.java:99)
	at org.apache.hadoop.ozone.container.common.statemachine.DatanodeStateMachine.lambda$initCommandHandlerThread$2(DatanodeStateMachine.java:498)
	at java.lang.Thread.run(Thread.java:748)
Caused by: org.apache.ratis.protocol.exceptions.GroupMismatchException: 4132dfcc-dfb3-46cd-b45d-65c38fbb9d85: Group group-66D6D02993E9 not found.
	at org.apache.ratis.server.impl.RaftServerProxy.groupRemoveAsync(RaftServerProxy.java:494)
	at org.apache.ratis.server.impl.RaftServerProxy.groupManagementAsync(RaftServerProxy.java:450)
	at org.apache.ratis.server.impl.RaftServerProxy.groupManagement(RaftServerProxy.java:430)
	at org.apache.hadoop.ozone.container.common.transport.server.ratis.XceiverServerRatis.removeGroup(XceiverServerRatis.java:780)
	... 4 more
2020-12-30 01:57:37,301 [Command processor thread] WARN  server.RaftServer (RaftServerProxy.java:remove(99)) - 4132dfcc-dfb3-46cd-b45d-65c38fbb9d85: does not contain group: group-1814FF02F9CA
2020-12-30 01:57:37,301 [Command processor thread] ERROR commandhandler.ClosePipelineCommandHandler (ClosePipelineCommandHandler.java:handle(78)) - Can't close pipeline PipelineID=512e6835-8f0e-4057-b950-1814ff02f9ca
java.io.IOException: 4132dfcc-dfb3-46cd-b45d-65c38fbb9d85: Group group-1814FF02F9CA not found.
	at org.apache.hadoop.ozone.container.common.transport.server.ratis.XceiverServerRatis.removeGroup(XceiverServerRatis.java:782)
	at org.apache.hadoop.ozone.container.common.statemachine.commandhandler.ClosePipelineCommandHandler.handle(ClosePipelineCommandHandler.java:74)
	at org.apache.hadoop.ozone.container.common.statemachine.commandhandler.CommandDispatcher.handle(CommandDispatcher.java:99)
	at org.apache.hadoop.ozone.container.common.statemachine.DatanodeStateMachine.lambda$initCommandHandlerThread$2(DatanodeStateMachine.java:498)
	at java.lang.Thread.run(Thread.java:748)
Caused by: org.apache.ratis.protocol.exceptions.GroupMismatchException: 4132dfcc-dfb3-46cd-b45d-65c38fbb9d85: Group group-1814FF02F9CA not found.
	at org.apache.ratis.server.impl.RaftServerProxy.groupRemoveAsync(RaftServerProxy.java:494)
	at org.apache.ratis.server.impl.RaftServerProxy.groupManagementAsync(RaftServerProxy.java:450)
	at org.apache.ratis.server.impl.RaftServerProxy.groupManagement(RaftServerProxy.java:430)
	at org.apache.hadoop.ozone.container.common.transport.server.ratis.XceiverServerRatis.removeGroup(XceiverServerRatis.java:780)
	... 4 more
2020-12-30 01:57:37,302 [Command processor thread] WARN  server.RaftServer (RaftServerProxy.java:remove(99)) - 4132dfcc-dfb3-46cd-b45d-65c38fbb9d85: does not contain group: group-66D6D02993E9
2020-12-30 01:57:37,302 [Command processor thread] ERROR commandhandler.ClosePipelineCommandHandler (ClosePipelineCommandHandler.java:handle(78)) - Can't close pipeline PipelineID=e53f958b-7dd2-4f07-ae5a-66d6d02993e9
java.io.IOException: 4132dfcc-dfb3-46cd-b45d-65c38fbb9d85: Group group-66D6D02993E9 not found.
	at org.apache.hadoop.ozone.container.common.transport.server.ratis.XceiverServerRatis.removeGroup(XceiverServerRatis.java:782)
	at org.apache.hadoop.ozone.container.common.statemachine.commandhandler.ClosePipelineCommandHandler.handle(ClosePipelineCommandHandler.java:74)
	at org.apache.hadoop.ozone.container.common.statemachine.commandhandler.CommandDispatcher.handle(CommandDispatcher.java:99)
	at org.apache.hadoop.ozone.container.common.statemachine.DatanodeStateMachine.lambda$initCommandHandlerThread$2(DatanodeStateMachine.java:498)
	at java.lang.Thread.run(Thread.java:748)
Caused by: org.apache.ratis.protocol.exceptions.GroupMismatchException: 4132dfcc-dfb3-46cd-b45d-65c38fbb9d85: Group group-66D6D02993E9 not found.
	at org.apache.ratis.server.impl.RaftServerProxy.groupRemoveAsync(RaftServerProxy.java:494)
	at org.apache.ratis.server.impl.RaftServerProxy.groupManagementAsync(RaftServerProxy.java:450)
	at org.apache.ratis.server.impl.RaftServerProxy.groupManagement(RaftServerProxy.java:430)
	at org.apache.hadoop.ozone.container.common.transport.server.ratis.XceiverServerRatis.removeGroup(XceiverServerRatis.java:780)
	... 4 more
2020-12-30 01:57:37,300 [Command processor thread] INFO  keyvalue.KeyValueContainer (KeyValueContainer.java:flushAndSyncDB(388)) - Container 2 is synced with bcsId 36.
2020-12-30 01:57:37,302 [Command processor thread] INFO  keyvalue.KeyValueContainer (KeyValueContainer.java:flushAndSyncDB(388)) - Container 2 is synced with bcsId 36.
2020-12-30 01:57:37,303 [Command processor thread] WARN  server.RaftServer (RaftServerProxy.java:remove(99)) - 4132dfcc-dfb3-46cd-b45d-65c38fbb9d85: does not contain group: group-1814FF02F9CA
2020-12-30 01:57:37,303 [Command processor thread] ERROR commandhandler.ClosePipelineCommandHandler (ClosePipelineCommandHandler.java:handle(78)) - Can't close pipeline PipelineID=512e6835-8f0e-4057-b950-1814ff02f9ca
java.io.IOException: 4132dfcc-dfb3-46cd-b45d-65c38fbb9d85: Group group-1814FF02F9CA not found.
	at org.apache.hadoop.ozone.container.common.transport.server.ratis.XceiverServerRatis.removeGroup(XceiverServerRatis.java:782)
	at org.apache.hadoop.ozone.container.common.statemachine.commandhandler.ClosePipelineCommandHandler.handle(ClosePipelineCommandHandler.java:74)
	at org.apache.hadoop.ozone.container.common.statemachine.commandhandler.CommandDispatcher.handle(CommandDispatcher.java:99)
	at org.apache.hadoop.ozone.container.common.statemachine.DatanodeStateMachine.lambda$initCommandHandlerThread$2(DatanodeStateMachine.java:498)
	at java.lang.Thread.run(Thread.java:748)
Caused by: org.apache.ratis.protocol.exceptions.GroupMismatchException: 4132dfcc-dfb3-46cd-b45d-65c38fbb9d85: Group group-1814FF02F9CA not found.
	at org.apache.ratis.server.impl.RaftServerProxy.groupRemoveAsync(RaftServerProxy.java:494)
	at org.apache.ratis.server.impl.RaftServerProxy.groupManagementAsync(RaftServerProxy.java:450)
	at org.apache.ratis.server.impl.RaftServerProxy.groupManagement(RaftServerProxy.java:430)
	at org.apache.hadoop.ozone.container.common.transport.server.ratis.XceiverServerRatis.removeGroup(XceiverServerRatis.java:780)
	... 4 more
2020-12-30 01:57:37,304 [Command processor thread] WARN  server.RaftServer (RaftServerProxy.java:remove(99)) - 4132dfcc-dfb3-46cd-b45d-65c38fbb9d85: does not contain group: group-66D6D02993E9
2020-12-30 01:57:37,305 [Command processor thread] ERROR commandhandler.ClosePipelineCommandHandler (ClosePipelineCommandHandler.java:handle(78)) - Can't close pipeline PipelineID=e53f958b-7dd2-4f07-ae5a-66d6d02993e9
java.io.IOException: 4132dfcc-dfb3-46cd-b45d-65c38fbb9d85: Group group-66D6D02993E9 not found.
	at org.apache.hadoop.ozone.container.common.transport.server.ratis.XceiverServerRatis.removeGroup(XceiverServerRatis.java:782)
	at org.apache.hadoop.ozone.container.common.statemachine.commandhandler.ClosePipelineCommandHandler.handle(ClosePipelineCommandHandler.java:74)
	at org.apache.hadoop.ozone.container.common.statemachine.commandhandler.CommandDispatcher.handle(CommandDispatcher.java:99)
	at org.apache.hadoop.ozone.container.common.statemachine.DatanodeStateMachine.lambda$initCommandHandlerThread$2(DatanodeStateMachine.java:498)
	at java.lang.Thread.run(Thread.java:748)
Caused by: org.apache.ratis.protocol.exceptions.GroupMismatchException: 4132dfcc-dfb3-46cd-b45d-65c38fbb9d85: Group group-66D6D02993E9 not found.
	at org.apache.ratis.server.impl.RaftServerProxy.groupRemoveAsync(RaftServerProxy.java:494)
	at org.apache.ratis.server.impl.RaftServerProxy.groupManagementAsync(RaftServerProxy.java:450)
	at org.apache.ratis.server.impl.RaftServerProxy.groupManagement(RaftServerProxy.java:430)
	at org.apache.hadoop.ozone.container.common.transport.server.ratis.XceiverServerRatis.removeGroup(XceiverServerRatis.java:780)
	... 4 more
2020-12-30 01:57:37,306 [Command processor thread] WARN  server.RaftServer (RaftServerProxy.java:remove(99)) - 4132dfcc-dfb3-46cd-b45d-65c38fbb9d85: does not contain group: group-1814FF02F9CA
2020-12-30 01:57:37,307 [Command processor thread] ERROR commandhandler.ClosePipelineCommandHandler (ClosePipelineCommandHandler.java:handle(78)) - Can't close pipeline PipelineID=512e6835-8f0e-4057-b950-1814ff02f9ca
java.io.IOException: 4132dfcc-dfb3-46cd-b45d-65c38fbb9d85: Group group-1814FF02F9CA not found.
	at org.apache.hadoop.ozone.container.common.transport.server.ratis.XceiverServerRatis.removeGroup(XceiverServerRatis.java:782)
	at org.apache.hadoop.ozone.container.common.statemachine.commandhandler.ClosePipelineCommandHandler.handle(ClosePipelineCommandHandler.java:74)
	at org.apache.hadoop.ozone.container.common.statemachine.commandhandler.CommandDispatcher.handle(CommandDispatcher.java:99)
	at org.apache.hadoop.ozone.container.common.statemachine.DatanodeStateMachine.lambda$initCommandHandlerThread$2(DatanodeStateMachine.java:498)
	at java.lang.Thread.run(Thread.java:748)
Caused by: org.apache.ratis.protocol.exceptions.GroupMismatchException: 4132dfcc-dfb3-46cd-b45d-65c38fbb9d85: Group group-1814FF02F9CA not found.
	at org.apache.ratis.server.impl.RaftServerProxy.groupRemoveAsync(RaftServerProxy.java:494)
	at org.apache.ratis.server.impl.RaftServerProxy.groupManagementAsync(RaftServerProxy.java:450)
	at org.apache.ratis.server.impl.RaftServerProxy.groupManagement(RaftServerProxy.java:430)
	at org.apache.hadoop.ozone.container.common.transport.server.ratis.XceiverServerRatis.removeGroup(XceiverServerRatis.java:780)
	... 4 more
2020-12-30 01:57:37,307 [Command processor thread] WARN  server.RaftServer (RaftServerProxy.java:remove(99)) - 4132dfcc-dfb3-46cd-b45d-65c38fbb9d85: does not contain group: group-66D6D02993E9
2020-12-30 01:57:37,305 [Command processor thread] INFO  server.RaftServer$Division (RaftServerImpl.java:groupRemove(367)) - 2c3d9932-485f-47f8-8613-8bedf6c861f7@group-1814FF02F9CA: Succeed to remove RaftStorageDirectory Storage Directory /github/workspace/mnt/ozone/hadoop-ozone/integration-test/target/test-dir/MiniOzoneClusterImpl-885a2ac6-dd28-4da4-9cce-7871c001d77b/datanode-5/data/ratis/512e6835-8f0e-4057-b950-1814ff02f9ca
2020-12-30 01:57:37,305 [IPC Server handler 7 on default port 43765] INFO  node.SCMNodeManager (SCMNodeManager.java:updateDatanodeOpState(419)) - Scheduling a command to update the operationalState persisted on the datanode as the reported value (IN_SERVICE, 0) does not match the value stored in SCM (ENTERING_MAINTENANCE, 0)
2020-12-30 01:57:37,309 [Command processor thread] INFO  commandhandler.ClosePipelineCommandHandler (ClosePipelineCommandHandler.java:handle(75)) - Close Pipeline PipelineID=512e6835-8f0e-4057-b950-1814ff02f9ca command on datanode 2c3d9932-485f-47f8-8613-8bedf6c861f7.
2020-12-30 01:57:37,309 [Command processor thread] WARN  server.RaftServer (RaftServerProxy.java:remove(99)) - 2c3d9932-485f-47f8-8613-8bedf6c861f7: does not contain group: group-2117576E5059
2020-12-30 01:57:37,309 [Command processor thread] ERROR commandhandler.ClosePipelineCommandHandler (ClosePipelineCommandHandler.java:handle(78)) - Can't close pipeline PipelineID=b4653daa-82c1-408f-b07a-2117576e5059
java.io.IOException: 2c3d9932-485f-47f8-8613-8bedf6c861f7: Group group-2117576E5059 not found.
	at org.apache.hadoop.ozone.container.common.transport.server.ratis.XceiverServerRatis.removeGroup(XceiverServerRatis.java:782)
	at org.apache.hadoop.ozone.container.common.statemachine.commandhandler.ClosePipelineCommandHandler.handle(ClosePipelineCommandHandler.java:74)
	at org.apache.hadoop.ozone.container.common.statemachine.commandhandler.CommandDispatcher.handle(CommandDispatcher.java:99)
	at org.apache.hadoop.ozone.container.common.statemachine.DatanodeStateMachine.lambda$initCommandHandlerThread$2(DatanodeStateMachine.java:498)
	at java.lang.Thread.run(Thread.java:748)
Caused by: org.apache.ratis.protocol.exceptions.GroupMismatchException: 2c3d9932-485f-47f8-8613-8bedf6c861f7: Group group-2117576E5059 not found.
	at org.apache.ratis.server.impl.RaftServerProxy.groupRemoveAsync(RaftServerProxy.java:494)
	at org.apache.ratis.server.impl.RaftServerProxy.groupManagementAsync(RaftServerProxy.java:450)
	at org.apache.ratis.server.impl.RaftServerProxy.groupManagement(RaftServerProxy.java:430)
	at org.apache.hadoop.ozone.container.common.transport.server.ratis.XceiverServerRatis.removeGroup(XceiverServerRatis.java:780)
	... 4 more
2020-12-30 01:57:37,310 [Command processor thread] WARN  server.RaftServer (RaftServerProxy.java:remove(99)) - 2c3d9932-485f-47f8-8613-8bedf6c861f7: does not contain group: group-1814FF02F9CA
2020-12-30 01:57:37,310 [Command processor thread] ERROR commandhandler.ClosePipelineCommandHandler (ClosePipelineCommandHandler.java:handle(78)) - Can't close pipeline PipelineID=512e6835-8f0e-4057-b950-1814ff02f9ca
java.io.IOException: 2c3d9932-485f-47f8-8613-8bedf6c861f7: Group group-1814FF02F9CA not found.
	at org.apache.hadoop.ozone.container.common.transport.server.ratis.XceiverServerRatis.removeGroup(XceiverServerRatis.java:782)
	at org.apache.hadoop.ozone.container.common.statemachine.commandhandler.ClosePipelineCommandHandler.handle(ClosePipelineCommandHandler.java:74)
	at org.apache.hadoop.ozone.container.common.statemachine.commandhandler.CommandDispatcher.handle(CommandDispatcher.java:99)
	at org.apache.hadoop.ozone.container.common.statemachine.DatanodeStateMachine.lambda$initCommandHandlerThread$2(DatanodeStateMachine.java:498)
	at java.lang.Thread.run(Thread.java:748)
Caused by: org.apache.ratis.protocol.exceptions.GroupMismatchException: 2c3d9932-485f-47f8-8613-8bedf6c861f7: Group group-1814FF02F9CA not found.
	at org.apache.ratis.server.impl.RaftServerProxy.groupRemoveAsync(RaftServerProxy.java:494)
	at org.apache.ratis.server.impl.RaftServerProxy.groupManagementAsync(RaftServerProxy.java:450)
	at org.apache.ratis.server.impl.RaftServerProxy.groupManagement(RaftServerProxy.java:430)
	at org.apache.hadoop.ozone.container.common.transport.server.ratis.XceiverServerRatis.removeGroup(XceiverServerRatis.java:780)
	... 4 more
2020-12-30 01:57:37,310 [Command processor thread] WARN  server.RaftServer (RaftServerProxy.java:remove(99)) - 2c3d9932-485f-47f8-8613-8bedf6c861f7: does not contain group: group-2117576E5059
2020-12-30 01:57:37,310 [Command processor thread] ERROR commandhandler.ClosePipelineCommandHandler (ClosePipelineCommandHandler.java:handle(78)) - Can't close pipeline PipelineID=b4653daa-82c1-408f-b07a-2117576e5059
java.io.IOException: 2c3d9932-485f-47f8-8613-8bedf6c861f7: Group group-2117576E5059 not found.
	at org.apache.hadoop.ozone.container.common.transport.server.ratis.XceiverServerRatis.removeGroup(XceiverServerRatis.java:782)
	at org.apache.hadoop.ozone.container.common.statemachine.commandhandler.ClosePipelineCommandHandler.handle(ClosePipelineCommandHandler.java:74)
	at org.apache.hadoop.ozone.container.common.statemachine.commandhandler.CommandDispatcher.handle(CommandDispatcher.java:99)
	at org.apache.hadoop.ozone.container.common.statemachine.DatanodeStateMachine.lambda$initCommandHandlerThread$2(DatanodeStateMachine.java:498)
	at java.lang.Thread.run(Thread.java:748)
Caused by: org.apache.ratis.protocol.exceptions.GroupMismatchException: 2c3d9932-485f-47f8-8613-8bedf6c861f7: Group group-2117576E5059 not found.
	at org.apache.ratis.server.impl.RaftServerProxy.groupRemoveAsync(RaftServerProxy.java:494)
	at org.apache.ratis.server.impl.RaftServerProxy.groupManagementAsync(RaftServerProxy.java:450)
	at org.apache.ratis.server.impl.RaftServerProxy.groupManagement(RaftServerProxy.java:430)
	at org.apache.hadoop.ozone.container.common.transport.server.ratis.XceiverServerRatis.removeGroup(XceiverServerRatis.java:780)
	... 4 more
2020-12-30 01:57:37,311 [Command processor thread] WARN  server.RaftServer (RaftServerProxy.java:remove(99)) - 2c3d9932-485f-47f8-8613-8bedf6c861f7: does not contain group: group-1814FF02F9CA
2020-12-30 01:57:37,311 [Command processor thread] ERROR commandhandler.ClosePipelineCommandHandler (ClosePipelineCommandHandler.java:handle(78)) - Can't close pipeline PipelineID=512e6835-8f0e-4057-b950-1814ff02f9ca
java.io.IOException: 2c3d9932-485f-47f8-8613-8bedf6c861f7: Group group-1814FF02F9CA not found.
	at org.apache.hadoop.ozone.container.common.transport.server.ratis.XceiverServerRatis.removeGroup(XceiverServerRatis.java:782)
	at org.apache.hadoop.ozone.container.common.statemachine.commandhandler.ClosePipelineCommandHandler.handle(ClosePipelineCommandHandler.java:74)
	at org.apache.hadoop.ozone.container.common.statemachine.commandhandler.CommandDispatcher.handle(CommandDispatcher.java:99)
	at org.apache.hadoop.ozone.container.common.statemachine.DatanodeStateMachine.lambda$initCommandHandlerThread$2(DatanodeStateMachine.java:498)
	at java.lang.Thread.run(Thread.java:748)
Caused by: org.apache.ratis.protocol.exceptions.GroupMismatchException: 2c3d9932-485f-47f8-8613-8bedf6c861f7: Group group-1814FF02F9CA not found.
	at org.apache.ratis.server.impl.RaftServerProxy.groupRemoveAsync(RaftServerProxy.java:494)
	at org.apache.ratis.server.impl.RaftServerProxy.groupManagementAsync(RaftServerProxy.java:450)
	at org.apache.ratis.server.impl.RaftServerProxy.groupManagement(RaftServerProxy.java:430)
	at org.apache.hadoop.ozone.container.common.transport.server.ratis.XceiverServerRatis.removeGroup(XceiverServerRatis.java:780)
	... 4 more
2020-12-30 01:57:37,311 [Command processor thread] ERROR commandhandler.ClosePipelineCommandHandler (ClosePipelineCommandHandler.java:handle(78)) - Can't close pipeline PipelineID=e53f958b-7dd2-4f07-ae5a-66d6d02993e9
java.io.IOException: 4132dfcc-dfb3-46cd-b45d-65c38fbb9d85: Group group-66D6D02993E9 not found.
	at org.apache.hadoop.ozone.container.common.transport.server.ratis.XceiverServerRatis.removeGroup(XceiverServerRatis.java:782)
	at org.apache.hadoop.ozone.container.common.statemachine.commandhandler.ClosePipelineCommandHandler.handle(ClosePipelineCommandHandler.java:74)
	at org.apache.hadoop.ozone.container.common.statemachine.commandhandler.CommandDispatcher.handle(CommandDispatcher.java:99)
	at org.apache.hadoop.ozone.container.common.statemachine.DatanodeStateMachine.lambda$initCommandHandlerThread$2(DatanodeStateMachine.java:498)
	at java.lang.Thread.run(Thread.java:748)
Caused by: org.apache.ratis.protocol.exceptions.GroupMismatchException: 4132dfcc-dfb3-46cd-b45d-65c38fbb9d85: Group group-66D6D02993E9 not found.
	at org.apache.ratis.server.impl.RaftServerProxy.groupRemoveAsync(RaftServerProxy.java:494)
	at org.apache.ratis.server.impl.RaftServerProxy.groupManagementAsync(RaftServerProxy.java:450)
	at org.apache.ratis.server.impl.RaftServerProxy.groupManagement(RaftServerProxy.java:430)
	at org.apache.hadoop.ozone.container.common.transport.server.ratis.XceiverServerRatis.removeGroup(XceiverServerRatis.java:780)
	... 4 more
2020-12-30 01:57:37,320 [Command processor thread] WARN  server.RaftServer (RaftServerProxy.java:remove(99)) - 4132dfcc-dfb3-46cd-b45d-65c38fbb9d85: does not contain group: group-1814FF02F9CA
2020-12-30 01:57:37,320 [Command processor thread] ERROR commandhandler.ClosePipelineCommandHandler (ClosePipelineCommandHandler.java:handle(78)) - Can't close pipeline PipelineID=512e6835-8f0e-4057-b950-1814ff02f9ca
java.io.IOException: 4132dfcc-dfb3-46cd-b45d-65c38fbb9d85: Group group-1814FF02F9CA not found.
	at org.apache.hadoop.ozone.container.common.transport.server.ratis.XceiverServerRatis.removeGroup(XceiverServerRatis.java:782)
	at org.apache.hadoop.ozone.container.common.statemachine.commandhandler.ClosePipelineCommandHandler.handle(ClosePipelineCommandHandler.java:74)
	at org.apache.hadoop.ozone.container.common.statemachine.commandhandler.CommandDispatcher.handle(CommandDispatcher.java:99)
	at org.apache.hadoop.ozone.container.common.statemachine.DatanodeStateMachine.lambda$initCommandHandlerThread$2(DatanodeStateMachine.java:498)
	at java.lang.Thread.run(Thread.java:748)
Caused by: org.apache.ratis.protocol.exceptions.GroupMismatchException: 4132dfcc-dfb3-46cd-b45d-65c38fbb9d85: Group group-1814FF02F9CA not found.
	at org.apache.ratis.server.impl.RaftServerProxy.groupRemoveAsync(RaftServerProxy.java:494)
	at org.apache.ratis.server.impl.RaftServerProxy.groupManagementAsync(RaftServerProxy.java:450)
	at org.apache.ratis.server.impl.RaftServerProxy.groupManagement(RaftServerProxy.java:430)
	at org.apache.hadoop.ozone.container.common.transport.server.ratis.XceiverServerRatis.removeGroup(XceiverServerRatis.java:780)
	... 4 more
2020-12-30 01:57:37,320 [Command processor thread] WARN  server.RaftServer (RaftServerProxy.java:remove(99)) - 2c3d9932-485f-47f8-8613-8bedf6c861f7: does not contain group: group-2117576E5059
2020-12-30 01:57:37,320 [Command processor thread] ERROR commandhandler.ClosePipelineCommandHandler (ClosePipelineCommandHandler.java:handle(78)) - Can't close pipeline PipelineID=b4653daa-82c1-408f-b07a-2117576e5059
java.io.IOException: 2c3d9932-485f-47f8-8613-8bedf6c861f7: Group group-2117576E5059 not found.
	at org.apache.hadoop.ozone.container.common.transport.server.ratis.XceiverServerRatis.removeGroup(XceiverServerRatis.java:782)
	at org.apache.hadoop.ozone.container.common.statemachine.commandhandler.ClosePipelineCommandHandler.handle(ClosePipelineCommandHandler.java:74)
	at org.apache.hadoop.ozone.container.common.statemachine.commandhandler.CommandDispatcher.handle(CommandDispatcher.java:99)
	at org.apache.hadoop.ozone.container.common.statemachine.DatanodeStateMachine.lambda$initCommandHandlerThread$2(DatanodeStateMachine.java:498)
	at java.lang.Thread.run(Thread.java:748)
Caused by: org.apache.ratis.protocol.exceptions.GroupMismatchException: 2c3d9932-485f-47f8-8613-8bedf6c861f7: Group group-2117576E5059 not found.
	at org.apache.ratis.server.impl.RaftServerProxy.groupRemoveAsync(RaftServerProxy.java:494)
	at org.apache.ratis.server.impl.RaftServerProxy.groupManagementAsync(RaftServerProxy.java:450)
	at org.apache.ratis.server.impl.RaftServerProxy.groupManagement(RaftServerProxy.java:430)
	at org.apache.hadoop.ozone.container.common.transport.server.ratis.XceiverServerRatis.removeGroup(XceiverServerRatis.java:780)
	... 4 more
2020-12-30 01:57:37,321 [Command processor thread] WARN  server.RaftServer (RaftServerProxy.java:remove(99)) - 2c3d9932-485f-47f8-8613-8bedf6c861f7: does not contain group: group-1814FF02F9CA
2020-12-30 01:57:37,321 [Command processor thread] ERROR commandhandler.ClosePipelineCommandHandler (ClosePipelineCommandHandler.java:handle(78)) - Can't close pipeline PipelineID=512e6835-8f0e-4057-b950-1814ff02f9ca
java.io.IOException: 2c3d9932-485f-47f8-8613-8bedf6c861f7: Group group-1814FF02F9CA not found.
	at org.apache.hadoop.ozone.container.common.transport.server.ratis.XceiverServerRatis.removeGroup(XceiverServerRatis.java:782)
	at org.apache.hadoop.ozone.container.common.statemachine.commandhandler.ClosePipelineCommandHandler.handle(ClosePipelineCommandHandler.java:74)
	at org.apache.hadoop.ozone.container.common.statemachine.commandhandler.CommandDispatcher.handle(CommandDispatcher.java:99)
	at org.apache.hadoop.ozone.container.common.statemachine.DatanodeStateMachine.lambda$initCommandHandlerThread$2(DatanodeStateMachine.java:498)
	at java.lang.Thread.run(Thread.java:748)
Caused by: org.apache.ratis.protocol.exceptions.GroupMismatchException: 2c3d9932-485f-47f8-8613-8bedf6c861f7: Group group-1814FF02F9CA not found.
	at org.apache.ratis.server.impl.RaftServerProxy.groupRemoveAsync(RaftServerProxy.java:494)
	at org.apache.ratis.server.impl.RaftServerProxy.groupManagementAsync(RaftServerProxy.java:450)
	at org.apache.ratis.server.impl.RaftServerProxy.groupManagement(RaftServerProxy.java:430)
	at org.apache.hadoop.ozone.container.common.transport.server.ratis.XceiverServerRatis.removeGroup(XceiverServerRatis.java:780)
	... 4 more
2020-12-30 01:57:37,321 [Command processor thread] WARN  server.RaftServer (RaftServerProxy.java:remove(99)) - 4132dfcc-dfb3-46cd-b45d-65c38fbb9d85: does not contain group: group-66D6D02993E9
2020-12-30 01:57:37,321 [Command processor thread] ERROR commandhandler.ClosePipelineCommandHandler (ClosePipelineCommandHandler.java:handle(78)) - Can't close pipeline PipelineID=e53f958b-7dd2-4f07-ae5a-66d6d02993e9
java.io.IOException: 4132dfcc-dfb3-46cd-b45d-65c38fbb9d85: Group group-66D6D02993E9 not found.
	at org.apache.hadoop.ozone.container.common.transport.server.ratis.XceiverServerRatis.removeGroup(XceiverServerRatis.java:782)
	at org.apache.hadoop.ozone.container.common.statemachine.commandhandler.ClosePipelineCommandHandler.handle(ClosePipelineCommandHandler.java:74)
	at org.apache.hadoop.ozone.container.common.statemachine.commandhandler.CommandDispatcher.handle(CommandDispatcher.java:99)
	at org.apache.hadoop.ozone.container.common.statemachine.DatanodeStateMachine.lambda$initCommandHandlerThread$2(DatanodeStateMachine.java:498)
	at java.lang.Thread.run(Thread.java:748)
Caused by: org.apache.ratis.protocol.exceptions.GroupMismatchException: 4132dfcc-dfb3-46cd-b45d-65c38fbb9d85: Group group-66D6D02993E9 not found.
	at org.apache.ratis.server.impl.RaftServerProxy.groupRemoveAsync(RaftServerProxy.java:494)
	at org.apache.ratis.server.impl.RaftServerProxy.groupManagementAsync(RaftServerProxy.java:450)
	at org.apache.ratis.server.impl.RaftServerProxy.groupManagement(RaftServerProxy.java:430)
	at org.apache.hadoop.ozone.container.common.transport.server.ratis.XceiverServerRatis.removeGroup(XceiverServerRatis.java:780)
	... 4 more
2020-12-30 01:57:37,321 [Command processor thread] WARN  server.RaftServer (RaftServerProxy.java:remove(99)) - 4132dfcc-dfb3-46cd-b45d-65c38fbb9d85: does not contain group: group-1814FF02F9CA
2020-12-30 01:57:37,322 [Command processor thread] ERROR commandhandler.ClosePipelineCommandHandler (ClosePipelineCommandHandler.java:handle(78)) - Can't close pipeline PipelineID=512e6835-8f0e-4057-b950-1814ff02f9ca
java.io.IOException: 4132dfcc-dfb3-46cd-b45d-65c38fbb9d85: Group group-1814FF02F9CA not found.
	at org.apache.hadoop.ozone.container.common.transport.server.ratis.XceiverServerRatis.removeGroup(XceiverServerRatis.java:782)
	at org.apache.hadoop.ozone.container.common.statemachine.commandhandler.ClosePipelineCommandHandler.handle(ClosePipelineCommandHandler.java:74)
	at org.apache.hadoop.ozone.container.common.statemachine.commandhandler.CommandDispatcher.handle(CommandDispatcher.java:99)
	at org.apache.hadoop.ozone.container.common.statemachine.DatanodeStateMachine.lambda$initCommandHandlerThread$2(DatanodeStateMachine.java:498)
	at java.lang.Thread.run(Thread.java:748)
Caused by: org.apache.ratis.protocol.exceptions.GroupMismatchException: 4132dfcc-dfb3-46cd-b45d-65c38fbb9d85: Group group-1814FF02F9CA not found.
	at org.apache.ratis.server.impl.RaftServerProxy.groupRemoveAsync(RaftServerProxy.java:494)
	at org.apache.ratis.server.impl.RaftServerProxy.groupManagementAsync(RaftServerProxy.java:450)
	at org.apache.ratis.server.impl.RaftServerProxy.groupManagement(RaftServerProxy.java:430)
	at org.apache.hadoop.ozone.container.common.transport.server.ratis.XceiverServerRatis.removeGroup(XceiverServerRatis.java:780)
	... 4 more
2020-12-30 01:57:37,322 [Command processor thread] WARN  server.RaftServer (RaftServerProxy.java:remove(99)) - 4132dfcc-dfb3-46cd-b45d-65c38fbb9d85: does not contain group: group-66D6D02993E9
2020-12-30 01:57:37,322 [Command processor thread] ERROR commandhandler.ClosePipelineCommandHandler (ClosePipelineCommandHandler.java:handle(78)) - Can't close pipeline PipelineID=e53f958b-7dd2-4f07-ae5a-66d6d02993e9
java.io.IOException: 4132dfcc-dfb3-46cd-b45d-65c38fbb9d85: Group group-66D6D02993E9 not found.
	at org.apache.hadoop.ozone.container.common.transport.server.ratis.XceiverServerRatis.removeGroup(XceiverServerRatis.java:782)
	at org.apache.hadoop.ozone.container.common.statemachine.commandhandler.ClosePipelineCommandHandler.handle(ClosePipelineCommandHandler.java:74)
	at org.apache.hadoop.ozone.container.common.statemachine.commandhandler.CommandDispatcher.handle(CommandDispatcher.java:99)
	at org.apache.hadoop.ozone.container.common.statemachine.DatanodeStateMachine.lambda$initCommandHandlerThread$2(DatanodeStateMachine.java:498)
	at java.lang.Thread.run(Thread.java:748)
Caused by: org.apache.ratis.protocol.exceptions.GroupMismatchException: 4132dfcc-dfb3-46cd-b45d-65c38fbb9d85: Group group-66D6D02993E9 not found.
	at org.apache.ratis.server.impl.RaftServerProxy.groupRemoveAsync(RaftServerProxy.java:494)
	at org.apache.ratis.server.impl.RaftServerProxy.groupManagementAsync(RaftServerProxy.java:450)
	at org.apache.ratis.server.impl.RaftServerProxy.groupManagement(RaftServerProxy.java:430)
	at org.apache.hadoop.ozone.container.common.transport.server.ratis.XceiverServerRatis.removeGroup(XceiverServerRatis.java:780)
	... 4 more
2020-12-30 01:57:37,322 [ReplicationMonitor] INFO  container.ReplicationManager (ReplicationManager.java:sendCloseCommand(948)) - Sending close container command for container #1 to datanode 2c3d9932-485f-47f8-8613-8bedf6c861f7{ip: 172.17.0.2, host: e0a7f95c34ff, networkLocation: /default-rack, certSerialId: null, persistedOpState: IN_SERVICE, persistedOpStateExpiryEpochSec: 0}.
2020-12-30 01:57:37,323 [ReplicationMonitor] INFO  container.ReplicationManager (ReplicationManager.java:sendCloseCommand(948)) - Sending close container command for container #1 to datanode 4132dfcc-dfb3-46cd-b45d-65c38fbb9d85{ip: 172.17.0.2, host: e0a7f95c34ff, networkLocation: /default-rack, certSerialId: null, persistedOpState: IN_SERVICE, persistedOpStateExpiryEpochSec: 0}.
2020-12-30 01:57:37,323 [ReplicationMonitor] INFO  container.ReplicationManager (ReplicationManager.java:sendCloseCommand(948)) - Sending close container command for container #1 to datanode 259e8d3c-ac3a-47ce-8b98-4ae0c616001a{ip: 172.17.0.2, host: e0a7f95c34ff, networkLocation: /default-rack, certSerialId: null, persistedOpState: ENTERING_MAINTENANCE, persistedOpStateExpiryEpochSec: 0}.
2020-12-30 01:57:37,323 [Command processor thread] WARN  server.RaftServer (RaftServerProxy.java:remove(99)) - 4132dfcc-dfb3-46cd-b45d-65c38fbb9d85: does not contain group: group-1814FF02F9CA
2020-12-30 01:57:37,323 [ReplicationMonitor] INFO  container.ReplicationManager (ReplicationManager.java:sendCloseCommand(948)) - Sending close container command for container #2 to datanode 259e8d3c-ac3a-47ce-8b98-4ae0c616001a{ip: 172.17.0.2, host: e0a7f95c34ff, networkLocation: /default-rack, certSerialId: null, persistedOpState: ENTERING_MAINTENANCE, persistedOpStateExpiryEpochSec: 0}.
2020-12-30 01:57:37,323 [ReplicationMonitor] INFO  container.ReplicationManager (ReplicationManager.java:sendCloseCommand(948)) - Sending close container command for container #2 to datanode 4132dfcc-dfb3-46cd-b45d-65c38fbb9d85{ip: 172.17.0.2, host: e0a7f95c34ff, networkLocation: /default-rack, certSerialId: null, persistedOpState: IN_SERVICE, persistedOpStateExpiryEpochSec: 0}.
2020-12-30 01:57:37,323 [Command processor thread] ERROR commandhandler.ClosePipelineCommandHandler (ClosePipelineCommandHandler.java:handle(78)) - Can't close pipeline PipelineID=512e6835-8f0e-4057-b950-1814ff02f9ca
java.io.IOException: 4132dfcc-dfb3-46cd-b45d-65c38fbb9d85: Group group-1814FF02F9CA not found.
	at org.apache.hadoop.ozone.container.common.transport.server.ratis.XceiverServerRatis.removeGroup(XceiverServerRatis.java:782)
	at org.apache.hadoop.ozone.container.common.statemachine.commandhandler.ClosePipelineCommandHandler.handle(ClosePipelineCommandHandler.java:74)
	at org.apache.hadoop.ozone.container.common.statemachine.commandhandler.CommandDispatcher.handle(CommandDispatcher.java:99)
	at org.apache.hadoop.ozone.container.common.statemachine.DatanodeStateMachine.lambda$initCommandHandlerThread$2(DatanodeStateMachine.java:498)
	at java.lang.Thread.run(Thread.java:748)
Caused by: org.apache.ratis.protocol.exceptions.GroupMismatchException: 4132dfcc-dfb3-46cd-b45d-65c38fbb9d85: Group group-1814FF02F9CA not found.
	at org.apache.ratis.server.impl.RaftServerProxy.groupRemoveAsync(RaftServerProxy.java:494)
	at org.apache.ratis.server.impl.RaftServerProxy.groupManagementAsync(RaftServerProxy.java:450)
	at org.apache.ratis.server.impl.RaftServerProxy.groupManagement(RaftServerProxy.java:430)
	at org.apache.hadoop.ozone.container.common.transport.server.ratis.XceiverServerRatis.removeGroup(XceiverServerRatis.java:780)
	... 4 more
2020-12-30 01:57:37,323 [ReplicationMonitor] INFO  container.ReplicationManager (ReplicationManager.java:run(250)) - Replication Monitor Thread took 0 milliseconds for processing 4 containers.
2020-12-30 01:57:37,324 [Command processor thread] WARN  server.RaftServer (RaftServerProxy.java:remove(99)) - 2c3d9932-485f-47f8-8613-8bedf6c861f7: does not contain group: group-2117576E5059
2020-12-30 01:57:37,324 [Command processor thread] ERROR commandhandler.ClosePipelineCommandHandler (ClosePipelineCommandHandler.java:handle(78)) - Can't close pipeline PipelineID=b4653daa-82c1-408f-b07a-2117576e5059
java.io.IOException: 2c3d9932-485f-47f8-8613-8bedf6c861f7: Group group-2117576E5059 not found.
	at org.apache.hadoop.ozone.container.common.transport.server.ratis.XceiverServerRatis.removeGroup(XceiverServerRatis.java:782)
	at org.apache.hadoop.ozone.container.common.statemachine.commandhandler.ClosePipelineCommandHandler.handle(ClosePipelineCommandHandler.java:74)
	at org.apache.hadoop.ozone.container.common.statemachine.commandhandler.CommandDispatcher.handle(CommandDispatcher.java:99)
	at org.apache.hadoop.ozone.container.common.statemachine.DatanodeStateMachine.lambda$initCommandHandlerThread$2(DatanodeStateMachine.java:498)
	at java.lang.Thread.run(Thread.java:748)
Caused by: org.apache.ratis.protocol.exceptions.GroupMismatchException: 2c3d9932-485f-47f8-8613-8bedf6c861f7: Group group-2117576E5059 not found.
	at org.apache.ratis.server.impl.RaftServerProxy.groupRemoveAsync(RaftServerProxy.java:494)
	at org.apache.ratis.server.impl.RaftServerProxy.groupManagementAsync(RaftServerProxy.java:450)
	at org.apache.ratis.server.impl.RaftServerProxy.groupManagement(RaftServerProxy.java:430)
	at org.apache.hadoop.ozone.container.common.transport.server.ratis.XceiverServerRatis.removeGroup(XceiverServerRatis.java:780)
	... 4 more
2020-12-30 01:57:37,324 [Command processor thread] WARN  server.RaftServer (RaftServerProxy.java:remove(99)) - 2c3d9932-485f-47f8-8613-8bedf6c861f7: does not contain group: group-1814FF02F9CA
2020-12-30 01:57:37,324 [Command processor thread] ERROR commandhandler.ClosePipelineCommandHandler (ClosePipelineCommandHandler.java:handle(78)) - Can't close pipeline PipelineID=512e6835-8f0e-4057-b950-1814ff02f9ca
java.io.IOException: 2c3d9932-485f-47f8-8613-8bedf6c861f7: Group group-1814FF02F9CA not found.
	at org.apache.hadoop.ozone.container.common.transport.server.ratis.XceiverServerRatis.removeGroup(XceiverServerRatis.java:782)
	at org.apache.hadoop.ozone.container.common.statemachine.commandhandler.ClosePipelineCommandHandler.handle(ClosePipelineCommandHandler.java:74)
	at org.apache.hadoop.ozone.container.common.statemachine.commandhandler.CommandDispatcher.handle(CommandDispatcher.java:99)
	at org.apache.hadoop.ozone.container.common.statemachine.DatanodeStateMachine.lambda$initCommandHandlerThread$2(DatanodeStateMachine.java:498)
	at java.lang.Thread.run(Thread.java:748)
Caused by: org.apache.ratis.protocol.exceptions.GroupMismatchException: 2c3d9932-485f-47f8-8613-8bedf6c861f7: Group group-1814FF02F9CA not found.
	at org.apache.ratis.server.impl.RaftServerProxy.groupRemoveAsync(RaftServerProxy.java:494)
	at org.apache.ratis.server.impl.RaftServerProxy.groupManagementAsync(RaftServerProxy.java:450)
	at org.apache.ratis.server.impl.RaftServerProxy.groupManagement(RaftServerProxy.java:430)
	at org.apache.hadoop.ozone.container.common.transport.server.ratis.XceiverServerRatis.removeGroup(XceiverServerRatis.java:780)
	... 4 more
2020-12-30 01:57:37,325 [Command processor thread] WARN  server.RaftServer (RaftServerProxy.java:remove(99)) - 2c3d9932-485f-47f8-8613-8bedf6c861f7: does not contain group: group-2117576E5059
2020-12-30 01:57:37,325 [Command processor thread] ERROR commandhandler.ClosePipelineCommandHandler (ClosePipelineCommandHandler.java:handle(78)) - Can't close pipeline PipelineID=b4653daa-82c1-408f-b07a-2117576e5059
java.io.IOException: 2c3d9932-485f-47f8-8613-8bedf6c861f7: Group group-2117576E5059 not found.
	at org.apache.hadoop.ozone.container.common.transport.server.ratis.XceiverServerRatis.removeGroup(XceiverServerRatis.java:782)
	at org.apache.hadoop.ozone.container.common.statemachine.commandhandler.ClosePipelineCommandHandler.handle(ClosePipelineCommandHandler.java:74)
	at org.apache.hadoop.ozone.container.common.statemachine.commandhandler.CommandDispatcher.handle(CommandDispatcher.java:99)
	at org.apache.hadoop.ozone.container.common.statemachine.DatanodeStateMachine.lambda$initCommandHandlerThread$2(DatanodeStateMachine.java:498)
	at java.lang.Thread.run(Thread.java:748)
Caused by: org.apache.ratis.protocol.exceptions.GroupMismatchException: 2c3d9932-485f-47f8-8613-8bedf6c861f7: Group group-2117576E5059 not found.
	at org.apache.ratis.server.impl.RaftServerProxy.groupRemoveAsync(RaftServerProxy.java:494)
	at org.apache.ratis.server.impl.RaftServerProxy.groupManagementAsync(RaftServerProxy.java:450)
	at org.apache.ratis.server.impl.RaftServerProxy.groupManagement(RaftServerProxy.java:430)
	at org.apache.hadoop.ozone.container.common.transport.server.ratis.XceiverServerRatis.removeGroup(XceiverServerRatis.java:780)
	... 4 more
2020-12-30 01:57:37,325 [Command processor thread] WARN  server.RaftServer (RaftServerProxy.java:remove(99)) - 2c3d9932-485f-47f8-8613-8bedf6c861f7: does not contain group: group-1814FF02F9CA
2020-12-30 01:57:37,325 [Command processor thread] ERROR commandhandler.ClosePipelineCommandHandler (ClosePipelineCommandHandler.java:handle(78)) - Can't close pipeline PipelineID=512e6835-8f0e-4057-b950-1814ff02f9ca
java.io.IOException: 2c3d9932-485f-47f8-8613-8bedf6c861f7: Group group-1814FF02F9CA not found.
	at org.apache.hadoop.ozone.container.common.transport.server.ratis.XceiverServerRatis.removeGroup(XceiverServerRatis.java:782)
	at org.apache.hadoop.ozone.container.common.statemachine.commandhandler.ClosePipelineCommandHandler.handle(ClosePipelineCommandHandler.java:74)
	at org.apache.hadoop.ozone.container.common.statemachine.commandhandler.CommandDispatcher.handle(CommandDispatcher.java:99)
	at org.apache.hadoop.ozone.container.common.statemachine.DatanodeStateMachine.lambda$initCommandHandlerThread$2(DatanodeStateMachine.java:498)
	at java.lang.Thread.run(Thread.java:748)
Caused by: org.apache.ratis.protocol.exceptions.GroupMismatchException: 2c3d9932-485f-47f8-8613-8bedf6c861f7: Group group-1814FF02F9CA not found.
	at org.apache.ratis.server.impl.RaftServerProxy.groupRemoveAsync(RaftServerProxy.java:494)
	at org.apache.ratis.server.impl.RaftServerProxy.groupManagementAsync(RaftServerProxy.java:450)
	at org.apache.ratis.server.impl.RaftServerProxy.groupManagement(RaftServerProxy.java:430)
	at org.apache.hadoop.ozone.container.common.transport.server.ratis.XceiverServerRatis.removeGroup(XceiverServerRatis.java:780)
	... 4 more
2020-12-30 01:57:37,326 [Command processor thread] WARN  server.RaftServer (RaftServerProxy.java:remove(99)) - 2c3d9932-485f-47f8-8613-8bedf6c861f7: does not contain group: group-2117576E5059
2020-12-30 01:57:37,327 [Command processor thread] ERROR commandhandler.ClosePipelineCommandHandler (ClosePipelineCommandHandler.java:handle(78)) - Can't close pipeline PipelineID=b4653daa-82c1-408f-b07a-2117576e5059
java.io.IOException: 2c3d9932-485f-47f8-8613-8bedf6c861f7: Group group-2117576E5059 not found.
	at org.apache.hadoop.ozone.container.common.transport.server.ratis.XceiverServerRatis.removeGroup(XceiverServerRatis.java:782)
	at org.apache.hadoop.ozone.container.common.statemachine.commandhandler.ClosePipelineCommandHandler.handle(ClosePipelineCommandHandler.java:74)
	at org.apache.hadoop.ozone.container.common.statemachine.commandhandler.CommandDispatcher.handle(CommandDispatcher.java:99)
	at org.apache.hadoop.ozone.container.common.statemachine.DatanodeStateMachine.lambda$initCommandHandlerThread$2(DatanodeStateMachine.java:498)
	at java.lang.Thread.run(Thread.java:748)
Caused by: org.apache.ratis.protocol.exceptions.GroupMismatchException: 2c3d9932-485f-47f8-8613-8bedf6c861f7: Group group-2117576E5059 not found.
	at org.apache.ratis.server.impl.RaftServerProxy.groupRemoveAsync(RaftServerProxy.java:494)
	at org.apache.ratis.server.impl.RaftServerProxy.groupManagementAsync(RaftServerProxy.java:450)
	at org.apache.ratis.server.impl.RaftServerProxy.groupManagement(RaftServerProxy.java:430)
	at org.apache.hadoop.ozone.container.common.transport.server.ratis.XceiverServerRatis.removeGroup(XceiverServerRatis.java:780)
	... 4 more
2020-12-30 01:57:37,327 [Command processor thread] WARN  server.RaftServer (RaftServerProxy.java:remove(99)) - 2c3d9932-485f-47f8-8613-8bedf6c861f7: does not contain group: group-1814FF02F9CA
2020-12-30 01:57:37,327 [Command processor thread] ERROR commandhandler.ClosePipelineCommandHandler (ClosePipelineCommandHandler.java:handle(78)) - Can't close pipeline PipelineID=512e6835-8f0e-4057-b950-1814ff02f9ca
java.io.IOException: 2c3d9932-485f-47f8-8613-8bedf6c861f7: Group group-1814FF02F9CA not found.
	at org.apache.hadoop.ozone.container.common.transport.server.ratis.XceiverServerRatis.removeGroup(XceiverServerRatis.java:782)
	at org.apache.hadoop.ozone.container.common.statemachine.commandhandler.ClosePipelineCommandHandler.handle(ClosePipelineCommandHandler.java:74)
	at org.apache.hadoop.ozone.container.common.statemachine.commandhandler.CommandDispatcher.handle(CommandDispatcher.java:99)
	at org.apache.hadoop.ozone.container.common.statemachine.DatanodeStateMachine.lambda$initCommandHandlerThread$2(DatanodeStateMachine.java:498)
	at java.lang.Thread.run(Thread.java:748)
Caused by: org.apache.ratis.protocol.exceptions.GroupMismatchException: 2c3d9932-485f-47f8-8613-8bedf6c861f7: Group group-1814FF02F9CA not found.
	at org.apache.ratis.server.impl.RaftServerProxy.groupRemoveAsync(RaftServerProxy.java:494)
	at org.apache.ratis.server.impl.RaftServerProxy.groupManagementAsync(RaftServerProxy.java:450)
	at org.apache.ratis.server.impl.RaftServerProxy.groupManagement(RaftServerProxy.java:430)
	at org.apache.hadoop.ozone.container.common.transport.server.ratis.XceiverServerRatis.removeGroup(XceiverServerRatis.java:780)
	... 4 more
2020-12-30 01:57:37,746 [DatanodeAdminManager-0] INFO  node.DatanodeAdminMonitorImpl (DatanodeAdminMonitorImpl.java:checkContainersReplicatedOnNode(297)) - 259e8d3c-ac3a-47ce-8b98-4ae0c616001a{ip: 172.17.0.2, host: e0a7f95c34ff, networkLocation: /default-rack, certSerialId: null, persistedOpState: ENTERING_MAINTENANCE, persistedOpStateExpiryEpochSec: 0} has 2 sufficientlyReplicated, 0 underReplicated and 2 unhealthy containers
2020-12-30 01:57:37,746 [DatanodeAdminManager-0] INFO  node.DatanodeAdminMonitorImpl (DatanodeAdminMonitorImpl.java:run(136)) - There are 3 nodes tracked for decommission and maintenance. 0 pending nodes.
2020-12-30 01:57:38,274 [Command processor thread] WARN  server.RaftServer (RaftServerProxy.java:remove(99)) - 259e8d3c-ac3a-47ce-8b98-4ae0c616001a: does not contain group: group-58B442B1809E
2020-12-30 01:57:38,274 [Command processor thread] ERROR commandhandler.ClosePipelineCommandHandler (ClosePipelineCommandHandler.java:handle(78)) - Can't close pipeline PipelineID=2bf725b0-85c6-4520-97e9-58b442b1809e
java.io.IOException: 259e8d3c-ac3a-47ce-8b98-4ae0c616001a: Group group-58B442B1809E not found.
	at org.apache.hadoop.ozone.container.common.transport.server.ratis.XceiverServerRatis.removeGroup(XceiverServerRatis.java:782)
	at org.apache.hadoop.ozone.container.common.statemachine.commandhandler.ClosePipelineCommandHandler.handle(ClosePipelineCommandHandler.java:74)
	at org.apache.hadoop.ozone.container.common.statemachine.commandhandler.CommandDispatcher.handle(CommandDispatcher.java:99)
	at org.apache.hadoop.ozone.container.common.statemachine.DatanodeStateMachine.lambda$initCommandHandlerThread$2(DatanodeStateMachine.java:498)
	at java.lang.Thread.run(Thread.java:748)
Caused by: org.apache.ratis.protocol.exceptions.GroupMismatchException: 259e8d3c-ac3a-47ce-8b98-4ae0c616001a: Group group-58B442B1809E not found.
	at org.apache.ratis.server.impl.RaftServerProxy.groupRemoveAsync(RaftServerProxy.java:494)
	at org.apache.ratis.server.impl.RaftServerProxy.groupManagementAsync(RaftServerProxy.java:450)
	at org.apache.ratis.server.impl.RaftServerProxy.groupManagement(RaftServerProxy.java:430)
	at org.apache.hadoop.ozone.container.common.transport.server.ratis.XceiverServerRatis.removeGroup(XceiverServerRatis.java:780)
	... 4 more
2020-12-30 01:57:38,275 [Command processor thread] WARN  server.RaftServer (RaftServerProxy.java:remove(99)) - 259e8d3c-ac3a-47ce-8b98-4ae0c616001a: does not contain group: group-1814FF02F9CA
2020-12-30 01:57:38,275 [Command processor thread] ERROR commandhandler.ClosePipelineCommandHandler (ClosePipelineCommandHandler.java:handle(78)) - Can't close pipeline PipelineID=512e6835-8f0e-4057-b950-1814ff02f9ca
java.io.IOException: 259e8d3c-ac3a-47ce-8b98-4ae0c616001a: Group group-1814FF02F9CA not found.
	at org.apache.hadoop.ozone.container.common.transport.server.ratis.XceiverServerRatis.removeGroup(XceiverServerRatis.java:782)
	at org.apache.hadoop.ozone.container.common.statemachine.commandhandler.ClosePipelineCommandHandler.handle(ClosePipelineCommandHandler.java:74)
	at org.apache.hadoop.ozone.container.common.statemachine.commandhandler.CommandDispatcher.handle(CommandDispatcher.java:99)
	at org.apache.hadoop.ozone.container.common.statemachine.DatanodeStateMachine.lambda$initCommandHandlerThread$2(DatanodeStateMachine.java:498)
	at java.lang.Thread.run(Thread.java:748)
Caused by: org.apache.ratis.protocol.exceptions.GroupMismatchException: 259e8d3c-ac3a-47ce-8b98-4ae0c616001a: Group group-1814FF02F9CA not found.
	at org.apache.ratis.server.impl.RaftServerProxy.groupRemoveAsync(RaftServerProxy.java:494)
	at org.apache.ratis.server.impl.RaftServerProxy.groupManagementAsync(RaftServerProxy.java:450)
	at org.apache.ratis.server.impl.RaftServerProxy.groupManagement(RaftServerProxy.java:430)
	at org.apache.hadoop.ozone.container.common.transport.server.ratis.XceiverServerRatis.removeGroup(XceiverServerRatis.java:780)
	... 4 more
2020-12-30 01:57:38,324 [ReplicationMonitor] INFO  container.ReplicationManager (ReplicationManager.java:forceCloseContainer(633)) - Force closing container #1 with BCSID 40, which is in QUASI_CLOSED state.
2020-12-30 01:57:38,324 [ReplicationMonitor] INFO  container.ReplicationManager (ReplicationManager.java:sendCloseCommand(948)) - Sending close container command for container #1 to datanode 2c3d9932-485f-47f8-8613-8bedf6c861f7{ip: 172.17.0.2, host: e0a7f95c34ff, networkLocation: /default-rack, certSerialId: null, persistedOpState: ENTERING_MAINTENANCE, persistedOpStateExpiryEpochSec: 0}.
2020-12-30 01:57:38,324 [ReplicationMonitor] INFO  container.ReplicationManager (ReplicationManager.java:sendCloseCommand(948)) - Sending close container command for container #1 to datanode 259e8d3c-ac3a-47ce-8b98-4ae0c616001a{ip: 172.17.0.2, host: e0a7f95c34ff, networkLocation: /default-rack, certSerialId: null, persistedOpState: ENTERING_MAINTENANCE, persistedOpStateExpiryEpochSec: 0}.
2020-12-30 01:57:38,324 [ReplicationMonitor] INFO  container.ReplicationManager (ReplicationManager.java:forceCloseContainer(633)) - Force closing container #2 with BCSID 36, which is in QUASI_CLOSED state.
2020-12-30 01:57:38,325 [ReplicationMonitor] INFO  container.ReplicationManager (ReplicationManager.java:sendCloseCommand(948)) - Sending close container command for container #2 to datanode 259e8d3c-ac3a-47ce-8b98-4ae0c616001a{ip: 172.17.0.2, host: e0a7f95c34ff, networkLocation: /default-rack, certSerialId: null, persistedOpState: ENTERING_MAINTENANCE, persistedOpStateExpiryEpochSec: 0}.
2020-12-30 01:57:38,325 [ReplicationMonitor] INFO  container.ReplicationManager (ReplicationManager.java:sendCloseCommand(948)) - Sending close container command for container #2 to datanode 2c3d9932-485f-47f8-8613-8bedf6c861f7{ip: 172.17.0.2, host: e0a7f95c34ff, networkLocation: /default-rack, certSerialId: null, persistedOpState: ENTERING_MAINTENANCE, persistedOpStateExpiryEpochSec: 0}.
2020-12-30 01:57:38,325 [ReplicationMonitor] INFO  container.ReplicationManager (ReplicationManager.java:run(250)) - Replication Monitor Thread took 1 milliseconds for processing 4 containers.
2020-12-30 01:57:38,744 [DatanodeAdminManager-0] INFO  node.DatanodeAdminMonitorImpl (DatanodeAdminMonitorImpl.java:checkContainersReplicatedOnNode(297)) - 4132dfcc-dfb3-46cd-b45d-65c38fbb9d85{ip: 172.17.0.2, host: e0a7f95c34ff, networkLocation: /default-rack, certSerialId: null, persistedOpState: ENTERING_MAINTENANCE, persistedOpStateExpiryEpochSec: 0} has 0 sufficientlyReplicated, 2 underReplicated and 0 unhealthy containers
2020-12-30 01:57:38,744 [DatanodeAdminManager-0] INFO  node.DatanodeAdminMonitorImpl (DatanodeAdminMonitorImpl.java:checkContainersReplicatedOnNode(297)) - 259e8d3c-ac3a-47ce-8b98-4ae0c616001a{ip: 172.17.0.2, host: e0a7f95c34ff, networkLocation: /default-rack, certSerialId: null, persistedOpState: ENTERING_MAINTENANCE, persistedOpStateExpiryEpochSec: 0} has 0 sufficientlyReplicated, 2 underReplicated and 0 unhealthy containers
2020-12-30 01:57:38,744 [DatanodeAdminManager-0] INFO  node.DatanodeAdminMonitorImpl (DatanodeAdminMonitorImpl.java:checkContainersReplicatedOnNode(297)) - 2c3d9932-485f-47f8-8613-8bedf6c861f7{ip: 172.17.0.2, host: e0a7f95c34ff, networkLocation: /default-rack, certSerialId: null, persistedOpState: ENTERING_MAINTENANCE, persistedOpStateExpiryEpochSec: 0} has 0 sufficientlyReplicated, 2 underReplicated and 0 unhealthy containers
2020-12-30 01:57:38,744 [DatanodeAdminManager-0] INFO  node.DatanodeAdminMonitorImpl (DatanodeAdminMonitorImpl.java:run(136)) - There are 3 nodes tracked for decommission and maintenance. 0 pending nodes.
2020-12-30 01:57:39,293 [Command processor thread] WARN  server.RaftServer (RaftServerProxy.java:remove(99)) - 4132dfcc-dfb3-46cd-b45d-65c38fbb9d85: does not contain group: group-66D6D02993E9
2020-12-30 01:57:39,293 [Command processor thread] ERROR commandhandler.ClosePipelineCommandHandler (ClosePipelineCommandHandler.java:handle(78)) - Can't close pipeline PipelineID=e53f958b-7dd2-4f07-ae5a-66d6d02993e9
java.io.IOException: 4132dfcc-dfb3-46cd-b45d-65c38fbb9d85: Group group-66D6D02993E9 not found.
	at org.apache.hadoop.ozone.container.common.transport.server.ratis.XceiverServerRatis.removeGroup(XceiverServerRatis.java:782)
	at org.apache.hadoop.ozone.container.common.statemachine.commandhandler.ClosePipelineCommandHandler.handle(ClosePipelineCommandHandler.java:74)
	at org.apache.hadoop.ozone.container.common.statemachine.commandhandler.CommandDispatcher.handle(CommandDispatcher.java:99)
	at org.apache.hadoop.ozone.container.common.statemachine.DatanodeStateMachine.lambda$initCommandHandlerThread$2(DatanodeStateMachine.java:498)
	at java.lang.Thread.run(Thread.java:748)
Caused by: org.apache.ratis.protocol.exceptions.GroupMismatchException: 4132dfcc-dfb3-46cd-b45d-65c38fbb9d85: Group group-66D6D02993E9 not found.
	at org.apache.ratis.server.impl.RaftServerProxy.groupRemoveAsync(RaftServerProxy.java:494)
	at org.apache.ratis.server.impl.RaftServerProxy.groupManagementAsync(RaftServerProxy.java:450)
	at org.apache.ratis.server.impl.RaftServerProxy.groupManagement(RaftServerProxy.java:430)
	at org.apache.hadoop.ozone.container.common.transport.server.ratis.XceiverServerRatis.removeGroup(XceiverServerRatis.java:780)
	... 4 more
2020-12-30 01:57:39,293 [Command processor thread] WARN  server.RaftServer (RaftServerProxy.java:remove(99)) - 4132dfcc-dfb3-46cd-b45d-65c38fbb9d85: does not contain group: group-1814FF02F9CA
2020-12-30 01:57:39,294 [Command processor thread] ERROR commandhandler.ClosePipelineCommandHandler (ClosePipelineCommandHandler.java:handle(78)) - Can't close pipeline PipelineID=512e6835-8f0e-4057-b950-1814ff02f9ca
java.io.IOException: 4132dfcc-dfb3-46cd-b45d-65c38fbb9d85: Group group-1814FF02F9CA not found.
	at org.apache.hadoop.ozone.container.common.transport.server.ratis.XceiverServerRatis.removeGroup(XceiverServerRatis.java:782)
	at org.apache.hadoop.ozone.container.common.statemachine.commandhandler.ClosePipelineCommandHandler.handle(ClosePipelineCommandHandler.java:74)
	at org.apache.hadoop.ozone.container.common.statemachine.commandhandler.CommandDispatcher.handle(CommandDispatcher.java:99)
	at org.apache.hadoop.ozone.container.common.statemachine.DatanodeStateMachine.lambda$initCommandHandlerThread$2(DatanodeStateMachine.java:498)
	at java.lang.Thread.run(Thread.java:748)
Caused by: org.apache.ratis.protocol.exceptions.GroupMismatchException: 4132dfcc-dfb3-46cd-b45d-65c38fbb9d85: Group group-1814FF02F9CA not found.
	at org.apache.ratis.server.impl.RaftServerProxy.groupRemoveAsync(RaftServerProxy.java:494)
	at org.apache.ratis.server.impl.RaftServerProxy.groupManagementAsync(RaftServerProxy.java:450)
	at org.apache.ratis.server.impl.RaftServerProxy.groupManagement(RaftServerProxy.java:430)
	at org.apache.hadoop.ozone.container.common.transport.server.ratis.XceiverServerRatis.removeGroup(XceiverServerRatis.java:780)
	... 4 more
2020-12-30 01:57:39,305 [Command processor thread] WARN  server.RaftServer (RaftServerProxy.java:remove(99)) - 2c3d9932-485f-47f8-8613-8bedf6c861f7: does not contain group: group-2117576E5059
2020-12-30 01:57:39,305 [Command processor thread] ERROR commandhandler.ClosePipelineCommandHandler (ClosePipelineCommandHandler.java:handle(78)) - Can't close pipeline PipelineID=b4653daa-82c1-408f-b07a-2117576e5059
java.io.IOException: 2c3d9932-485f-47f8-8613-8bedf6c861f7: Group group-2117576E5059 not found.
	at org.apache.hadoop.ozone.container.common.transport.server.ratis.XceiverServerRatis.removeGroup(XceiverServerRatis.java:782)
	at org.apache.hadoop.ozone.container.common.statemachine.commandhandler.ClosePipelineCommandHandler.handle(ClosePipelineCommandHandler.java:74)
	at org.apache.hadoop.ozone.container.common.statemachine.commandhandler.CommandDispatcher.handle(CommandDispatcher.java:99)
	at org.apache.hadoop.ozone.container.common.statemachine.DatanodeStateMachine.lambda$initCommandHandlerThread$2(DatanodeStateMachine.java:498)
	at java.lang.Thread.run(Thread.java:748)
Caused by: org.apache.ratis.protocol.exceptions.GroupMismatchException: 2c3d9932-485f-47f8-8613-8bedf6c861f7: Group group-2117576E5059 not found.
	at org.apache.ratis.server.impl.RaftServerProxy.groupRemoveAsync(RaftServerProxy.java:494)
	at org.apache.ratis.server.impl.RaftServerProxy.groupManagementAsync(RaftServerProxy.java:450)
	at org.apache.ratis.server.impl.RaftServerProxy.groupManagement(RaftServerProxy.java:430)
	at org.apache.hadoop.ozone.container.common.transport.server.ratis.XceiverServerRatis.removeGroup(XceiverServerRatis.java:780)
	... 4 more
2020-12-30 01:57:39,305 [Command processor thread] WARN  server.RaftServer (RaftServerProxy.java:remove(99)) - 2c3d9932-485f-47f8-8613-8bedf6c861f7: does not contain group: group-1814FF02F9CA
2020-12-30 01:57:39,306 [Command processor thread] ERROR commandhandler.ClosePipelineCommandHandler (ClosePipelineCommandHandler.java:handle(78)) - Can't close pipeline PipelineID=512e6835-8f0e-4057-b950-1814ff02f9ca
java.io.IOException: 2c3d9932-485f-47f8-8613-8bedf6c861f7: Group group-1814FF02F9CA not found.
	at org.apache.hadoop.ozone.container.common.transport.server.ratis.XceiverServerRatis.removeGroup(XceiverServerRatis.java:782)
	at org.apache.hadoop.ozone.container.common.statemachine.commandhandler.ClosePipelineCommandHandler.handle(ClosePipelineCommandHandler.java:74)
	at org.apache.hadoop.ozone.container.common.statemachine.commandhandler.CommandDispatcher.handle(CommandDispatcher.java:99)
	at org.apache.hadoop.ozone.container.common.statemachine.DatanodeStateMachine.lambda$initCommandHandlerThread$2(DatanodeStateMachine.java:498)
	at java.lang.Thread.run(Thread.java:748)
Caused by: org.apache.ratis.protocol.exceptions.GroupMismatchException: 2c3d9932-485f-47f8-8613-8bedf6c861f7: Group group-1814FF02F9CA not found.
	at org.apache.ratis.server.impl.RaftServerProxy.groupRemoveAsync(RaftServerProxy.java:494)
	at org.apache.ratis.server.impl.RaftServerProxy.groupManagementAsync(RaftServerProxy.java:450)
	at org.apache.ratis.server.impl.RaftServerProxy.groupManagement(RaftServerProxy.java:430)
	at org.apache.hadoop.ozone.container.common.transport.server.ratis.XceiverServerRatis.removeGroup(XceiverServerRatis.java:780)
	... 4 more
2020-12-30 01:57:39,325 [ReplicationMonitor] INFO  container.ReplicationManager (ReplicationManager.java:forceCloseContainer(633)) - Force closing container #1 with BCSID 40, which is in QUASI_CLOSED state.
2020-12-30 01:57:39,326 [ReplicationMonitor] INFO  container.ReplicationManager (ReplicationManager.java:sendCloseCommand(948)) - Sending close container command for container #1 to datanode 2c3d9932-485f-47f8-8613-8bedf6c861f7{ip: 172.17.0.2, host: e0a7f95c34ff, networkLocation: /default-rack, certSerialId: null, persistedOpState: ENTERING_MAINTENANCE, persistedOpStateExpiryEpochSec: 0}.
2020-12-30 01:57:39,326 [ReplicationMonitor] INFO  container.ReplicationManager (ReplicationManager.java:sendCloseCommand(948)) - Sending close container command for container #1 to datanode 4132dfcc-dfb3-46cd-b45d-65c38fbb9d85{ip: 172.17.0.2, host: e0a7f95c34ff, networkLocation: /default-rack, certSerialId: null, persistedOpState: ENTERING_MAINTENANCE, persistedOpStateExpiryEpochSec: 0}.
2020-12-30 01:57:39,326 [ReplicationMonitor] INFO  container.ReplicationManager (ReplicationManager.java:sendCloseCommand(948)) - Sending close container command for container #1 to datanode 259e8d3c-ac3a-47ce-8b98-4ae0c616001a{ip: 172.17.0.2, host: e0a7f95c34ff, networkLocation: /default-rack, certSerialId: null, persistedOpState: ENTERING_MAINTENANCE, persistedOpStateExpiryEpochSec: 0}.
2020-12-30 01:57:39,326 [ReplicationMonitor] INFO  container.ReplicationManager (ReplicationManager.java:forceCloseContainer(633)) - Force closing container #2 with BCSID 36, which is in QUASI_CLOSED state.
2020-12-30 01:57:39,326 [ReplicationMonitor] INFO  container.ReplicationManager (ReplicationManager.java:sendCloseCommand(948)) - Sending close container command for container #2 to datanode 259e8d3c-ac3a-47ce-8b98-4ae0c616001a{ip: 172.17.0.2, host: e0a7f95c34ff, networkLocation: /default-rack, certSerialId: null, persistedOpState: ENTERING_MAINTENANCE, persistedOpStateExpiryEpochSec: 0}.
2020-12-30 01:57:39,326 [ReplicationMonitor] INFO  container.ReplicationManager (ReplicationManager.java:sendCloseCommand(948)) - Sending close container command for container #2 to datanode 2c3d9932-485f-47f8-8613-8bedf6c861f7{ip: 172.17.0.2, host: e0a7f95c34ff, networkLocation: /default-rack, certSerialId: null, persistedOpState: ENTERING_MAINTENANCE, persistedOpStateExpiryEpochSec: 0}.
2020-12-30 01:57:39,326 [ReplicationMonitor] INFO  container.ReplicationManager (ReplicationManager.java:sendCloseCommand(948)) - Sending close container command for container #2 to datanode 4132dfcc-dfb3-46cd-b45d-65c38fbb9d85{ip: 172.17.0.2, host: e0a7f95c34ff, networkLocation: /default-rack, certSerialId: null, persistedOpState: ENTERING_MAINTENANCE, persistedOpStateExpiryEpochSec: 0}.
2020-12-30 01:57:39,327 [ReplicationMonitor] INFO  container.ReplicationManager (ReplicationManager.java:run(250)) - Replication Monitor Thread took 2 milliseconds for processing 4 containers.
2020-12-30 01:57:39,743 [DatanodeAdminManager-0] INFO  node.DatanodeAdminMonitorImpl (DatanodeAdminMonitorImpl.java:checkContainersReplicatedOnNode(297)) - 4132dfcc-dfb3-46cd-b45d-65c38fbb9d85{ip: 172.17.0.2, host: e0a7f95c34ff, networkLocation: /default-rack, certSerialId: null, persistedOpState: ENTERING_MAINTENANCE, persistedOpStateExpiryEpochSec: 0} has 0 sufficientlyReplicated, 2 underReplicated and 0 unhealthy containers
2020-12-30 01:57:39,743 [DatanodeAdminManager-0] INFO  node.DatanodeAdminMonitorImpl (DatanodeAdminMonitorImpl.java:checkContainersReplicatedOnNode(297)) - 259e8d3c-ac3a-47ce-8b98-4ae0c616001a{ip: 172.17.0.2, host: e0a7f95c34ff, networkLocation: /default-rack, certSerialId: null, persistedOpState: ENTERING_MAINTENANCE, persistedOpStateExpiryEpochSec: 0} has 0 sufficientlyReplicated, 2 underReplicated and 0 unhealthy containers
2020-12-30 01:57:39,744 [DatanodeAdminManager-0] INFO  node.DatanodeAdminMonitorImpl (DatanodeAdminMonitorImpl.java:checkContainersReplicatedOnNode(297)) - 2c3d9932-485f-47f8-8613-8bedf6c861f7{ip: 172.17.0.2, host: e0a7f95c34ff, networkLocation: /default-rack, certSerialId: null, persistedOpState: ENTERING_MAINTENANCE, persistedOpStateExpiryEpochSec: 0} has 0 sufficientlyReplicated, 2 underReplicated and 0 unhealthy containers
2020-12-30 01:57:39,744 [DatanodeAdminManager-0] INFO  node.DatanodeAdminMonitorImpl (DatanodeAdminMonitorImpl.java:run(136)) - There are 3 nodes tracked for decommission and maintenance. 0 pending nodes.
2020-12-30 01:57:40,274 [Command processor thread] INFO  keyvalue.KeyValueContainer (KeyValueContainer.java:flushAndSyncDB(388)) - Container 1 is synced with bcsId 40.
2020-12-30 01:57:40,275 [Command processor thread] INFO  keyvalue.KeyValueContainer (KeyValueContainer.java:flushAndSyncDB(388)) - Container 1 is synced with bcsId 40.
2020-12-30 01:57:40,277 [Command processor thread] INFO  keyvalue.KeyValueContainer (KeyValueContainer.java:close(326)) - Container 1 is closed with bcsId 40.
2020-12-30 01:57:40,278 [Command processor thread] INFO  keyvalue.KeyValueContainer (KeyValueContainer.java:flushAndSyncDB(388)) - Container 2 is synced with bcsId 36.
2020-12-30 01:57:40,278 [Command processor thread] INFO  keyvalue.KeyValueContainer (KeyValueContainer.java:flushAndSyncDB(388)) - Container 2 is synced with bcsId 36.
2020-12-30 01:57:40,279 [EventQueue-IncrementalContainerReportForIncrementalContainerReportHandler] INFO  container.IncrementalContainerReportHandler (AbstractContainerReportHandler.java:updateContainerState(241)) - Moving container #1 to CLOSED state, datanode 259e8d3c-ac3a-47ce-8b98-4ae0c616001a{ip: 172.17.0.2, host: e0a7f95c34ff, networkLocation: /default-rack, certSerialId: null, persistedOpState: ENTERING_MAINTENANCE, persistedOpStateExpiryEpochSec: 0} reported CLOSED replica.
2020-12-30 01:57:40,281 [Command processor thread] INFO  keyvalue.KeyValueContainer (KeyValueContainer.java:close(326)) - Container 2 is closed with bcsId 36.
2020-12-30 01:57:40,282 [EventQueue-IncrementalContainerReportForIncrementalContainerReportHandler] INFO  container.IncrementalContainerReportHandler (AbstractContainerReportHandler.java:updateContainerState(241)) - Moving container #2 to CLOSED state, datanode 259e8d3c-ac3a-47ce-8b98-4ae0c616001a{ip: 172.17.0.2, host: e0a7f95c34ff, networkLocation: /default-rack, certSerialId: null, persistedOpState: ENTERING_MAINTENANCE, persistedOpStateExpiryEpochSec: 0} reported CLOSED replica.
2020-12-30 01:57:40,327 [ReplicationMonitor] INFO  container.ReplicationManager (ReplicationManager.java:handleUnderReplicatedContainer(722)) - Container #1 is under replicated. Expected replica count is 3, but found 1.
2020-12-30 01:57:40,327 [ReplicationMonitor] INFO  container.ReplicationManager (ReplicationManager.java:sendReplicateCommand(970)) - Sending replicate container command for container #1 to datanode 3ab91bad-9694-4126-92ff-ecec9fe4c4aa{ip: 172.17.0.2, host: e0a7f95c34ff, networkLocation: /default-rack, certSerialId: null, persistedOpState: IN_SERVICE, persistedOpStateExpiryEpochSec: 0}
2020-12-30 01:57:40,327 [ReplicationMonitor] INFO  container.ReplicationManager (ReplicationManager.java:sendReplicateCommand(970)) - Sending replicate container command for container #1 to datanode 52321763-3f6c-4ae6-8c1d-9758e235c7cc{ip: 172.17.0.2, host: e0a7f95c34ff, networkLocation: /default-rack, certSerialId: null, persistedOpState: IN_SERVICE, persistedOpStateExpiryEpochSec: 0}
2020-12-30 01:57:40,327 [ReplicationMonitor] INFO  container.ReplicationManager (ReplicationManager.java:handleUnderReplicatedContainer(722)) - Container #2 is under replicated. Expected replica count is 3, but found 1.
2020-12-30 01:57:40,327 [ReplicationMonitor] INFO  container.ReplicationManager (ReplicationManager.java:sendReplicateCommand(970)) - Sending replicate container command for container #2 to datanode 52321763-3f6c-4ae6-8c1d-9758e235c7cc{ip: 172.17.0.2, host: e0a7f95c34ff, networkLocation: /default-rack, certSerialId: null, persistedOpState: IN_SERVICE, persistedOpStateExpiryEpochSec: 0}
2020-12-30 01:57:40,327 [ReplicationMonitor] INFO  container.ReplicationManager (ReplicationManager.java:sendReplicateCommand(970)) - Sending replicate container command for container #2 to datanode e4eaa117-0301-47df-aa31-ee25e619f23c{ip: 172.17.0.2, host: e0a7f95c34ff, networkLocation: /default-rack, certSerialId: null, persistedOpState: IN_SERVICE, persistedOpStateExpiryEpochSec: 0}
2020-12-30 01:57:40,327 [ReplicationMonitor] INFO  container.ReplicationManager (ReplicationManager.java:run(250)) - Replication Monitor Thread took 1 milliseconds for processing 4 containers.
2020-12-30 01:57:40,743 [DatanodeAdminManager-0] INFO  node.DatanodeAdminMonitorImpl (DatanodeAdminMonitorImpl.java:checkContainersReplicatedOnNode(297)) - 4132dfcc-dfb3-46cd-b45d-65c38fbb9d85{ip: 172.17.0.2, host: e0a7f95c34ff, networkLocation: /default-rack, certSerialId: null, persistedOpState: ENTERING_MAINTENANCE, persistedOpStateExpiryEpochSec: 0} has 0 sufficientlyReplicated, 2 underReplicated and 0 unhealthy containers
2020-12-30 01:57:40,744 [DatanodeAdminManager-0] INFO  node.DatanodeAdminMonitorImpl (DatanodeAdminMonitorImpl.java:checkContainersReplicatedOnNode(297)) - 259e8d3c-ac3a-47ce-8b98-4ae0c616001a{ip: 172.17.0.2, host: e0a7f95c34ff, networkLocation: /default-rack, certSerialId: null, persistedOpState: ENTERING_MAINTENANCE, persistedOpStateExpiryEpochSec: 0} has 0 sufficientlyReplicated, 2 underReplicated and 0 unhealthy containers
2020-12-30 01:57:40,744 [DatanodeAdminManager-0] INFO  node.DatanodeAdminMonitorImpl (DatanodeAdminMonitorImpl.java:checkContainersReplicatedOnNode(297)) - 2c3d9932-485f-47f8-8613-8bedf6c861f7{ip: 172.17.0.2, host: e0a7f95c34ff, networkLocation: /default-rack, certSerialId: null, persistedOpState: ENTERING_MAINTENANCE, persistedOpStateExpiryEpochSec: 0} has 0 sufficientlyReplicated, 2 underReplicated and 0 unhealthy containers
2020-12-30 01:57:40,744 [DatanodeAdminManager-0] INFO  node.DatanodeAdminMonitorImpl (DatanodeAdminMonitorImpl.java:run(136)) - There are 3 nodes tracked for decommission and maintenance. 0 pending nodes.
2020-12-30 01:57:41,297 [Command processor thread] INFO  keyvalue.KeyValueContainer (KeyValueContainer.java:flushAndSyncDB(388)) - Container 1 is synced with bcsId 40.
2020-12-30 01:57:41,297 [Command processor thread] INFO  keyvalue.KeyValueContainer (KeyValueContainer.java:flushAndSyncDB(388)) - Container 1 is synced with bcsId 40.
2020-12-30 01:57:41,299 [Command processor thread] INFO  keyvalue.KeyValueContainer (KeyValueContainer.java:close(326)) - Container 1 is closed with bcsId 40.
2020-12-30 01:57:41,299 [Command processor thread] INFO  keyvalue.KeyValueContainer (KeyValueContainer.java:flushAndSyncDB(388)) - Container 2 is synced with bcsId 36.
2020-12-30 01:57:41,299 [Command processor thread] INFO  keyvalue.KeyValueContainer (KeyValueContainer.java:flushAndSyncDB(388)) - Container 2 is synced with bcsId 36.
2020-12-30 01:57:41,302 [Command processor thread] INFO  keyvalue.KeyValueContainer (KeyValueContainer.java:close(326)) - Container 2 is closed with bcsId 36.
2020-12-30 01:57:41,305 [Command processor thread] INFO  keyvalue.KeyValueContainer (KeyValueContainer.java:flushAndSyncDB(388)) - Container 1 is synced with bcsId 40.
2020-12-30 01:57:41,305 [Command processor thread] INFO  keyvalue.KeyValueContainer (KeyValueContainer.java:flushAndSyncDB(388)) - Container 1 is synced with bcsId 40.
2020-12-30 01:57:41,307 [Command processor thread] INFO  keyvalue.KeyValueContainer (KeyValueContainer.java:close(326)) - Container 1 is closed with bcsId 40.
2020-12-30 01:57:41,307 [Command processor thread] INFO  keyvalue.KeyValueContainer (KeyValueContainer.java:flushAndSyncDB(388)) - Container 2 is synced with bcsId 36.
2020-12-30 01:57:41,307 [Command processor thread] INFO  keyvalue.KeyValueContainer (KeyValueContainer.java:flushAndSyncDB(388)) - Container 2 is synced with bcsId 36.
2020-12-30 01:57:41,310 [Command processor thread] INFO  keyvalue.KeyValueContainer (KeyValueContainer.java:close(326)) - Container 2 is closed with bcsId 36.
2020-12-30 01:57:41,328 [ReplicationMonitor] INFO  container.ReplicationManager (ReplicationManager.java:run(250)) - Replication Monitor Thread took 0 milliseconds for processing 4 containers.
2020-12-30 01:57:41,743 [DatanodeAdminManager-0] INFO  node.DatanodeAdminMonitorImpl (DatanodeAdminMonitorImpl.java:checkContainersReplicatedOnNode(297)) - 4132dfcc-dfb3-46cd-b45d-65c38fbb9d85{ip: 172.17.0.2, host: e0a7f95c34ff, networkLocation: /default-rack, certSerialId: null, persistedOpState: ENTERING_MAINTENANCE, persistedOpStateExpiryEpochSec: 0} has 0 sufficientlyReplicated, 2 underReplicated and 0 unhealthy containers
2020-12-30 01:57:41,744 [DatanodeAdminManager-0] INFO  node.DatanodeAdminMonitorImpl (DatanodeAdminMonitorImpl.java:checkContainersReplicatedOnNode(297)) - 259e8d3c-ac3a-47ce-8b98-4ae0c616001a{ip: 172.17.0.2, host: e0a7f95c34ff, networkLocation: /default-rack, certSerialId: null, persistedOpState: ENTERING_MAINTENANCE, persistedOpStateExpiryEpochSec: 0} has 0 sufficientlyReplicated, 2 underReplicated and 0 unhealthy containers
2020-12-30 01:57:41,744 [DatanodeAdminManager-0] INFO  node.DatanodeAdminMonitorImpl (DatanodeAdminMonitorImpl.java:checkContainersReplicatedOnNode(297)) - 2c3d9932-485f-47f8-8613-8bedf6c861f7{ip: 172.17.0.2, host: e0a7f95c34ff, networkLocation: /default-rack, certSerialId: null, persistedOpState: ENTERING_MAINTENANCE, persistedOpStateExpiryEpochSec: 0} has 0 sufficientlyReplicated, 2 underReplicated and 0 unhealthy containers
2020-12-30 01:57:41,744 [DatanodeAdminManager-0] INFO  node.DatanodeAdminMonitorImpl (DatanodeAdminMonitorImpl.java:run(136)) - There are 3 nodes tracked for decommission and maintenance. 0 pending nodes.
2020-12-30 01:57:42,329 [ReplicationMonitor] INFO  container.ReplicationManager (ReplicationManager.java:run(250)) - Replication Monitor Thread took 1 milliseconds for processing 4 containers.
2020-12-30 01:57:42,576 [ContainerReplicationThread-0] INFO  replication.DownloadAndImportReplicator (DownloadAndImportReplicator.java:replicate(106)) - Starting replication of container 1 from [2c3d9932-485f-47f8-8613-8bedf6c861f7{ip: 172.17.0.2, host: e0a7f95c34ff, networkLocation: /default-rack, certSerialId: null, persistedOpState: ENTERING_MAINTENANCE, persistedOpStateExpiryEpochSec: 0}, 4132dfcc-dfb3-46cd-b45d-65c38fbb9d85{ip: 172.17.0.2, host: e0a7f95c34ff, networkLocation: /default-rack, certSerialId: null, persistedOpState: ENTERING_MAINTENANCE, persistedOpStateExpiryEpochSec: 0}, 259e8d3c-ac3a-47ce-8b98-4ae0c616001a{ip: 172.17.0.2, host: e0a7f95c34ff, networkLocation: /default-rack, certSerialId: null, persistedOpState: ENTERING_MAINTENANCE, persistedOpStateExpiryEpochSec: 0}]
2020-12-30 01:57:42,578 [ContainerReplicationThread-0] INFO  replication.DownloadAndImportReplicator (DownloadAndImportReplicator.java:replicate(106)) - Starting replication of container 2 from [259e8d3c-ac3a-47ce-8b98-4ae0c616001a{ip: 172.17.0.2, host: e0a7f95c34ff, networkLocation: /default-rack, certSerialId: null, persistedOpState: ENTERING_MAINTENANCE, persistedOpStateExpiryEpochSec: 0}, 2c3d9932-485f-47f8-8613-8bedf6c861f7{ip: 172.17.0.2, host: e0a7f95c34ff, networkLocation: /default-rack, certSerialId: null, persistedOpState: ENTERING_MAINTENANCE, persistedOpStateExpiryEpochSec: 0}, 4132dfcc-dfb3-46cd-b45d-65c38fbb9d85{ip: 172.17.0.2, host: e0a7f95c34ff, networkLocation: /default-rack, certSerialId: null, persistedOpState: ENTERING_MAINTENANCE, persistedOpStateExpiryEpochSec: 0}]
2020-12-30 01:57:42,584 [grpc-default-executor-0] INFO  replication.GrpcReplicationService (GrpcReplicationService.java:download(52)) - Streaming container data (1) to other datanode
2020-12-30 01:57:42,598 [ContainerReplicationThread-0] INFO  replication.DownloadAndImportReplicator (DownloadAndImportReplicator.java:replicate(106)) - Starting replication of container 1 from [2c3d9932-485f-47f8-8613-8bedf6c861f7{ip: 172.17.0.2, host: e0a7f95c34ff, networkLocation: /default-rack, certSerialId: null, persistedOpState: ENTERING_MAINTENANCE, persistedOpStateExpiryEpochSec: 0}, 4132dfcc-dfb3-46cd-b45d-65c38fbb9d85{ip: 172.17.0.2, host: e0a7f95c34ff, networkLocation: /default-rack, certSerialId: null, persistedOpState: ENTERING_MAINTENANCE, persistedOpStateExpiryEpochSec: 0}, 259e8d3c-ac3a-47ce-8b98-4ae0c616001a{ip: 172.17.0.2, host: e0a7f95c34ff, networkLocation: /default-rack, certSerialId: null, persistedOpState: ENTERING_MAINTENANCE, persistedOpStateExpiryEpochSec: 0}]
2020-12-30 01:57:42,604 [grpc-default-executor-2] INFO  replication.GrpcReplicationService (GrpcReplicationService.java:download(52)) - Streaming container data (2) to other datanode
2020-12-30 01:57:42,606 [ContainerReplicationThread-1] INFO  replication.DownloadAndImportReplicator (DownloadAndImportReplicator.java:replicate(106)) - Starting replication of container 2 from [259e8d3c-ac3a-47ce-8b98-4ae0c616001a{ip: 172.17.0.2, host: e0a7f95c34ff, networkLocation: /default-rack, certSerialId: null, persistedOpState: ENTERING_MAINTENANCE, persistedOpStateExpiryEpochSec: 0}, 2c3d9932-485f-47f8-8613-8bedf6c861f7{ip: 172.17.0.2, host: e0a7f95c34ff, networkLocation: /default-rack, certSerialId: null, persistedOpState: ENTERING_MAINTENANCE, persistedOpStateExpiryEpochSec: 0}, 4132dfcc-dfb3-46cd-b45d-65c38fbb9d85{ip: 172.17.0.2, host: e0a7f95c34ff, networkLocation: /default-rack, certSerialId: null, persistedOpState: ENTERING_MAINTENANCE, persistedOpStateExpiryEpochSec: 0}]
2020-12-30 01:57:42,608 [grpc-default-executor-0] INFO  replication.GrpcOutputStream (GrpcOutputStream.java:close(104)) - Sent 9768 bytes for container 1
2020-12-30 01:57:42,609 [grpc-default-executor-0] INFO  replication.GrpcReplicationService (GrpcReplicationService.java:download(52)) - Streaming container data (1) to other datanode
2020-12-30 01:57:42,611 [grpc-default-executor-3] INFO  replication.GrpcReplicationClient (GrpcReplicationClient.java:onCompleted(177)) - Container 1 is downloaded to /github/workspace/mnt/ozone/hadoop-ozone/integration-test/target/test-dir/MiniOzoneClusterImpl-885a2ac6-dd28-4da4-9cce-7871c001d77b/datanode-2/data/replication/work/container-1.tar.gz
2020-12-30 01:57:42,612 [grpc-default-executor-1] INFO  replication.GrpcReplicationService (GrpcReplicationService.java:download(52)) - Streaming container data (2) to other datanode
2020-12-30 01:57:42,614 [ContainerReplicationThread-0] INFO  replication.DownloadAndImportReplicator (DownloadAndImportReplicator.java:replicate(117)) - Container 1 is downloaded, starting to import.
2020-12-30 01:57:42,617 [grpc-default-executor-1] INFO  replication.GrpcOutputStream (GrpcOutputStream.java:close(104)) - Sent 9816 bytes for container 2
2020-12-30 01:57:42,620 [grpc-default-executor-2] INFO  replication.GrpcOutputStream (GrpcOutputStream.java:close(104)) - Sent 9807 bytes for container 2
2020-12-30 01:57:42,622 [grpc-default-executor-3] INFO  replication.GrpcReplicationClient (GrpcReplicationClient.java:onCompleted(177)) - Container 2 is downloaded to /github/workspace/mnt/ozone/hadoop-ozone/integration-test/target/test-dir/MiniOzoneClusterImpl-885a2ac6-dd28-4da4-9cce-7871c001d77b/datanode-1/data/replication/work/container-2.tar.gz
2020-12-30 01:57:42,624 [ContainerReplicationThread-0] INFO  replication.DownloadAndImportReplicator (DownloadAndImportReplicator.java:replicate(117)) - Container 2 is downloaded, starting to import.
2020-12-30 01:57:42,633 [grpc-default-executor-1] INFO  replication.GrpcReplicationClient (GrpcReplicationClient.java:onCompleted(177)) - Container 2 is downloaded to /github/workspace/mnt/ozone/hadoop-ozone/integration-test/target/test-dir/MiniOzoneClusterImpl-885a2ac6-dd28-4da4-9cce-7871c001d77b/datanode-0/data/replication/work/container-2.tar.gz
2020-12-30 01:57:42,641 [grpc-default-executor-0] INFO  replication.GrpcOutputStream (GrpcOutputStream.java:close(104)) - Sent 9840 bytes for container 1
2020-12-30 01:57:42,642 [grpc-default-executor-2] INFO  replication.GrpcReplicationClient (GrpcReplicationClient.java:onCompleted(177)) - Container 1 is downloaded to /github/workspace/mnt/ozone/hadoop-ozone/integration-test/target/test-dir/MiniOzoneClusterImpl-885a2ac6-dd28-4da4-9cce-7871c001d77b/datanode-0/data/replication/work/container-1.tar.gz
2020-12-30 01:57:42,642 [ContainerReplicationThread-1] INFO  replication.DownloadAndImportReplicator (DownloadAndImportReplicator.java:replicate(117)) - Container 2 is downloaded, starting to import.
2020-12-30 01:57:42,643 [ContainerReplicationThread-0] INFO  replication.DownloadAndImportReplicator (DownloadAndImportReplicator.java:replicate(117)) - Container 1 is downloaded, starting to import.
2020-12-30 01:57:42,682 [ContainerReplicationThread-0] INFO  replication.DownloadAndImportReplicator (DownloadAndImportReplicator.java:replicate(120)) - Container 1 is replicated successfully
2020-12-30 01:57:42,682 [ContainerReplicationThread-0] INFO  replication.ReplicationSupervisor (ReplicationSupervisor.java:run(146)) - Container 1 is replicated.
2020-12-30 01:57:42,683 [ContainerReplicationThread-1] INFO  replication.DownloadAndImportReplicator (DownloadAndImportReplicator.java:replicate(120)) - Container 2 is replicated successfully
2020-12-30 01:57:42,683 [ContainerReplicationThread-1] INFO  replication.ReplicationSupervisor (ReplicationSupervisor.java:run(146)) - Container 2 is replicated.
2020-12-30 01:57:42,689 [ContainerReplicationThread-0] INFO  replication.DownloadAndImportReplicator (DownloadAndImportReplicator.java:replicate(120)) - Container 2 is replicated successfully
2020-12-30 01:57:42,689 [ContainerReplicationThread-0] INFO  replication.ReplicationSupervisor (ReplicationSupervisor.java:run(146)) - Container 2 is replicated.
2020-12-30 01:57:42,691 [ContainerReplicationThread-0] INFO  replication.DownloadAndImportReplicator (DownloadAndImportReplicator.java:replicate(120)) - Container 1 is replicated successfully
2020-12-30 01:57:42,691 [ContainerReplicationThread-0] INFO  replication.ReplicationSupervisor (ReplicationSupervisor.java:run(146)) - Container 1 is replicated.
2020-12-30 01:57:42,743 [DatanodeAdminManager-0] INFO  node.DatanodeAdminMonitorImpl (DatanodeAdminMonitorImpl.java:checkContainersReplicatedOnNode(297)) - 4132dfcc-dfb3-46cd-b45d-65c38fbb9d85{ip: 172.17.0.2, host: e0a7f95c34ff, networkLocation: /default-rack, certSerialId: null, persistedOpState: ENTERING_MAINTENANCE, persistedOpStateExpiryEpochSec: 0} has 0 sufficientlyReplicated, 2 underReplicated and 0 unhealthy containers
2020-12-30 01:57:42,744 [DatanodeAdminManager-0] INFO  node.DatanodeAdminMonitorImpl (DatanodeAdminMonitorImpl.java:checkContainersReplicatedOnNode(297)) - 259e8d3c-ac3a-47ce-8b98-4ae0c616001a{ip: 172.17.0.2, host: e0a7f95c34ff, networkLocation: /default-rack, certSerialId: null, persistedOpState: ENTERING_MAINTENANCE, persistedOpStateExpiryEpochSec: 0} has 0 sufficientlyReplicated, 2 underReplicated and 0 unhealthy containers
2020-12-30 01:57:42,744 [DatanodeAdminManager-0] INFO  node.DatanodeAdminMonitorImpl (DatanodeAdminMonitorImpl.java:checkContainersReplicatedOnNode(297)) - 2c3d9932-485f-47f8-8613-8bedf6c861f7{ip: 172.17.0.2, host: e0a7f95c34ff, networkLocation: /default-rack, certSerialId: null, persistedOpState: ENTERING_MAINTENANCE, persistedOpStateExpiryEpochSec: 0} has 0 sufficientlyReplicated, 2 underReplicated and 0 unhealthy containers
2020-12-30 01:57:42,744 [DatanodeAdminManager-0] INFO  node.DatanodeAdminMonitorImpl (DatanodeAdminMonitorImpl.java:run(136)) - There are 3 nodes tracked for decommission and maintenance. 0 pending nodes.
2020-12-30 01:57:43,329 [ReplicationMonitor] INFO  container.ReplicationManager (ReplicationManager.java:run(250)) - Replication Monitor Thread took 1 milliseconds for processing 4 containers.
2020-12-30 01:57:43,743 [DatanodeAdminManager-0] INFO  node.DatanodeAdminMonitorImpl (DatanodeAdminMonitorImpl.java:checkContainersReplicatedOnNode(297)) - 4132dfcc-dfb3-46cd-b45d-65c38fbb9d85{ip: 172.17.0.2, host: e0a7f95c34ff, networkLocation: /default-rack, certSerialId: null, persistedOpState: ENTERING_MAINTENANCE, persistedOpStateExpiryEpochSec: 0} has 0 sufficientlyReplicated, 2 underReplicated and 0 unhealthy containers
2020-12-30 01:57:43,744 [DatanodeAdminManager-0] INFO  node.DatanodeAdminMonitorImpl (DatanodeAdminMonitorImpl.java:checkContainersReplicatedOnNode(297)) - 259e8d3c-ac3a-47ce-8b98-4ae0c616001a{ip: 172.17.0.2, host: e0a7f95c34ff, networkLocation: /default-rack, certSerialId: null, persistedOpState: ENTERING_MAINTENANCE, persistedOpStateExpiryEpochSec: 0} has 0 sufficientlyReplicated, 2 underReplicated and 0 unhealthy containers
2020-12-30 01:57:43,744 [DatanodeAdminManager-0] INFO  node.DatanodeAdminMonitorImpl (DatanodeAdminMonitorImpl.java:checkContainersReplicatedOnNode(297)) - 2c3d9932-485f-47f8-8613-8bedf6c861f7{ip: 172.17.0.2, host: e0a7f95c34ff, networkLocation: /default-rack, certSerialId: null, persistedOpState: ENTERING_MAINTENANCE, persistedOpStateExpiryEpochSec: 0} has 0 sufficientlyReplicated, 2 underReplicated and 0 unhealthy containers
2020-12-30 01:57:43,744 [DatanodeAdminManager-0] INFO  node.DatanodeAdminMonitorImpl (DatanodeAdminMonitorImpl.java:run(136)) - There are 3 nodes tracked for decommission and maintenance. 0 pending nodes.
2020-12-30 01:57:44,330 [ReplicationMonitor] INFO  container.ReplicationManager (ReplicationManager.java:handleUnderReplicatedContainer(722)) - Container #1 is under replicated. Expected replica count is 3, but found 2.
2020-12-30 01:57:44,330 [ReplicationMonitor] INFO  container.ReplicationManager (ReplicationManager.java:sendReplicateCommand(970)) - Sending replicate container command for container #1 to datanode e4eaa117-0301-47df-aa31-ee25e619f23c{ip: 172.17.0.2, host: e0a7f95c34ff, networkLocation: /default-rack, certSerialId: null, persistedOpState: IN_SERVICE, persistedOpStateExpiryEpochSec: 0}
2020-12-30 01:57:44,330 [ReplicationMonitor] INFO  container.ReplicationManager (ReplicationManager.java:run(250)) - Replication Monitor Thread took 0 milliseconds for processing 4 containers.
2020-12-30 01:57:44,743 [DatanodeAdminManager-0] INFO  node.DatanodeAdminMonitorImpl (DatanodeAdminMonitorImpl.java:checkContainersReplicatedOnNode(297)) - 4132dfcc-dfb3-46cd-b45d-65c38fbb9d85{ip: 172.17.0.2, host: e0a7f95c34ff, networkLocation: /default-rack, certSerialId: null, persistedOpState: ENTERING_MAINTENANCE, persistedOpStateExpiryEpochSec: 0} has 2 sufficientlyReplicated, 0 underReplicated and 0 unhealthy containers
2020-12-30 01:57:44,744 [DatanodeAdminManager-0] INFO  node.DatanodeAdminMonitorImpl (DatanodeAdminMonitorImpl.java:putIntoMaintenance(313)) - Datanode 4132dfcc-dfb3-46cd-b45d-65c38fbb9d85{ip: 172.17.0.2, host: e0a7f95c34ff, networkLocation: /default-rack, certSerialId: null, persistedOpState: ENTERING_MAINTENANCE, persistedOpStateExpiryEpochSec: 0} has entered maintenance
2020-12-30 01:57:44,744 [DatanodeAdminManager-0] INFO  node.DatanodeAdminMonitorImpl (DatanodeAdminMonitorImpl.java:checkContainersReplicatedOnNode(297)) - 259e8d3c-ac3a-47ce-8b98-4ae0c616001a{ip: 172.17.0.2, host: e0a7f95c34ff, networkLocation: /default-rack, certSerialId: null, persistedOpState: ENTERING_MAINTENANCE, persistedOpStateExpiryEpochSec: 0} has 2 sufficientlyReplicated, 0 underReplicated and 0 unhealthy containers
2020-12-30 01:57:44,744 [DatanodeAdminManager-0] INFO  node.DatanodeAdminMonitorImpl (DatanodeAdminMonitorImpl.java:putIntoMaintenance(313)) - Datanode 259e8d3c-ac3a-47ce-8b98-4ae0c616001a{ip: 172.17.0.2, host: e0a7f95c34ff, networkLocation: /default-rack, certSerialId: null, persistedOpState: ENTERING_MAINTENANCE, persistedOpStateExpiryEpochSec: 0} has entered maintenance
2020-12-30 01:57:44,744 [DatanodeAdminManager-0] INFO  node.DatanodeAdminMonitorImpl (DatanodeAdminMonitorImpl.java:checkContainersReplicatedOnNode(297)) - 2c3d9932-485f-47f8-8613-8bedf6c861f7{ip: 172.17.0.2, host: e0a7f95c34ff, networkLocation: /default-rack, certSerialId: null, persistedOpState: ENTERING_MAINTENANCE, persistedOpStateExpiryEpochSec: 0} has 2 sufficientlyReplicated, 0 underReplicated and 0 unhealthy containers
2020-12-30 01:57:44,744 [DatanodeAdminManager-0] INFO  node.DatanodeAdminMonitorImpl (DatanodeAdminMonitorImpl.java:putIntoMaintenance(313)) - Datanode 2c3d9932-485f-47f8-8613-8bedf6c861f7{ip: 172.17.0.2, host: e0a7f95c34ff, networkLocation: /default-rack, certSerialId: null, persistedOpState: ENTERING_MAINTENANCE, persistedOpStateExpiryEpochSec: 0} has entered maintenance
2020-12-30 01:57:44,744 [DatanodeAdminManager-0] INFO  node.DatanodeAdminMonitorImpl (DatanodeAdminMonitorImpl.java:run(136)) - There are 3 nodes tracked for decommission and maintenance. 0 pending nodes.
2020-12-30 01:57:45,283 [IPC Server handler 3 on default port 43765] INFO  node.SCMNodeManager (SCMNodeManager.java:updateDatanodeOpState(419)) - Scheduling a command to update the operationalState persisted on the datanode as the reported value (ENTERING_MAINTENANCE, 0) does not match the value stored in SCM (IN_MAINTENANCE, 0)
2020-12-30 01:57:45,303 [IPC Server handler 8 on default port 43765] INFO  node.SCMNodeManager (SCMNodeManager.java:updateDatanodeOpState(419)) - Scheduling a command to update the operationalState persisted on the datanode as the reported value (ENTERING_MAINTENANCE, 0) does not match the value stored in SCM (IN_MAINTENANCE, 0)
2020-12-30 01:57:45,311 [IPC Server handler 13 on default port 43765] INFO  node.SCMNodeManager (SCMNodeManager.java:updateDatanodeOpState(419)) - Scheduling a command to update the operationalState persisted on the datanode as the reported value (ENTERING_MAINTENANCE, 0) does not match the value stored in SCM (IN_MAINTENANCE, 0)
2020-12-30 01:57:45,331 [ReplicationMonitor] INFO  container.ReplicationManager (ReplicationManager.java:run(250)) - Replication Monitor Thread took 0 milliseconds for processing 4 containers.
2020-12-30 01:57:45,691 [ContainerReplicationThread-1] INFO  replication.DownloadAndImportReplicator (DownloadAndImportReplicator.java:replicate(106)) - Starting replication of container 1 from [3ab91bad-9694-4126-92ff-ecec9fe4c4aa{ip: 172.17.0.2, host: e0a7f95c34ff, networkLocation: /default-rack, certSerialId: null, persistedOpState: IN_SERVICE, persistedOpStateExpiryEpochSec: 0}, 2c3d9932-485f-47f8-8613-8bedf6c861f7{ip: 172.17.0.2, host: e0a7f95c34ff, networkLocation: /default-rack, certSerialId: null, persistedOpState: ENTERING_MAINTENANCE, persistedOpStateExpiryEpochSec: 0}, 4132dfcc-dfb3-46cd-b45d-65c38fbb9d85{ip: 172.17.0.2, host: e0a7f95c34ff, networkLocation: /default-rack, certSerialId: null, persistedOpState: ENTERING_MAINTENANCE, persistedOpStateExpiryEpochSec: 0}, 259e8d3c-ac3a-47ce-8b98-4ae0c616001a{ip: 172.17.0.2, host: e0a7f95c34ff, networkLocation: /default-rack, certSerialId: null, persistedOpState: ENTERING_MAINTENANCE, persistedOpStateExpiryEpochSec: 0}]
2020-12-30 01:57:45,696 [grpc-default-executor-1] INFO  replication.GrpcReplicationService (GrpcReplicationService.java:download(52)) - Streaming container data (1) to other datanode
2020-12-30 01:57:45,722 [grpc-default-executor-1] INFO  replication.GrpcOutputStream (GrpcOutputStream.java:close(104)) - Sent 22209 bytes for container 1
2020-12-30 01:57:45,724 [grpc-default-executor-1] INFO  replication.GrpcReplicationClient (GrpcReplicationClient.java:onCompleted(177)) - Container 1 is downloaded to /github/workspace/mnt/ozone/hadoop-ozone/integration-test/target/test-dir/MiniOzoneClusterImpl-885a2ac6-dd28-4da4-9cce-7871c001d77b/datanode-1/data/replication/work/container-1.tar.gz
2020-12-30 01:57:45,725 [ContainerReplicationThread-1] INFO  replication.DownloadAndImportReplicator (DownloadAndImportReplicator.java:replicate(117)) - Container 1 is downloaded, starting to import.
2020-12-30 01:57:45,743 [DatanodeAdminManager-0] INFO  node.DatanodeAdminMonitorImpl (DatanodeAdminMonitorImpl.java:run(136)) - There are 3 nodes tracked for decommission and maintenance. 0 pending nodes.
2020-12-30 01:57:45,753 [ContainerReplicationThread-1] INFO  replication.DownloadAndImportReplicator (DownloadAndImportReplicator.java:replicate(120)) - Container 1 is replicated successfully
2020-12-30 01:57:45,753 [ContainerReplicationThread-1] INFO  replication.ReplicationSupervisor (ReplicationSupervisor.java:run(146)) - Container 1 is replicated.
2020-12-30 01:57:46,283 [IPC Server handler 3 on default port 43765] INFO  node.SCMNodeManager (SCMNodeManager.java:updateDatanodeOpState(419)) - Scheduling a command to update the operationalState persisted on the datanode as the reported value (ENTERING_MAINTENANCE, 0) does not match the value stored in SCM (IN_MAINTENANCE, 0)
2020-12-30 01:57:46,311 [IPC Server handler 13 on default port 43765] INFO  node.SCMNodeManager (SCMNodeManager.java:updateDatanodeOpState(419)) - Scheduling a command to update the operationalState persisted on the datanode as the reported value (ENTERING_MAINTENANCE, 0) does not match the value stored in SCM (IN_MAINTENANCE, 0)
2020-12-30 01:57:46,331 [ReplicationMonitor] INFO  container.ReplicationManager (ReplicationManager.java:run(250)) - Replication Monitor Thread took 0 milliseconds for processing 4 containers.
2020-12-30 01:57:46,743 [DatanodeAdminManager-0] INFO  node.DatanodeAdminMonitorImpl (DatanodeAdminMonitorImpl.java:run(136)) - There are 3 nodes tracked for decommission and maintenance. 0 pending nodes.
2020-12-30 01:57:47,283 [IPC Server handler 4 on default port 43765] INFO  node.SCMNodeManager (SCMNodeManager.java:updateDatanodeOpState(419)) - Scheduling a command to update the operationalState persisted on the datanode as the reported value (ENTERING_MAINTENANCE, 0) does not match the value stored in SCM (IN_MAINTENANCE, 0)
2020-12-30 01:57:47,310 [IPC Server handler 13 on default port 43765] INFO  node.SCMNodeManager (SCMNodeManager.java:updateDatanodeOpState(419)) - Scheduling a command to update the operationalState persisted on the datanode as the reported value (ENTERING_MAINTENANCE, 0) does not match the value stored in SCM (IN_MAINTENANCE, 0)
2020-12-30 01:57:47,332 [ReplicationMonitor] INFO  container.ReplicationManager (ReplicationManager.java:run(250)) - Replication Monitor Thread took 0 milliseconds for processing 4 containers.
2020-12-30 01:57:47,743 [DatanodeAdminManager-0] INFO  node.DatanodeAdminMonitorImpl (DatanodeAdminMonitorImpl.java:run(136)) - There are 3 nodes tracked for decommission and maintenance. 0 pending nodes.
2020-12-30 01:57:48,332 [ReplicationMonitor] INFO  container.ReplicationManager (ReplicationManager.java:run(250)) - Replication Monitor Thread took 1 milliseconds for processing 4 containers.
2020-12-30 01:57:48,412 [Listener at 127.0.0.1/41627] INFO  ozone.MiniOzoneClusterImpl (MiniOzoneClusterImpl.java:shutdown(388)) - Shutting down the Mini Ozone Cluster
2020-12-30 01:57:48,412 [Listener at 127.0.0.1/41627] INFO  ozone.MiniOzoneClusterImpl (MiniOzoneClusterImpl.java:stop(403)) - Stopping the Mini Ozone Cluster
2020-12-30 01:57:48,412 [Listener at 127.0.0.1/41627] INFO  ozone.MiniOzoneClusterImpl (MiniOzoneClusterImpl.java:stopOM(485)) - Stopping the OzoneManager
2020-12-30 01:57:48,414 [Listener at 127.0.0.1/41627] INFO  ipc.Server (Server.java:stop(3359)) - Stopping server on 41627
2020-12-30 01:57:48,416 [IPC Server listener on 0] INFO  ipc.Server (Server.java:run(1330)) - Stopping IPC Server listener on 0
2020-12-30 01:57:48,418 [IPC Server Responder] INFO  ipc.Server (Server.java:run(1465)) - Stopping IPC Server Responder
2020-12-30 01:57:48,418 [Listener at 127.0.0.1/41627] INFO  ratis.OzoneManagerDoubleBuffer (OzoneManagerDoubleBuffer.java:stop(457)) - Stopping OMDoubleBuffer flush thread
2020-12-30 01:57:48,418 [OMDoubleBufferFlushThread] INFO  ratis.OzoneManagerDoubleBuffer (OzoneManagerDoubleBuffer.java:flushTransactions(356)) - OMDoubleBuffer flush thread OMDoubleBufferFlushThread is interrupted and will exit. OMDoubleBufferFlushThread
2020-12-30 01:57:48,419 [Listener at 127.0.0.1/41627] INFO  utils.BackgroundService (BackgroundService.java:shutdown(132)) - Shutting down service KeyDeletingService
2020-12-30 01:57:48,420 [Listener at 127.0.0.1/41627] INFO  handler.ContextHandler (ContextHandler.java:doStop(1154)) - Stopped o.e.j.w.WebAppContext@2de77ecf{ozoneManager,/,null,STOPPED}{file:/github/workspace/mnt/ozone/hadoop-ozone/integration-test/target/test-classes/webapps/ozoneManager}
2020-12-30 01:57:48,421 [Listener at 127.0.0.1/41627] INFO  server.AbstractConnector (AbstractConnector.java:doStop(381)) - Stopped ServerConnector@5ee29735{HTTP/1.1, (http/1.1)}{0.0.0.0:0}
2020-12-30 01:57:48,421 [Listener at 127.0.0.1/41627] INFO  server.session (HouseKeeper.java:stopScavenging(149)) - node0 Stopped scavenging
2020-12-30 01:57:48,421 [Listener at 127.0.0.1/41627] INFO  handler.ContextHandler (ContextHandler.java:doStop(1154)) - Stopped o.e.j.s.ServletContextHandler@17acd4c5{static,/static,file:///github/workspace/mnt/ozone/hadoop-ozone/integration-test/target/test-classes/webapps/static,STOPPED}
2020-12-30 01:57:48,422 [Listener at 127.0.0.1/41627] INFO  handler.ContextHandler (ContextHandler.java:doStop(1154)) - Stopped o.e.j.s.ServletContextHandler@796a1cd1{logs,/logs,file:///github/workspace/mnt/ozone/hadoop-ozone/integration-test/target/log,STOPPED}
2020-12-30 01:57:48,423 [Listener at 127.0.0.1/41627] INFO  ozone.MiniOzoneClusterImpl (MiniOzoneClusterImpl.java:stopDatanodes(462)) - Stopping the HddsDatanodes
2020-12-30 01:57:48,743 [DatanodeAdminManager-0] INFO  node.DatanodeAdminMonitorImpl (DatanodeAdminMonitorImpl.java:run(136)) - There are 3 nodes tracked for decommission and maintenance. 0 pending nodes.
2020-12-30 01:57:48,752 [Datanode State Machine Thread - 0] INFO  statemachine.DatanodeStateMachine (DatanodeStateMachine.java:lambda$startDaemon$0(408)) - Ozone container server started.
2020-12-30 01:57:49,282 [Datanode State Machine Thread - 0] INFO  statemachine.DatanodeStateMachine (DatanodeStateMachine.java:lambda$startDaemon$0(408)) - Ozone container server started.
2020-12-30 01:57:49,314 [Listener at 127.0.0.1/41627] INFO  ozoneimpl.OzoneContainer (OzoneContainer.java:stop(257)) - Attempting to stop container services.
2020-12-30 01:57:49,314 [Listener at 127.0.0.1/41627] INFO  server.RaftServer (RaftServerProxy.java:lambda$close$6(387)) - 259e8d3c-ac3a-47ce-8b98-4ae0c616001a: close
2020-12-30 01:57:49,314 [Listener at 127.0.0.1/41627] INFO  server.GrpcService (GrpcService.java:closeImpl(184)) - 259e8d3c-ac3a-47ce-8b98-4ae0c616001a: shutdown server with port 39593 now
2020-12-30 01:57:49,316 [Listener at 127.0.0.1/41627] INFO  server.GrpcService (GrpcService.java:closeImpl(193)) - 259e8d3c-ac3a-47ce-8b98-4ae0c616001a: shutdown server with port 39593 successfully
2020-12-30 01:57:49,316 [org.apache.ratis.util.JvmPauseMonitor$$Lambda$222/1498935240@38e17c16] INFO  util.JvmPauseMonitor (JvmPauseMonitor.java:run(109)) - JvmPauseMonitor-259e8d3c-ac3a-47ce-8b98-4ae0c616001a: Stopped
2020-12-30 01:57:49,318 [Listener at 127.0.0.1/41627] INFO  utils.BackgroundService (BackgroundService.java:shutdown(132)) - Shutting down service BlockDeletingService
2020-12-30 01:57:49,320 [Listener at 127.0.0.1/41627] INFO  statemachine.DatanodeStateMachine (DatanodeStateMachine.java:stopDaemon(461)) - Ozone container server stopped.
2020-12-30 01:57:49,327 [Listener at 127.0.0.1/41627] INFO  handler.ContextHandler (ContextHandler.java:doStop(1154)) - Stopped o.e.j.w.WebAppContext@42f814cd{hddsDatanode,/,null,STOPPED}{jar:file:/home/user/.m2/repository/org/apache/hadoop/hadoop-hdds-container-service/1.1.0-SNAPSHOT/hadoop-hdds-container-service-1.1.0-SNAPSHOT.jar!/webapps/hddsDatanode}
2020-12-30 01:57:49,328 [Listener at 127.0.0.1/41627] INFO  server.AbstractConnector (AbstractConnector.java:doStop(381)) - Stopped ServerConnector@52fe8d86{HTTP/1.1, (http/1.1)}{0.0.0.0:0}
2020-12-30 01:57:49,328 [Listener at 127.0.0.1/41627] INFO  server.session (HouseKeeper.java:stopScavenging(149)) - node0 Stopped scavenging
2020-12-30 01:57:49,329 [Listener at 127.0.0.1/41627] INFO  handler.ContextHandler (ContextHandler.java:doStop(1154)) - Stopped o.e.j.s.ServletContextHandler@7f8d4ff4{static,/static,jar:file:/home/user/.m2/repository/org/apache/hadoop/hadoop-hdds-container-service/1.1.0-SNAPSHOT/hadoop-hdds-container-service-1.1.0-SNAPSHOT.jar!/webapps/static,STOPPED}
2020-12-30 01:57:49,329 [Listener at 127.0.0.1/41627] INFO  handler.ContextHandler (ContextHandler.java:doStop(1154)) - Stopped o.e.j.s.ServletContextHandler@66325a4d{logs,/logs,file:///github/workspace/mnt/ozone/hadoop-ozone/integration-test/target/log,STOPPED}
2020-12-30 01:57:49,333 [ReplicationMonitor] INFO  container.ReplicationManager (ReplicationManager.java:run(250)) - Replication Monitor Thread took 0 milliseconds for processing 4 containers.
2020-12-30 01:57:49,743 [DatanodeAdminManager-0] INFO  node.DatanodeAdminMonitorImpl (DatanodeAdminMonitorImpl.java:run(136)) - There are 3 nodes tracked for decommission and maintenance. 0 pending nodes.
2020-12-30 01:57:49,792 [ForkJoinPool.commonPool-worker-0] INFO  ozoneimpl.OzoneContainer (OzoneContainer.java:stop(257)) - Attempting to stop container services.
2020-12-30 01:57:49,792 [ForkJoinPool.commonPool-worker-0] INFO  server.RaftServer (RaftServerProxy.java:lambda$close$6(387)) - e4eaa117-0301-47df-aa31-ee25e619f23c: close
2020-12-30 01:57:49,792 [ForkJoinPool.commonPool-worker-0] INFO  server.RaftServer$Division (RaftServerImpl.java:lambda$close$4(397)) - e4eaa117-0301-47df-aa31-ee25e619f23c@group-A25ABE508CB7: shutdown
2020-12-30 01:57:49,793 [ForkJoinPool.commonPool-worker-0] INFO  util.JmxRegister (JmxRegister.java:unregister(73)) - Successfully un-registered JMX Bean with object name Ratis:service=RaftServer,group=group-A25ABE508CB7,id=e4eaa117-0301-47df-aa31-ee25e619f23c
2020-12-30 01:57:49,793 [ForkJoinPool.commonPool-worker-0] INFO  impl.RoleInfo (RoleInfo.java:shutdownFollowerState(108)) - e4eaa117-0301-47df-aa31-ee25e619f23c: shutdown e4eaa117-0301-47df-aa31-ee25e619f23c@group-A25ABE508CB7-FollowerState
2020-12-30 01:57:49,793 [ForkJoinPool.commonPool-worker-0] INFO  impl.StateMachineUpdater (StateMachineUpdater.java:stopAndJoin(148)) - e4eaa117-0301-47df-aa31-ee25e619f23c@group-A25ABE508CB7-StateMachineUpdater: set stopIndex = 35
2020-12-30 01:57:49,793 [e4eaa117-0301-47df-aa31-ee25e619f23c@group-A25ABE508CB7-StateMachineUpdater] INFO  ratis.ContainerStateMachine (ContainerStateMachine.java:takeSnapshot(291)) - group-A25ABE508CB7: Taking a snapshot at:(t:1, i:35) file /github/workspace/mnt/ozone/hadoop-ozone/integration-test/target/test-dir/MiniOzoneClusterImpl-885a2ac6-dd28-4da4-9cce-7871c001d77b/datanode-1/data/ratis/f5144d4e-4954-47c8-8078-a25abe508cb7/sm/snapshot.1_35
2020-12-30 01:57:49,793 [Thread-851] INFO  impl.FollowerState (FollowerState.java:run(142)) - e4eaa117-0301-47df-aa31-ee25e619f23c@group-A25ABE508CB7-FollowerState was interrupted: {}
java.lang.InterruptedException: sleep interrupted
	at java.lang.Thread.sleep(Native Method)
	at java.lang.Thread.sleep(Thread.java:340)
	at java.util.concurrent.TimeUnit.sleep(TimeUnit.java:386)
	at org.apache.ratis.util.TimeDuration.sleep(TimeDuration.java:319)
	at org.apache.ratis.util.TimeDuration.sleep(TimeDuration.java:304)
	at org.apache.ratis.server.impl.FollowerState.run(FollowerState.java:117)
2020-12-30 01:57:49,795 [e4eaa117-0301-47df-aa31-ee25e619f23c@group-A25ABE508CB7-StateMachineUpdater] INFO  ratis.ContainerStateMachine (ContainerStateMachine.java:takeSnapshot(302)) - group-A25ABE508CB7: Finished taking a snapshot at:(t:1, i:35) file:/github/workspace/mnt/ozone/hadoop-ozone/integration-test/target/test-dir/MiniOzoneClusterImpl-885a2ac6-dd28-4da4-9cce-7871c001d77b/datanode-1/data/ratis/f5144d4e-4954-47c8-8078-a25abe508cb7/sm/snapshot.1_35 time:3
2020-12-30 01:57:49,796 [e4eaa117-0301-47df-aa31-ee25e619f23c@group-A25ABE508CB7-StateMachineUpdater] INFO  impl.StateMachineUpdater (StateMachineUpdater.java:takeSnapshot(279)) - e4eaa117-0301-47df-aa31-ee25e619f23c@group-A25ABE508CB7-StateMachineUpdater: Took a snapshot at index 35
2020-12-30 01:57:49,796 [e4eaa117-0301-47df-aa31-ee25e619f23c@group-A25ABE508CB7-StateMachineUpdater] INFO  impl.StateMachineUpdater (StateMachineUpdater.java:lambda$new$0(88)) - e4eaa117-0301-47df-aa31-ee25e619f23c@group-A25ABE508CB7-StateMachineUpdater: snapshotIndex: updateIncreasingly -1 -> 35
2020-12-30 01:57:49,796 [e4eaa117-0301-47df-aa31-ee25e619f23c@group-A25ABE508CB7-StateMachineUpdater] INFO  metrics.RatisMetrics (RatisMetrics.java:unregister(43)) - Unregistering Metrics Registry : ratis.state_machine.e4eaa117-0301-47df-aa31-ee25e619f23c@group-A25ABE508CB7
2020-12-30 01:57:49,796 [ForkJoinPool.commonPool-worker-0] INFO  server.RaftServer$Division (ServerState.java:close(406)) - e4eaa117-0301-47df-aa31-ee25e619f23c@group-A25ABE508CB7: closes. applyIndex: 35
2020-12-30 01:57:49,797 [e4eaa117-0301-47df-aa31-ee25e619f23c@group-A25ABE508CB7-SegmentedRaftLogWorker] INFO  segmented.SegmentedRaftLogWorker (SegmentedRaftLogWorker.java:run(326)) - e4eaa117-0301-47df-aa31-ee25e619f23c@group-A25ABE508CB7-SegmentedRaftLogWorker was interrupted, exiting. There are 0 tasks remaining in the queue.
2020-12-30 01:57:49,797 [ForkJoinPool.commonPool-worker-0] INFO  segmented.SegmentedRaftLogWorker (SegmentedRaftLogWorker.java:close(236)) - e4eaa117-0301-47df-aa31-ee25e619f23c@group-A25ABE508CB7-SegmentedRaftLogWorker close()
2020-12-30 01:57:49,797 [ForkJoinPool.commonPool-worker-0] INFO  metrics.RatisMetrics (RatisMetrics.java:unregister(43)) - Unregistering Metrics Registry : ratis.log_worker.e4eaa117-0301-47df-aa31-ee25e619f23c@group-A25ABE508CB7
2020-12-30 01:57:49,797 [ForkJoinPool.commonPool-worker-0] INFO  metrics.RatisMetrics (RatisMetrics.java:unregister(43)) - Unregistering Metrics Registry : ratis.leader_election.e4eaa117-0301-47df-aa31-ee25e619f23c@group-A25ABE508CB7
2020-12-30 01:57:49,797 [ForkJoinPool.commonPool-worker-0] INFO  metrics.RatisMetrics (RatisMetrics.java:unregister(43)) - Unregistering Metrics Registry : ratis.server.e4eaa117-0301-47df-aa31-ee25e619f23c@group-A25ABE508CB7
2020-12-30 01:57:49,797 [ForkJoinPool.commonPool-worker-0] INFO  server.RaftServer$Division (RaftServerImpl.java:lambda$close$4(397)) - e4eaa117-0301-47df-aa31-ee25e619f23c@group-BDE0A5A2D0C2: shutdown
2020-12-30 01:57:49,797 [ForkJoinPool.commonPool-worker-0] INFO  util.JmxRegister (JmxRegister.java:unregister(73)) - Successfully un-registered JMX Bean with object name Ratis:service=RaftServer,group=group-BDE0A5A2D0C2,id=e4eaa117-0301-47df-aa31-ee25e619f23c
2020-12-30 01:57:49,797 [ForkJoinPool.commonPool-worker-0] INFO  impl.RoleInfo (RoleInfo.java:shutdownLeaderState(91)) - e4eaa117-0301-47df-aa31-ee25e619f23c: shutdown e4eaa117-0301-47df-aa31-ee25e619f23c@group-BDE0A5A2D0C2-LeaderStateImpl
2020-12-30 01:57:49,798 [ForkJoinPool.commonPool-worker-0] INFO  impl.PendingRequests (PendingRequests.java:sendNotLeaderResponses(249)) - e4eaa117-0301-47df-aa31-ee25e619f23c@group-BDE0A5A2D0C2-PendingRequests: sendNotLeaderResponses
2020-12-30 01:57:49,798 [ForkJoinPool.commonPool-worker-0] INFO  metrics.RatisMetrics (RatisMetrics.java:unregister(43)) - Unregistering Metrics Registry : ratis.log_appender.e4eaa117-0301-47df-aa31-ee25e619f23c@group-BDE0A5A2D0C2
2020-12-30 01:57:49,798 [ForkJoinPool.commonPool-worker-0] INFO  metrics.RatisMetrics (RatisMetrics.java:unregister(43)) - Unregistering Metrics Registry : ratis.server.e4eaa117-0301-47df-aa31-ee25e619f23c@group-BDE0A5A2D0C2
2020-12-30 01:57:49,798 [ForkJoinPool.commonPool-worker-0] INFO  impl.StateMachineUpdater (StateMachineUpdater.java:stopAndJoin(148)) - e4eaa117-0301-47df-aa31-ee25e619f23c@group-BDE0A5A2D0C2-StateMachineUpdater: set stopIndex = 0
2020-12-30 01:57:49,798 [e4eaa117-0301-47df-aa31-ee25e619f23c@group-BDE0A5A2D0C2-StateMachineUpdater] INFO  ratis.ContainerStateMachine (ContainerStateMachine.java:takeSnapshot(291)) - group-BDE0A5A2D0C2: Taking a snapshot at:(t:1, i:0) file /github/workspace/mnt/ozone/hadoop-ozone/integration-test/target/test-dir/MiniOzoneClusterImpl-885a2ac6-dd28-4da4-9cce-7871c001d77b/datanode-1/data/ratis/87e5fa33-fbb2-47e9-a819-bde0a5a2d0c2/sm/snapshot.1_0
2020-12-30 01:57:49,799 [e4eaa117-0301-47df-aa31-ee25e619f23c@group-BDE0A5A2D0C2-StateMachineUpdater] INFO  ratis.ContainerStateMachine (ContainerStateMachine.java:takeSnapshot(302)) - group-BDE0A5A2D0C2: Finished taking a snapshot at:(t:1, i:0) file:/github/workspace/mnt/ozone/hadoop-ozone/integration-test/target/test-dir/MiniOzoneClusterImpl-885a2ac6-dd28-4da4-9cce-7871c001d77b/datanode-1/data/ratis/87e5fa33-fbb2-47e9-a819-bde0a5a2d0c2/sm/snapshot.1_0 time:1
2020-12-30 01:57:49,799 [e4eaa117-0301-47df-aa31-ee25e619f23c@group-BDE0A5A2D0C2-StateMachineUpdater] INFO  impl.StateMachineUpdater (StateMachineUpdater.java:takeSnapshot(279)) - e4eaa117-0301-47df-aa31-ee25e619f23c@group-BDE0A5A2D0C2-StateMachineUpdater: Took a snapshot at index 0
2020-12-30 01:57:49,799 [e4eaa117-0301-47df-aa31-ee25e619f23c@group-BDE0A5A2D0C2-StateMachineUpdater] INFO  impl.StateMachineUpdater (StateMachineUpdater.java:lambda$new$0(88)) - e4eaa117-0301-47df-aa31-ee25e619f23c@group-BDE0A5A2D0C2-StateMachineUpdater: snapshotIndex: updateIncreasingly -1 -> 0
2020-12-30 01:57:49,799 [e4eaa117-0301-47df-aa31-ee25e619f23c@group-BDE0A5A2D0C2-StateMachineUpdater] INFO  metrics.RatisMetrics (RatisMetrics.java:unregister(43)) - Unregistering Metrics Registry : ratis.state_machine.e4eaa117-0301-47df-aa31-ee25e619f23c@group-BDE0A5A2D0C2
2020-12-30 01:57:49,801 [ForkJoinPool.commonPool-worker-0] INFO  server.RaftServer$Division (ServerState.java:close(406)) - e4eaa117-0301-47df-aa31-ee25e619f23c@group-BDE0A5A2D0C2: closes. applyIndex: 0
2020-12-30 01:57:49,801 [e4eaa117-0301-47df-aa31-ee25e619f23c@group-BDE0A5A2D0C2-SegmentedRaftLogWorker] INFO  segmented.SegmentedRaftLogWorker (SegmentedRaftLogWorker.java:run(326)) - e4eaa117-0301-47df-aa31-ee25e619f23c@group-BDE0A5A2D0C2-SegmentedRaftLogWorker was interrupted, exiting. There are 0 tasks remaining in the queue.
2020-12-30 01:57:49,802 [ForkJoinPool.commonPool-worker-0] INFO  segmented.SegmentedRaftLogWorker (SegmentedRaftLogWorker.java:close(236)) - e4eaa117-0301-47df-aa31-ee25e619f23c@group-BDE0A5A2D0C2-SegmentedRaftLogWorker close()
2020-12-30 01:57:49,802 [ForkJoinPool.commonPool-worker-0] INFO  metrics.RatisMetrics (RatisMetrics.java:unregister(43)) - Unregistering Metrics Registry : ratis.log_worker.e4eaa117-0301-47df-aa31-ee25e619f23c@group-BDE0A5A2D0C2
2020-12-30 01:57:49,802 [ForkJoinPool.commonPool-worker-0] INFO  metrics.RatisMetrics (RatisMetrics.java:unregister(43)) - Unregistering Metrics Registry : ratis.leader_election.e4eaa117-0301-47df-aa31-ee25e619f23c@group-BDE0A5A2D0C2
2020-12-30 01:57:49,802 [ForkJoinPool.commonPool-worker-0] INFO  metrics.RatisMetrics (RatisMetrics.java:unregister(43)) - Unregistering Metrics Registry : ratis.server.e4eaa117-0301-47df-aa31-ee25e619f23c@group-BDE0A5A2D0C2
2020-12-30 01:57:49,802 [ForkJoinPool.commonPool-worker-0] INFO  server.GrpcService (GrpcService.java:closeImpl(184)) - e4eaa117-0301-47df-aa31-ee25e619f23c: shutdown server with port 34769 now
2020-12-30 01:57:49,804 [ForkJoinPool.commonPool-worker-0] INFO  server.GrpcService (GrpcService.java:closeImpl(193)) - e4eaa117-0301-47df-aa31-ee25e619f23c: shutdown server with port 34769 successfully
2020-12-30 01:57:49,804 [grpc-default-executor-2] WARN  server.GrpcServerProtocolService (LogUtils.java:warn(122)) - e4eaa117-0301-47df-aa31-ee25e619f23c: installSnapshot onError, lastRequest: 3ab91bad-9694-4126-92ff-ecec9fe4c4aa->e4eaa117-0301-47df-aa31-ee25e619f23c#610-t1,previous=(t:1, i:34),leaderCommit=34,initializing? true,entries: size=1, first=(t:1, i:35), METADATAENTRY(c:34): org.apache.ratis.thirdparty.io.grpc.StatusRuntimeException: CANCELLED: cancelled before receiving half close
2020-12-30 01:57:49,805 [org.apache.ratis.util.JvmPauseMonitor$$Lambda$222/1498935240@17100ef1] INFO  util.JvmPauseMonitor (JvmPauseMonitor.java:run(109)) - JvmPauseMonitor-e4eaa117-0301-47df-aa31-ee25e619f23c: Stopped
2020-12-30 01:57:49,807 [grpc-default-executor-2] WARN  server.GrpcLogAppender (LogUtils.java:warn(122)) - 3ab91bad-9694-4126-92ff-ecec9fe4c4aa@group-A25ABE508CB7->e4eaa117-0301-47df-aa31-ee25e619f23c-AppendLogResponseHandler: Failed appendEntries: org.apache.ratis.thirdparty.io.grpc.StatusRuntimeException: CANCELLED: HTTP/2 error code: CANCEL
Received Rst Stream
2020-12-30 01:57:49,807 [grpc-default-executor-2] INFO  leader.FollowerInfo (FollowerInfoImpl.java:lambda$new$0(46)) - 3ab91bad-9694-4126-92ff-ecec9fe4c4aa@group-A25ABE508CB7->e4eaa117-0301-47df-aa31-ee25e619f23c: nextIndex: updateUnconditionally 36 -> 35
2020-12-30 01:57:49,809 [ForkJoinPool.commonPool-worker-0] INFO  utils.BackgroundService (BackgroundService.java:shutdown(132)) - Shutting down service BlockDeletingService
2020-12-30 01:57:49,810 [ForkJoinPool.commonPool-worker-0] INFO  statemachine.DatanodeStateMachine (DatanodeStateMachine.java:stopDaemon(461)) - Ozone container server stopped.
2020-12-30 01:57:49,817 [grpc-default-executor-1] WARN  server.GrpcLogAppender (LogUtils.java:warn(122)) - 3ab91bad-9694-4126-92ff-ecec9fe4c4aa@group-A25ABE508CB7->e4eaa117-0301-47df-aa31-ee25e619f23c-AppendLogResponseHandler: Failed appendEntries: org.apache.ratis.thirdparty.io.grpc.StatusRuntimeException: UNAVAILABLE: io exception
2020-12-30 01:57:49,817 [grpc-default-executor-1] INFO  leader.FollowerInfo (FollowerInfoImpl.java:lambda$new$0(46)) - 3ab91bad-9694-4126-92ff-ecec9fe4c4aa@group-A25ABE508CB7->e4eaa117-0301-47df-aa31-ee25e619f23c: nextIndex: updateUnconditionally 36 -> 35
2020-12-30 01:57:49,825 [ForkJoinPool.commonPool-worker-0] INFO  handler.ContextHandler (ContextHandler.java:doStop(1154)) - Stopped o.e.j.w.WebAppContext@21e827c8{hddsDatanode,/,null,STOPPED}{jar:file:/home/user/.m2/repository/org/apache/hadoop/hadoop-hdds-container-service/1.1.0-SNAPSHOT/hadoop-hdds-container-service-1.1.0-SNAPSHOT.jar!/webapps/hddsDatanode}
2020-12-30 01:57:49,826 [ForkJoinPool.commonPool-worker-0] INFO  server.AbstractConnector (AbstractConnector.java:doStop(381)) - Stopped ServerConnector@598de6bf{HTTP/1.1, (http/1.1)}{0.0.0.0:0}
2020-12-30 01:57:49,826 [ForkJoinPool.commonPool-worker-0] INFO  server.session (HouseKeeper.java:stopScavenging(149)) - node0 Stopped scavenging
2020-12-30 01:57:49,826 [ForkJoinPool.commonPool-worker-0] INFO  handler.ContextHandler (ContextHandler.java:doStop(1154)) - Stopped o.e.j.s.ServletContextHandler@de58d71{static,/static,jar:file:/home/user/.m2/repository/org/apache/hadoop/hadoop-hdds-container-service/1.1.0-SNAPSHOT/hadoop-hdds-container-service-1.1.0-SNAPSHOT.jar!/webapps/static,STOPPED}
2020-12-30 01:57:49,827 [ForkJoinPool.commonPool-worker-0] INFO  handler.ContextHandler (ContextHandler.java:doStop(1154)) - Stopped o.e.j.s.ServletContextHandler@7497471b{logs,/logs,file:///github/workspace/mnt/ozone/hadoop-ozone/integration-test/target/log,STOPPED}
2020-12-30 01:57:50,066 [Datanode State Machine Thread - 0] INFO  statemachine.DatanodeStateMachine (DatanodeStateMachine.java:lambda$startDaemon$0(408)) - Ozone container server started.
2020-12-30 01:57:50,067 [Listener at 127.0.0.1/41627] INFO  ozoneimpl.OzoneContainer (OzoneContainer.java:stop(257)) - Attempting to stop container services.
2020-12-30 01:57:50,068 [Listener at 127.0.0.1/41627] INFO  server.RaftServer (RaftServerProxy.java:lambda$close$6(387)) - 2c3d9932-485f-47f8-8613-8bedf6c861f7: close
2020-12-30 01:57:50,068 [Listener at 127.0.0.1/41627] INFO  server.GrpcService (GrpcService.java:closeImpl(184)) - 2c3d9932-485f-47f8-8613-8bedf6c861f7: shutdown server with port 36507 now
2020-12-30 01:57:50,070 [Listener at 127.0.0.1/41627] INFO  server.GrpcService (GrpcService.java:closeImpl(193)) - 2c3d9932-485f-47f8-8613-8bedf6c861f7: shutdown server with port 36507 successfully
2020-12-30 01:57:50,070 [org.apache.ratis.util.JvmPauseMonitor$$Lambda$222/1498935240@5586789b] INFO  util.JvmPauseMonitor (JvmPauseMonitor.java:run(109)) - JvmPauseMonitor-2c3d9932-485f-47f8-8613-8bedf6c861f7: Stopped
2020-12-30 01:57:50,072 [Listener at 127.0.0.1/41627] INFO  utils.BackgroundService (BackgroundService.java:shutdown(132)) - Shutting down service BlockDeletingService
2020-12-30 01:57:50,075 [Listener at 127.0.0.1/41627] INFO  statemachine.DatanodeStateMachine (DatanodeStateMachine.java:stopDaemon(461)) - Ozone container server stopped.
2020-12-30 01:57:50,084 [Listener at 127.0.0.1/41627] INFO  handler.ContextHandler (ContextHandler.java:doStop(1154)) - Stopped o.e.j.w.WebAppContext@60bd7262{hddsDatanode,/,null,STOPPED}{jar:file:/home/user/.m2/repository/org/apache/hadoop/hadoop-hdds-container-service/1.1.0-SNAPSHOT/hadoop-hdds-container-service-1.1.0-SNAPSHOT.jar!/webapps/hddsDatanode}
2020-12-30 01:57:50,084 [Listener at 127.0.0.1/41627] INFO  server.AbstractConnector (AbstractConnector.java:doStop(381)) - Stopped ServerConnector@3d59a887{HTTP/1.1, (http/1.1)}{0.0.0.0:0}
2020-12-30 01:57:50,084 [Listener at 127.0.0.1/41627] INFO  server.session (HouseKeeper.java:stopScavenging(149)) - node0 Stopped scavenging
2020-12-30 01:57:50,085 [Listener at 127.0.0.1/41627] INFO  handler.ContextHandler (ContextHandler.java:doStop(1154)) - Stopped o.e.j.s.ServletContextHandler@7c53d3c{static,/static,jar:file:/home/user/.m2/repository/org/apache/hadoop/hadoop-hdds-container-service/1.1.0-SNAPSHOT/hadoop-hdds-container-service-1.1.0-SNAPSHOT.jar!/webapps/static,STOPPED}
2020-12-30 01:57:50,085 [Listener at 127.0.0.1/41627] INFO  handler.ContextHandler (ContextHandler.java:doStop(1154)) - Stopped o.e.j.s.ServletContextHandler@223459f{logs,/logs,file:///github/workspace/mnt/ozone/hadoop-ozone/integration-test/target/log,STOPPED}
2020-12-30 01:57:50,304 [Datanode State Machine Thread - 0] INFO  statemachine.DatanodeStateMachine (DatanodeStateMachine.java:lambda$startDaemon$0(408)) - Ozone container server started.
2020-12-30 01:57:50,334 [ReplicationMonitor] INFO  container.ReplicationManager (ReplicationManager.java:run(250)) - Replication Monitor Thread took 0 milliseconds for processing 4 containers.
2020-12-30 01:57:50,684 [Datanode State Machine Thread - 0] INFO  statemachine.DatanodeStateMachine (DatanodeStateMachine.java:lambda$startDaemon$0(408)) - Ozone container server started.
2020-12-30 01:57:50,743 [DatanodeAdminManager-0] INFO  node.DatanodeAdminMonitorImpl (DatanodeAdminMonitorImpl.java:run(136)) - There are 3 nodes tracked for decommission and maintenance. 0 pending nodes.
2020-12-30 01:57:50,826 [EventQueue-StaleNodeForStaleNodeHandler] INFO  node.StaleNodeHandler (StaleNodeHandler.java:onMessage(58)) - Datanode e4eaa117-0301-47df-aa31-ee25e619f23c{ip: 172.17.0.2, host: e0a7f95c34ff, networkLocation: /default-rack, certSerialId: null, persistedOpState: IN_SERVICE, persistedOpStateExpiryEpochSec: 0} moved to stale state. Finalizing its pipelines [PipelineID=f5144d4e-4954-47c8-8078-a25abe508cb7, PipelineID=87e5fa33-fbb2-47e9-a819-bde0a5a2d0c2]
2020-12-30 01:57:50,826 [EventQueue-StaleNodeForStaleNodeHandler] INFO  pipeline.SCMPipelineManager (SCMPipelineManager.java:finalizeAndDestroyPipeline(482)) - Destroying pipeline:Pipeline[ Id: f5144d4e-4954-47c8-8078-a25abe508cb7, Nodes: e4eaa117-0301-47df-aa31-ee25e619f23c{ip: 172.17.0.2, host: e0a7f95c34ff, networkLocation: /default-rack, certSerialId: null, persistedOpState: IN_SERVICE, persistedOpStateExpiryEpochSec: 0}52321763-3f6c-4ae6-8c1d-9758e235c7cc{ip: 172.17.0.2, host: e0a7f95c34ff, networkLocation: /default-rack, certSerialId: null, persistedOpState: IN_SERVICE, persistedOpStateExpiryEpochSec: 0}3ab91bad-9694-4126-92ff-ecec9fe4c4aa{ip: 172.17.0.2, host: e0a7f95c34ff, networkLocation: /default-rack, certSerialId: null, persistedOpState: IN_SERVICE, persistedOpStateExpiryEpochSec: 0}, Type:RATIS, Factor:THREE, State:OPEN, leaderId:3ab91bad-9694-4126-92ff-ecec9fe4c4aa, CreationTimestamp2020-12-30T01:57:17.518Z]
2020-12-30 01:57:50,826 [EventQueue-StaleNodeForStaleNodeHandler] INFO  pipeline.PipelineStateManager (PipelineStateManager.java:finalizePipeline(121)) - Pipeline Pipeline[ Id: f5144d4e-4954-47c8-8078-a25abe508cb7, Nodes: e4eaa117-0301-47df-aa31-ee25e619f23c{ip: 172.17.0.2, host: e0a7f95c34ff, networkLocation: /default-rack, certSerialId: null, persistedOpState: IN_SERVICE, persistedOpStateExpiryEpochSec: 0}52321763-3f6c-4ae6-8c1d-9758e235c7cc{ip: 172.17.0.2, host: e0a7f95c34ff, networkLocation: /default-rack, certSerialId: null, persistedOpState: IN_SERVICE, persistedOpStateExpiryEpochSec: 0}3ab91bad-9694-4126-92ff-ecec9fe4c4aa{ip: 172.17.0.2, host: e0a7f95c34ff, networkLocation: /default-rack, certSerialId: null, persistedOpState: IN_SERVICE, persistedOpStateExpiryEpochSec: 0}, Type:RATIS, Factor:THREE, State:CLOSED, leaderId:3ab91bad-9694-4126-92ff-ecec9fe4c4aa, CreationTimestamp2020-12-30T01:57:17.518Z] moved to CLOSED state
2020-12-30 01:57:50,826 [EventQueue-StaleNodeForStaleNodeHandler] INFO  pipeline.SCMPipelineManager (SCMPipelineManager.java:finalizeAndDestroyPipeline(482)) - Destroying pipeline:Pipeline[ Id: 87e5fa33-fbb2-47e9-a819-bde0a5a2d0c2, Nodes: e4eaa117-0301-47df-aa31-ee25e619f23c{ip: 172.17.0.2, host: e0a7f95c34ff, networkLocation: /default-rack, certSerialId: null, persistedOpState: IN_SERVICE, persistedOpStateExpiryEpochSec: 0}, Type:RATIS, Factor:ONE, State:OPEN, leaderId:e4eaa117-0301-47df-aa31-ee25e619f23c, CreationTimestamp2020-12-30T01:57:17.337Z]
2020-12-30 01:57:50,827 [EventQueue-StaleNodeForStaleNodeHandler] INFO  pipeline.PipelineStateManager (PipelineStateManager.java:finalizePipeline(121)) - Pipeline Pipeline[ Id: 87e5fa33-fbb2-47e9-a819-bde0a5a2d0c2, Nodes: e4eaa117-0301-47df-aa31-ee25e619f23c{ip: 172.17.0.2, host: e0a7f95c34ff, networkLocation: /default-rack, certSerialId: null, persistedOpState: IN_SERVICE, persistedOpStateExpiryEpochSec: 0}, Type:RATIS, Factor:ONE, State:CLOSED, leaderId:e4eaa117-0301-47df-aa31-ee25e619f23c, CreationTimestamp2020-12-30T01:57:17.337Z] moved to CLOSED state
2020-12-30 01:57:50,827 [EventQueue-CloseContainerForCloseContainerEventHandler] INFO  container.CloseContainerEventHandler (CloseContainerEventHandler.java:onMessage(61)) - Close container Event triggered for container : #3
2020-12-30 01:57:50,828 [EventQueue-CloseContainerForCloseContainerEventHandler] INFO  container.CloseContainerEventHandler (CloseContainerEventHandler.java:onMessage(61)) - Close container Event triggered for container : #4
2020-12-30 01:57:50,896 [Listener at 127.0.0.1/41627] INFO  ozoneimpl.OzoneContainer (OzoneContainer.java:stop(257)) - Attempting to stop container services.
2020-12-30 01:57:50,897 [Listener at 127.0.0.1/41627] INFO  server.RaftServer (RaftServerProxy.java:lambda$close$6(387)) - 4132dfcc-dfb3-46cd-b45d-65c38fbb9d85: close
2020-12-30 01:57:50,897 [Listener at 127.0.0.1/41627] INFO  server.GrpcService (GrpcService.java:closeImpl(184)) - 4132dfcc-dfb3-46cd-b45d-65c38fbb9d85: shutdown server with port 46769 now
2020-12-30 01:57:50,898 [grpc-default-executor-2] WARN  client.GrpcClientProtocolService (LogUtils.java:warn(122)) - 1-UnorderedRequestStreamObserver1: onError: org.apache.ratis.thirdparty.io.grpc.StatusRuntimeException: CANCELLED: cancelled before receiving half close
2020-12-30 01:57:50,900 [Listener at 127.0.0.1/41627] INFO  server.GrpcService (GrpcService.java:closeImpl(193)) - 4132dfcc-dfb3-46cd-b45d-65c38fbb9d85: shutdown server with port 46769 successfully
2020-12-30 01:57:50,900 [org.apache.ratis.util.JvmPauseMonitor$$Lambda$222/1498935240@11c90e3] INFO  util.JvmPauseMonitor (JvmPauseMonitor.java:run(109)) - JvmPauseMonitor-4132dfcc-dfb3-46cd-b45d-65c38fbb9d85: Stopped
2020-12-30 01:57:50,901 [Listener at 127.0.0.1/41627] INFO  utils.BackgroundService (BackgroundService.java:shutdown(132)) - Shutting down service BlockDeletingService
2020-12-30 01:57:50,902 [Listener at 127.0.0.1/41627] INFO  statemachine.DatanodeStateMachine (DatanodeStateMachine.java:stopDaemon(461)) - Ozone container server stopped.
2020-12-30 01:57:50,909 [Listener at 127.0.0.1/41627] INFO  handler.ContextHandler (ContextHandler.java:doStop(1154)) - Stopped o.e.j.w.WebAppContext@1a4e3cbb{hddsDatanode,/,null,STOPPED}{jar:file:/home/user/.m2/repository/org/apache/hadoop/hadoop-hdds-container-service/1.1.0-SNAPSHOT/hadoop-hdds-container-service-1.1.0-SNAPSHOT.jar!/webapps/hddsDatanode}
2020-12-30 01:57:50,909 [Listener at 127.0.0.1/41627] INFO  server.AbstractConnector (AbstractConnector.java:doStop(381)) - Stopped ServerConnector@4cc3e43d{HTTP/1.1, (http/1.1)}{0.0.0.0:0}
2020-12-30 01:57:50,910 [Listener at 127.0.0.1/41627] INFO  server.session (HouseKeeper.java:stopScavenging(149)) - node0 Stopped scavenging
2020-12-30 01:57:50,910 [Listener at 127.0.0.1/41627] INFO  handler.ContextHandler (ContextHandler.java:doStop(1154)) - Stopped o.e.j.s.ServletContextHandler@1079496c{static,/static,jar:file:/home/user/.m2/repository/org/apache/hadoop/hadoop-hdds-container-service/1.1.0-SNAPSHOT/hadoop-hdds-container-service-1.1.0-SNAPSHOT.jar!/webapps/static,STOPPED}
2020-12-30 01:57:50,910 [Listener at 127.0.0.1/41627] INFO  handler.ContextHandler (ContextHandler.java:doStop(1154)) - Stopped o.e.j.s.ServletContextHandler@ef10390{logs,/logs,file:///github/workspace/mnt/ozone/hadoop-ozone/integration-test/target/log,STOPPED}
2020-12-30 01:57:51,158 [ForkJoinPool.commonPool-worker-0] INFO  ozoneimpl.OzoneContainer (OzoneContainer.java:stop(257)) - Attempting to stop container services.
2020-12-30 01:57:51,158 [ForkJoinPool.commonPool-worker-0] INFO  server.RaftServer (RaftServerProxy.java:lambda$close$6(387)) - 3ab91bad-9694-4126-92ff-ecec9fe4c4aa: close
2020-12-30 01:57:51,158 [ForkJoinPool.commonPool-worker-0] INFO  server.RaftServer$Division (RaftServerImpl.java:lambda$close$4(397)) - 3ab91bad-9694-4126-92ff-ecec9fe4c4aa@group-A25ABE508CB7: shutdown
2020-12-30 01:57:51,159 [ForkJoinPool.commonPool-worker-0] INFO  util.JmxRegister (JmxRegister.java:unregister(73)) - Successfully un-registered JMX Bean with object name Ratis:service=RaftServer,group=group-A25ABE508CB7,id=3ab91bad-9694-4126-92ff-ecec9fe4c4aa
2020-12-30 01:57:51,159 [ForkJoinPool.commonPool-worker-0] INFO  impl.RoleInfo (RoleInfo.java:shutdownLeaderState(91)) - 3ab91bad-9694-4126-92ff-ecec9fe4c4aa: shutdown 3ab91bad-9694-4126-92ff-ecec9fe4c4aa@group-A25ABE508CB7-LeaderStateImpl
2020-12-30 01:57:51,159 [ForkJoinPool.commonPool-worker-0] INFO  metrics.RatisMetrics (RatisMetrics.java:unregister(43)) - Unregistering Metrics Registry : ratis_grpc.log_appender.3ab91bad-9694-4126-92ff-ecec9fe4c4aa@group-A25ABE508CB7
2020-12-30 01:57:51,159 [ForkJoinPool.commonPool-worker-0] INFO  metrics.RatisMetrics (RatisMetrics.java:unregister(43)) - Unregistering Metrics Registry : ratis_grpc.log_appender.3ab91bad-9694-4126-92ff-ecec9fe4c4aa@group-A25ABE508CB7
2020-12-30 01:57:51,159 [ForkJoinPool.commonPool-worker-0] INFO  impl.PendingRequests (PendingRequests.java:sendNotLeaderResponses(249)) - 3ab91bad-9694-4126-92ff-ecec9fe4c4aa@group-A25ABE508CB7-PendingRequests: sendNotLeaderResponses
2020-12-30 01:57:51,160 [3ab91bad-9694-4126-92ff-ecec9fe4c4aa@group-A25ABE508CB7->e4eaa117-0301-47df-aa31-ee25e619f23c-GrpcLogAppender-LogAppenderDaemon] WARN  server.GrpcLogAppender (GrpcLogAppender.java:mayWait(174)) - 3ab91bad-9694-4126-92ff-ecec9fe4c4aa@group-A25ABE508CB7->e4eaa117-0301-47df-aa31-ee25e619f23c-GrpcLogAppender: Wait interrupted by java.lang.InterruptedException
2020-12-30 01:57:51,160 [3ab91bad-9694-4126-92ff-ecec9fe4c4aa@group-A25ABE508CB7->52321763-3f6c-4ae6-8c1d-9758e235c7cc-GrpcLogAppender-LogAppenderDaemon] WARN  server.GrpcLogAppender (GrpcLogAppender.java:mayWait(174)) - 3ab91bad-9694-4126-92ff-ecec9fe4c4aa@group-A25ABE508CB7->52321763-3f6c-4ae6-8c1d-9758e235c7cc-GrpcLogAppender: Wait interrupted by java.lang.InterruptedException
2020-12-30 01:57:51,161 [grpc-default-executor-0] INFO  server.GrpcServerProtocolService (GrpcServerProtocolService.java:onCompleted(138)) - 52321763-3f6c-4ae6-8c1d-9758e235c7cc: Completed APPEND_ENTRIES, lastRequest: 3ab91bad-9694-4126-92ff-ecec9fe4c4aa->52321763-3f6c-4ae6-8c1d-9758e235c7cc#369-t1,previous=(t:1, i:34),leaderCommit=34,initializing? true,entries: size=1, first=(t:1, i:35), METADATAENTRY(c:34)
2020-12-30 01:57:51,162 [grpc-default-executor-2] INFO  server.GrpcLogAppender (GrpcLogAppender.java:onCompleted(343)) - 3ab91bad-9694-4126-92ff-ecec9fe4c4aa@group-A25ABE508CB7->52321763-3f6c-4ae6-8c1d-9758e235c7cc-AppendLogResponseHandler: follower responses appendEntries COMPLETED
2020-12-30 01:57:51,163 [grpc-default-executor-2] INFO  leader.FollowerInfo (FollowerInfoImpl.java:lambda$new$0(46)) - 3ab91bad-9694-4126-92ff-ecec9fe4c4aa@group-A25ABE508CB7->52321763-3f6c-4ae6-8c1d-9758e235c7cc: nextIndex: updateUnconditionally 36 -> 35
2020-12-30 01:57:51,163 [ForkJoinPool.commonPool-worker-0] INFO  metrics.RatisMetrics (RatisMetrics.java:unregister(43)) - Unregistering Metrics Registry : ratis.log_appender.3ab91bad-9694-4126-92ff-ecec9fe4c4aa@group-A25ABE508CB7
2020-12-30 01:57:51,164 [ForkJoinPool.commonPool-worker-0] INFO  metrics.RatisMetrics (RatisMetrics.java:unregister(43)) - Unregistering Metrics Registry : ratis.server.3ab91bad-9694-4126-92ff-ecec9fe4c4aa@group-A25ABE508CB7
2020-12-30 01:57:51,165 [3ab91bad-9694-4126-92ff-ecec9fe4c4aa@group-A25ABE508CB7-StateMachineUpdater] INFO  ratis.ContainerStateMachine (ContainerStateMachine.java:takeSnapshot(291)) - group-A25ABE508CB7: Taking a snapshot at:(t:1, i:35) file /github/workspace/mnt/ozone/hadoop-ozone/integration-test/target/test-dir/MiniOzoneClusterImpl-885a2ac6-dd28-4da4-9cce-7871c001d77b/datanode-2/data/ratis/f5144d4e-4954-47c8-8078-a25abe508cb7/sm/snapshot.1_35
2020-12-30 01:57:51,165 [ForkJoinPool.commonPool-worker-0] INFO  impl.StateMachineUpdater (StateMachineUpdater.java:stopAndJoin(148)) - 3ab91bad-9694-4126-92ff-ecec9fe4c4aa@group-A25ABE508CB7-StateMachineUpdater: set stopIndex = 35
2020-12-30 01:57:51,166 [3ab91bad-9694-4126-92ff-ecec9fe4c4aa@group-A25ABE508CB7-StateMachineUpdater] INFO  ratis.ContainerStateMachine (ContainerStateMachine.java:takeSnapshot(302)) - group-A25ABE508CB7: Finished taking a snapshot at:(t:1, i:35) file:/github/workspace/mnt/ozone/hadoop-ozone/integration-test/target/test-dir/MiniOzoneClusterImpl-885a2ac6-dd28-4da4-9cce-7871c001d77b/datanode-2/data/ratis/f5144d4e-4954-47c8-8078-a25abe508cb7/sm/snapshot.1_35 time:2
2020-12-30 01:57:51,167 [3ab91bad-9694-4126-92ff-ecec9fe4c4aa@group-A25ABE508CB7-StateMachineUpdater] INFO  impl.StateMachineUpdater (StateMachineUpdater.java:takeSnapshot(279)) - 3ab91bad-9694-4126-92ff-ecec9fe4c4aa@group-A25ABE508CB7-StateMachineUpdater: Took a snapshot at index 35
2020-12-30 01:57:51,167 [3ab91bad-9694-4126-92ff-ecec9fe4c4aa@group-A25ABE508CB7-StateMachineUpdater] INFO  impl.StateMachineUpdater (StateMachineUpdater.java:lambda$new$0(88)) - 3ab91bad-9694-4126-92ff-ecec9fe4c4aa@group-A25ABE508CB7-StateMachineUpdater: snapshotIndex: updateIncreasingly -1 -> 35
2020-12-30 01:57:51,167 [3ab91bad-9694-4126-92ff-ecec9fe4c4aa@group-A25ABE508CB7-StateMachineUpdater] INFO  metrics.RatisMetrics (RatisMetrics.java:unregister(43)) - Unregistering Metrics Registry : ratis.state_machine.3ab91bad-9694-4126-92ff-ecec9fe4c4aa@group-A25ABE508CB7
2020-12-30 01:57:51,167 [ForkJoinPool.commonPool-worker-0] INFO  server.RaftServer$Division (ServerState.java:close(406)) - 3ab91bad-9694-4126-92ff-ecec9fe4c4aa@group-A25ABE508CB7: closes. applyIndex: 35
2020-12-30 01:57:51,167 [3ab91bad-9694-4126-92ff-ecec9fe4c4aa@group-A25ABE508CB7-SegmentedRaftLogWorker] INFO  segmented.SegmentedRaftLogWorker (SegmentedRaftLogWorker.java:run(326)) - 3ab91bad-9694-4126-92ff-ecec9fe4c4aa@group-A25ABE508CB7-SegmentedRaftLogWorker was interrupted, exiting. There are 0 tasks remaining in the queue.
2020-12-30 01:57:51,168 [ForkJoinPool.commonPool-worker-0] INFO  segmented.SegmentedRaftLogWorker (SegmentedRaftLogWorker.java:close(236)) - 3ab91bad-9694-4126-92ff-ecec9fe4c4aa@group-A25ABE508CB7-SegmentedRaftLogWorker close()
2020-12-30 01:57:51,168 [ForkJoinPool.commonPool-worker-0] INFO  metrics.RatisMetrics (RatisMetrics.java:unregister(43)) - Unregistering Metrics Registry : ratis.log_worker.3ab91bad-9694-4126-92ff-ecec9fe4c4aa@group-A25ABE508CB7
2020-12-30 01:57:51,168 [ForkJoinPool.commonPool-worker-0] INFO  metrics.RatisMetrics (RatisMetrics.java:unregister(43)) - Unregistering Metrics Registry : ratis.leader_election.3ab91bad-9694-4126-92ff-ecec9fe4c4aa@group-A25ABE508CB7
2020-12-30 01:57:51,168 [ForkJoinPool.commonPool-worker-0] INFO  metrics.RatisMetrics (RatisMetrics.java:unregister(43)) - Unregistering Metrics Registry : ratis.server.3ab91bad-9694-4126-92ff-ecec9fe4c4aa@group-A25ABE508CB7
2020-12-30 01:57:51,168 [ForkJoinPool.commonPool-worker-0] INFO  server.RaftServer$Division (RaftServerImpl.java:lambda$close$4(397)) - 3ab91bad-9694-4126-92ff-ecec9fe4c4aa@group-50DDDEDF7D8F: shutdown
2020-12-30 01:57:51,168 [ForkJoinPool.commonPool-worker-0] INFO  util.JmxRegister (JmxRegister.java:unregister(73)) - Successfully un-registered JMX Bean with object name Ratis:service=RaftServer,group=group-50DDDEDF7D8F,id=3ab91bad-9694-4126-92ff-ecec9fe4c4aa
2020-12-30 01:57:51,168 [ForkJoinPool.commonPool-worker-0] INFO  impl.RoleInfo (RoleInfo.java:shutdownLeaderState(91)) - 3ab91bad-9694-4126-92ff-ecec9fe4c4aa: shutdown 3ab91bad-9694-4126-92ff-ecec9fe4c4aa@group-50DDDEDF7D8F-LeaderStateImpl
2020-12-30 01:57:51,168 [ForkJoinPool.commonPool-worker-0] INFO  impl.PendingRequests (PendingRequests.java:sendNotLeaderResponses(249)) - 3ab91bad-9694-4126-92ff-ecec9fe4c4aa@group-50DDDEDF7D8F-PendingRequests: sendNotLeaderResponses
2020-12-30 01:57:51,169 [ForkJoinPool.commonPool-worker-0] INFO  metrics.RatisMetrics (RatisMetrics.java:unregister(43)) - Unregistering Metrics Registry : ratis.log_appender.3ab91bad-9694-4126-92ff-ecec9fe4c4aa@group-50DDDEDF7D8F
2020-12-30 01:57:51,169 [ForkJoinPool.commonPool-worker-0] INFO  metrics.RatisMetrics (RatisMetrics.java:unregister(43)) - Unregistering Metrics Registry : ratis.server.3ab91bad-9694-4126-92ff-ecec9fe4c4aa@group-50DDDEDF7D8F
2020-12-30 01:57:51,169 [ForkJoinPool.commonPool-worker-0] INFO  impl.StateMachineUpdater (StateMachineUpdater.java:stopAndJoin(148)) - 3ab91bad-9694-4126-92ff-ecec9fe4c4aa@group-50DDDEDF7D8F-StateMachineUpdater: set stopIndex = 0
2020-12-30 01:57:51,170 [3ab91bad-9694-4126-92ff-ecec9fe4c4aa@group-50DDDEDF7D8F-StateMachineUpdater] INFO  ratis.ContainerStateMachine (ContainerStateMachine.java:takeSnapshot(291)) - group-50DDDEDF7D8F: Taking a snapshot at:(t:1, i:0) file /github/workspace/mnt/ozone/hadoop-ozone/integration-test/target/test-dir/MiniOzoneClusterImpl-885a2ac6-dd28-4da4-9cce-7871c001d77b/datanode-2/data/ratis/1e849b9f-d73c-4e11-b1c4-50dddedf7d8f/sm/snapshot.1_0
2020-12-30 01:57:51,171 [3ab91bad-9694-4126-92ff-ecec9fe4c4aa@group-50DDDEDF7D8F-StateMachineUpdater] INFO  ratis.ContainerStateMachine (ContainerStateMachine.java:takeSnapshot(302)) - group-50DDDEDF7D8F: Finished taking a snapshot at:(t:1, i:0) file:/github/workspace/mnt/ozone/hadoop-ozone/integration-test/target/test-dir/MiniOzoneClusterImpl-885a2ac6-dd28-4da4-9cce-7871c001d77b/datanode-2/data/ratis/1e849b9f-d73c-4e11-b1c4-50dddedf7d8f/sm/snapshot.1_0 time:1
2020-12-30 01:57:51,171 [3ab91bad-9694-4126-92ff-ecec9fe4c4aa@group-50DDDEDF7D8F-StateMachineUpdater] INFO  impl.StateMachineUpdater (StateMachineUpdater.java:takeSnapshot(279)) - 3ab91bad-9694-4126-92ff-ecec9fe4c4aa@group-50DDDEDF7D8F-StateMachineUpdater: Took a snapshot at index 0
2020-12-30 01:57:51,171 [3ab91bad-9694-4126-92ff-ecec9fe4c4aa@group-50DDDEDF7D8F-StateMachineUpdater] INFO  impl.StateMachineUpdater (StateMachineUpdater.java:lambda$new$0(88)) - 3ab91bad-9694-4126-92ff-ecec9fe4c4aa@group-50DDDEDF7D8F-StateMachineUpdater: snapshotIndex: updateIncreasingly -1 -> 0
2020-12-30 01:57:51,171 [3ab91bad-9694-4126-92ff-ecec9fe4c4aa@group-50DDDEDF7D8F-StateMachineUpdater] INFO  metrics.RatisMetrics (RatisMetrics.java:unregister(43)) - Unregistering Metrics Registry : ratis.state_machine.3ab91bad-9694-4126-92ff-ecec9fe4c4aa@group-50DDDEDF7D8F
2020-12-30 01:57:51,171 [ForkJoinPool.commonPool-worker-0] INFO  server.RaftServer$Division (ServerState.java:close(406)) - 3ab91bad-9694-4126-92ff-ecec9fe4c4aa@group-50DDDEDF7D8F: closes. applyIndex: 0
2020-12-30 01:57:51,171 [3ab91bad-9694-4126-92ff-ecec9fe4c4aa@group-50DDDEDF7D8F-SegmentedRaftLogWorker] INFO  segmented.SegmentedRaftLogWorker (SegmentedRaftLogWorker.java:run(326)) - 3ab91bad-9694-4126-92ff-ecec9fe4c4aa@group-50DDDEDF7D8F-SegmentedRaftLogWorker was interrupted, exiting. There are 0 tasks remaining in the queue.
2020-12-30 01:57:51,172 [ForkJoinPool.commonPool-worker-0] INFO  segmented.SegmentedRaftLogWorker (SegmentedRaftLogWorker.java:close(236)) - 3ab91bad-9694-4126-92ff-ecec9fe4c4aa@group-50DDDEDF7D8F-SegmentedRaftLogWorker close()
2020-12-30 01:57:51,172 [ForkJoinPool.commonPool-worker-0] INFO  metrics.RatisMetrics (RatisMetrics.java:unregister(43)) - Unregistering Metrics Registry : ratis.log_worker.3ab91bad-9694-4126-92ff-ecec9fe4c4aa@group-50DDDEDF7D8F
2020-12-30 01:57:51,172 [ForkJoinPool.commonPool-worker-0] INFO  metrics.RatisMetrics (RatisMetrics.java:unregister(43)) - Unregistering Metrics Registry : ratis.leader_election.3ab91bad-9694-4126-92ff-ecec9fe4c4aa@group-50DDDEDF7D8F
2020-12-30 01:57:51,172 [ForkJoinPool.commonPool-worker-0] INFO  metrics.RatisMetrics (RatisMetrics.java:unregister(43)) - Unregistering Metrics Registry : ratis.server.3ab91bad-9694-4126-92ff-ecec9fe4c4aa@group-50DDDEDF7D8F
2020-12-30 01:57:51,172 [ForkJoinPool.commonPool-worker-0] INFO  server.GrpcService (GrpcService.java:closeImpl(184)) - 3ab91bad-9694-4126-92ff-ecec9fe4c4aa: shutdown server with port 43043 now
2020-12-30 01:57:51,173 [grpc-default-executor-2] WARN  client.GrpcClientProtocolService (LogUtils.java:warn(122)) - 1-UnorderedRequestStreamObserver1: onError: org.apache.ratis.thirdparty.io.grpc.StatusRuntimeException: CANCELLED: cancelled before receiving half close
2020-12-30 01:57:51,175 [ForkJoinPool.commonPool-worker-0] INFO  server.GrpcService (GrpcService.java:closeImpl(193)) - 3ab91bad-9694-4126-92ff-ecec9fe4c4aa: shutdown server with port 43043 successfully
2020-12-30 01:57:51,175 [org.apache.ratis.util.JvmPauseMonitor$$Lambda$222/1498935240@60b9ab48] INFO  util.JvmPauseMonitor (JvmPauseMonitor.java:run(109)) - JvmPauseMonitor-3ab91bad-9694-4126-92ff-ecec9fe4c4aa: Stopped
2020-12-30 01:57:51,186 [ForkJoinPool.commonPool-worker-0] INFO  utils.BackgroundService (BackgroundService.java:shutdown(132)) - Shutting down service BlockDeletingService
2020-12-30 01:57:51,187 [ForkJoinPool.commonPool-worker-0] INFO  statemachine.DatanodeStateMachine (DatanodeStateMachine.java:stopDaemon(461)) - Ozone container server stopped.
2020-12-30 01:57:51,195 [ForkJoinPool.commonPool-worker-0] INFO  handler.ContextHandler (ContextHandler.java:doStop(1154)) - Stopped o.e.j.w.WebAppContext@e9b227f{hddsDatanode,/,null,STOPPED}{jar:file:/home/user/.m2/repository/org/apache/hadoop/hadoop-hdds-container-service/1.1.0-SNAPSHOT/hadoop-hdds-container-service-1.1.0-SNAPSHOT.jar!/webapps/hddsDatanode}
2020-12-30 01:57:51,196 [ForkJoinPool.commonPool-worker-0] INFO  server.AbstractConnector (AbstractConnector.java:doStop(381)) - Stopped ServerConnector@7d05e595{HTTP/1.1, (http/1.1)}{0.0.0.0:0}
2020-12-30 01:57:51,196 [ForkJoinPool.commonPool-worker-0] INFO  server.session (HouseKeeper.java:stopScavenging(149)) - node0 Stopped scavenging
2020-12-30 01:57:51,196 [ForkJoinPool.commonPool-worker-0] INFO  handler.ContextHandler (ContextHandler.java:doStop(1154)) - Stopped o.e.j.s.ServletContextHandler@2be9dfb0{static,/static,jar:file:/home/user/.m2/repository/org/apache/hadoop/hadoop-hdds-container-service/1.1.0-SNAPSHOT/hadoop-hdds-container-service-1.1.0-SNAPSHOT.jar!/webapps/static,STOPPED}
2020-12-30 01:57:51,197 [ForkJoinPool.commonPool-worker-0] INFO  handler.ContextHandler (ContextHandler.java:doStop(1154)) - Stopped o.e.j.s.ServletContextHandler@4cfc4eb2{logs,/logs,file:///github/workspace/mnt/ozone/hadoop-ozone/integration-test/target/log,STOPPED}
2020-12-30 01:57:51,327 [EventQueue-StaleNodeForStaleNodeHandler] INFO  node.StaleNodeHandler (StaleNodeHandler.java:onMessage(58)) - Datanode 259e8d3c-ac3a-47ce-8b98-4ae0c616001a{ip: 172.17.0.2, host: e0a7f95c34ff, networkLocation: /default-rack, certSerialId: null, persistedOpState: IN_MAINTENANCE, persistedOpStateExpiryEpochSec: 0} moved to stale state. Finalizing its pipelines []
2020-12-30 01:57:51,334 [ReplicationMonitor] INFO  container.ReplicationManager (ReplicationManager.java:sendCloseCommand(948)) - Sending close container command for container #3 to datanode 3ab91bad-9694-4126-92ff-ecec9fe4c4aa{ip: 172.17.0.2, host: e0a7f95c34ff, networkLocation: /default-rack, certSerialId: null, persistedOpState: IN_SERVICE, persistedOpStateExpiryEpochSec: 0}.
2020-12-30 01:57:51,334 [ReplicationMonitor] INFO  container.ReplicationManager (ReplicationManager.java:sendCloseCommand(948)) - Sending close container command for container #3 to datanode e4eaa117-0301-47df-aa31-ee25e619f23c{ip: 172.17.0.2, host: e0a7f95c34ff, networkLocation: /default-rack, certSerialId: null, persistedOpState: IN_SERVICE, persistedOpStateExpiryEpochSec: 0}.
2020-12-30 01:57:51,335 [ReplicationMonitor] INFO  container.ReplicationManager (ReplicationManager.java:sendCloseCommand(948)) - Sending close container command for container #3 to datanode 52321763-3f6c-4ae6-8c1d-9758e235c7cc{ip: 172.17.0.2, host: e0a7f95c34ff, networkLocation: /default-rack, certSerialId: null, persistedOpState: IN_SERVICE, persistedOpStateExpiryEpochSec: 0}.
2020-12-30 01:57:51,335 [ReplicationMonitor] INFO  container.ReplicationManager (ReplicationManager.java:sendCloseCommand(948)) - Sending close container command for container #4 to datanode 52321763-3f6c-4ae6-8c1d-9758e235c7cc{ip: 172.17.0.2, host: e0a7f95c34ff, networkLocation: /default-rack, certSerialId: null, persistedOpState: IN_SERVICE, persistedOpStateExpiryEpochSec: 0}.
2020-12-30 01:57:51,335 [ReplicationMonitor] INFO  container.ReplicationManager (ReplicationManager.java:sendCloseCommand(948)) - Sending close container command for container #4 to datanode e4eaa117-0301-47df-aa31-ee25e619f23c{ip: 172.17.0.2, host: e0a7f95c34ff, networkLocation: /default-rack, certSerialId: null, persistedOpState: IN_SERVICE, persistedOpStateExpiryEpochSec: 0}.
2020-12-30 01:57:51,335 [ReplicationMonitor] INFO  container.ReplicationManager (ReplicationManager.java:sendCloseCommand(948)) - Sending close container command for container #4 to datanode 3ab91bad-9694-4126-92ff-ecec9fe4c4aa{ip: 172.17.0.2, host: e0a7f95c34ff, networkLocation: /default-rack, certSerialId: null, persistedOpState: IN_SERVICE, persistedOpStateExpiryEpochSec: 0}.
2020-12-30 01:57:51,335 [ReplicationMonitor] INFO  container.ReplicationManager (ReplicationManager.java:run(250)) - Replication Monitor Thread took 1 milliseconds for processing 4 containers.
2020-12-30 01:57:51,692 [Datanode State Machine Thread - 0] INFO  statemachine.DatanodeStateMachine (DatanodeStateMachine.java:lambda$startDaemon$0(408)) - Ozone container server started.
2020-12-30 01:57:51,743 [DatanodeAdminManager-0] INFO  node.DatanodeAdminMonitorImpl (DatanodeAdminMonitorImpl.java:run(136)) - There are 3 nodes tracked for decommission and maintenance. 0 pending nodes.
2020-12-30 01:57:51,823 [Listener at 127.0.0.1/41627] INFO  ozoneimpl.OzoneContainer (OzoneContainer.java:stop(257)) - Attempting to stop container services.
2020-12-30 01:57:51,824 [Listener at 127.0.0.1/41627] INFO  server.RaftServer (RaftServerProxy.java:lambda$close$6(387)) - 52321763-3f6c-4ae6-8c1d-9758e235c7cc: close
2020-12-30 01:57:51,824 [Listener at 127.0.0.1/41627] INFO  server.RaftServer$Division (RaftServerImpl.java:lambda$close$4(397)) - 52321763-3f6c-4ae6-8c1d-9758e235c7cc@group-A25ABE508CB7: shutdown
2020-12-30 01:57:51,824 [ForkJoinPool.commonPool-worker-0] INFO  server.RaftServer$Division (RaftServerImpl.java:lambda$close$4(397)) - 52321763-3f6c-4ae6-8c1d-9758e235c7cc@group-E045E13AE944: shutdown
2020-12-30 01:57:51,824 [Listener at 127.0.0.1/41627] INFO  util.JmxRegister (JmxRegister.java:unregister(73)) - Successfully un-registered JMX Bean with object name Ratis:service=RaftServer,group=group-A25ABE508CB7,id=52321763-3f6c-4ae6-8c1d-9758e235c7cc
2020-12-30 01:57:51,825 [Listener at 127.0.0.1/41627] INFO  impl.RoleInfo (RoleInfo.java:shutdownFollowerState(108)) - 52321763-3f6c-4ae6-8c1d-9758e235c7cc: shutdown 52321763-3f6c-4ae6-8c1d-9758e235c7cc@group-A25ABE508CB7-FollowerState
2020-12-30 01:57:51,825 [Listener at 127.0.0.1/41627] INFO  impl.StateMachineUpdater (StateMachineUpdater.java:stopAndJoin(148)) - 52321763-3f6c-4ae6-8c1d-9758e235c7cc@group-A25ABE508CB7-StateMachineUpdater: set stopIndex = 35
2020-12-30 01:57:51,824 [ForkJoinPool.commonPool-worker-0] INFO  util.JmxRegister (JmxRegister.java:unregister(73)) - Successfully un-registered JMX Bean with object name Ratis:service=RaftServer,group=group-E045E13AE944,id=52321763-3f6c-4ae6-8c1d-9758e235c7cc
2020-12-30 01:57:51,826 [ForkJoinPool.commonPool-worker-0] INFO  impl.RoleInfo (RoleInfo.java:shutdownLeaderState(91)) - 52321763-3f6c-4ae6-8c1d-9758e235c7cc: shutdown 52321763-3f6c-4ae6-8c1d-9758e235c7cc@group-E045E13AE944-LeaderStateImpl
2020-12-30 01:57:51,826 [ForkJoinPool.commonPool-worker-0] INFO  impl.PendingRequests (PendingRequests.java:sendNotLeaderResponses(249)) - 52321763-3f6c-4ae6-8c1d-9758e235c7cc@group-E045E13AE944-PendingRequests: sendNotLeaderResponses
2020-12-30 01:57:51,826 [ForkJoinPool.commonPool-worker-0] INFO  metrics.RatisMetrics (RatisMetrics.java:unregister(43)) - Unregistering Metrics Registry : ratis.log_appender.52321763-3f6c-4ae6-8c1d-9758e235c7cc@group-E045E13AE944
2020-12-30 01:57:51,826 [ForkJoinPool.commonPool-worker-0] INFO  metrics.RatisMetrics (RatisMetrics.java:unregister(43)) - Unregistering Metrics Registry : ratis.server.52321763-3f6c-4ae6-8c1d-9758e235c7cc@group-E045E13AE944
2020-12-30 01:57:51,827 [ForkJoinPool.commonPool-worker-0] INFO  impl.StateMachineUpdater (StateMachineUpdater.java:stopAndJoin(148)) - 52321763-3f6c-4ae6-8c1d-9758e235c7cc@group-E045E13AE944-StateMachineUpdater: set stopIndex = 0
2020-12-30 01:57:51,825 [52321763-3f6c-4ae6-8c1d-9758e235c7cc@group-A25ABE508CB7-StateMachineUpdater] INFO  ratis.ContainerStateMachine (ContainerStateMachine.java:takeSnapshot(291)) - group-A25ABE508CB7: Taking a snapshot at:(t:1, i:35) file /github/workspace/mnt/ozone/hadoop-ozone/integration-test/target/test-dir/MiniOzoneClusterImpl-885a2ac6-dd28-4da4-9cce-7871c001d77b/datanode-0/data/ratis/f5144d4e-4954-47c8-8078-a25abe508cb7/sm/snapshot.1_35
2020-12-30 01:57:51,827 [52321763-3f6c-4ae6-8c1d-9758e235c7cc@group-E045E13AE944-StateMachineUpdater] INFO  ratis.ContainerStateMachine (ContainerStateMachine.java:takeSnapshot(291)) - group-E045E13AE944: Taking a snapshot at:(t:1, i:0) file /github/workspace/mnt/ozone/hadoop-ozone/integration-test/target/test-dir/MiniOzoneClusterImpl-885a2ac6-dd28-4da4-9cce-7871c001d77b/datanode-0/data/ratis/13d0a315-324b-4f34-ba7d-e045e13ae944/sm/snapshot.1_0
2020-12-30 01:57:51,825 [Thread-849] INFO  impl.FollowerState (FollowerState.java:run(142)) - 52321763-3f6c-4ae6-8c1d-9758e235c7cc@group-A25ABE508CB7-FollowerState was interrupted: {}
java.lang.InterruptedException: sleep interrupted
	at java.lang.Thread.sleep(Native Method)
	at java.lang.Thread.sleep(Thread.java:340)
	at java.util.concurrent.TimeUnit.sleep(TimeUnit.java:386)
	at org.apache.ratis.util.TimeDuration.sleep(TimeDuration.java:319)
	at org.apache.ratis.util.TimeDuration.sleep(TimeDuration.java:304)
	at org.apache.ratis.server.impl.FollowerState.run(FollowerState.java:117)
2020-12-30 01:57:51,830 [52321763-3f6c-4ae6-8c1d-9758e235c7cc@group-A25ABE508CB7-StateMachineUpdater] INFO  ratis.ContainerStateMachine (ContainerStateMachine.java:takeSnapshot(302)) - group-A25ABE508CB7: Finished taking a snapshot at:(t:1, i:35) file:/github/workspace/mnt/ozone/hadoop-ozone/integration-test/target/test-dir/MiniOzoneClusterImpl-885a2ac6-dd28-4da4-9cce-7871c001d77b/datanode-0/data/ratis/f5144d4e-4954-47c8-8078-a25abe508cb7/sm/snapshot.1_35 time:5
2020-12-30 01:57:51,832 [52321763-3f6c-4ae6-8c1d-9758e235c7cc@group-A25ABE508CB7-StateMachineUpdater] INFO  impl.StateMachineUpdater (StateMachineUpdater.java:takeSnapshot(279)) - 52321763-3f6c-4ae6-8c1d-9758e235c7cc@group-A25ABE508CB7-StateMachineUpdater: Took a snapshot at index 35
2020-12-30 01:57:51,832 [52321763-3f6c-4ae6-8c1d-9758e235c7cc@group-A25ABE508CB7-StateMachineUpdater] INFO  impl.StateMachineUpdater (StateMachineUpdater.java:lambda$new$0(88)) - 52321763-3f6c-4ae6-8c1d-9758e235c7cc@group-A25ABE508CB7-StateMachineUpdater: snapshotIndex: updateIncreasingly -1 -> 35
2020-12-30 01:57:51,833 [52321763-3f6c-4ae6-8c1d-9758e235c7cc@group-A25ABE508CB7-StateMachineUpdater] INFO  metrics.RatisMetrics (RatisMetrics.java:unregister(43)) - Unregistering Metrics Registry : ratis.state_machine.52321763-3f6c-4ae6-8c1d-9758e235c7cc@group-A25ABE508CB7
2020-12-30 01:57:51,833 [Listener at 127.0.0.1/41627] INFO  server.RaftServer$Division (ServerState.java:close(406)) - 52321763-3f6c-4ae6-8c1d-9758e235c7cc@group-A25ABE508CB7: closes. applyIndex: 35
2020-12-30 01:57:51,828 [52321763-3f6c-4ae6-8c1d-9758e235c7cc@group-E045E13AE944-StateMachineUpdater] INFO  ratis.ContainerStateMachine (ContainerStateMachine.java:takeSnapshot(302)) - group-E045E13AE944: Finished taking a snapshot at:(t:1, i:0) file:/github/workspace/mnt/ozone/hadoop-ozone/integration-test/target/test-dir/MiniOzoneClusterImpl-885a2ac6-dd28-4da4-9cce-7871c001d77b/datanode-0/data/ratis/13d0a315-324b-4f34-ba7d-e045e13ae944/sm/snapshot.1_0 time:1
2020-12-30 01:57:51,833 [52321763-3f6c-4ae6-8c1d-9758e235c7cc@group-E045E13AE944-StateMachineUpdater] INFO  impl.StateMachineUpdater (StateMachineUpdater.java:takeSnapshot(279)) - 52321763-3f6c-4ae6-8c1d-9758e235c7cc@group-E045E13AE944-StateMachineUpdater: Took a snapshot at index 0
2020-12-30 01:57:51,833 [52321763-3f6c-4ae6-8c1d-9758e235c7cc@group-E045E13AE944-StateMachineUpdater] INFO  impl.StateMachineUpdater (StateMachineUpdater.java:lambda$new$0(88)) - 52321763-3f6c-4ae6-8c1d-9758e235c7cc@group-E045E13AE944-StateMachineUpdater: snapshotIndex: updateIncreasingly -1 -> 0
2020-12-30 01:57:51,834 [52321763-3f6c-4ae6-8c1d-9758e235c7cc@group-E045E13AE944-StateMachineUpdater] INFO  metrics.RatisMetrics (RatisMetrics.java:unregister(43)) - Unregistering Metrics Registry : ratis.state_machine.52321763-3f6c-4ae6-8c1d-9758e235c7cc@group-E045E13AE944
2020-12-30 01:57:51,834 [52321763-3f6c-4ae6-8c1d-9758e235c7cc@group-A25ABE508CB7-SegmentedRaftLogWorker] INFO  segmented.SegmentedRaftLogWorker (SegmentedRaftLogWorker.java:run(326)) - 52321763-3f6c-4ae6-8c1d-9758e235c7cc@group-A25ABE508CB7-SegmentedRaftLogWorker was interrupted, exiting. There are 0 tasks remaining in the queue.
2020-12-30 01:57:51,834 [Listener at 127.0.0.1/41627] INFO  segmented.SegmentedRaftLogWorker (SegmentedRaftLogWorker.java:close(236)) - 52321763-3f6c-4ae6-8c1d-9758e235c7cc@group-A25ABE508CB7-SegmentedRaftLogWorker close()
2020-12-30 01:57:51,835 [Listener at 127.0.0.1/41627] INFO  metrics.RatisMetrics (RatisMetrics.java:unregister(43)) - Unregistering Metrics Registry : ratis.log_worker.52321763-3f6c-4ae6-8c1d-9758e235c7cc@group-A25ABE508CB7
2020-12-30 01:57:51,835 [Listener at 127.0.0.1/41627] INFO  metrics.RatisMetrics (RatisMetrics.java:unregister(43)) - Unregistering Metrics Registry : ratis.leader_election.52321763-3f6c-4ae6-8c1d-9758e235c7cc@group-A25ABE508CB7
2020-12-30 01:57:51,835 [Listener at 127.0.0.1/41627] INFO  metrics.RatisMetrics (RatisMetrics.java:unregister(43)) - Unregistering Metrics Registry : ratis.server.52321763-3f6c-4ae6-8c1d-9758e235c7cc@group-A25ABE508CB7
2020-12-30 01:57:51,834 [ForkJoinPool.commonPool-worker-0] INFO  server.RaftServer$Division (ServerState.java:close(406)) - 52321763-3f6c-4ae6-8c1d-9758e235c7cc@group-E045E13AE944: closes. applyIndex: 0
2020-12-30 01:57:51,835 [52321763-3f6c-4ae6-8c1d-9758e235c7cc@group-E045E13AE944-SegmentedRaftLogWorker] INFO  segmented.SegmentedRaftLogWorker (SegmentedRaftLogWorker.java:run(326)) - 52321763-3f6c-4ae6-8c1d-9758e235c7cc@group-E045E13AE944-SegmentedRaftLogWorker was interrupted, exiting. There are 0 tasks remaining in the queue.
2020-12-30 01:57:51,835 [ForkJoinPool.commonPool-worker-0] INFO  segmented.SegmentedRaftLogWorker (SegmentedRaftLogWorker.java:close(236)) - 52321763-3f6c-4ae6-8c1d-9758e235c7cc@group-E045E13AE944-SegmentedRaftLogWorker close()
2020-12-30 01:57:51,835 [ForkJoinPool.commonPool-worker-0] INFO  metrics.RatisMetrics (RatisMetrics.java:unregister(43)) - Unregistering Metrics Registry : ratis.log_worker.52321763-3f6c-4ae6-8c1d-9758e235c7cc@group-E045E13AE944
2020-12-30 01:57:51,836 [ForkJoinPool.commonPool-worker-0] INFO  metrics.RatisMetrics (RatisMetrics.java:unregister(43)) - Unregistering Metrics Registry : ratis.leader_election.52321763-3f6c-4ae6-8c1d-9758e235c7cc@group-E045E13AE944
2020-12-30 01:57:51,836 [ForkJoinPool.commonPool-worker-0] INFO  metrics.RatisMetrics (RatisMetrics.java:unregister(43)) - Unregistering Metrics Registry : ratis.server.52321763-3f6c-4ae6-8c1d-9758e235c7cc@group-E045E13AE944
2020-12-30 01:57:51,836 [Listener at 127.0.0.1/41627] INFO  server.GrpcService (GrpcService.java:closeImpl(184)) - 52321763-3f6c-4ae6-8c1d-9758e235c7cc: shutdown server with port 44999 now
2020-12-30 01:57:51,836 [Listener at 127.0.0.1/41627] INFO  server.GrpcService (GrpcService.java:closeImpl(193)) - 52321763-3f6c-4ae6-8c1d-9758e235c7cc: shutdown server with port 44999 successfully
2020-12-30 01:57:51,837 [org.apache.ratis.util.JvmPauseMonitor$$Lambda$222/1498935240@38be73e] INFO  util.JvmPauseMonitor (JvmPauseMonitor.java:run(109)) - JvmPauseMonitor-52321763-3f6c-4ae6-8c1d-9758e235c7cc: Stopped
2020-12-30 01:57:51,837 [Listener at 127.0.0.1/41627] INFO  utils.BackgroundService (BackgroundService.java:shutdown(132)) - Shutting down service BlockDeletingService
2020-12-30 01:57:51,838 [Listener at 127.0.0.1/41627] INFO  statemachine.DatanodeStateMachine (DatanodeStateMachine.java:stopDaemon(461)) - Ozone container server stopped.
2020-12-30 01:57:51,846 [Listener at 127.0.0.1/41627] INFO  handler.ContextHandler (ContextHandler.java:doStop(1154)) - Stopped o.e.j.w.WebAppContext@63e67888{hddsDatanode,/,null,STOPPED}{jar:file:/home/user/.m2/repository/org/apache/hadoop/hadoop-hdds-container-service/1.1.0-SNAPSHOT/hadoop-hdds-container-service-1.1.0-SNAPSHOT.jar!/webapps/hddsDatanode}
2020-12-30 01:57:51,847 [Listener at 127.0.0.1/41627] INFO  server.AbstractConnector (AbstractConnector.java:doStop(381)) - Stopped ServerConnector@1d2fd73c{HTTP/1.1, (http/1.1)}{0.0.0.0:0}
2020-12-30 01:57:51,847 [Listener at 127.0.0.1/41627] INFO  server.session (HouseKeeper.java:stopScavenging(149)) - node0 Stopped scavenging
2020-12-30 01:57:51,847 [Listener at 127.0.0.1/41627] INFO  handler.ContextHandler (ContextHandler.java:doStop(1154)) - Stopped o.e.j.s.ServletContextHandler@5379839c{static,/static,jar:file:/home/user/.m2/repository/org/apache/hadoop/hadoop-hdds-container-service/1.1.0-SNAPSHOT/hadoop-hdds-container-service-1.1.0-SNAPSHOT.jar!/webapps/static,STOPPED}
2020-12-30 01:57:51,847 [Listener at 127.0.0.1/41627] INFO  handler.ContextHandler (ContextHandler.java:doStop(1154)) - Stopped o.e.j.s.ServletContextHandler@56e7f92f{logs,/logs,file:///github/workspace/mnt/ozone/hadoop-ozone/integration-test/target/log,STOPPED}
2020-12-30 01:57:51,848 [Listener at 127.0.0.1/41627] INFO  ozone.MiniOzoneClusterImpl (MiniOzoneClusterImpl.java:stopSCM(477)) - Stopping the StorageContainerManager
2020-12-30 01:57:51,848 [Listener at 127.0.0.1/41627] INFO  server.StorageContainerManager (StorageContainerManager.java:stop(832)) - Stopping Replication Manager Service.
2020-12-30 01:57:51,848 [Listener at 127.0.0.1/41627] INFO  container.ReplicationManager (ReplicationManager.java:stop(227)) - Stopping Replication Monitor Thread.
2020-12-30 01:57:51,851 [Listener at 127.0.0.1/41627] INFO  server.StorageContainerManager (StorageContainerManager.java:stop(839)) - Stopping the Datanode Admin Monitor.
2020-12-30 01:57:51,851 [Listener at 127.0.0.1/41627] INFO  server.StorageContainerManager (StorageContainerManager.java:stop(846)) - Stopping Lease Manager of the command watchers
2020-12-30 01:57:51,851 [Listener at 127.0.0.1/41627] INFO  server.StorageContainerManager (StorageContainerManager.java:stop(853)) - Stopping datanode service RPC server
2020-12-30 01:57:51,851 [Listener at 127.0.0.1/41627] INFO  server.SCMDatanodeProtocolServer (SCMDatanodeProtocolServer.java:stop(369)) - Stopping the RPC server for DataNodes
2020-12-30 01:57:51,851 [Listener at 127.0.0.1/41627] INFO  ipc.Server (Server.java:stop(3359)) - Stopping server on 43765
2020-12-30 01:57:51,852 [IPC Server listener on 0] INFO  ipc.Server (Server.java:run(1330)) - Stopping IPC Server listener on 0
2020-12-30 01:57:51,854 [IPC Server Responder] INFO  ipc.Server (Server.java:run(1465)) - Stopping IPC Server Responder
2020-12-30 01:57:51,928 [SCM Heartbeat Processing Thread - 0] WARN  node.NodeStateManager (NodeStateManager.java:scheduleNextHealthCheck(688)) - Current Thread is interrupted, shutting down HB processing thread for Node Manager.
2020-12-30 01:57:51,928 [Listener at 127.0.0.1/41627] INFO  server.StorageContainerManager (StorageContainerManager.java:stop(861)) - Stopping block service RPC server
2020-12-30 01:57:51,929 [Listener at 127.0.0.1/41627] INFO  server.SCMBlockProtocolServer (SCMBlockProtocolServer.java:stop(159)) - Stopping the RPC server for Block Protocol
2020-12-30 01:57:51,929 [Listener at 127.0.0.1/41627] INFO  ipc.Server (Server.java:stop(3359)) - Stopping server on 45481
2020-12-30 01:57:51,930 [IPC Server listener on 0] INFO  ipc.Server (Server.java:run(1330)) - Stopping IPC Server listener on 0
2020-12-30 01:57:51,932 [IPC Server Responder] INFO  ipc.Server (Server.java:run(1465)) - Stopping IPC Server Responder
2020-12-30 01:57:51,932 [Listener at 127.0.0.1/41627] INFO  server.StorageContainerManager (StorageContainerManager.java:stop(868)) - Stopping the StorageContainerLocationProtocol RPC server
2020-12-30 01:57:51,933 [Listener at 127.0.0.1/41627] INFO  server.SCMClientProtocolServer (SCMClientProtocolServer.java:stop(168)) - Stopping the RPC server for Client Protocol
2020-12-30 01:57:51,933 [Listener at 127.0.0.1/41627] INFO  ipc.Server (Server.java:stop(3359)) - Stopping server on 35559
2020-12-30 01:57:51,935 [IPC Server listener on 0] INFO  ipc.Server (Server.java:run(1330)) - Stopping IPC Server listener on 0
2020-12-30 01:57:51,943 [IPC Server Responder] INFO  ipc.Server (Server.java:run(1465)) - Stopping IPC Server Responder
2020-12-30 01:57:51,943 [Listener at 127.0.0.1/41627] INFO  server.StorageContainerManager (StorageContainerManager.java:stop(875)) - Stopping Storage Container Manager HTTP server.
2020-12-30 01:57:51,944 [Listener at 127.0.0.1/41627] INFO  handler.ContextHandler (ContextHandler.java:doStop(1154)) - Stopped o.e.j.w.WebAppContext@39124055{scm,/,null,STOPPED}{file:/github/workspace/mnt/ozone/hadoop-ozone/integration-test/target/test-classes/webapps/scm}
2020-12-30 01:57:51,944 [Listener at 127.0.0.1/41627] INFO  server.AbstractConnector (AbstractConnector.java:doStop(381)) - Stopped ServerConnector@4433e4e2{HTTP/1.1, (http/1.1)}{0.0.0.0:0}
2020-12-30 01:57:51,944 [Listener at 127.0.0.1/41627] INFO  server.session (HouseKeeper.java:stopScavenging(149)) - node0 Stopped scavenging
2020-12-30 01:57:51,944 [Listener at 127.0.0.1/41627] INFO  handler.ContextHandler (ContextHandler.java:doStop(1154)) - Stopped o.e.j.s.ServletContextHandler@78682201{static,/static,file:///github/workspace/mnt/ozone/hadoop-ozone/integration-test/target/test-classes/webapps/static,STOPPED}
2020-12-30 01:57:51,944 [Listener at 127.0.0.1/41627] INFO  handler.ContextHandler (ContextHandler.java:doStop(1154)) - Stopped o.e.j.s.ServletContextHandler@10683f87{logs,/logs,file:///github/workspace/mnt/ozone/hadoop-ozone/integration-test/target/log,STOPPED}
2020-12-30 01:57:51,945 [Listener at 127.0.0.1/41627] INFO  server.StorageContainerManager (StorageContainerManager.java:stop(886)) - Stopping Block Manager Service.
2020-12-30 01:57:51,945 [Listener at 127.0.0.1/41627] INFO  utils.BackgroundService (BackgroundService.java:shutdown(132)) - Shutting down service SCMBlockDeletingService
2020-12-30 01:57:51,945 [Listener at 127.0.0.1/41627] INFO  utils.BackgroundService (BackgroundService.java:shutdown(132)) - Shutting down service SCMBlockDeletingService
2020-12-30 01:57:51,946 [Listener at 127.0.0.1/41627] INFO  server.StorageContainerManager (StorageContainerManager.java:stop(911)) - Stopping SCM Event Queue.
2020-12-30 01:57:51,948 [Listener at 127.0.0.1/41627] INFO  impl.MetricsSystemImpl (MetricsSystemImpl.java:stop(210)) - Stopping HddsDatanode metrics system...
2020-12-30 01:57:51,954 [Listener at 127.0.0.1/41627] INFO  impl.MetricsSystemImpl (MetricsSystemImpl.java:stop(216)) - HddsDatanode metrics system stopped.
]]></system-out>
  </testcase>
  <testcase name="testDecommissionedStateReinstatedAfterSCMRestart" classname="org.apache.hadoop.ozone.scm.node.TestDecommissionAndMaintenance" time="35.911"/>
  <testcase name="testMaintenanceEndsAutomaticallyAtTimeout" classname="org.apache.hadoop.ozone.scm.node.TestDecommissionAndMaintenance" time="59.423"/>
  <testcase name="testDecommissionedNodeCanBeRecommissioned" classname="org.apache.hadoop.ozone.scm.node.TestDecommissionAndMaintenance" time="25.024"/>
  <testcase name="testNodeWithOpenPipelineCanBeDecommissioned" classname="org.apache.hadoop.ozone.scm.node.TestDecommissionAndMaintenance" time="34.352"/>
  <testcase name="testSingleNodeWithOpenPipelineCanGotoMaintenance" classname="org.apache.hadoop.ozone.scm.node.TestDecommissionAndMaintenance" time="36.803"/>
  <testcase name="testSCMHandlesRestartForMaintenanceNode" classname="org.apache.hadoop.ozone.scm.node.TestDecommissionAndMaintenance" time="46.302"/>
  <testcase name="testStoppedDecommissionedNodeTakesSCMStateOnRestart" classname="org.apache.hadoop.ozone.scm.node.TestDecommissionAndMaintenance" time="46.628"/>
  <testcase name="testEnteringMaintenanceNodeCompletesAfterSCMRestart" classname="org.apache.hadoop.ozone.scm.node.TestDecommissionAndMaintenance" time="40.473"/>
  <testcase name="testDecommissioningNodesCompleteDecommissionOnSCMRestart" classname="org.apache.hadoop.ozone.scm.node.TestDecommissionAndMaintenance" time="39.668"/>
</testsuite>